Taghnughhaghmun Atighilleq Sivuqami

taghnughhaghmun	taghnughhagh*[N][Ter][Unpd][Sg]

atighilleq	+?

sivuqami	Sivuqagh[N][Loc][Unpd][Sg]
sivuqami	Sivuqagh[N][Rel][4SgPoss][SgPosd]
sivuqami	Sivuqagh[N][Rel][4SgPoss][PlPosd]

------------------------
Iyaakankuk, Kepelgunkuk Apellghat

iyaakankuk	+?

kepelgunkuk	+?

apellghat	+?

------------------------


------------------------
Kitum Atighaqaki Taghnughhaat

kitum	kitum
kitum	kitum[N][Abs][Unpd][Sg]

atighaqaki	+?

taghnughhaat	taghnughhagh*[N][Abs][Unpd][Pl]
taghnughhaat	taghnughhagh*[N][Abs][3PlPoss][SgPosd]
taghnughhaat	taghnughhagh*[N][Rel][Unpd][Pl]

------------------------


------------------------
Taghnughhateng atighnaqneghmegteki sivukluki ateghqameng siivanlleteng aapluki, ateghqameng tuunkaaneng atighaqut.

taghnughhateng	taghnughhagh*[N][Abs][4PlPoss][PlPosd]

atighnaqneghmegteki	+?

sivukluki	+?

ateghqameng	+?

siivanlleteng	siivanllegh[N][Abs][4PlPoss][PlPosd]

aapluki	aapte[V][Trns][Sbrd][_][3Pl]

ateghqameng	+?

tuunkaaneng	+?

atighaqut	+?

------------------------
Nalighmeng kitumeng taagken atighnaqniluki siivanlleteng ungipaataqiit, nallukesigatiit.

nalighmeng	naligh*[N][Rel][4DuPoss][SgPosd]
nalighmeng	naligh*[N][Rel][4DuPoss][PlPosd]
nalighmeng	naligh*[N][Rel][4PlPoss][SgPosd]
nalighmeng	naligh*[N][Rel][4PlPoss][PlPosd]
nalighmeng	naligh*[N][Abl_Mod][Unpd][Sg]
nalighmeng	nalighmeng
nalighmeng	nalighmeng[N][Abs][Unpd][Sg]

kitumeng	+?

taagken	taagken

atighnaqniluki	+?

siivanlleteng	siivanllegh[N][Abs][4PlPoss][PlPosd]

ungipaataqiit	ungipaate-~(g₁)aqe[to.be.V.ing][to.regularly.or.repeatedly.V][V→V]-~i[SBJ.V-ed.something][V→V][V][Intr][Intrg][3Pl]
ungipaataqiit	ungipaate-~(g₁)aqe[to.be.V.ing][to.regularly.or.repeatedly.V][V→V]-~i[SBJ.V-ed.something][V→V][V][Intr][Ind][3Pl]
ungipaataqiit	ungipaate-~(g₁)aqe[to.be.V.ing][to.regularly.or.repeatedly.V][V→V][V][Trns][Ind][3Pl][3Pl]
ungipaataqiit	ungipaate-~(g₁)aqe[to.be.V.ing][to.regularly.or.repeatedly.V][V→V][V][Trns][Ind][3Du][3Sg]
ungipaataqiit	ungipagh-~:(ng₁)u[to.be.N][N→V]-~:(u)te[to.V.for.or.with][to.cause.to.V.as.one.is.V-ing][to.V.toward.each.other][V→V]-~(g₁)aqe[to.be.V.ing][to.regularly.or.repeatedly.V][V→V]-~i[SBJ.V-ed.something][V→V][V][Intr][Intrg][3Pl]
ungipaataqiit	ungipagh-~:(ng₁)u[to.be.N][N→V]-~:(u)te[to.V.for.or.with][to.cause.to.V.as.one.is.V-ing][to.V.toward.each.other][V→V]-~(g₁)aqe[to.be.V.ing][to.regularly.or.repeatedly.V][V→V]-~i[SBJ.V-ed.something][V→V][V][Intr][Ind][3Pl]
ungipaataqiit	ungipagh-~:(ng₁)u[to.be.N][N→V]-~:(u)te[SBJ.V-ed.something][V→V]-~(g₁)aqe[to.be.V.ing][to.regularly.or.repeatedly.V][V→V]-~i[SBJ.V-ed.something][V→V][V][Intr][Intrg][3Pl]
ungipaataqiit	ungipagh-~:(ng₁)u[to.be.N][N→V]-~:(u)te[SBJ.V-ed.something][V→V]-~(g₁)aqe[to.be.V.ing][to.regularly.or.repeatedly.V][V→V]-~i[SBJ.V-ed.something][V→V][V][Intr][Ind][3Pl]
ungipaataqiit	ungipagh-~:(ng₁)u[to.be.N][N→V]-te[to.act.on.so.as.to.cause.to.V][V→V]-~(g₁)aqe[to.be.V.ing][to.regularly.or.repeatedly.V][V→V]-~i[SBJ.V-ed.something][V→V][V][Intr][Intrg][3Pl]
ungipaataqiit	ungipagh-~:(ng₁)u[to.be.N][N→V]-te[to.act.on.so.as.to.cause.to.V][V→V]-~(g₁)aqe[to.be.V.ing][to.regularly.or.repeatedly.V][V→V]-~i[SBJ.V-ed.something][V→V][V][Intr][Ind][3Pl]
ungipaataqiit	Ungipagh-~:(ng₁)u[to.be.N][N→V]-~:(u)te[to.V.for.or.with][to.cause.to.V.as.one.is.V-ing][to.V.toward.each.other][V→V]-~(g₁)aqe[to.be.V.ing][to.regularly.or.repeatedly.V][V→V]-~i[SBJ.V-ed.something][V→V][V][Intr][Intrg][3Pl]
ungipaataqiit	Ungipagh-~:(ng₁)u[to.be.N][N→V]-~:(u)te[to.V.for.or.with][to.cause.to.V.as.one.is.V-ing][to.V.toward.each.other][V→V]-~(g₁)aqe[to.be.V.ing][to.regularly.or.repeatedly.V][V→V]-~i[SBJ.V-ed.something][V→V][V][Intr][Ind][3Pl]
ungipaataqiit	Ungipagh-~:(ng₁)u[to.be.N][N→V]-~:(u)te[SBJ.V-ed.something][V→V]-~(g₁)aqe[to.be.V.ing][to.regularly.or.repeatedly.V][V→V]-~i[SBJ.V-ed.something][V→V][V][Intr][Intrg][3Pl]
ungipaataqiit	Ungipagh-~:(ng₁)u[to.be.N][N→V]-~:(u)te[SBJ.V-ed.something][V→V]-~(g₁)aqe[to.be.V.ing][to.regularly.or.repeatedly.V][V→V]-~i[SBJ.V-ed.something][V→V][V][Intr][Ind][3Pl]
ungipaataqiit	Ungipagh-~:(ng₁)u[to.be.N][N→V]-te[to.act.on.so.as.to.cause.to.V][V→V]-~(g₁)aqe[to.be.V.ing][to.regularly.or.repeatedly.V][V→V]-~i[SBJ.V-ed.something][V→V][V][Intr][Intrg][3Pl]
ungipaataqiit	Ungipagh-~:(ng₁)u[to.be.N][N→V]-te[to.act.on.so.as.to.cause.to.V][V→V]-~(g₁)aqe[to.be.V.ing][to.regularly.or.repeatedly.V][V→V]-~i[SBJ.V-ed.something][V→V][V][Intr][Ind][3Pl]

nallukesigatiit	nalluke-te[to.act.on.so.as.to.cause.to.V][V→V]-@₁~:(ng₂)igate[to.never.V][to.not.be.V-ing][V→V]-~i[SBJ.V-ed.something][V→V][V][Intr][Intrg][3Pl]
nallukesigatiit	nalluke-te[to.act.on.so.as.to.cause.to.V][V→V]-@₁~:(ng₂)igate[to.never.V][to.not.be.V-ing][V→V]-~i[SBJ.V-ed.something][V→V][V][Intr][Ind][3Pl]
nallukesigatiit	nalluke-te[to.act.on.so.as.to.cause.to.V][V→V]-@₁~:(ng₂)igate[to.never.V][to.not.be.V-ing][V→V][V][Trns][Ind][3Pl][3Pl]
nallukesigatiit	nalluke-te[to.act.on.so.as.to.cause.to.V][V→V]-@₁~:(ng₂)igate[to.never.V][to.not.be.V-ing][V→V][V][Trns][Ind][3Du][3Sg]

------------------------


------------------------
Ilangita aatghit ataasiiwaqut, ilangi naqam maalghugwaaqluteng, pingayugwaaqluteng.

ilangita	ila-~:(ng₁)ite**[to.lack.N][to.not.have.N][N→V][V][Intr][Intrg][3Sg]
ilangita	ila[N][Rel][3DuPoss][SgPosd]
ilangita	ila[N][Rel][3DuPoss][PlPosd]
ilangita	ila[N][Rel][3PlPoss][SgPosd]
ilangita	ila[N][Rel][3PlPoss][PlPosd]

aatghit	ategh[N][Abs][3PlPoss][PlPosd]
aatghit	Ategh[N][Abs][3PlPoss][PlPosd]

ataasiiwaqut	+?

ilangi	ila[N][Abs][3SgPoss][PlPosd]

naqam	naqam

maalghugwaaqluteng	+?

pingayugwaaqluteng	+?

------------------------
Naten ilangi wata uglaghaqluteng.

naten	naten

ilangi	ila[N][Abs][3SgPoss][PlPosd]

wata	+?

uglaghaqluteng	uglagh-~(g₁)aqe[to.be.V.ing][to.regularly.or.repeatedly.V][V→V]-te[to.act.on.so.as.to.cause.to.V][V→V]-te[to.act.on.so.as.to.cause.to.V][V→V][V][Intr][Sbrd][3Pl]
uglaghaqluteng	uglagh-~(g₁)aqe[to.be.V.ing][to.regularly.or.repeatedly.V][V→V]-te[to.act.on.so.as.to.cause.to.V][V→V][V][Intr][Sbrd][3Pl]
uglaghaqluteng	uglagh-~(g₁)aqe[to.be.V.ing][to.regularly.or.repeatedly.V][V→V][V][Intr][Sbrd][3Pl]

------------------------
Laluramkestun whaten ayuqenghilnguugut first name, last name-kunneghilnguugut, John Paul Henry Jones-etun tawaten.

laluramkestun	Laluramke[N][Equ][Unpd][Pl]

whaten	wha[N][Abs][2SgPoss][PlPosd]
whaten	wha-te[to.catch.N][to.go.to.N][N→V][V][Intr][Opt][PRS][2Sg]
whaten	wha[N][Abs][2SgPoss][PlPosd]

ayuqenghilnguugut	+?

first	+?

name	+?

last	+?

namekunneghilnguugut	+?

john	+?

paul	+?

henry	+?

jonesetun	+?

tawaten	tawaten

------------------------


------------------------
Aatghet uglaghngiita kiyang ataasit aatghet atuqaqiit.

aatghet	ategh[N][Abs][Unpd][Pl]
aatghet	ategh[N][Rel][Unpd][Pl]
aatghet	Ategh[N][Abs][Unpd][Pl]
aatghet	Ategh[N][Rel][Unpd][Pl]

uglaghngiita	uglagh[V][Intr][Conc][3Pl]

kiyang	+?

ataasit	ataasigh[N][Abs][Unpd][Pl]
ataasit	ataasigh[N][Rel][Unpd][Pl]

aatghet	ategh[N][Abs][Unpd][Pl]
aatghet	ategh[N][Rel][Unpd][Pl]
aatghet	Ategh[N][Abs][Unpd][Pl]
aatghet	Ategh[N][Rel][Unpd][Pl]

atuqaqiit	atugh-~–ke[to.have.as.one's.N(s)][N→V]-~(g₁)aqe[to.be.V.ing][to.regularly.or.repeatedly.V][V→V]-~i[SBJ.V-ed.something][V→V][V][Intr][Intrg][3Pl]
atuqaqiit	atugh-~–ke[to.have.as.one's.N(s)][N→V]-~(g₁)aqe[to.be.V.ing][to.regularly.or.repeatedly.V][V→V]-~i[SBJ.V-ed.something][V→V][V][Intr][Ind][3Pl]
atuqaqiit	atugh-~sf–(g₃)kaq[one.that.has.V-ed][V→N]-~–ke[to.have.as.one's.N(s)][N→V]-~i[SBJ.V-ed.something][V→V][V][Intr][Intrg][3Pl]
atuqaqiit	atugh-~sf–(g₃)kaq[one.that.has.V-ed][V→N]-~–ke[to.have.as.one's.N(s)][N→V]-~i[SBJ.V-ed.something][V→V][V][Intr][Ind][3Pl]
atuqaqiit	atuqe-~(g₁)aqe[to.be.V.ing][to.regularly.or.repeatedly.V][V→V]-~i[SBJ.V-ed.something][V→V][V][Intr][Intrg][3Pl]
atuqaqiit	atuqe-~(g₁)aqe[to.be.V.ing][to.regularly.or.repeatedly.V][V→V]-~i[SBJ.V-ed.something][V→V][V][Intr][Ind][3Pl]
atuqaqiit	atuqe-~(g₁)aqe[to.be.V.ing][to.regularly.or.repeatedly.V][V→V][V][Trns][Ind][3Pl][3Pl]
atuqaqiit	atuqe-~(g₁)aqe[to.be.V.ing][to.regularly.or.repeatedly.V][V→V][V][Trns][Ind][3Du][3Sg]

------------------------
Katam Kaavam pillghatun igangllaqammni kitum taam aatghan legan nalikek atughqaq.

katam	+?

kaavam	+?

pillghatun	+?

igangllaqammni	+?

kitum	kitum
kitum	kitum[N][Abs][Unpd][Sg]

taam	+?

aatghan	ategh[N][Rel][3SgPoss][SgPosd]
aatghan	ategh[N][Rel][3SgPoss][PlPosd]
aatghan	Ategh[N][Rel][3SgPoss][SgPosd]
aatghan	Ategh[N][Rel][3SgPoss][PlPosd]

legan	legan

nalikek	naligh[N][Abs][3SgPoss][DuPosd]

atughqaq	atugh-@₂~fkaq[one.that.has.V-ed][V→N][N][Abs][Unpd][Sg]

------------------------


------------------------
Ilangita ramkem taghnughhateng aanestegpenaki ateghqameng yataaghqutkayugwiit.

ilangita	ila-~:(ng₁)ite**[to.lack.N][to.not.have.N][N→V][V][Intr][Intrg][3Sg]
ilangita	ila[N][Rel][3DuPoss][SgPosd]
ilangita	ila[N][Rel][3DuPoss][PlPosd]
ilangita	ila[N][Rel][3PlPoss][SgPosd]
ilangita	ila[N][Rel][3PlPoss][PlPosd]

ramkem	+?

taghnughhateng	taghnughhagh*[N][Abs][4PlPoss][PlPosd]

aanestegpenaki	aane-(te)ste[to.have.make.or.let.one.V][Cmpd_Vbl]-@₁–nghite**[to.not.V][V→V][V][Trns][Sbrd][_][3Pl]

ateghqameng	+?

yataaghqutkayugwiit	+?

------------------------


------------------------
Sivuneghneng

sivuneghneng	+?

------------------------


------------------------
Taagegken ima ellmeng sivuneghmeng aatghit atiitkayugwiit kingumun ukavek aviighutkat.

taagegken	+?

ima	ima

ellmeng	ellmeng
ellmeng	ellmeng[N][Abs][Unpd][Sg]

sivuneghmeng	+?

aatghit	ategh[N][Abs][3PlPoss][PlPosd]
aatghit	Ategh[N][Abs][3PlPoss][PlPosd]

atiitkayugwiit	+?

kingumun	kingu[N][Ter][Unpd][Sg]
kingumun	kingumute[N][Abs][Unpd][Sg]

ukavek	ukavek

aviighutkat	+?

------------------------
Enkaam puygungigalkangit sivuneteng kinkungutangi.

enkaam	enkaam

puygungigalkangit	+?

sivuneteng	+?

kinkungutangi	kinku-~:(ng₁)u[to.be.N][N→V]-~:(u)ta[condition.with.respect.to.V-ing][V→N][N][Abs][3SgPoss][PlPosd]

------------------------
Taagani Sivuqam akuzillgha igaqnganghisaghngaan.

taagani	taagagh[N][Abs][4SgPoss][SgPosd]
taagani	taagagh[N][Abs][4SgPoss][PlPosd]
taagani	taagagh[N][Loc][Unpd][Pl]

sivuqam	Sivuqagh[N][Rel][Unpd][Sg]

akuzillgha	akuzillegh[N][Abs][3SgPoss][SgPosd]

igaqnganghisaghngaan	+?

------------------------


------------------------
Wiin kiyaghlluki, unguvaluki atiiqigalkangit, entaqun taagegken ima qelghusaq.

wiin	+?

kiyaghlluki	+?

unguvaluki	+?

atiiqigalkangit	+?

entaqun	entaqun

taagegken	+?

ima	ima

qelghusaq	+?

------------------------
Iwernga esgha aghnaghaam ighneni qantaghaqun atiimayaghtagu atami aatghaneng salin kiyaghlluku, atangan efququmangitkaa, piyukumangitkaa.

iwernga	iwernga

esgha	+?

aghnaghaam	aghnaghagh*[N][Rel][Unpd][Sg]

ighneni	ighnegh[N][Abs][4SgPoss][SgPosd]
ighneni	ighnegh[N][Abs][4SgPoss][PlPosd]

qantaghaqun	qantaghagh-~–ke[to.have.as.one's.N(s)][N→V]-~:(u)te[condition.with.respect.to.V-ing][V→N][N][Abs][Unpd][Sg]
qantaghaqun	qantaghaqute[N][Abs][Unpd][Sg]

atiimayaghtagu	+?

atami	ata[N][Loc][Unpd][Sg]
atami	ata[N][Rel][4SgPoss][SgPosd]
atami	ata[N][Rel][4SgPoss][PlPosd]

aatghaneng	ategh[N][Abl_Mod][3SgPoss][SgPosd]
aatghaneng	ategh[N][Abl_Mod][3SgPoss][PlPosd]
aatghaneng	Ategh[N][Abl_Mod][3SgPoss][SgPosd]
aatghaneng	Ategh[N][Abl_Mod][3SgPoss][PlPosd]

salin	salite[N][Abs][Unpd][Sg]

kiyaghlluku	+?

atangan	ata[N][Rel][3SgPoss][SgPosd]
atangan	ata[N][Rel][3SgPoss][PlPosd]

efququmangitkaa	+?

piyukumangitkaa	+?

------------------------


------------------------
Naten Aatghet Aglaghaqat Ramkem Ilanganun

naten	naten

aatghet	ategh[N][Abs][Unpd][Pl]
aatghet	ategh[N][Rel][Unpd][Pl]
aatghet	Ategh[N][Abs][Unpd][Pl]
aatghet	Ategh[N][Rel][Unpd][Pl]

aglaghaqat	aglagh-~(g₁)aqe[to.be.V.ing][to.regularly.or.repeatedly.V][V→V][V][Intr][Intrg][3Pl]

ramkem	+?

ilanganun	ila[N][Ter][3SgPoss][SgPosd]
ilanganun	ila[N][Ter][3SgPoss][PlPosd]

------------------------


------------------------
Kiyang yugwem, atam tunganganeng taghnughhaat allgenghata atiqayugukangit.

kiyang	+?

yugwem	+?

atam	ata[N][Rel][Unpd][Sg]

tunganganeng	+?

taghnughhaat	taghnughhagh*[N][Abs][Unpd][Pl]
taghnughhaat	taghnughhagh*[N][Abs][3PlPoss][SgPosd]
taghnughhaat	taghnughhagh*[N][Rel][Unpd][Pl]

allgenghata	+?

atiqayugukangit	+?

------------------------
Iwernga nuliiteng ellngita pingitneng atiiqistekayugwit, akileghtuqayugukangit.

iwernga	iwernga

nuliiteng	nuliigh[N][Abs][4PlPoss][PlPosd]
nuliiteng	nuliiq[N][Abs][4PlPoss][PlPosd]

ellngita	ellngit[N][Abs][3SgPoss][SgPosd]

pingitneng	pi[N][Abl_Mod][3DuPoss][PlPosd]
pingitneng	pi[N][Abl_Mod][3DuPoss][DuPosd]
pingitneng	pi[N][Abl_Mod][3PlPoss][PlPosd]
pingitneng	pi[N][Abl_Mod][3PlPoss][SgPosd]
pingitneng	pi[N][Abl_Mod][3PlPoss][DuPosd]

atiiqistekayugwit	+?

akileghtuqayugukangit	+?

------------------------
Tawaten esgha aatghet ramkem ilanganeng tagikayugwet, aglaqayugwet.

tawaten	tawaten

esgha	+?

aatghet	ategh[N][Abs][Unpd][Pl]
aatghet	ategh[N][Rel][Unpd][Pl]
aatghet	Ategh[N][Abs][Unpd][Pl]
aatghet	Ategh[N][Rel][Unpd][Pl]

ramkem	+?

ilanganeng	ila[N][Abl_Mod][3SgPoss][SgPosd]
ilanganeng	ila[N][Abl_Mod][3SgPoss][PlPosd]

tagikayugwet	+?

aglaqayugwet	+?

------------------------
Aghnam ateq igleghutkayugwa.

aghnam	aghnagh[N][Rel][Unpd][Sg]

ateq	ategh[N][Abs][Unpd][Sg]
ateq	Ategh[N][Abs][Unpd][Sg]

igleghutkayugwa	+?

------------------------
Ugwiighluni tuquyaqan, ugwingan pingita atiiqsaghqaa.

ugwiighluni	+?

tuquyaqan	tuqu-@₁~fyagh[to.go.V-ing][to.V.in.vain][V→V][V][Intr][Cond][3Sg]
tuquyaqan	tuqu-~:(u)te[to.V.for.or.with][to.cause.to.V.as.one.is.V-ing][to.V.toward.each.other][V→V]-@₁~fyagh[to.go.V-ing][to.V.in.vain][V→V][V][Intr][Cond][3Sg]
tuquyaqan	tuqu-~:(u)te[SBJ.V-ed.something][V→V]-@₁~fyagh[to.go.V-ing][to.V.in.vain][V→V][V][Intr][Cond][3Sg]

ugwingan	+?

pingita	pi-~:(ng₁)ite**[to.lack.N][to.not.have.N][N→V][V][Intr][Intrg][3Sg]
pingita	pi[N][Rel][3DuPoss][SgPosd]
pingita	pi[N][Rel][3DuPoss][PlPosd]
pingita	pi[N][Rel][3PlPoss][SgPosd]
pingita	pi[N][Rel][3PlPoss][PlPosd]

atiiqsaghqaa	+?

------------------------
Nalighmeng aghnam ellngan ramkengan atiiqsaghqaa.

nalighmeng	naligh*[N][Rel][4DuPoss][SgPosd]
nalighmeng	naligh*[N][Rel][4DuPoss][PlPosd]
nalighmeng	naligh*[N][Rel][4PlPoss][SgPosd]
nalighmeng	naligh*[N][Rel][4PlPoss][PlPosd]
nalighmeng	naligh*[N][Abl_Mod][Unpd][Sg]
nalighmeng	nalighmeng
nalighmeng	nalighmeng[N][Abs][Unpd][Sg]

aghnam	aghnagh[N][Rel][Unpd][Sg]

ellngan	ellnga[N][Abs][2SgPoss][SgPosd]
ellngan	ellngan

ramkengan	+?

atiiqsaghqaa	+?

------------------------


------------------------
Ilangi aatghem tawatengwaaq akuuraatulluteng ayuqaqut kinkut ramkengitni nalighmeng nani nunami.

ilangi	ila[N][Abs][3SgPoss][PlPosd]

aatghem	ategh[N][Rel][Unpd][Sg]
aatghem	Ategh[N][Rel][Unpd][Sg]

tawatengwaaq	+?

akuuraatulluteng	+?

ayuqaqut	+?

kinkut	kinku[N][Abs][Unpd][Pl]
kinkut	kinku[N][Rel][Unpd][Pl]
kinkut	kinkut
kinkut	kinkut[N][Abs][Unpd][Sg]

ramkengitni	+?

nalighmeng	naligh*[N][Rel][4DuPoss][SgPosd]
nalighmeng	naligh*[N][Rel][4DuPoss][PlPosd]
nalighmeng	naligh*[N][Rel][4PlPoss][SgPosd]
nalighmeng	naligh*[N][Rel][4PlPoss][PlPosd]
nalighmeng	naligh*[N][Abl_Mod][Unpd][Sg]
nalighmeng	nalighmeng
nalighmeng	nalighmeng[N][Abs][Unpd][Sg]

nani	nani
nani	nani[N][Abs][Unpd][Sg]

nunami	nuna[N][Loc][Unpd][Sg]
nunami	nuna[N][Rel][4SgPoss][SgPosd]
nunami	nuna[N][Rel][4SgPoss][PlPosd]

------------------------
Aatghet whani igaqelleghmi atuqegkat temnginguut.

aatghet	ategh[N][Abs][Unpd][Pl]
aatghet	ategh[N][Rel][Unpd][Pl]
aatghet	Ategh[N][Abs][Unpd][Pl]
aatghet	Ategh[N][Rel][Unpd][Pl]

whani	wha[N][Abs][4SgPoss][SgPosd]
whani	wha[N][Abs][4SgPoss][PlPosd]
whani	wha[N][Loc][Unpd][Pl]
whani	whani
whani	whani[N][Abs][Unpd][Sg]

igaqelleghmi	+?

atuqegkat	+?

temnginguut	+?

------------------------
Aatghukata akuuram pisleqii.

aatghukata	ategh-~:(ng₁)u[to.be.N][N→V][V][Intr][Cond][3Pl]
aatghukata	Ategh-~:(ng₁)u[to.be.N][N→V][V][Intr][Cond][3Pl]

akuuram	+?

pisleqii	pi-(te)ste[to.have.make.or.let.one.V][Cmpd_Vbl]-te[to.act.on.so.as.to.cause.to.V][V→V]-@₁lleqe[will.V][V→V]-~i[SBJ.V-ed.something][V→V]-~i[SBJ.V-ed.something][V→V]-~i[SBJ.V-ed.something][V→V]-~i[SBJ.V-ed.something][V→V][V][Intr][Opt][PRS][2Sg]
pisleqii	pi-(te)ste[to.have.make.or.let.one.V][Cmpd_Vbl]-te[to.act.on.so.as.to.cause.to.V][V→V]-@₁lleqe[will.V][V→V]-~i[SBJ.V-ed.something][V→V]-~i[SBJ.V-ed.something][V→V]-~i[SBJ.V-ed.something][V→V][V][Intr][Opt][PRS][2Sg]
pisleqii	pi-(te)ste[to.have.make.or.let.one.V][Cmpd_Vbl]-te[to.act.on.so.as.to.cause.to.V][V→V]-@₁lleqe[will.V][V→V]-~i[SBJ.V-ed.something][V→V]-~i[SBJ.V-ed.something][V→V][V][Intr][Opt][PRS][2Sg]
pisleqii	pi-(te)ste[to.have.make.or.let.one.V][Cmpd_Vbl]-te[to.act.on.so.as.to.cause.to.V][V→V]-@₁lleqe[will.V][V→V]-~i[SBJ.V-ed.something][V→V][V][Intr][Intrg][3Sg]
pisleqii	pi-(te)ste[to.have.make.or.let.one.V][Cmpd_Vbl]-te[to.act.on.so.as.to.cause.to.V][V→V]-@₁lleqe[will.V][V→V][V][Trns][Ind][3Sg][3Pl]
pisleqii	pi-(te)ste[to.have.make.or.let.one.V][Cmpd_Vbl]-@₁lleqe[will.V][V→V]-~i[SBJ.V-ed.something][V→V]-~i[SBJ.V-ed.something][V→V]-~i[SBJ.V-ed.something][V→V]-~i[SBJ.V-ed.something][V→V][V][Intr][Opt][PRS][2Sg]
pisleqii	pi-(te)ste[to.have.make.or.let.one.V][Cmpd_Vbl]-@₁lleqe[will.V][V→V]-~i[SBJ.V-ed.something][V→V]-~i[SBJ.V-ed.something][V→V]-~i[SBJ.V-ed.something][V→V][V][Intr][Opt][PRS][2Sg]
pisleqii	pi-(te)ste[to.have.make.or.let.one.V][Cmpd_Vbl]-@₁lleqe[will.V][V→V]-~i[SBJ.V-ed.something][V→V]-~i[SBJ.V-ed.something][V→V][V][Intr][Opt][PRS][2Sg]
pisleqii	pi-(te)ste[to.have.make.or.let.one.V][Cmpd_Vbl]-@₁lleqe[will.V][V→V]-~i[SBJ.V-ed.something][V→V][V][Intr][Intrg][3Sg]
pisleqii	pi-(te)ste[to.have.make.or.let.one.V][Cmpd_Vbl]-@₁lleqe[will.V][V→V][V][Trns][Ind][3Sg][3Pl]

------------------------


------------------------
Nunameng, Nunaaghmun Atightulleq

nunameng	nuna[N][Rel][4DuPoss][SgPosd]
nunameng	nuna[N][Rel][4DuPoss][PlPosd]
nunameng	nuna[N][Rel][4PlPoss][SgPosd]
nunameng	nuna[N][Rel][4PlPoss][PlPosd]
nunameng	nuna[N][Abl_Mod][Unpd][Sg]

nunaaghmun	+?

atightulleq	atightullegh[N][Abs][Unpd][Sg]

------------------------


------------------------
Kiyang ramkem ilangan taghnughhateng atightughaqiit pennam, nunam, saam tekegham aatghaneng.

kiyang	+?

ramkem	+?

ilangan	ila[N][Rel][3SgPoss][SgPosd]
ilangan	ila[N][Rel][3SgPoss][PlPosd]

taghnughhateng	taghnughhagh*[N][Abs][4PlPoss][PlPosd]

atightughaqiit	atightugh-~(g₁)aqe[to.be.V.ing][to.regularly.or.repeatedly.V][V→V]-~i[SBJ.V-ed.something][V→V][V][Intr][Intrg][3Pl]
atightughaqiit	atightugh-~(g₁)aqe[to.be.V.ing][to.regularly.or.repeatedly.V][V→V]-~i[SBJ.V-ed.something][V→V][V][Intr][Ind][3Pl]
atightughaqiit	atightugh-~(g₁)aqe[to.be.V.ing][to.regularly.or.repeatedly.V][V→V][V][Trns][Ind][3Pl][3Pl]
atightughaqiit	atightugh-~(g₁)aqe[to.be.V.ing][to.regularly.or.repeatedly.V][V→V][V][Trns][Ind][3Du][3Sg]

pennam	pennagh[N][Rel][Unpd][Sg]

nunam	nuna[N][Rel][Unpd][Sg]

saam	saam[N][Abs][Unpd][Sg]

tekegham	Tekeghagh[N][Rel][Unpd][Sg]

aatghaneng	ategh[N][Abl_Mod][3SgPoss][SgPosd]
aatghaneng	ategh[N][Abl_Mod][3SgPoss][PlPosd]
aatghaneng	Ategh[N][Abl_Mod][3SgPoss][SgPosd]
aatghaneng	Ategh[N][Abl_Mod][3SgPoss][PlPosd]

------------------------
Katam "Quliqaq" taana nunalgem legan atiinnayaqanga.

katam	+?

quliqaq	+?

taana	taana

nunalgem	Nunaleg[N][Rel][Unpd][Sg]
nunalgem	nuna-–leg[one.having.N][N→N][N][Rel][Unpd][Sg]

legan	legan

atiinnayaqanga	atugh-~:(ng₁)u[to.be.N][N→V]-~i[SBJ.V-ed.something][V→V]-te[to.act.on.so.as.to.cause.to.V][V→V]-te[to.act.on.so.as.to.cause.to.V][V→V]-te[to.act.on.so.as.to.cause.to.V][V→V]-@₁~fna[in.order.to.V][intending.to.V][V→V]-@₁~fyagh[to.go.V-ing][to.V.in.vain][V→V]-@*@₂~sf–(g₂)k(a)e[the.one.that.possessor.V-ed][V→N][N][Abs][3SgPoss][SgPosd]
atiinnayaqanga	atugh-~:(ng₁)u[to.be.N][N→V]-~i[SBJ.V-ed.something][V→V]-te[to.act.on.so.as.to.cause.to.V][V→V]-te[to.act.on.so.as.to.cause.to.V][V→V]-@₁~fna[in.order.to.V][intending.to.V][V→V]-@₁~fyagh[to.go.V-ing][to.V.in.vain][V→V]-@*@₂~sf–(g₂)k(a)e[the.one.that.possessor.V-ed][V→N][N][Abs][3SgPoss][SgPosd]
atiinnayaqanga	atugh-~:(ng₁)u[to.be.N][N→V]-~i[SBJ.V-ed.something][V→V]-te[to.act.on.so.as.to.cause.to.V][V→V]-@₁~fna[in.order.to.V][intending.to.V][V→V]-@₁~fyagh[to.go.V-ing][to.V.in.vain][V→V]-@*@₂~sf–(g₂)k(a)e[the.one.that.possessor.V-ed][V→N][N][Abs][3SgPoss][SgPosd]
atiinnayaqanga	atugh-~:(ng₁)ite**[to.lack.N][to.not.have.N][N→V]-te[to.act.on.so.as.to.cause.to.V][V→V]-@₁~fna[in.order.to.V][intending.to.V][V→V]-@₁~fyagh[to.go.V-ing][to.V.in.vain][V→V]-@*@₂~sf–(g₂)k(a)e[the.one.that.possessor.V-ed][V→N][N][Abs][3SgPoss][SgPosd]
atiinnayaqanga	atugh-~:(ng₁)ite**[to.lack.N][to.not.have.N][N→V]-te[to.act.on.so.as.to.cause.to.V][V→V]-@₁~fna[in.order.to.V][intending.to.V][V→V]-~:(u)te[to.V.for.or.with][to.cause.to.V.as.one.is.V-ing][to.V.toward.each.other][V→V]-@₁~fyagh[to.go.V-ing][to.V.in.vain][V→V]-@*@₂~sf–(g₂)k(a)e[the.one.that.possessor.V-ed][V→N][N][Abs][3SgPoss][SgPosd]
atiinnayaqanga	atugh-~:(ng₁)ite**[to.lack.N][to.not.have.N][N→V]-te[to.act.on.so.as.to.cause.to.V][V→V]-@₁~fna[in.order.to.V][intending.to.V][V→V]-~:(u)te[SBJ.V-ed.something][V→V]-@₁~fyagh[to.go.V-ing][to.V.in.vain][V→V]-@*@₂~sf–(g₂)k(a)e[the.one.that.possessor.V-ed][V→N][N][Abs][3SgPoss][SgPosd]
atiinnayaqanga	atugh-~:(ng₁)ite**[to.lack.N][to.not.have.N][N→V]-@₁~fna[in.order.to.V][intending.to.V][V→V]-@₁~fyagh[to.go.V-ing][to.V.in.vain][V→V]-@*@₂~sf–(g₂)k(a)e[the.one.that.possessor.V-ed][V→N][N][Abs][3SgPoss][SgPosd]
atiinnayaqanga	atugh-~:(ng₁)ite**[to.lack.N][to.not.have.N][N→V]-@₁~fna[in.order.to.V][intending.to.V][V→V]-~:(u)te[to.V.for.or.with][to.cause.to.V.as.one.is.V-ing][to.V.toward.each.other][V→V]-@₁~fyagh[to.go.V-ing][to.V.in.vain][V→V]-@*@₂~sf–(g₂)k(a)e[the.one.that.possessor.V-ed][V→N][N][Abs][3SgPoss][SgPosd]
atiinnayaqanga	atugh-~:(ng₁)ite**[to.lack.N][to.not.have.N][N→V]-@₁~fna[in.order.to.V][intending.to.V][V→V]-~:(u)te[SBJ.V-ed.something][V→V]-@₁~fyagh[to.go.V-ing][to.V.in.vain][V→V]-@*@₂~sf–(g₂)k(a)e[the.one.that.possessor.V-ed][V→N][N][Abs][3SgPoss][SgPosd]

------------------------


------------------------
Nalighmeng taghnughhaat tawani allgeghvigitneng atighnayaqangat nalighmeng aviighutfiganeng nunameng.

nalighmeng	naligh*[N][Rel][4DuPoss][SgPosd]
nalighmeng	naligh*[N][Rel][4DuPoss][PlPosd]
nalighmeng	naligh*[N][Rel][4PlPoss][SgPosd]
nalighmeng	naligh*[N][Rel][4PlPoss][PlPosd]
nalighmeng	naligh*[N][Abl_Mod][Unpd][Sg]
nalighmeng	nalighmeng
nalighmeng	nalighmeng[N][Abs][Unpd][Sg]

taghnughhaat	taghnughhagh*[N][Abs][Unpd][Pl]
taghnughhaat	taghnughhagh*[N][Abs][3PlPoss][SgPosd]
taghnughhaat	taghnughhagh*[N][Rel][Unpd][Pl]

tawani	tawani
tawani	tawani[N][Abs][Unpd][Sg]

allgeghvigitneng	allgeghvig[N][Abl_Mod][3DuPoss][PlPosd]
allgeghvigitneng	allgeghvig[N][Abl_Mod][3DuPoss][DuPosd]
allgeghvigitneng	allgeghvig[N][Abl_Mod][3PlPoss][PlPosd]
allgeghvigitneng	allgeghvig[N][Abl_Mod][3PlPoss][SgPosd]
allgeghvigitneng	allgeghvig[N][Abl_Mod][3PlPoss][DuPosd]

atighnayaqangat	+?

nalighmeng	naligh*[N][Rel][4DuPoss][SgPosd]
nalighmeng	naligh*[N][Rel][4DuPoss][PlPosd]
nalighmeng	naligh*[N][Rel][4PlPoss][SgPosd]
nalighmeng	naligh*[N][Rel][4PlPoss][PlPosd]
nalighmeng	naligh*[N][Abl_Mod][Unpd][Sg]
nalighmeng	nalighmeng
nalighmeng	nalighmeng[N][Abs][Unpd][Sg]

aviighutfiganeng	+?

nunameng	nuna[N][Rel][4DuPoss][SgPosd]
nunameng	nuna[N][Rel][4DuPoss][PlPosd]
nunameng	nuna[N][Rel][4PlPoss][SgPosd]
nunameng	nuna[N][Rel][4PlPoss][PlPosd]
nunameng	nuna[N][Abl_Mod][Unpd][Sg]

------------------------
Taagken nalighmeng lliveghviganeng, qungughviganeng.

taagken	taagken

nalighmeng	naligh*[N][Rel][4DuPoss][SgPosd]
nalighmeng	naligh*[N][Rel][4DuPoss][PlPosd]
nalighmeng	naligh*[N][Rel][4PlPoss][SgPosd]
nalighmeng	naligh*[N][Rel][4PlPoss][PlPosd]
nalighmeng	naligh*[N][Abl_Mod][Unpd][Sg]
nalighmeng	nalighmeng
nalighmeng	nalighmeng[N][Abs][Unpd][Sg]

lliveghviganeng	+?

qungughviganeng	qungughvig[N][Abl_Mod][3SgPoss][SgPosd]
qungughviganeng	qungughvig[N][Abl_Mod][3SgPoss][PlPosd]

------------------------


------------------------
Aatghet Teghikusat, Qawaaget, Piitesighaat

aatghet	ategh[N][Abs][Unpd][Pl]
aatghet	ategh[N][Rel][Unpd][Pl]
aatghet	Ategh[N][Abs][Unpd][Pl]
aatghet	Ategh[N][Rel][Unpd][Pl]

teghikusat	teghikusagh[N][Abs][Unpd][Pl]
teghikusat	teghikusagh[N][Rel][Unpd][Pl]

qawaaget	qawaag[N][Abs][Unpd][Pl]
qawaaget	qawaag[N][Rel][Unpd][Pl]

piitesighaat	piitesighagh[N][Abs][3PlPoss][SgPosd]

------------------------


------------------------
Allaaghhiinaq ateq nagaqughaqegkefut, qawaagem aatgha, teghikusam aatgha saamllu piitesigham, atelek tamaakenllu uglaghtuq.

allaaghhiinaq	+?

ateq	ategh[N][Abs][Unpd][Sg]
ateq	Ategh[N][Abs][Unpd][Sg]

nagaqughaqegkefut	+?

qawaagem	qawaag[N][Rel][Unpd][Sg]

aatgha	ategh[N][Abs][3SgPoss][SgPosd]
aatgha	Ategh[N][Abs][3SgPoss][SgPosd]

teghikusam	teghikusagh[N][Rel][Unpd][Sg]

aatgha	ategh[N][Abs][3SgPoss][SgPosd]
aatgha	Ategh[N][Abs][3SgPoss][SgPosd]

saamllu	saam[N][Abs][Unpd][Sg]-llu[Encl]

piitesigham	piitesighagh[N][Rel][Unpd][Sg]

atelek	ategh-–leg[one.having.N][N→N][N][Abs][Unpd][Sg]
atelek	Ategh-–leg[one.having.N][N→N][N][Abs][Unpd][Sg]

tamaakenllu	+?

uglaghtuq	uglagh[V][Intr][Ind][3Sg]
uglaghtuq	uglagh-te[to.act.on.so.as.to.cause.to.V][V→V][V][Intr][Ind][3Sg]
uglaghtuq	uglagh-te[to.catch.N][to.go.to.N][N→V][V][Intr][Ind][3Sg]

------------------------


------------------------
Akuzilleghmeng Atilleq

akuzilleghmeng	akuzillegh[N][Rel][4DuPoss][SgPosd]
akuzilleghmeng	akuzillegh[N][Rel][4DuPoss][PlPosd]
akuzilleghmeng	akuzillegh[N][Rel][4PlPoss][SgPosd]
akuzilleghmeng	akuzillegh[N][Rel][4PlPoss][PlPosd]
akuzilleghmeng	akuzillegh[N][Abl_Mod][Unpd][Sg]

atilleq	+?

------------------------


------------------------
Kiyaghlluteng sameng pituqat.

kiyaghlluteng	+?

sameng	sa[N][Rel][4DuPoss][SgPosd]
sameng	sa[N][Rel][4DuPoss][PlPosd]
sameng	sa[N][Rel][4PlPoss][SgPosd]
sameng	sa[N][Rel][4PlPoss][PlPosd]
sameng	sa[N][Abl_Mod][Unpd][Sg]
sameng	sameng

pituqat	+?

------------------------
Yuuk taana sameng pitukan, taana akuzillgha taghnughhaghmunnguq atiisaghngaaghmi.

yuuk	yug[N][Abs][Sg]

taana	taana

sameng	sa[N][Rel][4DuPoss][SgPosd]
sameng	sa[N][Rel][4DuPoss][PlPosd]
sameng	sa[N][Rel][4PlPoss][SgPosd]
sameng	sa[N][Rel][4PlPoss][PlPosd]
sameng	sa[N][Abl_Mod][Unpd][Sg]
sameng	sameng

pitukan	+?

taana	taana

akuzillgha	akuzillegh[N][Abs][3SgPoss][SgPosd]

taghnughhaghmunnguq	+?

atiisaghngaaghmi	atugh-~:(ng₁)u[to.be.N][N→V]-~i[SBJ.V-ed.something][V→V]-~i[SBJ.V-ed.something][V→V]-~i[SBJ.V-ed.something][V→V]-~i[SBJ.V-ed.something][V→V]-te[to.act.on.so.as.to.cause.to.V][V→V]-te[to.act.on.so.as.to.cause.to.V][V→V]-te[to.act.on.so.as.to.cause.to.V][V→V]-te[to.act.on.so.as.to.cause.to.V][V→V]-te[to.act.on.so.as.to.cause.to.V][V→V]-te[to.act.on.so.as.to.cause.to.V][V→V]-@₁~fyagh[to.go.V-ing][to.V.in.vain][V→V][V][Intr][Conc][4Sg]
atiisaghngaaghmi	atugh-~:(ng₁)u[to.be.N][N→V]-~i[SBJ.V-ed.something][V→V]-~i[SBJ.V-ed.something][V→V]-~i[SBJ.V-ed.something][V→V]-~i[SBJ.V-ed.something][V→V]-te[to.act.on.so.as.to.cause.to.V][V→V]-te[to.act.on.so.as.to.cause.to.V][V→V]-te[to.act.on.so.as.to.cause.to.V][V→V]-te[to.act.on.so.as.to.cause.to.V][V→V]-te[to.act.on.so.as.to.cause.to.V][V→V]-@₁~fyagh[to.go.V-ing][to.V.in.vain][V→V][V][Intr][Conc][4Sg]
atiisaghngaaghmi	atugh-~:(ng₁)u[to.be.N][N→V]-~i[SBJ.V-ed.something][V→V]-~i[SBJ.V-ed.something][V→V]-~i[SBJ.V-ed.something][V→V]-~i[SBJ.V-ed.something][V→V]-te[to.act.on.so.as.to.cause.to.V][V→V]-te[to.act.on.so.as.to.cause.to.V][V→V]-te[to.act.on.so.as.to.cause.to.V][V→V]-te[to.act.on.so.as.to.cause.to.V][V→V]-@₁~fyagh[to.go.V-ing][to.V.in.vain][V→V][V][Intr][Conc][4Sg]
atiisaghngaaghmi	atugh-~:(ng₁)u[to.be.N][N→V]-~i[SBJ.V-ed.something][V→V]-~i[SBJ.V-ed.something][V→V]-~i[SBJ.V-ed.something][V→V]-~i[SBJ.V-ed.something][V→V]-te[to.act.on.so.as.to.cause.to.V][V→V]-te[to.act.on.so.as.to.cause.to.V][V→V]-te[to.act.on.so.as.to.cause.to.V][V→V]-@₁~fyagh[to.go.V-ing][to.V.in.vain][V→V][V][Intr][Conc][4Sg]
atiisaghngaaghmi	atugh-~:(ng₁)u[to.be.N][N→V]-~i[SBJ.V-ed.something][V→V]-~i[SBJ.V-ed.something][V→V]-~i[SBJ.V-ed.something][V→V]-~i[SBJ.V-ed.something][V→V]-te[to.act.on.so.as.to.cause.to.V][V→V]-te[to.act.on.so.as.to.cause.to.V][V→V]-@₁~fyagh[to.go.V-ing][to.V.in.vain][V→V][V][Intr][Conc][4Sg]
atiisaghngaaghmi	atugh-~:(ng₁)u[to.be.N][N→V]-~i[SBJ.V-ed.something][V→V]-~i[SBJ.V-ed.something][V→V]-~i[SBJ.V-ed.something][V→V]-~i[SBJ.V-ed.something][V→V]-te[to.act.on.so.as.to.cause.to.V][V→V]-@₁~fyagh[to.go.V-ing][to.V.in.vain][V→V][V][Intr][Conc][4Sg]
atiisaghngaaghmi	atugh-~:(ng₁)u[to.be.N][N→V]-~i[SBJ.V-ed.something][V→V]-~i[SBJ.V-ed.something][V→V]-~i[SBJ.V-ed.something][V→V]-te[to.act.on.so.as.to.cause.to.V][V→V]-te[to.act.on.so.as.to.cause.to.V][V→V]-te[to.act.on.so.as.to.cause.to.V][V→V]-te[to.act.on.so.as.to.cause.to.V][V→V]-te[to.act.on.so.as.to.cause.to.V][V→V]-@₁~fyagh[to.go.V-ing][to.V.in.vain][V→V][V][Intr][Conc][4Sg]
atiisaghngaaghmi	atugh-~:(ng₁)u[to.be.N][N→V]-~i[SBJ.V-ed.something][V→V]-~i[SBJ.V-ed.something][V→V]-~i[SBJ.V-ed.something][V→V]-te[to.act.on.so.as.to.cause.to.V][V→V]-te[to.act.on.so.as.to.cause.to.V][V→V]-te[to.act.on.so.as.to.cause.to.V][V→V]-te[to.act.on.so.as.to.cause.to.V][V→V]-@₁~fyagh[to.go.V-ing][to.V.in.vain][V→V][V][Intr][Conc][4Sg]
atiisaghngaaghmi	atugh-~:(ng₁)u[to.be.N][N→V]-~i[SBJ.V-ed.something][V→V]-~i[SBJ.V-ed.something][V→V]-~i[SBJ.V-ed.something][V→V]-te[to.act.on.so.as.to.cause.to.V][V→V]-te[to.act.on.so.as.to.cause.to.V][V→V]-te[to.act.on.so.as.to.cause.to.V][V→V]-@₁~fyagh[to.go.V-ing][to.V.in.vain][V→V][V][Intr][Conc][4Sg]
atiisaghngaaghmi	atugh-~:(ng₁)u[to.be.N][N→V]-~i[SBJ.V-ed.something][V→V]-~i[SBJ.V-ed.something][V→V]-~i[SBJ.V-ed.something][V→V]-te[to.act.on.so.as.to.cause.to.V][V→V]-te[to.act.on.so.as.to.cause.to.V][V→V]-@₁~fyagh[to.go.V-ing][to.V.in.vain][V→V][V][Intr][Conc][4Sg]
atiisaghngaaghmi	atugh-~:(ng₁)u[to.be.N][N→V]-~i[SBJ.V-ed.something][V→V]-~i[SBJ.V-ed.something][V→V]-~i[SBJ.V-ed.something][V→V]-te[to.act.on.so.as.to.cause.to.V][V→V]-@₁~fyagh[to.go.V-ing][to.V.in.vain][V→V][V][Intr][Conc][4Sg]
atiisaghngaaghmi	atugh-~:(ng₁)u[to.be.N][N→V]-~i[SBJ.V-ed.something][V→V]-~i[SBJ.V-ed.something][V→V]-~i[SBJ.V-ed.something][V→V]-~:(u)te[to.V.for.or.with][to.cause.to.V.as.one.is.V-ing][to.V.toward.each.other][V→V]-te[to.act.on.so.as.to.cause.to.V][V→V]-te[to.act.on.so.as.to.cause.to.V][V→V]-te[to.act.on.so.as.to.cause.to.V][V→V]-te[to.act.on.so.as.to.cause.to.V][V→V]-te[to.act.on.so.as.to.cause.to.V][V→V]-@₁~fyagh[to.go.V-ing][to.V.in.vain][V→V][V][Intr][Conc][4Sg]
atiisaghngaaghmi	atugh-~:(ng₁)u[to.be.N][N→V]-~i[SBJ.V-ed.something][V→V]-~i[SBJ.V-ed.something][V→V]-~i[SBJ.V-ed.something][V→V]-~:(u)te[to.V.for.or.with][to.cause.to.V.as.one.is.V-ing][to.V.toward.each.other][V→V]-te[to.act.on.so.as.to.cause.to.V][V→V]-te[to.act.on.so.as.to.cause.to.V][V→V]-te[to.act.on.so.as.to.cause.to.V][V→V]-te[to.act.on.so.as.to.cause.to.V][V→V]-@₁~fyagh[to.go.V-ing][to.V.in.vain][V→V][V][Intr][Conc][4Sg]
atiisaghngaaghmi	atugh-~:(ng₁)u[to.be.N][N→V]-~i[SBJ.V-ed.something][V→V]-~i[SBJ.V-ed.something][V→V]-~i[SBJ.V-ed.something][V→V]-~:(u)te[to.V.for.or.with][to.cause.to.V.as.one.is.V-ing][to.V.toward.each.other][V→V]-te[to.act.on.so.as.to.cause.to.V][V→V]-te[to.act.on.so.as.to.cause.to.V][V→V]-te[to.act.on.so.as.to.cause.to.V][V→V]-@₁~fyagh[to.go.V-ing][to.V.in.vain][V→V][V][Intr][Conc][4Sg]
atiisaghngaaghmi	atugh-~:(ng₁)u[to.be.N][N→V]-~i[SBJ.V-ed.something][V→V]-~i[SBJ.V-ed.something][V→V]-~i[SBJ.V-ed.something][V→V]-~:(u)te[to.V.for.or.with][to.cause.to.V.as.one.is.V-ing][to.V.toward.each.other][V→V]-te[to.act.on.so.as.to.cause.to.V][V→V]-te[to.act.on.so.as.to.cause.to.V][V→V]-@₁~fyagh[to.go.V-ing][to.V.in.vain][V→V][V][Intr][Conc][4Sg]
atiisaghngaaghmi	atugh-~:(ng₁)u[to.be.N][N→V]-~i[SBJ.V-ed.something][V→V]-~i[SBJ.V-ed.something][V→V]-~i[SBJ.V-ed.something][V→V]-~:(u)te[to.V.for.or.with][to.cause.to.V.as.one.is.V-ing][to.V.toward.each.other][V→V]-te[to.act.on.so.as.to.cause.to.V][V→V]-@₁~fyagh[to.go.V-ing][to.V.in.vain][V→V][V][Intr][Conc][4Sg]
atiisaghngaaghmi	atugh-~:(ng₁)u[to.be.N][N→V]-~i[SBJ.V-ed.something][V→V]-~i[SBJ.V-ed.something][V→V]-~i[SBJ.V-ed.something][V→V]-~:(u)te[condition.with.respect.to.V-ing][V→N]-te[to.catch.N][to.go.to.N][N→V]-te[to.act.on.so.as.to.cause.to.V][V→V]-te[to.act.on.so.as.to.cause.to.V][V→V]-te[to.act.on.so.as.to.cause.to.V][V→V]-te[to.act.on.so.as.to.cause.to.V][V→V]-@₁~fyagh[to.go.V-ing][to.V.in.vain][V→V][V][Intr][Conc][4Sg]
atiisaghngaaghmi	atugh-~:(ng₁)u[to.be.N][N→V]-~i[SBJ.V-ed.something][V→V]-~i[SBJ.V-ed.something][V→V]-~i[SBJ.V-ed.something][V→V]-~:(u)te[condition.with.respect.to.V-ing][V→N]-te[to.catch.N][to.go.to.N][N→V]-te[to.act.on.so.as.to.cause.to.V][V→V]-te[to.act.on.so.as.to.cause.to.V][V→V]-te[to.act.on.so.as.to.cause.to.V][V→V]-@₁~fyagh[to.go.V-ing][to.V.in.vain][V→V][V][Intr][Conc][4Sg]
atiisaghngaaghmi	atugh-~:(ng₁)u[to.be.N][N→V]-~i[SBJ.V-ed.something][V→V]-~i[SBJ.V-ed.something][V→V]-~i[SBJ.V-ed.something][V→V]-~:(u)te[condition.with.respect.to.V-ing][V→N]-te[to.catch.N][to.go.to.N][N→V]-te[to.act.on.so.as.to.cause.to.V][V→V]-te[to.act.on.so.as.to.cause.to.V][V→V]-@₁~fyagh[to.go.V-ing][to.V.in.vain][V→V][V][Intr][Conc][4Sg]
atiisaghngaaghmi	atugh-~:(ng₁)u[to.be.N][N→V]-~i[SBJ.V-ed.something][V→V]-~i[SBJ.V-ed.something][V→V]-~i[SBJ.V-ed.something][V→V]-~:(u)te[condition.with.respect.to.V-ing][V→N]-te[to.catch.N][to.go.to.N][N→V]-te[to.act.on.so.as.to.cause.to.V][V→V]-@₁~fyagh[to.go.V-ing][to.V.in.vain][V→V][V][Intr][Conc][4Sg]
atiisaghngaaghmi	atugh-~:(ng₁)u[to.be.N][N→V]-~i[SBJ.V-ed.something][V→V]-~i[SBJ.V-ed.something][V→V]-~i[SBJ.V-ed.something][V→V]-~:(u)te[condition.with.respect.to.V-ing][V→N]-te[to.catch.N][to.go.to.N][N→V]-@₁~fyagh[to.go.V-ing][to.V.in.vain][V→V][V][Intr][Conc][4Sg]
atiisaghngaaghmi	atugh-~:(ng₁)u[to.be.N][N→V]-~i[SBJ.V-ed.something][V→V]-~i[SBJ.V-ed.something][V→V]-~i[SBJ.V-ed.something][V→V]-~:(u)te[SBJ.V-ed.something][V→V]-te[to.act.on.so.as.to.cause.to.V][V→V]-te[to.act.on.so.as.to.cause.to.V][V→V]-te[to.act.on.so.as.to.cause.to.V][V→V]-te[to.act.on.so.as.to.cause.to.V][V→V]-te[to.act.on.so.as.to.cause.to.V][V→V]-@₁~fyagh[to.go.V-ing][to.V.in.vain][V→V][V][Intr][Conc][4Sg]
atiisaghngaaghmi	atugh-~:(ng₁)u[to.be.N][N→V]-~i[SBJ.V-ed.something][V→V]-~i[SBJ.V-ed.something][V→V]-~i[SBJ.V-ed.something][V→V]-~:(u)te[SBJ.V-ed.something][V→V]-te[to.act.on.so.as.to.cause.to.V][V→V]-te[to.act.on.so.as.to.cause.to.V][V→V]-te[to.act.on.so.as.to.cause.to.V][V→V]-te[to.act.on.so.as.to.cause.to.V][V→V]-@₁~fyagh[to.go.V-ing][to.V.in.vain][V→V][V][Intr][Conc][4Sg]
atiisaghngaaghmi	atugh-~:(ng₁)u[to.be.N][N→V]-~i[SBJ.V-ed.something][V→V]-~i[SBJ.V-ed.something][V→V]-~i[SBJ.V-ed.something][V→V]-~:(u)te[SBJ.V-ed.something][V→V]-te[to.act.on.so.as.to.cause.to.V][V→V]-te[to.act.on.so.as.to.cause.to.V][V→V]-te[to.act.on.so.as.to.cause.to.V][V→V]-@₁~fyagh[to.go.V-ing][to.V.in.vain][V→V][V][Intr][Conc][4Sg]
atiisaghngaaghmi	atugh-~:(ng₁)u[to.be.N][N→V]-~i[SBJ.V-ed.something][V→V]-~i[SBJ.V-ed.something][V→V]-~i[SBJ.V-ed.something][V→V]-~:(u)te[SBJ.V-ed.something][V→V]-te[to.act.on.so.as.to.cause.to.V][V→V]-te[to.act.on.so.as.to.cause.to.V][V→V]-@₁~fyagh[to.go.V-ing][to.V.in.vain][V→V][V][Intr][Conc][4Sg]
atiisaghngaaghmi	atugh-~:(ng₁)u[to.be.N][N→V]-~i[SBJ.V-ed.something][V→V]-~i[SBJ.V-ed.something][V→V]-~i[SBJ.V-ed.something][V→V]-~:(u)te[SBJ.V-ed.something][V→V]-te[to.act.on.so.as.to.cause.to.V][V→V]-@₁~fyagh[to.go.V-ing][to.V.in.vain][V→V][V][Intr][Conc][4Sg]
atiisaghngaaghmi	atugh-~:(ng₁)u[to.be.N][N→V]-~i[SBJ.V-ed.something][V→V]-~i[SBJ.V-ed.something][V→V]-te[to.act.on.so.as.to.cause.to.V][V→V]-te[to.act.on.so.as.to.cause.to.V][V→V]-te[to.act.on.so.as.to.cause.to.V][V→V]-te[to.act.on.so.as.to.cause.to.V][V→V]-@₁~fyagh[to.go.V-ing][to.V.in.vain][V→V][V][Intr][Conc][4Sg]
atiisaghngaaghmi	atugh-~:(ng₁)u[to.be.N][N→V]-~i[SBJ.V-ed.something][V→V]-~i[SBJ.V-ed.something][V→V]-te[to.act.on.so.as.to.cause.to.V][V→V]-te[to.act.on.so.as.to.cause.to.V][V→V]-te[to.act.on.so.as.to.cause.to.V][V→V]-@₁~fyagh[to.go.V-ing][to.V.in.vain][V→V][V][Intr][Conc][4Sg]
atiisaghngaaghmi	atugh-~:(ng₁)u[to.be.N][N→V]-~i[SBJ.V-ed.something][V→V]-~i[SBJ.V-ed.something][V→V]-te[to.act.on.so.as.to.cause.to.V][V→V]-te[to.act.on.so.as.to.cause.to.V][V→V]-@₁~fyagh[to.go.V-ing][to.V.in.vain][V→V][V][Intr][Conc][4Sg]
atiisaghngaaghmi	atugh-~:(ng₁)u[to.be.N][N→V]-~i[SBJ.V-ed.something][V→V]-~i[SBJ.V-ed.something][V→V]-te[to.act.on.so.as.to.cause.to.V][V→V]-@₁~fyagh[to.go.V-ing][to.V.in.vain][V→V][V][Intr][Conc][4Sg]
atiisaghngaaghmi	atugh-~:(ng₁)u[to.be.N][N→V]-~i[SBJ.V-ed.something][V→V]-~i[SBJ.V-ed.something][V→V]-~:(u)te[to.V.for.or.with][to.cause.to.V.as.one.is.V-ing][to.V.toward.each.other][V→V]-te[to.act.on.so.as.to.cause.to.V][V→V]-te[to.act.on.so.as.to.cause.to.V][V→V]-te[to.act.on.so.as.to.cause.to.V][V→V]-te[to.act.on.so.as.to.cause.to.V][V→V]-@₁~fyagh[to.go.V-ing][to.V.in.vain][V→V][V][Intr][Conc][4Sg]
atiisaghngaaghmi	atugh-~:(ng₁)u[to.be.N][N→V]-~i[SBJ.V-ed.something][V→V]-~i[SBJ.V-ed.something][V→V]-~:(u)te[to.V.for.or.with][to.cause.to.V.as.one.is.V-ing][to.V.toward.each.other][V→V]-te[to.act.on.so.as.to.cause.to.V][V→V]-te[to.act.on.so.as.to.cause.to.V][V→V]-te[to.act.on.so.as.to.cause.to.V][V→V]-@₁~fyagh[to.go.V-ing][to.V.in.vain][V→V][V][Intr][Conc][4Sg]
atiisaghngaaghmi	atugh-~:(ng₁)u[to.be.N][N→V]-~i[SBJ.V-ed.something][V→V]-~i[SBJ.V-ed.something][V→V]-~:(u)te[to.V.for.or.with][to.cause.to.V.as.one.is.V-ing][to.V.toward.each.other][V→V]-te[to.act.on.so.as.to.cause.to.V][V→V]-te[to.act.on.so.as.to.cause.to.V][V→V]-@₁~fyagh[to.go.V-ing][to.V.in.vain][V→V][V][Intr][Conc][4Sg]
atiisaghngaaghmi	atugh-~:(ng₁)u[to.be.N][N→V]-~i[SBJ.V-ed.something][V→V]-~i[SBJ.V-ed.something][V→V]-~:(u)te[to.V.for.or.with][to.cause.to.V.as.one.is.V-ing][to.V.toward.each.other][V→V]-te[to.act.on.so.as.to.cause.to.V][V→V]-@₁~fyagh[to.go.V-ing][to.V.in.vain][V→V][V][Intr][Conc][4Sg]
atiisaghngaaghmi	atugh-~:(ng₁)u[to.be.N][N→V]-~i[SBJ.V-ed.something][V→V]-~i[SBJ.V-ed.something][V→V]-~:(u)te[condition.with.respect.to.V-ing][V→N]-te[to.catch.N][to.go.to.N][N→V]-te[to.act.on.so.as.to.cause.to.V][V→V]-te[to.act.on.so.as.to.cause.to.V][V→V]-te[to.act.on.so.as.to.cause.to.V][V→V]-@₁~fyagh[to.go.V-ing][to.V.in.vain][V→V][V][Intr][Conc][4Sg]
atiisaghngaaghmi	atugh-~:(ng₁)u[to.be.N][N→V]-~i[SBJ.V-ed.something][V→V]-~i[SBJ.V-ed.something][V→V]-~:(u)te[condition.with.respect.to.V-ing][V→N]-te[to.catch.N][to.go.to.N][N→V]-te[to.act.on.so.as.to.cause.to.V][V→V]-te[to.act.on.so.as.to.cause.to.V][V→V]-@₁~fyagh[to.go.V-ing][to.V.in.vain][V→V][V][Intr][Conc][4Sg]
atiisaghngaaghmi	atugh-~:(ng₁)u[to.be.N][N→V]-~i[SBJ.V-ed.something][V→V]-~i[SBJ.V-ed.something][V→V]-~:(u)te[condition.with.respect.to.V-ing][V→N]-te[to.catch.N][to.go.to.N][N→V]-te[to.act.on.so.as.to.cause.to.V][V→V]-@₁~fyagh[to.go.V-ing][to.V.in.vain][V→V][V][Intr][Conc][4Sg]
atiisaghngaaghmi	atugh-~:(ng₁)u[to.be.N][N→V]-~i[SBJ.V-ed.something][V→V]-~i[SBJ.V-ed.something][V→V]-~:(u)te[condition.with.respect.to.V-ing][V→N]-te[to.catch.N][to.go.to.N][N→V]-@₁~fyagh[to.go.V-ing][to.V.in.vain][V→V][V][Intr][Conc][4Sg]
atiisaghngaaghmi	atugh-~:(ng₁)u[to.be.N][N→V]-~i[SBJ.V-ed.something][V→V]-~i[SBJ.V-ed.something][V→V]-~:(u)te[SBJ.V-ed.something][V→V]-te[to.act.on.so.as.to.cause.to.V][V→V]-te[to.act.on.so.as.to.cause.to.V][V→V]-te[to.act.on.so.as.to.cause.to.V][V→V]-te[to.act.on.so.as.to.cause.to.V][V→V]-@₁~fyagh[to.go.V-ing][to.V.in.vain][V→V][V][Intr][Conc][4Sg]
atiisaghngaaghmi	atugh-~:(ng₁)u[to.be.N][N→V]-~i[SBJ.V-ed.something][V→V]-~i[SBJ.V-ed.something][V→V]-~:(u)te[SBJ.V-ed.something][V→V]-te[to.act.on.so.as.to.cause.to.V][V→V]-te[to.act.on.so.as.to.cause.to.V][V→V]-te[to.act.on.so.as.to.cause.to.V][V→V]-@₁~fyagh[to.go.V-ing][to.V.in.vain][V→V][V][Intr][Conc][4Sg]
atiisaghngaaghmi	atugh-~:(ng₁)u[to.be.N][N→V]-~i[SBJ.V-ed.something][V→V]-~i[SBJ.V-ed.something][V→V]-~:(u)te[SBJ.V-ed.something][V→V]-te[to.act.on.so.as.to.cause.to.V][V→V]-te[to.act.on.so.as.to.cause.to.V][V→V]-@₁~fyagh[to.go.V-ing][to.V.in.vain][V→V][V][Intr][Conc][4Sg]
atiisaghngaaghmi	atugh-~:(ng₁)u[to.be.N][N→V]-~i[SBJ.V-ed.something][V→V]-~i[SBJ.V-ed.something][V→V]-~:(u)te[SBJ.V-ed.something][V→V]-te[to.act.on.so.as.to.cause.to.V][V→V]-@₁~fyagh[to.go.V-ing][to.V.in.vain][V→V][V][Intr][Conc][4Sg]
atiisaghngaaghmi	atugh-~:(ng₁)u[to.be.N][N→V]-~i[SBJ.V-ed.something][V→V]-te[to.act.on.so.as.to.cause.to.V][V→V]-te[to.act.on.so.as.to.cause.to.V][V→V]-te[to.act.on.so.as.to.cause.to.V][V→V]-@₁~fyagh[to.go.V-ing][to.V.in.vain][V→V][V][Intr][Conc][4Sg]
atiisaghngaaghmi	atugh-~:(ng₁)u[to.be.N][N→V]-~i[SBJ.V-ed.something][V→V]-te[to.act.on.so.as.to.cause.to.V][V→V]-te[to.act.on.so.as.to.cause.to.V][V→V]-@₁~fyagh[to.go.V-ing][to.V.in.vain][V→V][V][Intr][Conc][4Sg]
atiisaghngaaghmi	atugh-~:(ng₁)u[to.be.N][N→V]-~i[SBJ.V-ed.something][V→V]-te[to.act.on.so.as.to.cause.to.V][V→V]-@₁~fyagh[to.go.V-ing][to.V.in.vain][V→V][V][Intr][Conc][4Sg]
atiisaghngaaghmi	atugh-~:(ng₁)u[to.be.N][N→V]-~i[SBJ.V-ed.something][V→V]-~:(u)te[to.V.for.or.with][to.cause.to.V.as.one.is.V-ing][to.V.toward.each.other][V→V]-te[to.act.on.so.as.to.cause.to.V][V→V]-te[to.act.on.so.as.to.cause.to.V][V→V]-te[to.act.on.so.as.to.cause.to.V][V→V]-@₁~fyagh[to.go.V-ing][to.V.in.vain][V→V][V][Intr][Conc][4Sg]
atiisaghngaaghmi	atugh-~:(ng₁)u[to.be.N][N→V]-~i[SBJ.V-ed.something][V→V]-~:(u)te[to.V.for.or.with][to.cause.to.V.as.one.is.V-ing][to.V.toward.each.other][V→V]-te[to.act.on.so.as.to.cause.to.V][V→V]-te[to.act.on.so.as.to.cause.to.V][V→V]-@₁~fyagh[to.go.V-ing][to.V.in.vain][V→V][V][Intr][Conc][4Sg]
atiisaghngaaghmi	atugh-~:(ng₁)u[to.be.N][N→V]-~i[SBJ.V-ed.something][V→V]-~:(u)te[to.V.for.or.with][to.cause.to.V.as.one.is.V-ing][to.V.toward.each.other][V→V]-te[to.act.on.so.as.to.cause.to.V][V→V]-@₁~fyagh[to.go.V-ing][to.V.in.vain][V→V][V][Intr][Conc][4Sg]
atiisaghngaaghmi	atugh-~:(ng₁)u[to.be.N][N→V]-~i[SBJ.V-ed.something][V→V]-~:(u)te[condition.with.respect.to.V-ing][V→N]-te[to.catch.N][to.go.to.N][N→V]-te[to.act.on.so.as.to.cause.to.V][V→V]-te[to.act.on.so.as.to.cause.to.V][V→V]-@₁~fyagh[to.go.V-ing][to.V.in.vain][V→V][V][Intr][Conc][4Sg]
atiisaghngaaghmi	atugh-~:(ng₁)u[to.be.N][N→V]-~i[SBJ.V-ed.something][V→V]-~:(u)te[condition.with.respect.to.V-ing][V→N]-te[to.catch.N][to.go.to.N][N→V]-te[to.act.on.so.as.to.cause.to.V][V→V]-@₁~fyagh[to.go.V-ing][to.V.in.vain][V→V][V][Intr][Conc][4Sg]
atiisaghngaaghmi	atugh-~:(ng₁)u[to.be.N][N→V]-~i[SBJ.V-ed.something][V→V]-~:(u)te[condition.with.respect.to.V-ing][V→N]-te[to.catch.N][to.go.to.N][N→V]-@₁~fyagh[to.go.V-ing][to.V.in.vain][V→V][V][Intr][Conc][4Sg]
atiisaghngaaghmi	atugh-~:(ng₁)u[to.be.N][N→V]-~i[SBJ.V-ed.something][V→V]-~:(u)te[SBJ.V-ed.something][V→V]-te[to.act.on.so.as.to.cause.to.V][V→V]-te[to.act.on.so.as.to.cause.to.V][V→V]-te[to.act.on.so.as.to.cause.to.V][V→V]-@₁~fyagh[to.go.V-ing][to.V.in.vain][V→V][V][Intr][Conc][4Sg]
atiisaghngaaghmi	atugh-~:(ng₁)u[to.be.N][N→V]-~i[SBJ.V-ed.something][V→V]-~:(u)te[SBJ.V-ed.something][V→V]-te[to.act.on.so.as.to.cause.to.V][V→V]-te[to.act.on.so.as.to.cause.to.V][V→V]-@₁~fyagh[to.go.V-ing][to.V.in.vain][V→V][V][Intr][Conc][4Sg]
atiisaghngaaghmi	atugh-~:(ng₁)u[to.be.N][N→V]-~i[SBJ.V-ed.something][V→V]-~:(u)te[SBJ.V-ed.something][V→V]-te[to.act.on.so.as.to.cause.to.V][V→V]-@₁~fyagh[to.go.V-ing][to.V.in.vain][V→V][V][Intr][Conc][4Sg]
atiisaghngaaghmi	atugh-~:(ng₁)ite**[to.lack.N][to.not.have.N][N→V]-te[to.act.on.so.as.to.cause.to.V][V→V]-@₁~fyagh[to.go.V-ing][to.V.in.vain][V→V][V][Intr][Conc][4Sg]
atiisaghngaaghmi	atugh-~:(ng₁)ite**[to.lack.N][to.not.have.N][N→V]-@₁~fyagh[to.go.V-ing][to.V.in.vain][V→V][V][Intr][Conc][4Sg]

------------------------
Amalka yuuk, Mukaq, kiyaghlluni pituqaq,nKguuggîM Atiiqsaqmegteggu, taghnughhaq "Kguuggmeng" ("Kguugg") atiighaat.

amalka	+?

yuuk	yug[N][Abs][Sg]

mukaq	+?

kiyaghlluni	+?

pituqaqnkguuggîm	+?

atiiqsaqmegteggu	+?

taghnughhaq	taghnughhagh*[N][Abs][Unpd][Sg]

kguuggmeng	+?

kguugg	+?

atiighaat	+?

------------------------


------------------------
Samun Elqughaghutkamun Atilleq

samun	sa[N][Ter][Unpd][Sg]

elqughaghutkamun	+?

atilleq	+?

------------------------


------------------------
Aghnaq aqsalek salleghmun elqughuskan legan taana atiisimaat, nalighmeng qavangulleq, esghaghwaalleq.

aghnaq	aghnagh[N][Abs][Unpd][Sg]

aqsalek	aqsa-–leg[one.having.N][N→N][N][Abs][Unpd][Sg]
aqsalek	aqsag-–leg[one.having.N][N→N][N][Abs][Unpd][Sg]
aqsalek	aqsaleg[N][Abs][Unpd][Sg]

salleghmun	+?

elqughuskan	+?

legan	legan

taana	taana

atiisimaat	atugh-~:(ng₁)u[to.be.N][N→V]-~i[SBJ.V-ed.something][V→V]-~i[SBJ.V-ed.something][V→V]-~i[SBJ.V-ed.something][V→V]-~i[SBJ.V-ed.something][V→V]-te[to.act.on.so.as.to.cause.to.V][V→V]-@₁~:(i/u)ma[to.have.V-ed][to.have.been.V-ed][V→V][V][Intr][Intrg][3Pl]
atiisimaat	atugh-~:(ng₁)u[to.be.N][N→V]-~i[SBJ.V-ed.something][V→V]-~i[SBJ.V-ed.something][V→V]-~i[SBJ.V-ed.something][V→V]-~:(u)te[to.V.for.or.with][to.cause.to.V.as.one.is.V-ing][to.V.toward.each.other][V→V]-@₁~:(i/u)ma[to.have.V-ed][to.have.been.V-ed][V→V][V][Intr][Intrg][3Pl]
atiisimaat	atugh-~:(ng₁)u[to.be.N][N→V]-~i[SBJ.V-ed.something][V→V]-~i[SBJ.V-ed.something][V→V]-~i[SBJ.V-ed.something][V→V]-~:(u)te[SBJ.V-ed.something][V→V]-@₁~:(i/u)ma[to.have.V-ed][to.have.been.V-ed][V→V][V][Intr][Intrg][3Pl]
atiisimaat	atugh-~:(ng₁)u[to.be.N][N→V]-~i[SBJ.V-ed.something][V→V]-~i[SBJ.V-ed.something][V→V]-~i[SBJ.V-ed.something][V→V]-te[to.act.on.so.as.to.cause.to.V][V→V]-@₁~:(i/u)ma[to.have.V-ed][to.have.been.V-ed][V→V][V][Intr][Intrg][3Pl]
atiisimaat	atugh-~:(ng₁)u[to.be.N][N→V]-~i[SBJ.V-ed.something][V→V]-~i[SBJ.V-ed.something][V→V]-~i[SBJ.V-ed.something][V→V]-te[to.act.on.so.as.to.cause.to.V][V→V]-@₁~:(i/u)ma[to.have.V-ed][to.have.been.V-ed][V→V][V][Intr][Ind][3Pl]
atiisimaat	atugh-~:(ng₁)u[to.be.N][N→V]-~i[SBJ.V-ed.something][V→V]-~i[SBJ.V-ed.something][V→V]-~:(u)te[to.V.for.or.with][to.cause.to.V.as.one.is.V-ing][to.V.toward.each.other][V→V]-@₁~:(i/u)ma[to.have.V-ed][to.have.been.V-ed][V→V][V][Intr][Intrg][3Pl]
atiisimaat	atugh-~:(ng₁)u[to.be.N][N→V]-~i[SBJ.V-ed.something][V→V]-~i[SBJ.V-ed.something][V→V]-~:(u)te[to.V.for.or.with][to.cause.to.V.as.one.is.V-ing][to.V.toward.each.other][V→V]-@₁~:(i/u)ma[to.have.V-ed][to.have.been.V-ed][V→V][V][Intr][Ind][3Pl]
atiisimaat	atugh-~:(ng₁)u[to.be.N][N→V]-~i[SBJ.V-ed.something][V→V]-~i[SBJ.V-ed.something][V→V]-~:(u)te[SBJ.V-ed.something][V→V]-@₁~:(i/u)ma[to.have.V-ed][to.have.been.V-ed][V→V][V][Intr][Intrg][3Pl]
atiisimaat	atugh-~:(ng₁)u[to.be.N][N→V]-~i[SBJ.V-ed.something][V→V]-~i[SBJ.V-ed.something][V→V]-~:(u)te[SBJ.V-ed.something][V→V]-@₁~:(i/u)ma[to.have.V-ed][to.have.been.V-ed][V→V][V][Intr][Ind][3Pl]
atiisimaat	atugh-~:(ng₁)u[to.be.N][N→V]-~i[SBJ.V-ed.something][V→V]-~i[SBJ.V-ed.something][V→V]-te[to.act.on.so.as.to.cause.to.V][V→V]-@₁~:(i/u)ma[to.have.V-ed][to.have.been.V-ed][V→V][V][Intr][Intrg][3Pl]
atiisimaat	atugh-~:(ng₁)u[to.be.N][N→V]-~i[SBJ.V-ed.something][V→V]-~i[SBJ.V-ed.something][V→V]-te[to.act.on.so.as.to.cause.to.V][V→V]-@₁~:(i/u)ma[to.have.V-ed][to.have.been.V-ed][V→V][V][Intr][Ind][3Pl]
atiisimaat	atugh-~:(ng₁)u[to.be.N][N→V]-~i[SBJ.V-ed.something][V→V]-~:(u)te[to.V.for.or.with][to.cause.to.V.as.one.is.V-ing][to.V.toward.each.other][V→V]-@₁~:(i/u)ma[to.have.V-ed][to.have.been.V-ed][V→V][V][Intr][Intrg][3Pl]
atiisimaat	atugh-~:(ng₁)u[to.be.N][N→V]-~i[SBJ.V-ed.something][V→V]-~:(u)te[to.V.for.or.with][to.cause.to.V.as.one.is.V-ing][to.V.toward.each.other][V→V]-@₁~:(i/u)ma[to.have.V-ed][to.have.been.V-ed][V→V][V][Intr][Ind][3Pl]
atiisimaat	atugh-~:(ng₁)u[to.be.N][N→V]-~i[SBJ.V-ed.something][V→V]-~:(u)te[SBJ.V-ed.something][V→V]-@₁~:(i/u)ma[to.have.V-ed][to.have.been.V-ed][V→V][V][Intr][Intrg][3Pl]
atiisimaat	atugh-~:(ng₁)u[to.be.N][N→V]-~i[SBJ.V-ed.something][V→V]-~:(u)te[SBJ.V-ed.something][V→V]-@₁~:(i/u)ma[to.have.V-ed][to.have.been.V-ed][V→V][V][Intr][Ind][3Pl]
atiisimaat	atugh-~:(ng₁)u[to.be.N][N→V]-~i[SBJ.V-ed.something][V→V]-te[to.act.on.so.as.to.cause.to.V][V→V]-@₁~:(i/u)ma[to.have.V-ed][to.have.been.V-ed][V→V][V][Intr][Intrg][3Pl]
atiisimaat	atugh-~:(ng₁)u[to.be.N][N→V]-~i[SBJ.V-ed.something][V→V]-te[to.act.on.so.as.to.cause.to.V][V→V]-@₁~:(i/u)ma[to.have.V-ed][to.have.been.V-ed][V→V][V][Intr][Ind][3Pl]

nalighmeng	naligh*[N][Rel][4DuPoss][SgPosd]
nalighmeng	naligh*[N][Rel][4DuPoss][PlPosd]
nalighmeng	naligh*[N][Rel][4PlPoss][SgPosd]
nalighmeng	naligh*[N][Rel][4PlPoss][PlPosd]
nalighmeng	naligh*[N][Abl_Mod][Unpd][Sg]
nalighmeng	nalighmeng
nalighmeng	nalighmeng[N][Abs][Unpd][Sg]

qavangulleq	+?

esghaghwaalleq	+?

------------------------
Amalka yugwem unaghsim qaayghunga makregsaqminigu, qaayghum asinganiteftuq yungllaqaghhaq.

amalka	+?

yugwem	+?

unaghsim	unaghsigh[N][Rel][Unpd][Sg]

qaayghunga	qaayghu[N][Abs][3SgPoss][SgPosd]

makregsaqminigu	+?

qaayghum	qaayghu[N][Rel][Unpd][Sg]

asinganiteftuq	asi[N][Loc][3SgPoss][SgPosd]-ete[to.be]-(pete)fte[to.evidently.V][to.have.V-ed][V→V][V][Intr][Ind][3Sg]
asinganiteftuq	asi[N][Loc][3SgPoss][PlPosd]-ete[to.be]-(pete)fte[to.evidently.V][to.have.V-ed][V→V][V][Intr][Ind][3Sg]

yungllaqaghhaq	yu(u)g-–ngllagh[to.make.N][N→V]-~sf–(g₃)kaq[one.that.has.V-ed][V→N]-–ghhagh*[dear.N][N→N][N][Abs][Unpd][Sg]
yungllaqaghhaq	yug-–ngllagh[to.make.N][N→V]-~sf–(g₃)kaq[one.that.has.V-ed][V→N]-–ghhagh*[dear.N][N→N][N][Abs][Unpd][Sg]

------------------------
Enkaam taana atiisimakanga "Makregtekaq".

enkaam	enkaam

taana	taana

atiisimakanga	atugh-~:(ng₁)u[to.be.N][N→V]-~i[SBJ.V-ed.something][V→V]-~i[SBJ.V-ed.something][V→V]-te[to.act.on.so.as.to.cause.to.V][V→V]-@₁~:(i/u)ma[to.have.V-ed][to.have.been.V-ed][V→V]-@*@₂~sf–(g₂)k(a)e[the.one.that.possessor.V-ed][V→N][N][Abs][3SgPoss][SgPosd]
atiisimakanga	atugh-~:(ng₁)u[to.be.N][N→V]-~i[SBJ.V-ed.something][V→V]-~:(u)te[to.V.for.or.with][to.cause.to.V.as.one.is.V-ing][to.V.toward.each.other][V→V]-@₁~:(i/u)ma[to.have.V-ed][to.have.been.V-ed][V→V]-@*@₂~sf–(g₂)k(a)e[the.one.that.possessor.V-ed][V→N][N][Abs][3SgPoss][SgPosd]
atiisimakanga	atugh-~:(ng₁)u[to.be.N][N→V]-~i[SBJ.V-ed.something][V→V]-~:(u)te[SBJ.V-ed.something][V→V]-@₁~:(i/u)ma[to.have.V-ed][to.have.been.V-ed][V→V]-@*@₂~sf–(g₂)k(a)e[the.one.that.possessor.V-ed][V→N][N][Abs][3SgPoss][SgPosd]
atiisimakanga	atugh-~:(ng₁)u[to.be.N][N→V]-~i[SBJ.V-ed.something][V→V]-te[to.act.on.so.as.to.cause.to.V][V→V]-@₁~:(i/u)ma[to.have.V-ed][to.have.been.V-ed][V→V]-@*@₂~sf–(g₂)k(a)e[the.one.that.possessor.V-ed][V→N][N][Abs][3SgPoss][SgPosd]

makregtekaq	+?

------------------------


------------------------
Allangughhnaluteng Atiiqilleq

allangughhnaluteng	+?

atiiqilleq	+?

------------------------


------------------------
Taagani agha, aghalighvik aviilluku, taghnughhangneghmeng aghtulghiit, natenneghatallu qinuyutunghata, qiyatunghata, alla atinqigtaqegkangit atelgughngiita allaneng.

taagani	taagagh[N][Abs][4SgPoss][SgPosd]
taagani	taagagh[N][Abs][4SgPoss][PlPosd]
taagani	taagagh[N][Loc][Unpd][Pl]

agha	agha[N][Abs][Unpd][Sg]

aghalighvik	agha-–ligh[to.provide.with.N][N→V]-@₁~fvik[place.to.V][V→N][N][Abs][Unpd][Sg]

aviilluku	+?

taghnughhangneghmeng	+?

aghtulghiit	aghtugh-@₁–lghii[the.one.that.V-ed][the.one.that.is.V][V→N][N][Abs][Unpd][Pl]
aghtulghiit	aghtugh-@₁–lghii[the.one.that.V-ed][the.one.that.is.V][V→N][N][Rel][Unpd][Pl]
aghtulghiit	aghtugh[V][Intr][Ptcp][3Pl]

natenneghatallu	+?

qinuyutunghata	+?

qiyatunghata	+?

alla	alla
alla	alla[N][Abs][Unpd][Sg]

atinqigtaqegkangit	+?

atelgughngiita	ategh-–leg[one.having.N][N→N]-~:(ng₁)u[to.be.N][N→V][V][Intr][Conc][3Pl]
atelgughngiita	ategh-–lgu[to.have.N][N→V][V][Intr][Conc][3Pl]
atelgughngiita	Ategh-–leg[one.having.N][N→N]-~:(ng₁)u[to.be.N][N→V][V][Intr][Conc][3Pl]
atelgughngiita	Ategh-–lgu[to.have.N][N→V][V][Intr][Conc][3Pl]

allaneng	alla[N][Abl_Mod][Unpd][Pl]

------------------------
Amalka taana, Tuumti, alla atiimakangat qiyatutanganeng, Seghleghmeng.

amalka	+?

taana	taana

tuumti	+?

alla	alla
alla	alla[N][Abs][Unpd][Sg]

atiimakangat	atugh-~:(ng₁)u[to.be.N][N→V]-~i[SBJ.V-ed.something][V→V]-~i[SBJ.V-ed.something][V→V]-@₁~:(i/u)ma[to.have.V-ed][to.have.been.V-ed][V→V]-@*@₂~sf–(g₂)k(a)e[the.one.that.possessor.V-ed][V→N][N][Abs][3PlPoss][SgPosd]
atiimakangat	atugh-~:(ng₁)u[to.be.N][N→V]-~i[SBJ.V-ed.something][V→V]-@₁~:(i/u)ma[to.have.V-ed][to.have.been.V-ed][V→V]-@*@₂~sf–(g₂)k(a)e[the.one.that.possessor.V-ed][V→N][N][Abs][3PlPoss][SgPosd]
atiimakangat	atugh-~:(ng₁)ite**[to.lack.N][to.not.have.N][N→V]-@₁~:(i/u)ma[to.have.V-ed][to.have.been.V-ed][V→V]-@*@₂~sf–(g₂)k(a)e[the.one.that.possessor.V-ed][V→N][N][Abs][3PlPoss][SgPosd]

qiyatutanganeng	qiya-~:(u)te[to.V.for.or.with][to.cause.to.V.as.one.is.V-ing][to.V.toward.each.other][V→V]-~:(u)ta[condition.with.respect.to.V-ing][V→N][N][Abl_Mod][3SgPoss][SgPosd]
qiyatutanganeng	qiya-~:(u)te[to.V.for.or.with][to.cause.to.V.as.one.is.V-ing][to.V.toward.each.other][V→V]-~:(u)ta[condition.with.respect.to.V-ing][V→N][N][Abl_Mod][3SgPoss][PlPosd]
qiyatutanganeng	qiya-~:(u)te[SBJ.V-ed.something][V→V]-~:(u)ta[condition.with.respect.to.V-ing][V→N][N][Abl_Mod][3SgPoss][SgPosd]
qiyatutanganeng	qiya-~:(u)te[SBJ.V-ed.something][V→V]-~:(u)ta[condition.with.respect.to.V-ing][V→N][N][Abl_Mod][3SgPoss][PlPosd]
qiyatutanganeng	qiya-te[to.act.on.so.as.to.cause.to.V][V→V]-~:(u)ta[condition.with.respect.to.V-ing][V→N][N][Abl_Mod][3SgPoss][SgPosd]
qiyatutanganeng	qiya-te[to.act.on.so.as.to.cause.to.V][V→V]-~:(u)ta[condition.with.respect.to.V-ing][V→N][N][Abl_Mod][3SgPoss][PlPosd]

seghleghmeng	seghlegh[N][Rel][4DuPoss][SgPosd]
seghleghmeng	seghlegh[N][Rel][4DuPoss][PlPosd]
seghleghmeng	seghlegh[N][Rel][4PlPoss][SgPosd]
seghleghmeng	seghlegh[N][Rel][4PlPoss][PlPosd]
seghleghmeng	seghlegh[N][Abl_Mod][Unpd][Sg]

------------------------


------------------------
Meghmi Aviighutkat

meghmi	megh[N][Loc][Unpd][Sg]
meghmi	megh[N][Rel][4SgPoss][SgPosd]
meghmi	megh[N][Rel][4SgPoss][PlPosd]

aviighutkat	+?

------------------------


------------------------
Kiyang ayumighhaaneng meghmi yugwet peleghqegkat atiiqaqiit aghnaghhaaluki.

kiyang	+?

ayumighhaaneng	ayumigh*-–ghhagh*[dear.N][N→N][N][Abl_Mod][3SgPoss][SgPosd]
ayumighhaaneng	ayumigh*-–ghhagh*[dear.N][N→N][N][Abl_Mod][3SgPoss][PlPosd]

meghmi	megh[N][Loc][Unpd][Sg]
meghmi	megh[N][Rel][4SgPoss][SgPosd]
meghmi	megh[N][Rel][4SgPoss][PlPosd]

yugwet	+?

peleghqegkat	+?

atiiqaqiit	+?

aghnaghhaaluki	+?

------------------------


------------------------
Aatghet Takestaaghsaqatlu Allatunllu Atiqat

aatghet	ategh[N][Abs][Unpd][Pl]
aatghet	ategh[N][Rel][Unpd][Pl]
aatghet	Ategh[N][Abs][Unpd][Pl]
aatghet	Ategh[N][Rel][Unpd][Pl]

takestaaghsaqatlu	+?

allatunllu	alla[N][Equ][Unpd][Sg]-llu[Encl]
allatunllu	alla-te[to.catch.N][to.go.to.N][N→V]-~:(u)te[condition.with.respect.to.V-ing][V→N][N][Abs][Unpd][Sg]-llu[Encl]

atiqat	+?

------------------------


------------------------
Kiyang aatghet yeghrat taakeghllalghiit takelliluki ateliitkayugwiit.

kiyang	+?

aatghet	ategh[N][Abs][Unpd][Pl]
aatghet	ategh[N][Rel][Unpd][Pl]
aatghet	Ategh[N][Abs][Unpd][Pl]
aatghet	Ategh[N][Rel][Unpd][Pl]

yeghrat	+?

taakeghllalghiit	+?

takelliluki	+?

ateliitkayugwiit	+?

------------------------
Amalka Makimingaawen, taaksagulluku Makimeng tuqlughaatam qenwat ateliitaa taana ateq, Maki.

amalka	+?

makimingaawen	+?

taaksagulluku	+?

makimeng	makigh[N][Rel][4DuPoss][SgPosd]
makimeng	makigh[N][Rel][4DuPoss][PlPosd]
makimeng	makigh[N][Rel][4PlPoss][SgPosd]
makimeng	makigh[N][Rel][4PlPoss][PlPosd]
makimeng	makigh[N][Abl_Mod][Unpd][Sg]

tuqlughaatam	+?

qenwat	qenwat

ateliitaa	ategh-–ligh[to.provide.with.N][N→V]-~:(u)te[to.V.for.or.with][to.cause.to.V.as.one.is.V-ing][to.V.toward.each.other][V→V][V][Trns][Ind][3Sg][3Sg]
ateliitaa	ategh-–ligh[to.provide.with.N][N→V]-~:(u)te[SBJ.V-ed.something][V→V][V][Intr][Intrg][3Sg]
ateliitaa	Ategh-–ligh[to.provide.with.N][N→V]-~:(u)te[to.V.for.or.with][to.cause.to.V.as.one.is.V-ing][to.V.toward.each.other][V→V][V][Trns][Ind][3Sg][3Sg]
ateliitaa	Ategh-–ligh[to.provide.with.N][N→V]-~:(u)te[SBJ.V-ed.something][V→V][V][Intr][Intrg][3Sg]

taana	taana

ateq	ategh[N][Abs][Unpd][Sg]
ateq	Ategh[N][Abs][Unpd][Sg]

maki	+?

------------------------


------------------------
Taghnughhaatlu salin akuziyaaghtegpenateng atillghit ilangita ramkem nagneghtaqegkangit tawaten.

taghnughhaatlu	taghnughhagh*[N][Abs][Unpd][Pl]-llu[Encl]
taghnughhaatlu	taghnughhagh*[N][Abs][3PlPoss][SgPosd]-llu[Encl]
taghnughhaatlu	taghnughhagh*[N][Rel][Unpd][Pl]-llu[Encl]

salin	salite[N][Abs][Unpd][Sg]

akuziyaaghtegpenateng	+?

atillghit	+?

ilangita	ila-~:(ng₁)ite**[to.lack.N][to.not.have.N][N→V][V][Intr][Intrg][3Sg]
ilangita	ila[N][Rel][3DuPoss][SgPosd]
ilangita	ila[N][Rel][3DuPoss][PlPosd]
ilangita	ila[N][Rel][3PlPoss][SgPosd]
ilangita	ila[N][Rel][3PlPoss][PlPosd]

ramkem	+?

nagneghtaqegkangit	+?

tawaten	tawaten

------------------------
Katam Saapugha ateq.

katam	+?

saapugha	+?

ateq	ategh[N][Abs][Unpd][Sg]
ateq	Ategh[N][Abs][Unpd][Sg]

------------------------
Taghnughhaam atillgha "Puugwa," ateliitkaa.

taghnughhaam	taghnughhagh*[N][Rel][Unpd][Sg]

atillgha	+?

puugwa	+?

ateliitkaa	ategh-–ligh[to.provide.with.N][N→V]-~:(u)te[condition.with.respect.to.V-ing][V→N]-~–ke[to.have.as.one's.N(s)][N→V][V][Intr][Intrg][3Sg]
ateliitkaa	Ategh-–ligh[to.provide.with.N][N→V]-~:(u)te[condition.with.respect.to.V-ing][V→N]-~–ke[to.have.as.one's.N(s)][N→V][V][Intr][Intrg][3Sg]

------------------------
Naqamllu ayghiitaqegkangit.

naqamllu	naqamllu[N][Abs][Unpd][Sg]

ayghiitaqegkangit	+?

------------------------
