Ivisangiighhaq

ivisangiighhaq	+?

------------------------
Wamiiyaam Ungipaghaa

wamiiyaam	+?

ungipaghaa	ungipaghagh-~:(ng₁)u[to.be.N][N→V][V][Intr][Opt][PRS][2Sg]
ungipaghaa	ungipaghagh[N][Abs][3SgPoss][SgPosd]
ungipaghaa	ungipaghagh[V][Intr][Opt][PRS][2Sg]

------------------------


------------------------
Ungipaghaninguq imani.

ungipaghaninguq	ungipaghagh[N][Abs][4SgPoss][SgPosd]-nguq[Encl]
ungipaghaninguq	ungipaghagh[N][Abs][4SgPoss][PlPosd]-nguq[Encl]
ungipaghaninguq	ungipaghagh[N][Loc][Unpd][Pl]-nguq[Encl]

imani	imagh[N][Abs][4SgPoss][SgPosd]
imani	imagh[N][Abs][4SgPoss][PlPosd]
imani	imagh[N][Loc][Unpd][Pl]
imani	imani

------------------------
Neminguq tawani, quunpenguq angyaghuutaqelghiit, neqengllaataqelghiit.

neminguq	ne[N][Loc][Unpd][Sg]-nguq[Encl]
neminguq	ne[N][Rel][4SgPoss][SgPosd]-nguq[Encl]
neminguq	ne[N][Rel][4SgPoss][PlPosd]-nguq[Encl]

tawani	tawani
tawani	tawani[N][Abs][Unpd][Sg]

quunpenguq	+?

angyaghuutaqelghiit	+?

neqengllaataqelghiit	neqe-–ngllagh[to.make.N][N→V]-~:(u)te[to.V.for.or.with][to.cause.to.V.as.one.is.V-ing][to.V.toward.each.other][V→V]-~(g₁)aqe[to.be.V.ing][to.regularly.or.repeatedly.V][V→V]-@₁–lghii[the.one.that.V-ed][the.one.that.is.V][V→N][N][Abs][Unpd][Pl]
neqengllaataqelghiit	neqe-–ngllagh[to.make.N][N→V]-~:(u)te[to.V.for.or.with][to.cause.to.V.as.one.is.V-ing][to.V.toward.each.other][V→V]-~(g₁)aqe[to.be.V.ing][to.regularly.or.repeatedly.V][V→V]-@₁–lghii[the.one.that.V-ed][the.one.that.is.V][V→N][N][Rel][Unpd][Pl]
neqengllaataqelghiit	neqe-–ngllagh[to.make.N][N→V]-~:(u)te[to.V.for.or.with][to.cause.to.V.as.one.is.V-ing][to.V.toward.each.other][V→V]-~(g₁)aqe[to.be.V.ing][to.regularly.or.repeatedly.V][V→V][V][Intr][Ptcp][3Pl]
neqengllaataqelghiit	neqe-–ngllagh[to.make.N][N→V]-~:(u)te[SBJ.V-ed.something][V→V]-~(g₁)aqe[to.be.V.ing][to.regularly.or.repeatedly.V][V→V]-@₁–lghii[the.one.that.V-ed][the.one.that.is.V][V→N][N][Abs][Unpd][Pl]
neqengllaataqelghiit	neqe-–ngllagh[to.make.N][N→V]-~:(u)te[SBJ.V-ed.something][V→V]-~(g₁)aqe[to.be.V.ing][to.regularly.or.repeatedly.V][V→V]-@₁–lghii[the.one.that.V-ed][the.one.that.is.V][V→N][N][Rel][Unpd][Pl]
neqengllaataqelghiit	neqe-–ngllagh[to.make.N][N→V]-~:(u)te[SBJ.V-ed.something][V→V]-~(g₁)aqe[to.be.V.ing][to.regularly.or.repeatedly.V][V→V][V][Intr][Ptcp][3Pl]

------------------------


------------------------
Taawanguq tamaanteftuq nemi tamaani yuuk ataasiq ighneghilnguq.

taawanguq	+?

tamaanteftuq	+?

nemi	ne[N][Loc][Unpd][Sg]
nemi	ne[N][Rel][4SgPoss][SgPosd]
nemi	ne[N][Rel][4SgPoss][PlPosd]

tamaani	+?

yuuk	yug[N][Abs][Sg]

ataasiq	ataasigh[N][Abs][Unpd][Sg]

ighneghilnguq	ighnegh-~:(ng₁)ite**[to.lack.N][to.not.have.N][N→V]-@*ngugh*[the.one.that.V-ed][the.one.that.is.V][V→N][N][Abs][Unpd][Sg]
ighneghilnguq	ighnegh-~:(ng₁)ite**[to.lack.N][to.not.have.N][N→V][V][Intr][Ptcp][3Sg]
ighneghilnguq	ighnegh-~:(ng₁)ite**[to.lack.N][to.not.have.N][N→V][V][Intr][Ptcp][3Du]

------------------------
Taawanguq nulighha, panikluku ataasiq.

taawanguq	+?

nulighha	nulighh[N][Abs][3SgPoss][SgPosd]

panikluku	+?

ataasiq	ataasigh[N][Abs][Unpd][Sg]

------------------------


------------------------
Angyaghuuteghllanghatanguq yugwisagaqelghii qayughllak ighneghilnguq.

angyaghuuteghllanghatanguq	+?

yugwisagaqelghii	+?

qayughllak	qayugh-–ghllag[big.N][N→N][N][Abs][Unpd][Sg]
qayughllak	qayugh-–ghllak[big.N][AUG]
qayughllak	qayughllak
qayughllak	qayughllag[N][Abs][Unpd][Sg]

ighneghilnguq	ighnegh-~:(ng₁)ite**[to.lack.N][to.not.have.N][N→V]-@*ngugh*[the.one.that.V-ed][the.one.that.is.V][V→N][N][Abs][Unpd][Sg]
ighneghilnguq	ighnegh-~:(ng₁)ite**[to.lack.N][to.not.have.N][N→V][V][Intr][Ptcp][3Sg]
ighneghilnguq	ighnegh-~:(ng₁)ite**[to.lack.N][to.not.have.N][N→V][V][Intr][Ptcp][3Du]

------------------------
Nuliinillu, panigganillu yuklukek angyaghaqelghii.

nuliinillu	nuliigh[N][Abs][4SgPoss][SgPosd]-llu[Encl]
nuliinillu	nuliigh[N][Abs][4SgPoss][PlPosd]-llu[Encl]
nuliinillu	nuliiq[N][Abs][4SgPoss][SgPosd]-llu[Encl]
nuliinillu	nuliiq[N][Abs][4SgPoss][PlPosd]-llu[Encl]

panigganillu	+?

yuklukek	+?

angyaghaqelghii	angyagh-~(g₁)aqe[to.be.V.ing][to.regularly.or.repeatedly.V][V→V]-@₁–lghii[the.one.that.V-ed][the.one.that.is.V][V→N][N][Abs][Unpd][Sg]

------------------------
Ketaqelghiit paniggani taghtuqaghhneghani.

ketaqelghiit	+?

paniggani	+?

taghtuqaghhneghani	+?

------------------------


------------------------
Kingulighpigaghhaaluteng kelluteng, aga angyat uplegutaqelghiit nunavagmeng elngaatall, ukanguq tagilaghaanneghata, taawa ellngit aglat.

kingulighpigaghhaaluteng	kingulighpigagh-–ghhagh*[dear.N][N→N]-~:(ng₁)u[to.be.N][N→V]-~:(u)te[to.V.for.or.with][to.cause.to.V.as.one.is.V-ing][to.V.toward.each.other][V→V][V][Intr][Sbrd][3Pl]
kingulighpigaghhaaluteng	kingulighpigagh-–ghhagh*[dear.N][N→N]-~:(ng₁)u[to.be.N][N→V]-~:(u)te[SBJ.V-ed.something][V→V][V][Intr][Sbrd][3Pl]
kingulighpigaghhaaluteng	kingulighpigagh-–ghhagh*[dear.N][N→N]-~:(ng₁)u[to.be.N][N→V][V][Intr][Sbrd][3Pl]

kelluteng	+?

aga	aga

angyat	angyagh[N][Abs][Unpd][Pl]
angyat	angyagh[N][Rel][Unpd][Pl]
angyat	Angyat[N][Abs][Unpd][Sg]

uplegutaqelghiit	+?

nunavagmeng	nunavag[N][Rel][4DuPoss][SgPosd]
nunavagmeng	nunavag[N][Rel][4DuPoss][PlPosd]
nunavagmeng	nunavag[N][Rel][4PlPoss][SgPosd]
nunavagmeng	nunavag[N][Rel][4PlPoss][PlPosd]
nunavagmeng	nunavag[N][Abl_Mod][Unpd][Sg]

elngaatall	elngaatall

ukanguq	+?

tagilaghaanneghata	+?

taawa	taawa

ellngit	ellngit
ellngit	ellngit[N][Abs][Unpd][Sg]

aglat	+?

------------------------


------------------------
Ayveghallghitanguq siipneghqwaaghhiitneng saghnaaqelghiit ellngit.

ayveghallghitanguq	+?

siipneghqwaaghhiitneng	+?

saghnaaqelghiit	+?

ellngit	ellngit
ellngit	ellngit[N][Abs][Unpd][Sg]

------------------------
Iwernganguq tawaten neqengevleghaghaqelghiit.

iwernganguq	+?

tawaten	tawaten

neqengevleghaghaqelghiit	+?

------------------------
Enkaangamnguq uteghnighaqelghiit unugtaaghllanghani.

enkaangamnguq	+?

uteghnighaqelghiit	+?

unugtaaghllanghani	+?

------------------------
Pegnemnguq neqeteregaghaqelghiit.

pegnemnguq	+?

neqeteregaghaqelghiit	+?

------------------------


------------------------
Ataasimenguq aghneghmi, nunavagpaghqughllagnguq nani imani, aruughyaghluteng esghaghluku uplegunneqegsaallaataghaat.

ataasimenguq	+?

aghneghmi	aghnegh[N][Loc][Unpd][Sg]
aghneghmi	aghnegh[N][Rel][4SgPoss][SgPosd]
aghneghmi	aghnegh[N][Rel][4SgPoss][PlPosd]
aghneghmi	Aghnegh[N][Loc][Unpd][Sg]
aghneghmi	Aghnegh[N][Rel][4SgPoss][SgPosd]
aghneghmi	Aghnegh[N][Rel][4SgPoss][PlPosd]

nunavagpaghqughllagnguq	+?

nani	nani
nani	nani[N][Abs][Unpd][Sg]

imani	imagh[N][Abs][4SgPoss][SgPosd]
imani	imagh[N][Abs][4SgPoss][PlPosd]
imani	imagh[N][Loc][Unpd][Pl]
imani	imani

aruughyaghluteng	+?

esghaghluku	esghagh[V][Trns][Sbrd][_][3Sg]

uplegunneqegsaallaataghaat	+?

------------------------


------------------------
Leganqunnguq-aa, atghaghteghurragkiighusalghiimeng, ellnginnguq kingulighpigaghhaalaataghtut.

leganqunnguqaa	+?

atghaghteghurragkiighusalghiimeng	+?

ellnginnguq	+?

kingulighpigaghhaalaataghtut	kingulighpigagh-–ghhagh*[dear.N][N→N]-~:(ng₁)u[to.be.N][N→V]-@₁~laatagh[to.V.anyway][despite.everything.to.still.V][V→V][V][Intr][Ind][3Pl]
kingulighpigaghhaalaataghtut	kingulighpigagh-–ghhagh*[dear.N][N→N]-~:(ng₁)u[to.be.N][N→V]-@₁~laatagh[to.V.anyway][despite.everything.to.still.V][V→V]-te[to.act.on.so.as.to.cause.to.V][V→V][V][Intr][Ind][3Pl]
kingulighpigaghhaalaataghtut	kingulighpigagh-–ghhagh*[dear.N][N→N]-~:(ng₁)u[to.be.N][N→V]-~:(u)te[to.V.for.or.with][to.cause.to.V.as.one.is.V-ing][to.V.toward.each.other][V→V]-@₁~laatagh[to.V.anyway][despite.everything.to.still.V][V→V][V][Intr][Ind][3Pl]
kingulighpigaghhaalaataghtut	kingulighpigagh-–ghhagh*[dear.N][N→N]-~:(ng₁)u[to.be.N][N→V]-~:(u)te[to.V.for.or.with][to.cause.to.V.as.one.is.V-ing][to.V.toward.each.other][V→V]-@₁~laatagh[to.V.anyway][despite.everything.to.still.V][V→V]-te[to.act.on.so.as.to.cause.to.V][V→V][V][Intr][Ind][3Pl]
kingulighpigaghhaalaataghtut	kingulighpigagh-–ghhagh*[dear.N][N→N]-~:(ng₁)u[to.be.N][N→V]-~:(u)te[SBJ.V-ed.something][V→V]-@₁~laatagh[to.V.anyway][despite.everything.to.still.V][V→V][V][Intr][Ind][3Pl]
kingulighpigaghhaalaataghtut	kingulighpigagh-–ghhagh*[dear.N][N→N]-~:(ng₁)u[to.be.N][N→V]-~:(u)te[SBJ.V-ed.something][V→V]-@₁~laatagh[to.V.anyway][despite.everything.to.still.V][V→V]-te[to.act.on.so.as.to.cause.to.V][V→V][V][Intr][Ind][3Pl]

------------------------
Iwernganguq tawateteghngaan paniggani taghtuqaghsan, naqamllunguq taghtughsugwigalkanga, atghaghteghluteng ellngitlunguq ketut.

iwernganguq	+?

tawateteghngaan	+?

paniggani	+?

taghtuqaghsan	+?

naqamllunguq	naqamllu[N][Abs][Unpd][Sg]-nguq[Encl]

taghtughsugwigalkanga	+?

atghaghteghluteng	+?

ellngitlunguq	+?

ketut	+?

------------------------


------------------------
Tawatennguq amsanaghllugllak, qutanguq qantaghanlluku wiin nallangighnaqaqegkangi teghiget, angyat saamkut anuqliitqaghtekangatni quta qantaghantesqeluku.

tawatennguq	+?

amsanaghllugllak	amsanaghllug-–ghllag[big.N][N→N][N][Abs][Unpd][Sg]

qutanguq	quta[N][Abs][Unpd][Sg]-nguq[Encl]

qantaghanlluku	+?

wiin	+?

nallangighnaqaqegkangi	+?

teghiget	teghig[N][Abs][Unpd][Pl]
teghiget	teghig[N][Rel][Unpd][Pl]

angyat	angyagh[N][Abs][Unpd][Pl]
angyat	angyagh[N][Rel][Unpd][Pl]
angyat	Angyat[N][Abs][Unpd][Sg]

saamkut	saamkut

anuqliitqaghtekangatni	+?

quta	quta[N][Abs][Unpd][Sg]

qantaghantesqeluku	+?

------------------------
Sakan, tagitugughuskangatni quta qantaghantesqelluku.

sakan	sa[V][Intr][Cond][3Sg]

tagitugughuskangatni	+?

quta	quta[N][Abs][Unpd][Sg]

qantaghantesqelluku	+?

------------------------


------------------------
Taagkennguq tawatennguqaa, amsanaghllugllakaa, quta paga qantaghanlluku, aagkulghutet upleguuteghllaget uyavaghllakat nallangitnun igleghteregaamaluku, sameng nagaquusimalghiit

taagkennguq	+?

tawatennguqaa	+?

amsanaghllugllakaa	amsanaghllug-–ghllag[big.N][N→N]-~–ke[to.have.as.one's.N(s)][N→V][V][Intr][Intrg][3Sg]

quta	quta[N][Abs][Unpd][Sg]

paga	paga

qantaghanlluku	+?

aagkulghutet	+?

upleguuteghllaget	+?

uyavaghllakat	uyavagh-–ghllag[big.N][N→N]-~–ke[to.have.as.one's.N(s)][N→V][V][Intr][Intrg][3Pl]

nallangitnun	nalla[N][Ter][3DuPoss][PlPosd]
nallangitnun	nalla[N][Ter][3DuPoss][DuPosd]
nallangitnun	nalla[N][Ter][3PlPoss][PlPosd]
nallangitnun	nalla[N][Ter][3PlPoss][SgPosd]
nallangitnun	nalla[N][Ter][3PlPoss][DuPosd]

igleghteregaamaluku	+?

sameng	sa[N][Rel][4DuPoss][SgPosd]
sameng	sa[N][Rel][4DuPoss][PlPosd]
sameng	sa[N][Rel][4PlPoss][SgPosd]
sameng	sa[N][Rel][4PlPoss][PlPosd]
sameng	sa[N][Abl_Mod][Unpd][Sg]
sameng	sameng

nagaquusimalghiit	nagate-@₁qugh[to.V.completely]-~:(u)te[to.V.for.or.with][to.cause.to.V.as.one.is.V-ing][to.V.toward.each.other][V→V]-@₁~:(i/u)ma[to.have.V-ed][to.have.been.V-ed][V→V]-@₁–lghii[the.one.that.V-ed][the.one.that.is.V][V→N][N][Abs][Unpd][Pl]
nagaquusimalghiit	nagate-@₁qugh[to.V.completely]-~:(u)te[to.V.for.or.with][to.cause.to.V.as.one.is.V-ing][to.V.toward.each.other][V→V]-@₁~:(i/u)ma[to.have.V-ed][to.have.been.V-ed][V→V]-@₁–lghii[the.one.that.V-ed][the.one.that.is.V][V→N][N][Rel][Unpd][Pl]
nagaquusimalghiit	nagate-@₁qugh[to.V.completely]-~:(u)te[to.V.for.or.with][to.cause.to.V.as.one.is.V-ing][to.V.toward.each.other][V→V]-@₁~:(i/u)ma[to.have.V-ed][to.have.been.V-ed][V→V][V][Intr][Ptcp][3Pl]
nagaquusimalghiit	nagate-@₁qugh[to.V.completely]-~:(u)te[SBJ.V-ed.something][V→V]-@₁~:(i/u)ma[to.have.V-ed][to.have.been.V-ed][V→V]-@₁–lghii[the.one.that.V-ed][the.one.that.is.V][V→N][N][Abs][Unpd][Pl]
nagaquusimalghiit	nagate-@₁qugh[to.V.completely]-~:(u)te[SBJ.V-ed.something][V→V]-@₁~:(i/u)ma[to.have.V-ed][to.have.been.V-ed][V→V]-@₁–lghii[the.one.that.V-ed][the.one.that.is.V][V→N][N][Rel][Unpd][Pl]
nagaquusimalghiit	nagate-@₁qugh[to.V.completely]-~:(u)te[SBJ.V-ed.something][V→V]-@₁~:(i/u)ma[to.have.V-ed][to.have.been.V-ed][V→V][V][Intr][Ptcp][3Pl]

------------------------
Taagkennguq yugwemnguq taam pii, "Kaa-kaa, yaavuquneghmeng uyuq aghnaghaq taaqaghten, kaa-kaa nagataghtek sangaawa?"

taagkennguq	+?

yugwemnguq	+?

taam	+?

pii	pi-~i[SBJ.V-ed.something][V→V]-~i[SBJ.V-ed.something][V→V]-~i[SBJ.V-ed.something][V→V]-~i[SBJ.V-ed.something][V→V]-~i[SBJ.V-ed.something][V→V]-~i[SBJ.V-ed.something][V→V][V][Intr][Opt][PRS][2Sg]
pii	pi-~i[SBJ.V-ed.something][V→V]-~i[SBJ.V-ed.something][V→V]-~i[SBJ.V-ed.something][V→V]-~i[SBJ.V-ed.something][V→V]-~i[SBJ.V-ed.something][V→V][V][Intr][Opt][PRS][2Sg]
pii	pi-~i[SBJ.V-ed.something][V→V]-~i[SBJ.V-ed.something][V→V]-~i[SBJ.V-ed.something][V→V]-~i[SBJ.V-ed.something][V→V][V][Intr][Opt][PRS][2Sg]
pii	pi-~i[SBJ.V-ed.something][V→V]-~i[SBJ.V-ed.something][V→V]-~i[SBJ.V-ed.something][V→V][V][Intr][Opt][PRS][2Sg]
pii	pi-~i[SBJ.V-ed.something][V→V]-~i[SBJ.V-ed.something][V→V][V][Intr][Opt][PRS][2Sg]
pii	pi-~i[SBJ.V-ed.something][V→V][V][Intr][Opt][PRS][2Sg]
pii	pi[V][Intr][Intrg][3Sg]
pii	pi[V][Trns][Ind][3Sg][3Sg]
pii	pi[V][Trns][Ind][3Sg][3Pl]

kaakaa	+?

yaavuquneghmeng	yaave-~:(u)te[to.V.for.or.with][to.cause.to.V.as.one.is.V-ing][to.V.toward.each.other][V→V]-te[to.act.on.so.as.to.cause.to.V][V→V]-@₁qugh[to.V.completely]-@₁–negh[the.act.or.activity.of.V-ing][V→N][N][Rel][4DuPoss][SgPosd]
yaavuquneghmeng	yaave-~:(u)te[to.V.for.or.with][to.cause.to.V.as.one.is.V-ing][to.V.toward.each.other][V→V]-te[to.act.on.so.as.to.cause.to.V][V→V]-@₁qugh[to.V.completely]-@₁–negh[the.act.or.activity.of.V-ing][V→N][N][Rel][4DuPoss][PlPosd]
yaavuquneghmeng	yaave-~:(u)te[to.V.for.or.with][to.cause.to.V.as.one.is.V-ing][to.V.toward.each.other][V→V]-te[to.act.on.so.as.to.cause.to.V][V→V]-@₁qugh[to.V.completely]-@₁–negh[the.act.or.activity.of.V-ing][V→N][N][Rel][4PlPoss][SgPosd]
yaavuquneghmeng	yaave-~:(u)te[to.V.for.or.with][to.cause.to.V.as.one.is.V-ing][to.V.toward.each.other][V→V]-te[to.act.on.so.as.to.cause.to.V][V→V]-@₁qugh[to.V.completely]-@₁–negh[the.act.or.activity.of.V-ing][V→N][N][Rel][4PlPoss][PlPosd]
yaavuquneghmeng	yaave-~:(u)te[to.V.for.or.with][to.cause.to.V.as.one.is.V-ing][to.V.toward.each.other][V→V]-te[to.act.on.so.as.to.cause.to.V][V→V]-@₁qugh[to.V.completely]-@₁–negh[the.act.or.activity.of.V-ing][V→N][N][Abl_Mod][Unpd][Sg]
yaavuquneghmeng	yaave-~:(u)te[to.V.for.or.with][to.cause.to.V.as.one.is.V-ing][to.V.toward.each.other][V→V]-te[to.act.on.so.as.to.cause.to.V][V→V]-@₁qugh[to.V.completely][V][Intr][Ctmp][4Pl]
yaavuquneghmeng	yaave-~:(u)te[to.V.for.or.with][to.cause.to.V.as.one.is.V-ing][to.V.toward.each.other][V→V]-@₁qugh[to.V.completely]-@₁–negh[the.act.or.activity.of.V-ing][V→N][N][Rel][4DuPoss][SgPosd]
yaavuquneghmeng	yaave-~:(u)te[to.V.for.or.with][to.cause.to.V.as.one.is.V-ing][to.V.toward.each.other][V→V]-@₁qugh[to.V.completely]-@₁–negh[the.act.or.activity.of.V-ing][V→N][N][Rel][4DuPoss][PlPosd]
yaavuquneghmeng	yaave-~:(u)te[to.V.for.or.with][to.cause.to.V.as.one.is.V-ing][to.V.toward.each.other][V→V]-@₁qugh[to.V.completely]-@₁–negh[the.act.or.activity.of.V-ing][V→N][N][Rel][4PlPoss][SgPosd]
yaavuquneghmeng	yaave-~:(u)te[to.V.for.or.with][to.cause.to.V.as.one.is.V-ing][to.V.toward.each.other][V→V]-@₁qugh[to.V.completely]-@₁–negh[the.act.or.activity.of.V-ing][V→N][N][Rel][4PlPoss][PlPosd]
yaavuquneghmeng	yaave-~:(u)te[to.V.for.or.with][to.cause.to.V.as.one.is.V-ing][to.V.toward.each.other][V→V]-@₁qugh[to.V.completely]-@₁–negh[the.act.or.activity.of.V-ing][V→N][N][Abl_Mod][Unpd][Sg]
yaavuquneghmeng	yaave-~:(u)te[to.V.for.or.with][to.cause.to.V.as.one.is.V-ing][to.V.toward.each.other][V→V]-@₁qugh[to.V.completely][V][Intr][Ctmp][4Pl]
yaavuquneghmeng	yaave-~:(u)te[condition.with.respect.to.V-ing][V→N]-te[to.catch.N][to.go.to.N][N→V]-@₁qugh[to.V.completely]-@₁–negh[the.act.or.activity.of.V-ing][V→N][N][Rel][4DuPoss][SgPosd]
yaavuquneghmeng	yaave-~:(u)te[condition.with.respect.to.V-ing][V→N]-te[to.catch.N][to.go.to.N][N→V]-@₁qugh[to.V.completely]-@₁–negh[the.act.or.activity.of.V-ing][V→N][N][Rel][4DuPoss][PlPosd]
yaavuquneghmeng	yaave-~:(u)te[condition.with.respect.to.V-ing][V→N]-te[to.catch.N][to.go.to.N][N→V]-@₁qugh[to.V.completely]-@₁–negh[the.act.or.activity.of.V-ing][V→N][N][Rel][4PlPoss][SgPosd]
yaavuquneghmeng	yaave-~:(u)te[condition.with.respect.to.V-ing][V→N]-te[to.catch.N][to.go.to.N][N→V]-@₁qugh[to.V.completely]-@₁–negh[the.act.or.activity.of.V-ing][V→N][N][Rel][4PlPoss][PlPosd]
yaavuquneghmeng	yaave-~:(u)te[condition.with.respect.to.V-ing][V→N]-te[to.catch.N][to.go.to.N][N→V]-@₁qugh[to.V.completely]-@₁–negh[the.act.or.activity.of.V-ing][V→N][N][Abl_Mod][Unpd][Sg]
yaavuquneghmeng	yaave-~:(u)te[condition.with.respect.to.V-ing][V→N]-te[to.catch.N][to.go.to.N][N→V]-@₁qugh[to.V.completely][V][Intr][Ctmp][4Pl]
yaavuquneghmeng	yaave-~:(u)te[SBJ.V-ed.something][V→V]-te[to.act.on.so.as.to.cause.to.V][V→V]-@₁qugh[to.V.completely]-@₁–negh[the.act.or.activity.of.V-ing][V→N][N][Rel][4DuPoss][SgPosd]
yaavuquneghmeng	yaave-~:(u)te[SBJ.V-ed.something][V→V]-te[to.act.on.so.as.to.cause.to.V][V→V]-@₁qugh[to.V.completely]-@₁–negh[the.act.or.activity.of.V-ing][V→N][N][Rel][4DuPoss][PlPosd]
yaavuquneghmeng	yaave-~:(u)te[SBJ.V-ed.something][V→V]-te[to.act.on.so.as.to.cause.to.V][V→V]-@₁qugh[to.V.completely]-@₁–negh[the.act.or.activity.of.V-ing][V→N][N][Rel][4PlPoss][SgPosd]
yaavuquneghmeng	yaave-~:(u)te[SBJ.V-ed.something][V→V]-te[to.act.on.so.as.to.cause.to.V][V→V]-@₁qugh[to.V.completely]-@₁–negh[the.act.or.activity.of.V-ing][V→N][N][Rel][4PlPoss][PlPosd]
yaavuquneghmeng	yaave-~:(u)te[SBJ.V-ed.something][V→V]-te[to.act.on.so.as.to.cause.to.V][V→V]-@₁qugh[to.V.completely]-@₁–negh[the.act.or.activity.of.V-ing][V→N][N][Abl_Mod][Unpd][Sg]
yaavuquneghmeng	yaave-~:(u)te[SBJ.V-ed.something][V→V]-te[to.act.on.so.as.to.cause.to.V][V→V]-@₁qugh[to.V.completely][V][Intr][Ctmp][4Pl]
yaavuquneghmeng	yaave-~:(u)te[SBJ.V-ed.something][V→V]-@₁qugh[to.V.completely]-@₁–negh[the.act.or.activity.of.V-ing][V→N][N][Rel][4DuPoss][SgPosd]
yaavuquneghmeng	yaave-~:(u)te[SBJ.V-ed.something][V→V]-@₁qugh[to.V.completely]-@₁–negh[the.act.or.activity.of.V-ing][V→N][N][Rel][4DuPoss][PlPosd]
yaavuquneghmeng	yaave-~:(u)te[SBJ.V-ed.something][V→V]-@₁qugh[to.V.completely]-@₁–negh[the.act.or.activity.of.V-ing][V→N][N][Rel][4PlPoss][SgPosd]
yaavuquneghmeng	yaave-~:(u)te[SBJ.V-ed.something][V→V]-@₁qugh[to.V.completely]-@₁–negh[the.act.or.activity.of.V-ing][V→N][N][Rel][4PlPoss][PlPosd]
yaavuquneghmeng	yaave-~:(u)te[SBJ.V-ed.something][V→V]-@₁qugh[to.V.completely]-@₁–negh[the.act.or.activity.of.V-ing][V→N][N][Abl_Mod][Unpd][Sg]
yaavuquneghmeng	yaave-~:(u)te[SBJ.V-ed.something][V→V]-@₁qugh[to.V.completely][V][Intr][Ctmp][4Pl]

uyuq	uyuq

aghnaghaq	aghnaghagh*[N][Abs][Unpd][Sg]

taaqaghten	+?

kaakaa	+?

nagataghtek	+?

sangaawa	sangagh-~:(ng₁)u[to.be.N][N→V][V][Intr][Intrg][3Sg]

------------------------


------------------------
Yaavuquutni qaakluki nasiighluteng nagasalghiimeng, sangwaanguq.

yaavuquutni	yaave-~:(u)te[to.V.for.or.with][to.cause.to.V.as.one.is.V-ing][to.V.toward.each.other][V→V]-te[to.act.on.so.as.to.cause.to.V][V→V]-@₁qugh[to.V.completely]-~:(u)te[to.V.for.or.with][to.cause.to.V.as.one.is.V-ing][to.V.toward.each.other][V→V]-te[to.act.on.so.as.to.cause.to.V][V→V]-te[to.act.on.so.as.to.cause.to.V][V→V]-te[to.act.on.so.as.to.cause.to.V][V→V]-te[to.act.on.so.as.to.cause.to.V][V→V]-@₁~fni[to.say.that.one.is.V-ing][Cmpd_Vbl][V][Intr][Opt][PRS][2Sg]
yaavuquutni	yaave-~:(u)te[to.V.for.or.with][to.cause.to.V.as.one.is.V-ing][to.V.toward.each.other][V→V]-te[to.act.on.so.as.to.cause.to.V][V→V]-@₁qugh[to.V.completely]-~:(u)te[condition.with.respect.to.V-ing][V→N]-te[to.catch.N][to.go.to.N][N→V]-te[to.act.on.so.as.to.cause.to.V][V→V]-te[to.act.on.so.as.to.cause.to.V][V→V]-te[to.act.on.so.as.to.cause.to.V][V→V]-@₁~fni[to.say.that.one.is.V-ing][Cmpd_Vbl][V][Intr][Opt][PRS][2Sg]
yaavuquutni	yaave-~:(u)te[to.V.for.or.with][to.cause.to.V.as.one.is.V-ing][to.V.toward.each.other][V→V]-te[to.act.on.so.as.to.cause.to.V][V→V]-@₁qugh[to.V.completely]-~:(u)te[condition.with.respect.to.V-ing][V→N][N][Loc][Unpd][Pl]
yaavuquutni	yaave-~:(u)te[to.V.for.or.with][to.cause.to.V.as.one.is.V-ing][to.V.toward.each.other][V→V]-te[to.act.on.so.as.to.cause.to.V][V→V]-@₁qugh[to.V.completely]-~:(u)te[SBJ.V-ed.something][V→V]-te[to.act.on.so.as.to.cause.to.V][V→V]-te[to.act.on.so.as.to.cause.to.V][V→V]-te[to.act.on.so.as.to.cause.to.V][V→V]-te[to.act.on.so.as.to.cause.to.V][V→V]-@₁~fni[to.say.that.one.is.V-ing][Cmpd_Vbl][V][Intr][Opt][PRS][2Sg]
yaavuquutni	yaave-~:(u)te[to.V.for.or.with][to.cause.to.V.as.one.is.V-ing][to.V.toward.each.other][V→V]-@₁qugh[to.V.completely]-~:(u)te[to.V.for.or.with][to.cause.to.V.as.one.is.V-ing][to.V.toward.each.other][V→V]-te[to.act.on.so.as.to.cause.to.V][V→V]-te[to.act.on.so.as.to.cause.to.V][V→V]-te[to.act.on.so.as.to.cause.to.V][V→V]-te[to.act.on.so.as.to.cause.to.V][V→V]-@₁~fni[to.say.that.one.is.V-ing][Cmpd_Vbl][V][Intr][Opt][PRS][2Sg]
yaavuquutni	yaave-~:(u)te[to.V.for.or.with][to.cause.to.V.as.one.is.V-ing][to.V.toward.each.other][V→V]-@₁qugh[to.V.completely]-~:(u)te[condition.with.respect.to.V-ing][V→N]-te[to.catch.N][to.go.to.N][N→V]-te[to.act.on.so.as.to.cause.to.V][V→V]-te[to.act.on.so.as.to.cause.to.V][V→V]-te[to.act.on.so.as.to.cause.to.V][V→V]-@₁~fni[to.say.that.one.is.V-ing][Cmpd_Vbl][V][Intr][Opt][PRS][2Sg]
yaavuquutni	yaave-~:(u)te[to.V.for.or.with][to.cause.to.V.as.one.is.V-ing][to.V.toward.each.other][V→V]-@₁qugh[to.V.completely]-~:(u)te[condition.with.respect.to.V-ing][V→N][N][Loc][Unpd][Pl]
yaavuquutni	yaave-~:(u)te[to.V.for.or.with][to.cause.to.V.as.one.is.V-ing][to.V.toward.each.other][V→V]-@₁qugh[to.V.completely]-~:(u)te[SBJ.V-ed.something][V→V]-te[to.act.on.so.as.to.cause.to.V][V→V]-te[to.act.on.so.as.to.cause.to.V][V→V]-te[to.act.on.so.as.to.cause.to.V][V→V]-te[to.act.on.so.as.to.cause.to.V][V→V]-@₁~fni[to.say.that.one.is.V-ing][Cmpd_Vbl][V][Intr][Opt][PRS][2Sg]
yaavuquutni	yaave-~:(u)te[condition.with.respect.to.V-ing][V→N]-te[to.catch.N][to.go.to.N][N→V]-@₁qugh[to.V.completely]-~:(u)te[to.V.for.or.with][to.cause.to.V.as.one.is.V-ing][to.V.toward.each.other][V→V]-te[to.act.on.so.as.to.cause.to.V][V→V]-te[to.act.on.so.as.to.cause.to.V][V→V]-te[to.act.on.so.as.to.cause.to.V][V→V]-te[to.act.on.so.as.to.cause.to.V][V→V]-@₁~fni[to.say.that.one.is.V-ing][Cmpd_Vbl][V][Intr][Opt][PRS][2Sg]
yaavuquutni	yaave-~:(u)te[condition.with.respect.to.V-ing][V→N]-te[to.catch.N][to.go.to.N][N→V]-@₁qugh[to.V.completely]-~:(u)te[condition.with.respect.to.V-ing][V→N]-te[to.catch.N][to.go.to.N][N→V]-te[to.act.on.so.as.to.cause.to.V][V→V]-te[to.act.on.so.as.to.cause.to.V][V→V]-te[to.act.on.so.as.to.cause.to.V][V→V]-@₁~fni[to.say.that.one.is.V-ing][Cmpd_Vbl][V][Intr][Opt][PRS][2Sg]
yaavuquutni	yaave-~:(u)te[condition.with.respect.to.V-ing][V→N]-te[to.catch.N][to.go.to.N][N→V]-@₁qugh[to.V.completely]-~:(u)te[condition.with.respect.to.V-ing][V→N][N][Loc][Unpd][Pl]
yaavuquutni	yaave-~:(u)te[condition.with.respect.to.V-ing][V→N]-te[to.catch.N][to.go.to.N][N→V]-@₁qugh[to.V.completely]-~:(u)te[SBJ.V-ed.something][V→V]-te[to.act.on.so.as.to.cause.to.V][V→V]-te[to.act.on.so.as.to.cause.to.V][V→V]-te[to.act.on.so.as.to.cause.to.V][V→V]-te[to.act.on.so.as.to.cause.to.V][V→V]-@₁~fni[to.say.that.one.is.V-ing][Cmpd_Vbl][V][Intr][Opt][PRS][2Sg]
yaavuquutni	yaave-~:(u)te[SBJ.V-ed.something][V→V]-te[to.act.on.so.as.to.cause.to.V][V→V]-@₁qugh[to.V.completely]-~:(u)te[to.V.for.or.with][to.cause.to.V.as.one.is.V-ing][to.V.toward.each.other][V→V]-te[to.act.on.so.as.to.cause.to.V][V→V]-te[to.act.on.so.as.to.cause.to.V][V→V]-te[to.act.on.so.as.to.cause.to.V][V→V]-te[to.act.on.so.as.to.cause.to.V][V→V]-@₁~fni[to.say.that.one.is.V-ing][Cmpd_Vbl][V][Intr][Opt][PRS][2Sg]
yaavuquutni	yaave-~:(u)te[SBJ.V-ed.something][V→V]-te[to.act.on.so.as.to.cause.to.V][V→V]-@₁qugh[to.V.completely]-~:(u)te[condition.with.respect.to.V-ing][V→N]-te[to.catch.N][to.go.to.N][N→V]-te[to.act.on.so.as.to.cause.to.V][V→V]-te[to.act.on.so.as.to.cause.to.V][V→V]-te[to.act.on.so.as.to.cause.to.V][V→V]-@₁~fni[to.say.that.one.is.V-ing][Cmpd_Vbl][V][Intr][Opt][PRS][2Sg]
yaavuquutni	yaave-~:(u)te[SBJ.V-ed.something][V→V]-te[to.act.on.so.as.to.cause.to.V][V→V]-@₁qugh[to.V.completely]-~:(u)te[condition.with.respect.to.V-ing][V→N][N][Loc][Unpd][Pl]
yaavuquutni	yaave-~:(u)te[SBJ.V-ed.something][V→V]-te[to.act.on.so.as.to.cause.to.V][V→V]-@₁qugh[to.V.completely]-~:(u)te[SBJ.V-ed.something][V→V]-te[to.act.on.so.as.to.cause.to.V][V→V]-te[to.act.on.so.as.to.cause.to.V][V→V]-te[to.act.on.so.as.to.cause.to.V][V→V]-te[to.act.on.so.as.to.cause.to.V][V→V]-@₁~fni[to.say.that.one.is.V-ing][Cmpd_Vbl][V][Intr][Opt][PRS][2Sg]
yaavuquutni	yaave-~:(u)te[SBJ.V-ed.something][V→V]-@₁qugh[to.V.completely]-~:(u)te[to.V.for.or.with][to.cause.to.V.as.one.is.V-ing][to.V.toward.each.other][V→V]-te[to.act.on.so.as.to.cause.to.V][V→V]-te[to.act.on.so.as.to.cause.to.V][V→V]-te[to.act.on.so.as.to.cause.to.V][V→V]-te[to.act.on.so.as.to.cause.to.V][V→V]-@₁~fni[to.say.that.one.is.V-ing][Cmpd_Vbl][V][Intr][Opt][PRS][2Sg]
yaavuquutni	yaave-~:(u)te[SBJ.V-ed.something][V→V]-@₁qugh[to.V.completely]-~:(u)te[condition.with.respect.to.V-ing][V→N]-te[to.catch.N][to.go.to.N][N→V]-te[to.act.on.so.as.to.cause.to.V][V→V]-te[to.act.on.so.as.to.cause.to.V][V→V]-te[to.act.on.so.as.to.cause.to.V][V→V]-@₁~fni[to.say.that.one.is.V-ing][Cmpd_Vbl][V][Intr][Opt][PRS][2Sg]
yaavuquutni	yaave-~:(u)te[SBJ.V-ed.something][V→V]-@₁qugh[to.V.completely]-~:(u)te[condition.with.respect.to.V-ing][V→N][N][Loc][Unpd][Pl]
yaavuquutni	yaave-~:(u)te[SBJ.V-ed.something][V→V]-@₁qugh[to.V.completely]-~:(u)te[SBJ.V-ed.something][V→V]-te[to.act.on.so.as.to.cause.to.V][V→V]-te[to.act.on.so.as.to.cause.to.V][V→V]-te[to.act.on.so.as.to.cause.to.V][V→V]-te[to.act.on.so.as.to.cause.to.V][V→V]-@₁~fni[to.say.that.one.is.V-ing][Cmpd_Vbl][V][Intr][Opt][PRS][2Sg]
yaavuquutni	yaavuquute-te[to.catch.N][to.go.to.N][N→V]-@₁~fni[to.say.that.one.is.V-ing][Cmpd_Vbl][V][Intr][Opt][PRS][2Sg]
yaavuquutni	yaavuquute[N][Loc][Unpd][Pl]

qaakluki	+?

nasiighluteng	+?

nagasalghiimeng	nagate-@₁~fyagh[to.go.V-ing][to.V.in.vain][V→V]-@₁–lghii[the.one.that.V-ed][the.one.that.is.V][V→N][N][Rel][4DuPoss][SgPosd]
nagasalghiimeng	nagate-@₁~fyagh[to.go.V-ing][to.V.in.vain][V→V]-@₁–lghii[the.one.that.V-ed][the.one.that.is.V][V→N][N][Rel][4DuPoss][PlPosd]
nagasalghiimeng	nagate-@₁~fyagh[to.go.V-ing][to.V.in.vain][V→V]-@₁–lghii[the.one.that.V-ed][the.one.that.is.V][V→N][N][Rel][4PlPoss][SgPosd]
nagasalghiimeng	nagate-@₁~fyagh[to.go.V-ing][to.V.in.vain][V→V]-@₁–lghii[the.one.that.V-ed][the.one.that.is.V][V→N][N][Rel][4PlPoss][PlPosd]
nagasalghiimeng	nagate-@₁~fyagh[to.go.V-ing][to.V.in.vain][V→V]-@₁–lghii[the.one.that.V-ed][the.one.that.is.V][V→N][N][Abl_Mod][Unpd][Sg]
nagasalghiimeng	nagate[V][Intr][Ptcp_Obl][4Pl]

sangwaanguq	sangwaa[N][Abs][Unpd][Sg]-nguq[Encl]

------------------------
"Unegkughsii, nengaakitengngaa, qaakitengngaa," legannguq nagaqughaat.

unegkughsii	+?

nengaakitengngaa	+?

qaakitengngaa	+?

legannguq	+?

nagaqughaat	nagate-@₁qugh[to.V.completely][V][Trns][Ind][3Pl][3Sg]

------------------------


------------------------
Sunanguq yugwem aquutani qiiftagu kelutmun.

sunanguq	suna[N][Abs][Unpd][Sg]-nguq[Encl]

yugwem	+?

aquutani	aquutagh[N][Abs][4SgPoss][SgPosd]
aquutani	aquutagh[N][Abs][4SgPoss][PlPosd]
aquutani	aquutagh[N][Loc][Unpd][Pl]

qiiftagu	+?

kelutmun	kelute[N][Ter][Unpd][Sg]

------------------------
Aghnam taam nulighhan qiifqaghlluku pimakanga, "Sanguluku pinaqlaataghsigu amyughaaghwaaqsaaghtuq."

aghnam	aghnagh[N][Rel][Unpd][Sg]

taam	+?

nulighhan	nulighh[N][Rel][3SgPoss][SgPosd]
nulighhan	nulighh[N][Rel][3SgPoss][PlPosd]

qiifqaghlluku	+?

pimakanga	pi-@₁~:(i/u)ma[to.have.V-ed][to.have.been.V-ed][V→V]-@*@₂~sf–(g₂)k(a)e[the.one.that.possessor.V-ed][V→N][N][Abs][3SgPoss][SgPosd]
pimakanga	pi-@₁~:(i/u)ma[to.have.V-ed][to.have.been.V-ed][V→V][V][Trns][Ptcp][3Sg][3Sg]
pimakanga	pi-@₁~:(i/u)ma[to.have.V-ed][to.have.been.V-ed][V→V][V][Trns][Cond][3Sg][1Sg]

sanguluku	+?

pinaqlaataghsigu	pi-@₁~fnaqe[to.be.going.to.V][V→V]-te[to.act.on.so.as.to.cause.to.V][V→V]-te[to.act.on.so.as.to.cause.to.V][V→V]-@₁~laatagh[to.V.anyway][despite.everything.to.still.V][V→V][V][Trns][Intrg][2Sg][3Sg]
pinaqlaataghsigu	pi-@₁~fnaqe[to.be.going.to.V][V→V]-te[to.act.on.so.as.to.cause.to.V][V→V]-@₁~laatagh[to.V.anyway][despite.everything.to.still.V][V→V][V][Trns][Intrg][2Sg][3Sg]
pinaqlaataghsigu	pi-@₁~fnaqe[to.be.going.to.V][V→V]-@₁~laatagh[to.V.anyway][despite.everything.to.still.V][V→V][V][Trns][Intrg][2Sg][3Sg]
pinaqlaataghsigu	pi-~:(u)te[to.V.for.or.with][to.cause.to.V.as.one.is.V-ing][to.V.toward.each.other][V→V]-@₁~fnaqe[to.be.going.to.V][V→V]-te[to.act.on.so.as.to.cause.to.V][V→V]-te[to.act.on.so.as.to.cause.to.V][V→V]-te[to.act.on.so.as.to.cause.to.V][V→V]-@₁~laatagh[to.V.anyway][despite.everything.to.still.V][V→V][V][Trns][Intrg][2Sg][3Sg]
pinaqlaataghsigu	pi-~:(u)te[to.V.for.or.with][to.cause.to.V.as.one.is.V-ing][to.V.toward.each.other][V→V]-@₁~fnaqe[to.be.going.to.V][V→V]-te[to.act.on.so.as.to.cause.to.V][V→V]-te[to.act.on.so.as.to.cause.to.V][V→V]-@₁~laatagh[to.V.anyway][despite.everything.to.still.V][V→V][V][Trns][Intrg][2Sg][3Sg]
pinaqlaataghsigu	pi-~:(u)te[to.V.for.or.with][to.cause.to.V.as.one.is.V-ing][to.V.toward.each.other][V→V]-@₁~fnaqe[to.be.going.to.V][V→V]-te[to.act.on.so.as.to.cause.to.V][V→V]-@₁~laatagh[to.V.anyway][despite.everything.to.still.V][V→V][V][Trns][Intrg][2Sg][3Sg]
pinaqlaataghsigu	pi-~:(u)te[to.V.for.or.with][to.cause.to.V.as.one.is.V-ing][to.V.toward.each.other][V→V]-@₁~fnaqe[to.be.going.to.V][V→V]-@₁~laatagh[to.V.anyway][despite.everything.to.still.V][V→V][V][Trns][Intrg][2Sg][3Sg]

amyughaaghwaaqsaaghtuq	+?

------------------------


------------------------
Avelghaqiinaghlukunguq kelutmunnguq piluteng, quutmun tenpelluteng, kayagsimakanga, "Enta esghaghyaghtuqaghhu sangaawa uuglluten," nuliini pimakanga.

avelghaqiinaghlukunguq	+?

kelutmunnguq	+?

piluteng	pi-~:(u)te[to.V.for.or.with][to.cause.to.V.as.one.is.V-ing][to.V.toward.each.other][V→V][V][Intr][Sbrd][3Pl]
piluteng	pi-~:(u)te[SBJ.V-ed.something][V→V][V][Intr][Sbrd][3Pl]
piluteng	pi[V][Intr][Sbrd][3Pl]

quutmun	+?

tenpelluteng	+?

kayagsimakanga	+?

enta	+?

esghaghyaghtuqaghhu	+?

sangaawa	sangagh-~:(ng₁)u[to.be.N][N→V][V][Intr][Intrg][3Sg]

uuglluten	+?

nuliini	nuliigh[N][Abs][4SgPoss][SgPosd]
nuliini	nuliigh[N][Abs][4SgPoss][PlPosd]
nuliini	nuliiq[N][Abs][4SgPoss][SgPosd]
nuliini	nuliiq[N][Abs][4SgPoss][PlPosd]
nuliini	nulugh-~:(ng₁)u[to.be.N][N→V]-~i[SBJ.V-ed.something][V→V]-~i[SBJ.V-ed.something][V→V]-~i[SBJ.V-ed.something][V→V]-~i[SBJ.V-ed.something][V→V]-~i[SBJ.V-ed.something][V→V]-@₁~fni[to.say.that.one.is.V-ing][Cmpd_Vbl][V][Intr][Opt][PRS][2Sg]
nuliini	nulugh-~:(ng₁)u[to.be.N][N→V]-~i[SBJ.V-ed.something][V→V]-~i[SBJ.V-ed.something][V→V]-~i[SBJ.V-ed.something][V→V]-~i[SBJ.V-ed.something][V→V]-@₁~fni[to.say.that.one.is.V-ing][Cmpd_Vbl][V][Intr][Opt][PRS][2Sg]
nuliini	nulugh-~:(ng₁)u[to.be.N][N→V]-~i[SBJ.V-ed.something][V→V]-~i[SBJ.V-ed.something][V→V]-~i[SBJ.V-ed.something][V→V]-~i[SBJ.V-ed.something][V→V]-~:(u)te[to.V.for.or.with][to.cause.to.V.as.one.is.V-ing][to.V.toward.each.other][V→V]-@₁~fni[to.say.that.one.is.V-ing][Cmpd_Vbl][V][Intr][Opt][PRS][2Sg]
nuliini	nulugh-~:(ng₁)u[to.be.N][N→V]-~i[SBJ.V-ed.something][V→V]-~i[SBJ.V-ed.something][V→V]-~i[SBJ.V-ed.something][V→V]-~i[SBJ.V-ed.something][V→V]-~:(u)te[SBJ.V-ed.something][V→V]-@₁~fni[to.say.that.one.is.V-ing][Cmpd_Vbl][V][Intr][Opt][PRS][2Sg]
nuliini	nulugh-~:(ng₁)u[to.be.N][N→V]-~i[SBJ.V-ed.something][V→V]-~i[SBJ.V-ed.something][V→V]-~i[SBJ.V-ed.something][V→V]-@₁~fni[to.say.that.one.is.V-ing][Cmpd_Vbl][V][Intr][Opt][PRS][2Sg]
nuliini	nulugh-~:(ng₁)u[to.be.N][N→V]-~i[SBJ.V-ed.something][V→V]-~i[SBJ.V-ed.something][V→V]-~i[SBJ.V-ed.something][V→V]-~:(u)te[to.V.for.or.with][to.cause.to.V.as.one.is.V-ing][to.V.toward.each.other][V→V]-@₁~fni[to.say.that.one.is.V-ing][Cmpd_Vbl][V][Intr][Opt][PRS][2Sg]
nuliini	nulugh-~:(ng₁)u[to.be.N][N→V]-~i[SBJ.V-ed.something][V→V]-~i[SBJ.V-ed.something][V→V]-~i[SBJ.V-ed.something][V→V]-~:(u)te[SBJ.V-ed.something][V→V]-@₁~fni[to.say.that.one.is.V-ing][Cmpd_Vbl][V][Intr][Opt][PRS][2Sg]
nuliini	nulugh-~:(ng₁)u[to.be.N][N→V]-~i[SBJ.V-ed.something][V→V]-~i[SBJ.V-ed.something][V→V]-@₁~fni[to.say.that.one.is.V-ing][Cmpd_Vbl][V][Intr][Opt][PRS][2Sg]
nuliini	nulugh-~:(ng₁)u[to.be.N][N→V]-~i[SBJ.V-ed.something][V→V]-~i[SBJ.V-ed.something][V→V]-~:(u)te[to.V.for.or.with][to.cause.to.V.as.one.is.V-ing][to.V.toward.each.other][V→V]-@₁~fni[to.say.that.one.is.V-ing][Cmpd_Vbl][V][Intr][Opt][PRS][2Sg]
nuliini	nulugh-~:(ng₁)u[to.be.N][N→V]-~i[SBJ.V-ed.something][V→V]-~i[SBJ.V-ed.something][V→V]-~:(u)te[SBJ.V-ed.something][V→V]-@₁~fni[to.say.that.one.is.V-ing][Cmpd_Vbl][V][Intr][Opt][PRS][2Sg]
nuliini	nulugh-~:(ng₁)u[to.be.N][N→V]-~i[SBJ.V-ed.something][V→V]-@₁~fni[to.say.that.one.is.V-ing][Cmpd_Vbl][V][Intr][Opt][PRS][2Sg]
nuliini	nulugh-~:(ng₁)u[to.be.N][N→V]-~i[SBJ.V-ed.something][V→V]-~:(u)te[to.V.for.or.with][to.cause.to.V.as.one.is.V-ing][to.V.toward.each.other][V→V]-@₁~fni[to.say.that.one.is.V-ing][Cmpd_Vbl][V][Intr][Opt][PRS][2Sg]
nuliini	nulugh-~:(ng₁)u[to.be.N][N→V]-~i[SBJ.V-ed.something][V→V]-~:(u)te[SBJ.V-ed.something][V→V]-@₁~fni[to.say.that.one.is.V-ing][Cmpd_Vbl][V][Intr][Opt][PRS][2Sg]

pimakanga	pi-@₁~:(i/u)ma[to.have.V-ed][to.have.been.V-ed][V→V]-@*@₂~sf–(g₂)k(a)e[the.one.that.possessor.V-ed][V→N][N][Abs][3SgPoss][SgPosd]
pimakanga	pi-@₁~:(i/u)ma[to.have.V-ed][to.have.been.V-ed][V→V][V][Trns][Ptcp][3Sg][3Sg]
pimakanga	pi-@₁~:(i/u)ma[to.have.V-ed][to.have.been.V-ed][V→V][V][Trns][Cond][3Sg][1Sg]

------------------------


------------------------
Nulighhanguq uuglluni, tawavek pengugneghwaaghanun qaasqam, yugsughwamalghii.

nulighhanguq	nulighh[N][Abs][3SgPoss][SgPosd]-nguq[Encl]

uuglluni	+?

tawavek	+?

pengugneghwaaghanun	+?

qaasqam	Qaasqagh[N][Rel][Unpd][Sg]

yugsughwamalghii	+?

------------------------
Yugsughwaluni pimakanga, "Paaghqituq."

yugsughwaluni	+?

pimakanga	pi-@₁~:(i/u)ma[to.have.V-ed][to.have.been.V-ed][V→V]-@*@₂~sf–(g₂)k(a)e[the.one.that.possessor.V-ed][V→N][N][Abs][3SgPoss][SgPosd]
pimakanga	pi-@₁~:(i/u)ma[to.have.V-ed][to.have.been.V-ed][V→V][V][Trns][Ptcp][3Sg][3Sg]
pimakanga	pi-@₁~:(i/u)ma[to.have.V-ed][to.have.been.V-ed][V→V][V][Trns][Cond][3Sg][1Sg]

paaghqituq	+?

------------------------


------------------------
Uuggnaqsaghtughnguq angyamun, nakennguq pilaataghaa, "Whaantunga, whaantunga!" qaghingiteghllak.

uuggnaqsaghtughnguq	+?

angyamun	angyagh[N][Ter][Unpd][Sg]

nakennguq	+?

pilaataghaa	pi-@₁~laatagh[to.V.anyway][despite.everything.to.still.V][V→V][V][Trns][Ind][3Sg][3Sg]
pilaataghaa	pi-~:(u)te[to.V.for.or.with][to.cause.to.V.as.one.is.V-ing][to.V.toward.each.other][V→V]-@₁~laatagh[to.V.anyway][despite.everything.to.still.V][V→V][V][Trns][Ind][3Sg][3Sg]

whaantunga	+?

whaantunga	+?

qaghingiteghllak	qaghi-~:(ng₁)ite**[to.lack.N][to.not.have.N][N→V]-–ghllak[big.N][AUG]

------------------------


------------------------
Taakwavegnguq yugsughwaaghaghtaatut, ivaghiragkiighutut.

taakwavegnguq	+?

yugsughwaaghaghtaatut	+?

ivaghiragkiighutut	ivagh-~i[SBJ.V-ed.something][V→V]-@₁~f–ragkiigh[to.V.quickly][V→V]-~:(u)te[to.V.for.or.with][to.cause.to.V.as.one.is.V-ing][to.V.toward.each.other][V→V][V][Intr][Ind][3Pl]
ivaghiragkiighutut	ivagh-~i[SBJ.V-ed.something][V→V]-@₁~f–ragkiigh[to.V.quickly][V→V]-~:(u)te[SBJ.V-ed.something][V→V][V][Intr][Ind][3Pl]
ivaghiragkiighutut	ivagh-~i[SBJ.V-ed.something][V→V]-~:(u)te[to.V.for.or.with][to.cause.to.V.as.one.is.V-ing][to.V.toward.each.other][V→V]-@₁~f–ragkiigh[to.V.quickly][V→V]-~:(u)te[to.V.for.or.with][to.cause.to.V.as.one.is.V-ing][to.V.toward.each.other][V→V][V][Intr][Ind][3Pl]
ivaghiragkiighutut	ivagh-~i[SBJ.V-ed.something][V→V]-~:(u)te[to.V.for.or.with][to.cause.to.V.as.one.is.V-ing][to.V.toward.each.other][V→V]-@₁~f–ragkiigh[to.V.quickly][V→V]-~:(u)te[SBJ.V-ed.something][V→V][V][Intr][Ind][3Pl]
ivaghiragkiighutut	ivagh-~i[SBJ.V-ed.something][V→V]-~:(u)te[SBJ.V-ed.something][V→V]-@₁~f–ragkiigh[to.V.quickly][V→V]-~:(u)te[to.V.for.or.with][to.cause.to.V.as.one.is.V-ing][to.V.toward.each.other][V→V][V][Intr][Ind][3Pl]
ivaghiragkiighutut	ivagh-~i[SBJ.V-ed.something][V→V]-~:(u)te[SBJ.V-ed.something][V→V]-@₁~f–ragkiigh[to.V.quickly][V→V]-~:(u)te[SBJ.V-ed.something][V→V][V][Intr][Ind][3Pl]

------------------------
"Whaantunga meghzeghaaghhaghmi."

whaantunga	+?

meghzeghaaghhaghmi	+?

------------------------


------------------------
"Aatak meghhaq tazigna esghaghyaghtuqaghhu."

aatak	+?

meghhaq	megh-–ghhagh*[dear.N][N→N][N][Abs][Unpd][Sg]
meghhaq	meghhagh*[N][Abs][Unpd][Sg]

tazigna	tazigna

esghaghyaghtuqaghhu	+?

------------------------


------------------------
Aganguq aghnaq aglaghluni, meghaaghmunnguq piyalghiimi, avangituq, iwerngaqunnguq taawa ivisangiighhaq.

aganguq	+?

aghnaq	aghnagh[N][Abs][Unpd][Sg]

aglaghluni	aglagh[V][Intr][Sbrd][3Sg]

meghaaghmunnguq	+?

piyalghiimi	pi-@₁~fyagh[to.go.V-ing][to.V.in.vain][V→V]-@₁–lghii[the.one.that.V-ed][the.one.that.is.V][V→N][N][Loc][Unpd][Sg]
piyalghiimi	pi-@₁~fyagh[to.go.V-ing][to.V.in.vain][V→V]-@₁–lghii[the.one.that.V-ed][the.one.that.is.V][V→N][N][Rel][4SgPoss][SgPosd]
piyalghiimi	pi-@₁~fyagh[to.go.V-ing][to.V.in.vain][V→V]-@₁–lghii[the.one.that.V-ed][the.one.that.is.V][V→N][N][Rel][4SgPoss][PlPosd]
piyalghiimi	pi-~:(u)te[to.V.for.or.with][to.cause.to.V.as.one.is.V-ing][to.V.toward.each.other][V→V]-@₁~fyagh[to.go.V-ing][to.V.in.vain][V→V]-@₁–lghii[the.one.that.V-ed][the.one.that.is.V][V→N][N][Loc][Unpd][Sg]
piyalghiimi	pi-~:(u)te[to.V.for.or.with][to.cause.to.V.as.one.is.V-ing][to.V.toward.each.other][V→V]-@₁~fyagh[to.go.V-ing][to.V.in.vain][V→V]-@₁–lghii[the.one.that.V-ed][the.one.that.is.V][V→N][N][Rel][4SgPoss][SgPosd]
piyalghiimi	pi-~:(u)te[to.V.for.or.with][to.cause.to.V.as.one.is.V-ing][to.V.toward.each.other][V→V]-@₁~fyagh[to.go.V-ing][to.V.in.vain][V→V]-@₁–lghii[the.one.that.V-ed][the.one.that.is.V][V→N][N][Rel][4SgPoss][PlPosd]
piyalghiimi	pi-~:(u)te[to.V.for.or.with][to.cause.to.V.as.one.is.V-ing][to.V.toward.each.other][V→V][V][Intr][Ptcp_Obl][4Sg]
piyalghiimi	pi-~:(u)te[SBJ.V-ed.something][V→V]-@₁~fyagh[to.go.V-ing][to.V.in.vain][V→V]-@₁–lghii[the.one.that.V-ed][the.one.that.is.V][V→N][N][Loc][Unpd][Sg]
piyalghiimi	pi-~:(u)te[SBJ.V-ed.something][V→V]-@₁~fyagh[to.go.V-ing][to.V.in.vain][V→V]-@₁–lghii[the.one.that.V-ed][the.one.that.is.V][V→N][N][Rel][4SgPoss][SgPosd]
piyalghiimi	pi-~:(u)te[SBJ.V-ed.something][V→V]-@₁~fyagh[to.go.V-ing][to.V.in.vain][V→V]-@₁–lghii[the.one.that.V-ed][the.one.that.is.V][V→N][N][Rel][4SgPoss][PlPosd]
piyalghiimi	pi-~:(u)te[SBJ.V-ed.something][V→V][V][Intr][Ptcp_Obl][4Sg]
piyalghiimi	pi[V][Intr][Ptcp_Obl][4Sg]

avangituq	ava-~:(ng₁)ite**[to.lack.N][to.not.have.N][N→V][V][Intr][Ind][3Sg]

iwerngaqunnguq	+?

taawa	taawa

ivisangiighhaq	+?

------------------------
Taagken pimakanga, "Sangituq, avangituq iwerngaqun ivisangiighhaq taawa."

taagken	taagken

pimakanga	pi-@₁~:(i/u)ma[to.have.V-ed][to.have.been.V-ed][V→V]-@*@₂~sf–(g₂)k(a)e[the.one.that.possessor.V-ed][V→N][N][Abs][3SgPoss][SgPosd]
pimakanga	pi-@₁~:(i/u)ma[to.have.V-ed][to.have.been.V-ed][V→V][V][Trns][Ptcp][3Sg][3Sg]
pimakanga	pi-@₁~:(i/u)ma[to.have.V-ed][to.have.been.V-ed][V→V][V][Trns][Cond][3Sg][1Sg]

sangituq	sa-~:(ng₁)ite**[to.lack.N][to.not.have.N][N→V][V][Intr][Ind][3Sg]

avangituq	ava-~:(ng₁)ite**[to.lack.N][to.not.have.N][N→V][V][Intr][Ind][3Sg]

iwerngaqun	+?

ivisangiighhaq	+?

taawa	taawa

------------------------


------------------------
"Seghleghhaghmeng, taana naqam qaakelteggu."

seghleghhaghmeng	seghlegh-–ghhagh*[dear.N][N→N][N][Rel][4DuPoss][SgPosd]
seghleghhaghmeng	seghlegh-–ghhagh*[dear.N][N→N][N][Rel][4DuPoss][PlPosd]
seghleghhaghmeng	seghlegh-–ghhagh*[dear.N][N→N][N][Rel][4PlPoss][SgPosd]
seghleghhaghmeng	seghlegh-–ghhagh*[dear.N][N→N][N][Rel][4PlPoss][PlPosd]
seghleghhaghmeng	seghlegh-–ghhagh*[dear.N][N→N][N][Abl_Mod][Unpd][Sg]

taana	taana

naqam	naqam

qaakelteggu	+?

------------------------


------------------------
Aghnaghaghnguq saaq agniqsuugtuq, "Kimaawighllagtukut."

aghnaghaghnguq	+?

saaq	sa-~faagh[one.who.keeps.on.V-ing][AUG]
saaq	sa[V][Intr][Ind][3Sg]
saaq	sa[V][Trns][Ind][3Sg][3Du]

agniqsuugtuq	+?

kimaawighllagtukut	+?

------------------------


------------------------
Aghnamnguq tugulukunguq qugwaklaaghpenaan, angyam aqumvigakun aqnighhnaqepiglluku miluutaa, mesaaqguulluku.

aghnamnguq	aghnagh[N][Rel][Unpd][Sg]-nguq[Encl]

tugulukunguq	+?

qugwaklaaghpenaan	+?

angyam	angyagh[N][Rel][Unpd][Sg]

aqumvigakun	+?

aqnighhnaqepiglluku	+?

miluutaa	+?

mesaaqguulluku	+?

------------------------


------------------------
Taagken tawaten pugleghluteng igleghsimalghiit.

taagken	taagken

tawaten	tawaten

pugleghluteng	+?

igleghsimalghiit	igleghte-@₁~:(i/u)ma[to.have.V-ed][to.have.been.V-ed][V→V]-@₁–lghii[the.one.that.V-ed][the.one.that.is.V][V→N][N][Abs][Unpd][Pl]
igleghsimalghiit	igleghte-@₁~:(i/u)ma[to.have.V-ed][to.have.been.V-ed][V→V]-@₁–lghii[the.one.that.V-ed][the.one.that.is.V][V→N][N][Rel][Unpd][Pl]
igleghsimalghiit	igleghte-@₁~:(i/u)ma[to.have.V-ed][to.have.been.V-ed][V→V][V][Intr][Ptcp][3Pl]

------------------------
Igleghsimalukinguq.

igleghsimalukinguq	+?

------------------------
"Nuliing, nuliing, angyam meghaaghhanun kanaghtaghtinga."

nuliing	+?

nuliing	+?

angyam	angyagh[N][Rel][Unpd][Sg]

meghaaghhanun	+?

kanaghtaghtinga	+?

------------------------
Avelghaqiinaamakanga.

avelghaqiinaamakanga	+?

------------------------


------------------------
Iwernganguq atangan nagaqughluku pimakanga, "Aa, seghleghhalek sameng taana piiqa weni, piighesnaghaqluku piightigu.

iwernganguq	+?

atangan	ata[N][Rel][3SgPoss][SgPosd]
atangan	ata[N][Rel][3SgPoss][PlPosd]

nagaqughluku	nagate-@₁qugh[to.V.completely][V][Trns][Sbrd][_][3Sg]

pimakanga	pi-@₁~:(i/u)ma[to.have.V-ed][to.have.been.V-ed][V→V]-@*@₂~sf–(g₂)k(a)e[the.one.that.possessor.V-ed][V→N][N][Abs][3SgPoss][SgPosd]
pimakanga	pi-@₁~:(i/u)ma[to.have.V-ed][to.have.been.V-ed][V→V][V][Trns][Ptcp][3Sg][3Sg]
pimakanga	pi-@₁~:(i/u)ma[to.have.V-ed][to.have.been.V-ed][V→V][V][Trns][Cond][3Sg][1Sg]

aa	aa

seghleghhalek	seghlegh-–ghhagh*[dear.N][N→N]-–leg[one.having.N][N→N][N][Abs][Unpd][Sg]
seghleghhalek	seghlegh-–ghhalek[how.N][N→XCLM]

sameng	sa[N][Rel][4DuPoss][SgPosd]
sameng	sa[N][Rel][4DuPoss][PlPosd]
sameng	sa[N][Rel][4PlPoss][SgPosd]
sameng	sa[N][Rel][4PlPoss][PlPosd]
sameng	sa[N][Abl_Mod][Unpd][Sg]
sameng	sameng

taana	taana

piiqa	pi-~(g₁)aqe[to.be.V.ing][to.regularly.or.repeatedly.V][V→V][V][Intr][Intrg][3Sg]
piiqa	pi[V][Trns][Ind][1Sg][3Sg]
piiqa	piigh-~–ke[to.have.as.one's.N(s)][N→V][V][Intr][Intrg][3Sg]
piiqa	piigh[N][Abs][1SgPoss][SgPosd]

weni	+?

piighesnaghaqluku	+?

piightigu	+?

------------------------
Sameng piiqa?"

sameng	sa[N][Rel][4DuPoss][SgPosd]
sameng	sa[N][Rel][4DuPoss][PlPosd]
sameng	sa[N][Rel][4PlPoss][SgPosd]
sameng	sa[N][Rel][4PlPoss][PlPosd]
sameng	sa[N][Abl_Mod][Unpd][Sg]
sameng	sameng

piiqa	pi-~(g₁)aqe[to.be.V.ing][to.regularly.or.repeatedly.V][V→V][V][Intr][Intrg][3Sg]
piiqa	pi[V][Trns][Ind][1Sg][3Sg]
piiqa	piigh-~–ke[to.have.as.one's.N(s)][N→V][V][Intr][Intrg][3Sg]
piiqa	piigh[N][Abs][1SgPoss][SgPosd]

------------------------


------------------------
"Esghaghhu angyam meghaaghanun kanaghtesqelluni pilghii."

esghaghhu	esghagh[V][Trns][Opt][PRS][2Sg][3Sg]
esghaghhu	esghaghhu
esghaghhu	esghaghhu[N][Abs][Unpd][Sg]

angyam	angyagh[N][Rel][Unpd][Sg]

meghaaghanun	meghaagh[N][Ter][3SgPoss][SgPosd]
meghaaghanun	meghaagh[N][Ter][3SgPoss][PlPosd]

kanaghtesqelluni	+?

pilghii	pi-@₁–lghii[the.one.that.V-ed][the.one.that.is.V][V→N][N][Abs][Unpd][Sg]

------------------------


------------------------
"Kanaghtigu."

kanaghtigu	+?

------------------------
Tugulukunguq miluutaa angyam meghzeghaaghanun.

tugulukunguq	+?

miluutaa	+?

angyam	angyagh[N][Rel][Unpd][Sg]

meghzeghaaghanun	+?

------------------------


------------------------
Taagkenaa, imaninguq meghmelluni kana enraq.

taagkenaa	+?

imaninguq	imagh[N][Abs][4SgPoss][SgPosd]-nguq[Encl]
imaninguq	imagh[N][Abs][4SgPoss][PlPosd]-nguq[Encl]
imaninguq	imagh[N][Loc][Unpd][Pl]-nguq[Encl]

meghmelluni	megh[N][Loc][Unpd][Sg]-ete[to.be]-te[to.act.on.so.as.to.cause.to.V][V→V]-te[to.act.on.so.as.to.cause.to.V][V→V][V][Intr][Sbrd][3Sg]
meghmelluni	megh[N][Rel][4SgPoss][SgPosd]-ete[to.be]-te[to.act.on.so.as.to.cause.to.V][V→V]-te[to.act.on.so.as.to.cause.to.V][V→V][V][Intr][Sbrd][3Sg]
meghmelluni	megh[N][Rel][4SgPoss][PlPosd]-ete[to.be]-te[to.act.on.so.as.to.cause.to.V][V→V]-te[to.act.on.so.as.to.cause.to.V][V→V][V][Intr][Sbrd][3Sg]

kana	kana

enraq	+?

------------------------
"Nuliing, nuliing, yaavuquuteten taakut qaakiki." Avelghaqiinaghlukunguq aghnaghaam ugumiyagutepigtekanga.

nuliing	+?

nuliing	+?

yaavuquuteten	yaave-~:(u)te[to.V.for.or.with][to.cause.to.V.as.one.is.V-ing][to.V.toward.each.other][V→V]-te[to.act.on.so.as.to.cause.to.V][V→V]-@₁qugh[to.V.completely]-~:(u)te[to.V.for.or.with][to.cause.to.V.as.one.is.V-ing][to.V.toward.each.other][V→V]-te[to.act.on.so.as.to.cause.to.V][V→V][V][Intr][Opt][PRS][2Sg]
yaavuquuteten	yaave-~:(u)te[to.V.for.or.with][to.cause.to.V.as.one.is.V-ing][to.V.toward.each.other][V→V]-te[to.act.on.so.as.to.cause.to.V][V→V]-@₁qugh[to.V.completely]-~:(u)te[condition.with.respect.to.V-ing][V→N]-te[to.catch.N][to.go.to.N][N→V][V][Intr][Opt][PRS][2Sg]
yaavuquuteten	yaave-~:(u)te[to.V.for.or.with][to.cause.to.V.as.one.is.V-ing][to.V.toward.each.other][V→V]-te[to.act.on.so.as.to.cause.to.V][V→V]-@₁qugh[to.V.completely]-~:(u)te[condition.with.respect.to.V-ing][V→N][N][Abs][2SgPoss][PlPosd]
yaavuquuteten	yaave-~:(u)te[to.V.for.or.with][to.cause.to.V.as.one.is.V-ing][to.V.toward.each.other][V→V]-te[to.act.on.so.as.to.cause.to.V][V→V]-@₁qugh[to.V.completely]-~:(u)te[SBJ.V-ed.something][V→V]-te[to.act.on.so.as.to.cause.to.V][V→V][V][Intr][Opt][PRS][2Sg]
yaavuquuteten	yaave-~:(u)te[to.V.for.or.with][to.cause.to.V.as.one.is.V-ing][to.V.toward.each.other][V→V]-@₁qugh[to.V.completely]-~:(u)te[to.V.for.or.with][to.cause.to.V.as.one.is.V-ing][to.V.toward.each.other][V→V]-te[to.act.on.so.as.to.cause.to.V][V→V][V][Intr][Opt][PRS][2Sg]
yaavuquuteten	yaave-~:(u)te[to.V.for.or.with][to.cause.to.V.as.one.is.V-ing][to.V.toward.each.other][V→V]-@₁qugh[to.V.completely]-~:(u)te[condition.with.respect.to.V-ing][V→N]-te[to.catch.N][to.go.to.N][N→V][V][Intr][Opt][PRS][2Sg]
yaavuquuteten	yaave-~:(u)te[to.V.for.or.with][to.cause.to.V.as.one.is.V-ing][to.V.toward.each.other][V→V]-@₁qugh[to.V.completely]-~:(u)te[condition.with.respect.to.V-ing][V→N][N][Abs][2SgPoss][PlPosd]
yaavuquuteten	yaave-~:(u)te[to.V.for.or.with][to.cause.to.V.as.one.is.V-ing][to.V.toward.each.other][V→V]-@₁qugh[to.V.completely]-~:(u)te[SBJ.V-ed.something][V→V]-te[to.act.on.so.as.to.cause.to.V][V→V][V][Intr][Opt][PRS][2Sg]
yaavuquuteten	yaave-~:(u)te[condition.with.respect.to.V-ing][V→N]-te[to.catch.N][to.go.to.N][N→V]-@₁qugh[to.V.completely]-~:(u)te[to.V.for.or.with][to.cause.to.V.as.one.is.V-ing][to.V.toward.each.other][V→V]-te[to.act.on.so.as.to.cause.to.V][V→V][V][Intr][Opt][PRS][2Sg]
yaavuquuteten	yaave-~:(u)te[condition.with.respect.to.V-ing][V→N]-te[to.catch.N][to.go.to.N][N→V]-@₁qugh[to.V.completely]-~:(u)te[condition.with.respect.to.V-ing][V→N]-te[to.catch.N][to.go.to.N][N→V][V][Intr][Opt][PRS][2Sg]
yaavuquuteten	yaave-~:(u)te[condition.with.respect.to.V-ing][V→N]-te[to.catch.N][to.go.to.N][N→V]-@₁qugh[to.V.completely]-~:(u)te[condition.with.respect.to.V-ing][V→N][N][Abs][2SgPoss][PlPosd]
yaavuquuteten	yaave-~:(u)te[condition.with.respect.to.V-ing][V→N]-te[to.catch.N][to.go.to.N][N→V]-@₁qugh[to.V.completely]-~:(u)te[SBJ.V-ed.something][V→V]-te[to.act.on.so.as.to.cause.to.V][V→V][V][Intr][Opt][PRS][2Sg]
yaavuquuteten	yaave-~:(u)te[SBJ.V-ed.something][V→V]-te[to.act.on.so.as.to.cause.to.V][V→V]-@₁qugh[to.V.completely]-~:(u)te[to.V.for.or.with][to.cause.to.V.as.one.is.V-ing][to.V.toward.each.other][V→V]-te[to.act.on.so.as.to.cause.to.V][V→V][V][Intr][Opt][PRS][2Sg]
yaavuquuteten	yaave-~:(u)te[SBJ.V-ed.something][V→V]-te[to.act.on.so.as.to.cause.to.V][V→V]-@₁qugh[to.V.completely]-~:(u)te[condition.with.respect.to.V-ing][V→N]-te[to.catch.N][to.go.to.N][N→V][V][Intr][Opt][PRS][2Sg]
yaavuquuteten	yaave-~:(u)te[SBJ.V-ed.something][V→V]-te[to.act.on.so.as.to.cause.to.V][V→V]-@₁qugh[to.V.completely]-~:(u)te[condition.with.respect.to.V-ing][V→N][N][Abs][2SgPoss][PlPosd]
yaavuquuteten	yaave-~:(u)te[SBJ.V-ed.something][V→V]-te[to.act.on.so.as.to.cause.to.V][V→V]-@₁qugh[to.V.completely]-~:(u)te[SBJ.V-ed.something][V→V]-te[to.act.on.so.as.to.cause.to.V][V→V][V][Intr][Opt][PRS][2Sg]
yaavuquuteten	yaave-~:(u)te[SBJ.V-ed.something][V→V]-@₁qugh[to.V.completely]-~:(u)te[to.V.for.or.with][to.cause.to.V.as.one.is.V-ing][to.V.toward.each.other][V→V]-te[to.act.on.so.as.to.cause.to.V][V→V][V][Intr][Opt][PRS][2Sg]
yaavuquuteten	yaave-~:(u)te[SBJ.V-ed.something][V→V]-@₁qugh[to.V.completely]-~:(u)te[condition.with.respect.to.V-ing][V→N]-te[to.catch.N][to.go.to.N][N→V][V][Intr][Opt][PRS][2Sg]
yaavuquuteten	yaave-~:(u)te[SBJ.V-ed.something][V→V]-@₁qugh[to.V.completely]-~:(u)te[condition.with.respect.to.V-ing][V→N][N][Abs][2SgPoss][PlPosd]
yaavuquuteten	yaave-~:(u)te[SBJ.V-ed.something][V→V]-@₁qugh[to.V.completely]-~:(u)te[SBJ.V-ed.something][V→V]-te[to.act.on.so.as.to.cause.to.V][V→V][V][Intr][Opt][PRS][2Sg]
yaavuquuteten	yaavuquute-te[to.catch.N][to.go.to.N][N→V][V][Intr][Opt][PRS][2Sg]
yaavuquuteten	yaavuquute[N][Abs][2SgPoss][PlPosd]

taakut	taake[V][Intr][Ind][3Pl]

qaakiki	+?

avelghaqiinaghlukunguq	+?

aghnaghaam	aghnaghagh*[N][Rel][Unpd][Sg]

ugumiyagutepigtekanga	+?

------------------------


------------------------
Imaninguq, "Nuliing, nuliing, yaavuquuteten taakut qaakiki."

imaninguq	imagh[N][Abs][4SgPoss][SgPosd]-nguq[Encl]
imaninguq	imagh[N][Abs][4SgPoss][PlPosd]-nguq[Encl]
imaninguq	imagh[N][Loc][Unpd][Pl]-nguq[Encl]

nuliing	+?

nuliing	+?

yaavuquuteten	yaave-~:(u)te[to.V.for.or.with][to.cause.to.V.as.one.is.V-ing][to.V.toward.each.other][V→V]-te[to.act.on.so.as.to.cause.to.V][V→V]-@₁qugh[to.V.completely]-~:(u)te[to.V.for.or.with][to.cause.to.V.as.one.is.V-ing][to.V.toward.each.other][V→V]-te[to.act.on.so.as.to.cause.to.V][V→V][V][Intr][Opt][PRS][2Sg]
yaavuquuteten	yaave-~:(u)te[to.V.for.or.with][to.cause.to.V.as.one.is.V-ing][to.V.toward.each.other][V→V]-te[to.act.on.so.as.to.cause.to.V][V→V]-@₁qugh[to.V.completely]-~:(u)te[condition.with.respect.to.V-ing][V→N]-te[to.catch.N][to.go.to.N][N→V][V][Intr][Opt][PRS][2Sg]
yaavuquuteten	yaave-~:(u)te[to.V.for.or.with][to.cause.to.V.as.one.is.V-ing][to.V.toward.each.other][V→V]-te[to.act.on.so.as.to.cause.to.V][V→V]-@₁qugh[to.V.completely]-~:(u)te[condition.with.respect.to.V-ing][V→N][N][Abs][2SgPoss][PlPosd]
yaavuquuteten	yaave-~:(u)te[to.V.for.or.with][to.cause.to.V.as.one.is.V-ing][to.V.toward.each.other][V→V]-te[to.act.on.so.as.to.cause.to.V][V→V]-@₁qugh[to.V.completely]-~:(u)te[SBJ.V-ed.something][V→V]-te[to.act.on.so.as.to.cause.to.V][V→V][V][Intr][Opt][PRS][2Sg]
yaavuquuteten	yaave-~:(u)te[to.V.for.or.with][to.cause.to.V.as.one.is.V-ing][to.V.toward.each.other][V→V]-@₁qugh[to.V.completely]-~:(u)te[to.V.for.or.with][to.cause.to.V.as.one.is.V-ing][to.V.toward.each.other][V→V]-te[to.act.on.so.as.to.cause.to.V][V→V][V][Intr][Opt][PRS][2Sg]
yaavuquuteten	yaave-~:(u)te[to.V.for.or.with][to.cause.to.V.as.one.is.V-ing][to.V.toward.each.other][V→V]-@₁qugh[to.V.completely]-~:(u)te[condition.with.respect.to.V-ing][V→N]-te[to.catch.N][to.go.to.N][N→V][V][Intr][Opt][PRS][2Sg]
yaavuquuteten	yaave-~:(u)te[to.V.for.or.with][to.cause.to.V.as.one.is.V-ing][to.V.toward.each.other][V→V]-@₁qugh[to.V.completely]-~:(u)te[condition.with.respect.to.V-ing][V→N][N][Abs][2SgPoss][PlPosd]
yaavuquuteten	yaave-~:(u)te[to.V.for.or.with][to.cause.to.V.as.one.is.V-ing][to.V.toward.each.other][V→V]-@₁qugh[to.V.completely]-~:(u)te[SBJ.V-ed.something][V→V]-te[to.act.on.so.as.to.cause.to.V][V→V][V][Intr][Opt][PRS][2Sg]
yaavuquuteten	yaave-~:(u)te[condition.with.respect.to.V-ing][V→N]-te[to.catch.N][to.go.to.N][N→V]-@₁qugh[to.V.completely]-~:(u)te[to.V.for.or.with][to.cause.to.V.as.one.is.V-ing][to.V.toward.each.other][V→V]-te[to.act.on.so.as.to.cause.to.V][V→V][V][Intr][Opt][PRS][2Sg]
yaavuquuteten	yaave-~:(u)te[condition.with.respect.to.V-ing][V→N]-te[to.catch.N][to.go.to.N][N→V]-@₁qugh[to.V.completely]-~:(u)te[condition.with.respect.to.V-ing][V→N]-te[to.catch.N][to.go.to.N][N→V][V][Intr][Opt][PRS][2Sg]
yaavuquuteten	yaave-~:(u)te[condition.with.respect.to.V-ing][V→N]-te[to.catch.N][to.go.to.N][N→V]-@₁qugh[to.V.completely]-~:(u)te[condition.with.respect.to.V-ing][V→N][N][Abs][2SgPoss][PlPosd]
yaavuquuteten	yaave-~:(u)te[condition.with.respect.to.V-ing][V→N]-te[to.catch.N][to.go.to.N][N→V]-@₁qugh[to.V.completely]-~:(u)te[SBJ.V-ed.something][V→V]-te[to.act.on.so.as.to.cause.to.V][V→V][V][Intr][Opt][PRS][2Sg]
yaavuquuteten	yaave-~:(u)te[SBJ.V-ed.something][V→V]-te[to.act.on.so.as.to.cause.to.V][V→V]-@₁qugh[to.V.completely]-~:(u)te[to.V.for.or.with][to.cause.to.V.as.one.is.V-ing][to.V.toward.each.other][V→V]-te[to.act.on.so.as.to.cause.to.V][V→V][V][Intr][Opt][PRS][2Sg]
yaavuquuteten	yaave-~:(u)te[SBJ.V-ed.something][V→V]-te[to.act.on.so.as.to.cause.to.V][V→V]-@₁qugh[to.V.completely]-~:(u)te[condition.with.respect.to.V-ing][V→N]-te[to.catch.N][to.go.to.N][N→V][V][Intr][Opt][PRS][2Sg]
yaavuquuteten	yaave-~:(u)te[SBJ.V-ed.something][V→V]-te[to.act.on.so.as.to.cause.to.V][V→V]-@₁qugh[to.V.completely]-~:(u)te[condition.with.respect.to.V-ing][V→N][N][Abs][2SgPoss][PlPosd]
yaavuquuteten	yaave-~:(u)te[SBJ.V-ed.something][V→V]-te[to.act.on.so.as.to.cause.to.V][V→V]-@₁qugh[to.V.completely]-~:(u)te[SBJ.V-ed.something][V→V]-te[to.act.on.so.as.to.cause.to.V][V→V][V][Intr][Opt][PRS][2Sg]
yaavuquuteten	yaave-~:(u)te[SBJ.V-ed.something][V→V]-@₁qugh[to.V.completely]-~:(u)te[to.V.for.or.with][to.cause.to.V.as.one.is.V-ing][to.V.toward.each.other][V→V]-te[to.act.on.so.as.to.cause.to.V][V→V][V][Intr][Opt][PRS][2Sg]
yaavuquuteten	yaave-~:(u)te[SBJ.V-ed.something][V→V]-@₁qugh[to.V.completely]-~:(u)te[condition.with.respect.to.V-ing][V→N]-te[to.catch.N][to.go.to.N][N→V][V][Intr][Opt][PRS][2Sg]
yaavuquuteten	yaave-~:(u)te[SBJ.V-ed.something][V→V]-@₁qugh[to.V.completely]-~:(u)te[condition.with.respect.to.V-ing][V→N][N][Abs][2SgPoss][PlPosd]
yaavuquuteten	yaave-~:(u)te[SBJ.V-ed.something][V→V]-@₁qugh[to.V.completely]-~:(u)te[SBJ.V-ed.something][V→V]-te[to.act.on.so.as.to.cause.to.V][V→V][V][Intr][Opt][PRS][2Sg]
yaavuquuteten	yaavuquute-te[to.catch.N][to.go.to.N][N→V][V][Intr][Opt][PRS][2Sg]
yaavuquuteten	yaavuquute[N][Abs][2SgPoss][PlPosd]

taakut	taake[V][Intr][Ind][3Pl]

qaakiki	+?

------------------------


------------------------
Avelghaqiinaghyaghluku atangan aghyuughlaataghaa.

avelghaqiinaghyaghluku	+?

atangan	ata[N][Rel][3SgPoss][SgPosd]
atangan	ata[N][Rel][3SgPoss][PlPosd]

aghyuughlaataghaa	aghyuugh-@₁~laatagh[to.V.anyway][despite.everything.to.still.V][V→V][V][Trns][Ind][3Sg][3Sg]

------------------------
Aga yaavuquutegni agniqepiglluni qaakumakek unaknaqepiglluku taana ivisangiighhaq.

aga	aga

yaavuquutegni	yaave-~:(u)te[to.V.for.or.with][to.cause.to.V.as.one.is.V-ing][to.V.toward.each.other][V→V]-te[to.act.on.so.as.to.cause.to.V][V→V]-@₁qugh[to.V.completely]-~:(u)te[condition.with.respect.to.V-ing][V→N][N][Abs][4SgPoss][DuPosd]
yaavuquutegni	yaave-~:(u)te[to.V.for.or.with][to.cause.to.V.as.one.is.V-ing][to.V.toward.each.other][V→V]-te[to.act.on.so.as.to.cause.to.V][V→V]-@₁qugh[to.V.completely]-~:(u)te[condition.with.respect.to.V-ing][V→N][N][Loc][Unpd][Du]
yaavuquutegni	yaave-~:(u)te[to.V.for.or.with][to.cause.to.V.as.one.is.V-ing][to.V.toward.each.other][V→V]-@₁qugh[to.V.completely]-~:(u)te[condition.with.respect.to.V-ing][V→N][N][Abs][4SgPoss][DuPosd]
yaavuquutegni	yaave-~:(u)te[to.V.for.or.with][to.cause.to.V.as.one.is.V-ing][to.V.toward.each.other][V→V]-@₁qugh[to.V.completely]-~:(u)te[condition.with.respect.to.V-ing][V→N][N][Loc][Unpd][Du]
yaavuquutegni	yaave-~:(u)te[condition.with.respect.to.V-ing][V→N]-te[to.catch.N][to.go.to.N][N→V]-@₁qugh[to.V.completely]-~:(u)te[condition.with.respect.to.V-ing][V→N][N][Abs][4SgPoss][DuPosd]
yaavuquutegni	yaave-~:(u)te[condition.with.respect.to.V-ing][V→N]-te[to.catch.N][to.go.to.N][N→V]-@₁qugh[to.V.completely]-~:(u)te[condition.with.respect.to.V-ing][V→N][N][Loc][Unpd][Du]
yaavuquutegni	yaave-~:(u)te[SBJ.V-ed.something][V→V]-te[to.act.on.so.as.to.cause.to.V][V→V]-@₁qugh[to.V.completely]-~:(u)te[condition.with.respect.to.V-ing][V→N][N][Abs][4SgPoss][DuPosd]
yaavuquutegni	yaave-~:(u)te[SBJ.V-ed.something][V→V]-te[to.act.on.so.as.to.cause.to.V][V→V]-@₁qugh[to.V.completely]-~:(u)te[condition.with.respect.to.V-ing][V→N][N][Loc][Unpd][Du]
yaavuquutegni	yaave-~:(u)te[SBJ.V-ed.something][V→V]-@₁qugh[to.V.completely]-~:(u)te[condition.with.respect.to.V-ing][V→N][N][Abs][4SgPoss][DuPosd]
yaavuquutegni	yaave-~:(u)te[SBJ.V-ed.something][V→V]-@₁qugh[to.V.completely]-~:(u)te[condition.with.respect.to.V-ing][V→N][N][Loc][Unpd][Du]
yaavuquutegni	yaavuquute[N][Abs][4SgPoss][DuPosd]
yaavuquutegni	yaavuquute[N][Loc][Unpd][Du]

agniqepiglluni	agniqe-–pigte[to.be.very.V][to.V.very.much][V→V]-te[to.act.on.so.as.to.cause.to.V][V→V][V][Intr][Sbrd][3Sg]

qaakumakek	qaa-~–ke[to.have.as.one's.N(s)][N→V]-@₁~:(i/u)ma[to.have.V-ed][to.have.been.V-ed][V→V]-@*@₂~sf–(g₂)k(a)e[the.one.that.possessor.V-ed][V→N][N][Abs][Unpd][Du]
qaakumakek	qaa-~–ke[to.have.as.one's.N(s)][N→V]-@₁~:(i/u)ma[to.have.V-ed][to.have.been.V-ed][V→V]-@*@₂~sf–(g₂)k(a)e[the.one.that.possessor.V-ed][V→N][N][Rel][Unpd][Du]

unaknaqepiglluku	+?

taana	taana

ivisangiighhaq	+?

------------------------


------------------------
Legannguq qaakii, suqsughhalegnguq, suqsughhalek, tawatennguq piyalghiimeng sukerakestaghaqeftut

legannguq	+?

qaakii	qaa-~–ke[to.have.as.one's.N(s)][N→V]-~i[SBJ.V-ed.something][V→V]-~i[SBJ.V-ed.something][V→V]-~i[SBJ.V-ed.something][V→V]-~i[SBJ.V-ed.something][V→V]-~i[SBJ.V-ed.something][V→V][V][Intr][Opt][PRS][2Sg]
qaakii	qaa-~–ke[to.have.as.one's.N(s)][N→V]-~i[SBJ.V-ed.something][V→V]-~i[SBJ.V-ed.something][V→V]-~i[SBJ.V-ed.something][V→V]-~i[SBJ.V-ed.something][V→V][V][Intr][Opt][PRS][2Sg]
qaakii	qaa-~–ke[to.have.as.one's.N(s)][N→V]-~i[SBJ.V-ed.something][V→V]-~i[SBJ.V-ed.something][V→V]-~i[SBJ.V-ed.something][V→V][V][Intr][Opt][PRS][2Sg]
qaakii	qaa-~–ke[to.have.as.one's.N(s)][N→V]-~i[SBJ.V-ed.something][V→V]-~i[SBJ.V-ed.something][V→V][V][Intr][Opt][PRS][2Sg]
qaakii	qaa-~–ke[to.have.as.one's.N(s)][N→V]-~i[SBJ.V-ed.something][V→V][V][Intr][Intrg][3Sg]

suqsughhalegnguq	suqsugh-–ghhagh*[dear.N][N→N]-–leg[one.having.N][N→N][N][Abs][Unpd][Sg]-nguq[Encl]

suqsughhalek	suqsugh-–ghhagh*[dear.N][N→N]-–leg[one.having.N][N→N][N][Abs][Unpd][Sg]
suqsughhalek	suqsugh-–ghhalek[how.N][N→XCLM]

tawatennguq	+?

piyalghiimeng	pi-@₁~fyagh[to.go.V-ing][to.V.in.vain][V→V]-@₁–lghii[the.one.that.V-ed][the.one.that.is.V][V→N][N][Rel][4DuPoss][SgPosd]
piyalghiimeng	pi-@₁~fyagh[to.go.V-ing][to.V.in.vain][V→V]-@₁–lghii[the.one.that.V-ed][the.one.that.is.V][V→N][N][Rel][4DuPoss][PlPosd]
piyalghiimeng	pi-@₁~fyagh[to.go.V-ing][to.V.in.vain][V→V]-@₁–lghii[the.one.that.V-ed][the.one.that.is.V][V→N][N][Rel][4PlPoss][SgPosd]
piyalghiimeng	pi-@₁~fyagh[to.go.V-ing][to.V.in.vain][V→V]-@₁–lghii[the.one.that.V-ed][the.one.that.is.V][V→N][N][Rel][4PlPoss][PlPosd]
piyalghiimeng	pi-@₁~fyagh[to.go.V-ing][to.V.in.vain][V→V]-@₁–lghii[the.one.that.V-ed][the.one.that.is.V][V→N][N][Abl_Mod][Unpd][Sg]
piyalghiimeng	pi-~:(u)te[to.V.for.or.with][to.cause.to.V.as.one.is.V-ing][to.V.toward.each.other][V→V]-@₁~fyagh[to.go.V-ing][to.V.in.vain][V→V]-@₁–lghii[the.one.that.V-ed][the.one.that.is.V][V→N][N][Rel][4DuPoss][SgPosd]
piyalghiimeng	pi-~:(u)te[to.V.for.or.with][to.cause.to.V.as.one.is.V-ing][to.V.toward.each.other][V→V]-@₁~fyagh[to.go.V-ing][to.V.in.vain][V→V]-@₁–lghii[the.one.that.V-ed][the.one.that.is.V][V→N][N][Rel][4DuPoss][PlPosd]
piyalghiimeng	pi-~:(u)te[to.V.for.or.with][to.cause.to.V.as.one.is.V-ing][to.V.toward.each.other][V→V]-@₁~fyagh[to.go.V-ing][to.V.in.vain][V→V]-@₁–lghii[the.one.that.V-ed][the.one.that.is.V][V→N][N][Rel][4PlPoss][SgPosd]
piyalghiimeng	pi-~:(u)te[to.V.for.or.with][to.cause.to.V.as.one.is.V-ing][to.V.toward.each.other][V→V]-@₁~fyagh[to.go.V-ing][to.V.in.vain][V→V]-@₁–lghii[the.one.that.V-ed][the.one.that.is.V][V→N][N][Rel][4PlPoss][PlPosd]
piyalghiimeng	pi-~:(u)te[to.V.for.or.with][to.cause.to.V.as.one.is.V-ing][to.V.toward.each.other][V→V]-@₁~fyagh[to.go.V-ing][to.V.in.vain][V→V]-@₁–lghii[the.one.that.V-ed][the.one.that.is.V][V→N][N][Abl_Mod][Unpd][Sg]
piyalghiimeng	pi-~:(u)te[to.V.for.or.with][to.cause.to.V.as.one.is.V-ing][to.V.toward.each.other][V→V][V][Intr][Ptcp_Obl][4Pl]
piyalghiimeng	pi-~:(u)te[SBJ.V-ed.something][V→V]-@₁~fyagh[to.go.V-ing][to.V.in.vain][V→V]-@₁–lghii[the.one.that.V-ed][the.one.that.is.V][V→N][N][Rel][4DuPoss][SgPosd]
piyalghiimeng	pi-~:(u)te[SBJ.V-ed.something][V→V]-@₁~fyagh[to.go.V-ing][to.V.in.vain][V→V]-@₁–lghii[the.one.that.V-ed][the.one.that.is.V][V→N][N][Rel][4DuPoss][PlPosd]
piyalghiimeng	pi-~:(u)te[SBJ.V-ed.something][V→V]-@₁~fyagh[to.go.V-ing][to.V.in.vain][V→V]-@₁–lghii[the.one.that.V-ed][the.one.that.is.V][V→N][N][Rel][4PlPoss][SgPosd]
piyalghiimeng	pi-~:(u)te[SBJ.V-ed.something][V→V]-@₁~fyagh[to.go.V-ing][to.V.in.vain][V→V]-@₁–lghii[the.one.that.V-ed][the.one.that.is.V][V→N][N][Rel][4PlPoss][PlPosd]
piyalghiimeng	pi-~:(u)te[SBJ.V-ed.something][V→V]-@₁~fyagh[to.go.V-ing][to.V.in.vain][V→V]-@₁–lghii[the.one.that.V-ed][the.one.that.is.V][V→N][N][Abl_Mod][Unpd][Sg]
piyalghiimeng	pi-~:(u)te[SBJ.V-ed.something][V→V][V][Intr][Ptcp_Obl][4Pl]
piyalghiimeng	pi[V][Intr][Ptcp_Obl][4Pl]

sukerakestaghaqeftut	+?

------------------------


------------------------
Legannguq yuuk nangllaghqelluni, aghnaghaqlu, aghnaqlu nangllaghqelluteng elngaatall, upumyeghaamaghmeng, quyaghllagumaghmenguq.

legannguq	+?

yuuk	yug[N][Abs][Sg]

nangllaghqelluni	+?

aghnaghaqlu	aghnaghagh*[N][Abs][Unpd][Sg]-llu[Encl]

aghnaqlu	aghnagh[N][Abs][Unpd][Sg]-llu[Encl]

nangllaghqelluteng	+?

elngaatall	elngaatall

upumyeghaamaghmeng	+?

quyaghllagumaghmenguq	+?

------------------------
Sukeraghllagyalghiimenguq, legannguq angyalghun kaatqaghiluki naghughaghtaqiit.

sukeraghllagyalghiimenguq	+?

legannguq	+?

angyalghun	+?

kaatqaghiluki	+?

naghughaghtaqiit	+?

------------------------


------------------------
Teghigmun kaalluteng, ayveghaleghtaaghllagluteng taglaamalukinguq, taawanguq angyalghun taagna upleguta taagavek igleghtaq.

teghigmun	teghig[N][Ter][Unpd][Sg]

kaalluteng	kaate[V][Intr][Sbrd][3Pl]

ayveghaleghtaaghllagluteng	+?

taglaamalukinguq	+?

taawanguq	+?

angyalghun	+?

taagna	taagna

upleguta	+?

taagavek	+?

igleghtaq	+?

------------------------


------------------------
Legannguq nangllaghqulluteng naghughaghhneghata esghapaneghmegteki.

legannguq	+?

nangllaghqulluteng	+?

naghughaghhneghata	+?

esghapaneghmegteki	+?

------------------------
Saghiighayugllaget, allaaghlluwhaghyugllaget, "Aagkut sukatepigtat!"

saghiighayugllaget	+?

allaaghlluwhaghyugllaget	+?

aagkut	aagkut

sukatepigtat	sukate*-–pigte[to.be.very.V][to.V.very.much][V→V][V][Intr][Intrg][3Pl]

------------------------


------------------------
Imanguq yuuk tahna ighneghitalghii unangyuughqwaaghllagaa, aklungighighllagtuq, ayvengyuughqwaaghllagaa.

imanguq	+?

yuuk	yug[N][Abs][Sg]

tahna	+?

ighneghitalghii	+?

unangyuughqwaaghllagaa	+?

aklungighighllagtuq	+?

ayvengyuughqwaaghllagaa	+?

------------------------
Quunpenguq ivisangiighhaq taana aflengakaqegkangat.

quunpenguq	+?

ivisangiighhaq	+?

taana	taana

aflengakaqegkangat	+?

------------------------


------------------------
Tefaay!

tefaay	+?

------------------------
