Aakaqa estugaghtuq yavluni tasluqluku tukfighinaluni laluwaaymeng.

aakaqa	aag-@₁~–(g₁)kaqe[V→V][V][Intr][Intrg][3Sg]
aakaqa	aag-~–(g₁)kaq[V→N]-~–ke[N→V][V][Intr][Intrg][3Sg]
aakaqa	aag-~–(g₁)kaq[V→N]-~–ke[N→N][N][Abs][Unpd][Sg]
aakaqa	aag-~–(g₁)kaq[V→N][N][Abs][1SgPoss][SgPosd]
aakaqa	aag-~–(g₁)kaq[V→N][N][Abs][3SgPoss][SgPosd]
aakaqa	aag-~–qagh[V→V]-@*@₂~sf–(g₂)k(a)e[V→N][N][Abs][Unpd][Sg]
aakaqa	aag-~sf–(g₃)kaq[V→N]-~–ke[N→V][V][Intr][Intrg][3Sg]
aakaqa	aag-~sf–(g₃)kaq[V→N]-~–ke[N→N][N][Abs][Unpd][Sg]
aakaqa	aag-~sf–(g₃)kaq[V→N][N][Abs][1SgPoss][SgPosd]
aakaqa	aag-~sf–(g₃)kaq[V→N][N][Abs][3SgPoss][SgPosd]
aakaqa	aate-@₁~–(g₁)kaqe[V→V][V][Intr][Intrg][3Sg]
aakaqa	aakagh*-~–ke[N→V][V][Intr][Intrg][3Sg]
aakaqa	aakagh*-~–ke[N→N][N][Abs][Unpd][Sg]
aakaqa	aakagh*[N][Abs][1SgPoss][SgPosd]
aakaqa	aghte-@₁~:(u)te[V→V]-@₁~–(g₁)kaqe[V→V][V][Intr][Intrg][3Sg]
aakaqa	aghte-@₁~:(u)n[V→N]-~–ke[N→V]-~(g₁)aqe[V→V][V][Intr][Intrg][3Sg]
aakaqa	aghte-@₁~:(u)n[V→N][N][Abs][1SgPoss][SgPosd]-qa[Encl]

estugaghtuq	estug-–ghagh*[N→N]-–ghte[N→V][V][Intr][Ind][3Sg]
estugaghtuq	estug-–ghagh*[N→N][N][Abs][Unpd][Sg]-tuq[Encl]
estugaghtuq	estug-–ghagh*[N→N]-te[N→V][V][Intr][Ind][3Sg]
estugaghtuq	estugagh-–ghte[N→V][V][Intr][Ind][3Sg]
estugaghtuq	estugagh*-–ghte[N→V][V][Intr][Ind][3Sg]
estugaghtuq	estugagh[N][Abs][Unpd][Sg]-tuq[Encl]
estugaghtuq	estugagh*[N][Abs][Unpd][Sg]-tuq[Encl]
estugaghtuq	estugagh*-te[N→V][V][Intr][Ind][3Sg]
estugaghtuq	estugagh-te[N→V][V][Intr][Ind][3Sg]
estugaghtuq	estug-agh[N→V]-–ghte[V→V][V][Intr][Ind][3Sg]
estugaghtuq	estug-agh[N→V][V][Intr][Ind][3Sg]
estugaghtuq	estug-agh[N→V]-te[V→V][V][Intr][Ind][3Sg]

yavluni	yavlu[N][Abs][4SgPoss][SgPosd]
yavluni	yavlu[N][Abs][4SgPoss][PlPosd]
yavluni	yavlu[N][Loc][Unpd][Pl]
yavluni	yavlu-ni[N→N][N][Abs][Unpd][Sg]

tasluqluku	taslugh-@*@₂~sf–(g₂)k(a)e[V→N]-te[N→V]-te[V→V][V][Trns][Sbrd][_][3Sg]
tasluqluku	taslugh-@*@₂~sf–(g₂)k(a)e[V→N]-te[N→V][V][Trns][Sbrd][_][3Sg]
tasluqluku	tasluqe-te[V→V][V][Trns][Sbrd][_][3Sg]
tasluqluku	tasluqe[V][Trns][Sbrd][_][3Sg]

tukfighinaluni	tukfigh-aq[V→N]-––i[N→V]-@₁~:(u)te[V→V]-@₁~fnaq[V→N]-–luk[N→N][N][Abs][4SgPoss][SgPosd]
tukfighinaluni	tukfigh-aq[V→N]-––i[N→V]-@₁~:(u)te[V→V]-@₁~fnaq[V→N]-–luk[N→N][N][Abs][4SgPoss][PlPosd]
tukfighinaluni	tukfigh-aq[V→N]-––i[N→V]-@₁~:(u)te[V→V]-@₁~fna[V→V]-@₁~:(u)te[V→V][V][Intr][Sbrd][3Sg]
tukfighinaluni	tukfigh-aq[V→N]-––i[N→V]-@₁~:(u)te[V→V]-@₁~fna[V→V]-@₁~:(u)n[V→N]-–luk[N→N][N][Abs][4SgPoss][SgPosd]
tukfighinaluni	tukfigh-aq[V→N]-––i[N→V]-@₁~:(u)te[V→V]-@₁~fna[V→V]-@₁~:(u)n[V→N]-–luk[N→N][N][Abs][4SgPoss][PlPosd]
tukfighinaluni	tukfigh-aq[V→N]-––i[N→V]-@₁~:(u)te[V→V]-@₁~fna[V→V]-~:(u)te[V→V][V][Intr][Sbrd][3Sg]
tukfighinaluni	tukfigh-aq[V→N]-––i[N→V]-@₁~:(u)te[V→V]-@₁~fna[V→V][V][Intr][Sbrd][3Sg]
tukfighinaluni	tukfigh-aq[V→N]-––i[N→V]-@₁~fnaq[V→N]-–luk[N→N][N][Abs][4SgPoss][SgPosd]
tukfighinaluni	tukfigh-aq[V→N]-––i[N→V]-@₁~fnaq[V→N]-–luk[N→N][N][Abs][4SgPoss][PlPosd]
tukfighinaluni	tukfigh-aq[V→N]-––i[N→V]-@₁~fna[V→V]-@₁~:(u)te[V→V][V][Intr][Sbrd][3Sg]
tukfighinaluni	tukfigh-aq[V→N]-––i[N→V]-@₁~fna[V→V]-@₁~:(u)n[V→N]-–luk[N→N][N][Abs][4SgPoss][SgPosd]
tukfighinaluni	tukfigh-aq[V→N]-––i[N→V]-@₁~fna[V→V]-@₁~:(u)n[V→N]-–luk[N→N][N][Abs][4SgPoss][PlPosd]
tukfighinaluni	tukfigh-aq[V→N]-––i[N→V]-@₁~fna[V→V]-~:(u)te[V→V][V][Intr][Sbrd][3Sg]
tukfighinaluni	tukfigh-aq[V→N]-––i[N→V]-@₁~fna[V→V][V][Intr][Sbrd][3Sg]
tukfighinaluni	tukfigh-aq[V→N]-––i[N→V]-~:(u)te[V→V]-@₁~fnaq[V→N]-–luk[N→N][N][Abs][4SgPoss][SgPosd]
tukfighinaluni	tukfigh-aq[V→N]-––i[N→V]-~:(u)te[V→V]-@₁~fnaq[V→N]-–luk[N→N][N][Abs][4SgPoss][PlPosd]
tukfighinaluni	tukfigh-aq[V→N]-––i[N→V]-~:(u)te[V→V]-@₁~fna[V→V]-@₁~:(u)te[V→V][V][Intr][Sbrd][3Sg]
tukfighinaluni	tukfigh-aq[V→N]-––i[N→V]-~:(u)te[V→V]-@₁~fna[V→V]-@₁~:(u)n[V→N]-–luk[N→N][N][Abs][4SgPoss][SgPosd]
tukfighinaluni	tukfigh-aq[V→N]-––i[N→V]-~:(u)te[V→V]-@₁~fna[V→V]-@₁~:(u)n[V→N]-–luk[N→N][N][Abs][4SgPoss][PlPosd]
tukfighinaluni	tukfigh-aq[V→N]-––i[N→V]-~:(u)te[V→V]-@₁~fna[V→V]-~:(u)te[V→V][V][Intr][Sbrd][3Sg]
tukfighinaluni	tukfigh-aq[V→N]-––i[N→V]-~:(u)te[V→V]-@₁~fna[V→V][V][Intr][Sbrd][3Sg]
tukfighinaluni	tukfigh-~i[V→V]-@₁~:(u)te[V→V]-@₁~fnaq[V→N]-–luk[N→N][N][Abs][4SgPoss][SgPosd]
tukfighinaluni	tukfigh-~i[V→V]-@₁~:(u)te[V→V]-@₁~fnaq[V→N]-–luk[N→N][N][Abs][4SgPoss][PlPosd]
tukfighinaluni	tukfigh-~i[V→V]-@₁~:(u)te[V→V]-@₁~fna[V→V]-@₁~:(u)te[V→V][V][Intr][Sbrd][3Sg]
tukfighinaluni	tukfigh-~i[V→V]-@₁~:(u)te[V→V]-@₁~fna[V→V]-@₁~:(u)n[V→N]-–luk[N→N][N][Abs][4SgPoss][SgPosd]
tukfighinaluni	tukfigh-~i[V→V]-@₁~:(u)te[V→V]-@₁~fna[V→V]-@₁~:(u)n[V→N]-–luk[N→N][N][Abs][4SgPoss][PlPosd]
tukfighinaluni	tukfigh-~i[V→V]-@₁~:(u)te[V→V]-@₁~fna[V→V]-~:(u)te[V→V][V][Intr][Sbrd][3Sg]
tukfighinaluni	tukfigh-~i[V→V]-@₁~:(u)te[V→V]-@₁~fna[V→V][V][Intr][Sbrd][3Sg]
tukfighinaluni	tukfigh-~i[V→V]-@₁~fnaq[V→N]-–luk[N→N][N][Abs][4SgPoss][SgPosd]
tukfighinaluni	tukfigh-~i[V→V]-@₁~fnaq[V→N]-–luk[N→N][N][Abs][4SgPoss][PlPosd]
tukfighinaluni	tukfigh-~i[V→V]-@₁~fna[V→V]-@₁~:(u)te[V→V][V][Intr][Sbrd][3Sg]
tukfighinaluni	tukfigh-~i[V→V]-@₁~fna[V→V]-@₁~:(u)n[V→N]-–luk[N→N][N][Abs][4SgPoss][SgPosd]
tukfighinaluni	tukfigh-~i[V→V]-@₁~fna[V→V]-@₁~:(u)n[V→N]-–luk[N→N][N][Abs][4SgPoss][PlPosd]
tukfighinaluni	tukfigh-~i[V→V]-@₁~fna[V→V]-~:(u)te[V→V][V][Intr][Sbrd][3Sg]
tukfighinaluni	tukfigh-~i[V→V]-@₁~fna[V→V][V][Intr][Sbrd][3Sg]
tukfighinaluni	tukfigh-~i[V→V]-~:(u)te[V→V]-@₁~fnaq[V→N]-–luk[N→N][N][Abs][4SgPoss][SgPosd]
tukfighinaluni	tukfigh-~i[V→V]-~:(u)te[V→V]-@₁~fnaq[V→N]-–luk[N→N][N][Abs][4SgPoss][PlPosd]
tukfighinaluni	tukfigh-~i[V→V]-~:(u)te[V→V]-@₁~fna[V→V]-@₁~:(u)te[V→V][V][Intr][Sbrd][3Sg]
tukfighinaluni	tukfigh-~i[V→V]-~:(u)te[V→V]-@₁~fna[V→V]-@₁~:(u)n[V→N]-–luk[N→N][N][Abs][4SgPoss][SgPosd]
tukfighinaluni	tukfigh-~i[V→V]-~:(u)te[V→V]-@₁~fna[V→V]-@₁~:(u)n[V→N]-–luk[N→N][N][Abs][4SgPoss][PlPosd]
tukfighinaluni	tukfigh-~i[V→V]-~:(u)te[V→V]-@₁~fna[V→V]-~:(u)te[V→V][V][Intr][Sbrd][3Sg]
tukfighinaluni	tukfigh-~i[V→V]-~:(u)te[V→V]-@₁~fna[V→V][V][Intr][Sbrd][3Sg]
tukfighinaluni	tukfighagh-––i[N→V]-@₁~:(u)te[V→V]-@₁~fnaq[V→N]-–luk[N→N][N][Abs][4SgPoss][SgPosd]
tukfighinaluni	tukfighagh-––i[N→V]-@₁~:(u)te[V→V]-@₁~fnaq[V→N]-–luk[N→N][N][Abs][4SgPoss][PlPosd]
tukfighinaluni	tukfighagh-––i[N→V]-@₁~:(u)te[V→V]-@₁~fna[V→V]-@₁~:(u)te[V→V][V][Intr][Sbrd][3Sg]
tukfighinaluni	tukfighagh-––i[N→V]-@₁~:(u)te[V→V]-@₁~fna[V→V]-@₁~:(u)n[V→N]-–luk[N→N][N][Abs][4SgPoss][SgPosd]
tukfighinaluni	tukfighagh-––i[N→V]-@₁~:(u)te[V→V]-@₁~fna[V→V]-@₁~:(u)n[V→N]-–luk[N→N][N][Abs][4SgPoss][PlPosd]
tukfighinaluni	tukfighagh-––i[N→V]-@₁~:(u)te[V→V]-@₁~fna[V→V]-~:(u)te[V→V][V][Intr][Sbrd][3Sg]
tukfighinaluni	tukfighagh-––i[N→V]-@₁~:(u)te[V→V]-@₁~fna[V→V][V][Intr][Sbrd][3Sg]
tukfighinaluni	tukfighagh-––i[N→V]-@₁~fnaq[V→N]-–luk[N→N][N][Abs][4SgPoss][SgPosd]
tukfighinaluni	tukfighagh-––i[N→V]-@₁~fnaq[V→N]-–luk[N→N][N][Abs][4SgPoss][PlPosd]
tukfighinaluni	tukfighagh-––i[N→V]-@₁~fna[V→V]-@₁~:(u)te[V→V][V][Intr][Sbrd][3Sg]
tukfighinaluni	tukfighagh-––i[N→V]-@₁~fna[V→V]-@₁~:(u)n[V→N]-–luk[N→N][N][Abs][4SgPoss][SgPosd]
tukfighinaluni	tukfighagh-––i[N→V]-@₁~fna[V→V]-@₁~:(u)n[V→N]-–luk[N→N][N][Abs][4SgPoss][PlPosd]
tukfighinaluni	tukfighagh-––i[N→V]-@₁~fna[V→V]-~:(u)te[V→V][V][Intr][Sbrd][3Sg]
tukfighinaluni	tukfighagh-––i[N→V]-@₁~fna[V→V][V][Intr][Sbrd][3Sg]
tukfighinaluni	tukfighagh-––i[N→V]-~:(u)te[V→V]-@₁~fnaq[V→N]-–luk[N→N][N][Abs][4SgPoss][SgPosd]
tukfighinaluni	tukfighagh-––i[N→V]-~:(u)te[V→V]-@₁~fnaq[V→N]-–luk[N→N][N][Abs][4SgPoss][PlPosd]
tukfighinaluni	tukfighagh-––i[N→V]-~:(u)te[V→V]-@₁~fna[V→V]-@₁~:(u)te[V→V][V][Intr][Sbrd][3Sg]
tukfighinaluni	tukfighagh-––i[N→V]-~:(u)te[V→V]-@₁~fna[V→V]-@₁~:(u)n[V→N]-–luk[N→N][N][Abs][4SgPoss][SgPosd]
tukfighinaluni	tukfighagh-––i[N→V]-~:(u)te[V→V]-@₁~fna[V→V]-@₁~:(u)n[V→N]-–luk[N→N][N][Abs][4SgPoss][PlPosd]
tukfighinaluni	tukfighagh-––i[N→V]-~:(u)te[V→V]-@₁~fna[V→V]-~:(u)te[V→V][V][Intr][Sbrd][3Sg]
tukfighinaluni	tukfighagh-––i[N→V]-~:(u)te[V→V]-@₁~fna[V→V][V][Intr][Sbrd][3Sg]

laluwaaymeng	laluwaay[N][Abl_Mod][Unpd][Sg]
laluwaaymeng	laluwaay[N][Rel][4DuPoss][PlPosd]
laluwaaymeng	laluwaay[N][Rel][4DuPoss][SgPosd]
laluwaaymeng	laluwaay[N][Rel][4PlPoss][PlPosd]
laluwaaymeng	laluwaay[N][Rel][4PlPoss][SgPosd]
laluwaaymeng	laluwaaye[N][Abl_Mod][Unpd][Sg]
laluwaaymeng	laluwaaye[N][Rel][4DuPoss][PlPosd]
laluwaaymeng	laluwaaye[N][Rel][4DuPoss][SgPosd]
laluwaaymeng	laluwaaye[N][Rel][4PlPoss][PlPosd]
laluwaaymeng	laluwaaye[N][Rel][4PlPoss][SgPosd]

------------------------
Nanevgaq piyugluni aghulaqumalghii naayvamun eltughani maliglluku.

nanevgaq	nanevgagh[N][Abs][Unpd][Sg]

piyugluni	pi-@₁~:(u)te[V→V]-@₁~fyug[V→V][V][Intr][Sbrd][3Sg]
piyugluni	pi-@₁~fyug[V→V][V][Intr][Sbrd][3Sg]
piyugluni	pi-~:(u)te[V→V]-@₁~fyug[V→V][V][Intr][Sbrd][3Sg]
piyugluni	piyug[V][Intr][Sbrd][3Sg]

aghulaqumalghii	aghula-–qu[V→V]-@₁~:(i/u)ma[V→V]-@₁–lghii[V→N][N][Abs][Unpd][Sg]
aghulaqumalghii	aghula-–qu[V→V]-@₁~:(i/u)magh[V→V]-@₁–lghii[V→N][N][Abs][Unpd][Sg]
aghulaqumalghii	aghulaqe-@₁~:(i/u)ma[V→V]-@₁–lghii[V→N][N][Abs][Unpd][Sg]
aghulaqumalghii	aghulaqe-@₁~:(i/u)magh[V→V]-@₁–lghii[V→N][N][Abs][Unpd][Sg]
aghulaqumalghii	aghula-qe[N→V]-@₁~:(i/u)ma[V→V]-@₁–lghii[V→N][N][Abs][Unpd][Sg]
aghulaqumalghii	aghula-qe[N→V]-@₁~:(i/u)magh[V→V]-@₁–lghii[V→N][N][Abs][Unpd][Sg]
aghulaqumalghii	aghula-qu[N→V]-@₁~:(i/u)ma[V→V]-@₁–lghii[V→N][N][Abs][Unpd][Sg]
aghulaqumalghii	aghula-qu[N→V]-@₁~:(i/u)magh[V→V]-@₁–lghii[V→N][N][Abs][Unpd][Sg]

naayvamun	Naayvagh[N][Ter][Unpd][Sg]
naayvamun	naayvagh[N][Ter][Unpd][Sg]

eltughani	elte-te[V→V]-@₁~:(u)n[V→N]-–ghagh*[N→N][N][Abs][4SgPoss][SgPosd]
eltughani	elte-te[V→V]-@₁~:(u)n[V→N]-–ghagh*[N→N][N][Abs][4SgPoss][PlPosd]
eltughani	eltughagh*[N][Abs][4SgPoss][SgPosd]
eltughani	eltughagh*[N][Abs][4SgPoss][PlPosd]
eltughani	eltugh-aq[V→N][N][Abs][4SgPoss][SgPosd]
eltughani	eltugh-aq[V→N][N][Abs][4SgPoss][PlPosd]

------------------------
Iyataghyama neghaqa satelgam kemekraga gaaghpenaan.

iyataghyama	iyatagh[V][Intr][CnsqI][1Sg]

neghaqa	ne-–ghagh*[N→N]-~–ke[N→V][V][Intr][Intrg][3Sg]
neghaqa	ne-–ghagh*[N→N]-~–ke[N→N][N][Abs][Unpd][Sg]
neghaqa	ne-–ghagh*[N→N][N][Abs][1SgPoss][SgPosd]
neghaqa	negh-~(g₁)aqe[V→V][V][Intr][Intrg][3Sg]
neghaqa	neghe-~(g₁)aqe[V→V][V][Intr][Intrg][3Sg]
neghaqa	neghe[V][Trns][Ind][1Sg][3Sg]
neghaqa	negh[V][Trns][Ind][1Sg][3Sg]
neghaqa	negh-aq[V→N]-~–ke[N→V][V][Intr][Intrg][3Sg]
neghaqa	negh-aq[V→N]-~–ke[N→N][N][Abs][Unpd][Sg]
neghaqa	negh-aq[V→N][N][Abs][1SgPoss][SgPosd]
neghaqa	negh-aq[V→N][N][Abs][3SgPoss][SgPosd]

satelgam	satelgagh[N][Rel][Unpd][Sg]

kemekraga	kemekrag[N][Abs][3SgPoss][SgPosd]

gaaghpenaan	gaagh-@₁–nghite**[V→V][V][Trns][Sbrd][_][3Sg]
gaaghpenaan	gaagh-–gpe[V→V]-@₁~fnaq[V→N]-–ghte[N→V]-@₁~:(u)n[V→N][N][Abs][Unpd][Sg]
gaaghpenaan	gaagh-–gpe[V→V]-@₁~fnaq[V→N]-–ghte[N→V]-te[V→V]-@₁~:(u)n[V→N][N][Abs][Unpd][Sg]
gaaghpenaan	gaagh-–gpe[V→V]-@₁~fna[V→V]-@₁~:(u)te[V→V]-@₁~:(u)n[V→N][N][Abs][Unpd][Sg]
gaaghpenaan	gaagh-–gpe[V→V]-@₁~fna[V→V]-@₁~:(u)n[V→N]-–ghte[N→V]-@₁~:(u)n[V→N][N][Abs][Unpd][Sg]
gaaghpenaan	gaagh-–gpe[V→V]-@₁~fna[V→V]-@₁~:(u)n[V→N]-–ghte[N→V]-te[V→V]-@₁~:(u)n[V→N][N][Abs][Unpd][Sg]
gaaghpenaan	gaagh-–gpe[V→V]-@₁~fna[V→V]-te[V→V]-@₁~:(u)n[V→N][N][Abs][Unpd][Sg]
gaaghpenaan	gaagh-–gpe[V→V]-@₁~fna[V→V]-~:(u)te[V→V]-@₁~:(u)n[V→N][N][Abs][Unpd][Sg]
gaaghpenaan	gaagh-–gpe[V→V]-@₁~fna[V→V]-~:(u)te[V→N]-te[N→V]-@₁~:(u)n[V→N][N][Abs][Unpd][Sg]
gaaghpenaan	gaagh-–gpe[V→V]-@₁~fna[V→V]-~:(u)te[V→N]-te[N→V]-te[V→V]-@₁~:(u)n[V→N][N][Abs][Unpd][Sg]
gaaghpenaan	gaagh-–gpe[V→V]-@₁~fna[V→V]-–ghte[V→V]-@₁~:(u)n[V→N][N][Abs][Unpd][Sg]
gaaghpenaan	gaagh-–gpe[V→V]-@₁~fna[V→V][V][Trns][Ind][2Sg][3Sg]
gaaghpenaan	gaagh-–gpe[V→V]-@₁~fnagh[V→V]-–ghte[V→V]-@₁~:(u)n[V→N][N][Abs][Unpd][Sg]
gaaghpenaan	gaagh-–gpe[V→V]-@₁~fnagh[V→V]-@₁~:(u)n[V→N][N][Abs][Unpd][Sg]
gaaghpenaan	gaagh-–gpe[V→V]-@₁~fnagh[V→V]-te[V→V]-@₁~:(u)n[V→N][N][Abs][Unpd][Sg]
gaaghpenaan	gaagh-–gpe[V→V]-@₁~fnagh[V→V]-~:(ng₁)u[V→V]-@₁~:(u)n[V→N][N][Abs][Unpd][Sg]
gaaghpenaan	gaagh-–gpe[V→V]-@₁~fnagh[V→V]-~:(ng₁)u[V→V]-~:(u)te[V→N][N][Abs][Unpd][Sg]
gaaghpenaan	gaagh-–gpe[V→V]-@₁~fnagh[V→V]-~:(u)te[V→N][N][Abs][Unpd][Sg]

------------------------
Apama atanga kiyaghtaqngan Ungazimi yuget nenglulguftut mangteghangunateng.

apama	apa[N][Rel][1SgPoss][SgPosd]
apama	apa[N][Rel][1SgPoss][PlPosd]

atanga	ata-–nge[N→V][V][Intr][Intrg][3Sg]
atanga	ata[N][Abs][3SgPoss][SgPosd]

kiyaghtaqngan	kiyaghte-~(g₁)aqe[V→V]-~fnga[V→V]-@₁~:(u)n[V→N][N][Abs][Unpd][Sg]
kiyaghtaqngan	kiyaghte-~(g₁)aqe[V→V]-~fnga[V→V]-~:(u)te[V→N][N][Abs][Unpd][Sg]
kiyaghtaqngan	kiyaghte-~(g₁)aqe[V→V][V][Intr][CnsqI][3Sg]
kiyaghtaqngan	kiyaghte[V][Intr][CnsqII][3Sg]
kiyaghtaqngan	kiyaghte[V][Trns][CnsqII][3Sg]

ungazimi	Ungazigh[N][Loc][Unpd][Sg]
ungazimi	Ungazigh[N][Rel][4SgPoss][PlPosd]
ungazimi	Ungazigh[N][Rel][4SgPoss][SgPosd]

yuget	yu(u)g[N][Abs][Unpd][Pl]
yuget	yu(u)g[N][Rel][Unpd][Pl]
yuget	yug[N][Abs][Unpd][Pl]
yuget	yug[N][Rel][Unpd][Pl]

nenglulguftut	nenglu-–leg[N→N]-~:(ng₁)u[N→V]-(pete)fte[V→V][V][Intr][Ind][3Pl]
nenglulguftut	nenglu-–lgu[N→V]-(pete)fte[V→V][V][Intr][Ind][3Pl]

mangteghangunateng	mangteghagh-~:(ng₁)ite**[N→V][V][Intr][Sbrd][3Pl]
mangteghangunateng	mangteghagh-–ngu[N→V]-@₁~:(u)te[V→V]-@₁~fnaq[V→N][N][Abs][4PlPoss][PlPosd]
mangteghangunateng	mangteghagh-–ngu[N→V]-@₁~:(u)te[V→V]-@₁~fna[V→V]-@₁~:(u)n[V→N][N][Abs][4PlPoss][PlPosd]
mangteghangunateng	mangteghagh-–ngu[N→V]-@₁~fnaq[V→N][N][Abs][4PlPoss][PlPosd]
mangteghangunateng	mangteghagh-–ngu[N→V]-@₁~fna[V→V]-@₁~:(u)n[V→N][N][Abs][4PlPoss][PlPosd]
mangteghangunateng	mangteghagh-–ngu[N→V]-~:(u)te[V→V]-@₁~fnaq[V→N][N][Abs][4PlPoss][PlPosd]
mangteghangunateng	mangteghagh-–ngu[N→V]-~:(u)te[V→V]-@₁~fna[V→V]-@₁~:(u)n[V→N][N][Abs][4PlPoss][PlPosd]
mangteghangunateng	mangteghagh-–ngu[V→V]-@₁~:(u)te[V→V]-@₁~fnaq[V→N][N][Abs][4PlPoss][PlPosd]
mangteghangunateng	mangteghagh-–ngu[V→V]-@₁~:(u)te[V→V]-@₁~fna[V→V]-@₁~:(u)n[V→N][N][Abs][4PlPoss][PlPosd]
mangteghangunateng	mangteghagh-–ngu[V→V]-@₁~fnaq[V→N][N][Abs][4PlPoss][PlPosd]
mangteghangunateng	mangteghagh-–ngu[V→V]-@₁~fna[V→V]-@₁~:(u)n[V→N][N][Abs][4PlPoss][PlPosd]
mangteghangunateng	mangteghagh-–ngu[V→V]-~:(u)te[V→V]-@₁~fnaq[V→N][N][Abs][4PlPoss][PlPosd]
mangteghangunateng	mangteghagh-–ngu[V→V]-~:(u)te[V→V]-@₁~fna[V→V]-@₁~:(u)n[V→N][N][Abs][4PlPoss][PlPosd]

------------------------
Aghnalqwaaghem ungipaataanga an\'gighniluten.

aghnalqwaaghem	aghnalqwaagh[N][Rel][Unpd][Sg]

ungipaataanga	ungipagh-–ghte[N→V]-@₁~:(u)n[V→N]-–tu[N→V][V][Trns][Intrg][3Sg][1Sg]
ungipaataanga	ungipagh-–ghte[N→V]-@₁~:(u)n[V→N]-–tu[N→V]-aq[V→N]-–nge[N→V][V][Intr][Intrg][3Sg]
ungipaataanga	ungipagh-–ghte[N→V]-@₁~:(u)te[V→V]-~aghte[V→V]-@₁~:(u)n[V→N]-–nge[N→V][V][Intr][Intrg][3Sg]
ungipaataanga	ungipagh-–ghte[N→V]-@₁~:(u)te[V→V][V][Trns][Ind][3Sg][1Sg]
ungipaataanga	ungipagh-–ghte[N→V]-@₁~:(u)taq[V→N]-–ghte[N→V]-@₁~:(u)n[V→N]-–nge[N→V][V][Intr][Intrg][3Sg]
ungipaataanga	ungipagh-–ghte[N→V]-@₁~:(u)taq[V→N]-–ghte[N→V]-te[V→V]-@₁~:(u)n[V→N]-–nge[N→V][V][Intr][Intrg][3Sg]
ungipaataanga	ungipagh-–ghte[N→V]-@₁~:(u)ta[V→N]-te[N→V]-@₁~:(u)n[V→N]-–nge[N→V][V][Intr][Intrg][3Sg]
ungipaataanga	ungipagh-–ghte[N→V]-@₁~:(u)ta[V→N]-te[N→V]-te[V→V]-@₁~:(u)n[V→N]-–nge[N→V][V][Intr][Intrg][3Sg]
ungipaataanga	ungipagh-–ghte[N→V]-@₁~:(u)ta[V→N]-–ghte[N→V]-@₁~:(u)n[V→N]-–nge[N→V][V][Intr][Intrg][3Sg]
ungipaataanga	ungipagh-–ghte[N→V]-@₁~:(u)ta[V→N]-–ghte[N→V]-te[V→V]-@₁~:(u)n[V→N]-–nge[N→V][V][Intr][Intrg][3Sg]
ungipaataanga	ungipagh-–ghte[N→V]-te[V→V]-@₁~:(u)n[V→N]-–tu[N→V][V][Trns][Intrg][3Sg][1Sg]
ungipaataanga	ungipagh-–ghte[N→V]-te[V→V]-@₁~:(u)n[V→N]-–tu[N→V]-aq[V→N]-–nge[N→V][V][Intr][Intrg][3Sg]
ungipaataanga	ungipagh-–ghte[N→V]-te[V→V]-@₁~:(u)te[V→V]-~aghte[V→V]-@₁~:(u)n[V→N]-–nge[N→V][V][Intr][Intrg][3Sg]
ungipaataanga	ungipagh-–ghte[N→V]-te[V→V]-@₁~:(u)te[V→V][V][Trns][Ind][3Sg][1Sg]
ungipaataanga	ungipagh-–ghte[N→V]-te[V→V]-@₁~:(u)taq[V→N]-–ghte[N→V]-@₁~:(u)n[V→N]-–nge[N→V][V][Intr][Intrg][3Sg]
ungipaataanga	ungipagh-–ghte[N→V]-te[V→V]-@₁~:(u)taq[V→N]-–ghte[N→V]-te[V→V]-@₁~:(u)n[V→N]-–nge[N→V][V][Intr][Intrg][3Sg]
ungipaataanga	ungipagh-–ghte[N→V]-te[V→V]-@₁~:(u)ta[V→N]-te[N→V]-@₁~:(u)n[V→N]-–nge[N→V][V][Intr][Intrg][3Sg]
ungipaataanga	ungipagh-–ghte[N→V]-te[V→V]-@₁~:(u)ta[V→N]-te[N→V]-te[V→V]-@₁~:(u)n[V→N]-–nge[N→V][V][Intr][Intrg][3Sg]
ungipaataanga	ungipagh-–ghte[N→V]-te[V→V]-@₁~:(u)ta[V→N]-–ghte[N→V]-@₁~:(u)n[V→N]-–nge[N→V][V][Intr][Intrg][3Sg]
ungipaataanga	ungipagh-–ghte[N→V]-te[V→V]-@₁~:(u)ta[V→N]-–ghte[N→V]-te[V→V]-@₁~:(u)n[V→N]-–nge[N→V][V][Intr][Intrg][3Sg]
ungipaataanga	ungipagh-–ghte[V→V]-@₁~:(u)n[V→N]-–tu[N→V][V][Trns][Intrg][3Sg][1Sg]
ungipaataanga	ungipagh-–ghte[V→V]-@₁~:(u)n[V→N]-–tu[N→V]-aq[V→N]-–nge[N→V][V][Intr][Intrg][3Sg]
ungipaataanga	ungipagh-–ghte[V→V]-@₁~:(u)te[V→V]-~aghte[V→V]-@₁~:(u)n[V→N]-–nge[N→V][V][Intr][Intrg][3Sg]
ungipaataanga	ungipagh-–ghte[V→V]-@₁~:(u)te[V→V][V][Trns][Ind][3Sg][1Sg]
ungipaataanga	ungipagh-–ghte[V→V]-@₁~:(u)taq[V→N]-–ghte[N→V]-@₁~:(u)n[V→N]-–nge[N→V][V][Intr][Intrg][3Sg]
ungipaataanga	ungipagh-–ghte[V→V]-@₁~:(u)taq[V→N]-–ghte[N→V]-te[V→V]-@₁~:(u)n[V→N]-–nge[N→V][V][Intr][Intrg][3Sg]
ungipaataanga	ungipagh-–ghte[V→V]-@₁~:(u)ta[V→N]-te[N→V]-@₁~:(u)n[V→N]-–nge[N→V][V][Intr][Intrg][3Sg]
ungipaataanga	ungipagh-–ghte[V→V]-@₁~:(u)ta[V→N]-te[N→V]-te[V→V]-@₁~:(u)n[V→N]-–nge[N→V][V][Intr][Intrg][3Sg]
ungipaataanga	ungipagh-–ghte[V→V]-@₁~:(u)ta[V→N]-–ghte[N→V]-@₁~:(u)n[V→N]-–nge[N→V][V][Intr][Intrg][3Sg]
ungipaataanga	ungipagh-–ghte[V→V]-@₁~:(u)ta[V→N]-–ghte[N→V]-te[V→V]-@₁~:(u)n[V→N]-–nge[N→V][V][Intr][Intrg][3Sg]
ungipaataanga	ungipaate-~aghte[V→V]-@₁~:(u)n[V→N]-–nge[N→V][V][Intr][Intrg][3Sg]
ungipaataanga	ungipaate[V][Trns][Ind][3Sg][1Sg]
ungipaataanga	ungipagh-@₁~:(u)n[V→N]-–tu[N→V][V][Trns][Intrg][3Sg][1Sg]
ungipaataanga	ungipagh-@₁~:(u)n[V→N]-–tu[N→V]-aq[V→N]-–nge[N→V][V][Intr][Intrg][3Sg]
ungipaataanga	ungipagh-@₁~:(u)te[V→V]-~aghte[V→V]-@₁~:(u)n[V→N]-–nge[N→V][V][Intr][Intrg][3Sg]
ungipaataanga	ungipagh-@₁~:(u)te[V→V][V][Trns][Ind][3Sg][1Sg]
ungipaataanga	ungipagh-@₁~:(u)taq[V→N]-–ghte[N→V]-@₁~:(u)n[V→N]-–nge[N→V][V][Intr][Intrg][3Sg]
ungipaataanga	ungipagh-@₁~:(u)taq[V→N]-–ghte[N→V]-te[V→V]-@₁~:(u)n[V→N]-–nge[N→V][V][Intr][Intrg][3Sg]
ungipaataanga	ungipagh-@₁~:(u)ta[V→N]-te[N→V]-@₁~:(u)n[V→N]-–nge[N→V][V][Intr][Intrg][3Sg]
ungipaataanga	ungipagh-@₁~:(u)ta[V→N]-te[N→V]-te[V→V]-@₁~:(u)n[V→N]-–nge[N→V][V][Intr][Intrg][3Sg]
ungipaataanga	ungipagh-@₁~:(u)ta[V→N]-–ghte[N→V]-@₁~:(u)n[V→N]-–nge[N→V][V][Intr][Intrg][3Sg]
ungipaataanga	ungipagh-@₁~:(u)ta[V→N]-–ghte[N→V]-te[V→V]-@₁~:(u)n[V→N]-–nge[N→V][V][Intr][Intrg][3Sg]
ungipaataanga	ungipagh-te[N→V]-@₁~:(u)n[V→N]-–tu[N→V][V][Trns][Intrg][3Sg][1Sg]
ungipaataanga	ungipagh-te[N→V]-@₁~:(u)n[V→N]-–tu[N→V]-aq[V→N]-–nge[N→V][V][Intr][Intrg][3Sg]
ungipaataanga	ungipagh-te[N→V]-@₁~:(u)te[V→V]-~aghte[V→V]-@₁~:(u)n[V→N]-–nge[N→V][V][Intr][Intrg][3Sg]
ungipaataanga	ungipagh-te[N→V]-@₁~:(u)te[V→V][V][Trns][Ind][3Sg][1Sg]
ungipaataanga	ungipagh-te[N→V]-@₁~:(u)taq[V→N]-–ghte[N→V]-@₁~:(u)n[V→N]-–nge[N→V][V][Intr][Intrg][3Sg]
ungipaataanga	ungipagh-te[N→V]-@₁~:(u)taq[V→N]-–ghte[N→V]-te[V→V]-@₁~:(u)n[V→N]-–nge[N→V][V][Intr][Intrg][3Sg]
ungipaataanga	ungipagh-te[N→V]-@₁~:(u)ta[V→N]-te[N→V]-@₁~:(u)n[V→N]-–nge[N→V][V][Intr][Intrg][3Sg]
ungipaataanga	ungipagh-te[N→V]-@₁~:(u)ta[V→N]-te[N→V]-te[V→V]-@₁~:(u)n[V→N]-–nge[N→V][V][Intr][Intrg][3Sg]
ungipaataanga	ungipagh-te[N→V]-@₁~:(u)ta[V→N]-–ghte[N→V]-@₁~:(u)n[V→N]-–nge[N→V][V][Intr][Intrg][3Sg]
ungipaataanga	ungipagh-te[N→V]-@₁~:(u)ta[V→N]-–ghte[N→V]-te[V→V]-@₁~:(u)n[V→N]-–nge[N→V][V][Intr][Intrg][3Sg]
ungipaataanga	ungipagh-te[V→V]-@₁~:(u)n[V→N]-–tu[N→V][V][Trns][Intrg][3Sg][1Sg]
ungipaataanga	ungipagh-te[V→V]-@₁~:(u)n[V→N]-–tu[N→V]-aq[V→N]-–nge[N→V][V][Intr][Intrg][3Sg]
ungipaataanga	ungipagh-te[V→V]-@₁~:(u)te[V→V]-~aghte[V→V]-@₁~:(u)n[V→N]-–nge[N→V][V][Intr][Intrg][3Sg]
ungipaataanga	ungipagh-te[V→V]-@₁~:(u)te[V→V][V][Trns][Ind][3Sg][1Sg]
ungipaataanga	ungipagh-te[V→V]-@₁~:(u)taq[V→N]-–ghte[N→V]-@₁~:(u)n[V→N]-–nge[N→V][V][Intr][Intrg][3Sg]
ungipaataanga	ungipagh-te[V→V]-@₁~:(u)taq[V→N]-–ghte[N→V]-te[V→V]-@₁~:(u)n[V→N]-–nge[N→V][V][Intr][Intrg][3Sg]
ungipaataanga	ungipagh-te[V→V]-@₁~:(u)ta[V→N]-te[N→V]-@₁~:(u)n[V→N]-–nge[N→V][V][Intr][Intrg][3Sg]
ungipaataanga	ungipagh-te[V→V]-@₁~:(u)ta[V→N]-te[N→V]-te[V→V]-@₁~:(u)n[V→N]-–nge[N→V][V][Intr][Intrg][3Sg]
ungipaataanga	ungipagh-te[V→V]-@₁~:(u)ta[V→N]-–ghte[N→V]-@₁~:(u)n[V→N]-–nge[N→V][V][Intr][Intrg][3Sg]
ungipaataanga	ungipagh-te[V→V]-@₁~:(u)ta[V→N]-–ghte[N→V]-te[V→V]-@₁~:(u)n[V→N]-–nge[N→V][V][Intr][Intrg][3Sg]
ungipaataanga	ungipagh-~:(ng₁)u[N→V]-@₁~:(u)n[V→N]-–tu[N→V][V][Trns][Intrg][3Sg][1Sg]
ungipaataanga	ungipagh-~:(ng₁)u[N→V]-@₁~:(u)n[V→N]-–tu[N→V]-aq[V→N]-–nge[N→V][V][Intr][Intrg][3Sg]
ungipaataanga	ungipagh-~:(ng₁)u[N→V]-@₁~:(u)te[V→V]-~aghte[V→V]-@₁~:(u)n[V→N]-–nge[N→V][V][Intr][Intrg][3Sg]
ungipaataanga	ungipagh-~:(ng₁)u[N→V]-@₁~:(u)te[V→V][V][Trns][Ind][3Sg][1Sg]
ungipaataanga	ungipagh-~:(ng₁)u[N→V]-@₁~:(u)taq[V→N]-–ghte[N→V]-@₁~:(u)n[V→N]-–nge[N→V][V][Intr][Intrg][3Sg]
ungipaataanga	ungipagh-~:(ng₁)u[N→V]-@₁~:(u)taq[V→N]-–ghte[N→V]-te[V→V]-@₁~:(u)n[V→N]-–nge[N→V][V][Intr][Intrg][3Sg]
ungipaataanga	ungipagh-~:(ng₁)u[N→V]-@₁~:(u)ta[V→N]-te[N→V]-@₁~:(u)n[V→N]-–nge[N→V][V][Intr][Intrg][3Sg]
ungipaataanga	ungipagh-~:(ng₁)u[N→V]-@₁~:(u)ta[V→N]-te[N→V]-te[V→V]-@₁~:(u)n[V→N]-–nge[N→V][V][Intr][Intrg][3Sg]
ungipaataanga	ungipagh-~:(ng₁)u[N→V]-@₁~:(u)ta[V→N]-–ghte[N→V]-@₁~:(u)n[V→N]-–nge[N→V][V][Intr][Intrg][3Sg]
ungipaataanga	ungipagh-~:(ng₁)u[N→V]-@₁~:(u)ta[V→N]-–ghte[N→V]-te[V→V]-@₁~:(u)n[V→N]-–nge[N→V][V][Intr][Intrg][3Sg]
ungipaataanga	ungipagh-~:(ng₁)u[N→V]-~:(u)te[V→V]-~aghte[V→V]-@₁~:(u)n[V→N]-–nge[N→V][V][Intr][Intrg][3Sg]
ungipaataanga	ungipagh-~:(ng₁)u[N→V]-~:(u)te[V→V][V][Trns][Ind][3Sg][1Sg]
ungipaataanga	ungipagh-~:(ng₁)u[N→V]-~:(u)ta[V→N]-te[N→V]-@₁~:(u)n[V→N]-–nge[N→V][V][Intr][Intrg][3Sg]
ungipaataanga	ungipagh-~:(ng₁)u[N→V]-~:(u)ta[V→N]-te[N→V]-te[V→V]-@₁~:(u)n[V→N]-–nge[N→V][V][Intr][Intrg][3Sg]
ungipaataanga	ungipagh-~:(ng₁)u[N→V]-~:(u)ta[V→N]-–ghte[N→V]-@₁~:(u)n[V→N]-–nge[N→V][V][Intr][Intrg][3Sg]
ungipaataanga	ungipagh-~:(ng₁)u[N→V]-~:(u)ta[V→N]-–ghte[N→V]-te[V→V]-@₁~:(u)n[V→N]-–nge[N→V][V][Intr][Intrg][3Sg]
ungipaataanga	ungipagh-~:(ng₁)u[N→V]-–tu[V→V][V][Trns][Intrg][3Sg][1Sg]
ungipaataanga	ungipagh-~:(ng₁)u[N→V]-–tu[V→V]-aq[V→N]-–nge[N→V][V][Intr][Intrg][3Sg]
ungipaataanga	ungipagh-~:(ng₁)u[N→V]-te[V→V]-~aghte[V→V]-@₁~:(u)n[V→N]-–nge[N→V][V][Intr][Intrg][3Sg]
ungipaataanga	ungipagh-~:(ng₁)u[N→V]-te[V→V][V][Trns][Ind][3Sg][1Sg]
ungipaataanga	ungipagh-~:(ng₁)u[N→V]-tu[V→V][V][Trns][Intrg][3Sg][1Sg]
ungipaataanga	ungipagh-~:(ng₁)u[N→V]-tu[V→V]-aq[V→N]-–nge[N→V][V][Intr][Intrg][3Sg]
ungipaataanga	ungipagh-~:(ng₁)u[N→V]-tagh[V→V]-–ghte[V→V]-@₁~:(u)n[V→N]-–nge[N→V][V][Intr][Intrg][3Sg]
ungipaataanga	ungipagh-~:(ng₁)u[N→V]-tagh[V→V]-@₁~:(u)n[V→N]-–nge[N→V][V][Intr][Intrg][3Sg]
ungipaataanga	ungipagh-~:(ng₁)u[N→V]-tagh[V→V]-te[V→V]-@₁~:(u)n[V→N]-–nge[N→V][V][Intr][Intrg][3Sg]
ungipaataanga	ungipagh-~:(ng₁)u[N→V]-tagh[V→V]-~:(ng₁)u[V→V]-@₁~:(u)n[V→N]-–nge[N→V][V][Intr][Intrg][3Sg]
ungipaataanga	ungipagh-~:(ng₁)u[N→V]-tagh[V→V]-~:(ng₁)u[V→V]-~fnga[V→V][V][Intr][Opt][PRS][2Sg]
ungipaataanga	ungipagh-~:(ng₁)u[N→V]-tagh[V→V]-~:(ng₁)u[V→V][V][Trns][Opt][PRS][2Sg][1Sg]
ungipaataanga	ungipagh-~:(ng₁)u[V→V]-@₁~:(u)n[V→N]-–tu[N→V][V][Trns][Intrg][3Sg][1Sg]
ungipaataanga	ungipagh-~:(ng₁)u[V→V]-@₁~:(u)n[V→N]-–tu[N→V]-aq[V→N]-–nge[N→V][V][Intr][Intrg][3Sg]
ungipaataanga	ungipagh-~:(ng₁)u[V→V]-@₁~:(u)te[V→V]-~aghte[V→V]-@₁~:(u)n[V→N]-–nge[N→V][V][Intr][Intrg][3Sg]
ungipaataanga	ungipagh-~:(ng₁)u[V→V]-@₁~:(u)te[V→V][V][Trns][Ind][3Sg][1Sg]
ungipaataanga	ungipagh-~:(ng₁)u[V→V]-@₁~:(u)taq[V→N]-–ghte[N→V]-@₁~:(u)n[V→N]-–nge[N→V][V][Intr][Intrg][3Sg]
ungipaataanga	ungipagh-~:(ng₁)u[V→V]-@₁~:(u)taq[V→N]-–ghte[N→V]-te[V→V]-@₁~:(u)n[V→N]-–nge[N→V][V][Intr][Intrg][3Sg]
ungipaataanga	ungipagh-~:(ng₁)u[V→V]-@₁~:(u)ta[V→N]-te[N→V]-@₁~:(u)n[V→N]-–nge[N→V][V][Intr][Intrg][3Sg]
ungipaataanga	ungipagh-~:(ng₁)u[V→V]-@₁~:(u)ta[V→N]-te[N→V]-te[V→V]-@₁~:(u)n[V→N]-–nge[N→V][V][Intr][Intrg][3Sg]
ungipaataanga	ungipagh-~:(ng₁)u[V→V]-@₁~:(u)ta[V→N]-–ghte[N→V]-@₁~:(u)n[V→N]-–nge[N→V][V][Intr][Intrg][3Sg]
ungipaataanga	ungipagh-~:(ng₁)u[V→V]-@₁~:(u)ta[V→N]-–ghte[N→V]-te[V→V]-@₁~:(u)n[V→N]-–nge[N→V][V][Intr][Intrg][3Sg]
ungipaataanga	ungipagh-~:(ng₁)u[V→V]-~:(u)te[V→V]-~aghte[V→V]-@₁~:(u)n[V→N]-–nge[N→V][V][Intr][Intrg][3Sg]
ungipaataanga	ungipagh-~:(ng₁)u[V→V]-~:(u)te[V→V][V][Trns][Ind][3Sg][1Sg]
ungipaataanga	ungipagh-~:(ng₁)u[V→V]-~:(u)ta[V→N]-te[N→V]-@₁~:(u)n[V→N]-–nge[N→V][V][Intr][Intrg][3Sg]
ungipaataanga	ungipagh-~:(ng₁)u[V→V]-~:(u)ta[V→N]-te[N→V]-te[V→V]-@₁~:(u)n[V→N]-–nge[N→V][V][Intr][Intrg][3Sg]
ungipaataanga	ungipagh-~:(ng₁)u[V→V]-~:(u)ta[V→N]-–ghte[N→V]-@₁~:(u)n[V→N]-–nge[N→V][V][Intr][Intrg][3Sg]
ungipaataanga	ungipagh-~:(ng₁)u[V→V]-~:(u)ta[V→N]-–ghte[N→V]-te[V→V]-@₁~:(u)n[V→N]-–nge[N→V][V][Intr][Intrg][3Sg]
ungipaataanga	ungipagh-~:(ng₁)u[V→V]-–tu[V→V][V][Trns][Intrg][3Sg][1Sg]
ungipaataanga	ungipagh-~:(ng₁)u[V→V]-–tu[V→V]-aq[V→N]-–nge[N→V][V][Intr][Intrg][3Sg]
ungipaataanga	ungipagh-~:(ng₁)u[V→V]-te[V→V]-~aghte[V→V]-@₁~:(u)n[V→N]-–nge[N→V][V][Intr][Intrg][3Sg]
ungipaataanga	ungipagh-~:(ng₁)u[V→V]-te[V→V][V][Trns][Ind][3Sg][1Sg]
ungipaataanga	ungipagh-~:(ng₁)u[V→V]-tu[V→V][V][Trns][Intrg][3Sg][1Sg]
ungipaataanga	ungipagh-~:(ng₁)u[V→V]-tu[V→V]-aq[V→N]-–nge[N→V][V][Intr][Intrg][3Sg]
ungipaataanga	ungipagh-~:(ng₁)u[V→V]-tagh[V→V]-–ghte[V→V]-@₁~:(u)n[V→N]-–nge[N→V][V][Intr][Intrg][3Sg]
ungipaataanga	ungipagh-~:(ng₁)u[V→V]-tagh[V→V]-@₁~:(u)n[V→N]-–nge[N→V][V][Intr][Intrg][3Sg]
ungipaataanga	ungipagh-~:(ng₁)u[V→V]-tagh[V→V]-te[V→V]-@₁~:(u)n[V→N]-–nge[N→V][V][Intr][Intrg][3Sg]
ungipaataanga	ungipagh-~:(ng₁)u[V→V]-tagh[V→V]-~:(ng₁)u[V→V]-@₁~:(u)n[V→N]-–nge[N→V][V][Intr][Intrg][3Sg]
ungipaataanga	ungipagh-~:(ng₁)u[V→V]-tagh[V→V]-~:(ng₁)u[V→V]-~fnga[V→V][V][Intr][Opt][PRS][2Sg]
ungipaataanga	ungipagh-~:(ng₁)u[V→V]-tagh[V→V]-~:(ng₁)u[V→V][V][Trns][Opt][PRS][2Sg][1Sg]
ungipaataanga	ungipagh-~:(u)te[V→V]-~aghte[V→V]-@₁~:(u)n[V→N]-–nge[N→V][V][Intr][Intrg][3Sg]
ungipaataanga	ungipagh-~:(u)te[V→V][V][Trns][Ind][3Sg][1Sg]
ungipaataanga	ungipagh-~:(u)ta[V→N]-te[N→V]-@₁~:(u)n[V→N]-–nge[N→V][V][Intr][Intrg][3Sg]
ungipaataanga	ungipagh-~:(u)ta[V→N]-te[N→V]-te[V→V]-@₁~:(u)n[V→N]-–nge[N→V][V][Intr][Intrg][3Sg]
ungipaataanga	ungipagh-~:(u)ta[V→N]-–ghte[N→V]-@₁~:(u)n[V→N]-–nge[N→V][V][Intr][Intrg][3Sg]
ungipaataanga	ungipagh-~:(u)ta[V→N]-–ghte[N→V]-te[V→V]-@₁~:(u)n[V→N]-–nge[N→V][V][Intr][Intrg][3Sg]
ungipaataanga	Ungipagh-–ghte[N→V]-@₁~:(u)n[V→N]-–tu[N→V][V][Trns][Intrg][3Sg][1Sg]
ungipaataanga	Ungipagh-–ghte[N→V]-@₁~:(u)n[V→N]-–tu[N→V]-aq[V→N]-–nge[N→V][V][Intr][Intrg][3Sg]
ungipaataanga	Ungipagh-–ghte[N→V]-@₁~:(u)te[V→V]-~aghte[V→V]-@₁~:(u)n[V→N]-–nge[N→V][V][Intr][Intrg][3Sg]
ungipaataanga	Ungipagh-–ghte[N→V]-@₁~:(u)te[V→V][V][Trns][Ind][3Sg][1Sg]
ungipaataanga	Ungipagh-–ghte[N→V]-@₁~:(u)taq[V→N]-–ghte[N→V]-@₁~:(u)n[V→N]-–nge[N→V][V][Intr][Intrg][3Sg]
ungipaataanga	Ungipagh-–ghte[N→V]-@₁~:(u)taq[V→N]-–ghte[N→V]-te[V→V]-@₁~:(u)n[V→N]-–nge[N→V][V][Intr][Intrg][3Sg]
ungipaataanga	Ungipagh-–ghte[N→V]-@₁~:(u)ta[V→N]-te[N→V]-@₁~:(u)n[V→N]-–nge[N→V][V][Intr][Intrg][3Sg]
ungipaataanga	Ungipagh-–ghte[N→V]-@₁~:(u)ta[V→N]-te[N→V]-te[V→V]-@₁~:(u)n[V→N]-–nge[N→V][V][Intr][Intrg][3Sg]
ungipaataanga	Ungipagh-–ghte[N→V]-@₁~:(u)ta[V→N]-–ghte[N→V]-@₁~:(u)n[V→N]-–nge[N→V][V][Intr][Intrg][3Sg]
ungipaataanga	Ungipagh-–ghte[N→V]-@₁~:(u)ta[V→N]-–ghte[N→V]-te[V→V]-@₁~:(u)n[V→N]-–nge[N→V][V][Intr][Intrg][3Sg]
ungipaataanga	Ungipagh-–ghte[N→V]-te[V→V]-@₁~:(u)n[V→N]-–tu[N→V][V][Trns][Intrg][3Sg][1Sg]
ungipaataanga	Ungipagh-–ghte[N→V]-te[V→V]-@₁~:(u)n[V→N]-–tu[N→V]-aq[V→N]-–nge[N→V][V][Intr][Intrg][3Sg]
ungipaataanga	Ungipagh-–ghte[N→V]-te[V→V]-@₁~:(u)te[V→V]-~aghte[V→V]-@₁~:(u)n[V→N]-–nge[N→V][V][Intr][Intrg][3Sg]
ungipaataanga	Ungipagh-–ghte[N→V]-te[V→V]-@₁~:(u)te[V→V][V][Trns][Ind][3Sg][1Sg]
ungipaataanga	Ungipagh-–ghte[N→V]-te[V→V]-@₁~:(u)taq[V→N]-–ghte[N→V]-@₁~:(u)n[V→N]-–nge[N→V][V][Intr][Intrg][3Sg]
ungipaataanga	Ungipagh-–ghte[N→V]-te[V→V]-@₁~:(u)taq[V→N]-–ghte[N→V]-te[V→V]-@₁~:(u)n[V→N]-–nge[N→V][V][Intr][Intrg][3Sg]
ungipaataanga	Ungipagh-–ghte[N→V]-te[V→V]-@₁~:(u)ta[V→N]-te[N→V]-@₁~:(u)n[V→N]-–nge[N→V][V][Intr][Intrg][3Sg]
ungipaataanga	Ungipagh-–ghte[N→V]-te[V→V]-@₁~:(u)ta[V→N]-te[N→V]-te[V→V]-@₁~:(u)n[V→N]-–nge[N→V][V][Intr][Intrg][3Sg]
ungipaataanga	Ungipagh-–ghte[N→V]-te[V→V]-@₁~:(u)ta[V→N]-–ghte[N→V]-@₁~:(u)n[V→N]-–nge[N→V][V][Intr][Intrg][3Sg]
ungipaataanga	Ungipagh-–ghte[N→V]-te[V→V]-@₁~:(u)ta[V→N]-–ghte[N→V]-te[V→V]-@₁~:(u)n[V→N]-–nge[N→V][V][Intr][Intrg][3Sg]
ungipaataanga	Ungipagh-te[N→V]-@₁~:(u)n[V→N]-–tu[N→V][V][Trns][Intrg][3Sg][1Sg]
ungipaataanga	Ungipagh-te[N→V]-@₁~:(u)n[V→N]-–tu[N→V]-aq[V→N]-–nge[N→V][V][Intr][Intrg][3Sg]
ungipaataanga	Ungipagh-te[N→V]-@₁~:(u)te[V→V]-~aghte[V→V]-@₁~:(u)n[V→N]-–nge[N→V][V][Intr][Intrg][3Sg]
ungipaataanga	Ungipagh-te[N→V]-@₁~:(u)te[V→V][V][Trns][Ind][3Sg][1Sg]
ungipaataanga	Ungipagh-te[N→V]-@₁~:(u)taq[V→N]-–ghte[N→V]-@₁~:(u)n[V→N]-–nge[N→V][V][Intr][Intrg][3Sg]
ungipaataanga	Ungipagh-te[N→V]-@₁~:(u)taq[V→N]-–ghte[N→V]-te[V→V]-@₁~:(u)n[V→N]-–nge[N→V][V][Intr][Intrg][3Sg]
ungipaataanga	Ungipagh-te[N→V]-@₁~:(u)ta[V→N]-te[N→V]-@₁~:(u)n[V→N]-–nge[N→V][V][Intr][Intrg][3Sg]
ungipaataanga	Ungipagh-te[N→V]-@₁~:(u)ta[V→N]-te[N→V]-te[V→V]-@₁~:(u)n[V→N]-–nge[N→V][V][Intr][Intrg][3Sg]
ungipaataanga	Ungipagh-te[N→V]-@₁~:(u)ta[V→N]-–ghte[N→V]-@₁~:(u)n[V→N]-–nge[N→V][V][Intr][Intrg][3Sg]
ungipaataanga	Ungipagh-te[N→V]-@₁~:(u)ta[V→N]-–ghte[N→V]-te[V→V]-@₁~:(u)n[V→N]-–nge[N→V][V][Intr][Intrg][3Sg]
ungipaataanga	Ungipagh-~:(ng₁)u[N→V]-@₁~:(u)n[V→N]-–tu[N→V][V][Trns][Intrg][3Sg][1Sg]
ungipaataanga	Ungipagh-~:(ng₁)u[N→V]-@₁~:(u)n[V→N]-–tu[N→V]-aq[V→N]-–nge[N→V][V][Intr][Intrg][3Sg]
ungipaataanga	Ungipagh-~:(ng₁)u[N→V]-@₁~:(u)te[V→V]-~aghte[V→V]-@₁~:(u)n[V→N]-–nge[N→V][V][Intr][Intrg][3Sg]
ungipaataanga	Ungipagh-~:(ng₁)u[N→V]-@₁~:(u)te[V→V][V][Trns][Ind][3Sg][1Sg]
ungipaataanga	Ungipagh-~:(ng₁)u[N→V]-@₁~:(u)taq[V→N]-–ghte[N→V]-@₁~:(u)n[V→N]-–nge[N→V][V][Intr][Intrg][3Sg]
ungipaataanga	Ungipagh-~:(ng₁)u[N→V]-@₁~:(u)taq[V→N]-–ghte[N→V]-te[V→V]-@₁~:(u)n[V→N]-–nge[N→V][V][Intr][Intrg][3Sg]
ungipaataanga	Ungipagh-~:(ng₁)u[N→V]-@₁~:(u)ta[V→N]-te[N→V]-@₁~:(u)n[V→N]-–nge[N→V][V][Intr][Intrg][3Sg]
ungipaataanga	Ungipagh-~:(ng₁)u[N→V]-@₁~:(u)ta[V→N]-te[N→V]-te[V→V]-@₁~:(u)n[V→N]-–nge[N→V][V][Intr][Intrg][3Sg]
ungipaataanga	Ungipagh-~:(ng₁)u[N→V]-@₁~:(u)ta[V→N]-–ghte[N→V]-@₁~:(u)n[V→N]-–nge[N→V][V][Intr][Intrg][3Sg]
ungipaataanga	Ungipagh-~:(ng₁)u[N→V]-@₁~:(u)ta[V→N]-–ghte[N→V]-te[V→V]-@₁~:(u)n[V→N]-–nge[N→V][V][Intr][Intrg][3Sg]
ungipaataanga	Ungipagh-~:(ng₁)u[N→V]-~:(u)te[V→V]-~aghte[V→V]-@₁~:(u)n[V→N]-–nge[N→V][V][Intr][Intrg][3Sg]
ungipaataanga	Ungipagh-~:(ng₁)u[N→V]-~:(u)te[V→V][V][Trns][Ind][3Sg][1Sg]
ungipaataanga	Ungipagh-~:(ng₁)u[N→V]-~:(u)ta[V→N]-te[N→V]-@₁~:(u)n[V→N]-–nge[N→V][V][Intr][Intrg][3Sg]
ungipaataanga	Ungipagh-~:(ng₁)u[N→V]-~:(u)ta[V→N]-te[N→V]-te[V→V]-@₁~:(u)n[V→N]-–nge[N→V][V][Intr][Intrg][3Sg]
ungipaataanga	Ungipagh-~:(ng₁)u[N→V]-~:(u)ta[V→N]-–ghte[N→V]-@₁~:(u)n[V→N]-–nge[N→V][V][Intr][Intrg][3Sg]
ungipaataanga	Ungipagh-~:(ng₁)u[N→V]-~:(u)ta[V→N]-–ghte[N→V]-te[V→V]-@₁~:(u)n[V→N]-–nge[N→V][V][Intr][Intrg][3Sg]
ungipaataanga	Ungipagh-~:(ng₁)u[N→V]-–tu[V→V][V][Trns][Intrg][3Sg][1Sg]
ungipaataanga	Ungipagh-~:(ng₁)u[N→V]-–tu[V→V]-aq[V→N]-–nge[N→V][V][Intr][Intrg][3Sg]
ungipaataanga	Ungipagh-~:(ng₁)u[N→V]-te[V→V]-~aghte[V→V]-@₁~:(u)n[V→N]-–nge[N→V][V][Intr][Intrg][3Sg]
ungipaataanga	Ungipagh-~:(ng₁)u[N→V]-te[V→V][V][Trns][Ind][3Sg][1Sg]
ungipaataanga	Ungipagh-~:(ng₁)u[N→V]-tu[V→V][V][Trns][Intrg][3Sg][1Sg]
ungipaataanga	Ungipagh-~:(ng₁)u[N→V]-tu[V→V]-aq[V→N]-–nge[N→V][V][Intr][Intrg][3Sg]
ungipaataanga	Ungipagh-~:(ng₁)u[N→V]-tagh[V→V]-–ghte[V→V]-@₁~:(u)n[V→N]-–nge[N→V][V][Intr][Intrg][3Sg]
ungipaataanga	Ungipagh-~:(ng₁)u[N→V]-tagh[V→V]-@₁~:(u)n[V→N]-–nge[N→V][V][Intr][Intrg][3Sg]
ungipaataanga	Ungipagh-~:(ng₁)u[N→V]-tagh[V→V]-te[V→V]-@₁~:(u)n[V→N]-–nge[N→V][V][Intr][Intrg][3Sg]
ungipaataanga	Ungipagh-~:(ng₁)u[N→V]-tagh[V→V]-~:(ng₁)u[V→V]-@₁~:(u)n[V→N]-–nge[N→V][V][Intr][Intrg][3Sg]
ungipaataanga	Ungipagh-~:(ng₁)u[N→V]-tagh[V→V]-~:(ng₁)u[V→V]-~fnga[V→V][V][Intr][Opt][PRS][2Sg]
ungipaataanga	Ungipagh-~:(ng₁)u[N→V]-tagh[V→V]-~:(ng₁)u[V→V][V][Trns][Opt][PRS][2Sg][1Sg]

an'gighniluten	an'gigh-@₁~fni[V→V]-@₁~:(u)te[V→V][V][Intr][Sbrd][2Sg]
an'gighniluten	an'gigh-@₁~fni[V→V]-@₁~:(u)te[V→V][V][Trns][Sbrd][_][2Sg]
an'gighniluten	an'gigh-@₁~fni[V→V]-~:(u)te[V→V][V][Intr][Sbrd][2Sg]
an'gighniluten	an'gigh-@₁~fni[V→V]-~:(u)te[V→V][V][Trns][Sbrd][_][2Sg]
an'gighniluten	an'gigh-@₁~fni[V→V][V][Intr][Sbrd][2Sg]
an'gighniluten	an'gigh-@₁~fni[V→V][V][Trns][Sbrd][_][2Sg]
an'gighniluten	an'gigh-@₁~fni[Cmpd_Vbl]-@₁~:(u)te[V→V][V][Intr][Sbrd][2Sg]
an'gighniluten	an'gigh-@₁~fni[Cmpd_Vbl]-@₁~:(u)te[V→V][V][Trns][Sbrd][_][2Sg]
an'gighniluten	an'gigh-@₁~fni[Cmpd_Vbl]-~:(u)te[V→V][V][Intr][Sbrd][2Sg]
an'gighniluten	an'gigh-@₁~fni[Cmpd_Vbl]-~:(u)te[V→V][V][Trns][Sbrd][_][2Sg]
an'gighniluten	an'gigh-@₁~fni[Cmpd_Vbl][V][Intr][Sbrd][2Sg]
an'gighniluten	an'gigh-@₁~fni[Cmpd_Vbl][V][Trns][Sbrd][_][2Sg]
an'gighniluten	an'gigh-neq[V→N]-––i[N→V]-@₁~:(u)te[V→V][V][Intr][Sbrd][2Sg]
an'gighniluten	an'gigh-neq[V→N]-––i[N→V]-@₁~:(u)te[V→V][V][Trns][Sbrd][_][2Sg]
an'gighniluten	an'gigh-neq[V→N]-––i[N→V]-~:(u)te[V→V][V][Intr][Sbrd][2Sg]
an'gighniluten	an'gigh-neq[V→N]-––i[N→V]-~:(u)te[V→V][V][Trns][Sbrd][_][2Sg]
an'gighniluten	an'gigh-neq[V→N]-––i[N→V][V][Intr][Sbrd][2Sg]
an'gighniluten	an'gigh-neq[V→N]-––i[N→V][V][Trns][Sbrd][_][2Sg]

------------------------
Aarragkiighluku atkuni taghnughhasqughhaq aanuq esghaghnaluki aqelqat kaallghiit tengegkayugteggun.

aarragkiighluku	aate-@₁~f–ragkiigh[V→V][V][Trns][Sbrd][_][3Sg]
aarragkiighluku	aghte-@₁~:(u)te[V→V]-@₁~f–ragkiigh[V→V][V][Trns][Sbrd][_][3Sg]

atkuni	atkug[N][Abs][4SgPoss][SgPosd]
atkuni	atkug[N][Abs][4SgPoss][PlPosd]

taghnughhasqughhaq	taghnughhagh*-–squq[N→N]-–ghhagh*[N→N][N][Abs][Unpd][Sg]
taghnughhasqughhaq	taghnughhagh*-–squgh[N→N]-–ghhagh*[N→N][N][Abs][Unpd][Sg]
taghnughhasqughhaq	taghnughhagh*-–squghhagh*[N→N][N][Abs][Unpd][Sg]
taghnughhasqughhaq	taghnughhagh*-–squghhagh*little.N][N→N][N][Abs][Unpd][Sg]

aanuq	aane[V][Intr][Ind][3Sg]

esghaghnaluki	esghagh-@₁~fnaq[V→N]-–luk[N→N]-~–ke[N→V]-~i[V→V][V][Intr][Opt][PRS][2Sg]
esghaghnaluki	esghagh-@₁~fnaq[V→N]-–luk[N→N]-~–ke[N→V][V][Intr][Opt][PRS][2Sg]
esghaghnaluki	esghagh-@₁~fnaq[V→N]-–luk[N→N]-~–ke[N→N]-––i[N→V][V][Intr][Opt][PRS][2Sg]
esghaghnaluki	esghagh-@₁~fnaq[V→N]-–luk[N→N]-––i[N→V][V][Intr][Opt][PRS][2Sg]
esghaghnaluki	esghagh-@₁~fnaq[V→N]-–luk[N→N][N][Abs][3SgPoss][PlPosd]
esghaghnaluki	esghagh-@₁~fna[V→V]-@₁~:(u)te[V→V][V][Trns][Sbrd][_][3Pl]
esghaghnaluki	esghagh-@₁~fna[V→V]-@₁~:(u)n[V→N]-–luk[N→N]-~–ke[N→V]-~i[V→V][V][Intr][Opt][PRS][2Sg]
esghaghnaluki	esghagh-@₁~fna[V→V]-@₁~:(u)n[V→N]-–luk[N→N]-~–ke[N→V][V][Intr][Opt][PRS][2Sg]
esghaghnaluki	esghagh-@₁~fna[V→V]-@₁~:(u)n[V→N]-–luk[N→N]-~–ke[N→N]-––i[N→V][V][Intr][Opt][PRS][2Sg]
esghaghnaluki	esghagh-@₁~fna[V→V]-@₁~:(u)n[V→N]-–luk[N→N]-––i[N→V][V][Intr][Opt][PRS][2Sg]
esghaghnaluki	esghagh-@₁~fna[V→V]-@₁~:(u)n[V→N]-–luk[N→N][N][Abs][3SgPoss][PlPosd]
esghaghnaluki	esghagh-@₁~fna[V→V]-~:(u)te[V→V][V][Trns][Sbrd][_][3Pl]
esghaghnaluki	esghagh-@₁~fna[V→V][V][Trns][Sbrd][_][3Pl]

aqelqat	aqelqagh[N][Abs][Unpd][Pl]
aqelqat	aqelqagh[N][Rel][Unpd][Pl]

kaallghiit	kaate-@₁–lghii[V→N][N][Abs][Unpd][Pl]
kaallghiit	kaate-@₁–lghii[V→N][N][Rel][Unpd][Pl]
kaallghiit	kaate[V][Intr][Ptcp][3Pl]

tengegkayugteggun	tengegkayug[N][Via][Unpd][Pl]

------------------------
Meghnughngaaghmeng yuget igleghtaqut yaavumaluteng ivenruutek naavumayayek.

meghnughngaaghmeng	meghnugh[V][Intr][Conc][4Pl]

yuget	yu(u)g[N][Abs][Unpd][Pl]
yuget	yu(u)g[N][Rel][Unpd][Pl]
yuget	yug[N][Abs][Unpd][Pl]
yuget	yug[N][Rel][Unpd][Pl]

igleghtaqut	igleghte-~(g₁)aqe[V→V][V][Intr][Ind][3Pl]

yaavumaluteng	yaave-@₁~:(i/u)ma[V→V]-@₁~:(u)te[V→V][V][Intr][Sbrd][3Pl]
yaavumaluteng	yaave-@₁~:(i/u)ma[V→V]-@₁~:(u)n[V→N]-–luk[N→N][N][Abs][4PlPoss][PlPosd]
yaavumaluteng	yaave-@₁~:(i/u)ma[V→V]-~:(u)te[V→V][V][Intr][Sbrd][3Pl]
yaavumaluteng	yaave-@₁~:(i/u)ma[V→V][V][Intr][Sbrd][3Pl]
yaavumaluteng	yaave-@₁~:(i/u)man[V→N]-–luk[N→N][N][Abs][4PlPoss][PlPosd]

ivenruutek	ivenrugh-–ghte[V→V]-@₁~:(u)te[V→V][V][Intr][Opt][PRS][2Du]
ivenruutek	ivenrugh-–ghte[V→V]-@₁~:(u)te[V→V][V][Intr][Opt][PRS][2Pl]
ivenruutek	ivenrugh-–ghte[V→V]-@₁~:(u)n[V→N][N][Abs][2DuPoss][PlPosd]
ivenruutek	ivenrugh-–ghte[V→V]-@₁~:(u)n[V→N][N][Abs][4DuPoss][PlPosd]
ivenruutek	ivenruute[N][Abs][Unpd][Du]
ivenruutek	ivenruute[N][Rel][Unpd][Du]
ivenruutek	ivenrugh-@₁~:(u)te[V→V][V][Intr][Opt][PRS][2Du]
ivenruutek	ivenrugh-@₁~:(u)te[V→V][V][Intr][Opt][PRS][2Pl]
ivenruutek	ivenrugh-@₁~:(u)n[V→N][N][Abs][2DuPoss][PlPosd]
ivenruutek	ivenrugh-@₁~:(u)n[V→N][N][Abs][4DuPoss][PlPosd]
ivenruutek	ivenrugh-te[V→V]-@₁~:(u)te[V→V][V][Intr][Opt][PRS][2Du]
ivenruutek	ivenrugh-te[V→V]-@₁~:(u)te[V→V][V][Intr][Opt][PRS][2Pl]
ivenruutek	ivenrugh-te[V→V]-@₁~:(u)n[V→N][N][Abs][2DuPoss][PlPosd]
ivenruutek	ivenrugh-te[V→V]-@₁~:(u)n[V→N][N][Abs][4DuPoss][PlPosd]
ivenruutek	ivenrugh-~:(u)te[V→V][V][Intr][Opt][PRS][2Du]
ivenruutek	ivenrugh-~:(u)te[V→V][V][Intr][Opt][PRS][2Pl]
ivenruutek	ivenrugh-~:(u)te[V→N]-te[N→V][V][Intr][Opt][PRS][2Du]
ivenruutek	ivenrugh-~:(u)te[V→N]-te[N→V][V][Intr][Opt][PRS][2Pl]
ivenruutek	ivenrugh-~:(ng₁)u[V→V]-@₁~:(u)te[V→V][V][Intr][Opt][PRS][2Du]
ivenruutek	ivenrugh-~:(ng₁)u[V→V]-@₁~:(u)te[V→V][V][Intr][Opt][PRS][2Pl]
ivenruutek	ivenrugh-~:(ng₁)u[V→V]-@₁~:(u)n[V→N][N][Abs][2DuPoss][PlPosd]
ivenruutek	ivenrugh-~:(ng₁)u[V→V]-@₁~:(u)n[V→N][N][Abs][4DuPoss][PlPosd]
ivenruutek	ivenrugh-~:(ng₁)u[V→V]-te[V→V][V][Intr][Opt][PRS][2Du]
ivenruutek	ivenrugh-~:(ng₁)u[V→V]-te[V→V][V][Intr][Opt][PRS][2Pl]
ivenruutek	ivenrugh-~:(ng₁)u[V→V]-~:(u)te[V→V][V][Intr][Opt][PRS][2Du]
ivenruutek	ivenrugh-~:(ng₁)u[V→V]-~:(u)te[V→V][V][Intr][Opt][PRS][2Pl]
ivenruutek	ivenrugh-~:(ng₁)u[V→V]-~:(u)te[V→N]-te[N→V]-te[V→V][V][Intr][Opt][PRS][2Du]
ivenruutek	ivenrugh-~:(ng₁)u[V→V]-~:(u)te[V→N]-te[N→V]-te[V→V][V][Intr][Opt][PRS][2Pl]
ivenruutek	ivenrugh-~:(ng₁)u[V→V]-~:(u)te[V→N]-te[N→V][V][Intr][Opt][PRS][2Du]
ivenruutek	ivenrugh-~:(ng₁)u[V→V]-~:(u)te[V→N]-te[N→V][V][Intr][Opt][PRS][2Pl]
ivenruutek	ivenrugh-~:(ng₁)u[V→V]-~:(u)te[V→N][N][Abs][Unpd][Du]
ivenruutek	ivenrugh-~:(ng₁)u[V→V]-~:(u)te[V→N][N][Rel][Unpd][Du]
ivenruutek	ivenrugh-~:(ng₁)u[V→V][V][Intr][Opt][PRS][2Du]
ivenruutek	ivenrugh-~:(ng₁)u[V→V][V][Intr][Opt][PRS][2Pl]
ivenruutek	ivenrugh-~:(u)te[V→N][N][Abs][Unpd][Du]
ivenruutek	ivenrugh-~:(u)te[V→N][N][Rel][Unpd][Du]

naavumayayek	naave-@₁~:(i/u)ma[V→V]-@₁~:(u)te[V→V][V][Intr][CnsqI][3Du]
naavumayayek	naave-@₁~:(i/u)ma[V→V]-~:(u)te[V→V][V][Intr][CnsqI][3Du]
naavumayayek	naave-@₁~:(i/u)ma[V→V][V][Intr][CnsqI][3Du]

------------------------
Naagpek tugusugii aatkaten eflugameng llilukillu aqumutagnun.

naagpek	na-@₁~:(u)te[V→V]-@₁~:(u)n[V→N][N][Rel][2SgPoss][PlPosd]
naagpek	na-@₁~:(u)te[V→V]-@₁~:(u)n[V→N][N][Rel][2SgPoss][SgPosd]
naagpek	na-@₁~:(u)n[V→N]-–ghte[N→V]-@₁~:(u)n[V→N][N][Rel][2SgPoss][PlPosd]
naagpek	na-@₁~:(u)n[V→N]-–ghte[N→V]-@₁~:(u)n[V→N][N][Rel][2SgPoss][SgPosd]
naagpek	na-@₁~:(u)n[V→N]-–ghte[N→V]-te[V→V]-@₁~:(u)n[V→N][N][Rel][2SgPoss][PlPosd]
naagpek	na-@₁~:(u)n[V→N]-–ghte[N→V]-te[V→V]-@₁~:(u)n[V→N][N][Rel][2SgPoss][SgPosd]
naagpek	na-te[V→V]-@₁~:(u)n[V→N][N][Rel][2SgPoss][PlPosd]
naagpek	na-te[V→V]-@₁~:(u)n[V→N][N][Rel][2SgPoss][SgPosd]
naagpek	na-~:(u)te[V→V]-@₁~:(u)n[V→N][N][Rel][2SgPoss][PlPosd]
naagpek	na-~:(u)te[V→V]-@₁~:(u)n[V→N][N][Rel][2SgPoss][SgPosd]
naagpek	na-~:(u)te[V→N]-te[N→V]-@₁~:(u)n[V→N][N][Rel][2SgPoss][PlPosd]
naagpek	na-~:(u)te[V→N]-te[N→V]-@₁~:(u)n[V→N][N][Rel][2SgPoss][SgPosd]
naagpek	na-–ghte[V→V]-@₁~:(u)n[V→N][N][Rel][2SgPoss][PlPosd]
naagpek	na-–ghte[V→V]-@₁~:(u)n[V→N][N][Rel][2SgPoss][SgPosd]
naagpek	naa[N][Rel][2SgPoss][DuPosd]
naagpek	naa[N][Rel][2SgPoss][PlPosd]
naagpek	naa[N][Rel][2SgPoss][SgPosd]
naagpek	na-aq[V→N][N][Rel][2SgPoss][PlPosd]
naagpek	na-aq[V→N][N][Rel][2SgPoss][SgPosd]

tugusugii	tugu-te[V→V]-@₁~fyug[V→V]-~:(ng₁)u[V→V]-~i[V→V][V][Intr][Opt][PRS][2Sg]
tugusugii	tugu-te[V→V]-@₁~fyug[V→V]-~i[V→V]-~i[V→V][V][Intr][Opt][PRS][2Sg]
tugusugii	tugu-te[V→V]-@₁~fyug[V→V]-~i[V→V][V][Intr][Intrg][3Sg]
tugusugii	tugu-te[V→V]-@₁~fyug[V→V][V][Trns][Ind][3Sg][3Pl]
tugusugii	tugu-~:(u)te[V→N]-te[N→V]-@₁~fyug[V→V]-~:(ng₁)u[V→V]-~i[V→V][V][Intr][Opt][PRS][2Sg]
tugusugii	tugu-~:(u)te[V→N]-te[N→V]-@₁~fyug[V→V]-~i[V→V]-~i[V→V][V][Intr][Opt][PRS][2Sg]
tugusugii	tugu-~:(u)te[V→N]-te[N→V]-@₁~fyug[V→V]-~i[V→V][V][Intr][Intrg][3Sg]
tugusugii	tugu-~:(u)te[V→N]-te[N→V]-@₁~fyug[V→V][V][Trns][Ind][3Sg][3Pl]
tugusugii	tugu-(te)sug[V→V]-~:(ng₁)u[V→V]-~i[V→V][V][Intr][Opt][PRS][2Sg]
tugusugii	tugu-(te)sug[V→V]-~i[V→V]-~i[V→V][V][Intr][Opt][PRS][2Sg]
tugusugii	tugu-(te)sug[V→V]-~i[V→V][V][Intr][Intrg][3Sg]
tugusugii	tugu-(te)sug[V→V][V][Trns][Ind][3Sg][3Pl]
tugusugii	tugu-(te)sug[Cmpd_Vbl]-~:(ng₁)u[V→V]-~i[V→V][V][Intr][Opt][PRS][2Sg]
tugusugii	tugu-(te)sug[Cmpd_Vbl]-~i[V→V]-~i[V→V][V][Intr][Opt][PRS][2Sg]
tugusugii	tugu-(te)sug[Cmpd_Vbl]-~i[V→V][V][Intr][Intrg][3Sg]
tugusugii	tugu-(te)sug[Cmpd_Vbl][V][Trns][Ind][3Sg][3Pl]

aatkaten	aate[V][Trns][Cond][3Sg][2Sg]
aatkaten	aate[V][Trns][Cond][3Pl][2Sg]
aatkaten	aate[V][Trns][Cond][3Du][2Sg]
aatkaten	aatkagh[N][Abs][2SgPoss][PlPosd]
aatkaten	aghte-@₁~:(u)te[V→V][V][Trns][Cond][3Sg][2Sg]
aatkaten	aghte-@₁~:(u)te[V→V][V][Trns][Cond][3Pl][2Sg]
aatkaten	aghte-@₁~:(u)te[V→V][V][Trns][Cond][3Du][2Sg]
aatkaten	aghte-@₁~:(u)tke[V→V][V][Trns][Intrg][3Sg][2Sg]
aatkaten	aghte-@₁~:(u)tke[V→V][V][Trns][Intrg][3Pl][2Sg]
aatkaten	aghte-@₁~:(u)tke[V→V][V][Trns][Intrg][3Du][2Sg]
aatkaten	aghte-@₁~:(u)tke[V→V][V][Trns][Ind][2Sg][3Pl]

eflugameng	eflugagh[N][Abl_Mod][Unpd][Sg]
eflugameng	eflugagh[N][Rel][4DuPoss][PlPosd]
eflugameng	eflugagh[N][Rel][4DuPoss][SgPosd]
eflugameng	eflugagh[N][Rel][4PlPoss][PlPosd]
eflugameng	eflugagh[N][Rel][4PlPoss][SgPosd]

llilukillu	lli-@₁~:(u)n[V→N]-–luk[N→N][N][Abs][3SgPoss][PlPosd]-llu[Encl]

aqumutagnun	aqume-@₁~:(u)ta[V→N][N][Ter][Unpd][Du]
aqumutagnun	aqume-te[V→V]-@₁~:(u)ta[V→N][N][Ter][Unpd][Du]
aqumutagnun	aqume-~:(u)ta[V→N][N][Ter][Unpd][Du]
aqumutagnun	aqumutagh[N][Ter][Unpd][Du]

------------------------
Quyillget neghaqut quyngimeng Laluramket neghumaluki uukaghmeng.

quyillget	Quyilleg[N][Abs][Unpd][Pl]
quyillget	Quyilleg[N][Rel][Unpd][Pl]

neghaqut	ne-–ghagh*[N→N]-~–ke[N→V][V][Intr][Ind][3Pl]
neghaqut	negh-~(g₁)aqe[V→V][V][Intr][Ind][3Pl]
neghaqut	neghe-~(g₁)aqe[V→V][V][Intr][Ind][3Pl]
neghaqut	negh-aq[V→N]-~–ke[N→V][V][Intr][Ind][3Pl]

quyngimeng	quyngigh[N][Abl_Mod][Unpd][Sg]
quyngimeng	quyngigh[N][Rel][4DuPoss][PlPosd]
quyngimeng	quyngigh[N][Rel][4DuPoss][SgPosd]
quyngimeng	quyngigh[N][Rel][4PlPoss][PlPosd]
quyngimeng	quyngigh[N][Rel][4PlPoss][SgPosd]

laluramket	Laluramke[N][Abs][Unpd][Pl]
laluramket	Laluramke[N][Rel][Unpd][Pl]

neghumaluki	negh-@₁~:(i/u)ma[V→V]-@₁~:(u)te[V→V][V][Trns][Sbrd][_][3Pl]
neghumaluki	negh-@₁~:(i/u)ma[V→V]-@₁~:(u)n[V→N]-–luk[N→N]-~–ke[N→V]-~i[V→V][V][Intr][Opt][PRS][2Sg]
neghumaluki	negh-@₁~:(i/u)ma[V→V]-@₁~:(u)n[V→N]-–luk[N→N]-~–ke[N→V][V][Intr][Opt][PRS][2Sg]
neghumaluki	negh-@₁~:(i/u)ma[V→V]-@₁~:(u)n[V→N]-–luk[N→N]-~–ke[N→N]-––i[N→V][V][Intr][Opt][PRS][2Sg]
neghumaluki	negh-@₁~:(i/u)ma[V→V]-@₁~:(u)n[V→N]-–luk[N→N]-––i[N→V][V][Intr][Opt][PRS][2Sg]
neghumaluki	negh-@₁~:(i/u)ma[V→V]-@₁~:(u)n[V→N]-–luk[N→N][N][Abs][3SgPoss][PlPosd]
neghumaluki	negh-@₁~:(i/u)ma[V→V]-~:(u)te[V→V][V][Trns][Sbrd][_][3Pl]
neghumaluki	negh-@₁~:(i/u)ma[V→V][V][Trns][Sbrd][_][3Pl]
neghumaluki	negh-@₁~:(i/u)man[V→N]-–luk[N→N]-~–ke[N→V]-~i[V→V][V][Intr][Opt][PRS][2Sg]
neghumaluki	negh-@₁~:(i/u)man[V→N]-–luk[N→N]-~–ke[N→V][V][Intr][Opt][PRS][2Sg]
neghumaluki	negh-@₁~:(i/u)man[V→N]-–luk[N→N]-~–ke[N→N]-––i[N→V][V][Intr][Opt][PRS][2Sg]
neghumaluki	negh-@₁~:(i/u)man[V→N]-–luk[N→N]-––i[N→V][V][Intr][Opt][PRS][2Sg]
neghumaluki	negh-@₁~:(i/u)man[V→N]-–luk[N→N][N][Abs][3SgPoss][PlPosd]
neghumaluki	negh-~:(ng₁)u[V→V]-@₁~:(i/u)ma[V→V]-@₁~:(u)te[V→V][V][Trns][Sbrd][_][3Pl]
neghumaluki	negh-~:(ng₁)u[V→V]-@₁~:(i/u)ma[V→V]-@₁~:(u)n[V→N]-–luk[N→N]-~–ke[N→V]-~i[V→V][V][Intr][Opt][PRS][2Sg]
neghumaluki	negh-~:(ng₁)u[V→V]-@₁~:(i/u)ma[V→V]-@₁~:(u)n[V→N]-–luk[N→N]-~–ke[N→V][V][Intr][Opt][PRS][2Sg]
neghumaluki	negh-~:(ng₁)u[V→V]-@₁~:(i/u)ma[V→V]-@₁~:(u)n[V→N]-–luk[N→N]-~–ke[N→N]-––i[N→V][V][Intr][Opt][PRS][2Sg]
neghumaluki	negh-~:(ng₁)u[V→V]-@₁~:(i/u)ma[V→V]-@₁~:(u)n[V→N]-–luk[N→N]-––i[N→V][V][Intr][Opt][PRS][2Sg]
neghumaluki	negh-~:(ng₁)u[V→V]-@₁~:(i/u)ma[V→V]-@₁~:(u)n[V→N]-–luk[N→N][N][Abs][3SgPoss][PlPosd]
neghumaluki	negh-~:(ng₁)u[V→V]-@₁~:(i/u)ma[V→V]-~:(u)te[V→V][V][Trns][Sbrd][_][3Pl]
neghumaluki	negh-~:(ng₁)u[V→V]-@₁~:(i/u)ma[V→V][V][Trns][Sbrd][_][3Pl]
neghumaluki	negh-~:(ng₁)u[V→V]-@₁~:(i/u)man[V→N]-–luk[N→N]-~–ke[N→V]-~i[V→V][V][Intr][Opt][PRS][2Sg]
neghumaluki	negh-~:(ng₁)u[V→V]-@₁~:(i/u)man[V→N]-–luk[N→N]-~–ke[N→V][V][Intr][Opt][PRS][2Sg]
neghumaluki	negh-~:(ng₁)u[V→V]-@₁~:(i/u)man[V→N]-–luk[N→N]-~–ke[N→N]-––i[N→V][V][Intr][Opt][PRS][2Sg]
neghumaluki	negh-~:(ng₁)u[V→V]-@₁~:(i/u)man[V→N]-–luk[N→N]-––i[N→V][V][Intr][Opt][PRS][2Sg]
neghumaluki	negh-~:(ng₁)u[V→V]-@₁~:(i/u)man[V→N]-–luk[N→N][N][Abs][3SgPoss][PlPosd]
neghumaluki	neghe-@₁~:(i/u)ma[V→V]-@₁~:(u)te[V→V][V][Trns][Sbrd][_][3Pl]
neghumaluki	neghe-@₁~:(i/u)ma[V→V]-@₁~:(u)n[V→N]-–luk[N→N]-~–ke[N→V]-~i[V→V][V][Intr][Opt][PRS][2Sg]
neghumaluki	neghe-@₁~:(i/u)ma[V→V]-@₁~:(u)n[V→N]-–luk[N→N]-~–ke[N→V][V][Intr][Opt][PRS][2Sg]
neghumaluki	neghe-@₁~:(i/u)ma[V→V]-@₁~:(u)n[V→N]-–luk[N→N]-~–ke[N→N]-––i[N→V][V][Intr][Opt][PRS][2Sg]
neghumaluki	neghe-@₁~:(i/u)ma[V→V]-@₁~:(u)n[V→N]-–luk[N→N]-––i[N→V][V][Intr][Opt][PRS][2Sg]
neghumaluki	neghe-@₁~:(i/u)ma[V→V]-@₁~:(u)n[V→N]-–luk[N→N][N][Abs][3SgPoss][PlPosd]
neghumaluki	neghe-@₁~:(i/u)ma[V→V]-~:(u)te[V→V][V][Trns][Sbrd][_][3Pl]
neghumaluki	neghe-@₁~:(i/u)ma[V→V][V][Trns][Sbrd][_][3Pl]
neghumaluki	neghe-@₁~:(i/u)man[V→N]-–luk[N→N]-~–ke[N→V]-~i[V→V][V][Intr][Opt][PRS][2Sg]
neghumaluki	neghe-@₁~:(i/u)man[V→N]-–luk[N→N]-~–ke[N→V][V][Intr][Opt][PRS][2Sg]
neghumaluki	neghe-@₁~:(i/u)man[V→N]-–luk[N→N]-~–ke[N→N]-––i[N→V][V][Intr][Opt][PRS][2Sg]
neghumaluki	neghe-@₁~:(i/u)man[V→N]-–luk[N→N]-––i[N→V][V][Intr][Opt][PRS][2Sg]
neghumaluki	neghe-@₁~:(i/u)man[V→N]-–luk[N→N][N][Abs][3SgPoss][PlPosd]

uukaghmeng	uukagh*[N][Abl_Mod][Unpd][Sg]
uukaghmeng	uukagh*[N][Rel][4DuPoss][PlPosd]
uukaghmeng	uukagh*[N][Rel][4DuPoss][SgPosd]
uukaghmeng	uukagh*[N][Rel][4PlPoss][PlPosd]
uukaghmeng	uukagh*[N][Rel][4PlPoss][SgPosd]

------------------------
Ungipaataanga yuget kiyaghhneghinniluki guyguni taghnughhaawaqngami.

ungipaataanga	ungipagh-–ghte[N→V]-@₁~:(u)n[V→N]-–tu[N→V][V][Trns][Intrg][3Sg][1Sg]
ungipaataanga	ungipagh-–ghte[N→V]-@₁~:(u)n[V→N]-–tu[N→V]-aq[V→N]-–nge[N→V][V][Intr][Intrg][3Sg]
ungipaataanga	ungipagh-–ghte[N→V]-@₁~:(u)te[V→V]-~aghte[V→V]-@₁~:(u)n[V→N]-–nge[N→V][V][Intr][Intrg][3Sg]
ungipaataanga	ungipagh-–ghte[N→V]-@₁~:(u)te[V→V][V][Trns][Ind][3Sg][1Sg]
ungipaataanga	ungipagh-–ghte[N→V]-@₁~:(u)taq[V→N]-–ghte[N→V]-@₁~:(u)n[V→N]-–nge[N→V][V][Intr][Intrg][3Sg]
ungipaataanga	ungipagh-–ghte[N→V]-@₁~:(u)taq[V→N]-–ghte[N→V]-te[V→V]-@₁~:(u)n[V→N]-–nge[N→V][V][Intr][Intrg][3Sg]
ungipaataanga	ungipagh-–ghte[N→V]-@₁~:(u)ta[V→N]-te[N→V]-@₁~:(u)n[V→N]-–nge[N→V][V][Intr][Intrg][3Sg]
ungipaataanga	ungipagh-–ghte[N→V]-@₁~:(u)ta[V→N]-te[N→V]-te[V→V]-@₁~:(u)n[V→N]-–nge[N→V][V][Intr][Intrg][3Sg]
ungipaataanga	ungipagh-–ghte[N→V]-@₁~:(u)ta[V→N]-–ghte[N→V]-@₁~:(u)n[V→N]-–nge[N→V][V][Intr][Intrg][3Sg]
ungipaataanga	ungipagh-–ghte[N→V]-@₁~:(u)ta[V→N]-–ghte[N→V]-te[V→V]-@₁~:(u)n[V→N]-–nge[N→V][V][Intr][Intrg][3Sg]
ungipaataanga	ungipagh-–ghte[N→V]-te[V→V]-@₁~:(u)n[V→N]-–tu[N→V][V][Trns][Intrg][3Sg][1Sg]
ungipaataanga	ungipagh-–ghte[N→V]-te[V→V]-@₁~:(u)n[V→N]-–tu[N→V]-aq[V→N]-–nge[N→V][V][Intr][Intrg][3Sg]
ungipaataanga	ungipagh-–ghte[N→V]-te[V→V]-@₁~:(u)te[V→V]-~aghte[V→V]-@₁~:(u)n[V→N]-–nge[N→V][V][Intr][Intrg][3Sg]
ungipaataanga	ungipagh-–ghte[N→V]-te[V→V]-@₁~:(u)te[V→V][V][Trns][Ind][3Sg][1Sg]
ungipaataanga	ungipagh-–ghte[N→V]-te[V→V]-@₁~:(u)taq[V→N]-–ghte[N→V]-@₁~:(u)n[V→N]-–nge[N→V][V][Intr][Intrg][3Sg]
ungipaataanga	ungipagh-–ghte[N→V]-te[V→V]-@₁~:(u)taq[V→N]-–ghte[N→V]-te[V→V]-@₁~:(u)n[V→N]-–nge[N→V][V][Intr][Intrg][3Sg]
ungipaataanga	ungipagh-–ghte[N→V]-te[V→V]-@₁~:(u)ta[V→N]-te[N→V]-@₁~:(u)n[V→N]-–nge[N→V][V][Intr][Intrg][3Sg]
ungipaataanga	ungipagh-–ghte[N→V]-te[V→V]-@₁~:(u)ta[V→N]-te[N→V]-te[V→V]-@₁~:(u)n[V→N]-–nge[N→V][V][Intr][Intrg][3Sg]
ungipaataanga	ungipagh-–ghte[N→V]-te[V→V]-@₁~:(u)ta[V→N]-–ghte[N→V]-@₁~:(u)n[V→N]-–nge[N→V][V][Intr][Intrg][3Sg]
ungipaataanga	ungipagh-–ghte[N→V]-te[V→V]-@₁~:(u)ta[V→N]-–ghte[N→V]-te[V→V]-@₁~:(u)n[V→N]-–nge[N→V][V][Intr][Intrg][3Sg]
ungipaataanga	ungipagh-–ghte[V→V]-@₁~:(u)n[V→N]-–tu[N→V][V][Trns][Intrg][3Sg][1Sg]
ungipaataanga	ungipagh-–ghte[V→V]-@₁~:(u)n[V→N]-–tu[N→V]-aq[V→N]-–nge[N→V][V][Intr][Intrg][3Sg]
ungipaataanga	ungipagh-–ghte[V→V]-@₁~:(u)te[V→V]-~aghte[V→V]-@₁~:(u)n[V→N]-–nge[N→V][V][Intr][Intrg][3Sg]
ungipaataanga	ungipagh-–ghte[V→V]-@₁~:(u)te[V→V][V][Trns][Ind][3Sg][1Sg]
ungipaataanga	ungipagh-–ghte[V→V]-@₁~:(u)taq[V→N]-–ghte[N→V]-@₁~:(u)n[V→N]-–nge[N→V][V][Intr][Intrg][3Sg]
ungipaataanga	ungipagh-–ghte[V→V]-@₁~:(u)taq[V→N]-–ghte[N→V]-te[V→V]-@₁~:(u)n[V→N]-–nge[N→V][V][Intr][Intrg][3Sg]
ungipaataanga	ungipagh-–ghte[V→V]-@₁~:(u)ta[V→N]-te[N→V]-@₁~:(u)n[V→N]-–nge[N→V][V][Intr][Intrg][3Sg]
ungipaataanga	ungipagh-–ghte[V→V]-@₁~:(u)ta[V→N]-te[N→V]-te[V→V]-@₁~:(u)n[V→N]-–nge[N→V][V][Intr][Intrg][3Sg]
ungipaataanga	ungipagh-–ghte[V→V]-@₁~:(u)ta[V→N]-–ghte[N→V]-@₁~:(u)n[V→N]-–nge[N→V][V][Intr][Intrg][3Sg]
ungipaataanga	ungipagh-–ghte[V→V]-@₁~:(u)ta[V→N]-–ghte[N→V]-te[V→V]-@₁~:(u)n[V→N]-–nge[N→V][V][Intr][Intrg][3Sg]
ungipaataanga	ungipaate-~aghte[V→V]-@₁~:(u)n[V→N]-–nge[N→V][V][Intr][Intrg][3Sg]
ungipaataanga	ungipaate[V][Trns][Ind][3Sg][1Sg]
ungipaataanga	ungipagh-@₁~:(u)n[V→N]-–tu[N→V][V][Trns][Intrg][3Sg][1Sg]
ungipaataanga	ungipagh-@₁~:(u)n[V→N]-–tu[N→V]-aq[V→N]-–nge[N→V][V][Intr][Intrg][3Sg]
ungipaataanga	ungipagh-@₁~:(u)te[V→V]-~aghte[V→V]-@₁~:(u)n[V→N]-–nge[N→V][V][Intr][Intrg][3Sg]
ungipaataanga	ungipagh-@₁~:(u)te[V→V][V][Trns][Ind][3Sg][1Sg]
ungipaataanga	ungipagh-@₁~:(u)taq[V→N]-–ghte[N→V]-@₁~:(u)n[V→N]-–nge[N→V][V][Intr][Intrg][3Sg]
ungipaataanga	ungipagh-@₁~:(u)taq[V→N]-–ghte[N→V]-te[V→V]-@₁~:(u)n[V→N]-–nge[N→V][V][Intr][Intrg][3Sg]
ungipaataanga	ungipagh-@₁~:(u)ta[V→N]-te[N→V]-@₁~:(u)n[V→N]-–nge[N→V][V][Intr][Intrg][3Sg]
ungipaataanga	ungipagh-@₁~:(u)ta[V→N]-te[N→V]-te[V→V]-@₁~:(u)n[V→N]-–nge[N→V][V][Intr][Intrg][3Sg]
ungipaataanga	ungipagh-@₁~:(u)ta[V→N]-–ghte[N→V]-@₁~:(u)n[V→N]-–nge[N→V][V][Intr][Intrg][3Sg]
ungipaataanga	ungipagh-@₁~:(u)ta[V→N]-–ghte[N→V]-te[V→V]-@₁~:(u)n[V→N]-–nge[N→V][V][Intr][Intrg][3Sg]
ungipaataanga	ungipagh-te[N→V]-@₁~:(u)n[V→N]-–tu[N→V][V][Trns][Intrg][3Sg][1Sg]
ungipaataanga	ungipagh-te[N→V]-@₁~:(u)n[V→N]-–tu[N→V]-aq[V→N]-–nge[N→V][V][Intr][Intrg][3Sg]
ungipaataanga	ungipagh-te[N→V]-@₁~:(u)te[V→V]-~aghte[V→V]-@₁~:(u)n[V→N]-–nge[N→V][V][Intr][Intrg][3Sg]
ungipaataanga	ungipagh-te[N→V]-@₁~:(u)te[V→V][V][Trns][Ind][3Sg][1Sg]
ungipaataanga	ungipagh-te[N→V]-@₁~:(u)taq[V→N]-–ghte[N→V]-@₁~:(u)n[V→N]-–nge[N→V][V][Intr][Intrg][3Sg]
ungipaataanga	ungipagh-te[N→V]-@₁~:(u)taq[V→N]-–ghte[N→V]-te[V→V]-@₁~:(u)n[V→N]-–nge[N→V][V][Intr][Intrg][3Sg]
ungipaataanga	ungipagh-te[N→V]-@₁~:(u)ta[V→N]-te[N→V]-@₁~:(u)n[V→N]-–nge[N→V][V][Intr][Intrg][3Sg]
ungipaataanga	ungipagh-te[N→V]-@₁~:(u)ta[V→N]-te[N→V]-te[V→V]-@₁~:(u)n[V→N]-–nge[N→V][V][Intr][Intrg][3Sg]
ungipaataanga	ungipagh-te[N→V]-@₁~:(u)ta[V→N]-–ghte[N→V]-@₁~:(u)n[V→N]-–nge[N→V][V][Intr][Intrg][3Sg]
ungipaataanga	ungipagh-te[N→V]-@₁~:(u)ta[V→N]-–ghte[N→V]-te[V→V]-@₁~:(u)n[V→N]-–nge[N→V][V][Intr][Intrg][3Sg]
ungipaataanga	ungipagh-te[V→V]-@₁~:(u)n[V→N]-–tu[N→V][V][Trns][Intrg][3Sg][1Sg]
ungipaataanga	ungipagh-te[V→V]-@₁~:(u)n[V→N]-–tu[N→V]-aq[V→N]-–nge[N→V][V][Intr][Intrg][3Sg]
ungipaataanga	ungipagh-te[V→V]-@₁~:(u)te[V→V]-~aghte[V→V]-@₁~:(u)n[V→N]-–nge[N→V][V][Intr][Intrg][3Sg]
ungipaataanga	ungipagh-te[V→V]-@₁~:(u)te[V→V][V][Trns][Ind][3Sg][1Sg]
ungipaataanga	ungipagh-te[V→V]-@₁~:(u)taq[V→N]-–ghte[N→V]-@₁~:(u)n[V→N]-–nge[N→V][V][Intr][Intrg][3Sg]
ungipaataanga	ungipagh-te[V→V]-@₁~:(u)taq[V→N]-–ghte[N→V]-te[V→V]-@₁~:(u)n[V→N]-–nge[N→V][V][Intr][Intrg][3Sg]
ungipaataanga	ungipagh-te[V→V]-@₁~:(u)ta[V→N]-te[N→V]-@₁~:(u)n[V→N]-–nge[N→V][V][Intr][Intrg][3Sg]
ungipaataanga	ungipagh-te[V→V]-@₁~:(u)ta[V→N]-te[N→V]-te[V→V]-@₁~:(u)n[V→N]-–nge[N→V][V][Intr][Intrg][3Sg]
ungipaataanga	ungipagh-te[V→V]-@₁~:(u)ta[V→N]-–ghte[N→V]-@₁~:(u)n[V→N]-–nge[N→V][V][Intr][Intrg][3Sg]
ungipaataanga	ungipagh-te[V→V]-@₁~:(u)ta[V→N]-–ghte[N→V]-te[V→V]-@₁~:(u)n[V→N]-–nge[N→V][V][Intr][Intrg][3Sg]
ungipaataanga	ungipagh-~:(ng₁)u[N→V]-@₁~:(u)n[V→N]-–tu[N→V][V][Trns][Intrg][3Sg][1Sg]
ungipaataanga	ungipagh-~:(ng₁)u[N→V]-@₁~:(u)n[V→N]-–tu[N→V]-aq[V→N]-–nge[N→V][V][Intr][Intrg][3Sg]
ungipaataanga	ungipagh-~:(ng₁)u[N→V]-@₁~:(u)te[V→V]-~aghte[V→V]-@₁~:(u)n[V→N]-–nge[N→V][V][Intr][Intrg][3Sg]
ungipaataanga	ungipagh-~:(ng₁)u[N→V]-@₁~:(u)te[V→V][V][Trns][Ind][3Sg][1Sg]
ungipaataanga	ungipagh-~:(ng₁)u[N→V]-@₁~:(u)taq[V→N]-–ghte[N→V]-@₁~:(u)n[V→N]-–nge[N→V][V][Intr][Intrg][3Sg]
ungipaataanga	ungipagh-~:(ng₁)u[N→V]-@₁~:(u)taq[V→N]-–ghte[N→V]-te[V→V]-@₁~:(u)n[V→N]-–nge[N→V][V][Intr][Intrg][3Sg]
ungipaataanga	ungipagh-~:(ng₁)u[N→V]-@₁~:(u)ta[V→N]-te[N→V]-@₁~:(u)n[V→N]-–nge[N→V][V][Intr][Intrg][3Sg]
ungipaataanga	ungipagh-~:(ng₁)u[N→V]-@₁~:(u)ta[V→N]-te[N→V]-te[V→V]-@₁~:(u)n[V→N]-–nge[N→V][V][Intr][Intrg][3Sg]
ungipaataanga	ungipagh-~:(ng₁)u[N→V]-@₁~:(u)ta[V→N]-–ghte[N→V]-@₁~:(u)n[V→N]-–nge[N→V][V][Intr][Intrg][3Sg]
ungipaataanga	ungipagh-~:(ng₁)u[N→V]-@₁~:(u)ta[V→N]-–ghte[N→V]-te[V→V]-@₁~:(u)n[V→N]-–nge[N→V][V][Intr][Intrg][3Sg]
ungipaataanga	ungipagh-~:(ng₁)u[N→V]-~:(u)te[V→V]-~aghte[V→V]-@₁~:(u)n[V→N]-–nge[N→V][V][Intr][Intrg][3Sg]
ungipaataanga	ungipagh-~:(ng₁)u[N→V]-~:(u)te[V→V][V][Trns][Ind][3Sg][1Sg]
ungipaataanga	ungipagh-~:(ng₁)u[N→V]-~:(u)ta[V→N]-te[N→V]-@₁~:(u)n[V→N]-–nge[N→V][V][Intr][Intrg][3Sg]
ungipaataanga	ungipagh-~:(ng₁)u[N→V]-~:(u)ta[V→N]-te[N→V]-te[V→V]-@₁~:(u)n[V→N]-–nge[N→V][V][Intr][Intrg][3Sg]
ungipaataanga	ungipagh-~:(ng₁)u[N→V]-~:(u)ta[V→N]-–ghte[N→V]-@₁~:(u)n[V→N]-–nge[N→V][V][Intr][Intrg][3Sg]
ungipaataanga	ungipagh-~:(ng₁)u[N→V]-~:(u)ta[V→N]-–ghte[N→V]-te[V→V]-@₁~:(u)n[V→N]-–nge[N→V][V][Intr][Intrg][3Sg]
ungipaataanga	ungipagh-~:(ng₁)u[N→V]-–tu[V→V][V][Trns][Intrg][3Sg][1Sg]
ungipaataanga	ungipagh-~:(ng₁)u[N→V]-–tu[V→V]-aq[V→N]-–nge[N→V][V][Intr][Intrg][3Sg]
ungipaataanga	ungipagh-~:(ng₁)u[N→V]-te[V→V]-~aghte[V→V]-@₁~:(u)n[V→N]-–nge[N→V][V][Intr][Intrg][3Sg]
ungipaataanga	ungipagh-~:(ng₁)u[N→V]-te[V→V][V][Trns][Ind][3Sg][1Sg]
ungipaataanga	ungipagh-~:(ng₁)u[N→V]-tu[V→V][V][Trns][Intrg][3Sg][1Sg]
ungipaataanga	ungipagh-~:(ng₁)u[N→V]-tu[V→V]-aq[V→N]-–nge[N→V][V][Intr][Intrg][3Sg]
ungipaataanga	ungipagh-~:(ng₁)u[N→V]-tagh[V→V]-–ghte[V→V]-@₁~:(u)n[V→N]-–nge[N→V][V][Intr][Intrg][3Sg]
ungipaataanga	ungipagh-~:(ng₁)u[N→V]-tagh[V→V]-@₁~:(u)n[V→N]-–nge[N→V][V][Intr][Intrg][3Sg]
ungipaataanga	ungipagh-~:(ng₁)u[N→V]-tagh[V→V]-te[V→V]-@₁~:(u)n[V→N]-–nge[N→V][V][Intr][Intrg][3Sg]
ungipaataanga	ungipagh-~:(ng₁)u[N→V]-tagh[V→V]-~:(ng₁)u[V→V]-@₁~:(u)n[V→N]-–nge[N→V][V][Intr][Intrg][3Sg]
ungipaataanga	ungipagh-~:(ng₁)u[N→V]-tagh[V→V]-~:(ng₁)u[V→V]-~fnga[V→V][V][Intr][Opt][PRS][2Sg]
ungipaataanga	ungipagh-~:(ng₁)u[N→V]-tagh[V→V]-~:(ng₁)u[V→V][V][Trns][Opt][PRS][2Sg][1Sg]
ungipaataanga	ungipagh-~:(ng₁)u[V→V]-@₁~:(u)n[V→N]-–tu[N→V][V][Trns][Intrg][3Sg][1Sg]
ungipaataanga	ungipagh-~:(ng₁)u[V→V]-@₁~:(u)n[V→N]-–tu[N→V]-aq[V→N]-–nge[N→V][V][Intr][Intrg][3Sg]
ungipaataanga	ungipagh-~:(ng₁)u[V→V]-@₁~:(u)te[V→V]-~aghte[V→V]-@₁~:(u)n[V→N]-–nge[N→V][V][Intr][Intrg][3Sg]
ungipaataanga	ungipagh-~:(ng₁)u[V→V]-@₁~:(u)te[V→V][V][Trns][Ind][3Sg][1Sg]
ungipaataanga	ungipagh-~:(ng₁)u[V→V]-@₁~:(u)taq[V→N]-–ghte[N→V]-@₁~:(u)n[V→N]-–nge[N→V][V][Intr][Intrg][3Sg]
ungipaataanga	ungipagh-~:(ng₁)u[V→V]-@₁~:(u)taq[V→N]-–ghte[N→V]-te[V→V]-@₁~:(u)n[V→N]-–nge[N→V][V][Intr][Intrg][3Sg]
ungipaataanga	ungipagh-~:(ng₁)u[V→V]-@₁~:(u)ta[V→N]-te[N→V]-@₁~:(u)n[V→N]-–nge[N→V][V][Intr][Intrg][3Sg]
ungipaataanga	ungipagh-~:(ng₁)u[V→V]-@₁~:(u)ta[V→N]-te[N→V]-te[V→V]-@₁~:(u)n[V→N]-–nge[N→V][V][Intr][Intrg][3Sg]
ungipaataanga	ungipagh-~:(ng₁)u[V→V]-@₁~:(u)ta[V→N]-–ghte[N→V]-@₁~:(u)n[V→N]-–nge[N→V][V][Intr][Intrg][3Sg]
ungipaataanga	ungipagh-~:(ng₁)u[V→V]-@₁~:(u)ta[V→N]-–ghte[N→V]-te[V→V]-@₁~:(u)n[V→N]-–nge[N→V][V][Intr][Intrg][3Sg]
ungipaataanga	ungipagh-~:(ng₁)u[V→V]-~:(u)te[V→V]-~aghte[V→V]-@₁~:(u)n[V→N]-–nge[N→V][V][Intr][Intrg][3Sg]
ungipaataanga	ungipagh-~:(ng₁)u[V→V]-~:(u)te[V→V][V][Trns][Ind][3Sg][1Sg]
ungipaataanga	ungipagh-~:(ng₁)u[V→V]-~:(u)ta[V→N]-te[N→V]-@₁~:(u)n[V→N]-–nge[N→V][V][Intr][Intrg][3Sg]
ungipaataanga	ungipagh-~:(ng₁)u[V→V]-~:(u)ta[V→N]-te[N→V]-te[V→V]-@₁~:(u)n[V→N]-–nge[N→V][V][Intr][Intrg][3Sg]
ungipaataanga	ungipagh-~:(ng₁)u[V→V]-~:(u)ta[V→N]-–ghte[N→V]-@₁~:(u)n[V→N]-–nge[N→V][V][Intr][Intrg][3Sg]
ungipaataanga	ungipagh-~:(ng₁)u[V→V]-~:(u)ta[V→N]-–ghte[N→V]-te[V→V]-@₁~:(u)n[V→N]-–nge[N→V][V][Intr][Intrg][3Sg]
ungipaataanga	ungipagh-~:(ng₁)u[V→V]-–tu[V→V][V][Trns][Intrg][3Sg][1Sg]
ungipaataanga	ungipagh-~:(ng₁)u[V→V]-–tu[V→V]-aq[V→N]-–nge[N→V][V][Intr][Intrg][3Sg]
ungipaataanga	ungipagh-~:(ng₁)u[V→V]-te[V→V]-~aghte[V→V]-@₁~:(u)n[V→N]-–nge[N→V][V][Intr][Intrg][3Sg]
ungipaataanga	ungipagh-~:(ng₁)u[V→V]-te[V→V][V][Trns][Ind][3Sg][1Sg]
ungipaataanga	ungipagh-~:(ng₁)u[V→V]-tu[V→V][V][Trns][Intrg][3Sg][1Sg]
ungipaataanga	ungipagh-~:(ng₁)u[V→V]-tu[V→V]-aq[V→N]-–nge[N→V][V][Intr][Intrg][3Sg]
ungipaataanga	ungipagh-~:(ng₁)u[V→V]-tagh[V→V]-–ghte[V→V]-@₁~:(u)n[V→N]-–nge[N→V][V][Intr][Intrg][3Sg]
ungipaataanga	ungipagh-~:(ng₁)u[V→V]-tagh[V→V]-@₁~:(u)n[V→N]-–nge[N→V][V][Intr][Intrg][3Sg]
ungipaataanga	ungipagh-~:(ng₁)u[V→V]-tagh[V→V]-te[V→V]-@₁~:(u)n[V→N]-–nge[N→V][V][Intr][Intrg][3Sg]
ungipaataanga	ungipagh-~:(ng₁)u[V→V]-tagh[V→V]-~:(ng₁)u[V→V]-@₁~:(u)n[V→N]-–nge[N→V][V][Intr][Intrg][3Sg]
ungipaataanga	ungipagh-~:(ng₁)u[V→V]-tagh[V→V]-~:(ng₁)u[V→V]-~fnga[V→V][V][Intr][Opt][PRS][2Sg]
ungipaataanga	ungipagh-~:(ng₁)u[V→V]-tagh[V→V]-~:(ng₁)u[V→V][V][Trns][Opt][PRS][2Sg][1Sg]
ungipaataanga	ungipagh-~:(u)te[V→V]-~aghte[V→V]-@₁~:(u)n[V→N]-–nge[N→V][V][Intr][Intrg][3Sg]
ungipaataanga	ungipagh-~:(u)te[V→V][V][Trns][Ind][3Sg][1Sg]
ungipaataanga	ungipagh-~:(u)ta[V→N]-te[N→V]-@₁~:(u)n[V→N]-–nge[N→V][V][Intr][Intrg][3Sg]
ungipaataanga	ungipagh-~:(u)ta[V→N]-te[N→V]-te[V→V]-@₁~:(u)n[V→N]-–nge[N→V][V][Intr][Intrg][3Sg]
ungipaataanga	ungipagh-~:(u)ta[V→N]-–ghte[N→V]-@₁~:(u)n[V→N]-–nge[N→V][V][Intr][Intrg][3Sg]
ungipaataanga	ungipagh-~:(u)ta[V→N]-–ghte[N→V]-te[V→V]-@₁~:(u)n[V→N]-–nge[N→V][V][Intr][Intrg][3Sg]
ungipaataanga	Ungipagh-–ghte[N→V]-@₁~:(u)n[V→N]-–tu[N→V][V][Trns][Intrg][3Sg][1Sg]
ungipaataanga	Ungipagh-–ghte[N→V]-@₁~:(u)n[V→N]-–tu[N→V]-aq[V→N]-–nge[N→V][V][Intr][Intrg][3Sg]
ungipaataanga	Ungipagh-–ghte[N→V]-@₁~:(u)te[V→V]-~aghte[V→V]-@₁~:(u)n[V→N]-–nge[N→V][V][Intr][Intrg][3Sg]
ungipaataanga	Ungipagh-–ghte[N→V]-@₁~:(u)te[V→V][V][Trns][Ind][3Sg][1Sg]
ungipaataanga	Ungipagh-–ghte[N→V]-@₁~:(u)taq[V→N]-–ghte[N→V]-@₁~:(u)n[V→N]-–nge[N→V][V][Intr][Intrg][3Sg]
ungipaataanga	Ungipagh-–ghte[N→V]-@₁~:(u)taq[V→N]-–ghte[N→V]-te[V→V]-@₁~:(u)n[V→N]-–nge[N→V][V][Intr][Intrg][3Sg]
ungipaataanga	Ungipagh-–ghte[N→V]-@₁~:(u)ta[V→N]-te[N→V]-@₁~:(u)n[V→N]-–nge[N→V][V][Intr][Intrg][3Sg]
ungipaataanga	Ungipagh-–ghte[N→V]-@₁~:(u)ta[V→N]-te[N→V]-te[V→V]-@₁~:(u)n[V→N]-–nge[N→V][V][Intr][Intrg][3Sg]
ungipaataanga	Ungipagh-–ghte[N→V]-@₁~:(u)ta[V→N]-–ghte[N→V]-@₁~:(u)n[V→N]-–nge[N→V][V][Intr][Intrg][3Sg]
ungipaataanga	Ungipagh-–ghte[N→V]-@₁~:(u)ta[V→N]-–ghte[N→V]-te[V→V]-@₁~:(u)n[V→N]-–nge[N→V][V][Intr][Intrg][3Sg]
ungipaataanga	Ungipagh-–ghte[N→V]-te[V→V]-@₁~:(u)n[V→N]-–tu[N→V][V][Trns][Intrg][3Sg][1Sg]
ungipaataanga	Ungipagh-–ghte[N→V]-te[V→V]-@₁~:(u)n[V→N]-–tu[N→V]-aq[V→N]-–nge[N→V][V][Intr][Intrg][3Sg]
ungipaataanga	Ungipagh-–ghte[N→V]-te[V→V]-@₁~:(u)te[V→V]-~aghte[V→V]-@₁~:(u)n[V→N]-–nge[N→V][V][Intr][Intrg][3Sg]
ungipaataanga	Ungipagh-–ghte[N→V]-te[V→V]-@₁~:(u)te[V→V][V][Trns][Ind][3Sg][1Sg]
ungipaataanga	Ungipagh-–ghte[N→V]-te[V→V]-@₁~:(u)taq[V→N]-–ghte[N→V]-@₁~:(u)n[V→N]-–nge[N→V][V][Intr][Intrg][3Sg]
ungipaataanga	Ungipagh-–ghte[N→V]-te[V→V]-@₁~:(u)taq[V→N]-–ghte[N→V]-te[V→V]-@₁~:(u)n[V→N]-–nge[N→V][V][Intr][Intrg][3Sg]
ungipaataanga	Ungipagh-–ghte[N→V]-te[V→V]-@₁~:(u)ta[V→N]-te[N→V]-@₁~:(u)n[V→N]-–nge[N→V][V][Intr][Intrg][3Sg]
ungipaataanga	Ungipagh-–ghte[N→V]-te[V→V]-@₁~:(u)ta[V→N]-te[N→V]-te[V→V]-@₁~:(u)n[V→N]-–nge[N→V][V][Intr][Intrg][3Sg]
ungipaataanga	Ungipagh-–ghte[N→V]-te[V→V]-@₁~:(u)ta[V→N]-–ghte[N→V]-@₁~:(u)n[V→N]-–nge[N→V][V][Intr][Intrg][3Sg]
ungipaataanga	Ungipagh-–ghte[N→V]-te[V→V]-@₁~:(u)ta[V→N]-–ghte[N→V]-te[V→V]-@₁~:(u)n[V→N]-–nge[N→V][V][Intr][Intrg][3Sg]
ungipaataanga	Ungipagh-te[N→V]-@₁~:(u)n[V→N]-–tu[N→V][V][Trns][Intrg][3Sg][1Sg]
ungipaataanga	Ungipagh-te[N→V]-@₁~:(u)n[V→N]-–tu[N→V]-aq[V→N]-–nge[N→V][V][Intr][Intrg][3Sg]
ungipaataanga	Ungipagh-te[N→V]-@₁~:(u)te[V→V]-~aghte[V→V]-@₁~:(u)n[V→N]-–nge[N→V][V][Intr][Intrg][3Sg]
ungipaataanga	Ungipagh-te[N→V]-@₁~:(u)te[V→V][V][Trns][Ind][3Sg][1Sg]
ungipaataanga	Ungipagh-te[N→V]-@₁~:(u)taq[V→N]-–ghte[N→V]-@₁~:(u)n[V→N]-–nge[N→V][V][Intr][Intrg][3Sg]
ungipaataanga	Ungipagh-te[N→V]-@₁~:(u)taq[V→N]-–ghte[N→V]-te[V→V]-@₁~:(u)n[V→N]-–nge[N→V][V][Intr][Intrg][3Sg]
ungipaataanga	Ungipagh-te[N→V]-@₁~:(u)ta[V→N]-te[N→V]-@₁~:(u)n[V→N]-–nge[N→V][V][Intr][Intrg][3Sg]
ungipaataanga	Ungipagh-te[N→V]-@₁~:(u)ta[V→N]-te[N→V]-te[V→V]-@₁~:(u)n[V→N]-–nge[N→V][V][Intr][Intrg][3Sg]
ungipaataanga	Ungipagh-te[N→V]-@₁~:(u)ta[V→N]-–ghte[N→V]-@₁~:(u)n[V→N]-–nge[N→V][V][Intr][Intrg][3Sg]
ungipaataanga	Ungipagh-te[N→V]-@₁~:(u)ta[V→N]-–ghte[N→V]-te[V→V]-@₁~:(u)n[V→N]-–nge[N→V][V][Intr][Intrg][3Sg]
ungipaataanga	Ungipagh-~:(ng₁)u[N→V]-@₁~:(u)n[V→N]-–tu[N→V][V][Trns][Intrg][3Sg][1Sg]
ungipaataanga	Ungipagh-~:(ng₁)u[N→V]-@₁~:(u)n[V→N]-–tu[N→V]-aq[V→N]-–nge[N→V][V][Intr][Intrg][3Sg]
ungipaataanga	Ungipagh-~:(ng₁)u[N→V]-@₁~:(u)te[V→V]-~aghte[V→V]-@₁~:(u)n[V→N]-–nge[N→V][V][Intr][Intrg][3Sg]
ungipaataanga	Ungipagh-~:(ng₁)u[N→V]-@₁~:(u)te[V→V][V][Trns][Ind][3Sg][1Sg]
ungipaataanga	Ungipagh-~:(ng₁)u[N→V]-@₁~:(u)taq[V→N]-–ghte[N→V]-@₁~:(u)n[V→N]-–nge[N→V][V][Intr][Intrg][3Sg]
ungipaataanga	Ungipagh-~:(ng₁)u[N→V]-@₁~:(u)taq[V→N]-–ghte[N→V]-te[V→V]-@₁~:(u)n[V→N]-–nge[N→V][V][Intr][Intrg][3Sg]
ungipaataanga	Ungipagh-~:(ng₁)u[N→V]-@₁~:(u)ta[V→N]-te[N→V]-@₁~:(u)n[V→N]-–nge[N→V][V][Intr][Intrg][3Sg]
ungipaataanga	Ungipagh-~:(ng₁)u[N→V]-@₁~:(u)ta[V→N]-te[N→V]-te[V→V]-@₁~:(u)n[V→N]-–nge[N→V][V][Intr][Intrg][3Sg]
ungipaataanga	Ungipagh-~:(ng₁)u[N→V]-@₁~:(u)ta[V→N]-–ghte[N→V]-@₁~:(u)n[V→N]-–nge[N→V][V][Intr][Intrg][3Sg]
ungipaataanga	Ungipagh-~:(ng₁)u[N→V]-@₁~:(u)ta[V→N]-–ghte[N→V]-te[V→V]-@₁~:(u)n[V→N]-–nge[N→V][V][Intr][Intrg][3Sg]
ungipaataanga	Ungipagh-~:(ng₁)u[N→V]-~:(u)te[V→V]-~aghte[V→V]-@₁~:(u)n[V→N]-–nge[N→V][V][Intr][Intrg][3Sg]
ungipaataanga	Ungipagh-~:(ng₁)u[N→V]-~:(u)te[V→V][V][Trns][Ind][3Sg][1Sg]
ungipaataanga	Ungipagh-~:(ng₁)u[N→V]-~:(u)ta[V→N]-te[N→V]-@₁~:(u)n[V→N]-–nge[N→V][V][Intr][Intrg][3Sg]
ungipaataanga	Ungipagh-~:(ng₁)u[N→V]-~:(u)ta[V→N]-te[N→V]-te[V→V]-@₁~:(u)n[V→N]-–nge[N→V][V][Intr][Intrg][3Sg]
ungipaataanga	Ungipagh-~:(ng₁)u[N→V]-~:(u)ta[V→N]-–ghte[N→V]-@₁~:(u)n[V→N]-–nge[N→V][V][Intr][Intrg][3Sg]
ungipaataanga	Ungipagh-~:(ng₁)u[N→V]-~:(u)ta[V→N]-–ghte[N→V]-te[V→V]-@₁~:(u)n[V→N]-–nge[N→V][V][Intr][Intrg][3Sg]
ungipaataanga	Ungipagh-~:(ng₁)u[N→V]-–tu[V→V][V][Trns][Intrg][3Sg][1Sg]
ungipaataanga	Ungipagh-~:(ng₁)u[N→V]-–tu[V→V]-aq[V→N]-–nge[N→V][V][Intr][Intrg][3Sg]
ungipaataanga	Ungipagh-~:(ng₁)u[N→V]-te[V→V]-~aghte[V→V]-@₁~:(u)n[V→N]-–nge[N→V][V][Intr][Intrg][3Sg]
ungipaataanga	Ungipagh-~:(ng₁)u[N→V]-te[V→V][V][Trns][Ind][3Sg][1Sg]
ungipaataanga	Ungipagh-~:(ng₁)u[N→V]-tu[V→V][V][Trns][Intrg][3Sg][1Sg]
ungipaataanga	Ungipagh-~:(ng₁)u[N→V]-tu[V→V]-aq[V→N]-–nge[N→V][V][Intr][Intrg][3Sg]
ungipaataanga	Ungipagh-~:(ng₁)u[N→V]-tagh[V→V]-–ghte[V→V]-@₁~:(u)n[V→N]-–nge[N→V][V][Intr][Intrg][3Sg]
ungipaataanga	Ungipagh-~:(ng₁)u[N→V]-tagh[V→V]-@₁~:(u)n[V→N]-–nge[N→V][V][Intr][Intrg][3Sg]
ungipaataanga	Ungipagh-~:(ng₁)u[N→V]-tagh[V→V]-te[V→V]-@₁~:(u)n[V→N]-–nge[N→V][V][Intr][Intrg][3Sg]
ungipaataanga	Ungipagh-~:(ng₁)u[N→V]-tagh[V→V]-~:(ng₁)u[V→V]-@₁~:(u)n[V→N]-–nge[N→V][V][Intr][Intrg][3Sg]
ungipaataanga	Ungipagh-~:(ng₁)u[N→V]-tagh[V→V]-~:(ng₁)u[V→V]-~fnga[V→V][V][Intr][Opt][PRS][2Sg]
ungipaataanga	Ungipagh-~:(ng₁)u[N→V]-tagh[V→V]-~:(ng₁)u[V→V][V][Trns][Opt][PRS][2Sg][1Sg]

yuget	yu(u)g[N][Abs][Unpd][Pl]
yuget	yu(u)g[N][Rel][Unpd][Pl]
yuget	yug[N][Abs][Unpd][Pl]
yuget	yug[N][Rel][Unpd][Pl]

kiyaghhneghinniluki	kiyaghte-@₁–nghite[V→V]-@₁~fni[V→V]-@₁~:(u)te[V→V][V][Trns][Sbrd][_][3Pl]
kiyaghhneghinniluki	kiyaghte-@₁–nghite[V→V]-@₁~fni[V→V]-@₁~:(u)n[V→N]-–luk[N→N]-~–ke[N→V]-~i[V→V][V][Intr][Opt][PRS][2Sg]
kiyaghhneghinniluki	kiyaghte-@₁–nghite[V→V]-@₁~fni[V→V]-@₁~:(u)n[V→N]-–luk[N→N]-~–ke[N→V][V][Intr][Opt][PRS][2Sg]
kiyaghhneghinniluki	kiyaghte-@₁–nghite[V→V]-@₁~fni[V→V]-@₁~:(u)n[V→N]-–luk[N→N]-~–ke[N→N]-––i[N→V][V][Intr][Opt][PRS][2Sg]
kiyaghhneghinniluki	kiyaghte-@₁–nghite[V→V]-@₁~fni[V→V]-@₁~:(u)n[V→N]-–luk[N→N]-––i[N→V][V][Intr][Opt][PRS][2Sg]
kiyaghhneghinniluki	kiyaghte-@₁–nghite[V→V]-@₁~fni[V→V]-@₁~:(u)n[V→N]-–luk[N→N][N][Abs][3SgPoss][PlPosd]
kiyaghhneghinniluki	kiyaghte-@₁–nghite[V→V]-@₁~fni[V→V]-~:(u)te[V→V][V][Trns][Sbrd][_][3Pl]
kiyaghhneghinniluki	kiyaghte-@₁–nghite[V→V]-@₁~fni[V→V][V][Trns][Sbrd][_][3Pl]
kiyaghhneghinniluki	kiyaghte-@₁–nghite[V→V]-@₁~fni[Cmpd_Vbl]-@₁~:(u)te[V→V][V][Trns][Sbrd][_][3Pl]
kiyaghhneghinniluki	kiyaghte-@₁–nghite[V→V]-@₁~fni[Cmpd_Vbl]-@₁~:(u)n[V→N]-–luk[N→N]-~–ke[N→V]-~i[V→V][V][Intr][Opt][PRS][2Sg]
kiyaghhneghinniluki	kiyaghte-@₁–nghite[V→V]-@₁~fni[Cmpd_Vbl]-@₁~:(u)n[V→N]-–luk[N→N]-~–ke[N→V][V][Intr][Opt][PRS][2Sg]
kiyaghhneghinniluki	kiyaghte-@₁–nghite[V→V]-@₁~fni[Cmpd_Vbl]-@₁~:(u)n[V→N]-–luk[N→N]-~–ke[N→N]-––i[N→V][V][Intr][Opt][PRS][2Sg]
kiyaghhneghinniluki	kiyaghte-@₁–nghite[V→V]-@₁~fni[Cmpd_Vbl]-@₁~:(u)n[V→N]-–luk[N→N]-––i[N→V][V][Intr][Opt][PRS][2Sg]
kiyaghhneghinniluki	kiyaghte-@₁–nghite[V→V]-@₁~fni[Cmpd_Vbl]-@₁~:(u)n[V→N]-–luk[N→N][N][Abs][3SgPoss][PlPosd]
kiyaghhneghinniluki	kiyaghte-@₁–nghite[V→V]-@₁~fni[Cmpd_Vbl]-~:(u)te[V→V][V][Trns][Sbrd][_][3Pl]
kiyaghhneghinniluki	kiyaghte-@₁–nghite[V→V]-@₁~fni[Cmpd_Vbl][V][Trns][Sbrd][_][3Pl]
kiyaghhneghinniluki	kiyaghte-@₁–nghite**[V→V]-@₁~fni[V→V]-@₁~:(u)te[V→V][V][Trns][Sbrd][_][3Pl]
kiyaghhneghinniluki	kiyaghte-@₁–nghite**[V→V]-@₁~fni[V→V]-@₁~:(u)n[V→N]-–luk[N→N]-~–ke[N→V]-~i[V→V][V][Intr][Opt][PRS][2Sg]
kiyaghhneghinniluki	kiyaghte-@₁–nghite**[V→V]-@₁~fni[V→V]-@₁~:(u)n[V→N]-–luk[N→N]-~–ke[N→V][V][Intr][Opt][PRS][2Sg]
kiyaghhneghinniluki	kiyaghte-@₁–nghite**[V→V]-@₁~fni[V→V]-@₁~:(u)n[V→N]-–luk[N→N]-~–ke[N→N]-––i[N→V][V][Intr][Opt][PRS][2Sg]
kiyaghhneghinniluki	kiyaghte-@₁–nghite**[V→V]-@₁~fni[V→V]-@₁~:(u)n[V→N]-–luk[N→N]-––i[N→V][V][Intr][Opt][PRS][2Sg]
kiyaghhneghinniluki	kiyaghte-@₁–nghite**[V→V]-@₁~fni[V→V]-@₁~:(u)n[V→N]-–luk[N→N][N][Abs][3SgPoss][PlPosd]
kiyaghhneghinniluki	kiyaghte-@₁–nghite**[V→V]-@₁~fni[V→V]-~:(u)te[V→V][V][Trns][Sbrd][_][3Pl]
kiyaghhneghinniluki	kiyaghte-@₁–nghite**[V→V]-@₁~fni[V→V][V][Trns][Sbrd][_][3Pl]
kiyaghhneghinniluki	kiyaghte-@₁–nghite**[V→V]-@₁~fni[Cmpd_Vbl]-@₁~:(u)te[V→V][V][Trns][Sbrd][_][3Pl]
kiyaghhneghinniluki	kiyaghte-@₁–nghite**[V→V]-@₁~fni[Cmpd_Vbl]-@₁~:(u)n[V→N]-–luk[N→N]-~–ke[N→V]-~i[V→V][V][Intr][Opt][PRS][2Sg]
kiyaghhneghinniluki	kiyaghte-@₁–nghite**[V→V]-@₁~fni[Cmpd_Vbl]-@₁~:(u)n[V→N]-–luk[N→N]-~–ke[N→V][V][Intr][Opt][PRS][2Sg]
kiyaghhneghinniluki	kiyaghte-@₁–nghite**[V→V]-@₁~fni[Cmpd_Vbl]-@₁~:(u)n[V→N]-–luk[N→N]-~–ke[N→N]-––i[N→V][V][Intr][Opt][PRS][2Sg]
kiyaghhneghinniluki	kiyaghte-@₁–nghite**[V→V]-@₁~fni[Cmpd_Vbl]-@₁~:(u)n[V→N]-–luk[N→N]-––i[N→V][V][Intr][Opt][PRS][2Sg]
kiyaghhneghinniluki	kiyaghte-@₁–nghite**[V→V]-@₁~fni[Cmpd_Vbl]-@₁~:(u)n[V→N]-–luk[N→N][N][Abs][3SgPoss][PlPosd]
kiyaghhneghinniluki	kiyaghte-@₁–nghite**[V→V]-@₁~fni[Cmpd_Vbl]-~:(u)te[V→V][V][Trns][Sbrd][_][3Pl]
kiyaghhneghinniluki	kiyaghte-@₁–nghite**[V→V]-@₁~fni[Cmpd_Vbl][V][Trns][Sbrd][_][3Pl]
kiyaghhneghinniluki	kiyaghte-@₁–nghite**[V→V]-te[V→V]-@₁~fni[V→V]-@₁~:(u)te[V→V][V][Trns][Sbrd][_][3Pl]
kiyaghhneghinniluki	kiyaghte-@₁–nghite**[V→V]-te[V→V]-@₁~fni[V→V]-@₁~:(u)n[V→N]-–luk[N→N]-~–ke[N→V]-~i[V→V][V][Intr][Opt][PRS][2Sg]
kiyaghhneghinniluki	kiyaghte-@₁–nghite**[V→V]-te[V→V]-@₁~fni[V→V]-@₁~:(u)n[V→N]-–luk[N→N]-~–ke[N→V][V][Intr][Opt][PRS][2Sg]
kiyaghhneghinniluki	kiyaghte-@₁–nghite**[V→V]-te[V→V]-@₁~fni[V→V]-@₁~:(u)n[V→N]-–luk[N→N]-~–ke[N→N]-––i[N→V][V][Intr][Opt][PRS][2Sg]
kiyaghhneghinniluki	kiyaghte-@₁–nghite**[V→V]-te[V→V]-@₁~fni[V→V]-@₁~:(u)n[V→N]-–luk[N→N]-––i[N→V][V][Intr][Opt][PRS][2Sg]
kiyaghhneghinniluki	kiyaghte-@₁–nghite**[V→V]-te[V→V]-@₁~fni[V→V]-@₁~:(u)n[V→N]-–luk[N→N][N][Abs][3SgPoss][PlPosd]
kiyaghhneghinniluki	kiyaghte-@₁–nghite**[V→V]-te[V→V]-@₁~fni[V→V]-~:(u)te[V→V][V][Trns][Sbrd][_][3Pl]
kiyaghhneghinniluki	kiyaghte-@₁–nghite**[V→V]-te[V→V]-@₁~fni[V→V][V][Trns][Sbrd][_][3Pl]
kiyaghhneghinniluki	kiyaghte-@₁–nghite**[V→V]-te[V→V]-@₁~fni[Cmpd_Vbl]-@₁~:(u)te[V→V][V][Trns][Sbrd][_][3Pl]
kiyaghhneghinniluki	kiyaghte-@₁–nghite**[V→V]-te[V→V]-@₁~fni[Cmpd_Vbl]-@₁~:(u)n[V→N]-–luk[N→N]-~–ke[N→V]-~i[V→V][V][Intr][Opt][PRS][2Sg]
kiyaghhneghinniluki	kiyaghte-@₁–nghite**[V→V]-te[V→V]-@₁~fni[Cmpd_Vbl]-@₁~:(u)n[V→N]-–luk[N→N]-~–ke[N→V][V][Intr][Opt][PRS][2Sg]
kiyaghhneghinniluki	kiyaghte-@₁–nghite**[V→V]-te[V→V]-@₁~fni[Cmpd_Vbl]-@₁~:(u)n[V→N]-–luk[N→N]-~–ke[N→N]-––i[N→V][V][Intr][Opt][PRS][2Sg]
kiyaghhneghinniluki	kiyaghte-@₁–nghite**[V→V]-te[V→V]-@₁~fni[Cmpd_Vbl]-@₁~:(u)n[V→N]-–luk[N→N]-––i[N→V][V][Intr][Opt][PRS][2Sg]
kiyaghhneghinniluki	kiyaghte-@₁–nghite**[V→V]-te[V→V]-@₁~fni[Cmpd_Vbl]-@₁~:(u)n[V→N]-–luk[N→N][N][Abs][3SgPoss][PlPosd]
kiyaghhneghinniluki	kiyaghte-@₁–nghite**[V→V]-te[V→V]-@₁~fni[Cmpd_Vbl]-~:(u)te[V→V][V][Trns][Sbrd][_][3Pl]
kiyaghhneghinniluki	kiyaghte-@₁–nghite**[V→V]-te[V→V]-@₁~fni[Cmpd_Vbl][V][Trns][Sbrd][_][3Pl]
kiyaghhneghinniluki	kiyaghte-@₁–negh[V→N]-~:(ng₁)ite[N→V]-@₁~fni[V→V]-@₁~:(u)te[V→V][V][Trns][Sbrd][_][3Pl]
kiyaghhneghinniluki	kiyaghte-@₁–negh[V→N]-~:(ng₁)ite[N→V]-@₁~fni[V→V]-@₁~:(u)n[V→N]-–luk[N→N]-~–ke[N→V]-~i[V→V][V][Intr][Opt][PRS][2Sg]
kiyaghhneghinniluki	kiyaghte-@₁–negh[V→N]-~:(ng₁)ite[N→V]-@₁~fni[V→V]-@₁~:(u)n[V→N]-–luk[N→N]-~–ke[N→V][V][Intr][Opt][PRS][2Sg]
kiyaghhneghinniluki	kiyaghte-@₁–negh[V→N]-~:(ng₁)ite[N→V]-@₁~fni[V→V]-@₁~:(u)n[V→N]-–luk[N→N]-~–ke[N→N]-––i[N→V][V][Intr][Opt][PRS][2Sg]
kiyaghhneghinniluki	kiyaghte-@₁–negh[V→N]-~:(ng₁)ite[N→V]-@₁~fni[V→V]-@₁~:(u)n[V→N]-–luk[N→N]-––i[N→V][V][Intr][Opt][PRS][2Sg]
kiyaghhneghinniluki	kiyaghte-@₁–negh[V→N]-~:(ng₁)ite[N→V]-@₁~fni[V→V]-@₁~:(u)n[V→N]-–luk[N→N][N][Abs][3SgPoss][PlPosd]
kiyaghhneghinniluki	kiyaghte-@₁–negh[V→N]-~:(ng₁)ite[N→V]-@₁~fni[V→V]-~:(u)te[V→V][V][Trns][Sbrd][_][3Pl]
kiyaghhneghinniluki	kiyaghte-@₁–negh[V→N]-~:(ng₁)ite[N→V]-@₁~fni[V→V][V][Trns][Sbrd][_][3Pl]
kiyaghhneghinniluki	kiyaghte-@₁–negh[V→N]-~:(ng₁)ite[N→V]-@₁~fni[Cmpd_Vbl]-@₁~:(u)te[V→V][V][Trns][Sbrd][_][3Pl]
kiyaghhneghinniluki	kiyaghte-@₁–negh[V→N]-~:(ng₁)ite[N→V]-@₁~fni[Cmpd_Vbl]-@₁~:(u)n[V→N]-–luk[N→N]-~–ke[N→V]-~i[V→V][V][Intr][Opt][PRS][2Sg]
kiyaghhneghinniluki	kiyaghte-@₁–negh[V→N]-~:(ng₁)ite[N→V]-@₁~fni[Cmpd_Vbl]-@₁~:(u)n[V→N]-–luk[N→N]-~–ke[N→V][V][Intr][Opt][PRS][2Sg]
kiyaghhneghinniluki	kiyaghte-@₁–negh[V→N]-~:(ng₁)ite[N→V]-@₁~fni[Cmpd_Vbl]-@₁~:(u)n[V→N]-–luk[N→N]-~–ke[N→N]-––i[N→V][V][Intr][Opt][PRS][2Sg]
kiyaghhneghinniluki	kiyaghte-@₁–negh[V→N]-~:(ng₁)ite[N→V]-@₁~fni[Cmpd_Vbl]-@₁~:(u)n[V→N]-–luk[N→N]-––i[N→V][V][Intr][Opt][PRS][2Sg]
kiyaghhneghinniluki	kiyaghte-@₁–negh[V→N]-~:(ng₁)ite[N→V]-@₁~fni[Cmpd_Vbl]-@₁~:(u)n[V→N]-–luk[N→N][N][Abs][3SgPoss][PlPosd]
kiyaghhneghinniluki	kiyaghte-@₁–negh[V→N]-~:(ng₁)ite[N→V]-@₁~fni[Cmpd_Vbl]-~:(u)te[V→V][V][Trns][Sbrd][_][3Pl]
kiyaghhneghinniluki	kiyaghte-@₁–negh[V→N]-~:(ng₁)ite[N→V]-@₁~fni[Cmpd_Vbl][V][Trns][Sbrd][_][3Pl]
kiyaghhneghinniluki	kiyaghte-@₁–negh[V→N]-~:(ng₁)ite[N→V]-te[V→V]-@₁~fni[V→V]-@₁~:(u)te[V→V][V][Trns][Sbrd][_][3Pl]
kiyaghhneghinniluki	kiyaghte-@₁–negh[V→N]-~:(ng₁)ite[N→V]-te[V→V]-@₁~fni[V→V]-@₁~:(u)n[V→N]-–luk[N→N]-~–ke[N→V]-~i[V→V][V][Intr][Opt][PRS][2Sg]
kiyaghhneghinniluki	kiyaghte-@₁–negh[V→N]-~:(ng₁)ite[N→V]-te[V→V]-@₁~fni[V→V]-@₁~:(u)n[V→N]-–luk[N→N]-~–ke[N→V][V][Intr][Opt][PRS][2Sg]
kiyaghhneghinniluki	kiyaghte-@₁–negh[V→N]-~:(ng₁)ite[N→V]-te[V→V]-@₁~fni[V→V]-@₁~:(u)n[V→N]-–luk[N→N]-~–ke[N→N]-––i[N→V][V][Intr][Opt][PRS][2Sg]
kiyaghhneghinniluki	kiyaghte-@₁–negh[V→N]-~:(ng₁)ite[N→V]-te[V→V]-@₁~fni[V→V]-@₁~:(u)n[V→N]-–luk[N→N]-––i[N→V][V][Intr][Opt][PRS][2Sg]
kiyaghhneghinniluki	kiyaghte-@₁–negh[V→N]-~:(ng₁)ite[N→V]-te[V→V]-@₁~fni[V→V]-@₁~:(u)n[V→N]-–luk[N→N][N][Abs][3SgPoss][PlPosd]
kiyaghhneghinniluki	kiyaghte-@₁–negh[V→N]-~:(ng₁)ite[N→V]-te[V→V]-@₁~fni[V→V]-~:(u)te[V→V][V][Trns][Sbrd][_][3Pl]
kiyaghhneghinniluki	kiyaghte-@₁–negh[V→N]-~:(ng₁)ite[N→V]-te[V→V]-@₁~fni[V→V][V][Trns][Sbrd][_][3Pl]
kiyaghhneghinniluki	kiyaghte-@₁–negh[V→N]-~:(ng₁)ite[N→V]-te[V→V]-@₁~fni[Cmpd_Vbl]-@₁~:(u)te[V→V][V][Trns][Sbrd][_][3Pl]
kiyaghhneghinniluki	kiyaghte-@₁–negh[V→N]-~:(ng₁)ite[N→V]-te[V→V]-@₁~fni[Cmpd_Vbl]-@₁~:(u)n[V→N]-–luk[N→N]-~–ke[N→V]-~i[V→V][V][Intr][Opt][PRS][2Sg]
kiyaghhneghinniluki	kiyaghte-@₁–negh[V→N]-~:(ng₁)ite[N→V]-te[V→V]-@₁~fni[Cmpd_Vbl]-@₁~:(u)n[V→N]-–luk[N→N]-~–ke[N→V][V][Intr][Opt][PRS][2Sg]
kiyaghhneghinniluki	kiyaghte-@₁–negh[V→N]-~:(ng₁)ite[N→V]-te[V→V]-@₁~fni[Cmpd_Vbl]-@₁~:(u)n[V→N]-–luk[N→N]-~–ke[N→N]-––i[N→V][V][Intr][Opt][PRS][2Sg]
kiyaghhneghinniluki	kiyaghte-@₁–negh[V→N]-~:(ng₁)ite[N→V]-te[V→V]-@₁~fni[Cmpd_Vbl]-@₁~:(u)n[V→N]-–luk[N→N]-––i[N→V][V][Intr][Opt][PRS][2Sg]
kiyaghhneghinniluki	kiyaghte-@₁–negh[V→N]-~:(ng₁)ite[N→V]-te[V→V]-@₁~fni[Cmpd_Vbl]-@₁~:(u)n[V→N]-–luk[N→N][N][Abs][3SgPoss][PlPosd]
kiyaghhneghinniluki	kiyaghte-@₁–negh[V→N]-~:(ng₁)ite[N→V]-te[V→V]-@₁~fni[Cmpd_Vbl]-~:(u)te[V→V][V][Trns][Sbrd][_][3Pl]
kiyaghhneghinniluki	kiyaghte-@₁–negh[V→N]-~:(ng₁)ite[N→V]-te[V→V]-@₁~fni[Cmpd_Vbl][V][Trns][Sbrd][_][3Pl]
kiyaghhneghinniluki	kiyaghte-@₁–negh[V→N]-~:(ng₁)ite**[N→V]-@₁~fni[V→V]-@₁~:(u)n[V→N]-–luk[N→N]-~–ke[N→V]-~i[V→V][V][Intr][Opt][PRS][2Sg]
kiyaghhneghinniluki	kiyaghte-@₁–negh[V→N]-~:(ng₁)ite**[N→V]-@₁~fni[V→V]-@₁~:(u)n[V→N]-–luk[N→N]-~–ke[N→V][V][Intr][Opt][PRS][2Sg]
kiyaghhneghinniluki	kiyaghte-@₁–negh[V→N]-~:(ng₁)ite**[N→V]-@₁~fni[V→V]-@₁~:(u)n[V→N]-–luk[N→N]-~–ke[N→N]-––i[N→V][V][Intr][Opt][PRS][2Sg]
kiyaghhneghinniluki	kiyaghte-@₁–negh[V→N]-~:(ng₁)ite**[N→V]-@₁~fni[V→V]-@₁~:(u)n[V→N]-–luk[N→N]-––i[N→V][V][Intr][Opt][PRS][2Sg]
kiyaghhneghinniluki	kiyaghte-@₁–negh[V→N]-~:(ng₁)ite**[N→V]-@₁~fni[V→V]-@₁~:(u)n[V→N]-–luk[N→N][N][Abs][3SgPoss][PlPosd]
kiyaghhneghinniluki	kiyaghte-@₁–negh[V→N]-~:(ng₁)ite**[N→V]-@₁~fni[Cmpd_Vbl]-@₁~:(u)te[V→V][V][Trns][Sbrd][_][3Pl]
kiyaghhneghinniluki	kiyaghte-@₁–negh[V→N]-~:(ng₁)ite**[N→V]-@₁~fni[Cmpd_Vbl]-@₁~:(u)n[V→N]-–luk[N→N]-~–ke[N→V]-~i[V→V][V][Intr][Opt][PRS][2Sg]
kiyaghhneghinniluki	kiyaghte-@₁–negh[V→N]-~:(ng₁)ite**[N→V]-@₁~fni[Cmpd_Vbl]-@₁~:(u)n[V→N]-–luk[N→N]-~–ke[N→V][V][Intr][Opt][PRS][2Sg]
kiyaghhneghinniluki	kiyaghte-@₁–negh[V→N]-~:(ng₁)ite**[N→V]-@₁~fni[Cmpd_Vbl]-@₁~:(u)n[V→N]-–luk[N→N]-~–ke[N→N]-––i[N→V][V][Intr][Opt][PRS][2Sg]
kiyaghhneghinniluki	kiyaghte-@₁–negh[V→N]-~:(ng₁)ite**[N→V]-@₁~fni[Cmpd_Vbl]-@₁~:(u)n[V→N]-–luk[N→N]-––i[N→V][V][Intr][Opt][PRS][2Sg]
kiyaghhneghinniluki	kiyaghte-@₁–negh[V→N]-~:(ng₁)ite**[N→V]-@₁~fni[Cmpd_Vbl]-@₁~:(u)n[V→N]-–luk[N→N][N][Abs][3SgPoss][PlPosd]
kiyaghhneghinniluki	kiyaghte-@₁–negh[V→N]-~:(ng₁)ite**[N→V]-@₁~fni[Cmpd_Vbl]-~:(u)te[V→V][V][Trns][Sbrd][_][3Pl]
kiyaghhneghinniluki	kiyaghte-@₁–negh[V→N]-~:(ng₁)ite**[N→V]-@₁~fni[Cmpd_Vbl][V][Trns][Sbrd][_][3Pl]
kiyaghhneghinniluki	kiyaghte-@₁–negh[V→N]-~:(ng₁)ite**[N→V]-te[V→V]-@₁~fni[V→V]-@₁~:(u)n[V→N]-–luk[N→N]-~–ke[N→V]-~i[V→V][V][Intr][Opt][PRS][2Sg]
kiyaghhneghinniluki	kiyaghte-@₁–negh[V→N]-~:(ng₁)ite**[N→V]-te[V→V]-@₁~fni[V→V]-@₁~:(u)n[V→N]-–luk[N→N]-~–ke[N→V][V][Intr][Opt][PRS][2Sg]
kiyaghhneghinniluki	kiyaghte-@₁–negh[V→N]-~:(ng₁)ite**[N→V]-te[V→V]-@₁~fni[V→V]-@₁~:(u)n[V→N]-–luk[N→N]-~–ke[N→N]-––i[N→V][V][Intr][Opt][PRS][2Sg]
kiyaghhneghinniluki	kiyaghte-@₁–negh[V→N]-~:(ng₁)ite**[N→V]-te[V→V]-@₁~fni[V→V]-@₁~:(u)n[V→N]-–luk[N→N]-––i[N→V][V][Intr][Opt][PRS][2Sg]
kiyaghhneghinniluki	kiyaghte-@₁–negh[V→N]-~:(ng₁)ite**[N→V]-te[V→V]-@₁~fni[V→V]-@₁~:(u)n[V→N]-–luk[N→N][N][Abs][3SgPoss][PlPosd]
kiyaghhneghinniluki	kiyaghte-@₁–negh[V→N]-~:(ng₁)ite**[N→V]-te[V→V]-@₁~fni[Cmpd_Vbl]-@₁~:(u)te[V→V][V][Trns][Sbrd][_][3Pl]
kiyaghhneghinniluki	kiyaghte-@₁–negh[V→N]-~:(ng₁)ite**[N→V]-te[V→V]-@₁~fni[Cmpd_Vbl]-@₁~:(u)n[V→N]-–luk[N→N]-~–ke[N→V]-~i[V→V][V][Intr][Opt][PRS][2Sg]
kiyaghhneghinniluki	kiyaghte-@₁–negh[V→N]-~:(ng₁)ite**[N→V]-te[V→V]-@₁~fni[Cmpd_Vbl]-@₁~:(u)n[V→N]-–luk[N→N]-~–ke[N→V][V][Intr][Opt][PRS][2Sg]
kiyaghhneghinniluki	kiyaghte-@₁–negh[V→N]-~:(ng₁)ite**[N→V]-te[V→V]-@₁~fni[Cmpd_Vbl]-@₁~:(u)n[V→N]-–luk[N→N]-~–ke[N→N]-––i[N→V][V][Intr][Opt][PRS][2Sg]
kiyaghhneghinniluki	kiyaghte-@₁–negh[V→N]-~:(ng₁)ite**[N→V]-te[V→V]-@₁~fni[Cmpd_Vbl]-@₁~:(u)n[V→N]-–luk[N→N]-––i[N→V][V][Intr][Opt][PRS][2Sg]
kiyaghhneghinniluki	kiyaghte-@₁–negh[V→N]-~:(ng₁)ite**[N→V]-te[V→V]-@₁~fni[Cmpd_Vbl]-@₁~:(u)n[V→N]-–luk[N→N][N][Abs][3SgPoss][PlPosd]
kiyaghhneghinniluki	kiyaghte-@₁–negh[V→N]-~:(ng₁)ite**[N→V]-te[V→V]-@₁~fni[Cmpd_Vbl]-~:(u)te[V→V][V][Trns][Sbrd][_][3Pl]
kiyaghhneghinniluki	kiyaghte-@₁–negh[V→N]-~:(ng₁)ite**[N→V]-te[V→V]-@₁~fni[Cmpd_Vbl][V][Trns][Sbrd][_][3Pl]
kiyaghhneghinniluki	kiyaghte-@₁–negh[V→N]-––i[N→V]-te[V→V]-@₁~fni[V→V]-@₁~:(u)te[V→V][V][Trns][Sbrd][_][3Pl]
kiyaghhneghinniluki	kiyaghte-@₁–negh[V→N]-––i[N→V]-te[V→V]-@₁~fni[V→V]-@₁~:(u)n[V→N]-–luk[N→N]-~–ke[N→V]-~i[V→V][V][Intr][Opt][PRS][2Sg]
kiyaghhneghinniluki	kiyaghte-@₁–negh[V→N]-––i[N→V]-te[V→V]-@₁~fni[V→V]-@₁~:(u)n[V→N]-–luk[N→N]-~–ke[N→V][V][Intr][Opt][PRS][2Sg]
kiyaghhneghinniluki	kiyaghte-@₁–negh[V→N]-––i[N→V]-te[V→V]-@₁~fni[V→V]-@₁~:(u)n[V→N]-–luk[N→N]-~–ke[N→N]-––i[N→V][V][Intr][Opt][PRS][2Sg]
kiyaghhneghinniluki	kiyaghte-@₁–negh[V→N]-––i[N→V]-te[V→V]-@₁~fni[V→V]-@₁~:(u)n[V→N]-–luk[N→N]-––i[N→V][V][Intr][Opt][PRS][2Sg]
kiyaghhneghinniluki	kiyaghte-@₁–negh[V→N]-––i[N→V]-te[V→V]-@₁~fni[V→V]-@₁~:(u)n[V→N]-–luk[N→N][N][Abs][3SgPoss][PlPosd]
kiyaghhneghinniluki	kiyaghte-@₁–negh[V→N]-––i[N→V]-te[V→V]-@₁~fni[V→V]-~:(u)te[V→V][V][Trns][Sbrd][_][3Pl]
kiyaghhneghinniluki	kiyaghte-@₁–negh[V→N]-––i[N→V]-te[V→V]-@₁~fni[V→V][V][Trns][Sbrd][_][3Pl]
kiyaghhneghinniluki	kiyaghte-@₁–negh[V→N]-––i[N→V]-te[V→V]-@₁~fni[Cmpd_Vbl]-@₁~:(u)te[V→V][V][Trns][Sbrd][_][3Pl]
kiyaghhneghinniluki	kiyaghte-@₁–negh[V→N]-––i[N→V]-te[V→V]-@₁~fni[Cmpd_Vbl]-@₁~:(u)n[V→N]-–luk[N→N]-~–ke[N→V]-~i[V→V][V][Intr][Opt][PRS][2Sg]
kiyaghhneghinniluki	kiyaghte-@₁–negh[V→N]-––i[N→V]-te[V→V]-@₁~fni[Cmpd_Vbl]-@₁~:(u)n[V→N]-–luk[N→N]-~–ke[N→V][V][Intr][Opt][PRS][2Sg]
kiyaghhneghinniluki	kiyaghte-@₁–negh[V→N]-––i[N→V]-te[V→V]-@₁~fni[Cmpd_Vbl]-@₁~:(u)n[V→N]-–luk[N→N]-~–ke[N→N]-––i[N→V][V][Intr][Opt][PRS][2Sg]
kiyaghhneghinniluki	kiyaghte-@₁–negh[V→N]-––i[N→V]-te[V→V]-@₁~fni[Cmpd_Vbl]-@₁~:(u)n[V→N]-–luk[N→N]-––i[N→V][V][Intr][Opt][PRS][2Sg]
kiyaghhneghinniluki	kiyaghte-@₁–negh[V→N]-––i[N→V]-te[V→V]-@₁~fni[Cmpd_Vbl]-@₁~:(u)n[V→N]-–luk[N→N][N][Abs][3SgPoss][PlPosd]
kiyaghhneghinniluki	kiyaghte-@₁–negh[V→N]-––i[N→V]-te[V→V]-@₁~fni[Cmpd_Vbl]-~:(u)te[V→V][V][Trns][Sbrd][_][3Pl]
kiyaghhneghinniluki	kiyaghte-@₁–negh[V→N]-––i[N→V]-te[V→V]-@₁~fni[Cmpd_Vbl][V][Trns][Sbrd][_][3Pl]
kiyaghhneghinniluki	kiyaghte-@₁–negh[V→N]-––i[N→V]-~:(u)te[V→N]-te[N→V]-@₁~fni[V→V]-@₁~:(u)te[V→V][V][Trns][Sbrd][_][3Pl]
kiyaghhneghinniluki	kiyaghte-@₁–negh[V→N]-––i[N→V]-~:(u)te[V→N]-te[N→V]-@₁~fni[V→V]-@₁~:(u)n[V→N]-–luk[N→N]-~–ke[N→V]-~i[V→V][V][Intr][Opt][PRS][2Sg]
kiyaghhneghinniluki	kiyaghte-@₁–negh[V→N]-––i[N→V]-~:(u)te[V→N]-te[N→V]-@₁~fni[V→V]-@₁~:(u)n[V→N]-–luk[N→N]-~–ke[N→V][V][Intr][Opt][PRS][2Sg]
kiyaghhneghinniluki	kiyaghte-@₁–negh[V→N]-––i[N→V]-~:(u)te[V→N]-te[N→V]-@₁~fni[V→V]-@₁~:(u)n[V→N]-–luk[N→N]-––i[N→V][V][Intr][Opt][PRS][2Sg]
kiyaghhneghinniluki	kiyaghte-@₁–negh[V→N]-––i[N→V]-~:(u)te[V→N]-te[N→V]-@₁~fni[V→V]-@₁~:(u)n[V→N]-–luk[N→N][N][Abs][3SgPoss][PlPosd]
kiyaghhneghinniluki	kiyaghte-@₁–negh[V→N]-––i[N→V]-~:(u)te[V→N]-te[N→V]-@₁~fni[V→V]-~:(u)te[V→V][V][Trns][Sbrd][_][3Pl]
kiyaghhneghinniluki	kiyaghte-@₁–negh[V→N]-––i[N→V]-~:(u)te[V→N]-te[N→V]-@₁~fni[V→V][V][Trns][Sbrd][_][3Pl]
kiyaghhneghinniluki	kiyaghte-@₁–negh[V→N]-––i[N→V]-~:(u)te[V→N]-te[N→V]-@₁~fni[Cmpd_Vbl]-@₁~:(u)te[V→V][V][Trns][Sbrd][_][3Pl]
kiyaghhneghinniluki	kiyaghte-@₁–negh[V→N]-––i[N→V]-~:(u)te[V→N]-te[N→V]-@₁~fni[Cmpd_Vbl]-@₁~:(u)n[V→N]-–luk[N→N]-~–ke[N→V]-~i[V→V][V][Intr][Opt][PRS][2Sg]
kiyaghhneghinniluki	kiyaghte-@₁–negh[V→N]-––i[N→V]-~:(u)te[V→N]-te[N→V]-@₁~fni[Cmpd_Vbl]-@₁~:(u)n[V→N]-–luk[N→N]-~–ke[N→V][V][Intr][Opt][PRS][2Sg]
kiyaghhneghinniluki	kiyaghte-@₁–negh[V→N]-––i[N→V]-~:(u)te[V→N]-te[N→V]-@₁~fni[Cmpd_Vbl]-@₁~:(u)n[V→N]-–luk[N→N]-––i[N→V][V][Intr][Opt][PRS][2Sg]
kiyaghhneghinniluki	kiyaghte-@₁–negh[V→N]-––i[N→V]-~:(u)te[V→N]-te[N→V]-@₁~fni[Cmpd_Vbl]-@₁~:(u)n[V→N]-–luk[N→N][N][Abs][3SgPoss][PlPosd]
kiyaghhneghinniluki	kiyaghte-@₁–negh[V→N]-––i[N→V]-~:(u)te[V→N]-te[N→V]-@₁~fni[Cmpd_Vbl]-~:(u)te[V→V][V][Trns][Sbrd][_][3Pl]
kiyaghhneghinniluki	kiyaghte-@₁–negh[V→N]-––i[N→V]-~:(u)te[V→N]-te[N→V]-@₁~fni[Cmpd_Vbl][V][Trns][Sbrd][_][3Pl]
kiyaghhneghinniluki	kiyaghte-@₁–negh[V→N]-––i[N→V]-~:(u)te[V→N]-te[N→V]-te[V→V]-@₁~fni[V→V]-@₁~:(u)te[V→V][V][Trns][Sbrd][_][3Pl]
kiyaghhneghinniluki	kiyaghte-@₁–negh[V→N]-––i[N→V]-~:(u)te[V→N]-te[N→V]-te[V→V]-@₁~fni[V→V]-@₁~:(u)n[V→N]-–luk[N→N]-~–ke[N→V]-~i[V→V][V][Intr][Opt][PRS][2Sg]
kiyaghhneghinniluki	kiyaghte-@₁–negh[V→N]-––i[N→V]-~:(u)te[V→N]-te[N→V]-te[V→V]-@₁~fni[V→V]-@₁~:(u)n[V→N]-–luk[N→N]-~–ke[N→V][V][Intr][Opt][PRS][2Sg]
kiyaghhneghinniluki	kiyaghte-@₁–negh[V→N]-––i[N→V]-~:(u)te[V→N]-te[N→V]-te[V→V]-@₁~fni[V→V]-@₁~:(u)n[V→N]-–luk[N→N]-––i[N→V][V][Intr][Opt][PRS][2Sg]
kiyaghhneghinniluki	kiyaghte-@₁–negh[V→N]-––i[N→V]-~:(u)te[V→N]-te[N→V]-te[V→V]-@₁~fni[V→V]-@₁~:(u)n[V→N]-–luk[N→N][N][Abs][3SgPoss][PlPosd]
kiyaghhneghinniluki	kiyaghte-@₁–negh[V→N]-––i[N→V]-~:(u)te[V→N]-te[N→V]-te[V→V]-@₁~fni[V→V]-~:(u)te[V→V][V][Trns][Sbrd][_][3Pl]
kiyaghhneghinniluki	kiyaghte-@₁–negh[V→N]-––i[N→V]-~:(u)te[V→N]-te[N→V]-te[V→V]-@₁~fni[V→V][V][Trns][Sbrd][_][3Pl]
kiyaghhneghinniluki	kiyaghte-@₁–negh[V→N]-––i[N→V]-~:(u)te[V→N]-te[N→V]-te[V→V]-@₁~fni[Cmpd_Vbl]-@₁~:(u)te[V→V][V][Trns][Sbrd][_][3Pl]
kiyaghhneghinniluki	kiyaghte-@₁–negh[V→N]-––i[N→V]-~:(u)te[V→N]-te[N→V]-te[V→V]-@₁~fni[Cmpd_Vbl]-@₁~:(u)n[V→N]-–luk[N→N]-~–ke[N→V]-~i[V→V][V][Intr][Opt][PRS][2Sg]
kiyaghhneghinniluki	kiyaghte-@₁–negh[V→N]-––i[N→V]-~:(u)te[V→N]-te[N→V]-te[V→V]-@₁~fni[Cmpd_Vbl]-@₁~:(u)n[V→N]-–luk[N→N]-~–ke[N→V][V][Intr][Opt][PRS][2Sg]
kiyaghhneghinniluki	kiyaghte-@₁–negh[V→N]-––i[N→V]-~:(u)te[V→N]-te[N→V]-te[V→V]-@₁~fni[Cmpd_Vbl]-@₁~:(u)n[V→N]-–luk[N→N]-––i[N→V][V][Intr][Opt][PRS][2Sg]
kiyaghhneghinniluki	kiyaghte-@₁–negh[V→N]-––i[N→V]-~:(u)te[V→N]-te[N→V]-te[V→V]-@₁~fni[Cmpd_Vbl]-@₁~:(u)n[V→N]-–luk[N→N][N][Abs][3SgPoss][PlPosd]
kiyaghhneghinniluki	kiyaghte-@₁–negh[V→N]-––i[N→V]-~:(u)te[V→N]-te[N→V]-te[V→V]-@₁~fni[Cmpd_Vbl]-~:(u)te[V→V][V][Trns][Sbrd][_][3Pl]
kiyaghhneghinniluki	kiyaghte-@₁–negh[V→N]-––i[N→V]-~:(u)te[V→N]-te[N→V]-te[V→V]-@₁~fni[Cmpd_Vbl][V][Trns][Sbrd][_][3Pl]

guyguni	guygu[N][Abs][4SgPoss][SgPosd]
guyguni	guygu[N][Abs][4SgPoss][PlPosd]
guyguni	guygu[N][Loc][Unpd][Pl]
guyguni	guygu-ni[N→N][N][Abs][Unpd][Sg]

taghnughhaawaqngami	taghnughhagh*-~:(ng₁)u[N→V]-~(g₁)aqe[V→V][V][Intr][CnsqI][4Sg]
taghnughhaawaqngami	taghnughhagh*-~:(ng₁)u[N→V][V][Intr][CnsqII][4Sg]
taghnughhaawaqngami	taghnughhagh*-~:(ng₁)u[N→V][V][Trns][CnsqII][4Sg]

------------------------
Aelqat aghulaqut kaatestegpenata.

aghulaqut	aghulaqe[V][Intr][Ind][3Pl]
aghulaqut	aghula-qe[N→V][V][Intr][Ind][3Pl]

kaatestegpenata	kaate-(te)ste[V→V]-–gpe[V→V]-@₁~fna[V→V]-@₁~:(u)te[V→V][V][Intr][Intrg][3Sg]
kaatestegpenata	kaate-(te)ste[V→V]-–gpe[V→V]-@₁~fna[V→V]-@₁~:(u)ta[V→N][N][Abs][Unpd][Sg]
kaatestegpenata	kaate-(te)ste[V→V]-–gpe[V→V]-@₁~fna[V→V]-~:(u)te[V→V][V][Intr][Intrg][3Sg]
kaatestegpenata	kaate-(te)ste[V→V]-–gpe[V→V]-@₁~fna[V→V]-~:(u)te[V→N][N][Abs][Unpd][Sg]
kaatestegpenata	kaate-(te)ste[V→V]-–gpe[V→V]-@₁~fna[V→V]-~:(u)ta[V→N][N][Abs][Unpd][Sg]
kaatestegpenata	kaate-(te)ste[V→V]-–gpe[V→V]-@₁~fna[V→V]-te[V→V][V][Intr][Intrg][3Sg]
kaatestegpenata	kaate-(te)ste[Cmpd_Vbl]-–gpe[V→V]-@₁~fna[V→V]-@₁~:(u)te[V→V][V][Intr][Intrg][3Sg]
kaatestegpenata	kaate-(te)ste[Cmpd_Vbl]-–gpe[V→V]-@₁~fna[V→V]-@₁~:(u)ta[V→N][N][Abs][Unpd][Sg]
kaatestegpenata	kaate-(te)ste[Cmpd_Vbl]-–gpe[V→V]-@₁~fna[V→V]-~:(u)te[V→V][V][Intr][Intrg][3Sg]
kaatestegpenata	kaate-(te)ste[Cmpd_Vbl]-–gpe[V→V]-@₁~fna[V→V]-~:(u)te[V→N][N][Abs][Unpd][Sg]
kaatestegpenata	kaate-(te)ste[Cmpd_Vbl]-–gpe[V→V]-@₁~fna[V→V]-~:(u)ta[V→N][N][Abs][Unpd][Sg]
kaatestegpenata	kaate-(te)ste[Cmpd_Vbl]-–gpe[V→V]-@₁~fna[V→V]-te[V→V][V][Intr][Intrg][3Sg]
kaatestegpenata	kaate-(te)stegpe[V→V]-@₁~fna[V→V]-@₁~:(u)te[V→V][V][Intr][Intrg][3Sg]
kaatestegpenata	kaate-(te)stegpe[V→V]-@₁~fna[V→V]-@₁~:(u)ta[V→N][N][Abs][Unpd][Sg]
kaatestegpenata	kaate-(te)stegpe[V→V]-@₁~fna[V→V]-~:(u)te[V→V][V][Intr][Intrg][3Sg]
kaatestegpenata	kaate-(te)stegpe[V→V]-@₁~fna[V→V]-~:(u)te[V→N][N][Abs][Unpd][Sg]
kaatestegpenata	kaate-(te)stegpe[V→V]-@₁~fna[V→V]-~:(u)ta[V→N][N][Abs][Unpd][Sg]
kaatestegpenata	kaate-(te)stegpe[V→V]-@₁~fna[V→V]-te[V→V][V][Intr][Intrg][3Sg]

------------------------
