Tuunlakun qalqalima elpenun.

tuunlakun	tum-–ghte[N→V]-@₁~:(u)n[V→N]-te[N→V][V][Trns][Opt][PRS][1Sg][3Sg]
tuunlakun	tum-–ghte[N→V]-te[V→V]-@₁~:(u)n[V→N]-te[N→V][V][Trns][Opt][PRS][1Sg][3Sg]
tuunlakun	tugg-–ghte[N→V]-@₁~:(u)n[V→N]-te[N→V][V][Trns][Opt][PRS][1Sg][3Sg]
tuunlakun	tugg-–ghte[N→V]-te[V→V]-@₁~:(u)n[V→N]-te[N→V][V][Trns][Opt][PRS][1Sg][3Sg]
tuunlakun	tuune[V][Trns][Opt][PRS][1Sg][3Sg]

qalqalima	qalqalima[N][Abs][Unpd][Sg]

elpenun	elpenun

------------------------
Yuqeghllanga.

------------------------
Akmaneghpallut alingengigatut kamagrameng.

akmaneghpallut	akmaneghpallugh[N][Abs][Unpd][Pl]
akmaneghpallut	akmaneghpallugh[N][Rel][Unpd][Pl]

kamagrameng	kamagragh[N][Abl_Mod][Unpd][Sg]
kamagrameng	kamagragh[N][Rel][4DuPoss][PlPosd]
kamagrameng	kamagragh[N][Rel][4DuPoss][SgPosd]
kamagrameng	kamagragh[N][Rel][4PlPoss][PlPosd]
kamagrameng	kamagragh[N][Rel][4PlPoss][SgPosd]

------------------------
Aapnaken aatghaneng piyukuvek kiyaghfiganun.

aapnaken	aapte-@₁~fna[V→V]-@₁~:(u)n[V→N]-~–ke[N→N][N][Abs][2SgPoss][SgPosd]
aapnaken	aapte-@₁~fna[V→V]-@*@₂~sf–(g₂)k(a)e[V→N][N][Abs][2SgPoss][SgPosd]
aapnaken	aapte-@₁~fna[V→V][V][Trns][Ptcp][2Sg][3Sg]
aapnaken	aapte[V][Trns][Opt][FUT][2Sg][3Sg]

aatghaneng	ategh[N][Abl_Mod][3SgPoss][SgPosd]
aatghaneng	ategh[N][Abl_Mod][3SgPoss][PlPosd]
aatghaneng	Ategh[N][Abl_Mod][3SgPoss][SgPosd]
aatghaneng	Ategh[N][Abl_Mod][3SgPoss][PlPosd]

piyukuvek	pi-@₁~:(u)te[V→V]-@₁~f–yu[V→V][V][Intr][Cond][2Sg]
piyukuvek	pi-@₁~:(u)te[V→V]-@₁~fyug[V→V][V][Intr][Cond][2Sg]
piyukuvek	pi-@₁~f–yu[V→V][V][Intr][Cond][2Sg]
piyukuvek	pi-@₁~fyug[V→V][V][Intr][Cond][2Sg]
piyukuvek	pi-~:(u)te[V→V]-@₁~f–yu[V→V][V][Intr][Cond][2Sg]
piyukuvek	pi-~:(u)te[V→V]-@₁~fyug[V→V][V][Intr][Cond][2Sg]
piyukuvek	piyug[V][Intr][Cond][2Sg]

kiyaghfiganun	kiyaghfig[N][Ter][3SgPoss][SgPosd]
kiyaghfiganun	kiyaghfig[N][Ter][3SgPoss][PlPosd]

------------------------
Neghyaqunaan kukupak gaaghpenaan.

neghyaqunaan	negh-@₁~fyagh[V→V]-@*@₂~sf–(g₂)k(a)e[V→N]-te[N→V]-@₁~:(u)n[V→N]-~:(ng₁)u[N→V][V][Trns][Ind][2Sg][3Sg]
neghyaqunaan	negh-@₁~fyagh[V→V]-@*@₂~sf–(g₂)k(a)e[V→N]-te[N→V]-@₁~:(u)n[V→N]-ate[N→V]-@₁~:(u)n[V→N][N][Abs][Unpd][Sg]
neghyaqunaan	negh-@₁~fyagh[V→V]-@*@₂~sf–(g₂)k(a)e[V→N]-te[N→V]-@₁~:(u)n[V→N]-ate[N→V]-te[V→V]-@₁~:(u)n[V→N][N][Abs][Unpd][Sg]
neghyaqunaan	negh-@₁~fyagh[V→V]-@*@₂~sf–(g₂)k(a)e[V→N]-te[N→V]-@₁~:(u)n[V→N]-agh[N→V]-–ghte[V→V]-@₁~:(u)n[V→N][N][Abs][Unpd][Sg]
neghyaqunaan	negh-@₁~fyagh[V→V]-@*@₂~sf–(g₂)k(a)e[V→N]-te[N→V]-@₁~:(u)n[V→N]-agh[N→V]-@₁~:(u)n[V→N][N][Abs][Unpd][Sg]
neghyaqunaan	negh-@₁~fyagh[V→V]-@*@₂~sf–(g₂)k(a)e[V→N]-te[N→V]-@₁~:(u)n[V→N]-agh[N→V]-te[V→V]-@₁~:(u)n[V→N][N][Abs][Unpd][Sg]
neghyaqunaan	negh-@₁~fyagh[V→V]-@*@₂~sf–(g₂)k(a)e[V→N]-te[N→V]-@₁~:(u)n[V→N]-agh[N→V]-~:(ng₁)u[V→V]-@₁~:(u)n[V→N][N][Abs][Unpd][Sg]
neghyaqunaan	negh-@₁~fyagh[V→V]-@*@₂~sf–(g₂)k(a)e[V→N]-te[N→V]-@₁~:(u)n[V→N]-agh[N→V]-~:(ng₁)u[V→V]-~:(u)te[V→N][N][Abs][Unpd][Sg]
neghyaqunaan	negh-@₁~fyagh[V→V]-@*@₂~sf–(g₂)k(a)e[V→N]-te[N→V]-@₁~:(u)n[V→N]-agh[N→V]-~:(u)te[V→N][N][Abs][Unpd][Sg]
neghyaqunaan	negh-@₁~fyagh[V→V]-@*@₂~sf–(g₂)k(a)e[V→N]-te[N→V]-te[V→V]-@₁~:(u)n[V→N]-~:(ng₁)u[N→V][V][Trns][Ind][2Sg][3Sg]
neghyaqunaan	negh-@₁~fyagh[V→V]-@*@₂~sf–(g₂)k(a)e[V→N]-te[N→V]-te[V→V]-@₁~:(u)n[V→N]-ate[N→V]-@₁~:(u)n[V→N][N][Abs][Unpd][Sg]
neghyaqunaan	negh-@₁~fyagh[V→V]-@*@₂~sf–(g₂)k(a)e[V→N]-te[N→V]-te[V→V]-@₁~:(u)n[V→N]-ate[N→V]-te[V→V]-@₁~:(u)n[V→N][N][Abs][Unpd][Sg]
neghyaqunaan	negh-@₁~fyagh[V→V]-@*@₂~sf–(g₂)k(a)e[V→N]-te[N→V]-te[V→V]-@₁~:(u)n[V→N]-agh[N→V]-–ghte[V→V]-@₁~:(u)n[V→N][N][Abs][Unpd][Sg]
neghyaqunaan	negh-@₁~fyagh[V→V]-@*@₂~sf–(g₂)k(a)e[V→N]-te[N→V]-te[V→V]-@₁~:(u)n[V→N]-agh[N→V]-@₁~:(u)n[V→N][N][Abs][Unpd][Sg]
neghyaqunaan	negh-@₁~fyagh[V→V]-@*@₂~sf–(g₂)k(a)e[V→N]-te[N→V]-te[V→V]-@₁~:(u)n[V→N]-agh[N→V]-te[V→V]-@₁~:(u)n[V→N][N][Abs][Unpd][Sg]
neghyaqunaan	negh-@₁~fyagh[V→V]-@*@₂~sf–(g₂)k(a)e[V→N]-te[N→V]-te[V→V]-@₁~:(u)n[V→N]-agh[N→V]-~:(ng₁)u[V→V]-@₁~:(u)n[V→N][N][Abs][Unpd][Sg]
neghyaqunaan	negh-@₁~fyagh[V→V]-@*@₂~sf–(g₂)k(a)e[V→N]-te[N→V]-te[V→V]-@₁~:(u)n[V→N]-agh[N→V]-~:(ng₁)u[V→V]-~:(u)te[V→N][N][Abs][Unpd][Sg]
neghyaqunaan	negh-@₁~fyagh[V→V]-@*@₂~sf–(g₂)k(a)e[V→N]-te[N→V]-te[V→V]-@₁~:(u)n[V→N]-agh[N→V]-~:(u)te[V→N][N][Abs][Unpd][Sg]
neghyaqunaan	negh-@₁~fyagh[V→V]-–qu[V→V]-@₁~:(u)te[V→V]-@₁~fnaq[V→N]-–ghte[N→V]-@₁~:(u)n[V→N][N][Abs][Unpd][Sg]
neghyaqunaan	negh-@₁~fyagh[V→V]-–qu[V→V]-@₁~:(u)te[V→V]-@₁~fnaq[V→N]-–ghte[N→V]-te[V→V]-@₁~:(u)n[V→N][N][Abs][Unpd][Sg]
neghyaqunaan	negh-@₁~fyagh[V→V]-–qu[V→V]-@₁~:(u)te[V→V]-@₁~fna[V→V]-@₁~:(u)te[V→V]-@₁~:(u)n[V→N][N][Abs][Unpd][Sg]
neghyaqunaan	negh-@₁~fyagh[V→V]-–qu[V→V]-@₁~:(u)te[V→V]-@₁~fna[V→V]-@₁~:(u)n[V→N]-–ghte[N→V]-@₁~:(u)n[V→N][N][Abs][Unpd][Sg]
neghyaqunaan	negh-@₁~fyagh[V→V]-–qu[V→V]-@₁~:(u)te[V→V]-@₁~fna[V→V]-@₁~:(u)n[V→N]-–ghte[N→V]-te[V→V]-@₁~:(u)n[V→N][N][Abs][Unpd][Sg]
neghyaqunaan	negh-@₁~fyagh[V→V]-–qu[V→V]-@₁~:(u)te[V→V]-@₁~fna[V→V]-te[V→V]-@₁~:(u)n[V→N][N][Abs][Unpd][Sg]
neghyaqunaan	negh-@₁~fyagh[V→V]-–qu[V→V]-@₁~:(u)te[V→V]-@₁~fna[V→V]-~:(u)te[V→V]-@₁~:(u)n[V→N][N][Abs][Unpd][Sg]
neghyaqunaan	negh-@₁~fyagh[V→V]-–qu[V→V]-@₁~:(u)te[V→V]-@₁~fna[V→V]-~:(u)te[V→N]-te[N→V]-@₁~:(u)n[V→N][N][Abs][Unpd][Sg]
neghyaqunaan	negh-@₁~fyagh[V→V]-–qu[V→V]-@₁~:(u)te[V→V]-@₁~fna[V→V]-~:(u)te[V→N]-te[N→V]-te[V→V]-@₁~:(u)n[V→N][N][Abs][Unpd][Sg]
neghyaqunaan	negh-@₁~fyagh[V→V]-–qu[V→V]-@₁~:(u)te[V→V]-@₁~fna[V→V]-–ghte[V→V]-@₁~:(u)n[V→N][N][Abs][Unpd][Sg]
neghyaqunaan	negh-@₁~fyagh[V→V]-–qu[V→V]-@₁~:(u)te[V→V]-@₁~fna[V→V][V][Trns][Ind][2Sg][3Sg]
neghyaqunaan	negh-@₁~fyagh[V→V]-–qu[V→V]-@₁~:(u)te[V→V]-@₁~fnagh[V→V]-–ghte[V→V]-@₁~:(u)n[V→N][N][Abs][Unpd][Sg]
neghyaqunaan	negh-@₁~fyagh[V→V]-–qu[V→V]-@₁~:(u)te[V→V]-@₁~fnagh[V→V]-@₁~:(u)n[V→N][N][Abs][Unpd][Sg]
neghyaqunaan	negh-@₁~fyagh[V→V]-–qu[V→V]-@₁~:(u)te[V→V]-@₁~fnagh[V→V]-te[V→V]-@₁~:(u)n[V→N][N][Abs][Unpd][Sg]
neghyaqunaan	negh-@₁~fyagh[V→V]-–qu[V→V]-@₁~:(u)te[V→V]-@₁~fnagh[V→V]-~:(ng₁)u[V→V]-@₁~:(u)n[V→N][N][Abs][Unpd][Sg]
neghyaqunaan	negh-@₁~fyagh[V→V]-–qu[V→V]-@₁~:(u)te[V→V]-@₁~fnagh[V→V]-~:(ng₁)u[V→V]-~:(u)te[V→N][N][Abs][Unpd][Sg]
neghyaqunaan	negh-@₁~fyagh[V→V]-–qu[V→V]-@₁~:(u)te[V→V]-@₁~fnagh[V→V]-~:(u)te[V→N][N][Abs][Unpd][Sg]
neghyaqunaan	negh-@₁~fyagh[V→V]-–qu[V→V]-@₁~:(u)n[V→N]-~:(ng₁)u[N→V][V][Trns][Ind][2Sg][3Sg]
neghyaqunaan	negh-@₁~fyagh[V→V]-–qu[V→V]-@₁~:(u)n[V→N]-ate[N→V]-@₁~:(u)n[V→N][N][Abs][Unpd][Sg]
neghyaqunaan	negh-@₁~fyagh[V→V]-–qu[V→V]-@₁~:(u)n[V→N]-ate[N→V]-te[V→V]-@₁~:(u)n[V→N][N][Abs][Unpd][Sg]
neghyaqunaan	negh-@₁~fyagh[V→V]-–qu[V→V]-@₁~:(u)n[V→N]-agh[N→V]-–ghte[V→V]-@₁~:(u)n[V→N][N][Abs][Unpd][Sg]
neghyaqunaan	negh-@₁~fyagh[V→V]-–qu[V→V]-@₁~:(u)n[V→N]-agh[N→V]-@₁~:(u)n[V→N][N][Abs][Unpd][Sg]
neghyaqunaan	negh-@₁~fyagh[V→V]-–qu[V→V]-@₁~:(u)n[V→N]-agh[N→V]-te[V→V]-@₁~:(u)n[V→N][N][Abs][Unpd][Sg]
neghyaqunaan	negh-@₁~fyagh[V→V]-–qu[V→V]-@₁~:(u)n[V→N]-agh[N→V]-~:(ng₁)u[V→V]-@₁~:(u)n[V→N][N][Abs][Unpd][Sg]
neghyaqunaan	negh-@₁~fyagh[V→V]-–qu[V→V]-@₁~:(u)n[V→N]-agh[N→V]-~:(ng₁)u[V→V]-~:(u)te[V→N][N][Abs][Unpd][Sg]
neghyaqunaan	negh-@₁~fyagh[V→V]-–qu[V→V]-@₁~:(u)n[V→N]-agh[N→V]-~:(u)te[V→N][N][Abs][Unpd][Sg]
neghyaqunaan	negh-@₁~fyagh[V→V]-–qu[V→V]-@₁~fnaq[V→N]-–ghte[N→V]-@₁~:(u)n[V→N][N][Abs][Unpd][Sg]
neghyaqunaan	negh-@₁~fyagh[V→V]-–qu[V→V]-@₁~fnaq[V→N]-–ghte[N→V]-te[V→V]-@₁~:(u)n[V→N][N][Abs][Unpd][Sg]
neghyaqunaan	negh-@₁~fyagh[V→V]-–qu[V→V]-@₁~fna[V→V]-@₁~:(u)te[V→V]-@₁~:(u)n[V→N][N][Abs][Unpd][Sg]
neghyaqunaan	negh-@₁~fyagh[V→V]-–qu[V→V]-@₁~fna[V→V]-@₁~:(u)n[V→N]-–ghte[N→V]-@₁~:(u)n[V→N][N][Abs][Unpd][Sg]
neghyaqunaan	negh-@₁~fyagh[V→V]-–qu[V→V]-@₁~fna[V→V]-@₁~:(u)n[V→N]-–ghte[N→V]-te[V→V]-@₁~:(u)n[V→N][N][Abs][Unpd][Sg]
neghyaqunaan	negh-@₁~fyagh[V→V]-–qu[V→V]-@₁~fna[V→V]-te[V→V]-@₁~:(u)n[V→N][N][Abs][Unpd][Sg]
neghyaqunaan	negh-@₁~fyagh[V→V]-–qu[V→V]-@₁~fna[V→V]-~:(u)te[V→V]-@₁~:(u)n[V→N][N][Abs][Unpd][Sg]
neghyaqunaan	negh-@₁~fyagh[V→V]-–qu[V→V]-@₁~fna[V→V]-~:(u)te[V→N]-te[N→V]-@₁~:(u)n[V→N][N][Abs][Unpd][Sg]
neghyaqunaan	negh-@₁~fyagh[V→V]-–qu[V→V]-@₁~fna[V→V]-~:(u)te[V→N]-te[N→V]-te[V→V]-@₁~:(u)n[V→N][N][Abs][Unpd][Sg]
neghyaqunaan	negh-@₁~fyagh[V→V]-–qu[V→V]-@₁~fna[V→V]-–ghte[V→V]-@₁~:(u)n[V→N][N][Abs][Unpd][Sg]
neghyaqunaan	negh-@₁~fyagh[V→V]-–qu[V→V]-@₁~fna[V→V][V][Trns][Ind][2Sg][3Sg]
neghyaqunaan	negh-@₁~fyagh[V→V]-–qu[V→V]-@₁~fnagh[V→V]-–ghte[V→V]-@₁~:(u)n[V→N][N][Abs][Unpd][Sg]
neghyaqunaan	negh-@₁~fyagh[V→V]-–qu[V→V]-@₁~fnagh[V→V]-@₁~:(u)n[V→N][N][Abs][Unpd][Sg]
neghyaqunaan	negh-@₁~fyagh[V→V]-–qu[V→V]-@₁~fnagh[V→V]-te[V→V]-@₁~:(u)n[V→N][N][Abs][Unpd][Sg]
neghyaqunaan	negh-@₁~fyagh[V→V]-–qu[V→V]-@₁~fnagh[V→V]-~:(ng₁)u[V→V]-@₁~:(u)n[V→N][N][Abs][Unpd][Sg]
neghyaqunaan	negh-@₁~fyagh[V→V]-–qu[V→V]-@₁~fnagh[V→V]-~:(ng₁)u[V→V]-~:(u)te[V→N][N][Abs][Unpd][Sg]
neghyaqunaan	negh-@₁~fyagh[V→V]-–qu[V→V]-@₁~fnagh[V→V]-~:(u)te[V→N][N][Abs][Unpd][Sg]
neghyaqunaan	negh-@₁~fyagh[V→V]-–qu[V→V]-~:(u)te[V→V]-@₁~fnaq[V→N]-–ghte[N→V]-@₁~:(u)n[V→N][N][Abs][Unpd][Sg]
neghyaqunaan	negh-@₁~fyagh[V→V]-–qu[V→V]-~:(u)te[V→V]-@₁~fnaq[V→N]-–ghte[N→V]-te[V→V]-@₁~:(u)n[V→N][N][Abs][Unpd][Sg]
neghyaqunaan	negh-@₁~fyagh[V→V]-–qu[V→V]-~:(u)te[V→V]-@₁~fna[V→V]-@₁~:(u)te[V→V]-@₁~:(u)n[V→N][N][Abs][Unpd][Sg]
neghyaqunaan	negh-@₁~fyagh[V→V]-–qu[V→V]-~:(u)te[V→V]-@₁~fna[V→V]-@₁~:(u)n[V→N]-–ghte[N→V]-@₁~:(u)n[V→N][N][Abs][Unpd][Sg]
neghyaqunaan	negh-@₁~fyagh[V→V]-–qu[V→V]-~:(u)te[V→V]-@₁~fna[V→V]-@₁~:(u)n[V→N]-–ghte[N→V]-te[V→V]-@₁~:(u)n[V→N][N][Abs][Unpd][Sg]
neghyaqunaan	negh-@₁~fyagh[V→V]-–qu[V→V]-~:(u)te[V→V]-@₁~fna[V→V]-te[V→V]-@₁~:(u)n[V→N][N][Abs][Unpd][Sg]
neghyaqunaan	negh-@₁~fyagh[V→V]-–qu[V→V]-~:(u)te[V→V]-@₁~fna[V→V]-~:(u)te[V→V]-@₁~:(u)n[V→N][N][Abs][Unpd][Sg]
neghyaqunaan	negh-@₁~fyagh[V→V]-–qu[V→V]-~:(u)te[V→V]-@₁~fna[V→V]-~:(u)te[V→N]-te[N→V]-@₁~:(u)n[V→N][N][Abs][Unpd][Sg]
neghyaqunaan	negh-@₁~fyagh[V→V]-–qu[V→V]-~:(u)te[V→V]-@₁~fna[V→V]-~:(u)te[V→N]-te[N→V]-te[V→V]-@₁~:(u)n[V→N][N][Abs][Unpd][Sg]
neghyaqunaan	negh-@₁~fyagh[V→V]-–qu[V→V]-~:(u)te[V→V]-@₁~fna[V→V]-–ghte[V→V]-@₁~:(u)n[V→N][N][Abs][Unpd][Sg]
neghyaqunaan	negh-@₁~fyagh[V→V]-–qu[V→V]-~:(u)te[V→V]-@₁~fna[V→V][V][Trns][Ind][2Sg][3Sg]
neghyaqunaan	negh-@₁~fyagh[V→V]-–qu[V→V]-~:(u)te[V→V]-@₁~fnagh[V→V]-–ghte[V→V]-@₁~:(u)n[V→N][N][Abs][Unpd][Sg]
neghyaqunaan	negh-@₁~fyagh[V→V]-–qu[V→V]-~:(u)te[V→V]-@₁~fnagh[V→V]-@₁~:(u)n[V→N][N][Abs][Unpd][Sg]
neghyaqunaan	negh-@₁~fyagh[V→V]-–qu[V→V]-~:(u)te[V→V]-@₁~fnagh[V→V]-te[V→V]-@₁~:(u)n[V→N][N][Abs][Unpd][Sg]
neghyaqunaan	negh-@₁~fyagh[V→V]-–qu[V→V]-~:(u)te[V→V]-@₁~fnagh[V→V]-~:(ng₁)u[V→V]-@₁~:(u)n[V→N][N][Abs][Unpd][Sg]
neghyaqunaan	negh-@₁~fyagh[V→V]-–qu[V→V]-~:(u)te[V→V]-@₁~fnagh[V→V]-~:(ng₁)u[V→V]-~:(u)te[V→N][N][Abs][Unpd][Sg]
neghyaqunaan	negh-@₁~fyagh[V→V]-–qu[V→V]-~:(u)te[V→V]-@₁~fnagh[V→V]-~:(u)te[V→N][N][Abs][Unpd][Sg]
neghyaqunaan	negh-@₁~fyaquna[V→V]-@₁~:(u)te[V→V]-@₁~:(u)n[V→N][N][Abs][Unpd][Sg]
neghyaqunaan	negh-@₁~fyaquna[V→V]-@₁~:(u)n[V→N]-–ghte[N→V]-@₁~:(u)n[V→N][N][Abs][Unpd][Sg]
neghyaqunaan	negh-@₁~fyaquna[V→V]-@₁~:(u)n[V→N]-–ghte[N→V]-te[V→V]-@₁~:(u)n[V→N][N][Abs][Unpd][Sg]
neghyaqunaan	negh-@₁~fyaquna[V→V]-te[V→V]-@₁~:(u)n[V→N][N][Abs][Unpd][Sg]
neghyaqunaan	negh-@₁~fyaquna[V→V]-~:(u)te[V→V]-@₁~:(u)n[V→N][N][Abs][Unpd][Sg]
neghyaqunaan	negh-@₁~fyaquna[V→V]-~:(u)te[V→N]-te[N→V]-@₁~:(u)n[V→N][N][Abs][Unpd][Sg]
neghyaqunaan	negh-@₁~fyaquna[V→V]-~:(u)te[V→N]-te[N→V]-te[V→V]-@₁~:(u)n[V→N][N][Abs][Unpd][Sg]
neghyaqunaan	negh-@₁~fyaquna[V→V]-–ghte[V→V]-@₁~:(u)n[V→N][N][Abs][Unpd][Sg]
neghyaqunaan	negh-@₁~fyaquna[V→V][V][Trns][Ind][2Sg][3Sg]
neghyaqunaan	neghe-@₁~fyagh[V→V]-@*@₂~sf–(g₂)k(a)e[V→N]-te[N→V]-@₁~:(u)n[V→N]-~:(ng₁)u[N→V][V][Trns][Ind][2Sg][3Sg]
neghyaqunaan	neghe-@₁~fyagh[V→V]-@*@₂~sf–(g₂)k(a)e[V→N]-te[N→V]-@₁~:(u)n[V→N]-ate[N→V]-@₁~:(u)n[V→N][N][Abs][Unpd][Sg]
neghyaqunaan	neghe-@₁~fyagh[V→V]-@*@₂~sf–(g₂)k(a)e[V→N]-te[N→V]-@₁~:(u)n[V→N]-ate[N→V]-te[V→V]-@₁~:(u)n[V→N][N][Abs][Unpd][Sg]
neghyaqunaan	neghe-@₁~fyagh[V→V]-@*@₂~sf–(g₂)k(a)e[V→N]-te[N→V]-@₁~:(u)n[V→N]-agh[N→V]-–ghte[V→V]-@₁~:(u)n[V→N][N][Abs][Unpd][Sg]
neghyaqunaan	neghe-@₁~fyagh[V→V]-@*@₂~sf–(g₂)k(a)e[V→N]-te[N→V]-@₁~:(u)n[V→N]-agh[N→V]-@₁~:(u)n[V→N][N][Abs][Unpd][Sg]
neghyaqunaan	neghe-@₁~fyagh[V→V]-@*@₂~sf–(g₂)k(a)e[V→N]-te[N→V]-@₁~:(u)n[V→N]-agh[N→V]-te[V→V]-@₁~:(u)n[V→N][N][Abs][Unpd][Sg]
neghyaqunaan	neghe-@₁~fyagh[V→V]-@*@₂~sf–(g₂)k(a)e[V→N]-te[N→V]-@₁~:(u)n[V→N]-agh[N→V]-~:(ng₁)u[V→V]-@₁~:(u)n[V→N][N][Abs][Unpd][Sg]
neghyaqunaan	neghe-@₁~fyagh[V→V]-@*@₂~sf–(g₂)k(a)e[V→N]-te[N→V]-@₁~:(u)n[V→N]-agh[N→V]-~:(ng₁)u[V→V]-~:(u)te[V→N][N][Abs][Unpd][Sg]
neghyaqunaan	neghe-@₁~fyagh[V→V]-@*@₂~sf–(g₂)k(a)e[V→N]-te[N→V]-@₁~:(u)n[V→N]-agh[N→V]-~:(u)te[V→N][N][Abs][Unpd][Sg]
neghyaqunaan	neghe-@₁~fyagh[V→V]-@*@₂~sf–(g₂)k(a)e[V→N]-te[N→V]-te[V→V]-@₁~:(u)n[V→N]-~:(ng₁)u[N→V][V][Trns][Ind][2Sg][3Sg]
neghyaqunaan	neghe-@₁~fyagh[V→V]-@*@₂~sf–(g₂)k(a)e[V→N]-te[N→V]-te[V→V]-@₁~:(u)n[V→N]-ate[N→V]-@₁~:(u)n[V→N][N][Abs][Unpd][Sg]
neghyaqunaan	neghe-@₁~fyagh[V→V]-@*@₂~sf–(g₂)k(a)e[V→N]-te[N→V]-te[V→V]-@₁~:(u)n[V→N]-ate[N→V]-te[V→V]-@₁~:(u)n[V→N][N][Abs][Unpd][Sg]
neghyaqunaan	neghe-@₁~fyagh[V→V]-@*@₂~sf–(g₂)k(a)e[V→N]-te[N→V]-te[V→V]-@₁~:(u)n[V→N]-agh[N→V]-–ghte[V→V]-@₁~:(u)n[V→N][N][Abs][Unpd][Sg]
neghyaqunaan	neghe-@₁~fyagh[V→V]-@*@₂~sf–(g₂)k(a)e[V→N]-te[N→V]-te[V→V]-@₁~:(u)n[V→N]-agh[N→V]-@₁~:(u)n[V→N][N][Abs][Unpd][Sg]
neghyaqunaan	neghe-@₁~fyagh[V→V]-@*@₂~sf–(g₂)k(a)e[V→N]-te[N→V]-te[V→V]-@₁~:(u)n[V→N]-agh[N→V]-te[V→V]-@₁~:(u)n[V→N][N][Abs][Unpd][Sg]
neghyaqunaan	neghe-@₁~fyagh[V→V]-@*@₂~sf–(g₂)k(a)e[V→N]-te[N→V]-te[V→V]-@₁~:(u)n[V→N]-agh[N→V]-~:(ng₁)u[V→V]-@₁~:(u)n[V→N][N][Abs][Unpd][Sg]
neghyaqunaan	neghe-@₁~fyagh[V→V]-@*@₂~sf–(g₂)k(a)e[V→N]-te[N→V]-te[V→V]-@₁~:(u)n[V→N]-agh[N→V]-~:(ng₁)u[V→V]-~:(u)te[V→N][N][Abs][Unpd][Sg]
neghyaqunaan	neghe-@₁~fyagh[V→V]-@*@₂~sf–(g₂)k(a)e[V→N]-te[N→V]-te[V→V]-@₁~:(u)n[V→N]-agh[N→V]-~:(u)te[V→N][N][Abs][Unpd][Sg]
neghyaqunaan	neghe-@₁~fyagh[V→V]-–qu[V→V]-@₁~:(u)te[V→V]-@₁~fnaq[V→N]-–ghte[N→V]-@₁~:(u)n[V→N][N][Abs][Unpd][Sg]
neghyaqunaan	neghe-@₁~fyagh[V→V]-–qu[V→V]-@₁~:(u)te[V→V]-@₁~fnaq[V→N]-–ghte[N→V]-te[V→V]-@₁~:(u)n[V→N][N][Abs][Unpd][Sg]
neghyaqunaan	neghe-@₁~fyagh[V→V]-–qu[V→V]-@₁~:(u)te[V→V]-@₁~fna[V→V]-@₁~:(u)te[V→V]-@₁~:(u)n[V→N][N][Abs][Unpd][Sg]
neghyaqunaan	neghe-@₁~fyagh[V→V]-–qu[V→V]-@₁~:(u)te[V→V]-@₁~fna[V→V]-@₁~:(u)n[V→N]-–ghte[N→V]-@₁~:(u)n[V→N][N][Abs][Unpd][Sg]
neghyaqunaan	neghe-@₁~fyagh[V→V]-–qu[V→V]-@₁~:(u)te[V→V]-@₁~fna[V→V]-@₁~:(u)n[V→N]-–ghte[N→V]-te[V→V]-@₁~:(u)n[V→N][N][Abs][Unpd][Sg]
neghyaqunaan	neghe-@₁~fyagh[V→V]-–qu[V→V]-@₁~:(u)te[V→V]-@₁~fna[V→V]-te[V→V]-@₁~:(u)n[V→N][N][Abs][Unpd][Sg]
neghyaqunaan	neghe-@₁~fyagh[V→V]-–qu[V→V]-@₁~:(u)te[V→V]-@₁~fna[V→V]-~:(u)te[V→V]-@₁~:(u)n[V→N][N][Abs][Unpd][Sg]
neghyaqunaan	neghe-@₁~fyagh[V→V]-–qu[V→V]-@₁~:(u)te[V→V]-@₁~fna[V→V]-~:(u)te[V→N]-te[N→V]-@₁~:(u)n[V→N][N][Abs][Unpd][Sg]
neghyaqunaan	neghe-@₁~fyagh[V→V]-–qu[V→V]-@₁~:(u)te[V→V]-@₁~fna[V→V]-~:(u)te[V→N]-te[N→V]-te[V→V]-@₁~:(u)n[V→N][N][Abs][Unpd][Sg]
neghyaqunaan	neghe-@₁~fyagh[V→V]-–qu[V→V]-@₁~:(u)te[V→V]-@₁~fna[V→V]-–ghte[V→V]-@₁~:(u)n[V→N][N][Abs][Unpd][Sg]
neghyaqunaan	neghe-@₁~fyagh[V→V]-–qu[V→V]-@₁~:(u)te[V→V]-@₁~fna[V→V][V][Trns][Ind][2Sg][3Sg]
neghyaqunaan	neghe-@₁~fyagh[V→V]-–qu[V→V]-@₁~:(u)te[V→V]-@₁~fnagh[V→V]-–ghte[V→V]-@₁~:(u)n[V→N][N][Abs][Unpd][Sg]
neghyaqunaan	neghe-@₁~fyagh[V→V]-–qu[V→V]-@₁~:(u)te[V→V]-@₁~fnagh[V→V]-@₁~:(u)n[V→N][N][Abs][Unpd][Sg]
neghyaqunaan	neghe-@₁~fyagh[V→V]-–qu[V→V]-@₁~:(u)te[V→V]-@₁~fnagh[V→V]-te[V→V]-@₁~:(u)n[V→N][N][Abs][Unpd][Sg]
neghyaqunaan	neghe-@₁~fyagh[V→V]-–qu[V→V]-@₁~:(u)te[V→V]-@₁~fnagh[V→V]-~:(ng₁)u[V→V]-@₁~:(u)n[V→N][N][Abs][Unpd][Sg]
neghyaqunaan	neghe-@₁~fyagh[V→V]-–qu[V→V]-@₁~:(u)te[V→V]-@₁~fnagh[V→V]-~:(ng₁)u[V→V]-~:(u)te[V→N][N][Abs][Unpd][Sg]
neghyaqunaan	neghe-@₁~fyagh[V→V]-–qu[V→V]-@₁~:(u)te[V→V]-@₁~fnagh[V→V]-~:(u)te[V→N][N][Abs][Unpd][Sg]
neghyaqunaan	neghe-@₁~fyagh[V→V]-–qu[V→V]-@₁~:(u)n[V→N]-~:(ng₁)u[N→V][V][Trns][Ind][2Sg][3Sg]
neghyaqunaan	neghe-@₁~fyagh[V→V]-–qu[V→V]-@₁~:(u)n[V→N]-ate[N→V]-@₁~:(u)n[V→N][N][Abs][Unpd][Sg]
neghyaqunaan	neghe-@₁~fyagh[V→V]-–qu[V→V]-@₁~:(u)n[V→N]-ate[N→V]-te[V→V]-@₁~:(u)n[V→N][N][Abs][Unpd][Sg]
neghyaqunaan	neghe-@₁~fyagh[V→V]-–qu[V→V]-@₁~:(u)n[V→N]-agh[N→V]-–ghte[V→V]-@₁~:(u)n[V→N][N][Abs][Unpd][Sg]
neghyaqunaan	neghe-@₁~fyagh[V→V]-–qu[V→V]-@₁~:(u)n[V→N]-agh[N→V]-@₁~:(u)n[V→N][N][Abs][Unpd][Sg]
neghyaqunaan	neghe-@₁~fyagh[V→V]-–qu[V→V]-@₁~:(u)n[V→N]-agh[N→V]-te[V→V]-@₁~:(u)n[V→N][N][Abs][Unpd][Sg]
neghyaqunaan	neghe-@₁~fyagh[V→V]-–qu[V→V]-@₁~:(u)n[V→N]-agh[N→V]-~:(ng₁)u[V→V]-@₁~:(u)n[V→N][N][Abs][Unpd][Sg]
neghyaqunaan	neghe-@₁~fyagh[V→V]-–qu[V→V]-@₁~:(u)n[V→N]-agh[N→V]-~:(ng₁)u[V→V]-~:(u)te[V→N][N][Abs][Unpd][Sg]
neghyaqunaan	neghe-@₁~fyagh[V→V]-–qu[V→V]-@₁~:(u)n[V→N]-agh[N→V]-~:(u)te[V→N][N][Abs][Unpd][Sg]
neghyaqunaan	neghe-@₁~fyagh[V→V]-–qu[V→V]-@₁~fnaq[V→N]-–ghte[N→V]-@₁~:(u)n[V→N][N][Abs][Unpd][Sg]
neghyaqunaan	neghe-@₁~fyagh[V→V]-–qu[V→V]-@₁~fnaq[V→N]-–ghte[N→V]-te[V→V]-@₁~:(u)n[V→N][N][Abs][Unpd][Sg]
neghyaqunaan	neghe-@₁~fyagh[V→V]-–qu[V→V]-@₁~fna[V→V]-@₁~:(u)te[V→V]-@₁~:(u)n[V→N][N][Abs][Unpd][Sg]
neghyaqunaan	neghe-@₁~fyagh[V→V]-–qu[V→V]-@₁~fna[V→V]-@₁~:(u)n[V→N]-–ghte[N→V]-@₁~:(u)n[V→N][N][Abs][Unpd][Sg]
neghyaqunaan	neghe-@₁~fyagh[V→V]-–qu[V→V]-@₁~fna[V→V]-@₁~:(u)n[V→N]-–ghte[N→V]-te[V→V]-@₁~:(u)n[V→N][N][Abs][Unpd][Sg]
neghyaqunaan	neghe-@₁~fyagh[V→V]-–qu[V→V]-@₁~fna[V→V]-te[V→V]-@₁~:(u)n[V→N][N][Abs][Unpd][Sg]
neghyaqunaan	neghe-@₁~fyagh[V→V]-–qu[V→V]-@₁~fna[V→V]-~:(u)te[V→V]-@₁~:(u)n[V→N][N][Abs][Unpd][Sg]
neghyaqunaan	neghe-@₁~fyagh[V→V]-–qu[V→V]-@₁~fna[V→V]-~:(u)te[V→N]-te[N→V]-@₁~:(u)n[V→N][N][Abs][Unpd][Sg]
neghyaqunaan	neghe-@₁~fyagh[V→V]-–qu[V→V]-@₁~fna[V→V]-~:(u)te[V→N]-te[N→V]-te[V→V]-@₁~:(u)n[V→N][N][Abs][Unpd][Sg]
neghyaqunaan	neghe-@₁~fyagh[V→V]-–qu[V→V]-@₁~fna[V→V]-–ghte[V→V]-@₁~:(u)n[V→N][N][Abs][Unpd][Sg]
neghyaqunaan	neghe-@₁~fyagh[V→V]-–qu[V→V]-@₁~fna[V→V][V][Trns][Ind][2Sg][3Sg]
neghyaqunaan	neghe-@₁~fyagh[V→V]-–qu[V→V]-@₁~fnagh[V→V]-–ghte[V→V]-@₁~:(u)n[V→N][N][Abs][Unpd][Sg]
neghyaqunaan	neghe-@₁~fyagh[V→V]-–qu[V→V]-@₁~fnagh[V→V]-@₁~:(u)n[V→N][N][Abs][Unpd][Sg]
neghyaqunaan	neghe-@₁~fyagh[V→V]-–qu[V→V]-@₁~fnagh[V→V]-te[V→V]-@₁~:(u)n[V→N][N][Abs][Unpd][Sg]
neghyaqunaan	neghe-@₁~fyagh[V→V]-–qu[V→V]-@₁~fnagh[V→V]-~:(ng₁)u[V→V]-@₁~:(u)n[V→N][N][Abs][Unpd][Sg]
neghyaqunaan	neghe-@₁~fyagh[V→V]-–qu[V→V]-@₁~fnagh[V→V]-~:(ng₁)u[V→V]-~:(u)te[V→N][N][Abs][Unpd][Sg]
neghyaqunaan	neghe-@₁~fyagh[V→V]-–qu[V→V]-@₁~fnagh[V→V]-~:(u)te[V→N][N][Abs][Unpd][Sg]
neghyaqunaan	neghe-@₁~fyagh[V→V]-–qu[V→V]-~:(u)te[V→V]-@₁~fnaq[V→N]-–ghte[N→V]-@₁~:(u)n[V→N][N][Abs][Unpd][Sg]
neghyaqunaan	neghe-@₁~fyagh[V→V]-–qu[V→V]-~:(u)te[V→V]-@₁~fnaq[V→N]-–ghte[N→V]-te[V→V]-@₁~:(u)n[V→N][N][Abs][Unpd][Sg]
neghyaqunaan	neghe-@₁~fyagh[V→V]-–qu[V→V]-~:(u)te[V→V]-@₁~fna[V→V]-@₁~:(u)te[V→V]-@₁~:(u)n[V→N][N][Abs][Unpd][Sg]
neghyaqunaan	neghe-@₁~fyagh[V→V]-–qu[V→V]-~:(u)te[V→V]-@₁~fna[V→V]-@₁~:(u)n[V→N]-–ghte[N→V]-@₁~:(u)n[V→N][N][Abs][Unpd][Sg]
neghyaqunaan	neghe-@₁~fyagh[V→V]-–qu[V→V]-~:(u)te[V→V]-@₁~fna[V→V]-@₁~:(u)n[V→N]-–ghte[N→V]-te[V→V]-@₁~:(u)n[V→N][N][Abs][Unpd][Sg]
neghyaqunaan	neghe-@₁~fyagh[V→V]-–qu[V→V]-~:(u)te[V→V]-@₁~fna[V→V]-te[V→V]-@₁~:(u)n[V→N][N][Abs][Unpd][Sg]
neghyaqunaan	neghe-@₁~fyagh[V→V]-–qu[V→V]-~:(u)te[V→V]-@₁~fna[V→V]-~:(u)te[V→V]-@₁~:(u)n[V→N][N][Abs][Unpd][Sg]
neghyaqunaan	neghe-@₁~fyagh[V→V]-–qu[V→V]-~:(u)te[V→V]-@₁~fna[V→V]-~:(u)te[V→N]-te[N→V]-@₁~:(u)n[V→N][N][Abs][Unpd][Sg]
neghyaqunaan	neghe-@₁~fyagh[V→V]-–qu[V→V]-~:(u)te[V→V]-@₁~fna[V→V]-~:(u)te[V→N]-te[N→V]-te[V→V]-@₁~:(u)n[V→N][N][Abs][Unpd][Sg]
neghyaqunaan	neghe-@₁~fyagh[V→V]-–qu[V→V]-~:(u)te[V→V]-@₁~fna[V→V]-–ghte[V→V]-@₁~:(u)n[V→N][N][Abs][Unpd][Sg]
neghyaqunaan	neghe-@₁~fyagh[V→V]-–qu[V→V]-~:(u)te[V→V]-@₁~fna[V→V][V][Trns][Ind][2Sg][3Sg]
neghyaqunaan	neghe-@₁~fyagh[V→V]-–qu[V→V]-~:(u)te[V→V]-@₁~fnagh[V→V]-–ghte[V→V]-@₁~:(u)n[V→N][N][Abs][Unpd][Sg]
neghyaqunaan	neghe-@₁~fyagh[V→V]-–qu[V→V]-~:(u)te[V→V]-@₁~fnagh[V→V]-@₁~:(u)n[V→N][N][Abs][Unpd][Sg]
neghyaqunaan	neghe-@₁~fyagh[V→V]-–qu[V→V]-~:(u)te[V→V]-@₁~fnagh[V→V]-te[V→V]-@₁~:(u)n[V→N][N][Abs][Unpd][Sg]
neghyaqunaan	neghe-@₁~fyagh[V→V]-–qu[V→V]-~:(u)te[V→V]-@₁~fnagh[V→V]-~:(ng₁)u[V→V]-@₁~:(u)n[V→N][N][Abs][Unpd][Sg]
neghyaqunaan	neghe-@₁~fyagh[V→V]-–qu[V→V]-~:(u)te[V→V]-@₁~fnagh[V→V]-~:(ng₁)u[V→V]-~:(u)te[V→N][N][Abs][Unpd][Sg]
neghyaqunaan	neghe-@₁~fyagh[V→V]-–qu[V→V]-~:(u)te[V→V]-@₁~fnagh[V→V]-~:(u)te[V→N][N][Abs][Unpd][Sg]
neghyaqunaan	neghe-@₁~fyaquna[V→V]-@₁~:(u)te[V→V]-@₁~:(u)n[V→N][N][Abs][Unpd][Sg]
neghyaqunaan	neghe-@₁~fyaquna[V→V]-@₁~:(u)n[V→N]-–ghte[N→V]-@₁~:(u)n[V→N][N][Abs][Unpd][Sg]
neghyaqunaan	neghe-@₁~fyaquna[V→V]-@₁~:(u)n[V→N]-–ghte[N→V]-te[V→V]-@₁~:(u)n[V→N][N][Abs][Unpd][Sg]
neghyaqunaan	neghe-@₁~fyaquna[V→V]-te[V→V]-@₁~:(u)n[V→N][N][Abs][Unpd][Sg]
neghyaqunaan	neghe-@₁~fyaquna[V→V]-~:(u)te[V→V]-@₁~:(u)n[V→N][N][Abs][Unpd][Sg]
neghyaqunaan	neghe-@₁~fyaquna[V→V]-~:(u)te[V→N]-te[N→V]-@₁~:(u)n[V→N][N][Abs][Unpd][Sg]
neghyaqunaan	neghe-@₁~fyaquna[V→V]-~:(u)te[V→N]-te[N→V]-te[V→V]-@₁~:(u)n[V→N][N][Abs][Unpd][Sg]
neghyaqunaan	neghe-@₁~fyaquna[V→V]-–ghte[V→V]-@₁~:(u)n[V→N][N][Abs][Unpd][Sg]
neghyaqunaan	neghe-@₁~fyaquna[V→V][V][Trns][Ind][2Sg][3Sg]
neghyaqunaan	neghe[V][Trns][Opt][FUT][NEG][2Du][3Sg]
neghyaqunaan	neghe[V][Trns][Opt][FUT][NEG][2Pl][3Sg]
neghyaqunaan	neghe[V][Trns][Opt][FUT][NEG][2Sg][3Sg]
neghyaqunaan	negh[V][Trns][Opt][FUT][NEG][2Du][3Sg]
neghyaqunaan	negh[V][Trns][Opt][FUT][NEG][2Pl][3Sg]
neghyaqunaan	negh[V][Trns][Opt][FUT][NEG][2Sg][3Sg]

kukupak	kukupag[N][Abs][Unpd][Sg]

gaaghpenaan	gaagh-@₁–nghite**[V→V][V][Trns][Sbrd][_][3Sg]
gaaghpenaan	gaagh-–gpe[V→V]-@₁~fnaq[V→N]-–ghte[N→V]-@₁~:(u)n[V→N][N][Abs][Unpd][Sg]
gaaghpenaan	gaagh-–gpe[V→V]-@₁~fnaq[V→N]-–ghte[N→V]-te[V→V]-@₁~:(u)n[V→N][N][Abs][Unpd][Sg]
gaaghpenaan	gaagh-–gpe[V→V]-@₁~fna[V→V]-@₁~:(u)te[V→V]-@₁~:(u)n[V→N][N][Abs][Unpd][Sg]
gaaghpenaan	gaagh-–gpe[V→V]-@₁~fna[V→V]-@₁~:(u)n[V→N]-–ghte[N→V]-@₁~:(u)n[V→N][N][Abs][Unpd][Sg]
gaaghpenaan	gaagh-–gpe[V→V]-@₁~fna[V→V]-@₁~:(u)n[V→N]-–ghte[N→V]-te[V→V]-@₁~:(u)n[V→N][N][Abs][Unpd][Sg]
gaaghpenaan	gaagh-–gpe[V→V]-@₁~fna[V→V]-te[V→V]-@₁~:(u)n[V→N][N][Abs][Unpd][Sg]
gaaghpenaan	gaagh-–gpe[V→V]-@₁~fna[V→V]-~:(u)te[V→V]-@₁~:(u)n[V→N][N][Abs][Unpd][Sg]
gaaghpenaan	gaagh-–gpe[V→V]-@₁~fna[V→V]-~:(u)te[V→N]-te[N→V]-@₁~:(u)n[V→N][N][Abs][Unpd][Sg]
gaaghpenaan	gaagh-–gpe[V→V]-@₁~fna[V→V]-~:(u)te[V→N]-te[N→V]-te[V→V]-@₁~:(u)n[V→N][N][Abs][Unpd][Sg]
gaaghpenaan	gaagh-–gpe[V→V]-@₁~fna[V→V]-–ghte[V→V]-@₁~:(u)n[V→N][N][Abs][Unpd][Sg]
gaaghpenaan	gaagh-–gpe[V→V]-@₁~fna[V→V][V][Trns][Ind][2Sg][3Sg]
gaaghpenaan	gaagh-–gpe[V→V]-@₁~fnagh[V→V]-–ghte[V→V]-@₁~:(u)n[V→N][N][Abs][Unpd][Sg]
gaaghpenaan	gaagh-–gpe[V→V]-@₁~fnagh[V→V]-@₁~:(u)n[V→N][N][Abs][Unpd][Sg]
gaaghpenaan	gaagh-–gpe[V→V]-@₁~fnagh[V→V]-te[V→V]-@₁~:(u)n[V→N][N][Abs][Unpd][Sg]
gaaghpenaan	gaagh-–gpe[V→V]-@₁~fnagh[V→V]-~:(ng₁)u[V→V]-@₁~:(u)n[V→N][N][Abs][Unpd][Sg]
gaaghpenaan	gaagh-–gpe[V→V]-@₁~fnagh[V→V]-~:(ng₁)u[V→V]-~:(u)te[V→N][N][Abs][Unpd][Sg]
gaaghpenaan	gaagh-–gpe[V→V]-@₁~fnagh[V→V]-~:(u)te[V→N][N][Abs][Unpd][Sg]

------------------------
Ighneqa aanli esghaannaluni kiighwyameng.

ighneqa	ighnegh-~–ke[N→V][V][Intr][Intrg][3Sg]
ighneqa	ighnegh-~–ke[N→N][N][Abs][Unpd][Sg]
ighneqa	ighnegh[N][Abs][1SgPoss][SgPosd]

aanli	aane[V][Intr][Opt][PRS][3Sg]
aanli	aante[V][Intr][Opt][PRS][3Sg]
aanli	aghte-@₁~:(u)n[V→N]-te[N→V][V][Intr][Opt][PRS][3Sg]

esghaannaluni	esghagh-–ghte[V→V]-@₁~:(u)te[V→V]-@₁~fnaq[V→N]-–luk[N→N][N][Abs][4SgPoss][SgPosd]
esghaannaluni	esghagh-–ghte[V→V]-@₁~:(u)te[V→V]-@₁~fnaq[V→N]-–luk[N→N][N][Abs][4SgPoss][PlPosd]
esghaannaluni	esghagh-–ghte[V→V]-@₁~:(u)te[V→V]-@₁~fna[V→V]-@₁~:(u)te[V→V][V][Intr][Sbrd][3Sg]
esghaannaluni	esghagh-–ghte[V→V]-@₁~:(u)te[V→V]-@₁~fna[V→V]-@₁~:(u)n[V→N]-–luk[N→N][N][Abs][4SgPoss][SgPosd]
esghaannaluni	esghagh-–ghte[V→V]-@₁~:(u)te[V→V]-@₁~fna[V→V]-@₁~:(u)n[V→N]-–luk[N→N][N][Abs][4SgPoss][PlPosd]
esghaannaluni	esghagh-–ghte[V→V]-@₁~:(u)te[V→V]-@₁~fna[V→V]-~:(u)te[V→V][V][Intr][Sbrd][3Sg]
esghaannaluni	esghagh-–ghte[V→V]-@₁~:(u)te[V→V]-@₁~fna[V→V][V][Intr][Sbrd][3Sg]
esghaannaluni	esghaate-@₁~fnaq[V→N]-–luk[N→N][N][Abs][4SgPoss][SgPosd]
esghaannaluni	esghaate-@₁~fnaq[V→N]-–luk[N→N][N][Abs][4SgPoss][PlPosd]
esghaannaluni	esghaate-@₁~fna[V→V]-@₁~:(u)te[V→V][V][Intr][Sbrd][3Sg]
esghaannaluni	esghaate-@₁~fna[V→V]-@₁~:(u)n[V→N]-–luk[N→N][N][Abs][4SgPoss][SgPosd]
esghaannaluni	esghaate-@₁~fna[V→V]-@₁~:(u)n[V→N]-–luk[N→N][N][Abs][4SgPoss][PlPosd]
esghaannaluni	esghaate-@₁~fna[V→V]-~:(u)te[V→V][V][Intr][Sbrd][3Sg]
esghaannaluni	esghaate-@₁~fna[V→V][V][Intr][Sbrd][3Sg]
esghaannaluni	esghagh-@₁~:(u)te[V→V]-@₁~fnaq[V→N]-–luk[N→N][N][Abs][4SgPoss][SgPosd]
esghaannaluni	esghagh-@₁~:(u)te[V→V]-@₁~fnaq[V→N]-–luk[N→N][N][Abs][4SgPoss][PlPosd]
esghaannaluni	esghagh-@₁~:(u)te[V→V]-@₁~fna[V→V]-@₁~:(u)te[V→V][V][Intr][Sbrd][3Sg]
esghaannaluni	esghagh-@₁~:(u)te[V→V]-@₁~fna[V→V]-@₁~:(u)n[V→N]-–luk[N→N][N][Abs][4SgPoss][SgPosd]
esghaannaluni	esghagh-@₁~:(u)te[V→V]-@₁~fna[V→V]-@₁~:(u)n[V→N]-–luk[N→N][N][Abs][4SgPoss][PlPosd]
esghaannaluni	esghagh-@₁~:(u)te[V→V]-@₁~fna[V→V]-~:(u)te[V→V][V][Intr][Sbrd][3Sg]
esghaannaluni	esghagh-@₁~:(u)te[V→V]-@₁~fna[V→V][V][Intr][Sbrd][3Sg]
esghaannaluni	esghagh-te[V→V]-@₁~:(u)te[V→V]-@₁~fnaq[V→N]-–luk[N→N][N][Abs][4SgPoss][SgPosd]
esghaannaluni	esghagh-te[V→V]-@₁~:(u)te[V→V]-@₁~fnaq[V→N]-–luk[N→N][N][Abs][4SgPoss][PlPosd]
esghaannaluni	esghagh-te[V→V]-@₁~:(u)te[V→V]-@₁~fna[V→V]-@₁~:(u)te[V→V][V][Intr][Sbrd][3Sg]
esghaannaluni	esghagh-te[V→V]-@₁~:(u)te[V→V]-@₁~fna[V→V]-@₁~:(u)n[V→N]-–luk[N→N][N][Abs][4SgPoss][SgPosd]
esghaannaluni	esghagh-te[V→V]-@₁~:(u)te[V→V]-@₁~fna[V→V]-@₁~:(u)n[V→N]-–luk[N→N][N][Abs][4SgPoss][PlPosd]
esghaannaluni	esghagh-te[V→V]-@₁~:(u)te[V→V]-@₁~fna[V→V]-~:(u)te[V→V][V][Intr][Sbrd][3Sg]
esghaannaluni	esghagh-te[V→V]-@₁~:(u)te[V→V]-@₁~fna[V→V][V][Intr][Sbrd][3Sg]
esghaannaluni	esghagh-~:(u)te[V→V]-@₁~fnaq[V→N]-–luk[N→N][N][Abs][4SgPoss][SgPosd]
esghaannaluni	esghagh-~:(u)te[V→V]-@₁~fnaq[V→N]-–luk[N→N][N][Abs][4SgPoss][PlPosd]
esghaannaluni	esghagh-~:(u)te[V→V]-@₁~fna[V→V]-@₁~:(u)te[V→V][V][Intr][Sbrd][3Sg]
esghaannaluni	esghagh-~:(u)te[V→V]-@₁~fna[V→V]-@₁~:(u)n[V→N]-–luk[N→N][N][Abs][4SgPoss][SgPosd]
esghaannaluni	esghagh-~:(u)te[V→V]-@₁~fna[V→V]-@₁~:(u)n[V→N]-–luk[N→N][N][Abs][4SgPoss][PlPosd]
esghaannaluni	esghagh-~:(u)te[V→V]-@₁~fna[V→V]-~:(u)te[V→V][V][Intr][Sbrd][3Sg]
esghaannaluni	esghagh-~:(u)te[V→V]-@₁~fna[V→V][V][Intr][Sbrd][3Sg]
esghaannaluni	esghagh-~:(u)te[V→N]-te[N→V]-@₁~fnaq[V→N]-–luk[N→N][N][Abs][4SgPoss][SgPosd]
esghaannaluni	esghagh-~:(u)te[V→N]-te[N→V]-@₁~fnaq[V→N]-–luk[N→N][N][Abs][4SgPoss][PlPosd]
esghaannaluni	esghagh-~:(u)te[V→N]-te[N→V]-@₁~fna[V→V]-@₁~:(u)te[V→V][V][Intr][Sbrd][3Sg]
esghaannaluni	esghagh-~:(u)te[V→N]-te[N→V]-@₁~fna[V→V]-@₁~:(u)n[V→N]-–luk[N→N][N][Abs][4SgPoss][SgPosd]
esghaannaluni	esghagh-~:(u)te[V→N]-te[N→V]-@₁~fna[V→V]-@₁~:(u)n[V→N]-–luk[N→N][N][Abs][4SgPoss][PlPosd]
esghaannaluni	esghagh-~:(u)te[V→N]-te[N→V]-@₁~fna[V→V]-~:(u)te[V→V][V][Intr][Sbrd][3Sg]
esghaannaluni	esghagh-~:(u)te[V→N]-te[N→V]-@₁~fna[V→V][V][Intr][Sbrd][3Sg]
esghaannaluni	esghagh-~:(ng₁)u[V→V]-te[V→V]-@₁~fnaq[V→N]-–luk[N→N][N][Abs][4SgPoss][SgPosd]
esghaannaluni	esghagh-~:(ng₁)u[V→V]-te[V→V]-@₁~fnaq[V→N]-–luk[N→N][N][Abs][4SgPoss][PlPosd]
esghaannaluni	esghagh-~:(ng₁)u[V→V]-te[V→V]-@₁~fna[V→V]-@₁~:(u)te[V→V][V][Intr][Sbrd][3Sg]
esghaannaluni	esghagh-~:(ng₁)u[V→V]-te[V→V]-@₁~fna[V→V]-@₁~:(u)n[V→N]-–luk[N→N][N][Abs][4SgPoss][SgPosd]
esghaannaluni	esghagh-~:(ng₁)u[V→V]-te[V→V]-@₁~fna[V→V]-@₁~:(u)n[V→N]-–luk[N→N][N][Abs][4SgPoss][PlPosd]
esghaannaluni	esghagh-~:(ng₁)u[V→V]-te[V→V]-@₁~fna[V→V]-~:(u)te[V→V][V][Intr][Sbrd][3Sg]
esghaannaluni	esghagh-~:(ng₁)u[V→V]-te[V→V]-@₁~fna[V→V][V][Intr][Sbrd][3Sg]
esghaannaluni	esghagh-~:(ng₁)u[V→V]-~:(u)te[V→N]-te[N→V]-@₁~fnaq[V→N]-–luk[N→N][N][Abs][4SgPoss][SgPosd]
esghaannaluni	esghagh-~:(ng₁)u[V→V]-~:(u)te[V→N]-te[N→V]-@₁~fnaq[V→N]-–luk[N→N][N][Abs][4SgPoss][PlPosd]
esghaannaluni	esghagh-~:(ng₁)u[V→V]-~:(u)te[V→N]-te[N→V]-@₁~fna[V→V]-@₁~:(u)te[V→V][V][Intr][Sbrd][3Sg]
esghaannaluni	esghagh-~:(ng₁)u[V→V]-~:(u)te[V→N]-te[N→V]-@₁~fna[V→V]-@₁~:(u)n[V→N]-–luk[N→N][N][Abs][4SgPoss][SgPosd]
esghaannaluni	esghagh-~:(ng₁)u[V→V]-~:(u)te[V→N]-te[N→V]-@₁~fna[V→V]-@₁~:(u)n[V→N]-–luk[N→N][N][Abs][4SgPoss][PlPosd]
esghaannaluni	esghagh-~:(ng₁)u[V→V]-~:(u)te[V→N]-te[N→V]-@₁~fna[V→V]-~:(u)te[V→V][V][Intr][Sbrd][3Sg]
esghaannaluni	esghagh-~:(ng₁)u[V→V]-~:(u)te[V→N]-te[N→V]-@₁~fna[V→V][V][Intr][Sbrd][3Sg]
esghaannaluni	esghagh-~:(ng₁)u[V→V]-~:(u)te[V→N]-te[N→V]-te[V→V]-@₁~fnaq[V→N]-–luk[N→N][N][Abs][4SgPoss][SgPosd]
esghaannaluni	esghagh-~:(ng₁)u[V→V]-~:(u)te[V→N]-te[N→V]-te[V→V]-@₁~fnaq[V→N]-–luk[N→N][N][Abs][4SgPoss][PlPosd]
esghaannaluni	esghagh-~:(ng₁)u[V→V]-~:(u)te[V→N]-te[N→V]-te[V→V]-@₁~fna[V→V]-@₁~:(u)te[V→V][V][Intr][Sbrd][3Sg]
esghaannaluni	esghagh-~:(ng₁)u[V→V]-~:(u)te[V→N]-te[N→V]-te[V→V]-@₁~fna[V→V]-@₁~:(u)n[V→N]-–luk[N→N][N][Abs][4SgPoss][SgPosd]
esghaannaluni	esghagh-~:(ng₁)u[V→V]-~:(u)te[V→N]-te[N→V]-te[V→V]-@₁~fna[V→V]-@₁~:(u)n[V→N]-–luk[N→N][N][Abs][4SgPoss][PlPosd]
esghaannaluni	esghagh-~:(ng₁)u[V→V]-~:(u)te[V→N]-te[N→V]-te[V→V]-@₁~fna[V→V]-~:(u)te[V→V][V][Intr][Sbrd][3Sg]
esghaannaluni	esghagh-~:(ng₁)u[V→V]-~:(u)te[V→N]-te[N→V]-te[V→V]-@₁~fna[V→V][V][Intr][Sbrd][3Sg]
esghaannaluni	esghaghte-@₁~:(u)te[V→V]-@₁~fnaq[V→N]-–luk[N→N][N][Abs][4SgPoss][SgPosd]
esghaannaluni	esghaghte-@₁~:(u)te[V→V]-@₁~fnaq[V→N]-–luk[N→N][N][Abs][4SgPoss][PlPosd]
esghaannaluni	esghaghte-@₁~:(u)te[V→V]-@₁~fna[V→V]-@₁~:(u)te[V→V][V][Intr][Sbrd][3Sg]
esghaannaluni	esghaghte-@₁~:(u)te[V→V]-@₁~fna[V→V]-@₁~:(u)n[V→N]-–luk[N→N][N][Abs][4SgPoss][SgPosd]
esghaannaluni	esghaghte-@₁~:(u)te[V→V]-@₁~fna[V→V]-@₁~:(u)n[V→N]-–luk[N→N][N][Abs][4SgPoss][PlPosd]
esghaannaluni	esghaghte-@₁~:(u)te[V→V]-@₁~fna[V→V]-~:(u)te[V→V][V][Intr][Sbrd][3Sg]
esghaannaluni	esghaghte-@₁~:(u)te[V→V]-@₁~fna[V→V][V][Intr][Sbrd][3Sg]

kiighwyameng	kiighwyagh[N][Abl_Mod][Unpd][Sg]
kiighwyameng	kiighwyagh[N][Rel][4DuPoss][PlPosd]
kiighwyameng	kiighwyagh[N][Rel][4DuPoss][SgPosd]
kiighwyameng	kiighwyagh[N][Rel][4PlPoss][PlPosd]
kiighwyameng	kiighwyagh[N][Rel][4PlPoss][SgPosd]

------------------------
Aqfalangi yuwayut siqlugameng.

aqfalangi	aqfa-@₁~:(u)te[V→V][V][Trns][Opt][PRS][1Sg][3Pl]
aqfalangi	aqfa-~:(u)te[V→V][V][Trns][Opt][PRS][1Sg][3Pl]
aqfalangi	aqfa[V][Trns][Opt][PRS][1Sg][3Pl]

yuwayut	yuwayu[N][Abs][Unpd][Pl]
yuwayut	yuwayu[N][Rel][Unpd][Pl]

siqlugameng	siqlugagh[N][Abl_Mod][Unpd][Sg]
siqlugameng	siqlugagh[N][Rel][4DuPoss][PlPosd]
siqlugameng	siqlugagh[N][Rel][4DuPoss][SgPosd]
siqlugameng	siqlugagh[N][Rel][4PlPoss][PlPosd]
siqlugameng	siqlugagh[N][Rel][4PlPoss][SgPosd]

------------------------
Kitum pikakek iingkuk qallevagek

kitum	kitum
kitum	kitum[N][Abs][Unpd][Sg]

pikakek	pi[V][Trns][Cond][3Sg][3Du]

iingkuk	ingeg-~–ke[N→V][V][Intr][Ind][3Du]

qallevagek	qallevag[N][Abs][Unpd][Du]
qallevagek	qallevag[N][Rel][Unpd][Du]

------------------------
Ruuseghmiit aglaghtut esghaasameng quutmeng.

ruuseghmiit	Ruuseghmii[N][Abs][Unpd][Pl]
ruuseghmiit	Ruuseghmii[N][Rel][Unpd][Pl]

aglaghtut	aglagh-–ghte[V→V][V][Intr][Ind][3Pl]
aglaghtut	aglagh[V][Intr][Ind][3Pl]
aglaghtut	aglagh-te[V→V][V][Intr][Ind][3Pl]

esghaasameng	esghagh-–ghte[V→V]-@₁~:(u)te[V→V][V][Intr][CnsqI][4Pl]
esghaasameng	esghaate[V][Intr][CnsqI][4Pl]
esghaasameng	esghagh-@₁~:(u)te[V→V][V][Intr][CnsqI][4Pl]
esghaasameng	esghagh-te[V→V]-@₁~:(u)te[V→V][V][Intr][CnsqI][4Pl]
esghaasameng	esghagh-~:(u)te[V→V][V][Intr][CnsqI][4Pl]
esghaasameng	esghagh-~:(u)te[V→N]-te[N→V][V][Intr][CnsqI][4Pl]
esghaasameng	esghagh-~:(ng₁)u[V→V]-te[V→V][V][Intr][CnsqI][4Pl]
esghaasameng	esghagh-~:(ng₁)u[V→V]-~:(u)te[V→N]-te[N→V]-te[V→V][V][Intr][CnsqI][4Pl]
esghaasameng	esghagh-~:(ng₁)u[V→V]-~:(u)te[V→N]-te[N→V][V][Intr][CnsqI][4Pl]
esghaasameng	esghaghte-@₁~:(u)te[V→V][V][Intr][CnsqI][4Pl]

quutmeng	qute[N][Abl_Mod][Unpd][Sg]
quutmeng	qute[N][Rel][4DuPoss][PlPosd]
quutmeng	qute[N][Rel][4DuPoss][SgPosd]
quutmeng	qute[N][Rel][4PlPoss][PlPosd]
quutmeng	qute[N][Rel][4PlPoss][SgPosd]

------------------------
Piyaalghaakut taghnughhaanka qavaqata.

piyaalghaakut	pi-@₁~:(u)te[V→V]-@₁~f–yu[V→V]-aq[V→N]-–lghaq[N→N]-–ghte[N→V]-@₁~:(u)n[V→N]-~–ke[N→V][V][Intr][Ind][3Pl]
piyaalghaakut	pi-@₁~:(u)te[V→V]-@₁~f–yu[V→V]-aq[V→N]-–lghaq[N→N]-–ghte[N→V]-te[V→V]-@₁~:(u)n[V→N]-~–ke[N→V][V][Intr][Ind][3Pl]
piyaalghaakut	pi-@₁~:(u)te[V→V]-@₁~fyagh[V→V]-@₁~:(u)n[V→N]-–lghaq[N→N]-–ghte[N→V]-@₁~:(u)n[V→N]-~–ke[N→V][V][Intr][Ind][3Pl]
piyaalghaakut	pi-@₁~:(u)te[V→V]-@₁~fyagh[V→V]-@₁~:(u)n[V→N]-–lghaq[N→N]-–ghte[N→V]-te[V→V]-@₁~:(u)n[V→N]-~–ke[N→V][V][Intr][Ind][3Pl]
piyaalghaakut	pi-@₁~:(u)te[V→V]-@₁~fyagh[V→V]-te[V→V]-@₁~:(u)n[V→N]-–lghaq[N→N]-–ghte[N→V]-@₁~:(u)n[V→N]-~–ke[N→V][V][Intr][Ind][3Pl]
piyaalghaakut	pi-@₁~:(u)te[V→V]-@₁~fyagh[V→V]-te[V→V]-@₁~:(u)n[V→N]-–lghaq[N→N]-–ghte[N→V]-te[V→V]-@₁~:(u)n[V→N]-~–ke[N→V][V][Intr][Ind][3Pl]
piyaalghaakut	pi-@₁~:(u)te[V→V]-@₁~fyagh[V→V]-~:(ng₁)u[V→V][V][Intr][Opt][FUT][1Pl]
piyaalghaakut	pi-@₁~:(u)n[V→N]-–yaaq[N→N]-–lghaq[N→N]-–ghte[N→V]-@₁~:(u)n[V→N]-~–ke[N→V][V][Intr][Ind][3Pl]
piyaalghaakut	pi-@₁~:(u)n[V→N]-–yaaq[N→N]-–lghaq[N→N]-–ghte[N→V]-te[V→V]-@₁~:(u)n[V→N]-~–ke[N→V][V][Intr][Ind][3Pl]
piyaalghaakut	pi-@₁~f–yu[V→V]-aq[V→N]-–lghaq[N→N]-–ghte[N→V]-@₁~:(u)n[V→N]-~–ke[N→V][V][Intr][Ind][3Pl]
piyaalghaakut	pi-@₁~f–yu[V→V]-aq[V→N]-–lghaq[N→N]-–ghte[N→V]-te[V→V]-@₁~:(u)n[V→N]-~–ke[N→V][V][Intr][Ind][3Pl]
piyaalghaakut	pi-@₁~fyagh[N→V]-–ghte[V→V]-@₁~:(u)n[V→N]-–lghaq[N→N]-–ghte[N→V]-@₁~:(u)n[V→N]-~–ke[N→V][V][Intr][Ind][3Pl]
piyaalghaakut	pi-@₁~fyagh[N→V]-–ghte[V→V]-@₁~:(u)n[V→N]-–lghaq[N→N]-–ghte[N→V]-te[V→V]-@₁~:(u)n[V→N]-~–ke[N→V][V][Intr][Ind][3Pl]
piyaalghaakut	pi-@₁~fyagh[V→V]-–ghte[V→V]-@₁~:(u)n[V→N]-–lghaq[N→N]-–ghte[N→V]-@₁~:(u)n[V→N]-~–ke[N→V][V][Intr][Ind][3Pl]
piyaalghaakut	pi-@₁~fyagh[V→V]-–ghte[V→V]-@₁~:(u)n[V→N]-–lghaq[N→N]-–ghte[N→V]-te[V→V]-@₁~:(u)n[V→N]-~–ke[N→V][V][Intr][Ind][3Pl]
piyaalghaakut	pi-@₁~fyagh[N→V]-@₁~:(u)n[V→N]-–lghaq[N→N]-–ghte[N→V]-@₁~:(u)n[V→N]-~–ke[N→V][V][Intr][Ind][3Pl]
piyaalghaakut	pi-@₁~fyagh[N→V]-@₁~:(u)n[V→N]-–lghaq[N→N]-–ghte[N→V]-te[V→V]-@₁~:(u)n[V→N]-~–ke[N→V][V][Intr][Ind][3Pl]
piyaalghaakut	pi-@₁~fyagh[N→V]-te[V→V]-@₁~:(u)n[V→N]-–lghaq[N→N]-–ghte[N→V]-@₁~:(u)n[V→N]-~–ke[N→V][V][Intr][Ind][3Pl]
piyaalghaakut	pi-@₁~fyagh[N→V]-te[V→V]-@₁~:(u)n[V→N]-–lghaq[N→N]-–ghte[N→V]-te[V→V]-@₁~:(u)n[V→N]-~–ke[N→V][V][Intr][Ind][3Pl]
piyaalghaakut	pi-@₁~fyagh[N→V]-~:(ng₁)u[V→V]-@₁~:(u)n[V→N]-–lghaq[N→N]-–ghte[N→V]-@₁~:(u)n[V→N]-~–ke[N→V][V][Intr][Ind][3Pl]
piyaalghaakut	pi-@₁~fyagh[N→V]-~:(ng₁)u[V→V]-@₁~:(u)n[V→N]-–lghaq[N→N]-–ghte[N→V]-te[V→V]-@₁~:(u)n[V→N]-~–ke[N→V][V][Intr][Ind][3Pl]
piyaalghaakut	pi-@₁~fyagh[N→V]-~:(ng₁)u[V→V][V][Intr][Opt][FUT][1Pl]
piyaalghaakut	pi-@₁~fyagh[V→V]-@₁~:(u)n[V→N]-–lghaq[N→N]-–ghte[N→V]-@₁~:(u)n[V→N]-~–ke[N→V][V][Intr][Ind][3Pl]
piyaalghaakut	pi-@₁~fyagh[V→V]-@₁~:(u)n[V→N]-–lghaq[N→N]-–ghte[N→V]-te[V→V]-@₁~:(u)n[V→N]-~–ke[N→V][V][Intr][Ind][3Pl]
piyaalghaakut	pi-@₁~fyagh[V→V]-te[V→V]-@₁~:(u)n[V→N]-–lghaq[N→N]-–ghte[N→V]-@₁~:(u)n[V→N]-~–ke[N→V][V][Intr][Ind][3Pl]
piyaalghaakut	pi-@₁~fyagh[V→V]-te[V→V]-@₁~:(u)n[V→N]-–lghaq[N→N]-–ghte[N→V]-te[V→V]-@₁~:(u)n[V→N]-~–ke[N→V][V][Intr][Ind][3Pl]
piyaalghaakut	pi-@₁~fyagh[V→V]-~:(ng₁)u[V→V]-@₁~:(u)n[V→N]-–lghaq[N→N]-–ghte[N→V]-@₁~:(u)n[V→N]-~–ke[N→V][V][Intr][Ind][3Pl]
piyaalghaakut	pi-@₁~fyagh[V→V]-~:(ng₁)u[V→V]-@₁~:(u)n[V→N]-–lghaq[N→N]-–ghte[N→V]-te[V→V]-@₁~:(u)n[V→N]-~–ke[N→V][V][Intr][Ind][3Pl]
piyaalghaakut	pi-@₁~fyagh[V→V]-~:(ng₁)u[V→V][V][Intr][Opt][FUT][1Pl]
piyaalghaakut	pi-~:(u)te[V→V]-@₁~f–yu[V→V]-aq[V→N]-–lghaq[N→N]-–ghte[N→V]-@₁~:(u)n[V→N]-~–ke[N→V][V][Intr][Ind][3Pl]
piyaalghaakut	pi-~:(u)te[V→V]-@₁~f–yu[V→V]-aq[V→N]-–lghaq[N→N]-–ghte[N→V]-te[V→V]-@₁~:(u)n[V→N]-~–ke[N→V][V][Intr][Ind][3Pl]
piyaalghaakut	pi-~:(u)te[V→V]-@₁~fyagh[V→V]-@₁~:(u)n[V→N]-–lghaq[N→N]-–ghte[N→V]-@₁~:(u)n[V→N]-~–ke[N→V][V][Intr][Ind][3Pl]
piyaalghaakut	pi-~:(u)te[V→V]-@₁~fyagh[V→V]-@₁~:(u)n[V→N]-–lghaq[N→N]-–ghte[N→V]-te[V→V]-@₁~:(u)n[V→N]-~–ke[N→V][V][Intr][Ind][3Pl]
piyaalghaakut	pi-~:(u)te[V→V]-@₁~fyagh[V→V]-te[V→V]-@₁~:(u)n[V→N]-–lghaq[N→N]-–ghte[N→V]-@₁~:(u)n[V→N]-~–ke[N→V][V][Intr][Ind][3Pl]
piyaalghaakut	pi-~:(u)te[V→V]-@₁~fyagh[V→V]-te[V→V]-@₁~:(u)n[V→N]-–lghaq[N→N]-–ghte[N→V]-te[V→V]-@₁~:(u)n[V→N]-~–ke[N→V][V][Intr][Ind][3Pl]
piyaalghaakut	pi-~:(u)te[V→V]-@₁~fyagh[V→V]-~:(ng₁)u[V→V][V][Intr][Opt][FUT][1Pl]
piyaalghaakut	pi-~:(u)te[V→N]-@₁~fyagh[N→V]-@₁~:(u)n[V→N]-–lghaq[N→N]-–ghte[N→V]-@₁~:(u)n[V→N]-~–ke[N→V][V][Intr][Ind][3Pl]
piyaalghaakut	pi-~:(u)te[V→N]-@₁~fyagh[N→V]-@₁~:(u)n[V→N]-–lghaq[N→N]-–ghte[N→V]-te[V→V]-@₁~:(u)n[V→N]-~–ke[N→V][V][Intr][Ind][3Pl]
piyaalghaakut	pi-~:(u)te[V→N]-@₁~fyagh[N→V]-te[V→V]-@₁~:(u)n[V→N]-–lghaq[N→N]-–ghte[N→V]-@₁~:(u)n[V→N]-~–ke[N→V][V][Intr][Ind][3Pl]
piyaalghaakut	pi-~:(u)te[V→N]-@₁~fyagh[N→V]-te[V→V]-@₁~:(u)n[V→N]-–lghaq[N→N]-–ghte[N→V]-te[V→V]-@₁~:(u)n[V→N]-~–ke[N→V][V][Intr][Ind][3Pl]
piyaalghaakut	pi-~:(u)te[V→N]-@₁~fyagh[N→V]-~:(ng₁)u[V→V][V][Intr][Opt][FUT][1Pl]
piyaalghaakut	pi-–yaaq[N→N]-–lghaq[N→N]-–ghte[N→V]-@₁~:(u)n[V→N]-~–ke[N→V][V][Intr][Ind][3Pl]
piyaalghaakut	pi-–yaaq[N→N]-–lghaq[N→N]-–ghte[N→V]-te[V→V]-@₁~:(u)n[V→N]-~–ke[N→V][V][Intr][Ind][3Pl]
piyaalghaakut	piyaa-@₁~:(u)n[V→N]-–lghaq[N→N]-–ghte[N→V]-@₁~:(u)n[V→N]-~–ke[N→V][V][Intr][Ind][3Pl]
piyaalghaakut	piyaa-@₁~:(u)n[V→N]-–lghaq[N→N]-–ghte[N→V]-te[V→V]-@₁~:(u)n[V→N]-~–ke[N→V][V][Intr][Ind][3Pl]
piyaalghaakut	piyaa[V][Intr][Opt][FUT][1Pl]
piyaalghaakut	pi-yak[N→N]-–ghte[N→V]-@₁~:(u)n[V→N]-–lghaq[N→N]-–ghte[N→V]-@₁~:(u)n[V→N]-~–ke[N→V][V][Intr][Ind][3Pl]
piyaalghaakut	pi-yak[N→N]-–ghte[N→V]-@₁~:(u)n[V→N]-–lghaq[N→N]-–ghte[N→V]-te[V→V]-@₁~:(u)n[V→N]-~–ke[N→V][V][Intr][Ind][3Pl]
piyaalghaakut	pi-yak[N→N]-–ghte[N→V]-te[V→V]-@₁~:(u)n[V→N]-–lghaq[N→N]-–ghte[N→V]-@₁~:(u)n[V→N]-~–ke[N→V][V][Intr][Ind][3Pl]
piyaalghaakut	pi-yak[N→N]-–ghte[N→V]-te[V→V]-@₁~:(u)n[V→N]-–lghaq[N→N]-–ghte[N→V]-te[V→V]-@₁~:(u)n[V→N]-~–ke[N→V][V][Intr][Ind][3Pl]

taghnughhaanka	taghnughhagh*[N][Abs][1SgPoss][PlPosd]

qavaqata	qavagh[N][Abs][1SgPoss][SgPosd]-ta[Encl]
qavaqata	qavagh[V][Intr][Cond][3Pl]

------------------------
Apaka maaghraghvinlegneng qikmilguuq.

apaka	apa-~–ke[N→V][V][Intr][Intrg][3Sg]
apaka	apa-~–ke[N→N][N][Abs][Unpd][Sg]
apaka	apa[N][Abs][1SgPoss][SgPosd]

maaghraghvinlegneng	maaghraghvinleg[N][Abl_Mod][Unpd][Pl]

qikmilguuq	qikmigh-––i[N→V]-@₁~:(u)n[V→N]-–leg[N→N]-~:(ng₁)u[N→V][V][Intr][Ind][3Sg]
qikmilguuq	qikmigh-––i[N→V]-@₁~:(u)n[V→N]-–lgu[N→V][V][Intr][Ind][3Sg]
qikmilguuq	qikmigh-–leg[N→N]-~:(ng₁)u[N→V][V][Intr][Ind][3Sg]
qikmilguuq	qikmigh-–lgu[N→V][V][Intr][Ind][3Sg]

------------------------
