Afsengaq neghtuq pagunghaghmeng.

afsengaq	afsengagh*[N][Abs][Unpd][Sg]

neghtuq	ne-–ghte[N→V][V][Intr][Ind][3Sg]
neghtuq	negh-–ghte[V→V][V][Intr][Ind][3Sg]
neghtuq	negh[V][Intr][Ind][3Sg]
neghtuq	negh-te[V→V][V][Intr][Ind][3Sg]

pagunghaghmeng	pagunghagh*[N][Abl_Mod][Unpd][Sg]
pagunghaghmeng	pagunghagh*[N][Rel][4DuPoss][PlPosd]
pagunghaghmeng	pagunghagh*[N][Rel][4DuPoss][SgPosd]
pagunghaghmeng	pagunghagh*[N][Rel][4PlPoss][PlPosd]
pagunghaghmeng	pagunghagh*[N][Rel][4PlPoss][SgPosd]

------------------------
Kaamgek iflaak.

kaamgek	kameg[N][Abs][Unpd][Du]
kaamgek	kameg[N][Rel][Unpd][Du]

iflaak	ifla[V][Intr][Intrg][3Du]
iflaak	ifla[V][Intr][Ind][3Du]

------------------------
Aqiigukung.

aqiigukung	aqii[V][Intr][Ind][1Du]

------------------------
Uupameng esghaatut.

uupameng	uupa[N][Abl_Mod][Unpd][Sg]
uupameng	uupa[N][Rel][4DuPoss][PlPosd]
uupameng	uupa[N][Rel][4DuPoss][SgPosd]
uupameng	uupa[N][Rel][4PlPoss][PlPosd]
uupameng	uupa[N][Rel][4PlPoss][SgPosd]

esghaatut	esghagh-–ghte[V→V]-@₁~:(u)te[V→V][V][Intr][Ind][3Pl]
esghaatut	esghaate[V][Intr][Ind][3Pl]
esghaatut	esghagh-@₁~:(u)te[V→V][V][Intr][Ind][3Pl]
esghaatut	esghagh-te[V→V]-@₁~:(u)te[V→V][V][Intr][Ind][3Pl]
esghaatut	esghagh-~:(ng₁)u[V→V]-@₁~:(u)te[V→V][V][Intr][Ind][3Pl]
esghaatut	esghagh-~:(ng₁)u[V→V]-~:(u)te[V→V][V][Intr][Ind][3Pl]
esghaatut	esghagh-~:(ng₁)u[V→V]-te[V→V][V][Intr][Ind][3Pl]
esghaatut	esghagh-~:(u)te[V→V][V][Intr][Ind][3Pl]
esghaatut	esghaghte-@₁~:(u)te[V→V][V][Intr][Ind][3Pl]

------------------------
Ukaziq alinguq kaviighmeng.

ukaziq	ukazigh[N][Abs][Unpd][Sg]

alinguq	aw-–li[N→V]-@₁~:(u)n[V→N]-–nge[N→V][V][Intr][Ind][3Sg]
alinguq	aw-–li[N→V]-@*ngugh*[V→N][N][Abs][Unpd][Sg]
alinguq	aw-–li[N→V]-–ngugh*[V→N][N][Abs][Unpd][Sg]
alinguq	aw-–ligh[N→V]-–ngugh*[V→N][N][Abs][Unpd][Sg]
alinguq	alugh-––i[N→V]-@₁~:(u)n[V→N]-–nge[N→V][V][Intr][Ind][3Sg]
alinguq	alugh-––i[N→V]-@*ngugh*[V→N][N][Abs][Unpd][Sg]
alinguq	alugh-––i[N→V]-–ngugh*[V→N][N][Abs][Unpd][Sg]
alinguq	alugh-––igh[N→V]-–ngugh*[V→N][N][Abs][Unpd][Sg]
alinguq	alegh-––i[N→V]-@₁~:(u)n[V→N]-–nge[N→V][V][Intr][Ind][3Sg]
alinguq	alegh-––i[N→V]-@*ngugh*[V→N][N][Abs][Unpd][Sg]
alinguq	alegh-––i[N→V]-–ngugh*[V→N][N][Abs][Unpd][Sg]
alinguq	alegh-––igh[N→V]-–ngugh*[V→N][N][Abs][Unpd][Sg]
alinguq	aligh-––i[N→V]-@₁~:(u)n[V→N]-–nge[N→V][V][Intr][Ind][3Sg]
alinguq	aligh-––i[N→V]-@*ngugh*[V→N][N][Abs][Unpd][Sg]
alinguq	aligh-––i[N→V]-–ngugh*[V→N][N][Abs][Unpd][Sg]
alinguq	aligh-––igh[N→V]-–ngugh*[V→N][N][Abs][Unpd][Sg]
alinguq	ali-–nge[N→V][V][Intr][Ind][3Sg]
alinguq	ali[N][Abs][Unpd][Sg]-nguq[Encl]
alinguq	aligh-–nge[N→V][V][Intr][Ind][3Sg]
alinguq	alinge[V][Intr][Ind][3Sg]

kaviighmeng	kaviigh[N][Abl_Mod][Unpd][Sg]
kaviighmeng	kaviigh[N][Rel][4DuPoss][PlPosd]
kaviighmeng	kaviigh[N][Rel][4DuPoss][SgPosd]
kaviighmeng	kaviigh[N][Rel][4PlPoss][PlPosd]
kaviighmeng	kaviigh[N][Rel][4PlPoss][SgPosd]

------------------------
Laluramka kaatuq Sivungaghmeng.

laluramka	Laluramke[N][Abs][Unpd][Sg]

kaatuq	kaate[V][Intr][Ind][3Sg]

sivungaghmeng	Sivungagh*[N][Abl_Mod][Unpd][Sg]
sivungaghmeng	Sivungagh*[N][Rel][4DuPoss][PlPosd]
sivungaghmeng	Sivungagh*[N][Rel][4DuPoss][SgPosd]
sivungaghmeng	Sivungagh*[N][Rel][4PlPoss][PlPosd]
sivungaghmeng	Sivungagh*[N][Rel][4PlPoss][SgPosd]

------------------------
Aqelqat aghulaat.

aqelqat	aqelqagh[N][Abs][Unpd][Pl]
aqelqat	aqelqagh[N][Rel][Unpd][Pl]

aghulaat	aghula[V][Intr][Intrg][3Pl]
aghulaat	aghula[V][Intr][Ind][3Pl]
aghulaat	aghula[V][Trns][Ind][3Pl][3Sg]

------------------------
Tafsi taakuq.

tafsi	tafsi[N][Abs][Unpd][Sg]
tafsi	tafsi[V][Intr][Opt][PRS][2Sg]

taakuq	taake[V][Intr][Ind][3Sg]

------------------------
Neghtusi ulghaaghmeng.

neghtusi	ne-–ghte[N→V][V][Intr][Ind][2Pl]
neghtusi	negh-–ghte[V→V][V][Intr][Ind][2Pl]
neghtusi	negh[V][Intr][Ind][2Pl]
neghtusi	negh-te[V→V][V][Intr][Ind][2Pl]
neghtusi	negh-tu[V→V]-@₁~:(u)n[V→N][N][Abs][2PlPoss][PlPosd]
neghtusi	negh-tu[V→V]-siq[V→N]-––i[N→V][V][Intr][Opt][PRS][2Sg]

ulghaaghmeng	ulghaagh[N][Abl_Mod][Unpd][Sg]
ulghaaghmeng	ulghaagh[N][Rel][4DuPoss][PlPosd]
ulghaaghmeng	ulghaagh[N][Rel][4DuPoss][SgPosd]
ulghaaghmeng	ulghaagh[N][Rel][4PlPoss][PlPosd]
ulghaaghmeng	ulghaagh[N][Rel][4PlPoss][SgPosd]

------------------------
Naayvameng tagiiq yaywaali.

naayvameng	Naayvagh[N][Abl_Mod][Unpd][Sg]
naayvameng	Naayvagh[N][Rel][4DuPoss][PlPosd]
naayvameng	Naayvagh[N][Rel][4DuPoss][SgPosd]
naayvameng	Naayvagh[N][Rel][4PlPoss][PlPosd]
naayvameng	Naayvagh[N][Rel][4PlPoss][SgPosd]
naayvameng	naayvagh[N][Abl_Mod][Unpd][Sg]
naayvameng	naayvagh[N][Rel][4DuPoss][PlPosd]
naayvameng	naayvagh[N][Rel][4DuPoss][SgPosd]
naayvameng	naayvagh[N][Rel][4PlPoss][PlPosd]
naayvameng	naayvagh[N][Rel][4PlPoss][SgPosd]

tagiiq	tagi[V][Intr][Ind][3Sg]
tagiiq	tagi[V][Trns][Ind][3Sg][3Du]
tagiiq	tagi-aq[V→N][N][Abs][Unpd][Sg]

yaywaali	yaywaali[N][Abs][Unpd][Sg]
yaywaali	yaywaale-––i[N→V][V][Intr][Opt][PRS][2Sg]

------------------------
Aghnak qiighwtuk.

aghnak	aghnagh[N][Abs][Unpd][Du]
aghnak	aghnagh[N][Rel][Unpd][Du]

qiighwtuk	qiighw-–ghte[N→V][V][Intr][Ind][3Du]
qiighwtuk	qiighw-–ghte[V→V][V][Intr][Ind][3Du]
qiighwtuk	qiighw[V][Intr][Ind][3Du]
qiighwtuk	qiighwte[V][Intr][Ind][3Du]
qiighwtuk	qiighw-te[N→V][V][Intr][Ind][3Du]
qiighwtuk	qiighw-te[V→V][V][Intr][Ind][3Du]

------------------------
Gaaghtut kayumeng.

gaaghtut	gaagh-–ghte[V→V][V][Intr][Ind][3Pl]
gaaghtut	gaagh[V][Intr][Ind][3Pl]
gaaghtut	gaagh-te[V→V][V][Intr][Ind][3Pl]

kayumeng	kayu[N][Abl_Mod][Unpd][Sg]
kayumeng	kayu[N][Rel][4DuPoss][PlPosd]
kayumeng	kayu[N][Rel][4DuPoss][SgPosd]
kayumeng	kayu[N][Rel][4PlPoss][PlPosd]
kayumeng	kayu[N][Rel][4PlPoss][SgPosd]

------------------------
Qikmit nagatut anipameng.

qikmit	qikmigh[N][Abs][Unpd][Pl]
qikmit	qikmigh[N][Rel][Unpd][Pl]

nagatut	nagate[V][Intr][Ind][3Pl]

anipameng	anipa[N][Abl_Mod][Unpd][Sg]
anipameng	anipa[N][Rel][4DuPoss][PlPosd]
anipameng	anipa[N][Rel][4DuPoss][SgPosd]
anipameng	anipa[N][Rel][4PlPoss][PlPosd]
anipameng	anipa[N][Rel][4PlPoss][SgPosd]

------------------------
Qavaghtunga.

qavaghtunga	qavagh-–ghte[N→V][V][Intr][Ind][1Sg]
qavaghtunga	qavagh-–ghte[V→V][V][Intr][Ind][1Sg]
qavaghtunga	qavagh[V][Intr][Ind][1Sg]
qavaghtunga	qavagh-te[N→V]-te[V→V]-@₁~:(u)n[V→N]-–nge[N→V][V][Intr][Intrg][3Sg]
qavaghtunga	qavagh-te[N→V][V][Intr][Ind][1Sg]
qavaghtunga	qavagh-te[V→V][V][Intr][Ind][1Sg]
qavaghtunga	qavagh-tu[N→V]-@₁~:(u)n[V→N]-–nge[N→V][V][Intr][Intrg][3Sg]
qavaghtunga	qavagh-tu[N→V]-~fnga[V→V][V][Intr][Opt][PRS][2Sg]
qavaghtunga	qavagh-tu[N→V][V][Trns][Opt][PRS][2Sg][1Sg]
qavaghtunga	qavagh-tu[V→V]-@₁~:(u)n[V→N]-–nge[N→V][V][Intr][Intrg][3Sg]
qavaghtunga	qavagh-tu[V→V]-~fnga[V→V][V][Intr][Opt][PRS][2Sg]
qavaghtunga	qavagh-tu[V→V][V][Trns][Opt][PRS][2Sg][1Sg]

------------------------
Taghnughhaat aanut mangteghameng.

taghnughhaat	taghnughhagh*[N][Abs][Unpd][Pl]
taghnughhaat	taghnughhagh*[N][Abs][3PlPoss][SgPosd]
taghnughhaat	taghnughhagh*[N][Rel][Unpd][Pl]

aanut	aane[V][Intr][Ind][3Pl]

mangteghameng	mangteghagh[N][Abl_Mod][Unpd][Sg]
mangteghameng	mangteghagh[N][Rel][4DuPoss][PlPosd]
mangteghameng	mangteghagh[N][Rel][4DuPoss][SgPosd]
mangteghameng	mangteghagh[N][Rel][4PlPoss][PlPosd]
mangteghameng	mangteghagh[N][Rel][4PlPoss][SgPosd]

------------------------
