Iiska mekestaaghhaaguq.

iiska	iiw-––i[N→V]-@₁~:(u)te[V→V]-@*@₂~sf–(g₂)k(a)e[V→N][N][Abs][Unpd][Sg]
iiska	iiw-––i[N→V]-~:(u)te[V→V]-@*@₂~sf–(g₂)k(a)e[V→N][N][Abs][Unpd][Sg]
iiska	iiw-––i[N→V]-te[V→V]-@*@₂~sf–(g₂)k(a)e[V→N][N][Abs][Unpd][Sg]
iiska	iye-~–ke[N→V][V][Intr][Intrg][3Sg]
iiska	iye-~–ke[N→N][N][Abs][Unpd][Sg]
iiska	iye[N][Abs][1SgPoss][SgPosd]
iiska	aaw-––i[N→V]-@₁~:(u)te[V→V]-@*@₂~sf–(g₂)k(a)e[V→N][N][Abs][Unpd][Sg]
iiska	aaw-––i[N→V]-~:(u)te[V→V]-@*@₂~sf–(g₂)k(a)e[V→N][N][Abs][Unpd][Sg]
iiska	aaw-––i[N→V]-te[V→V]-@*@₂~sf–(g₂)k(a)e[V→N][N][Abs][Unpd][Sg]
iiska	aaghw-––i[N→V]-@₁~:(u)te[V→V]-@*@₂~sf–(g₂)k(a)e[V→N][N][Abs][Unpd][Sg]
iiska	aaghw-––i[N→V]-~:(u)te[V→V]-@*@₂~sf–(g₂)k(a)e[V→N][N][Abs][Unpd][Sg]
iiska	aaghw-––i[N→V]-te[V→V]-@*@₂~sf–(g₂)k(a)e[V→N][N][Abs][Unpd][Sg]

mekestaaghhaaguq	me-~–ke[N→V]-(te)ste[V→V]-~aghte[V→V]-@₁~:(u)n[V→N]-–ghhagh*[N→N]-~:(ng₁)u[N→V][V][Intr][Ind][3Sg]
mekestaaghhaaguq	me-~–ke[N→V]-(te)ste[Cmpd_Vbl]-~aghte[V→V]-@₁~:(u)n[V→N]-–ghhagh*[N→N]-~:(ng₁)u[N→V][V][Intr][Ind][3Sg]
mekestaaghhaaguq	me-~–ke[N→V]-(s)ta[V→N]-te[N→V]-@₁~:(u)n[V→N]-–ghhagh*[N→N]-~:(ng₁)u[N→V][V][Intr][Ind][3Sg]
mekestaaghhaaguq	me-~–ke[N→V]-(s)ta[V→N]-te[N→V]-te[V→V]-@₁~:(u)n[V→N]-–ghhagh*[N→N]-~:(ng₁)u[N→V][V][Intr][Ind][3Sg]
mekestaaghhaaguq	me-~–ke[N→V]-(s)ta[V→N]-–ghte[N→V]-@₁~:(u)n[V→N]-–ghhagh*[N→N]-~:(ng₁)u[N→V][V][Intr][Ind][3Sg]
mekestaaghhaaguq	me-~–ke[N→V]-(s)ta[V→N]-–ghte[N→V]-te[V→V]-@₁~:(u)n[V→N]-–ghhagh*[N→N]-~:(ng₁)u[N→V][V][Intr][Ind][3Sg]
mekestaaghhaaguq	me-~–ke[N→V]-staaghhaa[V→V][V][Intr][Ind][3Sg]
mekestaaghhaaguq	mekestaagh-–ghhagh*[N→N]-~:(ng₁)u[N→V][V][Intr][Ind][3Sg]
mekestaaghhaaguq	mekestaaghhaa[V][Intr][Ind][3Sg]
mekestaaghhaaguq	mekestaaghhagh*-~:(ng₁)u[N→V][V][Intr][Ind][3Sg]

------------------------
Apalguunga.

apalguunga	apa-–leg[N→N]-–ghte[N→V]-@₁~:(u)te[V→V]-@₁~:(u)n[V→N]-–nge[N→V][V][Intr][Intrg][3Sg]
apalguunga	apa-–leg[N→N]-–ghte[N→V]-@₁~:(u)n[V→N]-–ghte[N→V]-@₁~:(u)n[V→N]-–nge[N→V][V][Intr][Intrg][3Sg]
apalguunga	apa-–leg[N→N]-–ghte[N→V]-@₁~:(u)n[V→N]-–ghte[N→V]-te[V→V]-@₁~:(u)n[V→N]-–nge[N→V][V][Intr][Intrg][3Sg]
apalguunga	apa-–leg[N→N]-–ghte[N→V]-te[V→V]-@₁~:(u)te[V→V]-@₁~:(u)n[V→N]-–nge[N→V][V][Intr][Intrg][3Sg]
apalguunga	apa-–leg[N→N]-–ghte[N→V]-te[V→V]-@₁~:(u)n[V→N]-–ghte[N→V]-@₁~:(u)n[V→N]-–nge[N→V][V][Intr][Intrg][3Sg]
apalguunga	apa-–leg[N→N]-–ghte[N→V]-te[V→V]-@₁~:(u)n[V→N]-–ghte[N→V]-te[V→V]-@₁~:(u)n[V→N]-–nge[N→V][V][Intr][Intrg][3Sg]
apalguunga	apa-–leg[N→N]-te[N→V]-@₁~:(u)te[V→V]-@₁~:(u)n[V→N]-–nge[N→V][V][Intr][Intrg][3Sg]
apalguunga	apa-–leg[N→N]-te[N→V]-@₁~:(u)n[V→N]-–ghte[N→V]-@₁~:(u)n[V→N]-–nge[N→V][V][Intr][Intrg][3Sg]
apalguunga	apa-–leg[N→N]-te[N→V]-@₁~:(u)n[V→N]-–ghte[N→V]-te[V→V]-@₁~:(u)n[V→N]-–nge[N→V][V][Intr][Intrg][3Sg]
apalguunga	apa-–leg[N→N]-te[N→V]-te[V→V]-@₁~:(u)te[V→V]-@₁~:(u)n[V→N]-–nge[N→V][V][Intr][Intrg][3Sg]
apalguunga	apa-–leg[N→N]-te[N→V]-te[V→V]-@₁~:(u)n[V→N]-–ghte[N→V]-@₁~:(u)n[V→N]-–nge[N→V][V][Intr][Intrg][3Sg]
apalguunga	apa-–leg[N→N]-te[N→V]-te[V→V]-@₁~:(u)n[V→N]-–ghte[N→V]-te[V→V]-@₁~:(u)n[V→N]-–nge[N→V][V][Intr][Intrg][3Sg]
apalguunga	apa-–leg[N→N]-~:(ng₁)u[N→V]-@₁~:(u)te[V→V]-@₁~:(u)n[V→N]-–nge[N→V][V][Intr][Intrg][3Sg]
apalguunga	apa-–leg[N→N]-~:(ng₁)u[N→V]-@₁~:(u)n[V→N]-–ghte[N→V]-@₁~:(u)n[V→N]-–nge[N→V][V][Intr][Intrg][3Sg]
apalguunga	apa-–leg[N→N]-~:(ng₁)u[N→V]-@₁~:(u)n[V→N]-–ghte[N→V]-te[V→V]-@₁~:(u)n[V→N]-–nge[N→V][V][Intr][Intrg][3Sg]
apalguunga	apa-–leg[N→N]-~:(ng₁)u[N→V]-te[V→V]-@₁~:(u)n[V→N]-–nge[N→V][V][Intr][Intrg][3Sg]
apalguunga	apa-–leg[N→N]-~:(ng₁)u[N→V]-~:(u)te[V→V]-@₁~:(u)n[V→N]-–nge[N→V][V][Intr][Intrg][3Sg]
apalguunga	apa-–leg[N→N]-~:(ng₁)u[N→V]-~:(u)te[V→N]-te[N→V]-@₁~:(u)n[V→N]-–nge[N→V][V][Intr][Intrg][3Sg]
apalguunga	apa-–leg[N→N]-~:(ng₁)u[N→V]-~:(u)te[V→N]-te[N→V]-te[V→V]-@₁~:(u)n[V→N]-–nge[N→V][V][Intr][Intrg][3Sg]
apalguunga	apa-–leg[N→N]-~:(ng₁)u[N→V]-–ghte[V→V]-@₁~:(u)n[V→N]-–nge[N→V][V][Intr][Intrg][3Sg]
apalguunga	apa-–leg[N→N]-~:(ng₁)u[N→V][V][Intr][Ind][1Sg]
apalguunga	apa-–leg[N→N]-~:(ng₁)ughte[N→V]-@₁~:(u)n[V→N]-–nge[N→V][V][Intr][Intrg][3Sg]
apalguunga	apa-–leg[N→N]-~:(ng₁)ughte[N→V]-te[V→V]-@₁~:(u)n[V→N]-–nge[N→V][V][Intr][Intrg][3Sg]
apalguunga	apa-–lgu[N→V]-@₁~:(u)te[V→V]-@₁~:(u)n[V→N]-–nge[N→V][V][Intr][Intrg][3Sg]
apalguunga	apa-–lgu[N→V]-@₁~:(u)n[V→N]-–ghte[N→V]-@₁~:(u)n[V→N]-–nge[N→V][V][Intr][Intrg][3Sg]
apalguunga	apa-–lgu[N→V]-@₁~:(u)n[V→N]-–ghte[N→V]-te[V→V]-@₁~:(u)n[V→N]-–nge[N→V][V][Intr][Intrg][3Sg]
apalguunga	apa-–lgu[N→V]-te[V→V]-@₁~:(u)n[V→N]-–nge[N→V][V][Intr][Intrg][3Sg]
apalguunga	apa-–lgu[N→V]-~:(u)te[V→V]-@₁~:(u)n[V→N]-–nge[N→V][V][Intr][Intrg][3Sg]
apalguunga	apa-–lgu[N→V]-~:(u)te[V→N]-te[N→V]-@₁~:(u)n[V→N]-–nge[N→V][V][Intr][Intrg][3Sg]
apalguunga	apa-–lgu[N→V]-~:(u)te[V→N]-te[N→V]-te[V→V]-@₁~:(u)n[V→N]-–nge[N→V][V][Intr][Intrg][3Sg]
apalguunga	apa-–lgu[N→V]-–ghte[V→V]-@₁~:(u)n[V→N]-–nge[N→V][V][Intr][Intrg][3Sg]
apalguunga	apa-–lgu[N→V][V][Intr][Ind][1Sg]
apalguunga	apa-–lgun[N→N]-–ghte[N→V]-@₁~:(u)n[V→N]-–nge[N→V][V][Intr][Intrg][3Sg]
apalguunga	apa-–lgun[N→N]-–ghte[N→V]-te[V→V]-@₁~:(u)n[V→N]-–nge[N→V][V][Intr][Intrg][3Sg]
apalguunga	apagh-–lgute[V→V]-@₁~:(u)n[V→N]-–nge[N→V][V][Intr][Intrg][3Sg]

------------------------
Ataka angyaghllalguuq.

ataka	ata-~–ke[N→V][V][Intr][Intrg][3Sg]
ataka	ata-~–ke[N→N][N][Abs][Unpd][Sg]
ataka	ata[N][Abs][1SgPoss][SgPosd]

angyaghllalguuq	angyagh-–ghllag[N→N]-–leg[N→N]-~:(ng₁)u[N→V][V][Intr][Ind][3Sg]
angyaghllalguuq	angyagh-–ghllag[N→N]-–lgu[N→V][V][Intr][Ind][3Sg]
angyaghllalguuq	angyagh-–ghllak[N→N]-–leg[N→N]-~:(ng₁)u[N→V][V][Intr][Ind][3Sg]
angyaghllalguuq	angyagh-–ghllak[N→N]-–lgu[N→V][V][Intr][Ind][3Sg]
angyaghllalguuq	Angyat-–ghllag[N→N]-–leg[N→N]-~:(ng₁)u[N→V][V][Intr][Ind][3Sg]
angyaghllalguuq	Angyat-–ghllag[N→N]-–lgu[N→V][V][Intr][Ind][3Sg]
angyaghllalguuq	Angyat-–ghllak[N→N]-–leg[N→N]-~:(ng₁)u[N→V][V][Intr][Ind][3Sg]
angyaghllalguuq	Angyat-–ghllak[N→N]-–lgu[N→V][V][Intr][Ind][3Sg]

------------------------
Naan qulmesiitelguuq.

naan	na-@₁~:(u)te[V→V]-@₁~:(u)n[V→N][N][Abs][Unpd][Sg]
naan	na-@₁~:(u)n[V→N]-–ghte[N→V]-@₁~:(u)n[V→N][N][Abs][Unpd][Sg]
naan	na-@₁~:(u)n[V→N]-–ghte[N→V]-te[V→V]-@₁~:(u)n[V→N][N][Abs][Unpd][Sg]
naan	na-te[V→V]-@₁~:(u)n[V→N][N][Abs][Unpd][Sg]
naan	na-~:(u)te[V→V]-@₁~:(u)n[V→N][N][Abs][Unpd][Sg]
naan	na-~:(u)te[V→N]-te[N→V]-@₁~:(u)n[V→N][N][Abs][Unpd][Sg]
naan	na-–ghte[V→V]-@₁~:(u)n[V→N][N][Abs][Unpd][Sg]
naan	na[V][Trns][Ind][2Sg][3Sg]
naan	naa[N][Abs][2SgPoss][SgPosd]

qulmesiitelguuq	qulmesiite-–leg[N→N]-~:(ng₁)u[N→V][V][Intr][Ind][3Sg]
qulmesiitelguuq	qulmesiite-–lgu[N→V][V][Intr][Ind][3Sg]

------------------------
Panigten aghnaghaghllaguut.

panigten	panig-–ghte[N→V][V][Intr][Opt][PRS][2Sg]
panigten	panig[N][Abs][2SgPoss][PlPosd]
panigten	panig-te[N→V][V][Intr][Opt][PRS][2Sg]
panigten	panig[N][Abs][2SgPoss][PlPosd]

aghnaghaghllaguut	aghnagh-–ghagh*[N→N]-–ghllag[N→N]-~:(ng₁)u[N→V][V][Intr][Ind][3Pl]
aghnaghaghllaguut	aghnaghagh*-–ghllag[N→N]-~:(ng₁)u[N→V][V][Intr][Ind][3Pl]
aghnaghaghllaguut	aghnagh-aq[V→N]-–ghllag[N→N]-~:(ng₁)u[N→V][V][Intr][Ind][3Pl]
aghnaghaghllaguut	aghnagh-agh[N→V]-–ghllag[V→V]-~:(ng₁)u[V→V][V][Intr][Ind][3Pl]
aghnaghaghllaguut	aghnagh-agh[N→V]-–ghllagu[V→V][V][Intr][Ind][3Pl]

------------------------
Ighneghenka gguteghllalguut.

ighneghenka	ighnegh[N][Abs][1SgPoss][PlPosd]

gguteghllalguut	ggute-–ghllag[N→N]-–leg[N→N]-~:(ng₁)u[N→V][V][Intr][Ind][3Pl]
gguteghllalguut	ggute-–ghllag[N→N]-–lgu[N→V][V][Intr][Ind][3Pl]
gguteghllalguut	ggute-–ghllak[N→N]-–leg[N→N]-~:(ng₁)u[N→V][V][Intr][Ind][3Pl]
gguteghllalguut	ggute-–ghllak[N→N]-–lgu[N→V][V][Intr][Ind][3Pl]

------------------------
Gguutka seghleghuuq.

gguutka	ggute-~–ke[N→V][V][Intr][Intrg][3Sg]
gguutka	ggute-~–ke[N→N][N][Abs][Unpd][Sg]
gguutka	ggute[N][Abs][1SgPoss][SgPosd]

seghleghuuq	seghlegh-~:(ng₁)u[N→V][V][Intr][Ind][3Sg]
seghleghuuq	seghleghu[V][Intr][Ind][3Sg]

------------------------
Qiighwenka taakut.

qiighwenka	qiighw[N][Abs][1SgPoss][PlPosd]

taakut	taake[V][Intr][Ind][3Pl]

------------------------
Nengyuqa pinightuq.

nengyuqa	ne-–nge[N→V]-@₁~f–yu[V→N][N][Abs][Unpd][Sg]-qa[Encl]
nengyuqa	ne-–nge[N→V]-@₁~f–yu[V→N]-qe[N→V][V][Intr][Intrg][3Sg]
nengyuqa	ne-–nge[N→V]-@₁~f–yu[V→N]-qe[N→N][N][Abs][Unpd][Sg]
nengyuqa	nenge-@₁~f–yu[V→N][N][Abs][Unpd][Sg]-qa[Encl]
nengyuqa	nenge-@₁~f–yu[V→N]-qe[N→V][V][Intr][Intrg][3Sg]
nengyuqa	nenge-@₁~f–yu[V→N]-qe[N→N][N][Abs][Unpd][Sg]
nengyuqa	nengte-@₁~f–yu[V→N][N][Abs][Unpd][Sg]-qa[Encl]
nengyuqa	nengte-@₁~f–yu[V→N]-qe[N→V][V][Intr][Intrg][3Sg]
nengyuqa	nengte-@₁~f–yu[V→N]-qe[N→N][N][Abs][Unpd][Sg]
nengyuqa	nengyugh-~–ke[N→V][V][Intr][Intrg][3Sg]
nengyuqa	nengyugh-~–ke[N→N][N][Abs][Unpd][Sg]
nengyuqa	nengyugh[N][Abs][1SgPoss][SgPosd]

pinightuq	pi-@₁~:(u)te[V→V]-@₁~fni[V→V]-@₁~:(u)n[V→N]-–ghte[N→V][V][Intr][Ind][3Sg]
pinightuq	pi-@₁~:(u)te[V→V]-@₁~fni[V→V]-–ghte[V→V][V][Intr][Ind][3Sg]
pinightuq	pi-@₁~:(u)te[V→V]-@₁~fni[Cmpd_Vbl]-@₁~:(u)n[V→N]-–ghte[N→V][V][Intr][Ind][3Sg]
pinightuq	pi-@₁~:(u)te[V→V]-@₁~fni[Cmpd_Vbl]-–ghte[V→V][V][Intr][Ind][3Sg]
pinightuq	pi-@₁~:(u)n[V→N]-~:(ng₁)igh[N→V]-–ghte[V→V][V][Intr][Ind][3Sg]
pinightuq	pi-@₁~:(u)n[V→N]-~:(ng₁)igh[N→V][V][Intr][Ind][3Sg]
pinightuq	pi-@₁~:(u)n[V→N]-~:(ng₁)igh[N→V]-te[V→V][V][Intr][Ind][3Sg]
pinightuq	pi-@₁~:(u)n[V→N]-––igh[N→V]-–ghte[V→V][V][Intr][Ind][3Sg]
pinightuq	pi-@₁~:(u)n[V→N]-––igh[N→V][V][Intr][Ind][3Sg]
pinightuq	pi-@₁~:(u)n[V→N]-––igh[N→V]-te[V→V][V][Intr][Ind][3Sg]
pinightuq	pi-@₁~fni[V→V]-@₁~:(u)n[V→N]-–ghte[N→V][V][Intr][Ind][3Sg]
pinightuq	pi-@₁~fni[V→V]-–ghte[V→V][V][Intr][Ind][3Sg]
pinightuq	pi-@₁~fni[Cmpd_Vbl]-@₁~:(u)n[V→N]-–ghte[N→V][V][Intr][Ind][3Sg]
pinightuq	pi-@₁~fni[Cmpd_Vbl]-–ghte[V→V][V][Intr][Ind][3Sg]
pinightuq	pi-~:(u)te[V→V]-@₁~fni[V→V]-@₁~:(u)n[V→N]-–ghte[N→V][V][Intr][Ind][3Sg]
pinightuq	pi-~:(u)te[V→V]-@₁~fni[V→V]-–ghte[V→V][V][Intr][Ind][3Sg]
pinightuq	pi-~:(u)te[V→V]-@₁~fni[Cmpd_Vbl]-@₁~:(u)n[V→N]-–ghte[N→V][V][Intr][Ind][3Sg]
pinightuq	pi-~:(u)te[V→V]-@₁~fni[Cmpd_Vbl]-–ghte[V→V][V][Intr][Ind][3Sg]
pinightuq	pi-~fniq[V→N]-–ghte[N→V][V][Intr][Ind][3Sg]
pinightuq	pinegh-––i[N→V]-@₁~:(u)n[V→N]-–ghte[N→V][V][Intr][Ind][3Sg]
pinightuq	pinegh-––i[N→V]-–ghte[V→V][V][Intr][Ind][3Sg]
pinightuq	pinegh-––igh[N→V]-–ghte[V→V][V][Intr][Ind][3Sg]
pinightuq	pinegh-––igh[N→V][V][Intr][Ind][3Sg]
pinightuq	pinegh-––igh[N→V]-te[V→V][V][Intr][Ind][3Sg]
pinightuq	pinigh-–ghte[V→V][V][Intr][Ind][3Sg]
pinightuq	pinigh[V][Intr][Ind][3Sg]
pinightuq	pinigh-te[V→V][V][Intr][Ind][3Sg]
pinightuq	pi-neq[V→N]-––i[N→V]-@₁~:(u)n[V→N]-–ghte[N→V][V][Intr][Ind][3Sg]
pinightuq	pi-neq[V→N]-––i[N→V]-–ghte[V→V][V][Intr][Ind][3Sg]
pinightuq	pi-neq[V→N]-––igh[N→V]-–ghte[V→V][V][Intr][Ind][3Sg]
pinightuq	pi-neq[V→N]-––igh[N→V][V][Intr][Ind][3Sg]
pinightuq	pi-neq[V→N]-––igh[N→V]-te[V→V][V][Intr][Ind][3Sg]
pinightuq	pi-ni[N→N]-–ghte[N→V][V][Intr][Ind][3Sg]

------------------------
Eltughaanka qikmilguut.

eltughaanka	elte-te[V→V]-@₁~:(u)n[V→N]-–ghagh*[N→N][N][Abs][1SgPoss][PlPosd]
eltughaanka	eltughagh*[N][Abs][1SgPoss][PlPosd]

qikmilguut	qikmigh-––i[N→V]-@₁~:(u)n[V→N]-–leg[N→N]-~:(ng₁)u[N→V][V][Intr][Ind][3Pl]
qikmilguut	qikmigh-––i[N→V]-@₁~:(u)n[V→N]-–lgu[N→V][V][Intr][Ind][3Pl]
qikmilguut	qikmigh-–leg[N→N]-~:(ng₁)u[N→V][V][Intr][Ind][3Pl]
qikmilguut	qikmigh-–lgu[N→V][V][Intr][Ind][3Pl]

------------------------
Nuyaqatakestaaghhaaguq.

------------------------
Aghnaghllaget tagiit mangteghameng.

aghnaghllaget	aghnagh-–ghllag[N→N][N][Abs][Unpd][Pl]
aghnaghllaget	aghnagh-–ghllag[N→N][N][Rel][Unpd][Pl]
aghnaghllaget	aghnagh-–ghllaget[AUG]

tagiit	tagi[V][Intr][Intrg][3Pl]
tagiit	tagi[V][Intr][Ind][3Pl]
tagiit	tagi[V][Trns][Ind][3Du][3Sg]
tagiit	tagi[V][Trns][Ind][3Pl][3Pl]
tagiit	tagi[V][Trns][Ind][3Pl][3Sg]

mangteghameng	mangteghagh[N][Abl_Mod][Unpd][Sg]
mangteghameng	mangteghagh[N][Rel][4DuPoss][PlPosd]
mangteghameng	mangteghagh[N][Rel][4DuPoss][SgPosd]
mangteghameng	mangteghagh[N][Rel][4PlPoss][PlPosd]
mangteghameng	mangteghagh[N][Rel][4PlPoss][SgPosd]

------------------------
Qulmesiitka eslequq meghmeng.

qulmesiitka	qulmesiite-~–ke[N→V][V][Intr][Intrg][3Sg]
qulmesiitka	qulmesiite-~–ke[N→N][N][Abs][Unpd][Sg]
qulmesiitka	qulmesiite[N][Abs][1SgPoss][SgPosd]

eslequq	este-@₁lleqe[V→V][V][Intr][Ind][3Sg]
eslequq	esleqe[V][Intr][Ind][3Sg]
eslequq	eslequgh[N][Abs][Unpd][Sg]

meghmeng	megh[N][Abl_Mod][Unpd][Sg]
meghmeng	megh[N][Rel][4DuPoss][PlPosd]
meghmeng	megh[N][Rel][4DuPoss][SgPosd]
meghmeng	megh[N][Rel][4PlPoss][PlPosd]
meghmeng	megh[N][Rel][4PlPoss][SgPosd]

------------------------
Yavlun pinightuq.

yavlun	yavlu[N][Abs][2SgPoss][SgPosd]

pinightuq	pi-@₁~:(u)te[V→V]-@₁~fni[V→V]-@₁~:(u)n[V→N]-–ghte[N→V][V][Intr][Ind][3Sg]
pinightuq	pi-@₁~:(u)te[V→V]-@₁~fni[V→V]-–ghte[V→V][V][Intr][Ind][3Sg]
pinightuq	pi-@₁~:(u)te[V→V]-@₁~fni[Cmpd_Vbl]-@₁~:(u)n[V→N]-–ghte[N→V][V][Intr][Ind][3Sg]
pinightuq	pi-@₁~:(u)te[V→V]-@₁~fni[Cmpd_Vbl]-–ghte[V→V][V][Intr][Ind][3Sg]
pinightuq	pi-@₁~:(u)n[V→N]-~:(ng₁)igh[N→V]-–ghte[V→V][V][Intr][Ind][3Sg]
pinightuq	pi-@₁~:(u)n[V→N]-~:(ng₁)igh[N→V][V][Intr][Ind][3Sg]
pinightuq	pi-@₁~:(u)n[V→N]-~:(ng₁)igh[N→V]-te[V→V][V][Intr][Ind][3Sg]
pinightuq	pi-@₁~:(u)n[V→N]-––igh[N→V]-–ghte[V→V][V][Intr][Ind][3Sg]
pinightuq	pi-@₁~:(u)n[V→N]-––igh[N→V][V][Intr][Ind][3Sg]
pinightuq	pi-@₁~:(u)n[V→N]-––igh[N→V]-te[V→V][V][Intr][Ind][3Sg]
pinightuq	pi-@₁~fni[V→V]-@₁~:(u)n[V→N]-–ghte[N→V][V][Intr][Ind][3Sg]
pinightuq	pi-@₁~fni[V→V]-–ghte[V→V][V][Intr][Ind][3Sg]
pinightuq	pi-@₁~fni[Cmpd_Vbl]-@₁~:(u)n[V→N]-–ghte[N→V][V][Intr][Ind][3Sg]
pinightuq	pi-@₁~fni[Cmpd_Vbl]-–ghte[V→V][V][Intr][Ind][3Sg]
pinightuq	pi-~:(u)te[V→V]-@₁~fni[V→V]-@₁~:(u)n[V→N]-–ghte[N→V][V][Intr][Ind][3Sg]
pinightuq	pi-~:(u)te[V→V]-@₁~fni[V→V]-–ghte[V→V][V][Intr][Ind][3Sg]
pinightuq	pi-~:(u)te[V→V]-@₁~fni[Cmpd_Vbl]-@₁~:(u)n[V→N]-–ghte[N→V][V][Intr][Ind][3Sg]
pinightuq	pi-~:(u)te[V→V]-@₁~fni[Cmpd_Vbl]-–ghte[V→V][V][Intr][Ind][3Sg]
pinightuq	pi-~fniq[V→N]-–ghte[N→V][V][Intr][Ind][3Sg]
pinightuq	pinegh-––i[N→V]-@₁~:(u)n[V→N]-–ghte[N→V][V][Intr][Ind][3Sg]
pinightuq	pinegh-––i[N→V]-–ghte[V→V][V][Intr][Ind][3Sg]
pinightuq	pinegh-––igh[N→V]-–ghte[V→V][V][Intr][Ind][3Sg]
pinightuq	pinegh-––igh[N→V][V][Intr][Ind][3Sg]
pinightuq	pinegh-––igh[N→V]-te[V→V][V][Intr][Ind][3Sg]
pinightuq	pinigh-–ghte[V→V][V][Intr][Ind][3Sg]
pinightuq	pinigh[V][Intr][Ind][3Sg]
pinightuq	pinigh-te[V→V][V][Intr][Ind][3Sg]
pinightuq	pi-neq[V→N]-––i[N→V]-@₁~:(u)n[V→N]-–ghte[N→V][V][Intr][Ind][3Sg]
pinightuq	pi-neq[V→N]-––i[N→V]-–ghte[V→V][V][Intr][Ind][3Sg]
pinightuq	pi-neq[V→N]-––igh[N→V]-–ghte[V→V][V][Intr][Ind][3Sg]
pinightuq	pi-neq[V→N]-––igh[N→V][V][Intr][Ind][3Sg]
pinightuq	pi-neq[V→N]-––igh[N→V]-te[V→V][V][Intr][Ind][3Sg]
pinightuq	pi-ni[N→N]-–ghte[N→V][V][Intr][Ind][3Sg]

------------------------
Nanevgaq qiighwllalguuq.

nanevgaq	nanevgagh[N][Abs][Unpd][Sg]

qiighwllalguuq	qiighw-–ghllag[N→N]-–leg[N→N]-~:(ng₁)u[N→V][V][Intr][Ind][3Sg]
qiighwllalguuq	qiighw-–ghllag[N→N]-–lgu[N→V][V][Intr][Ind][3Sg]
qiighwllalguuq	qiighw-–ghllak[N→N]-–leg[N→N]-~:(ng₁)u[N→V][V][Intr][Ind][3Sg]
qiighwllalguuq	qiighw-–ghllak[N→N]-–lgu[N→V][V][Intr][Ind][3Sg]

------------------------
Laluramkek iyataghtuk.

laluramkek	Laluramke[N][Abs][Unpd][Du]
laluramkek	Laluramke[N][Rel][Unpd][Du]

iyataghtuk	iyatagh-–ghte[V→V][V][Intr][Ind][3Du]
iyataghtuk	iyatagh[V][Intr][Ind][3Du]
iyataghtuk	iyatagh-te[V→V][V][Intr][Ind][3Du]

------------------------
Nunan anigulguuq.

nunan	ne-te[N→V]-@₁~:(u)n[V→N][N][Rel][3SgPoss][SgPosd]
nunan	ne-te[N→V]-@₁~:(u)n[V→N][N][Rel][3SgPoss][PlPosd]
nunan	nuna[N][Abs][2SgPoss][SgPosd]

anigulguuq	anigu-–leg[N→N]-~:(ng₁)u[N→V][V][Intr][Ind][3Sg]
anigulguuq	anigu-–lgu[N→V][V][Intr][Ind][3Sg]

------------------------
Kaviighet riigteghllalguut.

kaviighet	kaviigh[N][Abs][Unpd][Pl]
kaviighet	kaviigh[N][Rel][Unpd][Pl]

riigteghllalguut	riigte-–ghllag[N→N]-–leg[N→N]-~:(ng₁)u[N→V][V][Intr][Ind][3Pl]
riigteghllalguut	riigte-–ghllag[N→N]-–lgu[N→V][V][Intr][Ind][3Pl]
riigteghllalguut	riigte-–ghllak[N→N]-–leg[N→N]-~:(ng₁)u[N→V][V][Intr][Ind][3Pl]
riigteghllalguut	riigte-–ghllak[N→N]-–lgu[N→V][V][Intr][Ind][3Pl]

------------------------
Mekelghiighet neghtut neghsameng.

mekelghiighet	mekelghiigh[N][Abs][Unpd][Pl]
mekelghiighet	mekelghiigh[N][Rel][Unpd][Pl]

neghtut	ne-–ghte[N→V][V][Intr][Ind][3Pl]
neghtut	negh-–ghte[V→V][V][Intr][Ind][3Pl]
neghtut	negh[V][Intr][Ind][3Pl]
neghtut	negh-te[V→V][V][Intr][Ind][3Pl]

neghsameng	ne-–ghte[N→V]-te[V→V][V][Intr][CnsqI][4Pl]
neghsameng	ne-–ghte[N→V][V][Intr][CnsqI][4Pl]
neghsameng	negh-–ghte[V→V][V][Intr][CnsqI][4Pl]
neghsameng	negh-te[V→V][V][Intr][CnsqI][4Pl]
neghsameng	neghe-te[V→V][V][Intr][CnsqI][4Pl]
neghsameng	neghsagh[N][Abl_Mod][Unpd][Sg]
neghsameng	neghsagh[N][Rel][4DuPoss][PlPosd]
neghsameng	neghsagh[N][Rel][4DuPoss][SgPosd]
neghsameng	neghsagh[N][Rel][4PlPoss][PlPosd]
neghsameng	neghsagh[N][Rel][4PlPoss][SgPosd]

------------------------
Nengyugka nagatuk qikmighllagmeng.

nengyugka	ne-–nge[N→V]-@₁~f–yu[V→N][N][Abs][1SgPoss][DuPosd]
nengyugka	nenge-@₁~f–yu[V→N][N][Abs][1SgPoss][DuPosd]
nengyugka	nengte-@₁~f–yu[V→N][N][Abs][1SgPoss][DuPosd]
nengyugka	nengyugh[N][Abs][1SgPoss][DuPosd]

nagatuk	nagate[V][Intr][Ind][3Du]

qikmighllagmeng	qikmigh-––i[N→V]-@₁~:(u)n[V→N]-–ghllag[N→N][N][Abl_Mod][Unpd][Sg]
qikmighllagmeng	qikmigh-––i[N→V]-@₁~:(u)n[V→N]-–ghllag[N→N][N][Rel][4DuPoss][PlPosd]
qikmighllagmeng	qikmigh-––i[N→V]-@₁~:(u)n[V→N]-–ghllag[N→N][N][Rel][4DuPoss][SgPosd]
qikmighllagmeng	qikmigh-––i[N→V]-@₁~:(u)n[V→N]-–ghllag[N→N][N][Rel][4PlPoss][PlPosd]
qikmighllagmeng	qikmigh-––i[N→V]-@₁~:(u)n[V→N]-–ghllag[N→N][N][Rel][4PlPoss][SgPosd]
qikmighllagmeng	qikmigh-–ghllag[N→N][N][Abl_Mod][Unpd][Sg]
qikmighllagmeng	qikmigh-–ghllag[N→N][N][Rel][4DuPoss][PlPosd]
qikmighllagmeng	qikmigh-–ghllag[N→N][N][Rel][4DuPoss][SgPosd]
qikmighllagmeng	qikmigh-–ghllag[N→N][N][Rel][4PlPoss][PlPosd]
qikmighllagmeng	qikmigh-–ghllag[N→N][N][Rel][4PlPoss][SgPosd]

------------------------
Aawhllaget kuuvut.

kuuvut	kuuve[V][Intr][Ind][3Pl]

------------------------
Yaywaali iiggeghllalguuq.

yaywaali	yaywaali[N][Abs][Unpd][Sg]
yaywaali	yaywaale-––i[N→V][V][Intr][Opt][PRS][2Sg]

iiggeghllalguuq	iigge-–ghllag[N→N]-–leg[N→N]-~:(ng₁)u[N→V][V][Intr][Ind][3Sg]
iiggeghllalguuq	iigge-–ghllag[N→N]-–lgu[N→V][V][Intr][Ind][3Sg]
iiggeghllalguuq	iigge-–ghllak[N→N]-–leg[N→N]-~:(ng₁)u[N→V][V][Intr][Ind][3Sg]
iiggeghllalguuq	iigge-–ghllak[N→N]-–lgu[N→V][V][Intr][Ind][3Sg]

------------------------
Qikmiiguq.

qikmiiguq	qikmigh-––ii[N→V][V][Intr][Ind][3Sg]
qikmiiguq	qikmigh-––igh[N→V]-~:(ng₁)u[V→V][V][Intr][Ind][3Sg]
qikmiiguq	qikmigh-~:(ng₁)u[N→V][V][Intr][Ind][3Sg]

------------------------
Ungaziq nunanguuq.

ungaziq	Ungazigh[N][Abs][Unpd][Sg]

nunanguuq	ne-te[N→V]-@₁~:(u)n[V→N]-agh[N→V]-–ngu[V→V][V][Intr][Ind][3Sg]
nunanguuq	nuna-~:(ng₁)u[N→V][V][Intr][Ind][3Sg]
nunanguuq	nuna-–ngu[N→V][V][Intr][Ind][3Sg]

------------------------
Kaamgegken taakuk.

kaamgegken	kameg[N][Abs][2SgPoss][DuPosd]

taakuk	taake[V][Intr][Ind][3Du]

------------------------
Sikigllaget tagiit riigtemeng.

sikigllaget	sikig-–ghllag[N→N][N][Abs][Unpd][Pl]
sikigllaget	sikig-–ghllag[N→N][N][Rel][Unpd][Pl]

tagiit	tagi[V][Intr][Intrg][3Pl]
tagiit	tagi[V][Intr][Ind][3Pl]
tagiit	tagi[V][Trns][Ind][3Du][3Sg]
tagiit	tagi[V][Trns][Ind][3Pl][3Pl]
tagiit	tagi[V][Trns][Ind][3Pl][3Sg]

riigtemeng	riigte[N][Abl_Mod][Unpd][Sg]
riigtemeng	riigte[N][Rel][4DuPoss][PlPosd]
riigtemeng	riigte[N][Rel][4DuPoss][SgPosd]
riigtemeng	riigte[N][Rel][4PlPoss][PlPosd]
riigtemeng	riigte[N][Rel][4PlPoss][SgPosd]

------------------------
Ukaziq neghtuq vegmeng.

ukaziq	ukazigh[N][Abs][Unpd][Sg]

neghtuq	ne-–ghte[N→V][V][Intr][Ind][3Sg]
neghtuq	negh-–ghte[V→V][V][Intr][Ind][3Sg]
neghtuq	negh[V][Intr][Ind][3Sg]
neghtuq	negh-te[V→V][V][Intr][Ind][3Sg]

vegmeng	veg[N][Abl_Mod][Unpd][Sg]
vegmeng	veg[N][Rel][4DuPoss][PlPosd]
vegmeng	veg[N][Rel][4DuPoss][SgPosd]
vegmeng	veg[N][Rel][4PlPoss][PlPosd]
vegmeng	veg[N][Rel][4PlPoss][SgPosd]

------------------------
Aqelqat laluramkenguut.

aqelqat	aqelqagh[N][Abs][Unpd][Pl]
aqelqat	aqelqagh[N][Rel][Unpd][Pl]

laluramkenguut	Laluramke-~:(ng₁)u[N→V][V][Intr][Ind][3Pl]
laluramkenguut	Laluramke-–ngu[N→V][V][Intr][Ind][3Pl]

------------------------
Yugllak uginguuq.

yugllak	yug-–ghllag[N→N][N][Abs][Unpd][Sg]
yugllak	yug-–ghllak[N→N][N][Abs][Unpd][Sg]
yugllak	yu(u)g-–ghllag[N→N][N][Abs][Unpd][Sg]
yugllak	yu(u)g-–ghllak[N→N][N][Abs][Unpd][Sg]

uginguuq	ugi-~:(ng₁)u[N→V][V][Intr][Ind][3Sg]
uginguuq	ugi-–ngu[N→V][V][Intr][Ind][3Sg]

------------------------
Ighneghten aghulaqut naayvaghllagmeng.

ighneghten	ighnegh-–ghte[N→V][V][Intr][Opt][PRS][2Sg]
ighneghten	ighnegh[N][Abs][2SgPoss][PlPosd]
ighneghten	ighnegh-te[N→V][V][Intr][Opt][PRS][2Sg]
ighneghten	ighnegh[N][Abs][2SgPoss][PlPosd]

aghulaqut	aghulaqe[V][Intr][Ind][3Pl]
aghulaqut	aghula-qe[N→V][V][Intr][Ind][3Pl]

naayvaghllagmeng	Naayvagh-–ghllag[N→N][N][Abl_Mod][Unpd][Sg]
naayvaghllagmeng	Naayvagh-–ghllag[N→N][N][Rel][4DuPoss][PlPosd]
naayvaghllagmeng	Naayvagh-–ghllag[N→N][N][Rel][4DuPoss][SgPosd]
naayvaghllagmeng	Naayvagh-–ghllag[N→N][N][Rel][4PlPoss][PlPosd]
naayvaghllagmeng	Naayvagh-–ghllag[N→N][N][Rel][4PlPoss][SgPosd]
naayvaghllagmeng	Naayvaghllag[N][Abl_Mod][Unpd][Sg]
naayvaghllagmeng	Naayvaghllag[N][Rel][4DuPoss][PlPosd]
naayvaghllagmeng	Naayvaghllag[N][Rel][4DuPoss][SgPosd]
naayvaghllagmeng	Naayvaghllag[N][Rel][4PlPoss][PlPosd]
naayvaghllagmeng	Naayvaghllag[N][Rel][4PlPoss][SgPosd]
naayvaghllagmeng	naayvagh-–ghllag[N→N][N][Abl_Mod][Unpd][Sg]
naayvaghllagmeng	naayvagh-–ghllag[N→N][N][Rel][4DuPoss][PlPosd]
naayvaghllagmeng	naayvagh-–ghllag[N→N][N][Rel][4DuPoss][SgPosd]
naayvaghllagmeng	naayvagh-–ghllag[N→N][N][Rel][4PlPoss][PlPosd]
naayvaghllagmeng	naayvagh-–ghllag[N→N][N][Rel][4PlPoss][SgPosd]

------------------------
