Qikmiqa neghaquq anipameng.

qikmiqa	qikmigh-––igh[N→V]-@*@₂~sf–(g₂)k(a)e[V→N][N][Abs][Unpd][Sg]
qikmiqa	qikmigh-––iqe[N→V][V][Intr][Intrg][3Sg]
qikmiqa	qikmigh-~–ke[N→V][V][Intr][Intrg][3Sg]
qikmiqa	qikmigh-~–ke[N→N][N][Abs][Unpd][Sg]
qikmiqa	qikmigh[N][Abs][1SgPoss][SgPosd]

neghaquq	ne-–ghagh*[N→N]-~–ke[N→V][V][Intr][Ind][3Sg]
neghaquq	negh-~(g₁)aqe[V→V][V][Intr][Ind][3Sg]
neghaquq	neghe-~(g₁)aqe[V→V][V][Intr][Ind][3Sg]
neghaquq	negh-aq[V→N]-~–ke[N→V][V][Intr][Ind][3Sg]

anipameng	anipa[N][Abl_Mod][Unpd][Sg]
anipameng	anipa[N][Rel][4DuPoss][PlPosd]
anipameng	anipa[N][Rel][4DuPoss][SgPosd]
anipameng	anipa[N][Rel][4PlPoss][PlPosd]
anipameng	anipa[N][Rel][4PlPoss][SgPosd]

------------------------
Aghnaghllagem ighneghi neghellequt akuutameng aqavzilegmeng.

aghnaghllagem	aghnagh-–ghllag[N→N][N][Rel][Unpd][Sg]

ighneghi	ighnegh[N][Abs][3SgPoss][PlPosd]
ighneghi	ighneghagh-––i[N→V][V][Intr][Opt][PRS][2Sg]

neghellequt	neghe-te[V→V]-@₁lleqe[V→V][V][Intr][Ind][3Pl]
neghellequt	neghe-–lleq[V→N]-~–ke[N→V][V][Intr][Ind][3Pl]
neghellequt	neghe-@₁lleqe[V→V][V][Intr][Ind][3Pl]

akuutameng	akugh-–ghte[N→V]-@₁~:(u)ta[V→N][N][Abl_Mod][Unpd][Sg]
akuutameng	akugh-–ghte[N→V]-@₁~:(u)ta[V→N][N][Rel][4DuPoss][PlPosd]
akuutameng	akugh-–ghte[N→V]-@₁~:(u)ta[V→N][N][Rel][4DuPoss][SgPosd]
akuutameng	akugh-–ghte[N→V]-@₁~:(u)ta[V→N][N][Rel][4PlPoss][PlPosd]
akuutameng	akugh-–ghte[N→V]-@₁~:(u)ta[V→N][N][Rel][4PlPoss][SgPosd]
akuutameng	akugh-–ghte[N→V]-te[V→V]-@₁~:(u)ta[V→N][N][Abl_Mod][Unpd][Sg]
akuutameng	akugh-–ghte[N→V]-te[V→V]-@₁~:(u)ta[V→N][N][Rel][4DuPoss][PlPosd]
akuutameng	akugh-–ghte[N→V]-te[V→V]-@₁~:(u)ta[V→N][N][Rel][4DuPoss][SgPosd]
akuutameng	akugh-–ghte[N→V]-te[V→V]-@₁~:(u)ta[V→N][N][Rel][4PlPoss][PlPosd]
akuutameng	akugh-–ghte[N→V]-te[V→V]-@₁~:(u)ta[V→N][N][Rel][4PlPoss][SgPosd]
akuutameng	akuutagh[N][Abl_Mod][Unpd][Sg]
akuutameng	akuutagh[N][Rel][4DuPoss][PlPosd]
akuutameng	akuutagh[N][Rel][4DuPoss][SgPosd]
akuutameng	akuutagh[N][Rel][4PlPoss][PlPosd]
akuutameng	akuutagh[N][Rel][4PlPoss][SgPosd]
akuutameng	akugh-te[N→V]-@₁~:(u)ta[V→N][N][Abl_Mod][Unpd][Sg]
akuutameng	akugh-te[N→V]-@₁~:(u)ta[V→N][N][Rel][4DuPoss][PlPosd]
akuutameng	akugh-te[N→V]-@₁~:(u)ta[V→N][N][Rel][4DuPoss][SgPosd]
akuutameng	akugh-te[N→V]-@₁~:(u)ta[V→N][N][Rel][4PlPoss][PlPosd]
akuutameng	akugh-te[N→V]-@₁~:(u)ta[V→N][N][Rel][4PlPoss][SgPosd]
akuutameng	akugh-~:(ng₁)u[N→V]-@₁~:(u)ta[V→N][N][Abl_Mod][Unpd][Sg]
akuutameng	akugh-~:(ng₁)u[N→V]-@₁~:(u)ta[V→N][N][Rel][4DuPoss][PlPosd]
akuutameng	akugh-~:(ng₁)u[N→V]-@₁~:(u)ta[V→N][N][Rel][4DuPoss][SgPosd]
akuutameng	akugh-~:(ng₁)u[N→V]-@₁~:(u)ta[V→N][N][Rel][4PlPoss][PlPosd]
akuutameng	akugh-~:(ng₁)u[N→V]-@₁~:(u)ta[V→N][N][Rel][4PlPoss][SgPosd]
akuutameng	akugh-~:(ng₁)u[N→V]-~:(u)ta[V→N][N][Abl_Mod][Unpd][Sg]
akuutameng	akugh-~:(ng₁)u[N→V]-~:(u)ta[V→N][N][Rel][4DuPoss][PlPosd]
akuutameng	akugh-~:(ng₁)u[N→V]-~:(u)ta[V→N][N][Rel][4DuPoss][SgPosd]
akuutameng	akugh-~:(ng₁)u[N→V]-~:(u)ta[V→N][N][Rel][4PlPoss][PlPosd]
akuutameng	akugh-~:(ng₁)u[N→V]-~:(u)ta[V→N][N][Rel][4PlPoss][SgPosd]
akuutameng	akughte-@₁~:(u)ta[V→N][N][Abl_Mod][Unpd][Sg]
akuutameng	akughte-@₁~:(u)ta[V→N][N][Rel][4DuPoss][PlPosd]
akuutameng	akughte-@₁~:(u)ta[V→N][N][Rel][4DuPoss][SgPosd]
akuutameng	akughte-@₁~:(u)ta[V→N][N][Rel][4PlPoss][PlPosd]
akuutameng	akughte-@₁~:(u)ta[V→N][N][Rel][4PlPoss][SgPosd]

aqavzilegmeng	aqavzig-––i[N→V]-@₁~:(u)n[V→N]-–leg[N→N][N][Abl_Mod][Unpd][Sg]
aqavzilegmeng	aqavzig-––i[N→V]-@₁~:(u)n[V→N]-–leg[N→N][N][Rel][4DuPoss][PlPosd]
aqavzilegmeng	aqavzig-––i[N→V]-@₁~:(u)n[V→N]-–leg[N→N][N][Rel][4DuPoss][SgPosd]
aqavzilegmeng	aqavzig-––i[N→V]-@₁~:(u)n[V→N]-–leg[N→N][N][Rel][4PlPoss][PlPosd]
aqavzilegmeng	aqavzig-––i[N→V]-@₁~:(u)n[V→N]-–leg[N→N][N][Rel][4PlPoss][SgPosd]
aqavzilegmeng	aqavzig-–leg[N→N][N][Abl_Mod][Unpd][Sg]
aqavzilegmeng	aqavzig-–leg[N→N][N][Rel][4DuPoss][PlPosd]
aqavzilegmeng	aqavzig-–leg[N→N][N][Rel][4DuPoss][SgPosd]
aqavzilegmeng	aqavzig-–leg[N→N][N][Rel][4PlPoss][PlPosd]
aqavzilegmeng	aqavzig-–leg[N→N][N][Rel][4PlPoss][SgPosd]

------------------------
Yugem qikmii siguteghllalguut.

yugem	yu(u)g[N][Rel][Unpd][Sg]
yugem	yug[N][Rel][Unpd][Sg]

qikmii	qikmigh-––i[N→V][V][Intr][Intrg][3Sg]
qikmii	qikmigh-––igh[N→V]-~:(ng₁)u[V→V][V][Intr][Opt][PRS][2Sg]
qikmii	qikmigh-––igh[N→V][V][Intr][Opt][PRS][2Sg]
qikmii	qikmigh-~:(ng₁)u[N→V][V][Intr][Opt][PRS][2Sg]
qikmii	qikmigh[N][Abs][3SgPoss][SgPosd]
qikmii	qikmigh[N][Abs][3SgPoss][PlPosd]

siguteghllalguut	sigute-–ghllag[N→N]-–leg[N→N]-~:(ng₁)u[N→V][V][Intr][Ind][3Pl]
siguteghllalguut	sigute-–ghllag[N→N]-–lgu[N→V][V][Intr][Ind][3Pl]
siguteghllalguut	sigute-–ghllak[N→N]-–leg[N→N]-~:(ng₁)u[N→V][V][Intr][Ind][3Pl]
siguteghllalguut	sigute-–ghllak[N→N]-–lgu[N→V][V][Intr][Ind][3Pl]

------------------------
Atughnaqunga suflugameng.

atughnaqunga	atugh-@₁~fnaq[V→N]-~–ke[N→V]-@₁~:(u)n[V→N]-–nge[N→V][V][Intr][Intrg][3Sg]
atughnaqunga	atugh-@₁~fnaq[V→N]-~–ke[N→V]-te[V→V]-@₁~:(u)n[V→N]-–nge[N→V][V][Intr][Intrg][3Sg]
atughnaqunga	atugh-@₁~fnaq[V→N]-~–ke[N→V][V][Intr][Ind][1Sg]
atughnaqunga	atugh-@₁~fnaq[V→N]-~–ke[N→N]-te[N→V]-@₁~:(u)n[V→N]-–nge[N→V][V][Intr][Intrg][3Sg]
atughnaqunga	atugh-@₁~fnaq[V→N]-~–ke[N→N]-te[N→V]-te[V→V]-@₁~:(u)n[V→N]-–nge[N→V][V][Intr][Intrg][3Sg]
atughnaqunga	atugh-@₁~fna[V→V]-–qu[V→V]-@₁~:(u)n[V→N]-–nge[N→V][V][Intr][Intrg][3Sg]
atughnaqunga	atugh-@₁~fna[V→V]-–qu[V→V]-~fnga[V→V][V][Intr][Opt][PRS][2Sg]
atughnaqunga	atugh-@₁~fna[V→V]-–qu[V→V][V][Trns][Opt][PRS][2Sg][1Sg]
atughnaqunga	atugh-@₁~fnagh[V→V]-@*@₂~sf–(g₂)k(a)e[V→N]-te[N→V]-@₁~:(u)n[V→N]-–nge[N→V][V][Intr][Intrg][3Sg]
atughnaqunga	atugh-@₁~fnagh[V→V]-@*@₂~sf–(g₂)k(a)e[V→N]-te[N→V]-te[V→V]-@₁~:(u)n[V→N]-–nge[N→V][V][Intr][Intrg][3Sg]
atughnaqunga	atugh-@₁~fnagh[V→V]-–qu[V→V]-@₁~:(u)n[V→N]-–nge[N→V][V][Intr][Intrg][3Sg]
atughnaqunga	atugh-@₁~fnagh[V→V]-–qu[V→V]-~fnga[V→V][V][Intr][Opt][PRS][2Sg]
atughnaqunga	atugh-@₁~fnagh[V→V]-–qu[V→V][V][Trns][Opt][PRS][2Sg][1Sg]
atughnaqunga	atugh-@₁~fnaqe[V→V]-@₁~:(u)n[V→N]-–nge[N→V][V][Intr][Intrg][3Sg]
atughnaqunga	atugh-@₁~fnaqe[V→V]-te[V→V]-@₁~:(u)n[V→N]-–nge[N→V][V][Intr][Intrg][3Sg]
atughnaqunga	atugh-@₁~fnaqe[V→V][V][Intr][Ind][1Sg]
atughnaqunga	atugh-@₁~fnaqe[V→N]-te[N→V]-@₁~:(u)n[V→N]-–nge[N→V][V][Intr][Intrg][3Sg]
atughnaqunga	atugh-@₁~fnaqe[V→N]-te[N→V]-te[V→V]-@₁~:(u)n[V→N]-–nge[N→V][V][Intr][Intrg][3Sg]
atughnaqunga	atugh-@₁~fnaq[V→N]-te[N→V]-@₁~:(u)n[V→N]-–nge[N→V][V][Intr][Intrg][3Sg]
atughnaqunga	atugh-@₁~fnaq[V→N]-te[N→V]-te[V→V]-@₁~:(u)n[V→N]-–nge[N→V][V][Intr][Intrg][3Sg]
atughnaqunga	atugh-@₁~fnaq[V→N]-~:(ng₁)u[N→V]-@₁~:(u)n[V→N]-–nge[N→V][V][Intr][Intrg][3Sg]
atughnaqunga	atugh-@₁~fnaq[V→N]-~:(ng₁)u[N→V]-~fnga[V→V][V][Intr][Opt][PRS][2Sg]
atughnaqunga	atugh-@₁~fnaq[V→N]-~:(ng₁)u[N→V][V][Trns][Opt][PRS][2Sg][1Sg]

suflugameng	suflugagh[N][Abl_Mod][Unpd][Sg]
suflugameng	suflugagh[N][Rel][4DuPoss][PlPosd]
suflugameng	suflugagh[N][Rel][4DuPoss][SgPosd]
suflugameng	suflugagh[N][Rel][4PlPoss][PlPosd]
suflugameng	suflugagh[N][Rel][4PlPoss][SgPosd]

------------------------
Apeghtughistem nulaa iflaaq.

apeghtughistem	apeghtughiste[N][Rel][Unpd][Sg]

nulaa	nula[V][Intr][Intrg][3Sg]
nulaa	nula[V][Trns][Ind][3Sg][3Sg]
nulaa	nulugh[N][Abs][3SgPoss][SgPosd]
nulaa	nulugh[V][Intr][Opt][PRS][2Sg]

iflaaq	ifla[V][Intr][Ind][3Sg]
iflaaq	ifla[V][Trns][Ind][3Sg][3Du]
iflaaq	ifla-aq[V→N][N][Abs][Unpd][Sg]

------------------------
Aqelqat igleghtaqut Sivuqaghmeng Sivungaghmun.

aqelqat	aqelqagh[N][Abs][Unpd][Pl]
aqelqat	aqelqagh[N][Rel][Unpd][Pl]

igleghtaqut	igleghte-~(g₁)aqe[V→V][V][Intr][Ind][3Pl]

sivungaghmun	Sivungagh*-~fmete[N→V]-@₁~:(u)n[V→N][N][Abs][Unpd][Sg]
sivungaghmun	Sivungagh*-~fmete[N→V]-te[V→V]-@₁~:(u)n[V→N][N][Abs][Unpd][Sg]
sivungaghmun	Sivungagh*[N][Ter][Unpd][Sg]
sivungaghmun	sivugh-–ngagh[V→V]-mete[V→V]-@₁~:(u)n[V→N][N][Abs][Unpd][Sg]

------------------------
Siivanlleghet nulughaqut naayvami.

siivanlleghet	siivanllegh[N][Abs][Unpd][Pl]
siivanlleghet	siivanllegh[N][Rel][Unpd][Pl]

nulughaqut	ne-te[N→V]-@₁~:(u)n[V→N]-–luk[N→N]-–ghagh*[N→N]-~–ke[N→V][V][Intr][Ind][3Pl]
nulughaqut	nulugh-–ghagh*[N→N]-~–ke[N→V][V][Intr][Ind][3Pl]
nulughaqut	nulugh-~(g₁)aqe[V→V][V][Intr][Ind][3Pl]
nulughaqut	nulugh-aq[V→N]-~–ke[N→V][V][Intr][Ind][3Pl]

naayvami	Naayvagh[N][Loc][Unpd][Sg]
naayvami	Naayvagh[N][Rel][4SgPoss][PlPosd]
naayvami	Naayvagh[N][Rel][4SgPoss][SgPosd]
naayvami	naayvagh[N][Loc][Unpd][Sg]
naayvami	naayvagh[N][Rel][4SgPoss][PlPosd]
naayvami	naayvagh[N][Rel][4SgPoss][SgPosd]

------------------------
Esghaataqukut ighaleqetaaghmeng.

esghaataqukut	esghagh-–ghte[V→V]-@₁~:(u)te[V→V]-~(g₁)aqe[V→V]-@₁~:(u)n[V→N]-~–ke[N→V][V][Intr][Ind][3Pl]
esghaataqukut	esghagh-–ghte[V→V]-@₁~:(u)te[V→V]-~(g₁)aqe[V→V]-te[V→V]-@₁~:(u)n[V→N]-~–ke[N→V][V][Intr][Ind][3Pl]
esghaataqukut	esghagh-–ghte[V→V]-@₁~:(u)te[V→V]-~(g₁)aqe[V→V][V][Intr][Ind][1Pl]
esghaataqukut	esghagh-–ghte[V→V]-@₁~:(u)taq[V→N]-~–ke[N→V]-@₁~:(u)n[V→N]-~–ke[N→V][V][Intr][Ind][3Pl]
esghaataqukut	esghagh-–ghte[V→V]-@₁~:(u)taq[V→N]-~–ke[N→V]-te[V→V]-@₁~:(u)n[V→N]-~–ke[N→V][V][Intr][Ind][3Pl]
esghaataqukut	esghagh-–ghte[V→V]-@₁~:(u)taq[V→N]-~–ke[N→V][V][Intr][Ind][1Pl]
esghaataqukut	esghagh-–ghte[V→V]-@₁~:(u)taq[V→N]-~–ke[N→N]-te[N→V]-@₁~:(u)n[V→N]-~–ke[N→V][V][Intr][Ind][3Pl]
esghaataqukut	esghagh-–ghte[V→V]-@₁~:(u)taq[V→N]-~–ke[N→N]-te[N→V]-te[V→V]-@₁~:(u)n[V→N]-~–ke[N→V][V][Intr][Ind][3Pl]
esghaataqukut	esghagh-–ghte[V→V]-@₁~:(u)ta[V→N]-qe[N→V]-@₁~:(u)n[V→N]-~–ke[N→V][V][Intr][Ind][3Pl]
esghaataqukut	esghagh-–ghte[V→V]-@₁~:(u)ta[V→N]-qe[N→V]-te[V→V]-@₁~:(u)n[V→N]-~–ke[N→V][V][Intr][Ind][3Pl]
esghaataqukut	esghagh-–ghte[V→V]-@₁~:(u)ta[V→N]-qe[N→V][V][Intr][Ind][1Pl]
esghaataqukut	esghagh-–ghte[V→V]-@₁~:(u)ta[V→N]-qe[N→N]-te[N→V]-@₁~:(u)n[V→N]-~–ke[N→V][V][Intr][Ind][3Pl]
esghaataqukut	esghagh-–ghte[V→V]-@₁~:(u)ta[V→N]-qe[N→N]-te[N→V]-te[V→V]-@₁~:(u)n[V→N]-~–ke[N→V][V][Intr][Ind][3Pl]
esghaataqukut	esghagh-–ghte[V→V]-@₁~:(u)ta[V→N]-qu[N→V]-@₁~:(u)n[V→N]-~–ke[N→V][V][Intr][Ind][3Pl]
esghaataqukut	esghagh-–ghte[V→V]-@₁~:(u)ta[V→N]-qu[N→V][V][Trns][Opt][PRS][2Sg][1Pl]
esghaataqukut	esghagh-–ghte[V→V]-@₁~:(u)ta[V→N]-qu[N→V][V][Trns][Intrg][2Pl][1Pl]
esghaataqukut	esghagh-–ghte[V→V]-@₁~:(u)taq[V→N]-te[N→V]-@₁~:(u)n[V→N]-~–ke[N→V][V][Intr][Ind][3Pl]
esghaataqukut	esghagh-–ghte[V→V]-@₁~:(u)taq[V→N]-te[N→V]-te[V→V]-@₁~:(u)n[V→N]-~–ke[N→V][V][Intr][Ind][3Pl]
esghaataqukut	esghagh-–ghte[V→V]-@₁~:(u)taq[V→N]-~:(ng₁)u[N→V]-@₁~:(u)n[V→N]-~–ke[N→V][V][Intr][Ind][3Pl]
esghaataqukut	esghagh-–ghte[V→V]-@₁~:(u)taq[V→N]-~:(ng₁)u[N→V][V][Trns][Opt][PRS][2Sg][1Pl]
esghaataqukut	esghagh-–ghte[V→V]-@₁~:(u)taq[V→N]-~:(ng₁)u[N→V][V][Trns][Intrg][2Pl][1Pl]
esghaataqukut	esghaate-~(g₁)aqe[V→V]-@₁~:(u)n[V→N]-~–ke[N→V][V][Intr][Ind][3Pl]
esghaataqukut	esghaate-~(g₁)aqe[V→V]-te[V→V]-@₁~:(u)n[V→N]-~–ke[N→V][V][Intr][Ind][3Pl]
esghaataqukut	esghaate-~(g₁)aqe[V→V][V][Intr][Ind][1Pl]
esghaataqukut	esghagh-@₁~:(u)te[V→V]-~(g₁)aqe[V→V]-@₁~:(u)n[V→N]-~–ke[N→V][V][Intr][Ind][3Pl]
esghaataqukut	esghagh-@₁~:(u)te[V→V]-~(g₁)aqe[V→V]-te[V→V]-@₁~:(u)n[V→N]-~–ke[N→V][V][Intr][Ind][3Pl]
esghaataqukut	esghagh-@₁~:(u)te[V→V]-~(g₁)aqe[V→V][V][Intr][Ind][1Pl]
esghaataqukut	esghagh-@₁~:(u)taq[V→N]-~–ke[N→V]-@₁~:(u)n[V→N]-~–ke[N→V][V][Intr][Ind][3Pl]
esghaataqukut	esghagh-@₁~:(u)taq[V→N]-~–ke[N→V]-te[V→V]-@₁~:(u)n[V→N]-~–ke[N→V][V][Intr][Ind][3Pl]
esghaataqukut	esghagh-@₁~:(u)taq[V→N]-~–ke[N→V][V][Intr][Ind][1Pl]
esghaataqukut	esghagh-@₁~:(u)taq[V→N]-~–ke[N→N]-te[N→V]-@₁~:(u)n[V→N]-~–ke[N→V][V][Intr][Ind][3Pl]
esghaataqukut	esghagh-@₁~:(u)taq[V→N]-~–ke[N→N]-te[N→V]-te[V→V]-@₁~:(u)n[V→N]-~–ke[N→V][V][Intr][Ind][3Pl]
esghaataqukut	esghagh-@₁~:(u)ta[V→N]-qe[N→V]-@₁~:(u)n[V→N]-~–ke[N→V][V][Intr][Ind][3Pl]
esghaataqukut	esghagh-@₁~:(u)ta[V→N]-qe[N→V]-te[V→V]-@₁~:(u)n[V→N]-~–ke[N→V][V][Intr][Ind][3Pl]
esghaataqukut	esghagh-@₁~:(u)ta[V→N]-qe[N→V][V][Intr][Ind][1Pl]
esghaataqukut	esghagh-@₁~:(u)ta[V→N]-qe[N→N]-te[N→V]-@₁~:(u)n[V→N]-~–ke[N→V][V][Intr][Ind][3Pl]
esghaataqukut	esghagh-@₁~:(u)ta[V→N]-qe[N→N]-te[N→V]-te[V→V]-@₁~:(u)n[V→N]-~–ke[N→V][V][Intr][Ind][3Pl]
esghaataqukut	esghagh-@₁~:(u)ta[V→N]-qu[N→V]-@₁~:(u)n[V→N]-~–ke[N→V][V][Intr][Ind][3Pl]
esghaataqukut	esghagh-@₁~:(u)ta[V→N]-qu[N→V][V][Trns][Opt][PRS][2Sg][1Pl]
esghaataqukut	esghagh-@₁~:(u)ta[V→N]-qu[N→V][V][Trns][Intrg][2Pl][1Pl]
esghaataqukut	esghagh-@₁~:(u)taq[V→N]-te[N→V]-@₁~:(u)n[V→N]-~–ke[N→V][V][Intr][Ind][3Pl]
esghaataqukut	esghagh-@₁~:(u)taq[V→N]-te[N→V]-te[V→V]-@₁~:(u)n[V→N]-~–ke[N→V][V][Intr][Ind][3Pl]
esghaataqukut	esghagh-@₁~:(u)taq[V→N]-~:(ng₁)u[N→V]-@₁~:(u)n[V→N]-~–ke[N→V][V][Intr][Ind][3Pl]
esghaataqukut	esghagh-@₁~:(u)taq[V→N]-~:(ng₁)u[N→V][V][Trns][Opt][PRS][2Sg][1Pl]
esghaataqukut	esghagh-@₁~:(u)taq[V→N]-~:(ng₁)u[N→V][V][Trns][Intrg][2Pl][1Pl]
esghaataqukut	esghagh-te[V→V]-@₁~:(u)te[V→V]-~(g₁)aqe[V→V]-@₁~:(u)n[V→N]-~–ke[N→V][V][Intr][Ind][3Pl]
esghaataqukut	esghagh-te[V→V]-@₁~:(u)te[V→V]-~(g₁)aqe[V→V]-te[V→V]-@₁~:(u)n[V→N]-~–ke[N→V][V][Intr][Ind][3Pl]
esghaataqukut	esghagh-te[V→V]-@₁~:(u)te[V→V]-~(g₁)aqe[V→V][V][Intr][Ind][1Pl]
esghaataqukut	esghagh-te[V→V]-@₁~:(u)taq[V→N]-~–ke[N→V]-@₁~:(u)n[V→N]-~–ke[N→V][V][Intr][Ind][3Pl]
esghaataqukut	esghagh-te[V→V]-@₁~:(u)taq[V→N]-~–ke[N→V]-te[V→V]-@₁~:(u)n[V→N]-~–ke[N→V][V][Intr][Ind][3Pl]
esghaataqukut	esghagh-te[V→V]-@₁~:(u)taq[V→N]-~–ke[N→V][V][Intr][Ind][1Pl]
esghaataqukut	esghagh-te[V→V]-@₁~:(u)taq[V→N]-~–ke[N→N]-te[N→V]-@₁~:(u)n[V→N]-~–ke[N→V][V][Intr][Ind][3Pl]
esghaataqukut	esghagh-te[V→V]-@₁~:(u)taq[V→N]-~–ke[N→N]-te[N→V]-te[V→V]-@₁~:(u)n[V→N]-~–ke[N→V][V][Intr][Ind][3Pl]
esghaataqukut	esghagh-te[V→V]-@₁~:(u)ta[V→N]-qe[N→V]-@₁~:(u)n[V→N]-~–ke[N→V][V][Intr][Ind][3Pl]
esghaataqukut	esghagh-te[V→V]-@₁~:(u)ta[V→N]-qe[N→V]-te[V→V]-@₁~:(u)n[V→N]-~–ke[N→V][V][Intr][Ind][3Pl]
esghaataqukut	esghagh-te[V→V]-@₁~:(u)ta[V→N]-qe[N→V][V][Intr][Ind][1Pl]
esghaataqukut	esghagh-te[V→V]-@₁~:(u)ta[V→N]-qe[N→N]-te[N→V]-@₁~:(u)n[V→N]-~–ke[N→V][V][Intr][Ind][3Pl]
esghaataqukut	esghagh-te[V→V]-@₁~:(u)ta[V→N]-qe[N→N]-te[N→V]-te[V→V]-@₁~:(u)n[V→N]-~–ke[N→V][V][Intr][Ind][3Pl]
esghaataqukut	esghagh-te[V→V]-@₁~:(u)ta[V→N]-qu[N→V]-@₁~:(u)n[V→N]-~–ke[N→V][V][Intr][Ind][3Pl]
esghaataqukut	esghagh-te[V→V]-@₁~:(u)ta[V→N]-qu[N→V][V][Trns][Opt][PRS][2Sg][1Pl]
esghaataqukut	esghagh-te[V→V]-@₁~:(u)ta[V→N]-qu[N→V][V][Trns][Intrg][2Pl][1Pl]
esghaataqukut	esghagh-te[V→V]-@₁~:(u)taq[V→N]-te[N→V]-@₁~:(u)n[V→N]-~–ke[N→V][V][Intr][Ind][3Pl]
esghaataqukut	esghagh-te[V→V]-@₁~:(u)taq[V→N]-te[N→V]-te[V→V]-@₁~:(u)n[V→N]-~–ke[N→V][V][Intr][Ind][3Pl]
esghaataqukut	esghagh-te[V→V]-@₁~:(u)taq[V→N]-~:(ng₁)u[N→V]-@₁~:(u)n[V→N]-~–ke[N→V][V][Intr][Ind][3Pl]
esghaataqukut	esghagh-te[V→V]-@₁~:(u)taq[V→N]-~:(ng₁)u[N→V][V][Trns][Opt][PRS][2Sg][1Pl]
esghaataqukut	esghagh-te[V→V]-@₁~:(u)taq[V→N]-~:(ng₁)u[N→V][V][Trns][Intrg][2Pl][1Pl]
esghaataqukut	esghagh-~:(ng₁)u[V→V]-@₁~:(u)te[V→V]-~(g₁)aqe[V→V]-@₁~:(u)n[V→N]-~–ke[N→V][V][Intr][Ind][3Pl]
esghaataqukut	esghagh-~:(ng₁)u[V→V]-@₁~:(u)te[V→V]-~(g₁)aqe[V→V]-te[V→V]-@₁~:(u)n[V→N]-~–ke[N→V][V][Intr][Ind][3Pl]
esghaataqukut	esghagh-~:(ng₁)u[V→V]-@₁~:(u)te[V→V]-~(g₁)aqe[V→V][V][Intr][Ind][1Pl]
esghaataqukut	esghagh-~:(ng₁)u[V→V]-@₁~:(u)taq[V→N]-~–ke[N→V]-@₁~:(u)n[V→N]-~–ke[N→V][V][Intr][Ind][3Pl]
esghaataqukut	esghagh-~:(ng₁)u[V→V]-@₁~:(u)taq[V→N]-~–ke[N→V]-te[V→V]-@₁~:(u)n[V→N]-~–ke[N→V][V][Intr][Ind][3Pl]
esghaataqukut	esghagh-~:(ng₁)u[V→V]-@₁~:(u)taq[V→N]-~–ke[N→V][V][Intr][Ind][1Pl]
esghaataqukut	esghagh-~:(ng₁)u[V→V]-@₁~:(u)taq[V→N]-~–ke[N→N]-te[N→V]-@₁~:(u)n[V→N]-~–ke[N→V][V][Intr][Ind][3Pl]
esghaataqukut	esghagh-~:(ng₁)u[V→V]-@₁~:(u)taq[V→N]-~–ke[N→N]-te[N→V]-te[V→V]-@₁~:(u)n[V→N]-~–ke[N→V][V][Intr][Ind][3Pl]
esghaataqukut	esghagh-~:(ng₁)u[V→V]-@₁~:(u)ta[V→N]-qe[N→V]-@₁~:(u)n[V→N]-~–ke[N→V][V][Intr][Ind][3Pl]
esghaataqukut	esghagh-~:(ng₁)u[V→V]-@₁~:(u)ta[V→N]-qe[N→V]-te[V→V]-@₁~:(u)n[V→N]-~–ke[N→V][V][Intr][Ind][3Pl]
esghaataqukut	esghagh-~:(ng₁)u[V→V]-@₁~:(u)ta[V→N]-qe[N→V][V][Intr][Ind][1Pl]
esghaataqukut	esghagh-~:(ng₁)u[V→V]-@₁~:(u)ta[V→N]-qe[N→N]-te[N→V]-@₁~:(u)n[V→N]-~–ke[N→V][V][Intr][Ind][3Pl]
esghaataqukut	esghagh-~:(ng₁)u[V→V]-@₁~:(u)ta[V→N]-qe[N→N]-te[N→V]-te[V→V]-@₁~:(u)n[V→N]-~–ke[N→V][V][Intr][Ind][3Pl]
esghaataqukut	esghagh-~:(ng₁)u[V→V]-@₁~:(u)ta[V→N]-qu[N→V]-@₁~:(u)n[V→N]-~–ke[N→V][V][Intr][Ind][3Pl]
esghaataqukut	esghagh-~:(ng₁)u[V→V]-@₁~:(u)ta[V→N]-qu[N→V][V][Trns][Opt][PRS][2Sg][1Pl]
esghaataqukut	esghagh-~:(ng₁)u[V→V]-@₁~:(u)ta[V→N]-qu[N→V][V][Trns][Intrg][2Pl][1Pl]
esghaataqukut	esghagh-~:(ng₁)u[V→V]-@₁~:(u)taq[V→N]-te[N→V]-@₁~:(u)n[V→N]-~–ke[N→V][V][Intr][Ind][3Pl]
esghaataqukut	esghagh-~:(ng₁)u[V→V]-@₁~:(u)taq[V→N]-te[N→V]-te[V→V]-@₁~:(u)n[V→N]-~–ke[N→V][V][Intr][Ind][3Pl]
esghaataqukut	esghagh-~:(ng₁)u[V→V]-@₁~:(u)taq[V→N]-~:(ng₁)u[N→V]-@₁~:(u)n[V→N]-~–ke[N→V][V][Intr][Ind][3Pl]
esghaataqukut	esghagh-~:(ng₁)u[V→V]-@₁~:(u)taq[V→N]-~:(ng₁)u[N→V][V][Trns][Opt][PRS][2Sg][1Pl]
esghaataqukut	esghagh-~:(ng₁)u[V→V]-@₁~:(u)taq[V→N]-~:(ng₁)u[N→V][V][Trns][Intrg][2Pl][1Pl]
esghaataqukut	esghagh-~:(ng₁)u[V→V]-~:(u)te[V→V]-~(g₁)aqe[V→V]-@₁~:(u)n[V→N]-~–ke[N→V][V][Intr][Ind][3Pl]
esghaataqukut	esghagh-~:(ng₁)u[V→V]-~:(u)te[V→V]-~(g₁)aqe[V→V]-te[V→V]-@₁~:(u)n[V→N]-~–ke[N→V][V][Intr][Ind][3Pl]
esghaataqukut	esghagh-~:(ng₁)u[V→V]-~:(u)te[V→V]-~(g₁)aqe[V→V][V][Intr][Ind][1Pl]
esghaataqukut	esghagh-~:(ng₁)u[V→V]-~:(u)ta[V→N]-qe[N→V]-@₁~:(u)n[V→N]-~–ke[N→V][V][Intr][Ind][3Pl]
esghaataqukut	esghagh-~:(ng₁)u[V→V]-~:(u)ta[V→N]-qe[N→V]-te[V→V]-@₁~:(u)n[V→N]-~–ke[N→V][V][Intr][Ind][3Pl]
esghaataqukut	esghagh-~:(ng₁)u[V→V]-~:(u)ta[V→N]-qe[N→V][V][Intr][Ind][1Pl]
esghaataqukut	esghagh-~:(ng₁)u[V→V]-~:(u)ta[V→N]-qe[N→N]-te[N→V]-@₁~:(u)n[V→N]-~–ke[N→V][V][Intr][Ind][3Pl]
esghaataqukut	esghagh-~:(ng₁)u[V→V]-~:(u)ta[V→N]-qe[N→N]-te[N→V]-te[V→V]-@₁~:(u)n[V→N]-~–ke[N→V][V][Intr][Ind][3Pl]
esghaataqukut	esghagh-~:(ng₁)u[V→V]-~:(u)ta[V→N]-qu[N→V]-@₁~:(u)n[V→N]-~–ke[N→V][V][Intr][Ind][3Pl]
esghaataqukut	esghagh-~:(ng₁)u[V→V]-~:(u)ta[V→N]-qu[N→V][V][Trns][Opt][PRS][2Sg][1Pl]
esghaataqukut	esghagh-~:(ng₁)u[V→V]-~:(u)ta[V→N]-qu[N→V][V][Trns][Intrg][2Pl][1Pl]
esghaataqukut	esghagh-~:(ng₁)u[V→V]-te[V→V]-~(g₁)aqe[V→V]-@₁~:(u)n[V→N]-~–ke[N→V][V][Intr][Ind][3Pl]
esghaataqukut	esghagh-~:(ng₁)u[V→V]-te[V→V]-~(g₁)aqe[V→V]-te[V→V]-@₁~:(u)n[V→N]-~–ke[N→V][V][Intr][Ind][3Pl]
esghaataqukut	esghagh-~:(ng₁)u[V→V]-te[V→V]-~(g₁)aqe[V→V][V][Intr][Ind][1Pl]
esghaataqukut	esghagh-~:(ng₁)u[V→V]-tagh[V→V]-@*@₂~sf–(g₂)k(a)e[V→N]-te[N→V]-@₁~:(u)n[V→N]-~–ke[N→V][V][Intr][Ind][3Pl]
esghaataqukut	esghagh-~:(ng₁)u[V→V]-tagh[V→V]-@*@₂~sf–(g₂)k(a)e[V→N]-te[N→V]-te[V→V]-@₁~:(u)n[V→N]-~–ke[N→V][V][Intr][Ind][3Pl]
esghaataqukut	esghagh-~:(ng₁)u[V→V]-tagh[V→V]-–qu[V→V]-@₁~:(u)n[V→N]-~–ke[N→V][V][Intr][Ind][3Pl]
esghaataqukut	esghagh-~:(ng₁)u[V→V]-tagh[V→V]-–qu[V→V][V][Trns][Opt][PRS][2Sg][1Pl]
esghaataqukut	esghagh-~:(ng₁)u[V→V]-tagh[V→V]-–qu[V→V][V][Trns][Intrg][2Pl][1Pl]
esghaataqukut	esghagh-~:(u)te[V→V]-~(g₁)aqe[V→V]-@₁~:(u)n[V→N]-~–ke[N→V][V][Intr][Ind][3Pl]
esghaataqukut	esghagh-~:(u)te[V→V]-~(g₁)aqe[V→V]-te[V→V]-@₁~:(u)n[V→N]-~–ke[N→V][V][Intr][Ind][3Pl]
esghaataqukut	esghagh-~:(u)te[V→V]-~(g₁)aqe[V→V][V][Intr][Ind][1Pl]
esghaataqukut	esghagh-~:(u)ta[V→N]-qe[N→V]-@₁~:(u)n[V→N]-~–ke[N→V][V][Intr][Ind][3Pl]
esghaataqukut	esghagh-~:(u)ta[V→N]-qe[N→V]-te[V→V]-@₁~:(u)n[V→N]-~–ke[N→V][V][Intr][Ind][3Pl]
esghaataqukut	esghagh-~:(u)ta[V→N]-qe[N→V][V][Intr][Ind][1Pl]
esghaataqukut	esghagh-~:(u)ta[V→N]-qe[N→N]-te[N→V]-@₁~:(u)n[V→N]-~–ke[N→V][V][Intr][Ind][3Pl]
esghaataqukut	esghagh-~:(u)ta[V→N]-qe[N→N]-te[N→V]-te[V→V]-@₁~:(u)n[V→N]-~–ke[N→V][V][Intr][Ind][3Pl]
esghaataqukut	esghagh-~:(u)ta[V→N]-qu[N→V]-@₁~:(u)n[V→N]-~–ke[N→V][V][Intr][Ind][3Pl]
esghaataqukut	esghagh-~:(u)ta[V→N]-qu[N→V][V][Trns][Opt][PRS][2Sg][1Pl]
esghaataqukut	esghagh-~:(u)ta[V→N]-qu[N→V][V][Trns][Intrg][2Pl][1Pl]
esghaataqukut	esghaghte-@₁~:(u)te[V→V]-~(g₁)aqe[V→V]-@₁~:(u)n[V→N]-~–ke[N→V][V][Intr][Ind][3Pl]
esghaataqukut	esghaghte-@₁~:(u)te[V→V]-~(g₁)aqe[V→V]-te[V→V]-@₁~:(u)n[V→N]-~–ke[N→V][V][Intr][Ind][3Pl]
esghaataqukut	esghaghte-@₁~:(u)te[V→V]-~(g₁)aqe[V→V][V][Intr][Ind][1Pl]
esghaataqukut	esghaghte-@₁~:(u)taq[V→N]-~–ke[N→V]-@₁~:(u)n[V→N]-~–ke[N→V][V][Intr][Ind][3Pl]
esghaataqukut	esghaghte-@₁~:(u)taq[V→N]-~–ke[N→V]-te[V→V]-@₁~:(u)n[V→N]-~–ke[N→V][V][Intr][Ind][3Pl]
esghaataqukut	esghaghte-@₁~:(u)taq[V→N]-~–ke[N→V][V][Intr][Ind][1Pl]
esghaataqukut	esghaghte-@₁~:(u)taq[V→N]-~–ke[N→N]-te[N→V]-@₁~:(u)n[V→N]-~–ke[N→V][V][Intr][Ind][3Pl]
esghaataqukut	esghaghte-@₁~:(u)taq[V→N]-~–ke[N→N]-te[N→V]-te[V→V]-@₁~:(u)n[V→N]-~–ke[N→V][V][Intr][Ind][3Pl]
esghaataqukut	esghaghte-@₁~:(u)ta[V→N]-qe[N→V]-@₁~:(u)n[V→N]-~–ke[N→V][V][Intr][Ind][3Pl]
esghaataqukut	esghaghte-@₁~:(u)ta[V→N]-qe[N→V]-te[V→V]-@₁~:(u)n[V→N]-~–ke[N→V][V][Intr][Ind][3Pl]
esghaataqukut	esghaghte-@₁~:(u)ta[V→N]-qe[N→V][V][Intr][Ind][1Pl]
esghaataqukut	esghaghte-@₁~:(u)ta[V→N]-qe[N→N]-te[N→V]-@₁~:(u)n[V→N]-~–ke[N→V][V][Intr][Ind][3Pl]
esghaataqukut	esghaghte-@₁~:(u)ta[V→N]-qe[N→N]-te[N→V]-te[V→V]-@₁~:(u)n[V→N]-~–ke[N→V][V][Intr][Ind][3Pl]
esghaataqukut	esghaghte-@₁~:(u)ta[V→N]-qu[N→V]-@₁~:(u)n[V→N]-~–ke[N→V][V][Intr][Ind][3Pl]
esghaataqukut	esghaghte-@₁~:(u)ta[V→N]-qu[N→V][V][Trns][Opt][PRS][2Sg][1Pl]
esghaataqukut	esghaghte-@₁~:(u)ta[V→N]-qu[N→V][V][Trns][Intrg][2Pl][1Pl]
esghaataqukut	esghaghte-@₁~:(u)taq[V→N]-te[N→V]-@₁~:(u)n[V→N]-~–ke[N→V][V][Intr][Ind][3Pl]
esghaataqukut	esghaghte-@₁~:(u)taq[V→N]-te[N→V]-te[V→V]-@₁~:(u)n[V→N]-~–ke[N→V][V][Intr][Ind][3Pl]
esghaataqukut	esghaghte-@₁~:(u)taq[V→N]-~:(ng₁)u[N→V]-@₁~:(u)n[V→N]-~–ke[N→V][V][Intr][Ind][3Pl]
esghaataqukut	esghaghte-@₁~:(u)taq[V→N]-~:(ng₁)u[N→V][V][Trns][Opt][PRS][2Sg][1Pl]
esghaataqukut	esghaghte-@₁~:(u)taq[V→N]-~:(ng₁)u[N→V][V][Trns][Intrg][2Pl][1Pl]

ighaleqetaaghmeng	ighaleqetaagh[N][Abl_Mod][Unpd][Sg]
ighaleqetaaghmeng	ighaleqetaagh[N][Rel][4DuPoss][PlPosd]
ighaleqetaaghmeng	ighaleqetaagh[N][Rel][4DuPoss][SgPosd]
ighaleqetaaghmeng	ighaleqetaagh[N][Rel][4PlPoss][PlPosd]
ighaleqetaaghmeng	ighaleqetaagh[N][Rel][4PlPoss][SgPosd]

------------------------
Mekelghiighem nengyaa kakiiquq.

mekelghiighem	mekelghiigh[N][Rel][Unpd][Sg]

nengyaa	ne-–nge[N→V]-@₁~f–yu[V→V][V][Intr][Intrg][3Sg]
nengyaa	ne-–nge[N→V]-@₁~fyagh[V→V]-~:(ng₁)u[V→V][V][Intr][Opt][PRS][2Sg]
nengyaa	ne-–nge[N→V]-@₁~fyagh[V→V][V][Intr][Opt][PRS][2Sg]
nengyaa	nenge-@₁~f–yu[V→V][V][Intr][Intrg][3Sg]
nengyaa	nenge-@₁~fyagh[V→V]-~:(ng₁)u[V→V][V][Intr][Opt][PRS][2Sg]
nengyaa	nenge-@₁~fyagh[V→V][V][Intr][Opt][PRS][2Sg]
nengyaa	nengte-@₁~f–yu[V→V][V][Intr][Intrg][3Sg]
nengyaa	nengte-@₁~fyagh[V→V]-~:(ng₁)u[V→V][V][Intr][Opt][PRS][2Sg]
nengyaa	nengte-@₁~fyagh[V→V][V][Intr][Opt][PRS][2Sg]
nengyaa	nengyugh[N][Abs][3SgPoss][SgPosd]

kakiiquq	kakeg-––i[N→V]-~(g₁)aqe[V→V][V][Intr][Ind][3Sg]
kakiiquq	kakeg-––i[N→V]-––iqe[V→V][V][Intr][Ind][3Sg]
kakiiquq	kakeg-––i[N→V]-aq[V→N]-~–ke[N→V][V][Intr][Ind][3Sg]
kakiiquq	kakagh-––i[N→V]-~(g₁)aqe[V→V][V][Intr][Ind][3Sg]
kakiiquq	kakagh-––i[N→V]-––iqe[V→V][V][Intr][Ind][3Sg]
kakiiquq	kakagh-––i[N→V]-aq[V→N]-~–ke[N→V][V][Intr][Ind][3Sg]
kakiiquq	kaki-ugh[V→V]-––iqe[V→V][V][Intr][Ind][3Sg]
kakiiquq	kaki-~(g₁)aqe[V→V][V][Intr][Ind][3Sg]
kakiiquq	kaki-aq[V→N]-––iqe[N→V][V][Intr][Ind][3Sg]
kakiiquq	kaki-agh[N→V]-––iqe[V→V][V][Intr][Ind][3Sg]
kakiiquq	kaki-––iqe[N→V][V][Intr][Ind][3Sg]
kakiiquq	kaki-––iqe[V→V][V][Intr][Ind][3Sg]
kakiiquq	kakiigh-––iqe[N→V][V][Intr][Ind][3Sg]
kakiiquq	kakiigh-––iqe[V→V][V][Intr][Ind][3Sg]
kakiiquq	kakiigh-~–ke[N→V][V][Intr][Ind][3Sg]
kakiiquq	kaki-aq[V→N]-~–ke[N→V][V][Intr][Ind][3Sg]

------------------------
Yughaghtet taghnughhiit aghulayugtut.

yughaghtet	yughaghte[N][Abs][Unpd][Pl]
yughaghtet	yughaghte[N][Rel][Unpd][Pl]

taghnughhiit	taghnughhagh*[N][Abs][3PlPoss][PlPosd]

aghulayugtut	aghula-@₁~:(u)te[V→V]-@₁~fyug[V→V]-–ghte[V→V][V][Intr][Ind][3Pl]
aghulayugtut	aghula-@₁~:(u)te[V→V]-@₁~fyug[V→V][V][Intr][Ind][3Pl]
aghulayugtut	aghula-@₁~:(u)te[V→V]-@₁~fyug[V→V]-te[V→V][V][Intr][Ind][3Pl]
aghulayugtut	aghula-@₁~fyug[V→V]-–ghte[V→V][V][Intr][Ind][3Pl]
aghulayugtut	aghula-@₁~fyug[V→V][V][Intr][Ind][3Pl]
aghulayugtut	aghula-@₁~fyug[V→V]-te[V→V][V][Intr][Ind][3Pl]
aghulayugtut	aghula-~:(u)te[V→V]-@₁~fyug[V→V]-–ghte[V→V][V][Intr][Ind][3Pl]
aghulayugtut	aghula-~:(u)te[V→V]-@₁~fyug[V→V][V][Intr][Ind][3Pl]
aghulayugtut	aghula-~:(u)te[V→V]-@₁~fyug[V→V]-te[V→V][V][Intr][Ind][3Pl]

------------------------
Teghikusat aanaqut riigteghllagmeng.

teghikusat	teghikusagh[N][Abs][Unpd][Pl]
teghikusat	teghikusagh[N][Rel][Unpd][Pl]

aanaqut	aane-~(g₁)aqe[V→V][V][Intr][Ind][3Pl]

riigteghllagmeng	riigte-–ghllag[N→N][N][Abl_Mod][Unpd][Sg]
riigteghllagmeng	riigte-–ghllag[N→N][N][Rel][4DuPoss][PlPosd]
riigteghllagmeng	riigte-–ghllag[N→N][N][Rel][4DuPoss][SgPosd]
riigteghllagmeng	riigte-–ghllag[N→N][N][Rel][4PlPoss][PlPosd]
riigteghllagmeng	riigte-–ghllag[N→N][N][Rel][4PlPoss][SgPosd]

------------------------
Laluramka akuziiquq Yupigestun.

laluramka	Laluramke[N][Abs][Unpd][Sg]

akuziiquq	akuzi-ugh[V→V]-––iqe[V→V][V][Intr][Ind][3Sg]
akuziiquq	akuzi-~(g₁)aqe[V→V][V][Intr][Ind][3Sg]
akuziiquq	akuzi-aq[V→N]-––iqe[N→V][V][Intr][Ind][3Sg]
akuziiquq	akuzi-––iqe[V→V][V][Intr][Ind][3Sg]
akuziiquq	akuzi-aq[V→N]-~–ke[N→V][V][Intr][Ind][3Sg]

yupigestun	Yupig[N][Equ][Unpd][Pl]
yupigestun	Yupigestun
yupigestun	Yupigestute[N][Abs][Unpd][Sg]

------------------------
Panigegka mesuunanaquk.

panigegka	panig[N][Abs][1SgPoss][DuPosd]

mesuunanaquk	mesuuna-@₁~:(u)te[V→V]-@₁~fnaq[V→N]-~–ke[N→V][V][Intr][Ind][3Du]
mesuunanaquk	mesuuna-@₁~:(u)te[V→V]-@₁~fnaqe[V→V][V][Intr][Ind][3Du]
mesuunanaquk	mesuuna-@₁~fnaq[V→N]-~–ke[N→V][V][Intr][Ind][3Du]
mesuunanaquk	mesuuna-@₁~fnaqe[V→V][V][Intr][Ind][3Du]
mesuunanaquk	mesuuna-~:(u)te[V→V]-@₁~fnaq[V→N]-~–ke[N→V][V][Intr][Ind][3Du]
mesuunanaquk	mesuuna-~:(u)te[V→V]-@₁~fnaqe[V→V][V][Intr][Ind][3Du]
mesuunanaquk	mesugh-~:(ng₁)u[N→V]-@₁~:(u)te[V→V]-@₁~fna[V→V]-@₁~:(u)te[V→V]-@₁~fnaq[V→N]-~–ke[N→V][V][Intr][Ind][3Du]
mesuunanaquk	mesugh-~:(ng₁)u[N→V]-@₁~:(u)te[V→V]-@₁~fna[V→V]-@₁~:(u)te[V→V]-@₁~fnaqe[V→V][V][Intr][Ind][3Du]
mesuunanaquk	mesugh-~:(ng₁)u[N→V]-@₁~:(u)te[V→V]-@₁~fna[V→V]-@₁~fnaq[V→N]-~–ke[N→V][V][Intr][Ind][3Du]
mesuunanaquk	mesugh-~:(ng₁)u[N→V]-@₁~:(u)te[V→V]-@₁~fna[V→V]-@₁~fnaqe[V→V][V][Intr][Ind][3Du]
mesuunanaquk	mesugh-~:(ng₁)u[N→V]-@₁~:(u)te[V→V]-@₁~fna[V→V]-~:(u)te[V→V]-@₁~fnaq[V→N]-~–ke[N→V][V][Intr][Ind][3Du]
mesuunanaquk	mesugh-~:(ng₁)u[N→V]-@₁~:(u)te[V→V]-@₁~fna[V→V]-~:(u)te[V→V]-@₁~fnaqe[V→V][V][Intr][Ind][3Du]
mesuunanaquk	mesugh-~:(ng₁)u[N→V]-@₁~fna[V→V]-@₁~:(u)te[V→V]-@₁~fnaq[V→N]-~–ke[N→V][V][Intr][Ind][3Du]
mesuunanaquk	mesugh-~:(ng₁)u[N→V]-@₁~fna[V→V]-@₁~:(u)te[V→V]-@₁~fnaqe[V→V][V][Intr][Ind][3Du]
mesuunanaquk	mesugh-~:(ng₁)u[N→V]-@₁~fna[V→V]-@₁~fnaq[V→N]-~–ke[N→V][V][Intr][Ind][3Du]
mesuunanaquk	mesugh-~:(ng₁)u[N→V]-@₁~fna[V→V]-@₁~fnaqe[V→V][V][Intr][Ind][3Du]
mesuunanaquk	mesugh-~:(ng₁)u[N→V]-@₁~fna[V→V]-~:(u)te[V→V]-@₁~fnaq[V→N]-~–ke[N→V][V][Intr][Ind][3Du]
mesuunanaquk	mesugh-~:(ng₁)u[N→V]-@₁~fna[V→V]-~:(u)te[V→V]-@₁~fnaqe[V→V][V][Intr][Ind][3Du]
mesuunanaquk	mesugh-~:(ng₁)u[N→V]-~:(u)te[V→V]-@₁~fna[V→V]-@₁~:(u)te[V→V]-@₁~fnaq[V→N]-~–ke[N→V][V][Intr][Ind][3Du]
mesuunanaquk	mesugh-~:(ng₁)u[N→V]-~:(u)te[V→V]-@₁~fna[V→V]-@₁~:(u)te[V→V]-@₁~fnaqe[V→V][V][Intr][Ind][3Du]
mesuunanaquk	mesugh-~:(ng₁)u[N→V]-~:(u)te[V→V]-@₁~fna[V→V]-@₁~fnaq[V→N]-~–ke[N→V][V][Intr][Ind][3Du]
mesuunanaquk	mesugh-~:(ng₁)u[N→V]-~:(u)te[V→V]-@₁~fna[V→V]-@₁~fnaqe[V→V][V][Intr][Ind][3Du]
mesuunanaquk	mesugh-~:(ng₁)u[N→V]-~:(u)te[V→V]-@₁~fna[V→V]-~:(u)te[V→V]-@₁~fnaq[V→N]-~–ke[N→V][V][Intr][Ind][3Du]
mesuunanaquk	mesugh-~:(ng₁)u[N→V]-~:(u)te[V→V]-@₁~fna[V→V]-~:(u)te[V→V]-@₁~fnaqe[V→V][V][Intr][Ind][3Du]

------------------------
Apanga qayumeng meghaquq.

apanga	apa-–nge[N→V][V][Intr][Intrg][3Sg]
apanga	apa[N][Abs][3SgPoss][SgPosd]

qayumeng	qayugh[N][Abl_Mod][Unpd][Sg]
qayumeng	qayugh[N][Rel][4DuPoss][PlPosd]
qayumeng	qayugh[N][Rel][4DuPoss][SgPosd]
qayumeng	qayugh[N][Rel][4PlPoss][PlPosd]
qayumeng	qayugh[N][Rel][4PlPoss][SgPosd]

meghaquq	me-–ghagh*[N→N]-~–ke[N→V][V][Intr][Ind][3Sg]
meghaquq	megh-–ghagh*[N→N]-~–ke[N→V][V][Intr][Ind][3Sg]
meghaquq	megh-~(g₁)aqe[V→V][V][Intr][Ind][3Sg]
meghaquq	meghe-~(g₁)aqe[V→V][V][Intr][Ind][3Sg]
meghaquq	meghagh*-~–ke[N→V][V][Intr][Ind][3Sg]
meghaquq	megh-aq[V→N]-~–ke[N→V][V][Intr][Ind][3Sg]

------------------------
Ighneghten manigmeng neghtut.

ighneghten	ighnegh-–ghte[N→V][V][Intr][Opt][PRS][2Sg]
ighneghten	ighnegh[N][Abs][2SgPoss][PlPosd]
ighneghten	ighnegh-te[N→V][V][Intr][Opt][PRS][2Sg]
ighneghten	ighnegh[N][Abs][2SgPoss][PlPosd]

manigmeng	mani[N][Rel][4DuPoss][DuPosd]
manigmeng	mani[N][Rel][4PlPoss][DuPosd]
manigmeng	manig[N][Abl_Mod][Unpd][Sg]
manigmeng	manig[N][Rel][4DuPoss][PlPosd]
manigmeng	manig[N][Rel][4DuPoss][SgPosd]
manigmeng	manig[N][Rel][4PlPoss][PlPosd]
manigmeng	manig[N][Rel][4PlPoss][SgPosd]

neghtut	ne-–ghte[N→V][V][Intr][Ind][3Pl]
neghtut	negh-–ghte[V→V][V][Intr][Ind][3Pl]
neghtut	negh[V][Intr][Ind][3Pl]
neghtut	negh-te[V→V][V][Intr][Ind][3Pl]

------------------------
Aatghit taakut.

aatghit	ategh[N][Abs][3PlPoss][PlPosd]
aatghit	Ategh[N][Abs][3PlPoss][PlPosd]

taakut	taake[V][Intr][Ind][3Pl]

------------------------
Yugem yavlunga qepghaghllequq unaami.

yugem	yu(u)g[N][Rel][Unpd][Sg]
yugem	yug[N][Rel][Unpd][Sg]

yavlunga	yavlu-–nge[N→V][V][Intr][Intrg][3Sg]
yavlunga	yavlu[N][Abs][3SgPoss][SgPosd]

qepghaghllequq	qepghagh-–ghte[V→V]-@₁lleqe[V→V][V][Intr][Ind][3Sg]
qepghaghllequq	qepghagh-te[V→V]-@₁lleqe[V→V][V][Intr][Ind][3Sg]
qepghaghllequq	qepghagh-@₁lleqe[V→V][V][Intr][Ind][3Sg]

unaami	unaami
unaami	unaami[N][Abs][Unpd][Sg]
unaami	unaami[V][Intr][Opt][PRS][2Sg]

------------------------
Esghaatunga lalalameng vegaaghmi.

esghaatunga	esghagh-–ghte[V→V]-@₁~:(u)n[V→N]-–tu[N→V]-@₁~:(u)n[V→N]-–nge[N→V][V][Intr][Intrg][3Sg]
esghaatunga	esghagh-–ghte[V→V]-@₁~:(u)n[V→N]-–tu[N→V]-~fnga[V→V][V][Intr][Opt][PRS][2Sg]
esghaatunga	esghagh-–ghte[V→V]-@₁~:(u)n[V→N]-–tu[N→V][V][Trns][Opt][PRS][2Sg][1Sg]
esghaatunga	esghagh-–ghte[V→V]-@₁~:(u)te[V→V][V][Intr][Ind][1Sg]
esghaatunga	esghaate-te[V→V]-@₁~:(u)n[V→N]-–nge[N→V][V][Intr][Intrg][3Sg]
esghaatunga	esghaate[V][Intr][Ind][1Sg]
esghaatunga	esghagh-@₁~:(u)n[V→N]-–tu[N→V]-@₁~:(u)n[V→N]-–nge[N→V][V][Intr][Intrg][3Sg]
esghaatunga	esghagh-@₁~:(u)n[V→N]-–tu[N→V]-~fnga[V→V][V][Intr][Opt][PRS][2Sg]
esghaatunga	esghagh-@₁~:(u)n[V→N]-–tu[N→V][V][Trns][Opt][PRS][2Sg][1Sg]
esghaatunga	esghagh-@₁~:(u)te[V→V][V][Intr][Ind][1Sg]
esghaatunga	esghagh-te[V→V]-@₁~:(u)n[V→N]-–tu[N→V]-@₁~:(u)n[V→N]-–nge[N→V][V][Intr][Intrg][3Sg]
esghaatunga	esghagh-te[V→V]-@₁~:(u)n[V→N]-–tu[N→V]-~fnga[V→V][V][Intr][Opt][PRS][2Sg]
esghaatunga	esghagh-te[V→V]-@₁~:(u)n[V→N]-–tu[N→V][V][Trns][Opt][PRS][2Sg][1Sg]
esghaatunga	esghagh-te[V→V]-@₁~:(u)te[V→V][V][Intr][Ind][1Sg]
esghaatunga	esghagh-~:(ng₁)u[V→V]-@₁~:(u)n[V→N]-–tu[N→V]-@₁~:(u)n[V→N]-–nge[N→V][V][Intr][Intrg][3Sg]
esghaatunga	esghagh-~:(ng₁)u[V→V]-@₁~:(u)n[V→N]-–tu[N→V]-~fnga[V→V][V][Intr][Opt][PRS][2Sg]
esghaatunga	esghagh-~:(ng₁)u[V→V]-@₁~:(u)n[V→N]-–tu[N→V][V][Trns][Opt][PRS][2Sg][1Sg]
esghaatunga	esghagh-~:(ng₁)u[V→V]-@₁~:(u)te[V→V][V][Intr][Ind][1Sg]
esghaatunga	esghagh-~:(ng₁)u[V→V]-~:(u)te[V→V][V][Intr][Ind][1Sg]
esghaatunga	esghagh-~:(ng₁)u[V→V]-–tu[V→V]-@₁~:(u)n[V→N]-–nge[N→V][V][Intr][Intrg][3Sg]
esghaatunga	esghagh-~:(ng₁)u[V→V]-–tu[V→V]-~fnga[V→V][V][Intr][Opt][PRS][2Sg]
esghaatunga	esghagh-~:(ng₁)u[V→V]-–tu[V→V][V][Trns][Opt][PRS][2Sg][1Sg]
esghaatunga	esghagh-~:(ng₁)u[V→V]-te[V→V][V][Intr][Ind][1Sg]
esghaatunga	esghagh-~:(ng₁)u[V→V]-tu[V→V]-@₁~:(u)n[V→N]-–nge[N→V][V][Intr][Intrg][3Sg]
esghaatunga	esghagh-~:(ng₁)u[V→V]-tu[V→V]-~fnga[V→V][V][Intr][Opt][PRS][2Sg]
esghaatunga	esghagh-~:(ng₁)u[V→V]-tu[V→V][V][Trns][Opt][PRS][2Sg][1Sg]
esghaatunga	esghagh-~:(u)te[V→V][V][Intr][Ind][1Sg]
esghaatunga	esghagh-~:(u)te[V→N]-te[N→V]-te[V→V]-@₁~:(u)n[V→N]-–nge[N→V][V][Intr][Intrg][3Sg]
esghaatunga	esghaghte-@₁~:(u)n[V→N]-–tu[N→V]-@₁~:(u)n[V→N]-–nge[N→V][V][Intr][Intrg][3Sg]
esghaatunga	esghaghte-@₁~:(u)n[V→N]-–tu[N→V]-~fnga[V→V][V][Intr][Opt][PRS][2Sg]
esghaatunga	esghaghte-@₁~:(u)n[V→N]-–tu[N→V][V][Trns][Opt][PRS][2Sg][1Sg]
esghaatunga	esghaghte-@₁~:(u)te[V→V][V][Intr][Ind][1Sg]

lalalameng	lalala[N][Abl_Mod][Unpd][Sg]
lalalameng	lalala[N][Rel][4DuPoss][PlPosd]
lalalameng	lalala[N][Rel][4DuPoss][SgPosd]
lalalameng	lalala[N][Rel][4PlPoss][PlPosd]
lalalameng	lalala[N][Rel][4PlPoss][SgPosd]

vegaaghmi	vegaagh[N][Abs][Unpd][Sg]-mi[Encl]
vegaaghmi	vegaagh[N][Loc][Unpd][Sg]
vegaaghmi	vegaagh[N][Rel][4SgPoss][PlPosd]
vegaaghmi	vegaagh[N][Rel][4SgPoss][SgPosd]
vegaaghmi	vegaagh*[N][Abs][Unpd][Sg]-mi[Encl]
vegaaghmi	vegaagh*[N][Loc][Unpd][Sg]
vegaaghmi	vegaagh*[N][Rel][4SgPoss][PlPosd]
vegaaghmi	vegaagh*[N][Rel][4SgPoss][SgPosd]

------------------------
Mekelghiighet naangat mangteghami qavaghaquq.

mekelghiighet	mekelghiigh[N][Abs][Unpd][Pl]
mekelghiighet	mekelghiigh[N][Rel][Unpd][Pl]

naangat	na-@₁~:(u)te[V→V]-@₁~:(u)n[V→N]-–nge[N→V][V][Intr][Intrg][3Pl]
naangat	na-@₁~:(u)n[V→N]-–nge[N→V][V][Intr][Intrg][3Pl]
naangat	na-@₁~:(u)n[V→N]-–ghte[N→V]-@₁~:(u)n[V→N]-–nge[N→V][V][Intr][Intrg][3Pl]
naangat	na-@₁~:(u)n[V→N]-–ghte[N→V]-te[V→V]-@₁~:(u)n[V→N]-–nge[N→V][V][Intr][Intrg][3Pl]
naangat	na-te[V→V]-@₁~:(u)n[V→N]-–nge[N→V][V][Intr][Intrg][3Pl]
naangat	na-~:(u)te[V→V]-@₁~:(u)n[V→N]-–nge[N→V][V][Intr][Intrg][3Pl]
naangat	na-~:(u)te[V→N]-te[N→V]-@₁~:(u)n[V→N]-–nge[N→V][V][Intr][Intrg][3Pl]
naangat	na-–ghte[V→V]-@₁~:(u)n[V→N]-–nge[N→V][V][Intr][Intrg][3Pl]
naangat	naa-–nge[N→V][V][Intr][Intrg][3Pl]
naangat	naa[N][Abs][3PlPoss][SgPosd]
naangat	naange[V][Intr][Intrg][3Pl]
naangat	na-aq[V→N]-–nge[N→V][V][Intr][Intrg][3Pl]

mangteghami	mangteghagh[N][Loc][Unpd][Sg]
mangteghami	mangteghagh[N][Rel][4SgPoss][PlPosd]
mangteghami	mangteghagh[N][Rel][4SgPoss][SgPosd]

qavaghaquq	qavagh-–ghagh*[N→N]-~–ke[N→V][V][Intr][Ind][3Sg]
qavaghaquq	qavagh-~(g₁)aqe[V→V][V][Intr][Ind][3Sg]
qavaghaquq	qavagh-aq[V→N]-~–ke[N→V][V][Intr][Ind][3Sg]

------------------------
Sikughllagmeng atughnaqunga.

sikughllagmeng	siku-@₁~:(u)n[V→N]-–ghllag[N→N][N][Abl_Mod][Unpd][Sg]
sikughllagmeng	siku-@₁~:(u)n[V→N]-–ghllag[N→N][N][Rel][4DuPoss][PlPosd]
sikughllagmeng	siku-@₁~:(u)n[V→N]-–ghllag[N→N][N][Rel][4DuPoss][SgPosd]
sikughllagmeng	siku-@₁~:(u)n[V→N]-–ghllag[N→N][N][Rel][4PlPoss][PlPosd]
sikughllagmeng	siku-@₁~:(u)n[V→N]-–ghllag[N→N][N][Rel][4PlPoss][SgPosd]
sikughllagmeng	siku-–ghllag[N→N][N][Abl_Mod][Unpd][Sg]
sikughllagmeng	siku-–ghllag[N→N][N][Rel][4DuPoss][PlPosd]
sikughllagmeng	siku-–ghllag[N→N][N][Rel][4DuPoss][SgPosd]
sikughllagmeng	siku-–ghllag[N→N][N][Rel][4PlPoss][PlPosd]
sikughllagmeng	siku-–ghllag[N→N][N][Rel][4PlPoss][SgPosd]
sikughllagmeng	sikugh*-–ghllag[N→N][N][Abl_Mod][Unpd][Sg]
sikughllagmeng	sikugh*-–ghllag[N→N][N][Rel][4DuPoss][PlPosd]
sikughllagmeng	sikugh*-–ghllag[N→N][N][Rel][4DuPoss][SgPosd]
sikughllagmeng	sikugh*-–ghllag[N→N][N][Rel][4PlPoss][PlPosd]
sikughllagmeng	sikugh*-–ghllag[N→N][N][Rel][4PlPoss][SgPosd]
sikughllagmeng	siku[Imprs_Agnt]-@₁~:(u)n[V→N]-–ghllag[N→N][N][Abl_Mod][Unpd][Sg]
sikughllagmeng	siku[Imprs_Agnt]-@₁~:(u)n[V→N]-–ghllag[N→N][N][Rel][4DuPoss][PlPosd]
sikughllagmeng	siku[Imprs_Agnt]-@₁~:(u)n[V→N]-–ghllag[N→N][N][Rel][4DuPoss][SgPosd]
sikughllagmeng	siku[Imprs_Agnt]-@₁~:(u)n[V→N]-–ghllag[N→N][N][Rel][4PlPoss][PlPosd]
sikughllagmeng	siku[Imprs_Agnt]-@₁~:(u)n[V→N]-–ghllag[N→N][N][Rel][4PlPoss][SgPosd]

atughnaqunga	atugh-@₁~fnaq[V→N]-~–ke[N→V]-@₁~:(u)n[V→N]-–nge[N→V][V][Intr][Intrg][3Sg]
atughnaqunga	atugh-@₁~fnaq[V→N]-~–ke[N→V]-te[V→V]-@₁~:(u)n[V→N]-–nge[N→V][V][Intr][Intrg][3Sg]
atughnaqunga	atugh-@₁~fnaq[V→N]-~–ke[N→V][V][Intr][Ind][1Sg]
atughnaqunga	atugh-@₁~fnaq[V→N]-~–ke[N→N]-te[N→V]-@₁~:(u)n[V→N]-–nge[N→V][V][Intr][Intrg][3Sg]
atughnaqunga	atugh-@₁~fnaq[V→N]-~–ke[N→N]-te[N→V]-te[V→V]-@₁~:(u)n[V→N]-–nge[N→V][V][Intr][Intrg][3Sg]
atughnaqunga	atugh-@₁~fna[V→V]-–qu[V→V]-@₁~:(u)n[V→N]-–nge[N→V][V][Intr][Intrg][3Sg]
atughnaqunga	atugh-@₁~fna[V→V]-–qu[V→V]-~fnga[V→V][V][Intr][Opt][PRS][2Sg]
atughnaqunga	atugh-@₁~fna[V→V]-–qu[V→V][V][Trns][Opt][PRS][2Sg][1Sg]
atughnaqunga	atugh-@₁~fnagh[V→V]-@*@₂~sf–(g₂)k(a)e[V→N]-te[N→V]-@₁~:(u)n[V→N]-–nge[N→V][V][Intr][Intrg][3Sg]
atughnaqunga	atugh-@₁~fnagh[V→V]-@*@₂~sf–(g₂)k(a)e[V→N]-te[N→V]-te[V→V]-@₁~:(u)n[V→N]-–nge[N→V][V][Intr][Intrg][3Sg]
atughnaqunga	atugh-@₁~fnagh[V→V]-–qu[V→V]-@₁~:(u)n[V→N]-–nge[N→V][V][Intr][Intrg][3Sg]
atughnaqunga	atugh-@₁~fnagh[V→V]-–qu[V→V]-~fnga[V→V][V][Intr][Opt][PRS][2Sg]
atughnaqunga	atugh-@₁~fnagh[V→V]-–qu[V→V][V][Trns][Opt][PRS][2Sg][1Sg]
atughnaqunga	atugh-@₁~fnaqe[V→V]-@₁~:(u)n[V→N]-–nge[N→V][V][Intr][Intrg][3Sg]
atughnaqunga	atugh-@₁~fnaqe[V→V]-te[V→V]-@₁~:(u)n[V→N]-–nge[N→V][V][Intr][Intrg][3Sg]
atughnaqunga	atugh-@₁~fnaqe[V→V][V][Intr][Ind][1Sg]
atughnaqunga	atugh-@₁~fnaqe[V→N]-te[N→V]-@₁~:(u)n[V→N]-–nge[N→V][V][Intr][Intrg][3Sg]
atughnaqunga	atugh-@₁~fnaqe[V→N]-te[N→V]-te[V→V]-@₁~:(u)n[V→N]-–nge[N→V][V][Intr][Intrg][3Sg]
atughnaqunga	atugh-@₁~fnaq[V→N]-te[N→V]-@₁~:(u)n[V→N]-–nge[N→V][V][Intr][Intrg][3Sg]
atughnaqunga	atugh-@₁~fnaq[V→N]-te[N→V]-te[V→V]-@₁~:(u)n[V→N]-–nge[N→V][V][Intr][Intrg][3Sg]
atughnaqunga	atugh-@₁~fnaq[V→N]-~:(ng₁)u[N→V]-@₁~:(u)n[V→N]-–nge[N→V][V][Intr][Intrg][3Sg]
atughnaqunga	atugh-@₁~fnaq[V→N]-~:(ng₁)u[N→V]-~fnga[V→V][V][Intr][Opt][PRS][2Sg]
atughnaqunga	atugh-@₁~fnaq[V→N]-~:(ng₁)u[N→V][V][Trns][Opt][PRS][2Sg][1Sg]

------------------------
Tengegkayuk kaannaquq Sivuqaghmeng.

tengegkayuk	tengegkayug[N][Abs][Unpd][Sg]

kaannaquq	kaate-@₁~fnaq[V→N]-~–ke[N→V][V][Intr][Ind][3Sg]
kaannaquq	kaate-@₁~fnaqe[V→V][V][Intr][Ind][3Sg]

------------------------
Naayvam sikunga seghleghuuq.

naayvam	Naayvagh[N][Rel][Unpd][Sg]
naayvam	naayvagh[N][Rel][Unpd][Sg]

sikunga	siku-@₁~:(u)n[V→N]-–nge[N→V][V][Intr][Intrg][3Sg]
sikunga	siku-~fnga[V→V][V][Intr][Opt][PRS][2Sg]
sikunga	siku-–nge[N→V][V][Intr][Intrg][3Sg]
sikunga	siku[N][Abs][3SgPoss][SgPosd]
sikunga	siku[V][Trns][Opt][PRS][2Sg][1Sg]
sikunga	sikugh*-–nge[N→V][V][Intr][Intrg][3Sg]
sikunga	siku[Imprs_Agnt]-@₁~:(u)n[V→N]-–nge[N→V][V][Intr][Intrg][3Sg]
sikunga	siku[Imprs_Agnt]-~fnga[V→V][V][Intr][Opt][PRS][2Sg]
sikunga	siku[Imprs_Agnt][V][Trns][Opt][PRS][2Sg][1Sg]

seghleghuuq	seghlegh-~:(ng₁)u[N→V][V][Intr][Ind][3Sg]
seghleghuuq	seghleghu[V][Intr][Ind][3Sg]

------------------------
Karaket aglaghaqut.

karaket	Karake[N][Abs][Unpd][Pl]
karaket	Karake[N][Rel][Unpd][Pl]

aglaghaqut	aglagh-~(g₁)aqe[V→V][V][Intr][Ind][3Pl]
aglaghaqut	aglagh-aq[V→N]-~–ke[N→V][V][Intr][Ind][3Pl]

------------------------
Yugem walguyaagkek iflaak.

yugem	yu(u)g[N][Rel][Unpd][Sg]
yugem	yug[N][Rel][Unpd][Sg]

walguyaagkek	walguyaag[N][Abs][3SgPoss][DuPosd]

iflaak	ifla[V][Intr][Intrg][3Du]
iflaak	ifla[V][Intr][Ind][3Du]

------------------------
Apeghtughistet nuliighit pagunghaghmeng inghwaaqut.

apeghtughistet	apeghtughiste[N][Abs][Unpd][Pl]
apeghtughistet	apeghtughiste[N][Rel][Unpd][Pl]

nuliighit	nuliigh[N][Abs][3PlPoss][PlPosd]

pagunghaghmeng	pagunghagh*[N][Abl_Mod][Unpd][Sg]
pagunghaghmeng	pagunghagh*[N][Rel][4DuPoss][PlPosd]
pagunghaghmeng	pagunghagh*[N][Rel][4DuPoss][SgPosd]
pagunghaghmeng	pagunghagh*[N][Rel][4PlPoss][PlPosd]
pagunghaghmeng	pagunghagh*[N][Rel][4PlPoss][SgPosd]

inghwaaqut	inghu-~(g₁)aqe[V→V][V][Intr][Ind][3Pl]
inghwaaqut	inghu-aq[V→N]-~–ke[N→V][V][Intr][Ind][3Pl]

------------------------
