Sanaqsin.

sanaqsin	sa-@₁~:(u)te[V→V]-@₁~fnaq[V→N]-~–ke[N→V][V][Intr][Intrg][2Sg]
sanaqsin	sa-@₁~:(u)te[V→V]-@₁~fnaqe[V→V][V][Intr][Intrg][2Sg]
sanaqsin	sa-@₁~:(u)te[V→V]-@₁~fnaq[V→N]-si[N→V]-@₁~:(u)n[V→N][N][Abs][Unpd][Sg]
sanaqsin	sa-@₁~:(u)te[V→V]-@₁~fnaq[V→N]-si[N→V]-~:(u)te[V→N][N][Abs][Unpd][Sg]
sanaqsin	sa-@₁~fnaq[V→N]-~–ke[N→V][V][Intr][Intrg][2Sg]
sanaqsin	sa-@₁~fnaqe[V→V][V][Intr][Intrg][2Sg]
sanaqsin	sa-@₁~fnaq[V→N]-si[N→V]-@₁~:(u)n[V→N][N][Abs][Unpd][Sg]
sanaqsin	sa-@₁~fnaq[V→N]-si[N→V]-~:(u)te[V→N][N][Abs][Unpd][Sg]
sanaqsin	sa-~:(u)te[V→V]-@₁~fnaq[V→N]-~–ke[N→V][V][Intr][Intrg][2Sg]
sanaqsin	sa-~:(u)te[V→V]-@₁~fnaqe[V→V][V][Intr][Intrg][2Sg]
sanaqsin	sa-~:(u)te[V→V]-@₁~fnaq[V→N]-si[N→V]-@₁~:(u)n[V→N][N][Abs][Unpd][Sg]
sanaqsin	sa-~:(u)te[V→V]-@₁~fnaq[V→N]-si[N→V]-~:(u)te[V→N][N][Abs][Unpd][Sg]

------------------------
Sameng neghelleqesta unaami.

sameng	sa[N][Abl_Mod][Unpd][Sg]
sameng	sa[N][Rel][4DuPoss][PlPosd]
sameng	sa[N][Rel][4DuPoss][SgPosd]
sameng	sa[N][Rel][4PlPoss][PlPosd]
sameng	sa[N][Rel][4PlPoss][SgPosd]
sameng	sameng

neghelleqesta	neghe-te[V→V]-@₁lleqe[V→V]-(te)ste[V→V][V][Intr][Intrg][3Sg]
neghelleqesta	neghe-te[V→V]-@₁lleqe[V→V]-(te)ste[Cmpd_Vbl][V][Intr][Intrg][3Sg]
neghelleqesta	neghe-te[V→V]-@₁lleqe[V→V][V][Intr][Intrg][1Pl]
neghelleqesta	neghe-te[V→V]-@₁lleqe[V→V]-(s)ta[V→N][N][Abs][Unpd][Sg]
neghelleqesta	neghe-–lleq[V→N]-~–ke[N→V]-(te)ste[V→V][V][Intr][Intrg][3Sg]
neghelleqesta	neghe-–lleq[V→N]-~–ke[N→V]-(te)ste[Cmpd_Vbl][V][Intr][Intrg][3Sg]
neghelleqesta	neghe-–lleq[V→N]-~–ke[N→V][V][Intr][Intrg][1Pl]
neghelleqesta	neghe-–lleq[V→N]-~–ke[N→V]-(s)ta[V→N][N][Abs][Unpd][Sg]
neghelleqesta	neghe-@₁lleqe[V→V]-(te)ste[V→V][V][Intr][Intrg][3Sg]
neghelleqesta	neghe-@₁lleqe[V→V]-(te)ste[Cmpd_Vbl][V][Intr][Intrg][3Sg]
neghelleqesta	neghe-@₁lleqe[V→V][V][Intr][Intrg][1Pl]
neghelleqesta	neghe-@₁lleqe[V→V]-(s)ta[V→N][N][Abs][Unpd][Sg]

unaami	unaami
unaami	unaami[N][Abs][Unpd][Sg]
unaami	unaami[V][Intr][Opt][PRS][2Sg]

------------------------
Qavngaq kaatetsi Sivuqaghmun.

qavngaq	qavngaq

kaatetsi	kaate[V][Intr][Intrg][2Pl]

sivuqaghmun	Sivuqagh-~fmete[N→V]-@₁~:(u)n[V→N][N][Abs][Unpd][Sg]
sivuqaghmun	Sivuqagh-~fmete[N→V]-te[V→V]-@₁~:(u)n[V→N][N][Abs][Unpd][Sg]
sivuqaghmun	sivugh-~–qagh[V→V]-mete[V→V]-@₁~:(u)n[V→N][N][Abs][Unpd][Sg]

------------------------
Naken tukfighsiki alquughtaten.

naken	na-@₁~:(u)n[V→N]-~–ke[N→N][N][Abs][2SgPoss][SgPosd]
naken	na-@*@₂~sf–(g₂)k(a)e[V→N][N][Abs][2SgPoss][SgPosd]
naken	na[V][Trns][Ptcp][2Sg][3Sg]
naken	naken
naken	nakete[N][Abs][Unpd][Sg]

tukfighsiki	tukfigh[V][Trns][Intrg][2Sg][3Pl]
tukfighsiki	tukfigh-siq[V→N]-––i[N→V]-@₁~:(u)n[V→N]-~–ke[N→V]-~i[V→V][V][Intr][Opt][PRS][2Sg]
tukfighsiki	tukfigh-siq[V→N]-––i[N→V]-@₁~:(u)n[V→N]-~–ke[N→V][V][Intr][Opt][PRS][2Sg]
tukfighsiki	tukfigh-siq[V→N]-––i[N→V]-@₁~:(u)n[V→N]-~–ke[N→N]-––i[N→V][V][Intr][Opt][PRS][2Sg]
tukfighsiki	tukfigh-siq[V→N]-––i[N→V]-@*@₂~sf–(g₂)k(a)e[V→N]-––i[N→V][V][Intr][Opt][PRS][2Sg]
tukfighsiki	tukfigh-siq[V→N]-––i[N→V][V][Trns][Opt][PRS][2Sg][3Pl]
tukfighsiki	tukfigh-siq[V→N]-––i[N→V][V][Trns][Intrg][2Pl][3Pl]

------------------------
Sangavek iyataghsin.

sangavek	sa[V][Intr][CnsqI][2Sg]

iyataghsin	iyatagh[V][Intr][Intrg][2Sg]
iyataghsin	iyatagh-siq[V→N]-––i[N→V]-@₁~:(u)n[V→N][N][Abs][Unpd][Sg]
iyataghsin	iyatagh-siq[V→N]-––i[N→V]-~:(u)te[V→N][N][Abs][Unpd][Sg]

------------------------
Qakun kayusighlleqsikung.

qakun	qakun

kayusighlleqsikung	kayusigh-–ghte[V→V]-@₁lleqe[V→V][V][Trns][Intrg][2Sg][1Du]
kayusighlleqsikung	kayusigh-te[V→V]-@₁lleqe[V→V][V][Trns][Intrg][2Sg][1Du]
kayusighlleqsikung	kayusigh-@₁lleqe[V→V][V][Trns][Intrg][2Sg][1Du]
kayusighlleqsikung	kayu-siq[N→N]-––i[N→V]-@₁~:(u)n[V→N]-–ghte[N→V]-te[V→V]-@₁lleqe[V→V][V][Trns][Intrg][2Sg][1Du]
kayusighlleqsikung	kayu-siq[N→N]-––i[N→V]-@₁~:(u)n[V→N]-–ghte[N→V]-@₁lleqe[V→V][V][Trns][Intrg][2Sg][1Du]
kayusighlleqsikung	kayu-siq[N→N]-––i[N→V]-–ghte[V→V]-@₁lleqe[V→V][V][Trns][Intrg][2Sg][1Du]
kayusighlleqsikung	kayu-siq[N→N]-––igh[N→V]-–ghte[V→V]-@₁lleqe[V→V][V][Trns][Intrg][2Sg][1Du]
kayusighlleqsikung	kayu-siq[N→N]-––igh[N→V]-te[V→V]-@₁lleqe[V→V][V][Trns][Intrg][2Sg][1Du]
kayusighlleqsikung	kayu-siq[N→N]-––igh[N→V]-@₁lleqe[V→V][V][Trns][Intrg][2Sg][1Du]
kayusighlleqsikung	kayu-siq[N→N]-–ghte[N→V]-te[V→V]-@₁lleqe[V→V][V][Trns][Intrg][2Sg][1Du]
kayusighlleqsikung	kayu-siq[N→N]-–ghte[N→V]-@₁lleqe[V→V][V][Trns][Intrg][2Sg][1Du]
kayusighlleqsikung	kayu-si[N→V]-@₁~:(u)n[V→N]-–ghte[N→V]-te[V→V]-@₁lleqe[V→V][V][Trns][Intrg][2Sg][1Du]
kayusighlleqsikung	kayu-si[N→V]-@₁~:(u)n[V→N]-–ghte[N→V]-@₁lleqe[V→V][V][Trns][Intrg][2Sg][1Du]
kayusighlleqsikung	kayu-si[N→V]-–ghte[V→V]-@₁lleqe[V→V][V][Trns][Intrg][2Sg][1Du]

------------------------
Sangavek meghnughsin.

sangavek	sa[V][Intr][CnsqI][2Sg]

meghnughsin	meghnugh[V][Intr][Intrg][2Sg]
meghnughsin	meghnugh-siq[V→N]-––i[N→V]-@₁~:(u)n[V→N][N][Abs][Unpd][Sg]
meghnughsin	meghnugh-siq[V→N]-––i[N→V]-~:(u)te[V→N][N][Abs][Unpd][Sg]

------------------------
Qafsinaneng ighnelguzin.

qafsinaneng	qafsig-––i[N→V]-@₁~:(u)n[V→N][N][Abl_Mod][3SgPoss][SgPosd]
qafsinaneng	qafsig-––i[N→V]-@₁~:(u)n[V→N][N][Abl_Mod][3SgPoss][PlPosd]
qafsinaneng	qafsina[N][Abl_Mod][Unpd][Pl]

ighnelguzin	ighnegh-–leg[N→N]-~:(ng₁)u[N→V][V][Intr][Intrg][2Sg]
ighnelguzin	ighnegh-–lgu[N→V][V][Intr][Intrg][2Sg]

------------------------
Qavngaq liisigu panigma aatgha.

qavngaq	qavngaq

liisigu	legh-––i[N→V]-@₁~:(u)te[V→V]-@₁~:(u)te[V→V][V][Trns][Intrg][2Sg][3Sg]
liisigu	legh-––i[N→V]-@₁~:(u)n[V→N]-–ghte[N→V]-@₁~:(u)te[V→V][V][Trns][Intrg][2Sg][3Sg]
liisigu	legh-––i[N→V]-@₁~:(u)n[V→N]-–ghte[N→V]-te[V→V]-@₁~:(u)te[V→V][V][Trns][Intrg][2Sg][3Sg]
liisigu	legh-––i[N→V]-@₁~:(u)te[V→V][V][Trns][Intrg][2Sg][3Sg]
liisigu	legh-––i[N→V]-te[V→V]-@₁~:(u)te[V→V][V][Trns][Intrg][2Sg][3Sg]
liisigu	legh-––i[N→V]-~:(u)te[V→V]-@₁~:(u)te[V→V][V][Trns][Intrg][2Sg][3Sg]
liisigu	legh-––i[N→V]-~:(u)te[V→N]-te[N→V]-@₁~:(u)te[V→V][V][Trns][Intrg][2Sg][3Sg]
liisigu	legh-––i[N→V]-~:(u)te[V→N]-te[N→V]-te[V→V]-@₁~:(u)te[V→V][V][Trns][Intrg][2Sg][3Sg]
liisigu	legh-––i[N→V]-~:(u)te[V→V][V][Trns][Intrg][2Sg][3Sg]
liisigu	legh-––i[N→V]-–ghte[V→V]-@₁~:(u)te[V→V][V][Trns][Intrg][2Sg][3Sg]
liisigu	legh-––i[N→V]-te[V→V][V][Trns][Intrg][2Sg][3Sg]
liisigu	legh-––igh[N→V]-–ghte[V→V]-@₁~:(u)te[V→V][V][Trns][Intrg][2Sg][3Sg]
liisigu	legh-––ii[N→V]-@₁~:(u)te[V→V][V][Trns][Intrg][2Sg][3Sg]
liisigu	legh-––ii[N→V]-~:(u)te[V→V][V][Trns][Intrg][2Sg][3Sg]
liisigu	legh-––ii[N→V]-te[V→V][V][Trns][Intrg][2Sg][3Sg]
liisigu	legh-––igh[N→V]-@₁~:(u)te[V→V][V][Trns][Intrg][2Sg][3Sg]
liisigu	legh-––igh[N→V]-te[V→V]-@₁~:(u)te[V→V][V][Trns][Intrg][2Sg][3Sg]
liisigu	legh-––igh[N→V]-~:(ng₁)u[V→V]-@₁~:(u)te[V→V][V][Trns][Intrg][2Sg][3Sg]
liisigu	legh-––igh[N→V]-~:(ng₁)u[V→V]-~:(u)te[V→V][V][Trns][Intrg][2Sg][3Sg]
liisigu	legh-––igh[N→V]-~:(ng₁)u[V→V]-te[V→V][V][Trns][Intrg][2Sg][3Sg]
liisigu	legh-––igh[N→V]-~:(ng₁)ite[V→V][V][Trns][Intrg][2Sg][3Sg]
liisigu	legh-––igh[N→V]-~:(u)te[V→V][V][Trns][Intrg][2Sg][3Sg]
liisigu	liisagh-––i[N→V][V][Trns][Opt][PRS][2Sg][3Sg]
liisigu	liite[V][Trns][Intrg][2Sg][3Sg]
liisigu	laag-––i[N→V]-@₁~:(u)te[V→V][V][Trns][Intrg][2Sg][3Sg]
liisigu	laag-––i[N→V]-~:(u)te[V→V][V][Trns][Intrg][2Sg][3Sg]
liisigu	laag-––i[N→V]-te[V→V][V][Trns][Intrg][2Sg][3Sg]
liisigu	laagh-––i[N→V]-@₁~:(u)te[V→V][V][Trns][Intrg][2Sg][3Sg]
liisigu	laagh-––i[N→V]-~:(u)te[V→V][V][Trns][Intrg][2Sg][3Sg]
liisigu	laagh-––i[N→V]-te[V→V][V][Trns][Intrg][2Sg][3Sg]
liisigu	luugh-––i[N→V]-@₁~:(u)te[V→V][V][Trns][Intrg][2Sg][3Sg]
liisigu	luugh-––i[N→V]-~:(u)te[V→V][V][Trns][Intrg][2Sg][3Sg]
liisigu	luugh-––i[N→V]-te[V→V][V][Trns][Intrg][2Sg][3Sg]

panigma	panig[N][Rel][1SgPoss][SgPosd]
panigma	panig[N][Rel][1SgPoss][PlPosd]

aatgha	ategh[N][Abs][3SgPoss][SgPosd]
aatgha	Ategh[N][Abs][3SgPoss][SgPosd]

------------------------
Qawaagniighsin.

qawaagniighsin	qawaagniigh[V][Intr][Intrg][2Sg]
qawaagniighsin	qawaagniigh-siq[V→N]-––i[N→V]-@₁~:(u)n[V→N][N][Abs][Unpd][Sg]
qawaagniighsin	qawaagniigh-siq[V→N]-––i[N→V]-~:(u)te[V→N][N][Abs][Unpd][Sg]
qawaagniighsin	qawaag-ni[N→N]-––igh[N→V][V][Intr][Intrg][2Sg]
qawaagniighsin	qawaag-ni[N→N]-igh[N→V]-siq[V→N]-––i[N→V]-@₁~:(u)n[V→N][N][Abs][Unpd][Sg]
qawaagniighsin	qawaag-ni[N→N]-igh[N→V]-siq[V→N]-––i[N→V]-~:(u)te[V→N][N][Abs][Unpd][Sg]
qawaagniighsin	qawaag-ni[N→N]-agh[N→V][V][Intr][Intrg][2Sg]
qawaagniighsin	qawaag-ni[N→N]-agh[N→V]-siq[V→N]-––i[N→V]-@₁~:(u)n[V→N][N][Abs][Unpd][Sg]
qawaagniighsin	qawaag-ni[N→N]-agh[N→V]-siq[V→N]-––i[N→V]-~:(u)te[V→N][N][Abs][Unpd][Sg]
qawaagniighsin	qawaag-niigh[N→V][V][Intr][Intrg][2Sg]
qawaagniighsin	qawaag-niigh[N→V]-siq[V→N]-––i[N→V]-@₁~:(u)n[V→N][N][Abs][Unpd][Sg]
qawaagniighsin	qawaag-niigh[N→V]-siq[V→N]-––i[N→V]-~:(u)te[V→N][N][Abs][Unpd][Sg]

------------------------
Navek aghulaqsin.

navek	navek

aghulaqsin	aghulaqe[V][Intr][Intrg][2Sg]
aghulaqsin	aghula-qe[N→V][V][Intr][Intrg][2Sg]

------------------------
Tengegkayugmeng nagatestaak.

tengegkayugmeng	tengegkayug[N][Abl_Mod][Unpd][Sg]
tengegkayugmeng	tengegkayug[N][Rel][4DuPoss][PlPosd]
tengegkayugmeng	tengegkayug[N][Rel][4DuPoss][SgPosd]
tengegkayugmeng	tengegkayug[N][Rel][4PlPoss][PlPosd]
tengegkayugmeng	tengegkayug[N][Rel][4PlPoss][SgPosd]

nagatestaak	nagate[V][Intr][Intrg][2Du]

------------------------
Esghaghsiki Quyillgaat.

esghaghsiki	esghagh[V][Trns][Intrg][2Sg][3Pl]
esghaghsiki	esghagh-siq[V→N]-––i[N→V]-@₁~:(u)n[V→N]-~–ke[N→V]-~i[V→V][V][Intr][Opt][PRS][2Sg]
esghaghsiki	esghagh-siq[V→N]-––i[N→V]-@₁~:(u)n[V→N]-~–ke[N→V][V][Intr][Opt][PRS][2Sg]
esghaghsiki	esghagh-siq[V→N]-––i[N→V]-@₁~:(u)n[V→N]-~–ke[N→N]-––i[N→V][V][Intr][Opt][PRS][2Sg]
esghaghsiki	esghagh-siq[V→N]-––i[N→V]-@*@₂~sf–(g₂)k(a)e[V→N]-––i[N→V][V][Intr][Opt][PRS][2Sg]
esghaghsiki	esghagh-siq[V→N]-––i[N→V][V][Trns][Opt][PRS][2Sg][3Pl]
esghaghsiki	esghagh-siq[V→N]-––i[N→V][V][Trns][Intrg][2Pl][3Pl]

------------------------
Qakun igleghlleqestung.

qakun	qakun

igleghlleqestung	igleghte-@₁lleqe[V→V][V][Intr][Intrg][1Du]

------------------------
Kinanguzin.

kinanguzin	kina-~:(ng₁)u[N→V][V][Intr][Intrg][2Sg]
kinanguzin	kina-–ngu[N→V][V][Intr][Intrg][2Sg]

------------------------
Kinkungutsi.

kinkungutsi	kinku-~:(ng₁)u[N→V][V][Intr][Intrg][2Pl]
kinkungutsi	kinku-–ngu[N→V][V][Intr][Intrg][2Pl]
kinkungutsi	kinkut-–ngu[N→V][V][Intr][Intrg][2Pl]

------------------------
Naken inghuziki pagunghaat.

naken	na-@₁~:(u)n[V→N]-~–ke[N→N][N][Abs][2SgPoss][SgPosd]
naken	na-@*@₂~sf–(g₂)k(a)e[V→N][N][Abs][2SgPoss][SgPosd]
naken	na[V][Trns][Ptcp][2Sg][3Sg]
naken	naken
naken	nakete[N][Abs][Unpd][Sg]

inghuziki	inghu[V][Trns][Intrg][2Sg][3Pl]

pagunghaat	pagunghagh*[N][Abs][Unpd][Pl]
pagunghaat	pagunghagh*[N][Abs][3PlPoss][SgPosd]
pagunghaat	pagunghagh*[N][Rel][Unpd][Pl]

------------------------
Sangan aallgetsi.

sangan	sa-@₁~:(u)n[V→N]-–nge[N→V][V][Trns][Ind][2Sg][3Sg]
sangan	sa-~fnga[V→V]-@₁~:(u)n[V→N][N][Abs][Unpd][Sg]
sangan	sa-~fnga[V→V]-~:(u)te[V→N][N][Abs][Unpd][Sg]
sangan	sa-–nge[N→V][V][Trns][Ind][2Sg][3Sg]
sangan	sa[N][Rel][3SgPoss][SgPosd]
sangan	sa[N][Rel][3SgPoss][PlPosd]
sangan	sa[V][Intr][CnsqI][3Sg]
sangan	sangagh[N][Abs][2SgPoss][SgPosd]
sangan	sangan
sangan	sangate[N][Abs][Unpd][Sg]

aallgetsi	alleg[V][Intr][Intrg][2Pl]

------------------------
Sangan qulmesiitka tuguzigu.

sangan	sa-@₁~:(u)n[V→N]-–nge[N→V][V][Trns][Ind][2Sg][3Sg]
sangan	sa-~fnga[V→V]-@₁~:(u)n[V→N][N][Abs][Unpd][Sg]
sangan	sa-~fnga[V→V]-~:(u)te[V→N][N][Abs][Unpd][Sg]
sangan	sa-–nge[N→V][V][Trns][Ind][2Sg][3Sg]
sangan	sa[N][Rel][3SgPoss][SgPosd]
sangan	sa[N][Rel][3SgPoss][PlPosd]
sangan	sa[V][Intr][CnsqI][3Sg]
sangan	sangagh[N][Abs][2SgPoss][SgPosd]
sangan	sangan
sangan	sangate[N][Abs][Unpd][Sg]

qulmesiitka	qulmesiite-~–ke[N→V][V][Intr][Intrg][3Sg]
qulmesiitka	qulmesiite-~–ke[N→N][N][Abs][Unpd][Sg]
qulmesiitka	qulmesiite[N][Abs][1SgPoss][SgPosd]

tuguzigu	tugu[V][Trns][Intrg][2Sg][3Sg]

------------------------
Qakun umeglleqsikek qergesek.

qakun	qakun

umeglleqsikek	umeg-–ghte[N→V]-te[V→V]-@₁lleqe[V→V][V][Trns][Intrg][2Sg][3Du]
umeglleqsikek	umeg-–ghte[N→V]-@₁lleqe[V→V][V][Trns][Intrg][2Sg][3Du]
umeglleqsikek	umeg-–ghte[V→V]-@₁lleqe[V→V][V][Trns][Intrg][2Sg][3Du]
umeglleqsikek	umeg-te[N→V]-@₁lleqe[V→V][V][Trns][Intrg][2Sg][3Du]
umeglleqsikek	umeg-te[V→V]-@₁lleqe[V→V][V][Trns][Intrg][2Sg][3Du]
umeglleqsikek	umeg-@₁lleqe[V→V][V][Trns][Intrg][2Sg][3Du]
umeglleqsikek	umegte-@₁lleqe[V→V][V][Trns][Intrg][2Sg][3Du]

qergesek	qergese[N][Abs][Unpd][Du]
qergesek	qergese[N][Rel][Unpd][Du]

------------------------
Aghveliighsiin.

aghveliighsiin	aghvegh-–li[N→V]-@₁~:(u)te[V→V]-@₁~:(u)n[V→N]-–ghte[N→V]-@₁~f–yu[V→V]-~i[V→V]-@₁~:(u)n[V→N][N][Abs][Unpd][Sg]
aghveliighsiin	aghvegh-–li[N→V]-@₁~:(u)te[V→V]-@₁~:(u)n[V→N]-–ghte[N→V]-@₁~f–yu[V→V]-~i[V→V]-~:(u)te[V→N][N][Abs][Unpd][Sg]
aghveliighsiin	aghvegh-–li[N→V]-@₁~:(u)te[V→V]-@₁~:(u)n[V→N]-–ghte[N→V]-@₁~f–yu[V→N]-––i[N→V]-@₁~:(u)n[V→N][N][Abs][Unpd][Sg]
aghveliighsiin	aghvegh-–li[N→V]-@₁~:(u)te[V→V]-@₁~:(u)n[V→N]-–ghte[N→V]-@₁~f–yu[V→N]-––i[N→V]-~:(u)te[V→N][N][Abs][Unpd][Sg]
aghveliighsiin	aghvegh-–li[N→V]-@₁~:(u)te[V→V]-@₁~:(u)n[V→N]-–ghte[N→V]-te[V→V]-@₁~f–yu[V→V]-~i[V→V]-@₁~:(u)n[V→N][N][Abs][Unpd][Sg]
aghveliighsiin	aghvegh-–li[N→V]-@₁~:(u)te[V→V]-@₁~:(u)n[V→N]-–ghte[N→V]-te[V→V]-@₁~f–yu[V→V]-~i[V→V]-~:(u)te[V→N][N][Abs][Unpd][Sg]
aghveliighsiin	aghvegh-–li[N→V]-@₁~:(u)te[V→V]-@₁~:(u)n[V→N]-–ghte[N→V]-te[V→V]-@₁~f–yu[V→N]-––i[N→V]-@₁~:(u)n[V→N][N][Abs][Unpd][Sg]
aghveliighsiin	aghvegh-–li[N→V]-@₁~:(u)te[V→V]-@₁~:(u)n[V→N]-–ghte[N→V]-te[V→V]-@₁~f–yu[V→N]-––i[N→V]-~:(u)te[V→N][N][Abs][Unpd][Sg]
aghveliighsiin	aghvegh-–li[N→V]-@₁~:(u)n[V→N]-–ghte[N→V]-@₁~:(u)n[V→N]-–ghte[N→V]-@₁~f–yu[V→V]-~i[V→V]-@₁~:(u)n[V→N][N][Abs][Unpd][Sg]
aghveliighsiin	aghvegh-–li[N→V]-@₁~:(u)n[V→N]-–ghte[N→V]-@₁~:(u)n[V→N]-–ghte[N→V]-@₁~f–yu[V→V]-~i[V→V]-~:(u)te[V→N][N][Abs][Unpd][Sg]
aghveliighsiin	aghvegh-–li[N→V]-@₁~:(u)n[V→N]-–ghte[N→V]-@₁~:(u)n[V→N]-–ghte[N→V]-@₁~f–yu[V→N]-––i[N→V]-@₁~:(u)n[V→N][N][Abs][Unpd][Sg]
aghveliighsiin	aghvegh-–li[N→V]-@₁~:(u)n[V→N]-–ghte[N→V]-@₁~:(u)n[V→N]-–ghte[N→V]-@₁~f–yu[V→N]-––i[N→V]-~:(u)te[V→N][N][Abs][Unpd][Sg]
aghveliighsiin	aghvegh-–li[N→V]-@₁~:(u)n[V→N]-–ghte[N→V]-@₁~:(u)n[V→N]-–ghte[N→V]-te[V→V]-@₁~f–yu[V→V]-~i[V→V]-@₁~:(u)n[V→N][N][Abs][Unpd][Sg]
aghveliighsiin	aghvegh-–li[N→V]-@₁~:(u)n[V→N]-–ghte[N→V]-@₁~:(u)n[V→N]-–ghte[N→V]-te[V→V]-@₁~f–yu[V→V]-~i[V→V]-~:(u)te[V→N][N][Abs][Unpd][Sg]
aghveliighsiin	aghvegh-–li[N→V]-@₁~:(u)n[V→N]-–ghte[N→V]-@₁~:(u)n[V→N]-–ghte[N→V]-te[V→V]-@₁~f–yu[V→N]-––i[N→V]-@₁~:(u)n[V→N][N][Abs][Unpd][Sg]
aghveliighsiin	aghvegh-–li[N→V]-@₁~:(u)n[V→N]-–ghte[N→V]-@₁~:(u)n[V→N]-–ghte[N→V]-te[V→V]-@₁~f–yu[V→N]-––i[N→V]-~:(u)te[V→N][N][Abs][Unpd][Sg]
aghveliighsiin	aghvegh-–li[N→V]-@₁~:(u)n[V→N]-–ghte[N→V]-te[V→V]-@₁~:(u)n[V→N]-–ghte[N→V]-@₁~f–yu[V→V]-~i[V→V]-@₁~:(u)n[V→N][N][Abs][Unpd][Sg]
aghveliighsiin	aghvegh-–li[N→V]-@₁~:(u)n[V→N]-–ghte[N→V]-te[V→V]-@₁~:(u)n[V→N]-–ghte[N→V]-@₁~f–yu[V→V]-~i[V→V]-~:(u)te[V→N][N][Abs][Unpd][Sg]
aghveliighsiin	aghvegh-–li[N→V]-@₁~:(u)n[V→N]-–ghte[N→V]-te[V→V]-@₁~:(u)n[V→N]-–ghte[N→V]-@₁~f–yu[V→N]-––i[N→V]-@₁~:(u)n[V→N][N][Abs][Unpd][Sg]
aghveliighsiin	aghvegh-–li[N→V]-@₁~:(u)n[V→N]-–ghte[N→V]-te[V→V]-@₁~:(u)n[V→N]-–ghte[N→V]-@₁~f–yu[V→N]-––i[N→V]-~:(u)te[V→N][N][Abs][Unpd][Sg]
aghveliighsiin	aghvegh-–li[N→V]-@₁~:(u)n[V→N]-–ghte[N→V]-te[V→V]-@₁~:(u)n[V→N]-–ghte[N→V]-te[V→V]-@₁~f–yu[V→V]-~i[V→V]-@₁~:(u)n[V→N][N][Abs][Unpd][Sg]
aghveliighsiin	aghvegh-–li[N→V]-@₁~:(u)n[V→N]-–ghte[N→V]-te[V→V]-@₁~:(u)n[V→N]-–ghte[N→V]-te[V→V]-@₁~f–yu[V→V]-~i[V→V]-~:(u)te[V→N][N][Abs][Unpd][Sg]
aghveliighsiin	aghvegh-–li[N→V]-@₁~:(u)n[V→N]-–ghte[N→V]-te[V→V]-@₁~:(u)n[V→N]-–ghte[N→V]-te[V→V]-@₁~f–yu[V→N]-––i[N→V]-@₁~:(u)n[V→N][N][Abs][Unpd][Sg]
aghveliighsiin	aghvegh-–li[N→V]-@₁~:(u)n[V→N]-–ghte[N→V]-te[V→V]-@₁~:(u)n[V→N]-–ghte[N→V]-te[V→V]-@₁~f–yu[V→N]-––i[N→V]-~:(u)te[V→N][N][Abs][Unpd][Sg]
aghveliighsiin	aghvegh-–li[N→V]-te[V→V]-@₁~:(u)n[V→N]-–ghte[N→V]-@₁~f–yu[V→V]-~i[V→V]-@₁~:(u)n[V→N][N][Abs][Unpd][Sg]
aghveliighsiin	aghvegh-–li[N→V]-te[V→V]-@₁~:(u)n[V→N]-–ghte[N→V]-@₁~f–yu[V→V]-~i[V→V]-~:(u)te[V→N][N][Abs][Unpd][Sg]
aghveliighsiin	aghvegh-–li[N→V]-te[V→V]-@₁~:(u)n[V→N]-–ghte[N→V]-@₁~f–yu[V→N]-––i[N→V]-@₁~:(u)n[V→N][N][Abs][Unpd][Sg]
aghveliighsiin	aghvegh-–li[N→V]-te[V→V]-@₁~:(u)n[V→N]-–ghte[N→V]-@₁~f–yu[V→N]-––i[N→V]-~:(u)te[V→N][N][Abs][Unpd][Sg]
aghveliighsiin	aghvegh-–li[N→V]-te[V→V]-@₁~:(u)n[V→N]-–ghte[N→V]-te[V→V]-@₁~f–yu[V→V]-~i[V→V]-@₁~:(u)n[V→N][N][Abs][Unpd][Sg]
aghveliighsiin	aghvegh-–li[N→V]-te[V→V]-@₁~:(u)n[V→N]-–ghte[N→V]-te[V→V]-@₁~f–yu[V→V]-~i[V→V]-~:(u)te[V→N][N][Abs][Unpd][Sg]
aghveliighsiin	aghvegh-–li[N→V]-te[V→V]-@₁~:(u)n[V→N]-–ghte[N→V]-te[V→V]-@₁~f–yu[V→N]-––i[N→V]-@₁~:(u)n[V→N][N][Abs][Unpd][Sg]
aghveliighsiin	aghvegh-–li[N→V]-te[V→V]-@₁~:(u)n[V→N]-–ghte[N→V]-te[V→V]-@₁~f–yu[V→N]-––i[N→V]-~:(u)te[V→N][N][Abs][Unpd][Sg]
aghveliighsiin	aghvegh-–li[N→V]-~:(u)te[V→V]-@₁~:(u)n[V→N]-–ghte[N→V]-@₁~f–yu[V→V]-~i[V→V]-@₁~:(u)n[V→N][N][Abs][Unpd][Sg]
aghveliighsiin	aghvegh-–li[N→V]-~:(u)te[V→V]-@₁~:(u)n[V→N]-–ghte[N→V]-@₁~f–yu[V→V]-~i[V→V]-~:(u)te[V→N][N][Abs][Unpd][Sg]
aghveliighsiin	aghvegh-–li[N→V]-~:(u)te[V→V]-@₁~:(u)n[V→N]-–ghte[N→V]-@₁~f–yu[V→N]-––i[N→V]-@₁~:(u)n[V→N][N][Abs][Unpd][Sg]
aghveliighsiin	aghvegh-–li[N→V]-~:(u)te[V→V]-@₁~:(u)n[V→N]-–ghte[N→V]-@₁~f–yu[V→N]-––i[N→V]-~:(u)te[V→N][N][Abs][Unpd][Sg]
aghveliighsiin	aghvegh-–li[N→V]-~:(u)te[V→V]-@₁~:(u)n[V→N]-–ghte[N→V]-te[V→V]-@₁~f–yu[V→V]-~i[V→V]-@₁~:(u)n[V→N][N][Abs][Unpd][Sg]
aghveliighsiin	aghvegh-–li[N→V]-~:(u)te[V→V]-@₁~:(u)n[V→N]-–ghte[N→V]-te[V→V]-@₁~f–yu[V→V]-~i[V→V]-~:(u)te[V→N][N][Abs][Unpd][Sg]
aghveliighsiin	aghvegh-–li[N→V]-~:(u)te[V→V]-@₁~:(u)n[V→N]-–ghte[N→V]-te[V→V]-@₁~f–yu[V→N]-––i[N→V]-@₁~:(u)n[V→N][N][Abs][Unpd][Sg]
aghveliighsiin	aghvegh-–li[N→V]-~:(u)te[V→V]-@₁~:(u)n[V→N]-–ghte[N→V]-te[V→V]-@₁~f–yu[V→N]-––i[N→V]-~:(u)te[V→N][N][Abs][Unpd][Sg]
aghveliighsiin	aghvegh-–li[N→V]-~:(u)te[V→N]-te[N→V]-@₁~:(u)n[V→N]-–ghte[N→V]-@₁~f–yu[V→V]-~i[V→V]-@₁~:(u)n[V→N][N][Abs][Unpd][Sg]
aghveliighsiin	aghvegh-–li[N→V]-~:(u)te[V→N]-te[N→V]-@₁~:(u)n[V→N]-–ghte[N→V]-@₁~f–yu[V→V]-~i[V→V]-~:(u)te[V→N][N][Abs][Unpd][Sg]
aghveliighsiin	aghvegh-–li[N→V]-~:(u)te[V→N]-te[N→V]-@₁~:(u)n[V→N]-–ghte[N→V]-@₁~f–yu[V→N]-––i[N→V]-@₁~:(u)n[V→N][N][Abs][Unpd][Sg]
aghveliighsiin	aghvegh-–li[N→V]-~:(u)te[V→N]-te[N→V]-@₁~:(u)n[V→N]-–ghte[N→V]-@₁~f–yu[V→N]-––i[N→V]-~:(u)te[V→N][N][Abs][Unpd][Sg]
aghveliighsiin	aghvegh-–li[N→V]-~:(u)te[V→N]-te[N→V]-@₁~:(u)n[V→N]-–ghte[N→V]-te[V→V]-@₁~f–yu[V→V]-~i[V→V]-@₁~:(u)n[V→N][N][Abs][Unpd][Sg]
aghveliighsiin	aghvegh-–li[N→V]-~:(u)te[V→N]-te[N→V]-@₁~:(u)n[V→N]-–ghte[N→V]-te[V→V]-@₁~f–yu[V→V]-~i[V→V]-~:(u)te[V→N][N][Abs][Unpd][Sg]
aghveliighsiin	aghvegh-–li[N→V]-~:(u)te[V→N]-te[N→V]-@₁~:(u)n[V→N]-–ghte[N→V]-te[V→V]-@₁~f–yu[V→N]-––i[N→V]-@₁~:(u)n[V→N][N][Abs][Unpd][Sg]
aghveliighsiin	aghvegh-–li[N→V]-~:(u)te[V→N]-te[N→V]-@₁~:(u)n[V→N]-–ghte[N→V]-te[V→V]-@₁~f–yu[V→N]-––i[N→V]-~:(u)te[V→N][N][Abs][Unpd][Sg]
aghveliighsiin	aghvegh-–li[N→V]-~:(u)te[V→N]-te[N→V]-te[V→V]-@₁~:(u)n[V→N]-–ghte[N→V]-@₁~f–yu[V→V]-~i[V→V]-@₁~:(u)n[V→N][N][Abs][Unpd][Sg]
aghveliighsiin	aghvegh-–li[N→V]-~:(u)te[V→N]-te[N→V]-te[V→V]-@₁~:(u)n[V→N]-–ghte[N→V]-@₁~f–yu[V→V]-~i[V→V]-~:(u)te[V→N][N][Abs][Unpd][Sg]
aghveliighsiin	aghvegh-–li[N→V]-~:(u)te[V→N]-te[N→V]-te[V→V]-@₁~:(u)n[V→N]-–ghte[N→V]-@₁~f–yu[V→N]-––i[N→V]-@₁~:(u)n[V→N][N][Abs][Unpd][Sg]
aghveliighsiin	aghvegh-–li[N→V]-~:(u)te[V→N]-te[N→V]-te[V→V]-@₁~:(u)n[V→N]-–ghte[N→V]-@₁~f–yu[V→N]-––i[N→V]-~:(u)te[V→N][N][Abs][Unpd][Sg]
aghveliighsiin	aghvegh-–li[N→V]-~:(u)te[V→N]-te[N→V]-te[V→V]-@₁~:(u)n[V→N]-–ghte[N→V]-te[V→V]-@₁~f–yu[V→V]-~i[V→V]-@₁~:(u)n[V→N][N][Abs][Unpd][Sg]
aghveliighsiin	aghvegh-–li[N→V]-~:(u)te[V→N]-te[N→V]-te[V→V]-@₁~:(u)n[V→N]-–ghte[N→V]-te[V→V]-@₁~f–yu[V→V]-~i[V→V]-~:(u)te[V→N][N][Abs][Unpd][Sg]
aghveliighsiin	aghvegh-–li[N→V]-~:(u)te[V→N]-te[N→V]-te[V→V]-@₁~:(u)n[V→N]-–ghte[N→V]-te[V→V]-@₁~f–yu[V→N]-––i[N→V]-@₁~:(u)n[V→N][N][Abs][Unpd][Sg]
aghveliighsiin	aghvegh-–li[N→V]-~:(u)te[V→N]-te[N→V]-te[V→V]-@₁~:(u)n[V→N]-–ghte[N→V]-te[V→V]-@₁~f–yu[V→N]-––i[N→V]-~:(u)te[V→N][N][Abs][Unpd][Sg]
aghveliighsiin	aghvegh-–li[N→V]-~i[V→V]-@₁~:(u)n[V→N]-–ghte[N→V]-@₁~f–yu[V→V]-~i[V→V]-@₁~:(u)n[V→N][N][Abs][Unpd][Sg]
aghveliighsiin	aghvegh-–li[N→V]-~i[V→V]-@₁~:(u)n[V→N]-–ghte[N→V]-@₁~f–yu[V→V]-~i[V→V]-~:(u)te[V→N][N][Abs][Unpd][Sg]
aghveliighsiin	aghvegh-–li[N→V]-~i[V→V]-@₁~:(u)n[V→N]-–ghte[N→V]-@₁~f–yu[V→N]-––i[N→V]-@₁~:(u)n[V→N][N][Abs][Unpd][Sg]
aghveliighsiin	aghvegh-–li[N→V]-~i[V→V]-@₁~:(u)n[V→N]-–ghte[N→V]-@₁~f–yu[V→N]-––i[N→V]-~:(u)te[V→N][N][Abs][Unpd][Sg]
aghveliighsiin	aghvegh-–li[N→V]-~i[V→V]-@₁~:(u)n[V→N]-–ghte[N→V]-te[V→V]-@₁~f–yu[V→V]-~i[V→V]-@₁~:(u)n[V→N][N][Abs][Unpd][Sg]
aghveliighsiin	aghvegh-–li[N→V]-~i[V→V]-@₁~:(u)n[V→N]-–ghte[N→V]-te[V→V]-@₁~f–yu[V→V]-~i[V→V]-~:(u)te[V→N][N][Abs][Unpd][Sg]
aghveliighsiin	aghvegh-–li[N→V]-~i[V→V]-@₁~:(u)n[V→N]-–ghte[N→V]-te[V→V]-@₁~f–yu[V→N]-––i[N→V]-@₁~:(u)n[V→N][N][Abs][Unpd][Sg]
aghveliighsiin	aghvegh-–li[N→V]-~i[V→V]-@₁~:(u)n[V→N]-–ghte[N→V]-te[V→V]-@₁~f–yu[V→N]-––i[N→V]-~:(u)te[V→N][N][Abs][Unpd][Sg]
aghveliighsiin	aghvegh-–li[N→V]-~i[V→V]-–ghte[V→V]-@₁~f–yu[V→V]-~i[V→V]-@₁~:(u)n[V→N][N][Abs][Unpd][Sg]
aghveliighsiin	aghvegh-–li[N→V]-~i[V→V]-–ghte[V→V]-@₁~f–yu[V→V]-~i[V→V]-~:(u)te[V→N][N][Abs][Unpd][Sg]
aghveliighsiin	aghvegh-–li[N→V]-~i[V→V]-–ghte[V→V]-@₁~f–yu[V→N]-––i[N→V]-@₁~:(u)n[V→N][N][Abs][Unpd][Sg]
aghveliighsiin	aghvegh-–li[N→V]-~i[V→V]-–ghte[V→V]-@₁~f–yu[V→N]-––i[N→V]-~:(u)te[V→N][N][Abs][Unpd][Sg]
aghveliighsiin	aghvegh-–li[N→V]-~aghte[V→V]-@₁~f–yu[V→V]-~i[V→V]-@₁~:(u)n[V→N][N][Abs][Unpd][Sg]
aghveliighsiin	aghvegh-–li[N→V]-~aghte[V→V]-@₁~f–yu[V→V]-~i[V→V]-~:(u)te[V→N][N][Abs][Unpd][Sg]
aghveliighsiin	aghvegh-–li[N→V]-~aghte[V→V]-@₁~f–yu[V→N]-––i[N→V]-@₁~:(u)n[V→N][N][Abs][Unpd][Sg]
aghveliighsiin	aghvegh-–li[N→V]-~aghte[V→V]-@₁~f–yu[V→N]-––i[N→V]-~:(u)te[V→N][N][Abs][Unpd][Sg]
aghveliighsiin	aghvegh-–li[N→V]-–ghte[V→V]-@₁~:(u)n[V→N]-–ghte[N→V]-@₁~f–yu[V→V]-~i[V→V]-@₁~:(u)n[V→N][N][Abs][Unpd][Sg]
aghveliighsiin	aghvegh-–li[N→V]-–ghte[V→V]-@₁~:(u)n[V→N]-–ghte[N→V]-@₁~f–yu[V→V]-~i[V→V]-~:(u)te[V→N][N][Abs][Unpd][Sg]
aghveliighsiin	aghvegh-–li[N→V]-–ghte[V→V]-@₁~:(u)n[V→N]-–ghte[N→V]-@₁~f–yu[V→N]-––i[N→V]-@₁~:(u)n[V→N][N][Abs][Unpd][Sg]
aghveliighsiin	aghvegh-–li[N→V]-–ghte[V→V]-@₁~:(u)n[V→N]-–ghte[N→V]-@₁~f–yu[V→N]-––i[N→V]-~:(u)te[V→N][N][Abs][Unpd][Sg]
aghveliighsiin	aghvegh-–li[N→V]-–ghte[V→V]-@₁~:(u)n[V→N]-–ghte[N→V]-te[V→V]-@₁~f–yu[V→V]-~i[V→V]-@₁~:(u)n[V→N][N][Abs][Unpd][Sg]
aghveliighsiin	aghvegh-–li[N→V]-–ghte[V→V]-@₁~:(u)n[V→N]-–ghte[N→V]-te[V→V]-@₁~f–yu[V→V]-~i[V→V]-~:(u)te[V→N][N][Abs][Unpd][Sg]
aghveliighsiin	aghvegh-–li[N→V]-–ghte[V→V]-@₁~:(u)n[V→N]-–ghte[N→V]-te[V→V]-@₁~f–yu[V→N]-––i[N→V]-@₁~:(u)n[V→N][N][Abs][Unpd][Sg]
aghveliighsiin	aghvegh-–li[N→V]-–ghte[V→V]-@₁~:(u)n[V→N]-–ghte[N→V]-te[V→V]-@₁~f–yu[V→N]-––i[N→V]-~:(u)te[V→N][N][Abs][Unpd][Sg]
aghveliighsiin	aghvegh-–li[N→V]-ugh[V→V]-–ghte[V→V]-@₁~f–yu[V→V]-~i[V→V]-@₁~:(u)n[V→N][N][Abs][Unpd][Sg]
aghveliighsiin	aghvegh-–li[N→V]-ugh[V→V]-–ghte[V→V]-@₁~f–yu[V→V]-~i[V→V]-~:(u)te[V→N][N][Abs][Unpd][Sg]
aghveliighsiin	aghvegh-–li[N→V]-ugh[V→V]-–ghte[V→V]-@₁~f–yu[V→N]-––i[N→V]-@₁~:(u)n[V→N][N][Abs][Unpd][Sg]
aghveliighsiin	aghvegh-–li[N→V]-ugh[V→V]-–ghte[V→V]-@₁~f–yu[V→N]-––i[N→V]-~:(u)te[V→N][N][Abs][Unpd][Sg]
aghveliighsiin	aghvegh-–li[N→V]-aq[V→N]-–ghte[N→V]-@₁~f–yu[V→V]-~i[V→V]-@₁~:(u)n[V→N][N][Abs][Unpd][Sg]
aghveliighsiin	aghvegh-–li[N→V]-aq[V→N]-–ghte[N→V]-@₁~f–yu[V→V]-~i[V→V]-~:(u)te[V→N][N][Abs][Unpd][Sg]
aghveliighsiin	aghvegh-–li[N→V]-aq[V→N]-–ghte[N→V]-@₁~f–yu[V→N]-––i[N→V]-@₁~:(u)n[V→N][N][Abs][Unpd][Sg]
aghveliighsiin	aghvegh-–li[N→V]-aq[V→N]-–ghte[N→V]-@₁~f–yu[V→N]-––i[N→V]-~:(u)te[V→N][N][Abs][Unpd][Sg]
aghveliighsiin	aghvegh-–li[N→V]-aq[V→N]-–ghte[N→V]-te[V→V]-@₁~f–yu[V→V]-~i[V→V]-@₁~:(u)n[V→N][N][Abs][Unpd][Sg]
aghveliighsiin	aghvegh-–li[N→V]-aq[V→N]-–ghte[N→V]-te[V→V]-@₁~f–yu[V→V]-~i[V→V]-~:(u)te[V→N][N][Abs][Unpd][Sg]
aghveliighsiin	aghvegh-–li[N→V]-aq[V→N]-–ghte[N→V]-te[V→V]-@₁~f–yu[V→N]-––i[N→V]-@₁~:(u)n[V→N][N][Abs][Unpd][Sg]
aghveliighsiin	aghvegh-–li[N→V]-aq[V→N]-–ghte[N→V]-te[V→V]-@₁~f–yu[V→N]-––i[N→V]-~:(u)te[V→N][N][Abs][Unpd][Sg]
aghveliighsiin	aghvegh-–li[N→V]-ugh[V→V]-te[V→V]-@₁~f–yu[V→V]-~i[V→V]-@₁~:(u)n[V→N][N][Abs][Unpd][Sg]
aghveliighsiin	aghvegh-–li[N→V]-ugh[V→V]-te[V→V]-@₁~f–yu[V→V]-~i[V→V]-~:(u)te[V→N][N][Abs][Unpd][Sg]
aghveliighsiin	aghvegh-–li[N→V]-ugh[V→V]-te[V→V]-@₁~f–yu[V→N]-––i[N→V]-@₁~:(u)n[V→N][N][Abs][Unpd][Sg]
aghveliighsiin	aghvegh-–li[N→V]-ugh[V→V]-te[V→V]-@₁~f–yu[V→N]-––i[N→V]-~:(u)te[V→N][N][Abs][Unpd][Sg]
aghveliighsiin	aghvegh-–li[N→V]-ugh[V→V][V][Intr][Intrg][2Sg]
aghveliighsiin	aghvegh-–li[N→V]-ugh[V→V]-siq[V→N]-–ghte[N→V]-@₁~:(u)n[V→N][N][Abs][Unpd][Sg]
aghveliighsiin	aghvegh-–li[N→V]-ugh[V→V]-siq[V→N]-–ghte[N→V]-te[V→V]-@₁~:(u)n[V→N][N][Abs][Unpd][Sg]
aghveliighsiin	aghvegh-–li[N→V]-ugh[V→V]-sigh[V→V]-–ghte[V→V]-@₁~:(u)n[V→N][N][Abs][Unpd][Sg]
aghveliighsiin	aghvegh-–li[N→V]-ugh[V→V]-sigh[V→V]-@₁~:(u)n[V→N][N][Abs][Unpd][Sg]
aghveliighsiin	aghvegh-–li[N→V]-ugh[V→V]-sigh[V→V]-te[V→V]-@₁~:(u)n[V→N][N][Abs][Unpd][Sg]
aghveliighsiin	aghvegh-–li[N→V]-ugh[V→V]-sigh[V→V]-~:(ng₁)u[V→V]-@₁~:(u)n[V→N][N][Abs][Unpd][Sg]
aghveliighsiin	aghvegh-–li[N→V]-ugh[V→V]-sigh[V→V]-~:(ng₁)u[V→V]-~:(u)te[V→N][N][Abs][Unpd][Sg]
aghveliighsiin	aghvegh-–li[N→V]-ugh[V→V]-sigh[V→V]-~:(u)te[V→N][N][Abs][Unpd][Sg]
aghveliighsiin	aghvegh-–ligh[N→V]-–ghte[V→V]-@₁~:(u)n[V→N]-–ghte[N→V]-@₁~f–yu[V→V]-~i[V→V]-@₁~:(u)n[V→N][N][Abs][Unpd][Sg]
aghveliighsiin	aghvegh-–ligh[N→V]-–ghte[V→V]-@₁~:(u)n[V→N]-–ghte[N→V]-@₁~f–yu[V→V]-~i[V→V]-~:(u)te[V→N][N][Abs][Unpd][Sg]
aghveliighsiin	aghvegh-–ligh[N→V]-–ghte[V→V]-@₁~:(u)n[V→N]-–ghte[N→V]-@₁~f–yu[V→N]-––i[N→V]-@₁~:(u)n[V→N][N][Abs][Unpd][Sg]
aghveliighsiin	aghvegh-–ligh[N→V]-–ghte[V→V]-@₁~:(u)n[V→N]-–ghte[N→V]-@₁~f–yu[V→N]-––i[N→V]-~:(u)te[V→N][N][Abs][Unpd][Sg]
aghveliighsiin	aghvegh-–ligh[N→V]-–ghte[V→V]-@₁~:(u)n[V→N]-–ghte[N→V]-te[V→V]-@₁~f–yu[V→V]-~i[V→V]-@₁~:(u)n[V→N][N][Abs][Unpd][Sg]
aghveliighsiin	aghvegh-–ligh[N→V]-–ghte[V→V]-@₁~:(u)n[V→N]-–ghte[N→V]-te[V→V]-@₁~f–yu[V→V]-~i[V→V]-~:(u)te[V→N][N][Abs][Unpd][Sg]
aghveliighsiin	aghvegh-–ligh[N→V]-–ghte[V→V]-@₁~:(u)n[V→N]-–ghte[N→V]-te[V→V]-@₁~f–yu[V→N]-––i[N→V]-@₁~:(u)n[V→N][N][Abs][Unpd][Sg]
aghveliighsiin	aghvegh-–ligh[N→V]-–ghte[V→V]-@₁~:(u)n[V→N]-–ghte[N→V]-te[V→V]-@₁~f–yu[V→N]-––i[N→V]-~:(u)te[V→N][N][Abs][Unpd][Sg]
aghveliighsiin	aghvegh-–liigh[N→V]-–ghte[V→V]-@₁~f–yu[V→V]-~i[V→V]-@₁~:(u)n[V→N][N][Abs][Unpd][Sg]
aghveliighsiin	aghvegh-–liigh[N→V]-–ghte[V→V]-@₁~f–yu[V→V]-~i[V→V]-~:(u)te[V→N][N][Abs][Unpd][Sg]
aghveliighsiin	aghvegh-–liigh[N→V]-–ghte[V→V]-@₁~f–yu[V→N]-––i[N→V]-@₁~:(u)n[V→N][N][Abs][Unpd][Sg]
aghveliighsiin	aghvegh-–liigh[N→V]-–ghte[V→V]-@₁~f–yu[V→N]-––i[N→V]-~:(u)te[V→N][N][Abs][Unpd][Sg]
aghveliighsiin	aghvegh-–ligh[N→V]-@₁~:(u)n[V→N]-–ghte[N→V]-@₁~f–yu[V→V]-~i[V→V]-@₁~:(u)n[V→N][N][Abs][Unpd][Sg]
aghveliighsiin	aghvegh-–ligh[N→V]-@₁~:(u)n[V→N]-–ghte[N→V]-@₁~f–yu[V→V]-~i[V→V]-~:(u)te[V→N][N][Abs][Unpd][Sg]
aghveliighsiin	aghvegh-–ligh[N→V]-@₁~:(u)n[V→N]-–ghte[N→V]-@₁~f–yu[V→N]-––i[N→V]-@₁~:(u)n[V→N][N][Abs][Unpd][Sg]
aghveliighsiin	aghvegh-–ligh[N→V]-@₁~:(u)n[V→N]-–ghte[N→V]-@₁~f–yu[V→N]-––i[N→V]-~:(u)te[V→N][N][Abs][Unpd][Sg]
aghveliighsiin	aghvegh-–ligh[N→V]-@₁~:(u)n[V→N]-–ghte[N→V]-te[V→V]-@₁~f–yu[V→V]-~i[V→V]-@₁~:(u)n[V→N][N][Abs][Unpd][Sg]
aghveliighsiin	aghvegh-–ligh[N→V]-@₁~:(u)n[V→N]-–ghte[N→V]-te[V→V]-@₁~f–yu[V→V]-~i[V→V]-~:(u)te[V→N][N][Abs][Unpd][Sg]
aghveliighsiin	aghvegh-–ligh[N→V]-@₁~:(u)n[V→N]-–ghte[N→V]-te[V→V]-@₁~f–yu[V→N]-––i[N→V]-@₁~:(u)n[V→N][N][Abs][Unpd][Sg]
aghveliighsiin	aghvegh-–ligh[N→V]-@₁~:(u)n[V→N]-–ghte[N→V]-te[V→V]-@₁~f–yu[V→N]-––i[N→V]-~:(u)te[V→N][N][Abs][Unpd][Sg]
aghveliighsiin	aghvegh-–ligh[N→V]-te[V→V]-@₁~:(u)n[V→N]-–ghte[N→V]-@₁~f–yu[V→V]-~i[V→V]-@₁~:(u)n[V→N][N][Abs][Unpd][Sg]
aghveliighsiin	aghvegh-–ligh[N→V]-te[V→V]-@₁~:(u)n[V→N]-–ghte[N→V]-@₁~f–yu[V→V]-~i[V→V]-~:(u)te[V→N][N][Abs][Unpd][Sg]
aghveliighsiin	aghvegh-–ligh[N→V]-te[V→V]-@₁~:(u)n[V→N]-–ghte[N→V]-@₁~f–yu[V→N]-––i[N→V]-@₁~:(u)n[V→N][N][Abs][Unpd][Sg]
aghveliighsiin	aghvegh-–ligh[N→V]-te[V→V]-@₁~:(u)n[V→N]-–ghte[N→V]-@₁~f–yu[V→N]-––i[N→V]-~:(u)te[V→N][N][Abs][Unpd][Sg]
aghveliighsiin	aghvegh-–ligh[N→V]-te[V→V]-@₁~:(u)n[V→N]-–ghte[N→V]-te[V→V]-@₁~f–yu[V→V]-~i[V→V]-@₁~:(u)n[V→N][N][Abs][Unpd][Sg]
aghveliighsiin	aghvegh-–ligh[N→V]-te[V→V]-@₁~:(u)n[V→N]-–ghte[N→V]-te[V→V]-@₁~f–yu[V→V]-~i[V→V]-~:(u)te[V→N][N][Abs][Unpd][Sg]
aghveliighsiin	aghvegh-–ligh[N→V]-te[V→V]-@₁~:(u)n[V→N]-–ghte[N→V]-te[V→V]-@₁~f–yu[V→N]-––i[N→V]-@₁~:(u)n[V→N][N][Abs][Unpd][Sg]
aghveliighsiin	aghvegh-–ligh[N→V]-te[V→V]-@₁~:(u)n[V→N]-–ghte[N→V]-te[V→V]-@₁~f–yu[V→N]-––i[N→V]-~:(u)te[V→N][N][Abs][Unpd][Sg]
aghveliighsiin	aghvegh-–ligh[N→V]-~:(ng₁)u[V→V]-@₁~:(u)n[V→N]-–ghte[N→V]-@₁~f–yu[V→V]-~i[V→V]-@₁~:(u)n[V→N][N][Abs][Unpd][Sg]
aghveliighsiin	aghvegh-–ligh[N→V]-~:(ng₁)u[V→V]-@₁~:(u)n[V→N]-–ghte[N→V]-@₁~f–yu[V→V]-~i[V→V]-~:(u)te[V→N][N][Abs][Unpd][Sg]
aghveliighsiin	aghvegh-–ligh[N→V]-~:(ng₁)u[V→V]-@₁~:(u)n[V→N]-–ghte[N→V]-@₁~f–yu[V→N]-––i[N→V]-@₁~:(u)n[V→N][N][Abs][Unpd][Sg]
aghveliighsiin	aghvegh-–ligh[N→V]-~:(ng₁)u[V→V]-@₁~:(u)n[V→N]-–ghte[N→V]-@₁~f–yu[V→N]-––i[N→V]-~:(u)te[V→N][N][Abs][Unpd][Sg]
aghveliighsiin	aghvegh-–ligh[N→V]-~:(ng₁)u[V→V]-@₁~:(u)n[V→N]-–ghte[N→V]-te[V→V]-@₁~f–yu[V→V]-~i[V→V]-@₁~:(u)n[V→N][N][Abs][Unpd][Sg]
aghveliighsiin	aghvegh-–ligh[N→V]-~:(ng₁)u[V→V]-@₁~:(u)n[V→N]-–ghte[N→V]-te[V→V]-@₁~f–yu[V→V]-~i[V→V]-~:(u)te[V→N][N][Abs][Unpd][Sg]
aghveliighsiin	aghvegh-–ligh[N→V]-~:(ng₁)u[V→V]-@₁~:(u)n[V→N]-–ghte[N→V]-te[V→V]-@₁~f–yu[V→N]-––i[N→V]-@₁~:(u)n[V→N][N][Abs][Unpd][Sg]
aghveliighsiin	aghvegh-–ligh[N→V]-~:(ng₁)u[V→V]-@₁~:(u)n[V→N]-–ghte[N→V]-te[V→V]-@₁~f–yu[V→N]-––i[N→V]-~:(u)te[V→N][N][Abs][Unpd][Sg]
aghveliighsiin	aghvegh-–ligh[N→V]-~:(ng₁)u[V→V]-–ghte[V→V]-@₁~f–yu[V→V]-~i[V→V]-@₁~:(u)n[V→N][N][Abs][Unpd][Sg]
aghveliighsiin	aghvegh-–ligh[N→V]-~:(ng₁)u[V→V]-–ghte[V→V]-@₁~f–yu[V→V]-~i[V→V]-~:(u)te[V→N][N][Abs][Unpd][Sg]
aghveliighsiin	aghvegh-–ligh[N→V]-~:(ng₁)u[V→V]-–ghte[V→V]-@₁~f–yu[V→N]-––i[N→V]-@₁~:(u)n[V→N][N][Abs][Unpd][Sg]
aghveliighsiin	aghvegh-–ligh[N→V]-~:(ng₁)u[V→V]-–ghte[V→V]-@₁~f–yu[V→N]-––i[N→V]-~:(u)te[V→N][N][Abs][Unpd][Sg]
aghveliighsiin	aghvegh-–liigh[N→V]-te[V→V]-@₁~f–yu[V→V]-~i[V→V]-@₁~:(u)n[V→N][N][Abs][Unpd][Sg]
aghveliighsiin	aghvegh-–liigh[N→V]-te[V→V]-@₁~f–yu[V→V]-~i[V→V]-~:(u)te[V→N][N][Abs][Unpd][Sg]
aghveliighsiin	aghvegh-–liigh[N→V]-te[V→V]-@₁~f–yu[V→N]-––i[N→V]-@₁~:(u)n[V→N][N][Abs][Unpd][Sg]
aghveliighsiin	aghvegh-–liigh[N→V]-te[V→V]-@₁~f–yu[V→N]-––i[N→V]-~:(u)te[V→N][N][Abs][Unpd][Sg]
aghveliighsiin	aghvegh-–liigh[N→V][V][Intr][Intrg][2Sg]
aghveliighsiin	aghvegh-–liigh[N→V]-siq[V→N]-–ghte[N→V]-@₁~:(u)n[V→N][N][Abs][Unpd][Sg]
aghveliighsiin	aghvegh-–liigh[N→V]-siq[V→N]-–ghte[N→V]-te[V→V]-@₁~:(u)n[V→N][N][Abs][Unpd][Sg]
aghveliighsiin	aghvegh-–liigh[N→V]-sigh[V→V]-–ghte[V→V]-@₁~:(u)n[V→N][N][Abs][Unpd][Sg]
aghveliighsiin	aghvegh-–liigh[N→V]-sigh[V→V]-@₁~:(u)n[V→N][N][Abs][Unpd][Sg]
aghveliighsiin	aghvegh-–liigh[N→V]-sigh[V→V]-te[V→V]-@₁~:(u)n[V→N][N][Abs][Unpd][Sg]
aghveliighsiin	aghvegh-–liigh[N→V]-sigh[V→V]-~:(ng₁)u[V→V]-@₁~:(u)n[V→N][N][Abs][Unpd][Sg]
aghveliighsiin	aghvegh-–liigh[N→V]-sigh[V→V]-~:(ng₁)u[V→V]-~:(u)te[V→N][N][Abs][Unpd][Sg]
aghveliighsiin	aghvegh-–liigh[N→V]-sigh[V→V]-~:(u)te[V→N][N][Abs][Unpd][Sg]

------------------------
Angyangllaghyugsiin.

angyangllaghyugsiin	angyagh-–ngllagh[N→V]-@₁~fyug[V→V]-te[V→V]-@₁~f–yu[V→V]-~i[V→V]-@₁~:(u)n[V→N][N][Abs][Unpd][Sg]
angyangllaghyugsiin	angyagh-–ngllagh[N→V]-@₁~fyug[V→V]-te[V→V]-@₁~f–yu[V→V]-~i[V→V]-~:(u)te[V→N][N][Abs][Unpd][Sg]
angyangllaghyugsiin	angyagh-–ngllagh[N→V]-@₁~fyug[V→V]-te[V→V]-@₁~f–yu[V→N]-––i[N→V]-@₁~:(u)n[V→N][N][Abs][Unpd][Sg]
angyangllaghyugsiin	angyagh-–ngllagh[N→V]-@₁~fyug[V→V]-te[V→V]-@₁~f–yu[V→N]-––i[N→V]-~:(u)te[V→N][N][Abs][Unpd][Sg]
angyangllaghyugsiin	angyagh-–ngllagh[N→V]-@₁~fyug[V→V][V][Intr][Intrg][2Sg]
angyangllaghyugsiin	angyagh-–ngllagh[N→V]-@₁~fyug[V→V]-siq[V→N]-–ghte[N→V]-@₁~:(u)n[V→N][N][Abs][Unpd][Sg]
angyangllaghyugsiin	angyagh-–ngllagh[N→V]-@₁~fyug[V→V]-siq[V→N]-–ghte[N→V]-te[V→V]-@₁~:(u)n[V→N][N][Abs][Unpd][Sg]
angyangllaghyugsiin	angyagh-–ngllagh[N→V]-@₁~fyug[V→V]-sigh[V→V]-–ghte[V→V]-@₁~:(u)n[V→N][N][Abs][Unpd][Sg]
angyangllaghyugsiin	angyagh-–ngllagh[N→V]-@₁~fyug[V→V]-sigh[V→V]-@₁~:(u)n[V→N][N][Abs][Unpd][Sg]
angyangllaghyugsiin	angyagh-–ngllagh[N→V]-@₁~fyug[V→V]-sigh[V→V]-te[V→V]-@₁~:(u)n[V→N][N][Abs][Unpd][Sg]
angyangllaghyugsiin	angyagh-–ngllagh[N→V]-@₁~fyug[V→V]-sigh[V→V]-~:(ng₁)u[V→V]-@₁~:(u)n[V→N][N][Abs][Unpd][Sg]
angyangllaghyugsiin	angyagh-–ngllagh[N→V]-@₁~fyug[V→V]-sigh[V→V]-~:(ng₁)u[V→V]-~:(u)te[V→N][N][Abs][Unpd][Sg]
angyangllaghyugsiin	angyagh-–ngllagh[N→V]-@₁~fyug[V→V]-sigh[V→V]-~:(u)te[V→N][N][Abs][Unpd][Sg]
angyangllaghyugsiin	angyagh-–ngllagh[V→V]-@₁~fyug[V→V]-te[V→V]-@₁~f–yu[V→V]-~i[V→V]-@₁~:(u)n[V→N][N][Abs][Unpd][Sg]
angyangllaghyugsiin	angyagh-–ngllagh[V→V]-@₁~fyug[V→V]-te[V→V]-@₁~f–yu[V→V]-~i[V→V]-~:(u)te[V→N][N][Abs][Unpd][Sg]
angyangllaghyugsiin	angyagh-–ngllagh[V→V]-@₁~fyug[V→V]-te[V→V]-@₁~f–yu[V→N]-––i[N→V]-@₁~:(u)n[V→N][N][Abs][Unpd][Sg]
angyangllaghyugsiin	angyagh-–ngllagh[V→V]-@₁~fyug[V→V]-te[V→V]-@₁~f–yu[V→N]-––i[N→V]-~:(u)te[V→N][N][Abs][Unpd][Sg]
angyangllaghyugsiin	angyagh-–ngllagh[V→V]-@₁~fyug[V→V][V][Intr][Intrg][2Sg]
angyangllaghyugsiin	angyagh-–ngllagh[V→V]-@₁~fyug[V→V]-siq[V→N]-–ghte[N→V]-@₁~:(u)n[V→N][N][Abs][Unpd][Sg]
angyangllaghyugsiin	angyagh-–ngllagh[V→V]-@₁~fyug[V→V]-siq[V→N]-–ghte[N→V]-te[V→V]-@₁~:(u)n[V→N][N][Abs][Unpd][Sg]
angyangllaghyugsiin	angyagh-–ngllagh[V→V]-@₁~fyug[V→V]-sigh[V→V]-–ghte[V→V]-@₁~:(u)n[V→N][N][Abs][Unpd][Sg]
angyangllaghyugsiin	angyagh-–ngllagh[V→V]-@₁~fyug[V→V]-sigh[V→V]-@₁~:(u)n[V→N][N][Abs][Unpd][Sg]
angyangllaghyugsiin	angyagh-–ngllagh[V→V]-@₁~fyug[V→V]-sigh[V→V]-te[V→V]-@₁~:(u)n[V→N][N][Abs][Unpd][Sg]
angyangllaghyugsiin	angyagh-–ngllagh[V→V]-@₁~fyug[V→V]-sigh[V→V]-~:(ng₁)u[V→V]-@₁~:(u)n[V→N][N][Abs][Unpd][Sg]
angyangllaghyugsiin	angyagh-–ngllagh[V→V]-@₁~fyug[V→V]-sigh[V→V]-~:(ng₁)u[V→V]-~:(u)te[V→N][N][Abs][Unpd][Sg]
angyangllaghyugsiin	angyagh-–ngllagh[V→V]-@₁~fyug[V→V]-sigh[V→V]-~:(u)te[V→N][N][Abs][Unpd][Sg]
angyangllaghyugsiin	Angyat-–ngllagh[N→V]-@₁~fyug[V→V]-te[V→V]-@₁~f–yu[V→V]-~i[V→V]-@₁~:(u)n[V→N][N][Abs][Unpd][Sg]
angyangllaghyugsiin	Angyat-–ngllagh[N→V]-@₁~fyug[V→V]-te[V→V]-@₁~f–yu[V→V]-~i[V→V]-~:(u)te[V→N][N][Abs][Unpd][Sg]
angyangllaghyugsiin	Angyat-–ngllagh[N→V]-@₁~fyug[V→V]-te[V→V]-@₁~f–yu[V→N]-––i[N→V]-@₁~:(u)n[V→N][N][Abs][Unpd][Sg]
angyangllaghyugsiin	Angyat-–ngllagh[N→V]-@₁~fyug[V→V]-te[V→V]-@₁~f–yu[V→N]-––i[N→V]-~:(u)te[V→N][N][Abs][Unpd][Sg]
angyangllaghyugsiin	Angyat-–ngllagh[N→V]-@₁~fyug[V→V][V][Intr][Intrg][2Sg]
angyangllaghyugsiin	Angyat-–ngllagh[N→V]-@₁~fyug[V→V]-siq[V→N]-–ghte[N→V]-@₁~:(u)n[V→N][N][Abs][Unpd][Sg]
angyangllaghyugsiin	Angyat-–ngllagh[N→V]-@₁~fyug[V→V]-siq[V→N]-–ghte[N→V]-te[V→V]-@₁~:(u)n[V→N][N][Abs][Unpd][Sg]
angyangllaghyugsiin	Angyat-–ngllagh[N→V]-@₁~fyug[V→V]-sigh[V→V]-–ghte[V→V]-@₁~:(u)n[V→N][N][Abs][Unpd][Sg]
angyangllaghyugsiin	Angyat-–ngllagh[N→V]-@₁~fyug[V→V]-sigh[V→V]-@₁~:(u)n[V→N][N][Abs][Unpd][Sg]
angyangllaghyugsiin	Angyat-–ngllagh[N→V]-@₁~fyug[V→V]-sigh[V→V]-te[V→V]-@₁~:(u)n[V→N][N][Abs][Unpd][Sg]
angyangllaghyugsiin	Angyat-–ngllagh[N→V]-@₁~fyug[V→V]-sigh[V→V]-~:(ng₁)u[V→V]-@₁~:(u)n[V→N][N][Abs][Unpd][Sg]
angyangllaghyugsiin	Angyat-–ngllagh[N→V]-@₁~fyug[V→V]-sigh[V→V]-~:(ng₁)u[V→V]-~:(u)te[V→N][N][Abs][Unpd][Sg]
angyangllaghyugsiin	Angyat-–ngllagh[N→V]-@₁~fyug[V→V]-sigh[V→V]-~:(u)te[V→N][N][Abs][Unpd][Sg]

------------------------
Qakun tukfighlleqsikek walguyaagegka.

qakun	qakun

tukfighlleqsikek	tukfigh-–ghte[V→V]-@₁lleqe[V→V][V][Trns][Intrg][2Sg][3Du]
tukfighlleqsikek	tukfigh-te[V→V]-@₁lleqe[V→V][V][Trns][Intrg][2Sg][3Du]
tukfighlleqsikek	tukfigh-@₁lleqe[V→V][V][Trns][Intrg][2Sg][3Du]

walguyaagegka	walguyaag[N][Abs][1SgPoss][DuPosd]

------------------------
Qikmighllalguziin.

qikmighllalguziin	qikmigh-––i[N→V]-@₁~:(u)n[V→N]-–ghllag[N→N]-–leg[N→N]-~:(ng₁)u[N→V][V][Intr][Intrg][2Sg]
qikmighllalguziin	qikmigh-––i[N→V]-@₁~:(u)n[V→N]-–ghllag[N→N]-–lgu[N→V][V][Intr][Intrg][2Sg]
qikmighllalguziin	qikmigh-––i[N→V]-@₁~:(u)n[V→N]-–ghllak[N→N]-–leg[N→N]-~:(ng₁)u[N→V][V][Intr][Intrg][2Sg]
qikmighllalguziin	qikmigh-––i[N→V]-@₁~:(u)n[V→N]-–ghllak[N→N]-–lgu[N→V][V][Intr][Intrg][2Sg]
qikmighllalguziin	qikmigh-–ghllag[N→N]-–leg[N→N]-~:(ng₁)u[N→V][V][Intr][Intrg][2Sg]
qikmighllalguziin	qikmigh-–ghllag[N→N]-–lgu[N→V][V][Intr][Intrg][2Sg]
qikmighllalguziin	qikmigh-–ghllak[N→N]-–leg[N→N]-~:(ng₁)u[N→V][V][Intr][Intrg][2Sg]
qikmighllalguziin	qikmigh-–ghllak[N→N]-–lgu[N→V][V][Intr][Intrg][2Sg]

------------------------
Naken ukigestek.

naken	na-@₁~:(u)n[V→N]-~–ke[N→N][N][Abs][2SgPoss][SgPosd]
naken	na-@*@₂~sf–(g₂)k(a)e[V→N][N][Abs][2SgPoss][SgPosd]
naken	na[V][Trns][Ptcp][2Sg][3Sg]
naken	naken
naken	nakete[N][Abs][Unpd][Sg]

ukigestek	ukig[V][Intr][Intrg][2Du]

------------------------
Navek mayughestek.

navek	navek

mayughestek	mayugh[V][Intr][Intrg][2Du]

------------------------
Nani esghaghsigu kaviighem riigtenga.

nani	na-@₁~:(u)te[V→V]-@₁~fni[V→V][V][Intr][Opt][PRS][2Sg]
nani	na-@₁~:(u)te[V→V]-@₁~fni[Cmpd_Vbl][V][Intr][Opt][PRS][2Sg]
nani	na-@₁~:(u)n[V→N][N][Abs][4SgPoss][SgPosd]
nani	na-@₁~:(u)n[V→N][N][Abs][4SgPoss][PlPosd]
nani	na-@₁~:(u)n[V→N][N][Abs][3SgPoss][PlPosd]
nani	na-@₁~fni[V→V][V][Intr][Opt][PRS][2Sg]
nani	na-@₁~fni[Cmpd_Vbl][V][Intr][Opt][PRS][2Sg]
nani	na-~:(u)te[V→V]-@₁~fni[V→V][V][Intr][Opt][PRS][2Sg]
nani	na-~:(u)te[V→V]-@₁~fni[Cmpd_Vbl][V][Intr][Opt][PRS][2Sg]
nani	nanugh-––i[N→V][V][Intr][Opt][PRS][2Sg]
nani	nanigh-––i[N→V][V][Intr][Opt][PRS][2Sg]
nani	nani
nani	nani[N][Abs][Unpd][Sg]
nani	na-neq[V→N]-––i[N→V][V][Intr][Opt][PRS][2Sg]

esghaghsigu	esghagh[V][Trns][Intrg][2Sg][3Sg]
esghaghsigu	esghagh-siq[V→N]-––i[N→V][V][Trns][Opt][PRS][2Sg][3Sg]

kaviighem	kaviigh[N][Rel][Unpd][Sg]

riigtenga	riigte-–nge[N→V][V][Intr][Intrg][3Sg]
riigtenga	riigte[N][Abs][3SgPoss][SgPosd]

------------------------
Sangita nalluksiki taghnughhaghma aatghit.

sangita	sa-@₁~:(u)n[V→N]-–nge[N→V]-~i[V→V]-@₁~:(u)te[V→V][V][Intr][Intrg][3Sg]
sangita	sa-@₁~:(u)n[V→N]-–nge[N→V]-~i[V→V]-@₁~:(u)ta[V→N][N][Abs][Unpd][Sg]
sangita	sa-@₁~:(u)n[V→N]-–nge[N→V]-~i[V→V]-~:(u)te[V→V][V][Intr][Intrg][3Sg]
sangita	sa-@₁~:(u)n[V→N]-–nge[N→V]-~i[V→V]-~:(u)te[V→N][N][Abs][Unpd][Sg]
sangita	sa-@₁~:(u)n[V→N]-–nge[N→V]-~i[V→V]-~:(u)ta[V→N][N][Abs][Unpd][Sg]
sangita	sa-@₁~:(u)n[V→N]-–nge[N→V]-~i[V→V]-te[V→V][V][Intr][Intrg][3Sg]
sangita	sa-~:(ng₁)ite[N→V][V][Intr][Intrg][3Sg]
sangita	sa-~:(ng₁)ite[V→V][V][Intr][Intrg][3Sg]
sangita	sa-~:(ng₁)ite**[N→V][V][Intr][Intrg][3Sg]
sangita	sa-–nge[N→V]-~i[V→V]-@₁~:(u)te[V→V][V][Intr][Intrg][3Sg]
sangita	sa-–nge[N→V]-~i[V→V]-@₁~:(u)ta[V→N][N][Abs][Unpd][Sg]
sangita	sa-–nge[N→V]-~i[V→V]-~:(u)te[V→V][V][Intr][Intrg][3Sg]
sangita	sa-–nge[N→V]-~i[V→V]-~:(u)te[V→N][N][Abs][Unpd][Sg]
sangita	sa-–nge[N→V]-~i[V→V]-~:(u)ta[V→N][N][Abs][Unpd][Sg]
sangita	sa-–nge[N→V]-~i[V→V]-te[V→V][V][Intr][Intrg][3Sg]
sangita	sa[N][Abs][3SgPoss][PlPosd]-ta[Encl]
sangita	sa[N][Rel][3DuPoss][PlPosd]
sangita	sa[N][Rel][3DuPoss][SgPosd]
sangita	sa[N][Rel][3PlPoss][PlPosd]
sangita	sa[N][Rel][3PlPoss][SgPosd]
sangita	sangagh-––i[N→V]-@₁~:(u)te[V→V][V][Intr][Intrg][3Sg]
sangita	sangagh-––i[N→V]-@₁~:(u)ta[V→N][N][Abs][Unpd][Sg]
sangita	sangagh-––i[N→V]-~:(u)te[V→V][V][Intr][Intrg][3Sg]
sangita	sangagh-––i[N→V]-~:(u)te[V→N][N][Abs][Unpd][Sg]
sangita	sangagh-––i[N→V]-~:(u)ta[V→N][N][Abs][Unpd][Sg]
sangita	sangagh-––i[N→V]-te[V→V][V][Intr][Intrg][3Sg]

nalluksiki	na-@₁~:(u)n[V→N]-–lluk[N→N]-si[N→V]-@₁~:(u)n[V→N]-~–ke[N→V]-~i[V→V][V][Intr][Opt][PRS][2Sg]
nalluksiki	na-@₁~:(u)n[V→N]-–lluk[N→N]-si[N→V]-@₁~:(u)n[V→N]-~–ke[N→V][V][Intr][Opt][PRS][2Sg]
nalluksiki	na-@₁~:(u)n[V→N]-–lluk[N→N]-si[N→V]-@₁~:(u)n[V→N]-~–ke[N→N]-––i[N→V][V][Intr][Opt][PRS][2Sg]
nalluksiki	na-@₁~:(u)n[V→N]-–lluk[N→N]-si[N→V]-@*@₂~sf–(g₂)k(a)e[V→N]-––i[N→V][V][Intr][Opt][PRS][2Sg]
nalluksiki	na-@₁~:(u)n[V→N]-–lluk[N→N]-si[N→V][V][Trns][Opt][PRS][2Sg][3Pl]
nalluksiki	na-@₁~:(u)n[V→N]-–lluk[N→N]-si[N→V][V][Trns][Intrg][2Pl][3Pl]
nalluksiki	nalluke[V][Trns][Intrg][2Sg][3Pl]

taghnughhaghma	taghnughhagh*[N][Rel][1SgPoss][SgPosd]
taghnughhaghma	taghnughhagh*[N][Rel][1SgPoss][PlPosd]

aatghit	ategh[N][Abs][3PlPoss][PlPosd]
aatghit	Ategh[N][Abs][3PlPoss][PlPosd]

------------------------
Nani qavaghestek ighivgaq.

nani	na-@₁~:(u)te[V→V]-@₁~fni[V→V][V][Intr][Opt][PRS][2Sg]
nani	na-@₁~:(u)te[V→V]-@₁~fni[Cmpd_Vbl][V][Intr][Opt][PRS][2Sg]
nani	na-@₁~:(u)n[V→N][N][Abs][4SgPoss][SgPosd]
nani	na-@₁~:(u)n[V→N][N][Abs][4SgPoss][PlPosd]
nani	na-@₁~:(u)n[V→N][N][Abs][3SgPoss][PlPosd]
nani	na-@₁~fni[V→V][V][Intr][Opt][PRS][2Sg]
nani	na-@₁~fni[Cmpd_Vbl][V][Intr][Opt][PRS][2Sg]
nani	na-~:(u)te[V→V]-@₁~fni[V→V][V][Intr][Opt][PRS][2Sg]
nani	na-~:(u)te[V→V]-@₁~fni[Cmpd_Vbl][V][Intr][Opt][PRS][2Sg]
nani	nanugh-––i[N→V][V][Intr][Opt][PRS][2Sg]
nani	nanigh-––i[N→V][V][Intr][Opt][PRS][2Sg]
nani	nani
nani	nani[N][Abs][Unpd][Sg]
nani	na-neq[V→N]-––i[N→V][V][Intr][Opt][PRS][2Sg]

qavaghestek	qavagh[V][Intr][Intrg][2Du]

ighivgaq	ighivgaq

------------------------
Navek llinaqsigu neqeka.

navek	navek

llinaqsigu	lli-@₁~:(u)te[V→V]-@₁~fnaqe[V→V][V][Trns][Intrg][2Sg][3Sg]
llinaqsigu	lli-@₁~:(u)te[V→V]-@₁~fnaq[V→N]-si[N→V][V][Trns][Opt][PRS][2Sg][3Sg]
llinaqsigu	lli-@₁~fnaqe[V→V][V][Trns][Intrg][2Sg][3Sg]
llinaqsigu	lli-@₁~fnaq[V→N]-si[N→V][V][Trns][Opt][PRS][2Sg][3Sg]
llinaqsigu	lli-~:(u)te[V→V]-@₁~fnaqe[V→V][V][Trns][Intrg][2Sg][3Sg]
llinaqsigu	lli-~:(u)te[V→V]-@₁~fnaq[V→N]-si[N→V][V][Trns][Opt][PRS][2Sg][3Sg]

------------------------
Qavngaq laalighsigu apeghtughisten.

qavngaq	qavngaq

laalighsigu	laag-–ligh[N→V][V][Trns][Intrg][2Sg][3Sg]
laalighsigu	laagh-–ligh[N→V][V][Trns][Intrg][2Sg][3Sg]
laalighsigu	laalit-––igh[N→V][V][Trns][Intrg][2Sg][3Sg]
laalighsigu	laaligh-––igh[N→V][V][Trns][Intrg][2Sg][3Sg]
laalighsigu	laaligh-siq[N→N]-––i[N→V][V][Trns][Opt][PRS][2Sg][3Sg]
laalighsigu	laaligh-si[N→V][V][Trns][Opt][PRS][2Sg][3Sg]

apeghtughisten	apeghtugh-aq[V→N]-––i[N→V]-(te)ste[V→V][V][Intr][Opt][PRS][2Sg]
apeghtughisten	apeghtugh-aq[V→N]-––i[N→V]-(te)ste[Cmpd_Vbl][V][Intr][Opt][PRS][2Sg]
apeghtughisten	apeghtugh-~i[V→V]-(te)ste[V→V][V][Intr][Opt][PRS][2Sg]
apeghtughisten	apeghtugh-~i[V→V]-(te)ste[Cmpd_Vbl][V][Intr][Opt][PRS][2Sg]
apeghtughisten	apeghtughiste[N][Abs][2SgPoss][SgPosd]

------------------------
Sangavek kaanneghisin ighivgaq.

sangavek	sa[V][Intr][CnsqI][2Sg]

kaanneghisin	kaate-@₁–nghite[V→V][V][Intr][Intrg][2Sg]
kaanneghisin	kaate-@₁–nghite**[V→V][V][Intr][Intrg][2Sg]
kaanneghisin	kaate-@₁–negh[V→N]-––i[N→V]-@₁~:(u)te[V→V][V][Intr][Intrg][2Sg]
kaanneghisin	kaate-@₁–negh[V→N]-––i[N→V]-~:(u)te[V→V][V][Intr][Intrg][2Sg]
kaanneghisin	kaate-@₁–negh[V→N]-––i[N→V]-te[V→V][V][Intr][Intrg][2Sg]

ighivgaq	ighivgaq

------------------------
Qafsinaneng nanumeng esghaatetsi.

qafsinaneng	qafsig-––i[N→V]-@₁~:(u)n[V→N][N][Abl_Mod][3SgPoss][SgPosd]
qafsinaneng	qafsig-––i[N→V]-@₁~:(u)n[V→N][N][Abl_Mod][3SgPoss][PlPosd]
qafsinaneng	qafsina[N][Abl_Mod][Unpd][Pl]

nanumeng	nanugh[N][Abl_Mod][Unpd][Sg]
nanumeng	nanugh[N][Rel][4DuPoss][PlPosd]
nanumeng	nanugh[N][Rel][4DuPoss][SgPosd]
nanumeng	nanugh[N][Rel][4PlPoss][PlPosd]
nanumeng	nanugh[N][Rel][4PlPoss][SgPosd]

esghaatetsi	esghagh-–ghte[V→V]-@₁~:(u)te[V→V][V][Intr][Intrg][2Pl]
esghaatetsi	esghaate[V][Intr][Intrg][2Pl]
esghaatetsi	esghagh-@₁~:(u)te[V→V][V][Intr][Intrg][2Pl]
esghaatetsi	esghagh-te[V→V]-@₁~:(u)te[V→V][V][Intr][Intrg][2Pl]
esghaatetsi	esghagh-~:(ng₁)u[V→V]-@₁~:(u)te[V→V][V][Intr][Intrg][2Pl]
esghaatetsi	esghagh-~:(ng₁)u[V→V]-~:(u)te[V→V][V][Intr][Intrg][2Pl]
esghaatetsi	esghagh-~:(ng₁)u[V→V]-te[V→V][V][Intr][Intrg][2Pl]
esghaatetsi	esghagh-~:(u)te[V→V][V][Intr][Intrg][2Pl]
esghaatetsi	esghaghte-@₁~:(u)te[V→V][V][Intr][Intrg][2Pl]

------------------------
Qakun kayusighlleqsinga.

qakun	qakun

kayusighlleqsinga	kayusigh-–ghte[V→V]-@₁lleqe[V→V][V][Intr][Intrg][1Sg]
kayusighlleqsinga	kayusigh-–ghte[V→V]-@₁lleqe[V→V][V][Trns][Intrg][2Sg][1Sg]
kayusighlleqsinga	kayusigh-te[V→V]-@₁lleqe[V→V][V][Intr][Intrg][1Sg]
kayusighlleqsinga	kayusigh-te[V→V]-@₁lleqe[V→V][V][Trns][Intrg][2Sg][1Sg]
kayusighlleqsinga	kayusigh-@₁lleqe[V→V][V][Intr][Intrg][1Sg]
kayusighlleqsinga	kayusigh-@₁lleqe[V→V][V][Trns][Intrg][2Sg][1Sg]
kayusighlleqsinga	kayu-siq[N→N]-––i[N→V]-@₁~:(u)n[V→N]-–ghte[N→V]-te[V→V]-@₁lleqe[V→V][V][Intr][Intrg][1Sg]
kayusighlleqsinga	kayu-siq[N→N]-––i[N→V]-@₁~:(u)n[V→N]-–ghte[N→V]-te[V→V]-@₁lleqe[V→V][V][Trns][Intrg][2Sg][1Sg]
kayusighlleqsinga	kayu-siq[N→N]-––i[N→V]-@₁~:(u)n[V→N]-–ghte[N→V]-@₁lleqe[V→V][V][Intr][Intrg][1Sg]
kayusighlleqsinga	kayu-siq[N→N]-––i[N→V]-@₁~:(u)n[V→N]-–ghte[N→V]-@₁lleqe[V→V][V][Trns][Intrg][2Sg][1Sg]
kayusighlleqsinga	kayu-siq[N→N]-––i[N→V]-–ghte[V→V]-@₁lleqe[V→V][V][Intr][Intrg][1Sg]
kayusighlleqsinga	kayu-siq[N→N]-––i[N→V]-–ghte[V→V]-@₁lleqe[V→V][V][Trns][Intrg][2Sg][1Sg]
kayusighlleqsinga	kayu-siq[N→N]-––igh[N→V]-–ghte[V→V]-@₁lleqe[V→V][V][Intr][Intrg][1Sg]
kayusighlleqsinga	kayu-siq[N→N]-––igh[N→V]-–ghte[V→V]-@₁lleqe[V→V][V][Trns][Intrg][2Sg][1Sg]
kayusighlleqsinga	kayu-siq[N→N]-––igh[N→V]-te[V→V]-@₁lleqe[V→V][V][Intr][Intrg][1Sg]
kayusighlleqsinga	kayu-siq[N→N]-––igh[N→V]-te[V→V]-@₁lleqe[V→V][V][Trns][Intrg][2Sg][1Sg]
kayusighlleqsinga	kayu-siq[N→N]-––igh[N→V]-@₁lleqe[V→V][V][Intr][Intrg][1Sg]
kayusighlleqsinga	kayu-siq[N→N]-––igh[N→V]-@₁lleqe[V→V][V][Trns][Intrg][2Sg][1Sg]
kayusighlleqsinga	kayu-siq[N→N]-–ghte[N→V]-te[V→V]-@₁lleqe[V→V][V][Intr][Intrg][1Sg]
kayusighlleqsinga	kayu-siq[N→N]-–ghte[N→V]-te[V→V]-@₁lleqe[V→V][V][Trns][Intrg][2Sg][1Sg]
kayusighlleqsinga	kayu-siq[N→N]-–ghte[N→V]-@₁lleqe[V→V][V][Intr][Intrg][1Sg]
kayusighlleqsinga	kayu-siq[N→N]-–ghte[N→V]-@₁lleqe[V→V][V][Trns][Intrg][2Sg][1Sg]
kayusighlleqsinga	kayu-si[N→V]-@₁~:(u)n[V→N]-–ghte[N→V]-te[V→V]-@₁lleqe[V→V][V][Intr][Intrg][1Sg]
kayusighlleqsinga	kayu-si[N→V]-@₁~:(u)n[V→N]-–ghte[N→V]-te[V→V]-@₁lleqe[V→V][V][Trns][Intrg][2Sg][1Sg]
kayusighlleqsinga	kayu-si[N→V]-@₁~:(u)n[V→N]-–ghte[N→V]-@₁lleqe[V→V][V][Intr][Intrg][1Sg]
kayusighlleqsinga	kayu-si[N→V]-@₁~:(u)n[V→N]-–ghte[N→V]-@₁lleqe[V→V][V][Trns][Intrg][2Sg][1Sg]
kayusighlleqsinga	kayu-si[N→V]-–ghte[V→V]-@₁lleqe[V→V][V][Intr][Intrg][1Sg]
kayusighlleqsinga	kayu-si[N→V]-–ghte[V→V]-@₁lleqe[V→V][V][Trns][Intrg][2Sg][1Sg]

------------------------
