Sameng atan ivaghta

sameng	sa[N][Abl_Mod][Unpd][Sg]
sameng	sa[N][Rel][4DuPoss][PlPosd]
sameng	sa[N][Rel][4DuPoss][SgPosd]
sameng	sa[N][Rel][4PlPoss][PlPosd]
sameng	sa[N][Rel][4PlPoss][SgPosd]
sameng	sameng

atan	ata[N][Abs][2SgPoss][SgPosd]

ivaghta	ivagh-–ghte[V→V][V][Intr][Intrg][3Sg]
ivaghta	ivagh-(s)ta[V→N][N][Abs][Unpd][Sg]
ivaghta	ivagh[V][Intr][Intrg][3Sg]
ivaghta	ivagh-te[V→V][V][Intr][Intrg][3Sg]

------------------------
Kinangaawa

kinangaawa	kinangagh-~:(ng₁)u[N→V][V][Intr][Intrg][3Sg]

------------------------
Kinkungaawat aqelqat

kinkungaawat	kinkungagh-~:(ng₁)u[N→V][V][Intr][Intrg][3Pl]

aqelqat	aqelqagh[N][Abs][Unpd][Pl]
aqelqat	aqelqagh[N][Rel][Unpd][Pl]

------------------------
Kitum qiyastaten

kitum	kitum
kitum	kitum[N][Abs][Unpd][Sg]

qiyastaten	qiya-(te)ste[V→V][V][Trns][Intrg][3Sg][2Sg]
qiyastaten	qiya-(te)ste[V→V][V][Trns][Intrg][3Pl][2Sg]
qiyastaten	qiya-(te)ste[V→V][V][Trns][Intrg][3Du][2Sg]
qiyastaten	qiya-(te)ste[V→V][V][Trns][Ind][2Sg][3Pl]
qiyastaten	qiya-(te)ste[Cmpd_Vbl][V][Trns][Intrg][3Sg][2Sg]
qiyastaten	qiya-(te)ste[Cmpd_Vbl][V][Trns][Intrg][3Pl][2Sg]
qiyastaten	qiya-(te)ste[Cmpd_Vbl][V][Trns][Intrg][3Du][2Sg]
qiyastaten	qiya-(te)ste[Cmpd_Vbl][V][Trns][Ind][2Sg][3Pl]
qiyastaten	qiya-(s)ta[V→N][N][Abs][2SgPoss][PlPosd]
qiyastaten	qiya-(s)ta[V→N]-te[N→V][V][Intr][Opt][PRS][2Sg]
qiyastaten	qiya-(s)ta[V→N][N][Abs][2SgPoss][PlPosd]

------------------------
Nengyughpek ighivgaq ungipaghaatagu ighneghaan

nengyughpek	nengyugh[N][Rel][2SgPoss][PlPosd]
nengyughpek	nengyugh[N][Rel][2SgPoss][SgPosd]

ighivgaq	ighivgaq

ungipaghaatagu	ungipagh-–ghagh*[N→N]-–ghte[N→V]-@₁~:(u)te[V→V][V][Trns][Intrg][3Sg][3Sg]
ungipaghaatagu	ungipagh-–ghagh*[N→N]-–ghte[N→V]-te[V→V]-@₁~:(u)te[V→V][V][Trns][Intrg][3Sg][3Sg]
ungipaghaatagu	ungipagh-–ghagh*[N→N]-te[N→V]-@₁~:(u)te[V→V][V][Trns][Intrg][3Sg][3Sg]
ungipaghaatagu	ungipagh-–ghagh*[N→N]-te[N→V]-te[V→V]-@₁~:(u)te[V→V][V][Trns][Intrg][3Sg][3Sg]
ungipaghaatagu	ungipagh-–ghagh*[N→N]-~:(ng₁)u[N→V]-@₁~:(u)te[V→V][V][Trns][Intrg][3Sg][3Sg]
ungipaghaatagu	ungipagh-–ghagh*[N→N]-~:(ng₁)u[N→V]-~:(u)te[V→V][V][Trns][Intrg][3Sg][3Sg]
ungipaghaatagu	ungipagh-–ghagh*[N→N]-~:(ng₁)u[N→V]-te[V→V][V][Trns][Intrg][3Sg][3Sg]
ungipaghaatagu	ungipagh-~aghte[V→V]-@₁~:(u)te[V→V][V][Trns][Intrg][3Sg][3Sg]
ungipaghaatagu	ungipaghagh-–ghte[N→V]-@₁~:(u)te[V→V][V][Trns][Intrg][3Sg][3Sg]
ungipaghaatagu	ungipaghagh-–ghte[N→V]-te[V→V]-@₁~:(u)te[V→V][V][Trns][Intrg][3Sg][3Sg]
ungipaghaatagu	ungipaghagh-–ghte[V→V]-@₁~:(u)te[V→V][V][Trns][Intrg][3Sg][3Sg]
ungipaghaatagu	ungipaghaate[V][Trns][Intrg][3Sg][3Sg]
ungipaghaatagu	ungipaghagh-@₁~:(u)te[V→V][V][Trns][Intrg][3Sg][3Sg]
ungipaghaatagu	ungipaghagh-te[N→V]-@₁~:(u)te[V→V][V][Trns][Intrg][3Sg][3Sg]
ungipaghaatagu	ungipaghagh-te[V→V]-@₁~:(u)te[V→V][V][Trns][Intrg][3Sg][3Sg]
ungipaghaatagu	ungipaghagh-~:(ng₁)u[N→V]-@₁~:(u)te[V→V][V][Trns][Intrg][3Sg][3Sg]
ungipaghaatagu	ungipaghagh-~:(ng₁)u[N→V]-~:(u)te[V→V][V][Trns][Intrg][3Sg][3Sg]
ungipaghaatagu	ungipaghagh-~:(ng₁)u[N→V]-te[V→V][V][Trns][Intrg][3Sg][3Sg]
ungipaghaatagu	ungipaghagh-~:(ng₁)u[V→V]-@₁~:(u)te[V→V][V][Trns][Intrg][3Sg][3Sg]
ungipaghaatagu	ungipaghagh-~:(ng₁)u[V→V]-~:(u)te[V→V][V][Trns][Intrg][3Sg][3Sg]
ungipaghaatagu	ungipaghagh-~:(ng₁)u[V→V]-te[V→V][V][Trns][Intrg][3Sg][3Sg]
ungipaghaatagu	ungipaghagh-~:(u)te[V→V][V][Trns][Intrg][3Sg][3Sg]
ungipaghaatagu	ungipagh-aq[V→N]-–ghte[N→V]-@₁~:(u)te[V→V][V][Trns][Intrg][3Sg][3Sg]
ungipaghaatagu	ungipagh-aq[V→N]-–ghte[N→V]-te[V→V]-@₁~:(u)te[V→V][V][Trns][Intrg][3Sg][3Sg]
ungipaghaatagu	ungipagh-ate[N→V]-@₁~:(u)te[V→V][V][Trns][Intrg][3Sg][3Sg]
ungipaghaatagu	ungipagh-agh[N→V]-–ghte[V→V]-@₁~:(u)te[V→V][V][Trns][Intrg][3Sg][3Sg]
ungipaghaatagu	ungipagh-agh[N→V]-@₁~:(u)te[V→V][V][Trns][Intrg][3Sg][3Sg]
ungipaghaatagu	ungipagh-agh[N→V]-te[V→V]-@₁~:(u)te[V→V][V][Trns][Intrg][3Sg][3Sg]
ungipaghaatagu	ungipagh-agh[N→V]-~:(ng₁)u[V→V]-@₁~:(u)te[V→V][V][Trns][Intrg][3Sg][3Sg]
ungipaghaatagu	ungipagh-agh[N→V]-~:(ng₁)u[V→V]-~:(u)te[V→V][V][Trns][Intrg][3Sg][3Sg]
ungipaghaatagu	ungipagh-agh[N→V]-~:(ng₁)u[V→V]-te[V→V][V][Trns][Intrg][3Sg][3Sg]
ungipaghaatagu	ungipagh-agh[N→V]-~:(u)te[V→V][V][Trns][Intrg][3Sg][3Sg]
ungipaghaatagu	ungipagh-aate[V→V][V][Trns][Intrg][3Sg][3Sg]
ungipaghaatagu	Ungipagh-–ghagh*[N→N]-–ghte[N→V]-@₁~:(u)te[V→V][V][Trns][Intrg][3Sg][3Sg]
ungipaghaatagu	Ungipagh-–ghagh*[N→N]-–ghte[N→V]-te[V→V]-@₁~:(u)te[V→V][V][Trns][Intrg][3Sg][3Sg]
ungipaghaatagu	Ungipagh-–ghagh*[N→N]-te[N→V]-@₁~:(u)te[V→V][V][Trns][Intrg][3Sg][3Sg]
ungipaghaatagu	Ungipagh-–ghagh*[N→N]-te[N→V]-te[V→V]-@₁~:(u)te[V→V][V][Trns][Intrg][3Sg][3Sg]
ungipaghaatagu	Ungipagh-–ghagh*[N→N]-~:(ng₁)u[N→V]-@₁~:(u)te[V→V][V][Trns][Intrg][3Sg][3Sg]
ungipaghaatagu	Ungipagh-–ghagh*[N→N]-~:(ng₁)u[N→V]-~:(u)te[V→V][V][Trns][Intrg][3Sg][3Sg]
ungipaghaatagu	Ungipagh-–ghagh*[N→N]-~:(ng₁)u[N→V]-te[V→V][V][Trns][Intrg][3Sg][3Sg]
ungipaghaatagu	Ungipagh-ate[N→V]-@₁~:(u)te[V→V][V][Trns][Intrg][3Sg][3Sg]
ungipaghaatagu	Ungipagh-agh[N→V]-–ghte[V→V]-@₁~:(u)te[V→V][V][Trns][Intrg][3Sg][3Sg]
ungipaghaatagu	Ungipagh-agh[N→V]-@₁~:(u)te[V→V][V][Trns][Intrg][3Sg][3Sg]
ungipaghaatagu	Ungipagh-agh[N→V]-te[V→V]-@₁~:(u)te[V→V][V][Trns][Intrg][3Sg][3Sg]
ungipaghaatagu	Ungipagh-agh[N→V]-~:(ng₁)u[V→V]-@₁~:(u)te[V→V][V][Trns][Intrg][3Sg][3Sg]
ungipaghaatagu	Ungipagh-agh[N→V]-~:(ng₁)u[V→V]-~:(u)te[V→V][V][Trns][Intrg][3Sg][3Sg]
ungipaghaatagu	Ungipagh-agh[N→V]-~:(ng₁)u[V→V]-te[V→V][V][Trns][Intrg][3Sg][3Sg]
ungipaghaatagu	Ungipagh-agh[N→V]-~:(u)te[V→V][V][Trns][Intrg][3Sg][3Sg]

ighneghaan	ighnegh-–ghagh*[N→N]-–ghte[N→V]-@₁~:(u)n[V→N][N][Abs][Unpd][Sg]
ighneghaan	ighnegh-–ghagh*[N→N]-–ghte[N→V]-te[V→V]-@₁~:(u)n[V→N][N][Abs][Unpd][Sg]
ighneghaan	ighnegh-–ghagh*[N→N]-te[N→V]-@₁~:(u)n[V→N][N][Abs][Unpd][Sg]
ighneghaan	ighnegh-–ghagh*[N→N]-te[N→V]-te[V→V]-@₁~:(u)n[V→N][N][Abs][Unpd][Sg]
ighneghaan	ighnegh-–ghagh*[N→N]-~:(ng₁)u[N→V]-@₁~:(u)n[V→N][N][Abs][Unpd][Sg]
ighneghaan	ighnegh-–ghagh*[N→N]-~:(ng₁)u[N→V]-~:(u)te[V→N][N][Abs][Unpd][Sg]
ighneghaan	ighnegh-–ghagh*[N→N][N][Abs][2SgPoss][SgPosd]
ighneghaan	ighnegh-–ghagh*[N→N][N][Rel][3SgPoss][SgPosd]
ighneghaan	ighnegh-–ghagh*[N→N][N][Rel][3SgPoss][PlPosd]
ighneghaan	ighneghagh-–ghte[N→V]-@₁~:(u)n[V→N][N][Abs][Unpd][Sg]
ighneghaan	ighneghagh-–ghte[N→V]-te[V→V]-@₁~:(u)n[V→N][N][Abs][Unpd][Sg]
ighneghaan	ighneghagh-te[N→V]-@₁~:(u)n[V→N][N][Abs][Unpd][Sg]
ighneghaan	ighneghagh-~:(ng₁)u[N→V]-@₁~:(u)n[V→N][N][Abs][Unpd][Sg]
ighneghaan	ighneghagh-~:(ng₁)u[N→V]-~:(u)te[V→N][N][Abs][Unpd][Sg]
ighneghaan	ighneghagh[N][Rel][3SgPoss][SgPosd]
ighneghaan	ighneghagh[N][Rel][3SgPoss][PlPosd]
ighneghaan	ighnegh-ate[N→V]-@₁~:(u)n[V→N][N][Abs][Unpd][Sg]
ighneghaan	ighnegh-agh[N→V]-–ghte[V→V]-@₁~:(u)n[V→N][N][Abs][Unpd][Sg]
ighneghaan	ighnegh-agh[N→V]-@₁~:(u)n[V→N][N][Abs][Unpd][Sg]
ighneghaan	ighnegh-agh[N→V]-te[V→V]-@₁~:(u)n[V→N][N][Abs][Unpd][Sg]
ighneghaan	ighnegh-agh[N→V]-~:(ng₁)u[V→V]-@₁~:(u)n[V→N][N][Abs][Unpd][Sg]
ighneghaan	ighnegh-agh[N→V]-~:(ng₁)u[V→V]-~:(u)te[V→N][N][Abs][Unpd][Sg]
ighneghaan	ighnegh-agh[N→V]-~:(u)te[V→N][N][Abs][Unpd][Sg]

------------------------
Neghegkaawaa

neghegkaawaa	neghe-~sf–(g₃)kau[V→V][V][Intr][Intrg][3Sg]
neghegkaawaa	neghe-~sf–(g₃)kau[V→V][V][Trns][Ind][3Sg][3Sg]

------------------------
Nani yughaghtem payeghtagu nuzin

nani	na-@₁~:(u)te[V→V]-@₁~fni[V→V][V][Intr][Opt][PRS][2Sg]
nani	na-@₁~:(u)te[V→V]-@₁~fni[Cmpd_Vbl][V][Intr][Opt][PRS][2Sg]
nani	na-@₁~:(u)n[V→N][N][Abs][4SgPoss][SgPosd]
nani	na-@₁~:(u)n[V→N][N][Abs][4SgPoss][PlPosd]
nani	na-@₁~:(u)n[V→N][N][Abs][3SgPoss][PlPosd]
nani	na-@₁~fni[V→V][V][Intr][Opt][PRS][2Sg]
nani	na-@₁~fni[Cmpd_Vbl][V][Intr][Opt][PRS][2Sg]
nani	na-~:(u)te[V→V]-@₁~fni[V→V][V][Intr][Opt][PRS][2Sg]
nani	na-~:(u)te[V→V]-@₁~fni[Cmpd_Vbl][V][Intr][Opt][PRS][2Sg]
nani	nanugh-––i[N→V][V][Intr][Opt][PRS][2Sg]
nani	nanigh-––i[N→V][V][Intr][Opt][PRS][2Sg]
nani	nani
nani	nani[N][Abs][Unpd][Sg]
nani	na-neq[V→N]-––i[N→V][V][Intr][Opt][PRS][2Sg]

yughaghtem	yughaghte[N][Rel][Unpd][Sg]

payeghtagu	paye-–ghte[N→V][V][Trns][Intrg][3Sg][3Sg]
payeghtagu	payegh-–ghte[V→V][V][Trns][Intrg][3Sg][3Sg]
payeghtagu	payegh[V][Trns][Intrg][3Sg][3Sg]
payeghtagu	payegh-te[V→V][V][Trns][Intrg][3Sg][3Sg]

nuzin	nuzigh-––i[N→V]-@₁~:(u)n[V→N][N][Abs][Unpd][Sg]
nuzin	nuzigh-––i[N→V]-~:(u)te[V→N][N][Abs][Unpd][Sg]
nuzin	nuzigh[N][Abs][2SgPoss][SgPosd]

------------------------
Naliita qikmima amqeghtaten

naliita	na-@₁~:(u)te[V→V]-@₁lugh[V→V]-~:(ng₁)ite[V→V][V][Intr][Intrg][3Sg]
naliita	na-@₁~:(u)n[V→N]-–li[N→V]-@₁~:(u)te[V→V]-@₁~:(u)te[V→V][V][Intr][Intrg][3Sg]
naliita	na-@₁~:(u)n[V→N]-–li[N→V]-@₁~:(u)te[V→V]-@₁~:(u)ta[V→N][N][Abs][Unpd][Sg]
naliita	na-@₁~:(u)n[V→N]-–li[N→V]-@₁~:(u)n[V→N]-–ghte[N→V]-@₁~:(u)te[V→V][V][Intr][Intrg][3Sg]
naliita	na-@₁~:(u)n[V→N]-–li[N→V]-@₁~:(u)n[V→N]-–ghte[N→V]-@₁~:(u)ta[V→N][N][Abs][Unpd][Sg]
naliita	na-@₁~:(u)n[V→N]-–li[N→V]-@₁~:(u)n[V→N]-–ghte[N→V]-te[V→V]-@₁~:(u)te[V→V][V][Intr][Intrg][3Sg]
naliita	na-@₁~:(u)n[V→N]-–li[N→V]-@₁~:(u)n[V→N]-–ghte[N→V]-te[V→V]-@₁~:(u)ta[V→N][N][Abs][Unpd][Sg]
naliita	na-@₁~:(u)n[V→N]-–li[N→V]-te[V→V]-@₁~:(u)te[V→V][V][Intr][Intrg][3Sg]
naliita	na-@₁~:(u)n[V→N]-–li[N→V]-te[V→V]-@₁~:(u)ta[V→N][N][Abs][Unpd][Sg]
naliita	na-@₁~:(u)n[V→N]-–li[N→V]-~:(u)te[V→V]-@₁~:(u)te[V→V][V][Intr][Intrg][3Sg]
naliita	na-@₁~:(u)n[V→N]-–li[N→V]-~:(u)te[V→V]-@₁~:(u)ta[V→N][N][Abs][Unpd][Sg]
naliita	na-@₁~:(u)n[V→N]-–li[N→V]-~:(u)te[V→N]-te[N→V]-@₁~:(u)te[V→V][V][Intr][Intrg][3Sg]
naliita	na-@₁~:(u)n[V→N]-–li[N→V]-~:(u)te[V→N]-te[N→V]-@₁~:(u)ta[V→N][N][Abs][Unpd][Sg]
naliita	na-@₁~:(u)n[V→N]-–li[N→V]-~:(u)te[V→N]-te[N→V]-te[V→V]-@₁~:(u)te[V→V][V][Intr][Intrg][3Sg]
naliita	na-@₁~:(u)n[V→N]-–li[N→V]-~:(u)te[V→N]-te[N→V]-te[V→V]-@₁~:(u)ta[V→N][N][Abs][Unpd][Sg]
naliita	na-@₁~:(u)n[V→N]-–li[N→V]-~i[V→V]-@₁~:(u)te[V→V][V][Intr][Intrg][3Sg]
naliita	na-@₁~:(u)n[V→N]-–li[N→V]-~i[V→V]-@₁~:(u)ta[V→N][N][Abs][Unpd][Sg]
naliita	na-@₁~:(u)n[V→N]-–li[N→V]-~i[V→V]-~:(u)te[V→V][V][Intr][Intrg][3Sg]
naliita	na-@₁~:(u)n[V→N]-–li[N→V]-~i[V→V]-~:(u)te[V→N][N][Abs][Unpd][Sg]
naliita	na-@₁~:(u)n[V→N]-–li[N→V]-~i[V→V]-~:(u)ta[V→N][N][Abs][Unpd][Sg]
naliita	na-@₁~:(u)n[V→N]-–li[N→V]-~i[V→V]-te[V→V][V][Intr][Intrg][3Sg]
naliita	na-@₁~:(u)n[V→N]-–li[N→V]-–ghte[V→V]-@₁~:(u)te[V→V][V][Intr][Intrg][3Sg]
naliita	na-@₁~:(u)n[V→N]-–li[N→V]-–ghte[V→V]-@₁~:(u)ta[V→N][N][Abs][Unpd][Sg]
naliita	na-@₁~:(u)n[V→N]-–ligh[N→V]-–ghte[V→V]-@₁~:(u)te[V→V][V][Intr][Intrg][3Sg]
naliita	na-@₁~:(u)n[V→N]-–ligh[N→V]-–ghte[V→V]-@₁~:(u)ta[V→N][N][Abs][Unpd][Sg]
naliita	na-@₁~:(u)n[V→N]-–ligh[N→V]-@₁~:(u)te[V→V][V][Intr][Intrg][3Sg]
naliita	na-@₁~:(u)n[V→N]-–ligh[N→V]-@₁~:(u)ta[V→N][N][Abs][Unpd][Sg]
naliita	na-@₁~:(u)n[V→N]-–ligh[N→V]-te[V→V]-@₁~:(u)te[V→V][V][Intr][Intrg][3Sg]
naliita	na-@₁~:(u)n[V→N]-–ligh[N→V]-te[V→V]-@₁~:(u)ta[V→N][N][Abs][Unpd][Sg]
naliita	na-@₁~:(u)n[V→N]-–ligh[N→V]-~:(ng₁)u[V→V]-@₁~:(u)te[V→V][V][Intr][Intrg][3Sg]
naliita	na-@₁~:(u)n[V→N]-–ligh[N→V]-~:(ng₁)u[V→V]-@₁~:(u)ta[V→N][N][Abs][Unpd][Sg]
naliita	na-@₁~:(u)n[V→N]-–ligh[N→V]-~:(ng₁)u[V→V]-~:(u)te[V→V][V][Intr][Intrg][3Sg]
naliita	na-@₁~:(u)n[V→N]-–ligh[N→V]-~:(ng₁)u[V→V]-~:(u)te[V→N][N][Abs][Unpd][Sg]
naliita	na-@₁~:(u)n[V→N]-–ligh[N→V]-~:(ng₁)u[V→V]-~:(u)ta[V→N][N][Abs][Unpd][Sg]
naliita	na-@₁~:(u)n[V→N]-–ligh[N→V]-~:(ng₁)u[V→V]-te[V→V][V][Intr][Intrg][3Sg]
naliita	na-@₁~:(u)n[V→N]-–ligh[N→V]-~:(ng₁)ite[V→V][V][Intr][Intrg][3Sg]
naliita	na-@₁~:(u)n[V→N]-–ligh[N→V]-~:(u)te[V→V][V][Intr][Intrg][3Sg]
naliita	na-@₁~:(u)n[V→N]-–ligh[N→V]-~:(u)te[V→N][N][Abs][Unpd][Sg]
naliita	na-@₁~:(u)n[V→N]-–ligh[N→V]-~:(u)ta[V→N][N][Abs][Unpd][Sg]
naliita	na-@₁~:(u)n[V→N]-–liite[N→V][V][Intr][Intrg][3Sg]
naliita	na-~:(u)te[V→V]-@₁lugh[V→V]-~:(ng₁)ite[V→V][V][Intr][Intrg][3Sg]
naliita	na-@₁lugh[V→V]-~:(ng₁)ite[V→V][V][Intr][Intrg][3Sg]
naliita	naligh-––i[N→V]-@₁~:(u)te[V→V]-@₁~:(u)te[V→V][V][Intr][Intrg][3Sg]
naliita	naligh-––i[N→V]-@₁~:(u)te[V→V]-@₁~:(u)ta[V→N][N][Abs][Unpd][Sg]
naliita	naligh-––i[N→V]-@₁~:(u)n[V→N]-–ghte[N→V]-@₁~:(u)te[V→V][V][Intr][Intrg][3Sg]
naliita	naligh-––i[N→V]-@₁~:(u)n[V→N]-–ghte[N→V]-@₁~:(u)ta[V→N][N][Abs][Unpd][Sg]
naliita	naligh-––i[N→V]-@₁~:(u)n[V→N]-–ghte[N→V]-te[V→V]-@₁~:(u)te[V→V][V][Intr][Intrg][3Sg]
naliita	naligh-––i[N→V]-@₁~:(u)n[V→N]-–ghte[N→V]-te[V→V]-@₁~:(u)ta[V→N][N][Abs][Unpd][Sg]
naliita	naligh-––i[N→V]-te[V→V]-@₁~:(u)te[V→V][V][Intr][Intrg][3Sg]
naliita	naligh-––i[N→V]-te[V→V]-@₁~:(u)ta[V→N][N][Abs][Unpd][Sg]
naliita	naligh-––i[N→V]-~:(u)te[V→V]-@₁~:(u)te[V→V][V][Intr][Intrg][3Sg]
naliita	naligh-––i[N→V]-~:(u)te[V→V]-@₁~:(u)ta[V→N][N][Abs][Unpd][Sg]
naliita	naligh-––i[N→V]-~:(u)te[V→N]-te[N→V]-@₁~:(u)te[V→V][V][Intr][Intrg][3Sg]
naliita	naligh-––i[N→V]-~:(u)te[V→N]-te[N→V]-@₁~:(u)ta[V→N][N][Abs][Unpd][Sg]
naliita	naligh-––i[N→V]-~:(u)te[V→N]-te[N→V]-te[V→V]-@₁~:(u)te[V→V][V][Intr][Intrg][3Sg]
naliita	naligh-––i[N→V]-~:(u)te[V→N]-te[N→V]-te[V→V]-@₁~:(u)ta[V→N][N][Abs][Unpd][Sg]
naliita	naligh-––i[N→V]-–ghte[V→V]-@₁~:(u)te[V→V][V][Intr][Intrg][3Sg]
naliita	naligh-––i[N→V]-–ghte[V→V]-@₁~:(u)ta[V→N][N][Abs][Unpd][Sg]
naliita	naligh-––igh[N→V]-–ghte[V→V]-@₁~:(u)te[V→V][V][Intr][Intrg][3Sg]
naliita	naligh-––igh[N→V]-–ghte[V→V]-@₁~:(u)ta[V→N][N][Abs][Unpd][Sg]
naliita	naligh-––ii[N→V]-@₁~:(u)te[V→V][V][Intr][Intrg][3Sg]
naliita	naligh-––ii[N→V]-@₁~:(u)ta[V→N][N][Abs][Unpd][Sg]
naliita	naligh-––ii[N→V]-~:(u)te[V→V][V][Intr][Intrg][3Sg]
naliita	naligh-––ii[N→V]-~:(u)te[V→N][N][Abs][Unpd][Sg]
naliita	naligh-––ii[N→V]-~:(u)ta[V→N][N][Abs][Unpd][Sg]
naliita	naligh-––ii[N→V]-te[V→V][V][Intr][Intrg][3Sg]
naliita	naligh-––igh[N→V]-@₁~:(u)te[V→V][V][Intr][Intrg][3Sg]
naliita	naligh-––igh[N→V]-@₁~:(u)ta[V→N][N][Abs][Unpd][Sg]
naliita	naligh-––igh[N→V]-te[V→V]-@₁~:(u)te[V→V][V][Intr][Intrg][3Sg]
naliita	naligh-––igh[N→V]-te[V→V]-@₁~:(u)ta[V→N][N][Abs][Unpd][Sg]
naliita	naligh-––igh[N→V]-~:(ng₁)u[V→V]-@₁~:(u)te[V→V][V][Intr][Intrg][3Sg]
naliita	naligh-––igh[N→V]-~:(ng₁)u[V→V]-@₁~:(u)ta[V→N][N][Abs][Unpd][Sg]
naliita	naligh-––igh[N→V]-~:(ng₁)u[V→V]-~:(u)te[V→V][V][Intr][Intrg][3Sg]
naliita	naligh-––igh[N→V]-~:(ng₁)u[V→V]-~:(u)te[V→N][N][Abs][Unpd][Sg]
naliita	naligh-––igh[N→V]-~:(ng₁)u[V→V]-~:(u)ta[V→N][N][Abs][Unpd][Sg]
naliita	naligh-––igh[N→V]-~:(ng₁)u[V→V]-te[V→V][V][Intr][Intrg][3Sg]
naliita	naligh-––igh[N→V]-~:(ng₁)ite[V→V][V][Intr][Intrg][3Sg]
naliita	naligh-––igh[N→V]-~:(u)te[V→V][V][Intr][Intrg][3Sg]
naliita	naligh-––igh[N→V]-~:(u)te[V→N][N][Abs][Unpd][Sg]
naliita	naligh-––igh[N→V]-~:(u)ta[V→N][N][Abs][Unpd][Sg]
naliita	naligh-–ghte[N→V]-@₁~:(u)te[V→V][V][Intr][Intrg][3Sg]
naliita	naligh-–ghte[N→V]-@₁~:(u)ta[V→N][N][Abs][Unpd][Sg]
naliita	naligh-–ghte[N→V]-te[V→V]-@₁~:(u)te[V→V][V][Intr][Intrg][3Sg]
naliita	naligh-–ghte[N→V]-te[V→V]-@₁~:(u)ta[V→N][N][Abs][Unpd][Sg]
naliita	naligh*-–ghte[N→V]-@₁~:(u)te[V→V][V][Intr][Intrg][3Sg]
naliita	naligh*-–ghte[N→V]-@₁~:(u)ta[V→N][N][Abs][Unpd][Sg]
naliita	naligh*-–ghte[N→V]-te[V→V]-@₁~:(u)te[V→V][V][Intr][Intrg][3Sg]
naliita	naligh*-–ghte[N→V]-te[V→V]-@₁~:(u)ta[V→N][N][Abs][Unpd][Sg]
naliita	naligh-te[N→V]-@₁~:(u)te[V→V][V][Intr][Intrg][3Sg]
naliita	naligh-te[N→V]-@₁~:(u)ta[V→N][N][Abs][Unpd][Sg]
naliita	naligh-~:(ng₁)u[N→V]-@₁~:(u)te[V→V][V][Intr][Intrg][3Sg]
naliita	naligh-~:(ng₁)u[N→V]-@₁~:(u)ta[V→N][N][Abs][Unpd][Sg]
naliita	naligh-~:(ng₁)u[N→V]-~:(u)te[V→V][V][Intr][Intrg][3Sg]
naliita	naligh-~:(ng₁)u[N→V]-~:(u)te[V→N][N][Abs][Unpd][Sg]
naliita	naligh-~:(ng₁)u[N→V]-~:(u)ta[V→N][N][Abs][Unpd][Sg]
naliita	naligh-~:(ng₁)u[N→V]-te[V→V][V][Intr][Intrg][3Sg]
naliita	naligh-~:(ng₁)ite[N→V][V][Intr][Intrg][3Sg]
naliita	naligh-~:(ng₁)ite**[N→V][V][Intr][Intrg][3Sg]
naliita	naligh[N][Abs][3SgPoss][SgPosd]-ta[Encl]
naliita	naligh[N][Abs][3SgPoss][PlPosd]-ta[Encl]
naliita	naligh[N][Rel][3DuPoss][SgPosd]
naliita	naligh[N][Rel][3DuPoss][PlPosd]
naliita	naligh[N][Rel][3PlPoss][SgPosd]
naliita	naligh[N][Rel][3PlPoss][PlPosd]
naliita	naligh*-te[N→V]-@₁~:(u)te[V→V][V][Intr][Intrg][3Sg]
naliita	naligh*-te[N→V]-@₁~:(u)ta[V→N][N][Abs][Unpd][Sg]
naliita	naligh*-~:(ng₁)u[N→V]-@₁~:(u)te[V→V][V][Intr][Intrg][3Sg]
naliita	naligh*-~:(ng₁)u[N→V]-@₁~:(u)ta[V→N][N][Abs][Unpd][Sg]
naliita	naligh*-~:(ng₁)u[N→V]-~:(u)te[V→V][V][Intr][Intrg][3Sg]
naliita	naligh*-~:(ng₁)u[N→V]-~:(u)te[V→N][N][Abs][Unpd][Sg]
naliita	naligh*-~:(ng₁)u[N→V]-~:(u)ta[V→N][N][Abs][Unpd][Sg]
naliita	naligh*-~:(ng₁)u[N→V]-te[V→V][V][Intr][Intrg][3Sg]
naliita	naligh*-~:(ng₁)ite[N→V][V][Intr][Intrg][3Sg]
naliita	naligh*-~:(ng₁)ite**[N→V][V][Intr][Intrg][3Sg]
naliita	naligh*[N][Abs][3SgPoss][SgPosd]-ta[Encl]
naliita	naligh*[N][Abs][3SgPoss][PlPosd]-ta[Encl]
naliita	naligh*[N][Rel][3DuPoss][SgPosd]
naliita	naligh*[N][Rel][3DuPoss][PlPosd]
naliita	naligh*[N][Rel][3PlPoss][SgPosd]
naliita	naligh*[N][Rel][3PlPoss][PlPosd]

qikmima	qikmigh-––i[N→V]-@₁~:(i/u)ma[V→V][V][Intr][Opt][PRS][2Sg]
qikmima	qikmigh[N][Rel][1SgPoss][SgPosd]
qikmima	qikmigh[N][Rel][1SgPoss][PlPosd]

amqeghtaten	amqeghte[V][Trns][Intrg][3Sg][2Sg]
amqeghtaten	amqeghte[V][Trns][Intrg][3Pl][2Sg]
amqeghtaten	amqeghte[V][Trns][Intrg][3Du][2Sg]
amqeghtaten	amqeghte[V][Trns][Ind][2Sg][3Pl]

------------------------
Sangama apeghtughistem esghaghyugtanga

sangama	sa-~fnga[V→V]-@₁~:(i/u)ma[V→V][V][Intr][Opt][PRS][2Sg]
sangama	sa[V][Intr][CnsqI][1Sg]
sangama	sangagh[N][Rel][1SgPoss][SgPosd]
sangama	sangagh[N][Rel][1SgPoss][PlPosd]

apeghtughistem	apeghtughiste[N][Rel][Unpd][Sg]

esghaghyugtanga	esghagh-@₁~fyug[V→V]-–ghte[V→V][V][Trns][Intrg][3Sg][1Sg]
esghaghyugtanga	esghagh-@₁~fyug[V→V]-(s)ta[V→N]-–nge[N→V][V][Intr][Intrg][3Sg]
esghaghyugtanga	esghagh-@₁~fyug[V→V]-(s)ta[V→N][N][Abs][3SgPoss][SgPosd]
esghaghyugtanga	esghagh-@₁~fyug[V→V][V][Trns][Intrg][3Sg][1Sg]
esghaghyugtanga	esghagh-@₁~fyug[V→V]-te[V→V][V][Trns][Intrg][3Sg][1Sg]

------------------------
Qavngaq naayvaq sikwaa

qavngaq	qavngaq

naayvaq	Naayvagh[N][Abs][Unpd][Sg]
naayvaq	naayvagh[N][Abs][Unpd][Sg]

sikwaa	siku[V][Intr][Intrg][3Sg]
sikwaa	siku[V][Trns][Ind][3Sg][3Sg]
sikwaa	siku[Imprs_Agnt][V][Intr][Intrg][3Sg]
sikwaa	siku[Imprs_Agnt][V][Trns][Ind][3Sg][3Sg]
sikwaa	sikugh*[N][Abs][3SgPoss][SgPosd]

------------------------
Navek naagpek lliiki neqekraget

navek	navek

naagpek	na-@₁~:(u)te[V→V]-@₁~:(u)n[V→N][N][Rel][2SgPoss][PlPosd]
naagpek	na-@₁~:(u)te[V→V]-@₁~:(u)n[V→N][N][Rel][2SgPoss][SgPosd]
naagpek	na-@₁~:(u)n[V→N]-–ghte[N→V]-@₁~:(u)n[V→N][N][Rel][2SgPoss][PlPosd]
naagpek	na-@₁~:(u)n[V→N]-–ghte[N→V]-@₁~:(u)n[V→N][N][Rel][2SgPoss][SgPosd]
naagpek	na-@₁~:(u)n[V→N]-–ghte[N→V]-te[V→V]-@₁~:(u)n[V→N][N][Rel][2SgPoss][PlPosd]
naagpek	na-@₁~:(u)n[V→N]-–ghte[N→V]-te[V→V]-@₁~:(u)n[V→N][N][Rel][2SgPoss][SgPosd]
naagpek	na-te[V→V]-@₁~:(u)n[V→N][N][Rel][2SgPoss][PlPosd]
naagpek	na-te[V→V]-@₁~:(u)n[V→N][N][Rel][2SgPoss][SgPosd]
naagpek	na-~:(u)te[V→V]-@₁~:(u)n[V→N][N][Rel][2SgPoss][PlPosd]
naagpek	na-~:(u)te[V→V]-@₁~:(u)n[V→N][N][Rel][2SgPoss][SgPosd]
naagpek	na-~:(u)te[V→N]-te[N→V]-@₁~:(u)n[V→N][N][Rel][2SgPoss][PlPosd]
naagpek	na-~:(u)te[V→N]-te[N→V]-@₁~:(u)n[V→N][N][Rel][2SgPoss][SgPosd]
naagpek	na-–ghte[V→V]-@₁~:(u)n[V→N][N][Rel][2SgPoss][PlPosd]
naagpek	na-–ghte[V→V]-@₁~:(u)n[V→N][N][Rel][2SgPoss][SgPosd]
naagpek	naa[N][Rel][2SgPoss][DuPosd]
naagpek	naa[N][Rel][2SgPoss][PlPosd]
naagpek	naa[N][Rel][2SgPoss][SgPosd]
naagpek	na-aq[V→N][N][Rel][2SgPoss][PlPosd]
naagpek	na-aq[V→N][N][Rel][2SgPoss][SgPosd]

lliiki	lli-@₁~:(u)te[V→V]-@₁~:(u)n[V→N]-~–ke[N→V]-~i[V→V][V][Intr][Opt][PRS][2Sg]
lliiki	lli-@₁~:(u)te[V→V]-@₁~:(u)n[V→N]-~–ke[N→V][V][Intr][Opt][PRS][2Sg]
lliiki	lli-@₁~:(u)te[V→V]-@₁~:(u)n[V→N]-~–ke[N→N]-––i[N→V][V][Intr][Opt][PRS][2Sg]
lliiki	lli-@₁~:(u)n[V→N]-~–ke[N→V][V][Intr][Opt][PRS][2Sg]
lliiki	lli-@₁~:(u)n[V→N]-–ghte[N→V]-@₁~:(u)n[V→N]-~–ke[N→V]-~i[V→V][V][Intr][Opt][PRS][2Sg]
lliiki	lli-@₁~:(u)n[V→N]-–ghte[N→V]-@₁~:(u)n[V→N]-~–ke[N→V][V][Intr][Opt][PRS][2Sg]
lliiki	lli-@₁~:(u)n[V→N]-–ghte[N→V]-@₁~:(u)n[V→N]-~–ke[N→N]-––i[N→V][V][Intr][Opt][PRS][2Sg]
lliiki	lli-@₁~:(u)n[V→N]-–ghte[N→V]-te[V→V]-@₁~:(u)n[V→N]-~–ke[N→V]-~i[V→V][V][Intr][Opt][PRS][2Sg]
lliiki	lli-@₁~:(u)n[V→N]-–ghte[N→V]-te[V→V]-@₁~:(u)n[V→N]-~–ke[N→V][V][Intr][Opt][PRS][2Sg]
lliiki	lli-@₁~:(u)n[V→N]-–ghte[N→V]-te[V→V]-@₁~:(u)n[V→N]-~–ke[N→N]-––i[N→V][V][Intr][Opt][PRS][2Sg]
lliiki	lli-te[V→V]-@₁~:(u)n[V→N]-~–ke[N→V]-~i[V→V][V][Intr][Opt][PRS][2Sg]
lliiki	lli-te[V→V]-@₁~:(u)n[V→N]-~–ke[N→V][V][Intr][Opt][PRS][2Sg]
lliiki	lli-te[V→V]-@₁~:(u)n[V→N]-~–ke[N→N]-––i[N→V][V][Intr][Opt][PRS][2Sg]
lliiki	lli-~:(u)te[V→V]-@₁~:(u)n[V→N]-~–ke[N→V]-~i[V→V][V][Intr][Opt][PRS][2Sg]
lliiki	lli-~:(u)te[V→V]-@₁~:(u)n[V→N]-~–ke[N→V][V][Intr][Opt][PRS][2Sg]
lliiki	lli-~:(u)te[V→V]-@₁~:(u)n[V→N]-~–ke[N→N]-––i[N→V][V][Intr][Opt][PRS][2Sg]
lliiki	lli-~:(u)te[V→N]-te[N→V]-@₁~:(u)n[V→N]-~–ke[N→V]-~i[V→V][V][Intr][Opt][PRS][2Sg]
lliiki	lli-~:(u)te[V→N]-te[N→V]-@₁~:(u)n[V→N]-~–ke[N→V][V][Intr][Opt][PRS][2Sg]
lliiki	lli-~:(u)te[V→N]-te[N→V]-@₁~:(u)n[V→N]-~–ke[N→N]-––i[N→V][V][Intr][Opt][PRS][2Sg]
lliiki	lli-aq[V→N]-––i[N→V]-@₁~:(u)n[V→N]-~–ke[N→V]-~i[V→V][V][Intr][Opt][PRS][2Sg]
lliiki	lli-aq[V→N]-––i[N→V]-@₁~:(u)n[V→N]-~–ke[N→V][V][Intr][Opt][PRS][2Sg]
lliiki	lli-aq[V→N]-––i[N→V]-@₁~:(u)n[V→N]-~–ke[N→N]-––i[N→V][V][Intr][Opt][PRS][2Sg]
lliiki	lli-aq[V→N]-––i[N→V]-@*@₂~sf–(g₂)k(a)e[V→N]-––i[N→V][V][Intr][Opt][PRS][2Sg]
lliiki	lli-aq[V→N]-––i[N→V][V][Trns][Opt][PRS][2Sg][3Pl]
lliiki	lli-aq[V→N]-––i[N→V][V][Trns][Intrg][2Pl][3Pl]
lliiki	lli-~i[V→V]-@₁~:(u)n[V→N]-~–ke[N→V]-~i[V→V][V][Intr][Opt][PRS][2Sg]
lliiki	lli-~i[V→V]-@₁~:(u)n[V→N]-~–ke[N→V][V][Intr][Opt][PRS][2Sg]
lliiki	lli-~i[V→V]-@₁~:(u)n[V→N]-~–ke[N→N]-––i[N→V][V][Intr][Opt][PRS][2Sg]
lliiki	lli-~i[V→V]-@*@₂~sf–(g₂)k(a)e[V→N]-––i[N→V][V][Intr][Opt][PRS][2Sg]
lliiki	lli-~i[V→V][V][Trns][Opt][PRS][2Sg][3Pl]
lliiki	lli-~i[V→V][V][Trns][Intrg][2Pl][3Pl]
lliiki	lli-–ghte[V→V]-@₁~:(u)n[V→N]-~–ke[N→V]-~i[V→V][V][Intr][Opt][PRS][2Sg]
lliiki	lli-–ghte[V→V]-@₁~:(u)n[V→N]-~–ke[N→V][V][Intr][Opt][PRS][2Sg]
lliiki	lli-–ghte[V→V]-@₁~:(u)n[V→N]-~–ke[N→N]-––i[N→V][V][Intr][Opt][PRS][2Sg]
lliiki	lli[V][Trns][Intrg][3Sg][3Pl]
lliiki	llaag-––i[N→V]-@₁~:(u)n[V→N]-~–ke[N→V]-~i[V→V][V][Intr][Opt][PRS][2Sg]
lliiki	llaag-––i[N→V]-@₁~:(u)n[V→N]-~–ke[N→V][V][Intr][Opt][PRS][2Sg]
lliiki	llaag-––i[N→V]-@₁~:(u)n[V→N]-~–ke[N→N]-––i[N→V][V][Intr][Opt][PRS][2Sg]
lliiki	llaag-––i[N→V]-@*@₂~sf–(g₂)k(a)e[V→N]-––i[N→V][V][Intr][Opt][PRS][2Sg]
lliiki	llaag-––i[N→V][V][Trns][Opt][PRS][2Sg][3Pl]
lliiki	llaag-––i[N→V][V][Trns][Intrg][2Pl][3Pl]
lliiki	lluugh-––i[N→V]-@₁~:(u)n[V→N]-~–ke[N→V]-~i[V→V][V][Intr][Opt][PRS][2Sg]
lliiki	lluugh-––i[N→V]-@₁~:(u)n[V→N]-~–ke[N→V][V][Intr][Opt][PRS][2Sg]
lliiki	lluugh-––i[N→V]-@₁~:(u)n[V→N]-~–ke[N→N]-––i[N→V][V][Intr][Opt][PRS][2Sg]
lliiki	lluugh-––i[N→V]-@*@₂~sf–(g₂)k(a)e[V→N]-––i[N→V][V][Intr][Opt][PRS][2Sg]
lliiki	lluugh-––i[N→V][V][Trns][Opt][PRS][2Sg][3Pl]
lliiki	lluugh-––i[N→V][V][Trns][Intrg][2Pl][3Pl]

neqekraget	neqekrag[N][Abs][Unpd][Pl]
neqekraget	neqekrag[N][Rel][Unpd][Pl]

------------------------
Kitum kakilleqagu nasaperan

kitum	kitum
kitum	kitum[N][Abs][Unpd][Sg]

kakilleqagu	kakeg-––i[N→V]-@₁~:(u)te[V→V]-@₁lleqe[V→V][V][Trns][Intrg][3Sg][3Sg]
kakilleqagu	kakeg-––i[N→V]-te[V→V]-@₁lleqe[V→V][V][Trns][Intrg][3Sg][3Sg]
kakilleqagu	kakeg-––i[N→V]-~:(u)te[V→V]-@₁lleqe[V→V][V][Trns][Intrg][3Sg][3Sg]
kakilleqagu	kakeg-––i[N→V]-~:(u)te[V→N]-te[N→V]-te[V→V]-@₁lleqe[V→V][V][Trns][Intrg][3Sg][3Sg]
kakilleqagu	kakeg-––i[N→V]-~:(u)te[V→N]-te[N→V]-@₁lleqe[V→V][V][Trns][Intrg][3Sg][3Sg]
kakilleqagu	kakeg-––i[N→V]-@₁lleqe[V→V][V][Trns][Intrg][3Sg][3Sg]
kakilleqagu	kakagh-––i[N→V]-@₁~:(u)te[V→V]-@₁lleqe[V→V][V][Trns][Intrg][3Sg][3Sg]
kakilleqagu	kakagh-––i[N→V]-te[V→V]-@₁lleqe[V→V][V][Trns][Intrg][3Sg][3Sg]
kakilleqagu	kakagh-––i[N→V]-~:(u)te[V→V]-@₁lleqe[V→V][V][Trns][Intrg][3Sg][3Sg]
kakilleqagu	kakagh-––i[N→V]-~:(u)te[V→N]-te[N→V]-te[V→V]-@₁lleqe[V→V][V][Trns][Intrg][3Sg][3Sg]
kakilleqagu	kakagh-––i[N→V]-~:(u)te[V→N]-te[N→V]-@₁lleqe[V→V][V][Trns][Intrg][3Sg][3Sg]
kakilleqagu	kakagh-––i[N→V]-@₁lleqe[V→V][V][Trns][Intrg][3Sg][3Sg]
kakilleqagu	kaki-@₁~:(u)te[V→V]-@₁lleqe[V→V][V][Trns][Intrg][3Sg][3Sg]
kakilleqagu	kaki-te[N→V]-@₁lleqe[V→V][V][Trns][Intrg][3Sg][3Sg]
kakilleqagu	kaki-te[V→V]-@₁lleqe[V→V][V][Trns][Intrg][3Sg][3Sg]
kakilleqagu	kaki-~:(u)te[V→V]-@₁lleqe[V→V][V][Trns][Intrg][3Sg][3Sg]
kakilleqagu	kaki-~:(u)te[V→N]-te[N→V]-@₁lleqe[V→V][V][Trns][Intrg][3Sg][3Sg]
kakilleqagu	kaki-@₁lleqe[V→V][V][Trns][Intrg][3Sg][3Sg]

nasaperan	nasaperagh[N][Abs][2SgPoss][SgPosd]

------------------------
Sangan ighneqa ugpeqenghitagu

sangan	sa-@₁~:(u)n[V→N]-–nge[N→V][V][Trns][Ind][2Sg][3Sg]
sangan	sa-~fnga[V→V]-@₁~:(u)n[V→N][N][Abs][Unpd][Sg]
sangan	sa-~fnga[V→V]-~:(u)te[V→N][N][Abs][Unpd][Sg]
sangan	sa-–nge[N→V][V][Trns][Ind][2Sg][3Sg]
sangan	sa[N][Rel][3SgPoss][SgPosd]
sangan	sa[N][Rel][3SgPoss][PlPosd]
sangan	sa[V][Intr][CnsqI][3Sg]
sangan	sangagh[N][Abs][2SgPoss][SgPosd]
sangan	sangan
sangan	sangate[N][Abs][Unpd][Sg]

ighneqa	ighnegh-~–ke[N→V][V][Intr][Intrg][3Sg]
ighneqa	ighnegh-~–ke[N→N][N][Abs][Unpd][Sg]
ighneqa	ighnegh[N][Abs][1SgPoss][SgPosd]

ugpeqenghitagu	ugpeqe-@₁–nghite[V→V][V][Trns][Intrg][3Sg][3Sg]
ugpeqenghitagu	ugpeqe-@₁–nghite**[V→V][V][Trns][Intrg][3Sg][3Sg]

------------------------
Naliita taghnughhaghpek qaamtagu keneq

naliita	na-@₁~:(u)te[V→V]-@₁lugh[V→V]-~:(ng₁)ite[V→V][V][Intr][Intrg][3Sg]
naliita	na-@₁~:(u)n[V→N]-–li[N→V]-@₁~:(u)te[V→V]-@₁~:(u)te[V→V][V][Intr][Intrg][3Sg]
naliita	na-@₁~:(u)n[V→N]-–li[N→V]-@₁~:(u)te[V→V]-@₁~:(u)ta[V→N][N][Abs][Unpd][Sg]
naliita	na-@₁~:(u)n[V→N]-–li[N→V]-@₁~:(u)n[V→N]-–ghte[N→V]-@₁~:(u)te[V→V][V][Intr][Intrg][3Sg]
naliita	na-@₁~:(u)n[V→N]-–li[N→V]-@₁~:(u)n[V→N]-–ghte[N→V]-@₁~:(u)ta[V→N][N][Abs][Unpd][Sg]
naliita	na-@₁~:(u)n[V→N]-–li[N→V]-@₁~:(u)n[V→N]-–ghte[N→V]-te[V→V]-@₁~:(u)te[V→V][V][Intr][Intrg][3Sg]
naliita	na-@₁~:(u)n[V→N]-–li[N→V]-@₁~:(u)n[V→N]-–ghte[N→V]-te[V→V]-@₁~:(u)ta[V→N][N][Abs][Unpd][Sg]
naliita	na-@₁~:(u)n[V→N]-–li[N→V]-te[V→V]-@₁~:(u)te[V→V][V][Intr][Intrg][3Sg]
naliita	na-@₁~:(u)n[V→N]-–li[N→V]-te[V→V]-@₁~:(u)ta[V→N][N][Abs][Unpd][Sg]
naliita	na-@₁~:(u)n[V→N]-–li[N→V]-~:(u)te[V→V]-@₁~:(u)te[V→V][V][Intr][Intrg][3Sg]
naliita	na-@₁~:(u)n[V→N]-–li[N→V]-~:(u)te[V→V]-@₁~:(u)ta[V→N][N][Abs][Unpd][Sg]
naliita	na-@₁~:(u)n[V→N]-–li[N→V]-~:(u)te[V→N]-te[N→V]-@₁~:(u)te[V→V][V][Intr][Intrg][3Sg]
naliita	na-@₁~:(u)n[V→N]-–li[N→V]-~:(u)te[V→N]-te[N→V]-@₁~:(u)ta[V→N][N][Abs][Unpd][Sg]
naliita	na-@₁~:(u)n[V→N]-–li[N→V]-~:(u)te[V→N]-te[N→V]-te[V→V]-@₁~:(u)te[V→V][V][Intr][Intrg][3Sg]
naliita	na-@₁~:(u)n[V→N]-–li[N→V]-~:(u)te[V→N]-te[N→V]-te[V→V]-@₁~:(u)ta[V→N][N][Abs][Unpd][Sg]
naliita	na-@₁~:(u)n[V→N]-–li[N→V]-~i[V→V]-@₁~:(u)te[V→V][V][Intr][Intrg][3Sg]
naliita	na-@₁~:(u)n[V→N]-–li[N→V]-~i[V→V]-@₁~:(u)ta[V→N][N][Abs][Unpd][Sg]
naliita	na-@₁~:(u)n[V→N]-–li[N→V]-~i[V→V]-~:(u)te[V→V][V][Intr][Intrg][3Sg]
naliita	na-@₁~:(u)n[V→N]-–li[N→V]-~i[V→V]-~:(u)te[V→N][N][Abs][Unpd][Sg]
naliita	na-@₁~:(u)n[V→N]-–li[N→V]-~i[V→V]-~:(u)ta[V→N][N][Abs][Unpd][Sg]
naliita	na-@₁~:(u)n[V→N]-–li[N→V]-~i[V→V]-te[V→V][V][Intr][Intrg][3Sg]
naliita	na-@₁~:(u)n[V→N]-–li[N→V]-–ghte[V→V]-@₁~:(u)te[V→V][V][Intr][Intrg][3Sg]
naliita	na-@₁~:(u)n[V→N]-–li[N→V]-–ghte[V→V]-@₁~:(u)ta[V→N][N][Abs][Unpd][Sg]
naliita	na-@₁~:(u)n[V→N]-–ligh[N→V]-–ghte[V→V]-@₁~:(u)te[V→V][V][Intr][Intrg][3Sg]
naliita	na-@₁~:(u)n[V→N]-–ligh[N→V]-–ghte[V→V]-@₁~:(u)ta[V→N][N][Abs][Unpd][Sg]
naliita	na-@₁~:(u)n[V→N]-–ligh[N→V]-@₁~:(u)te[V→V][V][Intr][Intrg][3Sg]
naliita	na-@₁~:(u)n[V→N]-–ligh[N→V]-@₁~:(u)ta[V→N][N][Abs][Unpd][Sg]
naliita	na-@₁~:(u)n[V→N]-–ligh[N→V]-te[V→V]-@₁~:(u)te[V→V][V][Intr][Intrg][3Sg]
naliita	na-@₁~:(u)n[V→N]-–ligh[N→V]-te[V→V]-@₁~:(u)ta[V→N][N][Abs][Unpd][Sg]
naliita	na-@₁~:(u)n[V→N]-–ligh[N→V]-~:(ng₁)u[V→V]-@₁~:(u)te[V→V][V][Intr][Intrg][3Sg]
naliita	na-@₁~:(u)n[V→N]-–ligh[N→V]-~:(ng₁)u[V→V]-@₁~:(u)ta[V→N][N][Abs][Unpd][Sg]
naliita	na-@₁~:(u)n[V→N]-–ligh[N→V]-~:(ng₁)u[V→V]-~:(u)te[V→V][V][Intr][Intrg][3Sg]
naliita	na-@₁~:(u)n[V→N]-–ligh[N→V]-~:(ng₁)u[V→V]-~:(u)te[V→N][N][Abs][Unpd][Sg]
naliita	na-@₁~:(u)n[V→N]-–ligh[N→V]-~:(ng₁)u[V→V]-~:(u)ta[V→N][N][Abs][Unpd][Sg]
naliita	na-@₁~:(u)n[V→N]-–ligh[N→V]-~:(ng₁)u[V→V]-te[V→V][V][Intr][Intrg][3Sg]
naliita	na-@₁~:(u)n[V→N]-–ligh[N→V]-~:(ng₁)ite[V→V][V][Intr][Intrg][3Sg]
naliita	na-@₁~:(u)n[V→N]-–ligh[N→V]-~:(u)te[V→V][V][Intr][Intrg][3Sg]
naliita	na-@₁~:(u)n[V→N]-–ligh[N→V]-~:(u)te[V→N][N][Abs][Unpd][Sg]
naliita	na-@₁~:(u)n[V→N]-–ligh[N→V]-~:(u)ta[V→N][N][Abs][Unpd][Sg]
naliita	na-@₁~:(u)n[V→N]-–liite[N→V][V][Intr][Intrg][3Sg]
naliita	na-~:(u)te[V→V]-@₁lugh[V→V]-~:(ng₁)ite[V→V][V][Intr][Intrg][3Sg]
naliita	na-@₁lugh[V→V]-~:(ng₁)ite[V→V][V][Intr][Intrg][3Sg]
naliita	naligh-––i[N→V]-@₁~:(u)te[V→V]-@₁~:(u)te[V→V][V][Intr][Intrg][3Sg]
naliita	naligh-––i[N→V]-@₁~:(u)te[V→V]-@₁~:(u)ta[V→N][N][Abs][Unpd][Sg]
naliita	naligh-––i[N→V]-@₁~:(u)n[V→N]-–ghte[N→V]-@₁~:(u)te[V→V][V][Intr][Intrg][3Sg]
naliita	naligh-––i[N→V]-@₁~:(u)n[V→N]-–ghte[N→V]-@₁~:(u)ta[V→N][N][Abs][Unpd][Sg]
naliita	naligh-––i[N→V]-@₁~:(u)n[V→N]-–ghte[N→V]-te[V→V]-@₁~:(u)te[V→V][V][Intr][Intrg][3Sg]
naliita	naligh-––i[N→V]-@₁~:(u)n[V→N]-–ghte[N→V]-te[V→V]-@₁~:(u)ta[V→N][N][Abs][Unpd][Sg]
naliita	naligh-––i[N→V]-te[V→V]-@₁~:(u)te[V→V][V][Intr][Intrg][3Sg]
naliita	naligh-––i[N→V]-te[V→V]-@₁~:(u)ta[V→N][N][Abs][Unpd][Sg]
naliita	naligh-––i[N→V]-~:(u)te[V→V]-@₁~:(u)te[V→V][V][Intr][Intrg][3Sg]
naliita	naligh-––i[N→V]-~:(u)te[V→V]-@₁~:(u)ta[V→N][N][Abs][Unpd][Sg]
naliita	naligh-––i[N→V]-~:(u)te[V→N]-te[N→V]-@₁~:(u)te[V→V][V][Intr][Intrg][3Sg]
naliita	naligh-––i[N→V]-~:(u)te[V→N]-te[N→V]-@₁~:(u)ta[V→N][N][Abs][Unpd][Sg]
naliita	naligh-––i[N→V]-~:(u)te[V→N]-te[N→V]-te[V→V]-@₁~:(u)te[V→V][V][Intr][Intrg][3Sg]
naliita	naligh-––i[N→V]-~:(u)te[V→N]-te[N→V]-te[V→V]-@₁~:(u)ta[V→N][N][Abs][Unpd][Sg]
naliita	naligh-––i[N→V]-–ghte[V→V]-@₁~:(u)te[V→V][V][Intr][Intrg][3Sg]
naliita	naligh-––i[N→V]-–ghte[V→V]-@₁~:(u)ta[V→N][N][Abs][Unpd][Sg]
naliita	naligh-––igh[N→V]-–ghte[V→V]-@₁~:(u)te[V→V][V][Intr][Intrg][3Sg]
naliita	naligh-––igh[N→V]-–ghte[V→V]-@₁~:(u)ta[V→N][N][Abs][Unpd][Sg]
naliita	naligh-––ii[N→V]-@₁~:(u)te[V→V][V][Intr][Intrg][3Sg]
naliita	naligh-––ii[N→V]-@₁~:(u)ta[V→N][N][Abs][Unpd][Sg]
naliita	naligh-––ii[N→V]-~:(u)te[V→V][V][Intr][Intrg][3Sg]
naliita	naligh-––ii[N→V]-~:(u)te[V→N][N][Abs][Unpd][Sg]
naliita	naligh-––ii[N→V]-~:(u)ta[V→N][N][Abs][Unpd][Sg]
naliita	naligh-––ii[N→V]-te[V→V][V][Intr][Intrg][3Sg]
naliita	naligh-––igh[N→V]-@₁~:(u)te[V→V][V][Intr][Intrg][3Sg]
naliita	naligh-––igh[N→V]-@₁~:(u)ta[V→N][N][Abs][Unpd][Sg]
naliita	naligh-––igh[N→V]-te[V→V]-@₁~:(u)te[V→V][V][Intr][Intrg][3Sg]
naliita	naligh-––igh[N→V]-te[V→V]-@₁~:(u)ta[V→N][N][Abs][Unpd][Sg]
naliita	naligh-––igh[N→V]-~:(ng₁)u[V→V]-@₁~:(u)te[V→V][V][Intr][Intrg][3Sg]
naliita	naligh-––igh[N→V]-~:(ng₁)u[V→V]-@₁~:(u)ta[V→N][N][Abs][Unpd][Sg]
naliita	naligh-––igh[N→V]-~:(ng₁)u[V→V]-~:(u)te[V→V][V][Intr][Intrg][3Sg]
naliita	naligh-––igh[N→V]-~:(ng₁)u[V→V]-~:(u)te[V→N][N][Abs][Unpd][Sg]
naliita	naligh-––igh[N→V]-~:(ng₁)u[V→V]-~:(u)ta[V→N][N][Abs][Unpd][Sg]
naliita	naligh-––igh[N→V]-~:(ng₁)u[V→V]-te[V→V][V][Intr][Intrg][3Sg]
naliita	naligh-––igh[N→V]-~:(ng₁)ite[V→V][V][Intr][Intrg][3Sg]
naliita	naligh-––igh[N→V]-~:(u)te[V→V][V][Intr][Intrg][3Sg]
naliita	naligh-––igh[N→V]-~:(u)te[V→N][N][Abs][Unpd][Sg]
naliita	naligh-––igh[N→V]-~:(u)ta[V→N][N][Abs][Unpd][Sg]
naliita	naligh-–ghte[N→V]-@₁~:(u)te[V→V][V][Intr][Intrg][3Sg]
naliita	naligh-–ghte[N→V]-@₁~:(u)ta[V→N][N][Abs][Unpd][Sg]
naliita	naligh-–ghte[N→V]-te[V→V]-@₁~:(u)te[V→V][V][Intr][Intrg][3Sg]
naliita	naligh-–ghte[N→V]-te[V→V]-@₁~:(u)ta[V→N][N][Abs][Unpd][Sg]
naliita	naligh*-–ghte[N→V]-@₁~:(u)te[V→V][V][Intr][Intrg][3Sg]
naliita	naligh*-–ghte[N→V]-@₁~:(u)ta[V→N][N][Abs][Unpd][Sg]
naliita	naligh*-–ghte[N→V]-te[V→V]-@₁~:(u)te[V→V][V][Intr][Intrg][3Sg]
naliita	naligh*-–ghte[N→V]-te[V→V]-@₁~:(u)ta[V→N][N][Abs][Unpd][Sg]
naliita	naligh-te[N→V]-@₁~:(u)te[V→V][V][Intr][Intrg][3Sg]
naliita	naligh-te[N→V]-@₁~:(u)ta[V→N][N][Abs][Unpd][Sg]
naliita	naligh-~:(ng₁)u[N→V]-@₁~:(u)te[V→V][V][Intr][Intrg][3Sg]
naliita	naligh-~:(ng₁)u[N→V]-@₁~:(u)ta[V→N][N][Abs][Unpd][Sg]
naliita	naligh-~:(ng₁)u[N→V]-~:(u)te[V→V][V][Intr][Intrg][3Sg]
naliita	naligh-~:(ng₁)u[N→V]-~:(u)te[V→N][N][Abs][Unpd][Sg]
naliita	naligh-~:(ng₁)u[N→V]-~:(u)ta[V→N][N][Abs][Unpd][Sg]
naliita	naligh-~:(ng₁)u[N→V]-te[V→V][V][Intr][Intrg][3Sg]
naliita	naligh-~:(ng₁)ite[N→V][V][Intr][Intrg][3Sg]
naliita	naligh-~:(ng₁)ite**[N→V][V][Intr][Intrg][3Sg]
naliita	naligh[N][Abs][3SgPoss][SgPosd]-ta[Encl]
naliita	naligh[N][Abs][3SgPoss][PlPosd]-ta[Encl]
naliita	naligh[N][Rel][3DuPoss][SgPosd]
naliita	naligh[N][Rel][3DuPoss][PlPosd]
naliita	naligh[N][Rel][3PlPoss][SgPosd]
naliita	naligh[N][Rel][3PlPoss][PlPosd]
naliita	naligh*-te[N→V]-@₁~:(u)te[V→V][V][Intr][Intrg][3Sg]
naliita	naligh*-te[N→V]-@₁~:(u)ta[V→N][N][Abs][Unpd][Sg]
naliita	naligh*-~:(ng₁)u[N→V]-@₁~:(u)te[V→V][V][Intr][Intrg][3Sg]
naliita	naligh*-~:(ng₁)u[N→V]-@₁~:(u)ta[V→N][N][Abs][Unpd][Sg]
naliita	naligh*-~:(ng₁)u[N→V]-~:(u)te[V→V][V][Intr][Intrg][3Sg]
naliita	naligh*-~:(ng₁)u[N→V]-~:(u)te[V→N][N][Abs][Unpd][Sg]
naliita	naligh*-~:(ng₁)u[N→V]-~:(u)ta[V→N][N][Abs][Unpd][Sg]
naliita	naligh*-~:(ng₁)u[N→V]-te[V→V][V][Intr][Intrg][3Sg]
naliita	naligh*-~:(ng₁)ite[N→V][V][Intr][Intrg][3Sg]
naliita	naligh*-~:(ng₁)ite**[N→V][V][Intr][Intrg][3Sg]
naliita	naligh*[N][Abs][3SgPoss][SgPosd]-ta[Encl]
naliita	naligh*[N][Abs][3SgPoss][PlPosd]-ta[Encl]
naliita	naligh*[N][Rel][3DuPoss][SgPosd]
naliita	naligh*[N][Rel][3DuPoss][PlPosd]
naliita	naligh*[N][Rel][3PlPoss][SgPosd]
naliita	naligh*[N][Rel][3PlPoss][PlPosd]

taghnughhaghpek	taghnughhagh*[N][Rel][2SgPoss][PlPosd]
taghnughhaghpek	taghnughhagh*[N][Rel][2SgPoss][SgPosd]

qaamtagu	qaamte[V][Trns][Intrg][3Sg][3Sg]

keneq	kenegh[N][Abs][Unpd][Sg]

------------------------
Qakun naallghulleqsikek eglluk

qakun	qakun

naallghulleqsikek	Nalle-–ghte[N→V]-@₁~:(u)te[V→V]-@₁lleqe[V→V][V][Trns][Intrg][2Sg][3Du]
naallghulleqsikek	Nalle-–ghte[N→V]-te[V→V]-@₁~:(u)te[V→V]-@₁lleqe[V→V][V][Trns][Intrg][2Sg][3Du]
naallghulleqsikek	na-–lleq[V→N]-–ghte[N→V]-@₁~:(u)te[V→V]-@₁lleqe[V→V][V][Trns][Intrg][2Sg][3Du]
naallghulleqsikek	na-–lleq[V→N]-–ghte[N→V]-te[V→V]-@₁~:(u)te[V→V]-@₁lleqe[V→V][V][Trns][Intrg][2Sg][3Du]
naallghulleqsikek	na-–llek[V→N]-–ghte[N→V]-@₁~:(u)te[V→V]-@₁lleqe[V→V][V][Trns][Intrg][2Sg][3Du]
naallghulleqsikek	na-–llek[V→N]-–ghte[N→V]-te[V→V]-@₁~:(u)te[V→V]-@₁lleqe[V→V][V][Trns][Intrg][2Sg][3Du]
naallghulleqsikek	naagh-–lleq[V→N]-–ghte[N→V]-@₁~:(u)te[V→V]-@₁lleqe[V→V][V][Trns][Intrg][2Sg][3Du]
naallghulleqsikek	naagh-–lleq[V→N]-–ghte[N→V]-te[V→V]-@₁~:(u)te[V→V]-@₁lleqe[V→V][V][Trns][Intrg][2Sg][3Du]
naallghulleqsikek	naagh-–llek[V→N]-–ghte[N→V]-@₁~:(u)te[V→V]-@₁lleqe[V→V][V][Trns][Intrg][2Sg][3Du]
naallghulleqsikek	naagh-–llek[V→N]-–ghte[N→V]-te[V→V]-@₁~:(u)te[V→V]-@₁lleqe[V→V][V][Trns][Intrg][2Sg][3Du]
naallghulleqsikek	naallghute-@₁lleqe[V→V][V][Trns][Intrg][2Sg][3Du]
naallghulleqsikek	na-ugh[V→V]-–lleq[V→N]-–ghte[N→V]-@₁~:(u)te[V→V]-@₁lleqe[V→V][V][Trns][Intrg][2Sg][3Du]
naallghulleqsikek	na-ugh[V→V]-–lleq[V→N]-–ghte[N→V]-te[V→V]-@₁~:(u)te[V→V]-@₁lleqe[V→V][V][Trns][Intrg][2Sg][3Du]
naallghulleqsikek	na-ugh[V→V]-–llek[V→N]-–ghte[N→V]-@₁~:(u)te[V→V]-@₁lleqe[V→V][V][Trns][Intrg][2Sg][3Du]
naallghulleqsikek	na-ugh[V→V]-–llek[V→N]-–ghte[N→V]-te[V→V]-@₁~:(u)te[V→V]-@₁lleqe[V→V][V][Trns][Intrg][2Sg][3Du]
naallghulleqsikek	nalle-–ghte[N→V]-@₁~:(u)te[V→V]-@₁lleqe[V→V][V][Trns][Intrg][2Sg][3Du]
naallghulleqsikek	nalle-–ghte[N→V]-te[V→V]-@₁~:(u)te[V→V]-@₁lleqe[V→V][V][Trns][Intrg][2Sg][3Du]

eglluk	egllu[N][Abs][Unpd][Du]
eglluk	egllu[N][Rel][Unpd][Du]
eglluk	egllug[N][Abs][Unpd][Sg]

------------------------
Sangami Nome-emun aghviqaawa

sangami	sa[N][Abs][3SgPoss][SgPosd]-mi[Encl]
sangami	sa[V][Intr][CnsqI][4Sg]
sangami	sangagh[N][Loc][Unpd][Sg]
sangami	sangagh[N][Rel][4SgPoss][PlPosd]
sangami	sangagh[N][Rel][4SgPoss][SgPosd]
sangami	sangami

aghviqaawa	aghvegh-––i[N→V]-~–qagh[V→V]-~:(ng₁)u[V→V][V][Intr][Intrg][3Sg]
aghviqaawa	aghvegh-––igh[N→V]-~–qagh[V→V]-~:(ng₁)u[V→V][V][Intr][Intrg][3Sg]
aghviqaawa	aghvegh-––igh[N→V]-~sf–(g₃)kau[V→V][V][Intr][Intrg][3Sg]
aghviqaawa	aghvig-––i[N→V]-~–qagh[V→V]-~:(ng₁)u[V→V][V][Intr][Intrg][3Sg]
aghviqaawa	aghvig-––igh[N→V]-~–qagh[V→V]-~:(ng₁)u[V→V][V][Intr][Intrg][3Sg]
aghviqaawa	aghvig-––igh[N→V]-~sf–(g₃)kau[V→V][V][Intr][Intrg][3Sg]
aghviqaawa	aghvag-––i[N→V]-~–qagh[V→V]-~:(ng₁)u[V→V][V][Intr][Intrg][3Sg]
aghviqaawa	aghvag-––igh[N→V]-~–qagh[V→V]-~:(ng₁)u[V→V][V][Intr][Intrg][3Sg]
aghviqaawa	aghvag-––igh[N→V]-~sf–(g₃)kau[V→V][V][Intr][Intrg][3Sg]
aghviqaawa	aghvagh-––i[N→V]-~–qagh[V→V]-~:(ng₁)u[V→V][V][Intr][Intrg][3Sg]
aghviqaawa	aghvagh-––igh[N→V]-~–qagh[V→V]-~:(ng₁)u[V→V][V][Intr][Intrg][3Sg]
aghviqaawa	aghvagh-––igh[N→V]-~sf–(g₃)kau[V→V][V][Intr][Intrg][3Sg]
aghviqaawa	aghvigh-~–qagh[V→V]-~:(ng₁)u[V→V][V][Intr][Intrg][3Sg]
aghviqaawa	aghvigh-~sf–(g₃)kau[V→V][V][Intr][Intrg][3Sg]
aghviqaawa	aghviqagh-~:(ng₁)u[N→V][V][Intr][Intrg][3Sg]

------------------------
Naten siku ughugtestagu

naten	na-@₁~:(u)te[V→V][V][Intr][Opt][PRS][2Sg]
naten	na-~:(u)te[V→V][V][Intr][Opt][PRS][2Sg]
naten	na-~:(u)te[V→N][N][Abs][2SgPoss][SgPosd]
naten	naten
naten	na-te[V→V][V][Intr][Opt][PRS][2Sg]

siku	siku[N][Abs][Unpd][Sg]
siku	siku[V][Intr][Opt][PRS][2Sg]
siku	siku[Imprs_Agnt][V][Intr][Opt][PRS][2Sg]

ughugtestagu	ughug-–ghte[V→V]-(te)ste[V→V][V][Trns][Intrg][3Sg][3Sg]
ughugtestagu	ughug-–ghte[V→V]-(te)ste[Cmpd_Vbl][V][Trns][Intrg][3Sg][3Sg]
ughugtestagu	ughug[Imprs_Agnt]-–ghte[V→V]-(te)ste[V→V][V][Trns][Intrg][3Sg][3Sg]
ughugtestagu	ughug[Imprs_Agnt]-–ghte[V→V]-(te)ste[Cmpd_Vbl][V][Trns][Intrg][3Sg][3Sg]
ughugtestagu	ughug[Imprs_Agnt]-(te)ste[V→V][V][Trns][Intrg][3Sg][3Sg]
ughugtestagu	ughug[Imprs_Agnt]-(te)ste[Cmpd_Vbl][V][Trns][Intrg][3Sg][3Sg]
ughugtestagu	ughug[Imprs_Agnt]-te[V→V]-(te)ste[V→V][V][Trns][Intrg][3Sg][3Sg]
ughugtestagu	ughug[Imprs_Agnt]-te[V→V]-(te)ste[Cmpd_Vbl][V][Trns][Intrg][3Sg][3Sg]
ughugtestagu	ughug-(te)ste[V→V][V][Trns][Intrg][3Sg][3Sg]
ughugtestagu	ughug-(te)ste[Cmpd_Vbl][V][Trns][Intrg][3Sg][3Sg]
ughugtestagu	ughug-te[V→V]-(te)ste[V→V][V][Trns][Intrg][3Sg][3Sg]
ughugtestagu	ughug-te[V→V]-(te)ste[Cmpd_Vbl][V][Trns][Intrg][3Sg][3Sg]

------------------------
Sangaawa

sangaawa	sa-–ngagh[V→V]-~:(ng₁)u[V→V][V][Intr][Intrg][3Sg]
sangaawa	sangagh-~:(ng₁)u[N→V][V][Intr][Intrg][3Sg]

------------------------
Sangavek iknaqsin

sangavek	sa[V][Intr][CnsqI][2Sg]

iknaqsin	iknaqe[V][Intr][Intrg][2Sg]

------------------------
Naliit alquutama naalkaki

naliit	na-@₁~:(u)n[V→N]-–li[N→V][V][Intr][Intrg][3Pl]
naliit	na-@₁~:(u)n[V→N]-–li[N→V][V][Intr][Ind][3Pl]
naliit	naligh-––i[N→V][V][Intr][Intrg][3Pl]
naliit	naligh-––i[N→V][V][Intr][Ind][3Pl]
naliit	naligh[N][Abs][3PlPoss][SgPosd]
naliit	naligh[N][Abs][3PlPoss][PlPosd]
naliit	naligh*[N][Abs][Unpd][Pl]
naliit	naligh*[N][Abs][3PlPoss][SgPosd]
naliit	naligh*[N][Abs][3PlPoss][PlPosd]
naliit	naligh*[N][Rel][Unpd][Pl]

alquutama	alquutagh[N][Rel][1SgPoss][SgPosd]
alquutama	alquutagh[N][Rel][1SgPoss][PlPosd]

naalkaki	naalke[V][Trns][Intrg][3Sg][3Pl]

------------------------
Mekelghiighem qikmimun aghnaghaq qilugtestaa

mekelghiighem	mekelghiigh[N][Rel][Unpd][Sg]

qikmimun	qikmigh-––i[N→V]-mete[V→V]-@₁~:(u)n[V→N][N][Abs][Unpd][Sg]
qikmimun	qikmigh[N][Ter][Unpd][Sg]

aghnaghaq	aghnagh-–ghagh*[N→N][N][Abs][Unpd][Sg]
aghnaghaq	aghnagh[V][Trns][Ind][3Sg][3Du]
aghnaghaq	aghnaghagh*[N][Abs][Unpd][Sg]
aghnaghaq	aghnagh-aq[V→N][N][Abs][Unpd][Sg]

qilugtestaa	qilug-–ghte[V→V]-(te)ste[V→V][V][Intr][Intrg][3Sg]
qilugtestaa	qilug-–ghte[V→V]-(te)ste[V→V][V][Trns][Ind][3Sg][3Sg]
qilugtestaa	qilug-–ghte[V→V]-(te)ste[Cmpd_Vbl][V][Intr][Intrg][3Sg]
qilugtestaa	qilug-–ghte[V→V]-(te)ste[Cmpd_Vbl][V][Trns][Ind][3Sg][3Sg]
qilugtestaa	qilug-(te)ste[V→V][V][Intr][Intrg][3Sg]
qilugtestaa	qilug-(te)ste[V→V][V][Trns][Ind][3Sg][3Sg]
qilugtestaa	qilug-(te)ste[Cmpd_Vbl][V][Intr][Intrg][3Sg]
qilugtestaa	qilug-(te)ste[Cmpd_Vbl][V][Trns][Ind][3Sg][3Sg]
qilugtestaa	qilug-te[V→V]-(te)ste[V→V][V][Intr][Intrg][3Sg]
qilugtestaa	qilug-te[V→V]-(te)ste[V→V][V][Trns][Ind][3Sg][3Sg]
qilugtestaa	qilug-te[V→V]-(te)ste[Cmpd_Vbl][V][Intr][Intrg][3Sg]
qilugtestaa	qilug-te[V→V]-(te)ste[Cmpd_Vbl][V][Trns][Ind][3Sg][3Sg]

------------------------
Kitumun naallghutestesiki mangteghaghpek qergesengi

kitumun	kitum-te[N→V]-@₁~:(u)n[V→N][N][Abs][Unpd][Sg]
kitumun	kitum-~:(ng₁)u[N→V]-@₁~:(u)n[V→N][N][Abs][Unpd][Sg]
kitumun	kitum-~:(ng₁)u[N→V]-~:(u)te[V→N][N][Abs][Unpd][Sg]

naallghutestesiki	Nalle-–ghte[N→V]-@₁~:(u)te[V→V]-(te)ste[Cmpd_Vbl]-te[V→V][V][Trns][Intrg][2Sg][3Pl]
naallghutestesiki	Nalle-–ghte[N→V]-te[V→V]-@₁~:(u)te[V→V]-(te)ste[Cmpd_Vbl]-te[V→V][V][Trns][Intrg][2Sg][3Pl]
naallghutestesiki	na-–lleq[V→N]-–ghte[N→V]-@₁~:(u)te[V→V]-(te)ste[Cmpd_Vbl]-te[V→V][V][Trns][Intrg][2Sg][3Pl]
naallghutestesiki	na-–lleq[V→N]-–ghte[N→V]-te[V→V]-@₁~:(u)te[V→V]-(te)ste[Cmpd_Vbl]-te[V→V][V][Trns][Intrg][2Sg][3Pl]
naallghutestesiki	na-–llek[V→N]-–ghte[N→V]-@₁~:(u)te[V→V]-(te)ste[Cmpd_Vbl]-te[V→V][V][Trns][Intrg][2Sg][3Pl]
naallghutestesiki	na-–llek[V→N]-–ghte[N→V]-te[V→V]-@₁~:(u)te[V→V]-(te)ste[Cmpd_Vbl]-te[V→V][V][Trns][Intrg][2Sg][3Pl]
naallghutestesiki	naagh-–lleq[V→N]-–ghte[N→V]-@₁~:(u)te[V→V]-(te)ste[Cmpd_Vbl]-te[V→V][V][Trns][Intrg][2Sg][3Pl]
naallghutestesiki	naagh-–lleq[V→N]-–ghte[N→V]-te[V→V]-@₁~:(u)te[V→V]-(te)ste[Cmpd_Vbl]-te[V→V][V][Trns][Intrg][2Sg][3Pl]
naallghutestesiki	naagh-–llek[V→N]-–ghte[N→V]-@₁~:(u)te[V→V]-(te)ste[Cmpd_Vbl]-te[V→V][V][Trns][Intrg][2Sg][3Pl]
naallghutestesiki	naagh-–llek[V→N]-–ghte[N→V]-te[V→V]-@₁~:(u)te[V→V]-(te)ste[Cmpd_Vbl]-te[V→V][V][Trns][Intrg][2Sg][3Pl]
naallghutestesiki	naallghute-(te)ste[Cmpd_Vbl]-te[V→V][V][Trns][Intrg][2Sg][3Pl]
naallghutestesiki	na-ugh[V→V]-–lleq[V→N]-–ghte[N→V]-@₁~:(u)te[V→V]-(te)ste[Cmpd_Vbl]-te[V→V][V][Trns][Intrg][2Sg][3Pl]
naallghutestesiki	na-ugh[V→V]-–lleq[V→N]-–ghte[N→V]-te[V→V]-@₁~:(u)te[V→V]-(te)ste[Cmpd_Vbl]-te[V→V][V][Trns][Intrg][2Sg][3Pl]
naallghutestesiki	na-ugh[V→V]-–llek[V→N]-–ghte[N→V]-@₁~:(u)te[V→V]-(te)ste[Cmpd_Vbl]-te[V→V][V][Trns][Intrg][2Sg][3Pl]
naallghutestesiki	na-ugh[V→V]-–llek[V→N]-–ghte[N→V]-te[V→V]-@₁~:(u)te[V→V]-(te)ste[Cmpd_Vbl]-te[V→V][V][Trns][Intrg][2Sg][3Pl]
naallghutestesiki	nalle-–ghte[N→V]-@₁~:(u)te[V→V]-(te)ste[Cmpd_Vbl]-te[V→V][V][Trns][Intrg][2Sg][3Pl]
naallghutestesiki	nalle-–ghte[N→V]-te[V→V]-@₁~:(u)te[V→V]-(te)ste[Cmpd_Vbl]-te[V→V][V][Trns][Intrg][2Sg][3Pl]

mangteghaghpek	mangteghagh[N][Rel][2SgPoss][PlPosd]
mangteghaghpek	mangteghagh[N][Rel][2SgPoss][SgPosd]

qergesengi	qergese-–nge[N→V]-~i[V→V][V][Intr][Opt][PRS][2Sg]
qergesengi	qergese-–nge[N→V][V][Intr][Opt][PRS][2Sg]
qergesengi	qergese[N][Abs][3SgPoss][PlPosd]

------------------------
