Yuuk Napaqutaghhmii (1)

﻿yuuk	+?

napaqutaghhmii	+?

1	+?

------------------------
(1) Napaqutaq.

1	+?

napaqutaq	Napaqutagh[N][Abs][Unpd][Sg]
napaqutaq	napaqutagh[N][Abs][Unpd][Sg]

------------------------
Una ayumightaaguq nunanguyaghtuq Siqlugem qiighqaani.

una	una
una	una[N][Abs][Unpd][Sg]

ayumightaaguq	ayumightagh-~:(ng₁)u[to.be.N][N→V][V][Intr][Ind][3Sg]

nunanguyaghtuq	nuna-~:(ng₁)u[to.be.N][N→V]-@₁~fyagh[to.go.V-ing][to.V.in.vain][V→V][V][Intr][Ind][3Sg]
nunanguyaghtuq	nuna-~:(ng₁)u[to.be.N][N→V]-@₁~fyagh[to.go.V-ing][to.V.in.vain][V→V]-te[to.act.on.so.as.to.cause.to.V][V→V][V][Intr][Ind][3Sg]
nunanguyaghtuq	nuna-~:(ng₁)u[to.be.N][N→V]-~:(u)te[to.V.for.or.with][to.cause.to.V.as.one.is.V-ing][to.V.toward.each.other][V→V]-@₁~fyagh[to.go.V-ing][to.V.in.vain][V→V][V][Intr][Ind][3Sg]
nunanguyaghtuq	nuna-~:(ng₁)u[to.be.N][N→V]-~:(u)te[to.V.for.or.with][to.cause.to.V.as.one.is.V-ing][to.V.toward.each.other][V→V]-@₁~fyagh[to.go.V-ing][to.V.in.vain][V→V]-te[to.act.on.so.as.to.cause.to.V][V→V][V][Intr][Ind][3Sg]
nunanguyaghtuq	nuna-~:(ng₁)u[to.be.N][N→V]-~:(u)te[SBJ.V-ed.something][V→V]-@₁~fyagh[to.go.V-ing][to.V.in.vain][V→V][V][Intr][Ind][3Sg]
nunanguyaghtuq	nuna-~:(ng₁)u[to.be.N][N→V]-~:(u)te[SBJ.V-ed.something][V→V]-@₁~fyagh[to.go.V-ing][to.V.in.vain][V→V]-te[to.act.on.so.as.to.cause.to.V][V→V][V][Intr][Ind][3Sg]

siqlugem	Siqlug[N][Rel][Unpd][Sg]

qiighqaani	Qiighqagh-~:(ng₁)u[to.be.N][N→V]-@₁~fni[to.say.that.one.is.V-ing][Cmpd_Vbl][V][Intr][Opt][PRS][2Sg]
qiighqaani	Qiighqagh-~:(ng₁)u[to.be.N][N→V]-~:(u)te[to.V.for.or.with][to.cause.to.V.as.one.is.V-ing][to.V.toward.each.other][V→V]-@₁~fni[to.say.that.one.is.V-ing][Cmpd_Vbl][V][Intr][Opt][PRS][2Sg]
qiighqaani	Qiighqagh-~:(ng₁)u[to.be.N][N→V]-~:(u)te[SBJ.V-ed.something][V→V]-@₁~fni[to.say.that.one.is.V-ing][Cmpd_Vbl][V][Intr][Opt][PRS][2Sg]
qiighqaani	Qiighqagh[N][Loc][3SgPoss][SgPosd]
qiighqaani	Qiighqagh[N][Loc][3SgPoss][PlPosd]
qiighqaani	qiigh-@₂~fkau[to.have.V-ed][to.have.been.V-ed][V→V]-@₁~fni[to.say.that.one.is.V-ing][Cmpd_Vbl][V][Intr][Opt][PRS][2Sg]
qiighqaani	qiigh-@₂~fkau[to.have.V-ed][to.have.been.V-ed][V→V]-~:(u)te[to.V.for.or.with][to.cause.to.V.as.one.is.V-ing][to.V.toward.each.other][V→V]-@₁~fni[to.say.that.one.is.V-ing][Cmpd_Vbl][V][Intr][Opt][PRS][2Sg]
qiighqaani	qiigh-@₂~fkau[to.have.V-ed][to.have.been.V-ed][V→V]-~:(u)te[SBJ.V-ed.something][V→V]-@₁~fni[to.say.that.one.is.V-ing][Cmpd_Vbl][V][Intr][Opt][PRS][2Sg]
qiighqaani	qiighqagh-~:(ng₁)u[to.be.N][N→V]-@₁~fni[to.say.that.one.is.V-ing][Cmpd_Vbl][V][Intr][Opt][PRS][2Sg]
qiighqaani	qiighqagh-~:(ng₁)u[to.be.N][N→V]-~:(u)te[to.V.for.or.with][to.cause.to.V.as.one.is.V-ing][to.V.toward.each.other][V→V]-@₁~fni[to.say.that.one.is.V-ing][Cmpd_Vbl][V][Intr][Opt][PRS][2Sg]
qiighqaani	qiighqagh-~:(ng₁)u[to.be.N][N→V]-~:(u)te[SBJ.V-ed.something][V→V]-@₁~fni[to.say.that.one.is.V-ing][Cmpd_Vbl][V][Intr][Opt][PRS][2Sg]
qiighqaani	qiighqagh[N][Loc][3SgPoss][SgPosd]
qiighqaani	qiighqagh[N][Loc][3SgPoss][PlPosd]

------------------------
1932-mi unitkaqaat, Ungazimun navek nuuglleghatkaagut.

1932mi	+?

unitkaqaat	+?

ungazimun	Ungazigh[N][Ter][Unpd][Sg]

navek	navek

nuuglleghatkaagut	+?

------------------------
Wata sivungani nunakuvinghaaghtuyaghtuq.

wata	wata

sivungani	Sivungagh*[N][Abs][4SgPoss][SgPosd]
sivungani	Sivungagh*[N][Abs][4SgPoss][PlPosd]
sivungani	sivu[N][Loc][3SgPoss][SgPosd]
sivungani	sivu[N][Loc][3SgPoss][PlPosd]

nunakuvinghaaghtuyaghtuq	+?

------------------------
Tanenga, Tagitutkaam apanga, umiilguyaghtuq tawani, Sivuqaghhmiineng ilalek, sivuliit apeghtughistet Aapqaqaat 1900-1901-eni Sivuqaghtekaaniluku (Krupnigem pillghani).

tanenga	+?

tagitutkaam	+?

apanga	apa[N][Abs][3SgPoss][SgPosd]

umiilguyaghtuq	umiileg-~:(ng₁)u[to.be.N][N→V]-@₁~fyagh[to.go.V-ing][to.V.in.vain][V→V][V][Intr][Ind][3Sg]
umiilguyaghtuq	umiileg-~:(ng₁)u[to.be.N][N→V]-@₁~fyagh[to.go.V-ing][to.V.in.vain][V→V]-te[to.act.on.so.as.to.cause.to.V][V→V][V][Intr][Ind][3Sg]
umiilguyaghtuq	umiileg-~:(ng₁)u[to.be.N][N→V]-~:(u)te[to.V.for.or.with][to.cause.to.V.as.one.is.V-ing][to.V.toward.each.other][V→V]-@₁~fyagh[to.go.V-ing][to.V.in.vain][V→V][V][Intr][Ind][3Sg]
umiilguyaghtuq	umiileg-~:(ng₁)u[to.be.N][N→V]-~:(u)te[to.V.for.or.with][to.cause.to.V.as.one.is.V-ing][to.V.toward.each.other][V→V]-@₁~fyagh[to.go.V-ing][to.V.in.vain][V→V]-te[to.act.on.so.as.to.cause.to.V][V→V][V][Intr][Ind][3Sg]
umiilguyaghtuq	umiileg-~:(ng₁)u[to.be.N][N→V]-~:(u)te[SBJ.V-ed.something][V→V]-@₁~fyagh[to.go.V-ing][to.V.in.vain][V→V][V][Intr][Ind][3Sg]
umiilguyaghtuq	umiileg-~:(ng₁)u[to.be.N][N→V]-~:(u)te[SBJ.V-ed.something][V→V]-@₁~fyagh[to.go.V-ing][to.V.in.vain][V→V]-te[to.act.on.so.as.to.cause.to.V][V→V][V][Intr][Ind][3Sg]

tawani	tawani
tawani	tawani[N][Abs][Unpd][Sg]

sivuqaghhmiineng	+?

ilalek	ila-–leg[one.having.N][N→N][N][Abs][Unpd][Sg]

sivuliit	sivuligh*[N][Abs][Unpd][Pl]
sivuliit	sivuligh*[N][Abs][3PlPoss][SgPosd]
sivuliit	sivuligh*[N][Abs][3PlPoss][PlPosd]
sivuliit	sivuligh*[N][Rel][Unpd][Pl]

apeghtughistet	apeghtughiste[N][Abs][Unpd][Pl]
apeghtughistet	apeghtughiste[N][Rel][Unpd][Pl]

aapqaqaat	+?

19001901eni	+?

sivuqaghtekaaniluku	Sivuqagh-te[to.catch.N][to.go.to.N][N→V]-@₂~fkau[to.have.V-ed][to.have.been.V-ed][V→V]-@₁~fni[to.say.that.one.is.V-ing][Cmpd_Vbl]-~:(u)te[to.V.for.or.with][to.cause.to.V.as.one.is.V-ing][to.V.toward.each.other][V→V][V][Trns][Sbrd][_][3Sg]
sivuqaghtekaaniluku	Sivuqagh-te[to.catch.N][to.go.to.N][N→V]-@₂~fkau[to.have.V-ed][to.have.been.V-ed][V→V]-@₁~fni[to.say.that.one.is.V-ing][Cmpd_Vbl][V][Trns][Sbrd][_][3Sg]
sivuqaghtekaaniluku	Sivuqagh-te[to.catch.N][to.go.to.N][N→V]-@₂~fkau[to.have.V-ed][to.have.been.V-ed][V→V]-~:(u)te[to.V.for.or.with][to.cause.to.V.as.one.is.V-ing][to.V.toward.each.other][V→V]-@₁~fni[to.say.that.one.is.V-ing][Cmpd_Vbl]-~:(u)te[to.V.for.or.with][to.cause.to.V.as.one.is.V-ing][to.V.toward.each.other][V→V][V][Trns][Sbrd][_][3Sg]
sivuqaghtekaaniluku	Sivuqagh-te[to.catch.N][to.go.to.N][N→V]-@₂~fkau[to.have.V-ed][to.have.been.V-ed][V→V]-~:(u)te[to.V.for.or.with][to.cause.to.V.as.one.is.V-ing][to.V.toward.each.other][V→V]-@₁~fni[to.say.that.one.is.V-ing][Cmpd_Vbl][V][Trns][Sbrd][_][3Sg]
sivuqaghtekaaniluku	Sivuqagh-te[to.catch.N][to.go.to.N][N→V]-@₂~fkau[to.have.V-ed][to.have.been.V-ed][V→V]-~:(u)te[SBJ.V-ed.something][V→V]-@₁~fni[to.say.that.one.is.V-ing][Cmpd_Vbl]-~:(u)te[to.V.for.or.with][to.cause.to.V.as.one.is.V-ing][to.V.toward.each.other][V→V][V][Trns][Sbrd][_][3Sg]
sivuqaghtekaaniluku	Sivuqagh-te[to.catch.N][to.go.to.N][N→V]-@₂~fkau[to.have.V-ed][to.have.been.V-ed][V→V]-~:(u)te[SBJ.V-ed.something][V→V]-@₁~fni[to.say.that.one.is.V-ing][Cmpd_Vbl][V][Trns][Sbrd][_][3Sg]

krupnigem	+?

pillghani	+?

------------------------


	

------------------------
Yuuk Napaqutaghhmii qayaghtuumalghii pennam tunganganun.

yuuk	yug[N][Abs][Sg]

napaqutaghhmii	+?

qayaghtuumalghii	qayaghtugh-@₁~:(i/u)ma[to.have.V-ed][to.have.been.V-ed][V→V]-@₁–lghii[the.one.that.V-ed][the.one.that.is.V][V→N][N][Abs][Unpd][Sg]
qayaghtuumalghii	qayagh-tugh[to.eat.N][to.use.N][N→V]-@₁~:(i/u)ma[to.have.V-ed][to.have.been.V-ed][V→V]-@₁–lghii[the.one.that.V-ed][the.one.that.is.V][V→N][N][Abs][Unpd][Sg]

pennam	pennagh[N][Rel][Unpd][Sg]

tunganganun	+?

------------------------
Igleghutkelluku esghaamakangi angyat kaalgulghiit aghveghmeng.

igleghutkelluku	+?

esghaamakangi	esghagh-@₁~:(i/u)ma[to.have.V-ed][to.have.been.V-ed][V→V]-@*@₂~sf–(g₂)k(a)e[the.one.that.possessor.V-ed][V→N][N][Abs][3SgPoss][PlPosd]
esghaamakangi	esghagh-@₁~:(i/u)ma[to.have.V-ed][to.have.been.V-ed][V→V][V][Trns][Ptcp][3Sg][3Pl]

angyat	angyagh[N][Abs][Unpd][Pl]
angyat	angyagh[N][Rel][Unpd][Pl]
angyat	Angyat[N][Abs][Unpd][Sg]

kaalgulghiit	kaaw-–leg[one.having.N][N→N]-~:(ng₁)u[to.be.N][N→V]-@₁–lghii[the.one.that.V-ed][the.one.that.is.V][V→N][N][Abs][Unpd][Pl]
kaalgulghiit	kaaw-–leg[one.having.N][N→N]-~:(ng₁)u[to.be.N][N→V]-@₁–lghii[the.one.that.V-ed][the.one.that.is.V][V→N][N][Rel][Unpd][Pl]
kaalgulghiit	kaaw-–leg[one.having.N][N→N]-~:(ng₁)u[to.be.N][N→V][V][Intr][Ptcp][3Pl]
kaalgulghiit	kaaw-–lgu[to.have.N][N→V]-@₁–lghii[the.one.that.V-ed][the.one.that.is.V][V→N][N][Abs][Unpd][Pl]
kaalgulghiit	kaaw-–lgu[to.have.N][N→V]-@₁–lghii[the.one.that.V-ed][the.one.that.is.V][V→N][N][Rel][Unpd][Pl]
kaalgulghiit	kaaw-–lgu[to.have.N][N→V][V][Intr][Ptcp][3Pl]
kaalgulghiit	kaalgugh-@₁–lghii[the.one.that.V-ed][the.one.that.is.V][V→N][N][Abs][Unpd][Pl]
kaalgulghiit	kaalgugh-@₁–lghii[the.one.that.V-ed][the.one.that.is.V][V→N][N][Rel][Unpd][Pl]
kaalgulghiit	kaalgugh[V][Intr][Ptcp][3Pl]

aghveghmeng	aghvegh[N][Abl_Mod][Unpd][Sg]
aghveghmeng	aghvegh[N][Rel][4DuPoss][PlPosd]
aghveghmeng	aghvegh[N][Rel][4DuPoss][SgPosd]
aghveghmeng	aghvegh[N][Rel][4PlPoss][PlPosd]
aghveghmeng	aghvegh[N][Rel][4PlPoss][SgPosd]

------------------------
Kaalluki esghaghsaqsaghtuq.

kaalluki	kaate[V][Trns][Sbrd][_][3Pl]

esghaghsaqsaghtuq	esghagh-te[to.act.on.so.as.to.cause.to.V][V→V]-@₁~fyagh[to.go.V-ing][to.V.in.vain][V→V]-@*@₂~sf–(g₂)k(a)e[the.one.that.possessor.V-ed][V→N]-te[to.catch.N][to.go.to.N][N→V]-te[to.act.on.so.as.to.cause.to.V][V→V]-te[to.act.on.so.as.to.cause.to.V][V→V]-te[to.act.on.so.as.to.cause.to.V][V→V]-@₁~fyagh[to.go.V-ing][to.V.in.vain][V→V][V][Intr][Ind][3Sg]
esghaghsaqsaghtuq	esghagh-te[to.act.on.so.as.to.cause.to.V][V→V]-@₁~fyagh[to.go.V-ing][to.V.in.vain][V→V]-@*@₂~sf–(g₂)k(a)e[the.one.that.possessor.V-ed][V→N]-te[to.catch.N][to.go.to.N][N→V]-te[to.act.on.so.as.to.cause.to.V][V→V]-te[to.act.on.so.as.to.cause.to.V][V→V]-te[to.act.on.so.as.to.cause.to.V][V→V]-@₁~fyagh[to.go.V-ing][to.V.in.vain][V→V]-te[to.act.on.so.as.to.cause.to.V][V→V][V][Intr][Ind][3Sg]
esghaghsaqsaghtuq	esghagh-te[to.act.on.so.as.to.cause.to.V][V→V]-@₁~fyagh[to.go.V-ing][to.V.in.vain][V→V]-@*@₂~sf–(g₂)k(a)e[the.one.that.possessor.V-ed][V→N]-te[to.catch.N][to.go.to.N][N→V]-te[to.act.on.so.as.to.cause.to.V][V→V]-te[to.act.on.so.as.to.cause.to.V][V→V]-@₁~fyagh[to.go.V-ing][to.V.in.vain][V→V][V][Intr][Ind][3Sg]
esghaghsaqsaghtuq	esghagh-te[to.act.on.so.as.to.cause.to.V][V→V]-@₁~fyagh[to.go.V-ing][to.V.in.vain][V→V]-@*@₂~sf–(g₂)k(a)e[the.one.that.possessor.V-ed][V→N]-te[to.catch.N][to.go.to.N][N→V]-te[to.act.on.so.as.to.cause.to.V][V→V]-te[to.act.on.so.as.to.cause.to.V][V→V]-@₁~fyagh[to.go.V-ing][to.V.in.vain][V→V]-te[to.act.on.so.as.to.cause.to.V][V→V][V][Intr][Ind][3Sg]
esghaghsaqsaghtuq	esghagh-te[to.act.on.so.as.to.cause.to.V][V→V]-@₁~fyagh[to.go.V-ing][to.V.in.vain][V→V]-@*@₂~sf–(g₂)k(a)e[the.one.that.possessor.V-ed][V→N]-te[to.catch.N][to.go.to.N][N→V]-te[to.act.on.so.as.to.cause.to.V][V→V]-@₁~fyagh[to.go.V-ing][to.V.in.vain][V→V][V][Intr][Ind][3Sg]
esghaghsaqsaghtuq	esghagh-te[to.act.on.so.as.to.cause.to.V][V→V]-@₁~fyagh[to.go.V-ing][to.V.in.vain][V→V]-@*@₂~sf–(g₂)k(a)e[the.one.that.possessor.V-ed][V→N]-te[to.catch.N][to.go.to.N][N→V]-te[to.act.on.so.as.to.cause.to.V][V→V]-@₁~fyagh[to.go.V-ing][to.V.in.vain][V→V]-te[to.act.on.so.as.to.cause.to.V][V→V][V][Intr][Ind][3Sg]
esghaghsaqsaghtuq	esghagh-te[to.act.on.so.as.to.cause.to.V][V→V]-@₁~fyagh[to.go.V-ing][to.V.in.vain][V→V]-@*@₂~sf–(g₂)k(a)e[the.one.that.possessor.V-ed][V→N]-te[to.catch.N][to.go.to.N][N→V]-@₁~fyagh[to.go.V-ing][to.V.in.vain][V→V][V][Intr][Ind][3Sg]
esghaghsaqsaghtuq	esghagh-te[to.act.on.so.as.to.cause.to.V][V→V]-@₁~fyagh[to.go.V-ing][to.V.in.vain][V→V]-@*@₂~sf–(g₂)k(a)e[the.one.that.possessor.V-ed][V→N]-te[to.catch.N][to.go.to.N][N→V]-@₁~fyagh[to.go.V-ing][to.V.in.vain][V→V]-te[to.act.on.so.as.to.cause.to.V][V→V][V][Intr][Ind][3Sg]
esghaghsaqsaghtuq	esghaghte-@₁~fyagh[to.go.V-ing][to.V.in.vain][V→V]-@*@₂~sf–(g₂)k(a)e[the.one.that.possessor.V-ed][V→N]-te[to.catch.N][to.go.to.N][N→V]-te[to.act.on.so.as.to.cause.to.V][V→V]-te[to.act.on.so.as.to.cause.to.V][V→V]-te[to.act.on.so.as.to.cause.to.V][V→V]-@₁~fyagh[to.go.V-ing][to.V.in.vain][V→V][V][Intr][Ind][3Sg]
esghaghsaqsaghtuq	esghaghte-@₁~fyagh[to.go.V-ing][to.V.in.vain][V→V]-@*@₂~sf–(g₂)k(a)e[the.one.that.possessor.V-ed][V→N]-te[to.catch.N][to.go.to.N][N→V]-te[to.act.on.so.as.to.cause.to.V][V→V]-te[to.act.on.so.as.to.cause.to.V][V→V]-te[to.act.on.so.as.to.cause.to.V][V→V]-@₁~fyagh[to.go.V-ing][to.V.in.vain][V→V]-te[to.act.on.so.as.to.cause.to.V][V→V][V][Intr][Ind][3Sg]
esghaghsaqsaghtuq	esghaghte-@₁~fyagh[to.go.V-ing][to.V.in.vain][V→V]-@*@₂~sf–(g₂)k(a)e[the.one.that.possessor.V-ed][V→N]-te[to.catch.N][to.go.to.N][N→V]-te[to.act.on.so.as.to.cause.to.V][V→V]-te[to.act.on.so.as.to.cause.to.V][V→V]-@₁~fyagh[to.go.V-ing][to.V.in.vain][V→V][V][Intr][Ind][3Sg]
esghaghsaqsaghtuq	esghaghte-@₁~fyagh[to.go.V-ing][to.V.in.vain][V→V]-@*@₂~sf–(g₂)k(a)e[the.one.that.possessor.V-ed][V→N]-te[to.catch.N][to.go.to.N][N→V]-te[to.act.on.so.as.to.cause.to.V][V→V]-te[to.act.on.so.as.to.cause.to.V][V→V]-@₁~fyagh[to.go.V-ing][to.V.in.vain][V→V]-te[to.act.on.so.as.to.cause.to.V][V→V][V][Intr][Ind][3Sg]
esghaghsaqsaghtuq	esghaghte-@₁~fyagh[to.go.V-ing][to.V.in.vain][V→V]-@*@₂~sf–(g₂)k(a)e[the.one.that.possessor.V-ed][V→N]-te[to.catch.N][to.go.to.N][N→V]-te[to.act.on.so.as.to.cause.to.V][V→V]-@₁~fyagh[to.go.V-ing][to.V.in.vain][V→V][V][Intr][Ind][3Sg]
esghaghsaqsaghtuq	esghaghte-@₁~fyagh[to.go.V-ing][to.V.in.vain][V→V]-@*@₂~sf–(g₂)k(a)e[the.one.that.possessor.V-ed][V→N]-te[to.catch.N][to.go.to.N][N→V]-te[to.act.on.so.as.to.cause.to.V][V→V]-@₁~fyagh[to.go.V-ing][to.V.in.vain][V→V]-te[to.act.on.so.as.to.cause.to.V][V→V][V][Intr][Ind][3Sg]
esghaghsaqsaghtuq	esghaghte-@₁~fyagh[to.go.V-ing][to.V.in.vain][V→V]-@*@₂~sf–(g₂)k(a)e[the.one.that.possessor.V-ed][V→N]-te[to.catch.N][to.go.to.N][N→V]-@₁~fyagh[to.go.V-ing][to.V.in.vain][V→V][V][Intr][Ind][3Sg]
esghaghsaqsaghtuq	esghaghte-@₁~fyagh[to.go.V-ing][to.V.in.vain][V→V]-@*@₂~sf–(g₂)k(a)e[the.one.that.possessor.V-ed][V→N]-te[to.catch.N][to.go.to.N][N→V]-@₁~fyagh[to.go.V-ing][to.V.in.vain][V→V]-te[to.act.on.so.as.to.cause.to.V][V→V][V][Intr][Ind][3Sg]

------------------------
Esghanghitaat.

esghanghitaat	esghagh-@₁–nghite**[to.not.V][V→V][V][Trns][Ind][3Pl][3Sg]

------------------------
Yuggaq sumeghtaghaamalghii, "Naguntuq aghveghteng maallgunnaqatgu?

yuggaq	+?

sumeghtaghaamalghii	sumeghtaghagh-@₁~:(i/u)ma[to.have.V-ed][to.have.been.V-ed][V→V]-@₁–lghii[the.one.that.V-ed][the.one.that.is.V][V→N][N][Abs][Unpd][Sg]

naguntuq	+?

aghveghteng	aghvegh[N][Abs][4PlPoss][SgPosd]

maallgunnaqatgu	maallgute-@₁~fnaqe[to.be.going.to.V][V→V][V][Trns][Intrg][3Pl][3Sg]
maallgunnaqatgu	malleg-~:(u)te[to.V.for.or.with][to.cause.to.V.as.one.is.V-ing][to.V.toward.each.other][V→V]-te[to.act.on.so.as.to.cause.to.V][V→V]-@₁~fnaqe[to.be.going.to.V][V→V][V][Trns][Intrg][3Pl][3Sg]
maallgunnaqatgu	malleg-~:(u)te[to.V.for.or.with][to.cause.to.V.as.one.is.V-ing][to.V.toward.each.other][V→V]-@₁~fnaqe[to.be.going.to.V][V→V][V][Trns][Intrg][3Pl][3Sg]

------------------------
Esgha maligsaqumki."

esgha	esgha

maligsaqumki	maligte-@₁~fyagh[to.go.V-ing][to.V.in.vain][V→V][V][Trns][Cond][1Sg][3Pl]

------------------------
Yuggaam kaalgulghiit kingungitneng maligsimakangi.

yuggaam	+?

kaalgulghiit	kaaw-–leg[one.having.N][N→N]-~:(ng₁)u[to.be.N][N→V]-@₁–lghii[the.one.that.V-ed][the.one.that.is.V][V→N][N][Abs][Unpd][Pl]
kaalgulghiit	kaaw-–leg[one.having.N][N→N]-~:(ng₁)u[to.be.N][N→V]-@₁–lghii[the.one.that.V-ed][the.one.that.is.V][V→N][N][Rel][Unpd][Pl]
kaalgulghiit	kaaw-–leg[one.having.N][N→N]-~:(ng₁)u[to.be.N][N→V][V][Intr][Ptcp][3Pl]
kaalgulghiit	kaaw-–lgu[to.have.N][N→V]-@₁–lghii[the.one.that.V-ed][the.one.that.is.V][V→N][N][Abs][Unpd][Pl]
kaalgulghiit	kaaw-–lgu[to.have.N][N→V]-@₁–lghii[the.one.that.V-ed][the.one.that.is.V][V→N][N][Rel][Unpd][Pl]
kaalgulghiit	kaaw-–lgu[to.have.N][N→V][V][Intr][Ptcp][3Pl]
kaalgulghiit	kaalgugh-@₁–lghii[the.one.that.V-ed][the.one.that.is.V][V→N][N][Abs][Unpd][Pl]
kaalgulghiit	kaalgugh-@₁–lghii[the.one.that.V-ed][the.one.that.is.V][V→N][N][Rel][Unpd][Pl]
kaalgulghiit	kaalgugh[V][Intr][Ptcp][3Pl]

kingungitneng	kingu[N][Abl_Mod][3DuPoss][PlPosd]
kingungitneng	kingu[N][Abl_Mod][3DuPoss][DuPosd]
kingungitneng	kingu[N][Abl_Mod][3PlPoss][PlPosd]
kingungitneng	kingu[N][Abl_Mod][3PlPoss][SgPosd]
kingungitneng	kingu[N][Abl_Mod][3PlPoss][DuPosd]

maligsimakangi	maligte-@₁~:(i/u)ma[to.have.V-ed][to.have.been.V-ed][V→V]-@*@₂~sf–(g₂)k(a)e[the.one.that.possessor.V-ed][V→N][N][Abs][3SgPoss][PlPosd]
maligsimakangi	maligte-@₁~:(i/u)ma[to.have.V-ed][to.have.been.V-ed][V→V][V][Trns][Ptcp][3Sg][3Pl]

------------------------


	

------------------------
Esnamun kaalluteng yuggaq esghapagyalghiimi nunaq allaq nunakenghilkaminun tamlagtuq.

esnamun	esnagh[N][Ter][Unpd][Sg]

kaalluteng	kaate[V][Intr][Sbrd][3Pl]

yuggaq	+?

esghapagyalghiimi	esghapag-@₁~fyagh[to.go.V-ing][to.V.in.vain][V→V]-@₁–lghii[the.one.that.V-ed][the.one.that.is.V][V→N][N][Loc][Unpd][Sg]
esghapagyalghiimi	esghapag-@₁~fyagh[to.go.V-ing][to.V.in.vain][V→V]-@₁–lghii[the.one.that.V-ed][the.one.that.is.V][V→N][N][Rel][4SgPoss][PlPosd]
esghapagyalghiimi	esghapag-@₁~fyagh[to.go.V-ing][to.V.in.vain][V→V]-@₁–lghii[the.one.that.V-ed][the.one.that.is.V][V→N][N][Rel][4SgPoss][SgPosd]
esghapagyalghiimi	esghapag[V][Intr][Ptcp_Obl][4Sg]

nunaq	+?

allaq	+?

nunakenghilkaminun	+?

tamlagtuq	tamlag[V][Intr][Ind][3Sg]
tamlagtuq	tamlag-te[to.act.on.so.as.to.cause.to.V][V→V][V][Intr][Ind][3Sg]

------------------------
Esnamun uuglluni qayani sayugluku esghapagyalghiimi atghaghtuullghiit yuget nutaan esghaghii.

esnamun	esnagh[N][Ter][Unpd][Sg]

uuglluni	+?

qayani	qaya[N][Abs][4SgPoss][SgPosd]
qayani	qaya[N][Abs][4SgPoss][PlPosd]
qayani	qaya[N][Loc][Unpd][Pl]
qayani	qayagh[N][Abs][4SgPoss][SgPosd]
qayani	qayagh[N][Abs][4SgPoss][PlPosd]
qayani	qayagh[N][Loc][Unpd][Pl]

sayugluku	sa-@₁~fyug[to.want.to.V][V→V][V][Trns][Sbrd][_][3Sg]
sayugluku	sa-~:(u)te[to.V.for.or.with][to.cause.to.V.as.one.is.V-ing][to.V.toward.each.other][V→V]-@₁~fyug[to.want.to.V][V→V][V][Trns][Sbrd][_][3Sg]
sayugluku	sayug[V][Trns][Sbrd][_][3Sg]

esghapagyalghiimi	esghapag-@₁~fyagh[to.go.V-ing][to.V.in.vain][V→V]-@₁–lghii[the.one.that.V-ed][the.one.that.is.V][V→N][N][Loc][Unpd][Sg]
esghapagyalghiimi	esghapag-@₁~fyagh[to.go.V-ing][to.V.in.vain][V→V]-@₁–lghii[the.one.that.V-ed][the.one.that.is.V][V→N][N][Rel][4SgPoss][PlPosd]
esghapagyalghiimi	esghapag-@₁~fyagh[to.go.V-ing][to.V.in.vain][V→V]-@₁–lghii[the.one.that.V-ed][the.one.that.is.V][V→N][N][Rel][4SgPoss][SgPosd]
esghapagyalghiimi	esghapag[V][Intr][Ptcp_Obl][4Sg]

atghaghtuullghiit	+?

yuget	yu(u)g[N][Abs][Unpd][Pl]
yuget	yu(u)g[N][Rel][Unpd][Pl]
yuget	yug[N][Abs][Unpd][Pl]
yuget	yug[N][Rel][Unpd][Pl]

nutaan	nutaan

esghaghii	esghagh-~i[SBJ.V-ed.something][V→V]-~i[SBJ.V-ed.something][V→V]-~i[SBJ.V-ed.something][V→V]-~i[SBJ.V-ed.something][V→V]-~i[SBJ.V-ed.something][V→V]-~i[SBJ.V-ed.something][V→V][V][Intr][Opt][PRS][2Sg]
esghaghii	esghagh-~i[SBJ.V-ed.something][V→V]-~i[SBJ.V-ed.something][V→V]-~i[SBJ.V-ed.something][V→V]-~i[SBJ.V-ed.something][V→V]-~i[SBJ.V-ed.something][V→V][V][Intr][Opt][PRS][2Sg]
esghaghii	esghagh-~i[SBJ.V-ed.something][V→V]-~i[SBJ.V-ed.something][V→V]-~i[SBJ.V-ed.something][V→V]-~i[SBJ.V-ed.something][V→V][V][Intr][Opt][PRS][2Sg]
esghaghii	esghagh-~i[SBJ.V-ed.something][V→V]-~i[SBJ.V-ed.something][V→V]-~i[SBJ.V-ed.something][V→V][V][Intr][Opt][PRS][2Sg]
esghaghii	esghagh-~i[SBJ.V-ed.something][V→V]-~i[SBJ.V-ed.something][V→V][V][Intr][Opt][PRS][2Sg]
esghaghii	esghagh-~i[SBJ.V-ed.something][V→V][V][Intr][Intrg][3Sg]
esghaghii	esghagh[V][Trns][Ind][3Sg][3Pl]

------------------------
Aghveq pilagumakangat.

aghveq	aghvegh[N][Abs][Unpd][Sg]

pilagumakangat	pilag-@₁~:(i/u)ma[to.have.V-ed][to.have.been.V-ed][V→V]-@*@₂~sf–(g₂)k(a)e[the.one.that.possessor.V-ed][V→N][N][Abs][3PlPoss][SgPosd]
pilagumakangat	pilag-@₁~:(i/u)ma[to.have.V-ed][to.have.been.V-ed][V→V][V][Trns][Ptcp][3Pl][3Sg]

------------------------
Qepghalghiit akulangitni yuuk esghapagumalghii.

qepghalghiit	qepghagh-@₁–lghii[the.one.that.V-ed][the.one.that.is.V][V→N][N][Abs][Unpd][Pl]
qepghalghiit	qepghagh-@₁–lghii[the.one.that.V-ed][the.one.that.is.V][V→N][N][Rel][Unpd][Pl]
qepghalghiit	qepghagh[V][Intr][Ptcp][3Pl]

akulangitni	+?

yuuk	yug[N][Abs][Sg]

esghapagumalghii	esghapag-@₁~:(i/u)ma[to.have.V-ed][to.have.been.V-ed][V→V]-@₁–lghii[the.one.that.V-ed][the.one.that.is.V][V→N][N][Abs][Unpd][Sg]

------------------------
Kituraaggaam kiimsiqigalkaanga.

kituraaggaam	+?

kiimsiqigalkaanga	+?

------------------------
Aaguteghngaaghmegteggu esghiigalkangat.

aaguteghngaaghmegteggu	aag-~:(u)te[to.V.for.or.with][to.cause.to.V.as.one.is.V-ing][to.V.toward.each.other][V→V][V][Trns][Conc][4Pl][3Sg]
aaguteghngaaghmegteggu	aagute[V][Trns][Conc][4Pl][3Sg]

esghiigalkangat	+?

------------------------
Aghnam taghnughhalgem ugini tuqlughluku pimakanga, "Panigen atalughaataghtigu."

aghnam	aghnagh[N][Rel][Unpd][Sg]

taghnughhalgem	taghnughhagh*-–leg[one.having.N][N→N][N][Rel][Unpd][Sg]

ugini	ugi[N][Abs][4SgPoss][SgPosd]
ugini	ugi[N][Abs][4SgPoss][PlPosd]
ugini	ugi[N][Loc][Unpd][Pl]
ugini	ugini[N][Abs][Unpd][Sg]
ugini	ugini[V][Intr][Opt][PRS][2Sg]

tuqlughluku	tuqlugh[V][Trns][Sbrd][_][3Sg]

pimakanga	pi-@₁~:(i/u)ma[to.have.V-ed][to.have.been.V-ed][V→V]-@*@₂~sf–(g₂)k(a)e[the.one.that.possessor.V-ed][V→N][N][Abs][3SgPoss][SgPosd]
pimakanga	pi-@₁~:(i/u)ma[to.have.V-ed][to.have.been.V-ed][V→V][V][Trns][Ptcp][3Sg][3Sg]
pimakanga	pi-@₁~:(i/u)ma[to.have.V-ed][to.have.been.V-ed][V→V][V][Trns][Cond][3Sg][1Sg]

panigen	panig[N][Abs][2SgPoss][SgPosd]

atalughaataghtigu	+?

------------------------
Llaaghanwha yugem panmi atalughaalluku atalughat miluusimakangi nuliighmi manunganun.

llaaghanwha	llaaghanwha

yugem	yu(u)g[N][Rel][Unpd][Sg]
yugem	yug[N][Rel][Unpd][Sg]

panmi	+?

atalughaalluku	+?

atalughat	atalughagh[N][Abs][Unpd][Pl]
atalughat	atalughagh[N][Rel][Unpd][Pl]

miluusimakangi	miluute-@₁~:(i/u)ma[to.have.V-ed][to.have.been.V-ed][V→V]-@*@₂~sf–(g₂)k(a)e[the.one.that.possessor.V-ed][V→N][N][Abs][3SgPoss][PlPosd]
miluusimakangi	miluute-@₁~:(i/u)ma[to.have.V-ed][to.have.been.V-ed][V→V][V][Trns][Ptcp][3Sg][3Pl]
miluusimakangi	milugh-~:(u)te[to.V.for.or.with][to.cause.to.V.as.one.is.V-ing][to.V.toward.each.other][V→V]-@₁~:(i/u)ma[to.have.V-ed][to.have.been.V-ed][V→V]-@*@₂~sf–(g₂)k(a)e[the.one.that.possessor.V-ed][V→N][N][Abs][3SgPoss][PlPosd]
miluusimakangi	milugh-~:(u)te[to.V.for.or.with][to.cause.to.V.as.one.is.V-ing][to.V.toward.each.other][V→V]-@₁~:(i/u)ma[to.have.V-ed][to.have.been.V-ed][V→V][V][Trns][Ptcp][3Sg][3Pl]
miluusimakangi	milugh-~:(u)te[SBJ.V-ed.something][V→V]-@₁~:(i/u)ma[to.have.V-ed][to.have.been.V-ed][V→V]-@*@₂~sf–(g₂)k(a)e[the.one.that.possessor.V-ed][V→N][N][Abs][3SgPoss][PlPosd]

nuliighmi	nuliigh[N][Loc][Unpd][Sg]
nuliighmi	nuliigh[N][Rel][4SgPoss][PlPosd]
nuliighmi	nuliigh[N][Rel][4SgPoss][SgPosd]

manunganun	manu[N][Ter][3SgPoss][SgPosd]
manunganun	manu[N][Ter][3SgPoss][PlPosd]

------------------------
Atalughat tuusata yugem tuusimakangi.

atalughat	atalughagh[N][Abs][Unpd][Pl]
atalughat	atalughagh[N][Rel][Unpd][Pl]

tuusata	tuute[V][Intr][CnsqI][3Pl]

yugem	yu(u)g[N][Rel][Unpd][Sg]
yugem	yug[N][Rel][Unpd][Sg]

tuusimakangi	tuute-@₁~:(i/u)ma[to.have.V-ed][to.have.been.V-ed][V→V]-@*@₂~sf–(g₂)k(a)e[the.one.that.possessor.V-ed][V→N][N][Abs][3SgPoss][PlPosd]
tuusimakangi	tuute-@₁~:(i/u)ma[to.have.V-ed][to.have.been.V-ed][V→V][V][Trns][Ptcp][3Sg][3Pl]

------------------------
Aghnam iíliigii atalughat.

aghnam	aghnagh[N][Rel][Unpd][Sg]

iíliigii	+?

atalughat	atalughagh[N][Abs][Unpd][Pl]
atalughat	atalughagh[N][Rel][Unpd][Pl]

------------------------
Ivaamakangi uvitmini.

ivaamakangi	ivagh-@₁~:(i/u)ma[to.have.V-ed][to.have.been.V-ed][V→V]-@*@₂~sf–(g₂)k(a)e[the.one.that.possessor.V-ed][V→N][N][Abs][3SgPoss][PlPosd]
ivaamakangi	ivagh-@₁~:(i/u)ma[to.have.V-ed][to.have.been.V-ed][V→V][V][Trns][Ptcp][3Sg][3Pl]

uvitmini	+?

------------------------
Maaten agavek sayan isekiyugesqelluku aghnaq yugem, atalughat tuguluki ggatmeghruganun lliyaghii.

maaten	maaten
maaten	maatete[N][Abs][Unpd][Sg]

agavek	agavek

sayan	sa-~:(u)te[to.V.for.or.with][to.cause.to.V.as.one.is.V-ing][to.V.toward.each.other][V→V][V][Intr][CnsqI][3Sg]
sayan	sa-~:(u)te[SBJ.V-ed.something][V→V][V][Intr][CnsqI][3Sg]
sayan	sa[V][Intr][CnsqI][3Sg]
sayan	sayate[N][Abs][Unpd][Sg]

isekiyugesqelluku	+?

aghnaq	aghnagh[N][Abs][Unpd][Sg]

yugem	yu(u)g[N][Rel][Unpd][Sg]
yugem	yug[N][Rel][Unpd][Sg]

atalughat	atalughagh[N][Abs][Unpd][Pl]
atalughat	atalughagh[N][Rel][Unpd][Pl]

tuguluki	tugu-~:(u)te[to.V.for.or.with][to.cause.to.V.as.one.is.V-ing][to.V.toward.each.other][V→V][V][Trns][Sbrd][_][3Pl]
tuguluki	tugu[V][Trns][Sbrd][_][3Pl]

ggatmeghruganun	ggatmeghrug[N][Ter][3SgPoss][SgPosd]
ggatmeghruganun	ggatmeghrug[N][Ter][3SgPoss][PlPosd]

lliyaghii	lli-@₁~fyagh[to.go.V-ing][to.V.in.vain][V→V]-~i[SBJ.V-ed.something][V→V]-~i[SBJ.V-ed.something][V→V]-~i[SBJ.V-ed.something][V→V]-~i[SBJ.V-ed.something][V→V]-~i[SBJ.V-ed.something][V→V][V][Intr][Opt][PRS][2Sg]
lliyaghii	lli-@₁~fyagh[to.go.V-ing][to.V.in.vain][V→V]-~i[SBJ.V-ed.something][V→V]-~i[SBJ.V-ed.something][V→V]-~i[SBJ.V-ed.something][V→V]-~i[SBJ.V-ed.something][V→V][V][Intr][Opt][PRS][2Sg]
lliyaghii	lli-@₁~fyagh[to.go.V-ing][to.V.in.vain][V→V]-~i[SBJ.V-ed.something][V→V]-~i[SBJ.V-ed.something][V→V]-~i[SBJ.V-ed.something][V→V][V][Intr][Opt][PRS][2Sg]
lliyaghii	lli-@₁~fyagh[to.go.V-ing][to.V.in.vain][V→V]-~i[SBJ.V-ed.something][V→V]-~i[SBJ.V-ed.something][V→V][V][Intr][Opt][PRS][2Sg]
lliyaghii	lli-@₁~fyagh[to.go.V-ing][to.V.in.vain][V→V]-~i[SBJ.V-ed.something][V→V][V][Intr][Intrg][3Sg]
lliyaghii	lli-@₁~fyagh[to.go.V-ing][to.V.in.vain][V→V][V][Trns][Ind][3Sg][3Pl]
lliyaghii	lli-~:(u)te[to.V.for.or.with][to.cause.to.V.as.one.is.V-ing][to.V.toward.each.other][V→V]-@₁~fyagh[to.go.V-ing][to.V.in.vain][V→V]-~i[SBJ.V-ed.something][V→V]-~i[SBJ.V-ed.something][V→V]-~i[SBJ.V-ed.something][V→V]-~i[SBJ.V-ed.something][V→V][V][Intr][Opt][PRS][2Sg]
lliyaghii	lli-~:(u)te[to.V.for.or.with][to.cause.to.V.as.one.is.V-ing][to.V.toward.each.other][V→V]-@₁~fyagh[to.go.V-ing][to.V.in.vain][V→V]-~i[SBJ.V-ed.something][V→V]-~i[SBJ.V-ed.something][V→V]-~i[SBJ.V-ed.something][V→V][V][Intr][Opt][PRS][2Sg]
lliyaghii	lli-~:(u)te[to.V.for.or.with][to.cause.to.V.as.one.is.V-ing][to.V.toward.each.other][V→V]-@₁~fyagh[to.go.V-ing][to.V.in.vain][V→V]-~i[SBJ.V-ed.something][V→V]-~i[SBJ.V-ed.something][V→V][V][Intr][Opt][PRS][2Sg]
lliyaghii	lli-~:(u)te[to.V.for.or.with][to.cause.to.V.as.one.is.V-ing][to.V.toward.each.other][V→V]-@₁~fyagh[to.go.V-ing][to.V.in.vain][V→V]-~i[SBJ.V-ed.something][V→V][V][Intr][Intrg][3Sg]
lliyaghii	lli-~:(u)te[to.V.for.or.with][to.cause.to.V.as.one.is.V-ing][to.V.toward.each.other][V→V]-@₁~fyagh[to.go.V-ing][to.V.in.vain][V→V][V][Trns][Ind][3Sg][3Pl]
lliyaghii	lli-~:(u)te[SBJ.V-ed.something][V→V]-@₁~fyagh[to.go.V-ing][to.V.in.vain][V→V]-~i[SBJ.V-ed.something][V→V]-~i[SBJ.V-ed.something][V→V]-~i[SBJ.V-ed.something][V→V]-~i[SBJ.V-ed.something][V→V][V][Intr][Opt][PRS][2Sg]
lliyaghii	lli-~:(u)te[SBJ.V-ed.something][V→V]-@₁~fyagh[to.go.V-ing][to.V.in.vain][V→V]-~i[SBJ.V-ed.something][V→V]-~i[SBJ.V-ed.something][V→V]-~i[SBJ.V-ed.something][V→V][V][Intr][Opt][PRS][2Sg]
lliyaghii	lli-~:(u)te[SBJ.V-ed.something][V→V]-@₁~fyagh[to.go.V-ing][to.V.in.vain][V→V]-~i[SBJ.V-ed.something][V→V]-~i[SBJ.V-ed.something][V→V][V][Intr][Opt][PRS][2Sg]
lliyaghii	lli-~:(u)te[SBJ.V-ed.something][V→V]-@₁~fyagh[to.go.V-ing][to.V.in.vain][V→V]-~i[SBJ.V-ed.something][V→V][V][Intr][Intrg][3Sg]

------------------------
Aga atalughat amighreganun kiighisimalghiit.

aga	aga

atalughat	atalughagh[N][Abs][Unpd][Pl]
atalughat	atalughagh[N][Rel][Unpd][Pl]

amighreganun	amighregagh[N][Ter][Unpd][Pl]

kiighisimalghiit	+?

------------------------
Aghnaq araamalghii agrepeniluni ggatmeghrugmikun.

aghnaq	aghnagh[N][Abs][Unpd][Sg]

araamalghii	aragh-@₁~:(i/u)ma[to.have.V-ed][to.have.been.V-ed][V→V]-@₁–lghii[the.one.that.V-ed][the.one.that.is.V][V→N][N][Abs][Unpd][Sg]

agrepeniluni	+?

ggatmeghrugmikun	ggatmeghrug[N][Via][4SgPoss][PlPosd]
ggatmeghrugmikun	ggatmeghrug[N][Via][4SgPoss][SgPosd]

------------------------
Ugingan tagiluni qamiyegnegun qaakluku taglaasimakanga.

ugingan	ugi[N][Rel][3SgPoss][SgPosd]
ugingan	ugi[N][Rel][3SgPoss][PlPosd]

tagiluni	tagi-~:(u)te[to.V.for.or.with][to.cause.to.V.as.one.is.V-ing][to.V.toward.each.other][V→V][V][Intr][Sbrd][3Sg]
tagiluni	tagi-~:(u)te[SBJ.V-ed.something][V→V][V][Intr][Sbrd][3Sg]
tagiluni	tagi[V][Intr][Sbrd][3Sg]

qamiyegnegun	qamiye[N][Via][Unpd][Du]

qaakluku	qaake-te[to.act.on.so.as.to.cause.to.V][V→V][V][Trns][Sbrd][_][3Sg]
qaakluku	qaake[V][Trns][Sbrd][_][3Sg]

taglaasimakanga	taglaate-@₁~:(i/u)ma[to.have.V-ed][to.have.been.V-ed][V→V]-@*@₂~sf–(g₂)k(a)e[the.one.that.possessor.V-ed][V→N][N][Abs][3SgPoss][SgPosd]
taglaasimakanga	taglaate-@₁~:(i/u)ma[to.have.V-ed][to.have.been.V-ed][V→V][V][Trns][Ptcp][3Sg][3Sg]
taglaasimakanga	taglaate-@₁~:(i/u)ma[to.have.V-ed][to.have.been.V-ed][V→V][V][Trns][Cond][3Sg][1Sg]
taglaasimakanga	taglagh-~:(u)te[to.V.for.or.with][to.cause.to.V.as.one.is.V-ing][to.V.toward.each.other][V→V]-@₁~:(i/u)ma[to.have.V-ed][to.have.been.V-ed][V→V]-@*@₂~sf–(g₂)k(a)e[the.one.that.possessor.V-ed][V→N][N][Abs][3SgPoss][SgPosd]
taglaasimakanga	taglagh-~:(u)te[to.V.for.or.with][to.cause.to.V.as.one.is.V-ing][to.V.toward.each.other][V→V]-@₁~:(i/u)ma[to.have.V-ed][to.have.been.V-ed][V→V][V][Trns][Ptcp][3Sg][3Sg]
taglaasimakanga	taglagh-~:(u)te[to.V.for.or.with][to.cause.to.V.as.one.is.V-ing][to.V.toward.each.other][V→V]-@₁~:(i/u)ma[to.have.V-ed][to.have.been.V-ed][V→V][V][Trns][Cond][3Sg][1Sg]
taglaasimakanga	taglagh-~:(u)te[SBJ.V-ed.something][V→V]-@₁~:(i/u)ma[to.have.V-ed][to.have.been.V-ed][V→V]-@*@₂~sf–(g₂)k(a)e[the.one.that.possessor.V-ed][V→N][N][Abs][3SgPoss][SgPosd]

------------------------
Kingungitneng yuuk maligulluni taglaamalghii.

kingungitneng	kingu[N][Abl_Mod][3DuPoss][PlPosd]
kingungitneng	kingu[N][Abl_Mod][3DuPoss][DuPosd]
kingungitneng	kingu[N][Abl_Mod][3PlPoss][PlPosd]
kingungitneng	kingu[N][Abl_Mod][3PlPoss][SgPosd]
kingungitneng	kingu[N][Abl_Mod][3PlPoss][DuPosd]

yuuk	yug[N][Abs][Sg]

maligulluni	+?

taglaamalghii	taglagh-@₁~:(i/u)ma[to.have.V-ed][to.have.been.V-ed][V→V]-@₁–lghii[the.one.that.V-ed][the.one.that.is.V][V→N][N][Abs][Unpd][Sg]

------------------------
Tumangani kaasimakanga aghnaq qamiyegnegun mangtagmeng usiluni qamumeng taglaghaqeftuq.

tumangani	tumangani
tumangani	tumangani[N][Abs][Unpd][Sg]

kaasimakanga	kaate-@₁~:(i/u)ma[to.have.V-ed][to.have.been.V-ed][V→V]-@*@₂~sf–(g₂)k(a)e[the.one.that.possessor.V-ed][V→N][N][Abs][3SgPoss][SgPosd]
kaasimakanga	kaate-@₁~:(i/u)ma[to.have.V-ed][to.have.been.V-ed][V→V][V][Trns][Ptcp][3Sg][3Sg]
kaasimakanga	kaate-@₁~:(i/u)ma[to.have.V-ed][to.have.been.V-ed][V→V][V][Trns][Cond][3Sg][1Sg]

aghnaq	aghnagh[N][Abs][Unpd][Sg]

qamiyegnegun	qamiye[N][Via][Unpd][Du]

mangtagmeng	mangtag[N][Abl_Mod][Unpd][Sg]
mangtagmeng	mangtag[N][Rel][4DuPoss][PlPosd]
mangtagmeng	mangtag[N][Rel][4DuPoss][SgPosd]
mangtagmeng	mangtag[N][Rel][4PlPoss][PlPosd]
mangtagmeng	mangtag[N][Rel][4PlPoss][SgPosd]

usiluni	+?

qamumeng	qamugh[N][Abl_Mod][Unpd][Sg]
qamumeng	qamugh[N][Rel][4DuPoss][PlPosd]
qamumeng	qamugh[N][Rel][4DuPoss][SgPosd]
qamumeng	qamugh[N][Rel][4PlPoss][PlPosd]
qamumeng	qamugh[N][Rel][4PlPoss][SgPosd]

taglaghaqeftuq	taglagh-~(g₁)aqe[to.be.V.ing][to.regularly.or.repeatedly.V][V→V]-(pete)fte[to.evidently.V][to.have.V-ed][V→V][V][Intr][Ind][3Sg]

------------------------


	

------------------------
Yugem kaasamigu aqumumalghii qamiyegnegun.

yugem	yu(u)g[N][Rel][Unpd][Sg]
yugem	yug[N][Rel][Unpd][Sg]

kaasamigu	kaate[V][Trns][CnsqI][4Sg][3Sg]

aqumumalghii	aqume-@₁~:(i/u)ma[to.have.V-ed][to.have.been.V-ed][V→V]-@₁–lghii[the.one.that.V-ed][the.one.that.is.V][V→N][N][Abs][Unpd][Sg]

qamiyegnegun	qamiye[N][Via][Unpd][Du]

------------------------
Aghnaq igleghhneghmeng aghtughyagusimalghii.

aghnaq	aghnagh[N][Abs][Unpd][Sg]

igleghhneghmeng	igleghte-@₁–negh[the.act.or.activity.of.V-ing][V→N][N][Abl_Mod][Unpd][Sg]
igleghhneghmeng	igleghte-@₁–negh[the.act.or.activity.of.V-ing][V→N][N][Rel][4DuPoss][PlPosd]
igleghhneghmeng	igleghte-@₁–negh[the.act.or.activity.of.V-ing][V→N][N][Rel][4DuPoss][SgPosd]
igleghhneghmeng	igleghte-@₁–negh[the.act.or.activity.of.V-ing][V→N][N][Rel][4PlPoss][PlPosd]
igleghhneghmeng	igleghte-@₁–negh[the.act.or.activity.of.V-ing][V→N][N][Rel][4PlPoss][SgPosd]
igleghhneghmeng	igleghte[V][Intr][Ctmp][4Pl]

aghtughyagusimalghii	+?

------------------------
Piiq aghnaq, "Sangamek qamuqagka qamiyek sangyaghqwaagakek?

piiq	pi-~faagh[one.who.keeps.on.V-ing][AUG]
piiq	pi-~i[SBJ.V-ed.something][V→V]-~faagh[one.who.keeps.on.V-ing][AUG]
piiq	pi-~i[SBJ.V-ed.something][V→V]-~i[SBJ.V-ed.something][V→V]-~faagh[one.who.keeps.on.V-ing][AUG]
piiq	pi-~i[SBJ.V-ed.something][V→V]-~i[SBJ.V-ed.something][V→V]-~i[SBJ.V-ed.something][V→V]-~faagh[one.who.keeps.on.V-ing][AUG]
piiq	pi-~i[SBJ.V-ed.something][V→V]-~i[SBJ.V-ed.something][V→V]-~i[SBJ.V-ed.something][V→V]-~i[SBJ.V-ed.something][V→V]-~faagh[one.who.keeps.on.V-ing][AUG]
piiq	pi-~i[SBJ.V-ed.something][V→V]-~i[SBJ.V-ed.something][V→V]-~i[SBJ.V-ed.something][V→V]-~i[SBJ.V-ed.something][V→V]-~i[SBJ.V-ed.something][V→V]-~faagh[one.who.keeps.on.V-ing][AUG]
piiq	pi[V][Intr][Ind][3Sg]
piiq	pi[V][Trns][Ind][3Sg][3Du]
piiq	piigh[N][Abs][Unpd][Sg]

aghnaq	aghnagh[N][Abs][Unpd][Sg]

sangamek	sa[V][Intr][CnsqI][4Du]

qamuqagka	+?

qamiyek	qamiye[N][Abs][Unpd][Du]
qamiyek	qamiye[N][Rel][Unpd][Du]

sangyaghqwaagakek	+?

------------------------
Agnepa meghnughyingalghiinga."

agnepa	agnepa

meghnughyingalghiinga	+?

------------------------
Aghnaq aghuliighluni meghnaalimalghii.

aghnaq	aghnagh[N][Abs][Unpd][Sg]

aghuliighluni	aghuliigh[V][Intr][Sbrd][3Sg]

meghnaalimalghii	meghnaali-@₁~:(i/u)ma[to.have.V-ed][to.have.been.V-ed][V→V]-@₁–lghii[the.one.that.V-ed][the.one.that.is.V][V→N][N][Abs][Unpd][Sg]

------------------------


	

------------------------
Yuuk qamiyegneng nekevluni taglaamalghii.

yuuk	yug[N][Abs][Sg]

qamiyegneng	qamiye[N][Abl_Mod][Unpd][Du]

nekevluni	nekeve[V][Intr][Sbrd][3Sg]

taglaamalghii	taglagh-@₁~:(i/u)ma[to.have.V-ed][to.have.been.V-ed][V→V]-@₁–lghii[the.one.that.V-ed][the.one.that.is.V][V→N][N][Abs][Unpd][Sg]

------------------------
Mengteghanun kaalluni qineghsalghiimi aghnaq gaaghaqeftuqneqmeng.

mengteghanun	mengteghagh[N][Ter][Unpd][Pl]

kaalluni	kaate[V][Intr][Sbrd][3Sg]

qineghsalghiimi	qineghte-@₁~fyagh[to.go.V-ing][to.V.in.vain][V→V]-@₁–lghii[the.one.that.V-ed][the.one.that.is.V][V→N][N][Loc][Unpd][Sg]
qineghsalghiimi	qineghte-@₁~fyagh[to.go.V-ing][to.V.in.vain][V→V]-@₁–lghii[the.one.that.V-ed][the.one.that.is.V][V→N][N][Rel][4SgPoss][PlPosd]
qineghsalghiimi	qineghte-@₁~fyagh[to.go.V-ing][to.V.in.vain][V→V]-@₁–lghii[the.one.that.V-ed][the.one.that.is.V][V→N][N][Rel][4SgPoss][SgPosd]
qineghsalghiimi	qineghte[V][Intr][Ptcp_Obl][4Sg]

aghnaq	aghnagh[N][Abs][Unpd][Sg]

gaaghaqeftuqneqmeng	+?

------------------------
Taawa saaghwani qayutam qaayngani ugket ugimneghhat.

taawa	taawa

saaghwani	saaghw[N][Loc][3SgPoss][SgPosd]
saaghwani	saaghw[N][Loc][3SgPoss][PlPosd]

qayutam	+?

qaayngani	qaye[N][Loc][3SgPoss][SgPosd]
qaayngani	qaye[N][Loc][3SgPoss][PlPosd]

ugket	ugke[N][Abs][Unpd][Pl]
ugket	ugke[N][Rel][Unpd][Pl]

ugimneghhat	+?

------------------------
Yuukpimalghii, "Aghnaq uyuq ugkevneng tuunaghtinga.

yuukpimalghii	+?

aghnaq	aghnagh[N][Abs][Unpd][Sg]

uyuq	uyuq

ugkevneng	+?

tuunaghtinga	+?

------------------------
Igatapigtunga."

igatapigtunga	igatagh-–pigte[to.be.very.V][to.V.very.much][V→V][V][Intr][Ind][1Sg]

------------------------
"Kaay aviigaanga," aghnaq pimalghii.

kaay	kaay

aviigaanga	avii[V][Trns][Ind][3Sg][1Sg]

aghnaq	aghnagh[N][Abs][Unpd][Sg]

pimalghii	pi-@₁~:(i/u)ma[to.have.V-ed][to.have.been.V-ed][V→V]-@₁–lghii[the.one.that.V-ed][the.one.that.is.V][V→N][N][Abs][Unpd][Sg]

------------------------
Uraamra (2) ugkemeng tungsilghii.

uraamra	+?

2	+?

ugkemeng	ugke[N][Abl_Mod][Unpd][Sg]
ugkemeng	ugke[N][Rel][4DuPoss][PlPosd]
ugkemeng	ugke[N][Rel][4DuPoss][SgPosd]
ugkemeng	ugke[N][Rel][4PlPoss][PlPosd]
ugkemeng	ugke[N][Rel][4PlPoss][SgPosd]

tungsilghii	tungsigh-@₁–lghii[the.one.that.V-ed][the.one.that.is.V][V→N][N][Abs][Unpd][Sg]

------------------------
Yuuk pimalghii, "Tawani aviigi!"

yuuk	yug[N][Abs][Sg]

pimalghii	pi-@₁~:(i/u)ma[to.have.V-ed][to.have.been.V-ed][V→V]-@₁–lghii[the.one.that.V-ed][the.one.that.is.V][V→N][N][Abs][Unpd][Sg]

tawani	tawani
tawani	tawani[N][Abs][Unpd][Sg]

aviigi	avii[V][Intr][Opt][PRS][2Sg]

------------------------
Qayutameng tugusimalghii ugkemeng.

qayutameng	+?

tugusimalghii	tugu-~:(u)te[to.V.for.or.with][to.cause.to.V.as.one.is.V-ing][to.V.toward.each.other][V→V]-@₁~:(i/u)ma[to.have.V-ed][to.have.been.V-ed][V→V]-@₁–lghii[the.one.that.V-ed][the.one.that.is.V][V→N][N][Abs][Unpd][Sg]
tugusimalghii	tugu-~:(u)te[SBJ.V-ed.something][V→V]-@₁~:(i/u)ma[to.have.V-ed][to.have.been.V-ed][V→V]-@₁–lghii[the.one.that.V-ed][the.one.that.is.V][V→N][N][Abs][Unpd][Sg]
tugusimalghii	tugu-te[to.act.on.so.as.to.cause.to.V][V→V]-@₁~:(i/u)ma[to.have.V-ed][to.have.been.V-ed][V→V]-@₁–lghii[the.one.that.V-ed][the.one.that.is.V][V→N][N][Abs][Unpd][Sg]

ugkemeng	ugke[N][Abl_Mod][Unpd][Sg]
ugkemeng	ugke[N][Rel][4DuPoss][PlPosd]
ugkemeng	ugke[N][Rel][4DuPoss][SgPosd]
ugkemeng	ugke[N][Rel][4PlPoss][PlPosd]
ugkemeng	ugke[N][Rel][4PlPoss][SgPosd]

------------------------
Aghnaq pilaataghtuq, "Kaaaay sullevnaghhalek aviilaataghaanga aleghqupigmeng!

aghnaq	aghnagh[N][Abs][Unpd][Sg]

pilaataghtuq	pi-@₁~laatagh[to.V.anyway][despite.everything.to.still.V][V→V][V][Intr][Ind][3Sg]
pilaataghtuq	pi-@₁~laatagh[to.V.anyway][despite.everything.to.still.V][V→V]-te[to.act.on.so.as.to.cause.to.V][V→V][V][Intr][Ind][3Sg]
pilaataghtuq	pi-~:(u)te[to.V.for.or.with][to.cause.to.V.as.one.is.V-ing][to.V.toward.each.other][V→V]-@₁~laatagh[to.V.anyway][despite.everything.to.still.V][V→V][V][Intr][Ind][3Sg]
pilaataghtuq	pi-~:(u)te[to.V.for.or.with][to.cause.to.V.as.one.is.V-ing][to.V.toward.each.other][V→V]-@₁~laatagh[to.V.anyway][despite.everything.to.still.V][V→V]-te[to.act.on.so.as.to.cause.to.V][V→V][V][Intr][Ind][3Sg]
pilaataghtuq	pi-~:(u)te[SBJ.V-ed.something][V→V]-@₁~laatagh[to.V.anyway][despite.everything.to.still.V][V→V][V][Intr][Ind][3Sg]
pilaataghtuq	pi-~:(u)te[SBJ.V-ed.something][V→V]-@₁~laatagh[to.V.anyway][despite.everything.to.still.V][V→V]-te[to.act.on.so.as.to.cause.to.V][V→V][V][Intr][Ind][3Sg]

kaaaay	+?

sullevnaghhalek	sulleve-@₁~fna[in.order.to.V][intending.to.V][V→V]-–ghhalek[how.V][V→XCLM]

aviilaataghaanga	avii-@₁~laatagh[to.V.anyway][despite.everything.to.still.V][V→V][V][Trns][Ind][3Sg][1Sg]
aviilaataghaanga	avii-~:(u)te[to.V.for.or.with][to.cause.to.V.as.one.is.V-ing][to.V.toward.each.other][V→V]-@₁~laatagh[to.V.anyway][despite.everything.to.still.V][V→V][V][Trns][Ind][3Sg][1Sg]

aleghqupigmeng	+?

------------------------
Weni ugkeka aga tenguq ima aga aanuq!

weni	weni

ugkeka	ugke-~–ke[to.have.as.one's.N(s)][N→V][V][Intr][Intrg][3Sg]
ugkeka	ugke[N][Abs][1SgPoss][SgPosd]

aga	aga

tenguq	+?

ima	ima
ima	ima[V][Intr][Opt][PRS][2Sg]

aga	aga

aanuq	aane[V][Intr][Ind][3Sg]

------------------------
Kaaaay entaqun imgaghtunga!"

kaaaay	+?

entaqun	entaqun

imgaghtunga	imgagh[V][Intr][Ind][1Sg]
imgaghtunga	imgagh-te[to.act.on.so.as.to.cause.to.V][V→V][V][Intr][Ind][1Sg]

------------------------
Yugem ugka aanulluku uqeghhmi neghumakanga.

yugem	yu(u)g[N][Rel][Unpd][Sg]
yugem	yug[N][Rel][Unpd][Sg]

ugka	ugke[N][Abs][Unpd][Sg]

aanulluku	aane-~:(u)te[to.V.for.or.with][to.cause.to.V.as.one.is.V-ing][to.V.toward.each.other][V→V]-te[to.act.on.so.as.to.cause.to.V][V→V][V][Trns][Sbrd][_][3Sg]
aanulluku	aane-~:(u)te[to.V.for.or.with][to.cause.to.V.as.one.is.V-ing][to.V.toward.each.other][V→V][V][Trns][Sbrd][_][3Sg]

uqeghhmi	+?

neghumakanga	negh-@₁~:(i/u)ma[to.have.V-ed][to.have.been.V-ed][V→V]-@*@₂~sf–(g₂)k(a)e[the.one.that.possessor.V-ed][V→N][N][Abs][3SgPoss][SgPosd]
neghumakanga	negh-@₁~:(i/u)ma[to.have.V-ed][to.have.been.V-ed][V→V][V][Trns][Ptcp][3Sg][3Sg]
neghumakanga	negh-@₁~:(i/u)ma[to.have.V-ed][to.have.been.V-ed][V→V][V][Trns][Cond][3Sg][1Sg]
neghumakanga	neghe-@₁~:(i/u)ma[to.have.V-ed][to.have.been.V-ed][V→V]-@*@₂~sf–(g₂)k(a)e[the.one.that.possessor.V-ed][V→N][N][Abs][3SgPoss][SgPosd]
neghumakanga	neghe-@₁~:(i/u)ma[to.have.V-ed][to.have.been.V-ed][V→V][V][Trns][Ptcp][3Sg][3Sg]
neghumakanga	neghe-@₁~:(i/u)ma[to.have.V-ed][to.have.been.V-ed][V→V][V][Trns][Cond][3Sg][1Sg]

------------------------
Ugka qamagsamigu ilangitnun mengteghanun aglaamalghii.

ugka	ugke[N][Abs][Unpd][Sg]

qamagsamigu	qamagte[V][Trns][CnsqI][4Sg][3Sg]

ilangitnun	ila[N][Ter][3DuPoss][PlPosd]
ilangitnun	ila[N][Ter][3DuPoss][DuPosd]
ilangitnun	ila[N][Ter][3PlPoss][PlPosd]
ilangitnun	ila[N][Ter][3PlPoss][SgPosd]
ilangitnun	ila[N][Ter][3PlPoss][DuPosd]

mengteghanun	mengteghagh[N][Ter][Unpd][Pl]

aglaamalghii	aglagh-@₁~:(i/u)ma[to.have.V-ed][to.have.been.V-ed][V→V]-@₁–lghii[the.one.that.V-ed][the.one.that.is.V][V→N][N][Abs][Unpd][Sg]

------------------------
(2) Ipameng, teghhumaghmi nakaa qavangumi nalighmeng sumeghtaghaalleghmi.

2	+?

ipameng	+?

teghhumaghmi	+?

nakaa	nakaa

qavangumi	qavangugh[N][Loc][Unpd][Sg]
qavangumi	qavangugh[N][Rel][4SgPoss][PlPosd]
qavangumi	qavangugh[N][Rel][4SgPoss][SgPosd]

nalighmeng	naligh*[N][Abl_Mod][Unpd][Sg]
nalighmeng	naligh*[N][Rel][4DuPoss][PlPosd]
nalighmeng	naligh*[N][Rel][4DuPoss][SgPosd]
nalighmeng	naligh*[N][Rel][4PlPoss][PlPosd]
nalighmeng	naligh*[N][Rel][4PlPoss][SgPosd]
nalighmeng	nalighmeng
nalighmeng	nalighmeng[N][Abs][Unpd][Sg]

sumeghtaghaalleghmi	+?

------------------------


	

------------------------
Kaalluni aqumumalghii amigem iiqngaakun.

kaalluni	kaate[V][Intr][Sbrd][3Sg]

aqumumalghii	aqume-@₁~:(i/u)ma[to.have.V-ed][to.have.been.V-ed][V→V]-@₁–lghii[the.one.that.V-ed][the.one.that.is.V][V→N][N][Abs][Unpd][Sg]

amigem	amig[N][Rel][Unpd][Sg]

iiqngaakun	+?

------------------------
Maalghuk aghnaghaak neqmeng inglugtaalghiik esnameng kaallutek mengteghamun neqa itghututkelluku aghnaghaak kangsughaataamalghiik amigmi.

maalghuk	maalghug[N][Abs][Unpd][Sg]

aghnaghaak	aghnaghagh*[N][Abs][Unpd][Du]
aghnaghaak	aghnaghagh*[N][Abs][3DuPoss][SgPosd]
aghnaghaak	aghnaghagh*[N][Rel][Unpd][Du]
aghnaghaak	Aghnaghaag[N][Abs][Unpd][Sg]

neqmeng	neqe[N][Abl_Mod][Unpd][Sg]
neqmeng	neqe[N][Rel][4DuPoss][PlPosd]
neqmeng	neqe[N][Rel][4DuPoss][SgPosd]
neqmeng	neqe[N][Rel][4PlPoss][PlPosd]
neqmeng	neqe[N][Rel][4PlPoss][SgPosd]

inglugtaalghiik	+?

esnameng	esnagh[N][Abl_Mod][Unpd][Sg]
esnameng	esnagh[N][Rel][4DuPoss][PlPosd]
esnameng	esnagh[N][Rel][4DuPoss][SgPosd]
esnameng	esnagh[N][Rel][4PlPoss][PlPosd]
esnameng	esnagh[N][Rel][4PlPoss][SgPosd]

kaallutek	kaate[V][Intr][Sbrd][2Du]
kaallutek	kaate[V][Intr][Sbrd][3Du]
kaallutek	kaate[V][Trns][Sbrd][_][2Du]

mengteghamun	mengteghagh[N][Ter][Unpd][Sg]

neqa	neqe[N][Abs][Unpd][Sg]

itghututkelluku	+?

aghnaghaak	aghnaghagh*[N][Abs][Unpd][Du]
aghnaghaak	aghnaghagh*[N][Abs][3DuPoss][SgPosd]
aghnaghaak	aghnaghagh*[N][Rel][Unpd][Du]
aghnaghaak	Aghnaghaag[N][Abs][Unpd][Sg]

kangsughaataamalghiik	+?

amigmi	amigh[N][Rel][4SgPoss][DuPosd]
amigmi	amig[N][Loc][Unpd][Sg]
amigmi	amig[N][Rel][4SgPoss][PlPosd]
amigmi	amig[N][Rel][4SgPoss][SgPosd]

------------------------
Pimalghiik, "Sangami amigput kagpellighaghta?"

pimalghiik	pi-@₁~:(i/u)ma[to.have.V-ed][to.have.been.V-ed][V→V]-@₁–lghii[the.one.that.V-ed][the.one.that.is.V][V→N][N][Abs][Unpd][Du]
pimalghiik	pi-@₁~:(i/u)ma[to.have.V-ed][to.have.been.V-ed][V→V]-@₁–lghii[the.one.that.V-ed][the.one.that.is.V][V→N][N][Rel][Unpd][Du]
pimalghiik	pi-@₁~:(i/u)ma[to.have.V-ed][to.have.been.V-ed][V→V][V][Intr][Ptcp][3Du]

sangami	sa[V][Intr][CnsqI][4Sg]
sangami	sangagh[N][Loc][Unpd][Sg]
sangami	sangagh[N][Rel][4SgPoss][PlPosd]
sangami	sangagh[N][Rel][4SgPoss][SgPosd]
sangami	sangami

amigput	amigh[N][Abs][1PlPoss][DuPosd]
amigput	amig[N][Abs][1PlPoss][SgPosd]

kagpellighaghta	+?

------------------------
Yuuk esghaghsaqneghmeng mataawiiq.

yuuk	yug[N][Abs][Sg]

esghaghsaqneghmeng	+?

mataawiiq	mataawi-~faagh[one.who.keeps.on.V-ing][AUG]
mataawiiq	mataawi-~i[SBJ.V-ed.something][V→V]-~faagh[one.who.keeps.on.V-ing][AUG]
mataawiiq	mataawi-~i[SBJ.V-ed.something][V→V]-~i[SBJ.V-ed.something][V→V]-~faagh[one.who.keeps.on.V-ing][AUG]
mataawiiq	mataawi-~i[SBJ.V-ed.something][V→V]-~i[SBJ.V-ed.something][V→V]-~i[SBJ.V-ed.something][V→V]-~faagh[one.who.keeps.on.V-ing][AUG]
mataawiiq	mataawi-~i[SBJ.V-ed.something][V→V]-~i[SBJ.V-ed.something][V→V]-~i[SBJ.V-ed.something][V→V]-~i[SBJ.V-ed.something][V→V]-~faagh[one.who.keeps.on.V-ing][AUG]
mataawiiq	mataawi-~i[SBJ.V-ed.something][V→V]-~i[SBJ.V-ed.something][V→V]-~i[SBJ.V-ed.something][V→V]-~i[SBJ.V-ed.something][V→V]-~i[SBJ.V-ed.something][V→V]-~faagh[one.who.keeps.on.V-ing][AUG]
mataawiiq	mataawi[V][Intr][Ind][3Sg]
mataawiiq	mataawi[V][Trns][Ind][3Sg][3Du]

------------------------


	

------------------------
Taagken mengteghaneng aglaamalghii aqnightelget mengteghiitnun.

taagken	taagken

mengteghaneng	mengteghagh[N][Abl_Mod][Unpd][Pl]

aglaamalghii	aglagh-@₁~:(i/u)ma[to.have.V-ed][to.have.been.V-ed][V→V]-@₁–lghii[the.one.that.V-ed][the.one.that.is.V][V→N][N][Abs][Unpd][Sg]

aqnightelget	+?

mengteghiitnun	mengteghagh-~:(ng₁)u[to.be.N][N→V]-~i[SBJ.V-ed.something][V→V]-~i[SBJ.V-ed.something][V→V]-~i[SBJ.V-ed.something][V→V]-~i[SBJ.V-ed.something][V→V]-~:(u)te[condition.with.respect.to.V-ing][V→N][N][Ter][Unpd][Pl]
mengteghiitnun	mengteghagh-~:(ng₁)u[to.be.N][N→V]-~i[SBJ.V-ed.something][V→V]-~i[SBJ.V-ed.something][V→V]-~i[SBJ.V-ed.something][V→V]-~:(u)te[condition.with.respect.to.V-ing][V→N][N][Ter][Unpd][Pl]
mengteghiitnun	mengteghagh-~:(ng₁)u[to.be.N][N→V]-~i[SBJ.V-ed.something][V→V]-~i[SBJ.V-ed.something][V→V]-~:(u)te[condition.with.respect.to.V-ing][V→N][N][Ter][Unpd][Pl]
mengteghiitnun	mengteghagh-~:(ng₁)u[to.be.N][N→V]-~i[SBJ.V-ed.something][V→V]-~:(u)te[condition.with.respect.to.V-ing][V→N][N][Ter][Unpd][Pl]
mengteghiitnun	mengteghagh[N][Ter][3DuPoss][PlPosd]
mengteghiitnun	mengteghagh[N][Ter][3DuPoss][DuPosd]
mengteghiitnun	mengteghagh[N][Ter][3PlPoss][SgPosd]
mengteghiitnun	mengteghagh[N][Ter][3PlPoss][PlPosd]
mengteghiitnun	mengteghagh[N][Ter][3PlPoss][DuPosd]

------------------------
Kaalluni uuqghitni nagasimalghii paninang aghnaq qama enngaatall ngillegtaqeftuq.

kaalluni	kaate[V][Intr][Sbrd][3Sg]

uuqghitni	uqegh[N][Loc][3DuPoss][PlPosd]
uuqghitni	uqegh[N][Loc][3DuPoss][DuPosd]
uuqghitni	uqegh[N][Loc][3PlPoss][PlPosd]
uuqghitni	uqegh[N][Loc][3PlPoss][SgPosd]
uuqghitni	uqegh[N][Loc][3PlPoss][DuPosd]

nagasimalghii	nagate-@₁~:(i/u)ma[to.have.V-ed][to.have.been.V-ed][V→V]-@₁–lghii[the.one.that.V-ed][the.one.that.is.V][V→N][N][Abs][Unpd][Sg]

paninang	paninang

aghnaq	aghnagh[N][Abs][Unpd][Sg]

qama	qama

enngaatall	enngaatall

ngillegtaqeftuq	ngillegte-~(g₁)aqe[to.be.V.ing][to.regularly.or.repeatedly.V][V→V]-(pete)fte[to.evidently.V][to.have.V-ed][V→V][V][Intr][Ind][3Sg]

------------------------
Alignalghiit qanemsukayuget mataawisimakangat naallghunneghmeng.

alignalghiit	alignagh-@₁–lghii[the.one.that.V-ed][the.one.that.is.V][V→N][N][Abs][Unpd][Pl]
alignalghiit	alignagh-@₁–lghii[the.one.that.V-ed][the.one.that.is.V][V→N][N][Rel][Unpd][Pl]
alignalghiit	alignagh[V][Intr][Ptcp][3Pl]
alignalghiit	alignalghii[N][Abs][Unpd][Pl]
alignalghiit	alignalghii[N][Rel][Unpd][Pl]

qanemsukayuget	+?

mataawisimakangat	mataawi-~:(u)te[to.V.for.or.with][to.cause.to.V.as.one.is.V-ing][to.V.toward.each.other][V→V]-@₁~:(i/u)ma[to.have.V-ed][to.have.been.V-ed][V→V]-@*@₂~sf–(g₂)k(a)e[the.one.that.possessor.V-ed][V→N][N][Abs][3PlPoss][SgPosd]
mataawisimakangat	mataawi-~:(u)te[to.V.for.or.with][to.cause.to.V.as.one.is.V-ing][to.V.toward.each.other][V→V]-@₁~:(i/u)ma[to.have.V-ed][to.have.been.V-ed][V→V][V][Trns][Ptcp][3Pl][3Sg]
mataawisimakangat	mataawi-~:(u)te[SBJ.V-ed.something][V→V]-@₁~:(i/u)ma[to.have.V-ed][to.have.been.V-ed][V→V]-@*@₂~sf–(g₂)k(a)e[the.one.that.possessor.V-ed][V→N][N][Abs][3PlPoss][SgPosd]
mataawisimakangat	mataawi-te[to.act.on.so.as.to.cause.to.V][V→V]-@₁~:(i/u)ma[to.have.V-ed][to.have.been.V-ed][V→V]-@*@₂~sf–(g₂)k(a)e[the.one.that.possessor.V-ed][V→N][N][Abs][3PlPoss][SgPosd]
mataawisimakangat	mataawi-te[to.act.on.so.as.to.cause.to.V][V→V]-@₁~:(i/u)ma[to.have.V-ed][to.have.been.V-ed][V→V][V][Trns][Ptcp][3Pl][3Sg]

naallghunneghmeng	naallghute-@₁–negh[the.act.or.activity.of.V-ing][V→N][N][Abl_Mod][Unpd][Sg]
naallghunneghmeng	naallghute-@₁–negh[the.act.or.activity.of.V-ing][V→N][N][Rel][4DuPoss][PlPosd]
naallghunneghmeng	naallghute-@₁–negh[the.act.or.activity.of.V-ing][V→N][N][Rel][4DuPoss][SgPosd]
naallghunneghmeng	naallghute-@₁–negh[the.act.or.activity.of.V-ing][V→N][N][Rel][4PlPoss][PlPosd]
naallghunneghmeng	naallghute-@₁–negh[the.act.or.activity.of.V-ing][V→N][N][Rel][4PlPoss][SgPosd]
naallghunneghmeng	naallghute[V][Intr][Ctmp][4Pl]

------------------------
Qama yuukpimalghii, "Enta enraq iigna aqfaaghtigu.

qama	qama

yuukpimalghii	+?

enta	enta

enraq	enraq

iigna	iigna
iigna	iigna[N][Abs][Unpd][Sg]

aqfaaghtigu	aqfaagh-te[to.act.on.so.as.to.cause.to.V][V→V][V][Trns][Opt][PRS][2Sg][3Sg]

------------------------
Enannguq akilighnaghaqa ellngan nakmikegkaneng."

enannguq	+?

akilighnaghaqa	+?

ellngan	ellnga[N][Abs][2SgPoss][SgPosd]
ellngan	ellngan

nakmikegkaneng	nakmikegkagh[N][Abl_Mod][Unpd][Pl]

------------------------
Yuuk uqeghhmi nekevghalghii naghughtam kiimsiqiigalkanga qayughllag'qun esghiigalkangat.

yuuk	yug[N][Abs][Sg]

uqeghhmi	+?

nekevghalghii	nekevgha-@₁–lghii[the.one.that.V-ed][the.one.that.is.V][V→N][N][Abs][Unpd][Sg]

naghughtam	+?

kiimsiqiigalkanga	+?

qayughllagqun	+?

esghiigalkangat	+?

------------------------
Tawani uqeghhmi nekevghaamaluku yugem kinguliiluku aqfastekaa uka tagimalghii.

tawani	tawani
tawani	tawani[N][Abs][Unpd][Sg]

uqeghhmi	+?

nekevghaamaluku	+?

yugem	yu(u)g[N][Rel][Unpd][Sg]
yugem	yug[N][Rel][Unpd][Sg]

kinguliiluku	+?

aqfastekaa	+?

uka	uka
uka	uka[N][Abs][Unpd][Sg]

tagimalghii	tagi-@₁~:(i/u)ma[to.have.V-ed][to.have.been.V-ed][V→V]-@₁–lghii[the.one.that.V-ed][the.one.that.is.V][V→N][N][Abs][Unpd][Sg]

------------------------
Yuuk tiigmeraaghmeng pilugukelghii kaasaghtuutni maliglluku yugmun uqeghhmi nekevghalghiimun ayuqluni tagimalghii.

yuuk	yug[N][Abs][Sg]

tiigmeraaghmeng	+?

pilugukelghii	pilugug-~–ke[to.have.as.one's.N(s)][N→V]-@₁–lghii[the.one.that.V-ed][the.one.that.is.V][V→N][N][Abs][Unpd][Sg]

kaasaghtuutni	kaate-@₁~fyaghtugh[to.be.about.to.V][to.go.somewhere.to.V]-~:(u)te[to.V.for.or.with][to.cause.to.V.as.one.is.V-ing][to.V.toward.each.other][V→V]-te[to.act.on.so.as.to.cause.to.V][V→V]-te[to.act.on.so.as.to.cause.to.V][V→V]-te[to.act.on.so.as.to.cause.to.V][V→V]-@₁~fni[to.say.that.one.is.V-ing][Cmpd_Vbl][V][Intr][Opt][PRS][2Sg]
kaasaghtuutni	kaate-@₁~fyaghtugh[to.be.about.to.V][to.go.somewhere.to.V]-~:(u)te[condition.with.respect.to.V-ing][V→N]-te[to.catch.N][to.go.to.N][N→V]-te[to.act.on.so.as.to.cause.to.V][V→V]-te[to.act.on.so.as.to.cause.to.V][V→V]-@₁~fni[to.say.that.one.is.V-ing][Cmpd_Vbl][V][Intr][Opt][PRS][2Sg]
kaasaghtuutni	kaate-@₁~fyaghtugh[to.be.about.to.V][to.go.somewhere.to.V]-~:(u)te[condition.with.respect.to.V-ing][V→N][N][Loc][Unpd][Pl]
kaasaghtuutni	kaate-@₁~fyaghtugh[to.be.about.to.V][to.go.somewhere.to.V]-~:(u)te[SBJ.V-ed.something][V→V]-te[to.act.on.so.as.to.cause.to.V][V→V]-te[to.act.on.so.as.to.cause.to.V][V→V]-te[to.act.on.so.as.to.cause.to.V][V→V]-@₁~fni[to.say.that.one.is.V-ing][Cmpd_Vbl][V][Intr][Opt][PRS][2Sg]

maliglluku	+?

yugmun	yu(u)g[N][Ter][Unpd][Sg]
yugmun	yug[N][Ter][Unpd][Sg]

uqeghhmi	+?

nekevghalghiimun	nekevgha-@₁–lghii[the.one.that.V-ed][the.one.that.is.V][V→N][N][Ter][Unpd][Sg]

ayuqluni	ayuqe-te[to.act.on.so.as.to.cause.to.V][V→V][V][Intr][Sbrd][3Sg]
ayuqluni	ayuqe[V][Intr][Sbrd][3Sg]

tagimalghii	tagi-@₁~:(i/u)ma[to.have.V-ed][to.have.been.V-ed][V→V]-@₁–lghii[the.one.that.V-ed][the.one.that.is.V][V→N][N][Abs][Unpd][Sg]

------------------------


	

------------------------
Kaasami pimakanga, "Saam yukaten nakuminguzin sangavek iitghigasin?"

kaasami	kaate[V][Intr][CnsqI][4Sg]

pimakanga	pi-@₁~:(i/u)ma[to.have.V-ed][to.have.been.V-ed][V→V]-@*@₂~sf–(g₂)k(a)e[the.one.that.possessor.V-ed][V→N][N][Abs][3SgPoss][SgPosd]
pimakanga	pi-@₁~:(i/u)ma[to.have.V-ed][to.have.been.V-ed][V→V][V][Trns][Ptcp][3Sg][3Sg]
pimakanga	pi-@₁~:(i/u)ma[to.have.V-ed][to.have.been.V-ed][V→V][V][Trns][Cond][3Sg][1Sg]

saam	saa[N][Rel][Unpd][Sg]
saam	saam[N][Abs][Unpd][Sg]

yukaten	+?

nakuminguzin	+?

sangavek	sa[V][Intr][CnsqI][2Sg]

iitghigasin	itegh-@₁~:(ng₂)igate[to.never.V][to.not.be.V-ing][V→V][V][Intr][Intrg][2Sg]

------------------------
Yugem akisimakanga, "Aghveghmeng kaalgulghiitgun maligullunga tagikaagunga.

yugem	yu(u)g[N][Rel][Unpd][Sg]
yugem	yug[N][Rel][Unpd][Sg]

akisimakanga	aki-~:(u)te[to.V.for.or.with][to.cause.to.V.as.one.is.V-ing][to.V.toward.each.other][V→V]-@₁~:(i/u)ma[to.have.V-ed][to.have.been.V-ed][V→V]-@*@₂~sf–(g₂)k(a)e[the.one.that.possessor.V-ed][V→N][N][Abs][3SgPoss][SgPosd]
akisimakanga	aki-~:(u)te[to.V.for.or.with][to.cause.to.V.as.one.is.V-ing][to.V.toward.each.other][V→V]-@₁~:(i/u)ma[to.have.V-ed][to.have.been.V-ed][V→V][V][Trns][Ptcp][3Sg][3Sg]
akisimakanga	aki-~:(u)te[to.V.for.or.with][to.cause.to.V.as.one.is.V-ing][to.V.toward.each.other][V→V]-@₁~:(i/u)ma[to.have.V-ed][to.have.been.V-ed][V→V][V][Trns][Cond][3Sg][1Sg]
akisimakanga	aki-~:(u)te[SBJ.V-ed.something][V→V]-@₁~:(i/u)ma[to.have.V-ed][to.have.been.V-ed][V→V]-@*@₂~sf–(g₂)k(a)e[the.one.that.possessor.V-ed][V→N][N][Abs][3SgPoss][SgPosd]
akisimakanga	aki-te[to.act.on.so.as.to.cause.to.V][V→V]-@₁~:(i/u)ma[to.have.V-ed][to.have.been.V-ed][V→V]-@*@₂~sf–(g₂)k(a)e[the.one.that.possessor.V-ed][V→N][N][Abs][3SgPoss][SgPosd]
akisimakanga	aki-te[to.act.on.so.as.to.cause.to.V][V→V]-@₁~:(i/u)ma[to.have.V-ed][to.have.been.V-ed][V→V][V][Trns][Ptcp][3Sg][3Sg]
akisimakanga	aki-te[to.act.on.so.as.to.cause.to.V][V→V]-@₁~:(i/u)ma[to.have.V-ed][to.have.been.V-ed][V→V][V][Trns][Cond][3Sg][1Sg]
akisimakanga	aki-te[to.catch.N][to.go.to.N][N→V]-@₁~:(i/u)ma[to.have.V-ed][to.have.been.V-ed][V→V]-@*@₂~sf–(g₂)k(a)e[the.one.that.possessor.V-ed][V→N][N][Abs][3SgPoss][SgPosd]
akisimakanga	akite-@₁~:(i/u)ma[to.have.V-ed][to.have.been.V-ed][V→V]-@*@₂~sf–(g₂)k(a)e[the.one.that.possessor.V-ed][V→N][N][Abs][3SgPoss][SgPosd]
akisimakanga	akite-@₁~:(i/u)ma[to.have.V-ed][to.have.been.V-ed][V→V][V][Trns][Ptcp][3Sg][3Sg]
akisimakanga	akite-@₁~:(i/u)ma[to.have.V-ed][to.have.been.V-ed][V→V][V][Trns][Cond][3Sg][1Sg]

aghveghmeng	aghvegh[N][Abl_Mod][Unpd][Sg]
aghveghmeng	aghvegh[N][Rel][4DuPoss][PlPosd]
aghveghmeng	aghvegh[N][Rel][4DuPoss][SgPosd]
aghveghmeng	aghvegh[N][Rel][4PlPoss][PlPosd]
aghveghmeng	aghvegh[N][Rel][4PlPoss][SgPosd]

kaalgulghiitgun	kaaw-–leg[one.having.N][N→N]-~:(ng₁)u[to.be.N][N→V]-@₁–lghii[the.one.that.V-ed][the.one.that.is.V][V→N][N][Via][Unpd][Pl]
kaalgulghiitgun	kaaw-–lgu[to.have.N][N→V]-@₁–lghii[the.one.that.V-ed][the.one.that.is.V][V→N][N][Via][Unpd][Pl]
kaalgulghiitgun	kaalgugh-@₁–lghii[the.one.that.V-ed][the.one.that.is.V][V→N][N][Via][Unpd][Pl]

maligullunga	+?

tagikaagunga	tagi-~sf–(g₃)kau[to.have.V-ed][to.have.been.V-ed][V→V][V][Intr][Ind][1Sg]
tagikaagunga	tagi-@₂~fkau[to.have.V-ed][to.have.been.V-ed][V→V][V][Intr][Ind][1Sg]

------------------------
Whanga Napaqutaghhmiinguunga.

whanga	wha[N][Abs][3SgPoss][SgPosd]
whanga	whanga

napaqutaghhmiinguunga	+?

------------------------
Nallukaqa naansinga.

nallukaqa	nallu-~sf–(g₃)kaq[one.that.has.V-ed][V→N]-~–ke[to.have.as.one's.N(s)][N→V][V][Intr][Intrg][3Sg]
nallukaqa	nallu-~sf–(g₃)kaq[one.that.has.V-ed][V→N][N][Abs][1SgPoss][SgPosd]
nallukaqa	nallu-~sf–(g₃)kaq[one.that.has.V-ed][V→N][N][Abs][3SgPoss][SgPosd]
nallukaqa	nallu-@₂~fkaq[one.that.has.V-ed][V→N]-~–ke[to.have.as.one's.N(s)][N→V][V][Intr][Intrg][3Sg]
nallukaqa	nallu-@₂~fkaq[one.that.has.V-ed][V→N][N][Abs][1SgPoss][SgPosd]
nallukaqa	nallu-@₂~fkaq[one.that.has.V-ed][V→N][N][Abs][3SgPoss][SgPosd]
nallukaqa	nalluke-~(g₁)aqe[to.be.V.ing][to.regularly.or.repeatedly.V][V→V][V][Intr][Intrg][3Sg]
nallukaqa	nalluke[V][Trns][Ind][1Sg][3Sg]

naansinga	+?

------------------------
Esghaghsaqneghmeng aghtughtunga.

esghaghsaqneghmeng	+?

aghtughtunga	aghtugh[V][Intr][Ind][1Sg]
aghtughtunga	aghtugh-te[to.act.on.so.as.to.cause.to.V][V→V][V][Intr][Ind][1Sg]

------------------------
Esghiigataatnga.

esghiigataatnga	esghagh-@₁~:(ng₂)igate[to.never.V][to.not.be.V-ing][V→V][V][Trns][Ind][3Pl][1Sg]

------------------------
Ellngiinaghhaghpek whaa esghaghaghpenga.

ellngiinaghhaghpek	+?

whaa	whaa
whaa	whaa[N][Abs][Unpd][Sg]

esghaghaghpenga	+?

------------------------
Aghneq esnami esghaallunga isekiyukuni aghnam ggatmeghruganun llimayaghanka atalughat.

aghneq	aghneq
aghneq	aghnegh[N][Abs][Unpd][Sg]
aghneq	Aghnegh[N][Abs][Unpd][Sg]

esnami	esnagh[N][Loc][Unpd][Sg]
esnami	esnagh[N][Rel][4SgPoss][PlPosd]
esnami	esnagh[N][Rel][4SgPoss][SgPosd]

esghaallunga	esghaate[V][Intr][Sbrd][1Sg]
esghaallunga	esghaate[V][Trns][Sbrd][_][1Sg]
esghaallunga	esghagh-~:(u)te[to.V.for.or.with][to.cause.to.V.as.one.is.V-ing][to.V.toward.each.other][V→V]-te[to.act.on.so.as.to.cause.to.V][V→V][V][Intr][Sbrd][1Sg]
esghaallunga	esghagh-~:(u)te[to.V.for.or.with][to.cause.to.V.as.one.is.V-ing][to.V.toward.each.other][V→V]-te[to.act.on.so.as.to.cause.to.V][V→V][V][Trns][Sbrd][_][1Sg]
esghaallunga	esghagh-~:(u)te[to.V.for.or.with][to.cause.to.V.as.one.is.V-ing][to.V.toward.each.other][V→V][V][Intr][Sbrd][1Sg]
esghaallunga	esghagh-~:(u)te[to.V.for.or.with][to.cause.to.V.as.one.is.V-ing][to.V.toward.each.other][V→V][V][Trns][Sbrd][_][1Sg]
esghaallunga	esghagh-~:(u)te[condition.with.respect.to.V-ing][V→N]-te[to.catch.N][to.go.to.N][N→V][V][Intr][Sbrd][1Sg]
esghaallunga	esghagh-~:(u)te[SBJ.V-ed.something][V→V]-te[to.act.on.so.as.to.cause.to.V][V→V][V][Intr][Sbrd][1Sg]
esghaallunga	esghagh-~:(u)te[SBJ.V-ed.something][V→V][V][Intr][Sbrd][1Sg]

isekiyukuni	+?

aghnam	aghnagh[N][Rel][Unpd][Sg]

ggatmeghruganun	ggatmeghrug[N][Ter][3SgPoss][SgPosd]
ggatmeghruganun	ggatmeghrug[N][Ter][3SgPoss][PlPosd]

llimayaghanka	lli-@₁~:(i/u)ma[to.have.V-ed][to.have.been.V-ed][V→V]-@₁~fyagh[to.go.V-ing][to.V.in.vain][V→V][V][Trns][Ind][1Sg][3Pl]
llimayaghanka	lli-@₁~:(i/u)ma[to.have.V-ed][to.have.been.V-ed][V→V]-~:(u)te[to.V.for.or.with][to.cause.to.V.as.one.is.V-ing][to.V.toward.each.other][V→V]-@₁~fyagh[to.go.V-ing][to.V.in.vain][V→V][V][Trns][Ind][1Sg][3Pl]

atalughat	atalughagh[N][Abs][Unpd][Pl]
atalughat	atalughagh[N][Rel][Unpd][Pl]

------------------------
Taakut esgha agrepesiiqegkangi."

taakut	taake[V][Intr][Ind][3Pl]

esgha	esgha

agrepesiiqegkangi	+?

------------------------
"Tagi maligtinga qamavek iitgheltung!"

tagi	tagi[V][Intr][Opt][PRS][2Sg]

maligtinga	maligte[V][Trns][Opt][PRS][2Sg][1Sg]

qamavek	qamavek

iitgheltung	itegh[V][Intr][Opt][PRS][1Du]

------------------------
Llaaghanwha iitghumalghiik.

llaaghanwha	llaaghanwha

iitghumalghiik	itegh-@₁~:(i/u)ma[to.have.V-ed][to.have.been.V-ed][V→V]-@₁–lghii[the.one.that.V-ed][the.one.that.is.V][V→N][N][Abs][Unpd][Du]
iitghumalghiik	itegh-@₁~:(i/u)ma[to.have.V-ed][to.have.been.V-ed][V→V]-@₁–lghii[the.one.that.V-ed][the.one.that.is.V][V→N][N][Rel][Unpd][Du]
iitghumalghiik	itegh-@₁~:(i/u)ma[to.have.V-ed][to.have.been.V-ed][V→V][V][Intr][Ptcp][3Du]

------------------------
Iteghyan yuuknutaan esghaamakangat.

iteghyan	itegh[V][Intr][CnsqI][3Sg]

yuuknutaan	+?

esghaamakangat	esghagh-@₁~:(i/u)ma[to.have.V-ed][to.have.been.V-ed][V→V]-@*@₂~sf–(g₂)k(a)e[the.one.that.possessor.V-ed][V→N][N][Abs][3PlPoss][SgPosd]
esghaamakangat	esghagh-@₁~:(i/u)ma[to.have.V-ed][to.have.been.V-ed][V→V][V][Trns][Ptcp][3Pl][3Sg]

------------------------
Yuuk aqfastekaat pimalghii, "Esgha taana aqelqaq maamestineghmeng aghtiigalnguq.

yuuk	yug[N][Abs][Sg]

aqfastekaat	+?

pimalghii	pi-@₁~:(i/u)ma[to.have.V-ed][to.have.been.V-ed][V→V]-@₁–lghii[the.one.that.V-ed][the.one.that.is.V][V→N][N][Abs][Unpd][Sg]

esgha	esgha

taana	taane[V][Intr][Intrg][3Sg]
taana	taana

aqelqaq	aqelqagh[N][Abs][Unpd][Sg]

maamestineghmeng	maame-(te)ste[to.have.make.or.let.one.V][Cmpd_Vbl]-~i[SBJ.V-ed.something][V→V]-@₁–negh[the.act.or.activity.of.V-ing][V→N][N][Abl_Mod][Unpd][Sg]
maamestineghmeng	maame-(te)ste[to.have.make.or.let.one.V][Cmpd_Vbl]-~i[SBJ.V-ed.something][V→V]-@₁–negh[the.act.or.activity.of.V-ing][V→N][N][Rel][4DuPoss][PlPosd]
maamestineghmeng	maame-(te)ste[to.have.make.or.let.one.V][Cmpd_Vbl]-~i[SBJ.V-ed.something][V→V]-@₁–negh[the.act.or.activity.of.V-ing][V→N][N][Rel][4DuPoss][SgPosd]
maamestineghmeng	maame-(te)ste[to.have.make.or.let.one.V][Cmpd_Vbl]-~i[SBJ.V-ed.something][V→V]-@₁–negh[the.act.or.activity.of.V-ing][V→N][N][Rel][4PlPoss][PlPosd]
maamestineghmeng	maame-(te)ste[to.have.make.or.let.one.V][Cmpd_Vbl]-~i[SBJ.V-ed.something][V→V]-@₁–negh[the.act.or.activity.of.V-ing][V→N][N][Rel][4PlPoss][SgPosd]
maamestineghmeng	maame-(te)ste[to.have.make.or.let.one.V][Cmpd_Vbl]-~i[SBJ.V-ed.something][V→V]-~:(u)te[to.V.for.or.with][to.cause.to.V.as.one.is.V-ing][to.V.toward.each.other][V→V]-@₁–negh[the.act.or.activity.of.V-ing][V→N][N][Abl_Mod][Unpd][Sg]
maamestineghmeng	maame-(te)ste[to.have.make.or.let.one.V][Cmpd_Vbl]-~i[SBJ.V-ed.something][V→V]-~:(u)te[to.V.for.or.with][to.cause.to.V.as.one.is.V-ing][to.V.toward.each.other][V→V]-@₁–negh[the.act.or.activity.of.V-ing][V→N][N][Rel][4DuPoss][PlPosd]
maamestineghmeng	maame-(te)ste[to.have.make.or.let.one.V][Cmpd_Vbl]-~i[SBJ.V-ed.something][V→V]-~:(u)te[to.V.for.or.with][to.cause.to.V.as.one.is.V-ing][to.V.toward.each.other][V→V]-@₁–negh[the.act.or.activity.of.V-ing][V→N][N][Rel][4DuPoss][SgPosd]
maamestineghmeng	maame-(te)ste[to.have.make.or.let.one.V][Cmpd_Vbl]-~i[SBJ.V-ed.something][V→V]-~:(u)te[to.V.for.or.with][to.cause.to.V.as.one.is.V-ing][to.V.toward.each.other][V→V]-@₁–negh[the.act.or.activity.of.V-ing][V→N][N][Rel][4PlPoss][PlPosd]
maamestineghmeng	maame-(te)ste[to.have.make.or.let.one.V][Cmpd_Vbl]-~i[SBJ.V-ed.something][V→V]-~:(u)te[to.V.for.or.with][to.cause.to.V.as.one.is.V-ing][to.V.toward.each.other][V→V]-@₁–negh[the.act.or.activity.of.V-ing][V→N][N][Rel][4PlPoss][SgPosd]
maamestineghmeng	maame-(te)ste[to.have.make.or.let.one.V][Cmpd_Vbl]-~i[SBJ.V-ed.something][V→V]-~:(u)te[to.V.for.or.with][to.cause.to.V.as.one.is.V-ing][to.V.toward.each.other][V→V][V][Intr][Ctmp][4Pl]
maamestineghmeng	maame-(te)ste[to.have.make.or.let.one.V][Cmpd_Vbl]-~i[SBJ.V-ed.something][V→V]-~:(u)te[SBJ.V-ed.something][V→V]-@₁–negh[the.act.or.activity.of.V-ing][V→N][N][Abl_Mod][Unpd][Sg]
maamestineghmeng	maame-(te)ste[to.have.make.or.let.one.V][Cmpd_Vbl]-~i[SBJ.V-ed.something][V→V]-~:(u)te[SBJ.V-ed.something][V→V]-@₁–negh[the.act.or.activity.of.V-ing][V→N][N][Rel][4DuPoss][PlPosd]
maamestineghmeng	maame-(te)ste[to.have.make.or.let.one.V][Cmpd_Vbl]-~i[SBJ.V-ed.something][V→V]-~:(u)te[SBJ.V-ed.something][V→V]-@₁–negh[the.act.or.activity.of.V-ing][V→N][N][Rel][4DuPoss][SgPosd]
maamestineghmeng	maame-(te)ste[to.have.make.or.let.one.V][Cmpd_Vbl]-~i[SBJ.V-ed.something][V→V]-~:(u)te[SBJ.V-ed.something][V→V]-@₁–negh[the.act.or.activity.of.V-ing][V→N][N][Rel][4PlPoss][PlPosd]
maamestineghmeng	maame-(te)ste[to.have.make.or.let.one.V][Cmpd_Vbl]-~i[SBJ.V-ed.something][V→V]-~:(u)te[SBJ.V-ed.something][V→V]-@₁–negh[the.act.or.activity.of.V-ing][V→N][N][Rel][4PlPoss][SgPosd]
maamestineghmeng	maame-(te)ste[to.have.make.or.let.one.V][Cmpd_Vbl]-~i[SBJ.V-ed.something][V→V]-~:(u)te[SBJ.V-ed.something][V→V][V][Intr][Ctmp][4Pl]
maamestineghmeng	maame-(te)ste[to.have.make.or.let.one.V][Cmpd_Vbl]-~i[SBJ.V-ed.something][V→V][V][Intr][Ctmp][4Pl]

aghtiigalnguq	+?

------------------------
Wetku enraq nunanganun Napaqutamun aglaasaghqaqegkufsigu temeghhneghyaghqaaguq." (3)

wetku	wetku

enraq	enraq

nunanganun	nuna[N][Ter][3SgPoss][SgPosd]
nunanganun	nuna[N][Ter][3SgPoss][PlPosd]

napaqutamun	Napaqutagh[N][Ter][Unpd][Sg]
napaqutamun	napagh-~–ke[to.have.as.one's.N(s)][N→V]-~:(u)ta[condition.with.respect.to.V-ing][V→N][N][Ter][Unpd][Sg]
napaqutamun	napaqutagh[N][Ter][Unpd][Sg]

aglaasaghqaqegkufsigu	+?

temeghhneghyaghqaaguq	+?

3	+?

------------------------
Aqnilghiim aghnam ugina pimalghii, "Ametall (4) aglaatepestaaghlleqaghput.

aqnilghiim	aqnigh-@₁–lghii[the.one.that.V-ed][the.one.that.is.V][V→N][N][Rel][Unpd][Sg]

aghnam	aghnagh[N][Rel][Unpd][Sg]

ugina	+?

pimalghii	pi-@₁~:(i/u)ma[to.have.V-ed][to.have.been.V-ed][V→V]-@₁–lghii[the.one.that.V-ed][the.one.that.is.V][V→N][N][Abs][Unpd][Sg]

ametall	ametall

4	+?

aglaatepestaaghlleqaghput	+?

------------------------
Nulighqa ikfiqepigtuq.

nulighqa	+?

ikfiqepigtuq	ikfiqe-–pigte[to.be.very.V][to.V.very.much][V→V][V][Intr][Ind][3Sg]

------------------------
Temeghhnaqaghlligu."

temeghhnaqaghlligu	+?

------------------------
Katam taananguftuq aghvengegkat angyalgat.

katam	katam

taananguftuq	+?

aghvengegkat	+?

angyalgat	angyagh-–leg[one.having.N][N→N][N][Abs][3PlPoss][SgPosd]
angyalgat	angyaleg[N][Abs][3PlPoss][SgPosd]
angyalgat	Angyat-–leg[one.having.N][N→N][N][Abs][3PlPoss][SgPosd]

------------------------
Yuuk aqelqaq aghnamun aqnilghiimun aglaghluni tunutesluku atalughat aghneq llikani agham ggatmeghruganun amighregaan kiighaneng nusugluki nanim manungakun llimakangi.

yuuk	yug[N][Abs][Sg]

aqelqaq	aqelqagh[N][Abs][Unpd][Sg]

aghnamun	aghnagh[N][Ter][Unpd][Sg]

aqnilghiimun	aqnigh-@₁–lghii[the.one.that.V-ed][the.one.that.is.V][V→N][N][Ter][Unpd][Sg]

aglaghluni	aglagh[V][Intr][Sbrd][3Sg]

tunutesluku	tunute-(te)ste[to.have.make.or.let.one.V][Cmpd_Vbl]-te[to.act.on.so.as.to.cause.to.V][V→V][V][Trns][Sbrd][_][3Sg]
tunutesluku	tunute-(te)ste[to.have.make.or.let.one.V][Cmpd_Vbl][V][Trns][Sbrd][_][3Sg]
tunutesluku	tunu-te[to.catch.N][to.go.to.N][N→V]-(te)ste[to.have.make.or.let.one.V][Cmpd_Vbl]-te[to.act.on.so.as.to.cause.to.V][V→V][V][Trns][Sbrd][_][3Sg]
tunutesluku	tunu-te[to.catch.N][to.go.to.N][N→V]-(te)ste[to.have.make.or.let.one.V][Cmpd_Vbl][V][Trns][Sbrd][_][3Sg]

atalughat	atalughagh[N][Abs][Unpd][Pl]
atalughat	atalughagh[N][Rel][Unpd][Pl]

aghneq	aghneq
aghneq	aghnegh[N][Abs][Unpd][Sg]
aghneq	Aghnegh[N][Abs][Unpd][Sg]

llikani	lli-~sf–(g₃)kaq[one.that.has.V-ed][V→N][N][Abs][4SgPoss][SgPosd]
llikani	lli-~sf–(g₃)kaq[one.that.has.V-ed][V→N][N][Abs][4SgPoss][PlPosd]
llikani	lli-@₂~fkaq[one.that.has.V-ed][V→N][N][Abs][4SgPoss][SgPosd]
llikani	lli-@₂~fkaq[one.that.has.V-ed][V→N][N][Abs][4SgPoss][PlPosd]

agham	agha[N][Rel][Unpd][Sg]

ggatmeghruganun	ggatmeghrug[N][Ter][3SgPoss][SgPosd]
ggatmeghruganun	ggatmeghrug[N][Ter][3SgPoss][PlPosd]

amighregaan	amighregagh-~:(ng₁)u[to.be.N][N→V]-~:(u)te[condition.with.respect.to.V-ing][V→N][N][Abs][Unpd][Sg]
amighregaan	amighregagh[N][Rel][3SgPoss][SgPosd]
amighregaan	amighregagh[N][Rel][3SgPoss][PlPosd]

kiighaneng	kiigh[N][Abl_Mod][3SgPoss][SgPosd]
kiighaneng	kiigh[N][Abl_Mod][3SgPoss][PlPosd]

nusugluki	nusug[V][Trns][Sbrd][_][3Pl]

nanim	nani[N][Rel][Unpd][Sg]
nanim	nanigh[N][Rel][Unpd][Sg]

manungakun	manu[N][Via][3DuPoss][PlPosd]
manungakun	manu[N][Via][3SgPoss][SgPosd]
manungakun	manu[N][Via][3SgPoss][PlPosd]

llimakangi	lli-@₁~:(i/u)ma[to.have.V-ed][to.have.been.V-ed][V→V]-@*@₂~sf–(g₂)k(a)e[the.one.that.possessor.V-ed][V→N][N][Abs][3SgPoss][PlPosd]
llimakangi	lli-@₁~:(i/u)ma[to.have.V-ed][to.have.been.V-ed][V→V][V][Trns][Ptcp][3Sg][3Pl]

------------------------
Aghnaq igighiyagumalghii.

aghnaq	aghnagh[N][Abs][Unpd][Sg]

igighiyagumalghii	+?

------------------------
(3) Alignalghiit pinighsaghillghat, seghleghiighiIlghat, yugunqegsallghat.

3	+?

alignalghiit	alignagh-@₁–lghii[the.one.that.V-ed][the.one.that.is.V][V→N][N][Abs][Unpd][Pl]
alignalghiit	alignagh-@₁–lghii[the.one.that.V-ed][the.one.that.is.V][V→N][N][Rel][Unpd][Pl]
alignalghiit	alignagh[V][Intr][Ptcp][3Pl]
alignalghiit	alignalghii[N][Abs][Unpd][Pl]
alignalghiit	alignalghii[N][Rel][Unpd][Pl]

pinighsaghillghat	+?

seghleghiighiilghat	+?

yugunqegsallghat	+?

------------------------
(4) Naqam, aatak nalighmeng llaaghan.

4	+?

naqam	naqam
naqam	naqam[N][Abs][Unpd][Sg]

aatak	aate[V][Intr][Intrg][3Du]
aatak	aatak

nalighmeng	naligh*[N][Abl_Mod][Unpd][Sg]
nalighmeng	naligh*[N][Rel][4DuPoss][PlPosd]
nalighmeng	naligh*[N][Rel][4DuPoss][SgPosd]
nalighmeng	naligh*[N][Rel][4PlPoss][PlPosd]
nalighmeng	naligh*[N][Rel][4PlPoss][SgPosd]
nalighmeng	nalighmeng
nalighmeng	nalighmeng[N][Abs][Unpd][Sg]

llaaghan	llaaghan

------------------------


	

------------------------
Mengteghalegtaam yugem aghneq atalughaqani liisuqumakangi.

mengteghalegtaam	+?

yugem	yu(u)g[N][Rel][Unpd][Sg]
yugem	yug[N][Rel][Unpd][Sg]

aghneq	aghneq
aghneq	aghnegh[N][Abs][Unpd][Sg]
aghneq	Aghnegh[N][Abs][Unpd][Sg]

atalughaqani	+?

liisuqumakangi	liisuqe-@₁~:(i/u)ma[to.have.V-ed][to.have.been.V-ed][V→V]-@*@₂~sf–(g₂)k(a)e[the.one.that.possessor.V-ed][V→N][N][Abs][3SgPoss][PlPosd]
liisuqumakangi	liisuqe-@₁~:(i/u)ma[to.have.V-ed][to.have.been.V-ed][V→V][V][Trns][Ptcp][3Sg][3Pl]

------------------------
Unaami yugem tukaan yuni kelgughluki angyaghteng kelluku mangtagmeng usiluku yuuklu aqelqaq qaakluku aglaasimakangat nunanganun qayaa qamuqluku.

unaami	unaami
unaami	unaami[N][Abs][Unpd][Sg]
unaami	unaami[V][Intr][Opt][PRS][2Sg]

yugem	yu(u)g[N][Rel][Unpd][Sg]
yugem	yug[N][Rel][Unpd][Sg]

tukaan	tukagh-~:(u)te[condition.with.respect.to.V-ing][V→N][N][Abs][Unpd][Sg]
tukaan	tukugh[N][Rel][3SgPoss][SgPosd]
tukaan	tukugh[N][Rel][3SgPoss][PlPosd]
tukaan	tukugh*[N][Rel][3SgPoss][SgPosd]
tukaan	tukugh*[N][Rel][3SgPoss][PlPosd]

yuni	yu(u)g[N][Abs][4SgPoss][SgPosd]
yuni	yu(u)g[N][Abs][4SgPoss][PlPosd]
yuni	yug[N][Abs][4SgPoss][SgPosd]
yuni	yug[N][Abs][4SgPoss][PlPosd]

kelgughluki	kelgugh[V][Trns][Sbrd][_][3Pl]

angyaghteng	angyagh[N][Abs][4PlPoss][SgPosd]

kelluku	kete[V][Trns][Sbrd][_][3Sg]

mangtagmeng	mangtag[N][Abl_Mod][Unpd][Sg]
mangtagmeng	mangtag[N][Rel][4DuPoss][PlPosd]
mangtagmeng	mangtag[N][Rel][4DuPoss][SgPosd]
mangtagmeng	mangtag[N][Rel][4PlPoss][PlPosd]
mangtagmeng	mangtag[N][Rel][4PlPoss][SgPosd]

usiluku	+?

yuuklu	yug[N][Abs][Sg]-llu[Encl]

aqelqaq	aqelqagh[N][Abs][Unpd][Sg]

qaakluku	qaake-te[to.act.on.so.as.to.cause.to.V][V→V][V][Trns][Sbrd][_][3Sg]
qaakluku	qaake[V][Trns][Sbrd][_][3Sg]

aglaasimakangat	aglagh-~:(u)te[to.V.for.or.with][to.cause.to.V.as.one.is.V-ing][to.V.toward.each.other][V→V]-@₁~:(i/u)ma[to.have.V-ed][to.have.been.V-ed][V→V]-@*@₂~sf–(g₂)k(a)e[the.one.that.possessor.V-ed][V→N][N][Abs][3PlPoss][SgPosd]
aglaasimakangat	aglagh-~:(u)te[to.V.for.or.with][to.cause.to.V.as.one.is.V-ing][to.V.toward.each.other][V→V]-@₁~:(i/u)ma[to.have.V-ed][to.have.been.V-ed][V→V][V][Trns][Ptcp][3Pl][3Sg]
aglaasimakangat	aglagh-~:(u)te[SBJ.V-ed.something][V→V]-@₁~:(i/u)ma[to.have.V-ed][to.have.been.V-ed][V→V]-@*@₂~sf–(g₂)k(a)e[the.one.that.possessor.V-ed][V→N][N][Abs][3PlPoss][SgPosd]

nunanganun	nuna[N][Ter][3SgPoss][SgPosd]
nunanganun	nuna[N][Ter][3SgPoss][PlPosd]

qayaa	qayagh-~:(ng₁)u[to.be.N][N→V][V][Intr][Opt][PRS][2Sg]
qayaa	qayagh[N][Abs][3SgPoss][SgPosd]
qayaa	qayugh[N][Abs][3SgPoss][SgPosd]
qayaa	qayugh[V][Intr][Opt][PRS][2Sg]

qamuqluku	+?

------------------------
Kaatulluku Napaqutamun yuuk esnamun uugsan angyaghteng usingighluku kesimalghiit.

kaatulluku	kaate-~:(u)te[to.V.for.or.with][to.cause.to.V.as.one.is.V-ing][to.V.toward.each.other][V→V]-te[to.act.on.so.as.to.cause.to.V][V→V][V][Trns][Sbrd][_][3Sg]
kaatulluku	kaate-~:(u)te[to.V.for.or.with][to.cause.to.V.as.one.is.V-ing][to.V.toward.each.other][V→V][V][Trns][Sbrd][_][3Sg]

napaqutamun	Napaqutagh[N][Ter][Unpd][Sg]
napaqutamun	napagh-~–ke[to.have.as.one's.N(s)][N→V]-~:(u)ta[condition.with.respect.to.V-ing][V→N][N][Ter][Unpd][Sg]
napaqutamun	napaqutagh[N][Ter][Unpd][Sg]

yuuk	yug[N][Abs][Sg]

esnamun	esnagh[N][Ter][Unpd][Sg]

uugsan	uugte[V][Intr][CnsqI][3Sg]

angyaghteng	angyagh[N][Abs][4PlPoss][SgPosd]

usingighluku	usingigh[V][Trns][Sbrd][_][3Sg]

kesimalghiit	kete-@₁~:(i/u)ma[to.have.V-ed][to.have.been.V-ed][V→V]-@₁–lghii[the.one.that.V-ed][the.one.that.is.V][V→N][N][Abs][Unpd][Pl]
kesimalghiit	kete-@₁~:(i/u)ma[to.have.V-ed][to.have.been.V-ed][V→V]-@₁–lghii[the.one.that.V-ed][the.one.that.is.V][V→N][N][Rel][Unpd][Pl]
kesimalghiit	kete-@₁~:(i/u)ma[to.have.V-ed][to.have.been.V-ed][V→V][V][Intr][Ptcp][3Pl]

------------------------
Yuuk kelutmun esghaghluni ketmun qiivluni angyat esghaghnaqsaqenni aviitut.

yuuk	yug[N][Abs][Sg]

kelutmun	kelute[N][Ter][Unpd][Sg]

esghaghluni	esghagh[V][Intr][Sbrd][3Sg]

ketmun	kete[N][Ter][Unpd][Sg]
ketmun	ketmute[N][Abs][Unpd][Sg]

qiivluni	qiive[V][Intr][Sbrd][3Sg]

angyat	angyagh[N][Abs][Unpd][Pl]
angyat	angyagh[N][Rel][Unpd][Pl]
angyat	Angyat[N][Abs][Unpd][Sg]

esghaghnaqsaqenni	+?

aviitut	avii-~i[SBJ.V-ed.something][V→V]-~i[SBJ.V-ed.something][V→V]-~i[SBJ.V-ed.something][V→V]-~i[SBJ.V-ed.something][V→V]-~i[SBJ.V-ed.something][V→V]-~i[SBJ.V-ed.something][V→V]-te[to.act.on.so.as.to.cause.to.V][V→V][V][Intr][Ind][3Pl]
aviitut	avii-~i[SBJ.V-ed.something][V→V]-~i[SBJ.V-ed.something][V→V]-~i[SBJ.V-ed.something][V→V]-~i[SBJ.V-ed.something][V→V]-~i[SBJ.V-ed.something][V→V]-~:(u)te[to.V.for.or.with][to.cause.to.V.as.one.is.V-ing][to.V.toward.each.other][V→V][V][Intr][Ind][3Pl]
aviitut	avii-~i[SBJ.V-ed.something][V→V]-~i[SBJ.V-ed.something][V→V]-~i[SBJ.V-ed.something][V→V]-~i[SBJ.V-ed.something][V→V]-~i[SBJ.V-ed.something][V→V]-~:(u)te[SBJ.V-ed.something][V→V][V][Intr][Ind][3Pl]
aviitut	avii-~i[SBJ.V-ed.something][V→V]-~i[SBJ.V-ed.something][V→V]-~i[SBJ.V-ed.something][V→V]-~i[SBJ.V-ed.something][V→V]-~i[SBJ.V-ed.something][V→V]-te[to.act.on.so.as.to.cause.to.V][V→V][V][Intr][Ind][3Pl]
aviitut	avii-~i[SBJ.V-ed.something][V→V]-~i[SBJ.V-ed.something][V→V]-~i[SBJ.V-ed.something][V→V]-~i[SBJ.V-ed.something][V→V]-~:(u)te[to.V.for.or.with][to.cause.to.V.as.one.is.V-ing][to.V.toward.each.other][V→V][V][Intr][Ind][3Pl]
aviitut	avii-~i[SBJ.V-ed.something][V→V]-~i[SBJ.V-ed.something][V→V]-~i[SBJ.V-ed.something][V→V]-~i[SBJ.V-ed.something][V→V]-~:(u)te[SBJ.V-ed.something][V→V][V][Intr][Ind][3Pl]
aviitut	avii-~i[SBJ.V-ed.something][V→V]-~i[SBJ.V-ed.something][V→V]-~i[SBJ.V-ed.something][V→V]-~i[SBJ.V-ed.something][V→V]-te[to.act.on.so.as.to.cause.to.V][V→V][V][Intr][Ind][3Pl]
aviitut	avii-~i[SBJ.V-ed.something][V→V]-~i[SBJ.V-ed.something][V→V]-~i[SBJ.V-ed.something][V→V]-~:(u)te[to.V.for.or.with][to.cause.to.V.as.one.is.V-ing][to.V.toward.each.other][V→V][V][Intr][Ind][3Pl]
aviitut	avii-~i[SBJ.V-ed.something][V→V]-~i[SBJ.V-ed.something][V→V]-~i[SBJ.V-ed.something][V→V]-~:(u)te[SBJ.V-ed.something][V→V][V][Intr][Ind][3Pl]
aviitut	avii-~i[SBJ.V-ed.something][V→V]-~i[SBJ.V-ed.something][V→V]-~i[SBJ.V-ed.something][V→V]-te[to.act.on.so.as.to.cause.to.V][V→V][V][Intr][Ind][3Pl]
aviitut	avii-~i[SBJ.V-ed.something][V→V]-~i[SBJ.V-ed.something][V→V]-~:(u)te[to.V.for.or.with][to.cause.to.V.as.one.is.V-ing][to.V.toward.each.other][V→V][V][Intr][Ind][3Pl]
aviitut	avii-~i[SBJ.V-ed.something][V→V]-~i[SBJ.V-ed.something][V→V]-~:(u)te[SBJ.V-ed.something][V→V][V][Intr][Ind][3Pl]
aviitut	avii-~i[SBJ.V-ed.something][V→V]-~i[SBJ.V-ed.something][V→V]-te[to.act.on.so.as.to.cause.to.V][V→V][V][Intr][Ind][3Pl]
aviitut	avii-~i[SBJ.V-ed.something][V→V]-~:(u)te[to.V.for.or.with][to.cause.to.V.as.one.is.V-ing][to.V.toward.each.other][V→V][V][Intr][Ind][3Pl]
aviitut	avii-~i[SBJ.V-ed.something][V→V]-~:(u)te[SBJ.V-ed.something][V→V][V][Intr][Ind][3Pl]
aviitut	avii-~i[SBJ.V-ed.something][V→V]-te[to.act.on.so.as.to.cause.to.V][V→V][V][Intr][Ind][3Pl]
aviitut	avii-~:(u)te[to.V.for.or.with][to.cause.to.V.as.one.is.V-ing][to.V.toward.each.other][V→V][V][Intr][Ind][3Pl]
aviitut	avii-~:(u)te[SBJ.V-ed.something][V→V][V][Intr][Ind][3Pl]
aviitut	aviite[V][Intr][Ind][3Pl]
aviitut	avii-te[to.act.on.so.as.to.cause.to.V][V→V][V][Intr][Ind][3Pl]

------------------------
Katam mesungesaget esghaamakangi.

katam	katam

mesungesaget	mesungesag[N][Abs][Unpd][Pl]
mesungesaget	mesungesag[N][Rel][Unpd][Pl]

esghaamakangi	esghagh-@₁~:(i/u)ma[to.have.V-ed][to.have.been.V-ed][V→V]-@*@₂~sf–(g₂)k(a)e[the.one.that.possessor.V-ed][V→N][N][Abs][3SgPoss][PlPosd]
esghaamakangi	esghagh-@₁~:(i/u)ma[to.have.V-ed][to.have.been.V-ed][V→V][V][Trns][Ptcp][3Sg][3Pl]

------------------------


	

------------------------
Qamagtuq.

qamagtuq	qamagte[V][Intr][Ind][3Sg]

------------------------
Tefaay!

tefaay	tefaay

------------------------
