30

﻿30	+?

------------------------
Qatelghiinkuk Amaankuk

qatelghiinkuk	qategh-@₁–lghii[the.one.that.V-ed][the.one.that.is.V][V→N]-~sf-w:(e)nkuk[N.and.partner.or.spouse][N→N][N][Abs][Unpd][Sg]
qatelghiinkuk	qatelghii-~sf-w:(e)nkuk[N.and.partner.or.spouse][N→N][N][Abs][Unpd][Sg]

amaankuk	amaa-~sf-w:(e)nkuk[N.and.partner.or.spouse][N→N][N][Abs][Unpd][Sg]

------------------------
íQatelghii tapgham qukaani mallungluni ayveghmeng neghumaluku sunanguq taana amaa. Kaalluni amaam qatelghii pimakanga, “Whangallu neqaghlanga. Igatapigtunga.” “Legan neghi. Uglaghllagtuq. Whanga-ngingaghma naangnnaanghitaqa.” Llaaghanwha amaallu neghumalghii. Iwemgaqun kepsughlutek neghlutek tapgham kelutanganilngughmun uusneghwaaghmun mayuumalghiik. Qaygeghsamek qatelghiim amaa pimakanga, “Whani yeqay meghnaaliltung. Wiin qavaaltung.” Llaaghanwha amaa aanghumalghii.

íqatelghii	+?

tapgham	tapghagh[N][Rel][Unpd][Sg]

qukaani	Qukaa[N][Abs][4SgPoss][SgPosd]
qukaani	Qukaa[N][Abs][4SgPoss][PlPosd]
qukaani	Qukaa[N][Loc][Unpd][Pl]
qukaani	qukagh-~:(ng₁)u[to.be.N][N→V]-@₁~fni[to.say.that.one.is.V-ing][Cmpd_Vbl][V][Intr][Opt][PRS][2Sg]
qukaani	qukagh-~:(ng₁)u[to.be.N][N→V]-~:(u)te[to.V.for.or.with][to.cause.to.V.as.one.is.V-ing][to.V.toward.each.other][V→V]-@₁~fni[to.say.that.one.is.V-ing][Cmpd_Vbl][V][Intr][Opt][PRS][2Sg]
qukaani	qukagh-~:(ng₁)u[to.be.N][N→V]-~:(u)te[SBJ.V-ed.something][V→V]-@₁~fni[to.say.that.one.is.V-ing][Cmpd_Vbl][V][Intr][Opt][PRS][2Sg]
qukaani	qukagh[N][Loc][3SgPoss][SgPosd]
qukaani	qukagh[N][Loc][3SgPoss][PlPosd]

mallungluni	+?

ayveghmeng	ayvegh[N][Abl_Mod][Unpd][Sg]
ayveghmeng	ayvegh[N][Rel][4DuPoss][PlPosd]
ayveghmeng	ayvegh[N][Rel][4DuPoss][SgPosd]
ayveghmeng	ayvegh[N][Rel][4PlPoss][PlPosd]
ayveghmeng	ayvegh[N][Rel][4PlPoss][SgPosd]

neghumaluku	negh-@₁~:(i/u)ma[to.have.V-ed][to.have.been.V-ed][V→V]-~:(u)te[to.V.for.or.with][to.cause.to.V.as.one.is.V-ing][to.V.toward.each.other][V→V][V][Trns][Sbrd][_][3Sg]
neghumaluku	negh-@₁~:(i/u)ma[to.have.V-ed][to.have.been.V-ed][V→V][V][Trns][Sbrd][_][3Sg]
neghumaluku	neghe-@₁~:(i/u)ma[to.have.V-ed][to.have.been.V-ed][V→V]-~:(u)te[to.V.for.or.with][to.cause.to.V.as.one.is.V-ing][to.V.toward.each.other][V→V][V][Trns][Sbrd][_][3Sg]
neghumaluku	neghe-@₁~:(i/u)ma[to.have.V-ed][to.have.been.V-ed][V→V][V][Trns][Sbrd][_][3Sg]

sunanguq	suna[N][Abs][Unpd][Sg]-nguq[Encl]
sunanguq	sunanguq

taana	taane[V][Intr][Intrg][3Sg]
taana	taana

amaa	amaa[N][Abs][Unpd][Sg]
amaa	amagh[V][Intr][Opt][PRS][2Sg]
amaa	amu[V][Intr][Intrg][3Sg]
amaa	amu[V][Trns][Ind][3Sg][3Sg]

kaalluni	kaate[V][Intr][Sbrd][3Sg]

amaam	amaa[N][Rel][Unpd][Sg]

qatelghii	qategh-@₁–lghii[the.one.that.V-ed][the.one.that.is.V][V→N][N][Abs][Unpd][Sg]
qatelghii	qatelghii[N][Abs][Unpd][Sg]

pimakanga	pi-@₁~:(i/u)ma[to.have.V-ed][to.have.been.V-ed][V→V]-@*@₂~sf–(g₂)k(a)e[the.one.that.possessor.V-ed][V→N][N][Abs][3SgPoss][SgPosd]
pimakanga	pi-@₁~:(i/u)ma[to.have.V-ed][to.have.been.V-ed][V→V][V][Trns][Ptcp][3Sg][3Sg]
pimakanga	pi-@₁~:(i/u)ma[to.have.V-ed][to.have.been.V-ed][V→V][V][Trns][Cond][3Sg][1Sg]

“whangallu	+?

neqaghlanga	neqagh[V][Intr][Opt][PRS][1Sg]

igatapigtunga”	+?

“legan	+?

neghi	negh-~i[SBJ.V-ed.something][V→V][V][Intr][Opt][PRS][2Sg]
neghi	neghe-~i[SBJ.V-ed.something][V→V][V][Intr][Opt][PRS][2Sg]
neghi	neghe[V][Intr][Opt][PRS][2Sg]
neghi	negh[V][Intr][Opt][PRS][2Sg]

uglaghllagtuq	uglagh-–ghllag[big.N][N→N]-te[to.catch.N][to.go.to.N][N→V][V][Intr][Ind][3Sg]

whangangingaghma	+?

naangnnaanghitaqa”	+?

llaaghanwha	llaaghanwha

amaallu	amaa[N][Abs][Unpd][Sg]-llu[Encl]

neghumalghii	negh-@₁~:(i/u)ma[to.have.V-ed][to.have.been.V-ed][V→V]-@₁–lghii[the.one.that.V-ed][the.one.that.is.V][V→N][N][Abs][Unpd][Sg]
neghumalghii	neghe-@₁~:(i/u)ma[to.have.V-ed][to.have.been.V-ed][V→V]-@₁–lghii[the.one.that.V-ed][the.one.that.is.V][V→N][N][Abs][Unpd][Sg]

iwemgaqun	+?

kepsughlutek	kepsugh[V][Intr][Sbrd][2Du]
kepsughlutek	kepsugh[V][Intr][Sbrd][3Du]
kepsughlutek	kepsugh[V][Trns][Sbrd][_][2Du]

neghlutek	neghe[V][Intr][Sbrd][2Du]
neghlutek	neghe[V][Intr][Sbrd][3Du]
neghlutek	neghe[V][Trns][Sbrd][_][2Du]
neghlutek	negh[V][Intr][Sbrd][2Du]
neghlutek	negh[V][Intr][Sbrd][3Du]
neghlutek	negh[V][Trns][Sbrd][_][2Du]

tapgham	tapghagh[N][Rel][Unpd][Sg]

kelutanganilngughmun	+?

uusneghwaaghmun	uusneghwaagh[N][Ter][Unpd][Sg]

mayuumalghiik	mayugh-@₁~:(i/u)ma[to.have.V-ed][to.have.been.V-ed][V→V]-@₁–lghii[the.one.that.V-ed][the.one.that.is.V][V→N][N][Abs][Unpd][Du]
mayuumalghiik	mayugh-@₁~:(i/u)ma[to.have.V-ed][to.have.been.V-ed][V→V]-@₁–lghii[the.one.that.V-ed][the.one.that.is.V][V→N][N][Rel][Unpd][Du]
mayuumalghiik	mayugh-@₁~:(i/u)ma[to.have.V-ed][to.have.been.V-ed][V→V][V][Intr][Ptcp][3Du]

qaygeghsamek	qaygeghte[V][Intr][CnsqI][4Du]

qatelghiim	qategh-@₁–lghii[the.one.that.V-ed][the.one.that.is.V][V→N][N][Rel][Unpd][Sg]
qatelghiim	qatelghii[N][Rel][Unpd][Sg]

amaa	amaa[N][Abs][Unpd][Sg]
amaa	amagh[V][Intr][Opt][PRS][2Sg]
amaa	amu[V][Intr][Intrg][3Sg]
amaa	amu[V][Trns][Ind][3Sg][3Sg]

pimakanga	pi-@₁~:(i/u)ma[to.have.V-ed][to.have.been.V-ed][V→V]-@*@₂~sf–(g₂)k(a)e[the.one.that.possessor.V-ed][V→N][N][Abs][3SgPoss][SgPosd]
pimakanga	pi-@₁~:(i/u)ma[to.have.V-ed][to.have.been.V-ed][V→V][V][Trns][Ptcp][3Sg][3Sg]
pimakanga	pi-@₁~:(i/u)ma[to.have.V-ed][to.have.been.V-ed][V→V][V][Trns][Cond][3Sg][1Sg]

“whani	+?

yeqay	yeqay

meghnaaliltung	meghnaali[V][Intr][Opt][PRS][1Du]

wiin	wiin

qavaaltung”	+?

llaaghanwha	llaaghanwha

amaa	amaa[N][Abs][Unpd][Sg]
amaa	amagh[V][Intr][Opt][PRS][2Sg]
amaa	amu[V][Intr][Intrg][3Sg]
amaa	amu[V][Trns][Ind][3Sg][3Sg]

aanghumalghii	+?

------------------------
îTawani uusneghwaaghem qaayngani ingaghquusimalghiik. Qatelghii qavaghpenani teghhumaamalghii. Amaa qavaghyan whaa tungunghaqasan qatelghii nekevluni tamaani qemgughtimalghii ayveghem kuyapegaaneng. Qafsinat ayveghem kuyapegii nuuvulluki amaam paapgakun qilleghsi-makangi.

îtawani	+?

uusneghwaaghem	uusneghwaagh[N][Rel][Unpd][Sg]

qaayngani	qaye[N][Loc][3SgPoss][SgPosd]
qaayngani	qaye[N][Loc][3SgPoss][PlPosd]

ingaghquusimalghiik	ingagh-te[to.catch.N][to.go.to.N][N→V]-@₁qugh[to.V.completely]-~:(u)te[to.V.for.or.with][to.cause.to.V.as.one.is.V-ing][to.V.toward.each.other][V→V]-@₁~:(i/u)ma[to.have.V-ed][to.have.been.V-ed][V→V]-@₁–lghii[the.one.that.V-ed][the.one.that.is.V][V→N][N][Abs][Unpd][Du]
ingaghquusimalghiik	ingagh-te[to.catch.N][to.go.to.N][N→V]-@₁qugh[to.V.completely]-~:(u)te[to.V.for.or.with][to.cause.to.V.as.one.is.V-ing][to.V.toward.each.other][V→V]-@₁~:(i/u)ma[to.have.V-ed][to.have.been.V-ed][V→V]-@₁–lghii[the.one.that.V-ed][the.one.that.is.V][V→N][N][Rel][Unpd][Du]
ingaghquusimalghiik	ingagh-te[to.catch.N][to.go.to.N][N→V]-@₁qugh[to.V.completely]-~:(u)te[to.V.for.or.with][to.cause.to.V.as.one.is.V-ing][to.V.toward.each.other][V→V]-@₁~:(i/u)ma[to.have.V-ed][to.have.been.V-ed][V→V][V][Intr][Ptcp][3Du]
ingaghquusimalghiik	ingagh-te[to.catch.N][to.go.to.N][N→V]-@₁qugh[to.V.completely]-~:(u)te[SBJ.V-ed.something][V→V]-@₁~:(i/u)ma[to.have.V-ed][to.have.been.V-ed][V→V]-@₁–lghii[the.one.that.V-ed][the.one.that.is.V][V→N][N][Abs][Unpd][Du]
ingaghquusimalghiik	ingagh-te[to.catch.N][to.go.to.N][N→V]-@₁qugh[to.V.completely]-~:(u)te[SBJ.V-ed.something][V→V]-@₁~:(i/u)ma[to.have.V-ed][to.have.been.V-ed][V→V]-@₁–lghii[the.one.that.V-ed][the.one.that.is.V][V→N][N][Rel][Unpd][Du]
ingaghquusimalghiik	ingagh-te[to.catch.N][to.go.to.N][N→V]-@₁qugh[to.V.completely]-~:(u)te[SBJ.V-ed.something][V→V]-@₁~:(i/u)ma[to.have.V-ed][to.have.been.V-ed][V→V][V][Intr][Ptcp][3Du]
ingaghquusimalghiik	ingaghte-@₁qugh[to.V.completely]-~:(u)te[to.V.for.or.with][to.cause.to.V.as.one.is.V-ing][to.V.toward.each.other][V→V]-@₁~:(i/u)ma[to.have.V-ed][to.have.been.V-ed][V→V]-@₁–lghii[the.one.that.V-ed][the.one.that.is.V][V→N][N][Abs][Unpd][Du]
ingaghquusimalghiik	ingaghte-@₁qugh[to.V.completely]-~:(u)te[to.V.for.or.with][to.cause.to.V.as.one.is.V-ing][to.V.toward.each.other][V→V]-@₁~:(i/u)ma[to.have.V-ed][to.have.been.V-ed][V→V]-@₁–lghii[the.one.that.V-ed][the.one.that.is.V][V→N][N][Rel][Unpd][Du]
ingaghquusimalghiik	ingaghte-@₁qugh[to.V.completely]-~:(u)te[to.V.for.or.with][to.cause.to.V.as.one.is.V-ing][to.V.toward.each.other][V→V]-@₁~:(i/u)ma[to.have.V-ed][to.have.been.V-ed][V→V][V][Intr][Ptcp][3Du]
ingaghquusimalghiik	ingaghte-@₁qugh[to.V.completely]-~:(u)te[SBJ.V-ed.something][V→V]-@₁~:(i/u)ma[to.have.V-ed][to.have.been.V-ed][V→V]-@₁–lghii[the.one.that.V-ed][the.one.that.is.V][V→N][N][Abs][Unpd][Du]
ingaghquusimalghiik	ingaghte-@₁qugh[to.V.completely]-~:(u)te[SBJ.V-ed.something][V→V]-@₁~:(i/u)ma[to.have.V-ed][to.have.been.V-ed][V→V]-@₁–lghii[the.one.that.V-ed][the.one.that.is.V][V→N][N][Rel][Unpd][Du]
ingaghquusimalghiik	ingaghte-@₁qugh[to.V.completely]-~:(u)te[SBJ.V-ed.something][V→V]-@₁~:(i/u)ma[to.have.V-ed][to.have.been.V-ed][V→V][V][Intr][Ptcp][3Du]

qatelghii	qategh-@₁–lghii[the.one.that.V-ed][the.one.that.is.V][V→N][N][Abs][Unpd][Sg]
qatelghii	qatelghii[N][Abs][Unpd][Sg]

qavaghpenani	qavagh-@₁–nghite**[to.not.V][V→V][V][Intr][Sbrd][3Sg]

teghhumaamalghii	+?

amaa	amaa[N][Abs][Unpd][Sg]
amaa	amagh[V][Intr][Opt][PRS][2Sg]
amaa	amu[V][Intr][Intrg][3Sg]
amaa	amu[V][Trns][Ind][3Sg][3Sg]

qavaghyan	qavagh[V][Intr][CnsqI][3Sg]

whaa	whaa
whaa	whaa[N][Abs][Unpd][Sg]

tungunghaqasan	+?

qatelghii	qategh-@₁–lghii[the.one.that.V-ed][the.one.that.is.V][V→N][N][Abs][Unpd][Sg]
qatelghii	qatelghii[N][Abs][Unpd][Sg]

nekevluni	nekeve[V][Intr][Sbrd][3Sg]

tamaani	tamaa-@₁~fni[to.say.that.one.is.V-ing][Cmpd_Vbl][V][Intr][Opt][PRS][2Sg]
tamaani	tamaa-~:(u)te[to.V.for.or.with][to.cause.to.V.as.one.is.V-ing][to.V.toward.each.other][V→V]-@₁~fni[to.say.that.one.is.V-ing][Cmpd_Vbl][V][Intr][Opt][PRS][2Sg]
tamaani	tamaa-~:(u)te[SBJ.V-ed.something][V→V]-@₁~fni[to.say.that.one.is.V-ing][Cmpd_Vbl][V][Intr][Opt][PRS][2Sg]

qemgughtimalghii	+?

ayveghem	ayvegh[N][Rel][Unpd][Sg]

kuyapegaaneng	kuyapegagh[N][Abl_Mod][3SgPoss][SgPosd]
kuyapegaaneng	kuyapegagh[N][Abl_Mod][3SgPoss][PlPosd]

qafsinat	qafsina[N][Abs][Unpd][Pl]
qafsinat	qafsina[N][Rel][Unpd][Pl]

ayveghem	ayvegh[N][Rel][Unpd][Sg]

kuyapegii	kuyapegagh-~:(ng₁)u[to.be.N][N→V]-~i[SBJ.V-ed.something][V→V]-~i[SBJ.V-ed.something][V→V]-~i[SBJ.V-ed.something][V→V]-~i[SBJ.V-ed.something][V→V]-~i[SBJ.V-ed.something][V→V][V][Intr][Opt][PRS][2Sg]
kuyapegii	kuyapegagh-~:(ng₁)u[to.be.N][N→V]-~i[SBJ.V-ed.something][V→V]-~i[SBJ.V-ed.something][V→V]-~i[SBJ.V-ed.something][V→V]-~i[SBJ.V-ed.something][V→V][V][Intr][Opt][PRS][2Sg]
kuyapegii	kuyapegagh-~:(ng₁)u[to.be.N][N→V]-~i[SBJ.V-ed.something][V→V]-~i[SBJ.V-ed.something][V→V]-~i[SBJ.V-ed.something][V→V][V][Intr][Opt][PRS][2Sg]
kuyapegii	kuyapegagh-~:(ng₁)u[to.be.N][N→V]-~i[SBJ.V-ed.something][V→V]-~i[SBJ.V-ed.something][V→V][V][Intr][Opt][PRS][2Sg]
kuyapegii	kuyapegagh-~:(ng₁)u[to.be.N][N→V]-~i[SBJ.V-ed.something][V→V][V][Intr][Opt][PRS][2Sg]
kuyapegii	kuyapegagh[N][Abs][3SgPoss][PlPosd]

nuuvulluki	nuuve-~:(u)te[to.V.for.or.with][to.cause.to.V.as.one.is.V-ing][to.V.toward.each.other][V→V]-te[to.act.on.so.as.to.cause.to.V][V→V][V][Trns][Sbrd][_][3Pl]
nuuvulluki	nuuve-~:(u)te[to.V.for.or.with][to.cause.to.V.as.one.is.V-ing][to.V.toward.each.other][V→V][V][Trns][Sbrd][_][3Pl]

amaam	amaa[N][Rel][Unpd][Sg]

paapgakun	papeg[N][Via][3DuPoss][PlPosd]
paapgakun	papeg[N][Via][3SgPoss][SgPosd]
paapgakun	papeg[N][Via][3SgPoss][PlPosd]

qilleghsimakangi	qilleghte-@₁~:(i/u)ma[to.have.V-ed][to.have.been.V-ed][V→V]-@*@₂~sf–(g₂)k(a)e[the.one.that.possessor.V-ed][V→N][N][Abs][3SgPoss][PlPosd]
qilleghsimakangi	qilleghte-@₁~:(i/u)ma[to.have.V-ed][to.have.been.V-ed][V→V][V][Trns][Ptcp][3Sg][3Pl]

------------------------
sEnkaam amaa taghsaamakaanga. Qatelghiim pimakanga, “Anguyaget sughuget whaa kaasaghtuungestaamiikung. Uusneghwaaghmun mayiigaqut. Whanga qimagnaqunga. Elpek saaqsin?” Amaa qaviinamaatkun nekefqaghlluni pangalegyalghiimi kelutmun uka tunganganeng kavleggalek. Naqam paapga aqniimaghmi. Amaa sumeghtaghaamalghii,

senkaam	+?

amaa	amaa[N][Abs][Unpd][Sg]
amaa	amagh[V][Intr][Opt][PRS][2Sg]
amaa	amu[V][Intr][Intrg][3Sg]
amaa	amu[V][Trns][Ind][3Sg][3Sg]

taghsaamakaanga	taghsagh-@₁~:(i/u)ma[to.have.V-ed][to.have.been.V-ed][V→V]-~sf–(g₃)kau[to.have.V-ed][to.have.been.V-ed][V→V][V][Trns][Opt][PRS][2Sg][1Sg]
taghsaamakaanga	taghsagh-@₁~:(i/u)ma[to.have.V-ed][to.have.been.V-ed][V→V]-@₂~fkau[to.have.V-ed][to.have.been.V-ed][V→V][V][Trns][Opt][PRS][2Sg][1Sg]

qatelghiim	qategh-@₁–lghii[the.one.that.V-ed][the.one.that.is.V][V→N][N][Rel][Unpd][Sg]
qatelghiim	qatelghii[N][Rel][Unpd][Sg]

pimakanga	pi-@₁~:(i/u)ma[to.have.V-ed][to.have.been.V-ed][V→V]-@*@₂~sf–(g₂)k(a)e[the.one.that.possessor.V-ed][V→N][N][Abs][3SgPoss][SgPosd]
pimakanga	pi-@₁~:(i/u)ma[to.have.V-ed][to.have.been.V-ed][V→V][V][Trns][Ptcp][3Sg][3Sg]
pimakanga	pi-@₁~:(i/u)ma[to.have.V-ed][to.have.been.V-ed][V→V][V][Trns][Cond][3Sg][1Sg]

“anguyaget	+?

sughuget	+?

whaa	whaa
whaa	whaa[N][Abs][Unpd][Sg]

kaasaghtuungestaamiikung	+?

uusneghwaaghmun	uusneghwaagh[N][Ter][Unpd][Sg]

mayiigaqut	mayagh-~:(ng₁)u[to.be.N][N→V]-~i[SBJ.V-ed.something][V→V]-~i[SBJ.V-ed.something][V→V]-~i[SBJ.V-ed.something][V→V]-~i[SBJ.V-ed.something][V→V]-~(g₁)aqe[to.be.V.ing][to.regularly.or.repeatedly.V][V→V][V][Intr][Ind][3Pl]
mayiigaqut	mayagh-~:(ng₁)u[to.be.N][N→V]-~i[SBJ.V-ed.something][V→V]-~i[SBJ.V-ed.something][V→V]-~i[SBJ.V-ed.something][V→V]-~(g₁)aqe[to.be.V.ing][to.regularly.or.repeatedly.V][V→V][V][Intr][Ind][3Pl]
mayiigaqut	mayagh-~:(ng₁)u[to.be.N][N→V]-~i[SBJ.V-ed.something][V→V]-~i[SBJ.V-ed.something][V→V]-~(g₁)aqe[to.be.V.ing][to.regularly.or.repeatedly.V][V→V][V][Intr][Ind][3Pl]
mayiigaqut	mayagh-~:(ng₁)u[to.be.N][N→V]-~i[SBJ.V-ed.something][V→V]-~(g₁)aqe[to.be.V.ing][to.regularly.or.repeatedly.V][V→V][V][Intr][Ind][3Pl]

whanga	wha[N][Abs][3SgPoss][SgPosd]
whanga	whanga

qimagnaqunga	qimag-@₁~fnaqe[to.be.going.to.V][V→V][V][Intr][Ind][1Sg]

elpek	elpek
elpek	elpeg[N][Abs][Unpd][Sg]

saaqsin”	+?

amaa	amaa[N][Abs][Unpd][Sg]
amaa	amagh[V][Intr][Opt][PRS][2Sg]
amaa	amu[V][Intr][Intrg][3Sg]
amaa	amu[V][Trns][Ind][3Sg][3Sg]

qaviinamaatkun	+?

nekefqaghlluni	+?

pangalegyalghiimi	pangaleg-@₁~fyagh[to.go.V-ing][to.V.in.vain][V→V]-@₁–lghii[the.one.that.V-ed][the.one.that.is.V][V→N][N][Loc][Unpd][Sg]
pangalegyalghiimi	pangaleg-@₁~fyagh[to.go.V-ing][to.V.in.vain][V→V]-@₁–lghii[the.one.that.V-ed][the.one.that.is.V][V→N][N][Rel][4SgPoss][PlPosd]
pangalegyalghiimi	pangaleg-@₁~fyagh[to.go.V-ing][to.V.in.vain][V→V]-@₁–lghii[the.one.that.V-ed][the.one.that.is.V][V→N][N][Rel][4SgPoss][SgPosd]
pangalegyalghiimi	pangaleg[V][Intr][Ptcp_Obl][4Sg]

kelutmun	kelute[N][Ter][Unpd][Sg]

uka	uka
uka	uka[N][Abs][Unpd][Sg]

tunganganeng	+?

kavleggalek	+?

naqam	naqam
naqam	naqam[N][Abs][Unpd][Sg]

paapga	papeg[N][Abs][3SgPoss][SgPosd]

aqniimaghmi	aqnigh-@₁~:(i/u)magh*[while.V-ing][V→V][Quant_Qual][4Sg]

amaa	amaa[N][Abs][Unpd][Sg]
amaa	amagh[V][Intr][Opt][PRS][2Sg]
amaa	amu[V][Intr][Intrg][3Sg]
amaa	amu[V][Trns][Ind][3Sg][3Sg]

sumeghtaghaamalghii	sumeghtaghagh-@₁~:(i/u)ma[to.have.V-ed][to.have.been.V-ed][V→V]-@₁–lghii[the.one.that.V-ed][the.one.that.is.V][V→N][N][Abs][Unpd][Sg]

------------------------
155

155	+?

------------------------
Qatelghiinkuk Amaankuk

qatelghiinkuk	qategh-@₁–lghii[the.one.that.V-ed][the.one.that.is.V][V→N]-~sf-w:(e)nkuk[N.and.partner.or.spouse][N→N][N][Abs][Unpd][Sg]
qatelghiinkuk	qatelghii-~sf-w:(e)nkuk[N.and.partner.or.spouse][N→N][N][Abs][Unpd][Sg]

amaankuk	amaa-~sf-w:(e)nkuk[N.and.partner.or.spouse][N→N][N][Abs][Unpd][Sg]

------------------------
“Seghleghhalekkaannaqaatnga anguyaget. Tuqunnaqaatnga. Awitwuwaqlu papemkun kiitegtaatnga. Sangami paapka aqnighaqa?” Amaa iwemgaqun qevuulluni qimakaq tuqunnayukangatni. Qimaguqestaghngaaghmi kinguminilnguq kavlek almesiqngiinaghyagu saama pekapigsami amaa sumeghtaghaamalghii, “Qaywaam tuqulanga.” Aghuliighutkelluku uteghmun qiivyalghiimi sughumeng esghaanneghituq. Katam taawa paapgakun qilleghlluteng qafsinat ayveghem kuyapegii. Amaa pimalghii, “Uguminaghnaghhalek qatelghiipenaaq pekaghtepigtaanga. Kergam taawa esghaqaghtekumken unguvallequten.”

“seghleghhalekkaannaqaatnga	+?

anguyaget	anguyag[N][Abs][Unpd][Pl]
anguyaget	anguyag[N][Rel][Unpd][Pl]

tuqunnaqaatnga	tuqu-te[to.act.on.so.as.to.cause.to.V][V→V]-@₁~fnaqe[to.be.going.to.V][V→V][V][Trns][Ind][3Pl][1Sg]
tuqunnaqaatnga	tuqu-~:(u)te[to.V.for.or.with][to.cause.to.V.as.one.is.V-ing][to.V.toward.each.other][V→V]-te[to.act.on.so.as.to.cause.to.V][V→V]-@₁~fnaqe[to.be.going.to.V][V→V][V][Trns][Ind][3Pl][1Sg]
tuqunnaqaatnga	tuqute-@₁~fnaqe[to.be.going.to.V][V→V][V][Trns][Ind][3Pl][1Sg]

awitwuwaqlu	+?

papemkun	papeg[N][Via][1SgPoss][PlPosd]
papemkun	papeg[N][Via][1SgPoss][SgPosd]

kiitegtaatnga	+?

sangami	sa[V][Intr][CnsqI][4Sg]
sangami	sangagh[N][Loc][Unpd][Sg]
sangami	sangagh[N][Rel][4SgPoss][PlPosd]
sangami	sangagh[N][Rel][4SgPoss][SgPosd]
sangami	sangami

paapka	papeg-~–ke[to.have.as.one's.N(s)][N→V][V][Intr][Intrg][3Sg]
paapka	papeg[N][Abs][1SgPoss][SgPosd]

aqnighaqa”	+?

amaa	amaa[N][Abs][Unpd][Sg]
amaa	amagh[V][Intr][Opt][PRS][2Sg]
amaa	amu[V][Intr][Intrg][3Sg]
amaa	amu[V][Trns][Ind][3Sg][3Sg]

iwemgaqun	+?

qevuulluni	qevuute[V][Intr][Sbrd][3Sg]

qimakaq	qimag-~sf–(g₃)kaq[one.that.has.V-ed][V→N][N][Abs][Unpd][Sg]

tuqunnayukangatni	+?

qimaguqestaghngaaghmi	+?

kinguminilnguq	+?

kavlek	kavleg[N][Abs][Unpd][Sg]

almesiqngiinaghyagu	+?

saama	saa[N][Rel][1SgPoss][SgPosd]
saama	saa[N][Rel][1SgPoss][PlPosd]
saama	saam[N][Abs][3SgPoss][SgPosd]
saama	saama
saama	saama[N][Abs][Unpd][Sg]

pekapigsami	pekagh-–pigte[to.be.very.V][to.V.very.much][V→V]-te[to.act.on.so.as.to.cause.to.V][V→V][V][Intr][CnsqI][4Sg]
pekapigsami	pekagh-–pigte[to.be.very.V][to.V.very.much][V→V][V][Intr][CnsqI][4Sg]

amaa	amaa[N][Abs][Unpd][Sg]
amaa	amagh[V][Intr][Opt][PRS][2Sg]
amaa	amu[V][Intr][Intrg][3Sg]
amaa	amu[V][Trns][Ind][3Sg][3Sg]

sumeghtaghaamalghii	sumeghtaghagh-@₁~:(i/u)ma[to.have.V-ed][to.have.been.V-ed][V→V]-@₁–lghii[the.one.that.V-ed][the.one.that.is.V][V→N][N][Abs][Unpd][Sg]

“qaywaam	+?

tuqulanga”	+?

aghuliighutkelluku	+?

uteghmun	uteghmun

qiivyalghiimi	qiive-@₁~fyagh[to.go.V-ing][to.V.in.vain][V→V]-@₁–lghii[the.one.that.V-ed][the.one.that.is.V][V→N][N][Loc][Unpd][Sg]
qiivyalghiimi	qiive-@₁~fyagh[to.go.V-ing][to.V.in.vain][V→V]-@₁–lghii[the.one.that.V-ed][the.one.that.is.V][V→N][N][Rel][4SgPoss][PlPosd]
qiivyalghiimi	qiive-@₁~fyagh[to.go.V-ing][to.V.in.vain][V→V]-@₁–lghii[the.one.that.V-ed][the.one.that.is.V][V→N][N][Rel][4SgPoss][SgPosd]
qiivyalghiimi	qiive[V][Intr][Ptcp_Obl][4Sg]

sughumeng	sughu[N][Abl_Mod][Unpd][Sg]
sughumeng	sughu[N][Rel][4DuPoss][PlPosd]
sughumeng	sughu[N][Rel][4DuPoss][SgPosd]
sughumeng	sughu[N][Rel][4PlPoss][PlPosd]
sughumeng	sughu[N][Rel][4PlPoss][SgPosd]

esghaanneghituq	esghaate-@₁–nghite**[to.not.V][V→V][V][Intr][Ind][3Sg]
esghaanneghituq	esghagh-~:(u)te[to.V.for.or.with][to.cause.to.V.as.one.is.V-ing][to.V.toward.each.other][V→V]-te[to.act.on.so.as.to.cause.to.V][V→V]-@₁–nghite**[to.not.V][V→V][V][Intr][Ind][3Sg]
esghaanneghituq	esghagh-~:(u)te[to.V.for.or.with][to.cause.to.V.as.one.is.V-ing][to.V.toward.each.other][V→V]-@₁–nghite**[to.not.V][V→V][V][Intr][Ind][3Sg]
esghaanneghituq	esghagh-~:(u)te[condition.with.respect.to.V-ing][V→N]-te[to.catch.N][to.go.to.N][N→V]-@₁–nghite**[to.not.V][V→V][V][Intr][Ind][3Sg]
esghaanneghituq	esghagh-~:(u)te[SBJ.V-ed.something][V→V]-te[to.act.on.so.as.to.cause.to.V][V→V]-@₁–nghite**[to.not.V][V→V][V][Intr][Ind][3Sg]
esghaanneghituq	esghagh-~:(u)te[SBJ.V-ed.something][V→V]-@₁–nghite**[to.not.V][V→V][V][Intr][Ind][3Sg]

katam	katam

taawa	taawa

paapgakun	papeg[N][Via][3DuPoss][PlPosd]
paapgakun	papeg[N][Via][3SgPoss][SgPosd]
paapgakun	papeg[N][Via][3SgPoss][PlPosd]

qilleghlluteng	+?

qafsinat	qafsina[N][Abs][Unpd][Pl]
qafsinat	qafsina[N][Rel][Unpd][Pl]

ayveghem	ayvegh[N][Rel][Unpd][Sg]

kuyapegii	kuyapegagh-~:(ng₁)u[to.be.N][N→V]-~i[SBJ.V-ed.something][V→V]-~i[SBJ.V-ed.something][V→V]-~i[SBJ.V-ed.something][V→V]-~i[SBJ.V-ed.something][V→V]-~i[SBJ.V-ed.something][V→V][V][Intr][Opt][PRS][2Sg]
kuyapegii	kuyapegagh-~:(ng₁)u[to.be.N][N→V]-~i[SBJ.V-ed.something][V→V]-~i[SBJ.V-ed.something][V→V]-~i[SBJ.V-ed.something][V→V]-~i[SBJ.V-ed.something][V→V][V][Intr][Opt][PRS][2Sg]
kuyapegii	kuyapegagh-~:(ng₁)u[to.be.N][N→V]-~i[SBJ.V-ed.something][V→V]-~i[SBJ.V-ed.something][V→V]-~i[SBJ.V-ed.something][V→V][V][Intr][Opt][PRS][2Sg]
kuyapegii	kuyapegagh-~:(ng₁)u[to.be.N][N→V]-~i[SBJ.V-ed.something][V→V]-~i[SBJ.V-ed.something][V→V][V][Intr][Opt][PRS][2Sg]
kuyapegii	kuyapegagh-~:(ng₁)u[to.be.N][N→V]-~i[SBJ.V-ed.something][V→V][V][Intr][Opt][PRS][2Sg]
kuyapegii	kuyapegagh[N][Abs][3SgPoss][PlPosd]

amaa	amaa[N][Abs][Unpd][Sg]
amaa	amagh[V][Intr][Opt][PRS][2Sg]
amaa	amu[V][Intr][Intrg][3Sg]
amaa	amu[V][Trns][Ind][3Sg][3Sg]

pimalghii	pi-@₁~:(i/u)ma[to.have.V-ed][to.have.been.V-ed][V→V]-@₁–lghii[the.one.that.V-ed][the.one.that.is.V][V→N][N][Abs][Unpd][Sg]

“uguminaghnaghhalek	+?

qatelghiipenaaq	+?

pekaghtepigtaanga	pekagh-te[to.act.on.so.as.to.cause.to.V][V→V]-–pigte[to.be.very.V][to.V.very.much][V→V][V][Trns][Ind][3Sg][1Sg]

kergam	kergam
kergam	kergam[N][Abs][Unpd][Sg]

taawa	taawa

esghaqaghtekumken	esghaqagh-te[to.act.on.so.as.to.cause.to.V][V→V][V][Trns][Cond][1Pl][2Sg]
esghaqaghtekumken	esghaqagh-te[to.act.on.so.as.to.cause.to.V][V→V][V][Trns][Cond][1Du][2Sg]
esghaqaghtekumken	esghaqagh-te[to.act.on.so.as.to.cause.to.V][V→V][V][Trns][Cond][1Sg][2Sg]

unguvallequten”	+?

------------------------
íQatelghiim kiiwek kaallukek akimun ayuqelghiik maligsimakek iwemgam esnamun. Tawani esnami tepameng neghemsuglimi taglaamalghii esnam kelutanganun. Pengughaghhaghmun kaalluni tawani qavaghnaqsami iyegni nusugraghlukek saaghwmikun llilukek qavaamalghii. Taagken amaam ugumiyagulluku qatelghii tamaghhaani ivaghtaayaqenni. Qenwatlu naalkeqaghsimakanga. Qatelghii qavaghaqeftuq enngaatall umuluku naqam saaghwani iyek. Amaamtaghsaghpenaan iiskekqatelghiimtutmaghtaalukek qageghqughlukek unisimakanga. Kingunganeng amaam qatelghiim iwemgaqun qavagni nusuglukek taghtughyami iyegni tugunaqsaqegni aviituk. Katamnaalkumakekqageghqughlleraaghinaak. Qatelghii ayaaluni paneghluni tuqumalghii.

íqatelghiim	+?

kiiwek	kiiw[N][Abs][Unpd][Du]
kiiwek	kiiw[N][Rel][Unpd][Du]
kiiwek	kiiweg[N][Abs][Unpd][Sg]

kaallukek	kaate[V][Trns][Sbrd][_][3Du]

akimun	aki[N][Ter][Unpd][Sg]

ayuqelghiik	ayuqe-@₁–lghii[the.one.that.V-ed][the.one.that.is.V][V→N][N][Abs][Unpd][Du]
ayuqelghiik	ayuqe-@₁–lghii[the.one.that.V-ed][the.one.that.is.V][V→N][N][Rel][Unpd][Du]
ayuqelghiik	ayuqe[V][Intr][Ptcp][3Du]

maligsimakek	maligte-@₁~:(i/u)ma[to.have.V-ed][to.have.been.V-ed][V→V]-@*@₂~sf–(g₂)k(a)e[the.one.that.possessor.V-ed][V→N][N][Abs][Unpd][Du]
maligsimakek	maligte-@₁~:(i/u)ma[to.have.V-ed][to.have.been.V-ed][V→V]-@*@₂~sf–(g₂)k(a)e[the.one.that.possessor.V-ed][V→N][N][Rel][Unpd][Du]
maligsimakek	maligte-@₁~:(i/u)ma[to.have.V-ed][to.have.been.V-ed][V→V][V][Trns][Opt][PRS][2Sg][3Du]
maligsimakek	maligte-@₁~:(i/u)ma[to.have.V-ed][to.have.been.V-ed][V→V][V][Trns][Intrg][2Pl][3Du]

iwemgam	+?

esnamun	esnagh[N][Ter][Unpd][Sg]

tawani	tawani
tawani	tawani[N][Abs][Unpd][Sg]

esnami	esnagh[N][Loc][Unpd][Sg]
esnami	esnagh[N][Rel][4SgPoss][PlPosd]
esnami	esnagh[N][Rel][4SgPoss][SgPosd]

tepameng	tepagh[N][Abl_Mod][Unpd][Sg]
tepameng	tepagh[N][Rel][4DuPoss][PlPosd]
tepameng	tepagh[N][Rel][4DuPoss][SgPosd]
tepameng	tepagh[N][Rel][4PlPoss][PlPosd]
tepameng	tepagh[N][Rel][4PlPoss][SgPosd]

neghemsuglimi	+?

taglaamalghii	taglagh-@₁~:(i/u)ma[to.have.V-ed][to.have.been.V-ed][V→V]-@₁–lghii[the.one.that.V-ed][the.one.that.is.V][V→N][N][Abs][Unpd][Sg]

esnam	esnagh[N][Rel][Unpd][Sg]

kelutanganun	+?

pengughaghhaghmun	+?

kaalluni	kaate[V][Intr][Sbrd][3Sg]

tawani	tawani
tawani	tawani[N][Abs][Unpd][Sg]

qavaghnaqsami	qavagh-@₁~fnaqe[to.be.going.to.V][V→V]-te[to.act.on.so.as.to.cause.to.V][V→V]-te[to.act.on.so.as.to.cause.to.V][V→V][V][Intr][CnsqI][4Sg]
qavaghnaqsami	qavagh-@₁~fnaqe[to.be.going.to.V][V→V]-te[to.act.on.so.as.to.cause.to.V][V→V][V][Intr][CnsqI][4Sg]
qavaghnaqsami	qavagh-@₁~fnaqe[to.be.going.to.V][V→V][V][Intr][CnsqI][4Sg]

iyegni	iye[N][Abs][4SgPoss][DuPosd]
iyegni	iye[N][Loc][Unpd][Du]

nusugraghlukek	+?

saaghwmikun	saaghw[N][Via][4SgPoss][PlPosd]
saaghwmikun	saaghw[N][Via][4SgPoss][SgPosd]

llilukek	lli-~:(u)te[to.V.for.or.with][to.cause.to.V.as.one.is.V-ing][to.V.toward.each.other][V→V][V][Trns][Sbrd][_][3Du]
llilukek	lli[V][Trns][Sbrd][_][3Du]

qavaamalghii	qavaa-@₁~:(i/u)ma[to.have.V-ed][to.have.been.V-ed][V→V]-@₁–lghii[the.one.that.V-ed][the.one.that.is.V][V→N][N][Abs][Unpd][Sg]
qavaamalghii	qavagh-@₁~:(i/u)ma[to.have.V-ed][to.have.been.V-ed][V→V]-@₁–lghii[the.one.that.V-ed][the.one.that.is.V][V→N][N][Abs][Unpd][Sg]
qavaamalghii	qavagh-~:(ng₁)u[to.be.N][N→V]-@₁~:(i/u)ma[to.have.V-ed][to.have.been.V-ed][V→V]-@₁–lghii[the.one.that.V-ed][the.one.that.is.V][V→N][N][Abs][Unpd][Sg]

taagken	taagken

amaam	amaa[N][Rel][Unpd][Sg]

ugumiyagulluku	+?

qatelghii	qategh-@₁–lghii[the.one.that.V-ed][the.one.that.is.V][V→N][N][Abs][Unpd][Sg]
qatelghii	qatelghii[N][Abs][Unpd][Sg]

tamaghhaani	tamaghhagh-~:(ng₁)u[to.be.N][N→V]-@₁~fni[to.say.that.one.is.V-ing][Cmpd_Vbl][V][Intr][Opt][PRS][2Sg]
tamaghhaani	tamaghhagh-~:(ng₁)u[to.be.N][N→V]-~:(u)te[to.V.for.or.with][to.cause.to.V.as.one.is.V-ing][to.V.toward.each.other][V→V]-@₁~fni[to.say.that.one.is.V-ing][Cmpd_Vbl][V][Intr][Opt][PRS][2Sg]
tamaghhaani	tamaghhagh-~:(ng₁)u[to.be.N][N→V]-~:(u)te[SBJ.V-ed.something][V→V]-@₁~fni[to.say.that.one.is.V-ing][Cmpd_Vbl][V][Intr][Opt][PRS][2Sg]
tamaghhaani	tamaghhagh[N][Loc][3SgPoss][SgPosd]
tamaghhaani	tamaghhagh[N][Loc][3SgPoss][PlPosd]

ivaghtaayaqenni	+?

qenwatlu	+?

naalkeqaghsimakanga	+?

qatelghii	qategh-@₁–lghii[the.one.that.V-ed][the.one.that.is.V][V→N][N][Abs][Unpd][Sg]
qatelghii	qatelghii[N][Abs][Unpd][Sg]

qavaghaqeftuq	qavagh-~(g₁)aqe[to.be.V.ing][to.regularly.or.repeatedly.V][V→V]-(pete)fte[to.evidently.V][to.have.V-ed][V→V][V][Intr][Ind][3Sg]

enngaatall	enngaatall

umuluku	umu-~:(u)te[to.V.for.or.with][to.cause.to.V.as.one.is.V-ing][to.V.toward.each.other][V→V][V][Trns][Sbrd][_][3Sg]
umuluku	umu[V][Trns][Sbrd][_][3Sg]

naqam	naqam
naqam	naqam[N][Abs][Unpd][Sg]

saaghwani	saaghw[N][Loc][3SgPoss][SgPosd]
saaghwani	saaghw[N][Loc][3SgPoss][PlPosd]

iyek	iye[N][Abs][Unpd][Du]
iyek	iye[N][Rel][Unpd][Du]

amaamtaghsaghpenaan	+?

iiskekqatelghiimtutmaghtaalukek	+?

qageghqughlukek	qagegh-te[to.act.on.so.as.to.cause.to.V][V→V]-@₁qugh[to.V.completely][V][Trns][Sbrd][_][3Du]
qageghqughlukek	qagegh-@₁qugh[to.V.completely][V][Trns][Sbrd][_][3Du]
qageghqughlukek	qageghte-@₁qugh[to.V.completely][V][Trns][Sbrd][_][3Du]
qageghqughlukek	qageghqugh[V][Trns][Sbrd][_][3Du]

unisimakanga	unite-@₁~:(i/u)ma[to.have.V-ed][to.have.been.V-ed][V→V]-@*@₂~sf–(g₂)k(a)e[the.one.that.possessor.V-ed][V→N][N][Abs][3SgPoss][SgPosd]
unisimakanga	unite-@₁~:(i/u)ma[to.have.V-ed][to.have.been.V-ed][V→V][V][Trns][Ptcp][3Sg][3Sg]
unisimakanga	unite-@₁~:(i/u)ma[to.have.V-ed][to.have.been.V-ed][V→V][V][Trns][Cond][3Sg][1Sg]

kingunganeng	kingu[N][Abl_Mod][3SgPoss][SgPosd]
kingunganeng	kingu[N][Abl_Mod][3SgPoss][PlPosd]

amaam	amaa[N][Rel][Unpd][Sg]

qatelghiim	qategh-@₁–lghii[the.one.that.V-ed][the.one.that.is.V][V→N][N][Rel][Unpd][Sg]
qatelghiim	qatelghii[N][Rel][Unpd][Sg]

iwemgaqun	+?

qavagni	qavagh[N][Abs][4SgPoss][DuPosd]
qavagni	qavagh[N][Loc][Unpd][Du]

nusuglukek	nusug[V][Trns][Sbrd][_][3Du]

taghtughyami	taghtugh[V][Intr][CnsqI][4Sg]

iyegni	iye[N][Abs][4SgPoss][DuPosd]
iyegni	iye[N][Loc][Unpd][Du]

tugunaqsaqegni	tugu-@₁~fnaqe[to.be.going.to.V][V→V]-te[to.act.on.so.as.to.cause.to.V][V→V]-te[to.act.on.so.as.to.cause.to.V][V→V]-@₁~fyagh[to.go.V-ing][to.V.in.vain][V→V]-@*@₂~sf–(g₂)k(a)e[the.one.that.possessor.V-ed][V→N][N][Abs][4SgPoss][DuPosd]
tugunaqsaqegni	tugu-@₁~fnaqe[to.be.going.to.V][V→V]-te[to.act.on.so.as.to.cause.to.V][V→V]-te[to.act.on.so.as.to.cause.to.V][V→V]-@₁~fyagh[to.go.V-ing][to.V.in.vain][V→V]-@*@₂~sf–(g₂)k(a)e[the.one.that.possessor.V-ed][V→N][N][Loc][Unpd][Du]
tugunaqsaqegni	tugu-@₁~fnaqe[to.be.going.to.V][V→V]-te[to.act.on.so.as.to.cause.to.V][V→V]-@₁~fyagh[to.go.V-ing][to.V.in.vain][V→V]-@*@₂~sf–(g₂)k(a)e[the.one.that.possessor.V-ed][V→N][N][Abs][4SgPoss][DuPosd]
tugunaqsaqegni	tugu-@₁~fnaqe[to.be.going.to.V][V→V]-te[to.act.on.so.as.to.cause.to.V][V→V]-@₁~fyagh[to.go.V-ing][to.V.in.vain][V→V]-@*@₂~sf–(g₂)k(a)e[the.one.that.possessor.V-ed][V→N][N][Loc][Unpd][Du]
tugunaqsaqegni	tugu-@₁~fnaqe[to.be.going.to.V][V→V]-@₁~fyagh[to.go.V-ing][to.V.in.vain][V→V]-@*@₂~sf–(g₂)k(a)e[the.one.that.possessor.V-ed][V→N][N][Abs][4SgPoss][DuPosd]
tugunaqsaqegni	tugu-@₁~fnaqe[to.be.going.to.V][V→V]-@₁~fyagh[to.go.V-ing][to.V.in.vain][V→V]-@*@₂~sf–(g₂)k(a)e[the.one.that.possessor.V-ed][V→N][N][Loc][Unpd][Du]
tugunaqsaqegni	tugu-~:(u)te[to.V.for.or.with][to.cause.to.V.as.one.is.V-ing][to.V.toward.each.other][V→V]-@₁~fnaqe[to.be.going.to.V][V→V]-te[to.act.on.so.as.to.cause.to.V][V→V]-te[to.act.on.so.as.to.cause.to.V][V→V]-te[to.act.on.so.as.to.cause.to.V][V→V]-@₁~fyagh[to.go.V-ing][to.V.in.vain][V→V]-@*@₂~sf–(g₂)k(a)e[the.one.that.possessor.V-ed][V→N][N][Abs][4SgPoss][DuPosd]
tugunaqsaqegni	tugu-~:(u)te[to.V.for.or.with][to.cause.to.V.as.one.is.V-ing][to.V.toward.each.other][V→V]-@₁~fnaqe[to.be.going.to.V][V→V]-te[to.act.on.so.as.to.cause.to.V][V→V]-te[to.act.on.so.as.to.cause.to.V][V→V]-te[to.act.on.so.as.to.cause.to.V][V→V]-@₁~fyagh[to.go.V-ing][to.V.in.vain][V→V]-@*@₂~sf–(g₂)k(a)e[the.one.that.possessor.V-ed][V→N][N][Loc][Unpd][Du]
tugunaqsaqegni	tugu-~:(u)te[to.V.for.or.with][to.cause.to.V.as.one.is.V-ing][to.V.toward.each.other][V→V]-@₁~fnaqe[to.be.going.to.V][V→V]-te[to.act.on.so.as.to.cause.to.V][V→V]-te[to.act.on.so.as.to.cause.to.V][V→V]-@₁~fyagh[to.go.V-ing][to.V.in.vain][V→V]-@*@₂~sf–(g₂)k(a)e[the.one.that.possessor.V-ed][V→N][N][Abs][4SgPoss][DuPosd]
tugunaqsaqegni	tugu-~:(u)te[to.V.for.or.with][to.cause.to.V.as.one.is.V-ing][to.V.toward.each.other][V→V]-@₁~fnaqe[to.be.going.to.V][V→V]-te[to.act.on.so.as.to.cause.to.V][V→V]-te[to.act.on.so.as.to.cause.to.V][V→V]-@₁~fyagh[to.go.V-ing][to.V.in.vain][V→V]-@*@₂~sf–(g₂)k(a)e[the.one.that.possessor.V-ed][V→N][N][Loc][Unpd][Du]
tugunaqsaqegni	tugu-~:(u)te[to.V.for.or.with][to.cause.to.V.as.one.is.V-ing][to.V.toward.each.other][V→V]-@₁~fnaqe[to.be.going.to.V][V→V]-te[to.act.on.so.as.to.cause.to.V][V→V]-@₁~fyagh[to.go.V-ing][to.V.in.vain][V→V]-@*@₂~sf–(g₂)k(a)e[the.one.that.possessor.V-ed][V→N][N][Abs][4SgPoss][DuPosd]
tugunaqsaqegni	tugu-~:(u)te[to.V.for.or.with][to.cause.to.V.as.one.is.V-ing][to.V.toward.each.other][V→V]-@₁~fnaqe[to.be.going.to.V][V→V]-te[to.act.on.so.as.to.cause.to.V][V→V]-@₁~fyagh[to.go.V-ing][to.V.in.vain][V→V]-@*@₂~sf–(g₂)k(a)e[the.one.that.possessor.V-ed][V→N][N][Loc][Unpd][Du]
tugunaqsaqegni	tugu-~:(u)te[to.V.for.or.with][to.cause.to.V.as.one.is.V-ing][to.V.toward.each.other][V→V]-@₁~fnaqe[to.be.going.to.V][V→V]-@₁~fyagh[to.go.V-ing][to.V.in.vain][V→V]-@*@₂~sf–(g₂)k(a)e[the.one.that.possessor.V-ed][V→N][N][Abs][4SgPoss][DuPosd]
tugunaqsaqegni	tugu-~:(u)te[to.V.for.or.with][to.cause.to.V.as.one.is.V-ing][to.V.toward.each.other][V→V]-@₁~fnaqe[to.be.going.to.V][V→V]-@₁~fyagh[to.go.V-ing][to.V.in.vain][V→V]-@*@₂~sf–(g₂)k(a)e[the.one.that.possessor.V-ed][V→N][N][Loc][Unpd][Du]
tugunaqsaqegni	tugu-~:(u)te[SBJ.V-ed.something][V→V]-@₁~fnaqe[to.be.going.to.V][V→V]-te[to.act.on.so.as.to.cause.to.V][V→V]-te[to.act.on.so.as.to.cause.to.V][V→V]-te[to.act.on.so.as.to.cause.to.V][V→V]-@₁~fyagh[to.go.V-ing][to.V.in.vain][V→V]-@*@₂~sf–(g₂)k(a)e[the.one.that.possessor.V-ed][V→N][N][Abs][4SgPoss][DuPosd]
tugunaqsaqegni	tugu-~:(u)te[SBJ.V-ed.something][V→V]-@₁~fnaqe[to.be.going.to.V][V→V]-te[to.act.on.so.as.to.cause.to.V][V→V]-te[to.act.on.so.as.to.cause.to.V][V→V]-te[to.act.on.so.as.to.cause.to.V][V→V]-@₁~fyagh[to.go.V-ing][to.V.in.vain][V→V]-@*@₂~sf–(g₂)k(a)e[the.one.that.possessor.V-ed][V→N][N][Loc][Unpd][Du]
tugunaqsaqegni	tugu-~:(u)te[SBJ.V-ed.something][V→V]-@₁~fnaqe[to.be.going.to.V][V→V]-te[to.act.on.so.as.to.cause.to.V][V→V]-te[to.act.on.so.as.to.cause.to.V][V→V]-@₁~fyagh[to.go.V-ing][to.V.in.vain][V→V]-@*@₂~sf–(g₂)k(a)e[the.one.that.possessor.V-ed][V→N][N][Abs][4SgPoss][DuPosd]
tugunaqsaqegni	tugu-~:(u)te[SBJ.V-ed.something][V→V]-@₁~fnaqe[to.be.going.to.V][V→V]-te[to.act.on.so.as.to.cause.to.V][V→V]-te[to.act.on.so.as.to.cause.to.V][V→V]-@₁~fyagh[to.go.V-ing][to.V.in.vain][V→V]-@*@₂~sf–(g₂)k(a)e[the.one.that.possessor.V-ed][V→N][N][Loc][Unpd][Du]
tugunaqsaqegni	tugu-~:(u)te[SBJ.V-ed.something][V→V]-@₁~fnaqe[to.be.going.to.V][V→V]-te[to.act.on.so.as.to.cause.to.V][V→V]-@₁~fyagh[to.go.V-ing][to.V.in.vain][V→V]-@*@₂~sf–(g₂)k(a)e[the.one.that.possessor.V-ed][V→N][N][Abs][4SgPoss][DuPosd]
tugunaqsaqegni	tugu-~:(u)te[SBJ.V-ed.something][V→V]-@₁~fnaqe[to.be.going.to.V][V→V]-te[to.act.on.so.as.to.cause.to.V][V→V]-@₁~fyagh[to.go.V-ing][to.V.in.vain][V→V]-@*@₂~sf–(g₂)k(a)e[the.one.that.possessor.V-ed][V→N][N][Loc][Unpd][Du]
tugunaqsaqegni	tugu-~:(u)te[SBJ.V-ed.something][V→V]-@₁~fnaqe[to.be.going.to.V][V→V]-@₁~fyagh[to.go.V-ing][to.V.in.vain][V→V]-@*@₂~sf–(g₂)k(a)e[the.one.that.possessor.V-ed][V→N][N][Abs][4SgPoss][DuPosd]
tugunaqsaqegni	tugu-~:(u)te[SBJ.V-ed.something][V→V]-@₁~fnaqe[to.be.going.to.V][V→V]-@₁~fyagh[to.go.V-ing][to.V.in.vain][V→V]-@*@₂~sf–(g₂)k(a)e[the.one.that.possessor.V-ed][V→N][N][Loc][Unpd][Du]

aviituk	avii-~i[SBJ.V-ed.something][V→V]-~i[SBJ.V-ed.something][V→V]-~i[SBJ.V-ed.something][V→V]-~i[SBJ.V-ed.something][V→V]-~i[SBJ.V-ed.something][V→V]-~i[SBJ.V-ed.something][V→V]-te[to.act.on.so.as.to.cause.to.V][V→V][V][Intr][Ind][3Du]
aviituk	avii-~i[SBJ.V-ed.something][V→V]-~i[SBJ.V-ed.something][V→V]-~i[SBJ.V-ed.something][V→V]-~i[SBJ.V-ed.something][V→V]-~i[SBJ.V-ed.something][V→V]-~:(u)te[to.V.for.or.with][to.cause.to.V.as.one.is.V-ing][to.V.toward.each.other][V→V][V][Intr][Ind][3Du]
aviituk	avii-~i[SBJ.V-ed.something][V→V]-~i[SBJ.V-ed.something][V→V]-~i[SBJ.V-ed.something][V→V]-~i[SBJ.V-ed.something][V→V]-~i[SBJ.V-ed.something][V→V]-~:(u)te[SBJ.V-ed.something][V→V][V][Intr][Ind][3Du]
aviituk	avii-~i[SBJ.V-ed.something][V→V]-~i[SBJ.V-ed.something][V→V]-~i[SBJ.V-ed.something][V→V]-~i[SBJ.V-ed.something][V→V]-~i[SBJ.V-ed.something][V→V]-te[to.act.on.so.as.to.cause.to.V][V→V][V][Intr][Ind][3Du]
aviituk	avii-~i[SBJ.V-ed.something][V→V]-~i[SBJ.V-ed.something][V→V]-~i[SBJ.V-ed.something][V→V]-~i[SBJ.V-ed.something][V→V]-~:(u)te[to.V.for.or.with][to.cause.to.V.as.one.is.V-ing][to.V.toward.each.other][V→V][V][Intr][Ind][3Du]
aviituk	avii-~i[SBJ.V-ed.something][V→V]-~i[SBJ.V-ed.something][V→V]-~i[SBJ.V-ed.something][V→V]-~i[SBJ.V-ed.something][V→V]-~:(u)te[SBJ.V-ed.something][V→V][V][Intr][Ind][3Du]
aviituk	avii-~i[SBJ.V-ed.something][V→V]-~i[SBJ.V-ed.something][V→V]-~i[SBJ.V-ed.something][V→V]-~i[SBJ.V-ed.something][V→V]-te[to.act.on.so.as.to.cause.to.V][V→V][V][Intr][Ind][3Du]
aviituk	avii-~i[SBJ.V-ed.something][V→V]-~i[SBJ.V-ed.something][V→V]-~i[SBJ.V-ed.something][V→V]-~:(u)te[to.V.for.or.with][to.cause.to.V.as.one.is.V-ing][to.V.toward.each.other][V→V][V][Intr][Ind][3Du]
aviituk	avii-~i[SBJ.V-ed.something][V→V]-~i[SBJ.V-ed.something][V→V]-~i[SBJ.V-ed.something][V→V]-~:(u)te[SBJ.V-ed.something][V→V][V][Intr][Ind][3Du]
aviituk	avii-~i[SBJ.V-ed.something][V→V]-~i[SBJ.V-ed.something][V→V]-~i[SBJ.V-ed.something][V→V]-te[to.act.on.so.as.to.cause.to.V][V→V][V][Intr][Ind][3Du]
aviituk	avii-~i[SBJ.V-ed.something][V→V]-~i[SBJ.V-ed.something][V→V]-~:(u)te[to.V.for.or.with][to.cause.to.V.as.one.is.V-ing][to.V.toward.each.other][V→V][V][Intr][Ind][3Du]
aviituk	avii-~i[SBJ.V-ed.something][V→V]-~i[SBJ.V-ed.something][V→V]-~:(u)te[SBJ.V-ed.something][V→V][V][Intr][Ind][3Du]
aviituk	avii-~i[SBJ.V-ed.something][V→V]-~i[SBJ.V-ed.something][V→V]-te[to.act.on.so.as.to.cause.to.V][V→V][V][Intr][Ind][3Du]
aviituk	avii-~i[SBJ.V-ed.something][V→V]-~:(u)te[to.V.for.or.with][to.cause.to.V.as.one.is.V-ing][to.V.toward.each.other][V→V][V][Intr][Ind][3Du]
aviituk	avii-~i[SBJ.V-ed.something][V→V]-~:(u)te[SBJ.V-ed.something][V→V][V][Intr][Ind][3Du]
aviituk	avii-~i[SBJ.V-ed.something][V→V]-te[to.act.on.so.as.to.cause.to.V][V→V][V][Intr][Ind][3Du]
aviituk	avii-~:(u)te[to.V.for.or.with][to.cause.to.V.as.one.is.V-ing][to.V.toward.each.other][V→V][V][Intr][Ind][3Du]
aviituk	avii-~:(u)te[SBJ.V-ed.something][V→V][V][Intr][Ind][3Du]
aviituk	aviite[V][Intr][Ind][3Du]
aviituk	avii-te[to.act.on.so.as.to.cause.to.V][V→V][V][Intr][Ind][3Du]

katamnaalkumakekqageghqughlleraaghinaak	+?

qatelghii	qategh-@₁–lghii[the.one.that.V-ed][the.one.that.is.V][V→N][N][Abs][Unpd][Sg]
qatelghii	qatelghii[N][Abs][Unpd][Sg]

ayaaluni	ayaa-~:(u)te[to.V.for.or.with][to.cause.to.V.as.one.is.V-ing][to.V.toward.each.other][V→V][V][Intr][Sbrd][3Sg]
ayaaluni	ayaa-~:(u)te[SBJ.V-ed.something][V→V][V][Intr][Sbrd][3Sg]
ayaaluni	ayaa[V][Intr][Sbrd][3Sg]

paneghluni	panegh[V][Intr][Sbrd][3Sg]

tuqumalghii	tuqu-@₁~:(i/u)ma[to.have.V-ed][to.have.been.V-ed][V→V]-@₁–lghii[the.one.that.V-ed][the.one.that.is.V][V→N][N][Abs][Unpd][Sg]
tuqumalghii	tuquma-@₁–lghii[the.one.that.V-ed][the.one.that.is.V][V→N][N][Abs][Unpd][Sg]

------------------------
sQamagtuq.

sqamagtuq	+?

------------------------
The White Fox And The Wolf

the	+?

white	+?

fox	+?

and	+?

the	+?

wolf	+?

------------------------
i While the white fox was eating from a beached walrus he had found, a wolf came along. It said to the fox, “Can I eat too? I am really hungry.” The white fox said, “Go ahead and eat. There is a lot. I won’t finish it on my own.” So the wolf ate. They ate until they were full and they went up to a hill behind the spit. When they got to the top, the fox said to the wolf, “Let’s defínitely rest here. Let’s sleep.” The wolf agreed.

i	i

while	+?

the	+?

white	+?

fox	+?

was	+?

eating	+?

from	+?

a	a

beached	+?

walrus	+?

he	+?

had	+?

found	+?

a	a

wolf	+?

came	+?

along	+?

it	+?

said	+?

to	+?

the	+?

fox	+?

“can	+?

i	i

eat	+?

too	+?

i	i

am	+?

really	+?

hungry”	+?

the	+?

white	+?

fox	+?

said	+?

“go	+?

ahead	+?

and	+?

eat	+?

there	+?

is	+?

a	a

lot	+?

i	i

won’t	+?

finish	+?

it	+?

on	+?

my	+?

own”	+?

so	+?

the	+?

wolf	+?

ate	+?

they	+?

ate	+?

until	+?

they	+?

were	+?

full	+?

and	+?

they	+?

went	+?

up	+?

to	+?

a	a

hill	+?

behind	+?

the	+?

spit	+?

when	+?

they	+?

got	+?

to	+?

the	+?

top	+?

the	+?

fox	+?

said	+?

to	+?

the	+?

wolf	+?

“let’s	+?

defínitely	+?

rest	+?

here	+?

let’s	+?

sleep”	+?

the	+?

wolf	+?

agreed	+?

------------------------
îThere on top of the hill, they lay down to sleep. But the fox stayed awake. When the wolf was deep in sleep, the fox stood up and gathered walms vertebrae. He got a few of them together and tied them to the wolf’s tail.

îthere	+?

on	+?

top	+?

of	+?

the	+?

hill	+?

they	+?

lay	+?

down	+?

to	+?

sleep	+?

but	+?

the	+?

fox	+?

stayed	+?

awake	+?

when	+?

the	+?

wolf	+?

was	+?

deep	+?

in	+?

sleep	+?

the	+?

fox	+?

stood	+?

up	+?

and	+?

gathered	+?

walms	+?

vertebrae	+?

he	+?

got	+?

a	a

few	+?

of	+?

them	+?

together	+?

and	+?

tied	+?

them	+?

to	+?

the	+?

wolf’s	+?

tail	+?

------------------------
3Then he woke the wolf. The fox said, “Enemy raiders are now about to get to us! They are climbing the hill! I am going to run away. What are you going to do?” The wolf got up immediately and started running, and from behind him there was a lot of noise. His tail was also hurting. The wolf thought, “Oh my, the enemy is going to get to me! They are going to

3then	+?

he	+?

woke	+?

the	+?

wolf	+?

the	+?

fox	+?

said	+?

“enemy	+?

raiders	+?

are	+?

now	+?

about	+?

to	+?

get	+?

to	+?

us	+?

they	+?

are	+?

climbing	+?

the	+?

hill	+?

i	i

am	+?

going	+?

to	+?

run	+?

away	+?

what	wha[N][Abs][Unpd][Pl]
what	wha[N][Rel][Unpd][Pl]

are	+?

you	+?

going	+?

to	+?

do”	+?

the	+?

wolf	+?

got	+?

up	+?

immediately	+?

and	+?

started	+?

running	+?

and	+?

from	+?

behind	+?

him	+?

there	+?

was	+?

a	a

lot	+?

of	+?

noise	+?

his	+?

tail	+?

was	+?

also	+?

hurting	+?

the	+?

wolf	+?

thought	+?

“oh	+?

my	+?

the	+?

enemy	+?

is	+?

going	+?

to	+?

get	+?

to	+?

me	+?

they	+?

are	+?

going	+?

to	+?

------------------------
