Meteghlluk Nulightuqaq Ayuqlit Aghniitneng

﻿meteghlluk	+?

nulightuqaq	nulightugh-~sf–(g₃)kaq[one.that.has.V-ed][V→N][N][Abs][Unpd][Sg]
nulightuqaq	nulighh-tugh[to.eat.N][to.use.N][N→V]-~sf–(g₃)kaq[one.that.has.V-ed][V→N][N][Abs][Unpd][Sg]
nulightuqaq	nulighh-tuqagh[one.with.lots.of.N][AUG]

ayuqlit	ayuqe-te[to.act.on.so.as.to.cause.to.V][V→V][V][Intr][Opt][PRS][3Pl]
ayuqlit	ayuqe[V][Intr][Opt][PRS][3Pl]
ayuqlit	Ayuqligh[N][Abs][Unpd][Pl]
ayuqlit	Ayuqligh[N][Rel][Unpd][Pl]

aghniitneng	aghni-~i[SBJ.V-ed.something][V→V]-~i[SBJ.V-ed.something][V→V]-~i[SBJ.V-ed.something][V→V]-~i[SBJ.V-ed.something][V→V]-~i[SBJ.V-ed.something][V→V]-~:(u)te[condition.with.respect.to.V-ing][V→N][N][Abl_Mod][Unpd][Pl]
aghniitneng	aghni-~i[SBJ.V-ed.something][V→V]-~i[SBJ.V-ed.something][V→V]-~i[SBJ.V-ed.something][V→V]-~i[SBJ.V-ed.something][V→V]-~:(u)te[condition.with.respect.to.V-ing][V→N][N][Abl_Mod][Unpd][Pl]
aghniitneng	aghni-~i[SBJ.V-ed.something][V→V]-~i[SBJ.V-ed.something][V→V]-~i[SBJ.V-ed.something][V→V]-~:(u)te[condition.with.respect.to.V-ing][V→N][N][Abl_Mod][Unpd][Pl]
aghniitneng	aghni-~i[SBJ.V-ed.something][V→V]-~i[SBJ.V-ed.something][V→V]-~:(u)te[condition.with.respect.to.V-ing][V→N][N][Abl_Mod][Unpd][Pl]
aghniitneng	aghni-~i[SBJ.V-ed.something][V→V]-~:(u)te[condition.with.respect.to.V-ing][V→N][N][Abl_Mod][Unpd][Pl]
aghniitneng	aghnagh-~:(ng₁)u[to.be.N][N→V]-~i[SBJ.V-ed.something][V→V]-~i[SBJ.V-ed.something][V→V]-~i[SBJ.V-ed.something][V→V]-~i[SBJ.V-ed.something][V→V]-~:(u)te[condition.with.respect.to.V-ing][V→N][N][Abl_Mod][Unpd][Pl]
aghniitneng	aghnagh-~:(ng₁)u[to.be.N][N→V]-~i[SBJ.V-ed.something][V→V]-~i[SBJ.V-ed.something][V→V]-~i[SBJ.V-ed.something][V→V]-~:(u)te[condition.with.respect.to.V-ing][V→N][N][Abl_Mod][Unpd][Pl]
aghniitneng	aghnagh-~:(ng₁)u[to.be.N][N→V]-~i[SBJ.V-ed.something][V→V]-~i[SBJ.V-ed.something][V→V]-~:(u)te[condition.with.respect.to.V-ing][V→N][N][Abl_Mod][Unpd][Pl]
aghniitneng	aghnagh-~:(ng₁)u[to.be.N][N→V]-~i[SBJ.V-ed.something][V→V]-~:(u)te[condition.with.respect.to.V-ing][V→N][N][Abl_Mod][Unpd][Pl]
aghniitneng	aghnagh[N][Abl_Mod][3DuPoss][PlPosd]
aghniitneng	aghnagh[N][Abl_Mod][3DuPoss][DuPosd]
aghniitneng	aghnagh[N][Abl_Mod][3PlPoss][SgPosd]
aghniitneng	aghnagh[N][Abl_Mod][3PlPoss][PlPosd]
aghniitneng	aghnagh[N][Abl_Mod][3PlPoss][DuPosd]

------------------------


	

------------------------
Iimnanguq, kiyaghsimaat tallimat mengteghat.

iimnanguq	iime-@₁~fna[in.order.to.V][intending.to.V][V→V]-@*ngugh*[the.one.that.V-ed][the.one.that.is.V][V→N][N][Abs][Unpd][Sg]
iimnanguq	iimna[N][Abs][Unpd][Sg]-nguq[Encl]
iimnanguq	iimnanguq
iimnanguq	iimnangugh[N][Abs][Unpd][Sg]

kiyaghsimaat	kiyaghte-@₁~:(i/u)ma[to.have.V-ed][to.have.been.V-ed][V→V][V][Intr][Intrg][3Pl]
kiyaghsimaat	kiyaghte-@₁~:(i/u)ma[to.have.V-ed][to.have.been.V-ed][V→V][V][Intr][Ind][3Pl]
kiyaghsimaat	kiyaghte-@₁~:(i/u)ma[to.have.V-ed][to.have.been.V-ed][V→V][V][Trns][Ind][3Pl][3Sg]

tallimat	tallimat[N][Abs][Unpd][Sg]

mengteghat	mengteghagh[N][Abs][Unpd][Pl]
mengteghat	mengteghagh[N][Rel][Unpd][Pl]

------------------------
Taakut mengteghat yugi anglegutkullghiit.

taakut	taake[V][Intr][Ind][3Pl]

mengteghat	mengteghagh[N][Abs][Unpd][Pl]
mengteghat	mengteghagh[N][Rel][Unpd][Pl]

yugi	yu(u)g[N][Abs][3SgPoss][PlPosd]
yugi	yug[N][Abs][3SgPoss][PlPosd]

anglegutkullghiit	anglegute-~–ke[to.have.as.one's.N(s)][N→V]-~:(u)te[to.V.for.or.with][to.cause.to.V.as.one.is.V-ing][to.V.toward.each.other][V→V]-te[to.act.on.so.as.to.cause.to.V][V→V]-te[to.act.on.so.as.to.cause.to.V][V→V]-@₁–lghii[the.one.that.V-ed][the.one.that.is.V][V→N][N][Abs][Unpd][Pl]
anglegutkullghiit	anglegute-~–ke[to.have.as.one's.N(s)][N→V]-~:(u)te[to.V.for.or.with][to.cause.to.V.as.one.is.V-ing][to.V.toward.each.other][V→V]-te[to.act.on.so.as.to.cause.to.V][V→V]-te[to.act.on.so.as.to.cause.to.V][V→V]-@₁–lghii[the.one.that.V-ed][the.one.that.is.V][V→N][N][Rel][Unpd][Pl]
anglegutkullghiit	anglegute-~–ke[to.have.as.one's.N(s)][N→V]-~:(u)te[to.V.for.or.with][to.cause.to.V.as.one.is.V-ing][to.V.toward.each.other][V→V]-te[to.act.on.so.as.to.cause.to.V][V→V]-te[to.act.on.so.as.to.cause.to.V][V→V][V][Intr][Ptcp][3Pl]
anglegutkullghiit	anglegute-~–ke[to.have.as.one's.N(s)][N→V]-~:(u)te[to.V.for.or.with][to.cause.to.V.as.one.is.V-ing][to.V.toward.each.other][V→V]-te[to.act.on.so.as.to.cause.to.V][V→V]-@₁–lghii[the.one.that.V-ed][the.one.that.is.V][V→N][N][Abs][Unpd][Pl]
anglegutkullghiit	anglegute-~–ke[to.have.as.one's.N(s)][N→V]-~:(u)te[to.V.for.or.with][to.cause.to.V.as.one.is.V-ing][to.V.toward.each.other][V→V]-te[to.act.on.so.as.to.cause.to.V][V→V]-@₁–lghii[the.one.that.V-ed][the.one.that.is.V][V→N][N][Rel][Unpd][Pl]
anglegutkullghiit	anglegute-~–ke[to.have.as.one's.N(s)][N→V]-~:(u)te[to.V.for.or.with][to.cause.to.V.as.one.is.V-ing][to.V.toward.each.other][V→V]-te[to.act.on.so.as.to.cause.to.V][V→V][V][Intr][Ptcp][3Pl]
anglegutkullghiit	anglegute-~–ke[to.have.as.one's.N(s)][N→V]-~:(u)te[to.V.for.or.with][to.cause.to.V.as.one.is.V-ing][to.V.toward.each.other][V→V]-@₁–lghii[the.one.that.V-ed][the.one.that.is.V][V→N][N][Abs][Unpd][Pl]
anglegutkullghiit	anglegute-~–ke[to.have.as.one's.N(s)][N→V]-~:(u)te[to.V.for.or.with][to.cause.to.V.as.one.is.V-ing][to.V.toward.each.other][V→V]-@₁–lghii[the.one.that.V-ed][the.one.that.is.V][V→N][N][Rel][Unpd][Pl]
anglegutkullghiit	anglegute-~–ke[to.have.as.one's.N(s)][N→V]-~:(u)te[to.V.for.or.with][to.cause.to.V.as.one.is.V-ing][to.V.toward.each.other][V→V][V][Intr][Ptcp][3Pl]
anglegutkullghiit	anglegute-~–ke[to.have.as.one's.N(s)][N→V]-~:(u)te[condition.with.respect.to.V-ing][V→N]-te[to.catch.N][to.go.to.N][N→V]-te[to.act.on.so.as.to.cause.to.V][V→V]-@₁–lghii[the.one.that.V-ed][the.one.that.is.V][V→N][N][Abs][Unpd][Pl]
anglegutkullghiit	anglegute-~–ke[to.have.as.one's.N(s)][N→V]-~:(u)te[condition.with.respect.to.V-ing][V→N]-te[to.catch.N][to.go.to.N][N→V]-te[to.act.on.so.as.to.cause.to.V][V→V]-@₁–lghii[the.one.that.V-ed][the.one.that.is.V][V→N][N][Rel][Unpd][Pl]
anglegutkullghiit	anglegute-~–ke[to.have.as.one's.N(s)][N→V]-~:(u)te[condition.with.respect.to.V-ing][V→N]-te[to.catch.N][to.go.to.N][N→V]-te[to.act.on.so.as.to.cause.to.V][V→V][V][Intr][Ptcp][3Pl]
anglegutkullghiit	anglegute-~–ke[to.have.as.one's.N(s)][N→V]-~:(u)te[condition.with.respect.to.V-ing][V→N]-te[to.catch.N][to.go.to.N][N→V]-@₁–lghii[the.one.that.V-ed][the.one.that.is.V][V→N][N][Abs][Unpd][Pl]
anglegutkullghiit	anglegute-~–ke[to.have.as.one's.N(s)][N→V]-~:(u)te[condition.with.respect.to.V-ing][V→N]-te[to.catch.N][to.go.to.N][N→V]-@₁–lghii[the.one.that.V-ed][the.one.that.is.V][V→N][N][Rel][Unpd][Pl]
anglegutkullghiit	anglegute-~–ke[to.have.as.one's.N(s)][N→V]-~:(u)te[condition.with.respect.to.V-ing][V→N]-te[to.catch.N][to.go.to.N][N→V][V][Intr][Ptcp][3Pl]
anglegutkullghiit	anglegute-~–ke[to.have.as.one's.N(s)][N→V]-~:(u)te[SBJ.V-ed.something][V→V]-te[to.act.on.so.as.to.cause.to.V][V→V]-te[to.act.on.so.as.to.cause.to.V][V→V]-@₁–lghii[the.one.that.V-ed][the.one.that.is.V][V→N][N][Abs][Unpd][Pl]
anglegutkullghiit	anglegute-~–ke[to.have.as.one's.N(s)][N→V]-~:(u)te[SBJ.V-ed.something][V→V]-te[to.act.on.so.as.to.cause.to.V][V→V]-te[to.act.on.so.as.to.cause.to.V][V→V]-@₁–lghii[the.one.that.V-ed][the.one.that.is.V][V→N][N][Rel][Unpd][Pl]
anglegutkullghiit	anglegute-~–ke[to.have.as.one's.N(s)][N→V]-~:(u)te[SBJ.V-ed.something][V→V]-te[to.act.on.so.as.to.cause.to.V][V→V]-te[to.act.on.so.as.to.cause.to.V][V→V][V][Intr][Ptcp][3Pl]
anglegutkullghiit	anglegute-~–ke[to.have.as.one's.N(s)][N→V]-~:(u)te[SBJ.V-ed.something][V→V]-te[to.act.on.so.as.to.cause.to.V][V→V]-@₁–lghii[the.one.that.V-ed][the.one.that.is.V][V→N][N][Abs][Unpd][Pl]
anglegutkullghiit	anglegute-~–ke[to.have.as.one's.N(s)][N→V]-~:(u)te[SBJ.V-ed.something][V→V]-te[to.act.on.so.as.to.cause.to.V][V→V]-@₁–lghii[the.one.that.V-ed][the.one.that.is.V][V→N][N][Rel][Unpd][Pl]
anglegutkullghiit	anglegute-~–ke[to.have.as.one's.N(s)][N→V]-~:(u)te[SBJ.V-ed.something][V→V]-te[to.act.on.so.as.to.cause.to.V][V→V][V][Intr][Ptcp][3Pl]
anglegutkullghiit	anglegute-~–ke[to.have.as.one's.N(s)][N→V]-~:(u)te[SBJ.V-ed.something][V→V]-@₁–lghii[the.one.that.V-ed][the.one.that.is.V][V→N][N][Abs][Unpd][Pl]
anglegutkullghiit	anglegute-~–ke[to.have.as.one's.N(s)][N→V]-~:(u)te[SBJ.V-ed.something][V→V]-@₁–lghii[the.one.that.V-ed][the.one.that.is.V][V→N][N][Rel][Unpd][Pl]
anglegutkullghiit	anglegute-~–ke[to.have.as.one's.N(s)][N→V]-~:(u)te[SBJ.V-ed.something][V→V][V][Intr][Ptcp][3Pl]

------------------------
Naqam kelulighneghhitni kiyaghlleghhiik meteghllugenkuk nengyuqutalghiik.

naqam	naqam
naqam	naqam[N][Abs][Unpd][Sg]

kelulighneghhitni	+?

kiyaghlleghhiik	kiyaghte-@₁–lghii[the.one.that.V-ed][the.one.that.is.V][V→N][N][Abs][Unpd][Du]
kiyaghlleghhiik	kiyaghte-@₁–lghii[the.one.that.V-ed][the.one.that.is.V][V→N][N][Rel][Unpd][Du]
kiyaghlleghhiik	kiyaghte[V][Intr][Ptcp][3Du]

meteghllugenkuk	meteghllug-~sf-w:(e)nkuk[N.and.partner.or.spouse][N→N][N][Abs][Unpd][Sg]

nengyuqutalghiik	+?

------------------------


	

------------------------
Ilangani nuyekliimpaniga meghtaamalghii.

ilangani	ila[N][Loc][3SgPoss][SgPosd]
ilangani	ila[N][Loc][3SgPoss][PlPosd]
ilangani	ilangani
ilangani	ilangani[N][Abs][Unpd][Sg]

nuyekliimpaniga	+?

meghtaamalghii	meghtagh-@₁~:(i/u)ma[to.have.V-ed][to.have.been.V-ed][V→V]-@₁–lghii[the.one.that.V-ed][the.one.that.is.V][V→N][N][Abs][Unpd][Sg]

------------------------
Imighimaluku meteghlluk kaasimalghii.

imighimaluku	+?

meteghlluk	meteghllug[N][Abs][Unpd][Sg]

kaasimalghii	kaate-@₁~:(i/u)ma[to.have.V-ed][to.have.been.V-ed][V→V]-@₁–lghii[the.one.that.V-ed][the.one.that.is.V][V→N][N][Abs][Unpd][Sg]

------------------------
Meteghllugempimakanga, "Meqpakpayay, meqpakpayay!"

meteghllugempimakanga	+?

meqpakpayay	+?

meqpakpayay	+?

------------------------
Llaaghanwha aghnaghaam meghsimakanga.

llaaghanwha	llaaghanwha

aghnaghaam	aghnaghagh*[N][Rel][Unpd][Sg]

meghsimakanga	meghsi-@₁~:(i/u)ma[to.have.V-ed][to.have.been.V-ed][V→V]-@*@₂~sf–(g₂)k(a)e[the.one.that.possessor.V-ed][V→N][N][Abs][3SgPoss][SgPosd]
meghsimakanga	meghsi-@₁~:(i/u)ma[to.have.V-ed][to.have.been.V-ed][V→V][V][Trns][Ptcp][3Sg][3Sg]
meghsimakanga	meghsi-@₁~:(i/u)ma[to.have.V-ed][to.have.been.V-ed][V→V][V][Trns][Cond][3Sg][1Sg]
meghsimakanga	megh-te[to.act.on.so.as.to.cause.to.V][V→V]-@₁~:(i/u)ma[to.have.V-ed][to.have.been.V-ed][V→V]-@*@₂~sf–(g₂)k(a)e[the.one.that.possessor.V-ed][V→N][N][Abs][3SgPoss][SgPosd]
meghsimakanga	megh-te[to.act.on.so.as.to.cause.to.V][V→V]-@₁~:(i/u)ma[to.have.V-ed][to.have.been.V-ed][V→V][V][Trns][Ptcp][3Sg][3Sg]
meghsimakanga	megh-te[to.act.on.so.as.to.cause.to.V][V→V]-@₁~:(i/u)ma[to.have.V-ed][to.have.been.V-ed][V→V][V][Trns][Cond][3Sg][1Sg]
meghsimakanga	megh-te[to.catch.N][to.go.to.N][N→V]-@₁~:(i/u)ma[to.have.V-ed][to.have.been.V-ed][V→V]-@*@₂~sf–(g₂)k(a)e[the.one.that.possessor.V-ed][V→N][N][Abs][3SgPoss][SgPosd]

------------------------
Meteghlluk meghnaqsalghiimi meq nunamun kuuvumakanga.

meteghlluk	meteghllug[N][Abs][Unpd][Sg]

meghnaqsalghiimi	megh-@₁~fnaqe[to.be.going.to.V][V→V]-te[to.act.on.so.as.to.cause.to.V][V→V]-te[to.act.on.so.as.to.cause.to.V][V→V]-@₁~fyagh[to.go.V-ing][to.V.in.vain][V→V]-@₁–lghii[the.one.that.V-ed][the.one.that.is.V][V→N][N][Loc][Unpd][Sg]
meghnaqsalghiimi	megh-@₁~fnaqe[to.be.going.to.V][V→V]-te[to.act.on.so.as.to.cause.to.V][V→V]-te[to.act.on.so.as.to.cause.to.V][V→V]-@₁~fyagh[to.go.V-ing][to.V.in.vain][V→V]-@₁–lghii[the.one.that.V-ed][the.one.that.is.V][V→N][N][Rel][4SgPoss][PlPosd]
meghnaqsalghiimi	megh-@₁~fnaqe[to.be.going.to.V][V→V]-te[to.act.on.so.as.to.cause.to.V][V→V]-te[to.act.on.so.as.to.cause.to.V][V→V]-@₁~fyagh[to.go.V-ing][to.V.in.vain][V→V]-@₁–lghii[the.one.that.V-ed][the.one.that.is.V][V→N][N][Rel][4SgPoss][SgPosd]
meghnaqsalghiimi	megh-@₁~fnaqe[to.be.going.to.V][V→V]-te[to.act.on.so.as.to.cause.to.V][V→V]-te[to.act.on.so.as.to.cause.to.V][V→V][V][Intr][Ptcp_Obl][4Sg]
meghnaqsalghiimi	megh-@₁~fnaqe[to.be.going.to.V][V→V]-te[to.act.on.so.as.to.cause.to.V][V→V]-@₁~fyagh[to.go.V-ing][to.V.in.vain][V→V]-@₁–lghii[the.one.that.V-ed][the.one.that.is.V][V→N][N][Loc][Unpd][Sg]
meghnaqsalghiimi	megh-@₁~fnaqe[to.be.going.to.V][V→V]-te[to.act.on.so.as.to.cause.to.V][V→V]-@₁~fyagh[to.go.V-ing][to.V.in.vain][V→V]-@₁–lghii[the.one.that.V-ed][the.one.that.is.V][V→N][N][Rel][4SgPoss][PlPosd]
meghnaqsalghiimi	megh-@₁~fnaqe[to.be.going.to.V][V→V]-te[to.act.on.so.as.to.cause.to.V][V→V]-@₁~fyagh[to.go.V-ing][to.V.in.vain][V→V]-@₁–lghii[the.one.that.V-ed][the.one.that.is.V][V→N][N][Rel][4SgPoss][SgPosd]
meghnaqsalghiimi	megh-@₁~fnaqe[to.be.going.to.V][V→V]-te[to.act.on.so.as.to.cause.to.V][V→V][V][Intr][Ptcp_Obl][4Sg]
meghnaqsalghiimi	megh-@₁~fnaqe[to.be.going.to.V][V→V]-@₁~fyagh[to.go.V-ing][to.V.in.vain][V→V]-@₁–lghii[the.one.that.V-ed][the.one.that.is.V][V→N][N][Loc][Unpd][Sg]
meghnaqsalghiimi	megh-@₁~fnaqe[to.be.going.to.V][V→V]-@₁~fyagh[to.go.V-ing][to.V.in.vain][V→V]-@₁–lghii[the.one.that.V-ed][the.one.that.is.V][V→N][N][Rel][4SgPoss][PlPosd]
meghnaqsalghiimi	megh-@₁~fnaqe[to.be.going.to.V][V→V]-@₁~fyagh[to.go.V-ing][to.V.in.vain][V→V]-@₁–lghii[the.one.that.V-ed][the.one.that.is.V][V→N][N][Rel][4SgPoss][SgPosd]
meghnaqsalghiimi	megh-@₁~fnaqe[to.be.going.to.V][V→V][V][Intr][Ptcp_Obl][4Sg]
meghnaqsalghiimi	meghe-@₁~fnaqe[to.be.going.to.V][V→V]-te[to.act.on.so.as.to.cause.to.V][V→V]-te[to.act.on.so.as.to.cause.to.V][V→V]-@₁~fyagh[to.go.V-ing][to.V.in.vain][V→V]-@₁–lghii[the.one.that.V-ed][the.one.that.is.V][V→N][N][Loc][Unpd][Sg]
meghnaqsalghiimi	meghe-@₁~fnaqe[to.be.going.to.V][V→V]-te[to.act.on.so.as.to.cause.to.V][V→V]-te[to.act.on.so.as.to.cause.to.V][V→V]-@₁~fyagh[to.go.V-ing][to.V.in.vain][V→V]-@₁–lghii[the.one.that.V-ed][the.one.that.is.V][V→N][N][Rel][4SgPoss][PlPosd]
meghnaqsalghiimi	meghe-@₁~fnaqe[to.be.going.to.V][V→V]-te[to.act.on.so.as.to.cause.to.V][V→V]-te[to.act.on.so.as.to.cause.to.V][V→V]-@₁~fyagh[to.go.V-ing][to.V.in.vain][V→V]-@₁–lghii[the.one.that.V-ed][the.one.that.is.V][V→N][N][Rel][4SgPoss][SgPosd]
meghnaqsalghiimi	meghe-@₁~fnaqe[to.be.going.to.V][V→V]-te[to.act.on.so.as.to.cause.to.V][V→V]-te[to.act.on.so.as.to.cause.to.V][V→V][V][Intr][Ptcp_Obl][4Sg]
meghnaqsalghiimi	meghe-@₁~fnaqe[to.be.going.to.V][V→V]-te[to.act.on.so.as.to.cause.to.V][V→V]-@₁~fyagh[to.go.V-ing][to.V.in.vain][V→V]-@₁–lghii[the.one.that.V-ed][the.one.that.is.V][V→N][N][Loc][Unpd][Sg]
meghnaqsalghiimi	meghe-@₁~fnaqe[to.be.going.to.V][V→V]-te[to.act.on.so.as.to.cause.to.V][V→V]-@₁~fyagh[to.go.V-ing][to.V.in.vain][V→V]-@₁–lghii[the.one.that.V-ed][the.one.that.is.V][V→N][N][Rel][4SgPoss][PlPosd]
meghnaqsalghiimi	meghe-@₁~fnaqe[to.be.going.to.V][V→V]-te[to.act.on.so.as.to.cause.to.V][V→V]-@₁~fyagh[to.go.V-ing][to.V.in.vain][V→V]-@₁–lghii[the.one.that.V-ed][the.one.that.is.V][V→N][N][Rel][4SgPoss][SgPosd]
meghnaqsalghiimi	meghe-@₁~fnaqe[to.be.going.to.V][V→V]-te[to.act.on.so.as.to.cause.to.V][V→V][V][Intr][Ptcp_Obl][4Sg]
meghnaqsalghiimi	meghe-@₁~fnaqe[to.be.going.to.V][V→V]-@₁~fyagh[to.go.V-ing][to.V.in.vain][V→V]-@₁–lghii[the.one.that.V-ed][the.one.that.is.V][V→N][N][Loc][Unpd][Sg]
meghnaqsalghiimi	meghe-@₁~fnaqe[to.be.going.to.V][V→V]-@₁~fyagh[to.go.V-ing][to.V.in.vain][V→V]-@₁–lghii[the.one.that.V-ed][the.one.that.is.V][V→N][N][Rel][4SgPoss][PlPosd]
meghnaqsalghiimi	meghe-@₁~fnaqe[to.be.going.to.V][V→V]-@₁~fyagh[to.go.V-ing][to.V.in.vain][V→V]-@₁–lghii[the.one.that.V-ed][the.one.that.is.V][V→N][N][Rel][4SgPoss][SgPosd]
meghnaqsalghiimi	meghe-@₁~fnaqe[to.be.going.to.V][V→V][V][Intr][Ptcp_Obl][4Sg]

meq	megh[N][Abs][Unpd][Sg]

nunamun	nuna[N][Ter][Unpd][Sg]

kuuvumakanga	kuuve-@₁~:(i/u)ma[to.have.V-ed][to.have.been.V-ed][V→V]-@*@₂~sf–(g₂)k(a)e[the.one.that.possessor.V-ed][V→N][N][Abs][3SgPoss][SgPosd]
kuuvumakanga	kuuve-@₁~:(i/u)ma[to.have.V-ed][to.have.been.V-ed][V→V][V][Trns][Ptcp][3Sg][3Sg]
kuuvumakanga	kuuve-@₁~:(i/u)ma[to.have.V-ed][to.have.been.V-ed][V→V][V][Trns][Cond][3Sg][1Sg]

------------------------
Aghnaghaampimakanga, paatgumaan, "Saa una meq imighutaa piqpigutaa."

aghnaghaampimakanga	+?

paatgumaan	pateg-@₁~:(i/u)ma[to.have.V-ed][to.have.been.V-ed][V→V][V][Trns][Ind][2Sg][3Sg]
paatgumaan	pateg-@₁~:(i/u)magh*[while.V-ing][V→V][Quant_Qual][3Sg]

saa	sa[V][Intr][Intrg][3Sg]
saa	sa[V][Trns][Ind][3Sg][3Sg]
saa	saa
saa	saa[N][Abs][Unpd][Sg]

una	una
una	una[N][Abs][Unpd][Sg]

meq	megh[N][Abs][Unpd][Sg]

imighutaa	+?

piqpigutaa	+?

------------------------
Meteghllugem akisimakanga, "Piyaqtaqpenguyoy, piyaqtelqen taana miqiitiguu!"

meteghllugem	meteghllug[N][Rel][Unpd][Sg]

akisimakanga	aki-~:(u)te[to.V.for.or.with][to.cause.to.V.as.one.is.V-ing][to.V.toward.each.other][V→V]-@₁~:(i/u)ma[to.have.V-ed][to.have.been.V-ed][V→V]-@*@₂~sf–(g₂)k(a)e[the.one.that.possessor.V-ed][V→N][N][Abs][3SgPoss][SgPosd]
akisimakanga	aki-~:(u)te[to.V.for.or.with][to.cause.to.V.as.one.is.V-ing][to.V.toward.each.other][V→V]-@₁~:(i/u)ma[to.have.V-ed][to.have.been.V-ed][V→V][V][Trns][Ptcp][3Sg][3Sg]
akisimakanga	aki-~:(u)te[to.V.for.or.with][to.cause.to.V.as.one.is.V-ing][to.V.toward.each.other][V→V]-@₁~:(i/u)ma[to.have.V-ed][to.have.been.V-ed][V→V][V][Trns][Cond][3Sg][1Sg]
akisimakanga	aki-~:(u)te[SBJ.V-ed.something][V→V]-@₁~:(i/u)ma[to.have.V-ed][to.have.been.V-ed][V→V]-@*@₂~sf–(g₂)k(a)e[the.one.that.possessor.V-ed][V→N][N][Abs][3SgPoss][SgPosd]
akisimakanga	aki-te[to.act.on.so.as.to.cause.to.V][V→V]-@₁~:(i/u)ma[to.have.V-ed][to.have.been.V-ed][V→V]-@*@₂~sf–(g₂)k(a)e[the.one.that.possessor.V-ed][V→N][N][Abs][3SgPoss][SgPosd]
akisimakanga	aki-te[to.act.on.so.as.to.cause.to.V][V→V]-@₁~:(i/u)ma[to.have.V-ed][to.have.been.V-ed][V→V][V][Trns][Ptcp][3Sg][3Sg]
akisimakanga	aki-te[to.act.on.so.as.to.cause.to.V][V→V]-@₁~:(i/u)ma[to.have.V-ed][to.have.been.V-ed][V→V][V][Trns][Cond][3Sg][1Sg]
akisimakanga	aki-te[to.catch.N][to.go.to.N][N→V]-@₁~:(i/u)ma[to.have.V-ed][to.have.been.V-ed][V→V]-@*@₂~sf–(g₂)k(a)e[the.one.that.possessor.V-ed][V→N][N][Abs][3SgPoss][SgPosd]
akisimakanga	akite-@₁~:(i/u)ma[to.have.V-ed][to.have.been.V-ed][V→V]-@*@₂~sf–(g₂)k(a)e[the.one.that.possessor.V-ed][V→N][N][Abs][3SgPoss][SgPosd]
akisimakanga	akite-@₁~:(i/u)ma[to.have.V-ed][to.have.been.V-ed][V→V][V][Trns][Ptcp][3Sg][3Sg]
akisimakanga	akite-@₁~:(i/u)ma[to.have.V-ed][to.have.been.V-ed][V→V][V][Trns][Cond][3Sg][1Sg]

piyaqtaqpenguyoy	+?

piyaqtelqen	+?

taana	taane[V][Intr][Intrg][3Sg]
taana	taana

miqiitiguu	+?

------------------------
Aghnaghaam akisimakanga, "Miqiningilak, taskwigu."

aghnaghaam	aghnaghagh*[N][Rel][Unpd][Sg]

akisimakanga	aki-~:(u)te[to.V.for.or.with][to.cause.to.V.as.one.is.V-ing][to.V.toward.each.other][V→V]-@₁~:(i/u)ma[to.have.V-ed][to.have.been.V-ed][V→V]-@*@₂~sf–(g₂)k(a)e[the.one.that.possessor.V-ed][V→N][N][Abs][3SgPoss][SgPosd]
akisimakanga	aki-~:(u)te[to.V.for.or.with][to.cause.to.V.as.one.is.V-ing][to.V.toward.each.other][V→V]-@₁~:(i/u)ma[to.have.V-ed][to.have.been.V-ed][V→V][V][Trns][Ptcp][3Sg][3Sg]
akisimakanga	aki-~:(u)te[to.V.for.or.with][to.cause.to.V.as.one.is.V-ing][to.V.toward.each.other][V→V]-@₁~:(i/u)ma[to.have.V-ed][to.have.been.V-ed][V→V][V][Trns][Cond][3Sg][1Sg]
akisimakanga	aki-~:(u)te[SBJ.V-ed.something][V→V]-@₁~:(i/u)ma[to.have.V-ed][to.have.been.V-ed][V→V]-@*@₂~sf–(g₂)k(a)e[the.one.that.possessor.V-ed][V→N][N][Abs][3SgPoss][SgPosd]
akisimakanga	aki-te[to.act.on.so.as.to.cause.to.V][V→V]-@₁~:(i/u)ma[to.have.V-ed][to.have.been.V-ed][V→V]-@*@₂~sf–(g₂)k(a)e[the.one.that.possessor.V-ed][V→N][N][Abs][3SgPoss][SgPosd]
akisimakanga	aki-te[to.act.on.so.as.to.cause.to.V][V→V]-@₁~:(i/u)ma[to.have.V-ed][to.have.been.V-ed][V→V][V][Trns][Ptcp][3Sg][3Sg]
akisimakanga	aki-te[to.act.on.so.as.to.cause.to.V][V→V]-@₁~:(i/u)ma[to.have.V-ed][to.have.been.V-ed][V→V][V][Trns][Cond][3Sg][1Sg]
akisimakanga	aki-te[to.catch.N][to.go.to.N][N→V]-@₁~:(i/u)ma[to.have.V-ed][to.have.been.V-ed][V→V]-@*@₂~sf–(g₂)k(a)e[the.one.that.possessor.V-ed][V→N][N][Abs][3SgPoss][SgPosd]
akisimakanga	akite-@₁~:(i/u)ma[to.have.V-ed][to.have.been.V-ed][V→V]-@*@₂~sf–(g₂)k(a)e[the.one.that.possessor.V-ed][V→N][N][Abs][3SgPoss][SgPosd]
akisimakanga	akite-@₁~:(i/u)ma[to.have.V-ed][to.have.been.V-ed][V→V][V][Trns][Ptcp][3Sg][3Sg]
akisimakanga	akite-@₁~:(i/u)ma[to.have.V-ed][to.have.been.V-ed][V→V][V][Trns][Cond][3Sg][1Sg]

miqiningilak	+?

taskwigu	+?

------------------------
Aghnaghaq atghaamalghii ama meteghlluk ellmeggnun taglaamalghii.

aghnaghaq	aghnagh[V][Trns][Ind][3Sg][3Du]
aghnaghaq	aghnaghagh*[N][Abs][Unpd][Sg]

atghaamalghii	atghagh-@₁~:(i/u)ma[to.have.V-ed][to.have.been.V-ed][V→V]-@₁–lghii[the.one.that.V-ed][the.one.that.is.V][V→N][N][Abs][Unpd][Sg]

ama	ama

meteghlluk	meteghllug[N][Abs][Unpd][Sg]

ellmeggnun	ellmeggnun

taglaamalghii	taglagh-@₁~:(i/u)ma[to.have.V-ed][to.have.been.V-ed][V→V]-@₁–lghii[the.one.that.V-ed][the.one.that.is.V][V→N][N][Abs][Unpd][Sg]

------------------------


	

------------------------
Meteghlluk kaalluni nengyuni pimakanga, "Ukaanguten ukaaghen aqfaqughhu."

meteghlluk	meteghllug[N][Abs][Unpd][Sg]

kaalluni	kaate[V][Intr][Sbrd][3Sg]

nengyuni	nengyugh[N][Abs][4SgPoss][SgPosd]
nengyuni	nengyugh[N][Abs][4SgPoss][PlPosd]
nengyuni	nengyugh[N][Loc][Unpd][Pl]

pimakanga	pi-@₁~:(i/u)ma[to.have.V-ed][to.have.been.V-ed][V→V]-@*@₂~sf–(g₂)k(a)e[the.one.that.possessor.V-ed][V→N][N][Abs][3SgPoss][SgPosd]
pimakanga	pi-@₁~:(i/u)ma[to.have.V-ed][to.have.been.V-ed][V→V][V][Trns][Ptcp][3Sg][3Sg]
pimakanga	pi-@₁~:(i/u)ma[to.have.V-ed][to.have.been.V-ed][V→V][V][Trns][Cond][3Sg][1Sg]

ukaanguten	+?

ukaaghen	ukaagh[N][Abs][2SgPoss][SgPosd]

aqfaqughhu	aqfa-te[to.act.on.so.as.to.cause.to.V][V→V]-@₁qugh[to.V.completely][V][Trns][Opt][PRS][2Sg][3Sg]
aqfaqughhu	aqfa-~:(u)te[to.V.for.or.with][to.cause.to.V.as.one.is.V-ing][to.V.toward.each.other][V→V]-te[to.act.on.so.as.to.cause.to.V][V→V]-@₁qugh[to.V.completely][V][Trns][Opt][PRS][2Sg][3Sg]
aqfaqughhu	aqfa-~:(u)te[to.V.for.or.with][to.cause.to.V.as.one.is.V-ing][to.V.toward.each.other][V→V]-@₁qugh[to.V.completely][V][Trns][Opt][PRS][2Sg][3Sg]
aqfaqughhu	aqfa-@₁qugh[to.V.completely][V][Trns][Opt][PRS][2Sg][3Sg]
aqfaqughhu	aqfate-@₁qugh[to.V.completely][V][Trns][Opt][PRS][2Sg][3Sg]
aqfaqughhu	aqfaqugh[V][Trns][Opt][PRS][2Sg][3Sg]

------------------------
Aghnalqwaaghhaq aanluni mengteghanun sivulighpigaghnun kaalluni iitghumalghii.

aghnalqwaaghhaq	aghnalqwaagh-–ghhagh*[dear.N][N→N][N][Abs][Unpd][Sg]

aanluni	aane[V][Intr][Sbrd][3Sg]
aanluni	aante[V][Intr][Sbrd][3Sg]

mengteghanun	mengteghagh[N][Ter][Unpd][Pl]

sivulighpigaghnun	+?

kaalluni	kaate[V][Intr][Sbrd][3Sg]

iitghumalghii	itegh-@₁~:(i/u)ma[to.have.V-ed][to.have.been.V-ed][V→V]-@₁–lghii[the.one.that.V-ed][the.one.that.is.V][V→N][N][Abs][Unpd][Sg]

------------------------
Iteghyan aapsimakangat, "Saaqsin?"

iteghyan	itegh[V][Intr][CnsqI][3Sg]

aapsimakangat	aapte-@₁~:(i/u)ma[to.have.V-ed][to.have.been.V-ed][V→V]-@*@₂~sf–(g₂)k(a)e[the.one.that.possessor.V-ed][V→N][N][Abs][3PlPoss][SgPosd]
aapsimakangat	aapte-@₁~:(i/u)ma[to.have.V-ed][to.have.been.V-ed][V→V][V][Trns][Ptcp][3Pl][3Sg]

saaqsin	sa-~(g₁)aqe[to.be.V.ing][to.regularly.or.repeatedly.V][V→V][V][Intr][Intrg][2Sg]

------------------------
Aghnalqwaaghem akisimakanga, "Eltughaghma ukaangnilunga piyaghaanga."

aghnalqwaaghem	aghnalqwaagh[N][Rel][Unpd][Sg]

akisimakanga	aki-~:(u)te[to.V.for.or.with][to.cause.to.V.as.one.is.V-ing][to.V.toward.each.other][V→V]-@₁~:(i/u)ma[to.have.V-ed][to.have.been.V-ed][V→V]-@*@₂~sf–(g₂)k(a)e[the.one.that.possessor.V-ed][V→N][N][Abs][3SgPoss][SgPosd]
akisimakanga	aki-~:(u)te[to.V.for.or.with][to.cause.to.V.as.one.is.V-ing][to.V.toward.each.other][V→V]-@₁~:(i/u)ma[to.have.V-ed][to.have.been.V-ed][V→V][V][Trns][Ptcp][3Sg][3Sg]
akisimakanga	aki-~:(u)te[to.V.for.or.with][to.cause.to.V.as.one.is.V-ing][to.V.toward.each.other][V→V]-@₁~:(i/u)ma[to.have.V-ed][to.have.been.V-ed][V→V][V][Trns][Cond][3Sg][1Sg]
akisimakanga	aki-~:(u)te[SBJ.V-ed.something][V→V]-@₁~:(i/u)ma[to.have.V-ed][to.have.been.V-ed][V→V]-@*@₂~sf–(g₂)k(a)e[the.one.that.possessor.V-ed][V→N][N][Abs][3SgPoss][SgPosd]
akisimakanga	aki-te[to.act.on.so.as.to.cause.to.V][V→V]-@₁~:(i/u)ma[to.have.V-ed][to.have.been.V-ed][V→V]-@*@₂~sf–(g₂)k(a)e[the.one.that.possessor.V-ed][V→N][N][Abs][3SgPoss][SgPosd]
akisimakanga	aki-te[to.act.on.so.as.to.cause.to.V][V→V]-@₁~:(i/u)ma[to.have.V-ed][to.have.been.V-ed][V→V][V][Trns][Ptcp][3Sg][3Sg]
akisimakanga	aki-te[to.act.on.so.as.to.cause.to.V][V→V]-@₁~:(i/u)ma[to.have.V-ed][to.have.been.V-ed][V→V][V][Trns][Cond][3Sg][1Sg]
akisimakanga	aki-te[to.catch.N][to.go.to.N][N→V]-@₁~:(i/u)ma[to.have.V-ed][to.have.been.V-ed][V→V]-@*@₂~sf–(g₂)k(a)e[the.one.that.possessor.V-ed][V→N][N][Abs][3SgPoss][SgPosd]
akisimakanga	akite-@₁~:(i/u)ma[to.have.V-ed][to.have.been.V-ed][V→V]-@*@₂~sf–(g₂)k(a)e[the.one.that.possessor.V-ed][V→N][N][Abs][3SgPoss][SgPosd]
akisimakanga	akite-@₁~:(i/u)ma[to.have.V-ed][to.have.been.V-ed][V→V][V][Trns][Ptcp][3Sg][3Sg]
akisimakanga	akite-@₁~:(i/u)ma[to.have.V-ed][to.have.been.V-ed][V→V][V][Trns][Cond][3Sg][1Sg]

eltughaghma	eltughagh*[N][Rel][1SgPoss][SgPosd]
eltughaghma	eltughagh*[N][Rel][1SgPoss][PlPosd]

ukaangnilunga	+?

piyaghaanga	pi-@₁~fyagh[to.go.V-ing][to.V.in.vain][V→V][V][Trns][Ind][3Sg][1Sg]
piyaghaanga	pi-~:(u)te[to.V.for.or.with][to.cause.to.V.as.one.is.V-ing][to.V.toward.each.other][V→V]-@₁~fyagh[to.go.V-ing][to.V.in.vain][V→V][V][Trns][Ind][3Sg][1Sg]

------------------------
Yugem llilasimakanga ngepeghakun savigmeng pilagesqelluku.

yugem	yu(u)g[N][Rel][Unpd][Sg]
yugem	yug[N][Rel][Unpd][Sg]

llilasimakanga	+?

ngepeghakun	+?

savigmeng	Savig[N][Abl_Mod][Unpd][Sg]
savigmeng	Savig[N][Rel][4DuPoss][PlPosd]
savigmeng	Savig[N][Rel][4DuPoss][SgPosd]
savigmeng	Savig[N][Rel][4PlPoss][PlPosd]
savigmeng	Savig[N][Rel][4PlPoss][SgPosd]
savigmeng	savigh[N][Rel][4DuPoss][DuPosd]
savigmeng	savigh[N][Rel][4PlPoss][DuPosd]
savigmeng	savig[N][Abl_Mod][Unpd][Sg]
savigmeng	savig[N][Rel][4DuPoss][PlPosd]
savigmeng	savig[N][Rel][4DuPoss][SgPosd]
savigmeng	savig[N][Rel][4PlPoss][PlPosd]
savigmeng	savig[N][Rel][4PlPoss][SgPosd]

pilagesqelluku	+?

------------------------
Pilagumakangat.

pilagumakangat	pilag-@₁~:(i/u)ma[to.have.V-ed][to.have.been.V-ed][V→V]-@*@₂~sf–(g₂)k(a)e[the.one.that.possessor.V-ed][V→N][N][Abs][3PlPoss][SgPosd]
pilagumakangat	pilag-@₁~:(i/u)ma[to.have.V-ed][to.have.been.V-ed][V→V][V][Trns][Ptcp][3Pl][3Sg]

------------------------
Aglaamalghii.

aglaamalghii	aglagh-@₁~:(i/u)ma[to.have.V-ed][to.have.been.V-ed][V→V]-@₁–lghii[the.one.that.V-ed][the.one.that.is.V][V→N][N][Abs][Unpd][Sg]

------------------------
Kaalluni iitghumalghii.

kaalluni	kaate[V][Intr][Sbrd][3Sg]

iitghumalghii	itegh-@₁~:(i/u)ma[to.have.V-ed][to.have.been.V-ed][V→V]-@₁–lghii[the.one.that.V-ed][the.one.that.is.V][V→N][N][Abs][Unpd][Sg]

------------------------


	

------------------------
Unaami uyuqliim yugem paniga meghtaamalghii.

unaami	unaami
unaami	unaami[N][Abs][Unpd][Sg]
unaami	unaami[V][Intr][Opt][PRS][2Sg]

uyuqliim	uyuqligh*[N][Rel][Unpd][Sg]

yugem	yu(u)g[N][Rel][Unpd][Sg]
yugem	yug[N][Rel][Unpd][Sg]

paniga	panig[N][Abs][3SgPoss][SgPosd]

meghtaamalghii	meghtagh-@₁~:(i/u)ma[to.have.V-ed][to.have.been.V-ed][V→V]-@₁–lghii[the.one.that.V-ed][the.one.that.is.V][V→N][N][Abs][Unpd][Sg]

------------------------
Imighimaluku kaasimalghii megheghlluk ighivgaghtaq.

imighimaluku	+?

kaasimalghii	kaate-@₁~:(i/u)ma[to.have.V-ed][to.have.been.V-ed][V→V]-@₁–lghii[the.one.that.V-ed][the.one.that.is.V][V→N][N][Abs][Unpd][Sg]

megheghlluk	+?

ighivgaghtaq	+?

------------------------
Meteghllugem pimakanga, "Meqpakpayay, meqpakpayay!"

meteghllugem	meteghllug[N][Rel][Unpd][Sg]

pimakanga	pi-@₁~:(i/u)ma[to.have.V-ed][to.have.been.V-ed][V→V]-@*@₂~sf–(g₂)k(a)e[the.one.that.possessor.V-ed][V→N][N][Abs][3SgPoss][SgPosd]
pimakanga	pi-@₁~:(i/u)ma[to.have.V-ed][to.have.been.V-ed][V→V][V][Trns][Ptcp][3Sg][3Sg]
pimakanga	pi-@₁~:(i/u)ma[to.have.V-ed][to.have.been.V-ed][V→V][V][Trns][Cond][3Sg][1Sg]

meqpakpayay	+?

meqpakpayay	+?

------------------------
Llaaghanwha meghsimakanga.

llaaghanwha	llaaghanwha

meghsimakanga	meghsi-@₁~:(i/u)ma[to.have.V-ed][to.have.been.V-ed][V→V]-@*@₂~sf–(g₂)k(a)e[the.one.that.possessor.V-ed][V→N][N][Abs][3SgPoss][SgPosd]
meghsimakanga	meghsi-@₁~:(i/u)ma[to.have.V-ed][to.have.been.V-ed][V→V][V][Trns][Ptcp][3Sg][3Sg]
meghsimakanga	meghsi-@₁~:(i/u)ma[to.have.V-ed][to.have.been.V-ed][V→V][V][Trns][Cond][3Sg][1Sg]
meghsimakanga	megh-te[to.act.on.so.as.to.cause.to.V][V→V]-@₁~:(i/u)ma[to.have.V-ed][to.have.been.V-ed][V→V]-@*@₂~sf–(g₂)k(a)e[the.one.that.possessor.V-ed][V→N][N][Abs][3SgPoss][SgPosd]
meghsimakanga	megh-te[to.act.on.so.as.to.cause.to.V][V→V]-@₁~:(i/u)ma[to.have.V-ed][to.have.been.V-ed][V→V][V][Trns][Ptcp][3Sg][3Sg]
meghsimakanga	megh-te[to.act.on.so.as.to.cause.to.V][V→V]-@₁~:(i/u)ma[to.have.V-ed][to.have.been.V-ed][V→V][V][Trns][Cond][3Sg][1Sg]
meghsimakanga	megh-te[to.catch.N][to.go.to.N][N→V]-@₁~:(i/u)ma[to.have.V-ed][to.have.been.V-ed][V→V]-@*@₂~sf–(g₂)k(a)e[the.one.that.possessor.V-ed][V→N][N][Abs][3SgPoss][SgPosd]

------------------------
Taawanginaq kuuvumakanga.

taawanginaq	taawanginaq

kuuvumakanga	kuuve-@₁~:(i/u)ma[to.have.V-ed][to.have.been.V-ed][V→V]-@*@₂~sf–(g₂)k(a)e[the.one.that.possessor.V-ed][V→N][N][Abs][3SgPoss][SgPosd]
kuuvumakanga	kuuve-@₁~:(i/u)ma[to.have.V-ed][to.have.been.V-ed][V→V][V][Trns][Ptcp][3Sg][3Sg]
kuuvumakanga	kuuve-@₁~:(i/u)ma[to.have.V-ed][to.have.been.V-ed][V→V][V][Trns][Cond][3Sg][1Sg]

------------------------
Aghnaghaam pimakanga, paatgumaan, "Saa una meq imnghuta piqpigutaa."

aghnaghaam	aghnaghagh*[N][Rel][Unpd][Sg]

pimakanga	pi-@₁~:(i/u)ma[to.have.V-ed][to.have.been.V-ed][V→V]-@*@₂~sf–(g₂)k(a)e[the.one.that.possessor.V-ed][V→N][N][Abs][3SgPoss][SgPosd]
pimakanga	pi-@₁~:(i/u)ma[to.have.V-ed][to.have.been.V-ed][V→V][V][Trns][Ptcp][3Sg][3Sg]
pimakanga	pi-@₁~:(i/u)ma[to.have.V-ed][to.have.been.V-ed][V→V][V][Trns][Cond][3Sg][1Sg]

paatgumaan	pateg-@₁~:(i/u)ma[to.have.V-ed][to.have.been.V-ed][V→V][V][Trns][Ind][2Sg][3Sg]
paatgumaan	pateg-@₁~:(i/u)magh*[while.V-ing][V→V][Quant_Qual][3Sg]

saa	sa[V][Intr][Intrg][3Sg]
saa	sa[V][Trns][Ind][3Sg][3Sg]
saa	saa
saa	saa[N][Abs][Unpd][Sg]

una	una
una	una[N][Abs][Unpd][Sg]

meq	megh[N][Abs][Unpd][Sg]

imnghuta	+?

piqpigutaa	+?

------------------------
"Piyaqtaqpenguyoy, piyaqtelqen taana miqiitiguu!"

piyaqtaqpenguyoy	+?

piyaqtelqen	+?

taana	taane[V][Intr][Intrg][3Sg]
taana	taana

miqiitiguu	+?

------------------------
"Miqinningilaqa taskwigu!"

miqinningilaqa	+?

taskwigu	+?

------------------------
Aghnaghaq atghaamalghii.

aghnaghaq	aghnagh[V][Trns][Ind][3Sg][3Du]
aghnaghaq	aghnaghagh*[N][Abs][Unpd][Sg]

atghaamalghii	atghagh-@₁~:(i/u)ma[to.have.V-ed][to.have.been.V-ed][V→V]-@₁–lghii[the.one.that.V-ed][the.one.that.is.V][V→N][N][Abs][Unpd][Sg]

------------------------
Metelghlluk taglaamalghii ellmeggnun.

metelghlluk	+?

taglaamalghii	taglagh-@₁~:(i/u)ma[to.have.V-ed][to.have.been.V-ed][V→V]-@₁–lghii[the.one.that.V-ed][the.one.that.is.V][V→N][N][Abs][Unpd][Sg]

ellmeggnun	ellmeggnun

------------------------


	

------------------------
Kaalluni iitghumalghii.

kaalluni	kaate[V][Intr][Sbrd][3Sg]

iitghumalghii	itegh-@₁~:(i/u)ma[to.have.V-ed][to.have.been.V-ed][V→V]-@₁–lghii[the.one.that.V-ed][the.one.that.is.V][V→N][N][Abs][Unpd][Sg]

------------------------
Iteghluni nengyuni pimakanga, "Ukaanguten ukaaghen aqfaqugu."

iteghluni	itegh[V][Intr][Sbrd][3Sg]

nengyuni	nengyugh[N][Abs][4SgPoss][SgPosd]
nengyuni	nengyugh[N][Abs][4SgPoss][PlPosd]
nengyuni	nengyugh[N][Loc][Unpd][Pl]

pimakanga	pi-@₁~:(i/u)ma[to.have.V-ed][to.have.been.V-ed][V→V]-@*@₂~sf–(g₂)k(a)e[the.one.that.possessor.V-ed][V→N][N][Abs][3SgPoss][SgPosd]
pimakanga	pi-@₁~:(i/u)ma[to.have.V-ed][to.have.been.V-ed][V→V][V][Trns][Ptcp][3Sg][3Sg]
pimakanga	pi-@₁~:(i/u)ma[to.have.V-ed][to.have.been.V-ed][V→V][V][Trns][Cond][3Sg][1Sg]

ukaanguten	+?

ukaaghen	ukaagh[N][Abs][2SgPoss][SgPosd]

aqfaqugu	+?

------------------------
Aghnalqwaaghhaq atghaamalghii.

aghnalqwaaghhaq	aghnalqwaagh-–ghhagh*[dear.N][N→N][N][Abs][Unpd][Sg]

atghaamalghii	atghagh-@₁~:(i/u)ma[to.have.V-ed][to.have.been.V-ed][V→V]-@₁–lghii[the.one.that.V-ed][the.one.that.is.V][V→N][N][Abs][Unpd][Sg]

------------------------
Tunglighhiitgun manteghanun kaalluni iitghumalghii.

tunglighhiitgun	+?

manteghanun	+?

kaalluni	kaate[V][Intr][Sbrd][3Sg]

iitghumalghii	itegh-@₁~:(i/u)ma[to.have.V-ed][to.have.been.V-ed][V→V]-@₁–lghii[the.one.that.V-ed][the.one.that.is.V][V→N][N][Abs][Unpd][Sg]

------------------------
Iteghyan aapsimakangat, "Saaqsin sangavek tagizin?"

iteghyan	itegh[V][Intr][CnsqI][3Sg]

aapsimakangat	aapte-@₁~:(i/u)ma[to.have.V-ed][to.have.been.V-ed][V→V]-@*@₂~sf–(g₂)k(a)e[the.one.that.possessor.V-ed][V→N][N][Abs][3PlPoss][SgPosd]
aapsimakangat	aapte-@₁~:(i/u)ma[to.have.V-ed][to.have.been.V-ed][V→V][V][Trns][Ptcp][3Pl][3Sg]

saaqsin	sa-~(g₁)aqe[to.be.V.ing][to.regularly.or.repeatedly.V][V→V][V][Intr][Intrg][2Sg]

sangavek	sa[V][Intr][CnsqI][2Sg]

tagizin	tagi[V][Intr][Intrg][2Sg]

------------------------
Aghnalqwaaghhaam akisimakangi, "Eltughaghma ukaangnilunga piyaghaanga."

aghnalqwaaghhaam	aghnalqwaagh-–ghhagh*[dear.N][N→N][N][Rel][Unpd][Sg]

akisimakangi	aki-~:(u)te[to.V.for.or.with][to.cause.to.V.as.one.is.V-ing][to.V.toward.each.other][V→V]-@₁~:(i/u)ma[to.have.V-ed][to.have.been.V-ed][V→V]-@*@₂~sf–(g₂)k(a)e[the.one.that.possessor.V-ed][V→N][N][Abs][3SgPoss][PlPosd]
akisimakangi	aki-~:(u)te[to.V.for.or.with][to.cause.to.V.as.one.is.V-ing][to.V.toward.each.other][V→V]-@₁~:(i/u)ma[to.have.V-ed][to.have.been.V-ed][V→V][V][Trns][Ptcp][3Sg][3Pl]
akisimakangi	aki-~:(u)te[SBJ.V-ed.something][V→V]-@₁~:(i/u)ma[to.have.V-ed][to.have.been.V-ed][V→V]-@*@₂~sf–(g₂)k(a)e[the.one.that.possessor.V-ed][V→N][N][Abs][3SgPoss][PlPosd]
akisimakangi	aki-te[to.act.on.so.as.to.cause.to.V][V→V]-@₁~:(i/u)ma[to.have.V-ed][to.have.been.V-ed][V→V]-@*@₂~sf–(g₂)k(a)e[the.one.that.possessor.V-ed][V→N][N][Abs][3SgPoss][PlPosd]
akisimakangi	aki-te[to.act.on.so.as.to.cause.to.V][V→V]-@₁~:(i/u)ma[to.have.V-ed][to.have.been.V-ed][V→V][V][Trns][Ptcp][3Sg][3Pl]
akisimakangi	aki-te[to.catch.N][to.go.to.N][N→V]-@₁~:(i/u)ma[to.have.V-ed][to.have.been.V-ed][V→V]-@*@₂~sf–(g₂)k(a)e[the.one.that.possessor.V-ed][V→N][N][Abs][3SgPoss][PlPosd]
akisimakangi	akite-@₁~:(i/u)ma[to.have.V-ed][to.have.been.V-ed][V→V]-@*@₂~sf–(g₂)k(a)e[the.one.that.possessor.V-ed][V→N][N][Abs][3SgPoss][PlPosd]
akisimakangi	akite-@₁~:(i/u)ma[to.have.V-ed][to.have.been.V-ed][V→V][V][Trns][Ptcp][3Sg][3Pl]

eltughaghma	eltughagh*[N][Rel][1SgPoss][SgPosd]
eltughaghma	eltughagh*[N][Rel][1SgPoss][PlPosd]

ukaangnilunga	+?

piyaghaanga	pi-@₁~fyagh[to.go.V-ing][to.V.in.vain][V→V][V][Trns][Ind][3Sg][1Sg]
piyaghaanga	pi-~:(u)te[to.V.for.or.with][to.cause.to.V.as.one.is.V-ing][to.V.toward.each.other][V→V]-@₁~fyagh[to.go.V-ing][to.V.in.vain][V→V][V][Trns][Ind][3Sg][1Sg]

------------------------
Akisimakangat, "Uquklukuughaquq, anaqlukaguq mekesitaghaguq."

akisimakangat	aki-~:(u)te[to.V.for.or.with][to.cause.to.V.as.one.is.V-ing][to.V.toward.each.other][V→V]-@₁~:(i/u)ma[to.have.V-ed][to.have.been.V-ed][V→V]-@*@₂~sf–(g₂)k(a)e[the.one.that.possessor.V-ed][V→N][N][Abs][3PlPoss][SgPosd]
akisimakangat	aki-~:(u)te[to.V.for.or.with][to.cause.to.V.as.one.is.V-ing][to.V.toward.each.other][V→V]-@₁~:(i/u)ma[to.have.V-ed][to.have.been.V-ed][V→V][V][Trns][Ptcp][3Pl][3Sg]
akisimakangat	aki-~:(u)te[SBJ.V-ed.something][V→V]-@₁~:(i/u)ma[to.have.V-ed][to.have.been.V-ed][V→V]-@*@₂~sf–(g₂)k(a)e[the.one.that.possessor.V-ed][V→N][N][Abs][3PlPoss][SgPosd]
akisimakangat	aki-te[to.act.on.so.as.to.cause.to.V][V→V]-@₁~:(i/u)ma[to.have.V-ed][to.have.been.V-ed][V→V]-@*@₂~sf–(g₂)k(a)e[the.one.that.possessor.V-ed][V→N][N][Abs][3PlPoss][SgPosd]
akisimakangat	aki-te[to.act.on.so.as.to.cause.to.V][V→V]-@₁~:(i/u)ma[to.have.V-ed][to.have.been.V-ed][V→V][V][Trns][Ptcp][3Pl][3Sg]
akisimakangat	aki-te[to.catch.N][to.go.to.N][N→V]-@₁~:(i/u)ma[to.have.V-ed][to.have.been.V-ed][V→V]-@*@₂~sf–(g₂)k(a)e[the.one.that.possessor.V-ed][V→N][N][Abs][3PlPoss][SgPosd]
akisimakangat	akite-@₁~:(i/u)ma[to.have.V-ed][to.have.been.V-ed][V→V]-@*@₂~sf–(g₂)k(a)e[the.one.that.possessor.V-ed][V→N][N][Abs][3PlPoss][SgPosd]
akisimakangat	akite-@₁~:(i/u)ma[to.have.V-ed][to.have.been.V-ed][V→V][V][Trns][Ptcp][3Pl][3Sg]

uquklukuughaquq	+?

anaqlukaguq	+?

mekesitaghaguq	+?

------------------------
Saama savigmeng nepeghhakek pilagumagkek, saama ketngikek pilagumakegket.

saama	saa[N][Rel][1SgPoss][SgPosd]
saama	saa[N][Rel][1SgPoss][PlPosd]
saama	saam[N][Abs][3SgPoss][SgPosd]
saama	saama
saama	saama[N][Abs][Unpd][Sg]

savigmeng	Savig[N][Abl_Mod][Unpd][Sg]
savigmeng	Savig[N][Rel][4DuPoss][PlPosd]
savigmeng	Savig[N][Rel][4DuPoss][SgPosd]
savigmeng	Savig[N][Rel][4PlPoss][PlPosd]
savigmeng	Savig[N][Rel][4PlPoss][SgPosd]
savigmeng	savigh[N][Rel][4DuPoss][DuPosd]
savigmeng	savigh[N][Rel][4PlPoss][DuPosd]
savigmeng	savig[N][Abl_Mod][Unpd][Sg]
savigmeng	savig[N][Rel][4DuPoss][PlPosd]
savigmeng	savig[N][Rel][4DuPoss][SgPosd]
savigmeng	savig[N][Rel][4PlPoss][PlPosd]
savigmeng	savig[N][Rel][4PlPoss][SgPosd]

nepeghhakek	+?

pilagumagkek	+?

saama	saa[N][Rel][1SgPoss][SgPosd]
saama	saa[N][Rel][1SgPoss][PlPosd]
saama	saam[N][Abs][3SgPoss][SgPosd]
saama	saama
saama	saama[N][Abs][Unpd][Sg]

ketngikek	ketngig-@*@₂~sf–(g₂)k(a)e[the.one.that.possessor.V-ed][V→N][N][Abs][Unpd][Du]
ketngikek	ketngig-@*@₂~sf–(g₂)k(a)e[the.one.that.possessor.V-ed][V→N][N][Rel][Unpd][Du]

pilagumakegket	pilag-@₁~:(i/u)ma[to.have.V-ed][to.have.been.V-ed][V→V]-@*@₂~sf–(g₂)k(a)e[the.one.that.possessor.V-ed][V→N][N][Abs][3PlPoss][DuPosd]

------------------------
Qiyamaghmi aghnalqwaaq taglaamalghii.

qiyamaghmi	qiya-@₁~:(i/u)magh*[while.V-ing][V→V][Quant_Qual][4Sg]

aghnalqwaaq	aghnalqwaagh[N][Abs][Unpd][Sg]

taglaamalghii	taglagh-@₁~:(i/u)ma[to.have.V-ed][to.have.been.V-ed][V→V]-@₁–lghii[the.one.that.V-ed][the.one.that.is.V][V→N][N][Abs][Unpd][Sg]

------------------------
Qenwat aghnalqwaaghhaam qengakekpuuvumakek.

qenwat	qenwat

aghnalqwaaghhaam	aghnalqwaagh-–ghhagh*[dear.N][N→N][N][Rel][Unpd][Sg]

qengakekpuuvumakek	+?

------------------------


	

------------------------
Unaami enraq pingayiita mengteghaat aghnaghaat meghtaghta.

unaami	unaami
unaami	unaami[N][Abs][Unpd][Sg]
unaami	unaami[V][Intr][Opt][PRS][2Sg]

enraq	enraq

pingayiita	+?

mengteghaat	mengteghagh[N][Abs][3PlPoss][SgPosd]

aghnaghaat	aghnagh[V][Trns][Ind][3Pl][3Sg]
aghnaghaat	aghnaghagh*[N][Abs][Unpd][Pl]
aghnaghaat	aghnaghagh*[N][Abs][3PlPoss][SgPosd]
aghnaghaat	aghnaghagh*[N][Rel][Unpd][Pl]

meghtaghta	meghtagh[V][Intr][Intrg][3Sg]
meghtaghta	meghtagh-te[to.act.on.so.as.to.cause.to.V][V→V][V][Intr][Intrg][3Sg]

------------------------
Imighimaluku meteghlluk kaasimalghii.

imighimaluku	+?

meteghlluk	meteghllug[N][Abs][Unpd][Sg]

kaasimalghii	kaate-@₁~:(i/u)ma[to.have.V-ed][to.have.been.V-ed][V→V]-@₁–lghii[the.one.that.V-ed][the.one.that.is.V][V→N][N][Abs][Unpd][Sg]

------------------------
Kaalluni meghsingllaamalghii, "Meqpakpayay, meqpakpayay!"

kaalluni	kaate[V][Intr][Sbrd][3Sg]

meghsingllaamalghii	+?

meqpakpayay	+?

meqpakpayay	+?

------------------------
Llaaghanwha meghsimakanga.

llaaghanwha	llaaghanwha

meghsimakanga	meghsi-@₁~:(i/u)ma[to.have.V-ed][to.have.been.V-ed][V→V]-@*@₂~sf–(g₂)k(a)e[the.one.that.possessor.V-ed][V→N][N][Abs][3SgPoss][SgPosd]
meghsimakanga	meghsi-@₁~:(i/u)ma[to.have.V-ed][to.have.been.V-ed][V→V][V][Trns][Ptcp][3Sg][3Sg]
meghsimakanga	meghsi-@₁~:(i/u)ma[to.have.V-ed][to.have.been.V-ed][V→V][V][Trns][Cond][3Sg][1Sg]
meghsimakanga	megh-te[to.act.on.so.as.to.cause.to.V][V→V]-@₁~:(i/u)ma[to.have.V-ed][to.have.been.V-ed][V→V]-@*@₂~sf–(g₂)k(a)e[the.one.that.possessor.V-ed][V→N][N][Abs][3SgPoss][SgPosd]
meghsimakanga	megh-te[to.act.on.so.as.to.cause.to.V][V→V]-@₁~:(i/u)ma[to.have.V-ed][to.have.been.V-ed][V→V][V][Trns][Ptcp][3Sg][3Sg]
meghsimakanga	megh-te[to.act.on.so.as.to.cause.to.V][V→V]-@₁~:(i/u)ma[to.have.V-ed][to.have.been.V-ed][V→V][V][Trns][Cond][3Sg][1Sg]
meghsimakanga	megh-te[to.catch.N][to.go.to.N][N→V]-@₁~:(i/u)ma[to.have.V-ed][to.have.been.V-ed][V→V]-@*@₂~sf–(g₂)k(a)e[the.one.that.possessor.V-ed][V→N][N][Abs][3SgPoss][SgPosd]

------------------------
Taawanginaq kuuvumakanga.

taawanginaq	taawanginaq

kuuvumakanga	kuuve-@₁~:(i/u)ma[to.have.V-ed][to.have.been.V-ed][V→V]-@*@₂~sf–(g₂)k(a)e[the.one.that.possessor.V-ed][V→N][N][Abs][3SgPoss][SgPosd]
kuuvumakanga	kuuve-@₁~:(i/u)ma[to.have.V-ed][to.have.been.V-ed][V→V][V][Trns][Ptcp][3Sg][3Sg]
kuuvumakanga	kuuve-@₁~:(i/u)ma[to.have.V-ed][to.have.been.V-ed][V→V][V][Trns][Cond][3Sg][1Sg]

------------------------
Aghnaghaam pimakanga, paatgumaan, "Saa una meq imighutaa piqpigutaa."

aghnaghaam	aghnaghagh*[N][Rel][Unpd][Sg]

pimakanga	pi-@₁~:(i/u)ma[to.have.V-ed][to.have.been.V-ed][V→V]-@*@₂~sf–(g₂)k(a)e[the.one.that.possessor.V-ed][V→N][N][Abs][3SgPoss][SgPosd]
pimakanga	pi-@₁~:(i/u)ma[to.have.V-ed][to.have.been.V-ed][V→V][V][Trns][Ptcp][3Sg][3Sg]
pimakanga	pi-@₁~:(i/u)ma[to.have.V-ed][to.have.been.V-ed][V→V][V][Trns][Cond][3Sg][1Sg]

paatgumaan	pateg-@₁~:(i/u)ma[to.have.V-ed][to.have.been.V-ed][V→V][V][Trns][Ind][2Sg][3Sg]
paatgumaan	pateg-@₁~:(i/u)magh*[while.V-ing][V→V][Quant_Qual][3Sg]

saa	sa[V][Intr][Intrg][3Sg]
saa	sa[V][Trns][Ind][3Sg][3Sg]
saa	saa
saa	saa[N][Abs][Unpd][Sg]

una	una
una	una[N][Abs][Unpd][Sg]

meq	megh[N][Abs][Unpd][Sg]

imighutaa	+?

piqpigutaa	+?

------------------------
"Piyaqtaqpenguyoy, piyaqtelqen taana miqiitiguu!"

piyaqtaqpenguyoy	+?

piyaqtelqen	+?

taana	taane[V][Intr][Intrg][3Sg]
taana	taana

miqiitiguu	+?

------------------------
"Miqinningilaqa taskwigu!"

miqinningilaqa	+?

taskwigu	+?

------------------------
Aghnaghaq atghaamalghii.

aghnaghaq	aghnagh[V][Trns][Ind][3Sg][3Du]
aghnaghaq	aghnaghagh*[N][Abs][Unpd][Sg]

atghaamalghii	atghagh-@₁~:(i/u)ma[to.have.V-ed][to.have.been.V-ed][V→V]-@₁–lghii[the.one.that.V-ed][the.one.that.is.V][V→N][N][Abs][Unpd][Sg]

------------------------
Meteghlluk taglaamalghii ellmeggnun.

meteghlluk	meteghllug[N][Abs][Unpd][Sg]

taglaamalghii	taglagh-@₁~:(i/u)ma[to.have.V-ed][to.have.been.V-ed][V→V]-@₁–lghii[the.one.that.V-ed][the.one.that.is.V][V→N][N][Abs][Unpd][Sg]

ellmeggnun	ellmeggnun

------------------------


	

------------------------
Iteghluni aghnalqwaaq pimakanga, "Ukaanguten ukaaghen aqfaqugu."

iteghluni	itegh[V][Intr][Sbrd][3Sg]

aghnalqwaaq	aghnalqwaagh[N][Abs][Unpd][Sg]

pimakanga	pi-@₁~:(i/u)ma[to.have.V-ed][to.have.been.V-ed][V→V]-@*@₂~sf–(g₂)k(a)e[the.one.that.possessor.V-ed][V→N][N][Abs][3SgPoss][SgPosd]
pimakanga	pi-@₁~:(i/u)ma[to.have.V-ed][to.have.been.V-ed][V→V][V][Trns][Ptcp][3Sg][3Sg]
pimakanga	pi-@₁~:(i/u)ma[to.have.V-ed][to.have.been.V-ed][V→V][V][Trns][Cond][3Sg][1Sg]

ukaanguten	+?

ukaaghen	ukaagh[N][Abs][2SgPoss][SgPosd]

aqfaqugu	+?

------------------------
Ighsamalghii.

ighsamalghii	ighsa-@₁~:(i/u)ma[to.have.V-ed][to.have.been.V-ed][V→V]-@₁–lghii[the.one.that.V-ed][the.one.that.is.V][V→N][N][Abs][Unpd][Sg]

------------------------
Meteghllugem sagiqusimakanga.

meteghllugem	meteghllug[N][Rel][Unpd][Sg]

sagiqusimakanga	sagiqe-~:(u)te[to.V.for.or.with][to.cause.to.V.as.one.is.V-ing][to.V.toward.each.other][V→V]-@₁~:(i/u)ma[to.have.V-ed][to.have.been.V-ed][V→V]-@*@₂~sf–(g₂)k(a)e[the.one.that.possessor.V-ed][V→N][N][Abs][3SgPoss][SgPosd]
sagiqusimakanga	sagiqe-~:(u)te[to.V.for.or.with][to.cause.to.V.as.one.is.V-ing][to.V.toward.each.other][V→V]-@₁~:(i/u)ma[to.have.V-ed][to.have.been.V-ed][V→V][V][Trns][Ptcp][3Sg][3Sg]
sagiqusimakanga	sagiqe-~:(u)te[to.V.for.or.with][to.cause.to.V.as.one.is.V-ing][to.V.toward.each.other][V→V]-@₁~:(i/u)ma[to.have.V-ed][to.have.been.V-ed][V→V][V][Trns][Cond][3Sg][1Sg]
sagiqusimakanga	sagiqe-~:(u)te[SBJ.V-ed.something][V→V]-@₁~:(i/u)ma[to.have.V-ed][to.have.been.V-ed][V→V]-@*@₂~sf–(g₂)k(a)e[the.one.that.possessor.V-ed][V→N][N][Abs][3SgPoss][SgPosd]

------------------------
Aghnalqwaaghhaq pingayiitnun mengteghanun aglaamalghii.

aghnalqwaaghhaq	aghnalqwaagh-–ghhagh*[dear.N][N→N][N][Abs][Unpd][Sg]

pingayiitnun	+?

mengteghanun	mengteghagh[N][Ter][Unpd][Pl]

aglaamalghii	aglagh-@₁~:(i/u)ma[to.have.V-ed][to.have.been.V-ed][V→V]-@₁–lghii[the.one.that.V-ed][the.one.that.is.V][V→N][N][Abs][Unpd][Sg]

------------------------
Kaalluni uyatuluni amigmeng pimakangi, "Eltughaghma ukaangnilunga piyaghaanga."

kaalluni	kaate[V][Intr][Sbrd][3Sg]

uyatuluni	uyatu-~:(u)te[to.V.for.or.with][to.cause.to.V.as.one.is.V-ing][to.V.toward.each.other][V→V][V][Intr][Sbrd][3Sg]
uyatuluni	uyatu-~:(u)te[SBJ.V-ed.something][V→V][V][Intr][Sbrd][3Sg]
uyatuluni	uyatu[V][Intr][Sbrd][3Sg]

amigmeng	amigh[N][Rel][4DuPoss][DuPosd]
amigmeng	amigh[N][Rel][4PlPoss][DuPosd]
amigmeng	amig[N][Abl_Mod][Unpd][Sg]
amigmeng	amig[N][Rel][4DuPoss][PlPosd]
amigmeng	amig[N][Rel][4DuPoss][SgPosd]
amigmeng	amig[N][Rel][4PlPoss][PlPosd]
amigmeng	amig[N][Rel][4PlPoss][SgPosd]

pimakangi	pi-@₁~:(i/u)ma[to.have.V-ed][to.have.been.V-ed][V→V]-@*@₂~sf–(g₂)k(a)e[the.one.that.possessor.V-ed][V→N][N][Abs][3SgPoss][PlPosd]
pimakangi	pi-@₁~:(i/u)ma[to.have.V-ed][to.have.been.V-ed][V→V][V][Trns][Ptcp][3Sg][3Pl]

eltughaghma	eltughagh*[N][Rel][1SgPoss][SgPosd]
eltughaghma	eltughagh*[N][Rel][1SgPoss][PlPosd]

ukaangnilunga	+?

piyaghaanga	pi-@₁~fyagh[to.go.V-ing][to.V.in.vain][V→V][V][Trns][Ind][3Sg][1Sg]
piyaghaanga	pi-~:(u)te[to.V.for.or.with][to.cause.to.V.as.one.is.V-ing][to.V.toward.each.other][V→V]-@₁~fyagh[to.go.V-ing][to.V.in.vain][V→V][V][Trns][Ind][3Sg][1Sg]

------------------------
Anqaghlluteng savigmeng qengakek pilagumakegket.

anqaghlluteng	+?

savigmeng	Savig[N][Abl_Mod][Unpd][Sg]
savigmeng	Savig[N][Rel][4DuPoss][PlPosd]
savigmeng	Savig[N][Rel][4DuPoss][SgPosd]
savigmeng	Savig[N][Rel][4PlPoss][PlPosd]
savigmeng	Savig[N][Rel][4PlPoss][SgPosd]
savigmeng	savigh[N][Rel][4DuPoss][DuPosd]
savigmeng	savigh[N][Rel][4PlPoss][DuPosd]
savigmeng	savig[N][Abl_Mod][Unpd][Sg]
savigmeng	savig[N][Rel][4DuPoss][PlPosd]
savigmeng	savig[N][Rel][4DuPoss][SgPosd]
savigmeng	savig[N][Rel][4PlPoss][PlPosd]
savigmeng	savig[N][Rel][4PlPoss][SgPosd]

qengakek	qengagh[N][Abs][3SgPoss][DuPosd]

pilagumakegket	pilag-@₁~:(i/u)ma[to.have.V-ed][to.have.been.V-ed][V→V]-@*@₂~sf–(g₂)k(a)e[the.one.that.possessor.V-ed][V→N][N][Abs][3PlPoss][DuPosd]

------------------------
Aghnalqwaaghhaq qiyamaghmi aglaamalghii.

aghnalqwaaghhaq	aghnalqwaagh-–ghhagh*[dear.N][N→N][N][Abs][Unpd][Sg]

qiyamaghmi	qiya-@₁~:(i/u)magh*[while.V-ing][V→V][Quant_Qual][4Sg]

aglaamalghii	aglagh-@₁~:(i/u)ma[to.have.V-ed][to.have.been.V-ed][V→V]-@₁–lghii[the.one.that.V-ed][the.one.that.is.V][V→N][N][Abs][Unpd][Sg]

------------------------
Taagken unugyagu qavaamalghiik.

taagken	taagken

unugyagu	unug[Imprs_Agnt][V][Trns][CnsqI][3Sg][3Sg]

qavaamalghiik	qavaa-@₁~:(i/u)ma[to.have.V-ed][to.have.been.V-ed][V→V]-@₁–lghii[the.one.that.V-ed][the.one.that.is.V][V→N][N][Abs][Unpd][Du]
qavaamalghiik	qavaa-@₁~:(i/u)ma[to.have.V-ed][to.have.been.V-ed][V→V]-@₁–lghii[the.one.that.V-ed][the.one.that.is.V][V→N][N][Rel][Unpd][Du]
qavaamalghiik	qavaa-@₁~:(i/u)ma[to.have.V-ed][to.have.been.V-ed][V→V][V][Intr][Ptcp][3Du]
qavaamalghiik	qavagh-@₁~:(i/u)ma[to.have.V-ed][to.have.been.V-ed][V→V]-@₁–lghii[the.one.that.V-ed][the.one.that.is.V][V→N][N][Abs][Unpd][Du]
qavaamalghiik	qavagh-@₁~:(i/u)ma[to.have.V-ed][to.have.been.V-ed][V→V]-@₁–lghii[the.one.that.V-ed][the.one.that.is.V][V→N][N][Rel][Unpd][Du]
qavaamalghiik	qavagh-@₁~:(i/u)ma[to.have.V-ed][to.have.been.V-ed][V→V][V][Intr][Ptcp][3Du]
qavaamalghiik	qavagh-~:(ng₁)u[to.be.N][N→V]-@₁~:(i/u)ma[to.have.V-ed][to.have.been.V-ed][V→V]-@₁–lghii[the.one.that.V-ed][the.one.that.is.V][V→N][N][Abs][Unpd][Du]
qavaamalghiik	qavagh-~:(ng₁)u[to.be.N][N→V]-@₁~:(i/u)ma[to.have.V-ed][to.have.been.V-ed][V→V]-@₁–lghii[the.one.that.V-ed][the.one.that.is.V][V→N][N][Rel][Unpd][Du]
qavaamalghiik	qavagh-~:(ng₁)u[to.be.N][N→V]-@₁~:(i/u)ma[to.have.V-ed][to.have.been.V-ed][V→V][V][Intr][Ptcp][3Du]

------------------------


	

------------------------
Unaami estamiita mengteghaat aghnaghaq meghtaamalghii.

unaami	unaami
unaami	unaami[N][Abs][Unpd][Sg]
unaami	unaami[V][Intr][Opt][PRS][2Sg]

estamiita	+?

mengteghaat	mengteghagh[N][Abs][3PlPoss][SgPosd]

aghnaghaq	aghnagh[V][Trns][Ind][3Sg][3Du]
aghnaghaq	aghnaghagh*[N][Abs][Unpd][Sg]

meghtaamalghii	meghtagh-@₁~:(i/u)ma[to.have.V-ed][to.have.been.V-ed][V→V]-@₁–lghii[the.one.that.V-ed][the.one.that.is.V][V→N][N][Abs][Unpd][Sg]

------------------------
Imighimaluku meteghlluk kaasimalghii.

imighimaluku	+?

meteghlluk	meteghllug[N][Abs][Unpd][Sg]

kaasimalghii	kaate-@₁~:(i/u)ma[to.have.V-ed][to.have.been.V-ed][V→V]-@₁–lghii[the.one.that.V-ed][the.one.that.is.V][V→N][N][Abs][Unpd][Sg]

------------------------
Kaalluni meghsingllaamalghii, "Meqpakpayay, meqpakpayay!"

kaalluni	kaate[V][Intr][Sbrd][3Sg]

meghsingllaamalghii	+?

meqpakpayay	+?

meqpakpayay	+?

------------------------
Llaaghanwha meghsimakanga.

llaaghanwha	llaaghanwha

meghsimakanga	meghsi-@₁~:(i/u)ma[to.have.V-ed][to.have.been.V-ed][V→V]-@*@₂~sf–(g₂)k(a)e[the.one.that.possessor.V-ed][V→N][N][Abs][3SgPoss][SgPosd]
meghsimakanga	meghsi-@₁~:(i/u)ma[to.have.V-ed][to.have.been.V-ed][V→V][V][Trns][Ptcp][3Sg][3Sg]
meghsimakanga	meghsi-@₁~:(i/u)ma[to.have.V-ed][to.have.been.V-ed][V→V][V][Trns][Cond][3Sg][1Sg]
meghsimakanga	megh-te[to.act.on.so.as.to.cause.to.V][V→V]-@₁~:(i/u)ma[to.have.V-ed][to.have.been.V-ed][V→V]-@*@₂~sf–(g₂)k(a)e[the.one.that.possessor.V-ed][V→N][N][Abs][3SgPoss][SgPosd]
meghsimakanga	megh-te[to.act.on.so.as.to.cause.to.V][V→V]-@₁~:(i/u)ma[to.have.V-ed][to.have.been.V-ed][V→V][V][Trns][Ptcp][3Sg][3Sg]
meghsimakanga	megh-te[to.act.on.so.as.to.cause.to.V][V→V]-@₁~:(i/u)ma[to.have.V-ed][to.have.been.V-ed][V→V][V][Trns][Cond][3Sg][1Sg]
meghsimakanga	megh-te[to.catch.N][to.go.to.N][N→V]-@₁~:(i/u)ma[to.have.V-ed][to.have.been.V-ed][V→V]-@*@₂~sf–(g₂)k(a)e[the.one.that.possessor.V-ed][V→N][N][Abs][3SgPoss][SgPosd]

------------------------
Taawanginaq kuuvumakanga.

taawanginaq	taawanginaq

kuuvumakanga	kuuve-@₁~:(i/u)ma[to.have.V-ed][to.have.been.V-ed][V→V]-@*@₂~sf–(g₂)k(a)e[the.one.that.possessor.V-ed][V→N][N][Abs][3SgPoss][SgPosd]
kuuvumakanga	kuuve-@₁~:(i/u)ma[to.have.V-ed][to.have.been.V-ed][V→V][V][Trns][Ptcp][3Sg][3Sg]
kuuvumakanga	kuuve-@₁~:(i/u)ma[to.have.V-ed][to.have.been.V-ed][V→V][V][Trns][Cond][3Sg][1Sg]

------------------------
Aghnaghaam pimakanga, paatgumaan, "Saa una meq imighutaa piqpigutaa."

aghnaghaam	aghnaghagh*[N][Rel][Unpd][Sg]

pimakanga	pi-@₁~:(i/u)ma[to.have.V-ed][to.have.been.V-ed][V→V]-@*@₂~sf–(g₂)k(a)e[the.one.that.possessor.V-ed][V→N][N][Abs][3SgPoss][SgPosd]
pimakanga	pi-@₁~:(i/u)ma[to.have.V-ed][to.have.been.V-ed][V→V][V][Trns][Ptcp][3Sg][3Sg]
pimakanga	pi-@₁~:(i/u)ma[to.have.V-ed][to.have.been.V-ed][V→V][V][Trns][Cond][3Sg][1Sg]

paatgumaan	pateg-@₁~:(i/u)ma[to.have.V-ed][to.have.been.V-ed][V→V][V][Trns][Ind][2Sg][3Sg]
paatgumaan	pateg-@₁~:(i/u)magh*[while.V-ing][V→V][Quant_Qual][3Sg]

saa	sa[V][Intr][Intrg][3Sg]
saa	sa[V][Trns][Ind][3Sg][3Sg]
saa	saa
saa	saa[N][Abs][Unpd][Sg]

una	una
una	una[N][Abs][Unpd][Sg]

meq	megh[N][Abs][Unpd][Sg]

imighutaa	+?

piqpigutaa	+?

------------------------
"Piyaqtaqpenguyoy, piyaqtelqen taana miqiitiguu!"

piyaqtaqpenguyoy	+?

piyaqtelqen	+?

taana	taane[V][Intr][Intrg][3Sg]
taana	taana

miqiitiguu	+?

------------------------
"Miqinningilaqa taskwigu!"

miqinningilaqa	+?

taskwigu	+?

------------------------
Aghnaghaq atghaamalghii.

aghnaghaq	aghnagh[V][Trns][Ind][3Sg][3Du]
aghnaghaq	aghnaghagh*[N][Abs][Unpd][Sg]

atghaamalghii	atghagh-@₁~:(i/u)ma[to.have.V-ed][to.have.been.V-ed][V→V]-@₁–lghii[the.one.that.V-ed][the.one.that.is.V][V→N][N][Abs][Unpd][Sg]

------------------------
Meteghlluk taglaamalghii ellmeggnun.

meteghlluk	meteghllug[N][Abs][Unpd][Sg]

taglaamalghii	taglagh-@₁~:(i/u)ma[to.have.V-ed][to.have.been.V-ed][V→V]-@₁–lghii[the.one.that.V-ed][the.one.that.is.V][V→N][N][Abs][Unpd][Sg]

ellmeggnun	ellmeggnun

------------------------


	

------------------------
Iteghluni aghnalqwaaq pimakanga, "Ukaanguten ukaaghen aqfaqugu."

iteghluni	itegh[V][Intr][Sbrd][3Sg]

aghnalqwaaq	aghnalqwaagh[N][Abs][Unpd][Sg]

pimakanga	pi-@₁~:(i/u)ma[to.have.V-ed][to.have.been.V-ed][V→V]-@*@₂~sf–(g₂)k(a)e[the.one.that.possessor.V-ed][V→N][N][Abs][3SgPoss][SgPosd]
pimakanga	pi-@₁~:(i/u)ma[to.have.V-ed][to.have.been.V-ed][V→V][V][Trns][Ptcp][3Sg][3Sg]
pimakanga	pi-@₁~:(i/u)ma[to.have.V-ed][to.have.been.V-ed][V→V][V][Trns][Cond][3Sg][1Sg]

ukaanguten	+?

ukaaghen	ukaagh[N][Abs][2SgPoss][SgPosd]

aqfaqugu	+?

------------------------
Ighsamalghii.

ighsamalghii	ighsa-@₁~:(i/u)ma[to.have.V-ed][to.have.been.V-ed][V→V]-@₁–lghii[the.one.that.V-ed][the.one.that.is.V][V→N][N][Abs][Unpd][Sg]

------------------------
Meteghllugem sagiqusimakanga.

meteghllugem	meteghllug[N][Rel][Unpd][Sg]

sagiqusimakanga	sagiqe-~:(u)te[to.V.for.or.with][to.cause.to.V.as.one.is.V-ing][to.V.toward.each.other][V→V]-@₁~:(i/u)ma[to.have.V-ed][to.have.been.V-ed][V→V]-@*@₂~sf–(g₂)k(a)e[the.one.that.possessor.V-ed][V→N][N][Abs][3SgPoss][SgPosd]
sagiqusimakanga	sagiqe-~:(u)te[to.V.for.or.with][to.cause.to.V.as.one.is.V-ing][to.V.toward.each.other][V→V]-@₁~:(i/u)ma[to.have.V-ed][to.have.been.V-ed][V→V][V][Trns][Ptcp][3Sg][3Sg]
sagiqusimakanga	sagiqe-~:(u)te[to.V.for.or.with][to.cause.to.V.as.one.is.V-ing][to.V.toward.each.other][V→V]-@₁~:(i/u)ma[to.have.V-ed][to.have.been.V-ed][V→V][V][Trns][Cond][3Sg][1Sg]
sagiqusimakanga	sagiqe-~:(u)te[SBJ.V-ed.something][V→V]-@₁~:(i/u)ma[to.have.V-ed][to.have.been.V-ed][V→V]-@*@₂~sf–(g₂)k(a)e[the.one.that.possessor.V-ed][V→N][N][Abs][3SgPoss][SgPosd]

------------------------
Llaaghanwha aghnalqwaaghhaq aglaamalghii estamiitnun mengteghanun.

llaaghanwha	llaaghanwha

aghnalqwaaghhaq	aghnalqwaagh-–ghhagh*[dear.N][N→N][N][Abs][Unpd][Sg]

aglaamalghii	aglagh-@₁~:(i/u)ma[to.have.V-ed][to.have.been.V-ed][V→V]-@₁–lghii[the.one.that.V-ed][the.one.that.is.V][V→N][N][Abs][Unpd][Sg]

estamiitnun	+?

mengteghanun	mengteghagh[N][Ter][Unpd][Pl]

------------------------
Kaalluni uyatuluni pimakangi, "Eltughaghma ukaangnilunga piyaghaanga."

kaalluni	kaate[V][Intr][Sbrd][3Sg]

uyatuluni	uyatu-~:(u)te[to.V.for.or.with][to.cause.to.V.as.one.is.V-ing][to.V.toward.each.other][V→V][V][Intr][Sbrd][3Sg]
uyatuluni	uyatu-~:(u)te[SBJ.V-ed.something][V→V][V][Intr][Sbrd][3Sg]
uyatuluni	uyatu[V][Intr][Sbrd][3Sg]

pimakangi	pi-@₁~:(i/u)ma[to.have.V-ed][to.have.been.V-ed][V→V]-@*@₂~sf–(g₂)k(a)e[the.one.that.possessor.V-ed][V→N][N][Abs][3SgPoss][PlPosd]
pimakangi	pi-@₁~:(i/u)ma[to.have.V-ed][to.have.been.V-ed][V→V][V][Trns][Ptcp][3Sg][3Pl]

eltughaghma	eltughagh*[N][Rel][1SgPoss][SgPosd]
eltughaghma	eltughagh*[N][Rel][1SgPoss][PlPosd]

ukaangnilunga	+?

piyaghaanga	pi-@₁~fyagh[to.go.V-ing][to.V.in.vain][V→V][V][Trns][Ind][3Sg][1Sg]
piyaghaanga	pi-~:(u)te[to.V.for.or.with][to.cause.to.V.as.one.is.V-ing][to.V.toward.each.other][V→V]-@₁~fyagh[to.go.V-ing][to.V.in.vain][V→V][V][Trns][Ind][3Sg][1Sg]

------------------------
Taakut malighqaghluku qengakek savigmeng pilagumakegket.

taakut	taake[V][Intr][Ind][3Pl]

malighqaghluku	malighqagh[V][Trns][Sbrd][_][3Sg]

qengakek	qengagh[N][Abs][3SgPoss][DuPosd]

savigmeng	Savig[N][Abl_Mod][Unpd][Sg]
savigmeng	Savig[N][Rel][4DuPoss][PlPosd]
savigmeng	Savig[N][Rel][4DuPoss][SgPosd]
savigmeng	Savig[N][Rel][4PlPoss][PlPosd]
savigmeng	Savig[N][Rel][4PlPoss][SgPosd]
savigmeng	savigh[N][Rel][4DuPoss][DuPosd]
savigmeng	savigh[N][Rel][4PlPoss][DuPosd]
savigmeng	savig[N][Abl_Mod][Unpd][Sg]
savigmeng	savig[N][Rel][4DuPoss][PlPosd]
savigmeng	savig[N][Rel][4DuPoss][SgPosd]
savigmeng	savig[N][Rel][4PlPoss][PlPosd]
savigmeng	savig[N][Rel][4PlPoss][SgPosd]

pilagumakegket	pilag-@₁~:(i/u)ma[to.have.V-ed][to.have.been.V-ed][V→V]-@*@₂~sf–(g₂)k(a)e[the.one.that.possessor.V-ed][V→N][N][Abs][3PlPoss][DuPosd]

------------------------
Aghnalqwaaghhaq qiyamaghmi aglaamalghii.

aghnalqwaaghhaq	aghnalqwaagh-–ghhagh*[dear.N][N→N][N][Abs][Unpd][Sg]

qiyamaghmi	qiya-@₁~:(i/u)magh*[while.V-ing][V→V][Quant_Qual][4Sg]

aglaamalghii	aglagh-@₁~:(i/u)ma[to.have.V-ed][to.have.been.V-ed][V→V]-@₁–lghii[the.one.that.V-ed][the.one.that.is.V][V→N][N][Abs][Unpd][Sg]

------------------------
Unugumakanga.

unugumakanga	unug-~:(ng₁)u[to.be.N][N→V]-@₁~:(i/u)ma[to.have.V-ed][to.have.been.V-ed][V→V]-@*@₂~sf–(g₂)k(a)e[the.one.that.possessor.V-ed][V→N][N][Abs][3SgPoss][SgPosd]
unugumakanga	unug[Imprs_Agnt]-@₁~:(i/u)ma[to.have.V-ed][to.have.been.V-ed][V→V]-@*@₂~sf–(g₂)k(a)e[the.one.that.possessor.V-ed][V→N][N][Abs][3SgPoss][SgPosd]
unugumakanga	unug[Imprs_Agnt]-@₁~:(i/u)ma[to.have.V-ed][to.have.been.V-ed][V→V][V][Trns][Ptcp][3Sg][3Sg]
unugumakanga	unug[Imprs_Agnt]-@₁~:(i/u)ma[to.have.V-ed][to.have.been.V-ed][V→V][V][Trns][Cond][3Sg][1Sg]

------------------------
Qavaamalghiik.

qavaamalghiik	qavaa-@₁~:(i/u)ma[to.have.V-ed][to.have.been.V-ed][V→V]-@₁–lghii[the.one.that.V-ed][the.one.that.is.V][V→N][N][Abs][Unpd][Du]
qavaamalghiik	qavaa-@₁~:(i/u)ma[to.have.V-ed][to.have.been.V-ed][V→V]-@₁–lghii[the.one.that.V-ed][the.one.that.is.V][V→N][N][Rel][Unpd][Du]
qavaamalghiik	qavaa-@₁~:(i/u)ma[to.have.V-ed][to.have.been.V-ed][V→V][V][Intr][Ptcp][3Du]
qavaamalghiik	qavagh-@₁~:(i/u)ma[to.have.V-ed][to.have.been.V-ed][V→V]-@₁–lghii[the.one.that.V-ed][the.one.that.is.V][V→N][N][Abs][Unpd][Du]
qavaamalghiik	qavagh-@₁~:(i/u)ma[to.have.V-ed][to.have.been.V-ed][V→V]-@₁–lghii[the.one.that.V-ed][the.one.that.is.V][V→N][N][Rel][Unpd][Du]
qavaamalghiik	qavagh-@₁~:(i/u)ma[to.have.V-ed][to.have.been.V-ed][V→V][V][Intr][Ptcp][3Du]
qavaamalghiik	qavagh-~:(ng₁)u[to.be.N][N→V]-@₁~:(i/u)ma[to.have.V-ed][to.have.been.V-ed][V→V]-@₁–lghii[the.one.that.V-ed][the.one.that.is.V][V→N][N][Abs][Unpd][Du]
qavaamalghiik	qavagh-~:(ng₁)u[to.be.N][N→V]-@₁~:(i/u)ma[to.have.V-ed][to.have.been.V-ed][V→V]-@₁–lghii[the.one.that.V-ed][the.one.that.is.V][V→N][N][Rel][Unpd][Du]
qavaamalghiik	qavagh-~:(ng₁)u[to.be.N][N→V]-@₁~:(i/u)ma[to.have.V-ed][to.have.been.V-ed][V→V][V][Intr][Ptcp][3Du]

------------------------


	

------------------------
Unaami taghtuumalghiit taam nunam yugi.

unaami	unaami
unaami	unaami[N][Abs][Unpd][Sg]
unaami	unaami[V][Intr][Opt][PRS][2Sg]

taghtuumalghiit	taghtugh-@₁~:(i/u)ma[to.have.V-ed][to.have.been.V-ed][V→V]-@₁–lghii[the.one.that.V-ed][the.one.that.is.V][V→N][N][Abs][Unpd][Pl]
taghtuumalghiit	taghtugh-@₁~:(i/u)ma[to.have.V-ed][to.have.been.V-ed][V→V]-@₁–lghii[the.one.that.V-ed][the.one.that.is.V][V→N][N][Rel][Unpd][Pl]
taghtuumalghiit	taghtugh-@₁~:(i/u)ma[to.have.V-ed][to.have.been.V-ed][V→V][V][Intr][Ptcp][3Pl]

taam	+?

nunam	nuna[N][Rel][Unpd][Sg]

yugi	yu(u)g[N][Abs][3SgPoss][PlPosd]
yugi	yug[N][Abs][3SgPoss][PlPosd]

------------------------
Taagken enraq tallimiita mengteghaat aghnaghaq meghtaamalghii.

taagken	taagken

enraq	enraq

tallimiita	tallimiite[N][Abs][Unpd][Sg]

mengteghaat	mengteghagh[N][Abs][3PlPoss][SgPosd]

aghnaghaq	aghnagh[V][Trns][Ind][3Sg][3Du]
aghnaghaq	aghnaghagh*[N][Abs][Unpd][Sg]

meghtaamalghii	meghtagh-@₁~:(i/u)ma[to.have.V-ed][to.have.been.V-ed][V→V]-@₁–lghii[the.one.that.V-ed][the.one.that.is.V][V→N][N][Abs][Unpd][Sg]

------------------------
Imighimaluku meteghlluk kaasimalghii.

imighimaluku	+?

meteghlluk	meteghllug[N][Abs][Unpd][Sg]

kaasimalghii	kaate-@₁~:(i/u)ma[to.have.V-ed][to.have.been.V-ed][V→V]-@₁–lghii[the.one.that.V-ed][the.one.that.is.V][V→N][N][Abs][Unpd][Sg]

------------------------
Kaalluni meghsingllaamalghii, "Meqpakpayay, meqpakpayay!"

kaalluni	kaate[V][Intr][Sbrd][3Sg]

meghsingllaamalghii	+?

meqpakpayay	+?

meqpakpayay	+?

------------------------
Llaaghanwha meghsimakanga.

llaaghanwha	llaaghanwha

meghsimakanga	meghsi-@₁~:(i/u)ma[to.have.V-ed][to.have.been.V-ed][V→V]-@*@₂~sf–(g₂)k(a)e[the.one.that.possessor.V-ed][V→N][N][Abs][3SgPoss][SgPosd]
meghsimakanga	meghsi-@₁~:(i/u)ma[to.have.V-ed][to.have.been.V-ed][V→V][V][Trns][Ptcp][3Sg][3Sg]
meghsimakanga	meghsi-@₁~:(i/u)ma[to.have.V-ed][to.have.been.V-ed][V→V][V][Trns][Cond][3Sg][1Sg]
meghsimakanga	megh-te[to.act.on.so.as.to.cause.to.V][V→V]-@₁~:(i/u)ma[to.have.V-ed][to.have.been.V-ed][V→V]-@*@₂~sf–(g₂)k(a)e[the.one.that.possessor.V-ed][V→N][N][Abs][3SgPoss][SgPosd]
meghsimakanga	megh-te[to.act.on.so.as.to.cause.to.V][V→V]-@₁~:(i/u)ma[to.have.V-ed][to.have.been.V-ed][V→V][V][Trns][Ptcp][3Sg][3Sg]
meghsimakanga	megh-te[to.act.on.so.as.to.cause.to.V][V→V]-@₁~:(i/u)ma[to.have.V-ed][to.have.been.V-ed][V→V][V][Trns][Cond][3Sg][1Sg]
meghsimakanga	megh-te[to.catch.N][to.go.to.N][N→V]-@₁~:(i/u)ma[to.have.V-ed][to.have.been.V-ed][V→V]-@*@₂~sf–(g₂)k(a)e[the.one.that.possessor.V-ed][V→N][N][Abs][3SgPoss][SgPosd]

------------------------
Taawanginaq kuuvumakanga.

taawanginaq	taawanginaq

kuuvumakanga	kuuve-@₁~:(i/u)ma[to.have.V-ed][to.have.been.V-ed][V→V]-@*@₂~sf–(g₂)k(a)e[the.one.that.possessor.V-ed][V→N][N][Abs][3SgPoss][SgPosd]
kuuvumakanga	kuuve-@₁~:(i/u)ma[to.have.V-ed][to.have.been.V-ed][V→V][V][Trns][Ptcp][3Sg][3Sg]
kuuvumakanga	kuuve-@₁~:(i/u)ma[to.have.V-ed][to.have.been.V-ed][V→V][V][Trns][Cond][3Sg][1Sg]

------------------------
Aghnaghaam pimakanga, paatgumaan, "Saa una meq imighutaa piiqpigutaa."

aghnaghaam	aghnaghagh*[N][Rel][Unpd][Sg]

pimakanga	pi-@₁~:(i/u)ma[to.have.V-ed][to.have.been.V-ed][V→V]-@*@₂~sf–(g₂)k(a)e[the.one.that.possessor.V-ed][V→N][N][Abs][3SgPoss][SgPosd]
pimakanga	pi-@₁~:(i/u)ma[to.have.V-ed][to.have.been.V-ed][V→V][V][Trns][Ptcp][3Sg][3Sg]
pimakanga	pi-@₁~:(i/u)ma[to.have.V-ed][to.have.been.V-ed][V→V][V][Trns][Cond][3Sg][1Sg]

paatgumaan	pateg-@₁~:(i/u)ma[to.have.V-ed][to.have.been.V-ed][V→V][V][Trns][Ind][2Sg][3Sg]
paatgumaan	pateg-@₁~:(i/u)magh*[while.V-ing][V→V][Quant_Qual][3Sg]

saa	sa[V][Intr][Intrg][3Sg]
saa	sa[V][Trns][Ind][3Sg][3Sg]
saa	saa
saa	saa[N][Abs][Unpd][Sg]

una	una
una	una[N][Abs][Unpd][Sg]

meq	megh[N][Abs][Unpd][Sg]

imighutaa	+?

piiqpigutaa	+?

------------------------
"Piyaqtaqpenguyoy, piyaqtelqen taana miqiitiguu!"

piyaqtaqpenguyoy	+?

piyaqtelqen	+?

taana	taane[V][Intr][Intrg][3Sg]
taana	taana

miqiitiguu	+?

------------------------
"Miqinningilaqa taskwigu!"

miqinningilaqa	+?

taskwigu	+?

------------------------
Aghnaghaq atghaamalghii.

aghnaghaq	aghnagh[V][Trns][Ind][3Sg][3Du]
aghnaghaq	aghnaghagh*[N][Abs][Unpd][Sg]

atghaamalghii	atghagh-@₁~:(i/u)ma[to.have.V-ed][to.have.been.V-ed][V→V]-@₁–lghii[the.one.that.V-ed][the.one.that.is.V][V→N][N][Abs][Unpd][Sg]

------------------------
Meteghlluk taglaamalghii ellmeggnun.

meteghlluk	meteghllug[N][Abs][Unpd][Sg]

taglaamalghii	taglagh-@₁~:(i/u)ma[to.have.V-ed][to.have.been.V-ed][V→V]-@₁–lghii[the.one.that.V-ed][the.one.that.is.V][V→N][N][Abs][Unpd][Sg]

ellmeggnun	ellmeggnun

------------------------


	

------------------------
Iteghluni aghnalqwaaq pimakanga, "Ukaanguten ukaaghen aqfaqugu."

iteghluni	itegh[V][Intr][Sbrd][3Sg]

aghnalqwaaq	aghnalqwaagh[N][Abs][Unpd][Sg]

pimakanga	pi-@₁~:(i/u)ma[to.have.V-ed][to.have.been.V-ed][V→V]-@*@₂~sf–(g₂)k(a)e[the.one.that.possessor.V-ed][V→N][N][Abs][3SgPoss][SgPosd]
pimakanga	pi-@₁~:(i/u)ma[to.have.V-ed][to.have.been.V-ed][V→V][V][Trns][Ptcp][3Sg][3Sg]
pimakanga	pi-@₁~:(i/u)ma[to.have.V-ed][to.have.been.V-ed][V→V][V][Trns][Cond][3Sg][1Sg]

ukaanguten	+?

ukaaghen	ukaagh[N][Abs][2SgPoss][SgPosd]

aqfaqugu	+?

------------------------
Ighsamalghii.

ighsamalghii	ighsa-@₁~:(i/u)ma[to.have.V-ed][to.have.been.V-ed][V→V]-@₁–lghii[the.one.that.V-ed][the.one.that.is.V][V→N][N][Abs][Unpd][Sg]

------------------------
Meteghllugem sagiqusimakanga.

meteghllugem	meteghllug[N][Rel][Unpd][Sg]

sagiqusimakanga	sagiqe-~:(u)te[to.V.for.or.with][to.cause.to.V.as.one.is.V-ing][to.V.toward.each.other][V→V]-@₁~:(i/u)ma[to.have.V-ed][to.have.been.V-ed][V→V]-@*@₂~sf–(g₂)k(a)e[the.one.that.possessor.V-ed][V→N][N][Abs][3SgPoss][SgPosd]
sagiqusimakanga	sagiqe-~:(u)te[to.V.for.or.with][to.cause.to.V.as.one.is.V-ing][to.V.toward.each.other][V→V]-@₁~:(i/u)ma[to.have.V-ed][to.have.been.V-ed][V→V][V][Trns][Ptcp][3Sg][3Sg]
sagiqusimakanga	sagiqe-~:(u)te[to.V.for.or.with][to.cause.to.V.as.one.is.V-ing][to.V.toward.each.other][V→V]-@₁~:(i/u)ma[to.have.V-ed][to.have.been.V-ed][V→V][V][Trns][Cond][3Sg][1Sg]
sagiqusimakanga	sagiqe-~:(u)te[SBJ.V-ed.something][V→V]-@₁~:(i/u)ma[to.have.V-ed][to.have.been.V-ed][V→V]-@*@₂~sf–(g₂)k(a)e[the.one.that.possessor.V-ed][V→N][N][Abs][3SgPoss][SgPosd]

------------------------
Llaaghanwha atghaamalghii.

llaaghanwha	llaaghanwha

atghaamalghii	atghagh-@₁~:(i/u)ma[to.have.V-ed][to.have.been.V-ed][V→V]-@₁–lghii[the.one.that.V-ed][the.one.that.is.V][V→N][N][Abs][Unpd][Sg]

------------------------
Kaalluni amigmeng uyatupiglluni pimakangi, "Eltughaghma ukaangnilunga piyaghaanga."

kaalluni	kaate[V][Intr][Sbrd][3Sg]

amigmeng	amigh[N][Rel][4DuPoss][DuPosd]
amigmeng	amigh[N][Rel][4PlPoss][DuPosd]
amigmeng	amig[N][Abl_Mod][Unpd][Sg]
amigmeng	amig[N][Rel][4DuPoss][PlPosd]
amigmeng	amig[N][Rel][4DuPoss][SgPosd]
amigmeng	amig[N][Rel][4PlPoss][PlPosd]
amigmeng	amig[N][Rel][4PlPoss][SgPosd]

uyatupiglluni	uyatu-–pigte[to.be.very.V][to.V.very.much][V→V]-te[to.act.on.so.as.to.cause.to.V][V→V][V][Intr][Sbrd][3Sg]

pimakangi	pi-@₁~:(i/u)ma[to.have.V-ed][to.have.been.V-ed][V→V]-@*@₂~sf–(g₂)k(a)e[the.one.that.possessor.V-ed][V→N][N][Abs][3SgPoss][PlPosd]
pimakangi	pi-@₁~:(i/u)ma[to.have.V-ed][to.have.been.V-ed][V→V][V][Trns][Ptcp][3Sg][3Pl]

eltughaghma	eltughagh*[N][Rel][1SgPoss][SgPosd]
eltughaghma	eltughagh*[N][Rel][1SgPoss][PlPosd]

ukaangnilunga	+?

piyaghaanga	pi-@₁~fyagh[to.go.V-ing][to.V.in.vain][V→V][V][Trns][Ind][3Sg][1Sg]
piyaghaanga	pi-~:(u)te[to.V.for.or.with][to.cause.to.V.as.one.is.V-ing][to.V.toward.each.other][V→V]-@₁~fyagh[to.go.V-ing][to.V.in.vain][V→V][V][Trns][Ind][3Sg][1Sg]

------------------------
Talwa akuzimaghmi qimagumalghii.

talwa	talwa

akuzimaghmi	akuzi-@₁~:(i/u)magh*[while.V-ing][V→V][Quant_Qual][4Sg]

qimagumalghii	qimag-@₁~:(i/u)ma[to.have.V-ed][to.have.been.V-ed][V→V]-@₁–lghii[the.one.that.V-ed][the.one.that.is.V][V→N][N][Abs][Unpd][Sg]

------------------------
Iwernga aghnaghaam atangan panini aangghumakanga.

iwernga	iwernga

aghnaghaam	aghnaghagh*[N][Rel][Unpd][Sg]

atangan	ata[N][Rel][3SgPoss][SgPosd]
atangan	ata[N][Rel][3SgPoss][PlPosd]

panini	panig[N][Abs][4SgPoss][SgPosd]
panini	panig[N][Abs][4SgPoss][PlPosd]

aangghumakanga	angegh-@₁~:(i/u)ma[to.have.V-ed][to.have.been.V-ed][V→V]-@*@₂~sf–(g₂)k(a)e[the.one.that.possessor.V-ed][V→N][N][Abs][3SgPoss][SgPosd]
aangghumakanga	angegh-@₁~:(i/u)ma[to.have.V-ed][to.have.been.V-ed][V→V][V][Trns][Ptcp][3Sg][3Sg]
aangghumakanga	angegh-@₁~:(i/u)ma[to.have.V-ed][to.have.been.V-ed][V→V][V][Trns][Cond][3Sg][1Sg]

------------------------


	

------------------------
Aghnaghaq taglaamalghii.

aghnaghaq	aghnagh[V][Trns][Ind][3Sg][3Du]
aghnaghaq	aghnaghagh*[N][Abs][Unpd][Sg]

taglaamalghii	taglagh-@₁~:(i/u)ma[to.have.V-ed][to.have.been.V-ed][V→V]-@₁–lghii[the.one.that.V-ed][the.one.that.is.V][V→N][N][Abs][Unpd][Sg]

------------------------
Kaalluni iteghyalghiimi kagpestaaghhaaftut.

kaalluni	kaate[V][Intr][Sbrd][3Sg]

iteghyalghiimi	itegh-@₁~fyagh[to.go.V-ing][to.V.in.vain][V→V]-@₁–lghii[the.one.that.V-ed][the.one.that.is.V][V→N][N][Loc][Unpd][Sg]
iteghyalghiimi	itegh-@₁~fyagh[to.go.V-ing][to.V.in.vain][V→V]-@₁–lghii[the.one.that.V-ed][the.one.that.is.V][V→N][N][Rel][4SgPoss][PlPosd]
iteghyalghiimi	itegh-@₁~fyagh[to.go.V-ing][to.V.in.vain][V→V]-@₁–lghii[the.one.that.V-ed][the.one.that.is.V][V→N][N][Rel][4SgPoss][SgPosd]
iteghyalghiimi	itegh[V][Intr][Ptcp_Obl][4Sg]

kagpestaaghhaaftut	kagpestaagh-–ghhagh*[dear.N][N→N]-~:(ng₁)u[to.be.N][N→V]-(pete)fte[to.evidently.V][to.have.V-ed][V→V][V][Intr][Ind][3Pl]
kagpestaaghhaaftut	kagpestaaghhagh*-~:(ng₁)u[to.be.N][N→V]-(pete)fte[to.evidently.V][to.have.V-ed][V→V][V][Intr][Ind][3Pl]

------------------------
Taagken aghnaghaq qiyamalghii.

taagken	taagken

aghnaghaq	aghnagh[V][Trns][Ind][3Sg][3Du]
aghnaghaq	aghnaghagh*[N][Abs][Unpd][Sg]

qiyamalghii	qiya-@₁~:(i/u)ma[to.have.V-ed][to.have.been.V-ed][V→V]-@₁–lghii[the.one.that.V-ed][the.one.that.is.V][V→N][N][Abs][Unpd][Sg]

------------------------
Aghaghaq qavaamalghii.

aghaghaq	+?

qavaamalghii	qavaa-@₁~:(i/u)ma[to.have.V-ed][to.have.been.V-ed][V→V]-@₁–lghii[the.one.that.V-ed][the.one.that.is.V][V→N][N][Abs][Unpd][Sg]
qavaamalghii	qavagh-@₁~:(i/u)ma[to.have.V-ed][to.have.been.V-ed][V→V]-@₁–lghii[the.one.that.V-ed][the.one.that.is.V][V→N][N][Abs][Unpd][Sg]
qavaamalghii	qavagh-~:(ng₁)u[to.be.N][N→V]-@₁~:(i/u)ma[to.have.V-ed][to.have.been.V-ed][V→V]-@₁–lghii[the.one.that.V-ed][the.one.that.is.V][V→N][N][Abs][Unpd][Sg]

------------------------
Aghnalqwaaghhaam aghnaghaq qiyalghii esghaghluku atuumaghmi aghulayalghiimi mengteghani anglisimakanga saama iqangitesimakanga.

aghnalqwaaghhaam	aghnalqwaagh-–ghhagh*[dear.N][N→N][N][Rel][Unpd][Sg]

aghnaghaq	aghnagh[V][Trns][Ind][3Sg][3Du]
aghnaghaq	aghnaghagh*[N][Abs][Unpd][Sg]

qiyalghii	qiya-@₁–lghii[the.one.that.V-ed][the.one.that.is.V][V→N][N][Abs][Unpd][Sg]

esghaghluku	esghagh[V][Trns][Sbrd][_][3Sg]

atuumaghmi	atugh-@₁~:(i/u)magh*[while.V-ing][V→V][Quant_Qual][4Sg]
atuumaghmi	atugh-~:(ng₁)u[to.be.N][N→V]-@₁~:(i/u)magh*[while.V-ing][V→V][Quant_Qual][4Sg]

aghulayalghiimi	aghula-@₁~fyagh[to.go.V-ing][to.V.in.vain][V→V]-@₁–lghii[the.one.that.V-ed][the.one.that.is.V][V→N][N][Loc][Unpd][Sg]
aghulayalghiimi	aghula-@₁~fyagh[to.go.V-ing][to.V.in.vain][V→V]-@₁–lghii[the.one.that.V-ed][the.one.that.is.V][V→N][N][Rel][4SgPoss][PlPosd]
aghulayalghiimi	aghula-@₁~fyagh[to.go.V-ing][to.V.in.vain][V→V]-@₁–lghii[the.one.that.V-ed][the.one.that.is.V][V→N][N][Rel][4SgPoss][SgPosd]
aghulayalghiimi	aghula-~:(u)te[to.V.for.or.with][to.cause.to.V.as.one.is.V-ing][to.V.toward.each.other][V→V]-@₁~fyagh[to.go.V-ing][to.V.in.vain][V→V]-@₁–lghii[the.one.that.V-ed][the.one.that.is.V][V→N][N][Loc][Unpd][Sg]
aghulayalghiimi	aghula-~:(u)te[to.V.for.or.with][to.cause.to.V.as.one.is.V-ing][to.V.toward.each.other][V→V]-@₁~fyagh[to.go.V-ing][to.V.in.vain][V→V]-@₁–lghii[the.one.that.V-ed][the.one.that.is.V][V→N][N][Rel][4SgPoss][PlPosd]
aghulayalghiimi	aghula-~:(u)te[to.V.for.or.with][to.cause.to.V.as.one.is.V-ing][to.V.toward.each.other][V→V]-@₁~fyagh[to.go.V-ing][to.V.in.vain][V→V]-@₁–lghii[the.one.that.V-ed][the.one.that.is.V][V→N][N][Rel][4SgPoss][SgPosd]
aghulayalghiimi	aghula-~:(u)te[to.V.for.or.with][to.cause.to.V.as.one.is.V-ing][to.V.toward.each.other][V→V][V][Intr][Ptcp_Obl][4Sg]
aghulayalghiimi	aghula-~:(u)te[SBJ.V-ed.something][V→V]-@₁~fyagh[to.go.V-ing][to.V.in.vain][V→V]-@₁–lghii[the.one.that.V-ed][the.one.that.is.V][V→N][N][Loc][Unpd][Sg]
aghulayalghiimi	aghula-~:(u)te[SBJ.V-ed.something][V→V]-@₁~fyagh[to.go.V-ing][to.V.in.vain][V→V]-@₁–lghii[the.one.that.V-ed][the.one.that.is.V][V→N][N][Rel][4SgPoss][PlPosd]
aghulayalghiimi	aghula-~:(u)te[SBJ.V-ed.something][V→V]-@₁~fyagh[to.go.V-ing][to.V.in.vain][V→V]-@₁–lghii[the.one.that.V-ed][the.one.that.is.V][V→N][N][Rel][4SgPoss][SgPosd]
aghulayalghiimi	aghula-~:(u)te[SBJ.V-ed.something][V→V][V][Intr][Ptcp_Obl][4Sg]
aghulayalghiimi	aghula[V][Intr][Ptcp_Obl][4Sg]

mengteghani	mengteghagh[N][Abs][4SgPoss][SgPosd]
mengteghani	mengteghagh[N][Abs][4SgPoss][PlPosd]
mengteghani	mengteghagh[N][Loc][Unpd][Pl]

anglisimakanga	angli-~:(u)te[to.V.for.or.with][to.cause.to.V.as.one.is.V-ing][to.V.toward.each.other][V→V]-@₁~:(i/u)ma[to.have.V-ed][to.have.been.V-ed][V→V]-@*@₂~sf–(g₂)k(a)e[the.one.that.possessor.V-ed][V→N][N][Abs][3SgPoss][SgPosd]
anglisimakanga	angli-~:(u)te[to.V.for.or.with][to.cause.to.V.as.one.is.V-ing][to.V.toward.each.other][V→V]-@₁~:(i/u)ma[to.have.V-ed][to.have.been.V-ed][V→V][V][Trns][Ptcp][3Sg][3Sg]
anglisimakanga	angli-~:(u)te[to.V.for.or.with][to.cause.to.V.as.one.is.V-ing][to.V.toward.each.other][V→V]-@₁~:(i/u)ma[to.have.V-ed][to.have.been.V-ed][V→V][V][Trns][Cond][3Sg][1Sg]
anglisimakanga	angli-~:(u)te[SBJ.V-ed.something][V→V]-@₁~:(i/u)ma[to.have.V-ed][to.have.been.V-ed][V→V]-@*@₂~sf–(g₂)k(a)e[the.one.that.possessor.V-ed][V→N][N][Abs][3SgPoss][SgPosd]
anglisimakanga	angli-te[to.act.on.so.as.to.cause.to.V][V→V]-@₁~:(i/u)ma[to.have.V-ed][to.have.been.V-ed][V→V]-@*@₂~sf–(g₂)k(a)e[the.one.that.possessor.V-ed][V→N][N][Abs][3SgPoss][SgPosd]
anglisimakanga	angli-te[to.act.on.so.as.to.cause.to.V][V→V]-@₁~:(i/u)ma[to.have.V-ed][to.have.been.V-ed][V→V][V][Trns][Ptcp][3Sg][3Sg]
anglisimakanga	angli-te[to.act.on.so.as.to.cause.to.V][V→V]-@₁~:(i/u)ma[to.have.V-ed][to.have.been.V-ed][V→V][V][Trns][Cond][3Sg][1Sg]

saama	saa[N][Rel][1SgPoss][SgPosd]
saama	saa[N][Rel][1SgPoss][PlPosd]
saama	saam[N][Abs][3SgPoss][SgPosd]
saama	saama
saama	saama[N][Abs][Unpd][Sg]

iqangitesimakanga	iqangite-te[to.act.on.so.as.to.cause.to.V][V→V]-@₁~:(i/u)ma[to.have.V-ed][to.have.been.V-ed][V→V]-@*@₂~sf–(g₂)k(a)e[the.one.that.possessor.V-ed][V→N][N][Abs][3SgPoss][SgPosd]
iqangitesimakanga	iqangite-te[to.act.on.so.as.to.cause.to.V][V→V]-@₁~:(i/u)ma[to.have.V-ed][to.have.been.V-ed][V→V][V][Trns][Ptcp][3Sg][3Sg]
iqangitesimakanga	iqangite-te[to.act.on.so.as.to.cause.to.V][V→V]-@₁~:(i/u)ma[to.have.V-ed][to.have.been.V-ed][V→V][V][Trns][Cond][3Sg][1Sg]

------------------------
Taana eltughaa yupigughsimalghii ama taanallu aghnalqwaaq.

taana	taane[V][Intr][Intrg][3Sg]
taana	taana

eltughaa	eltugh[V][Trns][Ind][3Sg][3Sg]
eltughaa	eltughagh*-~:(ng₁)u[to.be.N][N→V][V][Intr][Opt][PRS][2Sg]
eltughaa	eltughagh*[N][Abs][3SgPoss][SgPosd]

yupigughsimalghii	+?

ama	ama

taanallu	+?

aghnalqwaaq	aghnalqwaagh[N][Abs][Unpd][Sg]

------------------------
Aghnaghaq unaami taghtughyalghiimi imani enngaatall pinipigtut.

aghnaghaq	aghnagh[V][Trns][Ind][3Sg][3Du]
aghnaghaq	aghnaghagh*[N][Abs][Unpd][Sg]

unaami	unaami
unaami	unaami[N][Abs][Unpd][Sg]
unaami	unaami[V][Intr][Opt][PRS][2Sg]

taghtughyalghiimi	taghtugh-@₁~fyagh[to.go.V-ing][to.V.in.vain][V→V]-@₁–lghii[the.one.that.V-ed][the.one.that.is.V][V→N][N][Loc][Unpd][Sg]
taghtughyalghiimi	taghtugh-@₁~fyagh[to.go.V-ing][to.V.in.vain][V→V]-@₁–lghii[the.one.that.V-ed][the.one.that.is.V][V→N][N][Rel][4SgPoss][PlPosd]
taghtughyalghiimi	taghtugh-@₁~fyagh[to.go.V-ing][to.V.in.vain][V→V]-@₁–lghii[the.one.that.V-ed][the.one.that.is.V][V→N][N][Rel][4SgPoss][SgPosd]
taghtughyalghiimi	taghtugh[V][Intr][Ptcp_Obl][4Sg]

imani	ima-@₁~fni[to.say.that.one.is.V-ing][Cmpd_Vbl][V][Intr][Opt][PRS][2Sg]
imani	ima-~:(u)te[to.V.for.or.with][to.cause.to.V.as.one.is.V-ing][to.V.toward.each.other][V→V]-@₁~fni[to.say.that.one.is.V-ing][Cmpd_Vbl][V][Intr][Opt][PRS][2Sg]
imani	ima-~:(u)te[SBJ.V-ed.something][V→V]-@₁~fni[to.say.that.one.is.V-ing][Cmpd_Vbl][V][Intr][Opt][PRS][2Sg]
imani	imagh[N][Abs][4SgPoss][SgPosd]
imani	imagh[N][Abs][4SgPoss][PlPosd]
imani	imagh[N][Loc][Unpd][Pl]
imani	imani

enngaatall	enngaatall

pinipigtut	pi-@₁~fni[to.say.that.one.is.V-ing][Cmpd_Vbl]-–pigte[to.be.very.V][to.V.very.much][V→V][V][Intr][Ind][3Pl]
pinipigtut	pi-~:(u)te[to.V.for.or.with][to.cause.to.V.as.one.is.V-ing][to.V.toward.each.other][V→V]-@₁~fni[to.say.that.one.is.V-ing][Cmpd_Vbl]-–pigte[to.be.very.V][to.V.very.much][V→V][V][Intr][Ind][3Pl]
pinipigtut	pi-~:(u)te[SBJ.V-ed.something][V→V]-@₁~fni[to.say.that.one.is.V-ing][Cmpd_Vbl]-–pigte[to.be.very.V][to.V.very.much][V→V][V][Intr][Ind][3Pl]
pinipigtut	pinigh-–pigte[to.be.very.V][to.V.very.much][V→V][V][Intr][Ind][3Pl]

------------------------
Taagken aghnalqwaaghhaam awalightiisqumakanga quyngimeng.

taagken	taagken

aghnalqwaaghhaam	aghnalqwaagh-–ghhagh*[dear.N][N→N][N][Rel][Unpd][Sg]

awalightiisqumakanga	awaligh-te[to.act.on.so.as.to.cause.to.V][V→V]-~i[SBJ.V-ed.something][V→V]-~i[SBJ.V-ed.something][V→V]-~i[SBJ.V-ed.something][V→V]-~i[SBJ.V-ed.something][V→V]-~sf:isqe[to.ask.or.tell.one.to.V][Cmpd_Vbl]-@₁~:(i/u)ma[to.have.V-ed][to.have.been.V-ed][V→V][V][Trns][Ptcp][3Sg][3Sg]
awalightiisqumakanga	awaligh-te[to.act.on.so.as.to.cause.to.V][V→V]-~i[SBJ.V-ed.something][V→V]-~i[SBJ.V-ed.something][V→V]-~i[SBJ.V-ed.something][V→V]-~i[SBJ.V-ed.something][V→V]-~sf:isqe[to.ask.or.tell.one.to.V][Cmpd_Vbl]-@₁~:(i/u)ma[to.have.V-ed][to.have.been.V-ed][V→V][V][Trns][Cond][3Sg][1Sg]
awalightiisqumakanga	awaligh-te[to.act.on.so.as.to.cause.to.V][V→V]-~i[SBJ.V-ed.something][V→V]-~i[SBJ.V-ed.something][V→V]-~i[SBJ.V-ed.something][V→V]-~sf:isqe[to.ask.or.tell.one.to.V][Cmpd_Vbl]-@₁~:(i/u)ma[to.have.V-ed][to.have.been.V-ed][V→V][V][Trns][Ptcp][3Sg][3Sg]
awalightiisqumakanga	awaligh-te[to.act.on.so.as.to.cause.to.V][V→V]-~i[SBJ.V-ed.something][V→V]-~i[SBJ.V-ed.something][V→V]-~i[SBJ.V-ed.something][V→V]-~sf:isqe[to.ask.or.tell.one.to.V][Cmpd_Vbl]-@₁~:(i/u)ma[to.have.V-ed][to.have.been.V-ed][V→V][V][Trns][Cond][3Sg][1Sg]
awalightiisqumakanga	awaligh-te[to.act.on.so.as.to.cause.to.V][V→V]-~i[SBJ.V-ed.something][V→V]-~i[SBJ.V-ed.something][V→V]-~sf:isqe[to.ask.or.tell.one.to.V][Cmpd_Vbl]-@₁~:(i/u)ma[to.have.V-ed][to.have.been.V-ed][V→V]-@*@₂~sf–(g₂)k(a)e[the.one.that.possessor.V-ed][V→N][N][Abs][3SgPoss][SgPosd]
awalightiisqumakanga	awaligh-te[to.act.on.so.as.to.cause.to.V][V→V]-~i[SBJ.V-ed.something][V→V]-~i[SBJ.V-ed.something][V→V]-~sf:isqe[to.ask.or.tell.one.to.V][Cmpd_Vbl]-@₁~:(i/u)ma[to.have.V-ed][to.have.been.V-ed][V→V][V][Trns][Ptcp][3Sg][3Sg]
awalightiisqumakanga	awaligh-te[to.act.on.so.as.to.cause.to.V][V→V]-~i[SBJ.V-ed.something][V→V]-~i[SBJ.V-ed.something][V→V]-~sf:isqe[to.ask.or.tell.one.to.V][Cmpd_Vbl]-@₁~:(i/u)ma[to.have.V-ed][to.have.been.V-ed][V→V][V][Trns][Cond][3Sg][1Sg]
awalightiisqumakanga	awaligh-te[to.act.on.so.as.to.cause.to.V][V→V]-~i[SBJ.V-ed.something][V→V]-~sf:isqe[to.ask.or.tell.one.to.V][Cmpd_Vbl]-@₁~:(i/u)ma[to.have.V-ed][to.have.been.V-ed][V→V]-@*@₂~sf–(g₂)k(a)e[the.one.that.possessor.V-ed][V→N][N][Abs][3SgPoss][SgPosd]
awalightiisqumakanga	awaligh-te[to.act.on.so.as.to.cause.to.V][V→V]-~i[SBJ.V-ed.something][V→V]-~sf:isqe[to.ask.or.tell.one.to.V][Cmpd_Vbl]-@₁~:(i/u)ma[to.have.V-ed][to.have.been.V-ed][V→V][V][Trns][Ptcp][3Sg][3Sg]
awalightiisqumakanga	awaligh-te[to.act.on.so.as.to.cause.to.V][V→V]-~i[SBJ.V-ed.something][V→V]-~sf:isqe[to.ask.or.tell.one.to.V][Cmpd_Vbl]-@₁~:(i/u)ma[to.have.V-ed][to.have.been.V-ed][V→V][V][Trns][Cond][3Sg][1Sg]
awalightiisqumakanga	awaligh-te[to.catch.N][to.go.to.N][N→V]-~i[SBJ.V-ed.something][V→V]-~i[SBJ.V-ed.something][V→V]-~i[SBJ.V-ed.something][V→V]-~i[SBJ.V-ed.something][V→V]-~sf:isqe[to.ask.or.tell.one.to.V][Cmpd_Vbl]-@₁~:(i/u)ma[to.have.V-ed][to.have.been.V-ed][V→V][V][Trns][Ptcp][3Sg][3Sg]
awalightiisqumakanga	awaligh-te[to.catch.N][to.go.to.N][N→V]-~i[SBJ.V-ed.something][V→V]-~i[SBJ.V-ed.something][V→V]-~i[SBJ.V-ed.something][V→V]-~i[SBJ.V-ed.something][V→V]-~sf:isqe[to.ask.or.tell.one.to.V][Cmpd_Vbl]-@₁~:(i/u)ma[to.have.V-ed][to.have.been.V-ed][V→V][V][Trns][Cond][3Sg][1Sg]
awalightiisqumakanga	awaligh-te[to.catch.N][to.go.to.N][N→V]-~i[SBJ.V-ed.something][V→V]-~i[SBJ.V-ed.something][V→V]-~i[SBJ.V-ed.something][V→V]-~sf:isqe[to.ask.or.tell.one.to.V][Cmpd_Vbl]-@₁~:(i/u)ma[to.have.V-ed][to.have.been.V-ed][V→V][V][Trns][Ptcp][3Sg][3Sg]
awalightiisqumakanga	awaligh-te[to.catch.N][to.go.to.N][N→V]-~i[SBJ.V-ed.something][V→V]-~i[SBJ.V-ed.something][V→V]-~i[SBJ.V-ed.something][V→V]-~sf:isqe[to.ask.or.tell.one.to.V][Cmpd_Vbl]-@₁~:(i/u)ma[to.have.V-ed][to.have.been.V-ed][V→V][V][Trns][Cond][3Sg][1Sg]
awalightiisqumakanga	awaligh-te[to.catch.N][to.go.to.N][N→V]-~i[SBJ.V-ed.something][V→V]-~i[SBJ.V-ed.something][V→V]-~sf:isqe[to.ask.or.tell.one.to.V][Cmpd_Vbl]-@₁~:(i/u)ma[to.have.V-ed][to.have.been.V-ed][V→V]-@*@₂~sf–(g₂)k(a)e[the.one.that.possessor.V-ed][V→N][N][Abs][3SgPoss][SgPosd]
awalightiisqumakanga	awaligh-te[to.catch.N][to.go.to.N][N→V]-~i[SBJ.V-ed.something][V→V]-~i[SBJ.V-ed.something][V→V]-~sf:isqe[to.ask.or.tell.one.to.V][Cmpd_Vbl]-@₁~:(i/u)ma[to.have.V-ed][to.have.been.V-ed][V→V][V][Trns][Ptcp][3Sg][3Sg]
awalightiisqumakanga	awaligh-te[to.catch.N][to.go.to.N][N→V]-~i[SBJ.V-ed.something][V→V]-~i[SBJ.V-ed.something][V→V]-~sf:isqe[to.ask.or.tell.one.to.V][Cmpd_Vbl]-@₁~:(i/u)ma[to.have.V-ed][to.have.been.V-ed][V→V][V][Trns][Cond][3Sg][1Sg]
awalightiisqumakanga	awaligh-te[to.catch.N][to.go.to.N][N→V]-~i[SBJ.V-ed.something][V→V]-~sf:isqe[to.ask.or.tell.one.to.V][Cmpd_Vbl]-@₁~:(i/u)ma[to.have.V-ed][to.have.been.V-ed][V→V]-@*@₂~sf–(g₂)k(a)e[the.one.that.possessor.V-ed][V→N][N][Abs][3SgPoss][SgPosd]
awalightiisqumakanga	awaligh-te[to.catch.N][to.go.to.N][N→V]-~i[SBJ.V-ed.something][V→V]-~sf:isqe[to.ask.or.tell.one.to.V][Cmpd_Vbl]-@₁~:(i/u)ma[to.have.V-ed][to.have.been.V-ed][V→V][V][Trns][Ptcp][3Sg][3Sg]
awalightiisqumakanga	awaligh-te[to.catch.N][to.go.to.N][N→V]-~i[SBJ.V-ed.something][V→V]-~sf:isqe[to.ask.or.tell.one.to.V][Cmpd_Vbl]-@₁~:(i/u)ma[to.have.V-ed][to.have.been.V-ed][V→V][V][Trns][Cond][3Sg][1Sg]
awalightiisqumakanga	awaligh-ti[to.speak.the.language.of.N][N→V]-~i[SBJ.V-ed.something][V→V]-~i[SBJ.V-ed.something][V→V]-~i[SBJ.V-ed.something][V→V]-~i[SBJ.V-ed.something][V→V]-~sf:isqe[to.ask.or.tell.one.to.V][Cmpd_Vbl]-@₁~:(i/u)ma[to.have.V-ed][to.have.been.V-ed][V→V][V][Trns][Ptcp][3Sg][3Sg]
awalightiisqumakanga	awaligh-ti[to.speak.the.language.of.N][N→V]-~i[SBJ.V-ed.something][V→V]-~i[SBJ.V-ed.something][V→V]-~i[SBJ.V-ed.something][V→V]-~i[SBJ.V-ed.something][V→V]-~sf:isqe[to.ask.or.tell.one.to.V][Cmpd_Vbl]-@₁~:(i/u)ma[to.have.V-ed][to.have.been.V-ed][V→V][V][Trns][Cond][3Sg][1Sg]
awalightiisqumakanga	awaligh-ti[to.speak.the.language.of.N][N→V]-~i[SBJ.V-ed.something][V→V]-~i[SBJ.V-ed.something][V→V]-~i[SBJ.V-ed.something][V→V]-~sf:isqe[to.ask.or.tell.one.to.V][Cmpd_Vbl]-@₁~:(i/u)ma[to.have.V-ed][to.have.been.V-ed][V→V][V][Trns][Ptcp][3Sg][3Sg]
awalightiisqumakanga	awaligh-ti[to.speak.the.language.of.N][N→V]-~i[SBJ.V-ed.something][V→V]-~i[SBJ.V-ed.something][V→V]-~i[SBJ.V-ed.something][V→V]-~sf:isqe[to.ask.or.tell.one.to.V][Cmpd_Vbl]-@₁~:(i/u)ma[to.have.V-ed][to.have.been.V-ed][V→V][V][Trns][Cond][3Sg][1Sg]
awalightiisqumakanga	awaligh-ti[to.speak.the.language.of.N][N→V]-~i[SBJ.V-ed.something][V→V]-~i[SBJ.V-ed.something][V→V]-~sf:isqe[to.ask.or.tell.one.to.V][Cmpd_Vbl]-@₁~:(i/u)ma[to.have.V-ed][to.have.been.V-ed][V→V]-@*@₂~sf–(g₂)k(a)e[the.one.that.possessor.V-ed][V→N][N][Abs][3SgPoss][SgPosd]
awalightiisqumakanga	awaligh-ti[to.speak.the.language.of.N][N→V]-~i[SBJ.V-ed.something][V→V]-~i[SBJ.V-ed.something][V→V]-~sf:isqe[to.ask.or.tell.one.to.V][Cmpd_Vbl]-@₁~:(i/u)ma[to.have.V-ed][to.have.been.V-ed][V→V][V][Trns][Ptcp][3Sg][3Sg]
awalightiisqumakanga	awaligh-ti[to.speak.the.language.of.N][N→V]-~i[SBJ.V-ed.something][V→V]-~i[SBJ.V-ed.something][V→V]-~sf:isqe[to.ask.or.tell.one.to.V][Cmpd_Vbl]-@₁~:(i/u)ma[to.have.V-ed][to.have.been.V-ed][V→V][V][Trns][Cond][3Sg][1Sg]
awalightiisqumakanga	awaligh-ti[to.speak.the.language.of.N][N→V]-~i[SBJ.V-ed.something][V→V]-~sf:isqe[to.ask.or.tell.one.to.V][Cmpd_Vbl]-@₁~:(i/u)ma[to.have.V-ed][to.have.been.V-ed][V→V]-@*@₂~sf–(g₂)k(a)e[the.one.that.possessor.V-ed][V→N][N][Abs][3SgPoss][SgPosd]
awalightiisqumakanga	awaligh-ti[to.speak.the.language.of.N][N→V]-~i[SBJ.V-ed.something][V→V]-~sf:isqe[to.ask.or.tell.one.to.V][Cmpd_Vbl]-@₁~:(i/u)ma[to.have.V-ed][to.have.been.V-ed][V→V][V][Trns][Ptcp][3Sg][3Sg]
awalightiisqumakanga	awaligh-ti[to.speak.the.language.of.N][N→V]-~i[SBJ.V-ed.something][V→V]-~sf:isqe[to.ask.or.tell.one.to.V][Cmpd_Vbl]-@₁~:(i/u)ma[to.have.V-ed][to.have.been.V-ed][V→V][V][Trns][Cond][3Sg][1Sg]
awalightiisqumakanga	awaligh-ti[to.speak.the.language.of.N][N→V]-~sf:isqe[to.ask.or.tell.one.to.V][Cmpd_Vbl]-@₁~:(i/u)ma[to.have.V-ed][to.have.been.V-ed][V→V]-@*@₂~sf–(g₂)k(a)e[the.one.that.possessor.V-ed][V→N][N][Abs][3SgPoss][SgPosd]
awalightiisqumakanga	awaligh-ti[to.speak.the.language.of.N][N→V]-~sf:isqe[to.ask.or.tell.one.to.V][Cmpd_Vbl]-@₁~:(i/u)ma[to.have.V-ed][to.have.been.V-ed][V→V][V][Trns][Ptcp][3Sg][3Sg]
awalightiisqumakanga	awaligh-ti[to.speak.the.language.of.N][N→V]-~sf:isqe[to.ask.or.tell.one.to.V][Cmpd_Vbl]-@₁~:(i/u)ma[to.have.V-ed][to.have.been.V-ed][V→V][V][Trns][Cond][3Sg][1Sg]
awalightiisqumakanga	awaligh-tugh[to.eat.N][to.use.N][N→V]-~sf:isqe[to.ask.or.tell.one.to.V][Cmpd_Vbl]-@₁~:(i/u)ma[to.have.V-ed][to.have.been.V-ed][V→V]-@*@₂~sf–(g₂)k(a)e[the.one.that.possessor.V-ed][V→N][N][Abs][3SgPoss][SgPosd]
awalightiisqumakanga	awaligh-tugh[to.eat.N][to.use.N][N→V]-~sf:isqe[to.ask.or.tell.one.to.V][Cmpd_Vbl]-@₁~:(i/u)ma[to.have.V-ed][to.have.been.V-ed][V→V][V][Trns][Ptcp][3Sg][3Sg]
awalightiisqumakanga	awaligh-tugh[to.eat.N][to.use.N][N→V]-~sf:isqe[to.ask.or.tell.one.to.V][Cmpd_Vbl]-@₁~:(i/u)ma[to.have.V-ed][to.have.been.V-ed][V→V][V][Trns][Cond][3Sg][1Sg]

quyngimeng	quyngigh[N][Abl_Mod][Unpd][Sg]
quyngimeng	quyngigh[N][Rel][4DuPoss][PlPosd]
quyngimeng	quyngigh[N][Rel][4DuPoss][SgPosd]
quyngimeng	quyngigh[N][Rel][4PlPoss][PlPosd]
quyngimeng	quyngigh[N][Rel][4PlPoss][SgPosd]

------------------------
Llaaghanwha aghnaghaq awalightuumalghii.

llaaghanwha	llaaghanwha

aghnaghaq	aghnagh[V][Trns][Ind][3Sg][3Du]
aghnaghaq	aghnaghagh*[N][Abs][Unpd][Sg]

awalightuumalghii	awaligh-tugh[to.eat.N][to.use.N][N→V]-@₁~:(i/u)ma[to.have.V-ed][to.have.been.V-ed][V→V]-@₁–lghii[the.one.that.V-ed][the.one.that.is.V][V→N][N][Abs][Unpd][Sg]

------------------------
Tuuneghminiki aghnaghaat ilangi piiqelghiit, "Ipa whanga piksaghaqa."

tuuneghminiki	+?

aghnaghaat	aghnagh[V][Trns][Ind][3Pl][3Sg]
aghnaghaat	aghnaghagh*[N][Abs][Unpd][Pl]
aghnaghaat	aghnaghagh*[N][Abs][3PlPoss][SgPosd]
aghnaghaat	aghnaghagh*[N][Rel][Unpd][Pl]

ilangi	ila[N][Abs][3SgPoss][PlPosd]

piiqelghiit	pi-~(g₁)aqe[to.be.V.ing][to.regularly.or.repeatedly.V][V→V]-@₁–lghii[the.one.that.V-ed][the.one.that.is.V][V→N][N][Abs][Unpd][Pl]
piiqelghiit	pi-~(g₁)aqe[to.be.V.ing][to.regularly.or.repeatedly.V][V→V]-@₁–lghii[the.one.that.V-ed][the.one.that.is.V][V→N][N][Rel][Unpd][Pl]
piiqelghiit	pi-~(g₁)aqe[to.be.V.ing][to.regularly.or.repeatedly.V][V→V][V][Intr][Ptcp][3Pl]
piiqelghiit	piigh-~–ke[to.have.as.one's.N(s)][N→V]-@₁–lghii[the.one.that.V-ed][the.one.that.is.V][V→N][N][Abs][Unpd][Pl]
piiqelghiit	piigh-~–ke[to.have.as.one's.N(s)][N→V]-@₁–lghii[the.one.that.V-ed][the.one.that.is.V][V→N][N][Rel][Unpd][Pl]
piiqelghiit	piigh-~–ke[to.have.as.one's.N(s)][N→V][V][Intr][Ptcp][3Pl]

ipa	ipa

whanga	wha[N][Abs][3SgPoss][SgPosd]
whanga	whanga

piksaghaqa	+?

------------------------
Llaaghanwha aklungighimalghiit saama yupigughsimalghiit.

llaaghanwha	llaaghanwha

aklungighimalghiit	+?

saama	saa[N][Rel][1SgPoss][SgPosd]
saama	saa[N][Rel][1SgPoss][PlPosd]
saama	saam[N][Abs][3SgPoss][SgPosd]
saama	saama
saama	saama[N][Abs][Unpd][Sg]

yupigughsimalghiit	+?

------------------------


	

------------------------
Qamagtuq, Tefaay.

qamagtuq	qamagte[V][Intr][Ind][3Sg]

tefaay	tefaay

------------------------
