Afsengaghhaq

﻿afsengaghhaq	+?

------------------------


	

------------------------
Iimnanguq, afsengaghhaq meqsaghtuumalghii naayvam qukaanun.

iimnanguq	iime-@₁~fna[in.order.to.V][intending.to.V][V→V]-@*ngugh*[the.one.that.V-ed][the.one.that.is.V][V→N][N][Abs][Unpd][Sg]
iimnanguq	iimna[N][Abs][Unpd][Sg]-nguq[Encl]
iimnanguq	iimnanguq
iimnanguq	iimnangugh[N][Abs][Unpd][Sg]

afsengaghhaq	afsengagh*-–ghhagh*[dear.N][N→N][N][Abs][Unpd][Sg]

meqsaghtuumalghii	megh-~–ke[to.have.as.one's.N(s)][N→V]-te[to.act.on.so.as.to.cause.to.V][V→V]-te[to.act.on.so.as.to.cause.to.V][V→V]-@₁~fyaghtugh[to.be.about.to.V][to.go.somewhere.to.V]-@₁~:(i/u)ma[to.have.V-ed][to.have.been.V-ed][V→V]-@₁–lghii[the.one.that.V-ed][the.one.that.is.V][V→N][N][Abs][Unpd][Sg]
meqsaghtuumalghii	megh-~–ke[to.have.as.one's.N(s)][N→V]-te[to.act.on.so.as.to.cause.to.V][V→V]-@₁~fyaghtugh[to.be.about.to.V][to.go.somewhere.to.V]-@₁~:(i/u)ma[to.have.V-ed][to.have.been.V-ed][V→V]-@₁–lghii[the.one.that.V-ed][the.one.that.is.V][V→N][N][Abs][Unpd][Sg]
meqsaghtuumalghii	megh-~–ke[to.have.as.one's.N(s)][N→V]-@₁~fyaghtugh[to.be.about.to.V][to.go.somewhere.to.V]-@₁~:(i/u)ma[to.have.V-ed][to.have.been.V-ed][V→V]-@₁–lghii[the.one.that.V-ed][the.one.that.is.V][V→N][N][Abs][Unpd][Sg]
meqsaghtuumalghii	meqe-te[to.act.on.so.as.to.cause.to.V][V→V]-@₁~fyaghtugh[to.be.about.to.V][to.go.somewhere.to.V]-@₁~:(i/u)ma[to.have.V-ed][to.have.been.V-ed][V→V]-@₁–lghii[the.one.that.V-ed][the.one.that.is.V][V→N][N][Abs][Unpd][Sg]
meqsaghtuumalghii	meqe-@₁~fyaghtugh[to.be.about.to.V][to.go.somewhere.to.V]-@₁~:(i/u)ma[to.have.V-ed][to.have.been.V-ed][V→V]-@₁–lghii[the.one.that.V-ed][the.one.that.is.V][V→N][N][Abs][Unpd][Sg]
meqsaghtuumalghii	meqete-@₁~fyaghtugh[to.be.about.to.V][to.go.somewhere.to.V]-@₁~:(i/u)ma[to.have.V-ed][to.have.been.V-ed][V→V]-@₁–lghii[the.one.that.V-ed][the.one.that.is.V][V→N][N][Abs][Unpd][Sg]
meqsaghtuumalghii	meqsaghtugh-@₁~:(i/u)ma[to.have.V-ed][to.have.been.V-ed][V→V]-@₁–lghii[the.one.that.V-ed][the.one.that.is.V][V→N][N][Abs][Unpd][Sg]

naayvam	Naayvagh[N][Rel][Unpd][Sg]
naayvam	naayvagh[N][Rel][Unpd][Sg]

qukaanun	Qukaa[N][Ter][Unpd][Pl]
qukaanun	qukagh[N][Ter][3SgPoss][SgPosd]
qukaanun	qukagh[N][Ter][3SgPoss][PlPosd]

------------------------
Meghumalghii anglaaghhaq ukilluku.

meghumalghii	megh-@₁~:(i/u)ma[to.have.V-ed][to.have.been.V-ed][V→V]-@₁–lghii[the.one.that.V-ed][the.one.that.is.V][V→N][N][Abs][Unpd][Sg]
meghumalghii	megh-~:(ng₁)u[to.be.N][N→V]-@₁~:(i/u)ma[to.have.V-ed][to.have.been.V-ed][V→V]-@₁–lghii[the.one.that.V-ed][the.one.that.is.V][V→N][N][Abs][Unpd][Sg]
meghumalghii	meghe-@₁~:(i/u)ma[to.have.V-ed][to.have.been.V-ed][V→V]-@₁–lghii[the.one.that.V-ed][the.one.that.is.V][V→N][N][Abs][Unpd][Sg]

anglaaghhaq	anglaagh-–ghhagh*[dear.N][N→N][N][Abs][Unpd][Sg]

ukilluku	uki-te[to.act.on.so.as.to.cause.to.V][V→V][V][Trns][Sbrd][_][3Sg]
ukilluku	uki-~:(u)te[to.V.for.or.with][to.cause.to.V.as.one.is.V-ing][to.V.toward.each.other][V→V]-te[to.act.on.so.as.to.cause.to.V][V→V][V][Trns][Sbrd][_][3Sg]
ukilluku	ukite[V][Trns][Sbrd][_][3Sg]

------------------------
Meneghmeng taaqluni aqumumalghii anglaaghem saaghwani.

meneghmeng	megh-@₁–negh[the.act.or.activity.of.V-ing][V→N][N][Abl_Mod][Unpd][Sg]
meneghmeng	megh-@₁–negh[the.act.or.activity.of.V-ing][V→N][N][Rel][4DuPoss][PlPosd]
meneghmeng	megh-@₁–negh[the.act.or.activity.of.V-ing][V→N][N][Rel][4DuPoss][SgPosd]
meneghmeng	megh-@₁–negh[the.act.or.activity.of.V-ing][V→N][N][Rel][4PlPoss][PlPosd]
meneghmeng	megh-@₁–negh[the.act.or.activity.of.V-ing][V→N][N][Rel][4PlPoss][SgPosd]
meneghmeng	megh[V][Intr][Ctmp][4Pl]
meneghmeng	menegh[N][Abl_Mod][Unpd][Sg]
meneghmeng	menegh[N][Rel][4DuPoss][PlPosd]
meneghmeng	menegh[N][Rel][4DuPoss][SgPosd]
meneghmeng	menegh[N][Rel][4PlPoss][PlPosd]
meneghmeng	menegh[N][Rel][4PlPoss][SgPosd]

taaqluni	taaqe-te[to.act.on.so.as.to.cause.to.V][V→V][V][Intr][Sbrd][3Sg]
taaqluni	taaqe[V][Intr][Sbrd][3Sg]

aqumumalghii	aqume-@₁~:(i/u)ma[to.have.V-ed][to.have.been.V-ed][V→V]-@₁–lghii[the.one.that.V-ed][the.one.that.is.V][V→N][N][Abs][Unpd][Sg]

anglaaghem	anglaagh[N][Rel][Unpd][Sg]

saaghwani	saaghw[N][Loc][3SgPoss][SgPosd]
saaghwani	saaghw[N][Loc][3SgPoss][PlPosd]

------------------------
Meghnaalimalghii tawani.

meghnaalimalghii	meghnaali-@₁~:(i/u)ma[to.have.V-ed][to.have.been.V-ed][V→V]-@₁–lghii[the.one.that.V-ed][the.one.that.is.V][V→N][N][Abs][Unpd][Sg]

tawani	tawani
tawani	tawani[N][Abs][Unpd][Sg]

------------------------
Meghnaalimaluku paapga kumlatusimakanga.

meghnaalimaluku	meghnaali-@₁~:(i/u)ma[to.have.V-ed][to.have.been.V-ed][V→V]-~:(u)te[to.V.for.or.with][to.cause.to.V.as.one.is.V-ing][to.V.toward.each.other][V→V][V][Trns][Sbrd][_][3Sg]
meghnaalimaluku	meghnaali-@₁~:(i/u)ma[to.have.V-ed][to.have.been.V-ed][V→V][V][Trns][Sbrd][_][3Sg]

paapga	papeg[N][Abs][3SgPoss][SgPosd]

kumlatusimakanga	kumlate-~:(u)te[to.V.for.or.with][to.cause.to.V.as.one.is.V-ing][to.V.toward.each.other][V→V]-@₁~:(i/u)ma[to.have.V-ed][to.have.been.V-ed][V→V]-@*@₂~sf–(g₂)k(a)e[the.one.that.possessor.V-ed][V→N][N][Abs][3SgPoss][SgPosd]
kumlatusimakanga	kumlate-~:(u)te[to.V.for.or.with][to.cause.to.V.as.one.is.V-ing][to.V.toward.each.other][V→V]-@₁~:(i/u)ma[to.have.V-ed][to.have.been.V-ed][V→V][V][Trns][Ptcp][3Sg][3Sg]
kumlatusimakanga	kumlate-~:(u)te[to.V.for.or.with][to.cause.to.V.as.one.is.V-ing][to.V.toward.each.other][V→V]-@₁~:(i/u)ma[to.have.V-ed][to.have.been.V-ed][V→V][V][Trns][Cond][3Sg][1Sg]
kumlatusimakanga	kumlate-~:(u)te[SBJ.V-ed.something][V→V]-@₁~:(i/u)ma[to.have.V-ed][to.have.been.V-ed][V→V]-@*@₂~sf–(g₂)k(a)e[the.one.that.possessor.V-ed][V→N][N][Abs][3SgPoss][SgPosd]

------------------------
Ilagaamalghii inqunamen papeni ghhataghtesqelluku, "Kanakiii, kanakiii, kanakiii, kanakiii, ukigem talatanga!

ilagaamalghii	ilagagh-@₁~:(i/u)ma[to.have.V-ed][to.have.been.V-ed][V→V]-@₁–lghii[the.one.that.V-ed][the.one.that.is.V][V→N][N][Abs][Unpd][Sg]

inqunamen	+?

papeni	papeg[N][Abs][4SgPoss][SgPosd]
papeni	papeg[N][Abs][4SgPoss][PlPosd]

ghhataghtesqelluku	+?

kanakiii	+?

kanakiii	+?

kanakiii	+?

kanakiii	+?

ukigem	+?

talatanga	+?

------------------------
Kiyayuvaghluktungaaaa!

kiyayuvaghluktungaaaa	+?

------------------------
Amiqluk pikrungaaaaaa, taymanalukaa, kalalikaaaa, taymanalukaa, kalalikaaaa."

amiqluk	+?

pikrungaaaaaa	+?

taymanalukaa	+?

kalalikaaaa	+?

taymanalukaa	+?

kalalikaaaa	+?

------------------------


	

------------------------
Taaqumalghii ilaganeghmeng.

taaqumalghii	taaqe-@₁~:(i/u)ma[to.have.V-ed][to.have.been.V-ed][V→V]-@₁–lghii[the.one.that.V-ed][the.one.that.is.V][V→N][N][Abs][Unpd][Sg]

ilaganeghmeng	ilagagh-@₁–negh[the.act.or.activity.of.V-ing][V→N][N][Abl_Mod][Unpd][Sg]
ilaganeghmeng	ilagagh-@₁–negh[the.act.or.activity.of.V-ing][V→N][N][Rel][4DuPoss][PlPosd]
ilaganeghmeng	ilagagh-@₁–negh[the.act.or.activity.of.V-ing][V→N][N][Rel][4DuPoss][SgPosd]
ilaganeghmeng	ilagagh-@₁–negh[the.act.or.activity.of.V-ing][V→N][N][Rel][4PlPoss][PlPosd]
ilaganeghmeng	ilagagh-@₁–negh[the.act.or.activity.of.V-ing][V→N][N][Rel][4PlPoss][SgPosd]
ilaganeghmeng	ilagagh[V][Intr][Ctmp][4Pl]

------------------------
Sunanguq taana amiqluggaq ketfaghaghta.

sunanguq	suna[N][Abs][Unpd][Sg]-nguq[Encl]
sunanguq	sunanguq

taana	taane[V][Intr][Intrg][3Sg]
taana	taana

amiqluggaq	+?

ketfaghaghta	+?

------------------------
Afsengaghhaam pimakanga, "Awiiten!

afsengaghhaam	afsengagh*-–ghhagh*[dear.N][N→N][N][Rel][Unpd][Sg]

pimakanga	pi-@₁~:(i/u)ma[to.have.V-ed][to.have.been.V-ed][V→V]-@*@₂~sf–(g₂)k(a)e[the.one.that.possessor.V-ed][V→N][N][Abs][3SgPoss][SgPosd]
pimakanga	pi-@₁~:(i/u)ma[to.have.V-ed][to.have.been.V-ed][V→V][V][Trns][Ptcp][3Sg][3Sg]
pimakanga	pi-@₁~:(i/u)ma[to.have.V-ed][to.have.been.V-ed][V→V][V][Trns][Cond][3Sg][1Sg]

awiiten	aw-~:(ng₁)u[to.be.N][N→V]-~i[SBJ.V-ed.something][V→V]-~i[SBJ.V-ed.something][V→V]-~i[SBJ.V-ed.something][V→V]-~i[SBJ.V-ed.something][V→V]-~i[SBJ.V-ed.something][V→V]-~:(u)te[to.V.for.or.with][to.cause.to.V.as.one.is.V-ing][to.V.toward.each.other][V→V][V][Intr][Opt][PRS][2Sg]
awiiten	aw-~:(ng₁)u[to.be.N][N→V]-~i[SBJ.V-ed.something][V→V]-~i[SBJ.V-ed.something][V→V]-~i[SBJ.V-ed.something][V→V]-~i[SBJ.V-ed.something][V→V]-~i[SBJ.V-ed.something][V→V]-~:(u)te[SBJ.V-ed.something][V→V][V][Intr][Opt][PRS][2Sg]
awiiten	aw-~:(ng₁)u[to.be.N][N→V]-~i[SBJ.V-ed.something][V→V]-~i[SBJ.V-ed.something][V→V]-~i[SBJ.V-ed.something][V→V]-~i[SBJ.V-ed.something][V→V]-~i[SBJ.V-ed.something][V→V]-te[to.act.on.so.as.to.cause.to.V][V→V][V][Intr][Opt][PRS][2Sg]
awiiten	aw-~:(ng₁)u[to.be.N][N→V]-~i[SBJ.V-ed.something][V→V]-~i[SBJ.V-ed.something][V→V]-~i[SBJ.V-ed.something][V→V]-~i[SBJ.V-ed.something][V→V]-~:(u)te[to.V.for.or.with][to.cause.to.V.as.one.is.V-ing][to.V.toward.each.other][V→V][V][Intr][Opt][PRS][2Sg]
awiiten	aw-~:(ng₁)u[to.be.N][N→V]-~i[SBJ.V-ed.something][V→V]-~i[SBJ.V-ed.something][V→V]-~i[SBJ.V-ed.something][V→V]-~i[SBJ.V-ed.something][V→V]-~:(u)te[condition.with.respect.to.V-ing][V→N][N][Abs][2SgPoss][SgPosd]
awiiten	aw-~:(ng₁)u[to.be.N][N→V]-~i[SBJ.V-ed.something][V→V]-~i[SBJ.V-ed.something][V→V]-~i[SBJ.V-ed.something][V→V]-~i[SBJ.V-ed.something][V→V]-~:(u)te[SBJ.V-ed.something][V→V][V][Intr][Opt][PRS][2Sg]
awiiten	aw-~:(ng₁)u[to.be.N][N→V]-~i[SBJ.V-ed.something][V→V]-~i[SBJ.V-ed.something][V→V]-~i[SBJ.V-ed.something][V→V]-~i[SBJ.V-ed.something][V→V]-te[to.act.on.so.as.to.cause.to.V][V→V][V][Intr][Opt][PRS][2Sg]
awiiten	aw-~:(ng₁)u[to.be.N][N→V]-~i[SBJ.V-ed.something][V→V]-~i[SBJ.V-ed.something][V→V]-~i[SBJ.V-ed.something][V→V]-~:(u)te[to.V.for.or.with][to.cause.to.V.as.one.is.V-ing][to.V.toward.each.other][V→V][V][Intr][Opt][PRS][2Sg]
awiiten	aw-~:(ng₁)u[to.be.N][N→V]-~i[SBJ.V-ed.something][V→V]-~i[SBJ.V-ed.something][V→V]-~i[SBJ.V-ed.something][V→V]-~:(u)te[condition.with.respect.to.V-ing][V→N][N][Abs][2SgPoss][SgPosd]
awiiten	aw-~:(ng₁)u[to.be.N][N→V]-~i[SBJ.V-ed.something][V→V]-~i[SBJ.V-ed.something][V→V]-~i[SBJ.V-ed.something][V→V]-~:(u)te[SBJ.V-ed.something][V→V][V][Intr][Opt][PRS][2Sg]
awiiten	aw-~:(ng₁)u[to.be.N][N→V]-~i[SBJ.V-ed.something][V→V]-~i[SBJ.V-ed.something][V→V]-~i[SBJ.V-ed.something][V→V]-te[to.act.on.so.as.to.cause.to.V][V→V][V][Intr][Opt][PRS][2Sg]
awiiten	aw-~:(ng₁)u[to.be.N][N→V]-~i[SBJ.V-ed.something][V→V]-~i[SBJ.V-ed.something][V→V]-~:(u)te[to.V.for.or.with][to.cause.to.V.as.one.is.V-ing][to.V.toward.each.other][V→V][V][Intr][Opt][PRS][2Sg]
awiiten	aw-~:(ng₁)u[to.be.N][N→V]-~i[SBJ.V-ed.something][V→V]-~i[SBJ.V-ed.something][V→V]-~:(u)te[condition.with.respect.to.V-ing][V→N][N][Abs][2SgPoss][SgPosd]
awiiten	aw-~:(ng₁)u[to.be.N][N→V]-~i[SBJ.V-ed.something][V→V]-~i[SBJ.V-ed.something][V→V]-~:(u)te[SBJ.V-ed.something][V→V][V][Intr][Opt][PRS][2Sg]
awiiten	aw-~:(ng₁)u[to.be.N][N→V]-~i[SBJ.V-ed.something][V→V]-~i[SBJ.V-ed.something][V→V]-te[to.act.on.so.as.to.cause.to.V][V→V][V][Intr][Opt][PRS][2Sg]
awiiten	aw-~:(ng₁)u[to.be.N][N→V]-~i[SBJ.V-ed.something][V→V]-~:(u)te[to.V.for.or.with][to.cause.to.V.as.one.is.V-ing][to.V.toward.each.other][V→V][V][Intr][Opt][PRS][2Sg]
awiiten	aw-~:(ng₁)u[to.be.N][N→V]-~i[SBJ.V-ed.something][V→V]-~:(u)te[condition.with.respect.to.V-ing][V→N][N][Abs][2SgPoss][SgPosd]
awiiten	aw-~:(ng₁)u[to.be.N][N→V]-~i[SBJ.V-ed.something][V→V]-~:(u)te[SBJ.V-ed.something][V→V][V][Intr][Opt][PRS][2Sg]
awiiten	aw-~:(ng₁)u[to.be.N][N→V]-~i[SBJ.V-ed.something][V→V]-te[to.act.on.so.as.to.cause.to.V][V→V][V][Intr][Opt][PRS][2Sg]
awiiten	awii[N][Abs][2SgPoss][PlPosd]
awiiten	awii-te[to.catch.N][to.go.to.N][N→V][V][Intr][Opt][PRS][2Sg]
awiiten	awii[N][Abs][2SgPoss][PlPosd]

------------------------
Uuynituten!"

uuynituten	uuyni[N][Abs][Unpd][Sg]-ete[to.be]-~:(u)te[to.V.for.or.with][to.cause.to.V.as.one.is.V-ing][to.V.toward.each.other][V→V][V][Intr][Opt][PRS][2Sg]
uuynituten	uuyni[N][Abs][Unpd][Sg]-ete[to.be]-~:(u)te[condition.with.respect.to.V-ing][V→N][N][Abs][2SgPoss][SgPosd]
uuynituten	uuyni[N][Abs][Unpd][Sg]-ete[to.be]-~:(u)te[SBJ.V-ed.something][V→V][V][Intr][Opt][PRS][2Sg]
uuynituten	uuyni[N][Abs][Unpd][Sg]-ete[to.be][V][Intr][Ind][2Sg]
uuynituten	uuynite-~:(u)te[to.V.for.or.with][to.cause.to.V.as.one.is.V-ing][to.V.toward.each.other][V→V][V][Intr][Opt][PRS][2Sg]
uuynituten	uuynite-~:(u)te[condition.with.respect.to.V-ing][V→N][N][Abs][2SgPoss][SgPosd]
uuynituten	uuynite-~:(u)te[SBJ.V-ed.something][V→V][V][Intr][Opt][PRS][2Sg]
uuynituten	uuynite[V][Intr][Ind][2Sg]
uuynituten	uuyni-te[to.catch.N][to.go.to.N][N→V]-~:(u)te[to.V.for.or.with][to.cause.to.V.as.one.is.V-ing][to.V.toward.each.other][V→V][V][Intr][Opt][PRS][2Sg]
uuynituten	uuyni-te[to.catch.N][to.go.to.N][N→V]-~:(u)te[condition.with.respect.to.V-ing][V→N][N][Abs][2SgPoss][SgPosd]
uuynituten	uuyni-te[to.catch.N][to.go.to.N][N→V]-~:(u)te[SBJ.V-ed.something][V→V][V][Intr][Opt][PRS][2Sg]
uuynituten	uuyni-te[to.catch.N][to.go.to.N][N→V][V][Intr][Ind][2Sg]

------------------------
Amiqluggaq aghulaqumalghii.

amiqluggaq	+?

aghulaqumalghii	aghulaqe-@₁~:(i/u)ma[to.have.V-ed][to.have.been.V-ed][V→V]-@₁–lghii[the.one.that.V-ed][the.one.that.is.V][V→N][N][Abs][Unpd][Sg]

------------------------
Allameng ilagaghlaataamalghii, "Kanakiii, kanakiii, kanakiii, kanakiii, ukigem talatanga!

allameng	alla[N][Abl_Mod][Unpd][Sg]
allameng	alla[N][Rel][4DuPoss][PlPosd]
allameng	alla[N][Rel][4DuPoss][SgPosd]
allameng	alla[N][Rel][4PlPoss][PlPosd]
allameng	alla[N][Rel][4PlPoss][SgPosd]
allameng	allameng

ilagaghlaataamalghii	ilagagh-@₁~laatagh[to.V.anyway][despite.everything.to.still.V][V→V]-@₁~:(i/u)ma[to.have.V-ed][to.have.been.V-ed][V→V]-@₁–lghii[the.one.that.V-ed][the.one.that.is.V][V→N][N][Abs][Unpd][Sg]

kanakiii	+?

kanakiii	+?

kanakiii	+?

kanakiii	+?

ukigem	+?

talatanga	+?

------------------------
Kiyayuvaghluktungaaaa, sikik pikrungaaaaaa, taymanalukaa, kalalikaaaa."

kiyayuvaghluktungaaaa	+?

sikik	sikig[N][Abs][Unpd][Sg]

pikrungaaaaaa	+?

taymanalukaa	+?

kalalikaaaa	+?

------------------------


	

------------------------
Sunanguq taana sikiggaq ketfaghta.

sunanguq	suna[N][Abs][Unpd][Sg]-nguq[Encl]
sunanguq	sunanguq

taana	taane[V][Intr][Intrg][3Sg]
taana	taana

sikiggaq	+?

ketfaghta	ketfagh[V][Intr][Intrg][3Sg]
ketfaghta	ketfaghte[V][Intr][Intrg][3Sg]
ketfaghta	ketfagh-te[to.act.on.so.as.to.cause.to.V][V→V][V][Intr][Intrg][3Sg]

------------------------
Afsengaghhaam pimakanga, "Awiiten!

afsengaghhaam	afsengagh*-–ghhagh*[dear.N][N→N][N][Rel][Unpd][Sg]

pimakanga	pi-@₁~:(i/u)ma[to.have.V-ed][to.have.been.V-ed][V→V]-@*@₂~sf–(g₂)k(a)e[the.one.that.possessor.V-ed][V→N][N][Abs][3SgPoss][SgPosd]
pimakanga	pi-@₁~:(i/u)ma[to.have.V-ed][to.have.been.V-ed][V→V][V][Trns][Ptcp][3Sg][3Sg]
pimakanga	pi-@₁~:(i/u)ma[to.have.V-ed][to.have.been.V-ed][V→V][V][Trns][Cond][3Sg][1Sg]

awiiten	aw-~:(ng₁)u[to.be.N][N→V]-~i[SBJ.V-ed.something][V→V]-~i[SBJ.V-ed.something][V→V]-~i[SBJ.V-ed.something][V→V]-~i[SBJ.V-ed.something][V→V]-~i[SBJ.V-ed.something][V→V]-~:(u)te[to.V.for.or.with][to.cause.to.V.as.one.is.V-ing][to.V.toward.each.other][V→V][V][Intr][Opt][PRS][2Sg]
awiiten	aw-~:(ng₁)u[to.be.N][N→V]-~i[SBJ.V-ed.something][V→V]-~i[SBJ.V-ed.something][V→V]-~i[SBJ.V-ed.something][V→V]-~i[SBJ.V-ed.something][V→V]-~i[SBJ.V-ed.something][V→V]-~:(u)te[SBJ.V-ed.something][V→V][V][Intr][Opt][PRS][2Sg]
awiiten	aw-~:(ng₁)u[to.be.N][N→V]-~i[SBJ.V-ed.something][V→V]-~i[SBJ.V-ed.something][V→V]-~i[SBJ.V-ed.something][V→V]-~i[SBJ.V-ed.something][V→V]-~i[SBJ.V-ed.something][V→V]-te[to.act.on.so.as.to.cause.to.V][V→V][V][Intr][Opt][PRS][2Sg]
awiiten	aw-~:(ng₁)u[to.be.N][N→V]-~i[SBJ.V-ed.something][V→V]-~i[SBJ.V-ed.something][V→V]-~i[SBJ.V-ed.something][V→V]-~i[SBJ.V-ed.something][V→V]-~:(u)te[to.V.for.or.with][to.cause.to.V.as.one.is.V-ing][to.V.toward.each.other][V→V][V][Intr][Opt][PRS][2Sg]
awiiten	aw-~:(ng₁)u[to.be.N][N→V]-~i[SBJ.V-ed.something][V→V]-~i[SBJ.V-ed.something][V→V]-~i[SBJ.V-ed.something][V→V]-~i[SBJ.V-ed.something][V→V]-~:(u)te[condition.with.respect.to.V-ing][V→N][N][Abs][2SgPoss][SgPosd]
awiiten	aw-~:(ng₁)u[to.be.N][N→V]-~i[SBJ.V-ed.something][V→V]-~i[SBJ.V-ed.something][V→V]-~i[SBJ.V-ed.something][V→V]-~i[SBJ.V-ed.something][V→V]-~:(u)te[SBJ.V-ed.something][V→V][V][Intr][Opt][PRS][2Sg]
awiiten	aw-~:(ng₁)u[to.be.N][N→V]-~i[SBJ.V-ed.something][V→V]-~i[SBJ.V-ed.something][V→V]-~i[SBJ.V-ed.something][V→V]-~i[SBJ.V-ed.something][V→V]-te[to.act.on.so.as.to.cause.to.V][V→V][V][Intr][Opt][PRS][2Sg]
awiiten	aw-~:(ng₁)u[to.be.N][N→V]-~i[SBJ.V-ed.something][V→V]-~i[SBJ.V-ed.something][V→V]-~i[SBJ.V-ed.something][V→V]-~:(u)te[to.V.for.or.with][to.cause.to.V.as.one.is.V-ing][to.V.toward.each.other][V→V][V][Intr][Opt][PRS][2Sg]
awiiten	aw-~:(ng₁)u[to.be.N][N→V]-~i[SBJ.V-ed.something][V→V]-~i[SBJ.V-ed.something][V→V]-~i[SBJ.V-ed.something][V→V]-~:(u)te[condition.with.respect.to.V-ing][V→N][N][Abs][2SgPoss][SgPosd]
awiiten	aw-~:(ng₁)u[to.be.N][N→V]-~i[SBJ.V-ed.something][V→V]-~i[SBJ.V-ed.something][V→V]-~i[SBJ.V-ed.something][V→V]-~:(u)te[SBJ.V-ed.something][V→V][V][Intr][Opt][PRS][2Sg]
awiiten	aw-~:(ng₁)u[to.be.N][N→V]-~i[SBJ.V-ed.something][V→V]-~i[SBJ.V-ed.something][V→V]-~i[SBJ.V-ed.something][V→V]-te[to.act.on.so.as.to.cause.to.V][V→V][V][Intr][Opt][PRS][2Sg]
awiiten	aw-~:(ng₁)u[to.be.N][N→V]-~i[SBJ.V-ed.something][V→V]-~i[SBJ.V-ed.something][V→V]-~:(u)te[to.V.for.or.with][to.cause.to.V.as.one.is.V-ing][to.V.toward.each.other][V→V][V][Intr][Opt][PRS][2Sg]
awiiten	aw-~:(ng₁)u[to.be.N][N→V]-~i[SBJ.V-ed.something][V→V]-~i[SBJ.V-ed.something][V→V]-~:(u)te[condition.with.respect.to.V-ing][V→N][N][Abs][2SgPoss][SgPosd]
awiiten	aw-~:(ng₁)u[to.be.N][N→V]-~i[SBJ.V-ed.something][V→V]-~i[SBJ.V-ed.something][V→V]-~:(u)te[SBJ.V-ed.something][V→V][V][Intr][Opt][PRS][2Sg]
awiiten	aw-~:(ng₁)u[to.be.N][N→V]-~i[SBJ.V-ed.something][V→V]-~i[SBJ.V-ed.something][V→V]-te[to.act.on.so.as.to.cause.to.V][V→V][V][Intr][Opt][PRS][2Sg]
awiiten	aw-~:(ng₁)u[to.be.N][N→V]-~i[SBJ.V-ed.something][V→V]-~:(u)te[to.V.for.or.with][to.cause.to.V.as.one.is.V-ing][to.V.toward.each.other][V→V][V][Intr][Opt][PRS][2Sg]
awiiten	aw-~:(ng₁)u[to.be.N][N→V]-~i[SBJ.V-ed.something][V→V]-~:(u)te[condition.with.respect.to.V-ing][V→N][N][Abs][2SgPoss][SgPosd]
awiiten	aw-~:(ng₁)u[to.be.N][N→V]-~i[SBJ.V-ed.something][V→V]-~:(u)te[SBJ.V-ed.something][V→V][V][Intr][Opt][PRS][2Sg]
awiiten	aw-~:(ng₁)u[to.be.N][N→V]-~i[SBJ.V-ed.something][V→V]-te[to.act.on.so.as.to.cause.to.V][V→V][V][Intr][Opt][PRS][2Sg]
awiiten	awii[N][Abs][2SgPoss][PlPosd]
awiiten	awii-te[to.catch.N][to.go.to.N][N→V][V][Intr][Opt][PRS][2Sg]
awiiten	awii[N][Abs][2SgPoss][PlPosd]

------------------------
Papegtuuten!"

papegtuuten	papeg-tugh[to.eat.N][to.use.N][N→V]-~:(u)te[to.V.for.or.with][to.cause.to.V.as.one.is.V-ing][to.V.toward.each.other][V→V][V][Intr][Opt][PRS][2Sg]
papegtuuten	papeg-tugh[to.eat.N][to.use.N][N→V]-~:(u)te[condition.with.respect.to.V-ing][V→N][N][Abs][2SgPoss][SgPosd]
papegtuuten	papeg-tugh[to.eat.N][to.use.N][N→V]-~:(u)te[SBJ.V-ed.something][V→V][V][Intr][Opt][PRS][2Sg]

------------------------
Sikiggaq aghulaqumalghii.

sikiggaq	+?

aghulaqumalghii	aghulaqe-@₁~:(i/u)ma[to.have.V-ed][to.have.been.V-ed][V→V]-@₁–lghii[the.one.that.V-ed][the.one.that.is.V][V→N][N][Abs][Unpd][Sg]

------------------------
Allameng ilagaghlaataghtuq,"Kanakiii, kanakiii, kanakiii, kanakiii, ukigem talatanga!

allameng	alla[N][Abl_Mod][Unpd][Sg]
allameng	alla[N][Rel][4DuPoss][PlPosd]
allameng	alla[N][Rel][4DuPoss][SgPosd]
allameng	alla[N][Rel][4PlPoss][PlPosd]
allameng	alla[N][Rel][4PlPoss][SgPosd]
allameng	allameng

ilagaghlaataghtuqkanakiii	+?

kanakiii	+?

kanakiii	+?

kanakiii	+?

ukigem	+?

talatanga	+?

------------------------
Kiyayuvaghluktungaaaa, ukaziq pikrungaaaaaa, taymanalukaa, kalalikaaaa."

kiyayuvaghluktungaaaa	+?

ukaziq	ukazigh[N][Abs][Unpd][Sg]

pikrungaaaaaa	+?

taymanalukaa	+?

kalalikaaaa	+?

------------------------


	

------------------------
Sunanguq taana ukazighhaq ketfaghta.

sunanguq	suna[N][Abs][Unpd][Sg]-nguq[Encl]
sunanguq	sunanguq

taana	taane[V][Intr][Intrg][3Sg]
taana	taana

ukazighhaq	ukazigh-–ghhagh*[dear.N][N→N][N][Abs][Unpd][Sg]

ketfaghta	ketfagh[V][Intr][Intrg][3Sg]
ketfaghta	ketfaghte[V][Intr][Intrg][3Sg]
ketfaghta	ketfagh-te[to.act.on.so.as.to.cause.to.V][V→V][V][Intr][Intrg][3Sg]

------------------------
Afsengaghhaam pimakanga, "Awiiten!

afsengaghhaam	afsengagh*-–ghhagh*[dear.N][N→N][N][Rel][Unpd][Sg]

pimakanga	pi-@₁~:(i/u)ma[to.have.V-ed][to.have.been.V-ed][V→V]-@*@₂~sf–(g₂)k(a)e[the.one.that.possessor.V-ed][V→N][N][Abs][3SgPoss][SgPosd]
pimakanga	pi-@₁~:(i/u)ma[to.have.V-ed][to.have.been.V-ed][V→V][V][Trns][Ptcp][3Sg][3Sg]
pimakanga	pi-@₁~:(i/u)ma[to.have.V-ed][to.have.been.V-ed][V→V][V][Trns][Cond][3Sg][1Sg]

awiiten	aw-~:(ng₁)u[to.be.N][N→V]-~i[SBJ.V-ed.something][V→V]-~i[SBJ.V-ed.something][V→V]-~i[SBJ.V-ed.something][V→V]-~i[SBJ.V-ed.something][V→V]-~i[SBJ.V-ed.something][V→V]-~:(u)te[to.V.for.or.with][to.cause.to.V.as.one.is.V-ing][to.V.toward.each.other][V→V][V][Intr][Opt][PRS][2Sg]
awiiten	aw-~:(ng₁)u[to.be.N][N→V]-~i[SBJ.V-ed.something][V→V]-~i[SBJ.V-ed.something][V→V]-~i[SBJ.V-ed.something][V→V]-~i[SBJ.V-ed.something][V→V]-~i[SBJ.V-ed.something][V→V]-~:(u)te[SBJ.V-ed.something][V→V][V][Intr][Opt][PRS][2Sg]
awiiten	aw-~:(ng₁)u[to.be.N][N→V]-~i[SBJ.V-ed.something][V→V]-~i[SBJ.V-ed.something][V→V]-~i[SBJ.V-ed.something][V→V]-~i[SBJ.V-ed.something][V→V]-~i[SBJ.V-ed.something][V→V]-te[to.act.on.so.as.to.cause.to.V][V→V][V][Intr][Opt][PRS][2Sg]
awiiten	aw-~:(ng₁)u[to.be.N][N→V]-~i[SBJ.V-ed.something][V→V]-~i[SBJ.V-ed.something][V→V]-~i[SBJ.V-ed.something][V→V]-~i[SBJ.V-ed.something][V→V]-~:(u)te[to.V.for.or.with][to.cause.to.V.as.one.is.V-ing][to.V.toward.each.other][V→V][V][Intr][Opt][PRS][2Sg]
awiiten	aw-~:(ng₁)u[to.be.N][N→V]-~i[SBJ.V-ed.something][V→V]-~i[SBJ.V-ed.something][V→V]-~i[SBJ.V-ed.something][V→V]-~i[SBJ.V-ed.something][V→V]-~:(u)te[condition.with.respect.to.V-ing][V→N][N][Abs][2SgPoss][SgPosd]
awiiten	aw-~:(ng₁)u[to.be.N][N→V]-~i[SBJ.V-ed.something][V→V]-~i[SBJ.V-ed.something][V→V]-~i[SBJ.V-ed.something][V→V]-~i[SBJ.V-ed.something][V→V]-~:(u)te[SBJ.V-ed.something][V→V][V][Intr][Opt][PRS][2Sg]
awiiten	aw-~:(ng₁)u[to.be.N][N→V]-~i[SBJ.V-ed.something][V→V]-~i[SBJ.V-ed.something][V→V]-~i[SBJ.V-ed.something][V→V]-~i[SBJ.V-ed.something][V→V]-te[to.act.on.so.as.to.cause.to.V][V→V][V][Intr][Opt][PRS][2Sg]
awiiten	aw-~:(ng₁)u[to.be.N][N→V]-~i[SBJ.V-ed.something][V→V]-~i[SBJ.V-ed.something][V→V]-~i[SBJ.V-ed.something][V→V]-~:(u)te[to.V.for.or.with][to.cause.to.V.as.one.is.V-ing][to.V.toward.each.other][V→V][V][Intr][Opt][PRS][2Sg]
awiiten	aw-~:(ng₁)u[to.be.N][N→V]-~i[SBJ.V-ed.something][V→V]-~i[SBJ.V-ed.something][V→V]-~i[SBJ.V-ed.something][V→V]-~:(u)te[condition.with.respect.to.V-ing][V→N][N][Abs][2SgPoss][SgPosd]
awiiten	aw-~:(ng₁)u[to.be.N][N→V]-~i[SBJ.V-ed.something][V→V]-~i[SBJ.V-ed.something][V→V]-~i[SBJ.V-ed.something][V→V]-~:(u)te[SBJ.V-ed.something][V→V][V][Intr][Opt][PRS][2Sg]
awiiten	aw-~:(ng₁)u[to.be.N][N→V]-~i[SBJ.V-ed.something][V→V]-~i[SBJ.V-ed.something][V→V]-~i[SBJ.V-ed.something][V→V]-te[to.act.on.so.as.to.cause.to.V][V→V][V][Intr][Opt][PRS][2Sg]
awiiten	aw-~:(ng₁)u[to.be.N][N→V]-~i[SBJ.V-ed.something][V→V]-~i[SBJ.V-ed.something][V→V]-~:(u)te[to.V.for.or.with][to.cause.to.V.as.one.is.V-ing][to.V.toward.each.other][V→V][V][Intr][Opt][PRS][2Sg]
awiiten	aw-~:(ng₁)u[to.be.N][N→V]-~i[SBJ.V-ed.something][V→V]-~i[SBJ.V-ed.something][V→V]-~:(u)te[condition.with.respect.to.V-ing][V→N][N][Abs][2SgPoss][SgPosd]
awiiten	aw-~:(ng₁)u[to.be.N][N→V]-~i[SBJ.V-ed.something][V→V]-~i[SBJ.V-ed.something][V→V]-~:(u)te[SBJ.V-ed.something][V→V][V][Intr][Opt][PRS][2Sg]
awiiten	aw-~:(ng₁)u[to.be.N][N→V]-~i[SBJ.V-ed.something][V→V]-~i[SBJ.V-ed.something][V→V]-te[to.act.on.so.as.to.cause.to.V][V→V][V][Intr][Opt][PRS][2Sg]
awiiten	aw-~:(ng₁)u[to.be.N][N→V]-~i[SBJ.V-ed.something][V→V]-~:(u)te[to.V.for.or.with][to.cause.to.V.as.one.is.V-ing][to.V.toward.each.other][V→V][V][Intr][Opt][PRS][2Sg]
awiiten	aw-~:(ng₁)u[to.be.N][N→V]-~i[SBJ.V-ed.something][V→V]-~:(u)te[condition.with.respect.to.V-ing][V→N][N][Abs][2SgPoss][SgPosd]
awiiten	aw-~:(ng₁)u[to.be.N][N→V]-~i[SBJ.V-ed.something][V→V]-~:(u)te[SBJ.V-ed.something][V→V][V][Intr][Opt][PRS][2Sg]
awiiten	aw-~:(ng₁)u[to.be.N][N→V]-~i[SBJ.V-ed.something][V→V]-te[to.act.on.so.as.to.cause.to.V][V→V][V][Intr][Opt][PRS][2Sg]
awiiten	awii[N][Abs][2SgPoss][PlPosd]
awiiten	awii-te[to.catch.N][to.go.to.N][N→V][V][Intr][Opt][PRS][2Sg]
awiiten	awii[N][Abs][2SgPoss][PlPosd]

------------------------
Paapgen mekestaaghhaaguq!"

paapgen	papeg[N][Abs][2SgPoss][SgPosd]

mekestaaghhaaguq	mekestaagh-–ghhagh*[dear.N][N→N]-~:(ng₁)u[to.be.N][N→V][V][Intr][Ind][3Sg]
mekestaaghhaaguq	mekestaaghhaa[V][Intr][Ind][3Sg]
mekestaaghhaaguq	mekestaaghhagh*-~:(ng₁)u[to.be.N][N→V][V][Intr][Ind][3Sg]

------------------------
Ukazighhaq aghulaqumalghii.

ukazighhaq	ukazigh-–ghhagh*[dear.N][N→N][N][Abs][Unpd][Sg]

aghulaqumalghii	aghulaqe-@₁~:(i/u)ma[to.have.V-ed][to.have.been.V-ed][V→V]-@₁–lghii[the.one.that.V-ed][the.one.that.is.V][V→N][N][Abs][Unpd][Sg]

------------------------
Allameng ilagaghlaataghtuq, "Kanakiii, kanakiii, kanakiii, kanakiii, ukigem talatanga!

allameng	alla[N][Abl_Mod][Unpd][Sg]
allameng	alla[N][Rel][4DuPoss][PlPosd]
allameng	alla[N][Rel][4DuPoss][SgPosd]
allameng	alla[N][Rel][4PlPoss][PlPosd]
allameng	alla[N][Rel][4PlPoss][SgPosd]
allameng	allameng

ilagaghlaataghtuq	ilagagh-@₁~laatagh[to.V.anyway][despite.everything.to.still.V][V→V][V][Intr][Ind][3Sg]
ilagaghlaataghtuq	ilagagh-@₁~laatagh[to.V.anyway][despite.everything.to.still.V][V→V]-te[to.act.on.so.as.to.cause.to.V][V→V][V][Intr][Ind][3Sg]

kanakiii	+?

kanakiii	+?

kanakiii	+?

kanakiii	+?

ukigem	+?

talatanga	+?

------------------------
Kiyayuvaghluktungaaaa, kaynga pikrungaaaaaa, taymanalukaa, kalalikaaaa."

kiyayuvaghluktungaaaa	+?

kaynga	kaynge[N][Abs][Unpd][Sg]

pikrungaaaaaa	+?

taymanalukaa	+?

kalalikaaaa	+?

------------------------


	

------------------------
Sunanguq taana kayngeghllak ketfaghaghta.

sunanguq	suna[N][Abs][Unpd][Sg]-nguq[Encl]
sunanguq	sunanguq

taana	taane[V][Intr][Intrg][3Sg]
taana	taana

kayngeghllak	kaynge-–ghllag[big.N][N→N][N][Abs][Unpd][Sg]

ketfaghaghta	+?

------------------------
Ketfaatkelluku afsengaghhaq paatgumakanga.

ketfaatkelluku	+?

afsengaghhaq	afsengagh*-–ghhagh*[dear.N][N→N][N][Abs][Unpd][Sg]

paatgumakanga	pateg-@₁~:(i/u)ma[to.have.V-ed][to.have.been.V-ed][V→V]-@*@₂~sf–(g₂)k(a)e[the.one.that.possessor.V-ed][V→N][N][Abs][3SgPoss][SgPosd]
paatgumakanga	pateg-@₁~:(i/u)ma[to.have.V-ed][to.have.been.V-ed][V→V][V][Trns][Ptcp][3Sg][3Sg]
paatgumakanga	pateg-@₁~:(i/u)ma[to.have.V-ed][to.have.been.V-ed][V→V][V][Trns][Cond][3Sg][1Sg]

------------------------
Paapga kepkaamakanga.

paapga	papeg[N][Abs][3SgPoss][SgPosd]

kepkaamakanga	kepe-@₂~fkau[to.have.V-ed][to.have.been.V-ed][V→V]-@₁~:(i/u)ma[to.have.V-ed][to.have.been.V-ed][V→V]-@*@₂~sf–(g₂)k(a)e[the.one.that.possessor.V-ed][V→N][N][Abs][3SgPoss][SgPosd]
kepkaamakanga	kepe-@₂~fkau[to.have.V-ed][to.have.been.V-ed][V→V]-@₁~:(i/u)ma[to.have.V-ed][to.have.been.V-ed][V→V][V][Trns][Ptcp][3Sg][3Sg]
kepkaamakanga	kepe-@₂~fkau[to.have.V-ed][to.have.been.V-ed][V→V]-@₁~:(i/u)ma[to.have.V-ed][to.have.been.V-ed][V→V][V][Trns][Cond][3Sg][1Sg]
kepkaamakanga	kepkagh-@₁~:(i/u)ma[to.have.V-ed][to.have.been.V-ed][V→V]-@*@₂~sf–(g₂)k(a)e[the.one.that.possessor.V-ed][V→N][N][Abs][3SgPoss][SgPosd]
kepkaamakanga	kepkagh-@₁~:(i/u)ma[to.have.V-ed][to.have.been.V-ed][V→V][V][Trns][Ptcp][3Sg][3Sg]
kepkaamakanga	kepkagh-@₁~:(i/u)ma[to.have.V-ed][to.have.been.V-ed][V→V][V][Trns][Cond][3Sg][1Sg]

------------------------
Tawaten kayngem afsengaghhaq kayusiimakanga.

tawaten	tawaten

kayngem	kaynge[N][Rel][Unpd][Sg]

afsengaghhaq	afsengagh*-–ghhagh*[dear.N][N→N][N][Abs][Unpd][Sg]

kayusiimakanga	kayusigh-@₁~:(i/u)ma[to.have.V-ed][to.have.been.V-ed][V→V]-@*@₂~sf–(g₂)k(a)e[the.one.that.possessor.V-ed][V→N][N][Abs][3SgPoss][SgPosd]
kayusiimakanga	kayusigh-@₁~:(i/u)ma[to.have.V-ed][to.have.been.V-ed][V→V][V][Trns][Ptcp][3Sg][3Sg]
kayusiimakanga	kayusigh-@₁~:(i/u)ma[to.have.V-ed][to.have.been.V-ed][V→V][V][Trns][Cond][3Sg][1Sg]

------------------------


	

------------------------
Qamagtuq tefaay.

qamagtuq	qamagte[V][Intr][Ind][3Sg]

tefaay	tefaay

------------------------
