Nunameng Uzivikaq Paallghunkuk Ama Qetngalleghyankuk

﻿nunameng	+?

uzivikaq	uzive-~i[SBJ.V-ed.something][V→V]-~sf–(g₃)kaq[one.that.has.V-ed][V→N][N][Abs][Unpd][Sg]
uzivikaq	uzive-~i[SBJ.V-ed.something][V→V]-@₂~fkaq[one.that.has.V-ed][V→N][N][Abs][Unpd][Sg]

paallghunkuk	paallghu-~sf-w:(e)nkuk[N.and.partner.or.spouse][N→N][N][Abs][Unpd][Sg]

ama	ama

qetngalleghyankuk	+?

------------------------


	

------------------------
Iimnanguq, kiyaghsimaaq kumak umiilek qamarilakayuk. (1)

iimnanguq	iime-@₁~fna[in.order.to.V][intending.to.V][V→V]-@*ngugh*[the.one.that.V-ed][the.one.that.is.V][V→N][N][Abs][Unpd][Sg]
iimnanguq	iimna[N][Abs][Unpd][Sg]-nguq[Encl]
iimnanguq	iimnanguq
iimnanguq	iimnangugh[N][Abs][Unpd][Sg]

kiyaghsimaaq	kiyaghte-@₁~:(i/u)ma[to.have.V-ed][to.have.been.V-ed][V→V]-~faagh[one.who.keeps.on.V-ing][AUG]
kiyaghsimaaq	kiyaghte-@₁~:(i/u)ma[to.have.V-ed][to.have.been.V-ed][V→V][V][Intr][Ind][3Sg]
kiyaghsimaaq	kiyaghte-@₁~:(i/u)ma[to.have.V-ed][to.have.been.V-ed][V→V][V][Trns][Ind][3Sg][3Du]

kumak	kumag[N][Abs][Unpd][Sg]

umiilek	umiileg[N][Abs][Unpd][Sg]

qamarilakayuk	+?

1	+?

------------------------
Ilangani kiigem kumagem nunalgutni pimakangi paallghunkut, qetngalleghyankut apayepayiighenkut ama melngunkut.

ilangani	ila[N][Loc][3SgPoss][SgPosd]
ilangani	ila[N][Loc][3SgPoss][PlPosd]
ilangani	ilangani
ilangani	ilangani[N][Abs][Unpd][Sg]

kiigem	kiig[N][Rel][Unpd][Sg]

kumagem	kumag[N][Rel][Unpd][Sg]

nunalgutni	Nunaleg-~:(ng₁)u[to.be.N][N→V]-~:(u)te[to.V.for.or.with][to.cause.to.V.as.one.is.V-ing][to.V.toward.each.other][V→V]-te[to.act.on.so.as.to.cause.to.V][V→V]-te[to.act.on.so.as.to.cause.to.V][V→V]-te[to.act.on.so.as.to.cause.to.V][V→V]-@₁~fni[to.say.that.one.is.V-ing][Cmpd_Vbl][V][Intr][Opt][PRS][2Sg]
nunalgutni	Nunaleg-~:(ng₁)u[to.be.N][N→V]-~:(u)te[condition.with.respect.to.V-ing][V→N]-te[to.catch.N][to.go.to.N][N→V]-te[to.act.on.so.as.to.cause.to.V][V→V]-te[to.act.on.so.as.to.cause.to.V][V→V]-@₁~fni[to.say.that.one.is.V-ing][Cmpd_Vbl][V][Intr][Opt][PRS][2Sg]
nunalgutni	Nunaleg-~:(ng₁)u[to.be.N][N→V]-~:(u)te[condition.with.respect.to.V-ing][V→N][N][Loc][Unpd][Pl]
nunalgutni	Nunaleg-~:(ng₁)u[to.be.N][N→V]-~:(u)te[SBJ.V-ed.something][V→V]-te[to.act.on.so.as.to.cause.to.V][V→V]-te[to.act.on.so.as.to.cause.to.V][V→V]-te[to.act.on.so.as.to.cause.to.V][V→V]-@₁~fni[to.say.that.one.is.V-ing][Cmpd_Vbl][V][Intr][Opt][PRS][2Sg]
nunalgutni	Nunaleg-~:(ng₁)u[to.be.N][N→V]-te[to.act.on.so.as.to.cause.to.V][V→V]-te[to.act.on.so.as.to.cause.to.V][V→V]-te[to.act.on.so.as.to.cause.to.V][V→V]-@₁~fni[to.say.that.one.is.V-ing][Cmpd_Vbl][V][Intr][Opt][PRS][2Sg]
nunalgutni	nuna-–leg[one.having.N][N→N]-~:(ng₁)u[to.be.N][N→V]-~:(u)te[to.V.for.or.with][to.cause.to.V.as.one.is.V-ing][to.V.toward.each.other][V→V]-te[to.act.on.so.as.to.cause.to.V][V→V]-te[to.act.on.so.as.to.cause.to.V][V→V]-te[to.act.on.so.as.to.cause.to.V][V→V]-te[to.act.on.so.as.to.cause.to.V][V→V]-@₁~fni[to.say.that.one.is.V-ing][Cmpd_Vbl][V][Intr][Opt][PRS][2Sg]
nunalgutni	nuna-–leg[one.having.N][N→N]-~:(ng₁)u[to.be.N][N→V]-~:(u)te[condition.with.respect.to.V-ing][V→N]-te[to.catch.N][to.go.to.N][N→V]-te[to.act.on.so.as.to.cause.to.V][V→V]-te[to.act.on.so.as.to.cause.to.V][V→V]-te[to.act.on.so.as.to.cause.to.V][V→V]-@₁~fni[to.say.that.one.is.V-ing][Cmpd_Vbl][V][Intr][Opt][PRS][2Sg]
nunalgutni	nuna-–leg[one.having.N][N→N]-~:(ng₁)u[to.be.N][N→V]-~:(u)te[condition.with.respect.to.V-ing][V→N][N][Loc][Unpd][Pl]
nunalgutni	nuna-–leg[one.having.N][N→N]-~:(ng₁)u[to.be.N][N→V]-~:(u)te[SBJ.V-ed.something][V→V]-te[to.act.on.so.as.to.cause.to.V][V→V]-te[to.act.on.so.as.to.cause.to.V][V→V]-te[to.act.on.so.as.to.cause.to.V][V→V]-te[to.act.on.so.as.to.cause.to.V][V→V]-@₁~fni[to.say.that.one.is.V-ing][Cmpd_Vbl][V][Intr][Opt][PRS][2Sg]
nunalgutni	nuna-–leg[one.having.N][N→N]-~:(ng₁)u[to.be.N][N→V]-te[to.act.on.so.as.to.cause.to.V][V→V]-te[to.act.on.so.as.to.cause.to.V][V→V]-te[to.act.on.so.as.to.cause.to.V][V→V]-te[to.act.on.so.as.to.cause.to.V][V→V]-@₁~fni[to.say.that.one.is.V-ing][Cmpd_Vbl][V][Intr][Opt][PRS][2Sg]
nunalgutni	nuna-–lgu[to.have.N][N→V]-~:(u)te[to.V.for.or.with][to.cause.to.V.as.one.is.V-ing][to.V.toward.each.other][V→V]-te[to.act.on.so.as.to.cause.to.V][V→V]-te[to.act.on.so.as.to.cause.to.V][V→V]-te[to.act.on.so.as.to.cause.to.V][V→V]-@₁~fni[to.say.that.one.is.V-ing][Cmpd_Vbl][V][Intr][Opt][PRS][2Sg]
nunalgutni	nuna-–lgu[to.have.N][N→V]-~:(u)te[condition.with.respect.to.V-ing][V→N]-te[to.catch.N][to.go.to.N][N→V]-te[to.act.on.so.as.to.cause.to.V][V→V]-te[to.act.on.so.as.to.cause.to.V][V→V]-@₁~fni[to.say.that.one.is.V-ing][Cmpd_Vbl][V][Intr][Opt][PRS][2Sg]
nunalgutni	nuna-–lgu[to.have.N][N→V]-~:(u)te[condition.with.respect.to.V-ing][V→N][N][Loc][Unpd][Pl]
nunalgutni	nuna-–lgu[to.have.N][N→V]-~:(u)te[SBJ.V-ed.something][V→V]-te[to.act.on.so.as.to.cause.to.V][V→V]-te[to.act.on.so.as.to.cause.to.V][V→V]-te[to.act.on.so.as.to.cause.to.V][V→V]-@₁~fni[to.say.that.one.is.V-ing][Cmpd_Vbl][V][Intr][Opt][PRS][2Sg]
nunalgutni	nuna-–lgu[to.have.N][N→V]-te[to.act.on.so.as.to.cause.to.V][V→V]-te[to.act.on.so.as.to.cause.to.V][V→V]-te[to.act.on.so.as.to.cause.to.V][V→V]-@₁~fni[to.say.that.one.is.V-ing][Cmpd_Vbl][V][Intr][Opt][PRS][2Sg]
nunalgutni	nunalgute-te[to.catch.N][to.go.to.N][N→V]-@₁~fni[to.say.that.one.is.V-ing][Cmpd_Vbl][V][Intr][Opt][PRS][2Sg]
nunalgutni	nunalgute[N][Loc][Unpd][Pl]

pimakangi	pi-@₁~:(i/u)ma[to.have.V-ed][to.have.been.V-ed][V→V]-@*@₂~sf–(g₂)k(a)e[the.one.that.possessor.V-ed][V→N][N][Abs][3SgPoss][PlPosd]
pimakangi	pi-@₁~:(i/u)ma[to.have.V-ed][to.have.been.V-ed][V→V][V][Trns][Ptcp][3Sg][3Pl]

paallghunkut	paallghu-~sf-w:(e)nkut[N.and.company.or.family][N→N][N][Abs][Unpd][Sg]

qetngalleghyankut	+?

apayepayiighenkut	apayepayiigh-~sf-w:(e)nkut[N.and.company.or.family][N→N][N][Abs][Unpd][Sg]

ama	ama

melngunkut	melngugh-~sf-w:(e)nkut[N.and.company.or.family][N→N][N][Abs][Unpd][Sg]

------------------------
Pimakangi, "Qamarilanaqunga!

pimakangi	pi-@₁~:(i/u)ma[to.have.V-ed][to.have.been.V-ed][V→V]-@*@₂~sf–(g₂)k(a)e[the.one.that.possessor.V-ed][V→N][N][Abs][3SgPoss][PlPosd]
pimakangi	pi-@₁~:(i/u)ma[to.have.V-ed][to.have.been.V-ed][V→V][V][Trns][Ptcp][3Sg][3Pl]

qamarilanaqunga	+?

------------------------
Qemgughutek!"

qemgughutek	+?

------------------------
Llaaghanwha aglaghtuusimalghiit kumagem mengteghaan saaghwanun.

llaaghanwha	llaaghanwha

aglaghtuusimalghiit	+?

kumagem	kumag[N][Rel][Unpd][Sg]

mengteghaan	mengteghagh-~:(ng₁)u[to.be.N][N→V]-~:(u)te[condition.with.respect.to.V-ing][V→N][N][Abs][Unpd][Sg]
mengteghaan	mengteghagh[N][Rel][3SgPoss][SgPosd]
mengteghaan	mengteghagh[N][Rel][3SgPoss][PlPosd]

saaghwanun	saaghw[N][Ter][3SgPoss][SgPosd]
saaghwanun	saaghw[N][Ter][3SgPoss][PlPosd]

------------------------


	

------------------------
Taagken qamarilam ayaviigha kingutalek napaghsimakanga.

taagken	taagken

qamarilam	qamarila[N][Rel][Unpd][Sg]

ayaviigha	ayaviigh[N][Abs][3SgPoss][SgPosd]
ayaviigha	ayaviigha[N][Abs][Unpd][Sg]

kingutalek	+?

napaghsimakanga	napagh-te[to.catch.N][to.go.to.N][N→V]-@₁~:(i/u)ma[to.have.V-ed][to.have.been.V-ed][V→V]-@*@₂~sf–(g₂)k(a)e[the.one.that.possessor.V-ed][V→N][N][Abs][3SgPoss][SgPosd]
napaghsimakanga	napaghte-@₁~:(i/u)ma[to.have.V-ed][to.have.been.V-ed][V→V]-@*@₂~sf–(g₂)k(a)e[the.one.that.possessor.V-ed][V→N][N][Abs][3SgPoss][SgPosd]
napaghsimakanga	napaghte-@₁~:(i/u)ma[to.have.V-ed][to.have.been.V-ed][V→V][V][Trns][Ptcp][3Sg][3Sg]
napaghsimakanga	napaghte-@₁~:(i/u)ma[to.have.V-ed][to.have.been.V-ed][V→V][V][Trns][Cond][3Sg][1Sg]

------------------------
Kumagem pimakangi, "Elpetek qetngalleghyaqlu paallghullu nuna uziviteggu.

kumagem	kumag[N][Rel][Unpd][Sg]

pimakangi	pi-@₁~:(i/u)ma[to.have.V-ed][to.have.been.V-ed][V→V]-@*@₂~sf–(g₂)k(a)e[the.one.that.possessor.V-ed][V→N][N][Abs][3SgPoss][PlPosd]
pimakangi	pi-@₁~:(i/u)ma[to.have.V-ed][to.have.been.V-ed][V→V][V][Trns][Ptcp][3Sg][3Pl]

elpetek	elpeg[N][Abs][2DuPoss][PlPosd]
elpetek	elpeg[N][Abs][4DuPoss][PlPosd]
elpetek	elpetek

qetngalleghyaqlu	+?

paallghullu	paallghu[N][Abs][Unpd][Sg]-llu[Encl]

nuna	nuna[N][Abs][Unpd][Sg]

uziviteggu	uzive[V][Trns][Opt][PRS][2Pl][3Sg]

------------------------
Elpetek melngullu apayepayiiqlu naayghaq uziviteggu!"

elpetek	elpeg[N][Abs][2DuPoss][PlPosd]
elpetek	elpeg[N][Abs][4DuPoss][PlPosd]
elpetek	elpetek

melngullu	+?

apayepayiiqlu	apayepayiigh[N][Abs][Unpd][Sg]-llu[Encl]

naayghaq	Naayghagh[N][Abs][Unpd][Sg]
naayghaq	naayghagh[N][Abs][Unpd][Sg]

uziviteggu	uzive[V][Trns][Opt][PRS][2Pl][3Sg]

------------------------


	

------------------------
Llaaghanwha aga kilgaquusimalghiik qetngalleghyankuk paallghunkuk.

llaaghanwha	llaaghanwha

aga	aga

kilgaquusimalghiik	+?

qetngalleghyankuk	+?

paallghunkuk	paallghu-~sf-w:(e)nkuk[N.and.partner.or.spouse][N→N][N][Abs][Unpd][Sg]

------------------------
Pengughqameng talughsamek meghnaalimalghiik.

pengughqameng	Pengughqagh[N][Abl_Mod][Unpd][Sg]
pengughqameng	Pengughqagh[N][Rel][4DuPoss][PlPosd]
pengughqameng	Pengughqagh[N][Rel][4DuPoss][SgPosd]
pengughqameng	Pengughqagh[N][Rel][4PlPoss][PlPosd]
pengughqameng	Pengughqagh[N][Rel][4PlPoss][SgPosd]
pengughqameng	pengughqagh[N][Abl_Mod][Unpd][Sg]
pengughqameng	pengughqagh[N][Rel][4DuPoss][PlPosd]
pengughqameng	pengughqagh[N][Rel][4DuPoss][SgPosd]
pengughqameng	pengughqagh[N][Rel][4PlPoss][PlPosd]
pengughqameng	pengughqagh[N][Rel][4PlPoss][SgPosd]

talughsamek	talugh-te[to.act.on.so.as.to.cause.to.V][V→V][V][Intr][CnsqI][4Du]
talughsamek	talugh-te[to.catch.N][to.go.to.N][N→V][V][Intr][CnsqI][4Du]

meghnaalimalghiik	meghnaali-@₁~:(i/u)ma[to.have.V-ed][to.have.been.V-ed][V→V]-@₁–lghii[the.one.that.V-ed][the.one.that.is.V][V→N][N][Abs][Unpd][Du]
meghnaalimalghiik	meghnaali-@₁~:(i/u)ma[to.have.V-ed][to.have.been.V-ed][V→V]-@₁–lghii[the.one.that.V-ed][the.one.that.is.V][V→N][N][Rel][Unpd][Du]
meghnaalimalghiik	meghnaali-@₁~:(i/u)ma[to.have.V-ed][to.have.been.V-ed][V→V][V][Intr][Ptcp][3Du]

------------------------
Meghnaaliyamek taana pengughqaq uzivluku tagimalghiik.

meghnaaliyamek	meghnaali-~:(u)te[to.V.for.or.with][to.cause.to.V.as.one.is.V-ing][to.V.toward.each.other][V→V][V][Intr][CnsqI][4Du]
meghnaaliyamek	meghnaali-~:(u)te[SBJ.V-ed.something][V→V][V][Intr][CnsqI][4Du]
meghnaaliyamek	meghnaali[V][Intr][CnsqI][4Du]

taana	taane[V][Intr][Intrg][3Sg]
taana	taana

pengughqaq	Pengughqagh[N][Abs][Unpd][Sg]
pengughqaq	pengugh-@₂~fkaq[one.that.has.V-ed][V→N][N][Abs][Unpd][Sg]
pengughqaq	pengughqagh[N][Abs][Unpd][Sg]

uzivluku	uzive[V][Trns][Sbrd][_][3Sg]

tagimalghiik	tagi-@₁~:(i/u)ma[to.have.V-ed][to.have.been.V-ed][V→V]-@₁–lghii[the.one.that.V-ed][the.one.that.is.V][V→N][N][Abs][Unpd][Du]
tagimalghiik	tagi-@₁~:(i/u)ma[to.have.V-ed][to.have.been.V-ed][V→V]-@₁–lghii[the.one.that.V-ed][the.one.that.is.V][V→N][N][Rel][Unpd][Du]
tagimalghiik	tagi-@₁~:(i/u)ma[to.have.V-ed][to.have.been.V-ed][V→V][V][Intr][Ptcp][3Du]

------------------------
Legan kaasamek aneghsimalghiik pekaghniqutek.

legan	legan

kaasamek	kaate[V][Intr][CnsqI][4Du]

aneghsimalghiik	anegh-te[to.catch.N][to.go.to.N][N→V]-@₁~:(i/u)ma[to.have.V-ed][to.have.been.V-ed][V→V]-@₁–lghii[the.one.that.V-ed][the.one.that.is.V][V→N][N][Abs][Unpd][Du]
aneghsimalghiik	anegh-te[to.catch.N][to.go.to.N][N→V]-@₁~:(i/u)ma[to.have.V-ed][to.have.been.V-ed][V→V]-@₁–lghii[the.one.that.V-ed][the.one.that.is.V][V→N][N][Rel][Unpd][Du]
aneghsimalghiik	anegh-te[to.catch.N][to.go.to.N][N→V]-@₁~:(i/u)ma[to.have.V-ed][to.have.been.V-ed][V→V][V][Intr][Ptcp][3Du]
aneghsimalghiik	aneghte-@₁~:(i/u)ma[to.have.V-ed][to.have.been.V-ed][V→V]-@₁–lghii[the.one.that.V-ed][the.one.that.is.V][V→N][N][Abs][Unpd][Du]
aneghsimalghiik	aneghte-@₁~:(i/u)ma[to.have.V-ed][to.have.been.V-ed][V→V]-@₁–lghii[the.one.that.V-ed][the.one.that.is.V][V→N][N][Rel][Unpd][Du]
aneghsimalghiik	aneghte-@₁~:(i/u)ma[to.have.V-ed][to.have.been.V-ed][V→V][V][Intr][Ptcp][3Du]

pekaghniqutek	+?

------------------------
Apayepayiighenkuk melngunkuk uzivumakangat naayghaq.

apayepayiighenkuk	apayepayiigh-~sf-w:(e)nkuk[N.and.partner.or.spouse][N→N][N][Abs][Unpd][Sg]

melngunkuk	melngugh-~sf-w:(e)nkuk[N.and.partner.or.spouse][N→N][N][Abs][Unpd][Sg]

uzivumakangat	uzive-@₁~:(i/u)ma[to.have.V-ed][to.have.been.V-ed][V→V]-@*@₂~sf–(g₂)k(a)e[the.one.that.possessor.V-ed][V→N][N][Abs][3PlPoss][SgPosd]
uzivumakangat	uzive-@₁~:(i/u)ma[to.have.V-ed][to.have.been.V-ed][V→V][V][Trns][Ptcp][3Pl][3Sg]

naayghaq	Naayghagh[N][Abs][Unpd][Sg]
naayghaq	naayghagh[N][Abs][Unpd][Sg]

------------------------
Qesiqun paallghunkuk qetngalleghyankuk uyghalqusighhaq uzivumakangat.

qesiqun	qesiqun

paallghunkuk	paallghu-~sf-w:(e)nkuk[N.and.partner.or.spouse][N→N][N][Abs][Unpd][Sg]

qetngalleghyankuk	+?

uyghalqusighhaq	+?

uzivumakangat	uzive-@₁~:(i/u)ma[to.have.V-ed][to.have.been.V-ed][V→V]-@*@₂~sf–(g₂)k(a)e[the.one.that.possessor.V-ed][V→N][N][Abs][3PlPoss][SgPosd]
uzivumakangat	uzive-@₁~:(i/u)ma[to.have.V-ed][to.have.been.V-ed][V→V][V][Trns][Ptcp][3Pl][3Sg]

------------------------
Ama apayepayiighenkuk melngunkuk uzivumakangat uyghagrukutaaghllak.

ama	ama

apayepayiighenkuk	apayepayiigh-~sf-w:(e)nkuk[N.and.partner.or.spouse][N→N][N][Abs][Unpd][Sg]

melngunkuk	melngugh-~sf-w:(e)nkuk[N.and.partner.or.spouse][N→N][N][Abs][Unpd][Sg]

uzivumakangat	uzive-@₁~:(i/u)ma[to.have.V-ed][to.have.been.V-ed][V→V]-@*@₂~sf–(g₂)k(a)e[the.one.that.possessor.V-ed][V→N][N][Abs][3PlPoss][SgPosd]
uzivumakangat	uzive-@₁~:(i/u)ma[to.have.V-ed][to.have.been.V-ed][V→V][V][Trns][Ptcp][3Pl][3Sg]

uyghagrukutaaghllak	+?

------------------------


	

------------------------
Llaaghanwha kumagem paallghu tuunumakanga avaqutami atkuganeng qatelghiimeng, enraq qetngalleghyaq tuunumakanga ayaviighmeng.

llaaghanwha	llaaghanwha

kumagem	kumag[N][Rel][Unpd][Sg]

paallghu	paallghu[N][Abs][Unpd][Sg]

tuunumakanga	tuune-@₁~:(i/u)ma[to.have.V-ed][to.have.been.V-ed][V→V]-@*@₂~sf–(g₂)k(a)e[the.one.that.possessor.V-ed][V→N][N][Abs][3SgPoss][SgPosd]
tuunumakanga	tuune-@₁~:(i/u)ma[to.have.V-ed][to.have.been.V-ed][V→V][V][Trns][Ptcp][3Sg][3Sg]
tuunumakanga	tuune-@₁~:(i/u)ma[to.have.V-ed][to.have.been.V-ed][V→V][V][Trns][Cond][3Sg][1Sg]

avaqutami	avaqutagh[N][Loc][Unpd][Sg]
avaqutami	avaqutagh[N][Rel][4SgPoss][PlPosd]
avaqutami	avaqutagh[N][Rel][4SgPoss][SgPosd]

atkuganeng	atkug[N][Abl_Mod][3SgPoss][SgPosd]
atkuganeng	atkug[N][Abl_Mod][3SgPoss][PlPosd]

qatelghiimeng	qategh-@₁–lghii[the.one.that.V-ed][the.one.that.is.V][V→N][N][Abl_Mod][Unpd][Sg]
qatelghiimeng	qategh-@₁–lghii[the.one.that.V-ed][the.one.that.is.V][V→N][N][Rel][4DuPoss][PlPosd]
qatelghiimeng	qategh-@₁–lghii[the.one.that.V-ed][the.one.that.is.V][V→N][N][Rel][4DuPoss][SgPosd]
qatelghiimeng	qategh-@₁–lghii[the.one.that.V-ed][the.one.that.is.V][V→N][N][Rel][4PlPoss][PlPosd]
qatelghiimeng	qategh-@₁–lghii[the.one.that.V-ed][the.one.that.is.V][V→N][N][Rel][4PlPoss][SgPosd]
qatelghiimeng	qatelghii[N][Abl_Mod][Unpd][Sg]
qatelghiimeng	qatelghii[N][Rel][4DuPoss][PlPosd]
qatelghiimeng	qatelghii[N][Rel][4DuPoss][SgPosd]
qatelghiimeng	qatelghii[N][Rel][4PlPoss][PlPosd]
qatelghiimeng	qatelghii[N][Rel][4PlPoss][SgPosd]

enraq	enraq

qetngalleghyaq	+?

tuunumakanga	tuune-@₁~:(i/u)ma[to.have.V-ed][to.have.been.V-ed][V→V]-@*@₂~sf–(g₂)k(a)e[the.one.that.possessor.V-ed][V→N][N][Abs][3SgPoss][SgPosd]
tuunumakanga	tuune-@₁~:(i/u)ma[to.have.V-ed][to.have.been.V-ed][V→V][V][Trns][Ptcp][3Sg][3Sg]
tuunumakanga	tuune-@₁~:(i/u)ma[to.have.V-ed][to.have.been.V-ed][V→V][V][Trns][Cond][3Sg][1Sg]

ayaviighmeng	ayaviigh[N][Abl_Mod][Unpd][Sg]
ayaviighmeng	ayaviigh[N][Rel][4DuPoss][PlPosd]
ayaviighmeng	ayaviigh[N][Rel][4DuPoss][SgPosd]
ayaviighmeng	ayaviigh[N][Rel][4PlPoss][PlPosd]
ayaviighmeng	ayaviigh[N][Rel][4PlPoss][SgPosd]

------------------------
Apayepayiiq tuunumakanga negaghpagmeng enraq melngu aghyuughumakanga sumeghneqluku.

apayepayiiq	apayepayiigh[N][Abs][Unpd][Sg]

tuunumakanga	tuune-@₁~:(i/u)ma[to.have.V-ed][to.have.been.V-ed][V→V]-@*@₂~sf–(g₂)k(a)e[the.one.that.possessor.V-ed][V→N][N][Abs][3SgPoss][SgPosd]
tuunumakanga	tuune-@₁~:(i/u)ma[to.have.V-ed][to.have.been.V-ed][V→V][V][Trns][Ptcp][3Sg][3Sg]
tuunumakanga	tuune-@₁~:(i/u)ma[to.have.V-ed][to.have.been.V-ed][V→V][V][Trns][Cond][3Sg][1Sg]

negaghpagmeng	negaghpag[N][Abl_Mod][Unpd][Sg]
negaghpagmeng	negaghpag[N][Rel][4DuPoss][PlPosd]
negaghpagmeng	negaghpag[N][Rel][4DuPoss][SgPosd]
negaghpagmeng	negaghpag[N][Rel][4PlPoss][PlPosd]
negaghpagmeng	negaghpag[N][Rel][4PlPoss][SgPosd]

enraq	enraq

melngu	+?

aghyuughumakanga	aghyuugh-@₁~:(i/u)ma[to.have.V-ed][to.have.been.V-ed][V→V]-@*@₂~sf–(g₂)k(a)e[the.one.that.possessor.V-ed][V→N][N][Abs][3SgPoss][SgPosd]
aghyuughumakanga	aghyuugh-@₁~:(i/u)ma[to.have.V-ed][to.have.been.V-ed][V→V][V][Trns][Ptcp][3Sg][3Sg]
aghyuughumakanga	aghyuugh-@₁~:(i/u)ma[to.have.V-ed][to.have.been.V-ed][V→V][V][Trns][Cond][3Sg][1Sg]

sumeghneqluku	+?

------------------------
Ellnga kumak aklungimsuggiighusimalghii.

ellnga	ellnga
ellnga	ellnga[N][Abs][Unpd][Sg]

kumak	kumag[N][Abs][Unpd][Sg]

aklungimsuggiighusimalghii	+?

------------------------


	

------------------------
Qamagtuq.

qamagtuq	qamagte[V][Intr][Ind][3Sg]

------------------------


	

------------------------
(1) Qamarilat tamaakut ayumiim ceremonyngi yuget kiyang nanevgaat igleghutaqegkangit, mekelghiighet kayaalqiiraghtestaaqegkangit, kayaalqiilghiit sameng sanqutraaghmeng tuunaqegkangit.

1	+?

qamarilat	qamarila[N][Abs][Unpd][Pl]
qamarilat	qamarila[N][Rel][Unpd][Pl]

tamaakut	tamaa[V][Trns][Opt][PRS][2Sg][1Pl]
tamaakut	tamaa[V][Trns][Intrg][2Pl][1Pl]

ayumiim	ayumigh*[N][Rel][Unpd][Sg]

ceremonyngi	+?

yuget	yu(u)g[N][Abs][Unpd][Pl]
yuget	yu(u)g[N][Rel][Unpd][Pl]
yuget	yug[N][Abs][Unpd][Pl]
yuget	yug[N][Rel][Unpd][Pl]

kiyang	kiyang

nanevgaat	nanevgagh[N][Abs][3PlPoss][SgPosd]

igleghutaqegkangit	+?

mekelghiighet	mekelghiigh[N][Abs][Unpd][Pl]
mekelghiighet	mekelghiigh[N][Rel][Unpd][Pl]

kayaalqiiraghtestaaqegkangit	+?

kayaalqiilghiit	kayaalqe-~i[SBJ.V-ed.something][V→V]-~i[SBJ.V-ed.something][V→V]-~i[SBJ.V-ed.something][V→V]-~i[SBJ.V-ed.something][V→V]-~i[SBJ.V-ed.something][V→V]-@₁–lghii[the.one.that.V-ed][the.one.that.is.V][V→N][N][Abs][Unpd][Pl]
kayaalqiilghiit	kayaalqe-~i[SBJ.V-ed.something][V→V]-~i[SBJ.V-ed.something][V→V]-~i[SBJ.V-ed.something][V→V]-~i[SBJ.V-ed.something][V→V]-~i[SBJ.V-ed.something][V→V]-@₁–lghii[the.one.that.V-ed][the.one.that.is.V][V→N][N][Rel][Unpd][Pl]
kayaalqiilghiit	kayaalqe-~i[SBJ.V-ed.something][V→V]-~i[SBJ.V-ed.something][V→V]-~i[SBJ.V-ed.something][V→V]-~i[SBJ.V-ed.something][V→V]-~i[SBJ.V-ed.something][V→V][V][Intr][Ptcp][3Pl]
kayaalqiilghiit	kayaalqe-~i[SBJ.V-ed.something][V→V]-~i[SBJ.V-ed.something][V→V]-~i[SBJ.V-ed.something][V→V]-~i[SBJ.V-ed.something][V→V]-@₁–lghii[the.one.that.V-ed][the.one.that.is.V][V→N][N][Abs][Unpd][Pl]
kayaalqiilghiit	kayaalqe-~i[SBJ.V-ed.something][V→V]-~i[SBJ.V-ed.something][V→V]-~i[SBJ.V-ed.something][V→V]-~i[SBJ.V-ed.something][V→V]-@₁–lghii[the.one.that.V-ed][the.one.that.is.V][V→N][N][Rel][Unpd][Pl]
kayaalqiilghiit	kayaalqe-~i[SBJ.V-ed.something][V→V]-~i[SBJ.V-ed.something][V→V]-~i[SBJ.V-ed.something][V→V]-~i[SBJ.V-ed.something][V→V][V][Intr][Ptcp][3Pl]
kayaalqiilghiit	kayaalqe-~i[SBJ.V-ed.something][V→V]-~i[SBJ.V-ed.something][V→V]-~i[SBJ.V-ed.something][V→V]-@₁–lghii[the.one.that.V-ed][the.one.that.is.V][V→N][N][Abs][Unpd][Pl]
kayaalqiilghiit	kayaalqe-~i[SBJ.V-ed.something][V→V]-~i[SBJ.V-ed.something][V→V]-~i[SBJ.V-ed.something][V→V]-@₁–lghii[the.one.that.V-ed][the.one.that.is.V][V→N][N][Rel][Unpd][Pl]
kayaalqiilghiit	kayaalqe-~i[SBJ.V-ed.something][V→V]-~i[SBJ.V-ed.something][V→V]-~i[SBJ.V-ed.something][V→V][V][Intr][Ptcp][3Pl]
kayaalqiilghiit	kayaalqe-~i[SBJ.V-ed.something][V→V]-~i[SBJ.V-ed.something][V→V]-@₁–lghii[the.one.that.V-ed][the.one.that.is.V][V→N][N][Abs][Unpd][Pl]
kayaalqiilghiit	kayaalqe-~i[SBJ.V-ed.something][V→V]-~i[SBJ.V-ed.something][V→V]-@₁–lghii[the.one.that.V-ed][the.one.that.is.V][V→N][N][Rel][Unpd][Pl]
kayaalqiilghiit	kayaalqe-~i[SBJ.V-ed.something][V→V]-~i[SBJ.V-ed.something][V→V][V][Intr][Ptcp][3Pl]

sameng	sa[N][Abl_Mod][Unpd][Sg]
sameng	sa[N][Rel][4DuPoss][PlPosd]
sameng	sa[N][Rel][4DuPoss][SgPosd]
sameng	sa[N][Rel][4PlPoss][PlPosd]
sameng	sa[N][Rel][4PlPoss][SgPosd]
sameng	sameng

sanqutraaghmeng	sanqutraagh[N][Abl_Mod][Unpd][Sg]
sanqutraaghmeng	sanqutraagh[N][Rel][4DuPoss][PlPosd]
sanqutraaghmeng	sanqutraagh[N][Rel][4DuPoss][SgPosd]
sanqutraaghmeng	sanqutraagh[N][Rel][4PlPoss][PlPosd]
sanqutraaghmeng	sanqutraagh[N][Rel][4PlPoss][SgPosd]

tuunaqegkangit	tuune-~(g₁)aqe[to.be.V.ing][to.regularly.or.repeatedly.V][V→V]-@*@₂~sf–(g₂)k(a)e[the.one.that.possessor.V-ed][V→N][N][Abs][3PlPoss][PlPosd]
tuunaqegkangit	tuune-~(g₁)aqe[to.be.V.ing][to.regularly.or.repeatedly.V][V→V][V][Trns][Ptcp][3Du][3Sg]
tuunaqegkangit	tuune-~(g₁)aqe[to.be.V.ing][to.regularly.or.repeatedly.V][V→V][V][Trns][Ptcp][3Pl][3Pl]

------------------------
Avaalagem pillghani katam Fourth of Julyelghiistun ayuqsaghtut.

avaalagem	+?

pillghani	+?

katam	katam

fourth	+?

of	+?

julyelghiistun	+?

ayuqsaghtut	ayuqe-te[to.act.on.so.as.to.cause.to.V][V→V]-@₁~fyagh[to.go.V-ing][to.V.in.vain][V→V][V][Intr][Ind][3Pl]
ayuqsaghtut	ayuqe-te[to.act.on.so.as.to.cause.to.V][V→V]-@₁~fyagh[to.go.V-ing][to.V.in.vain][V→V]-te[to.act.on.so.as.to.cause.to.V][V→V][V][Intr][Ind][3Pl]
ayuqsaghtut	ayuqe-@₁~fyagh[to.go.V-ing][to.V.in.vain][V→V][V][Intr][Ind][3Pl]
ayuqsaghtut	ayuqe-@₁~fyagh[to.go.V-ing][to.V.in.vain][V→V]-te[to.act.on.so.as.to.cause.to.V][V→V][V][Intr][Ind][3Pl]

------------------------
