Qatelghiinkuk Amaankuk

qatelghiinkuk	qategh-@₁–lghii[the.one.that.V-ed][the.one.that.is.V][V→N]-~sf-w:(e)nkuk[N.and.partner.or.spouse][N→N][N][Abs][Unpd][Sg]
qatelghiinkuk	qatelghii-~sf-w:(e)nkuk[N.and.partner.or.spouse][N→N][N][Abs][Unpd][Sg]

amaankuk	amaa-~sf-w:(e)nkuk[N.and.partner.or.spouse][N→N][N][Abs][Unpd][Sg]

------------------------


------------------------
Qatelghii tapgham qukaani mallungluni ayveghmeng neghumaluku sunanguq taana amaa.

qatelghii	qategh-@₁–lghii[the.one.that.V-ed][the.one.that.is.V][V→N][N][Abs][Unpd][Sg]
qatelghii	qatelghii[N][Abs][Unpd][Sg]

tapgham	tapghagh[N][Rel][Unpd][Sg]

qukaani	Qukaa[N][Abs][4SgPoss][SgPosd]
qukaani	Qukaa[N][Abs][4SgPoss][PlPosd]
qukaani	Qukaa[N][Loc][Unpd][Pl]
qukaani	qukagh-~:(ng₁)u[to.be.N][N→V]-@₁~fni[to.say.that.one.is.V-ing][Cmpd_Vbl][V][Intr][Opt][PRS][2Sg]
qukaani	qukagh-~:(ng₁)u[to.be.N][N→V]-~:(u)te[to.V.for.or.with][to.cause.to.V.as.one.is.V-ing][to.V.toward.each.other][V→V]-@₁~fni[to.say.that.one.is.V-ing][Cmpd_Vbl][V][Intr][Opt][PRS][2Sg]
qukaani	qukagh-~:(ng₁)u[to.be.N][N→V]-~:(u)te[SBJ.V-ed.something][V→V]-@₁~fni[to.say.that.one.is.V-ing][Cmpd_Vbl][V][Intr][Opt][PRS][2Sg]
qukaani	qukagh[N][Loc][3SgPoss][SgPosd]
qukaani	qukagh[N][Loc][3SgPoss][PlPosd]

mallungluni	+?

ayveghmeng	ayvegh[N][Abl_Mod][Unpd][Sg]
ayveghmeng	ayvegh[N][Rel][4DuPoss][PlPosd]
ayveghmeng	ayvegh[N][Rel][4DuPoss][SgPosd]
ayveghmeng	ayvegh[N][Rel][4PlPoss][PlPosd]
ayveghmeng	ayvegh[N][Rel][4PlPoss][SgPosd]

neghumaluku	negh-@₁~:(i/u)ma[to.have.V-ed][to.have.been.V-ed][V→V]-~:(u)te[to.V.for.or.with][to.cause.to.V.as.one.is.V-ing][to.V.toward.each.other][V→V][V][Trns][Sbrd][_][3Sg]
neghumaluku	negh-@₁~:(i/u)ma[to.have.V-ed][to.have.been.V-ed][V→V][V][Trns][Sbrd][_][3Sg]
neghumaluku	neghe-@₁~:(i/u)ma[to.have.V-ed][to.have.been.V-ed][V→V]-~:(u)te[to.V.for.or.with][to.cause.to.V.as.one.is.V-ing][to.V.toward.each.other][V→V][V][Trns][Sbrd][_][3Sg]
neghumaluku	neghe-@₁~:(i/u)ma[to.have.V-ed][to.have.been.V-ed][V→V][V][Trns][Sbrd][_][3Sg]

sunanguq	suna[N][Abs][Unpd][Sg]-nguq[Encl]
sunanguq	sunanguq

taana	taane[V][Intr][Intrg][3Sg]
taana	taana

amaa	amaa[N][Abs][Unpd][Sg]
amaa	amagh[V][Intr][Opt][PRS][2Sg]
amaa	amu[V][Intr][Intrg][3Sg]
amaa	amu[V][Trns][Ind][3Sg][3Sg]

------------------------
Kaalluni amaam qatelghii pimakanga, "Whangallu neqaghlanga.

kaalluni	kaate[V][Intr][Sbrd][3Sg]

amaam	amaa[N][Rel][Unpd][Sg]

qatelghii	qategh-@₁–lghii[the.one.that.V-ed][the.one.that.is.V][V→N][N][Abs][Unpd][Sg]
qatelghii	qatelghii[N][Abs][Unpd][Sg]

pimakanga	pi-@₁~:(i/u)ma[to.have.V-ed][to.have.been.V-ed][V→V]-@*@₂~sf–(g₂)k(a)e[the.one.that.possessor.V-ed][V→N][N][Abs][3SgPoss][SgPosd]
pimakanga	pi-@₁~:(i/u)ma[to.have.V-ed][to.have.been.V-ed][V→V][V][Trns][Ptcp][3Sg][3Sg]
pimakanga	pi-@₁~:(i/u)ma[to.have.V-ed][to.have.been.V-ed][V→V][V][Trns][Cond][3Sg][1Sg]

whangallu	wha[N][Abs][3SgPoss][SgPosd]-llu[Encl]

neqaghlanga	neqagh[V][Intr][Opt][PRS][1Sg]

------------------------
Igatapigtunga."

igatapigtunga	igatagh-–pigte[to.be.very.V][to.V.very.much][V→V][V][Intr][Ind][1Sg]

------------------------
"Legan neghi.

legan	legan

neghi	negh-~i[SBJ.V-ed.something][V→V][V][Intr][Opt][PRS][2Sg]
neghi	neghe-~i[SBJ.V-ed.something][V→V][V][Intr][Opt][PRS][2Sg]
neghi	neghe[V][Intr][Opt][PRS][2Sg]
neghi	negh[V][Intr][Opt][PRS][2Sg]

------------------------
Uglaghllagtuq.

uglaghllagtuq	uglagh-–ghllag[big.N][N→N]-te[to.catch.N][to.go.to.N][N→V][V][Intr][Ind][3Sg]

------------------------
Whangangingaghma naangnnaanghitaqa."

whangangingaghma	+?

naangnnaanghitaqa	naange-te[to.act.on.so.as.to.cause.to.V][V→V]-@₁~fnaanghite[will.not.V][V→V]-~(g₁)aqe[to.be.V.ing][to.regularly.or.repeatedly.V][V→V][V][Intr][Intrg][3Sg]
naangnnaanghitaqa	naange-te[to.act.on.so.as.to.cause.to.V][V→V]-@₁~fnaanghite[will.not.V][V→V][V][Trns][Ind][1Sg][3Sg]

------------------------
Llaaghanwha amaallu neghumalghii.

llaaghanwha	llaaghanwha

amaallu	amaa[N][Abs][Unpd][Sg]-llu[Encl]

neghumalghii	negh-@₁~:(i/u)ma[to.have.V-ed][to.have.been.V-ed][V→V]-@₁–lghii[the.one.that.V-ed][the.one.that.is.V][V→N][N][Abs][Unpd][Sg]
neghumalghii	neghe-@₁~:(i/u)ma[to.have.V-ed][to.have.been.V-ed][V→V]-@₁–lghii[the.one.that.V-ed][the.one.that.is.V][V→N][N][Abs][Unpd][Sg]

------------------------
Iwemgaqun kepsughlutek neghlutek tapgham kelutanganilngughmun uusneghwaaghmun mayuumalghiik.

iwemgaqun	+?

kepsughlutek	kepsugh[V][Intr][Sbrd][2Du]
kepsughlutek	kepsugh[V][Intr][Sbrd][3Du]
kepsughlutek	kepsugh[V][Trns][Sbrd][_][2Du]

neghlutek	neghe[V][Intr][Sbrd][2Du]
neghlutek	neghe[V][Intr][Sbrd][3Du]
neghlutek	neghe[V][Trns][Sbrd][_][2Du]
neghlutek	negh[V][Intr][Sbrd][2Du]
neghlutek	negh[V][Intr][Sbrd][3Du]
neghlutek	negh[V][Trns][Sbrd][_][2Du]

tapgham	tapghagh[N][Rel][Unpd][Sg]

kelutanganilngughmun	+?

uusneghwaaghmun	uusneghwaagh[N][Ter][Unpd][Sg]

mayuumalghiik	mayugh-@₁~:(i/u)ma[to.have.V-ed][to.have.been.V-ed][V→V]-@₁–lghii[the.one.that.V-ed][the.one.that.is.V][V→N][N][Abs][Unpd][Du]
mayuumalghiik	mayugh-@₁~:(i/u)ma[to.have.V-ed][to.have.been.V-ed][V→V]-@₁–lghii[the.one.that.V-ed][the.one.that.is.V][V→N][N][Rel][Unpd][Du]
mayuumalghiik	mayugh-@₁~:(i/u)ma[to.have.V-ed][to.have.been.V-ed][V→V][V][Intr][Ptcp][3Du]

------------------------
Qaygeghsamek qatelghiim amaa pimakanga, "Whani yeqay meghnaaliltung.

qaygeghsamek	qaygeghte[V][Intr][CnsqI][4Du]

qatelghiim	qategh-@₁–lghii[the.one.that.V-ed][the.one.that.is.V][V→N][N][Rel][Unpd][Sg]
qatelghiim	qatelghii[N][Rel][Unpd][Sg]

amaa	amaa[N][Abs][Unpd][Sg]
amaa	amagh[V][Intr][Opt][PRS][2Sg]
amaa	amu[V][Intr][Intrg][3Sg]
amaa	amu[V][Trns][Ind][3Sg][3Sg]

pimakanga	pi-@₁~:(i/u)ma[to.have.V-ed][to.have.been.V-ed][V→V]-@*@₂~sf–(g₂)k(a)e[the.one.that.possessor.V-ed][V→N][N][Abs][3SgPoss][SgPosd]
pimakanga	pi-@₁~:(i/u)ma[to.have.V-ed][to.have.been.V-ed][V→V][V][Trns][Ptcp][3Sg][3Sg]
pimakanga	pi-@₁~:(i/u)ma[to.have.V-ed][to.have.been.V-ed][V→V][V][Trns][Cond][3Sg][1Sg]

whani	wha[N][Abs][4SgPoss][SgPosd]
whani	wha[N][Abs][4SgPoss][PlPosd]
whani	wha[N][Loc][Unpd][Pl]
whani	whani
whani	whani[N][Abs][Unpd][Sg]

yeqay	yeqay

meghnaaliltung	meghnaali[V][Intr][Opt][PRS][1Du]

------------------------
Wiin qavaaltung."

wiin	wiin

qavaaltung	qavaa[V][Intr][Opt][PRS][1Du]
qavaaltung	qavagh-~:(ng₁)u[to.be.N][N→V][V][Intr][Opt][PRS][1Du]
qavaaltung	qavagh[V][Intr][Opt][PRS][1Du]

------------------------
Llaaghanwha amaa aanghumalghii.

llaaghanwha	llaaghanwha

amaa	amaa[N][Abs][Unpd][Sg]
amaa	amagh[V][Intr][Opt][PRS][2Sg]
amaa	amu[V][Intr][Intrg][3Sg]
amaa	amu[V][Trns][Ind][3Sg][3Sg]

aanghumalghii	+?

------------------------


------------------------
Tawani uusneghwaaghem qaayngani ingaghquusimalghiik.

tawani	tawani
tawani	tawani[N][Abs][Unpd][Sg]

uusneghwaaghem	uusneghwaagh[N][Rel][Unpd][Sg]

qaayngani	qaye[N][Loc][3SgPoss][SgPosd]
qaayngani	qaye[N][Loc][3SgPoss][PlPosd]

ingaghquusimalghiik	ingagh-te[to.catch.N][to.go.to.N][N→V]-@₁qugh[to.V.completely]-~:(u)te[to.V.for.or.with][to.cause.to.V.as.one.is.V-ing][to.V.toward.each.other][V→V]-@₁~:(i/u)ma[to.have.V-ed][to.have.been.V-ed][V→V]-@₁–lghii[the.one.that.V-ed][the.one.that.is.V][V→N][N][Abs][Unpd][Du]
ingaghquusimalghiik	ingagh-te[to.catch.N][to.go.to.N][N→V]-@₁qugh[to.V.completely]-~:(u)te[to.V.for.or.with][to.cause.to.V.as.one.is.V-ing][to.V.toward.each.other][V→V]-@₁~:(i/u)ma[to.have.V-ed][to.have.been.V-ed][V→V]-@₁–lghii[the.one.that.V-ed][the.one.that.is.V][V→N][N][Rel][Unpd][Du]
ingaghquusimalghiik	ingagh-te[to.catch.N][to.go.to.N][N→V]-@₁qugh[to.V.completely]-~:(u)te[to.V.for.or.with][to.cause.to.V.as.one.is.V-ing][to.V.toward.each.other][V→V]-@₁~:(i/u)ma[to.have.V-ed][to.have.been.V-ed][V→V][V][Intr][Ptcp][3Du]
ingaghquusimalghiik	ingagh-te[to.catch.N][to.go.to.N][N→V]-@₁qugh[to.V.completely]-~:(u)te[SBJ.V-ed.something][V→V]-@₁~:(i/u)ma[to.have.V-ed][to.have.been.V-ed][V→V]-@₁–lghii[the.one.that.V-ed][the.one.that.is.V][V→N][N][Abs][Unpd][Du]
ingaghquusimalghiik	ingagh-te[to.catch.N][to.go.to.N][N→V]-@₁qugh[to.V.completely]-~:(u)te[SBJ.V-ed.something][V→V]-@₁~:(i/u)ma[to.have.V-ed][to.have.been.V-ed][V→V]-@₁–lghii[the.one.that.V-ed][the.one.that.is.V][V→N][N][Rel][Unpd][Du]
ingaghquusimalghiik	ingagh-te[to.catch.N][to.go.to.N][N→V]-@₁qugh[to.V.completely]-~:(u)te[SBJ.V-ed.something][V→V]-@₁~:(i/u)ma[to.have.V-ed][to.have.been.V-ed][V→V][V][Intr][Ptcp][3Du]
ingaghquusimalghiik	ingaghte-@₁qugh[to.V.completely]-~:(u)te[to.V.for.or.with][to.cause.to.V.as.one.is.V-ing][to.V.toward.each.other][V→V]-@₁~:(i/u)ma[to.have.V-ed][to.have.been.V-ed][V→V]-@₁–lghii[the.one.that.V-ed][the.one.that.is.V][V→N][N][Abs][Unpd][Du]
ingaghquusimalghiik	ingaghte-@₁qugh[to.V.completely]-~:(u)te[to.V.for.or.with][to.cause.to.V.as.one.is.V-ing][to.V.toward.each.other][V→V]-@₁~:(i/u)ma[to.have.V-ed][to.have.been.V-ed][V→V]-@₁–lghii[the.one.that.V-ed][the.one.that.is.V][V→N][N][Rel][Unpd][Du]
ingaghquusimalghiik	ingaghte-@₁qugh[to.V.completely]-~:(u)te[to.V.for.or.with][to.cause.to.V.as.one.is.V-ing][to.V.toward.each.other][V→V]-@₁~:(i/u)ma[to.have.V-ed][to.have.been.V-ed][V→V][V][Intr][Ptcp][3Du]
ingaghquusimalghiik	ingaghte-@₁qugh[to.V.completely]-~:(u)te[SBJ.V-ed.something][V→V]-@₁~:(i/u)ma[to.have.V-ed][to.have.been.V-ed][V→V]-@₁–lghii[the.one.that.V-ed][the.one.that.is.V][V→N][N][Abs][Unpd][Du]
ingaghquusimalghiik	ingaghte-@₁qugh[to.V.completely]-~:(u)te[SBJ.V-ed.something][V→V]-@₁~:(i/u)ma[to.have.V-ed][to.have.been.V-ed][V→V]-@₁–lghii[the.one.that.V-ed][the.one.that.is.V][V→N][N][Rel][Unpd][Du]
ingaghquusimalghiik	ingaghte-@₁qugh[to.V.completely]-~:(u)te[SBJ.V-ed.something][V→V]-@₁~:(i/u)ma[to.have.V-ed][to.have.been.V-ed][V→V][V][Intr][Ptcp][3Du]

------------------------
Qatelghii qavaghpenani teghhumaamalghii.

qatelghii	qategh-@₁–lghii[the.one.that.V-ed][the.one.that.is.V][V→N][N][Abs][Unpd][Sg]
qatelghii	qatelghii[N][Abs][Unpd][Sg]

qavaghpenani	qavagh-@₁–nghite**[to.not.V][V→V][V][Intr][Sbrd][3Sg]

teghhumaamalghii	+?

------------------------
Amaa qavaghyan whaa tungunghaqasan qatelghii nekevluni tamaani qemgughtimalghii ayveghem kuyapegaaneng.

amaa	amaa[N][Abs][Unpd][Sg]
amaa	amagh[V][Intr][Opt][PRS][2Sg]
amaa	amu[V][Intr][Intrg][3Sg]
amaa	amu[V][Trns][Ind][3Sg][3Sg]

qavaghyan	qavagh[V][Intr][CnsqI][3Sg]

whaa	whaa
whaa	whaa[N][Abs][Unpd][Sg]

tungunghaqasan	+?

qatelghii	qategh-@₁–lghii[the.one.that.V-ed][the.one.that.is.V][V→N][N][Abs][Unpd][Sg]
qatelghii	qatelghii[N][Abs][Unpd][Sg]

nekevluni	nekeve[V][Intr][Sbrd][3Sg]

tamaani	tamaa-@₁~fni[to.say.that.one.is.V-ing][Cmpd_Vbl][V][Intr][Opt][PRS][2Sg]
tamaani	tamaa-~:(u)te[to.V.for.or.with][to.cause.to.V.as.one.is.V-ing][to.V.toward.each.other][V→V]-@₁~fni[to.say.that.one.is.V-ing][Cmpd_Vbl][V][Intr][Opt][PRS][2Sg]
tamaani	tamaa-~:(u)te[SBJ.V-ed.something][V→V]-@₁~fni[to.say.that.one.is.V-ing][Cmpd_Vbl][V][Intr][Opt][PRS][2Sg]

qemgughtimalghii	+?

ayveghem	ayvegh[N][Rel][Unpd][Sg]

kuyapegaaneng	kuyapegagh[N][Abl_Mod][3SgPoss][SgPosd]
kuyapegaaneng	kuyapegagh[N][Abl_Mod][3SgPoss][PlPosd]

------------------------
Qafsinat ayveghem kuyapegii nuuvulluki amaam paapgakun qilleghsimakangi.

qafsinat	qafsina[N][Abs][Unpd][Pl]
qafsinat	qafsina[N][Rel][Unpd][Pl]

ayveghem	ayvegh[N][Rel][Unpd][Sg]

kuyapegii	kuyapegagh-~:(ng₁)u[to.be.N][N→V]-~i[SBJ.V-ed.something][V→V]-~i[SBJ.V-ed.something][V→V]-~i[SBJ.V-ed.something][V→V]-~i[SBJ.V-ed.something][V→V]-~i[SBJ.V-ed.something][V→V][V][Intr][Opt][PRS][2Sg]
kuyapegii	kuyapegagh-~:(ng₁)u[to.be.N][N→V]-~i[SBJ.V-ed.something][V→V]-~i[SBJ.V-ed.something][V→V]-~i[SBJ.V-ed.something][V→V]-~i[SBJ.V-ed.something][V→V][V][Intr][Opt][PRS][2Sg]
kuyapegii	kuyapegagh-~:(ng₁)u[to.be.N][N→V]-~i[SBJ.V-ed.something][V→V]-~i[SBJ.V-ed.something][V→V]-~i[SBJ.V-ed.something][V→V][V][Intr][Opt][PRS][2Sg]
kuyapegii	kuyapegagh-~:(ng₁)u[to.be.N][N→V]-~i[SBJ.V-ed.something][V→V]-~i[SBJ.V-ed.something][V→V][V][Intr][Opt][PRS][2Sg]
kuyapegii	kuyapegagh-~:(ng₁)u[to.be.N][N→V]-~i[SBJ.V-ed.something][V→V][V][Intr][Opt][PRS][2Sg]
kuyapegii	kuyapegagh[N][Abs][3SgPoss][PlPosd]

nuuvulluki	nuuve-~:(u)te[to.V.for.or.with][to.cause.to.V.as.one.is.V-ing][to.V.toward.each.other][V→V]-te[to.act.on.so.as.to.cause.to.V][V→V][V][Trns][Sbrd][_][3Pl]
nuuvulluki	nuuve-~:(u)te[to.V.for.or.with][to.cause.to.V.as.one.is.V-ing][to.V.toward.each.other][V→V][V][Trns][Sbrd][_][3Pl]

amaam	amaa[N][Rel][Unpd][Sg]

paapgakun	papeg[N][Via][3DuPoss][PlPosd]
paapgakun	papeg[N][Via][3SgPoss][SgPosd]
paapgakun	papeg[N][Via][3SgPoss][PlPosd]

qilleghsimakangi	qilleghte-@₁~:(i/u)ma[to.have.V-ed][to.have.been.V-ed][V→V]-@*@₂~sf–(g₂)k(a)e[the.one.that.possessor.V-ed][V→N][N][Abs][3SgPoss][PlPosd]
qilleghsimakangi	qilleghte-@₁~:(i/u)ma[to.have.V-ed][to.have.been.V-ed][V→V][V][Trns][Ptcp][3Sg][3Pl]

------------------------


------------------------
Enkaam amaa taghsaamakaanga.

enkaam	enkaam

amaa	amaa[N][Abs][Unpd][Sg]
amaa	amagh[V][Intr][Opt][PRS][2Sg]
amaa	amu[V][Intr][Intrg][3Sg]
amaa	amu[V][Trns][Ind][3Sg][3Sg]

taghsaamakaanga	taghsagh-@₁~:(i/u)ma[to.have.V-ed][to.have.been.V-ed][V→V]-~sf–(g₃)kau[to.have.V-ed][to.have.been.V-ed][V→V][V][Trns][Opt][PRS][2Sg][1Sg]
taghsaamakaanga	taghsagh-@₁~:(i/u)ma[to.have.V-ed][to.have.been.V-ed][V→V]-@₂~fkau[to.have.V-ed][to.have.been.V-ed][V→V][V][Trns][Opt][PRS][2Sg][1Sg]

------------------------
Qatelghiim pimakanga, "Anguyaget sughuget whaa kaasaghtuungestaamiikung.

qatelghiim	qategh-@₁–lghii[the.one.that.V-ed][the.one.that.is.V][V→N][N][Rel][Unpd][Sg]
qatelghiim	qatelghii[N][Rel][Unpd][Sg]

pimakanga	pi-@₁~:(i/u)ma[to.have.V-ed][to.have.been.V-ed][V→V]-@*@₂~sf–(g₂)k(a)e[the.one.that.possessor.V-ed][V→N][N][Abs][3SgPoss][SgPosd]
pimakanga	pi-@₁~:(i/u)ma[to.have.V-ed][to.have.been.V-ed][V→V][V][Trns][Ptcp][3Sg][3Sg]
pimakanga	pi-@₁~:(i/u)ma[to.have.V-ed][to.have.been.V-ed][V→V][V][Trns][Cond][3Sg][1Sg]

anguyaget	anguyag[N][Abs][Unpd][Pl]
anguyaget	anguyag[N][Rel][Unpd][Pl]

sughuget	+?

whaa	whaa
whaa	whaa[N][Abs][Unpd][Sg]

kaasaghtuungestaamiikung	+?

------------------------
Uusneghwaaghmun mayiigaqut.

uusneghwaaghmun	uusneghwaagh[N][Ter][Unpd][Sg]

mayiigaqut	mayagh-~:(ng₁)u[to.be.N][N→V]-~i[SBJ.V-ed.something][V→V]-~i[SBJ.V-ed.something][V→V]-~i[SBJ.V-ed.something][V→V]-~i[SBJ.V-ed.something][V→V]-~(g₁)aqe[to.be.V.ing][to.regularly.or.repeatedly.V][V→V][V][Intr][Ind][3Pl]
mayiigaqut	mayagh-~:(ng₁)u[to.be.N][N→V]-~i[SBJ.V-ed.something][V→V]-~i[SBJ.V-ed.something][V→V]-~i[SBJ.V-ed.something][V→V]-~(g₁)aqe[to.be.V.ing][to.regularly.or.repeatedly.V][V→V][V][Intr][Ind][3Pl]
mayiigaqut	mayagh-~:(ng₁)u[to.be.N][N→V]-~i[SBJ.V-ed.something][V→V]-~i[SBJ.V-ed.something][V→V]-~(g₁)aqe[to.be.V.ing][to.regularly.or.repeatedly.V][V→V][V][Intr][Ind][3Pl]
mayiigaqut	mayagh-~:(ng₁)u[to.be.N][N→V]-~i[SBJ.V-ed.something][V→V]-~(g₁)aqe[to.be.V.ing][to.regularly.or.repeatedly.V][V→V][V][Intr][Ind][3Pl]

------------------------
Whanga qimagnaqunga.

whanga	wha[N][Abs][3SgPoss][SgPosd]
whanga	whanga

qimagnaqunga	qimag-@₁~fnaqe[to.be.going.to.V][V→V][V][Intr][Ind][1Sg]

------------------------
Elpek saaqsin?"

elpek	elpek
elpek	elpeg[N][Abs][Unpd][Sg]

saaqsin	sa-~(g₁)aqe[to.be.V.ing][to.regularly.or.repeatedly.V][V→V][V][Intr][Intrg][2Sg]

------------------------
Amaa qaviinamaatkun nekefqaghlluni pangalegyalghiimi kelutmun uka tunganganeng kavleggalek.

amaa	amaa[N][Abs][Unpd][Sg]
amaa	amagh[V][Intr][Opt][PRS][2Sg]
amaa	amu[V][Intr][Intrg][3Sg]
amaa	amu[V][Trns][Ind][3Sg][3Sg]

qaviinamaatkun	+?

nekefqaghlluni	+?

pangalegyalghiimi	pangaleg-@₁~fyagh[to.go.V-ing][to.V.in.vain][V→V]-@₁–lghii[the.one.that.V-ed][the.one.that.is.V][V→N][N][Loc][Unpd][Sg]
pangalegyalghiimi	pangaleg-@₁~fyagh[to.go.V-ing][to.V.in.vain][V→V]-@₁–lghii[the.one.that.V-ed][the.one.that.is.V][V→N][N][Rel][4SgPoss][PlPosd]
pangalegyalghiimi	pangaleg-@₁~fyagh[to.go.V-ing][to.V.in.vain][V→V]-@₁–lghii[the.one.that.V-ed][the.one.that.is.V][V→N][N][Rel][4SgPoss][SgPosd]
pangalegyalghiimi	pangaleg[V][Intr][Ptcp_Obl][4Sg]

kelutmun	kelute[N][Ter][Unpd][Sg]

uka	uka
uka	uka[N][Abs][Unpd][Sg]

tunganganeng	+?

kavleggalek	+?

------------------------
Naqam paapga aqniimaghmi.

naqam	naqam
naqam	naqam[N][Abs][Unpd][Sg]

paapga	papeg[N][Abs][3SgPoss][SgPosd]

aqniimaghmi	aqnigh-@₁~:(i/u)magh*[while.V-ing][V→V][Quant_Qual][4Sg]

------------------------
Amaa sumeghtaghaamalghii, "Seghleghhalekkaannaqaatnga anguyaget.

amaa	amaa[N][Abs][Unpd][Sg]
amaa	amagh[V][Intr][Opt][PRS][2Sg]
amaa	amu[V][Intr][Intrg][3Sg]
amaa	amu[V][Trns][Ind][3Sg][3Sg]

sumeghtaghaamalghii	sumeghtaghagh-@₁~:(i/u)ma[to.have.V-ed][to.have.been.V-ed][V→V]-@₁–lghii[the.one.that.V-ed][the.one.that.is.V][V→N][N][Abs][Unpd][Sg]

seghleghhalekkaannaqaatnga	+?

anguyaget	anguyag[N][Abs][Unpd][Pl]
anguyaget	anguyag[N][Rel][Unpd][Pl]

------------------------
Tuqunnaqaatnga.

tuqunnaqaatnga	tuqu-te[to.act.on.so.as.to.cause.to.V][V→V]-@₁~fnaqe[to.be.going.to.V][V→V][V][Trns][Ind][3Pl][1Sg]
tuqunnaqaatnga	tuqu-~:(u)te[to.V.for.or.with][to.cause.to.V.as.one.is.V-ing][to.V.toward.each.other][V→V]-te[to.act.on.so.as.to.cause.to.V][V→V]-@₁~fnaqe[to.be.going.to.V][V→V][V][Trns][Ind][3Pl][1Sg]
tuqunnaqaatnga	tuqute-@₁~fnaqe[to.be.going.to.V][V→V][V][Trns][Ind][3Pl][1Sg]

------------------------
Awitwuwaqlu papemkun kiitegtaatnga.

awitwuwaqlu	+?

papemkun	papeg[N][Via][1SgPoss][PlPosd]
papemkun	papeg[N][Via][1SgPoss][SgPosd]

kiitegtaatnga	+?

------------------------
Sangami paapka aqnighaqa?"

sangami	sa[V][Intr][CnsqI][4Sg]
sangami	sangagh[N][Loc][Unpd][Sg]
sangami	sangagh[N][Rel][4SgPoss][PlPosd]
sangami	sangagh[N][Rel][4SgPoss][SgPosd]
sangami	sangami

paapka	papeg-~–ke[to.have.as.one's.N(s)][N→V][V][Intr][Intrg][3Sg]
paapka	papeg[N][Abs][1SgPoss][SgPosd]

aqnighaqa	aqnigh-~(g₁)aqe[to.be.V.ing][to.regularly.or.repeatedly.V][V→V][V][Intr][Intrg][3Sg]
aqnighaqa	aqnigh[V][Trns][Ind][1Sg][3Sg]

------------------------
Amaa iwemgaqun qevuulluni qimakaq tuqunnayukangatni.

amaa	amaa[N][Abs][Unpd][Sg]
amaa	amagh[V][Intr][Opt][PRS][2Sg]
amaa	amu[V][Intr][Intrg][3Sg]
amaa	amu[V][Trns][Ind][3Sg][3Sg]

iwemgaqun	+?

qevuulluni	qevuute[V][Intr][Sbrd][3Sg]

qimakaq	qimag-~sf–(g₃)kaq[one.that.has.V-ed][V→N][N][Abs][Unpd][Sg]

tuqunnayukangatni	+?

------------------------
Qimaguqestaghngaaghmi kinguminilnguq kavlek almesiqngiinaghyagu saama pekapigsami amaa sumeghtaghaamalghii, "Qaywaam tuqulanga."

qimaguqestaghngaaghmi	+?

kinguminilnguq	+?

kavlek	kavleg[N][Abs][Unpd][Sg]

almesiqngiinaghyagu	+?

saama	saa[N][Rel][1SgPoss][SgPosd]
saama	saa[N][Rel][1SgPoss][PlPosd]
saama	saam[N][Abs][3SgPoss][SgPosd]
saama	saama
saama	saama[N][Abs][Unpd][Sg]

pekapigsami	pekagh-–pigte[to.be.very.V][to.V.very.much][V→V]-te[to.act.on.so.as.to.cause.to.V][V→V][V][Intr][CnsqI][4Sg]
pekapigsami	pekagh-–pigte[to.be.very.V][to.V.very.much][V→V][V][Intr][CnsqI][4Sg]

amaa	amaa[N][Abs][Unpd][Sg]
amaa	amagh[V][Intr][Opt][PRS][2Sg]
amaa	amu[V][Intr][Intrg][3Sg]
amaa	amu[V][Trns][Ind][3Sg][3Sg]

sumeghtaghaamalghii	sumeghtaghagh-@₁~:(i/u)ma[to.have.V-ed][to.have.been.V-ed][V→V]-@₁–lghii[the.one.that.V-ed][the.one.that.is.V][V→N][N][Abs][Unpd][Sg]

qaywaam	qaywaam

tuqulanga	tuqu-~:(u)te[to.V.for.or.with][to.cause.to.V.as.one.is.V-ing][to.V.toward.each.other][V→V][V][Intr][Opt][PRS][1Sg]
tuqulanga	tuqu-~:(u)te[SBJ.V-ed.something][V→V][V][Intr][Opt][PRS][1Sg]
tuqulanga	tuqu[V][Intr][Opt][PRS][1Sg]

------------------------
Aghuliighutkelluku uteghmun qiivyalghiimi sughumeng esghaanneghituq.

aghuliighutkelluku	+?

uteghmun	uteghmun

qiivyalghiimi	qiive-@₁~fyagh[to.go.V-ing][to.V.in.vain][V→V]-@₁–lghii[the.one.that.V-ed][the.one.that.is.V][V→N][N][Loc][Unpd][Sg]
qiivyalghiimi	qiive-@₁~fyagh[to.go.V-ing][to.V.in.vain][V→V]-@₁–lghii[the.one.that.V-ed][the.one.that.is.V][V→N][N][Rel][4SgPoss][PlPosd]
qiivyalghiimi	qiive-@₁~fyagh[to.go.V-ing][to.V.in.vain][V→V]-@₁–lghii[the.one.that.V-ed][the.one.that.is.V][V→N][N][Rel][4SgPoss][SgPosd]
qiivyalghiimi	qiive[V][Intr][Ptcp_Obl][4Sg]

sughumeng	sughu[N][Abl_Mod][Unpd][Sg]
sughumeng	sughu[N][Rel][4DuPoss][PlPosd]
sughumeng	sughu[N][Rel][4DuPoss][SgPosd]
sughumeng	sughu[N][Rel][4PlPoss][PlPosd]
sughumeng	sughu[N][Rel][4PlPoss][SgPosd]

esghaanneghituq	esghaate-@₁–nghite**[to.not.V][V→V][V][Intr][Ind][3Sg]
esghaanneghituq	esghagh-~:(u)te[to.V.for.or.with][to.cause.to.V.as.one.is.V-ing][to.V.toward.each.other][V→V]-te[to.act.on.so.as.to.cause.to.V][V→V]-@₁–nghite**[to.not.V][V→V][V][Intr][Ind][3Sg]
esghaanneghituq	esghagh-~:(u)te[to.V.for.or.with][to.cause.to.V.as.one.is.V-ing][to.V.toward.each.other][V→V]-@₁–nghite**[to.not.V][V→V][V][Intr][Ind][3Sg]
esghaanneghituq	esghagh-~:(u)te[condition.with.respect.to.V-ing][V→N]-te[to.catch.N][to.go.to.N][N→V]-@₁–nghite**[to.not.V][V→V][V][Intr][Ind][3Sg]
esghaanneghituq	esghagh-~:(u)te[SBJ.V-ed.something][V→V]-te[to.act.on.so.as.to.cause.to.V][V→V]-@₁–nghite**[to.not.V][V→V][V][Intr][Ind][3Sg]
esghaanneghituq	esghagh-~:(u)te[SBJ.V-ed.something][V→V]-@₁–nghite**[to.not.V][V→V][V][Intr][Ind][3Sg]

------------------------
Katam taawa paapgakun qilleghlluteng qafsinat ayveghem kuyapegii.

katam	katam

taawa	taawa

paapgakun	papeg[N][Via][3DuPoss][PlPosd]
paapgakun	papeg[N][Via][3SgPoss][SgPosd]
paapgakun	papeg[N][Via][3SgPoss][PlPosd]

qilleghlluteng	+?

qafsinat	qafsina[N][Abs][Unpd][Pl]
qafsinat	qafsina[N][Rel][Unpd][Pl]

ayveghem	ayvegh[N][Rel][Unpd][Sg]

kuyapegii	kuyapegagh-~:(ng₁)u[to.be.N][N→V]-~i[SBJ.V-ed.something][V→V]-~i[SBJ.V-ed.something][V→V]-~i[SBJ.V-ed.something][V→V]-~i[SBJ.V-ed.something][V→V]-~i[SBJ.V-ed.something][V→V][V][Intr][Opt][PRS][2Sg]
kuyapegii	kuyapegagh-~:(ng₁)u[to.be.N][N→V]-~i[SBJ.V-ed.something][V→V]-~i[SBJ.V-ed.something][V→V]-~i[SBJ.V-ed.something][V→V]-~i[SBJ.V-ed.something][V→V][V][Intr][Opt][PRS][2Sg]
kuyapegii	kuyapegagh-~:(ng₁)u[to.be.N][N→V]-~i[SBJ.V-ed.something][V→V]-~i[SBJ.V-ed.something][V→V]-~i[SBJ.V-ed.something][V→V][V][Intr][Opt][PRS][2Sg]
kuyapegii	kuyapegagh-~:(ng₁)u[to.be.N][N→V]-~i[SBJ.V-ed.something][V→V]-~i[SBJ.V-ed.something][V→V][V][Intr][Opt][PRS][2Sg]
kuyapegii	kuyapegagh-~:(ng₁)u[to.be.N][N→V]-~i[SBJ.V-ed.something][V→V][V][Intr][Opt][PRS][2Sg]
kuyapegii	kuyapegagh[N][Abs][3SgPoss][PlPosd]

------------------------
Amaa pimalghii, "Uguminaghnaghhalek qatelghiipenaaq pekaghtepigtaanga.

amaa	amaa[N][Abs][Unpd][Sg]
amaa	amagh[V][Intr][Opt][PRS][2Sg]
amaa	amu[V][Intr][Intrg][3Sg]
amaa	amu[V][Trns][Ind][3Sg][3Sg]

pimalghii	pi-@₁~:(i/u)ma[to.have.V-ed][to.have.been.V-ed][V→V]-@₁–lghii[the.one.that.V-ed][the.one.that.is.V][V→N][N][Abs][Unpd][Sg]

uguminaghnaghhalek	+?

qatelghiipenaaq	+?

pekaghtepigtaanga	pekagh-te[to.act.on.so.as.to.cause.to.V][V→V]-–pigte[to.be.very.V][to.V.very.much][V→V][V][Trns][Ind][3Sg][1Sg]

------------------------
Kergam taawa esghaqaghtekumken unguvallequten."

kergam	kergam
kergam	kergam[N][Abs][Unpd][Sg]

taawa	taawa

esghaqaghtekumken	esghaqagh-te[to.act.on.so.as.to.cause.to.V][V→V][V][Trns][Cond][1Pl][2Sg]
esghaqaghtekumken	esghaqagh-te[to.act.on.so.as.to.cause.to.V][V→V][V][Trns][Cond][1Du][2Sg]
esghaqaghtekumken	esghaqagh-te[to.act.on.so.as.to.cause.to.V][V→V][V][Trns][Cond][1Sg][2Sg]

unguvallequten	unguva-te[to.act.on.so.as.to.cause.to.V][V→V]-@₁lleqe[will.V][V→V]-~:(u)te[to.V.for.or.with][to.cause.to.V.as.one.is.V-ing][to.V.toward.each.other][V→V][V][Intr][Opt][PRS][2Sg]
unguvallequten	unguva-te[to.act.on.so.as.to.cause.to.V][V→V]-@₁lleqe[will.V][V→V]-~:(u)te[condition.with.respect.to.V-ing][V→N][N][Abs][2SgPoss][SgPosd]
unguvallequten	unguva-te[to.act.on.so.as.to.cause.to.V][V→V]-@₁lleqe[will.V][V→V]-~:(u)te[SBJ.V-ed.something][V→V][V][Intr][Opt][PRS][2Sg]
unguvallequten	unguva-te[to.act.on.so.as.to.cause.to.V][V→V]-@₁lleqe[will.V][V→V][V][Intr][Ind][2Sg]
unguvallequten	unguva-~:(u)te[to.V.for.or.with][to.cause.to.V.as.one.is.V-ing][to.V.toward.each.other][V→V]-te[to.act.on.so.as.to.cause.to.V][V→V]-@₁lleqe[will.V][V→V]-~:(u)te[to.V.for.or.with][to.cause.to.V.as.one.is.V-ing][to.V.toward.each.other][V→V][V][Intr][Opt][PRS][2Sg]
unguvallequten	unguva-~:(u)te[to.V.for.or.with][to.cause.to.V.as.one.is.V-ing][to.V.toward.each.other][V→V]-te[to.act.on.so.as.to.cause.to.V][V→V]-@₁lleqe[will.V][V→V]-~:(u)te[condition.with.respect.to.V-ing][V→N][N][Abs][2SgPoss][SgPosd]
unguvallequten	unguva-~:(u)te[to.V.for.or.with][to.cause.to.V.as.one.is.V-ing][to.V.toward.each.other][V→V]-te[to.act.on.so.as.to.cause.to.V][V→V]-@₁lleqe[will.V][V→V]-~:(u)te[SBJ.V-ed.something][V→V][V][Intr][Opt][PRS][2Sg]
unguvallequten	unguva-~:(u)te[to.V.for.or.with][to.cause.to.V.as.one.is.V-ing][to.V.toward.each.other][V→V]-te[to.act.on.so.as.to.cause.to.V][V→V]-@₁lleqe[will.V][V→V][V][Intr][Ind][2Sg]
unguvallequten	unguva-~:(u)te[to.V.for.or.with][to.cause.to.V.as.one.is.V-ing][to.V.toward.each.other][V→V]-@₁lleqe[will.V][V→V]-~:(u)te[to.V.for.or.with][to.cause.to.V.as.one.is.V-ing][to.V.toward.each.other][V→V][V][Intr][Opt][PRS][2Sg]
unguvallequten	unguva-~:(u)te[to.V.for.or.with][to.cause.to.V.as.one.is.V-ing][to.V.toward.each.other][V→V]-@₁lleqe[will.V][V→V]-~:(u)te[condition.with.respect.to.V-ing][V→N][N][Abs][2SgPoss][SgPosd]
unguvallequten	unguva-~:(u)te[to.V.for.or.with][to.cause.to.V.as.one.is.V-ing][to.V.toward.each.other][V→V]-@₁lleqe[will.V][V→V]-~:(u)te[SBJ.V-ed.something][V→V][V][Intr][Opt][PRS][2Sg]
unguvallequten	unguva-~:(u)te[to.V.for.or.with][to.cause.to.V.as.one.is.V-ing][to.V.toward.each.other][V→V]-@₁lleqe[will.V][V→V][V][Intr][Ind][2Sg]
unguvallequten	unguva-~:(u)te[condition.with.respect.to.V-ing][V→N]-te[to.catch.N][to.go.to.N][N→V]-@₁lleqe[will.V][V→V]-~:(u)te[to.V.for.or.with][to.cause.to.V.as.one.is.V-ing][to.V.toward.each.other][V→V][V][Intr][Opt][PRS][2Sg]
unguvallequten	unguva-~:(u)te[condition.with.respect.to.V-ing][V→N]-te[to.catch.N][to.go.to.N][N→V]-@₁lleqe[will.V][V→V]-~:(u)te[condition.with.respect.to.V-ing][V→N][N][Abs][2SgPoss][SgPosd]
unguvallequten	unguva-~:(u)te[condition.with.respect.to.V-ing][V→N]-te[to.catch.N][to.go.to.N][N→V]-@₁lleqe[will.V][V→V]-~:(u)te[SBJ.V-ed.something][V→V][V][Intr][Opt][PRS][2Sg]
unguvallequten	unguva-~:(u)te[condition.with.respect.to.V-ing][V→N]-te[to.catch.N][to.go.to.N][N→V]-@₁lleqe[will.V][V→V][V][Intr][Ind][2Sg]
unguvallequten	unguva-~:(u)te[SBJ.V-ed.something][V→V]-te[to.act.on.so.as.to.cause.to.V][V→V]-@₁lleqe[will.V][V→V]-~:(u)te[to.V.for.or.with][to.cause.to.V.as.one.is.V-ing][to.V.toward.each.other][V→V][V][Intr][Opt][PRS][2Sg]
unguvallequten	unguva-~:(u)te[SBJ.V-ed.something][V→V]-te[to.act.on.so.as.to.cause.to.V][V→V]-@₁lleqe[will.V][V→V]-~:(u)te[condition.with.respect.to.V-ing][V→N][N][Abs][2SgPoss][SgPosd]
unguvallequten	unguva-~:(u)te[SBJ.V-ed.something][V→V]-te[to.act.on.so.as.to.cause.to.V][V→V]-@₁lleqe[will.V][V→V]-~:(u)te[SBJ.V-ed.something][V→V][V][Intr][Opt][PRS][2Sg]
unguvallequten	unguva-~:(u)te[SBJ.V-ed.something][V→V]-te[to.act.on.so.as.to.cause.to.V][V→V]-@₁lleqe[will.V][V→V][V][Intr][Ind][2Sg]
unguvallequten	unguva-~:(u)te[SBJ.V-ed.something][V→V]-@₁lleqe[will.V][V→V]-~:(u)te[to.V.for.or.with][to.cause.to.V.as.one.is.V-ing][to.V.toward.each.other][V→V][V][Intr][Opt][PRS][2Sg]
unguvallequten	unguva-~:(u)te[SBJ.V-ed.something][V→V]-@₁lleqe[will.V][V→V]-~:(u)te[condition.with.respect.to.V-ing][V→N][N][Abs][2SgPoss][SgPosd]
unguvallequten	unguva-~:(u)te[SBJ.V-ed.something][V→V]-@₁lleqe[will.V][V→V]-~:(u)te[SBJ.V-ed.something][V→V][V][Intr][Opt][PRS][2Sg]
unguvallequten	unguva-~:(u)te[SBJ.V-ed.something][V→V]-@₁lleqe[will.V][V→V][V][Intr][Ind][2Sg]
unguvallequten	unguva-@₁lleqe[will.V][V→V]-~:(u)te[to.V.for.or.with][to.cause.to.V.as.one.is.V-ing][to.V.toward.each.other][V→V][V][Intr][Opt][PRS][2Sg]
unguvallequten	unguva-@₁lleqe[will.V][V→V]-~:(u)te[condition.with.respect.to.V-ing][V→N][N][Abs][2SgPoss][SgPosd]
unguvallequten	unguva-@₁lleqe[will.V][V→V]-~:(u)te[SBJ.V-ed.something][V→V][V][Intr][Opt][PRS][2Sg]
unguvallequten	unguva-@₁lleqe[will.V][V→V][V][Intr][Ind][2Sg]

------------------------


------------------------
Qatelghiim kiiwek kaallukek akimun ayuqelghiik maligsimakek iwemgam esnamun.

qatelghiim	qategh-@₁–lghii[the.one.that.V-ed][the.one.that.is.V][V→N][N][Rel][Unpd][Sg]
qatelghiim	qatelghii[N][Rel][Unpd][Sg]

kiiwek	kiiw[N][Abs][Unpd][Du]
kiiwek	kiiw[N][Rel][Unpd][Du]
kiiwek	kiiweg[N][Abs][Unpd][Sg]

kaallukek	kaate[V][Trns][Sbrd][_][3Du]

akimun	aki[N][Ter][Unpd][Sg]

ayuqelghiik	ayuqe-@₁–lghii[the.one.that.V-ed][the.one.that.is.V][V→N][N][Abs][Unpd][Du]
ayuqelghiik	ayuqe-@₁–lghii[the.one.that.V-ed][the.one.that.is.V][V→N][N][Rel][Unpd][Du]
ayuqelghiik	ayuqe[V][Intr][Ptcp][3Du]

maligsimakek	maligte-@₁~:(i/u)ma[to.have.V-ed][to.have.been.V-ed][V→V]-@*@₂~sf–(g₂)k(a)e[the.one.that.possessor.V-ed][V→N][N][Abs][Unpd][Du]
maligsimakek	maligte-@₁~:(i/u)ma[to.have.V-ed][to.have.been.V-ed][V→V]-@*@₂~sf–(g₂)k(a)e[the.one.that.possessor.V-ed][V→N][N][Rel][Unpd][Du]
maligsimakek	maligte-@₁~:(i/u)ma[to.have.V-ed][to.have.been.V-ed][V→V][V][Trns][Opt][PRS][2Sg][3Du]
maligsimakek	maligte-@₁~:(i/u)ma[to.have.V-ed][to.have.been.V-ed][V→V][V][Trns][Intrg][2Pl][3Du]

iwemgam	+?

esnamun	esnagh[N][Ter][Unpd][Sg]

------------------------
Tawani esnami tepameng neghemsuglimi taglaamalghii esnam kelutanganun.

tawani	tawani
tawani	tawani[N][Abs][Unpd][Sg]

esnami	esnagh[N][Loc][Unpd][Sg]
esnami	esnagh[N][Rel][4SgPoss][PlPosd]
esnami	esnagh[N][Rel][4SgPoss][SgPosd]

tepameng	tepagh[N][Abl_Mod][Unpd][Sg]
tepameng	tepagh[N][Rel][4DuPoss][PlPosd]
tepameng	tepagh[N][Rel][4DuPoss][SgPosd]
tepameng	tepagh[N][Rel][4PlPoss][PlPosd]
tepameng	tepagh[N][Rel][4PlPoss][SgPosd]

neghemsuglimi	+?

taglaamalghii	taglagh-@₁~:(i/u)ma[to.have.V-ed][to.have.been.V-ed][V→V]-@₁–lghii[the.one.that.V-ed][the.one.that.is.V][V→N][N][Abs][Unpd][Sg]

esnam	esnagh[N][Rel][Unpd][Sg]

kelutanganun	+?

------------------------
Pengughaghhaghmun kaalluni tawani qavaghnaqsami iyegni nusugraghlukek saaghwmikun llilukek qavaamalghii.

pengughaghhaghmun	+?

kaalluni	kaate[V][Intr][Sbrd][3Sg]

tawani	tawani
tawani	tawani[N][Abs][Unpd][Sg]

qavaghnaqsami	qavagh-@₁~fnaqe[to.be.going.to.V][V→V]-te[to.act.on.so.as.to.cause.to.V][V→V]-te[to.act.on.so.as.to.cause.to.V][V→V][V][Intr][CnsqI][4Sg]
qavaghnaqsami	qavagh-@₁~fnaqe[to.be.going.to.V][V→V]-te[to.act.on.so.as.to.cause.to.V][V→V][V][Intr][CnsqI][4Sg]
qavaghnaqsami	qavagh-@₁~fnaqe[to.be.going.to.V][V→V][V][Intr][CnsqI][4Sg]

iyegni	iye[N][Abs][4SgPoss][DuPosd]
iyegni	iye[N][Loc][Unpd][Du]

nusugraghlukek	+?

saaghwmikun	saaghw[N][Via][4SgPoss][PlPosd]
saaghwmikun	saaghw[N][Via][4SgPoss][SgPosd]

llilukek	lli-~:(u)te[to.V.for.or.with][to.cause.to.V.as.one.is.V-ing][to.V.toward.each.other][V→V][V][Trns][Sbrd][_][3Du]
llilukek	lli[V][Trns][Sbrd][_][3Du]

qavaamalghii	qavaa-@₁~:(i/u)ma[to.have.V-ed][to.have.been.V-ed][V→V]-@₁–lghii[the.one.that.V-ed][the.one.that.is.V][V→N][N][Abs][Unpd][Sg]
qavaamalghii	qavagh-@₁~:(i/u)ma[to.have.V-ed][to.have.been.V-ed][V→V]-@₁–lghii[the.one.that.V-ed][the.one.that.is.V][V→N][N][Abs][Unpd][Sg]
qavaamalghii	qavagh-~:(ng₁)u[to.be.N][N→V]-@₁~:(i/u)ma[to.have.V-ed][to.have.been.V-ed][V→V]-@₁–lghii[the.one.that.V-ed][the.one.that.is.V][V→N][N][Abs][Unpd][Sg]

------------------------
Taagken amaam ugumiyagulluku qatelghii tamaghhaani ivaghtaayaqenni.

taagken	taagken

amaam	amaa[N][Rel][Unpd][Sg]

ugumiyagulluku	+?

qatelghii	qategh-@₁–lghii[the.one.that.V-ed][the.one.that.is.V][V→N][N][Abs][Unpd][Sg]
qatelghii	qatelghii[N][Abs][Unpd][Sg]

tamaghhaani	tamaghhagh-~:(ng₁)u[to.be.N][N→V]-@₁~fni[to.say.that.one.is.V-ing][Cmpd_Vbl][V][Intr][Opt][PRS][2Sg]
tamaghhaani	tamaghhagh-~:(ng₁)u[to.be.N][N→V]-~:(u)te[to.V.for.or.with][to.cause.to.V.as.one.is.V-ing][to.V.toward.each.other][V→V]-@₁~fni[to.say.that.one.is.V-ing][Cmpd_Vbl][V][Intr][Opt][PRS][2Sg]
tamaghhaani	tamaghhagh-~:(ng₁)u[to.be.N][N→V]-~:(u)te[SBJ.V-ed.something][V→V]-@₁~fni[to.say.that.one.is.V-ing][Cmpd_Vbl][V][Intr][Opt][PRS][2Sg]
tamaghhaani	tamaghhagh[N][Loc][3SgPoss][SgPosd]
tamaghhaani	tamaghhagh[N][Loc][3SgPoss][PlPosd]

ivaghtaayaqenni	+?

------------------------
Qenwatlu naalkeqaghsimakanga.

qenwatlu	+?

naalkeqaghsimakanga	+?

------------------------
Qatelghii qavaghaqeftuq enngaatall umuluku naqam saaghwani iyek.

qatelghii	qategh-@₁–lghii[the.one.that.V-ed][the.one.that.is.V][V→N][N][Abs][Unpd][Sg]
qatelghii	qatelghii[N][Abs][Unpd][Sg]

qavaghaqeftuq	qavagh-~(g₁)aqe[to.be.V.ing][to.regularly.or.repeatedly.V][V→V]-(pete)fte[to.evidently.V][to.have.V-ed][V→V][V][Intr][Ind][3Sg]

enngaatall	enngaatall

umuluku	umu-~:(u)te[to.V.for.or.with][to.cause.to.V.as.one.is.V-ing][to.V.toward.each.other][V→V][V][Trns][Sbrd][_][3Sg]
umuluku	umu[V][Trns][Sbrd][_][3Sg]

naqam	naqam
naqam	naqam[N][Abs][Unpd][Sg]

saaghwani	saaghw[N][Loc][3SgPoss][SgPosd]
saaghwani	saaghw[N][Loc][3SgPoss][PlPosd]

iyek	iye[N][Abs][Unpd][Du]
iyek	iye[N][Rel][Unpd][Du]

------------------------
Amaamtaghsaghpenaan iiskekqatelghiimtutmaghtaalukek qageghqughlukek unisimakanga.

amaamtaghsaghpenaan	+?

iiskekqatelghiimtutmaghtaalukek	+?

qageghqughlukek	qagegh-te[to.act.on.so.as.to.cause.to.V][V→V]-@₁qugh[to.V.completely][V][Trns][Sbrd][_][3Du]
qageghqughlukek	qagegh-@₁qugh[to.V.completely][V][Trns][Sbrd][_][3Du]
qageghqughlukek	qageghte-@₁qugh[to.V.completely][V][Trns][Sbrd][_][3Du]
qageghqughlukek	qageghqugh[V][Trns][Sbrd][_][3Du]

unisimakanga	unite-@₁~:(i/u)ma[to.have.V-ed][to.have.been.V-ed][V→V]-@*@₂~sf–(g₂)k(a)e[the.one.that.possessor.V-ed][V→N][N][Abs][3SgPoss][SgPosd]
unisimakanga	unite-@₁~:(i/u)ma[to.have.V-ed][to.have.been.V-ed][V→V][V][Trns][Ptcp][3Sg][3Sg]
unisimakanga	unite-@₁~:(i/u)ma[to.have.V-ed][to.have.been.V-ed][V→V][V][Trns][Cond][3Sg][1Sg]

------------------------
Kingunganeng amaam qatelghiim iwemgaqun qavagni nusuglukek taghtughyami iyegni tugunaqsaqegni aviituk.

kingunganeng	kingu[N][Abl_Mod][3SgPoss][SgPosd]
kingunganeng	kingu[N][Abl_Mod][3SgPoss][PlPosd]

amaam	amaa[N][Rel][Unpd][Sg]

qatelghiim	qategh-@₁–lghii[the.one.that.V-ed][the.one.that.is.V][V→N][N][Rel][Unpd][Sg]
qatelghiim	qatelghii[N][Rel][Unpd][Sg]

iwemgaqun	+?

qavagni	qavagh[N][Abs][4SgPoss][DuPosd]
qavagni	qavagh[N][Loc][Unpd][Du]

nusuglukek	nusug[V][Trns][Sbrd][_][3Du]

taghtughyami	taghtugh[V][Intr][CnsqI][4Sg]

iyegni	iye[N][Abs][4SgPoss][DuPosd]
iyegni	iye[N][Loc][Unpd][Du]

tugunaqsaqegni	tugu-@₁~fnaqe[to.be.going.to.V][V→V]-te[to.act.on.so.as.to.cause.to.V][V→V]-te[to.act.on.so.as.to.cause.to.V][V→V]-@₁~fyagh[to.go.V-ing][to.V.in.vain][V→V]-@*@₂~sf–(g₂)k(a)e[the.one.that.possessor.V-ed][V→N][N][Abs][4SgPoss][DuPosd]
tugunaqsaqegni	tugu-@₁~fnaqe[to.be.going.to.V][V→V]-te[to.act.on.so.as.to.cause.to.V][V→V]-te[to.act.on.so.as.to.cause.to.V][V→V]-@₁~fyagh[to.go.V-ing][to.V.in.vain][V→V]-@*@₂~sf–(g₂)k(a)e[the.one.that.possessor.V-ed][V→N][N][Loc][Unpd][Du]
tugunaqsaqegni	tugu-@₁~fnaqe[to.be.going.to.V][V→V]-te[to.act.on.so.as.to.cause.to.V][V→V]-@₁~fyagh[to.go.V-ing][to.V.in.vain][V→V]-@*@₂~sf–(g₂)k(a)e[the.one.that.possessor.V-ed][V→N][N][Abs][4SgPoss][DuPosd]
tugunaqsaqegni	tugu-@₁~fnaqe[to.be.going.to.V][V→V]-te[to.act.on.so.as.to.cause.to.V][V→V]-@₁~fyagh[to.go.V-ing][to.V.in.vain][V→V]-@*@₂~sf–(g₂)k(a)e[the.one.that.possessor.V-ed][V→N][N][Loc][Unpd][Du]
tugunaqsaqegni	tugu-@₁~fnaqe[to.be.going.to.V][V→V]-@₁~fyagh[to.go.V-ing][to.V.in.vain][V→V]-@*@₂~sf–(g₂)k(a)e[the.one.that.possessor.V-ed][V→N][N][Abs][4SgPoss][DuPosd]
tugunaqsaqegni	tugu-@₁~fnaqe[to.be.going.to.V][V→V]-@₁~fyagh[to.go.V-ing][to.V.in.vain][V→V]-@*@₂~sf–(g₂)k(a)e[the.one.that.possessor.V-ed][V→N][N][Loc][Unpd][Du]
tugunaqsaqegni	tugu-~:(u)te[to.V.for.or.with][to.cause.to.V.as.one.is.V-ing][to.V.toward.each.other][V→V]-@₁~fnaqe[to.be.going.to.V][V→V]-te[to.act.on.so.as.to.cause.to.V][V→V]-te[to.act.on.so.as.to.cause.to.V][V→V]-te[to.act.on.so.as.to.cause.to.V][V→V]-@₁~fyagh[to.go.V-ing][to.V.in.vain][V→V]-@*@₂~sf–(g₂)k(a)e[the.one.that.possessor.V-ed][V→N][N][Abs][4SgPoss][DuPosd]
tugunaqsaqegni	tugu-~:(u)te[to.V.for.or.with][to.cause.to.V.as.one.is.V-ing][to.V.toward.each.other][V→V]-@₁~fnaqe[to.be.going.to.V][V→V]-te[to.act.on.so.as.to.cause.to.V][V→V]-te[to.act.on.so.as.to.cause.to.V][V→V]-te[to.act.on.so.as.to.cause.to.V][V→V]-@₁~fyagh[to.go.V-ing][to.V.in.vain][V→V]-@*@₂~sf–(g₂)k(a)e[the.one.that.possessor.V-ed][V→N][N][Loc][Unpd][Du]
tugunaqsaqegni	tugu-~:(u)te[to.V.for.or.with][to.cause.to.V.as.one.is.V-ing][to.V.toward.each.other][V→V]-@₁~fnaqe[to.be.going.to.V][V→V]-te[to.act.on.so.as.to.cause.to.V][V→V]-te[to.act.on.so.as.to.cause.to.V][V→V]-@₁~fyagh[to.go.V-ing][to.V.in.vain][V→V]-@*@₂~sf–(g₂)k(a)e[the.one.that.possessor.V-ed][V→N][N][Abs][4SgPoss][DuPosd]
tugunaqsaqegni	tugu-~:(u)te[to.V.for.or.with][to.cause.to.V.as.one.is.V-ing][to.V.toward.each.other][V→V]-@₁~fnaqe[to.be.going.to.V][V→V]-te[to.act.on.so.as.to.cause.to.V][V→V]-te[to.act.on.so.as.to.cause.to.V][V→V]-@₁~fyagh[to.go.V-ing][to.V.in.vain][V→V]-@*@₂~sf–(g₂)k(a)e[the.one.that.possessor.V-ed][V→N][N][Loc][Unpd][Du]
tugunaqsaqegni	tugu-~:(u)te[to.V.for.or.with][to.cause.to.V.as.one.is.V-ing][to.V.toward.each.other][V→V]-@₁~fnaqe[to.be.going.to.V][V→V]-te[to.act.on.so.as.to.cause.to.V][V→V]-@₁~fyagh[to.go.V-ing][to.V.in.vain][V→V]-@*@₂~sf–(g₂)k(a)e[the.one.that.possessor.V-ed][V→N][N][Abs][4SgPoss][DuPosd]
tugunaqsaqegni	tugu-~:(u)te[to.V.for.or.with][to.cause.to.V.as.one.is.V-ing][to.V.toward.each.other][V→V]-@₁~fnaqe[to.be.going.to.V][V→V]-te[to.act.on.so.as.to.cause.to.V][V→V]-@₁~fyagh[to.go.V-ing][to.V.in.vain][V→V]-@*@₂~sf–(g₂)k(a)e[the.one.that.possessor.V-ed][V→N][N][Loc][Unpd][Du]
tugunaqsaqegni	tugu-~:(u)te[to.V.for.or.with][to.cause.to.V.as.one.is.V-ing][to.V.toward.each.other][V→V]-@₁~fnaqe[to.be.going.to.V][V→V]-@₁~fyagh[to.go.V-ing][to.V.in.vain][V→V]-@*@₂~sf–(g₂)k(a)e[the.one.that.possessor.V-ed][V→N][N][Abs][4SgPoss][DuPosd]
tugunaqsaqegni	tugu-~:(u)te[to.V.for.or.with][to.cause.to.V.as.one.is.V-ing][to.V.toward.each.other][V→V]-@₁~fnaqe[to.be.going.to.V][V→V]-@₁~fyagh[to.go.V-ing][to.V.in.vain][V→V]-@*@₂~sf–(g₂)k(a)e[the.one.that.possessor.V-ed][V→N][N][Loc][Unpd][Du]
tugunaqsaqegni	tugu-~:(u)te[SBJ.V-ed.something][V→V]-@₁~fnaqe[to.be.going.to.V][V→V]-te[to.act.on.so.as.to.cause.to.V][V→V]-te[to.act.on.so.as.to.cause.to.V][V→V]-te[to.act.on.so.as.to.cause.to.V][V→V]-@₁~fyagh[to.go.V-ing][to.V.in.vain][V→V]-@*@₂~sf–(g₂)k(a)e[the.one.that.possessor.V-ed][V→N][N][Abs][4SgPoss][DuPosd]
tugunaqsaqegni	tugu-~:(u)te[SBJ.V-ed.something][V→V]-@₁~fnaqe[to.be.going.to.V][V→V]-te[to.act.on.so.as.to.cause.to.V][V→V]-te[to.act.on.so.as.to.cause.to.V][V→V]-te[to.act.on.so.as.to.cause.to.V][V→V]-@₁~fyagh[to.go.V-ing][to.V.in.vain][V→V]-@*@₂~sf–(g₂)k(a)e[the.one.that.possessor.V-ed][V→N][N][Loc][Unpd][Du]
tugunaqsaqegni	tugu-~:(u)te[SBJ.V-ed.something][V→V]-@₁~fnaqe[to.be.going.to.V][V→V]-te[to.act.on.so.as.to.cause.to.V][V→V]-te[to.act.on.so.as.to.cause.to.V][V→V]-@₁~fyagh[to.go.V-ing][to.V.in.vain][V→V]-@*@₂~sf–(g₂)k(a)e[the.one.that.possessor.V-ed][V→N][N][Abs][4SgPoss][DuPosd]
tugunaqsaqegni	tugu-~:(u)te[SBJ.V-ed.something][V→V]-@₁~fnaqe[to.be.going.to.V][V→V]-te[to.act.on.so.as.to.cause.to.V][V→V]-te[to.act.on.so.as.to.cause.to.V][V→V]-@₁~fyagh[to.go.V-ing][to.V.in.vain][V→V]-@*@₂~sf–(g₂)k(a)e[the.one.that.possessor.V-ed][V→N][N][Loc][Unpd][Du]
tugunaqsaqegni	tugu-~:(u)te[SBJ.V-ed.something][V→V]-@₁~fnaqe[to.be.going.to.V][V→V]-te[to.act.on.so.as.to.cause.to.V][V→V]-@₁~fyagh[to.go.V-ing][to.V.in.vain][V→V]-@*@₂~sf–(g₂)k(a)e[the.one.that.possessor.V-ed][V→N][N][Abs][4SgPoss][DuPosd]
tugunaqsaqegni	tugu-~:(u)te[SBJ.V-ed.something][V→V]-@₁~fnaqe[to.be.going.to.V][V→V]-te[to.act.on.so.as.to.cause.to.V][V→V]-@₁~fyagh[to.go.V-ing][to.V.in.vain][V→V]-@*@₂~sf–(g₂)k(a)e[the.one.that.possessor.V-ed][V→N][N][Loc][Unpd][Du]
tugunaqsaqegni	tugu-~:(u)te[SBJ.V-ed.something][V→V]-@₁~fnaqe[to.be.going.to.V][V→V]-@₁~fyagh[to.go.V-ing][to.V.in.vain][V→V]-@*@₂~sf–(g₂)k(a)e[the.one.that.possessor.V-ed][V→N][N][Abs][4SgPoss][DuPosd]
tugunaqsaqegni	tugu-~:(u)te[SBJ.V-ed.something][V→V]-@₁~fnaqe[to.be.going.to.V][V→V]-@₁~fyagh[to.go.V-ing][to.V.in.vain][V→V]-@*@₂~sf–(g₂)k(a)e[the.one.that.possessor.V-ed][V→N][N][Loc][Unpd][Du]

aviituk	avii-~i[SBJ.V-ed.something][V→V]-~i[SBJ.V-ed.something][V→V]-~i[SBJ.V-ed.something][V→V]-~i[SBJ.V-ed.something][V→V]-~i[SBJ.V-ed.something][V→V]-~i[SBJ.V-ed.something][V→V]-te[to.act.on.so.as.to.cause.to.V][V→V][V][Intr][Ind][3Du]
aviituk	avii-~i[SBJ.V-ed.something][V→V]-~i[SBJ.V-ed.something][V→V]-~i[SBJ.V-ed.something][V→V]-~i[SBJ.V-ed.something][V→V]-~i[SBJ.V-ed.something][V→V]-~:(u)te[to.V.for.or.with][to.cause.to.V.as.one.is.V-ing][to.V.toward.each.other][V→V][V][Intr][Ind][3Du]
aviituk	avii-~i[SBJ.V-ed.something][V→V]-~i[SBJ.V-ed.something][V→V]-~i[SBJ.V-ed.something][V→V]-~i[SBJ.V-ed.something][V→V]-~i[SBJ.V-ed.something][V→V]-~:(u)te[SBJ.V-ed.something][V→V][V][Intr][Ind][3Du]
aviituk	avii-~i[SBJ.V-ed.something][V→V]-~i[SBJ.V-ed.something][V→V]-~i[SBJ.V-ed.something][V→V]-~i[SBJ.V-ed.something][V→V]-~i[SBJ.V-ed.something][V→V]-te[to.act.on.so.as.to.cause.to.V][V→V][V][Intr][Ind][3Du]
aviituk	avii-~i[SBJ.V-ed.something][V→V]-~i[SBJ.V-ed.something][V→V]-~i[SBJ.V-ed.something][V→V]-~i[SBJ.V-ed.something][V→V]-~:(u)te[to.V.for.or.with][to.cause.to.V.as.one.is.V-ing][to.V.toward.each.other][V→V][V][Intr][Ind][3Du]
aviituk	avii-~i[SBJ.V-ed.something][V→V]-~i[SBJ.V-ed.something][V→V]-~i[SBJ.V-ed.something][V→V]-~i[SBJ.V-ed.something][V→V]-~:(u)te[SBJ.V-ed.something][V→V][V][Intr][Ind][3Du]
aviituk	avii-~i[SBJ.V-ed.something][V→V]-~i[SBJ.V-ed.something][V→V]-~i[SBJ.V-ed.something][V→V]-~i[SBJ.V-ed.something][V→V]-te[to.act.on.so.as.to.cause.to.V][V→V][V][Intr][Ind][3Du]
aviituk	avii-~i[SBJ.V-ed.something][V→V]-~i[SBJ.V-ed.something][V→V]-~i[SBJ.V-ed.something][V→V]-~:(u)te[to.V.for.or.with][to.cause.to.V.as.one.is.V-ing][to.V.toward.each.other][V→V][V][Intr][Ind][3Du]
aviituk	avii-~i[SBJ.V-ed.something][V→V]-~i[SBJ.V-ed.something][V→V]-~i[SBJ.V-ed.something][V→V]-~:(u)te[SBJ.V-ed.something][V→V][V][Intr][Ind][3Du]
aviituk	avii-~i[SBJ.V-ed.something][V→V]-~i[SBJ.V-ed.something][V→V]-~i[SBJ.V-ed.something][V→V]-te[to.act.on.so.as.to.cause.to.V][V→V][V][Intr][Ind][3Du]
aviituk	avii-~i[SBJ.V-ed.something][V→V]-~i[SBJ.V-ed.something][V→V]-~:(u)te[to.V.for.or.with][to.cause.to.V.as.one.is.V-ing][to.V.toward.each.other][V→V][V][Intr][Ind][3Du]
aviituk	avii-~i[SBJ.V-ed.something][V→V]-~i[SBJ.V-ed.something][V→V]-~:(u)te[SBJ.V-ed.something][V→V][V][Intr][Ind][3Du]
aviituk	avii-~i[SBJ.V-ed.something][V→V]-~i[SBJ.V-ed.something][V→V]-te[to.act.on.so.as.to.cause.to.V][V→V][V][Intr][Ind][3Du]
aviituk	avii-~i[SBJ.V-ed.something][V→V]-~:(u)te[to.V.for.or.with][to.cause.to.V.as.one.is.V-ing][to.V.toward.each.other][V→V][V][Intr][Ind][3Du]
aviituk	avii-~i[SBJ.V-ed.something][V→V]-~:(u)te[SBJ.V-ed.something][V→V][V][Intr][Ind][3Du]
aviituk	avii-~i[SBJ.V-ed.something][V→V]-te[to.act.on.so.as.to.cause.to.V][V→V][V][Intr][Ind][3Du]
aviituk	avii-~:(u)te[to.V.for.or.with][to.cause.to.V.as.one.is.V-ing][to.V.toward.each.other][V→V][V][Intr][Ind][3Du]
aviituk	avii-~:(u)te[SBJ.V-ed.something][V→V][V][Intr][Ind][3Du]
aviituk	aviite[V][Intr][Ind][3Du]
aviituk	avii-te[to.act.on.so.as.to.cause.to.V][V→V][V][Intr][Ind][3Du]

------------------------
Katamnaalkumakekqageghqughlleraaghinaak.

katamnaalkumakekqageghqughlleraaghinaak	+?

------------------------
Qatelghii ayaaluni paneghluni tuqumalghii.

qatelghii	qategh-@₁–lghii[the.one.that.V-ed][the.one.that.is.V][V→N][N][Abs][Unpd][Sg]
qatelghii	qatelghii[N][Abs][Unpd][Sg]

ayaaluni	ayaa-~:(u)te[to.V.for.or.with][to.cause.to.V.as.one.is.V-ing][to.V.toward.each.other][V→V][V][Intr][Sbrd][3Sg]
ayaaluni	ayaa-~:(u)te[SBJ.V-ed.something][V→V][V][Intr][Sbrd][3Sg]
ayaaluni	ayaa[V][Intr][Sbrd][3Sg]

paneghluni	panegh[V][Intr][Sbrd][3Sg]

tuqumalghii	tuqu-@₁~:(i/u)ma[to.have.V-ed][to.have.been.V-ed][V→V]-@₁–lghii[the.one.that.V-ed][the.one.that.is.V][V→N][N][Abs][Unpd][Sg]
tuqumalghii	tuquma-@₁–lghii[the.one.that.V-ed][the.one.that.is.V][V→N][N][Abs][Unpd][Sg]

------------------------


------------------------
Qamagtuq.

qamagtuq	qamagte[V][Intr][Ind][3Sg]

------------------------
