Sikughaaghenkut, Kaviighhaankut, Meteghllugllagenkut 

sikughaaghenkut	sikughaagh-~sf-w:(e)nkut[N.and.company.or.family][N→N][N][Abs][Unpd][Sg]

kaviighhaankut	kaviigh-–ghhagh*[dear.N][N→N]-~sf-w:(e)nkut[N.and.company.or.family][N→N][N][Abs][Unpd][Sg]

meteghllugllagenkut	meteghllug-–ghllag[big.N][N→N]-~sf-w:(e)nkut[N.and.company.or.family][N→N][N][Abs][Unpd][Sg]

------------------------
Iyaakam Apellgha 

iyaakam	+?

apellgha	+?

------------------------


------------------------
Uksuum neqangisagani, Kaviighhaq pirughsaghtuumalghii Sikughaaghet umiilgitnun.

uksuum	+?

neqangisagani	+?

kaviighhaq	kaviigh-–ghhagh*[dear.N][N→N][N][Abs][Unpd][Sg]

pirughsaghtuumalghii	+?

sikughaaghet	sikughaagh[N][Abs][Unpd][Pl]
sikughaaghet	sikughaagh[N][Rel][Unpd][Pl]

umiilgitnun	umiileg[N][Ter][3DuPoss][PlPosd]
umiilgitnun	umiileg[N][Ter][3DuPoss][DuPosd]
umiilgitnun	umiileg[N][Ter][3PlPoss][PlPosd]
umiilgitnun	umiileg[N][Ter][3PlPoss][SgPosd]
umiilgitnun	umiileg[N][Ter][3PlPoss][DuPosd]

------------------------
Akmagtaghhani akmakluku igleghsimalghii.

akmagtaghhani	akmagtagh-–ghhagh*[dear.N][N→N][N][Abs][4SgPoss][SgPosd]
akmagtaghhani	akmagtagh-–ghhagh*[dear.N][N→N][N][Abs][4SgPoss][PlPosd]

akmakluku	+?

igleghsimalghii	igleghte-@₁~:(i/u)ma[to.have.V-ed][to.have.been.V-ed][V→V]-@₁–lghii[the.one.that.V-ed][the.one.that.is.V][V→N][N][Abs][Unpd][Sg]

------------------------


------------------------
Kaasalghiimi Sikughaaghet umiilgita nenglunganun, imani saaygungan amiga kagpestaaghhaaguq.

kaasalghiimi	kaate-@₁~fyagh[to.go.V-ing][to.V.in.vain][V→V]-@₁–lghii[the.one.that.V-ed][the.one.that.is.V][V→N][N][Loc][Unpd][Sg]
kaasalghiimi	kaate-@₁~fyagh[to.go.V-ing][to.V.in.vain][V→V]-@₁–lghii[the.one.that.V-ed][the.one.that.is.V][V→N][N][Rel][4SgPoss][SgPosd]
kaasalghiimi	kaate-@₁~fyagh[to.go.V-ing][to.V.in.vain][V→V]-@₁–lghii[the.one.that.V-ed][the.one.that.is.V][V→N][N][Rel][4SgPoss][PlPosd]
kaasalghiimi	kaate[V][Intr][Ptcp_Obl][4Sg]

sikughaaghet	sikughaagh[N][Abs][Unpd][Pl]
sikughaaghet	sikughaagh[N][Rel][Unpd][Pl]

umiilgita	umiileg-~:(ng₁)ite**[to.lack.N][to.not.have.N][N→V][V][Intr][Intrg][3Sg]
umiilgita	umiileg[N][Rel][3DuPoss][SgPosd]
umiilgita	umiileg[N][Rel][3DuPoss][PlPosd]
umiilgita	umiileg[N][Rel][3PlPoss][SgPosd]
umiilgita	umiileg[N][Rel][3PlPoss][PlPosd]

nenglunganun	nenglu[N][Ter][3SgPoss][SgPosd]
nenglunganun	nenglu[N][Ter][3SgPoss][PlPosd]

imani	imagh[N][Abs][4SgPoss][SgPosd]
imani	imagh[N][Abs][4SgPoss][PlPosd]
imani	imagh[N][Loc][Unpd][Pl]
imani	imani

saaygungan	+?

amiga	amig[N][Abs][3SgPoss][SgPosd]

kagpestaaghhaaguq	kagpestaagh-–ghhagh*[dear.N][N→N]-~:(ng₁)u[to.be.N][N→V][V][Intr][Ind][3Sg]
kagpestaaghhaaguq	kagpestaaghhagh*-~:(ng₁)u[to.be.N][N→V][V][Intr][Ind][3Sg]

------------------------
Kaviighhaq nenglaghyugumaghmi sumeghtaghaamalghii, "Sikughwaaghet umiilgat qaamna uaten eslegkakaa." 

kaviighhaq	kaviigh-–ghhagh*[dear.N][N→N][N][Abs][Unpd][Sg]

nenglaghyugumaghmi	nenglagh-@₁~fyug[to.want.to.V][V→V]-@₁~:(i/u)magh*[while.V-ing][V→V][Quant_Qual][4Sg]

sumeghtaghaamalghii	sumeghtaghagh-@₁~:(i/u)ma[to.have.V-ed][to.have.been.V-ed][V→V]-@₁–lghii[the.one.that.V-ed][the.one.that.is.V][V→N][N][Abs][Unpd][Sg]

sikughwaaghet	sikughwaagh[N][Abs][Unpd][Pl]
sikughwaaghet	sikughwaagh[N][Rel][Unpd][Pl]

umiilgat	umiileg[N][Abs][3PlPoss][SgPosd]

qaamna	qaame-@₁~fna[in.order.to.V][intending.to.V][V→V][V][Intr][Opt][PRS][2Sg]
qaamna	qaamna
qaamna	qaamna[N][Abs][Unpd][Sg]

uaten	+?

eslegkakaa	+?

------------------------
Akmagtaghhani mataghlluku pegnem kangsughngaan amigkun ilutmun kanaghsimakanga.

akmagtaghhani	akmagtagh-–ghhagh*[dear.N][N→N][N][Abs][4SgPoss][SgPosd]
akmagtaghhani	akmagtagh-–ghhagh*[dear.N][N→N][N][Abs][4SgPoss][PlPosd]

mataghlluku	+?

pegnem	pegnem

kangsughngaan	+?

amigkun	amig[N][Via][Unpd][Sg]

ilutmun	+?

kanaghsimakanga	+?

------------------------
Aatkani mataghtaqluki kanaghquusimakangi.

aatkani	aate-@₂~fkaq[one.that.has.V-ed][V→N][N][Abs][4SgPoss][SgPosd]
aatkani	aate-@₂~fkaq[one.that.has.V-ed][V→N][N][Abs][4SgPoss][PlPosd]
aatkani	aatkagh[N][Abs][4SgPoss][SgPosd]
aatkani	aatkagh[N][Abs][4SgPoss][PlPosd]
aatkani	aatkagh[N][Loc][Unpd][Pl]

mataghtaqluki	+?

kanaghquusimakangi	+?

------------------------
Taagken iitghumalghii kangsughngaaghmi.

taagken	taagken

iitghumalghii	itegh-@₁~:(i/u)ma[to.have.V-ed][to.have.been.V-ed][V→V]-@₁–lghii[the.one.that.V-ed][the.one.that.is.V][V→N][N][Abs][Unpd][Sg]

kangsughngaaghmi	+?

------------------------


------------------------
Iteghluni saaygut ilungitni ilepghaaghegni aasimakek.

iteghluni	itegh[V][Intr][Sbrd][3Sg]

saaygut	+?

ilungitni	ilu[N][Loc][3DuPoss][PlPosd]
ilungitni	ilu[N][Loc][3DuPoss][DuPosd]
ilungitni	ilu[N][Loc][3PlPoss][SgPosd]
ilungitni	ilu[N][Loc][3PlPoss][PlPosd]
ilungitni	ilu[N][Loc][3PlPoss][DuPosd]

ilepghaaghegni	+?

aasimakek	aate-@₁~:(i/u)ma[to.have.V-ed][to.have.been.V-ed][V→V]-@*@₂~sf–(g₂)k(a)e[the.one.that.possessor.V-ed][V→N][N][Abs][Unpd][Du]
aasimakek	aate-@₁~:(i/u)ma[to.have.V-ed][to.have.been.V-ed][V→V]-@*@₂~sf–(g₂)k(a)e[the.one.that.possessor.V-ed][V→N][N][Rel][Unpd][Du]
aasimakek	aate-@₁~:(i/u)ma[to.have.V-ed][to.have.been.V-ed][V→V][V][Trns][Intrg][2Pl][3Du]
aasimakek	aate-@₁~:(i/u)ma[to.have.V-ed][to.have.been.V-ed][V→V][V][Trns][Opt][PRS][2Sg][3Du]

------------------------
Atkunillu, temkaagnillu agaghsimakangi.

atkunillu	atkug[N][Abs][4SgPoss][SgPosd]-llu[Encl]
atkunillu	atkug[N][Abs][4SgPoss][PlPosd]-llu[Encl]

temkaagnillu	temkaag[N][Loc][Unpd][Pl]-llu[Encl]

agaghsimakangi	agagh-te[to.catch.N][to.go.to.N][N→V]-@₁~:(i/u)ma[to.have.V-ed][to.have.been.V-ed][V→V]-@*@₂~sf–(g₂)k(a)e[the.one.that.possessor.V-ed][V→N][N][Abs][3SgPoss][PlPosd]

------------------------
Taaqluni aagranun iitghumalghii.

taaqluni	taaqe-te[to.act.on.so.as.to.cause.to.V][V→V][V][Intr][Sbrd][3Sg]
taaqluni	taaqe[V][Intr][Sbrd][3Sg]

aagranun	aagra[N][Ter][Unpd][Pl]

iitghumalghii	itegh-@₁~:(i/u)ma[to.have.V-ed][to.have.been.V-ed][V→V]-@₁–lghii[the.one.that.V-ed][the.one.that.is.V][V→N][N][Abs][Unpd][Sg]

------------------------
Sikughaaghet umiilgannguq pika kelutangani aqumluni, qenngulliqeghllagluni.

sikughaaghet	sikughaagh[N][Abs][Unpd][Pl]
sikughaaghet	sikughaagh[N][Rel][Unpd][Pl]

umiilgannguq	+?

pika	pi-@*@₂~sf–(g₂)k(a)e[the.one.that.possessor.V-ed][V→N][N][Abs][Unpd][Sg]
pika	pi[N][Abs][1SgPoss][SgPosd]
pika	pika

kelutangani	+?

aqumluni	aqume[V][Intr][Sbrd][3Sg]

qenngulliqeghllagluni	+?

------------------------
Imaninguq amestaaghhaaguq.

imaninguq	imagh[N][Abs][4SgPoss][SgPosd]-nguq[Encl]
imaninguq	imagh[N][Abs][4SgPoss][PlPosd]-nguq[Encl]
imaninguq	imagh[N][Loc][Unpd][Pl]-nguq[Encl]

amestaaghhaaguq	+?

------------------------


------------------------
Tamaanguq sikughaaghet aghnaghiit qepghaateghllaget, qapraguteghllaget naqam qaalkaghpenateng.

tamaanguq	+?

sikughaaghet	sikughaagh[N][Abs][Unpd][Pl]
sikughaaghet	sikughaagh[N][Rel][Unpd][Pl]

aghnaghiit	aghnaghagh*[N][Abs][3PlPoss][PlPosd]

qepghaateghllaget	qepghagh-~:(u)te[to.V.for.or.with][to.cause.to.V.as.one.is.V-ing][to.V.toward.each.other][V→V]-–ghllaget[big.N][AUG]
qepghaateghllaget	qepghagh-~:(u)te[condition.with.respect.to.V-ing][V→N]-–ghllag[big.N][N→N][N][Abs][Unpd][Pl]
qepghaateghllaget	qepghagh-~:(u)te[condition.with.respect.to.V-ing][V→N]-–ghllag[big.N][N→N][N][Rel][Unpd][Pl]
qepghaateghllaget	qepghagh-~:(u)te[SBJ.V-ed.something][V→V]-–ghllaget[big.N][AUG]

qapraguteghllaget	qaprag-~:(u)te[to.V.for.or.with][to.cause.to.V.as.one.is.V-ing][to.V.toward.each.other][V→V]-–ghllaget[big.N][AUG]
qapraguteghllaget	qaprag-~:(u)te[condition.with.respect.to.V-ing][V→N]-–ghllag[big.N][N→N][N][Abs][Unpd][Pl]
qapraguteghllaget	qaprag-~:(u)te[condition.with.respect.to.V-ing][V→N]-–ghllag[big.N][N→N][N][Rel][Unpd][Pl]
qapraguteghllaget	qaprag-~:(u)te[SBJ.V-ed.something][V→V]-–ghllaget[big.N][AUG]

naqam	naqam

qaalkaghpenateng	+?

------------------------
Upughataghhneghitaannguq Kaviighhaq.

upughataghhneghitaannguq	+?

kaviighhaq	kaviigh-–ghhagh*[dear.N][N→N][N][Abs][Unpd][Sg]

------------------------
Kaviighhaq qaalkaghpenani alingesighwaaghumalghii.

kaviighhaq	kaviigh-–ghhagh*[dear.N][N→N][N][Abs][Unpd][Sg]

qaalkaghpenani	+?

alingesighwaaghumalghii	+?

------------------------


------------------------
Sikughaaghet umiilgat qiighumalghii, "Ughhu-ghhuu."

sikughaaghet	sikughaagh[N][Abs][Unpd][Pl]
sikughaaghet	sikughaagh[N][Rel][Unpd][Pl]

umiilgat	umiileg[N][Abs][3PlPoss][SgPosd]

qiighumalghii	+?

ughhughhuu	+?

------------------------
Kaviighhaq upusighwaaghumalghii tupagpagsimaghmi.

kaviighhaq	kaviigh-–ghhagh*[dear.N][N→N][N][Abs][Unpd][Sg]

upusighwaaghumalghii	+?

tupagpagsimaghmi	+?

------------------------
Umiilek aga aanuq sameng piightegpenani.

umiilek	umiileg[N][Abs][Unpd][Sg]

aga	aga

aanuq	aane[V][Intr][Ind][3Sg]

sameng	sa[N][Rel][4DuPoss][SgPosd]
sameng	sa[N][Rel][4DuPoss][PlPosd]
sameng	sa[N][Rel][4PlPoss][SgPosd]
sameng	sa[N][Rel][4PlPoss][PlPosd]
sameng	sa[N][Abl_Mod][Unpd][Sg]
sameng	sameng

piightegpenani	piigh-te[to.catch.N][to.go.to.N][N→V]-@₁–nghite**[to.not.V][V→V][V][Intr][Sbrd][3Sg]

------------------------
Taawa Kaviighhaq tawantuq nalighhiiniita aleghquqaghpenaan.

taawa	taawa

kaviighhaq	kaviigh-–ghhagh*[dear.N][N→N][N][Abs][Unpd][Sg]

tawantuq	+?

nalighhiiniita	naligh-–ghhagh*[dear.N][N→N]-~:(ng₁)u[to.be.N][N→V]-~i[SBJ.V-ed.something][V→V]-~i[SBJ.V-ed.something][V→V]-@₁~fni[to.say.that.one.is.V-ing][Cmpd_Vbl]-~i[SBJ.V-ed.something][V→V]-~:(u)te[condition.with.respect.to.V-ing][V→N][N][Abs][Unpd][Sg]
nalighhiiniita	naligh-–ghhagh*[dear.N][N→N]-~:(ng₁)u[to.be.N][N→V]-~i[SBJ.V-ed.something][V→V]-~i[SBJ.V-ed.something][V→V]-@₁~fni[to.say.that.one.is.V-ing][Cmpd_Vbl]-~i[SBJ.V-ed.something][V→V]-~:(u)ta[condition.with.respect.to.V-ing][V→N][N][Abs][Unpd][Sg]
nalighhiiniita	naligh-–ghhagh*[dear.N][N→N]-~:(ng₁)u[to.be.N][N→V]-~i[SBJ.V-ed.something][V→V]-~i[SBJ.V-ed.something][V→V]-@₁~fni[to.say.that.one.is.V-ing][Cmpd_Vbl]-~i[SBJ.V-ed.something][V→V]-te[to.act.on.so.as.to.cause.to.V][V→V][V][Intr][Intrg][3Sg]
nalighhiiniita	naligh-–ghhagh*[dear.N][N→N]-~:(ng₁)u[to.be.N][N→V]-~i[SBJ.V-ed.something][V→V]-~i[SBJ.V-ed.something][V→V]-@₁~fna[in.order.to.V][intending.to.V][V→V]-~i[SBJ.V-ed.something][V→V]-~:(u)te[condition.with.respect.to.V-ing][V→N][N][Abs][Unpd][Sg]
nalighhiiniita	naligh-–ghhagh*[dear.N][N→N]-~:(ng₁)u[to.be.N][N→V]-~i[SBJ.V-ed.something][V→V]-~i[SBJ.V-ed.something][V→V]-@₁~fna[in.order.to.V][intending.to.V][V→V]-~i[SBJ.V-ed.something][V→V]-~:(u)ta[condition.with.respect.to.V-ing][V→N][N][Abs][Unpd][Sg]
nalighhiiniita	naligh-–ghhagh*[dear.N][N→N]-~:(ng₁)u[to.be.N][N→V]-~i[SBJ.V-ed.something][V→V]-~i[SBJ.V-ed.something][V→V]-@₁~fna[in.order.to.V][intending.to.V][V→V]-~i[SBJ.V-ed.something][V→V]-te[to.act.on.so.as.to.cause.to.V][V→V][V][Intr][Intrg][3Sg]
nalighhiiniita	naligh-–ghhagh*[dear.N][N→N]-~:(ng₁)u[to.be.N][N→V]-~i[SBJ.V-ed.something][V→V]-@₁~fni[to.say.that.one.is.V-ing][Cmpd_Vbl]-~i[SBJ.V-ed.something][V→V]-~i[SBJ.V-ed.something][V→V]-~:(u)te[condition.with.respect.to.V-ing][V→N][N][Abs][Unpd][Sg]
nalighhiiniita	naligh-–ghhagh*[dear.N][N→N]-~:(ng₁)u[to.be.N][N→V]-~i[SBJ.V-ed.something][V→V]-@₁~fni[to.say.that.one.is.V-ing][Cmpd_Vbl]-~i[SBJ.V-ed.something][V→V]-~i[SBJ.V-ed.something][V→V]-~:(u)ta[condition.with.respect.to.V-ing][V→N][N][Abs][Unpd][Sg]
nalighhiiniita	naligh-–ghhagh*[dear.N][N→N]-~:(ng₁)u[to.be.N][N→V]-~i[SBJ.V-ed.something][V→V]-@₁~fni[to.say.that.one.is.V-ing][Cmpd_Vbl]-~i[SBJ.V-ed.something][V→V]-~i[SBJ.V-ed.something][V→V]-te[to.act.on.so.as.to.cause.to.V][V→V][V][Intr][Intrg][3Sg]
nalighhiiniita	naligh-–ghhagh*[dear.N][N→N]-~:(ng₁)u[to.be.N][N→V]-~i[SBJ.V-ed.something][V→V]-@₁~fni[to.say.that.one.is.V-ing][Cmpd_Vbl]-~i[SBJ.V-ed.something][V→V]-~:(u)te[to.V.for.or.with][to.cause.to.V.as.one.is.V-ing][to.V.toward.each.other][V→V][V][Intr][Intrg][3Sg]
nalighhiiniita	naligh-–ghhagh*[dear.N][N→N]-~:(ng₁)u[to.be.N][N→V]-~i[SBJ.V-ed.something][V→V]-@₁~fni[to.say.that.one.is.V-ing][Cmpd_Vbl]-~i[SBJ.V-ed.something][V→V]-~:(u)te[SBJ.V-ed.something][V→V][V][Intr][Intrg][3Sg]
nalighhiiniita	naligh-–ghhagh*[dear.N][N→N]-~:(ng₁)u[to.be.N][N→V]-~i[SBJ.V-ed.something][V→V]-@₁~fni[to.say.that.one.is.V-ing][Cmpd_Vbl]-~i[SBJ.V-ed.something][V→V]-~:(u)te[condition.with.respect.to.V-ing][V→N][N][Abs][Unpd][Sg]
nalighhiiniita	naligh-–ghhagh*[dear.N][N→N]-~:(ng₁)u[to.be.N][N→V]-~i[SBJ.V-ed.something][V→V]-@₁~fni[to.say.that.one.is.V-ing][Cmpd_Vbl]-~i[SBJ.V-ed.something][V→V]-~:(u)ta[condition.with.respect.to.V-ing][V→N][N][Abs][Unpd][Sg]
nalighhiiniita	naligh-–ghhagh*[dear.N][N→N]-~:(ng₁)u[to.be.N][N→V]-~i[SBJ.V-ed.something][V→V]-@₁~fni[to.say.that.one.is.V-ing][Cmpd_Vbl]-~i[SBJ.V-ed.something][V→V]-te[to.act.on.so.as.to.cause.to.V][V→V][V][Intr][Intrg][3Sg]
nalighhiiniita	naligh-–ghhagh*[dear.N][N→N]-~:(ng₁)u[to.be.N][N→V]-~i[SBJ.V-ed.something][V→V]-@₁~fna[in.order.to.V][intending.to.V][V→V]-~i[SBJ.V-ed.something][V→V]-~i[SBJ.V-ed.something][V→V]-~:(u)te[condition.with.respect.to.V-ing][V→N][N][Abs][Unpd][Sg]
nalighhiiniita	naligh-–ghhagh*[dear.N][N→N]-~:(ng₁)u[to.be.N][N→V]-~i[SBJ.V-ed.something][V→V]-@₁~fna[in.order.to.V][intending.to.V][V→V]-~i[SBJ.V-ed.something][V→V]-~i[SBJ.V-ed.something][V→V]-~:(u)ta[condition.with.respect.to.V-ing][V→N][N][Abs][Unpd][Sg]
nalighhiiniita	naligh-–ghhagh*[dear.N][N→N]-~:(ng₁)u[to.be.N][N→V]-~i[SBJ.V-ed.something][V→V]-@₁~fna[in.order.to.V][intending.to.V][V→V]-~i[SBJ.V-ed.something][V→V]-~i[SBJ.V-ed.something][V→V]-te[to.act.on.so.as.to.cause.to.V][V→V][V][Intr][Intrg][3Sg]
nalighhiiniita	naligh-–ghhagh*[dear.N][N→N]-~:(ng₁)u[to.be.N][N→V]-~i[SBJ.V-ed.something][V→V]-@₁~fna[in.order.to.V][intending.to.V][V→V]-~i[SBJ.V-ed.something][V→V]-~:(u)te[to.V.for.or.with][to.cause.to.V.as.one.is.V-ing][to.V.toward.each.other][V→V][V][Intr][Intrg][3Sg]
nalighhiiniita	naligh-–ghhagh*[dear.N][N→N]-~:(ng₁)u[to.be.N][N→V]-~i[SBJ.V-ed.something][V→V]-@₁~fna[in.order.to.V][intending.to.V][V→V]-~i[SBJ.V-ed.something][V→V]-~:(u)te[SBJ.V-ed.something][V→V][V][Intr][Intrg][3Sg]
nalighhiiniita	naligh-–ghhagh*[dear.N][N→N]-~:(ng₁)u[to.be.N][N→V]-~i[SBJ.V-ed.something][V→V]-@₁~fna[in.order.to.V][intending.to.V][V→V]-~i[SBJ.V-ed.something][V→V]-~:(u)te[condition.with.respect.to.V-ing][V→N][N][Abs][Unpd][Sg]
nalighhiiniita	naligh-–ghhagh*[dear.N][N→N]-~:(ng₁)u[to.be.N][N→V]-~i[SBJ.V-ed.something][V→V]-@₁~fna[in.order.to.V][intending.to.V][V→V]-~i[SBJ.V-ed.something][V→V]-~:(u)ta[condition.with.respect.to.V-ing][V→N][N][Abs][Unpd][Sg]
nalighhiiniita	naligh-–ghhagh*[dear.N][N→N]-~:(ng₁)u[to.be.N][N→V]-~i[SBJ.V-ed.something][V→V]-@₁~fna[in.order.to.V][intending.to.V][V→V]-~i[SBJ.V-ed.something][V→V]-te[to.act.on.so.as.to.cause.to.V][V→V][V][Intr][Intrg][3Sg]
nalighhiiniita	naligh-–ghhagh*[dear.N][N→N]-~:(ng₁)u[to.be.N][N→V]-~i[SBJ.V-ed.something][V→V]-~:(u)te[to.V.for.or.with][to.cause.to.V.as.one.is.V-ing][to.V.toward.each.other][V→V]-@₁~fni[to.say.that.one.is.V-ing][Cmpd_Vbl]-~i[SBJ.V-ed.something][V→V]-~:(u)te[condition.with.respect.to.V-ing][V→N][N][Abs][Unpd][Sg]
nalighhiiniita	naligh-–ghhagh*[dear.N][N→N]-~:(ng₁)u[to.be.N][N→V]-~i[SBJ.V-ed.something][V→V]-~:(u)te[to.V.for.or.with][to.cause.to.V.as.one.is.V-ing][to.V.toward.each.other][V→V]-@₁~fni[to.say.that.one.is.V-ing][Cmpd_Vbl]-~i[SBJ.V-ed.something][V→V]-~:(u)ta[condition.with.respect.to.V-ing][V→N][N][Abs][Unpd][Sg]
nalighhiiniita	naligh-–ghhagh*[dear.N][N→N]-~:(ng₁)u[to.be.N][N→V]-~i[SBJ.V-ed.something][V→V]-~:(u)te[to.V.for.or.with][to.cause.to.V.as.one.is.V-ing][to.V.toward.each.other][V→V]-@₁~fni[to.say.that.one.is.V-ing][Cmpd_Vbl]-~i[SBJ.V-ed.something][V→V]-te[to.act.on.so.as.to.cause.to.V][V→V][V][Intr][Intrg][3Sg]
nalighhiiniita	naligh-–ghhagh*[dear.N][N→N]-~:(ng₁)u[to.be.N][N→V]-~i[SBJ.V-ed.something][V→V]-~:(u)te[to.V.for.or.with][to.cause.to.V.as.one.is.V-ing][to.V.toward.each.other][V→V]-@₁~fna[in.order.to.V][intending.to.V][V→V]-~i[SBJ.V-ed.something][V→V]-~:(u)te[condition.with.respect.to.V-ing][V→N][N][Abs][Unpd][Sg]
nalighhiiniita	naligh-–ghhagh*[dear.N][N→N]-~:(ng₁)u[to.be.N][N→V]-~i[SBJ.V-ed.something][V→V]-~:(u)te[to.V.for.or.with][to.cause.to.V.as.one.is.V-ing][to.V.toward.each.other][V→V]-@₁~fna[in.order.to.V][intending.to.V][V→V]-~i[SBJ.V-ed.something][V→V]-~:(u)ta[condition.with.respect.to.V-ing][V→N][N][Abs][Unpd][Sg]
nalighhiiniita	naligh-–ghhagh*[dear.N][N→N]-~:(ng₁)u[to.be.N][N→V]-~i[SBJ.V-ed.something][V→V]-~:(u)te[to.V.for.or.with][to.cause.to.V.as.one.is.V-ing][to.V.toward.each.other][V→V]-@₁~fna[in.order.to.V][intending.to.V][V→V]-~i[SBJ.V-ed.something][V→V]-te[to.act.on.so.as.to.cause.to.V][V→V][V][Intr][Intrg][3Sg]
nalighhiiniita	naligh-–ghhagh*[dear.N][N→N]-~:(ng₁)u[to.be.N][N→V]-~i[SBJ.V-ed.something][V→V]-~:(u)te[SBJ.V-ed.something][V→V]-@₁~fni[to.say.that.one.is.V-ing][Cmpd_Vbl]-~i[SBJ.V-ed.something][V→V]-~:(u)te[condition.with.respect.to.V-ing][V→N][N][Abs][Unpd][Sg]
nalighhiiniita	naligh-–ghhagh*[dear.N][N→N]-~:(ng₁)u[to.be.N][N→V]-~i[SBJ.V-ed.something][V→V]-~:(u)te[SBJ.V-ed.something][V→V]-@₁~fni[to.say.that.one.is.V-ing][Cmpd_Vbl]-~i[SBJ.V-ed.something][V→V]-~:(u)ta[condition.with.respect.to.V-ing][V→N][N][Abs][Unpd][Sg]
nalighhiiniita	naligh-–ghhagh*[dear.N][N→N]-~:(ng₁)u[to.be.N][N→V]-~i[SBJ.V-ed.something][V→V]-~:(u)te[SBJ.V-ed.something][V→V]-@₁~fni[to.say.that.one.is.V-ing][Cmpd_Vbl]-~i[SBJ.V-ed.something][V→V]-te[to.act.on.so.as.to.cause.to.V][V→V][V][Intr][Intrg][3Sg]
nalighhiiniita	naligh-–ghhagh*[dear.N][N→N]-~:(ng₁)u[to.be.N][N→V]-~i[SBJ.V-ed.something][V→V]-~:(u)te[SBJ.V-ed.something][V→V]-@₁~fna[in.order.to.V][intending.to.V][V→V]-~i[SBJ.V-ed.something][V→V]-~:(u)te[condition.with.respect.to.V-ing][V→N][N][Abs][Unpd][Sg]
nalighhiiniita	naligh-–ghhagh*[dear.N][N→N]-~:(ng₁)u[to.be.N][N→V]-~i[SBJ.V-ed.something][V→V]-~:(u)te[SBJ.V-ed.something][V→V]-@₁~fna[in.order.to.V][intending.to.V][V→V]-~i[SBJ.V-ed.something][V→V]-~:(u)ta[condition.with.respect.to.V-ing][V→N][N][Abs][Unpd][Sg]
nalighhiiniita	naligh-–ghhagh*[dear.N][N→N]-~:(ng₁)u[to.be.N][N→V]-~i[SBJ.V-ed.something][V→V]-~:(u)te[SBJ.V-ed.something][V→V]-@₁~fna[in.order.to.V][intending.to.V][V→V]-~i[SBJ.V-ed.something][V→V]-te[to.act.on.so.as.to.cause.to.V][V→V][V][Intr][Intrg][3Sg]
nalighhiiniita	naligh*-–ghhagh*[dear.N][N→N]-~:(ng₁)u[to.be.N][N→V]-~i[SBJ.V-ed.something][V→V]-~i[SBJ.V-ed.something][V→V]-@₁~fni[to.say.that.one.is.V-ing][Cmpd_Vbl]-~i[SBJ.V-ed.something][V→V]-~:(u)te[condition.with.respect.to.V-ing][V→N][N][Abs][Unpd][Sg]
nalighhiiniita	naligh*-–ghhagh*[dear.N][N→N]-~:(ng₁)u[to.be.N][N→V]-~i[SBJ.V-ed.something][V→V]-~i[SBJ.V-ed.something][V→V]-@₁~fni[to.say.that.one.is.V-ing][Cmpd_Vbl]-~i[SBJ.V-ed.something][V→V]-~:(u)ta[condition.with.respect.to.V-ing][V→N][N][Abs][Unpd][Sg]
nalighhiiniita	naligh*-–ghhagh*[dear.N][N→N]-~:(ng₁)u[to.be.N][N→V]-~i[SBJ.V-ed.something][V→V]-~i[SBJ.V-ed.something][V→V]-@₁~fni[to.say.that.one.is.V-ing][Cmpd_Vbl]-~i[SBJ.V-ed.something][V→V]-te[to.act.on.so.as.to.cause.to.V][V→V][V][Intr][Intrg][3Sg]
nalighhiiniita	naligh*-–ghhagh*[dear.N][N→N]-~:(ng₁)u[to.be.N][N→V]-~i[SBJ.V-ed.something][V→V]-~i[SBJ.V-ed.something][V→V]-@₁~fna[in.order.to.V][intending.to.V][V→V]-~i[SBJ.V-ed.something][V→V]-~:(u)te[condition.with.respect.to.V-ing][V→N][N][Abs][Unpd][Sg]
nalighhiiniita	naligh*-–ghhagh*[dear.N][N→N]-~:(ng₁)u[to.be.N][N→V]-~i[SBJ.V-ed.something][V→V]-~i[SBJ.V-ed.something][V→V]-@₁~fna[in.order.to.V][intending.to.V][V→V]-~i[SBJ.V-ed.something][V→V]-~:(u)ta[condition.with.respect.to.V-ing][V→N][N][Abs][Unpd][Sg]
nalighhiiniita	naligh*-–ghhagh*[dear.N][N→N]-~:(ng₁)u[to.be.N][N→V]-~i[SBJ.V-ed.something][V→V]-~i[SBJ.V-ed.something][V→V]-@₁~fna[in.order.to.V][intending.to.V][V→V]-~i[SBJ.V-ed.something][V→V]-te[to.act.on.so.as.to.cause.to.V][V→V][V][Intr][Intrg][3Sg]
nalighhiiniita	naligh*-–ghhagh*[dear.N][N→N]-~:(ng₁)u[to.be.N][N→V]-~i[SBJ.V-ed.something][V→V]-@₁~fni[to.say.that.one.is.V-ing][Cmpd_Vbl]-~i[SBJ.V-ed.something][V→V]-~i[SBJ.V-ed.something][V→V]-~:(u)te[condition.with.respect.to.V-ing][V→N][N][Abs][Unpd][Sg]
nalighhiiniita	naligh*-–ghhagh*[dear.N][N→N]-~:(ng₁)u[to.be.N][N→V]-~i[SBJ.V-ed.something][V→V]-@₁~fni[to.say.that.one.is.V-ing][Cmpd_Vbl]-~i[SBJ.V-ed.something][V→V]-~i[SBJ.V-ed.something][V→V]-~:(u)ta[condition.with.respect.to.V-ing][V→N][N][Abs][Unpd][Sg]
nalighhiiniita	naligh*-–ghhagh*[dear.N][N→N]-~:(ng₁)u[to.be.N][N→V]-~i[SBJ.V-ed.something][V→V]-@₁~fni[to.say.that.one.is.V-ing][Cmpd_Vbl]-~i[SBJ.V-ed.something][V→V]-~i[SBJ.V-ed.something][V→V]-te[to.act.on.so.as.to.cause.to.V][V→V][V][Intr][Intrg][3Sg]
nalighhiiniita	naligh*-–ghhagh*[dear.N][N→N]-~:(ng₁)u[to.be.N][N→V]-~i[SBJ.V-ed.something][V→V]-@₁~fni[to.say.that.one.is.V-ing][Cmpd_Vbl]-~i[SBJ.V-ed.something][V→V]-~:(u)te[to.V.for.or.with][to.cause.to.V.as.one.is.V-ing][to.V.toward.each.other][V→V][V][Intr][Intrg][3Sg]
nalighhiiniita	naligh*-–ghhagh*[dear.N][N→N]-~:(ng₁)u[to.be.N][N→V]-~i[SBJ.V-ed.something][V→V]-@₁~fni[to.say.that.one.is.V-ing][Cmpd_Vbl]-~i[SBJ.V-ed.something][V→V]-~:(u)te[SBJ.V-ed.something][V→V][V][Intr][Intrg][3Sg]
nalighhiiniita	naligh*-–ghhagh*[dear.N][N→N]-~:(ng₁)u[to.be.N][N→V]-~i[SBJ.V-ed.something][V→V]-@₁~fni[to.say.that.one.is.V-ing][Cmpd_Vbl]-~i[SBJ.V-ed.something][V→V]-~:(u)te[condition.with.respect.to.V-ing][V→N][N][Abs][Unpd][Sg]
nalighhiiniita	naligh*-–ghhagh*[dear.N][N→N]-~:(ng₁)u[to.be.N][N→V]-~i[SBJ.V-ed.something][V→V]-@₁~fni[to.say.that.one.is.V-ing][Cmpd_Vbl]-~i[SBJ.V-ed.something][V→V]-~:(u)ta[condition.with.respect.to.V-ing][V→N][N][Abs][Unpd][Sg]
nalighhiiniita	naligh*-–ghhagh*[dear.N][N→N]-~:(ng₁)u[to.be.N][N→V]-~i[SBJ.V-ed.something][V→V]-@₁~fni[to.say.that.one.is.V-ing][Cmpd_Vbl]-~i[SBJ.V-ed.something][V→V]-te[to.act.on.so.as.to.cause.to.V][V→V][V][Intr][Intrg][3Sg]
nalighhiiniita	naligh*-–ghhagh*[dear.N][N→N]-~:(ng₁)u[to.be.N][N→V]-~i[SBJ.V-ed.something][V→V]-@₁~fna[in.order.to.V][intending.to.V][V→V]-~i[SBJ.V-ed.something][V→V]-~i[SBJ.V-ed.something][V→V]-~:(u)te[condition.with.respect.to.V-ing][V→N][N][Abs][Unpd][Sg]
nalighhiiniita	naligh*-–ghhagh*[dear.N][N→N]-~:(ng₁)u[to.be.N][N→V]-~i[SBJ.V-ed.something][V→V]-@₁~fna[in.order.to.V][intending.to.V][V→V]-~i[SBJ.V-ed.something][V→V]-~i[SBJ.V-ed.something][V→V]-~:(u)ta[condition.with.respect.to.V-ing][V→N][N][Abs][Unpd][Sg]
nalighhiiniita	naligh*-–ghhagh*[dear.N][N→N]-~:(ng₁)u[to.be.N][N→V]-~i[SBJ.V-ed.something][V→V]-@₁~fna[in.order.to.V][intending.to.V][V→V]-~i[SBJ.V-ed.something][V→V]-~i[SBJ.V-ed.something][V→V]-te[to.act.on.so.as.to.cause.to.V][V→V][V][Intr][Intrg][3Sg]
nalighhiiniita	naligh*-–ghhagh*[dear.N][N→N]-~:(ng₁)u[to.be.N][N→V]-~i[SBJ.V-ed.something][V→V]-@₁~fna[in.order.to.V][intending.to.V][V→V]-~i[SBJ.V-ed.something][V→V]-~:(u)te[to.V.for.or.with][to.cause.to.V.as.one.is.V-ing][to.V.toward.each.other][V→V][V][Intr][Intrg][3Sg]
nalighhiiniita	naligh*-–ghhagh*[dear.N][N→N]-~:(ng₁)u[to.be.N][N→V]-~i[SBJ.V-ed.something][V→V]-@₁~fna[in.order.to.V][intending.to.V][V→V]-~i[SBJ.V-ed.something][V→V]-~:(u)te[SBJ.V-ed.something][V→V][V][Intr][Intrg][3Sg]
nalighhiiniita	naligh*-–ghhagh*[dear.N][N→N]-~:(ng₁)u[to.be.N][N→V]-~i[SBJ.V-ed.something][V→V]-@₁~fna[in.order.to.V][intending.to.V][V→V]-~i[SBJ.V-ed.something][V→V]-~:(u)te[condition.with.respect.to.V-ing][V→N][N][Abs][Unpd][Sg]
nalighhiiniita	naligh*-–ghhagh*[dear.N][N→N]-~:(ng₁)u[to.be.N][N→V]-~i[SBJ.V-ed.something][V→V]-@₁~fna[in.order.to.V][intending.to.V][V→V]-~i[SBJ.V-ed.something][V→V]-~:(u)ta[condition.with.respect.to.V-ing][V→N][N][Abs][Unpd][Sg]
nalighhiiniita	naligh*-–ghhagh*[dear.N][N→N]-~:(ng₁)u[to.be.N][N→V]-~i[SBJ.V-ed.something][V→V]-@₁~fna[in.order.to.V][intending.to.V][V→V]-~i[SBJ.V-ed.something][V→V]-te[to.act.on.so.as.to.cause.to.V][V→V][V][Intr][Intrg][3Sg]
nalighhiiniita	naligh*-–ghhagh*[dear.N][N→N]-~:(ng₁)u[to.be.N][N→V]-~i[SBJ.V-ed.something][V→V]-~:(u)te[to.V.for.or.with][to.cause.to.V.as.one.is.V-ing][to.V.toward.each.other][V→V]-@₁~fni[to.say.that.one.is.V-ing][Cmpd_Vbl]-~i[SBJ.V-ed.something][V→V]-~:(u)te[condition.with.respect.to.V-ing][V→N][N][Abs][Unpd][Sg]
nalighhiiniita	naligh*-–ghhagh*[dear.N][N→N]-~:(ng₁)u[to.be.N][N→V]-~i[SBJ.V-ed.something][V→V]-~:(u)te[to.V.for.or.with][to.cause.to.V.as.one.is.V-ing][to.V.toward.each.other][V→V]-@₁~fni[to.say.that.one.is.V-ing][Cmpd_Vbl]-~i[SBJ.V-ed.something][V→V]-~:(u)ta[condition.with.respect.to.V-ing][V→N][N][Abs][Unpd][Sg]
nalighhiiniita	naligh*-–ghhagh*[dear.N][N→N]-~:(ng₁)u[to.be.N][N→V]-~i[SBJ.V-ed.something][V→V]-~:(u)te[to.V.for.or.with][to.cause.to.V.as.one.is.V-ing][to.V.toward.each.other][V→V]-@₁~fni[to.say.that.one.is.V-ing][Cmpd_Vbl]-~i[SBJ.V-ed.something][V→V]-te[to.act.on.so.as.to.cause.to.V][V→V][V][Intr][Intrg][3Sg]
nalighhiiniita	naligh*-–ghhagh*[dear.N][N→N]-~:(ng₁)u[to.be.N][N→V]-~i[SBJ.V-ed.something][V→V]-~:(u)te[to.V.for.or.with][to.cause.to.V.as.one.is.V-ing][to.V.toward.each.other][V→V]-@₁~fna[in.order.to.V][intending.to.V][V→V]-~i[SBJ.V-ed.something][V→V]-~:(u)te[condition.with.respect.to.V-ing][V→N][N][Abs][Unpd][Sg]
nalighhiiniita	naligh*-–ghhagh*[dear.N][N→N]-~:(ng₁)u[to.be.N][N→V]-~i[SBJ.V-ed.something][V→V]-~:(u)te[to.V.for.or.with][to.cause.to.V.as.one.is.V-ing][to.V.toward.each.other][V→V]-@₁~fna[in.order.to.V][intending.to.V][V→V]-~i[SBJ.V-ed.something][V→V]-~:(u)ta[condition.with.respect.to.V-ing][V→N][N][Abs][Unpd][Sg]
nalighhiiniita	naligh*-–ghhagh*[dear.N][N→N]-~:(ng₁)u[to.be.N][N→V]-~i[SBJ.V-ed.something][V→V]-~:(u)te[to.V.for.or.with][to.cause.to.V.as.one.is.V-ing][to.V.toward.each.other][V→V]-@₁~fna[in.order.to.V][intending.to.V][V→V]-~i[SBJ.V-ed.something][V→V]-te[to.act.on.so.as.to.cause.to.V][V→V][V][Intr][Intrg][3Sg]
nalighhiiniita	naligh*-–ghhagh*[dear.N][N→N]-~:(ng₁)u[to.be.N][N→V]-~i[SBJ.V-ed.something][V→V]-~:(u)te[SBJ.V-ed.something][V→V]-@₁~fni[to.say.that.one.is.V-ing][Cmpd_Vbl]-~i[SBJ.V-ed.something][V→V]-~:(u)te[condition.with.respect.to.V-ing][V→N][N][Abs][Unpd][Sg]
nalighhiiniita	naligh*-–ghhagh*[dear.N][N→N]-~:(ng₁)u[to.be.N][N→V]-~i[SBJ.V-ed.something][V→V]-~:(u)te[SBJ.V-ed.something][V→V]-@₁~fni[to.say.that.one.is.V-ing][Cmpd_Vbl]-~i[SBJ.V-ed.something][V→V]-~:(u)ta[condition.with.respect.to.V-ing][V→N][N][Abs][Unpd][Sg]
nalighhiiniita	naligh*-–ghhagh*[dear.N][N→N]-~:(ng₁)u[to.be.N][N→V]-~i[SBJ.V-ed.something][V→V]-~:(u)te[SBJ.V-ed.something][V→V]-@₁~fni[to.say.that.one.is.V-ing][Cmpd_Vbl]-~i[SBJ.V-ed.something][V→V]-te[to.act.on.so.as.to.cause.to.V][V→V][V][Intr][Intrg][3Sg]
nalighhiiniita	naligh*-–ghhagh*[dear.N][N→N]-~:(ng₁)u[to.be.N][N→V]-~i[SBJ.V-ed.something][V→V]-~:(u)te[SBJ.V-ed.something][V→V]-@₁~fna[in.order.to.V][intending.to.V][V→V]-~i[SBJ.V-ed.something][V→V]-~:(u)te[condition.with.respect.to.V-ing][V→N][N][Abs][Unpd][Sg]
nalighhiiniita	naligh*-–ghhagh*[dear.N][N→N]-~:(ng₁)u[to.be.N][N→V]-~i[SBJ.V-ed.something][V→V]-~:(u)te[SBJ.V-ed.something][V→V]-@₁~fna[in.order.to.V][intending.to.V][V→V]-~i[SBJ.V-ed.something][V→V]-~:(u)ta[condition.with.respect.to.V-ing][V→N][N][Abs][Unpd][Sg]
nalighhiiniita	naligh*-–ghhagh*[dear.N][N→N]-~:(ng₁)u[to.be.N][N→V]-~i[SBJ.V-ed.something][V→V]-~:(u)te[SBJ.V-ed.something][V→V]-@₁~fna[in.order.to.V][intending.to.V][V→V]-~i[SBJ.V-ed.something][V→V]-te[to.act.on.so.as.to.cause.to.V][V→V][V][Intr][Intrg][3Sg]

aleghquqaghpenaan	+?

------------------------


------------------------
Maateqwaaqun Sikughaaghet umiilgat iteghyalghiimi, Kaviighhaam atkugwa atuqluku, nuqutulkeghllagluku.

maateqwaaqun	maateqwaaqute[N][Abs][Unpd][Sg]

sikughaaghet	sikughaagh[N][Abs][Unpd][Pl]
sikughaaghet	sikughaagh[N][Rel][Unpd][Pl]

umiilgat	umiileg[N][Abs][3PlPoss][SgPosd]

iteghyalghiimi	itegh-@₁~fyagh[to.go.V-ing][to.V.in.vain][V→V]-@₁–lghii[the.one.that.V-ed][the.one.that.is.V][V→N][N][Loc][Unpd][Sg]
iteghyalghiimi	itegh-@₁~fyagh[to.go.V-ing][to.V.in.vain][V→V]-@₁–lghii[the.one.that.V-ed][the.one.that.is.V][V→N][N][Rel][4SgPoss][SgPosd]
iteghyalghiimi	itegh-@₁~fyagh[to.go.V-ing][to.V.in.vain][V→V]-@₁–lghii[the.one.that.V-ed][the.one.that.is.V][V→N][N][Rel][4SgPoss][PlPosd]
iteghyalghiimi	itegh[V][Intr][Ptcp_Obl][4Sg]

kaviighhaam	kaviigh-–ghhagh*[dear.N][N→N][N][Rel][Unpd][Sg]

atkugwa	+?

atuqluku	atuqe-te[to.act.on.so.as.to.cause.to.V][V→V][V][Trns][Sbrd][_][3Sg]
atuqluku	atuqe[V][Trns][Sbrd][_][3Sg]

nuqutulkeghllagluku	+?

------------------------
Kaviighhaq nenglaghyugllaghngaaghmi pegnem nuqesimalghii elngaatall.

kaviighhaq	kaviigh-–ghhagh*[dear.N][N→N][N][Abs][Unpd][Sg]

nenglaghyugllaghngaaghmi	+?

pegnem	pegnem

nuqesimalghii	+?

elngaatall	elngaatall

------------------------
Umiilek qiighwlaataamalghii, "Ughhu-ghhuu."

umiilek	umiileg[N][Abs][Unpd][Sg]

qiighwlaataamalghii	qiighw-@₁~laatagh[to.V.anyway][despite.everything.to.still.V][V→V]-@₁~:(i/u)ma[to.have.V-ed][to.have.been.V-ed][V→V]-@₁–lghii[the.one.that.V-ed][the.one.that.is.V][V→N][N][Abs][Unpd][Sg]

ughhughhuu	+?

------------------------
Kaviighhaq tupagpagtesighwaaghaqelghii.

kaviighhaq	kaviigh-–ghhagh*[dear.N][N→N][N][Abs][Unpd][Sg]

tupagpagtesighwaaghaqelghii	+?

------------------------
Umiilek nutaan akuziiq, "Aqelqaq, qayuq ggaatfaka?" 

umiilek	umiileg[N][Abs][Unpd][Sg]

nutaan	nutaan

akuziiq	akuzi-~faagh[one.who.keeps.on.V-ing][AUG]
akuziiq	akuzi-~i[SBJ.V-ed.something][V→V]-~faagh[one.who.keeps.on.V-ing][AUG]
akuziiq	akuzi-~i[SBJ.V-ed.something][V→V]-~i[SBJ.V-ed.something][V→V]-~faagh[one.who.keeps.on.V-ing][AUG]
akuziiq	akuzi-~i[SBJ.V-ed.something][V→V]-~i[SBJ.V-ed.something][V→V]-~i[SBJ.V-ed.something][V→V]-~faagh[one.who.keeps.on.V-ing][AUG]
akuziiq	akuzi-~i[SBJ.V-ed.something][V→V]-~i[SBJ.V-ed.something][V→V]-~i[SBJ.V-ed.something][V→V]-~i[SBJ.V-ed.something][V→V]-~faagh[one.who.keeps.on.V-ing][AUG]
akuziiq	akuzi-~i[SBJ.V-ed.something][V→V]-~i[SBJ.V-ed.something][V→V]-~i[SBJ.V-ed.something][V→V]-~i[SBJ.V-ed.something][V→V]-~i[SBJ.V-ed.something][V→V]-~faagh[one.who.keeps.on.V-ing][AUG]
akuziiq	akuzi[V][Intr][Ind][3Sg]

aqelqaq	aqelqagh[N][Abs][Unpd][Sg]

qayuq	qayuq
qayuq	qayugh[N][Abs][Unpd][Sg]

ggaatfaka	+?

------------------------


------------------------
Kaviighhaq nenglaghyugllaghngaaghmi pimakanga qusevegtepiglluni, "Uuk, sangantuq-aa atkuwhaqa aallaataghsigu, keluwhii avleghruuggnaluki."

kaviighhaq	kaviigh-–ghhagh*[dear.N][N→N][N][Abs][Unpd][Sg]

nenglaghyugllaghngaaghmi	+?

pimakanga	pi-@₁~:(i/u)ma[to.have.V-ed][to.have.been.V-ed][V→V]-@*@₂~sf–(g₂)k(a)e[the.one.that.possessor.V-ed][V→N][N][Abs][3SgPoss][SgPosd]
pimakanga	pi-@₁~:(i/u)ma[to.have.V-ed][to.have.been.V-ed][V→V][V][Trns][Ptcp][3Sg][3Sg]
pimakanga	pi-@₁~:(i/u)ma[to.have.V-ed][to.have.been.V-ed][V→V][V][Trns][Cond][3Sg][1Sg]

qusevegtepiglluni	+?

uuk	uuk

sangantuqaa	+?

atkuwhaqa	+?

aallaataghsigu	aate-@₁~laatagh[to.V.anyway][despite.everything.to.still.V][V→V][V][Trns][Intrg][2Sg][3Sg]

keluwhii	+?

avleghruuggnaluki	+?

------------------------
Umiilegnguq temsiyaaghaghtuq, aga aanuq.

umiilegnguq	umiileg[N][Abs][Unpd][Sg]-nguq[Encl]

temsiyaaghaghtuq	+?

aga	aga

aanuq	aane[V][Intr][Ind][3Sg]

------------------------


------------------------
Alla iteghyalghiimi enraq Kaviighhaam temkakek atuqlukek, nuqutulkeghllaglukek.

alla	alla
alla	alla[N][Abs][Unpd][Sg]

iteghyalghiimi	itegh-@₁~fyagh[to.go.V-ing][to.V.in.vain][V→V]-@₁–lghii[the.one.that.V-ed][the.one.that.is.V][V→N][N][Loc][Unpd][Sg]
iteghyalghiimi	itegh-@₁~fyagh[to.go.V-ing][to.V.in.vain][V→V]-@₁–lghii[the.one.that.V-ed][the.one.that.is.V][V→N][N][Rel][4SgPoss][SgPosd]
iteghyalghiimi	itegh-@₁~fyagh[to.go.V-ing][to.V.in.vain][V→V]-@₁–lghii[the.one.that.V-ed][the.one.that.is.V][V→N][N][Rel][4SgPoss][PlPosd]
iteghyalghiimi	itegh[V][Intr][Ptcp_Obl][4Sg]

enraq	enraq

kaviighhaam	kaviigh-–ghhagh*[dear.N][N→N][N][Rel][Unpd][Sg]

temkakek	temkagh[N][Abs][3SgPoss][DuPosd]

atuqlukek	atuqe-te[to.act.on.so.as.to.cause.to.V][V→V][V][Trns][Sbrd][_][3Du]
atuqlukek	atuqe[V][Trns][Sbrd][_][3Du]

nuqutulkeghllaglukek	+?

------------------------
Sikughaaghhaq qiighwllaglaataghtuq, "Ughhu-ghhuu."

sikughaaghhaq	sikughaagh-–ghhagh*[dear.N][N→N][N][Abs][Unpd][Sg]

qiighwllaglaataghtuq	+?

ughhughhuu	+?

------------------------
Pilaataghtuq, "Aqelqaq, qayuq ighuvagegka?" 

pilaataghtuq	pi-@₁~laatagh[to.V.anyway][despite.everything.to.still.V][V→V][V][Intr][Ind][3Sg]
pilaataghtuq	pi-@₁~laatagh[to.V.anyway][despite.everything.to.still.V][V→V]-te[to.act.on.so.as.to.cause.to.V][V→V][V][Intr][Ind][3Sg]
pilaataghtuq	pi-~:(u)te[to.V.for.or.with][to.cause.to.V.as.one.is.V-ing][to.V.toward.each.other][V→V]-@₁~laatagh[to.V.anyway][despite.everything.to.still.V][V→V][V][Intr][Ind][3Sg]
pilaataghtuq	pi-~:(u)te[to.V.for.or.with][to.cause.to.V.as.one.is.V-ing][to.V.toward.each.other][V→V]-@₁~laatagh[to.V.anyway][despite.everything.to.still.V][V→V]-te[to.act.on.so.as.to.cause.to.V][V→V][V][Intr][Ind][3Sg]
pilaataghtuq	pi-~:(u)te[SBJ.V-ed.something][V→V]-@₁~laatagh[to.V.anyway][despite.everything.to.still.V][V→V][V][Intr][Ind][3Sg]
pilaataghtuq	pi-~:(u)te[SBJ.V-ed.something][V→V]-@₁~laatagh[to.V.anyway][despite.everything.to.still.V][V→V]-te[to.act.on.so.as.to.cause.to.V][V→V][V][Intr][Ind][3Sg]

aqelqaq	aqelqagh[N][Abs][Unpd][Sg]

qayuq	qayuq
qayuq	qayugh[N][Abs][Unpd][Sg]

ighuvagegka	+?

------------------------


------------------------
Kaviighhaam pilaataghaa meni alingesugninnaqepiglluku, "Uuk-aa, sangantuq qulliggaagka aallaataghsikek keluwhii sevuutesqelluki."

kaviighhaam	kaviigh-–ghhagh*[dear.N][N→N][N][Rel][Unpd][Sg]

pilaataghaa	pi-@₁~laatagh[to.V.anyway][despite.everything.to.still.V][V→V][V][Trns][Ind][3Sg][3Sg]
pilaataghaa	pi-~:(u)te[to.V.for.or.with][to.cause.to.V.as.one.is.V-ing][to.V.toward.each.other][V→V]-@₁~laatagh[to.V.anyway][despite.everything.to.still.V][V→V][V][Trns][Ind][3Sg][3Sg]

meni	megh[N][Abs][4SgPoss][SgPosd]
meni	megh[N][Abs][4SgPoss][PlPosd]

alingesugninnaqepiglluku	alinge-(te)sug[to.want.one.to.V][Cmpd_Vbl]-@₁~fni[to.say.that.one.is.V-ing][Cmpd_Vbl]-te[to.act.on.so.as.to.cause.to.V][V→V]-te[to.act.on.so.as.to.cause.to.V][V→V]-te[to.act.on.so.as.to.cause.to.V][V→V]-@₁~fnaqe[to.be.going.to.V][V→V]-–pigte[to.be.very.V][to.V.very.much][V→V]-te[to.act.on.so.as.to.cause.to.V][V→V]-te[to.act.on.so.as.to.cause.to.V][V→V]-te[to.act.on.so.as.to.cause.to.V][V→V]-te[to.act.on.so.as.to.cause.to.V][V→V][V][Trns][Sbrd][_][3Sg]
alingesugninnaqepiglluku	alinge-(te)sug[to.want.one.to.V][Cmpd_Vbl]-@₁~fni[to.say.that.one.is.V-ing][Cmpd_Vbl]-te[to.act.on.so.as.to.cause.to.V][V→V]-te[to.act.on.so.as.to.cause.to.V][V→V]-te[to.act.on.so.as.to.cause.to.V][V→V]-@₁~fnaqe[to.be.going.to.V][V→V]-–pigte[to.be.very.V][to.V.very.much][V→V]-te[to.act.on.so.as.to.cause.to.V][V→V]-te[to.act.on.so.as.to.cause.to.V][V→V]-te[to.act.on.so.as.to.cause.to.V][V→V][V][Trns][Sbrd][_][3Sg]
alingesugninnaqepiglluku	alinge-(te)sug[to.want.one.to.V][Cmpd_Vbl]-@₁~fni[to.say.that.one.is.V-ing][Cmpd_Vbl]-te[to.act.on.so.as.to.cause.to.V][V→V]-te[to.act.on.so.as.to.cause.to.V][V→V]-te[to.act.on.so.as.to.cause.to.V][V→V]-@₁~fnaqe[to.be.going.to.V][V→V]-–pigte[to.be.very.V][to.V.very.much][V→V]-te[to.act.on.so.as.to.cause.to.V][V→V]-te[to.act.on.so.as.to.cause.to.V][V→V][V][Trns][Sbrd][_][3Sg]
alingesugninnaqepiglluku	alinge-(te)sug[to.want.one.to.V][Cmpd_Vbl]-@₁~fni[to.say.that.one.is.V-ing][Cmpd_Vbl]-te[to.act.on.so.as.to.cause.to.V][V→V]-te[to.act.on.so.as.to.cause.to.V][V→V]-te[to.act.on.so.as.to.cause.to.V][V→V]-@₁~fnaqe[to.be.going.to.V][V→V]-–pigte[to.be.very.V][to.V.very.much][V→V]-te[to.act.on.so.as.to.cause.to.V][V→V][V][Trns][Sbrd][_][3Sg]
alingesugninnaqepiglluku	alinge-(te)sug[to.want.one.to.V][Cmpd_Vbl]-@₁~fni[to.say.that.one.is.V-ing][Cmpd_Vbl]-te[to.act.on.so.as.to.cause.to.V][V→V]-te[to.act.on.so.as.to.cause.to.V][V→V]-@₁~fnaqe[to.be.going.to.V][V→V]-–pigte[to.be.very.V][to.V.very.much][V→V]-te[to.act.on.so.as.to.cause.to.V][V→V]-te[to.act.on.so.as.to.cause.to.V][V→V]-te[to.act.on.so.as.to.cause.to.V][V→V]-te[to.act.on.so.as.to.cause.to.V][V→V][V][Trns][Sbrd][_][3Sg]
alingesugninnaqepiglluku	alinge-(te)sug[to.want.one.to.V][Cmpd_Vbl]-@₁~fni[to.say.that.one.is.V-ing][Cmpd_Vbl]-te[to.act.on.so.as.to.cause.to.V][V→V]-te[to.act.on.so.as.to.cause.to.V][V→V]-@₁~fnaqe[to.be.going.to.V][V→V]-–pigte[to.be.very.V][to.V.very.much][V→V]-te[to.act.on.so.as.to.cause.to.V][V→V]-te[to.act.on.so.as.to.cause.to.V][V→V]-te[to.act.on.so.as.to.cause.to.V][V→V][V][Trns][Sbrd][_][3Sg]
alingesugninnaqepiglluku	alinge-(te)sug[to.want.one.to.V][Cmpd_Vbl]-@₁~fni[to.say.that.one.is.V-ing][Cmpd_Vbl]-te[to.act.on.so.as.to.cause.to.V][V→V]-te[to.act.on.so.as.to.cause.to.V][V→V]-@₁~fnaqe[to.be.going.to.V][V→V]-–pigte[to.be.very.V][to.V.very.much][V→V]-te[to.act.on.so.as.to.cause.to.V][V→V]-te[to.act.on.so.as.to.cause.to.V][V→V][V][Trns][Sbrd][_][3Sg]
alingesugninnaqepiglluku	alinge-(te)sug[to.want.one.to.V][Cmpd_Vbl]-@₁~fni[to.say.that.one.is.V-ing][Cmpd_Vbl]-te[to.act.on.so.as.to.cause.to.V][V→V]-te[to.act.on.so.as.to.cause.to.V][V→V]-@₁~fnaqe[to.be.going.to.V][V→V]-–pigte[to.be.very.V][to.V.very.much][V→V]-te[to.act.on.so.as.to.cause.to.V][V→V][V][Trns][Sbrd][_][3Sg]
alingesugninnaqepiglluku	alinge-(te)sug[to.want.one.to.V][Cmpd_Vbl]-@₁~fni[to.say.that.one.is.V-ing][Cmpd_Vbl]-te[to.act.on.so.as.to.cause.to.V][V→V]-@₁~fnaqe[to.be.going.to.V][V→V]-–pigte[to.be.very.V][to.V.very.much][V→V]-te[to.act.on.so.as.to.cause.to.V][V→V]-te[to.act.on.so.as.to.cause.to.V][V→V]-te[to.act.on.so.as.to.cause.to.V][V→V]-te[to.act.on.so.as.to.cause.to.V][V→V][V][Trns][Sbrd][_][3Sg]
alingesugninnaqepiglluku	alinge-(te)sug[to.want.one.to.V][Cmpd_Vbl]-@₁~fni[to.say.that.one.is.V-ing][Cmpd_Vbl]-te[to.act.on.so.as.to.cause.to.V][V→V]-@₁~fnaqe[to.be.going.to.V][V→V]-–pigte[to.be.very.V][to.V.very.much][V→V]-te[to.act.on.so.as.to.cause.to.V][V→V]-te[to.act.on.so.as.to.cause.to.V][V→V]-te[to.act.on.so.as.to.cause.to.V][V→V][V][Trns][Sbrd][_][3Sg]
alingesugninnaqepiglluku	alinge-(te)sug[to.want.one.to.V][Cmpd_Vbl]-@₁~fni[to.say.that.one.is.V-ing][Cmpd_Vbl]-te[to.act.on.so.as.to.cause.to.V][V→V]-@₁~fnaqe[to.be.going.to.V][V→V]-–pigte[to.be.very.V][to.V.very.much][V→V]-te[to.act.on.so.as.to.cause.to.V][V→V]-te[to.act.on.so.as.to.cause.to.V][V→V][V][Trns][Sbrd][_][3Sg]
alingesugninnaqepiglluku	alinge-(te)sug[to.want.one.to.V][Cmpd_Vbl]-@₁~fni[to.say.that.one.is.V-ing][Cmpd_Vbl]-te[to.act.on.so.as.to.cause.to.V][V→V]-@₁~fnaqe[to.be.going.to.V][V→V]-–pigte[to.be.very.V][to.V.very.much][V→V]-te[to.act.on.so.as.to.cause.to.V][V→V][V][Trns][Sbrd][_][3Sg]
alingesugninnaqepiglluku	alinge-(te)sug[to.want.one.to.V][Cmpd_Vbl]-@₁~fni[to.say.that.one.is.V-ing][Cmpd_Vbl]-~:(u)te[to.V.for.or.with][to.cause.to.V.as.one.is.V-ing][to.V.toward.each.other][V→V]-te[to.act.on.so.as.to.cause.to.V][V→V]-te[to.act.on.so.as.to.cause.to.V][V→V]-te[to.act.on.so.as.to.cause.to.V][V→V]-@₁~fnaqe[to.be.going.to.V][V→V]-–pigte[to.be.very.V][to.V.very.much][V→V]-te[to.act.on.so.as.to.cause.to.V][V→V]-te[to.act.on.so.as.to.cause.to.V][V→V]-te[to.act.on.so.as.to.cause.to.V][V→V]-te[to.act.on.so.as.to.cause.to.V][V→V]-te[to.act.on.so.as.to.cause.to.V][V→V][V][Trns][Sbrd][_][3Sg]
alingesugninnaqepiglluku	alinge-(te)sug[to.want.one.to.V][Cmpd_Vbl]-@₁~fni[to.say.that.one.is.V-ing][Cmpd_Vbl]-~:(u)te[to.V.for.or.with][to.cause.to.V.as.one.is.V-ing][to.V.toward.each.other][V→V]-te[to.act.on.so.as.to.cause.to.V][V→V]-te[to.act.on.so.as.to.cause.to.V][V→V]-te[to.act.on.so.as.to.cause.to.V][V→V]-@₁~fnaqe[to.be.going.to.V][V→V]-–pigte[to.be.very.V][to.V.very.much][V→V]-te[to.act.on.so.as.to.cause.to.V][V→V]-te[to.act.on.so.as.to.cause.to.V][V→V]-te[to.act.on.so.as.to.cause.to.V][V→V]-te[to.act.on.so.as.to.cause.to.V][V→V][V][Trns][Sbrd][_][3Sg]
alingesugninnaqepiglluku	alinge-(te)sug[to.want.one.to.V][Cmpd_Vbl]-@₁~fni[to.say.that.one.is.V-ing][Cmpd_Vbl]-~:(u)te[to.V.for.or.with][to.cause.to.V.as.one.is.V-ing][to.V.toward.each.other][V→V]-te[to.act.on.so.as.to.cause.to.V][V→V]-te[to.act.on.so.as.to.cause.to.V][V→V]-te[to.act.on.so.as.to.cause.to.V][V→V]-@₁~fnaqe[to.be.going.to.V][V→V]-–pigte[to.be.very.V][to.V.very.much][V→V]-te[to.act.on.so.as.to.cause.to.V][V→V]-te[to.act.on.so.as.to.cause.to.V][V→V]-te[to.act.on.so.as.to.cause.to.V][V→V][V][Trns][Sbrd][_][3Sg]
alingesugninnaqepiglluku	alinge-(te)sug[to.want.one.to.V][Cmpd_Vbl]-@₁~fni[to.say.that.one.is.V-ing][Cmpd_Vbl]-~:(u)te[to.V.for.or.with][to.cause.to.V.as.one.is.V-ing][to.V.toward.each.other][V→V]-te[to.act.on.so.as.to.cause.to.V][V→V]-te[to.act.on.so.as.to.cause.to.V][V→V]-te[to.act.on.so.as.to.cause.to.V][V→V]-@₁~fnaqe[to.be.going.to.V][V→V]-–pigte[to.be.very.V][to.V.very.much][V→V]-te[to.act.on.so.as.to.cause.to.V][V→V]-te[to.act.on.so.as.to.cause.to.V][V→V][V][Trns][Sbrd][_][3Sg]
alingesugninnaqepiglluku	alinge-(te)sug[to.want.one.to.V][Cmpd_Vbl]-@₁~fni[to.say.that.one.is.V-ing][Cmpd_Vbl]-~:(u)te[to.V.for.or.with][to.cause.to.V.as.one.is.V-ing][to.V.toward.each.other][V→V]-te[to.act.on.so.as.to.cause.to.V][V→V]-te[to.act.on.so.as.to.cause.to.V][V→V]-te[to.act.on.so.as.to.cause.to.V][V→V]-@₁~fnaqe[to.be.going.to.V][V→V]-–pigte[to.be.very.V][to.V.very.much][V→V]-te[to.act.on.so.as.to.cause.to.V][V→V][V][Trns][Sbrd][_][3Sg]
alingesugninnaqepiglluku	alinge-(te)sug[to.want.one.to.V][Cmpd_Vbl]-@₁~fni[to.say.that.one.is.V-ing][Cmpd_Vbl]-~:(u)te[to.V.for.or.with][to.cause.to.V.as.one.is.V-ing][to.V.toward.each.other][V→V]-te[to.act.on.so.as.to.cause.to.V][V→V]-te[to.act.on.so.as.to.cause.to.V][V→V]-@₁~fnaqe[to.be.going.to.V][V→V]-–pigte[to.be.very.V][to.V.very.much][V→V]-te[to.act.on.so.as.to.cause.to.V][V→V]-te[to.act.on.so.as.to.cause.to.V][V→V]-te[to.act.on.so.as.to.cause.to.V][V→V]-te[to.act.on.so.as.to.cause.to.V][V→V]-te[to.act.on.so.as.to.cause.to.V][V→V][V][Trns][Sbrd][_][3Sg]
alingesugninnaqepiglluku	alinge-(te)sug[to.want.one.to.V][Cmpd_Vbl]-@₁~fni[to.say.that.one.is.V-ing][Cmpd_Vbl]-~:(u)te[to.V.for.or.with][to.cause.to.V.as.one.is.V-ing][to.V.toward.each.other][V→V]-te[to.act.on.so.as.to.cause.to.V][V→V]-te[to.act.on.so.as.to.cause.to.V][V→V]-@₁~fnaqe[to.be.going.to.V][V→V]-–pigte[to.be.very.V][to.V.very.much][V→V]-te[to.act.on.so.as.to.cause.to.V][V→V]-te[to.act.on.so.as.to.cause.to.V][V→V]-te[to.act.on.so.as.to.cause.to.V][V→V]-te[to.act.on.so.as.to.cause.to.V][V→V][V][Trns][Sbrd][_][3Sg]
alingesugninnaqepiglluku	alinge-(te)sug[to.want.one.to.V][Cmpd_Vbl]-@₁~fni[to.say.that.one.is.V-ing][Cmpd_Vbl]-~:(u)te[to.V.for.or.with][to.cause.to.V.as.one.is.V-ing][to.V.toward.each.other][V→V]-te[to.act.on.so.as.to.cause.to.V][V→V]-te[to.act.on.so.as.to.cause.to.V][V→V]-@₁~fnaqe[to.be.going.to.V][V→V]-–pigte[to.be.very.V][to.V.very.much][V→V]-te[to.act.on.so.as.to.cause.to.V][V→V]-te[to.act.on.so.as.to.cause.to.V][V→V]-te[to.act.on.so.as.to.cause.to.V][V→V][V][Trns][Sbrd][_][3Sg]
alingesugninnaqepiglluku	alinge-(te)sug[to.want.one.to.V][Cmpd_Vbl]-@₁~fni[to.say.that.one.is.V-ing][Cmpd_Vbl]-~:(u)te[to.V.for.or.with][to.cause.to.V.as.one.is.V-ing][to.V.toward.each.other][V→V]-te[to.act.on.so.as.to.cause.to.V][V→V]-te[to.act.on.so.as.to.cause.to.V][V→V]-@₁~fnaqe[to.be.going.to.V][V→V]-–pigte[to.be.very.V][to.V.very.much][V→V]-te[to.act.on.so.as.to.cause.to.V][V→V]-te[to.act.on.so.as.to.cause.to.V][V→V][V][Trns][Sbrd][_][3Sg]
alingesugninnaqepiglluku	alinge-(te)sug[to.want.one.to.V][Cmpd_Vbl]-@₁~fni[to.say.that.one.is.V-ing][Cmpd_Vbl]-~:(u)te[to.V.for.or.with][to.cause.to.V.as.one.is.V-ing][to.V.toward.each.other][V→V]-te[to.act.on.so.as.to.cause.to.V][V→V]-te[to.act.on.so.as.to.cause.to.V][V→V]-@₁~fnaqe[to.be.going.to.V][V→V]-–pigte[to.be.very.V][to.V.very.much][V→V]-te[to.act.on.so.as.to.cause.to.V][V→V][V][Trns][Sbrd][_][3Sg]
alingesugninnaqepiglluku	alinge-(te)sug[to.want.one.to.V][Cmpd_Vbl]-@₁~fni[to.say.that.one.is.V-ing][Cmpd_Vbl]-~:(u)te[to.V.for.or.with][to.cause.to.V.as.one.is.V-ing][to.V.toward.each.other][V→V]-te[to.act.on.so.as.to.cause.to.V][V→V]-@₁~fnaqe[to.be.going.to.V][V→V]-–pigte[to.be.very.V][to.V.very.much][V→V]-te[to.act.on.so.as.to.cause.to.V][V→V]-te[to.act.on.so.as.to.cause.to.V][V→V]-te[to.act.on.so.as.to.cause.to.V][V→V]-te[to.act.on.so.as.to.cause.to.V][V→V]-te[to.act.on.so.as.to.cause.to.V][V→V][V][Trns][Sbrd][_][3Sg]
alingesugninnaqepiglluku	alinge-(te)sug[to.want.one.to.V][Cmpd_Vbl]-@₁~fni[to.say.that.one.is.V-ing][Cmpd_Vbl]-~:(u)te[to.V.for.or.with][to.cause.to.V.as.one.is.V-ing][to.V.toward.each.other][V→V]-te[to.act.on.so.as.to.cause.to.V][V→V]-@₁~fnaqe[to.be.going.to.V][V→V]-–pigte[to.be.very.V][to.V.very.much][V→V]-te[to.act.on.so.as.to.cause.to.V][V→V]-te[to.act.on.so.as.to.cause.to.V][V→V]-te[to.act.on.so.as.to.cause.to.V][V→V]-te[to.act.on.so.as.to.cause.to.V][V→V][V][Trns][Sbrd][_][3Sg]
alingesugninnaqepiglluku	alinge-(te)sug[to.want.one.to.V][Cmpd_Vbl]-@₁~fni[to.say.that.one.is.V-ing][Cmpd_Vbl]-~:(u)te[to.V.for.or.with][to.cause.to.V.as.one.is.V-ing][to.V.toward.each.other][V→V]-te[to.act.on.so.as.to.cause.to.V][V→V]-@₁~fnaqe[to.be.going.to.V][V→V]-–pigte[to.be.very.V][to.V.very.much][V→V]-te[to.act.on.so.as.to.cause.to.V][V→V]-te[to.act.on.so.as.to.cause.to.V][V→V]-te[to.act.on.so.as.to.cause.to.V][V→V][V][Trns][Sbrd][_][3Sg]
alingesugninnaqepiglluku	alinge-(te)sug[to.want.one.to.V][Cmpd_Vbl]-@₁~fni[to.say.that.one.is.V-ing][Cmpd_Vbl]-~:(u)te[to.V.for.or.with][to.cause.to.V.as.one.is.V-ing][to.V.toward.each.other][V→V]-te[to.act.on.so.as.to.cause.to.V][V→V]-@₁~fnaqe[to.be.going.to.V][V→V]-–pigte[to.be.very.V][to.V.very.much][V→V]-te[to.act.on.so.as.to.cause.to.V][V→V]-te[to.act.on.so.as.to.cause.to.V][V→V][V][Trns][Sbrd][_][3Sg]
alingesugninnaqepiglluku	alinge-(te)sug[to.want.one.to.V][Cmpd_Vbl]-@₁~fni[to.say.that.one.is.V-ing][Cmpd_Vbl]-~:(u)te[to.V.for.or.with][to.cause.to.V.as.one.is.V-ing][to.V.toward.each.other][V→V]-te[to.act.on.so.as.to.cause.to.V][V→V]-@₁~fnaqe[to.be.going.to.V][V→V]-–pigte[to.be.very.V][to.V.very.much][V→V]-te[to.act.on.so.as.to.cause.to.V][V→V][V][Trns][Sbrd][_][3Sg]

uukaa	uukagh-~:(ng₁)u[to.be.N][N→V][V][Intr][Opt][PRS][2Sg]
uukaa	uukagh[N][Abs][3SgPoss][SgPosd]
uukaa	uukagh*-~:(ng₁)u[to.be.N][N→V][V][Intr][Opt][PRS][2Sg]
uukaa	uukagh*[N][Abs][3SgPoss][SgPosd]

sangantuq	+?

qulliggaagka	+?

aallaataghsikek	aate-@₁~laatagh[to.V.anyway][despite.everything.to.still.V][V→V][V][Trns][Intrg][2Sg][3Du]

keluwhii	+?

sevuutesqelluki	+?

------------------------
Umiilek aga aanlaataghtuq iqemyaaghaamaghmi.

umiilek	umiileg[N][Abs][Unpd][Sg]

aga	aga

aanlaataghtuq	aane-@₁~laatagh[to.V.anyway][despite.everything.to.still.V][V→V][V][Intr][Ind][3Sg]
aanlaataghtuq	aane-@₁~laatagh[to.V.anyway][despite.everything.to.still.V][V→V]-te[to.act.on.so.as.to.cause.to.V][V→V][V][Intr][Ind][3Sg]

iqemyaaghaamaghmi	+?

------------------------


------------------------
Alla iteghyalghiimi iqlighmi, pinighhalek elngaatall.

alla	alla
alla	alla[N][Abs][Unpd][Sg]

iteghyalghiimi	itegh-@₁~fyagh[to.go.V-ing][to.V.in.vain][V→V]-@₁–lghii[the.one.that.V-ed][the.one.that.is.V][V→N][N][Loc][Unpd][Sg]
iteghyalghiimi	itegh-@₁~fyagh[to.go.V-ing][to.V.in.vain][V→V]-@₁–lghii[the.one.that.V-ed][the.one.that.is.V][V→N][N][Rel][4SgPoss][SgPosd]
iteghyalghiimi	itegh-@₁~fyagh[to.go.V-ing][to.V.in.vain][V→V]-@₁–lghii[the.one.that.V-ed][the.one.that.is.V][V→N][N][Rel][4SgPoss][PlPosd]
iteghyalghiimi	itegh[V][Intr][Ptcp_Obl][4Sg]

iqlighmi	+?

pinighhalek	pi-@₁~fni[to.say.that.one.is.V-ing][Cmpd_Vbl]-–ghhalek[how.V][V→XCLM]
pinighhalek	pi-~:(u)te[to.V.for.or.with][to.cause.to.V.as.one.is.V-ing][to.V.toward.each.other][V→V]-@₁~fni[to.say.that.one.is.V-ing][Cmpd_Vbl]-–ghhalek[how.V][V→XCLM]
pinighhalek	pi-~:(u)te[SBJ.V-ed.something][V→V]-@₁~fni[to.say.that.one.is.V-ing][Cmpd_Vbl]-–ghhalek[how.V][V→XCLM]
pinighhalek	pinigh-–ghhalek[how.V][V→XCLM]
pinighhalek	pinighhalek
pinighhalek	pinighhaleg[N][Abs][Unpd][Sg]

elngaatall	elngaatall

------------------------
"Aghnaghaat, aqelqaq upughateggu, neqlightughteggu!"

aghnaghaat	aghnaghagh*[N][Abs][Unpd][Pl]
aghnaghaat	aghnaghagh*[N][Abs][3PlPoss][SgPosd]
aghnaghaat	aghnaghagh*[N][Rel][Unpd][Pl]

aqelqaq	aqelqagh[N][Abs][Unpd][Sg]

upughateggu	+?

neqlightughteggu	+?

------------------------
Umiilgem kayagtii.

umiilgem	umiileg[N][Rel][Unpd][Sg]

kayagtii	+?

------------------------


------------------------
Nutaan upughataat Kaviighhaq.

nutaan	nutaan

upughataat	+?

kaviighhaq	kaviigh-–ghhagh*[dear.N][N→N][N][Abs][Unpd][Sg]

------------------------
Neqmeng allaaghiinaghmeng ketfaataat.

neqmeng	neqe[N][Rel][4DuPoss][SgPosd]
neqmeng	neqe[N][Rel][4DuPoss][PlPosd]
neqmeng	neqe[N][Rel][4PlPoss][SgPosd]
neqmeng	neqe[N][Rel][4PlPoss][PlPosd]
neqmeng	neqe[N][Abl_Mod][Unpd][Sg]

allaaghiinaghmeng	+?

ketfaataat	ketfagh-~:(u)te[to.V.for.or.with][to.cause.to.V.as.one.is.V-ing][to.V.toward.each.other][V→V][V][Trns][Ind][3Pl][3Sg]

------------------------
Kaviighhaankuk umiilgenkuk neghtuk.

kaviighhaankuk	kaviigh-–ghhagh*[dear.N][N→N]-~sf-w:(e)nkuk[N.and.partner.or.spouse][N→N][N][Abs][Unpd][Sg]

umiilgenkuk	umiileg-~sf-w:(e)nkuk[N.and.partner.or.spouse][N→N][N][Abs][Unpd][Sg]

neghtuk	negh[V][Intr][Ind][3Du]
neghtuk	negh-te[to.act.on.so.as.to.cause.to.V][V→V][V][Intr][Ind][3Du]

------------------------
Neghutkelluku umiilgem aaptaa, "Saam ukagun-aa aagtestaten?" 

neghutkelluku	+?

umiilgem	umiileg[N][Rel][Unpd][Sg]

aaptaa	aapte[V][Intr][Intrg][3Sg]
aaptaa	aapte[V][Trns][Ind][3Sg][3Sg]

saam	saam[N][Abs][Unpd][Sg]

ukagunaa	+?

aagtestaten	+?

------------------------


------------------------
Kaviighhaam pii, "Avaqutaghhaanka neghesqelluki neqellgaanayukavek enankin, aagvikamken." 

kaviighhaam	kaviigh-–ghhagh*[dear.N][N→N][N][Rel][Unpd][Sg]

pii	pi-~i[SBJ.V-ed.something][V→V]-~i[SBJ.V-ed.something][V→V]-~i[SBJ.V-ed.something][V→V]-~i[SBJ.V-ed.something][V→V]-~i[SBJ.V-ed.something][V→V]-~i[SBJ.V-ed.something][V→V][V][Intr][Opt][PRS][2Sg]
pii	pi-~i[SBJ.V-ed.something][V→V]-~i[SBJ.V-ed.something][V→V]-~i[SBJ.V-ed.something][V→V]-~i[SBJ.V-ed.something][V→V]-~i[SBJ.V-ed.something][V→V][V][Intr][Opt][PRS][2Sg]
pii	pi-~i[SBJ.V-ed.something][V→V]-~i[SBJ.V-ed.something][V→V]-~i[SBJ.V-ed.something][V→V]-~i[SBJ.V-ed.something][V→V][V][Intr][Opt][PRS][2Sg]
pii	pi-~i[SBJ.V-ed.something][V→V]-~i[SBJ.V-ed.something][V→V]-~i[SBJ.V-ed.something][V→V][V][Intr][Opt][PRS][2Sg]
pii	pi-~i[SBJ.V-ed.something][V→V]-~i[SBJ.V-ed.something][V→V][V][Intr][Opt][PRS][2Sg]
pii	pi-~i[SBJ.V-ed.something][V→V][V][Intr][Opt][PRS][2Sg]
pii	pi[V][Intr][Intrg][3Sg]
pii	pi[V][Trns][Ind][3Sg][3Sg]
pii	pi[V][Trns][Ind][3Sg][3Pl]

avaqutaghhaanka	avaqutagh-–ghhagh*[dear.N][N→N][N][Abs][1SgPoss][PlPosd]

neghesqelluki	+?

neqellgaanayukavek	+?

enankin	enankin

aagvikamken	+?

------------------------


------------------------
Umiilgem araghii, "Aghnaghaat, yataaghqunnakesi pirughtiisaghqameng."

umiilgem	umiileg[N][Rel][Unpd][Sg]

araghii	+?

aghnaghaat	aghnaghagh*[N][Abs][Unpd][Pl]
aghnaghaat	aghnaghagh*[N][Abs][3PlPoss][SgPosd]
aghnaghaat	aghnaghagh*[N][Rel][Unpd][Pl]

yataaghqunnakesi	+?

pirughtiisaghqameng	+?

------------------------
Taagken Kaviighhaq pii, "Qavaghluten unaami wetku aglaghhaaten, pirughtilleqaaten." 

taagken	taagken

kaviighhaq	kaviigh-–ghhagh*[dear.N][N→N][N][Abs][Unpd][Sg]

pii	pi-~i[SBJ.V-ed.something][V→V]-~i[SBJ.V-ed.something][V→V]-~i[SBJ.V-ed.something][V→V]-~i[SBJ.V-ed.something][V→V]-~i[SBJ.V-ed.something][V→V]-~i[SBJ.V-ed.something][V→V][V][Intr][Opt][PRS][2Sg]
pii	pi-~i[SBJ.V-ed.something][V→V]-~i[SBJ.V-ed.something][V→V]-~i[SBJ.V-ed.something][V→V]-~i[SBJ.V-ed.something][V→V]-~i[SBJ.V-ed.something][V→V][V][Intr][Opt][PRS][2Sg]
pii	pi-~i[SBJ.V-ed.something][V→V]-~i[SBJ.V-ed.something][V→V]-~i[SBJ.V-ed.something][V→V]-~i[SBJ.V-ed.something][V→V][V][Intr][Opt][PRS][2Sg]
pii	pi-~i[SBJ.V-ed.something][V→V]-~i[SBJ.V-ed.something][V→V]-~i[SBJ.V-ed.something][V→V][V][Intr][Opt][PRS][2Sg]
pii	pi-~i[SBJ.V-ed.something][V→V]-~i[SBJ.V-ed.something][V→V][V][Intr][Opt][PRS][2Sg]
pii	pi-~i[SBJ.V-ed.something][V→V][V][Intr][Opt][PRS][2Sg]
pii	pi[V][Intr][Intrg][3Sg]
pii	pi[V][Trns][Ind][3Sg][3Sg]
pii	pi[V][Trns][Ind][3Sg][3Pl]

qavaghluten	qavagh[V][Intr][Sbrd][2Sg]

unaami	unaami
unaami	unaami[N][Abs][Unpd][Sg]

wetku	wetku

aglaghhaaten	aglagh[V][Intr][Opt][FUT][2Sg]

pirughtilleqaaten	+?

------------------------


------------------------
Unaami Kaviighhaq piyalghiimi akmagtaghhaa allaaghhiinaghmeng neqmeng imighluni.

unaami	unaami
unaami	unaami[N][Abs][Unpd][Sg]

kaviighhaq	kaviigh-–ghhagh*[dear.N][N→N][N][Abs][Unpd][Sg]

piyalghiimi	pi-@₁~fyagh[to.go.V-ing][to.V.in.vain][V→V]-@₁–lghii[the.one.that.V-ed][the.one.that.is.V][V→N][N][Loc][Unpd][Sg]
piyalghiimi	pi-@₁~fyagh[to.go.V-ing][to.V.in.vain][V→V]-@₁–lghii[the.one.that.V-ed][the.one.that.is.V][V→N][N][Rel][4SgPoss][SgPosd]
piyalghiimi	pi-@₁~fyagh[to.go.V-ing][to.V.in.vain][V→V]-@₁–lghii[the.one.that.V-ed][the.one.that.is.V][V→N][N][Rel][4SgPoss][PlPosd]
piyalghiimi	pi-~:(u)te[to.V.for.or.with][to.cause.to.V.as.one.is.V-ing][to.V.toward.each.other][V→V]-@₁~fyagh[to.go.V-ing][to.V.in.vain][V→V]-@₁–lghii[the.one.that.V-ed][the.one.that.is.V][V→N][N][Loc][Unpd][Sg]
piyalghiimi	pi-~:(u)te[to.V.for.or.with][to.cause.to.V.as.one.is.V-ing][to.V.toward.each.other][V→V]-@₁~fyagh[to.go.V-ing][to.V.in.vain][V→V]-@₁–lghii[the.one.that.V-ed][the.one.that.is.V][V→N][N][Rel][4SgPoss][SgPosd]
piyalghiimi	pi-~:(u)te[to.V.for.or.with][to.cause.to.V.as.one.is.V-ing][to.V.toward.each.other][V→V]-@₁~fyagh[to.go.V-ing][to.V.in.vain][V→V]-@₁–lghii[the.one.that.V-ed][the.one.that.is.V][V→N][N][Rel][4SgPoss][PlPosd]
piyalghiimi	pi-~:(u)te[to.V.for.or.with][to.cause.to.V.as.one.is.V-ing][to.V.toward.each.other][V→V][V][Intr][Ptcp_Obl][4Sg]
piyalghiimi	pi-~:(u)te[SBJ.V-ed.something][V→V]-@₁~fyagh[to.go.V-ing][to.V.in.vain][V→V]-@₁–lghii[the.one.that.V-ed][the.one.that.is.V][V→N][N][Loc][Unpd][Sg]
piyalghiimi	pi-~:(u)te[SBJ.V-ed.something][V→V]-@₁~fyagh[to.go.V-ing][to.V.in.vain][V→V]-@₁–lghii[the.one.that.V-ed][the.one.that.is.V][V→N][N][Rel][4SgPoss][SgPosd]
piyalghiimi	pi-~:(u)te[SBJ.V-ed.something][V→V]-@₁~fyagh[to.go.V-ing][to.V.in.vain][V→V]-@₁–lghii[the.one.that.V-ed][the.one.that.is.V][V→N][N][Rel][4SgPoss][PlPosd]
piyalghiimi	pi-~:(u)te[SBJ.V-ed.something][V→V][V][Intr][Ptcp_Obl][4Sg]
piyalghiimi	pi[V][Intr][Ptcp_Obl][4Sg]

akmagtaghhaa	akmagtagh-–ghhagh*[dear.N][N→N]-~:(ng₁)u[to.be.N][N→V][V][Intr][Opt][PRS][2Sg]
akmagtaghhaa	akmagtagh-–ghhagh*[dear.N][N→N][N][Abs][3SgPoss][SgPosd]

allaaghhiinaghmeng	+?

neqmeng	neqe[N][Rel][4DuPoss][SgPosd]
neqmeng	neqe[N][Rel][4DuPoss][PlPosd]
neqmeng	neqe[N][Rel][4PlPoss][SgPosd]
neqmeng	neqe[N][Rel][4PlPoss][PlPosd]
neqmeng	neqe[N][Abl_Mod][Unpd][Sg]

imighluni	+?

------------------------
Akmagtani aanestaa.

akmagtani	akmagtagh[N][Abs][4SgPoss][SgPosd]
akmagtani	akmagtagh[N][Abs][4SgPoss][PlPosd]
akmagtani	akmagtagh[N][Loc][Unpd][Pl]

aanestaa	aane-(te)ste[to.have.make.or.let.one.V][Cmpd_Vbl][V][Intr][Intrg][3Sg]
aanestaa	aane-(te)ste[to.have.make.or.let.one.V][Cmpd_Vbl][V][Trns][Ind][3Sg][3Sg]

------------------------
Ellngallu Kaviighhaq aanuq, kangsunghituq.

ellngallu	ellnga[N][Abs][Unpd][Sg]-llu[Encl]

kaviighhaq	kaviigh-–ghhagh*[dear.N][N→N][N][Abs][Unpd][Sg]

aanuq	aane[V][Intr][Ind][3Sg]

kangsunghituq	+?

------------------------


------------------------
Kaalluni iiwenllu akmagtani mataghtaqaa, Meteghllugllak whaa tagiiq.

kaalluni	kaate[V][Intr][Sbrd][3Sg]

iiwenllu	iiw[N][Abs][2SgPoss][SgPosd]-llu[Encl]
iiwenllu	iiwenllu
iiwenllu	iiwenllu[N][Abs][Unpd][Sg]
iiwenllu	iiwete[N][Abs][Unpd][Sg]-llu[Encl]

akmagtani	akmagtagh[N][Abs][4SgPoss][SgPosd]
akmagtani	akmagtagh[N][Abs][4SgPoss][PlPosd]
akmagtani	akmagtagh[N][Loc][Unpd][Pl]

mataghtaqaa	matagh-te[to.catch.N][to.go.to.N][N→V]-~(g₁)aqe[to.be.V.ing][to.regularly.or.repeatedly.V][V→V][V][Intr][Intrg][3Sg]

meteghllugllak	meteghllug-–ghllag[big.N][N→N][N][Abs][Unpd][Sg]

whaa	whaa

tagiiq	tagi-~faagh[one.who.keeps.on.V-ing][AUG]
tagiiq	tagi-~i[SBJ.V-ed.something][V→V]-~faagh[one.who.keeps.on.V-ing][AUG]
tagiiq	tagi-~i[SBJ.V-ed.something][V→V]-~i[SBJ.V-ed.something][V→V]-~faagh[one.who.keeps.on.V-ing][AUG]
tagiiq	tagi-~i[SBJ.V-ed.something][V→V]-~i[SBJ.V-ed.something][V→V]-~i[SBJ.V-ed.something][V→V]-~faagh[one.who.keeps.on.V-ing][AUG]
tagiiq	tagi-~i[SBJ.V-ed.something][V→V]-~i[SBJ.V-ed.something][V→V]-~i[SBJ.V-ed.something][V→V]-~i[SBJ.V-ed.something][V→V]-~faagh[one.who.keeps.on.V-ing][AUG]
tagiiq	tagi-~i[SBJ.V-ed.something][V→V]-~i[SBJ.V-ed.something][V→V]-~i[SBJ.V-ed.something][V→V]-~i[SBJ.V-ed.something][V→V]-~i[SBJ.V-ed.something][V→V]-~faagh[one.who.keeps.on.V-ing][AUG]
tagiiq	tagi[V][Intr][Ind][3Sg]

------------------------
Kaviighhaq pii Meteghllugllagem, "Kii, naqamalla naken neqesiighsin." 

kaviighhaq	kaviigh-–ghhagh*[dear.N][N→N][N][Abs][Unpd][Sg]

pii	pi-~i[SBJ.V-ed.something][V→V]-~i[SBJ.V-ed.something][V→V]-~i[SBJ.V-ed.something][V→V]-~i[SBJ.V-ed.something][V→V]-~i[SBJ.V-ed.something][V→V]-~i[SBJ.V-ed.something][V→V][V][Intr][Opt][PRS][2Sg]
pii	pi-~i[SBJ.V-ed.something][V→V]-~i[SBJ.V-ed.something][V→V]-~i[SBJ.V-ed.something][V→V]-~i[SBJ.V-ed.something][V→V]-~i[SBJ.V-ed.something][V→V][V][Intr][Opt][PRS][2Sg]
pii	pi-~i[SBJ.V-ed.something][V→V]-~i[SBJ.V-ed.something][V→V]-~i[SBJ.V-ed.something][V→V]-~i[SBJ.V-ed.something][V→V][V][Intr][Opt][PRS][2Sg]
pii	pi-~i[SBJ.V-ed.something][V→V]-~i[SBJ.V-ed.something][V→V]-~i[SBJ.V-ed.something][V→V][V][Intr][Opt][PRS][2Sg]
pii	pi-~i[SBJ.V-ed.something][V→V]-~i[SBJ.V-ed.something][V→V][V][Intr][Opt][PRS][2Sg]
pii	pi-~i[SBJ.V-ed.something][V→V][V][Intr][Opt][PRS][2Sg]
pii	pi[V][Intr][Intrg][3Sg]
pii	pi[V][Trns][Ind][3Sg][3Sg]
pii	pi[V][Trns][Ind][3Sg][3Pl]

meteghllugllagem	meteghllug-–ghllag[big.N][N→N][N][Rel][Unpd][Sg]

kii	kii
kii	kii[N][Abs][Unpd][Sg]

naqamalla	naqamalla
naqamalla	naqamalla[N][Abs][Unpd][Sg]

naken	naken
naken	nakete[N][Abs][Unpd][Sg]

neqesiighsin	+?

------------------------


------------------------
Kaviighhaam pii, "Sikughaaghet umiilgitnun pirughsaghtughlunga, llaaghanwha taawa."

kaviighhaam	kaviigh-–ghhagh*[dear.N][N→N][N][Rel][Unpd][Sg]

pii	pi-~i[SBJ.V-ed.something][V→V]-~i[SBJ.V-ed.something][V→V]-~i[SBJ.V-ed.something][V→V]-~i[SBJ.V-ed.something][V→V]-~i[SBJ.V-ed.something][V→V]-~i[SBJ.V-ed.something][V→V][V][Intr][Opt][PRS][2Sg]
pii	pi-~i[SBJ.V-ed.something][V→V]-~i[SBJ.V-ed.something][V→V]-~i[SBJ.V-ed.something][V→V]-~i[SBJ.V-ed.something][V→V]-~i[SBJ.V-ed.something][V→V][V][Intr][Opt][PRS][2Sg]
pii	pi-~i[SBJ.V-ed.something][V→V]-~i[SBJ.V-ed.something][V→V]-~i[SBJ.V-ed.something][V→V]-~i[SBJ.V-ed.something][V→V][V][Intr][Opt][PRS][2Sg]
pii	pi-~i[SBJ.V-ed.something][V→V]-~i[SBJ.V-ed.something][V→V]-~i[SBJ.V-ed.something][V→V][V][Intr][Opt][PRS][2Sg]
pii	pi-~i[SBJ.V-ed.something][V→V]-~i[SBJ.V-ed.something][V→V][V][Intr][Opt][PRS][2Sg]
pii	pi-~i[SBJ.V-ed.something][V→V][V][Intr][Opt][PRS][2Sg]
pii	pi[V][Intr][Intrg][3Sg]
pii	pi[V][Trns][Ind][3Sg][3Sg]
pii	pi[V][Trns][Ind][3Sg][3Pl]

sikughaaghet	sikughaagh[N][Abs][Unpd][Pl]
sikughaaghet	sikughaagh[N][Rel][Unpd][Pl]

umiilgitnun	umiileg[N][Ter][3DuPoss][PlPosd]
umiilgitnun	umiileg[N][Ter][3DuPoss][DuPosd]
umiilgitnun	umiileg[N][Ter][3PlPoss][PlPosd]
umiilgitnun	umiileg[N][Ter][3PlPoss][SgPosd]
umiilgitnun	umiileg[N][Ter][3PlPoss][DuPosd]

pirughsaghtughlunga	+?

llaaghanwha	llaaghanwha

taawa	taawa

------------------------


------------------------
Meteghllugllak imani, "Aa, whangallu unaami pirughsaghtuqaghllequnga.

meteghllugllak	meteghllug-–ghllag[big.N][N→N][N][Abs][Unpd][Sg]

imani	imagh[N][Abs][4SgPoss][SgPosd]
imani	imagh[N][Abs][4SgPoss][PlPosd]
imani	imagh[N][Loc][Unpd][Pl]
imani	imani

aa	aa

whangallu	wha[N][Abs][3SgPoss][SgPosd]-llu[Encl]

unaami	unaami
unaami	unaami[N][Abs][Unpd][Sg]

pirughsaghtuqaghllequnga	+?

------------------------


------------------------
Kaviighham pii, "Ii-ii pigpengang, qayngunwhaa igiiterugnaanghituten.

kaviighham	+?

pii	pi-~i[SBJ.V-ed.something][V→V]-~i[SBJ.V-ed.something][V→V]-~i[SBJ.V-ed.something][V→V]-~i[SBJ.V-ed.something][V→V]-~i[SBJ.V-ed.something][V→V]-~i[SBJ.V-ed.something][V→V][V][Intr][Opt][PRS][2Sg]
pii	pi-~i[SBJ.V-ed.something][V→V]-~i[SBJ.V-ed.something][V→V]-~i[SBJ.V-ed.something][V→V]-~i[SBJ.V-ed.something][V→V]-~i[SBJ.V-ed.something][V→V][V][Intr][Opt][PRS][2Sg]
pii	pi-~i[SBJ.V-ed.something][V→V]-~i[SBJ.V-ed.something][V→V]-~i[SBJ.V-ed.something][V→V]-~i[SBJ.V-ed.something][V→V][V][Intr][Opt][PRS][2Sg]
pii	pi-~i[SBJ.V-ed.something][V→V]-~i[SBJ.V-ed.something][V→V]-~i[SBJ.V-ed.something][V→V][V][Intr][Opt][PRS][2Sg]
pii	pi-~i[SBJ.V-ed.something][V→V]-~i[SBJ.V-ed.something][V→V][V][Intr][Opt][PRS][2Sg]
pii	pi-~i[SBJ.V-ed.something][V→V][V][Intr][Opt][PRS][2Sg]
pii	pi[V][Intr][Intrg][3Sg]
pii	pi[V][Trns][Ind][3Sg][3Sg]
pii	pi[V][Trns][Ind][3Sg][3Pl]

iiii	+?

pigpengang	+?

qayngunwhaa	+?

igiiterugnaanghituten	+?

------------------------
Whaken tuunelleqamken." 

whaken	whaken

tuunelleqamken	tuune-te[to.act.on.so.as.to.cause.to.V][V→V]-@₁lleqe[will.V][V→V][V][Trns][Ind][1Du][2Sg]
tuunelleqamken	tuune-te[to.act.on.so.as.to.cause.to.V][V→V]-@₁lleqe[will.V][V→V][V][Trns][Ind][1Pl][2Sg]
tuunelleqamken	tuune-te[to.act.on.so.as.to.cause.to.V][V→V]-@₁lleqe[will.V][V→V][V][Trns][Ind][1Sg][2Sg]
tuunelleqamken	tuune-@₁lleqe[will.V][V→V][V][Trns][Ind][1Du][2Sg]
tuunelleqamken	tuune-@₁lleqe[will.V][V→V][V][Trns][Ind][1Pl][2Sg]
tuunelleqamken	tuune-@₁lleqe[will.V][V→V][V][Trns][Ind][1Sg][2Sg]

------------------------


------------------------
Imaninguq Meteghllugllak, "Aa, tunusat kemniitut." 

imaninguq	imagh[N][Abs][4SgPoss][SgPosd]-nguq[Encl]
imaninguq	imagh[N][Abs][4SgPoss][PlPosd]-nguq[Encl]
imaninguq	imagh[N][Loc][Unpd][Pl]-nguq[Encl]

meteghllugllak	meteghllug-–ghllag[big.N][N→N][N][Abs][Unpd][Sg]

aa	aa

tunusat	tunusagh[N][Abs][Unpd][Pl]
tunusat	tunusagh[N][Rel][Unpd][Pl]

kemniitut	+?

------------------------


------------------------
Unaami Meteghllugllak akmagtaghpagllani akmakluku sikughaaghenkunun piiq.

unaami	unaami
unaami	unaami[N][Abs][Unpd][Sg]

meteghllugllak	meteghllug-–ghllag[big.N][N→N][N][Abs][Unpd][Sg]

akmagtaghpagllani	+?

akmakluku	+?

sikughaaghenkunun	+?

piiq	pi-~faagh[one.who.keeps.on.V-ing][AUG]
piiq	pi-~i[SBJ.V-ed.something][V→V]-~faagh[one.who.keeps.on.V-ing][AUG]
piiq	pi-~i[SBJ.V-ed.something][V→V]-~i[SBJ.V-ed.something][V→V]-~faagh[one.who.keeps.on.V-ing][AUG]
piiq	pi-~i[SBJ.V-ed.something][V→V]-~i[SBJ.V-ed.something][V→V]-~i[SBJ.V-ed.something][V→V]-~faagh[one.who.keeps.on.V-ing][AUG]
piiq	pi-~i[SBJ.V-ed.something][V→V]-~i[SBJ.V-ed.something][V→V]-~i[SBJ.V-ed.something][V→V]-~i[SBJ.V-ed.something][V→V]-~faagh[one.who.keeps.on.V-ing][AUG]
piiq	pi-~i[SBJ.V-ed.something][V→V]-~i[SBJ.V-ed.something][V→V]-~i[SBJ.V-ed.something][V→V]-~i[SBJ.V-ed.something][V→V]-~i[SBJ.V-ed.something][V→V]-~faagh[one.who.keeps.on.V-ing][AUG]
piiq	pi[V][Intr][Ind][3Sg]
piiq	pi[V][Trns][Ind][3Sg][3Du]
piiq	piigh[N][Abs][Unpd][Sg]

------------------------
Kaasalghlimi imaninguq amigat kagpestaaghhaaguq.

kaasalghlimi	+?

imaninguq	imagh[N][Abs][4SgPoss][SgPosd]-nguq[Encl]
imaninguq	imagh[N][Abs][4SgPoss][PlPosd]-nguq[Encl]
imaninguq	imagh[N][Loc][Unpd][Pl]-nguq[Encl]

amigat	amig[N][Abs][3PlPoss][SgPosd]

kagpestaaghhaaguq	kagpestaagh-–ghhagh*[dear.N][N→N]-~:(ng₁)u[to.be.N][N→V][V][Intr][Ind][3Sg]
kagpestaaghhaaguq	kagpestaaghhagh*-~:(ng₁)u[to.be.N][N→V][V][Intr][Ind][3Sg]

------------------------
Meteghllugllak pimalghii, "Aa, natenllaam qaamna umiilek eslegkakaa?"

meteghllugllak	meteghllug-–ghllag[big.N][N→N][N][Abs][Unpd][Sg]

pimalghii	pi-@₁~:(i/u)ma[to.have.V-ed][to.have.been.V-ed][V→V]-@₁–lghii[the.one.that.V-ed][the.one.that.is.V][V→N][N][Abs][Unpd][Sg]

aa	aa

natenllaam	+?

qaamna	qaame-@₁~fna[in.order.to.V][intending.to.V][V→V][V][Intr][Opt][PRS][2Sg]
qaamna	qaamna
qaamna	qaamna[N][Abs][Unpd][Sg]

umiilek	umiileg[N][Abs][Unpd][Sg]

eslegkakaa	+?

------------------------
Amigem paaynga naafqelluku, nuqutughlluku iitghumalghii.

amigem	amig[N][Rel][Unpd][Sg]

paaynga	paye[N][Abs][3SgPoss][SgPosd]

naafqelluku	naafqe-te[to.act.on.so.as.to.cause.to.V][V→V][V][Trns][Sbrd][_][3Sg]

nuqutughlluku	+?

iitghumalghii	itegh-@₁~:(i/u)ma[to.have.V-ed][to.have.been.V-ed][V→V]-@₁–lghii[the.one.that.V-ed][the.one.that.is.V][V→N][N][Abs][Unpd][Sg]

------------------------


------------------------
Nateghqun atkuni, temkaagnillu mataghlluki, agaghlluki iitghumalghii aagranun.

nateghqun	+?

atkuni	atkug[N][Abs][4SgPoss][SgPosd]
atkuni	atkug[N][Abs][4SgPoss][PlPosd]

temkaagnillu	temkaag[N][Loc][Unpd][Pl]-llu[Encl]

mataghlluki	+?

agaghlluki	+?

iitghumalghii	itegh-@₁~:(i/u)ma[to.have.V-ed][to.have.been.V-ed][V→V]-@₁–lghii[the.one.that.V-ed][the.one.that.is.V][V→N][N][Abs][Unpd][Sg]

aagranun	aagra[N][Ter][Unpd][Pl]

------------------------
Iteghyalghiimi sikughaaghet umiilgat pika kelutangani aqumlunl, imani amestaaghhaaguq, naqam qenngughllaga, nulglighllagluni.

iteghyalghiimi	itegh-@₁~fyagh[to.go.V-ing][to.V.in.vain][V→V]-@₁–lghii[the.one.that.V-ed][the.one.that.is.V][V→N][N][Loc][Unpd][Sg]
iteghyalghiimi	itegh-@₁~fyagh[to.go.V-ing][to.V.in.vain][V→V]-@₁–lghii[the.one.that.V-ed][the.one.that.is.V][V→N][N][Rel][4SgPoss][SgPosd]
iteghyalghiimi	itegh-@₁~fyagh[to.go.V-ing][to.V.in.vain][V→V]-@₁–lghii[the.one.that.V-ed][the.one.that.is.V][V→N][N][Rel][4SgPoss][PlPosd]
iteghyalghiimi	itegh[V][Intr][Ptcp_Obl][4Sg]

sikughaaghet	sikughaagh[N][Abs][Unpd][Pl]
sikughaaghet	sikughaagh[N][Rel][Unpd][Pl]

umiilgat	umiileg[N][Abs][3PlPoss][SgPosd]

pika	pi-@*@₂~sf–(g₂)k(a)e[the.one.that.possessor.V-ed][V→N][N][Abs][Unpd][Sg]
pika	pi[N][Abs][1SgPoss][SgPosd]
pika	pika

kelutangani	+?

aqumlunl	+?

imani	imagh[N][Abs][4SgPoss][SgPosd]
imani	imagh[N][Abs][4SgPoss][PlPosd]
imani	imagh[N][Loc][Unpd][Pl]
imani	imani

amestaaghhaaguq	+?

naqam	naqam

qenngughllaga	qenngu-–ghllag[big.N][N→N][N][Abs][3SgPoss][SgPosd]

nulglighllagluni	+?

------------------------
Upughataghhneghitaat.

upughataghhneghitaat	+?

------------------------
Qaalkaghpenateng naqam tamaa ilangl qapraguteghllaget.

qaalkaghpenateng	+?

naqam	naqam

tamaa	tamaa

ilangl	+?

qapraguteghllaget	qaprag-~:(u)te[to.V.for.or.with][to.cause.to.V.as.one.is.V-ing][to.V.toward.each.other][V→V]-–ghllaget[big.N][AUG]
qapraguteghllaget	qaprag-~:(u)te[condition.with.respect.to.V-ing][V→N]-–ghllag[big.N][N→N][N][Abs][Unpd][Pl]
qapraguteghllaget	qaprag-~:(u)te[condition.with.respect.to.V-ing][V→N]-–ghllag[big.N][N→N][N][Rel][Unpd][Pl]
qapraguteghllaget	qaprag-~:(u)te[SBJ.V-ed.something][V→V]-–ghllaget[big.N][AUG]

------------------------


------------------------
Sameng piightegpenaan Meteghllugllak, umiilek aga aanuq.

sameng	sa[N][Rel][4DuPoss][SgPosd]
sameng	sa[N][Rel][4DuPoss][PlPosd]
sameng	sa[N][Rel][4PlPoss][SgPosd]
sameng	sa[N][Rel][4PlPoss][PlPosd]
sameng	sa[N][Abl_Mod][Unpd][Sg]
sameng	sameng

piightegpenaan	+?

meteghllugllak	meteghllug-–ghllag[big.N][N→N][N][Abs][Unpd][Sg]

umiilek	umiileg[N][Abs][Unpd][Sg]

aga	aga

aanuq	aane[V][Intr][Ind][3Sg]

------------------------
Meteghllugllak sumeghtaghaghtuq, "Aliknaanghitanka, akmagtaqa whangamneng imighlleqaqa." 

meteghllugllak	meteghllug-–ghllag[big.N][N→N][N][Abs][Unpd][Sg]

sumeghtaghaghtuq	sumeghtaghagh[V][Intr][Ind][3Sg]
sumeghtaghaghtuq	sumeghtaghagh-te[to.act.on.so.as.to.cause.to.V][V→V][V][Intr][Ind][3Sg]

aliknaanghitanka	alike-te[to.act.on.so.as.to.cause.to.V][V→V]-@₁~fnaanghite[will.not.V][V→V][V][Trns][Ind][1Sg][3Pl]
aliknaanghitanka	alike-@₁~fnaanghite[will.not.V][V→V][V][Trns][Ind][1Sg][3Pl]

akmagtaqa	akmagtagh-~–ke[to.have.as.one's.N(s)][N→V][V][Intr][Intrg][3Sg]
akmagtaqa	akmagtagh[N][Abs][1SgPoss][SgPosd]
akmagtaqa	akmag-te[to.act.on.so.as.to.cause.to.V][V→V]-~(g₁)aqe[to.be.V.ing][to.regularly.or.repeatedly.V][V→V][V][Intr][Intrg][3Sg]
akmagtaqa	akmag-te[to.act.on.so.as.to.cause.to.V][V→V][V][Trns][Ind][1Sg][3Sg]
akmagtaqa	akmag-te[to.catch.N][to.go.to.N][N→V]-~(g₁)aqe[to.be.V.ing][to.regularly.or.repeatedly.V][V→V][V][Intr][Intrg][3Sg]

whangamneng	+?

imighlleqaqa	+?

------------------------


------------------------
Umiilek iteghyalghiimi Meteghllugwem atkugwa atuqluku, angelkeghllagluku, nuqutulkeghllagluku.

umiilek	umiileg[N][Abs][Unpd][Sg]

iteghyalghiimi	itegh-@₁~fyagh[to.go.V-ing][to.V.in.vain][V→V]-@₁–lghii[the.one.that.V-ed][the.one.that.is.V][V→N][N][Loc][Unpd][Sg]
iteghyalghiimi	itegh-@₁~fyagh[to.go.V-ing][to.V.in.vain][V→V]-@₁–lghii[the.one.that.V-ed][the.one.that.is.V][V→N][N][Rel][4SgPoss][SgPosd]
iteghyalghiimi	itegh-@₁~fyagh[to.go.V-ing][to.V.in.vain][V→V]-@₁–lghii[the.one.that.V-ed][the.one.that.is.V][V→N][N][Rel][4SgPoss][PlPosd]
iteghyalghiimi	itegh[V][Intr][Ptcp_Obl][4Sg]

meteghllugwem	+?

atkugwa	+?

atuqluku	atuqe-te[to.act.on.so.as.to.cause.to.V][V→V][V][Trns][Sbrd][_][3Sg]
atuqluku	atuqe[V][Trns][Sbrd][_][3Sg]

angelkeghllagluku	+?

nuqutulkeghllagluku	+?

------------------------
Meteghllugwem esghaghluku, nenglaghllagumalghii, elngaatall tuqutngwaaghumalghii.

meteghllugwem	+?

esghaghluku	esghagh[V][Trns][Sbrd][_][3Sg]

nenglaghllagumalghii	+?

elngaatall	elngaatall

tuqutngwaaghumalghii	+?

------------------------


------------------------
Umiilgem pii, "Aqelqaq, qayuq ggaatfaka?" 

umiilgem	umiileg[N][Rel][Unpd][Sg]

pii	pi-~i[SBJ.V-ed.something][V→V]-~i[SBJ.V-ed.something][V→V]-~i[SBJ.V-ed.something][V→V]-~i[SBJ.V-ed.something][V→V]-~i[SBJ.V-ed.something][V→V]-~i[SBJ.V-ed.something][V→V][V][Intr][Opt][PRS][2Sg]
pii	pi-~i[SBJ.V-ed.something][V→V]-~i[SBJ.V-ed.something][V→V]-~i[SBJ.V-ed.something][V→V]-~i[SBJ.V-ed.something][V→V]-~i[SBJ.V-ed.something][V→V][V][Intr][Opt][PRS][2Sg]
pii	pi-~i[SBJ.V-ed.something][V→V]-~i[SBJ.V-ed.something][V→V]-~i[SBJ.V-ed.something][V→V]-~i[SBJ.V-ed.something][V→V][V][Intr][Opt][PRS][2Sg]
pii	pi-~i[SBJ.V-ed.something][V→V]-~i[SBJ.V-ed.something][V→V]-~i[SBJ.V-ed.something][V→V][V][Intr][Opt][PRS][2Sg]
pii	pi-~i[SBJ.V-ed.something][V→V]-~i[SBJ.V-ed.something][V→V][V][Intr][Opt][PRS][2Sg]
pii	pi-~i[SBJ.V-ed.something][V→V][V][Intr][Opt][PRS][2Sg]
pii	pi[V][Intr][Intrg][3Sg]
pii	pi[V][Trns][Ind][3Sg][3Sg]
pii	pi[V][Trns][Ind][3Sg][3Pl]

aqelqaq	aqelqagh[N][Abs][Unpd][Sg]

qayuq	qayuq
qayuq	qayugh[N][Abs][Unpd][Sg]

ggaatfaka	+?

------------------------


------------------------
Meteghllugwem kiimsighaa, "Aa-ha-ha-haa, sangantuq-aa akugllaka aallaataghsigu.

meteghllugwem	+?

kiimsighaa	+?

aahahahaa	+?

sangantuqaa	+?

akugllaka	+?

aallaataghsigu	aate-@₁~laatagh[to.V.anyway][despite.everything.to.still.V][V→V][V][Trns][Intrg][2Sg][3Sg]

------------------------
Llangaqa atkuka, nemni inga pellugutaaghmeng nuuvegkaq.

llangaqa	llangaqa

atkuka	atkug-~–ke[to.have.as.one's.N(s)][N→V][V][Intr][Intrg][3Sg]
atkuka	atkug[N][Abs][1SgPoss][SgPosd]

nemni	ne[N][Loc][1SgPoss][SgPosd]
nemni	ne[N][Loc][1SgPoss][PlPosd]

inga	inga

pellugutaaghmeng	+?

nuuvegkaq	+?

------------------------
Aa-ha-ha-haa." 

aahahahaa	+?

------------------------


------------------------
"Uguminaqruwhaghmeng!" pimaghmi aanuq umiilek.

uguminaqruwhaghmeng	+?

pimaghmi	pi-@₁~:(i/u)magh*[while.V-ing][V→V][Quant_Qual][4Sg]

aanuq	aane[V][Intr][Ind][3Sg]

umiilek	umiileg[N][Abs][Unpd][Sg]

------------------------


------------------------
Alla iteghyalghiimi, Meteghllugwem temkakek atuqlukek.

alla	alla
alla	alla[N][Abs][Unpd][Sg]

iteghyalghiimi	itegh-@₁~fyagh[to.go.V-ing][to.V.in.vain][V→V]-@₁–lghii[the.one.that.V-ed][the.one.that.is.V][V→N][N][Loc][Unpd][Sg]
iteghyalghiimi	itegh-@₁~fyagh[to.go.V-ing][to.V.in.vain][V→V]-@₁–lghii[the.one.that.V-ed][the.one.that.is.V][V→N][N][Rel][4SgPoss][SgPosd]
iteghyalghiimi	itegh-@₁~fyagh[to.go.V-ing][to.V.in.vain][V→V]-@₁–lghii[the.one.that.V-ed][the.one.that.is.V][V→N][N][Rel][4SgPoss][PlPosd]
iteghyalghiimi	itegh[V][Intr][Ptcp_Obl][4Sg]

meteghllugwem	+?

temkakek	temkagh[N][Abs][3SgPoss][DuPosd]

atuqlukek	atuqe-te[to.act.on.so.as.to.cause.to.V][V→V][V][Trns][Sbrd][_][3Du]
atuqlukek	atuqe[V][Trns][Sbrd][_][3Du]

------------------------
Legan Meteghllugwem esghaneghminigu tuqutngwaaghaqelghii.

legan	legan

meteghllugwem	+?

esghaneghminigu	esghagh[V][Trns][Ctmp][4Sg][3Sg]

tuqutngwaaghaqelghii	+?

------------------------


------------------------
Umiilgem pilaataghaa, "Aqelqaq, qayuq ighuvagegka?"

umiilgem	umiileg[N][Rel][Unpd][Sg]

pilaataghaa	pi-@₁~laatagh[to.V.anyway][despite.everything.to.still.V][V→V][V][Trns][Ind][3Sg][3Sg]
pilaataghaa	pi-~:(u)te[to.V.for.or.with][to.cause.to.V.as.one.is.V-ing][to.V.toward.each.other][V→V]-@₁~laatagh[to.V.anyway][despite.everything.to.still.V][V→V][V][Trns][Ind][3Sg][3Sg]

aqelqaq	aqelqagh[N][Abs][Unpd][Sg]

qayuq	qayuq
qayuq	qayugh[N][Abs][Unpd][Sg]

ighuvagegka	+?

------------------------


------------------------
Meteghlugwem pii, "Aa-ha-ha-haa, sangan qulligegka aallaataghsikek?

meteghlugwem	+?

pii	pi-~i[SBJ.V-ed.something][V→V]-~i[SBJ.V-ed.something][V→V]-~i[SBJ.V-ed.something][V→V]-~i[SBJ.V-ed.something][V→V]-~i[SBJ.V-ed.something][V→V]-~i[SBJ.V-ed.something][V→V][V][Intr][Opt][PRS][2Sg]
pii	pi-~i[SBJ.V-ed.something][V→V]-~i[SBJ.V-ed.something][V→V]-~i[SBJ.V-ed.something][V→V]-~i[SBJ.V-ed.something][V→V]-~i[SBJ.V-ed.something][V→V][V][Intr][Opt][PRS][2Sg]
pii	pi-~i[SBJ.V-ed.something][V→V]-~i[SBJ.V-ed.something][V→V]-~i[SBJ.V-ed.something][V→V]-~i[SBJ.V-ed.something][V→V][V][Intr][Opt][PRS][2Sg]
pii	pi-~i[SBJ.V-ed.something][V→V]-~i[SBJ.V-ed.something][V→V]-~i[SBJ.V-ed.something][V→V][V][Intr][Opt][PRS][2Sg]
pii	pi-~i[SBJ.V-ed.something][V→V]-~i[SBJ.V-ed.something][V→V][V][Intr][Opt][PRS][2Sg]
pii	pi-~i[SBJ.V-ed.something][V→V][V][Intr][Opt][PRS][2Sg]
pii	pi[V][Intr][Intrg][3Sg]
pii	pi[V][Trns][Ind][3Sg][3Sg]
pii	pi[V][Trns][Ind][3Sg][3Pl]

aahahahaa	+?

sangan	sa[N][Rel][3SgPoss][SgPosd]
sangan	sa[N][Rel][3SgPoss][PlPosd]
sangan	sa[V][Intr][CnsqI][3Sg]
sangan	sangagh[N][Abs][2SgPoss][SgPosd]
sangan	sangan
sangan	sangate[N][Abs][Unpd][Sg]

qulligegka	+?

aallaataghsikek	aate-@₁~laatagh[to.V.anyway][despite.everything.to.still.V][V→V][V][Trns][Intrg][2Sg][3Du]

------------------------
Llangaqa qulligegka nemni inga nguulghutmeng nuuvegkak!"

llangaqa	llangaqa

qulligegka	+?

nemni	ne[N][Loc][1SgPoss][SgPosd]
nemni	ne[N][Loc][1SgPoss][PlPosd]

inga	inga

nguulghutmeng	nguulghute[N][Rel][4DuPoss][SgPosd]
nguulghutmeng	nguulghute[N][Rel][4DuPoss][PlPosd]
nguulghutmeng	nguulghute[N][Rel][4PlPoss][SgPosd]
nguulghutmeng	nguulghute[N][Rel][4PlPoss][PlPosd]
nguulghutmeng	nguulghute[N][Abl_Mod][Unpd][Sg]

nuuvegkak	+?

------------------------


------------------------
Umiilek eggmillghamaghmi aga aanuq.

umiilek	umiileg[N][Abs][Unpd][Sg]

eggmillghamaghmi	+?

aga	aga

aanuq	aane[V][Intr][Ind][3Sg]

------------------------
Iteghyalghiimi gginaq seghleq, qenngughnaggaa.

iteghyalghiimi	itegh-@₁~fyagh[to.go.V-ing][to.V.in.vain][V→V]-@₁–lghii[the.one.that.V-ed][the.one.that.is.V][V→N][N][Loc][Unpd][Sg]
iteghyalghiimi	itegh-@₁~fyagh[to.go.V-ing][to.V.in.vain][V→V]-@₁–lghii[the.one.that.V-ed][the.one.that.is.V][V→N][N][Rel][4SgPoss][SgPosd]
iteghyalghiimi	itegh-@₁~fyagh[to.go.V-ing][to.V.in.vain][V→V]-@₁–lghii[the.one.that.V-ed][the.one.that.is.V][V→N][N][Rel][4SgPoss][PlPosd]
iteghyalghiimi	itegh[V][Intr][Ptcp_Obl][4Sg]

gginaq	gginagh[N][Abs][Unpd][Sg]

seghleq	seghlegh[N][Abs][Unpd][Sg]

qenngughnaggaa	+?

------------------------
Aleghquutaghtegpenateng ingaghquutut.

aleghquutaghtegpenateng	+?

ingaghquutut	ingagh-te[to.catch.N][to.go.to.N][N→V]-@₁qugh[to.V.completely]-~:(u)te[to.V.for.or.with][to.cause.to.V.as.one.is.V-ing][to.V.toward.each.other][V→V][V][Intr][Ind][3Pl]
ingaghquutut	ingagh-te[to.catch.N][to.go.to.N][N→V]-@₁qugh[to.V.completely]-~:(u)te[SBJ.V-ed.something][V→V][V][Intr][Ind][3Pl]
ingaghquutut	ingaghte-@₁qugh[to.V.completely]-~:(u)te[to.V.for.or.with][to.cause.to.V.as.one.is.V-ing][to.V.toward.each.other][V→V][V][Intr][Ind][3Pl]
ingaghquutut	ingaghte-@₁qugh[to.V.completely]-~:(u)te[SBJ.V-ed.something][V→V][V][Intr][Ind][3Pl]

------------------------


------------------------
Meteghllugllak ingaghlluni qavaghtuq.

meteghllugllak	meteghllug-–ghllag[big.N][N→N][N][Abs][Unpd][Sg]

ingaghlluni	+?

qavaghtuq	qavagh[V][Intr][Ind][3Sg]
qavaghtuq	qavagh-te[to.act.on.so.as.to.cause.to.V][V→V][V][Intr][Ind][3Sg]
qavaghtuq	qavagh-te[to.catch.N][to.go.to.N][N→V][V][Intr][Ind][3Sg]

------------------------
Qavaghngaaghmi isekinam, suqsum teghtughaghsalghiimi, qungyaghagneng eslatmun saayguneng maaqutaqeftaa.

qavaghngaaghmi	qavagh[V][Intr][Conc][4Sg]

isekinam	+?

suqsum	suqsugh[N][Rel][Unpd][Sg]

teghtughaghsalghiimi	+?

qungyaghagneng	+?

eslatmun	eslate[N][Ter][Unpd][Sg]

saayguneng	+?

maaqutaqeftaa	+?

------------------------
Meghqun nalugwigalnguq, alingruughtuq.

meghqun	megh[N][Via][Unpd][Sg]
meghqun	megheg-~–ke[to.have.as.one's.N(s)][N→V]-~:(u)te[condition.with.respect.to.V-ing][V→N][N][Abs][Unpd][Sg]

nalugwigalnguq	+?

alingruughtuq	+?

------------------------
Sanitmun patimllaluni quutmun uugtuq.

sanitmun	sa-@₁~fni[to.say.that.one.is.V-ing][Cmpd_Vbl]-~:(u)te[condition.with.respect.to.V-ing][V→N][N][Ter][Unpd][Sg]
sanitmun	sa-~:(u)te[to.V.for.or.with][to.cause.to.V.as.one.is.V-ing][to.V.toward.each.other][V→V]-@₁~fni[to.say.that.one.is.V-ing][Cmpd_Vbl]-~:(u)te[condition.with.respect.to.V-ing][V→N][N][Ter][Unpd][Sg]
sanitmun	sa-~:(u)te[SBJ.V-ed.something][V→V]-@₁~fni[to.say.that.one.is.V-ing][Cmpd_Vbl]-~:(u)te[condition.with.respect.to.V-ing][V→N][N][Ter][Unpd][Sg]

patimllaluni	+?

quutmun	+?

uugtuq	+?

------------------------
Kaamngunani, atkungunani, ilepghaaqiinaghluni aghipaghllak aglaghtuq neminun.

kaamngunani	+?

atkungunani	atkug-~:(ng₁)ite**[to.lack.N][to.not.have.N][N→V][V][Intr][Sbrd][3Sg]

ilepghaaqiinaghluni	+?

aghipaghllak	aghipa-–ghllag[big.N][N→N][N][Abs][Unpd][Sg]

aglaghtuq	aglagh[V][Intr][Ind][3Sg]
aglaghtuq	aglagh-te[to.act.on.so.as.to.cause.to.V][V→V][V][Intr][Ind][3Sg]

neminun	ne[N][Ter][4SgPoss][SgPosd]
neminun	ne[N][Ter][4SgPoss][PlPosd]

------------------------


------------------------
Kaviighhaq taawa manughami aqumgaaqeftuq.

kaviighhaq	kaviigh-–ghhagh*[dear.N][N→N][N][Abs][Unpd][Sg]

taawa	taawa

manughami	manughagh[N][Loc][Unpd][Sg]
manughami	manughagh[N][Rel][4SgPoss][SgPosd]
manughami	manughagh[N][Rel][4SgPoss][PlPosd]

aqumgaaqeftuq	aqumga-~(g₁)aqe[to.be.V.ing][to.regularly.or.repeatedly.V][V→V]-(pete)fte[to.evidently.V][to.have.V-ed][V→V][V][Intr][Ind][3Sg]

------------------------
Kaviighhaam pii, "Kii-ii, qayugham sikughaaghet umiilgita pirughtitaaten?" 

kaviighhaam	kaviigh-–ghhagh*[dear.N][N→N][N][Rel][Unpd][Sg]

pii	pi-~i[SBJ.V-ed.something][V→V]-~i[SBJ.V-ed.something][V→V]-~i[SBJ.V-ed.something][V→V]-~i[SBJ.V-ed.something][V→V]-~i[SBJ.V-ed.something][V→V]-~i[SBJ.V-ed.something][V→V][V][Intr][Opt][PRS][2Sg]
pii	pi-~i[SBJ.V-ed.something][V→V]-~i[SBJ.V-ed.something][V→V]-~i[SBJ.V-ed.something][V→V]-~i[SBJ.V-ed.something][V→V]-~i[SBJ.V-ed.something][V→V][V][Intr][Opt][PRS][2Sg]
pii	pi-~i[SBJ.V-ed.something][V→V]-~i[SBJ.V-ed.something][V→V]-~i[SBJ.V-ed.something][V→V]-~i[SBJ.V-ed.something][V→V][V][Intr][Opt][PRS][2Sg]
pii	pi-~i[SBJ.V-ed.something][V→V]-~i[SBJ.V-ed.something][V→V]-~i[SBJ.V-ed.something][V→V][V][Intr][Opt][PRS][2Sg]
pii	pi-~i[SBJ.V-ed.something][V→V]-~i[SBJ.V-ed.something][V→V][V][Intr][Opt][PRS][2Sg]
pii	pi-~i[SBJ.V-ed.something][V→V][V][Intr][Opt][PRS][2Sg]
pii	pi[V][Intr][Intrg][3Sg]
pii	pi[V][Trns][Ind][3Sg][3Sg]
pii	pi[V][Trns][Ind][3Sg][3Pl]

kiiii	+?

qayugham	qayugham
qayugham	qayugham[N][Abs][Unpd][Sg]

sikughaaghet	sikughaagh[N][Abs][Unpd][Pl]
sikughaaghet	sikughaagh[N][Rel][Unpd][Pl]

umiilgita	umiileg-~:(ng₁)ite**[to.lack.N][to.not.have.N][N→V][V][Intr][Intrg][3Sg]
umiilgita	umiileg[N][Rel][3DuPoss][SgPosd]
umiilgita	umiileg[N][Rel][3DuPoss][PlPosd]
umiilgita	umiileg[N][Rel][3PlPoss][SgPosd]
umiilgita	umiileg[N][Rel][3PlPoss][PlPosd]

pirughtitaaten	+?

------------------------


------------------------
Meteghllugwem pii, "Sikughaaghet umiilgat inglungunghituq." 

meteghllugwem	+?

pii	pi-~i[SBJ.V-ed.something][V→V]-~i[SBJ.V-ed.something][V→V]-~i[SBJ.V-ed.something][V→V]-~i[SBJ.V-ed.something][V→V]-~i[SBJ.V-ed.something][V→V]-~i[SBJ.V-ed.something][V→V][V][Intr][Opt][PRS][2Sg]
pii	pi-~i[SBJ.V-ed.something][V→V]-~i[SBJ.V-ed.something][V→V]-~i[SBJ.V-ed.something][V→V]-~i[SBJ.V-ed.something][V→V]-~i[SBJ.V-ed.something][V→V][V][Intr][Opt][PRS][2Sg]
pii	pi-~i[SBJ.V-ed.something][V→V]-~i[SBJ.V-ed.something][V→V]-~i[SBJ.V-ed.something][V→V]-~i[SBJ.V-ed.something][V→V][V][Intr][Opt][PRS][2Sg]
pii	pi-~i[SBJ.V-ed.something][V→V]-~i[SBJ.V-ed.something][V→V]-~i[SBJ.V-ed.something][V→V][V][Intr][Opt][PRS][2Sg]
pii	pi-~i[SBJ.V-ed.something][V→V]-~i[SBJ.V-ed.something][V→V][V][Intr][Opt][PRS][2Sg]
pii	pi-~i[SBJ.V-ed.something][V→V][V][Intr][Opt][PRS][2Sg]
pii	pi[V][Intr][Intrg][3Sg]
pii	pi[V][Trns][Ind][3Sg][3Sg]
pii	pi[V][Trns][Ind][3Sg][3Pl]

sikughaaghet	sikughaagh[N][Abs][Unpd][Pl]
sikughaaghet	sikughaagh[N][Rel][Unpd][Pl]

umiilgat	umiileg[N][Abs][3PlPoss][SgPosd]

inglungunghituq	inglu-~:(ng₁)u[to.be.N][N→V]-@₁–nghite**[to.not.V][V→V][V][Intr][Ind][3Sg]

------------------------


------------------------
Kaviighhaam pii, "Qayngunqun igiiterugumangillaataghtuten!" 

kaviighhaam	kaviigh-–ghhagh*[dear.N][N→N][N][Rel][Unpd][Sg]

pii	pi-~i[SBJ.V-ed.something][V→V]-~i[SBJ.V-ed.something][V→V]-~i[SBJ.V-ed.something][V→V]-~i[SBJ.V-ed.something][V→V]-~i[SBJ.V-ed.something][V→V]-~i[SBJ.V-ed.something][V→V][V][Intr][Opt][PRS][2Sg]
pii	pi-~i[SBJ.V-ed.something][V→V]-~i[SBJ.V-ed.something][V→V]-~i[SBJ.V-ed.something][V→V]-~i[SBJ.V-ed.something][V→V]-~i[SBJ.V-ed.something][V→V][V][Intr][Opt][PRS][2Sg]
pii	pi-~i[SBJ.V-ed.something][V→V]-~i[SBJ.V-ed.something][V→V]-~i[SBJ.V-ed.something][V→V]-~i[SBJ.V-ed.something][V→V][V][Intr][Opt][PRS][2Sg]
pii	pi-~i[SBJ.V-ed.something][V→V]-~i[SBJ.V-ed.something][V→V]-~i[SBJ.V-ed.something][V→V][V][Intr][Opt][PRS][2Sg]
pii	pi-~i[SBJ.V-ed.something][V→V]-~i[SBJ.V-ed.something][V→V][V][Intr][Opt][PRS][2Sg]
pii	pi-~i[SBJ.V-ed.something][V→V][V][Intr][Opt][PRS][2Sg]
pii	pi[V][Intr][Intrg][3Sg]
pii	pi[V][Trns][Ind][3Sg][3Sg]
pii	pi[V][Trns][Ind][3Sg][3Pl]

qayngunqun	+?

igiiterugumangillaataghtuten	+?

------------------------


------------------------
Tefaay.

tefaay	tefaay

------------------------
