Ilagaan

﻿ilagaan	+?

------------------------


	

------------------------
Yugem nuliini pimakanga, "Enta saguyaghaagka tagivaqaghqek.

yugem	yu(u)g[N][Rel][Unpd][Sg]
yugem	yug[N][Rel][Unpd][Sg]

nuliini	nuliigh[N][Abs][4SgPoss][SgPosd]
nuliini	nuliigh[N][Abs][4SgPoss][PlPosd]
nuliini	nuliiq[N][Abs][4SgPoss][SgPosd]
nuliini	nuliiq[N][Abs][4SgPoss][PlPosd]
nuliini	nulugh-~:(ng₁)u[to.be.N][N→V]-~i[SBJ.V-ed.something][V→V]-~i[SBJ.V-ed.something][V→V]-~i[SBJ.V-ed.something][V→V]-~i[SBJ.V-ed.something][V→V]-~i[SBJ.V-ed.something][V→V]-@₁~fni[to.say.that.one.is.V-ing][Cmpd_Vbl][V][Intr][Opt][PRS][2Sg]
nuliini	nulugh-~:(ng₁)u[to.be.N][N→V]-~i[SBJ.V-ed.something][V→V]-~i[SBJ.V-ed.something][V→V]-~i[SBJ.V-ed.something][V→V]-~i[SBJ.V-ed.something][V→V]-@₁~fni[to.say.that.one.is.V-ing][Cmpd_Vbl][V][Intr][Opt][PRS][2Sg]
nuliini	nulugh-~:(ng₁)u[to.be.N][N→V]-~i[SBJ.V-ed.something][V→V]-~i[SBJ.V-ed.something][V→V]-~i[SBJ.V-ed.something][V→V]-~i[SBJ.V-ed.something][V→V]-~:(u)te[to.V.for.or.with][to.cause.to.V.as.one.is.V-ing][to.V.toward.each.other][V→V]-@₁~fni[to.say.that.one.is.V-ing][Cmpd_Vbl][V][Intr][Opt][PRS][2Sg]
nuliini	nulugh-~:(ng₁)u[to.be.N][N→V]-~i[SBJ.V-ed.something][V→V]-~i[SBJ.V-ed.something][V→V]-~i[SBJ.V-ed.something][V→V]-~i[SBJ.V-ed.something][V→V]-~:(u)te[SBJ.V-ed.something][V→V]-@₁~fni[to.say.that.one.is.V-ing][Cmpd_Vbl][V][Intr][Opt][PRS][2Sg]
nuliini	nulugh-~:(ng₁)u[to.be.N][N→V]-~i[SBJ.V-ed.something][V→V]-~i[SBJ.V-ed.something][V→V]-~i[SBJ.V-ed.something][V→V]-@₁~fni[to.say.that.one.is.V-ing][Cmpd_Vbl][V][Intr][Opt][PRS][2Sg]
nuliini	nulugh-~:(ng₁)u[to.be.N][N→V]-~i[SBJ.V-ed.something][V→V]-~i[SBJ.V-ed.something][V→V]-~i[SBJ.V-ed.something][V→V]-~:(u)te[to.V.for.or.with][to.cause.to.V.as.one.is.V-ing][to.V.toward.each.other][V→V]-@₁~fni[to.say.that.one.is.V-ing][Cmpd_Vbl][V][Intr][Opt][PRS][2Sg]
nuliini	nulugh-~:(ng₁)u[to.be.N][N→V]-~i[SBJ.V-ed.something][V→V]-~i[SBJ.V-ed.something][V→V]-~i[SBJ.V-ed.something][V→V]-~:(u)te[SBJ.V-ed.something][V→V]-@₁~fni[to.say.that.one.is.V-ing][Cmpd_Vbl][V][Intr][Opt][PRS][2Sg]
nuliini	nulugh-~:(ng₁)u[to.be.N][N→V]-~i[SBJ.V-ed.something][V→V]-~i[SBJ.V-ed.something][V→V]-@₁~fni[to.say.that.one.is.V-ing][Cmpd_Vbl][V][Intr][Opt][PRS][2Sg]
nuliini	nulugh-~:(ng₁)u[to.be.N][N→V]-~i[SBJ.V-ed.something][V→V]-~i[SBJ.V-ed.something][V→V]-~:(u)te[to.V.for.or.with][to.cause.to.V.as.one.is.V-ing][to.V.toward.each.other][V→V]-@₁~fni[to.say.that.one.is.V-ing][Cmpd_Vbl][V][Intr][Opt][PRS][2Sg]
nuliini	nulugh-~:(ng₁)u[to.be.N][N→V]-~i[SBJ.V-ed.something][V→V]-~i[SBJ.V-ed.something][V→V]-~:(u)te[SBJ.V-ed.something][V→V]-@₁~fni[to.say.that.one.is.V-ing][Cmpd_Vbl][V][Intr][Opt][PRS][2Sg]
nuliini	nulugh-~:(ng₁)u[to.be.N][N→V]-~i[SBJ.V-ed.something][V→V]-@₁~fni[to.say.that.one.is.V-ing][Cmpd_Vbl][V][Intr][Opt][PRS][2Sg]
nuliini	nulugh-~:(ng₁)u[to.be.N][N→V]-~i[SBJ.V-ed.something][V→V]-~:(u)te[to.V.for.or.with][to.cause.to.V.as.one.is.V-ing][to.V.toward.each.other][V→V]-@₁~fni[to.say.that.one.is.V-ing][Cmpd_Vbl][V][Intr][Opt][PRS][2Sg]
nuliini	nulugh-~:(ng₁)u[to.be.N][N→V]-~i[SBJ.V-ed.something][V→V]-~:(u)te[SBJ.V-ed.something][V→V]-@₁~fni[to.say.that.one.is.V-ing][Cmpd_Vbl][V][Intr][Opt][PRS][2Sg]

pimakanga	pi-@₁~:(i/u)ma[to.have.V-ed][to.have.been.V-ed][V→V]-@*@₂~sf–(g₂)k(a)e[the.one.that.possessor.V-ed][V→N][N][Abs][3SgPoss][SgPosd]
pimakanga	pi-@₁~:(i/u)ma[to.have.V-ed][to.have.been.V-ed][V→V][V][Trns][Ptcp][3Sg][3Sg]
pimakanga	pi-@₁~:(i/u)ma[to.have.V-ed][to.have.been.V-ed][V→V][V][Trns][Cond][3Sg][1Sg]

enta	enta

saguyaghaagka	+?

tagivaqaghqek	+?

------------------------
Ilagaqaghlanga."

ilagaqaghlanga	+?

------------------------
Llaaghanwha saguyak tuunaak.

llaaghanwha	llaaghanwha

saguyak	saguyagh[N][Abs][Unpd][Du]
saguyak	saguyagh[N][Rel][Unpd][Du]

tuunaak	+?

------------------------
Ilagaatmeng aanqusalghiimi,

ilagaatmeng	ilagaate[N][Rel][4DuPoss][SgPosd]
ilagaatmeng	ilagaate[N][Rel][4DuPoss][PlPosd]
ilagaatmeng	ilagaate[N][Rel][4PlPoss][SgPosd]
ilagaatmeng	ilagaate[N][Rel][4PlPoss][PlPosd]
ilagaatmeng	ilagaate[N][Abl_Mod][Unpd][Sg]
ilagaatmeng	ilagagh-~:(u)te[condition.with.respect.to.V-ing][V→N][N][Rel][4DuPoss][SgPosd]
ilagaatmeng	ilagagh-~:(u)te[condition.with.respect.to.V-ing][V→N][N][Rel][4DuPoss][PlPosd]
ilagaatmeng	ilagagh-~:(u)te[condition.with.respect.to.V-ing][V→N][N][Rel][4PlPoss][SgPosd]
ilagaatmeng	ilagagh-~:(u)te[condition.with.respect.to.V-ing][V→N][N][Rel][4PlPoss][PlPosd]
ilagaatmeng	ilagagh-~:(u)te[condition.with.respect.to.V-ing][V→N][N][Abl_Mod][Unpd][Sg]

aanqusalghiimi	anegh-~–ke[to.have.as.one's.N(s)][N→V]-~:(u)te[to.V.for.or.with][to.cause.to.V.as.one.is.V-ing][to.V.toward.each.other][V→V]-te[to.act.on.so.as.to.cause.to.V][V→V]-te[to.act.on.so.as.to.cause.to.V][V→V]-@₁~fyagh[to.go.V-ing][to.V.in.vain][V→V]-@₁–lghii[the.one.that.V-ed][the.one.that.is.V][V→N][N][Loc][Unpd][Sg]
aanqusalghiimi	anegh-~–ke[to.have.as.one's.N(s)][N→V]-~:(u)te[to.V.for.or.with][to.cause.to.V.as.one.is.V-ing][to.V.toward.each.other][V→V]-te[to.act.on.so.as.to.cause.to.V][V→V]-te[to.act.on.so.as.to.cause.to.V][V→V]-@₁~fyagh[to.go.V-ing][to.V.in.vain][V→V]-@₁–lghii[the.one.that.V-ed][the.one.that.is.V][V→N][N][Rel][4SgPoss][SgPosd]
aanqusalghiimi	anegh-~–ke[to.have.as.one's.N(s)][N→V]-~:(u)te[to.V.for.or.with][to.cause.to.V.as.one.is.V-ing][to.V.toward.each.other][V→V]-te[to.act.on.so.as.to.cause.to.V][V→V]-te[to.act.on.so.as.to.cause.to.V][V→V]-@₁~fyagh[to.go.V-ing][to.V.in.vain][V→V]-@₁–lghii[the.one.that.V-ed][the.one.that.is.V][V→N][N][Rel][4SgPoss][PlPosd]
aanqusalghiimi	anegh-~–ke[to.have.as.one's.N(s)][N→V]-~:(u)te[to.V.for.or.with][to.cause.to.V.as.one.is.V-ing][to.V.toward.each.other][V→V]-te[to.act.on.so.as.to.cause.to.V][V→V]-te[to.act.on.so.as.to.cause.to.V][V→V][V][Intr][Ptcp_Obl][4Sg]
aanqusalghiimi	anegh-~–ke[to.have.as.one's.N(s)][N→V]-~:(u)te[to.V.for.or.with][to.cause.to.V.as.one.is.V-ing][to.V.toward.each.other][V→V]-te[to.act.on.so.as.to.cause.to.V][V→V]-@₁~fyagh[to.go.V-ing][to.V.in.vain][V→V]-@₁–lghii[the.one.that.V-ed][the.one.that.is.V][V→N][N][Loc][Unpd][Sg]
aanqusalghiimi	anegh-~–ke[to.have.as.one's.N(s)][N→V]-~:(u)te[to.V.for.or.with][to.cause.to.V.as.one.is.V-ing][to.V.toward.each.other][V→V]-te[to.act.on.so.as.to.cause.to.V][V→V]-@₁~fyagh[to.go.V-ing][to.V.in.vain][V→V]-@₁–lghii[the.one.that.V-ed][the.one.that.is.V][V→N][N][Rel][4SgPoss][SgPosd]
aanqusalghiimi	anegh-~–ke[to.have.as.one's.N(s)][N→V]-~:(u)te[to.V.for.or.with][to.cause.to.V.as.one.is.V-ing][to.V.toward.each.other][V→V]-te[to.act.on.so.as.to.cause.to.V][V→V]-@₁~fyagh[to.go.V-ing][to.V.in.vain][V→V]-@₁–lghii[the.one.that.V-ed][the.one.that.is.V][V→N][N][Rel][4SgPoss][PlPosd]
aanqusalghiimi	anegh-~–ke[to.have.as.one's.N(s)][N→V]-~:(u)te[to.V.for.or.with][to.cause.to.V.as.one.is.V-ing][to.V.toward.each.other][V→V]-te[to.act.on.so.as.to.cause.to.V][V→V][V][Intr][Ptcp_Obl][4Sg]
aanqusalghiimi	anegh-~–ke[to.have.as.one's.N(s)][N→V]-~:(u)te[to.V.for.or.with][to.cause.to.V.as.one.is.V-ing][to.V.toward.each.other][V→V]-@₁~fyagh[to.go.V-ing][to.V.in.vain][V→V]-@₁–lghii[the.one.that.V-ed][the.one.that.is.V][V→N][N][Loc][Unpd][Sg]
aanqusalghiimi	anegh-~–ke[to.have.as.one's.N(s)][N→V]-~:(u)te[to.V.for.or.with][to.cause.to.V.as.one.is.V-ing][to.V.toward.each.other][V→V]-@₁~fyagh[to.go.V-ing][to.V.in.vain][V→V]-@₁–lghii[the.one.that.V-ed][the.one.that.is.V][V→N][N][Rel][4SgPoss][SgPosd]
aanqusalghiimi	anegh-~–ke[to.have.as.one's.N(s)][N→V]-~:(u)te[to.V.for.or.with][to.cause.to.V.as.one.is.V-ing][to.V.toward.each.other][V→V]-@₁~fyagh[to.go.V-ing][to.V.in.vain][V→V]-@₁–lghii[the.one.that.V-ed][the.one.that.is.V][V→N][N][Rel][4SgPoss][PlPosd]
aanqusalghiimi	anegh-~–ke[to.have.as.one's.N(s)][N→V]-~:(u)te[to.V.for.or.with][to.cause.to.V.as.one.is.V-ing][to.V.toward.each.other][V→V][V][Intr][Ptcp_Obl][4Sg]
aanqusalghiimi	anegh-~–ke[to.have.as.one's.N(s)][N→V]-~:(u)te[condition.with.respect.to.V-ing][V→N]-te[to.catch.N][to.go.to.N][N→V]-te[to.act.on.so.as.to.cause.to.V][V→V]-@₁~fyagh[to.go.V-ing][to.V.in.vain][V→V]-@₁–lghii[the.one.that.V-ed][the.one.that.is.V][V→N][N][Loc][Unpd][Sg]
aanqusalghiimi	anegh-~–ke[to.have.as.one's.N(s)][N→V]-~:(u)te[condition.with.respect.to.V-ing][V→N]-te[to.catch.N][to.go.to.N][N→V]-te[to.act.on.so.as.to.cause.to.V][V→V]-@₁~fyagh[to.go.V-ing][to.V.in.vain][V→V]-@₁–lghii[the.one.that.V-ed][the.one.that.is.V][V→N][N][Rel][4SgPoss][SgPosd]
aanqusalghiimi	anegh-~–ke[to.have.as.one's.N(s)][N→V]-~:(u)te[condition.with.respect.to.V-ing][V→N]-te[to.catch.N][to.go.to.N][N→V]-te[to.act.on.so.as.to.cause.to.V][V→V]-@₁~fyagh[to.go.V-ing][to.V.in.vain][V→V]-@₁–lghii[the.one.that.V-ed][the.one.that.is.V][V→N][N][Rel][4SgPoss][PlPosd]
aanqusalghiimi	anegh-~–ke[to.have.as.one's.N(s)][N→V]-~:(u)te[condition.with.respect.to.V-ing][V→N]-te[to.catch.N][to.go.to.N][N→V]-te[to.act.on.so.as.to.cause.to.V][V→V][V][Intr][Ptcp_Obl][4Sg]
aanqusalghiimi	anegh-~–ke[to.have.as.one's.N(s)][N→V]-~:(u)te[condition.with.respect.to.V-ing][V→N]-te[to.catch.N][to.go.to.N][N→V]-@₁~fyagh[to.go.V-ing][to.V.in.vain][V→V]-@₁–lghii[the.one.that.V-ed][the.one.that.is.V][V→N][N][Loc][Unpd][Sg]
aanqusalghiimi	anegh-~–ke[to.have.as.one's.N(s)][N→V]-~:(u)te[condition.with.respect.to.V-ing][V→N]-te[to.catch.N][to.go.to.N][N→V]-@₁~fyagh[to.go.V-ing][to.V.in.vain][V→V]-@₁–lghii[the.one.that.V-ed][the.one.that.is.V][V→N][N][Rel][4SgPoss][SgPosd]
aanqusalghiimi	anegh-~–ke[to.have.as.one's.N(s)][N→V]-~:(u)te[condition.with.respect.to.V-ing][V→N]-te[to.catch.N][to.go.to.N][N→V]-@₁~fyagh[to.go.V-ing][to.V.in.vain][V→V]-@₁–lghii[the.one.that.V-ed][the.one.that.is.V][V→N][N][Rel][4SgPoss][PlPosd]
aanqusalghiimi	anegh-~–ke[to.have.as.one's.N(s)][N→V]-~:(u)te[condition.with.respect.to.V-ing][V→N]-te[to.catch.N][to.go.to.N][N→V][V][Intr][Ptcp_Obl][4Sg]
aanqusalghiimi	anegh-~–ke[to.have.as.one's.N(s)][N→V]-~:(u)te[SBJ.V-ed.something][V→V]-te[to.act.on.so.as.to.cause.to.V][V→V]-te[to.act.on.so.as.to.cause.to.V][V→V]-@₁~fyagh[to.go.V-ing][to.V.in.vain][V→V]-@₁–lghii[the.one.that.V-ed][the.one.that.is.V][V→N][N][Loc][Unpd][Sg]
aanqusalghiimi	anegh-~–ke[to.have.as.one's.N(s)][N→V]-~:(u)te[SBJ.V-ed.something][V→V]-te[to.act.on.so.as.to.cause.to.V][V→V]-te[to.act.on.so.as.to.cause.to.V][V→V]-@₁~fyagh[to.go.V-ing][to.V.in.vain][V→V]-@₁–lghii[the.one.that.V-ed][the.one.that.is.V][V→N][N][Rel][4SgPoss][SgPosd]
aanqusalghiimi	anegh-~–ke[to.have.as.one's.N(s)][N→V]-~:(u)te[SBJ.V-ed.something][V→V]-te[to.act.on.so.as.to.cause.to.V][V→V]-te[to.act.on.so.as.to.cause.to.V][V→V]-@₁~fyagh[to.go.V-ing][to.V.in.vain][V→V]-@₁–lghii[the.one.that.V-ed][the.one.that.is.V][V→N][N][Rel][4SgPoss][PlPosd]
aanqusalghiimi	anegh-~–ke[to.have.as.one's.N(s)][N→V]-~:(u)te[SBJ.V-ed.something][V→V]-te[to.act.on.so.as.to.cause.to.V][V→V]-te[to.act.on.so.as.to.cause.to.V][V→V][V][Intr][Ptcp_Obl][4Sg]
aanqusalghiimi	anegh-~–ke[to.have.as.one's.N(s)][N→V]-~:(u)te[SBJ.V-ed.something][V→V]-te[to.act.on.so.as.to.cause.to.V][V→V]-@₁~fyagh[to.go.V-ing][to.V.in.vain][V→V]-@₁–lghii[the.one.that.V-ed][the.one.that.is.V][V→N][N][Loc][Unpd][Sg]
aanqusalghiimi	anegh-~–ke[to.have.as.one's.N(s)][N→V]-~:(u)te[SBJ.V-ed.something][V→V]-te[to.act.on.so.as.to.cause.to.V][V→V]-@₁~fyagh[to.go.V-ing][to.V.in.vain][V→V]-@₁–lghii[the.one.that.V-ed][the.one.that.is.V][V→N][N][Rel][4SgPoss][SgPosd]
aanqusalghiimi	anegh-~–ke[to.have.as.one's.N(s)][N→V]-~:(u)te[SBJ.V-ed.something][V→V]-te[to.act.on.so.as.to.cause.to.V][V→V]-@₁~fyagh[to.go.V-ing][to.V.in.vain][V→V]-@₁–lghii[the.one.that.V-ed][the.one.that.is.V][V→N][N][Rel][4SgPoss][PlPosd]
aanqusalghiimi	anegh-~–ke[to.have.as.one's.N(s)][N→V]-~:(u)te[SBJ.V-ed.something][V→V]-te[to.act.on.so.as.to.cause.to.V][V→V][V][Intr][Ptcp_Obl][4Sg]
aanqusalghiimi	anegh-~–ke[to.have.as.one's.N(s)][N→V]-~:(u)te[SBJ.V-ed.something][V→V]-@₁~fyagh[to.go.V-ing][to.V.in.vain][V→V]-@₁–lghii[the.one.that.V-ed][the.one.that.is.V][V→N][N][Loc][Unpd][Sg]
aanqusalghiimi	anegh-~–ke[to.have.as.one's.N(s)][N→V]-~:(u)te[SBJ.V-ed.something][V→V]-@₁~fyagh[to.go.V-ing][to.V.in.vain][V→V]-@₁–lghii[the.one.that.V-ed][the.one.that.is.V][V→N][N][Rel][4SgPoss][SgPosd]
aanqusalghiimi	anegh-~–ke[to.have.as.one's.N(s)][N→V]-~:(u)te[SBJ.V-ed.something][V→V]-@₁~fyagh[to.go.V-ing][to.V.in.vain][V→V]-@₁–lghii[the.one.that.V-ed][the.one.that.is.V][V→N][N][Rel][4SgPoss][PlPosd]
aanqusalghiimi	anegh-~–ke[to.have.as.one's.N(s)][N→V]-~:(u)te[SBJ.V-ed.something][V→V][V][Intr][Ptcp_Obl][4Sg]

------------------------


	

------------------------
"Pamiinayiiyaaaangaangaa

pamiinayiiyaaaangaangaa	+?

------------------------
Pamiinayiiyaaaangaangaa

pamiinayiiyaaaangaangaa	+?

------------------------
Kanani kanani Sivuqam saaghwaningii

kanani	+?

kanani	+?

sivuqam	Sivuqagh[N][Rel][Unpd][Sg]

saaghwaningii	+?

------------------------
Aaa yugtaa qiyayugtaa

aaa	+?

yugtaa	yu(u)g-te[to.catch.N][to.go.to.N][N→V][V][Intr][Intrg][3Sg]
yugtaa	yu(u)g-tugh[to.eat.N][to.use.N][N→V][V][Intr][Opt][PRS][2Sg]
yugtaa	yug-te[to.catch.N][to.go.to.N][N→V][V][Intr][Intrg][3Sg]
yugtaa	yug-tugh[to.eat.N][to.use.N][N→V][V][Intr][Opt][PRS][2Sg]

qiyayugtaa	qiya-@₁~fyug[to.want.to.V][V→V][V][Intr][Intrg][3Sg]
qiyayugtaa	qiya-@₁~fyug[to.want.to.V][V→V]-te[to.act.on.so.as.to.cause.to.V][V→V][V][Intr][Intrg][3Sg]
qiyayugtaa	qiya-~:(u)te[to.V.for.or.with][to.cause.to.V.as.one.is.V-ing][to.V.toward.each.other][V→V]-@₁~fyug[to.want.to.V][V→V][V][Intr][Intrg][3Sg]
qiyayugtaa	qiya-~:(u)te[to.V.for.or.with][to.cause.to.V.as.one.is.V-ing][to.V.toward.each.other][V→V]-@₁~fyug[to.want.to.V][V→V]-te[to.act.on.so.as.to.cause.to.V][V→V][V][Intr][Intrg][3Sg]
qiyayugtaa	qiya-~:(u)te[SBJ.V-ed.something][V→V]-@₁~fyug[to.want.to.V][V→V][V][Intr][Intrg][3Sg]
qiyayugtaa	qiya-~:(u)te[SBJ.V-ed.something][V→V]-@₁~fyug[to.want.to.V][V→V]-te[to.act.on.so.as.to.cause.to.V][V→V][V][Intr][Intrg][3Sg]

------------------------
Anenginaqlimii qiyayugtaa

anenginaqlimii	+?

qiyayugtaa	qiya-@₁~fyug[to.want.to.V][V→V][V][Intr][Intrg][3Sg]
qiyayugtaa	qiya-@₁~fyug[to.want.to.V][V→V]-te[to.act.on.so.as.to.cause.to.V][V→V][V][Intr][Intrg][3Sg]
qiyayugtaa	qiya-~:(u)te[to.V.for.or.with][to.cause.to.V.as.one.is.V-ing][to.V.toward.each.other][V→V]-@₁~fyug[to.want.to.V][V→V][V][Intr][Intrg][3Sg]
qiyayugtaa	qiya-~:(u)te[to.V.for.or.with][to.cause.to.V.as.one.is.V-ing][to.V.toward.each.other][V→V]-@₁~fyug[to.want.to.V][V→V]-te[to.act.on.so.as.to.cause.to.V][V→V][V][Intr][Intrg][3Sg]
qiyayugtaa	qiya-~:(u)te[SBJ.V-ed.something][V→V]-@₁~fyug[to.want.to.V][V→V][V][Intr][Intrg][3Sg]
qiyayugtaa	qiya-~:(u)te[SBJ.V-ed.something][V→V]-@₁~fyug[to.want.to.V][V→V]-te[to.act.on.so.as.to.cause.to.V][V→V][V][Intr][Intrg][3Sg]

------------------------
Kanani kanani Sivuqam saaghwaningii

kanani	+?

kanani	+?

sivuqam	Sivuqagh[N][Rel][Unpd][Sg]

saaghwaningii	+?

------------------------
Angaangaa, susuqpiyaaq

angaangaa	+?

susuqpiyaaq	+?

------------------------
Angaangaa, susuqpiyaaq

angaangaa	+?

susuqpiyaaq	+?

------------------------
Kanani kanani Sivuqam saaghwaningii!"

kanani	+?

kanani	+?

sivuqam	Sivuqagh[N][Rel][Unpd][Sg]

saaghwaningii	+?

------------------------


	

------------------------
Iiwenllu nepiighaquq.

iiwenllu	iiw[N][Abs][2SgPoss][SgPosd]-llu[Encl]
iiwenllu	iiwenllu
iiwenllu	iiwenllu[N][Abs][Unpd][Sg]
iiwenllu	iiwete[N][Abs][Unpd][Sg]-llu[Encl]

nepiighaquq	nepiigh-~(g₁)aqe[to.be.V.ing][to.regularly.or.repeatedly.V][V→V][V][Intr][Ind][3Sg]

------------------------


	

------------------------
Tefaay.

tefaay	tefaay

------------------------
Qamagtuq.

qamagtuq	qamagte[V][Intr][Ind][3Sg]

------------------------
