Vuvallanga Ayapeghyugem (1)

﻿vuvallanga	+?

ayapeghyugem	+?

1	+?

------------------------
(1) Ayapeghyugnguq taana Avatmiit pikaat, Walangankut Kepelgunkut saknaaghat.

1	+?

ayapeghyugnguq	+?

taana	taana

avatmiit	Avatmii(t)[N][Abs][1PlPoss][SgPosd]
avatmiit	Avatmii(t)[N][Abs][Unpd][Pl]
avatmiit	Avatmii(t)[N][Rel][Unpd][Pl]

pikaat	+?

walangankut	+?

kepelgunkut	+?

saknaaghat	+?

------------------------


	

------------------------
Vuvallam sanqutangi sivuliq qalik, signeghet, qaltaghwaaghek, aghqusighhaak tughneghaghnun, saguyak, tagnelghii nanighhaq kumangalghii.

vuvallam	vuvalla[N][Rel][Unpd][Sg]

sanqutangi	+?

sivuliq	sivuligh*[N][Abs][Unpd][Sg]

qalik	qaligh[N][Abs][Unpd][Du]
qalik	qaligh[N][Rel][Unpd][Du]

signeghet	signegh[N][Abs][Unpd][Pl]
signeghet	signegh[N][Rel][Unpd][Pl]

qaltaghwaaghek	+?

aghqusighhaak	+?

tughneghaghnun	tughneghagh*[N][Ter][Unpd][Pl]

saguyak	saguyagh[N][Abs][Unpd][Du]
saguyak	saguyagh[N][Rel][Unpd][Du]

tagnelghii	+?

nanighhaq	nani-–ghhagh*[dear.N][N→N][N][Abs][Unpd][Sg]
nanighhaq	nanigh-–ghhagh*[dear.N][N→N][N][Abs][Unpd][Sg]

kumangalghii	+?

------------------------
Vuvallam yuga unanguluku pingayumi kellaagegni nekegtaqaat vuvalla.

vuvallam	vuvalla[N][Rel][Unpd][Sg]

yuga	yu(u)g[N][Abs][3SgPoss][SgPosd]
yuga	yug[N][Abs][3SgPoss][SgPosd]

unanguluku	+?

pingayumi	+?

kellaagegni	kellaag[N][Abs][4SgPoss][DuPosd]
kellaagegni	kellaag[N][Loc][Unpd][Du]
kellaagegni	kellaageg[N][Loc][Unpd][Pl]

nekegtaqaat	+?

vuvalla	vuvalla[N][Abs][Unpd][Sg]

------------------------
Taaqneghmegteggu vuvallam yuga aanaquq eslamun.

taaqneghmegteggu	+?

vuvallam	vuvalla[N][Rel][Unpd][Sg]

yuga	yu(u)g[N][Abs][3SgPoss][SgPosd]
yuga	yug[N][Abs][3SgPoss][SgPosd]

aanaquq	aane-~(g₁)aqe[to.be.V.ing][to.regularly.or.repeatedly.V][V→V][V][Intr][Ind][3Sg]

eslamun	esla[N][Ter][Unpd][Sg]

------------------------
Kiyaghtalleghmun kelgutaquq mumeghmeng tugumiighluni nalighmeng aquutameng.

kiyaghtalleghmun	+?

kelgutaquq	+?

mumeghmeng	mumegh[N][Rel][4DuPoss][SgPosd]
mumeghmeng	mumegh[N][Rel][4DuPoss][PlPosd]
mumeghmeng	mumegh[N][Rel][4PlPoss][SgPosd]
mumeghmeng	mumegh[N][Rel][4PlPoss][PlPosd]
mumeghmeng	mumegh[N][Abl_Mod][Unpd][Sg]

tugumiighluni	+?

nalighmeng	naligh*[N][Rel][4DuPoss][SgPosd]
nalighmeng	naligh*[N][Rel][4DuPoss][PlPosd]
nalighmeng	naligh*[N][Rel][4PlPoss][SgPosd]
nalighmeng	naligh*[N][Rel][4PlPoss][PlPosd]
nalighmeng	naligh*[N][Abl_Mod][Unpd][Sg]
nalighmeng	nalighmeng
nalighmeng	nalighmeng[N][Abs][Unpd][Sg]

aquutameng	aquutagh[N][Rel][4DuPoss][SgPosd]
aquutameng	aquutagh[N][Rel][4DuPoss][PlPosd]
aquutameng	aquutagh[N][Rel][4PlPoss][SgPosd]
aquutameng	aquutagh[N][Rel][4PlPoss][PlPosd]
aquutameng	aquutagh[N][Abl_Mod][Unpd][Sg]

------------------------
Araghaquq, "Wu-huu-huu-huu-uu, wu-huu-huu-huu-uu, wu-huu-uu, wu-huu-uu!" (2)

araghaquq	+?

wuhuuhuuhuuuu	+?

wuhuuhuuhuuuu	+?

wuhuuuu	+?

wuhuuuu	+?

2	+?

------------------------
(2) Qalghiilleq, aviilleq Kiyaghneghmun ayumiq aleghquneghmeggni tawaten aviigaqut.

2	+?

qalghiilleq	+?

aviilleq	aviillegh[N][Abs][Unpd][Sg]

kiyaghneghmun	kiyaghnegh[N][Ter][Unpd][Sg]

ayumiq	ayumigh*[N][Abs][Unpd][Sg]

aleghquneghmeggni	alegh-te[to.catch.N][to.go.to.N][N→V]-@₁qugh[to.V.completely]-@₁–negh[the.act.or.activity.of.V-ing][V→N][N][Loc][4PlPoss][SgPosd]
aleghquneghmeggni	alegh-te[to.catch.N][to.go.to.N][N→V]-@₁qugh[to.V.completely]-@₁–negh[the.act.or.activity.of.V-ing][V→N][N][Loc][4PlPoss][PlPosd]
aleghquneghmeggni	aleghqugh-@₁–negh[the.act.or.activity.of.V-ing][V→N][N][Loc][4PlPoss][SgPosd]
aleghquneghmeggni	aleghqugh-@₁–negh[the.act.or.activity.of.V-ing][V→N][N][Loc][4PlPoss][PlPosd]

tawaten	tawaten

aviigaqut	+?

------------------------


	

------------------------
Taagken vuvallam yuga aatghaquq nateghmun.

taagken	taagken

vuvallam	vuvalla[N][Rel][Unpd][Sg]

yuga	yu(u)g[N][Abs][3SgPoss][SgPosd]
yuga	yug[N][Abs][3SgPoss][SgPosd]

aatghaquq	+?

nateghmun	+?

------------------------
Nuliini piiqaa, "Enta saguyagka tagivaghqek!"

nuliini	nuliigh[N][Abs][4SgPoss][SgPosd]
nuliini	nuliigh[N][Abs][4SgPoss][PlPosd]
nuliini	nuliiq[N][Abs][4SgPoss][SgPosd]
nuliini	nuliiq[N][Abs][4SgPoss][PlPosd]
nuliini	nulugh-~:(ng₁)u[to.be.N][N→V]-~i[SBJ.V-ed.something][V→V]-~i[SBJ.V-ed.something][V→V]-~i[SBJ.V-ed.something][V→V]-~i[SBJ.V-ed.something][V→V]-~i[SBJ.V-ed.something][V→V]-@₁~fni[to.say.that.one.is.V-ing][Cmpd_Vbl][V][Intr][Opt][PRS][2Sg]
nuliini	nulugh-~:(ng₁)u[to.be.N][N→V]-~i[SBJ.V-ed.something][V→V]-~i[SBJ.V-ed.something][V→V]-~i[SBJ.V-ed.something][V→V]-~i[SBJ.V-ed.something][V→V]-@₁~fni[to.say.that.one.is.V-ing][Cmpd_Vbl][V][Intr][Opt][PRS][2Sg]
nuliini	nulugh-~:(ng₁)u[to.be.N][N→V]-~i[SBJ.V-ed.something][V→V]-~i[SBJ.V-ed.something][V→V]-~i[SBJ.V-ed.something][V→V]-~i[SBJ.V-ed.something][V→V]-~:(u)te[to.V.for.or.with][to.cause.to.V.as.one.is.V-ing][to.V.toward.each.other][V→V]-@₁~fni[to.say.that.one.is.V-ing][Cmpd_Vbl][V][Intr][Opt][PRS][2Sg]
nuliini	nulugh-~:(ng₁)u[to.be.N][N→V]-~i[SBJ.V-ed.something][V→V]-~i[SBJ.V-ed.something][V→V]-~i[SBJ.V-ed.something][V→V]-~i[SBJ.V-ed.something][V→V]-~:(u)te[SBJ.V-ed.something][V→V]-@₁~fni[to.say.that.one.is.V-ing][Cmpd_Vbl][V][Intr][Opt][PRS][2Sg]
nuliini	nulugh-~:(ng₁)u[to.be.N][N→V]-~i[SBJ.V-ed.something][V→V]-~i[SBJ.V-ed.something][V→V]-~i[SBJ.V-ed.something][V→V]-@₁~fni[to.say.that.one.is.V-ing][Cmpd_Vbl][V][Intr][Opt][PRS][2Sg]
nuliini	nulugh-~:(ng₁)u[to.be.N][N→V]-~i[SBJ.V-ed.something][V→V]-~i[SBJ.V-ed.something][V→V]-~i[SBJ.V-ed.something][V→V]-~:(u)te[to.V.for.or.with][to.cause.to.V.as.one.is.V-ing][to.V.toward.each.other][V→V]-@₁~fni[to.say.that.one.is.V-ing][Cmpd_Vbl][V][Intr][Opt][PRS][2Sg]
nuliini	nulugh-~:(ng₁)u[to.be.N][N→V]-~i[SBJ.V-ed.something][V→V]-~i[SBJ.V-ed.something][V→V]-~i[SBJ.V-ed.something][V→V]-~:(u)te[SBJ.V-ed.something][V→V]-@₁~fni[to.say.that.one.is.V-ing][Cmpd_Vbl][V][Intr][Opt][PRS][2Sg]
nuliini	nulugh-~:(ng₁)u[to.be.N][N→V]-~i[SBJ.V-ed.something][V→V]-~i[SBJ.V-ed.something][V→V]-@₁~fni[to.say.that.one.is.V-ing][Cmpd_Vbl][V][Intr][Opt][PRS][2Sg]
nuliini	nulugh-~:(ng₁)u[to.be.N][N→V]-~i[SBJ.V-ed.something][V→V]-~i[SBJ.V-ed.something][V→V]-~:(u)te[to.V.for.or.with][to.cause.to.V.as.one.is.V-ing][to.V.toward.each.other][V→V]-@₁~fni[to.say.that.one.is.V-ing][Cmpd_Vbl][V][Intr][Opt][PRS][2Sg]
nuliini	nulugh-~:(ng₁)u[to.be.N][N→V]-~i[SBJ.V-ed.something][V→V]-~i[SBJ.V-ed.something][V→V]-~:(u)te[SBJ.V-ed.something][V→V]-@₁~fni[to.say.that.one.is.V-ing][Cmpd_Vbl][V][Intr][Opt][PRS][2Sg]
nuliini	nulugh-~:(ng₁)u[to.be.N][N→V]-~i[SBJ.V-ed.something][V→V]-@₁~fni[to.say.that.one.is.V-ing][Cmpd_Vbl][V][Intr][Opt][PRS][2Sg]
nuliini	nulugh-~:(ng₁)u[to.be.N][N→V]-~i[SBJ.V-ed.something][V→V]-~:(u)te[to.V.for.or.with][to.cause.to.V.as.one.is.V-ing][to.V.toward.each.other][V→V]-@₁~fni[to.say.that.one.is.V-ing][Cmpd_Vbl][V][Intr][Opt][PRS][2Sg]
nuliini	nulugh-~:(ng₁)u[to.be.N][N→V]-~i[SBJ.V-ed.something][V→V]-~:(u)te[SBJ.V-ed.something][V→V]-@₁~fni[to.say.that.one.is.V-ing][Cmpd_Vbl][V][Intr][Opt][PRS][2Sg]

piiqaa	pi-~i[SBJ.V-ed.something][V→V]-~i[SBJ.V-ed.something][V→V]-~i[SBJ.V-ed.something][V→V]-~i[SBJ.V-ed.something][V→V]-~i[SBJ.V-ed.something][V→V]-te[to.act.on.so.as.to.cause.to.V][V→V]-te[to.act.on.so.as.to.cause.to.V][V→V]-te[to.act.on.so.as.to.cause.to.V][V→V]-te[to.act.on.so.as.to.cause.to.V][V→V]-te[to.act.on.so.as.to.cause.to.V][V→V]-te[to.act.on.so.as.to.cause.to.V][V→V]-@₁qugh[to.V.completely][V][Intr][Opt][PRS][2Sg]
piiqaa	pi-~i[SBJ.V-ed.something][V→V]-~i[SBJ.V-ed.something][V→V]-~i[SBJ.V-ed.something][V→V]-~i[SBJ.V-ed.something][V→V]-~i[SBJ.V-ed.something][V→V]-te[to.act.on.so.as.to.cause.to.V][V→V]-te[to.act.on.so.as.to.cause.to.V][V→V]-te[to.act.on.so.as.to.cause.to.V][V→V]-te[to.act.on.so.as.to.cause.to.V][V→V]-te[to.act.on.so.as.to.cause.to.V][V→V]-@₁qugh[to.V.completely][V][Intr][Opt][PRS][2Sg]
piiqaa	pi-~i[SBJ.V-ed.something][V→V]-~i[SBJ.V-ed.something][V→V]-~i[SBJ.V-ed.something][V→V]-~i[SBJ.V-ed.something][V→V]-~i[SBJ.V-ed.something][V→V]-te[to.act.on.so.as.to.cause.to.V][V→V]-te[to.act.on.so.as.to.cause.to.V][V→V]-te[to.act.on.so.as.to.cause.to.V][V→V]-te[to.act.on.so.as.to.cause.to.V][V→V]-@₁qugh[to.V.completely][V][Intr][Opt][PRS][2Sg]
piiqaa	pi-~i[SBJ.V-ed.something][V→V]-~i[SBJ.V-ed.something][V→V]-~i[SBJ.V-ed.something][V→V]-~i[SBJ.V-ed.something][V→V]-~i[SBJ.V-ed.something][V→V]-te[to.act.on.so.as.to.cause.to.V][V→V]-te[to.act.on.so.as.to.cause.to.V][V→V]-te[to.act.on.so.as.to.cause.to.V][V→V]-@₁qugh[to.V.completely][V][Intr][Opt][PRS][2Sg]
piiqaa	pi-~i[SBJ.V-ed.something][V→V]-~i[SBJ.V-ed.something][V→V]-~i[SBJ.V-ed.something][V→V]-~i[SBJ.V-ed.something][V→V]-~i[SBJ.V-ed.something][V→V]-te[to.act.on.so.as.to.cause.to.V][V→V]-te[to.act.on.so.as.to.cause.to.V][V→V]-@₁qugh[to.V.completely][V][Intr][Opt][PRS][2Sg]
piiqaa	pi-~i[SBJ.V-ed.something][V→V]-~i[SBJ.V-ed.something][V→V]-~i[SBJ.V-ed.something][V→V]-~i[SBJ.V-ed.something][V→V]-~i[SBJ.V-ed.something][V→V]-te[to.act.on.so.as.to.cause.to.V][V→V]-@₁qugh[to.V.completely][V][Intr][Opt][PRS][2Sg]
piiqaa	pi-~i[SBJ.V-ed.something][V→V]-~i[SBJ.V-ed.something][V→V]-~i[SBJ.V-ed.something][V→V]-~i[SBJ.V-ed.something][V→V]-~i[SBJ.V-ed.something][V→V]-@₁qugh[to.V.completely][V][Intr][Opt][PRS][2Sg]
piiqaa	pi-~i[SBJ.V-ed.something][V→V]-~i[SBJ.V-ed.something][V→V]-~i[SBJ.V-ed.something][V→V]-~i[SBJ.V-ed.something][V→V]-te[to.act.on.so.as.to.cause.to.V][V→V]-te[to.act.on.so.as.to.cause.to.V][V→V]-te[to.act.on.so.as.to.cause.to.V][V→V]-te[to.act.on.so.as.to.cause.to.V][V→V]-te[to.act.on.so.as.to.cause.to.V][V→V]-@₁qugh[to.V.completely][V][Intr][Opt][PRS][2Sg]
piiqaa	pi-~i[SBJ.V-ed.something][V→V]-~i[SBJ.V-ed.something][V→V]-~i[SBJ.V-ed.something][V→V]-~i[SBJ.V-ed.something][V→V]-te[to.act.on.so.as.to.cause.to.V][V→V]-te[to.act.on.so.as.to.cause.to.V][V→V]-te[to.act.on.so.as.to.cause.to.V][V→V]-te[to.act.on.so.as.to.cause.to.V][V→V]-@₁qugh[to.V.completely][V][Intr][Opt][PRS][2Sg]
piiqaa	pi-~i[SBJ.V-ed.something][V→V]-~i[SBJ.V-ed.something][V→V]-~i[SBJ.V-ed.something][V→V]-~i[SBJ.V-ed.something][V→V]-te[to.act.on.so.as.to.cause.to.V][V→V]-te[to.act.on.so.as.to.cause.to.V][V→V]-te[to.act.on.so.as.to.cause.to.V][V→V]-@₁qugh[to.V.completely][V][Intr][Opt][PRS][2Sg]
piiqaa	pi-~i[SBJ.V-ed.something][V→V]-~i[SBJ.V-ed.something][V→V]-~i[SBJ.V-ed.something][V→V]-~i[SBJ.V-ed.something][V→V]-te[to.act.on.so.as.to.cause.to.V][V→V]-te[to.act.on.so.as.to.cause.to.V][V→V]-@₁qugh[to.V.completely][V][Intr][Opt][PRS][2Sg]
piiqaa	pi-~i[SBJ.V-ed.something][V→V]-~i[SBJ.V-ed.something][V→V]-~i[SBJ.V-ed.something][V→V]-~i[SBJ.V-ed.something][V→V]-te[to.act.on.so.as.to.cause.to.V][V→V]-@₁qugh[to.V.completely][V][Intr][Opt][PRS][2Sg]
piiqaa	pi-~i[SBJ.V-ed.something][V→V]-~i[SBJ.V-ed.something][V→V]-~i[SBJ.V-ed.something][V→V]-~i[SBJ.V-ed.something][V→V]-~:(u)te[to.V.for.or.with][to.cause.to.V.as.one.is.V-ing][to.V.toward.each.other][V→V]-te[to.act.on.so.as.to.cause.to.V][V→V]-te[to.act.on.so.as.to.cause.to.V][V→V]-te[to.act.on.so.as.to.cause.to.V][V→V]-te[to.act.on.so.as.to.cause.to.V][V→V]-te[to.act.on.so.as.to.cause.to.V][V→V]-@₁qugh[to.V.completely][V][Intr][Opt][PRS][2Sg]
piiqaa	pi-~i[SBJ.V-ed.something][V→V]-~i[SBJ.V-ed.something][V→V]-~i[SBJ.V-ed.something][V→V]-~i[SBJ.V-ed.something][V→V]-~:(u)te[to.V.for.or.with][to.cause.to.V.as.one.is.V-ing][to.V.toward.each.other][V→V]-te[to.act.on.so.as.to.cause.to.V][V→V]-te[to.act.on.so.as.to.cause.to.V][V→V]-te[to.act.on.so.as.to.cause.to.V][V→V]-te[to.act.on.so.as.to.cause.to.V][V→V]-@₁qugh[to.V.completely][V][Intr][Opt][PRS][2Sg]
piiqaa	pi-~i[SBJ.V-ed.something][V→V]-~i[SBJ.V-ed.something][V→V]-~i[SBJ.V-ed.something][V→V]-~i[SBJ.V-ed.something][V→V]-~:(u)te[to.V.for.or.with][to.cause.to.V.as.one.is.V-ing][to.V.toward.each.other][V→V]-te[to.act.on.so.as.to.cause.to.V][V→V]-te[to.act.on.so.as.to.cause.to.V][V→V]-te[to.act.on.so.as.to.cause.to.V][V→V]-@₁qugh[to.V.completely][V][Intr][Opt][PRS][2Sg]
piiqaa	pi-~i[SBJ.V-ed.something][V→V]-~i[SBJ.V-ed.something][V→V]-~i[SBJ.V-ed.something][V→V]-~i[SBJ.V-ed.something][V→V]-~:(u)te[to.V.for.or.with][to.cause.to.V.as.one.is.V-ing][to.V.toward.each.other][V→V]-te[to.act.on.so.as.to.cause.to.V][V→V]-te[to.act.on.so.as.to.cause.to.V][V→V]-@₁qugh[to.V.completely][V][Intr][Opt][PRS][2Sg]
piiqaa	pi-~i[SBJ.V-ed.something][V→V]-~i[SBJ.V-ed.something][V→V]-~i[SBJ.V-ed.something][V→V]-~i[SBJ.V-ed.something][V→V]-~:(u)te[to.V.for.or.with][to.cause.to.V.as.one.is.V-ing][to.V.toward.each.other][V→V]-te[to.act.on.so.as.to.cause.to.V][V→V]-@₁qugh[to.V.completely][V][Intr][Opt][PRS][2Sg]
piiqaa	pi-~i[SBJ.V-ed.something][V→V]-~i[SBJ.V-ed.something][V→V]-~i[SBJ.V-ed.something][V→V]-~i[SBJ.V-ed.something][V→V]-~:(u)te[to.V.for.or.with][to.cause.to.V.as.one.is.V-ing][to.V.toward.each.other][V→V]-@₁qugh[to.V.completely][V][Intr][Opt][PRS][2Sg]
piiqaa	pi-~i[SBJ.V-ed.something][V→V]-~i[SBJ.V-ed.something][V→V]-~i[SBJ.V-ed.something][V→V]-~i[SBJ.V-ed.something][V→V]-~:(u)te[condition.with.respect.to.V-ing][V→N]-te[to.catch.N][to.go.to.N][N→V]-te[to.act.on.so.as.to.cause.to.V][V→V]-te[to.act.on.so.as.to.cause.to.V][V→V]-te[to.act.on.so.as.to.cause.to.V][V→V]-te[to.act.on.so.as.to.cause.to.V][V→V]-@₁qugh[to.V.completely][V][Intr][Opt][PRS][2Sg]
piiqaa	pi-~i[SBJ.V-ed.something][V→V]-~i[SBJ.V-ed.something][V→V]-~i[SBJ.V-ed.something][V→V]-~i[SBJ.V-ed.something][V→V]-~:(u)te[condition.with.respect.to.V-ing][V→N]-te[to.catch.N][to.go.to.N][N→V]-te[to.act.on.so.as.to.cause.to.V][V→V]-te[to.act.on.so.as.to.cause.to.V][V→V]-te[to.act.on.so.as.to.cause.to.V][V→V]-@₁qugh[to.V.completely][V][Intr][Opt][PRS][2Sg]
piiqaa	pi-~i[SBJ.V-ed.something][V→V]-~i[SBJ.V-ed.something][V→V]-~i[SBJ.V-ed.something][V→V]-~i[SBJ.V-ed.something][V→V]-~:(u)te[condition.with.respect.to.V-ing][V→N]-te[to.catch.N][to.go.to.N][N→V]-te[to.act.on.so.as.to.cause.to.V][V→V]-te[to.act.on.so.as.to.cause.to.V][V→V]-@₁qugh[to.V.completely][V][Intr][Opt][PRS][2Sg]
piiqaa	pi-~i[SBJ.V-ed.something][V→V]-~i[SBJ.V-ed.something][V→V]-~i[SBJ.V-ed.something][V→V]-~i[SBJ.V-ed.something][V→V]-~:(u)te[condition.with.respect.to.V-ing][V→N]-te[to.catch.N][to.go.to.N][N→V]-te[to.act.on.so.as.to.cause.to.V][V→V]-@₁qugh[to.V.completely][V][Intr][Opt][PRS][2Sg]
piiqaa	pi-~i[SBJ.V-ed.something][V→V]-~i[SBJ.V-ed.something][V→V]-~i[SBJ.V-ed.something][V→V]-~i[SBJ.V-ed.something][V→V]-~:(u)te[condition.with.respect.to.V-ing][V→N]-te[to.catch.N][to.go.to.N][N→V]-@₁qugh[to.V.completely][V][Intr][Opt][PRS][2Sg]
piiqaa	pi-~i[SBJ.V-ed.something][V→V]-~i[SBJ.V-ed.something][V→V]-~i[SBJ.V-ed.something][V→V]-~i[SBJ.V-ed.something][V→V]-~:(u)te[SBJ.V-ed.something][V→V]-te[to.act.on.so.as.to.cause.to.V][V→V]-te[to.act.on.so.as.to.cause.to.V][V→V]-te[to.act.on.so.as.to.cause.to.V][V→V]-te[to.act.on.so.as.to.cause.to.V][V→V]-te[to.act.on.so.as.to.cause.to.V][V→V]-@₁qugh[to.V.completely][V][Intr][Opt][PRS][2Sg]
piiqaa	pi-~i[SBJ.V-ed.something][V→V]-~i[SBJ.V-ed.something][V→V]-~i[SBJ.V-ed.something][V→V]-~i[SBJ.V-ed.something][V→V]-~:(u)te[SBJ.V-ed.something][V→V]-te[to.act.on.so.as.to.cause.to.V][V→V]-te[to.act.on.so.as.to.cause.to.V][V→V]-te[to.act.on.so.as.to.cause.to.V][V→V]-te[to.act.on.so.as.to.cause.to.V][V→V]-@₁qugh[to.V.completely][V][Intr][Opt][PRS][2Sg]
piiqaa	pi-~i[SBJ.V-ed.something][V→V]-~i[SBJ.V-ed.something][V→V]-~i[SBJ.V-ed.something][V→V]-~i[SBJ.V-ed.something][V→V]-~:(u)te[SBJ.V-ed.something][V→V]-te[to.act.on.so.as.to.cause.to.V][V→V]-te[to.act.on.so.as.to.cause.to.V][V→V]-te[to.act.on.so.as.to.cause.to.V][V→V]-@₁qugh[to.V.completely][V][Intr][Opt][PRS][2Sg]
piiqaa	pi-~i[SBJ.V-ed.something][V→V]-~i[SBJ.V-ed.something][V→V]-~i[SBJ.V-ed.something][V→V]-~i[SBJ.V-ed.something][V→V]-~:(u)te[SBJ.V-ed.something][V→V]-te[to.act.on.so.as.to.cause.to.V][V→V]-te[to.act.on.so.as.to.cause.to.V][V→V]-@₁qugh[to.V.completely][V][Intr][Opt][PRS][2Sg]
piiqaa	pi-~i[SBJ.V-ed.something][V→V]-~i[SBJ.V-ed.something][V→V]-~i[SBJ.V-ed.something][V→V]-~i[SBJ.V-ed.something][V→V]-~:(u)te[SBJ.V-ed.something][V→V]-te[to.act.on.so.as.to.cause.to.V][V→V]-@₁qugh[to.V.completely][V][Intr][Opt][PRS][2Sg]
piiqaa	pi-~i[SBJ.V-ed.something][V→V]-~i[SBJ.V-ed.something][V→V]-~i[SBJ.V-ed.something][V→V]-~i[SBJ.V-ed.something][V→V]-~:(u)te[SBJ.V-ed.something][V→V]-@₁qugh[to.V.completely][V][Intr][Opt][PRS][2Sg]
piiqaa	pi-~i[SBJ.V-ed.something][V→V]-~i[SBJ.V-ed.something][V→V]-~i[SBJ.V-ed.something][V→V]-~i[SBJ.V-ed.something][V→V]-@₁qugh[to.V.completely][V][Intr][Opt][PRS][2Sg]
piiqaa	pi-~i[SBJ.V-ed.something][V→V]-~i[SBJ.V-ed.something][V→V]-~i[SBJ.V-ed.something][V→V]-te[to.act.on.so.as.to.cause.to.V][V→V]-te[to.act.on.so.as.to.cause.to.V][V→V]-te[to.act.on.so.as.to.cause.to.V][V→V]-te[to.act.on.so.as.to.cause.to.V][V→V]-@₁qugh[to.V.completely][V][Intr][Opt][PRS][2Sg]
piiqaa	pi-~i[SBJ.V-ed.something][V→V]-~i[SBJ.V-ed.something][V→V]-~i[SBJ.V-ed.something][V→V]-te[to.act.on.so.as.to.cause.to.V][V→V]-te[to.act.on.so.as.to.cause.to.V][V→V]-te[to.act.on.so.as.to.cause.to.V][V→V]-@₁qugh[to.V.completely][V][Intr][Opt][PRS][2Sg]
piiqaa	pi-~i[SBJ.V-ed.something][V→V]-~i[SBJ.V-ed.something][V→V]-~i[SBJ.V-ed.something][V→V]-te[to.act.on.so.as.to.cause.to.V][V→V]-te[to.act.on.so.as.to.cause.to.V][V→V]-@₁qugh[to.V.completely][V][Intr][Opt][PRS][2Sg]
piiqaa	pi-~i[SBJ.V-ed.something][V→V]-~i[SBJ.V-ed.something][V→V]-~i[SBJ.V-ed.something][V→V]-te[to.act.on.so.as.to.cause.to.V][V→V]-@₁qugh[to.V.completely][V][Intr][Opt][PRS][2Sg]
piiqaa	pi-~i[SBJ.V-ed.something][V→V]-~i[SBJ.V-ed.something][V→V]-~i[SBJ.V-ed.something][V→V]-~:(u)te[to.V.for.or.with][to.cause.to.V.as.one.is.V-ing][to.V.toward.each.other][V→V]-te[to.act.on.so.as.to.cause.to.V][V→V]-te[to.act.on.so.as.to.cause.to.V][V→V]-te[to.act.on.so.as.to.cause.to.V][V→V]-te[to.act.on.so.as.to.cause.to.V][V→V]-@₁qugh[to.V.completely][V][Intr][Opt][PRS][2Sg]
piiqaa	pi-~i[SBJ.V-ed.something][V→V]-~i[SBJ.V-ed.something][V→V]-~i[SBJ.V-ed.something][V→V]-~:(u)te[to.V.for.or.with][to.cause.to.V.as.one.is.V-ing][to.V.toward.each.other][V→V]-te[to.act.on.so.as.to.cause.to.V][V→V]-te[to.act.on.so.as.to.cause.to.V][V→V]-te[to.act.on.so.as.to.cause.to.V][V→V]-@₁qugh[to.V.completely][V][Intr][Opt][PRS][2Sg]
piiqaa	pi-~i[SBJ.V-ed.something][V→V]-~i[SBJ.V-ed.something][V→V]-~i[SBJ.V-ed.something][V→V]-~:(u)te[to.V.for.or.with][to.cause.to.V.as.one.is.V-ing][to.V.toward.each.other][V→V]-te[to.act.on.so.as.to.cause.to.V][V→V]-te[to.act.on.so.as.to.cause.to.V][V→V]-@₁qugh[to.V.completely][V][Intr][Opt][PRS][2Sg]
piiqaa	pi-~i[SBJ.V-ed.something][V→V]-~i[SBJ.V-ed.something][V→V]-~i[SBJ.V-ed.something][V→V]-~:(u)te[to.V.for.or.with][to.cause.to.V.as.one.is.V-ing][to.V.toward.each.other][V→V]-te[to.act.on.so.as.to.cause.to.V][V→V]-@₁qugh[to.V.completely][V][Intr][Opt][PRS][2Sg]
piiqaa	pi-~i[SBJ.V-ed.something][V→V]-~i[SBJ.V-ed.something][V→V]-~i[SBJ.V-ed.something][V→V]-~:(u)te[to.V.for.or.with][to.cause.to.V.as.one.is.V-ing][to.V.toward.each.other][V→V]-@₁qugh[to.V.completely][V][Intr][Opt][PRS][2Sg]
piiqaa	pi-~i[SBJ.V-ed.something][V→V]-~i[SBJ.V-ed.something][V→V]-~i[SBJ.V-ed.something][V→V]-~:(u)te[condition.with.respect.to.V-ing][V→N]-te[to.catch.N][to.go.to.N][N→V]-te[to.act.on.so.as.to.cause.to.V][V→V]-te[to.act.on.so.as.to.cause.to.V][V→V]-te[to.act.on.so.as.to.cause.to.V][V→V]-@₁qugh[to.V.completely][V][Intr][Opt][PRS][2Sg]
piiqaa	pi-~i[SBJ.V-ed.something][V→V]-~i[SBJ.V-ed.something][V→V]-~i[SBJ.V-ed.something][V→V]-~:(u)te[condition.with.respect.to.V-ing][V→N]-te[to.catch.N][to.go.to.N][N→V]-te[to.act.on.so.as.to.cause.to.V][V→V]-te[to.act.on.so.as.to.cause.to.V][V→V]-@₁qugh[to.V.completely][V][Intr][Opt][PRS][2Sg]
piiqaa	pi-~i[SBJ.V-ed.something][V→V]-~i[SBJ.V-ed.something][V→V]-~i[SBJ.V-ed.something][V→V]-~:(u)te[condition.with.respect.to.V-ing][V→N]-te[to.catch.N][to.go.to.N][N→V]-te[to.act.on.so.as.to.cause.to.V][V→V]-@₁qugh[to.V.completely][V][Intr][Opt][PRS][2Sg]
piiqaa	pi-~i[SBJ.V-ed.something][V→V]-~i[SBJ.V-ed.something][V→V]-~i[SBJ.V-ed.something][V→V]-~:(u)te[condition.with.respect.to.V-ing][V→N]-te[to.catch.N][to.go.to.N][N→V]-@₁qugh[to.V.completely][V][Intr][Opt][PRS][2Sg]
piiqaa	pi-~i[SBJ.V-ed.something][V→V]-~i[SBJ.V-ed.something][V→V]-~i[SBJ.V-ed.something][V→V]-~:(u)te[SBJ.V-ed.something][V→V]-te[to.act.on.so.as.to.cause.to.V][V→V]-te[to.act.on.so.as.to.cause.to.V][V→V]-te[to.act.on.so.as.to.cause.to.V][V→V]-te[to.act.on.so.as.to.cause.to.V][V→V]-@₁qugh[to.V.completely][V][Intr][Opt][PRS][2Sg]
piiqaa	pi-~i[SBJ.V-ed.something][V→V]-~i[SBJ.V-ed.something][V→V]-~i[SBJ.V-ed.something][V→V]-~:(u)te[SBJ.V-ed.something][V→V]-te[to.act.on.so.as.to.cause.to.V][V→V]-te[to.act.on.so.as.to.cause.to.V][V→V]-te[to.act.on.so.as.to.cause.to.V][V→V]-@₁qugh[to.V.completely][V][Intr][Opt][PRS][2Sg]
piiqaa	pi-~i[SBJ.V-ed.something][V→V]-~i[SBJ.V-ed.something][V→V]-~i[SBJ.V-ed.something][V→V]-~:(u)te[SBJ.V-ed.something][V→V]-te[to.act.on.so.as.to.cause.to.V][V→V]-te[to.act.on.so.as.to.cause.to.V][V→V]-@₁qugh[to.V.completely][V][Intr][Opt][PRS][2Sg]
piiqaa	pi-~i[SBJ.V-ed.something][V→V]-~i[SBJ.V-ed.something][V→V]-~i[SBJ.V-ed.something][V→V]-~:(u)te[SBJ.V-ed.something][V→V]-te[to.act.on.so.as.to.cause.to.V][V→V]-@₁qugh[to.V.completely][V][Intr][Opt][PRS][2Sg]
piiqaa	pi-~i[SBJ.V-ed.something][V→V]-~i[SBJ.V-ed.something][V→V]-~i[SBJ.V-ed.something][V→V]-~:(u)te[SBJ.V-ed.something][V→V]-@₁qugh[to.V.completely][V][Intr][Opt][PRS][2Sg]
piiqaa	pi-~i[SBJ.V-ed.something][V→V]-~i[SBJ.V-ed.something][V→V]-~i[SBJ.V-ed.something][V→V]-@₁qugh[to.V.completely][V][Intr][Opt][PRS][2Sg]
piiqaa	pi-~i[SBJ.V-ed.something][V→V]-~i[SBJ.V-ed.something][V→V]-te[to.act.on.so.as.to.cause.to.V][V→V]-te[to.act.on.so.as.to.cause.to.V][V→V]-te[to.act.on.so.as.to.cause.to.V][V→V]-@₁qugh[to.V.completely][V][Intr][Opt][PRS][2Sg]
piiqaa	pi-~i[SBJ.V-ed.something][V→V]-~i[SBJ.V-ed.something][V→V]-te[to.act.on.so.as.to.cause.to.V][V→V]-te[to.act.on.so.as.to.cause.to.V][V→V]-@₁qugh[to.V.completely][V][Intr][Opt][PRS][2Sg]
piiqaa	pi-~i[SBJ.V-ed.something][V→V]-~i[SBJ.V-ed.something][V→V]-te[to.act.on.so.as.to.cause.to.V][V→V]-@₁qugh[to.V.completely][V][Intr][Opt][PRS][2Sg]
piiqaa	pi-~i[SBJ.V-ed.something][V→V]-~i[SBJ.V-ed.something][V→V]-~:(u)te[to.V.for.or.with][to.cause.to.V.as.one.is.V-ing][to.V.toward.each.other][V→V]-te[to.act.on.so.as.to.cause.to.V][V→V]-te[to.act.on.so.as.to.cause.to.V][V→V]-te[to.act.on.so.as.to.cause.to.V][V→V]-@₁qugh[to.V.completely][V][Intr][Opt][PRS][2Sg]
piiqaa	pi-~i[SBJ.V-ed.something][V→V]-~i[SBJ.V-ed.something][V→V]-~:(u)te[to.V.for.or.with][to.cause.to.V.as.one.is.V-ing][to.V.toward.each.other][V→V]-te[to.act.on.so.as.to.cause.to.V][V→V]-te[to.act.on.so.as.to.cause.to.V][V→V]-@₁qugh[to.V.completely][V][Intr][Opt][PRS][2Sg]
piiqaa	pi-~i[SBJ.V-ed.something][V→V]-~i[SBJ.V-ed.something][V→V]-~:(u)te[to.V.for.or.with][to.cause.to.V.as.one.is.V-ing][to.V.toward.each.other][V→V]-te[to.act.on.so.as.to.cause.to.V][V→V]-@₁qugh[to.V.completely][V][Intr][Opt][PRS][2Sg]
piiqaa	pi-~i[SBJ.V-ed.something][V→V]-~i[SBJ.V-ed.something][V→V]-~:(u)te[to.V.for.or.with][to.cause.to.V.as.one.is.V-ing][to.V.toward.each.other][V→V]-@₁qugh[to.V.completely][V][Intr][Opt][PRS][2Sg]
piiqaa	pi-~i[SBJ.V-ed.something][V→V]-~i[SBJ.V-ed.something][V→V]-~:(u)te[condition.with.respect.to.V-ing][V→N]-te[to.catch.N][to.go.to.N][N→V]-te[to.act.on.so.as.to.cause.to.V][V→V]-te[to.act.on.so.as.to.cause.to.V][V→V]-@₁qugh[to.V.completely][V][Intr][Opt][PRS][2Sg]
piiqaa	pi-~i[SBJ.V-ed.something][V→V]-~i[SBJ.V-ed.something][V→V]-~:(u)te[condition.with.respect.to.V-ing][V→N]-te[to.catch.N][to.go.to.N][N→V]-te[to.act.on.so.as.to.cause.to.V][V→V]-@₁qugh[to.V.completely][V][Intr][Opt][PRS][2Sg]
piiqaa	pi-~i[SBJ.V-ed.something][V→V]-~i[SBJ.V-ed.something][V→V]-~:(u)te[condition.with.respect.to.V-ing][V→N]-te[to.catch.N][to.go.to.N][N→V]-@₁qugh[to.V.completely][V][Intr][Opt][PRS][2Sg]
piiqaa	pi-~i[SBJ.V-ed.something][V→V]-~i[SBJ.V-ed.something][V→V]-~:(u)te[SBJ.V-ed.something][V→V]-te[to.act.on.so.as.to.cause.to.V][V→V]-te[to.act.on.so.as.to.cause.to.V][V→V]-te[to.act.on.so.as.to.cause.to.V][V→V]-@₁qugh[to.V.completely][V][Intr][Opt][PRS][2Sg]
piiqaa	pi-~i[SBJ.V-ed.something][V→V]-~i[SBJ.V-ed.something][V→V]-~:(u)te[SBJ.V-ed.something][V→V]-te[to.act.on.so.as.to.cause.to.V][V→V]-te[to.act.on.so.as.to.cause.to.V][V→V]-@₁qugh[to.V.completely][V][Intr][Opt][PRS][2Sg]
piiqaa	pi-~i[SBJ.V-ed.something][V→V]-~i[SBJ.V-ed.something][V→V]-~:(u)te[SBJ.V-ed.something][V→V]-te[to.act.on.so.as.to.cause.to.V][V→V]-@₁qugh[to.V.completely][V][Intr][Opt][PRS][2Sg]
piiqaa	pi-~i[SBJ.V-ed.something][V→V]-~i[SBJ.V-ed.something][V→V]-~:(u)te[SBJ.V-ed.something][V→V]-@₁qugh[to.V.completely][V][Intr][Opt][PRS][2Sg]
piiqaa	pi-~i[SBJ.V-ed.something][V→V]-~i[SBJ.V-ed.something][V→V]-@₁qugh[to.V.completely][V][Intr][Opt][PRS][2Sg]
piiqaa	pi-~(g₁)aqe[to.be.V.ing][to.regularly.or.repeatedly.V][V→V][V][Intr][Intrg][3Sg]
piiqaa	pi-~(g₁)aqe[to.be.V.ing][to.regularly.or.repeatedly.V][V→V][V][Trns][Ind][3Sg][3Sg]
piiqaa	pi-~i[SBJ.V-ed.something][V→V]-te[to.act.on.so.as.to.cause.to.V][V→V]-te[to.act.on.so.as.to.cause.to.V][V→V]-@₁qugh[to.V.completely][V][Intr][Opt][PRS][2Sg]
piiqaa	pi-~i[SBJ.V-ed.something][V→V]-te[to.act.on.so.as.to.cause.to.V][V→V]-@₁qugh[to.V.completely][V][Intr][Opt][PRS][2Sg]
piiqaa	pi-~i[SBJ.V-ed.something][V→V]-~:(u)te[to.V.for.or.with][to.cause.to.V.as.one.is.V-ing][to.V.toward.each.other][V→V]-te[to.act.on.so.as.to.cause.to.V][V→V]-te[to.act.on.so.as.to.cause.to.V][V→V]-@₁qugh[to.V.completely][V][Intr][Opt][PRS][2Sg]
piiqaa	pi-~i[SBJ.V-ed.something][V→V]-~:(u)te[to.V.for.or.with][to.cause.to.V.as.one.is.V-ing][to.V.toward.each.other][V→V]-te[to.act.on.so.as.to.cause.to.V][V→V]-@₁qugh[to.V.completely][V][Intr][Opt][PRS][2Sg]
piiqaa	pi-~i[SBJ.V-ed.something][V→V]-~:(u)te[to.V.for.or.with][to.cause.to.V.as.one.is.V-ing][to.V.toward.each.other][V→V]-@₁qugh[to.V.completely][V][Intr][Opt][PRS][2Sg]
piiqaa	pi-~i[SBJ.V-ed.something][V→V]-~:(u)te[condition.with.respect.to.V-ing][V→N]-te[to.catch.N][to.go.to.N][N→V]-te[to.act.on.so.as.to.cause.to.V][V→V]-@₁qugh[to.V.completely][V][Intr][Opt][PRS][2Sg]
piiqaa	pi-~i[SBJ.V-ed.something][V→V]-~:(u)te[condition.with.respect.to.V-ing][V→N]-te[to.catch.N][to.go.to.N][N→V]-@₁qugh[to.V.completely][V][Intr][Opt][PRS][2Sg]
piiqaa	pi-~i[SBJ.V-ed.something][V→V]-~:(u)te[SBJ.V-ed.something][V→V]-te[to.act.on.so.as.to.cause.to.V][V→V]-te[to.act.on.so.as.to.cause.to.V][V→V]-@₁qugh[to.V.completely][V][Intr][Opt][PRS][2Sg]
piiqaa	pi-~i[SBJ.V-ed.something][V→V]-~:(u)te[SBJ.V-ed.something][V→V]-te[to.act.on.so.as.to.cause.to.V][V→V]-@₁qugh[to.V.completely][V][Intr][Opt][PRS][2Sg]
piiqaa	pi-~i[SBJ.V-ed.something][V→V]-~:(u)te[SBJ.V-ed.something][V→V]-@₁qugh[to.V.completely][V][Intr][Opt][PRS][2Sg]
piiqaa	pi-~i[SBJ.V-ed.something][V→V]-@₁qugh[to.V.completely][V][Intr][Opt][PRS][2Sg]
piiqaa	piigh-~–ke[to.have.as.one's.N(s)][N→V][V][Intr][Intrg][3Sg]

enta	enta

saguyagka	saguyagh[N][Abs][1SgPoss][DuPosd]

tagivaghqek	+?

------------------------
Nulighhan tuunaqaak.

nulighhan	nulighh[N][Rel][3SgPoss][SgPosd]
nulighhan	nulighh[N][Rel][3SgPoss][PlPosd]

tuunaqaak	+?

------------------------
Kaagtuusimagkenka uzivaquq ilagaghaquq uzivutkelluku.

kaagtuusimagkenka	+?

uzivaquq	+?

ilagaghaquq	ilagagh-~(g₁)aqe[to.be.V.ing][to.regularly.or.repeatedly.V][V→V][V][Intr][Ind][3Sg]

uzivutkelluku	+?

------------------------
Ilaganeghmeng taaqneghmini mekelghiighhaat piiqii, "Qaagna nanevgaq ungipaaqughteggu.

ilaganeghmeng	ilagagh-@₁–negh[the.act.or.activity.of.V-ing][V→N][N][Rel][4DuPoss][SgPosd]
ilaganeghmeng	ilagagh-@₁–negh[the.act.or.activity.of.V-ing][V→N][N][Rel][4DuPoss][PlPosd]
ilaganeghmeng	ilagagh-@₁–negh[the.act.or.activity.of.V-ing][V→N][N][Rel][4PlPoss][SgPosd]
ilaganeghmeng	ilagagh-@₁–negh[the.act.or.activity.of.V-ing][V→N][N][Rel][4PlPoss][PlPosd]
ilaganeghmeng	ilagagh-@₁–negh[the.act.or.activity.of.V-ing][V→N][N][Abl_Mod][Unpd][Sg]
ilaganeghmeng	ilagagh[V][Intr][Ctmp][4Pl]

taaqneghmini	+?

mekelghiighhaat	mekelghiigh-–ghhagh*[dear.N][N→N][N][Abs][Unpd][Pl]
mekelghiighhaat	mekelghiigh-–ghhagh*[dear.N][N→N][N][Abs][3PlPoss][SgPosd]
mekelghiighhaat	mekelghiigh-–ghhagh*[dear.N][N→N][N][Rel][Unpd][Pl]

piiqii	pi-~(g₁)aqe[to.be.V.ing][to.regularly.or.repeatedly.V][V→V]-~i[SBJ.V-ed.something][V→V]-~i[SBJ.V-ed.something][V→V]-~i[SBJ.V-ed.something][V→V]-~i[SBJ.V-ed.something][V→V]-~i[SBJ.V-ed.something][V→V][V][Intr][Opt][PRS][2Sg]
piiqii	pi-~(g₁)aqe[to.be.V.ing][to.regularly.or.repeatedly.V][V→V]-~i[SBJ.V-ed.something][V→V]-~i[SBJ.V-ed.something][V→V]-~i[SBJ.V-ed.something][V→V]-~i[SBJ.V-ed.something][V→V][V][Intr][Opt][PRS][2Sg]
piiqii	pi-~(g₁)aqe[to.be.V.ing][to.regularly.or.repeatedly.V][V→V]-~i[SBJ.V-ed.something][V→V]-~i[SBJ.V-ed.something][V→V]-~i[SBJ.V-ed.something][V→V][V][Intr][Opt][PRS][2Sg]
piiqii	pi-~(g₁)aqe[to.be.V.ing][to.regularly.or.repeatedly.V][V→V]-~i[SBJ.V-ed.something][V→V]-~i[SBJ.V-ed.something][V→V][V][Intr][Opt][PRS][2Sg]
piiqii	pi-~(g₁)aqe[to.be.V.ing][to.regularly.or.repeatedly.V][V→V]-~i[SBJ.V-ed.something][V→V][V][Intr][Intrg][3Sg]
piiqii	pi-~(g₁)aqe[to.be.V.ing][to.regularly.or.repeatedly.V][V→V][V][Trns][Ind][3Sg][3Pl]
piiqii	piigh-~–ke[to.have.as.one's.N(s)][N→V]-~i[SBJ.V-ed.something][V→V]-~i[SBJ.V-ed.something][V→V]-~i[SBJ.V-ed.something][V→V]-~i[SBJ.V-ed.something][V→V]-~i[SBJ.V-ed.something][V→V][V][Intr][Opt][PRS][2Sg]
piiqii	piigh-~–ke[to.have.as.one's.N(s)][N→V]-~i[SBJ.V-ed.something][V→V]-~i[SBJ.V-ed.something][V→V]-~i[SBJ.V-ed.something][V→V]-~i[SBJ.V-ed.something][V→V][V][Intr][Opt][PRS][2Sg]
piiqii	piigh-~–ke[to.have.as.one's.N(s)][N→V]-~i[SBJ.V-ed.something][V→V]-~i[SBJ.V-ed.something][V→V]-~i[SBJ.V-ed.something][V→V][V][Intr][Opt][PRS][2Sg]
piiqii	piigh-~–ke[to.have.as.one's.N(s)][N→V]-~i[SBJ.V-ed.something][V→V]-~i[SBJ.V-ed.something][V→V][V][Intr][Opt][PRS][2Sg]
piiqii	piigh-~–ke[to.have.as.one's.N(s)][N→V]-~i[SBJ.V-ed.something][V→V][V][Intr][Intrg][3Sg]

qaagna	qaagna
qaagna	qaagna[N][Abs][Unpd][Sg]

nanevgaq	nanevgagh[N][Abs][Unpd][Sg]

ungipaaqughteggu	ungipaate-@₁qugh[to.V.completely][V][Trns][Opt][PRS][2Pl][3Sg]
ungipaaqughteggu	ungipaate-@₁qugh[to.V.completely]-te[to.act.on.so.as.to.cause.to.V][V→V][V][Trns][Intrg][2Pl][3Sg]

------------------------
Legan whaten pinakesi, 'Wu-wuu-u-huu-uu, wu-wu-u-huu-uu, neghsaghyaghiitusi, pugneghyaghiitusi, iqallugyaghiitusi, tengugyaghiitusi, akutaghyaghiitusi.

legan	legan

whaten	wha[N][Abs][2SgPoss][PlPosd]
whaten	whaten
whaten	wha-te[to.catch.N][to.go.to.N][N→V][V][Intr][Opt][PRS][2Sg]
whaten	wha[N][Abs][2SgPoss][PlPosd]

pinakesi	pi-@₁~fna[in.order.to.V][intending.to.V][V→V]-@*@₂~sf–(g₂)k(a)e[the.one.that.possessor.V-ed][V→N][N][Abs][2PlPoss][PlPosd]
pinakesi	pi-~:(u)te[to.V.for.or.with][to.cause.to.V.as.one.is.V-ing][to.V.toward.each.other][V→V]-@₁~fna[in.order.to.V][intending.to.V][V→V]-@*@₂~sf–(g₂)k(a)e[the.one.that.possessor.V-ed][V→N][N][Abs][2PlPoss][PlPosd]
pinakesi	pi-~:(u)te[SBJ.V-ed.something][V→V]-@₁~fna[in.order.to.V][intending.to.V][V→V]-@*@₂~sf–(g₂)k(a)e[the.one.that.possessor.V-ed][V→N][N][Abs][2PlPoss][PlPosd]

wuwuuuhuuuu	+?

wuwuuhuuuu	+?

neghsaghyaghiitusi	negh-te[to.act.on.so.as.to.cause.to.V][V→V]-@₁~fyagh[to.go.V-ing][to.V.in.vain][V→V]-@₁~fyagh[to.go.V-ing][to.V.in.vain][V→V]-~i[SBJ.V-ed.something][V→V]-~i[SBJ.V-ed.something][V→V]-~i[SBJ.V-ed.something][V→V]-~i[SBJ.V-ed.something][V→V]-te[to.act.on.so.as.to.cause.to.V][V→V][V][Intr][Ind][2Pl]
neghsaghyaghiitusi	negh-te[to.act.on.so.as.to.cause.to.V][V→V]-@₁~fyagh[to.go.V-ing][to.V.in.vain][V→V]-@₁~fyagh[to.go.V-ing][to.V.in.vain][V→V]-~i[SBJ.V-ed.something][V→V]-~i[SBJ.V-ed.something][V→V]-~i[SBJ.V-ed.something][V→V]-~:(u)te[to.V.for.or.with][to.cause.to.V.as.one.is.V-ing][to.V.toward.each.other][V→V][V][Intr][Ind][2Pl]
neghsaghyaghiitusi	negh-te[to.act.on.so.as.to.cause.to.V][V→V]-@₁~fyagh[to.go.V-ing][to.V.in.vain][V→V]-@₁~fyagh[to.go.V-ing][to.V.in.vain][V→V]-~i[SBJ.V-ed.something][V→V]-~i[SBJ.V-ed.something][V→V]-~i[SBJ.V-ed.something][V→V]-~:(u)te[SBJ.V-ed.something][V→V][V][Intr][Ind][2Pl]
neghsaghyaghiitusi	negh-te[to.act.on.so.as.to.cause.to.V][V→V]-@₁~fyagh[to.go.V-ing][to.V.in.vain][V→V]-@₁~fyagh[to.go.V-ing][to.V.in.vain][V→V]-~i[SBJ.V-ed.something][V→V]-~i[SBJ.V-ed.something][V→V]-~i[SBJ.V-ed.something][V→V]-te[to.act.on.so.as.to.cause.to.V][V→V][V][Intr][Ind][2Pl]
neghsaghyaghiitusi	negh-te[to.act.on.so.as.to.cause.to.V][V→V]-@₁~fyagh[to.go.V-ing][to.V.in.vain][V→V]-@₁~fyagh[to.go.V-ing][to.V.in.vain][V→V]-~i[SBJ.V-ed.something][V→V]-~i[SBJ.V-ed.something][V→V]-~:(u)te[to.V.for.or.with][to.cause.to.V.as.one.is.V-ing][to.V.toward.each.other][V→V][V][Intr][Ind][2Pl]
neghsaghyaghiitusi	negh-te[to.act.on.so.as.to.cause.to.V][V→V]-@₁~fyagh[to.go.V-ing][to.V.in.vain][V→V]-@₁~fyagh[to.go.V-ing][to.V.in.vain][V→V]-~i[SBJ.V-ed.something][V→V]-~i[SBJ.V-ed.something][V→V]-~:(u)te[SBJ.V-ed.something][V→V][V][Intr][Ind][2Pl]
neghsaghyaghiitusi	negh-te[to.act.on.so.as.to.cause.to.V][V→V]-@₁~fyagh[to.go.V-ing][to.V.in.vain][V→V]-@₁~fyagh[to.go.V-ing][to.V.in.vain][V→V]-~i[SBJ.V-ed.something][V→V]-~i[SBJ.V-ed.something][V→V]-te[to.act.on.so.as.to.cause.to.V][V→V][V][Intr][Ind][2Pl]
neghsaghyaghiitusi	neghe-te[to.act.on.so.as.to.cause.to.V][V→V]-@₁~fyagh[to.go.V-ing][to.V.in.vain][V→V]-@₁~fyagh[to.go.V-ing][to.V.in.vain][V→V]-~i[SBJ.V-ed.something][V→V]-~i[SBJ.V-ed.something][V→V]-~i[SBJ.V-ed.something][V→V]-~i[SBJ.V-ed.something][V→V]-te[to.act.on.so.as.to.cause.to.V][V→V][V][Intr][Ind][2Pl]
neghsaghyaghiitusi	neghe-te[to.act.on.so.as.to.cause.to.V][V→V]-@₁~fyagh[to.go.V-ing][to.V.in.vain][V→V]-@₁~fyagh[to.go.V-ing][to.V.in.vain][V→V]-~i[SBJ.V-ed.something][V→V]-~i[SBJ.V-ed.something][V→V]-~i[SBJ.V-ed.something][V→V]-~:(u)te[to.V.for.or.with][to.cause.to.V.as.one.is.V-ing][to.V.toward.each.other][V→V][V][Intr][Ind][2Pl]
neghsaghyaghiitusi	neghe-te[to.act.on.so.as.to.cause.to.V][V→V]-@₁~fyagh[to.go.V-ing][to.V.in.vain][V→V]-@₁~fyagh[to.go.V-ing][to.V.in.vain][V→V]-~i[SBJ.V-ed.something][V→V]-~i[SBJ.V-ed.something][V→V]-~i[SBJ.V-ed.something][V→V]-~:(u)te[SBJ.V-ed.something][V→V][V][Intr][Ind][2Pl]
neghsaghyaghiitusi	neghe-te[to.act.on.so.as.to.cause.to.V][V→V]-@₁~fyagh[to.go.V-ing][to.V.in.vain][V→V]-@₁~fyagh[to.go.V-ing][to.V.in.vain][V→V]-~i[SBJ.V-ed.something][V→V]-~i[SBJ.V-ed.something][V→V]-~i[SBJ.V-ed.something][V→V]-te[to.act.on.so.as.to.cause.to.V][V→V][V][Intr][Ind][2Pl]
neghsaghyaghiitusi	neghe-te[to.act.on.so.as.to.cause.to.V][V→V]-@₁~fyagh[to.go.V-ing][to.V.in.vain][V→V]-@₁~fyagh[to.go.V-ing][to.V.in.vain][V→V]-~i[SBJ.V-ed.something][V→V]-~i[SBJ.V-ed.something][V→V]-~:(u)te[to.V.for.or.with][to.cause.to.V.as.one.is.V-ing][to.V.toward.each.other][V→V][V][Intr][Ind][2Pl]
neghsaghyaghiitusi	neghe-te[to.act.on.so.as.to.cause.to.V][V→V]-@₁~fyagh[to.go.V-ing][to.V.in.vain][V→V]-@₁~fyagh[to.go.V-ing][to.V.in.vain][V→V]-~i[SBJ.V-ed.something][V→V]-~i[SBJ.V-ed.something][V→V]-~:(u)te[SBJ.V-ed.something][V→V][V][Intr][Ind][2Pl]
neghsaghyaghiitusi	neghe-te[to.act.on.so.as.to.cause.to.V][V→V]-@₁~fyagh[to.go.V-ing][to.V.in.vain][V→V]-@₁~fyagh[to.go.V-ing][to.V.in.vain][V→V]-~i[SBJ.V-ed.something][V→V]-~i[SBJ.V-ed.something][V→V]-te[to.act.on.so.as.to.cause.to.V][V→V][V][Intr][Ind][2Pl]

pugneghyaghiitusi	+?

iqallugyaghiitusi	+?

tengugyaghiitusi	+?

akutaghyaghiitusi	+?

------------------------
Ayapeghyuk vuvallaaq."

ayapeghyuk	+?

vuvallaaq	+?

------------------------
Llaaghanwha mekelghiighhaat aviiyaghtughaqut mengteghanun tamaghhanun nanevgaat aghnalqwaaghet.

llaaghanwha	llaaghanwha

mekelghiighhaat	mekelghiigh-–ghhagh*[dear.N][N→N][N][Abs][Unpd][Pl]
mekelghiighhaat	mekelghiigh-–ghhagh*[dear.N][N→N][N][Abs][3PlPoss][SgPosd]
mekelghiighhaat	mekelghiigh-–ghhagh*[dear.N][N→N][N][Rel][Unpd][Pl]

aviiyaghtughaqut	+?

mengteghanun	mengteghagh[N][Ter][Unpd][Pl]

tamaghhanun	tamaghhagh[N][Ter][Unpd][Pl]

nanevgaat	nanevgagh[N][Abs][3PlPoss][SgPosd]

aghnalqwaaghet	aghnalqwaagh[N][Abs][Unpd][Pl]
aghnalqwaaghet	aghnalqwaagh[N][Rel][Unpd][Pl]

------------------------
Aaptaqiit, "Navek?"

aaptaqiit	aapte-~(g₁)aqe[to.be.V.ing][to.regularly.or.repeatedly.V][V→V]-~i[SBJ.V-ed.something][V→V][V][Intr][Intrg][3Pl]
aaptaqiit	aapte-~(g₁)aqe[to.be.V.ing][to.regularly.or.repeatedly.V][V→V]-~i[SBJ.V-ed.something][V→V][V][Intr][Ind][3Pl]
aaptaqiit	aapte-~(g₁)aqe[to.be.V.ing][to.regularly.or.repeatedly.V][V→V][V][Trns][Ind][3Pl][3Pl]
aaptaqiit	aapte-~(g₁)aqe[to.be.V.ing][to.regularly.or.repeatedly.V][V→V][V][Trns][Ind][3Du][3Sg]

navek	navek

------------------------
Piiqut, "Ayapeghyugmun!"

piiqut	pi-~(g₁)aqe[to.be.V.ing][to.regularly.or.repeatedly.V][V→V][V][Intr][Ind][3Pl]
piiqut	piigh-~–ke[to.have.as.one's.N(s)][N→V][V][Intr][Ind][3Pl]

ayapeghyugmun	+?

------------------------


	

------------------------
Nanevgaat aglaghtuutaqut vuvallalghiinun neghnaluteng qetustaaghhaghmeng.

nanevgaat	nanevgagh[N][Abs][3PlPoss][SgPosd]

aglaghtuutaqut	+?

vuvallalghiinun	+?

neghnaluteng	negh-@₁~fna[in.order.to.V][intending.to.V][V→V]-~:(u)te[to.V.for.or.with][to.cause.to.V.as.one.is.V-ing][to.V.toward.each.other][V→V][V][Intr][Sbrd][3Pl]
neghnaluteng	negh-@₁~fna[in.order.to.V][intending.to.V][V→V]-~:(u)te[SBJ.V-ed.something][V→V][V][Intr][Sbrd][3Pl]
neghnaluteng	negh-@₁~fna[in.order.to.V][intending.to.V][V→V][V][Intr][Sbrd][3Pl]
neghnaluteng	neghe-@₁~fna[in.order.to.V][intending.to.V][V→V]-~:(u)te[to.V.for.or.with][to.cause.to.V.as.one.is.V-ing][to.V.toward.each.other][V→V][V][Intr][Sbrd][3Pl]
neghnaluteng	neghe-@₁~fna[in.order.to.V][intending.to.V][V→V]-~:(u)te[SBJ.V-ed.something][V→V][V][Intr][Sbrd][3Pl]
neghnaluteng	neghe-@₁~fna[in.order.to.V][intending.to.V][V→V][V][Intr][Sbrd][3Pl]

qetustaaghhaghmeng	qetustaaghhagh*[N][Rel][4DuPoss][SgPosd]
qetustaaghhaghmeng	qetustaaghhagh*[N][Rel][4DuPoss][PlPosd]
qetustaaghhaghmeng	qetustaaghhagh*[N][Rel][4PlPoss][SgPosd]
qetustaaghhaghmeng	qetustaaghhagh*[N][Rel][4PlPoss][PlPosd]
qetustaaghhaghmeng	qetustaaghhagh*[N][Abl_Mod][Unpd][Sg]

------------------------
Tawani ungipamsugutaqut ungipaghaataqut kayalqiiraaghutaqut saama ilagaataqut vuvallamaluki allanun neqmeng sanqutaaghmeng tuuninaanghilnguut.

tawani	tawani
tawani	tawani[N][Abs][Unpd][Sg]

ungipamsugutaqut	ungipagh[N][Loc][Unpd][Sg]-ete[to.be]-te[to.act.on.so.as.to.cause.to.V][V→V]-te[to.act.on.so.as.to.cause.to.V][V→V]-@₁~fyug[to.want.to.V][V→V]-~:(u)te[to.V.for.or.with][to.cause.to.V.as.one.is.V-ing][to.V.toward.each.other][V→V]-~(g₁)aqe[to.be.V.ing][to.regularly.or.repeatedly.V][V→V][V][Intr][Ind][3Pl]
ungipamsugutaqut	ungipagh[N][Loc][Unpd][Sg]-ete[to.be]-te[to.act.on.so.as.to.cause.to.V][V→V]-te[to.act.on.so.as.to.cause.to.V][V→V]-@₁~fyug[to.want.to.V][V→V]-~:(u)te[SBJ.V-ed.something][V→V]-~(g₁)aqe[to.be.V.ing][to.regularly.or.repeatedly.V][V→V][V][Intr][Ind][3Pl]
ungipamsugutaqut	ungipagh[N][Rel][4SgPoss][SgPosd]-ete[to.be]-te[to.act.on.so.as.to.cause.to.V][V→V]-te[to.act.on.so.as.to.cause.to.V][V→V]-@₁~fyug[to.want.to.V][V→V]-~:(u)te[to.V.for.or.with][to.cause.to.V.as.one.is.V-ing][to.V.toward.each.other][V→V]-~(g₁)aqe[to.be.V.ing][to.regularly.or.repeatedly.V][V→V][V][Intr][Ind][3Pl]
ungipamsugutaqut	ungipagh[N][Rel][4SgPoss][SgPosd]-ete[to.be]-te[to.act.on.so.as.to.cause.to.V][V→V]-te[to.act.on.so.as.to.cause.to.V][V→V]-@₁~fyug[to.want.to.V][V→V]-~:(u)te[SBJ.V-ed.something][V→V]-~(g₁)aqe[to.be.V.ing][to.regularly.or.repeatedly.V][V→V][V][Intr][Ind][3Pl]
ungipamsugutaqut	ungipagh[N][Rel][4SgPoss][PlPosd]-ete[to.be]-te[to.act.on.so.as.to.cause.to.V][V→V]-te[to.act.on.so.as.to.cause.to.V][V→V]-@₁~fyug[to.want.to.V][V→V]-~:(u)te[to.V.for.or.with][to.cause.to.V.as.one.is.V-ing][to.V.toward.each.other][V→V]-~(g₁)aqe[to.be.V.ing][to.regularly.or.repeatedly.V][V→V][V][Intr][Ind][3Pl]
ungipamsugutaqut	ungipagh[N][Rel][4SgPoss][PlPosd]-ete[to.be]-te[to.act.on.so.as.to.cause.to.V][V→V]-te[to.act.on.so.as.to.cause.to.V][V→V]-@₁~fyug[to.want.to.V][V→V]-~:(u)te[SBJ.V-ed.something][V→V]-~(g₁)aqe[to.be.V.ing][to.regularly.or.repeatedly.V][V→V][V][Intr][Ind][3Pl]
ungipamsugutaqut	Ungipagh[N][Loc][Unpd][Sg]-ete[to.be]-te[to.act.on.so.as.to.cause.to.V][V→V]-te[to.act.on.so.as.to.cause.to.V][V→V]-@₁~fyug[to.want.to.V][V→V]-~:(u)te[to.V.for.or.with][to.cause.to.V.as.one.is.V-ing][to.V.toward.each.other][V→V]-~(g₁)aqe[to.be.V.ing][to.regularly.or.repeatedly.V][V→V][V][Intr][Ind][3Pl]
ungipamsugutaqut	Ungipagh[N][Loc][Unpd][Sg]-ete[to.be]-te[to.act.on.so.as.to.cause.to.V][V→V]-te[to.act.on.so.as.to.cause.to.V][V→V]-@₁~fyug[to.want.to.V][V→V]-~:(u)te[SBJ.V-ed.something][V→V]-~(g₁)aqe[to.be.V.ing][to.regularly.or.repeatedly.V][V→V][V][Intr][Ind][3Pl]
ungipamsugutaqut	Ungipagh[N][Rel][4SgPoss][SgPosd]-ete[to.be]-te[to.act.on.so.as.to.cause.to.V][V→V]-te[to.act.on.so.as.to.cause.to.V][V→V]-@₁~fyug[to.want.to.V][V→V]-~:(u)te[to.V.for.or.with][to.cause.to.V.as.one.is.V-ing][to.V.toward.each.other][V→V]-~(g₁)aqe[to.be.V.ing][to.regularly.or.repeatedly.V][V→V][V][Intr][Ind][3Pl]
ungipamsugutaqut	Ungipagh[N][Rel][4SgPoss][SgPosd]-ete[to.be]-te[to.act.on.so.as.to.cause.to.V][V→V]-te[to.act.on.so.as.to.cause.to.V][V→V]-@₁~fyug[to.want.to.V][V→V]-~:(u)te[SBJ.V-ed.something][V→V]-~(g₁)aqe[to.be.V.ing][to.regularly.or.repeatedly.V][V→V][V][Intr][Ind][3Pl]
ungipamsugutaqut	Ungipagh[N][Rel][4SgPoss][PlPosd]-ete[to.be]-te[to.act.on.so.as.to.cause.to.V][V→V]-te[to.act.on.so.as.to.cause.to.V][V→V]-@₁~fyug[to.want.to.V][V→V]-~:(u)te[to.V.for.or.with][to.cause.to.V.as.one.is.V-ing][to.V.toward.each.other][V→V]-~(g₁)aqe[to.be.V.ing][to.regularly.or.repeatedly.V][V→V][V][Intr][Ind][3Pl]
ungipamsugutaqut	Ungipagh[N][Rel][4SgPoss][PlPosd]-ete[to.be]-te[to.act.on.so.as.to.cause.to.V][V→V]-te[to.act.on.so.as.to.cause.to.V][V→V]-@₁~fyug[to.want.to.V][V→V]-~:(u)te[SBJ.V-ed.something][V→V]-~(g₁)aqe[to.be.V.ing][to.regularly.or.repeatedly.V][V→V][V][Intr][Ind][3Pl]

ungipaghaataqut	ungipaghagh-~:(ng₁)u[to.be.N][N→V]-~:(u)te[to.V.for.or.with][to.cause.to.V.as.one.is.V-ing][to.V.toward.each.other][V→V]-~(g₁)aqe[to.be.V.ing][to.regularly.or.repeatedly.V][V→V][V][Intr][Ind][3Pl]
ungipaghaataqut	ungipaghagh-~:(ng₁)u[to.be.N][N→V]-~:(u)te[SBJ.V-ed.something][V→V]-~(g₁)aqe[to.be.V.ing][to.regularly.or.repeatedly.V][V→V][V][Intr][Ind][3Pl]
ungipaghaataqut	ungipaghagh-~:(ng₁)u[to.be.N][N→V]-te[to.act.on.so.as.to.cause.to.V][V→V]-~(g₁)aqe[to.be.V.ing][to.regularly.or.repeatedly.V][V→V][V][Intr][Ind][3Pl]
ungipaghaataqut	ungipaghagh-~:(u)te[to.V.for.or.with][to.cause.to.V.as.one.is.V-ing][to.V.toward.each.other][V→V]-~(g₁)aqe[to.be.V.ing][to.regularly.or.repeatedly.V][V→V][V][Intr][Ind][3Pl]
ungipaghaataqut	ungipaghagh-~:(u)te[SBJ.V-ed.something][V→V]-~(g₁)aqe[to.be.V.ing][to.regularly.or.repeatedly.V][V→V][V][Intr][Ind][3Pl]

kayalqiiraaghutaqut	+?

saama	saam[N][Abs][3SgPoss][SgPosd]
saama	saama

ilagaataqut	ilagagh-~:(u)te[to.V.for.or.with][to.cause.to.V.as.one.is.V-ing][to.V.toward.each.other][V→V]-~(g₁)aqe[to.be.V.ing][to.regularly.or.repeatedly.V][V→V][V][Intr][Ind][3Pl]
ilagaataqut	ilagagh-~:(u)te[SBJ.V-ed.something][V→V]-~(g₁)aqe[to.be.V.ing][to.regularly.or.repeatedly.V][V→V][V][Intr][Ind][3Pl]

vuvallamaluki	+?

allanun	alla[N][Ter][Unpd][Pl]

neqmeng	neqe[N][Rel][4DuPoss][SgPosd]
neqmeng	neqe[N][Rel][4DuPoss][PlPosd]
neqmeng	neqe[N][Rel][4PlPoss][SgPosd]
neqmeng	neqe[N][Rel][4PlPoss][PlPosd]
neqmeng	neqe[N][Abl_Mod][Unpd][Sg]

sanqutaaghmeng	+?

tuuninaanghilnguut	+?

------------------------
Aghtaghanghagu nanevgaat aanleghaataqut aghnalqwaaghet unegtaqut.

aghtaghanghagu	+?

nanevgaat	nanevgagh[N][Abs][3PlPoss][SgPosd]

aanleghaataqut	+?

aghnalqwaaghet	aghnalqwaagh[N][Abs][Unpd][Pl]
aghnalqwaaghet	aghnalqwaagh[N][Rel][Unpd][Pl]

unegtaqut	+?

------------------------
Vuvallalghiit ateghaataqut nateghmun aghnalqwaaghetlu iiwen kinkut tawavek ilatkat.

vuvallalghiit	+?

ateghaataqut	ateghagh-~:(ng₁)u[to.be.N][N→V]-~:(u)te[to.V.for.or.with][to.cause.to.V.as.one.is.V-ing][to.V.toward.each.other][V→V]-~(g₁)aqe[to.be.V.ing][to.regularly.or.repeatedly.V][V→V][V][Intr][Ind][3Pl]
ateghaataqut	ateghagh-~:(ng₁)u[to.be.N][N→V]-~:(u)te[SBJ.V-ed.something][V→V]-~(g₁)aqe[to.be.V.ing][to.regularly.or.repeatedly.V][V→V][V][Intr][Ind][3Pl]
ateghaataqut	ateghagh-~:(ng₁)u[to.be.N][N→V]-te[to.act.on.so.as.to.cause.to.V][V→V]-~(g₁)aqe[to.be.V.ing][to.regularly.or.repeatedly.V][V→V][V][Intr][Ind][3Pl]

nateghmun	+?

aghnalqwaaghetlu	aghnalqwaagh[N][Abs][Unpd][Pl]-llu[Encl]
aghnalqwaaghetlu	aghnalqwaagh[N][Rel][Unpd][Pl]-llu[Encl]

iiwen	iiw[N][Abs][2SgPoss][SgPosd]
iiwen	iiwen
iiwen	iiwete[N][Abs][Unpd][Sg]

kinkut	kinku[N][Abs][Unpd][Pl]
kinkut	kinku[N][Rel][Unpd][Pl]
kinkut	kinkut
kinkut	kinkut[N][Abs][Unpd][Sg]

tawavek	+?

ilatkat	+?

------------------------
Ilannaqneghmeggni mengteghameggneng tugutaqut tawaqameng allaghhiinaghmeng neqmeng ivalumeng inqun vuvallalghiit mengteghiit qilleghfiknaluki.

ilannaqneghmeggni	+?

mengteghameggneng	mengteghagh[N][Abl_Mod][4PlPoss][PlPosd]
mengteghameggneng	mengteghagh[N][Abl_Mod][4PlPoss][SgPosd]

tugutaqut	tugu-~:(u)te[SBJ.V-ed.something][V→V]-~(g₁)aqe[to.be.V.ing][to.regularly.or.repeatedly.V][V→V][V][Intr][Ind][3Pl]
tugutaqut	tugutagh-~–ke[to.have.as.one's.N(s)][N→V][V][Intr][Ind][3Pl]

tawaqameng	+?

allaghhiinaghmeng	+?

neqmeng	neqe[N][Rel][4DuPoss][SgPosd]
neqmeng	neqe[N][Rel][4DuPoss][PlPosd]
neqmeng	neqe[N][Rel][4PlPoss][SgPosd]
neqmeng	neqe[N][Rel][4PlPoss][PlPosd]
neqmeng	neqe[N][Abl_Mod][Unpd][Sg]

ivalumeng	ivalu[N][Rel][4DuPoss][SgPosd]
ivalumeng	ivalu[N][Rel][4DuPoss][PlPosd]
ivalumeng	ivalu[N][Rel][4PlPoss][SgPosd]
ivalumeng	ivalu[N][Rel][4PlPoss][PlPosd]
ivalumeng	ivalu[N][Abl_Mod][Unpd][Sg]

inqun	inqun

vuvallalghiit	+?

mengteghiit	mengteghagh[N][Abs][3PlPoss][PlPosd]

qilleghfiknaluki	+?

------------------------
Unanguluku ungipaghaataqut ungipamsugutaqut ilagaataqut neghutaqut siqinghem piitellghanun kenlenganun.

unanguluku	+?

ungipaghaataqut	ungipaghagh-~:(ng₁)u[to.be.N][N→V]-~:(u)te[to.V.for.or.with][to.cause.to.V.as.one.is.V-ing][to.V.toward.each.other][V→V]-~(g₁)aqe[to.be.V.ing][to.regularly.or.repeatedly.V][V→V][V][Intr][Ind][3Pl]
ungipaghaataqut	ungipaghagh-~:(ng₁)u[to.be.N][N→V]-~:(u)te[SBJ.V-ed.something][V→V]-~(g₁)aqe[to.be.V.ing][to.regularly.or.repeatedly.V][V→V][V][Intr][Ind][3Pl]
ungipaghaataqut	ungipaghagh-~:(ng₁)u[to.be.N][N→V]-te[to.act.on.so.as.to.cause.to.V][V→V]-~(g₁)aqe[to.be.V.ing][to.regularly.or.repeatedly.V][V→V][V][Intr][Ind][3Pl]
ungipaghaataqut	ungipaghagh-~:(u)te[to.V.for.or.with][to.cause.to.V.as.one.is.V-ing][to.V.toward.each.other][V→V]-~(g₁)aqe[to.be.V.ing][to.regularly.or.repeatedly.V][V→V][V][Intr][Ind][3Pl]
ungipaghaataqut	ungipaghagh-~:(u)te[SBJ.V-ed.something][V→V]-~(g₁)aqe[to.be.V.ing][to.regularly.or.repeatedly.V][V→V][V][Intr][Ind][3Pl]

ungipamsugutaqut	ungipagh[N][Loc][Unpd][Sg]-ete[to.be]-te[to.act.on.so.as.to.cause.to.V][V→V]-te[to.act.on.so.as.to.cause.to.V][V→V]-@₁~fyug[to.want.to.V][V→V]-~:(u)te[to.V.for.or.with][to.cause.to.V.as.one.is.V-ing][to.V.toward.each.other][V→V]-~(g₁)aqe[to.be.V.ing][to.regularly.or.repeatedly.V][V→V][V][Intr][Ind][3Pl]
ungipamsugutaqut	ungipagh[N][Loc][Unpd][Sg]-ete[to.be]-te[to.act.on.so.as.to.cause.to.V][V→V]-te[to.act.on.so.as.to.cause.to.V][V→V]-@₁~fyug[to.want.to.V][V→V]-~:(u)te[SBJ.V-ed.something][V→V]-~(g₁)aqe[to.be.V.ing][to.regularly.or.repeatedly.V][V→V][V][Intr][Ind][3Pl]
ungipamsugutaqut	ungipagh[N][Rel][4SgPoss][SgPosd]-ete[to.be]-te[to.act.on.so.as.to.cause.to.V][V→V]-te[to.act.on.so.as.to.cause.to.V][V→V]-@₁~fyug[to.want.to.V][V→V]-~:(u)te[to.V.for.or.with][to.cause.to.V.as.one.is.V-ing][to.V.toward.each.other][V→V]-~(g₁)aqe[to.be.V.ing][to.regularly.or.repeatedly.V][V→V][V][Intr][Ind][3Pl]
ungipamsugutaqut	ungipagh[N][Rel][4SgPoss][SgPosd]-ete[to.be]-te[to.act.on.so.as.to.cause.to.V][V→V]-te[to.act.on.so.as.to.cause.to.V][V→V]-@₁~fyug[to.want.to.V][V→V]-~:(u)te[SBJ.V-ed.something][V→V]-~(g₁)aqe[to.be.V.ing][to.regularly.or.repeatedly.V][V→V][V][Intr][Ind][3Pl]
ungipamsugutaqut	ungipagh[N][Rel][4SgPoss][PlPosd]-ete[to.be]-te[to.act.on.so.as.to.cause.to.V][V→V]-te[to.act.on.so.as.to.cause.to.V][V→V]-@₁~fyug[to.want.to.V][V→V]-~:(u)te[to.V.for.or.with][to.cause.to.V.as.one.is.V-ing][to.V.toward.each.other][V→V]-~(g₁)aqe[to.be.V.ing][to.regularly.or.repeatedly.V][V→V][V][Intr][Ind][3Pl]
ungipamsugutaqut	ungipagh[N][Rel][4SgPoss][PlPosd]-ete[to.be]-te[to.act.on.so.as.to.cause.to.V][V→V]-te[to.act.on.so.as.to.cause.to.V][V→V]-@₁~fyug[to.want.to.V][V→V]-~:(u)te[SBJ.V-ed.something][V→V]-~(g₁)aqe[to.be.V.ing][to.regularly.or.repeatedly.V][V→V][V][Intr][Ind][3Pl]
ungipamsugutaqut	Ungipagh[N][Loc][Unpd][Sg]-ete[to.be]-te[to.act.on.so.as.to.cause.to.V][V→V]-te[to.act.on.so.as.to.cause.to.V][V→V]-@₁~fyug[to.want.to.V][V→V]-~:(u)te[to.V.for.or.with][to.cause.to.V.as.one.is.V-ing][to.V.toward.each.other][V→V]-~(g₁)aqe[to.be.V.ing][to.regularly.or.repeatedly.V][V→V][V][Intr][Ind][3Pl]
ungipamsugutaqut	Ungipagh[N][Loc][Unpd][Sg]-ete[to.be]-te[to.act.on.so.as.to.cause.to.V][V→V]-te[to.act.on.so.as.to.cause.to.V][V→V]-@₁~fyug[to.want.to.V][V→V]-~:(u)te[SBJ.V-ed.something][V→V]-~(g₁)aqe[to.be.V.ing][to.regularly.or.repeatedly.V][V→V][V][Intr][Ind][3Pl]
ungipamsugutaqut	Ungipagh[N][Rel][4SgPoss][SgPosd]-ete[to.be]-te[to.act.on.so.as.to.cause.to.V][V→V]-te[to.act.on.so.as.to.cause.to.V][V→V]-@₁~fyug[to.want.to.V][V→V]-~:(u)te[to.V.for.or.with][to.cause.to.V.as.one.is.V-ing][to.V.toward.each.other][V→V]-~(g₁)aqe[to.be.V.ing][to.regularly.or.repeatedly.V][V→V][V][Intr][Ind][3Pl]
ungipamsugutaqut	Ungipagh[N][Rel][4SgPoss][SgPosd]-ete[to.be]-te[to.act.on.so.as.to.cause.to.V][V→V]-te[to.act.on.so.as.to.cause.to.V][V→V]-@₁~fyug[to.want.to.V][V→V]-~:(u)te[SBJ.V-ed.something][V→V]-~(g₁)aqe[to.be.V.ing][to.regularly.or.repeatedly.V][V→V][V][Intr][Ind][3Pl]
ungipamsugutaqut	Ungipagh[N][Rel][4SgPoss][PlPosd]-ete[to.be]-te[to.act.on.so.as.to.cause.to.V][V→V]-te[to.act.on.so.as.to.cause.to.V][V→V]-@₁~fyug[to.want.to.V][V→V]-~:(u)te[to.V.for.or.with][to.cause.to.V.as.one.is.V-ing][to.V.toward.each.other][V→V]-~(g₁)aqe[to.be.V.ing][to.regularly.or.repeatedly.V][V→V][V][Intr][Ind][3Pl]
ungipamsugutaqut	Ungipagh[N][Rel][4SgPoss][PlPosd]-ete[to.be]-te[to.act.on.so.as.to.cause.to.V][V→V]-te[to.act.on.so.as.to.cause.to.V][V→V]-@₁~fyug[to.want.to.V][V→V]-~:(u)te[SBJ.V-ed.something][V→V]-~(g₁)aqe[to.be.V.ing][to.regularly.or.repeatedly.V][V→V][V][Intr][Ind][3Pl]

ilagaataqut	ilagagh-~:(u)te[to.V.for.or.with][to.cause.to.V.as.one.is.V-ing][to.V.toward.each.other][V→V]-~(g₁)aqe[to.be.V.ing][to.regularly.or.repeatedly.V][V→V][V][Intr][Ind][3Pl]
ilagaataqut	ilagagh-~:(u)te[SBJ.V-ed.something][V→V]-~(g₁)aqe[to.be.V.ing][to.regularly.or.repeatedly.V][V→V][V][Intr][Ind][3Pl]

neghutaqut	negh-~:(u)te[to.V.for.or.with][to.cause.to.V.as.one.is.V-ing][to.V.toward.each.other][V→V]-~(g₁)aqe[to.be.V.ing][to.regularly.or.repeatedly.V][V→V][V][Intr][Ind][3Pl]
neghutaqut	negh-~:(u)te[SBJ.V-ed.something][V→V]-~(g₁)aqe[to.be.V.ing][to.regularly.or.repeatedly.V][V→V][V][Intr][Ind][3Pl]
neghutaqut	neghe-~:(u)te[to.V.for.or.with][to.cause.to.V.as.one.is.V-ing][to.V.toward.each.other][V→V]-~(g₁)aqe[to.be.V.ing][to.regularly.or.repeatedly.V][V→V][V][Intr][Ind][3Pl]
neghutaqut	neghe-~:(u)te[SBJ.V-ed.something][V→V]-~(g₁)aqe[to.be.V.ing][to.regularly.or.repeatedly.V][V→V][V][Intr][Ind][3Pl]

siqinghem	+?

piitellghanun	+?

kenlenganun	+?

------------------------


	

------------------------
Siqineq piinneghani nanevgaat aanleghaataqut aghnalqwaaghet unegtaqut.

siqineq	siqinegh[N][Abs][Unpd][Sg]

piinneghani	+?

nanevgaat	nanevgagh[N][Abs][3PlPoss][SgPosd]

aanleghaataqut	+?

aghnalqwaaghet	aghnalqwaagh[N][Abs][Unpd][Pl]
aghnalqwaaghet	aghnalqwaagh[N][Rel][Unpd][Pl]

unegtaqut	+?

------------------------
Nateghmun ateghaataqut aghnalqwaaghetlu vuvallalghiitlu.

nateghmun	+?

ateghaataqut	ateghagh-~:(ng₁)u[to.be.N][N→V]-~:(u)te[to.V.for.or.with][to.cause.to.V.as.one.is.V-ing][to.V.toward.each.other][V→V]-~(g₁)aqe[to.be.V.ing][to.regularly.or.repeatedly.V][V→V][V][Intr][Ind][3Pl]
ateghaataqut	ateghagh-~:(ng₁)u[to.be.N][N→V]-~:(u)te[SBJ.V-ed.something][V→V]-~(g₁)aqe[to.be.V.ing][to.regularly.or.repeatedly.V][V→V][V][Intr][Ind][3Pl]
ateghaataqut	ateghagh-~:(ng₁)u[to.be.N][N→V]-te[to.act.on.so.as.to.cause.to.V][V→V]-~(g₁)aqe[to.be.V.ing][to.regularly.or.repeatedly.V][V→V][V][Intr][Ind][3Pl]

aghnalqwaaghetlu	aghnalqwaagh[N][Abs][Unpd][Pl]-llu[Encl]
aghnalqwaaghetlu	aghnalqwaagh[N][Rel][Unpd][Pl]-llu[Encl]

vuvallalghiitlu	+?

------------------------
Ateghaanneghmeggni quyngiiraateng tugulaghaqiit allaghhiinaghmeng neqmeng ikuquutaqut.

ateghaanneghmeggni	ateghagh-~:(ng₁)u[to.be.N][N→V]-te[to.act.on.so.as.to.cause.to.V][V→V]-te[to.act.on.so.as.to.cause.to.V][V→V]-@₁–negh[the.act.or.activity.of.V-ing][V→N][N][Loc][4PlPoss][SgPosd]
ateghaanneghmeggni	ateghagh-~:(ng₁)u[to.be.N][N→V]-te[to.act.on.so.as.to.cause.to.V][V→V]-te[to.act.on.so.as.to.cause.to.V][V→V]-@₁–negh[the.act.or.activity.of.V-ing][V→N][N][Loc][4PlPoss][PlPosd]
ateghaanneghmeggni	ateghagh-~:(ng₁)u[to.be.N][N→V]-te[to.act.on.so.as.to.cause.to.V][V→V]-@₁–negh[the.act.or.activity.of.V-ing][V→N][N][Loc][4PlPoss][SgPosd]
ateghaanneghmeggni	ateghagh-~:(ng₁)u[to.be.N][N→V]-te[to.act.on.so.as.to.cause.to.V][V→V]-@₁–negh[the.act.or.activity.of.V-ing][V→N][N][Loc][4PlPoss][PlPosd]
ateghaanneghmeggni	ateghagh-~:(ng₁)u[to.be.N][N→V]-~:(u)te[to.V.for.or.with][to.cause.to.V.as.one.is.V-ing][to.V.toward.each.other][V→V]-te[to.act.on.so.as.to.cause.to.V][V→V]-te[to.act.on.so.as.to.cause.to.V][V→V]-@₁–negh[the.act.or.activity.of.V-ing][V→N][N][Loc][4PlPoss][SgPosd]
ateghaanneghmeggni	ateghagh-~:(ng₁)u[to.be.N][N→V]-~:(u)te[to.V.for.or.with][to.cause.to.V.as.one.is.V-ing][to.V.toward.each.other][V→V]-te[to.act.on.so.as.to.cause.to.V][V→V]-te[to.act.on.so.as.to.cause.to.V][V→V]-@₁–negh[the.act.or.activity.of.V-ing][V→N][N][Loc][4PlPoss][PlPosd]
ateghaanneghmeggni	ateghagh-~:(ng₁)u[to.be.N][N→V]-~:(u)te[to.V.for.or.with][to.cause.to.V.as.one.is.V-ing][to.V.toward.each.other][V→V]-te[to.act.on.so.as.to.cause.to.V][V→V]-@₁–negh[the.act.or.activity.of.V-ing][V→N][N][Loc][4PlPoss][SgPosd]
ateghaanneghmeggni	ateghagh-~:(ng₁)u[to.be.N][N→V]-~:(u)te[to.V.for.or.with][to.cause.to.V.as.one.is.V-ing][to.V.toward.each.other][V→V]-te[to.act.on.so.as.to.cause.to.V][V→V]-@₁–negh[the.act.or.activity.of.V-ing][V→N][N][Loc][4PlPoss][PlPosd]
ateghaanneghmeggni	ateghagh-~:(ng₁)u[to.be.N][N→V]-~:(u)te[condition.with.respect.to.V-ing][V→N]-te[to.catch.N][to.go.to.N][N→V]-te[to.act.on.so.as.to.cause.to.V][V→V]-@₁–negh[the.act.or.activity.of.V-ing][V→N][N][Loc][4PlPoss][SgPosd]
ateghaanneghmeggni	ateghagh-~:(ng₁)u[to.be.N][N→V]-~:(u)te[condition.with.respect.to.V-ing][V→N]-te[to.catch.N][to.go.to.N][N→V]-te[to.act.on.so.as.to.cause.to.V][V→V]-@₁–negh[the.act.or.activity.of.V-ing][V→N][N][Loc][4PlPoss][PlPosd]
ateghaanneghmeggni	ateghagh-~:(ng₁)u[to.be.N][N→V]-~:(u)te[condition.with.respect.to.V-ing][V→N]-te[to.catch.N][to.go.to.N][N→V]-@₁–negh[the.act.or.activity.of.V-ing][V→N][N][Loc][4PlPoss][SgPosd]
ateghaanneghmeggni	ateghagh-~:(ng₁)u[to.be.N][N→V]-~:(u)te[condition.with.respect.to.V-ing][V→N]-te[to.catch.N][to.go.to.N][N→V]-@₁–negh[the.act.or.activity.of.V-ing][V→N][N][Loc][4PlPoss][PlPosd]
ateghaanneghmeggni	ateghagh-~:(ng₁)u[to.be.N][N→V]-~:(u)te[SBJ.V-ed.something][V→V]-te[to.act.on.so.as.to.cause.to.V][V→V]-te[to.act.on.so.as.to.cause.to.V][V→V]-@₁–negh[the.act.or.activity.of.V-ing][V→N][N][Loc][4PlPoss][SgPosd]
ateghaanneghmeggni	ateghagh-~:(ng₁)u[to.be.N][N→V]-~:(u)te[SBJ.V-ed.something][V→V]-te[to.act.on.so.as.to.cause.to.V][V→V]-te[to.act.on.so.as.to.cause.to.V][V→V]-@₁–negh[the.act.or.activity.of.V-ing][V→N][N][Loc][4PlPoss][PlPosd]
ateghaanneghmeggni	ateghagh-~:(ng₁)u[to.be.N][N→V]-~:(u)te[SBJ.V-ed.something][V→V]-te[to.act.on.so.as.to.cause.to.V][V→V]-@₁–negh[the.act.or.activity.of.V-ing][V→N][N][Loc][4PlPoss][SgPosd]
ateghaanneghmeggni	ateghagh-~:(ng₁)u[to.be.N][N→V]-~:(u)te[SBJ.V-ed.something][V→V]-te[to.act.on.so.as.to.cause.to.V][V→V]-@₁–negh[the.act.or.activity.of.V-ing][V→N][N][Loc][4PlPoss][PlPosd]

quyngiiraateng	+?

tugulaghaqiit	+?

allaghhiinaghmeng	+?

neqmeng	neqe[N][Rel][4DuPoss][SgPosd]
neqmeng	neqe[N][Rel][4DuPoss][PlPosd]
neqmeng	neqe[N][Rel][4PlPoss][SgPosd]
neqmeng	neqe[N][Rel][4PlPoss][PlPosd]
neqmeng	neqe[N][Abl_Mod][Unpd][Sg]

ikuquutaqut	+?

------------------------
Eslamun aanaqneghmeggni quyngiiraateng llivikughaqiit.

eslamun	esla[N][Ter][Unpd][Sg]

aanaqneghmeggni	+?

quyngiiraateng	+?

llivikughaqiit	+?

------------------------
Aanleghaalluteng miluqutaghaqut tughneghaghnun kiyaghtaalleghmun meghem yuganun.

aanleghaalluteng	+?

miluqutaghaqut	+?

tughneghaghnun	tughneghagh*[N][Ter][Unpd][Pl]

kiyaghtaalleghmun	+?

meghem	megh[N][Rel][Unpd][Sg]

yuganun	yu(u)g[N][Ter][3SgPoss][SgPosd]
yuganun	yu(u)g[N][Ter][3SgPoss][PlPosd]
yuganun	yug[N][Ter][3SgPoss][SgPosd]
yuganun	yug[N][Ter][3SgPoss][PlPosd]

------------------------
Taqneghmeggni iteghaataqut.

taqneghmeggni	+?

iteghaataqut	+?

------------------------


	

------------------------
Iteghalluteng aghnalqwaaghet uyegtaqii ataasim aghnalqwaaghem.

iteghalluteng	+?

aghnalqwaaghet	aghnalqwaagh[N][Abs][Unpd][Pl]
aghnalqwaaghet	aghnalqwaagh[N][Rel][Unpd][Pl]

uyegtaqii	+?

ataasim	ataasigh[N][Rel][Unpd][Sg]

aghnalqwaaghem	aghnalqwaagh[N][Rel][Unpd][Sg]

------------------------
Taaqneghatki vuvallaleknuliighminun saguyagni tungsighaqaak.

taaqneghatki	+?

vuvallaleknuliighminun	+?

saguyagni	saguyagh[N][Abs][4SgPoss][DuPosd]
saguyagni	saguyagh[N][Loc][Unpd][Du]

tungsighaqaak	+?

------------------------
Nulighhan saguyak tuunaqaak.

nulighhan	nulighh[N][Rel][3SgPoss][SgPosd]
nulighhan	nulighh[N][Rel][3SgPoss][PlPosd]

saguyak	saguyagh[N][Abs][Unpd][Du]
saguyak	saguyagh[N][Rel][Unpd][Du]

tuunaqaak	+?

------------------------
Vuvallalegtaq uzivaquq.

vuvallalegtaq	+?

uzivaquq	+?

------------------------
Iiwen vuvallayaghtuqat iiwen avaqutii.

iiwen	iiw[N][Abs][2SgPoss][SgPosd]
iiwen	iiwen
iiwen	iiwete[N][Abs][Unpd][Sg]

vuvallayaghtuqat	+?

iiwen	iiw[N][Abs][2SgPoss][SgPosd]
iiwen	iiwen
iiwen	iiwete[N][Abs][Unpd][Sg]

avaqutii	avaqutagh-~:(ng₁)u[to.be.N][N→V]-~i[SBJ.V-ed.something][V→V]-~i[SBJ.V-ed.something][V→V]-~i[SBJ.V-ed.something][V→V]-~i[SBJ.V-ed.something][V→V]-~i[SBJ.V-ed.something][V→V][V][Intr][Opt][PRS][2Sg]
avaqutii	avaqutagh-~:(ng₁)u[to.be.N][N→V]-~i[SBJ.V-ed.something][V→V]-~i[SBJ.V-ed.something][V→V]-~i[SBJ.V-ed.something][V→V]-~i[SBJ.V-ed.something][V→V][V][Intr][Opt][PRS][2Sg]
avaqutii	avaqutagh-~:(ng₁)u[to.be.N][N→V]-~i[SBJ.V-ed.something][V→V]-~i[SBJ.V-ed.something][V→V]-~i[SBJ.V-ed.something][V→V][V][Intr][Opt][PRS][2Sg]
avaqutii	avaqutagh-~:(ng₁)u[to.be.N][N→V]-~i[SBJ.V-ed.something][V→V]-~i[SBJ.V-ed.something][V→V][V][Intr][Opt][PRS][2Sg]
avaqutii	avaqutagh-~:(ng₁)u[to.be.N][N→V]-~i[SBJ.V-ed.something][V→V][V][Intr][Opt][PRS][2Sg]
avaqutii	avaqutagh[N][Abs][3SgPoss][PlPosd]

------------------------
Ellnga vuvallalegtaq saguyagtuumaghmi uzivaquq.

ellnga	ellnga
ellnga	ellnga[N][Abs][Unpd][Sg]

vuvallalegtaq	+?

saguyagtuumaghmi	+?

uzivaquq	+?

------------------------
Nanevgaam ilagaataqaa utuqameng ilagaatameng.

nanevgaam	+?

ilagaataqaa	ilagagh-~:(u)te[to.V.for.or.with][to.cause.to.V.as.one.is.V-ing][to.V.toward.each.other][V→V]-~(g₁)aqe[to.be.V.ing][to.regularly.or.repeatedly.V][V→V][V][Intr][Intrg][3Sg]
ilagaataqaa	ilagagh-~:(u)te[SBJ.V-ed.something][V→V]-~(g₁)aqe[to.be.V.ing][to.regularly.or.repeatedly.V][V→V][V][Intr][Intrg][3Sg]
ilagaataqaa	ilagagh-~:(u)ta[condition.with.respect.to.V-ing][V→N]-te[to.catch.N][to.go.to.N][N→V]-te[to.act.on.so.as.to.cause.to.V][V→V]-@₁qugh[to.V.completely][V][Intr][Opt][PRS][2Sg]
ilagaataqaa	ilagagh-~:(u)ta[condition.with.respect.to.V-ing][V→N]-te[to.catch.N][to.go.to.N][N→V]-@₁qugh[to.V.completely][V][Intr][Opt][PRS][2Sg]

utuqameng	utuqa[N][Rel][4DuPoss][SgPosd]
utuqameng	utuqa[N][Rel][4DuPoss][PlPosd]
utuqameng	utuqa[N][Rel][4PlPoss][SgPosd]
utuqameng	utuqa[N][Rel][4PlPoss][PlPosd]
utuqameng	utuqa[N][Abl_Mod][Unpd][Sg]

ilagaatameng	ilagagh-~:(u)ta[condition.with.respect.to.V-ing][V→N][N][Rel][4DuPoss][SgPosd]
ilagaatameng	ilagagh-~:(u)ta[condition.with.respect.to.V-ing][V→N][N][Rel][4DuPoss][PlPosd]
ilagaatameng	ilagagh-~:(u)ta[condition.with.respect.to.V-ing][V→N][N][Rel][4PlPoss][SgPosd]
ilagaatameng	ilagagh-~:(u)ta[condition.with.respect.to.V-ing][V→N][N][Rel][4PlPoss][PlPosd]
ilagaatameng	ilagagh-~:(u)ta[condition.with.respect.to.V-ing][V→N][N][Abl_Mod][Unpd][Sg]

------------------------
Vuvallalegtaq aviigaquq, "Wuhuuuu, wuhuuuu, wuhuuuu!"

vuvallalegtaq	+?

aviigaquq	+?

wuhuuuu	+?

wuhuuuu	+?

wuhuuuu	+?

------------------------
Ilagaan naangenghani uzivelghiit aghuliighaqut.

ilagaan	ilagaate[N][Abs][Unpd][Sg]
ilagaan	ilagagh-~:(u)te[condition.with.respect.to.V-ing][V→N][N][Abs][Unpd][Sg]

naangenghani	+?

uzivelghiit	+?

aghuliighaqut	aghuliigh-~(g₁)aqe[to.be.V.ing][to.regularly.or.repeatedly.V][V→V][V][Intr][Ind][3Pl]

------------------------
Aghuliinghata vuvallalegtam kallagutaqii.

aghuliinghata	+?

vuvallalegtam	+?

kallagutaqii	+?

------------------------
Aghnat putuughutaqut iiwen kitum atanga naten piiqa yuga.

aghnat	aghnagh[N][Abs][Unpd][Pl]
aghnat	aghnagh[N][Rel][Unpd][Pl]

putuughutaqut	+?

iiwen	iiw[N][Abs][2SgPoss][SgPosd]
iiwen	iiwen
iiwen	iiwete[N][Abs][Unpd][Sg]

kitum	kitum
kitum	kitum[N][Abs][Unpd][Sg]

atanga	ata[N][Abs][3SgPoss][SgPosd]

naten	naten

piiqa	pi-~(g₁)aqe[to.be.V.ing][to.regularly.or.repeatedly.V][V→V][V][Intr][Intrg][3Sg]
piiqa	pi[V][Trns][Ind][1Sg][3Sg]
piiqa	piigh-~–ke[to.have.as.one's.N(s)][N→V][V][Intr][Intrg][3Sg]
piiqa	piigh[N][Abs][1SgPoss][SgPosd]

yuga	yu(u)g[N][Abs][3SgPoss][SgPosd]
yuga	yug[N][Abs][3SgPoss][SgPosd]

------------------------
Taana aghulasiqaqaat.

taana	taana

aghulasiqaqaat	+?

------------------------


	

------------------------
Qamagtuq.

qamagtuq	qamagte[V][Intr][Ind][3Sg]

------------------------
