QAMESTAM AAVGULLGHI UYVASAGHQELLGHILLU

qamestam	+?

aavgullghi	+?

uyvasaghqellghillu	+?

------------------------
Pelaasim Apellgha

pelaasim	+?

apellgha	+?

------------------------


------------------------
Enkaam angyaghtuulluteng tawaten, angyaghnaq kayaalinghani enkaam taakut qamestii aqfaluki angaghqughluki unaangupiglluku siqineq quulvaghqaaqestanghani pegget sangwaat kayutkelluki angaghqumun.

enkaam	enkaam

angyaghtuulluteng	angyagh-tugh[to.eat.N][to.use.N][N→V]-~:(u)te[to.V.for.or.with][to.cause.to.V.as.one.is.V-ing][to.V.toward.each.other][V→V]-te[to.act.on.so.as.to.cause.to.V][V→V][V][Sbrd][3Pl]
angyaghtuulluteng	angyagh-tugh[to.eat.N][to.use.N][N→V]-~:(u)te[to.V.for.or.with][to.cause.to.V.as.one.is.V-ing][to.V.toward.each.other][V→V][V][Sbrd][3Pl]
angyaghtuulluteng	angyagh-tugh[to.eat.N][to.use.N][N→V]-~:(u)te[condition.with.respect.to.V-ing][V→N]-te[to.catch.N][to.go.to.N][N→V][V][Sbrd][3Pl]
angyaghtuulluteng	angyagh-tugh[to.eat.N][to.use.N][N→V]-~:(u)te[SBJ.V-ed.something][V→V]-te[to.act.on.so.as.to.cause.to.V][V→V][V][Sbrd][3Pl]
angyaghtuulluteng	angyagh-tugh[to.eat.N][to.use.N][N→V]-~:(u)te[SBJ.V-ed.something][V→V][V][Sbrd][3Pl]

tawaten	tawaten

angyaghnaq	+?

kayaalinghani	+?

enkaam	enkaam

taakut	taake[V][Ind][3Pl]

qamestii	+?

aqfaluki	aqfa-~:(u)te[to.V.for.or.with][to.cause.to.V.as.one.is.V-ing][to.V.toward.each.other][V→V][V][Sbrd][1Du][3Pl]
aqfaluki	aqfa-~:(u)te[to.V.for.or.with][to.cause.to.V.as.one.is.V-ing][to.V.toward.each.other][V→V][V][Sbrd][1Pl][3Pl]
aqfaluki	aqfa-~:(u)te[to.V.for.or.with][to.cause.to.V.as.one.is.V-ing][to.V.toward.each.other][V→V][V][Sbrd][1Sg][3Pl]
aqfaluki	aqfa-~:(u)te[to.V.for.or.with][to.cause.to.V.as.one.is.V-ing][to.V.toward.each.other][V→V][V][Sbrd][2Du][3Pl]
aqfaluki	aqfa-~:(u)te[to.V.for.or.with][to.cause.to.V.as.one.is.V-ing][to.V.toward.each.other][V→V][V][Sbrd][2Pl][3Pl]
aqfaluki	aqfa-~:(u)te[to.V.for.or.with][to.cause.to.V.as.one.is.V-ing][to.V.toward.each.other][V→V][V][Sbrd][2Sg][3Pl]
aqfaluki	aqfa-~:(u)te[to.V.for.or.with][to.cause.to.V.as.one.is.V-ing][to.V.toward.each.other][V→V][V][Sbrd][3Du][3Pl]
aqfaluki	aqfa-~:(u)te[to.V.for.or.with][to.cause.to.V.as.one.is.V-ing][to.V.toward.each.other][V→V][V][Sbrd][3Pl][3Pl]
aqfaluki	aqfa-~:(u)te[to.V.for.or.with][to.cause.to.V.as.one.is.V-ing][to.V.toward.each.other][V→V][V][Sbrd][3Sg][3Pl]
aqfaluki	aqfa[V][Sbrd][1Du][3Pl]
aqfaluki	aqfa[V][Sbrd][1Pl][3Pl]
aqfaluki	aqfa[V][Sbrd][1Sg][3Pl]
aqfaluki	aqfa[V][Sbrd][2Du][3Pl]
aqfaluki	aqfa[V][Sbrd][2Pl][3Pl]
aqfaluki	aqfa[V][Sbrd][2Sg][3Pl]
aqfaluki	aqfa[V][Sbrd][3Du][3Pl]
aqfaluki	aqfa[V][Sbrd][3Pl][3Pl]
aqfaluki	aqfa[V][Sbrd][3Sg][3Pl]

angaghqughluki	+?

unaangupiglluku	+?

siqineq	siqinegh[N][Abs][Unpd][Sg]

quulvaghqaaqestanghani	+?

pegget	+?

sangwaat	sa-~:(ng₁)u[to.be.N][N→V][V][Intrg][3Pl]

kayutkelluki	+?

angaghqumun	+?

------------------------
Enkaam ighlekaqegkangit, whangkutaqun kayuteteng.

enkaam	enkaam

ighlekaqegkangit	+?

whangkutaqun	+?

kayuteteng	+?

------------------------


------------------------
Taakut ama tawaten uyvasaghqelget.

taakut	taake[V][Ind][3Pl]

ama	ama

tawaten	tawaten

uyvasaghqelget	+?

------------------------
Eghqwaaqaghluteng ama tawaten, taawa apeghiin'ghata eghqwaaneghmeng elngaatall piliighunneqeggsaatkayuk qamestam mangtaganeng.

eghqwaaqaghluteng	+?

ama	ama

tawaten	tawaten

taawa	taawa

apeghiinghata	+?

eghqwaaneghmeng	+?

elngaatall	elngaatall

piliighunneqeggsaatkayuk	+?

qamestam	+?

mangtaganeng	+?

------------------------


------------------------
Aavgughluki naten umutatkiita qamestam amestaallghi, mangteghanun awalightuutkaqiit.

aavgughluki	+?

naten	naten

umutatkiita	+?

qamestam	+?

amestaallghi	+?

mangteghanun	mangteghagh[N][Ter][Unpd][Pl]

awalightuutkaqiit	+?

------------------------


------------------------
Wetku tawani nengighqaqiit.

wetku	+?

tawani	tawani

nengighqaqiit	+?

------------------------
Mangteghaq qamaglluku.

mangteghaq	mangteghagh[N][Abs][Unpd][Sg]

qamaglluku	+?

------------------------
Enkaam tawaten ama imiisalek sameng piyukegkameggneng.

enkaam	enkaam

tawaten	tawaten

ama	ama

imiisalek	+?

sameng	sa[N][Rel][4DuPoss][SgPosd]
sameng	sa[N][Rel][4DuPoss][PlPosd]
sameng	sa[N][Rel][4PlPoss][SgPosd]
sameng	sa[N][Rel][4PlPoss][PlPosd]
sameng	sa[N][Abl_Mod][Unpd][Sg]
sameng	sameng

piyukegkameggneng	+?

------------------------
Enkaangam aghnaghaghhaatlu awalightumun, awalightughyuneghtughqaagaqii.

enkaangam	+?

aghnaghaghhaatlu	aghnaghagh*-–ghhagh*[dear.N][N→N][N][Abs][Unpd][Pl]-llu[Encl]
aghnaghaghhaatlu	aghnaghagh*-–ghhagh*[dear.N][N→N][N][Abs][3PlPoss][SgPosd]-llu[Encl]
aghnaghaghhaatlu	aghnaghagh*-–ghhagh*[dear.N][N→N][N][Rel][Unpd][Pl]-llu[Encl]

awalightumun	+?

awalightughyuneghtughqaagaqii	+?

------------------------
Imiisaagut akileghtuusat amalka.

imiisaagut	+?

akileghtuusat	+?

amalka	+?

------------------------
Aghnaaghaghaat sameng neqmeng neghyugnameng piiqluki, enkaam ayghighlutengllu awaalightughnaqaqelghiit.

aghnaaghaghaat	+?

sameng	sa[N][Rel][4DuPoss][SgPosd]
sameng	sa[N][Rel][4DuPoss][PlPosd]
sameng	sa[N][Rel][4PlPoss][SgPosd]
sameng	sa[N][Rel][4PlPoss][PlPosd]
sameng	sa[N][Abl_Mod][Unpd][Sg]
sameng	sameng

neqmeng	neqe[N][Rel][4DuPoss][SgPosd]
neqmeng	neqe[N][Rel][4DuPoss][PlPosd]
neqmeng	neqe[N][Rel][4PlPoss][SgPosd]
neqmeng	neqe[N][Rel][4PlPoss][PlPosd]
neqmeng	neqe[N][Abl_Mod][Unpd][Sg]

neghyugnameng	+?

piiqluki	pi-~(g₁)aqe[to.be.V.ing][to.regularly.or.repeatedly.V][V→V]-te[to.act.on.so.as.to.cause.to.V][V→V]-te[to.act.on.so.as.to.cause.to.V][V→V][V][Sbrd][1Du][3Pl]
piiqluki	pi-~(g₁)aqe[to.be.V.ing][to.regularly.or.repeatedly.V][V→V]-te[to.act.on.so.as.to.cause.to.V][V→V]-te[to.act.on.so.as.to.cause.to.V][V→V][V][Sbrd][1Pl][3Pl]
piiqluki	pi-~(g₁)aqe[to.be.V.ing][to.regularly.or.repeatedly.V][V→V]-te[to.act.on.so.as.to.cause.to.V][V→V]-te[to.act.on.so.as.to.cause.to.V][V→V][V][Sbrd][1Sg][3Pl]
piiqluki	pi-~(g₁)aqe[to.be.V.ing][to.regularly.or.repeatedly.V][V→V]-te[to.act.on.so.as.to.cause.to.V][V→V]-te[to.act.on.so.as.to.cause.to.V][V→V][V][Sbrd][2Du][3Pl]
piiqluki	pi-~(g₁)aqe[to.be.V.ing][to.regularly.or.repeatedly.V][V→V]-te[to.act.on.so.as.to.cause.to.V][V→V]-te[to.act.on.so.as.to.cause.to.V][V→V][V][Sbrd][2Pl][3Pl]
piiqluki	pi-~(g₁)aqe[to.be.V.ing][to.regularly.or.repeatedly.V][V→V]-te[to.act.on.so.as.to.cause.to.V][V→V]-te[to.act.on.so.as.to.cause.to.V][V→V][V][Sbrd][2Sg][3Pl]
piiqluki	pi-~(g₁)aqe[to.be.V.ing][to.regularly.or.repeatedly.V][V→V]-te[to.act.on.so.as.to.cause.to.V][V→V]-te[to.act.on.so.as.to.cause.to.V][V→V][V][Sbrd][3Du][3Pl]
piiqluki	pi-~(g₁)aqe[to.be.V.ing][to.regularly.or.repeatedly.V][V→V]-te[to.act.on.so.as.to.cause.to.V][V→V]-te[to.act.on.so.as.to.cause.to.V][V→V][V][Sbrd][3Pl][3Pl]
piiqluki	pi-~(g₁)aqe[to.be.V.ing][to.regularly.or.repeatedly.V][V→V]-te[to.act.on.so.as.to.cause.to.V][V→V]-te[to.act.on.so.as.to.cause.to.V][V→V][V][Sbrd][3Sg][3Pl]
piiqluki	pi-~(g₁)aqe[to.be.V.ing][to.regularly.or.repeatedly.V][V→V]-te[to.act.on.so.as.to.cause.to.V][V→V][V][Sbrd][1Du][3Pl]
piiqluki	pi-~(g₁)aqe[to.be.V.ing][to.regularly.or.repeatedly.V][V→V]-te[to.act.on.so.as.to.cause.to.V][V→V][V][Sbrd][1Pl][3Pl]
piiqluki	pi-~(g₁)aqe[to.be.V.ing][to.regularly.or.repeatedly.V][V→V]-te[to.act.on.so.as.to.cause.to.V][V→V][V][Sbrd][1Sg][3Pl]
piiqluki	pi-~(g₁)aqe[to.be.V.ing][to.regularly.or.repeatedly.V][V→V]-te[to.act.on.so.as.to.cause.to.V][V→V][V][Sbrd][2Du][3Pl]
piiqluki	pi-~(g₁)aqe[to.be.V.ing][to.regularly.or.repeatedly.V][V→V]-te[to.act.on.so.as.to.cause.to.V][V→V][V][Sbrd][2Pl][3Pl]
piiqluki	pi-~(g₁)aqe[to.be.V.ing][to.regularly.or.repeatedly.V][V→V]-te[to.act.on.so.as.to.cause.to.V][V→V][V][Sbrd][2Sg][3Pl]
piiqluki	pi-~(g₁)aqe[to.be.V.ing][to.regularly.or.repeatedly.V][V→V]-te[to.act.on.so.as.to.cause.to.V][V→V][V][Sbrd][3Du][3Pl]
piiqluki	pi-~(g₁)aqe[to.be.V.ing][to.regularly.or.repeatedly.V][V→V]-te[to.act.on.so.as.to.cause.to.V][V→V][V][Sbrd][3Pl][3Pl]
piiqluki	pi-~(g₁)aqe[to.be.V.ing][to.regularly.or.repeatedly.V][V→V]-te[to.act.on.so.as.to.cause.to.V][V→V][V][Sbrd][3Sg][3Pl]
piiqluki	pi-~(g₁)aqe[to.be.V.ing][to.regularly.or.repeatedly.V][V→V][V][Sbrd][1Du][3Pl]
piiqluki	pi-~(g₁)aqe[to.be.V.ing][to.regularly.or.repeatedly.V][V→V][V][Sbrd][1Pl][3Pl]
piiqluki	pi-~(g₁)aqe[to.be.V.ing][to.regularly.or.repeatedly.V][V→V][V][Sbrd][1Sg][3Pl]
piiqluki	pi-~(g₁)aqe[to.be.V.ing][to.regularly.or.repeatedly.V][V→V][V][Sbrd][2Du][3Pl]
piiqluki	pi-~(g₁)aqe[to.be.V.ing][to.regularly.or.repeatedly.V][V→V][V][Sbrd][2Pl][3Pl]
piiqluki	pi-~(g₁)aqe[to.be.V.ing][to.regularly.or.repeatedly.V][V→V][V][Sbrd][2Sg][3Pl]
piiqluki	pi-~(g₁)aqe[to.be.V.ing][to.regularly.or.repeatedly.V][V→V][V][Sbrd][3Du][3Pl]
piiqluki	pi-~(g₁)aqe[to.be.V.ing][to.regularly.or.repeatedly.V][V→V][V][Sbrd][3Pl][3Pl]
piiqluki	pi-~(g₁)aqe[to.be.V.ing][to.regularly.or.repeatedly.V][V→V][V][Sbrd][3Sg][3Pl]

enkaam	enkaam

ayghighlutengllu	+?

awaalightughnaqaqelghiit	+?

------------------------


------------------------
Taawa taaqen'ghaata teghruughaaghes taakut petugaqelghiit aagram qulangakun.

taawa	taawa

taaqenghaata	+?

teghruughaaghes	+?

taakut	taake[V][Ind][3Pl]

petugaqelghiit	+?

aagram	+?

qulangakun	+?

------------------------
