AYUMIIM EGHQWAALLGHALLU, EGHQWAAGHUSAALLU

ayumiim	+?

eghqwaallghallu	+?

eghqwaaghusaallu	+?

------------------------
Apangaluum Apellgha

apangaluum	+?

apellgha	+?

------------------------


------------------------
Kitum igleghulleqagu ayumiim yupigita eghqwaallgha?

kitum	kitum

igleghulleqagu	+?

ayumiim	+?

yupigita	Yupig-~:(ng₁)ite**[to.lack.N][to.not.have.N][N→V][V][Intrg][3Sg]
yupigita	Yupig[N][Rel][3DuPoss][SgPosd]
yupigita	Yupig[N][Rel][3DuPoss][PlPosd]
yupigita	Yupig[N][Rel][3PlPoss][SgPosd]
yupigita	Yupig[N][Rel][3PlPoss][PlPosd]

eghqwaallgha	+?

------------------------
Maalghuguuk, nalighmeng pingayut allakullghiit sivunelget maani Sivuqami ramket.

maalghuguuk	+?

nalighmeng	naligh*[N][Rel][4DuPoss][SgPosd]
nalighmeng	naligh*[N][Rel][4DuPoss][PlPosd]
nalighmeng	naligh*[N][Rel][4PlPoss][SgPosd]
nalighmeng	naligh*[N][Rel][4PlPoss][PlPosd]
nalighmeng	naligh*[N][Abl_Mod][Unpd][Sg]
nalighmeng	nalighmeng

pingayut	+?

allakullghiit	alla-~–ke[to.have.as.one's.N(s)][N→V]-~:(u)te[to.V.for.or.with][to.cause.to.V.as.one.is.V-ing][to.V.toward.each.other][V→V]-@₁–lghii[the.one.that.V-ed][the.one.that.is.V][V→N][N][Abs][Unpd][Pl]
allakullghiit	alla-~–ke[to.have.as.one's.N(s)][N→V]-~:(u)te[to.V.for.or.with][to.cause.to.V.as.one.is.V-ing][to.V.toward.each.other][V→V]-@₁–lghii[the.one.that.V-ed][the.one.that.is.V][V→N][N][Rel][Unpd][Pl]
allakullghiit	alla-~–ke[to.have.as.one's.N(s)][N→V]-~:(u)te[to.V.for.or.with][to.cause.to.V.as.one.is.V-ing][to.V.toward.each.other][V→V]-te[to.act.on.so.as.to.cause.to.V][V→V]-@₁–lghii[the.one.that.V-ed][the.one.that.is.V][V→N][N][Abs][Unpd][Pl]
allakullghiit	alla-~–ke[to.have.as.one's.N(s)][N→V]-~:(u)te[to.V.for.or.with][to.cause.to.V.as.one.is.V-ing][to.V.toward.each.other][V→V]-te[to.act.on.so.as.to.cause.to.V][V→V]-@₁–lghii[the.one.that.V-ed][the.one.that.is.V][V→N][N][Rel][Unpd][Pl]
allakullghiit	alla-~–ke[to.have.as.one's.N(s)][N→V]-~:(u)te[to.V.for.or.with][to.cause.to.V.as.one.is.V-ing][to.V.toward.each.other][V→V]-te[to.act.on.so.as.to.cause.to.V][V→V]-te[to.act.on.so.as.to.cause.to.V][V→V]-@₁–lghii[the.one.that.V-ed][the.one.that.is.V][V→N][N][Abs][Unpd][Pl]
allakullghiit	alla-~–ke[to.have.as.one's.N(s)][N→V]-~:(u)te[to.V.for.or.with][to.cause.to.V.as.one.is.V-ing][to.V.toward.each.other][V→V]-te[to.act.on.so.as.to.cause.to.V][V→V]-te[to.act.on.so.as.to.cause.to.V][V→V]-@₁–lghii[the.one.that.V-ed][the.one.that.is.V][V→N][N][Rel][Unpd][Pl]
allakullghiit	alla-~–ke[to.have.as.one's.N(s)][N→V]-~:(u)te[to.V.for.or.with][to.cause.to.V.as.one.is.V-ing][to.V.toward.each.other][V→V]-te[to.act.on.so.as.to.cause.to.V][V→V]-te[to.act.on.so.as.to.cause.to.V][V→V][V][Ptcp][3Pl]
allakullghiit	alla-~–ke[to.have.as.one's.N(s)][N→V]-~:(u)te[to.V.for.or.with][to.cause.to.V.as.one.is.V-ing][to.V.toward.each.other][V→V]-te[to.act.on.so.as.to.cause.to.V][V→V][V][Ptcp][3Pl]
allakullghiit	alla-~–ke[to.have.as.one's.N(s)][N→V]-~:(u)te[to.V.for.or.with][to.cause.to.V.as.one.is.V-ing][to.V.toward.each.other][V→V][V][Ptcp][3Pl]
allakullghiit	alla-~–ke[to.have.as.one's.N(s)][N→V]-~:(u)te[condition.with.respect.to.V-ing][V→N]-te[to.catch.N][to.go.to.N][N→V]-@₁–lghii[the.one.that.V-ed][the.one.that.is.V][V→N][N][Abs][Unpd][Pl]
allakullghiit	alla-~–ke[to.have.as.one's.N(s)][N→V]-~:(u)te[condition.with.respect.to.V-ing][V→N]-te[to.catch.N][to.go.to.N][N→V]-@₁–lghii[the.one.that.V-ed][the.one.that.is.V][V→N][N][Rel][Unpd][Pl]
allakullghiit	alla-~–ke[to.have.as.one's.N(s)][N→V]-~:(u)te[condition.with.respect.to.V-ing][V→N]-te[to.catch.N][to.go.to.N][N→V]-te[to.act.on.so.as.to.cause.to.V][V→V]-@₁–lghii[the.one.that.V-ed][the.one.that.is.V][V→N][N][Abs][Unpd][Pl]
allakullghiit	alla-~–ke[to.have.as.one's.N(s)][N→V]-~:(u)te[condition.with.respect.to.V-ing][V→N]-te[to.catch.N][to.go.to.N][N→V]-te[to.act.on.so.as.to.cause.to.V][V→V]-@₁–lghii[the.one.that.V-ed][the.one.that.is.V][V→N][N][Rel][Unpd][Pl]
allakullghiit	alla-~–ke[to.have.as.one's.N(s)][N→V]-~:(u)te[condition.with.respect.to.V-ing][V→N]-te[to.catch.N][to.go.to.N][N→V]-te[to.act.on.so.as.to.cause.to.V][V→V][V][Ptcp][3Pl]
allakullghiit	alla-~–ke[to.have.as.one's.N(s)][N→V]-~:(u)te[condition.with.respect.to.V-ing][V→N]-te[to.catch.N][to.go.to.N][N→V][V][Ptcp][3Pl]
allakullghiit	alla-~–ke[to.have.as.one's.N(s)][N→V]-~:(u)te[SBJ.V-ed.something][V→V]-@₁–lghii[the.one.that.V-ed][the.one.that.is.V][V→N][N][Abs][Unpd][Pl]
allakullghiit	alla-~–ke[to.have.as.one's.N(s)][N→V]-~:(u)te[SBJ.V-ed.something][V→V]-@₁–lghii[the.one.that.V-ed][the.one.that.is.V][V→N][N][Rel][Unpd][Pl]
allakullghiit	alla-~–ke[to.have.as.one's.N(s)][N→V]-~:(u)te[SBJ.V-ed.something][V→V]-te[to.act.on.so.as.to.cause.to.V][V→V]-@₁–lghii[the.one.that.V-ed][the.one.that.is.V][V→N][N][Abs][Unpd][Pl]
allakullghiit	alla-~–ke[to.have.as.one's.N(s)][N→V]-~:(u)te[SBJ.V-ed.something][V→V]-te[to.act.on.so.as.to.cause.to.V][V→V]-@₁–lghii[the.one.that.V-ed][the.one.that.is.V][V→N][N][Rel][Unpd][Pl]
allakullghiit	alla-~–ke[to.have.as.one's.N(s)][N→V]-~:(u)te[SBJ.V-ed.something][V→V]-te[to.act.on.so.as.to.cause.to.V][V→V]-te[to.act.on.so.as.to.cause.to.V][V→V]-@₁–lghii[the.one.that.V-ed][the.one.that.is.V][V→N][N][Abs][Unpd][Pl]
allakullghiit	alla-~–ke[to.have.as.one's.N(s)][N→V]-~:(u)te[SBJ.V-ed.something][V→V]-te[to.act.on.so.as.to.cause.to.V][V→V]-te[to.act.on.so.as.to.cause.to.V][V→V]-@₁–lghii[the.one.that.V-ed][the.one.that.is.V][V→N][N][Rel][Unpd][Pl]
allakullghiit	alla-~–ke[to.have.as.one's.N(s)][N→V]-~:(u)te[SBJ.V-ed.something][V→V]-te[to.act.on.so.as.to.cause.to.V][V→V]-te[to.act.on.so.as.to.cause.to.V][V→V][V][Ptcp][3Pl]
allakullghiit	alla-~–ke[to.have.as.one's.N(s)][N→V]-~:(u)te[SBJ.V-ed.something][V→V]-te[to.act.on.so.as.to.cause.to.V][V→V][V][Ptcp][3Pl]
allakullghiit	alla-~–ke[to.have.as.one's.N(s)][N→V]-~:(u)te[SBJ.V-ed.something][V→V][V][Ptcp][3Pl]

sivunelget	+?

maani	maani

sivuqami	Sivuqagh[N][Loc][Unpd][Sg]
sivuqami	Sivuqagh[N][Rel][4SgPoss][SgPosd]
sivuqami	Sivuqagh[N][Rel][4SgPoss][PlPosd]

ramket	+?

------------------------


------------------------
Ataasit taakut Pugughileghmiit.

ataasit	+?

taakut	taake[V][Ind][3Pl]

pugughileghmiit	+?

------------------------
Ilangi sivun'ghita aatghi Aymaramket.

ilangi	ila[N][Abs][3SgPoss][PlPosd]

sivunghita	+?

aatghi	ategh[N][Abs][3SgPoss][PlPosd]

aymaramket	+?

------------------------
Paamken Ungazimeng piit, qerngaghllagmeng nenglut qerngaghmelnguut iimken sivuneghmeggneng ima ataasimi nemi.

paamken	+?

ungazimeng	Ungazigh[N][Rel][4DuPoss][SgPosd]
ungazimeng	Ungazigh[N][Rel][4DuPoss][PlPosd]
ungazimeng	Ungazigh[N][Rel][4PlPoss][SgPosd]
ungazimeng	Ungazigh[N][Rel][4PlPoss][PlPosd]
ungazimeng	Ungazigh[N][Abl_Mod][Unpd][Sg]

piit	pi[V][Intrg][3Pl]
piit	pi[V][Ind][3Du][3Sg]
piit	pi[V][Ind][3Pl][3Pl]
piit	pi[V][Ind][3Pl][3Sg]
piit	pi[V][Ind][3Pl]

qerngaghllagmeng	+?

nenglut	nenglu[N][Abs][Unpd][Pl]
nenglut	nenglu[N][Rel][Unpd][Pl]

qerngaghmelnguut	+?

iimken	iimken

sivuneghmeggneng	+?

ima	ima

ataasimi	+?

nemi	ne[N][Loc][Unpd][Sg]
nemi	ne[N][Rel][4SgPoss][SgPosd]
nemi	ne[N][Rel][4SgPoss][PlPosd]

------------------------


------------------------
Sanighmelngughmiit aatghit.

sanighmelngughmiit	+?

aatghit	ategh[N][Abs][3PlPoss][PlPosd]

------------------------
Nenglungit tawaaten saniqliquteghllagluteng ayuqelghiit nekegneghi.

nenglungit	nenglu[N][Abs][3PlPoss][PlPosd]

tawaaten	+?

saniqliquteghllagluteng	+?

ayuqelghiit	+?

nekegneghi	+?

------------------------


------------------------
Taakut aatghit, ramket ilakwaaqullghiit paamken tagikat, maani kingun'ghit whaa kiyaghtut, talwa angyalgitnun atiilluteng ayuqut.

taakut	taake[V][Ind][3Pl]

aatghit	ategh[N][Abs][3PlPoss][PlPosd]

ramket	+?

ilakwaaqullghiit	+?

paamken	+?

tagikat	+?

maani	maani

kingunghit	+?

whaa	+?

kiyaghtut	kiyaghte[V][Ind][3Pl]

talwa	+?

angyalgitnun	angyagh-–leg[one.having.N][N→N][N][Ter][3DuPoss][PlPosd]
angyalgitnun	angyagh-–leg[one.having.N][N→N][N][Ter][3DuPoss][DuPosd]
angyalgitnun	angyagh-–leg[one.having.N][N→N][N][Ter][3PlPoss][PlPosd]
angyalgitnun	angyagh-–leg[one.having.N][N→N][N][Ter][3PlPoss][SgPosd]
angyalgitnun	angyagh-–leg[one.having.N][N→N][N][Ter][3PlPoss][DuPosd]

atiilluteng	+?

ayuqut	+?

------------------------


------------------------
Ilangi taakut ramket aatghi Nangupagaghmiit.

ilangi	ila[N][Abs][3SgPoss][PlPosd]

taakut	taake[V][Ind][3Pl]

ramket	+?

aatghi	ategh[N][Abs][3SgPoss][PlPosd]

nangupagaghmiit	+?

------------------------
Nenglullugit ama Qayiilleghni ayumightat qerngaghmelnguut nenglut.

nenglullugit	+?

ama	ama

qayiilleghni	+?

ayumightat	+?

qerngaghmelnguut	+?

nenglut	nenglu[N][Abs][Unpd][Pl]
nenglut	nenglu[N][Rel][Unpd][Pl]

------------------------


------------------------
Ayumiq tamaakut yuget liisimakegkangat naten eghqwaalleqlu, samengllu eghqwaaghusaghqameng, qerngughtillghemllu igleghnegha.

ayumiq	+?

tamaakut	+?

yuget	yug[N][Abs][Unpd][Pl]
yuget	yug[N][Rel][Unpd][Pl]

liisimakegkangat	liisimake-@*@₂~sf–(g₂)k(a)e[the.one.that.possessor.V-ed][V→N][N][Abs][3PlPoss][SgPosd]
liisimakegkangat	liisimake[V][Ptcp][3Pl][3Sg]

naten	naten

eghqwaalleqlu	+?

samengllu	sa[N][Rel][4DuPoss][SgPosd]-llu[Encl]
samengllu	sa[N][Rel][4DuPoss][PlPosd]-llu[Encl]
samengllu	sa[N][Rel][4PlPoss][SgPosd]-llu[Encl]
samengllu	sa[N][Rel][4PlPoss][PlPosd]-llu[Encl]
samengllu	sa[N][Abl_Mod][Unpd][Sg]-llu[Encl]

eghqwaaghusaghqameng	+?

qerngughtillghemllu	+?

igleghnegha	+?

------------------------


------------------------
Ataasimeng ayuumiqulleghni eghqwaaqayuget naasaghaq kaanneghani.

ataasimeng	+?

ayuumiqulleghni	+?

eghqwaaqayuget	+?

naasaghaq	+?

kaanneghani	+?

------------------------
Laluramket "moon worship"-nguniiqegkangat, temngiinguuq.

laluramket	Laluramke[N][Abs][Unpd][Pl]
laluramket	Laluramke[N][Rel][Unpd][Pl]

moon	+?

worshipnguniiqegkangat	+?

temngiinguuq	+?

------------------------


------------------------
Whaten Aymaaramket pikayuguftut eghqwaaghnaqneghmeggni: usaa taana upen'ghaa tamaghhaan pangeghtekaayuk eghqwaaghusaghqalegnun, quyngim tunaanunllu qilunganunllu.

whaten	+?

aymaaramket	+?

pikayuguftut	pi-~–kayugu[to.be.able.to.V][V→V]-(pete)fte[to.evidently.V][to.have.V-ed][V→V][V][Ind][3Pl]

eghqwaaghnaqneghmeggni	+?

usaa	+?

taana	taana

upenghaa	+?

tamaghhaan	tamaghhagh*[Quant_Qual][3Sg]

pangeghtekaayuk	+?

eghqwaaghusaghqalegnun	+?

quyngim	quyngigh[N][Rel][Unpd][Sg]

tunaanunllu	+?

qilunganunllu	+?

------------------------
Tamaakut qerngughlluki kagpaagaqluki kiinqat.

tamaakut	+?

qerngughlluki	+?

kagpaagaqluki	+?

kiinqat	+?

------------------------
Amalleqa nunivagmeng awataghpagkun kagpagikayuguftut.

amalleqa	+?

nunivagmeng	nunivag[N][Rel][4DuPoss][SgPosd]
nunivagmeng	nunivag[N][Rel][4DuPoss][PlPosd]
nunivagmeng	nunivag[N][Rel][4PlPoss][SgPosd]
nunivagmeng	nunivag[N][Rel][4PlPoss][PlPosd]
nunivagmeng	nunivag[N][Abl_Mod][Unpd][Sg]

awataghpagkun	awataghpag[N][Via][Unpd][Sg]

kagpagikayuguftut	+?

------------------------


------------------------
Uteghnineghmini tespamken uukameng nefkukayuk eghqwaaghmun atughqameng.

uteghnineghmini	+?

tespamken	+?

uukameng	+?

nefkukayuk	+?

eghqwaaghmun	+?

atughqameng	+?

------------------------
Salngagetlu tawaqat, nalighmeng tawaqapigmeng pamaken atghaatkayuk.

salngagetlu	salngag[N][Abs][Unpd][Pl]-llu[Encl]
salngagetlu	salngag[N][Rel][Unpd][Pl]-llu[Encl]

tawaqat	+?

nalighmeng	naligh*[N][Rel][4DuPoss][SgPosd]
nalighmeng	naligh*[N][Rel][4DuPoss][PlPosd]
nalighmeng	naligh*[N][Rel][4PlPoss][SgPosd]
nalighmeng	naligh*[N][Rel][4PlPoss][PlPosd]
nalighmeng	naligh*[N][Abl_Mod][Unpd][Sg]
nalighmeng	nalighmeng

tawaqapigmeng	+?

pamaken	pamaken

atghaatkayuk	atghagh-~:(u)te[to.V.for.or.with][to.cause.to.V.as.one.is.V-ing][to.V.toward.each.other][V→V]-~–kayuk[one.who.is.able.to.V][V→N][N][Abs][Unpd][Sg]
atghaatkayuk	atghagh-~:(u)te[SBJ.V-ed.something][V→V]-~–kayuk[one.who.is.able.to.V][V→N][N][Abs][Unpd][Sg]

------------------------
Aghvengumaneghmeggni, ataasit awataghpaget mangtagmeng imighluki siqlugamun kanagtaqluki.

aghvengumaneghmeggni	+?

ataasit	+?

awataghpaget	awataghpag[N][Abs][Unpd][Pl]
awataghpaget	awataghpag[N][Rel][Unpd][Pl]

mangtagmeng	+?

imighluki	+?

siqlugamun	siqlugagh[N][Ter][Unpd][Sg]

kanagtaqluki	+?

------------------------


------------------------
Tamaana neqa eghqwaaghusaghqaq kagpakayuguftaat kenlaanga tawaavek aghneghanun eghqwaaghvigkamun, tawani tanqimi Nazighaghsighmi, kergamqun nutaghaq tanqiq piinneghani.

tamaana	+?

neqa	neqe[N][Abs][Unpd][Sg]

eghqwaaghusaghqaq	+?

kagpakayuguftaat	+?

kenlaanga	+?

tawaavek	+?

aghneghanun	aghnegh[N][Ter][3SgPoss][SgPosd]
aghneghanun	aghnegh[N][Ter][3SgPoss][PlPosd]

eghqwaaghvigkamun	+?

tawani	tawani

tanqimi	tanqigh[N][Loc][Unpd][Sg]
tanqimi	tanqigh[N][Rel][4SgPoss][SgPosd]
tanqimi	tanqigh[N][Rel][4SgPoss][PlPosd]

nazighaghsighmi	+?

kergamqun	+?

nutaghaq	+?

tanqiq	tanqigh[N][Abs][Unpd][Sg]

piinneghani	+?

------------------------


------------------------
Taam sivungiighhaani Piifqemmeng atelek.

taam	+?

sivungiighhaani	+?

piifqemmeng	+?

atelek	ategh-–leg[one.having.N][N→N][N][Abs][Unpd][Sg]

------------------------
Tawani taana angyalek eghqwaaghmun igleghutistengwaaquq.

tawani	tawani

taana	taana

angyalek	angyagh-–leg[one.having.N][N→N][N][Abs][Unpd][Sg]

eghqwaaghmun	+?

igleghutistengwaaquq	+?

------------------------
Nulighha taana angyalgem sameng akuusaghqameng akuuqughaquq.

nulighha	nulighh[N][Abs][3SgPoss][SgPosd]

taana	taana

angyalgem	angyagh-–leg[one.having.N][N→N][N][Rel][Unpd][Sg]

sameng	sa[N][Rel][4DuPoss][SgPosd]
sameng	sa[N][Rel][4DuPoss][PlPosd]
sameng	sa[N][Rel][4PlPoss][SgPosd]
sameng	sa[N][Rel][4PlPoss][PlPosd]
sameng	sa[N][Abl_Mod][Unpd][Sg]
sameng	sameng

akuusaghqameng	+?

akuuqughaquq	+?

------------------------
Ayveghem uqaan mesiighi akuutusiiqaqii nuniivagmun, tunumeng ilaluki.

ayveghem	ayvegh[N][Rel][Unpd][Sg]

uqaan	uqugh[N][Rel][3SgPoss][SgPosd]
uqaan	uqugh[N][Rel][3SgPoss][PlPosd]

mesiighi	+?

akuutusiiqaqii	+?

nuniivagmun	+?

tunumeng	+?

ilaluki	+?

------------------------


------------------------
Qamagllutek nulighqullghiik aatkameng, eghqwaaghem aatkaghqaaneng aasaghqak.

qamagllutek	+?

nulighqullghiik	+?

aatkameng	aatkagh[N][Rel][4DuPoss][SgPosd]
aatkameng	aatkagh[N][Rel][4DuPoss][PlPosd]
aatkameng	aatkagh[N][Rel][4PlPoss][SgPosd]
aatkameng	aatkagh[N][Rel][4PlPoss][PlPosd]
aatkameng	aatkagh[N][Abl_Mod][Unpd][Sg]

eghqwaaghem	+?

aatkaghqaaneng	+?

aasaghqak	+?

------------------------
Wetku tawaninginaq aasaghqat.

wetku	+?

tawaninginaq	+?

aasaghqat	+?

------------------------
Tamaakun'nguq Ategham aatkaqii.

tamaakunnguq	+?

ategham	+?

aatkaqii	aate-@₂~fkaq[one.that.has.V-ed][V→N]-~–ke[to.have.as.one's.N(s)][N→V]-~i[SBJ.V-ed.something][V→V]-~i[SBJ.V-ed.something][V→V]-~i[SBJ.V-ed.something][V→V]-~i[SBJ.V-ed.something][V→V][V][Opt][PRS][2Sg]
aatkaqii	aate-@₂~fkaq[one.that.has.V-ed][V→N]-~–ke[to.have.as.one's.N(s)][N→V]-~i[SBJ.V-ed.something][V→V]-~i[SBJ.V-ed.something][V→V]-~i[SBJ.V-ed.something][V→V][V][Opt][PRS][2Sg]
aatkaqii	aate-@₂~fkaq[one.that.has.V-ed][V→N]-~–ke[to.have.as.one's.N(s)][N→V]-~i[SBJ.V-ed.something][V→V]-~i[SBJ.V-ed.something][V→V][V][Opt][PRS][2Sg]
aatkaqii	aate-@₂~fkaq[one.that.has.V-ed][V→N]-~–ke[to.have.as.one's.N(s)][N→V]-~i[SBJ.V-ed.something][V→V][V][Intrg][3Sg]
aatkaqii	aatkagh-~–ke[to.have.as.one's.N(s)][N→V]-~i[SBJ.V-ed.something][V→V]-~i[SBJ.V-ed.something][V→V]-~i[SBJ.V-ed.something][V→V]-~i[SBJ.V-ed.something][V→V]-~i[SBJ.V-ed.something][V→V][V][Opt][PRS][2Sg]
aatkaqii	aatkagh-~–ke[to.have.as.one's.N(s)][N→V]-~i[SBJ.V-ed.something][V→V]-~i[SBJ.V-ed.something][V→V]-~i[SBJ.V-ed.something][V→V]-~i[SBJ.V-ed.something][V→V][V][Opt][PRS][2Sg]
aatkaqii	aatkagh-~–ke[to.have.as.one's.N(s)][N→V]-~i[SBJ.V-ed.something][V→V]-~i[SBJ.V-ed.something][V→V]-~i[SBJ.V-ed.something][V→V][V][Opt][PRS][2Sg]
aatkaqii	aatkagh-~–ke[to.have.as.one's.N(s)][N→V]-~i[SBJ.V-ed.something][V→V]-~i[SBJ.V-ed.something][V→V][V][Opt][PRS][2Sg]
aatkaqii	aatkagh-~–ke[to.have.as.one's.N(s)][N→V]-~i[SBJ.V-ed.something][V→V][V][Intrg][3Sg]

------------------------
Ateghaghnaqneghmeggni aatkayugit.

ateghaghnaqneghmeggni	+?

aatkayugit	+?

------------------------


------------------------
Aghneq ataasiq yataaghqutkaqaat, neqa sangwaa apeghiighteghraaneghmegteggu.

aghneq	aghnegh[N][Abs][Unpd][Sg]

ataasiq	+?

yataaghqutkaqaat	+?

neqa	neqe[N][Abs][Unpd][Sg]

sangwaa	sa-~:(ng₁)u[to.be.N][N→V][V][Intrg][3Sg]

apeghiighteghraaneghmegteggu	+?

------------------------
Unaghsikun sagneghqun neqa qamaglluku qantaghteghluku naatghem qukaakun qerngiita lliluki, tanpeghmeng saapluki qavaghtaqiit.  

unaghsikun	+?

sagneghqun	sagnegh[N][Via][Unpd][Sg]

neqa	neqe[N][Abs][Unpd][Sg]

qamaglluku	+?

qantaghteghluku	+?

naatghem	+?

qukaakun	+?

qerngiita	qerngagh*[Quant_Qual][3Du]
qerngiita	qerngagh*[Quant_Qual][3Pl]

lliluki	lli-~:(u)te[to.V.for.or.with][to.cause.to.V.as.one.is.V-ing][to.V.toward.each.other][V→V][V][Sbrd][1Du][3Pl]
lliluki	lli-~:(u)te[to.V.for.or.with][to.cause.to.V.as.one.is.V-ing][to.V.toward.each.other][V→V][V][Sbrd][1Pl][3Pl]
lliluki	lli-~:(u)te[to.V.for.or.with][to.cause.to.V.as.one.is.V-ing][to.V.toward.each.other][V→V][V][Sbrd][1Sg][3Pl]
lliluki	lli-~:(u)te[to.V.for.or.with][to.cause.to.V.as.one.is.V-ing][to.V.toward.each.other][V→V][V][Sbrd][2Du][3Pl]
lliluki	lli-~:(u)te[to.V.for.or.with][to.cause.to.V.as.one.is.V-ing][to.V.toward.each.other][V→V][V][Sbrd][2Pl][3Pl]
lliluki	lli-~:(u)te[to.V.for.or.with][to.cause.to.V.as.one.is.V-ing][to.V.toward.each.other][V→V][V][Sbrd][2Sg][3Pl]
lliluki	lli-~:(u)te[to.V.for.or.with][to.cause.to.V.as.one.is.V-ing][to.V.toward.each.other][V→V][V][Sbrd][3Du][3Pl]
lliluki	lli-~:(u)te[to.V.for.or.with][to.cause.to.V.as.one.is.V-ing][to.V.toward.each.other][V→V][V][Sbrd][3Pl][3Pl]
lliluki	lli-~:(u)te[to.V.for.or.with][to.cause.to.V.as.one.is.V-ing][to.V.toward.each.other][V→V][V][Sbrd][3Sg][3Pl]
lliluki	lli[V][Sbrd][1Du][3Pl]
lliluki	lli[V][Sbrd][1Pl][3Pl]
lliluki	lli[V][Sbrd][1Sg][3Pl]
lliluki	lli[V][Sbrd][2Du][3Pl]
lliluki	lli[V][Sbrd][2Pl][3Pl]
lliluki	lli[V][Sbrd][2Sg][3Pl]
lliluki	lli[V][Sbrd][3Du][3Pl]
lliluki	lli[V][Sbrd][3Pl][3Pl]
lliluki	lli[V][Sbrd][3Sg][3Pl]

tanpeghmeng	tanpegh[N][Rel][4DuPoss][SgPosd]
tanpeghmeng	tanpegh[N][Rel][4DuPoss][PlPosd]
tanpeghmeng	tanpegh[N][Rel][4PlPoss][SgPosd]
tanpeghmeng	tanpegh[N][Rel][4PlPoss][PlPosd]
tanpeghmeng	tanpegh[N][Abl_Mod][Unpd][Sg]

saapluki	+?

qavaghtaqiit	qavagh-te[to.act.on.so.as.to.cause.to.V][V→V]-~(g₁)aqe[to.be.V.ing][to.regularly.or.repeatedly.V][V→V]-~i[SBJ.V-ed.something][V→V][V][Intrg][3Pl]
qavaghtaqiit	qavagh-te[to.act.on.so.as.to.cause.to.V][V→V]-~(g₁)aqe[to.be.V.ing][to.regularly.or.repeatedly.V][V→V]-~i[SBJ.V-ed.something][V→V][V][Ind][3Pl]

------------------------


------------------------
Tawani unugmi taam angyalgem qafsinat ilagaatet atughaqii tamaavenginaq pisit.

tawani	tawani

unugmi	+?

taam	+?

angyalgem	angyagh-–leg[one.having.N][N→N][N][Rel][Unpd][Sg]

qafsinat	qafsina[N][Abs][Unpd][Pl]
qafsinat	qafsina[N][Rel][Unpd][Pl]

ilagaatet	ilagagh-~:(u)te[condition.with.respect.to.V-ing][V→N][N][Abs][Unpd][Pl]
ilagaatet	ilagagh-~:(u)te[condition.with.respect.to.V-ing][V→N][N][Rel][Unpd][Pl]

atughaqii	atugh-~(g₁)aqe[to.be.V.ing][to.regularly.or.repeatedly.V][V→V]-~i[SBJ.V-ed.something][V→V]-~i[SBJ.V-ed.something][V→V]-~i[SBJ.V-ed.something][V→V]-~i[SBJ.V-ed.something][V→V]-~i[SBJ.V-ed.something][V→V][V][Opt][PRS][2Sg]
atughaqii	atugh-~(g₁)aqe[to.be.V.ing][to.regularly.or.repeatedly.V][V→V]-~i[SBJ.V-ed.something][V→V]-~i[SBJ.V-ed.something][V→V]-~i[SBJ.V-ed.something][V→V]-~i[SBJ.V-ed.something][V→V][V][Opt][PRS][2Sg]
atughaqii	atugh-~(g₁)aqe[to.be.V.ing][to.regularly.or.repeatedly.V][V→V]-~i[SBJ.V-ed.something][V→V]-~i[SBJ.V-ed.something][V→V]-~i[SBJ.V-ed.something][V→V][V][Opt][PRS][2Sg]
atughaqii	atugh-~(g₁)aqe[to.be.V.ing][to.regularly.or.repeatedly.V][V→V]-~i[SBJ.V-ed.something][V→V]-~i[SBJ.V-ed.something][V→V][V][Opt][PRS][2Sg]
atughaqii	atugh-~(g₁)aqe[to.be.V.ing][to.regularly.or.repeatedly.V][V→V]-~i[SBJ.V-ed.something][V→V][V][Intrg][3Sg]
atughaqii	atugh-~(g₁)aqe[to.be.V.ing][to.regularly.or.repeatedly.V][V→V][V][Ind][3Sg][3Pl]

tamaavenginaq	+?

pisit	+?

------------------------
Ivaghullugmeng atelget tamaakut.

ivaghullugmeng	+?

atelget	ategh-–leg[one.having.N][N→N][N][Abs][Unpd][Pl]
atelget	ategh-–leg[one.having.N][N→N][N][Rel][Unpd][Pl]
atelget	ategh-–lget[to.have.N][AUG]

tamaakut	+?

------------------------
Nangllegsiisit.

nangllegsiisit	+?

------------------------


------------------------
Taagken unaangupiglluku aghtaaghaqestaq maliglluku angyam yugan nenglluuguteteng ilakluki atghaghtuutaqut tamaaken sagneghmeng tugumiightuulluteng, kanavek angyilghanun.

taagken	taagken

unaangupiglluku	+?

aghtaaghaqestaq	+?

maliglluku	+?

angyam	angyagh[N][Rel][Unpd][Sg]

yugan	yug[N][Rel][3SgPoss][SgPosd]
yugan	yug[N][Rel][3SgPoss][PlPosd]

nenglluuguteteng	+?

ilakluki	+?

atghaghtuutaqut	+?

tamaaken	+?

sagneghmeng	sagnegh[N][Rel][4DuPoss][SgPosd]
sagneghmeng	sagnegh[N][Rel][4DuPoss][PlPosd]
sagneghmeng	sagnegh[N][Rel][4PlPoss][SgPosd]
sagneghmeng	sagnegh[N][Rel][4PlPoss][PlPosd]
sagneghmeng	sagnegh[N][Abl_Mod][Unpd][Sg]

tugumiightuulluteng	+?

kanavek	kanavek

angyilghanun	+?

------------------------
Taagken angyaq angyilghaneng ateghlluku, taakutlu neqet qaakluki angyamun, kanaavek keniileghnun angyaq atghaataqaat.

taagken	taagken

angyaq	angyagh[N][Abs][Unpd][Sg]

angyilghaneng	+?

ateghlluku	+?

taakutlu	+?

neqet	neqe[N][Abs][Unpd][Pl]
neqet	neqe[N][Rel][Unpd][Pl]

qaakluki	+?

angyamun	angyagh[N][Ter][Unpd][Sg]

kanaavek	+?

keniileghnun	+?

angyaq	angyagh[N][Abs][Unpd][Sg]

atghaataqaat	+?

------------------------


------------------------
Tawaani kenileghni aghuliighluteng utaqiigaqut siqineq piinneghsighaqaat.

tawaani	+?

kenileghni	+?

aghuliighluteng	aghuliigh[V][Sbrd][3Pl]

utaqiigaqut	utaqa-~i[SBJ.V-ed.something][V→V]-~i[SBJ.V-ed.something][V→V]-~i[SBJ.V-ed.something][V→V]-~i[SBJ.V-ed.something][V→V]-~i[SBJ.V-ed.something][V→V]-~(g₁)aqe[to.be.V.ing][to.regularly.or.repeatedly.V][V→V][V][Ind][3Pl]
utaqiigaqut	utaqa-~i[SBJ.V-ed.something][V→V]-~i[SBJ.V-ed.something][V→V]-~i[SBJ.V-ed.something][V→V]-~i[SBJ.V-ed.something][V→V]-~(g₁)aqe[to.be.V.ing][to.regularly.or.repeatedly.V][V→V][V][Ind][3Pl]
utaqiigaqut	utaqa-~i[SBJ.V-ed.something][V→V]-~i[SBJ.V-ed.something][V→V]-~i[SBJ.V-ed.something][V→V]-~(g₁)aqe[to.be.V.ing][to.regularly.or.repeatedly.V][V→V][V][Ind][3Pl]
utaqiigaqut	utaqa-~i[SBJ.V-ed.something][V→V]-~i[SBJ.V-ed.something][V→V]-~(g₁)aqe[to.be.V.ing][to.regularly.or.repeatedly.V][V→V][V][Ind][3Pl]
utaqiigaqut	utaqa-~i[SBJ.V-ed.something][V→V]-~(g₁)aqe[to.be.V.ing][to.regularly.or.repeatedly.V][V→V][V][Ind][3Pl]

siqineq	siqinegh[N][Abs][Unpd][Sg]

piinneghsighaqaat	+?

------------------------
Whaa siqineq piitekestan'ghani naaygham qaaynganeng, angyalgem tamaana sagneq llilaghtughtestaqaa anigum qaayngakun, taagken tamaaken sagneghem imaaneng tugullughaqluni eghqwaaghaquq.

whaa	+?

siqineq	siqinegh[N][Abs][Unpd][Sg]

piitekestanghani	+?

naaygham	naayghagh[N][Rel][Unpd][Sg]

qaaynganeng	qaye[N][Abl_Mod][3SgPoss][SgPosd]
qaaynganeng	qaye[N][Abl_Mod][3SgPoss][PlPosd]

angyalgem	angyagh-–leg[one.having.N][N→N][N][Rel][Unpd][Sg]

tamaana	+?

sagneq	sagnegh[N][Abs][Unpd][Sg]

llilaghtughtestaqaa	+?

anigum	anigu[N][Rel][Unpd][Sg]

qaayngakun	qaye[N][Via][3DuPoss][PlPosd]
qaayngakun	qaye[N][Via][3SgPoss][SgPosd]
qaayngakun	qaye[N][Via][3SgPoss][PlPosd]

taagken	taagken

tamaaken	+?

sagneghem	sagnegh[N][Rel][Unpd][Sg]

imaaneng	+?

tugullughaqluni	+?

eghqwaaghaquq	+?

------------------------
Eghqwaaneghmeggni tugullughluteng taan'gavek meghmun miluututkelluku sameng akuzimleghaamaghmeng maniiguutusimeng, igamsiqayugumaghmeng agum ayumiqullghem tunuusaaneng piiqut.

eghqwaaneghmeggni	+?

tugullughluteng	+?

taangavek	+?

meghmun	megh[N][Ter][Unpd][Sg]

miluututkelluku	+?

sameng	sa[N][Rel][4DuPoss][SgPosd]
sameng	sa[N][Rel][4DuPoss][PlPosd]
sameng	sa[N][Rel][4PlPoss][SgPosd]
sameng	sa[N][Rel][4PlPoss][PlPosd]
sameng	sa[N][Abl_Mod][Unpd][Sg]
sameng	sameng

akuzimleghaamaghmeng	+?

maniiguutusimeng	+?

igamsiqayugumaghmeng	igamsiqayug-@₁~:(i/u)magh*[while.V-ing][V→V][Quant_Qual][4Pl]

agum	+?

ayumiqullghem	+?

tunuusaaneng	+?

piiqut	pi-~(g₁)aqe[to.be.V.ing][to.regularly.or.repeatedly.V][V→V][V][Ind][3Pl]

------------------------


------------------------
Tawaten eghqwaaneghmeng taaqneghmini angyalek, tawaqatlu iinguniita meghmun miluulluki piiqegkaangi taakut yuget neghesqelluuki.

tawaten	tawaten

eghqwaaneghmeng	+?

taaqneghmini	+?

angyalek	angyagh-–leg[one.having.N][N→N][N][Abs][Unpd][Sg]

tawaqatlu	+?

iinguniita	iingunagh*[Quant_Qual][3Du]
iinguniita	iingunagh*[Quant_Qual][3Pl]

meghmun	megh[N][Ter][Unpd][Sg]

miluulluki	+?

piiqegkaangi	+?

taakut	taake[V][Ind][3Pl]

yuget	yug[N][Abs][Unpd][Pl]
yuget	yug[N][Rel][Unpd][Pl]

neghesqelluuki	+?

------------------------
Tawani keniileghni neghuuteghllakayuguut.

tawani	tawani

keniileghni	+?

neghuuteghllakayuguut	+?

------------------------
Kina alngunak tagilghii elngaatall neghesqaqaat.

kina	kina
kina	kina[N][Abs][Unpd][Sg]

alngunak	+?

tagilghii	tagi-@₁–lghii[the.one.that.V-ed][the.one.that.is.V][V→N][N][Abs][Unpd][Sg]
tagilghii	tagi[V][Ptcp][3Sg]

elngaatall	elngaatall

neghesqaqaat	+?

------------------------


------------------------
Taana llangaqa eghqwaaq nangllegsiisiiguq ama igamsiqaayuguusiiguq.

taana	taana

llangaqa	+?

eghqwaaq	+?

nangllegsiisiiguq	+?

ama	ama

igamsiqaayuguusiiguq	+?

------------------------
Tanqimun maniiguutusiin'ghituq, taawanginaq taana tanqim piisuwhaallgha iiskughtaqaat tawanighlluugwaaq ayuumiqulleghmi pinaluteng.

tanqimun	tanqigh[N][Ter][Unpd][Sg]

maniiguutusiinghituq	+?

taawanginaq	+?

taana	taana

tanqim	tanqigh[N][Rel][Unpd][Sg]

piisuwhaallgha	+?

iiskughtaqaat	+?

tawanighlluugwaaq	+?

ayuumiqulleghmi	+?

pinaluteng	pi-@₁~fna[in.order.to.V][intending.to.V][V→V]-~:(u)te[to.V.for.or.with][to.cause.to.V.as.one.is.V-ing][to.V.toward.each.other][V→V][V][Sbrd][3Pl]
pinaluteng	pi-@₁~fna[in.order.to.V][intending.to.V][V→V]-~:(u)te[SBJ.V-ed.something][V→V][V][Sbrd][3Pl]
pinaluteng	pi-@₁~fna[in.order.to.V][intending.to.V][V→V][V][Sbrd][3Pl]
pinaluteng	pi-~:(u)te[to.V.for.or.with][to.cause.to.V.as.one.is.V-ing][to.V.toward.each.other][V→V]-@₁~fna[in.order.to.V][intending.to.V][V→V]-~:(u)te[to.V.for.or.with][to.cause.to.V.as.one.is.V-ing][to.V.toward.each.other][V→V][V][Sbrd][3Pl]
pinaluteng	pi-~:(u)te[to.V.for.or.with][to.cause.to.V.as.one.is.V-ing][to.V.toward.each.other][V→V]-@₁~fna[in.order.to.V][intending.to.V][V→V]-~:(u)te[SBJ.V-ed.something][V→V][V][Sbrd][3Pl]
pinaluteng	pi-~:(u)te[to.V.for.or.with][to.cause.to.V.as.one.is.V-ing][to.V.toward.each.other][V→V]-@₁~fna[in.order.to.V][intending.to.V][V→V][V][Sbrd][3Pl]
pinaluteng	pi-~:(u)te[SBJ.V-ed.something][V→V]-@₁~fna[in.order.to.V][intending.to.V][V→V]-~:(u)te[to.V.for.or.with][to.cause.to.V.as.one.is.V-ing][to.V.toward.each.other][V→V][V][Sbrd][3Pl]
pinaluteng	pi-~:(u)te[SBJ.V-ed.something][V→V]-@₁~fna[in.order.to.V][intending.to.V][V→V]-~:(u)te[SBJ.V-ed.something][V→V][V][Sbrd][3Pl]
pinaluteng	pi-~:(u)te[SBJ.V-ed.something][V→V]-@₁~fna[in.order.to.V][intending.to.V][V→V][V][Sbrd][3Pl]

------------------------
Nangllegsiisiq uumun upen'ghaam neqniillgha pilaataqusqelluku.

nangllegsiisiq	+?

uumun	+?

upenghaam	+?

neqniillgha	+?

pilaataqusqelluku	+?

------------------------


------------------------
Taakut Pugughileghmiit ramkengit eghqwaaqayuguftut tawani tanqimi Lluughvigmi, amalleqa tawaten tanqiq piin'ghaaluku.

taakut	taake[V][Ind][3Pl]

pugughileghmiit	+?

ramkengit	+?

eghqwaaqayuguftut	+?

tawani	tawani

tanqimi	tanqigh[N][Loc][Unpd][Sg]
tanqimi	tanqigh[N][Rel][4SgPoss][SgPosd]
tanqimi	tanqigh[N][Rel][4SgPoss][PlPosd]

lluughvigmi	+?

amalleqa	+?

tawaten	tawaten

tanqiq	tanqigh[N][Abs][Unpd][Sg]

piinghaaluku	+?

------------------------
Tawaten ama neqa iingkerugllak neghyugnaq qerngughlluku pikayuget.

tawaten	tawaten

ama	ama

neqa	neqe[N][Abs][Unpd][Sg]

iingkerugllak	+?

neghyugnaq	+?

qerngughlluku	+?

pikayuget	+?

------------------------
Taawanginaq taakun'nguq Pugughileghmiit, ilakwaaqutiinalghiit eghqwaaghmi neghutkayuguftut.

taawanginaq	+?

taakunnguq	+?

pugughileghmiit	+?

ilakwaaqutiinalghiit	+?

eghqwaaghmi	+?

neghutkayuguftut	negh-~:(u)te[to.V.for.or.with][to.cause.to.V.as.one.is.V-ing][to.V.toward.each.other][V→V]-~–kayugu[to.be.able.to.V][V→V]-(pete)fte[to.evidently.V][to.have.V-ed][V→V][V][Ind][3Pl]
neghutkayuguftut	negh-~:(u)te[SBJ.V-ed.something][V→V]-~–kayugu[to.be.able.to.V][V→V]-(pete)fte[to.evidently.V][to.have.V-ed][V→V][V][Ind][3Pl]
neghutkayuguftut	neghe-~:(u)te[to.V.for.or.with][to.cause.to.V.as.one.is.V-ing][to.V.toward.each.other][V→V]-~–kayugu[to.be.able.to.V][V→V]-(pete)fte[to.evidently.V][to.have.V-ed][V→V][V][Ind][3Pl]
neghutkayuguftut	neghe-~:(u)te[SBJ.V-ed.something][V→V]-~–kayugu[to.be.able.to.V][V→V]-(pete)fte[to.evidently.V][to.have.V-ed][V→V][V][Ind][3Pl]

------------------------
Allat pingigateftut.

allat	alla[N][Abs][Unpd][Pl]
allat	alla[N][Rel][Unpd][Pl]

pingigateftut	pi-@₁~:(ng₂)igate[to.never.V][to.not.be.V-ing][V→V]-(pete)fte[to.evidently.V][to.have.V-ed][V→V][V][Ind][3Pl]

------------------------


------------------------
Taakut ilangi ramket, Nangupagaghmiit, eghqwaaqayuuguftut tawani Teghiglugsighmi tawaten tanqiq piinneghani.

taakut	taake[V][Ind][3Pl]

ilangi	ila[N][Abs][3SgPoss][PlPosd]

ramket	+?

nangupagaghmiit	+?

eghqwaaqayuuguftut	+?

tawani	tawani

teghiglugsighmi	+?

tawaten	tawaten

tanqiq	tanqigh[N][Abs][Unpd][Sg]

piinneghani	+?

------------------------
Alngunak kina neghyaghtuqayuk tawani eghqwaan'ghata.

alngunak	+?

kina	kina
kina	kina[N][Abs][Unpd][Sg]

neghyaghtuqayuk	negh-@₁~fyaghtugh[to.be.about.to.V][to.go.somewhere.to.V]-~–kayuk[one.who.is.able.to.V][V→N][N][Abs][Unpd][Sg]
neghyaghtuqayuk	neghe-@₁~fyaghtugh[to.be.about.to.V][to.go.somewhere.to.V]-~–kayuk[one.who.is.able.to.V][V→N][N][Abs][Unpd][Sg]

tawani	tawani

eghqwaanghata	+?

------------------------


------------------------
Tamaana angyalek eghqwaaqayuk qamaggluni ategham aatkaaneng aalluni pikayuk.

tamaana	+?

angyalek	angyagh-–leg[one.having.N][N→N][N][Abs][Unpd][Sg]

eghqwaaqayuk	+?

qamaggluni	qamagte[V][Sbrd][3Sg]

ategham	+?

aatkaaneng	aatkagh[N][Abl_Mod][3SgPoss][SgPosd]
aatkaaneng	aatkagh[N][Abl_Mod][3SgPoss][PlPosd]

aalluni	+?

pikayuk	pi-~–kayuk[one.who.is.able.to.V][V→N][N][Abs][Unpd][Sg]

------------------------
Temngi alla aasigaatiit, iwerngaqun aghvengneghmeggni wetku aatkayugit.

temngi	+?

alla	alla
alla	alla[N][Abs][Unpd][Sg]

aasigaatiit	+?

iwerngaqun	+?

aghvengneghmeggni	+?

wetku	+?

aatkayugit	+?

------------------------
