AQELLQAGHNIIQ

aqellqaghniiq	+?

------------------------
Apangaluum Apellgha

apangaluum	+?

apellgha	+?

------------------------


------------------------
Neghighluku sangwaat yuget naken kaanneghata maakumiingunghilnguut aqelqat.

neghighluku	+?

sangwaat	sa-~:(ng₁)u[to.be.N][N→V][V][Intrg][3Pl]

yuget	yug[N][Abs][Unpd][Pl]
yuget	yug[N][Rel][Unpd][Pl]

naken	naken

kaanneghata	kaate[V][Ctmp][3Pl]

maakumiingunghilnguut	+?

aqelqat	aqelqagh[N][Abs][Unpd][Pl]
aqelqat	aqelqagh[N][Rel][Unpd][Pl]

------------------------
Sivuqam igleghneghani tamaakut aqelqat kaanneghata nanghiighyaghqaawaqelghiit, iknaqetulngi, sukatulngi.

sivuqam	Sivuqagh[N][Rel][Unpd][Sg]

igleghneghani	+?

tamaakut	+?

aqelqat	aqelqagh[N][Abs][Unpd][Pl]
aqelqat	aqelqagh[N][Rel][Unpd][Pl]

kaanneghata	kaate[V][Ctmp][3Pl]

nanghiighyaghqaawaqelghiit	+?

iknaqetulngi	+?

sukatulngi	+?

------------------------
Kiyang Ungazimeng pamaken pangeghtat pinghata, taakunguut aqelqaghniighyugaqegkangit, tamanganun pagsinganalghiit.

kiyang	+?

ungazimeng	Ungazigh[N][Rel][4DuPoss][SgPosd]
ungazimeng	Ungazigh[N][Rel][4DuPoss][PlPosd]
ungazimeng	Ungazigh[N][Rel][4PlPoss][SgPosd]
ungazimeng	Ungazigh[N][Rel][4PlPoss][PlPosd]
ungazimeng	Ungazigh[N][Abl_Mod][Unpd][Sg]

pamaken	pamaken

pangeghtat	pangeghte[V][Intrg][3Pl]

pinghata	+?

taakunguut	+?

aqelqaghniighyugaqegkangit	aqelqaghniigh[to.hunt.for.N][to.search.for.N][to.ask.for.N][to.work.with.N][N→V]-@₁~fyug[to.want.to.V][V→V]-~(g₁)aqe[to.be.V.ing][to.regularly.or.repeatedly.V][V→V]-@*@₂~sf–(g₂)k(a)e[the.one.that.possessor.V-ed][V→N][N][Abs][3PlPoss][PlPosd]

tamanganun	+?

pagsinganalghiit	+?

------------------------


------------------------
Tawani tanqimi Pinaghvigmi nalighmeng tuunglighhaani Angutughvigmi paangghet kaanneghata pamaken angyat, ilangakun family-tuumaghmeng.

tawani	tawani

tanqimi	tanqigh[N][Loc][Unpd][Sg]
tanqimi	tanqigh[N][Rel][4SgPoss][SgPosd]
tanqimi	tanqigh[N][Rel][4SgPoss][PlPosd]

pinaghvigmi	+?

nalighmeng	naligh*[N][Rel][4DuPoss][SgPosd]
nalighmeng	naligh*[N][Rel][4DuPoss][PlPosd]
nalighmeng	naligh*[N][Rel][4PlPoss][SgPosd]
nalighmeng	naligh*[N][Rel][4PlPoss][PlPosd]
nalighmeng	naligh*[N][Abl_Mod][Unpd][Sg]
nalighmeng	nalighmeng

tuunglighhaani	+?

angutughvigmi	+?

paangghet	+?

kaanneghata	kaate[V][Ctmp][3Pl]

pamaken	pamaken

angyat	angyagh[N][Abs][Unpd][Pl]
angyat	angyagh[N][Rel][Unpd][Pl]

ilangakun	ila[N][Via][3DuPoss][PlPosd]
ilangakun	ila[N][Via][3SgPoss][SgPosd]
ilangakun	ila[N][Via][3SgPoss][PlPosd]

familytuumaghmeng	+?

------------------------
Kiyang akilpegaghnalutengllu, pirughhnaluteng pangeghtaqelghiit.

kiyang	+?

akilpegaghnalutengllu	+?

pirughhnaluteng	+?

pangeghtaqelghiit	pangeghte-~(g₁)aqe[to.be.V.ing][to.regularly.or.repeatedly.V][V→V]-@₁–lghii[the.one.that.V-ed][the.one.that.is.V][V→N][N][Abs][Unpd][Pl]
pangeghtaqelghiit	pangeghte-~(g₁)aqe[to.be.V.ing][to.regularly.or.repeatedly.V][V→V]-@₁–lghii[the.one.that.V-ed][the.one.that.is.V][V→N][N][Rel][Unpd][Pl]
pangeghtaqelghiit	pangeghte-~(g₁)aqe[to.be.V.ing][to.regularly.or.repeatedly.V][V→V][V][Ptcp][3Pl]

------------------------


------------------------
Iwernga taananguuq aangelghii aqelqaghniilleq, talwa ilangakun aqelqat neghestegpenaki piinliqayuk.

iwernga	iwernga

taananguuq	+?

aangelghii	aange-@₁–lghii[the.one.that.V-ed][the.one.that.is.V][V→N][N][Abs][Unpd][Sg]
aangelghii	aange[V][Ptcp][3Sg]

aqelqaghniilleq	+?

talwa	+?

ilangakun	ila[N][Via][3DuPoss][PlPosd]
ilangakun	ila[N][Via][3SgPoss][SgPosd]
ilangakun	ila[N][Via][3SgPoss][PlPosd]

aqelqat	aqelqagh[N][Abs][Unpd][Pl]
aqelqat	aqelqagh[N][Rel][Unpd][Pl]

neghestegpenaki	neghe-(te)ste[to.have.make.or.let.one.V][Cmpd_Vbl]-@₁–nghite**[to.not.V][V→V][V][Sbrd][1Du][3Pl]
neghestegpenaki	neghe-(te)ste[to.have.make.or.let.one.V][Cmpd_Vbl]-@₁–nghite**[to.not.V][V→V][V][Sbrd][1Pl][3Pl]
neghestegpenaki	neghe-(te)ste[to.have.make.or.let.one.V][Cmpd_Vbl]-@₁–nghite**[to.not.V][V→V][V][Sbrd][1Sg][3Pl]
neghestegpenaki	neghe-(te)ste[to.have.make.or.let.one.V][Cmpd_Vbl]-@₁–nghite**[to.not.V][V→V][V][Sbrd][2Du][3Pl]
neghestegpenaki	neghe-(te)ste[to.have.make.or.let.one.V][Cmpd_Vbl]-@₁–nghite**[to.not.V][V→V][V][Sbrd][2Pl][3Pl]
neghestegpenaki	neghe-(te)ste[to.have.make.or.let.one.V][Cmpd_Vbl]-@₁–nghite**[to.not.V][V→V][V][Sbrd][2Sg][3Pl]
neghestegpenaki	neghe-(te)ste[to.have.make.or.let.one.V][Cmpd_Vbl]-@₁–nghite**[to.not.V][V→V][V][Sbrd][3Du][3Pl]
neghestegpenaki	neghe-(te)ste[to.have.make.or.let.one.V][Cmpd_Vbl]-@₁–nghite**[to.not.V][V→V][V][Sbrd][3Pl][3Pl]
neghestegpenaki	neghe-(te)ste[to.have.make.or.let.one.V][Cmpd_Vbl]-@₁–nghite**[to.not.V][V→V][V][Sbrd][3Sg][3Pl]

piinliqayuk	+?

------------------------
Tawaten piinliqayuk, yuuk maakumii ayaviightuumaghmi qellineghmun esnevaghaquq.

tawaten	tawaten

piinliqayuk	+?

yuuk	yug[N][Abs][Sg]

maakumii	+?

ayaviightuumaghmi	ayaviigh-tugh[to.eat.N][to.use.N][N→V]-@₁~:(i/u)magh*[while.V-ing][V→V][Quant_Qual][4Sg]
ayaviightuumaghmi	ayaviigh-tuumagh*[together.with.one's.Ns][N→V][Quant_Qual][4Sg]

qellineghmun	+?

esnevaghaquq	+?

------------------------
Tawaten yugmeng esghhaanneghmeggni liigikaqaat sanaqutanga.  

tawaten	tawaten

yugmeng	yug[N][Rel][4DuPoss][SgPosd]
yugmeng	yug[N][Rel][4DuPoss][PlPosd]
yugmeng	yug[N][Rel][4PlPoss][SgPosd]
yugmeng	yug[N][Rel][4PlPoss][PlPosd]
yugmeng	yug[N][Abl_Mod][Unpd][Sg]

esghhaanneghmeggni	+?

liigikaqaat	+?

sanaqutanga	sa-@₁~fnaqe[to.be.going.to.V][V→V]-~:(u)te[to.V.for.or.with][to.cause.to.V.as.one.is.V-ing][to.V.toward.each.other][V→V][V][Intrg][3Sg][1Sg]
sanaqutanga	sa-@₁~fnaqe[to.be.going.to.V][V→V]-~:(u)ta[condition.with.respect.to.V-ing][V→N][N][Abs][3SgPoss][SgPosd]
sanaqutanga	sa-~:(u)te[to.V.for.or.with][to.cause.to.V.as.one.is.V-ing][to.V.toward.each.other][V→V]-@₁~fnaqe[to.be.going.to.V][V→V]-~:(u)te[to.V.for.or.with][to.cause.to.V.as.one.is.V-ing][to.V.toward.each.other][V→V][V][Intrg][3Sg][1Sg]
sanaqutanga	sa-~:(u)te[to.V.for.or.with][to.cause.to.V.as.one.is.V-ing][to.V.toward.each.other][V→V]-@₁~fnaqe[to.be.going.to.V][V→V]-~:(u)ta[condition.with.respect.to.V-ing][V→N][N][Abs][3SgPoss][SgPosd]
sanaqutanga	sa-~:(u)te[SBJ.V-ed.something][V→V]-@₁~fnaqe[to.be.going.to.V][V→V]-~:(u)ta[condition.with.respect.to.V-ing][V→N][N][Abs][3SgPoss][SgPosd]

------------------------


------------------------
Aqfaqughvigmi uzivgaghaquq, nulangllameng atelek.

aqfaqughvigmi	+?

uzivgaghaquq	+?

nulangllameng	+?

atelek	ategh-–leg[one.having.N][N→N][N][Abs][Unpd][Sg]

------------------------
Kina alngunak yuuk ateghaataquq aqfaquq piinlinghani.

kina	kina
kina	kina[N][Abs][Unpd][Sg]

alngunak	+?

yuuk	yug[N][Abs][Sg]

ateghaataquq	+?

aqfaquq	+?

piinlinghani	+?

------------------------
Nukalpigaq iingunaghmi avelghaghyaghqaanghilnguq tawavek.

nukalpigaq	+?

iingunaghmi	iingunagh*[Quant_Qual][4Sg]

avelghaghyaghqaanghilnguq	+?

tawavek	+?

------------------------
Siivanlleghet iiskughtiiqut kina avelghaghnayukan.

siivanlleghet	siivanllegh[N][Abs][Unpd][Pl]
siivanlleghet	siivanllegh[N][Rel][Unpd][Pl]

iiskughtiiqut	+?

kina	kina
kina	kina[N][Abs][Unpd][Sg]

avelghaghnayukan	+?

------------------------
Kina nukalpigaq avelghaquni repall kayngunalgii.

kina	kina
kina	kina[N][Abs][Unpd][Sg]

nukalpigaq	+?

avelghaquni	+?

repall	repall[N][Abs][Unpd][Sg]

kayngunalgii	+?

------------------------


------------------------
Tawani aqfaquullghiit nulaghllaneghmeggni sukaaghsimaghmeng lliighaqut.

tawani	tawani

aqfaquullghiit	aqfa-te[to.act.on.so.as.to.cause.to.V][V→V]-@₁qugh[to.V.completely]-~:(u)te[to.V.for.or.with][to.cause.to.V.as.one.is.V-ing][to.V.toward.each.other][V→V]-@₁–lghii[the.one.that.V-ed][the.one.that.is.V][V→N][N][Abs][Unpd][Pl]
aqfaquullghiit	aqfa-te[to.act.on.so.as.to.cause.to.V][V→V]-@₁qugh[to.V.completely]-~:(u)te[to.V.for.or.with][to.cause.to.V.as.one.is.V-ing][to.V.toward.each.other][V→V]-@₁–lghii[the.one.that.V-ed][the.one.that.is.V][V→N][N][Rel][Unpd][Pl]
aqfaquullghiit	aqfa-te[to.act.on.so.as.to.cause.to.V][V→V]-@₁qugh[to.V.completely]-~:(u)te[to.V.for.or.with][to.cause.to.V.as.one.is.V-ing][to.V.toward.each.other][V→V]-te[to.act.on.so.as.to.cause.to.V][V→V]-@₁–lghii[the.one.that.V-ed][the.one.that.is.V][V→N][N][Abs][Unpd][Pl]
aqfaquullghiit	aqfa-te[to.act.on.so.as.to.cause.to.V][V→V]-@₁qugh[to.V.completely]-~:(u)te[to.V.for.or.with][to.cause.to.V.as.one.is.V-ing][to.V.toward.each.other][V→V]-te[to.act.on.so.as.to.cause.to.V][V→V]-@₁–lghii[the.one.that.V-ed][the.one.that.is.V][V→N][N][Rel][Unpd][Pl]
aqfaquullghiit	aqfa-te[to.act.on.so.as.to.cause.to.V][V→V]-@₁qugh[to.V.completely]-~:(u)te[to.V.for.or.with][to.cause.to.V.as.one.is.V-ing][to.V.toward.each.other][V→V]-te[to.act.on.so.as.to.cause.to.V][V→V]-te[to.act.on.so.as.to.cause.to.V][V→V]-@₁–lghii[the.one.that.V-ed][the.one.that.is.V][V→N][N][Abs][Unpd][Pl]
aqfaquullghiit	aqfa-te[to.act.on.so.as.to.cause.to.V][V→V]-@₁qugh[to.V.completely]-~:(u)te[to.V.for.or.with][to.cause.to.V.as.one.is.V-ing][to.V.toward.each.other][V→V]-te[to.act.on.so.as.to.cause.to.V][V→V]-te[to.act.on.so.as.to.cause.to.V][V→V]-@₁–lghii[the.one.that.V-ed][the.one.that.is.V][V→N][N][Rel][Unpd][Pl]
aqfaquullghiit	aqfa-te[to.act.on.so.as.to.cause.to.V][V→V]-@₁qugh[to.V.completely]-~:(u)te[condition.with.respect.to.V-ing][V→N]-te[to.catch.N][to.go.to.N][N→V]-@₁–lghii[the.one.that.V-ed][the.one.that.is.V][V→N][N][Abs][Unpd][Pl]
aqfaquullghiit	aqfa-te[to.act.on.so.as.to.cause.to.V][V→V]-@₁qugh[to.V.completely]-~:(u)te[condition.with.respect.to.V-ing][V→N]-te[to.catch.N][to.go.to.N][N→V]-@₁–lghii[the.one.that.V-ed][the.one.that.is.V][V→N][N][Rel][Unpd][Pl]
aqfaquullghiit	aqfa-te[to.act.on.so.as.to.cause.to.V][V→V]-@₁qugh[to.V.completely]-~:(u)te[condition.with.respect.to.V-ing][V→N]-te[to.catch.N][to.go.to.N][N→V]-te[to.act.on.so.as.to.cause.to.V][V→V]-@₁–lghii[the.one.that.V-ed][the.one.that.is.V][V→N][N][Abs][Unpd][Pl]
aqfaquullghiit	aqfa-te[to.act.on.so.as.to.cause.to.V][V→V]-@₁qugh[to.V.completely]-~:(u)te[condition.with.respect.to.V-ing][V→N]-te[to.catch.N][to.go.to.N][N→V]-te[to.act.on.so.as.to.cause.to.V][V→V]-@₁–lghii[the.one.that.V-ed][the.one.that.is.V][V→N][N][Rel][Unpd][Pl]
aqfaquullghiit	aqfa-te[to.act.on.so.as.to.cause.to.V][V→V]-@₁qugh[to.V.completely]-~:(u)te[condition.with.respect.to.V-ing][V→N]-te[to.catch.N][to.go.to.N][N→V]-te[to.act.on.so.as.to.cause.to.V][V→V][V][Ptcp][3Pl]
aqfaquullghiit	aqfa-te[to.act.on.so.as.to.cause.to.V][V→V]-@₁qugh[to.V.completely]-~:(u)te[condition.with.respect.to.V-ing][V→N]-te[to.catch.N][to.go.to.N][N→V][V][Ptcp][3Pl]
aqfaquullghiit	aqfa-te[to.act.on.so.as.to.cause.to.V][V→V]-@₁qugh[to.V.completely]-~:(u)te[SBJ.V-ed.something][V→V]-@₁–lghii[the.one.that.V-ed][the.one.that.is.V][V→N][N][Abs][Unpd][Pl]
aqfaquullghiit	aqfa-te[to.act.on.so.as.to.cause.to.V][V→V]-@₁qugh[to.V.completely]-~:(u)te[SBJ.V-ed.something][V→V]-@₁–lghii[the.one.that.V-ed][the.one.that.is.V][V→N][N][Rel][Unpd][Pl]
aqfaquullghiit	aqfa-te[to.act.on.so.as.to.cause.to.V][V→V]-@₁qugh[to.V.completely]-~:(u)te[SBJ.V-ed.something][V→V]-te[to.act.on.so.as.to.cause.to.V][V→V]-@₁–lghii[the.one.that.V-ed][the.one.that.is.V][V→N][N][Abs][Unpd][Pl]
aqfaquullghiit	aqfa-te[to.act.on.so.as.to.cause.to.V][V→V]-@₁qugh[to.V.completely]-~:(u)te[SBJ.V-ed.something][V→V]-te[to.act.on.so.as.to.cause.to.V][V→V]-@₁–lghii[the.one.that.V-ed][the.one.that.is.V][V→N][N][Rel][Unpd][Pl]
aqfaquullghiit	aqfa-te[to.act.on.so.as.to.cause.to.V][V→V]-@₁qugh[to.V.completely]-~:(u)te[SBJ.V-ed.something][V→V]-te[to.act.on.so.as.to.cause.to.V][V→V]-te[to.act.on.so.as.to.cause.to.V][V→V]-@₁–lghii[the.one.that.V-ed][the.one.that.is.V][V→N][N][Abs][Unpd][Pl]
aqfaquullghiit	aqfa-te[to.act.on.so.as.to.cause.to.V][V→V]-@₁qugh[to.V.completely]-~:(u)te[SBJ.V-ed.something][V→V]-te[to.act.on.so.as.to.cause.to.V][V→V]-te[to.act.on.so.as.to.cause.to.V][V→V]-@₁–lghii[the.one.that.V-ed][the.one.that.is.V][V→N][N][Rel][Unpd][Pl]
aqfaquullghiit	aqfa-te[to.act.on.so.as.to.cause.to.V][V→V]-@₁qugh[to.V.completely]-~:(u)te[SBJ.V-ed.something][V→V]-te[to.act.on.so.as.to.cause.to.V][V→V]-te[to.act.on.so.as.to.cause.to.V][V→V][V][Ptcp][3Pl]
aqfaquullghiit	aqfa-te[to.act.on.so.as.to.cause.to.V][V→V]-@₁qugh[to.V.completely]-~:(u)te[SBJ.V-ed.something][V→V]-te[to.act.on.so.as.to.cause.to.V][V→V][V][Ptcp][3Pl]
aqfaquullghiit	aqfa-te[to.act.on.so.as.to.cause.to.V][V→V]-@₁qugh[to.V.completely]-~:(u)te[SBJ.V-ed.something][V→V][V][Ptcp][3Pl]
aqfaquullghiit	aqfa-~:(u)te[to.V.for.or.with][to.cause.to.V.as.one.is.V-ing][to.V.toward.each.other][V→V]-te[to.act.on.so.as.to.cause.to.V][V→V]-@₁qugh[to.V.completely]-~:(u)te[to.V.for.or.with][to.cause.to.V.as.one.is.V-ing][to.V.toward.each.other][V→V]-@₁–lghii[the.one.that.V-ed][the.one.that.is.V][V→N][N][Abs][Unpd][Pl]
aqfaquullghiit	aqfa-~:(u)te[to.V.for.or.with][to.cause.to.V.as.one.is.V-ing][to.V.toward.each.other][V→V]-te[to.act.on.so.as.to.cause.to.V][V→V]-@₁qugh[to.V.completely]-~:(u)te[to.V.for.or.with][to.cause.to.V.as.one.is.V-ing][to.V.toward.each.other][V→V]-@₁–lghii[the.one.that.V-ed][the.one.that.is.V][V→N][N][Rel][Unpd][Pl]
aqfaquullghiit	aqfa-~:(u)te[to.V.for.or.with][to.cause.to.V.as.one.is.V-ing][to.V.toward.each.other][V→V]-te[to.act.on.so.as.to.cause.to.V][V→V]-@₁qugh[to.V.completely]-~:(u)te[to.V.for.or.with][to.cause.to.V.as.one.is.V-ing][to.V.toward.each.other][V→V]-te[to.act.on.so.as.to.cause.to.V][V→V]-@₁–lghii[the.one.that.V-ed][the.one.that.is.V][V→N][N][Abs][Unpd][Pl]
aqfaquullghiit	aqfa-~:(u)te[to.V.for.or.with][to.cause.to.V.as.one.is.V-ing][to.V.toward.each.other][V→V]-te[to.act.on.so.as.to.cause.to.V][V→V]-@₁qugh[to.V.completely]-~:(u)te[to.V.for.or.with][to.cause.to.V.as.one.is.V-ing][to.V.toward.each.other][V→V]-te[to.act.on.so.as.to.cause.to.V][V→V]-@₁–lghii[the.one.that.V-ed][the.one.that.is.V][V→N][N][Rel][Unpd][Pl]
aqfaquullghiit	aqfa-~:(u)te[to.V.for.or.with][to.cause.to.V.as.one.is.V-ing][to.V.toward.each.other][V→V]-te[to.act.on.so.as.to.cause.to.V][V→V]-@₁qugh[to.V.completely]-~:(u)te[to.V.for.or.with][to.cause.to.V.as.one.is.V-ing][to.V.toward.each.other][V→V]-te[to.act.on.so.as.to.cause.to.V][V→V]-te[to.act.on.so.as.to.cause.to.V][V→V]-@₁–lghii[the.one.that.V-ed][the.one.that.is.V][V→N][N][Abs][Unpd][Pl]
aqfaquullghiit	aqfa-~:(u)te[to.V.for.or.with][to.cause.to.V.as.one.is.V-ing][to.V.toward.each.other][V→V]-te[to.act.on.so.as.to.cause.to.V][V→V]-@₁qugh[to.V.completely]-~:(u)te[to.V.for.or.with][to.cause.to.V.as.one.is.V-ing][to.V.toward.each.other][V→V]-te[to.act.on.so.as.to.cause.to.V][V→V]-te[to.act.on.so.as.to.cause.to.V][V→V]-@₁–lghii[the.one.that.V-ed][the.one.that.is.V][V→N][N][Rel][Unpd][Pl]
aqfaquullghiit	aqfa-~:(u)te[to.V.for.or.with][to.cause.to.V.as.one.is.V-ing][to.V.toward.each.other][V→V]-te[to.act.on.so.as.to.cause.to.V][V→V]-@₁qugh[to.V.completely]-~:(u)te[to.V.for.or.with][to.cause.to.V.as.one.is.V-ing][to.V.toward.each.other][V→V]-te[to.act.on.so.as.to.cause.to.V][V→V]-te[to.act.on.so.as.to.cause.to.V][V→V]-te[to.act.on.so.as.to.cause.to.V][V→V]-@₁–lghii[the.one.that.V-ed][the.one.that.is.V][V→N][N][Abs][Unpd][Pl]
aqfaquullghiit	aqfa-~:(u)te[to.V.for.or.with][to.cause.to.V.as.one.is.V-ing][to.V.toward.each.other][V→V]-te[to.act.on.so.as.to.cause.to.V][V→V]-@₁qugh[to.V.completely]-~:(u)te[to.V.for.or.with][to.cause.to.V.as.one.is.V-ing][to.V.toward.each.other][V→V]-te[to.act.on.so.as.to.cause.to.V][V→V]-te[to.act.on.so.as.to.cause.to.V][V→V]-te[to.act.on.so.as.to.cause.to.V][V→V]-@₁–lghii[the.one.that.V-ed][the.one.that.is.V][V→N][N][Rel][Unpd][Pl]
aqfaquullghiit	aqfa-~:(u)te[to.V.for.or.with][to.cause.to.V.as.one.is.V-ing][to.V.toward.each.other][V→V]-te[to.act.on.so.as.to.cause.to.V][V→V]-@₁qugh[to.V.completely]-~:(u)te[condition.with.respect.to.V-ing][V→N]-te[to.catch.N][to.go.to.N][N→V]-@₁–lghii[the.one.that.V-ed][the.one.that.is.V][V→N][N][Abs][Unpd][Pl]
aqfaquullghiit	aqfa-~:(u)te[to.V.for.or.with][to.cause.to.V.as.one.is.V-ing][to.V.toward.each.other][V→V]-te[to.act.on.so.as.to.cause.to.V][V→V]-@₁qugh[to.V.completely]-~:(u)te[condition.with.respect.to.V-ing][V→N]-te[to.catch.N][to.go.to.N][N→V]-@₁–lghii[the.one.that.V-ed][the.one.that.is.V][V→N][N][Rel][Unpd][Pl]
aqfaquullghiit	aqfa-~:(u)te[to.V.for.or.with][to.cause.to.V.as.one.is.V-ing][to.V.toward.each.other][V→V]-te[to.act.on.so.as.to.cause.to.V][V→V]-@₁qugh[to.V.completely]-~:(u)te[condition.with.respect.to.V-ing][V→N]-te[to.catch.N][to.go.to.N][N→V]-te[to.act.on.so.as.to.cause.to.V][V→V]-@₁–lghii[the.one.that.V-ed][the.one.that.is.V][V→N][N][Abs][Unpd][Pl]
aqfaquullghiit	aqfa-~:(u)te[to.V.for.or.with][to.cause.to.V.as.one.is.V-ing][to.V.toward.each.other][V→V]-te[to.act.on.so.as.to.cause.to.V][V→V]-@₁qugh[to.V.completely]-~:(u)te[condition.with.respect.to.V-ing][V→N]-te[to.catch.N][to.go.to.N][N→V]-te[to.act.on.so.as.to.cause.to.V][V→V]-@₁–lghii[the.one.that.V-ed][the.one.that.is.V][V→N][N][Rel][Unpd][Pl]
aqfaquullghiit	aqfa-~:(u)te[to.V.for.or.with][to.cause.to.V.as.one.is.V-ing][to.V.toward.each.other][V→V]-te[to.act.on.so.as.to.cause.to.V][V→V]-@₁qugh[to.V.completely]-~:(u)te[condition.with.respect.to.V-ing][V→N]-te[to.catch.N][to.go.to.N][N→V]-te[to.act.on.so.as.to.cause.to.V][V→V]-te[to.act.on.so.as.to.cause.to.V][V→V]-@₁–lghii[the.one.that.V-ed][the.one.that.is.V][V→N][N][Abs][Unpd][Pl]
aqfaquullghiit	aqfa-~:(u)te[to.V.for.or.with][to.cause.to.V.as.one.is.V-ing][to.V.toward.each.other][V→V]-te[to.act.on.so.as.to.cause.to.V][V→V]-@₁qugh[to.V.completely]-~:(u)te[condition.with.respect.to.V-ing][V→N]-te[to.catch.N][to.go.to.N][N→V]-te[to.act.on.so.as.to.cause.to.V][V→V]-te[to.act.on.so.as.to.cause.to.V][V→V]-@₁–lghii[the.one.that.V-ed][the.one.that.is.V][V→N][N][Rel][Unpd][Pl]
aqfaquullghiit	aqfa-~:(u)te[to.V.for.or.with][to.cause.to.V.as.one.is.V-ing][to.V.toward.each.other][V→V]-te[to.act.on.so.as.to.cause.to.V][V→V]-@₁qugh[to.V.completely]-~:(u)te[condition.with.respect.to.V-ing][V→N]-te[to.catch.N][to.go.to.N][N→V]-te[to.act.on.so.as.to.cause.to.V][V→V]-te[to.act.on.so.as.to.cause.to.V][V→V][V][Ptcp][3Pl]
aqfaquullghiit	aqfa-~:(u)te[to.V.for.or.with][to.cause.to.V.as.one.is.V-ing][to.V.toward.each.other][V→V]-te[to.act.on.so.as.to.cause.to.V][V→V]-@₁qugh[to.V.completely]-~:(u)te[condition.with.respect.to.V-ing][V→N]-te[to.catch.N][to.go.to.N][N→V]-te[to.act.on.so.as.to.cause.to.V][V→V][V][Ptcp][3Pl]
aqfaquullghiit	aqfa-~:(u)te[to.V.for.or.with][to.cause.to.V.as.one.is.V-ing][to.V.toward.each.other][V→V]-te[to.act.on.so.as.to.cause.to.V][V→V]-@₁qugh[to.V.completely]-~:(u)te[condition.with.respect.to.V-ing][V→N]-te[to.catch.N][to.go.to.N][N→V][V][Ptcp][3Pl]
aqfaquullghiit	aqfa-~:(u)te[to.V.for.or.with][to.cause.to.V.as.one.is.V-ing][to.V.toward.each.other][V→V]-te[to.act.on.so.as.to.cause.to.V][V→V]-@₁qugh[to.V.completely]-~:(u)te[SBJ.V-ed.something][V→V]-@₁–lghii[the.one.that.V-ed][the.one.that.is.V][V→N][N][Abs][Unpd][Pl]
aqfaquullghiit	aqfa-~:(u)te[to.V.for.or.with][to.cause.to.V.as.one.is.V-ing][to.V.toward.each.other][V→V]-te[to.act.on.so.as.to.cause.to.V][V→V]-@₁qugh[to.V.completely]-~:(u)te[SBJ.V-ed.something][V→V]-@₁–lghii[the.one.that.V-ed][the.one.that.is.V][V→N][N][Rel][Unpd][Pl]
aqfaquullghiit	aqfa-~:(u)te[to.V.for.or.with][to.cause.to.V.as.one.is.V-ing][to.V.toward.each.other][V→V]-te[to.act.on.so.as.to.cause.to.V][V→V]-@₁qugh[to.V.completely]-~:(u)te[SBJ.V-ed.something][V→V]-te[to.act.on.so.as.to.cause.to.V][V→V]-@₁–lghii[the.one.that.V-ed][the.one.that.is.V][V→N][N][Abs][Unpd][Pl]
aqfaquullghiit	aqfa-~:(u)te[to.V.for.or.with][to.cause.to.V.as.one.is.V-ing][to.V.toward.each.other][V→V]-te[to.act.on.so.as.to.cause.to.V][V→V]-@₁qugh[to.V.completely]-~:(u)te[SBJ.V-ed.something][V→V]-te[to.act.on.so.as.to.cause.to.V][V→V]-@₁–lghii[the.one.that.V-ed][the.one.that.is.V][V→N][N][Rel][Unpd][Pl]
aqfaquullghiit	aqfa-~:(u)te[to.V.for.or.with][to.cause.to.V.as.one.is.V-ing][to.V.toward.each.other][V→V]-te[to.act.on.so.as.to.cause.to.V][V→V]-@₁qugh[to.V.completely]-~:(u)te[SBJ.V-ed.something][V→V]-te[to.act.on.so.as.to.cause.to.V][V→V]-te[to.act.on.so.as.to.cause.to.V][V→V]-@₁–lghii[the.one.that.V-ed][the.one.that.is.V][V→N][N][Abs][Unpd][Pl]
aqfaquullghiit	aqfa-~:(u)te[to.V.for.or.with][to.cause.to.V.as.one.is.V-ing][to.V.toward.each.other][V→V]-te[to.act.on.so.as.to.cause.to.V][V→V]-@₁qugh[to.V.completely]-~:(u)te[SBJ.V-ed.something][V→V]-te[to.act.on.so.as.to.cause.to.V][V→V]-te[to.act.on.so.as.to.cause.to.V][V→V]-@₁–lghii[the.one.that.V-ed][the.one.that.is.V][V→N][N][Rel][Unpd][Pl]
aqfaquullghiit	aqfa-~:(u)te[to.V.for.or.with][to.cause.to.V.as.one.is.V-ing][to.V.toward.each.other][V→V]-te[to.act.on.so.as.to.cause.to.V][V→V]-@₁qugh[to.V.completely]-~:(u)te[SBJ.V-ed.something][V→V]-te[to.act.on.so.as.to.cause.to.V][V→V]-te[to.act.on.so.as.to.cause.to.V][V→V]-te[to.act.on.so.as.to.cause.to.V][V→V]-@₁–lghii[the.one.that.V-ed][the.one.that.is.V][V→N][N][Abs][Unpd][Pl]
aqfaquullghiit	aqfa-~:(u)te[to.V.for.or.with][to.cause.to.V.as.one.is.V-ing][to.V.toward.each.other][V→V]-te[to.act.on.so.as.to.cause.to.V][V→V]-@₁qugh[to.V.completely]-~:(u)te[SBJ.V-ed.something][V→V]-te[to.act.on.so.as.to.cause.to.V][V→V]-te[to.act.on.so.as.to.cause.to.V][V→V]-te[to.act.on.so.as.to.cause.to.V][V→V]-@₁–lghii[the.one.that.V-ed][the.one.that.is.V][V→N][N][Rel][Unpd][Pl]
aqfaquullghiit	aqfa-~:(u)te[to.V.for.or.with][to.cause.to.V.as.one.is.V-ing][to.V.toward.each.other][V→V]-te[to.act.on.so.as.to.cause.to.V][V→V]-@₁qugh[to.V.completely]-~:(u)te[SBJ.V-ed.something][V→V]-te[to.act.on.so.as.to.cause.to.V][V→V]-te[to.act.on.so.as.to.cause.to.V][V→V]-te[to.act.on.so.as.to.cause.to.V][V→V][V][Ptcp][3Pl]
aqfaquullghiit	aqfa-~:(u)te[to.V.for.or.with][to.cause.to.V.as.one.is.V-ing][to.V.toward.each.other][V→V]-te[to.act.on.so.as.to.cause.to.V][V→V]-@₁qugh[to.V.completely]-~:(u)te[SBJ.V-ed.something][V→V]-te[to.act.on.so.as.to.cause.to.V][V→V]-te[to.act.on.so.as.to.cause.to.V][V→V][V][Ptcp][3Pl]
aqfaquullghiit	aqfa-~:(u)te[to.V.for.or.with][to.cause.to.V.as.one.is.V-ing][to.V.toward.each.other][V→V]-te[to.act.on.so.as.to.cause.to.V][V→V]-@₁qugh[to.V.completely]-~:(u)te[SBJ.V-ed.something][V→V]-te[to.act.on.so.as.to.cause.to.V][V→V][V][Ptcp][3Pl]
aqfaquullghiit	aqfa-~:(u)te[to.V.for.or.with][to.cause.to.V.as.one.is.V-ing][to.V.toward.each.other][V→V]-te[to.act.on.so.as.to.cause.to.V][V→V]-@₁qugh[to.V.completely]-~:(u)te[SBJ.V-ed.something][V→V][V][Ptcp][3Pl]
aqfaquullghiit	aqfa-~:(u)te[to.V.for.or.with][to.cause.to.V.as.one.is.V-ing][to.V.toward.each.other][V→V]-@₁qugh[to.V.completely]-~:(u)te[to.V.for.or.with][to.cause.to.V.as.one.is.V-ing][to.V.toward.each.other][V→V]-@₁–lghii[the.one.that.V-ed][the.one.that.is.V][V→N][N][Abs][Unpd][Pl]
aqfaquullghiit	aqfa-~:(u)te[to.V.for.or.with][to.cause.to.V.as.one.is.V-ing][to.V.toward.each.other][V→V]-@₁qugh[to.V.completely]-~:(u)te[to.V.for.or.with][to.cause.to.V.as.one.is.V-ing][to.V.toward.each.other][V→V]-@₁–lghii[the.one.that.V-ed][the.one.that.is.V][V→N][N][Rel][Unpd][Pl]
aqfaquullghiit	aqfa-~:(u)te[to.V.for.or.with][to.cause.to.V.as.one.is.V-ing][to.V.toward.each.other][V→V]-@₁qugh[to.V.completely]-~:(u)te[to.V.for.or.with][to.cause.to.V.as.one.is.V-ing][to.V.toward.each.other][V→V]-te[to.act.on.so.as.to.cause.to.V][V→V]-@₁–lghii[the.one.that.V-ed][the.one.that.is.V][V→N][N][Abs][Unpd][Pl]
aqfaquullghiit	aqfa-~:(u)te[to.V.for.or.with][to.cause.to.V.as.one.is.V-ing][to.V.toward.each.other][V→V]-@₁qugh[to.V.completely]-~:(u)te[to.V.for.or.with][to.cause.to.V.as.one.is.V-ing][to.V.toward.each.other][V→V]-te[to.act.on.so.as.to.cause.to.V][V→V]-@₁–lghii[the.one.that.V-ed][the.one.that.is.V][V→N][N][Rel][Unpd][Pl]
aqfaquullghiit	aqfa-~:(u)te[to.V.for.or.with][to.cause.to.V.as.one.is.V-ing][to.V.toward.each.other][V→V]-@₁qugh[to.V.completely]-~:(u)te[to.V.for.or.with][to.cause.to.V.as.one.is.V-ing][to.V.toward.each.other][V→V]-te[to.act.on.so.as.to.cause.to.V][V→V]-te[to.act.on.so.as.to.cause.to.V][V→V]-@₁–lghii[the.one.that.V-ed][the.one.that.is.V][V→N][N][Abs][Unpd][Pl]
aqfaquullghiit	aqfa-~:(u)te[to.V.for.or.with][to.cause.to.V.as.one.is.V-ing][to.V.toward.each.other][V→V]-@₁qugh[to.V.completely]-~:(u)te[to.V.for.or.with][to.cause.to.V.as.one.is.V-ing][to.V.toward.each.other][V→V]-te[to.act.on.so.as.to.cause.to.V][V→V]-te[to.act.on.so.as.to.cause.to.V][V→V]-@₁–lghii[the.one.that.V-ed][the.one.that.is.V][V→N][N][Rel][Unpd][Pl]
aqfaquullghiit	aqfa-~:(u)te[to.V.for.or.with][to.cause.to.V.as.one.is.V-ing][to.V.toward.each.other][V→V]-@₁qugh[to.V.completely]-~:(u)te[to.V.for.or.with][to.cause.to.V.as.one.is.V-ing][to.V.toward.each.other][V→V]-te[to.act.on.so.as.to.cause.to.V][V→V]-te[to.act.on.so.as.to.cause.to.V][V→V]-te[to.act.on.so.as.to.cause.to.V][V→V]-@₁–lghii[the.one.that.V-ed][the.one.that.is.V][V→N][N][Abs][Unpd][Pl]
aqfaquullghiit	aqfa-~:(u)te[to.V.for.or.with][to.cause.to.V.as.one.is.V-ing][to.V.toward.each.other][V→V]-@₁qugh[to.V.completely]-~:(u)te[to.V.for.or.with][to.cause.to.V.as.one.is.V-ing][to.V.toward.each.other][V→V]-te[to.act.on.so.as.to.cause.to.V][V→V]-te[to.act.on.so.as.to.cause.to.V][V→V]-te[to.act.on.so.as.to.cause.to.V][V→V]-@₁–lghii[the.one.that.V-ed][the.one.that.is.V][V→N][N][Rel][Unpd][Pl]
aqfaquullghiit	aqfa-~:(u)te[to.V.for.or.with][to.cause.to.V.as.one.is.V-ing][to.V.toward.each.other][V→V]-@₁qugh[to.V.completely]-~:(u)te[condition.with.respect.to.V-ing][V→N]-te[to.catch.N][to.go.to.N][N→V]-@₁–lghii[the.one.that.V-ed][the.one.that.is.V][V→N][N][Abs][Unpd][Pl]
aqfaquullghiit	aqfa-~:(u)te[to.V.for.or.with][to.cause.to.V.as.one.is.V-ing][to.V.toward.each.other][V→V]-@₁qugh[to.V.completely]-~:(u)te[condition.with.respect.to.V-ing][V→N]-te[to.catch.N][to.go.to.N][N→V]-@₁–lghii[the.one.that.V-ed][the.one.that.is.V][V→N][N][Rel][Unpd][Pl]
aqfaquullghiit	aqfa-~:(u)te[to.V.for.or.with][to.cause.to.V.as.one.is.V-ing][to.V.toward.each.other][V→V]-@₁qugh[to.V.completely]-~:(u)te[condition.with.respect.to.V-ing][V→N]-te[to.catch.N][to.go.to.N][N→V]-te[to.act.on.so.as.to.cause.to.V][V→V]-@₁–lghii[the.one.that.V-ed][the.one.that.is.V][V→N][N][Abs][Unpd][Pl]
aqfaquullghiit	aqfa-~:(u)te[to.V.for.or.with][to.cause.to.V.as.one.is.V-ing][to.V.toward.each.other][V→V]-@₁qugh[to.V.completely]-~:(u)te[condition.with.respect.to.V-ing][V→N]-te[to.catch.N][to.go.to.N][N→V]-te[to.act.on.so.as.to.cause.to.V][V→V]-@₁–lghii[the.one.that.V-ed][the.one.that.is.V][V→N][N][Rel][Unpd][Pl]
aqfaquullghiit	aqfa-~:(u)te[to.V.for.or.with][to.cause.to.V.as.one.is.V-ing][to.V.toward.each.other][V→V]-@₁qugh[to.V.completely]-~:(u)te[condition.with.respect.to.V-ing][V→N]-te[to.catch.N][to.go.to.N][N→V]-te[to.act.on.so.as.to.cause.to.V][V→V]-te[to.act.on.so.as.to.cause.to.V][V→V]-@₁–lghii[the.one.that.V-ed][the.one.that.is.V][V→N][N][Abs][Unpd][Pl]
aqfaquullghiit	aqfa-~:(u)te[to.V.for.or.with][to.cause.to.V.as.one.is.V-ing][to.V.toward.each.other][V→V]-@₁qugh[to.V.completely]-~:(u)te[condition.with.respect.to.V-ing][V→N]-te[to.catch.N][to.go.to.N][N→V]-te[to.act.on.so.as.to.cause.to.V][V→V]-te[to.act.on.so.as.to.cause.to.V][V→V]-@₁–lghii[the.one.that.V-ed][the.one.that.is.V][V→N][N][Rel][Unpd][Pl]
aqfaquullghiit	aqfa-~:(u)te[to.V.for.or.with][to.cause.to.V.as.one.is.V-ing][to.V.toward.each.other][V→V]-@₁qugh[to.V.completely]-~:(u)te[condition.with.respect.to.V-ing][V→N]-te[to.catch.N][to.go.to.N][N→V]-te[to.act.on.so.as.to.cause.to.V][V→V]-te[to.act.on.so.as.to.cause.to.V][V→V][V][Ptcp][3Pl]
aqfaquullghiit	aqfa-~:(u)te[to.V.for.or.with][to.cause.to.V.as.one.is.V-ing][to.V.toward.each.other][V→V]-@₁qugh[to.V.completely]-~:(u)te[condition.with.respect.to.V-ing][V→N]-te[to.catch.N][to.go.to.N][N→V]-te[to.act.on.so.as.to.cause.to.V][V→V][V][Ptcp][3Pl]
aqfaquullghiit	aqfa-~:(u)te[to.V.for.or.with][to.cause.to.V.as.one.is.V-ing][to.V.toward.each.other][V→V]-@₁qugh[to.V.completely]-~:(u)te[condition.with.respect.to.V-ing][V→N]-te[to.catch.N][to.go.to.N][N→V][V][Ptcp][3Pl]
aqfaquullghiit	aqfa-~:(u)te[to.V.for.or.with][to.cause.to.V.as.one.is.V-ing][to.V.toward.each.other][V→V]-@₁qugh[to.V.completely]-~:(u)te[SBJ.V-ed.something][V→V]-@₁–lghii[the.one.that.V-ed][the.one.that.is.V][V→N][N][Abs][Unpd][Pl]
aqfaquullghiit	aqfa-~:(u)te[to.V.for.or.with][to.cause.to.V.as.one.is.V-ing][to.V.toward.each.other][V→V]-@₁qugh[to.V.completely]-~:(u)te[SBJ.V-ed.something][V→V]-@₁–lghii[the.one.that.V-ed][the.one.that.is.V][V→N][N][Rel][Unpd][Pl]
aqfaquullghiit	aqfa-~:(u)te[to.V.for.or.with][to.cause.to.V.as.one.is.V-ing][to.V.toward.each.other][V→V]-@₁qugh[to.V.completely]-~:(u)te[SBJ.V-ed.something][V→V]-te[to.act.on.so.as.to.cause.to.V][V→V]-@₁–lghii[the.one.that.V-ed][the.one.that.is.V][V→N][N][Abs][Unpd][Pl]
aqfaquullghiit	aqfa-~:(u)te[to.V.for.or.with][to.cause.to.V.as.one.is.V-ing][to.V.toward.each.other][V→V]-@₁qugh[to.V.completely]-~:(u)te[SBJ.V-ed.something][V→V]-te[to.act.on.so.as.to.cause.to.V][V→V]-@₁–lghii[the.one.that.V-ed][the.one.that.is.V][V→N][N][Rel][Unpd][Pl]
aqfaquullghiit	aqfa-~:(u)te[to.V.for.or.with][to.cause.to.V.as.one.is.V-ing][to.V.toward.each.other][V→V]-@₁qugh[to.V.completely]-~:(u)te[SBJ.V-ed.something][V→V]-te[to.act.on.so.as.to.cause.to.V][V→V]-te[to.act.on.so.as.to.cause.to.V][V→V]-@₁–lghii[the.one.that.V-ed][the.one.that.is.V][V→N][N][Abs][Unpd][Pl]
aqfaquullghiit	aqfa-~:(u)te[to.V.for.or.with][to.cause.to.V.as.one.is.V-ing][to.V.toward.each.other][V→V]-@₁qugh[to.V.completely]-~:(u)te[SBJ.V-ed.something][V→V]-te[to.act.on.so.as.to.cause.to.V][V→V]-te[to.act.on.so.as.to.cause.to.V][V→V]-@₁–lghii[the.one.that.V-ed][the.one.that.is.V][V→N][N][Rel][Unpd][Pl]
aqfaquullghiit	aqfa-~:(u)te[to.V.for.or.with][to.cause.to.V.as.one.is.V-ing][to.V.toward.each.other][V→V]-@₁qugh[to.V.completely]-~:(u)te[SBJ.V-ed.something][V→V]-te[to.act.on.so.as.to.cause.to.V][V→V]-te[to.act.on.so.as.to.cause.to.V][V→V]-te[to.act.on.so.as.to.cause.to.V][V→V]-@₁–lghii[the.one.that.V-ed][the.one.that.is.V][V→N][N][Abs][Unpd][Pl]
aqfaquullghiit	aqfa-~:(u)te[to.V.for.or.with][to.cause.to.V.as.one.is.V-ing][to.V.toward.each.other][V→V]-@₁qugh[to.V.completely]-~:(u)te[SBJ.V-ed.something][V→V]-te[to.act.on.so.as.to.cause.to.V][V→V]-te[to.act.on.so.as.to.cause.to.V][V→V]-te[to.act.on.so.as.to.cause.to.V][V→V]-@₁–lghii[the.one.that.V-ed][the.one.that.is.V][V→N][N][Rel][Unpd][Pl]
aqfaquullghiit	aqfa-~:(u)te[to.V.for.or.with][to.cause.to.V.as.one.is.V-ing][to.V.toward.each.other][V→V]-@₁qugh[to.V.completely]-~:(u)te[SBJ.V-ed.something][V→V]-te[to.act.on.so.as.to.cause.to.V][V→V]-te[to.act.on.so.as.to.cause.to.V][V→V]-te[to.act.on.so.as.to.cause.to.V][V→V][V][Ptcp][3Pl]
aqfaquullghiit	aqfa-~:(u)te[to.V.for.or.with][to.cause.to.V.as.one.is.V-ing][to.V.toward.each.other][V→V]-@₁qugh[to.V.completely]-~:(u)te[SBJ.V-ed.something][V→V]-te[to.act.on.so.as.to.cause.to.V][V→V]-te[to.act.on.so.as.to.cause.to.V][V→V][V][Ptcp][3Pl]
aqfaquullghiit	aqfa-~:(u)te[to.V.for.or.with][to.cause.to.V.as.one.is.V-ing][to.V.toward.each.other][V→V]-@₁qugh[to.V.completely]-~:(u)te[SBJ.V-ed.something][V→V]-te[to.act.on.so.as.to.cause.to.V][V→V][V][Ptcp][3Pl]
aqfaquullghiit	aqfa-~:(u)te[to.V.for.or.with][to.cause.to.V.as.one.is.V-ing][to.V.toward.each.other][V→V]-@₁qugh[to.V.completely]-~:(u)te[SBJ.V-ed.something][V→V][V][Ptcp][3Pl]
aqfaquullghiit	aqfa-~:(u)te[condition.with.respect.to.V-ing][V→N]-te[to.catch.N][to.go.to.N][N→V]-@₁qugh[to.V.completely]-~:(u)te[to.V.for.or.with][to.cause.to.V.as.one.is.V-ing][to.V.toward.each.other][V→V]-@₁–lghii[the.one.that.V-ed][the.one.that.is.V][V→N][N][Abs][Unpd][Pl]
aqfaquullghiit	aqfa-~:(u)te[condition.with.respect.to.V-ing][V→N]-te[to.catch.N][to.go.to.N][N→V]-@₁qugh[to.V.completely]-~:(u)te[to.V.for.or.with][to.cause.to.V.as.one.is.V-ing][to.V.toward.each.other][V→V]-@₁–lghii[the.one.that.V-ed][the.one.that.is.V][V→N][N][Rel][Unpd][Pl]
aqfaquullghiit	aqfa-~:(u)te[condition.with.respect.to.V-ing][V→N]-te[to.catch.N][to.go.to.N][N→V]-@₁qugh[to.V.completely]-~:(u)te[to.V.for.or.with][to.cause.to.V.as.one.is.V-ing][to.V.toward.each.other][V→V]-te[to.act.on.so.as.to.cause.to.V][V→V]-@₁–lghii[the.one.that.V-ed][the.one.that.is.V][V→N][N][Abs][Unpd][Pl]
aqfaquullghiit	aqfa-~:(u)te[condition.with.respect.to.V-ing][V→N]-te[to.catch.N][to.go.to.N][N→V]-@₁qugh[to.V.completely]-~:(u)te[to.V.for.or.with][to.cause.to.V.as.one.is.V-ing][to.V.toward.each.other][V→V]-te[to.act.on.so.as.to.cause.to.V][V→V]-@₁–lghii[the.one.that.V-ed][the.one.that.is.V][V→N][N][Rel][Unpd][Pl]
aqfaquullghiit	aqfa-~:(u)te[condition.with.respect.to.V-ing][V→N]-te[to.catch.N][to.go.to.N][N→V]-@₁qugh[to.V.completely]-~:(u)te[to.V.for.or.with][to.cause.to.V.as.one.is.V-ing][to.V.toward.each.other][V→V]-te[to.act.on.so.as.to.cause.to.V][V→V]-te[to.act.on.so.as.to.cause.to.V][V→V]-@₁–lghii[the.one.that.V-ed][the.one.that.is.V][V→N][N][Abs][Unpd][Pl]
aqfaquullghiit	aqfa-~:(u)te[condition.with.respect.to.V-ing][V→N]-te[to.catch.N][to.go.to.N][N→V]-@₁qugh[to.V.completely]-~:(u)te[to.V.for.or.with][to.cause.to.V.as.one.is.V-ing][to.V.toward.each.other][V→V]-te[to.act.on.so.as.to.cause.to.V][V→V]-te[to.act.on.so.as.to.cause.to.V][V→V]-@₁–lghii[the.one.that.V-ed][the.one.that.is.V][V→N][N][Rel][Unpd][Pl]
aqfaquullghiit	aqfa-~:(u)te[condition.with.respect.to.V-ing][V→N]-te[to.catch.N][to.go.to.N][N→V]-@₁qugh[to.V.completely]-~:(u)te[to.V.for.or.with][to.cause.to.V.as.one.is.V-ing][to.V.toward.each.other][V→V]-te[to.act.on.so.as.to.cause.to.V][V→V]-te[to.act.on.so.as.to.cause.to.V][V→V]-te[to.act.on.so.as.to.cause.to.V][V→V]-@₁–lghii[the.one.that.V-ed][the.one.that.is.V][V→N][N][Abs][Unpd][Pl]
aqfaquullghiit	aqfa-~:(u)te[condition.with.respect.to.V-ing][V→N]-te[to.catch.N][to.go.to.N][N→V]-@₁qugh[to.V.completely]-~:(u)te[to.V.for.or.with][to.cause.to.V.as.one.is.V-ing][to.V.toward.each.other][V→V]-te[to.act.on.so.as.to.cause.to.V][V→V]-te[to.act.on.so.as.to.cause.to.V][V→V]-te[to.act.on.so.as.to.cause.to.V][V→V]-@₁–lghii[the.one.that.V-ed][the.one.that.is.V][V→N][N][Rel][Unpd][Pl]
aqfaquullghiit	aqfa-~:(u)te[condition.with.respect.to.V-ing][V→N]-te[to.catch.N][to.go.to.N][N→V]-@₁qugh[to.V.completely]-~:(u)te[to.V.for.or.with][to.cause.to.V.as.one.is.V-ing][to.V.toward.each.other][V→V]-te[to.act.on.so.as.to.cause.to.V][V→V]-te[to.act.on.so.as.to.cause.to.V][V→V]-te[to.act.on.so.as.to.cause.to.V][V→V][V][Ptcp][3Pl]
aqfaquullghiit	aqfa-~:(u)te[condition.with.respect.to.V-ing][V→N]-te[to.catch.N][to.go.to.N][N→V]-@₁qugh[to.V.completely]-~:(u)te[to.V.for.or.with][to.cause.to.V.as.one.is.V-ing][to.V.toward.each.other][V→V]-te[to.act.on.so.as.to.cause.to.V][V→V]-te[to.act.on.so.as.to.cause.to.V][V→V][V][Ptcp][3Pl]
aqfaquullghiit	aqfa-~:(u)te[condition.with.respect.to.V-ing][V→N]-te[to.catch.N][to.go.to.N][N→V]-@₁qugh[to.V.completely]-~:(u)te[to.V.for.or.with][to.cause.to.V.as.one.is.V-ing][to.V.toward.each.other][V→V]-te[to.act.on.so.as.to.cause.to.V][V→V][V][Ptcp][3Pl]
aqfaquullghiit	aqfa-~:(u)te[condition.with.respect.to.V-ing][V→N]-te[to.catch.N][to.go.to.N][N→V]-@₁qugh[to.V.completely]-~:(u)te[to.V.for.or.with][to.cause.to.V.as.one.is.V-ing][to.V.toward.each.other][V→V][V][Ptcp][3Pl]
aqfaquullghiit	aqfa-~:(u)te[condition.with.respect.to.V-ing][V→N]-te[to.catch.N][to.go.to.N][N→V]-@₁qugh[to.V.completely]-~:(u)te[condition.with.respect.to.V-ing][V→N]-te[to.catch.N][to.go.to.N][N→V]-@₁–lghii[the.one.that.V-ed][the.one.that.is.V][V→N][N][Abs][Unpd][Pl]
aqfaquullghiit	aqfa-~:(u)te[condition.with.respect.to.V-ing][V→N]-te[to.catch.N][to.go.to.N][N→V]-@₁qugh[to.V.completely]-~:(u)te[condition.with.respect.to.V-ing][V→N]-te[to.catch.N][to.go.to.N][N→V]-@₁–lghii[the.one.that.V-ed][the.one.that.is.V][V→N][N][Rel][Unpd][Pl]
aqfaquullghiit	aqfa-~:(u)te[condition.with.respect.to.V-ing][V→N]-te[to.catch.N][to.go.to.N][N→V]-@₁qugh[to.V.completely]-~:(u)te[condition.with.respect.to.V-ing][V→N]-te[to.catch.N][to.go.to.N][N→V]-te[to.act.on.so.as.to.cause.to.V][V→V]-@₁–lghii[the.one.that.V-ed][the.one.that.is.V][V→N][N][Abs][Unpd][Pl]
aqfaquullghiit	aqfa-~:(u)te[condition.with.respect.to.V-ing][V→N]-te[to.catch.N][to.go.to.N][N→V]-@₁qugh[to.V.completely]-~:(u)te[condition.with.respect.to.V-ing][V→N]-te[to.catch.N][to.go.to.N][N→V]-te[to.act.on.so.as.to.cause.to.V][V→V]-@₁–lghii[the.one.that.V-ed][the.one.that.is.V][V→N][N][Rel][Unpd][Pl]
aqfaquullghiit	aqfa-~:(u)te[condition.with.respect.to.V-ing][V→N]-te[to.catch.N][to.go.to.N][N→V]-@₁qugh[to.V.completely]-~:(u)te[condition.with.respect.to.V-ing][V→N]-te[to.catch.N][to.go.to.N][N→V]-te[to.act.on.so.as.to.cause.to.V][V→V]-te[to.act.on.so.as.to.cause.to.V][V→V]-@₁–lghii[the.one.that.V-ed][the.one.that.is.V][V→N][N][Abs][Unpd][Pl]
aqfaquullghiit	aqfa-~:(u)te[condition.with.respect.to.V-ing][V→N]-te[to.catch.N][to.go.to.N][N→V]-@₁qugh[to.V.completely]-~:(u)te[condition.with.respect.to.V-ing][V→N]-te[to.catch.N][to.go.to.N][N→V]-te[to.act.on.so.as.to.cause.to.V][V→V]-te[to.act.on.so.as.to.cause.to.V][V→V]-@₁–lghii[the.one.that.V-ed][the.one.that.is.V][V→N][N][Rel][Unpd][Pl]
aqfaquullghiit	aqfa-~:(u)te[condition.with.respect.to.V-ing][V→N]-te[to.catch.N][to.go.to.N][N→V]-@₁qugh[to.V.completely]-~:(u)te[condition.with.respect.to.V-ing][V→N]-te[to.catch.N][to.go.to.N][N→V]-te[to.act.on.so.as.to.cause.to.V][V→V]-te[to.act.on.so.as.to.cause.to.V][V→V][V][Ptcp][3Pl]
aqfaquullghiit	aqfa-~:(u)te[condition.with.respect.to.V-ing][V→N]-te[to.catch.N][to.go.to.N][N→V]-@₁qugh[to.V.completely]-~:(u)te[condition.with.respect.to.V-ing][V→N]-te[to.catch.N][to.go.to.N][N→V]-te[to.act.on.so.as.to.cause.to.V][V→V][V][Ptcp][3Pl]
aqfaquullghiit	aqfa-~:(u)te[condition.with.respect.to.V-ing][V→N]-te[to.catch.N][to.go.to.N][N→V]-@₁qugh[to.V.completely]-~:(u)te[condition.with.respect.to.V-ing][V→N]-te[to.catch.N][to.go.to.N][N→V][V][Ptcp][3Pl]
aqfaquullghiit	aqfa-~:(u)te[condition.with.respect.to.V-ing][V→N]-te[to.catch.N][to.go.to.N][N→V]-@₁qugh[to.V.completely]-~:(u)te[SBJ.V-ed.something][V→V]-@₁–lghii[the.one.that.V-ed][the.one.that.is.V][V→N][N][Abs][Unpd][Pl]
aqfaquullghiit	aqfa-~:(u)te[condition.with.respect.to.V-ing][V→N]-te[to.catch.N][to.go.to.N][N→V]-@₁qugh[to.V.completely]-~:(u)te[SBJ.V-ed.something][V→V]-@₁–lghii[the.one.that.V-ed][the.one.that.is.V][V→N][N][Rel][Unpd][Pl]
aqfaquullghiit	aqfa-~:(u)te[condition.with.respect.to.V-ing][V→N]-te[to.catch.N][to.go.to.N][N→V]-@₁qugh[to.V.completely]-~:(u)te[SBJ.V-ed.something][V→V]-te[to.act.on.so.as.to.cause.to.V][V→V]-@₁–lghii[the.one.that.V-ed][the.one.that.is.V][V→N][N][Abs][Unpd][Pl]
aqfaquullghiit	aqfa-~:(u)te[condition.with.respect.to.V-ing][V→N]-te[to.catch.N][to.go.to.N][N→V]-@₁qugh[to.V.completely]-~:(u)te[SBJ.V-ed.something][V→V]-te[to.act.on.so.as.to.cause.to.V][V→V]-@₁–lghii[the.one.that.V-ed][the.one.that.is.V][V→N][N][Rel][Unpd][Pl]
aqfaquullghiit	aqfa-~:(u)te[condition.with.respect.to.V-ing][V→N]-te[to.catch.N][to.go.to.N][N→V]-@₁qugh[to.V.completely]-~:(u)te[SBJ.V-ed.something][V→V]-te[to.act.on.so.as.to.cause.to.V][V→V]-te[to.act.on.so.as.to.cause.to.V][V→V]-@₁–lghii[the.one.that.V-ed][the.one.that.is.V][V→N][N][Abs][Unpd][Pl]
aqfaquullghiit	aqfa-~:(u)te[condition.with.respect.to.V-ing][V→N]-te[to.catch.N][to.go.to.N][N→V]-@₁qugh[to.V.completely]-~:(u)te[SBJ.V-ed.something][V→V]-te[to.act.on.so.as.to.cause.to.V][V→V]-te[to.act.on.so.as.to.cause.to.V][V→V]-@₁–lghii[the.one.that.V-ed][the.one.that.is.V][V→N][N][Rel][Unpd][Pl]
aqfaquullghiit	aqfa-~:(u)te[condition.with.respect.to.V-ing][V→N]-te[to.catch.N][to.go.to.N][N→V]-@₁qugh[to.V.completely]-~:(u)te[SBJ.V-ed.something][V→V]-te[to.act.on.so.as.to.cause.to.V][V→V]-te[to.act.on.so.as.to.cause.to.V][V→V]-te[to.act.on.so.as.to.cause.to.V][V→V]-@₁–lghii[the.one.that.V-ed][the.one.that.is.V][V→N][N][Abs][Unpd][Pl]
aqfaquullghiit	aqfa-~:(u)te[condition.with.respect.to.V-ing][V→N]-te[to.catch.N][to.go.to.N][N→V]-@₁qugh[to.V.completely]-~:(u)te[SBJ.V-ed.something][V→V]-te[to.act.on.so.as.to.cause.to.V][V→V]-te[to.act.on.so.as.to.cause.to.V][V→V]-te[to.act.on.so.as.to.cause.to.V][V→V]-@₁–lghii[the.one.that.V-ed][the.one.that.is.V][V→N][N][Rel][Unpd][Pl]
aqfaquullghiit	aqfa-~:(u)te[condition.with.respect.to.V-ing][V→N]-te[to.catch.N][to.go.to.N][N→V]-@₁qugh[to.V.completely]-~:(u)te[SBJ.V-ed.something][V→V]-te[to.act.on.so.as.to.cause.to.V][V→V]-te[to.act.on.so.as.to.cause.to.V][V→V]-te[to.act.on.so.as.to.cause.to.V][V→V][V][Ptcp][3Pl]
aqfaquullghiit	aqfa-~:(u)te[condition.with.respect.to.V-ing][V→N]-te[to.catch.N][to.go.to.N][N→V]-@₁qugh[to.V.completely]-~:(u)te[SBJ.V-ed.something][V→V]-te[to.act.on.so.as.to.cause.to.V][V→V]-te[to.act.on.so.as.to.cause.to.V][V→V][V][Ptcp][3Pl]
aqfaquullghiit	aqfa-~:(u)te[condition.with.respect.to.V-ing][V→N]-te[to.catch.N][to.go.to.N][N→V]-@₁qugh[to.V.completely]-~:(u)te[SBJ.V-ed.something][V→V]-te[to.act.on.so.as.to.cause.to.V][V→V][V][Ptcp][3Pl]
aqfaquullghiit	aqfa-~:(u)te[condition.with.respect.to.V-ing][V→N]-te[to.catch.N][to.go.to.N][N→V]-@₁qugh[to.V.completely]-~:(u)te[SBJ.V-ed.something][V→V][V][Ptcp][3Pl]
aqfaquullghiit	aqfa-~:(u)te[SBJ.V-ed.something][V→V]-te[to.act.on.so.as.to.cause.to.V][V→V]-@₁qugh[to.V.completely]-~:(u)te[to.V.for.or.with][to.cause.to.V.as.one.is.V-ing][to.V.toward.each.other][V→V]-@₁–lghii[the.one.that.V-ed][the.one.that.is.V][V→N][N][Abs][Unpd][Pl]
aqfaquullghiit	aqfa-~:(u)te[SBJ.V-ed.something][V→V]-te[to.act.on.so.as.to.cause.to.V][V→V]-@₁qugh[to.V.completely]-~:(u)te[to.V.for.or.with][to.cause.to.V.as.one.is.V-ing][to.V.toward.each.other][V→V]-@₁–lghii[the.one.that.V-ed][the.one.that.is.V][V→N][N][Rel][Unpd][Pl]
aqfaquullghiit	aqfa-~:(u)te[SBJ.V-ed.something][V→V]-te[to.act.on.so.as.to.cause.to.V][V→V]-@₁qugh[to.V.completely]-~:(u)te[to.V.for.or.with][to.cause.to.V.as.one.is.V-ing][to.V.toward.each.other][V→V]-te[to.act.on.so.as.to.cause.to.V][V→V]-@₁–lghii[the.one.that.V-ed][the.one.that.is.V][V→N][N][Abs][Unpd][Pl]
aqfaquullghiit	aqfa-~:(u)te[SBJ.V-ed.something][V→V]-te[to.act.on.so.as.to.cause.to.V][V→V]-@₁qugh[to.V.completely]-~:(u)te[to.V.for.or.with][to.cause.to.V.as.one.is.V-ing][to.V.toward.each.other][V→V]-te[to.act.on.so.as.to.cause.to.V][V→V]-@₁–lghii[the.one.that.V-ed][the.one.that.is.V][V→N][N][Rel][Unpd][Pl]
aqfaquullghiit	aqfa-~:(u)te[SBJ.V-ed.something][V→V]-te[to.act.on.so.as.to.cause.to.V][V→V]-@₁qugh[to.V.completely]-~:(u)te[to.V.for.or.with][to.cause.to.V.as.one.is.V-ing][to.V.toward.each.other][V→V]-te[to.act.on.so.as.to.cause.to.V][V→V]-te[to.act.on.so.as.to.cause.to.V][V→V]-@₁–lghii[the.one.that.V-ed][the.one.that.is.V][V→N][N][Abs][Unpd][Pl]
aqfaquullghiit	aqfa-~:(u)te[SBJ.V-ed.something][V→V]-te[to.act.on.so.as.to.cause.to.V][V→V]-@₁qugh[to.V.completely]-~:(u)te[to.V.for.or.with][to.cause.to.V.as.one.is.V-ing][to.V.toward.each.other][V→V]-te[to.act.on.so.as.to.cause.to.V][V→V]-te[to.act.on.so.as.to.cause.to.V][V→V]-@₁–lghii[the.one.that.V-ed][the.one.that.is.V][V→N][N][Rel][Unpd][Pl]
aqfaquullghiit	aqfa-~:(u)te[SBJ.V-ed.something][V→V]-te[to.act.on.so.as.to.cause.to.V][V→V]-@₁qugh[to.V.completely]-~:(u)te[to.V.for.or.with][to.cause.to.V.as.one.is.V-ing][to.V.toward.each.other][V→V]-te[to.act.on.so.as.to.cause.to.V][V→V]-te[to.act.on.so.as.to.cause.to.V][V→V]-te[to.act.on.so.as.to.cause.to.V][V→V]-@₁–lghii[the.one.that.V-ed][the.one.that.is.V][V→N][N][Abs][Unpd][Pl]
aqfaquullghiit	aqfa-~:(u)te[SBJ.V-ed.something][V→V]-te[to.act.on.so.as.to.cause.to.V][V→V]-@₁qugh[to.V.completely]-~:(u)te[to.V.for.or.with][to.cause.to.V.as.one.is.V-ing][to.V.toward.each.other][V→V]-te[to.act.on.so.as.to.cause.to.V][V→V]-te[to.act.on.so.as.to.cause.to.V][V→V]-te[to.act.on.so.as.to.cause.to.V][V→V]-@₁–lghii[the.one.that.V-ed][the.one.that.is.V][V→N][N][Rel][Unpd][Pl]
aqfaquullghiit	aqfa-~:(u)te[SBJ.V-ed.something][V→V]-te[to.act.on.so.as.to.cause.to.V][V→V]-@₁qugh[to.V.completely]-~:(u)te[to.V.for.or.with][to.cause.to.V.as.one.is.V-ing][to.V.toward.each.other][V→V]-te[to.act.on.so.as.to.cause.to.V][V→V]-te[to.act.on.so.as.to.cause.to.V][V→V]-te[to.act.on.so.as.to.cause.to.V][V→V][V][Ptcp][3Pl]
aqfaquullghiit	aqfa-~:(u)te[SBJ.V-ed.something][V→V]-te[to.act.on.so.as.to.cause.to.V][V→V]-@₁qugh[to.V.completely]-~:(u)te[to.V.for.or.with][to.cause.to.V.as.one.is.V-ing][to.V.toward.each.other][V→V]-te[to.act.on.so.as.to.cause.to.V][V→V]-te[to.act.on.so.as.to.cause.to.V][V→V][V][Ptcp][3Pl]
aqfaquullghiit	aqfa-~:(u)te[SBJ.V-ed.something][V→V]-te[to.act.on.so.as.to.cause.to.V][V→V]-@₁qugh[to.V.completely]-~:(u)te[to.V.for.or.with][to.cause.to.V.as.one.is.V-ing][to.V.toward.each.other][V→V]-te[to.act.on.so.as.to.cause.to.V][V→V][V][Ptcp][3Pl]
aqfaquullghiit	aqfa-~:(u)te[SBJ.V-ed.something][V→V]-te[to.act.on.so.as.to.cause.to.V][V→V]-@₁qugh[to.V.completely]-~:(u)te[to.V.for.or.with][to.cause.to.V.as.one.is.V-ing][to.V.toward.each.other][V→V][V][Ptcp][3Pl]
aqfaquullghiit	aqfa-~:(u)te[SBJ.V-ed.something][V→V]-te[to.act.on.so.as.to.cause.to.V][V→V]-@₁qugh[to.V.completely]-~:(u)te[condition.with.respect.to.V-ing][V→N]-te[to.catch.N][to.go.to.N][N→V]-@₁–lghii[the.one.that.V-ed][the.one.that.is.V][V→N][N][Abs][Unpd][Pl]
aqfaquullghiit	aqfa-~:(u)te[SBJ.V-ed.something][V→V]-te[to.act.on.so.as.to.cause.to.V][V→V]-@₁qugh[to.V.completely]-~:(u)te[condition.with.respect.to.V-ing][V→N]-te[to.catch.N][to.go.to.N][N→V]-@₁–lghii[the.one.that.V-ed][the.one.that.is.V][V→N][N][Rel][Unpd][Pl]
aqfaquullghiit	aqfa-~:(u)te[SBJ.V-ed.something][V→V]-te[to.act.on.so.as.to.cause.to.V][V→V]-@₁qugh[to.V.completely]-~:(u)te[condition.with.respect.to.V-ing][V→N]-te[to.catch.N][to.go.to.N][N→V]-te[to.act.on.so.as.to.cause.to.V][V→V]-@₁–lghii[the.one.that.V-ed][the.one.that.is.V][V→N][N][Abs][Unpd][Pl]
aqfaquullghiit	aqfa-~:(u)te[SBJ.V-ed.something][V→V]-te[to.act.on.so.as.to.cause.to.V][V→V]-@₁qugh[to.V.completely]-~:(u)te[condition.with.respect.to.V-ing][V→N]-te[to.catch.N][to.go.to.N][N→V]-te[to.act.on.so.as.to.cause.to.V][V→V]-@₁–lghii[the.one.that.V-ed][the.one.that.is.V][V→N][N][Rel][Unpd][Pl]
aqfaquullghiit	aqfa-~:(u)te[SBJ.V-ed.something][V→V]-te[to.act.on.so.as.to.cause.to.V][V→V]-@₁qugh[to.V.completely]-~:(u)te[condition.with.respect.to.V-ing][V→N]-te[to.catch.N][to.go.to.N][N→V]-te[to.act.on.so.as.to.cause.to.V][V→V]-te[to.act.on.so.as.to.cause.to.V][V→V]-@₁–lghii[the.one.that.V-ed][the.one.that.is.V][V→N][N][Abs][Unpd][Pl]
aqfaquullghiit	aqfa-~:(u)te[SBJ.V-ed.something][V→V]-te[to.act.on.so.as.to.cause.to.V][V→V]-@₁qugh[to.V.completely]-~:(u)te[condition.with.respect.to.V-ing][V→N]-te[to.catch.N][to.go.to.N][N→V]-te[to.act.on.so.as.to.cause.to.V][V→V]-te[to.act.on.so.as.to.cause.to.V][V→V]-@₁–lghii[the.one.that.V-ed][the.one.that.is.V][V→N][N][Rel][Unpd][Pl]
aqfaquullghiit	aqfa-~:(u)te[SBJ.V-ed.something][V→V]-te[to.act.on.so.as.to.cause.to.V][V→V]-@₁qugh[to.V.completely]-~:(u)te[condition.with.respect.to.V-ing][V→N]-te[to.catch.N][to.go.to.N][N→V]-te[to.act.on.so.as.to.cause.to.V][V→V]-te[to.act.on.so.as.to.cause.to.V][V→V][V][Ptcp][3Pl]
aqfaquullghiit	aqfa-~:(u)te[SBJ.V-ed.something][V→V]-te[to.act.on.so.as.to.cause.to.V][V→V]-@₁qugh[to.V.completely]-~:(u)te[condition.with.respect.to.V-ing][V→N]-te[to.catch.N][to.go.to.N][N→V]-te[to.act.on.so.as.to.cause.to.V][V→V][V][Ptcp][3Pl]
aqfaquullghiit	aqfa-~:(u)te[SBJ.V-ed.something][V→V]-te[to.act.on.so.as.to.cause.to.V][V→V]-@₁qugh[to.V.completely]-~:(u)te[condition.with.respect.to.V-ing][V→N]-te[to.catch.N][to.go.to.N][N→V][V][Ptcp][3Pl]
aqfaquullghiit	aqfa-~:(u)te[SBJ.V-ed.something][V→V]-te[to.act.on.so.as.to.cause.to.V][V→V]-@₁qugh[to.V.completely]-~:(u)te[SBJ.V-ed.something][V→V]-@₁–lghii[the.one.that.V-ed][the.one.that.is.V][V→N][N][Abs][Unpd][Pl]
aqfaquullghiit	aqfa-~:(u)te[SBJ.V-ed.something][V→V]-te[to.act.on.so.as.to.cause.to.V][V→V]-@₁qugh[to.V.completely]-~:(u)te[SBJ.V-ed.something][V→V]-@₁–lghii[the.one.that.V-ed][the.one.that.is.V][V→N][N][Rel][Unpd][Pl]
aqfaquullghiit	aqfa-~:(u)te[SBJ.V-ed.something][V→V]-te[to.act.on.so.as.to.cause.to.V][V→V]-@₁qugh[to.V.completely]-~:(u)te[SBJ.V-ed.something][V→V]-te[to.act.on.so.as.to.cause.to.V][V→V]-@₁–lghii[the.one.that.V-ed][the.one.that.is.V][V→N][N][Abs][Unpd][Pl]
aqfaquullghiit	aqfa-~:(u)te[SBJ.V-ed.something][V→V]-te[to.act.on.so.as.to.cause.to.V][V→V]-@₁qugh[to.V.completely]-~:(u)te[SBJ.V-ed.something][V→V]-te[to.act.on.so.as.to.cause.to.V][V→V]-@₁–lghii[the.one.that.V-ed][the.one.that.is.V][V→N][N][Rel][Unpd][Pl]
aqfaquullghiit	aqfa-~:(u)te[SBJ.V-ed.something][V→V]-te[to.act.on.so.as.to.cause.to.V][V→V]-@₁qugh[to.V.completely]-~:(u)te[SBJ.V-ed.something][V→V]-te[to.act.on.so.as.to.cause.to.V][V→V]-te[to.act.on.so.as.to.cause.to.V][V→V]-@₁–lghii[the.one.that.V-ed][the.one.that.is.V][V→N][N][Abs][Unpd][Pl]
aqfaquullghiit	aqfa-~:(u)te[SBJ.V-ed.something][V→V]-te[to.act.on.so.as.to.cause.to.V][V→V]-@₁qugh[to.V.completely]-~:(u)te[SBJ.V-ed.something][V→V]-te[to.act.on.so.as.to.cause.to.V][V→V]-te[to.act.on.so.as.to.cause.to.V][V→V]-@₁–lghii[the.one.that.V-ed][the.one.that.is.V][V→N][N][Rel][Unpd][Pl]
aqfaquullghiit	aqfa-~:(u)te[SBJ.V-ed.something][V→V]-te[to.act.on.so.as.to.cause.to.V][V→V]-@₁qugh[to.V.completely]-~:(u)te[SBJ.V-ed.something][V→V]-te[to.act.on.so.as.to.cause.to.V][V→V]-te[to.act.on.so.as.to.cause.to.V][V→V]-te[to.act.on.so.as.to.cause.to.V][V→V]-@₁–lghii[the.one.that.V-ed][the.one.that.is.V][V→N][N][Abs][Unpd][Pl]
aqfaquullghiit	aqfa-~:(u)te[SBJ.V-ed.something][V→V]-te[to.act.on.so.as.to.cause.to.V][V→V]-@₁qugh[to.V.completely]-~:(u)te[SBJ.V-ed.something][V→V]-te[to.act.on.so.as.to.cause.to.V][V→V]-te[to.act.on.so.as.to.cause.to.V][V→V]-te[to.act.on.so.as.to.cause.to.V][V→V]-@₁–lghii[the.one.that.V-ed][the.one.that.is.V][V→N][N][Rel][Unpd][Pl]
aqfaquullghiit	aqfa-~:(u)te[SBJ.V-ed.something][V→V]-te[to.act.on.so.as.to.cause.to.V][V→V]-@₁qugh[to.V.completely]-~:(u)te[SBJ.V-ed.something][V→V]-te[to.act.on.so.as.to.cause.to.V][V→V]-te[to.act.on.so.as.to.cause.to.V][V→V]-te[to.act.on.so.as.to.cause.to.V][V→V][V][Ptcp][3Pl]
aqfaquullghiit	aqfa-~:(u)te[SBJ.V-ed.something][V→V]-te[to.act.on.so.as.to.cause.to.V][V→V]-@₁qugh[to.V.completely]-~:(u)te[SBJ.V-ed.something][V→V]-te[to.act.on.so.as.to.cause.to.V][V→V]-te[to.act.on.so.as.to.cause.to.V][V→V][V][Ptcp][3Pl]
aqfaquullghiit	aqfa-~:(u)te[SBJ.V-ed.something][V→V]-te[to.act.on.so.as.to.cause.to.V][V→V]-@₁qugh[to.V.completely]-~:(u)te[SBJ.V-ed.something][V→V]-te[to.act.on.so.as.to.cause.to.V][V→V][V][Ptcp][3Pl]
aqfaquullghiit	aqfa-~:(u)te[SBJ.V-ed.something][V→V]-te[to.act.on.so.as.to.cause.to.V][V→V]-@₁qugh[to.V.completely]-~:(u)te[SBJ.V-ed.something][V→V][V][Ptcp][3Pl]
aqfaquullghiit	aqfa-~:(u)te[SBJ.V-ed.something][V→V]-@₁qugh[to.V.completely]-~:(u)te[to.V.for.or.with][to.cause.to.V.as.one.is.V-ing][to.V.toward.each.other][V→V]-@₁–lghii[the.one.that.V-ed][the.one.that.is.V][V→N][N][Abs][Unpd][Pl]
aqfaquullghiit	aqfa-~:(u)te[SBJ.V-ed.something][V→V]-@₁qugh[to.V.completely]-~:(u)te[to.V.for.or.with][to.cause.to.V.as.one.is.V-ing][to.V.toward.each.other][V→V]-@₁–lghii[the.one.that.V-ed][the.one.that.is.V][V→N][N][Rel][Unpd][Pl]
aqfaquullghiit	aqfa-~:(u)te[SBJ.V-ed.something][V→V]-@₁qugh[to.V.completely]-~:(u)te[to.V.for.or.with][to.cause.to.V.as.one.is.V-ing][to.V.toward.each.other][V→V]-te[to.act.on.so.as.to.cause.to.V][V→V]-@₁–lghii[the.one.that.V-ed][the.one.that.is.V][V→N][N][Abs][Unpd][Pl]
aqfaquullghiit	aqfa-~:(u)te[SBJ.V-ed.something][V→V]-@₁qugh[to.V.completely]-~:(u)te[to.V.for.or.with][to.cause.to.V.as.one.is.V-ing][to.V.toward.each.other][V→V]-te[to.act.on.so.as.to.cause.to.V][V→V]-@₁–lghii[the.one.that.V-ed][the.one.that.is.V][V→N][N][Rel][Unpd][Pl]
aqfaquullghiit	aqfa-~:(u)te[SBJ.V-ed.something][V→V]-@₁qugh[to.V.completely]-~:(u)te[to.V.for.or.with][to.cause.to.V.as.one.is.V-ing][to.V.toward.each.other][V→V]-te[to.act.on.so.as.to.cause.to.V][V→V]-te[to.act.on.so.as.to.cause.to.V][V→V]-@₁–lghii[the.one.that.V-ed][the.one.that.is.V][V→N][N][Abs][Unpd][Pl]
aqfaquullghiit	aqfa-~:(u)te[SBJ.V-ed.something][V→V]-@₁qugh[to.V.completely]-~:(u)te[to.V.for.or.with][to.cause.to.V.as.one.is.V-ing][to.V.toward.each.other][V→V]-te[to.act.on.so.as.to.cause.to.V][V→V]-te[to.act.on.so.as.to.cause.to.V][V→V]-@₁–lghii[the.one.that.V-ed][the.one.that.is.V][V→N][N][Rel][Unpd][Pl]
aqfaquullghiit	aqfa-~:(u)te[SBJ.V-ed.something][V→V]-@₁qugh[to.V.completely]-~:(u)te[to.V.for.or.with][to.cause.to.V.as.one.is.V-ing][to.V.toward.each.other][V→V]-te[to.act.on.so.as.to.cause.to.V][V→V]-te[to.act.on.so.as.to.cause.to.V][V→V]-te[to.act.on.so.as.to.cause.to.V][V→V]-@₁–lghii[the.one.that.V-ed][the.one.that.is.V][V→N][N][Abs][Unpd][Pl]
aqfaquullghiit	aqfa-~:(u)te[SBJ.V-ed.something][V→V]-@₁qugh[to.V.completely]-~:(u)te[to.V.for.or.with][to.cause.to.V.as.one.is.V-ing][to.V.toward.each.other][V→V]-te[to.act.on.so.as.to.cause.to.V][V→V]-te[to.act.on.so.as.to.cause.to.V][V→V]-te[to.act.on.so.as.to.cause.to.V][V→V]-@₁–lghii[the.one.that.V-ed][the.one.that.is.V][V→N][N][Rel][Unpd][Pl]
aqfaquullghiit	aqfa-~:(u)te[SBJ.V-ed.something][V→V]-@₁qugh[to.V.completely]-~:(u)te[to.V.for.or.with][to.cause.to.V.as.one.is.V-ing][to.V.toward.each.other][V→V]-te[to.act.on.so.as.to.cause.to.V][V→V]-te[to.act.on.so.as.to.cause.to.V][V→V]-te[to.act.on.so.as.to.cause.to.V][V→V][V][Ptcp][3Pl]
aqfaquullghiit	aqfa-~:(u)te[SBJ.V-ed.something][V→V]-@₁qugh[to.V.completely]-~:(u)te[to.V.for.or.with][to.cause.to.V.as.one.is.V-ing][to.V.toward.each.other][V→V]-te[to.act.on.so.as.to.cause.to.V][V→V]-te[to.act.on.so.as.to.cause.to.V][V→V][V][Ptcp][3Pl]
aqfaquullghiit	aqfa-~:(u)te[SBJ.V-ed.something][V→V]-@₁qugh[to.V.completely]-~:(u)te[to.V.for.or.with][to.cause.to.V.as.one.is.V-ing][to.V.toward.each.other][V→V]-te[to.act.on.so.as.to.cause.to.V][V→V][V][Ptcp][3Pl]
aqfaquullghiit	aqfa-~:(u)te[SBJ.V-ed.something][V→V]-@₁qugh[to.V.completely]-~:(u)te[to.V.for.or.with][to.cause.to.V.as.one.is.V-ing][to.V.toward.each.other][V→V][V][Ptcp][3Pl]
aqfaquullghiit	aqfa-~:(u)te[SBJ.V-ed.something][V→V]-@₁qugh[to.V.completely]-~:(u)te[condition.with.respect.to.V-ing][V→N]-te[to.catch.N][to.go.to.N][N→V]-@₁–lghii[the.one.that.V-ed][the.one.that.is.V][V→N][N][Abs][Unpd][Pl]
aqfaquullghiit	aqfa-~:(u)te[SBJ.V-ed.something][V→V]-@₁qugh[to.V.completely]-~:(u)te[condition.with.respect.to.V-ing][V→N]-te[to.catch.N][to.go.to.N][N→V]-@₁–lghii[the.one.that.V-ed][the.one.that.is.V][V→N][N][Rel][Unpd][Pl]
aqfaquullghiit	aqfa-~:(u)te[SBJ.V-ed.something][V→V]-@₁qugh[to.V.completely]-~:(u)te[condition.with.respect.to.V-ing][V→N]-te[to.catch.N][to.go.to.N][N→V]-te[to.act.on.so.as.to.cause.to.V][V→V]-@₁–lghii[the.one.that.V-ed][the.one.that.is.V][V→N][N][Abs][Unpd][Pl]
aqfaquullghiit	aqfa-~:(u)te[SBJ.V-ed.something][V→V]-@₁qugh[to.V.completely]-~:(u)te[condition.with.respect.to.V-ing][V→N]-te[to.catch.N][to.go.to.N][N→V]-te[to.act.on.so.as.to.cause.to.V][V→V]-@₁–lghii[the.one.that.V-ed][the.one.that.is.V][V→N][N][Rel][Unpd][Pl]
aqfaquullghiit	aqfa-~:(u)te[SBJ.V-ed.something][V→V]-@₁qugh[to.V.completely]-~:(u)te[condition.with.respect.to.V-ing][V→N]-te[to.catch.N][to.go.to.N][N→V]-te[to.act.on.so.as.to.cause.to.V][V→V]-te[to.act.on.so.as.to.cause.to.V][V→V]-@₁–lghii[the.one.that.V-ed][the.one.that.is.V][V→N][N][Abs][Unpd][Pl]
aqfaquullghiit	aqfa-~:(u)te[SBJ.V-ed.something][V→V]-@₁qugh[to.V.completely]-~:(u)te[condition.with.respect.to.V-ing][V→N]-te[to.catch.N][to.go.to.N][N→V]-te[to.act.on.so.as.to.cause.to.V][V→V]-te[to.act.on.so.as.to.cause.to.V][V→V]-@₁–lghii[the.one.that.V-ed][the.one.that.is.V][V→N][N][Rel][Unpd][Pl]
aqfaquullghiit	aqfa-~:(u)te[SBJ.V-ed.something][V→V]-@₁qugh[to.V.completely]-~:(u)te[condition.with.respect.to.V-ing][V→N]-te[to.catch.N][to.go.to.N][N→V]-te[to.act.on.so.as.to.cause.to.V][V→V]-te[to.act.on.so.as.to.cause.to.V][V→V][V][Ptcp][3Pl]
aqfaquullghiit	aqfa-~:(u)te[SBJ.V-ed.something][V→V]-@₁qugh[to.V.completely]-~:(u)te[condition.with.respect.to.V-ing][V→N]-te[to.catch.N][to.go.to.N][N→V]-te[to.act.on.so.as.to.cause.to.V][V→V][V][Ptcp][3Pl]
aqfaquullghiit	aqfa-~:(u)te[SBJ.V-ed.something][V→V]-@₁qugh[to.V.completely]-~:(u)te[condition.with.respect.to.V-ing][V→N]-te[to.catch.N][to.go.to.N][N→V][V][Ptcp][3Pl]
aqfaquullghiit	aqfa-~:(u)te[SBJ.V-ed.something][V→V]-@₁qugh[to.V.completely]-~:(u)te[SBJ.V-ed.something][V→V]-@₁–lghii[the.one.that.V-ed][the.one.that.is.V][V→N][N][Abs][Unpd][Pl]
aqfaquullghiit	aqfa-~:(u)te[SBJ.V-ed.something][V→V]-@₁qugh[to.V.completely]-~:(u)te[SBJ.V-ed.something][V→V]-@₁–lghii[the.one.that.V-ed][the.one.that.is.V][V→N][N][Rel][Unpd][Pl]
aqfaquullghiit	aqfa-~:(u)te[SBJ.V-ed.something][V→V]-@₁qugh[to.V.completely]-~:(u)te[SBJ.V-ed.something][V→V]-te[to.act.on.so.as.to.cause.to.V][V→V]-@₁–lghii[the.one.that.V-ed][the.one.that.is.V][V→N][N][Abs][Unpd][Pl]
aqfaquullghiit	aqfa-~:(u)te[SBJ.V-ed.something][V→V]-@₁qugh[to.V.completely]-~:(u)te[SBJ.V-ed.something][V→V]-te[to.act.on.so.as.to.cause.to.V][V→V]-@₁–lghii[the.one.that.V-ed][the.one.that.is.V][V→N][N][Rel][Unpd][Pl]
aqfaquullghiit	aqfa-~:(u)te[SBJ.V-ed.something][V→V]-@₁qugh[to.V.completely]-~:(u)te[SBJ.V-ed.something][V→V]-te[to.act.on.so.as.to.cause.to.V][V→V]-te[to.act.on.so.as.to.cause.to.V][V→V]-@₁–lghii[the.one.that.V-ed][the.one.that.is.V][V→N][N][Abs][Unpd][Pl]
aqfaquullghiit	aqfa-~:(u)te[SBJ.V-ed.something][V→V]-@₁qugh[to.V.completely]-~:(u)te[SBJ.V-ed.something][V→V]-te[to.act.on.so.as.to.cause.to.V][V→V]-te[to.act.on.so.as.to.cause.to.V][V→V]-@₁–lghii[the.one.that.V-ed][the.one.that.is.V][V→N][N][Rel][Unpd][Pl]
aqfaquullghiit	aqfa-~:(u)te[SBJ.V-ed.something][V→V]-@₁qugh[to.V.completely]-~:(u)te[SBJ.V-ed.something][V→V]-te[to.act.on.so.as.to.cause.to.V][V→V]-te[to.act.on.so.as.to.cause.to.V][V→V]-te[to.act.on.so.as.to.cause.to.V][V→V]-@₁–lghii[the.one.that.V-ed][the.one.that.is.V][V→N][N][Abs][Unpd][Pl]
aqfaquullghiit	aqfa-~:(u)te[SBJ.V-ed.something][V→V]-@₁qugh[to.V.completely]-~:(u)te[SBJ.V-ed.something][V→V]-te[to.act.on.so.as.to.cause.to.V][V→V]-te[to.act.on.so.as.to.cause.to.V][V→V]-te[to.act.on.so.as.to.cause.to.V][V→V]-@₁–lghii[the.one.that.V-ed][the.one.that.is.V][V→N][N][Rel][Unpd][Pl]
aqfaquullghiit	aqfa-~:(u)te[SBJ.V-ed.something][V→V]-@₁qugh[to.V.completely]-~:(u)te[SBJ.V-ed.something][V→V]-te[to.act.on.so.as.to.cause.to.V][V→V]-te[to.act.on.so.as.to.cause.to.V][V→V]-te[to.act.on.so.as.to.cause.to.V][V→V][V][Ptcp][3Pl]
aqfaquullghiit	aqfa-~:(u)te[SBJ.V-ed.something][V→V]-@₁qugh[to.V.completely]-~:(u)te[SBJ.V-ed.something][V→V]-te[to.act.on.so.as.to.cause.to.V][V→V]-te[to.act.on.so.as.to.cause.to.V][V→V][V][Ptcp][3Pl]
aqfaquullghiit	aqfa-~:(u)te[SBJ.V-ed.something][V→V]-@₁qugh[to.V.completely]-~:(u)te[SBJ.V-ed.something][V→V]-te[to.act.on.so.as.to.cause.to.V][V→V][V][Ptcp][3Pl]
aqfaquullghiit	aqfa-~:(u)te[SBJ.V-ed.something][V→V]-@₁qugh[to.V.completely]-~:(u)te[SBJ.V-ed.something][V→V][V][Ptcp][3Pl]
aqfaquullghiit	aqfa-@₁qugh[to.V.completely]-~:(u)te[to.V.for.or.with][to.cause.to.V.as.one.is.V-ing][to.V.toward.each.other][V→V]-@₁–lghii[the.one.that.V-ed][the.one.that.is.V][V→N][N][Abs][Unpd][Pl]
aqfaquullghiit	aqfa-@₁qugh[to.V.completely]-~:(u)te[to.V.for.or.with][to.cause.to.V.as.one.is.V-ing][to.V.toward.each.other][V→V]-@₁–lghii[the.one.that.V-ed][the.one.that.is.V][V→N][N][Rel][Unpd][Pl]
aqfaquullghiit	aqfa-@₁qugh[to.V.completely]-~:(u)te[to.V.for.or.with][to.cause.to.V.as.one.is.V-ing][to.V.toward.each.other][V→V]-te[to.act.on.so.as.to.cause.to.V][V→V]-@₁–lghii[the.one.that.V-ed][the.one.that.is.V][V→N][N][Abs][Unpd][Pl]
aqfaquullghiit	aqfa-@₁qugh[to.V.completely]-~:(u)te[to.V.for.or.with][to.cause.to.V.as.one.is.V-ing][to.V.toward.each.other][V→V]-te[to.act.on.so.as.to.cause.to.V][V→V]-@₁–lghii[the.one.that.V-ed][the.one.that.is.V][V→N][N][Rel][Unpd][Pl]
aqfaquullghiit	aqfa-@₁qugh[to.V.completely]-~:(u)te[to.V.for.or.with][to.cause.to.V.as.one.is.V-ing][to.V.toward.each.other][V→V]-te[to.act.on.so.as.to.cause.to.V][V→V]-te[to.act.on.so.as.to.cause.to.V][V→V]-@₁–lghii[the.one.that.V-ed][the.one.that.is.V][V→N][N][Abs][Unpd][Pl]
aqfaquullghiit	aqfa-@₁qugh[to.V.completely]-~:(u)te[to.V.for.or.with][to.cause.to.V.as.one.is.V-ing][to.V.toward.each.other][V→V]-te[to.act.on.so.as.to.cause.to.V][V→V]-te[to.act.on.so.as.to.cause.to.V][V→V]-@₁–lghii[the.one.that.V-ed][the.one.that.is.V][V→N][N][Rel][Unpd][Pl]
aqfaquullghiit	aqfa-@₁qugh[to.V.completely]-~:(u)te[condition.with.respect.to.V-ing][V→N]-te[to.catch.N][to.go.to.N][N→V]-@₁–lghii[the.one.that.V-ed][the.one.that.is.V][V→N][N][Abs][Unpd][Pl]
aqfaquullghiit	aqfa-@₁qugh[to.V.completely]-~:(u)te[condition.with.respect.to.V-ing][V→N]-te[to.catch.N][to.go.to.N][N→V]-@₁–lghii[the.one.that.V-ed][the.one.that.is.V][V→N][N][Rel][Unpd][Pl]
aqfaquullghiit	aqfa-@₁qugh[to.V.completely]-~:(u)te[condition.with.respect.to.V-ing][V→N]-te[to.catch.N][to.go.to.N][N→V]-te[to.act.on.so.as.to.cause.to.V][V→V]-@₁–lghii[the.one.that.V-ed][the.one.that.is.V][V→N][N][Abs][Unpd][Pl]
aqfaquullghiit	aqfa-@₁qugh[to.V.completely]-~:(u)te[condition.with.respect.to.V-ing][V→N]-te[to.catch.N][to.go.to.N][N→V]-te[to.act.on.so.as.to.cause.to.V][V→V]-@₁–lghii[the.one.that.V-ed][the.one.that.is.V][V→N][N][Rel][Unpd][Pl]
aqfaquullghiit	aqfa-@₁qugh[to.V.completely]-~:(u)te[condition.with.respect.to.V-ing][V→N]-te[to.catch.N][to.go.to.N][N→V]-te[to.act.on.so.as.to.cause.to.V][V→V][V][Ptcp][3Pl]
aqfaquullghiit	aqfa-@₁qugh[to.V.completely]-~:(u)te[condition.with.respect.to.V-ing][V→N]-te[to.catch.N][to.go.to.N][N→V][V][Ptcp][3Pl]
aqfaquullghiit	aqfa-@₁qugh[to.V.completely]-~:(u)te[SBJ.V-ed.something][V→V]-@₁–lghii[the.one.that.V-ed][the.one.that.is.V][V→N][N][Abs][Unpd][Pl]
aqfaquullghiit	aqfa-@₁qugh[to.V.completely]-~:(u)te[SBJ.V-ed.something][V→V]-@₁–lghii[the.one.that.V-ed][the.one.that.is.V][V→N][N][Rel][Unpd][Pl]
aqfaquullghiit	aqfa-@₁qugh[to.V.completely]-~:(u)te[SBJ.V-ed.something][V→V]-te[to.act.on.so.as.to.cause.to.V][V→V]-@₁–lghii[the.one.that.V-ed][the.one.that.is.V][V→N][N][Abs][Unpd][Pl]
aqfaquullghiit	aqfa-@₁qugh[to.V.completely]-~:(u)te[SBJ.V-ed.something][V→V]-te[to.act.on.so.as.to.cause.to.V][V→V]-@₁–lghii[the.one.that.V-ed][the.one.that.is.V][V→N][N][Rel][Unpd][Pl]
aqfaquullghiit	aqfa-@₁qugh[to.V.completely]-~:(u)te[SBJ.V-ed.something][V→V]-te[to.act.on.so.as.to.cause.to.V][V→V]-te[to.act.on.so.as.to.cause.to.V][V→V]-@₁–lghii[the.one.that.V-ed][the.one.that.is.V][V→N][N][Abs][Unpd][Pl]
aqfaquullghiit	aqfa-@₁qugh[to.V.completely]-~:(u)te[SBJ.V-ed.something][V→V]-te[to.act.on.so.as.to.cause.to.V][V→V]-te[to.act.on.so.as.to.cause.to.V][V→V]-@₁–lghii[the.one.that.V-ed][the.one.that.is.V][V→N][N][Rel][Unpd][Pl]
aqfaquullghiit	aqfa-@₁qugh[to.V.completely]-~:(u)te[SBJ.V-ed.something][V→V]-te[to.act.on.so.as.to.cause.to.V][V→V]-te[to.act.on.so.as.to.cause.to.V][V→V][V][Ptcp][3Pl]
aqfaquullghiit	aqfa-@₁qugh[to.V.completely]-~:(u)te[SBJ.V-ed.something][V→V]-te[to.act.on.so.as.to.cause.to.V][V→V][V][Ptcp][3Pl]
aqfaquullghiit	aqfa-@₁qugh[to.V.completely]-~:(u)te[SBJ.V-ed.something][V→V][V][Ptcp][3Pl]

nulaghllaneghmeggni	+?

sukaaghsimaghmeng	+?

lliighaqut	+?

------------------------
Paghyulghii tunuvaamaghmi, qenwat qafsin'ggaaghtaqut.

paghyulghii	+?

tunuvaamaghmi	+?

qenwat	qenwat

qafsinggaaghtaqut	+?

------------------------
Paghyughtuulluni tunuvaghtuunneghani taana paghyuneghlluk kayaalqiigaquq.

paghyughtuulluni	+?

tunuvaghtuunneghani	+?

taana	taana

paghyuneghlluk	+?

kayaalqiigaquq	+?

------------------------


------------------------
Sivuqaq qamaglluni pagsingaaquq tawani, qellineghmun tagilaghaateghlagaquq aqelqaghniighmun esghapagyaataquq ingluksuugullghiimeng.

sivuqaq	Sivuqagh[N][Abs][Unpd][Sg]

qamaglluni	+?

pagsingaaquq	+?

tawani	tawani

qellineghmun	+?

tagilaghaateghlagaquq	+?

aqelqaghniighmun	+?

esghapagyaataquq	+?

ingluksuugullghiimeng	+?

------------------------
Aqelqat aqelqaghniighaqiit, naliit piniitangi.

aqelqat	aqelqagh[N][Abs][Unpd][Pl]
aqelqat	aqelqagh[N][Rel][Unpd][Pl]

aqelqaghniighaqiit	aqelqaghniigh[to.hunt.for.N][to.search.for.N][to.ask.for.N][to.work.with.N][N→V]-~(g₁)aqe[to.be.V.ing][to.regularly.or.repeatedly.V][V→V]-~i[SBJ.V-ed.something][V→V][V][Intrg][3Pl]
aqelqaghniighaqiit	aqelqaghniigh[to.hunt.for.N][to.search.for.N][to.ask.for.N][to.work.with.N][N→V]-~(g₁)aqe[to.be.V.ing][to.regularly.or.repeatedly.V][V→V]-~i[SBJ.V-ed.something][V→V][V][Ind][3Pl]

naliit	naligh*[N][Abs][Unpd][Pl]
naliit	naligh*[N][Abs][3PlPoss][SgPosd]
naliit	naligh*[N][Abs][3PlPoss][PlPosd]
naliit	naligh*[N][Rel][Unpd][Pl]

piniitangi	pi-@₁~fna[in.order.to.V][intending.to.V][V→V]-~i[SBJ.V-ed.something][V→V]-~i[SBJ.V-ed.something][V→V]-~i[SBJ.V-ed.something][V→V]-~i[SBJ.V-ed.something][V→V]-~:(u)ta[condition.with.respect.to.V-ing][V→N][N][Abs][3SgPoss][PlPosd]
piniitangi	pi-@₁~fna[in.order.to.V][intending.to.V][V→V]-~i[SBJ.V-ed.something][V→V]-~i[SBJ.V-ed.something][V→V]-~i[SBJ.V-ed.something][V→V]-~:(u)ta[condition.with.respect.to.V-ing][V→N][N][Abs][3SgPoss][PlPosd]
piniitangi	pi-@₁~fna[in.order.to.V][intending.to.V][V→V]-~i[SBJ.V-ed.something][V→V]-~i[SBJ.V-ed.something][V→V]-~:(u)ta[condition.with.respect.to.V-ing][V→N][N][Abs][3SgPoss][PlPosd]
piniitangi	pi-@₁~fna[in.order.to.V][intending.to.V][V→V]-~i[SBJ.V-ed.something][V→V]-~:(u)ta[condition.with.respect.to.V-ing][V→N][N][Abs][3SgPoss][PlPosd]
piniitangi	pi-@₁~fni[to.say.that.one.is.V-ing][Cmpd_Vbl]-~i[SBJ.V-ed.something][V→V]-~i[SBJ.V-ed.something][V→V]-~i[SBJ.V-ed.something][V→V]-~i[SBJ.V-ed.something][V→V]-~:(u)ta[condition.with.respect.to.V-ing][V→N][N][Abs][3SgPoss][PlPosd]
piniitangi	pi-@₁~fni[to.say.that.one.is.V-ing][Cmpd_Vbl]-~i[SBJ.V-ed.something][V→V]-~i[SBJ.V-ed.something][V→V]-~i[SBJ.V-ed.something][V→V]-~:(u)ta[condition.with.respect.to.V-ing][V→N][N][Abs][3SgPoss][PlPosd]
piniitangi	pi-@₁~fni[to.say.that.one.is.V-ing][Cmpd_Vbl]-~i[SBJ.V-ed.something][V→V]-~i[SBJ.V-ed.something][V→V]-~:(u)ta[condition.with.respect.to.V-ing][V→N][N][Abs][3SgPoss][PlPosd]
piniitangi	pi-@₁~fni[to.say.that.one.is.V-ing][Cmpd_Vbl]-~i[SBJ.V-ed.something][V→V]-~:(u)ta[condition.with.respect.to.V-ing][V→N][N][Abs][3SgPoss][PlPosd]
piniitangi	pi-~:(u)te[to.V.for.or.with][to.cause.to.V.as.one.is.V-ing][to.V.toward.each.other][V→V]-@₁~fna[in.order.to.V][intending.to.V][V→V]-~i[SBJ.V-ed.something][V→V]-~i[SBJ.V-ed.something][V→V]-~i[SBJ.V-ed.something][V→V]-~:(u)ta[condition.with.respect.to.V-ing][V→N][N][Abs][3SgPoss][PlPosd]
piniitangi	pi-~:(u)te[to.V.for.or.with][to.cause.to.V.as.one.is.V-ing][to.V.toward.each.other][V→V]-@₁~fna[in.order.to.V][intending.to.V][V→V]-~i[SBJ.V-ed.something][V→V]-~i[SBJ.V-ed.something][V→V]-~:(u)ta[condition.with.respect.to.V-ing][V→N][N][Abs][3SgPoss][PlPosd]
piniitangi	pi-~:(u)te[to.V.for.or.with][to.cause.to.V.as.one.is.V-ing][to.V.toward.each.other][V→V]-@₁~fna[in.order.to.V][intending.to.V][V→V]-~i[SBJ.V-ed.something][V→V]-~:(u)ta[condition.with.respect.to.V-ing][V→N][N][Abs][3SgPoss][PlPosd]
piniitangi	pi-~:(u)te[to.V.for.or.with][to.cause.to.V.as.one.is.V-ing][to.V.toward.each.other][V→V]-@₁~fni[to.say.that.one.is.V-ing][Cmpd_Vbl]-~i[SBJ.V-ed.something][V→V]-~i[SBJ.V-ed.something][V→V]-~i[SBJ.V-ed.something][V→V]-~:(u)ta[condition.with.respect.to.V-ing][V→N][N][Abs][3SgPoss][PlPosd]
piniitangi	pi-~:(u)te[to.V.for.or.with][to.cause.to.V.as.one.is.V-ing][to.V.toward.each.other][V→V]-@₁~fni[to.say.that.one.is.V-ing][Cmpd_Vbl]-~i[SBJ.V-ed.something][V→V]-~i[SBJ.V-ed.something][V→V]-~:(u)ta[condition.with.respect.to.V-ing][V→N][N][Abs][3SgPoss][PlPosd]
piniitangi	pi-~:(u)te[to.V.for.or.with][to.cause.to.V.as.one.is.V-ing][to.V.toward.each.other][V→V]-@₁~fni[to.say.that.one.is.V-ing][Cmpd_Vbl]-~i[SBJ.V-ed.something][V→V]-~:(u)ta[condition.with.respect.to.V-ing][V→N][N][Abs][3SgPoss][PlPosd]
piniitangi	pi-~:(u)te[SBJ.V-ed.something][V→V]-@₁~fna[in.order.to.V][intending.to.V][V→V]-~i[SBJ.V-ed.something][V→V]-~i[SBJ.V-ed.something][V→V]-~i[SBJ.V-ed.something][V→V]-~:(u)ta[condition.with.respect.to.V-ing][V→N][N][Abs][3SgPoss][PlPosd]
piniitangi	pi-~:(u)te[SBJ.V-ed.something][V→V]-@₁~fna[in.order.to.V][intending.to.V][V→V]-~i[SBJ.V-ed.something][V→V]-~i[SBJ.V-ed.something][V→V]-~:(u)ta[condition.with.respect.to.V-ing][V→N][N][Abs][3SgPoss][PlPosd]
piniitangi	pi-~:(u)te[SBJ.V-ed.something][V→V]-@₁~fna[in.order.to.V][intending.to.V][V→V]-~i[SBJ.V-ed.something][V→V]-~:(u)ta[condition.with.respect.to.V-ing][V→N][N][Abs][3SgPoss][PlPosd]
piniitangi	pi-~:(u)te[SBJ.V-ed.something][V→V]-@₁~fni[to.say.that.one.is.V-ing][Cmpd_Vbl]-~i[SBJ.V-ed.something][V→V]-~i[SBJ.V-ed.something][V→V]-~i[SBJ.V-ed.something][V→V]-~:(u)ta[condition.with.respect.to.V-ing][V→N][N][Abs][3SgPoss][PlPosd]
piniitangi	pi-~:(u)te[SBJ.V-ed.something][V→V]-@₁~fni[to.say.that.one.is.V-ing][Cmpd_Vbl]-~i[SBJ.V-ed.something][V→V]-~i[SBJ.V-ed.something][V→V]-~:(u)ta[condition.with.respect.to.V-ing][V→N][N][Abs][3SgPoss][PlPosd]
piniitangi	pi-~:(u)te[SBJ.V-ed.something][V→V]-@₁~fni[to.say.that.one.is.V-ing][Cmpd_Vbl]-~i[SBJ.V-ed.something][V→V]-~:(u)ta[condition.with.respect.to.V-ing][V→N][N][Abs][3SgPoss][PlPosd]
piniitangi	pinigh-~:(u)ta[condition.with.respect.to.V-ing][V→N][N][Abs][3SgPoss][PlPosd]

------------------------


------------------------
Aqfaqum kingunganeng yuuk atkugwighluni atghaghaquq qukaanun aqfaqughvigem.

aqfaqum	+?

kingunganeng	+?

yuuk	yug[N][Abs][Sg]

atkugwighluni	+?

atghaghaquq	atghagh-~(g₁)aqe[to.be.V.ing][to.regularly.or.repeatedly.V][V→V][V][Ind][3Sg]

qukaanun	+?

aqfaqughvigem	+?

------------------------
Peghleghlluni utaqiigaquq teskanani.

peghleghlluni	+?

utaqiigaquq	utaqa-~i[SBJ.V-ed.something][V→V]-~i[SBJ.V-ed.something][V→V]-~i[SBJ.V-ed.something][V→V]-~i[SBJ.V-ed.something][V→V]-~i[SBJ.V-ed.something][V→V]-~(g₁)aqe[to.be.V.ing][to.regularly.or.repeatedly.V][V→V][V][Ind][3Sg]
utaqiigaquq	utaqa-~i[SBJ.V-ed.something][V→V]-~i[SBJ.V-ed.something][V→V]-~i[SBJ.V-ed.something][V→V]-~i[SBJ.V-ed.something][V→V]-~(g₁)aqe[to.be.V.ing][to.regularly.or.repeatedly.V][V→V][V][Ind][3Sg]
utaqiigaquq	utaqa-~i[SBJ.V-ed.something][V→V]-~i[SBJ.V-ed.something][V→V]-~i[SBJ.V-ed.something][V→V]-~(g₁)aqe[to.be.V.ing][to.regularly.or.repeatedly.V][V→V][V][Ind][3Sg]
utaqiigaquq	utaqa-~i[SBJ.V-ed.something][V→V]-~i[SBJ.V-ed.something][V→V]-~(g₁)aqe[to.be.V.ing][to.regularly.or.repeatedly.V][V→V][V][Ind][3Sg]
utaqiigaquq	utaqa-~i[SBJ.V-ed.something][V→V]-~(g₁)aqe[to.be.V.ing][to.regularly.or.repeatedly.V][V→V][V][Ind][3Sg]

teskanani	+?

------------------------
Taana tughumghameng atelek.

taana	taana

tughumghameng	+?

atelek	ategh-–leg[one.having.N][N→N][N][Abs][Unpd][Sg]

------------------------
Ungazighmiitlu maakumiitlu ateghtiiraaghutaqut, iqunneghisteng tunuvaghaqluteng.

ungazighmiitlu	Ungazigh-mii[resident.of.N][N→N][N][Abs][Unpd][Pl]-llu[Encl]
ungazighmiitlu	Ungazigh-mii[resident.of.N][N→N][N][Rel][Unpd][Pl]-llu[Encl]

maakumiitlu	+?

ateghtiiraaghutaqut	+?

iqunneghisteng	+?

tunuvaghaqluteng	+?

------------------------
Qenwat iknaqellghet siiptaqut taawa taana kina ateghtangiinneghmini kayaalqiigaquq.

qenwat	qenwat

iknaqellghet	+?

siiptaqut	+?

taawa	taawa

taana	taana

kina	kina
kina	kina[N][Abs][Unpd][Sg]

ateghtangiinneghmini	+?

kayaalqiigaquq	+?

------------------------
Neqamikellemni maakumiin'nguq kayaalqesigatut.

neqamikellemni	+?

maakumiinnguq	+?

kayaalqesigatut	+?

------------------------


------------------------
Aqfaqumi tamaakut sukaaghikat, paghyuneghlluget kayaalqiikayuget.

aqfaqumi	+?

tamaakut	+?

sukaaghikat	+?

paghyuneghlluget	+?

kayaalqiikayuget	+?

------------------------
Ama tughumghatmi, iknaqelghiit, tughumghallget yugiqengegkayuget.

ama	ama

tughumghatmi	+?

iknaqelghiit	iknaqe-@₁–lghii[the.one.that.V-ed][the.one.that.is.V][V→N][N][Abs][Unpd][Pl]
iknaqelghiit	iknaqe-@₁–lghii[the.one.that.V-ed][the.one.that.is.V][V→N][N][Rel][Unpd][Pl]
iknaqelghiit	iknaqe[V][Ptcp][3Pl]

tughumghallget	+?

yugiqengegkayuget	+?

------------------------


------------------------
Taam aqelqaghniighem kingungiighhaaneng teghignalleq piinliqayuk kalleghta, atuqlu.

taam	+?

aqelqaghniighem	+?

kingungiighhaaneng	+?

teghignalleq	+?

piinliqayuk	+?

kalleghta	+?

atuqlu	+?

------------------------
Sangwaa puygaaghlluku tamaghhaghmi teghigniqutaquq tawani.

sangwaa	sa-~:(ng₁)u[to.be.N][N→V][V][Intrg][3Sg]

puygaaghlluku	+?

tamaghhaghmi	tamaghhagh*[Quant_Qual][4Sg]

teghigniqutaquq	+?

tawani	tawani

------------------------
