SIVUQAM KIYAGHTAALLGHA 1930-NI

sivuqam	Sivuqagh[N][Rel][Unpd][Sg]

kiyaghtaallgha	+?

1930ni	+?

------------------------
Akulkim Apellgha

akulkim	+?

apellgha	+?

------------------------


------------------------
Tamaani usiisteghllagem kiinghani saghya kaatutkayuwa.

tamaani	+?

usiisteghllagem	+?

kiinghani	+?

saghya	+?

kaatutkayuwa	+?

------------------------
Ataasighhaghmeng kaatkayuk, enkaam ayumiqulleghmun saghya naamasnaqaqegkangat.

ataasighhaghmeng	+?

kaatkayuk	kaate-~–kayuk[one.who.is.able.to.V][V→N][N][Abs][Unpd][Sg]

enkaam	enkaam

ayumiqulleghmun	+?

saghya	+?

naamasnaqaqegkangat	+?

------------------------


------------------------
Natu esnaq qaginginneghani taakwani usingighaqluni.

natu	+?

esnaq	esnagh[N][Abs][Unpd][Sg]

qaginginneghani	+?

taakwani	+?

usingighaqluni	+?

------------------------
Paamggun naalkun, saamggun uughqakun, ilangakun, kiyang uksaaghmi, amagun Tevleghagnekun, ilangakun Uuyneghqunllu usingiqayuk uukna qagitunghani.

paamggun	+?

naalkun	naa-–leg[one.having.N][N→N]-~–ke[to.have.as.one's.N(s)][N→V]-~:(u)te[condition.with.respect.to.V-ing][V→N][N][Abs][Unpd][Sg]
naalkun	naalke-~:(u)te[condition.with.respect.to.V-ing][V→N][N][Abs][Unpd][Sg]

saamggun	+?

uughqakun	+?

ilangakun	ila[N][Via][3DuPoss][PlPosd]
ilangakun	ila[N][Via][3SgPoss][SgPosd]
ilangakun	ila[N][Via][3SgPoss][PlPosd]

kiyang	+?

uksaaghmi	+?

amagun	amagun

tevleghagnekun	+?

ilangakun	ila[N][Via][3DuPoss][PlPosd]
ilangakun	ila[N][Via][3SgPoss][SgPosd]
ilangakun	ila[N][Via][3SgPoss][PlPosd]

uuyneghqunllu	+?

usingiqayuk	+?

uukna	uukna

qagitunghani	+?

------------------------


------------------------
Angyaghwaaghqun saghya angyaghpagmeng angaghqughaqelghii.

angyaghwaaghqun	+?

saghya	+?

angyaghpagmeng	+?

angaghqughaqelghii	+?

------------------------
Estamagneghet drum-et usikegkayugi enkaam tapghameng qaamqaghlluki yuget uglaalluki sayugaqluki, enkaam quutmeng ullghitaghtaghluki tunuvaghaqluki.  

estamagneghet	+?

drumet	+?

usikegkayugi	+?

enkaam	enkaam

tapghameng	+?

qaamqaghlluki	+?

yuget	yug[N][Abs][Unpd][Pl]
yuget	yug[N][Rel][Unpd][Pl]

uglaalluki	+?

sayugaqluki	sa-@₁~fyug[to.want.to.V][V→V]-~(g₁)aqe[to.be.V.ing][to.regularly.or.repeatedly.V][V→V]-te[to.act.on.so.as.to.cause.to.V][V→V]-te[to.act.on.so.as.to.cause.to.V][V→V]-te[to.act.on.so.as.to.cause.to.V][V→V][V][Sbrd][1Du][3Pl]
sayugaqluki	sa-@₁~fyug[to.want.to.V][V→V]-~(g₁)aqe[to.be.V.ing][to.regularly.or.repeatedly.V][V→V]-te[to.act.on.so.as.to.cause.to.V][V→V]-te[to.act.on.so.as.to.cause.to.V][V→V]-te[to.act.on.so.as.to.cause.to.V][V→V][V][Sbrd][1Pl][3Pl]
sayugaqluki	sa-@₁~fyug[to.want.to.V][V→V]-~(g₁)aqe[to.be.V.ing][to.regularly.or.repeatedly.V][V→V]-te[to.act.on.so.as.to.cause.to.V][V→V]-te[to.act.on.so.as.to.cause.to.V][V→V]-te[to.act.on.so.as.to.cause.to.V][V→V][V][Sbrd][1Sg][3Pl]
sayugaqluki	sa-@₁~fyug[to.want.to.V][V→V]-~(g₁)aqe[to.be.V.ing][to.regularly.or.repeatedly.V][V→V]-te[to.act.on.so.as.to.cause.to.V][V→V]-te[to.act.on.so.as.to.cause.to.V][V→V]-te[to.act.on.so.as.to.cause.to.V][V→V][V][Sbrd][2Du][3Pl]
sayugaqluki	sa-@₁~fyug[to.want.to.V][V→V]-~(g₁)aqe[to.be.V.ing][to.regularly.or.repeatedly.V][V→V]-te[to.act.on.so.as.to.cause.to.V][V→V]-te[to.act.on.so.as.to.cause.to.V][V→V]-te[to.act.on.so.as.to.cause.to.V][V→V][V][Sbrd][2Pl][3Pl]
sayugaqluki	sa-@₁~fyug[to.want.to.V][V→V]-~(g₁)aqe[to.be.V.ing][to.regularly.or.repeatedly.V][V→V]-te[to.act.on.so.as.to.cause.to.V][V→V]-te[to.act.on.so.as.to.cause.to.V][V→V]-te[to.act.on.so.as.to.cause.to.V][V→V][V][Sbrd][2Sg][3Pl]
sayugaqluki	sa-@₁~fyug[to.want.to.V][V→V]-~(g₁)aqe[to.be.V.ing][to.regularly.or.repeatedly.V][V→V]-te[to.act.on.so.as.to.cause.to.V][V→V]-te[to.act.on.so.as.to.cause.to.V][V→V]-te[to.act.on.so.as.to.cause.to.V][V→V][V][Sbrd][3Du][3Pl]
sayugaqluki	sa-@₁~fyug[to.want.to.V][V→V]-~(g₁)aqe[to.be.V.ing][to.regularly.or.repeatedly.V][V→V]-te[to.act.on.so.as.to.cause.to.V][V→V]-te[to.act.on.so.as.to.cause.to.V][V→V]-te[to.act.on.so.as.to.cause.to.V][V→V][V][Sbrd][3Pl][3Pl]
sayugaqluki	sa-@₁~fyug[to.want.to.V][V→V]-~(g₁)aqe[to.be.V.ing][to.regularly.or.repeatedly.V][V→V]-te[to.act.on.so.as.to.cause.to.V][V→V]-te[to.act.on.so.as.to.cause.to.V][V→V]-te[to.act.on.so.as.to.cause.to.V][V→V][V][Sbrd][3Sg][3Pl]
sayugaqluki	sa-@₁~fyug[to.want.to.V][V→V]-~(g₁)aqe[to.be.V.ing][to.regularly.or.repeatedly.V][V→V]-te[to.act.on.so.as.to.cause.to.V][V→V]-te[to.act.on.so.as.to.cause.to.V][V→V][V][Sbrd][1Du][3Pl]
sayugaqluki	sa-@₁~fyug[to.want.to.V][V→V]-~(g₁)aqe[to.be.V.ing][to.regularly.or.repeatedly.V][V→V]-te[to.act.on.so.as.to.cause.to.V][V→V]-te[to.act.on.so.as.to.cause.to.V][V→V][V][Sbrd][1Pl][3Pl]
sayugaqluki	sa-@₁~fyug[to.want.to.V][V→V]-~(g₁)aqe[to.be.V.ing][to.regularly.or.repeatedly.V][V→V]-te[to.act.on.so.as.to.cause.to.V][V→V]-te[to.act.on.so.as.to.cause.to.V][V→V][V][Sbrd][1Sg][3Pl]
sayugaqluki	sa-@₁~fyug[to.want.to.V][V→V]-~(g₁)aqe[to.be.V.ing][to.regularly.or.repeatedly.V][V→V]-te[to.act.on.so.as.to.cause.to.V][V→V]-te[to.act.on.so.as.to.cause.to.V][V→V][V][Sbrd][2Du][3Pl]
sayugaqluki	sa-@₁~fyug[to.want.to.V][V→V]-~(g₁)aqe[to.be.V.ing][to.regularly.or.repeatedly.V][V→V]-te[to.act.on.so.as.to.cause.to.V][V→V]-te[to.act.on.so.as.to.cause.to.V][V→V][V][Sbrd][2Pl][3Pl]
sayugaqluki	sa-@₁~fyug[to.want.to.V][V→V]-~(g₁)aqe[to.be.V.ing][to.regularly.or.repeatedly.V][V→V]-te[to.act.on.so.as.to.cause.to.V][V→V]-te[to.act.on.so.as.to.cause.to.V][V→V][V][Sbrd][2Sg][3Pl]
sayugaqluki	sa-@₁~fyug[to.want.to.V][V→V]-~(g₁)aqe[to.be.V.ing][to.regularly.or.repeatedly.V][V→V]-te[to.act.on.so.as.to.cause.to.V][V→V]-te[to.act.on.so.as.to.cause.to.V][V→V][V][Sbrd][3Du][3Pl]
sayugaqluki	sa-@₁~fyug[to.want.to.V][V→V]-~(g₁)aqe[to.be.V.ing][to.regularly.or.repeatedly.V][V→V]-te[to.act.on.so.as.to.cause.to.V][V→V]-te[to.act.on.so.as.to.cause.to.V][V→V][V][Sbrd][3Pl][3Pl]
sayugaqluki	sa-@₁~fyug[to.want.to.V][V→V]-~(g₁)aqe[to.be.V.ing][to.regularly.or.repeatedly.V][V→V]-te[to.act.on.so.as.to.cause.to.V][V→V]-te[to.act.on.so.as.to.cause.to.V][V→V][V][Sbrd][3Sg][3Pl]
sayugaqluki	sa-@₁~fyug[to.want.to.V][V→V]-~(g₁)aqe[to.be.V.ing][to.regularly.or.repeatedly.V][V→V]-te[to.act.on.so.as.to.cause.to.V][V→V][V][Sbrd][1Du][3Pl]
sayugaqluki	sa-@₁~fyug[to.want.to.V][V→V]-~(g₁)aqe[to.be.V.ing][to.regularly.or.repeatedly.V][V→V]-te[to.act.on.so.as.to.cause.to.V][V→V][V][Sbrd][1Pl][3Pl]
sayugaqluki	sa-@₁~fyug[to.want.to.V][V→V]-~(g₁)aqe[to.be.V.ing][to.regularly.or.repeatedly.V][V→V]-te[to.act.on.so.as.to.cause.to.V][V→V][V][Sbrd][1Sg][3Pl]
sayugaqluki	sa-@₁~fyug[to.want.to.V][V→V]-~(g₁)aqe[to.be.V.ing][to.regularly.or.repeatedly.V][V→V]-te[to.act.on.so.as.to.cause.to.V][V→V][V][Sbrd][2Du][3Pl]
sayugaqluki	sa-@₁~fyug[to.want.to.V][V→V]-~(g₁)aqe[to.be.V.ing][to.regularly.or.repeatedly.V][V→V]-te[to.act.on.so.as.to.cause.to.V][V→V][V][Sbrd][2Pl][3Pl]
sayugaqluki	sa-@₁~fyug[to.want.to.V][V→V]-~(g₁)aqe[to.be.V.ing][to.regularly.or.repeatedly.V][V→V]-te[to.act.on.so.as.to.cause.to.V][V→V][V][Sbrd][2Sg][3Pl]
sayugaqluki	sa-@₁~fyug[to.want.to.V][V→V]-~(g₁)aqe[to.be.V.ing][to.regularly.or.repeatedly.V][V→V]-te[to.act.on.so.as.to.cause.to.V][V→V][V][Sbrd][3Du][3Pl]
sayugaqluki	sa-@₁~fyug[to.want.to.V][V→V]-~(g₁)aqe[to.be.V.ing][to.regularly.or.repeatedly.V][V→V]-te[to.act.on.so.as.to.cause.to.V][V→V][V][Sbrd][3Pl][3Pl]
sayugaqluki	sa-@₁~fyug[to.want.to.V][V→V]-~(g₁)aqe[to.be.V.ing][to.regularly.or.repeatedly.V][V→V]-te[to.act.on.so.as.to.cause.to.V][V→V][V][Sbrd][3Sg][3Pl]
sayugaqluki	sa-@₁~fyug[to.want.to.V][V→V]-~(g₁)aqe[to.be.V.ing][to.regularly.or.repeatedly.V][V→V][V][Sbrd][1Du][3Pl]
sayugaqluki	sa-@₁~fyug[to.want.to.V][V→V]-~(g₁)aqe[to.be.V.ing][to.regularly.or.repeatedly.V][V→V][V][Sbrd][1Pl][3Pl]
sayugaqluki	sa-@₁~fyug[to.want.to.V][V→V]-~(g₁)aqe[to.be.V.ing][to.regularly.or.repeatedly.V][V→V][V][Sbrd][1Sg][3Pl]
sayugaqluki	sa-@₁~fyug[to.want.to.V][V→V]-~(g₁)aqe[to.be.V.ing][to.regularly.or.repeatedly.V][V→V][V][Sbrd][2Du][3Pl]
sayugaqluki	sa-@₁~fyug[to.want.to.V][V→V]-~(g₁)aqe[to.be.V.ing][to.regularly.or.repeatedly.V][V→V][V][Sbrd][2Pl][3Pl]
sayugaqluki	sa-@₁~fyug[to.want.to.V][V→V]-~(g₁)aqe[to.be.V.ing][to.regularly.or.repeatedly.V][V→V][V][Sbrd][2Sg][3Pl]
sayugaqluki	sa-@₁~fyug[to.want.to.V][V→V]-~(g₁)aqe[to.be.V.ing][to.regularly.or.repeatedly.V][V→V][V][Sbrd][3Du][3Pl]
sayugaqluki	sa-@₁~fyug[to.want.to.V][V→V]-~(g₁)aqe[to.be.V.ing][to.regularly.or.repeatedly.V][V→V][V][Sbrd][3Pl][3Pl]
sayugaqluki	sa-@₁~fyug[to.want.to.V][V→V]-~(g₁)aqe[to.be.V.ing][to.regularly.or.repeatedly.V][V→V][V][Sbrd][3Sg][3Pl]
sayugaqluki	sa-~:(u)te[to.V.for.or.with][to.cause.to.V.as.one.is.V-ing][to.V.toward.each.other][V→V]-@₁~fyug[to.want.to.V][V→V]-~(g₁)aqe[to.be.V.ing][to.regularly.or.repeatedly.V][V→V]-te[to.act.on.so.as.to.cause.to.V][V→V]-te[to.act.on.so.as.to.cause.to.V][V→V]-te[to.act.on.so.as.to.cause.to.V][V→V]-te[to.act.on.so.as.to.cause.to.V][V→V][V][Sbrd][1Du][3Pl]
sayugaqluki	sa-~:(u)te[to.V.for.or.with][to.cause.to.V.as.one.is.V-ing][to.V.toward.each.other][V→V]-@₁~fyug[to.want.to.V][V→V]-~(g₁)aqe[to.be.V.ing][to.regularly.or.repeatedly.V][V→V]-te[to.act.on.so.as.to.cause.to.V][V→V]-te[to.act.on.so.as.to.cause.to.V][V→V]-te[to.act.on.so.as.to.cause.to.V][V→V]-te[to.act.on.so.as.to.cause.to.V][V→V][V][Sbrd][1Pl][3Pl]
sayugaqluki	sa-~:(u)te[to.V.for.or.with][to.cause.to.V.as.one.is.V-ing][to.V.toward.each.other][V→V]-@₁~fyug[to.want.to.V][V→V]-~(g₁)aqe[to.be.V.ing][to.regularly.or.repeatedly.V][V→V]-te[to.act.on.so.as.to.cause.to.V][V→V]-te[to.act.on.so.as.to.cause.to.V][V→V]-te[to.act.on.so.as.to.cause.to.V][V→V]-te[to.act.on.so.as.to.cause.to.V][V→V][V][Sbrd][1Sg][3Pl]
sayugaqluki	sa-~:(u)te[to.V.for.or.with][to.cause.to.V.as.one.is.V-ing][to.V.toward.each.other][V→V]-@₁~fyug[to.want.to.V][V→V]-~(g₁)aqe[to.be.V.ing][to.regularly.or.repeatedly.V][V→V]-te[to.act.on.so.as.to.cause.to.V][V→V]-te[to.act.on.so.as.to.cause.to.V][V→V]-te[to.act.on.so.as.to.cause.to.V][V→V]-te[to.act.on.so.as.to.cause.to.V][V→V][V][Sbrd][2Du][3Pl]
sayugaqluki	sa-~:(u)te[to.V.for.or.with][to.cause.to.V.as.one.is.V-ing][to.V.toward.each.other][V→V]-@₁~fyug[to.want.to.V][V→V]-~(g₁)aqe[to.be.V.ing][to.regularly.or.repeatedly.V][V→V]-te[to.act.on.so.as.to.cause.to.V][V→V]-te[to.act.on.so.as.to.cause.to.V][V→V]-te[to.act.on.so.as.to.cause.to.V][V→V]-te[to.act.on.so.as.to.cause.to.V][V→V][V][Sbrd][2Pl][3Pl]
sayugaqluki	sa-~:(u)te[to.V.for.or.with][to.cause.to.V.as.one.is.V-ing][to.V.toward.each.other][V→V]-@₁~fyug[to.want.to.V][V→V]-~(g₁)aqe[to.be.V.ing][to.regularly.or.repeatedly.V][V→V]-te[to.act.on.so.as.to.cause.to.V][V→V]-te[to.act.on.so.as.to.cause.to.V][V→V]-te[to.act.on.so.as.to.cause.to.V][V→V]-te[to.act.on.so.as.to.cause.to.V][V→V][V][Sbrd][2Sg][3Pl]
sayugaqluki	sa-~:(u)te[to.V.for.or.with][to.cause.to.V.as.one.is.V-ing][to.V.toward.each.other][V→V]-@₁~fyug[to.want.to.V][V→V]-~(g₁)aqe[to.be.V.ing][to.regularly.or.repeatedly.V][V→V]-te[to.act.on.so.as.to.cause.to.V][V→V]-te[to.act.on.so.as.to.cause.to.V][V→V]-te[to.act.on.so.as.to.cause.to.V][V→V]-te[to.act.on.so.as.to.cause.to.V][V→V][V][Sbrd][3Du][3Pl]
sayugaqluki	sa-~:(u)te[to.V.for.or.with][to.cause.to.V.as.one.is.V-ing][to.V.toward.each.other][V→V]-@₁~fyug[to.want.to.V][V→V]-~(g₁)aqe[to.be.V.ing][to.regularly.or.repeatedly.V][V→V]-te[to.act.on.so.as.to.cause.to.V][V→V]-te[to.act.on.so.as.to.cause.to.V][V→V]-te[to.act.on.so.as.to.cause.to.V][V→V]-te[to.act.on.so.as.to.cause.to.V][V→V][V][Sbrd][3Pl][3Pl]
sayugaqluki	sa-~:(u)te[to.V.for.or.with][to.cause.to.V.as.one.is.V-ing][to.V.toward.each.other][V→V]-@₁~fyug[to.want.to.V][V→V]-~(g₁)aqe[to.be.V.ing][to.regularly.or.repeatedly.V][V→V]-te[to.act.on.so.as.to.cause.to.V][V→V]-te[to.act.on.so.as.to.cause.to.V][V→V]-te[to.act.on.so.as.to.cause.to.V][V→V]-te[to.act.on.so.as.to.cause.to.V][V→V][V][Sbrd][3Sg][3Pl]
sayugaqluki	sa-~:(u)te[to.V.for.or.with][to.cause.to.V.as.one.is.V-ing][to.V.toward.each.other][V→V]-@₁~fyug[to.want.to.V][V→V]-~(g₁)aqe[to.be.V.ing][to.regularly.or.repeatedly.V][V→V]-te[to.act.on.so.as.to.cause.to.V][V→V]-te[to.act.on.so.as.to.cause.to.V][V→V]-te[to.act.on.so.as.to.cause.to.V][V→V][V][Sbrd][1Du][3Pl]
sayugaqluki	sa-~:(u)te[to.V.for.or.with][to.cause.to.V.as.one.is.V-ing][to.V.toward.each.other][V→V]-@₁~fyug[to.want.to.V][V→V]-~(g₁)aqe[to.be.V.ing][to.regularly.or.repeatedly.V][V→V]-te[to.act.on.so.as.to.cause.to.V][V→V]-te[to.act.on.so.as.to.cause.to.V][V→V]-te[to.act.on.so.as.to.cause.to.V][V→V][V][Sbrd][1Pl][3Pl]
sayugaqluki	sa-~:(u)te[to.V.for.or.with][to.cause.to.V.as.one.is.V-ing][to.V.toward.each.other][V→V]-@₁~fyug[to.want.to.V][V→V]-~(g₁)aqe[to.be.V.ing][to.regularly.or.repeatedly.V][V→V]-te[to.act.on.so.as.to.cause.to.V][V→V]-te[to.act.on.so.as.to.cause.to.V][V→V]-te[to.act.on.so.as.to.cause.to.V][V→V][V][Sbrd][1Sg][3Pl]
sayugaqluki	sa-~:(u)te[to.V.for.or.with][to.cause.to.V.as.one.is.V-ing][to.V.toward.each.other][V→V]-@₁~fyug[to.want.to.V][V→V]-~(g₁)aqe[to.be.V.ing][to.regularly.or.repeatedly.V][V→V]-te[to.act.on.so.as.to.cause.to.V][V→V]-te[to.act.on.so.as.to.cause.to.V][V→V]-te[to.act.on.so.as.to.cause.to.V][V→V][V][Sbrd][2Du][3Pl]
sayugaqluki	sa-~:(u)te[to.V.for.or.with][to.cause.to.V.as.one.is.V-ing][to.V.toward.each.other][V→V]-@₁~fyug[to.want.to.V][V→V]-~(g₁)aqe[to.be.V.ing][to.regularly.or.repeatedly.V][V→V]-te[to.act.on.so.as.to.cause.to.V][V→V]-te[to.act.on.so.as.to.cause.to.V][V→V]-te[to.act.on.so.as.to.cause.to.V][V→V][V][Sbrd][2Pl][3Pl]
sayugaqluki	sa-~:(u)te[to.V.for.or.with][to.cause.to.V.as.one.is.V-ing][to.V.toward.each.other][V→V]-@₁~fyug[to.want.to.V][V→V]-~(g₁)aqe[to.be.V.ing][to.regularly.or.repeatedly.V][V→V]-te[to.act.on.so.as.to.cause.to.V][V→V]-te[to.act.on.so.as.to.cause.to.V][V→V]-te[to.act.on.so.as.to.cause.to.V][V→V][V][Sbrd][2Sg][3Pl]
sayugaqluki	sa-~:(u)te[to.V.for.or.with][to.cause.to.V.as.one.is.V-ing][to.V.toward.each.other][V→V]-@₁~fyug[to.want.to.V][V→V]-~(g₁)aqe[to.be.V.ing][to.regularly.or.repeatedly.V][V→V]-te[to.act.on.so.as.to.cause.to.V][V→V]-te[to.act.on.so.as.to.cause.to.V][V→V]-te[to.act.on.so.as.to.cause.to.V][V→V][V][Sbrd][3Du][3Pl]
sayugaqluki	sa-~:(u)te[to.V.for.or.with][to.cause.to.V.as.one.is.V-ing][to.V.toward.each.other][V→V]-@₁~fyug[to.want.to.V][V→V]-~(g₁)aqe[to.be.V.ing][to.regularly.or.repeatedly.V][V→V]-te[to.act.on.so.as.to.cause.to.V][V→V]-te[to.act.on.so.as.to.cause.to.V][V→V]-te[to.act.on.so.as.to.cause.to.V][V→V][V][Sbrd][3Pl][3Pl]
sayugaqluki	sa-~:(u)te[to.V.for.or.with][to.cause.to.V.as.one.is.V-ing][to.V.toward.each.other][V→V]-@₁~fyug[to.want.to.V][V→V]-~(g₁)aqe[to.be.V.ing][to.regularly.or.repeatedly.V][V→V]-te[to.act.on.so.as.to.cause.to.V][V→V]-te[to.act.on.so.as.to.cause.to.V][V→V]-te[to.act.on.so.as.to.cause.to.V][V→V][V][Sbrd][3Sg][3Pl]
sayugaqluki	sa-~:(u)te[to.V.for.or.with][to.cause.to.V.as.one.is.V-ing][to.V.toward.each.other][V→V]-@₁~fyug[to.want.to.V][V→V]-~(g₁)aqe[to.be.V.ing][to.regularly.or.repeatedly.V][V→V]-te[to.act.on.so.as.to.cause.to.V][V→V]-te[to.act.on.so.as.to.cause.to.V][V→V][V][Sbrd][1Du][3Pl]
sayugaqluki	sa-~:(u)te[to.V.for.or.with][to.cause.to.V.as.one.is.V-ing][to.V.toward.each.other][V→V]-@₁~fyug[to.want.to.V][V→V]-~(g₁)aqe[to.be.V.ing][to.regularly.or.repeatedly.V][V→V]-te[to.act.on.so.as.to.cause.to.V][V→V]-te[to.act.on.so.as.to.cause.to.V][V→V][V][Sbrd][1Pl][3Pl]
sayugaqluki	sa-~:(u)te[to.V.for.or.with][to.cause.to.V.as.one.is.V-ing][to.V.toward.each.other][V→V]-@₁~fyug[to.want.to.V][V→V]-~(g₁)aqe[to.be.V.ing][to.regularly.or.repeatedly.V][V→V]-te[to.act.on.so.as.to.cause.to.V][V→V]-te[to.act.on.so.as.to.cause.to.V][V→V][V][Sbrd][1Sg][3Pl]
sayugaqluki	sa-~:(u)te[to.V.for.or.with][to.cause.to.V.as.one.is.V-ing][to.V.toward.each.other][V→V]-@₁~fyug[to.want.to.V][V→V]-~(g₁)aqe[to.be.V.ing][to.regularly.or.repeatedly.V][V→V]-te[to.act.on.so.as.to.cause.to.V][V→V]-te[to.act.on.so.as.to.cause.to.V][V→V][V][Sbrd][2Du][3Pl]
sayugaqluki	sa-~:(u)te[to.V.for.or.with][to.cause.to.V.as.one.is.V-ing][to.V.toward.each.other][V→V]-@₁~fyug[to.want.to.V][V→V]-~(g₁)aqe[to.be.V.ing][to.regularly.or.repeatedly.V][V→V]-te[to.act.on.so.as.to.cause.to.V][V→V]-te[to.act.on.so.as.to.cause.to.V][V→V][V][Sbrd][2Pl][3Pl]
sayugaqluki	sa-~:(u)te[to.V.for.or.with][to.cause.to.V.as.one.is.V-ing][to.V.toward.each.other][V→V]-@₁~fyug[to.want.to.V][V→V]-~(g₁)aqe[to.be.V.ing][to.regularly.or.repeatedly.V][V→V]-te[to.act.on.so.as.to.cause.to.V][V→V]-te[to.act.on.so.as.to.cause.to.V][V→V][V][Sbrd][2Sg][3Pl]
sayugaqluki	sa-~:(u)te[to.V.for.or.with][to.cause.to.V.as.one.is.V-ing][to.V.toward.each.other][V→V]-@₁~fyug[to.want.to.V][V→V]-~(g₁)aqe[to.be.V.ing][to.regularly.or.repeatedly.V][V→V]-te[to.act.on.so.as.to.cause.to.V][V→V]-te[to.act.on.so.as.to.cause.to.V][V→V][V][Sbrd][3Du][3Pl]
sayugaqluki	sa-~:(u)te[to.V.for.or.with][to.cause.to.V.as.one.is.V-ing][to.V.toward.each.other][V→V]-@₁~fyug[to.want.to.V][V→V]-~(g₁)aqe[to.be.V.ing][to.regularly.or.repeatedly.V][V→V]-te[to.act.on.so.as.to.cause.to.V][V→V]-te[to.act.on.so.as.to.cause.to.V][V→V][V][Sbrd][3Pl][3Pl]
sayugaqluki	sa-~:(u)te[to.V.for.or.with][to.cause.to.V.as.one.is.V-ing][to.V.toward.each.other][V→V]-@₁~fyug[to.want.to.V][V→V]-~(g₁)aqe[to.be.V.ing][to.regularly.or.repeatedly.V][V→V]-te[to.act.on.so.as.to.cause.to.V][V→V]-te[to.act.on.so.as.to.cause.to.V][V→V][V][Sbrd][3Sg][3Pl]
sayugaqluki	sa-~:(u)te[to.V.for.or.with][to.cause.to.V.as.one.is.V-ing][to.V.toward.each.other][V→V]-@₁~fyug[to.want.to.V][V→V]-~(g₁)aqe[to.be.V.ing][to.regularly.or.repeatedly.V][V→V]-te[to.act.on.so.as.to.cause.to.V][V→V][V][Sbrd][1Du][3Pl]
sayugaqluki	sa-~:(u)te[to.V.for.or.with][to.cause.to.V.as.one.is.V-ing][to.V.toward.each.other][V→V]-@₁~fyug[to.want.to.V][V→V]-~(g₁)aqe[to.be.V.ing][to.regularly.or.repeatedly.V][V→V]-te[to.act.on.so.as.to.cause.to.V][V→V][V][Sbrd][1Pl][3Pl]
sayugaqluki	sa-~:(u)te[to.V.for.or.with][to.cause.to.V.as.one.is.V-ing][to.V.toward.each.other][V→V]-@₁~fyug[to.want.to.V][V→V]-~(g₁)aqe[to.be.V.ing][to.regularly.or.repeatedly.V][V→V]-te[to.act.on.so.as.to.cause.to.V][V→V][V][Sbrd][1Sg][3Pl]
sayugaqluki	sa-~:(u)te[to.V.for.or.with][to.cause.to.V.as.one.is.V-ing][to.V.toward.each.other][V→V]-@₁~fyug[to.want.to.V][V→V]-~(g₁)aqe[to.be.V.ing][to.regularly.or.repeatedly.V][V→V]-te[to.act.on.so.as.to.cause.to.V][V→V][V][Sbrd][2Du][3Pl]
sayugaqluki	sa-~:(u)te[to.V.for.or.with][to.cause.to.V.as.one.is.V-ing][to.V.toward.each.other][V→V]-@₁~fyug[to.want.to.V][V→V]-~(g₁)aqe[to.be.V.ing][to.regularly.or.repeatedly.V][V→V]-te[to.act.on.so.as.to.cause.to.V][V→V][V][Sbrd][2Pl][3Pl]
sayugaqluki	sa-~:(u)te[to.V.for.or.with][to.cause.to.V.as.one.is.V-ing][to.V.toward.each.other][V→V]-@₁~fyug[to.want.to.V][V→V]-~(g₁)aqe[to.be.V.ing][to.regularly.or.repeatedly.V][V→V]-te[to.act.on.so.as.to.cause.to.V][V→V][V][Sbrd][2Sg][3Pl]
sayugaqluki	sa-~:(u)te[to.V.for.or.with][to.cause.to.V.as.one.is.V-ing][to.V.toward.each.other][V→V]-@₁~fyug[to.want.to.V][V→V]-~(g₁)aqe[to.be.V.ing][to.regularly.or.repeatedly.V][V→V]-te[to.act.on.so.as.to.cause.to.V][V→V][V][Sbrd][3Du][3Pl]
sayugaqluki	sa-~:(u)te[to.V.for.or.with][to.cause.to.V.as.one.is.V-ing][to.V.toward.each.other][V→V]-@₁~fyug[to.want.to.V][V→V]-~(g₁)aqe[to.be.V.ing][to.regularly.or.repeatedly.V][V→V]-te[to.act.on.so.as.to.cause.to.V][V→V][V][Sbrd][3Pl][3Pl]
sayugaqluki	sa-~:(u)te[to.V.for.or.with][to.cause.to.V.as.one.is.V-ing][to.V.toward.each.other][V→V]-@₁~fyug[to.want.to.V][V→V]-~(g₁)aqe[to.be.V.ing][to.regularly.or.repeatedly.V][V→V]-te[to.act.on.so.as.to.cause.to.V][V→V][V][Sbrd][3Sg][3Pl]
sayugaqluki	sa-~:(u)te[to.V.for.or.with][to.cause.to.V.as.one.is.V-ing][to.V.toward.each.other][V→V]-@₁~fyug[to.want.to.V][V→V]-~(g₁)aqe[to.be.V.ing][to.regularly.or.repeatedly.V][V→V][V][Sbrd][1Du][3Pl]
sayugaqluki	sa-~:(u)te[to.V.for.or.with][to.cause.to.V.as.one.is.V-ing][to.V.toward.each.other][V→V]-@₁~fyug[to.want.to.V][V→V]-~(g₁)aqe[to.be.V.ing][to.regularly.or.repeatedly.V][V→V][V][Sbrd][1Pl][3Pl]
sayugaqluki	sa-~:(u)te[to.V.for.or.with][to.cause.to.V.as.one.is.V-ing][to.V.toward.each.other][V→V]-@₁~fyug[to.want.to.V][V→V]-~(g₁)aqe[to.be.V.ing][to.regularly.or.repeatedly.V][V→V][V][Sbrd][1Sg][3Pl]
sayugaqluki	sa-~:(u)te[to.V.for.or.with][to.cause.to.V.as.one.is.V-ing][to.V.toward.each.other][V→V]-@₁~fyug[to.want.to.V][V→V]-~(g₁)aqe[to.be.V.ing][to.regularly.or.repeatedly.V][V→V][V][Sbrd][2Du][3Pl]
sayugaqluki	sa-~:(u)te[to.V.for.or.with][to.cause.to.V.as.one.is.V-ing][to.V.toward.each.other][V→V]-@₁~fyug[to.want.to.V][V→V]-~(g₁)aqe[to.be.V.ing][to.regularly.or.repeatedly.V][V→V][V][Sbrd][2Pl][3Pl]
sayugaqluki	sa-~:(u)te[to.V.for.or.with][to.cause.to.V.as.one.is.V-ing][to.V.toward.each.other][V→V]-@₁~fyug[to.want.to.V][V→V]-~(g₁)aqe[to.be.V.ing][to.regularly.or.repeatedly.V][V→V][V][Sbrd][2Sg][3Pl]
sayugaqluki	sa-~:(u)te[to.V.for.or.with][to.cause.to.V.as.one.is.V-ing][to.V.toward.each.other][V→V]-@₁~fyug[to.want.to.V][V→V]-~(g₁)aqe[to.be.V.ing][to.regularly.or.repeatedly.V][V→V][V][Sbrd][3Du][3Pl]
sayugaqluki	sa-~:(u)te[to.V.for.or.with][to.cause.to.V.as.one.is.V-ing][to.V.toward.each.other][V→V]-@₁~fyug[to.want.to.V][V→V]-~(g₁)aqe[to.be.V.ing][to.regularly.or.repeatedly.V][V→V][V][Sbrd][3Pl][3Pl]
sayugaqluki	sa-~:(u)te[to.V.for.or.with][to.cause.to.V.as.one.is.V-ing][to.V.toward.each.other][V→V]-@₁~fyug[to.want.to.V][V→V]-~(g₁)aqe[to.be.V.ing][to.regularly.or.repeatedly.V][V→V][V][Sbrd][3Sg][3Pl]

enkaam	enkaam

quutmeng	+?

ullghitaghtaghluki	+?

tunuvaghaqluki	+?

------------------------


------------------------
Elngaatall tamaghaghmi Sivuqam yuga, aghnaa qepghaatkayuk tawani.

elngaatall	elngaatall

tamaghaghmi	+?

sivuqam	Sivuqagh[N][Rel][Unpd][Sg]

yuga	yug[N][Abs][3SgPoss][SgPosd]

aghnaa	aghnagh-~:(ng₁)u[to.be.N][N→V][V][Opt][PRS][2Sg]
aghnaa	aghnagh[N][Abs][3SgPoss][SgPosd]

qepghaatkayuk	qepghagh-~:(u)te[to.V.for.or.with][to.cause.to.V.as.one.is.V-ing][to.V.toward.each.other][V→V]-~–kayuk[one.who.is.able.to.V][V→N][N][Abs][Unpd][Sg]
qepghaatkayuk	qepghagh-~:(u)te[SBJ.V-ed.something][V→V]-~–kayuk[one.who.is.able.to.V][V→N][N][Abs][Unpd][Sg]

tawani	tawani

------------------------
Taghnughhaqulluni talwa akmaghqutkayuk.

taghnughhaqulluni	taghnughhagh*-~–ke[to.have.as.one's.N(s)][N→V]-~:(u)te[to.V.for.or.with][to.cause.to.V.as.one.is.V-ing][to.V.toward.each.other][V→V]-te[to.act.on.so.as.to.cause.to.V][V→V]-te[to.act.on.so.as.to.cause.to.V][V→V][V][Sbrd][3Sg]
taghnughhaqulluni	taghnughhagh*-~–ke[to.have.as.one's.N(s)][N→V]-~:(u)te[to.V.for.or.with][to.cause.to.V.as.one.is.V-ing][to.V.toward.each.other][V→V]-te[to.act.on.so.as.to.cause.to.V][V→V][V][Sbrd][3Sg]
taghnughhaqulluni	taghnughhagh*-~–ke[to.have.as.one's.N(s)][N→V]-~:(u)te[to.V.for.or.with][to.cause.to.V.as.one.is.V-ing][to.V.toward.each.other][V→V][V][Sbrd][3Sg]
taghnughhaqulluni	taghnughhagh*-~–ke[to.have.as.one's.N(s)][N→V]-~:(u)te[condition.with.respect.to.V-ing][V→N]-te[to.catch.N][to.go.to.N][N→V]-te[to.act.on.so.as.to.cause.to.V][V→V][V][Sbrd][3Sg]
taghnughhaqulluni	taghnughhagh*-~–ke[to.have.as.one's.N(s)][N→V]-~:(u)te[condition.with.respect.to.V-ing][V→N]-te[to.catch.N][to.go.to.N][N→V][V][Sbrd][3Sg]
taghnughhaqulluni	taghnughhagh*-~–ke[to.have.as.one's.N(s)][N→V]-~:(u)te[SBJ.V-ed.something][V→V]-te[to.act.on.so.as.to.cause.to.V][V→V]-te[to.act.on.so.as.to.cause.to.V][V→V][V][Sbrd][3Sg]
taghnughhaqulluni	taghnughhagh*-~–ke[to.have.as.one's.N(s)][N→V]-~:(u)te[SBJ.V-ed.something][V→V]-te[to.act.on.so.as.to.cause.to.V][V→V][V][Sbrd][3Sg]
taghnughhaqulluni	taghnughhagh*-~–ke[to.have.as.one's.N(s)][N→V]-~:(u)te[SBJ.V-ed.something][V→V][V][Sbrd][3Sg]

talwa	+?

akmaghqutkayuk	+?

------------------------
Saghya kiyang akmagluku nemun atghaatkayuk, ilangi qimugsimeng.  

saghya	+?

kiyang	+?

akmagluku	akmag[V][Sbrd][1Du][3Sg]
akmagluku	akmag[V][Sbrd][1Pl][3Sg]
akmagluku	akmag[V][Sbrd][1Sg][3Sg]
akmagluku	akmag[V][Sbrd][2Du][3Sg]
akmagluku	akmag[V][Sbrd][2Pl][3Sg]
akmagluku	akmag[V][Sbrd][2Sg][3Sg]
akmagluku	akmag[V][Sbrd][3Du][3Sg]
akmagluku	akmag[V][Sbrd][3Pl][3Sg]
akmagluku	akmag[V][Sbrd][3Sg][3Sg]

nemun	ne[N][Ter][Unpd][Sg]

atghaatkayuk	atghagh-~:(u)te[to.V.for.or.with][to.cause.to.V.as.one.is.V-ing][to.V.toward.each.other][V→V]-~–kayuk[one.who.is.able.to.V][V→N][N][Abs][Unpd][Sg]
atghaatkayuk	atghagh-~:(u)te[SBJ.V-ed.something][V→V]-~–kayuk[one.who.is.able.to.V][V→N][N][Abs][Unpd][Sg]

ilangi	ila[N][Abs][3SgPoss][PlPosd]

qimugsimeng	qimugsigh[N][Rel][4DuPoss][SgPosd]
qimugsimeng	qimugsigh[N][Rel][4DuPoss][PlPosd]
qimugsimeng	qimugsigh[N][Rel][4PlPoss][SgPosd]
qimugsimeng	qimugsigh[N][Rel][4PlPoss][PlPosd]
qimugsimeng	qimugsigh[N][Abl_Mod][Unpd][Sg]

------------------------


------------------------
Drum-a tamaana ullghitaghtaghluku atghaataqaat kenlanga naangellghanun.

druma	+?

tamaana	+?

ullghitaghtaghluku	+?

atghaataqaat	+?

kenlanga	+?

naangellghanun	+?

------------------------
Tractor-ngilluku tawaten ayuqegkaaguq kenlanga taakuk Kleet-Trac-meng atelgek tractor-ek, D-2-uustun ayuqelghiik kaatellghegkenun.

tractorngilluku	+?

tawaten	tawaten

ayuqegkaaguq	+?

kenlanga	+?

taakuk	taake[V][Ind][3Du]

kleettracmeng	+?

atelgek	ategh-–leg[one.having.N][N→N][N][Abs][Unpd][Du]
atelgek	ategh-–leg[one.having.N][N→N][N][Rel][Unpd][Du]
atelgek	ategh-–lgek[to.have.N][AUG]

tractorek	+?

d2uustun	+?

ayuqelghiik	+?

kaatellghegkenun	+?

------------------------
Maligullutek BIA-em igaghvigkaanun kaatuk, igaghvik ulimanaqaqngan.

maligullutek	+?

biaem	+?

igaghvigkaanun	+?

kaatuk	kaate[V][Ind][3Du]

igaghvik	igagh-@₁~fvik[place.to.V][V→N][N][Abs][Unpd][Sg]
igaghvik	igaghvig[N][Abs][Unpd][Sg]

ulimanaqaqngan	ulima-@₁~fnaqe[to.be.going.to.V][V→V]-~(g₁)aqe[to.be.V.ing][to.regularly.or.repeatedly.V][V→V][V][CnsqI][3Sg]
ulimanaqaqngan	ulima-@₁~fnaqe[to.be.going.to.V][V→V][V][CnsqII][3Sg]
ulimanaqaqngan	ulima-~:(u)te[to.V.for.or.with][to.cause.to.V.as.one.is.V-ing][to.V.toward.each.other][V→V]-@₁~fnaqe[to.be.going.to.V][V→V]-~(g₁)aqe[to.be.V.ing][to.regularly.or.repeatedly.V][V→V][V][CnsqI][3Sg]
ulimanaqaqngan	ulima-~:(u)te[to.V.for.or.with][to.cause.to.V.as.one.is.V-ing][to.V.toward.each.other][V→V]-@₁~fnaqe[to.be.going.to.V][V→V][V][CnsqII][3Sg]
ulimanaqaqngan	ulima-~:(u)te[SBJ.V-ed.something][V→V]-@₁~fnaqe[to.be.going.to.V][V→V]-~(g₁)aqe[to.be.V.ing][to.regularly.or.repeatedly.V][V→V][V][CnsqI][3Sg]
ulimanaqaqngan	ulima-~:(u)te[SBJ.V-ed.something][V→V]-@₁~fnaqe[to.be.going.to.V][V→V][V][CnsqII][3Sg]

------------------------


------------------------
Enkaam pillugaaluku World War II-mi taakut Siighmiit (CAA housing) nekeftekaagut.

enkaam	enkaam

pillugaaluku	+?

world	+?

war	+?

iimi	+?

taakut	taake[V][Ind][3Pl]

siighmiit	+?

caa	+?

housing	+?

nekeftekaagut	ne-~–ke[to.have.as.one's.N(s)][N→V]-(pete)fte[to.evidently.V][to.have.V-ed][V→V]-@₂~fkau[to.have.V-ed][to.have.been.V-ed][V→V][V][Ind][3Pl]

------------------------
Tamaani uglalghii maakumii qepghaatkaaguq akileghtusaqluku seventy cents an hour.

tamaani	+?

uglalghii	uglagh-@₁–lghii[the.one.that.V-ed][the.one.that.is.V][V→N][N][Abs][Unpd][Sg]
uglalghii	uglagh[V][Ptcp][3Sg]

maakumii	+?

qepghaatkaaguq	qepghagh-~:(u)te[to.V.for.or.with][to.cause.to.V.as.one.is.V-ing][to.V.toward.each.other][V→V]-@₂~fkau[to.have.V-ed][to.have.been.V-ed][V→V][V][Ind][3Sg]
qepghaatkaaguq	qepghagh-~:(u)te[SBJ.V-ed.something][V→V]-@₂~fkau[to.have.V-ed][to.have.been.V-ed][V→V][V][Ind][3Sg]

akileghtusaqluku	+?

seventy	+?

cents	+?

an	+?

hour	+?

------------------------


------------------------
Tamaani nalugviksuwhaaq ulimakaqaat sunameng tangeghtuqameng angaghquutaqluku taakwegken nenglullugneng wheel barrow-kun.

tamaani	+?

nalugviksuwhaaq	+?

ulimakaqaat	+?

sunameng	+?

tangeghtuqameng	+?

angaghquutaqluku	+?

taakwegken	+?

nenglullugneng	+?

wheel	+?

barrowkun	+?

------------------------
Taakwantuq akilighneghitni Qaygeghtaankut taagavek akimun.

taakwantuq	+?

akilighneghitni	+?

qaygeghtaankut	+?

taagavek	+?

akimun	aki[N][Ter][Unpd][Sg]

------------------------
Iwernga taam sivungani qafsinagneq tengegkayuk kaatkaaguq maavek salin nalugvigilluku, mekestaaghhaat tengegkayuget.

iwernga	iwernga

taam	+?

sivungani	Sivungagh*[N][Abs][4SgPoss][SgPosd]
sivungani	Sivungagh*[N][Abs][4SgPoss][PlPosd]

qafsinagneq	+?

tengegkayuk	tengegkayug[N][Abs][Unpd][Sg]

kaatkaaguq	kaate-@₂~fkau[to.have.V-ed][to.have.been.V-ed][V→V][V][Ind][3Sg]

maavek	maavek

salin	+?

nalugvigilluku	+?

mekestaaghhaat	mekestaaghhagh*[N][Abs][Unpd][Pl]
mekestaaghhaat	mekestaaghhagh*[N][Abs][3PlPoss][SgPosd]
mekestaaghhaat	mekestaaghhagh*[N][Rel][Unpd][Pl]

tengegkayuget	tengegkayug[N][Abs][Unpd][Pl]
tengegkayuget	tengegkayug[N][Rel][Unpd][Pl]

------------------------


------------------------
Otto William Geist-tenkut ilangillu archeologist-et tagitiit sivuliit tengegkayuget.

otto	+?

william	+?

geisttenkut	+?

ilangillu	ila[N][Abs][3SgPoss][PlPosd]-llu[Encl]

archeologistet	+?

tagitiit	tagi-~:(u)te[to.V.for.or.with][to.cause.to.V.as.one.is.V-ing][to.V.toward.each.other][V→V]-~i[SBJ.V-ed.something][V→V][V][Intrg][3Pl]
tagitiit	tagi-~:(u)te[to.V.for.or.with][to.cause.to.V.as.one.is.V-ing][to.V.toward.each.other][V→V]-~i[SBJ.V-ed.something][V→V][V][Ind][3Pl]
tagitiit	tagi-~:(u)te[SBJ.V-ed.something][V→V]-~i[SBJ.V-ed.something][V→V][V][Intrg][3Pl]
tagitiit	tagi-~:(u)te[SBJ.V-ed.something][V→V]-~i[SBJ.V-ed.something][V→V][V][Ind][3Pl]
tagitiit	tagite-~i[SBJ.V-ed.something][V→V][V][Intrg][3Pl]
tagitiit	tagite-~i[SBJ.V-ed.something][V→V][V][Ind][3Pl]
tagitiit	tagite[V][Ind][3Pl][3Pl]
tagitiit	tagite[V][Ind][3Du][3Sg]
tagitiit	tagi-te[to.act.on.so.as.to.cause.to.V][V→V]-~i[SBJ.V-ed.something][V→V][V][Intrg][3Pl]
tagitiit	tagi-te[to.act.on.so.as.to.cause.to.V][V→V]-~i[SBJ.V-ed.something][V→V][V][Ind][3Pl]

sivuliit	+?

tengegkayuget	tengegkayug[N][Abs][Unpd][Pl]
tengegkayuget	tengegkayug[N][Rel][Unpd][Pl]

------------------------
Taana tengegkayuksugaaq qesugnalleghpigaakaaguq tamaani.

taana	taana

tengegkayuksugaaq	tengegkayug-~–ke[to.have.as.one's.N(s)][N→V]-@₁~fyug[to.want.to.V][V→V]-~faagh[one.who.keeps.on.V-ing][AUG]
tengegkayuksugaaq	tengegkayug-~–ke[to.have.as.one's.N(s)][N→V]-te[to.act.on.so.as.to.cause.to.V][V→V]-@₁~fyug[to.want.to.V][V→V]-~faagh[one.who.keeps.on.V-ing][AUG]
tengegkayuksugaaq	tengegkayug-~–ke[to.have.as.one's.N(s)][N→V]-te[to.act.on.so.as.to.cause.to.V][V→V]-te[to.act.on.so.as.to.cause.to.V][V→V]-@₁~fyug[to.want.to.V][V→V]-~faagh[one.who.keeps.on.V-ing][AUG]

qesugnalleghpigaakaaguq	+?

tamaani	+?

------------------------
Iingunaghhaghmi Sivuqaq pagsingakaaguq tawani tengegkayisuggaalleghmi allaghlluggaghyugem saam legreyugem.

iingunaghhaghmi	+?

sivuqaq	Sivuqagh[N][Abs][Unpd][Sg]

pagsingakaaguq	+?

tawani	tawani

tengegkayisuggaalleghmi	+?

allaghlluggaghyugem	+?

saam	+?

legreyugem	+?

------------------------


------------------------
Sivungani taam tengegkayugilluku mail-a, sangwaa lipeghsaghaq akmavek wetku ayumiqun angyaghpinneghani kaatkayuguyalghii.

sivungani	Sivungagh*[N][Abs][4SgPoss][SgPosd]
sivungani	Sivungagh*[N][Abs][4SgPoss][PlPosd]

taam	+?

tengegkayugilluku	+?

maila	+?

sangwaa	sa-~:(ng₁)u[to.be.N][N→V][V][Intrg][3Sg]

lipeghsaghaq	+?

akmavek	akmavek

wetku	+?

ayumiqun	+?

angyaghpinneghani	+?

kaatkayuguyalghii	kaate-~–kayugu[to.be.able.to.V][V→V]-@₁~fyagh[to.go.V-ing][to.V.in.vain][V→V]-@₁–lghii[the.one.that.V-ed][the.one.that.is.V][V→N][N][Abs][Unpd][Sg]
kaatkayuguyalghii	kaate-~–kayugu[to.be.able.to.V][V→V]-@₁~fyagh[to.go.V-ing][to.V.in.vain][V→V][V][Ptcp][3Sg]
kaatkayuguyalghii	kaate-~–kayugu[to.be.able.to.V][V→V]-~:(u)te[to.V.for.or.with][to.cause.to.V.as.one.is.V-ing][to.V.toward.each.other][V→V]-@₁~fyagh[to.go.V-ing][to.V.in.vain][V→V]-@₁–lghii[the.one.that.V-ed][the.one.that.is.V][V→N][N][Abs][Unpd][Sg]
kaatkayuguyalghii	kaate-~–kayugu[to.be.able.to.V][V→V]-~:(u)te[to.V.for.or.with][to.cause.to.V.as.one.is.V-ing][to.V.toward.each.other][V→V]-@₁~fyagh[to.go.V-ing][to.V.in.vain][V→V][V][Ptcp][3Sg]
kaatkayuguyalghii	kaate-~–kayugu[to.be.able.to.V][V→V]-~:(u)te[SBJ.V-ed.something][V→V]-@₁~fyagh[to.go.V-ing][to.V.in.vain][V→V]-@₁–lghii[the.one.that.V-ed][the.one.that.is.V][V→N][N][Abs][Unpd][Sg]
kaatkayuguyalghii	kaate-~–kayugu[to.be.able.to.V][V→V]-~:(u)te[SBJ.V-ed.something][V→V]-@₁~fyagh[to.go.V-ing][to.V.in.vain][V→V][V][Ptcp][3Sg]

------------------------
Taagken tengegkayisagulluni kiyang uksumi naayvaq ayugin'ghani kaataghtekayuget.

taagken	taagken

tengegkayisagulluni	+?

kiyang	+?

uksumi	+?

naayvaq	naayvagh[N][Abs][Unpd][Sg]

ayuginghani	+?

kaataghtekayuget	+?

------------------------
Taagagunllu qaasqam qaayngakun kiigmi nalugaataqaagut.

taagagunllu	+?

qaasqam	+?

qaayngakun	qaye[N][Via][3DuPoss][PlPosd]
qaayngakun	qaye[N][Via][3SgPoss][SgPosd]
qaayngakun	qaye[N][Via][3SgPoss][PlPosd]

kiigmi	kii[N][Rel][4SgPoss][DuPosd]
kiigmi	kiig[N][Loc][Unpd][Sg]
kiigmi	kiig[N][Rel][4SgPoss][SgPosd]
kiigmi	kiig[N][Rel][4SgPoss][PlPosd]

nalugaataqaagut	+?

------------------------
Maaten whaa nalugvimteggun nalugyagutut.

maaten	+?

whaa	+?

nalugvimteggun	nalug-@₁~fvik[place.to.V][V→N][N][Via][1PlPoss][SgPosd]
nalugvimteggun	nalug-@₁~fvik[place.to.V][V→N][N][Via][1PlPoss][PlPosd]

nalugyagutut	+?

------------------------
Kiigmi meghqun nalukayuget, army-t pingit, naayvakun nalugaataqaagut.

kiigmi	kii[N][Rel][4SgPoss][DuPosd]
kiigmi	kiig[N][Loc][Unpd][Sg]
kiigmi	kiig[N][Rel][4SgPoss][SgPosd]
kiigmi	kiig[N][Rel][4SgPoss][PlPosd]

meghqun	megh[N][Via][Unpd][Sg]

nalukayuget	+?

armyt	+?

pingit	pi[N][Abs][3PlPoss][PlPosd]

naayvakun	naayvagh[N][Via][Unpd][Sg]

nalugaataqaagut	+?

------------------------


------------------------
Pillugami tamaani maakumiitlu Alaska Territorial Guard-ngughquuteghllakaagut.

pillugami	+?

tamaani	+?

maakumiitlu	+?

alaska	+?

territorial	+?

guardngughquuteghllakaagut	+?

------------------------
Governor Gruening-inkut, Major "Muktuk" Marston-enkut ilalighlutek tagiik piinlighinalutek ATG-meng maani.

governor	+?

grueninginkut	+?

major	+?

muktuk	+?

marstonenkut	+?

ilalighlutek	ila-–ligh[to.provide.with.N][N→V][V][Sbrd][1Du][2Du]
ilalighlutek	ila-–ligh[to.provide.with.N][N→V][V][Sbrd][1Pl][2Du]
ilalighlutek	ila-–ligh[to.provide.with.N][N→V][V][Sbrd][1Sg][2Du]
ilalighlutek	ila-–ligh[to.provide.with.N][N→V][V][Sbrd][3Du][2Du]
ilalighlutek	ila-–ligh[to.provide.with.N][N→V][V][Sbrd][3Pl][2Du]
ilalighlutek	ila-–ligh[to.provide.with.N][N→V][V][Sbrd][3Sg][2Du]

tagiik	tagi[V][Intrg][3Du]
tagiik	tagi[V][Ind][3Du]

piinlighinalutek	+?

atgmeng	+?

maani	maani

------------------------
Enkaam kingunganeng taam peghqiggsaghtestiyat, army-t yugit, tagiit maavek.

enkaam	enkaam

kingunganeng	+?

taam	+?

peghqiggsaghtestiyat	+?

armyt	+?

yugit	yug[N][Abs][3PlPoss][PlPosd]

tagiit	tagi[V][Intrg][3Pl]
tagiit	tagi[V][Ind][3Pl]

maavek	maavek

------------------------


------------------------
Mr. Daugherty, taana igaghta maani, major-ngukaq Sivuqam company-ngani.

mr	+?

daugherty	+?

taana	taana

igaghta	igagh[V][Intrg][3Sg]
igaghta	igagh-te[to.act.on.so.as.to.cause.to.V][V→V][V][Intrg][3Sg]
igaghta	igagh-te[to.catch.N][to.go.to.N][N→V][V][Intrg][3Sg]

maani	maani

majorngukaq	+?

sivuqam	Sivuqagh[N][Rel][Unpd][Sg]

companyngani	+?

------------------------
Kuzaata taana captain-ngughtuq Sivuqam mayor-nga.

kuzaata	+?

taana	taana

captainngughtuq	+?

sivuqam	Sivuqagh[N][Rel][Unpd][Sg]

mayornga	+?

------------------------
Taakut Apetekinkut, Walangankut, Uughqaghmiinkut, Nuugnatenkut lieutenant-ngughquutut, Sivuqam council member-ngi.

taakut	taake[V][Ind][3Pl]

apetekinkut	+?

walangankut	+?

uughqaghmiinkut	+?

nuugnatenkut	+?

lieutenantngughquutut	+?

sivuqam	Sivuqagh[N][Rel][Unpd][Sg]

council	+?

memberngi	+?

------------------------
Enkaam, Kanuggaq taana first sergeant-kelluku.

enkaam	enkaam

kanuggaq	+?

taana	taana

first	+?

sergeantkelluku	+?

------------------------
Sergeant-tet, corporal-let, ilangi kinkut puygaanka aatghit Tundra Army-t, nalighmeng sigutngillu iiyngillu army-m.

sergeanttet	+?

corporallet	+?

ilangi	ila[N][Abs][3SgPoss][PlPosd]

kinkut	kinku[N][Abs][Unpd][Pl]
kinkut	kinku[N][Rel][Unpd][Pl]
kinkut	kinkut

puygaanka	+?

aatghit	ategh[N][Abs][3PlPoss][PlPosd]

tundra	+?

armyt	+?

nalighmeng	naligh*[N][Rel][4DuPoss][SgPosd]
nalighmeng	naligh*[N][Rel][4DuPoss][PlPosd]
nalighmeng	naligh*[N][Rel][4PlPoss][SgPosd]
nalighmeng	naligh*[N][Rel][4PlPoss][PlPosd]
nalighmeng	naligh*[N][Abl_Mod][Unpd][Sg]
nalighmeng	nalighmeng

sigutngillu	+?

iiyngillu	iye[N][Abs][3SgPoss][PlPosd]-llu[Encl]

armym	+?

------------------------
Sivuqam yugpaga, nukalpigaa ilaaquutuq army-nun tamaani.

sivuqam	Sivuqagh[N][Rel][Unpd][Sg]

yugpaga	+?

nukalpigaa	+?

ilaaquutuq	+?

armynun	+?

tamaani	+?

------------------------


------------------------
Taagken, taam kingunganeng, July, l949-mi, Alaska Army National Guard-et piinlightut.

taagken	taagken

taam	+?

kingunganeng	+?

july	+?

l949mi	+?

alaska	+?

army	+?

national	+?

guardet	+?

piinlightut	+?

------------------------
Nukalpigaq kiyang tawani piinlilleghmi ilaaquuteghllakaaguq.

nukalpigaq	+?

kiyang	+?

tawani	tawani

piinlilleghmi	+?

ilaaquuteghllakaaguq	+?

------------------------


------------------------
CAA-t sivuliq mangteghaghqaat qamughtughhaam, aatgha Bozo, tagitkaqaa maavek barge-ekun.

caat	+?

sivuliq	+?

mangteghaghqaat	+?

qamughtughhaam	+?

aatgha	ategh[N][Abs][3SgPoss][SgPosd]

bozo	+?

tagitkaqaa	+?

maavek	maavek

bargeekun	+?

------------------------
Saghya barge-melnguq, Sivuqam yugan qamaglluku usingiqaqaa two hours-mi.

saghya	+?

bargemelnguq	+?

sivuqam	Sivuqagh[N][Rel][Unpd][Sg]

yugan	yug[N][Rel][3SgPoss][SgPosd]
yugan	yug[N][Rel][3SgPoss][PlPosd]

qamaglluku	+?

usingiqaqaa	+?

two	+?

hoursmi	+?

------------------------
June-mi taana qamughtughhaq kaatkaaguq maavek.  

junemi	+?

taana	taana

qamughtughhaq	+?

kaatkaaguq	kaate-@₂~fkau[to.have.V-ed][to.have.been.V-ed][V→V][V][Ind][3Sg]

maavek	maavek

------------------------


------------------------
Aga mangteghat nekefqughnaaqumiita pikaqiit.

aga	aga

mangteghat	mangteghagh[N][Abs][Unpd][Pl]
mangteghat	mangteghagh[N][Rel][Unpd][Pl]

nekefqughnaaqumiita	+?

pikaqiit	pi-~sf–(g₃)kaq[one.that.has.V-ed][V→N]-~–ke[to.have.as.one's.N(s)][N→V]-~i[SBJ.V-ed.something][V→V][V][Intrg][3Pl]
pikaqiit	pi-~sf–(g₃)kaq[one.that.has.V-ed][V→N]-~–ke[to.have.as.one's.N(s)][N→V]-~i[SBJ.V-ed.something][V→V][V][Ind][3Pl]
pikaqiit	pi-~–ke[to.have.as.one's.N(s)][N→V]-~(g₁)aqe[to.be.V.ing][to.regularly.or.repeatedly.V][V→V]-~i[SBJ.V-ed.something][V→V][V][Intrg][3Pl]
pikaqiit	pi-~–ke[to.have.as.one's.N(s)][N→V]-~(g₁)aqe[to.be.V.ing][to.regularly.or.repeatedly.V][V→V]-~i[SBJ.V-ed.something][V→V][V][Ind][3Pl]
pikaqiit	pi-@₂~fkaq[one.that.has.V-ed][V→N]-~–ke[to.have.as.one's.N(s)][N→V]-~i[SBJ.V-ed.something][V→V][V][Intrg][3Pl]
pikaqiit	pi-@₂~fkaq[one.that.has.V-ed][V→N]-~–ke[to.have.as.one's.N(s)][N→V]-~i[SBJ.V-ed.something][V→V][V][Ind][3Pl]

------------------------
Enkaam apeghighteghyata, eslaniightengit yuget tagilaghaatut ilangillu qepghaghtem akmaken.

enkaam	enkaam

apeghighteghyata	+?

eslaniightengit	+?

yuget	yug[N][Abs][Unpd][Pl]
yuget	yug[N][Rel][Unpd][Pl]

tagilaghaatut	+?

ilangillu	ila[N][Abs][3SgPoss][PlPosd]-llu[Encl]

qepghaghtem	+?

akmaken	akmag-@*@₂~sf–(g₂)k(a)e[the.one.that.possessor.V-ed][V→N][N][Abs][2SgPoss][SgPosd]
akmaken	akmag[V][Ptcp][2Sg][3Sg]
akmaken	akmaken

------------------------
Tamaani nutaan esghaatukut esghiigalkemnneng, eslaniightet qepghaasiit, taakuklu trackor-eghllagek, D-7-nek.

tamaani	+?

nutaan	+?

esghaatukut	esghaate[V][Ind][1Pl]
esghaatukut	esghagh-~:(u)te[SBJ.V-ed.something][V→V][V][Ind][1Pl]

esghiigalkemnneng	+?

eslaniightet	+?

qepghaasiit	+?

taakuklu	+?

trackoreghllagek	+?

d7nek	+?

------------------------


------------------------
Nalugvingllaghtut taagken steel mat-meng taakwagun maaten nalugvimteggun.

nalugvingllaghtut	nalug-@₁~fvik[place.to.V][V→N]-–ngllagh[to.make.N][N→V][V][Ind][3Pl]
nalugvingllaghtut	nalug-@₁~fvik[place.to.V][V→N]-–ngllagh[to.make.N][N→V]-te[to.act.on.so.as.to.cause.to.V][V→V][V][Ind][3Pl]

taagken	taagken

steel	+?

matmeng	+?

taakwagun	+?

maaten	+?

nalugvimteggun	nalug-@₁~fvik[place.to.V][V→N][N][Via][1PlPoss][SgPosd]
nalugvimteggun	nalug-@₁~fvik[place.to.V][V→N][N][Via][1PlPoss][PlPosd]

------------------------
Weni tengegkayuklu kaataghsagutuq.

weni	+?

tengegkayuklu	tengegkayug[N][Abs][Unpd][Sg]-llu[Encl]

kaataghsagutuq	+?

------------------------
Mail-engyaagutuukutlu utaaqiighllagpenaamta.

mailengyaagutuukutlu	+?

utaaqiighllagpenaamta	+?

------------------------
Enkaam taam kingunganeng mululuni nalugvikegsaghtut.

enkaam	enkaam

taam	+?

kingunganeng	+?

mululuni	+?

nalugvikegsaghtut	+?

------------------------
Steel mat-a makreghqughluku, asphalt-meng simighaat.  

steel	+?

mata	+?

makreghqughluku	+?

asphaltmeng	+?

simighaat	+?

------------------------


------------------------
Taakunguut Morrison-Knudsen-nenkut contract-teghikat tawavek nalugvingllamun.

taakunguut	+?

morrisonknudsennenkut	+?

contractteghikat	+?

tawavek	+?

nalugvingllamun	+?

------------------------
Taagken taaqellghan kingunganeng, tengegkayugem tagillgha akwaangiqaaguq maavek.

taagken	taagken

taaqellghan	+?

kingunganeng	+?

tengegkayugem	tengegkayug[N][Rel][Unpd][Sg]

tagillgha	+?

akwaangiqaaguq	+?

maavek	maavek

------------------------


------------------------
Talwa salin nalugvigilluku Mirrow Air Service-enkut tagikayuguyaghtut.

talwa	+?

salin	+?

nalugvigilluku	+?

mirrow	+?

air	+?

serviceenkut	+?

tagikayuguyaghtut	tagi-~–kayugu[to.be.able.to.V][V→V]-@₁~fyagh[to.go.V-ing][to.V.in.vain][V→V][V][Ind][3Pl]
tagikayuguyaghtut	tagi-~–kayugu[to.be.able.to.V][V→V]-@₁~fyagh[to.go.V-ing][to.V.in.vain][V→V]-te[to.act.on.so.as.to.cause.to.V][V→V][V][Ind][3Pl]
tagikayuguyaghtut	tagi-~–kayugu[to.be.able.to.V][V→V]-~:(u)te[to.V.for.or.with][to.cause.to.V.as.one.is.V-ing][to.V.toward.each.other][V→V]-@₁~fyagh[to.go.V-ing][to.V.in.vain][V→V][V][Ind][3Pl]
tagikayuguyaghtut	tagi-~–kayugu[to.be.able.to.V][V→V]-~:(u)te[to.V.for.or.with][to.cause.to.V.as.one.is.V-ing][to.V.toward.each.other][V→V]-@₁~fyagh[to.go.V-ing][to.V.in.vain][V→V]-te[to.act.on.so.as.to.cause.to.V][V→V][V][Ind][3Pl]
tagikayuguyaghtut	tagi-~–kayugu[to.be.able.to.V][V→V]-~:(u)te[SBJ.V-ed.something][V→V]-@₁~fyagh[to.go.V-ing][to.V.in.vain][V→V][V][Ind][3Pl]
tagikayuguyaghtut	tagi-~–kayugu[to.be.able.to.V][V→V]-~:(u)te[SBJ.V-ed.something][V→V]-@₁~fyagh[to.go.V-ing][to.V.in.vain][V→V]-te[to.act.on.so.as.to.cause.to.V][V→V][V][Ind][3Pl]

------------------------
Pillugaalukullu tamaani, John Cross saghyameng tagitkaaguq ataasimeng veghaqelghiikun, meghqun nalukayugkun.

pillugaalukullu	+?

tamaani	+?

john	+?

cross	+?

saghyameng	+?

tagitkaaguq	tagi-~:(u)te[to.V.for.or.with][to.cause.to.V.as.one.is.V-ing][to.V.toward.each.other][V→V]-@₂~fkau[to.have.V-ed][to.have.been.V-ed][V→V][V][Ind][3Sg]
tagitkaaguq	tagi-~:(u)te[SBJ.V-ed.something][V→V]-@₂~fkau[to.have.V-ed][to.have.been.V-ed][V→V][V][Ind][3Sg]
tagitkaaguq	tagi-te[to.act.on.so.as.to.cause.to.V][V→V]-@₂~fkau[to.have.V-ed][to.have.been.V-ed][V→V][V][Ind][3Sg]

ataasimeng	+?

veghaqelghiikun	+?

meghqun	megh[N][Via][Unpd][Sg]

nalukayugkun	+?

------------------------
Amalleqa army-t tengegkayugit tagiighaataqaagut uksumi, talwa maakut, B-29-et.

amalleqa	+?

armyt	+?

tengegkayugit	tengegkayug[N][Abs][3PlPoss][PlPosd]

tagiighaataqaagut	+?

uksumi	+?

talwa	+?

maakut	maakut

b29et	+?

------------------------


------------------------
Sivuliit schedule-leluteng tagiyagutkat Wien-esenkunquut, taagken Alaskan-kut, enkaam Munz-enkut. 

sivuliit	+?

scheduleleluteng	+?

tagiyagutkat	+?

wienesenkunquut	+?

taagken	taagken

alaskankut	+?

enkaam	enkaam

munzenkut	+?

------------------------
Tawatetuq tengegkayugem uglaaghillgha tazimken.

tawatetuq	+?

tengegkayugem	tengegkayug[N][Rel][Unpd][Sg]

uglaaghillgha	+?

tazimken	+?

------------------------
