IVAGHULLUK ILAGAAT

ivaghulluk	+?

ilagaat	+?

------------------------
Pelaasim Apellgha

pelaasim	+?

apellgha	+?

------------------------
 

------------------------
Ighivgan'ghani, eghqwaaghem elagaatangi taakut atughaqiit.

ighivganghani	+?

eghqwaaghem	+?

elagaatangi	+?

taakut	taake[V][Ind][3Pl]

atughaqiit	atugh-~(g₁)aqe[to.be.V.ing][to.regularly.or.repeatedly.V][V→V]-~i[SBJ.V-ed.something][V→V][V][Intrg][3Pl]
atughaqiit	atugh-~(g₁)aqe[to.be.V.ing][to.regularly.or.repeatedly.V][V→V]-~i[SBJ.V-ed.something][V→V][V][Ind][3Pl]
atughaqiit	atugh-~(g₁)aqe[to.be.V.ing][to.regularly.or.repeatedly.V][V→V][V][Ind][3Pl][3Pl]
atughaqiit	atugh-~(g₁)aqe[to.be.V.ing][to.regularly.or.repeatedly.V][V→V][V][Ind][3Du][3Sg]

------------------------
Ilagaghaqut angyalget taakut.

ilagaghaqut	ilagagh-~(g₁)aqe[to.be.V.ing][to.regularly.or.repeatedly.V][V→V][V][Ind][3Pl]

angyalget	angyagh-–leg[one.having.N][N→N][N][Abs][Unpd][Pl]
angyalget	angyagh-–leg[one.having.N][N→N][N][Rel][Unpd][Pl]
angyalget	angyagh-–lget[to.have.N][AUG]

taakut	taake[V][Ind][3Pl]

------------------------
Ivaghullugmeng atelget.

ivaghullugmeng	+?

atelget	ategh-–leg[one.having.N][N→N][N][Abs][Unpd][Pl]
atelget	ategh-–leg[one.having.N][N→N][N][Rel][Unpd][Pl]
atelget	ategh-–lget[to.have.N][AUG]

------------------------


------------------------
Elngataall, repall tusaqnapangunatengllu.

elngataall	+?

repall	repall[N][Abs][Unpd][Sg]

tusaqnapangunatengllu	+?

------------------------
Nangllegsim angtalanganeng, wata eghqwaalleghmi tawani nangllegnaghsapiglluteng ilaganeghmeggni iglateng qughaghteghllaglukii piiqegkangit.

nangllegsim	+?

angtalanganeng	+?

wata	+?

eghqwaalleghmi	+?

tawani	tawani

nangllegnaghsapiglluteng	+?

ilaganeghmeggni	ilagagh-@₁–negh[the.act.or.activity.of.V-ing][V→N][N][Loc][4PlPoss][SgPosd]
ilaganeghmeggni	ilagagh-@₁–negh[the.act.or.activity.of.V-ing][V→N][N][Loc][4PlPoss][PlPosd]

iglateng	+?

qughaghteghllaglukii	+?

piiqegkangit	pi-~(g₁)aqe[to.be.V.ing][to.regularly.or.repeatedly.V][V→V]-@*@₂~sf–(g₂)k(a)e[the.one.that.possessor.V-ed][V→N][N][Abs][3PlPoss][PlPosd]
piiqegkangit	pi-~(g₁)aqe[to.be.V.ing][to.regularly.or.repeatedly.V][V→V][V][Ptcp][3Du][3Sg]
piiqegkangit	pi-~(g₁)aqe[to.be.V.ing][to.regularly.or.repeatedly.V][V→V][V][Ptcp][3Pl][3Pl]

------------------------
Nangllegsim angtalanganeng Kiyaghneghmun.

nangllegsim	+?

angtalanganeng	+?

kiyaghneghmun	+?

------------------------


------------------------
Uuknaa-aa-aanguu-uuq.

uuknaaaaaanguuuuq	+?

------------------------
Saamnaa-aa-aanguu-uuq,

saamnaaaaaanguuuuq	+?

------------------------
Taglalghii-ii-ii saa-aamnaa.

taglalghiiiiii	+?

saaaamnaa	+?

------------------------
Ketangaa-aan aghveghaa-aa saa-aamnaa-aa

ketangaaaan	+?

aghveghaaaa	+?

saaaamnaaaa	+?

------------------------
Aghvelegglaguu-uu-lii.

aghvelegglaguuuulii	+?

------------------------
Ellngalluu-uu-uu.

ellngalluuuuuu	+?

------------------------
Qagimaa iluganii-ii-ii.

qagimaa	+?

iluganiiiiii	+?

------------------------


------------------------
Uknaa-aa-aanguu-uuq.

uknaaaaaanguuuuq	+?

------------------------
Saamnaa-aa-aanguuq,

saamnaaaaaanguuq	+?

------------------------
Ketangaa-aa-aan ayveghaa-aa saa-aamna.

ketangaaaaaan	+?

ayveghaaaa	+?

saaaamna	+?

------------------------
Aghvelegllaaguluu-uu-lii 

aghvelegllaaguluuuulii	+?

------------------------
Elngaa-aa-aalluu-uungu-uuq

elngaaaaaalluuuunguuuq	+?

------------------------
Qagimaa iluganii-ii-ii.

qagimaa	+?

iluganiiiiii	+?

------------------------


------------------------
Uuknaa-aa-aanguu-uuq.

uuknaaaaaanguuuuq	+?

------------------------
Saamnaa-aa-aanguu-uuq

saamnaaaaaanguuuuq	+?

------------------------
Taglalghii-ii-ii saa-aamnaa.

taglalghiiiiii	+?

saaaamnaa	+?

------------------------


------------------------
Ketangaa-aan maklaqaa-aa-aanguuq.

ketangaaaan	+?

maklaqaaaaaanguuq	+?

------------------------
Ellngalluu-uu-uu.

ellngalluuuuuu	+?

------------------------
Aghvelagllaguulii-ii-iingii.

aghvelagllaguuliiiiiingii	+?

------------------------
Qagimaa iluganii-ii-ii-ngiy.

qagimaa	+?

iluganiiiiiingiy	+?

------------------------
