AGHVEGHNIIGHEM PILLGHI

aghveghniighem	+?

pillghi	+?

------------------------
Pelaasim Apellgha

pelaasim	+?

apellgha	+?

------------------------


------------------------
Taawa enkaamngam angyaghnalleghmun tawavek.

taawa	taawa

enkaamngam	+?

angyaghnalleghmun	+?

tawavek	+?

------------------------
Aghvengneghmeggni aviikayuget, "Wu-hu-hu-huumeng!" ayuqut aviis tamaakut.

aghvengneghmeggni	+?

aviikayuget	+?

wuhuhuhuumeng	+?

ayuqut	+?

aviis	+?

tamaakut	+?

------------------------
Aquutat quulmun nengugulluki, angyapigem aquutii.

aquutat	+?

quulmun	+?

nengugulluki	+?

angyapigem	+?

aquutii	+?

------------------------
Kelgutnguftun'nguq Kiyaghneghmun nusun'ghata aga aghveqluki.

kelgutnguftunnguq	+?

kiyaghneghmun	+?

nusunghata	+?

aga	aga

aghveqluki	+?

------------------------


------------------------
Enkaam tuqunneghata wiin angyaq awillaghaalluni.

enkaam	enkaam

tuqunneghata	tuqu-te[to.act.on.so.as.to.cause.to.V][V→V][V][Ctmp][3Pl]
tuqunneghata	tuqu-~:(u)te[to.V.for.or.with][to.cause.to.V.as.one.is.V-ing][to.V.toward.each.other][V→V]-te[to.act.on.so.as.to.cause.to.V][V→V][V][Ctmp][3Pl]
tuqunneghata	tuqu-~:(u)te[condition.with.respect.to.V-ing][V→N]-te[to.catch.N][to.go.to.N][N→V][V][Ctmp][3Pl]
tuqunneghata	tuqu-~:(u)te[SBJ.V-ed.something][V→V]-te[to.act.on.so.as.to.cause.to.V][V→V][V][Ctmp][3Pl]

wiin	+?

angyaq	angyagh[N][Abs][Unpd][Sg]

awillaghaalluni	+?

------------------------
Uzivluki kaspuglleghhiini aviikayuget wu-hu-hu-huumeng ayuqut.

uzivluki	+?

kaspuglleghhiini	+?

aviikayuget	+?

wuhuhuhuumeng	+?

ayuqut	+?

------------------------
Enkaam taaqenghata tagilaghaalluni qepghaghaqiit.

enkaam	enkaam

taaqenghata	+?

tagilaghaalluni	+?

qepghaghaqiit	qepghagh-~(g₁)aqe[to.be.V.ing][to.regularly.or.repeatedly.V][V→V]-~i[SBJ.V-ed.something][V→V][V][Intrg][3Pl]
qepghaghaqiit	qepghagh-~(g₁)aqe[to.be.V.ing][to.regularly.or.repeatedly.V][V→V]-~i[SBJ.V-ed.something][V→V][V][Ind][3Pl]
qepghaghaqiit	qepghagh-~(g₁)aqe[to.be.V.ing][to.regularly.or.repeatedly.V][V→V][V][Ind][3Pl][3Pl]
qepghaghaqiit	qepghagh-~(g₁)aqe[to.be.V.ing][to.regularly.or.repeatedly.V][V→V][V][Ind][3Du][3Sg]

------------------------
Ilangi kaalgughnaqenghata kaalguutaghqaameng, ikusimaghmeng mangtagmeng piiqelghiit.

ilangi	ila[N][Abs][3SgPoss][PlPosd]

kaalgughnaqenghata	+?

kaalguutaghqaameng	+?

ikusimaghmeng	+?

mangtagmeng	+?

piiqelghiit	pi-~(g₁)aqe[to.be.V.ing][to.regularly.or.repeatedly.V][V→V]-@₁–lghii[the.one.that.V-ed][the.one.that.is.V][V→N][N][Abs][Unpd][Pl]
piiqelghiit	pi-~(g₁)aqe[to.be.V.ing][to.regularly.or.repeatedly.V][V→V]-@₁–lghii[the.one.that.V-ed][the.one.that.is.V][V→N][N][Rel][Unpd][Pl]
piiqelghiit	pi-~(g₁)aqe[to.be.V.ing][to.regularly.or.repeatedly.V][V→V][V][Ptcp][3Pl]

------------------------


------------------------
Awataghpightughluku sivulighneghikunllu, kingungikunllu.

awataghpightughluku	+?

sivulighneghikunllu	+?

kingungikunllu	+?

------------------------
Enkaam ghhataghlutengllu igleghhneghmeggni aga angyam yuga qamaglluni aviikayuk wu-hu-hu-huumeng.

enkaam	enkaam

ghhataghlutengllu	+?

igleghhneghmeggni	igleghte-@₁–negh[the.act.or.activity.of.V-ing][V→N][N][Loc][4PlPoss][SgPosd]
igleghhneghmeggni	igleghte-@₁–negh[the.act.or.activity.of.V-ing][V→N][N][Loc][4PlPoss][PlPosd]

aga	aga

angyam	angyagh[N][Rel][Unpd][Sg]

yuga	yug[N][Abs][3SgPoss][SgPosd]

qamaglluni	+?

aviikayuk	+?

wuhuhuhuumeng	+?

------------------------
Qukaghillghiinillu, whaa tamlagyaghtulghiinillu aviigaqelghiit.

qukaghillghiinillu	+?

whaa	+?

tamlagyaghtulghiinillu	+?

aviigaqelghiit	+?

------------------------


------------------------
Taawa qepghaghaqegkangit.

taawa	taawa

qepghaghaqegkangit	qepghagh-~(g₁)aqe[to.be.V.ing][to.regularly.or.repeatedly.V][V→V]-@*@₂~sf–(g₂)k(a)e[the.one.that.possessor.V-ed][V→N][N][Abs][3PlPoss][PlPosd]
qepghaghaqegkangit	qepghagh-~(g₁)aqe[to.be.V.ing][to.regularly.or.repeatedly.V][V→V][V][Ptcp][3Du][3Sg]
qepghaghaqegkangit	qepghagh-~(g₁)aqe[to.be.V.ing][to.regularly.or.repeatedly.V][V→V][V][Ptcp][3Pl][3Pl]

------------------------
Enkaam kaatunneghata taakut angyalget mangtagmeng piluteng awataghpaget imighaqegkangit. 

enkaam	enkaam

kaatunneghata	kaate-~:(u)te[to.V.for.or.with][to.cause.to.V.as.one.is.V-ing][to.V.toward.each.other][V→V]-te[to.act.on.so.as.to.cause.to.V][V→V][V][Ctmp][3Pl]
kaatunneghata	kaate-~:(u)te[to.V.for.or.with][to.cause.to.V.as.one.is.V-ing][to.V.toward.each.other][V→V][V][Ctmp][3Pl]
kaatunneghata	kaate-~:(u)te[condition.with.respect.to.V-ing][V→N]-te[to.catch.N][to.go.to.N][N→V][V][Ctmp][3Pl]
kaatunneghata	kaate-~:(u)te[SBJ.V-ed.something][V→V]-te[to.act.on.so.as.to.cause.to.V][V→V][V][Ctmp][3Pl]
kaatunneghata	kaate-~:(u)te[SBJ.V-ed.something][V→V][V][Ctmp][3Pl]

taakut	taake[V][Ind][3Pl]

angyalget	angyagh-–leg[one.having.N][N→N][N][Abs][Unpd][Pl]
angyalget	angyagh-–leg[one.having.N][N→N][N][Rel][Unpd][Pl]
angyalget	angyagh-–lget[to.have.N][AUG]

mangtagmeng	+?

piluteng	pi-~:(u)te[to.V.for.or.with][to.cause.to.V.as.one.is.V-ing][to.V.toward.each.other][V→V][V][Sbrd][3Pl]
piluteng	pi-~:(u)te[SBJ.V-ed.something][V→V][V][Sbrd][3Pl]
piluteng	pi[V][Sbrd][3Pl]

awataghpaget	awataghpag[N][Abs][Unpd][Pl]
awataghpaget	awataghpag[N][Rel][Unpd][Pl]

imighaqegkangit	+?

------------------------


------------------------
Suqii taakut inglungi sivuliit iiksuggaaghet aghvengelghiim qamaglluki pikayugii.

suqii	+?

taakut	taake[V][Ind][3Pl]

inglungi	+?

sivuliit	+?

iiksuggaaghet	+?

aghvengelghiim	+?

qamaglluki	+?

pikayugii	pi-~–kayugu[to.be.able.to.V][V→V]-~i[SBJ.V-ed.something][V→V]-~i[SBJ.V-ed.something][V→V]-~i[SBJ.V-ed.something][V→V]-~i[SBJ.V-ed.something][V→V]-~i[SBJ.V-ed.something][V→V][V][Opt][PRS][2Sg]
pikayugii	pi-~–kayugu[to.be.able.to.V][V→V]-~i[SBJ.V-ed.something][V→V]-~i[SBJ.V-ed.something][V→V]-~i[SBJ.V-ed.something][V→V]-~i[SBJ.V-ed.something][V→V][V][Opt][PRS][2Sg]
pikayugii	pi-~–kayugu[to.be.able.to.V][V→V]-~i[SBJ.V-ed.something][V→V]-~i[SBJ.V-ed.something][V→V]-~i[SBJ.V-ed.something][V→V][V][Opt][PRS][2Sg]
pikayugii	pi-~–kayugu[to.be.able.to.V][V→V]-~i[SBJ.V-ed.something][V→V]-~i[SBJ.V-ed.something][V→V][V][Opt][PRS][2Sg]
pikayugii	pi-~–kayugu[to.be.able.to.V][V→V]-~i[SBJ.V-ed.something][V→V][V][Opt][PRS][2Sg]
pikayugii	pi-~–kayugu[to.be.able.to.V][V→V][V][Ind][3Sg][3Pl]

------------------------
Veghiillu taakut qamaglluki pikayugii.

veghiillu	+?

taakut	taake[V][Ind][3Pl]

qamaglluki	+?

pikayugii	pi-~–kayugu[to.be.able.to.V][V→V]-~i[SBJ.V-ed.something][V→V]-~i[SBJ.V-ed.something][V→V]-~i[SBJ.V-ed.something][V→V]-~i[SBJ.V-ed.something][V→V]-~i[SBJ.V-ed.something][V→V][V][Opt][PRS][2Sg]
pikayugii	pi-~–kayugu[to.be.able.to.V][V→V]-~i[SBJ.V-ed.something][V→V]-~i[SBJ.V-ed.something][V→V]-~i[SBJ.V-ed.something][V→V]-~i[SBJ.V-ed.something][V→V][V][Opt][PRS][2Sg]
pikayugii	pi-~–kayugu[to.be.able.to.V][V→V]-~i[SBJ.V-ed.something][V→V]-~i[SBJ.V-ed.something][V→V]-~i[SBJ.V-ed.something][V→V][V][Opt][PRS][2Sg]
pikayugii	pi-~–kayugu[to.be.able.to.V][V→V]-~i[SBJ.V-ed.something][V→V]-~i[SBJ.V-ed.something][V→V][V][Opt][PRS][2Sg]
pikayugii	pi-~–kayugu[to.be.able.to.V][V→V]-~i[SBJ.V-ed.something][V→V][V][Opt][PRS][2Sg]
pikayugii	pi-~–kayugu[to.be.able.to.V][V→V][V][Ind][3Sg][3Pl]

------------------------


------------------------
Inglungi suqaan taakut angyamun allghuulegnun, pingayuulegnun, taakwavek inpiquusghaqaqiit.

inglungi	+?

suqaan	+?

taakut	taake[V][Ind][3Pl]

angyamun	angyagh[N][Ter][Unpd][Sg]

allghuulegnun	+?

pingayuulegnun	+?

taakwavek	+?

inpiquusghaqaqiit	+?

------------------------
Siipneq tamaana suqaq siivanlleghnun inpiquusghaqaqaat aghnanunllu.

siipneq	+?

tamaana	+?

suqaq	+?

siivanlleghnun	siivanllegh[N][Ter][Unpd][Pl]

inpiquusghaqaqaat	+?

aghnanunllu	aghnagh[N][Ter][Unpd][Pl]-llu[Encl]

------------------------


------------------------
Enkaam apeghiineghmeggni, angyalget elqiighluteng ayuqaqelghiit.

enkaam	enkaam

apeghiineghmeggni	apeghiigh-@₁–negh[the.act.or.activity.of.V-ing][V→N][N][Loc][4PlPoss][SgPosd]
apeghiineghmeggni	apeghiigh-@₁–negh[the.act.or.activity.of.V-ing][V→N][N][Loc][4PlPoss][PlPosd]

angyalget	angyagh-–leg[one.having.N][N→N][N][Abs][Unpd][Pl]
angyalget	angyagh-–leg[one.having.N][N→N][N][Rel][Unpd][Pl]
angyalget	angyagh-–lget[to.have.N][AUG]

elqiighluteng	+?

ayuqaqelghiit	+?

------------------------
Angyalget kaallghiini apeghiilghiini qepghallghi aghveghem, angyalgem aa elqiightuulluta sivuyagtetlu angyalgetlu.

angyalget	angyagh-–leg[one.having.N][N→N][N][Abs][Unpd][Pl]
angyalget	angyagh-–leg[one.having.N][N→N][N][Rel][Unpd][Pl]
angyalget	angyagh-–lget[to.have.N][AUG]

kaallghiini	kaate-@₁–lghii[the.one.that.V-ed][the.one.that.is.V][V→N][N][Abs][4SgPoss][SgPosd]
kaallghiini	kaate-@₁–lghii[the.one.that.V-ed][the.one.that.is.V][V→N][N][Abs][4SgPoss][PlPosd]
kaallghiini	kaate-@₁–lghii[the.one.that.V-ed][the.one.that.is.V][V→N][N][Loc][Unpd][Pl]

apeghiilghiini	apeghiigh-@₁–lghii[the.one.that.V-ed][the.one.that.is.V][V→N][N][Abs][4SgPoss][SgPosd]
apeghiilghiini	apeghiigh-@₁–lghii[the.one.that.V-ed][the.one.that.is.V][V→N][N][Abs][4SgPoss][PlPosd]
apeghiilghiini	apeghiigh-@₁–lghii[the.one.that.V-ed][the.one.that.is.V][V→N][N][Loc][Unpd][Pl]
apeghiilghiini	apeghiigh-–lghiini[when.one.is.V-ing][among.those.V-ing]

qepghallghi	+?

aghveghem	aghvegh[N][Rel][Unpd][Sg]

angyalgem	angyagh-–leg[one.having.N][N→N][N][Rel][Unpd][Sg]

aa	aa

elqiightuulluta	+?

sivuyagtetlu	+?

angyalgetlu	angyagh-–leg[one.having.N][N→N][N][Abs][Unpd][Pl]-llu[Encl]
angyalgetlu	angyagh-–leg[one.having.N][N→N][N][Rel][Unpd][Pl]-llu[Encl]

------------------------
Aquutat, qalugyat sivuyagtem tuguluki mangtaggaghmeng ikulluteng enkaam taglaghaqut.

aquutat	+?

qalugyat	+?

sivuyagtem	+?

tuguluki	tugu-~:(u)te[to.V.for.or.with][to.cause.to.V.as.one.is.V-ing][to.V.toward.each.other][V→V][V][Sbrd][1Du][3Pl]
tuguluki	tugu-~:(u)te[to.V.for.or.with][to.cause.to.V.as.one.is.V-ing][to.V.toward.each.other][V→V][V][Sbrd][1Pl][3Pl]
tuguluki	tugu-~:(u)te[to.V.for.or.with][to.cause.to.V.as.one.is.V-ing][to.V.toward.each.other][V→V][V][Sbrd][1Sg][3Pl]
tuguluki	tugu-~:(u)te[to.V.for.or.with][to.cause.to.V.as.one.is.V-ing][to.V.toward.each.other][V→V][V][Sbrd][2Du][3Pl]
tuguluki	tugu-~:(u)te[to.V.for.or.with][to.cause.to.V.as.one.is.V-ing][to.V.toward.each.other][V→V][V][Sbrd][2Pl][3Pl]
tuguluki	tugu-~:(u)te[to.V.for.or.with][to.cause.to.V.as.one.is.V-ing][to.V.toward.each.other][V→V][V][Sbrd][2Sg][3Pl]
tuguluki	tugu-~:(u)te[to.V.for.or.with][to.cause.to.V.as.one.is.V-ing][to.V.toward.each.other][V→V][V][Sbrd][3Du][3Pl]
tuguluki	tugu-~:(u)te[to.V.for.or.with][to.cause.to.V.as.one.is.V-ing][to.V.toward.each.other][V→V][V][Sbrd][3Pl][3Pl]
tuguluki	tugu-~:(u)te[to.V.for.or.with][to.cause.to.V.as.one.is.V-ing][to.V.toward.each.other][V→V][V][Sbrd][3Sg][3Pl]
tuguluki	tugu[V][Sbrd][1Du][3Pl]
tuguluki	tugu[V][Sbrd][1Pl][3Pl]
tuguluki	tugu[V][Sbrd][1Sg][3Pl]
tuguluki	tugu[V][Sbrd][2Du][3Pl]
tuguluki	tugu[V][Sbrd][2Pl][3Pl]
tuguluki	tugu[V][Sbrd][2Sg][3Pl]
tuguluki	tugu[V][Sbrd][3Du][3Pl]
tuguluki	tugu[V][Sbrd][3Pl][3Pl]
tuguluki	tugu[V][Sbrd][3Sg][3Pl]

mangtaggaghmeng	+?

ikulluteng	+?

enkaam	enkaam

taglaghaqut	taglagh-~(g₁)aqe[to.be.V.ing][to.regularly.or.repeatedly.V][V→V][V][Ind][3Pl]

------------------------


------------------------
Aquutastaakut mangtegham sivuungakun qavighngiita napaghtaqiit.

aquutastaakut	+?

mangtegham	mangteghagh[N][Rel][Unpd][Sg]

sivuungakun	+?

qavighngiita	+?

napaghtaqiit	+?

------------------------
Qalugyas taakut amigem aywaakun asighutaqiit napiita.

qalugyas	+?

taakut	taake[V][Ind][3Pl]

amigem	amig[N][Rel][Unpd][Sg]

aywaakun	+?

asighutaqiit	+?

napiita	+?

------------------------


------------------------
Enkaam nunivaget egsugi taakut ikulluteng peghwaaqelghiit, aghvengmun pikaghqat, enkaam tuguluki, itghulluki, angyam yugan uglaghtalngatuq.  

enkaam	enkaam

nunivaget	nunivag[N][Abs][Unpd][Pl]
nunivaget	nunivag[N][Rel][Unpd][Pl]

egsugi	egte-@₁~fyug[to.want.to.V][V→V]-~i[SBJ.V-ed.something][V→V][V][Opt][PRS][2Sg]

taakut	taake[V][Ind][3Pl]

ikulluteng	+?

peghwaaqelghiit	+?

aghvengmun	+?

pikaghqat	+?

enkaam	enkaam

tuguluki	tugu-~:(u)te[to.V.for.or.with][to.cause.to.V.as.one.is.V-ing][to.V.toward.each.other][V→V][V][Sbrd][1Du][3Pl]
tuguluki	tugu-~:(u)te[to.V.for.or.with][to.cause.to.V.as.one.is.V-ing][to.V.toward.each.other][V→V][V][Sbrd][1Pl][3Pl]
tuguluki	tugu-~:(u)te[to.V.for.or.with][to.cause.to.V.as.one.is.V-ing][to.V.toward.each.other][V→V][V][Sbrd][1Sg][3Pl]
tuguluki	tugu-~:(u)te[to.V.for.or.with][to.cause.to.V.as.one.is.V-ing][to.V.toward.each.other][V→V][V][Sbrd][2Du][3Pl]
tuguluki	tugu-~:(u)te[to.V.for.or.with][to.cause.to.V.as.one.is.V-ing][to.V.toward.each.other][V→V][V][Sbrd][2Pl][3Pl]
tuguluki	tugu-~:(u)te[to.V.for.or.with][to.cause.to.V.as.one.is.V-ing][to.V.toward.each.other][V→V][V][Sbrd][2Sg][3Pl]
tuguluki	tugu-~:(u)te[to.V.for.or.with][to.cause.to.V.as.one.is.V-ing][to.V.toward.each.other][V→V][V][Sbrd][3Du][3Pl]
tuguluki	tugu-~:(u)te[to.V.for.or.with][to.cause.to.V.as.one.is.V-ing][to.V.toward.each.other][V→V][V][Sbrd][3Pl][3Pl]
tuguluki	tugu-~:(u)te[to.V.for.or.with][to.cause.to.V.as.one.is.V-ing][to.V.toward.each.other][V→V][V][Sbrd][3Sg][3Pl]
tuguluki	tugu[V][Sbrd][1Du][3Pl]
tuguluki	tugu[V][Sbrd][1Pl][3Pl]
tuguluki	tugu[V][Sbrd][1Sg][3Pl]
tuguluki	tugu[V][Sbrd][2Du][3Pl]
tuguluki	tugu[V][Sbrd][2Pl][3Pl]
tuguluki	tugu[V][Sbrd][2Sg][3Pl]
tuguluki	tugu[V][Sbrd][3Du][3Pl]
tuguluki	tugu[V][Sbrd][3Pl][3Pl]
tuguluki	tugu[V][Sbrd][3Sg][3Pl]

itghulluki	+?

angyam	angyagh[N][Rel][Unpd][Sg]

yugan	yug[N][Rel][3SgPoss][SgPosd]
yugan	yug[N][Rel][3SgPoss][PlPosd]

uglaghtalngatuq	+?

------------------------


------------------------
Angyalgem nulighhan, qilleghtengnguus taakut, taqughtekun, qiiyngut amenqun quyngim manungi melqughtuqat.

angyalgem	angyagh-–leg[one.having.N][N→N][N][Rel][Unpd][Sg]

nulighhan	nulighh[N][Rel][3SgPoss][SgPosd]
nulighhan	nulighh[N][Rel][3SgPoss][PlPosd]

qilleghtengnguus	+?

taakut	taake[V][Ind][3Pl]

taqughtekun	+?

qiiyngut	+?

amenqun	+?

quyngim	quyngigh[N][Rel][Unpd][Sg]

manungi	+?

melqughtuqat	+?

------------------------
Taagken ikuulluteng naten angkiita petukayugiit.

taagken	taagken

ikuulluteng	+?

naten	naten

angkiita	+?

petukayugiit	+?

------------------------
Aavgughaqiit angyam yugan uglaghtalangatun, aghtequlighluki, enkaam qaltaaghwaghhaagut.

aavgughaqiit	+?

angyam	angyagh[N][Rel][Unpd][Sg]

yugan	yug[N][Rel][3SgPoss][SgPosd]
yugan	yug[N][Rel][3SgPoss][PlPosd]

uglaghtalangatun	+?

aghtequlighluki	+?

enkaam	enkaam

qaltaaghwaghhaagut	+?

------------------------
Qaltaaghwaghhaat, unaghsit sangwaat, ilangi suqaawut, tawavek kanaghquulluki, meghmeng ilaaghlluki, angyalgem nulighhan tugumiiqluki atghaghaquq.

qaltaaghwaghhaat	+?

unaghsit	+?

sangwaat	sa-~:(ng₁)u[to.be.N][N→V][V][Intrg][3Pl]

ilangi	ila[N][Abs][3SgPoss][PlPosd]

suqaawut	+?

tawavek	+?

kanaghquulluki	+?

meghmeng	megh[N][Rel][4DuPoss][SgPosd]
meghmeng	megh[N][Rel][4DuPoss][PlPosd]
meghmeng	megh[N][Rel][4PlPoss][SgPosd]
meghmeng	megh[N][Rel][4PlPoss][PlPosd]
meghmeng	megh[N][Abl_Mod][Unpd][Sg]

ilaaghlluki	+?

angyalgem	angyagh-–leg[one.having.N][N→N][N][Rel][Unpd][Sg]

nulighhan	nulighh[N][Rel][3SgPoss][SgPosd]
nulighhan	nulighh[N][Rel][3SgPoss][PlPosd]

tugumiiqluki	+?

atghaghaquq	atghagh-~(g₁)aqe[to.be.V.ing][to.regularly.or.repeatedly.V][V→V][V][Ind][3Sg]

------------------------


------------------------
Enkaam aquutat alla ilangi, angyilghanilnguut, taakut kelqelluki, uuglluteng, sivuyagtetlu, angyalgetlu.

enkaam	enkaam

aquutat	+?

alla	alla
alla	alla[N][Abs][Unpd][Sg]

ilangi	ila[N][Abs][3SgPoss][PlPosd]

angyilghanilnguut	+?

taakut	taake[V][Ind][3Pl]

kelqelluki	+?

uuglluteng	+?

sivuyagtetlu	+?

angyalgetlu	angyagh-–leg[one.having.N][N→N][N][Abs][Unpd][Pl]-llu[Encl]
angyalgetlu	angyagh-–leg[one.having.N][N→N][N][Rel][Unpd][Pl]-llu[Encl]

------------------------
Taakut aquutat angyalgem atuqluki, taakut angyalgem nulighhi angyam sivuyagan kelukaghaani, malleghqengngwaaghaqiit angyas tawaten.  

taakut	taake[V][Ind][3Pl]

aquutat	+?

angyalgem	angyagh-–leg[one.having.N][N→N][N][Rel][Unpd][Sg]

atuqluki	atuqe-te[to.act.on.so.as.to.cause.to.V][V→V][V][Sbrd][1Du][3Pl]
atuqluki	atuqe-te[to.act.on.so.as.to.cause.to.V][V→V][V][Sbrd][1Pl][3Pl]
atuqluki	atuqe-te[to.act.on.so.as.to.cause.to.V][V→V][V][Sbrd][1Sg][3Pl]
atuqluki	atuqe-te[to.act.on.so.as.to.cause.to.V][V→V][V][Sbrd][2Du][3Pl]
atuqluki	atuqe-te[to.act.on.so.as.to.cause.to.V][V→V][V][Sbrd][2Pl][3Pl]
atuqluki	atuqe-te[to.act.on.so.as.to.cause.to.V][V→V][V][Sbrd][2Sg][3Pl]
atuqluki	atuqe-te[to.act.on.so.as.to.cause.to.V][V→V][V][Sbrd][3Du][3Pl]
atuqluki	atuqe-te[to.act.on.so.as.to.cause.to.V][V→V][V][Sbrd][3Pl][3Pl]
atuqluki	atuqe-te[to.act.on.so.as.to.cause.to.V][V→V][V][Sbrd][3Sg][3Pl]
atuqluki	atuqe[V][Sbrd][1Du][3Pl]
atuqluki	atuqe[V][Sbrd][1Pl][3Pl]
atuqluki	atuqe[V][Sbrd][1Sg][3Pl]
atuqluki	atuqe[V][Sbrd][2Du][3Pl]
atuqluki	atuqe[V][Sbrd][2Pl][3Pl]
atuqluki	atuqe[V][Sbrd][2Sg][3Pl]
atuqluki	atuqe[V][Sbrd][3Du][3Pl]
atuqluki	atuqe[V][Sbrd][3Pl][3Pl]
atuqluki	atuqe[V][Sbrd][3Sg][3Pl]

taakut	taake[V][Ind][3Pl]

angyalgem	angyagh-–leg[one.having.N][N→N][N][Rel][Unpd][Sg]

nulighhi	nulighh[N][Abs][3SgPoss][PlPosd]

angyam	angyagh[N][Rel][Unpd][Sg]

sivuyagan	+?

kelukaghaani	+?

malleghqengngwaaghaqiit	+?

angyas	+?

tawaten	tawaten

------------------------


------------------------
Angyat wiin iggagtaataghaqiit tawaten tallimaneng iggagtaataghluki aviin'ghata.

angyat	angyagh[N][Abs][Unpd][Pl]
angyat	angyagh[N][Rel][Unpd][Pl]

wiin	+?

iggagtaataghaqiit	+?

tawaten	tawaten

tallimaneng	+?

iggagtaataghluki	+?

aviinghata	+?

------------------------
Aquutateng quulmun nengugunneghatki, enkaam nulighita taam qaltaaghwaat quulmun nengugutaqiit.

aquutateng	+?

quulmun	+?

nengugunneghatki	+?

enkaam	enkaam

nulighita	+?

taam	+?

qaltaaghwaat	+?

quulmun	+?

nengugutaqiit	+?

------------------------
Aviineghmeng taaqenghaata, enraq aghvighlluki iggagaataghluteng.

aviineghmeng	+?

taaqenghaata	+?

enraq	+?

aghvighlluki	+?

iggagaataghluteng	+?

------------------------
Tawaten ama inglunganun nengugulluki aviin'ghata, ama inglunganeng aghvighlluki ama qaltaaghwateng nengugutaqiit quulmun.

tawaten	tawaten

ama	ama

inglunganun	+?

nengugulluki	+?

aviinghata	+?

ama	ama

inglunganeng	+?

aghvighlluki	+?

ama	ama

qaltaaghwateng	+?

nengugutaqiit	+?

quulmun	+?

------------------------


------------------------
Aviit Wu-hu-hu-huunguut arat aviimeng atelget.

aviit	+?

wuhuhuhuunguut	+?

arat	+?

aviimeng	+?

atelget	ategh-–leg[one.having.N][N→N][N][Abs][Unpd][Pl]
atelget	ategh-–leg[one.having.N][N→N][N][Rel][Unpd][Pl]
atelget	ategh-–lget[to.have.N][AUG]

------------------------
Tawaten aviilleq Wu-hu-hu-hu-hu-huu piiqut.

tawaten	tawaten

aviilleq	+?

wuhuhuhuhuhuu	+?

piiqut	pi-~(g₁)aqe[to.be.V.ing][to.regularly.or.repeatedly.V][V→V][V][Ind][3Pl]

------------------------
Taagken taaqen'ghata taakut aghveghem teghrughwaaghi sivuyagkun neftegtekayuguut.

taagken	taagken

taaqenghata	+?

taakut	taake[V][Ind][3Pl]

aghveghem	aghvegh[N][Rel][Unpd][Sg]

teghrughwaaghi	+?

sivuyagkun	+?

neftegtekayuguut	+?

------------------------
Iikluki naten iqetutkiita, mangtagtuumiita kiwavek naterugllak tagkiita mangtagi.

iikluki	+?

naten	naten

iqetutkiita	+?

mangtagtuumiita	+?

kiwavek	kiwavek

naterugllak	+?

tagkiita	+?

mangtagi	+?

------------------------
Neftegtaqus tawaten.

neftegtaqus	+?

tawaten	tawaten

------------------------
Taakut teghrughaaghet taagken qaltaaghwaam meghaneng kuufqaghtaghtaqiit sivukluki.

taakut	taake[V][Ind][3Pl]

teghrughaaghet	+?

taagken	taagken

qaltaaghwaam	+?

meghaneng	megh[N][Abl_Mod][3SgPoss][SgPosd]
meghaneng	megh[N][Abl_Mod][3SgPoss][PlPosd]

kuufqaghtaghtaqiit	+?

sivukluki	+?

------------------------


------------------------
Teghrughaaghet vegham iqukii, iimqaghlluteng ayuqelghiit.

teghrughaaghet	+?

vegham	+?

iqukii	+?

iimqaghlluteng	+?

ayuqelghiit	+?

------------------------
Viistun ayuqelghiit.

viistun	+?

ayuqelghiit	+?

------------------------
Teghrughaaghus taakut. 

teghrughaaghus	+?

taakut	taake[V][Ind][3Pl]

------------------------


------------------------
Qaltaaghwaam meghaneng kuufqaqaghaqiit sivukluki enkaam taakut tuunaqiit.  

qaltaaghwaam	+?

meghaneng	megh[N][Abl_Mod][3SgPoss][SgPosd]
meghaneng	megh[N][Abl_Mod][3SgPoss][PlPosd]

kuufqaqaghaqiit	+?

sivukluki	+?

enkaam	enkaam

taakut	taake[V][Ind][3Pl]

tuunaqiit	tuune-~(g₁)aqe[to.be.V.ing][to.regularly.or.repeatedly.V][V→V]-~i[SBJ.V-ed.something][V→V][V][Intrg][3Pl]
tuunaqiit	tuune-~(g₁)aqe[to.be.V.ing][to.regularly.or.repeatedly.V][V→V]-~i[SBJ.V-ed.something][V→V][V][Ind][3Pl]
tuunaqiit	tuune-~(g₁)aqe[to.be.V.ing][to.regularly.or.repeatedly.V][V→V][V][Ind][3Pl][3Pl]
tuunaqiit	tuune-~(g₁)aqe[to.be.V.ing][to.regularly.or.repeatedly.V][V→V][V][Ind][3Du][3Sg]

------------------------


------------------------
Sivuyagtet sivukluteng nunivagmeng, mangtaggaghmeng piluten, meqaghluteng, kingulighhaghnun, iwerngaqun angyalegmun.  

sivuyagtet	+?

sivukluteng	+?

nunivagmeng	nunivag[N][Rel][4DuPoss][SgPosd]
nunivagmeng	nunivag[N][Rel][4DuPoss][PlPosd]
nunivagmeng	nunivag[N][Rel][4PlPoss][SgPosd]
nunivagmeng	nunivag[N][Rel][4PlPoss][PlPosd]
nunivagmeng	nunivag[N][Abl_Mod][Unpd][Sg]

mangtaggaghmeng	+?

piluten	pi-~:(u)te[to.V.for.or.with][to.cause.to.V.as.one.is.V-ing][to.V.toward.each.other][V→V][V][Sbrd][1Du][2Sg]
piluten	pi-~:(u)te[to.V.for.or.with][to.cause.to.V.as.one.is.V-ing][to.V.toward.each.other][V→V][V][Sbrd][1Pl][2Sg]
piluten	pi-~:(u)te[to.V.for.or.with][to.cause.to.V.as.one.is.V-ing][to.V.toward.each.other][V→V][V][Sbrd][1Sg][2Sg]
piluten	pi-~:(u)te[to.V.for.or.with][to.cause.to.V.as.one.is.V-ing][to.V.toward.each.other][V→V][V][Sbrd][2Sg]
piluten	pi-~:(u)te[to.V.for.or.with][to.cause.to.V.as.one.is.V-ing][to.V.toward.each.other][V→V][V][Sbrd][3Du][2Sg]
piluten	pi-~:(u)te[to.V.for.or.with][to.cause.to.V.as.one.is.V-ing][to.V.toward.each.other][V→V][V][Sbrd][3Pl][2Sg]
piluten	pi-~:(u)te[to.V.for.or.with][to.cause.to.V.as.one.is.V-ing][to.V.toward.each.other][V→V][V][Sbrd][3Sg][2Sg]
piluten	pi-~:(u)te[SBJ.V-ed.something][V→V][V][Sbrd][2Sg]
piluten	pi[V][Sbrd][1Du][2Sg]
piluten	pi[V][Sbrd][1Pl][2Sg]
piluten	pi[V][Sbrd][1Sg][2Sg]
piluten	pi[V][Sbrd][2Sg]
piluten	pi[V][Sbrd][3Du][2Sg]
piluten	pi[V][Sbrd][3Pl][2Sg]
piluten	pi[V][Sbrd][3Sg][2Sg]

meqaghluteng	+?

kingulighhaghnun	+?

iwerngaqun	+?

angyalegmun	angyagh-–leg[one.having.N][N→N][N][Ter][Unpd][Sg]

------------------------


------------------------
Enkaam taaqen'ghata, puuskaatet aghnam ighungita akulangiikun aghvequtaqiit.

enkaam	enkaam

taaqenghata	+?

puuskaatet	puu-te[to.catch.N][to.go.to.N][N→V]-@₂~fkau[to.have.V-ed][to.have.been.V-ed][V→V]-~:(u)te[condition.with.respect.to.V-ing][V→N][N][Abs][Unpd][Pl]
puuskaatet	puu-te[to.catch.N][to.go.to.N][N→V]-@₂~fkau[to.have.V-ed][to.have.been.V-ed][V→V]-~:(u)te[condition.with.respect.to.V-ing][V→N][N][Rel][Unpd][Pl]

aghnam	aghnagh[N][Rel][Unpd][Sg]

ighungita	+?

akulangiikun	+?

aghvequtaqiit	aghvegh-~–ke[to.have.as.one's.N(s)][N→V]-~:(u)te[to.V.for.or.with][to.cause.to.V.as.one.is.V-ing][to.V.toward.each.other][V→V]-~(g₁)aqe[to.be.V.ing][to.regularly.or.repeatedly.V][V→V]-~i[SBJ.V-ed.something][V→V][V][Intrg][3Pl]
aghvequtaqiit	aghvegh-~–ke[to.have.as.one's.N(s)][N→V]-~:(u)te[to.V.for.or.with][to.cause.to.V.as.one.is.V-ing][to.V.toward.each.other][V→V]-~(g₁)aqe[to.be.V.ing][to.regularly.or.repeatedly.V][V→V]-~i[SBJ.V-ed.something][V→V][V][Ind][3Pl]
aghvequtaqiit	aghvegh-~–ke[to.have.as.one's.N(s)][N→V]-~:(u)te[SBJ.V-ed.something][V→V]-~(g₁)aqe[to.be.V.ing][to.regularly.or.repeatedly.V][V→V]-~i[SBJ.V-ed.something][V→V][V][Intrg][3Pl]
aghvequtaqiit	aghvegh-~–ke[to.have.as.one's.N(s)][N→V]-~:(u)te[SBJ.V-ed.something][V→V]-~(g₁)aqe[to.be.V.ing][to.regularly.or.repeatedly.V][V→V]-~i[SBJ.V-ed.something][V→V][V][Ind][3Pl]

------------------------
Tawaten whangallu pikanga estamaneng.

tawaten	tawaten

whangallu	+?

pikanga	pi-@*@₂~sf–(g₂)k(a)e[the.one.that.possessor.V-ed][V→N][N][Abs][3SgPoss][SgPosd]
pikanga	pi[V][Ptcp][3Sg][3Sg]
pikanga	pi[V][Cond][3Sg][1Sg]

estamaneng	+?

------------------------
Piighaataqaagunga.

piighaataqaagunga	+?

------------------------


------------------------
Puygulaataamaaqa whangkuta sivukluku pilleghpus taana.

puygulaataamaaqa	puygu-@₁~laatagh[to.V.anyway][despite.everything.to.still.V][V→V]-@₁~:(i/u)ma[to.have.V-ed][to.have.been.V-ed][V→V]-~(g₁)aqe[to.be.V.ing][to.regularly.or.repeatedly.V][V→V][V][Intrg][3Sg]
puygulaataamaaqa	puygu-~:(u)te[to.V.for.or.with][to.cause.to.V.as.one.is.V-ing][to.V.toward.each.other][V→V]-@₁~laatagh[to.V.anyway][despite.everything.to.still.V][V→V]-@₁~:(i/u)ma[to.have.V-ed][to.have.been.V-ed][V→V]-~(g₁)aqe[to.be.V.ing][to.regularly.or.repeatedly.V][V→V][V][Intrg][3Sg]
puygulaataamaaqa	puygu-~:(u)te[SBJ.V-ed.something][V→V]-@₁~laatagh[to.V.anyway][despite.everything.to.still.V][V→V]-@₁~:(i/u)ma[to.have.V-ed][to.have.been.V-ed][V→V]-~(g₁)aqe[to.be.V.ing][to.regularly.or.repeatedly.V][V→V][V][Intrg][3Sg]

whangkuta	whangkuta

sivukluku	+?

pilleghpus	+?

taana	taana

------------------------
Aghnas tagilaghaataqelghiit ilagaghyaghtut.

aghnas	+?

tagilaghaataqelghiit	+?

ilagaghyaghtut	ilagagh-@₁~fyagh[to.go.V-ing][to.V.in.vain][V→V][V][Ind][3Pl]
ilagaghyaghtut	ilagagh-@₁~fyagh[to.go.V-ing][to.V.in.vain][V→V]-te[to.act.on.so.as.to.cause.to.V][V→V][V][Ind][3Pl]

------------------------
Ivit, iviighun'ghilnguut.

ivit	+?

iviighunghilnguut	+?

------------------------
Ivinguut aghnat aqumuulluteng.

ivinguut	+?

aghnat	aghnagh[N][Abs][Unpd][Pl]
aghnat	aghnagh[N][Rel][Unpd][Pl]

aqumuulluteng	+?

------------------------
Aqumutiighluki aquutam taam kelukaghaakun.

aqumutiighluki	+?

aquutam	+?

taam	+?

kelukaghaakun	+?

------------------------
Taam angyalgem nulighhan atghaghnaqelghiini ilagaatmeng aanqutilluki unitaqii enkaam taakut kingungitneng ilagaghaqut.

taam	+?

angyalgem	angyagh-–leg[one.having.N][N→N][N][Rel][Unpd][Sg]

nulighhan	nulighh[N][Rel][3SgPoss][SgPosd]
nulighhan	nulighh[N][Rel][3SgPoss][PlPosd]

atghaghnaqelghiini	atghagh-@₁~fnaqe[to.be.going.to.V][V→V]-@₁–lghii[the.one.that.V-ed][the.one.that.is.V][V→N][N][Abs][4SgPoss][SgPosd]
atghaghnaqelghiini	atghagh-@₁~fnaqe[to.be.going.to.V][V→V]-@₁–lghii[the.one.that.V-ed][the.one.that.is.V][V→N][N][Abs][4SgPoss][PlPosd]
atghaghnaqelghiini	atghagh-@₁~fnaqe[to.be.going.to.V][V→V]-@₁–lghii[the.one.that.V-ed][the.one.that.is.V][V→N][N][Loc][Unpd][Pl]
atghaghnaqelghiini	atghagh-@₁~fnaqe[to.be.going.to.V][V→V]-–lghiini[when.one.is.V-ing][among.those.V-ing]

ilagaatmeng	ilagagh-~:(u)te[condition.with.respect.to.V-ing][V→N][N][Rel][4DuPoss][SgPosd]
ilagaatmeng	ilagagh-~:(u)te[condition.with.respect.to.V-ing][V→N][N][Rel][4DuPoss][PlPosd]
ilagaatmeng	ilagagh-~:(u)te[condition.with.respect.to.V-ing][V→N][N][Rel][4PlPoss][SgPosd]
ilagaatmeng	ilagagh-~:(u)te[condition.with.respect.to.V-ing][V→N][N][Rel][4PlPoss][PlPosd]
ilagaatmeng	ilagagh-~:(u)te[condition.with.respect.to.V-ing][V→N][N][Abl_Mod][Unpd][Sg]

aanqutilluki	+?

unitaqii	+?

enkaam	enkaam

taakut	taake[V][Ind][3Pl]

kingungitneng	+?

ilagaghaqut	ilagagh-~(g₁)aqe[to.be.V.ing][to.regularly.or.repeatedly.V][V→V][V][Ind][3Pl]

------------------------


------------------------
Nunanipigtuut ilagaatet iglakgalek.

nunanipigtuut	+?

ilagaatet	ilagagh-~:(u)te[condition.with.respect.to.V-ing][V→N][N][Abs][Unpd][Pl]
ilagaatet	ilagagh-~:(u)te[condition.with.respect.to.V-ing][V→N][N][Rel][Unpd][Pl]

iglakgalek	+?

------------------------
Nallukanka ilagaatet, liisimangitanka ivis tamaakut.

nallukanka	nalluke[V][Ind][1Sg][3Pl]

ilagaatet	ilagagh-~:(u)te[condition.with.respect.to.V-ing][V→N][N][Abs][Unpd][Pl]
ilagaatet	ilagagh-~:(u)te[condition.with.respect.to.V-ing][V→N][N][Rel][Unpd][Pl]

liisimangitanka	+?

ivis	+?

tamaakut	+?

------------------------
Iggwaninginaat ivaaghulluuget.

iggwaninginaat	+?

ivaaghulluuget	+?

------------------------


------------------------
Enkaam apeghiighluteng tawaten taglan'ghata, angyat usingighluki sayugluki kelevaghluki.

enkaam	enkaam

apeghiighluteng	apeghiigh[V][Sbrd][3Pl]

tawaten	tawaten

taglanghata	+?

angyat	angyagh[N][Abs][Unpd][Pl]
angyat	angyagh[N][Rel][Unpd][Pl]

usingighluki	+?

sayugluki	sa-@₁~fyug[to.want.to.V][V→V][V][Sbrd][1Du][3Pl]
sayugluki	sa-@₁~fyug[to.want.to.V][V→V][V][Sbrd][1Pl][3Pl]
sayugluki	sa-@₁~fyug[to.want.to.V][V→V][V][Sbrd][1Sg][3Pl]
sayugluki	sa-@₁~fyug[to.want.to.V][V→V][V][Sbrd][2Du][3Pl]
sayugluki	sa-@₁~fyug[to.want.to.V][V→V][V][Sbrd][2Pl][3Pl]
sayugluki	sa-@₁~fyug[to.want.to.V][V→V][V][Sbrd][2Sg][3Pl]
sayugluki	sa-@₁~fyug[to.want.to.V][V→V][V][Sbrd][3Du][3Pl]
sayugluki	sa-@₁~fyug[to.want.to.V][V→V][V][Sbrd][3Pl][3Pl]
sayugluki	sa-@₁~fyug[to.want.to.V][V→V][V][Sbrd][3Sg][3Pl]
sayugluki	sa-~:(u)te[to.V.for.or.with][to.cause.to.V.as.one.is.V-ing][to.V.toward.each.other][V→V]-@₁~fyug[to.want.to.V][V→V][V][Sbrd][1Du][3Pl]
sayugluki	sa-~:(u)te[to.V.for.or.with][to.cause.to.V.as.one.is.V-ing][to.V.toward.each.other][V→V]-@₁~fyug[to.want.to.V][V→V][V][Sbrd][1Pl][3Pl]
sayugluki	sa-~:(u)te[to.V.for.or.with][to.cause.to.V.as.one.is.V-ing][to.V.toward.each.other][V→V]-@₁~fyug[to.want.to.V][V→V][V][Sbrd][1Sg][3Pl]
sayugluki	sa-~:(u)te[to.V.for.or.with][to.cause.to.V.as.one.is.V-ing][to.V.toward.each.other][V→V]-@₁~fyug[to.want.to.V][V→V][V][Sbrd][2Du][3Pl]
sayugluki	sa-~:(u)te[to.V.for.or.with][to.cause.to.V.as.one.is.V-ing][to.V.toward.each.other][V→V]-@₁~fyug[to.want.to.V][V→V][V][Sbrd][2Pl][3Pl]
sayugluki	sa-~:(u)te[to.V.for.or.with][to.cause.to.V.as.one.is.V-ing][to.V.toward.each.other][V→V]-@₁~fyug[to.want.to.V][V→V][V][Sbrd][2Sg][3Pl]
sayugluki	sa-~:(u)te[to.V.for.or.with][to.cause.to.V.as.one.is.V-ing][to.V.toward.each.other][V→V]-@₁~fyug[to.want.to.V][V→V][V][Sbrd][3Du][3Pl]
sayugluki	sa-~:(u)te[to.V.for.or.with][to.cause.to.V.as.one.is.V-ing][to.V.toward.each.other][V→V]-@₁~fyug[to.want.to.V][V→V][V][Sbrd][3Pl][3Pl]
sayugluki	sa-~:(u)te[to.V.for.or.with][to.cause.to.V.as.one.is.V-ing][to.V.toward.each.other][V→V]-@₁~fyug[to.want.to.V][V→V][V][Sbrd][3Sg][3Pl]

kelevaghluki	+?

------------------------
Tamaana angaghqughluku qamestaq, suqaan inglungi manughamun.

tamaana	+?

angaghqughluku	+?

qamestaq	+?

suqaan	+?

inglungi	+?

manughamun	+?

------------------------
Ivighllakayuguluki.

ivighllakayuguluki	+?

------------------------
Nunanipigtus tamaakut ivit.

nunanipigtus	+?

tamaakut	+?

ivit	+?

------------------------
Enkaangam angaghquullghii yuuk esghapalghiini nunmaaggaq, ilangi qamumeng ayuqelghiit.

enkaangam	+?

angaghquullghii	+?

yuuk	yug[N][Abs][Sg]

esghapalghiini	+?

nunmaaggaq	+?

ilangi	ila[N][Abs][3SgPoss][PlPosd]

qamumeng	+?

ayuqelghiit	+?

------------------------
Nunmaaggaq mangteghameggnun aglaqestaghaqut ilagalghiineng nagasimaghmeng.

nunmaaggaq	+?

mangteghameggnun	mangteghagh[N][Ter][4PlPoss][PlPosd]
mangteghameggnun	mangteghagh[N][Ter][4PlPoss][SgPosd]

aglaqestaghaqut	+?

ilagalghiineng	ilagagh-@₁–lghii[the.one.that.V-ed][the.one.that.is.V][V→N][N][Abl_Mod][Unpd][Pl]

nagasimaghmeng	nagate-@₁~:(i/u)magh*[while.V-ing][V→V][Quant_Qual][4Pl]

------------------------
Iglakegtepiglleghhiitlu, aghnaghpaget tamaakut ima mekelghiighhaatemmneng.

iglakegtepiglleghhiitlu	+?

aghnaghpaget	+?

tamaakut	+?

ima	ima

mekelghiighhaatemmneng	+?

------------------------


------------------------
Taana Quwaaren aghvengegkayuk kiyang upen'ghaatanga.

taana	taana

quwaaren	+?

aghvengegkayuk	+?

kiyang	+?

upenghaatanga	+?

------------------------
Nagatkanga tamaaken.

nagatkanga	nagate-@*@₂~sf–(g₂)k(a)e[the.one.that.possessor.V-ed][V→N][N][Abs][3SgPoss][SgPosd]
nagatkanga	nagate[V][Ptcp][3Sg][3Sg]
nagatkanga	nagate[V][Cond][3Sg][1Sg]

tamaaken	+?

------------------------
Quwaaren Pusaankut atangat.

quwaaren	+?

pusaankut	+?

atangat	ata[N][Abs][3PlPoss][SgPosd]

------------------------
Ataatakluku whanga ayuqaqa.

ataatakluku	+?

whanga	whanga

ayuqaqa	+?

------------------------
Aghvengneghtuqaq upon'ghaatanga kiyang.

aghvengneghtuqaq	+?

uponghaatanga	+?

kiyang	+?

------------------------
Enkaam nagallghiinga, esghapakanga tamaaken ima mekelghiighhaatemneng, whangkunneng piyaaghllemnnun tawaten.

enkaam	enkaam

nagallghiinga	nagate-@₁–lghii[the.one.that.V-ed][the.one.that.is.V][V→N][N][Abs][3SgPoss][SgPosd]
nagallghiinga	nagate[V][Opt][FUT][1Sg]
nagallghiinga	nagate[V][Ptcp][1Sg]

esghapakanga	+?

tamaaken	+?

ima	ima

mekelghiighhaatemneng	mekelghiigh-–ghhagh*[dear.N][N→N]-~:(ng₁)u[to.be.N][N→V]-~:(u)te[condition.with.respect.to.V-ing][V→N][N][Abl_Mod][1SgPoss][PlPosd]
mekelghiighhaatemneng	mekelghiigh-–ghhagh*[dear.N][N→N]-~:(ng₁)u[to.be.N][N→V]-~:(u)te[condition.with.respect.to.V-ing][V→N][N][Abl_Mod][1SgPoss][SgPosd]

whangkunneng	+?

piyaaghllemnnun	+?

tawaten	tawaten

------------------------


------------------------
Aghnaghpaget iglakegtaghhalek.

aghnaghpaget	+?

iglakegtaghhalek	+?

------------------------
Enkaam taaqaqut angaghquneghmeng, apeghiinghata enkaam taagken enraq angyalgem tugukamineng suqaghmeng, kiyang aghnat piiqelghiit, inpiqughaqiit suqaghmeng.

enkaam	enkaam

taaqaqut	taaqe-~(g₁)aqe[to.be.V.ing][to.regularly.or.repeatedly.V][V→V][V][Ind][3Pl]

angaghquneghmeng	+?

apeghiinghata	+?

enkaam	enkaam

taagken	taagken

enraq	+?

angyalgem	angyagh-–leg[one.having.N][N→N][N][Rel][Unpd][Sg]

tugukamineng	+?

suqaghmeng	+?

kiyang	+?

aghnat	aghnagh[N][Abs][Unpd][Pl]
aghnat	aghnagh[N][Rel][Unpd][Pl]

piiqelghiit	pi-~(g₁)aqe[to.be.V.ing][to.regularly.or.repeatedly.V][V→V]-@₁–lghii[the.one.that.V-ed][the.one.that.is.V][V→N][N][Abs][Unpd][Pl]
piiqelghiit	pi-~(g₁)aqe[to.be.V.ing][to.regularly.or.repeatedly.V][V→V]-@₁–lghii[the.one.that.V-ed][the.one.that.is.V][V→N][N][Rel][Unpd][Pl]
piiqelghiit	pi-~(g₁)aqe[to.be.V.ing][to.regularly.or.repeatedly.V][V→V][V][Ptcp][3Pl]

inpiqughaqiit	+?

suqaghmeng	+?

------------------------
Enkaam inpiquneghmeng apeghiineghmegteki, enraghngam angyam yugi nengiitestaqiit.

enkaam	enkaam

inpiquneghmeng	+?

apeghiineghmegteki	apeghiigh[V][Ctmp][4Pl][3Pl]

enraghngam	+?

angyam	angyagh[N][Rel][Unpd][Sg]

yugi	yug[N][Abs][3SgPoss][PlPosd]

nengiitestaqiit	+?

------------------------


------------------------
Tamaana qamestaq, aghveghem llaagi, tallim nuvukrugi, vegham nuvukrugi, qengii, iiyngi, iiyngi ukut iyighpigaat iikluki, qaltaaghwagnun kanaghlluki petukayuguut.

tamaana	+?

qamestaq	+?

aghveghem	aghvegh[N][Rel][Unpd][Sg]

llaagi	+?

tallim	talligh[N][Rel][Unpd][Sg]

nuvukrugi	+?

vegham	+?

nuvukrugi	+?

qengii	qengagh-~:(ng₁)u[to.be.N][N→V]-~i[SBJ.V-ed.something][V→V]-~i[SBJ.V-ed.something][V→V]-~i[SBJ.V-ed.something][V→V]-~i[SBJ.V-ed.something][V→V]-~i[SBJ.V-ed.something][V→V][V][Opt][PRS][2Sg]
qengii	qengagh-~:(ng₁)u[to.be.N][N→V]-~i[SBJ.V-ed.something][V→V]-~i[SBJ.V-ed.something][V→V]-~i[SBJ.V-ed.something][V→V]-~i[SBJ.V-ed.something][V→V][V][Opt][PRS][2Sg]
qengii	qengagh-~:(ng₁)u[to.be.N][N→V]-~i[SBJ.V-ed.something][V→V]-~i[SBJ.V-ed.something][V→V]-~i[SBJ.V-ed.something][V→V][V][Opt][PRS][2Sg]
qengii	qengagh-~:(ng₁)u[to.be.N][N→V]-~i[SBJ.V-ed.something][V→V]-~i[SBJ.V-ed.something][V→V][V][Opt][PRS][2Sg]
qengii	qengagh-~:(ng₁)u[to.be.N][N→V]-~i[SBJ.V-ed.something][V→V][V][Opt][PRS][2Sg]
qengii	qengagh[N][Abs][3SgPoss][PlPosd]

iiyngi	iye[N][Abs][3SgPoss][PlPosd]

iiyngi	iye[N][Abs][3SgPoss][PlPosd]

ukut	ukut

iyighpigaat	+?

iikluki	+?

qaltaaghwagnun	+?

kanaghlluki	+?

petukayuguut	+?

------------------------


------------------------
Taakut qamestat, taakutlu llaaget uyvasaghqenneghmeng apeghiighaqegkangit.

taakut	taake[V][Ind][3Pl]

qamestat	+?

taakutlu	+?

llaaget	+?

uyvasaghqenneghmeng	+?

apeghiighaqegkangit	apeghiigh-~(g₁)aqe[to.be.V.ing][to.regularly.or.repeatedly.V][V→V]-@*@₂~sf–(g₂)k(a)e[the.one.that.possessor.V-ed][V→N][N][Abs][3PlPoss][PlPosd]
apeghiighaqegkangit	apeghiigh-~(g₁)aqe[to.be.V.ing][to.regularly.or.repeatedly.V][V→V][V][Ptcp][3Du][3Sg]
apeghiighaqegkangit	apeghiigh-~(g₁)aqe[to.be.V.ing][to.regularly.or.repeatedly.V][V→V][V][Ptcp][3Pl][3Pl]

------------------------
Nekeglluki tawaten taakut eghqwaaghaqelghiit, enkaam taaqen'ghata qamestii taakut siqlugamun angaghqughaqut, kanaghqughaaqut siglugaghmiigaqut.

nekeglluki	+?

tawaten	tawaten

taakut	taake[V][Ind][3Pl]

eghqwaaghaqelghiit	+?

enkaam	enkaam

taaqenghata	+?

qamestii	+?

taakut	taake[V][Ind][3Pl]

siqlugamun	siqlugagh[N][Ter][Unpd][Sg]

angaghqughaqut	+?

kanaghqughaaqut	+?

siglugaghmiigaqut	+?

------------------------


------------------------
Enkaam teghrughwaaghes taakut aghveghaqetakun petuwaqiit.

enkaam	enkaam

teghrughwaaghes	+?

taakut	taake[V][Ind][3Pl]

aghveghaqetakun	+?

petuwaqiit	+?

------------------------
Awataghpages taakut mangtegham sivulighneghakun pingayuwaaqelghiit, petugaqiit.  

awataghpages	+?

taakut	taake[V][Ind][3Pl]

mangtegham	mangteghagh[N][Rel][Unpd][Sg]

sivulighneghakun	+?

pingayuwaaqelghiit	+?

petugaqiit	+?

------------------------


------------------------
Elqiighetlu mataghlluki taakut apeghiighaqelghiit, aghin'ghwaaghnun nefteghquqayuk.

elqiighetlu	+?

mataghlluki	+?

taakut	taake[V][Ind][3Pl]

apeghiighaqelghiit	apeghiigh-~(g₁)aqe[to.be.V.ing][to.regularly.or.repeatedly.V][V→V]-@₁–lghii[the.one.that.V-ed][the.one.that.is.V][V→N][N][Abs][Unpd][Pl]
apeghiighaqelghiit	apeghiigh-~(g₁)aqe[to.be.V.ing][to.regularly.or.repeatedly.V][V→V]-@₁–lghii[the.one.that.V-ed][the.one.that.is.V][V→N][N][Rel][Unpd][Pl]
apeghiighaqelghiit	apeghiigh-~(g₁)aqe[to.be.V.ing][to.regularly.or.repeatedly.V][V→V][V][Ptcp][3Pl]

aghinghwaaghnun	+?

nefteghquqayuk	+?

------------------------
Kelqutaaghet quunpeng aghin'ghwaaghnun elqiighet.  

kelqutaaghet	+?

quunpeng	quunpeng

aghinghwaaghnun	+?

elqiighet	+?

------------------------


------------------------
Atungaget ukagun nasquughutet amyutlegell yukutataqelghiit.

atungaget	+?

ukagun	ukagun

nasquughutet	+?

amyutlegell	+?

yukutataqelghiit	yug-~–ke[to.have.as.one's.N(s)][N→V]-~:(u)ta[condition.with.respect.to.V-ing][V→N]-te[to.catch.N][to.go.to.N][N→V]-~(g₁)aqe[to.be.V.ing][to.regularly.or.repeatedly.V][V→V]-@₁–lghii[the.one.that.V-ed][the.one.that.is.V][V→N][N][Abs][Unpd][Pl]
yukutataqelghiit	yug-~–ke[to.have.as.one's.N(s)][N→V]-~:(u)ta[condition.with.respect.to.V-ing][V→N]-te[to.catch.N][to.go.to.N][N→V]-~(g₁)aqe[to.be.V.ing][to.regularly.or.repeatedly.V][V→V]-@₁–lghii[the.one.that.V-ed][the.one.that.is.V][V→N][N][Rel][Unpd][Pl]
yukutataqelghiit	yug-~–ke[to.have.as.one's.N(s)][N→V]-~:(u)ta[condition.with.respect.to.V-ing][V→N]-te[to.catch.N][to.go.to.N][N→V]-~(g₁)aqe[to.be.V.ing][to.regularly.or.repeatedly.V][V→V][V][Ptcp][3Pl]

------------------------
Kineneghmeggni ukum pingi terghwaaghunneghtupigtut, tukruugtaqegkangi.

kineneghmeggni	+?

ukum	+?

pingi	pi[N][Abs][3SgPoss][PlPosd]

terghwaaghunneghtupigtut	+?

tukruugtaqegkangi	+?

------------------------


------------------------
Enkaam ighivgan'ghani eghqwaaghem ilagaatangi taakut ivaghulluget atughaqiit.

enkaam	enkaam

ighivganghani	+?

eghqwaaghem	+?

ilagaatangi	ilagagh-~:(u)ta[condition.with.respect.to.V-ing][V→N][N][Abs][3SgPoss][PlPosd]

taakut	taake[V][Ind][3Pl]

ivaghulluget	+?

atughaqiit	atugh-~(g₁)aqe[to.be.V.ing][to.regularly.or.repeatedly.V][V→V]-~i[SBJ.V-ed.something][V→V][V][Intrg][3Pl]
atughaqiit	atugh-~(g₁)aqe[to.be.V.ing][to.regularly.or.repeatedly.V][V→V]-~i[SBJ.V-ed.something][V→V][V][Ind][3Pl]
atughaqiit	atugh-~(g₁)aqe[to.be.V.ing][to.regularly.or.repeatedly.V][V→V][V][Ind][3Pl][3Pl]
atughaqiit	atugh-~(g₁)aqe[to.be.V.ing][to.regularly.or.repeatedly.V][V→V][V][Ind][3Du][3Sg]

------------------------
Ilagaghaqut angyalget taakut.

ilagaghaqut	ilagagh-~(g₁)aqe[to.be.V.ing][to.regularly.or.repeatedly.V][V→V][V][Ind][3Pl]

angyalget	angyagh-–leg[one.having.N][N→N][N][Abs][Unpd][Pl]
angyalget	angyagh-–leg[one.having.N][N→N][N][Rel][Unpd][Pl]
angyalget	angyagh-–lget[to.have.N][AUG]

taakut	taake[V][Ind][3Pl]

------------------------
Ivaghullugmeng atelget.

ivaghullugmeng	+?

atelget	ategh-–leg[one.having.N][N→N][N][Abs][Unpd][Pl]
atelget	ategh-–leg[one.having.N][N→N][N][Rel][Unpd][Pl]
atelget	ategh-–lget[to.have.N][AUG]

------------------------
Qafsinat liitkaqanka ilagaatet.

qafsinat	qafsina[N][Abs][Unpd][Pl]
qafsinat	qafsina[N][Rel][Unpd][Pl]

liitkaqanka	+?

ilagaatet	ilagagh-~:(u)te[condition.with.respect.to.V-ing][V→N][N][Abs][Unpd][Pl]
ilagaatet	ilagagh-~:(u)te[condition.with.respect.to.V-ing][V→N][N][Rel][Unpd][Pl]

------------------------


------------------------
Elngaatall repall tusaqnapangunatengllu nanglleggsim angtalanganeng.

elngaatall	elngaatall

repall	repall[N][Abs][Unpd][Sg]

tusaqnapangunatengllu	+?

nanglleggsim	+?

angtalanganeng	+?

------------------------
Wata eghqwaalleghmi tawani nangllegnaghsapiglluteng ilaganeghmeggni iglateng qughaghteghllagluki piiqegkangit.

wata	+?

eghqwaalleghmi	+?

tawani	tawani

nangllegnaghsapiglluteng	+?

ilaganeghmeggni	ilagagh-@₁–negh[the.act.or.activity.of.V-ing][V→N][N][Loc][4PlPoss][SgPosd]
ilaganeghmeggni	ilagagh-@₁–negh[the.act.or.activity.of.V-ing][V→N][N][Loc][4PlPoss][PlPosd]

iglateng	+?

qughaghteghllagluki	+?

piiqegkangit	pi-~(g₁)aqe[to.be.V.ing][to.regularly.or.repeatedly.V][V→V]-@*@₂~sf–(g₂)k(a)e[the.one.that.possessor.V-ed][V→N][N][Abs][3PlPoss][PlPosd]
piiqegkangit	pi-~(g₁)aqe[to.be.V.ing][to.regularly.or.repeatedly.V][V→V][V][Ptcp][3Du][3Sg]
piiqegkangit	pi-~(g₁)aqe[to.be.V.ing][to.regularly.or.repeatedly.V][V→V][V][Ptcp][3Pl][3Pl]

------------------------
Nanglleggsim angtalanganeng Kiyaghneghmun.

nanglleggsim	+?

angtalanganeng	+?

kiyaghneghmun	+?

------------------------


------------------------
Eghqwaaq taana tanqimun pingun'ghilnguq Kiyaghneghmun.

eghqwaaq	+?

taana	taana

tanqimun	tanqigh[N][Ter][Unpd][Sg]

pingunghilnguq	pi-~:(ng₁)u[to.be.N][N→V]-@₁–nghite**[to.not.V][V→V]-@*ngugh*[the.one.that.V-ed][the.one.that.is.V][V→N][N][Abs][Unpd][Sg]
pingunghilnguq	pi-~:(ng₁)u[to.be.N][N→V]-@₁–nghite**[to.not.V][V→V][V][Ptcp][3Sg]
pingunghilnguq	pi-~:(ng₁)u[to.be.N][N→V]-@₁–nghite**[to.not.V][V→V][V][Ptcp][3Du]

kiyaghneghmun	+?

------------------------
Kagpagaalghii sivukluku tuunegkayugulghii.

kagpagaalghii	+?

sivukluku	+?

tuunegkayugulghii	+?

------------------------
Aghveghmun tawavek nanglleggsiisiq.

aghveghmun	aghvegh[N][Ter][Unpd][Sg]

tawavek	+?

nanglleggsiisiq	+?

------------------------
Qerngughtisiq taana, kiyang aghveq taana angellghulghii unaknaqsaghqaq.

qerngughtisiq	+?

taana	taana

kiyang	+?

aghveq	aghvegh[N][Abs][Unpd][Sg]

taana	taana

angellghulghii	+?

unaknaqsaghqaq	+?

------------------------
Taakut amalka Kiyaghneghmun aflengakaqegkangit tunusaaluki tukfiisiiluki.

taakut	taake[V][Ind][3Pl]

amalka	+?

kiyaghneghmun	+?

aflengakaqegkangit	+?

tunusaaluki	+?

tukfiisiiluki	+?

------------------------
Tawaten uspeqellghi nakaan tanqimun.

tawaten	tawaten

uspeqellghi	+?

nakaan	nakaan

tanqimun	tanqigh[N][Ter][Unpd][Sg]

------------------------


------------------------
Apeghtughistem tanqimun pillghuniluki piiqegkangi.

apeghtughistem	apeghtughiste[N][Rel][Unpd][Sg]

tanqimun	tanqigh[N][Ter][Unpd][Sg]

pillghuniluki	+?

piiqegkangi	pi-~(g₁)aqe[to.be.V.ing][to.regularly.or.repeatedly.V][V→V]-@*@₂~sf–(g₂)k(a)e[the.one.that.possessor.V-ed][V→N][N][Abs][3SgPoss][PlPosd]
piiqegkangi	pi-~(g₁)aqe[to.be.V.ing][to.regularly.or.repeatedly.V][V→V][V][Ptcp][3Sg][3Pl]

------------------------
Moon worship-meng atiqii apeghtughistemta whangkuta.

moon	+?

worshipmeng	+?

atiqii	+?

apeghtughistemta	apeghtughiste[N][Rel][1PlPoss][SgPosd]
apeghtughistemta	apeghtughiste[N][Rel][1PlPoss][PlPosd]

whangkuta	whangkuta

------------------------
Tanqimun pingun'ghilnguut, yupigni Kiyaghneghmun tunusat.

tanqimun	tanqigh[N][Ter][Unpd][Sg]

pingunghilnguut	pi-~:(ng₁)u[to.be.N][N→V]-@₁–nghite**[to.not.V][V→V]-@*ngugh*[the.one.that.V-ed][the.one.that.is.V][V→N][N][Abs][Unpd][Pl]
pingunghilnguut	pi-~:(ng₁)u[to.be.N][N→V]-@₁–nghite**[to.not.V][V→V]-@*ngugh*[the.one.that.V-ed][the.one.that.is.V][V→N][N][Rel][Unpd][Pl]

yupigni	Yupig[N][Loc][Unpd][Pl]

kiyaghneghmun	+?

tunusat	+?

------------------------


------------------------
Tazimakerugllak liisimakegkangat Kiyaghneq taana.

tazimakerugllak	+?

liisimakegkangat	liisimake-@*@₂~sf–(g₂)k(a)e[the.one.that.possessor.V-ed][V→N][N][Abs][3PlPoss][SgPosd]
liisimakegkangat	liisimake[V][Ptcp][3Pl][3Sg]

kiyaghneq	+?

taana	taana

------------------------
Ima sivuliighaghneng yuksuggaaghneng liisimakegkangat repall atiigateftaat ellqughlluku aatghaneng, aangesqem aangtalanganeng.

ima	ima

sivuliighaghneng	+?

yuksuggaaghneng	+?

liisimakegkangat	liisimake-@*@₂~sf–(g₂)k(a)e[the.one.that.possessor.V-ed][V→N][N][Abs][3PlPoss][SgPosd]
liisimakegkangat	liisimake[V][Ptcp][3Pl][3Sg]

repall	repall[N][Abs][Unpd][Sg]

atiigateftaat	atugh-@₁~:(ng₂)igate[to.never.V][to.not.be.V-ing][V→V]-(pete)fte[to.evidently.V][to.have.V-ed][V→V][V][Ind][3Pl][3Sg]

ellqughlluku	+?

aatghaneng	ategh[N][Abl_Mod][3SgPoss][SgPosd]
aatghaneng	ategh[N][Abl_Mod][3SgPoss][PlPosd]

aangesqem	+?

aangtalanganeng	+?

------------------------
Atiipallaaghyaghqaanguq aangeftuq, tallughnaghpetughnguq.

atiipallaaghyaghqaanguq	+?

aangeftuq	aange-(pete)fte[to.evidently.V][to.have.V-ed][V→V][V][Ind][3Sg]

tallughnaghpetughnguq	+?

------------------------
Enkaam apameng atighluku ayuqaat, aangesqem angtaalanganeng.

enkaam	enkaam

apameng	apa[N][Rel][4DuPoss][SgPosd]
apameng	apa[N][Rel][4DuPoss][PlPosd]
apameng	apa[N][Rel][4PlPoss][SgPosd]
apameng	apa[N][Rel][4PlPoss][PlPosd]
apameng	apa[N][Abl_Mod][Unpd][Sg]

atighluku	+?

ayuqaat	+?

aangesqem	+?

angtaalanganeng	+?

------------------------
