Aghveghniighyuwhaallghat Sivungaghmiit 

aghveghniighyuwhaallghat	+?

sivungaghmiit	Sivungagh*-mii[resident.of.N][N→N][N][Abs][Unpd][Pl]
sivungaghmiit	Sivungagh*-mii[resident.of.N][N→N][N][Rel][Unpd][Pl]

------------------------
Qagughmiim Apellgha 

qagughmiim	Qagugh-mii[resident.of.N][N→N][N][Rel][Unpd][Sg]
qagughmiim	qagugh-mii[resident.of.N][N→N][N][Rel][Unpd][Sg]

apellgha	+?

------------------------


------------------------
Pugughileghmi aghveghniighyuwhaalqa ungipaqnaqaqa.

pugughileghmi	Pugughilegh[N][Loc][Unpd][Sg]
pugughileghmi	Pugughilegh[N][Rel][4SgPoss][SgPosd]
pugughileghmi	Pugughilegh[N][Rel][4SgPoss][PlPosd]

aghveghniighyuwhaalqa	+?

ungipaqnaqaqa	ungipagh-~–ke[to.have.as.one's.N(s)][N→V]-te[to.act.on.so.as.to.cause.to.V][V→V]-te[to.act.on.so.as.to.cause.to.V][V→V]-@₁~fnaqe[to.be.going.to.V][V→V]-~(g₁)aqe[to.be.V.ing][to.regularly.or.repeatedly.V][V→V][V][Intr][Intrg][3Sg]
ungipaqnaqaqa	ungipagh-~–ke[to.have.as.one's.N(s)][N→V]-te[to.act.on.so.as.to.cause.to.V][V→V]-@₁~fnaqe[to.be.going.to.V][V→V]-~(g₁)aqe[to.be.V.ing][to.regularly.or.repeatedly.V][V→V][V][Intr][Intrg][3Sg]
ungipaqnaqaqa	ungipagh-~–ke[to.have.as.one's.N(s)][N→V]-@₁~fnaqe[to.be.going.to.V][V→V]-~(g₁)aqe[to.be.V.ing][to.regularly.or.repeatedly.V][V→V][V][Intr][Intrg][3Sg]
ungipaqnaqaqa	Ungipagh-~–ke[to.have.as.one's.N(s)][N→V]-te[to.act.on.so.as.to.cause.to.V][V→V]-te[to.act.on.so.as.to.cause.to.V][V→V]-@₁~fnaqe[to.be.going.to.V][V→V]-~(g₁)aqe[to.be.V.ing][to.regularly.or.repeatedly.V][V→V][V][Intr][Intrg][3Sg]
ungipaqnaqaqa	Ungipagh-~–ke[to.have.as.one's.N(s)][N→V]-te[to.act.on.so.as.to.cause.to.V][V→V]-@₁~fnaqe[to.be.going.to.V][V→V]-~(g₁)aqe[to.be.V.ing][to.regularly.or.repeatedly.V][V→V][V][Intr][Intrg][3Sg]
ungipaqnaqaqa	Ungipagh-~–ke[to.have.as.one's.N(s)][N→V]-@₁~fnaqe[to.be.going.to.V][V→V]-~(g₁)aqe[to.be.V.ing][to.regularly.or.repeatedly.V][V→V][V][Intr][Intrg][3Sg]

------------------------
Aghveghniilleq piinlighyuwhaalqa, tesamani Pitiiq kaviighniiqayuk angayuqiighusimaghmi kaviighniiqayuk elngaatall ellnginaghhaghmi.

aghveghniilleq	+?

piinlighyuwhaalqa	+?

tesamani	+?

pitiiq	pi-~:(u)te[to.V.for.or.with][to.cause.to.V.as.one.is.V-ing][to.V.toward.each.other][V→V]-~i[SBJ.V-ed.something][V→V]-~faagh[one.who.keeps.on.V-ing][AUG]
pitiiq	pi-~:(u)te[to.V.for.or.with][to.cause.to.V.as.one.is.V-ing][to.V.toward.each.other][V→V]-~i[SBJ.V-ed.something][V→V]-~i[SBJ.V-ed.something][V→V]-~faagh[one.who.keeps.on.V-ing][AUG]
pitiiq	pi-~:(u)te[to.V.for.or.with][to.cause.to.V.as.one.is.V-ing][to.V.toward.each.other][V→V]-~i[SBJ.V-ed.something][V→V]-~i[SBJ.V-ed.something][V→V]-~i[SBJ.V-ed.something][V→V]-~faagh[one.who.keeps.on.V-ing][AUG]
pitiiq	pi-~:(u)te[to.V.for.or.with][to.cause.to.V.as.one.is.V-ing][to.V.toward.each.other][V→V]-~i[SBJ.V-ed.something][V→V]-~i[SBJ.V-ed.something][V→V]-~i[SBJ.V-ed.something][V→V]-~i[SBJ.V-ed.something][V→V]-~faagh[one.who.keeps.on.V-ing][AUG]
pitiiq	pi-~:(u)te[to.V.for.or.with][to.cause.to.V.as.one.is.V-ing][to.V.toward.each.other][V→V]-~i[SBJ.V-ed.something][V→V][V][Intr][Ind][3Sg]
pitiiq	pi-~:(u)te[SBJ.V-ed.something][V→V]-~i[SBJ.V-ed.something][V→V]-~faagh[one.who.keeps.on.V-ing][AUG]
pitiiq	pi-~:(u)te[SBJ.V-ed.something][V→V]-~i[SBJ.V-ed.something][V→V]-~i[SBJ.V-ed.something][V→V]-~faagh[one.who.keeps.on.V-ing][AUG]
pitiiq	pi-~:(u)te[SBJ.V-ed.something][V→V]-~i[SBJ.V-ed.something][V→V]-~i[SBJ.V-ed.something][V→V]-~i[SBJ.V-ed.something][V→V]-~faagh[one.who.keeps.on.V-ing][AUG]
pitiiq	pi-~:(u)te[SBJ.V-ed.something][V→V]-~i[SBJ.V-ed.something][V→V]-~i[SBJ.V-ed.something][V→V]-~i[SBJ.V-ed.something][V→V]-~i[SBJ.V-ed.something][V→V]-~faagh[one.who.keeps.on.V-ing][AUG]
pitiiq	pi-~:(u)te[SBJ.V-ed.something][V→V]-~i[SBJ.V-ed.something][V→V][V][Intr][Ind][3Sg]
pitiiq	pi-ti[to.speak.the.language.of.N][N→V]-~faagh[one.who.keeps.on.V-ing][AUG]
pitiiq	pi-ti[to.speak.the.language.of.N][N→V]-~i[SBJ.V-ed.something][V→V]-~faagh[one.who.keeps.on.V-ing][AUG]
pitiiq	pi-ti[to.speak.the.language.of.N][N→V]-~i[SBJ.V-ed.something][V→V]-~i[SBJ.V-ed.something][V→V]-~faagh[one.who.keeps.on.V-ing][AUG]
pitiiq	pi-ti[to.speak.the.language.of.N][N→V]-~i[SBJ.V-ed.something][V→V]-~i[SBJ.V-ed.something][V→V]-~i[SBJ.V-ed.something][V→V]-~faagh[one.who.keeps.on.V-ing][AUG]
pitiiq	pi-ti[to.speak.the.language.of.N][N→V]-~i[SBJ.V-ed.something][V→V]-~i[SBJ.V-ed.something][V→V]-~i[SBJ.V-ed.something][V→V]-~i[SBJ.V-ed.something][V→V]-~faagh[one.who.keeps.on.V-ing][AUG]
pitiiq	pi-ti[to.speak.the.language.of.N][N→V]-~i[SBJ.V-ed.something][V→V]-~i[SBJ.V-ed.something][V→V]-~i[SBJ.V-ed.something][V→V]-~i[SBJ.V-ed.something][V→V]-~i[SBJ.V-ed.something][V→V]-~faagh[one.who.keeps.on.V-ing][AUG]
pitiiq	pi-ti[to.speak.the.language.of.N][N→V][V][Intr][Ind][3Sg]

kaviighniiqayuk	kaviighniigh[to.hunt.for.N][to.search.for.N][to.ask.for.N][to.work.with.N][N→V]-~–kayuk[one.who.is.able.to.V][V→N][N][Abs][Unpd][Sg]

angayuqiighusimaghmi	+?

kaviighniiqayuk	kaviighniigh[to.hunt.for.N][to.search.for.N][to.ask.for.N][to.work.with.N][N→V]-~–kayuk[one.who.is.able.to.V][V→N][N][Abs][Unpd][Sg]

elngaatall	elngaatall

ellnginaghhaghmi	ellnginagh-–ghhagh*[dear.N][N→N][N][Loc][Unpd][Sg]
ellnginaghhaghmi	ellnginagh-–ghhagh*[dear.N][N→N][N][Rel][4SgPoss][SgPosd]
ellnginaghhaghmi	ellnginagh-–ghhagh*[dear.N][N→N][N][Rel][4SgPoss][PlPosd]

------------------------
Taawanginaq angayuqiighulluni ellnginaghhaaghtekaalghii, iitek anengaghhaa, taawanginaq qinuyuwaaghaqelghii.

taawanginaq	taawanginaq

angayuqiighulluni	+?

ellnginaghhaaghtekaalghii	+?

iitek	iiw[N][Abs][2DuPoss][PlPosd]
iitek	iiw[N][Abs][4DuPoss][PlPosd]
iitek	iitek

anengaghhaa	anengagh-–ghhagh*[dear.N][N→N]-~:(ng₁)u[to.be.N][N→V][V][Intr][Opt][PRS][2Sg]
anengaghhaa	anengagh-–ghhagh*[dear.N][N→N][N][Abs][3SgPoss][SgPosd]

taawanginaq	taawanginaq

qinuyuwaaghaqelghii	+?

------------------------


------------------------
Ungipaqaqegkangi tuvam saaghwani, upenghaamllu ilangani tuvaghllagluni tawaten, aghveghet tuvam saaghwani kaaghtaaghaqelghiit esghapagaqegkangi.

ungipaqaqegkangi	ungipagh-~–ke[to.have.as.one's.N(s)][N→V]-~(g₁)aqe[to.be.V.ing][to.regularly.or.repeatedly.V][V→V]-@*@₂~sf–(g₂)k(a)e[the.one.that.possessor.V-ed][V→N][N][Abs][3SgPoss][PlPosd]
ungipaqaqegkangi	Ungipagh-~–ke[to.have.as.one's.N(s)][N→V]-~(g₁)aqe[to.be.V.ing][to.regularly.or.repeatedly.V][V→V]-@*@₂~sf–(g₂)k(a)e[the.one.that.possessor.V-ed][V→N][N][Abs][3SgPoss][PlPosd]

tuvam	tuvagh[N][Rel][Unpd][Sg]

saaghwani	saaghw[N][Loc][3SgPoss][SgPosd]
saaghwani	saaghw[N][Loc][3SgPoss][PlPosd]

upenghaamllu	+?

ilangani	ila[N][Loc][3SgPoss][SgPosd]
ilangani	ila[N][Loc][3SgPoss][PlPosd]
ilangani	ilangani
ilangani	ilangani[N][Abs][Unpd][Sg]

tuvaghllagluni	+?

tawaten	tawaten

aghveghet	aghvegh[N][Abs][Unpd][Pl]
aghveghet	aghvegh[N][Rel][Unpd][Pl]

tuvam	tuvagh[N][Rel][Unpd][Sg]

saaghwani	saaghw[N][Loc][3SgPoss][SgPosd]
saaghwani	saaghw[N][Loc][3SgPoss][PlPosd]

kaaghtaaghaqelghiit	+?

esghapagaqegkangi	+?

------------------------


------------------------
Tawaten tagtalmi sumeghtaghaghlunga elngaatall estuwaaghsimaghmallu, estuwaghmun qepghaghyagusimaghma.

tawaten	tawaten

tagtalmi	tagtalmi

sumeghtaghaghlunga	sumeghtaghagh[V][Intr][Sbrd][1Sg]

elngaatall	elngaatall

estuwaaghsimaghmallu	+?

estuwaghmun	+?

qepghaghyagusimaghma	+?

------------------------
Puuskaatmeng lipeghsaghyugtunga, maalghuk piigka.

puuskaatmeng	puuskaate[N][Rel][4DuPoss][SgPosd]
puuskaatmeng	puuskaate[N][Rel][4DuPoss][PlPosd]
puuskaatmeng	puuskaate[N][Rel][4PlPoss][SgPosd]
puuskaatmeng	puuskaate[N][Rel][4PlPoss][PlPosd]
puuskaatmeng	puuskaate[N][Abl_Mod][Unpd][Sg]
puuskaatmeng	puu-te[to.catch.N][to.go.to.N][N→V]-@₂~fkau[to.have.V-ed][to.have.been.V-ed][V→V]-~:(u)te[condition.with.respect.to.V-ing][V→N][N][Rel][4DuPoss][SgPosd]
puuskaatmeng	puu-te[to.catch.N][to.go.to.N][N→V]-@₂~fkau[to.have.V-ed][to.have.been.V-ed][V→V]-~:(u)te[condition.with.respect.to.V-ing][V→N][N][Rel][4DuPoss][PlPosd]
puuskaatmeng	puu-te[to.catch.N][to.go.to.N][N→V]-@₂~fkau[to.have.V-ed][to.have.been.V-ed][V→V]-~:(u)te[condition.with.respect.to.V-ing][V→N][N][Rel][4PlPoss][SgPosd]
puuskaatmeng	puu-te[to.catch.N][to.go.to.N][N→V]-@₂~fkau[to.have.V-ed][to.have.been.V-ed][V→V]-~:(u)te[condition.with.respect.to.V-ing][V→N][N][Rel][4PlPoss][PlPosd]
puuskaatmeng	puu-te[to.catch.N][to.go.to.N][N→V]-@₂~fkau[to.have.V-ed][to.have.been.V-ed][V→V]-~:(u)te[condition.with.respect.to.V-ing][V→N][N][Abl_Mod][Unpd][Sg]

lipeghsaghyugtunga	+?

maalghuk	maalghug[N][Abs][Unpd][Sg]

piigka	pi[V][Trns][Ind][1Sg][3Du]

------------------------
Elngaatall sanguluki lipeghsaghniluki atuunaanghinniluki pikangit.

elngaatall	elngaatall

sanguluki	+?

lipeghsaghniluki	+?

atuunaanghinniluki	atugh-~:(ng₁)u[to.be.N][N→V]-@₁~fnaanghite[will.not.V][V→V]-te[to.act.on.so.as.to.cause.to.V][V→V]-te[to.act.on.so.as.to.cause.to.V][V→V]-@₁~fni[to.say.that.one.is.V-ing][Cmpd_Vbl]-~:(u)te[to.V.for.or.with][to.cause.to.V.as.one.is.V-ing][to.V.toward.each.other][V→V][V][Trns][Sbrd][_][3Pl]
atuunaanghinniluki	atugh-~:(ng₁)u[to.be.N][N→V]-@₁~fnaanghite[will.not.V][V→V]-te[to.act.on.so.as.to.cause.to.V][V→V]-te[to.act.on.so.as.to.cause.to.V][V→V]-@₁~fni[to.say.that.one.is.V-ing][Cmpd_Vbl][V][Trns][Sbrd][_][3Pl]
atuunaanghinniluki	atugh-~:(ng₁)u[to.be.N][N→V]-@₁~fnaanghite[will.not.V][V→V]-te[to.act.on.so.as.to.cause.to.V][V→V]-@₁~fni[to.say.that.one.is.V-ing][Cmpd_Vbl]-~:(u)te[to.V.for.or.with][to.cause.to.V.as.one.is.V-ing][to.V.toward.each.other][V→V][V][Trns][Sbrd][_][3Pl]
atuunaanghinniluki	atugh-~:(ng₁)u[to.be.N][N→V]-@₁~fnaanghite[will.not.V][V→V]-te[to.act.on.so.as.to.cause.to.V][V→V]-@₁~fni[to.say.that.one.is.V-ing][Cmpd_Vbl][V][Trns][Sbrd][_][3Pl]
atuunaanghinniluki	atugh-~:(ng₁)u[to.be.N][N→V]-@₁~fnaanghite[will.not.V][V→V]-@₁~fni[to.say.that.one.is.V-ing][Cmpd_Vbl]-~:(u)te[to.V.for.or.with][to.cause.to.V.as.one.is.V-ing][to.V.toward.each.other][V→V][V][Trns][Sbrd][_][3Pl]
atuunaanghinniluki	atugh-~:(ng₁)u[to.be.N][N→V]-@₁~fnaanghite[will.not.V][V→V]-@₁~fni[to.say.that.one.is.V-ing][Cmpd_Vbl][V][Trns][Sbrd][_][3Pl]
atuunaanghinniluki	atugh-~:(ng₁)u[to.be.N][N→V]-~:(u)te[to.V.for.or.with][to.cause.to.V.as.one.is.V-ing][to.V.toward.each.other][V→V]-@₁~fnaanghite[will.not.V][V→V]-te[to.act.on.so.as.to.cause.to.V][V→V]-te[to.act.on.so.as.to.cause.to.V][V→V]-te[to.act.on.so.as.to.cause.to.V][V→V]-@₁~fni[to.say.that.one.is.V-ing][Cmpd_Vbl]-~:(u)te[to.V.for.or.with][to.cause.to.V.as.one.is.V-ing][to.V.toward.each.other][V→V][V][Trns][Sbrd][_][3Pl]
atuunaanghinniluki	atugh-~:(ng₁)u[to.be.N][N→V]-~:(u)te[to.V.for.or.with][to.cause.to.V.as.one.is.V-ing][to.V.toward.each.other][V→V]-@₁~fnaanghite[will.not.V][V→V]-te[to.act.on.so.as.to.cause.to.V][V→V]-te[to.act.on.so.as.to.cause.to.V][V→V]-te[to.act.on.so.as.to.cause.to.V][V→V]-@₁~fni[to.say.that.one.is.V-ing][Cmpd_Vbl][V][Trns][Sbrd][_][3Pl]
atuunaanghinniluki	atugh-~:(ng₁)u[to.be.N][N→V]-~:(u)te[to.V.for.or.with][to.cause.to.V.as.one.is.V-ing][to.V.toward.each.other][V→V]-@₁~fnaanghite[will.not.V][V→V]-te[to.act.on.so.as.to.cause.to.V][V→V]-te[to.act.on.so.as.to.cause.to.V][V→V]-@₁~fni[to.say.that.one.is.V-ing][Cmpd_Vbl]-~:(u)te[to.V.for.or.with][to.cause.to.V.as.one.is.V-ing][to.V.toward.each.other][V→V][V][Trns][Sbrd][_][3Pl]
atuunaanghinniluki	atugh-~:(ng₁)u[to.be.N][N→V]-~:(u)te[to.V.for.or.with][to.cause.to.V.as.one.is.V-ing][to.V.toward.each.other][V→V]-@₁~fnaanghite[will.not.V][V→V]-te[to.act.on.so.as.to.cause.to.V][V→V]-te[to.act.on.so.as.to.cause.to.V][V→V]-@₁~fni[to.say.that.one.is.V-ing][Cmpd_Vbl][V][Trns][Sbrd][_][3Pl]
atuunaanghinniluki	atugh-~:(ng₁)u[to.be.N][N→V]-~:(u)te[to.V.for.or.with][to.cause.to.V.as.one.is.V-ing][to.V.toward.each.other][V→V]-@₁~fnaanghite[will.not.V][V→V]-te[to.act.on.so.as.to.cause.to.V][V→V]-@₁~fni[to.say.that.one.is.V-ing][Cmpd_Vbl]-~:(u)te[to.V.for.or.with][to.cause.to.V.as.one.is.V-ing][to.V.toward.each.other][V→V][V][Trns][Sbrd][_][3Pl]
atuunaanghinniluki	atugh-~:(ng₁)u[to.be.N][N→V]-~:(u)te[to.V.for.or.with][to.cause.to.V.as.one.is.V-ing][to.V.toward.each.other][V→V]-@₁~fnaanghite[will.not.V][V→V]-te[to.act.on.so.as.to.cause.to.V][V→V]-@₁~fni[to.say.that.one.is.V-ing][Cmpd_Vbl][V][Trns][Sbrd][_][3Pl]
atuunaanghinniluki	atugh-~:(ng₁)u[to.be.N][N→V]-~:(u)te[to.V.for.or.with][to.cause.to.V.as.one.is.V-ing][to.V.toward.each.other][V→V]-@₁~fnaanghite[will.not.V][V→V]-@₁~fni[to.say.that.one.is.V-ing][Cmpd_Vbl]-~:(u)te[to.V.for.or.with][to.cause.to.V.as.one.is.V-ing][to.V.toward.each.other][V→V][V][Trns][Sbrd][_][3Pl]
atuunaanghinniluki	atugh-~:(ng₁)u[to.be.N][N→V]-~:(u)te[to.V.for.or.with][to.cause.to.V.as.one.is.V-ing][to.V.toward.each.other][V→V]-@₁~fnaanghite[will.not.V][V→V]-@₁~fni[to.say.that.one.is.V-ing][Cmpd_Vbl][V][Trns][Sbrd][_][3Pl]
atuunaanghinniluki	atugh-~:(ng₁)u[to.be.N][N→V]-~:(u)te[SBJ.V-ed.something][V→V]-@₁~fnaanghite[will.not.V][V→V]-te[to.act.on.so.as.to.cause.to.V][V→V]-te[to.act.on.so.as.to.cause.to.V][V→V]-te[to.act.on.so.as.to.cause.to.V][V→V]-@₁~fni[to.say.that.one.is.V-ing][Cmpd_Vbl]-~:(u)te[to.V.for.or.with][to.cause.to.V.as.one.is.V-ing][to.V.toward.each.other][V→V][V][Trns][Sbrd][_][3Pl]
atuunaanghinniluki	atugh-~:(ng₁)u[to.be.N][N→V]-~:(u)te[SBJ.V-ed.something][V→V]-@₁~fnaanghite[will.not.V][V→V]-te[to.act.on.so.as.to.cause.to.V][V→V]-te[to.act.on.so.as.to.cause.to.V][V→V]-te[to.act.on.so.as.to.cause.to.V][V→V]-@₁~fni[to.say.that.one.is.V-ing][Cmpd_Vbl][V][Trns][Sbrd][_][3Pl]
atuunaanghinniluki	atugh-~:(ng₁)u[to.be.N][N→V]-~:(u)te[SBJ.V-ed.something][V→V]-@₁~fnaanghite[will.not.V][V→V]-te[to.act.on.so.as.to.cause.to.V][V→V]-te[to.act.on.so.as.to.cause.to.V][V→V]-@₁~fni[to.say.that.one.is.V-ing][Cmpd_Vbl]-~:(u)te[to.V.for.or.with][to.cause.to.V.as.one.is.V-ing][to.V.toward.each.other][V→V][V][Trns][Sbrd][_][3Pl]
atuunaanghinniluki	atugh-~:(ng₁)u[to.be.N][N→V]-~:(u)te[SBJ.V-ed.something][V→V]-@₁~fnaanghite[will.not.V][V→V]-te[to.act.on.so.as.to.cause.to.V][V→V]-te[to.act.on.so.as.to.cause.to.V][V→V]-@₁~fni[to.say.that.one.is.V-ing][Cmpd_Vbl][V][Trns][Sbrd][_][3Pl]
atuunaanghinniluki	atugh-~:(ng₁)u[to.be.N][N→V]-~:(u)te[SBJ.V-ed.something][V→V]-@₁~fnaanghite[will.not.V][V→V]-te[to.act.on.so.as.to.cause.to.V][V→V]-@₁~fni[to.say.that.one.is.V-ing][Cmpd_Vbl]-~:(u)te[to.V.for.or.with][to.cause.to.V.as.one.is.V-ing][to.V.toward.each.other][V→V][V][Trns][Sbrd][_][3Pl]
atuunaanghinniluki	atugh-~:(ng₁)u[to.be.N][N→V]-~:(u)te[SBJ.V-ed.something][V→V]-@₁~fnaanghite[will.not.V][V→V]-te[to.act.on.so.as.to.cause.to.V][V→V]-@₁~fni[to.say.that.one.is.V-ing][Cmpd_Vbl][V][Trns][Sbrd][_][3Pl]
atuunaanghinniluki	atugh-~:(ng₁)u[to.be.N][N→V]-~:(u)te[SBJ.V-ed.something][V→V]-@₁~fnaanghite[will.not.V][V→V]-@₁~fni[to.say.that.one.is.V-ing][Cmpd_Vbl]-~:(u)te[to.V.for.or.with][to.cause.to.V.as.one.is.V-ing][to.V.toward.each.other][V→V][V][Trns][Sbrd][_][3Pl]
atuunaanghinniluki	atugh-~:(ng₁)u[to.be.N][N→V]-~:(u)te[SBJ.V-ed.something][V→V]-@₁~fnaanghite[will.not.V][V→V]-@₁~fni[to.say.that.one.is.V-ing][Cmpd_Vbl][V][Trns][Sbrd][_][3Pl]

pikangit	pi-@*@₂~sf–(g₂)k(a)e[the.one.that.possessor.V-ed][V→N][N][Abs][3PlPoss][PlPosd]
pikangit	pi[V][Trns][Ptcp][3Du][3Sg]
pikangit	pi[V][Trns][Ptcp][3Pl][3Pl]

------------------------


------------------------
Taana Pitiim ungipamsullgha sanighulluku nanghiiqunalunga, ungipaategpenaki piluki.

taana	taana

pitiim	+?

ungipamsullgha	+?

sanighulluku	+?

nanghiiqunalunga	+?

ungipaategpenaki	ungipaate-@₁–nghite**[to.not.V][V→V][V][Trns][Sbrd][_][3Pl]

piluki	pi-~:(u)te[to.V.for.or.with][to.cause.to.V.as.one.is.V-ing][to.V.toward.each.other][V→V][V][Trns][Sbrd][_][3Pl]
piluki	pi[V][Trns][Sbrd][_][3Pl]

------------------------
Taagken allgeghusama estugaghmeng qakiqniqunga tesamavek 1972mi.

taagken	taagken

allgeghusama	+?

estugaghmeng	estugagh*[N][Rel][4DuPoss][SgPosd]
estugaghmeng	estugagh*[N][Rel][4DuPoss][PlPosd]
estugaghmeng	estugagh*[N][Rel][4PlPoss][SgPosd]
estugaghmeng	estugagh*[N][Rel][4PlPoss][PlPosd]
estugaghmeng	estugagh*[N][Abl_Mod][Unpd][Sg]

qakiqniqunga	+?

tesamavek	+?

1972mi	+?

------------------------


------------------------
Angyaghput tevutaghpung, Pagayaghmiillu maalghuggaamtung.

angyaghput	angyagh[N][Abs][1PlPoss][SgPosd]

tevutaghpung	+?

pagayaghmiillu	+?

maalghuggaamtung	+?

------------------------
Sivuliit net tesamani.

sivuliit	sivuligh*[N][Abs][Unpd][Pl]
sivuliit	sivuligh*[N][Abs][3PlPoss][SgPosd]
sivuliit	sivuligh*[N][Abs][3PlPoss][PlPosd]
sivuliit	sivuligh*[N][Rel][Unpd][Pl]

net	ne[N][Abs][Unpd][Pl]
net	ne[N][Rel][Unpd][Pl]

tesamani	+?

------------------------
Kaatutaghput pegnem, iwernga Pitiim kayusiitiinkung.

kaatutaghput	+?

pegnem	pegnem

iwernga	iwernga

pitiim	+?

kayusiitiinkung	kayusiite[V][Trns][Ind][3Pl][1Du]
kayusiitiinkung	kayusiite[V][Trns][Ind][3Du][1Du]
kayusiitiinkung	kayusiite[V][Trns][Ind][3Sg][1Du]
kayusiitiinkung	kayusigh-~:(u)te[to.V.for.or.with][to.cause.to.V.as.one.is.V-ing][to.V.toward.each.other][V→V][V][Trns][Ind][3Pl][1Du]
kayusiitiinkung	kayusigh-~:(u)te[to.V.for.or.with][to.cause.to.V.as.one.is.V-ing][to.V.toward.each.other][V→V][V][Trns][Ind][3Du][1Du]
kayusiitiinkung	kayusigh-~:(u)te[to.V.for.or.with][to.cause.to.V.as.one.is.V-ing][to.V.toward.each.other][V→V][V][Trns][Ind][3Sg][1Du]

------------------------


------------------------
Taawa tawani ayumiqulleghmi piinlighyuwhaaqaqa aghveghniilleq.

taawa	taawa

tawani	tawani
tawani	tawani[N][Abs][Unpd][Sg]

ayumiqulleghmi	ayumiqullegh[N][Loc][Unpd][Sg]
ayumiqulleghmi	ayumiqullegh[N][Rel][4SgPoss][SgPosd]
ayumiqulleghmi	ayumiqullegh[N][Rel][4SgPoss][PlPosd]

piinlighyuwhaaqaqa	+?

aghveghniilleq	+?

------------------------
Sumeghtaghaghlunga kingumun ukavek atuuyaghqaasugnisan.

sumeghtaghaghlunga	sumeghtaghagh[V][Intr][Sbrd][1Sg]

kingumun	kingu[N][Ter][Unpd][Sg]
kingumun	kingumun
kingumun	kingumute[N][Abs][Unpd][Sg]

ukavek	ukavek

atuuyaghqaasugnisan	atugh-~:(ng₁)u[to.be.N][N→V]-@₁~fyagh[to.go.V-ing][to.V.in.vain][V→V]-@₂~fkau[to.have.V-ed][to.have.been.V-ed][V→V]-te[to.act.on.so.as.to.cause.to.V][V→V]-te[to.act.on.so.as.to.cause.to.V][V→V]-te[to.act.on.so.as.to.cause.to.V][V→V]-te[to.act.on.so.as.to.cause.to.V][V→V]-@₁~fyug[to.want.to.V][V→V]-@₁~fni[to.say.that.one.is.V-ing][Cmpd_Vbl]-te[to.act.on.so.as.to.cause.to.V][V→V]-te[to.act.on.so.as.to.cause.to.V][V→V]-te[to.act.on.so.as.to.cause.to.V][V→V]-te[to.act.on.so.as.to.cause.to.V][V→V]-te[to.act.on.so.as.to.cause.to.V][V→V]-te[to.act.on.so.as.to.cause.to.V][V→V][V][Intr][CnsqI][3Sg]
atuuyaghqaasugnisan	atugh-~:(ng₁)u[to.be.N][N→V]-@₁~fyagh[to.go.V-ing][to.V.in.vain][V→V]-@₂~fkau[to.have.V-ed][to.have.been.V-ed][V→V]-te[to.act.on.so.as.to.cause.to.V][V→V]-te[to.act.on.so.as.to.cause.to.V][V→V]-te[to.act.on.so.as.to.cause.to.V][V→V]-te[to.act.on.so.as.to.cause.to.V][V→V]-@₁~fyug[to.want.to.V][V→V]-@₁~fni[to.say.that.one.is.V-ing][Cmpd_Vbl]-te[to.act.on.so.as.to.cause.to.V][V→V]-te[to.act.on.so.as.to.cause.to.V][V→V]-te[to.act.on.so.as.to.cause.to.V][V→V]-te[to.act.on.so.as.to.cause.to.V][V→V]-te[to.act.on.so.as.to.cause.to.V][V→V][V][Intr][CnsqI][3Sg]
atuuyaghqaasugnisan	atugh-~:(ng₁)u[to.be.N][N→V]-@₁~fyagh[to.go.V-ing][to.V.in.vain][V→V]-@₂~fkau[to.have.V-ed][to.have.been.V-ed][V→V]-te[to.act.on.so.as.to.cause.to.V][V→V]-te[to.act.on.so.as.to.cause.to.V][V→V]-te[to.act.on.so.as.to.cause.to.V][V→V]-te[to.act.on.so.as.to.cause.to.V][V→V]-@₁~fyug[to.want.to.V][V→V]-@₁~fni[to.say.that.one.is.V-ing][Cmpd_Vbl]-te[to.act.on.so.as.to.cause.to.V][V→V]-te[to.act.on.so.as.to.cause.to.V][V→V]-te[to.act.on.so.as.to.cause.to.V][V→V]-te[to.act.on.so.as.to.cause.to.V][V→V][V][Intr][CnsqI][3Sg]
atuuyaghqaasugnisan	atugh-~:(ng₁)u[to.be.N][N→V]-@₁~fyagh[to.go.V-ing][to.V.in.vain][V→V]-@₂~fkau[to.have.V-ed][to.have.been.V-ed][V→V]-te[to.act.on.so.as.to.cause.to.V][V→V]-te[to.act.on.so.as.to.cause.to.V][V→V]-te[to.act.on.so.as.to.cause.to.V][V→V]-te[to.act.on.so.as.to.cause.to.V][V→V]-@₁~fyug[to.want.to.V][V→V]-@₁~fni[to.say.that.one.is.V-ing][Cmpd_Vbl]-te[to.act.on.so.as.to.cause.to.V][V→V]-te[to.act.on.so.as.to.cause.to.V][V→V]-te[to.act.on.so.as.to.cause.to.V][V→V][V][Intr][CnsqI][3Sg]
atuuyaghqaasugnisan	atugh-~:(ng₁)u[to.be.N][N→V]-@₁~fyagh[to.go.V-ing][to.V.in.vain][V→V]-@₂~fkau[to.have.V-ed][to.have.been.V-ed][V→V]-te[to.act.on.so.as.to.cause.to.V][V→V]-te[to.act.on.so.as.to.cause.to.V][V→V]-te[to.act.on.so.as.to.cause.to.V][V→V]-te[to.act.on.so.as.to.cause.to.V][V→V]-@₁~fyug[to.want.to.V][V→V]-@₁~fni[to.say.that.one.is.V-ing][Cmpd_Vbl]-te[to.act.on.so.as.to.cause.to.V][V→V]-te[to.act.on.so.as.to.cause.to.V][V→V][V][Intr][CnsqI][3Sg]
atuuyaghqaasugnisan	atugh-~:(ng₁)u[to.be.N][N→V]-@₁~fyagh[to.go.V-ing][to.V.in.vain][V→V]-@₂~fkau[to.have.V-ed][to.have.been.V-ed][V→V]-te[to.act.on.so.as.to.cause.to.V][V→V]-te[to.act.on.so.as.to.cause.to.V][V→V]-te[to.act.on.so.as.to.cause.to.V][V→V]-te[to.act.on.so.as.to.cause.to.V][V→V]-@₁~fyug[to.want.to.V][V→V]-@₁~fni[to.say.that.one.is.V-ing][Cmpd_Vbl]-te[to.act.on.so.as.to.cause.to.V][V→V][V][Intr][CnsqI][3Sg]
atuuyaghqaasugnisan	atugh-~:(ng₁)u[to.be.N][N→V]-@₁~fyagh[to.go.V-ing][to.V.in.vain][V→V]-@₂~fkau[to.have.V-ed][to.have.been.V-ed][V→V]-te[to.act.on.so.as.to.cause.to.V][V→V]-te[to.act.on.so.as.to.cause.to.V][V→V]-te[to.act.on.so.as.to.cause.to.V][V→V]-@₁~fyug[to.want.to.V][V→V]-@₁~fni[to.say.that.one.is.V-ing][Cmpd_Vbl]-te[to.act.on.so.as.to.cause.to.V][V→V]-te[to.act.on.so.as.to.cause.to.V][V→V]-te[to.act.on.so.as.to.cause.to.V][V→V]-te[to.act.on.so.as.to.cause.to.V][V→V]-te[to.act.on.so.as.to.cause.to.V][V→V]-te[to.act.on.so.as.to.cause.to.V][V→V][V][Intr][CnsqI][3Sg]
atuuyaghqaasugnisan	atugh-~:(ng₁)u[to.be.N][N→V]-@₁~fyagh[to.go.V-ing][to.V.in.vain][V→V]-@₂~fkau[to.have.V-ed][to.have.been.V-ed][V→V]-te[to.act.on.so.as.to.cause.to.V][V→V]-te[to.act.on.so.as.to.cause.to.V][V→V]-te[to.act.on.so.as.to.cause.to.V][V→V]-@₁~fyug[to.want.to.V][V→V]-@₁~fni[to.say.that.one.is.V-ing][Cmpd_Vbl]-te[to.act.on.so.as.to.cause.to.V][V→V]-te[to.act.on.so.as.to.cause.to.V][V→V]-te[to.act.on.so.as.to.cause.to.V][V→V]-te[to.act.on.so.as.to.cause.to.V][V→V]-te[to.act.on.so.as.to.cause.to.V][V→V][V][Intr][CnsqI][3Sg]
atuuyaghqaasugnisan	atugh-~:(ng₁)u[to.be.N][N→V]-@₁~fyagh[to.go.V-ing][to.V.in.vain][V→V]-@₂~fkau[to.have.V-ed][to.have.been.V-ed][V→V]-te[to.act.on.so.as.to.cause.to.V][V→V]-te[to.act.on.so.as.to.cause.to.V][V→V]-te[to.act.on.so.as.to.cause.to.V][V→V]-@₁~fyug[to.want.to.V][V→V]-@₁~fni[to.say.that.one.is.V-ing][Cmpd_Vbl]-te[to.act.on.so.as.to.cause.to.V][V→V]-te[to.act.on.so.as.to.cause.to.V][V→V]-te[to.act.on.so.as.to.cause.to.V][V→V]-te[to.act.on.so.as.to.cause.to.V][V→V][V][Intr][CnsqI][3Sg]
atuuyaghqaasugnisan	atugh-~:(ng₁)u[to.be.N][N→V]-@₁~fyagh[to.go.V-ing][to.V.in.vain][V→V]-@₂~fkau[to.have.V-ed][to.have.been.V-ed][V→V]-te[to.act.on.so.as.to.cause.to.V][V→V]-te[to.act.on.so.as.to.cause.to.V][V→V]-te[to.act.on.so.as.to.cause.to.V][V→V]-@₁~fyug[to.want.to.V][V→V]-@₁~fni[to.say.that.one.is.V-ing][Cmpd_Vbl]-te[to.act.on.so.as.to.cause.to.V][V→V]-te[to.act.on.so.as.to.cause.to.V][V→V]-te[to.act.on.so.as.to.cause.to.V][V→V][V][Intr][CnsqI][3Sg]
atuuyaghqaasugnisan	atugh-~:(ng₁)u[to.be.N][N→V]-@₁~fyagh[to.go.V-ing][to.V.in.vain][V→V]-@₂~fkau[to.have.V-ed][to.have.been.V-ed][V→V]-te[to.act.on.so.as.to.cause.to.V][V→V]-te[to.act.on.so.as.to.cause.to.V][V→V]-te[to.act.on.so.as.to.cause.to.V][V→V]-@₁~fyug[to.want.to.V][V→V]-@₁~fni[to.say.that.one.is.V-ing][Cmpd_Vbl]-te[to.act.on.so.as.to.cause.to.V][V→V]-te[to.act.on.so.as.to.cause.to.V][V→V][V][Intr][CnsqI][3Sg]
atuuyaghqaasugnisan	atugh-~:(ng₁)u[to.be.N][N→V]-@₁~fyagh[to.go.V-ing][to.V.in.vain][V→V]-@₂~fkau[to.have.V-ed][to.have.been.V-ed][V→V]-te[to.act.on.so.as.to.cause.to.V][V→V]-te[to.act.on.so.as.to.cause.to.V][V→V]-te[to.act.on.so.as.to.cause.to.V][V→V]-@₁~fyug[to.want.to.V][V→V]-@₁~fni[to.say.that.one.is.V-ing][Cmpd_Vbl]-te[to.act.on.so.as.to.cause.to.V][V→V][V][Intr][CnsqI][3Sg]
atuuyaghqaasugnisan	atugh-~:(ng₁)u[to.be.N][N→V]-@₁~fyagh[to.go.V-ing][to.V.in.vain][V→V]-@₂~fkau[to.have.V-ed][to.have.been.V-ed][V→V]-te[to.act.on.so.as.to.cause.to.V][V→V]-te[to.act.on.so.as.to.cause.to.V][V→V]-@₁~fyug[to.want.to.V][V→V]-@₁~fni[to.say.that.one.is.V-ing][Cmpd_Vbl]-te[to.act.on.so.as.to.cause.to.V][V→V]-te[to.act.on.so.as.to.cause.to.V][V→V]-te[to.act.on.so.as.to.cause.to.V][V→V]-te[to.act.on.so.as.to.cause.to.V][V→V]-te[to.act.on.so.as.to.cause.to.V][V→V]-te[to.act.on.so.as.to.cause.to.V][V→V][V][Intr][CnsqI][3Sg]
atuuyaghqaasugnisan	atugh-~:(ng₁)u[to.be.N][N→V]-@₁~fyagh[to.go.V-ing][to.V.in.vain][V→V]-@₂~fkau[to.have.V-ed][to.have.been.V-ed][V→V]-te[to.act.on.so.as.to.cause.to.V][V→V]-te[to.act.on.so.as.to.cause.to.V][V→V]-@₁~fyug[to.want.to.V][V→V]-@₁~fni[to.say.that.one.is.V-ing][Cmpd_Vbl]-te[to.act.on.so.as.to.cause.to.V][V→V]-te[to.act.on.so.as.to.cause.to.V][V→V]-te[to.act.on.so.as.to.cause.to.V][V→V]-te[to.act.on.so.as.to.cause.to.V][V→V]-te[to.act.on.so.as.to.cause.to.V][V→V][V][Intr][CnsqI][3Sg]
atuuyaghqaasugnisan	atugh-~:(ng₁)u[to.be.N][N→V]-@₁~fyagh[to.go.V-ing][to.V.in.vain][V→V]-@₂~fkau[to.have.V-ed][to.have.been.V-ed][V→V]-te[to.act.on.so.as.to.cause.to.V][V→V]-te[to.act.on.so.as.to.cause.to.V][V→V]-@₁~fyug[to.want.to.V][V→V]-@₁~fni[to.say.that.one.is.V-ing][Cmpd_Vbl]-te[to.act.on.so.as.to.cause.to.V][V→V]-te[to.act.on.so.as.to.cause.to.V][V→V]-te[to.act.on.so.as.to.cause.to.V][V→V]-te[to.act.on.so.as.to.cause.to.V][V→V][V][Intr][CnsqI][3Sg]
atuuyaghqaasugnisan	atugh-~:(ng₁)u[to.be.N][N→V]-@₁~fyagh[to.go.V-ing][to.V.in.vain][V→V]-@₂~fkau[to.have.V-ed][to.have.been.V-ed][V→V]-te[to.act.on.so.as.to.cause.to.V][V→V]-te[to.act.on.so.as.to.cause.to.V][V→V]-@₁~fyug[to.want.to.V][V→V]-@₁~fni[to.say.that.one.is.V-ing][Cmpd_Vbl]-te[to.act.on.so.as.to.cause.to.V][V→V]-te[to.act.on.so.as.to.cause.to.V][V→V]-te[to.act.on.so.as.to.cause.to.V][V→V][V][Intr][CnsqI][3Sg]
atuuyaghqaasugnisan	atugh-~:(ng₁)u[to.be.N][N→V]-@₁~fyagh[to.go.V-ing][to.V.in.vain][V→V]-@₂~fkau[to.have.V-ed][to.have.been.V-ed][V→V]-te[to.act.on.so.as.to.cause.to.V][V→V]-te[to.act.on.so.as.to.cause.to.V][V→V]-@₁~fyug[to.want.to.V][V→V]-@₁~fni[to.say.that.one.is.V-ing][Cmpd_Vbl]-te[to.act.on.so.as.to.cause.to.V][V→V]-te[to.act.on.so.as.to.cause.to.V][V→V][V][Intr][CnsqI][3Sg]
atuuyaghqaasugnisan	atugh-~:(ng₁)u[to.be.N][N→V]-@₁~fyagh[to.go.V-ing][to.V.in.vain][V→V]-@₂~fkau[to.have.V-ed][to.have.been.V-ed][V→V]-te[to.act.on.so.as.to.cause.to.V][V→V]-te[to.act.on.so.as.to.cause.to.V][V→V]-@₁~fyug[to.want.to.V][V→V]-@₁~fni[to.say.that.one.is.V-ing][Cmpd_Vbl]-te[to.act.on.so.as.to.cause.to.V][V→V][V][Intr][CnsqI][3Sg]
atuuyaghqaasugnisan	atugh-~:(ng₁)u[to.be.N][N→V]-@₁~fyagh[to.go.V-ing][to.V.in.vain][V→V]-@₂~fkau[to.have.V-ed][to.have.been.V-ed][V→V]-te[to.act.on.so.as.to.cause.to.V][V→V]-@₁~fyug[to.want.to.V][V→V]-@₁~fni[to.say.that.one.is.V-ing][Cmpd_Vbl]-te[to.act.on.so.as.to.cause.to.V][V→V]-te[to.act.on.so.as.to.cause.to.V][V→V]-te[to.act.on.so.as.to.cause.to.V][V→V]-te[to.act.on.so.as.to.cause.to.V][V→V]-te[to.act.on.so.as.to.cause.to.V][V→V]-te[to.act.on.so.as.to.cause.to.V][V→V][V][Intr][CnsqI][3Sg]
atuuyaghqaasugnisan	atugh-~:(ng₁)u[to.be.N][N→V]-@₁~fyagh[to.go.V-ing][to.V.in.vain][V→V]-@₂~fkau[to.have.V-ed][to.have.been.V-ed][V→V]-te[to.act.on.so.as.to.cause.to.V][V→V]-@₁~fyug[to.want.to.V][V→V]-@₁~fni[to.say.that.one.is.V-ing][Cmpd_Vbl]-te[to.act.on.so.as.to.cause.to.V][V→V]-te[to.act.on.so.as.to.cause.to.V][V→V]-te[to.act.on.so.as.to.cause.to.V][V→V]-te[to.act.on.so.as.to.cause.to.V][V→V]-te[to.act.on.so.as.to.cause.to.V][V→V][V][Intr][CnsqI][3Sg]
atuuyaghqaasugnisan	atugh-~:(ng₁)u[to.be.N][N→V]-@₁~fyagh[to.go.V-ing][to.V.in.vain][V→V]-@₂~fkau[to.have.V-ed][to.have.been.V-ed][V→V]-te[to.act.on.so.as.to.cause.to.V][V→V]-@₁~fyug[to.want.to.V][V→V]-@₁~fni[to.say.that.one.is.V-ing][Cmpd_Vbl]-te[to.act.on.so.as.to.cause.to.V][V→V]-te[to.act.on.so.as.to.cause.to.V][V→V]-te[to.act.on.so.as.to.cause.to.V][V→V]-te[to.act.on.so.as.to.cause.to.V][V→V][V][Intr][CnsqI][3Sg]
atuuyaghqaasugnisan	atugh-~:(ng₁)u[to.be.N][N→V]-@₁~fyagh[to.go.V-ing][to.V.in.vain][V→V]-@₂~fkau[to.have.V-ed][to.have.been.V-ed][V→V]-te[to.act.on.so.as.to.cause.to.V][V→V]-@₁~fyug[to.want.to.V][V→V]-@₁~fni[to.say.that.one.is.V-ing][Cmpd_Vbl]-te[to.act.on.so.as.to.cause.to.V][V→V]-te[to.act.on.so.as.to.cause.to.V][V→V]-te[to.act.on.so.as.to.cause.to.V][V→V][V][Intr][CnsqI][3Sg]
atuuyaghqaasugnisan	atugh-~:(ng₁)u[to.be.N][N→V]-@₁~fyagh[to.go.V-ing][to.V.in.vain][V→V]-@₂~fkau[to.have.V-ed][to.have.been.V-ed][V→V]-te[to.act.on.so.as.to.cause.to.V][V→V]-@₁~fyug[to.want.to.V][V→V]-@₁~fni[to.say.that.one.is.V-ing][Cmpd_Vbl]-te[to.act.on.so.as.to.cause.to.V][V→V]-te[to.act.on.so.as.to.cause.to.V][V→V][V][Intr][CnsqI][3Sg]
atuuyaghqaasugnisan	atugh-~:(ng₁)u[to.be.N][N→V]-@₁~fyagh[to.go.V-ing][to.V.in.vain][V→V]-@₂~fkau[to.have.V-ed][to.have.been.V-ed][V→V]-te[to.act.on.so.as.to.cause.to.V][V→V]-@₁~fyug[to.want.to.V][V→V]-@₁~fni[to.say.that.one.is.V-ing][Cmpd_Vbl]-te[to.act.on.so.as.to.cause.to.V][V→V][V][Intr][CnsqI][3Sg]
atuuyaghqaasugnisan	atugh-~:(ng₁)u[to.be.N][N→V]-@₁~fyagh[to.go.V-ing][to.V.in.vain][V→V]-@₂~fkau[to.have.V-ed][to.have.been.V-ed][V→V]-(te)sug[to.want.one.to.V][Cmpd_Vbl]-@₁~fni[to.say.that.one.is.V-ing][Cmpd_Vbl]-te[to.act.on.so.as.to.cause.to.V][V→V]-te[to.act.on.so.as.to.cause.to.V][V→V]-te[to.act.on.so.as.to.cause.to.V][V→V]-te[to.act.on.so.as.to.cause.to.V][V→V]-te[to.act.on.so.as.to.cause.to.V][V→V]-te[to.act.on.so.as.to.cause.to.V][V→V][V][Intr][CnsqI][3Sg]
atuuyaghqaasugnisan	atugh-~:(ng₁)u[to.be.N][N→V]-@₁~fyagh[to.go.V-ing][to.V.in.vain][V→V]-@₂~fkau[to.have.V-ed][to.have.been.V-ed][V→V]-(te)sug[to.want.one.to.V][Cmpd_Vbl]-@₁~fni[to.say.that.one.is.V-ing][Cmpd_Vbl]-te[to.act.on.so.as.to.cause.to.V][V→V]-te[to.act.on.so.as.to.cause.to.V][V→V]-te[to.act.on.so.as.to.cause.to.V][V→V]-te[to.act.on.so.as.to.cause.to.V][V→V]-te[to.act.on.so.as.to.cause.to.V][V→V][V][Intr][CnsqI][3Sg]
atuuyaghqaasugnisan	atugh-~:(ng₁)u[to.be.N][N→V]-@₁~fyagh[to.go.V-ing][to.V.in.vain][V→V]-@₂~fkau[to.have.V-ed][to.have.been.V-ed][V→V]-(te)sug[to.want.one.to.V][Cmpd_Vbl]-@₁~fni[to.say.that.one.is.V-ing][Cmpd_Vbl]-te[to.act.on.so.as.to.cause.to.V][V→V]-te[to.act.on.so.as.to.cause.to.V][V→V]-te[to.act.on.so.as.to.cause.to.V][V→V]-te[to.act.on.so.as.to.cause.to.V][V→V][V][Intr][CnsqI][3Sg]
atuuyaghqaasugnisan	atugh-~:(ng₁)u[to.be.N][N→V]-@₁~fyagh[to.go.V-ing][to.V.in.vain][V→V]-@₂~fkau[to.have.V-ed][to.have.been.V-ed][V→V]-(te)sug[to.want.one.to.V][Cmpd_Vbl]-@₁~fni[to.say.that.one.is.V-ing][Cmpd_Vbl]-te[to.act.on.so.as.to.cause.to.V][V→V]-te[to.act.on.so.as.to.cause.to.V][V→V]-te[to.act.on.so.as.to.cause.to.V][V→V][V][Intr][CnsqI][3Sg]
atuuyaghqaasugnisan	atugh-~:(ng₁)u[to.be.N][N→V]-@₁~fyagh[to.go.V-ing][to.V.in.vain][V→V]-@₂~fkau[to.have.V-ed][to.have.been.V-ed][V→V]-(te)sug[to.want.one.to.V][Cmpd_Vbl]-@₁~fni[to.say.that.one.is.V-ing][Cmpd_Vbl]-te[to.act.on.so.as.to.cause.to.V][V→V]-te[to.act.on.so.as.to.cause.to.V][V→V][V][Intr][CnsqI][3Sg]
atuuyaghqaasugnisan	atugh-~:(ng₁)u[to.be.N][N→V]-@₁~fyagh[to.go.V-ing][to.V.in.vain][V→V]-@₂~fkau[to.have.V-ed][to.have.been.V-ed][V→V]-(te)sug[to.want.one.to.V][Cmpd_Vbl]-@₁~fni[to.say.that.one.is.V-ing][Cmpd_Vbl]-te[to.act.on.so.as.to.cause.to.V][V→V][V][Intr][CnsqI][3Sg]

------------------------
Llaaghanwha legan atuughtuq.

llaaghanwha	llaaghanwha

legan	legan

atuughtuq	+?

------------------------


------------------------
Aghveghniighvigisaghluteng Sivungaghmiit, maaten kinguliighamnnun nutaan aghveghniighvigkaq allgeghtuq.

aghveghniighvigisaghluteng	+?

sivungaghmiit	Sivungagh*-mii[resident.of.N][N→N][N][Abs][Unpd][Pl]
sivungaghmiit	Sivungagh*-mii[resident.of.N][N→N][N][Rel][Unpd][Pl]

maaten	maaten
maaten	maatete[N][Abs][Unpd][Sg]

kinguliighamnnun	kinguliighagh[N][Ter][1PlPoss][SgPosd]
kinguliighamnnun	kinguliighagh[N][Ter][1PlPoss][PlPosd]

nutaan	nutaan

aghveghniighvigkaq	+?

allgeghtuq	+?

------------------------
Iwerngaqun Laluramket sakwaaqinaqeghllaget, neqemnnun aghveghniighmun tamaavek.

iwerngaqun	iwerngaqun

laluramket	Laluramke[N][Abs][Unpd][Pl]
laluramket	Laluramke[N][Rel][Unpd][Pl]

sakwaaqinaqeghllaget	sakwaagh-~–ke[to.have.as.one's.N(s)][N→V]-~i[SBJ.V-ed.something][V→V]-@₁~fnaqe[to.be.going.to.V][V→V]-–ghllaget[big.N][AUG]
sakwaaqinaqeghllaget	sakwaagh-~–ke[to.have.as.one's.N(s)][N→V]-~i[SBJ.V-ed.something][V→V]-~:(u)te[to.V.for.or.with][to.cause.to.V.as.one.is.V-ing][to.V.toward.each.other][V→V]-@₁~fnaqe[to.be.going.to.V][V→V]-–ghllaget[big.N][AUG]
sakwaaqinaqeghllaget	sakwaagh-~–ke[to.have.as.one's.N(s)][N→V]-~i[SBJ.V-ed.something][V→V]-~:(u)te[SBJ.V-ed.something][V→V]-@₁~fnaqe[to.be.going.to.V][V→V]-–ghllaget[big.N][AUG]

neqemnnun	neqe[N][Ter][1PlPoss][SgPosd]
neqemnnun	neqe[N][Ter][1PlPoss][PlPosd]

aghveghniighmun	+?

tamaavek	+?

------------------------


------------------------
Tamaani ayumiqulleghmi allgeghtekaqaqa taana.

tamaani	+?

ayumiqulleghmi	ayumiqullegh[N][Loc][Unpd][Sg]
ayumiqulleghmi	ayumiqullegh[N][Rel][4SgPoss][SgPosd]
ayumiqulleghmi	ayumiqullegh[N][Rel][4SgPoss][PlPosd]

allgeghtekaqaqa	+?

taana	taana

------------------------
Tawani ayumiqulleghmi ivenrumeng nanghiiquyaghluta maallgunneghmeng aghtughtukut.

tawani	tawani
tawani	tawani[N][Abs][Unpd][Sg]

ayumiqulleghmi	ayumiqullegh[N][Loc][Unpd][Sg]
ayumiqulleghmi	ayumiqullegh[N][Rel][4SgPoss][SgPosd]
ayumiqulleghmi	ayumiqullegh[N][Rel][4SgPoss][PlPosd]

ivenrumeng	+?

nanghiiquyaghluta	+?

maallgunneghmeng	+?

aghtughtukut	aghtugh[V][Intr][Ind][1Pl]
aghtughtukut	aghtugh-te[to.act.on.so.as.to.cause.to.V][V→V][V][Intr][Ind][1Pl]

------------------------
Iitek Ivelghani taakwani, Ivelghaaftut taakwegkut, maaten Ivelghat liiskeput, aghvengnayaghtukut ingutughhaghmeng.

iitek	iiw[N][Abs][2DuPoss][PlPosd]
iitek	iiw[N][Abs][4DuPoss][PlPosd]
iitek	iitek

ivelghani	+?

taakwani	+?

ivelghaaftut	+?

taakwegkut	+?

maaten	maaten
maaten	maatete[N][Abs][Unpd][Sg]

ivelghat	+?

liiskeput	liite-@*@₂~sf–(g₂)k(a)e[the.one.that.possessor.V-ed][V→N][N][Abs][1PlPoss][PlPosd]

aghvengnayaghtukut	+?

ingutughhaghmeng	ingutugh-–ghhagh*[dear.N][N→N][N][Rel][4DuPoss][SgPosd]
ingutughhaghmeng	ingutugh-–ghhagh*[dear.N][N→N][N][Rel][4DuPoss][PlPosd]
ingutughhaghmeng	ingutugh-–ghhagh*[dear.N][N→N][N][Rel][4PlPoss][SgPosd]
ingutughhaghmeng	ingutugh-–ghhagh*[dear.N][N→N][N][Rel][4PlPoss][PlPosd]
ingutughhaghmeng	ingutugh-–ghhagh*[dear.N][N→N][N][Abl_Mod][Unpd][Sg]

------------------------
Aghveqsaqunigu taapnayaqanga entaqun.

aghveqsaqunigu	+?

taapnayaqanga	+?

entaqun	entaqun

------------------------
Ghhuuq entaqun guunnayalghii savegpagkun tamaagun.

ghhuuq	ghhuugh[N][Abs][Unpd][Sg]

entaqun	entaqun

guunnayalghii	guute-@₁~fna[in.order.to.V][intending.to.V][V→V]-@₁~fyagh[to.go.V-ing][to.V.in.vain][V→V]-@₁–lghii[the.one.that.V-ed][the.one.that.is.V][V→N][N][Abs][Unpd][Sg]
guunnayalghii	guute-@₁~fna[in.order.to.V][intending.to.V][V→V]-~:(u)te[to.V.for.or.with][to.cause.to.V.as.one.is.V-ing][to.V.toward.each.other][V→V]-@₁~fyagh[to.go.V-ing][to.V.in.vain][V→V]-@₁–lghii[the.one.that.V-ed][the.one.that.is.V][V→N][N][Abs][Unpd][Sg]
guunnayalghii	guute-@₁~fna[in.order.to.V][intending.to.V][V→V]-~:(u)te[SBJ.V-ed.something][V→V]-@₁~fyagh[to.go.V-ing][to.V.in.vain][V→V]-@₁–lghii[the.one.that.V-ed][the.one.that.is.V][V→N][N][Abs][Unpd][Sg]

savegpagkun	+?

tamaagun	+?

------------------------
Taana ivenrumeng kaatevzighaghput, aaqun kaasimaaghput iitek.

taana	taana

ivenrumeng	+?

kaatevzighaghput	+?

aaqun	aaqun

kaasimaaghput	+?

iitek	iiw[N][Abs][2DuPoss][PlPosd]
iitek	iiw[N][Abs][4DuPoss][PlPosd]
iitek	iitek

------------------------


------------------------
Tawani ayumiqulleghmi aga aghvenginaamaamta pikani, aghvenginaamaamta elngaatall.

tawani	tawani
tawani	tawani[N][Abs][Unpd][Sg]

ayumiqulleghmi	ayumiqullegh[N][Loc][Unpd][Sg]
ayumiqulleghmi	ayumiqullegh[N][Rel][4SgPoss][SgPosd]
ayumiqulleghmi	ayumiqullegh[N][Rel][4SgPoss][PlPosd]

aga	aga

aghvenginaamaamta	+?

pikani	pi-~sf–(g₃)kaq[one.that.has.V-ed][V→N][N][Abs][4SgPoss][SgPosd]
pikani	pi-~sf–(g₃)kaq[one.that.has.V-ed][V→N][N][Abs][4SgPoss][PlPosd]
pikani	pi-@₂~fkaq[one.that.has.V-ed][V→N][N][Abs][4SgPoss][SgPosd]
pikani	pi-@₂~fkaq[one.that.has.V-ed][V→N][N][Abs][4SgPoss][PlPosd]
pikani	pikani

aghvenginaamaamta	+?

elngaatall	elngaatall

------------------------
Sivukluta awatiiqaghluta sikungakun, Qungughviget ketangitni.

sivukluta	sivu-~–ke[to.have.as.one's.N(s)][N→V]-te[to.act.on.so.as.to.cause.to.V][V→V]-te[to.act.on.so.as.to.cause.to.V][V→V][V][Intr][Sbrd][1Pl]
sivukluta	sivu-~–ke[to.have.as.one's.N(s)][N→V]-te[to.act.on.so.as.to.cause.to.V][V→V][V][Intr][Sbrd][1Pl]
sivukluta	sivu-~–ke[to.have.as.one's.N(s)][N→V][V][Intr][Sbrd][1Pl]
sivukluta	sivug-~–ke[to.have.as.one's.N(s)][N→V]-te[to.act.on.so.as.to.cause.to.V][V→V]-te[to.act.on.so.as.to.cause.to.V][V→V][V][Intr][Sbrd][1Pl]
sivukluta	sivug-~–ke[to.have.as.one's.N(s)][N→V]-te[to.act.on.so.as.to.cause.to.V][V→V][V][Intr][Sbrd][1Pl]
sivukluta	sivug-~–ke[to.have.as.one's.N(s)][N→V][V][Intr][Sbrd][1Pl]

awatiiqaghluta	+?

sikungakun	siku[N][Via][3DuPoss][PlPosd]
sikungakun	siku[N][Via][3SgPoss][SgPosd]
sikungakun	siku[N][Via][3SgPoss][PlPosd]

qungughviget	qungughvig[N][Abs][Unpd][Pl]
qungughviget	qungughvig[N][Rel][Unpd][Pl]

ketangitni	+?

------------------------
Aghviteghllak elngaatall, awatiightukut, telanangangllaghluta.

aghviteghllak	+?

elngaatall	elngaatall

awatiightukut	+?

telanangangllaghluta	+?

------------------------
Enkaangam savegpalegnun piluta, savegpangluta allaneng awataghpagmengllu piluta taawa aghvengukut.

enkaangam	+?

savegpalegnun	+?

piluta	pi-~:(u)te[to.V.for.or.with][to.cause.to.V.as.one.is.V-ing][to.V.toward.each.other][V→V][V][Intr][Sbrd][1Pl]
piluta	pi-~:(u)te[to.V.for.or.with][to.cause.to.V.as.one.is.V-ing][to.V.toward.each.other][V→V][V][Trns][Sbrd][_][1Pl]
piluta	pi-~:(u)te[SBJ.V-ed.something][V→V][V][Intr][Sbrd][1Pl]
piluta	pi[V][Intr][Sbrd][1Pl]
piluta	pi[V][Trns][Sbrd][_][1Pl]

savegpangluta	+?

allaneng	alla[N][Abl_Mod][Unpd][Pl]

awataghpagmengllu	awataghpag[N][Rel][4DuPoss][SgPosd]-llu[Encl]
awataghpagmengllu	awataghpag[N][Rel][4DuPoss][PlPosd]-llu[Encl]
awataghpagmengllu	awataghpag[N][Rel][4PlPoss][SgPosd]-llu[Encl]
awataghpagmengllu	awataghpag[N][Rel][4PlPoss][PlPosd]-llu[Encl]
awataghpagmengllu	awataghpag[N][Abl_Mod][Unpd][Sg]-llu[Encl]

piluta	pi-~:(u)te[to.V.for.or.with][to.cause.to.V.as.one.is.V-ing][to.V.toward.each.other][V→V][V][Intr][Sbrd][1Pl]
piluta	pi-~:(u)te[to.V.for.or.with][to.cause.to.V.as.one.is.V-ing][to.V.toward.each.other][V→V][V][Trns][Sbrd][_][1Pl]
piluta	pi-~:(u)te[SBJ.V-ed.something][V→V][V][Intr][Sbrd][1Pl]
piluta	pi[V][Intr][Sbrd][1Pl]
piluta	pi[V][Trns][Sbrd][_][1Pl]

taawa	taawa

aghvengukut	+?

------------------------


------------------------
Ayumiqungani taawa aghvengaataqaagut.

ayumiqungani	+?

taawa	taawa

aghvengaataqaagut	+?

------------------------
Entaqun maaghraghvinlek.

entaqun	entaqun

maaghraghvinlek	maaghraghvinleg[N][Abs][Unpd][Sg]

------------------------
Maaghraghvilqelluku qawiighneq.

maaghraghvilqelluku	+?

qawiighneq	qawiighnegh[N][Abs][Unpd][Sg]

------------------------


------------------------
Taam kingunganeng elngaatall aghveghniiq akuzisaghanguq qafsin'ggaawaqluni lliightuq.

taam	+?

kingunganeng	kingu[N][Abl_Mod][3SgPoss][SgPosd]
kingunganeng	kingu[N][Abl_Mod][3SgPoss][PlPosd]

elngaatall	elngaatall

aghveghniiq	+?

akuzisaghanguq	+?

qafsinggaawaqluni	+?

lliightuq	+?

------------------------
Tawaten aghveghniighem tagtalkaa taawa.

tawaten	tawaten

aghveghniighem	+?

tagtalkaa	+?

taawa	taawa

------------------------


------------------------
