Quyngim Atuqellgha 

quyngim	quyngigh[N][Rel][Unpd][Sg]

atuqellgha	+?

------------------------
Imegyuutem Apellgha 

imegyuutem	+?

apellgha	+?

------------------------


------------------------
Quyngit qamaglluteng neghegkayuguut.

quyngit	quyngigh[N][Abs][Unpd][Pl]
quyngit	quyngigh[N][Rel][Unpd][Pl]

qamaglluteng	+?

neghegkayuguut	+?

------------------------
Sugupagi ayakaghaqluki, sigutangi, sighunghan melqwi, itegii ayakaghaqluki neghughaqiit.

sugupagi	+?

ayakaghaqluki	+?

sigutangi	+?

sighunghan	+?

melqwi	+?

itegii	itegagh-~:(ng₁)u[to.be.N][N→V]-~i[SBJ.V-ed.something][V→V]-~i[SBJ.V-ed.something][V→V]-~i[SBJ.V-ed.something][V→V]-~i[SBJ.V-ed.something][V→V]-~i[SBJ.V-ed.something][V→V][V][Intr][Opt][PRS][2Sg]
itegii	itegagh-~:(ng₁)u[to.be.N][N→V]-~i[SBJ.V-ed.something][V→V]-~i[SBJ.V-ed.something][V→V]-~i[SBJ.V-ed.something][V→V]-~i[SBJ.V-ed.something][V→V][V][Intr][Opt][PRS][2Sg]
itegii	itegagh-~:(ng₁)u[to.be.N][N→V]-~i[SBJ.V-ed.something][V→V]-~i[SBJ.V-ed.something][V→V]-~i[SBJ.V-ed.something][V→V][V][Intr][Opt][PRS][2Sg]
itegii	itegagh-~:(ng₁)u[to.be.N][N→V]-~i[SBJ.V-ed.something][V→V]-~i[SBJ.V-ed.something][V→V][V][Intr][Opt][PRS][2Sg]
itegii	itegagh-~:(ng₁)u[to.be.N][N→V]-~i[SBJ.V-ed.something][V→V][V][Intr][Opt][PRS][2Sg]
itegii	itegagh[N][Abs][3SgPoss][PlPosd]

ayakaghaqluki	+?

neghughaqiit	+?

------------------------


------------------------
Aqsaqghwi piwhaniyukaghpenaki ukifkaghyukaghpenaki.

aqsaqghwi	+?

piwhaniyukaghpenaki	+?

ukifkaghyukaghpenaki	+?

------------------------
Taakut qaaynganilnguut aqsaqum taakut tunut pugughyinguftut.

taakut	taake[V][Intr][Ind][3Pl]

qaaynganilnguut	+?

aqsaqum	+?

taakut	taake[V][Intr][Ind][3Pl]

tunut	tunu[N][Abs][Unpd][Pl]
tunut	tunu[N][Rel][Unpd][Pl]
tunut	tunugh[N][Abs][Unpd][Pl]
tunut	tunugh[N][Rel][Unpd][Pl]

pugughyinguftut	+?

------------------------
Iikngwaaghluki aqsaqut, wetku iikluki tesqamkut imii ilakelliluki, aqsaqumelluki tawani quwiisighluteng neghegkayuguftut.

iikngwaaghluki	+?

aqsaqut	+?

wetku	wetku

iikluki	+?

tesqamkut	+?

imii	imagh-~:(ng₁)u[to.be.N][N→V]-~i[SBJ.V-ed.something][V→V]-~i[SBJ.V-ed.something][V→V]-~i[SBJ.V-ed.something][V→V]-~i[SBJ.V-ed.something][V→V]-~i[SBJ.V-ed.something][V→V][V][Intr][Opt][PRS][2Sg]
imii	imagh-~:(ng₁)u[to.be.N][N→V]-~i[SBJ.V-ed.something][V→V]-~i[SBJ.V-ed.something][V→V]-~i[SBJ.V-ed.something][V→V]-~i[SBJ.V-ed.something][V→V][V][Intr][Opt][PRS][2Sg]
imii	imagh-~:(ng₁)u[to.be.N][N→V]-~i[SBJ.V-ed.something][V→V]-~i[SBJ.V-ed.something][V→V]-~i[SBJ.V-ed.something][V→V][V][Intr][Opt][PRS][2Sg]
imii	imagh-~:(ng₁)u[to.be.N][N→V]-~i[SBJ.V-ed.something][V→V]-~i[SBJ.V-ed.something][V→V][V][Intr][Opt][PRS][2Sg]
imii	imagh-~:(ng₁)u[to.be.N][N→V]-~i[SBJ.V-ed.something][V→V][V][Intr][Opt][PRS][2Sg]
imii	imagh[N][Abs][3SgPoss][PlPosd]
imii	imugh-~:(ng₁)u[to.be.N][N→V]-~i[SBJ.V-ed.something][V→V]-~i[SBJ.V-ed.something][V→V]-~i[SBJ.V-ed.something][V→V]-~i[SBJ.V-ed.something][V→V]-~i[SBJ.V-ed.something][V→V][V][Intr][Opt][PRS][2Sg]
imii	imugh-~:(ng₁)u[to.be.N][N→V]-~i[SBJ.V-ed.something][V→V]-~i[SBJ.V-ed.something][V→V]-~i[SBJ.V-ed.something][V→V]-~i[SBJ.V-ed.something][V→V][V][Intr][Opt][PRS][2Sg]
imii	imugh-~:(ng₁)u[to.be.N][N→V]-~i[SBJ.V-ed.something][V→V]-~i[SBJ.V-ed.something][V→V]-~i[SBJ.V-ed.something][V→V][V][Intr][Opt][PRS][2Sg]
imii	imugh-~:(ng₁)u[to.be.N][N→V]-~i[SBJ.V-ed.something][V→V]-~i[SBJ.V-ed.something][V→V][V][Intr][Opt][PRS][2Sg]
imii	imugh-~:(ng₁)u[to.be.N][N→V]-~i[SBJ.V-ed.something][V→V][V][Intr][Opt][PRS][2Sg]
imii	imugh[N][Abs][3SgPoss][PlPosd]

ilakelliluki	+?

aqsaqumelluki	+?

tawani	tawani
tawani	tawani[N][Abs][Unpd][Sg]

quwiisighluteng	+?

neghegkayuguftut	+?

------------------------


------------------------
Aqsaqum natangani alamket, ughvughwaaghluki neghegkayuget, vegllugsugnit tamaakut, aqsaqutlu ughvughwaaghluki neghegkayuget.

aqsaqum	+?

natangani	+?

alamket	+?

ughvughwaaghluki	+?

neghegkayuget	+?

vegllugsugnit	+?

tamaakut	+?

aqsaqutlu	+?

ughvughwaaghluki	+?

neghegkayuget	+?

------------------------


------------------------
Kevighqii taakut naanlenguut, ilungan tunaaneng imighluki kevingllaqayuwiit.

kevighqii	kevighqagh-~:(ng₁)u[to.be.N][N→V]-~i[SBJ.V-ed.something][V→V]-~i[SBJ.V-ed.something][V→V]-~i[SBJ.V-ed.something][V→V]-~i[SBJ.V-ed.something][V→V]-~i[SBJ.V-ed.something][V→V][V][Intr][Opt][PRS][2Sg]
kevighqii	kevighqagh-~:(ng₁)u[to.be.N][N→V]-~i[SBJ.V-ed.something][V→V]-~i[SBJ.V-ed.something][V→V]-~i[SBJ.V-ed.something][V→V]-~i[SBJ.V-ed.something][V→V][V][Intr][Opt][PRS][2Sg]
kevighqii	kevighqagh-~:(ng₁)u[to.be.N][N→V]-~i[SBJ.V-ed.something][V→V]-~i[SBJ.V-ed.something][V→V]-~i[SBJ.V-ed.something][V→V][V][Intr][Opt][PRS][2Sg]
kevighqii	kevighqagh-~:(ng₁)u[to.be.N][N→V]-~i[SBJ.V-ed.something][V→V]-~i[SBJ.V-ed.something][V→V][V][Intr][Opt][PRS][2Sg]
kevighqii	kevighqagh-~:(ng₁)u[to.be.N][N→V]-~i[SBJ.V-ed.something][V→V][V][Intr][Opt][PRS][2Sg]
kevighqii	kevighqagh[N][Abs][3SgPoss][PlPosd]

taakut	taake[V][Intr][Ind][3Pl]

naanlenguut	+?

ilungan	ilu[N][Rel][3SgPoss][SgPosd]
ilungan	ilu[N][Rel][3SgPoss][PlPosd]

tunaaneng	tunugh[N][Abl_Mod][3SgPoss][SgPosd]
tunaaneng	tunugh[N][Abl_Mod][3SgPoss][PlPosd]

imighluki	+?

kevingllaqayuwiit	+?

------------------------
Ilungan tunaaneng uulsimiita imiqayuget.

ilungan	ilu[N][Rel][3SgPoss][SgPosd]
ilungan	ilu[N][Rel][3SgPoss][PlPosd]

tunaaneng	tunugh[N][Abl_Mod][3SgPoss][SgPosd]
tunaaneng	tunugh[N][Abl_Mod][3SgPoss][PlPosd]

uulsimiita	+?

imiqayuget	+?

------------------------
Qellungi tamaakut ama uulsimiita, tunughtuqat.

qellungi	qellu[N][Abs][3SgPoss][PlPosd]

tamaakut	+?

ama	ama

uulsimiita	+?

tunughtuqat	+?

------------------------
Whangkuta neghigataput iiskagillu, tengugillu.

whangkuta	whangkuta

neghigataput	negh-@₁~:(ng₂)igate[to.never.V][to.not.be.V-ing][V→V][V][Trns][Ind][1Pl][3Sg]
neghigataput	negh-@₁~:(ng₂)igate[to.never.V][to.not.be.V-ing][V→V][V][Trns][Ind][1Pl][3Pl]
neghigataput	neghe-@₁~:(ng₂)igate[to.never.V][to.not.be.V-ing][V→V][V][Trns][Ind][1Pl][3Sg]
neghigataput	neghe-@₁~:(ng₂)igate[to.never.V][to.not.be.V-ing][V→V][V][Trns][Ind][1Pl][3Pl]

iiskagillu	iiskag[N][Abs][3SgPoss][PlPosd]-llu[Encl]

tengugillu	tengug[N][Abs][3SgPoss][PlPosd]-llu[Encl]

------------------------
Ilangita neghaqiit.

ilangita	ila-~:(ng₁)ite**[to.lack.N][to.not.have.N][N→V][V][Intr][Intrg][3Sg]
ilangita	ila[N][Rel][3DuPoss][SgPosd]
ilangita	ila[N][Rel][3DuPoss][PlPosd]
ilangita	ila[N][Rel][3PlPoss][SgPosd]
ilangita	ila[N][Rel][3PlPoss][PlPosd]

neghaqiit	negh-~(g₁)aqe[to.be.V.ing][to.regularly.or.repeatedly.V][V→V]-~i[SBJ.V-ed.something][V→V][V][Intr][Intrg][3Pl]
neghaqiit	negh-~(g₁)aqe[to.be.V.ing][to.regularly.or.repeatedly.V][V→V]-~i[SBJ.V-ed.something][V→V][V][Intr][Ind][3Pl]
neghaqiit	negh-~(g₁)aqe[to.be.V.ing][to.regularly.or.repeatedly.V][V→V][V][Trns][Ind][3Pl][3Pl]
neghaqiit	negh-~(g₁)aqe[to.be.V.ing][to.regularly.or.repeatedly.V][V→V][V][Trns][Ind][3Du][3Sg]
neghaqiit	neghe-~(g₁)aqe[to.be.V.ing][to.regularly.or.repeatedly.V][V→V]-~i[SBJ.V-ed.something][V→V][V][Intr][Intrg][3Pl]
neghaqiit	neghe-~(g₁)aqe[to.be.V.ing][to.regularly.or.repeatedly.V][V→V]-~i[SBJ.V-ed.something][V→V][V][Intr][Ind][3Pl]
neghaqiit	neghe-~(g₁)aqe[to.be.V.ing][to.regularly.or.repeatedly.V][V→V][V][Trns][Ind][3Pl][3Pl]
neghaqiit	neghe-~(g₁)aqe[to.be.V.ing][to.regularly.or.repeatedly.V][V→V][V][Trns][Ind][3Du][3Sg]

------------------------


------------------------
Qilegyighllagi taakut, qilungi uzimun pikayuget, ikughwaaghluki qanlagighwaaghluki tunughllaget angqaperutun tawaten.

qilegyighllagi	+?

taakut	taake[V][Intr][Ind][3Pl]

qilungi	qilu[N][Abs][3SgPoss][PlPosd]

uzimun	uzimun

pikayuget	pikayug[N][Abs][Unpd][Pl]
pikayuget	pikayug[N][Rel][Unpd][Pl]

ikughwaaghluki	+?

qanlagighwaaghluki	+?

tunughllaget	tunu-–ghllag[big.N][N→N][N][Abs][Unpd][Pl]
tunughllaget	tunu-–ghllag[big.N][N→N][N][Rel][Unpd][Pl]
tunughllaget	tunugh-–ghllag[big.N][N→N][N][Abs][Unpd][Pl]
tunughllaget	tunugh-–ghllag[big.N][N→N][N][Rel][Unpd][Pl]

angqaperutun	+?

tawaten	tawaten

------------------------
Amalleqa qamaglluku yugusiinilnguq taana neghegkayuguuq.

amalleqa	amalleqa

qamaglluku	+?

yugusiinilnguq	+?

taana	taana

neghegkayuguuq	+?

------------------------


------------------------
Amii uksaanghagu melqughtughneghata allighaghqaaghtaqut.

amii	amigh-~:(ng₁)u[to.be.N][N→V]-~i[SBJ.V-ed.something][V→V]-~i[SBJ.V-ed.something][V→V]-~i[SBJ.V-ed.something][V→V]-~i[SBJ.V-ed.something][V→V]-~i[SBJ.V-ed.something][V→V][V][Intr][Opt][PRS][2Sg]
amii	amigh-~:(ng₁)u[to.be.N][N→V]-~i[SBJ.V-ed.something][V→V]-~i[SBJ.V-ed.something][V→V]-~i[SBJ.V-ed.something][V→V]-~i[SBJ.V-ed.something][V→V][V][Intr][Opt][PRS][2Sg]
amii	amigh-~:(ng₁)u[to.be.N][N→V]-~i[SBJ.V-ed.something][V→V]-~i[SBJ.V-ed.something][V→V]-~i[SBJ.V-ed.something][V→V][V][Intr][Opt][PRS][2Sg]
amii	amigh-~:(ng₁)u[to.be.N][N→V]-~i[SBJ.V-ed.something][V→V]-~i[SBJ.V-ed.something][V→V][V][Intr][Opt][PRS][2Sg]
amii	amigh-~:(ng₁)u[to.be.N][N→V]-~i[SBJ.V-ed.something][V→V][V][Intr][Opt][PRS][2Sg]
amii	amigh-~:(ng₁)u[to.be.N][N→V][V][Intr][Opt][PRS][2Sg]
amii	amigh[N][Abs][3SgPoss][SgPosd]
amii	amigh[N][Abs][3SgPoss][PlPosd]

uksaanghagu	+?

melqughtughneghata	+?

allighaghqaaghtaqut	+?

------------------------
Upenghami melqughlluugteghllagaqii makuggneghmeggni.

upenghami	+?

melqughlluugteghllagaqii	+?

makuggneghmeggni	+?

------------------------
Amiirii ugmelengestaghhaat melqeghqelengestaaghhaat asiighqaaluki saghnakaqegkangit.

amiirii	amiiragh-~:(ng₁)u[to.be.N][N→V]-~i[SBJ.V-ed.something][V→V]-~i[SBJ.V-ed.something][V→V]-~i[SBJ.V-ed.something][V→V]-~i[SBJ.V-ed.something][V→V]-~i[SBJ.V-ed.something][V→V][V][Intr][Opt][PRS][2Sg]
amiirii	amiiragh-~:(ng₁)u[to.be.N][N→V]-~i[SBJ.V-ed.something][V→V]-~i[SBJ.V-ed.something][V→V]-~i[SBJ.V-ed.something][V→V]-~i[SBJ.V-ed.something][V→V][V][Intr][Opt][PRS][2Sg]
amiirii	amiiragh-~:(ng₁)u[to.be.N][N→V]-~i[SBJ.V-ed.something][V→V]-~i[SBJ.V-ed.something][V→V]-~i[SBJ.V-ed.something][V→V][V][Intr][Opt][PRS][2Sg]
amiirii	amiiragh-~:(ng₁)u[to.be.N][N→V]-~i[SBJ.V-ed.something][V→V]-~i[SBJ.V-ed.something][V→V][V][Intr][Opt][PRS][2Sg]
amiirii	amiiragh-~:(ng₁)u[to.be.N][N→V]-~i[SBJ.V-ed.something][V→V][V][Intr][Opt][PRS][2Sg]
amiirii	amiiragh[N][Abs][3SgPoss][PlPosd]

ugmelengestaghhaat	+?

melqeghqelengestaaghhaat	+?

asiighqaaluki	+?

saghnakaqegkangit	+?

------------------------


------------------------
Taakwani nani July-mi aatkaghqaaghtaquq.

taakwani	+?

nani	nani
nani	nani[N][Abs][Unpd][Sg]

julymi	+?

aatkaghqaaghtaquq	+?

------------------------
Katamngwaaq melqughtulangi lliighaqut pinighllaget aangelghiinguyaghngaaghmeng, legan melqeghqelliighaghaqegkangi.

katamngwaaq	katamngwaagh[N][Abs][Unpd][Sg]

melqughtulangi	+?

lliighaqut	+?

pinighllaget	pi-@₁~fni[to.say.that.one.is.V-ing][Cmpd_Vbl]-–ghllaget[big.N][AUG]
pinighllaget	pi-~:(u)te[to.V.for.or.with][to.cause.to.V.as.one.is.V-ing][to.V.toward.each.other][V→V]-@₁~fni[to.say.that.one.is.V-ing][Cmpd_Vbl]-–ghllaget[big.N][AUG]
pinighllaget	pi-~:(u)te[SBJ.V-ed.something][V→V]-@₁~fni[to.say.that.one.is.V-ing][Cmpd_Vbl]-–ghllaget[big.N][AUG]
pinighllaget	pinigh-–ghllaget[big.N][AUG]

aangelghiinguyaghngaaghmeng	aange-@₁–lghii[the.one.that.V-ed][the.one.that.is.V][V→N]-~:(ng₁)u[to.be.N][N→V]-@₁~fyagh[to.go.V-ing][to.V.in.vain][V→V][V][Intr][Conc][4Pl]
aangelghiinguyaghngaaghmeng	aange-@₁–lghii[the.one.that.V-ed][the.one.that.is.V][V→N]-~:(ng₁)u[to.be.N][N→V]-~:(u)te[to.V.for.or.with][to.cause.to.V.as.one.is.V-ing][to.V.toward.each.other][V→V]-@₁~fyagh[to.go.V-ing][to.V.in.vain][V→V][V][Intr][Conc][4Pl]
aangelghiinguyaghngaaghmeng	aange-@₁–lghii[the.one.that.V-ed][the.one.that.is.V][V→N]-~:(ng₁)u[to.be.N][N→V]-~:(u)te[SBJ.V-ed.something][V→V]-@₁~fyagh[to.go.V-ing][to.V.in.vain][V→V][V][Intr][Conc][4Pl]

legan	legan

melqeghqelliighaghaqegkangi	+?

------------------------


------------------------
Ighnisti April-mi piinlighaqut kiyang, yuginaghmeng.

ighnisti	+?

aprilmi	+?

piinlighaqut	+?

kiyang	kiyang

yuginaghmeng	+?

------------------------
Kipullegtistekulluteng one week-ekaghtaan.

kipullegtistekulluteng	+?

one	+?

weekekaghtaan	+?

------------------------


------------------------
Ivgamelluta nutaan maana quyngiq atghaghluni ellmineng tamaani ighniightughaquq uvikaghamnnillu.

ivgamelluta	+?

nutaan	nutaan

maana	maana

quyngiq	quyngigh[N][Abs][Unpd][Sg]

atghaghluni	atghagh[V][Intr][Sbrd][3Sg]

ellmineng	ellmi[N][Abl_Mod][Unpd][Pl]

tamaani	+?

ighniightughaquq	+?

uvikaghamnnillu	+?

------------------------
Taklaghlluta esghapagaqaput tawaten esghapakamtestun legan, nughaat kineghnaqutnginaq aga igleghtaqut.

taklaghlluta	+?

esghapagaqaput	+?

tawaten	tawaten

esghapakamtestun	+?

legan	legan

nughaat	nughagh[N][Abs][3PlPoss][SgPosd]

kineghnaqutnginaq	+?

aga	aga

igleghtaqut	igleghte-~(g₁)aqe[to.be.V.ing][to.regularly.or.repeatedly.V][V→V][V][Intr][Ind][3Pl]

------------------------


------------------------
Umegneghuluku tiintaluteng nayughiiqut.

umegneghuluku	+?

tiintaluteng	+?

nayughiiqut	+?

------------------------
Tiintaluteng ighnistimi tawaten.

tiintaluteng	+?

ighnistimi	+?

tawaten	tawaten

------------------------
Uglaghllagyalghii quyngiq.

uglaghllagyalghii	+?

quyngiq	quyngigh[N][Abs][Unpd][Sg]

------------------------


------------------------
