1) Igaghyaghqaq egtigu.

igaghyaghqaq	igaghyaghqagh[N][Abs][Unpd][Sg]

egtigu	egte[V][Opt][PRS][2Sg][3Sg]

------------------------
2) Neghi ququngameng.

neghi	neghe[V][Opt][PRS][2Sg]
neghi	negh[V][Opt][PRS][2Sg]

ququngameng	ququngagh[N][Rel][4DuPoss][PlPosd]
ququngameng	ququngagh[N][Rel][4DuPoss][SgPosd]
ququngameng	ququngagh[N][Rel][4PlPoss][PlPosd]
ququngameng	ququngagh[N][Rel][4PlPoss][SgPosd]
ququngameng	ququngagh[N][Abl_Mod][Unpd][Sg]

------------------------
3) Pugimaaltung kiiwegni.

pugimaaltung	pugimagh[V][Opt][PRS][1Du]

kiiwegni	kiiw[N][Abs][4SgPoss][DuPosd]
kiiwegni	kiiw[N][Loc][Unpd][Du]

------------------------
4) Tugugu qayuusiq tipelegneng.

tugugu	tugu[V][Opt][PRS][2Sg][3Sg]

qayuusiq	qayuusigh[N][Abs][Unpd][Sg]

tipelegneng	tipele[N][Abl_Mod][Unpd][Du]
tipelegneng	tipeleg[N][Abl_Mod][Unpd][Pl]

------------------------
5) Lliki alquutat qulmesiitmun.

lliki	lli[V][Opt][PRS][2Sg][3Pl]
lliki	lli[V][Intrg][2Pl][3Pl]

alquutat	alquutagh[N][Abs][Unpd][Pl]
alquutat	alquutagh[N][Rel][Unpd][Pl]

qulmesiitmun	qulmesiite[N][Ter][Unpd][Sg]

------------------------
6) Kayusighnga.

kayusighnga	kayusigh[V][Opt][PRS][2Sg][1Sg]

------------------------
7) Unaami aghviilta.

unaami	unaami[N][Abs][Unpd][Sg]

aghviilta	aghvigh[V][Opt][PRS][1Pl]

------------------------
8) Qayuulta kufimeng.

qayuulta	qayugh-~:(ng)u[to.be.N][N→V][V][Opt][PRS][1Pl]
qayuulta	qayugh[V][Opt][PRS][1Pl]

kufimeng	kufi[N][Rel][4DuPoss][PlPosd]
kufimeng	kufi[N][Rel][4DuPoss][SgPosd]
kufimeng	kufi[N][Rel][4PlPoss][PlPosd]
kufimeng	kufi[N][Rel][4PlPoss][SgPosd]
kufimeng	kufi[N][Abl_Mod][Unpd][Sg]

------------------------
9) Tagitiki nekreget mangteghamun.

tagitiki	tagite[V][Opt][PRS][2Sg][3Pl]

nekreget	nekreg[N][Abs][Unpd][Pl]
nekreget	nekreg[N][Rel][Unpd][Pl]

mangteghamun	mangteghagh[N][Ter][Unpd][Sg]

------------------------
10) Neghefqaavek quugmeng.

neghefqaavek	neghe[V][Opt][NEG][2Sg]

quugmeng	quug[N][Rel][4DuPoss][PlPosd]
quugmeng	quug[N][Rel][4DuPoss][SgPosd]
quugmeng	quug[N][Rel][4PlPoss][PlPosd]
quugmeng	quug[N][Rel][4PlPoss][SgPosd]
quugmeng	quug[N][Abl_Mod][Unpd][Sg]

------------------------
11) Laalighfikiikut.

laalighfikiikut	+?

------------------------
12) Aakw kuuvefqaan.

aakw	aaw[N][Abs][Unpd][Sg]

kuuvefqaan	kuuve[V][Opt][NEG][2Sg][3Sg]
kuuvefqaan	kuuve[V][Opt][NEG][2Du][3Sg]
kuuvefqaan	kuuve[V][Opt][NEG][2Pl][3Sg]

------------------------
13) Unkusegka atuqefqaagkenka.

unkusegka	unkuse[N][Abs][1SgPoss][DuPosd]

atuqefqaagkenka	atuqe[V][Opt][NEG][2Sg][3Du]
atuqefqaagkenka	atuqe[V][Opt][NEG][2Du][3Du]
atuqefqaagkenka	atuqe[V][Opt][NEG][2Pl][3Du]

------------------------
14) Pumsufqaama.

pumsufqaama	pumsug[V][Opt][NEG][2Sg][1Sg]
pumsufqaama	pumsug[V][Opt][NEG][2Du][1Sg]
pumsufqaama	pumsug[V][Opt][NEG][2Pl][1Sg]

------------------------
15) Ukigelta esnamun.

ukigelta	ukig[V][Opt][PRS][1Pl]

esnamun	esnagh[N][Ter][Unpd][Sg]

------------------------
16) Amaa guutigu.

amaa	amaa[N][Abs][Unpd][Sg]

guutigu	guute[V][Opt][PRS][2Sg][3Sg]

------------------------
17) Keneq qaamtigu.

keneq	kenegh[N][Abs][Unpd][Sg]

qaamtigu	qaamte[V][Opt][PRS][2Sg][3Sg]

------------------------
18) Qergesek umegkek.

qergesek	qergese[N][Abs][Unpd][Du]
qergesek	qergese[N][Rel][Unpd][Du]

umegkek	umeg[V][Opt][PRS][2Sg][3Du]

------------------------
19) Amiget qelpeghtiki.

amiget	amig[N][Abs][Unpd][Pl]
amiget	amig[N][Rel][Unpd][Pl]

qelpeghtiki	qelpeghte[V][Opt][PRS][2Sg][3Pl]

------------------------
20) Tuqutefqaan puugzaq.

tuqutefqaan	tuqute[V][Opt][NEG][2Sg][3Sg]
tuqutefqaan	tuqute[V][Opt][NEG][2Du][3Sg]
tuqutefqaan	tuqute[V][Opt][NEG][2Pl][3Sg]

puugzaq	puugzagh[N][Abs][Unpd][Sg]

------------------------
21) Kaamwaaghmeng neghefqaavek.

kaamwaaghmeng	kaamwaagh[N][Rel][4DuPoss][PlPosd]
kaamwaaghmeng	kaamwaagh[N][Rel][4DuPoss][SgPosd]
kaamwaaghmeng	kaamwaagh[N][Rel][4PlPoss][PlPosd]
kaamwaaghmeng	kaamwaagh[N][Rel][4PlPoss][SgPosd]
kaamwaaghmeng	kaamwaagh[N][Abl_Mod][Unpd][Sg]

neghefqaavek	neghe[V][Opt][NEG][2Sg]

------------------------
22) Tagitiki quuget esnameng.

tagitiki	tagite[V][Opt][PRS][2Sg][3Pl]

quuget	quug[N][Abs][Unpd][Pl]
quuget	quug[N][Rel][Unpd][Pl]

esnameng	esnagh[N][Rel][4DuPoss][PlPosd]
esnameng	esnagh[N][Rel][4DuPoss][SgPosd]
esnameng	esnagh[N][Rel][4PlPoss][PlPosd]
esnameng	esnagh[N][Rel][4PlPoss][SgPosd]
esnameng	esnagh[N][Abl_Mod][Unpd][Sg]

------------------------
23) Latakaagunga yughaghtemun.

latakaagunga	lata-@₂~sf–(g₂)kau[to.have.V-ed][to.have.been.V-ed][V→V][V][Ind][1Sg]

yughaghtemun	yughaghte[N][Ter][Unpd][Sg]

------------------------
24) Kaaskaagut.

kaaskaagut	+?

------------------------
25) Taaghtam aghnamun qayunghitesqaa kufi.

taaghtam	taaghta[N][Rel][Unpd][Sg]

aghnamun	aghnagh[N][Ter][Unpd][Sg]

qayunghitesqaa	+?

kufi	kufi[N][Abs][Unpd][Sg]

------------------------
