1) Naagpek sagnegha pagunghalighnaqaqa.

naagpek	naa[N][Rel][2SgPoss][DuPosd]
naagpek	naa[N][Rel][2SgPoss][SgPosd]
naagpek	naa[N][Rel][2SgPoss][PlPosd]

sagnegha	sagnegh[N][Abs][3SgPoss][SgPosd]

pagunghalighnaqaqa	+?

------------------------
2) Taghnughhaq qinuyulghii iitghumaaq apami mangteghaanun.

taghnughhaq	taghnughhagh*[N][Abs][Unpd][Sg]

qinuyulghii	qinuyug-@₁–lghii[the.one.that.V-ed][the.one.that.is.V][V→N][N][Abs][Unpd][Sg]
qinuyulghii	qinuyug[V][Ptcp][3Sg]

iitghumaaq	itegh-@₁~:(i/u)ma[to.have.V-ed][to.have.been.V-ed][V→V]-~faagh[one.who.keeps.on.V-ing][AUG]
iitghumaaq	itegh-@₁~:(i/u)ma[to.have.V-ed][to.have.been.V-ed][V→V][V][Ind][3Sg]

apami	apa[N][Loc][Unpd][Sg]
apami	apa[N][Rel][4SgPoss][SgPosd]
apami	apa[N][Rel][4SgPoss][PlPosd]

mangteghaanun	mangteghagh[N][Ter][3SgPoss][SgPosd]
mangteghaanun	mangteghagh[N][Ter][3SgPoss][PlPosd]

------------------------
3) Yugem inimakanga veglluk eslami.

yugem	yug[N][Rel][Unpd][Sg]

inimakanga	ini-@₁~:(i/u)ma[to.have.V-ed][to.have.been.V-ed][V→V]-@*@₂~sf–(g₂)k(a)e[the.one.that.possessor.V-ed][V→N][N][Abs][3SgPoss][SgPosd]
inimakanga	ini-@₁~:(i/u)ma[to.have.V-ed][to.have.been.V-ed][V→V][V][Ptcp][3Sg][3Sg]
inimakanga	ini-@₁~:(i/u)ma[to.have.V-ed][to.have.been.V-ed][V→V][V][Cond][3Sg][1Sg]

veglluk	vegllug[N][Abs][Unpd][Sg]

eslami	esla[N][Loc][Unpd][Sg]
eslami	esla[N][Rel][4SgPoss][SgPosd]
eslami	esla[N][Rel][4SgPoss][PlPosd]

------------------------
4) Aqelqat aghulaqumalghiit Ungazimun.

aqelqat	aqelqagh[N][Abs][Unpd][Pl]
aqelqat	aqelqagh[N][Rel][Unpd][Pl]

aghulaqumalghiit	aghulaqe-@₁~:(i/u)ma[to.have.V-ed][to.have.been.V-ed][V→V]-@₁–lghii[the.one.that.V-ed][the.one.that.is.V][V→N][N][Abs][Unpd][Pl]
aghulaqumalghiit	aghulaqe-@₁~:(i/u)ma[to.have.V-ed][to.have.been.V-ed][V→V]-@₁–lghii[the.one.that.V-ed][the.one.that.is.V][V→N][N][Rel][Unpd][Pl]
aghulaqumalghiit	aghulaqe-@₁~:(i/u)ma[to.have.V-ed][to.have.been.V-ed][V→V][V][Ptcp][3Pl]

ungazimun	Ungazigh[N][Ter][Unpd][Sg]

------------------------
5) Aghnam avaqutaminun sangighqiisqumakangi sagneghet.

aghnam	aghnagh[N][Rel][Unpd][Sg]

avaqutaminun	avaqutagh[N][Ter][4SgPoss][SgPosd]
avaqutaminun	avaqutagh[N][Ter][4SgPoss][PlPosd]

sangighqiisqumakangi	+?

sagneghet	sagnegh[N][Abs][Unpd][Pl]
sagneghet	sagnegh[N][Rel][Unpd][Pl]

------------------------
6) Siqinghem ghevesimakanga veglluk kavilnguq.

siqinghem	+?

ghevesimakanga	gheve-te[to.act.on.so.as.to.cause.to.V][V→V]-@₁~:(i/u)ma[to.have.V-ed][to.have.been.V-ed][V→V]-@*@₂~sf–(g₂)k(a)e[the.one.that.possessor.V-ed][V→N][N][Abs][3SgPoss][SgPosd]

veglluk	vegllug[N][Abs][Unpd][Sg]

kavilnguq	kavite*-@*ngugh*[the.one.that.V-ed][the.one.that.is.V][V→N][N][Abs][Unpd][Sg]
kavilnguq	kavite*[V][Ptcp][3Sg]
kavilnguq	kavite*[V][Ptcp][3Du]

------------------------
7) Para ughugumaaq.

para	para[N][Abs][Unpd][Sg]

ughugumaaq	ughug[Imprs_Agnt]-@₁~:(i/u)ma[to.have.V-ed][to.have.been.V-ed][V→V]-~faagh[one.who.keeps.on.V-ing][AUG]
ughugumaaq	ughug[Imprs_Agnt]-@₁~:(i/u)ma[to.have.V-ed][to.have.been.V-ed][V→V][V][Ind][3Sg]

------------------------
8) Tengegkayuget sukalnguut nalugnaqut naayvam qaayngakun.

tengegkayuget	tengegkayug[N][Abs][Unpd][Pl]
tengegkayuget	tengegkayug[N][Rel][Unpd][Pl]

sukalnguut	sukate*-@*ngugh*[the.one.that.V-ed][the.one.that.is.V][V→N][N][Abs][Unpd][Pl]
sukalnguut	sukate*-@*ngugh*[the.one.that.V-ed][the.one.that.is.V][V→N][N][Rel][Unpd][Pl]

nalugnaqut	nalug-@₁~fnaqe[to.be.going.to.V][V→V][V][Ind][3Pl]

naayvam	naayvagh[N][Rel][Unpd][Sg]

qaayngakun	qaye[N][Via][3DuPoss][PlPosd]
qaayngakun	qaye[N][Via][3SgPoss][SgPosd]
qaayngakun	qaye[N][Via][3SgPoss][PlPosd]

------------------------
9) Gaaghutaa ugini nanuum kemekraganeng.

gaaghutaa	gaagh-~:(u)te[to.V.for.or.with][to.cause.to.V.as.one.is.V-ing][to.V.toward.each.other][V→V][V][Ind][3Sg][3Sg]

ugini	ugi[N][Loc][Unpd][Pl]
ugini	ugi[N][Abs][4SgPoss][SgPosd]
ugini	ugi[N][Abs][4SgPoss][PlPosd]

nanuum	+?

kemekraganeng	kemekrag[N][Abl_Mod][3SgPoss][SgPosd]
kemekraganeng	kemekrag[N][Abl_Mod][3SgPoss][PlPosd]

------------------------
10) Qergesek qelpeghsimaak.

qergesek	qergese[N][Abs][Unpd][Du]
qergesek	qergese[N][Rel][Unpd][Du]

qelpeghsimaak	qelpeghte-@₁~:(i/u)ma[to.have.V-ed][to.have.been.V-ed][V→V][V][Intrg][3Du]
qelpeghsimaak	qelpeghte-@₁~:(i/u)ma[to.have.V-ed][to.have.been.V-ed][V→V][V][Ind][3Du]
qelpeghsimaak	qelpeghte-@₁~:(i/u)ma[to.have.V-ed][to.have.been.V-ed][V→V][V][Ind][3Sg][3Du]

------------------------
11) Quyillget mayuulleqiit salngaget naayghamun.

quyillget	Quyilleg[N][Abs][Unpd][Pl]
quyillget	Quyilleg[N][Rel][Unpd][Pl]

mayuulleqiit	mayugh-~:(u)te[to.V.for.or.with][to.cause.to.V.as.one.is.V-ing][to.V.toward.each.other][V→V]-te[to.act.on.so.as.to.cause.to.V][V→V]-@₁lleqe[will.V][V→V]-~i[SBJ.V-ed.something][V→V][V][Intrg][3Pl]
mayuulleqiit	mayugh-~:(u)te[to.V.for.or.with][to.cause.to.V.as.one.is.V-ing][to.V.toward.each.other][V→V]-te[to.act.on.so.as.to.cause.to.V][V→V]-@₁lleqe[will.V][V→V]-~i[SBJ.V-ed.something][V→V][V][Ind][3Pl]
mayuulleqiit	mayugh-~:(u)te[to.V.for.or.with][to.cause.to.V.as.one.is.V-ing][to.V.toward.each.other][V→V]-te[to.act.on.so.as.to.cause.to.V][V→V]-@₁lleqe[will.V][V→V][V][Ind][3Du][3Sg]
mayuulleqiit	mayugh-~:(u)te[to.V.for.or.with][to.cause.to.V.as.one.is.V-ing][to.V.toward.each.other][V→V]-te[to.act.on.so.as.to.cause.to.V][V→V]-@₁lleqe[will.V][V→V][V][Ind][3Pl][3Pl]
mayuulleqiit	mayugh-~:(u)te[to.V.for.or.with][to.cause.to.V.as.one.is.V-ing][to.V.toward.each.other][V→V]-@₁lleqe[will.V][V→V]-~i[SBJ.V-ed.something][V→V][V][Intrg][3Pl]
mayuulleqiit	mayugh-~:(u)te[to.V.for.or.with][to.cause.to.V.as.one.is.V-ing][to.V.toward.each.other][V→V]-@₁lleqe[will.V][V→V]-~i[SBJ.V-ed.something][V→V][V][Ind][3Pl]
mayuulleqiit	mayugh-~:(u)te[to.V.for.or.with][to.cause.to.V.as.one.is.V-ing][to.V.toward.each.other][V→V]-@₁lleqe[will.V][V→V][V][Ind][3Du][3Sg]
mayuulleqiit	mayugh-~:(u)te[to.V.for.or.with][to.cause.to.V.as.one.is.V-ing][to.V.toward.each.other][V→V]-@₁lleqe[will.V][V→V][V][Ind][3Pl][3Pl]
mayuulleqiit	mayugh-~:(u)te[condition.with.respect.to.V-ing][V→N]-te[to.catch.N][to.go.to.N][N→V]-@₁lleqe[will.V][V→V]-~i[SBJ.V-ed.something][V→V][V][Intrg][3Pl]
mayuulleqiit	mayugh-~:(u)te[condition.with.respect.to.V-ing][V→N]-te[to.catch.N][to.go.to.N][N→V]-@₁lleqe[will.V][V→V]-~i[SBJ.V-ed.something][V→V][V][Ind][3Pl]
mayuulleqiit	mayugh-~:(u)te[SBJ.V-ed.something][V→V]-te[to.act.on.so.as.to.cause.to.V][V→V]-@₁lleqe[will.V][V→V]-~i[SBJ.V-ed.something][V→V][V][Intrg][3Pl]
mayuulleqiit	mayugh-~:(u)te[SBJ.V-ed.something][V→V]-te[to.act.on.so.as.to.cause.to.V][V→V]-@₁lleqe[will.V][V→V]-~i[SBJ.V-ed.something][V→V][V][Ind][3Pl]
mayuulleqiit	mayugh-~:(u)te[SBJ.V-ed.something][V→V]-@₁lleqe[will.V][V→V]-~i[SBJ.V-ed.something][V→V][V][Intrg][3Pl]
mayuulleqiit	mayugh-~:(u)te[SBJ.V-ed.something][V→V]-@₁lleqe[will.V][V→V]-~i[SBJ.V-ed.something][V→V][V][Ind][3Pl]

salngaget	salngag[N][Abs][Unpd][Pl]
salngaget	salngag[N][Rel][Unpd][Pl]

naayghamun	naayghagh[N][Ter][Unpd][Sg]

------------------------
12) Estugam eflugaa aallgumaaq.

estugam	estugagh[N][Rel][Unpd][Sg]

eflugaa	eflugagh-~:(ng₁)u[to.be.N][N→V][V][Opt][PRS][2Sg]
eflugaa	eflugagh[N][Abs][3SgPoss][SgPosd]

aallgumaaq	alleg-@₁~:(i/u)ma[to.have.V-ed][to.have.been.V-ed][V→V]-~faagh[one.who.keeps.on.V-ing][AUG]
aallgumaaq	alleg-@₁~:(i/u)ma[to.have.V-ed][to.have.been.V-ed][V→V][V][Ind][3Sg]

------------------------
13) Siivanlleghem mekelghiighmun paaghtestii alquutat.

siivanlleghem	siivanllegh[N][Rel][Unpd][Sg]

mekelghiighmun	mekelghiigh[N][Ter][Unpd][Sg]

paaghtestii	paagh-te[to.act.on.so.as.to.cause.to.V][V→V]-(te)ste[to.have.make.or.let.one.V][Cmpd_Vbl]-~i[SBJ.V-ed.something][V→V]-~i[SBJ.V-ed.something][V→V]-~i[SBJ.V-ed.something][V→V]-~i[SBJ.V-ed.something][V→V]-~i[SBJ.V-ed.something][V→V][V][Opt][PRS][2Sg]
paaghtestii	paagh-te[to.act.on.so.as.to.cause.to.V][V→V]-(te)ste[to.have.make.or.let.one.V][Cmpd_Vbl]-~i[SBJ.V-ed.something][V→V]-~i[SBJ.V-ed.something][V→V]-~i[SBJ.V-ed.something][V→V]-~i[SBJ.V-ed.something][V→V][V][Opt][PRS][2Sg]
paaghtestii	paagh-te[to.act.on.so.as.to.cause.to.V][V→V]-(te)ste[to.have.make.or.let.one.V][Cmpd_Vbl]-~i[SBJ.V-ed.something][V→V]-~i[SBJ.V-ed.something][V→V]-~i[SBJ.V-ed.something][V→V][V][Opt][PRS][2Sg]
paaghtestii	paagh-te[to.act.on.so.as.to.cause.to.V][V→V]-(te)ste[to.have.make.or.let.one.V][Cmpd_Vbl]-~i[SBJ.V-ed.something][V→V]-~i[SBJ.V-ed.something][V→V][V][Opt][PRS][2Sg]
paaghtestii	paagh-te[to.act.on.so.as.to.cause.to.V][V→V]-(te)ste[to.have.make.or.let.one.V][Cmpd_Vbl]-~i[SBJ.V-ed.something][V→V][V][Intrg][3Sg]
paaghtestii	paagh-te[to.act.on.so.as.to.cause.to.V][V→V]-(te)ste[to.have.make.or.let.one.V][Cmpd_Vbl][V][Ind][3Sg][3Pl]
paaghtestii	paagh-(te)ste[to.have.make.or.let.one.V][Cmpd_Vbl]-~i[SBJ.V-ed.something][V→V]-~i[SBJ.V-ed.something][V→V]-~i[SBJ.V-ed.something][V→V]-~i[SBJ.V-ed.something][V→V]-~i[SBJ.V-ed.something][V→V][V][Opt][PRS][2Sg]
paaghtestii	paagh-(te)ste[to.have.make.or.let.one.V][Cmpd_Vbl]-~i[SBJ.V-ed.something][V→V]-~i[SBJ.V-ed.something][V→V]-~i[SBJ.V-ed.something][V→V]-~i[SBJ.V-ed.something][V→V][V][Opt][PRS][2Sg]
paaghtestii	paagh-(te)ste[to.have.make.or.let.one.V][Cmpd_Vbl]-~i[SBJ.V-ed.something][V→V]-~i[SBJ.V-ed.something][V→V]-~i[SBJ.V-ed.something][V→V][V][Opt][PRS][2Sg]
paaghtestii	paagh-(te)ste[to.have.make.or.let.one.V][Cmpd_Vbl]-~i[SBJ.V-ed.something][V→V]-~i[SBJ.V-ed.something][V→V][V][Opt][PRS][2Sg]
paaghtestii	paagh-(te)ste[to.have.make.or.let.one.V][Cmpd_Vbl]-~i[SBJ.V-ed.something][V→V][V][Intrg][3Sg]
paaghtestii	paagh-(te)ste[to.have.make.or.let.one.V][Cmpd_Vbl][V][Ind][3Sg][3Pl]

alquutat	alquutagh[N][Abs][Unpd][Pl]
alquutat	alquutagh[N][Rel][Unpd][Pl]

------------------------
14) Esghaatunga Purekimeng teflilegmeng esnami.

esghaatunga	esghaate[V][Ind][1Sg]
esghaatunga	esghagh-~:(u)te[SBJ.V-ed.something][V→V][V][Ind][1Sg]

purekimeng	Pureki[N][Rel][4DuPoss][SgPosd]
purekimeng	Pureki[N][Rel][4DuPoss][PlPosd]
purekimeng	Pureki[N][Rel][4PlPoss][SgPosd]
purekimeng	Pureki[N][Rel][4PlPoss][PlPosd]
purekimeng	Pureki[N][Abl_Mod][Unpd][Sg]

teflilegmeng	tefli-–leg[one.having.N][N→N][N][Rel][4DuPoss][SgPosd]
teflilegmeng	tefli-–leg[one.having.N][N→N][N][Rel][4DuPoss][PlPosd]
teflilegmeng	tefli-–leg[one.having.N][N→N][N][Rel][4PlPoss][SgPosd]
teflilegmeng	tefli-–leg[one.having.N][N→N][N][Rel][4PlPoss][PlPosd]
teflilegmeng	tefli-–leg[one.having.N][N→N][N][Abl_Mod][Unpd][Sg]

esnami	esnagh[N][Loc][Unpd][Sg]
esnami	esnagh[N][Rel][4SgPoss][SgPosd]
esnami	esnagh[N][Rel][4SgPoss][PlPosd]

------------------------
15) Awataghpak ghhuughumaken.

awataghpak	awataghpag[N][Abs][Unpd][Sg]

ghhuughumaken	ghhuugh-@₁~:(i/u)ma[to.have.V-ed][to.have.been.V-ed][V→V]-@*@₂~sf–(g₂)k(a)e[the.one.that.possessor.V-ed][V→N][N][Abs][2SgPoss][SgPosd]
ghhuughumaken	ghhuugh-@₁~:(i/u)ma[to.have.V-ed][to.have.been.V-ed][V→V][V][Ptcp][2Sg][3Sg]

------------------------
16) Akitutaqukung igaghvigmi quunpeng.

akitutaqukung	akite-~:(u)te[SBJ.V-ed.something][V→V]-~(g₁)aqe[to.be.V.ing][to.regularly.or.repeatedly.V][V→V][V][Ind][1Du]
akitutaqukung	aki-te[to.catch.N][to.go.to.N][N→V]-~:(u)te[to.V.for.or.with][to.cause.to.V.as.one.is.V-ing][to.V.toward.each.other][V→V]-~(g₁)aqe[to.be.V.ing][to.regularly.or.repeatedly.V][V→V][V][Ind][1Du]
akitutaqukung	aki-te[to.catch.N][to.go.to.N][N→V]-~:(u)te[SBJ.V-ed.something][V→V]-~(g₁)aqe[to.be.V.ing][to.regularly.or.repeatedly.V][V→V][V][Ind][1Du]

igaghvigmi	igaghvig[N][Loc][Unpd][Sg]
igaghvigmi	igaghvig[N][Rel][4SgPoss][SgPosd]
igaghvigmi	igaghvig[N][Rel][4SgPoss][PlPosd]

quunpeng	quunpeng

------------------------
17) Apeghtughistem tuunelleqii tuquuqat taaghtamun suflugalegmun naavumalghiimeng.

apeghtughistem	apeghtughiste[N][Rel][Unpd][Sg]

tuunelleqii	tuune-te[to.act.on.so.as.to.cause.to.V][V→V]-@₁lleqe[will.V][V→V]-~i[SBJ.V-ed.something][V→V]-~i[SBJ.V-ed.something][V→V]-~i[SBJ.V-ed.something][V→V]-~i[SBJ.V-ed.something][V→V]-~i[SBJ.V-ed.something][V→V][V][Opt][PRS][2Sg]
tuunelleqii	tuune-te[to.act.on.so.as.to.cause.to.V][V→V]-@₁lleqe[will.V][V→V]-~i[SBJ.V-ed.something][V→V]-~i[SBJ.V-ed.something][V→V]-~i[SBJ.V-ed.something][V→V]-~i[SBJ.V-ed.something][V→V][V][Opt][PRS][2Sg]
tuunelleqii	tuune-te[to.act.on.so.as.to.cause.to.V][V→V]-@₁lleqe[will.V][V→V]-~i[SBJ.V-ed.something][V→V]-~i[SBJ.V-ed.something][V→V]-~i[SBJ.V-ed.something][V→V][V][Opt][PRS][2Sg]
tuunelleqii	tuune-te[to.act.on.so.as.to.cause.to.V][V→V]-@₁lleqe[will.V][V→V]-~i[SBJ.V-ed.something][V→V]-~i[SBJ.V-ed.something][V→V][V][Opt][PRS][2Sg]
tuunelleqii	tuune-te[to.act.on.so.as.to.cause.to.V][V→V]-@₁lleqe[will.V][V→V]-~i[SBJ.V-ed.something][V→V][V][Intrg][3Sg]
tuunelleqii	tuune-te[to.act.on.so.as.to.cause.to.V][V→V]-@₁lleqe[will.V][V→V][V][Ind][3Sg][3Pl]
tuunelleqii	tuune-@₁lleqe[will.V][V→V]-~i[SBJ.V-ed.something][V→V]-~i[SBJ.V-ed.something][V→V]-~i[SBJ.V-ed.something][V→V]-~i[SBJ.V-ed.something][V→V]-~i[SBJ.V-ed.something][V→V][V][Opt][PRS][2Sg]
tuunelleqii	tuune-@₁lleqe[will.V][V→V]-~i[SBJ.V-ed.something][V→V]-~i[SBJ.V-ed.something][V→V]-~i[SBJ.V-ed.something][V→V]-~i[SBJ.V-ed.something][V→V][V][Opt][PRS][2Sg]
tuunelleqii	tuune-@₁lleqe[will.V][V→V]-~i[SBJ.V-ed.something][V→V]-~i[SBJ.V-ed.something][V→V]-~i[SBJ.V-ed.something][V→V][V][Opt][PRS][2Sg]
tuunelleqii	tuune-@₁lleqe[will.V][V→V]-~i[SBJ.V-ed.something][V→V]-~i[SBJ.V-ed.something][V→V][V][Opt][PRS][2Sg]
tuunelleqii	tuune-@₁lleqe[will.V][V→V]-~i[SBJ.V-ed.something][V→V][V][Intrg][3Sg]
tuunelleqii	tuune-@₁lleqe[will.V][V→V][V][Ind][3Sg][3Pl]

tuquuqat	tuquuqagh[N][Abs][Unpd][Pl]
tuquuqat	tuquuqagh[N][Rel][Unpd][Pl]

taaghtamun	taaghta[N][Ter][Unpd][Sg]

suflugalegmun	suflugagh-–leg[one.having.N][N→N][N][Ter][Unpd][Sg]

naavumalghiimeng	naave-@₁~:(i/u)ma[to.have.V-ed][to.have.been.V-ed][V→V]-@₁–lghii[the.one.that.V-ed][the.one.that.is.V][V→N][N][Rel][4DuPoss][SgPosd]
naavumalghiimeng	naave-@₁~:(i/u)ma[to.have.V-ed][to.have.been.V-ed][V→V]-@₁–lghii[the.one.that.V-ed][the.one.that.is.V][V→N][N][Rel][4DuPoss][PlPosd]
naavumalghiimeng	naave-@₁~:(i/u)ma[to.have.V-ed][to.have.been.V-ed][V→V]-@₁–lghii[the.one.that.V-ed][the.one.that.is.V][V→N][N][Rel][4PlPoss][SgPosd]
naavumalghiimeng	naave-@₁~:(i/u)ma[to.have.V-ed][to.have.been.V-ed][V→V]-@₁–lghii[the.one.that.V-ed][the.one.that.is.V][V→N][N][Rel][4PlPoss][PlPosd]
naavumalghiimeng	naave-@₁~:(i/u)ma[to.have.V-ed][to.have.been.V-ed][V→V]-@₁–lghii[the.one.that.V-ed][the.one.that.is.V][V→N][N][Abl_Mod][Unpd][Sg]

------------------------
18) Atiimaaq tukumtung eltughaa.

atiimaaq	+?

tukumtung	tukugh*[N][Rel][1DuPoss][SgPosd]
tukumtung	tukugh*[N][Rel][1DuPoss][PlPosd]

eltughaa	eltughagh*-~:(ng₁)u[to.be.N][N→V][V][Opt][PRS][2Sg]
eltughaa	eltughagh*[N][Abs][3SgPoss][SgPosd]

------------------------
19) Karakem Quyillegtilghiim neghyugaa nefkuuraq.

karakem	Karake[N][Rel][Unpd][Sg]

quyillegtilghiim	Quyilleg-te[to.catch.N][to.go.to.N][N→V]-~i[SBJ.V-ed.something][V→V]-@₁–lghii[the.one.that.V-ed][the.one.that.is.V][V→N][N][Rel][Unpd][Sg]
quyillegtilghiim	Quyilleg-ti[to.speak.the.language.of.N][N→V]-@₁–lghii[the.one.that.V-ed][the.one.that.is.V][V→N][N][Rel][Unpd][Sg]

neghyugaa	negh-@₁~fyug[to.want.to.V][V→V][V][Ind][3Sg][3Sg]
neghyugaa	neghe-@₁~fyug[to.want.to.V][V→V][V][Ind][3Sg][3Sg]

nefkuuraq	nefkuuragh[N][Abs][Unpd][Sg]

------------------------
20) Aghnaghaam aghmilghiim atuqnaqaa vegllugen.

aghnaghaam	aghnaghagh*[N][Rel][Unpd][Sg]

aghmilghiim	aghmig-@₁–lghii[the.one.that.V-ed][the.one.that.is.V][V→N][N][Rel][Unpd][Sg]

atuqnaqaa	atugh-@*@₂~sf–(g₂)k(a)e[the.one.that.possessor.V-ed][V→N]-te[to.catch.N][to.go.to.N][N→V]-@₁~fna[in.order.to.V][intending.to.V][V→V]-te[to.act.on.so.as.to.cause.to.V][V→V]-te[to.act.on.so.as.to.cause.to.V][V→V]-te[to.act.on.so.as.to.cause.to.V][V→V]-te[to.act.on.so.as.to.cause.to.V][V→V]-@₁qugh[to.V.completely][V][Opt][PRS][2Sg]
atuqnaqaa	atugh-@*@₂~sf–(g₂)k(a)e[the.one.that.possessor.V-ed][V→N]-te[to.catch.N][to.go.to.N][N→V]-@₁~fna[in.order.to.V][intending.to.V][V→V]-te[to.act.on.so.as.to.cause.to.V][V→V]-te[to.act.on.so.as.to.cause.to.V][V→V]-te[to.act.on.so.as.to.cause.to.V][V→V]-@₁qugh[to.V.completely][V][Opt][PRS][2Sg]
atuqnaqaa	atugh-@*@₂~sf–(g₂)k(a)e[the.one.that.possessor.V-ed][V→N]-te[to.catch.N][to.go.to.N][N→V]-@₁~fna[in.order.to.V][intending.to.V][V→V]-te[to.act.on.so.as.to.cause.to.V][V→V]-te[to.act.on.so.as.to.cause.to.V][V→V]-@₁qugh[to.V.completely][V][Opt][PRS][2Sg]
atuqnaqaa	atugh-@*@₂~sf–(g₂)k(a)e[the.one.that.possessor.V-ed][V→N]-te[to.catch.N][to.go.to.N][N→V]-@₁~fna[in.order.to.V][intending.to.V][V→V]-te[to.act.on.so.as.to.cause.to.V][V→V]-@₁qugh[to.V.completely][V][Opt][PRS][2Sg]
atuqnaqaa	atugh-@*@₂~sf–(g₂)k(a)e[the.one.that.possessor.V-ed][V→N]-te[to.catch.N][to.go.to.N][N→V]-@₁~fna[in.order.to.V][intending.to.V][V→V]-~:(u)te[to.V.for.or.with][to.cause.to.V.as.one.is.V-ing][to.V.toward.each.other][V→V]-te[to.act.on.so.as.to.cause.to.V][V→V]-te[to.act.on.so.as.to.cause.to.V][V→V]-te[to.act.on.so.as.to.cause.to.V][V→V]-te[to.act.on.so.as.to.cause.to.V][V→V]-@₁qugh[to.V.completely][V][Opt][PRS][2Sg]
atuqnaqaa	atugh-@*@₂~sf–(g₂)k(a)e[the.one.that.possessor.V-ed][V→N]-te[to.catch.N][to.go.to.N][N→V]-@₁~fna[in.order.to.V][intending.to.V][V→V]-~:(u)te[to.V.for.or.with][to.cause.to.V.as.one.is.V-ing][to.V.toward.each.other][V→V]-te[to.act.on.so.as.to.cause.to.V][V→V]-te[to.act.on.so.as.to.cause.to.V][V→V]-te[to.act.on.so.as.to.cause.to.V][V→V]-@₁qugh[to.V.completely][V][Opt][PRS][2Sg]
atuqnaqaa	atugh-@*@₂~sf–(g₂)k(a)e[the.one.that.possessor.V-ed][V→N]-te[to.catch.N][to.go.to.N][N→V]-@₁~fna[in.order.to.V][intending.to.V][V→V]-~:(u)te[to.V.for.or.with][to.cause.to.V.as.one.is.V-ing][to.V.toward.each.other][V→V]-te[to.act.on.so.as.to.cause.to.V][V→V]-te[to.act.on.so.as.to.cause.to.V][V→V]-@₁qugh[to.V.completely][V][Opt][PRS][2Sg]
atuqnaqaa	atugh-@*@₂~sf–(g₂)k(a)e[the.one.that.possessor.V-ed][V→N]-te[to.catch.N][to.go.to.N][N→V]-@₁~fna[in.order.to.V][intending.to.V][V→V]-~:(u)te[to.V.for.or.with][to.cause.to.V.as.one.is.V-ing][to.V.toward.each.other][V→V]-te[to.act.on.so.as.to.cause.to.V][V→V]-@₁qugh[to.V.completely][V][Opt][PRS][2Sg]
atuqnaqaa	atugh-@*@₂~sf–(g₂)k(a)e[the.one.that.possessor.V-ed][V→N]-te[to.catch.N][to.go.to.N][N→V]-@₁~fna[in.order.to.V][intending.to.V][V→V]-~:(u)te[to.V.for.or.with][to.cause.to.V.as.one.is.V-ing][to.V.toward.each.other][V→V]-@₁qugh[to.V.completely][V][Opt][PRS][2Sg]
atuqnaqaa	atugh-@*@₂~sf–(g₂)k(a)e[the.one.that.possessor.V-ed][V→N]-te[to.catch.N][to.go.to.N][N→V]-@₁~fna[in.order.to.V][intending.to.V][V→V]-~:(u)te[condition.with.respect.to.V-ing][V→N]-te[to.catch.N][to.go.to.N][N→V]-te[to.act.on.so.as.to.cause.to.V][V→V]-te[to.act.on.so.as.to.cause.to.V][V→V]-te[to.act.on.so.as.to.cause.to.V][V→V]-@₁qugh[to.V.completely][V][Opt][PRS][2Sg]
atuqnaqaa	atugh-@*@₂~sf–(g₂)k(a)e[the.one.that.possessor.V-ed][V→N]-te[to.catch.N][to.go.to.N][N→V]-@₁~fna[in.order.to.V][intending.to.V][V→V]-~:(u)te[condition.with.respect.to.V-ing][V→N]-te[to.catch.N][to.go.to.N][N→V]-te[to.act.on.so.as.to.cause.to.V][V→V]-te[to.act.on.so.as.to.cause.to.V][V→V]-@₁qugh[to.V.completely][V][Opt][PRS][2Sg]
atuqnaqaa	atugh-@*@₂~sf–(g₂)k(a)e[the.one.that.possessor.V-ed][V→N]-te[to.catch.N][to.go.to.N][N→V]-@₁~fna[in.order.to.V][intending.to.V][V→V]-~:(u)te[condition.with.respect.to.V-ing][V→N]-te[to.catch.N][to.go.to.N][N→V]-te[to.act.on.so.as.to.cause.to.V][V→V]-@₁qugh[to.V.completely][V][Opt][PRS][2Sg]
atuqnaqaa	atugh-@*@₂~sf–(g₂)k(a)e[the.one.that.possessor.V-ed][V→N]-te[to.catch.N][to.go.to.N][N→V]-@₁~fna[in.order.to.V][intending.to.V][V→V]-~:(u)te[condition.with.respect.to.V-ing][V→N]-te[to.catch.N][to.go.to.N][N→V]-@₁qugh[to.V.completely][V][Opt][PRS][2Sg]
atuqnaqaa	atugh-@*@₂~sf–(g₂)k(a)e[the.one.that.possessor.V-ed][V→N]-te[to.catch.N][to.go.to.N][N→V]-@₁~fna[in.order.to.V][intending.to.V][V→V]-~:(u)te[SBJ.V-ed.something][V→V]-te[to.act.on.so.as.to.cause.to.V][V→V]-te[to.act.on.so.as.to.cause.to.V][V→V]-te[to.act.on.so.as.to.cause.to.V][V→V]-te[to.act.on.so.as.to.cause.to.V][V→V]-@₁qugh[to.V.completely][V][Opt][PRS][2Sg]
atuqnaqaa	atugh-@*@₂~sf–(g₂)k(a)e[the.one.that.possessor.V-ed][V→N]-te[to.catch.N][to.go.to.N][N→V]-@₁~fna[in.order.to.V][intending.to.V][V→V]-~:(u)te[SBJ.V-ed.something][V→V]-te[to.act.on.so.as.to.cause.to.V][V→V]-te[to.act.on.so.as.to.cause.to.V][V→V]-te[to.act.on.so.as.to.cause.to.V][V→V]-@₁qugh[to.V.completely][V][Opt][PRS][2Sg]
atuqnaqaa	atugh-@*@₂~sf–(g₂)k(a)e[the.one.that.possessor.V-ed][V→N]-te[to.catch.N][to.go.to.N][N→V]-@₁~fna[in.order.to.V][intending.to.V][V→V]-~:(u)te[SBJ.V-ed.something][V→V]-te[to.act.on.so.as.to.cause.to.V][V→V]-te[to.act.on.so.as.to.cause.to.V][V→V]-@₁qugh[to.V.completely][V][Opt][PRS][2Sg]
atuqnaqaa	atugh-@*@₂~sf–(g₂)k(a)e[the.one.that.possessor.V-ed][V→N]-te[to.catch.N][to.go.to.N][N→V]-@₁~fna[in.order.to.V][intending.to.V][V→V]-~:(u)te[SBJ.V-ed.something][V→V]-te[to.act.on.so.as.to.cause.to.V][V→V]-@₁qugh[to.V.completely][V][Opt][PRS][2Sg]
atuqnaqaa	atugh-@*@₂~sf–(g₂)k(a)e[the.one.that.possessor.V-ed][V→N]-te[to.catch.N][to.go.to.N][N→V]-@₁~fna[in.order.to.V][intending.to.V][V→V]-~:(u)te[SBJ.V-ed.something][V→V]-@₁qugh[to.V.completely][V][Opt][PRS][2Sg]
atuqnaqaa	atugh-@*@₂~sf–(g₂)k(a)e[the.one.that.possessor.V-ed][V→N]-te[to.catch.N][to.go.to.N][N→V]-@₁~fna[in.order.to.V][intending.to.V][V→V]-@₁qugh[to.V.completely][V][Opt][PRS][2Sg]
atuqnaqaa	atugh-@*@₂~sf–(g₂)k(a)e[the.one.that.possessor.V-ed][V→N]-te[to.catch.N][to.go.to.N][N→V]-te[to.act.on.so.as.to.cause.to.V][V→V]-@₁~fna[in.order.to.V][intending.to.V][V→V]-te[to.act.on.so.as.to.cause.to.V][V→V]-te[to.act.on.so.as.to.cause.to.V][V→V]-te[to.act.on.so.as.to.cause.to.V][V→V]-te[to.act.on.so.as.to.cause.to.V][V→V]-@₁qugh[to.V.completely][V][Opt][PRS][2Sg]
atuqnaqaa	atugh-@*@₂~sf–(g₂)k(a)e[the.one.that.possessor.V-ed][V→N]-te[to.catch.N][to.go.to.N][N→V]-te[to.act.on.so.as.to.cause.to.V][V→V]-@₁~fna[in.order.to.V][intending.to.V][V→V]-te[to.act.on.so.as.to.cause.to.V][V→V]-te[to.act.on.so.as.to.cause.to.V][V→V]-te[to.act.on.so.as.to.cause.to.V][V→V]-@₁qugh[to.V.completely][V][Opt][PRS][2Sg]
atuqnaqaa	atugh-@*@₂~sf–(g₂)k(a)e[the.one.that.possessor.V-ed][V→N]-te[to.catch.N][to.go.to.N][N→V]-te[to.act.on.so.as.to.cause.to.V][V→V]-@₁~fna[in.order.to.V][intending.to.V][V→V]-te[to.act.on.so.as.to.cause.to.V][V→V]-te[to.act.on.so.as.to.cause.to.V][V→V]-@₁qugh[to.V.completely][V][Opt][PRS][2Sg]
atuqnaqaa	atugh-@*@₂~sf–(g₂)k(a)e[the.one.that.possessor.V-ed][V→N]-te[to.catch.N][to.go.to.N][N→V]-te[to.act.on.so.as.to.cause.to.V][V→V]-@₁~fna[in.order.to.V][intending.to.V][V→V]-te[to.act.on.so.as.to.cause.to.V][V→V]-@₁qugh[to.V.completely][V][Opt][PRS][2Sg]
atuqnaqaa	atugh-@*@₂~sf–(g₂)k(a)e[the.one.that.possessor.V-ed][V→N]-te[to.catch.N][to.go.to.N][N→V]-te[to.act.on.so.as.to.cause.to.V][V→V]-@₁~fna[in.order.to.V][intending.to.V][V→V]-~:(u)te[to.V.for.or.with][to.cause.to.V.as.one.is.V-ing][to.V.toward.each.other][V→V]-te[to.act.on.so.as.to.cause.to.V][V→V]-te[to.act.on.so.as.to.cause.to.V][V→V]-te[to.act.on.so.as.to.cause.to.V][V→V]-te[to.act.on.so.as.to.cause.to.V][V→V]-@₁qugh[to.V.completely][V][Opt][PRS][2Sg]
atuqnaqaa	atugh-@*@₂~sf–(g₂)k(a)e[the.one.that.possessor.V-ed][V→N]-te[to.catch.N][to.go.to.N][N→V]-te[to.act.on.so.as.to.cause.to.V][V→V]-@₁~fna[in.order.to.V][intending.to.V][V→V]-~:(u)te[to.V.for.or.with][to.cause.to.V.as.one.is.V-ing][to.V.toward.each.other][V→V]-te[to.act.on.so.as.to.cause.to.V][V→V]-te[to.act.on.so.as.to.cause.to.V][V→V]-te[to.act.on.so.as.to.cause.to.V][V→V]-@₁qugh[to.V.completely][V][Opt][PRS][2Sg]
atuqnaqaa	atugh-@*@₂~sf–(g₂)k(a)e[the.one.that.possessor.V-ed][V→N]-te[to.catch.N][to.go.to.N][N→V]-te[to.act.on.so.as.to.cause.to.V][V→V]-@₁~fna[in.order.to.V][intending.to.V][V→V]-~:(u)te[to.V.for.or.with][to.cause.to.V.as.one.is.V-ing][to.V.toward.each.other][V→V]-te[to.act.on.so.as.to.cause.to.V][V→V]-te[to.act.on.so.as.to.cause.to.V][V→V]-@₁qugh[to.V.completely][V][Opt][PRS][2Sg]
atuqnaqaa	atugh-@*@₂~sf–(g₂)k(a)e[the.one.that.possessor.V-ed][V→N]-te[to.catch.N][to.go.to.N][N→V]-te[to.act.on.so.as.to.cause.to.V][V→V]-@₁~fna[in.order.to.V][intending.to.V][V→V]-~:(u)te[to.V.for.or.with][to.cause.to.V.as.one.is.V-ing][to.V.toward.each.other][V→V]-te[to.act.on.so.as.to.cause.to.V][V→V]-@₁qugh[to.V.completely][V][Opt][PRS][2Sg]
atuqnaqaa	atugh-@*@₂~sf–(g₂)k(a)e[the.one.that.possessor.V-ed][V→N]-te[to.catch.N][to.go.to.N][N→V]-te[to.act.on.so.as.to.cause.to.V][V→V]-@₁~fna[in.order.to.V][intending.to.V][V→V]-~:(u)te[to.V.for.or.with][to.cause.to.V.as.one.is.V-ing][to.V.toward.each.other][V→V]-@₁qugh[to.V.completely][V][Opt][PRS][2Sg]
atuqnaqaa	atugh-@*@₂~sf–(g₂)k(a)e[the.one.that.possessor.V-ed][V→N]-te[to.catch.N][to.go.to.N][N→V]-te[to.act.on.so.as.to.cause.to.V][V→V]-@₁~fna[in.order.to.V][intending.to.V][V→V]-~:(u)te[condition.with.respect.to.V-ing][V→N]-te[to.catch.N][to.go.to.N][N→V]-te[to.act.on.so.as.to.cause.to.V][V→V]-te[to.act.on.so.as.to.cause.to.V][V→V]-te[to.act.on.so.as.to.cause.to.V][V→V]-@₁qugh[to.V.completely][V][Opt][PRS][2Sg]
atuqnaqaa	atugh-@*@₂~sf–(g₂)k(a)e[the.one.that.possessor.V-ed][V→N]-te[to.catch.N][to.go.to.N][N→V]-te[to.act.on.so.as.to.cause.to.V][V→V]-@₁~fna[in.order.to.V][intending.to.V][V→V]-~:(u)te[condition.with.respect.to.V-ing][V→N]-te[to.catch.N][to.go.to.N][N→V]-te[to.act.on.so.as.to.cause.to.V][V→V]-te[to.act.on.so.as.to.cause.to.V][V→V]-@₁qugh[to.V.completely][V][Opt][PRS][2Sg]
atuqnaqaa	atugh-@*@₂~sf–(g₂)k(a)e[the.one.that.possessor.V-ed][V→N]-te[to.catch.N][to.go.to.N][N→V]-te[to.act.on.so.as.to.cause.to.V][V→V]-@₁~fna[in.order.to.V][intending.to.V][V→V]-~:(u)te[condition.with.respect.to.V-ing][V→N]-te[to.catch.N][to.go.to.N][N→V]-te[to.act.on.so.as.to.cause.to.V][V→V]-@₁qugh[to.V.completely][V][Opt][PRS][2Sg]
atuqnaqaa	atugh-@*@₂~sf–(g₂)k(a)e[the.one.that.possessor.V-ed][V→N]-te[to.catch.N][to.go.to.N][N→V]-te[to.act.on.so.as.to.cause.to.V][V→V]-@₁~fna[in.order.to.V][intending.to.V][V→V]-~:(u)te[condition.with.respect.to.V-ing][V→N]-te[to.catch.N][to.go.to.N][N→V]-@₁qugh[to.V.completely][V][Opt][PRS][2Sg]
atuqnaqaa	atugh-@*@₂~sf–(g₂)k(a)e[the.one.that.possessor.V-ed][V→N]-te[to.catch.N][to.go.to.N][N→V]-te[to.act.on.so.as.to.cause.to.V][V→V]-@₁~fna[in.order.to.V][intending.to.V][V→V]-~:(u)te[SBJ.V-ed.something][V→V]-te[to.act.on.so.as.to.cause.to.V][V→V]-te[to.act.on.so.as.to.cause.to.V][V→V]-te[to.act.on.so.as.to.cause.to.V][V→V]-te[to.act.on.so.as.to.cause.to.V][V→V]-@₁qugh[to.V.completely][V][Opt][PRS][2Sg]
atuqnaqaa	atugh-@*@₂~sf–(g₂)k(a)e[the.one.that.possessor.V-ed][V→N]-te[to.catch.N][to.go.to.N][N→V]-te[to.act.on.so.as.to.cause.to.V][V→V]-@₁~fna[in.order.to.V][intending.to.V][V→V]-~:(u)te[SBJ.V-ed.something][V→V]-te[to.act.on.so.as.to.cause.to.V][V→V]-te[to.act.on.so.as.to.cause.to.V][V→V]-te[to.act.on.so.as.to.cause.to.V][V→V]-@₁qugh[to.V.completely][V][Opt][PRS][2Sg]
atuqnaqaa	atugh-@*@₂~sf–(g₂)k(a)e[the.one.that.possessor.V-ed][V→N]-te[to.catch.N][to.go.to.N][N→V]-te[to.act.on.so.as.to.cause.to.V][V→V]-@₁~fna[in.order.to.V][intending.to.V][V→V]-~:(u)te[SBJ.V-ed.something][V→V]-te[to.act.on.so.as.to.cause.to.V][V→V]-te[to.act.on.so.as.to.cause.to.V][V→V]-@₁qugh[to.V.completely][V][Opt][PRS][2Sg]
atuqnaqaa	atugh-@*@₂~sf–(g₂)k(a)e[the.one.that.possessor.V-ed][V→N]-te[to.catch.N][to.go.to.N][N→V]-te[to.act.on.so.as.to.cause.to.V][V→V]-@₁~fna[in.order.to.V][intending.to.V][V→V]-~:(u)te[SBJ.V-ed.something][V→V]-te[to.act.on.so.as.to.cause.to.V][V→V]-@₁qugh[to.V.completely][V][Opt][PRS][2Sg]
atuqnaqaa	atugh-@*@₂~sf–(g₂)k(a)e[the.one.that.possessor.V-ed][V→N]-te[to.catch.N][to.go.to.N][N→V]-te[to.act.on.so.as.to.cause.to.V][V→V]-@₁~fna[in.order.to.V][intending.to.V][V→V]-~:(u)te[SBJ.V-ed.something][V→V]-@₁qugh[to.V.completely][V][Opt][PRS][2Sg]
atuqnaqaa	atugh-@*@₂~sf–(g₂)k(a)e[the.one.that.possessor.V-ed][V→N]-te[to.catch.N][to.go.to.N][N→V]-te[to.act.on.so.as.to.cause.to.V][V→V]-@₁~fna[in.order.to.V][intending.to.V][V→V]-@₁qugh[to.V.completely][V][Opt][PRS][2Sg]
atuqnaqaa	atugh-@*@₂~sf–(g₂)k(a)e[the.one.that.possessor.V-ed][V→N]-te[to.catch.N][to.go.to.N][N→V]-te[to.act.on.so.as.to.cause.to.V][V→V]-te[to.act.on.so.as.to.cause.to.V][V→V]-@₁~fna[in.order.to.V][intending.to.V][V→V]-te[to.act.on.so.as.to.cause.to.V][V→V]-te[to.act.on.so.as.to.cause.to.V][V→V]-te[to.act.on.so.as.to.cause.to.V][V→V]-te[to.act.on.so.as.to.cause.to.V][V→V]-@₁qugh[to.V.completely][V][Opt][PRS][2Sg]
atuqnaqaa	atugh-@*@₂~sf–(g₂)k(a)e[the.one.that.possessor.V-ed][V→N]-te[to.catch.N][to.go.to.N][N→V]-te[to.act.on.so.as.to.cause.to.V][V→V]-te[to.act.on.so.as.to.cause.to.V][V→V]-@₁~fna[in.order.to.V][intending.to.V][V→V]-te[to.act.on.so.as.to.cause.to.V][V→V]-te[to.act.on.so.as.to.cause.to.V][V→V]-te[to.act.on.so.as.to.cause.to.V][V→V]-@₁qugh[to.V.completely][V][Opt][PRS][2Sg]
atuqnaqaa	atugh-@*@₂~sf–(g₂)k(a)e[the.one.that.possessor.V-ed][V→N]-te[to.catch.N][to.go.to.N][N→V]-te[to.act.on.so.as.to.cause.to.V][V→V]-te[to.act.on.so.as.to.cause.to.V][V→V]-@₁~fna[in.order.to.V][intending.to.V][V→V]-te[to.act.on.so.as.to.cause.to.V][V→V]-te[to.act.on.so.as.to.cause.to.V][V→V]-@₁qugh[to.V.completely][V][Opt][PRS][2Sg]
atuqnaqaa	atugh-@*@₂~sf–(g₂)k(a)e[the.one.that.possessor.V-ed][V→N]-te[to.catch.N][to.go.to.N][N→V]-te[to.act.on.so.as.to.cause.to.V][V→V]-te[to.act.on.so.as.to.cause.to.V][V→V]-@₁~fna[in.order.to.V][intending.to.V][V→V]-te[to.act.on.so.as.to.cause.to.V][V→V]-@₁qugh[to.V.completely][V][Opt][PRS][2Sg]
atuqnaqaa	atugh-@*@₂~sf–(g₂)k(a)e[the.one.that.possessor.V-ed][V→N]-te[to.catch.N][to.go.to.N][N→V]-te[to.act.on.so.as.to.cause.to.V][V→V]-te[to.act.on.so.as.to.cause.to.V][V→V]-@₁~fna[in.order.to.V][intending.to.V][V→V]-~:(u)te[to.V.for.or.with][to.cause.to.V.as.one.is.V-ing][to.V.toward.each.other][V→V]-te[to.act.on.so.as.to.cause.to.V][V→V]-te[to.act.on.so.as.to.cause.to.V][V→V]-te[to.act.on.so.as.to.cause.to.V][V→V]-te[to.act.on.so.as.to.cause.to.V][V→V]-@₁qugh[to.V.completely][V][Opt][PRS][2Sg]
atuqnaqaa	atugh-@*@₂~sf–(g₂)k(a)e[the.one.that.possessor.V-ed][V→N]-te[to.catch.N][to.go.to.N][N→V]-te[to.act.on.so.as.to.cause.to.V][V→V]-te[to.act.on.so.as.to.cause.to.V][V→V]-@₁~fna[in.order.to.V][intending.to.V][V→V]-~:(u)te[to.V.for.or.with][to.cause.to.V.as.one.is.V-ing][to.V.toward.each.other][V→V]-te[to.act.on.so.as.to.cause.to.V][V→V]-te[to.act.on.so.as.to.cause.to.V][V→V]-te[to.act.on.so.as.to.cause.to.V][V→V]-@₁qugh[to.V.completely][V][Opt][PRS][2Sg]
atuqnaqaa	atugh-@*@₂~sf–(g₂)k(a)e[the.one.that.possessor.V-ed][V→N]-te[to.catch.N][to.go.to.N][N→V]-te[to.act.on.so.as.to.cause.to.V][V→V]-te[to.act.on.so.as.to.cause.to.V][V→V]-@₁~fna[in.order.to.V][intending.to.V][V→V]-~:(u)te[to.V.for.or.with][to.cause.to.V.as.one.is.V-ing][to.V.toward.each.other][V→V]-te[to.act.on.so.as.to.cause.to.V][V→V]-te[to.act.on.so.as.to.cause.to.V][V→V]-@₁qugh[to.V.completely][V][Opt][PRS][2Sg]
atuqnaqaa	atugh-@*@₂~sf–(g₂)k(a)e[the.one.that.possessor.V-ed][V→N]-te[to.catch.N][to.go.to.N][N→V]-te[to.act.on.so.as.to.cause.to.V][V→V]-te[to.act.on.so.as.to.cause.to.V][V→V]-@₁~fna[in.order.to.V][intending.to.V][V→V]-~:(u)te[to.V.for.or.with][to.cause.to.V.as.one.is.V-ing][to.V.toward.each.other][V→V]-te[to.act.on.so.as.to.cause.to.V][V→V]-@₁qugh[to.V.completely][V][Opt][PRS][2Sg]
atuqnaqaa	atugh-@*@₂~sf–(g₂)k(a)e[the.one.that.possessor.V-ed][V→N]-te[to.catch.N][to.go.to.N][N→V]-te[to.act.on.so.as.to.cause.to.V][V→V]-te[to.act.on.so.as.to.cause.to.V][V→V]-@₁~fna[in.order.to.V][intending.to.V][V→V]-~:(u)te[to.V.for.or.with][to.cause.to.V.as.one.is.V-ing][to.V.toward.each.other][V→V]-@₁qugh[to.V.completely][V][Opt][PRS][2Sg]
atuqnaqaa	atugh-@*@₂~sf–(g₂)k(a)e[the.one.that.possessor.V-ed][V→N]-te[to.catch.N][to.go.to.N][N→V]-te[to.act.on.so.as.to.cause.to.V][V→V]-te[to.act.on.so.as.to.cause.to.V][V→V]-@₁~fna[in.order.to.V][intending.to.V][V→V]-~:(u)te[condition.with.respect.to.V-ing][V→N]-te[to.catch.N][to.go.to.N][N→V]-te[to.act.on.so.as.to.cause.to.V][V→V]-te[to.act.on.so.as.to.cause.to.V][V→V]-te[to.act.on.so.as.to.cause.to.V][V→V]-@₁qugh[to.V.completely][V][Opt][PRS][2Sg]
atuqnaqaa	atugh-@*@₂~sf–(g₂)k(a)e[the.one.that.possessor.V-ed][V→N]-te[to.catch.N][to.go.to.N][N→V]-te[to.act.on.so.as.to.cause.to.V][V→V]-te[to.act.on.so.as.to.cause.to.V][V→V]-@₁~fna[in.order.to.V][intending.to.V][V→V]-~:(u)te[condition.with.respect.to.V-ing][V→N]-te[to.catch.N][to.go.to.N][N→V]-te[to.act.on.so.as.to.cause.to.V][V→V]-te[to.act.on.so.as.to.cause.to.V][V→V]-@₁qugh[to.V.completely][V][Opt][PRS][2Sg]
atuqnaqaa	atugh-@*@₂~sf–(g₂)k(a)e[the.one.that.possessor.V-ed][V→N]-te[to.catch.N][to.go.to.N][N→V]-te[to.act.on.so.as.to.cause.to.V][V→V]-te[to.act.on.so.as.to.cause.to.V][V→V]-@₁~fna[in.order.to.V][intending.to.V][V→V]-~:(u)te[condition.with.respect.to.V-ing][V→N]-te[to.catch.N][to.go.to.N][N→V]-te[to.act.on.so.as.to.cause.to.V][V→V]-@₁qugh[to.V.completely][V][Opt][PRS][2Sg]
atuqnaqaa	atugh-@*@₂~sf–(g₂)k(a)e[the.one.that.possessor.V-ed][V→N]-te[to.catch.N][to.go.to.N][N→V]-te[to.act.on.so.as.to.cause.to.V][V→V]-te[to.act.on.so.as.to.cause.to.V][V→V]-@₁~fna[in.order.to.V][intending.to.V][V→V]-~:(u)te[condition.with.respect.to.V-ing][V→N]-te[to.catch.N][to.go.to.N][N→V]-@₁qugh[to.V.completely][V][Opt][PRS][2Sg]
atuqnaqaa	atugh-@*@₂~sf–(g₂)k(a)e[the.one.that.possessor.V-ed][V→N]-te[to.catch.N][to.go.to.N][N→V]-te[to.act.on.so.as.to.cause.to.V][V→V]-te[to.act.on.so.as.to.cause.to.V][V→V]-@₁~fna[in.order.to.V][intending.to.V][V→V]-~:(u)te[SBJ.V-ed.something][V→V]-te[to.act.on.so.as.to.cause.to.V][V→V]-te[to.act.on.so.as.to.cause.to.V][V→V]-te[to.act.on.so.as.to.cause.to.V][V→V]-te[to.act.on.so.as.to.cause.to.V][V→V]-@₁qugh[to.V.completely][V][Opt][PRS][2Sg]
atuqnaqaa	atugh-@*@₂~sf–(g₂)k(a)e[the.one.that.possessor.V-ed][V→N]-te[to.catch.N][to.go.to.N][N→V]-te[to.act.on.so.as.to.cause.to.V][V→V]-te[to.act.on.so.as.to.cause.to.V][V→V]-@₁~fna[in.order.to.V][intending.to.V][V→V]-~:(u)te[SBJ.V-ed.something][V→V]-te[to.act.on.so.as.to.cause.to.V][V→V]-te[to.act.on.so.as.to.cause.to.V][V→V]-te[to.act.on.so.as.to.cause.to.V][V→V]-@₁qugh[to.V.completely][V][Opt][PRS][2Sg]
atuqnaqaa	atugh-@*@₂~sf–(g₂)k(a)e[the.one.that.possessor.V-ed][V→N]-te[to.catch.N][to.go.to.N][N→V]-te[to.act.on.so.as.to.cause.to.V][V→V]-te[to.act.on.so.as.to.cause.to.V][V→V]-@₁~fna[in.order.to.V][intending.to.V][V→V]-~:(u)te[SBJ.V-ed.something][V→V]-te[to.act.on.so.as.to.cause.to.V][V→V]-te[to.act.on.so.as.to.cause.to.V][V→V]-@₁qugh[to.V.completely][V][Opt][PRS][2Sg]
atuqnaqaa	atugh-@*@₂~sf–(g₂)k(a)e[the.one.that.possessor.V-ed][V→N]-te[to.catch.N][to.go.to.N][N→V]-te[to.act.on.so.as.to.cause.to.V][V→V]-te[to.act.on.so.as.to.cause.to.V][V→V]-@₁~fna[in.order.to.V][intending.to.V][V→V]-~:(u)te[SBJ.V-ed.something][V→V]-te[to.act.on.so.as.to.cause.to.V][V→V]-@₁qugh[to.V.completely][V][Opt][PRS][2Sg]
atuqnaqaa	atugh-@*@₂~sf–(g₂)k(a)e[the.one.that.possessor.V-ed][V→N]-te[to.catch.N][to.go.to.N][N→V]-te[to.act.on.so.as.to.cause.to.V][V→V]-te[to.act.on.so.as.to.cause.to.V][V→V]-@₁~fna[in.order.to.V][intending.to.V][V→V]-~:(u)te[SBJ.V-ed.something][V→V]-@₁qugh[to.V.completely][V][Opt][PRS][2Sg]
atuqnaqaa	atugh-@*@₂~sf–(g₂)k(a)e[the.one.that.possessor.V-ed][V→N]-te[to.catch.N][to.go.to.N][N→V]-te[to.act.on.so.as.to.cause.to.V][V→V]-te[to.act.on.so.as.to.cause.to.V][V→V]-@₁~fna[in.order.to.V][intending.to.V][V→V]-@₁qugh[to.V.completely][V][Opt][PRS][2Sg]
atuqnaqaa	atuqe-@₁~fna[in.order.to.V][intending.to.V][V→V]-~:(u)te[condition.with.respect.to.V-ing][V→N]-te[to.catch.N][to.go.to.N][N→V]-te[to.act.on.so.as.to.cause.to.V][V→V]-@₁qugh[to.V.completely][V][Opt][PRS][2Sg]
atuqnaqaa	atuqe-@₁~fna[in.order.to.V][intending.to.V][V→V]-~:(u)te[condition.with.respect.to.V-ing][V→N]-te[to.catch.N][to.go.to.N][N→V]-@₁qugh[to.V.completely][V][Opt][PRS][2Sg]
atuqnaqaa	atuqe-@₁~fna[in.order.to.V][intending.to.V][V→V]-~:(u)te[SBJ.V-ed.something][V→V]-te[to.act.on.so.as.to.cause.to.V][V→V]-te[to.act.on.so.as.to.cause.to.V][V→V]-@₁qugh[to.V.completely][V][Opt][PRS][2Sg]
atuqnaqaa	atuqe-@₁~fna[in.order.to.V][intending.to.V][V→V]-~:(u)te[SBJ.V-ed.something][V→V]-te[to.act.on.so.as.to.cause.to.V][V→V]-@₁qugh[to.V.completely][V][Opt][PRS][2Sg]
atuqnaqaa	atuqe-@₁~fna[in.order.to.V][intending.to.V][V→V]-~:(u)te[SBJ.V-ed.something][V→V]-@₁qugh[to.V.completely][V][Opt][PRS][2Sg]
atuqnaqaa	atuqe-@₁~fnaqe[to.be.going.to.V][V→V][V][Ind][3Sg][3Sg]
atuqnaqaa	atuqe-te[to.act.on.so.as.to.cause.to.V][V→V]-@₁~fna[in.order.to.V][intending.to.V][V→V]-~:(u)te[condition.with.respect.to.V-ing][V→N]-te[to.catch.N][to.go.to.N][N→V]-te[to.act.on.so.as.to.cause.to.V][V→V]-@₁qugh[to.V.completely][V][Opt][PRS][2Sg]
atuqnaqaa	atuqe-te[to.act.on.so.as.to.cause.to.V][V→V]-@₁~fna[in.order.to.V][intending.to.V][V→V]-~:(u)te[condition.with.respect.to.V-ing][V→N]-te[to.catch.N][to.go.to.N][N→V]-@₁qugh[to.V.completely][V][Opt][PRS][2Sg]
atuqnaqaa	atuqe-te[to.act.on.so.as.to.cause.to.V][V→V]-@₁~fna[in.order.to.V][intending.to.V][V→V]-~:(u)te[SBJ.V-ed.something][V→V]-te[to.act.on.so.as.to.cause.to.V][V→V]-te[to.act.on.so.as.to.cause.to.V][V→V]-@₁qugh[to.V.completely][V][Opt][PRS][2Sg]
atuqnaqaa	atuqe-te[to.act.on.so.as.to.cause.to.V][V→V]-@₁~fna[in.order.to.V][intending.to.V][V→V]-~:(u)te[SBJ.V-ed.something][V→V]-te[to.act.on.so.as.to.cause.to.V][V→V]-@₁qugh[to.V.completely][V][Opt][PRS][2Sg]
atuqnaqaa	atuqe-te[to.act.on.so.as.to.cause.to.V][V→V]-@₁~fna[in.order.to.V][intending.to.V][V→V]-~:(u)te[SBJ.V-ed.something][V→V]-@₁qugh[to.V.completely][V][Opt][PRS][2Sg]
atuqnaqaa	atuqe-te[to.act.on.so.as.to.cause.to.V][V→V]-@₁~fnaqe[to.be.going.to.V][V→V][V][Ind][3Sg][3Sg]

vegllugen	vegllug[N][Abs][2SgPoss][SgPosd]

------------------------
21) Akitesqughhaq ifkaamalghii nunamun.

akitesqughhaq	akite-–squgh[little.N][small.N][N→N]-–ghhagh*[dear.N][N→N][N][Abs][Unpd][Sg]
akitesqughhaq	akite-–squghhagh*little.N][small.N][N→N][N][Abs][Unpd][Sg]

ifkaamalghii	ifkagh-@₁~:(i/u)ma[to.have.V-ed][to.have.been.V-ed][V→V]-@₁–lghii[the.one.that.V-ed][the.one.that.is.V][V→N][N][Abs][Unpd][Sg]
ifkaamalghii	ifkagh-@₁~:(i/u)ma[to.have.V-ed][to.have.been.V-ed][V→V][V][Ptcp][3Sg]

nunamun	nuna[N][Ter][Unpd][Sg]

------------------------
