1) Allakaghmeng aanumalghiit mangteghameng.

allakaghmeng	allakagh*[Quant_Qual][4Pl]

aanumalghiit	aane-@₃~:(i/u)ma[to.have.V-ed.or.to.have.been.V-ed]-~:(u)te[to.V.for.or.with][to.cause.to.V.as.one.is.V-ing][to.V.toward.each.other][V→V]-@₁–lghii[the.one.that.V-ed][the.one.that.is.V][V→N][N][Abs][Unpd][Pl]
aanumalghiit	aane-@₃~:(i/u)ma[to.have.V-ed.or.to.have.been.V-ed]-~:(u)te[to.V.for.or.with][to.cause.to.V.as.one.is.V-ing][to.V.toward.each.other][V→V]-@₁–lghii[the.one.that.V-ed][the.one.that.is.V][V→N][N][Rel][Unpd][Pl]
aanumalghiit	aane-@₃~:(i/u)ma[to.have.V-ed.or.to.have.been.V-ed]-~:(u)te[to.V.for.or.with][to.cause.to.V.as.one.is.V-ing][to.V.toward.each.other][V→V][V][Ptcp][3Pl]
aanumalghiit	aane-@₃~:(i/u)ma[to.have.V-ed.or.to.have.been.V-ed]-(pete/fte)[to.evidently.V][to.have.V-ed][V→V]-@₁–lghii[the.one.that.V-ed][the.one.that.is.V][V→N][N][Abs][Unpd][Pl]
aanumalghiit	aane-@₃~:(i/u)ma[to.have.V-ed.or.to.have.been.V-ed]-(pete/fte)[to.evidently.V][to.have.V-ed][V→V]-@₁–lghii[the.one.that.V-ed][the.one.that.is.V][V→N][N][Rel][Unpd][Pl]
aanumalghiit	aane-@₃~:(i/u)ma[to.have.V-ed.or.to.have.been.V-ed]-(pete/fte)[to.evidently.V][to.have.V-ed][V→V][V][Ptcp][3Pl]
aanumalghiit	aane-@₃~:(i/u)ma[to.have.V-ed.or.to.have.been.V-ed]-(te)ste[to.have.make.or.let.one.V][Cmpd_Vbl]-@₁–lghii[the.one.that.V-ed][the.one.that.is.V][V→N][N][Abs][Unpd][Pl]
aanumalghiit	aane-@₃~:(i/u)ma[to.have.V-ed.or.to.have.been.V-ed]-(te)ste[to.have.make.or.let.one.V][Cmpd_Vbl]-@₁–lghii[the.one.that.V-ed][the.one.that.is.V][V→N][N][Rel][Unpd][Pl]
aanumalghiit	aane-@₃~:(i/u)ma[to.have.V-ed.or.to.have.been.V-ed]-(te)ste[to.have.make.or.let.one.V][Cmpd_Vbl][V][Ptcp][3Pl]
aanumalghiit	aane-@₃~:(i/u)ma[to.have.V-ed.or.to.have.been.V-ed]-@₁–lghii[the.one.that.V-ed][the.one.that.is.V][V→N][N][Abs][Unpd][Pl]
aanumalghiit	aane-@₃~:(i/u)ma[to.have.V-ed.or.to.have.been.V-ed]-@₁–lghii[the.one.that.V-ed][the.one.that.is.V][V→N][N][Rel][Unpd][Pl]
aanumalghiit	aane-@₃~:(i/u)ma[to.have.V-ed.or.to.have.been.V-ed][V][Ptcp][3Pl]

mangteghameng	mangteghagh[N][Rel][4DuPoss][PlPosd]
mangteghameng	mangteghagh[N][Rel][4DuPoss][SgPosd]
mangteghameng	mangteghagh[N][Rel][4PlPoss][PlPosd]
mangteghameng	mangteghagh[N][Rel][4PlPoss][SgPosd]
mangteghameng	mangteghagh[N][Abl_Mod][Unpd][Sg]

------------------------
2) Neghaqa perara ellnginaan.

neghaqa	neghe-~(g₁)aqe[to.be.V.ing][to.regularly.or.repeatedly.V][V→V][V][Intrg][3Sg]
neghaqa	negh-~(g₁)aqe[to.be.V.ing][to.regularly.or.repeatedly.V][V→V][V][Intrg][3Sg]

perara	perara[N][Abs][Unpd][Sg]

ellnginaan	ellnginagh*[Quant_Qual][3Sg]

------------------------
3) Sangavek atightughaqsin ingaghngaghpek eflugami.

sangavek	+?

atightughaqsin	atightugh-~(g₁)aqe[to.be.V.ing][to.regularly.or.repeatedly.V][V→V][V][Intrg][2Sg]

ingaghngaghpek	+?

eflugami	eflugagh[N][Rel][4SgPoss][PlPosd]
eflugami	eflugagh[N][Rel][4SgPoss][SgPosd]
eflugami	eflugagh[N][Loc][Unpd][Sg]

------------------------
4) Aghnalqwaaghaq kakilghii atkugmeng avaqutami mangteghaanituq.

aghnalqwaaghaq	+?

kakilghii	kaki-~:(u)te[to.V.for.or.with][to.cause.to.V.as.one.is.V-ing][to.V.toward.each.other][V→V]-@₁–lghii[the.one.that.V-ed][the.one.that.is.V][V→N][N][Abs][Unpd][Sg]
kakilghii	kaki-~:(u)te[to.V.for.or.with][to.cause.to.V.as.one.is.V-ing][to.V.toward.each.other][V→V][V][Ptcp][3Sg]
kakilghii	kaki-(te)ste[to.have.make.or.let.one.V][Cmpd_Vbl]-@₁–lghii[the.one.that.V-ed][the.one.that.is.V][V→N][N][Abs][Unpd][Sg]
kakilghii	kaki-(te)ste[to.have.make.or.let.one.V][Cmpd_Vbl][V][Ptcp][3Sg]
kakilghii	kaki-@₁–lghii[the.one.that.V-ed][the.one.that.is.V][V→N][N][Abs][Unpd][Sg]
kakilghii	kaki[V][Ptcp][3Sg]

atkugmeng	atkug[N][Rel][4DuPoss][PlPosd]
atkugmeng	atkug[N][Rel][4DuPoss][SgPosd]
atkugmeng	atkug[N][Rel][4PlPoss][PlPosd]
atkugmeng	atkug[N][Rel][4PlPoss][SgPosd]
atkugmeng	atkug[N][Abl_Mod][Unpd][Sg]

avaqutami	avaqutagh[N][Rel][4SgPoss][PlPosd]
avaqutami	avaqutagh[N][Rel][4SgPoss][SgPosd]
avaqutami	avaqutagh[N][Loc][Unpd][Sg]

mangteghaanituq	mangteghagh-~:(ng)u[to.be.N][N→V]-~:(u)te[to.V.for.or.with][to.cause.to.V.as.one.is.V-ing][to.V.toward.each.other][V→V]-@₁~fni[to.say.that.one.is.V-ing][Cmpd_Vbl]-~:(u)te[to.V.for.or.with][to.cause.to.V.as.one.is.V-ing][to.V.toward.each.other][V→V][V][Ind][3Sg]
mangteghaanituq	mangteghagh-~:(ng)u[to.be.N][N→V]-@₁~fni[to.say.that.one.is.V-ing][Cmpd_Vbl]-~:(u)te[to.V.for.or.with][to.cause.to.V.as.one.is.V-ing][to.V.toward.each.other][V→V][V][Ind][3Sg]

------------------------
5) Qefliqelghiim yugem seghleghunii tanpeq atuqnaqegkeni.

qefliqelghiim	qefliqe-(te)ste[to.have.make.or.let.one.V][Cmpd_Vbl]-@₁–lghii[the.one.that.V-ed][the.one.that.is.V][V→N][N][Rel][Unpd][Sg]
qefliqelghiim	qefliqe-@₁–lghii[the.one.that.V-ed][the.one.that.is.V][V→N][N][Rel][Unpd][Sg]

yugem	yug[N][Rel][Unpd][Sg]

seghleghunii	seghlegh-~:(ng)u[to.be.N][N→V]-~:(u)te[to.V.for.or.with][to.cause.to.V.as.one.is.V-ing][to.V.toward.each.other][V→V]-@₁~fni[to.say.that.one.is.V-ing][Cmpd_Vbl][V][Intrg][3Sg]
seghleghunii	seghlegh-~:(ng)u[to.be.N][N→V]-~:(u)te[to.V.for.or.with][to.cause.to.V.as.one.is.V-ing][to.V.toward.each.other][V→V]-@₁~fni[to.say.that.one.is.V-ing][Cmpd_Vbl][V][Ind][3Sg][3Pl]
seghleghunii	seghlegh-~:(ng)u[to.be.N][N→V]-~:(u)te[to.V.for.or.with][to.cause.to.V.as.one.is.V-ing][to.V.toward.each.other][V→V]-@₁~fni[to.say.that.one.is.V-ing][Cmpd_Vbl][V][Ind][3Sg][3Sg]
seghleghunii	seghlegh-~:(ng)u[to.be.N][N→V]-@₁~fni[to.say.that.one.is.V-ing][Cmpd_Vbl][V][Intrg][3Sg]
seghleghunii	seghlegh-~:(ng)u[to.be.N][N→V]-@₁~fni[to.say.that.one.is.V-ing][Cmpd_Vbl][V][Ind][3Sg][3Pl]
seghleghunii	seghlegh-~:(ng)u[to.be.N][N→V]-@₁~fni[to.say.that.one.is.V-ing][Cmpd_Vbl][V][Ind][3Sg][3Sg]
seghleghunii	seghleghu-~:(u)te[to.V.for.or.with][to.cause.to.V.as.one.is.V-ing][to.V.toward.each.other][V→V]-@₁~fni[to.say.that.one.is.V-ing][Cmpd_Vbl][V][Intrg][3Sg]
seghleghunii	seghleghu-~:(u)te[to.V.for.or.with][to.cause.to.V.as.one.is.V-ing][to.V.toward.each.other][V→V]-@₁~fni[to.say.that.one.is.V-ing][Cmpd_Vbl][V][Ind][3Sg][3Pl]
seghleghunii	seghleghu-~:(u)te[to.V.for.or.with][to.cause.to.V.as.one.is.V-ing][to.V.toward.each.other][V→V]-@₁~fni[to.say.that.one.is.V-ing][Cmpd_Vbl][V][Ind][3Sg][3Sg]
seghleghunii	seghleghu-@₁~fni[to.say.that.one.is.V-ing][Cmpd_Vbl][V][Intrg][3Sg]
seghleghunii	seghleghu-@₁~fni[to.say.that.one.is.V-ing][Cmpd_Vbl][V][Ind][3Sg][3Pl]
seghleghunii	seghleghu-@₁~fni[to.say.that.one.is.V-ing][Cmpd_Vbl][V][Ind][3Sg][3Sg]

tanpeq	tanpegh[N][Abs][Unpd][Sg]

atuqnaqegkeni	atugh-@*@₂~sf–(g₂)ke[the.one.that.possessor.V-ed][V→N]-te[to.catch.N][to.go.to.N][N→V]-@₁~fnaqe[to.be.going.to.V][V→V]-@*@₂~sf–(g₂)ke[the.one.that.possessor.V-ed][V→N][N][Loc][Unpd][Pl]
atuqnaqegkeni	atugh-@*@₂~sf–(g₂)ke[the.one.that.possessor.V-ed][V→N]-te[to.catch.N][to.go.to.N][N→V]-@₁~fnaqe[to.be.going.to.V][V→V]-@*@₂~sf–(g₂)ke[the.one.that.possessor.V-ed][V→N][N][Abs][4SgPoss][PlPosd]
atuqnaqegkeni	atugh-@*@₂~sf–(g₂)ke[the.one.that.possessor.V-ed][V→N]-te[to.catch.N][to.go.to.N][N→V]-@₁~fnaqe[to.be.going.to.V][V→V]-@*@₂~sf–(g₂)ke[the.one.that.possessor.V-ed][V→N][N][Abs][4SgPoss][SgPosd]
atuqnaqegkeni	atugh-@*@₂~sf–(g₂)ke[the.one.that.possessor.V-ed][V→N]-te[to.catch.N][to.go.to.N][N→V]-@₁~fnaqe[to.be.going.to.V][V→V]-@*@₂@₃~sf–(g₂)ke[the.one.that.possessor.V-ed][V→N][N][Loc][Unpd][Pl]
atuqnaqegkeni	atugh-@*@₂~sf–(g₂)ke[the.one.that.possessor.V-ed][V→N]-te[to.catch.N][to.go.to.N][N→V]-@₁~fnaqe[to.be.going.to.V][V→V]-@*@₂@₃~sf–(g₂)ke[the.one.that.possessor.V-ed][V→N][N][Abs][4SgPoss][PlPosd]
atuqnaqegkeni	atugh-@*@₂~sf–(g₂)ke[the.one.that.possessor.V-ed][V→N]-te[to.catch.N][to.go.to.N][N→V]-@₁~fnaqe[to.be.going.to.V][V→V]-@*@₂@₃~sf–(g₂)ke[the.one.that.possessor.V-ed][V→N][N][Abs][4SgPoss][SgPosd]
atuqnaqegkeni	atugh-@*@₂@₃~sf–(g₂)ke[the.one.that.possessor.V-ed][V→N]-te[to.catch.N][to.go.to.N][N→V]-@₁~fnaqe[to.be.going.to.V][V→V]-@*@₂~sf–(g₂)ke[the.one.that.possessor.V-ed][V→N][N][Loc][Unpd][Pl]
atuqnaqegkeni	atugh-@*@₂@₃~sf–(g₂)ke[the.one.that.possessor.V-ed][V→N]-te[to.catch.N][to.go.to.N][N→V]-@₁~fnaqe[to.be.going.to.V][V→V]-@*@₂~sf–(g₂)ke[the.one.that.possessor.V-ed][V→N][N][Abs][4SgPoss][PlPosd]
atuqnaqegkeni	atugh-@*@₂@₃~sf–(g₂)ke[the.one.that.possessor.V-ed][V→N]-te[to.catch.N][to.go.to.N][N→V]-@₁~fnaqe[to.be.going.to.V][V→V]-@*@₂~sf–(g₂)ke[the.one.that.possessor.V-ed][V→N][N][Abs][4SgPoss][SgPosd]
atuqnaqegkeni	atugh-@*@₂@₃~sf–(g₂)ke[the.one.that.possessor.V-ed][V→N]-te[to.catch.N][to.go.to.N][N→V]-@₁~fnaqe[to.be.going.to.V][V→V]-@*@₂@₃~sf–(g₂)ke[the.one.that.possessor.V-ed][V→N][N][Loc][Unpd][Pl]
atuqnaqegkeni	atugh-@*@₂@₃~sf–(g₂)ke[the.one.that.possessor.V-ed][V→N]-te[to.catch.N][to.go.to.N][N→V]-@₁~fnaqe[to.be.going.to.V][V→V]-@*@₂@₃~sf–(g₂)ke[the.one.that.possessor.V-ed][V→N][N][Abs][4SgPoss][PlPosd]
atuqnaqegkeni	atugh-@*@₂@₃~sf–(g₂)ke[the.one.that.possessor.V-ed][V→N]-te[to.catch.N][to.go.to.N][N→V]-@₁~fnaqe[to.be.going.to.V][V→V]-@*@₂@₃~sf–(g₂)ke[the.one.that.possessor.V-ed][V→N][N][Abs][4SgPoss][SgPosd]
atuqnaqegkeni	atuqe-@₁~fnaqe[to.be.going.to.V][V→V]-@*@₂~sf–(g₂)ke[the.one.that.possessor.V-ed][V→N][N][Loc][Unpd][Pl]
atuqnaqegkeni	atuqe-@₁~fnaqe[to.be.going.to.V][V→V]-@*@₂~sf–(g₂)ke[the.one.that.possessor.V-ed][V→N][N][Abs][4SgPoss][PlPosd]
atuqnaqegkeni	atuqe-@₁~fnaqe[to.be.going.to.V][V→V]-@*@₂~sf–(g₂)ke[the.one.that.possessor.V-ed][V→N][N][Abs][4SgPoss][SgPosd]
atuqnaqegkeni	atuqe-@₁~fnaqe[to.be.going.to.V][V→V]-@*@₂@₃~sf–(g₂)ke[the.one.that.possessor.V-ed][V→N][N][Loc][Unpd][Pl]
atuqnaqegkeni	atuqe-@₁~fnaqe[to.be.going.to.V][V→V]-@*@₂@₃~sf–(g₂)ke[the.one.that.possessor.V-ed][V→N][N][Abs][4SgPoss][PlPosd]
atuqnaqegkeni	atuqe-@₁~fnaqe[to.be.going.to.V][V→V]-@*@₂@₃~sf–(g₂)ke[the.one.that.possessor.V-ed][V→N][N][Abs][4SgPoss][SgPosd]

------------------------
6) Ighneghma qughsatkumun qazigyat neghumaniit.

ighneghma	ighnegh[N][Rel][1SgPoss][PlPosd]
ighneghma	ighnegh[N][Rel][1SgPoss][SgPosd]

qughsatkumun	qughsatku[N][Ter][Unpd][Sg]

qazigyat	qazigyagh[N][Abs][Unpd][Pl]
qazigyat	qazigyagh[N][Rel][Unpd][Pl]

neghumaniit	neghe-@₃~:(i/u)ma[to.have.V-ed.or.to.have.been.V-ed]-~:(u)te[to.V.for.or.with][to.cause.to.V.as.one.is.V-ing][to.V.toward.each.other][V→V]-@₁~fni[to.say.that.one.is.V-ing][Cmpd_Vbl][V][Intrg][3Pl]
neghumaniit	neghe-@₃~:(i/u)ma[to.have.V-ed.or.to.have.been.V-ed]-~:(u)te[to.V.for.or.with][to.cause.to.V.as.one.is.V-ing][to.V.toward.each.other][V→V]-@₁~fni[to.say.that.one.is.V-ing][Cmpd_Vbl][V][Ind][3Pl][3Pl]
neghumaniit	neghe-@₃~:(i/u)ma[to.have.V-ed.or.to.have.been.V-ed]-~:(u)te[to.V.for.or.with][to.cause.to.V.as.one.is.V-ing][to.V.toward.each.other][V→V]-@₁~fni[to.say.that.one.is.V-ing][Cmpd_Vbl][V][Ind][3Pl][3Sg]
neghumaniit	neghe-@₃~:(i/u)ma[to.have.V-ed.or.to.have.been.V-ed]-~:(u)te[to.V.for.or.with][to.cause.to.V.as.one.is.V-ing][to.V.toward.each.other][V→V]-@₁~fni[to.say.that.one.is.V-ing][Cmpd_Vbl][V][Ind][3Du][3Sg]
neghumaniit	neghe-@₃~:(i/u)ma[to.have.V-ed.or.to.have.been.V-ed]-~:(u)te[to.V.for.or.with][to.cause.to.V.as.one.is.V-ing][to.V.toward.each.other][V→V]-@₁~fni[to.say.that.one.is.V-ing][Cmpd_Vbl][V][Ind][3Pl]
neghumaniit	neghe-@₃~:(i/u)ma[to.have.V-ed.or.to.have.been.V-ed]-@₁~fni[to.say.that.one.is.V-ing][Cmpd_Vbl][V][Intrg][3Pl]
neghumaniit	neghe-@₃~:(i/u)ma[to.have.V-ed.or.to.have.been.V-ed]-@₁~fni[to.say.that.one.is.V-ing][Cmpd_Vbl][V][Ind][3Pl][3Pl]
neghumaniit	neghe-@₃~:(i/u)ma[to.have.V-ed.or.to.have.been.V-ed]-@₁~fni[to.say.that.one.is.V-ing][Cmpd_Vbl][V][Ind][3Pl][3Sg]
neghumaniit	neghe-@₃~:(i/u)ma[to.have.V-ed.or.to.have.been.V-ed]-@₁~fni[to.say.that.one.is.V-ing][Cmpd_Vbl][V][Ind][3Du][3Sg]
neghumaniit	neghe-@₃~:(i/u)ma[to.have.V-ed.or.to.have.been.V-ed]-@₁~fni[to.say.that.one.is.V-ing][Cmpd_Vbl][V][Ind][3Pl]
neghumaniit	negh-@₃~:(i/u)ma[to.have.V-ed.or.to.have.been.V-ed]-~:(u)te[to.V.for.or.with][to.cause.to.V.as.one.is.V-ing][to.V.toward.each.other][V→V]-@₁~fni[to.say.that.one.is.V-ing][Cmpd_Vbl][V][Intrg][3Pl]
neghumaniit	negh-@₃~:(i/u)ma[to.have.V-ed.or.to.have.been.V-ed]-~:(u)te[to.V.for.or.with][to.cause.to.V.as.one.is.V-ing][to.V.toward.each.other][V→V]-@₁~fni[to.say.that.one.is.V-ing][Cmpd_Vbl][V][Ind][3Pl][3Pl]
neghumaniit	negh-@₃~:(i/u)ma[to.have.V-ed.or.to.have.been.V-ed]-~:(u)te[to.V.for.or.with][to.cause.to.V.as.one.is.V-ing][to.V.toward.each.other][V→V]-@₁~fni[to.say.that.one.is.V-ing][Cmpd_Vbl][V][Ind][3Pl][3Sg]
neghumaniit	negh-@₃~:(i/u)ma[to.have.V-ed.or.to.have.been.V-ed]-~:(u)te[to.V.for.or.with][to.cause.to.V.as.one.is.V-ing][to.V.toward.each.other][V→V]-@₁~fni[to.say.that.one.is.V-ing][Cmpd_Vbl][V][Ind][3Du][3Sg]
neghumaniit	negh-@₃~:(i/u)ma[to.have.V-ed.or.to.have.been.V-ed]-~:(u)te[to.V.for.or.with][to.cause.to.V.as.one.is.V-ing][to.V.toward.each.other][V→V]-@₁~fni[to.say.that.one.is.V-ing][Cmpd_Vbl][V][Ind][3Pl]
neghumaniit	negh-@₃~:(i/u)ma[to.have.V-ed.or.to.have.been.V-ed]-@₁~fni[to.say.that.one.is.V-ing][Cmpd_Vbl][V][Intrg][3Pl]
neghumaniit	negh-@₃~:(i/u)ma[to.have.V-ed.or.to.have.been.V-ed]-@₁~fni[to.say.that.one.is.V-ing][Cmpd_Vbl][V][Ind][3Pl][3Pl]
neghumaniit	negh-@₃~:(i/u)ma[to.have.V-ed.or.to.have.been.V-ed]-@₁~fni[to.say.that.one.is.V-ing][Cmpd_Vbl][V][Ind][3Pl][3Sg]
neghumaniit	negh-@₃~:(i/u)ma[to.have.V-ed.or.to.have.been.V-ed]-@₁~fni[to.say.that.one.is.V-ing][Cmpd_Vbl][V][Ind][3Du][3Sg]
neghumaniit	negh-@₃~:(i/u)ma[to.have.V-ed.or.to.have.been.V-ed]-@₁~fni[to.say.that.one.is.V-ing][Cmpd_Vbl][V][Ind][3Pl]

------------------------
7) Ullghitak mumigngalghiik tukfighlleqagka.

ullghitak	ullghitagh[N][Abs][Unpd][Du]
ullghitak	ullghitagh[N][Rel][Unpd][Du]
ullghitak	ullghitak[N][Abs][Unpd][Sg]

mumigngalghiik	mumig-nga[Stative][to.be.in.R.posture][V][Ptcp][3Du]

tukfighlleqagka	tukfigh-@₁lleqe[will.V][V→V][V][Ind][1Sg][3Du]

------------------------
8) Ilangquq salngagegnituq.

ilangquq	ilangqugh[N][Abs][Unpd][Sg]

salngagegnituq	+?

------------------------
9) Atkugen kavilnguq whaantuq.

atkugen	atkug[N][Abs][2SgPoss][SgPosd]

kavilnguq	kavite*-@*ngugh*[the.one.that.V-ed][the.one.that.is.V][V→N][N][Abs][Unpd][Sg]

whaantuq	+?

------------------------
10) Naaka kakiiq ellnginaghmi.

naaka	naa[N][Abs][1SgPoss][SgPosd]

kakiiq	kaki[V][Ind][3Sg]

ellnginaghmi	ellnginagh*[Quant_Qual][4Sg]

------------------------
11) Qerngaghmeng mekelghiighet mataghmeng pugimaghaqut.

qerngaghmeng	qerngagh*[Quant_Qual][4Pl]

mekelghiighet	mekelghiigh[N][Abs][Unpd][Pl]
mekelghiighet	mekelghiigh[N][Rel][Unpd][Pl]

mataghmeng	+?

pugimaghaqut	pugimagh-~(g₁)aqe[to.be.V.ing][to.regularly.or.repeatedly.V][V→V][V][Ind][3Pl]

------------------------
12) Agniqelghii aghnaghumeng neghegkayuguuq.

agniqelghii	agniqe-(te)ste[to.have.make.or.let.one.V][Cmpd_Vbl]-@₁–lghii[the.one.that.V-ed][the.one.that.is.V][V→N][N][Abs][Unpd][Sg]
agniqelghii	agniqe-(te)ste[to.have.make.or.let.one.V][Cmpd_Vbl][V][Ptcp][3Sg]
agniqelghii	agniqe-@₁–lghii[the.one.that.V-ed][the.one.that.is.V][V→N][N][Abs][Unpd][Sg]
agniqelghii	agniqe[V][Ptcp][3Sg]

aghnaghumeng	aghnaghugh[N][Rel][4DuPoss][PlPosd]
aghnaghumeng	aghnaghugh[N][Rel][4DuPoss][SgPosd]
aghnaghumeng	aghnaghugh[N][Rel][4PlPoss][PlPosd]
aghnaghumeng	aghnaghugh[N][Rel][4PlPoss][SgPosd]
aghnaghumeng	aghnaghugh[N][Abl_Mod][Unpd][Sg]

neghegkayuguuq	+?

------------------------
