1) Neghtunga pangeghfagilgama.

neghtunga	negh[V][Ind][1Sg]

pangeghfagilgama	pangeghte[V][Prec][1Sg]

------------------------
2) Sangavek iyataghsin negheghnaaghpek

sangavek	+?

iyataghsin	iyatagh[V][Intrg][2Sg]

negheghnaaghpek	+?

------------------------
3) Ungipaateghngaaghpenga puywaaqa nuliighpek aatgha.

ungipaateghngaaghpenga	+?

puywaaqa	puygu-~(g₁)aqe[to.be.V.ing][to.regularly.or.repeatedly.V][V→V][V][Intrg][3Sg]

nuliighpek	nuliigh[N][Rel][2SgPoss][PlPosd]
nuliighpek	nuliigh[N][Rel][2SgPoss][SgPosd]

aatgha	ategh[N][Abs][3SgPoss][SgPosd]

------------------------
4) Quginakanka uyviinghet kaatfagilgata.

quginakanka	+?

uyviinghet	+?

kaatfagilgata	kaate[V][Prec][3Pl]

------------------------
5) Esghaatunga retwhatmeng siilumeng.

esghaatunga	esghaate[V][Ind][1Sg]

retwhatmeng	retwhate[N][Rel][4DuPoss][PlPosd]
retwhatmeng	retwhate[N][Rel][4DuPoss][SgPosd]
retwhatmeng	retwhate[N][Rel][4PlPoss][PlPosd]
retwhatmeng	retwhate[N][Rel][4PlPoss][SgPosd]
retwhatmeng	retwhate[N][Abl_Mod][Unpd][Sg]

siilumeng	siilu[N][Rel][4DuPoss][PlPosd]
siilumeng	siilu[N][Rel][4DuPoss][SgPosd]
siilumeng	siilu[N][Rel][4PlPoss][PlPosd]
siilumeng	siilu[N][Rel][4PlPoss][SgPosd]
siilumeng	siilu[N][Abl_Mod][Unpd][Sg]

------------------------
6) Qikmilguyugtunga kalilmeng.

qikmilguyugtunga	qikmigh-–leg[one.having.N][N→N]-~:(ng)u[to.be.N][N→V]-@₁~fyug[to.want.to.V][V→V][V][Ind][1Sg]
qikmilguyugtunga	qikmigh-–lgu[to.have.N][N→V]-@₁~fyug[to.want.to.V][V→V][V][Ind][1Sg]

kalilmeng	kalile[N][Rel][4DuPoss][PlPosd]
kalilmeng	kalile[N][Rel][4DuPoss][SgPosd]
kalilmeng	kalile[N][Rel][4PlPoss][PlPosd]
kalilmeng	kalile[N][Rel][4PlPoss][SgPosd]
kalilmeng	kalile[N][Abl_Mod][Unpd][Sg]

------------------------
7) Qavngaq kiyaghtetsi Ungazimi

qavngaq	qavngaq

kiyaghtetsi	kiyaghte[V][Intrg][2Pl]

ungazimi	Ungazigh[N][Rel][4SgPoss][PlPosd]
ungazimi	Ungazigh[N][Rel][4SgPoss][SgPosd]
ungazimi	Ungazigh[N][Loc][Unpd][Sg]

------------------------
8) Mekelghiiq aanumalghii mangteghameng amsikaghngaghngaaghmi.

mekelghiiq	mekelghiigh[N][Abs][Unpd][Sg]

aanumalghii	aane-@₃~:(i/u)ma[to.have.V-ed.or.to.have.been.V-ed]-~:(u)te[to.V.for.or.with][to.cause.to.V.as.one.is.V-ing][to.V.toward.each.other][V→V]-@₁–lghii[the.one.that.V-ed][the.one.that.is.V][V→N][N][Abs][Unpd][Sg]
aanumalghii	aane-@₃~:(i/u)ma[to.have.V-ed.or.to.have.been.V-ed]-~:(u)te[to.V.for.or.with][to.cause.to.V.as.one.is.V-ing][to.V.toward.each.other][V→V][V][Ptcp][3Sg]
aanumalghii	aane-@₃~:(i/u)ma[to.have.V-ed.or.to.have.been.V-ed]-(pete/fte)[to.evidently.V][to.have.V-ed][V→V]-@₁–lghii[the.one.that.V-ed][the.one.that.is.V][V→N][N][Abs][Unpd][Sg]
aanumalghii	aane-@₃~:(i/u)ma[to.have.V-ed.or.to.have.been.V-ed]-(pete/fte)[to.evidently.V][to.have.V-ed][V→V][V][Ptcp][3Sg]
aanumalghii	aane-@₃~:(i/u)ma[to.have.V-ed.or.to.have.been.V-ed]-(te)ste[to.have.make.or.let.one.V][Cmpd_Vbl]-@₁–lghii[the.one.that.V-ed][the.one.that.is.V][V→N][N][Abs][Unpd][Sg]
aanumalghii	aane-@₃~:(i/u)ma[to.have.V-ed.or.to.have.been.V-ed]-(te)ste[to.have.make.or.let.one.V][Cmpd_Vbl][V][Ptcp][3Sg]
aanumalghii	aane-@₃~:(i/u)ma[to.have.V-ed.or.to.have.been.V-ed]-@₁–lghii[the.one.that.V-ed][the.one.that.is.V][V→N][N][Abs][Unpd][Sg]
aanumalghii	aane-@₃~:(i/u)ma[to.have.V-ed.or.to.have.been.V-ed][V][Ptcp][3Sg]

mangteghameng	mangteghagh[N][Rel][4DuPoss][PlPosd]
mangteghameng	mangteghagh[N][Rel][4DuPoss][SgPosd]
mangteghameng	mangteghagh[N][Rel][4PlPoss][PlPosd]
mangteghameng	mangteghagh[N][Rel][4PlPoss][SgPosd]
mangteghameng	mangteghagh[N][Abl_Mod][Unpd][Sg]

amsikaghngaghngaaghmi	amsikagh*-nga[Stative][to.be.in.R.posture][V][Conc][4Sg]

------------------------
9) Sarigpek amqeghhneghitaanga qilugngaaghminga.

sarigpek	sari[N][Rel][2SgPoss][DuPosd]
sarigpek	sari[N][Rel][2SgPoss][PlPosd]
sarigpek	sari[N][Rel][2SgPoss][SgPosd]

amqeghhneghitaanga	amqeghte-(te)ste[to.have.make.or.let.one.V][Cmpd_Vbl]-@₁–nghite*[to.not.V][V→V][V][Ind][3Sg][1Sg]
amqeghhneghitaanga	amqeghte-@₁–nghite*[to.not.V][V→V][V][Ind][3Sg][1Sg]

qilugngaaghminga	qilug[V][Conc][4Sg][1Sg]

------------------------
