1) Tukuqa neghsameng gaaghaquq.

tukuqa	tukugh*-~–ke[to.have.as.one's.N(s)][N→V][V][Intrg][3Sg]
tukuqa	tukugh*[N][Abs][1SgPoss][SgPosd]

neghsameng	ne-te[to.catch.N][to.go.to.N][N→V]-(te)ste[to.have.make.or.let.one.V][Cmpd_Vbl][V][CnsqI][4Pl]
neghsameng	negh-te[to.act.on.so.as.to.cause.to.V][V→V]-(te)ste[to.have.make.or.let.one.V][Cmpd_Vbl][V][CnsqI][4Pl]
neghsameng	negh-te[to.act.on.so.as.to.cause.to.V][V→V][V][CnsqI][4Pl]
neghsameng	negh-(te)ste[to.have.make.or.let.one.V][Cmpd_Vbl][V][CnsqI][4Pl]
neghsameng	neghe-te[to.act.on.so.as.to.cause.to.V][V→V][V][CnsqI][4Pl]
neghsameng	neghsagh[N][Rel][4DuPoss][SgPosd]
neghsameng	neghsagh[N][Rel][4DuPoss][PlPosd]
neghsameng	neghsagh[N][Rel][4PlPoss][SgPosd]
neghsameng	neghsagh[N][Rel][4PlPoss][PlPosd]
neghsameng	neghsagh[N][Abl_Mod][Unpd][Sg]

gaaghaquq	gaagh-~(g₁)aqe[to.be.V.ing][to.regularly.or.repeatedly.V][V→V][V][Ind][3Sg]

------------------------
2) Apan naayghamun mayughyugtuq.

apan	apa[N][Abs][2SgPoss][SgPosd]

naayghamun	naayghagh[N][Ter][Unpd][Sg]

mayughyugtuq	mayugh-@₁~fyug[to.want.to.V][V→V][V][Ind][3Sg]
mayughyugtuq	mayugh-@₁~fyug[to.want.to.V][V→V]-te[to.act.on.so.as.to.cause.to.V][V→V][V][Ind][3Sg]

------------------------
3) Unaami aghulaqsugtunga naayvamun.

unaami	unaami[N][Abs][Unpd][Sg]

aghulaqsugtunga	aghulaqe-te[to.act.on.so.as.to.cause.to.V][V→V]-@₁~fyug[to.want.to.V][V→V][V][Ind][1Sg]
aghulaqsugtunga	aghulaqe-te[to.act.on.so.as.to.cause.to.V][V→V]-@₁~fyug[to.want.to.V][V→V]-te[to.act.on.so.as.to.cause.to.V][V→V][V][Ind][1Sg]
aghulaqsugtunga	aghulaqe-@₁~fyug[to.want.to.V][V→V][V][Ind][1Sg]
aghulaqsugtunga	aghulaqe-@₁~fyug[to.want.to.V][V→V]-te[to.act.on.so.as.to.cause.to.V][V→V][V][Ind][1Sg]

naayvamun	naayvagh[N][Ter][Unpd][Sg]

------------------------
4) Kufi kuuvellequq qulmesiitmeng.

kufi	kufi[N][Abs][Unpd][Sg]

kuuvellequq	kuuve-te[to.act.on.so.as.to.cause.to.V][V→V]-@₁lleqe[will.V][V→V][V][Ind][3Sg]
kuuvellequq	kuuve-@₁lleqe[will.V][V→V][V][Ind][3Sg]

qulmesiitmeng	qulmesiite[N][Rel][4DuPoss][SgPosd]
qulmesiitmeng	qulmesiite[N][Rel][4DuPoss][PlPosd]
qulmesiitmeng	qulmesiite[N][Rel][4PlPoss][SgPosd]
qulmesiitmeng	qulmesiite[N][Rel][4PlPoss][PlPosd]
qulmesiitmeng	qulmesiite[N][Abl_Mod][Unpd][Sg]

------------------------
5) Aanaqukung eslamun.

aanaqukung	aane-~(g₁)aqe[to.be.V.ing][to.regularly.or.repeatedly.V][V→V][V][Ind][1Du]

eslamun	esla[N][Ter][Unpd][Sg]

------------------------
6) Aghnaghaat yughaghvigmeng tagiiqut.

aghnaghaat	aghnaghagh*[N][Abs][Unpd][Pl]
aghnaghaat	aghnaghagh*[N][Abs][3PlPoss][SgPosd]
aghnaghaat	aghnaghagh*[N][Rel][Unpd][Pl]

yughaghvigmeng	yughaghvig[N][Rel][4DuPoss][SgPosd]
yughaghvigmeng	yughaghvig[N][Rel][4DuPoss][PlPosd]
yughaghvigmeng	yughaghvig[N][Rel][4PlPoss][SgPosd]
yughaghvigmeng	yughaghvig[N][Rel][4PlPoss][PlPosd]
yughaghvigmeng	yughaghvig[N][Abl_Mod][Unpd][Sg]

tagiiqut	tagi-~(g₁)aqe[to.be.V.ing][to.regularly.or.repeatedly.V][V→V][V][Ind][3Pl]

------------------------
7) Yuget elngaatall aqavzigmeng inghuyugtut nunivagmi.

yuget	yug[N][Abs][Unpd][Pl]
yuget	yug[N][Rel][Unpd][Pl]

elngaatall	elngaatall

aqavzigmeng	aqavzig[N][Rel][4DuPoss][SgPosd]
aqavzigmeng	aqavzig[N][Rel][4DuPoss][PlPosd]
aqavzigmeng	aqavzig[N][Rel][4PlPoss][SgPosd]
aqavzigmeng	aqavzig[N][Rel][4PlPoss][PlPosd]
aqavzigmeng	aqavzig[N][Abl_Mod][Unpd][Sg]

inghuyugtut	inghu-@₁~fyug[to.want.to.V][V→V][V][Ind][3Pl]
inghuyugtut	inghu-@₁~fyug[to.want.to.V][V→V]-te[to.act.on.so.as.to.cause.to.V][V→V][V][Ind][3Pl]
inghuyugtut	inghu-~:(u)te[to.V.for.or.with][to.cause.to.V.as.one.is.V-ing][to.V.toward.each.other][V→V]-@₁~fyug[to.want.to.V][V→V][V][Ind][3Pl]
inghuyugtut	inghu-~:(u)te[to.V.for.or.with][to.cause.to.V.as.one.is.V-ing][to.V.toward.each.other][V→V]-@₁~fyug[to.want.to.V][V→V]-te[to.act.on.so.as.to.cause.to.V][V→V][V][Ind][3Pl]
inghuyugtut	inghu-~:(u)te[SBJ.V-ed.something][V→V]-@₁~fyug[to.want.to.V][V→V][V][Ind][3Pl]
inghuyugtut	inghu-~:(u)te[SBJ.V-ed.something][V→V]-@₁~fyug[to.want.to.V][V→V]-te[to.act.on.so.as.to.cause.to.V][V→V][V][Ind][3Pl]

nunivagmi	nunivag[N][Loc][Unpd][Sg]
nunivagmi	nunivag[N][Rel][4SgPoss][SgPosd]
nunivagmi	nunivag[N][Rel][4SgPoss][PlPosd]

------------------------
8) Nayaka qepghaghllequq igaghvigmi.

nayaka	nayag-~–ke[to.have.as.one's.N(s)][N→V][V][Intrg][3Sg]
nayaka	nayag[N][Abs][1SgPoss][SgPosd]

qepghaghllequq	qepghagh-te[to.act.on.so.as.to.cause.to.V][V→V]-@₁lleqe[will.V][V→V][V][Ind][3Sg]
qepghaghllequq	qepghagh-@₁lleqe[will.V][V→V][V][Ind][3Sg]

igaghvigmi	igaghvig[N][Loc][Unpd][Sg]
igaghvigmi	igaghvig[N][Rel][4SgPoss][SgPosd]
igaghvigmi	igaghvig[N][Rel][4SgPoss][PlPosd]

------------------------
9) Aakan umughqaagaquq.

aakan	+?

umughqaagaquq	umughqaa-~(g₁)aqe[to.be.V.ing][to.regularly.or.repeatedly.V][V→V][V][Ind][3Sg]

------------------------
10) Kaannaqut ighneghten.

kaannaqut	kaate-@₁~fnaqe[to.be.going.to.V][V→V][V][Ind][3Pl]

ighneghten	ighnegh[N][Abs][2SgPoss][PlPosd]
ighneghten	ighnegh-te[to.catch.N][to.go.to.N][N→V][V][Opt][PRS][2Sg]
ighneghten	ighnegh[N][Abs][2SgPoss][PlPosd]

------------------------
11) Ingaghsugtunga.

ingaghsugtunga	ingaghte-(te)ste[to.have.make.or.let.one.V][Cmpd_Vbl]-@₁~fyug[to.want.to.V][V→V][V][Ind][1Sg]
ingaghsugtunga	ingaghte-(te)ste[to.have.make.or.let.one.V][Cmpd_Vbl]-@₁~fyug[to.want.to.V][V→V]-te[to.act.on.so.as.to.cause.to.V][V→V][V][Ind][1Sg]
ingaghsugtunga	ingaghte-@₁~fyug[to.want.to.V][V→V][V][Ind][1Sg]
ingaghsugtunga	ingaghte-@₁~fyug[to.want.to.V][V→V]-te[to.act.on.so.as.to.cause.to.V][V→V][V][Ind][1Sg]

------------------------
12) Ngelqameng neghellequnga unaami.

ngelqameng	ngelqagh[N][Rel][4DuPoss][SgPosd]
ngelqameng	ngelqagh[N][Rel][4DuPoss][PlPosd]
ngelqameng	ngelqagh[N][Rel][4PlPoss][SgPosd]
ngelqameng	ngelqagh[N][Rel][4PlPoss][PlPosd]
ngelqameng	ngelqagh[N][Abl_Mod][Unpd][Sg]

neghellequnga	neghe-te[to.act.on.so.as.to.cause.to.V][V→V]-@₁lleqe[will.V][V→V][V][Ind][1Sg]
neghellequnga	neghe-@₁lleqe[will.V][V→V][V][Ind][1Sg]

unaami	unaami[N][Abs][Unpd][Sg]

------------------------
13) Tumenka takestaaghhaagut.

tumenka	tume[N][Abs][1SgPoss][PlPosd]

takestaaghhaagut	takestaaghhaa[V][Ind][3Pl]

------------------------
14) Ukigaquq yavluka naayghaghmeng.

ukigaquq	ukig-~(g₁)aqe[to.be.V.ing][to.regularly.or.repeatedly.V][V→V][V][Ind][3Sg]

yavluka	yavlu-~–ke[to.have.as.one's.N(s)][N→V][V][Intrg][3Sg]
yavluka	yavlu[N][Abs][1SgPoss][SgPosd]

naayghaghmeng	+?

------------------------
15) Estugaq Sivuqami mekestaaghhaaguq.

estugaq	estugagh[N][Abs][Unpd][Sg]
estugaq	estugagh*[N][Abs][Unpd][Sg]

sivuqami	Sivuqagh[N][Loc][Unpd][Sg]
sivuqami	Sivuqagh[N][Rel][4SgPoss][SgPosd]
sivuqami	Sivuqagh[N][Rel][4SgPoss][PlPosd]

mekestaaghhaaguq	mekestaaghhaa[V][Ind][3Sg]

------------------------
16) Qikmigka papegllalguuk.

qikmigka	qikmigh[N][Abs][1SgPoss][DuPosd]

papegllalguuk	papeg-–ghllag[big.N][N→N]-–leg[one.having.N][N→N]-~:(ng₁)u[to.be.N][N→V][V][Ind][3Du]
papegllalguuk	papeg-–ghllag[big.N][N→N]-–lgu[to.have.N][N→V][V][Ind][3Du]

------------------------
