1) Qikmiqa neghaquq anipameng.

qikmiqa	qikmigh[N][Abs][1SgPoss][SgPosd]

neghaquq	neghe-~(g₁)aqe[TO-BE-V-ING][TO-REGULARLY-OR-REPEAT-V][V→V][V][Intr_Ind][3Sg]
neghaquq	negh-~(g₁)aqe[TO-BE-V-ING][TO-REGULARLY-OR-REPEAT-V][V→V][V][Intr_Ind][3Sg]

anipameng	anipa[N][Rel][4DuPoss][PlPosd]
anipameng	anipa[N][Rel][4DuPoss][SgPosd]
anipameng	anipa[N][Rel][4PlPoss][PlPosd]
anipameng	anipa[N][Rel][4PlPoss][SgPosd]
anipameng	anipa[N][Abl_Mod][Unpd][Sg]

------------------------
2) Aghnaghllagem ighneghi neghellequt akuutameng aqavzilegmeng.

aghnaghllagem	aghnagh-–ghllag[BIG-N][N→N][N][Rel][Unpd][Sg]

ighneghi	ighnegh[N][Abs][3SgPoss][PlPosd]

neghellequt	neghe-@₁lleqe[WILL-V][V→V][V][Intr_Ind][3Pl]

akuutameng	akuutagh[N][Rel][4DuPoss][PlPosd]
akuutameng	akuutagh[N][Rel][4DuPoss][SgPosd]
akuutameng	akuutagh[N][Rel][4PlPoss][PlPosd]
akuutameng	akuutagh[N][Rel][4PlPoss][SgPosd]
akuutameng	akuutagh[N][Abl_Mod][Unpd][Sg]

aqavzilegmeng	aqavzig-–leg[ONE-HAVING-N][N→N][N][Rel][4DuPoss][PlPosd]
aqavzilegmeng	aqavzig-–leg[ONE-HAVING-N][N→N][N][Rel][4DuPoss][SgPosd]
aqavzilegmeng	aqavzig-–leg[ONE-HAVING-N][N→N][N][Rel][4PlPoss][PlPosd]
aqavzilegmeng	aqavzig-–leg[ONE-HAVING-N][N→N][N][Rel][4PlPoss][SgPosd]
aqavzilegmeng	aqavzig-–leg[ONE-HAVING-N][N→N][N][Abl_Mod][Unpd][Sg]

------------------------
3) Yugem qikmii siguteghllalguut.

yugem	yug[N][Rel][Unpd][Sg]

qikmii	qikmigh[N][Abs][3SgPoss][PlPosd]
qikmii	qikmigh[N][Abs][3SgPoss][SgPosd]
qikmii	qikmigh-~:(ng)u[TO-BE-N][N→V][V][Opt][PRS][2Sg]

siguteghllalguut	sigute-–ghllag[BIG-N][N→N]-–leg[ONE-HAVING-N][N→N]-~:(ng)u[TO-BE-N][N→V][V][Intr_Ind][3Pl]
siguteghllalguut	sigute-–ghllag[BIG-N][N→N]-–lgu[TO-HAVE-N][N→V][V][Intr_Ind][3Pl]

------------------------
4) Atughnaqunga suflugameng.

atughnaqunga	atugh-@₁~fnaqe[TO-BE-GOING-TO-V][V→V][V][Intr_Ind][1Sg]

suflugameng	suflugagh[N][Rel][4DuPoss][PlPosd]
suflugameng	suflugagh[N][Rel][4DuPoss][SgPosd]
suflugameng	suflugagh[N][Rel][4PlPoss][PlPosd]
suflugameng	suflugagh[N][Rel][4PlPoss][SgPosd]
suflugameng	suflugagh[N][Abl_Mod][Unpd][Sg]

------------------------
5) Apeghtughistem nulaa iflaaq.

apeghtughistem	apeghtughiste[N][Rel][Unpd][Sg]

nulaa	nulugh[N][Abs][3SgPoss][SgPosd]
nulaa	nulugh[V][Opt][PRS][2Sg]

iflaaq	ifla[V][Intr_Ind][3Sg]

------------------------
6) Aqelqat igleghtaqut Sivuqaghmeng Sivungaghmun.

aqelqat	aqelqagh[N][Abs][Unpd][Pl]
aqelqat	aqelqagh[N][Rel][Unpd][Pl]

igleghtaqut	igleghte-~(g₁)aqe[TO-BE-V-ING][TO-REGULARLY-OR-REPEAT-V][V→V][V][Intr_Ind][3Pl]

sivuqaghmeng	+?

sivungaghmun	Sivungagh*[N][Ter][Unpd][Sg]

------------------------
7) Siivanlleghet nulughaqut naayvami.

siivanlleghet	siivanllegh[N][Abs][Unpd][Pl]
siivanlleghet	siivanllegh[N][Rel][Unpd][Pl]

nulughaqut	nulugh-~(g₁)aqe[TO-BE-V-ING][TO-REGULARLY-OR-REPEAT-V][V→V][V][Intr_Ind][3Pl]

naayvami	naayvagh[N][Rel][4SgPoss][PlPosd]
naayvami	naayvagh[N][Rel][4SgPoss][SgPosd]
naayvami	naayvagh[N][Loc][Unpd][Sg]

------------------------
8) Esghaataqukut ighaleqetaaghmeng.

esghaataqukut	esghaate-~(g₁)aqe[TO-BE-V-ING][TO-REGULARLY-OR-REPEAT-V][V→V][V][Intr_Ind][1Pl]

ighaleqetaaghmeng	ighaleqetaagh[N][Rel][4DuPoss][PlPosd]
ighaleqetaaghmeng	ighaleqetaagh[N][Rel][4DuPoss][SgPosd]
ighaleqetaaghmeng	ighaleqetaagh[N][Rel][4PlPoss][PlPosd]
ighaleqetaaghmeng	ighaleqetaagh[N][Rel][4PlPoss][SgPosd]
ighaleqetaaghmeng	ighaleqetaagh[N][Abl_Mod][Unpd][Sg]

------------------------
9) Mekelghiighem nengyaa kakiiquq.

mekelghiighem	mekelghiigh[N][Rel][Unpd][Sg]

nengyaa	nengyugh*[N][Abs][3SgPoss][SgPosd]

kakiiquq	kaki-~(g₁)aqe[TO-BE-V-ING][TO-REGULARLY-OR-REPEAT-V][V→V][V][Intr_Ind][3Sg]

------------------------
10) Yughaghtet taghnughhiit aghulayugtut.

yughaghtet	yughaghte[N][Abs][Unpd][Pl]
yughaghtet	yughaghte[N][Rel][Unpd][Pl]

taghnughhiit	taghnughhagh*[N][Abs][3PlPoss][PlPosd]

aghulayugtut	aghula-@₁~fyug[TO-WANT-TO-V][V→V][V][Intr_Ind][3Pl]

------------------------
11) Teghikusat aanaqut riigteghllagmeng.

teghikusat	teghikusagh[N][Abs][Unpd][Pl]
teghikusat	teghikusagh[N][Rel][Unpd][Pl]

aanaqut	aane-~(g₁)aqe[TO-BE-V-ING][TO-REGULARLY-OR-REPEAT-V][V→V][V][Intr_Ind][3Pl]

riigteghllagmeng	riigte-–ghllag[BIG-N][N→N][N][Rel][4DuPoss][PlPosd]
riigteghllagmeng	riigte-–ghllag[BIG-N][N→N][N][Rel][4DuPoss][SgPosd]
riigteghllagmeng	riigte-–ghllag[BIG-N][N→N][N][Rel][4PlPoss][PlPosd]
riigteghllagmeng	riigte-–ghllag[BIG-N][N→N][N][Rel][4PlPoss][SgPosd]
riigteghllagmeng	riigte-–ghllag[BIG-N][N→N][N][Abl_Mod][Unpd][Sg]

------------------------
12) Laluramka akuziiquq Yupigestun.

laluramka	Laluramke[N][Abs][Unpd][Sg]

akuziiquq	akuzi-~(g₁)aqe[TO-BE-V-ING][TO-REGULARLY-OR-REPEAT-V][V→V][V][Intr_Ind][3Sg]

yupigestun	Yupig[N][Equ][Unpd][Pl]

------------------------
13) Panigegka mesuunanaquk.

panigegka	panig[N][Abs][1SgPoss][DuPosd]

mesuunanaquk	mesuuna-@₁~fnaqe[TO-BE-GOING-TO-V][V→V][V][Intr_Ind][3Du]

------------------------
14) Apanga qayumeng meghaquq.

apanga	apa[N][Abs][3SgPoss][SgPosd]

qayumeng	qayugh[N][Rel][4DuPoss][PlPosd]
qayumeng	qayugh[N][Rel][4DuPoss][SgPosd]
qayumeng	qayugh[N][Rel][4PlPoss][PlPosd]
qayumeng	qayugh[N][Rel][4PlPoss][SgPosd]
qayumeng	qayugh[N][Abl_Mod][Unpd][Sg]

meghaquq	meghe-~(g₁)aqe[TO-BE-V-ING][TO-REGULARLY-OR-REPEAT-V][V→V][V][Intr_Ind][3Sg]
meghaquq	megh-~(g₁)aqe[TO-BE-V-ING][TO-REGULARLY-OR-REPEAT-V][V→V][V][Intr_Ind][3Sg]

------------------------
15) Ighneghten manigmeng neghtut.

ighneghten	ighnegh[N][Abs][2SgPoss][PlPosd]
ighneghten	ighnegh-te[TO-CATCH-GO-TO-N][N→V][V][Opt][PRS][2Sg]
ighneghten	ighnegh[N][Abs][2SgPoss][PlPosd]

manigmeng	manig[N][Rel][4DuPoss][PlPosd]
manigmeng	manig[N][Rel][4DuPoss][SgPosd]
manigmeng	manig[N][Rel][4PlPoss][PlPosd]
manigmeng	manig[N][Rel][4PlPoss][SgPosd]
manigmeng	manig[N][Abl_Mod][Unpd][Sg]

neghtut	negh[V][Intr_Ind][3Pl]

------------------------
16) Aatghit taakut.

aatghit	ategh[N][Abs][3PlPoss][PlPosd]

taakut	taake[V][Intr_Ind][3Pl]

------------------------
17) Yugem yavlunga qepghaghllequq unaami.

yugem	yug[N][Rel][Unpd][Sg]

yavlunga	yavlu[N][Abs][3SgPoss][SgPosd]

qepghaghllequq	qepghagh-@₁lleqe[WILL-V][V→V][V][Intr_Ind][3Sg]

unaami	unaami[N][Abs][Unpd][Sg]

------------------------
18) Esghaatunga lalalameng vegaaghmi.

esghaatunga	esghaate[V][Intr_Ind][1Sg]

lalalameng	lalala[N][Rel][4DuPoss][PlPosd]
lalalameng	lalala[N][Rel][4DuPoss][SgPosd]
lalalameng	lalala[N][Rel][4PlPoss][PlPosd]
lalalameng	lalala[N][Rel][4PlPoss][SgPosd]
lalalameng	lalala[N][Abl_Mod][Unpd][Sg]

vegaaghmi	vegaagh[N][Rel][4SgPoss][PlPosd]
vegaaghmi	vegaagh[N][Rel][4SgPoss][SgPosd]
vegaaghmi	vegaagh[N][Loc][Unpd][Sg]

------------------------
19) Mekelghiighet naangat mangteghami qavaghaquq.

mekelghiighet	mekelghiigh[N][Abs][Unpd][Pl]
mekelghiighet	mekelghiigh[N][Rel][Unpd][Pl]

naangat	naa[N][Abs][3PlPoss][SgPosd]

mangteghami	mangteghagh[N][Rel][4SgPoss][PlPosd]
mangteghami	mangteghagh[N][Rel][4SgPoss][SgPosd]
mangteghami	mangteghagh[N][Loc][Unpd][Sg]

qavaghaquq	qavagh-~(g₁)aqe[TO-BE-V-ING][TO-REGULARLY-OR-REPEAT-V][V→V][V][Intr_Ind][3Sg]

------------------------
20) Sikughllagmeng atughnaqunga.

sikughllagmeng	siku-–ghllag[BIG-N][N→N][N][Rel][4DuPoss][PlPosd]
sikughllagmeng	siku-–ghllag[BIG-N][N→N][N][Rel][4DuPoss][SgPosd]
sikughllagmeng	siku-–ghllag[BIG-N][N→N][N][Rel][4PlPoss][PlPosd]
sikughllagmeng	siku-–ghllag[BIG-N][N→N][N][Rel][4PlPoss][SgPosd]
sikughllagmeng	siku-–ghllag[BIG-N][N→N][N][Abl_Mod][Unpd][Sg]
sikughllagmeng	sikugh*-–ghllag[BIG-N][N→N][N][Rel][4DuPoss][PlPosd]
sikughllagmeng	sikugh*-–ghllag[BIG-N][N→N][N][Rel][4DuPoss][SgPosd]
sikughllagmeng	sikugh*-–ghllag[BIG-N][N→N][N][Rel][4PlPoss][PlPosd]
sikughllagmeng	sikugh*-–ghllag[BIG-N][N→N][N][Rel][4PlPoss][SgPosd]
sikughllagmeng	sikugh*-–ghllag[BIG-N][N→N][N][Abl_Mod][Unpd][Sg]

atughnaqunga	atugh-@₁~fnaqe[TO-BE-GOING-TO-V][V→V][V][Intr_Ind][1Sg]

------------------------
21) Tengegkayuk kaannaquq Sivuqaghmeng.

tengegkayuk	tengegkayug[N][Abs][Unpd][Sg]

kaannaquq	kaate-@₁~fnaqe[TO-BE-GOING-TO-V][V→V][V][Intr_Ind][3Sg]

sivuqaghmeng	+?

------------------------
22) Naayvam sikunga seghleghuuq.

naayvam	naayvagh[N][Rel][Unpd][Sg]

sikunga	siku[N][Abs][3SgPoss][SgPosd]
sikunga	siku[V][Opt][PRS][2Sg][1Sg]

seghleghuuq	seghlegh-~:(ng)u[TO-BE-N][N→V][V][Intr_Ind][3Sg]
seghleghuuq	seghleghu[V][Intr_Ind][3Sg]

------------------------
23) Karaket aglaghaqut.

karaket	Karake[N][Abs][Unpd][Pl]
karaket	Karake[N][Rel][Unpd][Pl]

aglaghaqut	aglagh-~(g₁)aqe[TO-BE-V-ING][TO-REGULARLY-OR-REPEAT-V][V→V][V][Intr_Ind][3Pl]

------------------------
24) Yugem walguyaagkek iflaak.

yugem	yug[N][Rel][Unpd][Sg]

walguyaagkek	walguyaag[N][Abs][3SgPoss][DuPosd]

iflaak	ifla[V][Intrg][3Du]
iflaak	ifla[V][Intr_Ind][3Du]

------------------------
25) Apeghtughistet nuliighit pagunghaghmeng inghwaaqut.

apeghtughistet	apeghtughiste[N][Abs][Unpd][Pl]
apeghtughistet	apeghtughiste[N][Rel][Unpd][Pl]

nuliighit	nuliigh[N][Abs][3PlPoss][PlPosd]

pagunghaghmeng	pagunghagh*[N][Rel][4DuPoss][PlPosd]
pagunghaghmeng	pagunghagh*[N][Rel][4DuPoss][SgPosd]
pagunghaghmeng	pagunghagh*[N][Rel][4PlPoss][PlPosd]
pagunghaghmeng	pagunghagh*[N][Rel][4PlPoss][SgPosd]
pagunghaghmeng	pagunghagh*[N][Abl_Mod][Unpd][Sg]

inghwaaqut	inghu-~(g₁)aqe[TO-BE-V-ING][TO-REGULARLY-OR-REPEAT-V][V→V][V][Intr_Ind][3Pl]

------------------------
