1) Gaaghyugaqa ayveghem kemekraga.

gaaghyugaqa	gaagh-@₁~fyug[to.want.to.V][V→V]-~(g₁)aqe[to.be.V.ing][to.regularly.or.repeatedly.V][V→V][V][Intrg][3Sg]

ayveghem	ayvegh[N][Rel][Unpd][Sg]

kemekraga	kemekrag[N][Abs][3SgPoss][SgPosd]

------------------------
2) Pagunghaat aavgii.

pagunghaat	pagunghagh*[N][Abs][Unpd][Pl]
pagunghaat	pagunghagh*[N][Abs][3PlPoss][SgPosd]
pagunghaat	pagunghagh*[N][Rel][Unpd][Pl]

aavgii	aveg-~i[SBJ.V-ed.something][V→V]-~i[SBJ.V-ed.something][V→V]-~i[SBJ.V-ed.something][V→V]-~i[SBJ.V-ed.something][V→V]-~i[SBJ.V-ed.something][V→V]-~i[SBJ.V-ed.something][V→V][V][Opt][PRS][2Sg]
aavgii	aveg-~i[SBJ.V-ed.something][V→V]-~i[SBJ.V-ed.something][V→V]-~i[SBJ.V-ed.something][V→V]-~i[SBJ.V-ed.something][V→V]-~i[SBJ.V-ed.something][V→V][V][Opt][PRS][2Sg]
aavgii	aveg-~i[SBJ.V-ed.something][V→V]-~i[SBJ.V-ed.something][V→V]-~i[SBJ.V-ed.something][V→V]-~i[SBJ.V-ed.something][V→V][V][Opt][PRS][2Sg]
aavgii	aveg-~i[SBJ.V-ed.something][V→V]-~i[SBJ.V-ed.something][V→V]-~i[SBJ.V-ed.something][V→V][V][Opt][PRS][2Sg]
aavgii	aveg-~i[SBJ.V-ed.something][V→V]-~i[SBJ.V-ed.something][V→V][V][Opt][PRS][2Sg]
aavgii	aveg-~i[SBJ.V-ed.something][V→V][V][Intrg][3Sg]
aavgii	aveg[V][Ind][3Sg][3Pl]

------------------------
3) Neghsaq guunnaqaqa.

neghsaq	neghsagh[N][Abs][Unpd][Sg]

guunnaqaqa	guute-@₁~fnaqe[to.be.going.to.V][V→V]-~(g₁)aqe[to.be.V.ing][to.regularly.or.repeatedly.V][V→V][V][Intrg][3Sg]

------------------------
4) Qikmima paapga takestaaghhaaguq.

qikmima	qikmigh[N][Rel][1SgPoss][SgPosd]
qikmima	qikmigh[N][Rel][1SgPoss][PlPosd]

paapga	papeg[N][Abs][3SgPoss][SgPosd]

takestaaghhaaguq	takestaaghhaa[V][Ind][3Sg]

------------------------
5) Qikmima apeghtughisteka qilugaqaa.

qikmima	qikmigh[N][Rel][1SgPoss][SgPosd]
qikmima	qikmigh[N][Rel][1SgPoss][PlPosd]

apeghtughisteka	apeghtughiste-~–ke[to.have.as.one's.N(s)][N→V][V][Intrg][3Sg]
apeghtughisteka	apeghtughiste[N][Abs][1SgPoss][SgPosd]

qilugaqaa	qilug-~(g₁)aqe[to.be.V.ing][to.regularly.or.repeatedly.V][V→V][V][Ind][3Sg][3Sg]

------------------------
6) Yughaghtem nulighhan anengaa aghulaqsugtuq Sivuqaghmeng.

yughaghtem	yughaghte[N][Rel][Unpd][Sg]

nulighhan	nulighh[N][Rel][3SgPoss][SgPosd]
nulighhan	nulighh[N][Rel][3SgPoss][PlPosd]

anengaa	anengagh-~:(ng₁)u[to.be.N][N→V][V][Opt][PRS][2Sg]
anengaa	anengagh[N][Abs][3SgPoss][SgPosd]

aghulaqsugtuq	aghulaqe-@₁~fyug[to.want.to.V][V→V][V][Ind][3Sg]
aghulaqsugtuq	aghulaqe-@₁~fyug[to.want.to.V][V→V]-te[to.act.on.so.as.to.cause.to.V][V→V][V][Ind][3Sg]
aghulaqsugtuq	aghulaqe-te[to.act.on.so.as.to.cause.to.V][V→V]-@₁~fyug[to.want.to.V][V→V][V][Ind][3Sg]
aghulaqsugtuq	aghulaqe-te[to.act.on.so.as.to.cause.to.V][V→V]-@₁~fyug[to.want.to.V][V→V]-te[to.act.on.so.as.to.cause.to.V][V→V][V][Ind][3Sg]

sivuqaghmeng	+?

------------------------
7) Qulmesiin lliiqa egllugnun.

qulmesiin	qulmesiite[N][Abs][Unpd][Sg]

lliiqa	lliigh[Imprs_Agnt]-@*@₂~sf–(g₂)k(a)e[the.one.that.possessor.V-ed][V→N][N][Abs][Unpd][Sg]

egllugnun	egllu[N][Ter][Unpd][Du]

------------------------
8) Apeghtughistegpekliilleqii taghnughhaat aatghit.

apeghtughistegpekliilleqii	+?

taghnughhaat	taghnughhagh*[N][Abs][Unpd][Pl]
taghnughhaat	taghnughhagh*[N][Abs][3PlPoss][SgPosd]
taghnughhaat	taghnughhagh*[N][Rel][Unpd][Pl]

aatghit	ategh[N][Abs][3PlPoss][PlPosd]

------------------------
9) Qergesa qelpeghtaqa.

qergesa	qergese[N][Abs][Unpd][Sg]

qelpeghtaqa	qelpeghte-~(g₁)aqe[to.be.V.ing][to.regularly.or.repeatedly.V][V→V][V][Intrg][3Sg]

------------------------
10) Amik uumgaa.

amik	amig[N][Abs][Unpd][Sg]

uumgaa	umeg[V][Ind][3Sg][3Sg]

------------------------
11) Esghaghlleqamken.

esghaghlleqamken	esghagh-te[to.act.on.so.as.to.cause.to.V][V→V]-@₁lleqe[will.V][V→V][V][Ind][1Sg][2Sg]
esghaghlleqamken	esghagh-te[to.act.on.so.as.to.cause.to.V][V→V]-@₁lleqe[will.V][V→V][V][Ind][1Du][2Sg]
esghaghlleqamken	esghagh-te[to.act.on.so.as.to.cause.to.V][V→V]-@₁lleqe[will.V][V→V][V][Ind][1Pl][2Sg]
esghaghlleqamken	esghagh-@₁lleqe[will.V][V→V][V][Ind][1Sg][2Sg]
esghaghlleqamken	esghagh-@₁lleqe[will.V][V→V][V][Ind][1Du][2Sg]
esghaghlleqamken	esghagh-@₁lleqe[will.V][V→V][V][Ind][1Pl][2Sg]

------------------------
12) Aghnalqwaaghem tugaa nanevgam suflugaa eflugameng.

aghnalqwaaghem	aghnalqwaagh[N][Rel][Unpd][Sg]

tugaa	tugu[V][Ind][3Sg][3Sg]

nanevgam	+?

suflugaa	suflugagh-~:(ng₁)u[to.be.N][N→V][V][Opt][PRS][2Sg]
suflugaa	suflugagh[N][Abs][3SgPoss][SgPosd]

eflugameng	eflugagh[N][Rel][4DuPoss][SgPosd]
eflugameng	eflugagh[N][Rel][4DuPoss][PlPosd]
eflugameng	eflugagh[N][Rel][4PlPoss][SgPosd]
eflugameng	eflugagh[N][Rel][4PlPoss][PlPosd]
eflugameng	eflugagh[N][Abl_Mod][Unpd][Sg]

------------------------
13) Laalighfiknaqaqa apaka.

laalighfiknaqaqa	laalighte-@₁~fvik[place.to.V][V→N]-~–ke[to.have.as.one's.N(s)][N→V]-@₁~fnaqe[to.be.going.to.V][V→V]-~(g₁)aqe[to.be.V.ing][to.regularly.or.repeatedly.V][V→V][V][Intrg][3Sg]
laalighfiknaqaqa	laalighte-@₁~fvik[place.to.V][V→N]-~–ke[to.have.as.one's.N(s)][N→V]-te[to.act.on.so.as.to.cause.to.V][V→V]-@₁~fnaqe[to.be.going.to.V][V→V]-~(g₁)aqe[to.be.V.ing][to.regularly.or.repeatedly.V][V→V][V][Intrg][3Sg]
laalighfiknaqaqa	laalighte-@₁~fvik[place.to.V][V→N]-~–ke[to.have.as.one's.N(s)][N→V]-te[to.act.on.so.as.to.cause.to.V][V→V]-te[to.act.on.so.as.to.cause.to.V][V→V]-@₁~fnaqe[to.be.going.to.V][V→V]-~(g₁)aqe[to.be.V.ing][to.regularly.or.repeatedly.V][V→V][V][Intrg][3Sg]
laalighfiknaqaqa	laalighte-@₁~fvik[place.to.V][V→N]-~–ke[to.have.as.one's.N(s)][N→V]-te[to.act.on.so.as.to.cause.to.V][V→V]-te[to.act.on.so.as.to.cause.to.V][V→V]-te[to.act.on.so.as.to.cause.to.V][V→V]-@₁~fnaqe[to.be.going.to.V][V→V]-~(g₁)aqe[to.be.V.ing][to.regularly.or.repeatedly.V][V→V][V][Intrg][3Sg]
laalighfiknaqaqa	laalighte-@₁~fvik[place.to.V][V→N]-te[to.catch.N][to.go.to.N][N→V]-@₁~fnaqe[to.be.going.to.V][V→V]-~(g₁)aqe[to.be.V.ing][to.regularly.or.repeatedly.V][V→V][V][Intrg][3Sg]
laalighfiknaqaqa	laalighte-@₁~fvik[place.to.V][V→N]-te[to.catch.N][to.go.to.N][N→V]-te[to.act.on.so.as.to.cause.to.V][V→V]-@₁~fnaqe[to.be.going.to.V][V→V]-~(g₁)aqe[to.be.V.ing][to.regularly.or.repeatedly.V][V→V][V][Intrg][3Sg]

apaka	apa-~–ke[to.have.as.one's.N(s)][N→V][V][Intrg][3Sg]
apaka	apa[N][Abs][1SgPoss][SgPosd]

------------------------
14) Naagpek sikwaan iiynga mekestaaghhaaguq.

naagpek	naa[N][Rel][2SgPoss][DuPosd]
naagpek	naa[N][Rel][2SgPoss][SgPosd]
naagpek	naa[N][Rel][2SgPoss][PlPosd]

sikwaan	siku[Imprs_Agnt][V][Ind][2Sg][3Sg]
sikwaan	sikugh*[N][Rel][3SgPoss][SgPosd]
sikwaan	sikugh*[N][Rel][3SgPoss][PlPosd]

iiynga	iye[N][Abs][3SgPoss][SgPosd]

mekestaaghhaaguq	mekestaaghhaa[V][Ind][3Sg]

------------------------
15) Ighivgaq asagma ighneghan atuqaa angyasqughhaan.

ighivgaq	ighivgagh

asagma	asag[N][Rel][1SgPoss][SgPosd]
asagma	asag[N][Rel][1SgPoss][PlPosd]

ighneghan	ighnegh[N][Rel][3SgPoss][SgPosd]
ighneghan	ighnegh[N][Rel][3SgPoss][PlPosd]

atuqaa	atuqe[V][Ind][3Sg][3Sg]

angyasqughhaan	angyagh-–squgh[little.N][small.N][N→N]-–ghhagh*[dear.N][N→N]-~:(ng₁)u[to.be.N][N→V]-~:(u)te[condition.with.respect.to.V-ing][V→N][N][Abs][Unpd][Sg]
angyasqughhaan	angyagh-–squgh[little.N][small.N][N→N]-–ghhagh*[dear.N][N→N][N][Abs][2SgPoss][SgPosd]
angyasqughhaan	angyagh-–squgh[little.N][small.N][N→N]-–ghhagh*[dear.N][N→N][N][Rel][3SgPoss][SgPosd]
angyasqughhaan	angyagh-–squgh[little.N][small.N][N→N]-–ghhagh*[dear.N][N→N][N][Rel][3SgPoss][PlPosd]
angyasqughhaan	angyagh-–squghhagh*little.N][small.N][N→N]-~:(ng₁)u[to.be.N][N→V]-~:(u)te[condition.with.respect.to.V-ing][V→N][N][Abs][Unpd][Sg]
angyasqughhaan	angyagh-–squghhagh*little.N][small.N][N→N][N][Abs][2SgPoss][SgPosd]
angyasqughhaan	angyagh-–squghhagh*little.N][small.N][N→N][N][Rel][3SgPoss][SgPosd]
angyasqughhaan	angyagh-–squghhagh*little.N][small.N][N→N][N][Rel][3SgPoss][PlPosd]

------------------------
16) Nallukaqa panigpek ugingan aatgha.

nallukaqa	+?

panigpek	panig[N][Rel][2SgPoss][SgPosd]
panigpek	panig[N][Rel][2SgPoss][PlPosd]

ugingan	ugi[N][Rel][3SgPoss][SgPosd]
ugingan	ugi[N][Rel][3SgPoss][PlPosd]

aatgha	ategh[N][Abs][3SgPoss][SgPosd]

------------------------
17) Tipelegnun llinaqaqa taghnughhaghma neqnga.

tipelegnun	tipele[N][Ter][Unpd][Du]
tipelegnun	tipeleg[N][Ter][Unpd][Pl]

llinaqaqa	lli-~:(u)te[SBJ.V-ed.something][V→V]-@₁~fnaqe[to.be.going.to.V][V→V]-~(g₁)aqe[to.be.V.ing][to.regularly.or.repeatedly.V][V→V][V][Intrg][3Sg]

taghnughhaghma	taghnughhagh*[N][Rel][1SgPoss][SgPosd]
taghnughhaghma	taghnughhagh*[N][Rel][1SgPoss][PlPosd]

neqnga	neqe[N][Abs][3SgPoss][SgPosd]

------------------------
18) Igamsiqayugvikamken.

igamsiqayugvikamken	igamsiqayugvike[V][Ind][1Sg][2Sg]
igamsiqayugvikamken	igamsiqayugvike[V][Ind][1Du][2Sg]
igamsiqayugvikamken	igamsiqayugvike[V][Ind][1Pl][2Sg]

------------------------
19) Tengegkayuget kaanneghitut.

tengegkayuget	tengegkayug[N][Abs][Unpd][Pl]
tengegkayuget	tengegkayug[N][Rel][Unpd][Pl]

kaanneghitut	kaate-@₁–nghite**[to.not.V][V→V][V][Ind][3Pl]

------------------------
20) Ngelqam kemekraga neghenghitaqa.

ngelqam	ngelqagh[N][Rel][Unpd][Sg]

kemekraga	kemekrag[N][Abs][3SgPoss][SgPosd]

neghenghitaqa	neghe-@₁–nghite**[to.not.V][V→V]-~(g₁)aqe[to.be.V.ing][to.regularly.or.repeatedly.V][V→V][V][Intrg][3Sg]
neghenghitaqa	neghenghite*-~(g₁)aqe[to.be.V.ing][to.regularly.or.repeatedly.V][V→V][V][Intrg][3Sg]

------------------------
21) Mangteghaghllangllaghyugtukut.

mangteghaghllangllaghyugtukut	mangteghagh-–ghllag[big.N][N→N]-–ngllagh[to.make.N][N→V]-@₁~fyug[to.want.to.V][V→V][V][Ind][1Pl]
mangteghaghllangllaghyugtukut	mangteghagh-–ghllag[big.N][N→N]-–ngllagh[to.make.N][N→V]-@₁~fyug[to.want.to.V][V→V]-te[to.act.on.so.as.to.cause.to.V][V→V][V][Ind][1Pl]

------------------------
