1) Sameng atan ivaghta

sameng	sa[N][Rel][4DuPoss][SgPosd]
sameng	sa[N][Rel][4DuPoss][PlPosd]
sameng	sa[N][Rel][4PlPoss][SgPosd]
sameng	sa[N][Rel][4PlPoss][PlPosd]
sameng	sa[N][Abl_Mod][Unpd][Sg]
sameng	sameng

atan	ata[N][Abs][2SgPoss][SgPosd]

ivaghta	+?

------------------------
2) Kinangaawa

kinangaawa	kinangagh-~:(ng₁)u[to.be.N][N→V][V][Intrg][3Sg]

------------------------
3) Kinkungaawat aqelqat

kinkungaawat	kinkungagh-~:(ng₁)u[to.be.N][N→V][V][Intrg][3Pl]

aqelqat	aqelqagh[N][Abs][Unpd][Pl]
aqelqat	aqelqagh[N][Rel][Unpd][Pl]

------------------------
4) Kitum qiyastaten

kitum	kitum

qiyastaten	qiya-(te)ste[to.have.make.or.let.one.V][Cmpd_Vbl][V][Intrg][3Du][2Sg]
qiyastaten	qiya-(te)ste[to.have.make.or.let.one.V][Cmpd_Vbl][V][Intrg][3Pl][2Sg]
qiyastaten	qiya-(te)ste[to.have.make.or.let.one.V][Cmpd_Vbl][V][Intrg][3Sg][2Sg]
qiyastaten	qiya-(te)ste[to.have.make.or.let.one.V][Cmpd_Vbl][V][Ind][2Sg][3Pl]

------------------------
5) Nengyughpek ighivgaq ungipaghaatagu ighneghaan

nengyughpek	nengyugh*[N][Rel][2SgPoss][SgPosd]
nengyughpek	nengyugh*[N][Rel][2SgPoss][PlPosd]

ighivgaq	ighivgagh

ungipaghaatagu	ungipaghaate[V][Intrg][3Sg][3Sg]

ighneghaan	+?

------------------------
6) Neghegkaawaa

neghegkaawaa	+?

------------------------
7) Nani yughaghtem payeghtagu nuzin

nani	nani

yughaghtem	yughaghte[N][Rel][Unpd][Sg]

payeghtagu	payegh[V][Intrg][3Sg][3Sg]
payeghtagu	payegh-te[to.act.on.so.as.to.cause.to.V][V→V][V][Intrg][3Sg][3Sg]

nuzin	nuzigh[N][Abs][2SgPoss][SgPosd]

------------------------
8) Naliita qikmima amqeghtaten

naliita	naligh*-~:(ng₁)u[to.be.N][N→V]-~i[SBJ.V-ed.something][V→V]-~i[SBJ.V-ed.something][V→V]-~i[SBJ.V-ed.something][V→V]-~i[SBJ.V-ed.something][V→V]-~i[SBJ.V-ed.something][V→V]-~:(u)te[condition.with.respect.to.V-ing][V→N][N][Abs][Unpd][Sg]
naliita	naligh*-~:(ng₁)u[to.be.N][N→V]-~i[SBJ.V-ed.something][V→V]-~i[SBJ.V-ed.something][V→V]-~i[SBJ.V-ed.something][V→V]-~i[SBJ.V-ed.something][V→V]-~i[SBJ.V-ed.something][V→V]-~:(u)ta[condition.with.respect.to.V-ing][V→N][N][Abs][Unpd][Sg]
naliita	naligh*-~:(ng₁)u[to.be.N][N→V]-~i[SBJ.V-ed.something][V→V]-~i[SBJ.V-ed.something][V→V]-~i[SBJ.V-ed.something][V→V]-~i[SBJ.V-ed.something][V→V]-~i[SBJ.V-ed.something][V→V]-te[to.act.on.so.as.to.cause.to.V][V→V][V][Intrg][3Sg]
naliita	naligh*-~:(ng₁)u[to.be.N][N→V]-~i[SBJ.V-ed.something][V→V]-~i[SBJ.V-ed.something][V→V]-~i[SBJ.V-ed.something][V→V]-~i[SBJ.V-ed.something][V→V]-~:(u)te[to.V.for.or.with][to.cause.to.V.as.one.is.V-ing][to.V.toward.each.other][V→V][V][Intrg][3Sg]
naliita	naligh*-~:(ng₁)u[to.be.N][N→V]-~i[SBJ.V-ed.something][V→V]-~i[SBJ.V-ed.something][V→V]-~i[SBJ.V-ed.something][V→V]-~i[SBJ.V-ed.something][V→V]-~:(u)te[SBJ.V-ed.something][V→V][V][Intrg][3Sg]
naliita	naligh*-~:(ng₁)u[to.be.N][N→V]-~i[SBJ.V-ed.something][V→V]-~i[SBJ.V-ed.something][V→V]-~i[SBJ.V-ed.something][V→V]-~i[SBJ.V-ed.something][V→V]-~:(u)te[condition.with.respect.to.V-ing][V→N][N][Abs][Unpd][Sg]
naliita	naligh*-~:(ng₁)u[to.be.N][N→V]-~i[SBJ.V-ed.something][V→V]-~i[SBJ.V-ed.something][V→V]-~i[SBJ.V-ed.something][V→V]-~i[SBJ.V-ed.something][V→V]-~:(u)ta[condition.with.respect.to.V-ing][V→N][N][Abs][Unpd][Sg]
naliita	naligh*-~:(ng₁)u[to.be.N][N→V]-~i[SBJ.V-ed.something][V→V]-~i[SBJ.V-ed.something][V→V]-~i[SBJ.V-ed.something][V→V]-~i[SBJ.V-ed.something][V→V]-te[to.act.on.so.as.to.cause.to.V][V→V][V][Intrg][3Sg]
naliita	naligh*-~:(ng₁)u[to.be.N][N→V]-~i[SBJ.V-ed.something][V→V]-~i[SBJ.V-ed.something][V→V]-~i[SBJ.V-ed.something][V→V]-~:(u)te[to.V.for.or.with][to.cause.to.V.as.one.is.V-ing][to.V.toward.each.other][V→V][V][Intrg][3Sg]
naliita	naligh*-~:(ng₁)u[to.be.N][N→V]-~i[SBJ.V-ed.something][V→V]-~i[SBJ.V-ed.something][V→V]-~i[SBJ.V-ed.something][V→V]-~:(u)te[SBJ.V-ed.something][V→V][V][Intrg][3Sg]
naliita	naligh*-~:(ng₁)u[to.be.N][N→V]-~i[SBJ.V-ed.something][V→V]-~i[SBJ.V-ed.something][V→V]-~i[SBJ.V-ed.something][V→V]-~:(u)te[condition.with.respect.to.V-ing][V→N][N][Abs][Unpd][Sg]
naliita	naligh*-~:(ng₁)u[to.be.N][N→V]-~i[SBJ.V-ed.something][V→V]-~i[SBJ.V-ed.something][V→V]-~i[SBJ.V-ed.something][V→V]-~:(u)ta[condition.with.respect.to.V-ing][V→N][N][Abs][Unpd][Sg]
naliita	naligh*-~:(ng₁)u[to.be.N][N→V]-~i[SBJ.V-ed.something][V→V]-~i[SBJ.V-ed.something][V→V]-~i[SBJ.V-ed.something][V→V]-te[to.act.on.so.as.to.cause.to.V][V→V][V][Intrg][3Sg]
naliita	naligh*-~:(ng₁)u[to.be.N][N→V]-~i[SBJ.V-ed.something][V→V]-~i[SBJ.V-ed.something][V→V]-~:(u)te[to.V.for.or.with][to.cause.to.V.as.one.is.V-ing][to.V.toward.each.other][V→V][V][Intrg][3Sg]
naliita	naligh*-~:(ng₁)u[to.be.N][N→V]-~i[SBJ.V-ed.something][V→V]-~i[SBJ.V-ed.something][V→V]-~:(u)te[SBJ.V-ed.something][V→V][V][Intrg][3Sg]
naliita	naligh*-~:(ng₁)u[to.be.N][N→V]-~i[SBJ.V-ed.something][V→V]-~i[SBJ.V-ed.something][V→V]-~:(u)te[condition.with.respect.to.V-ing][V→N][N][Abs][Unpd][Sg]
naliita	naligh*-~:(ng₁)u[to.be.N][N→V]-~i[SBJ.V-ed.something][V→V]-~i[SBJ.V-ed.something][V→V]-~:(u)ta[condition.with.respect.to.V-ing][V→N][N][Abs][Unpd][Sg]
naliita	naligh*-~:(ng₁)u[to.be.N][N→V]-~i[SBJ.V-ed.something][V→V]-~i[SBJ.V-ed.something][V→V]-te[to.act.on.so.as.to.cause.to.V][V→V][V][Intrg][3Sg]
naliita	naligh*-~:(ng₁)u[to.be.N][N→V]-~i[SBJ.V-ed.something][V→V]-~:(u)te[to.V.for.or.with][to.cause.to.V.as.one.is.V-ing][to.V.toward.each.other][V→V][V][Intrg][3Sg]
naliita	naligh*-~:(ng₁)u[to.be.N][N→V]-~i[SBJ.V-ed.something][V→V]-~:(u)te[SBJ.V-ed.something][V→V][V][Intrg][3Sg]
naliita	naligh*-~:(ng₁)u[to.be.N][N→V]-~i[SBJ.V-ed.something][V→V]-~:(u)te[condition.with.respect.to.V-ing][V→N][N][Abs][Unpd][Sg]
naliita	naligh*-~:(ng₁)u[to.be.N][N→V]-~i[SBJ.V-ed.something][V→V]-~:(u)ta[condition.with.respect.to.V-ing][V→N][N][Abs][Unpd][Sg]
naliita	naligh*-~:(ng₁)u[to.be.N][N→V]-~i[SBJ.V-ed.something][V→V]-te[to.act.on.so.as.to.cause.to.V][V→V][V][Intrg][3Sg]
naliita	naligh*-~:(ng₁)u[to.be.N][N→V]-~:(u)te[to.V.for.or.with][to.cause.to.V.as.one.is.V-ing][to.V.toward.each.other][V→V][V][Intrg][3Sg]
naliita	naligh*-~:(ng₁)u[to.be.N][N→V]-~:(u)te[SBJ.V-ed.something][V→V][V][Intrg][3Sg]
naliita	naligh*-~:(ng₁)u[to.be.N][N→V]-~:(u)te[condition.with.respect.to.V-ing][V→N][N][Abs][Unpd][Sg]
naliita	naligh*-~:(ng₁)u[to.be.N][N→V]-~:(u)ta[condition.with.respect.to.V-ing][V→N][N][Abs][Unpd][Sg]
naliita	naligh*-~:(ng₁)u[to.be.N][N→V]-te[to.act.on.so.as.to.cause.to.V][V→V][V][Intrg][3Sg]
naliita	naligh*-~:(ng₁)ite**[to.lack.N][to.not.have.N][N→V][V][Intrg][3Sg]
naliita	naligh*[N][Rel][3DuPoss][SgPosd]
naliita	naligh*[N][Rel][3DuPoss][PlPosd]
naliita	naligh*[N][Rel][3PlPoss][SgPosd]
naliita	naligh*[N][Rel][3PlPoss][PlPosd]

qikmima	qikmigh[N][Rel][1SgPoss][SgPosd]
qikmima	qikmigh[N][Rel][1SgPoss][PlPosd]

amqeghtaten	amqeghte[V][Intrg][3Du][2Sg]
amqeghtaten	amqeghte[V][Intrg][3Pl][2Sg]
amqeghtaten	amqeghte[V][Intrg][3Sg][2Sg]
amqeghtaten	amqeghte[V][Ind][2Sg][3Pl]

------------------------
9) Sangama apeghtughistem esghaghyugtanga

sangama	sa[V][CnsqI][1Sg]
sangama	sangagh[N][Rel][1SgPoss][SgPosd]
sangama	sangagh[N][Rel][1SgPoss][PlPosd]

apeghtughistem	apeghtughiste[N][Rel][Unpd][Sg]

esghaghyugtanga	esghagh-@₁~fyug[to.want.to.V][V→V][V][Intrg][3Sg][1Sg]
esghaghyugtanga	esghagh-@₁~fyug[to.want.to.V][V→V]-te[to.act.on.so.as.to.cause.to.V][V→V][V][Intrg][3Sg][1Sg]

------------------------
10) Qavngaq naayvaq sikwaa

qavngaq	qavngaq

naayvaq	naayvagh[N][Abs][Unpd][Sg]

sikwaa	siku[Imprs_Agnt][V][Intrg][3Sg]
sikwaa	siku[Imprs_Agnt][V][Ind][3Sg][3Sg]
sikwaa	sikugh*[N][Abs][3SgPoss][SgPosd]

------------------------
11) Navek naagpek lliiki neqekraget

navek	navek

naagpek	naa[N][Rel][2SgPoss][DuPosd]
naagpek	naa[N][Rel][2SgPoss][SgPosd]
naagpek	naa[N][Rel][2SgPoss][PlPosd]

lliiki	lli[V][Intrg][3Sg][3Pl]

neqekraget	neqekrag[N][Abs][Unpd][Pl]
neqekraget	neqekrag[N][Rel][Unpd][Pl]

------------------------
12) Kitum kakilleqagu nasaperan

kitum	kitum

kakilleqagu	kaki-te[to.act.on.so.as.to.cause.to.V][V→V]-@₁lleqe[will.V][V→V][V][Intrg][3Sg][3Sg]
kakilleqagu	kaki-~:(u)te[to.V.for.or.with][to.cause.to.V.as.one.is.V-ing][to.V.toward.each.other][V→V]-te[to.act.on.so.as.to.cause.to.V][V→V]-@₁lleqe[will.V][V→V][V][Intrg][3Sg][3Sg]
kakilleqagu	kaki-~:(u)te[to.V.for.or.with][to.cause.to.V.as.one.is.V-ing][to.V.toward.each.other][V→V]-@₁lleqe[will.V][V→V][V][Intrg][3Sg][3Sg]
kakilleqagu	kaki-@₁lleqe[will.V][V→V][V][Intrg][3Sg][3Sg]

nasaperan	nasaperagh[N][Abs][2SgPoss][SgPosd]

------------------------
13) Sangan ighneqa ugpeqenghitagu

sangan	sa[N][Rel][3SgPoss][SgPosd]
sangan	sa[N][Rel][3SgPoss][PlPosd]
sangan	sa[V][CnsqI][3Sg]
sangan	sangagh[N][Abs][2SgPoss][SgPosd]
sangan	sangan

ighneqa	ighnegh-~–ke[to.have.as.one's.N(s)][N→V][V][Intrg][3Sg]
ighneqa	ighnegh[N][Abs][1SgPoss][SgPosd]

ugpeqenghitagu	ugpeqe-@₁–nghite**[to.not.V][V→V][V][Intrg][3Sg][3Sg]

------------------------
14) Naliita taghnughhaghpek qaamtagu keneq

naliita	naligh*-~:(ng₁)u[to.be.N][N→V]-~i[SBJ.V-ed.something][V→V]-~i[SBJ.V-ed.something][V→V]-~i[SBJ.V-ed.something][V→V]-~i[SBJ.V-ed.something][V→V]-~i[SBJ.V-ed.something][V→V]-~:(u)te[condition.with.respect.to.V-ing][V→N][N][Abs][Unpd][Sg]
naliita	naligh*-~:(ng₁)u[to.be.N][N→V]-~i[SBJ.V-ed.something][V→V]-~i[SBJ.V-ed.something][V→V]-~i[SBJ.V-ed.something][V→V]-~i[SBJ.V-ed.something][V→V]-~i[SBJ.V-ed.something][V→V]-~:(u)ta[condition.with.respect.to.V-ing][V→N][N][Abs][Unpd][Sg]
naliita	naligh*-~:(ng₁)u[to.be.N][N→V]-~i[SBJ.V-ed.something][V→V]-~i[SBJ.V-ed.something][V→V]-~i[SBJ.V-ed.something][V→V]-~i[SBJ.V-ed.something][V→V]-~i[SBJ.V-ed.something][V→V]-te[to.act.on.so.as.to.cause.to.V][V→V][V][Intrg][3Sg]
naliita	naligh*-~:(ng₁)u[to.be.N][N→V]-~i[SBJ.V-ed.something][V→V]-~i[SBJ.V-ed.something][V→V]-~i[SBJ.V-ed.something][V→V]-~i[SBJ.V-ed.something][V→V]-~:(u)te[to.V.for.or.with][to.cause.to.V.as.one.is.V-ing][to.V.toward.each.other][V→V][V][Intrg][3Sg]
naliita	naligh*-~:(ng₁)u[to.be.N][N→V]-~i[SBJ.V-ed.something][V→V]-~i[SBJ.V-ed.something][V→V]-~i[SBJ.V-ed.something][V→V]-~i[SBJ.V-ed.something][V→V]-~:(u)te[SBJ.V-ed.something][V→V][V][Intrg][3Sg]
naliita	naligh*-~:(ng₁)u[to.be.N][N→V]-~i[SBJ.V-ed.something][V→V]-~i[SBJ.V-ed.something][V→V]-~i[SBJ.V-ed.something][V→V]-~i[SBJ.V-ed.something][V→V]-~:(u)te[condition.with.respect.to.V-ing][V→N][N][Abs][Unpd][Sg]
naliita	naligh*-~:(ng₁)u[to.be.N][N→V]-~i[SBJ.V-ed.something][V→V]-~i[SBJ.V-ed.something][V→V]-~i[SBJ.V-ed.something][V→V]-~i[SBJ.V-ed.something][V→V]-~:(u)ta[condition.with.respect.to.V-ing][V→N][N][Abs][Unpd][Sg]
naliita	naligh*-~:(ng₁)u[to.be.N][N→V]-~i[SBJ.V-ed.something][V→V]-~i[SBJ.V-ed.something][V→V]-~i[SBJ.V-ed.something][V→V]-~i[SBJ.V-ed.something][V→V]-te[to.act.on.so.as.to.cause.to.V][V→V][V][Intrg][3Sg]
naliita	naligh*-~:(ng₁)u[to.be.N][N→V]-~i[SBJ.V-ed.something][V→V]-~i[SBJ.V-ed.something][V→V]-~i[SBJ.V-ed.something][V→V]-~:(u)te[to.V.for.or.with][to.cause.to.V.as.one.is.V-ing][to.V.toward.each.other][V→V][V][Intrg][3Sg]
naliita	naligh*-~:(ng₁)u[to.be.N][N→V]-~i[SBJ.V-ed.something][V→V]-~i[SBJ.V-ed.something][V→V]-~i[SBJ.V-ed.something][V→V]-~:(u)te[SBJ.V-ed.something][V→V][V][Intrg][3Sg]
naliita	naligh*-~:(ng₁)u[to.be.N][N→V]-~i[SBJ.V-ed.something][V→V]-~i[SBJ.V-ed.something][V→V]-~i[SBJ.V-ed.something][V→V]-~:(u)te[condition.with.respect.to.V-ing][V→N][N][Abs][Unpd][Sg]
naliita	naligh*-~:(ng₁)u[to.be.N][N→V]-~i[SBJ.V-ed.something][V→V]-~i[SBJ.V-ed.something][V→V]-~i[SBJ.V-ed.something][V→V]-~:(u)ta[condition.with.respect.to.V-ing][V→N][N][Abs][Unpd][Sg]
naliita	naligh*-~:(ng₁)u[to.be.N][N→V]-~i[SBJ.V-ed.something][V→V]-~i[SBJ.V-ed.something][V→V]-~i[SBJ.V-ed.something][V→V]-te[to.act.on.so.as.to.cause.to.V][V→V][V][Intrg][3Sg]
naliita	naligh*-~:(ng₁)u[to.be.N][N→V]-~i[SBJ.V-ed.something][V→V]-~i[SBJ.V-ed.something][V→V]-~:(u)te[to.V.for.or.with][to.cause.to.V.as.one.is.V-ing][to.V.toward.each.other][V→V][V][Intrg][3Sg]
naliita	naligh*-~:(ng₁)u[to.be.N][N→V]-~i[SBJ.V-ed.something][V→V]-~i[SBJ.V-ed.something][V→V]-~:(u)te[SBJ.V-ed.something][V→V][V][Intrg][3Sg]
naliita	naligh*-~:(ng₁)u[to.be.N][N→V]-~i[SBJ.V-ed.something][V→V]-~i[SBJ.V-ed.something][V→V]-~:(u)te[condition.with.respect.to.V-ing][V→N][N][Abs][Unpd][Sg]
naliita	naligh*-~:(ng₁)u[to.be.N][N→V]-~i[SBJ.V-ed.something][V→V]-~i[SBJ.V-ed.something][V→V]-~:(u)ta[condition.with.respect.to.V-ing][V→N][N][Abs][Unpd][Sg]
naliita	naligh*-~:(ng₁)u[to.be.N][N→V]-~i[SBJ.V-ed.something][V→V]-~i[SBJ.V-ed.something][V→V]-te[to.act.on.so.as.to.cause.to.V][V→V][V][Intrg][3Sg]
naliita	naligh*-~:(ng₁)u[to.be.N][N→V]-~i[SBJ.V-ed.something][V→V]-~:(u)te[to.V.for.or.with][to.cause.to.V.as.one.is.V-ing][to.V.toward.each.other][V→V][V][Intrg][3Sg]
naliita	naligh*-~:(ng₁)u[to.be.N][N→V]-~i[SBJ.V-ed.something][V→V]-~:(u)te[SBJ.V-ed.something][V→V][V][Intrg][3Sg]
naliita	naligh*-~:(ng₁)u[to.be.N][N→V]-~i[SBJ.V-ed.something][V→V]-~:(u)te[condition.with.respect.to.V-ing][V→N][N][Abs][Unpd][Sg]
naliita	naligh*-~:(ng₁)u[to.be.N][N→V]-~i[SBJ.V-ed.something][V→V]-~:(u)ta[condition.with.respect.to.V-ing][V→N][N][Abs][Unpd][Sg]
naliita	naligh*-~:(ng₁)u[to.be.N][N→V]-~i[SBJ.V-ed.something][V→V]-te[to.act.on.so.as.to.cause.to.V][V→V][V][Intrg][3Sg]
naliita	naligh*-~:(ng₁)u[to.be.N][N→V]-~:(u)te[to.V.for.or.with][to.cause.to.V.as.one.is.V-ing][to.V.toward.each.other][V→V][V][Intrg][3Sg]
naliita	naligh*-~:(ng₁)u[to.be.N][N→V]-~:(u)te[SBJ.V-ed.something][V→V][V][Intrg][3Sg]
naliita	naligh*-~:(ng₁)u[to.be.N][N→V]-~:(u)te[condition.with.respect.to.V-ing][V→N][N][Abs][Unpd][Sg]
naliita	naligh*-~:(ng₁)u[to.be.N][N→V]-~:(u)ta[condition.with.respect.to.V-ing][V→N][N][Abs][Unpd][Sg]
naliita	naligh*-~:(ng₁)u[to.be.N][N→V]-te[to.act.on.so.as.to.cause.to.V][V→V][V][Intrg][3Sg]
naliita	naligh*-~:(ng₁)ite**[to.lack.N][to.not.have.N][N→V][V][Intrg][3Sg]
naliita	naligh*[N][Rel][3DuPoss][SgPosd]
naliita	naligh*[N][Rel][3DuPoss][PlPosd]
naliita	naligh*[N][Rel][3PlPoss][SgPosd]
naliita	naligh*[N][Rel][3PlPoss][PlPosd]

taghnughhaghpek	taghnughhagh*[N][Rel][2SgPoss][SgPosd]
taghnughhaghpek	taghnughhagh*[N][Rel][2SgPoss][PlPosd]

qaamtagu	qaamte[V][Intrg][3Sg][3Sg]

keneq	kenegh[N][Abs][Unpd][Sg]

------------------------
15) Qakun naallghulleqsikek eglluk

qakun	qakun

naallghulleqsikek	naallghute-@₁lleqe[will.V][V→V][V][Intrg][2Sg][3Du]

eglluk	egllu[N][Abs][Unpd][Du]
eglluk	egllu[N][Rel][Unpd][Du]

------------------------
16) Sangami Nome-emun aghviqaawa

sangami	sa[V][CnsqI][4Sg]
sangami	sangagh[N][Loc][Unpd][Sg]
sangami	sangagh[N][Rel][4SgPoss][SgPosd]
sangami	sangagh[N][Rel][4SgPoss][PlPosd]
sangami	sangami

nome-emun	+?

aghviqaawa	+?

------------------------
17) Naten siku ughugtestagu

naten	naten

siku	siku[N][Abs][Unpd][Sg]
siku	siku[Imprs_Agnt][V][Opt][PRS][2Sg]

ughugtestagu	ughug[Imprs_Agnt]-te[to.act.on.so.as.to.cause.to.V][V→V]-(te)ste[to.have.make.or.let.one.V][Cmpd_Vbl][V][Intrg][3Sg][3Sg]
ughugtestagu	ughug[Imprs_Agnt]-(te)ste[to.have.make.or.let.one.V][Cmpd_Vbl][V][Intrg][3Sg][3Sg]

------------------------
18) Sangaawa

sangaawa	sangagh-~:(ng₁)u[to.be.N][N→V][V][Intrg][3Sg]

------------------------
19) Sangavek iknaqsin

sangavek	sa[V][CnsqI][2Sg]

iknaqsin	iknaqe[V][Intrg][2Sg]

------------------------
20) Naliit alquutama naalkaki

naliit	naligh*[N][Abs][Unpd][Pl]
naliit	naligh*[N][Abs][3PlPoss][SgPosd]
naliit	naligh*[N][Abs][3PlPoss][PlPosd]
naliit	naligh*[N][Rel][Unpd][Pl]

alquutama	alquutagh[N][Rel][1SgPoss][SgPosd]
alquutama	alquutagh[N][Rel][1SgPoss][PlPosd]

naalkaki	naalke[V][Intrg][3Sg][3Pl]

------------------------
21) Mekelghiighem qikmimun aghnaghaq qilugtestaa

mekelghiighem	mekelghiigh[N][Rel][Unpd][Sg]

qikmimun	qikmigh[N][Ter][Unpd][Sg]

aghnaghaq	aghnaghagh*[N][Abs][Unpd][Sg]

qilugtestaa	qilug-te[to.act.on.so.as.to.cause.to.V][V→V]-(te)ste[to.have.make.or.let.one.V][Cmpd_Vbl][V][Ind][3Sg][3Sg]
qilugtestaa	qilug-(te)ste[to.have.make.or.let.one.V][Cmpd_Vbl][V][Ind][3Sg][3Sg]

------------------------
22) Kitumun naallghutestesiki mangteghaghpek qergesengi

kitumun	+?

naallghutestesiki	naallghute-(te)ste[to.have.make.or.let.one.V][Cmpd_Vbl]-te[to.act.on.so.as.to.cause.to.V][V→V][V][Intrg][2Sg][3Pl]

mangteghaghpek	mangteghagh[N][Rel][2SgPoss][SgPosd]
mangteghaghpek	mangteghagh[N][Rel][2SgPoss][PlPosd]

qergesengi	+?

------------------------
