Anglinaqngulunga 

anglinaqngulunga	+?

------------------------
Wesqegetem Apellgha 

wesqegetem	+?

apellgha	+?

------------------------


------------------------
Kiigmi tesamani kiyaghtelleghput.

kiigmi	kii[N][Rel][4SgPoss][DuPosd]
kiigmi	kiig[N][Loc][Unpd][Sg]
kiigmi	kiig[N][Rel][4SgPoss][PlPosd]
kiigmi	kiig[N][Rel][4SgPoss][SgPosd]

tesamani	+?

kiyaghtelleghput	+?

------------------------
Kii, nemesigatukut.

kii	kii
kii	kii[N][Abs][Unpd][Sg]

nemesigatukut	+?

------------------------
Pennani kiyaghlluta aga nasiqneghmeggni qawavek naayvamun.

pennani	pennagh[N][Abs][4SgPoss][SgPosd]
pennani	pennagh[N][Abs][4SgPoss][PlPosd]
pennani	pennagh[N][Loc][Unpd][Pl]

kiyaghlluta	+?

aga	aga

nasiqneghmeggni	+?

qawavek	qawavek

naayvamun	Naayvagh[N][Ter][Unpd][Sg]
naayvamun	naayvagh[N][Ter][Unpd][Sg]

------------------------
Milghulagnillu, Kuyangumagni kiyaghtaqukut.

milghulagnillu	+?

kuyangumagni	+?

kiyaghtaqukut	kiyaghte-~(g₁)aqe[to.be.V.ing][to.regularly.or.repeatedly.V][V→V][V][Intr][Ind][1Pl]

------------------------
Alpa sangwaa ngelqaaghaq piiqaghput kiilqusiq.

alpa	alpa[N][Abs][Unpd][Sg]

sangwaa	sa-~:(ng₁)u[to.be.N][N→V][V][Intr][Intrg][3Sg]
sangwaa	sangwaa[N][Abs][Unpd][Sg]

ngelqaaghaq	+?

piiqaghput	+?

kiilqusiq	kiilqusigh[N][Abs][Unpd][Sg]

------------------------


------------------------
Iqalluk iwerngaqun nasiqulluku, tagiighlluta esnami tentaluta kiyaghtaghlluta apeghiineghmeggteggu kagpagteghluta itghaghaqluta Aghvightegnun.

iqalluk	iqallug[N][Abs][Unpd][Sg]

iwerngaqun	iwerngaqun

nasiqulluku	nasiqe-~:(u)te[to.V.for.or.with][to.cause.to.V.as.one.is.V-ing][to.V.toward.each.other][V→V]-te[to.act.on.so.as.to.cause.to.V][V→V][V][Trns][Sbrd][_][3Sg]
nasiqulluku	nasiqe-~:(u)te[to.V.for.or.with][to.cause.to.V.as.one.is.V-ing][to.V.toward.each.other][V→V][V][Trns][Sbrd][_][3Sg]
nasiqulluku	nasiqute[V][Trns][Sbrd][_][3Sg]

tagiighlluta	+?

esnami	esnagh[N][Loc][Unpd][Sg]
esnami	esnagh[N][Rel][4SgPoss][PlPosd]
esnami	esnagh[N][Rel][4SgPoss][SgPosd]

tentaluta	+?

kiyaghtaghlluta	+?

apeghiineghmeggteggu	+?

kagpagteghluta	+?

itghaghaqluta	itghagh-~(g₁)aqe[to.be.V.ing][to.regularly.or.repeatedly.V][V→V]-te[to.act.on.so.as.to.cause.to.V][V→V]-te[to.act.on.so.as.to.cause.to.V][V→V][V][Intr][Sbrd][1Pl]
itghaghaqluta	itghagh-~(g₁)aqe[to.be.V.ing][to.regularly.or.repeatedly.V][V→V]-te[to.act.on.so.as.to.cause.to.V][V→V]-te[to.act.on.so.as.to.cause.to.V][V→V][V][Trns][Sbrd][_][1Pl]
itghaghaqluta	itghagh-~(g₁)aqe[to.be.V.ing][to.regularly.or.repeatedly.V][V→V]-te[to.act.on.so.as.to.cause.to.V][V→V][V][Intr][Sbrd][1Pl]
itghaghaqluta	itghagh-~(g₁)aqe[to.be.V.ing][to.regularly.or.repeatedly.V][V→V]-te[to.act.on.so.as.to.cause.to.V][V→V][V][Trns][Sbrd][_][1Pl]
itghaghaqluta	itghagh-~(g₁)aqe[to.be.V.ing][to.regularly.or.repeatedly.V][V→V][V][Intr][Sbrd][1Pl]
itghaghaqluta	itghagh-~(g₁)aqe[to.be.V.ing][to.regularly.or.repeatedly.V][V→V][V][Trns][Sbrd][_][1Pl]

aghvightegnun	Aghvighteg[N][Ter][Unpd][Pl]

------------------------


------------------------
Fourteen years-ngughsimaghma Sivuqamun lliightukut.

fourteen	+?

yearsngughsimaghma	+?

sivuqamun	Sivuqagh[N][Ter][Unpd][Sg]

lliightukut	lliigh[V][Intr][Ind][1Pl]
lliightukut	lliigh-te[to.act.on.so.as.to.cause.to.V][V→V][V][Intr][Ind][1Pl]

------------------------
Aglaghaqluta, piiwaqaghluta.

aglaghaqluta	aglagh-~(g₁)aqe[to.be.V.ing][to.regularly.or.repeatedly.V][V→V]-te[to.act.on.so.as.to.cause.to.V][V→V]-te[to.act.on.so.as.to.cause.to.V][V→V][V][Intr][Sbrd][1Pl]
aglaghaqluta	aglagh-~(g₁)aqe[to.be.V.ing][to.regularly.or.repeatedly.V][V→V]-te[to.act.on.so.as.to.cause.to.V][V→V]-te[to.act.on.so.as.to.cause.to.V][V→V][V][Trns][Sbrd][_][1Pl]
aglaghaqluta	aglagh-~(g₁)aqe[to.be.V.ing][to.regularly.or.repeatedly.V][V→V]-te[to.act.on.so.as.to.cause.to.V][V→V][V][Intr][Sbrd][1Pl]
aglaghaqluta	aglagh-~(g₁)aqe[to.be.V.ing][to.regularly.or.repeatedly.V][V→V]-te[to.act.on.so.as.to.cause.to.V][V→V][V][Trns][Sbrd][_][1Pl]
aglaghaqluta	aglagh-~(g₁)aqe[to.be.V.ing][to.regularly.or.repeatedly.V][V→V][V][Intr][Sbrd][1Pl]
aglaghaqluta	aglagh-~(g₁)aqe[to.be.V.ing][to.regularly.or.repeatedly.V][V→V][V][Trns][Sbrd][_][1Pl]

piiwaqaghluta	+?

------------------------
Angyaghpagkun aglaqaghaqluta tagiiqluta.

angyaghpagkun	angyaghpag[N][Via][Unpd][Sg]

aglaqaghaqluta	+?

tagiiqluta	tagi-~(g₁)aqe[to.be.V.ing][to.regularly.or.repeatedly.V][V→V]-te[to.act.on.so.as.to.cause.to.V][V→V]-te[to.act.on.so.as.to.cause.to.V][V→V][V][Intr][Sbrd][1Pl]
tagiiqluta	tagi-~(g₁)aqe[to.be.V.ing][to.regularly.or.repeatedly.V][V→V]-te[to.act.on.so.as.to.cause.to.V][V→V]-te[to.act.on.so.as.to.cause.to.V][V→V][V][Trns][Sbrd][_][1Pl]
tagiiqluta	tagi-~(g₁)aqe[to.be.V.ing][to.regularly.or.repeatedly.V][V→V]-te[to.act.on.so.as.to.cause.to.V][V→V][V][Intr][Sbrd][1Pl]
tagiiqluta	tagi-~(g₁)aqe[to.be.V.ing][to.regularly.or.repeatedly.V][V→V]-te[to.act.on.so.as.to.cause.to.V][V→V][V][Trns][Sbrd][_][1Pl]
tagiiqluta	tagi-~(g₁)aqe[to.be.V.ing][to.regularly.or.repeatedly.V][V→V][V][Intr][Sbrd][1Pl]
tagiiqluta	tagi-~(g₁)aqe[to.be.V.ing][to.regularly.or.repeatedly.V][V→V][V][Trns][Sbrd][_][1Pl]

------------------------
Tagiluta qenwat lliipiigtukut Ayuqliq igaghyalghii qayughllak tuungliqa.

tagiluta	tagi-~:(u)te[to.V.for.or.with][to.cause.to.V.as.one.is.V-ing][to.V.toward.each.other][V→V][V][Intr][Sbrd][1Pl]
tagiluta	tagi-~:(u)te[to.V.for.or.with][to.cause.to.V.as.one.is.V-ing][to.V.toward.each.other][V→V][V][Trns][Sbrd][_][1Pl]
tagiluta	tagi-~:(u)te[SBJ.V-ed.something][V→V][V][Intr][Sbrd][1Pl]
tagiluta	tagi[V][Intr][Sbrd][1Pl]
tagiluta	tagi[V][Trns][Sbrd][_][1Pl]

qenwat	qenwat

lliipiigtukut	+?

ayuqliq	Ayuqligh[N][Abs][Unpd][Sg]
ayuqliq	Ayuqligh*[N][Abs][Unpd][Sg]

igaghyalghii	igagh-@₁~fyagh[to.go.V-ing][to.V.in.vain][V→V]-@₁–lghii[the.one.that.V-ed][the.one.that.is.V][V→N][N][Abs][Unpd][Sg]
igaghyalghii	igaghyagh-@₁–lghii[the.one.that.V-ed][the.one.that.is.V][V→N][N][Abs][Unpd][Sg]

qayughllak	qayugh-–ghllag[big.N][N→N][N][Abs][Unpd][Sg]
qayughllak	qayugh-–ghllak[big.N][AUG]
qayughllak	qayughllak
qayughllak	qayughllag[N][Abs][Unpd][Sg]

tuungliqa	tuungligh-~–ke[to.have.as.one's.N(s)][N→V][V][Intr][Intrg][3Sg]
tuungliqa	tuungligh[N][Abs][1SgPoss][SgPosd]

------------------------
Piigwapiigtukut fourteen years-ngughsimaghma.

piigwapiigtukut	+?

fourteen	+?

yearsngughsimaghma	+?

------------------------


------------------------
Sivuqaghnemta Iirgunkunitaqukut, ilanganikun uum Aasam angayuqiitni Aghnaghlluwhaankut.

sivuqaghnemta	+?

iirgunkunitaqukut	+?

ilanganikun	ilangani-~–ke[to.have.as.one's.N(s)][N→V]-~:(u)te[condition.with.respect.to.V-ing][V→N][N][Abs][Unpd][Sg]
ilanganikun	ilangani[N][Via][Unpd][Sg]

uum	+?

aasam	Aasa[N][Rel][Unpd][Sg]
aasam	Aasagh[N][Rel][Unpd][Sg]

angayuqiitni	angayuqagh-~:(ng₁)u[to.be.N][N→V]-~i[SBJ.V-ed.something][V→V]-~i[SBJ.V-ed.something][V→V]-~i[SBJ.V-ed.something][V→V]-~i[SBJ.V-ed.something][V→V]-~i[SBJ.V-ed.something][V→V]-te[to.act.on.so.as.to.cause.to.V][V→V]-te[to.act.on.so.as.to.cause.to.V][V→V]-te[to.act.on.so.as.to.cause.to.V][V→V]-te[to.act.on.so.as.to.cause.to.V][V→V]-te[to.act.on.so.as.to.cause.to.V][V→V]-te[to.act.on.so.as.to.cause.to.V][V→V]-te[to.act.on.so.as.to.cause.to.V][V→V]-te[to.act.on.so.as.to.cause.to.V][V→V]-@₁~fni[to.say.that.one.is.V-ing][Cmpd_Vbl][V][Intr][Opt][PRS][2Sg]
angayuqiitni	angayuqagh-~:(ng₁)u[to.be.N][N→V]-~i[SBJ.V-ed.something][V→V]-~i[SBJ.V-ed.something][V→V]-~i[SBJ.V-ed.something][V→V]-~i[SBJ.V-ed.something][V→V]-~:(u)te[to.V.for.or.with][to.cause.to.V.as.one.is.V-ing][to.V.toward.each.other][V→V]-te[to.act.on.so.as.to.cause.to.V][V→V]-te[to.act.on.so.as.to.cause.to.V][V→V]-te[to.act.on.so.as.to.cause.to.V][V→V]-te[to.act.on.so.as.to.cause.to.V][V→V]-te[to.act.on.so.as.to.cause.to.V][V→V]-te[to.act.on.so.as.to.cause.to.V][V→V]-te[to.act.on.so.as.to.cause.to.V][V→V]-@₁~fni[to.say.that.one.is.V-ing][Cmpd_Vbl][V][Intr][Opt][PRS][2Sg]
angayuqiitni	angayuqagh-~:(ng₁)u[to.be.N][N→V]-~i[SBJ.V-ed.something][V→V]-~i[SBJ.V-ed.something][V→V]-~i[SBJ.V-ed.something][V→V]-~i[SBJ.V-ed.something][V→V]-~:(u)te[condition.with.respect.to.V-ing][V→N]-te[to.catch.N][to.go.to.N][N→V]-te[to.act.on.so.as.to.cause.to.V][V→V]-te[to.act.on.so.as.to.cause.to.V][V→V]-te[to.act.on.so.as.to.cause.to.V][V→V]-te[to.act.on.so.as.to.cause.to.V][V→V]-te[to.act.on.so.as.to.cause.to.V][V→V]-te[to.act.on.so.as.to.cause.to.V][V→V]-@₁~fni[to.say.that.one.is.V-ing][Cmpd_Vbl][V][Intr][Opt][PRS][2Sg]
angayuqiitni	angayuqagh-~:(ng₁)u[to.be.N][N→V]-~i[SBJ.V-ed.something][V→V]-~i[SBJ.V-ed.something][V→V]-~i[SBJ.V-ed.something][V→V]-~i[SBJ.V-ed.something][V→V]-~:(u)te[condition.with.respect.to.V-ing][V→N][N][Loc][Unpd][Pl]
angayuqiitni	angayuqagh-~:(ng₁)u[to.be.N][N→V]-~i[SBJ.V-ed.something][V→V]-~i[SBJ.V-ed.something][V→V]-~i[SBJ.V-ed.something][V→V]-~i[SBJ.V-ed.something][V→V]-~:(u)te[SBJ.V-ed.something][V→V]-te[to.act.on.so.as.to.cause.to.V][V→V]-te[to.act.on.so.as.to.cause.to.V][V→V]-te[to.act.on.so.as.to.cause.to.V][V→V]-te[to.act.on.so.as.to.cause.to.V][V→V]-te[to.act.on.so.as.to.cause.to.V][V→V]-te[to.act.on.so.as.to.cause.to.V][V→V]-te[to.act.on.so.as.to.cause.to.V][V→V]-@₁~fni[to.say.that.one.is.V-ing][Cmpd_Vbl][V][Intr][Opt][PRS][2Sg]
angayuqiitni	angayuqagh-~:(ng₁)u[to.be.N][N→V]-~i[SBJ.V-ed.something][V→V]-~i[SBJ.V-ed.something][V→V]-~i[SBJ.V-ed.something][V→V]-~i[SBJ.V-ed.something][V→V]-te[to.act.on.so.as.to.cause.to.V][V→V]-te[to.act.on.so.as.to.cause.to.V][V→V]-te[to.act.on.so.as.to.cause.to.V][V→V]-te[to.act.on.so.as.to.cause.to.V][V→V]-te[to.act.on.so.as.to.cause.to.V][V→V]-te[to.act.on.so.as.to.cause.to.V][V→V]-te[to.act.on.so.as.to.cause.to.V][V→V]-@₁~fni[to.say.that.one.is.V-ing][Cmpd_Vbl][V][Intr][Opt][PRS][2Sg]
angayuqiitni	angayuqagh-~:(ng₁)u[to.be.N][N→V]-~i[SBJ.V-ed.something][V→V]-~i[SBJ.V-ed.something][V→V]-~i[SBJ.V-ed.something][V→V]-~:(u)te[to.V.for.or.with][to.cause.to.V.as.one.is.V-ing][to.V.toward.each.other][V→V]-te[to.act.on.so.as.to.cause.to.V][V→V]-te[to.act.on.so.as.to.cause.to.V][V→V]-te[to.act.on.so.as.to.cause.to.V][V→V]-te[to.act.on.so.as.to.cause.to.V][V→V]-te[to.act.on.so.as.to.cause.to.V][V→V]-te[to.act.on.so.as.to.cause.to.V][V→V]-@₁~fni[to.say.that.one.is.V-ing][Cmpd_Vbl][V][Intr][Opt][PRS][2Sg]
angayuqiitni	angayuqagh-~:(ng₁)u[to.be.N][N→V]-~i[SBJ.V-ed.something][V→V]-~i[SBJ.V-ed.something][V→V]-~i[SBJ.V-ed.something][V→V]-~:(u)te[condition.with.respect.to.V-ing][V→N]-te[to.catch.N][to.go.to.N][N→V]-te[to.act.on.so.as.to.cause.to.V][V→V]-te[to.act.on.so.as.to.cause.to.V][V→V]-te[to.act.on.so.as.to.cause.to.V][V→V]-te[to.act.on.so.as.to.cause.to.V][V→V]-te[to.act.on.so.as.to.cause.to.V][V→V]-@₁~fni[to.say.that.one.is.V-ing][Cmpd_Vbl][V][Intr][Opt][PRS][2Sg]
angayuqiitni	angayuqagh-~:(ng₁)u[to.be.N][N→V]-~i[SBJ.V-ed.something][V→V]-~i[SBJ.V-ed.something][V→V]-~i[SBJ.V-ed.something][V→V]-~:(u)te[condition.with.respect.to.V-ing][V→N][N][Loc][Unpd][Pl]
angayuqiitni	angayuqagh-~:(ng₁)u[to.be.N][N→V]-~i[SBJ.V-ed.something][V→V]-~i[SBJ.V-ed.something][V→V]-~i[SBJ.V-ed.something][V→V]-~:(u)te[SBJ.V-ed.something][V→V]-te[to.act.on.so.as.to.cause.to.V][V→V]-te[to.act.on.so.as.to.cause.to.V][V→V]-te[to.act.on.so.as.to.cause.to.V][V→V]-te[to.act.on.so.as.to.cause.to.V][V→V]-te[to.act.on.so.as.to.cause.to.V][V→V]-te[to.act.on.so.as.to.cause.to.V][V→V]-@₁~fni[to.say.that.one.is.V-ing][Cmpd_Vbl][V][Intr][Opt][PRS][2Sg]
angayuqiitni	angayuqagh-~:(ng₁)u[to.be.N][N→V]-~i[SBJ.V-ed.something][V→V]-~i[SBJ.V-ed.something][V→V]-~i[SBJ.V-ed.something][V→V]-te[to.act.on.so.as.to.cause.to.V][V→V]-te[to.act.on.so.as.to.cause.to.V][V→V]-te[to.act.on.so.as.to.cause.to.V][V→V]-te[to.act.on.so.as.to.cause.to.V][V→V]-te[to.act.on.so.as.to.cause.to.V][V→V]-te[to.act.on.so.as.to.cause.to.V][V→V]-@₁~fni[to.say.that.one.is.V-ing][Cmpd_Vbl][V][Intr][Opt][PRS][2Sg]
angayuqiitni	angayuqagh-~:(ng₁)u[to.be.N][N→V]-~i[SBJ.V-ed.something][V→V]-~i[SBJ.V-ed.something][V→V]-~:(u)te[to.V.for.or.with][to.cause.to.V.as.one.is.V-ing][to.V.toward.each.other][V→V]-te[to.act.on.so.as.to.cause.to.V][V→V]-te[to.act.on.so.as.to.cause.to.V][V→V]-te[to.act.on.so.as.to.cause.to.V][V→V]-te[to.act.on.so.as.to.cause.to.V][V→V]-te[to.act.on.so.as.to.cause.to.V][V→V]-@₁~fni[to.say.that.one.is.V-ing][Cmpd_Vbl][V][Intr][Opt][PRS][2Sg]
angayuqiitni	angayuqagh-~:(ng₁)u[to.be.N][N→V]-~i[SBJ.V-ed.something][V→V]-~i[SBJ.V-ed.something][V→V]-~:(u)te[condition.with.respect.to.V-ing][V→N]-te[to.catch.N][to.go.to.N][N→V]-te[to.act.on.so.as.to.cause.to.V][V→V]-te[to.act.on.so.as.to.cause.to.V][V→V]-te[to.act.on.so.as.to.cause.to.V][V→V]-te[to.act.on.so.as.to.cause.to.V][V→V]-@₁~fni[to.say.that.one.is.V-ing][Cmpd_Vbl][V][Intr][Opt][PRS][2Sg]
angayuqiitni	angayuqagh-~:(ng₁)u[to.be.N][N→V]-~i[SBJ.V-ed.something][V→V]-~i[SBJ.V-ed.something][V→V]-~:(u)te[condition.with.respect.to.V-ing][V→N][N][Loc][Unpd][Pl]
angayuqiitni	angayuqagh-~:(ng₁)u[to.be.N][N→V]-~i[SBJ.V-ed.something][V→V]-~i[SBJ.V-ed.something][V→V]-~:(u)te[SBJ.V-ed.something][V→V]-te[to.act.on.so.as.to.cause.to.V][V→V]-te[to.act.on.so.as.to.cause.to.V][V→V]-te[to.act.on.so.as.to.cause.to.V][V→V]-te[to.act.on.so.as.to.cause.to.V][V→V]-te[to.act.on.so.as.to.cause.to.V][V→V]-@₁~fni[to.say.that.one.is.V-ing][Cmpd_Vbl][V][Intr][Opt][PRS][2Sg]
angayuqiitni	angayuqagh-~:(ng₁)u[to.be.N][N→V]-~i[SBJ.V-ed.something][V→V]-~i[SBJ.V-ed.something][V→V]-te[to.act.on.so.as.to.cause.to.V][V→V]-te[to.act.on.so.as.to.cause.to.V][V→V]-te[to.act.on.so.as.to.cause.to.V][V→V]-te[to.act.on.so.as.to.cause.to.V][V→V]-te[to.act.on.so.as.to.cause.to.V][V→V]-@₁~fni[to.say.that.one.is.V-ing][Cmpd_Vbl][V][Intr][Opt][PRS][2Sg]
angayuqiitni	angayuqagh-~:(ng₁)u[to.be.N][N→V]-~i[SBJ.V-ed.something][V→V]-~:(u)te[to.V.for.or.with][to.cause.to.V.as.one.is.V-ing][to.V.toward.each.other][V→V]-te[to.act.on.so.as.to.cause.to.V][V→V]-te[to.act.on.so.as.to.cause.to.V][V→V]-te[to.act.on.so.as.to.cause.to.V][V→V]-te[to.act.on.so.as.to.cause.to.V][V→V]-@₁~fni[to.say.that.one.is.V-ing][Cmpd_Vbl][V][Intr][Opt][PRS][2Sg]
angayuqiitni	angayuqagh-~:(ng₁)u[to.be.N][N→V]-~i[SBJ.V-ed.something][V→V]-~:(u)te[condition.with.respect.to.V-ing][V→N]-te[to.catch.N][to.go.to.N][N→V]-te[to.act.on.so.as.to.cause.to.V][V→V]-te[to.act.on.so.as.to.cause.to.V][V→V]-te[to.act.on.so.as.to.cause.to.V][V→V]-@₁~fni[to.say.that.one.is.V-ing][Cmpd_Vbl][V][Intr][Opt][PRS][2Sg]
angayuqiitni	angayuqagh-~:(ng₁)u[to.be.N][N→V]-~i[SBJ.V-ed.something][V→V]-~:(u)te[condition.with.respect.to.V-ing][V→N][N][Loc][Unpd][Pl]
angayuqiitni	angayuqagh-~:(ng₁)u[to.be.N][N→V]-~i[SBJ.V-ed.something][V→V]-~:(u)te[SBJ.V-ed.something][V→V]-te[to.act.on.so.as.to.cause.to.V][V→V]-te[to.act.on.so.as.to.cause.to.V][V→V]-te[to.act.on.so.as.to.cause.to.V][V→V]-te[to.act.on.so.as.to.cause.to.V][V→V]-@₁~fni[to.say.that.one.is.V-ing][Cmpd_Vbl][V][Intr][Opt][PRS][2Sg]
angayuqiitni	angayuqagh-~:(ng₁)u[to.be.N][N→V]-~i[SBJ.V-ed.something][V→V]-te[to.act.on.so.as.to.cause.to.V][V→V]-te[to.act.on.so.as.to.cause.to.V][V→V]-te[to.act.on.so.as.to.cause.to.V][V→V]-te[to.act.on.so.as.to.cause.to.V][V→V]-@₁~fni[to.say.that.one.is.V-ing][Cmpd_Vbl][V][Intr][Opt][PRS][2Sg]
angayuqiitni	angayuqagh*-~:(ng₁)u[to.be.N][N→V]-~i[SBJ.V-ed.something][V→V]-~i[SBJ.V-ed.something][V→V]-~i[SBJ.V-ed.something][V→V]-~i[SBJ.V-ed.something][V→V]-~i[SBJ.V-ed.something][V→V]-te[to.act.on.so.as.to.cause.to.V][V→V]-te[to.act.on.so.as.to.cause.to.V][V→V]-te[to.act.on.so.as.to.cause.to.V][V→V]-te[to.act.on.so.as.to.cause.to.V][V→V]-te[to.act.on.so.as.to.cause.to.V][V→V]-te[to.act.on.so.as.to.cause.to.V][V→V]-te[to.act.on.so.as.to.cause.to.V][V→V]-te[to.act.on.so.as.to.cause.to.V][V→V]-@₁~fni[to.say.that.one.is.V-ing][Cmpd_Vbl][V][Intr][Opt][PRS][2Sg]
angayuqiitni	angayuqagh*-~:(ng₁)u[to.be.N][N→V]-~i[SBJ.V-ed.something][V→V]-~i[SBJ.V-ed.something][V→V]-~i[SBJ.V-ed.something][V→V]-~i[SBJ.V-ed.something][V→V]-~:(u)te[to.V.for.or.with][to.cause.to.V.as.one.is.V-ing][to.V.toward.each.other][V→V]-te[to.act.on.so.as.to.cause.to.V][V→V]-te[to.act.on.so.as.to.cause.to.V][V→V]-te[to.act.on.so.as.to.cause.to.V][V→V]-te[to.act.on.so.as.to.cause.to.V][V→V]-te[to.act.on.so.as.to.cause.to.V][V→V]-te[to.act.on.so.as.to.cause.to.V][V→V]-te[to.act.on.so.as.to.cause.to.V][V→V]-@₁~fni[to.say.that.one.is.V-ing][Cmpd_Vbl][V][Intr][Opt][PRS][2Sg]
angayuqiitni	angayuqagh*-~:(ng₁)u[to.be.N][N→V]-~i[SBJ.V-ed.something][V→V]-~i[SBJ.V-ed.something][V→V]-~i[SBJ.V-ed.something][V→V]-~i[SBJ.V-ed.something][V→V]-~:(u)te[condition.with.respect.to.V-ing][V→N]-te[to.catch.N][to.go.to.N][N→V]-te[to.act.on.so.as.to.cause.to.V][V→V]-te[to.act.on.so.as.to.cause.to.V][V→V]-te[to.act.on.so.as.to.cause.to.V][V→V]-te[to.act.on.so.as.to.cause.to.V][V→V]-te[to.act.on.so.as.to.cause.to.V][V→V]-te[to.act.on.so.as.to.cause.to.V][V→V]-@₁~fni[to.say.that.one.is.V-ing][Cmpd_Vbl][V][Intr][Opt][PRS][2Sg]
angayuqiitni	angayuqagh*-~:(ng₁)u[to.be.N][N→V]-~i[SBJ.V-ed.something][V→V]-~i[SBJ.V-ed.something][V→V]-~i[SBJ.V-ed.something][V→V]-~i[SBJ.V-ed.something][V→V]-~:(u)te[condition.with.respect.to.V-ing][V→N][N][Loc][Unpd][Pl]
angayuqiitni	angayuqagh*-~:(ng₁)u[to.be.N][N→V]-~i[SBJ.V-ed.something][V→V]-~i[SBJ.V-ed.something][V→V]-~i[SBJ.V-ed.something][V→V]-~i[SBJ.V-ed.something][V→V]-~:(u)te[SBJ.V-ed.something][V→V]-te[to.act.on.so.as.to.cause.to.V][V→V]-te[to.act.on.so.as.to.cause.to.V][V→V]-te[to.act.on.so.as.to.cause.to.V][V→V]-te[to.act.on.so.as.to.cause.to.V][V→V]-te[to.act.on.so.as.to.cause.to.V][V→V]-te[to.act.on.so.as.to.cause.to.V][V→V]-te[to.act.on.so.as.to.cause.to.V][V→V]-@₁~fni[to.say.that.one.is.V-ing][Cmpd_Vbl][V][Intr][Opt][PRS][2Sg]
angayuqiitni	angayuqagh*-~:(ng₁)u[to.be.N][N→V]-~i[SBJ.V-ed.something][V→V]-~i[SBJ.V-ed.something][V→V]-~i[SBJ.V-ed.something][V→V]-~i[SBJ.V-ed.something][V→V]-te[to.act.on.so.as.to.cause.to.V][V→V]-te[to.act.on.so.as.to.cause.to.V][V→V]-te[to.act.on.so.as.to.cause.to.V][V→V]-te[to.act.on.so.as.to.cause.to.V][V→V]-te[to.act.on.so.as.to.cause.to.V][V→V]-te[to.act.on.so.as.to.cause.to.V][V→V]-te[to.act.on.so.as.to.cause.to.V][V→V]-@₁~fni[to.say.that.one.is.V-ing][Cmpd_Vbl][V][Intr][Opt][PRS][2Sg]
angayuqiitni	angayuqagh*-~:(ng₁)u[to.be.N][N→V]-~i[SBJ.V-ed.something][V→V]-~i[SBJ.V-ed.something][V→V]-~i[SBJ.V-ed.something][V→V]-~:(u)te[to.V.for.or.with][to.cause.to.V.as.one.is.V-ing][to.V.toward.each.other][V→V]-te[to.act.on.so.as.to.cause.to.V][V→V]-te[to.act.on.so.as.to.cause.to.V][V→V]-te[to.act.on.so.as.to.cause.to.V][V→V]-te[to.act.on.so.as.to.cause.to.V][V→V]-te[to.act.on.so.as.to.cause.to.V][V→V]-te[to.act.on.so.as.to.cause.to.V][V→V]-@₁~fni[to.say.that.one.is.V-ing][Cmpd_Vbl][V][Intr][Opt][PRS][2Sg]
angayuqiitni	angayuqagh*-~:(ng₁)u[to.be.N][N→V]-~i[SBJ.V-ed.something][V→V]-~i[SBJ.V-ed.something][V→V]-~i[SBJ.V-ed.something][V→V]-~:(u)te[condition.with.respect.to.V-ing][V→N]-te[to.catch.N][to.go.to.N][N→V]-te[to.act.on.so.as.to.cause.to.V][V→V]-te[to.act.on.so.as.to.cause.to.V][V→V]-te[to.act.on.so.as.to.cause.to.V][V→V]-te[to.act.on.so.as.to.cause.to.V][V→V]-te[to.act.on.so.as.to.cause.to.V][V→V]-@₁~fni[to.say.that.one.is.V-ing][Cmpd_Vbl][V][Intr][Opt][PRS][2Sg]
angayuqiitni	angayuqagh*-~:(ng₁)u[to.be.N][N→V]-~i[SBJ.V-ed.something][V→V]-~i[SBJ.V-ed.something][V→V]-~i[SBJ.V-ed.something][V→V]-~:(u)te[condition.with.respect.to.V-ing][V→N][N][Loc][Unpd][Pl]
angayuqiitni	angayuqagh*-~:(ng₁)u[to.be.N][N→V]-~i[SBJ.V-ed.something][V→V]-~i[SBJ.V-ed.something][V→V]-~i[SBJ.V-ed.something][V→V]-~:(u)te[SBJ.V-ed.something][V→V]-te[to.act.on.so.as.to.cause.to.V][V→V]-te[to.act.on.so.as.to.cause.to.V][V→V]-te[to.act.on.so.as.to.cause.to.V][V→V]-te[to.act.on.so.as.to.cause.to.V][V→V]-te[to.act.on.so.as.to.cause.to.V][V→V]-te[to.act.on.so.as.to.cause.to.V][V→V]-@₁~fni[to.say.that.one.is.V-ing][Cmpd_Vbl][V][Intr][Opt][PRS][2Sg]
angayuqiitni	angayuqagh*-~:(ng₁)u[to.be.N][N→V]-~i[SBJ.V-ed.something][V→V]-~i[SBJ.V-ed.something][V→V]-~i[SBJ.V-ed.something][V→V]-te[to.act.on.so.as.to.cause.to.V][V→V]-te[to.act.on.so.as.to.cause.to.V][V→V]-te[to.act.on.so.as.to.cause.to.V][V→V]-te[to.act.on.so.as.to.cause.to.V][V→V]-te[to.act.on.so.as.to.cause.to.V][V→V]-te[to.act.on.so.as.to.cause.to.V][V→V]-@₁~fni[to.say.that.one.is.V-ing][Cmpd_Vbl][V][Intr][Opt][PRS][2Sg]
angayuqiitni	angayuqagh*-~:(ng₁)u[to.be.N][N→V]-~i[SBJ.V-ed.something][V→V]-~i[SBJ.V-ed.something][V→V]-~:(u)te[to.V.for.or.with][to.cause.to.V.as.one.is.V-ing][to.V.toward.each.other][V→V]-te[to.act.on.so.as.to.cause.to.V][V→V]-te[to.act.on.so.as.to.cause.to.V][V→V]-te[to.act.on.so.as.to.cause.to.V][V→V]-te[to.act.on.so.as.to.cause.to.V][V→V]-te[to.act.on.so.as.to.cause.to.V][V→V]-@₁~fni[to.say.that.one.is.V-ing][Cmpd_Vbl][V][Intr][Opt][PRS][2Sg]
angayuqiitni	angayuqagh*-~:(ng₁)u[to.be.N][N→V]-~i[SBJ.V-ed.something][V→V]-~i[SBJ.V-ed.something][V→V]-~:(u)te[condition.with.respect.to.V-ing][V→N]-te[to.catch.N][to.go.to.N][N→V]-te[to.act.on.so.as.to.cause.to.V][V→V]-te[to.act.on.so.as.to.cause.to.V][V→V]-te[to.act.on.so.as.to.cause.to.V][V→V]-te[to.act.on.so.as.to.cause.to.V][V→V]-@₁~fni[to.say.that.one.is.V-ing][Cmpd_Vbl][V][Intr][Opt][PRS][2Sg]
angayuqiitni	angayuqagh*-~:(ng₁)u[to.be.N][N→V]-~i[SBJ.V-ed.something][V→V]-~i[SBJ.V-ed.something][V→V]-~:(u)te[condition.with.respect.to.V-ing][V→N][N][Loc][Unpd][Pl]
angayuqiitni	angayuqagh*-~:(ng₁)u[to.be.N][N→V]-~i[SBJ.V-ed.something][V→V]-~i[SBJ.V-ed.something][V→V]-~:(u)te[SBJ.V-ed.something][V→V]-te[to.act.on.so.as.to.cause.to.V][V→V]-te[to.act.on.so.as.to.cause.to.V][V→V]-te[to.act.on.so.as.to.cause.to.V][V→V]-te[to.act.on.so.as.to.cause.to.V][V→V]-te[to.act.on.so.as.to.cause.to.V][V→V]-@₁~fni[to.say.that.one.is.V-ing][Cmpd_Vbl][V][Intr][Opt][PRS][2Sg]
angayuqiitni	angayuqagh*-~:(ng₁)u[to.be.N][N→V]-~i[SBJ.V-ed.something][V→V]-~i[SBJ.V-ed.something][V→V]-te[to.act.on.so.as.to.cause.to.V][V→V]-te[to.act.on.so.as.to.cause.to.V][V→V]-te[to.act.on.so.as.to.cause.to.V][V→V]-te[to.act.on.so.as.to.cause.to.V][V→V]-te[to.act.on.so.as.to.cause.to.V][V→V]-@₁~fni[to.say.that.one.is.V-ing][Cmpd_Vbl][V][Intr][Opt][PRS][2Sg]
angayuqiitni	angayuqagh*-~:(ng₁)u[to.be.N][N→V]-~i[SBJ.V-ed.something][V→V]-~:(u)te[to.V.for.or.with][to.cause.to.V.as.one.is.V-ing][to.V.toward.each.other][V→V]-te[to.act.on.so.as.to.cause.to.V][V→V]-te[to.act.on.so.as.to.cause.to.V][V→V]-te[to.act.on.so.as.to.cause.to.V][V→V]-te[to.act.on.so.as.to.cause.to.V][V→V]-@₁~fni[to.say.that.one.is.V-ing][Cmpd_Vbl][V][Intr][Opt][PRS][2Sg]
angayuqiitni	angayuqagh*-~:(ng₁)u[to.be.N][N→V]-~i[SBJ.V-ed.something][V→V]-~:(u)te[condition.with.respect.to.V-ing][V→N]-te[to.catch.N][to.go.to.N][N→V]-te[to.act.on.so.as.to.cause.to.V][V→V]-te[to.act.on.so.as.to.cause.to.V][V→V]-te[to.act.on.so.as.to.cause.to.V][V→V]-@₁~fni[to.say.that.one.is.V-ing][Cmpd_Vbl][V][Intr][Opt][PRS][2Sg]
angayuqiitni	angayuqagh*-~:(ng₁)u[to.be.N][N→V]-~i[SBJ.V-ed.something][V→V]-~:(u)te[condition.with.respect.to.V-ing][V→N][N][Loc][Unpd][Pl]
angayuqiitni	angayuqagh*-~:(ng₁)u[to.be.N][N→V]-~i[SBJ.V-ed.something][V→V]-~:(u)te[SBJ.V-ed.something][V→V]-te[to.act.on.so.as.to.cause.to.V][V→V]-te[to.act.on.so.as.to.cause.to.V][V→V]-te[to.act.on.so.as.to.cause.to.V][V→V]-te[to.act.on.so.as.to.cause.to.V][V→V]-@₁~fni[to.say.that.one.is.V-ing][Cmpd_Vbl][V][Intr][Opt][PRS][2Sg]
angayuqiitni	angayuqagh*-~:(ng₁)u[to.be.N][N→V]-~i[SBJ.V-ed.something][V→V]-te[to.act.on.so.as.to.cause.to.V][V→V]-te[to.act.on.so.as.to.cause.to.V][V→V]-te[to.act.on.so.as.to.cause.to.V][V→V]-te[to.act.on.so.as.to.cause.to.V][V→V]-@₁~fni[to.say.that.one.is.V-ing][Cmpd_Vbl][V][Intr][Opt][PRS][2Sg]
angayuqiitni	angayuqagh[N][Loc][3DuPoss][PlPosd]
angayuqiitni	angayuqagh[N][Loc][3DuPoss][DuPosd]
angayuqiitni	angayuqagh[N][Loc][3PlPoss][SgPosd]
angayuqiitni	angayuqagh[N][Loc][3PlPoss][PlPosd]
angayuqiitni	angayuqagh[N][Loc][3PlPoss][DuPosd]
angayuqiitni	angayuqagh*[N][Loc][3DuPoss][PlPosd]
angayuqiitni	angayuqagh*[N][Loc][3DuPoss][DuPosd]
angayuqiitni	angayuqagh*[N][Loc][3PlPoss][SgPosd]
angayuqiitni	angayuqagh*[N][Loc][3PlPoss][PlPosd]
angayuqiitni	angayuqagh*[N][Loc][3PlPoss][DuPosd]

aghnaghlluwhaankut	+?

------------------------


------------------------
Angyaghpaget Pugughileghmelluta kaataqelghiit Trader, angyalgat kina Mr. Ranka, ilanganikun Castell.

angyaghpaget	angyaghpag[N][Abs][Unpd][Pl]
angyaghpaget	angyaghpag[N][Rel][Unpd][Pl]

pugughileghmelluta	Pugughilegh[N][Loc][Unpd][Sg]-ete[to.be]-te[to.act.on.so.as.to.cause.to.V][V→V]-te[to.act.on.so.as.to.cause.to.V][V→V][V][Intr][Sbrd][1Pl]
pugughileghmelluta	Pugughilegh[N][Loc][Unpd][Sg]-ete[to.be]-te[to.act.on.so.as.to.cause.to.V][V→V]-te[to.act.on.so.as.to.cause.to.V][V→V][V][Trns][Sbrd][_][1Pl]
pugughileghmelluta	Pugughilegh[N][Rel][4SgPoss][PlPosd]-ete[to.be]-te[to.act.on.so.as.to.cause.to.V][V→V]-te[to.act.on.so.as.to.cause.to.V][V→V][V][Intr][Sbrd][1Pl]
pugughileghmelluta	Pugughilegh[N][Rel][4SgPoss][PlPosd]-ete[to.be]-te[to.act.on.so.as.to.cause.to.V][V→V]-te[to.act.on.so.as.to.cause.to.V][V→V][V][Trns][Sbrd][_][1Pl]
pugughileghmelluta	Pugughilegh[N][Rel][4SgPoss][SgPosd]-ete[to.be]-te[to.act.on.so.as.to.cause.to.V][V→V]-te[to.act.on.so.as.to.cause.to.V][V→V][V][Intr][Sbrd][1Pl]
pugughileghmelluta	Pugughilegh[N][Rel][4SgPoss][SgPosd]-ete[to.be]-te[to.act.on.so.as.to.cause.to.V][V→V]-te[to.act.on.so.as.to.cause.to.V][V→V][V][Trns][Sbrd][_][1Pl]

kaataqelghiit	kaate-~(g₁)aqe[to.be.V.ing][to.regularly.or.repeatedly.V][V→V]-@₁–lghii[the.one.that.V-ed][the.one.that.is.V][V→N][N][Abs][Unpd][Pl]
kaataqelghiit	kaate-~(g₁)aqe[to.be.V.ing][to.regularly.or.repeatedly.V][V→V]-@₁–lghii[the.one.that.V-ed][the.one.that.is.V][V→N][N][Rel][Unpd][Pl]
kaataqelghiit	kaate-~(g₁)aqe[to.be.V.ing][to.regularly.or.repeatedly.V][V→V][V][Intr][Ptcp][3Pl]

trader	+?

angyalgat	angyagh-–leg[one.having.N][N→N][N][Abs][3PlPoss][SgPosd]
angyalgat	angyaleg[N][Abs][3PlPoss][SgPosd]
angyalgat	Angyat-–leg[one.having.N][N→N][N][Abs][3PlPoss][SgPosd]

kina	kina
kina	kina[N][Abs][Unpd][Sg]

mr	+?

ranka	+?

ilanganikun	ilangani-~–ke[to.have.as.one's.N(s)][N→V]-~:(u)te[condition.with.respect.to.V-ing][V→N][N][Abs][Unpd][Sg]
ilanganikun	ilangani[N][Via][Unpd][Sg]

castell	+?

------------------------
Castell-kun atasimeng Sivuqameng Pugughileghmun aglaghtukut.

castellkun	+?

atasimeng	+?

sivuqameng	Sivuqagh[N][Abl_Mod][Unpd][Sg]
sivuqameng	Sivuqagh[N][Rel][4DuPoss][PlPosd]
sivuqameng	Sivuqagh[N][Rel][4DuPoss][SgPosd]
sivuqameng	Sivuqagh[N][Rel][4PlPoss][PlPosd]
sivuqameng	Sivuqagh[N][Rel][4PlPoss][SgPosd]

pugughileghmun	Pugughilegh[N][Ter][Unpd][Sg]

aglaghtukut	aglagh[V][Intr][Ind][1Pl]
aglaghtukut	aglagh-te[to.act.on.so.as.to.cause.to.V][V→V][V][Intr][Ind][1Pl]

------------------------
Iirgunkutgun piiwaghluta aglaatiinkut taaggun.

iirgunkutgun	+?

piiwaghluta	piiwagh[V][Intr][Sbrd][1Pl]
piiwaghluta	piiwagh[V][Trns][Sbrd][_][1Pl]

aglaatiinkut	aglagh-~:(u)te[to.V.for.or.with][to.cause.to.V.as.one.is.V-ing][to.V.toward.each.other][V→V][V][Trns][Ind][3Pl][1Pl]
aglaatiinkut	aglagh-~:(u)te[to.V.for.or.with][to.cause.to.V.as.one.is.V-ing][to.V.toward.each.other][V→V][V][Trns][Ind][3Du][1Pl]
aglaatiinkut	aglagh-~:(u)te[to.V.for.or.with][to.cause.to.V.as.one.is.V-ing][to.V.toward.each.other][V→V][V][Trns][Ind][3Sg][1Pl]

taaggun	+?

------------------------
Taakunginaagut angyaghpaget.

taakunginaagut	+?

angyaghpaget	angyaghpag[N][Abs][Unpd][Pl]
angyaghpaget	angyaghpag[N][Rel][Unpd][Pl]

------------------------


------------------------
Igaghyallghitunga.

igaghyallghitunga	+?

------------------------
Sivuqami one-year igaghyaqaghlunga taaqegkaagunga.

sivuqami	Sivuqagh[N][Loc][Unpd][Sg]
sivuqami	Sivuqagh[N][Rel][4SgPoss][PlPosd]
sivuqami	Sivuqagh[N][Rel][4SgPoss][SgPosd]

oneyear	+?

igaghyaqaghlunga	+?

taaqegkaagunga	taaqe-~sf–(g₃)kau[to.have.V-ed][to.have.been.V-ed][V→V][V][Intr][Ind][1Sg]
taaqegkaagunga	taaqegkagh-~:(ng₁)u[to.be.N][N→V][V][Intr][Ind][1Sg]

------------------------


------------------------
Naghaaghutelguukut sameng ulimaaghmeng, unaghsimeng naghaghutengllaqat, qamiyngwaaq, angyaghwaaq, sangwaa.

naghaaghutelguukut	naghaagh-~:(u)te[condition.with.respect.to.V-ing][V→N]-–leg[one.having.N][N→N]-~:(ng₁)u[to.be.N][N→V][V][Intr][Ind][1Pl]
naghaaghutelguukut	naghaagh-~:(u)te[condition.with.respect.to.V-ing][V→N]-–lgu[to.have.N][N→V][V][Intr][Ind][1Pl]

sameng	sa[N][Abl_Mod][Unpd][Sg]
sameng	sa[N][Rel][4DuPoss][PlPosd]
sameng	sa[N][Rel][4DuPoss][SgPosd]
sameng	sa[N][Rel][4PlPoss][PlPosd]
sameng	sa[N][Rel][4PlPoss][SgPosd]
sameng	sameng

ulimaaghmeng	ulimaagh[N][Abl_Mod][Unpd][Sg]
ulimaaghmeng	ulimaagh[N][Rel][4DuPoss][PlPosd]
ulimaaghmeng	ulimaagh[N][Rel][4DuPoss][SgPosd]
ulimaaghmeng	ulimaagh[N][Rel][4PlPoss][PlPosd]
ulimaaghmeng	ulimaagh[N][Rel][4PlPoss][SgPosd]

unaghsimeng	unaghsigh[N][Abl_Mod][Unpd][Sg]
unaghsimeng	unaghsigh[N][Rel][4DuPoss][PlPosd]
unaghsimeng	unaghsigh[N][Rel][4DuPoss][SgPosd]
unaghsimeng	unaghsigh[N][Rel][4PlPoss][PlPosd]
unaghsimeng	unaghsigh[N][Rel][4PlPoss][SgPosd]

naghaghutengllaqat	+?

qamiyngwaaq	qamiye-~:(ng₁)u[to.be.N][N→V]-~faagh[one.who.keeps.on.V-ing][AUG]

angyaghwaaq	angyaghwaagh[N][Abs][Unpd][Sg]

sangwaa	sa-~:(ng₁)u[to.be.N][N→V][V][Intr][Intrg][3Sg]
sangwaa	sangwaa[N][Abs][Unpd][Sg]

------------------------
Uqfigatqun amen tangilleghqwaaghet pickup sticks-kelluki tamaaken naghaaghutkaqsaghtukut, iighhaatmeng, qawawaaghmeng.

uqfigatqun	+?

amen	amen
amen	amete[N][Abs][Unpd][Sg]

tangilleghqwaaghet	+?

pickup	+?

stickskelluki	+?

tamaaken	tamaa-@*@₂~sf–(g₂)k(a)e[the.one.that.possessor.V-ed][V→N][N][Abs][2SgPoss][SgPosd]
tamaaken	tamaa[V][Trns][Ptcp][2Sg][3Sg]

naghaaghutkaqsaghtukut	naghaagh-~:(u)te[to.V.for.or.with][to.cause.to.V.as.one.is.V-ing][to.V.toward.each.other][V→V]-@₂~fkaq[one.that.has.V-ed][V→N]-~–ke[to.have.as.one's.N(s)][N→V]-te[to.act.on.so.as.to.cause.to.V][V→V]-te[to.act.on.so.as.to.cause.to.V][V→V]-te[to.act.on.so.as.to.cause.to.V][V→V]-te[to.act.on.so.as.to.cause.to.V][V→V]-@₁~fyagh[to.go.V-ing][to.V.in.vain][V→V][V][Intr][Ind][1Pl]
naghaaghutkaqsaghtukut	naghaagh-~:(u)te[to.V.for.or.with][to.cause.to.V.as.one.is.V-ing][to.V.toward.each.other][V→V]-@₂~fkaq[one.that.has.V-ed][V→N]-~–ke[to.have.as.one's.N(s)][N→V]-te[to.act.on.so.as.to.cause.to.V][V→V]-te[to.act.on.so.as.to.cause.to.V][V→V]-te[to.act.on.so.as.to.cause.to.V][V→V]-te[to.act.on.so.as.to.cause.to.V][V→V]-@₁~fyagh[to.go.V-ing][to.V.in.vain][V→V]-te[to.act.on.so.as.to.cause.to.V][V→V][V][Intr][Ind][1Pl]
naghaaghutkaqsaghtukut	naghaagh-~:(u)te[to.V.for.or.with][to.cause.to.V.as.one.is.V-ing][to.V.toward.each.other][V→V]-@₂~fkaq[one.that.has.V-ed][V→N]-~–ke[to.have.as.one's.N(s)][N→V]-te[to.act.on.so.as.to.cause.to.V][V→V]-te[to.act.on.so.as.to.cause.to.V][V→V]-te[to.act.on.so.as.to.cause.to.V][V→V]-@₁~fyagh[to.go.V-ing][to.V.in.vain][V→V][V][Intr][Ind][1Pl]
naghaaghutkaqsaghtukut	naghaagh-~:(u)te[to.V.for.or.with][to.cause.to.V.as.one.is.V-ing][to.V.toward.each.other][V→V]-@₂~fkaq[one.that.has.V-ed][V→N]-~–ke[to.have.as.one's.N(s)][N→V]-te[to.act.on.so.as.to.cause.to.V][V→V]-te[to.act.on.so.as.to.cause.to.V][V→V]-te[to.act.on.so.as.to.cause.to.V][V→V]-@₁~fyagh[to.go.V-ing][to.V.in.vain][V→V]-te[to.act.on.so.as.to.cause.to.V][V→V][V][Intr][Ind][1Pl]
naghaaghutkaqsaghtukut	naghaagh-~:(u)te[to.V.for.or.with][to.cause.to.V.as.one.is.V-ing][to.V.toward.each.other][V→V]-@₂~fkaq[one.that.has.V-ed][V→N]-~–ke[to.have.as.one's.N(s)][N→V]-te[to.act.on.so.as.to.cause.to.V][V→V]-te[to.act.on.so.as.to.cause.to.V][V→V]-@₁~fyagh[to.go.V-ing][to.V.in.vain][V→V][V][Intr][Ind][1Pl]
naghaaghutkaqsaghtukut	naghaagh-~:(u)te[to.V.for.or.with][to.cause.to.V.as.one.is.V-ing][to.V.toward.each.other][V→V]-@₂~fkaq[one.that.has.V-ed][V→N]-~–ke[to.have.as.one's.N(s)][N→V]-te[to.act.on.so.as.to.cause.to.V][V→V]-te[to.act.on.so.as.to.cause.to.V][V→V]-@₁~fyagh[to.go.V-ing][to.V.in.vain][V→V]-te[to.act.on.so.as.to.cause.to.V][V→V][V][Intr][Ind][1Pl]
naghaaghutkaqsaghtukut	naghaagh-~:(u)te[to.V.for.or.with][to.cause.to.V.as.one.is.V-ing][to.V.toward.each.other][V→V]-@₂~fkaq[one.that.has.V-ed][V→N]-~–ke[to.have.as.one's.N(s)][N→V]-te[to.act.on.so.as.to.cause.to.V][V→V]-@₁~fyagh[to.go.V-ing][to.V.in.vain][V→V][V][Intr][Ind][1Pl]
naghaaghutkaqsaghtukut	naghaagh-~:(u)te[to.V.for.or.with][to.cause.to.V.as.one.is.V-ing][to.V.toward.each.other][V→V]-@₂~fkaq[one.that.has.V-ed][V→N]-~–ke[to.have.as.one's.N(s)][N→V]-te[to.act.on.so.as.to.cause.to.V][V→V]-@₁~fyagh[to.go.V-ing][to.V.in.vain][V→V]-te[to.act.on.so.as.to.cause.to.V][V→V][V][Intr][Ind][1Pl]
naghaaghutkaqsaghtukut	naghaagh-~:(u)te[to.V.for.or.with][to.cause.to.V.as.one.is.V-ing][to.V.toward.each.other][V→V]-@₂~fkaq[one.that.has.V-ed][V→N]-~–ke[to.have.as.one's.N(s)][N→V]-@₁~fyagh[to.go.V-ing][to.V.in.vain][V→V][V][Intr][Ind][1Pl]
naghaaghutkaqsaghtukut	naghaagh-~:(u)te[to.V.for.or.with][to.cause.to.V.as.one.is.V-ing][to.V.toward.each.other][V→V]-@₂~fkaq[one.that.has.V-ed][V→N]-~–ke[to.have.as.one's.N(s)][N→V]-@₁~fyagh[to.go.V-ing][to.V.in.vain][V→V]-te[to.act.on.so.as.to.cause.to.V][V→V][V][Intr][Ind][1Pl]
naghaaghutkaqsaghtukut	naghaagh-~:(u)te[to.V.for.or.with][to.cause.to.V.as.one.is.V-ing][to.V.toward.each.other][V→V]-@₂~fkaq[one.that.has.V-ed][V→N]-te[to.catch.N][to.go.to.N][N→V]-te[to.act.on.so.as.to.cause.to.V][V→V]-te[to.act.on.so.as.to.cause.to.V][V→V]-@₁~fyagh[to.go.V-ing][to.V.in.vain][V→V][V][Intr][Ind][1Pl]
naghaaghutkaqsaghtukut	naghaagh-~:(u)te[to.V.for.or.with][to.cause.to.V.as.one.is.V-ing][to.V.toward.each.other][V→V]-@₂~fkaq[one.that.has.V-ed][V→N]-te[to.catch.N][to.go.to.N][N→V]-te[to.act.on.so.as.to.cause.to.V][V→V]-te[to.act.on.so.as.to.cause.to.V][V→V]-@₁~fyagh[to.go.V-ing][to.V.in.vain][V→V]-te[to.act.on.so.as.to.cause.to.V][V→V][V][Intr][Ind][1Pl]
naghaaghutkaqsaghtukut	naghaagh-~:(u)te[to.V.for.or.with][to.cause.to.V.as.one.is.V-ing][to.V.toward.each.other][V→V]-@₂~fkaq[one.that.has.V-ed][V→N]-te[to.catch.N][to.go.to.N][N→V]-te[to.act.on.so.as.to.cause.to.V][V→V]-@₁~fyagh[to.go.V-ing][to.V.in.vain][V→V][V][Intr][Ind][1Pl]
naghaaghutkaqsaghtukut	naghaagh-~:(u)te[to.V.for.or.with][to.cause.to.V.as.one.is.V-ing][to.V.toward.each.other][V→V]-@₂~fkaq[one.that.has.V-ed][V→N]-te[to.catch.N][to.go.to.N][N→V]-te[to.act.on.so.as.to.cause.to.V][V→V]-@₁~fyagh[to.go.V-ing][to.V.in.vain][V→V]-te[to.act.on.so.as.to.cause.to.V][V→V][V][Intr][Ind][1Pl]
naghaaghutkaqsaghtukut	naghaagh-~:(u)te[to.V.for.or.with][to.cause.to.V.as.one.is.V-ing][to.V.toward.each.other][V→V]-@₂~fkaq[one.that.has.V-ed][V→N]-te[to.catch.N][to.go.to.N][N→V]-@₁~fyagh[to.go.V-ing][to.V.in.vain][V→V][V][Intr][Ind][1Pl]
naghaaghutkaqsaghtukut	naghaagh-~:(u)te[to.V.for.or.with][to.cause.to.V.as.one.is.V-ing][to.V.toward.each.other][V→V]-@₂~fkaq[one.that.has.V-ed][V→N]-te[to.catch.N][to.go.to.N][N→V]-@₁~fyagh[to.go.V-ing][to.V.in.vain][V→V]-te[to.act.on.so.as.to.cause.to.V][V→V][V][Intr][Ind][1Pl]
naghaaghutkaqsaghtukut	naghaagh-~:(u)te[condition.with.respect.to.V-ing][V→N]-~–ke[to.have.as.one's.N(s)][N→V]-~(g₁)aqe[to.be.V.ing][to.regularly.or.repeatedly.V][V→V]-te[to.act.on.so.as.to.cause.to.V][V→V]-te[to.act.on.so.as.to.cause.to.V][V→V]-te[to.act.on.so.as.to.cause.to.V][V→V]-te[to.act.on.so.as.to.cause.to.V][V→V]-@₁~fyagh[to.go.V-ing][to.V.in.vain][V→V][V][Intr][Ind][1Pl]
naghaaghutkaqsaghtukut	naghaagh-~:(u)te[condition.with.respect.to.V-ing][V→N]-~–ke[to.have.as.one's.N(s)][N→V]-~(g₁)aqe[to.be.V.ing][to.regularly.or.repeatedly.V][V→V]-te[to.act.on.so.as.to.cause.to.V][V→V]-te[to.act.on.so.as.to.cause.to.V][V→V]-te[to.act.on.so.as.to.cause.to.V][V→V]-te[to.act.on.so.as.to.cause.to.V][V→V]-@₁~fyagh[to.go.V-ing][to.V.in.vain][V→V]-te[to.act.on.so.as.to.cause.to.V][V→V][V][Intr][Ind][1Pl]
naghaaghutkaqsaghtukut	naghaagh-~:(u)te[condition.with.respect.to.V-ing][V→N]-~–ke[to.have.as.one's.N(s)][N→V]-~(g₁)aqe[to.be.V.ing][to.regularly.or.repeatedly.V][V→V]-te[to.act.on.so.as.to.cause.to.V][V→V]-te[to.act.on.so.as.to.cause.to.V][V→V]-te[to.act.on.so.as.to.cause.to.V][V→V]-@₁~fyagh[to.go.V-ing][to.V.in.vain][V→V][V][Intr][Ind][1Pl]
naghaaghutkaqsaghtukut	naghaagh-~:(u)te[condition.with.respect.to.V-ing][V→N]-~–ke[to.have.as.one's.N(s)][N→V]-~(g₁)aqe[to.be.V.ing][to.regularly.or.repeatedly.V][V→V]-te[to.act.on.so.as.to.cause.to.V][V→V]-te[to.act.on.so.as.to.cause.to.V][V→V]-te[to.act.on.so.as.to.cause.to.V][V→V]-@₁~fyagh[to.go.V-ing][to.V.in.vain][V→V]-te[to.act.on.so.as.to.cause.to.V][V→V][V][Intr][Ind][1Pl]
naghaaghutkaqsaghtukut	naghaagh-~:(u)te[condition.with.respect.to.V-ing][V→N]-~–ke[to.have.as.one's.N(s)][N→V]-~(g₁)aqe[to.be.V.ing][to.regularly.or.repeatedly.V][V→V]-te[to.act.on.so.as.to.cause.to.V][V→V]-te[to.act.on.so.as.to.cause.to.V][V→V]-@₁~fyagh[to.go.V-ing][to.V.in.vain][V→V][V][Intr][Ind][1Pl]
naghaaghutkaqsaghtukut	naghaagh-~:(u)te[condition.with.respect.to.V-ing][V→N]-~–ke[to.have.as.one's.N(s)][N→V]-~(g₁)aqe[to.be.V.ing][to.regularly.or.repeatedly.V][V→V]-te[to.act.on.so.as.to.cause.to.V][V→V]-te[to.act.on.so.as.to.cause.to.V][V→V]-@₁~fyagh[to.go.V-ing][to.V.in.vain][V→V]-te[to.act.on.so.as.to.cause.to.V][V→V][V][Intr][Ind][1Pl]
naghaaghutkaqsaghtukut	naghaagh-~:(u)te[condition.with.respect.to.V-ing][V→N]-~–ke[to.have.as.one's.N(s)][N→V]-~(g₁)aqe[to.be.V.ing][to.regularly.or.repeatedly.V][V→V]-te[to.act.on.so.as.to.cause.to.V][V→V]-@₁~fyagh[to.go.V-ing][to.V.in.vain][V→V][V][Intr][Ind][1Pl]
naghaaghutkaqsaghtukut	naghaagh-~:(u)te[condition.with.respect.to.V-ing][V→N]-~–ke[to.have.as.one's.N(s)][N→V]-~(g₁)aqe[to.be.V.ing][to.regularly.or.repeatedly.V][V→V]-te[to.act.on.so.as.to.cause.to.V][V→V]-@₁~fyagh[to.go.V-ing][to.V.in.vain][V→V]-te[to.act.on.so.as.to.cause.to.V][V→V][V][Intr][Ind][1Pl]
naghaaghutkaqsaghtukut	naghaagh-~:(u)te[condition.with.respect.to.V-ing][V→N]-~–ke[to.have.as.one's.N(s)][N→V]-~(g₁)aqe[to.be.V.ing][to.regularly.or.repeatedly.V][V→V]-@₁~fyagh[to.go.V-ing][to.V.in.vain][V→V][V][Intr][Ind][1Pl]
naghaaghutkaqsaghtukut	naghaagh-~:(u)te[condition.with.respect.to.V-ing][V→N]-~–ke[to.have.as.one's.N(s)][N→V]-~(g₁)aqe[to.be.V.ing][to.regularly.or.repeatedly.V][V→V]-@₁~fyagh[to.go.V-ing][to.V.in.vain][V→V]-te[to.act.on.so.as.to.cause.to.V][V→V][V][Intr][Ind][1Pl]
naghaaghutkaqsaghtukut	naghaagh-~:(u)te[SBJ.V-ed.something][V→V]-@₂~fkaq[one.that.has.V-ed][V→N]-~–ke[to.have.as.one's.N(s)][N→V]-te[to.act.on.so.as.to.cause.to.V][V→V]-te[to.act.on.so.as.to.cause.to.V][V→V]-te[to.act.on.so.as.to.cause.to.V][V→V]-te[to.act.on.so.as.to.cause.to.V][V→V]-@₁~fyagh[to.go.V-ing][to.V.in.vain][V→V][V][Intr][Ind][1Pl]
naghaaghutkaqsaghtukut	naghaagh-~:(u)te[SBJ.V-ed.something][V→V]-@₂~fkaq[one.that.has.V-ed][V→N]-~–ke[to.have.as.one's.N(s)][N→V]-te[to.act.on.so.as.to.cause.to.V][V→V]-te[to.act.on.so.as.to.cause.to.V][V→V]-te[to.act.on.so.as.to.cause.to.V][V→V]-te[to.act.on.so.as.to.cause.to.V][V→V]-@₁~fyagh[to.go.V-ing][to.V.in.vain][V→V]-te[to.act.on.so.as.to.cause.to.V][V→V][V][Intr][Ind][1Pl]
naghaaghutkaqsaghtukut	naghaagh-~:(u)te[SBJ.V-ed.something][V→V]-@₂~fkaq[one.that.has.V-ed][V→N]-~–ke[to.have.as.one's.N(s)][N→V]-te[to.act.on.so.as.to.cause.to.V][V→V]-te[to.act.on.so.as.to.cause.to.V][V→V]-te[to.act.on.so.as.to.cause.to.V][V→V]-@₁~fyagh[to.go.V-ing][to.V.in.vain][V→V][V][Intr][Ind][1Pl]
naghaaghutkaqsaghtukut	naghaagh-~:(u)te[SBJ.V-ed.something][V→V]-@₂~fkaq[one.that.has.V-ed][V→N]-~–ke[to.have.as.one's.N(s)][N→V]-te[to.act.on.so.as.to.cause.to.V][V→V]-te[to.act.on.so.as.to.cause.to.V][V→V]-te[to.act.on.so.as.to.cause.to.V][V→V]-@₁~fyagh[to.go.V-ing][to.V.in.vain][V→V]-te[to.act.on.so.as.to.cause.to.V][V→V][V][Intr][Ind][1Pl]
naghaaghutkaqsaghtukut	naghaagh-~:(u)te[SBJ.V-ed.something][V→V]-@₂~fkaq[one.that.has.V-ed][V→N]-~–ke[to.have.as.one's.N(s)][N→V]-te[to.act.on.so.as.to.cause.to.V][V→V]-te[to.act.on.so.as.to.cause.to.V][V→V]-@₁~fyagh[to.go.V-ing][to.V.in.vain][V→V][V][Intr][Ind][1Pl]
naghaaghutkaqsaghtukut	naghaagh-~:(u)te[SBJ.V-ed.something][V→V]-@₂~fkaq[one.that.has.V-ed][V→N]-~–ke[to.have.as.one's.N(s)][N→V]-te[to.act.on.so.as.to.cause.to.V][V→V]-te[to.act.on.so.as.to.cause.to.V][V→V]-@₁~fyagh[to.go.V-ing][to.V.in.vain][V→V]-te[to.act.on.so.as.to.cause.to.V][V→V][V][Intr][Ind][1Pl]
naghaaghutkaqsaghtukut	naghaagh-~:(u)te[SBJ.V-ed.something][V→V]-@₂~fkaq[one.that.has.V-ed][V→N]-~–ke[to.have.as.one's.N(s)][N→V]-te[to.act.on.so.as.to.cause.to.V][V→V]-@₁~fyagh[to.go.V-ing][to.V.in.vain][V→V][V][Intr][Ind][1Pl]
naghaaghutkaqsaghtukut	naghaagh-~:(u)te[SBJ.V-ed.something][V→V]-@₂~fkaq[one.that.has.V-ed][V→N]-~–ke[to.have.as.one's.N(s)][N→V]-te[to.act.on.so.as.to.cause.to.V][V→V]-@₁~fyagh[to.go.V-ing][to.V.in.vain][V→V]-te[to.act.on.so.as.to.cause.to.V][V→V][V][Intr][Ind][1Pl]
naghaaghutkaqsaghtukut	naghaagh-~:(u)te[SBJ.V-ed.something][V→V]-@₂~fkaq[one.that.has.V-ed][V→N]-~–ke[to.have.as.one's.N(s)][N→V]-@₁~fyagh[to.go.V-ing][to.V.in.vain][V→V][V][Intr][Ind][1Pl]
naghaaghutkaqsaghtukut	naghaagh-~:(u)te[SBJ.V-ed.something][V→V]-@₂~fkaq[one.that.has.V-ed][V→N]-~–ke[to.have.as.one's.N(s)][N→V]-@₁~fyagh[to.go.V-ing][to.V.in.vain][V→V]-te[to.act.on.so.as.to.cause.to.V][V→V][V][Intr][Ind][1Pl]
naghaaghutkaqsaghtukut	naghaagh-~:(u)te[SBJ.V-ed.something][V→V]-@₂~fkaq[one.that.has.V-ed][V→N]-te[to.catch.N][to.go.to.N][N→V]-te[to.act.on.so.as.to.cause.to.V][V→V]-te[to.act.on.so.as.to.cause.to.V][V→V]-@₁~fyagh[to.go.V-ing][to.V.in.vain][V→V][V][Intr][Ind][1Pl]
naghaaghutkaqsaghtukut	naghaagh-~:(u)te[SBJ.V-ed.something][V→V]-@₂~fkaq[one.that.has.V-ed][V→N]-te[to.catch.N][to.go.to.N][N→V]-te[to.act.on.so.as.to.cause.to.V][V→V]-te[to.act.on.so.as.to.cause.to.V][V→V]-@₁~fyagh[to.go.V-ing][to.V.in.vain][V→V]-te[to.act.on.so.as.to.cause.to.V][V→V][V][Intr][Ind][1Pl]
naghaaghutkaqsaghtukut	naghaagh-~:(u)te[SBJ.V-ed.something][V→V]-@₂~fkaq[one.that.has.V-ed][V→N]-te[to.catch.N][to.go.to.N][N→V]-te[to.act.on.so.as.to.cause.to.V][V→V]-@₁~fyagh[to.go.V-ing][to.V.in.vain][V→V][V][Intr][Ind][1Pl]
naghaaghutkaqsaghtukut	naghaagh-~:(u)te[SBJ.V-ed.something][V→V]-@₂~fkaq[one.that.has.V-ed][V→N]-te[to.catch.N][to.go.to.N][N→V]-te[to.act.on.so.as.to.cause.to.V][V→V]-@₁~fyagh[to.go.V-ing][to.V.in.vain][V→V]-te[to.act.on.so.as.to.cause.to.V][V→V][V][Intr][Ind][1Pl]
naghaaghutkaqsaghtukut	naghaagh-~:(u)te[SBJ.V-ed.something][V→V]-@₂~fkaq[one.that.has.V-ed][V→N]-te[to.catch.N][to.go.to.N][N→V]-@₁~fyagh[to.go.V-ing][to.V.in.vain][V→V][V][Intr][Ind][1Pl]
naghaaghutkaqsaghtukut	naghaagh-~:(u)te[SBJ.V-ed.something][V→V]-@₂~fkaq[one.that.has.V-ed][V→N]-te[to.catch.N][to.go.to.N][N→V]-@₁~fyagh[to.go.V-ing][to.V.in.vain][V→V]-te[to.act.on.so.as.to.cause.to.V][V→V][V][Intr][Ind][1Pl]

iighhaatmeng	iiw-–ghhagh*[dear.N][N→N]-~:(ng₁)u[to.be.N][N→V]-~:(u)te[condition.with.respect.to.V-ing][V→N][N][Abl_Mod][Unpd][Sg]
iighhaatmeng	iiw-–ghhagh*[dear.N][N→N]-~:(ng₁)u[to.be.N][N→V]-~:(u)te[condition.with.respect.to.V-ing][V→N][N][Rel][4DuPoss][PlPosd]
iighhaatmeng	iiw-–ghhagh*[dear.N][N→N]-~:(ng₁)u[to.be.N][N→V]-~:(u)te[condition.with.respect.to.V-ing][V→N][N][Rel][4DuPoss][SgPosd]
iighhaatmeng	iiw-–ghhagh*[dear.N][N→N]-~:(ng₁)u[to.be.N][N→V]-~:(u)te[condition.with.respect.to.V-ing][V→N][N][Rel][4PlPoss][PlPosd]
iighhaatmeng	iiw-–ghhagh*[dear.N][N→N]-~:(ng₁)u[to.be.N][N→V]-~:(u)te[condition.with.respect.to.V-ing][V→N][N][Rel][4PlPoss][SgPosd]
iighhaatmeng	iighhagh-~:(ng₁)u[to.be.N][N→V]-~:(u)te[condition.with.respect.to.V-ing][V→N][N][Abl_Mod][Unpd][Sg]
iighhaatmeng	iighhagh-~:(ng₁)u[to.be.N][N→V]-~:(u)te[condition.with.respect.to.V-ing][V→N][N][Rel][4DuPoss][PlPosd]
iighhaatmeng	iighhagh-~:(ng₁)u[to.be.N][N→V]-~:(u)te[condition.with.respect.to.V-ing][V→N][N][Rel][4DuPoss][SgPosd]
iighhaatmeng	iighhagh-~:(ng₁)u[to.be.N][N→V]-~:(u)te[condition.with.respect.to.V-ing][V→N][N][Rel][4PlPoss][PlPosd]
iighhaatmeng	iighhagh-~:(ng₁)u[to.be.N][N→V]-~:(u)te[condition.with.respect.to.V-ing][V→N][N][Rel][4PlPoss][SgPosd]

qawawaaghmeng	qawawaagh[N][Abl_Mod][Unpd][Sg]
qawawaaghmeng	qawawaagh[N][Rel][4DuPoss][PlPosd]
qawawaaghmeng	qawawaagh[N][Rel][4DuPoss][SgPosd]
qawawaaghmeng	qawawaagh[N][Rel][4PlPoss][PlPosd]
qawawaaghmeng	qawawaagh[N][Rel][4PlPoss][SgPosd]

------------------------
Meteghllugwaaghet sangwaat unaghsiiwaqlluteng.

meteghllugwaaghet	+?

sangwaat	sa-~:(ng₁)u[to.be.N][N→V][V][Intr][Intrg][3Pl]
sangwaat	sangwaa[N][Abs][Unpd][Pl]
sangwaat	sangwaa[N][Rel][Unpd][Pl]

unaghsiiwaqlluteng	+?

------------------------


------------------------
Mangteghat Aghtuqaayagenkut, Aglughaq, whangkuta.

mangteghat	mangteghagh[N][Abs][Unpd][Pl]
mangteghat	mangteghagh[N][Rel][Unpd][Pl]

aghtuqaayagenkut	+?

aglughaq	+?

whangkuta	whangkuta

------------------------
Guygumun whangkuta lliightukut liitngwaaghumaghma neqamikaqa.

guygumun	guygu[N][Ter][Unpd][Sg]

whangkuta	whangkuta

lliightukut	lliigh[V][Intr][Ind][1Pl]
lliightukut	lliigh-te[to.act.on.so.as.to.cause.to.V][V→V][V][Intr][Ind][1Pl]

liitngwaaghumaghma	+?

neqamikaqa	neqamike-~(g₁)aqe[to.be.V.ing][to.regularly.or.repeatedly.V][V→V][V][Intr][Intrg][3Sg]
neqamikaqa	neqamike[V][Trns][Ind][1Sg][3Sg]

------------------------
Entaqun taakut qemtaghllagmi Napaqaghhaankut atakullghiit tawani whangkuta guygumun lliightukut.

entaqun	entaqun

taakut	taake[V][Intr][Ind][3Pl]

qemtaghllagmi	qemtagh-–ghllag[big.N][N→N][N][Loc][Unpd][Sg]
qemtaghllagmi	qemtagh-–ghllag[big.N][N→N][N][Rel][4SgPoss][PlPosd]
qemtaghllagmi	qemtagh-–ghllag[big.N][N→N][N][Rel][4SgPoss][SgPosd]

napaqaghhaankut	napaqagh-–ghhagh*[dear.N][N→N]-~sf-w:(e)nkut[N.and.company.or.family][N→N][N][Abs][Unpd][Sg]

atakullghiit	ata-~–ke[to.have.as.one's.N(s)][N→V]-~:(u)te[to.V.for.or.with][to.cause.to.V.as.one.is.V-ing][to.V.toward.each.other][V→V]-te[to.act.on.so.as.to.cause.to.V][V→V]-te[to.act.on.so.as.to.cause.to.V][V→V]-@₁–lghii[the.one.that.V-ed][the.one.that.is.V][V→N][N][Abs][Unpd][Pl]
atakullghiit	ata-~–ke[to.have.as.one's.N(s)][N→V]-~:(u)te[to.V.for.or.with][to.cause.to.V.as.one.is.V-ing][to.V.toward.each.other][V→V]-te[to.act.on.so.as.to.cause.to.V][V→V]-te[to.act.on.so.as.to.cause.to.V][V→V]-@₁–lghii[the.one.that.V-ed][the.one.that.is.V][V→N][N][Rel][Unpd][Pl]
atakullghiit	ata-~–ke[to.have.as.one's.N(s)][N→V]-~:(u)te[to.V.for.or.with][to.cause.to.V.as.one.is.V-ing][to.V.toward.each.other][V→V]-te[to.act.on.so.as.to.cause.to.V][V→V]-te[to.act.on.so.as.to.cause.to.V][V→V][V][Intr][Ptcp][3Pl]
atakullghiit	ata-~–ke[to.have.as.one's.N(s)][N→V]-~:(u)te[to.V.for.or.with][to.cause.to.V.as.one.is.V-ing][to.V.toward.each.other][V→V]-te[to.act.on.so.as.to.cause.to.V][V→V]-@₁–lghii[the.one.that.V-ed][the.one.that.is.V][V→N][N][Abs][Unpd][Pl]
atakullghiit	ata-~–ke[to.have.as.one's.N(s)][N→V]-~:(u)te[to.V.for.or.with][to.cause.to.V.as.one.is.V-ing][to.V.toward.each.other][V→V]-te[to.act.on.so.as.to.cause.to.V][V→V]-@₁–lghii[the.one.that.V-ed][the.one.that.is.V][V→N][N][Rel][Unpd][Pl]
atakullghiit	ata-~–ke[to.have.as.one's.N(s)][N→V]-~:(u)te[to.V.for.or.with][to.cause.to.V.as.one.is.V-ing][to.V.toward.each.other][V→V]-te[to.act.on.so.as.to.cause.to.V][V→V][V][Intr][Ptcp][3Pl]
atakullghiit	ata-~–ke[to.have.as.one's.N(s)][N→V]-~:(u)te[to.V.for.or.with][to.cause.to.V.as.one.is.V-ing][to.V.toward.each.other][V→V]-@₁–lghii[the.one.that.V-ed][the.one.that.is.V][V→N][N][Abs][Unpd][Pl]
atakullghiit	ata-~–ke[to.have.as.one's.N(s)][N→V]-~:(u)te[to.V.for.or.with][to.cause.to.V.as.one.is.V-ing][to.V.toward.each.other][V→V]-@₁–lghii[the.one.that.V-ed][the.one.that.is.V][V→N][N][Rel][Unpd][Pl]
atakullghiit	ata-~–ke[to.have.as.one's.N(s)][N→V]-~:(u)te[to.V.for.or.with][to.cause.to.V.as.one.is.V-ing][to.V.toward.each.other][V→V][V][Intr][Ptcp][3Pl]
atakullghiit	ata-~–ke[to.have.as.one's.N(s)][N→V]-~:(u)te[condition.with.respect.to.V-ing][V→N]-te[to.catch.N][to.go.to.N][N→V]-te[to.act.on.so.as.to.cause.to.V][V→V]-@₁–lghii[the.one.that.V-ed][the.one.that.is.V][V→N][N][Abs][Unpd][Pl]
atakullghiit	ata-~–ke[to.have.as.one's.N(s)][N→V]-~:(u)te[condition.with.respect.to.V-ing][V→N]-te[to.catch.N][to.go.to.N][N→V]-te[to.act.on.so.as.to.cause.to.V][V→V]-@₁–lghii[the.one.that.V-ed][the.one.that.is.V][V→N][N][Rel][Unpd][Pl]
atakullghiit	ata-~–ke[to.have.as.one's.N(s)][N→V]-~:(u)te[condition.with.respect.to.V-ing][V→N]-te[to.catch.N][to.go.to.N][N→V]-te[to.act.on.so.as.to.cause.to.V][V→V][V][Intr][Ptcp][3Pl]
atakullghiit	ata-~–ke[to.have.as.one's.N(s)][N→V]-~:(u)te[condition.with.respect.to.V-ing][V→N]-te[to.catch.N][to.go.to.N][N→V]-@₁–lghii[the.one.that.V-ed][the.one.that.is.V][V→N][N][Abs][Unpd][Pl]
atakullghiit	ata-~–ke[to.have.as.one's.N(s)][N→V]-~:(u)te[condition.with.respect.to.V-ing][V→N]-te[to.catch.N][to.go.to.N][N→V]-@₁–lghii[the.one.that.V-ed][the.one.that.is.V][V→N][N][Rel][Unpd][Pl]
atakullghiit	ata-~–ke[to.have.as.one's.N(s)][N→V]-~:(u)te[condition.with.respect.to.V-ing][V→N]-te[to.catch.N][to.go.to.N][N→V][V][Intr][Ptcp][3Pl]
atakullghiit	ata-~–ke[to.have.as.one's.N(s)][N→V]-~:(u)te[SBJ.V-ed.something][V→V]-te[to.act.on.so.as.to.cause.to.V][V→V]-te[to.act.on.so.as.to.cause.to.V][V→V]-@₁–lghii[the.one.that.V-ed][the.one.that.is.V][V→N][N][Abs][Unpd][Pl]
atakullghiit	ata-~–ke[to.have.as.one's.N(s)][N→V]-~:(u)te[SBJ.V-ed.something][V→V]-te[to.act.on.so.as.to.cause.to.V][V→V]-te[to.act.on.so.as.to.cause.to.V][V→V]-@₁–lghii[the.one.that.V-ed][the.one.that.is.V][V→N][N][Rel][Unpd][Pl]
atakullghiit	ata-~–ke[to.have.as.one's.N(s)][N→V]-~:(u)te[SBJ.V-ed.something][V→V]-te[to.act.on.so.as.to.cause.to.V][V→V]-te[to.act.on.so.as.to.cause.to.V][V→V][V][Intr][Ptcp][3Pl]
atakullghiit	ata-~–ke[to.have.as.one's.N(s)][N→V]-~:(u)te[SBJ.V-ed.something][V→V]-te[to.act.on.so.as.to.cause.to.V][V→V]-@₁–lghii[the.one.that.V-ed][the.one.that.is.V][V→N][N][Abs][Unpd][Pl]
atakullghiit	ata-~–ke[to.have.as.one's.N(s)][N→V]-~:(u)te[SBJ.V-ed.something][V→V]-te[to.act.on.so.as.to.cause.to.V][V→V]-@₁–lghii[the.one.that.V-ed][the.one.that.is.V][V→N][N][Rel][Unpd][Pl]
atakullghiit	ata-~–ke[to.have.as.one's.N(s)][N→V]-~:(u)te[SBJ.V-ed.something][V→V]-te[to.act.on.so.as.to.cause.to.V][V→V][V][Intr][Ptcp][3Pl]
atakullghiit	ata-~–ke[to.have.as.one's.N(s)][N→V]-~:(u)te[SBJ.V-ed.something][V→V]-@₁–lghii[the.one.that.V-ed][the.one.that.is.V][V→N][N][Abs][Unpd][Pl]
atakullghiit	ata-~–ke[to.have.as.one's.N(s)][N→V]-~:(u)te[SBJ.V-ed.something][V→V]-@₁–lghii[the.one.that.V-ed][the.one.that.is.V][V→N][N][Rel][Unpd][Pl]
atakullghiit	ata-~–ke[to.have.as.one's.N(s)][N→V]-~:(u)te[SBJ.V-ed.something][V→V][V][Intr][Ptcp][3Pl]

tawani	tawani
tawani	tawani[N][Abs][Unpd][Sg]

whangkuta	whangkuta

guygumun	guygu[N][Ter][Unpd][Sg]

lliightukut	lliigh[V][Intr][Ind][1Pl]
lliightukut	lliigh-te[to.act.on.so.as.to.cause.to.V][V→V][V][Intr][Ind][1Pl]

------------------------


------------------------
Angyangelleq nallukaqa, liisalghiinga taawa angyaghwaalguftukut.

angyangelleq	+?

nallukaqa	nallu-~sf–(g₃)kaq[one.that.has.V-ed][V→N]-~–ke[to.have.as.one's.N(s)][N→V][V][Intr][Intrg][3Sg]
nallukaqa	nallu-~sf–(g₃)kaq[one.that.has.V-ed][V→N][N][Abs][1SgPoss][SgPosd]
nallukaqa	nallu-~sf–(g₃)kaq[one.that.has.V-ed][V→N][N][Abs][3SgPoss][SgPosd]
nallukaqa	nallu-@₂~fkaq[one.that.has.V-ed][V→N]-~–ke[to.have.as.one's.N(s)][N→V][V][Intr][Intrg][3Sg]
nallukaqa	nallu-@₂~fkaq[one.that.has.V-ed][V→N][N][Abs][1SgPoss][SgPosd]
nallukaqa	nallu-@₂~fkaq[one.that.has.V-ed][V→N][N][Abs][3SgPoss][SgPosd]
nallukaqa	nalluke-~(g₁)aqe[to.be.V.ing][to.regularly.or.repeatedly.V][V→V][V][Intr][Intrg][3Sg]
nallukaqa	nalluke[V][Trns][Ind][1Sg][3Sg]

liisalghiinga	liite-@₁~fyagh[to.go.V-ing][to.V.in.vain][V→V]-@₁–lghii[the.one.that.V-ed][the.one.that.is.V][V→N][N][Abs][3SgPoss][SgPosd]
liisalghiinga	liite-@₁~fyagh[to.go.V-ing][to.V.in.vain][V→V][V][Intr][Ptcp][1Sg]
liisalghiinga	liite[V][Intr][Ptcp_Obl][1Sg]
liisalghiinga	liisagh-@₁–lghii[the.one.that.V-ed][the.one.that.is.V][V→N][N][Abs][3SgPoss][SgPosd]
liisalghiinga	liisagh[V][Intr][Ptcp][1Sg]

taawa	taawa

angyaghwaalguftukut	angyaghwaagh-–leg[one.having.N][N→N]-~:(ng₁)u[to.be.N][N→V]-(pete)fte[to.evidently.V][to.have.V-ed][V→V][V][Intr][Ind][1Pl]
angyaghwaalguftukut	angyaghwaagh-–lgu[to.have.N][N→V]-(pete)fte[to.evidently.V][to.have.V-ed][V→V][V][Intr][Ind][1Pl]

------------------------
Entaqun Pedersen-meng pikniiqaat.

entaqun	entaqun

pedersenmeng	+?

pikniiqaat	+?

------------------------


------------------------
Nekregutenkutlu tesamantaghtaqluteng entaqun anglegutmini tawani Aghtuqaayagmi esghaghaataghaqanka kaataghhneghata ilangani.

nekregutenkutlu	nekreg-~:(ng₁)u[to.be.N][N→V]-~:(u)te[condition.with.respect.to.V-ing][V→N]-~sf-w:(e)nkut[N.and.company.or.family][N→N][N][Abs][Unpd][Sg]-llu[Encl]
nekregutenkutlu	nekreg-~:(u)te[condition.with.respect.to.V-ing][V→N]-~sf-w:(e)nkut[N.and.company.or.family][N→N][N][Abs][Unpd][Sg]-llu[Encl]

tesamantaghtaqluteng	+?

entaqun	entaqun

anglegutmini	anglegute[N][Loc][4SgPoss][PlPosd]
anglegutmini	anglegute[N][Loc][4SgPoss][SgPosd]

tawani	tawani
tawani	tawani[N][Abs][Unpd][Sg]

aghtuqaayagmi	+?

esghaghaataghaqanka	+?

kaataghhneghata	+?

ilangani	ila[N][Loc][3SgPoss][SgPosd]
ilangani	ila[N][Loc][3SgPoss][PlPosd]
ilangani	ilangani
ilangani	ilangani[N][Abs][Unpd][Sg]

------------------------


------------------------
Ungipamsugwet tamaakut ilangi enraq alingyugwem, kiyang ighivgaghmi ungipamsugullghiineng.

ungipamsugwet	+?

tamaakut	tamaa[V][Trns][Opt][PRS][2Sg][1Pl]
tamaakut	tamaa[V][Trns][Intrg][2Pl][1Pl]

ilangi	ila[N][Abs][3SgPoss][PlPosd]

enraq	enraq

alingyugwem	+?

kiyang	kiyang

ighivgaghmi	+?

ungipamsugullghiineng	ungipagh[N][Loc][Unpd][Sg]-ete[to.be]-te[to.act.on.so.as.to.cause.to.V][V→V]-te[to.act.on.so.as.to.cause.to.V][V→V]-@₁~fyug[to.want.to.V][V→V]-~:(u)te[to.V.for.or.with][to.cause.to.V.as.one.is.V-ing][to.V.toward.each.other][V→V]-te[to.act.on.so.as.to.cause.to.V][V→V]-te[to.act.on.so.as.to.cause.to.V][V→V]-te[to.act.on.so.as.to.cause.to.V][V→V]-te[to.act.on.so.as.to.cause.to.V][V→V]-@₁–lghii[the.one.that.V-ed][the.one.that.is.V][V→N][N][Abl_Mod][Unpd][Pl]
ungipamsugullghiineng	ungipagh[N][Loc][Unpd][Sg]-ete[to.be]-te[to.act.on.so.as.to.cause.to.V][V→V]-te[to.act.on.so.as.to.cause.to.V][V→V]-@₁~fyug[to.want.to.V][V→V]-~:(u)te[to.V.for.or.with][to.cause.to.V.as.one.is.V-ing][to.V.toward.each.other][V→V]-te[to.act.on.so.as.to.cause.to.V][V→V]-te[to.act.on.so.as.to.cause.to.V][V→V]-te[to.act.on.so.as.to.cause.to.V][V→V]-@₁–lghii[the.one.that.V-ed][the.one.that.is.V][V→N][N][Abl_Mod][Unpd][Pl]
ungipamsugullghiineng	ungipagh[N][Loc][Unpd][Sg]-ete[to.be]-te[to.act.on.so.as.to.cause.to.V][V→V]-te[to.act.on.so.as.to.cause.to.V][V→V]-@₁~fyug[to.want.to.V][V→V]-~:(u)te[to.V.for.or.with][to.cause.to.V.as.one.is.V-ing][to.V.toward.each.other][V→V]-te[to.act.on.so.as.to.cause.to.V][V→V]-te[to.act.on.so.as.to.cause.to.V][V→V]-@₁–lghii[the.one.that.V-ed][the.one.that.is.V][V→N][N][Abl_Mod][Unpd][Pl]
ungipamsugullghiineng	ungipagh[N][Loc][Unpd][Sg]-ete[to.be]-te[to.act.on.so.as.to.cause.to.V][V→V]-te[to.act.on.so.as.to.cause.to.V][V→V]-@₁~fyug[to.want.to.V][V→V]-~:(u)te[to.V.for.or.with][to.cause.to.V.as.one.is.V-ing][to.V.toward.each.other][V→V]-te[to.act.on.so.as.to.cause.to.V][V→V]-@₁–lghii[the.one.that.V-ed][the.one.that.is.V][V→N][N][Abl_Mod][Unpd][Pl]
ungipamsugullghiineng	ungipagh[N][Loc][Unpd][Sg]-ete[to.be]-te[to.act.on.so.as.to.cause.to.V][V→V]-te[to.act.on.so.as.to.cause.to.V][V→V]-@₁~fyug[to.want.to.V][V→V]-~:(u)te[to.V.for.or.with][to.cause.to.V.as.one.is.V-ing][to.V.toward.each.other][V→V]-@₁–lghii[the.one.that.V-ed][the.one.that.is.V][V→N][N][Abl_Mod][Unpd][Pl]
ungipamsugullghiineng	ungipagh[N][Loc][Unpd][Sg]-ete[to.be]-te[to.act.on.so.as.to.cause.to.V][V→V]-te[to.act.on.so.as.to.cause.to.V][V→V]-@₁~fyug[to.want.to.V][V→V]-~:(u)te[condition.with.respect.to.V-ing][V→N]-te[to.catch.N][to.go.to.N][N→V]-te[to.act.on.so.as.to.cause.to.V][V→V]-te[to.act.on.so.as.to.cause.to.V][V→V]-te[to.act.on.so.as.to.cause.to.V][V→V]-@₁–lghii[the.one.that.V-ed][the.one.that.is.V][V→N][N][Abl_Mod][Unpd][Pl]
ungipamsugullghiineng	ungipagh[N][Loc][Unpd][Sg]-ete[to.be]-te[to.act.on.so.as.to.cause.to.V][V→V]-te[to.act.on.so.as.to.cause.to.V][V→V]-@₁~fyug[to.want.to.V][V→V]-~:(u)te[condition.with.respect.to.V-ing][V→N]-te[to.catch.N][to.go.to.N][N→V]-te[to.act.on.so.as.to.cause.to.V][V→V]-te[to.act.on.so.as.to.cause.to.V][V→V]-@₁–lghii[the.one.that.V-ed][the.one.that.is.V][V→N][N][Abl_Mod][Unpd][Pl]
ungipamsugullghiineng	ungipagh[N][Loc][Unpd][Sg]-ete[to.be]-te[to.act.on.so.as.to.cause.to.V][V→V]-te[to.act.on.so.as.to.cause.to.V][V→V]-@₁~fyug[to.want.to.V][V→V]-~:(u)te[condition.with.respect.to.V-ing][V→N]-te[to.catch.N][to.go.to.N][N→V]-te[to.act.on.so.as.to.cause.to.V][V→V]-@₁–lghii[the.one.that.V-ed][the.one.that.is.V][V→N][N][Abl_Mod][Unpd][Pl]
ungipamsugullghiineng	ungipagh[N][Loc][Unpd][Sg]-ete[to.be]-te[to.act.on.so.as.to.cause.to.V][V→V]-te[to.act.on.so.as.to.cause.to.V][V→V]-@₁~fyug[to.want.to.V][V→V]-~:(u)te[condition.with.respect.to.V-ing][V→N]-te[to.catch.N][to.go.to.N][N→V]-@₁–lghii[the.one.that.V-ed][the.one.that.is.V][V→N][N][Abl_Mod][Unpd][Pl]
ungipamsugullghiineng	ungipagh[N][Loc][Unpd][Sg]-ete[to.be]-te[to.act.on.so.as.to.cause.to.V][V→V]-te[to.act.on.so.as.to.cause.to.V][V→V]-@₁~fyug[to.want.to.V][V→V]-~:(u)te[SBJ.V-ed.something][V→V]-te[to.act.on.so.as.to.cause.to.V][V→V]-te[to.act.on.so.as.to.cause.to.V][V→V]-te[to.act.on.so.as.to.cause.to.V][V→V]-te[to.act.on.so.as.to.cause.to.V][V→V]-@₁–lghii[the.one.that.V-ed][the.one.that.is.V][V→N][N][Abl_Mod][Unpd][Pl]
ungipamsugullghiineng	ungipagh[N][Loc][Unpd][Sg]-ete[to.be]-te[to.act.on.so.as.to.cause.to.V][V→V]-te[to.act.on.so.as.to.cause.to.V][V→V]-@₁~fyug[to.want.to.V][V→V]-~:(u)te[SBJ.V-ed.something][V→V]-te[to.act.on.so.as.to.cause.to.V][V→V]-te[to.act.on.so.as.to.cause.to.V][V→V]-te[to.act.on.so.as.to.cause.to.V][V→V]-@₁–lghii[the.one.that.V-ed][the.one.that.is.V][V→N][N][Abl_Mod][Unpd][Pl]
ungipamsugullghiineng	ungipagh[N][Loc][Unpd][Sg]-ete[to.be]-te[to.act.on.so.as.to.cause.to.V][V→V]-te[to.act.on.so.as.to.cause.to.V][V→V]-@₁~fyug[to.want.to.V][V→V]-~:(u)te[SBJ.V-ed.something][V→V]-te[to.act.on.so.as.to.cause.to.V][V→V]-te[to.act.on.so.as.to.cause.to.V][V→V]-@₁–lghii[the.one.that.V-ed][the.one.that.is.V][V→N][N][Abl_Mod][Unpd][Pl]
ungipamsugullghiineng	ungipagh[N][Loc][Unpd][Sg]-ete[to.be]-te[to.act.on.so.as.to.cause.to.V][V→V]-te[to.act.on.so.as.to.cause.to.V][V→V]-@₁~fyug[to.want.to.V][V→V]-~:(u)te[SBJ.V-ed.something][V→V]-te[to.act.on.so.as.to.cause.to.V][V→V]-@₁–lghii[the.one.that.V-ed][the.one.that.is.V][V→N][N][Abl_Mod][Unpd][Pl]
ungipamsugullghiineng	ungipagh[N][Loc][Unpd][Sg]-ete[to.be]-te[to.act.on.so.as.to.cause.to.V][V→V]-te[to.act.on.so.as.to.cause.to.V][V→V]-@₁~fyug[to.want.to.V][V→V]-~:(u)te[SBJ.V-ed.something][V→V]-@₁–lghii[the.one.that.V-ed][the.one.that.is.V][V→N][N][Abl_Mod][Unpd][Pl]
ungipamsugullghiineng	ungipagh[N][Rel][4SgPoss][SgPosd]-ete[to.be]-te[to.act.on.so.as.to.cause.to.V][V→V]-te[to.act.on.so.as.to.cause.to.V][V→V]-@₁~fyug[to.want.to.V][V→V]-~:(u)te[to.V.for.or.with][to.cause.to.V.as.one.is.V-ing][to.V.toward.each.other][V→V]-te[to.act.on.so.as.to.cause.to.V][V→V]-te[to.act.on.so.as.to.cause.to.V][V→V]-te[to.act.on.so.as.to.cause.to.V][V→V]-te[to.act.on.so.as.to.cause.to.V][V→V]-@₁–lghii[the.one.that.V-ed][the.one.that.is.V][V→N][N][Abl_Mod][Unpd][Pl]
ungipamsugullghiineng	ungipagh[N][Rel][4SgPoss][SgPosd]-ete[to.be]-te[to.act.on.so.as.to.cause.to.V][V→V]-te[to.act.on.so.as.to.cause.to.V][V→V]-@₁~fyug[to.want.to.V][V→V]-~:(u)te[to.V.for.or.with][to.cause.to.V.as.one.is.V-ing][to.V.toward.each.other][V→V]-te[to.act.on.so.as.to.cause.to.V][V→V]-te[to.act.on.so.as.to.cause.to.V][V→V]-te[to.act.on.so.as.to.cause.to.V][V→V]-@₁–lghii[the.one.that.V-ed][the.one.that.is.V][V→N][N][Abl_Mod][Unpd][Pl]
ungipamsugullghiineng	ungipagh[N][Rel][4SgPoss][SgPosd]-ete[to.be]-te[to.act.on.so.as.to.cause.to.V][V→V]-te[to.act.on.so.as.to.cause.to.V][V→V]-@₁~fyug[to.want.to.V][V→V]-~:(u)te[to.V.for.or.with][to.cause.to.V.as.one.is.V-ing][to.V.toward.each.other][V→V]-te[to.act.on.so.as.to.cause.to.V][V→V]-te[to.act.on.so.as.to.cause.to.V][V→V]-@₁–lghii[the.one.that.V-ed][the.one.that.is.V][V→N][N][Abl_Mod][Unpd][Pl]
ungipamsugullghiineng	ungipagh[N][Rel][4SgPoss][SgPosd]-ete[to.be]-te[to.act.on.so.as.to.cause.to.V][V→V]-te[to.act.on.so.as.to.cause.to.V][V→V]-@₁~fyug[to.want.to.V][V→V]-~:(u)te[to.V.for.or.with][to.cause.to.V.as.one.is.V-ing][to.V.toward.each.other][V→V]-te[to.act.on.so.as.to.cause.to.V][V→V]-@₁–lghii[the.one.that.V-ed][the.one.that.is.V][V→N][N][Abl_Mod][Unpd][Pl]
ungipamsugullghiineng	ungipagh[N][Rel][4SgPoss][SgPosd]-ete[to.be]-te[to.act.on.so.as.to.cause.to.V][V→V]-te[to.act.on.so.as.to.cause.to.V][V→V]-@₁~fyug[to.want.to.V][V→V]-~:(u)te[to.V.for.or.with][to.cause.to.V.as.one.is.V-ing][to.V.toward.each.other][V→V]-@₁–lghii[the.one.that.V-ed][the.one.that.is.V][V→N][N][Abl_Mod][Unpd][Pl]
ungipamsugullghiineng	ungipagh[N][Rel][4SgPoss][SgPosd]-ete[to.be]-te[to.act.on.so.as.to.cause.to.V][V→V]-te[to.act.on.so.as.to.cause.to.V][V→V]-@₁~fyug[to.want.to.V][V→V]-~:(u)te[condition.with.respect.to.V-ing][V→N]-te[to.catch.N][to.go.to.N][N→V]-te[to.act.on.so.as.to.cause.to.V][V→V]-te[to.act.on.so.as.to.cause.to.V][V→V]-te[to.act.on.so.as.to.cause.to.V][V→V]-@₁–lghii[the.one.that.V-ed][the.one.that.is.V][V→N][N][Abl_Mod][Unpd][Pl]
ungipamsugullghiineng	ungipagh[N][Rel][4SgPoss][SgPosd]-ete[to.be]-te[to.act.on.so.as.to.cause.to.V][V→V]-te[to.act.on.so.as.to.cause.to.V][V→V]-@₁~fyug[to.want.to.V][V→V]-~:(u)te[condition.with.respect.to.V-ing][V→N]-te[to.catch.N][to.go.to.N][N→V]-te[to.act.on.so.as.to.cause.to.V][V→V]-te[to.act.on.so.as.to.cause.to.V][V→V]-@₁–lghii[the.one.that.V-ed][the.one.that.is.V][V→N][N][Abl_Mod][Unpd][Pl]
ungipamsugullghiineng	ungipagh[N][Rel][4SgPoss][SgPosd]-ete[to.be]-te[to.act.on.so.as.to.cause.to.V][V→V]-te[to.act.on.so.as.to.cause.to.V][V→V]-@₁~fyug[to.want.to.V][V→V]-~:(u)te[condition.with.respect.to.V-ing][V→N]-te[to.catch.N][to.go.to.N][N→V]-te[to.act.on.so.as.to.cause.to.V][V→V]-@₁–lghii[the.one.that.V-ed][the.one.that.is.V][V→N][N][Abl_Mod][Unpd][Pl]
ungipamsugullghiineng	ungipagh[N][Rel][4SgPoss][SgPosd]-ete[to.be]-te[to.act.on.so.as.to.cause.to.V][V→V]-te[to.act.on.so.as.to.cause.to.V][V→V]-@₁~fyug[to.want.to.V][V→V]-~:(u)te[condition.with.respect.to.V-ing][V→N]-te[to.catch.N][to.go.to.N][N→V]-@₁–lghii[the.one.that.V-ed][the.one.that.is.V][V→N][N][Abl_Mod][Unpd][Pl]
ungipamsugullghiineng	ungipagh[N][Rel][4SgPoss][SgPosd]-ete[to.be]-te[to.act.on.so.as.to.cause.to.V][V→V]-te[to.act.on.so.as.to.cause.to.V][V→V]-@₁~fyug[to.want.to.V][V→V]-~:(u)te[SBJ.V-ed.something][V→V]-te[to.act.on.so.as.to.cause.to.V][V→V]-te[to.act.on.so.as.to.cause.to.V][V→V]-te[to.act.on.so.as.to.cause.to.V][V→V]-te[to.act.on.so.as.to.cause.to.V][V→V]-@₁–lghii[the.one.that.V-ed][the.one.that.is.V][V→N][N][Abl_Mod][Unpd][Pl]
ungipamsugullghiineng	ungipagh[N][Rel][4SgPoss][SgPosd]-ete[to.be]-te[to.act.on.so.as.to.cause.to.V][V→V]-te[to.act.on.so.as.to.cause.to.V][V→V]-@₁~fyug[to.want.to.V][V→V]-~:(u)te[SBJ.V-ed.something][V→V]-te[to.act.on.so.as.to.cause.to.V][V→V]-te[to.act.on.so.as.to.cause.to.V][V→V]-te[to.act.on.so.as.to.cause.to.V][V→V]-@₁–lghii[the.one.that.V-ed][the.one.that.is.V][V→N][N][Abl_Mod][Unpd][Pl]
ungipamsugullghiineng	ungipagh[N][Rel][4SgPoss][SgPosd]-ete[to.be]-te[to.act.on.so.as.to.cause.to.V][V→V]-te[to.act.on.so.as.to.cause.to.V][V→V]-@₁~fyug[to.want.to.V][V→V]-~:(u)te[SBJ.V-ed.something][V→V]-te[to.act.on.so.as.to.cause.to.V][V→V]-te[to.act.on.so.as.to.cause.to.V][V→V]-@₁–lghii[the.one.that.V-ed][the.one.that.is.V][V→N][N][Abl_Mod][Unpd][Pl]
ungipamsugullghiineng	ungipagh[N][Rel][4SgPoss][SgPosd]-ete[to.be]-te[to.act.on.so.as.to.cause.to.V][V→V]-te[to.act.on.so.as.to.cause.to.V][V→V]-@₁~fyug[to.want.to.V][V→V]-~:(u)te[SBJ.V-ed.something][V→V]-te[to.act.on.so.as.to.cause.to.V][V→V]-@₁–lghii[the.one.that.V-ed][the.one.that.is.V][V→N][N][Abl_Mod][Unpd][Pl]
ungipamsugullghiineng	ungipagh[N][Rel][4SgPoss][SgPosd]-ete[to.be]-te[to.act.on.so.as.to.cause.to.V][V→V]-te[to.act.on.so.as.to.cause.to.V][V→V]-@₁~fyug[to.want.to.V][V→V]-~:(u)te[SBJ.V-ed.something][V→V]-@₁–lghii[the.one.that.V-ed][the.one.that.is.V][V→N][N][Abl_Mod][Unpd][Pl]
ungipamsugullghiineng	ungipagh[N][Rel][4SgPoss][PlPosd]-ete[to.be]-te[to.act.on.so.as.to.cause.to.V][V→V]-te[to.act.on.so.as.to.cause.to.V][V→V]-@₁~fyug[to.want.to.V][V→V]-~:(u)te[to.V.for.or.with][to.cause.to.V.as.one.is.V-ing][to.V.toward.each.other][V→V]-te[to.act.on.so.as.to.cause.to.V][V→V]-te[to.act.on.so.as.to.cause.to.V][V→V]-te[to.act.on.so.as.to.cause.to.V][V→V]-te[to.act.on.so.as.to.cause.to.V][V→V]-@₁–lghii[the.one.that.V-ed][the.one.that.is.V][V→N][N][Abl_Mod][Unpd][Pl]
ungipamsugullghiineng	ungipagh[N][Rel][4SgPoss][PlPosd]-ete[to.be]-te[to.act.on.so.as.to.cause.to.V][V→V]-te[to.act.on.so.as.to.cause.to.V][V→V]-@₁~fyug[to.want.to.V][V→V]-~:(u)te[to.V.for.or.with][to.cause.to.V.as.one.is.V-ing][to.V.toward.each.other][V→V]-te[to.act.on.so.as.to.cause.to.V][V→V]-te[to.act.on.so.as.to.cause.to.V][V→V]-te[to.act.on.so.as.to.cause.to.V][V→V]-@₁–lghii[the.one.that.V-ed][the.one.that.is.V][V→N][N][Abl_Mod][Unpd][Pl]
ungipamsugullghiineng	ungipagh[N][Rel][4SgPoss][PlPosd]-ete[to.be]-te[to.act.on.so.as.to.cause.to.V][V→V]-te[to.act.on.so.as.to.cause.to.V][V→V]-@₁~fyug[to.want.to.V][V→V]-~:(u)te[to.V.for.or.with][to.cause.to.V.as.one.is.V-ing][to.V.toward.each.other][V→V]-te[to.act.on.so.as.to.cause.to.V][V→V]-te[to.act.on.so.as.to.cause.to.V][V→V]-@₁–lghii[the.one.that.V-ed][the.one.that.is.V][V→N][N][Abl_Mod][Unpd][Pl]
ungipamsugullghiineng	ungipagh[N][Rel][4SgPoss][PlPosd]-ete[to.be]-te[to.act.on.so.as.to.cause.to.V][V→V]-te[to.act.on.so.as.to.cause.to.V][V→V]-@₁~fyug[to.want.to.V][V→V]-~:(u)te[to.V.for.or.with][to.cause.to.V.as.one.is.V-ing][to.V.toward.each.other][V→V]-te[to.act.on.so.as.to.cause.to.V][V→V]-@₁–lghii[the.one.that.V-ed][the.one.that.is.V][V→N][N][Abl_Mod][Unpd][Pl]
ungipamsugullghiineng	ungipagh[N][Rel][4SgPoss][PlPosd]-ete[to.be]-te[to.act.on.so.as.to.cause.to.V][V→V]-te[to.act.on.so.as.to.cause.to.V][V→V]-@₁~fyug[to.want.to.V][V→V]-~:(u)te[to.V.for.or.with][to.cause.to.V.as.one.is.V-ing][to.V.toward.each.other][V→V]-@₁–lghii[the.one.that.V-ed][the.one.that.is.V][V→N][N][Abl_Mod][Unpd][Pl]
ungipamsugullghiineng	ungipagh[N][Rel][4SgPoss][PlPosd]-ete[to.be]-te[to.act.on.so.as.to.cause.to.V][V→V]-te[to.act.on.so.as.to.cause.to.V][V→V]-@₁~fyug[to.want.to.V][V→V]-~:(u)te[condition.with.respect.to.V-ing][V→N]-te[to.catch.N][to.go.to.N][N→V]-te[to.act.on.so.as.to.cause.to.V][V→V]-te[to.act.on.so.as.to.cause.to.V][V→V]-te[to.act.on.so.as.to.cause.to.V][V→V]-@₁–lghii[the.one.that.V-ed][the.one.that.is.V][V→N][N][Abl_Mod][Unpd][Pl]
ungipamsugullghiineng	ungipagh[N][Rel][4SgPoss][PlPosd]-ete[to.be]-te[to.act.on.so.as.to.cause.to.V][V→V]-te[to.act.on.so.as.to.cause.to.V][V→V]-@₁~fyug[to.want.to.V][V→V]-~:(u)te[condition.with.respect.to.V-ing][V→N]-te[to.catch.N][to.go.to.N][N→V]-te[to.act.on.so.as.to.cause.to.V][V→V]-te[to.act.on.so.as.to.cause.to.V][V→V]-@₁–lghii[the.one.that.V-ed][the.one.that.is.V][V→N][N][Abl_Mod][Unpd][Pl]
ungipamsugullghiineng	ungipagh[N][Rel][4SgPoss][PlPosd]-ete[to.be]-te[to.act.on.so.as.to.cause.to.V][V→V]-te[to.act.on.so.as.to.cause.to.V][V→V]-@₁~fyug[to.want.to.V][V→V]-~:(u)te[condition.with.respect.to.V-ing][V→N]-te[to.catch.N][to.go.to.N][N→V]-te[to.act.on.so.as.to.cause.to.V][V→V]-@₁–lghii[the.one.that.V-ed][the.one.that.is.V][V→N][N][Abl_Mod][Unpd][Pl]
ungipamsugullghiineng	ungipagh[N][Rel][4SgPoss][PlPosd]-ete[to.be]-te[to.act.on.so.as.to.cause.to.V][V→V]-te[to.act.on.so.as.to.cause.to.V][V→V]-@₁~fyug[to.want.to.V][V→V]-~:(u)te[condition.with.respect.to.V-ing][V→N]-te[to.catch.N][to.go.to.N][N→V]-@₁–lghii[the.one.that.V-ed][the.one.that.is.V][V→N][N][Abl_Mod][Unpd][Pl]
ungipamsugullghiineng	ungipagh[N][Rel][4SgPoss][PlPosd]-ete[to.be]-te[to.act.on.so.as.to.cause.to.V][V→V]-te[to.act.on.so.as.to.cause.to.V][V→V]-@₁~fyug[to.want.to.V][V→V]-~:(u)te[SBJ.V-ed.something][V→V]-te[to.act.on.so.as.to.cause.to.V][V→V]-te[to.act.on.so.as.to.cause.to.V][V→V]-te[to.act.on.so.as.to.cause.to.V][V→V]-te[to.act.on.so.as.to.cause.to.V][V→V]-@₁–lghii[the.one.that.V-ed][the.one.that.is.V][V→N][N][Abl_Mod][Unpd][Pl]
ungipamsugullghiineng	ungipagh[N][Rel][4SgPoss][PlPosd]-ete[to.be]-te[to.act.on.so.as.to.cause.to.V][V→V]-te[to.act.on.so.as.to.cause.to.V][V→V]-@₁~fyug[to.want.to.V][V→V]-~:(u)te[SBJ.V-ed.something][V→V]-te[to.act.on.so.as.to.cause.to.V][V→V]-te[to.act.on.so.as.to.cause.to.V][V→V]-te[to.act.on.so.as.to.cause.to.V][V→V]-@₁–lghii[the.one.that.V-ed][the.one.that.is.V][V→N][N][Abl_Mod][Unpd][Pl]
ungipamsugullghiineng	ungipagh[N][Rel][4SgPoss][PlPosd]-ete[to.be]-te[to.act.on.so.as.to.cause.to.V][V→V]-te[to.act.on.so.as.to.cause.to.V][V→V]-@₁~fyug[to.want.to.V][V→V]-~:(u)te[SBJ.V-ed.something][V→V]-te[to.act.on.so.as.to.cause.to.V][V→V]-te[to.act.on.so.as.to.cause.to.V][V→V]-@₁–lghii[the.one.that.V-ed][the.one.that.is.V][V→N][N][Abl_Mod][Unpd][Pl]
ungipamsugullghiineng	ungipagh[N][Rel][4SgPoss][PlPosd]-ete[to.be]-te[to.act.on.so.as.to.cause.to.V][V→V]-te[to.act.on.so.as.to.cause.to.V][V→V]-@₁~fyug[to.want.to.V][V→V]-~:(u)te[SBJ.V-ed.something][V→V]-te[to.act.on.so.as.to.cause.to.V][V→V]-@₁–lghii[the.one.that.V-ed][the.one.that.is.V][V→N][N][Abl_Mod][Unpd][Pl]
ungipamsugullghiineng	ungipagh[N][Rel][4SgPoss][PlPosd]-ete[to.be]-te[to.act.on.so.as.to.cause.to.V][V→V]-te[to.act.on.so.as.to.cause.to.V][V→V]-@₁~fyug[to.want.to.V][V→V]-~:(u)te[SBJ.V-ed.something][V→V]-@₁–lghii[the.one.that.V-ed][the.one.that.is.V][V→N][N][Abl_Mod][Unpd][Pl]
ungipamsugullghiineng	ungipamsug-~:(ng₁)u[to.be.N][N→V]-te[to.act.on.so.as.to.cause.to.V][V→V]-te[to.act.on.so.as.to.cause.to.V][V→V]-@₁–lghii[the.one.that.V-ed][the.one.that.is.V][V→N][N][Abl_Mod][Unpd][Pl]
ungipamsugullghiineng	ungipamsug-~:(ng₁)u[to.be.N][N→V]-te[to.act.on.so.as.to.cause.to.V][V→V]-@₁–lghii[the.one.that.V-ed][the.one.that.is.V][V→N][N][Abl_Mod][Unpd][Pl]
ungipamsugullghiineng	ungipamsug-~:(ng₁)u[to.be.N][N→V]-~:(u)te[to.V.for.or.with][to.cause.to.V.as.one.is.V-ing][to.V.toward.each.other][V→V]-te[to.act.on.so.as.to.cause.to.V][V→V]-te[to.act.on.so.as.to.cause.to.V][V→V]-@₁–lghii[the.one.that.V-ed][the.one.that.is.V][V→N][N][Abl_Mod][Unpd][Pl]
ungipamsugullghiineng	ungipamsug-~:(ng₁)u[to.be.N][N→V]-~:(u)te[to.V.for.or.with][to.cause.to.V.as.one.is.V-ing][to.V.toward.each.other][V→V]-te[to.act.on.so.as.to.cause.to.V][V→V]-@₁–lghii[the.one.that.V-ed][the.one.that.is.V][V→N][N][Abl_Mod][Unpd][Pl]
ungipamsugullghiineng	ungipamsug-~:(ng₁)u[to.be.N][N→V]-~:(u)te[to.V.for.or.with][to.cause.to.V.as.one.is.V-ing][to.V.toward.each.other][V→V]-@₁–lghii[the.one.that.V-ed][the.one.that.is.V][V→N][N][Abl_Mod][Unpd][Pl]
ungipamsugullghiineng	ungipamsug-~:(ng₁)u[to.be.N][N→V]-~:(u)te[condition.with.respect.to.V-ing][V→N]-te[to.catch.N][to.go.to.N][N→V]-te[to.act.on.so.as.to.cause.to.V][V→V]-@₁–lghii[the.one.that.V-ed][the.one.that.is.V][V→N][N][Abl_Mod][Unpd][Pl]
ungipamsugullghiineng	ungipamsug-~:(ng₁)u[to.be.N][N→V]-~:(u)te[condition.with.respect.to.V-ing][V→N]-te[to.catch.N][to.go.to.N][N→V]-@₁–lghii[the.one.that.V-ed][the.one.that.is.V][V→N][N][Abl_Mod][Unpd][Pl]
ungipamsugullghiineng	ungipamsug-~:(ng₁)u[to.be.N][N→V]-~:(u)te[SBJ.V-ed.something][V→V]-te[to.act.on.so.as.to.cause.to.V][V→V]-te[to.act.on.so.as.to.cause.to.V][V→V]-@₁–lghii[the.one.that.V-ed][the.one.that.is.V][V→N][N][Abl_Mod][Unpd][Pl]
ungipamsugullghiineng	ungipamsug-~:(ng₁)u[to.be.N][N→V]-~:(u)te[SBJ.V-ed.something][V→V]-te[to.act.on.so.as.to.cause.to.V][V→V]-@₁–lghii[the.one.that.V-ed][the.one.that.is.V][V→N][N][Abl_Mod][Unpd][Pl]
ungipamsugullghiineng	ungipamsug-~:(ng₁)u[to.be.N][N→V]-~:(u)te[SBJ.V-ed.something][V→V]-@₁–lghii[the.one.that.V-ed][the.one.that.is.V][V→N][N][Abl_Mod][Unpd][Pl]
ungipamsugullghiineng	ungipamsug-~:(u)te[to.V.for.or.with][to.cause.to.V.as.one.is.V-ing][to.V.toward.each.other][V→V]-te[to.act.on.so.as.to.cause.to.V][V→V]-@₁–lghii[the.one.that.V-ed][the.one.that.is.V][V→N][N][Abl_Mod][Unpd][Pl]
ungipamsugullghiineng	ungipamsug-~:(u)te[to.V.for.or.with][to.cause.to.V.as.one.is.V-ing][to.V.toward.each.other][V→V]-@₁–lghii[the.one.that.V-ed][the.one.that.is.V][V→N][N][Abl_Mod][Unpd][Pl]
ungipamsugullghiineng	ungipamsug-~:(u)te[condition.with.respect.to.V-ing][V→N]-te[to.catch.N][to.go.to.N][N→V]-@₁–lghii[the.one.that.V-ed][the.one.that.is.V][V→N][N][Abl_Mod][Unpd][Pl]
ungipamsugullghiineng	ungipamsug-~:(u)te[SBJ.V-ed.something][V→V]-te[to.act.on.so.as.to.cause.to.V][V→V]-@₁–lghii[the.one.that.V-ed][the.one.that.is.V][V→N][N][Abl_Mod][Unpd][Pl]
ungipamsugullghiineng	ungipamsug-~:(u)te[SBJ.V-ed.something][V→V]-@₁–lghii[the.one.that.V-ed][the.one.that.is.V][V→N][N][Abl_Mod][Unpd][Pl]
ungipamsugullghiineng	Ungipagh[N][Loc][Unpd][Sg]-ete[to.be]-te[to.act.on.so.as.to.cause.to.V][V→V]-te[to.act.on.so.as.to.cause.to.V][V→V]-@₁~fyug[to.want.to.V][V→V]-~:(u)te[to.V.for.or.with][to.cause.to.V.as.one.is.V-ing][to.V.toward.each.other][V→V]-te[to.act.on.so.as.to.cause.to.V][V→V]-te[to.act.on.so.as.to.cause.to.V][V→V]-te[to.act.on.so.as.to.cause.to.V][V→V]-te[to.act.on.so.as.to.cause.to.V][V→V]-@₁–lghii[the.one.that.V-ed][the.one.that.is.V][V→N][N][Abl_Mod][Unpd][Pl]
ungipamsugullghiineng	Ungipagh[N][Loc][Unpd][Sg]-ete[to.be]-te[to.act.on.so.as.to.cause.to.V][V→V]-te[to.act.on.so.as.to.cause.to.V][V→V]-@₁~fyug[to.want.to.V][V→V]-~:(u)te[to.V.for.or.with][to.cause.to.V.as.one.is.V-ing][to.V.toward.each.other][V→V]-te[to.act.on.so.as.to.cause.to.V][V→V]-te[to.act.on.so.as.to.cause.to.V][V→V]-te[to.act.on.so.as.to.cause.to.V][V→V]-@₁–lghii[the.one.that.V-ed][the.one.that.is.V][V→N][N][Abl_Mod][Unpd][Pl]
ungipamsugullghiineng	Ungipagh[N][Loc][Unpd][Sg]-ete[to.be]-te[to.act.on.so.as.to.cause.to.V][V→V]-te[to.act.on.so.as.to.cause.to.V][V→V]-@₁~fyug[to.want.to.V][V→V]-~:(u)te[to.V.for.or.with][to.cause.to.V.as.one.is.V-ing][to.V.toward.each.other][V→V]-te[to.act.on.so.as.to.cause.to.V][V→V]-te[to.act.on.so.as.to.cause.to.V][V→V]-@₁–lghii[the.one.that.V-ed][the.one.that.is.V][V→N][N][Abl_Mod][Unpd][Pl]
ungipamsugullghiineng	Ungipagh[N][Loc][Unpd][Sg]-ete[to.be]-te[to.act.on.so.as.to.cause.to.V][V→V]-te[to.act.on.so.as.to.cause.to.V][V→V]-@₁~fyug[to.want.to.V][V→V]-~:(u)te[to.V.for.or.with][to.cause.to.V.as.one.is.V-ing][to.V.toward.each.other][V→V]-te[to.act.on.so.as.to.cause.to.V][V→V]-@₁–lghii[the.one.that.V-ed][the.one.that.is.V][V→N][N][Abl_Mod][Unpd][Pl]
ungipamsugullghiineng	Ungipagh[N][Loc][Unpd][Sg]-ete[to.be]-te[to.act.on.so.as.to.cause.to.V][V→V]-te[to.act.on.so.as.to.cause.to.V][V→V]-@₁~fyug[to.want.to.V][V→V]-~:(u)te[to.V.for.or.with][to.cause.to.V.as.one.is.V-ing][to.V.toward.each.other][V→V]-@₁–lghii[the.one.that.V-ed][the.one.that.is.V][V→N][N][Abl_Mod][Unpd][Pl]
ungipamsugullghiineng	Ungipagh[N][Loc][Unpd][Sg]-ete[to.be]-te[to.act.on.so.as.to.cause.to.V][V→V]-te[to.act.on.so.as.to.cause.to.V][V→V]-@₁~fyug[to.want.to.V][V→V]-~:(u)te[condition.with.respect.to.V-ing][V→N]-te[to.catch.N][to.go.to.N][N→V]-te[to.act.on.so.as.to.cause.to.V][V→V]-te[to.act.on.so.as.to.cause.to.V][V→V]-te[to.act.on.so.as.to.cause.to.V][V→V]-@₁–lghii[the.one.that.V-ed][the.one.that.is.V][V→N][N][Abl_Mod][Unpd][Pl]
ungipamsugullghiineng	Ungipagh[N][Loc][Unpd][Sg]-ete[to.be]-te[to.act.on.so.as.to.cause.to.V][V→V]-te[to.act.on.so.as.to.cause.to.V][V→V]-@₁~fyug[to.want.to.V][V→V]-~:(u)te[condition.with.respect.to.V-ing][V→N]-te[to.catch.N][to.go.to.N][N→V]-te[to.act.on.so.as.to.cause.to.V][V→V]-te[to.act.on.so.as.to.cause.to.V][V→V]-@₁–lghii[the.one.that.V-ed][the.one.that.is.V][V→N][N][Abl_Mod][Unpd][Pl]
ungipamsugullghiineng	Ungipagh[N][Loc][Unpd][Sg]-ete[to.be]-te[to.act.on.so.as.to.cause.to.V][V→V]-te[to.act.on.so.as.to.cause.to.V][V→V]-@₁~fyug[to.want.to.V][V→V]-~:(u)te[condition.with.respect.to.V-ing][V→N]-te[to.catch.N][to.go.to.N][N→V]-te[to.act.on.so.as.to.cause.to.V][V→V]-@₁–lghii[the.one.that.V-ed][the.one.that.is.V][V→N][N][Abl_Mod][Unpd][Pl]
ungipamsugullghiineng	Ungipagh[N][Loc][Unpd][Sg]-ete[to.be]-te[to.act.on.so.as.to.cause.to.V][V→V]-te[to.act.on.so.as.to.cause.to.V][V→V]-@₁~fyug[to.want.to.V][V→V]-~:(u)te[condition.with.respect.to.V-ing][V→N]-te[to.catch.N][to.go.to.N][N→V]-@₁–lghii[the.one.that.V-ed][the.one.that.is.V][V→N][N][Abl_Mod][Unpd][Pl]
ungipamsugullghiineng	Ungipagh[N][Loc][Unpd][Sg]-ete[to.be]-te[to.act.on.so.as.to.cause.to.V][V→V]-te[to.act.on.so.as.to.cause.to.V][V→V]-@₁~fyug[to.want.to.V][V→V]-~:(u)te[SBJ.V-ed.something][V→V]-te[to.act.on.so.as.to.cause.to.V][V→V]-te[to.act.on.so.as.to.cause.to.V][V→V]-te[to.act.on.so.as.to.cause.to.V][V→V]-te[to.act.on.so.as.to.cause.to.V][V→V]-@₁–lghii[the.one.that.V-ed][the.one.that.is.V][V→N][N][Abl_Mod][Unpd][Pl]
ungipamsugullghiineng	Ungipagh[N][Loc][Unpd][Sg]-ete[to.be]-te[to.act.on.so.as.to.cause.to.V][V→V]-te[to.act.on.so.as.to.cause.to.V][V→V]-@₁~fyug[to.want.to.V][V→V]-~:(u)te[SBJ.V-ed.something][V→V]-te[to.act.on.so.as.to.cause.to.V][V→V]-te[to.act.on.so.as.to.cause.to.V][V→V]-te[to.act.on.so.as.to.cause.to.V][V→V]-@₁–lghii[the.one.that.V-ed][the.one.that.is.V][V→N][N][Abl_Mod][Unpd][Pl]
ungipamsugullghiineng	Ungipagh[N][Loc][Unpd][Sg]-ete[to.be]-te[to.act.on.so.as.to.cause.to.V][V→V]-te[to.act.on.so.as.to.cause.to.V][V→V]-@₁~fyug[to.want.to.V][V→V]-~:(u)te[SBJ.V-ed.something][V→V]-te[to.act.on.so.as.to.cause.to.V][V→V]-te[to.act.on.so.as.to.cause.to.V][V→V]-@₁–lghii[the.one.that.V-ed][the.one.that.is.V][V→N][N][Abl_Mod][Unpd][Pl]
ungipamsugullghiineng	Ungipagh[N][Loc][Unpd][Sg]-ete[to.be]-te[to.act.on.so.as.to.cause.to.V][V→V]-te[to.act.on.so.as.to.cause.to.V][V→V]-@₁~fyug[to.want.to.V][V→V]-~:(u)te[SBJ.V-ed.something][V→V]-te[to.act.on.so.as.to.cause.to.V][V→V]-@₁–lghii[the.one.that.V-ed][the.one.that.is.V][V→N][N][Abl_Mod][Unpd][Pl]
ungipamsugullghiineng	Ungipagh[N][Loc][Unpd][Sg]-ete[to.be]-te[to.act.on.so.as.to.cause.to.V][V→V]-te[to.act.on.so.as.to.cause.to.V][V→V]-@₁~fyug[to.want.to.V][V→V]-~:(u)te[SBJ.V-ed.something][V→V]-@₁–lghii[the.one.that.V-ed][the.one.that.is.V][V→N][N][Abl_Mod][Unpd][Pl]
ungipamsugullghiineng	Ungipagh[N][Rel][4SgPoss][SgPosd]-ete[to.be]-te[to.act.on.so.as.to.cause.to.V][V→V]-te[to.act.on.so.as.to.cause.to.V][V→V]-@₁~fyug[to.want.to.V][V→V]-~:(u)te[to.V.for.or.with][to.cause.to.V.as.one.is.V-ing][to.V.toward.each.other][V→V]-te[to.act.on.so.as.to.cause.to.V][V→V]-te[to.act.on.so.as.to.cause.to.V][V→V]-te[to.act.on.so.as.to.cause.to.V][V→V]-te[to.act.on.so.as.to.cause.to.V][V→V]-@₁–lghii[the.one.that.V-ed][the.one.that.is.V][V→N][N][Abl_Mod][Unpd][Pl]
ungipamsugullghiineng	Ungipagh[N][Rel][4SgPoss][SgPosd]-ete[to.be]-te[to.act.on.so.as.to.cause.to.V][V→V]-te[to.act.on.so.as.to.cause.to.V][V→V]-@₁~fyug[to.want.to.V][V→V]-~:(u)te[to.V.for.or.with][to.cause.to.V.as.one.is.V-ing][to.V.toward.each.other][V→V]-te[to.act.on.so.as.to.cause.to.V][V→V]-te[to.act.on.so.as.to.cause.to.V][V→V]-te[to.act.on.so.as.to.cause.to.V][V→V]-@₁–lghii[the.one.that.V-ed][the.one.that.is.V][V→N][N][Abl_Mod][Unpd][Pl]
ungipamsugullghiineng	Ungipagh[N][Rel][4SgPoss][SgPosd]-ete[to.be]-te[to.act.on.so.as.to.cause.to.V][V→V]-te[to.act.on.so.as.to.cause.to.V][V→V]-@₁~fyug[to.want.to.V][V→V]-~:(u)te[to.V.for.or.with][to.cause.to.V.as.one.is.V-ing][to.V.toward.each.other][V→V]-te[to.act.on.so.as.to.cause.to.V][V→V]-te[to.act.on.so.as.to.cause.to.V][V→V]-@₁–lghii[the.one.that.V-ed][the.one.that.is.V][V→N][N][Abl_Mod][Unpd][Pl]
ungipamsugullghiineng	Ungipagh[N][Rel][4SgPoss][SgPosd]-ete[to.be]-te[to.act.on.so.as.to.cause.to.V][V→V]-te[to.act.on.so.as.to.cause.to.V][V→V]-@₁~fyug[to.want.to.V][V→V]-~:(u)te[to.V.for.or.with][to.cause.to.V.as.one.is.V-ing][to.V.toward.each.other][V→V]-te[to.act.on.so.as.to.cause.to.V][V→V]-@₁–lghii[the.one.that.V-ed][the.one.that.is.V][V→N][N][Abl_Mod][Unpd][Pl]
ungipamsugullghiineng	Ungipagh[N][Rel][4SgPoss][SgPosd]-ete[to.be]-te[to.act.on.so.as.to.cause.to.V][V→V]-te[to.act.on.so.as.to.cause.to.V][V→V]-@₁~fyug[to.want.to.V][V→V]-~:(u)te[to.V.for.or.with][to.cause.to.V.as.one.is.V-ing][to.V.toward.each.other][V→V]-@₁–lghii[the.one.that.V-ed][the.one.that.is.V][V→N][N][Abl_Mod][Unpd][Pl]
ungipamsugullghiineng	Ungipagh[N][Rel][4SgPoss][SgPosd]-ete[to.be]-te[to.act.on.so.as.to.cause.to.V][V→V]-te[to.act.on.so.as.to.cause.to.V][V→V]-@₁~fyug[to.want.to.V][V→V]-~:(u)te[condition.with.respect.to.V-ing][V→N]-te[to.catch.N][to.go.to.N][N→V]-te[to.act.on.so.as.to.cause.to.V][V→V]-te[to.act.on.so.as.to.cause.to.V][V→V]-te[to.act.on.so.as.to.cause.to.V][V→V]-@₁–lghii[the.one.that.V-ed][the.one.that.is.V][V→N][N][Abl_Mod][Unpd][Pl]
ungipamsugullghiineng	Ungipagh[N][Rel][4SgPoss][SgPosd]-ete[to.be]-te[to.act.on.so.as.to.cause.to.V][V→V]-te[to.act.on.so.as.to.cause.to.V][V→V]-@₁~fyug[to.want.to.V][V→V]-~:(u)te[condition.with.respect.to.V-ing][V→N]-te[to.catch.N][to.go.to.N][N→V]-te[to.act.on.so.as.to.cause.to.V][V→V]-te[to.act.on.so.as.to.cause.to.V][V→V]-@₁–lghii[the.one.that.V-ed][the.one.that.is.V][V→N][N][Abl_Mod][Unpd][Pl]
ungipamsugullghiineng	Ungipagh[N][Rel][4SgPoss][SgPosd]-ete[to.be]-te[to.act.on.so.as.to.cause.to.V][V→V]-te[to.act.on.so.as.to.cause.to.V][V→V]-@₁~fyug[to.want.to.V][V→V]-~:(u)te[condition.with.respect.to.V-ing][V→N]-te[to.catch.N][to.go.to.N][N→V]-te[to.act.on.so.as.to.cause.to.V][V→V]-@₁–lghii[the.one.that.V-ed][the.one.that.is.V][V→N][N][Abl_Mod][Unpd][Pl]
ungipamsugullghiineng	Ungipagh[N][Rel][4SgPoss][SgPosd]-ete[to.be]-te[to.act.on.so.as.to.cause.to.V][V→V]-te[to.act.on.so.as.to.cause.to.V][V→V]-@₁~fyug[to.want.to.V][V→V]-~:(u)te[condition.with.respect.to.V-ing][V→N]-te[to.catch.N][to.go.to.N][N→V]-@₁–lghii[the.one.that.V-ed][the.one.that.is.V][V→N][N][Abl_Mod][Unpd][Pl]
ungipamsugullghiineng	Ungipagh[N][Rel][4SgPoss][SgPosd]-ete[to.be]-te[to.act.on.so.as.to.cause.to.V][V→V]-te[to.act.on.so.as.to.cause.to.V][V→V]-@₁~fyug[to.want.to.V][V→V]-~:(u)te[SBJ.V-ed.something][V→V]-te[to.act.on.so.as.to.cause.to.V][V→V]-te[to.act.on.so.as.to.cause.to.V][V→V]-te[to.act.on.so.as.to.cause.to.V][V→V]-te[to.act.on.so.as.to.cause.to.V][V→V]-@₁–lghii[the.one.that.V-ed][the.one.that.is.V][V→N][N][Abl_Mod][Unpd][Pl]
ungipamsugullghiineng	Ungipagh[N][Rel][4SgPoss][SgPosd]-ete[to.be]-te[to.act.on.so.as.to.cause.to.V][V→V]-te[to.act.on.so.as.to.cause.to.V][V→V]-@₁~fyug[to.want.to.V][V→V]-~:(u)te[SBJ.V-ed.something][V→V]-te[to.act.on.so.as.to.cause.to.V][V→V]-te[to.act.on.so.as.to.cause.to.V][V→V]-te[to.act.on.so.as.to.cause.to.V][V→V]-@₁–lghii[the.one.that.V-ed][the.one.that.is.V][V→N][N][Abl_Mod][Unpd][Pl]
ungipamsugullghiineng	Ungipagh[N][Rel][4SgPoss][SgPosd]-ete[to.be]-te[to.act.on.so.as.to.cause.to.V][V→V]-te[to.act.on.so.as.to.cause.to.V][V→V]-@₁~fyug[to.want.to.V][V→V]-~:(u)te[SBJ.V-ed.something][V→V]-te[to.act.on.so.as.to.cause.to.V][V→V]-te[to.act.on.so.as.to.cause.to.V][V→V]-@₁–lghii[the.one.that.V-ed][the.one.that.is.V][V→N][N][Abl_Mod][Unpd][Pl]
ungipamsugullghiineng	Ungipagh[N][Rel][4SgPoss][SgPosd]-ete[to.be]-te[to.act.on.so.as.to.cause.to.V][V→V]-te[to.act.on.so.as.to.cause.to.V][V→V]-@₁~fyug[to.want.to.V][V→V]-~:(u)te[SBJ.V-ed.something][V→V]-te[to.act.on.so.as.to.cause.to.V][V→V]-@₁–lghii[the.one.that.V-ed][the.one.that.is.V][V→N][N][Abl_Mod][Unpd][Pl]
ungipamsugullghiineng	Ungipagh[N][Rel][4SgPoss][SgPosd]-ete[to.be]-te[to.act.on.so.as.to.cause.to.V][V→V]-te[to.act.on.so.as.to.cause.to.V][V→V]-@₁~fyug[to.want.to.V][V→V]-~:(u)te[SBJ.V-ed.something][V→V]-@₁–lghii[the.one.that.V-ed][the.one.that.is.V][V→N][N][Abl_Mod][Unpd][Pl]
ungipamsugullghiineng	Ungipagh[N][Rel][4SgPoss][PlPosd]-ete[to.be]-te[to.act.on.so.as.to.cause.to.V][V→V]-te[to.act.on.so.as.to.cause.to.V][V→V]-@₁~fyug[to.want.to.V][V→V]-~:(u)te[to.V.for.or.with][to.cause.to.V.as.one.is.V-ing][to.V.toward.each.other][V→V]-te[to.act.on.so.as.to.cause.to.V][V→V]-te[to.act.on.so.as.to.cause.to.V][V→V]-te[to.act.on.so.as.to.cause.to.V][V→V]-te[to.act.on.so.as.to.cause.to.V][V→V]-@₁–lghii[the.one.that.V-ed][the.one.that.is.V][V→N][N][Abl_Mod][Unpd][Pl]
ungipamsugullghiineng	Ungipagh[N][Rel][4SgPoss][PlPosd]-ete[to.be]-te[to.act.on.so.as.to.cause.to.V][V→V]-te[to.act.on.so.as.to.cause.to.V][V→V]-@₁~fyug[to.want.to.V][V→V]-~:(u)te[to.V.for.or.with][to.cause.to.V.as.one.is.V-ing][to.V.toward.each.other][V→V]-te[to.act.on.so.as.to.cause.to.V][V→V]-te[to.act.on.so.as.to.cause.to.V][V→V]-te[to.act.on.so.as.to.cause.to.V][V→V]-@₁–lghii[the.one.that.V-ed][the.one.that.is.V][V→N][N][Abl_Mod][Unpd][Pl]
ungipamsugullghiineng	Ungipagh[N][Rel][4SgPoss][PlPosd]-ete[to.be]-te[to.act.on.so.as.to.cause.to.V][V→V]-te[to.act.on.so.as.to.cause.to.V][V→V]-@₁~fyug[to.want.to.V][V→V]-~:(u)te[to.V.for.or.with][to.cause.to.V.as.one.is.V-ing][to.V.toward.each.other][V→V]-te[to.act.on.so.as.to.cause.to.V][V→V]-te[to.act.on.so.as.to.cause.to.V][V→V]-@₁–lghii[the.one.that.V-ed][the.one.that.is.V][V→N][N][Abl_Mod][Unpd][Pl]
ungipamsugullghiineng	Ungipagh[N][Rel][4SgPoss][PlPosd]-ete[to.be]-te[to.act.on.so.as.to.cause.to.V][V→V]-te[to.act.on.so.as.to.cause.to.V][V→V]-@₁~fyug[to.want.to.V][V→V]-~:(u)te[to.V.for.or.with][to.cause.to.V.as.one.is.V-ing][to.V.toward.each.other][V→V]-te[to.act.on.so.as.to.cause.to.V][V→V]-@₁–lghii[the.one.that.V-ed][the.one.that.is.V][V→N][N][Abl_Mod][Unpd][Pl]
ungipamsugullghiineng	Ungipagh[N][Rel][4SgPoss][PlPosd]-ete[to.be]-te[to.act.on.so.as.to.cause.to.V][V→V]-te[to.act.on.so.as.to.cause.to.V][V→V]-@₁~fyug[to.want.to.V][V→V]-~:(u)te[to.V.for.or.with][to.cause.to.V.as.one.is.V-ing][to.V.toward.each.other][V→V]-@₁–lghii[the.one.that.V-ed][the.one.that.is.V][V→N][N][Abl_Mod][Unpd][Pl]
ungipamsugullghiineng	Ungipagh[N][Rel][4SgPoss][PlPosd]-ete[to.be]-te[to.act.on.so.as.to.cause.to.V][V→V]-te[to.act.on.so.as.to.cause.to.V][V→V]-@₁~fyug[to.want.to.V][V→V]-~:(u)te[condition.with.respect.to.V-ing][V→N]-te[to.catch.N][to.go.to.N][N→V]-te[to.act.on.so.as.to.cause.to.V][V→V]-te[to.act.on.so.as.to.cause.to.V][V→V]-te[to.act.on.so.as.to.cause.to.V][V→V]-@₁–lghii[the.one.that.V-ed][the.one.that.is.V][V→N][N][Abl_Mod][Unpd][Pl]
ungipamsugullghiineng	Ungipagh[N][Rel][4SgPoss][PlPosd]-ete[to.be]-te[to.act.on.so.as.to.cause.to.V][V→V]-te[to.act.on.so.as.to.cause.to.V][V→V]-@₁~fyug[to.want.to.V][V→V]-~:(u)te[condition.with.respect.to.V-ing][V→N]-te[to.catch.N][to.go.to.N][N→V]-te[to.act.on.so.as.to.cause.to.V][V→V]-te[to.act.on.so.as.to.cause.to.V][V→V]-@₁–lghii[the.one.that.V-ed][the.one.that.is.V][V→N][N][Abl_Mod][Unpd][Pl]
ungipamsugullghiineng	Ungipagh[N][Rel][4SgPoss][PlPosd]-ete[to.be]-te[to.act.on.so.as.to.cause.to.V][V→V]-te[to.act.on.so.as.to.cause.to.V][V→V]-@₁~fyug[to.want.to.V][V→V]-~:(u)te[condition.with.respect.to.V-ing][V→N]-te[to.catch.N][to.go.to.N][N→V]-te[to.act.on.so.as.to.cause.to.V][V→V]-@₁–lghii[the.one.that.V-ed][the.one.that.is.V][V→N][N][Abl_Mod][Unpd][Pl]
ungipamsugullghiineng	Ungipagh[N][Rel][4SgPoss][PlPosd]-ete[to.be]-te[to.act.on.so.as.to.cause.to.V][V→V]-te[to.act.on.so.as.to.cause.to.V][V→V]-@₁~fyug[to.want.to.V][V→V]-~:(u)te[condition.with.respect.to.V-ing][V→N]-te[to.catch.N][to.go.to.N][N→V]-@₁–lghii[the.one.that.V-ed][the.one.that.is.V][V→N][N][Abl_Mod][Unpd][Pl]
ungipamsugullghiineng	Ungipagh[N][Rel][4SgPoss][PlPosd]-ete[to.be]-te[to.act.on.so.as.to.cause.to.V][V→V]-te[to.act.on.so.as.to.cause.to.V][V→V]-@₁~fyug[to.want.to.V][V→V]-~:(u)te[SBJ.V-ed.something][V→V]-te[to.act.on.so.as.to.cause.to.V][V→V]-te[to.act.on.so.as.to.cause.to.V][V→V]-te[to.act.on.so.as.to.cause.to.V][V→V]-te[to.act.on.so.as.to.cause.to.V][V→V]-@₁–lghii[the.one.that.V-ed][the.one.that.is.V][V→N][N][Abl_Mod][Unpd][Pl]
ungipamsugullghiineng	Ungipagh[N][Rel][4SgPoss][PlPosd]-ete[to.be]-te[to.act.on.so.as.to.cause.to.V][V→V]-te[to.act.on.so.as.to.cause.to.V][V→V]-@₁~fyug[to.want.to.V][V→V]-~:(u)te[SBJ.V-ed.something][V→V]-te[to.act.on.so.as.to.cause.to.V][V→V]-te[to.act.on.so.as.to.cause.to.V][V→V]-te[to.act.on.so.as.to.cause.to.V][V→V]-@₁–lghii[the.one.that.V-ed][the.one.that.is.V][V→N][N][Abl_Mod][Unpd][Pl]
ungipamsugullghiineng	Ungipagh[N][Rel][4SgPoss][PlPosd]-ete[to.be]-te[to.act.on.so.as.to.cause.to.V][V→V]-te[to.act.on.so.as.to.cause.to.V][V→V]-@₁~fyug[to.want.to.V][V→V]-~:(u)te[SBJ.V-ed.something][V→V]-te[to.act.on.so.as.to.cause.to.V][V→V]-te[to.act.on.so.as.to.cause.to.V][V→V]-@₁–lghii[the.one.that.V-ed][the.one.that.is.V][V→N][N][Abl_Mod][Unpd][Pl]
ungipamsugullghiineng	Ungipagh[N][Rel][4SgPoss][PlPosd]-ete[to.be]-te[to.act.on.so.as.to.cause.to.V][V→V]-te[to.act.on.so.as.to.cause.to.V][V→V]-@₁~fyug[to.want.to.V][V→V]-~:(u)te[SBJ.V-ed.something][V→V]-te[to.act.on.so.as.to.cause.to.V][V→V]-@₁–lghii[the.one.that.V-ed][the.one.that.is.V][V→N][N][Abl_Mod][Unpd][Pl]
ungipamsugullghiineng	Ungipagh[N][Rel][4SgPoss][PlPosd]-ete[to.be]-te[to.act.on.so.as.to.cause.to.V][V→V]-te[to.act.on.so.as.to.cause.to.V][V→V]-@₁~fyug[to.want.to.V][V→V]-~:(u)te[SBJ.V-ed.something][V→V]-@₁–lghii[the.one.that.V-ed][the.one.that.is.V][V→N][N][Abl_Mod][Unpd][Pl]

------------------------
Ipangughtesugnighqwaanghata alingyagunnemki ilangi, naaki qavaghnaqragkiighem.

ipangughtesugnighqwaanghata	+?

alingyagunnemki	+?

ilangi	ila[N][Abs][3SgPoss][PlPosd]

naaki	na[V][Trns][Intrg][3Sg][3Pl]
naaki	naa-~–ke[to.have.as.one's.N(s)][N→V]-~i[SBJ.V-ed.something][V→V][V][Intr][Opt][PRS][2Sg]
naaki	naa-~–ke[to.have.as.one's.N(s)][N→V][V][Intr][Opt][PRS][2Sg]

qavaghnaqragkiighem	+?

------------------------
Qevuullunga qemall ilangani qivghukaqlluki.

qevuullunga	qevuute[V][Intr][Sbrd][1Sg]
qevuullunga	qevuute[V][Trns][Sbrd][_][1Sg]

qemall	qemall

ilangani	ila[N][Loc][3SgPoss][SgPosd]
ilangani	ila[N][Loc][3SgPoss][PlPosd]
ilangani	ilangani
ilangani	ilangani[N][Abs][Unpd][Sg]

qivghukaqlluki	+?

------------------------
Sanganlli nagatngwaaghnanighsinga.

sanganlli	+?

nagatngwaaghnanighsinga	+?

------------------------
Puygumaanka ungipamsugwet sangwaat nagateghllagluki.

puygumaanka	puygu-@₁~:(i/u)ma[to.have.V-ed][to.have.been.V-ed][V→V][V][Trns][Ind][1Sg][3Pl]

ungipamsugwet	+?

sangwaat	sa-~:(ng₁)u[to.be.N][N→V][V][Intr][Intrg][3Pl]
sangwaat	sangwaa[N][Abs][Unpd][Pl]
sangwaat	sangwaa[N][Rel][Unpd][Pl]

nagateghllagluki	+?

------------------------
Qemall whaa neqangughlleqanka.

qemall	qemall

whaa	whaa
whaa	whaa[N][Abs][Unpd][Sg]

neqangughlleqanka	neqangugh-te[to.act.on.so.as.to.cause.to.V][V→V]-@₁lleqe[will.V][V→V][V][Trns][Ind][1Sg][3Pl]
neqangughlleqanka	neqangugh-@₁lleqe[will.V][V→V][V][Trns][Ind][1Sg][3Pl]

------------------------


------------------------
Amalka esgha legan liitellemni exercise-esteghllagumaaqinkut estughpagtaq sangwaa, qetgaq exercise-esimaaqegkanginkut esgha naghaaghtesneghmegtekut, pinighyuugtestaqiinkut.

amalka	amalka

esgha	esgha

legan	legan

liitellemni	+?

exerciseesteghllagumaaqinkut	+?

estughpagtaq	+?

sangwaa	sa-~:(ng₁)u[to.be.N][N→V][V][Intr][Intrg][3Sg]
sangwaa	sangwaa[N][Abs][Unpd][Sg]

qetgaq	+?

exerciseesimaaqegkanginkut	+?

esgha	esgha

naghaaghtesneghmegtekut	naghaagh-(te)ste[to.have.make.or.let.one.V][Cmpd_Vbl]-te[to.act.on.so.as.to.cause.to.V][V→V][V][Trns][Ctmp][4Pl][1Pl]
naghaaghtesneghmegtekut	naghaagh-(te)ste[to.have.make.or.let.one.V][Cmpd_Vbl][V][Trns][Ctmp][4Pl][1Pl]
naghaaghtesneghmegtekut	naghaagh-te[to.act.on.so.as.to.cause.to.V][V→V]-(te)ste[to.have.make.or.let.one.V][Cmpd_Vbl]-te[to.act.on.so.as.to.cause.to.V][V→V][V][Trns][Ctmp][4Pl][1Pl]
naghaaghtesneghmegtekut	naghaagh-te[to.act.on.so.as.to.cause.to.V][V→V]-(te)ste[to.have.make.or.let.one.V][Cmpd_Vbl][V][Trns][Ctmp][4Pl][1Pl]

pinighyuugtestaqiinkut	+?

------------------------
Aanqaghlluta alla mangteghat uzifqaghlluki wiin neghestegpenaamta.

aanqaghlluta	+?

alla	alla
alla	alla[N][Abs][Unpd][Sg]

mangteghat	mangteghagh[N][Abs][Unpd][Pl]
mangteghat	mangteghagh[N][Rel][Unpd][Pl]

uzifqaghlluki	+?

wiin	wiin

neghestegpenaamta	neghe-(te)ste[to.have.make.or.let.one.V][Cmpd_Vbl]-@₁–nghite**[to.not.V][V→V][V][Intr][Sbrd][1Pl]
neghestegpenaamta	neghe-(te)ste[to.have.make.or.let.one.V][Cmpd_Vbl]-@₁–nghite**[to.not.V][V→V][V][Trns][Sbrd][_][1Pl]

------------------------
Ighsaaningitesqelluta entaqun pinighyuugtesqelluta Malighqutaqnguyalghiikut legan.

ighsaaningitesqelluta	+?

entaqun	entaqun

pinighyuugtesqelluta	+?

malighqutaqnguyalghiikut	+?

legan	legan

------------------------
Kii, naghaaghun allaaghiinaq sangwaa naghaalqusiighutkaqsaqefut.

kii	kii
kii	kii[N][Abs][Unpd][Sg]

naghaaghun	naghaagh-~:(u)te[condition.with.respect.to.V-ing][V→N][N][Abs][Unpd][Sg]

allaaghiinaq	+?

sangwaa	sa-~:(ng₁)u[to.be.N][N→V][V][Intr][Intrg][3Sg]
sangwaa	sangwaa[N][Abs][Unpd][Sg]

naghaalqusiighutkaqsaqefut	+?

------------------------
