Taghnughhaghmun Atighilleq Sivuqami

taghnughhaghmun	taghnughhagh*[N][Ter][Unpd][Sg]

atighilleq	+?

sivuqami	Sivuqagh[N][Loc][Unpd][Sg]
sivuqami	Sivuqagh[N][Rel][4SgPoss][PlPosd]
sivuqami	Sivuqagh[N][Rel][4SgPoss][SgPosd]

------------------------
Iyaakankuk, Kepelgunkuk Apellghat

iyaakankuk	+?

kepelgunkuk	+?

apellghat	+?

------------------------


------------------------
Kitum Atighaqaki Taghnughhaat

kitum	kitum
kitum	kitum[N][Abs][Unpd][Sg]

atighaqaki	atigh-~(g₁)aqe[to.be.V.ing][to.regularly.or.repeatedly.V][V→V][V][Trns][Intrg][3Sg][3Pl]

taghnughhaat	taghnughhagh*[N][Abs][Unpd][Pl]
taghnughhaat	taghnughhagh*[N][Abs][3PlPoss][SgPosd]
taghnughhaat	taghnughhagh*[N][Rel][Unpd][Pl]

------------------------


------------------------
Taghnughhateng atighnaqneghmegteki sivukluki ateghqameng siivanlleteng aapluki, ateghqameng tuunkaaneng atighaqut.

taghnughhateng	taghnughhagh*[N][Abs][4PlPoss][PlPosd]

atighnaqneghmegteki	+?

sivukluki	sivuke-te[to.act.on.so.as.to.cause.to.V][V→V][V][Trns][Sbrd][_][3Pl]
sivukluki	sivuke[V][Trns][Sbrd][_][3Pl]

ateghqameng	+?

siivanlleteng	siivanllegh[N][Abs][4PlPoss][PlPosd]

aapluki	aapte[V][Trns][Sbrd][_][3Pl]

ateghqameng	+?

tuunkaaneng	+?

atighaqut	atigh-~(g₁)aqe[to.be.V.ing][to.regularly.or.repeatedly.V][V→V][V][Intr][Ind][3Pl]

------------------------
Nalighmeng kitumeng taagken atighnaqniluki siivanlleteng ungipaataqiit, nallukesigatiit.

nalighmeng	naligh*[N][Abl_Mod][Unpd][Sg]
nalighmeng	naligh*[N][Rel][4DuPoss][PlPosd]
nalighmeng	naligh*[N][Rel][4DuPoss][SgPosd]
nalighmeng	naligh*[N][Rel][4PlPoss][PlPosd]
nalighmeng	naligh*[N][Rel][4PlPoss][SgPosd]
nalighmeng	nalighmeng
nalighmeng	nalighmeng[N][Abs][Unpd][Sg]

kitumeng	+?

taagken	taagken

atighnaqniluki	atigh-@₁~fnaqe[to.be.going.to.V][V→V]-te[to.act.on.so.as.to.cause.to.V][V→V]-te[to.act.on.so.as.to.cause.to.V][V→V]-@₁~fni[to.say.that.one.is.V-ing][Cmpd_Vbl]-~:(u)te[to.V.for.or.with][to.cause.to.V.as.one.is.V-ing][to.V.toward.each.other][V→V][V][Trns][Sbrd][_][3Pl]
atighnaqniluki	atigh-@₁~fnaqe[to.be.going.to.V][V→V]-te[to.act.on.so.as.to.cause.to.V][V→V]-te[to.act.on.so.as.to.cause.to.V][V→V]-@₁~fni[to.say.that.one.is.V-ing][Cmpd_Vbl][V][Trns][Sbrd][_][3Pl]
atighnaqniluki	atigh-@₁~fnaqe[to.be.going.to.V][V→V]-te[to.act.on.so.as.to.cause.to.V][V→V]-@₁~fni[to.say.that.one.is.V-ing][Cmpd_Vbl]-~:(u)te[to.V.for.or.with][to.cause.to.V.as.one.is.V-ing][to.V.toward.each.other][V→V][V][Trns][Sbrd][_][3Pl]
atighnaqniluki	atigh-@₁~fnaqe[to.be.going.to.V][V→V]-te[to.act.on.so.as.to.cause.to.V][V→V]-@₁~fni[to.say.that.one.is.V-ing][Cmpd_Vbl][V][Trns][Sbrd][_][3Pl]
atighnaqniluki	atigh-@₁~fnaqe[to.be.going.to.V][V→V]-@₁~fni[to.say.that.one.is.V-ing][Cmpd_Vbl]-~:(u)te[to.V.for.or.with][to.cause.to.V.as.one.is.V-ing][to.V.toward.each.other][V→V][V][Trns][Sbrd][_][3Pl]
atighnaqniluki	atigh-@₁~fnaqe[to.be.going.to.V][V→V]-@₁~fni[to.say.that.one.is.V-ing][Cmpd_Vbl][V][Trns][Sbrd][_][3Pl]

siivanlleteng	siivanllegh[N][Abs][4PlPoss][PlPosd]

ungipaataqiit	ungipaate-~(g₁)aqe[to.be.V.ing][to.regularly.or.repeatedly.V][V→V]-~i[SBJ.V-ed.something][V→V][V][Intr][Intrg][3Pl]
ungipaataqiit	ungipaate-~(g₁)aqe[to.be.V.ing][to.regularly.or.repeatedly.V][V→V]-~i[SBJ.V-ed.something][V→V][V][Intr][Ind][3Pl]
ungipaataqiit	ungipaate-~(g₁)aqe[to.be.V.ing][to.regularly.or.repeatedly.V][V→V][V][Trns][Ind][3Pl][3Pl]
ungipaataqiit	ungipaate-~(g₁)aqe[to.be.V.ing][to.regularly.or.repeatedly.V][V→V][V][Trns][Ind][3Du][3Sg]
ungipaataqiit	ungipagh-~:(ng₁)u[to.be.N][N→V]-~:(u)te[to.V.for.or.with][to.cause.to.V.as.one.is.V-ing][to.V.toward.each.other][V→V]-~(g₁)aqe[to.be.V.ing][to.regularly.or.repeatedly.V][V→V]-~i[SBJ.V-ed.something][V→V][V][Intr][Intrg][3Pl]
ungipaataqiit	ungipagh-~:(ng₁)u[to.be.N][N→V]-~:(u)te[to.V.for.or.with][to.cause.to.V.as.one.is.V-ing][to.V.toward.each.other][V→V]-~(g₁)aqe[to.be.V.ing][to.regularly.or.repeatedly.V][V→V]-~i[SBJ.V-ed.something][V→V][V][Intr][Ind][3Pl]
ungipaataqiit	ungipagh-~:(ng₁)u[to.be.N][N→V]-~:(u)te[SBJ.V-ed.something][V→V]-~(g₁)aqe[to.be.V.ing][to.regularly.or.repeatedly.V][V→V]-~i[SBJ.V-ed.something][V→V][V][Intr][Intrg][3Pl]
ungipaataqiit	ungipagh-~:(ng₁)u[to.be.N][N→V]-~:(u)te[SBJ.V-ed.something][V→V]-~(g₁)aqe[to.be.V.ing][to.regularly.or.repeatedly.V][V→V]-~i[SBJ.V-ed.something][V→V][V][Intr][Ind][3Pl]
ungipaataqiit	ungipagh-~:(ng₁)u[to.be.N][N→V]-te[to.act.on.so.as.to.cause.to.V][V→V]-~(g₁)aqe[to.be.V.ing][to.regularly.or.repeatedly.V][V→V]-~i[SBJ.V-ed.something][V→V][V][Intr][Intrg][3Pl]
ungipaataqiit	ungipagh-~:(ng₁)u[to.be.N][N→V]-te[to.act.on.so.as.to.cause.to.V][V→V]-~(g₁)aqe[to.be.V.ing][to.regularly.or.repeatedly.V][V→V]-~i[SBJ.V-ed.something][V→V][V][Intr][Ind][3Pl]
ungipaataqiit	ungipagh-~:(u)te[to.V.for.or.with][to.cause.to.V.as.one.is.V-ing][to.V.toward.each.other][V→V]-~(g₁)aqe[to.be.V.ing][to.regularly.or.repeatedly.V][V→V]-~i[SBJ.V-ed.something][V→V][V][Intr][Intrg][3Pl]
ungipaataqiit	ungipagh-~:(u)te[to.V.for.or.with][to.cause.to.V.as.one.is.V-ing][to.V.toward.each.other][V→V]-~(g₁)aqe[to.be.V.ing][to.regularly.or.repeatedly.V][V→V]-~i[SBJ.V-ed.something][V→V][V][Intr][Ind][3Pl]
ungipaataqiit	ungipagh-~:(u)te[to.V.for.or.with][to.cause.to.V.as.one.is.V-ing][to.V.toward.each.other][V→V]-~(g₁)aqe[to.be.V.ing][to.regularly.or.repeatedly.V][V→V][V][Trns][Ind][3Pl][3Pl]
ungipaataqiit	ungipagh-~:(u)te[to.V.for.or.with][to.cause.to.V.as.one.is.V-ing][to.V.toward.each.other][V→V]-~(g₁)aqe[to.be.V.ing][to.regularly.or.repeatedly.V][V→V][V][Trns][Ind][3Du][3Sg]
ungipaataqiit	ungipagh-~:(u)te[SBJ.V-ed.something][V→V]-~(g₁)aqe[to.be.V.ing][to.regularly.or.repeatedly.V][V→V]-~i[SBJ.V-ed.something][V→V][V][Intr][Intrg][3Pl]
ungipaataqiit	ungipagh-~:(u)te[SBJ.V-ed.something][V→V]-~(g₁)aqe[to.be.V.ing][to.regularly.or.repeatedly.V][V→V]-~i[SBJ.V-ed.something][V→V][V][Intr][Ind][3Pl]
ungipaataqiit	Ungipagh-~:(ng₁)u[to.be.N][N→V]-~:(u)te[to.V.for.or.with][to.cause.to.V.as.one.is.V-ing][to.V.toward.each.other][V→V]-~(g₁)aqe[to.be.V.ing][to.regularly.or.repeatedly.V][V→V]-~i[SBJ.V-ed.something][V→V][V][Intr][Intrg][3Pl]
ungipaataqiit	Ungipagh-~:(ng₁)u[to.be.N][N→V]-~:(u)te[to.V.for.or.with][to.cause.to.V.as.one.is.V-ing][to.V.toward.each.other][V→V]-~(g₁)aqe[to.be.V.ing][to.regularly.or.repeatedly.V][V→V]-~i[SBJ.V-ed.something][V→V][V][Intr][Ind][3Pl]
ungipaataqiit	Ungipagh-~:(ng₁)u[to.be.N][N→V]-~:(u)te[SBJ.V-ed.something][V→V]-~(g₁)aqe[to.be.V.ing][to.regularly.or.repeatedly.V][V→V]-~i[SBJ.V-ed.something][V→V][V][Intr][Intrg][3Pl]
ungipaataqiit	Ungipagh-~:(ng₁)u[to.be.N][N→V]-~:(u)te[SBJ.V-ed.something][V→V]-~(g₁)aqe[to.be.V.ing][to.regularly.or.repeatedly.V][V→V]-~i[SBJ.V-ed.something][V→V][V][Intr][Ind][3Pl]
ungipaataqiit	Ungipagh-~:(ng₁)u[to.be.N][N→V]-te[to.act.on.so.as.to.cause.to.V][V→V]-~(g₁)aqe[to.be.V.ing][to.regularly.or.repeatedly.V][V→V]-~i[SBJ.V-ed.something][V→V][V][Intr][Intrg][3Pl]
ungipaataqiit	Ungipagh-~:(ng₁)u[to.be.N][N→V]-te[to.act.on.so.as.to.cause.to.V][V→V]-~(g₁)aqe[to.be.V.ing][to.regularly.or.repeatedly.V][V→V]-~i[SBJ.V-ed.something][V→V][V][Intr][Ind][3Pl]

nallukesigatiit	nallu-@*@₂~sf–(g₂)k(a)e[the.one.that.possessor.V-ed][V→N]-te[to.catch.N][to.go.to.N][N→V]-@₁~:(ng₂)igate[to.never.V][to.not.be.V-ing][V→V]-~i[SBJ.V-ed.something][V→V][V][Intr][Intrg][3Pl]
nallukesigatiit	nallu-@*@₂~sf–(g₂)k(a)e[the.one.that.possessor.V-ed][V→N]-te[to.catch.N][to.go.to.N][N→V]-@₁~:(ng₂)igate[to.never.V][to.not.be.V-ing][V→V]-~i[SBJ.V-ed.something][V→V][V][Intr][Ind][3Pl]
nallukesigatiit	nalluke-te[to.act.on.so.as.to.cause.to.V][V→V]-@₁~:(ng₂)igate[to.never.V][to.not.be.V-ing][V→V]-~i[SBJ.V-ed.something][V→V][V][Intr][Intrg][3Pl]
nallukesigatiit	nalluke-te[to.act.on.so.as.to.cause.to.V][V→V]-@₁~:(ng₂)igate[to.never.V][to.not.be.V-ing][V→V]-~i[SBJ.V-ed.something][V→V][V][Intr][Ind][3Pl]
nallukesigatiit	nalluke-te[to.act.on.so.as.to.cause.to.V][V→V]-@₁~:(ng₂)igate[to.never.V][to.not.be.V-ing][V→V][V][Trns][Ind][3Pl][3Pl]
nallukesigatiit	nalluke-te[to.act.on.so.as.to.cause.to.V][V→V]-@₁~:(ng₂)igate[to.never.V][to.not.be.V-ing][V→V][V][Trns][Ind][3Du][3Sg]

------------------------


------------------------
Ilangita aatghit ataasiiwaqut, ilangi naqam maalghugwaaqluteng, pingayugwaaqluteng.

ilangita	ila-~:(ng₁)ite**[to.lack.N][to.not.have.N][N→V][V][Intr][Intrg][3Sg]
ilangita	ila[N][Rel][3DuPoss][PlPosd]
ilangita	ila[N][Rel][3DuPoss][SgPosd]
ilangita	ila[N][Rel][3PlPoss][PlPosd]
ilangita	ila[N][Rel][3PlPoss][SgPosd]

aatghit	ategh[N][Abs][3PlPoss][PlPosd]
aatghit	Ategh[N][Abs][3PlPoss][PlPosd]

ataasiiwaqut	+?

ilangi	ila[N][Abs][3SgPoss][PlPosd]

naqam	naqam
naqam	naqam[N][Abs][Unpd][Sg]

maalghugwaaqluteng	+?

pingayugwaaqluteng	+?

------------------------
Naten ilangi wata uglaghaqluteng.

naten	na-~:(u)te[to.V.for.or.with][to.cause.to.V.as.one.is.V-ing][to.V.toward.each.other][V→V][V][Intr][Opt][PRS][2Sg]
naten	na-~:(u)te[condition.with.respect.to.V-ing][V→N][N][Abs][2SgPoss][SgPosd]
naten	na-~:(u)te[SBJ.V-ed.something][V→V][V][Intr][Opt][PRS][2Sg]
naten	naten
naten	na-te[to.act.on.so.as.to.cause.to.V][V→V][V][Intr][Opt][PRS][2Sg]

ilangi	ila[N][Abs][3SgPoss][PlPosd]

wata	wata

uglaghaqluteng	uglagh-~(g₁)aqe[to.be.V.ing][to.regularly.or.repeatedly.V][V→V]-te[to.act.on.so.as.to.cause.to.V][V→V]-te[to.act.on.so.as.to.cause.to.V][V→V][V][Intr][Sbrd][3Pl]
uglaghaqluteng	uglagh-~(g₁)aqe[to.be.V.ing][to.regularly.or.repeatedly.V][V→V]-te[to.act.on.so.as.to.cause.to.V][V→V][V][Intr][Sbrd][3Pl]
uglaghaqluteng	uglagh-~(g₁)aqe[to.be.V.ing][to.regularly.or.repeatedly.V][V→V][V][Intr][Sbrd][3Pl]

------------------------
Laluramkestun whaten ayuqenghilnguugut first name, last name-kunneghilnguugut, John Paul Henry Jones-etun tawaten.

laluramkestun	Laluramke[N][Equ][Unpd][Pl]

whaten	wha[N][Abs][2SgPoss][PlPosd]
whaten	whaten
whaten	wha-te[to.catch.N][to.go.to.N][N→V][V][Intr][Opt][PRS][2Sg]
whaten	wha[N][Abs][2SgPoss][PlPosd]

ayuqenghilnguugut	ayuqe-@₁–nghite**[to.not.V][V→V]-@*ngugh*[the.one.that.V-ed][the.one.that.is.V][V→N]-~:(ng₁)u[to.be.N][N→V][V][Intr][Ind][3Pl]

first	+?

name	+?

last	+?

namekunneghilnguugut	+?

john	+?

paul	+?

henry	+?

jonesetun	+?

tawaten	tawaten

------------------------


------------------------
Aatghet uglaghngiita kiyang ataasit aatghet atuqaqiit.

aatghet	ategh[N][Abs][Unpd][Pl]
aatghet	ategh[N][Rel][Unpd][Pl]
aatghet	Ategh[N][Abs][Unpd][Pl]
aatghet	Ategh[N][Rel][Unpd][Pl]

uglaghngiita	uglagh[V][Intr][Conc][3Pl]

kiyang	kiyang

ataasit	ataasigh[N][Abs][Unpd][Pl]
ataasit	ataasigh[N][Rel][Unpd][Pl]

aatghet	ategh[N][Abs][Unpd][Pl]
aatghet	ategh[N][Rel][Unpd][Pl]
aatghet	Ategh[N][Abs][Unpd][Pl]
aatghet	Ategh[N][Rel][Unpd][Pl]

atuqaqiit	atugh-~–ke[to.have.as.one's.N(s)][N→V]-~(g₁)aqe[to.be.V.ing][to.regularly.or.repeatedly.V][V→V]-~i[SBJ.V-ed.something][V→V][V][Intr][Intrg][3Pl]
atuqaqiit	atugh-~–ke[to.have.as.one's.N(s)][N→V]-~(g₁)aqe[to.be.V.ing][to.regularly.or.repeatedly.V][V→V]-~i[SBJ.V-ed.something][V→V][V][Intr][Ind][3Pl]
atuqaqiit	atugh-~sf–(g₃)kaq[one.that.has.V-ed][V→N]-~–ke[to.have.as.one's.N(s)][N→V]-~i[SBJ.V-ed.something][V→V][V][Intr][Intrg][3Pl]
atuqaqiit	atugh-~sf–(g₃)kaq[one.that.has.V-ed][V→N]-~–ke[to.have.as.one's.N(s)][N→V]-~i[SBJ.V-ed.something][V→V][V][Intr][Ind][3Pl]
atuqaqiit	atuqe-~(g₁)aqe[to.be.V.ing][to.regularly.or.repeatedly.V][V→V]-~i[SBJ.V-ed.something][V→V][V][Intr][Intrg][3Pl]
atuqaqiit	atuqe-~(g₁)aqe[to.be.V.ing][to.regularly.or.repeatedly.V][V→V]-~i[SBJ.V-ed.something][V→V][V][Intr][Ind][3Pl]
atuqaqiit	atuqe-~(g₁)aqe[to.be.V.ing][to.regularly.or.repeatedly.V][V→V][V][Trns][Ind][3Pl][3Pl]
atuqaqiit	atuqe-~(g₁)aqe[to.be.V.ing][to.regularly.or.repeatedly.V][V→V][V][Trns][Ind][3Du][3Sg]

------------------------
Katam Kaavam pillghatun igangllaqammni kitum taam aatghan legan nalikek atughqaq.

katam	katam

kaavam	+?

pillghatun	+?

igangllaqammni	+?

kitum	kitum
kitum	kitum[N][Abs][Unpd][Sg]

taam	+?

aatghan	ategh[N][Rel][3SgPoss][SgPosd]
aatghan	ategh[N][Rel][3SgPoss][PlPosd]
aatghan	ategh[V][Trns][Ind][2Sg][3Sg]
aatghan	Ategh[N][Rel][3SgPoss][SgPosd]
aatghan	Ategh[N][Rel][3SgPoss][PlPosd]

legan	legan

nalikek	na-~:(u)te[to.V.for.or.with][to.cause.to.V.as.one.is.V-ing][to.V.toward.each.other][V→V][V][Trns][Opt][PRS][3Sg][3Du]
nalikek	na[V][Trns][Opt][PRS][3Sg][3Du]
nalikek	naligh[N][Abs][3SgPoss][DuPosd]

atughqaq	atugh-@₂~fkaq[one.that.has.V-ed][V→N][N][Abs][Unpd][Sg]

------------------------


------------------------
Ilangita ramkem taghnughhateng aanestegpenaki ateghqameng yataaghqutkayugwiit.

ilangita	ila-~:(ng₁)ite**[to.lack.N][to.not.have.N][N→V][V][Intr][Intrg][3Sg]
ilangita	ila[N][Rel][3DuPoss][PlPosd]
ilangita	ila[N][Rel][3DuPoss][SgPosd]
ilangita	ila[N][Rel][3PlPoss][PlPosd]
ilangita	ila[N][Rel][3PlPoss][SgPosd]

ramkem	ramke[N][Rel][Unpd][Sg]

taghnughhateng	taghnughhagh*[N][Abs][4PlPoss][PlPosd]

aanestegpenaki	aane-(te)ste[to.have.make.or.let.one.V][Cmpd_Vbl]-@₁–nghite**[to.not.V][V→V][V][Trns][Sbrd][_][3Pl]

ateghqameng	+?

yataaghqutkayugwiit	+?

------------------------


------------------------
Sivuneghneng

sivuneghneng	sivugh-@₁–negh[the.act.or.activity.of.V-ing][V→N][N][Abl_Mod][Unpd][Pl]
sivuneghneng	sivunegh[N][Abl_Mod][Unpd][Pl]

------------------------


------------------------
Taagegken ima ellmeng sivuneghmeng aatghit atiitkayugwiit kingumun ukavek aviighutkat.

taagegken	+?

ima	ima
ima	ima[V][Intr][Opt][PRS][2Sg]

ellmeng	ellmeng
ellmeng	ellmeng[N][Abs][Unpd][Sg]

sivuneghmeng	sivugh-@₁–negh[the.act.or.activity.of.V-ing][V→N][N][Abl_Mod][Unpd][Sg]
sivuneghmeng	sivugh-@₁–negh[the.act.or.activity.of.V-ing][V→N][N][Rel][4DuPoss][PlPosd]
sivuneghmeng	sivugh-@₁–negh[the.act.or.activity.of.V-ing][V→N][N][Rel][4DuPoss][SgPosd]
sivuneghmeng	sivugh-@₁–negh[the.act.or.activity.of.V-ing][V→N][N][Rel][4PlPoss][PlPosd]
sivuneghmeng	sivugh-@₁–negh[the.act.or.activity.of.V-ing][V→N][N][Rel][4PlPoss][SgPosd]
sivuneghmeng	sivugh[V][Intr][Ctmp][4Pl]
sivuneghmeng	sivunegh[N][Abl_Mod][Unpd][Sg]
sivuneghmeng	sivunegh[N][Rel][4DuPoss][PlPosd]
sivuneghmeng	sivunegh[N][Rel][4DuPoss][SgPosd]
sivuneghmeng	sivunegh[N][Rel][4PlPoss][PlPosd]
sivuneghmeng	sivunegh[N][Rel][4PlPoss][SgPosd]

aatghit	ategh[N][Abs][3PlPoss][PlPosd]
aatghit	Ategh[N][Abs][3PlPoss][PlPosd]

atiitkayugwiit	+?

kingumun	kingu[N][Ter][Unpd][Sg]
kingumun	kingumun
kingumun	kingumute[N][Abs][Unpd][Sg]

ukavek	ukavek

aviighutkat	aviigh-~:(u)te[condition.with.respect.to.V-ing][V→N]-~–ke[to.have.as.one's.N(s)][N→V][V][Intr][Intrg][3Pl]

------------------------
Enkaam puygungigalkangit sivuneteng kinkungutangi.

enkaam	enkaam

puygungigalkangit	+?

sivuneteng	sivugh-@₁–negh[the.act.or.activity.of.V-ing][V→N][N][Abs][4PlPoss][PlPosd]
sivuneteng	sivunegh[N][Abs][4PlPoss][PlPosd]

kinkungutangi	kinku-~:(ng₁)u[to.be.N][N→V]-~:(u)ta[condition.with.respect.to.V-ing][V→N][N][Abs][3SgPoss][PlPosd]

------------------------
Taagani Sivuqam akuzillgha igaqnganghisaghngaan.

taagani	taagagh[N][Abs][4SgPoss][SgPosd]
taagani	taagagh[N][Abs][4SgPoss][PlPosd]
taagani	taagagh[N][Loc][Unpd][Pl]

sivuqam	Sivuqagh[N][Rel][Unpd][Sg]

akuzillgha	akuzillegh[N][Abs][3SgPoss][SgPosd]

igaqnganghisaghngaan	+?

------------------------


------------------------
Wiin kiyaghlluki, unguvaluki atiiqigalkangit, entaqun taagegken ima qelghusaq.

wiin	wiin

kiyaghlluki	+?

unguvaluki	unguva-~:(u)te[to.V.for.or.with][to.cause.to.V.as.one.is.V-ing][to.V.toward.each.other][V→V][V][Trns][Sbrd][_][3Pl]
unguvaluki	unguva[V][Trns][Sbrd][_][3Pl]

atiiqigalkangit	+?

entaqun	entaqun

taagegken	+?

ima	ima
ima	ima[V][Intr][Opt][PRS][2Sg]

qelghusaq	+?

------------------------
Iwernga esgha aghnaghaam ighneni qantaghaqun atiimayaghtagu atami aatghaneng salin kiyaghlluku, atangan efququmangitkaa, piyukumangitkaa.

iwernga	iwernga

esgha	esgha

aghnaghaam	aghnaghagh*[N][Rel][Unpd][Sg]

ighneni	ighnegh[N][Abs][4SgPoss][SgPosd]
ighneni	ighnegh[N][Abs][4SgPoss][PlPosd]

qantaghaqun	qantagh-~(g₁)aqe[to.be.V.ing][to.regularly.or.repeatedly.V][V→V]-~:(u)te[condition.with.respect.to.V-ing][V→N][N][Abs][Unpd][Sg]
qantaghaqun	qantaghagh-~–ke[to.have.as.one's.N(s)][N→V]-~:(u)te[condition.with.respect.to.V-ing][V→N][N][Abs][Unpd][Sg]
qantaghaqun	qantaghaqun
qantaghaqun	qantaghaqute[N][Abs][Unpd][Sg]

atiimayaghtagu	atigh-@₁~:(i/u)ma[to.have.V-ed][to.have.been.V-ed][V→V]-@₁~fyagh[to.go.V-ing][to.V.in.vain][V→V][V][Trns][Intrg][3Sg][3Sg]
atiimayaghtagu	atigh-@₁~:(i/u)ma[to.have.V-ed][to.have.been.V-ed][V→V]-@₁~fyagh[to.go.V-ing][to.V.in.vain][V→V]-te[to.act.on.so.as.to.cause.to.V][V→V][V][Trns][Intrg][3Sg][3Sg]
atiimayaghtagu	atigh-@₁~:(i/u)ma[to.have.V-ed][to.have.been.V-ed][V→V]-~:(u)te[to.V.for.or.with][to.cause.to.V.as.one.is.V-ing][to.V.toward.each.other][V→V]-@₁~fyagh[to.go.V-ing][to.V.in.vain][V→V][V][Trns][Intrg][3Sg][3Sg]
atiimayaghtagu	atigh-@₁~:(i/u)ma[to.have.V-ed][to.have.been.V-ed][V→V]-~:(u)te[to.V.for.or.with][to.cause.to.V.as.one.is.V-ing][to.V.toward.each.other][V→V]-@₁~fyagh[to.go.V-ing][to.V.in.vain][V→V]-te[to.act.on.so.as.to.cause.to.V][V→V][V][Trns][Intrg][3Sg][3Sg]

atami	ata[N][Loc][Unpd][Sg]
atami	ata[N][Rel][4SgPoss][PlPosd]
atami	ata[N][Rel][4SgPoss][SgPosd]

aatghaneng	ategh[N][Abl_Mod][3SgPoss][SgPosd]
aatghaneng	ategh[N][Abl_Mod][3SgPoss][PlPosd]
aatghaneng	Ategh[N][Abl_Mod][3SgPoss][SgPosd]
aatghaneng	Ategh[N][Abl_Mod][3SgPoss][PlPosd]

salin	salin
salin	salite[N][Abs][Unpd][Sg]

kiyaghlluku	+?

atangan	ata[N][Rel][3SgPoss][SgPosd]
atangan	ata[N][Rel][3SgPoss][PlPosd]

efququmangitkaa	+?

piyukumangitkaa	+?

------------------------


------------------------
Naten Aatghet Aglaghaqat Ramkem Ilanganun

naten	na-~:(u)te[to.V.for.or.with][to.cause.to.V.as.one.is.V-ing][to.V.toward.each.other][V→V][V][Intr][Opt][PRS][2Sg]
naten	na-~:(u)te[condition.with.respect.to.V-ing][V→N][N][Abs][2SgPoss][SgPosd]
naten	na-~:(u)te[SBJ.V-ed.something][V→V][V][Intr][Opt][PRS][2Sg]
naten	naten
naten	na-te[to.act.on.so.as.to.cause.to.V][V→V][V][Intr][Opt][PRS][2Sg]

aatghet	ategh[N][Abs][Unpd][Pl]
aatghet	ategh[N][Rel][Unpd][Pl]
aatghet	Ategh[N][Abs][Unpd][Pl]
aatghet	Ategh[N][Rel][Unpd][Pl]

aglaghaqat	aglagh-~(g₁)aqe[to.be.V.ing][to.regularly.or.repeatedly.V][V→V][V][Intr][Intrg][3Pl]

ramkem	ramke[N][Rel][Unpd][Sg]

ilanganun	ila[N][Ter][3SgPoss][SgPosd]
ilanganun	ila[N][Ter][3SgPoss][PlPosd]

------------------------


------------------------
Kiyang yugwem, atam tunganganeng taghnughhaat allgenghata atiqayugukangit.

kiyang	kiyang

yugwem	+?

atam	ata[N][Rel][Unpd][Sg]

tunganganeng	+?

taghnughhaat	taghnughhagh*[N][Abs][Unpd][Pl]
taghnughhaat	taghnughhagh*[N][Abs][3PlPoss][SgPosd]
taghnughhaat	taghnughhagh*[N][Rel][Unpd][Pl]

allgenghata	+?

atiqayugukangit	atigh-~–kayugu[to.be.able.to.V][V→V]-@*@₂~sf–(g₂)k(a)e[the.one.that.possessor.V-ed][V→N][N][Abs][3PlPoss][PlPosd]
atiqayugukangit	atigh-~–kayugu[to.be.able.to.V][V→V][V][Trns][Ptcp][3Du][3Sg]
atiqayugukangit	atigh-~–kayugu[to.be.able.to.V][V→V][V][Trns][Ptcp][3Pl][3Pl]

------------------------
Iwernga nuliiteng ellngita pingitneng atiiqistekayugwit, akileghtuqayugukangit.

iwernga	iwernga

nuliiteng	nuliigh[N][Abs][4PlPoss][PlPosd]

ellngita	ellngit[N][Abs][3SgPoss][SgPosd]

pingitneng	pi[N][Abl_Mod][3DuPoss][PlPosd]
pingitneng	pi[N][Abl_Mod][3DuPoss][DuPosd]
pingitneng	pi[N][Abl_Mod][3PlPoss][PlPosd]
pingitneng	pi[N][Abl_Mod][3PlPoss][SgPosd]
pingitneng	pi[N][Abl_Mod][3PlPoss][DuPosd]

atiiqistekayugwit	+?

akileghtuqayugukangit	akileghtugh-~–kayugu[to.be.able.to.V][V→V]-@*@₂~sf–(g₂)k(a)e[the.one.that.possessor.V-ed][V→N][N][Abs][3PlPoss][PlPosd]
akileghtuqayugukangit	akileghtugh-~–kayugu[to.be.able.to.V][V→V][V][Trns][Ptcp][3Du][3Sg]
akileghtuqayugukangit	akileghtugh-~–kayugu[to.be.able.to.V][V→V][V][Trns][Ptcp][3Pl][3Pl]

------------------------
Tawaten esgha aatghet ramkem ilanganeng tagikayugwet, aglaqayugwet.

tawaten	tawaten

esgha	esgha

aatghet	ategh[N][Abs][Unpd][Pl]
aatghet	ategh[N][Rel][Unpd][Pl]
aatghet	Ategh[N][Abs][Unpd][Pl]
aatghet	Ategh[N][Rel][Unpd][Pl]

ramkem	ramke[N][Rel][Unpd][Sg]

ilanganeng	ila[N][Abl_Mod][3SgPoss][SgPosd]
ilanganeng	ila[N][Abl_Mod][3SgPoss][PlPosd]

tagikayugwet	+?

aglaqayugwet	+?

------------------------
Aghnam ateq igleghutkayugwa.

aghnam	aghnagh[N][Rel][Unpd][Sg]

ateq	ategh[N][Abs][Unpd][Sg]
ateq	Ategh[N][Abs][Unpd][Sg]

igleghutkayugwa	+?

------------------------
Ugwiighluni tuquyaqan, ugwingan pingita atiiqsaghqaa.

ugwiighluni	+?

tuquyaqan	tuqu-@₁~fyagh[to.go.V-ing][to.V.in.vain][V→V][V][Intr][Cond][3Sg]
tuquyaqan	tuqu-~:(u)te[to.V.for.or.with][to.cause.to.V.as.one.is.V-ing][to.V.toward.each.other][V→V]-@₁~fyagh[to.go.V-ing][to.V.in.vain][V→V][V][Intr][Cond][3Sg]
tuquyaqan	tuqu-~:(u)te[SBJ.V-ed.something][V→V]-@₁~fyagh[to.go.V-ing][to.V.in.vain][V→V][V][Intr][Cond][3Sg]

ugwingan	+?

pingita	pi-~:(ng₁)ite**[to.lack.N][to.not.have.N][N→V][V][Intr][Intrg][3Sg]
pingita	pi[N][Rel][3DuPoss][PlPosd]
pingita	pi[N][Rel][3DuPoss][SgPosd]
pingita	pi[N][Rel][3PlPoss][PlPosd]
pingita	pi[N][Rel][3PlPoss][SgPosd]

atiiqsaghqaa	atiiqe-te[to.act.on.so.as.to.cause.to.V][V→V]-@₁~fyagh[to.go.V-ing][to.V.in.vain][V→V]-te[to.act.on.so.as.to.cause.to.V][V→V]-te[to.act.on.so.as.to.cause.to.V][V→V]-@₁qugh[to.V.completely][V][Intr][Opt][PRS][2Sg]
atiiqsaghqaa	atiiqe-te[to.act.on.so.as.to.cause.to.V][V→V]-@₁~fyagh[to.go.V-ing][to.V.in.vain][V→V]-te[to.act.on.so.as.to.cause.to.V][V→V]-@₁qugh[to.V.completely][V][Intr][Opt][PRS][2Sg]
atiiqsaghqaa	atiiqe-te[to.act.on.so.as.to.cause.to.V][V→V]-@₁~fyagh[to.go.V-ing][to.V.in.vain][V→V]-@₁qugh[to.V.completely][V][Intr][Opt][PRS][2Sg]
atiiqsaghqaa	atiiqe-@₁~fyagh[to.go.V-ing][to.V.in.vain][V→V]-te[to.act.on.so.as.to.cause.to.V][V→V]-te[to.act.on.so.as.to.cause.to.V][V→V]-@₁qugh[to.V.completely][V][Intr][Opt][PRS][2Sg]
atiiqsaghqaa	atiiqe-@₁~fyagh[to.go.V-ing][to.V.in.vain][V→V]-te[to.act.on.so.as.to.cause.to.V][V→V]-@₁qugh[to.V.completely][V][Intr][Opt][PRS][2Sg]
atiiqsaghqaa	atiiqe-@₁~fyagh[to.go.V-ing][to.V.in.vain][V→V]-@₁qugh[to.V.completely][V][Intr][Opt][PRS][2Sg]

------------------------
Nalighmeng aghnam ellngan ramkengan atiiqsaghqaa.

nalighmeng	naligh*[N][Abl_Mod][Unpd][Sg]
nalighmeng	naligh*[N][Rel][4DuPoss][PlPosd]
nalighmeng	naligh*[N][Rel][4DuPoss][SgPosd]
nalighmeng	naligh*[N][Rel][4PlPoss][PlPosd]
nalighmeng	naligh*[N][Rel][4PlPoss][SgPosd]
nalighmeng	nalighmeng
nalighmeng	nalighmeng[N][Abs][Unpd][Sg]

aghnam	aghnagh[N][Rel][Unpd][Sg]

ellngan	ellnga[N][Abs][2SgPoss][SgPosd]
ellngan	ellngan

ramkengan	ramke[N][Rel][3SgPoss][SgPosd]
ramkengan	ramke[N][Rel][3SgPoss][PlPosd]

atiiqsaghqaa	atiiqe-te[to.act.on.so.as.to.cause.to.V][V→V]-@₁~fyagh[to.go.V-ing][to.V.in.vain][V→V]-te[to.act.on.so.as.to.cause.to.V][V→V]-te[to.act.on.so.as.to.cause.to.V][V→V]-@₁qugh[to.V.completely][V][Intr][Opt][PRS][2Sg]
atiiqsaghqaa	atiiqe-te[to.act.on.so.as.to.cause.to.V][V→V]-@₁~fyagh[to.go.V-ing][to.V.in.vain][V→V]-te[to.act.on.so.as.to.cause.to.V][V→V]-@₁qugh[to.V.completely][V][Intr][Opt][PRS][2Sg]
atiiqsaghqaa	atiiqe-te[to.act.on.so.as.to.cause.to.V][V→V]-@₁~fyagh[to.go.V-ing][to.V.in.vain][V→V]-@₁qugh[to.V.completely][V][Intr][Opt][PRS][2Sg]
atiiqsaghqaa	atiiqe-@₁~fyagh[to.go.V-ing][to.V.in.vain][V→V]-te[to.act.on.so.as.to.cause.to.V][V→V]-te[to.act.on.so.as.to.cause.to.V][V→V]-@₁qugh[to.V.completely][V][Intr][Opt][PRS][2Sg]
atiiqsaghqaa	atiiqe-@₁~fyagh[to.go.V-ing][to.V.in.vain][V→V]-te[to.act.on.so.as.to.cause.to.V][V→V]-@₁qugh[to.V.completely][V][Intr][Opt][PRS][2Sg]
atiiqsaghqaa	atiiqe-@₁~fyagh[to.go.V-ing][to.V.in.vain][V→V]-@₁qugh[to.V.completely][V][Intr][Opt][PRS][2Sg]

------------------------


------------------------
Ilangi aatghem tawatengwaaq akuuraatulluteng ayuqaqut kinkut ramkengitni nalighmeng nani nunami.

ilangi	ila[N][Abs][3SgPoss][PlPosd]

aatghem	ategh[N][Rel][Unpd][Sg]
aatghem	Ategh[N][Rel][Unpd][Sg]

tawatengwaaq	tawatengwaaq

akuuraatulluteng	akuuraate-~:(u)te[to.V.for.or.with][to.cause.to.V.as.one.is.V-ing][to.V.toward.each.other][V→V]-te[to.act.on.so.as.to.cause.to.V][V→V][V][Intr][Sbrd][3Pl]
akuuraatulluteng	akuuraate-~:(u)te[to.V.for.or.with][to.cause.to.V.as.one.is.V-ing][to.V.toward.each.other][V→V][V][Intr][Sbrd][3Pl]
akuuraatulluteng	akuuraate-~:(u)te[condition.with.respect.to.V-ing][V→N]-te[to.catch.N][to.go.to.N][N→V][V][Intr][Sbrd][3Pl]
akuuraatulluteng	akuuraate-~:(u)te[SBJ.V-ed.something][V→V]-te[to.act.on.so.as.to.cause.to.V][V→V][V][Intr][Sbrd][3Pl]
akuuraatulluteng	akuuraate-~:(u)te[SBJ.V-ed.something][V→V][V][Intr][Sbrd][3Pl]
akuuraatulluteng	akuuragh-~:(u)te[to.V.for.or.with][to.cause.to.V.as.one.is.V-ing][to.V.toward.each.other][V→V]-~:(u)te[to.V.for.or.with][to.cause.to.V.as.one.is.V-ing][to.V.toward.each.other][V→V]-te[to.act.on.so.as.to.cause.to.V][V→V]-te[to.act.on.so.as.to.cause.to.V][V→V][V][Intr][Sbrd][3Pl]
akuuraatulluteng	akuuragh-~:(u)te[to.V.for.or.with][to.cause.to.V.as.one.is.V-ing][to.V.toward.each.other][V→V]-~:(u)te[to.V.for.or.with][to.cause.to.V.as.one.is.V-ing][to.V.toward.each.other][V→V]-te[to.act.on.so.as.to.cause.to.V][V→V][V][Intr][Sbrd][3Pl]
akuuraatulluteng	akuuragh-~:(u)te[to.V.for.or.with][to.cause.to.V.as.one.is.V-ing][to.V.toward.each.other][V→V]-~:(u)te[to.V.for.or.with][to.cause.to.V.as.one.is.V-ing][to.V.toward.each.other][V→V][V][Intr][Sbrd][3Pl]
akuuraatulluteng	akuuragh-~:(u)te[to.V.for.or.with][to.cause.to.V.as.one.is.V-ing][to.V.toward.each.other][V→V]-~:(u)te[condition.with.respect.to.V-ing][V→N]-te[to.catch.N][to.go.to.N][N→V]-te[to.act.on.so.as.to.cause.to.V][V→V][V][Intr][Sbrd][3Pl]
akuuraatulluteng	akuuragh-~:(u)te[to.V.for.or.with][to.cause.to.V.as.one.is.V-ing][to.V.toward.each.other][V→V]-~:(u)te[condition.with.respect.to.V-ing][V→N]-te[to.catch.N][to.go.to.N][N→V][V][Intr][Sbrd][3Pl]
akuuraatulluteng	akuuragh-~:(u)te[to.V.for.or.with][to.cause.to.V.as.one.is.V-ing][to.V.toward.each.other][V→V]-~:(u)te[SBJ.V-ed.something][V→V]-te[to.act.on.so.as.to.cause.to.V][V→V]-te[to.act.on.so.as.to.cause.to.V][V→V][V][Intr][Sbrd][3Pl]
akuuraatulluteng	akuuragh-~:(u)te[to.V.for.or.with][to.cause.to.V.as.one.is.V-ing][to.V.toward.each.other][V→V]-~:(u)te[SBJ.V-ed.something][V→V]-te[to.act.on.so.as.to.cause.to.V][V→V][V][Intr][Sbrd][3Pl]
akuuraatulluteng	akuuragh-~:(u)te[to.V.for.or.with][to.cause.to.V.as.one.is.V-ing][to.V.toward.each.other][V→V]-~:(u)te[SBJ.V-ed.something][V→V][V][Intr][Sbrd][3Pl]
akuuraatulluteng	akuuragh-~:(u)te[SBJ.V-ed.something][V→V]-~:(u)te[to.V.for.or.with][to.cause.to.V.as.one.is.V-ing][to.V.toward.each.other][V→V]-te[to.act.on.so.as.to.cause.to.V][V→V]-te[to.act.on.so.as.to.cause.to.V][V→V][V][Intr][Sbrd][3Pl]
akuuraatulluteng	akuuragh-~:(u)te[SBJ.V-ed.something][V→V]-~:(u)te[to.V.for.or.with][to.cause.to.V.as.one.is.V-ing][to.V.toward.each.other][V→V]-te[to.act.on.so.as.to.cause.to.V][V→V][V][Intr][Sbrd][3Pl]
akuuraatulluteng	akuuragh-~:(u)te[SBJ.V-ed.something][V→V]-~:(u)te[to.V.for.or.with][to.cause.to.V.as.one.is.V-ing][to.V.toward.each.other][V→V][V][Intr][Sbrd][3Pl]
akuuraatulluteng	akuuragh-~:(u)te[SBJ.V-ed.something][V→V]-~:(u)te[condition.with.respect.to.V-ing][V→N]-te[to.catch.N][to.go.to.N][N→V]-te[to.act.on.so.as.to.cause.to.V][V→V][V][Intr][Sbrd][3Pl]
akuuraatulluteng	akuuragh-~:(u)te[SBJ.V-ed.something][V→V]-~:(u)te[condition.with.respect.to.V-ing][V→N]-te[to.catch.N][to.go.to.N][N→V][V][Intr][Sbrd][3Pl]
akuuraatulluteng	akuuragh-~:(u)te[SBJ.V-ed.something][V→V]-~:(u)te[SBJ.V-ed.something][V→V]-te[to.act.on.so.as.to.cause.to.V][V→V]-te[to.act.on.so.as.to.cause.to.V][V→V][V][Intr][Sbrd][3Pl]
akuuraatulluteng	akuuragh-~:(u)te[SBJ.V-ed.something][V→V]-~:(u)te[SBJ.V-ed.something][V→V]-te[to.act.on.so.as.to.cause.to.V][V→V][V][Intr][Sbrd][3Pl]
akuuraatulluteng	akuuragh-~:(u)te[SBJ.V-ed.something][V→V]-~:(u)te[SBJ.V-ed.something][V→V][V][Intr][Sbrd][3Pl]

ayuqaqut	ayuqe-~(g₁)aqe[to.be.V.ing][to.regularly.or.repeatedly.V][V→V][V][Intr][Ind][3Pl]

kinkut	kinku[N][Abs][Unpd][Pl]
kinkut	kinku[N][Rel][Unpd][Pl]
kinkut	kinkut
kinkut	kinkut[N][Abs][Unpd][Sg]

ramkengitni	ramke[N][Loc][3DuPoss][PlPosd]
ramkengitni	ramke[N][Loc][3DuPoss][DuPosd]
ramkengitni	ramke[N][Loc][3PlPoss][PlPosd]
ramkengitni	ramke[N][Loc][3PlPoss][SgPosd]
ramkengitni	ramke[N][Loc][3PlPoss][DuPosd]

nalighmeng	naligh*[N][Abl_Mod][Unpd][Sg]
nalighmeng	naligh*[N][Rel][4DuPoss][PlPosd]
nalighmeng	naligh*[N][Rel][4DuPoss][SgPosd]
nalighmeng	naligh*[N][Rel][4PlPoss][PlPosd]
nalighmeng	naligh*[N][Rel][4PlPoss][SgPosd]
nalighmeng	nalighmeng
nalighmeng	nalighmeng[N][Abs][Unpd][Sg]

nani	na-@₁~fni[to.say.that.one.is.V-ing][Cmpd_Vbl][V][Intr][Opt][PRS][2Sg]
nani	na-~:(u)te[to.V.for.or.with][to.cause.to.V.as.one.is.V-ing][to.V.toward.each.other][V→V]-@₁~fni[to.say.that.one.is.V-ing][Cmpd_Vbl][V][Intr][Opt][PRS][2Sg]
nani	na-~:(u)te[SBJ.V-ed.something][V→V]-@₁~fni[to.say.that.one.is.V-ing][Cmpd_Vbl][V][Intr][Opt][PRS][2Sg]
nani	nani
nani	nani[N][Abs][Unpd][Sg]

nunami	nuna[N][Loc][Unpd][Sg]
nunami	nuna[N][Rel][4SgPoss][PlPosd]
nunami	nuna[N][Rel][4SgPoss][SgPosd]

------------------------
Aatghet whani igaqelleghmi atuqegkat temnginguut.

aatghet	ategh[N][Abs][Unpd][Pl]
aatghet	ategh[N][Rel][Unpd][Pl]
aatghet	Ategh[N][Abs][Unpd][Pl]
aatghet	Ategh[N][Rel][Unpd][Pl]

whani	wha[N][Abs][4SgPoss][SgPosd]
whani	wha[N][Abs][4SgPoss][PlPosd]
whani	wha[N][Loc][Unpd][Pl]
whani	whani
whani	whani[N][Abs][Unpd][Sg]

igaqelleghmi	+?

atuqegkat	+?

temnginguut	temngingu[V][Intr][Ind][3Pl]

------------------------
Aatghukata akuuram pisleqii.

aatghukata	ategh-~:(ng₁)u[to.be.N][N→V][V][Intr][Cond][3Pl]
aatghukata	Ategh-~:(ng₁)u[to.be.N][N→V][V][Intr][Cond][3Pl]

akuuram	+?

pisleqii	pi-(te)ste[to.have.make.or.let.one.V][Cmpd_Vbl]-te[to.act.on.so.as.to.cause.to.V][V→V]-@₁lleqe[will.V][V→V]-~i[SBJ.V-ed.something][V→V]-~i[SBJ.V-ed.something][V→V]-~i[SBJ.V-ed.something][V→V]-~i[SBJ.V-ed.something][V→V][V][Intr][Opt][PRS][2Sg]
pisleqii	pi-(te)ste[to.have.make.or.let.one.V][Cmpd_Vbl]-te[to.act.on.so.as.to.cause.to.V][V→V]-@₁lleqe[will.V][V→V]-~i[SBJ.V-ed.something][V→V]-~i[SBJ.V-ed.something][V→V]-~i[SBJ.V-ed.something][V→V][V][Intr][Opt][PRS][2Sg]
pisleqii	pi-(te)ste[to.have.make.or.let.one.V][Cmpd_Vbl]-te[to.act.on.so.as.to.cause.to.V][V→V]-@₁lleqe[will.V][V→V]-~i[SBJ.V-ed.something][V→V]-~i[SBJ.V-ed.something][V→V][V][Intr][Opt][PRS][2Sg]
pisleqii	pi-(te)ste[to.have.make.or.let.one.V][Cmpd_Vbl]-te[to.act.on.so.as.to.cause.to.V][V→V]-@₁lleqe[will.V][V→V]-~i[SBJ.V-ed.something][V→V][V][Intr][Intrg][3Sg]
pisleqii	pi-(te)ste[to.have.make.or.let.one.V][Cmpd_Vbl]-te[to.act.on.so.as.to.cause.to.V][V→V]-@₁lleqe[will.V][V→V][V][Trns][Ind][3Sg][3Pl]
pisleqii	pi-(te)ste[to.have.make.or.let.one.V][Cmpd_Vbl]-@₁lleqe[will.V][V→V]-~i[SBJ.V-ed.something][V→V]-~i[SBJ.V-ed.something][V→V]-~i[SBJ.V-ed.something][V→V]-~i[SBJ.V-ed.something][V→V][V][Intr][Opt][PRS][2Sg]
pisleqii	pi-(te)ste[to.have.make.or.let.one.V][Cmpd_Vbl]-@₁lleqe[will.V][V→V]-~i[SBJ.V-ed.something][V→V]-~i[SBJ.V-ed.something][V→V]-~i[SBJ.V-ed.something][V→V][V][Intr][Opt][PRS][2Sg]
pisleqii	pi-(te)ste[to.have.make.or.let.one.V][Cmpd_Vbl]-@₁lleqe[will.V][V→V]-~i[SBJ.V-ed.something][V→V]-~i[SBJ.V-ed.something][V→V][V][Intr][Opt][PRS][2Sg]
pisleqii	pi-(te)ste[to.have.make.or.let.one.V][Cmpd_Vbl]-@₁lleqe[will.V][V→V]-~i[SBJ.V-ed.something][V→V][V][Intr][Intrg][3Sg]
pisleqii	pi-(te)ste[to.have.make.or.let.one.V][Cmpd_Vbl]-@₁lleqe[will.V][V→V][V][Trns][Ind][3Sg][3Pl]

------------------------


------------------------
Nunameng, Nunaaghmun Atightulleq

nunameng	nuna[N][Abl_Mod][Unpd][Sg]
nunameng	nuna[N][Rel][4DuPoss][PlPosd]
nunameng	nuna[N][Rel][4DuPoss][SgPosd]
nunameng	nuna[N][Rel][4PlPoss][PlPosd]
nunameng	nuna[N][Rel][4PlPoss][SgPosd]

nunaaghmun	nunaagh[N][Ter][Unpd][Sg]

atightulleq	atightullegh[N][Abs][Unpd][Sg]

------------------------


------------------------
Kiyang ramkem ilangan taghnughhateng atightughaqiit pennam, nunam, saam tekegham aatghaneng.

kiyang	kiyang

ramkem	ramke[N][Rel][Unpd][Sg]

ilangan	ila[N][Rel][3SgPoss][SgPosd]
ilangan	ila[N][Rel][3SgPoss][PlPosd]
ilangan	ila[V][Intr][CnsqI][3Sg]

taghnughhateng	taghnughhagh*[N][Abs][4PlPoss][PlPosd]

atightughaqiit	atightugh-~(g₁)aqe[to.be.V.ing][to.regularly.or.repeatedly.V][V→V]-~i[SBJ.V-ed.something][V→V][V][Intr][Intrg][3Pl]
atightughaqiit	atightugh-~(g₁)aqe[to.be.V.ing][to.regularly.or.repeatedly.V][V→V]-~i[SBJ.V-ed.something][V→V][V][Intr][Ind][3Pl]
atightughaqiit	atightugh-~(g₁)aqe[to.be.V.ing][to.regularly.or.repeatedly.V][V→V][V][Trns][Ind][3Pl][3Pl]
atightughaqiit	atightugh-~(g₁)aqe[to.be.V.ing][to.regularly.or.repeatedly.V][V→V][V][Trns][Ind][3Du][3Sg]

pennam	pennagh[N][Rel][Unpd][Sg]

nunam	nuna[N][Rel][Unpd][Sg]

saam	saa[N][Rel][Unpd][Sg]
saam	saam[N][Abs][Unpd][Sg]

tekegham	tekeghagh[N][Rel][Unpd][Sg]
tekegham	Tekeghagh[N][Rel][Unpd][Sg]

aatghaneng	ategh[N][Abl_Mod][3SgPoss][SgPosd]
aatghaneng	ategh[N][Abl_Mod][3SgPoss][PlPosd]
aatghaneng	Ategh[N][Abl_Mod][3SgPoss][SgPosd]
aatghaneng	Ategh[N][Abl_Mod][3SgPoss][PlPosd]

------------------------
Katam "Quliqaq" taana nunalgem legan atiinnayaqanga.

katam	katam

quliqaq	+?

taana	taane[V][Intr][Intrg][3Sg]
taana	taana

nunalgem	Nunaleg[N][Rel][Unpd][Sg]
nunalgem	nuna-–leg[one.having.N][N→N][N][Rel][Unpd][Sg]

legan	legan

atiinnayaqanga	atigh-~:(u)te[to.V.for.or.with][to.cause.to.V.as.one.is.V-ing][to.V.toward.each.other][V→V]-te[to.act.on.so.as.to.cause.to.V][V→V]-@₁~fna[in.order.to.V][intending.to.V][V→V]-@₁~fyagh[to.go.V-ing][to.V.in.vain][V→V]-@*@₂~sf–(g₂)k(a)e[the.one.that.possessor.V-ed][V→N][N][Abs][3SgPoss][SgPosd]
atiinnayaqanga	atigh-~:(u)te[to.V.for.or.with][to.cause.to.V.as.one.is.V-ing][to.V.toward.each.other][V→V]-te[to.act.on.so.as.to.cause.to.V][V→V]-@₁~fna[in.order.to.V][intending.to.V][V→V]-@₁~fyagh[to.go.V-ing][to.V.in.vain][V→V][V][Trns][Ptcp][3Sg][3Sg]
atiinnayaqanga	atigh-~:(u)te[to.V.for.or.with][to.cause.to.V.as.one.is.V-ing][to.V.toward.each.other][V→V]-te[to.act.on.so.as.to.cause.to.V][V→V]-@₁~fna[in.order.to.V][intending.to.V][V→V]-@₁~fyagh[to.go.V-ing][to.V.in.vain][V→V][V][Trns][Cond][3Sg][1Sg]
atiinnayaqanga	atigh-~:(u)te[to.V.for.or.with][to.cause.to.V.as.one.is.V-ing][to.V.toward.each.other][V→V]-te[to.act.on.so.as.to.cause.to.V][V→V]-@₁~fna[in.order.to.V][intending.to.V][V→V]-~:(u)te[to.V.for.or.with][to.cause.to.V.as.one.is.V-ing][to.V.toward.each.other][V→V]-@₁~fyagh[to.go.V-ing][to.V.in.vain][V→V]-@*@₂~sf–(g₂)k(a)e[the.one.that.possessor.V-ed][V→N][N][Abs][3SgPoss][SgPosd]
atiinnayaqanga	atigh-~:(u)te[to.V.for.or.with][to.cause.to.V.as.one.is.V-ing][to.V.toward.each.other][V→V]-te[to.act.on.so.as.to.cause.to.V][V→V]-@₁~fna[in.order.to.V][intending.to.V][V→V]-~:(u)te[to.V.for.or.with][to.cause.to.V.as.one.is.V-ing][to.V.toward.each.other][V→V]-@₁~fyagh[to.go.V-ing][to.V.in.vain][V→V][V][Trns][Ptcp][3Sg][3Sg]
atiinnayaqanga	atigh-~:(u)te[to.V.for.or.with][to.cause.to.V.as.one.is.V-ing][to.V.toward.each.other][V→V]-te[to.act.on.so.as.to.cause.to.V][V→V]-@₁~fna[in.order.to.V][intending.to.V][V→V]-~:(u)te[to.V.for.or.with][to.cause.to.V.as.one.is.V-ing][to.V.toward.each.other][V→V]-@₁~fyagh[to.go.V-ing][to.V.in.vain][V→V][V][Trns][Cond][3Sg][1Sg]
atiinnayaqanga	atigh-~:(u)te[to.V.for.or.with][to.cause.to.V.as.one.is.V-ing][to.V.toward.each.other][V→V]-te[to.act.on.so.as.to.cause.to.V][V→V]-@₁~fna[in.order.to.V][intending.to.V][V→V]-~:(u)te[SBJ.V-ed.something][V→V]-@₁~fyagh[to.go.V-ing][to.V.in.vain][V→V]-@*@₂~sf–(g₂)k(a)e[the.one.that.possessor.V-ed][V→N][N][Abs][3SgPoss][SgPosd]
atiinnayaqanga	atigh-~:(u)te[to.V.for.or.with][to.cause.to.V.as.one.is.V-ing][to.V.toward.each.other][V→V]-@₁~fna[in.order.to.V][intending.to.V][V→V]-@₁~fyagh[to.go.V-ing][to.V.in.vain][V→V]-@*@₂~sf–(g₂)k(a)e[the.one.that.possessor.V-ed][V→N][N][Abs][3SgPoss][SgPosd]
atiinnayaqanga	atigh-~:(u)te[to.V.for.or.with][to.cause.to.V.as.one.is.V-ing][to.V.toward.each.other][V→V]-@₁~fna[in.order.to.V][intending.to.V][V→V]-@₁~fyagh[to.go.V-ing][to.V.in.vain][V→V][V][Trns][Ptcp][3Sg][3Sg]
atiinnayaqanga	atigh-~:(u)te[to.V.for.or.with][to.cause.to.V.as.one.is.V-ing][to.V.toward.each.other][V→V]-@₁~fna[in.order.to.V][intending.to.V][V→V]-@₁~fyagh[to.go.V-ing][to.V.in.vain][V→V][V][Trns][Cond][3Sg][1Sg]
atiinnayaqanga	atigh-~:(u)te[to.V.for.or.with][to.cause.to.V.as.one.is.V-ing][to.V.toward.each.other][V→V]-@₁~fna[in.order.to.V][intending.to.V][V→V]-~:(u)te[to.V.for.or.with][to.cause.to.V.as.one.is.V-ing][to.V.toward.each.other][V→V]-@₁~fyagh[to.go.V-ing][to.V.in.vain][V→V]-@*@₂~sf–(g₂)k(a)e[the.one.that.possessor.V-ed][V→N][N][Abs][3SgPoss][SgPosd]
atiinnayaqanga	atigh-~:(u)te[to.V.for.or.with][to.cause.to.V.as.one.is.V-ing][to.V.toward.each.other][V→V]-@₁~fna[in.order.to.V][intending.to.V][V→V]-~:(u)te[to.V.for.or.with][to.cause.to.V.as.one.is.V-ing][to.V.toward.each.other][V→V]-@₁~fyagh[to.go.V-ing][to.V.in.vain][V→V][V][Trns][Ptcp][3Sg][3Sg]
atiinnayaqanga	atigh-~:(u)te[to.V.for.or.with][to.cause.to.V.as.one.is.V-ing][to.V.toward.each.other][V→V]-@₁~fna[in.order.to.V][intending.to.V][V→V]-~:(u)te[to.V.for.or.with][to.cause.to.V.as.one.is.V-ing][to.V.toward.each.other][V→V]-@₁~fyagh[to.go.V-ing][to.V.in.vain][V→V][V][Trns][Cond][3Sg][1Sg]
atiinnayaqanga	atigh-~:(u)te[to.V.for.or.with][to.cause.to.V.as.one.is.V-ing][to.V.toward.each.other][V→V]-@₁~fna[in.order.to.V][intending.to.V][V→V]-~:(u)te[SBJ.V-ed.something][V→V]-@₁~fyagh[to.go.V-ing][to.V.in.vain][V→V]-@*@₂~sf–(g₂)k(a)e[the.one.that.possessor.V-ed][V→N][N][Abs][3SgPoss][SgPosd]
atiinnayaqanga	atigh-~:(u)te[condition.with.respect.to.V-ing][V→N]-te[to.catch.N][to.go.to.N][N→V]-@₁~fna[in.order.to.V][intending.to.V][V→V]-@₁~fyagh[to.go.V-ing][to.V.in.vain][V→V]-@*@₂~sf–(g₂)k(a)e[the.one.that.possessor.V-ed][V→N][N][Abs][3SgPoss][SgPosd]
atiinnayaqanga	atigh-~:(u)te[condition.with.respect.to.V-ing][V→N]-te[to.catch.N][to.go.to.N][N→V]-@₁~fna[in.order.to.V][intending.to.V][V→V]-~:(u)te[to.V.for.or.with][to.cause.to.V.as.one.is.V-ing][to.V.toward.each.other][V→V]-@₁~fyagh[to.go.V-ing][to.V.in.vain][V→V]-@*@₂~sf–(g₂)k(a)e[the.one.that.possessor.V-ed][V→N][N][Abs][3SgPoss][SgPosd]
atiinnayaqanga	atigh-~:(u)te[condition.with.respect.to.V-ing][V→N]-te[to.catch.N][to.go.to.N][N→V]-@₁~fna[in.order.to.V][intending.to.V][V→V]-~:(u)te[SBJ.V-ed.something][V→V]-@₁~fyagh[to.go.V-ing][to.V.in.vain][V→V]-@*@₂~sf–(g₂)k(a)e[the.one.that.possessor.V-ed][V→N][N][Abs][3SgPoss][SgPosd]
atiinnayaqanga	atigh-~:(u)te[SBJ.V-ed.something][V→V]-te[to.act.on.so.as.to.cause.to.V][V→V]-@₁~fna[in.order.to.V][intending.to.V][V→V]-@₁~fyagh[to.go.V-ing][to.V.in.vain][V→V]-@*@₂~sf–(g₂)k(a)e[the.one.that.possessor.V-ed][V→N][N][Abs][3SgPoss][SgPosd]
atiinnayaqanga	atigh-~:(u)te[SBJ.V-ed.something][V→V]-te[to.act.on.so.as.to.cause.to.V][V→V]-@₁~fna[in.order.to.V][intending.to.V][V→V]-~:(u)te[to.V.for.or.with][to.cause.to.V.as.one.is.V-ing][to.V.toward.each.other][V→V]-@₁~fyagh[to.go.V-ing][to.V.in.vain][V→V]-@*@₂~sf–(g₂)k(a)e[the.one.that.possessor.V-ed][V→N][N][Abs][3SgPoss][SgPosd]
atiinnayaqanga	atigh-~:(u)te[SBJ.V-ed.something][V→V]-te[to.act.on.so.as.to.cause.to.V][V→V]-@₁~fna[in.order.to.V][intending.to.V][V→V]-~:(u)te[SBJ.V-ed.something][V→V]-@₁~fyagh[to.go.V-ing][to.V.in.vain][V→V]-@*@₂~sf–(g₂)k(a)e[the.one.that.possessor.V-ed][V→N][N][Abs][3SgPoss][SgPosd]
atiinnayaqanga	atigh-~:(u)te[SBJ.V-ed.something][V→V]-@₁~fna[in.order.to.V][intending.to.V][V→V]-@₁~fyagh[to.go.V-ing][to.V.in.vain][V→V]-@*@₂~sf–(g₂)k(a)e[the.one.that.possessor.V-ed][V→N][N][Abs][3SgPoss][SgPosd]
atiinnayaqanga	atigh-~:(u)te[SBJ.V-ed.something][V→V]-@₁~fna[in.order.to.V][intending.to.V][V→V]-~:(u)te[to.V.for.or.with][to.cause.to.V.as.one.is.V-ing][to.V.toward.each.other][V→V]-@₁~fyagh[to.go.V-ing][to.V.in.vain][V→V]-@*@₂~sf–(g₂)k(a)e[the.one.that.possessor.V-ed][V→N][N][Abs][3SgPoss][SgPosd]
atiinnayaqanga	atigh-~:(u)te[SBJ.V-ed.something][V→V]-@₁~fna[in.order.to.V][intending.to.V][V→V]-~:(u)te[SBJ.V-ed.something][V→V]-@₁~fyagh[to.go.V-ing][to.V.in.vain][V→V]-@*@₂~sf–(g₂)k(a)e[the.one.that.possessor.V-ed][V→N][N][Abs][3SgPoss][SgPosd]
atiinnayaqanga	atugh-~:(ng₁)u[to.be.N][N→V]-~i[SBJ.V-ed.something][V→V]-te[to.act.on.so.as.to.cause.to.V][V→V]-te[to.act.on.so.as.to.cause.to.V][V→V]-te[to.act.on.so.as.to.cause.to.V][V→V]-@₁~fna[in.order.to.V][intending.to.V][V→V]-@₁~fyagh[to.go.V-ing][to.V.in.vain][V→V]-@*@₂~sf–(g₂)k(a)e[the.one.that.possessor.V-ed][V→N][N][Abs][3SgPoss][SgPosd]
atiinnayaqanga	atugh-~:(ng₁)u[to.be.N][N→V]-~i[SBJ.V-ed.something][V→V]-te[to.act.on.so.as.to.cause.to.V][V→V]-te[to.act.on.so.as.to.cause.to.V][V→V]-@₁~fna[in.order.to.V][intending.to.V][V→V]-@₁~fyagh[to.go.V-ing][to.V.in.vain][V→V]-@*@₂~sf–(g₂)k(a)e[the.one.that.possessor.V-ed][V→N][N][Abs][3SgPoss][SgPosd]
atiinnayaqanga	atugh-~:(ng₁)u[to.be.N][N→V]-~i[SBJ.V-ed.something][V→V]-te[to.act.on.so.as.to.cause.to.V][V→V]-@₁~fna[in.order.to.V][intending.to.V][V→V]-@₁~fyagh[to.go.V-ing][to.V.in.vain][V→V]-@*@₂~sf–(g₂)k(a)e[the.one.that.possessor.V-ed][V→N][N][Abs][3SgPoss][SgPosd]
atiinnayaqanga	atugh-~:(ng₁)ite**[to.lack.N][to.not.have.N][N→V]-te[to.act.on.so.as.to.cause.to.V][V→V]-@₁~fna[in.order.to.V][intending.to.V][V→V]-@₁~fyagh[to.go.V-ing][to.V.in.vain][V→V]-@*@₂~sf–(g₂)k(a)e[the.one.that.possessor.V-ed][V→N][N][Abs][3SgPoss][SgPosd]
atiinnayaqanga	atugh-~:(ng₁)ite**[to.lack.N][to.not.have.N][N→V]-te[to.act.on.so.as.to.cause.to.V][V→V]-@₁~fna[in.order.to.V][intending.to.V][V→V]-~:(u)te[to.V.for.or.with][to.cause.to.V.as.one.is.V-ing][to.V.toward.each.other][V→V]-@₁~fyagh[to.go.V-ing][to.V.in.vain][V→V]-@*@₂~sf–(g₂)k(a)e[the.one.that.possessor.V-ed][V→N][N][Abs][3SgPoss][SgPosd]
atiinnayaqanga	atugh-~:(ng₁)ite**[to.lack.N][to.not.have.N][N→V]-te[to.act.on.so.as.to.cause.to.V][V→V]-@₁~fna[in.order.to.V][intending.to.V][V→V]-~:(u)te[SBJ.V-ed.something][V→V]-@₁~fyagh[to.go.V-ing][to.V.in.vain][V→V]-@*@₂~sf–(g₂)k(a)e[the.one.that.possessor.V-ed][V→N][N][Abs][3SgPoss][SgPosd]
atiinnayaqanga	atugh-~:(ng₁)ite**[to.lack.N][to.not.have.N][N→V]-@₁~fna[in.order.to.V][intending.to.V][V→V]-@₁~fyagh[to.go.V-ing][to.V.in.vain][V→V]-@*@₂~sf–(g₂)k(a)e[the.one.that.possessor.V-ed][V→N][N][Abs][3SgPoss][SgPosd]
atiinnayaqanga	atugh-~:(ng₁)ite**[to.lack.N][to.not.have.N][N→V]-@₁~fna[in.order.to.V][intending.to.V][V→V]-~:(u)te[to.V.for.or.with][to.cause.to.V.as.one.is.V-ing][to.V.toward.each.other][V→V]-@₁~fyagh[to.go.V-ing][to.V.in.vain][V→V]-@*@₂~sf–(g₂)k(a)e[the.one.that.possessor.V-ed][V→N][N][Abs][3SgPoss][SgPosd]
atiinnayaqanga	atugh-~:(ng₁)ite**[to.lack.N][to.not.have.N][N→V]-@₁~fna[in.order.to.V][intending.to.V][V→V]-~:(u)te[SBJ.V-ed.something][V→V]-@₁~fyagh[to.go.V-ing][to.V.in.vain][V→V]-@*@₂~sf–(g₂)k(a)e[the.one.that.possessor.V-ed][V→N][N][Abs][3SgPoss][SgPosd]

------------------------


------------------------
Nalighmeng taghnughhaat tawani allgeghvigitneng atighnayaqangat nalighmeng aviighutfiganeng nunameng.

nalighmeng	naligh*[N][Abl_Mod][Unpd][Sg]
nalighmeng	naligh*[N][Rel][4DuPoss][PlPosd]
nalighmeng	naligh*[N][Rel][4DuPoss][SgPosd]
nalighmeng	naligh*[N][Rel][4PlPoss][PlPosd]
nalighmeng	naligh*[N][Rel][4PlPoss][SgPosd]
nalighmeng	nalighmeng
nalighmeng	nalighmeng[N][Abs][Unpd][Sg]

taghnughhaat	taghnughhagh*[N][Abs][Unpd][Pl]
taghnughhaat	taghnughhagh*[N][Abs][3PlPoss][SgPosd]
taghnughhaat	taghnughhagh*[N][Rel][Unpd][Pl]

tawani	tawani
tawani	tawani[N][Abs][Unpd][Sg]

allgeghvigitneng	allgeghvig[N][Abl_Mod][3DuPoss][PlPosd]
allgeghvigitneng	allgeghvig[N][Abl_Mod][3DuPoss][DuPosd]
allgeghvigitneng	allgeghvig[N][Abl_Mod][3PlPoss][PlPosd]
allgeghvigitneng	allgeghvig[N][Abl_Mod][3PlPoss][SgPosd]
allgeghvigitneng	allgeghvig[N][Abl_Mod][3PlPoss][DuPosd]

atighnayaqangat	atigh-@₁~fna[in.order.to.V][intending.to.V][V→V]-@₁~fyagh[to.go.V-ing][to.V.in.vain][V→V]-@*@₂~sf–(g₂)k(a)e[the.one.that.possessor.V-ed][V→N][N][Abs][3PlPoss][SgPosd]
atighnayaqangat	atigh-@₁~fna[in.order.to.V][intending.to.V][V→V]-@₁~fyagh[to.go.V-ing][to.V.in.vain][V→V][V][Trns][Ptcp][3Pl][3Sg]
atighnayaqangat	atigh-@₁~fna[in.order.to.V][intending.to.V][V→V]-~:(u)te[to.V.for.or.with][to.cause.to.V.as.one.is.V-ing][to.V.toward.each.other][V→V]-@₁~fyagh[to.go.V-ing][to.V.in.vain][V→V]-@*@₂~sf–(g₂)k(a)e[the.one.that.possessor.V-ed][V→N][N][Abs][3PlPoss][SgPosd]
atighnayaqangat	atigh-@₁~fna[in.order.to.V][intending.to.V][V→V]-~:(u)te[to.V.for.or.with][to.cause.to.V.as.one.is.V-ing][to.V.toward.each.other][V→V]-@₁~fyagh[to.go.V-ing][to.V.in.vain][V→V][V][Trns][Ptcp][3Pl][3Sg]
atighnayaqangat	atigh-@₁~fna[in.order.to.V][intending.to.V][V→V]-~:(u)te[SBJ.V-ed.something][V→V]-@₁~fyagh[to.go.V-ing][to.V.in.vain][V→V]-@*@₂~sf–(g₂)k(a)e[the.one.that.possessor.V-ed][V→N][N][Abs][3PlPoss][SgPosd]

nalighmeng	naligh*[N][Abl_Mod][Unpd][Sg]
nalighmeng	naligh*[N][Rel][4DuPoss][PlPosd]
nalighmeng	naligh*[N][Rel][4DuPoss][SgPosd]
nalighmeng	naligh*[N][Rel][4PlPoss][PlPosd]
nalighmeng	naligh*[N][Rel][4PlPoss][SgPosd]
nalighmeng	nalighmeng
nalighmeng	nalighmeng[N][Abs][Unpd][Sg]

aviighutfiganeng	+?

nunameng	nuna[N][Abl_Mod][Unpd][Sg]
nunameng	nuna[N][Rel][4DuPoss][PlPosd]
nunameng	nuna[N][Rel][4DuPoss][SgPosd]
nunameng	nuna[N][Rel][4PlPoss][PlPosd]
nunameng	nuna[N][Rel][4PlPoss][SgPosd]

------------------------
Taagken nalighmeng lliveghviganeng, qungughviganeng.

taagken	taagken

nalighmeng	naligh*[N][Abl_Mod][Unpd][Sg]
nalighmeng	naligh*[N][Rel][4DuPoss][PlPosd]
nalighmeng	naligh*[N][Rel][4DuPoss][SgPosd]
nalighmeng	naligh*[N][Rel][4PlPoss][PlPosd]
nalighmeng	naligh*[N][Rel][4PlPoss][SgPosd]
nalighmeng	nalighmeng
nalighmeng	nalighmeng[N][Abs][Unpd][Sg]

lliveghviganeng	+?

qungughviganeng	qungughvig[N][Abl_Mod][3SgPoss][SgPosd]
qungughviganeng	qungughvig[N][Abl_Mod][3SgPoss][PlPosd]

------------------------


------------------------
Aatghet Teghikusat, Qawaaget, Piitesighaat

aatghet	ategh[N][Abs][Unpd][Pl]
aatghet	ategh[N][Rel][Unpd][Pl]
aatghet	Ategh[N][Abs][Unpd][Pl]
aatghet	Ategh[N][Rel][Unpd][Pl]

teghikusat	teghikusagh[N][Abs][Unpd][Pl]
teghikusat	teghikusagh[N][Rel][Unpd][Pl]

qawaaget	qawaag[N][Abs][Unpd][Pl]
qawaaget	qawaag[N][Rel][Unpd][Pl]

piitesighaat	piitesighagh[N][Abs][3PlPoss][SgPosd]

------------------------


------------------------
Allaaghhiinaq ateq nagaqughaqegkefut, qawaagem aatgha, teghikusam aatgha saamllu piitesigham, atelek tamaakenllu uglaghtuq.

allaaghhiinaq	+?

ateq	ategh[N][Abs][Unpd][Sg]
ateq	Ategh[N][Abs][Unpd][Sg]

nagaqughaqegkefut	+?

qawaagem	qawaag[N][Rel][Unpd][Sg]

aatgha	ategh[N][Abs][3SgPoss][SgPosd]
aatgha	Ategh[N][Abs][3SgPoss][SgPosd]

teghikusam	teghikusagh[N][Rel][Unpd][Sg]

aatgha	ategh[N][Abs][3SgPoss][SgPosd]
aatgha	Ategh[N][Abs][3SgPoss][SgPosd]

saamllu	saa[N][Rel][Unpd][Sg]-llu[Encl]
saamllu	saam[N][Abs][Unpd][Sg]-llu[Encl]

piitesigham	piitesighagh[N][Rel][Unpd][Sg]

atelek	ategh-–leg[one.having.N][N→N][N][Abs][Unpd][Sg]
atelek	Ategh-–leg[one.having.N][N→N][N][Abs][Unpd][Sg]

tamaakenllu	tamaa-@*@₂~sf–(g₂)k(a)e[the.one.that.possessor.V-ed][V→N][N][Abs][2SgPoss][SgPosd]-llu[Encl]

uglaghtuq	uglagh[V][Intr][Ind][3Sg]
uglaghtuq	uglagh-te[to.act.on.so.as.to.cause.to.V][V→V][V][Intr][Ind][3Sg]
uglaghtuq	uglagh-te[to.catch.N][to.go.to.N][N→V][V][Intr][Ind][3Sg]

------------------------


------------------------
Akuzilleghmeng Atilleq

akuzilleghmeng	akuzillegh[N][Abl_Mod][Unpd][Sg]
akuzilleghmeng	akuzillegh[N][Rel][4DuPoss][PlPosd]
akuzilleghmeng	akuzillegh[N][Rel][4DuPoss][SgPosd]
akuzilleghmeng	akuzillegh[N][Rel][4PlPoss][PlPosd]
akuzilleghmeng	akuzillegh[N][Rel][4PlPoss][SgPosd]

atilleq	+?

------------------------


------------------------
Kiyaghlluteng sameng pituqat.

kiyaghlluteng	+?

sameng	sa[N][Abl_Mod][Unpd][Sg]
sameng	sa[N][Rel][4DuPoss][PlPosd]
sameng	sa[N][Rel][4DuPoss][SgPosd]
sameng	sa[N][Rel][4PlPoss][PlPosd]
sameng	sa[N][Rel][4PlPoss][SgPosd]
sameng	sameng

pituqat	+?

------------------------
Yuuk taana sameng pitukan, taana akuzillgha taghnughhaghmunnguq atiisaghngaaghmi.

yuuk	yug[N][Abs][Sg]

taana	taane[V][Intr][Intrg][3Sg]
taana	taana

sameng	sa[N][Abl_Mod][Unpd][Sg]
sameng	sa[N][Rel][4DuPoss][PlPosd]
sameng	sa[N][Rel][4DuPoss][SgPosd]
sameng	sa[N][Rel][4PlPoss][PlPosd]
sameng	sa[N][Rel][4PlPoss][SgPosd]
sameng	sameng

pitukan	+?

taana	taane[V][Intr][Intrg][3Sg]
taana	taana

akuzillgha	akuzillegh[N][Abs][3SgPoss][SgPosd]

taghnughhaghmunnguq	+?

atiisaghngaaghmi	atigh-~:(u)te[to.V.for.or.with][to.cause.to.V.as.one.is.V-ing][to.V.toward.each.other][V→V]-te[to.act.on.so.as.to.cause.to.V][V→V]-@₁~fyagh[to.go.V-ing][to.V.in.vain][V→V][V][Intr][Conc][4Sg]
atiisaghngaaghmi	atigh-~:(u)te[to.V.for.or.with][to.cause.to.V.as.one.is.V-ing][to.V.toward.each.other][V→V]-@₁~fyagh[to.go.V-ing][to.V.in.vain][V→V][V][Intr][Conc][4Sg]
atiisaghngaaghmi	atigh-~:(u)te[condition.with.respect.to.V-ing][V→N]-te[to.catch.N][to.go.to.N][N→V]-@₁~fyagh[to.go.V-ing][to.V.in.vain][V→V][V][Intr][Conc][4Sg]
atiisaghngaaghmi	atigh-~:(u)te[SBJ.V-ed.something][V→V]-te[to.act.on.so.as.to.cause.to.V][V→V]-@₁~fyagh[to.go.V-ing][to.V.in.vain][V→V][V][Intr][Conc][4Sg]
atiisaghngaaghmi	atigh-~:(u)te[SBJ.V-ed.something][V→V]-@₁~fyagh[to.go.V-ing][to.V.in.vain][V→V][V][Intr][Conc][4Sg]
atiisaghngaaghmi	atugh-~:(ng₁)u[to.be.N][N→V]-~i[SBJ.V-ed.something][V→V]-~i[SBJ.V-ed.something][V→V]-~i[SBJ.V-ed.something][V→V]-~i[SBJ.V-ed.something][V→V]-te[to.act.on.so.as.to.cause.to.V][V→V]-te[to.act.on.so.as.to.cause.to.V][V→V]-te[to.act.on.so.as.to.cause.to.V][V→V]-te[to.act.on.so.as.to.cause.to.V][V→V]-te[to.act.on.so.as.to.cause.to.V][V→V]-te[to.act.on.so.as.to.cause.to.V][V→V]-@₁~fyagh[to.go.V-ing][to.V.in.vain][V→V][V][Intr][Conc][4Sg]
atiisaghngaaghmi	atugh-~:(ng₁)u[to.be.N][N→V]-~i[SBJ.V-ed.something][V→V]-~i[SBJ.V-ed.something][V→V]-~i[SBJ.V-ed.something][V→V]-~i[SBJ.V-ed.something][V→V]-te[to.act.on.so.as.to.cause.to.V][V→V]-te[to.act.on.so.as.to.cause.to.V][V→V]-te[to.act.on.so.as.to.cause.to.V][V→V]-te[to.act.on.so.as.to.cause.to.V][V→V]-te[to.act.on.so.as.to.cause.to.V][V→V]-@₁~fyagh[to.go.V-ing][to.V.in.vain][V→V][V][Intr][Conc][4Sg]
atiisaghngaaghmi	atugh-~:(ng₁)u[to.be.N][N→V]-~i[SBJ.V-ed.something][V→V]-~i[SBJ.V-ed.something][V→V]-~i[SBJ.V-ed.something][V→V]-~i[SBJ.V-ed.something][V→V]-te[to.act.on.so.as.to.cause.to.V][V→V]-te[to.act.on.so.as.to.cause.to.V][V→V]-te[to.act.on.so.as.to.cause.to.V][V→V]-te[to.act.on.so.as.to.cause.to.V][V→V]-@₁~fyagh[to.go.V-ing][to.V.in.vain][V→V][V][Intr][Conc][4Sg]
atiisaghngaaghmi	atugh-~:(ng₁)u[to.be.N][N→V]-~i[SBJ.V-ed.something][V→V]-~i[SBJ.V-ed.something][V→V]-~i[SBJ.V-ed.something][V→V]-~i[SBJ.V-ed.something][V→V]-te[to.act.on.so.as.to.cause.to.V][V→V]-te[to.act.on.so.as.to.cause.to.V][V→V]-te[to.act.on.so.as.to.cause.to.V][V→V]-@₁~fyagh[to.go.V-ing][to.V.in.vain][V→V][V][Intr][Conc][4Sg]
atiisaghngaaghmi	atugh-~:(ng₁)u[to.be.N][N→V]-~i[SBJ.V-ed.something][V→V]-~i[SBJ.V-ed.something][V→V]-~i[SBJ.V-ed.something][V→V]-~i[SBJ.V-ed.something][V→V]-te[to.act.on.so.as.to.cause.to.V][V→V]-te[to.act.on.so.as.to.cause.to.V][V→V]-@₁~fyagh[to.go.V-ing][to.V.in.vain][V→V][V][Intr][Conc][4Sg]
atiisaghngaaghmi	atugh-~:(ng₁)u[to.be.N][N→V]-~i[SBJ.V-ed.something][V→V]-~i[SBJ.V-ed.something][V→V]-~i[SBJ.V-ed.something][V→V]-~i[SBJ.V-ed.something][V→V]-te[to.act.on.so.as.to.cause.to.V][V→V]-@₁~fyagh[to.go.V-ing][to.V.in.vain][V→V][V][Intr][Conc][4Sg]
atiisaghngaaghmi	atugh-~:(ng₁)u[to.be.N][N→V]-~i[SBJ.V-ed.something][V→V]-~i[SBJ.V-ed.something][V→V]-~i[SBJ.V-ed.something][V→V]-te[to.act.on.so.as.to.cause.to.V][V→V]-te[to.act.on.so.as.to.cause.to.V][V→V]-te[to.act.on.so.as.to.cause.to.V][V→V]-te[to.act.on.so.as.to.cause.to.V][V→V]-te[to.act.on.so.as.to.cause.to.V][V→V]-@₁~fyagh[to.go.V-ing][to.V.in.vain][V→V][V][Intr][Conc][4Sg]
atiisaghngaaghmi	atugh-~:(ng₁)u[to.be.N][N→V]-~i[SBJ.V-ed.something][V→V]-~i[SBJ.V-ed.something][V→V]-~i[SBJ.V-ed.something][V→V]-te[to.act.on.so.as.to.cause.to.V][V→V]-te[to.act.on.so.as.to.cause.to.V][V→V]-te[to.act.on.so.as.to.cause.to.V][V→V]-te[to.act.on.so.as.to.cause.to.V][V→V]-@₁~fyagh[to.go.V-ing][to.V.in.vain][V→V][V][Intr][Conc][4Sg]
atiisaghngaaghmi	atugh-~:(ng₁)u[to.be.N][N→V]-~i[SBJ.V-ed.something][V→V]-~i[SBJ.V-ed.something][V→V]-~i[SBJ.V-ed.something][V→V]-te[to.act.on.so.as.to.cause.to.V][V→V]-te[to.act.on.so.as.to.cause.to.V][V→V]-te[to.act.on.so.as.to.cause.to.V][V→V]-@₁~fyagh[to.go.V-ing][to.V.in.vain][V→V][V][Intr][Conc][4Sg]
atiisaghngaaghmi	atugh-~:(ng₁)u[to.be.N][N→V]-~i[SBJ.V-ed.something][V→V]-~i[SBJ.V-ed.something][V→V]-~i[SBJ.V-ed.something][V→V]-te[to.act.on.so.as.to.cause.to.V][V→V]-te[to.act.on.so.as.to.cause.to.V][V→V]-@₁~fyagh[to.go.V-ing][to.V.in.vain][V→V][V][Intr][Conc][4Sg]
atiisaghngaaghmi	atugh-~:(ng₁)u[to.be.N][N→V]-~i[SBJ.V-ed.something][V→V]-~i[SBJ.V-ed.something][V→V]-~i[SBJ.V-ed.something][V→V]-te[to.act.on.so.as.to.cause.to.V][V→V]-@₁~fyagh[to.go.V-ing][to.V.in.vain][V→V][V][Intr][Conc][4Sg]
atiisaghngaaghmi	atugh-~:(ng₁)u[to.be.N][N→V]-~i[SBJ.V-ed.something][V→V]-~i[SBJ.V-ed.something][V→V]-~i[SBJ.V-ed.something][V→V]-~:(u)te[to.V.for.or.with][to.cause.to.V.as.one.is.V-ing][to.V.toward.each.other][V→V]-te[to.act.on.so.as.to.cause.to.V][V→V]-te[to.act.on.so.as.to.cause.to.V][V→V]-te[to.act.on.so.as.to.cause.to.V][V→V]-te[to.act.on.so.as.to.cause.to.V][V→V]-te[to.act.on.so.as.to.cause.to.V][V→V]-@₁~fyagh[to.go.V-ing][to.V.in.vain][V→V][V][Intr][Conc][4Sg]
atiisaghngaaghmi	atugh-~:(ng₁)u[to.be.N][N→V]-~i[SBJ.V-ed.something][V→V]-~i[SBJ.V-ed.something][V→V]-~i[SBJ.V-ed.something][V→V]-~:(u)te[to.V.for.or.with][to.cause.to.V.as.one.is.V-ing][to.V.toward.each.other][V→V]-te[to.act.on.so.as.to.cause.to.V][V→V]-te[to.act.on.so.as.to.cause.to.V][V→V]-te[to.act.on.so.as.to.cause.to.V][V→V]-te[to.act.on.so.as.to.cause.to.V][V→V]-@₁~fyagh[to.go.V-ing][to.V.in.vain][V→V][V][Intr][Conc][4Sg]
atiisaghngaaghmi	atugh-~:(ng₁)u[to.be.N][N→V]-~i[SBJ.V-ed.something][V→V]-~i[SBJ.V-ed.something][V→V]-~i[SBJ.V-ed.something][V→V]-~:(u)te[to.V.for.or.with][to.cause.to.V.as.one.is.V-ing][to.V.toward.each.other][V→V]-te[to.act.on.so.as.to.cause.to.V][V→V]-te[to.act.on.so.as.to.cause.to.V][V→V]-te[to.act.on.so.as.to.cause.to.V][V→V]-@₁~fyagh[to.go.V-ing][to.V.in.vain][V→V][V][Intr][Conc][4Sg]
atiisaghngaaghmi	atugh-~:(ng₁)u[to.be.N][N→V]-~i[SBJ.V-ed.something][V→V]-~i[SBJ.V-ed.something][V→V]-~i[SBJ.V-ed.something][V→V]-~:(u)te[to.V.for.or.with][to.cause.to.V.as.one.is.V-ing][to.V.toward.each.other][V→V]-te[to.act.on.so.as.to.cause.to.V][V→V]-te[to.act.on.so.as.to.cause.to.V][V→V]-@₁~fyagh[to.go.V-ing][to.V.in.vain][V→V][V][Intr][Conc][4Sg]
atiisaghngaaghmi	atugh-~:(ng₁)u[to.be.N][N→V]-~i[SBJ.V-ed.something][V→V]-~i[SBJ.V-ed.something][V→V]-~i[SBJ.V-ed.something][V→V]-~:(u)te[to.V.for.or.with][to.cause.to.V.as.one.is.V-ing][to.V.toward.each.other][V→V]-te[to.act.on.so.as.to.cause.to.V][V→V]-@₁~fyagh[to.go.V-ing][to.V.in.vain][V→V][V][Intr][Conc][4Sg]
atiisaghngaaghmi	atugh-~:(ng₁)u[to.be.N][N→V]-~i[SBJ.V-ed.something][V→V]-~i[SBJ.V-ed.something][V→V]-~i[SBJ.V-ed.something][V→V]-~:(u)te[condition.with.respect.to.V-ing][V→N]-te[to.catch.N][to.go.to.N][N→V]-te[to.act.on.so.as.to.cause.to.V][V→V]-te[to.act.on.so.as.to.cause.to.V][V→V]-te[to.act.on.so.as.to.cause.to.V][V→V]-te[to.act.on.so.as.to.cause.to.V][V→V]-@₁~fyagh[to.go.V-ing][to.V.in.vain][V→V][V][Intr][Conc][4Sg]
atiisaghngaaghmi	atugh-~:(ng₁)u[to.be.N][N→V]-~i[SBJ.V-ed.something][V→V]-~i[SBJ.V-ed.something][V→V]-~i[SBJ.V-ed.something][V→V]-~:(u)te[condition.with.respect.to.V-ing][V→N]-te[to.catch.N][to.go.to.N][N→V]-te[to.act.on.so.as.to.cause.to.V][V→V]-te[to.act.on.so.as.to.cause.to.V][V→V]-te[to.act.on.so.as.to.cause.to.V][V→V]-@₁~fyagh[to.go.V-ing][to.V.in.vain][V→V][V][Intr][Conc][4Sg]
atiisaghngaaghmi	atugh-~:(ng₁)u[to.be.N][N→V]-~i[SBJ.V-ed.something][V→V]-~i[SBJ.V-ed.something][V→V]-~i[SBJ.V-ed.something][V→V]-~:(u)te[condition.with.respect.to.V-ing][V→N]-te[to.catch.N][to.go.to.N][N→V]-te[to.act.on.so.as.to.cause.to.V][V→V]-te[to.act.on.so.as.to.cause.to.V][V→V]-@₁~fyagh[to.go.V-ing][to.V.in.vain][V→V][V][Intr][Conc][4Sg]
atiisaghngaaghmi	atugh-~:(ng₁)u[to.be.N][N→V]-~i[SBJ.V-ed.something][V→V]-~i[SBJ.V-ed.something][V→V]-~i[SBJ.V-ed.something][V→V]-~:(u)te[condition.with.respect.to.V-ing][V→N]-te[to.catch.N][to.go.to.N][N→V]-te[to.act.on.so.as.to.cause.to.V][V→V]-@₁~fyagh[to.go.V-ing][to.V.in.vain][V→V][V][Intr][Conc][4Sg]
atiisaghngaaghmi	atugh-~:(ng₁)u[to.be.N][N→V]-~i[SBJ.V-ed.something][V→V]-~i[SBJ.V-ed.something][V→V]-~i[SBJ.V-ed.something][V→V]-~:(u)te[condition.with.respect.to.V-ing][V→N]-te[to.catch.N][to.go.to.N][N→V]-@₁~fyagh[to.go.V-ing][to.V.in.vain][V→V][V][Intr][Conc][4Sg]
atiisaghngaaghmi	atugh-~:(ng₁)u[to.be.N][N→V]-~i[SBJ.V-ed.something][V→V]-~i[SBJ.V-ed.something][V→V]-~i[SBJ.V-ed.something][V→V]-~:(u)te[SBJ.V-ed.something][V→V]-te[to.act.on.so.as.to.cause.to.V][V→V]-te[to.act.on.so.as.to.cause.to.V][V→V]-te[to.act.on.so.as.to.cause.to.V][V→V]-te[to.act.on.so.as.to.cause.to.V][V→V]-te[to.act.on.so.as.to.cause.to.V][V→V]-@₁~fyagh[to.go.V-ing][to.V.in.vain][V→V][V][Intr][Conc][4Sg]
atiisaghngaaghmi	atugh-~:(ng₁)u[to.be.N][N→V]-~i[SBJ.V-ed.something][V→V]-~i[SBJ.V-ed.something][V→V]-~i[SBJ.V-ed.something][V→V]-~:(u)te[SBJ.V-ed.something][V→V]-te[to.act.on.so.as.to.cause.to.V][V→V]-te[to.act.on.so.as.to.cause.to.V][V→V]-te[to.act.on.so.as.to.cause.to.V][V→V]-te[to.act.on.so.as.to.cause.to.V][V→V]-@₁~fyagh[to.go.V-ing][to.V.in.vain][V→V][V][Intr][Conc][4Sg]
atiisaghngaaghmi	atugh-~:(ng₁)u[to.be.N][N→V]-~i[SBJ.V-ed.something][V→V]-~i[SBJ.V-ed.something][V→V]-~i[SBJ.V-ed.something][V→V]-~:(u)te[SBJ.V-ed.something][V→V]-te[to.act.on.so.as.to.cause.to.V][V→V]-te[to.act.on.so.as.to.cause.to.V][V→V]-te[to.act.on.so.as.to.cause.to.V][V→V]-@₁~fyagh[to.go.V-ing][to.V.in.vain][V→V][V][Intr][Conc][4Sg]
atiisaghngaaghmi	atugh-~:(ng₁)u[to.be.N][N→V]-~i[SBJ.V-ed.something][V→V]-~i[SBJ.V-ed.something][V→V]-~i[SBJ.V-ed.something][V→V]-~:(u)te[SBJ.V-ed.something][V→V]-te[to.act.on.so.as.to.cause.to.V][V→V]-te[to.act.on.so.as.to.cause.to.V][V→V]-@₁~fyagh[to.go.V-ing][to.V.in.vain][V→V][V][Intr][Conc][4Sg]
atiisaghngaaghmi	atugh-~:(ng₁)u[to.be.N][N→V]-~i[SBJ.V-ed.something][V→V]-~i[SBJ.V-ed.something][V→V]-~i[SBJ.V-ed.something][V→V]-~:(u)te[SBJ.V-ed.something][V→V]-te[to.act.on.so.as.to.cause.to.V][V→V]-@₁~fyagh[to.go.V-ing][to.V.in.vain][V→V][V][Intr][Conc][4Sg]
atiisaghngaaghmi	atugh-~:(ng₁)u[to.be.N][N→V]-~i[SBJ.V-ed.something][V→V]-~i[SBJ.V-ed.something][V→V]-te[to.act.on.so.as.to.cause.to.V][V→V]-te[to.act.on.so.as.to.cause.to.V][V→V]-te[to.act.on.so.as.to.cause.to.V][V→V]-te[to.act.on.so.as.to.cause.to.V][V→V]-@₁~fyagh[to.go.V-ing][to.V.in.vain][V→V][V][Intr][Conc][4Sg]
atiisaghngaaghmi	atugh-~:(ng₁)u[to.be.N][N→V]-~i[SBJ.V-ed.something][V→V]-~i[SBJ.V-ed.something][V→V]-te[to.act.on.so.as.to.cause.to.V][V→V]-te[to.act.on.so.as.to.cause.to.V][V→V]-te[to.act.on.so.as.to.cause.to.V][V→V]-@₁~fyagh[to.go.V-ing][to.V.in.vain][V→V][V][Intr][Conc][4Sg]
atiisaghngaaghmi	atugh-~:(ng₁)u[to.be.N][N→V]-~i[SBJ.V-ed.something][V→V]-~i[SBJ.V-ed.something][V→V]-te[to.act.on.so.as.to.cause.to.V][V→V]-te[to.act.on.so.as.to.cause.to.V][V→V]-@₁~fyagh[to.go.V-ing][to.V.in.vain][V→V][V][Intr][Conc][4Sg]
atiisaghngaaghmi	atugh-~:(ng₁)u[to.be.N][N→V]-~i[SBJ.V-ed.something][V→V]-~i[SBJ.V-ed.something][V→V]-te[to.act.on.so.as.to.cause.to.V][V→V]-@₁~fyagh[to.go.V-ing][to.V.in.vain][V→V][V][Intr][Conc][4Sg]
atiisaghngaaghmi	atugh-~:(ng₁)u[to.be.N][N→V]-~i[SBJ.V-ed.something][V→V]-~i[SBJ.V-ed.something][V→V]-~:(u)te[to.V.for.or.with][to.cause.to.V.as.one.is.V-ing][to.V.toward.each.other][V→V]-te[to.act.on.so.as.to.cause.to.V][V→V]-te[to.act.on.so.as.to.cause.to.V][V→V]-te[to.act.on.so.as.to.cause.to.V][V→V]-te[to.act.on.so.as.to.cause.to.V][V→V]-@₁~fyagh[to.go.V-ing][to.V.in.vain][V→V][V][Intr][Conc][4Sg]
atiisaghngaaghmi	atugh-~:(ng₁)u[to.be.N][N→V]-~i[SBJ.V-ed.something][V→V]-~i[SBJ.V-ed.something][V→V]-~:(u)te[to.V.for.or.with][to.cause.to.V.as.one.is.V-ing][to.V.toward.each.other][V→V]-te[to.act.on.so.as.to.cause.to.V][V→V]-te[to.act.on.so.as.to.cause.to.V][V→V]-te[to.act.on.so.as.to.cause.to.V][V→V]-@₁~fyagh[to.go.V-ing][to.V.in.vain][V→V][V][Intr][Conc][4Sg]
atiisaghngaaghmi	atugh-~:(ng₁)u[to.be.N][N→V]-~i[SBJ.V-ed.something][V→V]-~i[SBJ.V-ed.something][V→V]-~:(u)te[to.V.for.or.with][to.cause.to.V.as.one.is.V-ing][to.V.toward.each.other][V→V]-te[to.act.on.so.as.to.cause.to.V][V→V]-te[to.act.on.so.as.to.cause.to.V][V→V]-@₁~fyagh[to.go.V-ing][to.V.in.vain][V→V][V][Intr][Conc][4Sg]
atiisaghngaaghmi	atugh-~:(ng₁)u[to.be.N][N→V]-~i[SBJ.V-ed.something][V→V]-~i[SBJ.V-ed.something][V→V]-~:(u)te[to.V.for.or.with][to.cause.to.V.as.one.is.V-ing][to.V.toward.each.other][V→V]-te[to.act.on.so.as.to.cause.to.V][V→V]-@₁~fyagh[to.go.V-ing][to.V.in.vain][V→V][V][Intr][Conc][4Sg]
atiisaghngaaghmi	atugh-~:(ng₁)u[to.be.N][N→V]-~i[SBJ.V-ed.something][V→V]-~i[SBJ.V-ed.something][V→V]-~:(u)te[condition.with.respect.to.V-ing][V→N]-te[to.catch.N][to.go.to.N][N→V]-te[to.act.on.so.as.to.cause.to.V][V→V]-te[to.act.on.so.as.to.cause.to.V][V→V]-te[to.act.on.so.as.to.cause.to.V][V→V]-@₁~fyagh[to.go.V-ing][to.V.in.vain][V→V][V][Intr][Conc][4Sg]
atiisaghngaaghmi	atugh-~:(ng₁)u[to.be.N][N→V]-~i[SBJ.V-ed.something][V→V]-~i[SBJ.V-ed.something][V→V]-~:(u)te[condition.with.respect.to.V-ing][V→N]-te[to.catch.N][to.go.to.N][N→V]-te[to.act.on.so.as.to.cause.to.V][V→V]-te[to.act.on.so.as.to.cause.to.V][V→V]-@₁~fyagh[to.go.V-ing][to.V.in.vain][V→V][V][Intr][Conc][4Sg]
atiisaghngaaghmi	atugh-~:(ng₁)u[to.be.N][N→V]-~i[SBJ.V-ed.something][V→V]-~i[SBJ.V-ed.something][V→V]-~:(u)te[condition.with.respect.to.V-ing][V→N]-te[to.catch.N][to.go.to.N][N→V]-te[to.act.on.so.as.to.cause.to.V][V→V]-@₁~fyagh[to.go.V-ing][to.V.in.vain][V→V][V][Intr][Conc][4Sg]
atiisaghngaaghmi	atugh-~:(ng₁)u[to.be.N][N→V]-~i[SBJ.V-ed.something][V→V]-~i[SBJ.V-ed.something][V→V]-~:(u)te[condition.with.respect.to.V-ing][V→N]-te[to.catch.N][to.go.to.N][N→V]-@₁~fyagh[to.go.V-ing][to.V.in.vain][V→V][V][Intr][Conc][4Sg]
atiisaghngaaghmi	atugh-~:(ng₁)u[to.be.N][N→V]-~i[SBJ.V-ed.something][V→V]-~i[SBJ.V-ed.something][V→V]-~:(u)te[SBJ.V-ed.something][V→V]-te[to.act.on.so.as.to.cause.to.V][V→V]-te[to.act.on.so.as.to.cause.to.V][V→V]-te[to.act.on.so.as.to.cause.to.V][V→V]-te[to.act.on.so.as.to.cause.to.V][V→V]-@₁~fyagh[to.go.V-ing][to.V.in.vain][V→V][V][Intr][Conc][4Sg]
atiisaghngaaghmi	atugh-~:(ng₁)u[to.be.N][N→V]-~i[SBJ.V-ed.something][V→V]-~i[SBJ.V-ed.something][V→V]-~:(u)te[SBJ.V-ed.something][V→V]-te[to.act.on.so.as.to.cause.to.V][V→V]-te[to.act.on.so.as.to.cause.to.V][V→V]-te[to.act.on.so.as.to.cause.to.V][V→V]-@₁~fyagh[to.go.V-ing][to.V.in.vain][V→V][V][Intr][Conc][4Sg]
atiisaghngaaghmi	atugh-~:(ng₁)u[to.be.N][N→V]-~i[SBJ.V-ed.something][V→V]-~i[SBJ.V-ed.something][V→V]-~:(u)te[SBJ.V-ed.something][V→V]-te[to.act.on.so.as.to.cause.to.V][V→V]-te[to.act.on.so.as.to.cause.to.V][V→V]-@₁~fyagh[to.go.V-ing][to.V.in.vain][V→V][V][Intr][Conc][4Sg]
atiisaghngaaghmi	atugh-~:(ng₁)u[to.be.N][N→V]-~i[SBJ.V-ed.something][V→V]-~i[SBJ.V-ed.something][V→V]-~:(u)te[SBJ.V-ed.something][V→V]-te[to.act.on.so.as.to.cause.to.V][V→V]-@₁~fyagh[to.go.V-ing][to.V.in.vain][V→V][V][Intr][Conc][4Sg]
atiisaghngaaghmi	atugh-~:(ng₁)u[to.be.N][N→V]-~i[SBJ.V-ed.something][V→V]-te[to.act.on.so.as.to.cause.to.V][V→V]-te[to.act.on.so.as.to.cause.to.V][V→V]-te[to.act.on.so.as.to.cause.to.V][V→V]-@₁~fyagh[to.go.V-ing][to.V.in.vain][V→V][V][Intr][Conc][4Sg]
atiisaghngaaghmi	atugh-~:(ng₁)u[to.be.N][N→V]-~i[SBJ.V-ed.something][V→V]-te[to.act.on.so.as.to.cause.to.V][V→V]-te[to.act.on.so.as.to.cause.to.V][V→V]-@₁~fyagh[to.go.V-ing][to.V.in.vain][V→V][V][Intr][Conc][4Sg]
atiisaghngaaghmi	atugh-~:(ng₁)u[to.be.N][N→V]-~i[SBJ.V-ed.something][V→V]-te[to.act.on.so.as.to.cause.to.V][V→V]-@₁~fyagh[to.go.V-ing][to.V.in.vain][V→V][V][Intr][Conc][4Sg]
atiisaghngaaghmi	atugh-~:(ng₁)u[to.be.N][N→V]-~i[SBJ.V-ed.something][V→V]-~:(u)te[to.V.for.or.with][to.cause.to.V.as.one.is.V-ing][to.V.toward.each.other][V→V]-te[to.act.on.so.as.to.cause.to.V][V→V]-te[to.act.on.so.as.to.cause.to.V][V→V]-te[to.act.on.so.as.to.cause.to.V][V→V]-@₁~fyagh[to.go.V-ing][to.V.in.vain][V→V][V][Intr][Conc][4Sg]
atiisaghngaaghmi	atugh-~:(ng₁)u[to.be.N][N→V]-~i[SBJ.V-ed.something][V→V]-~:(u)te[to.V.for.or.with][to.cause.to.V.as.one.is.V-ing][to.V.toward.each.other][V→V]-te[to.act.on.so.as.to.cause.to.V][V→V]-te[to.act.on.so.as.to.cause.to.V][V→V]-@₁~fyagh[to.go.V-ing][to.V.in.vain][V→V][V][Intr][Conc][4Sg]
atiisaghngaaghmi	atugh-~:(ng₁)u[to.be.N][N→V]-~i[SBJ.V-ed.something][V→V]-~:(u)te[to.V.for.or.with][to.cause.to.V.as.one.is.V-ing][to.V.toward.each.other][V→V]-te[to.act.on.so.as.to.cause.to.V][V→V]-@₁~fyagh[to.go.V-ing][to.V.in.vain][V→V][V][Intr][Conc][4Sg]
atiisaghngaaghmi	atugh-~:(ng₁)u[to.be.N][N→V]-~i[SBJ.V-ed.something][V→V]-~:(u)te[condition.with.respect.to.V-ing][V→N]-te[to.catch.N][to.go.to.N][N→V]-te[to.act.on.so.as.to.cause.to.V][V→V]-te[to.act.on.so.as.to.cause.to.V][V→V]-@₁~fyagh[to.go.V-ing][to.V.in.vain][V→V][V][Intr][Conc][4Sg]
atiisaghngaaghmi	atugh-~:(ng₁)u[to.be.N][N→V]-~i[SBJ.V-ed.something][V→V]-~:(u)te[condition.with.respect.to.V-ing][V→N]-te[to.catch.N][to.go.to.N][N→V]-te[to.act.on.so.as.to.cause.to.V][V→V]-@₁~fyagh[to.go.V-ing][to.V.in.vain][V→V][V][Intr][Conc][4Sg]
atiisaghngaaghmi	atugh-~:(ng₁)u[to.be.N][N→V]-~i[SBJ.V-ed.something][V→V]-~:(u)te[condition.with.respect.to.V-ing][V→N]-te[to.catch.N][to.go.to.N][N→V]-@₁~fyagh[to.go.V-ing][to.V.in.vain][V→V][V][Intr][Conc][4Sg]
atiisaghngaaghmi	atugh-~:(ng₁)u[to.be.N][N→V]-~i[SBJ.V-ed.something][V→V]-~:(u)te[SBJ.V-ed.something][V→V]-te[to.act.on.so.as.to.cause.to.V][V→V]-te[to.act.on.so.as.to.cause.to.V][V→V]-te[to.act.on.so.as.to.cause.to.V][V→V]-@₁~fyagh[to.go.V-ing][to.V.in.vain][V→V][V][Intr][Conc][4Sg]
atiisaghngaaghmi	atugh-~:(ng₁)u[to.be.N][N→V]-~i[SBJ.V-ed.something][V→V]-~:(u)te[SBJ.V-ed.something][V→V]-te[to.act.on.so.as.to.cause.to.V][V→V]-te[to.act.on.so.as.to.cause.to.V][V→V]-@₁~fyagh[to.go.V-ing][to.V.in.vain][V→V][V][Intr][Conc][4Sg]
atiisaghngaaghmi	atugh-~:(ng₁)u[to.be.N][N→V]-~i[SBJ.V-ed.something][V→V]-~:(u)te[SBJ.V-ed.something][V→V]-te[to.act.on.so.as.to.cause.to.V][V→V]-@₁~fyagh[to.go.V-ing][to.V.in.vain][V→V][V][Intr][Conc][4Sg]
atiisaghngaaghmi	atugh-~:(ng₁)ite**[to.lack.N][to.not.have.N][N→V]-te[to.act.on.so.as.to.cause.to.V][V→V]-@₁~fyagh[to.go.V-ing][to.V.in.vain][V→V][V][Intr][Conc][4Sg]
atiisaghngaaghmi	atugh-~:(ng₁)ite**[to.lack.N][to.not.have.N][N→V]-@₁~fyagh[to.go.V-ing][to.V.in.vain][V→V][V][Intr][Conc][4Sg]

------------------------
Amalka yuuk, Mukaq, kiyaghlluni pituqaq,nKguuggîM Atiiqsaqmegteggu, taghnughhaq "Kguuggmeng" ("Kguugg") atiighaat.

amalka	amalka

yuuk	yug[N][Abs][Sg]

mukaq	+?

kiyaghlluni	+?

pituqaqnkguuggîm	+?

atiiqsaqmegteggu	+?

taghnughhaq	taghnughhagh*[N][Abs][Unpd][Sg]

kguuggmeng	+?

kguugg	+?

atiighaat	+?

------------------------


------------------------
Samun Elqughaghutkamun Atilleq

samun	sa[N][Ter][Unpd][Sg]

elqughaghutkamun	+?

atilleq	+?

------------------------


------------------------
Aghnaq aqsalek salleghmun elqughuskan legan taana atiisimaat, nalighmeng qavangulleq, esghaghwaalleq.

aghnaq	aghnagh[N][Abs][Unpd][Sg]

aqsalek	aqsa-–leg[one.having.N][N→N][N][Abs][Unpd][Sg]
aqsalek	aqsag-–leg[one.having.N][N→N][N][Abs][Unpd][Sg]
aqsalek	aqsaleg[N][Abs][Unpd][Sg]

salleghmun	+?

elqughuskan	elqughute[V][Intr][Cond][3Sg]

legan	legan

taana	taane[V][Intr][Intrg][3Sg]
taana	taana

atiisimaat	atigh-~:(u)te[to.V.for.or.with][to.cause.to.V.as.one.is.V-ing][to.V.toward.each.other][V→V]-@₁~:(i/u)ma[to.have.V-ed][to.have.been.V-ed][V→V][V][Intr][Intrg][3Pl]
atiisimaat	atigh-~:(u)te[to.V.for.or.with][to.cause.to.V.as.one.is.V-ing][to.V.toward.each.other][V→V]-@₁~:(i/u)ma[to.have.V-ed][to.have.been.V-ed][V→V][V][Intr][Ind][3Pl]
atiisimaat	atigh-~:(u)te[to.V.for.or.with][to.cause.to.V.as.one.is.V-ing][to.V.toward.each.other][V→V]-@₁~:(i/u)ma[to.have.V-ed][to.have.been.V-ed][V→V][V][Trns][Ind][3Pl][3Sg]
atiisimaat	atigh-~:(u)te[SBJ.V-ed.something][V→V]-@₁~:(i/u)ma[to.have.V-ed][to.have.been.V-ed][V→V][V][Intr][Intrg][3Pl]
atiisimaat	atigh-~:(u)te[SBJ.V-ed.something][V→V]-@₁~:(i/u)ma[to.have.V-ed][to.have.been.V-ed][V→V][V][Intr][Ind][3Pl]
atiisimaat	atugh-~:(ng₁)u[to.be.N][N→V]-~i[SBJ.V-ed.something][V→V]-~i[SBJ.V-ed.something][V→V]-~i[SBJ.V-ed.something][V→V]-~i[SBJ.V-ed.something][V→V]-te[to.act.on.so.as.to.cause.to.V][V→V]-@₁~:(i/u)ma[to.have.V-ed][to.have.been.V-ed][V→V][V][Intr][Intrg][3Pl]
atiisimaat	atugh-~:(ng₁)u[to.be.N][N→V]-~i[SBJ.V-ed.something][V→V]-~i[SBJ.V-ed.something][V→V]-~i[SBJ.V-ed.something][V→V]-~:(u)te[to.V.for.or.with][to.cause.to.V.as.one.is.V-ing][to.V.toward.each.other][V→V]-@₁~:(i/u)ma[to.have.V-ed][to.have.been.V-ed][V→V][V][Intr][Intrg][3Pl]
atiisimaat	atugh-~:(ng₁)u[to.be.N][N→V]-~i[SBJ.V-ed.something][V→V]-~i[SBJ.V-ed.something][V→V]-~i[SBJ.V-ed.something][V→V]-~:(u)te[SBJ.V-ed.something][V→V]-@₁~:(i/u)ma[to.have.V-ed][to.have.been.V-ed][V→V][V][Intr][Intrg][3Pl]
atiisimaat	atugh-~:(ng₁)u[to.be.N][N→V]-~i[SBJ.V-ed.something][V→V]-~i[SBJ.V-ed.something][V→V]-~i[SBJ.V-ed.something][V→V]-te[to.act.on.so.as.to.cause.to.V][V→V]-@₁~:(i/u)ma[to.have.V-ed][to.have.been.V-ed][V→V][V][Intr][Intrg][3Pl]
atiisimaat	atugh-~:(ng₁)u[to.be.N][N→V]-~i[SBJ.V-ed.something][V→V]-~i[SBJ.V-ed.something][V→V]-~i[SBJ.V-ed.something][V→V]-te[to.act.on.so.as.to.cause.to.V][V→V]-@₁~:(i/u)ma[to.have.V-ed][to.have.been.V-ed][V→V][V][Intr][Ind][3Pl]
atiisimaat	atugh-~:(ng₁)u[to.be.N][N→V]-~i[SBJ.V-ed.something][V→V]-~i[SBJ.V-ed.something][V→V]-~:(u)te[to.V.for.or.with][to.cause.to.V.as.one.is.V-ing][to.V.toward.each.other][V→V]-@₁~:(i/u)ma[to.have.V-ed][to.have.been.V-ed][V→V][V][Intr][Intrg][3Pl]
atiisimaat	atugh-~:(ng₁)u[to.be.N][N→V]-~i[SBJ.V-ed.something][V→V]-~i[SBJ.V-ed.something][V→V]-~:(u)te[to.V.for.or.with][to.cause.to.V.as.one.is.V-ing][to.V.toward.each.other][V→V]-@₁~:(i/u)ma[to.have.V-ed][to.have.been.V-ed][V→V][V][Intr][Ind][3Pl]
atiisimaat	atugh-~:(ng₁)u[to.be.N][N→V]-~i[SBJ.V-ed.something][V→V]-~i[SBJ.V-ed.something][V→V]-~:(u)te[SBJ.V-ed.something][V→V]-@₁~:(i/u)ma[to.have.V-ed][to.have.been.V-ed][V→V][V][Intr][Intrg][3Pl]
atiisimaat	atugh-~:(ng₁)u[to.be.N][N→V]-~i[SBJ.V-ed.something][V→V]-~i[SBJ.V-ed.something][V→V]-~:(u)te[SBJ.V-ed.something][V→V]-@₁~:(i/u)ma[to.have.V-ed][to.have.been.V-ed][V→V][V][Intr][Ind][3Pl]
atiisimaat	atugh-~:(ng₁)u[to.be.N][N→V]-~i[SBJ.V-ed.something][V→V]-~i[SBJ.V-ed.something][V→V]-te[to.act.on.so.as.to.cause.to.V][V→V]-@₁~:(i/u)ma[to.have.V-ed][to.have.been.V-ed][V→V][V][Intr][Intrg][3Pl]
atiisimaat	atugh-~:(ng₁)u[to.be.N][N→V]-~i[SBJ.V-ed.something][V→V]-~i[SBJ.V-ed.something][V→V]-te[to.act.on.so.as.to.cause.to.V][V→V]-@₁~:(i/u)ma[to.have.V-ed][to.have.been.V-ed][V→V][V][Intr][Ind][3Pl]
atiisimaat	atugh-~:(ng₁)u[to.be.N][N→V]-~i[SBJ.V-ed.something][V→V]-~:(u)te[to.V.for.or.with][to.cause.to.V.as.one.is.V-ing][to.V.toward.each.other][V→V]-@₁~:(i/u)ma[to.have.V-ed][to.have.been.V-ed][V→V][V][Intr][Intrg][3Pl]
atiisimaat	atugh-~:(ng₁)u[to.be.N][N→V]-~i[SBJ.V-ed.something][V→V]-~:(u)te[to.V.for.or.with][to.cause.to.V.as.one.is.V-ing][to.V.toward.each.other][V→V]-@₁~:(i/u)ma[to.have.V-ed][to.have.been.V-ed][V→V][V][Intr][Ind][3Pl]
atiisimaat	atugh-~:(ng₁)u[to.be.N][N→V]-~i[SBJ.V-ed.something][V→V]-~:(u)te[SBJ.V-ed.something][V→V]-@₁~:(i/u)ma[to.have.V-ed][to.have.been.V-ed][V→V][V][Intr][Intrg][3Pl]
atiisimaat	atugh-~:(ng₁)u[to.be.N][N→V]-~i[SBJ.V-ed.something][V→V]-~:(u)te[SBJ.V-ed.something][V→V]-@₁~:(i/u)ma[to.have.V-ed][to.have.been.V-ed][V→V][V][Intr][Ind][3Pl]
atiisimaat	atugh-~:(ng₁)u[to.be.N][N→V]-~i[SBJ.V-ed.something][V→V]-te[to.act.on.so.as.to.cause.to.V][V→V]-@₁~:(i/u)ma[to.have.V-ed][to.have.been.V-ed][V→V][V][Intr][Intrg][3Pl]
atiisimaat	atugh-~:(ng₁)u[to.be.N][N→V]-~i[SBJ.V-ed.something][V→V]-te[to.act.on.so.as.to.cause.to.V][V→V]-@₁~:(i/u)ma[to.have.V-ed][to.have.been.V-ed][V→V][V][Intr][Ind][3Pl]

nalighmeng	naligh*[N][Abl_Mod][Unpd][Sg]
nalighmeng	naligh*[N][Rel][4DuPoss][PlPosd]
nalighmeng	naligh*[N][Rel][4DuPoss][SgPosd]
nalighmeng	naligh*[N][Rel][4PlPoss][PlPosd]
nalighmeng	naligh*[N][Rel][4PlPoss][SgPosd]
nalighmeng	nalighmeng
nalighmeng	nalighmeng[N][Abs][Unpd][Sg]

qavangulleq	+?

esghaghwaalleq	+?

------------------------
Amalka yugwem unaghsim qaayghunga makregsaqminigu, qaayghum asinganiteftuq yungllaqaghhaq.

amalka	amalka

yugwem	+?

unaghsim	unaghsigh[N][Rel][Unpd][Sg]

qaayghunga	qaayghu[N][Abs][3SgPoss][SgPosd]

makregsaqminigu	+?

qaayghum	qaayghu[N][Rel][Unpd][Sg]

asinganiteftuq	asi[N][Loc][3SgPoss][SgPosd]-ete[to.be]-(pete)fte[to.evidently.V][to.have.V-ed][V→V][V][Intr][Ind][3Sg]
asinganiteftuq	asi[N][Loc][3SgPoss][PlPosd]-ete[to.be]-(pete)fte[to.evidently.V][to.have.V-ed][V→V][V][Intr][Ind][3Sg]

yungllaqaghhaq	yu(u)g-–ngllagh[to.make.N][N→V]-~sf–(g₃)kaq[one.that.has.V-ed][V→N]-–ghhagh*[dear.N][N→N][N][Abs][Unpd][Sg]
yungllaqaghhaq	yug-–ngllagh[to.make.N][N→V]-~sf–(g₃)kaq[one.that.has.V-ed][V→N]-–ghhagh*[dear.N][N→N][N][Abs][Unpd][Sg]
yungllaqaghhaq	yungllagh-~sf–(g₃)kaq[one.that.has.V-ed][V→N]-–ghhagh*[dear.N][N→N][N][Abs][Unpd][Sg]

------------------------
Enkaam taana atiisimakanga "Makregtekaq".

enkaam	enkaam

taana	taane[V][Intr][Intrg][3Sg]
taana	taana

atiisimakanga	atigh-~:(u)te[to.V.for.or.with][to.cause.to.V.as.one.is.V-ing][to.V.toward.each.other][V→V]-@₁~:(i/u)ma[to.have.V-ed][to.have.been.V-ed][V→V]-@*@₂~sf–(g₂)k(a)e[the.one.that.possessor.V-ed][V→N][N][Abs][3SgPoss][SgPosd]
atiisimakanga	atigh-~:(u)te[to.V.for.or.with][to.cause.to.V.as.one.is.V-ing][to.V.toward.each.other][V→V]-@₁~:(i/u)ma[to.have.V-ed][to.have.been.V-ed][V→V][V][Trns][Ptcp][3Sg][3Sg]
atiisimakanga	atigh-~:(u)te[to.V.for.or.with][to.cause.to.V.as.one.is.V-ing][to.V.toward.each.other][V→V]-@₁~:(i/u)ma[to.have.V-ed][to.have.been.V-ed][V→V][V][Trns][Cond][3Sg][1Sg]
atiisimakanga	atigh-~:(u)te[SBJ.V-ed.something][V→V]-@₁~:(i/u)ma[to.have.V-ed][to.have.been.V-ed][V→V]-@*@₂~sf–(g₂)k(a)e[the.one.that.possessor.V-ed][V→N][N][Abs][3SgPoss][SgPosd]
atiisimakanga	atugh-~:(ng₁)u[to.be.N][N→V]-~i[SBJ.V-ed.something][V→V]-~i[SBJ.V-ed.something][V→V]-te[to.act.on.so.as.to.cause.to.V][V→V]-@₁~:(i/u)ma[to.have.V-ed][to.have.been.V-ed][V→V]-@*@₂~sf–(g₂)k(a)e[the.one.that.possessor.V-ed][V→N][N][Abs][3SgPoss][SgPosd]
atiisimakanga	atugh-~:(ng₁)u[to.be.N][N→V]-~i[SBJ.V-ed.something][V→V]-~:(u)te[to.V.for.or.with][to.cause.to.V.as.one.is.V-ing][to.V.toward.each.other][V→V]-@₁~:(i/u)ma[to.have.V-ed][to.have.been.V-ed][V→V]-@*@₂~sf–(g₂)k(a)e[the.one.that.possessor.V-ed][V→N][N][Abs][3SgPoss][SgPosd]
atiisimakanga	atugh-~:(ng₁)u[to.be.N][N→V]-~i[SBJ.V-ed.something][V→V]-~:(u)te[SBJ.V-ed.something][V→V]-@₁~:(i/u)ma[to.have.V-ed][to.have.been.V-ed][V→V]-@*@₂~sf–(g₂)k(a)e[the.one.that.possessor.V-ed][V→N][N][Abs][3SgPoss][SgPosd]
atiisimakanga	atugh-~:(ng₁)u[to.be.N][N→V]-~i[SBJ.V-ed.something][V→V]-te[to.act.on.so.as.to.cause.to.V][V→V]-@₁~:(i/u)ma[to.have.V-ed][to.have.been.V-ed][V→V]-@*@₂~sf–(g₂)k(a)e[the.one.that.possessor.V-ed][V→N][N][Abs][3SgPoss][SgPosd]

makregtekaq	makreg-te[to.act.on.so.as.to.cause.to.V][V→V]-@₂~fkaq[one.that.has.V-ed][V→N][N][Abs][Unpd][Sg]

------------------------


------------------------
Allangughhnaluteng Atiiqilleq

allangughhnaluteng	allangughte-@₁~fna[in.order.to.V][intending.to.V][V→V]-~:(u)te[to.V.for.or.with][to.cause.to.V.as.one.is.V-ing][to.V.toward.each.other][V→V][V][Intr][Sbrd][3Pl]
allangughhnaluteng	allangughte-@₁~fna[in.order.to.V][intending.to.V][V→V]-~:(u)te[SBJ.V-ed.something][V→V][V][Intr][Sbrd][3Pl]
allangughhnaluteng	allangughte-@₁~fna[in.order.to.V][intending.to.V][V→V][V][Intr][Sbrd][3Pl]

atiiqilleq	+?

------------------------


------------------------
Taagani agha, aghalighvik aviilluku, taghnughhangneghmeng aghtulghiit, natenneghatallu qinuyutunghata, qiyatunghata, alla atinqigtaqegkangit atelgughngiita allaneng.

taagani	taagagh[N][Abs][4SgPoss][SgPosd]
taagani	taagagh[N][Abs][4SgPoss][PlPosd]
taagani	taagagh[N][Loc][Unpd][Pl]

agha	agha[N][Abs][Unpd][Sg]

aghalighvik	agha-–ligh[to.provide.with.N][N→V]-@₁~fvik[place.to.V][V→N][N][Abs][Unpd][Sg]
aghalighvik	aghaligh-@₁~fvik[place.to.V][V→N][N][Abs][Unpd][Sg]

aviilluku	avii-te[to.act.on.so.as.to.cause.to.V][V→V][V][Trns][Sbrd][_][3Sg]
aviilluku	avii-~:(u)te[to.V.for.or.with][to.cause.to.V.as.one.is.V-ing][to.V.toward.each.other][V→V]-te[to.act.on.so.as.to.cause.to.V][V→V][V][Trns][Sbrd][_][3Sg]
aviilluku	aviite[V][Trns][Sbrd][_][3Sg]

taghnughhangneghmeng	+?

aghtulghiit	aghtugh-@₁–lghii[the.one.that.V-ed][the.one.that.is.V][V→N][N][Abs][Unpd][Pl]
aghtulghiit	aghtugh-@₁–lghii[the.one.that.V-ed][the.one.that.is.V][V→N][N][Rel][Unpd][Pl]
aghtulghiit	aghtugh[V][Intr][Ptcp][3Pl]

natenneghatallu	+?

qinuyutunghata	+?

qiyatunghata	+?

alla	alla
alla	alla[N][Abs][Unpd][Sg]

atinqigtaqegkangit	+?

atelgughngiita	ategh-–leg[one.having.N][N→N]-~:(ng₁)u[to.be.N][N→V][V][Intr][Conc][3Pl]
atelgughngiita	ategh-–lgu[to.have.N][N→V][V][Intr][Conc][3Pl]
atelgughngiita	Ategh-–leg[one.having.N][N→N]-~:(ng₁)u[to.be.N][N→V][V][Intr][Conc][3Pl]
atelgughngiita	Ategh-–lgu[to.have.N][N→V][V][Intr][Conc][3Pl]

allaneng	alla[N][Abl_Mod][Unpd][Pl]

------------------------
Amalka taana, Tuumti, alla atiimakangat qiyatutanganeng, Seghleghmeng.

amalka	amalka

taana	taane[V][Intr][Intrg][3Sg]
taana	taana

tuumti	tuumte-~i[SBJ.V-ed.something][V→V][V][Intr][Opt][PRS][2Sg]

alla	alla
alla	alla[N][Abs][Unpd][Sg]

atiimakangat	atigh-@₁~:(i/u)ma[to.have.V-ed][to.have.been.V-ed][V→V]-@*@₂~sf–(g₂)k(a)e[the.one.that.possessor.V-ed][V→N][N][Abs][3PlPoss][SgPosd]
atiimakangat	atigh-@₁~:(i/u)ma[to.have.V-ed][to.have.been.V-ed][V→V][V][Trns][Ptcp][3Pl][3Sg]
atiimakangat	atugh-~:(ng₁)u[to.be.N][N→V]-~i[SBJ.V-ed.something][V→V]-~i[SBJ.V-ed.something][V→V]-@₁~:(i/u)ma[to.have.V-ed][to.have.been.V-ed][V→V]-@*@₂~sf–(g₂)k(a)e[the.one.that.possessor.V-ed][V→N][N][Abs][3PlPoss][SgPosd]
atiimakangat	atugh-~:(ng₁)u[to.be.N][N→V]-~i[SBJ.V-ed.something][V→V]-@₁~:(i/u)ma[to.have.V-ed][to.have.been.V-ed][V→V]-@*@₂~sf–(g₂)k(a)e[the.one.that.possessor.V-ed][V→N][N][Abs][3PlPoss][SgPosd]
atiimakangat	atugh-~:(ng₁)ite**[to.lack.N][to.not.have.N][N→V]-@₁~:(i/u)ma[to.have.V-ed][to.have.been.V-ed][V→V]-@*@₂~sf–(g₂)k(a)e[the.one.that.possessor.V-ed][V→N][N][Abs][3PlPoss][SgPosd]

qiyatutanganeng	qiya-~:(u)te[to.V.for.or.with][to.cause.to.V.as.one.is.V-ing][to.V.toward.each.other][V→V]-~:(u)ta[condition.with.respect.to.V-ing][V→N][N][Abl_Mod][3SgPoss][SgPosd]
qiyatutanganeng	qiya-~:(u)te[to.V.for.or.with][to.cause.to.V.as.one.is.V-ing][to.V.toward.each.other][V→V]-~:(u)ta[condition.with.respect.to.V-ing][V→N][N][Abl_Mod][3SgPoss][PlPosd]
qiyatutanganeng	qiya-~:(u)te[SBJ.V-ed.something][V→V]-~:(u)ta[condition.with.respect.to.V-ing][V→N][N][Abl_Mod][3SgPoss][SgPosd]
qiyatutanganeng	qiya-~:(u)te[SBJ.V-ed.something][V→V]-~:(u)ta[condition.with.respect.to.V-ing][V→N][N][Abl_Mod][3SgPoss][PlPosd]
qiyatutanganeng	qiya-te[to.act.on.so.as.to.cause.to.V][V→V]-~:(u)ta[condition.with.respect.to.V-ing][V→N][N][Abl_Mod][3SgPoss][SgPosd]
qiyatutanganeng	qiya-te[to.act.on.so.as.to.cause.to.V][V→V]-~:(u)ta[condition.with.respect.to.V-ing][V→N][N][Abl_Mod][3SgPoss][PlPosd]

seghleghmeng	seghlegh[N][Abl_Mod][Unpd][Sg]
seghleghmeng	seghlegh[N][Rel][4DuPoss][PlPosd]
seghleghmeng	seghlegh[N][Rel][4DuPoss][SgPosd]
seghleghmeng	seghlegh[N][Rel][4PlPoss][PlPosd]
seghleghmeng	seghlegh[N][Rel][4PlPoss][SgPosd]

------------------------


------------------------
Meghmi Aviighutkat

meghmi	megh[N][Loc][Unpd][Sg]
meghmi	megh[N][Rel][4SgPoss][PlPosd]
meghmi	megh[N][Rel][4SgPoss][SgPosd]

aviighutkat	aviigh-~:(u)te[condition.with.respect.to.V-ing][V→N]-~–ke[to.have.as.one's.N(s)][N→V][V][Intr][Intrg][3Pl]

------------------------


------------------------
Kiyang ayumighhaaneng meghmi yugwet peleghqegkat atiiqaqiit aghnaghhaaluki.

kiyang	kiyang

ayumighhaaneng	ayumigh*-–ghhagh*[dear.N][N→N][N][Abl_Mod][3SgPoss][SgPosd]
ayumighhaaneng	ayumigh*-–ghhagh*[dear.N][N→N][N][Abl_Mod][3SgPoss][PlPosd]

meghmi	megh[N][Loc][Unpd][Sg]
meghmi	megh[N][Rel][4SgPoss][PlPosd]
meghmi	megh[N][Rel][4SgPoss][SgPosd]

yugwet	+?

peleghqegkat	+?

atiiqaqiit	atiiqe-~(g₁)aqe[to.be.V.ing][to.regularly.or.repeatedly.V][V→V]-~i[SBJ.V-ed.something][V→V][V][Intr][Intrg][3Pl]
atiiqaqiit	atiiqe-~(g₁)aqe[to.be.V.ing][to.regularly.or.repeatedly.V][V→V]-~i[SBJ.V-ed.something][V→V][V][Intr][Ind][3Pl]
atiiqaqiit	atiiqe-~(g₁)aqe[to.be.V.ing][to.regularly.or.repeatedly.V][V→V][V][Trns][Ind][3Pl][3Pl]
atiiqaqiit	atiiqe-~(g₁)aqe[to.be.V.ing][to.regularly.or.repeatedly.V][V→V][V][Trns][Ind][3Du][3Sg]

aghnaghhaaluki	+?

------------------------


------------------------
Aatghet Takestaaghsaqatlu Allatunllu Atiqat

aatghet	ategh[N][Abs][Unpd][Pl]
aatghet	ategh[N][Rel][Unpd][Pl]
aatghet	Ategh[N][Abs][Unpd][Pl]
aatghet	Ategh[N][Rel][Unpd][Pl]

takestaaghsaqatlu	+?

allatunllu	alla[N][Equ][Unpd][Sg]-llu[Encl]
allatunllu	alla-te[to.catch.N][to.go.to.N][N→V]-~:(u)te[condition.with.respect.to.V-ing][V→N][N][Abs][Unpd][Sg]-llu[Encl]

atiqat	+?

------------------------


------------------------
Kiyang aatghet yeghrat taakeghllalghiit takelliluki ateliitkayugwiit.

kiyang	kiyang

aatghet	ategh[N][Abs][Unpd][Pl]
aatghet	ategh[N][Rel][Unpd][Pl]
aatghet	Ategh[N][Abs][Unpd][Pl]
aatghet	Ategh[N][Rel][Unpd][Pl]

yeghrat	yeghrat

taakeghllalghiit	+?

takelliluki	takelli-~:(u)te[to.V.for.or.with][to.cause.to.V.as.one.is.V-ing][to.V.toward.each.other][V→V][V][Trns][Sbrd][_][3Pl]
takelliluki	takelli[V][Trns][Sbrd][_][3Pl]

ateliitkayugwiit	+?

------------------------
Amalka Makimingaawen, taaksagulluku Makimeng tuqlughaatam qenwat ateliitaa taana ateq, Maki.

amalka	amalka

makimingaawen	+?

taaksagulluku	+?

makimeng	makigh[N][Abl_Mod][Unpd][Sg]
makimeng	makigh[N][Rel][4DuPoss][PlPosd]
makimeng	makigh[N][Rel][4DuPoss][SgPosd]
makimeng	makigh[N][Rel][4PlPoss][PlPosd]
makimeng	makigh[N][Rel][4PlPoss][SgPosd]

tuqlughaatam	tuqlughagh-~:(u)ta[condition.with.respect.to.V-ing][V→N][N][Rel][Unpd][Sg]

qenwat	qenwat

ateliitaa	ategh-–ligh[to.provide.with.N][N→V]-~:(u)te[to.V.for.or.with][to.cause.to.V.as.one.is.V-ing][to.V.toward.each.other][V→V][V][Trns][Ind][3Sg][3Sg]
ateliitaa	ategh-–ligh[to.provide.with.N][N→V]-~:(u)te[SBJ.V-ed.something][V→V][V][Intr][Intrg][3Sg]
ateliitaa	ateligh-~:(u)te[to.V.for.or.with][to.cause.to.V.as.one.is.V-ing][to.V.toward.each.other][V→V][V][Intr][Intrg][3Sg]
ateliitaa	ateligh-~:(u)te[to.V.for.or.with][to.cause.to.V.as.one.is.V-ing][to.V.toward.each.other][V→V][V][Trns][Ind][3Sg][3Sg]
ateliitaa	ateligh-~:(u)te[SBJ.V-ed.something][V→V][V][Intr][Intrg][3Sg]
ateliitaa	Ategh-–ligh[to.provide.with.N][N→V]-~:(u)te[to.V.for.or.with][to.cause.to.V.as.one.is.V-ing][to.V.toward.each.other][V→V][V][Trns][Ind][3Sg][3Sg]
ateliitaa	Ategh-–ligh[to.provide.with.N][N→V]-~:(u)te[SBJ.V-ed.something][V→V][V][Intr][Intrg][3Sg]

taana	taane[V][Intr][Intrg][3Sg]
taana	taana

ateq	ategh[N][Abs][Unpd][Sg]
ateq	Ategh[N][Abs][Unpd][Sg]

maki	+?

------------------------


------------------------
Taghnughhaatlu salin akuziyaaghtegpenateng atillghit ilangita ramkem nagneghtaqegkangit tawaten.

taghnughhaatlu	taghnughhagh*[N][Abs][Unpd][Pl]-llu[Encl]
taghnughhaatlu	taghnughhagh*[N][Abs][3PlPoss][SgPosd]-llu[Encl]
taghnughhaatlu	taghnughhagh*[N][Rel][Unpd][Pl]-llu[Encl]

salin	salin
salin	salite[N][Abs][Unpd][Sg]

akuziyaaghtegpenateng	+?

atillghit	+?

ilangita	ila-~:(ng₁)ite**[to.lack.N][to.not.have.N][N→V][V][Intr][Intrg][3Sg]
ilangita	ila[N][Rel][3DuPoss][PlPosd]
ilangita	ila[N][Rel][3DuPoss][SgPosd]
ilangita	ila[N][Rel][3PlPoss][PlPosd]
ilangita	ila[N][Rel][3PlPoss][SgPosd]

ramkem	ramke[N][Rel][Unpd][Sg]

nagneghtaqegkangit	nagnegh-te[to.act.on.so.as.to.cause.to.V][V→V]-~(g₁)aqe[to.be.V.ing][to.regularly.or.repeatedly.V][V→V]-@*@₂~sf–(g₂)k(a)e[the.one.that.possessor.V-ed][V→N][N][Abs][3PlPoss][PlPosd]
nagneghtaqegkangit	nagnegh-te[to.act.on.so.as.to.cause.to.V][V→V]-~(g₁)aqe[to.be.V.ing][to.regularly.or.repeatedly.V][V→V][V][Trns][Ptcp][3Du][3Sg]
nagneghtaqegkangit	nagnegh-te[to.act.on.so.as.to.cause.to.V][V→V]-~(g₁)aqe[to.be.V.ing][to.regularly.or.repeatedly.V][V→V][V][Trns][Ptcp][3Pl][3Pl]

tawaten	tawaten

------------------------
Katam Saapugha ateq.

katam	katam

saapugha	+?

ateq	ategh[N][Abs][Unpd][Sg]
ateq	Ategh[N][Abs][Unpd][Sg]

------------------------
Taghnughhaam atillgha "Puugwa," ateliitkaa.

taghnughhaam	taghnughhagh*[N][Rel][Unpd][Sg]

atillgha	+?

puugwa	+?

ateliitkaa	ategh-–ligh[to.provide.with.N][N→V]-~:(u)te[condition.with.respect.to.V-ing][V→N]-~–ke[to.have.as.one's.N(s)][N→V][V][Intr][Intrg][3Sg]
ateliitkaa	ateligh-~:(u)te[condition.with.respect.to.V-ing][V→N]-~–ke[to.have.as.one's.N(s)][N→V][V][Intr][Intrg][3Sg]
ateliitkaa	Ategh-–ligh[to.provide.with.N][N→V]-~:(u)te[condition.with.respect.to.V-ing][V→N]-~–ke[to.have.as.one's.N(s)][N→V][V][Intr][Intrg][3Sg]

------------------------
Naqamllu ayghiitaqegkangit.

naqamllu	naqam[N][Abs][Unpd][Sg]-llu[Encl]
naqamllu	naqamllu
naqamllu	naqamllu[N][Abs][Unpd][Sg]

ayghiitaqegkangit	ayghigh-~:(u)te[to.V.for.or.with][to.cause.to.V.as.one.is.V-ing][to.V.toward.each.other][V→V]-~(g₁)aqe[to.be.V.ing][to.regularly.or.repeatedly.V][V→V]-@*@₂~sf–(g₂)k(a)e[the.one.that.possessor.V-ed][V→N][N][Abs][3PlPoss][PlPosd]
ayghiitaqegkangit	ayghigh-~:(u)te[to.V.for.or.with][to.cause.to.V.as.one.is.V-ing][to.V.toward.each.other][V→V]-~(g₁)aqe[to.be.V.ing][to.regularly.or.repeatedly.V][V→V][V][Trns][Ptcp][3Du][3Sg]
ayghiitaqegkangit	ayghigh-~:(u)te[to.V.for.or.with][to.cause.to.V.as.one.is.V-ing][to.V.toward.each.other][V→V]-~(g₁)aqe[to.be.V.ing][to.regularly.or.repeatedly.V][V→V][V][Trns][Ptcp][3Pl][3Pl]
ayghiitaqegkangit	ayghigh-~:(u)te[SBJ.V-ed.something][V→V]-~(g₁)aqe[to.be.V.ing][to.regularly.or.repeatedly.V][V→V]-@*@₂~sf–(g₂)k(a)e[the.one.that.possessor.V-ed][V→N][N][Abs][3PlPoss][PlPosd]

------------------------
