Tallimat Ngelqat

﻿tallimat	+?

ngelqat	ngelqagh[N][Abs][Unpd][Pl]
ngelqat	ngelqagh[N][Rel][Unpd][Pl]

------------------------


	

------------------------
Kiyaghsimalghiik yugenkuk nulighqullghiik.

kiyaghsimalghiik	kiyaghte-@₁~:(i/u)ma[to.have.V-ed][to.have.been.V-ed][V→V]-@₁–lghii[the.one.that.V-ed][the.one.that.is.V][V→N][N][Abs][Unpd][Du]
kiyaghsimalghiik	kiyaghte-@₁~:(i/u)ma[to.have.V-ed][to.have.been.V-ed][V→V]-@₁–lghii[the.one.that.V-ed][the.one.that.is.V][V→N][N][Rel][Unpd][Du]
kiyaghsimalghiik	kiyaghte-@₁~:(i/u)ma[to.have.V-ed][to.have.been.V-ed][V→V][V][Intr][Ptcp][3Du]

yugenkuk	yu(u)g-~sf-w:(e)nkuk[N.and.partner.or.spouse][N→N][N][Abs][Unpd][Sg]
yugenkuk	yug-~sf-w:(e)nkuk[N.and.partner.or.spouse][N→N][N][Abs][Unpd][Sg]

nulighqullghiik	nulighqullghiig[N][Abs][Unpd][Sg]

------------------------
Taghnughhiilnguuk avangilnguuk.

taghnughhiilnguuk	taghnughhagh*-~:(ng₁)ite**[to.lack.N][to.not.have.N][N→V]-@*ngugh*[the.one.that.V-ed][the.one.that.is.V][V→N][N][Abs][Unpd][Du]
taghnughhiilnguuk	taghnughhagh*-~:(ng₁)ite**[to.lack.N][to.not.have.N][N→V]-@*ngugh*[the.one.that.V-ed][the.one.that.is.V][V→N][N][Rel][Unpd][Du]

avangilnguuk	ava-~:(ng₁)ite**[to.lack.N][to.not.have.N][N→V]-@*ngugh*[the.one.that.V-ed][the.one.that.is.V][V→N][N][Abs][Unpd][Du]
avangilnguuk	ava-~:(ng₁)ite**[to.lack.N][to.not.have.N][N→V]-@*ngugh*[the.one.that.V-ed][the.one.that.is.V][V→N][N][Rel][Unpd][Du]

------------------------
Uginga quyngini esghapagyaghtughaqegkanga.

uginga	ugi[N][Abs][3SgPoss][SgPosd]

quyngini	quyngigh[N][Abs][4SgPoss][SgPosd]
quyngini	quyngigh[N][Abs][4SgPoss][PlPosd]
quyngini	quyngigh[N][Loc][Unpd][Pl]

esghapagyaghtughaqegkanga	+?

------------------------
Ilangani maaten piyaamalghii quyngiminun.

ilangani	ila[N][Loc][3SgPoss][SgPosd]
ilangani	ila[N][Loc][3SgPoss][PlPosd]
ilangani	ilangani
ilangani	ilangani[N][Abs][Unpd][Sg]

maaten	maaten
maaten	maatete[N][Abs][Unpd][Sg]

piyaamalghii	pi-@₁~fyagh[to.go.V-ing][to.V.in.vain][V→V]-@₁~:(i/u)ma[to.have.V-ed][to.have.been.V-ed][V→V]-@₁–lghii[the.one.that.V-ed][the.one.that.is.V][V→N][N][Abs][Unpd][Sg]
piyaamalghii	pi-~:(u)te[to.V.for.or.with][to.cause.to.V.as.one.is.V-ing][to.V.toward.each.other][V→V]-@₁~fyagh[to.go.V-ing][to.V.in.vain][V→V]-@₁~:(i/u)ma[to.have.V-ed][to.have.been.V-ed][V→V]-@₁–lghii[the.one.that.V-ed][the.one.that.is.V][V→N][N][Abs][Unpd][Sg]
piyaamalghii	pi-~:(u)te[SBJ.V-ed.something][V→V]-@₁~fyagh[to.go.V-ing][to.V.in.vain][V→V]-@₁~:(i/u)ma[to.have.V-ed][to.have.been.V-ed][V→V]-@₁–lghii[the.one.that.V-ed][the.one.that.is.V][V→N][N][Abs][Unpd][Sg]
piyaamalghii	piyaa-@₁~:(i/u)ma[to.have.V-ed][to.have.been.V-ed][V→V]-@₁–lghii[the.one.that.V-ed][the.one.that.is.V][V→N][N][Abs][Unpd][Sg]

quyngiminun	quyngigh[N][Ter][4SgPoss][SgPosd]
quyngiminun	quyngigh[N][Ter][4SgPoss][PlPosd]

------------------------
Tallimat ngelqat esghaamakangi.

tallimat	tallimat[N][Abs][Unpd][Sg]

ngelqat	ngelqagh[N][Abs][Unpd][Pl]
ngelqat	ngelqagh[N][Rel][Unpd][Pl]

esghaamakangi	esghagh-@₁~:(i/u)ma[to.have.V-ed][to.have.been.V-ed][V→V]-@*@₂~sf–(g₂)k(a)e[the.one.that.possessor.V-ed][V→N][N][Abs][3SgPoss][PlPosd]
esghaamakangi	esghagh-@₁~:(i/u)ma[to.have.V-ed][to.have.been.V-ed][V→V][V][Trns][Ptcp][3Sg][3Pl]

------------------------
Takuyaqenni tengenghitut.

takuyaqenni	+?

tengenghitut	tenge-@₁–nghite**[to.not.V][V→V][V][Intr][Ind][3Pl]

------------------------
Kaalluki tuguluki atghaamalghii.

kaalluki	kaate[V][Trns][Sbrd][_][3Pl]

tuguluki	tugu-~:(u)te[to.V.for.or.with][to.cause.to.V.as.one.is.V-ing][to.V.toward.each.other][V→V][V][Trns][Sbrd][_][3Pl]
tuguluki	tugu[V][Trns][Sbrd][_][3Pl]

atghaamalghii	atghagh-@₁~:(i/u)ma[to.have.V-ed][to.have.been.V-ed][V→V]-@₁–lghii[the.one.that.V-ed][the.one.that.is.V][V→N][N][Abs][Unpd][Sg]

------------------------
Kaasan nulighha quyamalghii.

kaasan	kaate[V][Intr][CnsqI][3Sg]

nulighha	nulighh[N][Abs][3SgPoss][SgPosd]

quyamalghii	quya-@₁~:(i/u)ma[to.have.V-ed][to.have.been.V-ed][V→V]-@₁–lghii[the.one.that.V-ed][the.one.that.is.V][V→N][N][Abs][Unpd][Sg]

------------------------
Itghusimakangi.

itghusimakangi	+?

------------------------
Uginga esnamun pimalghii kinguvzeghanun iqalluganun.

uginga	ugi[N][Abs][3SgPoss][SgPosd]

esnamun	esnagh[N][Ter][Unpd][Sg]

pimalghii	pi-@₁~:(i/u)ma[to.have.V-ed][to.have.been.V-ed][V→V]-@₁–lghii[the.one.that.V-ed][the.one.that.is.V][V→N][N][Abs][Unpd][Sg]

kinguvzeghanun	+?

iqalluganun	iqallug[N][Ter][3SgPoss][SgPosd]
iqalluganun	iqallug[N][Ter][3SgPoss][PlPosd]

------------------------
Llaaghanwha taglaghyalghiimi saghnaamalghii.

llaaghanwha	llaaghanwha

taglaghyalghiimi	taglagh-@₁~fyagh[to.go.V-ing][to.V.in.vain][V→V]-@₁–lghii[the.one.that.V-ed][the.one.that.is.V][V→N][N][Loc][Unpd][Sg]
taglaghyalghiimi	taglagh-@₁~fyagh[to.go.V-ing][to.V.in.vain][V→V]-@₁–lghii[the.one.that.V-ed][the.one.that.is.V][V→N][N][Rel][4SgPoss][SgPosd]
taglaghyalghiimi	taglagh-@₁~fyagh[to.go.V-ing][to.V.in.vain][V→V]-@₁–lghii[the.one.that.V-ed][the.one.that.is.V][V→N][N][Rel][4SgPoss][PlPosd]
taglaghyalghiimi	taglagh[V][Intr][Ptcp_Obl][4Sg]

saghnaamalghii	+?

------------------------
Llaaghanwha neghusimalghiit ngelqat.

llaaghanwha	llaaghanwha

neghusimalghiit	negh-~:(u)te[to.V.for.or.with][to.cause.to.V.as.one.is.V-ing][to.V.toward.each.other][V→V]-@₁~:(i/u)ma[to.have.V-ed][to.have.been.V-ed][V→V]-@₁–lghii[the.one.that.V-ed][the.one.that.is.V][V→N][N][Abs][Unpd][Pl]
neghusimalghiit	negh-~:(u)te[to.V.for.or.with][to.cause.to.V.as.one.is.V-ing][to.V.toward.each.other][V→V]-@₁~:(i/u)ma[to.have.V-ed][to.have.been.V-ed][V→V]-@₁–lghii[the.one.that.V-ed][the.one.that.is.V][V→N][N][Rel][Unpd][Pl]
neghusimalghiit	negh-~:(u)te[to.V.for.or.with][to.cause.to.V.as.one.is.V-ing][to.V.toward.each.other][V→V]-@₁~:(i/u)ma[to.have.V-ed][to.have.been.V-ed][V→V][V][Intr][Ptcp][3Pl]
neghusimalghiit	negh-~:(u)te[SBJ.V-ed.something][V→V]-@₁~:(i/u)ma[to.have.V-ed][to.have.been.V-ed][V→V]-@₁–lghii[the.one.that.V-ed][the.one.that.is.V][V→N][N][Abs][Unpd][Pl]
neghusimalghiit	negh-~:(u)te[SBJ.V-ed.something][V→V]-@₁~:(i/u)ma[to.have.V-ed][to.have.been.V-ed][V→V]-@₁–lghii[the.one.that.V-ed][the.one.that.is.V][V→N][N][Rel][Unpd][Pl]
neghusimalghiit	negh-~:(u)te[SBJ.V-ed.something][V→V]-@₁~:(i/u)ma[to.have.V-ed][to.have.been.V-ed][V→V][V][Intr][Ptcp][3Pl]
neghusimalghiit	neghe-~:(u)te[to.V.for.or.with][to.cause.to.V.as.one.is.V-ing][to.V.toward.each.other][V→V]-@₁~:(i/u)ma[to.have.V-ed][to.have.been.V-ed][V→V]-@₁–lghii[the.one.that.V-ed][the.one.that.is.V][V→N][N][Abs][Unpd][Pl]
neghusimalghiit	neghe-~:(u)te[to.V.for.or.with][to.cause.to.V.as.one.is.V-ing][to.V.toward.each.other][V→V]-@₁~:(i/u)ma[to.have.V-ed][to.have.been.V-ed][V→V]-@₁–lghii[the.one.that.V-ed][the.one.that.is.V][V→N][N][Rel][Unpd][Pl]
neghusimalghiit	neghe-~:(u)te[to.V.for.or.with][to.cause.to.V.as.one.is.V-ing][to.V.toward.each.other][V→V]-@₁~:(i/u)ma[to.have.V-ed][to.have.been.V-ed][V→V][V][Intr][Ptcp][3Pl]
neghusimalghiit	neghe-~:(u)te[SBJ.V-ed.something][V→V]-@₁~:(i/u)ma[to.have.V-ed][to.have.been.V-ed][V→V]-@₁–lghii[the.one.that.V-ed][the.one.that.is.V][V→N][N][Abs][Unpd][Pl]
neghusimalghiit	neghe-~:(u)te[SBJ.V-ed.something][V→V]-@₁~:(i/u)ma[to.have.V-ed][to.have.been.V-ed][V→V]-@₁–lghii[the.one.that.V-ed][the.one.that.is.V][V→N][N][Rel][Unpd][Pl]
neghusimalghiit	neghe-~:(u)te[SBJ.V-ed.something][V→V]-@₁~:(i/u)ma[to.have.V-ed][to.have.been.V-ed][V→V][V][Intr][Ptcp][3Pl]

ngelqat	ngelqagh[N][Abs][Unpd][Pl]
ngelqat	ngelqagh[N][Rel][Unpd][Pl]

------------------------
Unaami taghtughluteng unilluki ngelqateng aanumalghiik.

unaami	unaami
unaami	unaami[N][Abs][Unpd][Sg]

taghtughluteng	taghtugh[V][Intr][Sbrd][3Pl]

unilluki	+?

ngelqateng	ngelqagh[N][Abs][4PlPoss][PlPosd]

aanumalghiik	aane-@₁~:(i/u)ma[to.have.V-ed][to.have.been.V-ed][V→V]-@₁–lghii[the.one.that.V-ed][the.one.that.is.V][V→N][N][Abs][Unpd][Du]
aanumalghiik	aane-@₁~:(i/u)ma[to.have.V-ed][to.have.been.V-ed][V→V]-@₁–lghii[the.one.that.V-ed][the.one.that.is.V][V→N][N][Rel][Unpd][Du]
aanumalghiik	aane-@₁~:(i/u)ma[to.have.V-ed][to.have.been.V-ed][V→V][V][Intr][Ptcp][3Du]

------------------------
Nulighha esnamun pimalghii kinguvzeghanun iqalluganun.

nulighha	nulighh[N][Abs][3SgPoss][SgPosd]

esnamun	esnagh[N][Ter][Unpd][Sg]

pimalghii	pi-@₁~:(i/u)ma[to.have.V-ed][to.have.been.V-ed][V→V]-@₁–lghii[the.one.that.V-ed][the.one.that.is.V][V→N][N][Abs][Unpd][Sg]

kinguvzeghanun	+?

iqalluganun	iqallug[N][Ter][3SgPoss][SgPosd]
iqalluganun	iqallug[N][Ter][3SgPoss][PlPosd]

------------------------
Taglaamalghii.

taglaamalghii	taglagh-@₁~:(i/u)ma[to.have.V-ed][to.have.been.V-ed][V→V]-@₁–lghii[the.one.that.V-ed][the.one.that.is.V][V→N][N][Abs][Unpd][Sg]

------------------------
Iiwenllu mengteghamun kaasaghtughaquq atughllagmeng nagaquusimalghii.

iiwenllu	iiw[N][Abs][2SgPoss][SgPosd]-llu[Encl]
iiwenllu	iiwenllu
iiwenllu	iiwenllu[N][Abs][Unpd][Sg]
iiwenllu	iiwete[N][Abs][Unpd][Sg]-llu[Encl]

mengteghamun	mengteghagh[N][Ter][Unpd][Sg]

kaasaghtughaquq	kaate-@₁~fyaghtugh[to.be.about.to.V][to.go.somewhere.to.V]-~(g₁)aqe[to.be.V.ing][to.regularly.or.repeatedly.V][V→V][V][Intr][Ind][3Sg]

atughllagmeng	atugh-–ghllag[big.N][N→N][N][Rel][4DuPoss][SgPosd]
atughllagmeng	atugh-–ghllag[big.N][N→N][N][Rel][4DuPoss][PlPosd]
atughllagmeng	atugh-–ghllag[big.N][N→N][N][Rel][4PlPoss][SgPosd]
atughllagmeng	atugh-–ghllag[big.N][N→N][N][Rel][4PlPoss][PlPosd]
atughllagmeng	atugh-–ghllag[big.N][N→N][N][Abl_Mod][Unpd][Sg]

nagaquusimalghii	nagate-@₁qugh[to.V.completely]-~:(u)te[to.V.for.or.with][to.cause.to.V.as.one.is.V-ing][to.V.toward.each.other][V→V]-@₁~:(i/u)ma[to.have.V-ed][to.have.been.V-ed][V→V]-@₁–lghii[the.one.that.V-ed][the.one.that.is.V][V→N][N][Abs][Unpd][Sg]
nagaquusimalghii	nagate-@₁qugh[to.V.completely]-~:(u)te[SBJ.V-ed.something][V→V]-@₁~:(i/u)ma[to.have.V-ed][to.have.been.V-ed][V→V]-@₁–lghii[the.one.that.V-ed][the.one.that.is.V][V→N][N][Abs][Unpd][Sg]

------------------------
"Pagellegraay, pagellegraay, singtseraay, niquraangaangaaaa aangaa iyaanangaa." (1)

pagellegraay	+?

pagellegraay	+?

singtseraay	+?

niquraangaangaaaa	+?

aangaa	aange[V][Intr][Intrg][3Sg]

iyaanangaa	+?

1	+?

------------------------
(1) Awiituwaqwha ngelqat akuzillghat.

1	+?

awiituwaqwha	+?

ngelqat	ngelqagh[N][Abs][Unpd][Pl]
ngelqat	ngelqagh[N][Rel][Unpd][Pl]

akuzillghat	akuzillegh[N][Abs][3PlPoss][SgPosd]

------------------------


	

------------------------
Iitqestaghluni iiyakun qineghsalghiimi mekelghiighet estamat atughaqeftut ataasiq aghulaaqeftuq amiirateng mataghlluki.

iitqestaghluni	+?

iiyakun	iiyagh[N][Via][Unpd][Sg]

qineghsalghiimi	qineghte-@₁~fyagh[to.go.V-ing][to.V.in.vain][V→V]-@₁–lghii[the.one.that.V-ed][the.one.that.is.V][V→N][N][Loc][Unpd][Sg]
qineghsalghiimi	qineghte-@₁~fyagh[to.go.V-ing][to.V.in.vain][V→V]-@₁–lghii[the.one.that.V-ed][the.one.that.is.V][V→N][N][Rel][4SgPoss][SgPosd]
qineghsalghiimi	qineghte-@₁~fyagh[to.go.V-ing][to.V.in.vain][V→V]-@₁–lghii[the.one.that.V-ed][the.one.that.is.V][V→N][N][Rel][4SgPoss][PlPosd]
qineghsalghiimi	qineghte[V][Intr][Ptcp_Obl][4Sg]

mekelghiighet	mekelghiigh[N][Abs][Unpd][Pl]
mekelghiighet	mekelghiigh[N][Rel][Unpd][Pl]

estamat	estamat[N][Abs][Unpd][Sg]

atughaqeftut	atugh-~(g₁)aqe[to.be.V.ing][to.regularly.or.repeatedly.V][V→V]-(pete)fte[to.evidently.V][to.have.V-ed][V→V][V][Intr][Ind][3Pl]

ataasiq	ataasigh[N][Abs][Unpd][Sg]

aghulaaqeftuq	aghula-~(g₁)aqe[to.be.V.ing][to.regularly.or.repeatedly.V][V→V]-(pete)fte[to.evidently.V][to.have.V-ed][V→V][V][Intr][Ind][3Sg]

amiirateng	amiiragh[N][Abs][4PlPoss][PlPosd]

mataghlluki	+?

------------------------
Itqaghlluni amiiriitgun aqumqaghsimalghii.

itqaghlluni	+?

amiiriitgun	amiiragh[N][Via][3DuPoss][DuPosd]
amiiriitgun	amiiragh[N][Via][3PlPoss][PlPosd]
amiiriitgun	amiiragh[N][Via][3PlPoss][SgPosd]
amiiriitgun	amiiragh[N][Via][3PlPoss][DuPosd]

aqumqaghsimalghii	+?

------------------------
Pngighsiimakangi.

pngighsiimakangi	+?

------------------------
Llaaghanwha uginga taaqumalghii quyngimun pineghmeng.

llaaghanwha	llaaghanwha

uginga	ugi[N][Abs][3SgPoss][SgPosd]

taaqumalghii	taaqe-@₁~:(i/u)ma[to.have.V-ed][to.have.been.V-ed][V→V]-@₁–lghii[the.one.that.V-ed][the.one.that.is.V][V→N][N][Abs][Unpd][Sg]

quyngimun	quyngigh[N][Ter][Unpd][Sg]

pineghmeng	pi-@₁–negh[the.act.or.activity.of.V-ing][V→N][N][Rel][4DuPoss][SgPosd]
pineghmeng	pi-@₁–negh[the.act.or.activity.of.V-ing][V→N][N][Rel][4DuPoss][PlPosd]
pineghmeng	pi-@₁–negh[the.act.or.activity.of.V-ing][V→N][N][Rel][4PlPoss][SgPosd]
pineghmeng	pi-@₁–negh[the.act.or.activity.of.V-ing][V→N][N][Rel][4PlPoss][PlPosd]
pineghmeng	pi-@₁–negh[the.act.or.activity.of.V-ing][V→N][N][Abl_Mod][Unpd][Sg]
pineghmeng	pi-~:(u)te[to.V.for.or.with][to.cause.to.V.as.one.is.V-ing][to.V.toward.each.other][V→V]-@₁–negh[the.act.or.activity.of.V-ing][V→N][N][Rel][4DuPoss][SgPosd]
pineghmeng	pi-~:(u)te[to.V.for.or.with][to.cause.to.V.as.one.is.V-ing][to.V.toward.each.other][V→V]-@₁–negh[the.act.or.activity.of.V-ing][V→N][N][Rel][4DuPoss][PlPosd]
pineghmeng	pi-~:(u)te[to.V.for.or.with][to.cause.to.V.as.one.is.V-ing][to.V.toward.each.other][V→V]-@₁–negh[the.act.or.activity.of.V-ing][V→N][N][Rel][4PlPoss][SgPosd]
pineghmeng	pi-~:(u)te[to.V.for.or.with][to.cause.to.V.as.one.is.V-ing][to.V.toward.each.other][V→V]-@₁–negh[the.act.or.activity.of.V-ing][V→N][N][Rel][4PlPoss][PlPosd]
pineghmeng	pi-~:(u)te[to.V.for.or.with][to.cause.to.V.as.one.is.V-ing][to.V.toward.each.other][V→V]-@₁–negh[the.act.or.activity.of.V-ing][V→N][N][Abl_Mod][Unpd][Sg]
pineghmeng	pi-~:(u)te[to.V.for.or.with][to.cause.to.V.as.one.is.V-ing][to.V.toward.each.other][V→V][V][Intr][Ctmp][4Pl]
pineghmeng	pi-~:(u)te[SBJ.V-ed.something][V→V]-@₁–negh[the.act.or.activity.of.V-ing][V→N][N][Rel][4DuPoss][SgPosd]
pineghmeng	pi-~:(u)te[SBJ.V-ed.something][V→V]-@₁–negh[the.act.or.activity.of.V-ing][V→N][N][Rel][4DuPoss][PlPosd]
pineghmeng	pi-~:(u)te[SBJ.V-ed.something][V→V]-@₁–negh[the.act.or.activity.of.V-ing][V→N][N][Rel][4PlPoss][SgPosd]
pineghmeng	pi-~:(u)te[SBJ.V-ed.something][V→V]-@₁–negh[the.act.or.activity.of.V-ing][V→N][N][Rel][4PlPoss][PlPosd]
pineghmeng	pi-~:(u)te[SBJ.V-ed.something][V→V]-@₁–negh[the.act.or.activity.of.V-ing][V→N][N][Abl_Mod][Unpd][Sg]
pineghmeng	pi-~:(u)te[SBJ.V-ed.something][V→V][V][Intr][Ctmp][4Pl]
pineghmeng	pi[V][Intr][Ctmp][4Pl]
pineghmeng	pinegh[N][Rel][4DuPoss][SgPosd]
pineghmeng	pinegh[N][Rel][4DuPoss][PlPosd]
pineghmeng	pinegh[N][Rel][4PlPoss][SgPosd]
pineghmeng	pinegh[N][Rel][4PlPoss][PlPosd]
pineghmeng	pinegh[N][Abl_Mod][Unpd][Sg]

------------------------
Taakut mekelghiighet ellngita taghnughhaqumakangit.

taakut	taake[V][Intr][Ind][3Pl]

mekelghiighet	mekelghiigh[N][Abs][Unpd][Pl]
mekelghiighet	mekelghiigh[N][Rel][Unpd][Pl]

ellngita	ellngit[N][Abs][3SgPoss][SgPosd]

taghnughhaqumakangit	taghnughhagh*-~–ke[to.have.as.one's.N(s)][N→V]-@₁~:(i/u)ma[to.have.V-ed][to.have.been.V-ed][V→V]-@*@₂~sf–(g₂)k(a)e[the.one.that.possessor.V-ed][V→N][N][Abs][3PlPoss][PlPosd]

------------------------
