Aghnaghaghhaq Angayuqiilnguq

﻿aghnaghaghhaq	+?

angayuqiilnguq	angayuqiilngugh*[N][Abs][Unpd][Sg]
angayuqiilnguq	angayuqagh-~:(ng₁)ite**[to.lack.N][to.not.have.N][N→V]-@*ngugh*[the.one.that.V-ed][the.one.that.is.V][V→N][N][Abs][Unpd][Sg]
angayuqiilnguq	angayuqagh-~:(ng₁)ite**[to.lack.N][to.not.have.N][N→V][V][Intr][Ptcp][3Sg]
angayuqiilnguq	angayuqagh-~:(ng₁)ite**[to.lack.N][to.not.have.N][N→V][V][Intr][Ptcp][3Du]
angayuqiilnguq	angayuqagh*-~:(ng₁)ite**[to.lack.N][to.not.have.N][N→V]-@*ngugh*[the.one.that.V-ed][the.one.that.is.V][V→N][N][Abs][Unpd][Sg]
angayuqiilnguq	angayuqagh*-~:(ng₁)ite**[to.lack.N][to.not.have.N][N→V][V][Intr][Ptcp][3Sg]
angayuqiilnguq	angayuqagh*-~:(ng₁)ite**[to.lack.N][to.not.have.N][N→V][V][Intr][Ptcp][3Du]

------------------------


	

------------------------
Aghnaghaghhaghnguq iimna kiyaghsimaaq angayuqiilnguq.

aghnaghaghhaghnguq	+?

iimna	iimna

kiyaghsimaaq	kiyaghte-@₁~:(i/u)ma[to.have.V-ed][to.have.been.V-ed][V→V]-~faagh[one.who.keeps.on.V-ing][AUG]
kiyaghsimaaq	kiyaghte-@₁~:(i/u)ma[to.have.V-ed][to.have.been.V-ed][V→V][V][Intr][Ind][3Sg]

angayuqiilnguq	angayuqiilngugh*[N][Abs][Unpd][Sg]
angayuqiilnguq	angayuqagh-~:(ng₁)ite**[to.lack.N][to.not.have.N][N→V]-@*ngugh*[the.one.that.V-ed][the.one.that.is.V][V→N][N][Abs][Unpd][Sg]
angayuqiilnguq	angayuqagh-~:(ng₁)ite**[to.lack.N][to.not.have.N][N→V][V][Intr][Ptcp][3Sg]
angayuqiilnguq	angayuqagh-~:(ng₁)ite**[to.lack.N][to.not.have.N][N→V][V][Intr][Ptcp][3Du]
angayuqiilnguq	angayuqagh*-~:(ng₁)ite**[to.lack.N][to.not.have.N][N→V]-@*ngugh*[the.one.that.V-ed][the.one.that.is.V][V→N][N][Abs][Unpd][Sg]
angayuqiilnguq	angayuqagh*-~:(ng₁)ite**[to.lack.N][to.not.have.N][N→V][V][Intr][Ptcp][3Sg]
angayuqiilnguq	angayuqagh*-~:(ng₁)ite**[to.lack.N][to.not.have.N][N→V][V][Intr][Ptcp][3Du]

------------------------
Taawangiinaq apalek enkaam nengyullgaq.

taawangiinaq	+?

apalek	apa-–leg[one.having.N][N→N][N][Abs][Unpd][Sg]

enkaam	enkaam

nengyullgaq	+?

------------------------
Maaten ilangani nunalgutangita aghnaghaat kelgumakangat aghnaghaghhaq aghulaghqughnaqniluteng.

maaten	maaten
maaten	maatete[N][Abs][Unpd][Sg]

ilangani	ila[N][Loc][3SgPoss][SgPosd]
ilangani	ila[N][Loc][3SgPoss][PlPosd]
ilangani	ilangani
ilangani	ilangani[N][Abs][Unpd][Sg]

nunalgutangita	Nunaleg-~:(ng₁)u[to.be.N][N→V]-~:(u)ta[condition.with.respect.to.V-ing][V→N]-~:(ng₁)ite**[to.lack.N][to.not.have.N][N→V][V][Intr][Intrg][3Sg]
nunalgutangita	Nunaleg-~:(ng₁)u[to.be.N][N→V]-~:(u)ta[condition.with.respect.to.V-ing][V→N][N][Rel][3DuPoss][SgPosd]
nunalgutangita	Nunaleg-~:(ng₁)u[to.be.N][N→V]-~:(u)ta[condition.with.respect.to.V-ing][V→N][N][Rel][3DuPoss][PlPosd]
nunalgutangita	Nunaleg-~:(ng₁)u[to.be.N][N→V]-~:(u)ta[condition.with.respect.to.V-ing][V→N][N][Rel][3PlPoss][SgPosd]
nunalgutangita	Nunaleg-~:(ng₁)u[to.be.N][N→V]-~:(u)ta[condition.with.respect.to.V-ing][V→N][N][Rel][3PlPoss][PlPosd]
nunalgutangita	nuna-–leg[one.having.N][N→N]-~:(ng₁)u[to.be.N][N→V]-~:(u)ta[condition.with.respect.to.V-ing][V→N]-~:(ng₁)ite**[to.lack.N][to.not.have.N][N→V][V][Intr][Intrg][3Sg]
nunalgutangita	nuna-–leg[one.having.N][N→N]-~:(ng₁)u[to.be.N][N→V]-~:(u)ta[condition.with.respect.to.V-ing][V→N][N][Rel][3DuPoss][SgPosd]
nunalgutangita	nuna-–leg[one.having.N][N→N]-~:(ng₁)u[to.be.N][N→V]-~:(u)ta[condition.with.respect.to.V-ing][V→N][N][Rel][3DuPoss][PlPosd]
nunalgutangita	nuna-–leg[one.having.N][N→N]-~:(ng₁)u[to.be.N][N→V]-~:(u)ta[condition.with.respect.to.V-ing][V→N][N][Rel][3PlPoss][SgPosd]
nunalgutangita	nuna-–leg[one.having.N][N→N]-~:(ng₁)u[to.be.N][N→V]-~:(u)ta[condition.with.respect.to.V-ing][V→N][N][Rel][3PlPoss][PlPosd]
nunalgutangita	nuna-–lgu[to.have.N][N→V]-~:(u)ta[condition.with.respect.to.V-ing][V→N]-~:(ng₁)ite**[to.lack.N][to.not.have.N][N→V][V][Intr][Intrg][3Sg]
nunalgutangita	nuna-–lgu[to.have.N][N→V]-~:(u)ta[condition.with.respect.to.V-ing][V→N][N][Rel][3DuPoss][SgPosd]
nunalgutangita	nuna-–lgu[to.have.N][N→V]-~:(u)ta[condition.with.respect.to.V-ing][V→N][N][Rel][3DuPoss][PlPosd]
nunalgutangita	nuna-–lgu[to.have.N][N→V]-~:(u)ta[condition.with.respect.to.V-ing][V→N][N][Rel][3PlPoss][SgPosd]
nunalgutangita	nuna-–lgu[to.have.N][N→V]-~:(u)ta[condition.with.respect.to.V-ing][V→N][N][Rel][3PlPoss][PlPosd]

aghnaghaat	aghnaghagh*[N][Abs][Unpd][Pl]
aghnaghaat	aghnaghagh*[N][Abs][3PlPoss][SgPosd]
aghnaghaat	aghnaghagh*[N][Rel][Unpd][Pl]

kelgumakangat	+?

aghnaghaghhaq	aghnaghagh*-–ghhagh*[dear.N][N→N][N][Abs][Unpd][Sg]
aghnaghaghhaq	aghnaghaghhagh*[N][Abs][Unpd][Sg]

aghulaghqughnaqniluteng	+?

------------------------
Llaaghanwha aghnaghaghhaq aapusimalghii nengyughhaghminun.

llaaghanwha	llaaghanwha

aghnaghaghhaq	aghnaghagh*-–ghhagh*[dear.N][N→N][N][Abs][Unpd][Sg]
aghnaghaghhaq	aghnaghaghhagh*[N][Abs][Unpd][Sg]

aapusimalghii	+?

nengyughhaghminun	nengyugh-–ghhagh*[dear.N][N→N][N][Ter][4SgPoss][SgPosd]
nengyughhaghminun	nengyugh-–ghhagh*[dear.N][N→N][N][Ter][4SgPoss][PlPosd]

------------------------
Aangghumakanga ellngallu maligutesqelluku aghulaghqunun.

aangghumakanga	+?

ellngallu	ellnga[N][Abs][Unpd][Sg]-llu[Encl]

maligutesqelluku	+?

aghulaghqunun	+?

------------------------
Taagken aghulaghquumalghiit aghnaghaghyaget.

taagken	taagken

aghulaghquumalghiit	+?

aghnaghaghyaget	Aghnaghaghyaget[N][Abs][Unpd][Sg]

------------------------
Tespagani unataamaluki allaghhiinaghmeng piitkameng tagitugughusimakangi.

tespagani	+?

unataamaluki	+?

allaghhiinaghmeng	+?

piitkameng	+?

tagitugughusimakangi	+?

------------------------
Atghamun aghnaghaghhaq piyaqeseng aviituq.

atghamun	+?

aghnaghaghhaq	aghnaghagh*-–ghhagh*[dear.N][N→N][N][Abs][Unpd][Sg]
aghnaghaghhaq	aghnaghaghhagh*[N][Abs][Unpd][Sg]

piyaqeseng	+?

aviituq	+?

------------------------
Taagken aghnaghaat alingluteng angayuqameggneng aghnaghaghhaq tuqlughaghaataghyaqeseng akinneghiiti aghnaghaghhaam.

taagken	taagken

aghnaghaat	aghnaghagh*[N][Abs][Unpd][Pl]
aghnaghaat	aghnaghagh*[N][Abs][3PlPoss][SgPosd]
aghnaghaat	aghnaghagh*[N][Rel][Unpd][Pl]

alingluteng	alinge[V][Intr][Sbrd][3Pl]

angayuqameggneng	angayuqagh[N][Abl_Mod][4PlPoss][PlPosd]
angayuqameggneng	angayuqagh[N][Abl_Mod][4PlPoss][SgPosd]

aghnaghaghhaq	aghnaghagh*-–ghhagh*[dear.N][N→N][N][Abs][Unpd][Sg]
aghnaghaghhaq	aghnaghaghhagh*[N][Abs][Unpd][Sg]

tuqlughaghaataghyaqeseng	+?

akinneghiiti	+?

aghnaghaghhaam	aghnaghagh*-–ghhagh*[dear.N][N→N][N][Rel][Unpd][Sg]
aghnaghaghhaam	aghnaghaghhagh*[N][Rel][Unpd][Sg]

------------------------
Ima aviituq.

ima	ima

aviituq	+?

------------------------
Aghtughluku tuqlughaghaataneghmeng miiwen sivumeggni atghaamanayukan aghnaghaat mengteghamun atghaamalghiit.

aghtughluku	aghtugh[V][Trns][Sbrd][_][3Sg]

tuqlughaghaataneghmeng	+?

miiwen	miiwen

sivumeggni	sivu[N][Loc][4PlPoss][SgPosd]
sivumeggni	sivu[N][Loc][4PlPoss][PlPosd]

atghaamanayukan	atghagh-@₁~:(i/u)ma[to.have.V-ed][to.have.been.V-ed][V→V]-@₁~fna[in.order.to.V][intending.to.V][V→V]-@₁~fyug[to.want.to.V][V→V][V][Intr][Cond][3Sg]
atghaamanayukan	atghagh-@₁~:(i/u)ma[to.have.V-ed][to.have.been.V-ed][V→V]-@₁~fna[in.order.to.V][intending.to.V][V→V]-~:(u)te[to.V.for.or.with][to.cause.to.V.as.one.is.V-ing][to.V.toward.each.other][V→V]-@₁~fyug[to.want.to.V][V→V][V][Intr][Cond][3Sg]
atghaamanayukan	atghagh-@₁~:(i/u)ma[to.have.V-ed][to.have.been.V-ed][V→V]-@₁~fna[in.order.to.V][intending.to.V][V→V]-~:(u)te[SBJ.V-ed.something][V→V]-@₁~fyug[to.want.to.V][V→V][V][Intr][Cond][3Sg]
atghaamanayukan	atghagh-@₁~:(i/u)ma[to.have.V-ed][to.have.been.V-ed][V→V]-~:(u)te[to.V.for.or.with][to.cause.to.V.as.one.is.V-ing][to.V.toward.each.other][V→V]-@₁~fna[in.order.to.V][intending.to.V][V→V]-@₁~fyug[to.want.to.V][V→V][V][Intr][Cond][3Sg]
atghaamanayukan	atghagh-@₁~:(i/u)ma[to.have.V-ed][to.have.been.V-ed][V→V]-~:(u)te[to.V.for.or.with][to.cause.to.V.as.one.is.V-ing][to.V.toward.each.other][V→V]-@₁~fna[in.order.to.V][intending.to.V][V→V]-~:(u)te[to.V.for.or.with][to.cause.to.V.as.one.is.V-ing][to.V.toward.each.other][V→V]-@₁~fyug[to.want.to.V][V→V][V][Intr][Cond][3Sg]
atghaamanayukan	atghagh-@₁~:(i/u)ma[to.have.V-ed][to.have.been.V-ed][V→V]-~:(u)te[to.V.for.or.with][to.cause.to.V.as.one.is.V-ing][to.V.toward.each.other][V→V]-@₁~fna[in.order.to.V][intending.to.V][V→V]-~:(u)te[SBJ.V-ed.something][V→V]-@₁~fyug[to.want.to.V][V→V][V][Intr][Cond][3Sg]
atghaamanayukan	atghagh-@₁~:(i/u)ma[to.have.V-ed][to.have.been.V-ed][V→V]-~:(u)te[SBJ.V-ed.something][V→V]-@₁~fna[in.order.to.V][intending.to.V][V→V]-@₁~fyug[to.want.to.V][V→V][V][Intr][Cond][3Sg]
atghaamanayukan	atghagh-@₁~:(i/u)ma[to.have.V-ed][to.have.been.V-ed][V→V]-~:(u)te[SBJ.V-ed.something][V→V]-@₁~fna[in.order.to.V][intending.to.V][V→V]-~:(u)te[to.V.for.or.with][to.cause.to.V.as.one.is.V-ing][to.V.toward.each.other][V→V]-@₁~fyug[to.want.to.V][V→V][V][Intr][Cond][3Sg]
atghaamanayukan	atghagh-@₁~:(i/u)ma[to.have.V-ed][to.have.been.V-ed][V→V]-~:(u)te[SBJ.V-ed.something][V→V]-@₁~fna[in.order.to.V][intending.to.V][V→V]-~:(u)te[SBJ.V-ed.something][V→V]-@₁~fyug[to.want.to.V][V→V][V][Intr][Cond][3Sg]

aghnaghaat	aghnaghagh*[N][Abs][Unpd][Pl]
aghnaghaat	aghnaghagh*[N][Abs][3PlPoss][SgPosd]
aghnaghaat	aghnaghagh*[N][Rel][Unpd][Pl]

mengteghamun	mengteghagh[N][Ter][Unpd][Sg]

atghaamalghiit	atghagh-@₁~:(i/u)ma[to.have.V-ed][to.have.been.V-ed][V→V]-@₁–lghii[the.one.that.V-ed][the.one.that.is.V][V→N][N][Abs][Unpd][Pl]
atghaamalghiit	atghagh-@₁~:(i/u)ma[to.have.V-ed][to.have.been.V-ed][V→V]-@₁–lghii[the.one.that.V-ed][the.one.that.is.V][V→N][N][Rel][Unpd][Pl]
atghaamalghiit	atghagh-@₁~:(i/u)ma[to.have.V-ed][to.have.been.V-ed][V→V][V][Intr][Ptcp][3Pl]

------------------------
Kaalluteng aghnaghaat mengteghaanun aghnaghaghhaam aviituq.

kaalluteng	kaate[V][Intr][Sbrd][3Pl]

aghnaghaat	aghnaghagh*[N][Abs][Unpd][Pl]
aghnaghaat	aghnaghagh*[N][Abs][3PlPoss][SgPosd]
aghnaghaat	aghnaghagh*[N][Rel][Unpd][Pl]

mengteghaanun	mengteghagh[N][Ter][3SgPoss][SgPosd]
mengteghaanun	mengteghagh[N][Ter][3SgPoss][PlPosd]

aghnaghaghhaam	aghnaghagh*-–ghhagh*[dear.N][N→N][N][Rel][Unpd][Sg]
aghnaghaghhaam	aghnaghaghhagh*[N][Rel][Unpd][Sg]

aviituq	+?

------------------------


	

------------------------
Aghnaghaghhaam ilangi aviilngaghyamiki qiyaaghwaamalghii ivaamayaqangi aviisimalghiit.

aghnaghaghhaam	aghnaghagh*-–ghhagh*[dear.N][N→N][N][Rel][Unpd][Sg]
aghnaghaghhaam	aghnaghaghhagh*[N][Rel][Unpd][Sg]

ilangi	ila[N][Abs][3SgPoss][PlPosd]

aviilngaghyamiki	+?

qiyaaghwaamalghii	+?

ivaamayaqangi	ivagh-@₁~:(i/u)ma[to.have.V-ed][to.have.been.V-ed][V→V]-@₁~fyagh[to.go.V-ing][to.V.in.vain][V→V]-@*@₂~sf–(g₂)k(a)e[the.one.that.possessor.V-ed][V→N][N][Abs][3SgPoss][PlPosd]
ivaamayaqangi	ivagh-@₁~:(i/u)ma[to.have.V-ed][to.have.been.V-ed][V→V]-@₁~fyagh[to.go.V-ing][to.V.in.vain][V→V][V][Trns][Ptcp][3Sg][3Pl]
ivaamayaqangi	ivagh-@₁~:(i/u)ma[to.have.V-ed][to.have.been.V-ed][V→V]-~:(u)te[to.V.for.or.with][to.cause.to.V.as.one.is.V-ing][to.V.toward.each.other][V→V]-@₁~fyagh[to.go.V-ing][to.V.in.vain][V→V]-@*@₂~sf–(g₂)k(a)e[the.one.that.possessor.V-ed][V→N][N][Abs][3SgPoss][PlPosd]
ivaamayaqangi	ivagh-@₁~:(i/u)ma[to.have.V-ed][to.have.been.V-ed][V→V]-~:(u)te[to.V.for.or.with][to.cause.to.V.as.one.is.V-ing][to.V.toward.each.other][V→V]-@₁~fyagh[to.go.V-ing][to.V.in.vain][V→V][V][Trns][Ptcp][3Sg][3Pl]
ivaamayaqangi	ivagh-@₁~:(i/u)ma[to.have.V-ed][to.have.been.V-ed][V→V]-~:(u)te[SBJ.V-ed.something][V→V]-@₁~fyagh[to.go.V-ing][to.V.in.vain][V→V]-@*@₂~sf–(g₂)k(a)e[the.one.that.possessor.V-ed][V→N][N][Abs][3SgPoss][PlPosd]

aviisimalghiit	+?

------------------------
Yaghleginguq suna taakuk payek.

yaghleginguq	+?

suna	suna
suna	suna[N][Abs][Unpd][Sg]

taakuk	taake[V][Intr][Ind][3Du]

payek	paye[N][Abs][Unpd][Du]
payek	paye[N][Rel][Unpd][Du]

------------------------
Aghnaghaghhaq payem saaghwani qiyakestaghngaaghmi qavaamalghii.

aghnaghaghhaq	aghnaghagh*-–ghhagh*[dear.N][N→N][N][Abs][Unpd][Sg]
aghnaghaghhaq	aghnaghaghhagh*[N][Abs][Unpd][Sg]

payem	paye[N][Rel][Unpd][Sg]

saaghwani	saaghw[N][Loc][3SgPoss][SgPosd]
saaghwani	saaghw[N][Loc][3SgPoss][PlPosd]

qiyakestaghngaaghmi	+?

qavaamalghii	qavagh-@₁~:(i/u)ma[to.have.V-ed][to.have.been.V-ed][V→V]-@₁–lghii[the.one.that.V-ed][the.one.that.is.V][V→N][N][Abs][Unpd][Sg]
qavaamalghii	qavagh-~:(ng₁)u[to.be.N][N→V]-@₁~:(i/u)ma[to.have.V-ed][to.have.been.V-ed][V→V]-@₁–lghii[the.one.that.V-ed][the.one.that.is.V][V→N][N][Abs][Unpd][Sg]

------------------------
Qavaamaluku iwemga taghsaamakanga.

qavaamaluku	+?

iwemga	+?

taghsaamakanga	taghsagh-@₁~:(i/u)ma[to.have.V-ed][to.have.been.V-ed][V→V]-@*@₂~sf–(g₂)k(a)e[the.one.that.possessor.V-ed][V→N][N][Abs][3SgPoss][SgPosd]
taghsaamakanga	taghsagh-@₁~:(i/u)ma[to.have.V-ed][to.have.been.V-ed][V→V][V][Trns][Ptcp][3Sg][3Sg]
taghsaamakanga	taghsagh-@₁~:(i/u)ma[to.have.V-ed][to.have.been.V-ed][V→V][V][Trns][Cond][3Sg][1Sg]

------------------------


	

------------------------
Taghtughyalghiimi aghnaghaghnguq suna taana nunalgutkenghilkaanga.

taghtughyalghiimi	taghtugh-@₁~fyagh[to.go.V-ing][to.V.in.vain][V→V]-@₁–lghii[the.one.that.V-ed][the.one.that.is.V][V→N][N][Loc][Unpd][Sg]
taghtughyalghiimi	taghtugh-@₁~fyagh[to.go.V-ing][to.V.in.vain][V→V]-@₁–lghii[the.one.that.V-ed][the.one.that.is.V][V→N][N][Rel][4SgPoss][SgPosd]
taghtughyalghiimi	taghtugh-@₁~fyagh[to.go.V-ing][to.V.in.vain][V→V]-@₁–lghii[the.one.that.V-ed][the.one.that.is.V][V→N][N][Rel][4SgPoss][PlPosd]
taghtughyalghiimi	taghtugh[V][Intr][Ptcp_Obl][4Sg]

aghnaghaghnguq	+?

suna	suna
suna	suna[N][Abs][Unpd][Sg]

taana	taana

nunalgutkenghilkaanga	+?

------------------------
Aghnam aghnaghaghhaq aapsimakanga, "Saaqsin tawani?"

aghnam	aghnagh[N][Rel][Unpd][Sg]

aghnaghaghhaq	aghnaghagh*-–ghhagh*[dear.N][N→N][N][Abs][Unpd][Sg]
aghnaghaghhaq	aghnaghaghhagh*[N][Abs][Unpd][Sg]

aapsimakanga	aapte-@₁~:(i/u)ma[to.have.V-ed][to.have.been.V-ed][V→V]-@*@₂~sf–(g₂)k(a)e[the.one.that.possessor.V-ed][V→N][N][Abs][3SgPoss][SgPosd]
aapsimakanga	aapte-@₁~:(i/u)ma[to.have.V-ed][to.have.been.V-ed][V→V][V][Trns][Ptcp][3Sg][3Sg]
aapsimakanga	aapte-@₁~:(i/u)ma[to.have.V-ed][to.have.been.V-ed][V→V][V][Trns][Cond][3Sg][1Sg]

saaqsin	sa-~(g₁)aqe[to.be.V.ing][to.regularly.or.repeatedly.V][V→V][V][Intr][Intrg][2Sg]

tawani	tawani
tawani	tawani[N][Abs][Unpd][Sg]

------------------------
Aghnaghaam akisimakanga, "Aghulaghquuyaghlunga tagitughughsagu ilanka iflaamaanka.

aghnaghaam	aghnaghagh*[N][Rel][Unpd][Sg]

akisimakanga	aki-te[to.catch.N][to.go.to.N][N→V]-@₁~:(i/u)ma[to.have.V-ed][to.have.been.V-ed][V→V]-@*@₂~sf–(g₂)k(a)e[the.one.that.possessor.V-ed][V→N][N][Abs][3SgPoss][SgPosd]
akisimakanga	akite-@₁~:(i/u)ma[to.have.V-ed][to.have.been.V-ed][V→V]-@*@₂~sf–(g₂)k(a)e[the.one.that.possessor.V-ed][V→N][N][Abs][3SgPoss][SgPosd]
akisimakanga	akite-@₁~:(i/u)ma[to.have.V-ed][to.have.been.V-ed][V→V][V][Trns][Ptcp][3Sg][3Sg]
akisimakanga	akite-@₁~:(i/u)ma[to.have.V-ed][to.have.been.V-ed][V→V][V][Trns][Cond][3Sg][1Sg]

aghulaghquuyaghlunga	+?

tagitughughsagu	+?

ilanka	ila[N][Abs][1SgPoss][PlPosd]

iflaamaanka	+?

------------------------
Entaqun unillunga atghaamaat.

entaqun	entaqun

unillunga	+?

atghaamaat	atghagh-@₁~:(i/u)ma[to.have.V-ed][to.have.been.V-ed][V→V][V][Intr][Intrg][3Pl]
atghaamaat	atghagh-@₁~:(i/u)ma[to.have.V-ed][to.have.been.V-ed][V→V][V][Intr][Ind][3Pl]

------------------------
Iflangwiiqlunga ilanka aghtughluki ivaneghmeng whani qavaamalghiinga."

iflangwiiqlunga	+?

ilanka	ila[N][Abs][1SgPoss][PlPosd]

aghtughluki	aghtugh[V][Trns][Sbrd][_][3Pl]

ivaneghmeng	ivagh-@₁–negh[the.act.or.activity.of.V-ing][V→N][N][Rel][4DuPoss][SgPosd]
ivaneghmeng	ivagh-@₁–negh[the.act.or.activity.of.V-ing][V→N][N][Rel][4DuPoss][PlPosd]
ivaneghmeng	ivagh-@₁–negh[the.act.or.activity.of.V-ing][V→N][N][Rel][4PlPoss][SgPosd]
ivaneghmeng	ivagh-@₁–negh[the.act.or.activity.of.V-ing][V→N][N][Rel][4PlPoss][PlPosd]
ivaneghmeng	ivagh-@₁–negh[the.act.or.activity.of.V-ing][V→N][N][Abl_Mod][Unpd][Sg]

whani	wha[N][Abs][4SgPoss][SgPosd]
whani	wha[N][Abs][4SgPoss][PlPosd]
whani	wha[N][Loc][Unpd][Pl]
whani	whani
whani	whani[N][Abs][Unpd][Sg]

qavaamalghiinga	qavagh-@₁~:(i/u)ma[to.have.V-ed][to.have.been.V-ed][V→V]-@₁–lghii[the.one.that.V-ed][the.one.that.is.V][V→N][N][Abs][3SgPoss][SgPosd]
qavaamalghiinga	qavagh-@₁~:(i/u)ma[to.have.V-ed][to.have.been.V-ed][V→V][V][Intr][Ptcp][1Sg]
qavaamalghiinga	qavagh-~:(ng₁)u[to.be.N][N→V]-@₁~:(i/u)ma[to.have.V-ed][to.have.been.V-ed][V→V]-@₁–lghii[the.one.that.V-ed][the.one.that.is.V][V→N][N][Abs][3SgPoss][SgPosd]
qavaamalghiinga	qavagh-~:(ng₁)u[to.be.N][N→V]-@₁~:(i/u)ma[to.have.V-ed][to.have.been.V-ed][V→V][V][Intr][Ptcp][1Sg]

------------------------
Aghnampilaataghaa, "Tagi maligtinga.

aghnampilaataghaa	+?

tagi	tagi[V][Intr][Opt][PRS][2Sg]

maligtinga	maligte[V][Trns][Opt][PRS][2Sg][1Sg]

------------------------
Qamavek iitgheltung."

qamavek	qamavek

iitgheltung	itegh[V][Intr][Opt][PRS][1Du]

------------------------
Llaaghanwha iitghumalghiik.

llaaghanwha	llaaghanwha

iitghumalghiik	itegh-@₁~:(i/u)ma[to.have.V-ed][to.have.been.V-ed][V→V]-@₁–lghii[the.one.that.V-ed][the.one.that.is.V][V→N][N][Abs][Unpd][Du]
iitghumalghiik	itegh-@₁~:(i/u)ma[to.have.V-ed][to.have.been.V-ed][V→V]-@₁–lghii[the.one.that.V-ed][the.one.that.is.V][V→N][N][Rel][Unpd][Du]
iitghumalghiik	itegh-@₁~:(i/u)ma[to.have.V-ed][to.have.been.V-ed][V→V][V][Intr][Ptcp][3Du]

------------------------
Iteghyalghiimek imaninguq aghnam nenglunga qetngightuq naqam nenglungan ugatanga allaghhiinaghmeng neqetuuq.

iteghyalghiimek	itegh[V][Intr][Ptcp_Obl][4Du]

imaninguq	imagh[N][Abs][4SgPoss][SgPosd]-nguq[Encl]
imaninguq	imagh[N][Abs][4SgPoss][PlPosd]-nguq[Encl]
imaninguq	imagh[N][Loc][Unpd][Pl]-nguq[Encl]

aghnam	aghnagh[N][Rel][Unpd][Sg]

nenglunga	nenglu[N][Abs][3SgPoss][SgPosd]

qetngightuq	+?

naqam	naqam

nenglungan	nenglu[N][Rel][3SgPoss][SgPosd]
nenglungan	nenglu[N][Rel][3SgPoss][PlPosd]

ugatanga	+?

allaghhiinaghmeng	+?

neqetuuq	+?

------------------------
Aghnam aghnaghaghhaq neghesimakanga mangtagmeng enkaam quyngimeng.

aghnam	aghnagh[N][Rel][Unpd][Sg]

aghnaghaghhaq	aghnaghagh*-–ghhagh*[dear.N][N→N][N][Abs][Unpd][Sg]
aghnaghaghhaq	aghnaghaghhagh*[N][Abs][Unpd][Sg]

neghesimakanga	neghe-te[to.act.on.so.as.to.cause.to.V][V→V]-@₁~:(i/u)ma[to.have.V-ed][to.have.been.V-ed][V→V]-@*@₂~sf–(g₂)k(a)e[the.one.that.possessor.V-ed][V→N][N][Abs][3SgPoss][SgPosd]
neghesimakanga	neghe-te[to.act.on.so.as.to.cause.to.V][V→V]-@₁~:(i/u)ma[to.have.V-ed][to.have.been.V-ed][V→V][V][Trns][Ptcp][3Sg][3Sg]
neghesimakanga	neghe-te[to.act.on.so.as.to.cause.to.V][V→V]-@₁~:(i/u)ma[to.have.V-ed][to.have.been.V-ed][V→V][V][Trns][Cond][3Sg][1Sg]

mangtagmeng	mangtag[N][Rel][4DuPoss][SgPosd]
mangtagmeng	mangtag[N][Rel][4DuPoss][PlPosd]
mangtagmeng	mangtag[N][Rel][4PlPoss][SgPosd]
mangtagmeng	mangtag[N][Rel][4PlPoss][PlPosd]
mangtagmeng	mangtag[N][Abl_Mod][Unpd][Sg]

enkaam	enkaam

quyngimeng	quyngigh[N][Rel][4DuPoss][SgPosd]
quyngimeng	quyngigh[N][Rel][4DuPoss][PlPosd]
quyngimeng	quyngigh[N][Rel][4PlPoss][SgPosd]
quyngimeng	quyngigh[N][Rel][4PlPoss][PlPosd]
quyngimeng	quyngigh[N][Abl_Mod][Unpd][Sg]

------------------------
Aghnam pimakanga aghnaghaghhaq, "Wiin whani kiyaghten.

aghnam	aghnagh[N][Rel][Unpd][Sg]

pimakanga	pi-@₁~:(i/u)ma[to.have.V-ed][to.have.been.V-ed][V→V]-@*@₂~sf–(g₂)k(a)e[the.one.that.possessor.V-ed][V→N][N][Abs][3SgPoss][SgPosd]
pimakanga	pi-@₁~:(i/u)ma[to.have.V-ed][to.have.been.V-ed][V→V][V][Trns][Ptcp][3Sg][3Sg]
pimakanga	pi-@₁~:(i/u)ma[to.have.V-ed][to.have.been.V-ed][V→V][V][Trns][Cond][3Sg][1Sg]

aghnaghaghhaq	aghnaghagh*-–ghhagh*[dear.N][N→N][N][Abs][Unpd][Sg]
aghnaghaghhaq	aghnaghaghhagh*[N][Abs][Unpd][Sg]

wiin	wiin

whani	wha[N][Abs][4SgPoss][SgPosd]
whani	wha[N][Abs][4SgPoss][PlPosd]
whani	wha[N][Loc][Unpd][Pl]
whani	whani
whani	whani[N][Abs][Unpd][Sg]

kiyaghten	kiyaghte[V][Intr][Opt][PRS][2Sg]

------------------------
Unaaqutaqegkagu aanaqegkuma whani utaqaaqinga.

unaaqutaqegkagu	+?

aanaqegkuma	aane-~(g₁)aqe[to.be.V.ing][to.regularly.or.repeatedly.V][V→V][V][Intr][Cond][1Sg]

whani	wha[N][Abs][4SgPoss][SgPosd]
whani	wha[N][Abs][4SgPoss][PlPosd]
whani	wha[N][Loc][Unpd][Pl]
whani	whani
whani	whani[N][Abs][Unpd][Sg]

utaqaaqinga	utaqa-~(g₁)aqe[to.be.V.ing][to.regularly.or.repeatedly.V][V→V][V][Trns][Opt][PRS][2Sg][1Sg]

------------------------
Igataghaqegkuvek neghyukegkaghpeneng neghaqi utaqagpenanga."

igataghaqegkuvek	igatagh-~(g₁)aqe[to.be.V.ing][to.regularly.or.repeatedly.V][V→V][V][Intr][Cond][2Sg]

neghyukegkaghpeneng	+?

neghaqi	negh-~(g₁)aqe[to.be.V.ing][to.regularly.or.repeatedly.V][V→V]-~i[SBJ.V-ed.something][V→V][V][Intr][Opt][PRS][2Sg]
neghaqi	negh-~(g₁)aqe[to.be.V.ing][to.regularly.or.repeatedly.V][V→V][V][Intr][Opt][PRS][2Sg]
neghaqi	neghe-~(g₁)aqe[to.be.V.ing][to.regularly.or.repeatedly.V][V→V]-~i[SBJ.V-ed.something][V→V][V][Intr][Opt][PRS][2Sg]
neghaqi	neghe-~(g₁)aqe[to.be.V.ing][to.regularly.or.repeatedly.V][V→V][V][Intr][Opt][PRS][2Sg]

utaqagpenanga	utaqa-@₁–nghite**[to.not.V][V→V][V][Trns][Sbrd][_][1Sg]

------------------------
Qavaghlutek unaami taghtuneghmegni aghnaq aanaqelghii.

qavaghlutek	qavagh[V][Intr][Sbrd][2Du]
qavaghlutek	qavagh[V][Intr][Sbrd][3Du]

unaami	unaami
unaami	unaami[N][Abs][Unpd][Sg]

taghtuneghmegni	+?

aghnaq	aghnagh[N][Abs][Unpd][Sg]

aanaqelghii	aane-~(g₁)aqe[to.be.V.ing][to.regularly.or.repeatedly.V][V→V]-@₁–lghii[the.one.that.V-ed][the.one.that.is.V][V→N][N][Abs][Unpd][Sg]

------------------------
Aghnelqusiq aviitaqelghii.

aghnelqusiq	+?

aviitaqelghii	+?

------------------------
Wetku unugyaghtuumaan tagineghmini itghutaqelghii tungtumeng ilangani pilakameng mangtagmeng.

wetku	wetku

unugyaghtuumaan	unug[Imprs_Agnt]-@₁~fyaghtugh[to.be.about.to.V][to.go.somewhere.to.V]-@₁~:(i/u)ma[to.have.V-ed][to.have.been.V-ed][V→V][V][Trns][Ind][2Sg][3Sg]
unugyaghtuumaan	unug[Imprs_Agnt]-@₁~fyaghtugh[to.be.about.to.V][to.go.somewhere.to.V]-@₁~:(i/u)magh*[while.V-ing][V→V][Quant_Qual][3Sg]

tagineghmini	tagi-@₁–negh[the.act.or.activity.of.V-ing][V→N][N][Loc][4SgPoss][SgPosd]
tagineghmini	tagi-@₁–negh[the.act.or.activity.of.V-ing][V→N][N][Loc][4SgPoss][PlPosd]
tagineghmini	tagi-~:(u)te[to.V.for.or.with][to.cause.to.V.as.one.is.V-ing][to.V.toward.each.other][V→V]-@₁–negh[the.act.or.activity.of.V-ing][V→N][N][Loc][4SgPoss][SgPosd]
tagineghmini	tagi-~:(u)te[to.V.for.or.with][to.cause.to.V.as.one.is.V-ing][to.V.toward.each.other][V→V]-@₁–negh[the.act.or.activity.of.V-ing][V→N][N][Loc][4SgPoss][PlPosd]
tagineghmini	tagi-~:(u)te[to.V.for.or.with][to.cause.to.V.as.one.is.V-ing][to.V.toward.each.other][V→V][V][Intr][Ctmp][4Sg]
tagineghmini	tagi-~:(u)te[SBJ.V-ed.something][V→V]-@₁–negh[the.act.or.activity.of.V-ing][V→N][N][Loc][4SgPoss][SgPosd]
tagineghmini	tagi-~:(u)te[SBJ.V-ed.something][V→V]-@₁–negh[the.act.or.activity.of.V-ing][V→N][N][Loc][4SgPoss][PlPosd]
tagineghmini	tagi-~:(u)te[SBJ.V-ed.something][V→V][V][Intr][Ctmp][4Sg]
tagineghmini	tagi[V][Intr][Ctmp][4Sg]

itghutaqelghii	+?

tungtumeng	tungtu[N][Rel][4DuPoss][SgPosd]
tungtumeng	tungtu[N][Rel][4DuPoss][PlPosd]
tungtumeng	tungtu[N][Rel][4PlPoss][SgPosd]
tungtumeng	tungtu[N][Rel][4PlPoss][PlPosd]
tungtumeng	tungtu[N][Abl_Mod][Unpd][Sg]

ilangani	ila[N][Loc][3SgPoss][SgPosd]
ilangani	ila[N][Loc][3SgPoss][PlPosd]
ilangani	ilangani
ilangani	ilangani[N][Abs][Unpd][Sg]

pilakameng	+?

mangtagmeng	mangtag[N][Rel][4DuPoss][SgPosd]
mangtagmeng	mangtag[N][Rel][4DuPoss][PlPosd]
mangtagmeng	mangtag[N][Rel][4PlPoss][SgPosd]
mangtagmeng	mangtag[N][Rel][4PlPoss][PlPosd]
mangtagmeng	mangtag[N][Abl_Mod][Unpd][Sg]

------------------------


	

------------------------
Aghnaghaghhaq apangan enkaam nunalgutangita ivaghyaghluku aghtughyamegteggu aviisan qenwat wisqaawisimakangat.

aghnaghaghhaq	aghnaghagh*-–ghhagh*[dear.N][N→N][N][Abs][Unpd][Sg]
aghnaghaghhaq	aghnaghaghhagh*[N][Abs][Unpd][Sg]

apangan	apa[N][Rel][3SgPoss][SgPosd]
apangan	apa[N][Rel][3SgPoss][PlPosd]

enkaam	enkaam

nunalgutangita	Nunaleg-~:(ng₁)u[to.be.N][N→V]-~:(u)ta[condition.with.respect.to.V-ing][V→N]-~:(ng₁)ite**[to.lack.N][to.not.have.N][N→V][V][Intr][Intrg][3Sg]
nunalgutangita	Nunaleg-~:(ng₁)u[to.be.N][N→V]-~:(u)ta[condition.with.respect.to.V-ing][V→N][N][Rel][3DuPoss][SgPosd]
nunalgutangita	Nunaleg-~:(ng₁)u[to.be.N][N→V]-~:(u)ta[condition.with.respect.to.V-ing][V→N][N][Rel][3DuPoss][PlPosd]
nunalgutangita	Nunaleg-~:(ng₁)u[to.be.N][N→V]-~:(u)ta[condition.with.respect.to.V-ing][V→N][N][Rel][3PlPoss][SgPosd]
nunalgutangita	Nunaleg-~:(ng₁)u[to.be.N][N→V]-~:(u)ta[condition.with.respect.to.V-ing][V→N][N][Rel][3PlPoss][PlPosd]
nunalgutangita	nuna-–leg[one.having.N][N→N]-~:(ng₁)u[to.be.N][N→V]-~:(u)ta[condition.with.respect.to.V-ing][V→N]-~:(ng₁)ite**[to.lack.N][to.not.have.N][N→V][V][Intr][Intrg][3Sg]
nunalgutangita	nuna-–leg[one.having.N][N→N]-~:(ng₁)u[to.be.N][N→V]-~:(u)ta[condition.with.respect.to.V-ing][V→N][N][Rel][3DuPoss][SgPosd]
nunalgutangita	nuna-–leg[one.having.N][N→N]-~:(ng₁)u[to.be.N][N→V]-~:(u)ta[condition.with.respect.to.V-ing][V→N][N][Rel][3DuPoss][PlPosd]
nunalgutangita	nuna-–leg[one.having.N][N→N]-~:(ng₁)u[to.be.N][N→V]-~:(u)ta[condition.with.respect.to.V-ing][V→N][N][Rel][3PlPoss][SgPosd]
nunalgutangita	nuna-–leg[one.having.N][N→N]-~:(ng₁)u[to.be.N][N→V]-~:(u)ta[condition.with.respect.to.V-ing][V→N][N][Rel][3PlPoss][PlPosd]
nunalgutangita	nuna-–lgu[to.have.N][N→V]-~:(u)ta[condition.with.respect.to.V-ing][V→N]-~:(ng₁)ite**[to.lack.N][to.not.have.N][N→V][V][Intr][Intrg][3Sg]
nunalgutangita	nuna-–lgu[to.have.N][N→V]-~:(u)ta[condition.with.respect.to.V-ing][V→N][N][Rel][3DuPoss][SgPosd]
nunalgutangita	nuna-–lgu[to.have.N][N→V]-~:(u)ta[condition.with.respect.to.V-ing][V→N][N][Rel][3DuPoss][PlPosd]
nunalgutangita	nuna-–lgu[to.have.N][N→V]-~:(u)ta[condition.with.respect.to.V-ing][V→N][N][Rel][3PlPoss][SgPosd]
nunalgutangita	nuna-–lgu[to.have.N][N→V]-~:(u)ta[condition.with.respect.to.V-ing][V→N][N][Rel][3PlPoss][PlPosd]

ivaghyaghluku	ivagh-@₁~fyagh[to.go.V-ing][to.V.in.vain][V→V][V][Trns][Sbrd][_][3Sg]

aghtughyamegteggu	aghtugh[V][Trns][CnsqI][4Pl][3Sg]

aviisan	+?

qenwat	qenwat

wisqaawisimakangat	+?

------------------------
Maaten ilangani aghnam aghnaghaghhaq pimakanga, "Elpeknegpenun aghyuqaghsigasiin?"

maaten	maaten
maaten	maatete[N][Abs][Unpd][Sg]

ilangani	ila[N][Loc][3SgPoss][SgPosd]
ilangani	ila[N][Loc][3SgPoss][PlPosd]
ilangani	ilangani
ilangani	ilangani[N][Abs][Unpd][Sg]

aghnam	aghnagh[N][Rel][Unpd][Sg]

aghnaghaghhaq	aghnaghagh*-–ghhagh*[dear.N][N→N][N][Abs][Unpd][Sg]
aghnaghaghhaq	aghnaghaghhagh*[N][Abs][Unpd][Sg]

pimakanga	pi-@₁~:(i/u)ma[to.have.V-ed][to.have.been.V-ed][V→V]-@*@₂~sf–(g₂)k(a)e[the.one.that.possessor.V-ed][V→N][N][Abs][3SgPoss][SgPosd]
pimakanga	pi-@₁~:(i/u)ma[to.have.V-ed][to.have.been.V-ed][V→V][V][Trns][Ptcp][3Sg][3Sg]
pimakanga	pi-@₁~:(i/u)ma[to.have.V-ed][to.have.been.V-ed][V→V][V][Trns][Cond][3Sg][1Sg]

elpeknegpenun	+?

aghyuqaghsigasiin	+?

------------------------
"Aghyuqeghngaaghmaqun naten aglaghlanga.

aghyuqeghngaaghmaqun	+?

naten	naten

aglaghlanga	aglagh[V][Intr][Opt][PRS][1Sg]

------------------------
Naantat apanka nallukegkenka."

naantat	+?

apanka	apa[N][Abs][1SgPoss][PlPosd]

nallukegkenka	nalluke-@*@₂~sf–(g₂)k(a)e[the.one.that.possessor.V-ed][V→N][N][Abs][1SgPoss][PlPosd]
nallukegkenka	nalluke[V][Trns][Ptcp][1Sg][3Pl]

------------------------
Aghnam pimakanga, "Whaa qavaghyaghtughtunga.

aghnam	aghnagh[N][Rel][Unpd][Sg]

pimakanga	pi-@₁~:(i/u)ma[to.have.V-ed][to.have.been.V-ed][V→V]-@*@₂~sf–(g₂)k(a)e[the.one.that.possessor.V-ed][V→N][N][Abs][3SgPoss][SgPosd]
pimakanga	pi-@₁~:(i/u)ma[to.have.V-ed][to.have.been.V-ed][V→V][V][Trns][Ptcp][3Sg][3Sg]
pimakanga	pi-@₁~:(i/u)ma[to.have.V-ed][to.have.been.V-ed][V→V][V][Trns][Cond][3Sg][1Sg]

whaa	whaa

qavaghyaghtughtunga	qavagh-@₁~fyaghtugh[to.be.about.to.V][to.go.somewhere.to.V][V][Intr][Ind][1Sg]
qavaghyaghtughtunga	qavagh-@₁~fyaghtugh[to.be.about.to.V][to.go.somewhere.to.V]-te[to.act.on.so.as.to.cause.to.V][V→V][V][Intr][Ind][1Sg]

------------------------
Qavaquma angatumeng taghtughnaanghitunga.

qavaquma	qavagh-~–ke[to.have.as.one's.N(s)][N→V]-@₁~:(i/u)ma[to.have.V-ed][to.have.been.V-ed][V→V][V][Intr][Opt][PRS][2Sg]
qavaquma	qavagh[V][Intr][Cond][1Sg]

angatumeng	angatumeng
angatumeng	angatumeng[N][Abs][Unpd][Sg]

taghtughnaanghitunga	taghtugh-@₁~fnaanghite[will.not.V][V→V][V][Intr][Ind][1Sg]

------------------------
Qemall elpek aghyuqellequten pellaghyugllequten.

qemall	qemall

elpek	elpek
elpek	elpeg[N][Abs][Unpd][Sg]

aghyuqellequten	+?

pellaghyugllequten	+?

------------------------
Apagpek sama suumqenneghmeng elpek qavaq palaghhaq atuqaqaat.

apagpek	apa[N][Rel][2SgPoss][DuPosd]
apagpek	apa[N][Rel][2SgPoss][SgPosd]
apagpek	apa[N][Rel][2SgPoss][PlPosd]

sama	sa-@₁~:(i/u)ma[to.have.V-ed][to.have.been.V-ed][V→V][V][Intr][Opt][PRS][2Sg]
sama	sa[N][Rel][1SgPoss][SgPosd]
sama	sa[N][Rel][1SgPoss][PlPosd]
sama	sama

suumqenneghmeng	sumegh-~–ke[to.have.as.one's.N(s)][N→V]-te[to.act.on.so.as.to.cause.to.V][V→V]-te[to.act.on.so.as.to.cause.to.V][V→V]-@₁–negh[the.act.or.activity.of.V-ing][V→N][N][Rel][4DuPoss][SgPosd]
suumqenneghmeng	sumegh-~–ke[to.have.as.one's.N(s)][N→V]-te[to.act.on.so.as.to.cause.to.V][V→V]-te[to.act.on.so.as.to.cause.to.V][V→V]-@₁–negh[the.act.or.activity.of.V-ing][V→N][N][Rel][4DuPoss][PlPosd]
suumqenneghmeng	sumegh-~–ke[to.have.as.one's.N(s)][N→V]-te[to.act.on.so.as.to.cause.to.V][V→V]-te[to.act.on.so.as.to.cause.to.V][V→V]-@₁–negh[the.act.or.activity.of.V-ing][V→N][N][Rel][4PlPoss][SgPosd]
suumqenneghmeng	sumegh-~–ke[to.have.as.one's.N(s)][N→V]-te[to.act.on.so.as.to.cause.to.V][V→V]-te[to.act.on.so.as.to.cause.to.V][V→V]-@₁–negh[the.act.or.activity.of.V-ing][V→N][N][Rel][4PlPoss][PlPosd]
suumqenneghmeng	sumegh-~–ke[to.have.as.one's.N(s)][N→V]-te[to.act.on.so.as.to.cause.to.V][V→V]-te[to.act.on.so.as.to.cause.to.V][V→V]-@₁–negh[the.act.or.activity.of.V-ing][V→N][N][Abl_Mod][Unpd][Sg]
suumqenneghmeng	sumegh-~–ke[to.have.as.one's.N(s)][N→V]-te[to.act.on.so.as.to.cause.to.V][V→V]-te[to.act.on.so.as.to.cause.to.V][V→V][V][Intr][Ctmp][4Pl]
suumqenneghmeng	sumegh-~–ke[to.have.as.one's.N(s)][N→V]-te[to.act.on.so.as.to.cause.to.V][V→V]-@₁–negh[the.act.or.activity.of.V-ing][V→N][N][Rel][4DuPoss][SgPosd]
suumqenneghmeng	sumegh-~–ke[to.have.as.one's.N(s)][N→V]-te[to.act.on.so.as.to.cause.to.V][V→V]-@₁–negh[the.act.or.activity.of.V-ing][V→N][N][Rel][4DuPoss][PlPosd]
suumqenneghmeng	sumegh-~–ke[to.have.as.one's.N(s)][N→V]-te[to.act.on.so.as.to.cause.to.V][V→V]-@₁–negh[the.act.or.activity.of.V-ing][V→N][N][Rel][4PlPoss][SgPosd]
suumqenneghmeng	sumegh-~–ke[to.have.as.one's.N(s)][N→V]-te[to.act.on.so.as.to.cause.to.V][V→V]-@₁–negh[the.act.or.activity.of.V-ing][V→N][N][Rel][4PlPoss][PlPosd]
suumqenneghmeng	sumegh-~–ke[to.have.as.one's.N(s)][N→V]-te[to.act.on.so.as.to.cause.to.V][V→V]-@₁–negh[the.act.or.activity.of.V-ing][V→N][N][Abl_Mod][Unpd][Sg]
suumqenneghmeng	sumegh-~–ke[to.have.as.one's.N(s)][N→V]-te[to.act.on.so.as.to.cause.to.V][V→V][V][Intr][Ctmp][4Pl]

elpek	elpek
elpek	elpeg[N][Abs][Unpd][Sg]

qavaq	qavagh[N][Abs][Unpd][Sg]

palaghhaq	palaghhaq[N][Abs][Unpd][Sg]

atuqaqaat	atuqe-~(g₁)aqe[to.be.V.ing][to.regularly.or.repeatedly.V][V→V][V][Trns][Ind][3Pl][3Sg]

------------------------
Repall iiyngiqaghtiighumaat.

repall	repall
repall	repall[N][Abs][Unpd][Sg]

iiyngiqaghtiighumaat	+?

------------------------
Ighivganghagu qagughmigullutek qavaghnaqutkaquk."

ighivganghagu	+?

qagughmigullutek	+?

qavaghnaqutkaquk	qavagh-@₁~fnaqe[to.be.going.to.V][V→V]-~:(u)te[to.V.for.or.with][to.cause.to.V.as.one.is.V-ing][to.V.toward.each.other][V→V]-@₂~fkaq[one.that.has.V-ed][V→N]-~–ke[to.have.as.one's.N(s)][N→V][V][Intr][Ind][3Du]
qavaghnaqutkaquk	qavagh-@₁~fnaqe[to.be.going.to.V][V→V]-~:(u)te[condition.with.respect.to.V-ing][V→N]-~–ke[to.have.as.one's.N(s)][N→V]-~(g₁)aqe[to.be.V.ing][to.regularly.or.repeatedly.V][V→V][V][Intr][Ind][3Du]
qavaghnaqutkaquk	qavagh-@₁~fnaqe[to.be.going.to.V][V→V]-~:(u)te[SBJ.V-ed.something][V→V]-@₂~fkaq[one.that.has.V-ed][V→N]-~–ke[to.have.as.one's.N(s)][N→V][V][Intr][Ind][3Du]

------------------------
"Wetkuqun elpek maliggnakevnga."

wetkuqun	+?

elpek	elpek
elpek	elpeg[N][Abs][Unpd][Sg]

maliggnakevnga	maligte-@₁~fna[in.order.to.V][intending.to.V][V→V][V][Trns][Ptcp][2Sg][1Sg]
maliggnakevnga	maligte[V][Trns][Opt][FUT][2Sg][1Sg]

------------------------
Aghnam aangghumakanga.

aghnam	aghnagh[N][Rel][Unpd][Sg]

aangghumakanga	+?

------------------------
"Whaa apeghtughnaqamken vuvallami egmightaataskuyeng kayaalqennayukangaten."

whaa	whaa

apeghtughnaqamken	+?

vuvallami	vuvalla[N][Loc][Unpd][Sg]
vuvallami	vuvalla[N][Rel][4SgPoss][SgPosd]
vuvallami	vuvalla[N][Rel][4SgPoss][PlPosd]

egmightaataskuyeng	+?

kayaalqennayukangaten	+?

------------------------
Aghnam saguyak tugulukek ilagaamalghii alignaghtaghumalghii.

aghnam	aghnagh[N][Rel][Unpd][Sg]

saguyak	saguyagh[N][Abs][Unpd][Du]
saguyak	saguyagh[N][Rel][Unpd][Du]

tugulukek	tugu-~:(u)te[to.V.for.or.with][to.cause.to.V.as.one.is.V-ing][to.V.toward.each.other][V→V][V][Trns][Sbrd][_][3Du]
tugulukek	tugu[V][Trns][Sbrd][_][3Du]

ilagaamalghii	ilagagh-@₁~:(i/u)ma[to.have.V-ed][to.have.been.V-ed][V→V]-@₁–lghii[the.one.that.V-ed][the.one.that.is.V][V→N][N][Abs][Unpd][Sg]

alignaghtaghumalghii	+?

------------------------
Aghnaghaghhaam esghapagumakanga.

aghnaghaghhaam	aghnaghagh*-–ghhagh*[dear.N][N→N][N][Rel][Unpd][Sg]
aghnaghaghhaam	aghnaghaghhagh*[N][Rel][Unpd][Sg]

esghapagumakanga	+?

------------------------
Apeghiighyami aghnam aghnaghaghhaq aapsimakanga, "Qayugham liisin?"

apeghiighyami	apeghiigh[V][Intr][CnsqI][4Sg]

aghnam	aghnagh[N][Rel][Unpd][Sg]

aghnaghaghhaq	aghnaghagh*-–ghhagh*[dear.N][N→N][N][Abs][Unpd][Sg]
aghnaghaghhaq	aghnaghaghhagh*[N][Abs][Unpd][Sg]

aapsimakanga	aapte-@₁~:(i/u)ma[to.have.V-ed][to.have.been.V-ed][V→V]-@*@₂~sf–(g₂)k(a)e[the.one.that.possessor.V-ed][V→N][N][Abs][3SgPoss][SgPosd]
aapsimakanga	aapte-@₁~:(i/u)ma[to.have.V-ed][to.have.been.V-ed][V→V][V][Trns][Ptcp][3Sg][3Sg]
aapsimakanga	aapte-@₁~:(i/u)ma[to.have.V-ed][to.have.been.V-ed][V→V][V][Trns][Cond][3Sg][1Sg]

qayugham	qayugham
qayugham	qayugham[N][Abs][Unpd][Sg]

liisin	liite[V][Intr][Intrg][2Sg]

------------------------
"Aaa liitunga."

aaa	+?

liitunga	liite[V][Intr][Ind][1Sg]

------------------------
"Legan atghaghluten vuvallakufsi tawaten pilghaaten.

legan	legan

atghaghluten	atghagh[V][Intr][Sbrd][2Sg]

vuvallakufsi	+?

tawaten	tawaten

pilghaaten	pi[V][Intr][Opt][FUT][2Sg]

------------------------
Ahaam pilugugi.

ahaam	ahaam

pilugugi	pilugug-~i[SBJ.V-ed.something][V→V][V][Intr][Opt][PRS][2Sg]
pilugugi	pilugug[N][Abs][3SgPoss][PlPosd]
pilugugi	pilugug[V][Intr][Opt][PRS][2Sg]

------------------------
Atghannaqamken."

atghannaqamken	+?

------------------------


	

------------------------
Llaaghanwha aghnaghaghhaq pilugugumalghii.

llaaghanwha	llaaghanwha

aghnaghaghhaq	aghnaghagh*-–ghhagh*[dear.N][N→N][N][Abs][Unpd][Sg]
aghnaghaghhaq	aghnaghaghhagh*[N][Abs][Unpd][Sg]

pilugugumalghii	pilugug-@₁~:(i/u)ma[to.have.V-ed][to.have.been.V-ed][V→V]-@₁–lghii[the.one.that.V-ed][the.one.that.is.V][V→N][N][Abs][Unpd][Sg]
pilugugumalghii	pilugug-~:(ng₁)u[to.be.N][N→V]-@₁~:(i/u)ma[to.have.V-ed][to.have.been.V-ed][V→V]-@₁–lghii[the.one.that.V-ed][the.one.that.is.V][V→N][N][Abs][Unpd][Sg]

------------------------
Taagken aanyalghiimek nutaan uksaaghaqeftaa.

taagken	taagken

aanyalghiimek	aane[V][Intr][Ptcp_Obl][4Du]

nutaan	nutaan

uksaaghaqeftaa	+?

------------------------
Atghaamalghiik.

atghaamalghiik	atghagh-@₁~:(i/u)ma[to.have.V-ed][to.have.been.V-ed][V→V]-@₁–lghii[the.one.that.V-ed][the.one.that.is.V][V→N][N][Abs][Unpd][Du]
atghaamalghiik	atghagh-@₁~:(i/u)ma[to.have.V-ed][to.have.been.V-ed][V→V]-@₁–lghii[the.one.that.V-ed][the.one.that.is.V][V→N][N][Rel][Unpd][Du]
atghaamalghiik	atghagh-@₁~:(i/u)ma[to.have.V-ed][to.have.been.V-ed][V→V][V][Intr][Ptcp][3Du]

------------------------
Atghaamalutek unugumakanga.

atghaamalutek	atghagh-@₁~:(i/u)ma[to.have.V-ed][to.have.been.V-ed][V→V]-~:(u)te[to.V.for.or.with][to.cause.to.V.as.one.is.V-ing][to.V.toward.each.other][V→V][V][Intr][Sbrd][2Du]
atghaamalutek	atghagh-@₁~:(i/u)ma[to.have.V-ed][to.have.been.V-ed][V→V]-~:(u)te[to.V.for.or.with][to.cause.to.V.as.one.is.V-ing][to.V.toward.each.other][V→V][V][Intr][Sbrd][3Du]
atghaamalutek	atghagh-@₁~:(i/u)ma[to.have.V-ed][to.have.been.V-ed][V→V]-~:(u)te[SBJ.V-ed.something][V→V][V][Intr][Sbrd][2Du]
atghaamalutek	atghagh-@₁~:(i/u)ma[to.have.V-ed][to.have.been.V-ed][V→V]-~:(u)te[SBJ.V-ed.something][V→V][V][Intr][Sbrd][3Du]
atghaamalutek	atghagh-@₁~:(i/u)ma[to.have.V-ed][to.have.been.V-ed][V→V][V][Intr][Sbrd][2Du]
atghaamalutek	atghagh-@₁~:(i/u)ma[to.have.V-ed][to.have.been.V-ed][V→V][V][Intr][Sbrd][3Du]

unugumakanga	unug[Imprs_Agnt]-@₁~:(i/u)ma[to.have.V-ed][to.have.been.V-ed][V→V]-@*@₂~sf–(g₂)k(a)e[the.one.that.possessor.V-ed][V→N][N][Abs][3SgPoss][SgPosd]
unugumakanga	unug[Imprs_Agnt]-@₁~:(i/u)ma[to.have.V-ed][to.have.been.V-ed][V→V][V][Trns][Ptcp][3Sg][3Sg]
unugumakanga	unug[Imprs_Agnt]-@₁~:(i/u)ma[to.have.V-ed][to.have.been.V-ed][V→V][V][Trns][Cond][3Sg][1Sg]

------------------------
Kaasaghtughyameng aghnaghaghhaam mengteghaanun aghnam pimakanga, "Uteghhnaqunga whanga.

kaasaghtughyameng	kaate-@₁~fyaghtugh[to.be.about.to.V][to.go.somewhere.to.V][V][Intr][CnsqI][4Pl]

aghnaghaghhaam	aghnaghagh*-–ghhagh*[dear.N][N→N][N][Rel][Unpd][Sg]
aghnaghaghhaam	aghnaghaghhagh*[N][Rel][Unpd][Sg]

mengteghaanun	mengteghagh[N][Ter][3SgPoss][SgPosd]
mengteghaanun	mengteghagh[N][Ter][3SgPoss][PlPosd]

aghnam	aghnagh[N][Rel][Unpd][Sg]

pimakanga	pi-@₁~:(i/u)ma[to.have.V-ed][to.have.been.V-ed][V→V]-@*@₂~sf–(g₂)k(a)e[the.one.that.possessor.V-ed][V→N][N][Abs][3SgPoss][SgPosd]
pimakanga	pi-@₁~:(i/u)ma[to.have.V-ed][to.have.been.V-ed][V→V][V][Trns][Ptcp][3Sg][3Sg]
pimakanga	pi-@₁~:(i/u)ma[to.have.V-ed][to.have.been.V-ed][V→V][V][Trns][Cond][3Sg][1Sg]

uteghhnaqunga	+?

whanga	wha[N][Abs][3SgPoss][SgPosd]
whanga	whanga

------------------------
Ellnginaghpekkaallghaten."

ellnginaghpekkaallghaten	+?

------------------------
Aghnaq aga uteghsan aghnaghaghhaam uteghmun qiivyaqenni kaynga aga maaten tumangitgun pangalgaqeftuq.

aghnaq	aghnagh[N][Abs][Unpd][Sg]

aga	aga

uteghsan	+?

aghnaghaghhaam	aghnaghagh*-–ghhagh*[dear.N][N→N][N][Rel][Unpd][Sg]
aghnaghaghhaam	aghnaghaghhagh*[N][Rel][Unpd][Sg]

uteghmun	uteghmun

qiivyaqenni	+?

kaynga	+?

aga	aga

maaten	maaten
maaten	maatete[N][Abs][Unpd][Sg]

tumangitgun	+?

pangalgaqeftuq	+?

------------------------
Aghnaghaghhaq kaalluni amigem reghillghakun qineghsalghiimi qama apakek qagughmigullutek qavaataqeftuk.

aghnaghaghhaq	aghnaghagh*-–ghhagh*[dear.N][N→N][N][Abs][Unpd][Sg]
aghnaghaghhaq	aghnaghaghhagh*[N][Abs][Unpd][Sg]

kaalluni	kaate[V][Intr][Sbrd][3Sg]

amigem	amig[N][Rel][Unpd][Sg]

reghillghakun	reghillegh[N][Via][3DuPoss][PlPosd]
reghillghakun	reghillegh[N][Via][3SgPoss][SgPosd]
reghillghakun	reghillegh[N][Via][3SgPoss][PlPosd]

qineghsalghiimi	qineghte-@₁~fyagh[to.go.V-ing][to.V.in.vain][V→V]-@₁–lghii[the.one.that.V-ed][the.one.that.is.V][V→N][N][Loc][Unpd][Sg]
qineghsalghiimi	qineghte-@₁~fyagh[to.go.V-ing][to.V.in.vain][V→V]-@₁–lghii[the.one.that.V-ed][the.one.that.is.V][V→N][N][Rel][4SgPoss][SgPosd]
qineghsalghiimi	qineghte-@₁~fyagh[to.go.V-ing][to.V.in.vain][V→V]-@₁–lghii[the.one.that.V-ed][the.one.that.is.V][V→N][N][Rel][4SgPoss][PlPosd]
qineghsalghiimi	qineghte[V][Intr][Ptcp_Obl][4Sg]

qama	qama

apakek	apa[N][Abs][3SgPoss][DuPosd]

qagughmigullutek	+?

qavaataqeftuk	qavagh-~:(ng₁)u[to.be.N][N→V]-~:(u)te[to.V.for.or.with][to.cause.to.V.as.one.is.V-ing][to.V.toward.each.other][V→V]-~(g₁)aqe[to.be.V.ing][to.regularly.or.repeatedly.V][V→V]-(pete)fte[to.evidently.V][to.have.V-ed][V→V][V][Intr][Ind][3Du]
qavaataqeftuk	qavagh-~:(ng₁)u[to.be.N][N→V]-~:(u)te[SBJ.V-ed.something][V→V]-~(g₁)aqe[to.be.V.ing][to.regularly.or.repeatedly.V][V→V]-(pete)fte[to.evidently.V][to.have.V-ed][V→V][V][Intr][Ind][3Du]
qavaataqeftuk	qavagh-~:(ng₁)u[to.be.N][N→V]-te[to.act.on.so.as.to.cause.to.V][V→V]-~(g₁)aqe[to.be.V.ing][to.regularly.or.repeatedly.V][V→V]-(pete)fte[to.evidently.V][to.have.V-ed][V→V][V][Intr][Ind][3Du]
qavaataqeftuk	qavagh-~:(u)te[to.V.for.or.with][to.cause.to.V.as.one.is.V-ing][to.V.toward.each.other][V→V]-~(g₁)aqe[to.be.V.ing][to.regularly.or.repeatedly.V][V→V]-(pete)fte[to.evidently.V][to.have.V-ed][V→V][V][Intr][Ind][3Du]
qavaataqeftuk	qavagh-~:(u)te[SBJ.V-ed.something][V→V]-~(g₁)aqe[to.be.V.ing][to.regularly.or.repeatedly.V][V→V]-(pete)fte[to.evidently.V][to.have.V-ed][V→V][V][Intr][Ind][3Du]

------------------------
Aghnaghaghhaam tenglugtuumaan amik qamayaghmighyaqenni taghtughsimakek.

aghnaghaghhaam	aghnaghagh*-–ghhagh*[dear.N][N→N][N][Rel][Unpd][Sg]
aghnaghaghhaam	aghnaghaghhagh*[N][Rel][Unpd][Sg]

tenglugtuumaan	+?

amik	amigh[N][Abs][Unpd][Du]
amik	amigh[N][Rel][Unpd][Du]
amik	amig[N][Abs][Unpd][Sg]

qamayaghmighyaqenni	+?

taghtughsimakek	taghtugh-te[to.act.on.so.as.to.cause.to.V][V→V]-@₁~:(i/u)ma[to.have.V-ed][to.have.been.V-ed][V→V]-@*@₂~sf–(g₂)k(a)e[the.one.that.possessor.V-ed][V→N][N][Abs][Unpd][Du]
taghtughsimakek	taghtugh-te[to.act.on.so.as.to.cause.to.V][V→V]-@₁~:(i/u)ma[to.have.V-ed][to.have.been.V-ed][V→V]-@*@₂~sf–(g₂)k(a)e[the.one.that.possessor.V-ed][V→N][N][Rel][Unpd][Du]

------------------------
Qama pimalghiik, "Kaay llangaqa eltughaghhamta menga!"

qama	qama

pimalghiik	pi-@₁~:(i/u)ma[to.have.V-ed][to.have.been.V-ed][V→V]-@₁–lghii[the.one.that.V-ed][the.one.that.is.V][V→N][N][Abs][Unpd][Du]
pimalghiik	pi-@₁~:(i/u)ma[to.have.V-ed][to.have.been.V-ed][V→V]-@₁–lghii[the.one.that.V-ed][the.one.that.is.V][V→N][N][Rel][Unpd][Du]
pimalghiik	pi-@₁~:(i/u)ma[to.have.V-ed][to.have.been.V-ed][V→V][V][Intr][Ptcp][3Du]

kaay	kaay

llangaqa	llangaqa

eltughaghhamta	eltughagh*-–ghhagh*[dear.N][N→N][N][Rel][1PlPoss][SgPosd]
eltughaghhamta	eltughagh*-–ghhagh*[dear.N][N→N][N][Rel][1PlPoss][PlPosd]

menga	+?

------------------------
"Aaqun whangangunga taginga.

aaqun	aaqun

whangangunga	+?

taginga	+?

------------------------
Enmis sukalluku qalpeghutengnga!"

enmis	enmis

sukalluku	+?

qalpeghutengnga	+?

------------------------
"Kaay eltughaghput taguq!"

kaay	kaay

eltughaghput	eltughagh*[N][Abs][1PlPoss][SgPosd]

taguq	+?

------------------------
Qalpeghusimakangat.

qalpeghusimakangat	+?

------------------------
Iteghyalghiimi apangita iiyngit qavaghlaaghigallgjiem iqeghtiighluteng.

iteghyalghiimi	itegh-@₁~fyagh[to.go.V-ing][to.V.in.vain][V→V]-@₁–lghii[the.one.that.V-ed][the.one.that.is.V][V→N][N][Loc][Unpd][Sg]
iteghyalghiimi	itegh-@₁~fyagh[to.go.V-ing][to.V.in.vain][V→V]-@₁–lghii[the.one.that.V-ed][the.one.that.is.V][V→N][N][Rel][4SgPoss][SgPosd]
iteghyalghiimi	itegh-@₁~fyagh[to.go.V-ing][to.V.in.vain][V→V]-@₁–lghii[the.one.that.V-ed][the.one.that.is.V][V→N][N][Rel][4SgPoss][PlPosd]
iteghyalghiimi	itegh[V][Intr][Ptcp_Obl][4Sg]

apangita	apa-~:(ng₁)ite**[to.lack.N][to.not.have.N][N→V][V][Intr][Intrg][3Sg]
apangita	apa[N][Rel][3DuPoss][SgPosd]
apangita	apa[N][Rel][3DuPoss][PlPosd]
apangita	apa[N][Rel][3PlPoss][SgPosd]
apangita	apa[N][Rel][3PlPoss][PlPosd]

iiyngit	iye[N][Abs][3PlPoss][PlPosd]

qavaghlaaghigallgjiem	+?

iqeghtiighluteng	+?

------------------------
Eltughaghteng neghesluku qavaamalghiit.

eltughaghteng	eltughagh*[N][Abs][4PlPoss][SgPosd]

neghesluku	neghe-(te)ste[to.have.make.or.let.one.V][Cmpd_Vbl]-te[to.act.on.so.as.to.cause.to.V][V→V][V][Trns][Sbrd][_][3Sg]
neghesluku	neghe-(te)ste[to.have.make.or.let.one.V][Cmpd_Vbl][V][Trns][Sbrd][_][3Sg]

qavaamalghiit	qavagh-@₁~:(i/u)ma[to.have.V-ed][to.have.been.V-ed][V→V]-@₁–lghii[the.one.that.V-ed][the.one.that.is.V][V→N][N][Abs][Unpd][Pl]
qavaamalghiit	qavagh-@₁~:(i/u)ma[to.have.V-ed][to.have.been.V-ed][V→V]-@₁–lghii[the.one.that.V-ed][the.one.that.is.V][V→N][N][Rel][Unpd][Pl]
qavaamalghiit	qavagh-@₁~:(i/u)ma[to.have.V-ed][to.have.been.V-ed][V→V][V][Intr][Ptcp][3Pl]
qavaamalghiit	qavagh-~:(ng₁)u[to.be.N][N→V]-@₁~:(i/u)ma[to.have.V-ed][to.have.been.V-ed][V→V]-@₁–lghii[the.one.that.V-ed][the.one.that.is.V][V→N][N][Abs][Unpd][Pl]
qavaamalghiit	qavagh-~:(ng₁)u[to.be.N][N→V]-@₁~:(i/u)ma[to.have.V-ed][to.have.been.V-ed][V→V]-@₁–lghii[the.one.that.V-ed][the.one.that.is.V][V→N][N][Rel][Unpd][Pl]
qavaamalghiit	qavagh-~:(ng₁)u[to.be.N][N→V]-@₁~:(i/u)ma[to.have.V-ed][to.have.been.V-ed][V→V][V][Intr][Ptcp][3Pl]

------------------------


	

------------------------
Unaami aapqughaghyaghaat apagkenkallu enkaam aghnaghaatlu tagiluteng aghulaghqulgutangita, naken pitanga.Aghnaghaghhaq aksaqngwaaghumalghii.

unaami	unaami
unaami	unaami[N][Abs][Unpd][Sg]

aapqughaghyaghaat	+?

apagkenkallu	apa[N][Rel][3SgPoss][DuPosd]-llu[Encl]

enkaam	enkaam

aghnaghaatlu	aghnaghagh*[N][Abs][Unpd][Pl]-llu[Encl]
aghnaghaatlu	aghnaghagh*[N][Abs][3PlPoss][SgPosd]-llu[Encl]
aghnaghaatlu	aghnaghagh*[N][Rel][Unpd][Pl]-llu[Encl]

tagiluteng	tagi-~:(u)te[to.V.for.or.with][to.cause.to.V.as.one.is.V-ing][to.V.toward.each.other][V→V][V][Intr][Sbrd][3Pl]
tagiluteng	tagi-~:(u)te[SBJ.V-ed.something][V→V][V][Intr][Sbrd][3Pl]
tagiluteng	tagi[V][Intr][Sbrd][3Pl]

aghulaghqulgutangita	+?

naken	naken
naken	nakete[N][Abs][Unpd][Sg]

pitangaaghnaghaghhaq	+?

aksaqngwaaghumalghii	+?

------------------------
Taagken aghnaghaghaam apanga vuvallamalghii.

taagken	taagken

aghnaghaghaam	+?

apanga	apa[N][Abs][3SgPoss][SgPosd]

vuvallamalghii	+?

------------------------
Sughukaq tagilaghaalluni neghunneghmeng taaqsameng ungipaghaasimalghiit.

sughukaq	sughukagh[N][Abs][Unpd][Sg]

tagilaghaalluni	+?

neghunneghmeng	negh-~:(u)te[to.V.for.or.with][to.cause.to.V.as.one.is.V-ing][to.V.toward.each.other][V→V]-te[to.act.on.so.as.to.cause.to.V][V→V]-@₁–negh[the.act.or.activity.of.V-ing][V→N][N][Rel][4DuPoss][SgPosd]
neghunneghmeng	negh-~:(u)te[to.V.for.or.with][to.cause.to.V.as.one.is.V-ing][to.V.toward.each.other][V→V]-te[to.act.on.so.as.to.cause.to.V][V→V]-@₁–negh[the.act.or.activity.of.V-ing][V→N][N][Rel][4DuPoss][PlPosd]
neghunneghmeng	negh-~:(u)te[to.V.for.or.with][to.cause.to.V.as.one.is.V-ing][to.V.toward.each.other][V→V]-te[to.act.on.so.as.to.cause.to.V][V→V]-@₁–negh[the.act.or.activity.of.V-ing][V→N][N][Rel][4PlPoss][SgPosd]
neghunneghmeng	negh-~:(u)te[to.V.for.or.with][to.cause.to.V.as.one.is.V-ing][to.V.toward.each.other][V→V]-te[to.act.on.so.as.to.cause.to.V][V→V]-@₁–negh[the.act.or.activity.of.V-ing][V→N][N][Rel][4PlPoss][PlPosd]
neghunneghmeng	negh-~:(u)te[to.V.for.or.with][to.cause.to.V.as.one.is.V-ing][to.V.toward.each.other][V→V]-te[to.act.on.so.as.to.cause.to.V][V→V]-@₁–negh[the.act.or.activity.of.V-ing][V→N][N][Abl_Mod][Unpd][Sg]
neghunneghmeng	negh-~:(u)te[to.V.for.or.with][to.cause.to.V.as.one.is.V-ing][to.V.toward.each.other][V→V]-te[to.act.on.so.as.to.cause.to.V][V→V][V][Intr][Ctmp][4Pl]
neghunneghmeng	negh-~:(u)te[to.V.for.or.with][to.cause.to.V.as.one.is.V-ing][to.V.toward.each.other][V→V]-@₁–negh[the.act.or.activity.of.V-ing][V→N][N][Rel][4DuPoss][SgPosd]
neghunneghmeng	negh-~:(u)te[to.V.for.or.with][to.cause.to.V.as.one.is.V-ing][to.V.toward.each.other][V→V]-@₁–negh[the.act.or.activity.of.V-ing][V→N][N][Rel][4DuPoss][PlPosd]
neghunneghmeng	negh-~:(u)te[to.V.for.or.with][to.cause.to.V.as.one.is.V-ing][to.V.toward.each.other][V→V]-@₁–negh[the.act.or.activity.of.V-ing][V→N][N][Rel][4PlPoss][SgPosd]
neghunneghmeng	negh-~:(u)te[to.V.for.or.with][to.cause.to.V.as.one.is.V-ing][to.V.toward.each.other][V→V]-@₁–negh[the.act.or.activity.of.V-ing][V→N][N][Rel][4PlPoss][PlPosd]
neghunneghmeng	negh-~:(u)te[to.V.for.or.with][to.cause.to.V.as.one.is.V-ing][to.V.toward.each.other][V→V]-@₁–negh[the.act.or.activity.of.V-ing][V→N][N][Abl_Mod][Unpd][Sg]
neghunneghmeng	negh-~:(u)te[to.V.for.or.with][to.cause.to.V.as.one.is.V-ing][to.V.toward.each.other][V→V][V][Intr][Ctmp][4Pl]
neghunneghmeng	negh-~:(u)te[condition.with.respect.to.V-ing][V→N]-te[to.catch.N][to.go.to.N][N→V]-@₁–negh[the.act.or.activity.of.V-ing][V→N][N][Rel][4DuPoss][SgPosd]
neghunneghmeng	negh-~:(u)te[condition.with.respect.to.V-ing][V→N]-te[to.catch.N][to.go.to.N][N→V]-@₁–negh[the.act.or.activity.of.V-ing][V→N][N][Rel][4DuPoss][PlPosd]
neghunneghmeng	negh-~:(u)te[condition.with.respect.to.V-ing][V→N]-te[to.catch.N][to.go.to.N][N→V]-@₁–negh[the.act.or.activity.of.V-ing][V→N][N][Rel][4PlPoss][SgPosd]
neghunneghmeng	negh-~:(u)te[condition.with.respect.to.V-ing][V→N]-te[to.catch.N][to.go.to.N][N→V]-@₁–negh[the.act.or.activity.of.V-ing][V→N][N][Rel][4PlPoss][PlPosd]
neghunneghmeng	negh-~:(u)te[condition.with.respect.to.V-ing][V→N]-te[to.catch.N][to.go.to.N][N→V]-@₁–negh[the.act.or.activity.of.V-ing][V→N][N][Abl_Mod][Unpd][Sg]
neghunneghmeng	negh-~:(u)te[condition.with.respect.to.V-ing][V→N]-te[to.catch.N][to.go.to.N][N→V][V][Intr][Ctmp][4Pl]
neghunneghmeng	negh-~:(u)te[SBJ.V-ed.something][V→V]-te[to.act.on.so.as.to.cause.to.V][V→V]-@₁–negh[the.act.or.activity.of.V-ing][V→N][N][Rel][4DuPoss][SgPosd]
neghunneghmeng	negh-~:(u)te[SBJ.V-ed.something][V→V]-te[to.act.on.so.as.to.cause.to.V][V→V]-@₁–negh[the.act.or.activity.of.V-ing][V→N][N][Rel][4DuPoss][PlPosd]
neghunneghmeng	negh-~:(u)te[SBJ.V-ed.something][V→V]-te[to.act.on.so.as.to.cause.to.V][V→V]-@₁–negh[the.act.or.activity.of.V-ing][V→N][N][Rel][4PlPoss][SgPosd]
neghunneghmeng	negh-~:(u)te[SBJ.V-ed.something][V→V]-te[to.act.on.so.as.to.cause.to.V][V→V]-@₁–negh[the.act.or.activity.of.V-ing][V→N][N][Rel][4PlPoss][PlPosd]
neghunneghmeng	negh-~:(u)te[SBJ.V-ed.something][V→V]-te[to.act.on.so.as.to.cause.to.V][V→V]-@₁–negh[the.act.or.activity.of.V-ing][V→N][N][Abl_Mod][Unpd][Sg]
neghunneghmeng	negh-~:(u)te[SBJ.V-ed.something][V→V]-te[to.act.on.so.as.to.cause.to.V][V→V][V][Intr][Ctmp][4Pl]
neghunneghmeng	negh-~:(u)te[SBJ.V-ed.something][V→V]-@₁–negh[the.act.or.activity.of.V-ing][V→N][N][Rel][4DuPoss][SgPosd]
neghunneghmeng	negh-~:(u)te[SBJ.V-ed.something][V→V]-@₁–negh[the.act.or.activity.of.V-ing][V→N][N][Rel][4DuPoss][PlPosd]
neghunneghmeng	negh-~:(u)te[SBJ.V-ed.something][V→V]-@₁–negh[the.act.or.activity.of.V-ing][V→N][N][Rel][4PlPoss][SgPosd]
neghunneghmeng	negh-~:(u)te[SBJ.V-ed.something][V→V]-@₁–negh[the.act.or.activity.of.V-ing][V→N][N][Rel][4PlPoss][PlPosd]
neghunneghmeng	negh-~:(u)te[SBJ.V-ed.something][V→V]-@₁–negh[the.act.or.activity.of.V-ing][V→N][N][Abl_Mod][Unpd][Sg]
neghunneghmeng	negh-~:(u)te[SBJ.V-ed.something][V→V][V][Intr][Ctmp][4Pl]
neghunneghmeng	neghe-~:(u)te[to.V.for.or.with][to.cause.to.V.as.one.is.V-ing][to.V.toward.each.other][V→V]-te[to.act.on.so.as.to.cause.to.V][V→V]-@₁–negh[the.act.or.activity.of.V-ing][V→N][N][Rel][4DuPoss][SgPosd]
neghunneghmeng	neghe-~:(u)te[to.V.for.or.with][to.cause.to.V.as.one.is.V-ing][to.V.toward.each.other][V→V]-te[to.act.on.so.as.to.cause.to.V][V→V]-@₁–negh[the.act.or.activity.of.V-ing][V→N][N][Rel][4DuPoss][PlPosd]
neghunneghmeng	neghe-~:(u)te[to.V.for.or.with][to.cause.to.V.as.one.is.V-ing][to.V.toward.each.other][V→V]-te[to.act.on.so.as.to.cause.to.V][V→V]-@₁–negh[the.act.or.activity.of.V-ing][V→N][N][Rel][4PlPoss][SgPosd]
neghunneghmeng	neghe-~:(u)te[to.V.for.or.with][to.cause.to.V.as.one.is.V-ing][to.V.toward.each.other][V→V]-te[to.act.on.so.as.to.cause.to.V][V→V]-@₁–negh[the.act.or.activity.of.V-ing][V→N][N][Rel][4PlPoss][PlPosd]
neghunneghmeng	neghe-~:(u)te[to.V.for.or.with][to.cause.to.V.as.one.is.V-ing][to.V.toward.each.other][V→V]-te[to.act.on.so.as.to.cause.to.V][V→V]-@₁–negh[the.act.or.activity.of.V-ing][V→N][N][Abl_Mod][Unpd][Sg]
neghunneghmeng	neghe-~:(u)te[to.V.for.or.with][to.cause.to.V.as.one.is.V-ing][to.V.toward.each.other][V→V]-te[to.act.on.so.as.to.cause.to.V][V→V][V][Intr][Ctmp][4Pl]
neghunneghmeng	neghe-~:(u)te[to.V.for.or.with][to.cause.to.V.as.one.is.V-ing][to.V.toward.each.other][V→V]-@₁–negh[the.act.or.activity.of.V-ing][V→N][N][Rel][4DuPoss][SgPosd]
neghunneghmeng	neghe-~:(u)te[to.V.for.or.with][to.cause.to.V.as.one.is.V-ing][to.V.toward.each.other][V→V]-@₁–negh[the.act.or.activity.of.V-ing][V→N][N][Rel][4DuPoss][PlPosd]
neghunneghmeng	neghe-~:(u)te[to.V.for.or.with][to.cause.to.V.as.one.is.V-ing][to.V.toward.each.other][V→V]-@₁–negh[the.act.or.activity.of.V-ing][V→N][N][Rel][4PlPoss][SgPosd]
neghunneghmeng	neghe-~:(u)te[to.V.for.or.with][to.cause.to.V.as.one.is.V-ing][to.V.toward.each.other][V→V]-@₁–negh[the.act.or.activity.of.V-ing][V→N][N][Rel][4PlPoss][PlPosd]
neghunneghmeng	neghe-~:(u)te[to.V.for.or.with][to.cause.to.V.as.one.is.V-ing][to.V.toward.each.other][V→V]-@₁–negh[the.act.or.activity.of.V-ing][V→N][N][Abl_Mod][Unpd][Sg]
neghunneghmeng	neghe-~:(u)te[to.V.for.or.with][to.cause.to.V.as.one.is.V-ing][to.V.toward.each.other][V→V][V][Intr][Ctmp][4Pl]
neghunneghmeng	neghe-~:(u)te[condition.with.respect.to.V-ing][V→N]-te[to.catch.N][to.go.to.N][N→V]-@₁–negh[the.act.or.activity.of.V-ing][V→N][N][Rel][4DuPoss][SgPosd]
neghunneghmeng	neghe-~:(u)te[condition.with.respect.to.V-ing][V→N]-te[to.catch.N][to.go.to.N][N→V]-@₁–negh[the.act.or.activity.of.V-ing][V→N][N][Rel][4DuPoss][PlPosd]
neghunneghmeng	neghe-~:(u)te[condition.with.respect.to.V-ing][V→N]-te[to.catch.N][to.go.to.N][N→V]-@₁–negh[the.act.or.activity.of.V-ing][V→N][N][Rel][4PlPoss][SgPosd]
neghunneghmeng	neghe-~:(u)te[condition.with.respect.to.V-ing][V→N]-te[to.catch.N][to.go.to.N][N→V]-@₁–negh[the.act.or.activity.of.V-ing][V→N][N][Rel][4PlPoss][PlPosd]
neghunneghmeng	neghe-~:(u)te[condition.with.respect.to.V-ing][V→N]-te[to.catch.N][to.go.to.N][N→V]-@₁–negh[the.act.or.activity.of.V-ing][V→N][N][Abl_Mod][Unpd][Sg]
neghunneghmeng	neghe-~:(u)te[condition.with.respect.to.V-ing][V→N]-te[to.catch.N][to.go.to.N][N→V][V][Intr][Ctmp][4Pl]
neghunneghmeng	neghe-~:(u)te[SBJ.V-ed.something][V→V]-te[to.act.on.so.as.to.cause.to.V][V→V]-@₁–negh[the.act.or.activity.of.V-ing][V→N][N][Rel][4DuPoss][SgPosd]
neghunneghmeng	neghe-~:(u)te[SBJ.V-ed.something][V→V]-te[to.act.on.so.as.to.cause.to.V][V→V]-@₁–negh[the.act.or.activity.of.V-ing][V→N][N][Rel][4DuPoss][PlPosd]
neghunneghmeng	neghe-~:(u)te[SBJ.V-ed.something][V→V]-te[to.act.on.so.as.to.cause.to.V][V→V]-@₁–negh[the.act.or.activity.of.V-ing][V→N][N][Rel][4PlPoss][SgPosd]
neghunneghmeng	neghe-~:(u)te[SBJ.V-ed.something][V→V]-te[to.act.on.so.as.to.cause.to.V][V→V]-@₁–negh[the.act.or.activity.of.V-ing][V→N][N][Rel][4PlPoss][PlPosd]
neghunneghmeng	neghe-~:(u)te[SBJ.V-ed.something][V→V]-te[to.act.on.so.as.to.cause.to.V][V→V]-@₁–negh[the.act.or.activity.of.V-ing][V→N][N][Abl_Mod][Unpd][Sg]
neghunneghmeng	neghe-~:(u)te[SBJ.V-ed.something][V→V]-te[to.act.on.so.as.to.cause.to.V][V→V][V][Intr][Ctmp][4Pl]
neghunneghmeng	neghe-~:(u)te[SBJ.V-ed.something][V→V]-@₁–negh[the.act.or.activity.of.V-ing][V→N][N][Rel][4DuPoss][SgPosd]
neghunneghmeng	neghe-~:(u)te[SBJ.V-ed.something][V→V]-@₁–negh[the.act.or.activity.of.V-ing][V→N][N][Rel][4DuPoss][PlPosd]
neghunneghmeng	neghe-~:(u)te[SBJ.V-ed.something][V→V]-@₁–negh[the.act.or.activity.of.V-ing][V→N][N][Rel][4PlPoss][SgPosd]
neghunneghmeng	neghe-~:(u)te[SBJ.V-ed.something][V→V]-@₁–negh[the.act.or.activity.of.V-ing][V→N][N][Rel][4PlPoss][PlPosd]
neghunneghmeng	neghe-~:(u)te[SBJ.V-ed.something][V→V]-@₁–negh[the.act.or.activity.of.V-ing][V→N][N][Abl_Mod][Unpd][Sg]
neghunneghmeng	neghe-~:(u)te[SBJ.V-ed.something][V→V][V][Intr][Ctmp][4Pl]

taaqsameng	taaqe-te[to.act.on.so.as.to.cause.to.V][V→V][V][Intr][CnsqI][4Pl]
taaqsameng	taaqe[V][Intr][CnsqI][4Pl]

ungipaghaasimalghiit	ungipaghaate-@₁~:(i/u)ma[to.have.V-ed][to.have.been.V-ed][V→V]-@₁–lghii[the.one.that.V-ed][the.one.that.is.V][V→N][N][Abs][Unpd][Pl]
ungipaghaasimalghiit	ungipaghaate-@₁~:(i/u)ma[to.have.V-ed][to.have.been.V-ed][V→V]-@₁–lghii[the.one.that.V-ed][the.one.that.is.V][V→N][N][Rel][Unpd][Pl]
ungipaghaasimalghiit	ungipaghagh-~:(ng₁)u[to.be.N][N→V]-~:(u)te[to.V.for.or.with][to.cause.to.V.as.one.is.V-ing][to.V.toward.each.other][V→V]-@₁~:(i/u)ma[to.have.V-ed][to.have.been.V-ed][V→V]-@₁–lghii[the.one.that.V-ed][the.one.that.is.V][V→N][N][Abs][Unpd][Pl]
ungipaghaasimalghiit	ungipaghagh-~:(ng₁)u[to.be.N][N→V]-~:(u)te[to.V.for.or.with][to.cause.to.V.as.one.is.V-ing][to.V.toward.each.other][V→V]-@₁~:(i/u)ma[to.have.V-ed][to.have.been.V-ed][V→V]-@₁–lghii[the.one.that.V-ed][the.one.that.is.V][V→N][N][Rel][Unpd][Pl]
ungipaghaasimalghiit	ungipaghagh-~:(ng₁)u[to.be.N][N→V]-~:(u)te[to.V.for.or.with][to.cause.to.V.as.one.is.V-ing][to.V.toward.each.other][V→V]-@₁~:(i/u)ma[to.have.V-ed][to.have.been.V-ed][V→V][V][Intr][Ptcp][3Pl]
ungipaghaasimalghiit	ungipaghagh-~:(ng₁)u[to.be.N][N→V]-~:(u)te[SBJ.V-ed.something][V→V]-@₁~:(i/u)ma[to.have.V-ed][to.have.been.V-ed][V→V]-@₁–lghii[the.one.that.V-ed][the.one.that.is.V][V→N][N][Abs][Unpd][Pl]
ungipaghaasimalghiit	ungipaghagh-~:(ng₁)u[to.be.N][N→V]-~:(u)te[SBJ.V-ed.something][V→V]-@₁~:(i/u)ma[to.have.V-ed][to.have.been.V-ed][V→V]-@₁–lghii[the.one.that.V-ed][the.one.that.is.V][V→N][N][Rel][Unpd][Pl]
ungipaghaasimalghiit	ungipaghagh-~:(ng₁)u[to.be.N][N→V]-~:(u)te[SBJ.V-ed.something][V→V]-@₁~:(i/u)ma[to.have.V-ed][to.have.been.V-ed][V→V][V][Intr][Ptcp][3Pl]
ungipaghaasimalghiit	ungipaghagh-~:(ng₁)u[to.be.N][N→V]-te[to.act.on.so.as.to.cause.to.V][V→V]-@₁~:(i/u)ma[to.have.V-ed][to.have.been.V-ed][V→V]-@₁–lghii[the.one.that.V-ed][the.one.that.is.V][V→N][N][Abs][Unpd][Pl]
ungipaghaasimalghiit	ungipaghagh-~:(ng₁)u[to.be.N][N→V]-te[to.act.on.so.as.to.cause.to.V][V→V]-@₁~:(i/u)ma[to.have.V-ed][to.have.been.V-ed][V→V]-@₁–lghii[the.one.that.V-ed][the.one.that.is.V][V→N][N][Rel][Unpd][Pl]
ungipaghaasimalghiit	ungipaghagh-~:(ng₁)u[to.be.N][N→V]-te[to.act.on.so.as.to.cause.to.V][V→V]-@₁~:(i/u)ma[to.have.V-ed][to.have.been.V-ed][V→V][V][Intr][Ptcp][3Pl]
ungipaghaasimalghiit	ungipaghagh-~:(u)te[to.V.for.or.with][to.cause.to.V.as.one.is.V-ing][to.V.toward.each.other][V→V]-@₁~:(i/u)ma[to.have.V-ed][to.have.been.V-ed][V→V]-@₁–lghii[the.one.that.V-ed][the.one.that.is.V][V→N][N][Abs][Unpd][Pl]
ungipaghaasimalghiit	ungipaghagh-~:(u)te[to.V.for.or.with][to.cause.to.V.as.one.is.V-ing][to.V.toward.each.other][V→V]-@₁~:(i/u)ma[to.have.V-ed][to.have.been.V-ed][V→V]-@₁–lghii[the.one.that.V-ed][the.one.that.is.V][V→N][N][Rel][Unpd][Pl]
ungipaghaasimalghiit	ungipaghagh-~:(u)te[to.V.for.or.with][to.cause.to.V.as.one.is.V-ing][to.V.toward.each.other][V→V]-@₁~:(i/u)ma[to.have.V-ed][to.have.been.V-ed][V→V][V][Intr][Ptcp][3Pl]
ungipaghaasimalghiit	ungipaghagh-~:(u)te[SBJ.V-ed.something][V→V]-@₁~:(i/u)ma[to.have.V-ed][to.have.been.V-ed][V→V]-@₁–lghii[the.one.that.V-ed][the.one.that.is.V][V→N][N][Abs][Unpd][Pl]
ungipaghaasimalghiit	ungipaghagh-~:(u)te[SBJ.V-ed.something][V→V]-@₁~:(i/u)ma[to.have.V-ed][to.have.been.V-ed][V→V]-@₁–lghii[the.one.that.V-ed][the.one.that.is.V][V→N][N][Rel][Unpd][Pl]
ungipaghaasimalghiit	ungipaghagh-~:(u)te[SBJ.V-ed.something][V→V]-@₁~:(i/u)ma[to.have.V-ed][to.have.been.V-ed][V→V][V][Intr][Ptcp][3Pl]

------------------------
Taagken aghnaghaghhaam apanga vuvallamalghii.

taagken	taagken

aghnaghaghhaam	aghnaghagh*-–ghhagh*[dear.N][N→N][N][Rel][Unpd][Sg]
aghnaghaghhaam	aghnaghaghhagh*[N][Rel][Unpd][Sg]

apanga	apa[N][Abs][3SgPoss][SgPosd]

vuvallamalghii	+?

------------------------
Taagken alla neghulluteng enraq egmiightataasimalghiit alignaghtaaghusimalghiit.

taagken	taagken

alla	alla
alla	alla[N][Abs][Unpd][Sg]

neghulluteng	negh-~:(u)te[to.V.for.or.with][to.cause.to.V.as.one.is.V-ing][to.V.toward.each.other][V→V]-te[to.act.on.so.as.to.cause.to.V][V→V][V][Intr][Sbrd][3Pl]
neghulluteng	negh-~:(u)te[to.V.for.or.with][to.cause.to.V.as.one.is.V-ing][to.V.toward.each.other][V→V][V][Intr][Sbrd][3Pl]
neghulluteng	negh-~:(u)te[condition.with.respect.to.V-ing][V→N]-te[to.catch.N][to.go.to.N][N→V][V][Intr][Sbrd][3Pl]
neghulluteng	negh-~:(u)te[SBJ.V-ed.something][V→V]-te[to.act.on.so.as.to.cause.to.V][V→V][V][Intr][Sbrd][3Pl]
neghulluteng	negh-~:(u)te[SBJ.V-ed.something][V→V][V][Intr][Sbrd][3Pl]
neghulluteng	neghe-~:(u)te[to.V.for.or.with][to.cause.to.V.as.one.is.V-ing][to.V.toward.each.other][V→V]-te[to.act.on.so.as.to.cause.to.V][V→V][V][Intr][Sbrd][3Pl]
neghulluteng	neghe-~:(u)te[to.V.for.or.with][to.cause.to.V.as.one.is.V-ing][to.V.toward.each.other][V→V][V][Intr][Sbrd][3Pl]
neghulluteng	neghe-~:(u)te[condition.with.respect.to.V-ing][V→N]-te[to.catch.N][to.go.to.N][N→V][V][Intr][Sbrd][3Pl]
neghulluteng	neghe-~:(u)te[SBJ.V-ed.something][V→V]-te[to.act.on.so.as.to.cause.to.V][V→V][V][Intr][Sbrd][3Pl]
neghulluteng	neghe-~:(u)te[SBJ.V-ed.something][V→V][V][Intr][Sbrd][3Pl]

enraq	enraq

egmiightataasimalghiit	+?

alignaghtaaghusimalghiit	+?

------------------------
Ilangita sungat kagimlluki saguyameggnun qaakluki saguyateng kallagneghmegteki sungat iighwighaqut.

ilangita	ila-~:(ng₁)ite**[to.lack.N][to.not.have.N][N→V][V][Intr][Intrg][3Sg]
ilangita	ila[N][Rel][3DuPoss][SgPosd]
ilangita	ila[N][Rel][3DuPoss][PlPosd]
ilangita	ila[N][Rel][3PlPoss][SgPosd]
ilangita	ila[N][Rel][3PlPoss][PlPosd]

sungat	+?

kagimlluki	+?

saguyameggnun	saguyagh[N][Ter][4PlPoss][PlPosd]
saguyameggnun	saguyagh[N][Ter][4PlPoss][SgPosd]

qaakluki	+?

saguyateng	saguyagh[N][Abs][4PlPoss][PlPosd]

kallagneghmegteki	+?

sungat	+?

iighwighaqut	+?

------------------------
Enraq ilangita tugutangi ayveghem mengqutun ulqaghtaaghaqegkangit.

enraq	enraq

ilangita	ila-~:(ng₁)ite**[to.lack.N][to.not.have.N][N→V][V][Intr][Intrg][3Sg]
ilangita	ila[N][Rel][3DuPoss][SgPosd]
ilangita	ila[N][Rel][3DuPoss][PlPosd]
ilangita	ila[N][Rel][3PlPoss][SgPosd]
ilangita	ila[N][Rel][3PlPoss][PlPosd]

tugutangi	tugu-~:(u)ta[condition.with.respect.to.V-ing][V→N][N][Abs][3SgPoss][PlPosd]

ayveghem	ayvegh[N][Rel][Unpd][Sg]

mengqutun	mengqugh[N][Equ][Unpd][Sg]

ulqaghtaaghaqegkangit	+?

------------------------
Aghnaghaghhaam nengyughhani pimakanga, "Whangallutuq egmightaataqalghiinga."

aghnaghaghhaam	aghnaghagh*-–ghhagh*[dear.N][N→N][N][Rel][Unpd][Sg]
aghnaghaghhaam	aghnaghaghhagh*[N][Rel][Unpd][Sg]

nengyughhani	nengyugh-–ghhagh*[dear.N][N→N][N][Abs][4SgPoss][SgPosd]
nengyughhani	nengyugh-–ghhagh*[dear.N][N→N][N][Abs][4SgPoss][PlPosd]

pimakanga	pi-@₁~:(i/u)ma[to.have.V-ed][to.have.been.V-ed][V→V]-@*@₂~sf–(g₂)k(a)e[the.one.that.possessor.V-ed][V→N][N][Abs][3SgPoss][SgPosd]
pimakanga	pi-@₁~:(i/u)ma[to.have.V-ed][to.have.been.V-ed][V→V][V][Trns][Ptcp][3Sg][3Sg]
pimakanga	pi-@₁~:(i/u)ma[to.have.V-ed][to.have.been.V-ed][V→V][V][Trns][Cond][3Sg][1Sg]

whangallutuq	+?

egmightaataqalghiinga	+?

------------------------
Nutemnguq apanga pimalghii, "Sameng piiqa?

nutemnguq	+?

apanga	apa[N][Abs][3SgPoss][SgPosd]

pimalghii	pi-@₁~:(i/u)ma[to.have.V-ed][to.have.been.V-ed][V→V]-@₁–lghii[the.one.that.V-ed][the.one.that.is.V][V→N][N][Abs][Unpd][Sg]

sameng	sa[N][Rel][4DuPoss][SgPosd]
sameng	sa[N][Rel][4DuPoss][PlPosd]
sameng	sa[N][Rel][4PlPoss][SgPosd]
sameng	sa[N][Rel][4PlPoss][PlPosd]
sameng	sa[N][Abl_Mod][Unpd][Sg]
sameng	sameng

piiqa	pi-~(g₁)aqe[to.be.V.ing][to.regularly.or.repeatedly.V][V→V][V][Intr][Intrg][3Sg]
piiqa	pi[V][Trns][Ind][1Sg][3Sg]
piiqa	piigh-~–ke[to.have.as.one's.N(s)][N→V][V][Intr][Intrg][3Sg]
piiqa	piigh[N][Abs][1SgPoss][SgPosd]

------------------------
Sanaqaqa?"

sanaqaqa	sa-@₁~fnaqe[to.be.going.to.V][V→V]-~(g₁)aqe[to.be.V.ing][to.regularly.or.repeatedly.V][V→V][V][Intr][Intrg][3Sg]
sanaqaqa	sa-@₁~fnaqe[to.be.going.to.V][V→V][V][Trns][Ind][1Sg][3Sg]
sanaqaqa	sa-~:(u)te[to.V.for.or.with][to.cause.to.V.as.one.is.V-ing][to.V.toward.each.other][V→V]-@₁~fnaqe[to.be.going.to.V][V→V]-~(g₁)aqe[to.be.V.ing][to.regularly.or.repeatedly.V][V→V][V][Intr][Intrg][3Sg]
sanaqaqa	sa-~:(u)te[to.V.for.or.with][to.cause.to.V.as.one.is.V-ing][to.V.toward.each.other][V→V]-@₁~fnaqe[to.be.going.to.V][V→V][V][Trns][Ind][1Sg][3Sg]
sanaqaqa	sa-~:(u)te[SBJ.V-ed.something][V→V]-@₁~fnaqe[to.be.going.to.V][V→V]-~(g₁)aqe[to.be.V.ing][to.regularly.or.repeatedly.V][V→V][V][Intr][Intrg][3Sg]

------------------------
Aghnaghaghhaam nengyughhaa pimalghii, "Ellngallutughnguq egmightaataqalghii."

aghnaghaghhaam	aghnaghagh*-–ghhagh*[dear.N][N→N][N][Rel][Unpd][Sg]
aghnaghaghhaam	aghnaghaghhagh*[N][Rel][Unpd][Sg]

nengyughhaa	nengyugh-–ghhagh*[dear.N][N→N]-~:(ng₁)u[to.be.N][N→V][V][Intr][Opt][PRS][2Sg]
nengyughhaa	nengyugh-–ghhagh*[dear.N][N→N][N][Abs][3SgPoss][SgPosd]

pimalghii	pi-@₁~:(i/u)ma[to.have.V-ed][to.have.been.V-ed][V→V]-@₁–lghii[the.one.that.V-ed][the.one.that.is.V][V→N][N][Abs][Unpd][Sg]

ellngallutughnguq	+?

egmightaataqalghii	+?

------------------------
"Leganmi saaqa!"

leganmi	+?

saaqa	sa-~(g₁)aqe[to.be.V.ing][to.regularly.or.repeatedly.V][V→V][V][Intr][Intrg][3Sg]
saaqa	sa[V][Trns][Ind][1Sg][3Sg]

------------------------
Nutemnguq ilangi sughukam aghnalqwaaghit pimalghiit yakuqluteng, "Aghnaghaqraaggaq agghiyugnepiwaa!

nutemnguq	+?

ilangi	ila[N][Abs][3SgPoss][PlPosd]

sughukam	sughukagh[N][Rel][Unpd][Sg]

aghnalqwaaghit	aghnalqwaagh[N][Abs][3PlPoss][PlPosd]

pimalghiit	pi-@₁~:(i/u)ma[to.have.V-ed][to.have.been.V-ed][V→V]-@₁–lghii[the.one.that.V-ed][the.one.that.is.V][V→N][N][Abs][Unpd][Pl]
pimalghiit	pi-@₁~:(i/u)ma[to.have.V-ed][to.have.been.V-ed][V→V]-@₁–lghii[the.one.that.V-ed][the.one.that.is.V][V→N][N][Rel][Unpd][Pl]
pimalghiit	pi-@₁~:(i/u)ma[to.have.V-ed][to.have.been.V-ed][V→V][V][Intr][Ptcp][3Pl]

yakuqluteng	yakugh-~–ke[to.have.as.one's.N(s)][N→V]-te[to.act.on.so.as.to.cause.to.V][V→V]-te[to.act.on.so.as.to.cause.to.V][V→V][V][Intr][Sbrd][3Pl]
yakuqluteng	yakugh-~–ke[to.have.as.one's.N(s)][N→V]-te[to.act.on.so.as.to.cause.to.V][V→V][V][Intr][Sbrd][3Pl]
yakuqluteng	yakugh-~–ke[to.have.as.one's.N(s)][N→V][V][Intr][Sbrd][3Pl]

aghnaghaqraaggaq	+?

agghiyugnepiwaa	+?

------------------------
Kimaawistiinaquq ilangitneng alignaghtaaghnaqelghiineng."

kimaawistiinaquq	+?

ilangitneng	ila[N][Abl_Mod][3DuPoss][PlPosd]
ilangitneng	ila[N][Abl_Mod][3DuPoss][DuPosd]
ilangitneng	ila[N][Abl_Mod][3PlPoss][PlPosd]
ilangitneng	ila[N][Abl_Mod][3PlPoss][SgPosd]
ilangitneng	ila[N][Abl_Mod][3PlPoss][DuPosd]

alignaghtaaghnaqelghiineng	+?

------------------------


	

------------------------
Aghnaghaghhaq ketfaghluni saguyak tugulukek ilagaamalghii.

aghnaghaghhaq	aghnaghagh*-–ghhagh*[dear.N][N→N][N][Abs][Unpd][Sg]
aghnaghaghhaq	aghnaghaghhagh*[N][Abs][Unpd][Sg]

ketfaghluni	ketfagh[V][Intr][Sbrd][3Sg]

saguyak	saguyagh[N][Abs][Unpd][Du]
saguyak	saguyagh[N][Rel][Unpd][Du]

tugulukek	tugu-~:(u)te[to.V.for.or.with][to.cause.to.V.as.one.is.V-ing][to.V.toward.each.other][V→V][V][Trns][Sbrd][_][3Du]
tugulukek	tugu[V][Trns][Sbrd][_][3Du]

ilagaamalghii	ilagagh-@₁~:(i/u)ma[to.have.V-ed][to.have.been.V-ed][V→V]-@₁–lghii[the.one.that.V-ed][the.one.that.is.V][V→N][N][Abs][Unpd][Sg]

------------------------
Ilagaamaluku ukanguq suksugllak aliighumalghii.

ilagaamaluku	+?

ukanguq	+?

suksugllak	suksug-–ghllag[big.N][N→N][N][Abs][Unpd][Sg]

aliighumalghii	aw-–liigh[to.cook.or.prepare.N][N→V]-@₁~:(i/u)ma[to.have.V-ed][to.have.been.V-ed][V→V]-@₁–lghii[the.one.that.V-ed][the.one.that.is.V][V→N][N][Abs][Unpd][Sg]

------------------------
Iiwen piiqut amigkun uga qagit kasugusimalghiit ilutmun nateghmun.

iiwen	iiw[N][Abs][2SgPoss][SgPosd]
iiwen	iiwen
iiwen	iiwete[N][Abs][Unpd][Sg]

piiqut	pi-~(g₁)aqe[to.be.V.ing][to.regularly.or.repeatedly.V][V→V][V][Intr][Ind][3Pl]
piiqut	piigh-~–ke[to.have.as.one's.N(s)][N→V][V][Intr][Ind][3Pl]

amigkun	amig[N][Via][Unpd][Sg]

uga	+?

qagit	qagi[N][Abs][Unpd][Pl]
qagit	qagi[N][Rel][Unpd][Pl]

kasugusimalghiit	+?

ilutmun	+?

nateghmun	+?

------------------------
Aghnaghaghhaam saguyagni kallagaghyaqenni qagit ighhusalghiimeng nateghmi siipsimalghii tepaq allaghhiinaq.

aghnaghaghhaam	aghnaghagh*-–ghhagh*[dear.N][N→N][N][Rel][Unpd][Sg]
aghnaghaghhaam	aghnaghaghhagh*[N][Rel][Unpd][Sg]

saguyagni	saguyagh[N][Abs][4SgPoss][DuPosd]
saguyagni	saguyagh[N][Loc][Unpd][Du]

kallagaghyaqenni	+?

qagit	qagi[N][Abs][Unpd][Pl]
qagit	qagi[N][Rel][Unpd][Pl]

ighhusalghiimeng	+?

nateghmi	+?

siipsimalghii	+?

tepaq	tepagh[N][Abs][Unpd][Sg]

allaghhiinaq	allaghhiinaq

------------------------
Aghnaghaghhaq nekevluni signeghegneng tugulluni tamaken tepameng imighlukek signeghegneng sughukaq tunquumakanga.

aghnaghaghhaq	aghnaghagh*-–ghhagh*[dear.N][N→N][N][Abs][Unpd][Sg]
aghnaghaghhaq	aghnaghaghhagh*[N][Abs][Unpd][Sg]

nekevluni	nekeve[V][Intr][Sbrd][3Sg]

signeghegneng	signegh[N][Abl_Mod][Unpd][Du]

tugulluni	tugu-~:(u)te[condition.with.respect.to.V-ing][V→N]-te[to.catch.N][to.go.to.N][N→V][V][Intr][Sbrd][3Sg]
tugulluni	tugu-~:(u)te[SBJ.V-ed.something][V→V]-te[to.act.on.so.as.to.cause.to.V][V→V][V][Intr][Sbrd][3Sg]

tamaken	+?

tepameng	tepagh[N][Rel][4DuPoss][SgPosd]
tepameng	tepagh[N][Rel][4DuPoss][PlPosd]
tepameng	tepagh[N][Rel][4PlPoss][SgPosd]
tepameng	tepagh[N][Rel][4PlPoss][PlPosd]
tepameng	tepagh[N][Abl_Mod][Unpd][Sg]

imighlukek	+?

signeghegneng	signegh[N][Abl_Mod][Unpd][Du]

sughukaq	sughukagh[N][Abs][Unpd][Sg]

tunquumakanga	+?

------------------------
Qamagsamigu tunquneghmeng enraq siklameng tungsimalghii.

qamagsamigu	qamagte[V][Trns][CnsqI][4Sg][3Sg]

tunquneghmeng	+?

enraq	enraq

siklameng	siklagh[N][Rel][4DuPoss][SgPosd]
siklameng	siklagh[N][Rel][4DuPoss][PlPosd]
siklameng	siklagh[N][Rel][4PlPoss][SgPosd]
siklameng	siklagh[N][Rel][4PlPoss][PlPosd]
siklameng	siklagh[N][Abl_Mod][Unpd][Sg]

tungsimalghii	+?

------------------------
Tuunyatni uwatanganun aglaghluni mingla siklaghyaqenni allaghhiinaq tangiqaq peksigaghsimakanga.

tuunyatni	tuune[V][Trns][CnsqI][3Du][4Sg]
tuunyatni	tuune[V][Trns][CnsqI][3Pl][4Sg]
tuunyatni	tuune[V][Trns][CnsqI][3Sg][4Sg]

uwatanganun	+?

aglaghluni	aglagh[V][Intr][Sbrd][3Sg]

mingla	+?

siklaghyaqenni	+?

allaghhiinaq	allaghhiinaq

tangiqaq	+?

peksigaghsimakanga	+?

------------------------
Itagnatun signeghek tugulukek imighaqlukek tamaken tangiqameng sughukaq uyegsimakanga.

itagnatun	itagnatun

signeghek	signegh[N][Abs][Unpd][Du]
signeghek	signegh[N][Rel][Unpd][Du]

tugulukek	tugu-~:(u)te[to.V.for.or.with][to.cause.to.V.as.one.is.V-ing][to.V.toward.each.other][V→V][V][Trns][Sbrd][_][3Du]
tugulukek	tugu[V][Trns][Sbrd][_][3Du]

imighaqlukek	+?

tamaken	+?

tangiqameng	+?

sughukaq	sughukagh[N][Abs][Unpd][Sg]

uyegsimakanga	+?

------------------------
Qamagsamigu mumeq tuguluku aghnaghaghhaam mingla kenuqaghyaqenni meq meghrakegtepiglleghhii maaqumalghii minglenganeng.

qamagsamigu	qamagte[V][Trns][CnsqI][4Sg][3Sg]

mumeq	mumegh[N][Abs][Unpd][Sg]

tuguluku	tugu-~:(u)te[to.V.for.or.with][to.cause.to.V.as.one.is.V-ing][to.V.toward.each.other][V→V][V][Trns][Sbrd][_][3Sg]
tuguluku	tugu[V][Trns][Sbrd][_][3Sg]

aghnaghaghhaam	aghnaghagh*-–ghhagh*[dear.N][N→N][N][Rel][Unpd][Sg]
aghnaghaghhaam	aghnaghaghhagh*[N][Rel][Unpd][Sg]

mingla	+?

kenuqaghyaqenni	+?

meq	megh[N][Abs][Unpd][Sg]

meghrakegtepiglleghhii	+?

maaqumalghii	+?

minglenganeng	+?

------------------------
Meghutmeng tugulluni meqsilaamakanga tamaghhaan sughukaq.

meghutmeng	megh-~:(ng₁)u[to.be.N][N→V]-~:(u)te[condition.with.respect.to.V-ing][V→N][N][Rel][4DuPoss][SgPosd]
meghutmeng	megh-~:(ng₁)u[to.be.N][N→V]-~:(u)te[condition.with.respect.to.V-ing][V→N][N][Rel][4DuPoss][PlPosd]
meghutmeng	megh-~:(ng₁)u[to.be.N][N→V]-~:(u)te[condition.with.respect.to.V-ing][V→N][N][Rel][4PlPoss][SgPosd]
meghutmeng	megh-~:(ng₁)u[to.be.N][N→V]-~:(u)te[condition.with.respect.to.V-ing][V→N][N][Rel][4PlPoss][PlPosd]
meghutmeng	megh-~:(ng₁)u[to.be.N][N→V]-~:(u)te[condition.with.respect.to.V-ing][V→N][N][Abl_Mod][Unpd][Sg]
meghutmeng	megh-~:(u)te[condition.with.respect.to.V-ing][V→N][N][Rel][4DuPoss][SgPosd]
meghutmeng	megh-~:(u)te[condition.with.respect.to.V-ing][V→N][N][Rel][4DuPoss][PlPosd]
meghutmeng	megh-~:(u)te[condition.with.respect.to.V-ing][V→N][N][Rel][4PlPoss][SgPosd]
meghutmeng	megh-~:(u)te[condition.with.respect.to.V-ing][V→N][N][Rel][4PlPoss][PlPosd]
meghutmeng	megh-~:(u)te[condition.with.respect.to.V-ing][V→N][N][Abl_Mod][Unpd][Sg]
meghutmeng	meghe-~:(u)te[condition.with.respect.to.V-ing][V→N][N][Rel][4DuPoss][SgPosd]
meghutmeng	meghe-~:(u)te[condition.with.respect.to.V-ing][V→N][N][Rel][4DuPoss][PlPosd]
meghutmeng	meghe-~:(u)te[condition.with.respect.to.V-ing][V→N][N][Rel][4PlPoss][SgPosd]
meghutmeng	meghe-~:(u)te[condition.with.respect.to.V-ing][V→N][N][Rel][4PlPoss][PlPosd]
meghutmeng	meghe-~:(u)te[condition.with.respect.to.V-ing][V→N][N][Abl_Mod][Unpd][Sg]
meghutmeng	meghute[N][Rel][4DuPoss][SgPosd]
meghutmeng	meghute[N][Rel][4DuPoss][PlPosd]
meghutmeng	meghute[N][Rel][4PlPoss][SgPosd]
meghutmeng	meghute[N][Rel][4PlPoss][PlPosd]
meghutmeng	meghute[N][Abl_Mod][Unpd][Sg]

tugulluni	tugu-~:(u)te[condition.with.respect.to.V-ing][V→N]-te[to.catch.N][to.go.to.N][N→V][V][Intr][Sbrd][3Sg]
tugulluni	tugu-~:(u)te[SBJ.V-ed.something][V→V]-te[to.act.on.so.as.to.cause.to.V][V→V][V][Intr][Sbrd][3Sg]

meqsilaamakanga	+?

tamaghhaan	tamaghhaate[N][Abs][Unpd][Sg]
tamaghhaan	tamaghhagh-~:(ng₁)u[to.be.N][N→V]-~:(u)te[condition.with.respect.to.V-ing][V→N][N][Abs][Unpd][Sg]
tamaghhaan	tamaghhagh[N][Rel][3SgPoss][SgPosd]
tamaghhaan	tamaghhagh[N][Rel][3SgPoss][PlPosd]
tamaghhaan	tamaghhagh*[Quant_Qual][3Sg]

sughukaq	sughukagh[N][Abs][Unpd][Sg]

------------------------
Taagken kenlanga aghnaghaghhaq ugpeqsalitaat.

taagken	taagken

kenlanga	kenlanga
kenlanga	kenlanga[N][Abs][Unpd][Sg]

aghnaghaghhaq	aghnaghagh*-–ghhagh*[dear.N][N→N][N][Abs][Unpd][Sg]
aghnaghaghhaq	aghnaghaghhagh*[N][Abs][Unpd][Sg]

ugpeqsalitaat	+?

------------------------
Vuvallaneghmeggni aqfaqegkangat nunalgutangita.

vuvallaneghmeggni	+?

aqfaqegkangat	+?

nunalgutangita	Nunaleg-~:(ng₁)u[to.be.N][N→V]-~:(u)ta[condition.with.respect.to.V-ing][V→N]-~:(ng₁)ite**[to.lack.N][to.not.have.N][N→V][V][Intr][Intrg][3Sg]
nunalgutangita	Nunaleg-~:(ng₁)u[to.be.N][N→V]-~:(u)ta[condition.with.respect.to.V-ing][V→N][N][Rel][3DuPoss][SgPosd]
nunalgutangita	Nunaleg-~:(ng₁)u[to.be.N][N→V]-~:(u)ta[condition.with.respect.to.V-ing][V→N][N][Rel][3DuPoss][PlPosd]
nunalgutangita	Nunaleg-~:(ng₁)u[to.be.N][N→V]-~:(u)ta[condition.with.respect.to.V-ing][V→N][N][Rel][3PlPoss][SgPosd]
nunalgutangita	Nunaleg-~:(ng₁)u[to.be.N][N→V]-~:(u)ta[condition.with.respect.to.V-ing][V→N][N][Rel][3PlPoss][PlPosd]
nunalgutangita	nuna-–leg[one.having.N][N→N]-~:(ng₁)u[to.be.N][N→V]-~:(u)ta[condition.with.respect.to.V-ing][V→N]-~:(ng₁)ite**[to.lack.N][to.not.have.N][N→V][V][Intr][Intrg][3Sg]
nunalgutangita	nuna-–leg[one.having.N][N→N]-~:(ng₁)u[to.be.N][N→V]-~:(u)ta[condition.with.respect.to.V-ing][V→N][N][Rel][3DuPoss][SgPosd]
nunalgutangita	nuna-–leg[one.having.N][N→N]-~:(ng₁)u[to.be.N][N→V]-~:(u)ta[condition.with.respect.to.V-ing][V→N][N][Rel][3DuPoss][PlPosd]
nunalgutangita	nuna-–leg[one.having.N][N→N]-~:(ng₁)u[to.be.N][N→V]-~:(u)ta[condition.with.respect.to.V-ing][V→N][N][Rel][3PlPoss][SgPosd]
nunalgutangita	nuna-–leg[one.having.N][N→N]-~:(ng₁)u[to.be.N][N→V]-~:(u)ta[condition.with.respect.to.V-ing][V→N][N][Rel][3PlPoss][PlPosd]
nunalgutangita	nuna-–lgu[to.have.N][N→V]-~:(u)ta[condition.with.respect.to.V-ing][V→N]-~:(ng₁)ite**[to.lack.N][to.not.have.N][N→V][V][Intr][Intrg][3Sg]
nunalgutangita	nuna-–lgu[to.have.N][N→V]-~:(u)ta[condition.with.respect.to.V-ing][V→N][N][Rel][3DuPoss][SgPosd]
nunalgutangita	nuna-–lgu[to.have.N][N→V]-~:(u)ta[condition.with.respect.to.V-ing][V→N][N][Rel][3DuPoss][PlPosd]
nunalgutangita	nuna-–lgu[to.have.N][N→V]-~:(u)ta[condition.with.respect.to.V-ing][V→N][N][Rel][3PlPoss][SgPosd]
nunalgutangita	nuna-–lgu[to.have.N][N→V]-~:(u)ta[condition.with.respect.to.V-ing][V→N][N][Rel][3PlPoss][PlPosd]

------------------------


	

------------------------
Qamagtuq.

qamagtuq	qamagte[V][Intr][Ind][3Sg]

------------------------
