Mekelghiighhaak Iikusimaak

﻿mekelghiighhaak	+?

iikusimaak	+?

------------------------


	

------------------------
Kiyaghsimaaq Ungazimi aghnaq ugilek enkaam taghnughhallgaak.

kiyaghsimaaq	kiyaghte-@₁~:(i/u)ma[to.have.V-ed][to.have.been.V-ed][V→V]-~faagh[one.who.keeps.on.V-ing][AUG]
kiyaghsimaaq	kiyaghte-@₁~:(i/u)ma[to.have.V-ed][to.have.been.V-ed][V→V][V][Intr][Ind][3Sg]

ungazimi	Ungazigh[N][Loc][Unpd][Sg]
ungazimi	Ungazigh[N][Rel][4SgPoss][SgPosd]
ungazimi	Ungazigh[N][Rel][4SgPoss][PlPosd]

aghnaq	aghnagh[N][Abs][Unpd][Sg]

ugilek	ugi-–leg[one.having.N][N→N][N][Abs][Unpd][Sg]

enkaam	enkaam

taghnughhallgaak	+?

------------------------
Ilangani ugingighaamalghii.

ilangani	ila[N][Loc][3SgPoss][SgPosd]
ilangani	ila[N][Loc][3SgPoss][PlPosd]
ilangani	ilangani
ilangani	ilangani[N][Abs][Unpd][Sg]

ugingighaamalghii	ugingighagh-~:(ng₁)u[to.be.N][N→V]-@₁~:(i/u)ma[to.have.V-ed][to.have.been.V-ed][V→V]-@₁–lghii[the.one.that.V-ed][the.one.that.is.V][V→N][N][Abs][Unpd][Sg]

------------------------
Sighinegmiim yugem nulighhilnguum nagaqughluku Ungazimun tagimalghii.

sighinegmiim	+?

yugem	yu(u)g[N][Rel][Unpd][Sg]
yugem	yug[N][Rel][Unpd][Sg]

nulighhilnguum	nulighh-~:(ng₁)ite**[to.lack.N][to.not.have.N][N→V]-@*ngugh*[the.one.that.V-ed][the.one.that.is.V][V→N][N][Rel][Unpd][Sg]

nagaqughluku	nagate-@₁qugh[to.V.completely][V][Trns][Sbrd][_][3Sg]

ungazimun	Ungazigh[N][Ter][Unpd][Sg]

tagimalghii	tagi-@₁~:(i/u)ma[to.have.V-ed][to.have.been.V-ed][V→V]-@₁–lghii[the.one.that.V-ed][the.one.that.is.V][V→N][N][Abs][Unpd][Sg]

------------------------
Kaasami aghnaq tugumakanga.

kaasami	kaate[V][Intr][CnsqI][4Sg]

aghnaq	aghnagh[N][Abs][Unpd][Sg]

tugumakanga	tugu-@₁~:(i/u)ma[to.have.V-ed][to.have.been.V-ed][V→V]-@*@₂~sf–(g₂)k(a)e[the.one.that.possessor.V-ed][V→N][N][Abs][3SgPoss][SgPosd]
tugumakanga	tugu-@₁~:(i/u)ma[to.have.V-ed][to.have.been.V-ed][V→V][V][Trns][Ptcp][3Sg][3Sg]
tugumakanga	tugu-@₁~:(i/u)ma[to.have.V-ed][to.have.been.V-ed][V→V][V][Trns][Cond][3Sg][1Sg]

------------------------
Llaaghanwha Sighinegmun aghviisimakanga.

llaaghanwha	llaaghanwha

sighinegmun	+?

aghviisimakanga	aghvigh-~:(u)te[to.V.for.or.with][to.cause.to.V.as.one.is.V-ing][to.V.toward.each.other][V→V]-@₁~:(i/u)ma[to.have.V-ed][to.have.been.V-ed][V→V]-@*@₂~sf–(g₂)k(a)e[the.one.that.possessor.V-ed][V→N][N][Abs][3SgPoss][SgPosd]
aghviisimakanga	aghvigh-~:(u)te[to.V.for.or.with][to.cause.to.V.as.one.is.V-ing][to.V.toward.each.other][V→V]-@₁~:(i/u)ma[to.have.V-ed][to.have.been.V-ed][V→V][V][Trns][Ptcp][3Sg][3Sg]
aghviisimakanga	aghvigh-~:(u)te[to.V.for.or.with][to.cause.to.V.as.one.is.V-ing][to.V.toward.each.other][V→V]-@₁~:(i/u)ma[to.have.V-ed][to.have.been.V-ed][V→V][V][Trns][Cond][3Sg][1Sg]
aghviisimakanga	aghvigh-~:(u)te[SBJ.V-ed.something][V→V]-@₁~:(i/u)ma[to.have.V-ed][to.have.been.V-ed][V→V]-@*@₂~sf–(g₂)k(a)e[the.one.that.possessor.V-ed][V→N][N][Abs][3SgPoss][SgPosd]

------------------------


	

------------------------
Naqam taana Sighinegmii yuuk aklungilnguq.

naqam	naqam

taana	taana

sighinegmii	+?

yuuk	yug[N][Abs][Sg]

aklungilnguq	+?

------------------------
Kaasami taakuk mekelghiighhaak atangan ighlekaqegkek piiqegkek, "Qaagkut amyuqetaghllagtut.

kaasami	kaate[V][Intr][CnsqI][4Sg]

taakuk	taake[V][Intr][Ind][3Du]

mekelghiighhaak	mekelghiigh-–ghhagh*[dear.N][N→N][N][Abs][Unpd][Du]
mekelghiighhaak	mekelghiigh-–ghhagh*[dear.N][N→N][N][Abs][3DuPoss][SgPosd]
mekelghiighhaak	mekelghiigh-–ghhagh*[dear.N][N→N][N][Rel][Unpd][Du]

atangan	ata[N][Rel][3SgPoss][SgPosd]
atangan	ata[N][Rel][3SgPoss][PlPosd]

ighlekaqegkek	+?

piiqegkek	pi-~(g₁)aqe[to.be.V.ing][to.regularly.or.repeatedly.V][V→V]-@*@₂~sf–(g₂)k(a)e[the.one.that.possessor.V-ed][V→N][N][Abs][Unpd][Du]
piiqegkek	pi-~(g₁)aqe[to.be.V.ing][to.regularly.or.repeatedly.V][V→V]-@*@₂~sf–(g₂)k(a)e[the.one.that.possessor.V-ed][V→N][N][Rel][Unpd][Du]
piiqegkek	piigh-~–ke[to.have.as.one's.N(s)][N→V]-@*@₂~sf–(g₂)k(a)e[the.one.that.possessor.V-ed][V→N][N][Abs][Unpd][Du]
piiqegkek	piigh-~–ke[to.have.as.one's.N(s)][N→V]-@*@₂~sf–(g₂)k(a)e[the.one.that.possessor.V-ed][V→N][N][Rel][Unpd][Du]

qaagkut	qaagkut

amyuqetaghllagtut	amyuqetagh-–ghllag[big.N][N→N]-te[to.catch.N][to.go.to.N][N→V][V][Intr][Ind][3Pl]

------------------------
Amyuutkelleqiisi."

amyuutkelleqiisi	+?

------------------------


	

------------------------
Llaaghanwha aaneghmegni naayghanun aghulaqaqelghiik.

llaaghanwha	llaaghanwha

aaneghmegni	+?

naayghanun	Naayghagh[N][Ter][Unpd][Pl]
naayghanun	naayghagh[N][Ter][Unpd][Pl]

aghulaqaqelghiik	aghulaqe-~(g₁)aqe[to.be.V.ing][to.regularly.or.repeatedly.V][V→V]-@₁–lghii[the.one.that.V-ed][the.one.that.is.V][V→N][N][Abs][Unpd][Du]
aghulaqaqelghiik	aghulaqe-~(g₁)aqe[to.be.V.ing][to.regularly.or.repeatedly.V][V→V]-@₁–lghii[the.one.that.V-ed][the.one.that.is.V][V→N][N][Rel][Unpd][Du]
aghulaqaqelghiik	aghulaqe-~(g₁)aqe[to.be.V.ing][to.regularly.or.repeatedly.V][V→V][V][Intr][Ptcp][3Du]

------------------------
Tespagani ulapumalghnk inqun iknaqughinalutek.

tespagani	+?

ulapumalghnk	+?

inqun	inqun

iknaqughinalutek	+?

------------------------
Atangita waamsimakek ighneghegni inqun iknaqughisqellukek.

atangita	ata-~:(ng₁)ite**[to.lack.N][to.not.have.N][N→V][V][Intr][Intrg][3Sg]
atangita	ata[N][Rel][3DuPoss][SgPosd]
atangita	ata[N][Rel][3DuPoss][PlPosd]
atangita	ata[N][Rel][3PlPoss][SgPosd]
atangita	ata[N][Rel][3PlPoss][PlPosd]

waamsimakek	+?

ighneghegni	ighnegh[N][Abs][4SgPoss][DuPosd]
ighneghegni	ighnegh[N][Loc][Unpd][Du]

inqun	inqun

iknaqughisqellukek	+?

------------------------
Llaaghanwha iknaqughimalghiik saama anglimalghiik.

llaaghanwha	llaaghanwha

iknaqughimalghiik	+?

saama	saam[N][Abs][3SgPoss][SgPosd]
saama	saama

anglimalghiik	+?

------------------------


	

------------------------
Ilangani uksum unanguluku tungtuquyaamalghiik.

ilangani	ila[N][Loc][3SgPoss][SgPosd]
ilangani	ila[N][Loc][3SgPoss][PlPosd]
ilangani	ilangani
ilangani	ilangani[N][Abs][Unpd][Sg]

uksum	+?

unanguluku	+?

tungtuquyaamalghiik	+?

------------------------
Tagiyamek nagneghlutek esavghaallghiinun maligusimalghiik.

tagiyamek	tagi-~:(u)te[to.V.for.or.with][to.cause.to.V.as.one.is.V-ing][to.V.toward.each.other][V→V][V][Intr][CnsqI][4Du]
tagiyamek	tagi-~:(u)te[SBJ.V-ed.something][V→V][V][Intr][CnsqI][4Du]
tagiyamek	tagi[V][Intr][CnsqI][4Du]

nagneghlutek	+?

esavghaallghiinun	esavghagh-~:(ng₁)u[to.be.N][N→V]-te[to.act.on.so.as.to.cause.to.V][V→V]-te[to.act.on.so.as.to.cause.to.V][V→V]-@₁–lghii[the.one.that.V-ed][the.one.that.is.V][V→N][N][Ter][Unpd][Pl]
esavghaallghiinun	esavghagh-~:(ng₁)u[to.be.N][N→V]-te[to.act.on.so.as.to.cause.to.V][V→V]-@₁–lghii[the.one.that.V-ed][the.one.that.is.V][V→N][N][Ter][Unpd][Pl]
esavghaallghiinun	esavghagh-~:(ng₁)u[to.be.N][N→V]-~:(u)te[to.V.for.or.with][to.cause.to.V.as.one.is.V-ing][to.V.toward.each.other][V→V]-te[to.act.on.so.as.to.cause.to.V][V→V]-te[to.act.on.so.as.to.cause.to.V][V→V]-@₁–lghii[the.one.that.V-ed][the.one.that.is.V][V→N][N][Ter][Unpd][Pl]
esavghaallghiinun	esavghagh-~:(ng₁)u[to.be.N][N→V]-~:(u)te[to.V.for.or.with][to.cause.to.V.as.one.is.V-ing][to.V.toward.each.other][V→V]-te[to.act.on.so.as.to.cause.to.V][V→V]-@₁–lghii[the.one.that.V-ed][the.one.that.is.V][V→N][N][Ter][Unpd][Pl]
esavghaallghiinun	esavghagh-~:(ng₁)u[to.be.N][N→V]-~:(u)te[to.V.for.or.with][to.cause.to.V.as.one.is.V-ing][to.V.toward.each.other][V→V]-@₁–lghii[the.one.that.V-ed][the.one.that.is.V][V→N][N][Ter][Unpd][Pl]
esavghaallghiinun	esavghagh-~:(ng₁)u[to.be.N][N→V]-~:(u)te[condition.with.respect.to.V-ing][V→N]-te[to.catch.N][to.go.to.N][N→V]-te[to.act.on.so.as.to.cause.to.V][V→V]-@₁–lghii[the.one.that.V-ed][the.one.that.is.V][V→N][N][Ter][Unpd][Pl]
esavghaallghiinun	esavghagh-~:(ng₁)u[to.be.N][N→V]-~:(u)te[condition.with.respect.to.V-ing][V→N]-te[to.catch.N][to.go.to.N][N→V]-@₁–lghii[the.one.that.V-ed][the.one.that.is.V][V→N][N][Ter][Unpd][Pl]
esavghaallghiinun	esavghagh-~:(ng₁)u[to.be.N][N→V]-~:(u)te[SBJ.V-ed.something][V→V]-te[to.act.on.so.as.to.cause.to.V][V→V]-te[to.act.on.so.as.to.cause.to.V][V→V]-@₁–lghii[the.one.that.V-ed][the.one.that.is.V][V→N][N][Ter][Unpd][Pl]
esavghaallghiinun	esavghagh-~:(ng₁)u[to.be.N][N→V]-~:(u)te[SBJ.V-ed.something][V→V]-te[to.act.on.so.as.to.cause.to.V][V→V]-@₁–lghii[the.one.that.V-ed][the.one.that.is.V][V→N][N][Ter][Unpd][Pl]
esavghaallghiinun	esavghagh-~:(ng₁)u[to.be.N][N→V]-~:(u)te[SBJ.V-ed.something][V→V]-@₁–lghii[the.one.that.V-ed][the.one.that.is.V][V→N][N][Ter][Unpd][Pl]

maligusimalghiik	+?

------------------------
Tamana yuuk naghughqughluku awalighpigaalutek ketfaghaqelghiik.

tamana	tamana

yuuk	yug[N][Abs][Sg]

naghughqughluku	+?

awalighpigaalutek	+?

ketfaghaqelghiik	ketfagh-~(g₁)aqe[to.be.V.ing][to.regularly.or.repeatedly.V][V→V]-@₁–lghii[the.one.that.V-ed][the.one.that.is.V][V→N][N][Abs][Unpd][Du]
ketfaghaqelghiik	ketfagh-~(g₁)aqe[to.be.V.ing][to.regularly.or.repeatedly.V][V→V]-@₁–lghii[the.one.that.V-ed][the.one.that.is.V][V→N][N][Rel][Unpd][Du]
ketfaghaqelghiik	ketfagh-~(g₁)aqe[to.be.V.ing][to.regularly.or.repeatedly.V][V→V][V][Intr][Ptcp][3Du]

------------------------
Llaaghanwha ayveghaghlutek taglaghaqelghiik.

llaaghanwha	llaaghanwha

ayveghaghlutek	+?

taglaghaqelghiik	taglagh-~(g₁)aqe[to.be.V.ing][to.regularly.or.repeatedly.V][V→V]-@₁–lghii[the.one.that.V-ed][the.one.that.is.V][V→N][N][Abs][Unpd][Du]
taglaghaqelghiik	taglagh-~(g₁)aqe[to.be.V.ing][to.regularly.or.repeatedly.V][V→V]-@₁–lghii[the.one.that.V-ed][the.one.that.is.V][V→N][N][Rel][Unpd][Du]
taglaghaqelghiik	taglagh-~(g₁)aqe[to.be.V.ing][to.regularly.or.repeatedly.V][V→V][V][Intr][Ptcp][3Du]

------------------------
Tamana taglaghtuullghii naghughqughluku kaataqelghiit mengteghameggnun.

tamana	tamana

taglaghtuullghii	+?

naghughqughluku	+?

kaataqelghiit	kaate-~(g₁)aqe[to.be.V.ing][to.regularly.or.repeatedly.V][V→V]-@₁–lghii[the.one.that.V-ed][the.one.that.is.V][V→N][N][Abs][Unpd][Pl]
kaataqelghiit	kaate-~(g₁)aqe[to.be.V.ing][to.regularly.or.repeatedly.V][V→V]-@₁–lghii[the.one.that.V-ed][the.one.that.is.V][V→N][N][Rel][Unpd][Pl]
kaataqelghiit	kaate-~(g₁)aqe[to.be.V.ing][to.regularly.or.repeatedly.V][V→V][V][Intr][Ptcp][3Pl]

mengteghameggnun	mengteghagh[N][Ter][4PlPoss][PlPosd]
mengteghameggnun	mengteghagh[N][Ter][4PlPoss][SgPosd]

------------------------
Tawaten kiyaghsimalghiit uksulqusiq.

tawaten	tawaten

kiyaghsimalghiit	kiyaghte-@₁~:(i/u)ma[to.have.V-ed][to.have.been.V-ed][V→V]-@₁–lghii[the.one.that.V-ed][the.one.that.is.V][V→N][N][Abs][Unpd][Pl]
kiyaghsimalghiit	kiyaghte-@₁~:(i/u)ma[to.have.V-ed][to.have.been.V-ed][V→V]-@₁–lghii[the.one.that.V-ed][the.one.that.is.V][V→N][N][Rel][Unpd][Pl]
kiyaghsimalghiit	kiyaghte-@₁~:(i/u)ma[to.have.V-ed][to.have.been.V-ed][V→V][V][Intr][Ptcp][3Pl]

uksulqusiq	+?

------------------------


	

------------------------
Ilangani unanguluku tungtuquyaasimalghiik.

ilangani	ila[N][Loc][3SgPoss][SgPosd]
ilangani	ila[N][Loc][3SgPoss][PlPosd]
ilangani	ilangani
ilangani	ilangani[N][Abs][Unpd][Sg]

unanguluku	+?

tungtuquyaasimalghiik	+?

------------------------
Tungtunglutek atghaamalghiik aghneghtughllagluku.

tungtunglutek	+?

atghaamalghiik	atghagh-@₁~:(i/u)ma[to.have.V-ed][to.have.been.V-ed][V→V]-@₁–lghii[the.one.that.V-ed][the.one.that.is.V][V→N][N][Abs][Unpd][Du]
atghaamalghiik	atghagh-@₁~:(i/u)ma[to.have.V-ed][to.have.been.V-ed][V→V]-@₁–lghii[the.one.that.V-ed][the.one.that.is.V][V→N][N][Rel][Unpd][Du]
atghaamalghiik	atghagh-@₁~:(i/u)ma[to.have.V-ed][to.have.been.V-ed][V→V][V][Intr][Ptcp][3Du]

aghneghtughllagluku	+?

------------------------
Kaasamek tungtukegkateng lliluki nagneghlutek yuuk tamana maliglluku esavghaamalghiik.

kaasamek	kaate[V][Intr][CnsqI][4Du]

tungtukegkateng	tungtu-~–ke[to.have.as.one's.N(s)][N→V]-~sf–(g₃)kaq[one.that.has.V-ed][V→N][N][Abs][4PlPoss][PlPosd]
tungtukegkateng	Tungtut-~–ke[to.have.as.one's.N(s)][N→V]-~sf–(g₃)kaq[one.that.has.V-ed][V→N][N][Abs][4PlPoss][PlPosd]

lliluki	lli-~:(u)te[to.V.for.or.with][to.cause.to.V.as.one.is.V-ing][to.V.toward.each.other][V→V][V][Trns][Sbrd][_][3Pl]
lliluki	lli[V][Trns][Sbrd][_][3Pl]

nagneghlutek	+?

yuuk	yug[N][Abs][Sg]

tamana	tamana

maliglluku	+?

esavghaamalghiik	esavghagh-~:(ng₁)u[to.be.N][N→V]-@₁~:(i/u)ma[to.have.V-ed][to.have.been.V-ed][V→V]-@₁–lghii[the.one.that.V-ed][the.one.that.is.V][V→N][N][Abs][Unpd][Du]
esavghaamalghiik	esavghagh-~:(ng₁)u[to.be.N][N→V]-@₁~:(i/u)ma[to.have.V-ed][to.have.been.V-ed][V→V]-@₁–lghii[the.one.that.V-ed][the.one.that.is.V][V→N][N][Rel][Unpd][Du]
esavghaamalghiik	esavghagh-~:(ng₁)u[to.be.N][N→V]-@₁~:(i/u)ma[to.have.V-ed][to.have.been.V-ed][V→V][V][Intr][Ptcp][3Du]

------------------------
Naqam atangita piiqsaqangit inqun awalightaghwaaghpenaki pisqelluki.

naqam	naqam

atangita	ata-~:(ng₁)ite**[to.lack.N][to.not.have.N][N→V][V][Intr][Intrg][3Sg]
atangita	ata[N][Rel][3DuPoss][SgPosd]
atangita	ata[N][Rel][3DuPoss][PlPosd]
atangita	ata[N][Rel][3PlPoss][SgPosd]
atangita	ata[N][Rel][3PlPoss][PlPosd]

piiqsaqangit	pi-~(g₁)aqe[to.be.V.ing][to.regularly.or.repeatedly.V][V→V]-te[to.act.on.so.as.to.cause.to.V][V→V]-te[to.act.on.so.as.to.cause.to.V][V→V]-@₁~fyagh[to.go.V-ing][to.V.in.vain][V→V]-@*@₂~sf–(g₂)k(a)e[the.one.that.possessor.V-ed][V→N][N][Abs][3PlPoss][PlPosd]
piiqsaqangit	pi-~(g₁)aqe[to.be.V.ing][to.regularly.or.repeatedly.V][V→V]-te[to.act.on.so.as.to.cause.to.V][V→V]-te[to.act.on.so.as.to.cause.to.V][V→V]-@₁~fyagh[to.go.V-ing][to.V.in.vain][V→V][V][Trns][Ptcp][3Du][3Sg]
piiqsaqangit	pi-~(g₁)aqe[to.be.V.ing][to.regularly.or.repeatedly.V][V→V]-te[to.act.on.so.as.to.cause.to.V][V→V]-te[to.act.on.so.as.to.cause.to.V][V→V]-@₁~fyagh[to.go.V-ing][to.V.in.vain][V→V][V][Trns][Ptcp][3Pl][3Pl]
piiqsaqangit	pi-~(g₁)aqe[to.be.V.ing][to.regularly.or.repeatedly.V][V→V]-te[to.act.on.so.as.to.cause.to.V][V→V]-@₁~fyagh[to.go.V-ing][to.V.in.vain][V→V]-@*@₂~sf–(g₂)k(a)e[the.one.that.possessor.V-ed][V→N][N][Abs][3PlPoss][PlPosd]
piiqsaqangit	pi-~(g₁)aqe[to.be.V.ing][to.regularly.or.repeatedly.V][V→V]-te[to.act.on.so.as.to.cause.to.V][V→V]-@₁~fyagh[to.go.V-ing][to.V.in.vain][V→V][V][Trns][Ptcp][3Du][3Sg]
piiqsaqangit	pi-~(g₁)aqe[to.be.V.ing][to.regularly.or.repeatedly.V][V→V]-te[to.act.on.so.as.to.cause.to.V][V→V]-@₁~fyagh[to.go.V-ing][to.V.in.vain][V→V][V][Trns][Ptcp][3Pl][3Pl]
piiqsaqangit	pi-~(g₁)aqe[to.be.V.ing][to.regularly.or.repeatedly.V][V→V]-@₁~fyagh[to.go.V-ing][to.V.in.vain][V→V]-@*@₂~sf–(g₂)k(a)e[the.one.that.possessor.V-ed][V→N][N][Abs][3PlPoss][PlPosd]
piiqsaqangit	pi-~(g₁)aqe[to.be.V.ing][to.regularly.or.repeatedly.V][V→V]-@₁~fyagh[to.go.V-ing][to.V.in.vain][V→V][V][Trns][Ptcp][3Du][3Sg]
piiqsaqangit	pi-~(g₁)aqe[to.be.V.ing][to.regularly.or.repeatedly.V][V→V]-@₁~fyagh[to.go.V-ing][to.V.in.vain][V→V][V][Trns][Ptcp][3Pl][3Pl]
piiqsaqangit	piigh-~–ke[to.have.as.one's.N(s)][N→V]-te[to.act.on.so.as.to.cause.to.V][V→V]-te[to.act.on.so.as.to.cause.to.V][V→V]-@₁~fyagh[to.go.V-ing][to.V.in.vain][V→V]-@*@₂~sf–(g₂)k(a)e[the.one.that.possessor.V-ed][V→N][N][Abs][3PlPoss][PlPosd]
piiqsaqangit	piigh-~–ke[to.have.as.one's.N(s)][N→V]-te[to.act.on.so.as.to.cause.to.V][V→V]-@₁~fyagh[to.go.V-ing][to.V.in.vain][V→V]-@*@₂~sf–(g₂)k(a)e[the.one.that.possessor.V-ed][V→N][N][Abs][3PlPoss][PlPosd]
piiqsaqangit	piigh-~–ke[to.have.as.one's.N(s)][N→V]-@₁~fyagh[to.go.V-ing][to.V.in.vain][V→V]-@*@₂~sf–(g₂)k(a)e[the.one.that.possessor.V-ed][V→N][N][Abs][3PlPoss][PlPosd]

inqun	inqun

awalightaghwaaghpenaki	+?

pisqelluki	+?

------------------------
Taagken aaghtuumalghiik taan'gani.

taagken	taagken

aaghtuumalghiik	+?

taangani	+?

------------------------
Tamana ilanga ayveghaghluni qamaglluni taglaghtuusimalghii.

tamana	tamana

ilanga	ila[N][Abs][3SgPoss][SgPosd]

ayveghaghluni	+?

qamaglluni	+?

taglaghtuusimalghii	+?

------------------------
Elkekayveghaghnaqumalghiik.

elkekayveghaghnaqumalghiik	+?

------------------------
Qenwat ighivgaamakanga.

qenwat	qenwat

ighivgaamakanga	+?

------------------------
Llaaghanwha ayveghaamalghiik.

llaaghanwha	llaaghanwha

ayveghaamalghiik	+?

------------------------
Iiwenllu yataghqaqaat uyughaa kelutmun qiivyalghiimi puyughllaguftuq.

iiwenllu	iiw[N][Abs][2SgPoss][SgPosd]-llu[Encl]
iiwenllu	iiwenllu
iiwenllu	iiwenllu[N][Abs][Unpd][Sg]
iiwenllu	iiwete[N][Abs][Unpd][Sg]-llu[Encl]

yataghqaqaat	+?

uyughaa	uyughagh*-~:(ng₁)u[to.be.N][N→V][V][Intr][Opt][PRS][2Sg]
uyughaa	uyughagh*[N][Abs][3SgPoss][SgPosd]

kelutmun	kelute[N][Ter][Unpd][Sg]

qiivyalghiimi	+?

puyughllaguftuq	puyugh-–ghllag[big.N][N→N]-~:(ng₁)u[to.be.N][N→V]-(pete)fte[to.evidently.V][to.have.V-ed][V→V][V][Intr][Ind][3Sg]

------------------------
Anengani pimakanga, "Ii-I, iikutiinkut!"

anengani	anengagh[N][Abs][4SgPoss][SgPosd]
anengani	anengagh[N][Abs][4SgPoss][PlPosd]
anengani	anengagh[N][Loc][Unpd][Pl]

pimakanga	pi-@₁~:(i/u)ma[to.have.V-ed][to.have.been.V-ed][V→V]-@*@₂~sf–(g₂)k(a)e[the.one.that.possessor.V-ed][V→N][N][Abs][3SgPoss][SgPosd]
pimakanga	pi-@₁~:(i/u)ma[to.have.V-ed][to.have.been.V-ed][V→V][V][Trns][Ptcp][3Sg][3Sg]
pimakanga	pi-@₁~:(i/u)ma[to.have.V-ed][to.have.been.V-ed][V→V][V][Trns][Cond][3Sg][1Sg]

iii	+?

iikutiinkut	+?

------------------------
Anengaan ayveq peglluku kelutmun kilgaquumalghiiknuugem esnenganun sikum kaasalghiimeknutem ameltughqaaluni.

anengaan	anengagh-~:(ng₁)u[to.be.N][N→V]-~:(u)te[condition.with.respect.to.V-ing][V→N][N][Abs][Unpd][Sg]
anengaan	anengagh[N][Rel][3SgPoss][SgPosd]
anengaan	anengagh[N][Rel][3SgPoss][PlPosd]

ayveq	ayvegh[N][Abs][Unpd][Sg]

peglluku	+?

kelutmun	kelute[N][Ter][Unpd][Sg]

kilgaquumalghiiknuugem	+?

esnenganun	esne[N][Ter][3SgPoss][SgPosd]
esnenganun	esne[N][Ter][3SgPoss][PlPosd]

sikum	siku[N][Rel][Unpd][Sg]

kaasalghiimeknutem	+?

ameltughqaaluni	+?

------------------------
Naqam iiwleng taan'gavek siku saagrukegtaq.

naqam	naqam

iiwleng	iiwleng

taangavek	+?

siku	siku[N][Abs][Unpd][Sg]
siku	siku[Imprs_Agnt][V][Intr][Opt][PRS][2Sg]

saagrukegtaq	+?

------------------------
Tamana saagrukegtaq siku anuqmi qateghmi legan meghem tevyaghqaqaa.

tamana	tamana

saagrukegtaq	+?

siku	siku[N][Abs][Unpd][Sg]
siku	siku[Imprs_Agnt][V][Intr][Opt][PRS][2Sg]

anuqmi	+?

qateghmi	+?

legan	legan

meghem	megh[N][Rel][Unpd][Sg]

tevyaghqaqaa	+?

------------------------
Taagken ketmun qimagumalghiik meghem tevyagu siku anuqliimakanga uvlugughsimakanga, umegneghughsimakanga qanigtuumaghmi.

taagken	taagken

ketmun	+?

qimagumalghiik	+?

meghem	megh[N][Rel][Unpd][Sg]

tevyagu	+?

siku	siku[N][Abs][Unpd][Sg]
siku	siku[Imprs_Agnt][V][Intr][Opt][PRS][2Sg]

anuqliimakanga	anuqligh-@₁~:(i/u)ma[to.have.V-ed][to.have.been.V-ed][V→V]-@*@₂~sf–(g₂)k(a)e[the.one.that.possessor.V-ed][V→N][N][Abs][3SgPoss][SgPosd]

uvlugughsimakanga	+?

umegneghughsimakanga	+?

qanigtuumaghmi	qanig-tugh[to.eat.N][to.use.N][N→V]-@₁~:(i/u)magh*[while.V-ing][V→V][Quant_Qual][4Sg]
qanigtuumaghmi	qanig-tuumagh*[together.with.one's.Ns][N→V][Quant_Qual][4Sg]

------------------------
Ketmun qimagumalghiik.

ketmun	+?

qimagumalghiik	+?

------------------------
Uyavaghllaglutek siku kaasimakangat aangepiglleghhii.

uyavaghllaglutek	+?

siku	siku[N][Abs][Unpd][Sg]
siku	siku[Imprs_Agnt][V][Intr][Opt][PRS][2Sg]

kaasimakangat	kaate-@₁~:(i/u)ma[to.have.V-ed][to.have.been.V-ed][V→V]-@*@₂~sf–(g₂)k(a)e[the.one.that.possessor.V-ed][V→N][N][Abs][3PlPoss][SgPosd]
kaasimakangat	kaate-@₁~:(i/u)ma[to.have.V-ed][to.have.been.V-ed][V→V][V][Trns][Ptcp][3Pl][3Sg]

aangepiglleghhii	aange-–pigte[to.be.very.V][to.V.very.much][V→V]-te[to.act.on.so.as.to.cause.to.V][V→V]-@₁–lghii[the.one.that.V-ed][the.one.that.is.V][V→N][N][Abs][Unpd][Sg]
aangepiglleghhii	aange-–pigte[to.be.very.V][to.V.very.much][V→V]-@₁–lghii[the.one.that.V-ed][the.one.that.is.V][V→N][N][Abs][Unpd][Sg]

------------------------
Tawavek mayughlutek tespamagun laagluku kiyaghsimalghiik.

tawavek	+?

mayughlutek	mayugh[V][Intr][Sbrd][2Du]
mayughlutek	mayugh[V][Intr][Sbrd][3Du]
mayughlutek	mayugh[V][Trns][Sbrd][_][2Du]

tespamagun	+?

laagluku	laag[V][Trns][Sbrd][_][3Sg]

kiyaghsimalghiik	kiyaghte-@₁~:(i/u)ma[to.have.V-ed][to.have.been.V-ed][V→V]-@₁–lghii[the.one.that.V-ed][the.one.that.is.V][V→N][N][Abs][Unpd][Du]
kiyaghsimalghiik	kiyaghte-@₁~:(i/u)ma[to.have.V-ed][to.have.been.V-ed][V→V]-@₁–lghii[the.one.that.V-ed][the.one.that.is.V][V→N][N][Rel][Unpd][Du]
kiyaghsimalghiik	kiyaghte-@₁~:(i/u)ma[to.have.V-ed][to.have.been.V-ed][V→V][V][Intr][Ptcp][3Du]

------------------------


	

------------------------
Uyughaan pimakanga anengani, "Weni tuqusiighnaqngunghilkumta sanaqaghten!"

uyughaan	uyughagh*-~:(ng₁)u[to.be.N][N→V]-~:(u)te[condition.with.respect.to.V-ing][V→N][N][Abs][Unpd][Sg]
uyughaan	uyughagh*[N][Abs][2SgPoss][SgPosd]
uyughaan	uyughagh*[N][Rel][3SgPoss][SgPosd]
uyughaan	uyughagh*[N][Rel][3SgPoss][PlPosd]

pimakanga	pi-@₁~:(i/u)ma[to.have.V-ed][to.have.been.V-ed][V→V]-@*@₂~sf–(g₂)k(a)e[the.one.that.possessor.V-ed][V→N][N][Abs][3SgPoss][SgPosd]
pimakanga	pi-@₁~:(i/u)ma[to.have.V-ed][to.have.been.V-ed][V→V][V][Trns][Ptcp][3Sg][3Sg]
pimakanga	pi-@₁~:(i/u)ma[to.have.V-ed][to.have.been.V-ed][V→V][V][Trns][Cond][3Sg][1Sg]

anengani	anengagh[N][Abs][4SgPoss][SgPosd]
anengani	anengagh[N][Abs][4SgPoss][PlPosd]
anengani	anengagh[N][Loc][Unpd][Pl]

weni	weni

tuqusiighnaqngunghilkumta	+?

sanaqaghten	+?

------------------------
Taagken mekelghiiq nuyekliq tuunaghmineng maghuyighluki ilagaamalghii.

taagken	taagken

mekelghiiq	mekelghiigh[N][Abs][Unpd][Sg]

nuyekliq	nuyekligh[N][Abs][Unpd][Sg]

tuunaghmineng	+?

maghuyighluki	+?

ilagaamalghii	ilagagh-@₁~:(i/u)ma[to.have.V-ed][to.have.been.V-ed][V→V]-@₁–lghii[the.one.that.V-ed][the.one.that.is.V][V→N][N][Abs][Unpd][Sg]

------------------------
Ilagaamaluku uyuqliimmekelghiighemnagaqumakanga uyavaghpaneng meteghlluk qalghilghii.

ilagaamaluku	+?

uyuqliimmekelghiighemnagaqumakanga	+?

uyavaghpaneng	+?

meteghlluk	meteghllug[N][Abs][Unpd][Sg]

qalghilghii	+?

------------------------
Mekelghiighem nuyekliim ilagaan qamagsamigu uyughani aapsimakanga, "Sameng nagaquutaghhneghisin?"

mekelghiighem	mekelghiigh[N][Rel][Unpd][Sg]

nuyekliim	+?

ilagaan	ilagaate[N][Abs][Unpd][Sg]
ilagaan	ilagagh-~:(u)te[condition.with.respect.to.V-ing][V→N][N][Abs][Unpd][Sg]

qamagsamigu	qamagte[V][Trns][CnsqI][4Sg][3Sg]

uyughani	uyughagh*[N][Abs][4SgPoss][SgPosd]
uyughani	uyughagh*[N][Abs][4SgPoss][PlPosd]

aapsimakanga	aapte-@₁~:(i/u)ma[to.have.V-ed][to.have.been.V-ed][V→V]-@*@₂~sf–(g₂)k(a)e[the.one.that.possessor.V-ed][V→N][N][Abs][3SgPoss][SgPosd]
aapsimakanga	aapte-@₁~:(i/u)ma[to.have.V-ed][to.have.been.V-ed][V→V][V][Trns][Ptcp][3Sg][3Sg]
aapsimakanga	aapte-@₁~:(i/u)ma[to.have.V-ed][to.have.been.V-ed][V→V][V][Trns][Cond][3Sg][1Sg]

sameng	sa[N][Rel][4DuPoss][SgPosd]
sameng	sa[N][Rel][4DuPoss][PlPosd]
sameng	sa[N][Rel][4PlPoss][SgPosd]
sameng	sa[N][Rel][4PlPoss][PlPosd]
sameng	sa[N][Abl_Mod][Unpd][Sg]
sameng	sameng

nagaquutaghhneghisin	+?

------------------------
Uyuqliim nagaqughngaaghmigu akisimakanga, "Waniwanllu nagaquutaghhneghitunga!"

uyuqliim	uyuqligh*[N][Rel][Unpd][Sg]

nagaqughngaaghmigu	nagate-@₁qugh[to.V.completely][V][Trns][Conc][4Sg][3Sg]

akisimakanga	aki-te[to.catch.N][to.go.to.N][N→V]-@₁~:(i/u)ma[to.have.V-ed][to.have.been.V-ed][V→V]-@*@₂~sf–(g₂)k(a)e[the.one.that.possessor.V-ed][V→N][N][Abs][3SgPoss][SgPosd]
akisimakanga	akite-@₁~:(i/u)ma[to.have.V-ed][to.have.been.V-ed][V→V]-@*@₂~sf–(g₂)k(a)e[the.one.that.possessor.V-ed][V→N][N][Abs][3SgPoss][SgPosd]
akisimakanga	akite-@₁~:(i/u)ma[to.have.V-ed][to.have.been.V-ed][V→V][V][Trns][Ptcp][3Sg][3Sg]
akisimakanga	akite-@₁~:(i/u)ma[to.have.V-ed][to.have.been.V-ed][V→V][V][Trns][Cond][3Sg][1Sg]

waniwanllu	waniwanllu

nagaquutaghhneghitunga	+?

------------------------
Alla nuyekliq ilagaamalghii.

alla	alla
alla	alla[N][Abs][Unpd][Sg]

nuyekliq	nuyekligh[N][Abs][Unpd][Sg]

ilagaamalghii	ilagagh-@₁~:(i/u)ma[to.have.V-ed][to.have.been.V-ed][V→V]-@₁–lghii[the.one.that.V-ed][the.one.that.is.V][V→N][N][Abs][Unpd][Sg]

------------------------
Meteghlluk qalghighlaataamalghii uyavaghpaneng iwernga maateghniineng qantaghanlluni.

meteghlluk	meteghllug[N][Abs][Unpd][Sg]

qalghighlaataamalghii	+?

uyavaghpaneng	+?

iwernga	iwernga

maateghniineng	maateghniineng

qantaghanlluni	+?

------------------------
Aaplaataamakanga iwernga nagaquumalghii nagaqughngaaghmigu ama nuyekliimllu.

aaplaataamakanga	aapte-@₁~laatagh[to.V.anyway][despite.everything.to.still.V][V→V]-@₁~:(i/u)ma[to.have.V-ed][to.have.been.V-ed][V→V]-@*@₂~sf–(g₂)k(a)e[the.one.that.possessor.V-ed][V→N][N][Abs][3SgPoss][SgPosd]
aaplaataamakanga	aapte-@₁~laatagh[to.V.anyway][despite.everything.to.still.V][V→V]-@₁~:(i/u)ma[to.have.V-ed][to.have.been.V-ed][V→V][V][Trns][Ptcp][3Sg][3Sg]
aaplaataamakanga	aapte-@₁~laatagh[to.V.anyway][despite.everything.to.still.V][V→V]-@₁~:(i/u)ma[to.have.V-ed][to.have.been.V-ed][V→V][V][Trns][Cond][3Sg][1Sg]

iwernga	iwernga

nagaquumalghii	nagate-@₁qugh[to.V.completely]-@₁~:(i/u)ma[to.have.V-ed][to.have.been.V-ed][V→V]-@₁–lghii[the.one.that.V-ed][the.one.that.is.V][V→N][N][Abs][Unpd][Sg]

nagaqughngaaghmigu	nagate-@₁qugh[to.V.completely][V][Trns][Conc][4Sg][3Sg]

ama	ama

nuyekliimllu	+?

------------------------
Alla ilagaamalghii tuunagmineng saguyaqluni.

alla	alla
alla	alla[N][Abs][Unpd][Sg]

ilagaamalghii	ilagagh-@₁~:(i/u)ma[to.have.V-ed][to.have.been.V-ed][V→V]-@₁–lghii[the.one.that.V-ed][the.one.that.is.V][V→N][N][Abs][Unpd][Sg]

tuunagmineng	+?

saguyaqluni	saguyagh-~–ke[to.have.as.one's.N(s)][N→V]-te[to.act.on.so.as.to.cause.to.V][V→V]-te[to.act.on.so.as.to.cause.to.V][V→V][V][Intr][Sbrd][3Sg]
saguyaqluni	saguyagh-~–ke[to.have.as.one's.N(s)][N→V]-te[to.act.on.so.as.to.cause.to.V][V→V][V][Intr][Sbrd][3Sg]
saguyaqluni	saguyagh-~–ke[to.have.as.one's.N(s)][N→V][V][Intr][Sbrd][3Sg]

------------------------
Ilagaamaluku alla meteghlluk qalghilghii nagaquumakangak qantaghanlliighaghluni.

ilagaamaluku	+?

alla	alla
alla	alla[N][Abs][Unpd][Sg]

meteghlluk	meteghllug[N][Abs][Unpd][Sg]

qalghilghii	+?

nagaquumakangak	nagate-@₁qugh[to.V.completely]-@₁~:(i/u)ma[to.have.V-ed][to.have.been.V-ed][V→V]-@*@₂~sf–(g₂)k(a)e[the.one.that.possessor.V-ed][V→N][N][Abs][3DuPoss][SgPosd]

qantaghanlliighaghluni	+?

------------------------
Ilagaan qamagsamigu uyughani pimakanga, "Nagaqunghisigu?"

ilagaan	ilagaate[N][Abs][Unpd][Sg]
ilagaan	ilagagh-~:(u)te[condition.with.respect.to.V-ing][V→N][N][Abs][Unpd][Sg]

qamagsamigu	qamagte[V][Trns][CnsqI][4Sg][3Sg]

uyughani	uyughagh*[N][Abs][4SgPoss][SgPosd]
uyughani	uyughagh*[N][Abs][4SgPoss][PlPosd]

pimakanga	pi-@₁~:(i/u)ma[to.have.V-ed][to.have.been.V-ed][V→V]-@*@₂~sf–(g₂)k(a)e[the.one.that.possessor.V-ed][V→N][N][Abs][3SgPoss][SgPosd]
pimakanga	pi-@₁~:(i/u)ma[to.have.V-ed][to.have.been.V-ed][V→V][V][Trns][Ptcp][3Sg][3Sg]
pimakanga	pi-@₁~:(i/u)ma[to.have.V-ed][to.have.been.V-ed][V→V][V][Trns][Cond][3Sg][1Sg]

nagaqunghisigu	nagate-@₁qugh[to.V.completely]-@₁–nghite**[to.not.V][V→V][V][Trns][Intrg][2Sg][3Sg]

------------------------
"Nagaqunghitaqa!"

nagaqunghitaqa	nagate-@₁qugh[to.V.completely]-@₁–nghite**[to.not.V][V→V]-~(g₁)aqe[to.be.V.ing][to.regularly.or.repeatedly.V][V→V][V][Intr][Intrg][3Sg]
nagaqunghitaqa	nagate-@₁qugh[to.V.completely]-@₁–nghite**[to.not.V][V→V][V][Trns][Ind][1Sg][3Sg]

------------------------
Iwerngangam nagaquumalghiik uyughaanllu ama anengaanllu.

iwerngangam	iwerngangam

nagaquumalghiik	nagate-@₁qugh[to.V.completely]-@₁~:(i/u)ma[to.have.V-ed][to.have.been.V-ed][V→V]-@₁–lghii[the.one.that.V-ed][the.one.that.is.V][V→N][N][Abs][Unpd][Du]
nagaquumalghiik	nagate-@₁qugh[to.V.completely]-@₁~:(i/u)ma[to.have.V-ed][to.have.been.V-ed][V→V]-@₁–lghii[the.one.that.V-ed][the.one.that.is.V][V→N][N][Rel][Unpd][Du]
nagaquumalghiik	nagate-@₁qugh[to.V.completely]-@₁~:(i/u)ma[to.have.V-ed][to.have.been.V-ed][V→V][V][Intr][Ptcp][3Du]

uyughaanllu	uyughagh*-~:(ng₁)u[to.be.N][N→V]-~:(u)te[condition.with.respect.to.V-ing][V→N][N][Abs][Unpd][Sg]-llu[Encl]
uyughaanllu	uyughagh*[N][Abs][2SgPoss][SgPosd]-llu[Encl]
uyughaanllu	uyughagh*[N][Rel][3SgPoss][SgPosd]-llu[Encl]
uyughaanllu	uyughagh*[N][Rel][3SgPoss][PlPosd]-llu[Encl]

ama	ama

anengaanllu	anengagh-~:(ng₁)u[to.be.N][N→V]-~:(u)te[condition.with.respect.to.V-ing][V→N][N][Abs][Unpd][Sg]-llu[Encl]
anengaanllu	anengagh[N][Rel][3SgPoss][SgPosd]-llu[Encl]
anengaanllu	anengagh[N][Rel][3SgPoss][PlPosd]-llu[Encl]

------------------------
Alla ilagaamalghii.

alla	alla
alla	alla[N][Abs][Unpd][Sg]

ilagaamalghii	ilagagh-@₁~:(i/u)ma[to.have.V-ed][to.have.been.V-ed][V→V]-@₁–lghii[the.one.that.V-ed][the.one.that.is.V][V→N][N][Abs][Unpd][Sg]

------------------------
Qenwat qakma uqeghhmi qalghiimalghii, quqquqquqquqquq.

qenwat	qenwat

qakma	qakma

uqeghhmi	+?

qalghiimalghii	+?

quqquqquqquqquq	+?

------------------------
Anengaan pimakanga, "Awi, whanganginaakuma pinaanghitunga."

anengaan	anengagh-~:(ng₁)u[to.be.N][N→V]-~:(u)te[condition.with.respect.to.V-ing][V→N][N][Abs][Unpd][Sg]
anengaan	anengagh[N][Rel][3SgPoss][SgPosd]
anengaan	anengagh[N][Rel][3SgPoss][PlPosd]

pimakanga	pi-@₁~:(i/u)ma[to.have.V-ed][to.have.been.V-ed][V→V]-@*@₂~sf–(g₂)k(a)e[the.one.that.possessor.V-ed][V→N][N][Abs][3SgPoss][SgPosd]
pimakanga	pi-@₁~:(i/u)ma[to.have.V-ed][to.have.been.V-ed][V→V][V][Trns][Ptcp][3Sg][3Sg]
pimakanga	pi-@₁~:(i/u)ma[to.have.V-ed][to.have.been.V-ed][V→V][V][Trns][Cond][3Sg][1Sg]

awi	aw[N][Abs][3SgPoss][PlPosd]
awi	awi
awi	awi[N][Abs][Unpd][Sg]

whanganginaakuma	+?

pinaanghitunga	pi-@₁~fnaanghite[will.not.V][V→V][V][Intr][Ind][1Sg]
pinaanghitunga	pi-~:(u)te[to.V.for.or.with][to.cause.to.V.as.one.is.V-ing][to.V.toward.each.other][V→V]-@₁~fnaanghite[will.not.V][V→V][V][Intr][Ind][1Sg]
pinaanghitunga	pi-~:(u)te[SBJ.V-ed.something][V→V]-@₁~fnaanghite[will.not.V][V→V][V][Intr][Ind][1Sg]

------------------------
Uyughaan pimakanga anengani, "Samengpiiqa?"

uyughaan	uyughagh*-~:(ng₁)u[to.be.N][N→V]-~:(u)te[condition.with.respect.to.V-ing][V→N][N][Abs][Unpd][Sg]
uyughaan	uyughagh*[N][Abs][2SgPoss][SgPosd]
uyughaan	uyughagh*[N][Rel][3SgPoss][SgPosd]
uyughaan	uyughagh*[N][Rel][3SgPoss][PlPosd]

pimakanga	pi-@₁~:(i/u)ma[to.have.V-ed][to.have.been.V-ed][V→V]-@*@₂~sf–(g₂)k(a)e[the.one.that.possessor.V-ed][V→N][N][Abs][3SgPoss][SgPosd]
pimakanga	pi-@₁~:(i/u)ma[to.have.V-ed][to.have.been.V-ed][V→V][V][Trns][Ptcp][3Sg][3Sg]
pimakanga	pi-@₁~:(i/u)ma[to.have.V-ed][to.have.been.V-ed][V→V][V][Trns][Cond][3Sg][1Sg]

anengani	anengagh[N][Abs][4SgPoss][SgPosd]
anengani	anengagh[N][Abs][4SgPoss][PlPosd]
anengani	anengagh[N][Loc][Unpd][Pl]

samengpiiqa	+?

------------------------
"Piiqaaten whanganginaghma taglaannalunga."

piiqaaten	pi-~(g₁)aqe[to.be.V.ing][to.regularly.or.repeatedly.V][V→V][V][Trns][Ind][3Du][2Sg]
piiqaaten	pi-~(g₁)aqe[to.be.V.ing][to.regularly.or.repeatedly.V][V→V][V][Trns][Ind][3Pl][2Sg]
piiqaaten	pi-~(g₁)aqe[to.be.V.ing][to.regularly.or.repeatedly.V][V→V][V][Trns][Ind][3Sg][2Sg]

whanganginaghma	+?

taglaannalunga	taglagh-~:(u)te[to.V.for.or.with][to.cause.to.V.as.one.is.V-ing][to.V.toward.each.other][V→V]-te[to.act.on.so.as.to.cause.to.V][V→V]-@₁~fna[in.order.to.V][intending.to.V][V→V]-~:(u)te[to.V.for.or.with][to.cause.to.V.as.one.is.V-ing][to.V.toward.each.other][V→V][V][Intr][Sbrd][1Sg]
taglaannalunga	taglagh-~:(u)te[to.V.for.or.with][to.cause.to.V.as.one.is.V-ing][to.V.toward.each.other][V→V]-te[to.act.on.so.as.to.cause.to.V][V→V]-@₁~fna[in.order.to.V][intending.to.V][V→V]-~:(u)te[SBJ.V-ed.something][V→V][V][Intr][Sbrd][1Sg]
taglaannalunga	taglagh-~:(u)te[to.V.for.or.with][to.cause.to.V.as.one.is.V-ing][to.V.toward.each.other][V→V]-te[to.act.on.so.as.to.cause.to.V][V→V]-@₁~fna[in.order.to.V][intending.to.V][V→V][V][Intr][Sbrd][1Sg]
taglaannalunga	taglagh-~:(u)te[to.V.for.or.with][to.cause.to.V.as.one.is.V-ing][to.V.toward.each.other][V→V]-@₁~fna[in.order.to.V][intending.to.V][V→V]-~:(u)te[to.V.for.or.with][to.cause.to.V.as.one.is.V-ing][to.V.toward.each.other][V→V][V][Intr][Sbrd][1Sg]
taglaannalunga	taglagh-~:(u)te[to.V.for.or.with][to.cause.to.V.as.one.is.V-ing][to.V.toward.each.other][V→V]-@₁~fna[in.order.to.V][intending.to.V][V→V]-~:(u)te[SBJ.V-ed.something][V→V][V][Intr][Sbrd][1Sg]
taglaannalunga	taglagh-~:(u)te[to.V.for.or.with][to.cause.to.V.as.one.is.V-ing][to.V.toward.each.other][V→V]-@₁~fna[in.order.to.V][intending.to.V][V→V][V][Intr][Sbrd][1Sg]
taglaannalunga	taglagh-~:(u)te[condition.with.respect.to.V-ing][V→N]-te[to.catch.N][to.go.to.N][N→V]-@₁~fna[in.order.to.V][intending.to.V][V→V]-~:(u)te[to.V.for.or.with][to.cause.to.V.as.one.is.V-ing][to.V.toward.each.other][V→V][V][Intr][Sbrd][1Sg]
taglaannalunga	taglagh-~:(u)te[condition.with.respect.to.V-ing][V→N]-te[to.catch.N][to.go.to.N][N→V]-@₁~fna[in.order.to.V][intending.to.V][V→V]-~:(u)te[SBJ.V-ed.something][V→V][V][Intr][Sbrd][1Sg]
taglaannalunga	taglagh-~:(u)te[condition.with.respect.to.V-ing][V→N]-te[to.catch.N][to.go.to.N][N→V]-@₁~fna[in.order.to.V][intending.to.V][V→V][V][Intr][Sbrd][1Sg]
taglaannalunga	taglagh-~:(u)te[SBJ.V-ed.something][V→V]-te[to.act.on.so.as.to.cause.to.V][V→V]-@₁~fna[in.order.to.V][intending.to.V][V→V]-~:(u)te[to.V.for.or.with][to.cause.to.V.as.one.is.V-ing][to.V.toward.each.other][V→V][V][Intr][Sbrd][1Sg]
taglaannalunga	taglagh-~:(u)te[SBJ.V-ed.something][V→V]-te[to.act.on.so.as.to.cause.to.V][V→V]-@₁~fna[in.order.to.V][intending.to.V][V→V]-~:(u)te[SBJ.V-ed.something][V→V][V][Intr][Sbrd][1Sg]
taglaannalunga	taglagh-~:(u)te[SBJ.V-ed.something][V→V]-te[to.act.on.so.as.to.cause.to.V][V→V]-@₁~fna[in.order.to.V][intending.to.V][V→V][V][Intr][Sbrd][1Sg]
taglaannalunga	taglagh-~:(u)te[SBJ.V-ed.something][V→V]-@₁~fna[in.order.to.V][intending.to.V][V→V]-~:(u)te[to.V.for.or.with][to.cause.to.V.as.one.is.V-ing][to.V.toward.each.other][V→V][V][Intr][Sbrd][1Sg]
taglaannalunga	taglagh-~:(u)te[SBJ.V-ed.something][V→V]-@₁~fna[in.order.to.V][intending.to.V][V→V]-~:(u)te[SBJ.V-ed.something][V→V][V][Intr][Sbrd][1Sg]
taglaannalunga	taglagh-~:(u)te[SBJ.V-ed.something][V→V]-@₁~fna[in.order.to.V][intending.to.V][V→V][V][Intr][Sbrd][1Sg]

------------------------
Alla qakma qalghiimalghii meteghlluk, quqquqquqquqquq.

alla	alla
alla	alla[N][Abs][Unpd][Sg]

qakma	qakma

qalghiimalghii	+?

meteghlluk	meteghllug[N][Abs][Unpd][Sg]

quqquqquqquqquq	+?

------------------------
Anengaa aleghquumalghii, "A-aa-aa, nanghiiqunaqi!"

anengaa	anengagh-~:(ng₁)u[to.be.N][N→V][V][Intr][Opt][PRS][2Sg]
anengaa	anengagh[N][Abs][3SgPoss][SgPosd]

aleghquumalghii	alegh-te[to.catch.N][to.go.to.N][N→V]-@₁qugh[to.V.completely]-@₁~:(i/u)ma[to.have.V-ed][to.have.been.V-ed][V→V]-@₁–lghii[the.one.that.V-ed][the.one.that.is.V][V→N][N][Abs][Unpd][Sg]
aleghquumalghii	aleghqugh-@₁~:(i/u)ma[to.have.V-ed][to.have.been.V-ed][V→V]-@₁–lghii[the.one.that.V-ed][the.one.that.is.V][V→N][N][Abs][Unpd][Sg]

aaaaa	+?

nanghiiqunaqi	+?

------------------------
Uyughaan aapsimakanga, "Sameng piiqa meteghlluk?"

uyughaan	uyughagh*-~:(ng₁)u[to.be.N][N→V]-~:(u)te[condition.with.respect.to.V-ing][V→N][N][Abs][Unpd][Sg]
uyughaan	uyughagh*[N][Abs][2SgPoss][SgPosd]
uyughaan	uyughagh*[N][Rel][3SgPoss][SgPosd]
uyughaan	uyughagh*[N][Rel][3SgPoss][PlPosd]

aapsimakanga	aapte-@₁~:(i/u)ma[to.have.V-ed][to.have.been.V-ed][V→V]-@*@₂~sf–(g₂)k(a)e[the.one.that.possessor.V-ed][V→N][N][Abs][3SgPoss][SgPosd]
aapsimakanga	aapte-@₁~:(i/u)ma[to.have.V-ed][to.have.been.V-ed][V→V][V][Trns][Ptcp][3Sg][3Sg]
aapsimakanga	aapte-@₁~:(i/u)ma[to.have.V-ed][to.have.been.V-ed][V→V][V][Trns][Cond][3Sg][1Sg]

sameng	sa[N][Rel][4DuPoss][SgPosd]
sameng	sa[N][Rel][4DuPoss][PlPosd]
sameng	sa[N][Rel][4PlPoss][SgPosd]
sameng	sa[N][Rel][4PlPoss][PlPosd]
sameng	sa[N][Abl_Mod][Unpd][Sg]
sameng	sameng

piiqa	pi-~(g₁)aqe[to.be.V.ing][to.regularly.or.repeatedly.V][V→V][V][Intr][Intrg][3Sg]
piiqa	pi[V][Trns][Ind][1Sg][3Sg]
piiqa	piigh-~–ke[to.have.as.one's.N(s)][N→V][V][Intr][Intrg][3Sg]
piiqa	piigh[N][Abs][1SgPoss][SgPosd]

meteghlluk	meteghllug[N][Abs][Unpd][Sg]

------------------------
"Whaten piiquq nanghiiqunaluta maalghuguluta.

whaten	wha[N][Abs][2SgPoss][PlPosd]
whaten	whaten
whaten	wha-te[to.catch.N][to.go.to.N][N→V][V][Intr][Opt][PRS][2Sg]
whaten	wha[N][Abs][2SgPoss][PlPosd]

piiquq	pi-~(g₁)aqe[to.be.V.ing][to.regularly.or.repeatedly.V][V→V][V][Intr][Ind][3Sg]
piiquq	piigh-~–ke[to.have.as.one's.N(s)][N→V][V][Intr][Ind][3Sg]

nanghiiqunaluta	+?

maalghuguluta	maalghug-~:(ng₁)u[to.be.N][N→V]-~:(u)te[to.V.for.or.with][to.cause.to.V.as.one.is.V-ing][to.V.toward.each.other][V→V][V][Intr][Sbrd][1Pl]
maalghuguluta	maalghug-~:(ng₁)u[to.be.N][N→V]-~:(u)te[SBJ.V-ed.something][V→V][V][Intr][Sbrd][1Pl]
maalghuguluta	maalghug-~:(ng₁)u[to.be.N][N→V][V][Intr][Sbrd][1Pl]

------------------------
Taawanginaq uka tumemi ataasiq siku uusqalghii."

taawanginaq	taawanginaq

uka	uka

tumemi	+?

ataasiq	ataasigh[N][Abs][Unpd][Sg]

siku	siku[N][Abs][Unpd][Sg]
siku	siku[Imprs_Agnt][V][Intr][Opt][PRS][2Sg]

uusqalghii	+?

------------------------


	

------------------------
Anengaan uyughani aanesqumakanga.

anengaan	anengagh-~:(ng₁)u[to.be.N][N→V]-~:(u)te[condition.with.respect.to.V-ing][V→N][N][Abs][Unpd][Sg]
anengaan	anengagh[N][Rel][3SgPoss][SgPosd]
anengaan	anengagh[N][Rel][3SgPoss][PlPosd]

uyughani	uyughagh*[N][Abs][4SgPoss][SgPosd]
uyughani	uyughagh*[N][Abs][4SgPoss][PlPosd]

aanesqumakanga	+?

------------------------
Aanumalghiik qemgaagmek.

aanumalghiik	aane-@₁~:(i/u)ma[to.have.V-ed][to.have.been.V-ed][V→V]-@₁–lghii[the.one.that.V-ed][the.one.that.is.V][V→N][N][Abs][Unpd][Du]
aanumalghiik	aane-@₁~:(i/u)ma[to.have.V-ed][to.have.been.V-ed][V→V]-@₁–lghii[the.one.that.V-ed][the.one.that.is.V][V→N][N][Rel][Unpd][Du]
aanumalghiik	aane-@₁~:(i/u)ma[to.have.V-ed][to.have.been.V-ed][V→V][V][Intr][Ptcp][3Du]

qemgaagmek	+?

------------------------
Aanlutek anengaan uyughani neveghtesqumakanga.

aanlutek	aane[V][Intr][Sbrd][2Du]
aanlutek	aane[V][Intr][Sbrd][3Du]

anengaan	anengagh-~:(ng₁)u[to.be.N][N→V]-~:(u)te[condition.with.respect.to.V-ing][V→N][N][Abs][Unpd][Sg]
anengaan	anengagh[N][Rel][3SgPoss][SgPosd]
anengaan	anengagh[N][Rel][3SgPoss][PlPosd]

uyughani	uyughagh*[N][Abs][4SgPoss][SgPosd]
uyughani	uyughagh*[N][Abs][4SgPoss][PlPosd]

neveghtesqumakanga	+?

------------------------
Uyughaa neveghsimalghii.

uyughaa	uyughagh*-~:(ng₁)u[to.be.N][N→V][V][Intr][Opt][PRS][2Sg]
uyughaa	uyughagh*[N][Abs][3SgPoss][SgPosd]

neveghsimalghii	nevegh-te[to.catch.N][to.go.to.N][N→V]-@₁~:(i/u)ma[to.have.V-ed][to.have.been.V-ed][V→V]-@₁–lghii[the.one.that.V-ed][the.one.that.is.V][V→N][N][Abs][Unpd][Sg]

------------------------
Neveghsan aqumumakanga.

neveghsan	nevegh-te[to.catch.N][to.go.to.N][N→V][V][Intr][CnsqI][3Sg]

aqumumakanga	aqume-@₁~:(i/u)ma[to.have.V-ed][to.have.been.V-ed][V→V]-@*@₂~sf–(g₂)k(a)e[the.one.that.possessor.V-ed][V→N][N][Abs][3SgPoss][SgPosd]

------------------------
Aqumluku gginaa kenimineng saapumakanga.

aqumluku	+?

gginaa	gginagh-~:(ng₁)u[to.be.N][N→V][V][Intr][Opt][PRS][2Sg]
gginaa	gginagh[N][Abs][3SgPoss][SgPosd]

kenimineng	kenigh[N][Abl_Mod][4SgPoss][PlPosd]
kenimineng	kenigh[N][Abl_Mod][4SgPoss][SgPosd]

saapumakanga	+?

------------------------
Saapsamigu ghhataamalghiit, igleghsimalghiit quulvaqun.

saapsamigu	+?

ghhataamalghiit	+?

igleghsimalghiit	igleghte-@₁~:(i/u)ma[to.have.V-ed][to.have.been.V-ed][V→V]-@₁–lghii[the.one.that.V-ed][the.one.that.is.V][V→N][N][Abs][Unpd][Pl]
igleghsimalghiit	igleghte-@₁~:(i/u)ma[to.have.V-ed][to.have.been.V-ed][V→V]-@₁–lghii[the.one.that.V-ed][the.one.that.is.V][V→N][N][Rel][Unpd][Pl]
igleghsimalghiit	igleghte-@₁~:(i/u)ma[to.have.V-ed][to.have.been.V-ed][V→V][V][Intr][Ptcp][3Pl]

quulvaqun	+?

------------------------
Mululuteng aghuliighumalghiit.

mululuteng	+?

aghuliighumalghiit	aghuliigh-@₁~:(i/u)ma[to.have.V-ed][to.have.been.V-ed][V→V]-@₁–lghii[the.one.that.V-ed][the.one.that.is.V][V→N][N][Abs][Unpd][Pl]
aghuliighumalghiit	aghuliigh-@₁~:(i/u)ma[to.have.V-ed][to.have.been.V-ed][V→V]-@₁–lghii[the.one.that.V-ed][the.one.that.is.V][V→N][N][Rel][Unpd][Pl]
aghuliighumalghiit	aghuliigh-@₁~:(i/u)ma[to.have.V-ed][to.have.been.V-ed][V→V][V][Intr][Ptcp][3Pl]

------------------------
Sivugsalghiimeng sikumi aghuliighumalghiit.

sivugsalghiimeng	sivug-te[to.catch.N][to.go.to.N][N→V]-@₁~fyagh[to.go.V-ing][to.V.in.vain][V→V]-@₁–lghii[the.one.that.V-ed][the.one.that.is.V][V→N][N][Rel][4DuPoss][SgPosd]
sivugsalghiimeng	sivug-te[to.catch.N][to.go.to.N][N→V]-@₁~fyagh[to.go.V-ing][to.V.in.vain][V→V]-@₁–lghii[the.one.that.V-ed][the.one.that.is.V][V→N][N][Rel][4DuPoss][PlPosd]
sivugsalghiimeng	sivug-te[to.catch.N][to.go.to.N][N→V]-@₁~fyagh[to.go.V-ing][to.V.in.vain][V→V]-@₁–lghii[the.one.that.V-ed][the.one.that.is.V][V→N][N][Rel][4PlPoss][SgPosd]
sivugsalghiimeng	sivug-te[to.catch.N][to.go.to.N][N→V]-@₁~fyagh[to.go.V-ing][to.V.in.vain][V→V]-@₁–lghii[the.one.that.V-ed][the.one.that.is.V][V→N][N][Rel][4PlPoss][PlPosd]
sivugsalghiimeng	sivug-te[to.catch.N][to.go.to.N][N→V]-@₁~fyagh[to.go.V-ing][to.V.in.vain][V→V]-@₁–lghii[the.one.that.V-ed][the.one.that.is.V][V→N][N][Abl_Mod][Unpd][Sg]
sivugsalghiimeng	sivug-te[to.catch.N][to.go.to.N][N→V][V][Intr][Ptcp_Obl][4Pl]

sikumi	siku[N][Loc][Unpd][Sg]
sikumi	siku[N][Rel][4SgPoss][SgPosd]
sikumi	siku[N][Rel][4SgPoss][PlPosd]

aghuliighumalghiit	aghuliigh-@₁~:(i/u)ma[to.have.V-ed][to.have.been.V-ed][V→V]-@₁–lghii[the.one.that.V-ed][the.one.that.is.V][V→N][N][Abs][Unpd][Pl]
aghuliighumalghiit	aghuliigh-@₁~:(i/u)ma[to.have.V-ed][to.have.been.V-ed][V→V]-@₁–lghii[the.one.that.V-ed][the.one.that.is.V][V→N][N][Rel][Unpd][Pl]
aghuliighumalghiit	aghuliigh-@₁~:(i/u)ma[to.have.V-ed][to.have.been.V-ed][V→V][V][Intr][Ptcp][3Pl]

------------------------
Tawani meghnaaliluteng alla anengaan uyughani neveghtesqumakanga.

tawani	tawani
tawani	tawani[N][Abs][Unpd][Sg]

meghnaaliluteng	+?

alla	alla
alla	alla[N][Abs][Unpd][Sg]

anengaan	anengagh-~:(ng₁)u[to.be.N][N→V]-~:(u)te[condition.with.respect.to.V-ing][V→N][N][Abs][Unpd][Sg]
anengaan	anengagh[N][Rel][3SgPoss][SgPosd]
anengaan	anengagh[N][Rel][3SgPoss][PlPosd]

uyughani	uyughagh*[N][Abs][4SgPoss][SgPosd]
uyughani	uyughagh*[N][Abs][4SgPoss][PlPosd]

neveghtesqumakanga	+?

------------------------
Tawaten aqumluku anengaan gginaa saapumakanga kenimineng.

tawaten	tawaten

aqumluku	+?

anengaan	anengagh-~:(ng₁)u[to.be.N][N→V]-~:(u)te[condition.with.respect.to.V-ing][V→N][N][Abs][Unpd][Sg]
anengaan	anengagh[N][Rel][3SgPoss][SgPosd]
anengaan	anengagh[N][Rel][3SgPoss][PlPosd]

gginaa	gginagh-~:(ng₁)u[to.be.N][N→V][V][Intr][Opt][PRS][2Sg]
gginaa	gginagh[N][Abs][3SgPoss][SgPosd]

saapumakanga	+?

kenimineng	kenigh[N][Abl_Mod][4SgPoss][PlPosd]
kenimineng	kenigh[N][Abl_Mod][4SgPoss][SgPosd]

------------------------
Palaghhaghmeng aqumgaaghlluteng ghhataghlaataamalghiit igleghsimalghiit.

palaghhaghmeng	+?

aqumgaaghlluteng	+?

ghhataghlaataamalghiit	+?

igleghsimalghiit	igleghte-@₁~:(i/u)ma[to.have.V-ed][to.have.been.V-ed][V→V]-@₁–lghii[the.one.that.V-ed][the.one.that.is.V][V→N][N][Abs][Unpd][Pl]
igleghsimalghiit	igleghte-@₁~:(i/u)ma[to.have.V-ed][to.have.been.V-ed][V→V]-@₁–lghii[the.one.that.V-ed][the.one.that.is.V][V→N][N][Rel][Unpd][Pl]
igleghsimalghiit	igleghte-@₁~:(i/u)ma[to.have.V-ed][to.have.been.V-ed][V→V][V][Intr][Ptcp][3Pl]

------------------------
Mululuteng aghuliighumalghiit.

mululuteng	+?

aghuliighumalghiit	aghuliigh-@₁~:(i/u)ma[to.have.V-ed][to.have.been.V-ed][V→V]-@₁–lghii[the.one.that.V-ed][the.one.that.is.V][V→N][N][Abs][Unpd][Pl]
aghuliighumalghiit	aghuliigh-@₁~:(i/u)ma[to.have.V-ed][to.have.been.V-ed][V→V]-@₁–lghii[the.one.that.V-ed][the.one.that.is.V][V→N][N][Rel][Unpd][Pl]
aghuliighumalghiit	aghuliigh-@₁~:(i/u)ma[to.have.V-ed][to.have.been.V-ed][V→V][V][Intr][Ptcp][3Pl]

------------------------
Esghaghyalghiimeng meteghllugem meghnaalivigmi temngi naayghami alungutelleghmi uyghagmi.

esghaghyalghiimeng	esghagh-@₁~fyagh[to.go.V-ing][to.V.in.vain][V→V]-@₁–lghii[the.one.that.V-ed][the.one.that.is.V][V→N][N][Rel][4DuPoss][SgPosd]
esghaghyalghiimeng	esghagh-@₁~fyagh[to.go.V-ing][to.V.in.vain][V→V]-@₁–lghii[the.one.that.V-ed][the.one.that.is.V][V→N][N][Rel][4DuPoss][PlPosd]
esghaghyalghiimeng	esghagh-@₁~fyagh[to.go.V-ing][to.V.in.vain][V→V]-@₁–lghii[the.one.that.V-ed][the.one.that.is.V][V→N][N][Rel][4PlPoss][SgPosd]
esghaghyalghiimeng	esghagh-@₁~fyagh[to.go.V-ing][to.V.in.vain][V→V]-@₁–lghii[the.one.that.V-ed][the.one.that.is.V][V→N][N][Rel][4PlPoss][PlPosd]
esghaghyalghiimeng	esghagh-@₁~fyagh[to.go.V-ing][to.V.in.vain][V→V]-@₁–lghii[the.one.that.V-ed][the.one.that.is.V][V→N][N][Abl_Mod][Unpd][Sg]

meteghllugem	meteghllug[N][Rel][Unpd][Sg]

meghnaalivigmi	+?

temngi	temngi

naayghami	Naayghagh[N][Loc][Unpd][Sg]
naayghami	Naayghagh[N][Rel][4SgPoss][SgPosd]
naayghami	Naayghagh[N][Rel][4SgPoss][PlPosd]
naayghami	naayghagh[N][Loc][Unpd][Sg]
naayghami	naayghagh[N][Rel][4SgPoss][SgPosd]
naayghami	naayghagh[N][Rel][4SgPoss][PlPosd]

alungutelleghmi	alungutellegh[N][Loc][Unpd][Sg]
alungutelleghmi	alungutellegh[N][Rel][4SgPoss][SgPosd]
alungutelleghmi	alungutellegh[N][Rel][4SgPoss][PlPosd]

uyghagmi	uyghag[N][Loc][Unpd][Sg]
uyghagmi	uyghag[N][Rel][4SgPoss][SgPosd]
uyghagmi	uyghag[N][Rel][4SgPoss][PlPosd]

------------------------
Tawani aghuliighumalghiit.

tawani	tawani
tawani	tawani[N][Abs][Unpd][Sg]

aghuliighumalghiit	aghuliigh-@₁~:(i/u)ma[to.have.V-ed][to.have.been.V-ed][V→V]-@₁–lghii[the.one.that.V-ed][the.one.that.is.V][V→N][N][Abs][Unpd][Pl]
aghuliighumalghiit	aghuliigh-@₁~:(i/u)ma[to.have.V-ed][to.have.been.V-ed][V→V]-@₁–lghii[the.one.that.V-ed][the.one.that.is.V][V→N][N][Rel][Unpd][Pl]
aghuliighumalghiit	aghuliigh-@₁~:(i/u)ma[to.have.V-ed][to.have.been.V-ed][V→V][V][Intr][Ptcp][3Pl]

------------------------


	

------------------------
Taawanginaq mayughvigiteftuq.

taawanginaq	taawanginaq

mayughvigiteftuq	mayughvig-~:(ng₁)ite**[to.lack.N][to.not.have.N][N→V]-(pete)fte[to.evidently.V][to.have.V-ed][V→V][V][Intr][Ind][3Sg]

------------------------
Anengaan ellmi tughneghani tuqluumakanga amiqluk.

anengaan	anengagh-~:(ng₁)u[to.be.N][N→V]-~:(u)te[condition.with.respect.to.V-ing][V→N][N][Abs][Unpd][Sg]
anengaan	anengagh[N][Rel][3SgPoss][SgPosd]
anengaan	anengagh[N][Rel][3SgPoss][PlPosd]

ellmi	ellmi
ellmi	ellmi[N][Abs][Unpd][Sg]

tughneghani	tughneghagh*[N][Abs][4SgPoss][SgPosd]
tughneghani	tughneghagh*[N][Abs][4SgPoss][PlPosd]

tuqluumakanga	tuqlugh-@₁~:(i/u)ma[to.have.V-ed][to.have.been.V-ed][V→V]-@*@₂~sf–(g₂)k(a)e[the.one.that.possessor.V-ed][V→N][N][Abs][3SgPoss][SgPosd]
tuqluumakanga	tuqlugh-@₁~:(i/u)ma[to.have.V-ed][to.have.been.V-ed][V→V][V][Trns][Ptcp][3Sg][3Sg]
tuqluumakanga	tuqlugh-@₁~:(i/u)ma[to.have.V-ed][to.have.been.V-ed][V→V][V][Trns][Cond][3Sg][1Sg]

amiqluk	+?

------------------------
Amiqluk qalghiimalghii.

amiqluk	+?

qalghiimalghii	+?

------------------------
Anengaa aleghquumalghii, "Whanganginaakuma pinaanghitunga!"

anengaa	anengagh-~:(ng₁)u[to.be.N][N→V][V][Intr][Opt][PRS][2Sg]
anengaa	anengagh[N][Abs][3SgPoss][SgPosd]

aleghquumalghii	alegh-te[to.catch.N][to.go.to.N][N→V]-@₁qugh[to.V.completely]-@₁~:(i/u)ma[to.have.V-ed][to.have.been.V-ed][V→V]-@₁–lghii[the.one.that.V-ed][the.one.that.is.V][V→N][N][Abs][Unpd][Sg]
aleghquumalghii	aleghqugh-@₁~:(i/u)ma[to.have.V-ed][to.have.been.V-ed][V→V]-@₁–lghii[the.one.that.V-ed][the.one.that.is.V][V→N][N][Abs][Unpd][Sg]

whanganginaakuma	+?

pinaanghitunga	pi-@₁~fnaanghite[will.not.V][V→V][V][Intr][Ind][1Sg]
pinaanghitunga	pi-~:(u)te[to.V.for.or.with][to.cause.to.V.as.one.is.V-ing][to.V.toward.each.other][V→V]-@₁~fnaanghite[will.not.V][V→V][V][Intr][Ind][1Sg]
pinaanghitunga	pi-~:(u)te[SBJ.V-ed.something][V→V]-@₁~fnaanghite[will.not.V][V→V][V][Intr][Ind][1Sg]

------------------------
Uyughaan pimakanga, "Sameng piiqa?"

uyughaan	uyughagh*-~:(ng₁)u[to.be.N][N→V]-~:(u)te[condition.with.respect.to.V-ing][V→N][N][Abs][Unpd][Sg]
uyughaan	uyughagh*[N][Abs][2SgPoss][SgPosd]
uyughaan	uyughagh*[N][Rel][3SgPoss][SgPosd]
uyughaan	uyughagh*[N][Rel][3SgPoss][PlPosd]

pimakanga	pi-@₁~:(i/u)ma[to.have.V-ed][to.have.been.V-ed][V→V]-@*@₂~sf–(g₂)k(a)e[the.one.that.possessor.V-ed][V→N][N][Abs][3SgPoss][SgPosd]
pimakanga	pi-@₁~:(i/u)ma[to.have.V-ed][to.have.been.V-ed][V→V][V][Trns][Ptcp][3Sg][3Sg]
pimakanga	pi-@₁~:(i/u)ma[to.have.V-ed][to.have.been.V-ed][V→V][V][Trns][Cond][3Sg][1Sg]

sameng	sa[N][Rel][4DuPoss][SgPosd]
sameng	sa[N][Rel][4DuPoss][PlPosd]
sameng	sa[N][Rel][4PlPoss][SgPosd]
sameng	sa[N][Rel][4PlPoss][PlPosd]
sameng	sa[N][Abl_Mod][Unpd][Sg]
sameng	sameng

piiqa	pi-~(g₁)aqe[to.be.V.ing][to.regularly.or.repeatedly.V][V→V][V][Intr][Intrg][3Sg]
piiqa	pi[V][Trns][Ind][1Sg][3Sg]
piiqa	piigh-~–ke[to.have.as.one's.N(s)][N→V][V][Intr][Intrg][3Sg]
piiqa	piigh[N][Abs][1SgPoss][SgPosd]

------------------------
"Uum piiqaanga whanganginaghma mayuunnalunga."

uum	+?

piiqaanga	pi-~(g₁)aqe[to.be.V.ing][to.regularly.or.repeatedly.V][V→V][V][Trns][Ind][3Sg][1Sg]

whanganginaghma	+?

mayuunnalunga	mayugh-~:(u)te[to.V.for.or.with][to.cause.to.V.as.one.is.V-ing][to.V.toward.each.other][V→V]-te[to.act.on.so.as.to.cause.to.V][V→V]-@₁~fna[in.order.to.V][intending.to.V][V→V]-~:(u)te[to.V.for.or.with][to.cause.to.V.as.one.is.V-ing][to.V.toward.each.other][V→V][V][Intr][Sbrd][1Sg]
mayuunnalunga	mayugh-~:(u)te[to.V.for.or.with][to.cause.to.V.as.one.is.V-ing][to.V.toward.each.other][V→V]-te[to.act.on.so.as.to.cause.to.V][V→V]-@₁~fna[in.order.to.V][intending.to.V][V→V]-~:(u)te[to.V.for.or.with][to.cause.to.V.as.one.is.V-ing][to.V.toward.each.other][V→V][V][Trns][Sbrd][_][1Sg]
mayuunnalunga	mayugh-~:(u)te[to.V.for.or.with][to.cause.to.V.as.one.is.V-ing][to.V.toward.each.other][V→V]-te[to.act.on.so.as.to.cause.to.V][V→V]-@₁~fna[in.order.to.V][intending.to.V][V→V]-~:(u)te[SBJ.V-ed.something][V→V][V][Intr][Sbrd][1Sg]
mayuunnalunga	mayugh-~:(u)te[to.V.for.or.with][to.cause.to.V.as.one.is.V-ing][to.V.toward.each.other][V→V]-te[to.act.on.so.as.to.cause.to.V][V→V]-@₁~fna[in.order.to.V][intending.to.V][V→V][V][Intr][Sbrd][1Sg]
mayuunnalunga	mayugh-~:(u)te[to.V.for.or.with][to.cause.to.V.as.one.is.V-ing][to.V.toward.each.other][V→V]-te[to.act.on.so.as.to.cause.to.V][V→V]-@₁~fna[in.order.to.V][intending.to.V][V→V][V][Trns][Sbrd][_][1Sg]
mayuunnalunga	mayugh-~:(u)te[to.V.for.or.with][to.cause.to.V.as.one.is.V-ing][to.V.toward.each.other][V→V]-@₁~fna[in.order.to.V][intending.to.V][V→V]-~:(u)te[to.V.for.or.with][to.cause.to.V.as.one.is.V-ing][to.V.toward.each.other][V→V][V][Intr][Sbrd][1Sg]
mayuunnalunga	mayugh-~:(u)te[to.V.for.or.with][to.cause.to.V.as.one.is.V-ing][to.V.toward.each.other][V→V]-@₁~fna[in.order.to.V][intending.to.V][V→V]-~:(u)te[to.V.for.or.with][to.cause.to.V.as.one.is.V-ing][to.V.toward.each.other][V→V][V][Trns][Sbrd][_][1Sg]
mayuunnalunga	mayugh-~:(u)te[to.V.for.or.with][to.cause.to.V.as.one.is.V-ing][to.V.toward.each.other][V→V]-@₁~fna[in.order.to.V][intending.to.V][V→V]-~:(u)te[SBJ.V-ed.something][V→V][V][Intr][Sbrd][1Sg]
mayuunnalunga	mayugh-~:(u)te[to.V.for.or.with][to.cause.to.V.as.one.is.V-ing][to.V.toward.each.other][V→V]-@₁~fna[in.order.to.V][intending.to.V][V→V][V][Intr][Sbrd][1Sg]
mayuunnalunga	mayugh-~:(u)te[to.V.for.or.with][to.cause.to.V.as.one.is.V-ing][to.V.toward.each.other][V→V]-@₁~fna[in.order.to.V][intending.to.V][V→V][V][Trns][Sbrd][_][1Sg]
mayuunnalunga	mayugh-~:(u)te[condition.with.respect.to.V-ing][V→N]-te[to.catch.N][to.go.to.N][N→V]-@₁~fna[in.order.to.V][intending.to.V][V→V]-~:(u)te[to.V.for.or.with][to.cause.to.V.as.one.is.V-ing][to.V.toward.each.other][V→V][V][Intr][Sbrd][1Sg]
mayuunnalunga	mayugh-~:(u)te[condition.with.respect.to.V-ing][V→N]-te[to.catch.N][to.go.to.N][N→V]-@₁~fna[in.order.to.V][intending.to.V][V→V]-~:(u)te[SBJ.V-ed.something][V→V][V][Intr][Sbrd][1Sg]
mayuunnalunga	mayugh-~:(u)te[condition.with.respect.to.V-ing][V→N]-te[to.catch.N][to.go.to.N][N→V]-@₁~fna[in.order.to.V][intending.to.V][V→V][V][Intr][Sbrd][1Sg]
mayuunnalunga	mayugh-~:(u)te[SBJ.V-ed.something][V→V]-te[to.act.on.so.as.to.cause.to.V][V→V]-@₁~fna[in.order.to.V][intending.to.V][V→V]-~:(u)te[to.V.for.or.with][to.cause.to.V.as.one.is.V-ing][to.V.toward.each.other][V→V][V][Intr][Sbrd][1Sg]
mayuunnalunga	mayugh-~:(u)te[SBJ.V-ed.something][V→V]-te[to.act.on.so.as.to.cause.to.V][V→V]-@₁~fna[in.order.to.V][intending.to.V][V→V]-~:(u)te[SBJ.V-ed.something][V→V][V][Intr][Sbrd][1Sg]
mayuunnalunga	mayugh-~:(u)te[SBJ.V-ed.something][V→V]-te[to.act.on.so.as.to.cause.to.V][V→V]-@₁~fna[in.order.to.V][intending.to.V][V→V][V][Intr][Sbrd][1Sg]
mayuunnalunga	mayugh-~:(u)te[SBJ.V-ed.something][V→V]-@₁~fna[in.order.to.V][intending.to.V][V→V]-~:(u)te[to.V.for.or.with][to.cause.to.V.as.one.is.V-ing][to.V.toward.each.other][V→V][V][Intr][Sbrd][1Sg]
mayuunnalunga	mayugh-~:(u)te[SBJ.V-ed.something][V→V]-@₁~fna[in.order.to.V][intending.to.V][V→V]-~:(u)te[SBJ.V-ed.something][V→V][V][Intr][Sbrd][1Sg]
mayuunnalunga	mayugh-~:(u)te[SBJ.V-ed.something][V→V]-@₁~fna[in.order.to.V][intending.to.V][V→V][V][Intr][Sbrd][1Sg]

------------------------
"Wetkuqun whanga sivuklunga mayuuskuninga tungangighhaani elpek mayuulliten."

wetkuqun	+?

whanga	wha[N][Abs][3SgPoss][SgPosd]
whanga	whanga

sivuklunga	sivu-~–ke[to.have.as.one's.N(s)][N→V]-te[to.act.on.so.as.to.cause.to.V][V→V]-te[to.act.on.so.as.to.cause.to.V][V→V][V][Intr][Sbrd][1Sg]
sivuklunga	sivu-~–ke[to.have.as.one's.N(s)][N→V]-te[to.act.on.so.as.to.cause.to.V][V→V][V][Intr][Sbrd][1Sg]
sivuklunga	sivu-~–ke[to.have.as.one's.N(s)][N→V][V][Intr][Sbrd][1Sg]
sivuklunga	sivug-~–ke[to.have.as.one's.N(s)][N→V]-te[to.act.on.so.as.to.cause.to.V][V→V]-te[to.act.on.so.as.to.cause.to.V][V→V][V][Intr][Sbrd][1Sg]
sivuklunga	sivug-~–ke[to.have.as.one's.N(s)][N→V]-te[to.act.on.so.as.to.cause.to.V][V→V][V][Intr][Sbrd][1Sg]
sivuklunga	sivug-~–ke[to.have.as.one's.N(s)][N→V][V][Intr][Sbrd][1Sg]

mayuuskuninga	mayugh-~:(u)te[to.V.for.or.with][to.cause.to.V.as.one.is.V-ing][to.V.toward.each.other][V→V][V][Trns][Cond][4Sg][1Sg]

tungangighhaani	+?

elpek	elpek
elpek	elpeg[N][Abs][Unpd][Sg]

mayuulliten	+?

------------------------
Llaaghanwha uyughaa mayuumalghii tungangighhaani anengaa mayuumalghii.

llaaghanwha	llaaghanwha

uyughaa	uyughagh*-~:(ng₁)u[to.be.N][N→V][V][Intr][Opt][PRS][2Sg]
uyughaa	uyughagh*[N][Abs][3SgPoss][SgPosd]

mayuumalghii	mayugh-@₁~:(i/u)ma[to.have.V-ed][to.have.been.V-ed][V→V]-@₁–lghii[the.one.that.V-ed][the.one.that.is.V][V→N][N][Abs][Unpd][Sg]

tungangighhaani	+?

anengaa	anengagh-~:(ng₁)u[to.be.N][N→V][V][Intr][Opt][PRS][2Sg]
anengaa	anengagh[N][Abs][3SgPoss][SgPosd]

mayuumalghii	mayugh-@₁~:(i/u)ma[to.have.V-ed][to.have.been.V-ed][V→V]-@₁–lghii[the.one.that.V-ed][the.one.that.is.V][V→N][N][Abs][Unpd][Sg]

------------------------


	

------------------------
Mengteghaghmiingit ilagaanneqegsaataqut.

mengteghaghmiingit	mengteghagh-mii[resident.of.N][N→N][N][Abs][3PlPoss][PlPosd]

ilagaanneqegsaataqut	+?

------------------------
Qagum nunalgutmeng alignalghiingiighhaat ilagaqayuggaat ilagaataqut.

qagum	Qagugh[N][Rel][Unpd][Sg]
qagum	qagugh[N][Rel][Unpd][Sg]

nunalgutmeng	Nunaleg-~:(ng₁)u[to.be.N][N→V]-~:(u)te[condition.with.respect.to.V-ing][V→N][N][Rel][4DuPoss][SgPosd]
nunalgutmeng	Nunaleg-~:(ng₁)u[to.be.N][N→V]-~:(u)te[condition.with.respect.to.V-ing][V→N][N][Rel][4DuPoss][PlPosd]
nunalgutmeng	Nunaleg-~:(ng₁)u[to.be.N][N→V]-~:(u)te[condition.with.respect.to.V-ing][V→N][N][Rel][4PlPoss][SgPosd]
nunalgutmeng	Nunaleg-~:(ng₁)u[to.be.N][N→V]-~:(u)te[condition.with.respect.to.V-ing][V→N][N][Rel][4PlPoss][PlPosd]
nunalgutmeng	Nunaleg-~:(ng₁)u[to.be.N][N→V]-~:(u)te[condition.with.respect.to.V-ing][V→N][N][Abl_Mod][Unpd][Sg]
nunalgutmeng	nuna-–leg[one.having.N][N→N]-~:(ng₁)u[to.be.N][N→V]-~:(u)te[condition.with.respect.to.V-ing][V→N][N][Rel][4DuPoss][SgPosd]
nunalgutmeng	nuna-–leg[one.having.N][N→N]-~:(ng₁)u[to.be.N][N→V]-~:(u)te[condition.with.respect.to.V-ing][V→N][N][Rel][4DuPoss][PlPosd]
nunalgutmeng	nuna-–leg[one.having.N][N→N]-~:(ng₁)u[to.be.N][N→V]-~:(u)te[condition.with.respect.to.V-ing][V→N][N][Rel][4PlPoss][SgPosd]
nunalgutmeng	nuna-–leg[one.having.N][N→N]-~:(ng₁)u[to.be.N][N→V]-~:(u)te[condition.with.respect.to.V-ing][V→N][N][Rel][4PlPoss][PlPosd]
nunalgutmeng	nuna-–leg[one.having.N][N→N]-~:(ng₁)u[to.be.N][N→V]-~:(u)te[condition.with.respect.to.V-ing][V→N][N][Abl_Mod][Unpd][Sg]
nunalgutmeng	nuna-–lgu[to.have.N][N→V]-~:(u)te[condition.with.respect.to.V-ing][V→N][N][Rel][4DuPoss][SgPosd]
nunalgutmeng	nuna-–lgu[to.have.N][N→V]-~:(u)te[condition.with.respect.to.V-ing][V→N][N][Rel][4DuPoss][PlPosd]
nunalgutmeng	nuna-–lgu[to.have.N][N→V]-~:(u)te[condition.with.respect.to.V-ing][V→N][N][Rel][4PlPoss][SgPosd]
nunalgutmeng	nuna-–lgu[to.have.N][N→V]-~:(u)te[condition.with.respect.to.V-ing][V→N][N][Rel][4PlPoss][PlPosd]
nunalgutmeng	nuna-–lgu[to.have.N][N→V]-~:(u)te[condition.with.respect.to.V-ing][V→N][N][Abl_Mod][Unpd][Sg]
nunalgutmeng	nunalgute[N][Rel][4DuPoss][SgPosd]
nunalgutmeng	nunalgute[N][Rel][4DuPoss][PlPosd]
nunalgutmeng	nunalgute[N][Rel][4PlPoss][SgPosd]
nunalgutmeng	nunalgute[N][Rel][4PlPoss][PlPosd]
nunalgutmeng	nunalgute[N][Abl_Mod][Unpd][Sg]

alignalghiingiighhaat	+?

ilagaqayuggaat	+?

ilagaataqut	ilagagh-~:(u)te[to.V.for.or.with][to.cause.to.V.as.one.is.V-ing][to.V.toward.each.other][V→V]-~(g₁)aqe[to.be.V.ing][to.regularly.or.repeatedly.V][V→V][V][Intr][Ind][3Pl]
ilagaataqut	ilagagh-~:(u)te[SBJ.V-ed.something][V→V]-~(g₁)aqe[to.be.V.ing][to.regularly.or.repeatedly.V][V→V][V][Intr][Ind][3Pl]

------------------------
Ilangita piiqegkangat un'ga tuqumaniluki, ilangita piiqegkangit salin unguvanniluki, tamana ilanga ilagaataquq temngi.

ilangita	ila-~:(ng₁)ite**[to.lack.N][to.not.have.N][N→V][V][Intr][Intrg][3Sg]
ilangita	ila[N][Rel][3DuPoss][SgPosd]
ilangita	ila[N][Rel][3DuPoss][PlPosd]
ilangita	ila[N][Rel][3PlPoss][SgPosd]
ilangita	ila[N][Rel][3PlPoss][PlPosd]

piiqegkangat	pi-~(g₁)aqe[to.be.V.ing][to.regularly.or.repeatedly.V][V→V]-@*@₂~sf–(g₂)k(a)e[the.one.that.possessor.V-ed][V→N][N][Abs][3PlPoss][SgPosd]
piiqegkangat	pi-~(g₁)aqe[to.be.V.ing][to.regularly.or.repeatedly.V][V→V][V][Trns][Ptcp][3Pl][3Sg]
piiqegkangat	piigh-~–ke[to.have.as.one's.N(s)][N→V]-@*@₂~sf–(g₂)k(a)e[the.one.that.possessor.V-ed][V→N][N][Abs][3PlPoss][SgPosd]

unga	+?

tuqumaniluki	tuqu-@₁~:(i/u)ma[to.have.V-ed][to.have.been.V-ed][V→V]-@₁~fni[to.say.that.one.is.V-ing][Cmpd_Vbl]-~:(u)te[to.V.for.or.with][to.cause.to.V.as.one.is.V-ing][to.V.toward.each.other][V→V][V][Trns][Sbrd][_][3Pl]
tuqumaniluki	tuqu-@₁~:(i/u)ma[to.have.V-ed][to.have.been.V-ed][V→V]-@₁~fni[to.say.that.one.is.V-ing][Cmpd_Vbl][V][Trns][Sbrd][_][3Pl]
tuqumaniluki	tuqu-@₁~:(i/u)ma[to.have.V-ed][to.have.been.V-ed][V→V]-~:(u)te[to.V.for.or.with][to.cause.to.V.as.one.is.V-ing][to.V.toward.each.other][V→V]-@₁~fni[to.say.that.one.is.V-ing][Cmpd_Vbl]-~:(u)te[to.V.for.or.with][to.cause.to.V.as.one.is.V-ing][to.V.toward.each.other][V→V][V][Trns][Sbrd][_][3Pl]
tuqumaniluki	tuqu-@₁~:(i/u)ma[to.have.V-ed][to.have.been.V-ed][V→V]-~:(u)te[to.V.for.or.with][to.cause.to.V.as.one.is.V-ing][to.V.toward.each.other][V→V]-@₁~fni[to.say.that.one.is.V-ing][Cmpd_Vbl][V][Trns][Sbrd][_][3Pl]
tuqumaniluki	tuqu-@₁~:(i/u)ma[to.have.V-ed][to.have.been.V-ed][V→V]-~:(u)te[SBJ.V-ed.something][V→V]-@₁~fni[to.say.that.one.is.V-ing][Cmpd_Vbl]-~:(u)te[to.V.for.or.with][to.cause.to.V.as.one.is.V-ing][to.V.toward.each.other][V→V][V][Trns][Sbrd][_][3Pl]
tuqumaniluki	tuqu-@₁~:(i/u)ma[to.have.V-ed][to.have.been.V-ed][V→V]-~:(u)te[SBJ.V-ed.something][V→V]-@₁~fni[to.say.that.one.is.V-ing][Cmpd_Vbl][V][Trns][Sbrd][_][3Pl]

ilangita	ila-~:(ng₁)ite**[to.lack.N][to.not.have.N][N→V][V][Intr][Intrg][3Sg]
ilangita	ila[N][Rel][3DuPoss][SgPosd]
ilangita	ila[N][Rel][3DuPoss][PlPosd]
ilangita	ila[N][Rel][3PlPoss][SgPosd]
ilangita	ila[N][Rel][3PlPoss][PlPosd]

piiqegkangit	pi-~(g₁)aqe[to.be.V.ing][to.regularly.or.repeatedly.V][V→V]-@*@₂~sf–(g₂)k(a)e[the.one.that.possessor.V-ed][V→N][N][Abs][3PlPoss][PlPosd]
piiqegkangit	pi-~(g₁)aqe[to.be.V.ing][to.regularly.or.repeatedly.V][V→V][V][Trns][Ptcp][3Du][3Sg]
piiqegkangit	pi-~(g₁)aqe[to.be.V.ing][to.regularly.or.repeatedly.V][V→V][V][Trns][Ptcp][3Pl][3Pl]
piiqegkangit	piigh-~–ke[to.have.as.one's.N(s)][N→V]-@*@₂~sf–(g₂)k(a)e[the.one.that.possessor.V-ed][V→N][N][Abs][3PlPoss][PlPosd]

salin	salin
salin	salite[N][Abs][Unpd][Sg]

unguvanniluki	+?

tamana	tamana

ilanga	ila[N][Abs][3SgPoss][SgPosd]

ilagaataquq	ilagagh-~:(u)te[to.V.for.or.with][to.cause.to.V.as.one.is.V-ing][to.V.toward.each.other][V→V]-~(g₁)aqe[to.be.V.ing][to.regularly.or.repeatedly.V][V→V][V][Intr][Ind][3Sg]
ilagaataquq	ilagagh-~:(u)te[SBJ.V-ed.something][V→V]-~(g₁)aqe[to.be.V.ing][to.regularly.or.repeatedly.V][V→V][V][Intr][Ind][3Sg]

temngi	temngi

------------------------


	

------------------------
Ellngit aglaamalghiit.

ellngit	ellngit
ellngit	ellngit[N][Abs][Unpd][Sg]

aglaamalghiit	aglagh-@₁~:(i/u)ma[to.have.V-ed][to.have.been.V-ed][V→V]-@₁–lghii[the.one.that.V-ed][the.one.that.is.V][V→N][N][Abs][Unpd][Pl]
aglaamalghiit	aglagh-@₁~:(i/u)ma[to.have.V-ed][to.have.been.V-ed][V→V]-@₁–lghii[the.one.that.V-ed][the.one.that.is.V][V→N][N][Rel][Unpd][Pl]
aglaamalghiit	aglagh-@₁~:(i/u)ma[to.have.V-ed][to.have.been.V-ed][V→V][V][Intr][Ptcp][3Pl]

------------------------
Kaalluteng iiyamun mayuumalghiit, nagasimalghiit.

kaalluteng	kaate[V][Intr][Sbrd][3Pl]

iiyamun	iiyagh[N][Ter][Unpd][Sg]

mayuumalghiit	mayugh-@₁~:(i/u)ma[to.have.V-ed][to.have.been.V-ed][V→V]-@₁–lghii[the.one.that.V-ed][the.one.that.is.V][V→N][N][Abs][Unpd][Pl]
mayuumalghiit	mayugh-@₁~:(i/u)ma[to.have.V-ed][to.have.been.V-ed][V→V]-@₁–lghii[the.one.that.V-ed][the.one.that.is.V][V→N][N][Rel][Unpd][Pl]
mayuumalghiit	mayugh-@₁~:(i/u)ma[to.have.V-ed][to.have.been.V-ed][V→V][V][Intr][Ptcp][3Pl]

nagasimalghiit	nagate-@₁~:(i/u)ma[to.have.V-ed][to.have.been.V-ed][V→V]-@₁–lghii[the.one.that.V-ed][the.one.that.is.V][V→N][N][Abs][Unpd][Pl]
nagasimalghiit	nagate-@₁~:(i/u)ma[to.have.V-ed][to.have.been.V-ed][V→V]-@₁–lghii[the.one.that.V-ed][the.one.that.is.V][V→N][N][Rel][Unpd][Pl]
nagasimalghiit	nagate-@₁~:(i/u)ma[to.have.V-ed][to.have.been.V-ed][V→V][V][Intr][Ptcp][3Pl]

------------------------
Atangat kingulighpigaaluni ilagaamalghii.

atangat	ata[N][Abs][3PlPoss][SgPosd]

kingulighpigaaluni	kingulighpigagh-~:(ng₁)u[to.be.N][N→V]-~:(u)te[to.V.for.or.with][to.cause.to.V.as.one.is.V-ing][to.V.toward.each.other][V→V][V][Intr][Sbrd][3Sg]
kingulighpigaaluni	kingulighpigagh-~:(ng₁)u[to.be.N][N→V]-~:(u)te[SBJ.V-ed.something][V→V][V][Intr][Sbrd][3Sg]
kingulighpigaaluni	kingulighpigagh-~:(ng₁)u[to.be.N][N→V][V][Intr][Sbrd][3Sg]

ilagaamalghii	ilagagh-@₁~:(i/u)ma[to.have.V-ed][to.have.been.V-ed][V→V]-@₁–lghii[the.one.that.V-ed][the.one.that.is.V][V→N][N][Abs][Unpd][Sg]

------------------------
Sagaqestaghngaaghmi aghuliiqaghluni aleghquumalghii, "Llangaqa whaa sikum ilunganillunga ilagaghtunga.

sagaqestaghngaaghmi	+?

aghuliiqaghluni	+?

aleghquumalghii	alegh-te[to.catch.N][to.go.to.N][N→V]-@₁qugh[to.V.completely]-@₁~:(i/u)ma[to.have.V-ed][to.have.been.V-ed][V→V]-@₁–lghii[the.one.that.V-ed][the.one.that.is.V][V→N][N][Abs][Unpd][Sg]
aleghquumalghii	aleghqugh-@₁~:(i/u)ma[to.have.V-ed][to.have.been.V-ed][V→V]-@₁–lghii[the.one.that.V-ed][the.one.that.is.V][V→N][N][Abs][Unpd][Sg]

llangaqa	llangaqa

whaa	whaa

sikum	siku[N][Rel][Unpd][Sg]

ilunganillunga	ilu[N][Loc][3SgPoss][SgPosd]-ete[to.be]-te[to.act.on.so.as.to.cause.to.V][V→V]-te[to.act.on.so.as.to.cause.to.V][V→V][V][Intr][Sbrd][1Sg]
ilunganillunga	ilu[N][Loc][3SgPoss][SgPosd]-ete[to.be]-te[to.act.on.so.as.to.cause.to.V][V→V]-te[to.act.on.so.as.to.cause.to.V][V→V][V][Trns][Sbrd][_][1Sg]
ilunganillunga	ilu[N][Loc][3SgPoss][PlPosd]-ete[to.be]-te[to.act.on.so.as.to.cause.to.V][V→V]-te[to.act.on.so.as.to.cause.to.V][V→V][V][Intr][Sbrd][1Sg]
ilunganillunga	ilu[N][Loc][3SgPoss][PlPosd]-ete[to.be]-te[to.act.on.so.as.to.cause.to.V][V→V]-te[to.act.on.so.as.to.cause.to.V][V→V][V][Trns][Sbrd][_][1Sg]

ilagaghtunga	ilagagh[V][Intr][Ind][1Sg]
ilagaghtunga	ilagagh-te[to.act.on.so.as.to.cause.to.V][V→V][V][Intr][Ind][1Sg]

------------------------
Iqlengiqunga weni!"

iqlengiqunga	+?

weni	weni

------------------------
Alla ilagaamalghii.

alla	alla
alla	alla[N][Abs][Unpd][Sg]

ilagaamalghii	ilagagh-@₁~:(i/u)ma[to.have.V-ed][to.have.been.V-ed][V→V]-@₁–lghii[the.one.that.V-ed][the.one.that.is.V][V→N][N][Abs][Unpd][Sg]

------------------------
Nepiiqaghluni akuzimalghii, "Ilagaamalunga sikum ilungani meteghllugem qalghillgha nagaqughaqa!"

nepiiqaghluni	+?

akuzimalghii	akuzi-@₁~:(i/u)ma[to.have.V-ed][to.have.been.V-ed][V→V]-@₁–lghii[the.one.that.V-ed][the.one.that.is.V][V→N][N][Abs][Unpd][Sg]

ilagaamalunga	ilagagh-@₁~:(i/u)ma[to.have.V-ed][to.have.been.V-ed][V→V]-~:(u)te[to.V.for.or.with][to.cause.to.V.as.one.is.V-ing][to.V.toward.each.other][V→V][V][Intr][Sbrd][1Sg]
ilagaamalunga	ilagagh-@₁~:(i/u)ma[to.have.V-ed][to.have.been.V-ed][V→V]-~:(u)te[SBJ.V-ed.something][V→V][V][Intr][Sbrd][1Sg]
ilagaamalunga	ilagagh-@₁~:(i/u)ma[to.have.V-ed][to.have.been.V-ed][V→V][V][Intr][Sbrd][1Sg]

sikum	siku[N][Rel][Unpd][Sg]

ilungani	ilu[N][Loc][3SgPoss][SgPosd]
ilungani	ilu[N][Loc][3SgPoss][PlPosd]

meteghllugem	meteghllug[N][Rel][Unpd][Sg]

qalghillgha	+?

nagaqughaqa	nagate-@₁qugh[to.V.completely]-~(g₁)aqe[to.be.V.ing][to.regularly.or.repeatedly.V][V→V][V][Intr][Intrg][3Sg]
nagaqughaqa	nagate-@₁qugh[to.V.completely][V][Trns][Ind][1Sg][3Sg]

------------------------
Ilagaghaqelghii.

ilagaghaqelghii	ilagagh-~(g₁)aqe[to.be.V.ing][to.regularly.or.repeatedly.V][V→V]-@₁–lghii[the.one.that.V-ed][the.one.that.is.V][V→N][N][Abs][Unpd][Sg]

------------------------
Nepiiqaghluni akuzilaataghtuq, "Ilagaqestaghngaaghma nepiighlunga meteghllugem piinga, ellmi ghhataannalunga, aygumun aghulaqunga.

nepiiqaghluni	+?

akuzilaataghtuq	akuzi-@₁~laatagh[to.V.anyway][despite.everything.to.still.V][V→V][V][Intr][Ind][3Sg]
akuzilaataghtuq	akuzi-@₁~laatagh[to.V.anyway][despite.everything.to.still.V][V→V]-te[to.act.on.so.as.to.cause.to.V][V→V][V][Intr][Ind][3Sg]
akuzilaataghtuq	akuzi-~:(u)te[to.V.for.or.with][to.cause.to.V.as.one.is.V-ing][to.V.toward.each.other][V→V]-@₁~laatagh[to.V.anyway][despite.everything.to.still.V][V→V][V][Intr][Ind][3Sg]
akuzilaataghtuq	akuzi-~:(u)te[to.V.for.or.with][to.cause.to.V.as.one.is.V-ing][to.V.toward.each.other][V→V]-@₁~laatagh[to.V.anyway][despite.everything.to.still.V][V→V]-te[to.act.on.so.as.to.cause.to.V][V→V][V][Intr][Ind][3Sg]
akuzilaataghtuq	akuzi-~:(u)te[SBJ.V-ed.something][V→V]-@₁~laatagh[to.V.anyway][despite.everything.to.still.V][V→V][V][Intr][Ind][3Sg]
akuzilaataghtuq	akuzi-~:(u)te[SBJ.V-ed.something][V→V]-@₁~laatagh[to.V.anyway][despite.everything.to.still.V][V→V]-te[to.act.on.so.as.to.cause.to.V][V→V][V][Intr][Ind][3Sg]

ilagaqestaghngaaghma	+?

nepiighlunga	nepiigh[V][Intr][Sbrd][1Sg]

meteghllugem	meteghllug[N][Rel][Unpd][Sg]

piinga	pi[V][Intr][Ind][1Sg]
piinga	pi[V][Trns][Intrg][3Sg][1Sg]
piinga	pi[V][Trns][Ind][3Sg][1Sg]

ellmi	ellmi
ellmi	ellmi[N][Abs][Unpd][Sg]

ghhataannalunga	+?

aygumun	aygugh[N][Ter][Unpd][Sg]

aghulaqunga	aghulaqe[V][Intr][Ind][1Sg]

------------------------
Igleghtunga sikukun aghuliighlunga meghnaalilunga.

igleghtunga	igleghte[V][Intr][Ind][1Sg]

sikukun	siku-~–ke[to.have.as.one's.N(s)][N→V]-~:(u)te[condition.with.respect.to.V-ing][V→N][N][Abs][Unpd][Sg]
sikukun	siku[N][Via][Unpd][Sg]

aghuliighlunga	aghuliigh[V][Intr][Sbrd][1Sg]
aghuliighlunga	aghuliigh[V][Trns][Sbrd][_][1Sg]

meghnaalilunga	+?

------------------------
Meghnaalineghmeng taaqsama aghulaqlaataghtunga.

meghnaalineghmeng	+?

taaqsama	taaqe-te[to.act.on.so.as.to.cause.to.V][V→V][V][Intr][CnsqI][1Sg]
taaqsama	taaqe[V][Intr][CnsqI][1Sg]

aghulaqlaataghtunga	aghulaqe-te[to.act.on.so.as.to.cause.to.V][V→V]-@₁~laatagh[to.V.anyway][despite.everything.to.still.V][V→V][V][Intr][Ind][1Sg]
aghulaqlaataghtunga	aghulaqe-te[to.act.on.so.as.to.cause.to.V][V→V]-@₁~laatagh[to.V.anyway][despite.everything.to.still.V][V→V]-te[to.act.on.so.as.to.cause.to.V][V→V][V][Intr][Ind][1Sg]
aghulaqlaataghtunga	aghulaqe-@₁~laatagh[to.V.anyway][despite.everything.to.still.V][V→V][V][Intr][Ind][1Sg]
aghulaqlaataghtunga	aghulaqe-@₁~laatagh[to.V.anyway][despite.everything.to.still.V][V→V]-te[to.act.on.so.as.to.cause.to.V][V→V][V][Intr][Ind][1Sg]

------------------------
Igleghtunga.

igleghtunga	igleghte[V][Intr][Ind][1Sg]

------------------------
Aghuliightunga ingani meteghllugem meghnaalivigani.

aghuliightunga	aghuliigh[V][Intr][Ind][1Sg]
aghuliightunga	aghuliigh-te[to.act.on.so.as.to.cause.to.V][V→V][V][Intr][Ind][1Sg]

ingani	ingagh[N][Abs][4SgPoss][SgPosd]
ingani	ingagh[N][Abs][4SgPoss][PlPosd]
ingani	ingagh[N][Loc][Unpd][Pl]
ingani	ingani
ingani	ingani[N][Abs][Unpd][Sg]

meteghllugem	meteghllug[N][Rel][Unpd][Sg]

meghnaalivigani	+?

------------------------
Weni iqlengiqunga."

weni	weni

iqlengiqunga	+?

------------------------


	

------------------------
Mekelghiighek nagasimalghiik iiyakun qineghllutek.

mekelghiighek	mekelghiigh[N][Abs][Unpd][Du]
mekelghiighek	mekelghiigh[N][Rel][Unpd][Du]

nagasimalghiik	nagate-@₁~:(i/u)ma[to.have.V-ed][to.have.been.V-ed][V→V]-@₁–lghii[the.one.that.V-ed][the.one.that.is.V][V→N][N][Abs][Unpd][Du]
nagasimalghiik	nagate-@₁~:(i/u)ma[to.have.V-ed][to.have.been.V-ed][V→V]-@₁–lghii[the.one.that.V-ed][the.one.that.is.V][V→N][N][Rel][Unpd][Du]
nagasimalghiik	nagate-@₁~:(i/u)ma[to.have.V-ed][to.have.been.V-ed][V→V][V][Intr][Ptcp][3Du]

iiyakun	iiyagh[N][Via][Unpd][Sg]

qineghllutek	+?

------------------------
Qama ilagaamalghii.

qama	qama

ilagaamalghii	ilagagh-@₁~:(i/u)ma[to.have.V-ed][to.have.been.V-ed][V→V]-@₁–lghii[the.one.that.V-ed][the.one.that.is.V][V→N][N][Abs][Unpd][Sg]

------------------------
Ilagaghaqluni nepiighaqluni aleghquumalghii, "Taagken meghnaalilunga mayughtunga.

ilagaghaqluni	ilagagh-~(g₁)aqe[to.be.V.ing][to.regularly.or.repeatedly.V][V→V]-te[to.act.on.so.as.to.cause.to.V][V→V]-te[to.act.on.so.as.to.cause.to.V][V→V][V][Intr][Sbrd][3Sg]
ilagaghaqluni	ilagagh-~(g₁)aqe[to.be.V.ing][to.regularly.or.repeatedly.V][V→V]-te[to.act.on.so.as.to.cause.to.V][V→V][V][Intr][Sbrd][3Sg]
ilagaghaqluni	ilagagh-~(g₁)aqe[to.be.V.ing][to.regularly.or.repeatedly.V][V→V][V][Intr][Sbrd][3Sg]

nepiighaqluni	nepiigh-~(g₁)aqe[to.be.V.ing][to.regularly.or.repeatedly.V][V→V]-te[to.act.on.so.as.to.cause.to.V][V→V]-te[to.act.on.so.as.to.cause.to.V][V→V][V][Intr][Sbrd][3Sg]
nepiighaqluni	nepiigh-~(g₁)aqe[to.be.V.ing][to.regularly.or.repeatedly.V][V→V]-te[to.act.on.so.as.to.cause.to.V][V→V][V][Intr][Sbrd][3Sg]
nepiighaqluni	nepiigh-~(g₁)aqe[to.be.V.ing][to.regularly.or.repeatedly.V][V→V][V][Intr][Sbrd][3Sg]

aleghquumalghii	alegh-te[to.catch.N][to.go.to.N][N→V]-@₁qugh[to.V.completely]-@₁~:(i/u)ma[to.have.V-ed][to.have.been.V-ed][V→V]-@₁–lghii[the.one.that.V-ed][the.one.that.is.V][V→N][N][Abs][Unpd][Sg]
aleghquumalghii	aleghqugh-@₁~:(i/u)ma[to.have.V-ed][to.have.been.V-ed][V→V]-@₁–lghii[the.one.that.V-ed][the.one.that.is.V][V→N][N][Abs][Unpd][Sg]

taagken	taagken

meghnaalilunga	+?

mayughtunga	mayugh[V][Intr][Ind][1Sg]
mayughtunga	mayugh-te[to.act.on.so.as.to.cause.to.V][V→V][V][Intr][Ind][1Sg]

------------------------
Mayughlunga taginga.

mayughlunga	mayugh[V][Intr][Sbrd][1Sg]
mayughlunga	mayugh[V][Trns][Sbrd][_][1Sg]

taginga	+?

------------------------
Kaasama iiyamun mayughtunga!"

kaasama	kaate[V][Intr][CnsqI][1Sg]

iiyamun	iiyagh[N][Ter][Unpd][Sg]

mayughtunga	mayugh[V][Intr][Ind][1Sg]
mayughtunga	mayugh-te[to.act.on.so.as.to.cause.to.V][V→V][V][Intr][Ind][1Sg]

------------------------
Nepiighumalghii ilaganeghmeng nukalpigaat pimakangit, "Enta qakmavek iiyamun esghaghyaghtuqaghtek."

nepiighumalghii	nepiigh-@₁~:(i/u)ma[to.have.V-ed][to.have.been.V-ed][V→V]-@₁–lghii[the.one.that.V-ed][the.one.that.is.V][V→N][N][Abs][Unpd][Sg]
nepiighumalghii	nepiigh-~:(ng₁)u[to.be.N][N→V]-@₁~:(i/u)ma[to.have.V-ed][to.have.been.V-ed][V→V]-@₁–lghii[the.one.that.V-ed][the.one.that.is.V][V→N][N][Abs][Unpd][Sg]

ilaganeghmeng	ilagagh-@₁–negh[the.act.or.activity.of.V-ing][V→N][N][Rel][4DuPoss][SgPosd]
ilaganeghmeng	ilagagh-@₁–negh[the.act.or.activity.of.V-ing][V→N][N][Rel][4DuPoss][PlPosd]
ilaganeghmeng	ilagagh-@₁–negh[the.act.or.activity.of.V-ing][V→N][N][Rel][4PlPoss][SgPosd]
ilaganeghmeng	ilagagh-@₁–negh[the.act.or.activity.of.V-ing][V→N][N][Rel][4PlPoss][PlPosd]
ilaganeghmeng	ilagagh-@₁–negh[the.act.or.activity.of.V-ing][V→N][N][Abl_Mod][Unpd][Sg]
ilaganeghmeng	ilagagh[V][Intr][Ctmp][4Pl]

nukalpigaat	nukalpigagh[N][Abs][3PlPoss][SgPosd]

pimakangit	pi-@₁~:(i/u)ma[to.have.V-ed][to.have.been.V-ed][V→V]-@*@₂~sf–(g₂)k(a)e[the.one.that.possessor.V-ed][V→N][N][Abs][3PlPoss][PlPosd]
pimakangit	pi-@₁~:(i/u)ma[to.have.V-ed][to.have.been.V-ed][V→V][V][Trns][Ptcp][3Du][3Sg]
pimakangit	pi-@₁~:(i/u)ma[to.have.V-ed][to.have.been.V-ed][V→V][V][Trns][Ptcp][3Pl][3Pl]

enta	enta

qakmavek	qakmavek

iiyamun	iiyagh[N][Ter][Unpd][Sg]

esghaghyaghtuqaghtek	+?

------------------------
Nukalpigaat aanyalghiimeng avangiteftut.

nukalpigaat	nukalpigagh[N][Abs][3PlPoss][SgPosd]

aanyalghiimeng	aane-@₁~fyagh[to.go.V-ing][to.V.in.vain][V→V]-@₁–lghii[the.one.that.V-ed][the.one.that.is.V][V→N][N][Rel][4DuPoss][SgPosd]
aanyalghiimeng	aane-@₁~fyagh[to.go.V-ing][to.V.in.vain][V→V]-@₁–lghii[the.one.that.V-ed][the.one.that.is.V][V→N][N][Rel][4DuPoss][PlPosd]
aanyalghiimeng	aane-@₁~fyagh[to.go.V-ing][to.V.in.vain][V→V]-@₁–lghii[the.one.that.V-ed][the.one.that.is.V][V→N][N][Rel][4PlPoss][SgPosd]
aanyalghiimeng	aane-@₁~fyagh[to.go.V-ing][to.V.in.vain][V→V]-@₁–lghii[the.one.that.V-ed][the.one.that.is.V][V→N][N][Rel][4PlPoss][PlPosd]
aanyalghiimeng	aane-@₁~fyagh[to.go.V-ing][to.V.in.vain][V→V]-@₁–lghii[the.one.that.V-ed][the.one.that.is.V][V→N][N][Abl_Mod][Unpd][Sg]
aanyalghiimeng	aane[V][Intr][Ptcp_Obl][4Pl]

avangiteftut	ava-~:(ng₁)ite**[to.lack.N][to.not.have.N][N→V]-(pete)fte[to.evidently.V][to.have.V-ed][V→V][V][Intr][Ind][3Pl]

------------------------
Iteghluteng ungipaasimakangat.

iteghluteng	itegh[V][Intr][Sbrd][3Pl]

ungipaasimakangat	ungipaate-@₁~:(i/u)ma[to.have.V-ed][to.have.been.V-ed][V→V]-@*@₂~sf–(g₂)k(a)e[the.one.that.possessor.V-ed][V→N][N][Abs][3PlPoss][SgPosd]
ungipaasimakangat	ungipaate-@₁~:(i/u)ma[to.have.V-ed][to.have.been.V-ed][V→V][V][Trns][Ptcp][3Pl][3Sg]
ungipaasimakangat	ungipagh-~:(ng₁)u[to.be.N][N→V]-~:(u)te[to.V.for.or.with][to.cause.to.V.as.one.is.V-ing][to.V.toward.each.other][V→V]-@₁~:(i/u)ma[to.have.V-ed][to.have.been.V-ed][V→V]-@*@₂~sf–(g₂)k(a)e[the.one.that.possessor.V-ed][V→N][N][Abs][3PlPoss][SgPosd]
ungipaasimakangat	ungipagh-~:(ng₁)u[to.be.N][N→V]-~:(u)te[SBJ.V-ed.something][V→V]-@₁~:(i/u)ma[to.have.V-ed][to.have.been.V-ed][V→V]-@*@₂~sf–(g₂)k(a)e[the.one.that.possessor.V-ed][V→N][N][Abs][3PlPoss][SgPosd]
ungipaasimakangat	ungipagh-~:(ng₁)u[to.be.N][N→V]-te[to.act.on.so.as.to.cause.to.V][V→V]-@₁~:(i/u)ma[to.have.V-ed][to.have.been.V-ed][V→V]-@*@₂~sf–(g₂)k(a)e[the.one.that.possessor.V-ed][V→N][N][Abs][3PlPoss][SgPosd]
ungipaasimakangat	Ungipagh-~:(ng₁)u[to.be.N][N→V]-~:(u)te[to.V.for.or.with][to.cause.to.V.as.one.is.V-ing][to.V.toward.each.other][V→V]-@₁~:(i/u)ma[to.have.V-ed][to.have.been.V-ed][V→V]-@*@₂~sf–(g₂)k(a)e[the.one.that.possessor.V-ed][V→N][N][Abs][3PlPoss][SgPosd]
ungipaasimakangat	Ungipagh-~:(ng₁)u[to.be.N][N→V]-~:(u)te[SBJ.V-ed.something][V→V]-@₁~:(i/u)ma[to.have.V-ed][to.have.been.V-ed][V→V]-@*@₂~sf–(g₂)k(a)e[the.one.that.possessor.V-ed][V→N][N][Abs][3PlPoss][SgPosd]
ungipaasimakangat	Ungipagh-~:(ng₁)u[to.be.N][N→V]-te[to.act.on.so.as.to.cause.to.V][V→V]-@₁~:(i/u)ma[to.have.V-ed][to.have.been.V-ed][V→V]-@*@₂~sf–(g₂)k(a)e[the.one.that.possessor.V-ed][V→N][N][Abs][3PlPoss][SgPosd]

------------------------
Qayughllak mayughnaqsata awatmun ullghiitamaat.

qayughllak	qayugh-–ghllag[big.N][N→N][N][Abs][Unpd][Sg]
qayughllak	qayugh-–ghllak[big.N][AUG]
qayughllak	qayughllak
qayughllak	qayughllag[N][Abs][Unpd][Sg]

mayughnaqsata	mayugh-@₁~fnaqe[to.be.going.to.V][V→V]-te[to.act.on.so.as.to.cause.to.V][V→V]-te[to.act.on.so.as.to.cause.to.V][V→V][V][Intr][CnsqI][3Pl]
mayughnaqsata	mayugh-@₁~fnaqe[to.be.going.to.V][V→V]-te[to.act.on.so.as.to.cause.to.V][V→V][V][Intr][CnsqI][3Pl]
mayughnaqsata	mayugh-@₁~fnaqe[to.be.going.to.V][V→V][V][Intr][CnsqI][3Pl]

awatmun	awatmun

ullghiitamaat	+?

------------------------
Uteghlluteng aglaamalghiit nenglum saaghwanun.

uteghlluteng	+?

aglaamalghiit	aglagh-@₁~:(i/u)ma[to.have.V-ed][to.have.been.V-ed][V→V]-@₁–lghii[the.one.that.V-ed][the.one.that.is.V][V→N][N][Abs][Unpd][Pl]
aglaamalghiit	aglagh-@₁~:(i/u)ma[to.have.V-ed][to.have.been.V-ed][V→V]-@₁–lghii[the.one.that.V-ed][the.one.that.is.V][V→N][N][Rel][Unpd][Pl]
aglaamalghiit	aglagh-@₁~:(i/u)ma[to.have.V-ed][to.have.been.V-ed][V→V][V][Intr][Ptcp][3Pl]

nenglum	nenglu[N][Rel][Unpd][Sg]

saaghwanun	saaghw[N][Ter][3SgPoss][SgPosd]
saaghwanun	saaghw[N][Ter][3SgPoss][PlPosd]

------------------------
Atangat ellmineng aanumalghii.

atangat	ata[N][Abs][3PlPoss][SgPosd]

ellmineng	ellmi[N][Abl_Mod][Unpd][Pl]

aanumalghii	aane-@₁~:(i/u)ma[to.have.V-ed][to.have.been.V-ed][V→V]-@₁–lghii[the.one.that.V-ed][the.one.that.is.V][V→N][N][Abs][Unpd][Sg]

------------------------
Aanluni esghaamakangi.

aanluni	aane[V][Intr][Sbrd][3Sg]

esghaamakangi	esghagh-@₁~:(i/u)ma[to.have.V-ed][to.have.been.V-ed][V→V]-@*@₂~sf–(g₂)k(a)e[the.one.that.possessor.V-ed][V→N][N][Abs][3SgPoss][PlPosd]
esghaamakangi	esghagh-@₁~:(i/u)ma[to.have.V-ed][to.have.been.V-ed][V→V][V][Trns][Ptcp][3Sg][3Pl]

------------------------
Esghaghyamiki iitghesqumakangi.

esghaghyamiki	esghagh[V][Trns][CnsqI][4Sg][3Pl]

iitghesqumakangi	+?

------------------------
Iitghumalghiit.

iitghumalghiit	itegh-@₁~:(i/u)ma[to.have.V-ed][to.have.been.V-ed][V→V]-@₁–lghii[the.one.that.V-ed][the.one.that.is.V][V→N][N][Abs][Unpd][Pl]
iitghumalghiit	itegh-@₁~:(i/u)ma[to.have.V-ed][to.have.been.V-ed][V→V]-@₁–lghii[the.one.that.V-ed][the.one.that.is.V][V→N][N][Rel][Unpd][Pl]
iitghumalghiit	itegh-@₁~:(i/u)ma[to.have.V-ed][to.have.been.V-ed][V→V][V][Intr][Ptcp][3Pl]

------------------------
Quyakumakangit.

quyakumakangit	+?

------------------------
Atangita pimakegket, "Salusimi uullghestek?"

atangita	ata-~:(ng₁)ite**[to.lack.N][to.not.have.N][N→V][V][Intr][Intrg][3Sg]
atangita	ata[N][Rel][3DuPoss][SgPosd]
atangita	ata[N][Rel][3DuPoss][PlPosd]
atangita	ata[N][Rel][3PlPoss][SgPosd]
atangita	ata[N][Rel][3PlPoss][PlPosd]

pimakegket	pi-@₁~:(i/u)ma[to.have.V-ed][to.have.been.V-ed][V→V]-@*@₂~sf–(g₂)k(a)e[the.one.that.possessor.V-ed][V→N][N][Abs][3PlPoss][DuPosd]

salusimi	+?

uullghestek	+?

------------------------
Akisimakangat, "Taanegken ima takaghpagllelguftuq.

akisimakangat	aki-te[to.catch.N][to.go.to.N][N→V]-@₁~:(i/u)ma[to.have.V-ed][to.have.been.V-ed][V→V]-@*@₂~sf–(g₂)k(a)e[the.one.that.possessor.V-ed][V→N][N][Abs][3PlPoss][SgPosd]
akisimakangat	akite-@₁~:(i/u)ma[to.have.V-ed][to.have.been.V-ed][V→V]-@*@₂~sf–(g₂)k(a)e[the.one.that.possessor.V-ed][V→N][N][Abs][3PlPoss][SgPosd]
akisimakangat	akite-@₁~:(i/u)ma[to.have.V-ed][to.have.been.V-ed][V→V][V][Trns][Ptcp][3Pl][3Sg]

taanegken	+?

ima	ima

takaghpagllelguftuq	+?

------------------------
Yulleghpagmun taaggun taglaghtukut."

yulleghpagmun	+?

taaggun	+?

taglaghtukut	taglagh[V][Intr][Ind][1Pl]
taglaghtukut	taglagh-te[to.act.on.so.as.to.cause.to.V][V→V][V][Intr][Ind][1Pl]

------------------------
Atangita akisimakangit, "Anightaqun takaghnallghaguusi!"

atangita	ata-~:(ng₁)ite**[to.lack.N][to.not.have.N][N→V][V][Intr][Intrg][3Sg]
atangita	ata[N][Rel][3DuPoss][SgPosd]
atangita	ata[N][Rel][3DuPoss][PlPosd]
atangita	ata[N][Rel][3PlPoss][SgPosd]
atangita	ata[N][Rel][3PlPoss][PlPosd]

akisimakangit	aki-te[to.catch.N][to.go.to.N][N→V]-@₁~:(i/u)ma[to.have.V-ed][to.have.been.V-ed][V→V]-@*@₂~sf–(g₂)k(a)e[the.one.that.possessor.V-ed][V→N][N][Abs][3PlPoss][PlPosd]
akisimakangit	akite-@₁~:(i/u)ma[to.have.V-ed][to.have.been.V-ed][V→V]-@*@₂~sf–(g₂)k(a)e[the.one.that.possessor.V-ed][V→N][N][Abs][3PlPoss][PlPosd]
akisimakangit	akite-@₁~:(i/u)ma[to.have.V-ed][to.have.been.V-ed][V→V][V][Trns][Ptcp][3Du][3Sg]
akisimakangit	akite-@₁~:(i/u)ma[to.have.V-ed][to.have.been.V-ed][V→V][V][Trns][Ptcp][3Pl][3Pl]

anightaqun	+?

takaghnallghaguusi	+?

------------------------
Uyuqliim akisimakanga, "Anightaqun elpek iyeghllaguuten!"

uyuqliim	uyuqligh*[N][Rel][Unpd][Sg]

akisimakanga	aki-te[to.catch.N][to.go.to.N][N→V]-@₁~:(i/u)ma[to.have.V-ed][to.have.been.V-ed][V→V]-@*@₂~sf–(g₂)k(a)e[the.one.that.possessor.V-ed][V→N][N][Abs][3SgPoss][SgPosd]
akisimakanga	akite-@₁~:(i/u)ma[to.have.V-ed][to.have.been.V-ed][V→V]-@*@₂~sf–(g₂)k(a)e[the.one.that.possessor.V-ed][V→N][N][Abs][3SgPoss][SgPosd]
akisimakanga	akite-@₁~:(i/u)ma[to.have.V-ed][to.have.been.V-ed][V→V][V][Trns][Ptcp][3Sg][3Sg]
akisimakanga	akite-@₁~:(i/u)ma[to.have.V-ed][to.have.been.V-ed][V→V][V][Trns][Cond][3Sg][1Sg]

anightaqun	+?

elpek	elpek
elpek	elpeg[N][Abs][Unpd][Sg]

iyeghllaguuten	iye-–ghllag[big.N][N→N]-~:(ng₁)u[to.be.N][N→V][V][Intr][Ind][2Sg]

------------------------
Taam kenlanganeng awavaghllagnaniimalghiik.

taam	+?

kenlanganeng	kenlanga[N][Abl_Mod][Unpd][Pl]

awavaghllagnaniimalghiik	+?

------------------------


	

------------------------
Qamagtuq.

qamagtuq	qamagte[V][Intr][Ind][3Sg]

------------------------
Tefaay.

tefaay	tefaay

------------------------
