Yuuk Enkaam Qateghyiighaghhaq

﻿yuuk	+?

enkaam	enkaam

qateghyiighaghhaq	qateghyiighagh*-–ghhagh*[dear.N][N→N][N][Abs][Unpd][Sg]

------------------------


	

------------------------
Yuugnguq iimna aghvengyupiglleghhii.

yuugnguq	+?

iimna	iimna

aghvengyupiglleghhii	+?

------------------------
Maaten ilangani nuliini pimakanga, "Enta tanpeghhmeng akmagutangllaa!"

maaten	maaten
maaten	maatete[N][Abs][Unpd][Sg]

ilangani	ila[N][Loc][3SgPoss][SgPosd]
ilangani	ila[N][Loc][3SgPoss][PlPosd]
ilangani	ilangani
ilangani	ilangani[N][Abs][Unpd][Sg]

nuliini	nuliigh[N][Abs][4SgPoss][SgPosd]
nuliini	nuliigh[N][Abs][4SgPoss][PlPosd]
nuliini	nuliiq[N][Abs][4SgPoss][SgPosd]
nuliini	nuliiq[N][Abs][4SgPoss][PlPosd]
nuliini	nulugh-~:(ng₁)u[to.be.N][N→V]-~i[SBJ.V-ed.something][V→V]-~i[SBJ.V-ed.something][V→V]-~i[SBJ.V-ed.something][V→V]-~i[SBJ.V-ed.something][V→V]-~i[SBJ.V-ed.something][V→V]-@₁~fni[to.say.that.one.is.V-ing][Cmpd_Vbl][V][Intr][Opt][PRS][2Sg]
nuliini	nulugh-~:(ng₁)u[to.be.N][N→V]-~i[SBJ.V-ed.something][V→V]-~i[SBJ.V-ed.something][V→V]-~i[SBJ.V-ed.something][V→V]-~i[SBJ.V-ed.something][V→V]-@₁~fni[to.say.that.one.is.V-ing][Cmpd_Vbl][V][Intr][Opt][PRS][2Sg]
nuliini	nulugh-~:(ng₁)u[to.be.N][N→V]-~i[SBJ.V-ed.something][V→V]-~i[SBJ.V-ed.something][V→V]-~i[SBJ.V-ed.something][V→V]-~i[SBJ.V-ed.something][V→V]-~:(u)te[to.V.for.or.with][to.cause.to.V.as.one.is.V-ing][to.V.toward.each.other][V→V]-@₁~fni[to.say.that.one.is.V-ing][Cmpd_Vbl][V][Intr][Opt][PRS][2Sg]
nuliini	nulugh-~:(ng₁)u[to.be.N][N→V]-~i[SBJ.V-ed.something][V→V]-~i[SBJ.V-ed.something][V→V]-~i[SBJ.V-ed.something][V→V]-~i[SBJ.V-ed.something][V→V]-~:(u)te[SBJ.V-ed.something][V→V]-@₁~fni[to.say.that.one.is.V-ing][Cmpd_Vbl][V][Intr][Opt][PRS][2Sg]
nuliini	nulugh-~:(ng₁)u[to.be.N][N→V]-~i[SBJ.V-ed.something][V→V]-~i[SBJ.V-ed.something][V→V]-~i[SBJ.V-ed.something][V→V]-@₁~fni[to.say.that.one.is.V-ing][Cmpd_Vbl][V][Intr][Opt][PRS][2Sg]
nuliini	nulugh-~:(ng₁)u[to.be.N][N→V]-~i[SBJ.V-ed.something][V→V]-~i[SBJ.V-ed.something][V→V]-~i[SBJ.V-ed.something][V→V]-~:(u)te[to.V.for.or.with][to.cause.to.V.as.one.is.V-ing][to.V.toward.each.other][V→V]-@₁~fni[to.say.that.one.is.V-ing][Cmpd_Vbl][V][Intr][Opt][PRS][2Sg]
nuliini	nulugh-~:(ng₁)u[to.be.N][N→V]-~i[SBJ.V-ed.something][V→V]-~i[SBJ.V-ed.something][V→V]-~i[SBJ.V-ed.something][V→V]-~:(u)te[SBJ.V-ed.something][V→V]-@₁~fni[to.say.that.one.is.V-ing][Cmpd_Vbl][V][Intr][Opt][PRS][2Sg]
nuliini	nulugh-~:(ng₁)u[to.be.N][N→V]-~i[SBJ.V-ed.something][V→V]-~i[SBJ.V-ed.something][V→V]-@₁~fni[to.say.that.one.is.V-ing][Cmpd_Vbl][V][Intr][Opt][PRS][2Sg]
nuliini	nulugh-~:(ng₁)u[to.be.N][N→V]-~i[SBJ.V-ed.something][V→V]-~i[SBJ.V-ed.something][V→V]-~:(u)te[to.V.for.or.with][to.cause.to.V.as.one.is.V-ing][to.V.toward.each.other][V→V]-@₁~fni[to.say.that.one.is.V-ing][Cmpd_Vbl][V][Intr][Opt][PRS][2Sg]
nuliini	nulugh-~:(ng₁)u[to.be.N][N→V]-~i[SBJ.V-ed.something][V→V]-~i[SBJ.V-ed.something][V→V]-~:(u)te[SBJ.V-ed.something][V→V]-@₁~fni[to.say.that.one.is.V-ing][Cmpd_Vbl][V][Intr][Opt][PRS][2Sg]
nuliini	nulugh-~:(ng₁)u[to.be.N][N→V]-~i[SBJ.V-ed.something][V→V]-@₁~fni[to.say.that.one.is.V-ing][Cmpd_Vbl][V][Intr][Opt][PRS][2Sg]
nuliini	nulugh-~:(ng₁)u[to.be.N][N→V]-~i[SBJ.V-ed.something][V→V]-~:(u)te[to.V.for.or.with][to.cause.to.V.as.one.is.V-ing][to.V.toward.each.other][V→V]-@₁~fni[to.say.that.one.is.V-ing][Cmpd_Vbl][V][Intr][Opt][PRS][2Sg]
nuliini	nulugh-~:(ng₁)u[to.be.N][N→V]-~i[SBJ.V-ed.something][V→V]-~:(u)te[SBJ.V-ed.something][V→V]-@₁~fni[to.say.that.one.is.V-ing][Cmpd_Vbl][V][Intr][Opt][PRS][2Sg]

pimakanga	pi-@₁~:(i/u)ma[to.have.V-ed][to.have.been.V-ed][V→V]-@*@₂~sf–(g₂)k(a)e[the.one.that.possessor.V-ed][V→N][N][Abs][3SgPoss][SgPosd]
pimakanga	pi-@₁~:(i/u)ma[to.have.V-ed][to.have.been.V-ed][V→V][V][Trns][Ptcp][3Sg][3Sg]
pimakanga	pi-@₁~:(i/u)ma[to.have.V-ed][to.have.been.V-ed][V→V][V][Trns][Cond][3Sg][1Sg]

enta	enta

tanpeghhmeng	+?

akmagutangllaa	akmag-~:(ng₁)u[to.be.N][N→V]-~:(u)ta[condition.with.respect.to.V-ing][V→N]-–ngllagh[to.make.N][N→V][V][Intr][Opt][PRS][2Sg]
akmagutangllaa	akmag-~:(u)ta[condition.with.respect.to.V-ing][V→N]-–ngllagh[to.make.N][N→V][V][Intr][Opt][PRS][2Sg]
akmagutangllaa	akmagutagh-–ngllagh[to.make.N][N→V][V][Intr][Opt][PRS][2Sg]

------------------------
Llaaghanwha tusaqinaghpenani nulighha akmagutangllaamalghii tanpeghhmeng.

llaaghanwha	llaaghanwha

tusaqinaghpenani	+?

nulighha	nulighh[N][Abs][3SgPoss][SgPosd]

akmagutangllaamalghii	akmag-~:(ng₁)u[to.be.N][N→V]-~:(u)ta[condition.with.respect.to.V-ing][V→N]-–ngllagh[to.make.N][N→V]-@₁~:(i/u)ma[to.have.V-ed][to.have.been.V-ed][V→V]-@₁–lghii[the.one.that.V-ed][the.one.that.is.V][V→N][N][Abs][Unpd][Sg]
akmagutangllaamalghii	akmag-~:(u)ta[condition.with.respect.to.V-ing][V→N]-–ngllagh[to.make.N][N→V]-@₁~:(i/u)ma[to.have.V-ed][to.have.been.V-ed][V→V]-@₁–lghii[the.one.that.V-ed][the.one.that.is.V][V→N][N][Abs][Unpd][Sg]
akmagutangllaamalghii	akmagutagh-–ngllagh[to.make.N][N→V]-@₁~:(i/u)ma[to.have.V-ed][to.have.been.V-ed][V→V]-@₁–lghii[the.one.that.V-ed][the.one.that.is.V][V→N][N][Abs][Unpd][Sg]

tanpeghhmeng	+?

------------------------
Taaqsakek akmagutak tanpeghhek qateghyiighaghhaq akuqaghluku kanaghlluku tesqamavek pimakanga, "Kevgaqnaqamken anguyamnun sughugisqelluten."

taaqsakek	+?

akmagutak	akmag-~:(ng₁)u[to.be.N][N→V]-~:(u)te[to.V.for.or.with][to.cause.to.V.as.one.is.V-ing][to.V.toward.each.other][V→V][V][Intr][Intrg][3Du]
akmagutak	akmag-~:(ng₁)u[to.be.N][N→V]-~:(u)te[SBJ.V-ed.something][V→V][V][Intr][Intrg][3Du]
akmagutak	akmag-~:(ng₁)u[to.be.N][N→V]-~:(u)ta[condition.with.respect.to.V-ing][V→N][N][Abs][Unpd][Du]
akmagutak	akmag-~:(ng₁)u[to.be.N][N→V]-~:(u)ta[condition.with.respect.to.V-ing][V→N][N][Rel][Unpd][Du]
akmagutak	akmag-~:(ng₁)u[to.be.N][N→V]-te[to.act.on.so.as.to.cause.to.V][V→V][V][Intr][Intrg][3Du]
akmagutak	akmag-~:(u)te[to.V.for.or.with][to.cause.to.V.as.one.is.V-ing][to.V.toward.each.other][V→V][V][Intr][Intrg][3Du]
akmagutak	akmag-~:(u)te[SBJ.V-ed.something][V→V][V][Intr][Intrg][3Du]
akmagutak	akmag-~:(u)ta[condition.with.respect.to.V-ing][V→N][N][Abs][Unpd][Du]
akmagutak	akmag-~:(u)ta[condition.with.respect.to.V-ing][V→N][N][Rel][Unpd][Du]
akmagutak	akmagutagh[N][Abs][Unpd][Du]
akmagutak	akmagutagh[N][Rel][Unpd][Du]

tanpeghhek	+?

qateghyiighaghhaq	qateghyiighagh*-–ghhagh*[dear.N][N→N][N][Abs][Unpd][Sg]

akuqaghluku	+?

kanaghlluku	+?

tesqamavek	+?

pimakanga	pi-@₁~:(i/u)ma[to.have.V-ed][to.have.been.V-ed][V→V]-@*@₂~sf–(g₂)k(a)e[the.one.that.possessor.V-ed][V→N][N][Abs][3SgPoss][SgPosd]
pimakanga	pi-@₁~:(i/u)ma[to.have.V-ed][to.have.been.V-ed][V→V][V][Trns][Ptcp][3Sg][3Sg]
pimakanga	pi-@₁~:(i/u)ma[to.have.V-ed][to.have.been.V-ed][V→V][V][Trns][Cond][3Sg][1Sg]

kevgaqnaqamken	+?

anguyamnun	anguyag[N][Ter][1SgPoss][SgPosd]
anguyamnun	anguyag[N][Ter][1SgPoss][PlPosd]

sughugisqelluten	+?

------------------------
Taagken tanpeghhek akmagutak miluullukekmeghmun kesimakek.

taagken	taagken

tanpeghhek	+?

akmagutak	akmag-~:(ng₁)u[to.be.N][N→V]-~:(u)te[to.V.for.or.with][to.cause.to.V.as.one.is.V-ing][to.V.toward.each.other][V→V][V][Intr][Intrg][3Du]
akmagutak	akmag-~:(ng₁)u[to.be.N][N→V]-~:(u)te[SBJ.V-ed.something][V→V][V][Intr][Intrg][3Du]
akmagutak	akmag-~:(ng₁)u[to.be.N][N→V]-~:(u)ta[condition.with.respect.to.V-ing][V→N][N][Abs][Unpd][Du]
akmagutak	akmag-~:(ng₁)u[to.be.N][N→V]-~:(u)ta[condition.with.respect.to.V-ing][V→N][N][Rel][Unpd][Du]
akmagutak	akmag-~:(ng₁)u[to.be.N][N→V]-te[to.act.on.so.as.to.cause.to.V][V→V][V][Intr][Intrg][3Du]
akmagutak	akmag-~:(u)te[to.V.for.or.with][to.cause.to.V.as.one.is.V-ing][to.V.toward.each.other][V→V][V][Intr][Intrg][3Du]
akmagutak	akmag-~:(u)te[SBJ.V-ed.something][V→V][V][Intr][Intrg][3Du]
akmagutak	akmag-~:(u)ta[condition.with.respect.to.V-ing][V→N][N][Abs][Unpd][Du]
akmagutak	akmag-~:(u)ta[condition.with.respect.to.V-ing][V→N][N][Rel][Unpd][Du]
akmagutak	akmagutagh[N][Abs][Unpd][Du]
akmagutak	akmagutagh[N][Rel][Unpd][Du]

miluullukekmeghmun	+?

kesimakek	+?

------------------------
Anuqem akmagutak tengsimakek iwemgam natmun.

anuqem	+?

akmagutak	akmag-~:(ng₁)u[to.be.N][N→V]-~:(u)te[to.V.for.or.with][to.cause.to.V.as.one.is.V-ing][to.V.toward.each.other][V→V][V][Intr][Intrg][3Du]
akmagutak	akmag-~:(ng₁)u[to.be.N][N→V]-~:(u)te[SBJ.V-ed.something][V→V][V][Intr][Intrg][3Du]
akmagutak	akmag-~:(ng₁)u[to.be.N][N→V]-~:(u)ta[condition.with.respect.to.V-ing][V→N][N][Abs][Unpd][Du]
akmagutak	akmag-~:(ng₁)u[to.be.N][N→V]-~:(u)ta[condition.with.respect.to.V-ing][V→N][N][Rel][Unpd][Du]
akmagutak	akmag-~:(ng₁)u[to.be.N][N→V]-te[to.act.on.so.as.to.cause.to.V][V→V][V][Intr][Intrg][3Du]
akmagutak	akmag-~:(u)te[to.V.for.or.with][to.cause.to.V.as.one.is.V-ing][to.V.toward.each.other][V→V][V][Intr][Intrg][3Du]
akmagutak	akmag-~:(u)te[SBJ.V-ed.something][V→V][V][Intr][Intrg][3Du]
akmagutak	akmag-~:(u)ta[condition.with.respect.to.V-ing][V→N][N][Abs][Unpd][Du]
akmagutak	akmag-~:(u)ta[condition.with.respect.to.V-ing][V→N][N][Rel][Unpd][Du]
akmagutak	akmagutagh[N][Abs][Unpd][Du]
akmagutak	akmagutagh[N][Rel][Unpd][Du]

tengsimakek	+?

iwemgam	+?

natmun	+?

------------------------
Meghem iteghpenakek uvlugem qapragsaqegni ullghitaghsaqegni akmagutak qateghyiighaghhaq mingughhusimalghii akmagutam nukeggnaanun.

meghem	megh[N][Rel][Unpd][Sg]

iteghpenakek	itegh-@₁–nghite**[to.not.V][V→V][V][Trns][Sbrd][_][3Du]

uvlugem	+?

qapragsaqegni	qaprag-te[to.act.on.so.as.to.cause.to.V][V→V]-@₁~fyagh[to.go.V-ing][to.V.in.vain][V→V]-@*@₂~sf–(g₂)k(a)e[the.one.that.possessor.V-ed][V→N][N][Abs][4SgPoss][DuPosd]
qapragsaqegni	qaprag-te[to.act.on.so.as.to.cause.to.V][V→V]-@₁~fyagh[to.go.V-ing][to.V.in.vain][V→V]-@*@₂~sf–(g₂)k(a)e[the.one.that.possessor.V-ed][V→N][N][Loc][Unpd][Du]

ullghitaghsaqegni	ullghitagh-te[to.catch.N][to.go.to.N][N→V]-@₁~fyagh[to.go.V-ing][to.V.in.vain][V→V]-@*@₂~sf–(g₂)k(a)e[the.one.that.possessor.V-ed][V→N][N][Abs][4SgPoss][DuPosd]
ullghitaghsaqegni	ullghitagh-te[to.catch.N][to.go.to.N][N→V]-@₁~fyagh[to.go.V-ing][to.V.in.vain][V→V]-@*@₂~sf–(g₂)k(a)e[the.one.that.possessor.V-ed][V→N][N][Loc][Unpd][Du]

akmagutak	akmag-~:(ng₁)u[to.be.N][N→V]-~:(u)te[to.V.for.or.with][to.cause.to.V.as.one.is.V-ing][to.V.toward.each.other][V→V][V][Intr][Intrg][3Du]
akmagutak	akmag-~:(ng₁)u[to.be.N][N→V]-~:(u)te[SBJ.V-ed.something][V→V][V][Intr][Intrg][3Du]
akmagutak	akmag-~:(ng₁)u[to.be.N][N→V]-~:(u)ta[condition.with.respect.to.V-ing][V→N][N][Abs][Unpd][Du]
akmagutak	akmag-~:(ng₁)u[to.be.N][N→V]-~:(u)ta[condition.with.respect.to.V-ing][V→N][N][Rel][Unpd][Du]
akmagutak	akmag-~:(ng₁)u[to.be.N][N→V]-te[to.act.on.so.as.to.cause.to.V][V→V][V][Intr][Intrg][3Du]
akmagutak	akmag-~:(u)te[to.V.for.or.with][to.cause.to.V.as.one.is.V-ing][to.V.toward.each.other][V→V][V][Intr][Intrg][3Du]
akmagutak	akmag-~:(u)te[SBJ.V-ed.something][V→V][V][Intr][Intrg][3Du]
akmagutak	akmag-~:(u)ta[condition.with.respect.to.V-ing][V→N][N][Abs][Unpd][Du]
akmagutak	akmag-~:(u)ta[condition.with.respect.to.V-ing][V→N][N][Rel][Unpd][Du]
akmagutak	akmagutagh[N][Abs][Unpd][Du]
akmagutak	akmagutagh[N][Rel][Unpd][Du]

qateghyiighaghhaq	qateghyiighagh*-–ghhagh*[dear.N][N→N][N][Abs][Unpd][Sg]

mingughhusimalghii	+?

akmagutam	akmag-~:(ng₁)u[to.be.N][N→V]-~:(u)ta[condition.with.respect.to.V-ing][V→N][N][Rel][Unpd][Sg]
akmagutam	akmag-~:(u)ta[condition.with.respect.to.V-ing][V→N][N][Rel][Unpd][Sg]
akmagutam	akmagutagh[N][Rel][Unpd][Sg]

nukeggnaanun	nukeggnagh[N][Ter][3SgPoss][SgPosd]
nukeggnaanun	nukeggnagh[N][Ter][3SgPoss][PlPosd]

------------------------


	

------------------------
Tagtalmi tepumakanga esnakun.

tagtalmi	tagtalmi

tepumakanga	+?

esnakun	esnagh[N][Via][Unpd][Sg]

------------------------
Qateghyiighaghhaam akmagutam allungaga vuveghqughyaqenni reghighsimakanga.

qateghyiighaghhaam	qateghyiighagh*-–ghhagh*[dear.N][N→N][N][Rel][Unpd][Sg]

akmagutam	akmag-~:(ng₁)u[to.be.N][N→V]-~:(u)ta[condition.with.respect.to.V-ing][V→N][N][Rel][Unpd][Sg]
akmagutam	akmag-~:(u)ta[condition.with.respect.to.V-ing][V→N][N][Rel][Unpd][Sg]
akmagutam	akmagutagh[N][Rel][Unpd][Sg]

allungaga	+?

vuveghqughyaqenni	+?

reghighsimakanga	+?

------------------------
Taagken aanyalghiimi tepumakanga tapghaghllakun.

taagken	taagken

aanyalghiimi	aane-@₁~fyagh[to.go.V-ing][to.V.in.vain][V→V]-@₁–lghii[the.one.that.V-ed][the.one.that.is.V][V→N][N][Loc][Unpd][Sg]
aanyalghiimi	aane-@₁~fyagh[to.go.V-ing][to.V.in.vain][V→V]-@₁–lghii[the.one.that.V-ed][the.one.that.is.V][V→N][N][Rel][4SgPoss][SgPosd]
aanyalghiimi	aane-@₁~fyagh[to.go.V-ing][to.V.in.vain][V→V]-@₁–lghii[the.one.that.V-ed][the.one.that.is.V][V→N][N][Rel][4SgPoss][PlPosd]
aanyalghiimi	aane[V][Intr][Ptcp_Obl][4Sg]

tepumakanga	+?

tapghaghllakun	tapghagh-–ghllag[big.N][N→N]-~–ke[to.have.as.one's.N(s)][N→V]-~:(u)te[condition.with.respect.to.V-ing][V→N][N][Abs][Unpd][Sg]

------------------------
Qateghyiighaghhaq taglaghluni tapgham qaaynganun vegaaghqun aviightusimaluku sunanguq taana yuuk.

qateghyiighaghhaq	qateghyiighagh*-–ghhagh*[dear.N][N→N][N][Abs][Unpd][Sg]

taglaghluni	taglagh[V][Intr][Sbrd][3Sg]

tapgham	tapghagh[N][Rel][Unpd][Sg]

qaaynganun	qaye[N][Ter][3SgPoss][SgPosd]
qaaynganun	qaye[N][Ter][3SgPoss][PlPosd]

vegaaghqun	vegaagh[N][Via][Unpd][Sg]
vegaaghqun	vegaagh*[N][Via][Unpd][Sg]

aviightusimaluku	+?

sunanguq	suna[N][Abs][Unpd][Sg]-nguq[Encl]
sunanguq	sunanguq

taana	taana

yuuk	yug[N][Abs][Sg]

------------------------
Yugem kaalluku qateghyiighaghhaq nenglaqumakanga.

yugem	yu(u)g[N][Rel][Unpd][Sg]
yugem	yug[N][Rel][Unpd][Sg]

kaalluku	kaate[V][Trns][Sbrd][_][3Sg]

qateghyiighaghhaq	qateghyiighagh*-–ghhagh*[dear.N][N→N][N][Abs][Unpd][Sg]

nenglaqumakanga	+?

------------------------
Pimakanaga, "Kii, qateghyiighaghhaq nani nukeggnaaghqeghllagsin?"

pimakanaga	+?

kii	kii
kii	kii[N][Abs][Unpd][Sg]

qateghyiighaghhaq	qateghyiighagh*-–ghhagh*[dear.N][N→N][N][Abs][Unpd][Sg]

nani	nani
nani	nani[N][Abs][Unpd][Sg]

nukeggnaaghqeghllagsin	+?

------------------------
"Sughuguunga elpenun."

sughuguunga	+?

elpenun	elpenun

------------------------
Yugem nenglaqluku unisimakanga.

yugem	yu(u)g[N][Rel][Unpd][Sg]
yugem	yug[N][Rel][Unpd][Sg]

nenglaqluku	+?

unisimakanga	+?

------------------------
Mengteghaminun kaalluni nuliini ungipaasimakanga, "Qateghyiighaghhaq tapgham qaayngani vegaaghqun aviightutaqeftuq.

mengteghaminun	mengteghagh[N][Ter][4SgPoss][SgPosd]
mengteghaminun	mengteghagh[N][Ter][4SgPoss][PlPosd]

kaalluni	kaate[V][Intr][Sbrd][3Sg]

nuliini	nuliigh[N][Abs][4SgPoss][SgPosd]
nuliini	nuliigh[N][Abs][4SgPoss][PlPosd]
nuliini	nuliiq[N][Abs][4SgPoss][SgPosd]
nuliini	nuliiq[N][Abs][4SgPoss][PlPosd]
nuliini	nulugh-~:(ng₁)u[to.be.N][N→V]-~i[SBJ.V-ed.something][V→V]-~i[SBJ.V-ed.something][V→V]-~i[SBJ.V-ed.something][V→V]-~i[SBJ.V-ed.something][V→V]-~i[SBJ.V-ed.something][V→V]-@₁~fni[to.say.that.one.is.V-ing][Cmpd_Vbl][V][Intr][Opt][PRS][2Sg]
nuliini	nulugh-~:(ng₁)u[to.be.N][N→V]-~i[SBJ.V-ed.something][V→V]-~i[SBJ.V-ed.something][V→V]-~i[SBJ.V-ed.something][V→V]-~i[SBJ.V-ed.something][V→V]-@₁~fni[to.say.that.one.is.V-ing][Cmpd_Vbl][V][Intr][Opt][PRS][2Sg]
nuliini	nulugh-~:(ng₁)u[to.be.N][N→V]-~i[SBJ.V-ed.something][V→V]-~i[SBJ.V-ed.something][V→V]-~i[SBJ.V-ed.something][V→V]-~i[SBJ.V-ed.something][V→V]-~:(u)te[to.V.for.or.with][to.cause.to.V.as.one.is.V-ing][to.V.toward.each.other][V→V]-@₁~fni[to.say.that.one.is.V-ing][Cmpd_Vbl][V][Intr][Opt][PRS][2Sg]
nuliini	nulugh-~:(ng₁)u[to.be.N][N→V]-~i[SBJ.V-ed.something][V→V]-~i[SBJ.V-ed.something][V→V]-~i[SBJ.V-ed.something][V→V]-~i[SBJ.V-ed.something][V→V]-~:(u)te[SBJ.V-ed.something][V→V]-@₁~fni[to.say.that.one.is.V-ing][Cmpd_Vbl][V][Intr][Opt][PRS][2Sg]
nuliini	nulugh-~:(ng₁)u[to.be.N][N→V]-~i[SBJ.V-ed.something][V→V]-~i[SBJ.V-ed.something][V→V]-~i[SBJ.V-ed.something][V→V]-@₁~fni[to.say.that.one.is.V-ing][Cmpd_Vbl][V][Intr][Opt][PRS][2Sg]
nuliini	nulugh-~:(ng₁)u[to.be.N][N→V]-~i[SBJ.V-ed.something][V→V]-~i[SBJ.V-ed.something][V→V]-~i[SBJ.V-ed.something][V→V]-~:(u)te[to.V.for.or.with][to.cause.to.V.as.one.is.V-ing][to.V.toward.each.other][V→V]-@₁~fni[to.say.that.one.is.V-ing][Cmpd_Vbl][V][Intr][Opt][PRS][2Sg]
nuliini	nulugh-~:(ng₁)u[to.be.N][N→V]-~i[SBJ.V-ed.something][V→V]-~i[SBJ.V-ed.something][V→V]-~i[SBJ.V-ed.something][V→V]-~:(u)te[SBJ.V-ed.something][V→V]-@₁~fni[to.say.that.one.is.V-ing][Cmpd_Vbl][V][Intr][Opt][PRS][2Sg]
nuliini	nulugh-~:(ng₁)u[to.be.N][N→V]-~i[SBJ.V-ed.something][V→V]-~i[SBJ.V-ed.something][V→V]-@₁~fni[to.say.that.one.is.V-ing][Cmpd_Vbl][V][Intr][Opt][PRS][2Sg]
nuliini	nulugh-~:(ng₁)u[to.be.N][N→V]-~i[SBJ.V-ed.something][V→V]-~i[SBJ.V-ed.something][V→V]-~:(u)te[to.V.for.or.with][to.cause.to.V.as.one.is.V-ing][to.V.toward.each.other][V→V]-@₁~fni[to.say.that.one.is.V-ing][Cmpd_Vbl][V][Intr][Opt][PRS][2Sg]
nuliini	nulugh-~:(ng₁)u[to.be.N][N→V]-~i[SBJ.V-ed.something][V→V]-~i[SBJ.V-ed.something][V→V]-~:(u)te[SBJ.V-ed.something][V→V]-@₁~fni[to.say.that.one.is.V-ing][Cmpd_Vbl][V][Intr][Opt][PRS][2Sg]
nuliini	nulugh-~:(ng₁)u[to.be.N][N→V]-~i[SBJ.V-ed.something][V→V]-@₁~fni[to.say.that.one.is.V-ing][Cmpd_Vbl][V][Intr][Opt][PRS][2Sg]
nuliini	nulugh-~:(ng₁)u[to.be.N][N→V]-~i[SBJ.V-ed.something][V→V]-~:(u)te[to.V.for.or.with][to.cause.to.V.as.one.is.V-ing][to.V.toward.each.other][V→V]-@₁~fni[to.say.that.one.is.V-ing][Cmpd_Vbl][V][Intr][Opt][PRS][2Sg]
nuliini	nulugh-~:(ng₁)u[to.be.N][N→V]-~i[SBJ.V-ed.something][V→V]-~:(u)te[SBJ.V-ed.something][V→V]-@₁~fni[to.say.that.one.is.V-ing][Cmpd_Vbl][V][Intr][Opt][PRS][2Sg]

ungipaasimakanga	ungipaate-@₁~:(i/u)ma[to.have.V-ed][to.have.been.V-ed][V→V]-@*@₂~sf–(g₂)k(a)e[the.one.that.possessor.V-ed][V→N][N][Abs][3SgPoss][SgPosd]
ungipaasimakanga	ungipaate-@₁~:(i/u)ma[to.have.V-ed][to.have.been.V-ed][V→V][V][Trns][Ptcp][3Sg][3Sg]
ungipaasimakanga	ungipaate-@₁~:(i/u)ma[to.have.V-ed][to.have.been.V-ed][V→V][V][Trns][Cond][3Sg][1Sg]
ungipaasimakanga	ungipagh-~:(ng₁)u[to.be.N][N→V]-~:(u)te[to.V.for.or.with][to.cause.to.V.as.one.is.V-ing][to.V.toward.each.other][V→V]-@₁~:(i/u)ma[to.have.V-ed][to.have.been.V-ed][V→V]-@*@₂~sf–(g₂)k(a)e[the.one.that.possessor.V-ed][V→N][N][Abs][3SgPoss][SgPosd]
ungipaasimakanga	ungipagh-~:(ng₁)u[to.be.N][N→V]-~:(u)te[SBJ.V-ed.something][V→V]-@₁~:(i/u)ma[to.have.V-ed][to.have.been.V-ed][V→V]-@*@₂~sf–(g₂)k(a)e[the.one.that.possessor.V-ed][V→N][N][Abs][3SgPoss][SgPosd]
ungipaasimakanga	ungipagh-~:(ng₁)u[to.be.N][N→V]-te[to.act.on.so.as.to.cause.to.V][V→V]-@₁~:(i/u)ma[to.have.V-ed][to.have.been.V-ed][V→V]-@*@₂~sf–(g₂)k(a)e[the.one.that.possessor.V-ed][V→N][N][Abs][3SgPoss][SgPosd]
ungipaasimakanga	Ungipagh-~:(ng₁)u[to.be.N][N→V]-~:(u)te[to.V.for.or.with][to.cause.to.V.as.one.is.V-ing][to.V.toward.each.other][V→V]-@₁~:(i/u)ma[to.have.V-ed][to.have.been.V-ed][V→V]-@*@₂~sf–(g₂)k(a)e[the.one.that.possessor.V-ed][V→N][N][Abs][3SgPoss][SgPosd]
ungipaasimakanga	Ungipagh-~:(ng₁)u[to.be.N][N→V]-~:(u)te[SBJ.V-ed.something][V→V]-@₁~:(i/u)ma[to.have.V-ed][to.have.been.V-ed][V→V]-@*@₂~sf–(g₂)k(a)e[the.one.that.possessor.V-ed][V→N][N][Abs][3SgPoss][SgPosd]
ungipaasimakanga	Ungipagh-~:(ng₁)u[to.be.N][N→V]-te[to.act.on.so.as.to.cause.to.V][V→V]-@₁~:(i/u)ma[to.have.V-ed][to.have.been.V-ed][V→V]-@*@₂~sf–(g₂)k(a)e[the.one.that.possessor.V-ed][V→N][N][Abs][3SgPoss][SgPosd]

qateghyiighaghhaq	qateghyiighagh*-–ghhagh*[dear.N][N→N][N][Abs][Unpd][Sg]

tapgham	tapghagh[N][Rel][Unpd][Sg]

qaayngani	qaye[N][Loc][3SgPoss][SgPosd]
qaayngani	qaye[N][Loc][3SgPoss][PlPosd]

vegaaghqun	vegaagh[N][Via][Unpd][Sg]
vegaaghqun	vegaagh*[N][Via][Unpd][Sg]

aviightutaqeftuq	+?

------------------------
Legan nukeggnaghllaguuq.

legan	legan

nukeggnaghllaguuq	nukeggnagh-–ghllag[big.N][N→N]-~:(ng₁)u[to.be.N][N→V][V][Intr][Ind][3Sg]

------------------------
Aapsaqegka whangamnunnguq sughuguftuq."

aapsaqegka	aapte-@₁~fyagh[to.go.V-ing][to.V.in.vain][V→V]-@*@₂~sf–(g₂)k(a)e[the.one.that.possessor.V-ed][V→N][N][Abs][1SgPoss][DuPosd]
aapsaqegka	aapte-@₁~fyagh[to.go.V-ing][to.V.in.vain][V→V][V][Trns][Ptcp][1Sg][3Du]
aapsaqegka	aapte-@₁~fyagh[to.go.V-ing][to.V.in.vain][V→V][V][Trns][Ptcp][1Sg][3Sg]
aapsaqegka	aapte[V][Trns][Ptcp_Obl][1Sg][3Du]

whangamnunnguq	+?

sughuguftuq	+?

------------------------
Nenglaqlaataamakangat nulighqullghiik.

nenglaqlaataamakangat	nenglagh-@*@₂~sf–(g₂)k(a)e[the.one.that.possessor.V-ed][V→N]-te[to.catch.N][to.go.to.N][N→V]-te[to.act.on.so.as.to.cause.to.V][V→V]-te[to.act.on.so.as.to.cause.to.V][V→V]-@₁~laatagh[to.V.anyway][despite.everything.to.still.V][V→V]-@₁~:(i/u)ma[to.have.V-ed][to.have.been.V-ed][V→V]-@*@₂~sf–(g₂)k(a)e[the.one.that.possessor.V-ed][V→N][N][Abs][3PlPoss][SgPosd]
nenglaqlaataamakangat	nenglagh-@*@₂~sf–(g₂)k(a)e[the.one.that.possessor.V-ed][V→N]-te[to.catch.N][to.go.to.N][N→V]-te[to.act.on.so.as.to.cause.to.V][V→V]-@₁~laatagh[to.V.anyway][despite.everything.to.still.V][V→V]-@₁~:(i/u)ma[to.have.V-ed][to.have.been.V-ed][V→V]-@*@₂~sf–(g₂)k(a)e[the.one.that.possessor.V-ed][V→N][N][Abs][3PlPoss][SgPosd]
nenglaqlaataamakangat	nenglagh-@*@₂~sf–(g₂)k(a)e[the.one.that.possessor.V-ed][V→N]-te[to.catch.N][to.go.to.N][N→V]-@₁~laatagh[to.V.anyway][despite.everything.to.still.V][V→V]-@₁~:(i/u)ma[to.have.V-ed][to.have.been.V-ed][V→V]-@*@₂~sf–(g₂)k(a)e[the.one.that.possessor.V-ed][V→N][N][Abs][3PlPoss][SgPosd]

nulighqullghiik	nulighqullghiig[N][Abs][Unpd][Sg]

------------------------


	

------------------------
Unugyagu qavaasata qateghyiighaghhaq taglaghlum ungavigitnun iitghumalghii.

unugyagu	unug[Imprs_Agnt][V][Trns][CnsqI][3Sg][3Sg]

qavaasata	qavagh-~:(u)te[to.V.for.or.with][to.cause.to.V.as.one.is.V-ing][to.V.toward.each.other][V→V]-te[to.act.on.so.as.to.cause.to.V][V→V][V][Intr][CnsqI][3Pl]
qavaasata	qavagh-~:(u)te[to.V.for.or.with][to.cause.to.V.as.one.is.V-ing][to.V.toward.each.other][V→V][V][Intr][CnsqI][3Pl]
qavaasata	qavagh-~:(u)te[condition.with.respect.to.V-ing][V→N]-te[to.catch.N][to.go.to.N][N→V][V][Intr][CnsqI][3Pl]
qavaasata	qavagh-~:(u)te[SBJ.V-ed.something][V→V]-te[to.act.on.so.as.to.cause.to.V][V→V][V][Intr][CnsqI][3Pl]
qavaasata	qavagh-~:(u)te[SBJ.V-ed.something][V→V][V][Intr][CnsqI][3Pl]
qavaasata	qavagh-~:(ng₁)u[to.be.N][N→V]-te[to.act.on.so.as.to.cause.to.V][V→V]-te[to.act.on.so.as.to.cause.to.V][V→V][V][Intr][CnsqI][3Pl]
qavaasata	qavagh-~:(ng₁)u[to.be.N][N→V]-te[to.act.on.so.as.to.cause.to.V][V→V][V][Intr][CnsqI][3Pl]
qavaasata	qavagh-~:(ng₁)u[to.be.N][N→V]-~:(u)te[to.V.for.or.with][to.cause.to.V.as.one.is.V-ing][to.V.toward.each.other][V→V]-te[to.act.on.so.as.to.cause.to.V][V→V]-te[to.act.on.so.as.to.cause.to.V][V→V][V][Intr][CnsqI][3Pl]
qavaasata	qavagh-~:(ng₁)u[to.be.N][N→V]-~:(u)te[to.V.for.or.with][to.cause.to.V.as.one.is.V-ing][to.V.toward.each.other][V→V]-te[to.act.on.so.as.to.cause.to.V][V→V][V][Intr][CnsqI][3Pl]
qavaasata	qavagh-~:(ng₁)u[to.be.N][N→V]-~:(u)te[condition.with.respect.to.V-ing][V→N]-te[to.catch.N][to.go.to.N][N→V]-te[to.act.on.so.as.to.cause.to.V][V→V][V][Intr][CnsqI][3Pl]
qavaasata	qavagh-~:(ng₁)u[to.be.N][N→V]-~:(u)te[condition.with.respect.to.V-ing][V→N]-te[to.catch.N][to.go.to.N][N→V][V][Intr][CnsqI][3Pl]
qavaasata	qavagh-~:(ng₁)u[to.be.N][N→V]-~:(u)te[SBJ.V-ed.something][V→V]-te[to.act.on.so.as.to.cause.to.V][V→V]-te[to.act.on.so.as.to.cause.to.V][V→V][V][Intr][CnsqI][3Pl]
qavaasata	qavagh-~:(ng₁)u[to.be.N][N→V]-~:(u)te[SBJ.V-ed.something][V→V]-te[to.act.on.so.as.to.cause.to.V][V→V][V][Intr][CnsqI][3Pl]

qateghyiighaghhaq	qateghyiighagh*-–ghhagh*[dear.N][N→N][N][Abs][Unpd][Sg]

taglaghlum	+?

ungavigitnun	ungavig[N][Ter][3DuPoss][PlPosd]
ungavigitnun	ungavig[N][Ter][3DuPoss][DuPosd]
ungavigitnun	ungavig[N][Ter][3PlPoss][PlPosd]
ungavigitnun	ungavig[N][Ter][3PlPoss][SgPosd]
ungavigitnun	ungavig[N][Ter][3PlPoss][DuPosd]

iitghumalghii	itegh-@₁~:(i/u)ma[to.have.V-ed][to.have.been.V-ed][V→V]-@₁–lghii[the.one.that.V-ed][the.one.that.is.V][V→N][N][Abs][Unpd][Sg]

------------------------
Iteghluni naniita mesiighanun mingughhusimalghii.

iteghluni	itegh[V][Intr][Sbrd][3Sg]

naniita	nanigh-~:(ng₁)u[to.be.N][N→V]-~i[SBJ.V-ed.something][V→V]-~i[SBJ.V-ed.something][V→V]-~i[SBJ.V-ed.something][V→V]-~i[SBJ.V-ed.something][V→V]-~i[SBJ.V-ed.something][V→V]-~:(u)te[condition.with.respect.to.V-ing][V→N][N][Abs][Unpd][Sg]
naniita	nanigh-~:(ng₁)u[to.be.N][N→V]-~i[SBJ.V-ed.something][V→V]-~i[SBJ.V-ed.something][V→V]-~i[SBJ.V-ed.something][V→V]-~i[SBJ.V-ed.something][V→V]-~i[SBJ.V-ed.something][V→V]-~:(u)ta[condition.with.respect.to.V-ing][V→N][N][Abs][Unpd][Sg]
naniita	nanigh-~:(ng₁)u[to.be.N][N→V]-~i[SBJ.V-ed.something][V→V]-~i[SBJ.V-ed.something][V→V]-~i[SBJ.V-ed.something][V→V]-~i[SBJ.V-ed.something][V→V]-~i[SBJ.V-ed.something][V→V]-te[to.act.on.so.as.to.cause.to.V][V→V][V][Intr][Intrg][3Sg]
naniita	nanigh-~:(ng₁)u[to.be.N][N→V]-~i[SBJ.V-ed.something][V→V]-~i[SBJ.V-ed.something][V→V]-~i[SBJ.V-ed.something][V→V]-~i[SBJ.V-ed.something][V→V]-~:(u)te[to.V.for.or.with][to.cause.to.V.as.one.is.V-ing][to.V.toward.each.other][V→V][V][Intr][Intrg][3Sg]
naniita	nanigh-~:(ng₁)u[to.be.N][N→V]-~i[SBJ.V-ed.something][V→V]-~i[SBJ.V-ed.something][V→V]-~i[SBJ.V-ed.something][V→V]-~i[SBJ.V-ed.something][V→V]-~:(u)te[SBJ.V-ed.something][V→V][V][Intr][Intrg][3Sg]
naniita	nanigh-~:(ng₁)u[to.be.N][N→V]-~i[SBJ.V-ed.something][V→V]-~i[SBJ.V-ed.something][V→V]-~i[SBJ.V-ed.something][V→V]-~i[SBJ.V-ed.something][V→V]-~:(u)te[condition.with.respect.to.V-ing][V→N][N][Abs][Unpd][Sg]
naniita	nanigh-~:(ng₁)u[to.be.N][N→V]-~i[SBJ.V-ed.something][V→V]-~i[SBJ.V-ed.something][V→V]-~i[SBJ.V-ed.something][V→V]-~i[SBJ.V-ed.something][V→V]-~:(u)ta[condition.with.respect.to.V-ing][V→N][N][Abs][Unpd][Sg]
naniita	nanigh-~:(ng₁)u[to.be.N][N→V]-~i[SBJ.V-ed.something][V→V]-~i[SBJ.V-ed.something][V→V]-~i[SBJ.V-ed.something][V→V]-~i[SBJ.V-ed.something][V→V]-te[to.act.on.so.as.to.cause.to.V][V→V][V][Intr][Intrg][3Sg]
naniita	nanigh-~:(ng₁)u[to.be.N][N→V]-~i[SBJ.V-ed.something][V→V]-~i[SBJ.V-ed.something][V→V]-~i[SBJ.V-ed.something][V→V]-~:(u)te[to.V.for.or.with][to.cause.to.V.as.one.is.V-ing][to.V.toward.each.other][V→V][V][Intr][Intrg][3Sg]
naniita	nanigh-~:(ng₁)u[to.be.N][N→V]-~i[SBJ.V-ed.something][V→V]-~i[SBJ.V-ed.something][V→V]-~i[SBJ.V-ed.something][V→V]-~:(u)te[SBJ.V-ed.something][V→V][V][Intr][Intrg][3Sg]
naniita	nanigh-~:(ng₁)u[to.be.N][N→V]-~i[SBJ.V-ed.something][V→V]-~i[SBJ.V-ed.something][V→V]-~i[SBJ.V-ed.something][V→V]-~:(u)te[condition.with.respect.to.V-ing][V→N][N][Abs][Unpd][Sg]
naniita	nanigh-~:(ng₁)u[to.be.N][N→V]-~i[SBJ.V-ed.something][V→V]-~i[SBJ.V-ed.something][V→V]-~i[SBJ.V-ed.something][V→V]-~:(u)ta[condition.with.respect.to.V-ing][V→N][N][Abs][Unpd][Sg]
naniita	nanigh-~:(ng₁)u[to.be.N][N→V]-~i[SBJ.V-ed.something][V→V]-~i[SBJ.V-ed.something][V→V]-~i[SBJ.V-ed.something][V→V]-te[to.act.on.so.as.to.cause.to.V][V→V][V][Intr][Intrg][3Sg]
naniita	nanigh-~:(ng₁)u[to.be.N][N→V]-~i[SBJ.V-ed.something][V→V]-~i[SBJ.V-ed.something][V→V]-~:(u)te[to.V.for.or.with][to.cause.to.V.as.one.is.V-ing][to.V.toward.each.other][V→V][V][Intr][Intrg][3Sg]
naniita	nanigh-~:(ng₁)u[to.be.N][N→V]-~i[SBJ.V-ed.something][V→V]-~i[SBJ.V-ed.something][V→V]-~:(u)te[SBJ.V-ed.something][V→V][V][Intr][Intrg][3Sg]
naniita	nanigh-~:(ng₁)u[to.be.N][N→V]-~i[SBJ.V-ed.something][V→V]-~i[SBJ.V-ed.something][V→V]-~:(u)te[condition.with.respect.to.V-ing][V→N][N][Abs][Unpd][Sg]
naniita	nanigh-~:(ng₁)u[to.be.N][N→V]-~i[SBJ.V-ed.something][V→V]-~i[SBJ.V-ed.something][V→V]-~:(u)ta[condition.with.respect.to.V-ing][V→N][N][Abs][Unpd][Sg]
naniita	nanigh-~:(ng₁)u[to.be.N][N→V]-~i[SBJ.V-ed.something][V→V]-~i[SBJ.V-ed.something][V→V]-te[to.act.on.so.as.to.cause.to.V][V→V][V][Intr][Intrg][3Sg]
naniita	nanigh-~:(ng₁)u[to.be.N][N→V]-~i[SBJ.V-ed.something][V→V]-~:(u)te[to.V.for.or.with][to.cause.to.V.as.one.is.V-ing][to.V.toward.each.other][V→V][V][Intr][Intrg][3Sg]
naniita	nanigh-~:(ng₁)u[to.be.N][N→V]-~i[SBJ.V-ed.something][V→V]-~:(u)te[SBJ.V-ed.something][V→V][V][Intr][Intrg][3Sg]
naniita	nanigh-~:(ng₁)u[to.be.N][N→V]-~i[SBJ.V-ed.something][V→V]-~:(u)te[condition.with.respect.to.V-ing][V→N][N][Abs][Unpd][Sg]
naniita	nanigh-~:(ng₁)u[to.be.N][N→V]-~i[SBJ.V-ed.something][V→V]-~:(u)ta[condition.with.respect.to.V-ing][V→N][N][Abs][Unpd][Sg]
naniita	nanigh-~:(ng₁)u[to.be.N][N→V]-~i[SBJ.V-ed.something][V→V]-te[to.act.on.so.as.to.cause.to.V][V→V][V][Intr][Intrg][3Sg]
naniita	nanigh-~:(ng₁)u[to.be.N][N→V]-~:(u)te[to.V.for.or.with][to.cause.to.V.as.one.is.V-ing][to.V.toward.each.other][V→V][V][Intr][Intrg][3Sg]
naniita	nanigh-~:(ng₁)u[to.be.N][N→V]-~:(u)te[SBJ.V-ed.something][V→V][V][Intr][Intrg][3Sg]
naniita	nanigh-~:(ng₁)u[to.be.N][N→V]-~:(u)te[condition.with.respect.to.V-ing][V→N][N][Abs][Unpd][Sg]
naniita	nanigh-~:(ng₁)u[to.be.N][N→V]-~:(u)ta[condition.with.respect.to.V-ing][V→N][N][Abs][Unpd][Sg]
naniita	nanigh-~:(ng₁)u[to.be.N][N→V]-te[to.act.on.so.as.to.cause.to.V][V→V][V][Intr][Intrg][3Sg]
naniita	nanigh-~:(ng₁)ite**[to.lack.N][to.not.have.N][N→V][V][Intr][Intrg][3Sg]
naniita	nanigh[N][Rel][3DuPoss][SgPosd]
naniita	nanigh[N][Rel][3DuPoss][PlPosd]
naniita	nanigh[N][Rel][3PlPoss][SgPosd]
naniita	nanigh[N][Rel][3PlPoss][PlPosd]
naniita	nanugh-~:(ng₁)u[to.be.N][N→V]-~i[SBJ.V-ed.something][V→V]-~i[SBJ.V-ed.something][V→V]-~i[SBJ.V-ed.something][V→V]-~i[SBJ.V-ed.something][V→V]-~i[SBJ.V-ed.something][V→V]-~:(u)te[condition.with.respect.to.V-ing][V→N][N][Abs][Unpd][Sg]
naniita	nanugh-~:(ng₁)u[to.be.N][N→V]-~i[SBJ.V-ed.something][V→V]-~i[SBJ.V-ed.something][V→V]-~i[SBJ.V-ed.something][V→V]-~i[SBJ.V-ed.something][V→V]-~i[SBJ.V-ed.something][V→V]-~:(u)ta[condition.with.respect.to.V-ing][V→N][N][Abs][Unpd][Sg]
naniita	nanugh-~:(ng₁)u[to.be.N][N→V]-~i[SBJ.V-ed.something][V→V]-~i[SBJ.V-ed.something][V→V]-~i[SBJ.V-ed.something][V→V]-~i[SBJ.V-ed.something][V→V]-~i[SBJ.V-ed.something][V→V]-te[to.act.on.so.as.to.cause.to.V][V→V][V][Intr][Intrg][3Sg]
naniita	nanugh-~:(ng₁)u[to.be.N][N→V]-~i[SBJ.V-ed.something][V→V]-~i[SBJ.V-ed.something][V→V]-~i[SBJ.V-ed.something][V→V]-~i[SBJ.V-ed.something][V→V]-~:(u)te[to.V.for.or.with][to.cause.to.V.as.one.is.V-ing][to.V.toward.each.other][V→V][V][Intr][Intrg][3Sg]
naniita	nanugh-~:(ng₁)u[to.be.N][N→V]-~i[SBJ.V-ed.something][V→V]-~i[SBJ.V-ed.something][V→V]-~i[SBJ.V-ed.something][V→V]-~i[SBJ.V-ed.something][V→V]-~:(u)te[SBJ.V-ed.something][V→V][V][Intr][Intrg][3Sg]
naniita	nanugh-~:(ng₁)u[to.be.N][N→V]-~i[SBJ.V-ed.something][V→V]-~i[SBJ.V-ed.something][V→V]-~i[SBJ.V-ed.something][V→V]-~i[SBJ.V-ed.something][V→V]-~:(u)te[condition.with.respect.to.V-ing][V→N][N][Abs][Unpd][Sg]
naniita	nanugh-~:(ng₁)u[to.be.N][N→V]-~i[SBJ.V-ed.something][V→V]-~i[SBJ.V-ed.something][V→V]-~i[SBJ.V-ed.something][V→V]-~i[SBJ.V-ed.something][V→V]-~:(u)ta[condition.with.respect.to.V-ing][V→N][N][Abs][Unpd][Sg]
naniita	nanugh-~:(ng₁)u[to.be.N][N→V]-~i[SBJ.V-ed.something][V→V]-~i[SBJ.V-ed.something][V→V]-~i[SBJ.V-ed.something][V→V]-~i[SBJ.V-ed.something][V→V]-te[to.act.on.so.as.to.cause.to.V][V→V][V][Intr][Intrg][3Sg]
naniita	nanugh-~:(ng₁)u[to.be.N][N→V]-~i[SBJ.V-ed.something][V→V]-~i[SBJ.V-ed.something][V→V]-~i[SBJ.V-ed.something][V→V]-~:(u)te[to.V.for.or.with][to.cause.to.V.as.one.is.V-ing][to.V.toward.each.other][V→V][V][Intr][Intrg][3Sg]
naniita	nanugh-~:(ng₁)u[to.be.N][N→V]-~i[SBJ.V-ed.something][V→V]-~i[SBJ.V-ed.something][V→V]-~i[SBJ.V-ed.something][V→V]-~:(u)te[SBJ.V-ed.something][V→V][V][Intr][Intrg][3Sg]
naniita	nanugh-~:(ng₁)u[to.be.N][N→V]-~i[SBJ.V-ed.something][V→V]-~i[SBJ.V-ed.something][V→V]-~i[SBJ.V-ed.something][V→V]-~:(u)te[condition.with.respect.to.V-ing][V→N][N][Abs][Unpd][Sg]
naniita	nanugh-~:(ng₁)u[to.be.N][N→V]-~i[SBJ.V-ed.something][V→V]-~i[SBJ.V-ed.something][V→V]-~i[SBJ.V-ed.something][V→V]-~:(u)ta[condition.with.respect.to.V-ing][V→N][N][Abs][Unpd][Sg]
naniita	nanugh-~:(ng₁)u[to.be.N][N→V]-~i[SBJ.V-ed.something][V→V]-~i[SBJ.V-ed.something][V→V]-~i[SBJ.V-ed.something][V→V]-te[to.act.on.so.as.to.cause.to.V][V→V][V][Intr][Intrg][3Sg]
naniita	nanugh-~:(ng₁)u[to.be.N][N→V]-~i[SBJ.V-ed.something][V→V]-~i[SBJ.V-ed.something][V→V]-~:(u)te[to.V.for.or.with][to.cause.to.V.as.one.is.V-ing][to.V.toward.each.other][V→V][V][Intr][Intrg][3Sg]
naniita	nanugh-~:(ng₁)u[to.be.N][N→V]-~i[SBJ.V-ed.something][V→V]-~i[SBJ.V-ed.something][V→V]-~:(u)te[SBJ.V-ed.something][V→V][V][Intr][Intrg][3Sg]
naniita	nanugh-~:(ng₁)u[to.be.N][N→V]-~i[SBJ.V-ed.something][V→V]-~i[SBJ.V-ed.something][V→V]-~:(u)te[condition.with.respect.to.V-ing][V→N][N][Abs][Unpd][Sg]
naniita	nanugh-~:(ng₁)u[to.be.N][N→V]-~i[SBJ.V-ed.something][V→V]-~i[SBJ.V-ed.something][V→V]-~:(u)ta[condition.with.respect.to.V-ing][V→N][N][Abs][Unpd][Sg]
naniita	nanugh-~:(ng₁)u[to.be.N][N→V]-~i[SBJ.V-ed.something][V→V]-~i[SBJ.V-ed.something][V→V]-te[to.act.on.so.as.to.cause.to.V][V→V][V][Intr][Intrg][3Sg]
naniita	nanugh-~:(ng₁)u[to.be.N][N→V]-~i[SBJ.V-ed.something][V→V]-~:(u)te[to.V.for.or.with][to.cause.to.V.as.one.is.V-ing][to.V.toward.each.other][V→V][V][Intr][Intrg][3Sg]
naniita	nanugh-~:(ng₁)u[to.be.N][N→V]-~i[SBJ.V-ed.something][V→V]-~:(u)te[SBJ.V-ed.something][V→V][V][Intr][Intrg][3Sg]
naniita	nanugh-~:(ng₁)u[to.be.N][N→V]-~i[SBJ.V-ed.something][V→V]-~:(u)te[condition.with.respect.to.V-ing][V→N][N][Abs][Unpd][Sg]
naniita	nanugh-~:(ng₁)u[to.be.N][N→V]-~i[SBJ.V-ed.something][V→V]-~:(u)ta[condition.with.respect.to.V-ing][V→N][N][Abs][Unpd][Sg]
naniita	nanugh-~:(ng₁)u[to.be.N][N→V]-~i[SBJ.V-ed.something][V→V]-te[to.act.on.so.as.to.cause.to.V][V→V][V][Intr][Intrg][3Sg]
naniita	nanugh*-~:(ng₁)u[to.be.N][N→V]-~i[SBJ.V-ed.something][V→V]-~i[SBJ.V-ed.something][V→V]-~i[SBJ.V-ed.something][V→V]-~i[SBJ.V-ed.something][V→V]-~i[SBJ.V-ed.something][V→V]-~:(u)te[condition.with.respect.to.V-ing][V→N][N][Abs][Unpd][Sg]
naniita	nanugh*-~:(ng₁)u[to.be.N][N→V]-~i[SBJ.V-ed.something][V→V]-~i[SBJ.V-ed.something][V→V]-~i[SBJ.V-ed.something][V→V]-~i[SBJ.V-ed.something][V→V]-~i[SBJ.V-ed.something][V→V]-~:(u)ta[condition.with.respect.to.V-ing][V→N][N][Abs][Unpd][Sg]
naniita	nanugh*-~:(ng₁)u[to.be.N][N→V]-~i[SBJ.V-ed.something][V→V]-~i[SBJ.V-ed.something][V→V]-~i[SBJ.V-ed.something][V→V]-~i[SBJ.V-ed.something][V→V]-~i[SBJ.V-ed.something][V→V]-te[to.act.on.so.as.to.cause.to.V][V→V][V][Intr][Intrg][3Sg]
naniita	nanugh*-~:(ng₁)u[to.be.N][N→V]-~i[SBJ.V-ed.something][V→V]-~i[SBJ.V-ed.something][V→V]-~i[SBJ.V-ed.something][V→V]-~i[SBJ.V-ed.something][V→V]-~:(u)te[to.V.for.or.with][to.cause.to.V.as.one.is.V-ing][to.V.toward.each.other][V→V][V][Intr][Intrg][3Sg]
naniita	nanugh*-~:(ng₁)u[to.be.N][N→V]-~i[SBJ.V-ed.something][V→V]-~i[SBJ.V-ed.something][V→V]-~i[SBJ.V-ed.something][V→V]-~i[SBJ.V-ed.something][V→V]-~:(u)te[SBJ.V-ed.something][V→V][V][Intr][Intrg][3Sg]
naniita	nanugh*-~:(ng₁)u[to.be.N][N→V]-~i[SBJ.V-ed.something][V→V]-~i[SBJ.V-ed.something][V→V]-~i[SBJ.V-ed.something][V→V]-~i[SBJ.V-ed.something][V→V]-~:(u)te[condition.with.respect.to.V-ing][V→N][N][Abs][Unpd][Sg]
naniita	nanugh*-~:(ng₁)u[to.be.N][N→V]-~i[SBJ.V-ed.something][V→V]-~i[SBJ.V-ed.something][V→V]-~i[SBJ.V-ed.something][V→V]-~i[SBJ.V-ed.something][V→V]-~:(u)ta[condition.with.respect.to.V-ing][V→N][N][Abs][Unpd][Sg]
naniita	nanugh*-~:(ng₁)u[to.be.N][N→V]-~i[SBJ.V-ed.something][V→V]-~i[SBJ.V-ed.something][V→V]-~i[SBJ.V-ed.something][V→V]-~i[SBJ.V-ed.something][V→V]-te[to.act.on.so.as.to.cause.to.V][V→V][V][Intr][Intrg][3Sg]
naniita	nanugh*-~:(ng₁)u[to.be.N][N→V]-~i[SBJ.V-ed.something][V→V]-~i[SBJ.V-ed.something][V→V]-~i[SBJ.V-ed.something][V→V]-~:(u)te[to.V.for.or.with][to.cause.to.V.as.one.is.V-ing][to.V.toward.each.other][V→V][V][Intr][Intrg][3Sg]
naniita	nanugh*-~:(ng₁)u[to.be.N][N→V]-~i[SBJ.V-ed.something][V→V]-~i[SBJ.V-ed.something][V→V]-~i[SBJ.V-ed.something][V→V]-~:(u)te[SBJ.V-ed.something][V→V][V][Intr][Intrg][3Sg]
naniita	nanugh*-~:(ng₁)u[to.be.N][N→V]-~i[SBJ.V-ed.something][V→V]-~i[SBJ.V-ed.something][V→V]-~i[SBJ.V-ed.something][V→V]-~:(u)te[condition.with.respect.to.V-ing][V→N][N][Abs][Unpd][Sg]
naniita	nanugh*-~:(ng₁)u[to.be.N][N→V]-~i[SBJ.V-ed.something][V→V]-~i[SBJ.V-ed.something][V→V]-~i[SBJ.V-ed.something][V→V]-~:(u)ta[condition.with.respect.to.V-ing][V→N][N][Abs][Unpd][Sg]
naniita	nanugh*-~:(ng₁)u[to.be.N][N→V]-~i[SBJ.V-ed.something][V→V]-~i[SBJ.V-ed.something][V→V]-~i[SBJ.V-ed.something][V→V]-te[to.act.on.so.as.to.cause.to.V][V→V][V][Intr][Intrg][3Sg]
naniita	nanugh*-~:(ng₁)u[to.be.N][N→V]-~i[SBJ.V-ed.something][V→V]-~i[SBJ.V-ed.something][V→V]-~:(u)te[to.V.for.or.with][to.cause.to.V.as.one.is.V-ing][to.V.toward.each.other][V→V][V][Intr][Intrg][3Sg]
naniita	nanugh*-~:(ng₁)u[to.be.N][N→V]-~i[SBJ.V-ed.something][V→V]-~i[SBJ.V-ed.something][V→V]-~:(u)te[SBJ.V-ed.something][V→V][V][Intr][Intrg][3Sg]
naniita	nanugh*-~:(ng₁)u[to.be.N][N→V]-~i[SBJ.V-ed.something][V→V]-~i[SBJ.V-ed.something][V→V]-~:(u)te[condition.with.respect.to.V-ing][V→N][N][Abs][Unpd][Sg]
naniita	nanugh*-~:(ng₁)u[to.be.N][N→V]-~i[SBJ.V-ed.something][V→V]-~i[SBJ.V-ed.something][V→V]-~:(u)ta[condition.with.respect.to.V-ing][V→N][N][Abs][Unpd][Sg]
naniita	nanugh*-~:(ng₁)u[to.be.N][N→V]-~i[SBJ.V-ed.something][V→V]-~i[SBJ.V-ed.something][V→V]-te[to.act.on.so.as.to.cause.to.V][V→V][V][Intr][Intrg][3Sg]
naniita	nanugh*-~:(ng₁)u[to.be.N][N→V]-~i[SBJ.V-ed.something][V→V]-~:(u)te[to.V.for.or.with][to.cause.to.V.as.one.is.V-ing][to.V.toward.each.other][V→V][V][Intr][Intrg][3Sg]
naniita	nanugh*-~:(ng₁)u[to.be.N][N→V]-~i[SBJ.V-ed.something][V→V]-~:(u)te[SBJ.V-ed.something][V→V][V][Intr][Intrg][3Sg]
naniita	nanugh*-~:(ng₁)u[to.be.N][N→V]-~i[SBJ.V-ed.something][V→V]-~:(u)te[condition.with.respect.to.V-ing][V→N][N][Abs][Unpd][Sg]
naniita	nanugh*-~:(ng₁)u[to.be.N][N→V]-~i[SBJ.V-ed.something][V→V]-~:(u)ta[condition.with.respect.to.V-ing][V→N][N][Abs][Unpd][Sg]
naniita	nanugh*-~:(ng₁)u[to.be.N][N→V]-~i[SBJ.V-ed.something][V→V]-te[to.act.on.so.as.to.cause.to.V][V→V][V][Intr][Intrg][3Sg]
naniita	nanugh-~:(ng₁)ite**[to.lack.N][to.not.have.N][N→V][V][Intr][Intrg][3Sg]
naniita	nanugh[N][Rel][3DuPoss][SgPosd]
naniita	nanugh[N][Rel][3DuPoss][PlPosd]
naniita	nanugh[N][Rel][3PlPoss][SgPosd]
naniita	nanugh[N][Rel][3PlPoss][PlPosd]
naniita	nanugh*-~:(ng₁)ite**[to.lack.N][to.not.have.N][N→V][V][Intr][Intrg][3Sg]
naniita	nanugh*[N][Rel][3DuPoss][SgPosd]
naniita	nanugh*[N][Rel][3DuPoss][PlPosd]
naniita	nanugh*[N][Rel][3PlPoss][SgPosd]
naniita	nanugh*[N][Rel][3PlPoss][PlPosd]

mesiighanun	mesiigh[N][Ter][3SgPoss][SgPosd]
mesiighanun	mesiigh[N][Ter][3SgPoss][PlPosd]

mingughhusimalghii	+?

------------------------
Melquni mesiighqeghllagyamigu ungavigneng nateghmun ateghluni sugerngengitgun kavirrakegtatgun aviightuusimalghii.

melquni	melqugh[N][Abs][4SgPoss][SgPosd]
melquni	melqugh[N][Abs][4SgPoss][PlPosd]
melquni	melqugh[N][Loc][Unpd][Pl]

mesiighqeghllagyamigu	+?

ungavigneng	ungavig[N][Abl_Mod][Unpd][Pl]

nateghmun	+?

ateghluni	+?

sugerngengitgun	+?

kavirrakegtatgun	kavirrakegtagh[N][Via][Unpd][Pl]

aviightuusimalghii	+?

------------------------
Iwerngaqun sugemgit mesiighqughtaaluki ugatanganun aglaghluni qavaamalghii.

iwerngaqun	iwerngaqun

sugemgit	+?

mesiighqughtaaluki	+?

ugatanganun	+?

aglaghluni	aglagh[V][Intr][Sbrd][3Sg]

qavaamalghii	qavagh-@₁~:(i/u)ma[to.have.V-ed][to.have.been.V-ed][V→V]-@₁–lghii[the.one.that.V-ed][the.one.that.is.V][V→N][N][Abs][Unpd][Sg]
qavaamalghii	qavagh-~:(ng₁)u[to.be.N][N→V]-@₁~:(i/u)ma[to.have.V-ed][to.have.been.V-ed][V→V]-@₁–lghii[the.one.that.V-ed][the.one.that.is.V][V→N][N][Abs][Unpd][Sg]

------------------------
Unaami yuuk nateghmun ateghluni qefliqumalghii, "Kiii, qamay ungavimta sugerngangi seghleghuut whaa legan mesighllaguut.

unaami	unaami
unaami	unaami[N][Abs][Unpd][Sg]

yuuk	yug[N][Abs][Sg]

nateghmun	+?

ateghluni	+?

qefliqumalghii	qefliqe-@₁~:(i/u)ma[to.have.V-ed][to.have.been.V-ed][V→V]-@₁–lghii[the.one.that.V-ed][the.one.that.is.V][V→N][N][Abs][Unpd][Sg]

kiii	+?

qamay	+?

ungavimta	ungavig[N][Rel][1PlPoss][SgPosd]
ungavimta	ungavig[N][Rel][1PlPoss][PlPosd]

sugerngangi	+?

seghleghuut	seghlegh-~:(ng₁)u[to.be.N][N→V][V][Intr][Ind][3Pl]
seghleghuut	seghleghu[V][Intr][Ind][3Pl]

whaa	whaa

legan	legan

mesighllaguut	+?

------------------------
Uguminaghnaghhalek enankinam saam yeghrat nukeggnaaghqeghllagumaa."

uguminaghnaghhalek	+?

enankinam	enankinam

saam	saam[N][Abs][Unpd][Sg]

yeghrat	yeghrat

nukeggnaaghqeghllagumaa	+?

------------------------
Uganguq uwatanganeng aleghquumalghii, "Piyaghamkenta sughuguunga!"

uganguq	+?

uwatanganeng	+?

aleghquumalghii	alegh-te[to.catch.N][to.go.to.N][N→V]-@₁qugh[to.V.completely]-@₁~:(i/u)ma[to.have.V-ed][to.have.been.V-ed][V→V]-@₁–lghii[the.one.that.V-ed][the.one.that.is.V][V→N][N][Abs][Unpd][Sg]
aleghquumalghii	aleghqugh-@₁~:(i/u)ma[to.have.V-ed][to.have.been.V-ed][V→V]-@₁–lghii[the.one.that.V-ed][the.one.that.is.V][V→N][N][Abs][Unpd][Sg]

piyaghamkenta	+?

sughuguunga	+?

------------------------
"Uguminaghnaghhalek qateghyiighaghhaq una!" yuuk pimalghii.

uguminaghnaghhalek	+?

qateghyiighaghhaq	qateghyiighagh*-–ghhagh*[dear.N][N→N][N][Abs][Unpd][Sg]

una	una
una	una[N][Abs][Unpd][Sg]

yuuk	yug[N][Abs][Sg]

pimalghii	pi-@₁~:(i/u)ma[to.have.V-ed][to.have.been.V-ed][V→V]-@₁–lghii[the.one.that.V-ed][the.one.that.is.V][V→N][N][Abs][Unpd][Sg]

------------------------
Enkaam qateghyiighaghhaq malighqaghataghluku tuguyamigu piigughluku eslatmun egsimakanga, whaten pimaghmi, "Enngaatall aglaa sughuggaaten!"

enkaam	enkaam

qateghyiighaghhaq	qateghyiighagh*-–ghhagh*[dear.N][N→N][N][Abs][Unpd][Sg]

malighqaghataghluku	+?

tuguyamigu	tugu-~:(u)te[to.V.for.or.with][to.cause.to.V.as.one.is.V-ing][to.V.toward.each.other][V→V][V][Trns][CnsqI][4Sg][3Sg]
tuguyamigu	tugu[V][Trns][CnsqI][4Sg][3Sg]

piigughluku	+?

eslatmun	eslate[N][Ter][Unpd][Sg]

egsimakanga	egte-@₁~:(i/u)ma[to.have.V-ed][to.have.been.V-ed][V→V]-@*@₂~sf–(g₂)k(a)e[the.one.that.possessor.V-ed][V→N][N][Abs][3SgPoss][SgPosd]
egsimakanga	egte-@₁~:(i/u)ma[to.have.V-ed][to.have.been.V-ed][V→V][V][Trns][Ptcp][3Sg][3Sg]
egsimakanga	egte-@₁~:(i/u)ma[to.have.V-ed][to.have.been.V-ed][V→V][V][Trns][Cond][3Sg][1Sg]

whaten	wha[N][Abs][2SgPoss][PlPosd]
whaten	whaten
whaten	wha-te[to.catch.N][to.go.to.N][N→V][V][Intr][Opt][PRS][2Sg]
whaten	wha[N][Abs][2SgPoss][PlPosd]

pimaghmi	pi-@₁~:(i/u)magh*[while.V-ing][V→V][Quant_Qual][4Sg]

enngaatall	enngaatall

aglaa	aglagh[V][Intr][Opt][PRS][2Sg]

sughuggaaten	+?

------------------------


	

------------------------
Unugyagu qavaasata qateghyiighaghhaq iighwiighluni unguvaghyalghiimi jaighqutameng ghhitaghluki uyguquutaamalghii.

unugyagu	unug[Imprs_Agnt][V][Trns][CnsqI][3Sg][3Sg]

qavaasata	qavagh-~:(u)te[to.V.for.or.with][to.cause.to.V.as.one.is.V-ing][to.V.toward.each.other][V→V]-te[to.act.on.so.as.to.cause.to.V][V→V][V][Intr][CnsqI][3Pl]
qavaasata	qavagh-~:(u)te[to.V.for.or.with][to.cause.to.V.as.one.is.V-ing][to.V.toward.each.other][V→V][V][Intr][CnsqI][3Pl]
qavaasata	qavagh-~:(u)te[condition.with.respect.to.V-ing][V→N]-te[to.catch.N][to.go.to.N][N→V][V][Intr][CnsqI][3Pl]
qavaasata	qavagh-~:(u)te[SBJ.V-ed.something][V→V]-te[to.act.on.so.as.to.cause.to.V][V→V][V][Intr][CnsqI][3Pl]
qavaasata	qavagh-~:(u)te[SBJ.V-ed.something][V→V][V][Intr][CnsqI][3Pl]
qavaasata	qavagh-~:(ng₁)u[to.be.N][N→V]-te[to.act.on.so.as.to.cause.to.V][V→V]-te[to.act.on.so.as.to.cause.to.V][V→V][V][Intr][CnsqI][3Pl]
qavaasata	qavagh-~:(ng₁)u[to.be.N][N→V]-te[to.act.on.so.as.to.cause.to.V][V→V][V][Intr][CnsqI][3Pl]
qavaasata	qavagh-~:(ng₁)u[to.be.N][N→V]-~:(u)te[to.V.for.or.with][to.cause.to.V.as.one.is.V-ing][to.V.toward.each.other][V→V]-te[to.act.on.so.as.to.cause.to.V][V→V]-te[to.act.on.so.as.to.cause.to.V][V→V][V][Intr][CnsqI][3Pl]
qavaasata	qavagh-~:(ng₁)u[to.be.N][N→V]-~:(u)te[to.V.for.or.with][to.cause.to.V.as.one.is.V-ing][to.V.toward.each.other][V→V]-te[to.act.on.so.as.to.cause.to.V][V→V][V][Intr][CnsqI][3Pl]
qavaasata	qavagh-~:(ng₁)u[to.be.N][N→V]-~:(u)te[condition.with.respect.to.V-ing][V→N]-te[to.catch.N][to.go.to.N][N→V]-te[to.act.on.so.as.to.cause.to.V][V→V][V][Intr][CnsqI][3Pl]
qavaasata	qavagh-~:(ng₁)u[to.be.N][N→V]-~:(u)te[condition.with.respect.to.V-ing][V→N]-te[to.catch.N][to.go.to.N][N→V][V][Intr][CnsqI][3Pl]
qavaasata	qavagh-~:(ng₁)u[to.be.N][N→V]-~:(u)te[SBJ.V-ed.something][V→V]-te[to.act.on.so.as.to.cause.to.V][V→V]-te[to.act.on.so.as.to.cause.to.V][V→V][V][Intr][CnsqI][3Pl]
qavaasata	qavagh-~:(ng₁)u[to.be.N][N→V]-~:(u)te[SBJ.V-ed.something][V→V]-te[to.act.on.so.as.to.cause.to.V][V→V][V][Intr][CnsqI][3Pl]

qateghyiighaghhaq	qateghyiighagh*-–ghhagh*[dear.N][N→N][N][Abs][Unpd][Sg]

iighwiighluni	+?

unguvaghyalghiimi	+?

jaighqutameng	+?

ghhitaghluki	+?

uyguquutaamalghii	+?

------------------------
Masingka takuyaqminiki yugem mengteghaanun mayughluni qaakgit tapghangllaqamineng yughqutameng kenlengikun qamqaghsimakangi.

masingka	Masingka

takuyaqminiki	+?

yugem	yu(u)g[N][Rel][Unpd][Sg]
yugem	yug[N][Rel][Unpd][Sg]

mengteghaanun	mengteghagh[N][Ter][3SgPoss][SgPosd]
mengteghaanun	mengteghagh[N][Ter][3SgPoss][PlPosd]

mayughluni	mayugh[V][Intr][Sbrd][3Sg]

qaakgit	+?

tapghangllaqamineng	+?

yughqutameng	yughqutagh[N][Rel][4DuPoss][SgPosd]
yughqutameng	yughqutagh[N][Rel][4DuPoss][PlPosd]
yughqutameng	yughqutagh[N][Rel][4PlPoss][SgPosd]
yughqutameng	yughqutagh[N][Rel][4PlPoss][PlPosd]
yughqutameng	yughqutagh[N][Abl_Mod][Unpd][Sg]

kenlengikun	+?

qamqaghsimakangi	+?

------------------------
Iquga tapghangllaqami qamutighluku aasimakanga.

iquga	iqug[N][Abs][3SgPoss][SgPosd]

tapghangllaqami	+?

qamutighluku	+?

aasimakanga	aate-@₁~:(i/u)ma[to.have.V-ed][to.have.been.V-ed][V→V]-@*@₂~sf–(g₂)k(a)e[the.one.that.possessor.V-ed][V→N][N][Abs][3SgPoss][SgPosd]
aasimakanga	aate-@₁~:(i/u)ma[to.have.V-ed][to.have.been.V-ed][V→V][V][Trns][Ptcp][3Sg][3Sg]
aasimakanga	aate-@₁~:(i/u)ma[to.have.V-ed][to.have.been.V-ed][V→V][V][Trns][Cond][3Sg][1Sg]

------------------------
Enkaam qateghyiighaghhaam unulqusiq mengteghaq quulmun yaqiisimakanga.

enkaam	enkaam

qateghyiighaghhaam	qateghyiighagh*-–ghhagh*[dear.N][N→N][N][Rel][Unpd][Sg]

unulqusiq	+?

mengteghaq	mengteghagh[N][Abs][Unpd][Sg]

quulmun	+?

yaqiisimakanga	yaqugh-~:(ng₁)u[to.be.N][N→V]-~i[SBJ.V-ed.something][V→V]-~i[SBJ.V-ed.something][V→V]-te[to.act.on.so.as.to.cause.to.V][V→V]-@₁~:(i/u)ma[to.have.V-ed][to.have.been.V-ed][V→V]-@*@₂~sf–(g₂)k(a)e[the.one.that.possessor.V-ed][V→N][N][Abs][3SgPoss][SgPosd]
yaqiisimakanga	yaqugh-~:(ng₁)u[to.be.N][N→V]-~i[SBJ.V-ed.something][V→V]-~:(u)te[to.V.for.or.with][to.cause.to.V.as.one.is.V-ing][to.V.toward.each.other][V→V]-@₁~:(i/u)ma[to.have.V-ed][to.have.been.V-ed][V→V]-@*@₂~sf–(g₂)k(a)e[the.one.that.possessor.V-ed][V→N][N][Abs][3SgPoss][SgPosd]
yaqiisimakanga	yaqugh-~:(ng₁)u[to.be.N][N→V]-~i[SBJ.V-ed.something][V→V]-~:(u)te[SBJ.V-ed.something][V→V]-@₁~:(i/u)ma[to.have.V-ed][to.have.been.V-ed][V→V]-@*@₂~sf–(g₂)k(a)e[the.one.that.possessor.V-ed][V→N][N][Abs][3SgPoss][SgPosd]
yaqiisimakanga	yaqugh-~:(ng₁)u[to.be.N][N→V]-~i[SBJ.V-ed.something][V→V]-te[to.act.on.so.as.to.cause.to.V][V→V]-@₁~:(i/u)ma[to.have.V-ed][to.have.been.V-ed][V→V]-@*@₂~sf–(g₂)k(a)e[the.one.that.possessor.V-ed][V→N][N][Abs][3SgPoss][SgPosd]

------------------------
Iiwen unugem qukaaneng aghvighaquq kenlengakun mengteghaq mengqughtaghluku llighaqaa.

iiwen	iiw[N][Abs][2SgPoss][SgPosd]
iiwen	iiwen
iiwen	iiwete[N][Abs][Unpd][Sg]

unugem	+?

qukaaneng	Qukaa[N][Abl_Mod][Unpd][Pl]
qukaaneng	qukagh[N][Abl_Mod][3SgPoss][SgPosd]
qukaaneng	qukagh[N][Abl_Mod][3SgPoss][PlPosd]

aghvighaquq	aghvigh-~(g₁)aqe[to.be.V.ing][to.regularly.or.repeatedly.V][V→V][V][Intr][Ind][3Sg]

kenlengakun	+?

mengteghaq	mengteghagh[N][Abs][Unpd][Sg]

mengqughtaghluku	+?

llighaqaa	+?

------------------------
Qateghyiighaghhaam sagiqusimakanga.

qateghyiighaghhaam	qateghyiighagh*-–ghhagh*[dear.N][N→N][N][Rel][Unpd][Sg]

sagiqusimakanga	+?

------------------------
Qenwatlu kenlengakun mengteghaq ghhataghaghsimakanga.

qenwatlu	+?

kenlengakun	+?

mengteghaq	mengteghagh[N][Abs][Unpd][Sg]

ghhataghaghsimakanga	+?

------------------------
Ghhataghaghsamigu qateghyiighaghhaam mengteghaq atghaasimakanga meghem qulanganun.

ghhataghaghsamigu	+?

qateghyiighaghhaam	qateghyiighagh*-–ghhagh*[dear.N][N→N][N][Rel][Unpd][Sg]

mengteghaq	mengteghagh[N][Abs][Unpd][Sg]

atghaasimakanga	atghagh-~:(u)te[to.V.for.or.with][to.cause.to.V.as.one.is.V-ing][to.V.toward.each.other][V→V]-@₁~:(i/u)ma[to.have.V-ed][to.have.been.V-ed][V→V]-@*@₂~sf–(g₂)k(a)e[the.one.that.possessor.V-ed][V→N][N][Abs][3SgPoss][SgPosd]
atghaasimakanga	atghagh-~:(u)te[SBJ.V-ed.something][V→V]-@₁~:(i/u)ma[to.have.V-ed][to.have.been.V-ed][V→V]-@*@₂~sf–(g₂)k(a)e[the.one.that.possessor.V-ed][V→N][N][Abs][3SgPoss][SgPosd]

meghem	megh[N][Rel][Unpd][Sg]

qulanganun	qula[N][Ter][3SgPoss][SgPosd]
qulanganun	qula[N][Ter][3SgPoss][PlPosd]

------------------------
Taagken qateghyiighaghhaam mengteghaq meghqun llikestaamakanga.

taagken	taagken

qateghyiighaghhaam	qateghyiighagh*-–ghhagh*[dear.N][N→N][N][Rel][Unpd][Sg]

mengteghaq	mengteghagh[N][Abs][Unpd][Sg]

meghqun	megh[N][Via][Unpd][Sg]
meghqun	megheg-~–ke[to.have.as.one's.N(s)][N→V]-~:(u)te[condition.with.respect.to.V-ing][V→N][N][Abs][Unpd][Sg]

llikestaamakanga	+?

------------------------
Qamanguq yugem pimakanga nuliini, "Uuugg naken enraq meghem iteghtinkut?

qamanguq	+?

yugem	yu(u)g[N][Rel][Unpd][Sg]
yugem	yug[N][Rel][Unpd][Sg]

pimakanga	pi-@₁~:(i/u)ma[to.have.V-ed][to.have.been.V-ed][V→V]-@*@₂~sf–(g₂)k(a)e[the.one.that.possessor.V-ed][V→N][N][Abs][3SgPoss][SgPosd]
pimakanga	pi-@₁~:(i/u)ma[to.have.V-ed][to.have.been.V-ed][V→V][V][Trns][Ptcp][3Sg][3Sg]
pimakanga	pi-@₁~:(i/u)ma[to.have.V-ed][to.have.been.V-ed][V→V][V][Trns][Cond][3Sg][1Sg]

nuliini	nuliigh[N][Abs][4SgPoss][SgPosd]
nuliini	nuliigh[N][Abs][4SgPoss][PlPosd]
nuliini	nuliiq[N][Abs][4SgPoss][SgPosd]
nuliini	nuliiq[N][Abs][4SgPoss][PlPosd]
nuliini	nulugh-~:(ng₁)u[to.be.N][N→V]-~i[SBJ.V-ed.something][V→V]-~i[SBJ.V-ed.something][V→V]-~i[SBJ.V-ed.something][V→V]-~i[SBJ.V-ed.something][V→V]-~i[SBJ.V-ed.something][V→V]-@₁~fni[to.say.that.one.is.V-ing][Cmpd_Vbl][V][Intr][Opt][PRS][2Sg]
nuliini	nulugh-~:(ng₁)u[to.be.N][N→V]-~i[SBJ.V-ed.something][V→V]-~i[SBJ.V-ed.something][V→V]-~i[SBJ.V-ed.something][V→V]-~i[SBJ.V-ed.something][V→V]-@₁~fni[to.say.that.one.is.V-ing][Cmpd_Vbl][V][Intr][Opt][PRS][2Sg]
nuliini	nulugh-~:(ng₁)u[to.be.N][N→V]-~i[SBJ.V-ed.something][V→V]-~i[SBJ.V-ed.something][V→V]-~i[SBJ.V-ed.something][V→V]-~i[SBJ.V-ed.something][V→V]-~:(u)te[to.V.for.or.with][to.cause.to.V.as.one.is.V-ing][to.V.toward.each.other][V→V]-@₁~fni[to.say.that.one.is.V-ing][Cmpd_Vbl][V][Intr][Opt][PRS][2Sg]
nuliini	nulugh-~:(ng₁)u[to.be.N][N→V]-~i[SBJ.V-ed.something][V→V]-~i[SBJ.V-ed.something][V→V]-~i[SBJ.V-ed.something][V→V]-~i[SBJ.V-ed.something][V→V]-~:(u)te[SBJ.V-ed.something][V→V]-@₁~fni[to.say.that.one.is.V-ing][Cmpd_Vbl][V][Intr][Opt][PRS][2Sg]
nuliini	nulugh-~:(ng₁)u[to.be.N][N→V]-~i[SBJ.V-ed.something][V→V]-~i[SBJ.V-ed.something][V→V]-~i[SBJ.V-ed.something][V→V]-@₁~fni[to.say.that.one.is.V-ing][Cmpd_Vbl][V][Intr][Opt][PRS][2Sg]
nuliini	nulugh-~:(ng₁)u[to.be.N][N→V]-~i[SBJ.V-ed.something][V→V]-~i[SBJ.V-ed.something][V→V]-~i[SBJ.V-ed.something][V→V]-~:(u)te[to.V.for.or.with][to.cause.to.V.as.one.is.V-ing][to.V.toward.each.other][V→V]-@₁~fni[to.say.that.one.is.V-ing][Cmpd_Vbl][V][Intr][Opt][PRS][2Sg]
nuliini	nulugh-~:(ng₁)u[to.be.N][N→V]-~i[SBJ.V-ed.something][V→V]-~i[SBJ.V-ed.something][V→V]-~i[SBJ.V-ed.something][V→V]-~:(u)te[SBJ.V-ed.something][V→V]-@₁~fni[to.say.that.one.is.V-ing][Cmpd_Vbl][V][Intr][Opt][PRS][2Sg]
nuliini	nulugh-~:(ng₁)u[to.be.N][N→V]-~i[SBJ.V-ed.something][V→V]-~i[SBJ.V-ed.something][V→V]-@₁~fni[to.say.that.one.is.V-ing][Cmpd_Vbl][V][Intr][Opt][PRS][2Sg]
nuliini	nulugh-~:(ng₁)u[to.be.N][N→V]-~i[SBJ.V-ed.something][V→V]-~i[SBJ.V-ed.something][V→V]-~:(u)te[to.V.for.or.with][to.cause.to.V.as.one.is.V-ing][to.V.toward.each.other][V→V]-@₁~fni[to.say.that.one.is.V-ing][Cmpd_Vbl][V][Intr][Opt][PRS][2Sg]
nuliini	nulugh-~:(ng₁)u[to.be.N][N→V]-~i[SBJ.V-ed.something][V→V]-~i[SBJ.V-ed.something][V→V]-~:(u)te[SBJ.V-ed.something][V→V]-@₁~fni[to.say.that.one.is.V-ing][Cmpd_Vbl][V][Intr][Opt][PRS][2Sg]
nuliini	nulugh-~:(ng₁)u[to.be.N][N→V]-~i[SBJ.V-ed.something][V→V]-@₁~fni[to.say.that.one.is.V-ing][Cmpd_Vbl][V][Intr][Opt][PRS][2Sg]
nuliini	nulugh-~:(ng₁)u[to.be.N][N→V]-~i[SBJ.V-ed.something][V→V]-~:(u)te[to.V.for.or.with][to.cause.to.V.as.one.is.V-ing][to.V.toward.each.other][V→V]-@₁~fni[to.say.that.one.is.V-ing][Cmpd_Vbl][V][Intr][Opt][PRS][2Sg]
nuliini	nulugh-~:(ng₁)u[to.be.N][N→V]-~i[SBJ.V-ed.something][V→V]-~:(u)te[SBJ.V-ed.something][V→V]-@₁~fni[to.say.that.one.is.V-ing][Cmpd_Vbl][V][Intr][Opt][PRS][2Sg]

uuugg	+?

naken	naken
naken	nakete[N][Abs][Unpd][Sg]

enraq	enraq

meghem	megh[N][Rel][Unpd][Sg]

iteghtinkut	itegh[V][Trns][Intrg][3Sg][1Pl]
iteghtinkut	itegh[V][Trns][Intrg][3Du][1Pl]
iteghtinkut	itegh[V][Trns][Intrg][3Pl][1Pl]
iteghtinkut	itegh-te[to.act.on.so.as.to.cause.to.V][V→V][V][Trns][Intrg][3Sg][1Pl]
iteghtinkut	itegh-te[to.act.on.so.as.to.cause.to.V][V→V][V][Trns][Intrg][3Du][1Pl]
iteghtinkut	itegh-te[to.act.on.so.as.to.cause.to.V][V→V][V][Trns][Intrg][3Pl][1Pl]

------------------------
Enta qiinqaa!"

enta	enta

qiinqaa	qiighw-@₁–negh[the.act.or.activity.of.V-ing][V→N]-~–ke[to.have.as.one's.N(s)][N→V][V][Intr][Intrg][3Sg]

------------------------
Llaaghanwha aghnaq atqaghlluni qineghsalghiimi uzimun meghllak esghaghaa.

llaaghanwha	llaaghanwha

aghnaq	aghnagh[N][Abs][Unpd][Sg]

atqaghlluni	+?

qineghsalghiimi	qineghte-@₁~fyagh[to.go.V-ing][to.V.in.vain][V→V]-@₁–lghii[the.one.that.V-ed][the.one.that.is.V][V→N][N][Loc][Unpd][Sg]
qineghsalghiimi	qineghte-@₁~fyagh[to.go.V-ing][to.V.in.vain][V→V]-@₁–lghii[the.one.that.V-ed][the.one.that.is.V][V→N][N][Rel][4SgPoss][SgPosd]
qineghsalghiimi	qineghte-@₁~fyagh[to.go.V-ing][to.V.in.vain][V→V]-@₁–lghii[the.one.that.V-ed][the.one.that.is.V][V→N][N][Rel][4SgPoss][PlPosd]
qineghsalghiimi	qineghte[V][Intr][Ptcp_Obl][4Sg]

uzimun	uzimun

meghllak	megh-–ghllag[big.N][N→N][N][Abs][Unpd][Sg]
meghllak	megh-–ghllak[big.N][AUG]
meghllak	meghllag[N][Abs][Unpd][Sg]

esghaghaa	esghagh[V][Trns][Ind][3Sg][3Sg]

------------------------
Ugini pimakanga, "Meghmun llighumakut.

ugini	ugi[N][Abs][4SgPoss][SgPosd]
ugini	ugi[N][Abs][4SgPoss][PlPosd]
ugini	ugi[N][Loc][Unpd][Pl]
ugini	ugini[N][Abs][Unpd][Sg]

pimakanga	pi-@₁~:(i/u)ma[to.have.V-ed][to.have.been.V-ed][V→V]-@*@₂~sf–(g₂)k(a)e[the.one.that.possessor.V-ed][V→N][N][Abs][3SgPoss][SgPosd]
pimakanga	pi-@₁~:(i/u)ma[to.have.V-ed][to.have.been.V-ed][V→V][V][Trns][Ptcp][3Sg][3Sg]
pimakanga	pi-@₁~:(i/u)ma[to.have.V-ed][to.have.been.V-ed][V→V][V][Trns][Cond][3Sg][1Sg]

meghmun	megh[N][Ter][Unpd][Sg]

llighumakut	+?

------------------------
Uzimun meghllaguuq."

uzimun	uzimun

meghllaguuq	megh-–ghllag[big.N][N→N]-~:(ng₁)u[to.be.N][N→V][V][Intr][Ind][3Sg]
meghllaguuq	meghllag-~:(ng₁)u[to.be.N][N→V][V][Intr][Ind][3Sg]

------------------------
Iiwen aghnaq nepiighaquq qakmanguq kaakeggneng pimalghii, "Piiqsaghamken, sughuguunga!"

iiwen	iiw[N][Abs][2SgPoss][SgPosd]
iiwen	iiwen
iiwen	iiwete[N][Abs][Unpd][Sg]

aghnaq	aghnagh[N][Abs][Unpd][Sg]

nepiighaquq	nepiigh-~(g₁)aqe[to.be.V.ing][to.regularly.or.repeatedly.V][V→V][V][Intr][Ind][3Sg]

qakmanguq	+?

kaakeggneng	+?

pimalghii	pi-@₁~:(i/u)ma[to.have.V-ed][to.have.been.V-ed][V→V]-@₁–lghii[the.one.that.V-ed][the.one.that.is.V][V→N][N][Abs][Unpd][Sg]

piiqsaghamken	pi-~(g₁)aqe[to.be.V.ing][to.regularly.or.repeatedly.V][V→V]-te[to.act.on.so.as.to.cause.to.V][V→V]-te[to.act.on.so.as.to.cause.to.V][V→V]-@₁~fyagh[to.go.V-ing][to.V.in.vain][V→V][V][Trns][Ind][1Du][2Sg]
piiqsaghamken	pi-~(g₁)aqe[to.be.V.ing][to.regularly.or.repeatedly.V][V→V]-te[to.act.on.so.as.to.cause.to.V][V→V]-te[to.act.on.so.as.to.cause.to.V][V→V]-@₁~fyagh[to.go.V-ing][to.V.in.vain][V→V][V][Trns][Ind][1Pl][2Sg]
piiqsaghamken	pi-~(g₁)aqe[to.be.V.ing][to.regularly.or.repeatedly.V][V→V]-te[to.act.on.so.as.to.cause.to.V][V→V]-te[to.act.on.so.as.to.cause.to.V][V→V]-@₁~fyagh[to.go.V-ing][to.V.in.vain][V→V][V][Trns][Ind][1Sg][2Sg]
piiqsaghamken	pi-~(g₁)aqe[to.be.V.ing][to.regularly.or.repeatedly.V][V→V]-te[to.act.on.so.as.to.cause.to.V][V→V]-@₁~fyagh[to.go.V-ing][to.V.in.vain][V→V][V][Trns][Ind][1Du][2Sg]
piiqsaghamken	pi-~(g₁)aqe[to.be.V.ing][to.regularly.or.repeatedly.V][V→V]-te[to.act.on.so.as.to.cause.to.V][V→V]-@₁~fyagh[to.go.V-ing][to.V.in.vain][V→V][V][Trns][Ind][1Pl][2Sg]
piiqsaghamken	pi-~(g₁)aqe[to.be.V.ing][to.regularly.or.repeatedly.V][V→V]-te[to.act.on.so.as.to.cause.to.V][V→V]-@₁~fyagh[to.go.V-ing][to.V.in.vain][V→V][V][Trns][Ind][1Sg][2Sg]
piiqsaghamken	pi-~(g₁)aqe[to.be.V.ing][to.regularly.or.repeatedly.V][V→V]-@₁~fyagh[to.go.V-ing][to.V.in.vain][V→V][V][Trns][Ind][1Du][2Sg]
piiqsaghamken	pi-~(g₁)aqe[to.be.V.ing][to.regularly.or.repeatedly.V][V→V]-@₁~fyagh[to.go.V-ing][to.V.in.vain][V→V][V][Trns][Ind][1Pl][2Sg]
piiqsaghamken	pi-~(g₁)aqe[to.be.V.ing][to.regularly.or.repeatedly.V][V→V]-@₁~fyagh[to.go.V-ing][to.V.in.vain][V→V][V][Trns][Ind][1Sg][2Sg]

sughuguunga	+?

------------------------
Yugem qateghyiighaghhaq naten piligu aanvigilnguq.

yugem	yu(u)g[N][Rel][Unpd][Sg]
yugem	yug[N][Rel][Unpd][Sg]

qateghyiighaghhaq	qateghyiighagh*-–ghhagh*[dear.N][N→N][N][Abs][Unpd][Sg]

naten	naten

piligu	pi-~:(u)te[to.V.for.or.with][to.cause.to.V.as.one.is.V-ing][to.V.toward.each.other][V→V][V][Trns][Opt][PRS][3Sg][3Sg]
piligu	pi[V][Trns][Opt][PRS][3Sg][3Sg]

aanvigilnguq	aanvig-~:(ng₁)ite**[to.lack.N][to.not.have.N][N→V]-@*ngugh*[the.one.that.V-ed][the.one.that.is.V][V→N][N][Abs][Unpd][Sg]
aanvigilnguq	aanvig-~:(ng₁)ite**[to.lack.N][to.not.have.N][N→V][V][Intr][Ptcp][3Sg]
aanvigilnguq	aanvig-~:(ng₁)ite**[to.lack.N][to.not.have.N][N→V][V][Intr][Ptcp][3Du]

------------------------
Qateghyiighaghhaam lliyaqenni mengteghaq aga kalevumalghii.

qateghyiighaghhaam	qateghyiighagh*-–ghhagh*[dear.N][N→N][N][Rel][Unpd][Sg]

lliyaqenni	+?

mengteghaq	mengteghagh[N][Abs][Unpd][Sg]

aga	aga

kalevumalghii	kaleve-@₁~:(i/u)ma[to.have.V-ed][to.have.been.V-ed][V→V]-@₁–lghii[the.one.that.V-ed][the.one.that.is.V][V→N][N][Abs][Unpd][Sg]

------------------------
Meghmun kaasaghtughyami qateghyiighaghhaq makuggnaqsaghtuq.

meghmun	megh[N][Ter][Unpd][Sg]

kaasaghtughyami	kaate-@₁~fyaghtugh[to.be.about.to.V][to.go.somewhere.to.V][V][Intr][CnsqI][4Sg]

qateghyiighaghhaq	qateghyiighagh*-–ghhagh*[dear.N][N→N][N][Abs][Unpd][Sg]

makuggnaqsaghtuq	+?

------------------------
Aghtuumalghii.

aghtuumalghii	aghtugh-@₁~:(i/u)ma[to.have.V-ed][to.have.been.V-ed][V→V]-@₁–lghii[the.one.that.V-ed][the.one.that.is.V][V→N][N][Abs][Unpd][Sg]

------------------------
Ellngallu mengteghamun maligulluni kalevumalghii.

ellngallu	ellnga[N][Abs][Unpd][Sg]-llu[Encl]

mengteghamun	mengteghagh[N][Ter][Unpd][Sg]

maligulluni	+?

kalevumalghii	kaleve-@₁~:(i/u)ma[to.have.V-ed][to.have.been.V-ed][V→V]-@₁–lghii[the.one.that.V-ed][the.one.that.is.V][V→N][N][Abs][Unpd][Sg]

------------------------


	

------------------------
Qamagtuq.

qamagtuq	qamagte[V][Intr][Ind][3Sg]

------------------------
