AGHVEGHEMLLU UYVASAGHQELLGHA

aghveghemllu	aghvegh[N][Rel][Unpd][Sg]-llu[Encl]

------------------------
Pelaasim Apellgha

------------------------


------------------------
Taakut llaaget eghqwaaghnaqelghiini kenelighluteng.

taakut	taake[V][Intr][Ind][3Pl]

llaaget	llaag[N][Abs][Unpd][Pl]
llaaget	llaag[N][Rel][Unpd][Pl]

eghqwaaghnaqelghiini	eghqwaagh-@₁~fnaq[V→N]-~–ke[N→V]-@₁–lghii[V→N][N][Abs][4SgPoss][SgPosd]
eghqwaaghnaqelghiini	eghqwaagh-@₁~fnaq[V→N]-~–ke[N→V]-@₁–lghii[V→N][N][Abs][4SgPoss][PlPosd]
eghqwaaghnaqelghiini	eghqwaagh-@₁~fnaq[V→N]-~–ke[N→V]-@₁–lghii[V→N][N][Loc][Unpd][Pl]
eghqwaaghnaqelghiini	eghqwaagh-@₁~fnaq[V→N]-~–ke[N→V]-@₁–lghii[V→N]-ni[N→N][N][Abs][Unpd][Sg]
eghqwaaghnaqelghiini	eghqwaagh-@₁~fnaq[V→N]-~–ke[N→V]-–lghiini[V→V][V][Intr][Opt][PRS][2Sg]
eghqwaaghnaqelghiini	eghqwaagh-@₁~fnaqe[V→V]-@₁–lghii[V→N][N][Abs][4SgPoss][SgPosd]
eghqwaaghnaqelghiini	eghqwaagh-@₁~fnaqe[V→V]-@₁–lghii[V→N][N][Abs][4SgPoss][PlPosd]
eghqwaaghnaqelghiini	eghqwaagh-@₁~fnaqe[V→V]-@₁–lghii[V→N][N][Loc][Unpd][Pl]
eghqwaaghnaqelghiini	eghqwaagh-@₁~fnaqe[V→V]-@₁–lghii[V→N]-ni[N→N][N][Abs][Unpd][Sg]
eghqwaaghnaqelghiini	eghqwaagh-@₁~fnaqe[V→V]-–lghiini[V→V][V][Intr][Opt][PRS][2Sg]

kenelighluteng	kenegh-–ligh[N→V][V][Intr][Sbrd][3Pl]
kenelighluteng	keneligh[V][Intr][Sbrd][3Pl]

------------------------
Uksumi uqfigam tangillghem qaamnangi amestaaghhaat, saghnaaqelghiit.

uqfigam	uqfigagh[N][Rel][Unpd][Sg]

qaamnangi	qaame-@₁~fnaq[V→N]-–nge[N→V]-~i[V→V][V][Intr][Opt][PRS][2Sg]
qaamnangi	qaame-@₁~fnaq[V→N]-–nge[N→V][V][Intr][Opt][PRS][2Sg]
qaamnangi	qaame-@₁~fna[V→V]-@₁~:(u)n[V→N]-–nge[N→V]-~i[V→V][V][Intr][Opt][PRS][2Sg]
qaamnangi	qaame-@₁~fna[V→V]-@₁~:(u)n[V→N]-–nge[N→V][V][Intr][Opt][PRS][2Sg]
qaamnangi	qaamte-@₁~fnaq[V→N]-–nge[N→V]-~i[V→V][V][Intr][Opt][PRS][2Sg]
qaamnangi	qaamte-@₁~fnaq[V→N]-–nge[N→V][V][Intr][Opt][PRS][2Sg]
qaamnangi	qaamte-@₁~fna[V→V]-@₁~:(u)n[V→N]-–nge[N→V]-~i[V→V][V][Intr][Opt][PRS][2Sg]
qaamnangi	qaamte-@₁~fna[V→V]-@₁~:(u)n[V→N]-–nge[N→V][V][Intr][Opt][PRS][2Sg]
qaamnangi	qaamna-–nge[N→V]-~i[V→V][V][Intr][Opt][PRS][2Sg]
qaamnangi	qaamna-–nge[N→V][V][Intr][Opt][PRS][2Sg]
qaamnangi	qaamna[N][Abs][3SgPoss][PlPosd]

saghnaaqelghiit	saghna-~(g₁)aqe[V→V]-@₁–lghii[V→N][N][Abs][Unpd][Pl]
saghnaaqelghiit	saghna-~(g₁)aqe[V→V]-@₁–lghii[V→N][N][Rel][Unpd][Pl]
saghnaaqelghiit	saghna-~(g₁)aqe[V→V][V][Intr][Ptcp][3Pl]
saghnaaqelghiit	saghna-aq[V→N]-~–ke[N→V]-@₁–lghii[V→N][N][Abs][Unpd][Pl]
saghnaaqelghiit	saghna-aq[V→N]-~–ke[N→V]-@₁–lghii[V→N][N][Rel][Unpd][Pl]
saghnaaqelghiit	saghna-aq[V→N]-~–ke[N→V][V][Intr][Ptcp][3Pl]

------------------------
Enkaam petugtaaghaqegkangit aagrani quunpeng kineghngiita.

enkaam	enkaam

petugtaaghaqegkangit	petug-–ghte[V→V]-~aghte[V→V]-@₁~:(u)n[V→N]-–ghagh*[N→N]-~–ke[N→V]-@*@₂~sf–(g₂)k(a)e[V→N][N][Abs][3PlPoss][PlPosd]
petugtaaghaqegkangit	petug-(s)ta[V→N]-te[N→V]-@₁~:(u)n[V→N]-–ghagh*[N→N]-~–ke[N→V]-@*@₂~sf–(g₂)k(a)e[V→N][N][Abs][3PlPoss][PlPosd]
petugtaaghaqegkangit	petug-(s)ta[V→N]-te[N→V]-te[V→V]-@₁~:(u)n[V→N]-–ghagh*[N→N]-~–ke[N→V]-@*@₂~sf–(g₂)k(a)e[V→N][N][Abs][3PlPoss][PlPosd]
petugtaaghaqegkangit	petug-(s)ta[V→N]-:aghagh*[N→N]-~–ke[N→V]-@*@₂~sf–(g₂)k(a)e[V→N][N][Abs][3PlPoss][PlPosd]
petugtaaghaqegkangit	petug-(s)ta[V→N]-–ghte[N→V]-@₁~:(u)n[V→N]-–ghagh*[N→N]-~–ke[N→V]-@*@₂~sf–(g₂)k(a)e[V→N][N][Abs][3PlPoss][PlPosd]
petugtaaghaqegkangit	petug-(s)ta[V→N]-–ghte[N→V]-te[V→V]-@₁~:(u)n[V→N]-–ghagh*[N→N]-~–ke[N→V]-@*@₂~sf–(g₂)k(a)e[V→N][N][Abs][3PlPoss][PlPosd]
petugtaaghaqegkangit	petug-(s)ta[V→N]-agh[N→V]-~(g₁)aqe[V→V]-@*@₂~sf–(g₂)k(a)e[V→N][N][Abs][3PlPoss][PlPosd]
petugtaaghaqegkangit	petug-(s)ta[V→N]-agh[N→V]-~(g₁)aqe[V→V][V][Trns][Ptcp][3Du][3Sg]
petugtaaghaqegkangit	petug-(s)ta[V→N]-agh[N→V]-~(g₁)aqe[V→V][V][Trns][Ptcp][3Pl][3Pl]
petugtaaghaqegkangit	petug-(s)ta[V→N]-agh[N→V]-aq[V→N]-~–ke[N→V]-@*@₂~sf–(g₂)k(a)e[V→N][N][Abs][3PlPoss][PlPosd]
petugtaaghaqegkangit	petug-te[V→V]-~aghte[V→V]-@₁~:(u)n[V→N]-–ghagh*[N→N]-~–ke[N→V]-@*@₂~sf–(g₂)k(a)e[V→N][N][Abs][3PlPoss][PlPosd]
petugtaaghaqegkangit	petug-tu[V→V]-aq[V→N]-–ghagh*[N→N]-~–ke[N→V]-@*@₂~sf–(g₂)k(a)e[V→N][N][Abs][3PlPoss][PlPosd]
petugtaaghaqegkangit	petug-tagh[V→V]-–ghte[V→V]-@₁~:(u)n[V→N]-–ghagh*[N→N]-~–ke[N→V]-@*@₂~sf–(g₂)k(a)e[V→N][N][Abs][3PlPoss][PlPosd]
petugtaaghaqegkangit	petug-tagh[V→V]-@₁~:(u)n[V→N]-–ghagh*[N→N]-~–ke[N→V]-@*@₂~sf–(g₂)k(a)e[V→N][N][Abs][3PlPoss][PlPosd]
petugtaaghaqegkangit	petug-tagh[V→V]-te[V→V]-@₁~:(u)n[V→N]-–ghagh*[N→N]-~–ke[N→V]-@*@₂~sf–(g₂)k(a)e[V→N][N][Abs][3PlPoss][PlPosd]
petugtaaghaqegkangit	petug-tagh[V→V]-~:(ng₁)u[V→V]-@₁~:(u)n[V→N]-–ghagh*[N→N]-~–ke[N→V]-@*@₂~sf–(g₂)k(a)e[V→N][N][Abs][3PlPoss][PlPosd]

aagrani	aagra[N][Abs][4SgPoss][SgPosd]
aagrani	aagra[N][Abs][4SgPoss][PlPosd]
aagrani	aagra[N][Loc][Unpd][Pl]
aagrani	aagra-ni[N→N][N][Abs][Unpd][Sg]

quunpeng	quunpeng

kineghngiita	kinegh[V][Intr][Conc][3Pl]
kineghngiita	kinegh-~fnga[V→V]-~i[V→V]-@₁~:(u)te[V→V][V][Intr][Intrg][3Sg]
kineghngiita	kinegh-~fnga[V→V]-~i[V→V]-@₁~:(u)ta[V→N][N][Abs][Unpd][Sg]
kineghngiita	kinegh-~fnga[V→V]-~i[V→V]-~:(u)te[V→V][V][Intr][Intrg][3Sg]
kineghngiita	kinegh-~fnga[V→V]-~i[V→V]-~:(u)te[V→N][N][Abs][Unpd][Sg]
kineghngiita	kinegh-~fnga[V→V]-~i[V→V]-~:(u)ta[V→N][N][Abs][Unpd][Sg]
kineghngiita	kinegh-~fnga[V→V]-~i[V→V]-te[V→V][V][Intr][Intrg][3Sg]

------------------------
Paneghtaqegkangit keneghqun.

paneghtaqegkangit	panegh-–ghte[V→V]-~(g₁)aqe[V→V]-@*@₂~sf–(g₂)k(a)e[V→N][N][Abs][3PlPoss][PlPosd]
paneghtaqegkangit	panegh-–ghte[V→V]-~(g₁)aqe[V→V][V][Trns][Ptcp][3Du][3Sg]
paneghtaqegkangit	panegh-–ghte[V→V]-~(g₁)aqe[V→V][V][Trns][Ptcp][3Pl][3Pl]
paneghtaqegkangit	panegh-(s)ta[V→N]-qe[N→V]-@*@₂~sf–(g₂)k(a)e[V→N][N][Abs][3PlPoss][PlPosd]
paneghtaqegkangit	panegh-(s)ta[V→N]-qe[N→V][V][Trns][Ptcp][3Du][3Sg]
paneghtaqegkangit	panegh-(s)ta[V→N]-qe[N→V][V][Trns][Ptcp][3Pl][3Pl]
paneghtaqegkangit	paneghte-~(g₁)aqe[V→V]-@*@₂~sf–(g₂)k(a)e[V→N][N][Abs][3PlPoss][PlPosd]
paneghtaqegkangit	paneghte-~(g₁)aqe[V→V][V][Trns][Ptcp][3Du][3Sg]
paneghtaqegkangit	paneghte-~(g₁)aqe[V→V][V][Trns][Ptcp][3Pl][3Pl]
paneghtaqegkangit	panegh-te[V→V]-~(g₁)aqe[V→V]-@*@₂~sf–(g₂)k(a)e[V→N][N][Abs][3PlPoss][PlPosd]
paneghtaqegkangit	panegh-te[V→V]-~(g₁)aqe[V→V][V][Trns][Ptcp][3Du][3Sg]
paneghtaqegkangit	panegh-te[V→V]-~(g₁)aqe[V→V][V][Trns][Ptcp][3Pl][3Pl]

keneghqun	kenegh-–ghqe[N→V]-@₁~:(u)n[V→N][N][Abs][Unpd][Sg]
keneghqun	kenegh-–ghqe[N→V]-te[V→V]-@₁~:(u)n[V→N][N][Abs][Unpd][Sg]
keneghqun	kenegh-–ghqe[N→V]-~:(u)te[V→N][N][Abs][Unpd][Sg]
keneghqun	kenegh-–ghqu[N→V]-@₁~:(u)n[V→N][N][Abs][Unpd][Sg]
keneghqun	kenegh-–ghqu[N→V]-~:(u)te[V→N][N][Abs][Unpd][Sg]
keneghqun	kenegh[N][Abs][Unpd][Sg]-qun[Encl]
keneghqun	kenegh[N][Via][Unpd][Sg]
keneghqun	kenegh-qe[N→V]-@₁~:(u)n[V→N][N][Abs][Unpd][Sg]
keneghqun	kenegh-qe[N→V]-te[V→V]-@₁~:(u)n[V→N][N][Abs][Unpd][Sg]
keneghqun	kenegh-qe[N→V]-~:(u)te[V→N][N][Abs][Unpd][Sg]
keneghqun	kenegh-qe[N→N]-te[N→V]-@₁~:(u)n[V→N][N][Abs][Unpd][Sg]
keneghqun	kenegh-qu[N→V]-@₁~:(u)n[V→N][N][Abs][Unpd][Sg]
keneghqun	kenegh-qu[N→V]-~:(u)te[V→N][N][Abs][Unpd][Sg]

------------------------
Kumaghhneghmeggni taakut uqfigam ggiillghi paneghqughaaqiit uglaghinaqepiglluki.

kumaghhneghmeggni	kumag-–ghte[N→V]-@₁–negh[V→N][N][Loc][4PlPoss][PlPosd]
kumaghhneghmeggni	kumag-–ghte[N→V]-@₁–negh[V→N][N][Loc][4PlPoss][SgPosd]
kumaghhneghmeggni	kumagh-–ghte[V→V]-@₁–negh[V→N][N][Loc][4PlPoss][PlPosd]
kumaghhneghmeggni	kumagh-–ghte[V→V]-@₁–negh[V→N][N][Loc][4PlPoss][SgPosd]
kumaghhneghmeggni	kumagh-te[V→V]-@₁–negh[V→N][N][Loc][4PlPoss][PlPosd]
kumaghhneghmeggni	kumagh-te[V→V]-@₁–negh[V→N][N][Loc][4PlPoss][SgPosd]

taakut	taake[V][Intr][Ind][3Pl]

uqfigam	uqfigagh[N][Rel][Unpd][Sg]

ggiillghi	ggiillegh[N][Abs][3SgPoss][PlPosd]

------------------------


------------------------
Enkaangam tawaten taakut apeghiineghmegteki taakut tawaten pineghmeng, pingayut unuget qavat pikayuget.

tawaten	tawaten

taakut	taake[V][Intr][Ind][3Pl]

apeghiineghmegteki	apegh-aq[V→N]-––i[N→V]-ugh[V→V][V][Trns][Ctmp][4Pl][3Pl]
apeghiineghmegteki	apegh-aq[V→N]-––ii[N→V]-@₁~:(u)te[V→V][V][Trns][Ctmp][4Pl][3Pl]
apeghiineghmegteki	apegh-aq[V→N]-––ii[N→V]-~:(u)te[V→V][V][Trns][Ctmp][4Pl][3Pl]
apeghiineghmegteki	apegh-aq[V→N]-––ii[N→V][V][Trns][Ctmp][4Pl][3Pl]
apeghiineghmegteki	apegh-aq[V→N]-––iigh[N→V][V][Trns][Ctmp][4Pl][3Pl]
apeghiineghmegteki	apegh-aq[V→N]-––igh[N→V]-~:(ng₁)u[V→V]-@₁~:(u)te[V→V][V][Trns][Ctmp][4Pl][3Pl]
apeghiineghmegteki	apegh-aq[V→N]-––igh[N→V]-~:(ng₁)u[V→V]-~:(u)te[V→V][V][Trns][Ctmp][4Pl][3Pl]
apeghiineghmegteki	apegh-aq[V→N]-––igh[N→V]-~:(ng₁)u[V→V][V][Trns][Ctmp][4Pl][3Pl]
apeghiineghmegteki	apeghiigh[V][Trns][Ctmp][4Pl][3Pl]

taakut	taake[V][Intr][Ind][3Pl]

tawaten	tawaten

pineghmeng	pi-@₁~:(u)te[V→V]-@₁–negh[V→N][N][Abl_Mod][Unpd][Sg]
pineghmeng	pi-@₁~:(u)te[V→V]-@₁–negh[V→N][N][Rel][4DuPoss][PlPosd]
pineghmeng	pi-@₁~:(u)te[V→V]-@₁–negh[V→N][N][Rel][4DuPoss][SgPosd]
pineghmeng	pi-@₁~:(u)te[V→V]-@₁–negh[V→N][N][Rel][4PlPoss][PlPosd]
pineghmeng	pi-@₁~:(u)te[V→V]-@₁–negh[V→N][N][Rel][4PlPoss][SgPosd]
pineghmeng	pi-@₁~:(u)te[V→V][V][Intr][Ctmp][4Pl]
pineghmeng	pi-@₁–negh[V→N][N][Abl_Mod][Unpd][Sg]
pineghmeng	pi-@₁–negh[V→N][N][Rel][4DuPoss][PlPosd]
pineghmeng	pi-@₁–negh[V→N][N][Rel][4DuPoss][SgPosd]
pineghmeng	pi-@₁–negh[V→N][N][Rel][4PlPoss][PlPosd]
pineghmeng	pi-@₁–negh[V→N][N][Rel][4PlPoss][SgPosd]
pineghmeng	pi-~:(u)te[V→V]-@₁–negh[V→N][N][Abl_Mod][Unpd][Sg]
pineghmeng	pi-~:(u)te[V→V]-@₁–negh[V→N][N][Rel][4DuPoss][PlPosd]
pineghmeng	pi-~:(u)te[V→V]-@₁–negh[V→N][N][Rel][4DuPoss][SgPosd]
pineghmeng	pi-~:(u)te[V→V]-@₁–negh[V→N][N][Rel][4PlPoss][PlPosd]
pineghmeng	pi-~:(u)te[V→V]-@₁–negh[V→N][N][Rel][4PlPoss][SgPosd]
pineghmeng	pi-~:(u)te[V→V][V][Intr][Ctmp][4Pl]
pineghmeng	pi[V][Intr][Ctmp][4Pl]
pineghmeng	pinegh[N][Abl_Mod][Unpd][Sg]
pineghmeng	pinegh[N][Rel][4DuPoss][PlPosd]
pineghmeng	pinegh[N][Rel][4DuPoss][SgPosd]
pineghmeng	pinegh[N][Rel][4PlPoss][PlPosd]
pineghmeng	pinegh[N][Rel][4PlPoss][SgPosd]

pingayut	pi-~fnga[V→V]-@₁~:(u)te[V→V]-@₁~f–yu[V→N][N][Abs][Unpd][Pl]
pingayut	pi-~fnga[V→V]-@₁~:(u)te[V→V]-@₁~f–yu[V→N][N][Rel][Unpd][Pl]
pingayut	pi-~fnga[V→V]-@₁~f–yu[V→N][N][Abs][Unpd][Pl]
pingayut	pi-~fnga[V→V]-@₁~f–yu[V→N][N][Rel][Unpd][Pl]
pingayut	pi-~fnga[V→V]-~:(u)te[V→V]-@₁~f–yu[V→N][N][Abs][Unpd][Pl]
pingayut	pi-~fnga[V→V]-~:(u)te[V→V]-@₁~f–yu[V→N][N][Rel][Unpd][Pl]
pingayut	pi-–ngagh[V→V]-@₁~f–yu[V→N][N][Abs][Unpd][Pl]
pingayut	pi-–ngagh[V→V]-@₁~f–yu[V→N][N][Rel][Unpd][Pl]
pingayut	pingayut[N][Abs][Unpd][Sg]

unuget	unug[N][Abs][Unpd][Pl]
unuget	unug[N][Rel][Unpd][Pl]

qavat	qavagh[N][Abs][Unpd][Pl]
qavat	qavagh[N][Rel][Unpd][Pl]

pikayuget	pikayug[N][Abs][Unpd][Pl]
pikayuget	pikayug[N][Rel][Unpd][Pl]

------------------------
Aamta qepghaanguluni qavan'ghani aghhneghni, maalghuneng ighivgaghni tawaten ilagaghaqut.

aamta	aaw[N][Rel][1PlPoss][SgPosd]
aamta	aaw[N][Rel][1PlPoss][PlPosd]
aamta	aaghw[N][Rel][1PlPoss][SgPosd]
aamta	aaghw[N][Rel][1PlPoss][PlPosd]
aamta	aamta
aamta	aghte-@₁~:(u)n[V→N][N][Rel][1PlPoss][SgPosd]
aamta	aghte-@₁~:(u)n[V→N][N][Rel][1PlPoss][PlPosd]

qepghaanguluni	qepghagh-–ghte[V→V]-@₁~:(u)n[V→N]-–nge[N→V]-@₁~:(u)n[V→N]-–luk[N→N][N][Abs][4SgPoss][SgPosd]
qepghaanguluni	qepghagh-–ghte[V→V]-@₁~:(u)n[V→N]-–nge[N→V]-@₁~:(u)n[V→N]-–luk[N→N][N][Abs][4SgPoss][PlPosd]
qepghaanguluni	qepghagh-–ghte[V→V]-@₁~:(u)n[V→N]-–nge[N→V]-te[V→V]-@₁~:(u)n[V→N]-–luk[N→N][N][Abs][4SgPoss][SgPosd]
qepghaanguluni	qepghagh-–ghte[V→V]-@₁~:(u)n[V→N]-–nge[N→V]-te[V→V]-@₁~:(u)n[V→N]-–luk[N→N][N][Abs][4SgPoss][PlPosd]
qepghaanguluni	qepghagh-–ghte[V→V]-@₁~:(u)n[V→N]-–ngu[N→V]-@₁~:(u)te[V→V][V][Intr][Sbrd][3Sg]
qepghaanguluni	qepghagh-–ghte[V→V]-@₁~:(u)n[V→N]-–ngu[N→V]-@₁~:(u)n[V→N]-–luk[N→N][N][Abs][4SgPoss][SgPosd]
qepghaanguluni	qepghagh-–ghte[V→V]-@₁~:(u)n[V→N]-–ngu[N→V]-@₁~:(u)n[V→N]-–luk[N→N][N][Abs][4SgPoss][PlPosd]
qepghaanguluni	qepghagh-–ghte[V→V]-@₁~:(u)n[V→N]-–ngu[N→V]-~:(u)te[V→V][V][Intr][Sbrd][3Sg]
qepghaanguluni	qepghagh-–ghte[V→V]-@₁~:(u)n[V→N]-–ngu[N→V][V][Intr][Sbrd][3Sg]
qepghaanguluni	qepghagh-@₁~:(u)n[V→N]-–nge[N→V]-@₁~:(u)n[V→N]-–luk[N→N][N][Abs][4SgPoss][SgPosd]
qepghaanguluni	qepghagh-@₁~:(u)n[V→N]-–nge[N→V]-@₁~:(u)n[V→N]-–luk[N→N][N][Abs][4SgPoss][PlPosd]
qepghaanguluni	qepghagh-@₁~:(u)n[V→N]-–nge[N→V]-te[V→V]-@₁~:(u)n[V→N]-–luk[N→N][N][Abs][4SgPoss][SgPosd]
qepghaanguluni	qepghagh-@₁~:(u)n[V→N]-–nge[N→V]-te[V→V]-@₁~:(u)n[V→N]-–luk[N→N][N][Abs][4SgPoss][PlPosd]
qepghaanguluni	qepghagh-@₁~:(u)n[V→N]-–ngu[N→V]-@₁~:(u)te[V→V][V][Intr][Sbrd][3Sg]
qepghaanguluni	qepghagh-@₁~:(u)n[V→N]-–ngu[N→V]-@₁~:(u)n[V→N]-–luk[N→N][N][Abs][4SgPoss][SgPosd]
qepghaanguluni	qepghagh-@₁~:(u)n[V→N]-–ngu[N→V]-@₁~:(u)n[V→N]-–luk[N→N][N][Abs][4SgPoss][PlPosd]
qepghaanguluni	qepghagh-@₁~:(u)n[V→N]-–ngu[N→V]-~:(u)te[V→V][V][Intr][Sbrd][3Sg]
qepghaanguluni	qepghagh-@₁~:(u)n[V→N]-–ngu[N→V][V][Intr][Sbrd][3Sg]
qepghaanguluni	qepghagh-te[V→V]-@₁~:(u)n[V→N]-–nge[N→V]-@₁~:(u)n[V→N]-–luk[N→N][N][Abs][4SgPoss][SgPosd]
qepghaanguluni	qepghagh-te[V→V]-@₁~:(u)n[V→N]-–nge[N→V]-@₁~:(u)n[V→N]-–luk[N→N][N][Abs][4SgPoss][PlPosd]
qepghaanguluni	qepghagh-te[V→V]-@₁~:(u)n[V→N]-–nge[N→V]-te[V→V]-@₁~:(u)n[V→N]-–luk[N→N][N][Abs][4SgPoss][SgPosd]
qepghaanguluni	qepghagh-te[V→V]-@₁~:(u)n[V→N]-–nge[N→V]-te[V→V]-@₁~:(u)n[V→N]-–luk[N→N][N][Abs][4SgPoss][PlPosd]
qepghaanguluni	qepghagh-te[V→V]-@₁~:(u)n[V→N]-–ngu[N→V]-@₁~:(u)te[V→V][V][Intr][Sbrd][3Sg]
qepghaanguluni	qepghagh-te[V→V]-@₁~:(u)n[V→N]-–ngu[N→V]-@₁~:(u)n[V→N]-–luk[N→N][N][Abs][4SgPoss][SgPosd]
qepghaanguluni	qepghagh-te[V→V]-@₁~:(u)n[V→N]-–ngu[N→V]-@₁~:(u)n[V→N]-–luk[N→N][N][Abs][4SgPoss][PlPosd]
qepghaanguluni	qepghagh-te[V→V]-@₁~:(u)n[V→N]-–ngu[N→V]-~:(u)te[V→V][V][Intr][Sbrd][3Sg]
qepghaanguluni	qepghagh-te[V→V]-@₁~:(u)n[V→N]-–ngu[N→V][V][Intr][Sbrd][3Sg]
qepghaanguluni	qepghagh-~:(ng₁)u[V→V]-@₁~:(u)n[V→N]-–nge[N→V]-@₁~:(u)n[V→N]-–luk[N→N][N][Abs][4SgPoss][SgPosd]
qepghaanguluni	qepghagh-~:(ng₁)u[V→V]-@₁~:(u)n[V→N]-–nge[N→V]-@₁~:(u)n[V→N]-–luk[N→N][N][Abs][4SgPoss][PlPosd]
qepghaanguluni	qepghagh-~:(ng₁)u[V→V]-@₁~:(u)n[V→N]-–nge[N→V]-te[V→V]-@₁~:(u)n[V→N]-–luk[N→N][N][Abs][4SgPoss][SgPosd]
qepghaanguluni	qepghagh-~:(ng₁)u[V→V]-@₁~:(u)n[V→N]-–nge[N→V]-te[V→V]-@₁~:(u)n[V→N]-–luk[N→N][N][Abs][4SgPoss][PlPosd]
qepghaanguluni	qepghagh-~:(ng₁)u[V→V]-@₁~:(u)n[V→N]-–ngu[N→V]-@₁~:(u)te[V→V][V][Intr][Sbrd][3Sg]
qepghaanguluni	qepghagh-~:(ng₁)u[V→V]-@₁~:(u)n[V→N]-–ngu[N→V]-@₁~:(u)n[V→N]-–luk[N→N][N][Abs][4SgPoss][SgPosd]
qepghaanguluni	qepghagh-~:(ng₁)u[V→V]-@₁~:(u)n[V→N]-–ngu[N→V]-@₁~:(u)n[V→N]-–luk[N→N][N][Abs][4SgPoss][PlPosd]
qepghaanguluni	qepghagh-~:(ng₁)u[V→V]-@₁~:(u)n[V→N]-–ngu[N→V]-~:(u)te[V→V][V][Intr][Sbrd][3Sg]
qepghaanguluni	qepghagh-~:(ng₁)u[V→V]-@₁~:(u)n[V→N]-–ngu[N→V][V][Intr][Sbrd][3Sg]
qepghaanguluni	qepghagh-~:(ng₁)u[V→V]-~:(ng₁)u[V→V]-@₁~:(u)te[V→V][V][Intr][Sbrd][3Sg]
qepghaanguluni	qepghagh-~:(ng₁)u[V→V]-~:(ng₁)u[V→V]-@₁~:(u)n[V→N]-–luk[N→N][N][Abs][4SgPoss][SgPosd]
qepghaanguluni	qepghagh-~:(ng₁)u[V→V]-~:(ng₁)u[V→V]-@₁~:(u)n[V→N]-–luk[N→N][N][Abs][4SgPoss][PlPosd]
qepghaanguluni	qepghagh-~:(ng₁)u[V→V]-~:(ng₁)u[V→V]-~:(u)te[V→V][V][Intr][Sbrd][3Sg]
qepghaanguluni	qepghagh-~:(ng₁)u[V→V]-~:(ng₁)u[V→V][V][Intr][Sbrd][3Sg]
qepghaanguluni	qepghagh-~:(ng₁)u[V→V]-@*ngugh*[V→N]-–luk[N→N][N][Abs][4SgPoss][SgPosd]
qepghaanguluni	qepghagh-~:(ng₁)u[V→V]-@*ngugh*[V→N]-–luk[N→N][N][Abs][4SgPoss][PlPosd]
qepghaanguluni	qepghagh-~:(ng₁)u[V→V]-–ngu[V→V]-@₁~:(u)te[V→V][V][Intr][Sbrd][3Sg]
qepghaanguluni	qepghagh-~:(ng₁)u[V→V]-–ngu[V→V]-@₁~:(u)n[V→N]-–luk[N→N][N][Abs][4SgPoss][SgPosd]
qepghaanguluni	qepghagh-~:(ng₁)u[V→V]-–ngu[V→V]-@₁~:(u)n[V→N]-–luk[N→N][N][Abs][4SgPoss][PlPosd]
qepghaanguluni	qepghagh-~:(ng₁)u[V→V]-–ngu[V→V]-~:(u)te[V→V][V][Intr][Sbrd][3Sg]
qepghaanguluni	qepghagh-~:(ng₁)u[V→V]-–ngu[V→V][V][Intr][Sbrd][3Sg]
qepghaanguluni	qepghagh-~:(ng₁)u[V→V]-–ngugh*[V→N]-–luk[N→N][N][Abs][4SgPoss][SgPosd]
qepghaanguluni	qepghagh-~:(ng₁)u[V→V]-–ngugh*[V→N]-–luk[N→N][N][Abs][4SgPoss][PlPosd]

aghhneghni	aw-–ghte[N→V]-@₁–negh[V→N][N][Loc][Unpd][Pl]
aghhneghni	aw-–ghte[N→V]-@₁–negh[V→N]-ni[N→N][N][Abs][Unpd][Sg]
aghhneghni	aghte-@₁–negh[V→N][N][Loc][Unpd][Pl]
aghhneghni	aghte-@₁–negh[V→N]-ni[N→N][N][Abs][Unpd][Sg]

tawaten	tawaten

ilagaghaqut	ilagagh-~(g₁)aqe[V→V][V][Intr][Ind][3Pl]
ilagaghaqut	ilagagh-aq[V→N]-~–ke[N→V][V][Intr][Ind][3Pl]

------------------------
Taakut ilagaatet atughaataghaqiit enkaam pingayaani aghlleghem taakut teghrughaaghet petugngalghiit qeteghtaqut.

taakut	taake[V][Intr][Ind][3Pl]

ilagaatet	ilagaate[N][Abs][Unpd][Pl]
ilagaatet	ilagaate[N][Rel][Unpd][Pl]
ilagaatet	ilagaatet[N][Abs][Unpd][Sg]
ilagaatet	ilagagh-~:(ng₁)u[V→V]-~:(u)te[V→N][N][Abs][Unpd][Pl]
ilagaatet	ilagagh-~:(ng₁)u[V→V]-~:(u)te[V→N][N][Rel][Unpd][Pl]
ilagaatet	ilagagh-~:(u)te[V→N][N][Abs][Unpd][Pl]
ilagaatet	ilagagh-~:(u)te[V→N][N][Rel][Unpd][Pl]

atughaataghaqiit	aw-–tu[N→V]-@₁~:(u)n[V→N]-–ghagh*[N→N]-~:(ng₁)u[N→V]-tagh[V→V]-~(g₁)aqe[V→V]-~i[V→V][V][Intr][Intrg][3Pl]
atughaataghaqiit	aw-–tu[N→V]-@₁~:(u)n[V→N]-–ghagh*[N→N]-~:(ng₁)u[N→V]-tagh[V→V]-~(g₁)aqe[V→V]-~i[V→V][V][Intr][Ind][3Pl]
atughaataghaqiit	aw-–tu[N→V]-@₁~:(u)n[V→N]-–ghagh*[N→N]-~:(ng₁)u[N→V]-tagh[V→V]-~(g₁)aqe[V→V][V][Trns][Ind][3Du][3Sg]
atughaataghaqiit	aw-–tu[N→V]-@₁~:(u)n[V→N]-–ghagh*[N→N]-~:(ng₁)u[N→V]-tagh[V→V]-~(g₁)aqe[V→V][V][Trns][Ind][3Pl][3Pl]
atughaataghaqiit	aw-–tu[N→V]-@₁~:(u)n[V→N]-–ghagh*[N→N]-~:(ng₁)u[N→V]-tagh[V→V]-aq[V→N]-~–ke[N→V]-~i[V→V][V][Intr][Intrg][3Pl]
atughaataghaqiit	aw-–tu[N→V]-@₁~:(u)n[V→N]-–ghagh*[N→N]-~:(ng₁)u[N→V]-tagh[V→V]-aq[V→N]-~–ke[N→V]-~i[V→V][V][Intr][Ind][3Pl]
atughaataghaqiit	aw-–tu[N→V]-@₁~:(u)n[V→N]-–ghagh*[N→N]-~:(ng₁)u[N→V]-tagh[V→V]-aq[V→N]-––i[N→V][V][Intr][Intrg][3Pl]
atughaataghaqiit	aw-–tu[N→V]-@₁~:(u)n[V→N]-–ghagh*[N→N]-~:(ng₁)u[N→V]-tagh[V→V]-aq[V→N]-––i[N→V][V][Intr][Ind][3Pl]
atughaataghaqiit	atugh-–ghagh*[N→N]-–ghte[N→V]-@₁~:(u)taq[V→N]-–ghagh*[N→N]-~–ke[N→V]-~i[V→V][V][Intr][Intrg][3Pl]
atughaataghaqiit	atugh-–ghagh*[N→N]-–ghte[N→V]-@₁~:(u)taq[V→N]-–ghagh*[N→N]-~–ke[N→V]-~i[V→V][V][Intr][Ind][3Pl]
atughaataghaqiit	atugh-–ghagh*[N→N]-–ghte[N→V]-@₁~:(u)ta[V→N]-–ghagh*[N→N]-~–ke[N→V]-~i[V→V][V][Intr][Intrg][3Pl]
atughaataghaqiit	atugh-–ghagh*[N→N]-–ghte[N→V]-@₁~:(u)ta[V→N]-–ghagh*[N→N]-~–ke[N→V]-~i[V→V][V][Intr][Ind][3Pl]
atughaataghaqiit	atugh-–ghagh*[N→N]-–ghte[N→V]-te[V→V]-@₁~:(u)taq[V→N]-–ghagh*[N→N]-~–ke[N→V]-~i[V→V][V][Intr][Intrg][3Pl]
atughaataghaqiit	atugh-–ghagh*[N→N]-–ghte[N→V]-te[V→V]-@₁~:(u)taq[V→N]-–ghagh*[N→N]-~–ke[N→V]-~i[V→V][V][Intr][Ind][3Pl]
atughaataghaqiit	atugh-–ghagh*[N→N]-–ghte[N→V]-te[V→V]-@₁~:(u)ta[V→N]-–ghagh*[N→N]-~–ke[N→V]-~i[V→V][V][Intr][Intrg][3Pl]
atughaataghaqiit	atugh-–ghagh*[N→N]-–ghte[N→V]-te[V→V]-@₁~:(u)ta[V→N]-–ghagh*[N→N]-~–ke[N→V]-~i[V→V][V][Intr][Ind][3Pl]
atughaataghaqiit	atugh-–ghagh*[N→N]-te[N→V]-@₁~:(u)taq[V→N]-–ghagh*[N→N]-~–ke[N→V]-~i[V→V][V][Intr][Intrg][3Pl]
atughaataghaqiit	atugh-–ghagh*[N→N]-te[N→V]-@₁~:(u)taq[V→N]-–ghagh*[N→N]-~–ke[N→V]-~i[V→V][V][Intr][Ind][3Pl]
atughaataghaqiit	atugh-–ghagh*[N→N]-te[N→V]-@₁~:(u)ta[V→N]-–ghagh*[N→N]-~–ke[N→V]-~i[V→V][V][Intr][Intrg][3Pl]
atughaataghaqiit	atugh-–ghagh*[N→N]-te[N→V]-@₁~:(u)ta[V→N]-–ghagh*[N→N]-~–ke[N→V]-~i[V→V][V][Intr][Ind][3Pl]
atughaataghaqiit	atugh-–ghagh*[N→N]-te[N→V]-te[V→V]-@₁~:(u)taq[V→N]-–ghagh*[N→N]-~–ke[N→V]-~i[V→V][V][Intr][Intrg][3Pl]
atughaataghaqiit	atugh-–ghagh*[N→N]-te[N→V]-te[V→V]-@₁~:(u)taq[V→N]-–ghagh*[N→N]-~–ke[N→V]-~i[V→V][V][Intr][Ind][3Pl]
atughaataghaqiit	atugh-–ghagh*[N→N]-te[N→V]-te[V→V]-@₁~:(u)ta[V→N]-–ghagh*[N→N]-~–ke[N→V]-~i[V→V][V][Intr][Intrg][3Pl]
atughaataghaqiit	atugh-–ghagh*[N→N]-te[N→V]-te[V→V]-@₁~:(u)ta[V→N]-–ghagh*[N→N]-~–ke[N→V]-~i[V→V][V][Intr][Ind][3Pl]
atughaataghaqiit	atugh-–ghagh*[N→N]-~:(ng₁)u[N→V]-@₁~:(u)taq[V→N]-–ghagh*[N→N]-~–ke[N→V]-~i[V→V][V][Intr][Intrg][3Pl]
atughaataghaqiit	atugh-–ghagh*[N→N]-~:(ng₁)u[N→V]-@₁~:(u)taq[V→N]-–ghagh*[N→N]-~–ke[N→V]-~i[V→V][V][Intr][Ind][3Pl]
atughaataghaqiit	atugh-–ghagh*[N→N]-~:(ng₁)u[N→V]-@₁~:(u)ta[V→N]-–ghagh*[N→N]-~–ke[N→V]-~i[V→V][V][Intr][Intrg][3Pl]
atughaataghaqiit	atugh-–ghagh*[N→N]-~:(ng₁)u[N→V]-@₁~:(u)ta[V→N]-–ghagh*[N→N]-~–ke[N→V]-~i[V→V][V][Intr][Ind][3Pl]
atughaataghaqiit	atugh-–ghagh*[N→N]-~:(ng₁)u[N→V]-~:(u)ta[V→N]-–ghagh*[N→N]-~–ke[N→V]-~i[V→V][V][Intr][Intrg][3Pl]
atughaataghaqiit	atugh-–ghagh*[N→N]-~:(ng₁)u[N→V]-~:(u)ta[V→N]-–ghagh*[N→N]-~–ke[N→V]-~i[V→V][V][Intr][Ind][3Pl]
atughaataghaqiit	atugh-–ghagh*[N→N]-~:(ng₁)u[N→V]-tagh[V→V]-~(g₁)aqe[V→V]-~i[V→V][V][Intr][Intrg][3Pl]
atughaataghaqiit	atugh-–ghagh*[N→N]-~:(ng₁)u[N→V]-tagh[V→V]-~(g₁)aqe[V→V]-~i[V→V][V][Intr][Ind][3Pl]
atughaataghaqiit	atugh-–ghagh*[N→N]-~:(ng₁)u[N→V]-tagh[V→V]-~(g₁)aqe[V→V][V][Trns][Ind][3Du][3Sg]
atughaataghaqiit	atugh-–ghagh*[N→N]-~:(ng₁)u[N→V]-tagh[V→V]-~(g₁)aqe[V→V][V][Trns][Ind][3Pl][3Pl]
atughaataghaqiit	atugh-–ghagh*[N→N]-~:(ng₁)u[N→V]-tagh[V→V]-aq[V→N]-~–ke[N→V]-~i[V→V][V][Intr][Intrg][3Pl]
atughaataghaqiit	atugh-–ghagh*[N→N]-~:(ng₁)u[N→V]-tagh[V→V]-aq[V→N]-~–ke[N→V]-~i[V→V][V][Intr][Ind][3Pl]
atughaataghaqiit	atugh-–ghagh*[N→N]-~:(ng₁)u[N→V]-tagh[V→V]-aq[V→N]-––i[N→V][V][Intr][Intrg][3Pl]
atughaataghaqiit	atugh-–ghagh*[N→N]-~:(ng₁)u[N→V]-tagh[V→V]-aq[V→N]-––i[N→V][V][Intr][Ind][3Pl]
atughaataghaqiit	atugh-~aghte[V→V]-@₁~:(u)taq[V→N]-–ghagh*[N→N]-~–ke[N→V]-~i[V→V][V][Intr][Intrg][3Pl]
atughaataghaqiit	atugh-~aghte[V→V]-@₁~:(u)taq[V→N]-–ghagh*[N→N]-~–ke[N→V]-~i[V→V][V][Intr][Ind][3Pl]
atughaataghaqiit	atugh-~aghte[V→V]-@₁~:(u)ta[V→N]-–ghagh*[N→N]-~–ke[N→V]-~i[V→V][V][Intr][Intrg][3Pl]
atughaataghaqiit	atugh-~aghte[V→V]-@₁~:(u)ta[V→N]-–ghagh*[N→N]-~–ke[N→V]-~i[V→V][V][Intr][Ind][3Pl]
atughaataghaqiit	atugh-~aatagh[V→V]-~(g₁)aqe[V→V]-~i[V→V][V][Intr][Intrg][3Pl]
atughaataghaqiit	atugh-~aatagh[V→V]-~(g₁)aqe[V→V]-~i[V→V][V][Intr][Ind][3Pl]
atughaataghaqiit	atugh-~aatagh[V→V]-~(g₁)aqe[V→V][V][Trns][Ind][3Du][3Sg]
atughaataghaqiit	atugh-~aatagh[V→V]-~(g₁)aqe[V→V][V][Trns][Ind][3Pl][3Pl]
atughaataghaqiit	atugh-~aatagh[V→V]-aq[V→N]-~–ke[N→V]-~i[V→V][V][Intr][Intrg][3Pl]
atughaataghaqiit	atugh-~aatagh[V→V]-aq[V→N]-~–ke[N→V]-~i[V→V][V][Intr][Ind][3Pl]
atughaataghaqiit	atugh-~aatagh[V→V]-aq[V→N]-––i[N→V][V][Intr][Intrg][3Pl]
atughaataghaqiit	atugh-~aatagh[V→V]-aq[V→N]-––i[N→V][V][Intr][Ind][3Pl]
atughaataghaqiit	atugh-aq[V→N]-–ghte[N→V]-@₁~:(u)taq[V→N]-–ghagh*[N→N]-~–ke[N→V]-~i[V→V][V][Intr][Intrg][3Pl]
atughaataghaqiit	atugh-aq[V→N]-–ghte[N→V]-@₁~:(u)taq[V→N]-–ghagh*[N→N]-~–ke[N→V]-~i[V→V][V][Intr][Ind][3Pl]
atughaataghaqiit	atugh-aq[V→N]-–ghte[N→V]-@₁~:(u)ta[V→N]-–ghagh*[N→N]-~–ke[N→V]-~i[V→V][V][Intr][Intrg][3Pl]
atughaataghaqiit	atugh-aq[V→N]-–ghte[N→V]-@₁~:(u)ta[V→N]-–ghagh*[N→N]-~–ke[N→V]-~i[V→V][V][Intr][Ind][3Pl]
atughaataghaqiit	atugh-aq[V→N]-–ghte[N→V]-te[V→V]-@₁~:(u)taq[V→N]-–ghagh*[N→N]-~–ke[N→V]-~i[V→V][V][Intr][Intrg][3Pl]
atughaataghaqiit	atugh-aq[V→N]-–ghte[N→V]-te[V→V]-@₁~:(u)taq[V→N]-–ghagh*[N→N]-~–ke[N→V]-~i[V→V][V][Intr][Ind][3Pl]
atughaataghaqiit	atugh-aq[V→N]-–ghte[N→V]-te[V→V]-@₁~:(u)ta[V→N]-–ghagh*[N→N]-~–ke[N→V]-~i[V→V][V][Intr][Intrg][3Pl]
atughaataghaqiit	atugh-aq[V→N]-–ghte[N→V]-te[V→V]-@₁~:(u)ta[V→N]-–ghagh*[N→N]-~–ke[N→V]-~i[V→V][V][Intr][Ind][3Pl]
atughaataghaqiit	atugh-ate[N→V]-@₁~:(u)taq[V→N]-–ghagh*[N→N]-~–ke[N→V]-~i[V→V][V][Intr][Intrg][3Pl]
atughaataghaqiit	atugh-ate[N→V]-@₁~:(u)taq[V→N]-–ghagh*[N→N]-~–ke[N→V]-~i[V→V][V][Intr][Ind][3Pl]
atughaataghaqiit	atugh-ate[N→V]-@₁~:(u)ta[V→N]-–ghagh*[N→N]-~–ke[N→V]-~i[V→V][V][Intr][Intrg][3Pl]
atughaataghaqiit	atugh-ate[N→V]-@₁~:(u)ta[V→N]-–ghagh*[N→N]-~–ke[N→V]-~i[V→V][V][Intr][Ind][3Pl]
atughaataghaqiit	atugh-agh[N→V]-–ghte[V→V]-@₁~:(u)taq[V→N]-–ghagh*[N→N]-~–ke[N→V]-~i[V→V][V][Intr][Intrg][3Pl]
atughaataghaqiit	atugh-agh[N→V]-–ghte[V→V]-@₁~:(u)taq[V→N]-–ghagh*[N→N]-~–ke[N→V]-~i[V→V][V][Intr][Ind][3Pl]
atughaataghaqiit	atugh-agh[N→V]-–ghte[V→V]-@₁~:(u)ta[V→N]-–ghagh*[N→N]-~–ke[N→V]-~i[V→V][V][Intr][Intrg][3Pl]
atughaataghaqiit	atugh-agh[N→V]-–ghte[V→V]-@₁~:(u)ta[V→N]-–ghagh*[N→N]-~–ke[N→V]-~i[V→V][V][Intr][Ind][3Pl]
atughaataghaqiit	atugh-agh[N→V]-@₁~:(u)taq[V→N]-–ghagh*[N→N]-~–ke[N→V]-~i[V→V][V][Intr][Intrg][3Pl]
atughaataghaqiit	atugh-agh[N→V]-@₁~:(u)taq[V→N]-–ghagh*[N→N]-~–ke[N→V]-~i[V→V][V][Intr][Ind][3Pl]
atughaataghaqiit	atugh-agh[N→V]-@₁~:(u)ta[V→N]-–ghagh*[N→N]-~–ke[N→V]-~i[V→V][V][Intr][Intrg][3Pl]
atughaataghaqiit	atugh-agh[N→V]-@₁~:(u)ta[V→N]-–ghagh*[N→N]-~–ke[N→V]-~i[V→V][V][Intr][Ind][3Pl]
atughaataghaqiit	atugh-agh[N→V]-te[V→V]-@₁~:(u)taq[V→N]-–ghagh*[N→N]-~–ke[N→V]-~i[V→V][V][Intr][Intrg][3Pl]
atughaataghaqiit	atugh-agh[N→V]-te[V→V]-@₁~:(u)taq[V→N]-–ghagh*[N→N]-~–ke[N→V]-~i[V→V][V][Intr][Ind][3Pl]
atughaataghaqiit	atugh-agh[N→V]-te[V→V]-@₁~:(u)ta[V→N]-–ghagh*[N→N]-~–ke[N→V]-~i[V→V][V][Intr][Intrg][3Pl]
atughaataghaqiit	atugh-agh[N→V]-te[V→V]-@₁~:(u)ta[V→N]-–ghagh*[N→N]-~–ke[N→V]-~i[V→V][V][Intr][Ind][3Pl]
atughaataghaqiit	atugh-agh[N→V]-~:(ng₁)u[V→V]-@₁~:(u)taq[V→N]-–ghagh*[N→N]-~–ke[N→V]-~i[V→V][V][Intr][Intrg][3Pl]
atughaataghaqiit	atugh-agh[N→V]-~:(ng₁)u[V→V]-@₁~:(u)taq[V→N]-–ghagh*[N→N]-~–ke[N→V]-~i[V→V][V][Intr][Ind][3Pl]
atughaataghaqiit	atugh-agh[N→V]-~:(ng₁)u[V→V]-@₁~:(u)ta[V→N]-–ghagh*[N→N]-~–ke[N→V]-~i[V→V][V][Intr][Intrg][3Pl]
atughaataghaqiit	atugh-agh[N→V]-~:(ng₁)u[V→V]-@₁~:(u)ta[V→N]-–ghagh*[N→N]-~–ke[N→V]-~i[V→V][V][Intr][Ind][3Pl]
atughaataghaqiit	atugh-agh[N→V]-~:(ng₁)u[V→V]-~:(u)ta[V→N]-–ghagh*[N→N]-~–ke[N→V]-~i[V→V][V][Intr][Intrg][3Pl]
atughaataghaqiit	atugh-agh[N→V]-~:(ng₁)u[V→V]-~:(u)ta[V→N]-–ghagh*[N→N]-~–ke[N→V]-~i[V→V][V][Intr][Ind][3Pl]
atughaataghaqiit	atugh-agh[N→V]-~:(ng₁)u[V→V]-tagh[V→V]-~(g₁)aqe[V→V]-~i[V→V][V][Intr][Intrg][3Pl]
atughaataghaqiit	atugh-agh[N→V]-~:(ng₁)u[V→V]-tagh[V→V]-~(g₁)aqe[V→V]-~i[V→V][V][Intr][Ind][3Pl]
atughaataghaqiit	atugh-agh[N→V]-~:(ng₁)u[V→V]-tagh[V→V]-~(g₁)aqe[V→V][V][Trns][Ind][3Du][3Sg]
atughaataghaqiit	atugh-agh[N→V]-~:(ng₁)u[V→V]-tagh[V→V]-~(g₁)aqe[V→V][V][Trns][Ind][3Pl][3Pl]
atughaataghaqiit	atugh-agh[N→V]-~:(ng₁)u[V→V]-tagh[V→V]-aq[V→N]-~–ke[N→V]-~i[V→V][V][Intr][Intrg][3Pl]
atughaataghaqiit	atugh-agh[N→V]-~:(ng₁)u[V→V]-tagh[V→V]-aq[V→N]-~–ke[N→V]-~i[V→V][V][Intr][Ind][3Pl]
atughaataghaqiit	atugh-agh[N→V]-~:(ng₁)u[V→V]-tagh[V→V]-aq[V→N]-––i[N→V][V][Intr][Intrg][3Pl]
atughaataghaqiit	atugh-agh[N→V]-~:(ng₁)u[V→V]-tagh[V→V]-aq[V→N]-––i[N→V][V][Intr][Ind][3Pl]
atughaataghaqiit	atugh-agh[N→V]-~:(u)ta[V→N]-–ghagh*[N→N]-~–ke[N→V]-~i[V→V][V][Intr][Intrg][3Pl]
atughaataghaqiit	atugh-agh[N→V]-~:(u)ta[V→N]-–ghagh*[N→N]-~–ke[N→V]-~i[V→V][V][Intr][Ind][3Pl]

enkaam	enkaam

pingayaani	pi-~fnga[V→V]-@₁~:(u)te[V→V]-@₁~f–yu[V→V]-aq[V→N][N][Abs][4SgPoss][SgPosd]
pingayaani	pi-~fnga[V→V]-@₁~:(u)te[V→V]-@₁~f–yu[V→V]-aq[V→N][N][Abs][4SgPoss][PlPosd]
pingayaani	pi-~fnga[V→V]-@₁~:(u)te[V→V]-@₁~fyagh[V→V]-–ghte[V→V]-@₁~:(u)n[V→N][N][Abs][4SgPoss][SgPosd]
pingayaani	pi-~fnga[V→V]-@₁~:(u)te[V→V]-@₁~fyagh[V→V]-–ghte[V→V]-@₁~:(u)n[V→N][N][Abs][4SgPoss][PlPosd]
pingayaani	pi-~fnga[V→V]-@₁~:(u)te[V→V]-@₁~fyagh[V→V]-–ghte[V→V]-@₁~:(u)n[V→N][N][Abs][3SgPoss][PlPosd]
pingayaani	pi-~fnga[V→V]-@₁~:(u)te[V→V]-@₁~fyagh[V→V]-@₁~:(u)n[V→N][N][Abs][4SgPoss][SgPosd]
pingayaani	pi-~fnga[V→V]-@₁~:(u)te[V→V]-@₁~fyagh[V→V]-@₁~:(u)n[V→N][N][Abs][4SgPoss][PlPosd]
pingayaani	pi-~fnga[V→V]-@₁~:(u)te[V→V]-@₁~fyagh[V→V]-@₁~:(u)n[V→N][N][Abs][3SgPoss][PlPosd]
pingayaani	pi-~fnga[V→V]-@₁~:(u)te[V→V]-@₁~fyagh[V→V]-te[V→V]-@₁~:(u)n[V→N][N][Abs][4SgPoss][SgPosd]
pingayaani	pi-~fnga[V→V]-@₁~:(u)te[V→V]-@₁~fyagh[V→V]-te[V→V]-@₁~:(u)n[V→N][N][Abs][4SgPoss][PlPosd]
pingayaani	pi-~fnga[V→V]-@₁~:(u)te[V→V]-@₁~fyagh[V→V]-te[V→V]-@₁~:(u)n[V→N][N][Abs][3SgPoss][PlPosd]
pingayaani	pi-~fnga[V→V]-@₁~:(u)te[V→V]-@₁~fyagh[V→V]-~:(ng₁)u[V→V]-@₁~:(u)te[V→V]-@₁~fni[V→V][V][Intr][Opt][PRS][2Sg]
pingayaani	pi-~fnga[V→V]-@₁~:(u)te[V→V]-@₁~fyagh[V→V]-~:(ng₁)u[V→V]-@₁~:(u)te[V→V]-@₁~fni[Cmpd_Vbl][V][Intr][Opt][PRS][2Sg]
pingayaani	pi-~fnga[V→V]-@₁~:(u)te[V→V]-@₁~fyagh[V→V]-~:(ng₁)u[V→V]-@₁~:(u)n[V→N][N][Abs][4SgPoss][SgPosd]
pingayaani	pi-~fnga[V→V]-@₁~:(u)te[V→V]-@₁~fyagh[V→V]-~:(ng₁)u[V→V]-@₁~:(u)n[V→N][N][Abs][4SgPoss][PlPosd]
pingayaani	pi-~fnga[V→V]-@₁~:(u)te[V→V]-@₁~fyagh[V→V]-~:(ng₁)u[V→V]-@₁~:(u)n[V→N][N][Abs][3SgPoss][PlPosd]
pingayaani	pi-~fnga[V→V]-@₁~:(u)te[V→V]-@₁~fyagh[V→V]-~:(ng₁)u[V→V]-@₁~fni[V→V][V][Intr][Opt][PRS][2Sg]
pingayaani	pi-~fnga[V→V]-@₁~:(u)te[V→V]-@₁~fyagh[V→V]-~:(ng₁)u[V→V]-@₁~fni[Cmpd_Vbl][V][Intr][Opt][PRS][2Sg]
pingayaani	pi-~fnga[V→V]-@₁~:(u)te[V→V]-@₁~fyagh[V→V]-~:(ng₁)u[V→V]-~:(u)te[V→V]-@₁~fni[V→V][V][Intr][Opt][PRS][2Sg]
pingayaani	pi-~fnga[V→V]-@₁~:(u)te[V→V]-@₁~fyagh[V→V]-~:(ng₁)u[V→V]-~:(u)te[V→V]-@₁~fni[Cmpd_Vbl][V][Intr][Opt][PRS][2Sg]
pingayaani	pi-~fnga[V→V]-@₁~:(u)n[V→N]-–yaaq[N→N][N][Abs][4SgPoss][SgPosd]
pingayaani	pi-~fnga[V→V]-@₁~:(u)n[V→N]-–yaaq[N→N][N][Abs][4SgPoss][PlPosd]
pingayaani	pi-~fnga[V→V]-@₁~f–yu[V→V]-aq[V→N][N][Abs][4SgPoss][SgPosd]
pingayaani	pi-~fnga[V→V]-@₁~f–yu[V→V]-aq[V→N][N][Abs][4SgPoss][PlPosd]
pingayaani	pi-~fnga[V→V]-@₁~fyagh[V→V]-–ghte[V→V]-@₁~:(u)n[V→N][N][Abs][4SgPoss][SgPosd]
pingayaani	pi-~fnga[V→V]-@₁~fyagh[V→V]-–ghte[V→V]-@₁~:(u)n[V→N][N][Abs][4SgPoss][PlPosd]
pingayaani	pi-~fnga[V→V]-@₁~fyagh[V→V]-–ghte[V→V]-@₁~:(u)n[V→N][N][Abs][3SgPoss][PlPosd]
pingayaani	pi-~fnga[V→V]-@₁~fyagh[V→V]-@₁~:(u)n[V→N][N][Abs][4SgPoss][SgPosd]
pingayaani	pi-~fnga[V→V]-@₁~fyagh[V→V]-@₁~:(u)n[V→N][N][Abs][4SgPoss][PlPosd]
pingayaani	pi-~fnga[V→V]-@₁~fyagh[V→V]-@₁~:(u)n[V→N][N][Abs][3SgPoss][PlPosd]
pingayaani	pi-~fnga[V→V]-@₁~fyagh[V→V]-te[V→V]-@₁~:(u)n[V→N][N][Abs][4SgPoss][SgPosd]
pingayaani	pi-~fnga[V→V]-@₁~fyagh[V→V]-te[V→V]-@₁~:(u)n[V→N][N][Abs][4SgPoss][PlPosd]
pingayaani	pi-~fnga[V→V]-@₁~fyagh[V→V]-te[V→V]-@₁~:(u)n[V→N][N][Abs][3SgPoss][PlPosd]
pingayaani	pi-~fnga[V→V]-@₁~fyagh[V→V]-~:(ng₁)u[V→V]-@₁~:(u)te[V→V]-@₁~fni[V→V][V][Intr][Opt][PRS][2Sg]
pingayaani	pi-~fnga[V→V]-@₁~fyagh[V→V]-~:(ng₁)u[V→V]-@₁~:(u)te[V→V]-@₁~fni[Cmpd_Vbl][V][Intr][Opt][PRS][2Sg]
pingayaani	pi-~fnga[V→V]-@₁~fyagh[V→V]-~:(ng₁)u[V→V]-@₁~:(u)n[V→N][N][Abs][4SgPoss][SgPosd]
pingayaani	pi-~fnga[V→V]-@₁~fyagh[V→V]-~:(ng₁)u[V→V]-@₁~:(u)n[V→N][N][Abs][4SgPoss][PlPosd]
pingayaani	pi-~fnga[V→V]-@₁~fyagh[V→V]-~:(ng₁)u[V→V]-@₁~:(u)n[V→N][N][Abs][3SgPoss][PlPosd]
pingayaani	pi-~fnga[V→V]-@₁~fyagh[V→V]-~:(ng₁)u[V→V]-@₁~fni[V→V][V][Intr][Opt][PRS][2Sg]
pingayaani	pi-~fnga[V→V]-@₁~fyagh[V→V]-~:(ng₁)u[V→V]-@₁~fni[Cmpd_Vbl][V][Intr][Opt][PRS][2Sg]
pingayaani	pi-~fnga[V→V]-@₁~fyagh[V→V]-~:(ng₁)u[V→V]-~:(u)te[V→V]-@₁~fni[V→V][V][Intr][Opt][PRS][2Sg]
pingayaani	pi-~fnga[V→V]-@₁~fyagh[V→V]-~:(ng₁)u[V→V]-~:(u)te[V→V]-@₁~fni[Cmpd_Vbl][V][Intr][Opt][PRS][2Sg]
pingayaani	pi-~fnga[V→V]-~:(u)te[V→V]-@₁~f–yu[V→V]-aq[V→N][N][Abs][4SgPoss][SgPosd]
pingayaani	pi-~fnga[V→V]-~:(u)te[V→V]-@₁~f–yu[V→V]-aq[V→N][N][Abs][4SgPoss][PlPosd]
pingayaani	pi-~fnga[V→V]-~:(u)te[V→V]-@₁~fyagh[V→V]-–ghte[V→V]-@₁~:(u)n[V→N][N][Abs][4SgPoss][SgPosd]
pingayaani	pi-~fnga[V→V]-~:(u)te[V→V]-@₁~fyagh[V→V]-–ghte[V→V]-@₁~:(u)n[V→N][N][Abs][4SgPoss][PlPosd]
pingayaani	pi-~fnga[V→V]-~:(u)te[V→V]-@₁~fyagh[V→V]-–ghte[V→V]-@₁~:(u)n[V→N][N][Abs][3SgPoss][PlPosd]
pingayaani	pi-~fnga[V→V]-~:(u)te[V→V]-@₁~fyagh[V→V]-@₁~:(u)n[V→N][N][Abs][4SgPoss][SgPosd]
pingayaani	pi-~fnga[V→V]-~:(u)te[V→V]-@₁~fyagh[V→V]-@₁~:(u)n[V→N][N][Abs][4SgPoss][PlPosd]
pingayaani	pi-~fnga[V→V]-~:(u)te[V→V]-@₁~fyagh[V→V]-@₁~:(u)n[V→N][N][Abs][3SgPoss][PlPosd]
pingayaani	pi-~fnga[V→V]-~:(u)te[V→V]-@₁~fyagh[V→V]-te[V→V]-@₁~:(u)n[V→N][N][Abs][4SgPoss][SgPosd]
pingayaani	pi-~fnga[V→V]-~:(u)te[V→V]-@₁~fyagh[V→V]-te[V→V]-@₁~:(u)n[V→N][N][Abs][4SgPoss][PlPosd]
pingayaani	pi-~fnga[V→V]-~:(u)te[V→V]-@₁~fyagh[V→V]-te[V→V]-@₁~:(u)n[V→N][N][Abs][3SgPoss][PlPosd]
pingayaani	pi-~fnga[V→V]-~:(u)te[V→V]-@₁~fyagh[V→V]-~:(ng₁)u[V→V]-@₁~:(u)te[V→V]-@₁~fni[V→V][V][Intr][Opt][PRS][2Sg]
pingayaani	pi-~fnga[V→V]-~:(u)te[V→V]-@₁~fyagh[V→V]-~:(ng₁)u[V→V]-@₁~:(u)te[V→V]-@₁~fni[Cmpd_Vbl][V][Intr][Opt][PRS][2Sg]
pingayaani	pi-~fnga[V→V]-~:(u)te[V→V]-@₁~fyagh[V→V]-~:(ng₁)u[V→V]-@₁~:(u)n[V→N][N][Abs][4SgPoss][SgPosd]
pingayaani	pi-~fnga[V→V]-~:(u)te[V→V]-@₁~fyagh[V→V]-~:(ng₁)u[V→V]-@₁~:(u)n[V→N][N][Abs][4SgPoss][PlPosd]
pingayaani	pi-~fnga[V→V]-~:(u)te[V→V]-@₁~fyagh[V→V]-~:(ng₁)u[V→V]-@₁~:(u)n[V→N][N][Abs][3SgPoss][PlPosd]
pingayaani	pi-~fnga[V→V]-~:(u)te[V→V]-@₁~fyagh[V→V]-~:(ng₁)u[V→V]-@₁~fni[V→V][V][Intr][Opt][PRS][2Sg]
pingayaani	pi-~fnga[V→V]-~:(u)te[V→V]-@₁~fyagh[V→V]-~:(ng₁)u[V→V]-@₁~fni[Cmpd_Vbl][V][Intr][Opt][PRS][2Sg]
pingayaani	pi-~fnga[V→V]-~:(u)te[V→V]-@₁~fyagh[V→V]-~:(ng₁)u[V→V]-~:(u)te[V→V]-@₁~fni[V→V][V][Intr][Opt][PRS][2Sg]
pingayaani	pi-~fnga[V→V]-~:(u)te[V→V]-@₁~fyagh[V→V]-~:(ng₁)u[V→V]-~:(u)te[V→V]-@₁~fni[Cmpd_Vbl][V][Intr][Opt][PRS][2Sg]
pingayaani	pi-~fnga[V→V]-~:(u)te[V→N]-@₁~fyagh[N→V]-–ghte[V→V]-@₁~:(u)n[V→N][N][Abs][4SgPoss][SgPosd]
pingayaani	pi-~fnga[V→V]-~:(u)te[V→N]-@₁~fyagh[N→V]-–ghte[V→V]-@₁~:(u)n[V→N][N][Abs][4SgPoss][PlPosd]
pingayaani	pi-~fnga[V→V]-~:(u)te[V→N]-@₁~fyagh[N→V]-–ghte[V→V]-@₁~:(u)n[V→N][N][Abs][3SgPoss][PlPosd]
pingayaani	pi-~fnga[V→V]-~:(u)te[V→N]-@₁~fyagh[N→V]-@₁~:(u)n[V→N][N][Abs][4SgPoss][SgPosd]
pingayaani	pi-~fnga[V→V]-~:(u)te[V→N]-@₁~fyagh[N→V]-@₁~:(u)n[V→N][N][Abs][4SgPoss][PlPosd]
pingayaani	pi-~fnga[V→V]-~:(u)te[V→N]-@₁~fyagh[N→V]-@₁~:(u)n[V→N][N][Abs][3SgPoss][PlPosd]
pingayaani	pi-~fnga[V→V]-~:(u)te[V→N]-@₁~fyagh[N→V]-te[V→V]-@₁~:(u)n[V→N][N][Abs][4SgPoss][SgPosd]
pingayaani	pi-~fnga[V→V]-~:(u)te[V→N]-@₁~fyagh[N→V]-te[V→V]-@₁~:(u)n[V→N][N][Abs][4SgPoss][PlPosd]
pingayaani	pi-~fnga[V→V]-~:(u)te[V→N]-@₁~fyagh[N→V]-te[V→V]-@₁~:(u)n[V→N][N][Abs][3SgPoss][PlPosd]
pingayaani	pi-~fnga[V→V]-~:(u)te[V→N]-@₁~fyagh[N→V]-~:(ng₁)u[V→V]-@₁~:(u)te[V→V]-@₁~fni[V→V][V][Intr][Opt][PRS][2Sg]
pingayaani	pi-~fnga[V→V]-~:(u)te[V→N]-@₁~fyagh[N→V]-~:(ng₁)u[V→V]-@₁~:(u)te[V→V]-@₁~fni[Cmpd_Vbl][V][Intr][Opt][PRS][2Sg]
pingayaani	pi-~fnga[V→V]-~:(u)te[V→N]-@₁~fyagh[N→V]-~:(ng₁)u[V→V]-@₁~:(u)n[V→N][N][Abs][4SgPoss][SgPosd]
pingayaani	pi-~fnga[V→V]-~:(u)te[V→N]-@₁~fyagh[N→V]-~:(ng₁)u[V→V]-@₁~:(u)n[V→N][N][Abs][4SgPoss][PlPosd]
pingayaani	pi-~fnga[V→V]-~:(u)te[V→N]-@₁~fyagh[N→V]-~:(ng₁)u[V→V]-@₁~:(u)n[V→N][N][Abs][3SgPoss][PlPosd]
pingayaani	pi-~fnga[V→V]-~:(u)te[V→N]-@₁~fyagh[N→V]-~:(ng₁)u[V→V]-@₁~fni[V→V][V][Intr][Opt][PRS][2Sg]
pingayaani	pi-~fnga[V→V]-~:(u)te[V→N]-@₁~fyagh[N→V]-~:(ng₁)u[V→V]-@₁~fni[Cmpd_Vbl][V][Intr][Opt][PRS][2Sg]
pingayaani	pi-~fnga[V→V]-~:(u)te[V→N]-@₁~fyagh[N→V]-~:(ng₁)u[V→V]-~:(u)te[V→V]-@₁~fni[V→V][V][Intr][Opt][PRS][2Sg]
pingayaani	pi-~fnga[V→V]-~:(u)te[V→N]-@₁~fyagh[N→V]-~:(ng₁)u[V→V]-~:(u)te[V→V]-@₁~fni[Cmpd_Vbl][V][Intr][Opt][PRS][2Sg]
pingayaani	pi-–ngagh[V→V]-@₁~f–yu[V→V]-aq[V→N][N][Abs][4SgPoss][SgPosd]
pingayaani	pi-–ngagh[V→V]-@₁~f–yu[V→V]-aq[V→N][N][Abs][4SgPoss][PlPosd]

taakut	taake[V][Intr][Ind][3Pl]

teghrughaaghet	teghrughaagh[N][Abs][Unpd][Pl]
teghrughaaghet	teghrughaagh[N][Rel][Unpd][Pl]

petugngalghiit	petug-~fnga[V→V]-@₁–lghii[V→N][N][Abs][Unpd][Pl]
petugngalghiit	petug-~fnga[V→V]-@₁–lghii[V→N][N][Rel][Unpd][Pl]
petugngalghiit	petug-~fnga[V→V][V][Intr][Ptcp][3Pl]

qeteghtaqut	qete-–ghte[V→V]-~(g₁)aqe[V→V][V][Intr][Ind][3Pl]
qeteghtaqut	qetegh-–ghte[N→V]-~(g₁)aqe[V→V][V][Intr][Ind][3Pl]
qeteghtaqut	qetegh-te[N→V]-~(g₁)aqe[V→V][V][Intr][Ind][3Pl]
qeteghtaqut	qetegh-taq[N→N]-~–ke[N→V][V][Intr][Ind][3Pl]
qeteghtaqut	qetegh-ta[N→N]-qe[N→V][V][Intr][Ind][3Pl]

------------------------


------------------------
Tawaten kenelighluki eghqwaaghluteng ama iikluki, itegsin'ghuut mangtagtii taakwegkut.

tawaten	tawaten

kenelighluki	kenegh-–ligh[N→V][V][Trns][Sbrd][_][3Pl]
kenelighluki	keneligh[V][Trns][Sbrd][_][3Pl]

eghqwaaghluteng	eghqwaagh[V][Intr][Sbrd][3Pl]

ama	ama

iikluki	iiw-––i[N→V]-@₁~:(u)n[V→N]-~–ke[N→N]-te[N→V]-te[V→V][V][Trns][Sbrd][_][3Pl]
iikluki	iiw-––i[N→V]-@₁~:(u)n[V→N]-~–ke[N→N]-te[N→V][V][Trns][Sbrd][_][3Pl]
iikluki	iiw-––i[N→V]-@*@₂~sf–(g₂)k(a)e[V→N]-te[N→V]-te[V→V][V][Trns][Sbrd][_][3Pl]
iikluki	iiw-––i[N→V]-@*@₂~sf–(g₂)k(a)e[V→N]-te[N→V][V][Trns][Sbrd][_][3Pl]
iikluki	iike-te[V→V][V][Trns][Sbrd][_][3Pl]
iikluki	iike[V][Trns][Sbrd][_][3Pl]
iikluki	aaw-––i[N→V]-@₁~:(u)n[V→N]-~–ke[N→N]-te[N→V]-te[V→V][V][Trns][Sbrd][_][3Pl]
iikluki	aaw-––i[N→V]-@₁~:(u)n[V→N]-~–ke[N→N]-te[N→V][V][Trns][Sbrd][_][3Pl]
iikluki	aaw-––i[N→V]-@*@₂~sf–(g₂)k(a)e[V→N]-te[N→V]-te[V→V][V][Trns][Sbrd][_][3Pl]
iikluki	aaw-––i[N→V]-@*@₂~sf–(g₂)k(a)e[V→N]-te[N→V][V][Trns][Sbrd][_][3Pl]
iikluki	aaghw-––i[N→V]-@₁~:(u)n[V→N]-~–ke[N→N]-te[N→V]-te[V→V][V][Trns][Sbrd][_][3Pl]
iikluki	aaghw-––i[N→V]-@₁~:(u)n[V→N]-~–ke[N→N]-te[N→V][V][Trns][Sbrd][_][3Pl]
iikluki	aaghw-––i[N→V]-@*@₂~sf–(g₂)k(a)e[V→N]-te[N→V]-te[V→V][V][Trns][Sbrd][_][3Pl]
iikluki	aaghw-––i[N→V]-@*@₂~sf–(g₂)k(a)e[V→N]-te[N→V][V][Trns][Sbrd][_][3Pl]

mangtagtii	mangtag-–ghte[N→V]-~i[V→V]-~i[V→V][V][Intr][Opt][PRS][2Sg]
mangtagtii	mangtag-–ghte[N→V]-~i[V→V][V][Intr][Intrg][3Sg]
mangtagtii	mangtag-–ghte[N→V][V][Trns][Ind][3Sg][3Pl]
mangtagtii	mangtag-te[N→V]-~i[V→V]-~i[V→V][V][Intr][Opt][PRS][2Sg]
mangtagtii	mangtag-te[N→V]-~i[V→V][V][Intr][Intrg][3Sg]
mangtagtii	mangtag-te[N→V][V][Trns][Ind][3Sg][3Pl]
mangtagtii	mangtag-taq[N→N]-––i[N→V][V][Intr][Intrg][3Sg]
mangtagtii	mangtag-taq[N→N]-––igh[N→V]-~:(ng₁)u[V→V][V][Intr][Opt][PRS][2Sg]
mangtagtii	mangtag-taq[N→N]-––igh[N→V][V][Intr][Opt][PRS][2Sg]
mangtagtii	mangtag-tu[N→V]-aq[V→N]-––i[N→V][V][Intr][Opt][PRS][2Sg]
mangtagtii	mangtag-tu[N→V]-~i[V→V][V][Intr][Opt][PRS][2Sg]
mangtagtii	mangtag-tu[N→V][V][Trns][Ind][3Sg][3Pl]
mangtagtii	mangtag-ti[N→V]-aq[V→N]-––i[N→V][V][Intr][Opt][PRS][2Sg]
mangtagtii	mangtag-ti[N→V]-~i[V→V][V][Intr][Opt][PRS][2Sg]
mangtagtii	mangtag-ti[N→V][V][Intr][Intrg][3Sg]
mangtagtii	mangtag-ti[N→V][V][Trns][Ind][3Sg][3Sg]
mangtagtii	mangtag-ti[N→V][V][Trns][Ind][3Sg][3Pl]
mangtagtii	mangtag-ta[N→N]-––i[N→V][V][Intr][Opt][PRS][2Sg]

------------------------
Natengiighhaq eslegkakaan entaqun naten iqetutkaaqut one foot-na-half-neng, five inches eslegkakiita.

natengiighhaq	na-~:(u)te[V→N]-–nge[N→V]-~i[V→V]-@₁~:(u)te[V→V]-@₁~:(u)n[V→N]-–ghhagh*[N→N][N][Abs][Unpd][Sg]
natengiighhaq	na-~:(u)te[V→N]-–nge[N→V]-~i[V→V]-@₁~:(u)n[V→N]-–ghte[N→V]-@₁~:(u)n[V→N]-–ghhagh*[N→N][N][Abs][Unpd][Sg]
natengiighhaq	na-~:(u)te[V→N]-–nge[N→V]-~i[V→V]-@₁~:(u)n[V→N]-–ghte[N→V]-te[V→V]-@₁~:(u)n[V→N]-–ghhagh*[N→N][N][Abs][Unpd][Sg]
natengiighhaq	na-~:(u)te[V→N]-–nge[N→V]-~i[V→V]-te[V→V]-@₁~:(u)n[V→N]-–ghhagh*[N→N][N][Abs][Unpd][Sg]
natengiighhaq	na-~:(u)te[V→N]-–nge[N→V]-~i[V→V]-~:(u)te[V→V]-@₁~:(u)n[V→N]-–ghhagh*[N→N][N][Abs][Unpd][Sg]
natengiighhaq	na-~:(u)te[V→N]-–nge[N→V]-~i[V→V]-~:(u)te[V→N]-te[N→V]-@₁~:(u)n[V→N]-–ghhagh*[N→N][N][Abs][Unpd][Sg]
natengiighhaq	na-~:(u)te[V→N]-–nge[N→V]-~i[V→V]-~:(u)te[V→N]-te[N→V]-te[V→V]-@₁~:(u)n[V→N]-–ghhagh*[N→N][N][Abs][Unpd][Sg]
natengiighhaq	na-~:(u)te[V→N]-–nge[N→V]-~i[V→V]-~i[V→V]-@₁~:(u)n[V→N]-–ghhagh*[N→N][N][Abs][Unpd][Sg]
natengiighhaq	na-~:(u)te[V→N]-–nge[N→V]-~i[V→V]-–ghte[V→V]-@₁~:(u)n[V→N]-–ghhagh*[N→N][N][Abs][Unpd][Sg]
natengiighhaq	na-~:(u)te[V→N]-–nge[N→V]-~i[V→V]-aq[V→N]-–ghhagh*[N→N][N][Abs][Unpd][Sg]
natengiighhaq	nategh-–nge[N→V]-~i[V→V]-@₁~:(u)te[V→V]-@₁~:(u)n[V→N]-–ghhagh*[N→N][N][Abs][Unpd][Sg]
natengiighhaq	nategh-–nge[N→V]-~i[V→V]-@₁~:(u)n[V→N]-–ghte[N→V]-@₁~:(u)n[V→N]-–ghhagh*[N→N][N][Abs][Unpd][Sg]
natengiighhaq	nategh-–nge[N→V]-~i[V→V]-@₁~:(u)n[V→N]-–ghte[N→V]-te[V→V]-@₁~:(u)n[V→N]-–ghhagh*[N→N][N][Abs][Unpd][Sg]
natengiighhaq	nategh-–nge[N→V]-~i[V→V]-te[V→V]-@₁~:(u)n[V→N]-–ghhagh*[N→N][N][Abs][Unpd][Sg]
natengiighhaq	nategh-–nge[N→V]-~i[V→V]-~:(u)te[V→V]-@₁~:(u)n[V→N]-–ghhagh*[N→N][N][Abs][Unpd][Sg]
natengiighhaq	nategh-–nge[N→V]-~i[V→V]-~:(u)te[V→N]-te[N→V]-@₁~:(u)n[V→N]-–ghhagh*[N→N][N][Abs][Unpd][Sg]
natengiighhaq	nategh-–nge[N→V]-~i[V→V]-~:(u)te[V→N]-te[N→V]-te[V→V]-@₁~:(u)n[V→N]-–ghhagh*[N→N][N][Abs][Unpd][Sg]
natengiighhaq	nategh-–nge[N→V]-~i[V→V]-~i[V→V]-@₁~:(u)n[V→N]-–ghhagh*[N→N][N][Abs][Unpd][Sg]
natengiighhaq	nategh-–nge[N→V]-~i[V→V]-–ghte[V→V]-@₁~:(u)n[V→N]-–ghhagh*[N→N][N][Abs][Unpd][Sg]
natengiighhaq	nategh-–nge[N→V]-~i[V→V]-aq[V→N]-–ghhagh*[N→N][N][Abs][Unpd][Sg]
natengiighhaq	natengiighhaq

entaqun	entaqun

naten	na-@₁~:(u)te[V→V][V][Intr][Opt][PRS][2Sg]
naten	na-~:(u)te[V→V][V][Intr][Opt][PRS][2Sg]
naten	na-~:(u)te[V→N][N][Abs][2SgPoss][SgPosd]
naten	naten
naten	na-te[V→V][V][Intr][Opt][PRS][2Sg]

iqetutkaaqut	iqe-tutka[N→V]-~(g₁)aqe[V→V][V][Intr][Ind][3Pl]
iqetutkaaqut	iqe-tutka[N→V]-aq[V→N]-~–ke[N→V][V][Intr][Ind][3Pl]

------------------------


------------------------
Teghrughaaghes taakut mangtagi uteghmun iikluki, taakut kenghet kumaghlluki eghqwaaghaqlaataqangit tamaaken ggiilleghmeng paneghquumaghmeng.

taakut	taake[V][Intr][Ind][3Pl]

mangtagi	mangtag[N][Abs][3SgPoss][PlPosd]

uteghmun	uteghmun

iikluki	iiw-––i[N→V]-@₁~:(u)n[V→N]-~–ke[N→N]-te[N→V]-te[V→V][V][Trns][Sbrd][_][3Pl]
iikluki	iiw-––i[N→V]-@₁~:(u)n[V→N]-~–ke[N→N]-te[N→V][V][Trns][Sbrd][_][3Pl]
iikluki	iiw-––i[N→V]-@*@₂~sf–(g₂)k(a)e[V→N]-te[N→V]-te[V→V][V][Trns][Sbrd][_][3Pl]
iikluki	iiw-––i[N→V]-@*@₂~sf–(g₂)k(a)e[V→N]-te[N→V][V][Trns][Sbrd][_][3Pl]
iikluki	iike-te[V→V][V][Trns][Sbrd][_][3Pl]
iikluki	iike[V][Trns][Sbrd][_][3Pl]
iikluki	aaw-––i[N→V]-@₁~:(u)n[V→N]-~–ke[N→N]-te[N→V]-te[V→V][V][Trns][Sbrd][_][3Pl]
iikluki	aaw-––i[N→V]-@₁~:(u)n[V→N]-~–ke[N→N]-te[N→V][V][Trns][Sbrd][_][3Pl]
iikluki	aaw-––i[N→V]-@*@₂~sf–(g₂)k(a)e[V→N]-te[N→V]-te[V→V][V][Trns][Sbrd][_][3Pl]
iikluki	aaw-––i[N→V]-@*@₂~sf–(g₂)k(a)e[V→N]-te[N→V][V][Trns][Sbrd][_][3Pl]
iikluki	aaghw-––i[N→V]-@₁~:(u)n[V→N]-~–ke[N→N]-te[N→V]-te[V→V][V][Trns][Sbrd][_][3Pl]
iikluki	aaghw-––i[N→V]-@₁~:(u)n[V→N]-~–ke[N→N]-te[N→V][V][Trns][Sbrd][_][3Pl]
iikluki	aaghw-––i[N→V]-@*@₂~sf–(g₂)k(a)e[V→N]-te[N→V]-te[V→V][V][Trns][Sbrd][_][3Pl]
iikluki	aaghw-––i[N→V]-@*@₂~sf–(g₂)k(a)e[V→N]-te[N→V][V][Trns][Sbrd][_][3Pl]

taakut	taake[V][Intr][Ind][3Pl]

kumaghlluki	kumagh-llug[V→V]-@*@₂~sf–(g₂)k(a)e[V→N]-––i[N→V][V][Intr][Opt][PRS][2Sg]

eghqwaaghaqlaataqangit	eghqwaagh-~(g₁)aqe[V→V]-@₁~laatagh[V→V]-@*@₂~sf–(g₂)k(a)e[V→N][N][Abs][3PlPoss][PlPosd]
eghqwaaghaqlaataqangit	eghqwaagh-~(g₁)aqe[V→V]-@₁~laatagh[V→V][V][Trns][Ptcp][3Du][3Sg]
eghqwaaghaqlaataqangit	eghqwaagh-~(g₁)aqe[V→V]-@₁~laatagh[V→V][V][Trns][Ptcp][3Pl][3Pl]
eghqwaaghaqlaataqangit	eghqwaagh-~(g₁)aqe[V→V]-@₁~flaatagh[V→V]-@*@₂~sf–(g₂)k(a)e[V→N][N][Abs][3PlPoss][PlPosd]
eghqwaaghaqlaataqangit	eghqwaagh-~(g₁)aqe[V→V]-@₁~flaatagh[V→V][V][Trns][Ptcp][3Du][3Sg]
eghqwaaghaqlaataqangit	eghqwaagh-~(g₁)aqe[V→V]-@₁~flaatagh[V→V][V][Trns][Ptcp][3Pl][3Pl]
eghqwaaghaqlaataqangit	eghqwaagh-~(g₁)aqe[V→V]-te[V→V]-@₁~laatagh[V→V]-@*@₂~sf–(g₂)k(a)e[V→N][N][Abs][3PlPoss][PlPosd]
eghqwaaghaqlaataqangit	eghqwaagh-~(g₁)aqe[V→V]-te[V→V]-@₁~laatagh[V→V][V][Trns][Ptcp][3Du][3Sg]
eghqwaaghaqlaataqangit	eghqwaagh-~(g₁)aqe[V→V]-te[V→V]-@₁~laatagh[V→V][V][Trns][Ptcp][3Pl][3Pl]
eghqwaaghaqlaataqangit	eghqwaagh-~(g₁)aqe[V→V]-te[V→V]-@₁~flaatagh[V→V]-@*@₂~sf–(g₂)k(a)e[V→N][N][Abs][3PlPoss][PlPosd]
eghqwaaghaqlaataqangit	eghqwaagh-~(g₁)aqe[V→V]-te[V→V]-@₁~flaatagh[V→V][V][Trns][Ptcp][3Du][3Sg]
eghqwaaghaqlaataqangit	eghqwaagh-~(g₁)aqe[V→V]-te[V→V]-@₁~flaatagh[V→V][V][Trns][Ptcp][3Pl][3Pl]
eghqwaaghaqlaataqangit	eghqwaagh-aq[V→N]-~–ke[N→V]-@₁~laatagh[V→V]-@*@₂~sf–(g₂)k(a)e[V→N][N][Abs][3PlPoss][PlPosd]
eghqwaaghaqlaataqangit	eghqwaagh-aq[V→N]-~–ke[N→V]-@₁~flaatagh[V→V]-@*@₂~sf–(g₂)k(a)e[V→N][N][Abs][3PlPoss][PlPosd]
eghqwaaghaqlaataqangit	eghqwaagh-aq[V→N]-~–ke[N→V]-te[V→V]-@₁~laatagh[V→V]-@*@₂~sf–(g₂)k(a)e[V→N][N][Abs][3PlPoss][PlPosd]
eghqwaaghaqlaataqangit	eghqwaagh-aq[V→N]-~–ke[N→V]-te[V→V]-@₁~flaatagh[V→V]-@*@₂~sf–(g₂)k(a)e[V→N][N][Abs][3PlPoss][PlPosd]
eghqwaaghaqlaataqangit	eghqwaagh-aq[V→N]-~–ke[N→N]-te[N→V]-@₁~laatagh[V→V]-@*@₂~sf–(g₂)k(a)e[V→N][N][Abs][3PlPoss][PlPosd]
eghqwaaghaqlaataqangit	eghqwaagh-aq[V→N]-~–ke[N→N]-te[N→V]-@₁~laatagh[V→V][V][Trns][Ptcp][3Du][3Sg]
eghqwaaghaqlaataqangit	eghqwaagh-aq[V→N]-~–ke[N→N]-te[N→V]-@₁~laatagh[V→V][V][Trns][Ptcp][3Pl][3Pl]
eghqwaaghaqlaataqangit	eghqwaagh-aq[V→N]-~–ke[N→N]-te[N→V]-@₁~flaatagh[V→V]-@*@₂~sf–(g₂)k(a)e[V→N][N][Abs][3PlPoss][PlPosd]
eghqwaaghaqlaataqangit	eghqwaagh-aq[V→N]-~–ke[N→N]-te[N→V]-@₁~flaatagh[V→V][V][Trns][Ptcp][3Du][3Sg]
eghqwaaghaqlaataqangit	eghqwaagh-aq[V→N]-~–ke[N→N]-te[N→V]-@₁~flaatagh[V→V][V][Trns][Ptcp][3Pl][3Pl]
eghqwaaghaqlaataqangit	eghqwaagh-aq[V→N]-~–ke[N→N]-te[N→V]-te[V→V]-@₁~laatagh[V→V]-@*@₂~sf–(g₂)k(a)e[V→N][N][Abs][3PlPoss][PlPosd]
eghqwaaghaqlaataqangit	eghqwaagh-aq[V→N]-~–ke[N→N]-te[N→V]-te[V→V]-@₁~laatagh[V→V][V][Trns][Ptcp][3Du][3Sg]
eghqwaaghaqlaataqangit	eghqwaagh-aq[V→N]-~–ke[N→N]-te[N→V]-te[V→V]-@₁~laatagh[V→V][V][Trns][Ptcp][3Pl][3Pl]
eghqwaaghaqlaataqangit	eghqwaagh-aq[V→N]-~–ke[N→N]-te[N→V]-te[V→V]-@₁~flaatagh[V→V]-@*@₂~sf–(g₂)k(a)e[V→N][N][Abs][3PlPoss][PlPosd]
eghqwaaghaqlaataqangit	eghqwaagh-aq[V→N]-~–ke[N→N]-te[N→V]-te[V→V]-@₁~flaatagh[V→V][V][Trns][Ptcp][3Du][3Sg]
eghqwaaghaqlaataqangit	eghqwaagh-aq[V→N]-~–ke[N→N]-te[N→V]-te[V→V]-@₁~flaatagh[V→V][V][Trns][Ptcp][3Pl][3Pl]
eghqwaaghaqlaataqangit	eghqwaagh-aq[V→N]-te[N→V]-@₁~laatagh[V→V]-@*@₂~sf–(g₂)k(a)e[V→N][N][Abs][3PlPoss][PlPosd]
eghqwaaghaqlaataqangit	eghqwaagh-aq[V→N]-te[N→V]-@₁~laatagh[V→V][V][Trns][Ptcp][3Du][3Sg]
eghqwaaghaqlaataqangit	eghqwaagh-aq[V→N]-te[N→V]-@₁~laatagh[V→V][V][Trns][Ptcp][3Pl][3Pl]
eghqwaaghaqlaataqangit	eghqwaagh-aq[V→N]-te[N→V]-@₁~flaatagh[V→V]-@*@₂~sf–(g₂)k(a)e[V→N][N][Abs][3PlPoss][PlPosd]
eghqwaaghaqlaataqangit	eghqwaagh-aq[V→N]-te[N→V]-@₁~flaatagh[V→V][V][Trns][Ptcp][3Du][3Sg]
eghqwaaghaqlaataqangit	eghqwaagh-aq[V→N]-te[N→V]-@₁~flaatagh[V→V][V][Trns][Ptcp][3Pl][3Pl]

tamaaken	tamaa-@₁~:(u)n[V→N]-~–ke[N→N][N][Abs][2SgPoss][SgPosd]
tamaaken	tamaa-@*@₂~sf–(g₂)k(a)e[V→N][N][Abs][2SgPoss][SgPosd]
tamaaken	tamaa[V][Trns][Ptcp][2Sg][3Sg]

ggiilleghmeng	ggiillegh[N][Abl_Mod][Unpd][Sg]
ggiilleghmeng	ggiillegh[N][Rel][4DuPoss][PlPosd]
ggiilleghmeng	ggiillegh[N][Rel][4DuPoss][SgPosd]
ggiilleghmeng	ggiillegh[N][Rel][4PlPoss][PlPosd]
ggiilleghmeng	ggiillegh[N][Rel][4PlPoss][SgPosd]

paneghquumaghmeng	panegh-–ghte[V→V]-@₁qugh[V→V]-@₁~:(i/u)magh*[V→V][Quant_Qual][4Pl]
paneghquumaghmeng	panegh-–ghte[V→V]-@₁qugh[V→V]-~:(ng₁)u[V→V]-@₁~:(i/u)magh*[V→V][Quant_Qual][4Pl]
paneghquumaghmeng	panegh-–ghte[V→V]-@₁qugh[to.V.completely]-@₁~:(i/u)magh*[V→V][Quant_Qual][4Pl]
paneghquumaghmeng	panegh-–ghte[V→V]-@₁qugh[to.V.completely]-~:(ng₁)u[V→V]-@₁~:(i/u)magh*[V→V][Quant_Qual][4Pl]
paneghquumaghmeng	panegh-te[V→V]-@₁qugh[V→V]-@₁~:(i/u)magh*[V→V][Quant_Qual][4Pl]
paneghquumaghmeng	panegh-te[V→V]-@₁qugh[V→V]-~:(ng₁)u[V→V]-@₁~:(i/u)magh*[V→V][Quant_Qual][4Pl]
paneghquumaghmeng	panegh-te[V→V]-@₁qugh[to.V.completely]-@₁~:(i/u)magh*[V→V][Quant_Qual][4Pl]
paneghquumaghmeng	panegh-te[V→V]-@₁qugh[to.V.completely]-~:(ng₁)u[V→V]-@₁~:(i/u)magh*[V→V][Quant_Qual][4Pl]
paneghquumaghmeng	panegh-@₁qugh[V→V]-@₁~:(i/u)magh*[V→V][Quant_Qual][4Pl]
paneghquumaghmeng	panegh-@₁qugh[V→V]-~:(ng₁)u[V→V]-@₁~:(i/u)magh*[V→V][Quant_Qual][4Pl]
paneghquumaghmeng	panegh-@₁qugh[to.V.completely]-@₁~:(i/u)magh*[V→V][Quant_Qual][4Pl]
paneghquumaghmeng	panegh-@₁qugh[to.V.completely]-~:(ng₁)u[V→V]-@₁~:(i/u)magh*[V→V][Quant_Qual][4Pl]
paneghquumaghmeng	paneghte-@₁qugh[V→V]-@₁~:(i/u)magh*[V→V][Quant_Qual][4Pl]
paneghquumaghmeng	paneghte-@₁qugh[V→V]-~:(ng₁)u[V→V]-@₁~:(i/u)magh*[V→V][Quant_Qual][4Pl]
paneghquumaghmeng	paneghte-@₁qugh[to.V.completely]-@₁~:(i/u)magh*[V→V][Quant_Qual][4Pl]
paneghquumaghmeng	paneghte-@₁qugh[to.V.completely]-~:(ng₁)u[V→V]-@₁~:(i/u)magh*[V→V][Quant_Qual][4Pl]

------------------------
Enkaam awataghpaagetlu ikughaqut, aquutatlu taakut iikumiita.

enkaam	enkaam

ikughaqut	ikugh-~(g₁)aqe[V→V][V][Intr][Ind][3Pl]
ikughaqut	ikugh-aq[V→N]-~–ke[N→V][V][Intr][Ind][3Pl]

aquutatlu	aquutagh[N][Abs][Unpd][Pl]-llu[Encl]
aquutatlu	aquutagh[N][Rel][Unpd][Pl]-llu[Encl]

taakut	taake[V][Intr][Ind][3Pl]

iikumiita	iiw-––i[N→V]-@₁~:(u)n[V→N]-~–ke[N→V]-@₁~:(i/u)ma[V→V]-~i[V→V]-@₁~:(u)te[V→V][V][Intr][Intrg][3Sg]
iikumiita	iiw-––i[N→V]-@₁~:(u)n[V→N]-~–ke[N→V]-@₁~:(i/u)ma[V→V]-~i[V→V]-@₁~:(u)ta[V→N][N][Abs][Unpd][Sg]
iikumiita	iiw-––i[N→V]-@₁~:(u)n[V→N]-~–ke[N→V]-@₁~:(i/u)ma[V→V]-~i[V→V]-~:(u)te[V→V][V][Intr][Intrg][3Sg]
iikumiita	iiw-––i[N→V]-@₁~:(u)n[V→N]-~–ke[N→V]-@₁~:(i/u)ma[V→V]-~i[V→V]-~:(u)te[V→N][N][Abs][Unpd][Sg]
iikumiita	iiw-––i[N→V]-@₁~:(u)n[V→N]-~–ke[N→V]-@₁~:(i/u)ma[V→V]-~i[V→V]-~:(u)ta[V→N][N][Abs][Unpd][Sg]
iikumiita	iiw-––i[N→V]-@₁~:(u)n[V→N]-~–ke[N→V]-@₁~:(i/u)ma[V→V]-~i[V→V]-te[V→V][V][Intr][Intrg][3Sg]
iikumiita	iiw-––i[N→V]-@₁~:(u)n[V→N]-~–ke[N→V]-@₁~:(i/u)magh[V→V]-~:(ng₁)ite[V→V][V][Intr][Intrg][3Sg]
iikumiita	iiw-––i[N→V]-@₁~:(u)n[V→N]-~–ke[N→V]-@₁~:(i/u)magh*[V→V][Quant_Qual][3Pl]
iikumiita	iiw-––i[N→V]-@₁~:(u)n[V→N]-~–ke[N→V]-@₁~:(i/u)magh*[V→V][Quant_Qual][3Du]
iikumiita	iike-@₁~:(i/u)ma[V→V]-~i[V→V]-@₁~:(u)te[V→V][V][Intr][Intrg][3Sg]
iikumiita	iike-@₁~:(i/u)ma[V→V]-~i[V→V]-@₁~:(u)ta[V→N][N][Abs][Unpd][Sg]
iikumiita	iike-@₁~:(i/u)ma[V→V]-~i[V→V]-~:(u)te[V→V][V][Intr][Intrg][3Sg]
iikumiita	iike-@₁~:(i/u)ma[V→V]-~i[V→V]-~:(u)te[V→N][N][Abs][Unpd][Sg]
iikumiita	iike-@₁~:(i/u)ma[V→V]-~i[V→V]-~:(u)ta[V→N][N][Abs][Unpd][Sg]
iikumiita	iike-@₁~:(i/u)ma[V→V]-~i[V→V]-te[V→V][V][Intr][Intrg][3Sg]
iikumiita	iike-@₁~:(i/u)magh[V→V]-~:(ng₁)ite[V→V][V][Intr][Intrg][3Sg]
iikumiita	iike-@₁~:(i/u)magh*[V→V][Quant_Qual][3Pl]
iikumiita	iike-@₁~:(i/u)magh*[V→V][Quant_Qual][3Du]
iikumiita	aaw-––i[N→V]-@₁~:(u)n[V→N]-~–ke[N→V]-@₁~:(i/u)ma[V→V]-~i[V→V]-@₁~:(u)te[V→V][V][Intr][Intrg][3Sg]
iikumiita	aaw-––i[N→V]-@₁~:(u)n[V→N]-~–ke[N→V]-@₁~:(i/u)ma[V→V]-~i[V→V]-@₁~:(u)ta[V→N][N][Abs][Unpd][Sg]
iikumiita	aaw-––i[N→V]-@₁~:(u)n[V→N]-~–ke[N→V]-@₁~:(i/u)ma[V→V]-~i[V→V]-~:(u)te[V→V][V][Intr][Intrg][3Sg]
iikumiita	aaw-––i[N→V]-@₁~:(u)n[V→N]-~–ke[N→V]-@₁~:(i/u)ma[V→V]-~i[V→V]-~:(u)te[V→N][N][Abs][Unpd][Sg]
iikumiita	aaw-––i[N→V]-@₁~:(u)n[V→N]-~–ke[N→V]-@₁~:(i/u)ma[V→V]-~i[V→V]-~:(u)ta[V→N][N][Abs][Unpd][Sg]
iikumiita	aaw-––i[N→V]-@₁~:(u)n[V→N]-~–ke[N→V]-@₁~:(i/u)ma[V→V]-~i[V→V]-te[V→V][V][Intr][Intrg][3Sg]
iikumiita	aaw-––i[N→V]-@₁~:(u)n[V→N]-~–ke[N→V]-@₁~:(i/u)magh[V→V]-~:(ng₁)ite[V→V][V][Intr][Intrg][3Sg]
iikumiita	aaw-––i[N→V]-@₁~:(u)n[V→N]-~–ke[N→V]-@₁~:(i/u)magh*[V→V][Quant_Qual][3Pl]
iikumiita	aaw-––i[N→V]-@₁~:(u)n[V→N]-~–ke[N→V]-@₁~:(i/u)magh*[V→V][Quant_Qual][3Du]
iikumiita	aaghw-––i[N→V]-@₁~:(u)n[V→N]-~–ke[N→V]-@₁~:(i/u)ma[V→V]-~i[V→V]-@₁~:(u)te[V→V][V][Intr][Intrg][3Sg]
iikumiita	aaghw-––i[N→V]-@₁~:(u)n[V→N]-~–ke[N→V]-@₁~:(i/u)ma[V→V]-~i[V→V]-@₁~:(u)ta[V→N][N][Abs][Unpd][Sg]
iikumiita	aaghw-––i[N→V]-@₁~:(u)n[V→N]-~–ke[N→V]-@₁~:(i/u)ma[V→V]-~i[V→V]-~:(u)te[V→V][V][Intr][Intrg][3Sg]
iikumiita	aaghw-––i[N→V]-@₁~:(u)n[V→N]-~–ke[N→V]-@₁~:(i/u)ma[V→V]-~i[V→V]-~:(u)te[V→N][N][Abs][Unpd][Sg]
iikumiita	aaghw-––i[N→V]-@₁~:(u)n[V→N]-~–ke[N→V]-@₁~:(i/u)ma[V→V]-~i[V→V]-~:(u)ta[V→N][N][Abs][Unpd][Sg]
iikumiita	aaghw-––i[N→V]-@₁~:(u)n[V→N]-~–ke[N→V]-@₁~:(i/u)ma[V→V]-~i[V→V]-te[V→V][V][Intr][Intrg][3Sg]
iikumiita	aaghw-––i[N→V]-@₁~:(u)n[V→N]-~–ke[N→V]-@₁~:(i/u)magh[V→V]-~:(ng₁)ite[V→V][V][Intr][Intrg][3Sg]
iikumiita	aaghw-––i[N→V]-@₁~:(u)n[V→N]-~–ke[N→V]-@₁~:(i/u)magh*[V→V][Quant_Qual][3Pl]
iikumiita	aaghw-––i[N→V]-@₁~:(u)n[V→N]-~–ke[N→V]-@₁~:(i/u)magh*[V→V][Quant_Qual][3Du]

------------------------
Qalugyatlu nefteghqaqat, taawa taaqneghmegteki apeghiighaqaat taaqaqut amalka aghveghem qepghallgha.

qalugyatlu	qalugyagh[N][Abs][Unpd][Pl]-llu[Encl]
qalugyatlu	qalugyagh[N][Rel][Unpd][Pl]-llu[Encl]

nefteghqaqat	nefteghqe-~(g₁)aqe[V→V][V][Intr][Intrg][3Pl]

taawa	taawa

apeghiighaqaat	apegh-aq[V→N]-––i[N→V]-ugh[V→V]-~(g₁)aqe[V→V][V][Trns][Ind][3Pl][3Sg]
apeghiighaqaat	apegh-aq[V→N]-––iigh[N→V]-~(g₁)aqe[V→V][V][Trns][Ind][3Pl][3Sg]
apeghiighaqaat	apeghiigh-~(g₁)aqe[V→V][V][Trns][Ind][3Pl][3Sg]

taaqaqut	taaqe-~(g₁)aqe[V→V][V][Intr][Ind][3Pl]

amalka	amalka

aghveghem	aghvegh[N][Rel][Unpd][Sg]

------------------------


------------------------
Enkaam iiyngi taakut qageghlluki sakun qalusiqakun sakun sagneghwaaghqunllu meghi taakut ilakluki iiyngan meghi.

enkaam	enkaam

iiyngi	iye[N][Abs][3SgPoss][PlPosd]

taakut	taake[V][Intr][Ind][3Pl]

qageghlluki	qagegh-–ghte[N→V]-te[V→V][V][Trns][Sbrd][_][3Pl]
qageghlluki	qagegh-llug[V→V]-@*@₂~sf–(g₂)k(a)e[V→N]-––i[N→V][V][Intr][Opt][PRS][2Sg]
qageghlluki	qagegh-lluk[N→N]-~–ke[N→V]-~i[V→V][V][Intr][Opt][PRS][2Sg]
qageghlluki	qagegh-lluk[N→N]-~–ke[N→V][V][Intr][Opt][PRS][2Sg]
qageghlluki	qagegh-lluk[N→N]-~–ke[N→N]-––i[N→V][V][Intr][Opt][PRS][2Sg]
qageghlluki	qagegh-lluk[N→N][N][Abs][3SgPoss][PlPosd]

sakun	sa-@₁~:(u)n[V→N]-~–ke[N→V]-~:(u)te[V→N][N][Abs][Unpd][Sg]
sakun	sa-~–ke[N→V]-~:(u)te[V→N][N][Abs][Unpd][Sg]
sakun	sa[N][Via][Unpd][Sg]

qalusiqakun	qalu-@₁~:(u)siq[V→N][N][Via][3DuPoss][PlPosd]
qalusiqakun	qalu-@₁~:(u)siq[V→N][N][Via][3SgPoss][SgPosd]
qalusiqakun	qalu-@₁~:(u)siq[V→N][N][Via][3SgPoss][PlPosd]
qalusiqakun	qalusiqagh[N][Via][Unpd][Sg]
qalusiqakun	qalu-siq[V→N][N][Via][3DuPoss][PlPosd]
qalusiqakun	qalu-siq[V→N][N][Via][3SgPoss][SgPosd]
qalusiqakun	qalu-siq[V→N][N][Via][3SgPoss][PlPosd]
qalusiqakun	qalu-siq[N→N][N][Via][3DuPoss][PlPosd]
qalusiqakun	qalu-siq[N→N][N][Via][3SgPoss][SgPosd]
qalusiqakun	qalu-siq[N→N][N][Via][3SgPoss][PlPosd]

sakun	sa-@₁~:(u)n[V→N]-~–ke[N→V]-~:(u)te[V→N][N][Abs][Unpd][Sg]
sakun	sa-~–ke[N→V]-~:(u)te[V→N][N][Abs][Unpd][Sg]
sakun	sa[N][Via][Unpd][Sg]

meghi	megh-aq[V→N]-––i[N→V][V][Intr][Opt][PRS][2Sg]
meghi	megh-~i[V→V][V][Intr][Opt][PRS][2Sg]
meghi	megh[N][Abs][3SgPoss][PlPosd]
meghi	meghe-~i[V→V][V][Intr][Opt][PRS][2Sg]
meghi	megheg-––i[N→V][V][Intr][Opt][PRS][2Sg]
meghi	meghe[V][Intr][Opt][PRS][2Sg]
meghi	megh[V][Intr][Opt][PRS][2Sg]
meghi	meghe-aq[V→N]-––i[N→V][V][Intr][Opt][PRS][2Sg]

taakut	taake[V][Intr][Ind][3Pl]

ilakluki	ila-@₁~:(u)n[V→N]-~–ke[N→N]-te[N→V]-te[V→V][V][Trns][Sbrd][_][3Pl]
ilakluki	ila-@₁~:(u)n[V→N]-~–ke[N→N]-te[N→V][V][Trns][Sbrd][_][3Pl]
ilakluki	ila-~–ke[N→N]-te[N→V]-te[V→V][V][Trns][Sbrd][_][3Pl]
ilakluki	ila-~–ke[N→N]-te[N→V][V][Trns][Sbrd][_][3Pl]
ilakluki	ila-@*@₂~sf–(g₂)k(a)e[V→N]-te[N→V]-te[V→V][V][Trns][Sbrd][_][3Pl]
ilakluki	ila-@*@₂~sf–(g₂)k(a)e[V→N]-te[N→V][V][Trns][Sbrd][_][3Pl]

iiyngan	iye[N][Rel][3SgPoss][SgPosd]
iiyngan	iye[N][Rel][3SgPoss][PlPosd]

meghi	megh-aq[V→N]-––i[N→V][V][Intr][Opt][PRS][2Sg]
meghi	megh-~i[V→V][V][Intr][Opt][PRS][2Sg]
meghi	megh[N][Abs][3SgPoss][PlPosd]
meghi	meghe-~i[V→V][V][Intr][Opt][PRS][2Sg]
meghi	megheg-––i[N→V][V][Intr][Opt][PRS][2Sg]
meghi	meghe[V][Intr][Opt][PRS][2Sg]
meghi	megh[V][Intr][Opt][PRS][2Sg]
meghi	meghe-aq[V→N]-––i[N→V][V][Intr][Opt][PRS][2Sg]

------------------------
Tamaana ggiillghem panellgha akuutaqaat mesiighmeng ilaaghlluki uglaaghinaluki akuutaqiit.

tamaana	tamaa-@₁~:(u)te[V→V]-@₁~fna[V→V][V][Intr][Opt][PRS][2Sg]
tamaana	tamaa-@₁~:(u)n[V→N][N][Abs][3SgPoss][SgPosd]
tamaana	tamaa-@₁~fna[V→V][V][Intr][Opt][PRS][2Sg]
tamaana	tamaa-~:(u)te[V→V]-@₁~fna[V→V][V][Intr][Opt][PRS][2Sg]

ggiillghem	ggiillegh[N][Rel][Unpd][Sg]

panellgha	panellegh[N][Abs][3SgPoss][SgPosd]

akuutaqaat	akugh-–ghte[N→V]-@₁~:(u)te[V→V]-~(g₁)aqe[V→V][V][Trns][Ind][3Pl][3Sg]
akuutaqaat	akugh-–ghte[N→V]-@₁~:(u)ta[V→N]-qe[N→V][V][Trns][Ind][3Pl][3Sg]
akuutaqaat	akugh-–ghte[N→V]-te[V→V]-@₁~:(u)te[V→V]-~(g₁)aqe[V→V][V][Trns][Ind][3Pl][3Sg]
akuutaqaat	akugh-–ghte[N→V]-te[V→V]-@₁~:(u)ta[V→N]-qe[N→V][V][Trns][Ind][3Pl][3Sg]
akuutaqaat	akuute-~(g₁)aqe[V→V][V][Trns][Ind][3Pl][3Sg]
akuutaqaat	akugh-te[N→V]-@₁~:(u)te[V→V]-~(g₁)aqe[V→V][V][Trns][Ind][3Pl][3Sg]
akuutaqaat	akugh-te[N→V]-@₁~:(u)ta[V→N]-qe[N→V][V][Trns][Ind][3Pl][3Sg]
akuutaqaat	akugh-~:(ng₁)u[N→V]-@₁~:(u)te[V→V]-~(g₁)aqe[V→V][V][Trns][Ind][3Pl][3Sg]
akuutaqaat	akugh-~:(ng₁)u[N→V]-@₁~:(u)ta[V→N]-qe[N→V][V][Trns][Ind][3Pl][3Sg]
akuutaqaat	akugh-~:(ng₁)u[N→V]-~:(u)te[V→V]-~(g₁)aqe[V→V][V][Trns][Ind][3Pl][3Sg]
akuutaqaat	akugh-~:(ng₁)u[N→V]-~:(u)ta[V→N]-qe[N→V][V][Trns][Ind][3Pl][3Sg]
akuutaqaat	akugh-~:(ng₁)u[N→V]-te[V→V]-~(g₁)aqe[V→V][V][Trns][Ind][3Pl][3Sg]
akuutaqaat	akughte-@₁~:(u)te[V→V]-~(g₁)aqe[V→V][V][Trns][Ind][3Pl][3Sg]
akuutaqaat	akughte-@₁~:(u)ta[V→N]-qe[N→V][V][Trns][Ind][3Pl][3Sg]

mesiighmeng	mesiigh[N][Abl_Mod][Unpd][Sg]
mesiighmeng	mesiigh[N][Rel][4DuPoss][PlPosd]
mesiighmeng	mesiigh[N][Rel][4DuPoss][SgPosd]
mesiighmeng	mesiigh[N][Rel][4PlPoss][PlPosd]
mesiighmeng	mesiigh[N][Rel][4PlPoss][SgPosd]

ilaaghlluki	ila-@₁~:(u)te[V→V]-@₁~:(u)n[V→N]-–ghte[N→V]-te[V→V][V][Trns][Sbrd][_][3Pl]
ilaaghlluki	ila-@₁~:(u)n[V→N]-–ghte[N→V]-@₁~:(u)n[V→N]-–ghte[N→V]-te[V→V][V][Trns][Sbrd][_][3Pl]
ilaaghlluki	ila-@₁~:(u)n[V→N]-–ghte[N→V]-te[V→V]-@₁~:(u)n[V→N]-–ghte[N→V]-te[V→V][V][Trns][Sbrd][_][3Pl]
ilaaghlluki	ila-te[N→V]-@₁~:(u)n[V→N]-–ghte[N→V]-te[V→V][V][Trns][Sbrd][_][3Pl]
ilaaghlluki	ila-te[V→V]-@₁~:(u)n[V→N]-–ghte[N→V]-te[V→V][V][Trns][Sbrd][_][3Pl]
ilaaghlluki	ila-~:(u)te[V→V]-@₁~:(u)n[V→N]-–ghte[N→V]-te[V→V][V][Trns][Sbrd][_][3Pl]
ilaaghlluki	ila-~:(u)te[V→N]-te[N→V]-@₁~:(u)n[V→N]-–ghte[N→V]-te[V→V][V][Trns][Sbrd][_][3Pl]
ilaaghlluki	ila-–ghte[N→V]-@₁~:(u)n[V→N]-–ghte[N→V]-te[V→V][V][Trns][Sbrd][_][3Pl]
ilaaghlluki	ila-–ghte[N→V]-te[V→V]-@₁~:(u)n[V→N]-–ghte[N→V]-te[V→V][V][Trns][Sbrd][_][3Pl]
ilaaghlluki	ila-–ghte[V→V]-@₁~:(u)n[V→N]-–ghte[N→V]-te[V→V][V][Trns][Sbrd][_][3Pl]
ilaaghlluki	ilate-@₁~:(u)n[V→N]-–ghte[N→V]-te[V→V][V][Trns][Sbrd][_][3Pl]
ilaaghlluki	ilaagh-–ghte[N→V]-te[V→V][V][Trns][Sbrd][_][3Pl]
ilaaghlluki	ilaagh-llug[V→V]-@*@₂~sf–(g₂)k(a)e[V→N]-––i[N→V][V][Intr][Opt][PRS][2Sg]
ilaaghlluki	ilaagh-lluk[N→N]-~–ke[N→V]-~i[V→V][V][Intr][Opt][PRS][2Sg]
ilaaghlluki	ilaagh-lluk[N→N]-~–ke[N→V][V][Intr][Opt][PRS][2Sg]
ilaaghlluki	ilaagh-lluk[N→N]-~–ke[N→N]-––i[N→V][V][Intr][Opt][PRS][2Sg]
ilaaghlluki	ilaagh-lluk[N→N][N][Abs][3SgPoss][PlPosd]
ilaaghlluki	ila-aq[V→N]-–ghte[N→V]-te[V→V][V][Trns][Sbrd][_][3Pl]
ilaaghlluki	ila-ugh[V→V]-llug[V→V]-@*@₂~sf–(g₂)k(a)e[V→N]-––i[N→V][V][Intr][Opt][PRS][2Sg]
ilaaghlluki	ila-agh[N→V]-llug[V→V]-@*@₂~sf–(g₂)k(a)e[V→N]-––i[N→V][V][Intr][Opt][PRS][2Sg]
ilaaghlluki	ilu-aq[V→N]-–ghte[N→V]-te[V→V][V][Trns][Sbrd][_][3Pl]
ilaaghlluki	ilu-agh[N→V]-llug[V→V]-@*@₂~sf–(g₂)k(a)e[V→N]-––i[N→V][V][Intr][Opt][PRS][2Sg]

akuutaqiit	akugh-–ghte[N→V]-@₁~:(u)te[V→V]-~(g₁)aqe[V→V]-~i[V→V][V][Intr][Intrg][3Pl]
akuutaqiit	akugh-–ghte[N→V]-@₁~:(u)te[V→V]-~(g₁)aqe[V→V]-~i[V→V][V][Intr][Ind][3Pl]
akuutaqiit	akugh-–ghte[N→V]-@₁~:(u)te[V→V]-~(g₁)aqe[V→V][V][Trns][Ind][3Du][3Sg]
akuutaqiit	akugh-–ghte[N→V]-@₁~:(u)te[V→V]-~(g₁)aqe[V→V][V][Trns][Ind][3Pl][3Pl]
akuutaqiit	akugh-–ghte[N→V]-@₁~:(u)taq[V→N]-~–ke[N→V]-~i[V→V][V][Intr][Intrg][3Pl]
akuutaqiit	akugh-–ghte[N→V]-@₁~:(u)taq[V→N]-~–ke[N→V]-~i[V→V][V][Intr][Ind][3Pl]
akuutaqiit	akugh-–ghte[N→V]-@₁~:(u)ta[V→N]-qe[N→V]-~i[V→V][V][Intr][Intrg][3Pl]
akuutaqiit	akugh-–ghte[N→V]-@₁~:(u)ta[V→N]-qe[N→V]-~i[V→V][V][Intr][Ind][3Pl]
akuutaqiit	akugh-–ghte[N→V]-@₁~:(u)ta[V→N]-qe[N→V][V][Trns][Ind][3Du][3Sg]
akuutaqiit	akugh-–ghte[N→V]-@₁~:(u)ta[V→N]-qe[N→V][V][Trns][Ind][3Pl][3Pl]
akuutaqiit	akugh-–ghte[N→V]-@₁~:(u)taq[V→N]-––i[N→V][V][Intr][Intrg][3Pl]
akuutaqiit	akugh-–ghte[N→V]-@₁~:(u)taq[V→N]-––i[N→V][V][Intr][Ind][3Pl]
akuutaqiit	akugh-–ghte[N→V]-te[V→V]-@₁~:(u)te[V→V]-~(g₁)aqe[V→V]-~i[V→V][V][Intr][Intrg][3Pl]
akuutaqiit	akugh-–ghte[N→V]-te[V→V]-@₁~:(u)te[V→V]-~(g₁)aqe[V→V]-~i[V→V][V][Intr][Ind][3Pl]
akuutaqiit	akugh-–ghte[N→V]-te[V→V]-@₁~:(u)te[V→V]-~(g₁)aqe[V→V][V][Trns][Ind][3Du][3Sg]
akuutaqiit	akugh-–ghte[N→V]-te[V→V]-@₁~:(u)te[V→V]-~(g₁)aqe[V→V][V][Trns][Ind][3Pl][3Pl]
akuutaqiit	akugh-–ghte[N→V]-te[V→V]-@₁~:(u)taq[V→N]-~–ke[N→V]-~i[V→V][V][Intr][Intrg][3Pl]
akuutaqiit	akugh-–ghte[N→V]-te[V→V]-@₁~:(u)taq[V→N]-~–ke[N→V]-~i[V→V][V][Intr][Ind][3Pl]
akuutaqiit	akugh-–ghte[N→V]-te[V→V]-@₁~:(u)ta[V→N]-qe[N→V]-~i[V→V][V][Intr][Intrg][3Pl]
akuutaqiit	akugh-–ghte[N→V]-te[V→V]-@₁~:(u)ta[V→N]-qe[N→V]-~i[V→V][V][Intr][Ind][3Pl]
akuutaqiit	akugh-–ghte[N→V]-te[V→V]-@₁~:(u)ta[V→N]-qe[N→V][V][Trns][Ind][3Du][3Sg]
akuutaqiit	akugh-–ghte[N→V]-te[V→V]-@₁~:(u)ta[V→N]-qe[N→V][V][Trns][Ind][3Pl][3Pl]
akuutaqiit	akugh-–ghte[N→V]-te[V→V]-@₁~:(u)taq[V→N]-––i[N→V][V][Intr][Intrg][3Pl]
akuutaqiit	akugh-–ghte[N→V]-te[V→V]-@₁~:(u)taq[V→N]-––i[N→V][V][Intr][Ind][3Pl]
akuutaqiit	akuute-~(g₁)aqe[V→V]-~i[V→V][V][Intr][Intrg][3Pl]
akuutaqiit	akuute-~(g₁)aqe[V→V]-~i[V→V][V][Intr][Ind][3Pl]
akuutaqiit	akuute-~(g₁)aqe[V→V][V][Trns][Ind][3Du][3Sg]
akuutaqiit	akuute-~(g₁)aqe[V→V][V][Trns][Ind][3Pl][3Pl]
akuutaqiit	akuutagh-~–ke[N→V]-~i[V→V][V][Intr][Intrg][3Pl]
akuutaqiit	akuutagh-~–ke[N→V]-~i[V→V][V][Intr][Ind][3Pl]
akuutaqiit	akugh-te[N→V]-@₁~:(u)te[V→V]-~(g₁)aqe[V→V]-~i[V→V][V][Intr][Intrg][3Pl]
akuutaqiit	akugh-te[N→V]-@₁~:(u)te[V→V]-~(g₁)aqe[V→V]-~i[V→V][V][Intr][Ind][3Pl]
akuutaqiit	akugh-te[N→V]-@₁~:(u)te[V→V]-~(g₁)aqe[V→V][V][Trns][Ind][3Du][3Sg]
akuutaqiit	akugh-te[N→V]-@₁~:(u)te[V→V]-~(g₁)aqe[V→V][V][Trns][Ind][3Pl][3Pl]
akuutaqiit	akugh-te[N→V]-@₁~:(u)taq[V→N]-~–ke[N→V]-~i[V→V][V][Intr][Intrg][3Pl]
akuutaqiit	akugh-te[N→V]-@₁~:(u)taq[V→N]-~–ke[N→V]-~i[V→V][V][Intr][Ind][3Pl]
akuutaqiit	akugh-te[N→V]-@₁~:(u)ta[V→N]-qe[N→V]-~i[V→V][V][Intr][Intrg][3Pl]
akuutaqiit	akugh-te[N→V]-@₁~:(u)ta[V→N]-qe[N→V]-~i[V→V][V][Intr][Ind][3Pl]
akuutaqiit	akugh-te[N→V]-@₁~:(u)ta[V→N]-qe[N→V][V][Trns][Ind][3Du][3Sg]
akuutaqiit	akugh-te[N→V]-@₁~:(u)ta[V→N]-qe[N→V][V][Trns][Ind][3Pl][3Pl]
akuutaqiit	akugh-te[N→V]-@₁~:(u)taq[V→N]-––i[N→V][V][Intr][Intrg][3Pl]
akuutaqiit	akugh-te[N→V]-@₁~:(u)taq[V→N]-––i[N→V][V][Intr][Ind][3Pl]
akuutaqiit	akugh-~:(ng₁)u[N→V]-@₁~:(u)te[V→V]-~(g₁)aqe[V→V]-~i[V→V][V][Intr][Intrg][3Pl]
akuutaqiit	akugh-~:(ng₁)u[N→V]-@₁~:(u)te[V→V]-~(g₁)aqe[V→V]-~i[V→V][V][Intr][Ind][3Pl]
akuutaqiit	akugh-~:(ng₁)u[N→V]-@₁~:(u)te[V→V]-~(g₁)aqe[V→V][V][Trns][Ind][3Du][3Sg]
akuutaqiit	akugh-~:(ng₁)u[N→V]-@₁~:(u)te[V→V]-~(g₁)aqe[V→V][V][Trns][Ind][3Pl][3Pl]
akuutaqiit	akugh-~:(ng₁)u[N→V]-@₁~:(u)taq[V→N]-~–ke[N→V]-~i[V→V][V][Intr][Intrg][3Pl]
akuutaqiit	akugh-~:(ng₁)u[N→V]-@₁~:(u)taq[V→N]-~–ke[N→V]-~i[V→V][V][Intr][Ind][3Pl]
akuutaqiit	akugh-~:(ng₁)u[N→V]-@₁~:(u)ta[V→N]-qe[N→V]-~i[V→V][V][Intr][Intrg][3Pl]
akuutaqiit	akugh-~:(ng₁)u[N→V]-@₁~:(u)ta[V→N]-qe[N→V]-~i[V→V][V][Intr][Ind][3Pl]
akuutaqiit	akugh-~:(ng₁)u[N→V]-@₁~:(u)ta[V→N]-qe[N→V][V][Trns][Ind][3Du][3Sg]
akuutaqiit	akugh-~:(ng₁)u[N→V]-@₁~:(u)ta[V→N]-qe[N→V][V][Trns][Ind][3Pl][3Pl]
akuutaqiit	akugh-~:(ng₁)u[N→V]-@₁~:(u)taq[V→N]-––i[N→V][V][Intr][Intrg][3Pl]
akuutaqiit	akugh-~:(ng₁)u[N→V]-@₁~:(u)taq[V→N]-––i[N→V][V][Intr][Ind][3Pl]
akuutaqiit	akugh-~:(ng₁)u[N→V]-~:(u)te[V→V]-~(g₁)aqe[V→V]-~i[V→V][V][Intr][Intrg][3Pl]
akuutaqiit	akugh-~:(ng₁)u[N→V]-~:(u)te[V→V]-~(g₁)aqe[V→V]-~i[V→V][V][Intr][Ind][3Pl]
akuutaqiit	akugh-~:(ng₁)u[N→V]-~:(u)te[V→V]-~(g₁)aqe[V→V][V][Trns][Ind][3Du][3Sg]
akuutaqiit	akugh-~:(ng₁)u[N→V]-~:(u)te[V→V]-~(g₁)aqe[V→V][V][Trns][Ind][3Pl][3Pl]
akuutaqiit	akugh-~:(ng₁)u[N→V]-~:(u)ta[V→N]-qe[N→V]-~i[V→V][V][Intr][Intrg][3Pl]
akuutaqiit	akugh-~:(ng₁)u[N→V]-~:(u)ta[V→N]-qe[N→V]-~i[V→V][V][Intr][Ind][3Pl]
akuutaqiit	akugh-~:(ng₁)u[N→V]-~:(u)ta[V→N]-qe[N→V][V][Trns][Ind][3Du][3Sg]
akuutaqiit	akugh-~:(ng₁)u[N→V]-~:(u)ta[V→N]-qe[N→V][V][Trns][Ind][3Pl][3Pl]
akuutaqiit	akugh-~:(ng₁)u[N→V]-te[V→V]-~(g₁)aqe[V→V]-~i[V→V][V][Intr][Intrg][3Pl]
akuutaqiit	akugh-~:(ng₁)u[N→V]-te[V→V]-~(g₁)aqe[V→V]-~i[V→V][V][Intr][Ind][3Pl]
akuutaqiit	akugh-~:(ng₁)u[N→V]-te[V→V]-~(g₁)aqe[V→V][V][Trns][Ind][3Du][3Sg]
akuutaqiit	akugh-~:(ng₁)u[N→V]-te[V→V]-~(g₁)aqe[V→V][V][Trns][Ind][3Pl][3Pl]
akuutaqiit	akughte-@₁~:(u)te[V→V]-~(g₁)aqe[V→V]-~i[V→V][V][Intr][Intrg][3Pl]
akuutaqiit	akughte-@₁~:(u)te[V→V]-~(g₁)aqe[V→V]-~i[V→V][V][Intr][Ind][3Pl]
akuutaqiit	akughte-@₁~:(u)te[V→V]-~(g₁)aqe[V→V][V][Trns][Ind][3Du][3Sg]
akuutaqiit	akughte-@₁~:(u)te[V→V]-~(g₁)aqe[V→V][V][Trns][Ind][3Pl][3Pl]
akuutaqiit	akughte-@₁~:(u)taq[V→N]-~–ke[N→V]-~i[V→V][V][Intr][Intrg][3Pl]
akuutaqiit	akughte-@₁~:(u)taq[V→N]-~–ke[N→V]-~i[V→V][V][Intr][Ind][3Pl]
akuutaqiit	akughte-@₁~:(u)ta[V→N]-qe[N→V]-~i[V→V][V][Intr][Intrg][3Pl]
akuutaqiit	akughte-@₁~:(u)ta[V→N]-qe[N→V]-~i[V→V][V][Intr][Ind][3Pl]
akuutaqiit	akughte-@₁~:(u)ta[V→N]-qe[N→V][V][Trns][Ind][3Du][3Sg]
akuutaqiit	akughte-@₁~:(u)ta[V→N]-qe[N→V][V][Trns][Ind][3Pl][3Pl]
akuutaqiit	akughte-@₁~:(u)taq[V→N]-––i[N→V][V][Intr][Intrg][3Pl]
akuutaqiit	akughte-@₁~:(u)taq[V→N]-––i[N→V][V][Intr][Ind][3Pl]

------------------------


------------------------
Enkaam akuunneghmeng taaqneghmegteki angyam sivuyagi aghenqigneghi aghveghhaat, minguughhutaqiit puyumeng taagken.

enkaam	enkaam

akuunneghmeng	akugh-–ghte[N→V]-@₁~:(u)te[V→V]-@₁–negh[V→N][N][Abl_Mod][Unpd][Sg]
akuunneghmeng	akugh-–ghte[N→V]-@₁~:(u)te[V→V]-@₁–negh[V→N][N][Rel][4DuPoss][PlPosd]
akuunneghmeng	akugh-–ghte[N→V]-@₁~:(u)te[V→V]-@₁–negh[V→N][N][Rel][4DuPoss][SgPosd]
akuunneghmeng	akugh-–ghte[N→V]-@₁~:(u)te[V→V]-@₁–negh[V→N][N][Rel][4PlPoss][PlPosd]
akuunneghmeng	akugh-–ghte[N→V]-@₁~:(u)te[V→V]-@₁–negh[V→N][N][Rel][4PlPoss][SgPosd]
akuunneghmeng	akugh-–ghte[N→V]-@₁~:(u)te[V→V][V][Intr][Ctmp][4Pl]
akuunneghmeng	akugh-–ghte[N→V]-te[V→V]-@₁~:(u)te[V→V]-@₁–negh[V→N][N][Abl_Mod][Unpd][Sg]
akuunneghmeng	akugh-–ghte[N→V]-te[V→V]-@₁~:(u)te[V→V]-@₁–negh[V→N][N][Rel][4DuPoss][PlPosd]
akuunneghmeng	akugh-–ghte[N→V]-te[V→V]-@₁~:(u)te[V→V]-@₁–negh[V→N][N][Rel][4DuPoss][SgPosd]
akuunneghmeng	akugh-–ghte[N→V]-te[V→V]-@₁~:(u)te[V→V]-@₁–negh[V→N][N][Rel][4PlPoss][PlPosd]
akuunneghmeng	akugh-–ghte[N→V]-te[V→V]-@₁~:(u)te[V→V]-@₁–negh[V→N][N][Rel][4PlPoss][SgPosd]
akuunneghmeng	akugh-–ghte[N→V]-te[V→V]-@₁~:(u)te[V→V][V][Intr][Ctmp][4Pl]
akuunneghmeng	akuute-@₁–negh[V→N][N][Abl_Mod][Unpd][Sg]
akuunneghmeng	akuute-@₁–negh[V→N][N][Rel][4DuPoss][PlPosd]
akuunneghmeng	akuute-@₁–negh[V→N][N][Rel][4DuPoss][SgPosd]
akuunneghmeng	akuute-@₁–negh[V→N][N][Rel][4PlPoss][PlPosd]
akuunneghmeng	akuute-@₁–negh[V→N][N][Rel][4PlPoss][SgPosd]
akuunneghmeng	akuute[V][Intr][Ctmp][4Pl]
akuunneghmeng	akugh-te[N→V]-@₁~:(u)te[V→V]-@₁–negh[V→N][N][Abl_Mod][Unpd][Sg]
akuunneghmeng	akugh-te[N→V]-@₁~:(u)te[V→V]-@₁–negh[V→N][N][Rel][4DuPoss][PlPosd]
akuunneghmeng	akugh-te[N→V]-@₁~:(u)te[V→V]-@₁–negh[V→N][N][Rel][4DuPoss][SgPosd]
akuunneghmeng	akugh-te[N→V]-@₁~:(u)te[V→V]-@₁–negh[V→N][N][Rel][4PlPoss][PlPosd]
akuunneghmeng	akugh-te[N→V]-@₁~:(u)te[V→V]-@₁–negh[V→N][N][Rel][4PlPoss][SgPosd]
akuunneghmeng	akugh-te[N→V]-@₁~:(u)te[V→V][V][Intr][Ctmp][4Pl]
akuunneghmeng	akugh-~:(ng₁)u[N→V]-te[V→V]-@₁–negh[V→N][N][Abl_Mod][Unpd][Sg]
akuunneghmeng	akugh-~:(ng₁)u[N→V]-te[V→V]-@₁–negh[V→N][N][Rel][4DuPoss][PlPosd]
akuunneghmeng	akugh-~:(ng₁)u[N→V]-te[V→V]-@₁–negh[V→N][N][Rel][4DuPoss][SgPosd]
akuunneghmeng	akugh-~:(ng₁)u[N→V]-te[V→V]-@₁–negh[V→N][N][Rel][4PlPoss][PlPosd]
akuunneghmeng	akugh-~:(ng₁)u[N→V]-te[V→V]-@₁–negh[V→N][N][Rel][4PlPoss][SgPosd]
akuunneghmeng	akugh-~:(ng₁)u[N→V]-te[V→V][V][Intr][Ctmp][4Pl]
akuunneghmeng	akugh-~:(ng₁)u[N→V]-~:(u)te[V→N]-te[N→V]-@₁–negh[V→N][N][Abl_Mod][Unpd][Sg]
akuunneghmeng	akugh-~:(ng₁)u[N→V]-~:(u)te[V→N]-te[N→V]-@₁–negh[V→N][N][Rel][4DuPoss][PlPosd]
akuunneghmeng	akugh-~:(ng₁)u[N→V]-~:(u)te[V→N]-te[N→V]-@₁–negh[V→N][N][Rel][4DuPoss][SgPosd]
akuunneghmeng	akugh-~:(ng₁)u[N→V]-~:(u)te[V→N]-te[N→V]-@₁–negh[V→N][N][Rel][4PlPoss][PlPosd]
akuunneghmeng	akugh-~:(ng₁)u[N→V]-~:(u)te[V→N]-te[N→V]-@₁–negh[V→N][N][Rel][4PlPoss][SgPosd]
akuunneghmeng	akugh-~:(ng₁)u[N→V]-~:(u)te[V→N]-te[N→V]-te[V→V]-@₁–negh[V→N][N][Abl_Mod][Unpd][Sg]
akuunneghmeng	akugh-~:(ng₁)u[N→V]-~:(u)te[V→N]-te[N→V]-te[V→V]-@₁–negh[V→N][N][Rel][4DuPoss][PlPosd]
akuunneghmeng	akugh-~:(ng₁)u[N→V]-~:(u)te[V→N]-te[N→V]-te[V→V]-@₁–negh[V→N][N][Rel][4DuPoss][SgPosd]
akuunneghmeng	akugh-~:(ng₁)u[N→V]-~:(u)te[V→N]-te[N→V]-te[V→V]-@₁–negh[V→N][N][Rel][4PlPoss][PlPosd]
akuunneghmeng	akugh-~:(ng₁)u[N→V]-~:(u)te[V→N]-te[N→V]-te[V→V]-@₁–negh[V→N][N][Rel][4PlPoss][SgPosd]
akuunneghmeng	akugh-~:(ng₁)u[N→V]-~:(u)te[V→N]-te[N→V]-te[V→V][V][Intr][Ctmp][4Pl]
akuunneghmeng	akugh-~:(ng₁)u[N→V]-~:(u)te[V→N]-te[N→V][V][Intr][Ctmp][4Pl]
akuunneghmeng	akughte-@₁~:(u)te[V→V]-@₁–negh[V→N][N][Abl_Mod][Unpd][Sg]
akuunneghmeng	akughte-@₁~:(u)te[V→V]-@₁–negh[V→N][N][Rel][4DuPoss][PlPosd]
akuunneghmeng	akughte-@₁~:(u)te[V→V]-@₁–negh[V→N][N][Rel][4DuPoss][SgPosd]
akuunneghmeng	akughte-@₁~:(u)te[V→V]-@₁–negh[V→N][N][Rel][4PlPoss][PlPosd]
akuunneghmeng	akughte-@₁~:(u)te[V→V]-@₁–negh[V→N][N][Rel][4PlPoss][SgPosd]
akuunneghmeng	akughte-@₁~:(u)te[V→V][V][Intr][Ctmp][4Pl]

angyam	angyagh[N][Rel][Unpd][Sg]

sivuyagi	sivuyag[N][Abs][3SgPoss][PlPosd]
sivuyagi	sivu-yage[N→N]-––i[N→V][V][Intr][Opt][PRS][2Sg]

aghenqigneghi	aghenqignegh[N][Abs][3SgPoss][PlPosd]

aghveghhaat	aghvegh-–ghhagh*[N→N][N][Abs][Unpd][Pl]
aghveghhaat	aghvegh-–ghhagh*[N→N][N][Abs][3PlPoss][SgPosd]
aghveghhaat	aghvegh-–ghhagh*[N→N][N][Rel][Unpd][Pl]

puyumeng	puyugh[N][Abl_Mod][Unpd][Sg]
puyumeng	puyugh[N][Rel][4DuPoss][PlPosd]
puyumeng	puyugh[N][Rel][4DuPoss][SgPosd]
puyumeng	puyugh[N][Rel][4PlPoss][PlPosd]
puyumeng	puyugh[N][Rel][4PlPoss][SgPosd]

taagken	taagken

------------------------
Tagneqegtepigtuut uqfiigam ggiillghan panellghi.

ggiillghan	ggiillegh[N][Rel][3SgPoss][SgPosd]
ggiillghan	ggiillegh[N][Rel][3SgPoss][PlPosd]

panellghi	panellegh[N][Abs][3SgPoss][PlPosd]

------------------------
Aghveghet ulimaaqiit aghenqigneghem tungangakun, saghumigneghan tungangakun veghaghhiinaat piiqiit asitmun tereghlukillu inglugtun.

aghveghet	aghvegh[N][Abs][Unpd][Pl]
aghveghet	aghvegh[N][Rel][Unpd][Pl]

ulimaaqiit	ete-@₁~:(u)n[V→N]-–li[N→V]-@₁~:(i/u)ma[V→V]-~(g₁)aqe[V→V]-~i[V→V][V][Intr][Intrg][3Pl]
ulimaaqiit	ete-@₁~:(u)n[V→N]-–li[N→V]-@₁~:(i/u)ma[V→V]-~(g₁)aqe[V→V]-~i[V→V][V][Intr][Ind][3Pl]
ulimaaqiit	ete-@₁~:(u)n[V→N]-–li[N→V]-@₁~:(i/u)ma[V→V]-~(g₁)aqe[V→V][V][Trns][Ind][3Du][3Sg]
ulimaaqiit	ete-@₁~:(u)n[V→N]-–li[N→V]-@₁~:(i/u)ma[V→V]-~(g₁)aqe[V→V][V][Trns][Ind][3Pl][3Pl]
ulimaaqiit	ete-@₁~:(u)n[V→N]-–li[N→V]-@₁~:(i/u)ma[V→V]-aq[V→N]-~–ke[N→V]-~i[V→V][V][Intr][Intrg][3Pl]
ulimaaqiit	ete-@₁~:(u)n[V→N]-–li[N→V]-@₁~:(i/u)ma[V→V]-aq[V→N]-~–ke[N→V]-~i[V→V][V][Intr][Ind][3Pl]
ulimaaqiit	ete-@₁~:(u)n[V→N]-–li[N→V]-@₁~:(i/u)ma[V→V]-aq[V→N]-––i[N→V][V][Intr][Intrg][3Pl]
ulimaaqiit	ete-@₁~:(u)n[V→N]-–li[N→V]-@₁~:(i/u)ma[V→V]-aq[V→N]-––i[N→V][V][Intr][Ind][3Pl]
ulimaaqiit	ulig-––i[N→V]-@₁~:(i/u)ma[V→V]-~(g₁)aqe[V→V]-~i[V→V][V][Intr][Intrg][3Pl]
ulimaaqiit	ulig-––i[N→V]-@₁~:(i/u)ma[V→V]-~(g₁)aqe[V→V]-~i[V→V][V][Intr][Ind][3Pl]
ulimaaqiit	ulig-––i[N→V]-@₁~:(i/u)ma[V→V]-~(g₁)aqe[V→V][V][Trns][Ind][3Du][3Sg]
ulimaaqiit	ulig-––i[N→V]-@₁~:(i/u)ma[V→V]-~(g₁)aqe[V→V][V][Trns][Ind][3Pl][3Pl]
ulimaaqiit	ulig-––i[N→V]-@₁~:(i/u)ma[V→V]-aq[V→N]-~–ke[N→V]-~i[V→V][V][Intr][Intrg][3Pl]
ulimaaqiit	ulig-––i[N→V]-@₁~:(i/u)ma[V→V]-aq[V→N]-~–ke[N→V]-~i[V→V][V][Intr][Ind][3Pl]
ulimaaqiit	ulig-––i[N→V]-@₁~:(i/u)ma[V→V]-aq[V→N]-––i[N→V][V][Intr][Intrg][3Pl]
ulimaaqiit	ulig-––i[N→V]-@₁~:(i/u)ma[V→V]-aq[V→N]-––i[N→V][V][Intr][Ind][3Pl]
ulimaaqiit	ulima-~(g₁)aqe[V→V]-~i[V→V][V][Intr][Intrg][3Pl]
ulimaaqiit	ulima-~(g₁)aqe[V→V]-~i[V→V][V][Intr][Ind][3Pl]
ulimaaqiit	ulima-~(g₁)aqe[V→V][V][Trns][Ind][3Du][3Sg]
ulimaaqiit	ulima-~(g₁)aqe[V→V][V][Trns][Ind][3Pl][3Pl]
ulimaaqiit	ulimaagh-~–ke[N→V]-~i[V→V][V][Intr][Intrg][3Pl]
ulimaaqiit	ulimaagh-~–ke[N→V]-~i[V→V][V][Intr][Ind][3Pl]
ulimaaqiit	ulima-aq[V→N]-~–ke[N→V]-~i[V→V][V][Intr][Intrg][3Pl]
ulimaaqiit	ulima-aq[V→N]-~–ke[N→V]-~i[V→V][V][Intr][Ind][3Pl]

aghenqigneghem	aghenqignegh[N][Rel][Unpd][Sg]

saghumigneghan	saghumignegh[N][Rel][3SgPoss][SgPosd]
saghumigneghan	saghumignegh[N][Rel][3SgPoss][PlPosd]

piiqiit	pi-ugh[V→V]-––iqe[V→V]-~i[V→V][V][Intr][Intrg][3Pl]
piiqiit	pi-ugh[V→V]-––iqe[V→V]-~i[V→V][V][Intr][Ind][3Pl]
piiqiit	pi-ugh[V→V]-––iqe[V→V][V][Trns][Ind][3Du][3Sg]
piiqiit	pi-ugh[V→V]-––iqe[V→V][V][Trns][Ind][3Pl][3Pl]
piiqiit	pi-igh[N→V]-––iqe[V→V][V][Trns][Ind][3Du][3Sg]
piiqiit	pi-igh[N→V]-––iqe[V→V][V][Trns][Ind][3Pl][3Pl]
piiqiit	pi-~(g₁)aqe[V→V]-~i[V→V][V][Intr][Intrg][3Pl]
piiqiit	pi-~(g₁)aqe[V→V]-~i[V→V][V][Intr][Ind][3Pl]
piiqiit	pi-~(g₁)aqe[V→V][V][Trns][Ind][3Du][3Sg]
piiqiit	pi-~(g₁)aqe[V→V][V][Trns][Ind][3Pl][3Pl]
piiqiit	pi-aq[V→N]-––iqe[N→V]-~i[V→V][V][Intr][Intrg][3Pl]
piiqiit	pi-aq[V→N]-––iqe[N→V]-~i[V→V][V][Intr][Ind][3Pl]
piiqiit	pi-aq[V→N]-––iqe[N→V][V][Trns][Ind][3Du][3Sg]
piiqiit	pi-aq[V→N]-––iqe[N→V][V][Trns][Ind][3Pl][3Pl]
piiqiit	pi-agh[N→V]-––iqe[V→V]-~i[V→V][V][Intr][Intrg][3Pl]
piiqiit	pi-agh[N→V]-––iqe[V→V]-~i[V→V][V][Intr][Ind][3Pl]
piiqiit	pi-agh[N→V]-––iqe[V→V][V][Trns][Ind][3Du][3Sg]
piiqiit	pi-agh[N→V]-––iqe[V→V][V][Trns][Ind][3Pl][3Pl]
piiqiit	pi-––iqe[N→V]-~i[V→V][V][Intr][Intrg][3Pl]
piiqiit	pi-––iqe[N→V]-~i[V→V][V][Intr][Ind][3Pl]
piiqiit	pi-––iqe[N→V][V][Trns][Ind][3Du][3Sg]
piiqiit	pi-––iqe[N→V][V][Trns][Ind][3Pl][3Pl]
piiqiit	pi-––iqe[V→V]-~i[V→V][V][Intr][Intrg][3Pl]
piiqiit	pi-––iqe[V→V]-~i[V→V][V][Intr][Ind][3Pl]
piiqiit	pi-––iqe[V→V][V][Trns][Ind][3Du][3Sg]
piiqiit	pi-––iqe[V→V][V][Trns][Ind][3Pl][3Pl]
piiqiit	piig-––iqe[V→V]-~i[V→V][V][Intr][Intrg][3Pl]
piiqiit	piig-––iqe[V→V]-~i[V→V][V][Intr][Ind][3Pl]
piiqiit	piig-––iqe[V→V][V][Trns][Ind][3Du][3Sg]
piiqiit	piig-––iqe[V→V][V][Trns][Ind][3Pl][3Pl]
piiqiit	piigh-––iqe[N→V]-~i[V→V][V][Intr][Intrg][3Pl]
piiqiit	piigh-––iqe[N→V]-~i[V→V][V][Intr][Ind][3Pl]
piiqiit	piigh-––iqe[N→V][V][Trns][Ind][3Du][3Sg]
piiqiit	piigh-––iqe[N→V][V][Trns][Ind][3Pl][3Pl]
piiqiit	piigh-~–ke[N→V]-~i[V→V][V][Intr][Intrg][3Pl]
piiqiit	piigh-~–ke[N→V]-~i[V→V][V][Intr][Ind][3Pl]
piiqiit	pi-qe[N→V]-~i[V→V][V][Intr][Intrg][3Pl]
piiqiit	pi-qe[N→V]-~i[V→V][V][Intr][Ind][3Pl]
piiqiit	pi-qe[N→V][V][Trns][Ind][3Du][3Sg]
piiqiit	pi-qe[N→V][V][Trns][Ind][3Pl][3Pl]
piiqiit	pi-aq[V→N]-~–ke[N→V]-~i[V→V][V][Intr][Intrg][3Pl]
piiqiit	pi-aq[V→N]-~–ke[N→V]-~i[V→V][V][Intr][Ind][3Pl]
piiqiit	paagh-––iqe[V→V]-~i[V→V][V][Intr][Intrg][3Pl]
piiqiit	paagh-––iqe[V→V]-~i[V→V][V][Intr][Ind][3Pl]
piiqiit	paagh-––iqe[V→V][V][Trns][Ind][3Du][3Sg]
piiqiit	paagh-––iqe[V→V][V][Trns][Ind][3Pl][3Pl]
piiqiit	paaw-––iqe[N→V]-~i[V→V][V][Intr][Intrg][3Pl]
piiqiit	paaw-––iqe[N→V]-~i[V→V][V][Intr][Ind][3Pl]
piiqiit	paaw-––iqe[N→V][V][Trns][Ind][3Du][3Sg]
piiqiit	paaw-––iqe[N→V][V][Trns][Ind][3Pl][3Pl]
piiqiit	puug-––iqe[V→V]-~i[V→V][V][Intr][Intrg][3Pl]
piiqiit	puug-––iqe[V→V]-~i[V→V][V][Intr][Ind][3Pl]
piiqiit	puug-––iqe[V→V][V][Trns][Ind][3Du][3Sg]
piiqiit	puug-––iqe[V→V][V][Trns][Ind][3Pl][3Pl]

asitmun	asugh-––i[N→V]-~:(u)te[V→N]-~fmete[N→V]-@₁~:(u)n[V→N][N][Abs][Unpd][Sg]
asitmun	asugh-––i[N→V]-~:(u)te[V→N]-~fmete[N→V]-te[V→V]-@₁~:(u)n[V→N][N][Abs][Unpd][Sg]
asitmun	asugh-––i[N→V]-~:(u)te[V→N][N][Ter][Unpd][Sg]
asitmun	asit-––i[N→V]-~:(u)te[V→N]-~fmete[N→V]-@₁~:(u)n[V→N][N][Abs][Unpd][Sg]
asitmun	asit-––i[N→V]-~:(u)te[V→N]-~fmete[N→V]-te[V→V]-@₁~:(u)n[V→N][N][Abs][Unpd][Sg]
asitmun	asit-––i[N→V]-~:(u)te[V→N][N][Ter][Unpd][Sg]
asitmun	asigh-––i[N→V]-~:(u)te[V→N]-~fmete[N→V]-@₁~:(u)n[V→N][N][Abs][Unpd][Sg]
asitmun	asigh-––i[N→V]-~:(u)te[V→N]-~fmete[N→V]-te[V→V]-@₁~:(u)n[V→N][N][Abs][Unpd][Sg]
asitmun	asigh-––i[N→V]-~:(u)te[V→N][N][Ter][Unpd][Sg]
asitmun	asag-––i[N→V]-~:(u)te[V→N]-~fmete[N→V]-@₁~:(u)n[V→N][N][Abs][Unpd][Sg]
asitmun	asag-––i[N→V]-~:(u)te[V→N]-~fmete[N→V]-te[V→V]-@₁~:(u)n[V→N][N][Abs][Unpd][Sg]
asitmun	asag-––i[N→V]-~:(u)te[V→N][N][Ter][Unpd][Sg]
asitmun	asit-~fmete[N→V]-@₁~:(u)n[V→N][N][Abs][Unpd][Sg]
asitmun	asit-~fmete[N→V]-te[V→V]-@₁~:(u)n[V→N][N][Abs][Unpd][Sg]
asitmun	asit[N][Ter][Unpd][Sg]
asitmun	asitmun
asitmun	asitmute[N][Abs][Unpd][Sg]

inglugtun	inglugtun
inglugtun	inglugtute[N][Abs][Unpd][Sg]

------------------------


------------------------
Enkaam aquutas taakut amalka piineqaqiit alii taakut quulqam tungaangakun taaggun asitmun ighighlluteng ayuqut slant-eluteng.

enkaam	enkaam

taakut	taake[V][Intr][Ind][3Pl]

amalka	amalka

piineqaqiit	pi-aq[V→N]-––i[N→V]-@₁~:(u)te[V→V]-@₁~f–neq[V→N]-~–ke[N→V]-~(g₁)aqe[V→V]-~i[V→V][V][Intr][Intrg][3Pl]
piineqaqiit	pi-aq[V→N]-––i[N→V]-@₁~:(u)te[V→V]-@₁~f–neq[V→N]-~–ke[N→V]-~(g₁)aqe[V→V]-~i[V→V][V][Intr][Ind][3Pl]
piineqaqiit	pi-aq[V→N]-––i[N→V]-@₁~:(u)te[V→V]-@₁~neq[V→N]-~–ke[N→V]-~(g₁)aqe[V→V]-~i[V→V][V][Intr][Intrg][3Pl]
piineqaqiit	pi-aq[V→N]-––i[N→V]-@₁~:(u)te[V→V]-@₁~neq[V→N]-~–ke[N→V]-~(g₁)aqe[V→V]-~i[V→V][V][Intr][Ind][3Pl]
piineqaqiit	pi-aq[V→N]-––i[N→V]-@₁~f–neq[V→N]-~–ke[N→V]-~(g₁)aqe[V→V]-~i[V→V][V][Intr][Intrg][3Pl]
piineqaqiit	pi-aq[V→N]-––i[N→V]-@₁~f–neq[V→N]-~–ke[N→V]-~(g₁)aqe[V→V]-~i[V→V][V][Intr][Ind][3Pl]
piineqaqiit	pi-aq[V→N]-––i[N→V]-@₁~neq[V→N]-~–ke[N→V]-~(g₁)aqe[V→V]-~i[V→V][V][Intr][Intrg][3Pl]
piineqaqiit	pi-aq[V→N]-––i[N→V]-@₁~neq[V→N]-~–ke[N→V]-~(g₁)aqe[V→V]-~i[V→V][V][Intr][Ind][3Pl]
piineqaqiit	pi-aq[V→N]-––i[N→V]-~:(u)te[V→V]-@₁~f–neq[V→N]-~–ke[N→V]-~(g₁)aqe[V→V]-~i[V→V][V][Intr][Intrg][3Pl]
piineqaqiit	pi-aq[V→N]-––i[N→V]-~:(u)te[V→V]-@₁~f–neq[V→N]-~–ke[N→V]-~(g₁)aqe[V→V]-~i[V→V][V][Intr][Ind][3Pl]
piineqaqiit	pi-aq[V→N]-––i[N→V]-~:(u)te[V→V]-@₁~neq[V→N]-~–ke[N→V]-~(g₁)aqe[V→V]-~i[V→V][V][Intr][Intrg][3Pl]
piineqaqiit	pi-aq[V→N]-––i[N→V]-~:(u)te[V→V]-@₁~neq[V→N]-~–ke[N→V]-~(g₁)aqe[V→V]-~i[V→V][V][Intr][Ind][3Pl]
piineqaqiit	pi-aq[V→N]-––i[N→V]-neq[V→N]-~–ke[N→V]-~(g₁)aqe[V→V]-~i[V→V][V][Intr][Intrg][3Pl]
piineqaqiit	pi-aq[V→N]-––i[N→V]-neq[V→N]-~–ke[N→V]-~(g₁)aqe[V→V]-~i[V→V][V][Intr][Ind][3Pl]
piineqaqiit	pi-aq[V→N]-––igh[N→V]-@₁~f–neq[V→N]-~–ke[N→V]-~(g₁)aqe[V→V]-~i[V→V][V][Intr][Intrg][3Pl]
piineqaqiit	pi-aq[V→N]-––igh[N→V]-@₁~f–neq[V→N]-~–ke[N→V]-~(g₁)aqe[V→V]-~i[V→V][V][Intr][Ind][3Pl]
piineqaqiit	pi-––i[N→V]-@₁~:(u)te[V→V]-@₁~f–neq[V→N]-~–ke[N→V]-~(g₁)aqe[V→V]-~i[V→V][V][Intr][Intrg][3Pl]
piineqaqiit	pi-––i[N→V]-@₁~:(u)te[V→V]-@₁~f–neq[V→N]-~–ke[N→V]-~(g₁)aqe[V→V]-~i[V→V][V][Intr][Ind][3Pl]
piineqaqiit	pi-––i[N→V]-@₁~:(u)te[V→V]-@₁~neq[V→N]-~–ke[N→V]-~(g₁)aqe[V→V]-~i[V→V][V][Intr][Intrg][3Pl]
piineqaqiit	pi-––i[N→V]-@₁~:(u)te[V→V]-@₁~neq[V→N]-~–ke[N→V]-~(g₁)aqe[V→V]-~i[V→V][V][Intr][Ind][3Pl]
piineqaqiit	pi-––i[N→V]-@₁~f–neq[V→N]-~–ke[N→V]-~(g₁)aqe[V→V]-~i[V→V][V][Intr][Intrg][3Pl]
piineqaqiit	pi-––i[N→V]-@₁~f–neq[V→N]-~–ke[N→V]-~(g₁)aqe[V→V]-~i[V→V][V][Intr][Ind][3Pl]
piineqaqiit	pi-––i[N→V]-@₁~neq[V→N]-~–ke[N→V]-~(g₁)aqe[V→V]-~i[V→V][V][Intr][Intrg][3Pl]
piineqaqiit	pi-––i[N→V]-@₁~neq[V→N]-~–ke[N→V]-~(g₁)aqe[V→V]-~i[V→V][V][Intr][Ind][3Pl]
piineqaqiit	pi-––i[N→V]-~:(u)te[V→V]-@₁~f–neq[V→N]-~–ke[N→V]-~(g₁)aqe[V→V]-~i[V→V][V][Intr][Intrg][3Pl]
piineqaqiit	pi-––i[N→V]-~:(u)te[V→V]-@₁~f–neq[V→N]-~–ke[N→V]-~(g₁)aqe[V→V]-~i[V→V][V][Intr][Ind][3Pl]
piineqaqiit	pi-––i[N→V]-~:(u)te[V→V]-@₁~neq[V→N]-~–ke[N→V]-~(g₁)aqe[V→V]-~i[V→V][V][Intr][Intrg][3Pl]
piineqaqiit	pi-––i[N→V]-~:(u)te[V→V]-@₁~neq[V→N]-~–ke[N→V]-~(g₁)aqe[V→V]-~i[V→V][V][Intr][Ind][3Pl]
piineqaqiit	pi-––i[N→V]-neq[V→N]-~–ke[N→V]-~(g₁)aqe[V→V]-~i[V→V][V][Intr][Intrg][3Pl]
piineqaqiit	pi-––i[N→V]-neq[V→N]-~–ke[N→V]-~(g₁)aqe[V→V]-~i[V→V][V][Intr][Ind][3Pl]
piineqaqiit	pi-––igh[N→V]-@₁~f–neq[V→N]-~–ke[N→V]-~(g₁)aqe[V→V]-~i[V→V][V][Intr][Intrg][3Pl]
piineqaqiit	pi-––igh[N→V]-@₁~f–neq[V→N]-~–ke[N→V]-~(g₁)aqe[V→V]-~i[V→V][V][Intr][Ind][3Pl]
piineqaqiit	pi-~i[V→V]-@₁~:(u)te[V→V]-@₁~f–neq[V→N]-~–ke[N→V]-~(g₁)aqe[V→V]-~i[V→V][V][Intr][Intrg][3Pl]
piineqaqiit	pi-~i[V→V]-@₁~:(u)te[V→V]-@₁~f–neq[V→N]-~–ke[N→V]-~(g₁)aqe[V→V]-~i[V→V][V][Intr][Ind][3Pl]
piineqaqiit	pi-~i[V→V]-@₁~:(u)te[V→V]-@₁~neq[V→N]-~–ke[N→V]-~(g₁)aqe[V→V]-~i[V→V][V][Intr][Intrg][3Pl]
piineqaqiit	pi-~i[V→V]-@₁~:(u)te[V→V]-@₁~neq[V→N]-~–ke[N→V]-~(g₁)aqe[V→V]-~i[V→V][V][Intr][Ind][3Pl]
piineqaqiit	pi-~i[V→V]-@₁~f–neq[V→N]-~–ke[N→V]-~(g₁)aqe[V→V]-~i[V→V][V][Intr][Intrg][3Pl]
piineqaqiit	pi-~i[V→V]-@₁~f–neq[V→N]-~–ke[N→V]-~(g₁)aqe[V→V]-~i[V→V][V][Intr][Ind][3Pl]
piineqaqiit	pi-~i[V→V]-@₁~neq[V→N]-~–ke[N→V]-~(g₁)aqe[V→V]-~i[V→V][V][Intr][Intrg][3Pl]
piineqaqiit	pi-~i[V→V]-@₁~neq[V→N]-~–ke[N→V]-~(g₁)aqe[V→V]-~i[V→V][V][Intr][Ind][3Pl]
piineqaqiit	pi-~i[V→V]-~:(u)te[V→V]-@₁~f–neq[V→N]-~–ke[N→V]-~(g₁)aqe[V→V]-~i[V→V][V][Intr][Intrg][3Pl]
piineqaqiit	pi-~i[V→V]-~:(u)te[V→V]-@₁~f–neq[V→N]-~–ke[N→V]-~(g₁)aqe[V→V]-~i[V→V][V][Intr][Ind][3Pl]
piineqaqiit	pi-~i[V→V]-~:(u)te[V→V]-@₁~neq[V→N]-~–ke[N→V]-~(g₁)aqe[V→V]-~i[V→V][V][Intr][Intrg][3Pl]
piineqaqiit	pi-~i[V→V]-~:(u)te[V→V]-@₁~neq[V→N]-~–ke[N→V]-~(g₁)aqe[V→V]-~i[V→V][V][Intr][Ind][3Pl]
piineqaqiit	pi-~i[V→V]-neq[V→N]-~–ke[N→V]-~(g₁)aqe[V→V]-~i[V→V][V][Intr][Intrg][3Pl]
piineqaqiit	pi-~i[V→V]-neq[V→N]-~–ke[N→V]-~(g₁)aqe[V→V]-~i[V→V][V][Intr][Ind][3Pl]
piineqaqiit	piigh-––i[N→V]-@₁~:(u)te[V→V]-@₁~f–neq[V→N]-~–ke[N→V]-~(g₁)aqe[V→V]-~i[V→V][V][Intr][Intrg][3Pl]
piineqaqiit	piigh-––i[N→V]-@₁~:(u)te[V→V]-@₁~f–neq[V→N]-~–ke[N→V]-~(g₁)aqe[V→V]-~i[V→V][V][Intr][Ind][3Pl]
piineqaqiit	piigh-––i[N→V]-@₁~:(u)te[V→V]-@₁~neq[V→N]-~–ke[N→V]-~(g₁)aqe[V→V]-~i[V→V][V][Intr][Intrg][3Pl]
piineqaqiit	piigh-––i[N→V]-@₁~:(u)te[V→V]-@₁~neq[V→N]-~–ke[N→V]-~(g₁)aqe[V→V]-~i[V→V][V][Intr][Ind][3Pl]
piineqaqiit	piigh-––i[N→V]-@₁~f–neq[V→N]-~–ke[N→V]-~(g₁)aqe[V→V]-~i[V→V][V][Intr][Intrg][3Pl]
piineqaqiit	piigh-––i[N→V]-@₁~f–neq[V→N]-~–ke[N→V]-~(g₁)aqe[V→V]-~i[V→V][V][Intr][Ind][3Pl]
piineqaqiit	piigh-––i[N→V]-@₁~neq[V→N]-~–ke[N→V]-~(g₁)aqe[V→V]-~i[V→V][V][Intr][Intrg][3Pl]
piineqaqiit	piigh-––i[N→V]-@₁~neq[V→N]-~–ke[N→V]-~(g₁)aqe[V→V]-~i[V→V][V][Intr][Ind][3Pl]
piineqaqiit	piigh-––i[N→V]-~:(u)te[V→V]-@₁~f–neq[V→N]-~–ke[N→V]-~(g₁)aqe[V→V]-~i[V→V][V][Intr][Intrg][3Pl]
piineqaqiit	piigh-––i[N→V]-~:(u)te[V→V]-@₁~f–neq[V→N]-~–ke[N→V]-~(g₁)aqe[V→V]-~i[V→V][V][Intr][Ind][3Pl]
piineqaqiit	piigh-––i[N→V]-~:(u)te[V→V]-@₁~neq[V→N]-~–ke[N→V]-~(g₁)aqe[V→V]-~i[V→V][V][Intr][Intrg][3Pl]
piineqaqiit	piigh-––i[N→V]-~:(u)te[V→V]-@₁~neq[V→N]-~–ke[N→V]-~(g₁)aqe[V→V]-~i[V→V][V][Intr][Ind][3Pl]
piineqaqiit	piigh-––i[N→V]-neq[V→N]-~–ke[N→V]-~(g₁)aqe[V→V]-~i[V→V][V][Intr][Intrg][3Pl]
piineqaqiit	piigh-––i[N→V]-neq[V→N]-~–ke[N→V]-~(g₁)aqe[V→V]-~i[V→V][V][Intr][Ind][3Pl]
piineqaqiit	piigh-––igh[N→V]-@₁~f–neq[V→N]-~–ke[N→V]-~(g₁)aqe[V→V]-~i[V→V][V][Intr][Intrg][3Pl]
piineqaqiit	piigh-––igh[N→V]-@₁~f–neq[V→N]-~–ke[N→V]-~(g₁)aqe[V→V]-~i[V→V][V][Intr][Ind][3Pl]
piineqaqiit	piig-@₁~f–neq[V→N]-~–ke[N→V]-~(g₁)aqe[V→V]-~i[V→V][V][Intr][Intrg][3Pl]
piineqaqiit	piig-@₁~f–neq[V→N]-~–ke[N→V]-~(g₁)aqe[V→V]-~i[V→V][V][Intr][Ind][3Pl]
piineqaqiit	piineqe-~(g₁)aqe[V→V]-~i[V→V][V][Intr][Intrg][3Pl]
piineqaqiit	piineqe-~(g₁)aqe[V→V]-~i[V→V][V][Intr][Ind][3Pl]
piineqaqiit	piineqe-~(g₁)aqe[V→V][V][Trns][Ind][3Du][3Sg]
piineqaqiit	piineqe-~(g₁)aqe[V→V][V][Trns][Ind][3Pl][3Pl]
piineqaqiit	pi-ugh[V→V]-@₁~f–neq[V→N]-~–ke[N→V]-~(g₁)aqe[V→V]-~i[V→V][V][Intr][Intrg][3Pl]
piineqaqiit	pi-ugh[V→V]-@₁~f–neq[V→N]-~–ke[N→V]-~(g₁)aqe[V→V]-~i[V→V][V][Intr][Ind][3Pl]
piineqaqiit	pi-igh[N→V]-@₁~f–neq[V→N]-~–ke[N→V]-~(g₁)aqe[V→V]-~i[V→V][V][Intr][Intrg][3Pl]
piineqaqiit	pi-igh[N→V]-@₁~f–neq[V→N]-~–ke[N→V]-~(g₁)aqe[V→V]-~i[V→V][V][Intr][Ind][3Pl]
piineqaqiit	pi-agh[N→V]-@₁~f–neq[V→N]-~–ke[N→V]-~(g₁)aqe[V→V]-~i[V→V][V][Intr][Intrg][3Pl]
piineqaqiit	pi-agh[N→V]-@₁~f–neq[V→N]-~–ke[N→V]-~(g₁)aqe[V→V]-~i[V→V][V][Intr][Ind][3Pl]
piineqaqiit	paaw-––i[N→V]-@₁~:(u)te[V→V]-@₁~f–neq[V→N]-~–ke[N→V]-~(g₁)aqe[V→V]-~i[V→V][V][Intr][Intrg][3Pl]
piineqaqiit	paaw-––i[N→V]-@₁~:(u)te[V→V]-@₁~f–neq[V→N]-~–ke[N→V]-~(g₁)aqe[V→V]-~i[V→V][V][Intr][Ind][3Pl]
piineqaqiit	paaw-––i[N→V]-@₁~:(u)te[V→V]-@₁~neq[V→N]-~–ke[N→V]-~(g₁)aqe[V→V]-~i[V→V][V][Intr][Intrg][3Pl]
piineqaqiit	paaw-––i[N→V]-@₁~:(u)te[V→V]-@₁~neq[V→N]-~–ke[N→V]-~(g₁)aqe[V→V]-~i[V→V][V][Intr][Ind][3Pl]
piineqaqiit	paaw-––i[N→V]-@₁~f–neq[V→N]-~–ke[N→V]-~(g₁)aqe[V→V]-~i[V→V][V][Intr][Intrg][3Pl]
piineqaqiit	paaw-––i[N→V]-@₁~f–neq[V→N]-~–ke[N→V]-~(g₁)aqe[V→V]-~i[V→V][V][Intr][Ind][3Pl]
piineqaqiit	paaw-––i[N→V]-@₁~neq[V→N]-~–ke[N→V]-~(g₁)aqe[V→V]-~i[V→V][V][Intr][Intrg][3Pl]
piineqaqiit	paaw-––i[N→V]-@₁~neq[V→N]-~–ke[N→V]-~(g₁)aqe[V→V]-~i[V→V][V][Intr][Ind][3Pl]
piineqaqiit	paaw-––i[N→V]-~:(u)te[V→V]-@₁~f–neq[V→N]-~–ke[N→V]-~(g₁)aqe[V→V]-~i[V→V][V][Intr][Intrg][3Pl]
piineqaqiit	paaw-––i[N→V]-~:(u)te[V→V]-@₁~f–neq[V→N]-~–ke[N→V]-~(g₁)aqe[V→V]-~i[V→V][V][Intr][Ind][3Pl]
piineqaqiit	paaw-––i[N→V]-~:(u)te[V→V]-@₁~neq[V→N]-~–ke[N→V]-~(g₁)aqe[V→V]-~i[V→V][V][Intr][Intrg][3Pl]
piineqaqiit	paaw-––i[N→V]-~:(u)te[V→V]-@₁~neq[V→N]-~–ke[N→V]-~(g₁)aqe[V→V]-~i[V→V][V][Intr][Ind][3Pl]
piineqaqiit	paaw-––i[N→V]-neq[V→N]-~–ke[N→V]-~(g₁)aqe[V→V]-~i[V→V][V][Intr][Intrg][3Pl]
piineqaqiit	paaw-––i[N→V]-neq[V→N]-~–ke[N→V]-~(g₁)aqe[V→V]-~i[V→V][V][Intr][Ind][3Pl]
piineqaqiit	paaw-––igh[N→V]-@₁~f–neq[V→N]-~–ke[N→V]-~(g₁)aqe[V→V]-~i[V→V][V][Intr][Intrg][3Pl]
piineqaqiit	paaw-––igh[N→V]-@₁~f–neq[V→N]-~–ke[N→V]-~(g₁)aqe[V→V]-~i[V→V][V][Intr][Ind][3Pl]

alii	aw-–li[N→V]-~i[V→V][V][Intr][Opt][PRS][2Sg]
alii	aw-–li[N→V][V][Intr][Intrg][3Sg]
alii	aw-–ligh[N→V]-~:(ng₁)u[V→V][V][Intr][Opt][PRS][2Sg]
alii	aw-–ligh[N→V][V][Intr][Opt][PRS][2Sg]
alii	alugh-––i[N→V][V][Intr][Intrg][3Sg]
alii	alugh-––igh[N→V]-~:(ng₁)u[V→V][V][Intr][Opt][PRS][2Sg]
alii	alugh-––igh[N→V][V][Intr][Opt][PRS][2Sg]
alii	alegh-––i[N→V][V][Intr][Intrg][3Sg]
alii	alegh-––igh[N→V]-~:(ng₁)u[V→V][V][Intr][Opt][PRS][2Sg]
alii	alegh-––igh[N→V][V][Intr][Opt][PRS][2Sg]
alii	aligh-––i[N→V][V][Intr][Intrg][3Sg]
alii	aligh-––igh[N→V]-~:(ng₁)u[V→V][V][Intr][Opt][PRS][2Sg]
alii	aligh-––igh[N→V][V][Intr][Opt][PRS][2Sg]
alii	ali-––i[N→V][V][Intr][Opt][PRS][2Sg]
alii	aligh-~:(ng₁)u[N→V][V][Intr][Opt][PRS][2Sg]
alii	aligh[N][Abs][3SgPoss][SgPosd]
alii	aligh[N][Abs][3SgPoss][PlPosd]
alii	alugh[N][Abs][3SgPoss][PlPosd]

taakut	taake[V][Intr][Ind][3Pl]

asitmun	asugh-––i[N→V]-~:(u)te[V→N]-~fmete[N→V]-@₁~:(u)n[V→N][N][Abs][Unpd][Sg]
asitmun	asugh-––i[N→V]-~:(u)te[V→N]-~fmete[N→V]-te[V→V]-@₁~:(u)n[V→N][N][Abs][Unpd][Sg]
asitmun	asugh-––i[N→V]-~:(u)te[V→N][N][Ter][Unpd][Sg]
asitmun	asit-––i[N→V]-~:(u)te[V→N]-~fmete[N→V]-@₁~:(u)n[V→N][N][Abs][Unpd][Sg]
asitmun	asit-––i[N→V]-~:(u)te[V→N]-~fmete[N→V]-te[V→V]-@₁~:(u)n[V→N][N][Abs][Unpd][Sg]
asitmun	asit-––i[N→V]-~:(u)te[V→N][N][Ter][Unpd][Sg]
asitmun	asigh-––i[N→V]-~:(u)te[V→N]-~fmete[N→V]-@₁~:(u)n[V→N][N][Abs][Unpd][Sg]
asitmun	asigh-––i[N→V]-~:(u)te[V→N]-~fmete[N→V]-te[V→V]-@₁~:(u)n[V→N][N][Abs][Unpd][Sg]
asitmun	asigh-––i[N→V]-~:(u)te[V→N][N][Ter][Unpd][Sg]
asitmun	asag-––i[N→V]-~:(u)te[V→N]-~fmete[N→V]-@₁~:(u)n[V→N][N][Abs][Unpd][Sg]
asitmun	asag-––i[N→V]-~:(u)te[V→N]-~fmete[N→V]-te[V→V]-@₁~:(u)n[V→N][N][Abs][Unpd][Sg]
asitmun	asag-––i[N→V]-~:(u)te[V→N][N][Ter][Unpd][Sg]
asitmun	asit-~fmete[N→V]-@₁~:(u)n[V→N][N][Abs][Unpd][Sg]
asitmun	asit-~fmete[N→V]-te[V→V]-@₁~:(u)n[V→N][N][Abs][Unpd][Sg]
asitmun	asit[N][Ter][Unpd][Sg]
asitmun	asitmun
asitmun	asitmute[N][Abs][Unpd][Sg]

ighighlluteng	ighigh-––i[N→V]-@₁~:(u)n[V→N]-–ghte[N→V]-te[V→V][V][Intr][Sbrd][3Pl]
ighighlluteng	ighi-@₁~:(u)n[V→N]-–ghte[N→V]-te[V→V][V][Intr][Sbrd][3Pl]
ighighlluteng	ighigh-–ghte[N→V]-te[V→V][V][Intr][Sbrd][3Pl]
ighighlluteng	ighigh-lluk[N→N][N][Abs][4PlPoss][PlPosd]

ayuqut	ayuqe[V][Intr][Ind][3Pl]

------------------------
Qulighneghillu taakut mingughhaqiit.

qulighneghillu	qulighnegh[N][Abs][3SgPoss][PlPosd]-llu[Encl]

taakut	taake[V][Intr][Ind][3Pl]

mingughhaqiit	megh-––i[N→V]-~:(ng₁)u[V→V]-@₁~:(u)n[V→N]-–ghhagh*[N→N]-~–ke[N→V]-~i[V→V][V][Intr][Intrg][3Pl]
mingughhaqiit	megh-––i[N→V]-~:(ng₁)u[V→V]-@₁~:(u)n[V→N]-–ghhagh*[N→N]-~–ke[N→V]-~i[V→V][V][Intr][Ind][3Pl]
mingughhaqiit	megh-––i[N→V]-@*ngugh*[V→N]-–ghhagh*[N→N]-~–ke[N→V]-~i[V→V][V][Intr][Intrg][3Pl]
mingughhaqiit	megh-––i[N→V]-@*ngugh*[V→N]-–ghhagh*[N→N]-~–ke[N→V]-~i[V→V][V][Intr][Ind][3Pl]
mingughhaqiit	megh-––i[N→V]-–ngu[V→V]-@₁~:(u)n[V→N]-–ghhagh*[N→N]-~–ke[N→V]-~i[V→V][V][Intr][Intrg][3Pl]
mingughhaqiit	megh-––i[N→V]-–ngu[V→V]-@₁~:(u)n[V→N]-–ghhagh*[N→N]-~–ke[N→V]-~i[V→V][V][Intr][Ind][3Pl]
mingughhaqiit	megh-––i[N→V]-–ngugh*[V→N]-–ghhagh*[N→N]-~–ke[N→V]-~i[V→V][V][Intr][Intrg][3Pl]
mingughhaqiit	megh-––i[N→V]-–ngugh*[V→N]-–ghhagh*[N→N]-~–ke[N→V]-~i[V→V][V][Intr][Ind][3Pl]
mingughhaqiit	megh-––igh[N→V]-–ngu[V→V]-@₁~:(u)n[V→N]-–ghhagh*[N→N]-~–ke[N→V]-~i[V→V][V][Intr][Intrg][3Pl]
mingughhaqiit	megh-––igh[N→V]-–ngu[V→V]-@₁~:(u)n[V→N]-–ghhagh*[N→N]-~–ke[N→V]-~i[V→V][V][Intr][Ind][3Pl]
mingughhaqiit	megh-––igh[N→V]-–ngugh*[V→N]-–ghhagh*[N→N]-~–ke[N→V]-~i[V→V][V][Intr][Intrg][3Pl]
mingughhaqiit	megh-––igh[N→V]-–ngugh*[V→N]-–ghhagh*[N→N]-~–ke[N→V]-~i[V→V][V][Intr][Ind][3Pl]
mingughhaqiit	me-igh[N→V]-–ngu[V→V]-@₁~:(u)n[V→N]-–ghhagh*[N→N]-~–ke[N→V]-~i[V→V][V][Intr][Intrg][3Pl]
mingughhaqiit	me-igh[N→V]-–ngu[V→V]-@₁~:(u)n[V→N]-–ghhagh*[N→N]-~–ke[N→V]-~i[V→V][V][Intr][Ind][3Pl]
mingughhaqiit	me-igh[N→V]-–ngugh*[V→N]-–ghhagh*[N→N]-~–ke[N→V]-~i[V→V][V][Intr][Intrg][3Pl]
mingughhaqiit	me-igh[N→V]-–ngugh*[V→N]-–ghhagh*[N→N]-~–ke[N→V]-~i[V→V][V][Intr][Ind][3Pl]
mingughhaqiit	me-––i[N→V]-~:(ng₁)u[V→V]-@₁~:(u)n[V→N]-–ghhagh*[N→N]-~–ke[N→V]-~i[V→V][V][Intr][Intrg][3Pl]
mingughhaqiit	me-––i[N→V]-~:(ng₁)u[V→V]-@₁~:(u)n[V→N]-–ghhagh*[N→N]-~–ke[N→V]-~i[V→V][V][Intr][Ind][3Pl]
mingughhaqiit	me-––i[N→V]-@*ngugh*[V→N]-–ghhagh*[N→N]-~–ke[N→V]-~i[V→V][V][Intr][Intrg][3Pl]
mingughhaqiit	me-––i[N→V]-@*ngugh*[V→N]-–ghhagh*[N→N]-~–ke[N→V]-~i[V→V][V][Intr][Ind][3Pl]
mingughhaqiit	me-––i[N→V]-–ngu[V→V]-@₁~:(u)n[V→N]-–ghhagh*[N→N]-~–ke[N→V]-~i[V→V][V][Intr][Intrg][3Pl]
mingughhaqiit	me-––i[N→V]-–ngu[V→V]-@₁~:(u)n[V→N]-–ghhagh*[N→N]-~–ke[N→V]-~i[V→V][V][Intr][Ind][3Pl]
mingughhaqiit	me-––i[N→V]-–ngugh*[V→N]-–ghhagh*[N→N]-~–ke[N→V]-~i[V→V][V][Intr][Intrg][3Pl]
mingughhaqiit	me-––i[N→V]-–ngugh*[V→N]-–ghhagh*[N→N]-~–ke[N→V]-~i[V→V][V][Intr][Ind][3Pl]
mingughhaqiit	me-––igh[N→V]-–ngu[V→V]-@₁~:(u)n[V→N]-–ghhagh*[N→N]-~–ke[N→V]-~i[V→V][V][Intr][Intrg][3Pl]
mingughhaqiit	me-––igh[N→V]-–ngu[V→V]-@₁~:(u)n[V→N]-–ghhagh*[N→N]-~–ke[N→V]-~i[V→V][V][Intr][Ind][3Pl]
mingughhaqiit	me-––igh[N→V]-–ngugh*[V→N]-–ghhagh*[N→N]-~–ke[N→V]-~i[V→V][V][Intr][Intrg][3Pl]
mingughhaqiit	me-––igh[N→V]-–ngugh*[V→N]-–ghhagh*[N→N]-~–ke[N→V]-~i[V→V][V][Intr][Ind][3Pl]

------------------------
Enkaam tagneqegtepigtaqut, kinengllaghaqiit.

enkaam	enkaam

tagneqegtepigtaqut	tagnegh-~–kegte[N→V]-–pigte[V→V]-~(g₁)aqe[V→V][V][Intr][Ind][3Pl]
tagneqegtepigtaqut	tagneqegte-–pigte[V→V]-~(g₁)aqe[V→V][V][Intr][Ind][3Pl]

kinengllaghaqiit	kinegh-–ngllagh[V→V]-~(g₁)aqe[V→V]-~i[V→V][V][Intr][Intrg][3Pl]
kinengllaghaqiit	kinegh-–ngllagh[V→V]-~(g₁)aqe[V→V]-~i[V→V][V][Intr][Ind][3Pl]
kinengllaghaqiit	kinegh-–ngllagh[V→V]-~(g₁)aqe[V→V][V][Trns][Ind][3Du][3Sg]
kinengllaghaqiit	kinegh-–ngllagh[V→V]-~(g₁)aqe[V→V][V][Trns][Ind][3Pl][3Pl]
kinengllaghaqiit	kinegh-–ngllagh[V→V]-aq[V→N]-~–ke[N→V]-~i[V→V][V][Intr][Intrg][3Pl]
kinengllaghaqiit	kinegh-–ngllagh[V→V]-aq[V→N]-~–ke[N→V]-~i[V→V][V][Intr][Ind][3Pl]
kinengllaghaqiit	kinegh-–ngllagh[V→V]-aq[V→N]-––i[N→V][V][Intr][Intrg][3Pl]
kinengllaghaqiit	kinegh-–ngllagh[V→V]-aq[V→N]-––i[N→V][V][Intr][Ind][3Pl]

------------------------


------------------------
Taawa aghveghem taana uyvasaghqellgha apeghiighaquq taaqaquq.

taawa	taawa

aghveghem	aghvegh[N][Rel][Unpd][Sg]

taana	taane[V][Intr][Intrg][3Sg]
taana	taana

apeghiighaquq	apegh-aq[V→N]-––i[N→V]-@₁~:(u)te[V→V]-@₁~:(u)n[V→N]-–ghagh*[N→N]-~–ke[N→V][V][Intr][Ind][3Sg]
apeghiighaquq	apegh-aq[V→N]-––i[N→V]-@₁~:(u)n[V→N]-–ghte[N→V]-@₁~:(u)n[V→N]-–ghagh*[N→N]-~–ke[N→V][V][Intr][Ind][3Sg]
apeghiighaquq	apegh-aq[V→N]-––i[N→V]-@₁~:(u)n[V→N]-–ghte[N→V]-te[V→V]-@₁~:(u)n[V→N]-–ghagh*[N→N]-~–ke[N→V][V][Intr][Ind][3Sg]
apeghiighaquq	apegh-aq[V→N]-––i[N→V]-te[V→V]-@₁~:(u)n[V→N]-–ghagh*[N→N]-~–ke[N→V][V][Intr][Ind][3Sg]
apeghiighaquq	apegh-aq[V→N]-––i[N→V]-~:(u)te[V→V]-@₁~:(u)n[V→N]-–ghagh*[N→N]-~–ke[N→V][V][Intr][Ind][3Sg]
apeghiighaquq	apegh-aq[V→N]-––i[N→V]-~:(u)te[V→N]-te[N→V]-@₁~:(u)n[V→N]-–ghagh*[N→N]-~–ke[N→V][V][Intr][Ind][3Sg]
apeghiighaquq	apegh-aq[V→N]-––i[N→V]-~:(u)te[V→N]-te[N→V]-te[V→V]-@₁~:(u)n[V→N]-–ghagh*[N→N]-~–ke[N→V][V][Intr][Ind][3Sg]
apeghiighaquq	apegh-aq[V→N]-––i[N→V]-–ghte[V→V]-@₁~:(u)n[V→N]-–ghagh*[N→N]-~–ke[N→V][V][Intr][Ind][3Sg]
apeghiighaquq	apegh-aq[V→N]-––i[N→V]-aq[V→N]-–ghagh*[N→N]-~–ke[N→V][V][Intr][Ind][3Sg]
apeghiighaquq	apegh-aq[V→N]-––i[N→V]-ugh[V→V]-~(g₁)aqe[V→V][V][Intr][Ind][3Sg]
apeghiighaquq	apegh-aq[V→N]-––i[N→V]-ugh[V→V]-aq[V→N]-~–ke[N→V][V][Intr][Ind][3Sg]
apeghiighaquq	apegh-aq[V→N]-––igh[N→V]-–ghte[V→V]-@₁~:(u)n[V→N]-–ghagh*[N→N]-~–ke[N→V][V][Intr][Ind][3Sg]
apeghiighaquq	apegh-aq[V→N]-––ii[N→V]-@₁~:(u)n[V→N]-–ghagh*[N→N]-~–ke[N→V][V][Intr][Ind][3Sg]
apeghiighaquq	apegh-aq[V→N]-––igh[N→V]-@₁~:(u)n[V→N]-–ghagh*[N→N]-~–ke[N→V][V][Intr][Ind][3Sg]
apeghiighaquq	apegh-aq[V→N]-––igh[N→V]-te[V→V]-@₁~:(u)n[V→N]-–ghagh*[N→N]-~–ke[N→V][V][Intr][Ind][3Sg]
apeghiighaquq	apegh-aq[V→N]-––igh[N→V]-~:(ng₁)u[V→V]-@₁~:(u)n[V→N]-–ghagh*[N→N]-~–ke[N→V][V][Intr][Ind][3Sg]
apeghiighaquq	apegh-aq[V→N]-––iigh[N→V]-~(g₁)aqe[V→V][V][Intr][Ind][3Sg]
apeghiighaquq	apegh-aq[V→N]-––iigh[N→V]-aq[V→N]-~–ke[N→V][V][Intr][Ind][3Sg]
apeghiighaquq	apeghiigh-~(g₁)aqe[V→V][V][Intr][Ind][3Sg]
apeghiighaquq	apeghiigh-aq[V→N]-~–ke[N→V][V][Intr][Ind][3Sg]

taaqaquq	taaqe-~(g₁)aqe[V→V][V][Intr][Ind][3Sg]

------------------------
Alla angyaghyaghqaaghtaqut.

alla	alla
alla	alla[N][Abs][Unpd][Sg]

angyaghyaghqaaghtaqut	angyagh-@₁~fyagh[N→V]-–ghte[V→V]-@₁~–(g₁)kaa[V→V]-@₁~:(u)n[V→N]-–ghte[N→V]-~(g₁)aqe[V→V][V][Intr][Ind][3Pl]
angyaghyaghqaaghtaqut	angyagh-@₁~fyagh[N→V]-–ghte[V→V]-@₁~–(g₁)kaa[V→V]-–ghte[V→V]-~(g₁)aqe[V→V][V][Intr][Ind][3Pl]
angyaghyaghqaaghtaqut	angyagh-@₁~fyagh[N→V]-–ghqe[V→V]-~aghte[V→V]-@₁~:(u)n[V→N]-–ghte[N→V]-~(g₁)aqe[V→V][V][Intr][Ind][3Pl]
angyaghyaghqaaghtaqut	angyagh-@₁~fyagh[V→V]-–ghte[V→V]-@₁~–(g₁)kaa[V→V]-@₁~:(u)n[V→N]-–ghte[N→V]-~(g₁)aqe[V→V][V][Intr][Ind][3Pl]
angyaghyaghqaaghtaqut	angyagh-@₁~fyagh[V→V]-–ghte[V→V]-@₁~–(g₁)kaa[V→V]-–ghte[V→V]-~(g₁)aqe[V→V][V][Intr][Ind][3Pl]
angyaghyaghqaaghtaqut	angyagh-@₁~fyagh[V→V]-–ghqe[V→V]-~aghte[V→V]-@₁~:(u)n[V→N]-–ghte[N→V]-~(g₁)aqe[V→V][V][Intr][Ind][3Pl]
angyaghyaghqaaghtaqut	angyagh-@₁~fyagh[N→V]-te[V→V]-@₁~–(g₁)kaa[V→V]-@₁~:(u)n[V→N]-–ghte[N→V]-~(g₁)aqe[V→V][V][Intr][Ind][3Pl]
angyaghyaghqaaghtaqut	angyagh-@₁~fyagh[N→V]-te[V→V]-@₁~–(g₁)kaa[V→V]-–ghte[V→V]-~(g₁)aqe[V→V][V][Intr][Ind][3Pl]
angyaghyaghqaaghtaqut	angyagh-@₁~fyagh[N→V]-@₂~fkaq[V→N]-–ghte[N→V]-@₁~:(u)n[V→N]-–ghte[N→V]-~(g₁)aqe[V→V][V][Intr][Ind][3Pl]
angyaghyaghqaaghtaqut	angyagh-@₁~fyagh[N→V]-@₂~fkaq[V→N]-–ghte[N→V]-te[V→V]-@₁~:(u)n[V→N]-–ghte[N→V]-~(g₁)aqe[V→V][V][Intr][Ind][3Pl]
angyaghyaghqaaghtaqut	angyagh-@₁~fyagh[N→V]-@₂~fkau[V→V]-@₁~:(u)n[V→N]-–ghte[N→V]-~(g₁)aqe[V→V][V][Intr][Ind][3Pl]
angyaghyaghqaaghtaqut	angyagh-@₁~fyagh[N→V]-@₂~fkau[V→V]-–ghte[V→V]-~(g₁)aqe[V→V][V][Intr][Ind][3Pl]
angyaghyaghqaaghtaqut	angyagh-@₁~fyagh[N→V]-qaq[V→N]-–ghte[N→V]-@₁~:(u)n[V→N]-–ghte[N→V]-~(g₁)aqe[V→V][V][Intr][Ind][3Pl]
angyaghyaghqaaghtaqut	angyagh-@₁~fyagh[N→V]-qaq[V→N]-–ghte[N→V]-te[V→V]-@₁~:(u)n[V→N]-–ghte[N→V]-~(g₁)aqe[V→V][V][Intr][Ind][3Pl]
angyaghyaghqaaghtaqut	angyagh-@₁~fyagh[V→V]-te[V→V]-@₁~–(g₁)kaa[V→V]-@₁~:(u)n[V→N]-–ghte[N→V]-~(g₁)aqe[V→V][V][Intr][Ind][3Pl]
angyaghyaghqaaghtaqut	angyagh-@₁~fyagh[V→V]-te[V→V]-@₁~–(g₁)kaa[V→V]-–ghte[V→V]-~(g₁)aqe[V→V][V][Intr][Ind][3Pl]
angyaghyaghqaaghtaqut	angyagh-@₁~fyagh[V→V]-@₂~fkaq[V→N]-–ghte[N→V]-@₁~:(u)n[V→N]-–ghte[N→V]-~(g₁)aqe[V→V][V][Intr][Ind][3Pl]
angyaghyaghqaaghtaqut	angyagh-@₁~fyagh[V→V]-@₂~fkaq[V→N]-–ghte[N→V]-te[V→V]-@₁~:(u)n[V→N]-–ghte[N→V]-~(g₁)aqe[V→V][V][Intr][Ind][3Pl]
angyaghyaghqaaghtaqut	angyagh-@₁~fyagh[V→V]-@₂~fkau[V→V]-@₁~:(u)n[V→N]-–ghte[N→V]-~(g₁)aqe[V→V][V][Intr][Ind][3Pl]
angyaghyaghqaaghtaqut	angyagh-@₁~fyagh[V→V]-@₂~fkau[V→V]-–ghte[V→V]-~(g₁)aqe[V→V][V][Intr][Ind][3Pl]
angyaghyaghqaaghtaqut	angyagh-@₁~fyagh[V→V]-qaq[V→N]-–ghte[N→V]-@₁~:(u)n[V→N]-–ghte[N→V]-~(g₁)aqe[V→V][V][Intr][Ind][3Pl]
angyaghyaghqaaghtaqut	angyagh-@₁~fyagh[V→V]-qaq[V→N]-–ghte[N→V]-te[V→V]-@₁~:(u)n[V→N]-–ghte[N→V]-~(g₁)aqe[V→V][V][Intr][Ind][3Pl]
angyaghyaghqaaghtaqut	angyagh-@₁~fyaghqaq[V→N]-–ghte[N→V]-@₁~:(u)n[V→N]-–ghte[N→V]-~(g₁)aqe[V→V][V][Intr][Ind][3Pl]
angyaghyaghqaaghtaqut	angyagh-@₁~fyaghqaq[V→N]-–ghte[N→V]-te[V→V]-@₁~:(u)n[V→N]-–ghte[N→V]-~(g₁)aqe[V→V][V][Intr][Ind][3Pl]
angyaghyaghqaaghtaqut	angyagh-@₁~fyaghqaa[V→V]-@₁~:(u)n[V→N]-–ghte[N→V]-~(g₁)aqe[V→V][V][Intr][Ind][3Pl]
angyaghyaghqaaghtaqut	angyagh-@₁~fyaghqaa[V→V]-–ghte[V→V]-~(g₁)aqe[V→V][V][Intr][Ind][3Pl]
angyaghyaghqaaghtaqut	angyagh-@₁~fyaghqaaghte[V→V]-~(g₁)aqe[V→V][V][Intr][Ind][3Pl]
angyaghyaghqaaghtaqut	angyagh-yak[N→N]-–ghte[N→V]-@₁~–(g₁)kaa[V→V]-@₁~:(u)n[V→N]-–ghte[N→V]-~(g₁)aqe[V→V][V][Intr][Ind][3Pl]
angyaghyaghqaaghtaqut	angyagh-yak[N→N]-–ghte[N→V]-@₁~–(g₁)kaa[V→V]-–ghte[V→V]-~(g₁)aqe[V→V][V][Intr][Ind][3Pl]
angyaghyaghqaaghtaqut	angyagh-yak[N→N]-–ghte[N→V]-te[V→V]-@₁~–(g₁)kaa[V→V]-@₁~:(u)n[V→N]-–ghte[N→V]-~(g₁)aqe[V→V][V][Intr][Ind][3Pl]
angyaghyaghqaaghtaqut	angyagh-yak[N→N]-–ghte[N→V]-te[V→V]-@₁~–(g₁)kaa[V→V]-–ghte[V→V]-~(g₁)aqe[V→V][V][Intr][Ind][3Pl]
angyaghyaghqaaghtaqut	angyagh-yak[N→N]-–ghqe[N→V]-~aghte[V→V]-@₁~:(u)n[V→N]-–ghte[N→V]-~(g₁)aqe[V→V][V][Intr][Ind][3Pl]

------------------------
Angyaghtughluuteng ayveghniiq piluku.

angyaghtughluuteng	angyagh-tugh[N→V]-@₁lugh[V→V]-–ghte[V→V]-@₁~:(u)n[V→N][N][Abs][4PlPoss][PlPosd]
angyaghtughluuteng	angyagh-tugh[N→V]-@₁lugh[V→V]-@₁~:(u)n[V→N][N][Abs][4PlPoss][PlPosd]
angyaghtughluuteng	angyagh-tugh[N→V]-@₁lugh[V→V]-te[V→V]-@₁~:(u)n[V→N][N][Abs][4PlPoss][PlPosd]
angyaghtughluuteng	angyagh-tugh[N→V]-@₁lugh[V→V]-~:(ng₁)u[V→V]-@₁~:(u)n[V→N][N][Abs][4PlPoss][PlPosd]

piluku	pi-@₁~:(u)te[V→V][V][Trns][Sbrd][_][3Sg]
piluku	pi-@₁~:(u)n[V→N]-–luk[N→N]-~:(ng₁)u[N→V][V][Intr][Opt][PRS][2Sg]
piluku	pi-~:(u)te[V→V][V][Trns][Sbrd][_][3Sg]
piluku	pi-–luk[N→N]-~:(ng₁)u[N→V][V][Intr][Opt][PRS][2Sg]
piluku	pi[V][Trns][Sbrd][_][3Sg]

------------------------
Ilangillu aghvengaqelghiit ama tawaten uyvasaghqegkayuget ellmeng pilleghmegestun uyvasaghqegkayuget.

ilangillu	ila[N][Abs][3SgPoss][PlPosd]-llu[Encl]

aghvengaqelghiit	aghvegh-–nge[N→V]-~(g₁)aqe[V→V]-@₁–lghii[V→N][N][Abs][Unpd][Pl]
aghvengaqelghiit	aghvegh-–nge[N→V]-~(g₁)aqe[V→V]-@₁–lghii[V→N][N][Rel][Unpd][Pl]
aghvengaqelghiit	aghvegh-–nge[N→V]-~(g₁)aqe[V→V][V][Intr][Ptcp][3Pl]
aghvengaqelghiit	aghvenge-~(g₁)aqe[V→V]-@₁–lghii[V→N][N][Abs][Unpd][Pl]
aghvengaqelghiit	aghvenge-~(g₁)aqe[V→V]-@₁–lghii[V→N][N][Rel][Unpd][Pl]
aghvengaqelghiit	aghvenge-~(g₁)aqe[V→V][V][Intr][Ptcp][3Pl]

ama	ama

tawaten	tawaten

ellmeng	ellmeng
ellmeng	ellmeng[N][Abs][Unpd][Sg]

------------------------
Tawaten ama veghii siqlugaghmikayugit.

tawaten	tawaten

ama	ama

veghii	veghagh-––i[N→V][V][Intr][Intrg][3Sg]
veghii	veghagh-––igh[N→V]-~:(ng₁)u[V→V][V][Intr][Opt][PRS][2Sg]
veghii	veghagh-––igh[N→V][V][Intr][Opt][PRS][2Sg]
veghii	veghagh[N][Abs][3SgPoss][PlPosd]

------------------------


------------------------
Enkaam samun angyaghtumun lliighaqus taawa.

enkaam	enkaam

samun	sa[N][Ter][Unpd][Sg]

angyaghtumun	angyagh-tu[N→V]-mete[V→V]-@₁~:(u)n[V→N][N][Abs][Unpd][Sg]
angyaghtumun	angyagh-tu[V→V]-mete[V→V]-@₁~:(u)n[V→N][N][Abs][Unpd][Sg]

taawa	taawa

------------------------
