IVAGHULLUK ILAGAAT

ivaghulluk	ivaghullug[N][Abs][Unpd][Sg]

------------------------
Pelaasim Apellgha

------------------------
 

------------------------
Ighivgan'ghani, eghqwaaghem elagaatangi taakut atughaqiit.

taakut	taake[V][Intr][Ind][3Pl]

atughaqiit	aw-–tu[N→V]-@₁~:(u)n[V→N]-–ghagh*[N→N]-~–ke[N→V]-~i[V→V][V][Intr][Intrg][3Pl]
atughaqiit	aw-–tu[N→V]-@₁~:(u)n[V→N]-–ghagh*[N→N]-~–ke[N→V]-~i[V→V][V][Intr][Ind][3Pl]
atughaqiit	atugh-–ghagh*[N→N]-~–ke[N→V]-~i[V→V][V][Intr][Intrg][3Pl]
atughaqiit	atugh-–ghagh*[N→N]-~–ke[N→V]-~i[V→V][V][Intr][Ind][3Pl]
atughaqiit	atugh-~(g₁)aqe[V→V]-~i[V→V][V][Intr][Intrg][3Pl]
atughaqiit	atugh-~(g₁)aqe[V→V]-~i[V→V][V][Intr][Ind][3Pl]
atughaqiit	atugh-~(g₁)aqe[V→V][V][Trns][Ind][3Du][3Sg]
atughaqiit	atugh-~(g₁)aqe[V→V][V][Trns][Ind][3Pl][3Pl]
atughaqiit	atugh-aq[V→N]-~–ke[N→V]-~i[V→V][V][Intr][Intrg][3Pl]
atughaqiit	atugh-aq[V→N]-~–ke[N→V]-~i[V→V][V][Intr][Ind][3Pl]

------------------------
Ilagaghaqut angyalget taakut.

ilagaghaqut	ilagagh-~(g₁)aqe[V→V][V][Intr][Ind][3Pl]
ilagaghaqut	ilagagh-aq[V→N]-~–ke[N→V][V][Intr][Ind][3Pl]

angyalget	angyagh-–leg[N→N][N][Abs][Unpd][Pl]
angyalget	angyagh-–leg[N→N][N][Rel][Unpd][Pl]
angyalget	angyagh-–lget[AUG]
angyalget	angyaleg[N][Abs][Unpd][Pl]
angyalget	angyaleg[N][Rel][Unpd][Pl]
angyalget	Angyat-–leg[N→N][N][Abs][Unpd][Pl]
angyalget	Angyat-–leg[N→N][N][Rel][Unpd][Pl]
angyalget	Angyat-–lget[AUG]

taakut	taake[V][Intr][Ind][3Pl]

------------------------
Ivaghullugmeng atelget.

ivaghullugmeng	ivaghullug[N][Abl_Mod][Unpd][Sg]
ivaghullugmeng	ivaghullug[N][Rel][4DuPoss][PlPosd]
ivaghullugmeng	ivaghullug[N][Rel][4DuPoss][SgPosd]
ivaghullugmeng	ivaghullug[N][Rel][4PlPoss][PlPosd]
ivaghullugmeng	ivaghullug[N][Rel][4PlPoss][SgPosd]

atelget	ategh-–leg[N→N][N][Abs][Unpd][Pl]
atelget	ategh-–leg[N→N][N][Rel][Unpd][Pl]
atelget	ategh-–lget[AUG]
atelget	Ategh-–leg[N→N][N][Abs][Unpd][Pl]
atelget	Ategh-–leg[N→N][N][Rel][Unpd][Pl]
atelget	Ategh-–lget[AUG]

------------------------


------------------------
Elngataall, repall tusaqnapangunatengllu.

repall	repall
repall	repall[N][Abs][Unpd][Sg]

tusaqnapangunatengllu	tusaqe-@₁~fna[V→V]-–pag[V→V]-–ngu[V→V]-@₁~:(u)te[V→V]-@₁~fnaq[V→N][N][Abs][4PlPoss][PlPosd]-llu[Encl]
tusaqnapangunatengllu	tusaqe-@₁~fna[V→V]-–pag[V→V]-–ngu[V→V]-@₁~:(u)te[V→V]-@₁~fna[V→V]-@₁~:(u)n[V→N][N][Abs][4PlPoss][PlPosd]-llu[Encl]
tusaqnapangunatengllu	tusaqe-@₁~fna[V→V]-–pag[V→V]-–ngu[V→V]-@₁~fnaq[V→N][N][Abs][4PlPoss][PlPosd]-llu[Encl]
tusaqnapangunatengllu	tusaqe-@₁~fna[V→V]-–pag[V→V]-–ngu[V→V]-@₁~fna[V→V]-@₁~:(u)n[V→N][N][Abs][4PlPoss][PlPosd]-llu[Encl]
tusaqnapangunatengllu	tusaqe-@₁~fna[V→V]-–pag[V→V]-–ngu[V→V]-~:(u)te[V→V]-@₁~fnaq[V→N][N][Abs][4PlPoss][PlPosd]-llu[Encl]
tusaqnapangunatengllu	tusaqe-@₁~fna[V→V]-–pag[V→V]-–ngu[V→V]-~:(u)te[V→V]-@₁~fna[V→V]-@₁~:(u)n[V→N][N][Abs][4PlPoss][PlPosd]-llu[Encl]
tusaqnapangunatengllu	tusaqe-@₁~fna[V→V]-pag[V→V]-–ngu[V→V]-@₁~:(u)te[V→V]-@₁~fnaq[V→N][N][Abs][4PlPoss][PlPosd]-llu[Encl]
tusaqnapangunatengllu	tusaqe-@₁~fna[V→V]-pag[V→V]-–ngu[V→V]-@₁~:(u)te[V→V]-@₁~fna[V→V]-@₁~:(u)n[V→N][N][Abs][4PlPoss][PlPosd]-llu[Encl]
tusaqnapangunatengllu	tusaqe-@₁~fna[V→V]-pag[V→V]-–ngu[V→V]-@₁~fnaq[V→N][N][Abs][4PlPoss][PlPosd]-llu[Encl]
tusaqnapangunatengllu	tusaqe-@₁~fna[V→V]-pag[V→V]-–ngu[V→V]-@₁~fna[V→V]-@₁~:(u)n[V→N][N][Abs][4PlPoss][PlPosd]-llu[Encl]
tusaqnapangunatengllu	tusaqe-@₁~fna[V→V]-pag[V→V]-–ngu[V→V]-~:(u)te[V→V]-@₁~fnaq[V→N][N][Abs][4PlPoss][PlPosd]-llu[Encl]
tusaqnapangunatengllu	tusaqe-@₁~fna[V→V]-pag[V→V]-–ngu[V→V]-~:(u)te[V→V]-@₁~fna[V→V]-@₁~:(u)n[V→N][N][Abs][4PlPoss][PlPosd]-llu[Encl]
tusaqnapangunatengllu	tusaqe-@₁~fnagh[V→V]-–pag[V→V]-–ngu[V→V]-@₁~:(u)te[V→V]-@₁~fnaq[V→N][N][Abs][4PlPoss][PlPosd]-llu[Encl]
tusaqnapangunatengllu	tusaqe-@₁~fnagh[V→V]-–pag[V→V]-–ngu[V→V]-@₁~:(u)te[V→V]-@₁~fna[V→V]-@₁~:(u)n[V→N][N][Abs][4PlPoss][PlPosd]-llu[Encl]
tusaqnapangunatengllu	tusaqe-@₁~fnagh[V→V]-–pag[V→V]-–ngu[V→V]-@₁~fnaq[V→N][N][Abs][4PlPoss][PlPosd]-llu[Encl]
tusaqnapangunatengllu	tusaqe-@₁~fnagh[V→V]-–pag[V→V]-–ngu[V→V]-@₁~fna[V→V]-@₁~:(u)n[V→N][N][Abs][4PlPoss][PlPosd]-llu[Encl]
tusaqnapangunatengllu	tusaqe-@₁~fnagh[V→V]-–pag[V→V]-–ngu[V→V]-~:(u)te[V→V]-@₁~fnaq[V→N][N][Abs][4PlPoss][PlPosd]-llu[Encl]
tusaqnapangunatengllu	tusaqe-@₁~fnagh[V→V]-–pag[V→V]-–ngu[V→V]-~:(u)te[V→V]-@₁~fna[V→V]-@₁~:(u)n[V→N][N][Abs][4PlPoss][PlPosd]-llu[Encl]
tusaqnapangunatengllu	tusaqe-te[V→V]-@₁~fna[V→V]-–pag[V→V]-–ngu[V→V]-@₁~:(u)te[V→V]-@₁~fnaq[V→N][N][Abs][4PlPoss][PlPosd]-llu[Encl]
tusaqnapangunatengllu	tusaqe-te[V→V]-@₁~fna[V→V]-–pag[V→V]-–ngu[V→V]-@₁~:(u)te[V→V]-@₁~fna[V→V]-@₁~:(u)n[V→N][N][Abs][4PlPoss][PlPosd]-llu[Encl]
tusaqnapangunatengllu	tusaqe-te[V→V]-@₁~fna[V→V]-–pag[V→V]-–ngu[V→V]-@₁~fnaq[V→N][N][Abs][4PlPoss][PlPosd]-llu[Encl]
tusaqnapangunatengllu	tusaqe-te[V→V]-@₁~fna[V→V]-–pag[V→V]-–ngu[V→V]-@₁~fna[V→V]-@₁~:(u)n[V→N][N][Abs][4PlPoss][PlPosd]-llu[Encl]
tusaqnapangunatengllu	tusaqe-te[V→V]-@₁~fna[V→V]-–pag[V→V]-–ngu[V→V]-~:(u)te[V→V]-@₁~fnaq[V→N][N][Abs][4PlPoss][PlPosd]-llu[Encl]
tusaqnapangunatengllu	tusaqe-te[V→V]-@₁~fna[V→V]-–pag[V→V]-–ngu[V→V]-~:(u)te[V→V]-@₁~fna[V→V]-@₁~:(u)n[V→N][N][Abs][4PlPoss][PlPosd]-llu[Encl]
tusaqnapangunatengllu	tusaqe-te[V→V]-@₁~fna[V→V]-pag[V→V]-–ngu[V→V]-@₁~:(u)te[V→V]-@₁~fnaq[V→N][N][Abs][4PlPoss][PlPosd]-llu[Encl]
tusaqnapangunatengllu	tusaqe-te[V→V]-@₁~fna[V→V]-pag[V→V]-–ngu[V→V]-@₁~:(u)te[V→V]-@₁~fna[V→V]-@₁~:(u)n[V→N][N][Abs][4PlPoss][PlPosd]-llu[Encl]
tusaqnapangunatengllu	tusaqe-te[V→V]-@₁~fna[V→V]-pag[V→V]-–ngu[V→V]-@₁~fnaq[V→N][N][Abs][4PlPoss][PlPosd]-llu[Encl]
tusaqnapangunatengllu	tusaqe-te[V→V]-@₁~fna[V→V]-pag[V→V]-–ngu[V→V]-@₁~fna[V→V]-@₁~:(u)n[V→N][N][Abs][4PlPoss][PlPosd]-llu[Encl]
tusaqnapangunatengllu	tusaqe-te[V→V]-@₁~fna[V→V]-pag[V→V]-–ngu[V→V]-~:(u)te[V→V]-@₁~fnaq[V→N][N][Abs][4PlPoss][PlPosd]-llu[Encl]
tusaqnapangunatengllu	tusaqe-te[V→V]-@₁~fna[V→V]-pag[V→V]-–ngu[V→V]-~:(u)te[V→V]-@₁~fna[V→V]-@₁~:(u)n[V→N][N][Abs][4PlPoss][PlPosd]-llu[Encl]
tusaqnapangunatengllu	tusaqe-te[V→V]-@₁~fnagh[V→V]-–pag[V→V]-–ngu[V→V]-@₁~:(u)te[V→V]-@₁~fnaq[V→N][N][Abs][4PlPoss][PlPosd]-llu[Encl]
tusaqnapangunatengllu	tusaqe-te[V→V]-@₁~fnagh[V→V]-–pag[V→V]-–ngu[V→V]-@₁~:(u)te[V→V]-@₁~fna[V→V]-@₁~:(u)n[V→N][N][Abs][4PlPoss][PlPosd]-llu[Encl]
tusaqnapangunatengllu	tusaqe-te[V→V]-@₁~fnagh[V→V]-–pag[V→V]-–ngu[V→V]-@₁~fnaq[V→N][N][Abs][4PlPoss][PlPosd]-llu[Encl]
tusaqnapangunatengllu	tusaqe-te[V→V]-@₁~fnagh[V→V]-–pag[V→V]-–ngu[V→V]-@₁~fna[V→V]-@₁~:(u)n[V→N][N][Abs][4PlPoss][PlPosd]-llu[Encl]
tusaqnapangunatengllu	tusaqe-te[V→V]-@₁~fnagh[V→V]-–pag[V→V]-–ngu[V→V]-~:(u)te[V→V]-@₁~fnaq[V→N][N][Abs][4PlPoss][PlPosd]-llu[Encl]
tusaqnapangunatengllu	tusaqe-te[V→V]-@₁~fnagh[V→V]-–pag[V→V]-–ngu[V→V]-~:(u)te[V→V]-@₁~fna[V→V]-@₁~:(u)n[V→N][N][Abs][4PlPoss][PlPosd]-llu[Encl]

------------------------
Nangllegsim angtalanganeng, wata eghqwaalleghmi tawani nangllegnaghsapiglluteng ilaganeghmeggni iglateng qughaghteghllaglukii piiqegkangit.

wata	wata

tawani	tawani
tawani	tawani[N][Abs][Unpd][Sg]

ilaganeghmeggni	ilagagh-@₁–negh[V→N][N][Loc][4PlPoss][PlPosd]
ilaganeghmeggni	ilagagh-@₁–negh[V→N][N][Loc][4PlPoss][SgPosd]

iglateng	iglag[N][Abs][4PlPoss][PlPosd]

piiqegkangit	pi-ugh[V→V]-––iqe[V→V]-@*@₂~sf–(g₂)k(a)e[V→N][N][Abs][3PlPoss][PlPosd]
piiqegkangit	pi-ugh[V→V]-––iqe[V→V][V][Trns][Ptcp][3Du][3Sg]
piiqegkangit	pi-ugh[V→V]-––iqe[V→V][V][Trns][Ptcp][3Pl][3Pl]
piiqegkangit	pi-igh[N→V]-––iqe[V→V]-@*@₂~sf–(g₂)k(a)e[V→N][N][Abs][3PlPoss][PlPosd]
piiqegkangit	pi-igh[N→V]-––iqe[V→V][V][Trns][Ptcp][3Du][3Sg]
piiqegkangit	pi-igh[N→V]-––iqe[V→V][V][Trns][Ptcp][3Pl][3Pl]
piiqegkangit	pi-~(g₁)aqe[V→V]-@*@₂~sf–(g₂)k(a)e[V→N][N][Abs][3PlPoss][PlPosd]
piiqegkangit	pi-~(g₁)aqe[V→V][V][Trns][Ptcp][3Du][3Sg]
piiqegkangit	pi-~(g₁)aqe[V→V][V][Trns][Ptcp][3Pl][3Pl]
piiqegkangit	pi-aq[V→N]-––iqe[N→V]-@*@₂~sf–(g₂)k(a)e[V→N][N][Abs][3PlPoss][PlPosd]
piiqegkangit	pi-aq[V→N]-––iqe[N→V][V][Trns][Ptcp][3Du][3Sg]
piiqegkangit	pi-aq[V→N]-––iqe[N→V][V][Trns][Ptcp][3Pl][3Pl]
piiqegkangit	pi-agh[N→V]-––iqe[V→V]-@*@₂~sf–(g₂)k(a)e[V→N][N][Abs][3PlPoss][PlPosd]
piiqegkangit	pi-agh[N→V]-––iqe[V→V][V][Trns][Ptcp][3Du][3Sg]
piiqegkangit	pi-agh[N→V]-––iqe[V→V][V][Trns][Ptcp][3Pl][3Pl]
piiqegkangit	pi-––iqe[N→V]-@*@₂~sf–(g₂)k(a)e[V→N][N][Abs][3PlPoss][PlPosd]
piiqegkangit	pi-––iqe[N→V][V][Trns][Ptcp][3Du][3Sg]
piiqegkangit	pi-––iqe[N→V][V][Trns][Ptcp][3Pl][3Pl]
piiqegkangit	pi-––iqe[V→V]-@*@₂~sf–(g₂)k(a)e[V→N][N][Abs][3PlPoss][PlPosd]
piiqegkangit	pi-––iqe[V→V][V][Trns][Ptcp][3Du][3Sg]
piiqegkangit	pi-––iqe[V→V][V][Trns][Ptcp][3Pl][3Pl]
piiqegkangit	piig-––iqe[V→V]-@*@₂~sf–(g₂)k(a)e[V→N][N][Abs][3PlPoss][PlPosd]
piiqegkangit	piig-––iqe[V→V][V][Trns][Ptcp][3Du][3Sg]
piiqegkangit	piig-––iqe[V→V][V][Trns][Ptcp][3Pl][3Pl]
piiqegkangit	piigh-––iqe[N→V]-@*@₂~sf–(g₂)k(a)e[V→N][N][Abs][3PlPoss][PlPosd]
piiqegkangit	piigh-––iqe[N→V][V][Trns][Ptcp][3Du][3Sg]
piiqegkangit	piigh-––iqe[N→V][V][Trns][Ptcp][3Pl][3Pl]
piiqegkangit	piigh-~–ke[N→V]-@*@₂~sf–(g₂)k(a)e[V→N][N][Abs][3PlPoss][PlPosd]
piiqegkangit	pi-aq[V→N]-~–ke[N→V]-@*@₂~sf–(g₂)k(a)e[V→N][N][Abs][3PlPoss][PlPosd]
piiqegkangit	paagh-––iqe[V→V]-@*@₂~sf–(g₂)k(a)e[V→N][N][Abs][3PlPoss][PlPosd]
piiqegkangit	paagh-––iqe[V→V][V][Trns][Ptcp][3Du][3Sg]
piiqegkangit	paagh-––iqe[V→V][V][Trns][Ptcp][3Pl][3Pl]
piiqegkangit	paaw-––iqe[N→V]-@*@₂~sf–(g₂)k(a)e[V→N][N][Abs][3PlPoss][PlPosd]
piiqegkangit	paaw-––iqe[N→V][V][Trns][Ptcp][3Du][3Sg]
piiqegkangit	paaw-––iqe[N→V][V][Trns][Ptcp][3Pl][3Pl]
piiqegkangit	puug-––iqe[V→V]-@*@₂~sf–(g₂)k(a)e[V→N][N][Abs][3PlPoss][PlPosd]
piiqegkangit	puug-––iqe[V→V][V][Trns][Ptcp][3Du][3Sg]
piiqegkangit	puug-––iqe[V→V][V][Trns][Ptcp][3Pl][3Pl]

------------------------
Nangllegsim angtalanganeng Kiyaghneghmun.

kiyaghneghmun	kiyaghnegh-~fmete[N→V]-@₁~:(u)n[V→N][N][Abs][Unpd][Sg]
kiyaghneghmun	kiyaghnegh-~fmete[N→V]-te[V→V]-@₁~:(u)n[V→N][N][Abs][Unpd][Sg]
kiyaghneghmun	kiyaghnegh[N][Ter][Unpd][Sg]

------------------------


------------------------
Uuknaa-aa-aanguu-uuq.

------------------------
Saamnaa-aa-aanguu-uuq,

------------------------
Taglalghii-ii-ii saa-aamnaa.

taglalghiiiiii	taglagh-@₁–lghii[V→N]-––ii[N→V]-~i[V→V]-~i[V→V][V][Intr][Opt][PRS][2Sg]

------------------------
Ketangaa-aan aghveghaa-aa saa-aamnaa-aa

ketangaaaan	ketanga-te[N→V]-@₁~:(u)te[V→V]-@₁~:(u)te[V→V]-@₁~:(u)n[V→N][N][Abs][Unpd][Sg]
ketangaaaan	ketanga-–ghte[N→V]-@₁~:(u)te[V→V]-@₁~:(u)te[V→V]-@₁~:(u)n[V→N][N][Abs][Unpd][Sg]
ketangaaaan	ketanga-–ghte[N→V]-te[V→V]-@₁~:(u)te[V→V]-@₁~:(u)te[V→V]-@₁~:(u)n[V→N][N][Abs][Unpd][Sg]
ketangaaaan	ketanga-ate[N→V]-@₁~:(u)te[V→V]-@₁~:(u)n[V→N][N][Abs][Unpd][Sg]
ketangaaaan	ketanga-uute[N→V]-@₁~:(u)n[V→N][N][Abs][Unpd][Sg]

------------------------
Aghvelegglaguu-uu-lii.

------------------------
Ellngalluu-uu-uu.

------------------------
Qagimaa iluganii-ii-ii.

qagimaa	Qagugh-––i[N→V]-@₁~:(i/u)ma[V→V][V][Intr][Intrg][3Sg]
qagimaa	Qagugh-––i[N→V]-@₁~:(i/u)magh[V→V]-~:(ng₁)u[V→V][V][Intr][Opt][PRS][2Sg]
qagimaa	Qagugh-––i[N→V]-@₁~:(i/u)magh[V→V][V][Intr][Opt][PRS][2Sg]
qagimaa	qagugh-––i[N→V]-@₁~:(i/u)ma[V→V][V][Intr][Intrg][3Sg]
qagimaa	qagugh-––i[N→V]-@₁~:(i/u)magh[V→V]-~:(ng₁)u[V→V][V][Intr][Opt][PRS][2Sg]
qagimaa	qagugh-––i[N→V]-@₁~:(i/u)magh[V→V][V][Intr][Opt][PRS][2Sg]
qagimaa	qagegh-––i[N→V]-@₁~:(i/u)ma[V→V][V][Intr][Intrg][3Sg]
qagimaa	qagegh-––i[N→V]-@₁~:(i/u)magh[V→V]-~:(ng₁)u[V→V][V][Intr][Opt][PRS][2Sg]
qagimaa	qagegh-––i[N→V]-@₁~:(i/u)magh[V→V][V][Intr][Opt][PRS][2Sg]

------------------------


------------------------
Uknaa-aa-aanguu-uuq.

------------------------
Saamnaa-aa-aanguuq,

saamnaaaaaanguuq	saam-te[N→V]-@₁~fnaq[V→N]-–ghte[N→V]-@₁~:(u)te[V→V]-@₁~:(u)te[V→V]-@₁~:(u)n[V→N]-~–(ng₁)uaq[N→N]-–ngu[N→V][V][Intr][Ind][3Sg]
saamnaaaaaanguuq	saam-te[N→V]-@₁~fnaq[V→N]-–ghte[N→V]-@₁~:(u)n[V→N]-~–(ng₁)uaq[N→N]-~–(ng₁)uaq[N→N]-–ngu[N→V][V][Intr][Ind][3Sg]
saamnaaaaaanguuq	saam-te[N→V]-@₁~fnaq[V→N]-–ghte[N→V]-te[V→V]-@₁~:(u)te[V→V]-@₁~:(u)te[V→V]-@₁~:(u)n[V→N]-~–(ng₁)uaq[N→N]-–ngu[N→V][V][Intr][Ind][3Sg]
saamnaaaaaanguuq	saam-te[N→V]-@₁~fnaq[V→N]-–ghte[N→V]-te[V→V]-@₁~:(u)n[V→N]-~–(ng₁)uaq[N→N]-~–(ng₁)uaq[N→N]-–ngu[N→V][V][Intr][Ind][3Sg]
saamnaaaaaanguuq	saam-te[N→V]-@₁~fna[V→V]-@₁~:(u)te[V→V]-@₁~:(u)te[V→V]-@₁~:(u)te[V→V]-@₁~:(u)n[V→N]-~–(ng₁)uaq[N→N]-–ngu[N→V][V][Intr][Ind][3Sg]
saamnaaaaaanguuq	saam-te[N→V]-@₁~fna[V→V]-@₁~:(u)te[V→V]-@₁~:(u)n[V→N]-~–(ng₁)uaq[N→N]-~–(ng₁)uaq[N→N]-–ngu[N→V][V][Intr][Ind][3Sg]
saamnaaaaaanguuq	saam-te[N→V]-@₁~fna[V→V]-@₁~:(u)n[V→N]-–ghte[N→V]-@₁~:(u)n[V→N]-~–(ng₁)uaq[N→N]-~–(ng₁)uaq[N→N]-–ngu[N→V][V][Intr][Ind][3Sg]
saamnaaaaaanguuq	saam-te[N→V]-@₁~fna[V→V]-@₁~:(u)n[V→N]-–ghte[N→V]-te[V→V]-@₁~:(u)n[V→N]-~–(ng₁)uaq[N→N]-~–(ng₁)uaq[N→N]-–ngu[N→V][V][Intr][Ind][3Sg]
saamnaaaaaanguuq	saam-te[N→V]-@₁~fna[V→V]-te[V→V]-@₁~:(u)te[V→V]-@₁~:(u)te[V→V]-@₁~:(u)te[V→V]-@₁~:(u)te[V→V]-@₁~:(u)n[V→N]-–ngu[N→V][V][Intr][Ind][3Sg]
saamnaaaaaanguuq	saam-te[N→V]-@₁~fna[V→V]-te[V→V]-@₁~:(u)te[V→V]-@₁~:(u)te[V→V]-@₁~:(u)n[V→N]-~–(ng₁)uaq[N→N]-–ngu[N→V][V][Intr][Ind][3Sg]
saamnaaaaaanguuq	saam-te[N→V]-@₁~fna[V→V]-te[V→V]-@₁~:(u)n[V→N]-~–(ng₁)uaq[N→N]-~–(ng₁)uaq[N→N]-–ngu[N→V][V][Intr][Ind][3Sg]
saamnaaaaaanguuq	saam-te[N→V]-@₁~fna[V→V]-~:(u)te[V→V]-@₁~:(u)te[V→V]-@₁~:(u)te[V→V]-@₁~:(u)n[V→N]-~–(ng₁)uaq[N→N]-–ngu[N→V][V][Intr][Ind][3Sg]
saamnaaaaaanguuq	saam-te[N→V]-@₁~fna[V→V]-~:(u)te[V→V]-@₁~:(u)n[V→N]-~–(ng₁)uaq[N→N]-~–(ng₁)uaq[N→N]-–ngu[N→V][V][Intr][Ind][3Sg]
saamnaaaaaanguuq	saam-te[N→V]-@₁~fna[V→V]-~:(u)te[V→N]-te[N→V]-@₁~:(u)te[V→V]-@₁~:(u)te[V→V]-@₁~:(u)n[V→N]-~–(ng₁)uaq[N→N]-–ngu[N→V][V][Intr][Ind][3Sg]
saamnaaaaaanguuq	saam-te[N→V]-@₁~fna[V→V]-~:(u)te[V→N]-te[N→V]-@₁~:(u)n[V→N]-~–(ng₁)uaq[N→N]-~–(ng₁)uaq[N→N]-–ngu[N→V][V][Intr][Ind][3Sg]
saamnaaaaaanguuq	saam-te[N→V]-@₁~fna[V→V]-~:(u)te[V→N]-te[N→V]-te[V→V]-@₁~:(u)te[V→V]-@₁~:(u)te[V→V]-@₁~:(u)n[V→N]-~–(ng₁)uaq[N→N]-–ngu[N→V][V][Intr][Ind][3Sg]
saamnaaaaaanguuq	saam-te[N→V]-@₁~fna[V→V]-~:(u)te[V→N]-te[N→V]-te[V→V]-@₁~:(u)n[V→N]-~–(ng₁)uaq[N→N]-~–(ng₁)uaq[N→N]-–ngu[N→V][V][Intr][Ind][3Sg]
saamnaaaaaanguuq	saam-te[N→V]-@₁~fna[V→V]-–ghte[V→V]-@₁~:(u)te[V→V]-@₁~:(u)te[V→V]-@₁~:(u)n[V→N]-~–(ng₁)uaq[N→N]-–ngu[N→V][V][Intr][Ind][3Sg]
saamnaaaaaanguuq	saam-te[N→V]-@₁~fna[V→V]-–ghte[V→V]-@₁~:(u)n[V→N]-~–(ng₁)uaq[N→N]-~–(ng₁)uaq[N→N]-–ngu[N→V][V][Intr][Ind][3Sg]
saamnaaaaaanguuq	saam-te[N→V]-@₁~fna[V→V]-ugh[V→V]-~–(ng₁)uagh[V→V]-~–(ng₁)uagh[V→V]-–ngu[V→V][V][Intr][Ind][3Sg]
saamnaaaaaanguuq	saam-te[N→V]-@₁~fna[V→V]-aq[V→N]-~–(ng₁)uaq[N→N]-~–(ng₁)uaq[N→N]-–ngu[N→V][V][Intr][Ind][3Sg]
saamnaaaaaanguuq	saam-te[N→V]-@₁~fna[V→V]-aate[V→V]-@₁~:(u)te[V→V]-@₁~:(u)te[V→V]-@₁~:(u)n[V→N]-–ngu[N→V][V][Intr][Ind][3Sg]
saamnaaaaaanguuq	saam-te[N→V]-@₁~fna[V→V]-aate[V→V]-@₁~:(u)n[V→N]-~–(ng₁)uaq[N→N]-–ngu[N→V][V][Intr][Ind][3Sg]
saamnaaaaaanguuq	saam-te[N→V]-@₁~fnagh[V→V]-–ghte[V→V]-@₁~:(u)te[V→V]-@₁~:(u)te[V→V]-@₁~:(u)n[V→N]-~–(ng₁)uaq[N→N]-–ngu[N→V][V][Intr][Ind][3Sg]
saamnaaaaaanguuq	saam-te[N→V]-@₁~fnagh[V→V]-–ghte[V→V]-@₁~:(u)n[V→N]-~–(ng₁)uaq[N→N]-~–(ng₁)uaq[N→N]-–ngu[N→V][V][Intr][Ind][3Sg]
saamnaaaaaanguuq	saam-te[N→V]-@₁~fnaagh[V→V]-~–(ng₁)uagh[V→V]-~–(ng₁)uagh[V→V]-–ngu[V→V][V][Intr][Ind][3Sg]
saamnaaaaaanguuq	saam-te[N→V]-@₁~fnagh[V→V]-@₁~:(u)te[V→V]-@₁~:(u)te[V→V]-@₁~:(u)te[V→V]-@₁~:(u)te[V→V]-@₁~:(u)n[V→N]-–ngu[N→V][V][Intr][Ind][3Sg]
saamnaaaaaanguuq	saam-te[N→V]-@₁~fnagh[V→V]-@₁~:(u)te[V→V]-@₁~:(u)te[V→V]-@₁~:(u)n[V→N]-~–(ng₁)uaq[N→N]-–ngu[N→V][V][Intr][Ind][3Sg]
saamnaaaaaanguuq	saam-te[N→V]-@₁~fnagh[V→V]-@₁~:(u)n[V→N]-~–(ng₁)uaq[N→N]-~–(ng₁)uaq[N→N]-–ngu[N→V][V][Intr][Ind][3Sg]
saamnaaaaaanguuq	saam-te[N→V]-@₁~fnagh[V→V]-te[V→V]-@₁~:(u)te[V→V]-@₁~:(u)te[V→V]-@₁~:(u)te[V→V]-@₁~:(u)te[V→V]-@₁~:(u)n[V→N]-–ngu[N→V][V][Intr][Ind][3Sg]
saamnaaaaaanguuq	saam-te[N→V]-@₁~fnagh[V→V]-te[V→V]-@₁~:(u)te[V→V]-@₁~:(u)te[V→V]-@₁~:(u)n[V→N]-~–(ng₁)uaq[N→N]-–ngu[N→V][V][Intr][Ind][3Sg]
saamnaaaaaanguuq	saam-te[N→V]-@₁~fnagh[V→V]-te[V→V]-@₁~:(u)n[V→N]-~–(ng₁)uaq[N→N]-~–(ng₁)uaq[N→N]-–ngu[N→V][V][Intr][Ind][3Sg]
saamnaaaaaanguuq	saam-te[N→V]-@₁~fnagh[V→V]-~:(u)te[V→V]-@₁~:(u)te[V→V]-@₁~:(u)te[V→V]-@₁~:(u)te[V→V]-@₁~:(u)n[V→N]-–ngu[N→V][V][Intr][Ind][3Sg]
saamnaaaaaanguuq	saam-te[N→V]-@₁~fnagh[V→V]-~:(u)te[V→V]-@₁~:(u)te[V→V]-@₁~:(u)n[V→N]-~–(ng₁)uaq[N→N]-–ngu[N→V][V][Intr][Ind][3Sg]
saamnaaaaaanguuq	saam-te[N→V]-@₁~fnagh[V→V]-~:(u)te[V→N]-te[N→V]-@₁~:(u)te[V→V]-@₁~:(u)te[V→V]-@₁~:(u)te[V→V]-@₁~:(u)n[V→N]-–ngu[N→V][V][Intr][Ind][3Sg]
saamnaaaaaanguuq	saam-te[N→V]-@₁~fnagh[V→V]-~:(u)te[V→N]-te[N→V]-@₁~:(u)te[V→V]-@₁~:(u)n[V→N]-~–(ng₁)uaq[N→N]-–ngu[N→V][V][Intr][Ind][3Sg]
saamnaaaaaanguuq	saam-te[N→V]-@₁~fnagh[V→V]-~:(u)te[V→N]-te[N→V]-te[V→V]-@₁~:(u)te[V→V]-@₁~:(u)te[V→V]-@₁~:(u)te[V→V]-@₁~:(u)n[V→N]-–ngu[N→V][V][Intr][Ind][3Sg]
saamnaaaaaanguuq	saam-te[N→V]-@₁~fnagh[V→V]-~:(u)te[V→N]-te[N→V]-te[V→V]-@₁~:(u)te[V→V]-@₁~:(u)n[V→N]-~–(ng₁)uaq[N→N]-–ngu[N→V][V][Intr][Ind][3Sg]
saamnaaaaaanguuq	saam-te[N→V]-@₁~fnagh[V→V]-~:(ng₁)u[V→V]-@₁~:(u)te[V→V]-@₁~:(u)te[V→V]-@₁~:(u)n[V→N]-~–(ng₁)uaq[N→N]-–ngu[N→V][V][Intr][Ind][3Sg]
saamnaaaaaanguuq	saam-te[N→V]-@₁~fnagh[V→V]-~:(ng₁)u[V→V]-@₁~:(u)n[V→N]-~–(ng₁)uaq[N→N]-~–(ng₁)uaq[N→N]-–ngu[N→V][V][Intr][Ind][3Sg]
saamnaaaaaanguuq	saam-te[N→V]-@₁~fnagh[V→V]-~:(ng₁)u[V→V]-te[V→V]-@₁~:(u)te[V→V]-@₁~:(u)te[V→V]-@₁~:(u)te[V→V]-@₁~:(u)n[V→N]-–ngu[N→V][V][Intr][Ind][3Sg]
saamnaaaaaanguuq	saam-te[N→V]-@₁~fnagh[V→V]-~:(ng₁)u[V→V]-te[V→V]-@₁~:(u)te[V→V]-@₁~:(u)n[V→N]-~–(ng₁)uaq[N→N]-–ngu[N→V][V][Intr][Ind][3Sg]
saamnaaaaaanguuq	saam-te[N→V]-@₁~fnagh[V→V]-~:(ng₁)u[V→V]-~:(u)te[V→V]-@₁~:(u)te[V→V]-@₁~:(u)n[V→N]-~–(ng₁)uaq[N→N]-–ngu[N→V][V][Intr][Ind][3Sg]
saamnaaaaaanguuq	saam-te[N→V]-@₁~fnagh[V→V]-~:(ng₁)u[V→V]-~:(u)te[V→N]-te[N→V]-@₁~:(u)te[V→V]-@₁~:(u)n[V→N]-~–(ng₁)uaq[N→N]-–ngu[N→V][V][Intr][Ind][3Sg]
saamnaaaaaanguuq	saam-te[N→V]-@₁~fnagh[V→V]-~:(ng₁)u[V→V]-~:(u)te[V→N]-te[N→V]-te[V→V]-@₁~:(u)te[V→V]-@₁~:(u)n[V→N]-~–(ng₁)uaq[N→N]-–ngu[N→V][V][Intr][Ind][3Sg]
saamnaaaaaanguuq	saam-te[N→V]-@₁~fnagh[V→V]-~:(ng₁)u[V→V]-aate[V→V]-@₁~:(u)te[V→V]-@₁~:(u)n[V→N]-–ngu[N→V][V][Intr][Ind][3Sg]
saamnaaaaaanguuq	saamna-te[N→V]-@₁~:(u)te[V→V]-@₁~:(u)te[V→V]-@₁~:(u)te[V→V]-@₁~:(u)te[V→V]-@₁~:(u)n[V→N]-–ngu[N→V][V][Intr][Ind][3Sg]
saamnaaaaaanguuq	saamna-te[N→V]-@₁~:(u)te[V→V]-@₁~:(u)te[V→V]-@₁~:(u)n[V→N]-~–(ng₁)uaq[N→N]-–ngu[N→V][V][Intr][Ind][3Sg]
saamnaaaaaanguuq	saamna-te[N→V]-@₁~:(u)n[V→N]-~–(ng₁)uaq[N→N]-~–(ng₁)uaq[N→N]-–ngu[N→V][V][Intr][Ind][3Sg]
saamnaaaaaanguuq	saamna-–ghte[N→V]-@₁~:(u)te[V→V]-@₁~:(u)te[V→V]-@₁~:(u)te[V→V]-@₁~:(u)te[V→V]-@₁~:(u)n[V→N]-–ngu[N→V][V][Intr][Ind][3Sg]
saamnaaaaaanguuq	saamna-–ghte[N→V]-@₁~:(u)te[V→V]-@₁~:(u)te[V→V]-@₁~:(u)n[V→N]-~–(ng₁)uaq[N→N]-–ngu[N→V][V][Intr][Ind][3Sg]
saamnaaaaaanguuq	saamna-–ghte[N→V]-@₁~:(u)n[V→N]-~–(ng₁)uaq[N→N]-~–(ng₁)uaq[N→N]-–ngu[N→V][V][Intr][Ind][3Sg]
saamnaaaaaanguuq	saamna-–ghte[N→V]-te[V→V]-@₁~:(u)te[V→V]-@₁~:(u)te[V→V]-@₁~:(u)te[V→V]-@₁~:(u)te[V→V]-@₁~:(u)n[V→N]-–ngu[N→V][V][Intr][Ind][3Sg]
saamnaaaaaanguuq	saamna-–ghte[N→V]-te[V→V]-@₁~:(u)te[V→V]-@₁~:(u)te[V→V]-@₁~:(u)n[V→N]-~–(ng₁)uaq[N→N]-–ngu[N→V][V][Intr][Ind][3Sg]
saamnaaaaaanguuq	saamna-–ghte[N→V]-te[V→V]-@₁~:(u)n[V→N]-~–(ng₁)uaq[N→N]-~–(ng₁)uaq[N→N]-–ngu[N→V][V][Intr][Ind][3Sg]
saamnaaaaaanguuq	saamna-ate[N→V]-@₁~:(u)te[V→V]-@₁~:(u)te[V→V]-@₁~:(u)te[V→V]-@₁~:(u)n[V→N]-–ngu[N→V][V][Intr][Ind][3Sg]
saamnaaaaaanguuq	saamna-ate[N→V]-@₁~:(u)te[V→V]-@₁~:(u)n[V→N]-~–(ng₁)uaq[N→N]-–ngu[N→V][V][Intr][Ind][3Sg]
saamnaaaaaanguuq	saamna-agh[N→V]-~–(ng₁)uagh[V→V]-~–(ng₁)uagh[V→V]-–ngu[V→V][V][Intr][Ind][3Sg]
saamnaaaaaanguuq	saamna-uute[N→V]-@₁~:(u)te[V→V]-@₁~:(u)te[V→V]-@₁~:(u)n[V→N]-–ngu[N→V][V][Intr][Ind][3Sg]
saamnaaaaaanguuq	saamna-uute[N→V]-@₁~:(u)n[V→N]-~–(ng₁)uaq[N→N]-–ngu[N→V][V][Intr][Ind][3Sg]
saamnaaaaaanguuq	saam-nte[N→V]-@₁~:(u)te[V→V]-@₁~:(u)n[V→N]-~–(ng₁)uaq[N→N]-~–(ng₁)uaq[N→N]-–ngu[N→V][V][Intr][Ind][3Sg]
saamnaaaaaanguuq	saam-nte[N→V]-@₁~:(u)n[V→N]-–ghte[N→V]-@₁~:(u)n[V→N]-~–(ng₁)uaq[N→N]-~–(ng₁)uaq[N→N]-–ngu[N→V][V][Intr][Ind][3Sg]
saamnaaaaaanguuq	saam-nte[N→V]-@₁~:(u)n[V→N]-–ghte[N→V]-te[V→V]-@₁~:(u)n[V→N]-~–(ng₁)uaq[N→N]-~–(ng₁)uaq[N→N]-–ngu[N→V][V][Intr][Ind][3Sg]

------------------------
Ketangaa-aa-aan ayveghaa-aa saa-aamna.

ketangaaaaaan	ketanga-te[N→V]-@₁~:(u)te[V→V]-@₁~:(u)te[V→V]-@₁~:(u)te[V→V]-@₁~:(u)te[V→V]-@₁~:(u)n[V→N][N][Abs][Unpd][Sg]
ketangaaaaaan	ketanga-–ghte[N→V]-@₁~:(u)te[V→V]-@₁~:(u)te[V→V]-@₁~:(u)te[V→V]-@₁~:(u)te[V→V]-@₁~:(u)n[V→N][N][Abs][Unpd][Sg]
ketangaaaaaan	ketanga-–ghte[N→V]-te[V→V]-@₁~:(u)te[V→V]-@₁~:(u)te[V→V]-@₁~:(u)te[V→V]-@₁~:(u)te[V→V]-@₁~:(u)n[V→N][N][Abs][Unpd][Sg]
ketangaaaaaan	ketanga-ate[N→V]-@₁~:(u)te[V→V]-@₁~:(u)te[V→V]-@₁~:(u)te[V→V]-@₁~:(u)n[V→N][N][Abs][Unpd][Sg]
ketangaaaaaan	ketanga-uute[N→V]-@₁~:(u)te[V→V]-@₁~:(u)te[V→V]-@₁~:(u)n[V→N][N][Abs][Unpd][Sg]

------------------------
Aghvelegllaaguluu-uu-lii 

------------------------
Elngaa-aa-aalluu-uungu-uuq

------------------------
Qagimaa iluganii-ii-ii.

qagimaa	Qagugh-––i[N→V]-@₁~:(i/u)ma[V→V][V][Intr][Intrg][3Sg]
qagimaa	Qagugh-––i[N→V]-@₁~:(i/u)magh[V→V]-~:(ng₁)u[V→V][V][Intr][Opt][PRS][2Sg]
qagimaa	Qagugh-––i[N→V]-@₁~:(i/u)magh[V→V][V][Intr][Opt][PRS][2Sg]
qagimaa	qagugh-––i[N→V]-@₁~:(i/u)ma[V→V][V][Intr][Intrg][3Sg]
qagimaa	qagugh-––i[N→V]-@₁~:(i/u)magh[V→V]-~:(ng₁)u[V→V][V][Intr][Opt][PRS][2Sg]
qagimaa	qagugh-––i[N→V]-@₁~:(i/u)magh[V→V][V][Intr][Opt][PRS][2Sg]
qagimaa	qagegh-––i[N→V]-@₁~:(i/u)ma[V→V][V][Intr][Intrg][3Sg]
qagimaa	qagegh-––i[N→V]-@₁~:(i/u)magh[V→V]-~:(ng₁)u[V→V][V][Intr][Opt][PRS][2Sg]
qagimaa	qagegh-––i[N→V]-@₁~:(i/u)magh[V→V][V][Intr][Opt][PRS][2Sg]

------------------------


------------------------
Uuknaa-aa-aanguu-uuq.

------------------------
Saamnaa-aa-aanguu-uuq

------------------------
Taglalghii-ii-ii saa-aamnaa.

taglalghiiiiii	taglagh-@₁–lghii[V→N]-––ii[N→V]-~i[V→V]-~i[V→V][V][Intr][Opt][PRS][2Sg]

------------------------


------------------------
Ketangaa-aan maklaqaa-aa-aanguuq.

ketangaaaan	ketanga-te[N→V]-@₁~:(u)te[V→V]-@₁~:(u)te[V→V]-@₁~:(u)n[V→N][N][Abs][Unpd][Sg]
ketangaaaan	ketanga-–ghte[N→V]-@₁~:(u)te[V→V]-@₁~:(u)te[V→V]-@₁~:(u)n[V→N][N][Abs][Unpd][Sg]
ketangaaaan	ketanga-–ghte[N→V]-te[V→V]-@₁~:(u)te[V→V]-@₁~:(u)te[V→V]-@₁~:(u)n[V→N][N][Abs][Unpd][Sg]
ketangaaaan	ketanga-ate[N→V]-@₁~:(u)te[V→V]-@₁~:(u)n[V→N][N][Abs][Unpd][Sg]
ketangaaaan	ketanga-uute[N→V]-@₁~:(u)n[V→N][N][Abs][Unpd][Sg]

------------------------
Ellngalluu-uu-uu.

------------------------
Aghvelagllaguulii-ii-iingii.

------------------------
Qagimaa iluganii-ii-ii-ngiy.

qagimaa	Qagugh-––i[N→V]-@₁~:(i/u)ma[V→V][V][Intr][Intrg][3Sg]
qagimaa	Qagugh-––i[N→V]-@₁~:(i/u)magh[V→V]-~:(ng₁)u[V→V][V][Intr][Opt][PRS][2Sg]
qagimaa	Qagugh-––i[N→V]-@₁~:(i/u)magh[V→V][V][Intr][Opt][PRS][2Sg]
qagimaa	qagugh-––i[N→V]-@₁~:(i/u)ma[V→V][V][Intr][Intrg][3Sg]
qagimaa	qagugh-––i[N→V]-@₁~:(i/u)magh[V→V]-~:(ng₁)u[V→V][V][Intr][Opt][PRS][2Sg]
qagimaa	qagugh-––i[N→V]-@₁~:(i/u)magh[V→V][V][Intr][Opt][PRS][2Sg]
qagimaa	qagegh-––i[N→V]-@₁~:(i/u)ma[V→V][V][Intr][Intrg][3Sg]
qagimaa	qagegh-––i[N→V]-@₁~:(i/u)magh[V→V]-~:(ng₁)u[V→V][V][Intr][Opt][PRS][2Sg]
qagimaa	qagegh-––i[N→V]-@₁~:(i/u)magh[V→V][V][Intr][Opt][PRS][2Sg]

------------------------
