Igaghyaghqaq egtigu.

igaghyaghqaq	igagh-@₁~fyagh[to.go.V-ing][to.V.in.vain][V→V]-@₂~fkaq[one.that.has.V-ed][V→N][N][Abs][Unpd][Sg]
igaghyaghqaq	igaghyagh-@₂~fkaq[one.that.has.V-ed][V→N][N][Abs][Unpd][Sg]
igaghyaghqaq	igaghyaghqagh[N][Abs][Unpd][Sg]

egtigu	egte[V][Trns][Opt][PRS][2Sg][3Sg]

------------------------
Neghi ququngameng.

neghi	negh-~i[SBJ.V-ed.something][V→V][V][Intr][Opt][PRS][2Sg]
neghi	neghe-~i[SBJ.V-ed.something][V→V][V][Intr][Opt][PRS][2Sg]
neghi	neghe[V][Intr][Opt][PRS][2Sg]
neghi	negh[V][Intr][Opt][PRS][2Sg]

ququngameng	ququngagh[N][Abl_Mod][Unpd][Sg]
ququngameng	ququngagh[N][Rel][4DuPoss][PlPosd]
ququngameng	ququngagh[N][Rel][4DuPoss][SgPosd]
ququngameng	ququngagh[N][Rel][4PlPoss][PlPosd]
ququngameng	ququngagh[N][Rel][4PlPoss][SgPosd]

------------------------
Pugimaaltung kiiwegni.

pugimaaltung	pugimagh[V][Intr][Opt][PRS][1Du]

kiiwegni	kiiw[N][Abs][4SgPoss][DuPosd]
kiiwegni	kiiw[N][Loc][Unpd][Du]
kiiwegni	kiiweg[N][Loc][Unpd][Pl]

------------------------
Tugugu qayuusiq tipelegneng.

tugugu	tugu[V][Trns][Opt][PRS][2Sg][3Sg]

qayuusiq	qayuusigh[N][Abs][Unpd][Sg]

tipelegneng	tipele[N][Abl_Mod][Unpd][Du]
tipelegneng	tipeleg[N][Abl_Mod][Unpd][Pl]

------------------------
Lliki alquutat qulmesiitmun.

lliki	lli[V][Trns][Opt][PRS][2Sg][3Pl]
lliki	lli[V][Trns][Intrg][2Pl][3Pl]

alquutat	alquutagh[N][Abs][Unpd][Pl]
alquutat	alquutagh[N][Rel][Unpd][Pl]

qulmesiitmun	qulmesiite[N][Ter][Unpd][Sg]

------------------------
Kayusighnga.

kayusighnga	kayusigh[V][Trns][Opt][PRS][2Sg][1Sg]

------------------------
Unaami aghviilta.

unaami	unaami
unaami	unaami[N][Abs][Unpd][Sg]
unaami	unaami[V][Intr][Opt][PRS][2Sg]

aghviilta	aghvigh[V][Intr][Opt][PRS][1Pl]
aghviilta	aghvagh-~:(ng₁)u[to.be.N][N→V]-~i[SBJ.V-ed.something][V→V]-~i[SBJ.V-ed.something][V→V]-~i[SBJ.V-ed.something][V→V]-~i[SBJ.V-ed.something][V→V]-~i[SBJ.V-ed.something][V→V][V][Intr][Opt][PRS][1Pl]
aghviilta	aghvagh-~:(ng₁)u[to.be.N][N→V]-~i[SBJ.V-ed.something][V→V]-~i[SBJ.V-ed.something][V→V]-~i[SBJ.V-ed.something][V→V]-~i[SBJ.V-ed.something][V→V][V][Intr][Opt][PRS][1Pl]
aghviilta	aghvagh-~:(ng₁)u[to.be.N][N→V]-~i[SBJ.V-ed.something][V→V]-~i[SBJ.V-ed.something][V→V]-~i[SBJ.V-ed.something][V→V][V][Intr][Opt][PRS][1Pl]
aghviilta	aghvagh-~:(ng₁)u[to.be.N][N→V]-~i[SBJ.V-ed.something][V→V]-~i[SBJ.V-ed.something][V→V][V][Intr][Opt][PRS][1Pl]
aghviilta	aghvagh-~:(ng₁)u[to.be.N][N→V]-~i[SBJ.V-ed.something][V→V][V][Intr][Opt][PRS][1Pl]

------------------------
Qayuulta kufimeng.

qayuulta	qayugh-~:(ng₁)u[to.be.N][N→V][V][Intr][Opt][PRS][1Pl]
qayuulta	qayugh[V][Intr][Opt][PRS][1Pl]

kufimeng	kufi[N][Abl_Mod][Unpd][Sg]
kufimeng	kufi[N][Rel][4DuPoss][PlPosd]
kufimeng	kufi[N][Rel][4DuPoss][SgPosd]
kufimeng	kufi[N][Rel][4PlPoss][PlPosd]
kufimeng	kufi[N][Rel][4PlPoss][SgPosd]

------------------------
Tagitiki nekreget mangteghamun.

tagitiki	tagi-~:(u)te[to.V.for.or.with][to.cause.to.V.as.one.is.V-ing][to.V.toward.each.other][V→V][V][Trns][Opt][PRS][2Sg][3Pl]
tagitiki	tagite[V][Trns][Opt][PRS][2Sg][3Pl]
tagitiki	tagi-te[to.act.on.so.as.to.cause.to.V][V→V][V][Trns][Opt][PRS][2Sg][3Pl]

nekreget	nekreg[N][Abs][Unpd][Pl]
nekreget	nekreg[N][Rel][Unpd][Pl]

mangteghamun	mangteghagh[N][Ter][Unpd][Sg]

------------------------
Neghefqaavek quugmeng.

neghefqaavek	neghe[V][Intr][Opt][NEG][2Sg]

quugmeng	quug[N][Abl_Mod][Unpd][Sg]
quugmeng	quug[N][Rel][4DuPoss][PlPosd]
quugmeng	quug[N][Rel][4DuPoss][SgPosd]
quugmeng	quug[N][Rel][4PlPoss][PlPosd]
quugmeng	quug[N][Rel][4PlPoss][SgPosd]

------------------------
Laalighfikiikut.

laalighfikiikut	laag-–ligh[to.provide.with.N][N→V]-te[to.act.on.so.as.to.cause.to.V][V→V]-@₁~fvik[place.to.V][V→N]-~–ke[to.have.as.one's.N(s)][N→V]-~i[SBJ.V-ed.something][V→V][V][Intr][Ind][1Pl]
laalighfikiikut	laagh-–ligh[to.provide.with.N][N→V]-te[to.act.on.so.as.to.cause.to.V][V→V]-@₁~fvik[place.to.V][V→N]-~–ke[to.have.as.one's.N(s)][N→V]-~i[SBJ.V-ed.something][V→V][V][Intr][Ind][1Pl]
laalighfikiikut	laaligh-te[to.catch.N][to.go.to.N][N→V]-@₁~fvik[place.to.V][V→N]-~–ke[to.have.as.one's.N(s)][N→V]-~i[SBJ.V-ed.something][V→V][V][Intr][Ind][1Pl]
laalighfikiikut	laalighte-@₁~fvik[place.to.V][V→N]-~–ke[to.have.as.one's.N(s)][N→V]-~i[SBJ.V-ed.something][V→V][V][Intr][Ind][1Pl]
laalighfikiikut	laalighfike-~i[SBJ.V-ed.something][V→V][V][Intr][Ind][1Pl]

------------------------
Aakw kuuvefqaan.

aakw	aaw[N][Abs][Unpd][Sg]

kuuvefqaan	kuuve[V][Trns][Opt][NEG][2Du][3Sg]
kuuvefqaan	kuuve[V][Trns][Opt][NEG][2Pl][3Sg]
kuuvefqaan	kuuve[V][Trns][Opt][NEG][2Sg][3Sg]

------------------------
Unkusegka atuqefqaagkenka.

unkusegka	unkuse[N][Abs][1SgPoss][DuPosd]

atuqefqaagkenka	atuqe[V][Trns][Opt][NEG][2Du][3Du]
atuqefqaagkenka	atuqe[V][Trns][Opt][NEG][2Pl][3Du]
atuqefqaagkenka	atuqe[V][Trns][Opt][NEG][2Sg][3Du]

------------------------
Pumsufqaama.

pumsufqaama	pumsug[V][Trns][Opt][NEG][2Du][1Sg]
pumsufqaama	pumsug[V][Trns][Opt][NEG][2Pl][1Sg]
pumsufqaama	pumsug[V][Trns][Opt][NEG][2Sg][1Sg]

------------------------
Ukigelta esnamun.

ukigelta	ukig[V][Intr][Opt][PRS][1Pl]

esnamun	esnagh[N][Ter][Unpd][Sg]

------------------------
Amaa guutigu.

amaa	amaa[N][Abs][Unpd][Sg]
amaa	amagh[V][Intr][Opt][PRS][2Sg]
amaa	amu[V][Intr][Intrg][3Sg]
amaa	amu[V][Trns][Ind][3Sg][3Sg]

guutigu	guute[V][Trns][Opt][PRS][2Sg][3Sg]

------------------------
Keneq qaamtigu.

keneq	kenegh[N][Abs][Unpd][Sg]

qaamtigu	qaamte[V][Trns][Opt][PRS][2Sg][3Sg]

------------------------
Qergesek umegkek.

qergesek	qergese[N][Abs][Unpd][Du]
qergesek	qergese[N][Rel][Unpd][Du]

umegkek	umeg[V][Trns][Opt][PRS][2Sg][3Du]

------------------------
Amiget qelpeghtiki.

amiget	amig[N][Abs][Unpd][Pl]
amiget	amig[N][Rel][Unpd][Pl]

qelpeghtiki	qelpeghte[V][Trns][Opt][PRS][2Sg][3Pl]
qelpeghtiki	qelpegh-te[to.act.on.so.as.to.cause.to.V][V→V][V][Trns][Opt][PRS][2Sg][3Pl]

------------------------
Tuqutefqaan puugzaq.

tuqutefqaan	tuqu-~:(u)te[to.V.for.or.with][to.cause.to.V.as.one.is.V-ing][to.V.toward.each.other][V→V][V][Trns][Opt][NEG][2Du][3Sg]
tuqutefqaan	tuqu-~:(u)te[to.V.for.or.with][to.cause.to.V.as.one.is.V-ing][to.V.toward.each.other][V→V][V][Trns][Opt][NEG][2Pl][3Sg]
tuqutefqaan	tuqu-~:(u)te[to.V.for.or.with][to.cause.to.V.as.one.is.V-ing][to.V.toward.each.other][V→V][V][Trns][Opt][NEG][2Sg][3Sg]
tuqutefqaan	tuqute[V][Trns][Opt][NEG][2Du][3Sg]
tuqutefqaan	tuqute[V][Trns][Opt][NEG][2Pl][3Sg]
tuqutefqaan	tuqute[V][Trns][Opt][NEG][2Sg][3Sg]
tuqutefqaan	tuqu-te[to.act.on.so.as.to.cause.to.V][V→V][V][Trns][Opt][NEG][2Du][3Sg]
tuqutefqaan	tuqu-te[to.act.on.so.as.to.cause.to.V][V→V][V][Trns][Opt][NEG][2Pl][3Sg]
tuqutefqaan	tuqu-te[to.act.on.so.as.to.cause.to.V][V→V][V][Trns][Opt][NEG][2Sg][3Sg]

puugzaq	puugzagh[N][Abs][Unpd][Sg]

------------------------
Kaamwaaghmeng neghefqaavek.

kaamwaaghmeng	kaamwaagh[N][Abl_Mod][Unpd][Sg]
kaamwaaghmeng	kaamwaagh[N][Rel][4DuPoss][PlPosd]
kaamwaaghmeng	kaamwaagh[N][Rel][4DuPoss][SgPosd]
kaamwaaghmeng	kaamwaagh[N][Rel][4PlPoss][PlPosd]
kaamwaaghmeng	kaamwaagh[N][Rel][4PlPoss][SgPosd]

neghefqaavek	neghe[V][Intr][Opt][NEG][2Sg]

------------------------
Tagitiki quuget esnameng.

tagitiki	tagi-~:(u)te[to.V.for.or.with][to.cause.to.V.as.one.is.V-ing][to.V.toward.each.other][V→V][V][Trns][Opt][PRS][2Sg][3Pl]
tagitiki	tagite[V][Trns][Opt][PRS][2Sg][3Pl]
tagitiki	tagi-te[to.act.on.so.as.to.cause.to.V][V→V][V][Trns][Opt][PRS][2Sg][3Pl]

quuget	quug[N][Abs][Unpd][Pl]
quuget	quug[N][Rel][Unpd][Pl]

esnameng	esnagh[N][Abl_Mod][Unpd][Sg]
esnameng	esnagh[N][Rel][4DuPoss][PlPosd]
esnameng	esnagh[N][Rel][4DuPoss][SgPosd]
esnameng	esnagh[N][Rel][4PlPoss][PlPosd]
esnameng	esnagh[N][Rel][4PlPoss][SgPosd]

------------------------
Latakaagunga yughaghtemun.

latakaagunga	lata-~sf–(g₃)kau[to.have.V-ed][to.have.been.V-ed][V→V][V][Intr][Ind][1Sg]
latakaagunga	lata-@₂~fkau[to.have.V-ed][to.have.been.V-ed][V→V][V][Intr][Ind][1Sg]

yughaghtemun	yughaghte[N][Ter][Unpd][Sg]

------------------------
Kaaskaagut.

kaaskaagut	kaate-@₂~fkau[to.have.V-ed][to.have.been.V-ed][V→V][V][Intr][Ind][3Pl]

------------------------
Taaghtam aghnamun qayunghitesqaa kufi.

taaghtam	taaghta[N][Rel][Unpd][Sg]

aghnamun	aghnagh[N][Ter][Unpd][Sg]

qayunghitesqaa	qayug-@₁–nghite**[to.not.V][V→V]-(te)ste[to.have.make.or.let.one.V][Cmpd_Vbl]-te[to.act.on.so.as.to.cause.to.V][V→V]-te[to.act.on.so.as.to.cause.to.V][V→V]-@₁qugh[to.V.completely][V][Intr][Opt][PRS][2Sg]
qayunghitesqaa	qayug-@₁–nghite**[to.not.V][V→V]-(te)ste[to.have.make.or.let.one.V][Cmpd_Vbl]-te[to.act.on.so.as.to.cause.to.V][V→V]-@₁qugh[to.V.completely][V][Intr][Opt][PRS][2Sg]
qayunghitesqaa	qayug-@₁–nghite**[to.not.V][V→V]-(te)ste[to.have.make.or.let.one.V][Cmpd_Vbl]-@₁qugh[to.V.completely][V][Intr][Opt][PRS][2Sg]
qayunghitesqaa	qayugh-@₁–nghite**[to.not.V][V→V]-(te)ste[to.have.make.or.let.one.V][Cmpd_Vbl]-te[to.act.on.so.as.to.cause.to.V][V→V]-te[to.act.on.so.as.to.cause.to.V][V→V]-@₁qugh[to.V.completely][V][Intr][Opt][PRS][2Sg]
qayunghitesqaa	qayugh-@₁–nghite**[to.not.V][V→V]-(te)ste[to.have.make.or.let.one.V][Cmpd_Vbl]-te[to.act.on.so.as.to.cause.to.V][V→V]-@₁qugh[to.V.completely][V][Intr][Opt][PRS][2Sg]
qayunghitesqaa	qayugh-@₁–nghite**[to.not.V][V→V]-(te)ste[to.have.make.or.let.one.V][Cmpd_Vbl]-@₁qugh[to.V.completely][V][Intr][Opt][PRS][2Sg]

kufi	kufi[N][Abs][Unpd][Sg]

------------------------
