Taghnughhaq qapragllequq aqumgamakuni.

taghnughhaq	taghnughhagh*[N][Abs][Unpd][Sg]

qapragllequq	qaprag-te[to.act.on.so.as.to.cause.to.V][V→V]-@₁lleqe[will.V][V→V][V][Intr][Ind][3Sg]
qapragllequq	qaprag-@₁lleqe[will.V][V→V][V][Intr][Ind][3Sg]

aqumgamakuni	aqumga-@₁~:(i/u)ma[to.have.V-ed][to.have.been.V-ed][V→V][V][Intr][Cond][4Sg]

------------------------
Ighneqa qiyaaq aghyuughyavgu.

ighneqa	ighnegh-~–ke[to.have.as.one's.N(s)][N→V][V][Intr][Intrg][3Sg]
ighneqa	ighnegh[N][Abs][1SgPoss][SgPosd]

qiyaaq	qiya-~faagh[one.who.keeps.on.V-ing][AUG]
qiyaaq	qiya[V][Intr][Ind][3Sg]
qiyaaq	qiya[V][Trns][Ind][3Sg][3Du]

aghyuughyavgu	aghyuugh[V][Trns][CnsqI][2Sg][3Sg]
aghyuughyavgu	aghyuugh[V][Trns][CnsqI][2Sg][4Sg]

------------------------
Iikwan elqwaaghniighhaakut.

iikwan	+?

elqwaaghniighhaakut	elqwaaghniigh[to.hunt.for.N][to.search.for.N][to.ask.for.N][to.work.with.N][N→V][V][Intr][Opt][FUT][1Pl]

------------------------
Avaqutanka naghaaghaqut eslami anuqlighngaan.

avaqutanka	avaqutagh[N][Abs][1SgPoss][PlPosd]

naghaaghaqut	naghaagh-~(g₁)aqe[to.be.V.ing][to.regularly.or.repeatedly.V][V→V][V][Intr][Ind][3Pl]

eslami	esla[N][Loc][Unpd][Sg]
eslami	esla[N][Rel][4SgPoss][PlPosd]
eslami	esla[N][Rel][4SgPoss][SgPosd]

anuqlighngaan	anuqligh[V][Intr][Conc][3Sg]

------------------------
Tagiiqngan alikaqa.

tagiiqngan	tagi-~(g₁)aqe[to.be.V.ing][to.regularly.or.repeatedly.V][V→V][V][Intr][CnsqI][3Sg]
tagiiqngan	tagi[V][Intr][CnsqII][3Sg]
tagiiqngan	tagi[V][Trns][CnsqII][3Sg]

alikaqa	ali-~–ke[to.have.as.one's.N(s)][N→V]-~(g₁)aqe[to.be.V.ing][to.regularly.or.repeatedly.V][V→V][V][Intr][Intrg][3Sg]
alikaqa	alike-~(g₁)aqe[to.be.V.ing][to.regularly.or.repeatedly.V][V→V][V][Intr][Intrg][3Sg]
alikaqa	alike[V][Trns][Ind][1Sg][3Sg]

------------------------
Iyataamakuvek neghigu ighaluqaq.

iyataamakuvek	iyatagh-@₁~:(i/u)ma[to.have.V-ed][to.have.been.V-ed][V→V][V][Intr][Cond][2Sg]

neghigu	neghe[V][Trns][Opt][PRS][2Sg][3Sg]

ighaluqaq	ighaluqagh[N][Abs][Unpd][Sg]

------------------------
Piyugtukung eslallugughteghngaan qayughllak ullghitagpung naavumaftuk.

piyugtukung	pi-@₁~fyug[to.want.to.V][V→V][V][Intr][Ind][1Du]
piyugtukung	pi-@₁~fyug[to.want.to.V][V→V]-te[to.act.on.so.as.to.cause.to.V][V→V][V][Intr][Ind][1Du]
piyugtukung	pi-~:(u)te[to.V.for.or.with][to.cause.to.V.as.one.is.V-ing][to.V.toward.each.other][V→V]-@₁~fyug[to.want.to.V][V→V][V][Intr][Ind][1Du]
piyugtukung	pi-~:(u)te[to.V.for.or.with][to.cause.to.V.as.one.is.V-ing][to.V.toward.each.other][V→V]-@₁~fyug[to.want.to.V][V→V]-te[to.act.on.so.as.to.cause.to.V][V→V][V][Intr][Ind][1Du]
piyugtukung	pi-~:(u)te[SBJ.V-ed.something][V→V]-@₁~fyug[to.want.to.V][V→V][V][Intr][Ind][1Du]
piyugtukung	pi-~:(u)te[SBJ.V-ed.something][V→V]-@₁~fyug[to.want.to.V][V→V]-te[to.act.on.so.as.to.cause.to.V][V→V][V][Intr][Ind][1Du]
piyugtukung	piyug[V][Intr][Ind][1Du]
piyugtukung	piyug-te[to.act.on.so.as.to.cause.to.V][V→V][V][Intr][Ind][1Du]
piyugtukung	piyug-te[to.catch.N][to.go.to.N][N→V][V][Intr][Ind][1Du]

eslallugughteghngaan	eslallugughte[V][Intr][Conc][3Sg]
eslallugughteghngaan	eslallugughte[Imprs_Agnt][V][Intr][Conc][3Sg]

qayughllak	qayugh-–ghllag[big.N][N→N][N][Abs][Unpd][Sg]
qayughllak	qayugh-–ghllak[big.N][AUG]
qayughllak	qayughllak
qayughllak	qayughllag[N][Abs][Unpd][Sg]

ullghitagpung	ullghitagh[N][Abs][1DuPoss][DuPosd]
ullghitagpung	ullghitag[N][Abs][1DuPoss][SgPosd]

naavumaftuk	naave-@₁~:(i/u)ma[to.have.V-ed][to.have.been.V-ed][V→V]-(pete)fte[to.evidently.V][to.have.V-ed][V→V][V][Intr][Ind][3Du]

------------------------
Aghvightesugiinkut iikwan.

aghvightesugiinkut	aghvigh-(te)sug[to.want.one.to.V][Cmpd_Vbl][V][Trns][Ind][3Pl][1Pl]
aghvightesugiinkut	aghvigh-(te)sug[to.want.one.to.V][Cmpd_Vbl][V][Trns][Ind][3Du][1Pl]
aghvightesugiinkut	aghvigh-(te)sug[to.want.one.to.V][Cmpd_Vbl][V][Trns][Ind][3Sg][1Pl]
aghvightesugiinkut	aghvigh-te[to.act.on.so.as.to.cause.to.V][V→V]-te[to.act.on.so.as.to.cause.to.V][V→V]-@₁~fyug[to.want.to.V][V→V][V][Trns][Ind][3Pl][1Pl]
aghvightesugiinkut	aghvigh-te[to.act.on.so.as.to.cause.to.V][V→V]-te[to.act.on.so.as.to.cause.to.V][V→V]-@₁~fyug[to.want.to.V][V→V][V][Trns][Ind][3Du][1Pl]
aghvightesugiinkut	aghvigh-te[to.act.on.so.as.to.cause.to.V][V→V]-te[to.act.on.so.as.to.cause.to.V][V→V]-@₁~fyug[to.want.to.V][V→V][V][Trns][Ind][3Sg][1Pl]
aghvightesugiinkut	aghvigh-te[to.act.on.so.as.to.cause.to.V][V→V]-(te)sug[to.want.one.to.V][Cmpd_Vbl][V][Trns][Ind][3Pl][1Pl]
aghvightesugiinkut	aghvigh-te[to.act.on.so.as.to.cause.to.V][V→V]-(te)sug[to.want.one.to.V][Cmpd_Vbl][V][Trns][Ind][3Du][1Pl]
aghvightesugiinkut	aghvigh-te[to.act.on.so.as.to.cause.to.V][V→V]-(te)sug[to.want.one.to.V][Cmpd_Vbl][V][Trns][Ind][3Sg][1Pl]

iikwan	+?

------------------------
Esghaghyagu quyaaq.

esghaghyagu	esghagh[V][Trns][CnsqI][3Sg][3Sg]

quyaaq	quya-~faagh[one.who.keeps.on.V-ing][AUG]
quyaaq	quya[V][Intr][Ind][3Sg]
quyaaq	quya[V][Trns][Ind][3Sg][3Du]

------------------------
Esghaghyamigu quyaaq.

esghaghyamigu	esghagh[V][Trns][CnsqI][4Sg][3Sg]

quyaaq	quya-~faagh[one.who.keeps.on.V-ing][AUG]
quyaaq	quya[V][Intr][Ind][3Sg]
quyaaq	quya[V][Trns][Ind][3Sg][3Du]

------------------------
Esghaghyatni quyaaq.

esghaghyatni	esghagh[V][Trns][CnsqI][3Pl][4Sg]
esghaghyatni	esghagh[V][Trns][CnsqI][3Du][4Sg]
esghaghyatni	esghagh[V][Trns][CnsqI][3Sg][4Sg]

quyaaq	quya-~faagh[one.who.keeps.on.V-ing][AUG]
quyaaq	quya[V][Intr][Ind][3Sg]
quyaaq	quya[V][Trns][Ind][3Sg][3Du]

------------------------
Qavaghniinga laalightaqngavnga.

qavaghniinga	qavagh-@₁~fni[to.say.that.one.is.V-ing][Cmpd_Vbl][V][Intr][Ind][1Sg]
qavaghniinga	qavagh-@₁~fni[to.say.that.one.is.V-ing][Cmpd_Vbl][V][Trns][Intrg][3Sg][1Sg]
qavaghniinga	qavagh-@₁~fni[to.say.that.one.is.V-ing][Cmpd_Vbl][V][Trns][Ind][3Sg][1Sg]
qavaghniinga	qavaghni[V][Intr][Ind][1Sg]
qavaghniinga	qavaghni[V][Trns][Intrg][3Sg][1Sg]
qavaghniinga	qavaghni[V][Trns][Ind][3Sg][1Sg]

laalightaqngavnga	laag-–ligh[to.provide.with.N][N→V]-te[to.act.on.so.as.to.cause.to.V][V→V]-~(g₁)aqe[to.be.V.ing][to.regularly.or.repeatedly.V][V→V][V][Trns][CnsqI][2Sg][1Sg]
laalightaqngavnga	laagh-–ligh[to.provide.with.N][N→V]-te[to.act.on.so.as.to.cause.to.V][V→V]-~(g₁)aqe[to.be.V.ing][to.regularly.or.repeatedly.V][V→V][V][Trns][CnsqI][2Sg][1Sg]
laalightaqngavnga	laalighte-~(g₁)aqe[to.be.V.ing][to.regularly.or.repeatedly.V][V→V][V][Trns][CnsqI][2Sg][1Sg]

------------------------
Taghnughhaq qiyaaq naanga aanyan.

taghnughhaq	taghnughhagh*[N][Abs][Unpd][Sg]

qiyaaq	qiya-~faagh[one.who.keeps.on.V-ing][AUG]
qiyaaq	qiya[V][Intr][Ind][3Sg]
qiyaaq	qiya[V][Trns][Ind][3Sg][3Du]

naanga	na[V][Intr][Ind][1Sg]
naanga	na[V][Trns][Intrg][3Sg][1Sg]
naanga	na[V][Trns][Ind][3Sg][1Sg]
naanga	naa[N][Abs][3SgPoss][SgPosd]
naanga	naange[V][Intr][Intrg][3Sg]

aanyan	aane[V][Intr][CnsqI][3Sg]
aanyan	aante[V][Intr][CnsqI][3Sg]

------------------------
neghenghilkuvek iyataghllequten.

neghenghilkuvek	neghe-@₁–nghite**[to.not.V][V→V][V][Intr][Cond][2Sg]
neghenghilkuvek	neghenghite*[V][Intr][Cond][2Sg]

iyataghllequten	iyatagh-te[to.act.on.so.as.to.cause.to.V][V→V]-@₁lleqe[will.V][V→V]-~:(u)te[to.V.for.or.with][to.cause.to.V.as.one.is.V-ing][to.V.toward.each.other][V→V][V][Intr][Opt][PRS][2Sg]
iyataghllequten	iyatagh-te[to.act.on.so.as.to.cause.to.V][V→V]-@₁lleqe[will.V][V→V]-~:(u)te[condition.with.respect.to.V-ing][V→N][N][Abs][2SgPoss][SgPosd]
iyataghllequten	iyatagh-te[to.act.on.so.as.to.cause.to.V][V→V]-@₁lleqe[will.V][V→V]-~:(u)te[SBJ.V-ed.something][V→V][V][Intr][Opt][PRS][2Sg]
iyataghllequten	iyatagh-te[to.act.on.so.as.to.cause.to.V][V→V]-@₁lleqe[will.V][V→V][V][Intr][Ind][2Sg]
iyataghllequten	iyatagh-@₁lleqe[will.V][V→V]-~:(u)te[to.V.for.or.with][to.cause.to.V.as.one.is.V-ing][to.V.toward.each.other][V→V][V][Intr][Opt][PRS][2Sg]
iyataghllequten	iyatagh-@₁lleqe[will.V][V→V]-~:(u)te[condition.with.respect.to.V-ing][V→N][N][Abs][2SgPoss][SgPosd]
iyataghllequten	iyatagh-@₁lleqe[will.V][V→V]-~:(u)te[SBJ.V-ed.something][V→V][V][Intr][Opt][PRS][2Sg]
iyataghllequten	iyatagh-@₁lleqe[will.V][V→V][V][Intr][Ind][2Sg]

------------------------
Qepghanghitunga iflayamkun repaka.

qepghanghitunga	qepghagh-@₁–nghite**[to.not.V][V→V][V][Intr][Ind][1Sg]

iflayamkun	ifla-~:(u)te[to.V.for.or.with][to.cause.to.V.as.one.is.V-ing][to.V.toward.each.other][V→V][V][Trns][CnsqI][1Sg][3Sg]
iflayamkun	ifla[V][Trns][CnsqI][1Sg][3Sg]

repaka	repa-~–ke[to.have.as.one's.N(s)][N→V][V][Intr][Intrg][3Sg]
repaka	repa-@*@₂~sf–(g₂)k(a)e[the.one.that.possessor.V-ed][V→N][N][Abs][Unpd][Sg]
repaka	repall-~–ke[to.have.as.one's.N(s)][N→V][V][Intr][Intrg][3Sg]
repaka	repall[N][Abs][1SgPoss][SgPosd]
repaka	repa[N][Abs][1SgPoss][SgPosd]

------------------------
Quyallequnga kayusiquvnga.

quyallequnga	quya-te[to.act.on.so.as.to.cause.to.V][V→V]-@₁lleqe[will.V][V→V][V][Intr][Ind][1Sg]
quyallequnga	quya-~:(u)te[to.V.for.or.with][to.cause.to.V.as.one.is.V-ing][to.V.toward.each.other][V→V]-te[to.act.on.so.as.to.cause.to.V][V→V]-@₁lleqe[will.V][V→V][V][Intr][Ind][1Sg]
quyallequnga	quya-~:(u)te[to.V.for.or.with][to.cause.to.V.as.one.is.V-ing][to.V.toward.each.other][V→V]-@₁lleqe[will.V][V→V][V][Intr][Ind][1Sg]
quyallequnga	quya-~:(u)te[condition.with.respect.to.V-ing][V→N]-te[to.catch.N][to.go.to.N][N→V]-@₁lleqe[will.V][V→V][V][Intr][Ind][1Sg]
quyallequnga	quya-~:(u)te[SBJ.V-ed.something][V→V]-te[to.act.on.so.as.to.cause.to.V][V→V]-@₁lleqe[will.V][V→V][V][Intr][Ind][1Sg]
quyallequnga	quya-~:(u)te[SBJ.V-ed.something][V→V]-@₁lleqe[will.V][V→V][V][Intr][Ind][1Sg]
quyallequnga	quya-@₁lleqe[will.V][V→V][V][Intr][Ind][1Sg]

kayusiquvnga	kayusigh[V][Trns][Cond][2Sg][1Sg]

------------------------
Taghnughhaat quyaat atangat kaasan.

taghnughhaat	taghnughhagh*[N][Abs][Unpd][Pl]
taghnughhaat	taghnughhagh*[N][Abs][3PlPoss][SgPosd]
taghnughhaat	taghnughhagh*[N][Rel][Unpd][Pl]

quyaat	quya[V][Intr][Intrg][3Pl]
quyaat	quya[V][Intr][Ind][3Pl]
quyaat	quya[V][Trns][Ind][3Pl][3Sg]

atangat	ata[N][Abs][3PlPoss][SgPosd]

kaasan	kaate[V][Intr][CnsqI][3Sg]

------------------------
Esla seghleghuyan aanenghitunga.

esla	esla[N][Abs][Unpd][Sg]

seghleghuyan	seghlegh-~:(ng₁)u[to.be.N][N→V]-~:(u)te[to.V.for.or.with][to.cause.to.V.as.one.is.V-ing][to.V.toward.each.other][V→V][V][Intr][CnsqI][3Sg]
seghleghuyan	seghlegh-~:(ng₁)u[to.be.N][N→V]-~:(u)te[SBJ.V-ed.something][V→V][V][Intr][CnsqI][3Sg]
seghleghuyan	seghlegh-~:(ng₁)u[to.be.N][N→V][V][Intr][CnsqI][3Sg]
seghleghuyan	seghleghu-~:(u)te[to.V.for.or.with][to.cause.to.V.as.one.is.V-ing][to.V.toward.each.other][V→V][V][Intr][CnsqI][3Sg]
seghleghuyan	seghleghu-~:(u)te[SBJ.V-ed.something][V→V][V][Intr][CnsqI][3Sg]
seghleghuyan	seghleghu[V][Intr][CnsqI][3Sg]

aanenghitunga	aane-@₁–nghite**[to.not.V][V→V][V][Intr][Ind][1Sg]

------------------------
Aanigatuq qayughllak alingelghii qikmimeng.

aanigatuq	aane-@₁~:(ng₂)igate[to.never.V][to.not.be.V-ing][V→V][V][Intr][Ind][3Sg]

qayughllak	qayugh-–ghllag[big.N][N→N][N][Abs][Unpd][Sg]
qayughllak	qayugh-–ghllak[big.N][AUG]
qayughllak	qayughllak
qayughllak	qayughllag[N][Abs][Unpd][Sg]

alingelghii	alinge-@₁–lghii[the.one.that.V-ed][the.one.that.is.V][V→N][N][Abs][Unpd][Sg]

qikmimeng	qikmigh[N][Abl_Mod][Unpd][Sg]
qikmimeng	qikmigh[N][Rel][4DuPoss][PlPosd]
qikmimeng	qikmigh[N][Rel][4DuPoss][SgPosd]
qikmimeng	qikmigh[N][Rel][4PlPoss][PlPosd]
qikmimeng	qikmigh[N][Rel][4PlPoss][SgPosd]

------------------------
Piyukuvek qergesek qelpeghtikek.

piyukuvek	pi-@₁~fyug[to.want.to.V][V→V][V][Intr][Cond][2Sg]
piyukuvek	pi-~:(u)te[to.V.for.or.with][to.cause.to.V.as.one.is.V-ing][to.V.toward.each.other][V→V]-@₁~fyug[to.want.to.V][V→V][V][Intr][Cond][2Sg]
piyukuvek	pi-~:(u)te[SBJ.V-ed.something][V→V]-@₁~fyug[to.want.to.V][V→V][V][Intr][Cond][2Sg]
piyukuvek	piyug[V][Intr][Cond][2Sg]

qergesek	qergese[N][Abs][Unpd][Du]
qergesek	qergese[N][Rel][Unpd][Du]

qelpeghtikek	qelpeghte-~i[SBJ.V-ed.something][V→V]-@*@₂~sf–(g₂)k(a)e[the.one.that.possessor.V-ed][V→N][N][Abs][Unpd][Du]
qelpeghtikek	qelpeghte-~i[SBJ.V-ed.something][V→V]-@*@₂~sf–(g₂)k(a)e[the.one.that.possessor.V-ed][V→N][N][Rel][Unpd][Du]
qelpeghtikek	qelpeghte[V][Trns][Opt][PRS][2Sg][3Du]
qelpeghtikek	qelpegh-te[to.act.on.so.as.to.cause.to.V][V→V]-~i[SBJ.V-ed.something][V→V]-@*@₂~sf–(g₂)k(a)e[the.one.that.possessor.V-ed][V→N][N][Abs][Unpd][Du]
qelpeghtikek	qelpegh-te[to.act.on.so.as.to.cause.to.V][V→V]-~i[SBJ.V-ed.something][V→V]-@*@₂~sf–(g₂)k(a)e[the.one.that.possessor.V-ed][V→N][N][Rel][Unpd][Du]
qelpeghtikek	qelpegh-te[to.act.on.so.as.to.cause.to.V][V→V][V][Trns][Opt][PRS][2Sg][3Du]

------------------------
Qefliqutamken iflayavgu suflugaqa.

qefliqutamken	qefliqe-~:(u)te[to.V.for.or.with][to.cause.to.V.as.one.is.V-ing][to.V.toward.each.other][V→V][V][Trns][Ind][1Du][2Sg]
qefliqutamken	qefliqe-~:(u)te[to.V.for.or.with][to.cause.to.V.as.one.is.V-ing][to.V.toward.each.other][V→V][V][Trns][Ind][1Pl][2Sg]
qefliqutamken	qefliqe-~:(u)te[to.V.for.or.with][to.cause.to.V.as.one.is.V-ing][to.V.toward.each.other][V→V][V][Trns][Ind][1Sg][2Sg]

iflayavgu	ifla-~:(u)te[to.V.for.or.with][to.cause.to.V.as.one.is.V-ing][to.V.toward.each.other][V→V][V][Trns][CnsqI][2Sg][3Sg]
iflayavgu	ifla-~:(u)te[to.V.for.or.with][to.cause.to.V.as.one.is.V-ing][to.V.toward.each.other][V→V][V][Trns][CnsqI][2Sg][4Sg]
iflayavgu	ifla[V][Trns][CnsqI][2Sg][3Sg]
iflayavgu	ifla[V][Trns][CnsqI][2Sg][4Sg]

suflugaqa	suflugagh-~–ke[to.have.as.one's.N(s)][N→V][V][Intr][Intrg][3Sg]
suflugaqa	suflugagh-@*@₂~sf–(g₂)k(a)e[the.one.that.possessor.V-ed][V→N][N][Abs][Unpd][Sg]
suflugaqa	suflugagh[N][Abs][1SgPoss][SgPosd]

------------------------
Qaviigatukung qikmiten qilunghata.

qaviigatukung	qavagh-@₁~:(ng₂)igate[to.never.V][to.not.be.V-ing][V→V][V][Intr][Ind][1Du]

qikmiten	qikmigh[N][Abs][2SgPoss][PlPosd]

qilunghata	+?

------------------------
Aanegkufsi esghaallequsi ighaleqetaaghmeng.

aanegkufsi	aane[V][Intr][Cond][2Pl]

esghaallequsi	esghaate-@₁lleqe[will.V][V→V][V][Intr][Ind][2Pl]
esghaallequsi	esghagh-~:(u)te[to.V.for.or.with][to.cause.to.V.as.one.is.V-ing][to.V.toward.each.other][V→V]-te[to.act.on.so.as.to.cause.to.V][V→V]-@₁lleqe[will.V][V→V][V][Intr][Ind][2Pl]
esghaallequsi	esghagh-~:(u)te[to.V.for.or.with][to.cause.to.V.as.one.is.V-ing][to.V.toward.each.other][V→V]-@₁lleqe[will.V][V→V][V][Intr][Ind][2Pl]
esghaallequsi	esghagh-~:(u)te[condition.with.respect.to.V-ing][V→N]-te[to.catch.N][to.go.to.N][N→V]-@₁lleqe[will.V][V→V][V][Intr][Ind][2Pl]
esghaallequsi	esghagh-~:(u)te[SBJ.V-ed.something][V→V]-te[to.act.on.so.as.to.cause.to.V][V→V]-@₁lleqe[will.V][V→V][V][Intr][Ind][2Pl]
esghaallequsi	esghagh-~:(u)te[SBJ.V-ed.something][V→V]-@₁lleqe[will.V][V→V][V][Intr][Ind][2Pl]

ighaleqetaaghmeng	ighaleqetaagh[N][Abl_Mod][Unpd][Sg]
ighaleqetaaghmeng	ighaleqetaagh[N][Rel][4DuPoss][PlPosd]
ighaleqetaaghmeng	ighaleqetaagh[N][Rel][4DuPoss][SgPosd]
ighaleqetaaghmeng	ighaleqetaagh[N][Rel][4PlPoss][PlPosd]
ighaleqetaaghmeng	ighaleqetaagh[N][Rel][4PlPoss][SgPosd]

------------------------
Iyataghyamta neghtukut ighaluqaghmengllu akuutamengllu.

iyataghyamta	iyatagh[V][Intr][CnsqI][1Pl]

neghtukut	negh[V][Intr][Ind][1Pl]
neghtukut	negh-te[to.act.on.so.as.to.cause.to.V][V→V][V][Intr][Ind][1Pl]

ighaluqaghmengllu	+?

akuutamengllu	akuutagh[N][Abl_Mod][Unpd][Sg]-llu[Encl]
akuutamengllu	akuutagh[N][Rel][4DuPoss][PlPosd]-llu[Encl]
akuutamengllu	akuutagh[N][Rel][4DuPoss][SgPosd]-llu[Encl]
akuutamengllu	akuutagh[N][Rel][4PlPoss][PlPosd]-llu[Encl]
akuutamengllu	akuutagh[N][Rel][4PlPoss][SgPosd]-llu[Encl]
akuutamengllu	akugh-~:(ng₁)u[to.be.N][N→V]-~:(u)ta[condition.with.respect.to.V-ing][V→N][N][Abl_Mod][Unpd][Sg]-llu[Encl]
akuutamengllu	akugh-~:(ng₁)u[to.be.N][N→V]-~:(u)ta[condition.with.respect.to.V-ing][V→N][N][Rel][4DuPoss][PlPosd]-llu[Encl]
akuutamengllu	akugh-~:(ng₁)u[to.be.N][N→V]-~:(u)ta[condition.with.respect.to.V-ing][V→N][N][Rel][4DuPoss][SgPosd]-llu[Encl]
akuutamengllu	akugh-~:(ng₁)u[to.be.N][N→V]-~:(u)ta[condition.with.respect.to.V-ing][V→N][N][Rel][4PlPoss][PlPosd]-llu[Encl]
akuutamengllu	akugh-~:(ng₁)u[to.be.N][N→V]-~:(u)ta[condition.with.respect.to.V-ing][V→N][N][Rel][4PlPoss][SgPosd]-llu[Encl]

------------------------
Akuzingigalkuvek Yupigestun ungipaatinga Laluramkestun.

akuzingigalkuvek	+?

yupigestun	Yupig[N][Equ][Unpd][Pl]
yupigestun	Yupigestun
yupigestun	Yupigestute[N][Abs][Unpd][Sg]

ungipaatinga	ungipaate[V][Trns][Opt][PRS][2Sg][1Sg]
ungipaatinga	ungipagh-~:(u)te[to.V.for.or.with][to.cause.to.V.as.one.is.V-ing][to.V.toward.each.other][V→V][V][Trns][Opt][PRS][2Sg][1Sg]

laluramkestun	Laluramke[N][Equ][Unpd][Pl]

------------------------
Siivanlleghet nekevut aghulayugyameng.

siivanlleghet	siivanllegh[N][Abs][Unpd][Pl]
siivanlleghet	siivanllegh[N][Rel][Unpd][Pl]

nekevut	nekeve[V][Intr][Ind][3Pl]

aghulayugyameng	aghula-@₁~fyug[to.want.to.V][V→V][V][Intr][CnsqI][4Pl]
aghulayugyameng	aghula-~:(u)te[to.V.for.or.with][to.cause.to.V.as.one.is.V-ing][to.V.toward.each.other][V→V]-@₁~fyug[to.want.to.V][V→V][V][Intr][CnsqI][4Pl]
aghulayugyameng	aghula-~:(u)te[SBJ.V-ed.something][V→V]-@₁~fyug[to.want.to.V][V→V][V][Intr][CnsqI][4Pl]

------------------------
Pinighsaghlleqagka eglluk naavumakagkenka.

pinighsaghlleqagka	pinigh-te[to.act.on.so.as.to.cause.to.V][V→V]-@₁~fyagh[to.go.V-ing][to.V.in.vain][V→V]-te[to.act.on.so.as.to.cause.to.V][V→V]-te[to.act.on.so.as.to.cause.to.V][V→V]-@₁lleqe[will.V][V→V][V][Trns][Ind][1Sg][3Du]
pinighsaghlleqagka	pinigh-te[to.act.on.so.as.to.cause.to.V][V→V]-@₁~fyagh[to.go.V-ing][to.V.in.vain][V→V]-te[to.act.on.so.as.to.cause.to.V][V→V]-@₁lleqe[will.V][V→V][V][Trns][Ind][1Sg][3Du]
pinighsaghlleqagka	pinigh-te[to.act.on.so.as.to.cause.to.V][V→V]-@₁~fyagh[to.go.V-ing][to.V.in.vain][V→V]-@₁lleqe[will.V][V→V][V][Trns][Ind][1Sg][3Du]
pinighsaghlleqagka	pinighsagh-te[to.act.on.so.as.to.cause.to.V][V→V]-@₁lleqe[will.V][V→V][V][Trns][Ind][1Sg][3Du]
pinighsaghlleqagka	pinighsagh-@₁lleqe[will.V][V→V][V][Trns][Ind][1Sg][3Du]

eglluk	egllu[N][Abs][Unpd][Du]
eglluk	egllu[N][Rel][Unpd][Du]
eglluk	egllug[N][Abs][Unpd][Sg]

naavumakagkenka	+?

------------------------
Qepghaghaqunga qavaneghpek.

qepghaghaqunga	qepghagh-~(g₁)aqe[to.be.V.ing][to.regularly.or.repeatedly.V][V→V][V][Intr][Ind][1Sg]

qavaneghpek	qavagh-@₁–negh[the.act.or.activity.of.V-ing][V→N][N][Rel][2SgPoss][PlPosd]
qavaneghpek	qavagh-@₁–negh[the.act.or.activity.of.V-ing][V→N][N][Rel][2SgPoss][SgPosd]
qavaneghpek	qavagh[V][Intr][Ctmp][2Sg]

------------------------
Qepghaghaqunga qavaneghpeni.

qepghaghaqunga	qepghagh-~(g₁)aqe[to.be.V.ing][to.regularly.or.repeatedly.V][V→V][V][Intr][Ind][1Sg]

qavaneghpeni	qavagh-@₁–negh[the.act.or.activity.of.V-ing][V→N][N][Loc][2SgPoss][PlPosd]
qavaneghpeni	qavagh-@₁–negh[the.act.or.activity.of.V-ing][V→N][N][Loc][2SgPoss][SgPosd]

------------------------
