Aakaqa estugaghtuq yavluni tasluqluku tukfighinaluni laluwaaymeng.

aakaqa	aag-~sf–(g₃)kaq[one.that.has.V-ed][V→N]-~–ke[to.have.as.one's.N(s)][N→V][V][Intr][Intrg][3Sg]
aakaqa	aag-~sf–(g₃)kaq[one.that.has.V-ed][V→N][N][Abs][1SgPoss][SgPosd]
aakaqa	aag-~sf–(g₃)kaq[one.that.has.V-ed][V→N][N][Abs][3SgPoss][SgPosd]
aakaqa	aakagh*-~–ke[to.have.as.one's.N(s)][N→V][V][Intr][Intrg][3Sg]
aakaqa	aakagh*[N][Abs][1SgPoss][SgPosd]

estugaghtuq	estugagh*-te[to.catch.N][to.go.to.N][N→V][V][Intr][Ind][3Sg]
estugaghtuq	estugagh-te[to.catch.N][to.go.to.N][N→V][V][Intr][Ind][3Sg]

yavluni	yavlu[N][Abs][4SgPoss][SgPosd]
yavluni	yavlu[N][Abs][4SgPoss][PlPosd]
yavluni	yavlu[N][Loc][Unpd][Pl]

tasluqluku	tasluqe-te[to.act.on.so.as.to.cause.to.V][V→V][V][Trns][Sbrd][_][3Sg]
tasluqluku	tasluqe[V][Trns][Sbrd][_][3Sg]

tukfighinaluni	tukfigh-~i[SBJ.V-ed.something][V→V]-@₁~fna[in.order.to.V][intending.to.V][V→V]-~:(u)te[to.V.for.or.with][to.cause.to.V.as.one.is.V-ing][to.V.toward.each.other][V→V][V][Intr][Sbrd][3Sg]
tukfighinaluni	tukfigh-~i[SBJ.V-ed.something][V→V]-@₁~fna[in.order.to.V][intending.to.V][V→V]-~:(u)te[SBJ.V-ed.something][V→V][V][Intr][Sbrd][3Sg]
tukfighinaluni	tukfigh-~i[SBJ.V-ed.something][V→V]-@₁~fna[in.order.to.V][intending.to.V][V→V][V][Intr][Sbrd][3Sg]
tukfighinaluni	tukfigh-~i[SBJ.V-ed.something][V→V]-~:(u)te[to.V.for.or.with][to.cause.to.V.as.one.is.V-ing][to.V.toward.each.other][V→V]-@₁~fna[in.order.to.V][intending.to.V][V→V]-~:(u)te[to.V.for.or.with][to.cause.to.V.as.one.is.V-ing][to.V.toward.each.other][V→V][V][Intr][Sbrd][3Sg]
tukfighinaluni	tukfigh-~i[SBJ.V-ed.something][V→V]-~:(u)te[to.V.for.or.with][to.cause.to.V.as.one.is.V-ing][to.V.toward.each.other][V→V]-@₁~fna[in.order.to.V][intending.to.V][V→V]-~:(u)te[SBJ.V-ed.something][V→V][V][Intr][Sbrd][3Sg]
tukfighinaluni	tukfigh-~i[SBJ.V-ed.something][V→V]-~:(u)te[to.V.for.or.with][to.cause.to.V.as.one.is.V-ing][to.V.toward.each.other][V→V]-@₁~fna[in.order.to.V][intending.to.V][V→V][V][Intr][Sbrd][3Sg]
tukfighinaluni	tukfigh-~i[SBJ.V-ed.something][V→V]-~:(u)te[SBJ.V-ed.something][V→V]-@₁~fna[in.order.to.V][intending.to.V][V→V]-~:(u)te[to.V.for.or.with][to.cause.to.V.as.one.is.V-ing][to.V.toward.each.other][V→V][V][Intr][Sbrd][3Sg]
tukfighinaluni	tukfigh-~i[SBJ.V-ed.something][V→V]-~:(u)te[SBJ.V-ed.something][V→V]-@₁~fna[in.order.to.V][intending.to.V][V→V]-~:(u)te[SBJ.V-ed.something][V→V][V][Intr][Sbrd][3Sg]
tukfighinaluni	tukfigh-~i[SBJ.V-ed.something][V→V]-~:(u)te[SBJ.V-ed.something][V→V]-@₁~fna[in.order.to.V][intending.to.V][V→V][V][Intr][Sbrd][3Sg]

laluwaaymeng	laluwaay[N][Abl_Mod][Unpd][Sg]
laluwaaymeng	laluwaay[N][Rel][4DuPoss][PlPosd]
laluwaaymeng	laluwaay[N][Rel][4DuPoss][SgPosd]
laluwaaymeng	laluwaay[N][Rel][4PlPoss][PlPosd]
laluwaaymeng	laluwaay[N][Rel][4PlPoss][SgPosd]
laluwaaymeng	laluwaaye[N][Abl_Mod][Unpd][Sg]
laluwaaymeng	laluwaaye[N][Rel][4DuPoss][PlPosd]
laluwaaymeng	laluwaaye[N][Rel][4DuPoss][SgPosd]
laluwaaymeng	laluwaaye[N][Rel][4PlPoss][PlPosd]
laluwaaymeng	laluwaaye[N][Rel][4PlPoss][SgPosd]

------------------------
Nanevgaq piyugluni aghulaqumalghii naayvamun eltughani maliglluku.

nanevgaq	nanevgagh[N][Abs][Unpd][Sg]

piyugluni	pi-@₁~fyug[to.want.to.V][V→V][V][Intr][Sbrd][3Sg]
piyugluni	pi-~:(u)te[to.V.for.or.with][to.cause.to.V.as.one.is.V-ing][to.V.toward.each.other][V→V]-@₁~fyug[to.want.to.V][V→V][V][Intr][Sbrd][3Sg]
piyugluni	pi-~:(u)te[SBJ.V-ed.something][V→V]-@₁~fyug[to.want.to.V][V→V][V][Intr][Sbrd][3Sg]
piyugluni	piyug[V][Intr][Sbrd][3Sg]

aghulaqumalghii	aghulaqe-@₁~:(i/u)ma[to.have.V-ed][to.have.been.V-ed][V→V]-@₁–lghii[the.one.that.V-ed][the.one.that.is.V][V→N][N][Abs][Unpd][Sg]

naayvamun	Naayvagh[N][Ter][Unpd][Sg]
naayvamun	naayvagh[N][Ter][Unpd][Sg]

eltughani	eltughagh*[N][Abs][4SgPoss][SgPosd]
eltughani	eltughagh*[N][Abs][4SgPoss][PlPosd]

maliglluku	+?

------------------------
Iyataghyama neghaqa satelgam kemekraga gaaghpenaan.

iyataghyama	iyatagh[V][Intr][CnsqI][1Sg]

neghaqa	negh-~(g₁)aqe[to.be.V.ing][to.regularly.or.repeatedly.V][V→V][V][Intr][Intrg][3Sg]
neghaqa	neghe-~(g₁)aqe[to.be.V.ing][to.regularly.or.repeatedly.V][V→V][V][Intr][Intrg][3Sg]
neghaqa	neghe[V][Trns][Ind][1Sg][3Sg]
neghaqa	negh[V][Trns][Ind][1Sg][3Sg]

satelgam	satelgagh[N][Rel][Unpd][Sg]

kemekraga	kemekrag[N][Abs][3SgPoss][SgPosd]

gaaghpenaan	gaagh-@₁–nghite**[to.not.V][V→V][V][Trns][Sbrd][_][3Sg]

------------------------
Apama atanga kiyaghtaqngan Ungazimi yuget nenglulguftut mangteghangunateng.

apama	apa[N][Rel][1SgPoss][SgPosd]
apama	apa[N][Rel][1SgPoss][PlPosd]

atanga	ata[N][Abs][3SgPoss][SgPosd]

kiyaghtaqngan	kiyaghte-~(g₁)aqe[to.be.V.ing][to.regularly.or.repeatedly.V][V→V][V][Intr][CnsqI][3Sg]
kiyaghtaqngan	kiyaghte[V][Intr][CnsqII][3Sg]
kiyaghtaqngan	kiyaghte[V][Trns][CnsqII][3Sg]

ungazimi	Ungazigh[N][Loc][Unpd][Sg]
ungazimi	Ungazigh[N][Rel][4SgPoss][PlPosd]
ungazimi	Ungazigh[N][Rel][4SgPoss][SgPosd]

yuget	yu(u)g[N][Abs][Unpd][Pl]
yuget	yu(u)g[N][Rel][Unpd][Pl]
yuget	yug[N][Abs][Unpd][Pl]
yuget	yug[N][Rel][Unpd][Pl]

nenglulguftut	nenglu-–leg[one.having.N][N→N]-~:(ng₁)u[to.be.N][N→V]-(pete)fte[to.evidently.V][to.have.V-ed][V→V][V][Intr][Ind][3Pl]
nenglulguftut	nenglu-–lgu[to.have.N][N→V]-(pete)fte[to.evidently.V][to.have.V-ed][V→V][V][Intr][Ind][3Pl]

mangteghangunateng	mangteghagh-~:(ng₁)ite**[to.lack.N][to.not.have.N][N→V][V][Intr][Sbrd][3Pl]

------------------------
Aghnalqwaaghem ungipaataanga an\'gighniluten.

aghnalqwaaghem	aghnalqwaagh[N][Rel][Unpd][Sg]

ungipaataanga	ungipaate[V][Trns][Ind][3Sg][1Sg]
ungipaataanga	ungipagh-~:(u)te[to.V.for.or.with][to.cause.to.V.as.one.is.V-ing][to.V.toward.each.other][V→V][V][Trns][Ind][3Sg][1Sg]

an'gighniluten	an'gigh-@₁~fni[to.say.that.one.is.V-ing][Cmpd_Vbl]-~:(u)te[to.V.for.or.with][to.cause.to.V.as.one.is.V-ing][to.V.toward.each.other][V→V][V][Intr][Sbrd][2Sg]
an'gighniluten	an'gigh-@₁~fni[to.say.that.one.is.V-ing][Cmpd_Vbl]-~:(u)te[to.V.for.or.with][to.cause.to.V.as.one.is.V-ing][to.V.toward.each.other][V→V][V][Trns][Sbrd][_][2Sg]
an'gighniluten	an'gigh-@₁~fni[to.say.that.one.is.V-ing][Cmpd_Vbl]-~:(u)te[SBJ.V-ed.something][V→V][V][Intr][Sbrd][2Sg]
an'gighniluten	an'gigh-@₁~fni[to.say.that.one.is.V-ing][Cmpd_Vbl][V][Intr][Sbrd][2Sg]
an'gighniluten	an'gigh-@₁~fni[to.say.that.one.is.V-ing][Cmpd_Vbl][V][Trns][Sbrd][_][2Sg]

------------------------
Aarragkiighluku atkuni taghnughhasqughhaq aanuq esghaghnaluki aqelqat kaallghiit tengegkayugteggun.

aarragkiighluku	aate-@₁~f–ragkiigh[to.V.quickly][V→V][V][Trns][Sbrd][_][3Sg]

atkuni	atkug[N][Abs][4SgPoss][SgPosd]
atkuni	atkug[N][Abs][4SgPoss][PlPosd]

taghnughhasqughhaq	taghnughhagh*-–squgh[little.N][small.N][N→N]-–ghhagh*[dear.N][N→N][N][Abs][Unpd][Sg]
taghnughhasqughhaq	taghnughhagh*-–squghhagh*little.N][small.N][N→N][N][Abs][Unpd][Sg]

aanuq	aane[V][Intr][Ind][3Sg]

esghaghnaluki	esghagh-@₁~fna[in.order.to.V][intending.to.V][V→V]-~:(u)te[to.V.for.or.with][to.cause.to.V.as.one.is.V-ing][to.V.toward.each.other][V→V][V][Trns][Sbrd][_][3Pl]
esghaghnaluki	esghagh-@₁~fna[in.order.to.V][intending.to.V][V→V][V][Trns][Sbrd][_][3Pl]

aqelqat	aqelqagh[N][Abs][Unpd][Pl]
aqelqat	aqelqagh[N][Rel][Unpd][Pl]

kaallghiit	kaate-@₁–lghii[the.one.that.V-ed][the.one.that.is.V][V→N][N][Abs][Unpd][Pl]
kaallghiit	kaate-@₁–lghii[the.one.that.V-ed][the.one.that.is.V][V→N][N][Rel][Unpd][Pl]
kaallghiit	kaate[V][Intr][Ptcp][3Pl]

tengegkayugteggun	tengegkayug[N][Via][Unpd][Pl]

------------------------
Meghnughngaaghmeng yuget igleghtaqut yaavumaluteng ivenruutek naavumayayek.

meghnughngaaghmeng	meghnugh[V][Intr][Conc][4Pl]

yuget	yu(u)g[N][Abs][Unpd][Pl]
yuget	yu(u)g[N][Rel][Unpd][Pl]
yuget	yug[N][Abs][Unpd][Pl]
yuget	yug[N][Rel][Unpd][Pl]

igleghtaqut	igleghte-~(g₁)aqe[to.be.V.ing][to.regularly.or.repeatedly.V][V→V][V][Intr][Ind][3Pl]

yaavumaluteng	yaave-@₁~:(i/u)ma[to.have.V-ed][to.have.been.V-ed][V→V]-~:(u)te[to.V.for.or.with][to.cause.to.V.as.one.is.V-ing][to.V.toward.each.other][V→V][V][Intr][Sbrd][3Pl]
yaavumaluteng	yaave-@₁~:(i/u)ma[to.have.V-ed][to.have.been.V-ed][V→V]-~:(u)te[SBJ.V-ed.something][V→V][V][Intr][Sbrd][3Pl]
yaavumaluteng	yaave-@₁~:(i/u)ma[to.have.V-ed][to.have.been.V-ed][V→V][V][Intr][Sbrd][3Pl]

ivenruutek	ivenruute[N][Abs][Unpd][Du]
ivenruutek	ivenruute[N][Rel][Unpd][Du]
ivenruutek	ivenrugh-~:(u)te[to.V.for.or.with][to.cause.to.V.as.one.is.V-ing][to.V.toward.each.other][V→V]-te[to.act.on.so.as.to.cause.to.V][V→V][V][Intr][Opt][PRS][2Du]
ivenruutek	ivenrugh-~:(u)te[to.V.for.or.with][to.cause.to.V.as.one.is.V-ing][to.V.toward.each.other][V→V]-te[to.act.on.so.as.to.cause.to.V][V→V][V][Intr][Opt][PRS][2Pl]
ivenruutek	ivenrugh-~:(u)te[to.V.for.or.with][to.cause.to.V.as.one.is.V-ing][to.V.toward.each.other][V→V][V][Intr][Opt][PRS][2Du]
ivenruutek	ivenrugh-~:(u)te[to.V.for.or.with][to.cause.to.V.as.one.is.V-ing][to.V.toward.each.other][V→V][V][Intr][Opt][PRS][2Pl]
ivenruutek	ivenrugh-~:(u)te[condition.with.respect.to.V-ing][V→N]-te[to.catch.N][to.go.to.N][N→V][V][Intr][Opt][PRS][2Du]
ivenruutek	ivenrugh-~:(u)te[condition.with.respect.to.V-ing][V→N]-te[to.catch.N][to.go.to.N][N→V][V][Intr][Opt][PRS][2Pl]
ivenruutek	ivenrugh-~:(u)te[SBJ.V-ed.something][V→V]-te[to.act.on.so.as.to.cause.to.V][V→V][V][Intr][Opt][PRS][2Du]
ivenruutek	ivenrugh-~:(u)te[SBJ.V-ed.something][V→V]-te[to.act.on.so.as.to.cause.to.V][V→V][V][Intr][Opt][PRS][2Pl]
ivenruutek	ivenrugh-~:(u)te[SBJ.V-ed.something][V→V][V][Intr][Opt][PRS][2Du]
ivenruutek	ivenrugh-~:(u)te[SBJ.V-ed.something][V→V][V][Intr][Opt][PRS][2Pl]
ivenruutek	ivenrugh-~:(u)te[condition.with.respect.to.V-ing][V→N][N][Abs][Unpd][Du]
ivenruutek	ivenrugh-~:(u)te[condition.with.respect.to.V-ing][V→N][N][Rel][Unpd][Du]

naavumayayek	naave-@₁~:(i/u)ma[to.have.V-ed][to.have.been.V-ed][V→V]-~:(u)te[to.V.for.or.with][to.cause.to.V.as.one.is.V-ing][to.V.toward.each.other][V→V][V][Intr][CnsqI][3Du]
naavumayayek	naave-@₁~:(i/u)ma[to.have.V-ed][to.have.been.V-ed][V→V]-~:(u)te[SBJ.V-ed.something][V→V][V][Intr][CnsqI][3Du]
naavumayayek	naave-@₁~:(i/u)ma[to.have.V-ed][to.have.been.V-ed][V→V][V][Intr][CnsqI][3Du]

------------------------
Naagpek tugusugii aatkaten eflugameng llilukillu aqumutagnun.

naagpek	naa[N][Rel][2SgPoss][DuPosd]
naagpek	naa[N][Rel][2SgPoss][PlPosd]
naagpek	naa[N][Rel][2SgPoss][SgPosd]

tugusugii	tugu-te[to.act.on.so.as.to.cause.to.V][V→V]-@₁~fyug[to.want.to.V][V→V]-~i[SBJ.V-ed.something][V→V]-~i[SBJ.V-ed.something][V→V]-~i[SBJ.V-ed.something][V→V]-~i[SBJ.V-ed.something][V→V]-~i[SBJ.V-ed.something][V→V][V][Intr][Opt][PRS][2Sg]
tugusugii	tugu-te[to.act.on.so.as.to.cause.to.V][V→V]-@₁~fyug[to.want.to.V][V→V]-~i[SBJ.V-ed.something][V→V]-~i[SBJ.V-ed.something][V→V]-~i[SBJ.V-ed.something][V→V]-~i[SBJ.V-ed.something][V→V][V][Intr][Opt][PRS][2Sg]
tugusugii	tugu-te[to.act.on.so.as.to.cause.to.V][V→V]-@₁~fyug[to.want.to.V][V→V]-~i[SBJ.V-ed.something][V→V]-~i[SBJ.V-ed.something][V→V]-~i[SBJ.V-ed.something][V→V][V][Intr][Opt][PRS][2Sg]
tugusugii	tugu-te[to.act.on.so.as.to.cause.to.V][V→V]-@₁~fyug[to.want.to.V][V→V]-~i[SBJ.V-ed.something][V→V]-~i[SBJ.V-ed.something][V→V][V][Intr][Opt][PRS][2Sg]
tugusugii	tugu-te[to.act.on.so.as.to.cause.to.V][V→V]-@₁~fyug[to.want.to.V][V→V]-~i[SBJ.V-ed.something][V→V][V][Intr][Intrg][3Sg]
tugusugii	tugu-te[to.act.on.so.as.to.cause.to.V][V→V]-@₁~fyug[to.want.to.V][V→V][V][Trns][Ind][3Sg][3Pl]
tugusugii	tugu-~:(u)te[to.V.for.or.with][to.cause.to.V.as.one.is.V-ing][to.V.toward.each.other][V→V]-te[to.act.on.so.as.to.cause.to.V][V→V]-@₁~fyug[to.want.to.V][V→V]-~i[SBJ.V-ed.something][V→V]-~i[SBJ.V-ed.something][V→V]-~i[SBJ.V-ed.something][V→V]-~i[SBJ.V-ed.something][V→V][V][Intr][Opt][PRS][2Sg]
tugusugii	tugu-~:(u)te[to.V.for.or.with][to.cause.to.V.as.one.is.V-ing][to.V.toward.each.other][V→V]-te[to.act.on.so.as.to.cause.to.V][V→V]-@₁~fyug[to.want.to.V][V→V]-~i[SBJ.V-ed.something][V→V]-~i[SBJ.V-ed.something][V→V]-~i[SBJ.V-ed.something][V→V][V][Intr][Opt][PRS][2Sg]
tugusugii	tugu-~:(u)te[to.V.for.or.with][to.cause.to.V.as.one.is.V-ing][to.V.toward.each.other][V→V]-te[to.act.on.so.as.to.cause.to.V][V→V]-@₁~fyug[to.want.to.V][V→V]-~i[SBJ.V-ed.something][V→V]-~i[SBJ.V-ed.something][V→V][V][Intr][Opt][PRS][2Sg]
tugusugii	tugu-~:(u)te[to.V.for.or.with][to.cause.to.V.as.one.is.V-ing][to.V.toward.each.other][V→V]-te[to.act.on.so.as.to.cause.to.V][V→V]-@₁~fyug[to.want.to.V][V→V]-~i[SBJ.V-ed.something][V→V][V][Intr][Intrg][3Sg]
tugusugii	tugu-~:(u)te[to.V.for.or.with][to.cause.to.V.as.one.is.V-ing][to.V.toward.each.other][V→V]-te[to.act.on.so.as.to.cause.to.V][V→V]-@₁~fyug[to.want.to.V][V→V][V][Trns][Ind][3Sg][3Pl]
tugusugii	tugu-~:(u)te[condition.with.respect.to.V-ing][V→N]-te[to.catch.N][to.go.to.N][N→V]-@₁~fyug[to.want.to.V][V→V]-~i[SBJ.V-ed.something][V→V]-~i[SBJ.V-ed.something][V→V]-~i[SBJ.V-ed.something][V→V]-~i[SBJ.V-ed.something][V→V][V][Intr][Opt][PRS][2Sg]
tugusugii	tugu-~:(u)te[condition.with.respect.to.V-ing][V→N]-te[to.catch.N][to.go.to.N][N→V]-@₁~fyug[to.want.to.V][V→V]-~i[SBJ.V-ed.something][V→V]-~i[SBJ.V-ed.something][V→V]-~i[SBJ.V-ed.something][V→V][V][Intr][Opt][PRS][2Sg]
tugusugii	tugu-~:(u)te[condition.with.respect.to.V-ing][V→N]-te[to.catch.N][to.go.to.N][N→V]-@₁~fyug[to.want.to.V][V→V]-~i[SBJ.V-ed.something][V→V]-~i[SBJ.V-ed.something][V→V][V][Intr][Opt][PRS][2Sg]
tugusugii	tugu-~:(u)te[condition.with.respect.to.V-ing][V→N]-te[to.catch.N][to.go.to.N][N→V]-@₁~fyug[to.want.to.V][V→V]-~i[SBJ.V-ed.something][V→V][V][Intr][Intrg][3Sg]
tugusugii	tugu-~:(u)te[SBJ.V-ed.something][V→V]-te[to.act.on.so.as.to.cause.to.V][V→V]-@₁~fyug[to.want.to.V][V→V]-~i[SBJ.V-ed.something][V→V]-~i[SBJ.V-ed.something][V→V]-~i[SBJ.V-ed.something][V→V]-~i[SBJ.V-ed.something][V→V][V][Intr][Opt][PRS][2Sg]
tugusugii	tugu-~:(u)te[SBJ.V-ed.something][V→V]-te[to.act.on.so.as.to.cause.to.V][V→V]-@₁~fyug[to.want.to.V][V→V]-~i[SBJ.V-ed.something][V→V]-~i[SBJ.V-ed.something][V→V]-~i[SBJ.V-ed.something][V→V][V][Intr][Opt][PRS][2Sg]
tugusugii	tugu-~:(u)te[SBJ.V-ed.something][V→V]-te[to.act.on.so.as.to.cause.to.V][V→V]-@₁~fyug[to.want.to.V][V→V]-~i[SBJ.V-ed.something][V→V]-~i[SBJ.V-ed.something][V→V][V][Intr][Opt][PRS][2Sg]
tugusugii	tugu-~:(u)te[SBJ.V-ed.something][V→V]-te[to.act.on.so.as.to.cause.to.V][V→V]-@₁~fyug[to.want.to.V][V→V]-~i[SBJ.V-ed.something][V→V][V][Intr][Intrg][3Sg]
tugusugii	tugu-(te)sug[to.want.one.to.V][Cmpd_Vbl]-~i[SBJ.V-ed.something][V→V]-~i[SBJ.V-ed.something][V→V]-~i[SBJ.V-ed.something][V→V]-~i[SBJ.V-ed.something][V→V]-~i[SBJ.V-ed.something][V→V][V][Intr][Opt][PRS][2Sg]
tugusugii	tugu-(te)sug[to.want.one.to.V][Cmpd_Vbl]-~i[SBJ.V-ed.something][V→V]-~i[SBJ.V-ed.something][V→V]-~i[SBJ.V-ed.something][V→V]-~i[SBJ.V-ed.something][V→V][V][Intr][Opt][PRS][2Sg]
tugusugii	tugu-(te)sug[to.want.one.to.V][Cmpd_Vbl]-~i[SBJ.V-ed.something][V→V]-~i[SBJ.V-ed.something][V→V]-~i[SBJ.V-ed.something][V→V][V][Intr][Opt][PRS][2Sg]
tugusugii	tugu-(te)sug[to.want.one.to.V][Cmpd_Vbl]-~i[SBJ.V-ed.something][V→V]-~i[SBJ.V-ed.something][V→V][V][Intr][Opt][PRS][2Sg]
tugusugii	tugu-(te)sug[to.want.one.to.V][Cmpd_Vbl]-~i[SBJ.V-ed.something][V→V][V][Intr][Intrg][3Sg]
tugusugii	tugu-(te)sug[to.want.one.to.V][Cmpd_Vbl][V][Trns][Ind][3Sg][3Pl]

aatkaten	aate[V][Trns][Cond][3Sg][2Sg]
aatkaten	aate[V][Trns][Cond][3Pl][2Sg]
aatkaten	aate[V][Trns][Cond][3Du][2Sg]
aatkaten	aatkagh[N][Abs][2SgPoss][PlPosd]

eflugameng	eflugagh[N][Abl_Mod][Unpd][Sg]
eflugameng	eflugagh[N][Rel][4DuPoss][PlPosd]
eflugameng	eflugagh[N][Rel][4DuPoss][SgPosd]
eflugameng	eflugagh[N][Rel][4PlPoss][PlPosd]
eflugameng	eflugagh[N][Rel][4PlPoss][SgPosd]

llilukillu	+?

aqumutagnun	aqume-~:(u)ta[condition.with.respect.to.V-ing][V→N][N][Ter][Unpd][Du]
aqumutagnun	aqumutagh[N][Ter][Unpd][Du]

------------------------
Quyillget neghaqut quyngimeng Laluramket neghumaluki uukaghmeng.

quyillget	Quyilleg[N][Abs][Unpd][Pl]
quyillget	Quyilleg[N][Rel][Unpd][Pl]

neghaqut	negh-~(g₁)aqe[to.be.V.ing][to.regularly.or.repeatedly.V][V→V][V][Intr][Ind][3Pl]
neghaqut	neghe-~(g₁)aqe[to.be.V.ing][to.regularly.or.repeatedly.V][V→V][V][Intr][Ind][3Pl]

quyngimeng	quyngigh[N][Abl_Mod][Unpd][Sg]
quyngimeng	quyngigh[N][Rel][4DuPoss][PlPosd]
quyngimeng	quyngigh[N][Rel][4DuPoss][SgPosd]
quyngimeng	quyngigh[N][Rel][4PlPoss][PlPosd]
quyngimeng	quyngigh[N][Rel][4PlPoss][SgPosd]

laluramket	Laluramke[N][Abs][Unpd][Pl]
laluramket	Laluramke[N][Rel][Unpd][Pl]

neghumaluki	negh-@₁~:(i/u)ma[to.have.V-ed][to.have.been.V-ed][V→V]-~:(u)te[to.V.for.or.with][to.cause.to.V.as.one.is.V-ing][to.V.toward.each.other][V→V][V][Trns][Sbrd][_][3Pl]
neghumaluki	negh-@₁~:(i/u)ma[to.have.V-ed][to.have.been.V-ed][V→V][V][Trns][Sbrd][_][3Pl]
neghumaluki	neghe-@₁~:(i/u)ma[to.have.V-ed][to.have.been.V-ed][V→V]-~:(u)te[to.V.for.or.with][to.cause.to.V.as.one.is.V-ing][to.V.toward.each.other][V→V][V][Trns][Sbrd][_][3Pl]
neghumaluki	neghe-@₁~:(i/u)ma[to.have.V-ed][to.have.been.V-ed][V→V][V][Trns][Sbrd][_][3Pl]

uukaghmeng	uukagh*[N][Abl_Mod][Unpd][Sg]
uukaghmeng	uukagh*[N][Rel][4DuPoss][PlPosd]
uukaghmeng	uukagh*[N][Rel][4DuPoss][SgPosd]
uukaghmeng	uukagh*[N][Rel][4PlPoss][PlPosd]
uukaghmeng	uukagh*[N][Rel][4PlPoss][SgPosd]

------------------------
Ungipaataanga yuget kiyaghhneghinniluki guyguni taghnughhaawaqngami.

ungipaataanga	ungipaate[V][Trns][Ind][3Sg][1Sg]
ungipaataanga	ungipagh-~:(u)te[to.V.for.or.with][to.cause.to.V.as.one.is.V-ing][to.V.toward.each.other][V→V][V][Trns][Ind][3Sg][1Sg]

yuget	yu(u)g[N][Abs][Unpd][Pl]
yuget	yu(u)g[N][Rel][Unpd][Pl]
yuget	yug[N][Abs][Unpd][Pl]
yuget	yug[N][Rel][Unpd][Pl]

kiyaghhneghinniluki	kiyaghte-@₁–nghite**[to.not.V][V→V]-te[to.act.on.so.as.to.cause.to.V][V→V]-@₁~fni[to.say.that.one.is.V-ing][Cmpd_Vbl]-~:(u)te[to.V.for.or.with][to.cause.to.V.as.one.is.V-ing][to.V.toward.each.other][V→V][V][Trns][Sbrd][_][3Pl]
kiyaghhneghinniluki	kiyaghte-@₁–nghite**[to.not.V][V→V]-te[to.act.on.so.as.to.cause.to.V][V→V]-@₁~fni[to.say.that.one.is.V-ing][Cmpd_Vbl][V][Trns][Sbrd][_][3Pl]
kiyaghhneghinniluki	kiyaghte-@₁–nghite**[to.not.V][V→V]-@₁~fni[to.say.that.one.is.V-ing][Cmpd_Vbl]-~:(u)te[to.V.for.or.with][to.cause.to.V.as.one.is.V-ing][to.V.toward.each.other][V→V][V][Trns][Sbrd][_][3Pl]
kiyaghhneghinniluki	kiyaghte-@₁–nghite**[to.not.V][V→V]-@₁~fni[to.say.that.one.is.V-ing][Cmpd_Vbl][V][Trns][Sbrd][_][3Pl]
kiyaghhneghinniluki	kiyaghte-@₁–negh[the.act.or.activity.of.V-ing][V→N]-~:(ng₁)ite**[to.lack.N][to.not.have.N][N→V]-te[to.act.on.so.as.to.cause.to.V][V→V]-te[to.act.on.so.as.to.cause.to.V][V→V]-@₁~fni[to.say.that.one.is.V-ing][Cmpd_Vbl]-~:(u)te[to.V.for.or.with][to.cause.to.V.as.one.is.V-ing][to.V.toward.each.other][V→V][V][Trns][Sbrd][_][3Pl]
kiyaghhneghinniluki	kiyaghte-@₁–negh[the.act.or.activity.of.V-ing][V→N]-~:(ng₁)ite**[to.lack.N][to.not.have.N][N→V]-te[to.act.on.so.as.to.cause.to.V][V→V]-te[to.act.on.so.as.to.cause.to.V][V→V]-@₁~fni[to.say.that.one.is.V-ing][Cmpd_Vbl][V][Trns][Sbrd][_][3Pl]
kiyaghhneghinniluki	kiyaghte-@₁–negh[the.act.or.activity.of.V-ing][V→N]-~:(ng₁)ite**[to.lack.N][to.not.have.N][N→V]-te[to.act.on.so.as.to.cause.to.V][V→V]-@₁~fni[to.say.that.one.is.V-ing][Cmpd_Vbl]-~:(u)te[to.V.for.or.with][to.cause.to.V.as.one.is.V-ing][to.V.toward.each.other][V→V][V][Trns][Sbrd][_][3Pl]
kiyaghhneghinniluki	kiyaghte-@₁–negh[the.act.or.activity.of.V-ing][V→N]-~:(ng₁)ite**[to.lack.N][to.not.have.N][N→V]-te[to.act.on.so.as.to.cause.to.V][V→V]-@₁~fni[to.say.that.one.is.V-ing][Cmpd_Vbl][V][Trns][Sbrd][_][3Pl]
kiyaghhneghinniluki	kiyaghte-@₁–negh[the.act.or.activity.of.V-ing][V→N]-~:(ng₁)ite**[to.lack.N][to.not.have.N][N→V]-@₁~fni[to.say.that.one.is.V-ing][Cmpd_Vbl]-~:(u)te[to.V.for.or.with][to.cause.to.V.as.one.is.V-ing][to.V.toward.each.other][V→V][V][Trns][Sbrd][_][3Pl]
kiyaghhneghinniluki	kiyaghte-@₁–negh[the.act.or.activity.of.V-ing][V→N]-~:(ng₁)ite**[to.lack.N][to.not.have.N][N→V]-@₁~fni[to.say.that.one.is.V-ing][Cmpd_Vbl][V][Trns][Sbrd][_][3Pl]

guyguni	guygu[N][Abs][4SgPoss][SgPosd]
guyguni	guygu[N][Abs][4SgPoss][PlPosd]
guyguni	guygu[N][Loc][Unpd][Pl]

taghnughhaawaqngami	taghnughhagh*-~:(ng₁)u[to.be.N][N→V]-~(g₁)aqe[to.be.V.ing][to.regularly.or.repeatedly.V][V→V][V][Intr][CnsqI][4Sg]
taghnughhaawaqngami	taghnughhagh*-~:(ng₁)u[to.be.N][N→V][V][Intr][CnsqII][4Sg]

------------------------
Aelqat aghulaqut kaatestegpenata.

aelqat	+?

aghulaqut	aghulaqe[V][Intr][Ind][3Pl]

kaatestegpenata	+?

------------------------
