Tuunlakun qalqalima elpenun.

tuunlakun	tuune[V][Trns][Opt][PRS][1Sg][3Sg]

qalqalima	qalqalima[N][Abs][Unpd][Sg]

elpenun	elpenun

------------------------
Yuqeghllanga.

yuqeghllanga	+?

------------------------
Akmaneghpallut alingengigatut kamagrameng.

akmaneghpallut	akmaneghpallugh[N][Abs][Unpd][Pl]
akmaneghpallut	akmaneghpallugh[N][Rel][Unpd][Pl]

alingengigatut	+?

kamagrameng	kamagragh[N][Abl_Mod][Unpd][Sg]
kamagrameng	kamagragh[N][Rel][4DuPoss][PlPosd]
kamagrameng	kamagragh[N][Rel][4DuPoss][SgPosd]
kamagrameng	kamagragh[N][Rel][4PlPoss][PlPosd]
kamagrameng	kamagragh[N][Rel][4PlPoss][SgPosd]

------------------------
Aapnaken aatghaneng piyukuvek kiyaghfiganun.

aapnaken	aapte-@₁~fna[in.order.to.V][intending.to.V][V→V]-@*@₂~sf–(g₂)k(a)e[the.one.that.possessor.V-ed][V→N][N][Abs][2SgPoss][SgPosd]
aapnaken	aapte-@₁~fna[in.order.to.V][intending.to.V][V→V][V][Trns][Ptcp][2Sg][3Sg]
aapnaken	aapte[V][Trns][Opt][FUT][2Sg][3Sg]

aatghaneng	ategh[N][Abl_Mod][3SgPoss][SgPosd]
aatghaneng	ategh[N][Abl_Mod][3SgPoss][PlPosd]
aatghaneng	Ategh[N][Abl_Mod][3SgPoss][SgPosd]
aatghaneng	Ategh[N][Abl_Mod][3SgPoss][PlPosd]

piyukuvek	pi-@₁~fyug[to.want.to.V][V→V][V][Intr][Cond][2Sg]
piyukuvek	pi-~:(u)te[to.V.for.or.with][to.cause.to.V.as.one.is.V-ing][to.V.toward.each.other][V→V]-@₁~fyug[to.want.to.V][V→V][V][Intr][Cond][2Sg]
piyukuvek	pi-~:(u)te[SBJ.V-ed.something][V→V]-@₁~fyug[to.want.to.V][V→V][V][Intr][Cond][2Sg]
piyukuvek	piyug[V][Intr][Cond][2Sg]

kiyaghfiganun	kiyaghfig[N][Ter][3SgPoss][SgPosd]
kiyaghfiganun	kiyaghfig[N][Ter][3SgPoss][PlPosd]

------------------------
Neghyaqunaan kukupak gaaghpenaan.

neghyaqunaan	neghe[V][Trns][Opt][FUT][NEG][2Du][3Sg]
neghyaqunaan	neghe[V][Trns][Opt][FUT][NEG][2Pl][3Sg]
neghyaqunaan	neghe[V][Trns][Opt][FUT][NEG][2Sg][3Sg]
neghyaqunaan	negh[V][Trns][Opt][FUT][NEG][2Du][3Sg]
neghyaqunaan	negh[V][Trns][Opt][FUT][NEG][2Pl][3Sg]
neghyaqunaan	negh[V][Trns][Opt][FUT][NEG][2Sg][3Sg]

kukupak	kukupag[N][Abs][Unpd][Sg]

gaaghpenaan	gaagh-@₁–nghite**[to.not.V][V→V][V][Trns][Sbrd][_][3Sg]

------------------------
Ighneqa aanli esghaannaluni kiighwyameng.

ighneqa	ighnegh-~–ke[to.have.as.one's.N(s)][N→V][V][Intr][Intrg][3Sg]
ighneqa	ighnegh[N][Abs][1SgPoss][SgPosd]

aanli	aane[V][Intr][Opt][PRS][3Sg]
aanli	aante[V][Intr][Opt][PRS][3Sg]

esghaannaluni	esghaate-@₁~fna[in.order.to.V][intending.to.V][V→V]-~:(u)te[to.V.for.or.with][to.cause.to.V.as.one.is.V-ing][to.V.toward.each.other][V→V][V][Intr][Sbrd][3Sg]
esghaannaluni	esghaate-@₁~fna[in.order.to.V][intending.to.V][V→V]-~:(u)te[SBJ.V-ed.something][V→V][V][Intr][Sbrd][3Sg]
esghaannaluni	esghaate-@₁~fna[in.order.to.V][intending.to.V][V→V][V][Intr][Sbrd][3Sg]
esghaannaluni	esghagh-~:(u)te[to.V.for.or.with][to.cause.to.V.as.one.is.V-ing][to.V.toward.each.other][V→V]-te[to.act.on.so.as.to.cause.to.V][V→V]-@₁~fna[in.order.to.V][intending.to.V][V→V]-~:(u)te[to.V.for.or.with][to.cause.to.V.as.one.is.V-ing][to.V.toward.each.other][V→V][V][Intr][Sbrd][3Sg]
esghaannaluni	esghagh-~:(u)te[to.V.for.or.with][to.cause.to.V.as.one.is.V-ing][to.V.toward.each.other][V→V]-te[to.act.on.so.as.to.cause.to.V][V→V]-@₁~fna[in.order.to.V][intending.to.V][V→V]-~:(u)te[SBJ.V-ed.something][V→V][V][Intr][Sbrd][3Sg]
esghaannaluni	esghagh-~:(u)te[to.V.for.or.with][to.cause.to.V.as.one.is.V-ing][to.V.toward.each.other][V→V]-te[to.act.on.so.as.to.cause.to.V][V→V]-@₁~fna[in.order.to.V][intending.to.V][V→V][V][Intr][Sbrd][3Sg]
esghaannaluni	esghagh-~:(u)te[to.V.for.or.with][to.cause.to.V.as.one.is.V-ing][to.V.toward.each.other][V→V]-@₁~fna[in.order.to.V][intending.to.V][V→V]-~:(u)te[to.V.for.or.with][to.cause.to.V.as.one.is.V-ing][to.V.toward.each.other][V→V][V][Intr][Sbrd][3Sg]
esghaannaluni	esghagh-~:(u)te[to.V.for.or.with][to.cause.to.V.as.one.is.V-ing][to.V.toward.each.other][V→V]-@₁~fna[in.order.to.V][intending.to.V][V→V]-~:(u)te[SBJ.V-ed.something][V→V][V][Intr][Sbrd][3Sg]
esghaannaluni	esghagh-~:(u)te[to.V.for.or.with][to.cause.to.V.as.one.is.V-ing][to.V.toward.each.other][V→V]-@₁~fna[in.order.to.V][intending.to.V][V→V][V][Intr][Sbrd][3Sg]
esghaannaluni	esghagh-~:(u)te[condition.with.respect.to.V-ing][V→N]-te[to.catch.N][to.go.to.N][N→V]-@₁~fna[in.order.to.V][intending.to.V][V→V]-~:(u)te[to.V.for.or.with][to.cause.to.V.as.one.is.V-ing][to.V.toward.each.other][V→V][V][Intr][Sbrd][3Sg]
esghaannaluni	esghagh-~:(u)te[condition.with.respect.to.V-ing][V→N]-te[to.catch.N][to.go.to.N][N→V]-@₁~fna[in.order.to.V][intending.to.V][V→V]-~:(u)te[SBJ.V-ed.something][V→V][V][Intr][Sbrd][3Sg]
esghaannaluni	esghagh-~:(u)te[condition.with.respect.to.V-ing][V→N]-te[to.catch.N][to.go.to.N][N→V]-@₁~fna[in.order.to.V][intending.to.V][V→V][V][Intr][Sbrd][3Sg]
esghaannaluni	esghagh-~:(u)te[SBJ.V-ed.something][V→V]-te[to.act.on.so.as.to.cause.to.V][V→V]-@₁~fna[in.order.to.V][intending.to.V][V→V]-~:(u)te[to.V.for.or.with][to.cause.to.V.as.one.is.V-ing][to.V.toward.each.other][V→V][V][Intr][Sbrd][3Sg]
esghaannaluni	esghagh-~:(u)te[SBJ.V-ed.something][V→V]-te[to.act.on.so.as.to.cause.to.V][V→V]-@₁~fna[in.order.to.V][intending.to.V][V→V]-~:(u)te[SBJ.V-ed.something][V→V][V][Intr][Sbrd][3Sg]
esghaannaluni	esghagh-~:(u)te[SBJ.V-ed.something][V→V]-te[to.act.on.so.as.to.cause.to.V][V→V]-@₁~fna[in.order.to.V][intending.to.V][V→V][V][Intr][Sbrd][3Sg]
esghaannaluni	esghagh-~:(u)te[SBJ.V-ed.something][V→V]-@₁~fna[in.order.to.V][intending.to.V][V→V]-~:(u)te[to.V.for.or.with][to.cause.to.V.as.one.is.V-ing][to.V.toward.each.other][V→V][V][Intr][Sbrd][3Sg]
esghaannaluni	esghagh-~:(u)te[SBJ.V-ed.something][V→V]-@₁~fna[in.order.to.V][intending.to.V][V→V]-~:(u)te[SBJ.V-ed.something][V→V][V][Intr][Sbrd][3Sg]
esghaannaluni	esghagh-~:(u)te[SBJ.V-ed.something][V→V]-@₁~fna[in.order.to.V][intending.to.V][V→V][V][Intr][Sbrd][3Sg]

kiighwyameng	kiighwyagh[N][Abl_Mod][Unpd][Sg]
kiighwyameng	kiighwyagh[N][Rel][4DuPoss][PlPosd]
kiighwyameng	kiighwyagh[N][Rel][4DuPoss][SgPosd]
kiighwyameng	kiighwyagh[N][Rel][4PlPoss][PlPosd]
kiighwyameng	kiighwyagh[N][Rel][4PlPoss][SgPosd]

------------------------
Aqfalangi yuwayut siqlugameng.

aqfalangi	aqfa-~:(u)te[to.V.for.or.with][to.cause.to.V.as.one.is.V-ing][to.V.toward.each.other][V→V][V][Trns][Opt][PRS][1Sg][3Pl]
aqfalangi	aqfa[V][Trns][Opt][PRS][1Sg][3Pl]

yuwayut	yuwayu[N][Abs][Unpd][Pl]
yuwayut	yuwayu[N][Rel][Unpd][Pl]

siqlugameng	siqlugagh[N][Abl_Mod][Unpd][Sg]
siqlugameng	siqlugagh[N][Rel][4DuPoss][PlPosd]
siqlugameng	siqlugagh[N][Rel][4DuPoss][SgPosd]
siqlugameng	siqlugagh[N][Rel][4PlPoss][PlPosd]
siqlugameng	siqlugagh[N][Rel][4PlPoss][SgPosd]

------------------------
Kitum pikakek iingkuk qallevagek

kitum	kitum
kitum	kitum[N][Abs][Unpd][Sg]

pikakek	pi[V][Trns][Cond][3Sg][3Du]

iingkuk	ingeg-~–ke[to.have.as.one's.N(s)][N→V][V][Intr][Ind][3Du]

qallevagek	qallevag[N][Abs][Unpd][Du]
qallevagek	qallevag[N][Rel][Unpd][Du]

------------------------
Ruuseghmiit aglaghtut esghaasameng quutmeng.

ruuseghmiit	Ruuseghmii[N][Abs][Unpd][Pl]
ruuseghmiit	Ruuseghmii[N][Rel][Unpd][Pl]

aglaghtut	aglagh[V][Intr][Ind][3Pl]
aglaghtut	aglagh-te[to.act.on.so.as.to.cause.to.V][V→V][V][Intr][Ind][3Pl]

esghaasameng	esghaate[V][Intr][CnsqI][4Pl]
esghaasameng	esghagh-~:(u)te[to.V.for.or.with][to.cause.to.V.as.one.is.V-ing][to.V.toward.each.other][V→V]-te[to.act.on.so.as.to.cause.to.V][V→V][V][Intr][CnsqI][4Pl]
esghaasameng	esghagh-~:(u)te[to.V.for.or.with][to.cause.to.V.as.one.is.V-ing][to.V.toward.each.other][V→V][V][Intr][CnsqI][4Pl]
esghaasameng	esghagh-~:(u)te[condition.with.respect.to.V-ing][V→N]-te[to.catch.N][to.go.to.N][N→V][V][Intr][CnsqI][4Pl]
esghaasameng	esghagh-~:(u)te[SBJ.V-ed.something][V→V]-te[to.act.on.so.as.to.cause.to.V][V→V][V][Intr][CnsqI][4Pl]
esghaasameng	esghagh-~:(u)te[SBJ.V-ed.something][V→V][V][Intr][CnsqI][4Pl]

quutmeng	qute[N][Abl_Mod][Unpd][Sg]
quutmeng	qute[N][Rel][4DuPoss][PlPosd]
quutmeng	qute[N][Rel][4DuPoss][SgPosd]
quutmeng	qute[N][Rel][4PlPoss][PlPosd]
quutmeng	qute[N][Rel][4PlPoss][SgPosd]

------------------------
Piyaalghaakut taghnughhaanka qavaqata.

piyaalghaakut	piyaa[V][Intr][Opt][FUT][1Pl]

taghnughhaanka	taghnughhagh*[N][Abs][1SgPoss][PlPosd]

qavaqata	qavagh[V][Intr][Cond][3Pl]

------------------------
Apaka maaghraghvinlegneng qikmilguuq.

apaka	apa-~–ke[to.have.as.one's.N(s)][N→V][V][Intr][Intrg][3Sg]
apaka	apa[N][Abs][1SgPoss][SgPosd]

maaghraghvinlegneng	maaghraghvinleg[N][Abl_Mod][Unpd][Pl]

qikmilguuq	qikmigh-–leg[one.having.N][N→N]-~:(ng₁)u[to.be.N][N→V][V][Intr][Ind][3Sg]
qikmilguuq	qikmigh-–lgu[to.have.N][N→V][V][Intr][Ind][3Sg]

------------------------
