Tukuqa neghsameng gaaghaquq.

tukuqa	tukugh-~–ke[to.have.as.one's.N(s)][N→V][V][Intr][Intrg][3Sg]
tukuqa	tukugh[N][Abs][1SgPoss][SgPosd]
tukuqa	tukugh*-~–ke[to.have.as.one's.N(s)][N→V][V][Intr][Intrg][3Sg]
tukuqa	tukugh*[N][Abs][1SgPoss][SgPosd]
tukuqa	tukuqe[V][Intr][Intrg][3Sg]

neghsameng	negh-te[to.act.on.so.as.to.cause.to.V][V→V][V][Intr][CnsqI][4Pl]
neghsameng	neghe-te[to.act.on.so.as.to.cause.to.V][V→V][V][Intr][CnsqI][4Pl]
neghsameng	neghsagh[N][Abl_Mod][Unpd][Sg]
neghsameng	neghsagh[N][Rel][4DuPoss][PlPosd]
neghsameng	neghsagh[N][Rel][4DuPoss][SgPosd]
neghsameng	neghsagh[N][Rel][4PlPoss][PlPosd]
neghsameng	neghsagh[N][Rel][4PlPoss][SgPosd]

gaaghaquq	gaagh-~(g₁)aqe[to.be.V.ing][to.regularly.or.repeatedly.V][V→V][V][Intr][Ind][3Sg]
gaaghaquq	gaaghagh-~–ke[to.have.as.one's.N(s)][N→V][V][Intr][Ind][3Sg]

------------------------
Apan naayghamun mayughyugtuq.

apan	apa[N][Abs][2SgPoss][SgPosd]

naayghamun	Naayghagh[N][Ter][Unpd][Sg]
naayghamun	naayghagh[N][Ter][Unpd][Sg]

mayughyugtuq	mayugh-@₁~fyug[to.want.to.V][V→V][V][Intr][Ind][3Sg]
mayughyugtuq	mayugh-@₁~fyug[to.want.to.V][V→V]-te[to.act.on.so.as.to.cause.to.V][V→V][V][Intr][Ind][3Sg]

------------------------
Unaami aghulaqsugtunga naayvamun.

unaami	unaami
unaami	unaami[N][Abs][Unpd][Sg]
unaami	unaami[V][Intr][Opt][PRS][2Sg]

aghulaqsugtunga	aghulaqe-te[to.act.on.so.as.to.cause.to.V][V→V]-@₁~fyug[to.want.to.V][V→V][V][Intr][Ind][1Sg]
aghulaqsugtunga	aghulaqe-te[to.act.on.so.as.to.cause.to.V][V→V]-@₁~fyug[to.want.to.V][V→V]-te[to.act.on.so.as.to.cause.to.V][V→V][V][Intr][Ind][1Sg]
aghulaqsugtunga	aghulaqe-@₁~fyug[to.want.to.V][V→V][V][Intr][Ind][1Sg]
aghulaqsugtunga	aghulaqe-@₁~fyug[to.want.to.V][V→V]-te[to.act.on.so.as.to.cause.to.V][V→V][V][Intr][Ind][1Sg]

naayvamun	Naayvagh[N][Ter][Unpd][Sg]
naayvamun	naayvagh[N][Ter][Unpd][Sg]

------------------------
Kufi kuuvellequq qulmesiitmeng.

kufi	kufi[N][Abs][Unpd][Sg]

kuuvellequq	kuuve-te[to.act.on.so.as.to.cause.to.V][V→V]-@₁lleqe[will.V][V→V][V][Intr][Ind][3Sg]
kuuvellequq	kuuve-@₁lleqe[will.V][V→V][V][Intr][Ind][3Sg]

qulmesiitmeng	qulmesiite[N][Abl_Mod][Unpd][Sg]
qulmesiitmeng	qulmesiite[N][Rel][4DuPoss][PlPosd]
qulmesiitmeng	qulmesiite[N][Rel][4DuPoss][SgPosd]
qulmesiitmeng	qulmesiite[N][Rel][4PlPoss][PlPosd]
qulmesiitmeng	qulmesiite[N][Rel][4PlPoss][SgPosd]

------------------------
Aanaqukung eslamun.

aanaqukung	aane-~(g₁)aqe[to.be.V.ing][to.regularly.or.repeatedly.V][V→V][V][Intr][Ind][1Du]

eslamun	esla[N][Ter][Unpd][Sg]

------------------------
Aghnaghaat yughaghvigmeng tagiiqut.

aghnaghaat	aghnagh[V][Trns][Ind][3Pl][3Sg]
aghnaghaat	aghnaghagh*[N][Abs][Unpd][Pl]
aghnaghaat	aghnaghagh*[N][Abs][3PlPoss][SgPosd]
aghnaghaat	aghnaghagh*[N][Rel][Unpd][Pl]

yughaghvigmeng	yughaghvig[N][Abl_Mod][Unpd][Sg]
yughaghvigmeng	yughaghvig[N][Rel][4DuPoss][PlPosd]
yughaghvigmeng	yughaghvig[N][Rel][4DuPoss][SgPosd]
yughaghvigmeng	yughaghvig[N][Rel][4PlPoss][PlPosd]
yughaghvigmeng	yughaghvig[N][Rel][4PlPoss][SgPosd]

tagiiqut	tagi-~(g₁)aqe[to.be.V.ing][to.regularly.or.repeatedly.V][V→V][V][Intr][Ind][3Pl]

------------------------
Yuget elngaatall aqavzigmeng inghuyugtut nunivagmi.

yuget	yu(u)g[N][Abs][Unpd][Pl]
yuget	yu(u)g[N][Rel][Unpd][Pl]
yuget	yug[N][Abs][Unpd][Pl]
yuget	yug[N][Rel][Unpd][Pl]

elngaatall	elngaatall

aqavzigmeng	aqavzig[N][Abl_Mod][Unpd][Sg]
aqavzigmeng	aqavzig[N][Rel][4DuPoss][PlPosd]
aqavzigmeng	aqavzig[N][Rel][4DuPoss][SgPosd]
aqavzigmeng	aqavzig[N][Rel][4PlPoss][PlPosd]
aqavzigmeng	aqavzig[N][Rel][4PlPoss][SgPosd]

inghuyugtut	inghu-@₁~fyug[to.want.to.V][V→V][V][Intr][Ind][3Pl]
inghuyugtut	inghu-@₁~fyug[to.want.to.V][V→V]-te[to.act.on.so.as.to.cause.to.V][V→V][V][Intr][Ind][3Pl]
inghuyugtut	inghu-~:(u)te[to.V.for.or.with][to.cause.to.V.as.one.is.V-ing][to.V.toward.each.other][V→V]-@₁~fyug[to.want.to.V][V→V][V][Intr][Ind][3Pl]
inghuyugtut	inghu-~:(u)te[to.V.for.or.with][to.cause.to.V.as.one.is.V-ing][to.V.toward.each.other][V→V]-@₁~fyug[to.want.to.V][V→V]-te[to.act.on.so.as.to.cause.to.V][V→V][V][Intr][Ind][3Pl]
inghuyugtut	inghu-~:(u)te[SBJ.V-ed.something][V→V]-@₁~fyug[to.want.to.V][V→V][V][Intr][Ind][3Pl]
inghuyugtut	inghu-~:(u)te[SBJ.V-ed.something][V→V]-@₁~fyug[to.want.to.V][V→V]-te[to.act.on.so.as.to.cause.to.V][V→V][V][Intr][Ind][3Pl]

nunivagmi	nunivag[N][Loc][Unpd][Sg]
nunivagmi	nunivag[N][Rel][4SgPoss][PlPosd]
nunivagmi	nunivag[N][Rel][4SgPoss][SgPosd]

------------------------
Nayaka qepghaghllequq igaghvigmi.

nayaka	nayag-~–ke[to.have.as.one's.N(s)][N→V][V][Intr][Intrg][3Sg]
nayaka	nayag[N][Abs][1SgPoss][SgPosd]

qepghaghllequq	qepghagh-te[to.act.on.so.as.to.cause.to.V][V→V]-@₁lleqe[will.V][V→V][V][Intr][Ind][3Sg]
qepghaghllequq	qepghagh-@₁lleqe[will.V][V→V][V][Intr][Ind][3Sg]

igaghvigmi	igaghvig[N][Loc][Unpd][Sg]
igaghvigmi	igaghvig[N][Rel][4SgPoss][PlPosd]
igaghvigmi	igaghvig[N][Rel][4SgPoss][SgPosd]

------------------------
Aakan umughqaagaquq.

aakan	aag[V][Intr][Cond][3Sg]

umughqaagaquq	umughqaa-~(g₁)aqe[to.be.V.ing][to.regularly.or.repeatedly.V][V→V][V][Intr][Ind][3Sg]

------------------------
Kaannaqut ighneghten.

kaannaqut	kaate-@₁~fnaqe[to.be.going.to.V][V→V][V][Intr][Ind][3Pl]

ighneghten	ighnegh[N][Abs][2SgPoss][PlPosd]
ighneghten	ighnegh-te[to.catch.N][to.go.to.N][N→V][V][Intr][Opt][PRS][2Sg]
ighneghten	ighnegh[N][Abs][2SgPoss][PlPosd]

------------------------
Ingaghsugtunga.

ingaghsugtunga	ingagh-te[to.catch.N][to.go.to.N][N→V]-@₁~fyug[to.want.to.V][V→V][V][Intr][Ind][1Sg]
ingaghsugtunga	ingagh-te[to.catch.N][to.go.to.N][N→V]-@₁~fyug[to.want.to.V][V→V]-te[to.act.on.so.as.to.cause.to.V][V→V][V][Intr][Ind][1Sg]
ingaghsugtunga	ingaghte-@₁~fyug[to.want.to.V][V→V][V][Intr][Ind][1Sg]
ingaghsugtunga	ingaghte-@₁~fyug[to.want.to.V][V→V]-te[to.act.on.so.as.to.cause.to.V][V→V][V][Intr][Ind][1Sg]

------------------------
Ngelqameng neghellequnga unaami.

ngelqameng	ngelqagh[N][Abl_Mod][Unpd][Sg]
ngelqameng	ngelqagh[N][Rel][4DuPoss][PlPosd]
ngelqameng	ngelqagh[N][Rel][4DuPoss][SgPosd]
ngelqameng	ngelqagh[N][Rel][4PlPoss][PlPosd]
ngelqameng	ngelqagh[N][Rel][4PlPoss][SgPosd]

neghellequnga	neghe-te[to.act.on.so.as.to.cause.to.V][V→V]-@₁lleqe[will.V][V→V][V][Intr][Ind][1Sg]
neghellequnga	neghe-@₁lleqe[will.V][V→V][V][Intr][Ind][1Sg]

unaami	unaami
unaami	unaami[N][Abs][Unpd][Sg]
unaami	unaami[V][Intr][Opt][PRS][2Sg]

------------------------
Tumenka takestaaghhaagut.

tumenka	tum[N][Abs][1SgPoss][PlPosd]
tumenka	tume[N][Abs][1SgPoss][PlPosd]

takestaaghhaagut	takestaagh-–ghhagh*[dear.N][N→N]-~:(ng₁)u[to.be.N][N→V][V][Intr][Ind][3Pl]
takestaaghhaagut	takestaaghhaa[V][Intr][Ind][3Pl]
takestaaghhaagut	takestaaghhagh*-~:(ng₁)u[to.be.N][N→V][V][Intr][Ind][3Pl]

------------------------
Ukigaquq yavluka naayghaghmeng.

ukigaquq	ukig-~(g₁)aqe[to.be.V.ing][to.regularly.or.repeatedly.V][V→V][V][Intr][Ind][3Sg]

yavluka	yavlu-~–ke[to.have.as.one's.N(s)][N→V][V][Intr][Intrg][3Sg]
yavluka	yavlu[N][Abs][1SgPoss][SgPosd]

naayghaghmeng	+?

------------------------
Estugaq Sivuqami mekestaaghhaaguq.

estugaq	estugagh[N][Abs][Unpd][Sg]
estugaq	estugagh*[N][Abs][Unpd][Sg]

sivuqami	Sivuqagh[N][Loc][Unpd][Sg]
sivuqami	Sivuqagh[N][Rel][4SgPoss][PlPosd]
sivuqami	Sivuqagh[N][Rel][4SgPoss][SgPosd]

mekestaaghhaaguq	mekestaagh-–ghhagh*[dear.N][N→N]-~:(ng₁)u[to.be.N][N→V][V][Intr][Ind][3Sg]
mekestaaghhaaguq	mekestaaghhaa[V][Intr][Ind][3Sg]
mekestaaghhaaguq	mekestaaghhagh*-~:(ng₁)u[to.be.N][N→V][V][Intr][Ind][3Sg]

------------------------
Qikmigka papegllalguuk.

qikmigka	qikmigh[N][Abs][1SgPoss][DuPosd]

papegllalguuk	papeg-–ghllag[big.N][N→N]-–leg[one.having.N][N→N]-~:(ng₁)u[to.be.N][N→V][V][Intr][Ind][3Du]
papegllalguuk	papeg-–ghllag[big.N][N→N]-–lgu[to.have.N][N→V][V][Intr][Ind][3Du]

------------------------
