SANQUTNGI AGHVEGHNIIGHEM

sanqutngi	+?

aghveghniighem	+?

------------------------
Qavalghaam Apellgha

qavalghaam	+?

apellgha	+?

------------------------


------------------------
Tamaakut whaa aghveghqutaqaqegkangit tuugkaghllaget, aghveghqutaan'ghisaghtut.

tamaakut	+?

whaa	whaa

aghveghqutaqaqegkangit	aghveghqutagh-~–ke[to.have.as.one's.N(s)][N→V]-~(g₁)aqe[to.be.V.ing][to.regularly.or.repeatedly.V][V→V]-@*@₂~sf–(g₂)k(a)e[the.one.that.possessor.V-ed][V→N][N][Abs][3PlPoss][PlPosd]

tuugkaghllaget	+?

aghveghqutaanghisaghtut	aghveghqutagh-~:(ng₁)u[to.be.N][N→V]-@₁–nghite**[to.not.V][V→V]-te[to.act.on.so.as.to.cause.to.V][V→V]-te[to.act.on.so.as.to.cause.to.V][V→V]-@₁~fyagh[to.go.V-ing][to.V.in.vain][V→V][V][Intr][Ind][3Pl]
aghveghqutaanghisaghtut	aghveghqutagh-~:(ng₁)u[to.be.N][N→V]-@₁–nghite**[to.not.V][V→V]-te[to.act.on.so.as.to.cause.to.V][V→V]-te[to.act.on.so.as.to.cause.to.V][V→V]-@₁~fyagh[to.go.V-ing][to.V.in.vain][V→V]-te[to.act.on.so.as.to.cause.to.V][V→V][V][Intr][Ind][3Pl]
aghveghqutaanghisaghtut	aghveghqutagh-~:(ng₁)u[to.be.N][N→V]-@₁–nghite**[to.not.V][V→V]-te[to.act.on.so.as.to.cause.to.V][V→V]-@₁~fyagh[to.go.V-ing][to.V.in.vain][V→V][V][Intr][Ind][3Pl]
aghveghqutaanghisaghtut	aghveghqutagh-~:(ng₁)u[to.be.N][N→V]-@₁–nghite**[to.not.V][V→V]-te[to.act.on.so.as.to.cause.to.V][V→V]-@₁~fyagh[to.go.V-ing][to.V.in.vain][V→V]-te[to.act.on.so.as.to.cause.to.V][V→V][V][Intr][Ind][3Pl]
aghveghqutaanghisaghtut	aghveghqutagh-~:(ng₁)u[to.be.N][N→V]-@₁–nghite**[to.not.V][V→V]-@₁~fyagh[to.go.V-ing][to.V.in.vain][V→V][V][Intr][Ind][3Pl]
aghveghqutaanghisaghtut	aghveghqutagh-~:(ng₁)u[to.be.N][N→V]-@₁–nghite**[to.not.V][V→V]-@₁~fyagh[to.go.V-ing][to.V.in.vain][V→V]-te[to.act.on.so.as.to.cause.to.V][V→V][V][Intr][Ind][3Pl]

------------------------
Ighlleghutnguniiqiit, ighlleghutmeng aatqut.

ighlleghutnguniiqiit	ighlleghute-~:(ng₁)u[to.be.N][N→V]-@₁~fni[to.say.that.one.is.V-ing][Cmpd_Vbl]-~(g₁)aqe[to.be.V.ing][to.regularly.or.repeatedly.V][V→V]-~i[SBJ.V-ed.something][V→V][V][Intr][Intrg][3Pl]
ighlleghutnguniiqiit	ighlleghute-~:(ng₁)u[to.be.N][N→V]-@₁~fni[to.say.that.one.is.V-ing][Cmpd_Vbl]-~(g₁)aqe[to.be.V.ing][to.regularly.or.repeatedly.V][V→V]-~i[SBJ.V-ed.something][V→V][V][Intr][Ind][3Pl]
ighlleghutnguniiqiit	ighlleghute-~:(ng₁)u[to.be.N][N→V]-@₁~fni[to.say.that.one.is.V-ing][Cmpd_Vbl]-~(g₁)aqe[to.be.V.ing][to.regularly.or.repeatedly.V][V→V][V][Trns][Ind][3Pl][3Pl]
ighlleghutnguniiqiit	ighlleghute-~:(ng₁)u[to.be.N][N→V]-@₁~fni[to.say.that.one.is.V-ing][Cmpd_Vbl]-~(g₁)aqe[to.be.V.ing][to.regularly.or.repeatedly.V][V→V][V][Trns][Ind][3Du][3Sg]
ighlleghutnguniiqiit	ighlleghute-~:(ng₁)u[to.be.N][N→V]-~:(u)te[to.V.for.or.with][to.cause.to.V.as.one.is.V-ing][to.V.toward.each.other][V→V]-@₁~fni[to.say.that.one.is.V-ing][Cmpd_Vbl]-~(g₁)aqe[to.be.V.ing][to.regularly.or.repeatedly.V][V→V]-~i[SBJ.V-ed.something][V→V][V][Intr][Intrg][3Pl]
ighlleghutnguniiqiit	ighlleghute-~:(ng₁)u[to.be.N][N→V]-~:(u)te[to.V.for.or.with][to.cause.to.V.as.one.is.V-ing][to.V.toward.each.other][V→V]-@₁~fni[to.say.that.one.is.V-ing][Cmpd_Vbl]-~(g₁)aqe[to.be.V.ing][to.regularly.or.repeatedly.V][V→V]-~i[SBJ.V-ed.something][V→V][V][Intr][Ind][3Pl]
ighlleghutnguniiqiit	ighlleghute-~:(ng₁)u[to.be.N][N→V]-~:(u)te[to.V.for.or.with][to.cause.to.V.as.one.is.V-ing][to.V.toward.each.other][V→V]-@₁~fni[to.say.that.one.is.V-ing][Cmpd_Vbl]-~(g₁)aqe[to.be.V.ing][to.regularly.or.repeatedly.V][V→V][V][Trns][Ind][3Pl][3Pl]
ighlleghutnguniiqiit	ighlleghute-~:(ng₁)u[to.be.N][N→V]-~:(u)te[to.V.for.or.with][to.cause.to.V.as.one.is.V-ing][to.V.toward.each.other][V→V]-@₁~fni[to.say.that.one.is.V-ing][Cmpd_Vbl]-~(g₁)aqe[to.be.V.ing][to.regularly.or.repeatedly.V][V→V][V][Trns][Ind][3Du][3Sg]
ighlleghutnguniiqiit	ighlleghute-~:(ng₁)u[to.be.N][N→V]-~:(u)te[SBJ.V-ed.something][V→V]-@₁~fni[to.say.that.one.is.V-ing][Cmpd_Vbl]-~(g₁)aqe[to.be.V.ing][to.regularly.or.repeatedly.V][V→V]-~i[SBJ.V-ed.something][V→V][V][Intr][Intrg][3Pl]
ighlleghutnguniiqiit	ighlleghute-~:(ng₁)u[to.be.N][N→V]-~:(u)te[SBJ.V-ed.something][V→V]-@₁~fni[to.say.that.one.is.V-ing][Cmpd_Vbl]-~(g₁)aqe[to.be.V.ing][to.regularly.or.repeatedly.V][V→V]-~i[SBJ.V-ed.something][V→V][V][Intr][Ind][3Pl]
ighlleghutnguniiqiit	ighlleghute-~:(ng₁)u[to.be.N][N→V]-~:(u)te[SBJ.V-ed.something][V→V]-@₁~fni[to.say.that.one.is.V-ing][Cmpd_Vbl]-~(g₁)aqe[to.be.V.ing][to.regularly.or.repeatedly.V][V→V][V][Trns][Ind][3Pl][3Pl]
ighlleghutnguniiqiit	ighlleghute-~:(ng₁)u[to.be.N][N→V]-~:(u)te[SBJ.V-ed.something][V→V]-@₁~fni[to.say.that.one.is.V-ing][Cmpd_Vbl]-~(g₁)aqe[to.be.V.ing][to.regularly.or.repeatedly.V][V→V][V][Trns][Ind][3Du][3Sg]

ighlleghutmeng	ighlleghute[N][Rel][4DuPoss][SgPosd]
ighlleghutmeng	ighlleghute[N][Rel][4DuPoss][PlPosd]
ighlleghutmeng	ighlleghute[N][Rel][4PlPoss][SgPosd]
ighlleghutmeng	ighlleghute[N][Rel][4PlPoss][PlPosd]
ighlleghutmeng	ighlleghute[N][Abl_Mod][Unpd][Sg]

aatqut	ategh-~–ke[to.have.as.one's.N(s)][N→V][V][Intr][Ind][3Pl]
aatqut	Ategh-~–ke[to.have.as.one's.N(s)][N→V][V][Intr][Ind][3Pl]

------------------------
Elngaatall aghveghqutan'nguq esghha taakut uyghaget, ighlleghutem savigtii.

elngaatall	elngaatall

aghveghqutannguq	+?

esghha	+?

taakut	taake[V][Intr][Ind][3Pl]

uyghaget	uyghag[N][Abs][Unpd][Pl]
uyghaget	uyghag[N][Rel][Unpd][Pl]

ighlleghutem	ighlleghute[N][Rel][Unpd][Sg]

savigtii	Savig-te[to.catch.N][to.go.to.N][N→V]-~i[SBJ.V-ed.something][V→V]-~i[SBJ.V-ed.something][V→V]-~i[SBJ.V-ed.something][V→V]-~i[SBJ.V-ed.something][V→V]-~i[SBJ.V-ed.something][V→V]-~i[SBJ.V-ed.something][V→V][V][Intr][Opt][PRS][2Sg]
savigtii	Savig-te[to.catch.N][to.go.to.N][N→V]-~i[SBJ.V-ed.something][V→V]-~i[SBJ.V-ed.something][V→V]-~i[SBJ.V-ed.something][V→V]-~i[SBJ.V-ed.something][V→V]-~i[SBJ.V-ed.something][V→V][V][Intr][Opt][PRS][2Sg]
savigtii	Savig-te[to.catch.N][to.go.to.N][N→V]-~i[SBJ.V-ed.something][V→V]-~i[SBJ.V-ed.something][V→V]-~i[SBJ.V-ed.something][V→V]-~i[SBJ.V-ed.something][V→V][V][Intr][Opt][PRS][2Sg]
savigtii	Savig-te[to.catch.N][to.go.to.N][N→V]-~i[SBJ.V-ed.something][V→V]-~i[SBJ.V-ed.something][V→V]-~i[SBJ.V-ed.something][V→V][V][Intr][Opt][PRS][2Sg]
savigtii	Savig-te[to.catch.N][to.go.to.N][N→V]-~i[SBJ.V-ed.something][V→V]-~i[SBJ.V-ed.something][V→V][V][Intr][Opt][PRS][2Sg]
savigtii	Savig-te[to.catch.N][to.go.to.N][N→V]-~i[SBJ.V-ed.something][V→V][V][Intr][Intrg][3Sg]
savigtii	Savig-ti[to.speak.the.language.of.N][N→V]-~i[SBJ.V-ed.something][V→V]-~i[SBJ.V-ed.something][V→V]-~i[SBJ.V-ed.something][V→V]-~i[SBJ.V-ed.something][V→V]-~i[SBJ.V-ed.something][V→V]-~i[SBJ.V-ed.something][V→V][V][Intr][Opt][PRS][2Sg]
savigtii	Savig-ti[to.speak.the.language.of.N][N→V]-~i[SBJ.V-ed.something][V→V]-~i[SBJ.V-ed.something][V→V]-~i[SBJ.V-ed.something][V→V]-~i[SBJ.V-ed.something][V→V]-~i[SBJ.V-ed.something][V→V][V][Intr][Opt][PRS][2Sg]
savigtii	Savig-ti[to.speak.the.language.of.N][N→V]-~i[SBJ.V-ed.something][V→V]-~i[SBJ.V-ed.something][V→V]-~i[SBJ.V-ed.something][V→V]-~i[SBJ.V-ed.something][V→V][V][Intr][Opt][PRS][2Sg]
savigtii	Savig-ti[to.speak.the.language.of.N][N→V]-~i[SBJ.V-ed.something][V→V]-~i[SBJ.V-ed.something][V→V]-~i[SBJ.V-ed.something][V→V][V][Intr][Opt][PRS][2Sg]
savigtii	Savig-ti[to.speak.the.language.of.N][N→V]-~i[SBJ.V-ed.something][V→V]-~i[SBJ.V-ed.something][V→V][V][Intr][Opt][PRS][2Sg]
savigtii	Savig-ti[to.speak.the.language.of.N][N→V]-~i[SBJ.V-ed.something][V→V][V][Intr][Opt][PRS][2Sg]
savigtii	Savig-ti[to.speak.the.language.of.N][N→V][V][Intr][Intrg][3Sg]
savigtii	savigtagh-~:(ng₁)u[to.be.N][N→V]-~i[SBJ.V-ed.something][V→V]-~i[SBJ.V-ed.something][V→V]-~i[SBJ.V-ed.something][V→V]-~i[SBJ.V-ed.something][V→V]-~i[SBJ.V-ed.something][V→V][V][Intr][Opt][PRS][2Sg]
savigtii	savigtagh-~:(ng₁)u[to.be.N][N→V]-~i[SBJ.V-ed.something][V→V]-~i[SBJ.V-ed.something][V→V]-~i[SBJ.V-ed.something][V→V]-~i[SBJ.V-ed.something][V→V][V][Intr][Opt][PRS][2Sg]
savigtii	savigtagh-~:(ng₁)u[to.be.N][N→V]-~i[SBJ.V-ed.something][V→V]-~i[SBJ.V-ed.something][V→V]-~i[SBJ.V-ed.something][V→V][V][Intr][Opt][PRS][2Sg]
savigtii	savigtagh-~:(ng₁)u[to.be.N][N→V]-~i[SBJ.V-ed.something][V→V]-~i[SBJ.V-ed.something][V→V][V][Intr][Opt][PRS][2Sg]
savigtii	savigtagh-~:(ng₁)u[to.be.N][N→V]-~i[SBJ.V-ed.something][V→V][V][Intr][Opt][PRS][2Sg]
savigtii	savigtagh[N][Abs][3SgPoss][PlPosd]
savigtii	savig-te[to.catch.N][to.go.to.N][N→V]-~i[SBJ.V-ed.something][V→V]-~i[SBJ.V-ed.something][V→V]-~i[SBJ.V-ed.something][V→V]-~i[SBJ.V-ed.something][V→V]-~i[SBJ.V-ed.something][V→V]-~i[SBJ.V-ed.something][V→V][V][Intr][Opt][PRS][2Sg]
savigtii	savig-te[to.catch.N][to.go.to.N][N→V]-~i[SBJ.V-ed.something][V→V]-~i[SBJ.V-ed.something][V→V]-~i[SBJ.V-ed.something][V→V]-~i[SBJ.V-ed.something][V→V]-~i[SBJ.V-ed.something][V→V][V][Intr][Opt][PRS][2Sg]
savigtii	savig-te[to.catch.N][to.go.to.N][N→V]-~i[SBJ.V-ed.something][V→V]-~i[SBJ.V-ed.something][V→V]-~i[SBJ.V-ed.something][V→V]-~i[SBJ.V-ed.something][V→V][V][Intr][Opt][PRS][2Sg]
savigtii	savig-te[to.catch.N][to.go.to.N][N→V]-~i[SBJ.V-ed.something][V→V]-~i[SBJ.V-ed.something][V→V]-~i[SBJ.V-ed.something][V→V][V][Intr][Opt][PRS][2Sg]
savigtii	savig-te[to.catch.N][to.go.to.N][N→V]-~i[SBJ.V-ed.something][V→V]-~i[SBJ.V-ed.something][V→V][V][Intr][Opt][PRS][2Sg]
savigtii	savig-te[to.catch.N][to.go.to.N][N→V]-~i[SBJ.V-ed.something][V→V][V][Intr][Intrg][3Sg]
savigtii	savig-ti[to.speak.the.language.of.N][N→V]-~i[SBJ.V-ed.something][V→V]-~i[SBJ.V-ed.something][V→V]-~i[SBJ.V-ed.something][V→V]-~i[SBJ.V-ed.something][V→V]-~i[SBJ.V-ed.something][V→V]-~i[SBJ.V-ed.something][V→V][V][Intr][Opt][PRS][2Sg]
savigtii	savig-ti[to.speak.the.language.of.N][N→V]-~i[SBJ.V-ed.something][V→V]-~i[SBJ.V-ed.something][V→V]-~i[SBJ.V-ed.something][V→V]-~i[SBJ.V-ed.something][V→V]-~i[SBJ.V-ed.something][V→V][V][Intr][Opt][PRS][2Sg]
savigtii	savig-ti[to.speak.the.language.of.N][N→V]-~i[SBJ.V-ed.something][V→V]-~i[SBJ.V-ed.something][V→V]-~i[SBJ.V-ed.something][V→V]-~i[SBJ.V-ed.something][V→V][V][Intr][Opt][PRS][2Sg]
savigtii	savig-ti[to.speak.the.language.of.N][N→V]-~i[SBJ.V-ed.something][V→V]-~i[SBJ.V-ed.something][V→V]-~i[SBJ.V-ed.something][V→V][V][Intr][Opt][PRS][2Sg]
savigtii	savig-ti[to.speak.the.language.of.N][N→V]-~i[SBJ.V-ed.something][V→V]-~i[SBJ.V-ed.something][V→V][V][Intr][Opt][PRS][2Sg]
savigtii	savig-ti[to.speak.the.language.of.N][N→V]-~i[SBJ.V-ed.something][V→V][V][Intr][Opt][PRS][2Sg]
savigtii	savig-ti[to.speak.the.language.of.N][N→V][V][Intr][Intrg][3Sg]

------------------------


------------------------
Tuugkaatqun giimalgulghiit whaa kinguliighaam tuugkii saviken'ghaaghmeng.

tuugkaatqun	+?

giimalgulghiit	+?

whaa	whaa

kinguliighaam	+?

tuugkii	+?

savikenghaaghmeng	savikenghaagh[N][Rel][4DuPoss][SgPosd]
savikenghaaghmeng	savikenghaagh[N][Rel][4DuPoss][PlPosd]
savikenghaaghmeng	savikenghaagh[N][Rel][4PlPoss][SgPosd]
savikenghaaghmeng	savikenghaagh[N][Rel][4PlPoss][PlPosd]
savikenghaaghmeng	savikenghaagh[N][Abl_Mod][Unpd][Sg]

------------------------
Ighlleghutnguut tuugkaghllaget taakut.

ighlleghutnguut	ighlleghute-~:(ng₁)u[to.be.N][N→V][V][Intr][Ind][3Pl]

tuugkaghllaget	+?

taakut	taake[V][Intr][Ind][3Pl]

------------------------
Taakut elngaatall uyghaget ugmestaaghhaat aghveghqutaagut.

taakut	taake[V][Intr][Ind][3Pl]

elngaatall	elngaatall

uyghaget	uyghag[N][Abs][Unpd][Pl]
uyghaget	uyghag[N][Rel][Unpd][Pl]

ugmestaaghhaat	ugmestaaghhagh*[N][Abs][Unpd][Pl]
ugmestaaghhaat	ugmestaaghhagh*[N][Abs][3PlPoss][SgPosd]
ugmestaaghhaat	ugmestaaghhagh*[N][Rel][Unpd][Pl]

aghveghqutaagut	aghveghqutagh-~:(ng₁)u[to.be.N][N→V][V][Intr][Ind][3Pl]

------------------------
Ukimallellgaawaqut ilangi.

ukimallellgaawaqut	+?

ilangi	ila[N][Abs][3SgPoss][PlPosd]

------------------------
Sivuyagtem quunpeng nasami nungightengakun petugluki, un'gaani.

sivuyagtem	+?

quunpeng	quunpeng

nasami	nasagh[N][Loc][Unpd][Sg]
nasami	nasagh[N][Rel][4SgPoss][SgPosd]
nasami	nasagh[N][Rel][4SgPoss][PlPosd]

nungightengakun	+?

petugluki	+?

ungaani	+?

------------------------
Nelegtengngwaaghpenaki whavek ighlleghutmun, sigiqnayukamiki kelengakem angtalnganeng.

nelegtengngwaaghpenaki	+?

whavek	whavek

ighlleghutmun	ighlleghute[N][Ter][Unpd][Sg]

sigiqnayukamiki	+?

kelengakem	+?

angtalnganeng	+?

------------------------
Wetku whaa aghveghmeng pinaqneghmeggni neleglluki pikayugiit.

wetku	wetku

whaa	whaa

aghveghmeng	aghvegh[N][Rel][4DuPoss][SgPosd]
aghveghmeng	aghvegh[N][Rel][4DuPoss][PlPosd]
aghveghmeng	aghvegh[N][Rel][4PlPoss][SgPosd]
aghveghmeng	aghvegh[N][Rel][4PlPoss][PlPosd]
aghveghmeng	aghvegh[N][Abl_Mod][Unpd][Sg]

pinaqneghmeggni	+?

neleglluki	+?

pikayugiit	pi-~–kayugu[to.be.able.to.V][V→V][V][Trns][Ind][3Pl][3Pl]
pikayugiit	pi-~–kayugu[to.be.able.to.V][V→V][V][Trns][Ind][3Du][3Sg]

------------------------


------------------------
Enkaam taakwegkut ighlleghutem kiwakaghaanilnguut amalka giimaghllaguut, kuukghuniiqiit.

enkaam	enkaam

taakwegkut	+?

ighlleghutem	ighlleghute[N][Rel][Unpd][Sg]

kiwakaghaanilnguut	+?

amalka	amalka

giimaghllaguut	+?

kuukghuniiqiit	kuukegh-~:(ng₁)u[to.be.N][N→V]-@₁~fni[to.say.that.one.is.V-ing][Cmpd_Vbl]-~(g₁)aqe[to.be.V.ing][to.regularly.or.repeatedly.V][V→V]-~i[SBJ.V-ed.something][V→V][V][Intr][Intrg][3Pl]
kuukghuniiqiit	kuukegh-~:(ng₁)u[to.be.N][N→V]-@₁~fni[to.say.that.one.is.V-ing][Cmpd_Vbl]-~(g₁)aqe[to.be.V.ing][to.regularly.or.repeatedly.V][V→V]-~i[SBJ.V-ed.something][V→V][V][Intr][Ind][3Pl]
kuukghuniiqiit	kuukegh-~:(ng₁)u[to.be.N][N→V]-@₁~fni[to.say.that.one.is.V-ing][Cmpd_Vbl]-~(g₁)aqe[to.be.V.ing][to.regularly.or.repeatedly.V][V→V][V][Trns][Ind][3Pl][3Pl]
kuukghuniiqiit	kuukegh-~:(ng₁)u[to.be.N][N→V]-@₁~fni[to.say.that.one.is.V-ing][Cmpd_Vbl]-~(g₁)aqe[to.be.V.ing][to.regularly.or.repeatedly.V][V→V][V][Trns][Ind][3Du][3Sg]
kuukghuniiqiit	kuukegh-~:(ng₁)u[to.be.N][N→V]-~:(u)te[to.V.for.or.with][to.cause.to.V.as.one.is.V-ing][to.V.toward.each.other][V→V]-@₁~fni[to.say.that.one.is.V-ing][Cmpd_Vbl]-~(g₁)aqe[to.be.V.ing][to.regularly.or.repeatedly.V][V→V]-~i[SBJ.V-ed.something][V→V][V][Intr][Intrg][3Pl]
kuukghuniiqiit	kuukegh-~:(ng₁)u[to.be.N][N→V]-~:(u)te[to.V.for.or.with][to.cause.to.V.as.one.is.V-ing][to.V.toward.each.other][V→V]-@₁~fni[to.say.that.one.is.V-ing][Cmpd_Vbl]-~(g₁)aqe[to.be.V.ing][to.regularly.or.repeatedly.V][V→V]-~i[SBJ.V-ed.something][V→V][V][Intr][Ind][3Pl]
kuukghuniiqiit	kuukegh-~:(ng₁)u[to.be.N][N→V]-~:(u)te[to.V.for.or.with][to.cause.to.V.as.one.is.V-ing][to.V.toward.each.other][V→V]-@₁~fni[to.say.that.one.is.V-ing][Cmpd_Vbl]-~(g₁)aqe[to.be.V.ing][to.regularly.or.repeatedly.V][V→V][V][Trns][Ind][3Pl][3Pl]
kuukghuniiqiit	kuukegh-~:(ng₁)u[to.be.N][N→V]-~:(u)te[to.V.for.or.with][to.cause.to.V.as.one.is.V-ing][to.V.toward.each.other][V→V]-@₁~fni[to.say.that.one.is.V-ing][Cmpd_Vbl]-~(g₁)aqe[to.be.V.ing][to.regularly.or.repeatedly.V][V→V][V][Trns][Ind][3Du][3Sg]
kuukghuniiqiit	kuukegh-~:(ng₁)u[to.be.N][N→V]-~:(u)te[SBJ.V-ed.something][V→V]-@₁~fni[to.say.that.one.is.V-ing][Cmpd_Vbl]-~(g₁)aqe[to.be.V.ing][to.regularly.or.repeatedly.V][V→V]-~i[SBJ.V-ed.something][V→V][V][Intr][Intrg][3Pl]
kuukghuniiqiit	kuukegh-~:(ng₁)u[to.be.N][N→V]-~:(u)te[SBJ.V-ed.something][V→V]-@₁~fni[to.say.that.one.is.V-ing][Cmpd_Vbl]-~(g₁)aqe[to.be.V.ing][to.regularly.or.repeatedly.V][V→V]-~i[SBJ.V-ed.something][V→V][V][Intr][Ind][3Pl]
kuukghuniiqiit	kuukegh-~:(ng₁)u[to.be.N][N→V]-~:(u)te[SBJ.V-ed.something][V→V]-@₁~fni[to.say.that.one.is.V-ing][Cmpd_Vbl]-~(g₁)aqe[to.be.V.ing][to.regularly.or.repeatedly.V][V→V][V][Trns][Ind][3Pl][3Pl]
kuukghuniiqiit	kuukegh-~:(ng₁)u[to.be.N][N→V]-~:(u)te[SBJ.V-ed.something][V→V]-@₁~fni[to.say.that.one.is.V-ing][Cmpd_Vbl]-~(g₁)aqe[to.be.V.ing][to.regularly.or.repeatedly.V][V→V][V][Trns][Ind][3Du][3Sg]

------------------------
Angtughpin'ghaghllaget nuvugyugsaqat whavek ighlleghutem tunutanganun.

angtughpinghaghllaget	+?

nuvugyugsaqat	+?

whavek	whavek

ighlleghutem	ighlleghute[N][Rel][Unpd][Sg]

tunutanganun	+?

------------------------
Kuuket amalka tungii.

kuuket	+?

amalka	amalka

tungii	+?

------------------------
Amenqun saavget maakut tungilget.

amenqun	amenqun

saavget	saveg[N][Abs][Unpd][Pl]
saavget	saveg[N][Rel][Unpd][Pl]

maakut	maakut
maakut	maakut[N][Abs][Unpd][Sg]

tungilget	+?

------------------------
Tamaananguut.

tamaananguut	+?

------------------------
Kuukghuniiqiit.

kuukghuniiqiit	kuukegh-~:(ng₁)u[to.be.N][N→V]-@₁~fni[to.say.that.one.is.V-ing][Cmpd_Vbl]-~(g₁)aqe[to.be.V.ing][to.regularly.or.repeatedly.V][V→V]-~i[SBJ.V-ed.something][V→V][V][Intr][Intrg][3Pl]
kuukghuniiqiit	kuukegh-~:(ng₁)u[to.be.N][N→V]-@₁~fni[to.say.that.one.is.V-ing][Cmpd_Vbl]-~(g₁)aqe[to.be.V.ing][to.regularly.or.repeatedly.V][V→V]-~i[SBJ.V-ed.something][V→V][V][Intr][Ind][3Pl]
kuukghuniiqiit	kuukegh-~:(ng₁)u[to.be.N][N→V]-@₁~fni[to.say.that.one.is.V-ing][Cmpd_Vbl]-~(g₁)aqe[to.be.V.ing][to.regularly.or.repeatedly.V][V→V][V][Trns][Ind][3Pl][3Pl]
kuukghuniiqiit	kuukegh-~:(ng₁)u[to.be.N][N→V]-@₁~fni[to.say.that.one.is.V-ing][Cmpd_Vbl]-~(g₁)aqe[to.be.V.ing][to.regularly.or.repeatedly.V][V→V][V][Trns][Ind][3Du][3Sg]
kuukghuniiqiit	kuukegh-~:(ng₁)u[to.be.N][N→V]-~:(u)te[to.V.for.or.with][to.cause.to.V.as.one.is.V-ing][to.V.toward.each.other][V→V]-@₁~fni[to.say.that.one.is.V-ing][Cmpd_Vbl]-~(g₁)aqe[to.be.V.ing][to.regularly.or.repeatedly.V][V→V]-~i[SBJ.V-ed.something][V→V][V][Intr][Intrg][3Pl]
kuukghuniiqiit	kuukegh-~:(ng₁)u[to.be.N][N→V]-~:(u)te[to.V.for.or.with][to.cause.to.V.as.one.is.V-ing][to.V.toward.each.other][V→V]-@₁~fni[to.say.that.one.is.V-ing][Cmpd_Vbl]-~(g₁)aqe[to.be.V.ing][to.regularly.or.repeatedly.V][V→V]-~i[SBJ.V-ed.something][V→V][V][Intr][Ind][3Pl]
kuukghuniiqiit	kuukegh-~:(ng₁)u[to.be.N][N→V]-~:(u)te[to.V.for.or.with][to.cause.to.V.as.one.is.V-ing][to.V.toward.each.other][V→V]-@₁~fni[to.say.that.one.is.V-ing][Cmpd_Vbl]-~(g₁)aqe[to.be.V.ing][to.regularly.or.repeatedly.V][V→V][V][Trns][Ind][3Pl][3Pl]
kuukghuniiqiit	kuukegh-~:(ng₁)u[to.be.N][N→V]-~:(u)te[to.V.for.or.with][to.cause.to.V.as.one.is.V-ing][to.V.toward.each.other][V→V]-@₁~fni[to.say.that.one.is.V-ing][Cmpd_Vbl]-~(g₁)aqe[to.be.V.ing][to.regularly.or.repeatedly.V][V→V][V][Trns][Ind][3Du][3Sg]
kuukghuniiqiit	kuukegh-~:(ng₁)u[to.be.N][N→V]-~:(u)te[SBJ.V-ed.something][V→V]-@₁~fni[to.say.that.one.is.V-ing][Cmpd_Vbl]-~(g₁)aqe[to.be.V.ing][to.regularly.or.repeatedly.V][V→V]-~i[SBJ.V-ed.something][V→V][V][Intr][Intrg][3Pl]
kuukghuniiqiit	kuukegh-~:(ng₁)u[to.be.N][N→V]-~:(u)te[SBJ.V-ed.something][V→V]-@₁~fni[to.say.that.one.is.V-ing][Cmpd_Vbl]-~(g₁)aqe[to.be.V.ing][to.regularly.or.repeatedly.V][V→V]-~i[SBJ.V-ed.something][V→V][V][Intr][Ind][3Pl]
kuukghuniiqiit	kuukegh-~:(ng₁)u[to.be.N][N→V]-~:(u)te[SBJ.V-ed.something][V→V]-@₁~fni[to.say.that.one.is.V-ing][Cmpd_Vbl]-~(g₁)aqe[to.be.V.ing][to.regularly.or.repeatedly.V][V→V][V][Trns][Ind][3Pl][3Pl]
kuukghuniiqiit	kuukegh-~:(ng₁)u[to.be.N][N→V]-~:(u)te[SBJ.V-ed.something][V→V]-@₁~fni[to.say.that.one.is.V-ing][Cmpd_Vbl]-~(g₁)aqe[to.be.V.ing][to.regularly.or.repeatedly.V][V→V][V][Trns][Ind][3Du][3Sg]

------------------------


------------------------
Elngaatall uniilliighaghsaaqat tukaghtes taakut.

elngaatall	elngaatall

uniilliighaghsaaqat	+?

tukaghtes	+?

taakut	taake[V][Intr][Ind][3Pl]

------------------------
Peghngaghmeng nuuvulluteng taaggun, peghngaghllagmeng tuutgulluteng kakitutkat saviigat maklaget tapghaghrakaaqegkangit maaten.

peghngaghmeng	+?

nuuvulluteng	+?

taaggun	+?

peghngaghllagmeng	+?

tuutgulluteng	+?

kakitutkat	kaki-~:(u)te[to.V.for.or.with][to.cause.to.V.as.one.is.V-ing][to.V.toward.each.other][V→V]-~:(u)te[condition.with.respect.to.V-ing][V→N]-~–ke[to.have.as.one's.N(s)][N→V][V][Intr][Intrg][3Pl]
kakitutkat	kaki-~:(u)te[SBJ.V-ed.something][V→V]-~:(u)te[condition.with.respect.to.V-ing][V→N]-~–ke[to.have.as.one's.N(s)][N→V][V][Intr][Intrg][3Pl]
kakitutkat	kaki-te[to.act.on.so.as.to.cause.to.V][V→V]-~:(u)te[condition.with.respect.to.V-ing][V→N]-~–ke[to.have.as.one's.N(s)][N→V][V][Intr][Intrg][3Pl]
kakitutkat	kaki-te[to.catch.N][to.go.to.N][N→V]-~:(u)te[condition.with.respect.to.V-ing][V→N]-~–ke[to.have.as.one's.N(s)][N→V][V][Intr][Intrg][3Pl]

saviigat	savigh-~:(ng₁)u[to.be.N][N→V]-~i[SBJ.V-ed.something][V→V]-~i[SBJ.V-ed.something][V→V]-~i[SBJ.V-ed.something][V→V]-~i[SBJ.V-ed.something][V→V]-~i[SBJ.V-ed.something][V→V][V][Intr][Intrg][3Pl]
saviigat	savigh-~:(ng₁)u[to.be.N][N→V]-~i[SBJ.V-ed.something][V→V]-~i[SBJ.V-ed.something][V→V]-~i[SBJ.V-ed.something][V→V]-~i[SBJ.V-ed.something][V→V][V][Intr][Intrg][3Pl]
saviigat	savigh-~:(ng₁)u[to.be.N][N→V]-~i[SBJ.V-ed.something][V→V]-~i[SBJ.V-ed.something][V→V]-~i[SBJ.V-ed.something][V→V][V][Intr][Intrg][3Pl]
saviigat	savigh-~:(ng₁)u[to.be.N][N→V]-~i[SBJ.V-ed.something][V→V]-~i[SBJ.V-ed.something][V→V][V][Intr][Intrg][3Pl]
saviigat	savigh-~:(ng₁)u[to.be.N][N→V]-~i[SBJ.V-ed.something][V→V][V][Intr][Intrg][3Pl]
saviigat	saviigagh[N][Abs][Unpd][Pl]
saviigat	saviigagh[N][Rel][Unpd][Pl]
saviigat	savigh-~:(ng₁)u[to.be.N][N→V][V][Intr][Intrg][3Pl]

maklaget	Maklag[N][Abs][Unpd][Pl]
maklaget	Maklag[N][Rel][Unpd][Pl]
maklaget	maklag[N][Abs][Unpd][Pl]
maklaget	maklag[N][Rel][Unpd][Pl]

tapghaghrakaaqegkangit	+?

maaten	maaten
maaten	maatete[N][Abs][Unpd][Sg]

------------------------
Kingwaaghuut aatghi.

kingwaaghuut	kingwaagh-~:(ng₁)u[to.be.N][N→V][V][Intr][Ind][3Pl]

aatghi	ategh[N][Abs][3SgPoss][PlPosd]
aatghi	Ategh[N][Abs][3SgPoss][PlPosd]

------------------------
Taakut tukaghtenguftun'nguq tawaten tuutgutkat uniilliighaghsaqat awataghpagmun taalegmun ayuqelghiit.

taakut	taake[V][Intr][Ind][3Pl]

tukaghtenguftunnguq	+?

tawaten	tawaten

tuutgutkat	+?

uniilliighaghsaqat	+?

awataghpagmun	awataghpag[N][Ter][Unpd][Sg]

taalegmun	taaleg[N][Ter][Unpd][Sg]

ayuqelghiit	+?

------------------------


------------------------
Elngaatall kukegmun tawavek aatesluku, taaggun putuluteng keniqaatelguniiqii, amalka tekeghmigutestun ayuqelghiit.

elngaatall	elngaatall

kukegmun	+?

tawavek	+?

aatesluku	aate-(te)ste[to.have.make.or.let.one.V][Cmpd_Vbl]-te[to.act.on.so.as.to.cause.to.V][V→V][V][Trns][Sbrd][_][3Sg]
aatesluku	aate-(te)ste[to.have.make.or.let.one.V][Cmpd_Vbl][V][Trns][Sbrd][_][3Sg]

taaggun	+?

putuluteng	+?

keniqaatelguniiqii	kenigh-~sf–(g₃)kau[to.have.V-ed][to.have.been.V-ed][V→V]-~:(u)te[condition.with.respect.to.V-ing][V→N]-–leg[one.having.N][N→N]-~:(ng₁)u[to.be.N][N→V]-@₁~fni[to.say.that.one.is.V-ing][Cmpd_Vbl]-~(g₁)aqe[to.be.V.ing][to.regularly.or.repeatedly.V][V→V][V][Trns][Ind][3Sg][3Pl]
keniqaatelguniiqii	kenigh-~sf–(g₃)kau[to.have.V-ed][to.have.been.V-ed][V→V]-~:(u)te[condition.with.respect.to.V-ing][V→N]-–lgu[to.have.N][N→V]-@₁~fni[to.say.that.one.is.V-ing][Cmpd_Vbl]-~(g₁)aqe[to.be.V.ing][to.regularly.or.repeatedly.V][V→V]-~i[SBJ.V-ed.something][V→V]-~i[SBJ.V-ed.something][V→V][V][Intr][Opt][PRS][2Sg]
keniqaatelguniiqii	kenigh-~sf–(g₃)kau[to.have.V-ed][to.have.been.V-ed][V→V]-~:(u)te[condition.with.respect.to.V-ing][V→N]-–lgu[to.have.N][N→V]-@₁~fni[to.say.that.one.is.V-ing][Cmpd_Vbl]-~(g₁)aqe[to.be.V.ing][to.regularly.or.repeatedly.V][V→V][V][Trns][Ind][3Sg][3Pl]
keniqaatelguniiqii	kenigh-~sf–(g₃)kau[to.have.V-ed][to.have.been.V-ed][V→V]-~:(u)te[condition.with.respect.to.V-ing][V→N]-–lgu[to.have.N][N→V]-~:(u)te[to.V.for.or.with][to.cause.to.V.as.one.is.V-ing][to.V.toward.each.other][V→V]-@₁~fni[to.say.that.one.is.V-ing][Cmpd_Vbl]-~(g₁)aqe[to.be.V.ing][to.regularly.or.repeatedly.V][V→V][V][Trns][Ind][3Sg][3Pl]
keniqaatelguniiqii	kenigh-~sf–(g₃)kau[to.have.V-ed][to.have.been.V-ed][V→V]-~:(u)te[condition.with.respect.to.V-ing][V→N]-–lgu[to.have.N][N→V]-~:(u)te[SBJ.V-ed.something][V→V]-@₁~fni[to.say.that.one.is.V-ing][Cmpd_Vbl]-~(g₁)aqe[to.be.V.ing][to.regularly.or.repeatedly.V][V→V][V][Trns][Ind][3Sg][3Pl]

amalka	amalka

tekeghmigutestun	+?

ayuqelghiit	+?

------------------------
Uun'ghaam ilangi tekeghmigutelguut.

uunghaam	uunghagh*[N][Rel][Unpd][Sg]

ilangi	ila[N][Abs][3SgPoss][PlPosd]

tekeghmigutelguut	+?

------------------------


------------------------
Elngaatall uglaalluki nenglluki tawavek keniqaatmun aatesqaghtaqiit, uglaalluki nenglluki.

elngaatall	elngaatall

uglaalluki	+?

nenglluki	+?

tawavek	+?

keniqaatmun	kenigh-~sf–(g₃)kau[to.have.V-ed][to.have.been.V-ed][V→V]-~:(u)te[condition.with.respect.to.V-ing][V→N][N][Ter][Unpd][Sg]

aatesqaghtaqiit	+?

uglaalluki	+?

nenglluki	+?

------------------------
Elngaatall quunpeng taakut taawa tawantaqut upen'ghalqusiq.

elngaatall	elngaatall

quunpeng	quunpeng

taakut	taake[V][Intr][Ind][3Pl]

taawa	taawa

tawantaqut	+?

upenghalqusiq	+?

------------------------
Ayagmun tawavek kumlumun nemghutkamun aatesneghmegteki uglaalluki, taawa quunpeng nelgaqut peskugsigatut, quunpeng tawantaqut.

ayagmun	ayag[N][Ter][Unpd][Sg]

tawavek	+?

kumlumun	kumlu[N][Ter][Unpd][Sg]

nemghutkamun	+?

aatesneghmegteki	aate-(te)ste[to.have.make.or.let.one.V][Cmpd_Vbl]-te[to.act.on.so.as.to.cause.to.V][V→V][V][Trns][Ctmp][4Pl][3Pl]
aatesneghmegteki	aate-(te)ste[to.have.make.or.let.one.V][Cmpd_Vbl][V][Trns][Ctmp][4Pl][3Pl]

uglaalluki	+?

taawa	taawa

quunpeng	quunpeng

nelgaqut	+?

peskugsigatut	+?

quunpeng	quunpeng

tawantaqut	+?

------------------------


------------------------
Quunpeng kenneghmeggni, saavgumiighwaaghluteng amalka, taawa taakut quunpeng aatezngalghiit ayagmun ayuqelghiit. 

quunpeng	quunpeng

kenneghmeggni	+?

saavgumiighwaaghluteng	+?

amalka	amalka

taawa	taawa

taakut	taake[V][Intr][Ind][3Pl]

quunpeng	quunpeng

aatezngalghiit	+?

ayagmun	ayag[N][Ter][Unpd][Sg]

ayuqelghiit	+?

------------------------


------------------------
Taakuk elngaatall tukaghtek kangilget, taalegmun tukaghtek ilaallutek amenqun awatiitegnekun ilalluteng qillghutkayuget.

taakuk	taake[V][Intr][Ind][3Du]

elngaatall	elngaatall

tukaghtek	+?

kangilget	kangigh-–leg[one.having.N][N→N][N][Abs][Unpd][Pl]
kangilget	kangigh-–leg[one.having.N][N→N][N][Rel][Unpd][Pl]
kangilget	kangigh-–lget[to.have.N][AUG]

taalegmun	taaleg[N][Ter][Unpd][Sg]

tukaghtek	+?

ilaallutek	+?

amenqun	amenqun

awatiitegnekun	+?

ilalluteng	ila-te[to.catch.N][to.go.to.N][N→V][V][Intr][Sbrd][3Pl]

qillghutkayuget	+?

------------------------
Awatitnguut.

awatitnguut	+?

------------------------


------------------------
Taam kingungiighaa tapghaq taana, taana tapghaghrak, tapghaghragmeng atelek, unkuuvak.

taam	+?

kingungiighaa	+?

tapghaq	tapghagh[N][Abs][Unpd][Sg]

taana	taana

taana	taana

tapghaghrak	tapghaghrag[N][Abs][Unpd][Sg]

tapghaghragmeng	tapghaghrag[N][Rel][4DuPoss][SgPosd]
tapghaghragmeng	tapghaghrag[N][Rel][4DuPoss][PlPosd]
tapghaghragmeng	tapghaghrag[N][Rel][4PlPoss][SgPosd]
tapghaghragmeng	tapghaghrag[N][Rel][4PlPoss][PlPosd]
tapghaghragmeng	tapghaghrag[N][Abl_Mod][Unpd][Sg]

atelek	ategh-–leg[one.having.N][N→N][N][Abs][Unpd][Sg]
atelek	Ategh-–leg[one.having.N][N→N][N][Abs][Unpd][Sg]

unkuuvak	+?

------------------------
Miglegrungiiyaghngaaghmi qukiinaani.

miglegrungiiyaghngaaghmi	miglegrungigh-~:(ng₁)u[to.be.N][N→V]-~i[SBJ.V-ed.something][V→V]-~i[SBJ.V-ed.something][V→V]-~i[SBJ.V-ed.something][V→V]-~i[SBJ.V-ed.something][V→V]-@₁~fyagh[to.go.V-ing][to.V.in.vain][V→V][V][Intr][Conc][4Sg]
miglegrungiiyaghngaaghmi	miglegrungigh-~:(ng₁)u[to.be.N][N→V]-~i[SBJ.V-ed.something][V→V]-~i[SBJ.V-ed.something][V→V]-~i[SBJ.V-ed.something][V→V]-@₁~fyagh[to.go.V-ing][to.V.in.vain][V→V][V][Intr][Conc][4Sg]
miglegrungiiyaghngaaghmi	miglegrungigh-~:(ng₁)u[to.be.N][N→V]-~i[SBJ.V-ed.something][V→V]-~i[SBJ.V-ed.something][V→V]-~i[SBJ.V-ed.something][V→V]-~:(u)te[to.V.for.or.with][to.cause.to.V.as.one.is.V-ing][to.V.toward.each.other][V→V]-@₁~fyagh[to.go.V-ing][to.V.in.vain][V→V][V][Intr][Conc][4Sg]
miglegrungiiyaghngaaghmi	miglegrungigh-~:(ng₁)u[to.be.N][N→V]-~i[SBJ.V-ed.something][V→V]-~i[SBJ.V-ed.something][V→V]-~i[SBJ.V-ed.something][V→V]-~:(u)te[SBJ.V-ed.something][V→V]-@₁~fyagh[to.go.V-ing][to.V.in.vain][V→V][V][Intr][Conc][4Sg]
miglegrungiiyaghngaaghmi	miglegrungigh-~:(ng₁)u[to.be.N][N→V]-~i[SBJ.V-ed.something][V→V]-~i[SBJ.V-ed.something][V→V]-@₁~fyagh[to.go.V-ing][to.V.in.vain][V→V][V][Intr][Conc][4Sg]
miglegrungiiyaghngaaghmi	miglegrungigh-~:(ng₁)u[to.be.N][N→V]-~i[SBJ.V-ed.something][V→V]-~i[SBJ.V-ed.something][V→V]-~:(u)te[to.V.for.or.with][to.cause.to.V.as.one.is.V-ing][to.V.toward.each.other][V→V]-@₁~fyagh[to.go.V-ing][to.V.in.vain][V→V][V][Intr][Conc][4Sg]
miglegrungiiyaghngaaghmi	miglegrungigh-~:(ng₁)u[to.be.N][N→V]-~i[SBJ.V-ed.something][V→V]-~i[SBJ.V-ed.something][V→V]-~:(u)te[SBJ.V-ed.something][V→V]-@₁~fyagh[to.go.V-ing][to.V.in.vain][V→V][V][Intr][Conc][4Sg]
miglegrungiiyaghngaaghmi	miglegrungigh-~:(ng₁)u[to.be.N][N→V]-~i[SBJ.V-ed.something][V→V]-@₁~fyagh[to.go.V-ing][to.V.in.vain][V→V][V][Intr][Conc][4Sg]
miglegrungiiyaghngaaghmi	miglegrungigh-~:(ng₁)u[to.be.N][N→V]-~i[SBJ.V-ed.something][V→V]-~:(u)te[to.V.for.or.with][to.cause.to.V.as.one.is.V-ing][to.V.toward.each.other][V→V]-@₁~fyagh[to.go.V-ing][to.V.in.vain][V→V][V][Intr][Conc][4Sg]
miglegrungiiyaghngaaghmi	miglegrungigh-~:(ng₁)u[to.be.N][N→V]-~i[SBJ.V-ed.something][V→V]-~:(u)te[SBJ.V-ed.something][V→V]-@₁~fyagh[to.go.V-ing][to.V.in.vain][V→V][V][Intr][Conc][4Sg]
miglegrungiiyaghngaaghmi	miglegrungigh-~:(ng₁)u[to.be.N][N→V]-@₁~fyagh[to.go.V-ing][to.V.in.vain][V→V][V][Intr][Conc][4Sg]
miglegrungiiyaghngaaghmi	miglegrungigh-~:(ng₁)u[to.be.N][N→V]-~:(u)te[to.V.for.or.with][to.cause.to.V.as.one.is.V-ing][to.V.toward.each.other][V→V]-@₁~fyagh[to.go.V-ing][to.V.in.vain][V→V][V][Intr][Conc][4Sg]
miglegrungiiyaghngaaghmi	miglegrungigh-~:(ng₁)u[to.be.N][N→V]-~:(u)te[SBJ.V-ed.something][V→V]-@₁~fyagh[to.go.V-ing][to.V.in.vain][V→V][V][Intr][Conc][4Sg]

qukiinaani	qukiinaani

------------------------
Miglegrungiit elngaatall ayveq aghnaaghan'ghhaaghlluk, taghnughhangen'ghhaghlluk miglegrungiq.

miglegrungiit	miglegrungigh[N][Abs][3PlPoss][SgPosd]
miglegrungiit	miglegrungigh[N][Abs][3PlPoss][PlPosd]

elngaatall	elngaatall

ayveq	ayvegh[N][Abs][Unpd][Sg]

aghnaaghanghhaaghlluk	+?

taghnughhangenghhaghlluk	+?

miglegrungiq	miglegrungigh[N][Abs][Unpd][Sg]

------------------------
Tamaananguyaghngaan qukiinaani tapghaghrangllaaghaqut kelevluki two and a half inches eslegkakiita.

tamaananguyaghngaan	+?

qukiinaani	qukiinaani

tapghaghrangllaaghaqut	+?

kelevluki	+?

two	+?

and	+?

a	a

half	+?

inches	+?

eslegkakiita	+?

------------------------
Tapghaghragmeng elngaatall aatqus tamaakut unkuvaget, miglegrungiit.

tapghaghragmeng	tapghaghrag[N][Rel][4DuPoss][SgPosd]
tapghaghragmeng	tapghaghrag[N][Rel][4DuPoss][PlPosd]
tapghaghragmeng	tapghaghrag[N][Rel][4PlPoss][SgPosd]
tapghaghragmeng	tapghaghrag[N][Rel][4PlPoss][PlPosd]
tapghaghragmeng	tapghaghrag[N][Abl_Mod][Unpd][Sg]

elngaatall	elngaatall

aatqus	+?

tamaakut	+?

unkuvaget	unkuvag[N][Abs][Unpd][Pl]
unkuvaget	unkuvag[N][Rel][Unpd][Pl]

miglegrungiit	miglegrungigh[N][Abs][3PlPoss][SgPosd]
miglegrungiit	miglegrungigh[N][Abs][3PlPoss][PlPosd]

------------------------


------------------------
Taaggun ineqerewaaghem kenlengakun umullghakun uziftaqiit.

taaggun	+?

ineqerewaaghem	ineqerewaagh[N][Rel][Unpd][Sg]

kenlengakun	+?

umullghakun	+?

uziftaqiit	+?

------------------------


------------------------
Elngaatall taakut kiwaakaghii tapghaat, pingayugulghiit ayumiim awataghpagi.

elngaatall	elngaatall

taakut	taake[V][Intr][Ind][3Pl]

kiwaakaghii	+?

tapghaat	tapghagh[N][Abs][3PlPoss][SgPosd]

pingayugulghiit	+?

ayumiim	ayumigh*[N][Rel][Unpd][Sg]

awataghpagi	awataghpag[N][Abs][3SgPoss][PlPosd]

------------------------
Kingwaaghmeng aatqut, elngaatall maklaget, saviigaayaghngaaghmeng, meqesiqaayaghngaaghmeng.

kingwaaghmeng	kingwaagh[N][Rel][4DuPoss][SgPosd]
kingwaaghmeng	kingwaagh[N][Rel][4DuPoss][PlPosd]
kingwaaghmeng	kingwaagh[N][Rel][4PlPoss][SgPosd]
kingwaaghmeng	kingwaagh[N][Rel][4PlPoss][PlPosd]
kingwaaghmeng	kingwaagh[N][Abl_Mod][Unpd][Sg]

aatqut	ategh-~–ke[to.have.as.one's.N(s)][N→V][V][Intr][Ind][3Pl]
aatqut	Ategh-~–ke[to.have.as.one's.N(s)][N→V][V][Intr][Ind][3Pl]

elngaatall	elngaatall

maklaget	Maklag[N][Abs][Unpd][Pl]
maklaget	Maklag[N][Rel][Unpd][Pl]
maklaget	maklag[N][Abs][Unpd][Pl]
maklaget	maklag[N][Rel][Unpd][Pl]

saviigaayaghngaaghmeng	saviigagh-~:(ng₁)u[to.be.N][N→V]-@₁~fyagh[to.go.V-ing][to.V.in.vain][V→V][V][Intr][Conc][4Pl]
saviigaayaghngaaghmeng	saviigagh-~:(ng₁)u[to.be.N][N→V]-~:(u)te[to.V.for.or.with][to.cause.to.V.as.one.is.V-ing][to.V.toward.each.other][V→V]-@₁~fyagh[to.go.V-ing][to.V.in.vain][V→V][V][Intr][Conc][4Pl]
saviigaayaghngaaghmeng	saviigagh-~:(ng₁)u[to.be.N][N→V]-~:(u)te[SBJ.V-ed.something][V→V]-@₁~fyagh[to.go.V-ing][to.V.in.vain][V→V][V][Intr][Conc][4Pl]

meqesiqaayaghngaaghmeng	+?

------------------------
Kingwaaghmeng aatqut, kingwaaghuut.

kingwaaghmeng	kingwaagh[N][Rel][4DuPoss][SgPosd]
kingwaaghmeng	kingwaagh[N][Rel][4DuPoss][PlPosd]
kingwaaghmeng	kingwaagh[N][Rel][4PlPoss][SgPosd]
kingwaaghmeng	kingwaagh[N][Rel][4PlPoss][PlPosd]
kingwaaghmeng	kingwaagh[N][Abl_Mod][Unpd][Sg]

aatqut	ategh-~–ke[to.have.as.one's.N(s)][N→V][V][Intr][Ind][3Pl]
aatqut	Ategh-~–ke[to.have.as.one's.N(s)][N→V][V][Intr][Ind][3Pl]

kingwaaghuut	kingwaagh-~:(ng₁)u[to.be.N][N→V][V][Intr][Ind][3Pl]

------------------------
Unkuvaget en'ngaatall tapghaghraguut aatghi.

unkuvaget	unkuvag[N][Abs][Unpd][Pl]
unkuvaget	unkuvag[N][Rel][Unpd][Pl]

enngaatall	enngaatall

tapghaghraguut	tapghaghrag-~:(ng₁)u[to.be.N][N→V][V][Intr][Ind][3Pl]

aatghi	ategh[N][Abs][3SgPoss][PlPosd]
aatghi	Ategh[N][Abs][3SgPoss][PlPosd]

------------------------


------------------------
Taakut awataghpaaget.

taakut	taake[V][Intr][Ind][3Pl]

awataghpaaget	+?

------------------------
Sivuqlighpiigaq aangelghii, tuunglighhaa amsakelghii, tuunglighhaa qazigyaghaayaghngaghmi qukiinaani, kingwaaq.

sivuqlighpiigaq	+?

aangelghii	aange-@₁–lghii[the.one.that.V-ed][the.one.that.is.V][V→N][N][Abs][Unpd][Sg]

tuunglighhaa	tuungligh-–ghhagh*[dear.N][N→N]-~:(ng₁)u[to.be.N][N→V][V][Intr][Opt][PRS][2Sg]
tuunglighhaa	tuungligh-–ghhagh*[dear.N][N→N][N][Abs][3SgPoss][SgPosd]

amsakelghii	amsakelghii[N][Abs][Unpd][Sg]

tuunglighhaa	tuungligh-–ghhagh*[dear.N][N→N]-~:(ng₁)u[to.be.N][N→V][V][Intr][Opt][PRS][2Sg]
tuunglighhaa	tuungligh-–ghhagh*[dear.N][N→N][N][Abs][3SgPoss][SgPosd]

qazigyaghaayaghngaghmi	+?

qukiinaani	qukiinaani

kingwaaq	kingwaagh[N][Abs][Unpd][Sg]

------------------------
Taalek, Akuula, Kingwaaq.

taalek	taaleg[N][Abs][Unpd][Sg]

akuula	+?

kingwaaq	kingwaagh[N][Abs][Unpd][Sg]

------------------------
Taalguut sivuqlighpiigaat taakut.

taalguut	taaleg-~:(ng₁)u[to.be.N][N→V][V][Intr][Ind][3Pl]

sivuqlighpiigaat	+?

taakut	taake[V][Intr][Ind][3Pl]

------------------------
Uughqwaaget, aghsaan aangepagllan'ghilnguut.

uughqwaaget	+?

aghsaan	aghsaan

aangepagllanghilnguut	+?

------------------------
Tegastaghhiinaat awataghpiiqiit kiyang.

tegastaghhiinaat	+?

awataghpiiqiit	+?

kiyang	kiyang

------------------------
Iitek aghnatlu awataghpiiqiit amlengi taakut qaghrilghaghluki.

iitek	iiw[N][Abs][2DuPoss][PlPosd]
iitek	iiw[N][Abs][4DuPoss][PlPosd]
iitek	iitek

aghnatlu	aghnagh[N][Abs][Unpd][Pl]-llu[Encl]
aghnatlu	aghnagh[N][Rel][Unpd][Pl]-llu[Encl]

awataghpiiqiit	+?

amlengi	+?

taakut	taake[V][Intr][Ind][3Pl]

qaghrilghaghluki	+?

------------------------
Qaghrilghaat ilaaghusit unaghsit iimlluteng esneghrugi.

qaghrilghaat	+?

ilaaghusit	+?

unaghsit	unaghsigh[N][Abs][Unpd][Pl]
unaghsit	unaghsigh[N][Rel][Unpd][Pl]

iimlluteng	+?

esneghrugi	esneghrug[N][Abs][3SgPoss][PlPosd]

------------------------
Enkaam qamagun ilungakun kakiluki esneghrugi uzimun tawavek amalka ilaaghmun kumyugtaqiit esneghrugi qamagun qulighneghikun.

enkaam	enkaam

qamagun	qamagun

ilungakun	ilu[N][Via][3DuPoss][PlPosd]
ilungakun	ilu[N][Via][3SgPoss][SgPosd]
ilungakun	ilu[N][Via][3SgPoss][PlPosd]

kakiluki	kaki-~:(u)te[to.V.for.or.with][to.cause.to.V.as.one.is.V-ing][to.V.toward.each.other][V→V][V][Trns][Sbrd][_][3Pl]
kakiluki	kaki[V][Trns][Sbrd][_][3Pl]

esneghrugi	esneghrug[N][Abs][3SgPoss][PlPosd]

uzimun	uzimun

tawavek	+?

amalka	amalka

ilaaghmun	ilaagh[N][Ter][Unpd][Sg]

kumyugtaqiit	+?

esneghrugi	esneghrug[N][Abs][3SgPoss][PlPosd]

qamagun	qamagun

qulighneghikun	+?

------------------------
Elngaatall nemghaqiis taakungi iimneghqun taaggun.

elngaatall	elngaatall

nemghaqiis	+?

taakungi	+?

iimneghqun	+?

taaggun	+?

------------------------
Qaghrilgham esneghruga uzimun iimngalghii.

qaghrilgham	+?

esneghruga	esneghrug[N][Abs][3SgPoss][SgPosd]

uzimun	uzimun

iimngalghii	+?

------------------------
Asightaqiit taaggun nenglluki.

asightaqiit	asigh-te[to.catch.N][to.go.to.N][N→V]-~(g₁)aqe[to.be.V.ing][to.regularly.or.repeatedly.V][V→V]-~i[SBJ.V-ed.something][V→V][V][Intr][Intrg][3Pl]
asightaqiit	asigh-te[to.catch.N][to.go.to.N][N→V]-~(g₁)aqe[to.be.V.ing][to.regularly.or.repeatedly.V][V→V]-~i[SBJ.V-ed.something][V→V][V][Intr][Ind][3Pl]

taaggun	+?

nenglluki	+?

------------------------
Qaghrilghaagus taakut.

qaghrilghaagus	+?

taakut	taake[V][Intr][Ind][3Pl]

------------------------


------------------------
Enkaam qepluki inglugtun putukghi itegaan qevuulluki nenglluki tawaten.

enkaam	enkaam

qepluki	+?

inglugtun	inglugtun
inglugtun	inglugtute[N][Abs][Unpd][Sg]

putukghi	+?

itegaan	itegagh-~:(ng₁)u[to.be.N][N→V]-~:(u)te[condition.with.respect.to.V-ing][V→N][N][Abs][Unpd][Sg]
itegaan	itegagh[N][Rel][3SgPoss][SgPosd]
itegaan	itegagh[N][Rel][3SgPoss][PlPosd]

qevuulluki	qevuute[V][Trns][Sbrd][_][3Pl]

nenglluki	+?

tawaten	tawaten

------------------------
Amenqun naflughhaa putukghan.

amenqun	amenqun

naflughhaa	naflugh-–ghhagh*[dear.N][N→N]-~:(ng₁)u[to.be.N][N→V][V][Intr][Opt][PRS][2Sg]
naflughhaa	naflugh-–ghhagh*[dear.N][N→N][N][Abs][3SgPoss][SgPosd]

putukghan	+?

------------------------
Kiwakaghaakun qeputaqiit putukghi inglugtun enkaam uullneghmeggniqun sasqughhaawaqelghiit.

kiwakaghaakun	+?

qeputaqiit	qeputagh-~–ke[to.have.as.one's.N(s)][N→V]-~i[SBJ.V-ed.something][V→V][V][Intr][Intrg][3Pl]
qeputaqiit	qeputagh-~–ke[to.have.as.one's.N(s)][N→V]-~i[SBJ.V-ed.something][V→V][V][Intr][Ind][3Pl]

putukghi	+?

inglugtun	inglugtun
inglugtun	inglugtute[N][Abs][Unpd][Sg]

enkaam	enkaam

uullneghmeggniqun	+?

sasqughhaawaqelghiit	sa-–squgh[little.N][small.N][N→N]-–ghhagh*[dear.N][N→N]-~:(ng₁)u[to.be.N][N→V]-~(g₁)aqe[to.be.V.ing][to.regularly.or.repeatedly.V][V→V]-@₁–lghii[the.one.that.V-ed][the.one.that.is.V][V→N][N][Abs][Unpd][Pl]
sasqughhaawaqelghiit	sa-–squgh[little.N][small.N][N→N]-–ghhagh*[dear.N][N→N]-~:(ng₁)u[to.be.N][N→V]-~(g₁)aqe[to.be.V.ing][to.regularly.or.repeatedly.V][V→V]-@₁–lghii[the.one.that.V-ed][the.one.that.is.V][V→N][N][Rel][Unpd][Pl]
sasqughhaawaqelghiit	sa-–squgh[little.N][small.N][N→N]-–ghhagh*[dear.N][N→N]-~:(ng₁)u[to.be.N][N→V]-~(g₁)aqe[to.be.V.ing][to.regularly.or.repeatedly.V][V→V][V][Intr][Ptcp][3Pl]
sasqughhaawaqelghiit	sa-–squghhagh*little.N][small.N][N→N]-~:(ng₁)u[to.be.N][N→V]-~(g₁)aqe[to.be.V.ing][to.regularly.or.repeatedly.V][V→V]-@₁–lghii[the.one.that.V-ed][the.one.that.is.V][V→N][N][Abs][Unpd][Pl]
sasqughhaawaqelghiit	sa-–squghhagh*little.N][small.N][N→N]-~:(ng₁)u[to.be.N][N→V]-~(g₁)aqe[to.be.V.ing][to.regularly.or.repeatedly.V][V→V]-@₁–lghii[the.one.that.V-ed][the.one.that.is.V][V→N][N][Rel][Unpd][Pl]
sasqughhaawaqelghiit	sa-–squghhagh*little.N][small.N][N→N]-~:(ng₁)u[to.be.N][N→V]-~(g₁)aqe[to.be.V.ing][to.regularly.or.repeatedly.V][V→V][V][Intr][Ptcp][3Pl]

------------------------
Eltuqsamaghmeng ayuqut.

eltuqsamaghmeng	+?

ayuqut	+?

------------------------
Taakut ama sanqutmeng aatqut.

taakut	taake[V][Intr][Ind][3Pl]

ama	ama

sanqutmeng	+?

aatqut	ategh-~–ke[to.have.as.one's.N(s)][N→V][V][Intr][Ind][3Pl]
aatqut	Ategh-~–ke[to.have.as.one's.N(s)][N→V][V][Intr][Ind][3Pl]

------------------------
