TUUNGLIGHHAA 

tuunglighhaa	tuungligh-–ghhagh*[dear.N][N→N]-~:(ng₁)u[to.be.N][N→V][V][Intr][Opt][PRS][2Sg]
tuunglighhaa	tuungligh-–ghhagh*[dear.N][N→N][N][Abs][3SgPoss][SgPosd]

------------------------
Quyngighqwaalleq 

quyngighqwaalleq	+?

------------------------
PART II 

part	+?

ii	+?

------------------------
Reindeer Herding 

reindeer	+?

herding	+?

------------------------
Piinlillgha Quyngim 

piinlillgha	+?

quyngim	quyngigh[N][Rel][Unpd][Sg]

------------------------
Uvim Apellgha

uvim	+?

apellgha	+?

------------------------


------------------------
Dr. Jackson yusqughhaaguq piinlighiyuwhaaghtevut ugpeghmeng, maakenllu quyngimeng.

dr	+?

jackson	+?

yusqughhaaguq	yu(u)g-–squgh[little.N][small.N][N→N]-–ghhagh*[dear.N][N→N]-~:(ng₁)u[to.be.N][N→V][V][Intr][Ind][3Sg]
yusqughhaaguq	yu(u)g-–squghhagh*little.N][small.N][N→N]-~:(ng₁)u[to.be.N][N→V][V][Intr][Ind][3Sg]
yusqughhaaguq	yug-–squgh[little.N][small.N][N→N]-–ghhagh*[dear.N][N→N]-~:(ng₁)u[to.be.N][N→V][V][Intr][Ind][3Sg]
yusqughhaaguq	yug-–squghhagh*little.N][small.N][N→N]-~:(ng₁)u[to.be.N][N→V][V][Intr][Ind][3Sg]
yusqughhaaguq	yusqughhagh*-~:(ng₁)u[to.be.N][N→V][V][Intr][Ind][3Sg]

piinlighiyuwhaaghtevut	+?

ugpeghmeng	+?

maakenllu	+?

quyngimeng	quyngigh[N][Rel][4DuPoss][SgPosd]
quyngimeng	quyngigh[N][Rel][4DuPoss][PlPosd]
quyngimeng	quyngigh[N][Rel][4PlPoss][SgPosd]
quyngimeng	quyngigh[N][Rel][4PlPoss][PlPosd]
quyngimeng	quyngigh[N][Abl_Mod][Unpd][Sg]

------------------------


------------------------
Esgha tawatelluta enraq itghaghaqelghiikut Tapghumun kiigmi.

esgha	esgha

tawatelluta	+?

enraq	enraq

itghaghaqelghiikut	+?

tapghumun	Tapghugh[N][Ter][Unpd][Sg]

kiigmi	kii[N][Rel][4SgPoss][DuPosd]
kiigmi	kiig[N][Loc][Unpd][Sg]
kiigmi	kiig[N][Rel][4SgPoss][SgPosd]
kiigmi	kiig[N][Rel][4SgPoss][PlPosd]

------------------------
Met kaatut, piiwaaltanguq.

met	+?

kaatut	kaate[V][Intr][Ind][3Pl]

piiwaaltanguq	+?

------------------------
Nanevgaghtaghput Suluk piiwiisqaat quyngimeng sameng, taawa government-mun iteghtuq amalka whaten qepghalghiistun.

nanevgaghtaghput	nanevgaghtagh[N][Abs][1PlPoss][SgPosd]

suluk	sulug[N][Abs][Unpd][Sg]

piiwiisqaat	+?

quyngimeng	quyngigh[N][Rel][4DuPoss][SgPosd]
quyngimeng	quyngigh[N][Rel][4DuPoss][PlPosd]
quyngimeng	quyngigh[N][Rel][4PlPoss][SgPosd]
quyngimeng	quyngigh[N][Rel][4PlPoss][PlPosd]
quyngimeng	quyngigh[N][Abl_Mod][Unpd][Sg]

sameng	sa[N][Rel][4DuPoss][SgPosd]
sameng	sa[N][Rel][4DuPoss][PlPosd]
sameng	sa[N][Rel][4PlPoss][SgPosd]
sameng	sa[N][Rel][4PlPoss][PlPosd]
sameng	sa[N][Abl_Mod][Unpd][Sg]
sameng	sameng

taawa	taawa

governmentmun	+?

iteghtuq	itegh[V][Intr][Ind][3Sg]
iteghtuq	itegh-te[to.act.on.so.as.to.cause.to.V][V→V][V][Intr][Ind][3Sg]

amalka	amalka

whaten	wha[N][Abs][2SgPoss][PlPosd]
whaten	whaten
whaten	wha-te[to.catch.N][to.go.to.N][N→V][V][Intr][Opt][PRS][2Sg]
whaten	wha[N][Abs][2SgPoss][PlPosd]

qepghalghiistun	qepghagh-@₁–lghii[the.one.that.V-ed][the.one.that.is.V][V→N][N][Equ][Unpd][Pl]

------------------------
Taawa tuwaat aawallu quyngingyaghqaaghtut.

taawa	taawa

tuwaat	+?

aawallu	aaw[N][Abs][3SgPoss][SgPosd]-llu[Encl]
aawallu	aawallu
aawallu	aawallu[N][Abs][Unpd][Sg]

quyngingyaghqaaghtut	+?

------------------------
Quyngiq aang'ghaa, uglam ighsaksaqanga tagitellgha.

quyngiq	quyngigh[N][Abs][Unpd][Sg]

aangghaa	+?

uglam	uglagh[N][Rel][Unpd][Sg]

ighsaksaqanga	+?

tagitellgha	+?

------------------------


------------------------
Quulkaghtaan usikaataghaghput amavek, Kepkaghyalqagnekun taaggun.

quulkaghtaan	+?

usikaataghaghput	+?

amavek	amavek

kepkaghyalqagnekun	+?

taaggun	+?

------------------------
Asighqelluki tawaten, quulkaghtaan.

asighqelluki	+?

tawaten	tawaten

quulkaghtaan	+?

------------------------
Entaqun yuginaq tallimat siipneqluku.

entaqun	entaqun

yuginaq	yuginagh[N][Abs][Unpd][Sg]

tallimat	tallimat[N][Abs][Unpd][Sg]

siipneqluku	+?

------------------------
Saghligaq uglanqelluku.

saghligaq	saghligagh[N][Abs][Unpd][Sg]

uglanqelluku	+?

------------------------


------------------------
Taawa Iiyiitaankut, Aghtuqaayagenkut, kinkughyaget taawa, elngaatall ayaviighluteng pilaanqelluteng.

taawa	taawa

iiyiitaankut	+?

aghtuqaayagenkut	+?

kinkughyaget	+?

taawa	taawa

elngaatall	elngaatall

ayaviighluteng	+?

pilaanqelluteng	+?

------------------------
Kevegtughluki qaakluki lliluki asighqusii ilemtaqiit.

kevegtughluki	+?

qaakluki	+?

lliluki	lli-~:(u)te[to.V.for.or.with][to.cause.to.V.as.one.is.V-ing][to.V.toward.each.other][V→V][V][Trns][Sbrd][_][3Pl]
lliluki	lli[V][Trns][Sbrd][_][3Pl]

asighqusii	+?

ilemtaqiit	+?

------------------------
Kingulighpigaghhaaghhneghata nekefqaghlluteng ketarwaaqsaqangit, leganqun lliluki quyngim aga alpagaqiit.

kingulighpigaghhaaghhneghata	+?

nekefqaghlluteng	+?

ketarwaaqsaqangit	+?

leganqun	leganqun

lliluki	lli-~:(u)te[to.V.for.or.with][to.cause.to.V.as.one.is.V-ing][to.V.toward.each.other][V→V][V][Trns][Sbrd][_][3Pl]
lliluki	lli[V][Trns][Sbrd][_][3Pl]

quyngim	quyngigh[N][Rel][Unpd][Sg]

aga	aga

alpagaqiit	+?

------------------------


------------------------
Maalghugegneng usiikut, pingayaa taana tallimaggaaluki.

maalghugegneng	maalghug[N][Abl_Mod][Unpd][Du]

usiikut	+?

pingayaa	+?

taana	taana

tallimaggaaluki	+?

------------------------
Angyaghwaaghqun taamavek maaken.

angyaghwaaghqun	angyaghwaagh[N][Via][Unpd][Sg]

taamavek	+?

maaken	maaken

------------------------
Taamavek aglaghyun'ghituq Piya (Bear) angyaghpak.

taamavek	+?

aglaghyunghituq	aglagh-@₁~fyug[to.want.to.V][V→V]-@₁–nghite**[to.not.V][V→V][V][Intr][Ind][3Sg]

piya	+?

bear	+?

angyaghpak	angyaghpag[N][Abs][Unpd][Sg]

------------------------


------------------------
Taagken Laavlaaghhaat (Laplanders) neqngat aglaataghput.

taagken	taagken

laavlaaghhaat	+?

laplanders	+?

neqngat	neqe[N][Abs][3PlPoss][SgPosd]

aglaataghput	+?

------------------------
Taakut Tzaarankunguut entaqun aghnam aatgha, weni kellmighqepallghitunga.

taakut	taake[V][Intr][Ind][3Pl]

tzaarankunguut	+?

entaqun	entaqun

aghnam	aghnagh[N][Rel][Unpd][Sg]

aatgha	ategh[N][Abs][3SgPoss][SgPosd]
aatgha	Ategh[N][Abs][3SgPoss][SgPosd]

weni	weni

kellmighqepallghitunga	+?

------------------------
Avaqutakek weni anglillutek ayuquk, maalghuguftuk mekelghiighek.

avaqutakek	avaqutagh[N][Abs][3SgPoss][DuPosd]

weni	weni

anglillutek	+?

ayuquk	+?

maalghuguftuk	maalghug-~:(ng₁)u[to.be.N][N→V]-(pete)fte[to.evidently.V][to.have.V-ed][V→V][V][Intr][Ind][3Du]

mekelghiighek	mekelghiigh[N][Abs][Unpd][Du]
mekelghiighek	mekelghiigh[N][Rel][Unpd][Du]

------------------------
Pinit net taakut, Laavlaaghhaat, quyngimeng piit.

pinit	pinigh[Rel][Unpd][Pl]

net	ne[N][Abs][Unpd][Pl]
net	ne[N][Rel][Unpd][Pl]

taakut	taake[V][Intr][Ind][3Pl]

laavlaaghhaat	+?

quyngimeng	quyngigh[N][Rel][4DuPoss][SgPosd]
quyngimeng	quyngigh[N][Rel][4DuPoss][PlPosd]
quyngimeng	quyngigh[N][Rel][4PlPoss][SgPosd]
quyngimeng	quyngigh[N][Rel][4PlPoss][PlPosd]
quyngimeng	quyngigh[N][Abl_Mod][Unpd][Sg]

piit	pi[V][Intr][Intrg][3Pl]
piit	pi[V][Intr][Ind][3Pl]
piit	pi[V][Trns][Ind][3Pl][3Pl]
piit	pi[V][Trns][Ind][3Pl][3Sg]
piit	pi[V][Trns][Ind][3Du][3Sg]

------------------------
 

------------------------
Nayghapagkun taaggun kiwalighneghan kenlengakun tiintaluteng, nengllaghnaqegkangit entaqun.

nayghapagkun	Nayghapag[N][Via][Unpd][Sg]

taaggun	+?

kiwalighneghan	+?

kenlengakun	+?

tiintaluteng	+?

nengllaghnaqegkangit	ne-–ngllagh[to.make.N][N→V]-@₁~fnaqe[to.be.going.to.V][V→V]-@*@₂~sf–(g₂)k(a)e[the.one.that.possessor.V-ed][V→N][N][Abs][3PlPoss][PlPosd]

entaqun	entaqun

------------------------
Pamansalghii esghaqesi entaqun, Aqfayegaagnisalghii.

pamansalghii	+?

esghaqesi	esghagh-@*@₂~sf–(g₂)k(a)e[the.one.that.possessor.V-ed][V→N][N][Abs][2PlPoss][PlPosd]

entaqun	entaqun

aqfayegaagnisalghii	Aqfayegaag[N][Loc][Unpd][Pl]-ete[to.be]-te[to.act.on.so.as.to.cause.to.V][V→V]-te[to.act.on.so.as.to.cause.to.V][V→V]-@₁~fyagh[to.go.V-ing][to.V.in.vain][V→V]-@₁–lghii[the.one.that.V-ed][the.one.that.is.V][V→N][N][Abs][Unpd][Sg]

------------------------
Neksaghaas taana.

neksaghaas	+?

taana	taana

------------------------
Guygughlluggaq pinilghii.

guygughlluggaq	+?

pinilghii	pi-@₁~fni[to.say.that.one.is.V-ing][Cmpd_Vbl]-@₁–lghii[the.one.that.V-ed][the.one.that.is.V][V→N][N][Abs][Unpd][Sg]
pinilghii	pi-~:(u)te[to.V.for.or.with][to.cause.to.V.as.one.is.V-ing][to.V.toward.each.other][V→V]-@₁~fni[to.say.that.one.is.V-ing][Cmpd_Vbl]-@₁–lghii[the.one.that.V-ed][the.one.that.is.V][V→N][N][Abs][Unpd][Sg]
pinilghii	pi-~:(u)te[SBJ.V-ed.something][V→V]-@₁~fni[to.say.that.one.is.V-ing][Cmpd_Vbl]-@₁–lghii[the.one.that.V-ed][the.one.that.is.V][V→N][N][Abs][Unpd][Sg]
pinilghii	pinigh-@₁–lghii[the.one.that.V-ed][the.one.that.is.V][V→N][N][Abs][Unpd][Sg]

------------------------
Tawateteftut.

tawateteftut	+?

------------------------


------------------------
Entaqun nuugtaqluteng, nuugtaqluteng, amenqun Kangiikunllu ataasiq ulimakangat.

entaqun	entaqun

nuugtaqluteng	nuugte-~(g₁)aqe[to.be.V.ing][to.regularly.or.repeatedly.V][V→V]-te[to.act.on.so.as.to.cause.to.V][V→V]-te[to.act.on.so.as.to.cause.to.V][V→V][V][Intr][Sbrd][3Pl]
nuugtaqluteng	nuugte-~(g₁)aqe[to.be.V.ing][to.regularly.or.repeatedly.V][V→V]-te[to.act.on.so.as.to.cause.to.V][V→V][V][Intr][Sbrd][3Pl]
nuugtaqluteng	nuugte-~(g₁)aqe[to.be.V.ing][to.regularly.or.repeatedly.V][V→V][V][Intr][Sbrd][3Pl]
nuugtaqluteng	nuug-te[to.catch.N][to.go.to.N][N→V]-~(g₁)aqe[to.be.V.ing][to.regularly.or.repeatedly.V][V→V]-te[to.act.on.so.as.to.cause.to.V][V→V]-te[to.act.on.so.as.to.cause.to.V][V→V][V][Intr][Sbrd][3Pl]
nuugtaqluteng	nuug-te[to.catch.N][to.go.to.N][N→V]-~(g₁)aqe[to.be.V.ing][to.regularly.or.repeatedly.V][V→V]-te[to.act.on.so.as.to.cause.to.V][V→V][V][Intr][Sbrd][3Pl]
nuugtaqluteng	nuug-te[to.catch.N][to.go.to.N][N→V]-~(g₁)aqe[to.be.V.ing][to.regularly.or.repeatedly.V][V→V][V][Intr][Sbrd][3Pl]

nuugtaqluteng	nuugte-~(g₁)aqe[to.be.V.ing][to.regularly.or.repeatedly.V][V→V]-te[to.act.on.so.as.to.cause.to.V][V→V]-te[to.act.on.so.as.to.cause.to.V][V→V][V][Intr][Sbrd][3Pl]
nuugtaqluteng	nuugte-~(g₁)aqe[to.be.V.ing][to.regularly.or.repeatedly.V][V→V]-te[to.act.on.so.as.to.cause.to.V][V→V][V][Intr][Sbrd][3Pl]
nuugtaqluteng	nuugte-~(g₁)aqe[to.be.V.ing][to.regularly.or.repeatedly.V][V→V][V][Intr][Sbrd][3Pl]
nuugtaqluteng	nuug-te[to.catch.N][to.go.to.N][N→V]-~(g₁)aqe[to.be.V.ing][to.regularly.or.repeatedly.V][V→V]-te[to.act.on.so.as.to.cause.to.V][V→V]-te[to.act.on.so.as.to.cause.to.V][V→V][V][Intr][Sbrd][3Pl]
nuugtaqluteng	nuug-te[to.catch.N][to.go.to.N][N→V]-~(g₁)aqe[to.be.V.ing][to.regularly.or.repeatedly.V][V→V]-te[to.act.on.so.as.to.cause.to.V][V→V][V][Intr][Sbrd][3Pl]
nuugtaqluteng	nuug-te[to.catch.N][to.go.to.N][N→V]-~(g₁)aqe[to.be.V.ing][to.regularly.or.repeatedly.V][V→V][V][Intr][Sbrd][3Pl]

amenqun	amenqun

kangiikunllu	Kangii-~–ke[to.have.as.one's.N(s)][N→V]-~:(u)te[condition.with.respect.to.V-ing][V→N][N][Abs][Unpd][Sg]-llu[Encl]
kangiikunllu	Kangii[N][Via][Unpd][Sg]-llu[Encl]
kangiikunllu	kangii-~–ke[to.have.as.one's.N(s)][N→V]-~:(u)te[condition.with.respect.to.V-ing][V→N][N][Abs][Unpd][Sg]-llu[Encl]
kangiikunllu	kangii[N][Via][Unpd][Sg]-llu[Encl]
kangiikunllu	kangigh[N][Via][3DuPoss][PlPosd]-llu[Encl]
kangiikunllu	kangigh[N][Via][3SgPoss][SgPosd]-llu[Encl]
kangiikunllu	kangigh[N][Via][3SgPoss][PlPosd]-llu[Encl]

ataasiq	ataasigh[N][Abs][Unpd][Sg]

ulimakangat	ulima-@*@₂~sf–(g₂)k(a)e[the.one.that.possessor.V-ed][V→N][N][Abs][3PlPoss][SgPosd]
ulimakangat	ulima[V][Trns][Ptcp][3Pl][3Sg]

------------------------
Kangikun pamagunllu saviggaq ulimakaqaat, quyngiq maligsaaghem angtalanganeng.

kangikun	kangigh[N][Via][Unpd][Sg]

pamagunllu	+?

saviggaq	+?

ulimakaqaat	+?

quyngiq	quyngigh[N][Abs][Unpd][Sg]

maligsaaghem	+?

angtalanganeng	+?

------------------------
Tawatesaghpetuq.

tawatesaghpetuq	+?

------------------------


------------------------
