Mayeraaghpak

﻿mayeraaghpak	+?

------------------------


	

------------------------
Aghnaghaghhaat tallimat aghulaghquumalghiit.

aghnaghaghhaat	aghnaghagh*-–ghhagh*[dear.N][N→N][N][Abs][Unpd][Pl]
aghnaghaghhaat	aghnaghagh*-–ghhagh*[dear.N][N→N][N][Abs][3PlPoss][SgPosd]
aghnaghaghhaat	aghnaghagh*-–ghhagh*[dear.N][N→N][N][Rel][Unpd][Pl]

tallimat	+?

aghulaghquumalghiit	+?

------------------------
Mayeraaghpagem esghaghluki takumakangi.

mayeraaghpagem	+?

esghaghluki	esghagh[V][Sbrd][1Du][3Pl]
esghaghluki	esghagh[V][Sbrd][1Pl][3Pl]
esghaghluki	esghagh[V][Sbrd][1Sg][3Pl]
esghaghluki	esghagh[V][Sbrd][2Du][3Pl]
esghaghluki	esghagh[V][Sbrd][2Pl][3Pl]
esghaghluki	esghagh[V][Sbrd][2Sg][3Pl]
esghaghluki	esghagh[V][Sbrd][3Du][3Pl]
esghaghluki	esghagh[V][Sbrd][3Pl][3Pl]
esghaghluki	esghagh[V][Sbrd][3Sg][3Pl]

takumakangi	taku-@₁~:(i/u)ma[to.have.V-ed][to.have.been.V-ed][V→V]-@*@₂~sf–(g₂)k(a)e[the.one.that.possessor.V-ed][V→N][N][Abs][3SgPoss][PlPosd]
takumakangi	taku-@₁~:(i/u)ma[to.have.V-ed][to.have.been.V-ed][V→V][V][Ptcp][3Sg][3Pl]

------------------------
Kaalluki ratamiiregnun kanaghquusimakangi.

kaalluki	kaate[V][Sbrd][1Du][3Pl]
kaalluki	kaate[V][Sbrd][1Pl][3Pl]
kaalluki	kaate[V][Sbrd][1Sg][3Pl]
kaalluki	kaate[V][Sbrd][2Du][3Pl]
kaalluki	kaate[V][Sbrd][2Pl][3Pl]
kaalluki	kaate[V][Sbrd][2Sg][3Pl]
kaalluki	kaate[V][Sbrd][3Du][3Pl]
kaalluki	kaate[V][Sbrd][3Pl][3Pl]
kaalluki	kaate[V][Sbrd][3Sg][3Pl]

ratamiiregnun	+?

kanaghquusimakangi	+?

------------------------
Unaghsighllagmun petugumakangi.

unaghsighllagmun	+?

petugumakangi	+?

------------------------
Taaqluki piyaqenni, "Unaqekaa!"

taaqluki	+?

piyaqenni	+?

unaqekaa	+?

------------------------
Unaghsiq taklaaghaghsimalghii.

unaghsiq	+?

taklaaghaghsimalghii	+?

------------------------
Unilluku aglaamalghii.

unilluku	+?

aglaamalghii	aglagh-@₁~:(i/u)ma[to.have.V-ed][to.have.been.V-ed][V→V]-@₁–lghii[the.one.that.V-ed][the.one.that.is.V][V→N][N][Abs][Unpd][Sg]
aglaamalghii	aglagh-@₁~:(i/u)ma[to.have.V-ed][to.have.been.V-ed][V→V][V][Ptcp][3Sg]

------------------------


	

------------------------
Tawaten kiyaghsimaluki aga kayngeghllak naghughsimalghii.

tawaten	tawaten

kiyaghsimaluki	+?

aga	aga

kayngeghllak	+?

naghughsimalghii	+?

------------------------
"Kayngeghllak aagyuq llaghan yuggayengaalghiiten itemuteqaghtikut!"

kayngeghllak	+?

aagyuq	aagyuq

llaghan	+?

yuggayengaalghiiten	+?

itemuteqaghtikut	+?

------------------------
"Neghniimsugumaluta yugpesi unaknaqaqiinkut."

neghniimsugumaluta	+?

yugpesi	yug[N][Rel][2PlPoss][SgPosd]
yugpesi	yug[N][Rel][2PlPoss][PlPosd]

unaknaqaqiinkut	+?

------------------------
"Saqrugtaquq aagna!"

saqrugtaquq	+?

aagna	aagna

------------------------


	

------------------------
Aganguq meteghlluruk naghughsimalghii.

aganguq	+?

meteghlluruk	+?

naghughsimalghii	+?

------------------------
"Meteghlluruk aagyuq llaghanyuggayengaalghiiten, itemuteqaghtikut."

meteghlluruk	+?

aagyuq	aagyuq

llaghanyuggayengaalghiiten	+?

itemuteqaghtikut	+?

------------------------
"Itemuteqaghhnaanghitamsi.

itemuteqaghhnaanghitamsi	+?

------------------------
Aantani neghniimsunemta milughpagaataghaqaghpesikut."

aantani	+?

neghniimsunemta	+?

milughpagaataghaqaghpesikut	+?

------------------------


	

------------------------
Aga kaviighhaq naghughsimalghii.

aga	aga

kaviighhaq	kaviigh-–ghhagh*[dear.N][N→N][N][Abs][Unpd][Sg]

naghughsimalghii	+?

------------------------
"Kaviighhaq aagyuq llaaghan yuggayengaalghiiten itemuteqaghtikut!"

kaviighhaq	kaviigh-–ghhagh*[dear.N][N→N][N][Abs][Unpd][Sg]

aagyuq	aagyuq

llaaghan	+?

yuggayengaalghiiten	+?

itemuteqaghtikut	+?

------------------------
"Itemuteqaghhnaaqamsi."

itemuteqaghhnaaqamsi	+?

------------------------
Takuluki aapsimakangi, "Naten piiqisi?"

takuluki	taku-~:(u)te[to.V.for.or.with][to.cause.to.V.as.one.is.V-ing][to.V.toward.each.other][V→V][V][Sbrd][1Du][3Pl]
takuluki	taku-~:(u)te[to.V.for.or.with][to.cause.to.V.as.one.is.V-ing][to.V.toward.each.other][V→V][V][Sbrd][1Pl][3Pl]
takuluki	taku-~:(u)te[to.V.for.or.with][to.cause.to.V.as.one.is.V-ing][to.V.toward.each.other][V→V][V][Sbrd][1Sg][3Pl]
takuluki	taku-~:(u)te[to.V.for.or.with][to.cause.to.V.as.one.is.V-ing][to.V.toward.each.other][V→V][V][Sbrd][2Du][3Pl]
takuluki	taku-~:(u)te[to.V.for.or.with][to.cause.to.V.as.one.is.V-ing][to.V.toward.each.other][V→V][V][Sbrd][2Pl][3Pl]
takuluki	taku-~:(u)te[to.V.for.or.with][to.cause.to.V.as.one.is.V-ing][to.V.toward.each.other][V→V][V][Sbrd][2Sg][3Pl]
takuluki	taku-~:(u)te[to.V.for.or.with][to.cause.to.V.as.one.is.V-ing][to.V.toward.each.other][V→V][V][Sbrd][3Du][3Pl]
takuluki	taku-~:(u)te[to.V.for.or.with][to.cause.to.V.as.one.is.V-ing][to.V.toward.each.other][V→V][V][Sbrd][3Pl][3Pl]
takuluki	taku-~:(u)te[to.V.for.or.with][to.cause.to.V.as.one.is.V-ing][to.V.toward.each.other][V→V][V][Sbrd][3Sg][3Pl]
takuluki	taku[V][Sbrd][1Du][3Pl]
takuluki	taku[V][Sbrd][1Pl][3Pl]
takuluki	taku[V][Sbrd][1Sg][3Pl]
takuluki	taku[V][Sbrd][2Du][3Pl]
takuluki	taku[V][Sbrd][2Pl][3Pl]
takuluki	taku[V][Sbrd][2Sg][3Pl]
takuluki	taku[V][Sbrd][3Du][3Pl]
takuluki	taku[V][Sbrd][3Pl][3Pl]
takuluki	taku[V][Sbrd][3Sg][3Pl]

aapsimakangi	aapte-@₁~:(i/u)ma[to.have.V-ed][to.have.been.V-ed][V→V]-@*@₂~sf–(g₂)k(a)e[the.one.that.possessor.V-ed][V→N][N][Abs][3SgPoss][PlPosd]
aapsimakangi	aapte-@₁~:(i/u)ma[to.have.V-ed][to.have.been.V-ed][V→V][V][Ptcp][3Sg][3Pl]

naten	naten

piiqisi	pi-~(g₁)aqe[to.be.V.ing][to.regularly.or.repeatedly.V][V→V][V][Intrg][3Pl][2Pl]
piiqisi	pi-~(g₁)aqe[to.be.V.ing][to.regularly.or.repeatedly.V][V→V][V][Intrg][3Du][2Pl]
piiqisi	pi-~(g₁)aqe[to.be.V.ing][to.regularly.or.repeatedly.V][V→V][V][Intrg][3Sg][2Pl]

------------------------
Aghnaghaghhaat apeghtuumakanga, "Pigu uqfík, unaqekaa!"

aghnaghaghhaat	aghnaghagh*-–ghhagh*[dear.N][N→N][N][Abs][Unpd][Pl]
aghnaghaghhaat	aghnaghagh*-–ghhagh*[dear.N][N→N][N][Abs][3PlPoss][SgPosd]
aghnaghaghhaat	aghnaghagh*-–ghhagh*[dear.N][N→N][N][Rel][Unpd][Pl]

apeghtuumakanga	+?

pigu	pi[V][Opt][PRS][2Sg][3Sg]

uqfík	+?

unaqekaa	+?

------------------------
Kaviighhaam pimakanga, "Unaqekaa!"

kaviighhaam	kaviigh-–ghhagh*[dear.N][N→N][N][Rel][Unpd][Sg]

pimakanga	pi-@₁~:(i/u)ma[to.have.V-ed][to.have.been.V-ed][V→V]-@*@₂~sf–(g₂)k(a)e[the.one.that.possessor.V-ed][V→N][N][Abs][3SgPoss][SgPosd]
pimakanga	pi-@₁~:(i/u)ma[to.have.V-ed][to.have.been.V-ed][V→V][V][Ptcp][3Sg][3Sg]
pimakanga	pi-@₁~:(i/u)ma[to.have.V-ed][to.have.been.V-ed][V→V][V][Cond][3Sg][1Sg]

unaqekaa	+?

------------------------
Unaghsighllak agughaghsimalghii.

unaghsighllak	+?

agughaghsimalghii	+?

------------------------
Itemusimakangi.

itemusimakangi	+?

------------------------


	

------------------------
Aanleghaasimalghiit.

aanleghaasimalghiit	+?

------------------------
Tallimaghteng taghsaneghemng aghtughluku alininguq unisimakangat.

tallimaghteng	+?

taghsaneghemng	+?

aghtughluku	aghtugh[V][Sbrd][1Du][3Sg]
aghtughluku	aghtugh[V][Sbrd][1Pl][3Sg]
aghtughluku	aghtugh[V][Sbrd][1Sg][3Sg]
aghtughluku	aghtugh[V][Sbrd][2Du][3Sg]
aghtughluku	aghtugh[V][Sbrd][2Pl][3Sg]
aghtughluku	aghtugh[V][Sbrd][2Sg][3Sg]
aghtughluku	aghtugh[V][Sbrd][3Du][3Sg]
aghtughluku	aghtugh[V][Sbrd][3Pl][3Sg]
aghtughluku	aghtugh[V][Sbrd][3Sg][3Sg]

alininguq	+?

unisimakangat	+?

------------------------
Taakuk ratamiirek qilevrimeng kevighlukek qimagusimalghiit.

taakuk	taake[V][Ind][3Du]

ratamiirek	+?

qilevrimeng	+?

kevighlukek	+?

qimagusimalghiit	+?

------------------------
Mayeraaghpagem ulaani ipegsaghluku takumakangi.

mayeraaghpagem	+?

ulaani	ulaagh[N][Abs][4SgPoss][SgPosd]
ulaani	ulaagh[N][Abs][4SgPoss][PlPosd]

ipegsaghluku	+?

takumakangi	taku-@₁~:(i/u)ma[to.have.V-ed][to.have.been.V-ed][V→V]-@*@₂~sf–(g₂)k(a)e[the.one.that.possessor.V-ed][V→N][N][Abs][3SgPoss][PlPosd]
takumakangi	taku-@₁~:(i/u)ma[to.have.V-ed][to.have.been.V-ed][V→V][V][Ptcp][3Sg][3Pl]

------------------------
Kaalluni aliin inglunga pilagumakanga.

kaalluni	kaate[V][Sbrd][3Sg]

aliin	+?

inglunga	+?

pilagumakanga	+?

------------------------
Pagunghaat ifaquusimalghiit.

pagunghaat	pagunghagh*[N][Abs][Unpd][Pl]
pagunghaat	pagunghagh*[N][Abs][3PlPoss][SgPosd]
pagunghaat	pagunghagh*[N][Rel][Unpd][Pl]

ifaquusimalghiit	+?

------------------------
"Iyeruuget, iyeruuget!"

iyeruuget	+?

iyeruuget	+?

------------------------
Inglunga pilagyaqenni aghnaghaghhaam iqelqwa kepqaghsimakanga.

inglunga	+?

pilagyaqenni	+?

aghnaghaghhaam	aghnaghagh*-–ghhagh*[dear.N][N→N][N][Rel][Unpd][Sg]

iqelqwa	+?

kepqaghsimakanga	+?

------------------------
Enkaam qiyamalghii, "Keka keka kumaghqughtekelleqaghpenga!"

enkaam	enkaam

qiyamalghii	qiya-@₁~:(i/u)ma[to.have.V-ed][to.have.been.V-ed][V→V]-@₁–lghii[the.one.that.V-ed][the.one.that.is.V][V→N][N][Abs][Unpd][Sg]
qiyamalghii	qiya-@₁~:(i/u)ma[to.have.V-ed][to.have.been.V-ed][V→V][V][Ptcp][3Sg]

keka	+?

keka	+?

kumaghqughtekelleqaghpenga	+?

------------------------
"Sangan uveglluten ungipannaaghsinga."

sangan	sa[N][Rel][3SgPoss][SgPosd]
sangan	sa[N][Rel][3SgPoss][PlPosd]
sangan	sa[V][CnsqI][3Sg]
sangan	sangagh[N][Abs][2SgPoss][SgPosd]
sangan	sangan

uveglluten	+?

ungipannaaghsinga	+?

------------------------


	

------------------------
Aglaalluku itghusimakanga.

aglaalluku	+?

itghusimakanga	+?

------------------------
"Apay, aanaghllanga."

apay	+?

aanaghllanga	+?

------------------------
"Samengqun kamegluten atkugluten?"

samengqun	+?

kamegluten	+?

atkugluten	+?

------------------------
"Kamegllagegken atkugllagen aallukek."

kamegllagegken	kameg-–ghllag[big.N][N→N][N][Abs][2SgPoss][DuPosd]

atkugllagen	atkug-–ghllag[big.N][N→N][N][Abs][2SgPoss][SgPosd]

aallukek	aate[V][Sbrd][1Du][3Du]
aallukek	aate[V][Sbrd][1Pl][3Du]
aallukek	aate[V][Sbrd][1Sg][3Du]
aallukek	aate[V][Sbrd][2Du][3Du]
aallukek	aate[V][Sbrd][2Pl][3Du]
aallukek	aate[V][Sbrd][2Sg][3Du]
aallukek	aate[V][Sbrd][3Du][3Du]
aallukek	aate[V][Sbrd][3Pl][3Du]
aallukek	aate[V][Sbrd][3Sg][3Du]

------------------------
Aanesimakanga uqeghhmun uyatiighluku.

aanesimakanga	aane-te[to.act.on.so.as.to.cause.to.V][V→V]-@₁~:(i/u)ma[to.have.V-ed][to.have.been.V-ed][V→V]-@*@₂~sf–(g₂)k(a)e[the.one.that.possessor.V-ed][V→N][N][Abs][3SgPoss][SgPosd]

uqeghhmun	+?

uyatiighluku	+?

------------------------
Aanluni tawansimaluku yuggaak tapghami esghaamakek.

aanluni	aane[V][Sbrd][3Sg]

tawansimaluku	+?

yuggaak	+?

tapghami	+?

esghaamakek	esghagh-@₁~:(i/u)ma[to.have.V-ed][to.have.been.V-ed][V→V]-@*@₂~sf–(g₂)k(a)e[the.one.that.possessor.V-ed][V→N][N][Abs][Unpd][Du]
esghaamakek	esghagh-@₁~:(i/u)ma[to.have.V-ed][to.have.been.V-ed][V→V]-@*@₂~sf–(g₂)k(a)e[the.one.that.possessor.V-ed][V→N][N][Rel][Unpd][Du]
esghaamakek	esghagh-@₁~:(i/u)ma[to.have.V-ed][to.have.been.V-ed][V→V][V][Opt][PRS][2Sg][3Du]
esghaamakek	esghagh-@₁~:(i/u)ma[to.have.V-ed][to.have.been.V-ed][V→V][V][Intrg][2Pl][3Du]

------------------------
Aghnaghaghhaq pimalghii, "Yuggagka aliighhaghtuk aaaa tapghameng aaaa aliqaghtuq aaaa aallgha panalek aallgha pitegsitalek!"

aghnaghaghhaq	aghnaghagh*-–ghhagh*[dear.N][N→N][N][Abs][Unpd][Sg]

pimalghii	pi-@₁~:(i/u)ma[to.have.V-ed][to.have.been.V-ed][V→V]-@₁–lghii[the.one.that.V-ed][the.one.that.is.V][V→N][N][Abs][Unpd][Sg]
pimalghii	pi-@₁~:(i/u)ma[to.have.V-ed][to.have.been.V-ed][V→V][V][Ptcp][3Sg]

yuggagka	+?

aliighhaghtuk	+?

aaaa	+?

tapghameng	+?

aaaa	+?

aliqaghtuq	+?

aaaa	+?

aallgha	+?

panalek	+?

aallgha	+?

pitegsitalek	+?

------------------------
"Panikellemaay sameng piiqsin?"

panikellemaay	+?

sameng	sa[N][Rel][4DuPoss][SgPosd]
sameng	sa[N][Rel][4DuPoss][PlPosd]
sameng	sa[N][Rel][4PlPoss][SgPosd]
sameng	sa[N][Rel][4PlPoss][PlPosd]
sameng	sa[N][Abl_Mod][Unpd][Sg]
sameng	sameng

piiqsin	pi-~(g₁)aqe[to.be.V.ing][to.regularly.or.repeatedly.V][V→V][V][Intrg][2Sg]

------------------------
"Aatak naghuyaqellaankuk meteghlluglliqellaankuk piiqagka!"

aatak	aate[V][Ind][3Sg][3Du]

naghuyaqellaankuk	+?

meteghlluglliqellaankuk	+?

piiqagka	pi-~(g₁)aqe[to.be.V.ing][to.regularly.or.repeatedly.V][V→V][V][Ind][1Sg][3Du]

------------------------
Taagken yugek kaallutek itemlluku qimagusimakangat aghnaghaghhaq.

taagken	taagken

yugek	yug[N][Abs][Unpd][Du]
yugek	yug[N][Rel][Unpd][Du]

kaallutek	kaate[V][Sbrd][1Du][2Du]
kaallutek	kaate[V][Sbrd][1Pl][2Du]
kaallutek	kaate[V][Sbrd][1Sg][2Du]
kaallutek	kaate[V][Sbrd][2Du]
kaallutek	kaate[V][Sbrd][3Du]
kaallutek	kaate[V][Sbrd][3Du][2Du]
kaallutek	kaate[V][Sbrd][3Pl][2Du]
kaallutek	kaate[V][Sbrd][3Sg][2Du]

itemlluku	+?

qimagusimakangat	+?

aghnaghaghhaq	aghnaghagh*-–ghhagh*[dear.N][N→N][N][Abs][Unpd][Sg]

------------------------


	

------------------------
Mayeraaghpagem tuqluumakanga, "Panikellemaay, panikellemaay."

mayeraaghpagem	+?

tuqluumakanga	tuqlugh-@₁~:(i/u)ma[to.have.V-ed][to.have.been.V-ed][V→V]-@*@₂~sf–(g₂)k(a)e[the.one.that.possessor.V-ed][V→N][N][Abs][3SgPoss][SgPosd]
tuqluumakanga	tuqlugh-@₁~:(i/u)ma[to.have.V-ed][to.have.been.V-ed][V→V][V][Ptcp][3Sg][3Sg]
tuqluumakanga	tuqlugh-@₁~:(i/u)ma[to.have.V-ed][to.have.been.V-ed][V→V][V][Cond][3Sg][1Sg]

panikellemaay	+?

panikellemaay	+?

------------------------
Qaalkaamangituq.

qaalkaamangituq	+?

------------------------
Aanyalghiimi aga uyavaatusimakangat aghnaghaghhaq.

aanyalghiimi	aane-@₁~fyagh[to.go.V-ing][to.V.in.vain][V→V]-@₁–lghii[the.one.that.V-ed][the.one.that.is.V][V→N][N][Loc][Unpd][Sg]
aanyalghiimi	aane-@₁~fyagh[to.go.V-ing][to.V.in.vain][V→V]-@₁–lghii[the.one.that.V-ed][the.one.that.is.V][V→N][N][Rel][4SgPoss][SgPosd]
aanyalghiimi	aane-@₁~fyagh[to.go.V-ing][to.V.in.vain][V→V]-@₁–lghii[the.one.that.V-ed][the.one.that.is.V][V→N][N][Rel][4SgPoss][PlPosd]
aanyalghiimi	aane[V][Ptcp_Obl][4Sg]

aga	aga

uyavaatusimakangat	+?

aghnaghaghhaq	aghnaghagh*-–ghhagh*[dear.N][N→N][N][Abs][Unpd][Sg]

------------------------


	

------------------------
Taagken malighqaamakangi.

taagken	taagken

malighqaamakangi	+?

------------------------
"Iiteg'qun kaaskumsi neghelleqegkemsi!"

iitegqun	+?

kaaskumsi	kaate[V][Cond][1Du][2Pl]
kaaskumsi	kaate[V][Cond][1Pl][2Pl]
kaaskumsi	kaate[V][Cond][1Sg][2Pl]

neghelleqegkemsi	neghe-te[to.act.on.so.as.to.cause.to.V][V→V]-@₁lleqe[will.V][V→V][V][Ptcp][1Du][2Pl]
neghelleqegkemsi	neghe-te[to.act.on.so.as.to.cause.to.V][V→V]-@₁lleqe[will.V][V→V][V][Ptcp][1Pl][2Pl]
neghelleqegkemsi	neghe-te[to.act.on.so.as.to.cause.to.V][V→V]-@₁lleqe[will.V][V→V][V][Ptcp][1Sg][2Pl]
neghelleqegkemsi	neghe-@₁lleqe[will.V][V→V][V][Ptcp][1Du][2Pl]
neghelleqegkemsi	neghe-@₁lleqe[will.V][V→V][V][Ptcp][1Pl][2Pl]
neghelleqegkemsi	neghe-@₁lleqe[will.V][V→V][V][Ptcp][1Sg][2Pl]

------------------------
Qimaginaamaluki kaasaghtumakangi.

qimaginaamaluki	+?

kaasaghtumakangi	+?

------------------------
"Aghnaghaghhaaghmi siingenllu tughneghaaghtekalghiiten sanaqi!"

aghnaghaghhaaghmi	+?

siingenllu	+?

tughneghaaghtekalghiiten	+?

sanaqi	sa-@₁~fnaqe[to.be.going.to.V][V→V]-~i[SBJ.V-ed.something][V→V][V][Opt][PRS][2Sg]
sanaqi	sa-@₁~fnaqe[to.be.going.to.V][V→V][V][Opt][PRS][2Sg]
sanaqi	sa-~:(u)te[to.V.for.or.with][to.cause.to.V.as.one.is.V-ing][to.V.toward.each.other][V→V]-@₁~fnaqe[to.be.going.to.V][V→V]-~i[SBJ.V-ed.something][V→V][V][Opt][PRS][2Sg]
sanaqi	sa-~:(u)te[to.V.for.or.with][to.cause.to.V.as.one.is.V-ing][to.V.toward.each.other][V→V]-@₁~fnaqe[to.be.going.to.V][V→V][V][Opt][PRS][2Sg]
sanaqi	sa-~:(u)te[SBJ.V-ed.something][V→V]-@₁~fnaqe[to.be.going.to.V][V→V]-~i[SBJ.V-ed.something][V→V][V][Opt][PRS][2Sg]
sanaqi	sa-~:(u)te[SBJ.V-ed.something][V→V]-@₁~fnaqe[to.be.going.to.V][V→V][V][Opt][PRS][2Sg]

------------------------
Uyghagmeng tugulluni napaghsaqenni naayghaghllak taaqaa aghvighvigilnguq avangilnguq.

uyghagmeng	uyghag[N][Rel][4DuPoss][SgPosd]
uyghagmeng	uyghag[N][Rel][4DuPoss][PlPosd]
uyghagmeng	uyghag[N][Rel][4PlPoss][SgPosd]
uyghagmeng	uyghag[N][Rel][4PlPoss][PlPosd]
uyghagmeng	uyghag[N][Abl_Mod][Unpd][Sg]

tugulluni	tugu-~:(u)te[condition.with.respect.to.V-ing][V→N]-te[to.catch.N][to.go.to.N][N→V][V][Sbrd][3Sg]
tugulluni	tugu-~:(u)te[SBJ.V-ed.something][V→V]-te[to.act.on.so.as.to.cause.to.V][V→V][V][Sbrd][3Sg]

napaghsaqenni	+?

naayghaghllak	naayghagh-–ghllag[big.N][N→N][N][Abs][Unpd][Sg]

taaqaa	+?

aghvighvigilnguq	+?

avangilnguq	+?

------------------------
Pegnem mayeraaghpagem mayughluku malighqaatakangi kaasaghtughyateng, "Aghnaghaghhaq siingenllu tughneghaaghtekaaguten, sanaqi!"

pegnem	+?

mayeraaghpagem	+?

mayughluku	mayugh[V][Sbrd][1Du][3Sg]
mayughluku	mayugh[V][Sbrd][1Pl][3Sg]
mayughluku	mayugh[V][Sbrd][1Sg][3Sg]
mayughluku	mayugh[V][Sbrd][2Du][3Sg]
mayughluku	mayugh[V][Sbrd][2Pl][3Sg]
mayughluku	mayugh[V][Sbrd][2Sg][3Sg]
mayughluku	mayugh[V][Sbrd][3Du][3Sg]
mayughluku	mayugh[V][Sbrd][3Pl][3Sg]
mayughluku	mayugh[V][Sbrd][3Sg][3Sg]

malighqaatakangi	+?

kaasaghtughyateng	+?

aghnaghaghhaq	aghnaghagh*-–ghhagh*[dear.N][N→N][N][Abs][Unpd][Sg]

siingenllu	+?

tughneghaaghtekaaguten	+?

sanaqi	sa-@₁~fnaqe[to.be.going.to.V][V→V]-~i[SBJ.V-ed.something][V→V][V][Opt][PRS][2Sg]
sanaqi	sa-@₁~fnaqe[to.be.going.to.V][V→V][V][Opt][PRS][2Sg]
sanaqi	sa-~:(u)te[to.V.for.or.with][to.cause.to.V.as.one.is.V-ing][to.V.toward.each.other][V→V]-@₁~fnaqe[to.be.going.to.V][V→V]-~i[SBJ.V-ed.something][V→V][V][Opt][PRS][2Sg]
sanaqi	sa-~:(u)te[to.V.for.or.with][to.cause.to.V.as.one.is.V-ing][to.V.toward.each.other][V→V]-@₁~fnaqe[to.be.going.to.V][V→V][V][Opt][PRS][2Sg]
sanaqi	sa-~:(u)te[SBJ.V-ed.something][V→V]-@₁~fnaqe[to.be.going.to.V][V→V]-~i[SBJ.V-ed.something][V→V][V][Opt][PRS][2Sg]
sanaqi	sa-~:(u)te[SBJ.V-ed.something][V→V]-@₁~fnaqe[to.be.going.to.V][V→V][V][Opt][PRS][2Sg]

------------------------
Iqelqughhani tawekenga qiipumalghii suupumaan nuna tereghyaqenni kiiwhllagek taaqumakek.

iqelqughhani	+?

tawekenga	+?

qiipumalghii	+?

suupumaan	+?

nuna	nuna[N][Abs][Unpd][Sg]

tereghyaqenni	+?

kiiwhllagek	+?

taaqumakek	taaqe-@₁~:(i/u)ma[to.have.V-ed][to.have.been.V-ed][V→V]-@*@₂~sf–(g₂)k(a)e[the.one.that.possessor.V-ed][V→N][N][Abs][Unpd][Du]
taaqumakek	taaqe-@₁~:(i/u)ma[to.have.V-ed][to.have.been.V-ed][V→V]-@*@₂~sf–(g₂)k(a)e[the.one.that.possessor.V-ed][V→N][N][Rel][Unpd][Du]

------------------------
"Panikellemaay naten aghvighlagngek?"

panikellemaay	+?

naten	naten

aghvighlagngek	+?

------------------------
"Meghlukek!"

meghlukek	meghe[V][Sbrd][1Du][3Du]
meghlukek	meghe[V][Sbrd][1Pl][3Du]
meghlukek	meghe[V][Sbrd][1Sg][3Du]
meghlukek	meghe[V][Sbrd][2Du][3Du]
meghlukek	meghe[V][Sbrd][2Pl][3Du]
meghlukek	meghe[V][Sbrd][2Sg][3Du]
meghlukek	meghe[V][Sbrd][3Du][3Du]
meghlukek	meghe[V][Sbrd][3Pl][3Du]
meghlukek	meghe[V][Sbrd][3Sg][3Du]
meghlukek	megh[V][Sbrd][1Du][3Du]
meghlukek	megh[V][Sbrd][1Pl][3Du]
meghlukek	megh[V][Sbrd][1Sg][3Du]
meghlukek	megh[V][Sbrd][2Du][3Du]
meghlukek	megh[V][Sbrd][2Pl][3Du]
meghlukek	megh[V][Sbrd][2Sg][3Du]
meghlukek	megh[V][Sbrd][3Du][3Du]
meghlukek	megh[V][Sbrd][3Pl][3Du]
meghlukek	megh[V][Sbrd][3Sg][3Du]

------------------------
Meghyaqegni meghyaqegni pimakanga, "Iitek tawa naangsaghtughagken!"

meghyaqegni	megh-@₁~fyagh[to.go.V-ing][to.V.in.vain][V→V]-@*@₂~sf–(g₂)k(a)e[the.one.that.possessor.V-ed][V→N][N][Abs][4SgPoss][DuPosd]
meghyaqegni	megh-@₁~fyagh[to.go.V-ing][to.V.in.vain][V→V]-@*@₂~sf–(g₂)k(a)e[the.one.that.possessor.V-ed][V→N][N][Loc][Unpd][Du]
meghyaqegni	meghe-@₁~fyagh[to.go.V-ing][to.V.in.vain][V→V]-@*@₂~sf–(g₂)k(a)e[the.one.that.possessor.V-ed][V→N][N][Abs][4SgPoss][DuPosd]
meghyaqegni	meghe-@₁~fyagh[to.go.V-ing][to.V.in.vain][V→V]-@*@₂~sf–(g₂)k(a)e[the.one.that.possessor.V-ed][V→N][N][Loc][Unpd][Du]

meghyaqegni	megh-@₁~fyagh[to.go.V-ing][to.V.in.vain][V→V]-@*@₂~sf–(g₂)k(a)e[the.one.that.possessor.V-ed][V→N][N][Abs][4SgPoss][DuPosd]
meghyaqegni	megh-@₁~fyagh[to.go.V-ing][to.V.in.vain][V→V]-@*@₂~sf–(g₂)k(a)e[the.one.that.possessor.V-ed][V→N][N][Loc][Unpd][Du]
meghyaqegni	meghe-@₁~fyagh[to.go.V-ing][to.V.in.vain][V→V]-@*@₂~sf–(g₂)k(a)e[the.one.that.possessor.V-ed][V→N][N][Abs][4SgPoss][DuPosd]
meghyaqegni	meghe-@₁~fyagh[to.go.V-ing][to.V.in.vain][V→V]-@*@₂~sf–(g₂)k(a)e[the.one.that.possessor.V-ed][V→N][N][Loc][Unpd][Du]

pimakanga	pi-@₁~:(i/u)ma[to.have.V-ed][to.have.been.V-ed][V→V]-@*@₂~sf–(g₂)k(a)e[the.one.that.possessor.V-ed][V→N][N][Abs][3SgPoss][SgPosd]
pimakanga	pi-@₁~:(i/u)ma[to.have.V-ed][to.have.been.V-ed][V→V][V][Ptcp][3Sg][3Sg]
pimakanga	pi-@₁~:(i/u)ma[to.have.V-ed][to.have.been.V-ed][V→V][V][Cond][3Sg][1Sg]

iitek	+?

tawa	tawa

naangsaghtughagken	+?

------------------------
Qamagllukek nekevumalghii aqsaghllani qamuqluku esleqem angtalanganeng.

qamagllukek	+?

nekevumalghii	nekeve-@₁~:(i/u)ma[to.have.V-ed][to.have.been.V-ed][V→V]-@₁–lghii[the.one.that.V-ed][the.one.that.is.V][V→N][N][Abs][Unpd][Sg]
nekevumalghii	nekeve-@₁~:(i/u)ma[to.have.V-ed][to.have.been.V-ed][V→V][V][Ptcp][3Sg]

aqsaghllani	+?

qamuqluku	+?

esleqem	+?

angtalanganeng	+?

------------------------
Pimakanga aghnaghaghhaam, "Apay sangan pikavek uusneghwaaghem qaaynganun putughyanghisin?"

pimakanga	pi-@₁~:(i/u)ma[to.have.V-ed][to.have.been.V-ed][V→V]-@*@₂~sf–(g₂)k(a)e[the.one.that.possessor.V-ed][V→N][N][Abs][3SgPoss][SgPosd]
pimakanga	pi-@₁~:(i/u)ma[to.have.V-ed][to.have.been.V-ed][V→V][V][Ptcp][3Sg][3Sg]
pimakanga	pi-@₁~:(i/u)ma[to.have.V-ed][to.have.been.V-ed][V→V][V][Cond][3Sg][1Sg]

aghnaghaghhaam	aghnaghagh*-–ghhagh*[dear.N][N→N][N][Rel][Unpd][Sg]

apay	+?

sangan	sa[N][Rel][3SgPoss][SgPosd]
sangan	sa[N][Rel][3SgPoss][PlPosd]
sangan	sa[V][CnsqI][3Sg]
sangan	sangagh[N][Abs][2SgPoss][SgPosd]
sangan	sangan

pikavek	pikavek

uusneghwaaghem	+?

qaaynganun	qaye[N][Ter][3SgPoss][SgPosd]
qaaynganun	qaye[N][Ter][3SgPoss][PlPosd]

putughyanghisin	+?

------------------------
Mayeraaghpak mayughluni nutaan talligni quulmun nengugusaghaak aqsanga quupaghaghsimaaq.

mayeraaghpak	+?

mayughluni	mayugh[V][Sbrd][3Sg]

nutaan	+?

talligni	talligh[N][Abs][4SgPoss][DuPosd]
talligni	talligh[N][Loc][Unpd][Du]

quulmun	+?

nengugusaghaak	+?

aqsanga	+?

quupaghaghsimaaq	+?

------------------------
Quupaghaghsalghiimi qayungllaasiq, qayusiq, signeghwaaq, qaltaq legan allaghhiinaq sanqutraaq.

quupaghaghsalghiimi	+?

qayungllaasiq	+?

qayusiq	+?

signeghwaaq	+?

qaltaq	+?

legan	legan

allaghhiinaq	+?

sanqutraaq	+?

------------------------


	

------------------------
Qamagtuq.

qamagtuq	qamagte[V][Ind][3Sg]

------------------------
