Yuggaq Unangyiilnguq Enkaam Nanuq

﻿yuggaq	+?

unangyiilnguq	+?

enkaam	enkaam

nanuq	nanugh*[N][Abs][Unpd][Sg]

------------------------


	

------------------------
Iimnanguq yuggaq kiyaghsimalghii nunaaghmi enngaatall unangyiitepiglleghhii.

iimnanguq	+?

yuggaq	+?

kiyaghsimalghii	kiyaghte-@₁~:(i/u)ma[to.have.V-ed][to.have.been.V-ed][V→V]-@₁–lghii[the.one.that.V-ed][the.one.that.is.V][V→N][N][Abs][Unpd][Sg]
kiyaghsimalghii	kiyaghte-@₁~:(i/u)ma[to.have.V-ed][to.have.been.V-ed][V→V][V][Ptcp][3Sg]

nunaaghmi	+?

enngaatall	+?

unangyiitepiglleghhii	+?

------------------------
Ilangi mughutalgutangi unangaqelghiit ellnga mughulluni taglaneghmini avangunani.

ilangi	ila[N][Abs][3SgPoss][PlPosd]

mughutalgutangi	+?

unangaqelghiit	+?

ellnga	ellnga

mughulluni	mughute[V][Sbrd][3Sg]

taglaneghmini	taglagh-@₁–negh[the.act.or.activity.of.V-ing][V→N][N][Loc][4SgPoss][SgPosd]
taglaneghmini	taglagh-@₁–negh[the.act.or.activity.of.V-ing][V→N][N][Loc][4SgPoss][PlPosd]
taglaneghmini	taglagh[V][Ctmp][4Sg]

avangunani	+?

------------------------
Nulighha qagani nunalgutmeggnun tungsighniighaqelghii.

nulighha	nulighh[N][Abs][3SgPoss][SgPosd]

qagani	qagani

nunalgutmeggnun	nuna-–leg[one.having.N][N→N]-~:(ng₁)u[to.be.N][N→V]-~:(u)te[condition.with.respect.to.V-ing][V→N][N][Ter][4PlPoss][PlPosd]
nunalgutmeggnun	nuna-–leg[one.having.N][N→N]-~:(ng₁)u[to.be.N][N→V]-~:(u)te[condition.with.respect.to.V-ing][V→N][N][Ter][4PlPoss][SgPosd]
nunalgutmeggnun	nuna-–lgu[to.have.N][N→V]-~:(u)te[condition.with.respect.to.V-ing][V→N][N][Ter][4PlPoss][PlPosd]
nunalgutmeggnun	nuna-–lgu[to.have.N][N→V]-~:(u)te[condition.with.respect.to.V-ing][V→N][N][Ter][4PlPoss][SgPosd]

tungsighniighaqelghii	+?

------------------------
Nunalgutangita unangkaqegkangat neghsaq, maklak, ayveq, nanuq.

nunalgutangita	nuna-–leg[one.having.N][N→N]-~:(ng₁)u[to.be.N][N→V]-~:(u)ta[condition.with.respect.to.V-ing][V→N]-~:(ng₁)ite**[to.lack.N][to.not.have.N][N→V][V][Intrg][3Sg]
nunalgutangita	nuna-–leg[one.having.N][N→N]-~:(ng₁)u[to.be.N][N→V]-~:(u)ta[condition.with.respect.to.V-ing][V→N][N][Rel][3DuPoss][SgPosd]
nunalgutangita	nuna-–leg[one.having.N][N→N]-~:(ng₁)u[to.be.N][N→V]-~:(u)ta[condition.with.respect.to.V-ing][V→N][N][Rel][3DuPoss][PlPosd]
nunalgutangita	nuna-–leg[one.having.N][N→N]-~:(ng₁)u[to.be.N][N→V]-~:(u)ta[condition.with.respect.to.V-ing][V→N][N][Rel][3PlPoss][SgPosd]
nunalgutangita	nuna-–leg[one.having.N][N→N]-~:(ng₁)u[to.be.N][N→V]-~:(u)ta[condition.with.respect.to.V-ing][V→N][N][Rel][3PlPoss][PlPosd]
nunalgutangita	nuna-–lgu[to.have.N][N→V]-~:(u)ta[condition.with.respect.to.V-ing][V→N]-~:(ng₁)ite**[to.lack.N][to.not.have.N][N→V][V][Intrg][3Sg]
nunalgutangita	nuna-–lgu[to.have.N][N→V]-~:(u)ta[condition.with.respect.to.V-ing][V→N][N][Rel][3DuPoss][SgPosd]
nunalgutangita	nuna-–lgu[to.have.N][N→V]-~:(u)ta[condition.with.respect.to.V-ing][V→N][N][Rel][3DuPoss][PlPosd]
nunalgutangita	nuna-–lgu[to.have.N][N→V]-~:(u)ta[condition.with.respect.to.V-ing][V→N][N][Rel][3PlPoss][SgPosd]
nunalgutangita	nuna-–lgu[to.have.N][N→V]-~:(u)ta[condition.with.respect.to.V-ing][V→N][N][Rel][3PlPoss][PlPosd]

unangkaqegkangat	+?

neghsaq	neghsagh[N][Abs][Unpd][Sg]

maklak	+?

ayveq	ayvegh[N][Abs][Unpd][Sg]

nanuq	nanugh*[N][Abs][Unpd][Sg]

------------------------
Ellnga yuggaq sakengigalnguq.

ellnga	ellnga

yuggaq	+?

sakengigalnguq	+?

------------------------


	

------------------------
Maaten ilangani mughulluteng taan'ganlluki anuqliisimakangi.

maaten	+?

ilangani	ila[N][Loc][3SgPoss][SgPosd]
ilangani	ila[N][Loc][3SgPoss][PlPosd]
ilangani	ilangani

mughulluteng	mughute[V][Sbrd][3Pl]

taanganlluki	+?

anuqliisimakangi	anuqligh-~:(u)te[to.V.for.or.with][to.cause.to.V.as.one.is.V-ing][to.V.toward.each.other][V→V]-@₁~:(i/u)ma[to.have.V-ed][to.have.been.V-ed][V→V]-@*@₂~sf–(g₂)k(a)e[the.one.that.possessor.V-ed][V→N][N][Abs][3SgPoss][PlPosd]
anuqliisimakangi	anuqligh-~:(u)te[SBJ.V-ed.something][V→V]-@₁~:(i/u)ma[to.have.V-ed][to.have.been.V-ed][V→V]-@*@₂~sf–(g₂)k(a)e[the.one.that.possessor.V-ed][V→N][N][Abs][3SgPoss][PlPosd]

------------------------
Mughutat nanughaghluteng amiiriqiinaghluku anuqliisisteng taglaamalghiit.

mughutat	mughute[V][Intrg][3Pl]

nanughaghluteng	+?

amiiriqiinaghluku	+?

anuqliisisteng	+?

taglaamalghiit	taglagh-@₁~:(i/u)ma[to.have.V-ed][to.have.been.V-ed][V→V]-@₁–lghii[the.one.that.V-ed][the.one.that.is.V][V→N][N][Abs][Unpd][Pl]
taglaamalghiit	taglagh-@₁~:(i/u)ma[to.have.V-ed][to.have.been.V-ed][V→V]-@₁–lghii[the.one.that.V-ed][the.one.that.is.V][V→N][N][Rel][Unpd][Pl]
taglaamalghiit	taglagh-@₁~:(i/u)ma[to.have.V-ed][to.have.been.V-ed][V→V][V][Ptcp][3Pl]

------------------------
Enraq alla yuggaq unangyiitalghii iikusimakanga.

enraq	+?

alla	alla
alla	alla[N][Abs][Unpd][Sg]

yuggaq	+?

unangyiitalghii	+?

iikusimakanga	+?

------------------------
Aghtughluni aghvighnaqneghmeng inglunganun tungemeggnun ellmeng, ketmun anagumalghii iighwillghaanun.

aghtughluni	aghtugh[V][Sbrd][3Sg]

aghvighnaqneghmeng	+?

inglunganun	+?

tungemeggnun	+?

ellmeng	ellmeng

ketmun	+?

anagumalghii	+?

iighwillghaanun	+?

------------------------
Kaasami angalghunun aglaghluni tawani nenglungllaghluni iitghumalghii.

kaasami	kaate[V][CnsqI][4Sg]

angalghunun	+?

aglaghluni	aglagh[V][Sbrd][3Sg]

tawani	tawani

nenglungllaghluni	nenglu-–ngllagh[to.make.N][N→V][V][Sbrd][3Sg]

iitghumalghii	itegh-@₁~:(i/u)ma[to.have.V-ed][to.have.been.V-ed][V→V]-@₁–lghii[the.one.that.V-ed][the.one.that.is.V][V→N][N][Abs][Unpd][Sg]
iitghumalghii	itegh-@₁~:(i/u)ma[to.have.V-ed][to.have.been.V-ed][V→V][V][Ptcp][3Sg]

------------------------
Tesqamani aqumgaamaluku nagaquusimalghii uka alighumalghii ghhuunaqeghllak sangwaa.

tesqamani	+?

aqumgaamaluku	+?

nagaquusimalghii	nagate-@₁qugh[to.V.completely]-~:(u)te[to.V.for.or.with][to.cause.to.V.as.one.is.V-ing][to.V.toward.each.other][V→V]-@₁~:(i/u)ma[to.have.V-ed][to.have.been.V-ed][V→V]-@₁–lghii[the.one.that.V-ed][the.one.that.is.V][V→N][N][Abs][Unpd][Sg]
nagaquusimalghii	nagate-@₁qugh[to.V.completely]-~:(u)te[to.V.for.or.with][to.cause.to.V.as.one.is.V-ing][to.V.toward.each.other][V→V]-@₁~:(i/u)ma[to.have.V-ed][to.have.been.V-ed][V→V][V][Ptcp][3Sg]
nagaquusimalghii	nagate-@₁qugh[to.V.completely]-~:(u)te[SBJ.V-ed.something][V→V]-@₁~:(i/u)ma[to.have.V-ed][to.have.been.V-ed][V→V]-@₁–lghii[the.one.that.V-ed][the.one.that.is.V][V→N][N][Abs][Unpd][Sg]
nagaquusimalghii	nagate-@₁qugh[to.V.completely]-~:(u)te[SBJ.V-ed.something][V→V]-@₁~:(i/u)ma[to.have.V-ed][to.have.been.V-ed][V→V][V][Ptcp][3Sg]

uka	uka

alighumalghii	+?

ghhuunaqeghllak	+?

sangwaa	sa-~:(ng₁)u[to.be.N][N→V][V][Intrg][3Sg]

------------------------
Yuggaq sumeghtaghaamalghii, "Uuk, enraq alla iflamayalghiinga.

yuggaq	+?

sumeghtaghaamalghii	sumeghtaghagh-@₁~:(i/u)ma[to.have.V-ed][to.have.been.V-ed][V→V]-@₁–lghii[the.one.that.V-ed][the.one.that.is.V][V→N][N][Abs][Unpd][Sg]
sumeghtaghaamalghii	sumeghtaghagh-@₁~:(i/u)ma[to.have.V-ed][to.have.been.V-ed][V→V][V][Ptcp][3Sg]

uuk	+?

enraq	+?

alla	alla
alla	alla[N][Abs][Unpd][Sg]

iflamayalghiinga	ifla-@₁~:(i/u)ma[to.have.V-ed][to.have.been.V-ed][V→V]-@₁~fyagh[to.go.V-ing][to.V.in.vain][V→V]-@₁–lghii[the.one.that.V-ed][the.one.that.is.V][V→N][N][Abs][3SgPoss][SgPosd]
iflamayalghiinga	ifla-@₁~:(i/u)ma[to.have.V-ed][to.have.been.V-ed][V→V]-@₁~fyagh[to.go.V-ing][to.V.in.vain][V→V][V][Ptcp][1Sg]
iflamayalghiinga	ifla-@₁~:(i/u)ma[to.have.V-ed][to.have.been.V-ed][V→V]-~:(u)te[to.V.for.or.with][to.cause.to.V.as.one.is.V-ing][to.V.toward.each.other][V→V]-@₁~fyagh[to.go.V-ing][to.V.in.vain][V→V]-@₁–lghii[the.one.that.V-ed][the.one.that.is.V][V→N][N][Abs][3SgPoss][SgPosd]
iflamayalghiinga	ifla-@₁~:(i/u)ma[to.have.V-ed][to.have.been.V-ed][V→V]-~:(u)te[to.V.for.or.with][to.cause.to.V.as.one.is.V-ing][to.V.toward.each.other][V→V]-@₁~fyagh[to.go.V-ing][to.V.in.vain][V→V][V][Ptcp][1Sg]
iflamayalghiinga	ifla-@₁~:(i/u)ma[to.have.V-ed][to.have.been.V-ed][V→V]-~:(u)te[to.V.for.or.with][to.cause.to.V.as.one.is.V-ing][to.V.toward.each.other][V→V][V][Ptcp_Obl][1Sg]
iflamayalghiinga	ifla-@₁~:(i/u)ma[to.have.V-ed][to.have.been.V-ed][V→V]-~:(u)te[SBJ.V-ed.something][V→V]-@₁~fyagh[to.go.V-ing][to.V.in.vain][V→V]-@₁–lghii[the.one.that.V-ed][the.one.that.is.V][V→N][N][Abs][3SgPoss][SgPosd]
iflamayalghiinga	ifla-@₁~:(i/u)ma[to.have.V-ed][to.have.been.V-ed][V→V]-~:(u)te[SBJ.V-ed.something][V→V]-@₁~fyagh[to.go.V-ing][to.V.in.vain][V→V][V][Ptcp][1Sg]
iflamayalghiinga	ifla-@₁~:(i/u)ma[to.have.V-ed][to.have.been.V-ed][V→V]-~:(u)te[SBJ.V-ed.something][V→V][V][Ptcp_Obl][1Sg]
iflamayalghiinga	ifla-@₁~:(i/u)ma[to.have.V-ed][to.have.been.V-ed][V→V][V][Ptcp_Obl][1Sg]

------------------------
Sangwaa uukna tagii?"

sangwaa	sa-~:(ng₁)u[to.be.N][N→V][V][Intrg][3Sg]

uukna	uukna

tagii	tagi-~i[SBJ.V-ed.something][V→V]-~i[SBJ.V-ed.something][V→V]-~i[SBJ.V-ed.something][V→V]-~i[SBJ.V-ed.something][V→V]-~i[SBJ.V-ed.something][V→V]-~i[SBJ.V-ed.something][V→V][V][Opt][PRS][2Sg]
tagii	tagi-~i[SBJ.V-ed.something][V→V]-~i[SBJ.V-ed.something][V→V]-~i[SBJ.V-ed.something][V→V]-~i[SBJ.V-ed.something][V→V]-~i[SBJ.V-ed.something][V→V][V][Opt][PRS][2Sg]
tagii	tagi-~i[SBJ.V-ed.something][V→V]-~i[SBJ.V-ed.something][V→V]-~i[SBJ.V-ed.something][V→V]-~i[SBJ.V-ed.something][V→V][V][Opt][PRS][2Sg]
tagii	tagi-~i[SBJ.V-ed.something][V→V]-~i[SBJ.V-ed.something][V→V]-~i[SBJ.V-ed.something][V→V][V][Opt][PRS][2Sg]
tagii	tagi-~i[SBJ.V-ed.something][V→V]-~i[SBJ.V-ed.something][V→V][V][Opt][PRS][2Sg]
tagii	tagi-~i[SBJ.V-ed.something][V→V][V][Opt][PRS][2Sg]
tagii	tagi[V][Intrg][3Sg]

------------------------
Ukanguq legan piiquq, "Ghuutaanga ghuutepigtaanga!"

ukanguq	+?

legan	legan

piiquq	pi-~(g₁)aqe[to.be.V.ing][to.regularly.or.repeatedly.V][V→V][V][Ind][3Sg]

ghuutaanga	+?

ghuutepigtaanga	+?

------------------------
Iiwen yuggaq qineghhnaqaquq suna taana nanughllak amiiriilnguq, enngaatall ghhuunaqaqeftuq.

iiwen	+?

yuggaq	+?

qineghhnaqaquq	qineghte-@₁~fnaqe[to.be.going.to.V][V→V]-~(g₁)aqe[to.be.V.ing][to.regularly.or.repeatedly.V][V→V][V][Ind][3Sg]

suna	+?

taana	taana

nanughllak	nanugh*-–ghllag[big.N][N→N][N][Abs][Unpd][Sg]

amiiriilnguq	+?

enngaatall	+?

ghhuunaqaqeftuq	+?

------------------------
Nanuq pimalghii, "Yuggaq uyuq navghitaghtinga pilugugpeneng ghhuutepigtaanga."

nanuq	nanugh*[N][Abs][Unpd][Sg]

pimalghii	pi-@₁~:(i/u)ma[to.have.V-ed][to.have.been.V-ed][V→V]-@₁–lghii[the.one.that.V-ed][the.one.that.is.V][V→N][N][Abs][Unpd][Sg]
pimalghii	pi-@₁~:(i/u)ma[to.have.V-ed][to.have.been.V-ed][V→V][V][Ptcp][3Sg]

yuggaq	+?

uyuq	uyuq

navghitaghtinga	+?

pilugugpeneng	+?

ghhuutepigtaanga	ghhuute[Imprs_Agnt]-–pigte[to.be.very.V][to.V.very.much][V→V][V][Ind][3Sg][1Sg]

------------------------
Yuggaam pimakanga, "Samengqun navghillaken?"

yuggaam	+?

pimakanga	pi-@₁~:(i/u)ma[to.have.V-ed][to.have.been.V-ed][V→V]-@*@₂~sf–(g₂)k(a)e[the.one.that.possessor.V-ed][V→N][N][Abs][3SgPoss][SgPosd]
pimakanga	pi-@₁~:(i/u)ma[to.have.V-ed][to.have.been.V-ed][V→V][V][Ptcp][3Sg][3Sg]
pimakanga	pi-@₁~:(i/u)ma[to.have.V-ed][to.have.been.V-ed][V→V][V][Cond][3Sg][1Sg]

samengqun	+?

navghillaken	+?

------------------------
"Esghaataakuk atkugken" "Ukuuk?"

esghaataakuk	+?

atkugken	+?

ukuuk	+?

------------------------
"Nakaa ilanga!"

nakaa	nakaa

ilanga	ila[N][Abs][3SgPoss][SgPosd]

------------------------
"Ukuuk?"

ukuuk	+?

------------------------
Keniimakek atkuggaagni iluklighpigaghhaak aliitalghiik nanuum amiiraaneng ulimaaghek.

keniimakek	kenigh-@₁~:(i/u)ma[to.have.V-ed][to.have.been.V-ed][V→V]-@*@₂~sf–(g₂)k(a)e[the.one.that.possessor.V-ed][V→N][N][Abs][Unpd][Du]
keniimakek	kenigh-@₁~:(i/u)ma[to.have.V-ed][to.have.been.V-ed][V→V]-@*@₂~sf–(g₂)k(a)e[the.one.that.possessor.V-ed][V→N][N][Rel][Unpd][Du]
keniimakek	kenigh-@₁~:(i/u)ma[to.have.V-ed][to.have.been.V-ed][V→V][V][Opt][PRS][2Sg][3Du]
keniimakek	kenigh-@₁~:(i/u)ma[to.have.V-ed][to.have.been.V-ed][V→V][V][Intrg][2Pl][3Du]

atkuggaagni	+?

iluklighpigaghhaak	+?

aliitalghiik	+?

nanuum	nanugh*[N][Rel][Unpd][Sg]

amiiraaneng	+?

ulimaaghek	ulima-~faaghek[one.who.keeps.on.V-ing][AUG]

------------------------
Nanuum aanghumakanga.

nanuum	nanugh*[N][Rel][Unpd][Sg]

aanghumakanga	+?

------------------------
Yuggaam mataghllukek tuunumakek.

yuggaam	+?

mataghllukek	+?

tuunumakek	tuune-@₁~:(i/u)ma[to.have.V-ed][to.have.been.V-ed][V→V]-@*@₂~sf–(g₂)k(a)e[the.one.that.possessor.V-ed][V→N][N][Abs][Unpd][Du]
tuunumakek	tuune-@₁~:(i/u)ma[to.have.V-ed][to.have.been.V-ed][V→V]-@*@₂~sf–(g₂)k(a)e[the.one.that.possessor.V-ed][V→N][N][Rel][Unpd][Du]
tuunumakek	tuune-@₁~:(i/u)ma[to.have.V-ed][to.have.been.V-ed][V→V][V][Opt][PRS][2Sg][3Du]
tuunumakek	tuune-@₁~:(i/u)ma[to.have.V-ed][to.have.been.V-ed][V→V][V][Intrg][2Pl][3Du]

------------------------
Nanuum pimakanga, "Tagi maligtinga!"

nanuum	nanugh*[N][Rel][Unpd][Sg]

pimakanga	pi-@₁~:(i/u)ma[to.have.V-ed][to.have.been.V-ed][V→V]-@*@₂~sf–(g₂)k(a)e[the.one.that.possessor.V-ed][V→N][N][Abs][3SgPoss][SgPosd]
pimakanga	pi-@₁~:(i/u)ma[to.have.V-ed][to.have.been.V-ed][V→V][V][Ptcp][3Sg][3Sg]
pimakanga	pi-@₁~:(i/u)ma[to.have.V-ed][to.have.been.V-ed][V→V][V][Cond][3Sg][1Sg]

tagi	tagi[V][Opt][PRS][2Sg]

maligtinga	maligte[V][Opt][PRS][2Sg][1Sg]

------------------------
Yuggaam maligsimakanga.

yuggaam	+?

maligsimakanga	maligte-@₁~:(i/u)ma[to.have.V-ed][to.have.been.V-ed][V→V]-@*@₂~sf–(g₂)k(a)e[the.one.that.possessor.V-ed][V→N][N][Abs][3SgPoss][SgPosd]
maligsimakanga	maligte-@₁~:(i/u)ma[to.have.V-ed][to.have.been.V-ed][V→V][V][Ptcp][3Sg][3Sg]
maligsimakanga	maligte-@₁~:(i/u)ma[to.have.V-ed][to.have.been.V-ed][V→V][V][Cond][3Sg][1Sg]

------------------------


	

------------------------
Quuputegnun kaallutek yuggaam atuquvinghaakek nanuum meghmun neplukek nusugyaqegni ellngaatmeng maaqumalghnk mesiighllugmeng nuyiilleq maligulluni.

quuputegnun	+?

kaallutek	kaate[V][Sbrd][1Du][2Du]
kaallutek	kaate[V][Sbrd][1Pl][2Du]
kaallutek	kaate[V][Sbrd][1Sg][2Du]
kaallutek	kaate[V][Sbrd][2Du]
kaallutek	kaate[V][Sbrd][3Du]
kaallutek	kaate[V][Sbrd][3Du][2Du]
kaallutek	kaate[V][Sbrd][3Pl][2Du]
kaallutek	kaate[V][Sbrd][3Sg][2Du]

yuggaam	+?

atuquvinghaakek	+?

nanuum	nanugh*[N][Rel][Unpd][Sg]

meghmun	megh[N][Ter][Unpd][Sg]

neplukek	+?

nusugyaqegni	+?

ellngaatmeng	+?

maaqumalghnk	+?

mesiighllugmeng	+?

nuyiilleq	+?

maligulluni	+?

------------------------
Nanuum pimakanga, "Qayughllak unangaqi nulighhen ukiniiqelghii ellngaasiimaghmi nuyiighumaghmi llaaghanwha ukiniiq taaqegkanga nukeggnaq maligulluku."

nanuum	nanugh*[N][Rel][Unpd][Sg]

pimakanga	pi-@₁~:(i/u)ma[to.have.V-ed][to.have.been.V-ed][V→V]-@*@₂~sf–(g₂)k(a)e[the.one.that.possessor.V-ed][V→N][N][Abs][3SgPoss][SgPosd]
pimakanga	pi-@₁~:(i/u)ma[to.have.V-ed][to.have.been.V-ed][V→V][V][Ptcp][3Sg][3Sg]
pimakanga	pi-@₁~:(i/u)ma[to.have.V-ed][to.have.been.V-ed][V→V][V][Cond][3Sg][1Sg]

qayughllak	qayugh-–ghllag[big.N][N→N][N][Abs][Unpd][Sg]
qayughllak	qayugh-–ghllak[big.N][AUG]
qayughllak	qayughllak

unangaqi	+?

nulighhen	nulighh[N][Abs][2SgPoss][SgPosd]

ukiniiqelghii	+?

ellngaasiimaghmi	+?

nuyiighumaghmi	+?

llaaghanwha	+?

ukiniiq	+?

taaqegkanga	taaqe-@*@₂~sf–(g₂)k(a)e[the.one.that.possessor.V-ed][V→N][N][Abs][3SgPoss][SgPosd]

nukeggnaq	+?

maligulluku	+?

------------------------
Qafsinaneng neptaghllukek ukmangiisagtaa alla neplukek nusugyaqegni nanuum amiiraghllaga nusugumakanga.

qafsinaneng	qafsina[N][Abl_Mod][Unpd][Pl]

neptaghllukek	+?

ukmangiisagtaa	+?

alla	alla
alla	alla[N][Abs][Unpd][Sg]

neplukek	+?

nusugyaqegni	+?

nanuum	nanugh*[N][Rel][Unpd][Sg]

amiiraghllaga	+?

nusugumakanga	+?

------------------------
Taagken nanuum pimakanga, "Wiin mengteghamnun maligtinga!

taagken	taagken

nanuum	nanugh*[N][Rel][Unpd][Sg]

pimakanga	pi-@₁~:(i/u)ma[to.have.V-ed][to.have.been.V-ed][V→V]-@*@₂~sf–(g₂)k(a)e[the.one.that.possessor.V-ed][V→N][N][Abs][3SgPoss][SgPosd]
pimakanga	pi-@₁~:(i/u)ma[to.have.V-ed][to.have.been.V-ed][V→V][V][Ptcp][3Sg][3Sg]
pimakanga	pi-@₁~:(i/u)ma[to.have.V-ed][to.have.been.V-ed][V→V][V][Cond][3Sg][1Sg]

wiin	+?

mengteghamnun	+?

maligtinga	maligte[V][Opt][PRS][2Sg][1Sg]

------------------------
Enan taglaannaaghamken."

enan	+?

taglaannaaghamken	+?

------------------------
Nanuum amiiraghllak aalluku yuggaankuk aghulaqumalghiik.

nanuum	nanugh*[N][Rel][Unpd][Sg]

amiiraghllak	+?

aalluku	aate[V][Sbrd][1Du][3Sg]
aalluku	aate[V][Sbrd][1Pl][3Sg]
aalluku	aate[V][Sbrd][1Sg][3Sg]
aalluku	aate[V][Sbrd][2Du][3Sg]
aalluku	aate[V][Sbrd][2Pl][3Sg]
aalluku	aate[V][Sbrd][2Sg][3Sg]
aalluku	aate[V][Sbrd][3Du][3Sg]
aalluku	aate[V][Sbrd][3Pl][3Sg]
aalluku	aate[V][Sbrd][3Sg][3Sg]

yuggaankuk	+?

aghulaqumalghiik	aghulaqe-@₁~:(i/u)ma[to.have.V-ed][to.have.been.V-ed][V→V]-@₁–lghii[the.one.that.V-ed][the.one.that.is.V][V→N][N][Abs][Unpd][Du]
aghulaqumalghiik	aghulaqe-@₁~:(i/u)ma[to.have.V-ed][to.have.been.V-ed][V→V]-@₁–lghii[the.one.that.V-ed][the.one.that.is.V][V→N][N][Rel][Unpd][Du]
aghulaqumalghiik	aghulaqe-@₁~:(i/u)ma[to.have.V-ed][to.have.been.V-ed][V→V][V][Ptcp][3Du]

------------------------
Ketmiighsimalghiik.

ketmiighsimalghiik	+?

------------------------
Quuputet kaanneghmegteki nanuum yuggaq amaghluku aghviitaqegkanga.

quuputet	+?

kaanneghmegteki	kaate[V][Ctmp][4Pl][3Pl]

nanuum	nanugh*[N][Rel][Unpd][Sg]

yuggaq	+?

amaghluku	+?

aghviitaqegkanga	aghvigh-~:(u)te[to.V.for.or.with][to.cause.to.V.as.one.is.V-ing][to.V.toward.each.other][V→V]-~(g₁)aqe[to.be.V.ing][to.regularly.or.repeatedly.V][V→V]-@*@₂~sf–(g₂)k(a)e[the.one.that.possessor.V-ed][V→N][N][Abs][3SgPoss][SgPosd]
aghviitaqegkanga	aghvigh-~:(u)te[to.V.for.or.with][to.cause.to.V.as.one.is.V-ing][to.V.toward.each.other][V→V]-~(g₁)aqe[to.be.V.ing][to.regularly.or.repeatedly.V][V→V][V][Ptcp][3Sg][3Sg]
aghviitaqegkanga	aghvigh-~:(u)te[to.V.for.or.with][to.cause.to.V.as.one.is.V-ing][to.V.toward.each.other][V→V]-~(g₁)aqe[to.be.V.ing][to.regularly.or.repeatedly.V][V→V][V][Cond][3Sg][1Sg]
aghviitaqegkanga	aghvigh-~:(u)te[SBJ.V-ed.something][V→V]-~(g₁)aqe[to.be.V.ing][to.regularly.or.repeatedly.V][V→V]-@*@₂~sf–(g₂)k(a)e[the.one.that.possessor.V-ed][V→N][N][Abs][3SgPoss][SgPosd]

------------------------
Iiwen maamlegtaqaa nanuum nenganun kaasimalghiik.

iiwen	+?

maamlegtaqaa	+?

nanuum	nanugh*[N][Rel][Unpd][Sg]

nenganun	ne[N][Ter][3SgPoss][SgPosd]
nenganun	ne[N][Ter][3SgPoss][PlPosd]

kaasimalghiik	kaate-@₁~:(i/u)ma[to.have.V-ed][to.have.been.V-ed][V→V]-@₁–lghii[the.one.that.V-ed][the.one.that.is.V][V→N][N][Abs][Unpd][Du]
kaasimalghiik	kaate-@₁~:(i/u)ma[to.have.V-ed][to.have.been.V-ed][V→V]-@₁–lghii[the.one.that.V-ed][the.one.that.is.V][V→N][N][Rel][Unpd][Du]
kaasimalghiik	kaate-@₁~:(i/u)ma[to.have.V-ed][to.have.been.V-ed][V→V][V][Ptcp][3Du]

------------------------
Nanuum pimakanga, "Tawa kaatukut iitghaaten."

nanuum	nanugh*[N][Rel][Unpd][Sg]

pimakanga	pi-@₁~:(i/u)ma[to.have.V-ed][to.have.been.V-ed][V→V]-@*@₂~sf–(g₂)k(a)e[the.one.that.possessor.V-ed][V→N][N][Abs][3SgPoss][SgPosd]
pimakanga	pi-@₁~:(i/u)ma[to.have.V-ed][to.have.been.V-ed][V→V][V][Ptcp][3Sg][3Sg]
pimakanga	pi-@₁~:(i/u)ma[to.have.V-ed][to.have.been.V-ed][V→V][V][Cond][3Sg][1Sg]

tawa	tawa

kaatukut	kaate[V][Ind][1Pl]

iitghaaten	itegh[V][Opt][FUT][2Sg]
iitghaaten	itegh[V][Ind][3Du][2Sg]
iitghaaten	itegh[V][Ind][3Pl][2Sg]
iitghaaten	itegh[V][Ind][3Sg][2Sg]

------------------------
Iteghlutek neneghmeng taaqlutek qavaamalghiik.

iteghlutek	itegh[V][Sbrd][1Du][2Du]
iteghlutek	itegh[V][Sbrd][1Pl][2Du]
iteghlutek	itegh[V][Sbrd][1Sg][2Du]
iteghlutek	itegh[V][Sbrd][2Du]
iteghlutek	itegh[V][Sbrd][3Du]
iteghlutek	itegh[V][Sbrd][3Du][2Du]
iteghlutek	itegh[V][Sbrd][3Pl][2Du]
iteghlutek	itegh[V][Sbrd][3Sg][2Du]

neneghmeng	negh-@₁–negh[the.act.or.activity.of.V-ing][V→N][N][Rel][4DuPoss][SgPosd]
neneghmeng	negh-@₁–negh[the.act.or.activity.of.V-ing][V→N][N][Rel][4DuPoss][PlPosd]
neneghmeng	negh-@₁–negh[the.act.or.activity.of.V-ing][V→N][N][Rel][4PlPoss][SgPosd]
neneghmeng	negh-@₁–negh[the.act.or.activity.of.V-ing][V→N][N][Rel][4PlPoss][PlPosd]
neneghmeng	negh-@₁–negh[the.act.or.activity.of.V-ing][V→N][N][Abl_Mod][Unpd][Sg]
neneghmeng	negh[V][Ctmp][4Pl]

taaqlutek	taaqe-te[to.act.on.so.as.to.cause.to.V][V→V][V][Sbrd][2Du]
taaqlutek	taaqe-te[to.act.on.so.as.to.cause.to.V][V→V][V][Sbrd][3Du]
taaqlutek	taaqe[V][Sbrd][2Du]
taaqlutek	taaqe[V][Sbrd][3Du]

qavaamalghiik	qavagh-@₁~:(i/u)ma[to.have.V-ed][to.have.been.V-ed][V→V]-@₁–lghii[the.one.that.V-ed][the.one.that.is.V][V→N][N][Abs][Unpd][Du]
qavaamalghiik	qavagh-@₁~:(i/u)ma[to.have.V-ed][to.have.been.V-ed][V→V]-@₁–lghii[the.one.that.V-ed][the.one.that.is.V][V→N][N][Rel][Unpd][Du]
qavaamalghiik	qavagh-@₁~:(i/u)ma[to.have.V-ed][to.have.been.V-ed][V→V][V][Ptcp][3Du]

------------------------


	

------------------------
Unaami qakma tenglugtuumakangit, "Naagu qaamna?"

unaami	unaami[N][Abs][Unpd][Sg]

qakma	qakma

tenglugtuumakangit	+?

naagu	+?

qaamna	qaame-@₁~fna[in.order.to.V][intending.to.V][V→V][V][Opt][PRS][2Sg]
qaamna	qaamna

------------------------
"Taawa" "Aaam aanelghaaten."

taawa	taawa

aaam	+?

aanelghaaten	aane[V][Opt][FUT][2Sg]

------------------------
"Qaywa aanaqunga."

qaywa	+?

aanaqunga	aane-~(g₁)aqe[to.be.V.ing][to.regularly.or.repeatedly.V][V→V][V][Ind][1Sg]

------------------------
Yuggaq nanuum pimakanga, "Enngaatall esgha qakmun amyuutkaqegkanganga aqnighqughlunga.

yuggaq	+?

nanuum	nanugh*[N][Rel][Unpd][Sg]

pimakanga	pi-@₁~:(i/u)ma[to.have.V-ed][to.have.been.V-ed][V→V]-@*@₂~sf–(g₂)k(a)e[the.one.that.possessor.V-ed][V→N][N][Abs][3SgPoss][SgPosd]
pimakanga	pi-@₁~:(i/u)ma[to.have.V-ed][to.have.been.V-ed][V→V][V][Ptcp][3Sg][3Sg]
pimakanga	pi-@₁~:(i/u)ma[to.have.V-ed][to.have.been.V-ed][V→V][V][Cond][3Sg][1Sg]

enngaatall	+?

esgha	+?

qakmun	+?

amyuutkaqegkanganga	+?

aqnighqughlunga	+?

------------------------
Maamestegpenanga itagnatun aqfaqegkanganga tughumghalgutngulunga."

maamestegpenanga	+?

itagnatun	+?

aqfaqegkanganga	+?

tughumghalgutngulunga	+?

------------------------
Yuggaam aanaqsan ipegsalleghmeng ígaamakanga qenleghwaaghakun.

yuggaam	+?

aanaqsan	aane-~(g₁)aqe[to.be.V.ing][to.regularly.or.repeatedly.V][V→V]-te[to.act.on.so.as.to.cause.to.V][V→V]-te[to.act.on.so.as.to.cause.to.V][V→V][V][CnsqI][3Sg]
aanaqsan	aane-~(g₁)aqe[to.be.V.ing][to.regularly.or.repeatedly.V][V→V]-te[to.act.on.so.as.to.cause.to.V][V→V][V][CnsqI][3Sg]
aanaqsan	aane-~(g₁)aqe[to.be.V.ing][to.regularly.or.repeatedly.V][V→V][V][CnsqI][3Sg]

ipegsalleghmeng	+?

ígaamakanga	+?

qenleghwaaghakun	+?

------------------------
Nanuq aanumalghii.

nanuq	nanugh*[N][Abs][Unpd][Sg]

aanumalghii	aane-@₁~:(i/u)ma[to.have.V-ed][to.have.been.V-ed][V→V]-@₁–lghii[the.one.that.V-ed][the.one.that.is.V][V→N][N][Abs][Unpd][Sg]
aanumalghii	aane-@₁~:(i/u)ma[to.have.V-ed][to.have.been.V-ed][V→V][V][Ptcp][3Sg]

------------------------
Tagigpenani muluyan yuggaq agipaneghqun qineghsimalghii.

tagigpenani	tagi-@₁–nghite**[to.not.V][V→V][V][Sbrd][3Sg]

muluyan	+?

yuggaq	+?

agipaneghqun	+?

qineghsimalghii	qineghte-@₁~:(i/u)ma[to.have.V-ed][to.have.been.V-ed][V→V]-@₁–lghii[the.one.that.V-ed][the.one.that.is.V][V→N][N][Abs][Unpd][Sg]
qineghsimalghii	qineghte-@₁~:(i/u)ma[to.have.V-ed][to.have.been.V-ed][V→V][V][Ptcp][3Sg]

------------------------
Maalghuk nanuuk enngaatall tugutaqeftuk.

maalghuk	+?

nanuuk	nanugh*[N][Abs][Unpd][Du]
nanuuk	nanugh*[N][Rel][Unpd][Du]

enngaatall	+?

tugutaqeftuk	tugu-~:(u)te[SBJ.V-ed.something][V→V]-~(g₁)aqe[to.be.V.ing][to.regularly.or.repeatedly.V][V→V]-(pete)fte[to.evidently.V][to.have.V-ed][V→V][V][Ind][3Du]

------------------------
Nutem aallgha pekaamalghii igaqaa aqumluni lliighumalghii.

nutem	+?

aallgha	+?

pekaamalghii	+?

igaqaa	+?

aqumluni	aqume[V][Sbrd][3Sg]

lliighumalghii	lliigh[Imprs_Agnt]-@₁~:(i/u)ma[to.have.V-ed][to.have.been.V-ed][V→V]-@₁–lghii[the.one.that.V-ed][the.one.that.is.V][V→N][N][Abs][Unpd][Sg]

------------------------
Aallghan pategpagataghaqeftaa.

aallghan	+?

pategpagataghaqeftaa	+?

------------------------
Yuggaam ughlufghani yataghqelluku pitegsaqenni unakumakanga aallgha.

yuggaam	+?

ughlufghani	+?

yataghqelluku	+?

pitegsaqenni	+?

unakumakanga	+?

aallgha	+?

------------------------
Nanuq pategmikestaghngaaghmi ullghaghsimalghii.

nanuq	nanugh*[N][Abs][Unpd][Sg]

pategmikestaghngaaghmi	+?

ullghaghsimalghii	+?

------------------------
Uullghaghsan aallghan esghapagtuumakanga.

uullghaghsan	+?

aallghan	+?

esghapagtuumakanga	+?

------------------------
"Saa una?"

saa	sa[V][Intrg][3Sg]
saa	sa[V][Ind][3Sg][3Sg]

una	una

------------------------
Esghapagtuqestaghngaaghmigu esghaamakek aaygum taghrughhakek uunghaneng aliillutek.

esghapagtuqestaghngaaghmigu	+?

esghaamakek	esghagh-@₁~:(i/u)ma[to.have.V-ed][to.have.been.V-ed][V→V]-@*@₂~sf–(g₂)k(a)e[the.one.that.possessor.V-ed][V→N][N][Abs][Unpd][Du]
esghaamakek	esghagh-@₁~:(i/u)ma[to.have.V-ed][to.have.been.V-ed][V→V]-@*@₂~sf–(g₂)k(a)e[the.one.that.possessor.V-ed][V→N][N][Rel][Unpd][Du]
esghaamakek	esghagh-@₁~:(i/u)ma[to.have.V-ed][to.have.been.V-ed][V→V][V][Opt][PRS][2Sg][3Du]
esghaamakek	esghagh-@₁~:(i/u)ma[to.have.V-ed][to.have.been.V-ed][V→V][V][Intrg][2Pl][3Du]

aaygum	+?

taghrughhakek	+?

uunghaneng	+?

aliillutek	+?

------------------------
Aagtuqaqeftuqlu kiimineng.

aagtuqaqeftuqlu	+?

kiimineng	kii[N][Abl_Mod][4SgPoss][PlPosd]
kiimineng	kii[N][Abl_Mod][4SgPoss][SgPosd]

------------------------
Yuggaq aanluni tazingavek aglaamalghii.

yuggaq	+?

aanluni	aane[V][Sbrd][3Sg]

tazingavek	+?

aglaamalghii	aglagh-@₁~:(i/u)ma[to.have.V-ed][to.have.been.V-ed][V→V]-@₁–lghii[the.one.that.V-ed][the.one.that.is.V][V→N][N][Abs][Unpd][Sg]
aglaamalghii	aglagh-@₁~:(i/u)ma[to.have.V-ed][to.have.been.V-ed][V→V][V][Ptcp][3Sg]

------------------------
Kaasan nanuum tukaan aapsimakanga yuggaq, "Sazigu?"

kaasan	kaate[V][CnsqI][3Sg]

nanuum	nanugh*[N][Rel][Unpd][Sg]

tukaan	tukugh*[N][Rel][3SgPoss][SgPosd]
tukaan	tukugh*[N][Rel][3SgPoss][PlPosd]

aapsimakanga	aapte-@₁~:(i/u)ma[to.have.V-ed][to.have.been.V-ed][V→V]-@*@₂~sf–(g₂)k(a)e[the.one.that.possessor.V-ed][V→N][N][Abs][3SgPoss][SgPosd]
aapsimakanga	aapte-@₁~:(i/u)ma[to.have.V-ed][to.have.been.V-ed][V→V][V][Ptcp][3Sg][3Sg]
aapsimakanga	aapte-@₁~:(i/u)ma[to.have.V-ed][to.have.been.V-ed][V→V][V][Cond][3Sg][1Sg]

yuggaq	+?

sazigu	sa[V][Intrg][2Sg][3Sg]

------------------------
"Sanghitaqa!"

sanghitaqa	sa-@₁–nghite**[to.not.V][V→V]-~(g₁)aqe[to.be.V.ing][to.regularly.or.repeatedly.V][V→V][V][Intrg][3Sg]

------------------------
"Taawa amyuqetaghteka unakan.

taawa	taawa

amyuqetaghteka	+?

unakan	+?

------------------------
Whaken kenlanga pinitun kiyaghsagunnaqunga.

whaken	whaken

kenlanga	+?

pinitun	pi-@₁~fni[to.say.that.one.is.V-ing][Cmpd_Vbl]-~:(u)te[to.V.for.or.with][to.cause.to.V.as.one.is.V-ing][to.V.toward.each.other][V→V]-~:(u)te[condition.with.respect.to.V-ing][V→N][N][Abs][Unpd][Sg]
pinitun	pi-@₁~fni[to.say.that.one.is.V-ing][Cmpd_Vbl]-~:(u)te[SBJ.V-ed.something][V→V]-~:(u)te[condition.with.respect.to.V-ing][V→N][N][Abs][Unpd][Sg]
pinitun	pi-@₁~fni[to.say.that.one.is.V-ing][Cmpd_Vbl]-te[to.act.on.so.as.to.cause.to.V][V→V]-~:(u)te[condition.with.respect.to.V-ing][V→N][N][Abs][Unpd][Sg]
pinitun	pi-~:(u)te[to.V.for.or.with][to.cause.to.V.as.one.is.V-ing][to.V.toward.each.other][V→V]-@₁~fni[to.say.that.one.is.V-ing][Cmpd_Vbl]-~:(u)te[to.V.for.or.with][to.cause.to.V.as.one.is.V-ing][to.V.toward.each.other][V→V]-~:(u)te[condition.with.respect.to.V-ing][V→N][N][Abs][Unpd][Sg]
pinitun	pi-~:(u)te[to.V.for.or.with][to.cause.to.V.as.one.is.V-ing][to.V.toward.each.other][V→V]-@₁~fni[to.say.that.one.is.V-ing][Cmpd_Vbl]-~:(u)te[SBJ.V-ed.something][V→V]-~:(u)te[condition.with.respect.to.V-ing][V→N][N][Abs][Unpd][Sg]
pinitun	pi-~:(u)te[to.V.for.or.with][to.cause.to.V.as.one.is.V-ing][to.V.toward.each.other][V→V]-@₁~fni[to.say.that.one.is.V-ing][Cmpd_Vbl]-te[to.act.on.so.as.to.cause.to.V][V→V]-~:(u)te[condition.with.respect.to.V-ing][V→N][N][Abs][Unpd][Sg]
pinitun	pi-~:(u)te[SBJ.V-ed.something][V→V]-@₁~fni[to.say.that.one.is.V-ing][Cmpd_Vbl]-~:(u)te[to.V.for.or.with][to.cause.to.V.as.one.is.V-ing][to.V.toward.each.other][V→V]-~:(u)te[condition.with.respect.to.V-ing][V→N][N][Abs][Unpd][Sg]
pinitun	pi-~:(u)te[SBJ.V-ed.something][V→V]-@₁~fni[to.say.that.one.is.V-ing][Cmpd_Vbl]-~:(u)te[SBJ.V-ed.something][V→V]-~:(u)te[condition.with.respect.to.V-ing][V→N][N][Abs][Unpd][Sg]
pinitun	pi-~:(u)te[SBJ.V-ed.something][V→V]-@₁~fni[to.say.that.one.is.V-ing][Cmpd_Vbl]-te[to.act.on.so.as.to.cause.to.V][V→V]-~:(u)te[condition.with.respect.to.V-ing][V→N][N][Abs][Unpd][Sg]
pinitun	pi[N][Abs][4SgPoss][SgPosd]-ete[to.be]-~:(u)te[condition.with.respect.to.V-ing][V→N][N][Abs][Unpd][Sg]
pinitun	pi[N][Abs][4SgPoss][PlPosd]-ete[to.be]-~:(u)te[condition.with.respect.to.V-ing][V→N][N][Abs][Unpd][Sg]
pinitun	pi[N][Loc][Unpd][Pl]-ete[to.be]-~:(u)te[condition.with.respect.to.V-ing][V→N][N][Abs][Unpd][Sg]
pinitun	pinigh[Equ][Unpd][Sg]

kiyaghsagunnaqunga	+?

------------------------
Maamegkuma nunavnun aglaalleqamken saama unangyughisleqamken."

maamegkuma	+?

nunavnun	+?

aglaalleqamken	+?

saama	+?

unangyughisleqamken	+?

------------------------
Nanughllak nekevluni pegnem aglaamalghii.

nanughllak	nanugh*-–ghllag[big.N][N→N][N][Abs][Unpd][Sg]

nekevluni	nekeve[V][Sbrd][3Sg]

pegnem	+?

aglaamalghii	aglagh-@₁~:(i/u)ma[to.have.V-ed][to.have.been.V-ed][V→V]-@₁–lghii[the.one.that.V-ed][the.one.that.is.V][V→N][N][Abs][Unpd][Sg]
aglaamalghii	aglagh-@₁~:(i/u)ma[to.have.V-ed][to.have.been.V-ed][V→V][V][Ptcp][3Sg]

------------------------
Yuggaam maligsimakanga.

yuggaam	+?

maligsimakanga	maligte-@₁~:(i/u)ma[to.have.V-ed][to.have.been.V-ed][V→V]-@*@₂~sf–(g₂)k(a)e[the.one.that.possessor.V-ed][V→N][N][Abs][3SgPoss][SgPosd]
maligsimakanga	maligte-@₁~:(i/u)ma[to.have.V-ed][to.have.been.V-ed][V→V][V][Ptcp][3Sg][3Sg]
maligsimakanga	maligte-@₁~:(i/u)ma[to.have.V-ed][to.have.been.V-ed][V→V][V][Cond][3Sg][1Sg]

------------------------
Iteghyan tamakut amiiraan makregaghtallghi saghnaamakangi.

iteghyan	itegh[V][CnsqI][3Sg]

tamakut	+?

amiiraan	+?

makregaghtallghi	+?

saghnaamakangi	+?

------------------------
Yuggaam mategtaqluki ukinighteghumakangi.

yuggaam	+?

mategtaqluki	+?

ukinighteghumakangi	+?

------------------------
Apeghiighyamigu aanluni yuggaam tuqutkani nanuq aftamakanga.

apeghiighyamigu	apeghiigh[V][CnsqI][4Sg][3Sg]

aanluni	aane[V][Sbrd][3Sg]

yuggaam	+?

tuqutkani	tuqu-~:(u)te[to.V.for.or.with][to.cause.to.V.as.one.is.V-ing][to.V.toward.each.other][V→V]-@₂~fkaq[one.that.has.V-ed][V→N][N][Abs][4SgPoss][SgPosd]
tuqutkani	tuqu-~:(u)te[to.V.for.or.with][to.cause.to.V.as.one.is.V-ing][to.V.toward.each.other][V→V]-@₂~fkaq[one.that.has.V-ed][V→N][N][Abs][4SgPoss][PlPosd]
tuqutkani	tuqu-~:(u)te[SBJ.V-ed.something][V→V]-@₂~fkaq[one.that.has.V-ed][V→N][N][Abs][4SgPoss][SgPosd]
tuqutkani	tuqu-~:(u)te[SBJ.V-ed.something][V→V]-@₂~fkaq[one.that.has.V-ed][V→N][N][Abs][4SgPoss][PlPosd]
tuqutkani	tuqute-@₂~fkaq[one.that.has.V-ed][V→N][N][Abs][4SgPoss][SgPosd]
tuqutkani	tuqute-@₂~fkaq[one.that.has.V-ed][V→N][N][Abs][4SgPoss][PlPosd]
tuqutkani	tuqu-te[to.act.on.so.as.to.cause.to.V][V→V]-@₂~fkaq[one.that.has.V-ed][V→N][N][Abs][4SgPoss][SgPosd]
tuqutkani	tuqu-te[to.act.on.so.as.to.cause.to.V][V→V]-@₂~fkaq[one.that.has.V-ed][V→N][N][Abs][4SgPoss][PlPosd]

nanuq	nanugh*[N][Abs][Unpd][Sg]

aftamakanga	+?

------------------------
Neqanganeng neqekumalghii maamneghsiitkelluku tukuni.

neqanganeng	+?

neqekumalghii	+?

maamneghsiitkelluku	+?

tukuni	tukugh*[N][Abs][4SgPoss][SgPosd]
tukuni	tukugh*[N][Abs][4SgPoss][PlPosd]

------------------------
Llaaghanwha maamyami nanuum yuggaq taglaasimakanga.

llaaghanwha	+?

maamyami	+?

nanuum	nanugh*[N][Rel][Unpd][Sg]

yuggaq	+?

taglaasimakanga	taglagh-~:(u)te[to.V.for.or.with][to.cause.to.V.as.one.is.V-ing][to.V.toward.each.other][V→V]-@₁~:(i/u)ma[to.have.V-ed][to.have.been.V-ed][V→V]-@*@₂~sf–(g₂)k(a)e[the.one.that.possessor.V-ed][V→N][N][Abs][3SgPoss][SgPosd]
taglaasimakanga	taglagh-~:(u)te[SBJ.V-ed.something][V→V]-@₁~:(i/u)ma[to.have.V-ed][to.have.been.V-ed][V→V]-@*@₂~sf–(g₂)k(a)e[the.one.that.possessor.V-ed][V→N][N][Abs][3SgPoss][SgPosd]

------------------------
Aghvighyat kaanneghmegteki nanuum amaghaqegkanga yuggaq.

aghvighyat	+?

kaanneghmegteki	kaate[V][Ctmp][4Pl][3Pl]

nanuum	nanugh*[N][Rel][Unpd][Sg]

amaghaqegkanga	+?

yuggaq	+?

------------------------
Yugaam nunanganun quutmun kaasaghtughyamek ununeghsimakangat.

yugaam	+?

nunanganun	nuna[N][Ter][3SgPoss][SgPosd]
nunanganun	nuna[N][Ter][3SgPoss][PlPosd]

quutmun	+?

kaasaghtughyamek	kaate-@₁~fyaghtugh[to.be.about.to.V][to.go.somewhere.to.V][V][CnsqI][4Du]

ununeghsimakangat	unug[Imprs_Agnt]-@₁–negh[the.act.or.activity.of.V-ing][V→N]-te[to.catch.N][to.go.to.N][N→V]-@₁~:(i/u)ma[to.have.V-ed][to.have.been.V-ed][V→V]-@*@₂~sf–(g₂)k(a)e[the.one.that.possessor.V-ed][V→N][N][Abs][3PlPoss][SgPosd]

------------------------
Wetku unugyagu nanuum yuggaq quutmun maallgusimakanga.

wetku	+?

unugyagu	unug[Imprs_Agnt][V][CnsqI][3Sg][3Sg]

nanuum	nanugh*[N][Rel][Unpd][Sg]

yuggaq	+?

quutmun	+?

maallgusimakanga	+?

------------------------
Uugsan yuggaq nanuq qiivluni ketmiighsimalghii.

uugsan	+?

yuggaq	+?

nanuq	nanugh*[N][Abs][Unpd][Sg]

qiivluni	+?

ketmiighsimalghii	+?

------------------------
Yuggaq mengteghaminun taglaamalghii.

yuggaq	+?

mengteghaminun	+?

taglaamalghii	taglagh-@₁~:(i/u)ma[to.have.V-ed][to.have.been.V-ed][V→V]-@₁–lghii[the.one.that.V-ed][the.one.that.is.V][V→N][N][Abs][Unpd][Sg]
taglaamalghii	taglagh-@₁~:(i/u)ma[to.have.V-ed][to.have.been.V-ed][V→V][V][Ptcp][3Sg]

------------------------
Taagken kenlanga yuggaq unangyiitkuvinghaaq unangyughqaamakanga.

taagken	taagken

kenlanga	+?

yuggaq	+?

unangyiitkuvinghaaq	+?

unangyughqaamakanga	+?

------------------------


	

------------------------
Qamagtuq.

qamagtuq	qamagte[V][Ind][3Sg]

------------------------
