Neghsam Vuvallanga

﻿neghsam	+?

vuvallanga	+?

------------------------


	

------------------------
Iimnanguq kiyaghsimaaq yuuk nuliilek saama nunalgutetuqat.

iimnanguq	+?

kiyaghsimaaq	kiyaghte-@₁~:(i/u)ma[to.have.V-ed][to.have.been.V-ed][V→V]-~faagh[one.who.keeps.on.V-ing][AUG]
kiyaghsimaaq	kiyaghte-@₁~:(i/u)ma[to.have.V-ed][to.have.been.V-ed][V→V][V][Ind][3Sg]

yuuk	yug[N][Abs][Sg]

nuliilek	nuliigh-–leg[one.having.N][N→N][N][Abs][Unpd][Sg]

saama	+?

nunalgutetuqat	+?

------------------------
Naqam mughunniighaqelghii taana yuuk unaaqunneghagu unangegpenani.

naqam	naqam

mughunniighaqelghii	+?

taana	taana

yuuk	yug[N][Abs][Sg]

unaaqunneghagu	+?

unangegpenani	+?

------------------------
Talwa ataasighhaghmeng akuraasigalnguq.

talwa	+?

ataasighhaghmeng	+?

akuraasigalnguq	+?

------------------------
Ilangi unanguutaqelghiit.

ilangi	ila[N][Abs][3SgPoss][PlPosd]

unanguutaqelghiit	+?

------------------------


	

------------------------
Ilangam yuuk taana mughusimalghii.

ilangam	+?

yuuk	yug[N][Abs][Sg]

taana	taana

mughusimalghii	mughute-@₁~:(i/u)ma[to.have.V-ed][to.have.been.V-ed][V→V]-@₁–lghii[the.one.that.V-ed][the.one.that.is.V][V→N][N][Abs][Unpd][Sg]
mughusimalghii	mughute-@₁~:(i/u)ma[to.have.V-ed][to.have.been.V-ed][V→V][V][Ptcp][3Sg]

------------------------
Mughulluni anglu kaasimakanga.

mughulluni	mughute[V][Sbrd][3Sg]

anglu	+?

kaasimakanga	kaate-@₁~:(i/u)ma[to.have.V-ed][to.have.been.V-ed][V→V]-@*@₂~sf–(g₂)k(a)e[the.one.that.possessor.V-ed][V→N][N][Abs][3SgPoss][SgPosd]
kaasimakanga	kaate-@₁~:(i/u)ma[to.have.V-ed][to.have.been.V-ed][V→V][V][Ptcp][3Sg][3Sg]
kaasimakanga	kaate-@₁~:(i/u)ma[to.have.V-ed][to.have.been.V-ed][V→V][V][Cond][3Sg][1Sg]

------------------------
Kaalluku saaghwakun aqumumalghii.

kaalluku	kaate[V][Sbrd][1Du][3Sg]
kaalluku	kaate[V][Sbrd][1Pl][3Sg]
kaalluku	kaate[V][Sbrd][1Sg][3Sg]
kaalluku	kaate[V][Sbrd][2Du][3Sg]
kaalluku	kaate[V][Sbrd][2Pl][3Sg]
kaalluku	kaate[V][Sbrd][2Sg][3Sg]
kaalluku	kaate[V][Sbrd][3Du][3Sg]
kaalluku	kaate[V][Sbrd][3Pl][3Sg]
kaalluku	kaate[V][Sbrd][3Sg][3Sg]

saaghwakun	saaghw[N][Via][3DuPoss][PlPosd]
saaghwakun	saaghw[N][Via][3SgPoss][SgPosd]
saaghwakun	saaghw[N][Via][3SgPoss][PlPosd]

aqumumalghii	aqume-@₁~:(i/u)ma[to.have.V-ed][to.have.been.V-ed][V→V]-@₁–lghii[the.one.that.V-ed][the.one.that.is.V][V→N][N][Abs][Unpd][Sg]
aqumumalghii	aqume-@₁~:(i/u)ma[to.have.V-ed][to.have.been.V-ed][V→V][V][Ptcp][3Sg]

------------------------
Tawansimaluku neghsaq nuugumalghii.

tawansimaluku	+?

neghsaq	neghsagh[N][Abs][Unpd][Sg]

nuugumalghii	+?

------------------------
Nuugluni yuukpimakanga, "Ramkelasap!"2 Legan taaqluni mughyugaghsimalghii.

nuugluni	+?

yuukpimakanga	+?

ramkelasap2	+?

legan	legan

taaqluni	taaqe-te[to.act.on.so.as.to.cause.to.V][V→V][V][Sbrd][3Sg]
taaqluni	taaqe[V][Sbrd][3Sg]

mughyugaghsimalghii	+?

------------------------
Yuuktaana sumeghtaghaamalghii, "Sameng aagna pii?"

yuuktaana	+?

sumeghtaghaamalghii	sumeghtaghagh-@₁~:(i/u)ma[to.have.V-ed][to.have.been.V-ed][V→V]-@₁–lghii[the.one.that.V-ed][the.one.that.is.V][V→N][N][Abs][Unpd][Sg]
sumeghtaghaamalghii	sumeghtaghagh-@₁~:(i/u)ma[to.have.V-ed][to.have.been.V-ed][V→V][V][Ptcp][3Sg]

sameng	sa[N][Rel][4DuPoss][SgPosd]
sameng	sa[N][Rel][4DuPoss][PlPosd]
sameng	sa[N][Rel][4PlPoss][SgPosd]
sameng	sa[N][Rel][4PlPoss][PlPosd]
sameng	sa[N][Abl_Mod][Unpd][Sg]
sameng	sameng

aagna	aagna

pii	pi-~i[SBJ.V-ed.something][V→V]-~i[SBJ.V-ed.something][V→V]-~i[SBJ.V-ed.something][V→V]-~i[SBJ.V-ed.something][V→V]-~i[SBJ.V-ed.something][V→V]-~i[SBJ.V-ed.something][V→V][V][Opt][PRS][2Sg]
pii	pi-~i[SBJ.V-ed.something][V→V]-~i[SBJ.V-ed.something][V→V]-~i[SBJ.V-ed.something][V→V]-~i[SBJ.V-ed.something][V→V]-~i[SBJ.V-ed.something][V→V][V][Opt][PRS][2Sg]
pii	pi-~i[SBJ.V-ed.something][V→V]-~i[SBJ.V-ed.something][V→V]-~i[SBJ.V-ed.something][V→V]-~i[SBJ.V-ed.something][V→V][V][Opt][PRS][2Sg]
pii	pi-~i[SBJ.V-ed.something][V→V]-~i[SBJ.V-ed.something][V→V]-~i[SBJ.V-ed.something][V→V][V][Opt][PRS][2Sg]
pii	pi-~i[SBJ.V-ed.something][V→V]-~i[SBJ.V-ed.something][V→V][V][Opt][PRS][2Sg]
pii	pi-~i[SBJ.V-ed.something][V→V][V][Opt][PRS][2Sg]
pii	pi[V][Intrg][3Sg]
pii	pi[V][Ind][3Sg][3Pl]
pii	pi[V][Ind][3Sg][3Sg]

------------------------
Taagken yugem kengagni tengluglukek kakeghqughyami itegami asingi kanuughqumakangi.

taagken	taagken

yugem	yug[N][Rel][Unpd][Sg]

kengagni	+?

tengluglukek	+?

kakeghqughyami	+?

itegami	itegagh[N][Loc][Unpd][Sg]
itegami	itegagh[N][Rel][4SgPoss][SgPosd]
itegami	itegagh[N][Rel][4SgPoss][PlPosd]

asingi	+?

kanuughqumakangi	+?

------------------------
Sumeghtaghaamalghii nuliini waamnnaluku.

sumeghtaghaamalghii	sumeghtaghagh-@₁~:(i/u)ma[to.have.V-ed][to.have.been.V-ed][V→V]-@₁–lghii[the.one.that.V-ed][the.one.that.is.V][V→N][N][Abs][Unpd][Sg]
sumeghtaghaamalghii	sumeghtaghagh-@₁~:(i/u)ma[to.have.V-ed][to.have.been.V-ed][V→V][V][Ptcp][3Sg]

nuliini	nuliigh[N][Abs][4SgPoss][SgPosd]
nuliini	nuliigh[N][Abs][4SgPoss][PlPosd]
nuliini	nulugh-~:(ng₁)u[to.be.N][N→V]-~i[SBJ.V-ed.something][V→V]-~i[SBJ.V-ed.something][V→V]-~i[SBJ.V-ed.something][V→V]-~i[SBJ.V-ed.something][V→V]-~i[SBJ.V-ed.something][V→V]-@₁~fni[to.say.that.one.is.V-ing][Cmpd_Vbl][V][Opt][PRS][2Sg]
nuliini	nulugh-~:(ng₁)u[to.be.N][N→V]-~i[SBJ.V-ed.something][V→V]-~i[SBJ.V-ed.something][V→V]-~i[SBJ.V-ed.something][V→V]-~i[SBJ.V-ed.something][V→V]-@₁~fni[to.say.that.one.is.V-ing][Cmpd_Vbl][V][Opt][PRS][2Sg]
nuliini	nulugh-~:(ng₁)u[to.be.N][N→V]-~i[SBJ.V-ed.something][V→V]-~i[SBJ.V-ed.something][V→V]-~i[SBJ.V-ed.something][V→V]-~i[SBJ.V-ed.something][V→V]-~:(u)te[to.V.for.or.with][to.cause.to.V.as.one.is.V-ing][to.V.toward.each.other][V→V]-@₁~fni[to.say.that.one.is.V-ing][Cmpd_Vbl][V][Opt][PRS][2Sg]
nuliini	nulugh-~:(ng₁)u[to.be.N][N→V]-~i[SBJ.V-ed.something][V→V]-~i[SBJ.V-ed.something][V→V]-~i[SBJ.V-ed.something][V→V]-~i[SBJ.V-ed.something][V→V]-~:(u)te[SBJ.V-ed.something][V→V]-@₁~fni[to.say.that.one.is.V-ing][Cmpd_Vbl][V][Opt][PRS][2Sg]
nuliini	nulugh-~:(ng₁)u[to.be.N][N→V]-~i[SBJ.V-ed.something][V→V]-~i[SBJ.V-ed.something][V→V]-~i[SBJ.V-ed.something][V→V]-@₁~fni[to.say.that.one.is.V-ing][Cmpd_Vbl][V][Opt][PRS][2Sg]
nuliini	nulugh-~:(ng₁)u[to.be.N][N→V]-~i[SBJ.V-ed.something][V→V]-~i[SBJ.V-ed.something][V→V]-~i[SBJ.V-ed.something][V→V]-~:(u)te[to.V.for.or.with][to.cause.to.V.as.one.is.V-ing][to.V.toward.each.other][V→V]-@₁~fni[to.say.that.one.is.V-ing][Cmpd_Vbl][V][Opt][PRS][2Sg]
nuliini	nulugh-~:(ng₁)u[to.be.N][N→V]-~i[SBJ.V-ed.something][V→V]-~i[SBJ.V-ed.something][V→V]-~i[SBJ.V-ed.something][V→V]-~:(u)te[SBJ.V-ed.something][V→V]-@₁~fni[to.say.that.one.is.V-ing][Cmpd_Vbl][V][Opt][PRS][2Sg]
nuliini	nulugh-~:(ng₁)u[to.be.N][N→V]-~i[SBJ.V-ed.something][V→V]-~i[SBJ.V-ed.something][V→V]-@₁~fni[to.say.that.one.is.V-ing][Cmpd_Vbl][V][Opt][PRS][2Sg]
nuliini	nulugh-~:(ng₁)u[to.be.N][N→V]-~i[SBJ.V-ed.something][V→V]-~i[SBJ.V-ed.something][V→V]-~:(u)te[to.V.for.or.with][to.cause.to.V.as.one.is.V-ing][to.V.toward.each.other][V→V]-@₁~fni[to.say.that.one.is.V-ing][Cmpd_Vbl][V][Opt][PRS][2Sg]
nuliini	nulugh-~:(ng₁)u[to.be.N][N→V]-~i[SBJ.V-ed.something][V→V]-~i[SBJ.V-ed.something][V→V]-~:(u)te[SBJ.V-ed.something][V→V]-@₁~fni[to.say.that.one.is.V-ing][Cmpd_Vbl][V][Opt][PRS][2Sg]
nuliini	nulugh-~:(ng₁)u[to.be.N][N→V]-~i[SBJ.V-ed.something][V→V]-@₁~fni[to.say.that.one.is.V-ing][Cmpd_Vbl][V][Opt][PRS][2Sg]
nuliini	nulugh-~:(ng₁)u[to.be.N][N→V]-~i[SBJ.V-ed.something][V→V]-~:(u)te[to.V.for.or.with][to.cause.to.V.as.one.is.V-ing][to.V.toward.each.other][V→V]-@₁~fni[to.say.that.one.is.V-ing][Cmpd_Vbl][V][Opt][PRS][2Sg]
nuliini	nulugh-~:(ng₁)u[to.be.N][N→V]-~i[SBJ.V-ed.something][V→V]-~:(u)te[SBJ.V-ed.something][V→V]-@₁~fni[to.say.that.one.is.V-ing][Cmpd_Vbl][V][Opt][PRS][2Sg]

waamnnaluku	+?

------------------------
Llaaghanwha taglaghyami nuliini pimakanga, "Unangumayaghtunga ima sefkaasimaaq."

llaaghanwha	+?

taglaghyami	taglagh[V][CnsqI][4Sg]

nuliini	nuliigh[N][Abs][4SgPoss][SgPosd]
nuliini	nuliigh[N][Abs][4SgPoss][PlPosd]
nuliini	nulugh-~:(ng₁)u[to.be.N][N→V]-~i[SBJ.V-ed.something][V→V]-~i[SBJ.V-ed.something][V→V]-~i[SBJ.V-ed.something][V→V]-~i[SBJ.V-ed.something][V→V]-~i[SBJ.V-ed.something][V→V]-@₁~fni[to.say.that.one.is.V-ing][Cmpd_Vbl][V][Opt][PRS][2Sg]
nuliini	nulugh-~:(ng₁)u[to.be.N][N→V]-~i[SBJ.V-ed.something][V→V]-~i[SBJ.V-ed.something][V→V]-~i[SBJ.V-ed.something][V→V]-~i[SBJ.V-ed.something][V→V]-@₁~fni[to.say.that.one.is.V-ing][Cmpd_Vbl][V][Opt][PRS][2Sg]
nuliini	nulugh-~:(ng₁)u[to.be.N][N→V]-~i[SBJ.V-ed.something][V→V]-~i[SBJ.V-ed.something][V→V]-~i[SBJ.V-ed.something][V→V]-~i[SBJ.V-ed.something][V→V]-~:(u)te[to.V.for.or.with][to.cause.to.V.as.one.is.V-ing][to.V.toward.each.other][V→V]-@₁~fni[to.say.that.one.is.V-ing][Cmpd_Vbl][V][Opt][PRS][2Sg]
nuliini	nulugh-~:(ng₁)u[to.be.N][N→V]-~i[SBJ.V-ed.something][V→V]-~i[SBJ.V-ed.something][V→V]-~i[SBJ.V-ed.something][V→V]-~i[SBJ.V-ed.something][V→V]-~:(u)te[SBJ.V-ed.something][V→V]-@₁~fni[to.say.that.one.is.V-ing][Cmpd_Vbl][V][Opt][PRS][2Sg]
nuliini	nulugh-~:(ng₁)u[to.be.N][N→V]-~i[SBJ.V-ed.something][V→V]-~i[SBJ.V-ed.something][V→V]-~i[SBJ.V-ed.something][V→V]-@₁~fni[to.say.that.one.is.V-ing][Cmpd_Vbl][V][Opt][PRS][2Sg]
nuliini	nulugh-~:(ng₁)u[to.be.N][N→V]-~i[SBJ.V-ed.something][V→V]-~i[SBJ.V-ed.something][V→V]-~i[SBJ.V-ed.something][V→V]-~:(u)te[to.V.for.or.with][to.cause.to.V.as.one.is.V-ing][to.V.toward.each.other][V→V]-@₁~fni[to.say.that.one.is.V-ing][Cmpd_Vbl][V][Opt][PRS][2Sg]
nuliini	nulugh-~:(ng₁)u[to.be.N][N→V]-~i[SBJ.V-ed.something][V→V]-~i[SBJ.V-ed.something][V→V]-~i[SBJ.V-ed.something][V→V]-~:(u)te[SBJ.V-ed.something][V→V]-@₁~fni[to.say.that.one.is.V-ing][Cmpd_Vbl][V][Opt][PRS][2Sg]
nuliini	nulugh-~:(ng₁)u[to.be.N][N→V]-~i[SBJ.V-ed.something][V→V]-~i[SBJ.V-ed.something][V→V]-@₁~fni[to.say.that.one.is.V-ing][Cmpd_Vbl][V][Opt][PRS][2Sg]
nuliini	nulugh-~:(ng₁)u[to.be.N][N→V]-~i[SBJ.V-ed.something][V→V]-~i[SBJ.V-ed.something][V→V]-~:(u)te[to.V.for.or.with][to.cause.to.V.as.one.is.V-ing][to.V.toward.each.other][V→V]-@₁~fni[to.say.that.one.is.V-ing][Cmpd_Vbl][V][Opt][PRS][2Sg]
nuliini	nulugh-~:(ng₁)u[to.be.N][N→V]-~i[SBJ.V-ed.something][V→V]-~i[SBJ.V-ed.something][V→V]-~:(u)te[SBJ.V-ed.something][V→V]-@₁~fni[to.say.that.one.is.V-ing][Cmpd_Vbl][V][Opt][PRS][2Sg]
nuliini	nulugh-~:(ng₁)u[to.be.N][N→V]-~i[SBJ.V-ed.something][V→V]-@₁~fni[to.say.that.one.is.V-ing][Cmpd_Vbl][V][Opt][PRS][2Sg]
nuliini	nulugh-~:(ng₁)u[to.be.N][N→V]-~i[SBJ.V-ed.something][V→V]-~:(u)te[to.V.for.or.with][to.cause.to.V.as.one.is.V-ing][to.V.toward.each.other][V→V]-@₁~fni[to.say.that.one.is.V-ing][Cmpd_Vbl][V][Opt][PRS][2Sg]
nuliini	nulugh-~:(ng₁)u[to.be.N][N→V]-~i[SBJ.V-ed.something][V→V]-~:(u)te[SBJ.V-ed.something][V→V]-@₁~fni[to.say.that.one.is.V-ing][Cmpd_Vbl][V][Opt][PRS][2Sg]

pimakanga	pi-@₁~:(i/u)ma[to.have.V-ed][to.have.been.V-ed][V→V]-@*@₂~sf–(g₂)k(a)e[the.one.that.possessor.V-ed][V→N][N][Abs][3SgPoss][SgPosd]
pimakanga	pi-@₁~:(i/u)ma[to.have.V-ed][to.have.been.V-ed][V→V][V][Ptcp][3Sg][3Sg]
pimakanga	pi-@₁~:(i/u)ma[to.have.V-ed][to.have.been.V-ed][V→V][V][Cond][3Sg][1Sg]

unangumayaghtunga	+?

ima	ima

sefkaasimaaq	+?

------------------------
Llaaghnawha nulighhan ugpequmakanga ugini.

llaaghnawha	+?

nulighhan	nulighh[N][Rel][3SgPoss][SgPosd]
nulighhan	nulighh[N][Rel][3SgPoss][PlPosd]

ugpequmakanga	ugpeqe-@₁~:(i/u)ma[to.have.V-ed][to.have.been.V-ed][V→V]-@*@₂~sf–(g₂)k(a)e[the.one.that.possessor.V-ed][V→N][N][Abs][3SgPoss][SgPosd]
ugpequmakanga	ugpeqe-@₁~:(i/u)ma[to.have.V-ed][to.have.been.V-ed][V→V][V][Ptcp][3Sg][3Sg]
ugpequmakanga	ugpeqe-@₁~:(i/u)ma[to.have.V-ed][to.have.been.V-ed][V→V][V][Cond][3Sg][1Sg]

ugini	ugi[N][Abs][4SgPoss][SgPosd]
ugini	ugi[N][Abs][4SgPoss][PlPosd]
ugini	ugi[N][Loc][Unpd][Pl]

------------------------
Taagken qavaamalghiik.

taagken	taagken

qavaamalghiik	qavagh-@₁~:(i/u)ma[to.have.V-ed][to.have.been.V-ed][V→V]-@₁–lghii[the.one.that.V-ed][the.one.that.is.V][V→N][N][Abs][Unpd][Du]
qavaamalghiik	qavagh-@₁~:(i/u)ma[to.have.V-ed][to.have.been.V-ed][V→V]-@₁–lghii[the.one.that.V-ed][the.one.that.is.V][V→N][N][Rel][Unpd][Du]
qavaamalghiik	qavagh-@₁~:(i/u)ma[to.have.V-ed][to.have.been.V-ed][V→V][V][Ptcp][3Du]

------------------------


	

------------------------
Unaami unangupiglluku taghtughluni neghluni mughusimalghii.

unaami	unaami[N][Abs][Unpd][Sg]

unangupiglluku	+?

taghtughluni	taghtugh[V][Sbrd][3Sg]

neghluni	neghe[V][Sbrd][3Sg]
neghluni	negh[V][Sbrd][3Sg]

mughusimalghii	mughute-@₁~:(i/u)ma[to.have.V-ed][to.have.been.V-ed][V→V]-@₁–lghii[the.one.that.V-ed][the.one.that.is.V][V→N][N][Abs][Unpd][Sg]
mughusimalghii	mughute-@₁~:(i/u)ma[to.have.V-ed][to.have.been.V-ed][V→V][V][Ptcp][3Sg]

------------------------
Mughusalghiimi anglu kaasimakanga.

mughusalghiimi	mughute-@₁~fyagh[to.go.V-ing][to.V.in.vain][V→V]-@₁–lghii[the.one.that.V-ed][the.one.that.is.V][V→N][N][Loc][Unpd][Sg]
mughusalghiimi	mughute-@₁~fyagh[to.go.V-ing][to.V.in.vain][V→V]-@₁–lghii[the.one.that.V-ed][the.one.that.is.V][V→N][N][Rel][4SgPoss][SgPosd]
mughusalghiimi	mughute-@₁~fyagh[to.go.V-ing][to.V.in.vain][V→V]-@₁–lghii[the.one.that.V-ed][the.one.that.is.V][V→N][N][Rel][4SgPoss][PlPosd]
mughusalghiimi	mughute[V][Ptcp_Obl][4Sg]

anglu	+?

kaasimakanga	kaate-@₁~:(i/u)ma[to.have.V-ed][to.have.been.V-ed][V→V]-@*@₂~sf–(g₂)k(a)e[the.one.that.possessor.V-ed][V→N][N][Abs][3SgPoss][SgPosd]
kaasimakanga	kaate-@₁~:(i/u)ma[to.have.V-ed][to.have.been.V-ed][V→V][V][Ptcp][3Sg][3Sg]
kaasimakanga	kaate-@₁~:(i/u)ma[to.have.V-ed][to.have.been.V-ed][V→V][V][Cond][3Sg][1Sg]

------------------------
Kaasamigu saaghwakun aqumumalghii.

kaasamigu	kaate[V][CnsqI][4Sg][3Sg]

saaghwakun	saaghw[N][Via][3DuPoss][PlPosd]
saaghwakun	saaghw[N][Via][3SgPoss][SgPosd]
saaghwakun	saaghw[N][Via][3SgPoss][PlPosd]

aqumumalghii	aqume-@₁~:(i/u)ma[to.have.V-ed][to.have.been.V-ed][V→V]-@₁–lghii[the.one.that.V-ed][the.one.that.is.V][V→N][N][Abs][Unpd][Sg]
aqumumalghii	aqume-@₁~:(i/u)ma[to.have.V-ed][to.have.been.V-ed][V→V][V][Ptcp][3Sg]

------------------------
Mululuni neghsaq nuugumalghii.

mululuni	+?

neghsaq	neghsagh[N][Abs][Unpd][Sg]

nuugumalghii	+?

------------------------
Yugem piyaqenni, ighivgaghniimnanguftuq.

yugem	yug[N][Rel][Unpd][Sg]

piyaqenni	+?

ighivgaghniimnanguftuq	+?

------------------------
Neghsam taam pilataamakanga, "Ramkelasap!"

neghsam	neghsagh[N][Rel][Unpd][Sg]

taam	+?

pilataamakanga	+?

ramkelasap	+?

------------------------
Aga mughyugaghsimalghii.

aga	aga

mughyugaghsimalghii	+?

------------------------


	

------------------------
Taagken yuuk nekevluni maligusimalghii neghsamun.

taagken	taagken

yuuk	yug[N][Abs][Sg]

nekevluni	nekeve[V][Sbrd][3Sg]

maligusimalghii	+?

neghsamun	neghsagh[N][Ter][Unpd][Sg]

------------------------
Meghmun ateghyalghiimi teghhanun pesughyukanghituq.

meghmun	megh[N][Ter][Unpd][Sg]

ateghyalghiimi	+?

teghhanun	+?

pesughyukanghituq	+?

------------------------
Masisu esghaamakanga aga yuggaq tallileklu ighuleklu takestaaghhaghmeng naqam yugusii aangepiglleghhii.

masisu	+?

esghaamakanga	esghagh-@₁~:(i/u)ma[to.have.V-ed][to.have.been.V-ed][V→V]-@*@₂~sf–(g₂)k(a)e[the.one.that.possessor.V-ed][V→N][N][Abs][3SgPoss][SgPosd]
esghaamakanga	esghagh-@₁~:(i/u)ma[to.have.V-ed][to.have.been.V-ed][V→V][V][Ptcp][3Sg][3Sg]
esghaamakanga	esghagh-@₁~:(i/u)ma[to.have.V-ed][to.have.been.V-ed][V→V][V][Cond][3Sg][1Sg]

aga	aga

yuggaq	+?

tallileklu	talligh-–leg[one.having.N][N→N][N][Abs][Unpd][Sg]-llu[Encl]

ighuleklu	+?

takestaaghhaghmeng	takestaaghhagh*[N][Rel][4DuPoss][SgPosd]
takestaaghhaghmeng	takestaaghhagh*[N][Rel][4DuPoss][PlPosd]
takestaaghhaghmeng	takestaaghhagh*[N][Rel][4PlPoss][SgPosd]
takestaaghhaghmeng	takestaaghhagh*[N][Rel][4PlPoss][PlPosd]
takestaaghhaghmeng	takestaaghhagh*[N][Abl_Mod][Unpd][Sg]

naqam	naqam

yugusii	+?

aangepiglleghhii	aange-–pigte[to.be.very.V][to.V.very.much][V→V]-@₁–lghii[the.one.that.V-ed][the.one.that.is.V][V→N][N][Abs][Unpd][Sg]
aangepiglleghhii	aange-–pigte[to.be.very.V][to.V.very.much][V→V]-te[to.act.on.so.as.to.cause.to.V][V→V]-@₁–lghii[the.one.that.V-ed][the.one.that.is.V][V→N][N][Abs][Unpd][Sg]
aangepiglleghhii	aange-–pigte[to.be.very.V][to.V.very.much][V→V]-te[to.act.on.so.as.to.cause.to.V][V→V][V][Ptcp][3Sg]
aangepiglleghhii	aange-–pigte[to.be.very.V][to.V.very.much][V→V][V][Ptcp][3Sg]

------------------------
Qesiqun neghsaaguq.

qesiqun	+?

neghsaaguq	neghsagh-~:(ng₁)u[to.be.N][N→V][V][Ind][3Sg]

------------------------
Yugem taana yuggaq maligsimakanganenglumun.

yugem	yug[N][Rel][Unpd][Sg]

taana	taana

yuggaq	+?

maligsimakanganenglumun	+?

------------------------
Iteghyan iteghviganun qineghsalghiimi esghaamakanga yugem taam neghsat vuvallalghiit.

iteghyan	itegh[V][CnsqI][3Sg]

iteghviganun	+?

qineghsalghiimi	qineghte-@₁~fyagh[to.go.V-ing][to.V.in.vain][V→V]-@₁–lghii[the.one.that.V-ed][the.one.that.is.V][V→N][N][Loc][Unpd][Sg]
qineghsalghiimi	qineghte-@₁~fyagh[to.go.V-ing][to.V.in.vain][V→V]-@₁–lghii[the.one.that.V-ed][the.one.that.is.V][V→N][N][Rel][4SgPoss][SgPosd]
qineghsalghiimi	qineghte-@₁~fyagh[to.go.V-ing][to.V.in.vain][V→V]-@₁–lghii[the.one.that.V-ed][the.one.that.is.V][V→N][N][Rel][4SgPoss][PlPosd]
qineghsalghiimi	qineghte[V][Ptcp_Obl][4Sg]

esghaamakanga	esghagh-@₁~:(i/u)ma[to.have.V-ed][to.have.been.V-ed][V→V]-@*@₂~sf–(g₂)k(a)e[the.one.that.possessor.V-ed][V→N][N][Abs][3SgPoss][SgPosd]
esghaamakanga	esghagh-@₁~:(i/u)ma[to.have.V-ed][to.have.been.V-ed][V→V][V][Ptcp][3Sg][3Sg]
esghaamakanga	esghagh-@₁~:(i/u)ma[to.have.V-ed][to.have.been.V-ed][V→V][V][Cond][3Sg][1Sg]

yugem	yug[N][Rel][Unpd][Sg]

taam	+?

neghsat	neghsagh[N][Abs][Unpd][Pl]
neghsat	neghsagh[N][Rel][Unpd][Pl]

vuvallalghiit	+?

------------------------
Tesqamaken neghsat nanevgiita yuuk taana pimakanga, "Iitghi esghapagyaghtaa!"

tesqamaken	+?

neghsat	neghsagh[N][Abs][Unpd][Pl]
neghsat	neghsagh[N][Rel][Unpd][Pl]

nanevgiita	+?

yuuk	yug[N][Abs][Sg]

taana	taana

pimakanga	pi-@₁~:(i/u)ma[to.have.V-ed][to.have.been.V-ed][V→V]-@*@₂~sf–(g₂)k(a)e[the.one.that.possessor.V-ed][V→N][N][Abs][3SgPoss][SgPosd]
pimakanga	pi-@₁~:(i/u)ma[to.have.V-ed][to.have.been.V-ed][V→V][V][Ptcp][3Sg][3Sg]
pimakanga	pi-@₁~:(i/u)ma[to.have.V-ed][to.have.been.V-ed][V→V][V][Cond][3Sg][1Sg]

iitghi	itegh-~i[SBJ.V-ed.something][V→V][V][Opt][PRS][2Sg]
iitghi	itegh[V][Opt][PRS][2Sg]

esghapagyaghtaa	+?

------------------------
Llaaghanwha yuuk iitghumalghii.

llaaghanwha	+?

yuuk	yug[N][Abs][Sg]

iitghumalghii	itegh-@₁~:(i/u)ma[to.have.V-ed][to.have.been.V-ed][V→V]-@₁–lghii[the.one.that.V-ed][the.one.that.is.V][V→N][N][Abs][Unpd][Sg]
iitghumalghii	itegh-@₁~:(i/u)ma[to.have.V-ed][to.have.been.V-ed][V→V][V][Ptcp][3Sg]

------------------------
Iteghluni esghapagumakangi.

iteghluni	itegh[V][Sbrd][3Sg]

esghapagumakangi	+?

------------------------
Nanevgaam neghsam nuliini pimakanga, "Saguyagka tagivaghqek!

nanevgaam	+?

neghsam	neghsagh[N][Rel][Unpd][Sg]

nuliini	nuliigh[N][Abs][4SgPoss][SgPosd]
nuliini	nuliigh[N][Abs][4SgPoss][PlPosd]
nuliini	nulugh-~:(ng₁)u[to.be.N][N→V]-~i[SBJ.V-ed.something][V→V]-~i[SBJ.V-ed.something][V→V]-~i[SBJ.V-ed.something][V→V]-~i[SBJ.V-ed.something][V→V]-~i[SBJ.V-ed.something][V→V]-@₁~fni[to.say.that.one.is.V-ing][Cmpd_Vbl][V][Opt][PRS][2Sg]
nuliini	nulugh-~:(ng₁)u[to.be.N][N→V]-~i[SBJ.V-ed.something][V→V]-~i[SBJ.V-ed.something][V→V]-~i[SBJ.V-ed.something][V→V]-~i[SBJ.V-ed.something][V→V]-@₁~fni[to.say.that.one.is.V-ing][Cmpd_Vbl][V][Opt][PRS][2Sg]
nuliini	nulugh-~:(ng₁)u[to.be.N][N→V]-~i[SBJ.V-ed.something][V→V]-~i[SBJ.V-ed.something][V→V]-~i[SBJ.V-ed.something][V→V]-~i[SBJ.V-ed.something][V→V]-~:(u)te[to.V.for.or.with][to.cause.to.V.as.one.is.V-ing][to.V.toward.each.other][V→V]-@₁~fni[to.say.that.one.is.V-ing][Cmpd_Vbl][V][Opt][PRS][2Sg]
nuliini	nulugh-~:(ng₁)u[to.be.N][N→V]-~i[SBJ.V-ed.something][V→V]-~i[SBJ.V-ed.something][V→V]-~i[SBJ.V-ed.something][V→V]-~i[SBJ.V-ed.something][V→V]-~:(u)te[SBJ.V-ed.something][V→V]-@₁~fni[to.say.that.one.is.V-ing][Cmpd_Vbl][V][Opt][PRS][2Sg]
nuliini	nulugh-~:(ng₁)u[to.be.N][N→V]-~i[SBJ.V-ed.something][V→V]-~i[SBJ.V-ed.something][V→V]-~i[SBJ.V-ed.something][V→V]-@₁~fni[to.say.that.one.is.V-ing][Cmpd_Vbl][V][Opt][PRS][2Sg]
nuliini	nulugh-~:(ng₁)u[to.be.N][N→V]-~i[SBJ.V-ed.something][V→V]-~i[SBJ.V-ed.something][V→V]-~i[SBJ.V-ed.something][V→V]-~:(u)te[to.V.for.or.with][to.cause.to.V.as.one.is.V-ing][to.V.toward.each.other][V→V]-@₁~fni[to.say.that.one.is.V-ing][Cmpd_Vbl][V][Opt][PRS][2Sg]
nuliini	nulugh-~:(ng₁)u[to.be.N][N→V]-~i[SBJ.V-ed.something][V→V]-~i[SBJ.V-ed.something][V→V]-~i[SBJ.V-ed.something][V→V]-~:(u)te[SBJ.V-ed.something][V→V]-@₁~fni[to.say.that.one.is.V-ing][Cmpd_Vbl][V][Opt][PRS][2Sg]
nuliini	nulugh-~:(ng₁)u[to.be.N][N→V]-~i[SBJ.V-ed.something][V→V]-~i[SBJ.V-ed.something][V→V]-@₁~fni[to.say.that.one.is.V-ing][Cmpd_Vbl][V][Opt][PRS][2Sg]
nuliini	nulugh-~:(ng₁)u[to.be.N][N→V]-~i[SBJ.V-ed.something][V→V]-~i[SBJ.V-ed.something][V→V]-~:(u)te[to.V.for.or.with][to.cause.to.V.as.one.is.V-ing][to.V.toward.each.other][V→V]-@₁~fni[to.say.that.one.is.V-ing][Cmpd_Vbl][V][Opt][PRS][2Sg]
nuliini	nulugh-~:(ng₁)u[to.be.N][N→V]-~i[SBJ.V-ed.something][V→V]-~i[SBJ.V-ed.something][V→V]-~:(u)te[SBJ.V-ed.something][V→V]-@₁~fni[to.say.that.one.is.V-ing][Cmpd_Vbl][V][Opt][PRS][2Sg]
nuliini	nulugh-~:(ng₁)u[to.be.N][N→V]-~i[SBJ.V-ed.something][V→V]-@₁~fni[to.say.that.one.is.V-ing][Cmpd_Vbl][V][Opt][PRS][2Sg]
nuliini	nulugh-~:(ng₁)u[to.be.N][N→V]-~i[SBJ.V-ed.something][V→V]-~:(u)te[to.V.for.or.with][to.cause.to.V.as.one.is.V-ing][to.V.toward.each.other][V→V]-@₁~fni[to.say.that.one.is.V-ing][Cmpd_Vbl][V][Opt][PRS][2Sg]
nuliini	nulugh-~:(ng₁)u[to.be.N][N→V]-~i[SBJ.V-ed.something][V→V]-~:(u)te[SBJ.V-ed.something][V→V]-@₁~fni[to.say.that.one.is.V-ing][Cmpd_Vbl][V][Opt][PRS][2Sg]

pimakanga	pi-@₁~:(i/u)ma[to.have.V-ed][to.have.been.V-ed][V→V]-@*@₂~sf–(g₂)k(a)e[the.one.that.possessor.V-ed][V→N][N][Abs][3SgPoss][SgPosd]
pimakanga	pi-@₁~:(i/u)ma[to.have.V-ed][to.have.been.V-ed][V→V][V][Ptcp][3Sg][3Sg]
pimakanga	pi-@₁~:(i/u)ma[to.have.V-ed][to.have.been.V-ed][V→V][V][Cond][3Sg][1Sg]

saguyagka	+?

tagivaghqek	+?

------------------------
Ilagaghnaqunga."

ilagaghnaqunga	ilagagh-@₁~fnaqe[to.be.going.to.V][V→V][V][Ind][1Sg]

------------------------


	

------------------------
Nulighhan saguyak tugulukek tuunumakek ugiminun.

nulighhan	nulighh[N][Rel][3SgPoss][SgPosd]
nulighhan	nulighh[N][Rel][3SgPoss][PlPosd]

saguyak	+?

tugulukek	tugu-~:(u)te[to.V.for.or.with][to.cause.to.V.as.one.is.V-ing][to.V.toward.each.other][V→V][V][Sbrd][1Du][3Du]
tugulukek	tugu-~:(u)te[to.V.for.or.with][to.cause.to.V.as.one.is.V-ing][to.V.toward.each.other][V→V][V][Sbrd][1Pl][3Du]
tugulukek	tugu-~:(u)te[to.V.for.or.with][to.cause.to.V.as.one.is.V-ing][to.V.toward.each.other][V→V][V][Sbrd][1Sg][3Du]
tugulukek	tugu-~:(u)te[to.V.for.or.with][to.cause.to.V.as.one.is.V-ing][to.V.toward.each.other][V→V][V][Sbrd][2Du][3Du]
tugulukek	tugu-~:(u)te[to.V.for.or.with][to.cause.to.V.as.one.is.V-ing][to.V.toward.each.other][V→V][V][Sbrd][2Pl][3Du]
tugulukek	tugu-~:(u)te[to.V.for.or.with][to.cause.to.V.as.one.is.V-ing][to.V.toward.each.other][V→V][V][Sbrd][2Sg][3Du]
tugulukek	tugu-~:(u)te[to.V.for.or.with][to.cause.to.V.as.one.is.V-ing][to.V.toward.each.other][V→V][V][Sbrd][3Du][3Du]
tugulukek	tugu-~:(u)te[to.V.for.or.with][to.cause.to.V.as.one.is.V-ing][to.V.toward.each.other][V→V][V][Sbrd][3Pl][3Du]
tugulukek	tugu-~:(u)te[to.V.for.or.with][to.cause.to.V.as.one.is.V-ing][to.V.toward.each.other][V→V][V][Sbrd][3Sg][3Du]
tugulukek	tugu[V][Sbrd][1Du][3Du]
tugulukek	tugu[V][Sbrd][1Pl][3Du]
tugulukek	tugu[V][Sbrd][1Sg][3Du]
tugulukek	tugu[V][Sbrd][2Du][3Du]
tugulukek	tugu[V][Sbrd][2Pl][3Du]
tugulukek	tugu[V][Sbrd][2Sg][3Du]
tugulukek	tugu[V][Sbrd][3Du][3Du]
tugulukek	tugu[V][Sbrd][3Pl][3Du]
tugulukek	tugu[V][Sbrd][3Sg][3Du]

tuunumakek	tuune-@₁~:(i/u)ma[to.have.V-ed][to.have.been.V-ed][V→V]-@*@₂~sf–(g₂)k(a)e[the.one.that.possessor.V-ed][V→N][N][Abs][Unpd][Du]
tuunumakek	tuune-@₁~:(i/u)ma[to.have.V-ed][to.have.been.V-ed][V→V]-@*@₂~sf–(g₂)k(a)e[the.one.that.possessor.V-ed][V→N][N][Rel][Unpd][Du]
tuunumakek	tuune-@₁~:(i/u)ma[to.have.V-ed][to.have.been.V-ed][V→V][V][Opt][PRS][2Sg][3Du]
tuunumakek	tuune-@₁~:(i/u)ma[to.have.V-ed][to.have.been.V-ed][V→V][V][Intrg][2Pl][3Du]

ugiminun	ugi[N][Ter][4SgPoss][SgPosd]
ugiminun	ugi[N][Ter][4SgPoss][PlPosd]

------------------------
Ugingan tugulukek ilagaamalghii, "Qulighhamtaanguq paaaa—aamkut, qulighhaamtaanguq paaaa—aamut, Iyngighhaput mesiighpallaallukii neqniqaqiit!"

ugingan	ugi[N][Rel][3SgPoss][SgPosd]
ugingan	ugi[N][Rel][3SgPoss][PlPosd]

tugulukek	tugu-~:(u)te[to.V.for.or.with][to.cause.to.V.as.one.is.V-ing][to.V.toward.each.other][V→V][V][Sbrd][1Du][3Du]
tugulukek	tugu-~:(u)te[to.V.for.or.with][to.cause.to.V.as.one.is.V-ing][to.V.toward.each.other][V→V][V][Sbrd][1Pl][3Du]
tugulukek	tugu-~:(u)te[to.V.for.or.with][to.cause.to.V.as.one.is.V-ing][to.V.toward.each.other][V→V][V][Sbrd][1Sg][3Du]
tugulukek	tugu-~:(u)te[to.V.for.or.with][to.cause.to.V.as.one.is.V-ing][to.V.toward.each.other][V→V][V][Sbrd][2Du][3Du]
tugulukek	tugu-~:(u)te[to.V.for.or.with][to.cause.to.V.as.one.is.V-ing][to.V.toward.each.other][V→V][V][Sbrd][2Pl][3Du]
tugulukek	tugu-~:(u)te[to.V.for.or.with][to.cause.to.V.as.one.is.V-ing][to.V.toward.each.other][V→V][V][Sbrd][2Sg][3Du]
tugulukek	tugu-~:(u)te[to.V.for.or.with][to.cause.to.V.as.one.is.V-ing][to.V.toward.each.other][V→V][V][Sbrd][3Du][3Du]
tugulukek	tugu-~:(u)te[to.V.for.or.with][to.cause.to.V.as.one.is.V-ing][to.V.toward.each.other][V→V][V][Sbrd][3Pl][3Du]
tugulukek	tugu-~:(u)te[to.V.for.or.with][to.cause.to.V.as.one.is.V-ing][to.V.toward.each.other][V→V][V][Sbrd][3Sg][3Du]
tugulukek	tugu[V][Sbrd][1Du][3Du]
tugulukek	tugu[V][Sbrd][1Pl][3Du]
tugulukek	tugu[V][Sbrd][1Sg][3Du]
tugulukek	tugu[V][Sbrd][2Du][3Du]
tugulukek	tugu[V][Sbrd][2Pl][3Du]
tugulukek	tugu[V][Sbrd][2Sg][3Du]
tugulukek	tugu[V][Sbrd][3Du][3Du]
tugulukek	tugu[V][Sbrd][3Pl][3Du]
tugulukek	tugu[V][Sbrd][3Sg][3Du]

ilagaamalghii	ilagagh-@₁~:(i/u)ma[to.have.V-ed][to.have.been.V-ed][V→V]-@₁–lghii[the.one.that.V-ed][the.one.that.is.V][V→N][N][Abs][Unpd][Sg]
ilagaamalghii	ilagagh-@₁~:(i/u)ma[to.have.V-ed][to.have.been.V-ed][V→V][V][Ptcp][3Sg]

qulighhamtaanguq	+?

paaaa—aamkut	+?

qulighhaamtaanguq	+?

paaaa—aamut	+?

iyngighhaput	+?

mesiighpallaallukii	+?

neqniqaqiit	+?

------------------------
Qalghiimalghii, "Qagisavisavisavii, qagisavisavisavii!"

qalghiimalghii	+?

qagisavisavisavii	+?

qagisavisavisavii	+?

------------------------
Taagken nanevgaat neghsat aghnaghaat pimakangi, "Aghnaghaat putughutek!"

taagken	taagken

nanevgaat	+?

neghsat	neghsagh[N][Abs][Unpd][Pl]
neghsat	neghsagh[N][Rel][Unpd][Pl]

aghnaghaat	aghnaghagh*[N][Abs][Unpd][Pl]
aghnaghaat	aghnaghagh*[N][Abs][3PlPoss][SgPosd]
aghnaghaat	aghnaghagh*[N][Rel][Unpd][Pl]

pimakangi	pi-@₁~:(i/u)ma[to.have.V-ed][to.have.been.V-ed][V→V]-@*@₂~sf–(g₂)k(a)e[the.one.that.possessor.V-ed][V→N][N][Abs][3SgPoss][PlPosd]
pimakangi	pi-@₁~:(i/u)ma[to.have.V-ed][to.have.been.V-ed][V→V][V][Ptcp][3Sg][3Pl]

aghnaghaat	aghnaghagh*[N][Abs][Unpd][Pl]
aghnaghaat	aghnaghagh*[N][Abs][3PlPoss][SgPosd]
aghnaghaat	aghnaghagh*[N][Rel][Unpd][Pl]

putughutek	+?

------------------------
Llaaghanwha nanevgaq neghsaq aanqusimalghii, "Iquyelqutaa iyaaaa, qaghpalukaa iyaa-aa, manuqelleghaaqaa iyaa-aa!" (1)

llaaghanwha	+?

nanevgaq	+?

neghsaq	neghsagh[N][Abs][Unpd][Sg]

aanqusimalghii	+?

iquyelqutaa	+?

iyaaaa	+?

qaghpalukaa	+?

iyaaaa	+?

manuqelleghaaqaa	+?

iyaaaa	+?

1	+?

------------------------
Tawa vuvalla qamagsimalghii.

tawa	tawa

vuvalla	+?

qamagsimalghii	qamagte-@₁~:(i/u)ma[to.have.V-ed][to.have.been.V-ed][V→V]-@₁–lghii[the.one.that.V-ed][the.one.that.is.V][V→N][N][Abs][Unpd][Sg]
qamagsimalghii	qamagte-@₁~:(i/u)ma[to.have.V-ed][to.have.been.V-ed][V→V][V][Ptcp][3Sg]

------------------------
(1) Entaqun neghsat akuzillghat.

1	+?

entaqun	entaqun

neghsat	neghsagh[N][Abs][Unpd][Pl]
neghsat	neghsagh[N][Rel][Unpd][Pl]

akuzillghat	+?

------------------------


	

------------------------
Nanevgaam pimakanga nuliini, "Una yuuk elqwaaghmeng tuunigu."

nanevgaam	+?

pimakanga	pi-@₁~:(i/u)ma[to.have.V-ed][to.have.been.V-ed][V→V]-@*@₂~sf–(g₂)k(a)e[the.one.that.possessor.V-ed][V→N][N][Abs][3SgPoss][SgPosd]
pimakanga	pi-@₁~:(i/u)ma[to.have.V-ed][to.have.been.V-ed][V→V][V][Ptcp][3Sg][3Sg]
pimakanga	pi-@₁~:(i/u)ma[to.have.V-ed][to.have.been.V-ed][V→V][V][Cond][3Sg][1Sg]

nuliini	nuliigh[N][Abs][4SgPoss][SgPosd]
nuliini	nuliigh[N][Abs][4SgPoss][PlPosd]
nuliini	nulugh-~:(ng₁)u[to.be.N][N→V]-~i[SBJ.V-ed.something][V→V]-~i[SBJ.V-ed.something][V→V]-~i[SBJ.V-ed.something][V→V]-~i[SBJ.V-ed.something][V→V]-~i[SBJ.V-ed.something][V→V]-@₁~fni[to.say.that.one.is.V-ing][Cmpd_Vbl][V][Opt][PRS][2Sg]
nuliini	nulugh-~:(ng₁)u[to.be.N][N→V]-~i[SBJ.V-ed.something][V→V]-~i[SBJ.V-ed.something][V→V]-~i[SBJ.V-ed.something][V→V]-~i[SBJ.V-ed.something][V→V]-@₁~fni[to.say.that.one.is.V-ing][Cmpd_Vbl][V][Opt][PRS][2Sg]
nuliini	nulugh-~:(ng₁)u[to.be.N][N→V]-~i[SBJ.V-ed.something][V→V]-~i[SBJ.V-ed.something][V→V]-~i[SBJ.V-ed.something][V→V]-~i[SBJ.V-ed.something][V→V]-~:(u)te[to.V.for.or.with][to.cause.to.V.as.one.is.V-ing][to.V.toward.each.other][V→V]-@₁~fni[to.say.that.one.is.V-ing][Cmpd_Vbl][V][Opt][PRS][2Sg]
nuliini	nulugh-~:(ng₁)u[to.be.N][N→V]-~i[SBJ.V-ed.something][V→V]-~i[SBJ.V-ed.something][V→V]-~i[SBJ.V-ed.something][V→V]-~i[SBJ.V-ed.something][V→V]-~:(u)te[SBJ.V-ed.something][V→V]-@₁~fni[to.say.that.one.is.V-ing][Cmpd_Vbl][V][Opt][PRS][2Sg]
nuliini	nulugh-~:(ng₁)u[to.be.N][N→V]-~i[SBJ.V-ed.something][V→V]-~i[SBJ.V-ed.something][V→V]-~i[SBJ.V-ed.something][V→V]-@₁~fni[to.say.that.one.is.V-ing][Cmpd_Vbl][V][Opt][PRS][2Sg]
nuliini	nulugh-~:(ng₁)u[to.be.N][N→V]-~i[SBJ.V-ed.something][V→V]-~i[SBJ.V-ed.something][V→V]-~i[SBJ.V-ed.something][V→V]-~:(u)te[to.V.for.or.with][to.cause.to.V.as.one.is.V-ing][to.V.toward.each.other][V→V]-@₁~fni[to.say.that.one.is.V-ing][Cmpd_Vbl][V][Opt][PRS][2Sg]
nuliini	nulugh-~:(ng₁)u[to.be.N][N→V]-~i[SBJ.V-ed.something][V→V]-~i[SBJ.V-ed.something][V→V]-~i[SBJ.V-ed.something][V→V]-~:(u)te[SBJ.V-ed.something][V→V]-@₁~fni[to.say.that.one.is.V-ing][Cmpd_Vbl][V][Opt][PRS][2Sg]
nuliini	nulugh-~:(ng₁)u[to.be.N][N→V]-~i[SBJ.V-ed.something][V→V]-~i[SBJ.V-ed.something][V→V]-@₁~fni[to.say.that.one.is.V-ing][Cmpd_Vbl][V][Opt][PRS][2Sg]
nuliini	nulugh-~:(ng₁)u[to.be.N][N→V]-~i[SBJ.V-ed.something][V→V]-~i[SBJ.V-ed.something][V→V]-~:(u)te[to.V.for.or.with][to.cause.to.V.as.one.is.V-ing][to.V.toward.each.other][V→V]-@₁~fni[to.say.that.one.is.V-ing][Cmpd_Vbl][V][Opt][PRS][2Sg]
nuliini	nulugh-~:(ng₁)u[to.be.N][N→V]-~i[SBJ.V-ed.something][V→V]-~i[SBJ.V-ed.something][V→V]-~:(u)te[SBJ.V-ed.something][V→V]-@₁~fni[to.say.that.one.is.V-ing][Cmpd_Vbl][V][Opt][PRS][2Sg]
nuliini	nulugh-~:(ng₁)u[to.be.N][N→V]-~i[SBJ.V-ed.something][V→V]-@₁~fni[to.say.that.one.is.V-ing][Cmpd_Vbl][V][Opt][PRS][2Sg]
nuliini	nulugh-~:(ng₁)u[to.be.N][N→V]-~i[SBJ.V-ed.something][V→V]-~:(u)te[to.V.for.or.with][to.cause.to.V.as.one.is.V-ing][to.V.toward.each.other][V→V]-@₁~fni[to.say.that.one.is.V-ing][Cmpd_Vbl][V][Opt][PRS][2Sg]
nuliini	nulugh-~:(ng₁)u[to.be.N][N→V]-~i[SBJ.V-ed.something][V→V]-~:(u)te[SBJ.V-ed.something][V→V]-@₁~fni[to.say.that.one.is.V-ing][Cmpd_Vbl][V][Opt][PRS][2Sg]

una	una

yuuk	yug[N][Abs][Sg]

elqwaaghmeng	elqwaagh[N][Rel][4DuPoss][SgPosd]
elqwaaghmeng	elqwaagh[N][Rel][4DuPoss][PlPosd]
elqwaaghmeng	elqwaagh[N][Rel][4PlPoss][SgPosd]
elqwaaghmeng	elqwaagh[N][Rel][4PlPoss][PlPosd]
elqwaaghmeng	elqwaagh[N][Abl_Mod][Unpd][Sg]

tuunigu	tuune[V][Opt][PRS][2Sg][3Sg]

------------------------
Nulighhan yuuk elqwaaghmeng tuunumakanga.

nulighhan	nulighh[N][Rel][3SgPoss][SgPosd]
nulighhan	nulighh[N][Rel][3SgPoss][PlPosd]

yuuk	yug[N][Abs][Sg]

elqwaaghmeng	elqwaagh[N][Rel][4DuPoss][SgPosd]
elqwaaghmeng	elqwaagh[N][Rel][4DuPoss][PlPosd]
elqwaaghmeng	elqwaagh[N][Rel][4PlPoss][SgPosd]
elqwaaghmeng	elqwaagh[N][Rel][4PlPoss][PlPosd]
elqwaaghmeng	elqwaagh[N][Abl_Mod][Unpd][Sg]

tuunumakanga	tuune-@₁~:(i/u)ma[to.have.V-ed][to.have.been.V-ed][V→V]-@*@₂~sf–(g₂)k(a)e[the.one.that.possessor.V-ed][V→N][N][Abs][3SgPoss][SgPosd]
tuunumakanga	tuune-@₁~:(i/u)ma[to.have.V-ed][to.have.been.V-ed][V→V][V][Ptcp][3Sg][3Sg]
tuunumakanga	tuune-@₁~:(i/u)ma[to.have.V-ed][to.have.been.V-ed][V→V][V][Cond][3Sg][1Sg]

------------------------
Nanevgaam neghsam yuuk pimakanga, "Qaa uggnaqegkuvek quunqaamaghpek qesiiqaamaghpek uuglleghhaaten.

nanevgaam	+?

neghsam	neghsagh[N][Rel][Unpd][Sg]

yuuk	yug[N][Abs][Sg]

pimakanga	pi-@₁~:(i/u)ma[to.have.V-ed][to.have.been.V-ed][V→V]-@*@₂~sf–(g₂)k(a)e[the.one.that.possessor.V-ed][V→N][N][Abs][3SgPoss][SgPosd]
pimakanga	pi-@₁~:(i/u)ma[to.have.V-ed][to.have.been.V-ed][V→V][V][Ptcp][3Sg][3Sg]
pimakanga	pi-@₁~:(i/u)ma[to.have.V-ed][to.have.been.V-ed][V→V][V][Cond][3Sg][1Sg]

qaa	+?

uggnaqegkuvek	+?

quunqaamaghpek	+?

qesiiqaamaghpek	+?

uuglleghhaaten	+?

------------------------
Ima naten pinaaghtut elqwaaghet."

ima	ima

naten	naten

pinaaghtut	+?

elqwaaghet	elqwaagh[N][Abs][Unpd][Pl]
elqwaaghet	elqwaagh[N][Rel][Unpd][Pl]

------------------------
Llaaghanwha yuuk aanluni mayuumalghii.

llaaghanwha	+?

yuuk	yug[N][Abs][Sg]

aanluni	aane[V][Sbrd][3Sg]

mayuumalghii	mayugh-@₁~:(i/u)ma[to.have.V-ed][to.have.been.V-ed][V→V]-@₁–lghii[the.one.that.V-ed][the.one.that.is.V][V→N][N][Abs][Unpd][Sg]
mayuumalghii	mayugh-@₁~:(i/u)ma[to.have.V-ed][to.have.been.V-ed][V→V][V][Ptcp][3Sg]

------------------------
Uggnaqsami quunqaamaghmi uugsimalghii saama elqwaaghet llimakangi.

uggnaqsami	+?

quunqaamaghmi	+?

uugsimalghii	+?

saama	+?

elqwaaghet	elqwaagh[N][Abs][Unpd][Pl]
elqwaaghet	elqwaagh[N][Rel][Unpd][Pl]

llimakangi	lli-@₁~:(i/u)ma[to.have.V-ed][to.have.been.V-ed][V→V]-@*@₂~sf–(g₂)k(a)e[the.one.that.possessor.V-ed][V→N][N][Abs][3SgPoss][PlPosd]
llimakangi	lli-@₁~:(i/u)ma[to.have.V-ed][to.have.been.V-ed][V→V][V][Ptcp][3Sg][3Pl]

------------------------
Esghaamakangi neghsalghutet.

esghaamakangi	esghagh-@₁~:(i/u)ma[to.have.V-ed][to.have.been.V-ed][V→V]-@*@₂~sf–(g₂)k(a)e[the.one.that.possessor.V-ed][V→N][N][Abs][3SgPoss][PlPosd]
esghaamakangi	esghagh-@₁~:(i/u)ma[to.have.V-ed][to.have.been.V-ed][V→V][V][Ptcp][3Sg][3Pl]

neghsalghutet	+?

------------------------
Yugem nuliini ungipaalluku angaghquumakangit qamaglluki.

yugem	yug[N][Rel][Unpd][Sg]

nuliini	nuliigh[N][Abs][4SgPoss][SgPosd]
nuliini	nuliigh[N][Abs][4SgPoss][PlPosd]
nuliini	nulugh-~:(ng₁)u[to.be.N][N→V]-~i[SBJ.V-ed.something][V→V]-~i[SBJ.V-ed.something][V→V]-~i[SBJ.V-ed.something][V→V]-~i[SBJ.V-ed.something][V→V]-~i[SBJ.V-ed.something][V→V]-@₁~fni[to.say.that.one.is.V-ing][Cmpd_Vbl][V][Opt][PRS][2Sg]
nuliini	nulugh-~:(ng₁)u[to.be.N][N→V]-~i[SBJ.V-ed.something][V→V]-~i[SBJ.V-ed.something][V→V]-~i[SBJ.V-ed.something][V→V]-~i[SBJ.V-ed.something][V→V]-@₁~fni[to.say.that.one.is.V-ing][Cmpd_Vbl][V][Opt][PRS][2Sg]
nuliini	nulugh-~:(ng₁)u[to.be.N][N→V]-~i[SBJ.V-ed.something][V→V]-~i[SBJ.V-ed.something][V→V]-~i[SBJ.V-ed.something][V→V]-~i[SBJ.V-ed.something][V→V]-~:(u)te[to.V.for.or.with][to.cause.to.V.as.one.is.V-ing][to.V.toward.each.other][V→V]-@₁~fni[to.say.that.one.is.V-ing][Cmpd_Vbl][V][Opt][PRS][2Sg]
nuliini	nulugh-~:(ng₁)u[to.be.N][N→V]-~i[SBJ.V-ed.something][V→V]-~i[SBJ.V-ed.something][V→V]-~i[SBJ.V-ed.something][V→V]-~i[SBJ.V-ed.something][V→V]-~:(u)te[SBJ.V-ed.something][V→V]-@₁~fni[to.say.that.one.is.V-ing][Cmpd_Vbl][V][Opt][PRS][2Sg]
nuliini	nulugh-~:(ng₁)u[to.be.N][N→V]-~i[SBJ.V-ed.something][V→V]-~i[SBJ.V-ed.something][V→V]-~i[SBJ.V-ed.something][V→V]-@₁~fni[to.say.that.one.is.V-ing][Cmpd_Vbl][V][Opt][PRS][2Sg]
nuliini	nulugh-~:(ng₁)u[to.be.N][N→V]-~i[SBJ.V-ed.something][V→V]-~i[SBJ.V-ed.something][V→V]-~i[SBJ.V-ed.something][V→V]-~:(u)te[to.V.for.or.with][to.cause.to.V.as.one.is.V-ing][to.V.toward.each.other][V→V]-@₁~fni[to.say.that.one.is.V-ing][Cmpd_Vbl][V][Opt][PRS][2Sg]
nuliini	nulugh-~:(ng₁)u[to.be.N][N→V]-~i[SBJ.V-ed.something][V→V]-~i[SBJ.V-ed.something][V→V]-~i[SBJ.V-ed.something][V→V]-~:(u)te[SBJ.V-ed.something][V→V]-@₁~fni[to.say.that.one.is.V-ing][Cmpd_Vbl][V][Opt][PRS][2Sg]
nuliini	nulugh-~:(ng₁)u[to.be.N][N→V]-~i[SBJ.V-ed.something][V→V]-~i[SBJ.V-ed.something][V→V]-@₁~fni[to.say.that.one.is.V-ing][Cmpd_Vbl][V][Opt][PRS][2Sg]
nuliini	nulugh-~:(ng₁)u[to.be.N][N→V]-~i[SBJ.V-ed.something][V→V]-~i[SBJ.V-ed.something][V→V]-~:(u)te[to.V.for.or.with][to.cause.to.V.as.one.is.V-ing][to.V.toward.each.other][V→V]-@₁~fni[to.say.that.one.is.V-ing][Cmpd_Vbl][V][Opt][PRS][2Sg]
nuliini	nulugh-~:(ng₁)u[to.be.N][N→V]-~i[SBJ.V-ed.something][V→V]-~i[SBJ.V-ed.something][V→V]-~:(u)te[SBJ.V-ed.something][V→V]-@₁~fni[to.say.that.one.is.V-ing][Cmpd_Vbl][V][Opt][PRS][2Sg]
nuliini	nulugh-~:(ng₁)u[to.be.N][N→V]-~i[SBJ.V-ed.something][V→V]-@₁~fni[to.say.that.one.is.V-ing][Cmpd_Vbl][V][Opt][PRS][2Sg]
nuliini	nulugh-~:(ng₁)u[to.be.N][N→V]-~i[SBJ.V-ed.something][V→V]-~:(u)te[to.V.for.or.with][to.cause.to.V.as.one.is.V-ing][to.V.toward.each.other][V→V]-@₁~fni[to.say.that.one.is.V-ing][Cmpd_Vbl][V][Opt][PRS][2Sg]
nuliini	nulugh-~:(ng₁)u[to.be.N][N→V]-~i[SBJ.V-ed.something][V→V]-~:(u)te[SBJ.V-ed.something][V→V]-@₁~fni[to.say.that.one.is.V-ing][Cmpd_Vbl][V][Opt][PRS][2Sg]

ungipaalluku	ungipaate[V][Sbrd][1Du][3Sg]
ungipaalluku	ungipaate[V][Sbrd][1Pl][3Sg]
ungipaalluku	ungipaate[V][Sbrd][1Sg][3Sg]
ungipaalluku	ungipaate[V][Sbrd][2Du][3Sg]
ungipaalluku	ungipaate[V][Sbrd][2Pl][3Sg]
ungipaalluku	ungipaate[V][Sbrd][2Sg][3Sg]
ungipaalluku	ungipaate[V][Sbrd][3Du][3Sg]
ungipaalluku	ungipaate[V][Sbrd][3Pl][3Sg]
ungipaalluku	ungipaate[V][Sbrd][3Sg][3Sg]

angaghquumakangit	+?

qamaglluki	+?

------------------------
Taawa taam kenlenganeng yuuk taana unangyughighllagumalghii.

taawa	taawa

taam	+?

kenlenganeng	+?

yuuk	yug[N][Abs][Sg]

taana	taana

unangyughighllagumalghii	+?

------------------------


	

------------------------
Qamagtuq.

qamagtuq	qamagte[V][Ind][3Sg]

------------------------
