Piinlilleq

﻿piinlilleq	+?

------------------------
Petuwaam igallgha

petuwaam	+?

igallgha	+?

------------------------


	

------------------------
Ungipaghaatet ukuni igani apeghtughistem linguist-em Georgiy A. Menovshchikov-em igaqsuwhaaqaqii apeghtughistenguluni Pamani 1930-ni.

ungipaghaatet	ungipaghagh-~:(ng₁)u[to.be.N][N→V]-~:(u)te[condition.with.respect.to.V-ing][V→N][N][Abs][Unpd][Pl]
ungipaghaatet	ungipaghagh-~:(ng₁)u[to.be.N][N→V]-~:(u)te[condition.with.respect.to.V-ing][V→N][N][Rel][Unpd][Pl]
ungipaghaatet	ungipaghagh-~:(u)te[condition.with.respect.to.V-ing][V→N][N][Abs][Unpd][Pl]
ungipaghaatet	ungipaghagh-~:(u)te[condition.with.respect.to.V-ing][V→N][N][Rel][Unpd][Pl]

ukuni	+?

igani	igagh[N][Abs][4SgPoss][SgPosd]
igani	igagh[N][Abs][4SgPoss][PlPosd]
igani	igagh[N][Loc][Unpd][Pl]

apeghtughistem	apeghtughiste[N][Rel][Unpd][Sg]

linguistem	+?

georgiy	+?

a	+?

menovshchikovem	+?

igaqsuwhaaqaqii	+?

apeghtughistenguluni	apeghtughiste-~:(ng₁)u[to.be.N][N→V]-~:(u)te[to.V.for.or.with][to.cause.to.V.as.one.is.V-ing][to.V.toward.each.other][V→V][V][Sbrd][3Sg]
apeghtughistenguluni	apeghtughiste-~:(ng₁)u[to.be.N][N→V]-~:(u)te[SBJ.V-ed.something][V→V][V][Sbrd][3Sg]
apeghtughistenguluni	apeghtughiste-~:(ng₁)u[to.be.N][N→V][V][Sbrd][3Sg]

pamani	pamani

1930ni	+?

------------------------
Ukuni igani qula akimigaq siipneqluku ungipaghata Menovshchikovem igaquqii whangkuta Sivuqamelngughnim atightullemnnu mumighqughanka ama Laluramketimun mumighqughanka.

ukuni	+?

igani	igagh[N][Abs][4SgPoss][SgPosd]
igani	igagh[N][Abs][4SgPoss][PlPosd]
igani	igagh[N][Loc][Unpd][Pl]

qula	+?

akimigaq	+?

siipneqluku	+?

ungipaghata	+?

menovshchikovem	+?

igaquqii	+?

whangkuta	whangkuta

sivuqamelngughnim	+?

atightullemnnu	+?

mumighqughanka	+?

ama	ama

laluramketimun	+?

mumighqughanka	+?

------------------------
Qamaglluki ungipaghaatet ukut Menovshchikov-em 1988-em igaaneng, Materialy i issledovaniia po iazyku i fol 'kloru chaplinskikh eskimosov (Materials and Analysis Concerning the Language and Folklore of the Chaplinski Eskimos), pinguut publishekat Ruusemi.

qamaglluki	+?

ungipaghaatet	ungipaghagh-~:(ng₁)u[to.be.N][N→V]-~:(u)te[condition.with.respect.to.V-ing][V→N][N][Abs][Unpd][Pl]
ungipaghaatet	ungipaghagh-~:(ng₁)u[to.be.N][N→V]-~:(u)te[condition.with.respect.to.V-ing][V→N][N][Rel][Unpd][Pl]
ungipaghaatet	ungipaghagh-~:(u)te[condition.with.respect.to.V-ing][V→N][N][Abs][Unpd][Pl]
ungipaghaatet	ungipaghagh-~:(u)te[condition.with.respect.to.V-ing][V→N][N][Rel][Unpd][Pl]

ukut	ukut

menovshchikovem	+?

1988em	+?

igaaneng	igagh[N][Abl_Mod][3SgPoss][SgPosd]
igaaneng	igagh[N][Abl_Mod][3SgPoss][PlPosd]

materialy	+?

i	+?

issledovaniia	+?

po	+?

iazyku	+?

i	+?

fol	+?

kloru	+?

chaplinskikh	+?

eskimosov	+?

materials	+?

and	+?

analysis	+?

concerning	+?

the	+?

language	+?

and	+?

folklore	+?

of	+?

the	+?

chaplinski	+?

eskimos	+?

pinguut	pi-~:(ng₁)u[to.be.N][N→V][V][Ind][3Pl]

publishekat	+?

ruusemi	+?

------------------------


	

------------------------
Una qepghaqaq allgeqaaguq maningyama grantmeng University of Alaska Fairbanks-em Provost-anganeng.

una	una

qepghaqaq	qepghagh-~sf–(g₃)kaq[one.that.has.V-ed][V→N][N][Abs][Unpd][Sg]

allgeqaaguq	+?

maningyama	+?

grantmeng	+?

university	+?

of	+?

alaska	+?

fairbanksem	+?

provostanganeng	+?

------------------------
Allgeghutelleghqun Sivuqaghtunga Ruuseghmiit atightullghitneng mumighqughanka whangkunnun atightughyugnaghtesqelluki Kaneghyengesim tanqiini 2001-mi.

allgeghutelleghqun	+?

sivuqaghtunga	Sivuqagh-te[to.catch.N][to.go.to.N][N→V][V][Ind][1Sg]

ruuseghmiit	Ruuseghmii[N][Abs][Unpd][Pl]
ruuseghmiit	Ruuseghmii[N][Rel][Unpd][Pl]

atightullghitneng	+?

mumighqughanka	+?

whangkunnun	+?

atightughyugnaghtesqelluki	+?

kaneghyengesim	+?

tanqiini	tanqigh-~:(ng₁)u[to.be.N][N→V]-~i[SBJ.V-ed.something][V→V]-~i[SBJ.V-ed.something][V→V]-~i[SBJ.V-ed.something][V→V]-~i[SBJ.V-ed.something][V→V]-~i[SBJ.V-ed.something][V→V]-@₁~fni[to.say.that.one.is.V-ing][Cmpd_Vbl][V][Opt][PRS][2Sg]
tanqiini	tanqigh-~:(ng₁)u[to.be.N][N→V]-~i[SBJ.V-ed.something][V→V]-~i[SBJ.V-ed.something][V→V]-~i[SBJ.V-ed.something][V→V]-~i[SBJ.V-ed.something][V→V]-@₁~fni[to.say.that.one.is.V-ing][Cmpd_Vbl][V][Opt][PRS][2Sg]
tanqiini	tanqigh-~:(ng₁)u[to.be.N][N→V]-~i[SBJ.V-ed.something][V→V]-~i[SBJ.V-ed.something][V→V]-~i[SBJ.V-ed.something][V→V]-~i[SBJ.V-ed.something][V→V]-~:(u)te[to.V.for.or.with][to.cause.to.V.as.one.is.V-ing][to.V.toward.each.other][V→V]-@₁~fni[to.say.that.one.is.V-ing][Cmpd_Vbl][V][Opt][PRS][2Sg]
tanqiini	tanqigh-~:(ng₁)u[to.be.N][N→V]-~i[SBJ.V-ed.something][V→V]-~i[SBJ.V-ed.something][V→V]-~i[SBJ.V-ed.something][V→V]-~i[SBJ.V-ed.something][V→V]-~:(u)te[SBJ.V-ed.something][V→V]-@₁~fni[to.say.that.one.is.V-ing][Cmpd_Vbl][V][Opt][PRS][2Sg]
tanqiini	tanqigh-~:(ng₁)u[to.be.N][N→V]-~i[SBJ.V-ed.something][V→V]-~i[SBJ.V-ed.something][V→V]-~i[SBJ.V-ed.something][V→V]-@₁~fni[to.say.that.one.is.V-ing][Cmpd_Vbl][V][Opt][PRS][2Sg]
tanqiini	tanqigh-~:(ng₁)u[to.be.N][N→V]-~i[SBJ.V-ed.something][V→V]-~i[SBJ.V-ed.something][V→V]-~i[SBJ.V-ed.something][V→V]-~:(u)te[to.V.for.or.with][to.cause.to.V.as.one.is.V-ing][to.V.toward.each.other][V→V]-@₁~fni[to.say.that.one.is.V-ing][Cmpd_Vbl][V][Opt][PRS][2Sg]
tanqiini	tanqigh-~:(ng₁)u[to.be.N][N→V]-~i[SBJ.V-ed.something][V→V]-~i[SBJ.V-ed.something][V→V]-~i[SBJ.V-ed.something][V→V]-~:(u)te[SBJ.V-ed.something][V→V]-@₁~fni[to.say.that.one.is.V-ing][Cmpd_Vbl][V][Opt][PRS][2Sg]
tanqiini	tanqigh-~:(ng₁)u[to.be.N][N→V]-~i[SBJ.V-ed.something][V→V]-~i[SBJ.V-ed.something][V→V]-@₁~fni[to.say.that.one.is.V-ing][Cmpd_Vbl][V][Opt][PRS][2Sg]
tanqiini	tanqigh-~:(ng₁)u[to.be.N][N→V]-~i[SBJ.V-ed.something][V→V]-~i[SBJ.V-ed.something][V→V]-~:(u)te[to.V.for.or.with][to.cause.to.V.as.one.is.V-ing][to.V.toward.each.other][V→V]-@₁~fni[to.say.that.one.is.V-ing][Cmpd_Vbl][V][Opt][PRS][2Sg]
tanqiini	tanqigh-~:(ng₁)u[to.be.N][N→V]-~i[SBJ.V-ed.something][V→V]-~i[SBJ.V-ed.something][V→V]-~:(u)te[SBJ.V-ed.something][V→V]-@₁~fni[to.say.that.one.is.V-ing][Cmpd_Vbl][V][Opt][PRS][2Sg]
tanqiini	tanqigh-~:(ng₁)u[to.be.N][N→V]-~i[SBJ.V-ed.something][V→V]-@₁~fni[to.say.that.one.is.V-ing][Cmpd_Vbl][V][Opt][PRS][2Sg]
tanqiini	tanqigh-~:(ng₁)u[to.be.N][N→V]-~i[SBJ.V-ed.something][V→V]-~:(u)te[to.V.for.or.with][to.cause.to.V.as.one.is.V-ing][to.V.toward.each.other][V→V]-@₁~fni[to.say.that.one.is.V-ing][Cmpd_Vbl][V][Opt][PRS][2Sg]
tanqiini	tanqigh-~:(ng₁)u[to.be.N][N→V]-~i[SBJ.V-ed.something][V→V]-~:(u)te[SBJ.V-ed.something][V→V]-@₁~fni[to.say.that.one.is.V-ing][Cmpd_Vbl][V][Opt][PRS][2Sg]
tanqiini	tanqigh-~:(ng₁)u[to.be.N][N→V]-@₁~fni[to.say.that.one.is.V-ing][Cmpd_Vbl][V][Opt][PRS][2Sg]
tanqiini	tanqigh-~:(ng₁)u[to.be.N][N→V]-~:(u)te[to.V.for.or.with][to.cause.to.V.as.one.is.V-ing][to.V.toward.each.other][V→V]-@₁~fni[to.say.that.one.is.V-ing][Cmpd_Vbl][V][Opt][PRS][2Sg]
tanqiini	tanqigh-~:(ng₁)u[to.be.N][N→V]-~:(u)te[SBJ.V-ed.something][V→V]-@₁~fni[to.say.that.one.is.V-ing][Cmpd_Vbl][V][Opt][PRS][2Sg]
tanqiini	tanqigh[N][Loc][3SgPoss][SgPosd]
tanqiini	tanqigh[N][Loc][3SgPoss][PlPosd]

2001mi	+?

------------------------
Piyuwhaaghmun 45 ungipaghaatet 49-eneng 1988-em igaaneng.

piyuwhaaghmun	+?

45	+?

ungipaghaatet	ungipaghagh-~:(ng₁)u[to.be.N][N→V]-~:(u)te[condition.with.respect.to.V-ing][V→N][N][Abs][Unpd][Pl]
ungipaghaatet	ungipaghagh-~:(ng₁)u[to.be.N][N→V]-~:(u)te[condition.with.respect.to.V-ing][V→N][N][Rel][Unpd][Pl]
ungipaghaatet	ungipaghagh-~:(u)te[condition.with.respect.to.V-ing][V→N][N][Abs][Unpd][Pl]
ungipaghaatet	ungipaghagh-~:(u)te[condition.with.respect.to.V-ing][V→N][N][Rel][Unpd][Pl]

49eneng	+?

1988em	+?

igaaneng	igagh[N][Abl_Mod][3SgPoss][SgPosd]
igaaneng	igagh[N][Abl_Mod][3SgPoss][PlPosd]

------------------------
Iwernga piyalghiinga ilangi ungipaghaatem siingenllu aapqat, ilangillu aghsaan ayuqelghiit.

iwernga	iwernga

piyalghiinga	pi-@₁~fyagh[to.go.V-ing][to.V.in.vain][V→V]-@₁–lghii[the.one.that.V-ed][the.one.that.is.V][V→N][N][Abs][3SgPoss][SgPosd]
piyalghiinga	pi-@₁~fyagh[to.go.V-ing][to.V.in.vain][V→V][V][Ptcp][1Sg]
piyalghiinga	pi-~:(u)te[to.V.for.or.with][to.cause.to.V.as.one.is.V-ing][to.V.toward.each.other][V→V]-@₁~fyagh[to.go.V-ing][to.V.in.vain][V→V]-@₁–lghii[the.one.that.V-ed][the.one.that.is.V][V→N][N][Abs][3SgPoss][SgPosd]
piyalghiinga	pi-~:(u)te[to.V.for.or.with][to.cause.to.V.as.one.is.V-ing][to.V.toward.each.other][V→V]-@₁~fyagh[to.go.V-ing][to.V.in.vain][V→V][V][Ptcp][1Sg]
piyalghiinga	pi-~:(u)te[to.V.for.or.with][to.cause.to.V.as.one.is.V-ing][to.V.toward.each.other][V→V][V][Ptcp_Obl][1Sg]
piyalghiinga	pi-~:(u)te[SBJ.V-ed.something][V→V]-@₁~fyagh[to.go.V-ing][to.V.in.vain][V→V]-@₁–lghii[the.one.that.V-ed][the.one.that.is.V][V→N][N][Abs][3SgPoss][SgPosd]
piyalghiinga	pi-~:(u)te[SBJ.V-ed.something][V→V]-@₁~fyagh[to.go.V-ing][to.V.in.vain][V→V][V][Ptcp][1Sg]
piyalghiinga	pi-~:(u)te[SBJ.V-ed.something][V→V][V][Ptcp_Obl][1Sg]
piyalghiinga	pi[V][Ptcp_Obl][1Sg]

ilangi	ila[N][Abs][3SgPoss][PlPosd]

ungipaghaatem	ungipaghagh-~:(ng₁)u[to.be.N][N→V]-~:(u)te[condition.with.respect.to.V-ing][V→N][N][Rel][Unpd][Sg]
ungipaghaatem	ungipaghagh-~:(u)te[condition.with.respect.to.V-ing][V→N][N][Rel][Unpd][Sg]

siingenllu	+?

aapqat	+?

ilangillu	ila[N][Abs][3SgPoss][PlPosd]-llu[Encl]

aghsaan	+?

ayuqelghiit	+?

------------------------
Pinghisaqenka, yuginaq akimigaq siipneqluku siiptuq mumighqughyaghqanka.

pinghisaqenka	pi-@₁–nghite**[to.not.V][V→V]-@₁~fyagh[to.go.V-ing][to.V.in.vain][V→V]-@*@₂~sf–(g₂)k(a)e[the.one.that.possessor.V-ed][V→N][N][Abs][1SgPoss][PlPosd]
pinghisaqenka	pi-@₁–nghite**[to.not.V][V→V]-@₁~fyagh[to.go.V-ing][to.V.in.vain][V→V][V][Ptcp][1Sg][3Pl]
pinghisaqenka	pi-@₁–nghite**[to.not.V][V→V]-te[to.act.on.so.as.to.cause.to.V][V→V]-@₁~fyagh[to.go.V-ing][to.V.in.vain][V→V]-@*@₂~sf–(g₂)k(a)e[the.one.that.possessor.V-ed][V→N][N][Abs][1SgPoss][PlPosd]
pinghisaqenka	pi-@₁–nghite**[to.not.V][V→V]-te[to.act.on.so.as.to.cause.to.V][V→V]-@₁~fyagh[to.go.V-ing][to.V.in.vain][V→V][V][Ptcp][1Sg][3Pl]
pinghisaqenka	pi-@₁–nghite**[to.not.V][V→V]-te[to.act.on.so.as.to.cause.to.V][V→V][V][Ptcp_Obl][1Sg][3Pl]
pinghisaqenka	pi-@₁–nghite**[to.not.V][V→V][V][Ptcp_Obl][1Sg][3Pl]

yuginaq	+?

akimigaq	+?

siipneqluku	+?

siiptuq	+?

mumighqughyaghqanka	+?

------------------------


	

------------------------
Igleghutkelluku tawaten nanqigsimanginaamiita piinka.

igleghutkelluku	+?

tawaten	tawaten

nanqigsimanginaamiita	+?

piinka	pi[V][Ind][1Sg][3Pl]

------------------------
Anagngatupiglleghhii Menovshchikov-em igallghani.

anagngatupiglleghhii	+?

menovshchikovem	+?

igallghani	+?

------------------------
Ilangi atightuneghllugllaget repall Ruuseghmistun ayuqelghiikun mumiglluki wetku liigikngwaaghanka sangutangi ipa.

ilangi	ila[N][Abs][3SgPoss][PlPosd]

atightuneghllugllaget	+?

repall	repall[N][Abs][Unpd][Sg]

ruuseghmistun	+?

ayuqelghiikun	+?

mumiglluki	+?

wetku	+?

liigikngwaaghanka	+?

sangutangi	sa-~:(ng₁)u[to.be.N][N→V]-~:(u)ta[condition.with.respect.to.V-ing][V→N][N][Abs][3SgPoss][PlPosd]

ipa	+?

------------------------
Paamkughmiit akuzillghat allakaniq (katam ellngita ukiniwhangkutestun kaki-, ama ellngitni enngaatall whangtutestun elngaatall), tespamkughmiistun ayuqut ukuni igani.

paamkughmiit	+?

akuzillghat	+?

allakaniq	+?

katam	+?

ellngita	+?

ukiniwhangkutestun	+?

kaki	kaki[V][Opt][PRS][2Sg]

ama	ama

ellngitni	+?

enngaatall	+?

whangtutestun	+?

elngaatall	elngaatall

tespamkughmiistun	+?

ayuqut	+?

ukuni	+?

igani	igagh[N][Abs][4SgPoss][SgPosd]
igani	igagh[N][Abs][4SgPoss][PlPosd]
igani	igagh[N][Loc][Unpd][Pl]

------------------------
Ilangakun Paamkughmiit akuzillghat igallgha anagngasugnillequq (katam wengteghaq nakaan mangteghaq).

ilangakun	ila[N][Via][3DuPoss][PlPosd]
ilangakun	ila[N][Via][3SgPoss][SgPosd]
ilangakun	ila[N][Via][3SgPoss][PlPosd]

paamkughmiit	+?

akuzillghat	+?

igallgha	+?

anagngasugnillequq	+?

katam	+?

wengteghaq	+?

nakaan	nakaan

mangteghaq	mangteghagh[N][Abs][Unpd][Sg]

------------------------


	

------------------------
Enkaam ilangi akuzitem whanga nallukegkenka, sivukluki angayuqamnun Nayghwaaghmiinkugnun June-enkugnun aaptagka sangutangi.

enkaam	enkaam

ilangi	ila[N][Abs][3SgPoss][PlPosd]

akuzitem	akuzi-~:(u)te[condition.with.respect.to.V-ing][V→N][N][Rel][Unpd][Sg]

whanga	whanga

nallukegkenka	nalluke-@*@₂~sf–(g₂)k(a)e[the.one.that.possessor.V-ed][V→N][N][Abs][1SgPoss][PlPosd]
nallukegkenka	nalluke[V][Ptcp][1Sg][3Pl]

sivukluki	+?

angayuqamnun	angayuqagh*[N][Ter][1SgPoss][SgPosd]
angayuqamnun	angayuqagh*[N][Ter][1SgPoss][PlPosd]

nayghwaaghmiinkugnun	+?

juneenkugnun	+?

aaptagka	aapte[V][Ind][1Sg][3Du]

sangutangi	sa-~:(ng₁)u[to.be.N][N→V]-~:(u)ta[condition.with.respect.to.V-ing][V→N][N][Abs][3SgPoss][PlPosd]

------------------------
Enkaam ellngita nallukegkiit siivanlleghnun aapsaghtughanka sangutangi.

enkaam	enkaam

ellngita	+?

nallukegkiit	+?

siivanlleghnun	siivanllegh[N][Ter][Unpd][Pl]

aapsaghtughanka	aapte-@₁~fyaghtugh[to.be.about.to.V][to.go.somewhere.to.V][V][Ind][1Sg][3Pl]

sangutangi	sa-~:(ng₁)u[to.be.N][N→V]-~:(u)ta[condition.with.respect.to.V-ing][V→N][N][Abs][3SgPoss][PlPosd]

------------------------
Igamsiqayugvikanka kayusiqaangatnga Kepelgunkut, Anaggutenkut, Iyaakankut, Uuzagenkut, Avaalagenkut, enkaam kiyang Rosa.

igamsiqayugvikanka	igamsiqayugvike[V][Ind][1Sg][3Pl]

kayusiqaangatnga	kayusigh-~sf–(g₃)kau[to.have.V-ed][to.have.been.V-ed][V→V][V][CnsqI][3Pl][1Sg]

kepelgunkut	+?

anaggutenkut	+?

iyaakankut	+?

uuzagenkut	+?

avaalagenkut	+?

enkaam	enkaam

kiyang	+?

rosa	+?

------------------------
Rosa-m aapqii sangutangi naten atullghi Quyillget akuzitngit.

rosam	+?

aapqii	+?

sangutangi	sa-~:(ng₁)u[to.be.N][N→V]-~:(u)ta[condition.with.respect.to.V-ing][V→N][N][Abs][3SgPoss][PlPosd]

naten	naten

atullghi	+?

quyillget	Quyilleg[N][Abs][Unpd][Pl]
quyillget	Quyilleg[N][Rel][Unpd][Pl]

akuzitngit	+?

------------------------


	

------------------------
UAF-mun uteghnighyama Qaluvigem tanqiini 2002-mi Yupigem Prufisernga Steven Jacobson-llu yuvghiighaghpung qepghallghenka Yupigestunllu Laluramkestunllu.

uafmun	+?

uteghnighyama	+?

qaluvigem	+?

tanqiini	tanqigh-~:(ng₁)u[to.be.N][N→V]-~i[SBJ.V-ed.something][V→V]-~i[SBJ.V-ed.something][V→V]-~i[SBJ.V-ed.something][V→V]-~i[SBJ.V-ed.something][V→V]-~i[SBJ.V-ed.something][V→V]-@₁~fni[to.say.that.one.is.V-ing][Cmpd_Vbl][V][Opt][PRS][2Sg]
tanqiini	tanqigh-~:(ng₁)u[to.be.N][N→V]-~i[SBJ.V-ed.something][V→V]-~i[SBJ.V-ed.something][V→V]-~i[SBJ.V-ed.something][V→V]-~i[SBJ.V-ed.something][V→V]-@₁~fni[to.say.that.one.is.V-ing][Cmpd_Vbl][V][Opt][PRS][2Sg]
tanqiini	tanqigh-~:(ng₁)u[to.be.N][N→V]-~i[SBJ.V-ed.something][V→V]-~i[SBJ.V-ed.something][V→V]-~i[SBJ.V-ed.something][V→V]-~i[SBJ.V-ed.something][V→V]-~:(u)te[to.V.for.or.with][to.cause.to.V.as.one.is.V-ing][to.V.toward.each.other][V→V]-@₁~fni[to.say.that.one.is.V-ing][Cmpd_Vbl][V][Opt][PRS][2Sg]
tanqiini	tanqigh-~:(ng₁)u[to.be.N][N→V]-~i[SBJ.V-ed.something][V→V]-~i[SBJ.V-ed.something][V→V]-~i[SBJ.V-ed.something][V→V]-~i[SBJ.V-ed.something][V→V]-~:(u)te[SBJ.V-ed.something][V→V]-@₁~fni[to.say.that.one.is.V-ing][Cmpd_Vbl][V][Opt][PRS][2Sg]
tanqiini	tanqigh-~:(ng₁)u[to.be.N][N→V]-~i[SBJ.V-ed.something][V→V]-~i[SBJ.V-ed.something][V→V]-~i[SBJ.V-ed.something][V→V]-@₁~fni[to.say.that.one.is.V-ing][Cmpd_Vbl][V][Opt][PRS][2Sg]
tanqiini	tanqigh-~:(ng₁)u[to.be.N][N→V]-~i[SBJ.V-ed.something][V→V]-~i[SBJ.V-ed.something][V→V]-~i[SBJ.V-ed.something][V→V]-~:(u)te[to.V.for.or.with][to.cause.to.V.as.one.is.V-ing][to.V.toward.each.other][V→V]-@₁~fni[to.say.that.one.is.V-ing][Cmpd_Vbl][V][Opt][PRS][2Sg]
tanqiini	tanqigh-~:(ng₁)u[to.be.N][N→V]-~i[SBJ.V-ed.something][V→V]-~i[SBJ.V-ed.something][V→V]-~i[SBJ.V-ed.something][V→V]-~:(u)te[SBJ.V-ed.something][V→V]-@₁~fni[to.say.that.one.is.V-ing][Cmpd_Vbl][V][Opt][PRS][2Sg]
tanqiini	tanqigh-~:(ng₁)u[to.be.N][N→V]-~i[SBJ.V-ed.something][V→V]-~i[SBJ.V-ed.something][V→V]-@₁~fni[to.say.that.one.is.V-ing][Cmpd_Vbl][V][Opt][PRS][2Sg]
tanqiini	tanqigh-~:(ng₁)u[to.be.N][N→V]-~i[SBJ.V-ed.something][V→V]-~i[SBJ.V-ed.something][V→V]-~:(u)te[to.V.for.or.with][to.cause.to.V.as.one.is.V-ing][to.V.toward.each.other][V→V]-@₁~fni[to.say.that.one.is.V-ing][Cmpd_Vbl][V][Opt][PRS][2Sg]
tanqiini	tanqigh-~:(ng₁)u[to.be.N][N→V]-~i[SBJ.V-ed.something][V→V]-~i[SBJ.V-ed.something][V→V]-~:(u)te[SBJ.V-ed.something][V→V]-@₁~fni[to.say.that.one.is.V-ing][Cmpd_Vbl][V][Opt][PRS][2Sg]
tanqiini	tanqigh-~:(ng₁)u[to.be.N][N→V]-~i[SBJ.V-ed.something][V→V]-@₁~fni[to.say.that.one.is.V-ing][Cmpd_Vbl][V][Opt][PRS][2Sg]
tanqiini	tanqigh-~:(ng₁)u[to.be.N][N→V]-~i[SBJ.V-ed.something][V→V]-~:(u)te[to.V.for.or.with][to.cause.to.V.as.one.is.V-ing][to.V.toward.each.other][V→V]-@₁~fni[to.say.that.one.is.V-ing][Cmpd_Vbl][V][Opt][PRS][2Sg]
tanqiini	tanqigh-~:(ng₁)u[to.be.N][N→V]-~i[SBJ.V-ed.something][V→V]-~:(u)te[SBJ.V-ed.something][V→V]-@₁~fni[to.say.that.one.is.V-ing][Cmpd_Vbl][V][Opt][PRS][2Sg]
tanqiini	tanqigh-~:(ng₁)u[to.be.N][N→V]-@₁~fni[to.say.that.one.is.V-ing][Cmpd_Vbl][V][Opt][PRS][2Sg]
tanqiini	tanqigh-~:(ng₁)u[to.be.N][N→V]-~:(u)te[to.V.for.or.with][to.cause.to.V.as.one.is.V-ing][to.V.toward.each.other][V→V]-@₁~fni[to.say.that.one.is.V-ing][Cmpd_Vbl][V][Opt][PRS][2Sg]
tanqiini	tanqigh-~:(ng₁)u[to.be.N][N→V]-~:(u)te[SBJ.V-ed.something][V→V]-@₁~fni[to.say.that.one.is.V-ing][Cmpd_Vbl][V][Opt][PRS][2Sg]
tanqiini	tanqigh[N][Loc][3SgPoss][SgPosd]
tanqiini	tanqigh[N][Loc][3SgPoss][PlPosd]

2002mi	+?

yupigem	Yupig[N][Rel][Unpd][Sg]

prufisernga	+?

steven	+?

jacobsonllu	+?

yuvghiighaghpung	+?

qepghallghenka	+?

yupigestunllu	Yupig[N][Equ][Unpd][Pl]-llu[Encl]

laluramkestunllu	Laluramke[N][Equ][Unpd][Pl]-llu[Encl]

------------------------
Amalleqa tawani upenghaani recordaanka CD-mun maligutngalghii igatgun.

amalleqa	+?

tawani	tawani

upenghaani	+?

recordaanka	+?

cdmun	+?

maligutngalghii	+?

igatgun	igagh[N][Via][Unpd][Pl]

------------------------


	

------------------------
Ama nimam apellghi Igor Krupnigmeng Smithsonian Institution-meng allgeghtaput tuunii Sivuqaghhmiini nallukegkaput pamanlenguut nunat.

ama	ama

nimam	+?

apellghi	+?

igor	+?

krupnigmeng	+?

smithsonian	+?

institutionmeng	+?

allgeghtaput	+?

tuunii	tuune-~i[SBJ.V-ed.something][V→V]-~i[SBJ.V-ed.something][V→V]-~i[SBJ.V-ed.something][V→V]-~i[SBJ.V-ed.something][V→V]-~i[SBJ.V-ed.something][V→V]-~i[SBJ.V-ed.something][V→V][V][Opt][PRS][2Sg]
tuunii	tuune-~i[SBJ.V-ed.something][V→V]-~i[SBJ.V-ed.something][V→V]-~i[SBJ.V-ed.something][V→V]-~i[SBJ.V-ed.something][V→V]-~i[SBJ.V-ed.something][V→V][V][Opt][PRS][2Sg]
tuunii	tuune-~i[SBJ.V-ed.something][V→V]-~i[SBJ.V-ed.something][V→V]-~i[SBJ.V-ed.something][V→V]-~i[SBJ.V-ed.something][V→V][V][Opt][PRS][2Sg]
tuunii	tuune-~i[SBJ.V-ed.something][V→V]-~i[SBJ.V-ed.something][V→V]-~i[SBJ.V-ed.something][V→V][V][Opt][PRS][2Sg]
tuunii	tuune-~i[SBJ.V-ed.something][V→V]-~i[SBJ.V-ed.something][V→V][V][Opt][PRS][2Sg]
tuunii	tuune-~i[SBJ.V-ed.something][V→V][V][Intrg][3Sg]
tuunii	tuune[V][Ind][3Sg][3Pl]

sivuqaghhmiini	+?

nallukegkaput	nalluke-~sf–(g₃)kaq[one.that.has.V-ed][V→N][N][Abs][1PlPoss][PlPosd]

pamanlenguut	+?

nunat	nuna[N][Abs][Unpd][Pl]
nunat	nuna[N][Rel][Unpd][Pl]

------------------------
Ama map-a tuunaa tespamum nunam naantulngi apeghluteng Yupiget ama Sighinegmiit kiyaghfikegkii.

ama	ama

mapa	+?

tuunaa	tuune[V][Ind][3Sg][3Sg]

tespamum	+?

nunam	nuna[N][Rel][Unpd][Sg]

naantulngi	+?

apeghluteng	+?

yupiget	Yupig[N][Abs][Unpd][Pl]
yupiget	Yupig[N][Rel][Unpd][Pl]

ama	ama

sighinegmiit	+?

kiyaghfikegkii	kiyaghte-@₁~fvik[place.to.V][V→N]-~–ke[to.have.as.one's.N(s)][N→V]-~sf–(g₃)kau[to.have.V-ed][to.have.been.V-ed][V→V]-~i[SBJ.V-ed.something][V→V]-~i[SBJ.V-ed.something][V→V]-~i[SBJ.V-ed.something][V→V][V][Opt][PRS][2Sg]
kiyaghfikegkii	kiyaghte-@₁~fvik[place.to.V][V→N]-~–ke[to.have.as.one's.N(s)][N→V]-~sf–(g₃)kau[to.have.V-ed][to.have.been.V-ed][V→V]-~i[SBJ.V-ed.something][V→V]-~i[SBJ.V-ed.something][V→V][V][Opt][PRS][2Sg]
kiyaghfikegkii	kiyaghte-@₁~fvik[place.to.V][V→N]-~–ke[to.have.as.one's.N(s)][N→V]-~sf–(g₃)kau[to.have.V-ed][to.have.been.V-ed][V→V]-~i[SBJ.V-ed.something][V→V][V][Opt][PRS][2Sg]

------------------------


	

------------------------
UAF College of Liberal Arts-em umiilgan John Leipzig-em ama ANLC-m umiilgan Lawrence Kaplan-em mani piyaqlegginaaghtaak teruwistemeng muutiyaghqaalunga Qakginkugneng Apughitenkugnun Chefaghnaghmeng ungipaghaatenun ilasaghqaluki.

uaf	+?

college	+?

of	+?

liberal	+?

artsem	+?

umiilgan	+?

john	+?

leipzigem	+?

ama	ama

anlcm	+?

umiilgan	+?

lawrence	+?

kaplanem	+?

mani	+?

piyaqlegginaaghtaak	+?

teruwistemeng	+?

muutiyaghqaalunga	+?

qakginkugneng	+?

apughitenkugnun	+?

chefaghnaghmeng	+?

ungipaghaatenun	+?

ilasaghqaluki	+?

------------------------


	

------------------------
David Koester UAF-em Anthropology Department-meng qepghaghteghyagneng kayutkesaghaqa Undergraduate Research Opportunity Program-em maningviganeng.

david	+?

koester	+?

uafem	+?

anthropology	+?

departmentmeng	+?

qepghaghteghyagneng	+?

kayutkesaghaqa	kayu-te[to.catch.N][to.go.to.N][N→V]-@*@₂~sf–(g₂)k(a)e[the.one.that.possessor.V-ed][V→N]-te[to.catch.N][to.go.to.N][N→V]-@₁~fyagh[to.go.V-ing][to.V.in.vain][V→V]-~(g₁)aqe[to.be.V.ing][to.regularly.or.repeatedly.V][V→V][V][Intrg][3Sg]
kayutkesaghaqa	kayu-te[to.catch.N][to.go.to.N][N→V]-@*@₂~sf–(g₂)k(a)e[the.one.that.possessor.V-ed][V→N]-te[to.catch.N][to.go.to.N][N→V]-te[to.act.on.so.as.to.cause.to.V][V→V]-@₁~fyagh[to.go.V-ing][to.V.in.vain][V→V]-~(g₁)aqe[to.be.V.ing][to.regularly.or.repeatedly.V][V→V][V][Intrg][3Sg]
kayutkesaghaqa	kayu-te[to.catch.N][to.go.to.N][N→V]-@*@₂~sf–(g₂)k(a)e[the.one.that.possessor.V-ed][V→N]-te[to.catch.N][to.go.to.N][N→V]-te[to.act.on.so.as.to.cause.to.V][V→V]-te[to.act.on.so.as.to.cause.to.V][V→V]-@₁~fyagh[to.go.V-ing][to.V.in.vain][V→V]-~(g₁)aqe[to.be.V.ing][to.regularly.or.repeatedly.V][V→V][V][Intrg][3Sg]

undergraduate	+?

research	+?

opportunity	+?

programem	+?

maningviganeng	+?

------------------------
Taagken esgha una qepghaqaq allgeqaq.

taagken	taagken

esgha	+?

una	una

qepghaqaq	qepghagh-~sf–(g₃)kaq[one.that.has.V-ed][V→N][N][Abs][Unpd][Sg]

allgeqaq	+?

------------------------
Ama igamsiqayugvikanka Nauka Publishing House-enkut St. Petersburg, Russia-melnguut aangghutkaangi ANLC-nkut ukut ungipaghaatet publish-enkaluki whatelluki.

ama	ama

igamsiqayugvikanka	igamsiqayugvike[V][Ind][1Sg][3Pl]

nauka	+?

publishing	+?

houseenkut	+?

st	+?

petersburg	+?

russiamelnguut	+?

aangghutkaangi	+?

anlcnkut	+?

ukut	ukut

ungipaghaatet	ungipaghagh-~:(ng₁)u[to.be.N][N→V]-~:(u)te[condition.with.respect.to.V-ing][V→N][N][Abs][Unpd][Pl]
ungipaghaatet	ungipaghagh-~:(ng₁)u[to.be.N][N→V]-~:(u)te[condition.with.respect.to.V-ing][V→N][N][Rel][Unpd][Pl]
ungipaghaatet	ungipaghagh-~:(u)te[condition.with.respect.to.V-ing][V→N][N][Abs][Unpd][Pl]
ungipaghaatet	ungipaghagh-~:(u)te[condition.with.respect.to.V-ing][V→N][N][Rel][Unpd][Pl]

publishenkaluki	+?

whatelluki	+?

------------------------


	

------------------------
Ukut igat ama CD neghyukulluki akuzipillemnnun Yupigetlu kiyaghtaallghanun nagneghusaghqaaluku igleghallemnnun iknaqughisaalukullu, pamanlliimta ungipaghaatngitneng.

ukut	ukut

igat	igagh[N][Abs][Unpd][Pl]
igat	igagh[N][Rel][Unpd][Pl]

ama	ama

cd	+?

neghyukulluki	+?

akuzipillemnnun	+?

yupigetlu	Yupig[N][Abs][Unpd][Pl]-llu[Encl]
yupigetlu	Yupig[N][Rel][Unpd][Pl]-llu[Encl]

kiyaghtaallghanun	+?

nagneghusaghqaaluku	+?

igleghallemnnun	+?

iknaqughisaalukullu	+?

pamanlliimta	+?

ungipaghaatngitneng	ungipaghagh-~:(ng₁)u[to.be.N][N→V]-~:(u)te[condition.with.respect.to.V-ing][V→N][N][Abl_Mod][3DuPoss][PlPosd]
ungipaghaatngitneng	ungipaghagh-~:(ng₁)u[to.be.N][N→V]-~:(u)te[condition.with.respect.to.V-ing][V→N][N][Abl_Mod][3DuPoss][DuPosd]
ungipaghaatngitneng	ungipaghagh-~:(ng₁)u[to.be.N][N→V]-~:(u)te[condition.with.respect.to.V-ing][V→N][N][Abl_Mod][3PlPoss][PlPosd]
ungipaghaatngitneng	ungipaghagh-~:(ng₁)u[to.be.N][N→V]-~:(u)te[condition.with.respect.to.V-ing][V→N][N][Abl_Mod][3PlPoss][SgPosd]
ungipaghaatngitneng	ungipaghagh-~:(ng₁)u[to.be.N][N→V]-~:(u)te[condition.with.respect.to.V-ing][V→N][N][Abl_Mod][3PlPoss][DuPosd]
ungipaghaatngitneng	ungipaghagh-~:(u)te[condition.with.respect.to.V-ing][V→N][N][Abl_Mod][3DuPoss][PlPosd]
ungipaghaatngitneng	ungipaghagh-~:(u)te[condition.with.respect.to.V-ing][V→N][N][Abl_Mod][3DuPoss][DuPosd]
ungipaghaatngitneng	ungipaghagh-~:(u)te[condition.with.respect.to.V-ing][V→N][N][Abl_Mod][3PlPoss][PlPosd]
ungipaghaatngitneng	ungipaghagh-~:(u)te[condition.with.respect.to.V-ing][V→N][N][Abl_Mod][3PlPoss][SgPosd]
ungipaghaatngitneng	ungipaghagh-~:(u)te[condition.with.respect.to.V-ing][V→N][N][Abl_Mod][3PlPoss][DuPosd]

------------------------


	

------------------------
Ungipaghaghtet: (Menovshchikov-meng Valentina (Yata) Kunukam mumighquqii, enkaam Igor Krupnigem nallghughqegkii).

ungipaghaghtet	+?

menovshchikovmeng	+?

valentina	+?

yata	+?

kunukam	+?

mumighquqii	+?

enkaam	enkaam

igor	+?

krupnigem	+?

nallghughqegkii	+?

------------------------


	

------------------------
1. Ayveghhaq (1914-1947).

1	+?

ayveghhaq	ayvegh-–ghhagh*[dear.N][N→N][N][Abs][Unpd][Sg]

19141947	+?

------------------------
Ungazighmii.

ungazighmii	Ungazigh-mii[resident.of.N][N→N][N][Abs][Unpd][Sg]

------------------------
Ungazimi allgeqaq.

ungazimi	Ungazigh[N][Loc][Unpd][Sg]
ungazimi	Ungazigh[N][Rel][4SgPoss][SgPosd]
ungazimi	Ungazigh[N][Rel][4SgPoss][PlPosd]

allgeqaq	+?

------------------------
Ayaangaghmi alleqaq, enkaam yaywaalingughtegkaq, nunalgutangan anglistekaa kayusiqaa.

ayaangaghmi	+?

alleqaq	+?

enkaam	enkaam

yaywaalingughtegkaq	+?

nunalgutangan	nuna-–leg[one.having.N][N→N]-~:(ng₁)u[to.be.N][N→V]-~:(u)ta[condition.with.respect.to.V-ing][V→N][N][Rel][3SgPoss][SgPosd]
nunalgutangan	nuna-–leg[one.having.N][N→N]-~:(ng₁)u[to.be.N][N→V]-~:(u)ta[condition.with.respect.to.V-ing][V→N][N][Rel][3SgPoss][PlPosd]
nunalgutangan	nuna-–lgu[to.have.N][N→V]-~:(u)ta[condition.with.respect.to.V-ing][V→N][N][Rel][3SgPoss][SgPosd]
nunalgutangan	nuna-–lgu[to.have.N][N→V]-~:(u)ta[condition.with.respect.to.V-ing][V→N][N][Rel][3SgPoss][PlPosd]

anglistekaa	+?

kayusiqaa	+?

------------------------
Ayveghhaq ungipaghaallegllaguyalghii ama ilagallegllaguyalghii nunalgutangan pinganeng.

ayveghhaq	ayvegh-–ghhagh*[dear.N][N→N][N][Abs][Unpd][Sg]

ungipaghaallegllaguyalghii	+?

ama	ama

ilagallegllaguyalghii	+?

nunalgutangan	nuna-–leg[one.having.N][N→N]-~:(ng₁)u[to.be.N][N→V]-~:(u)ta[condition.with.respect.to.V-ing][V→N][N][Rel][3SgPoss][SgPosd]
nunalgutangan	nuna-–leg[one.having.N][N→N]-~:(ng₁)u[to.be.N][N→V]-~:(u)ta[condition.with.respect.to.V-ing][V→N][N][Rel][3SgPoss][PlPosd]
nunalgutangan	nuna-–lgu[to.have.N][N→V]-~:(u)ta[condition.with.respect.to.V-ing][V→N][N][Rel][3SgPoss][SgPosd]
nunalgutangan	nuna-–lgu[to.have.N][N→V]-~:(u)ta[condition.with.respect.to.V-ing][V→N][N][Rel][3SgPoss][PlPosd]

pinganeng	pi[N][Abl_Mod][3SgPoss][SgPosd]
pinganeng	pi[N][Abl_Mod][3SgPoss][PlPosd]

------------------------
1940-mi ukut ungipaghatet allgeghtaqngameng 26 year-ngughtuq.

1940mi	+?

ukut	ukut

ungipaghatet	+?

allgeghtaqngameng	+?

26	+?

yearngughtuq	+?

------------------------
Mekelghiighhaatmineng nagasuneghtughllagyaghtuq ungipaghaatmengllu, ilagaatmengllu alignalghiitlu ungipaghiitneng.

mekelghiighhaatmineng	mekelghiigh-–ghhagh*[dear.N][N→N]-~:(ng₁)u[to.be.N][N→V]-~:(u)te[condition.with.respect.to.V-ing][V→N][N][Abl_Mod][4SgPoss][PlPosd]
mekelghiighhaatmineng	mekelghiigh-–ghhagh*[dear.N][N→N]-~:(ng₁)u[to.be.N][N→V]-~:(u)te[condition.with.respect.to.V-ing][V→N][N][Abl_Mod][4SgPoss][SgPosd]

nagasuneghtughllagyaghtuq	+?

ungipaghaatmengllu	ungipaghagh-~:(ng₁)u[to.be.N][N→V]-~:(u)te[condition.with.respect.to.V-ing][V→N][N][Rel][4DuPoss][SgPosd]-llu[Encl]
ungipaghaatmengllu	ungipaghagh-~:(ng₁)u[to.be.N][N→V]-~:(u)te[condition.with.respect.to.V-ing][V→N][N][Rel][4DuPoss][PlPosd]-llu[Encl]
ungipaghaatmengllu	ungipaghagh-~:(ng₁)u[to.be.N][N→V]-~:(u)te[condition.with.respect.to.V-ing][V→N][N][Rel][4PlPoss][SgPosd]-llu[Encl]
ungipaghaatmengllu	ungipaghagh-~:(ng₁)u[to.be.N][N→V]-~:(u)te[condition.with.respect.to.V-ing][V→N][N][Rel][4PlPoss][PlPosd]-llu[Encl]
ungipaghaatmengllu	ungipaghagh-~:(ng₁)u[to.be.N][N→V]-~:(u)te[condition.with.respect.to.V-ing][V→N][N][Abl_Mod][Unpd][Sg]-llu[Encl]
ungipaghaatmengllu	ungipaghagh-~:(u)te[condition.with.respect.to.V-ing][V→N][N][Rel][4DuPoss][SgPosd]-llu[Encl]
ungipaghaatmengllu	ungipaghagh-~:(u)te[condition.with.respect.to.V-ing][V→N][N][Rel][4DuPoss][PlPosd]-llu[Encl]
ungipaghaatmengllu	ungipaghagh-~:(u)te[condition.with.respect.to.V-ing][V→N][N][Rel][4PlPoss][SgPosd]-llu[Encl]
ungipaghaatmengllu	ungipaghagh-~:(u)te[condition.with.respect.to.V-ing][V→N][N][Rel][4PlPoss][PlPosd]-llu[Encl]
ungipaghaatmengllu	ungipaghagh-~:(u)te[condition.with.respect.to.V-ing][V→N][N][Abl_Mod][Unpd][Sg]-llu[Encl]

ilagaatmengllu	ilagagh-~:(u)te[condition.with.respect.to.V-ing][V→N][N][Rel][4DuPoss][SgPosd]-llu[Encl]
ilagaatmengllu	ilagagh-~:(u)te[condition.with.respect.to.V-ing][V→N][N][Rel][4DuPoss][PlPosd]-llu[Encl]
ilagaatmengllu	ilagagh-~:(u)te[condition.with.respect.to.V-ing][V→N][N][Rel][4PlPoss][SgPosd]-llu[Encl]
ilagaatmengllu	ilagagh-~:(u)te[condition.with.respect.to.V-ing][V→N][N][Rel][4PlPoss][PlPosd]-llu[Encl]
ilagaatmengllu	ilagagh-~:(u)te[condition.with.respect.to.V-ing][V→N][N][Abl_Mod][Unpd][Sg]-llu[Encl]

alignalghiitlu	+?

ungipaghiitneng	ungipaghagh-~:(ng₁)u[to.be.N][N→V]-~i[SBJ.V-ed.something][V→V]-~i[SBJ.V-ed.something][V→V]-~i[SBJ.V-ed.something][V→V]-~i[SBJ.V-ed.something][V→V]-~:(u)te[condition.with.respect.to.V-ing][V→N][N][Abl_Mod][Unpd][Pl]
ungipaghiitneng	ungipaghagh-~:(ng₁)u[to.be.N][N→V]-~i[SBJ.V-ed.something][V→V]-~i[SBJ.V-ed.something][V→V]-~i[SBJ.V-ed.something][V→V]-~:(u)te[condition.with.respect.to.V-ing][V→N][N][Abl_Mod][Unpd][Pl]
ungipaghiitneng	ungipaghagh-~:(ng₁)u[to.be.N][N→V]-~i[SBJ.V-ed.something][V→V]-~i[SBJ.V-ed.something][V→V]-~:(u)te[condition.with.respect.to.V-ing][V→N][N][Abl_Mod][Unpd][Pl]
ungipaghiitneng	ungipaghagh-~:(ng₁)u[to.be.N][N→V]-~i[SBJ.V-ed.something][V→V]-~:(u)te[condition.with.respect.to.V-ing][V→N][N][Abl_Mod][Unpd][Pl]
ungipaghiitneng	ungipaghagh[N][Abl_Mod][3DuPoss][PlPosd]
ungipaghiitneng	ungipaghagh[N][Abl_Mod][3DuPoss][DuPosd]
ungipaghiitneng	ungipaghagh[N][Abl_Mod][3PlPoss][SgPosd]
ungipaghiitneng	ungipaghagh[N][Abl_Mod][3PlPoss][PlPosd]
ungipaghiitneng	ungipaghagh[N][Abl_Mod][3PlPoss][DuPosd]

------------------------
Maakut umyugaanun piluteng sumeghtaghaghqelluku repall.

maakut	maakut

umyugaanun	+?

piluteng	pi-~:(u)te[to.V.for.or.with][to.cause.to.V.as.one.is.V-ing][to.V.toward.each.other][V→V][V][Sbrd][3Pl]
piluteng	pi-~:(u)te[SBJ.V-ed.something][V→V][V][Sbrd][3Pl]
piluteng	pi[V][Sbrd][3Pl]

sumeghtaghaghqelluku	+?

repall	repall[N][Abs][Unpd][Sg]

------------------------
Ayveghhaq ungipaghaneghmini apaqughaqelghiinguq.

ayveghhaq	ayvegh-–ghhagh*[dear.N][N→N][N][Abs][Unpd][Sg]

ungipaghaneghmini	ungipaghagh-@₁–negh[the.act.or.activity.of.V-ing][V→N][N][Loc][4SgPoss][SgPosd]
ungipaghaneghmini	ungipaghagh-@₁–negh[the.act.or.activity.of.V-ing][V→N][N][Loc][4SgPoss][PlPosd]
ungipaghaneghmini	ungipaghagh[V][Ctmp][4Sg]

apaqughaqelghiinguq	apa-te[to.catch.N][to.go.to.N][N→V]-@₁qugh[to.V.completely]-~(g₁)aqe[to.be.V.ing][to.regularly.or.repeatedly.V][V→V]-@₁–lghii[the.one.that.V-ed][the.one.that.is.V][V→N][N][Abs][Unpd][Sg]-nguq[Encl]

------------------------


	

------------------------
Menovshchikov-em igaquqaqii ama mumighqughii 30-t ungipaghatet Ayveghhaghmeng Ungazimi 1940/41em uksughani, Ekaterina S. Rubstov-am 50 ungipaghata igaquuluku 1940-mi.

menovshchikovem	+?

igaquqaqii	+?

ama	ama

mumighqughii	+?

30t	+?

ungipaghatet	+?

ayveghhaghmeng	ayvegh-–ghhagh*[dear.N][N→N][N][Rel][4DuPoss][SgPosd]
ayveghhaghmeng	ayvegh-–ghhagh*[dear.N][N→N][N][Rel][4DuPoss][PlPosd]
ayveghhaghmeng	ayvegh-–ghhagh*[dear.N][N→N][N][Rel][4PlPoss][SgPosd]
ayveghhaghmeng	ayvegh-–ghhagh*[dear.N][N→N][N][Rel][4PlPoss][PlPosd]
ayveghhaghmeng	ayvegh-–ghhagh*[dear.N][N→N][N][Abl_Mod][Unpd][Sg]

ungazimi	Ungazigh[N][Loc][Unpd][Sg]
ungazimi	Ungazigh[N][Rel][4SgPoss][SgPosd]
ungazimi	Ungazigh[N][Rel][4SgPoss][PlPosd]

194041em	+?

uksughani	+?

ekaterina	+?

s	+?

rubstovam	+?

50	+?

ungipaghata	+?

igaquuluku	+?

1940mi	+?

------------------------


	

------------------------
Pingayuneng inglulekAyveghhaam ungipagatngi ukunitut igani 18-eni.

pingayuneng	+?

inglulekayveghhaam	+?

ungipagatngi	+?

ukunitut	+?

igani	igagh[N][Abs][4SgPoss][SgPosd]
igani	igagh[N][Abs][4SgPoss][PlPosd]
igani	igagh[N][Loc][Unpd][Pl]

18eni	+?

------------------------


	

------------------------
2. Peter Tagikaq (1926-1941)

2	+?

peter	+?

tagikaq	tagi-~sf–(g₃)kaq[one.that.has.V-ed][V→N][N][Abs][Unpd][Sg]
tagikaq	tagi-@₂~fkaq[one.that.has.V-ed][V→N][N][Abs][Unpd][Sg]

19261941	+?

------------------------
Ungazighmii mekelghiiq.

ungazighmii	Ungazigh-mii[resident.of.N][N→N][N][Abs][Unpd][Sg]

mekelghiiq	mekelghiigh[N][Abs][Unpd][Sg]

------------------------
Mughunniightem ungipaghaghtem Galmugyim (nani 1880-1957) ighnegha.

mughunniightem	+?

ungipaghaghtem	+?

galmugyim	+?

nani	nani

18801957	+?

ighnegha	ighnegh[N][Abs][3SgPoss][SgPosd]

------------------------
Takigaam suílughtekaqaa igaghyam sivulighnegha, taagken mughuunnightengughsukaq.

takigaam	+?

suílughtekaqaa	+?

igaghyam	+?

sivulighnegha	+?

taagken	taagken

mughuunnightengughsukaq	+?

------------------------
Angayuqaakek Ruuseghmiitingigasaghtuk.

angayuqaakek	angayuqagh*-~:(ng₁)u[to.be.N][N→V]-@*@₂~sf–(g₂)k(a)e[the.one.that.possessor.V-ed][V→N][N][Abs][Unpd][Du]
angayuqaakek	angayuqagh*-~:(ng₁)u[to.be.N][N→V]-@*@₂~sf–(g₂)k(a)e[the.one.that.possessor.V-ed][V→N][N][Rel][Unpd][Du]

ruuseghmiitingigasaghtuk	Ruuseghmii-te[to.catch.N][to.go.to.N][N→V]-~i[SBJ.V-ed.something][V→V]-@₁~:(ng₂)igate[to.never.V][to.not.be.V-ing][V→V]-@₁~fyagh[to.go.V-ing][to.V.in.vain][V→V][V][Ind][3Du]
ruuseghmiitingigasaghtuk	Ruuseghmii-te[to.catch.N][to.go.to.N][N→V]-~i[SBJ.V-ed.something][V→V]-@₁~:(ng₂)igate[to.never.V][to.not.be.V-ing][V→V]-@₁~fyagh[to.go.V-ing][to.V.in.vain][V→V]-te[to.act.on.so.as.to.cause.to.V][V→V][V][Ind][3Du]
ruuseghmiitingigasaghtuk	Ruuseghmii-te[to.catch.N][to.go.to.N][N→V]-~i[SBJ.V-ed.something][V→V]-@₁~:(ng₂)igate[to.never.V][to.not.be.V-ing][V→V]-te[to.act.on.so.as.to.cause.to.V][V→V]-@₁~fyagh[to.go.V-ing][to.V.in.vain][V→V][V][Ind][3Du]
ruuseghmiitingigasaghtuk	Ruuseghmii-te[to.catch.N][to.go.to.N][N→V]-~i[SBJ.V-ed.something][V→V]-@₁~:(ng₂)igate[to.never.V][to.not.be.V-ing][V→V]-te[to.act.on.so.as.to.cause.to.V][V→V]-@₁~fyagh[to.go.V-ing][to.V.in.vain][V→V]-te[to.act.on.so.as.to.cause.to.V][V→V][V][Ind][3Du]
ruuseghmiitingigasaghtuk	Ruuseghmii-te[to.catch.N][to.go.to.N][N→V]-~i[SBJ.V-ed.something][V→V]-@₁~:(ng₂)igate[to.never.V][to.not.be.V-ing][V→V]-te[to.act.on.so.as.to.cause.to.V][V→V]-te[to.act.on.so.as.to.cause.to.V][V→V]-@₁~fyagh[to.go.V-ing][to.V.in.vain][V→V][V][Ind][3Du]
ruuseghmiitingigasaghtuk	Ruuseghmii-te[to.catch.N][to.go.to.N][N→V]-~i[SBJ.V-ed.something][V→V]-@₁~:(ng₂)igate[to.never.V][to.not.be.V-ing][V→V]-te[to.act.on.so.as.to.cause.to.V][V→V]-te[to.act.on.so.as.to.cause.to.V][V→V]-@₁~fyagh[to.go.V-ing][to.V.in.vain][V→V]-te[to.act.on.so.as.to.cause.to.V][V→V][V][Ind][3Du]
ruuseghmiitingigasaghtuk	Ruuseghmii-ti[to.speak.the.language.of.N][N→V]-@₁~:(ng₂)igate[to.never.V][to.not.be.V-ing][V→V]-@₁~fyagh[to.go.V-ing][to.V.in.vain][V→V][V][Ind][3Du]
ruuseghmiitingigasaghtuk	Ruuseghmii-ti[to.speak.the.language.of.N][N→V]-@₁~:(ng₂)igate[to.never.V][to.not.be.V-ing][V→V]-@₁~fyagh[to.go.V-ing][to.V.in.vain][V→V]-te[to.act.on.so.as.to.cause.to.V][V→V][V][Ind][3Du]
ruuseghmiitingigasaghtuk	Ruuseghmii-ti[to.speak.the.language.of.N][N→V]-@₁~:(ng₂)igate[to.never.V][to.not.be.V-ing][V→V]-te[to.act.on.so.as.to.cause.to.V][V→V]-@₁~fyagh[to.go.V-ing][to.V.in.vain][V→V][V][Ind][3Du]
ruuseghmiitingigasaghtuk	Ruuseghmii-ti[to.speak.the.language.of.N][N→V]-@₁~:(ng₂)igate[to.never.V][to.not.be.V-ing][V→V]-te[to.act.on.so.as.to.cause.to.V][V→V]-@₁~fyagh[to.go.V-ing][to.V.in.vain][V→V]-te[to.act.on.so.as.to.cause.to.V][V→V][V][Ind][3Du]

------------------------
Tagikaam atangan Galmugyim uglaq sangwaa yuginaq sangwaa siipngaan ungipaghaata liisimaksaghaa.

tagikaam	+?

atangan	ata[N][Rel][3SgPoss][SgPosd]
atangan	ata[N][Rel][3SgPoss][PlPosd]

galmugyim	+?

uglaq	+?

sangwaa	sa-~:(ng₁)u[to.be.N][N→V][V][Intrg][3Sg]

yuginaq	+?

sangwaa	sa-~:(ng₁)u[to.be.N][N→V][V][Intrg][3Sg]

siipngaan	+?

ungipaghaata	ungipaghagh-~:(ng₁)u[to.be.N][N→V]-~:(u)te[to.V.for.or.with][to.cause.to.V.as.one.is.V-ing][to.V.toward.each.other][V→V][V][Intrg][3Sg]
ungipaghaata	ungipaghagh-~:(ng₁)u[to.be.N][N→V]-~:(u)te[SBJ.V-ed.something][V→V][V][Intrg][3Sg]
ungipaghaata	ungipaghagh-~:(ng₁)u[to.be.N][N→V]-~:(u)te[condition.with.respect.to.V-ing][V→N][N][Abs][Unpd][Sg]
ungipaghaata	ungipaghagh-~:(ng₁)u[to.be.N][N→V]-~:(u)ta[condition.with.respect.to.V-ing][V→N][N][Abs][Unpd][Sg]
ungipaghaata	ungipaghagh-~:(ng₁)u[to.be.N][N→V]-te[to.act.on.so.as.to.cause.to.V][V→V][V][Intrg][3Sg]
ungipaghaata	ungipaghagh-~:(u)te[to.V.for.or.with][to.cause.to.V.as.one.is.V-ing][to.V.toward.each.other][V→V][V][Intrg][3Sg]
ungipaghaata	ungipaghagh-~:(u)te[SBJ.V-ed.something][V→V][V][Intrg][3Sg]
ungipaghaata	ungipaghagh-~:(u)te[condition.with.respect.to.V-ing][V→N][N][Abs][Unpd][Sg]
ungipaghaata	ungipaghagh-~:(u)ta[condition.with.respect.to.V-ing][V→N][N][Abs][Unpd][Sg]

liisimaksaghaa	liisimake-@₁~fyagh[to.go.V-ing][to.V.in.vain][V→V][V][Ind][3Sg][3Sg]
liisimaksaghaa	liisimake-te[to.act.on.so.as.to.cause.to.V][V→V]-@₁~fyagh[to.go.V-ing][to.V.in.vain][V→V][V][Ind][3Sg][3Sg]

------------------------
Avaqutaminun ilaminun nunalgutaminun ungipaghaghaqelghii sanghinneghmini mughunniinghinneghmini.

avaqutaminun	avaqutagh[N][Ter][4SgPoss][SgPosd]
avaqutaminun	avaqutagh[N][Ter][4SgPoss][PlPosd]

ilaminun	ila[N][Ter][4SgPoss][SgPosd]
ilaminun	ila[N][Ter][4SgPoss][PlPosd]

nunalgutaminun	nuna-–leg[one.having.N][N→N]-~:(ng₁)u[to.be.N][N→V]-~:(u)ta[condition.with.respect.to.V-ing][V→N][N][Ter][4SgPoss][SgPosd]
nunalgutaminun	nuna-–leg[one.having.N][N→N]-~:(ng₁)u[to.be.N][N→V]-~:(u)ta[condition.with.respect.to.V-ing][V→N][N][Ter][4SgPoss][PlPosd]
nunalgutaminun	nuna-–lgu[to.have.N][N→V]-~:(u)ta[condition.with.respect.to.V-ing][V→N][N][Ter][4SgPoss][SgPosd]
nunalgutaminun	nuna-–lgu[to.have.N][N→V]-~:(u)ta[condition.with.respect.to.V-ing][V→N][N][Ter][4SgPoss][PlPosd]

ungipaghaghaqelghii	ungipaghagh-~(g₁)aqe[to.be.V.ing][to.regularly.or.repeatedly.V][V→V]-@₁–lghii[the.one.that.V-ed][the.one.that.is.V][V→N][N][Abs][Unpd][Sg]
ungipaghaghaqelghii	ungipaghagh-~(g₁)aqe[to.be.V.ing][to.regularly.or.repeatedly.V][V→V][V][Ptcp][3Sg]

sanghinneghmini	sa-@₁–nghite**[to.not.V][V→V]-@₁–negh[the.act.or.activity.of.V-ing][V→N][N][Loc][4SgPoss][SgPosd]
sanghinneghmini	sa-@₁–nghite**[to.not.V][V→V]-@₁–negh[the.act.or.activity.of.V-ing][V→N][N][Loc][4SgPoss][PlPosd]
sanghinneghmini	sa-@₁–nghite**[to.not.V][V→V]-te[to.act.on.so.as.to.cause.to.V][V→V]-@₁–negh[the.act.or.activity.of.V-ing][V→N][N][Loc][4SgPoss][SgPosd]
sanghinneghmini	sa-@₁–nghite**[to.not.V][V→V]-te[to.act.on.so.as.to.cause.to.V][V→V]-@₁–negh[the.act.or.activity.of.V-ing][V→N][N][Loc][4SgPoss][PlPosd]
sanghinneghmini	sa-@₁–nghite**[to.not.V][V→V]-te[to.act.on.so.as.to.cause.to.V][V→V][V][Ctmp][4Sg]
sanghinneghmini	sa-@₁–nghite**[to.not.V][V→V][V][Ctmp][4Sg]

mughunniinghinneghmini	mughute-@₁~fna[in.order.to.V][intending.to.V][V→V]-~i[SBJ.V-ed.something][V→V]-~i[SBJ.V-ed.something][V→V]-~i[SBJ.V-ed.something][V→V]-~i[SBJ.V-ed.something][V→V]-@₁–nghite**[to.not.V][V→V]-te[to.act.on.so.as.to.cause.to.V][V→V]-te[to.act.on.so.as.to.cause.to.V][V→V]-te[to.act.on.so.as.to.cause.to.V][V→V]-te[to.act.on.so.as.to.cause.to.V][V→V]-te[to.act.on.so.as.to.cause.to.V][V→V]-te[to.act.on.so.as.to.cause.to.V][V→V][V][Ctmp][4Sg]
mughunniinghinneghmini	mughute-@₁~fna[in.order.to.V][intending.to.V][V→V]-~i[SBJ.V-ed.something][V→V]-~i[SBJ.V-ed.something][V→V]-~i[SBJ.V-ed.something][V→V]-~i[SBJ.V-ed.something][V→V]-@₁–nghite**[to.not.V][V→V]-te[to.act.on.so.as.to.cause.to.V][V→V]-te[to.act.on.so.as.to.cause.to.V][V→V]-te[to.act.on.so.as.to.cause.to.V][V→V]-te[to.act.on.so.as.to.cause.to.V][V→V]-te[to.act.on.so.as.to.cause.to.V][V→V][V][Ctmp][4Sg]
mughunniinghinneghmini	mughute-@₁~fna[in.order.to.V][intending.to.V][V→V]-~i[SBJ.V-ed.something][V→V]-~i[SBJ.V-ed.something][V→V]-~i[SBJ.V-ed.something][V→V]-~i[SBJ.V-ed.something][V→V]-@₁–nghite**[to.not.V][V→V]-te[to.act.on.so.as.to.cause.to.V][V→V]-te[to.act.on.so.as.to.cause.to.V][V→V]-te[to.act.on.so.as.to.cause.to.V][V→V]-te[to.act.on.so.as.to.cause.to.V][V→V][V][Ctmp][4Sg]
mughunniinghinneghmini	mughute-@₁~fna[in.order.to.V][intending.to.V][V→V]-~i[SBJ.V-ed.something][V→V]-~i[SBJ.V-ed.something][V→V]-~i[SBJ.V-ed.something][V→V]-~i[SBJ.V-ed.something][V→V]-@₁–nghite**[to.not.V][V→V]-te[to.act.on.so.as.to.cause.to.V][V→V]-te[to.act.on.so.as.to.cause.to.V][V→V]-te[to.act.on.so.as.to.cause.to.V][V→V][V][Ctmp][4Sg]
mughunniinghinneghmini	mughute-@₁~fna[in.order.to.V][intending.to.V][V→V]-~i[SBJ.V-ed.something][V→V]-~i[SBJ.V-ed.something][V→V]-~i[SBJ.V-ed.something][V→V]-~i[SBJ.V-ed.something][V→V]-@₁–nghite**[to.not.V][V→V]-te[to.act.on.so.as.to.cause.to.V][V→V]-te[to.act.on.so.as.to.cause.to.V][V→V][V][Ctmp][4Sg]
mughunniinghinneghmini	mughute-@₁~fna[in.order.to.V][intending.to.V][V→V]-~i[SBJ.V-ed.something][V→V]-~i[SBJ.V-ed.something][V→V]-~i[SBJ.V-ed.something][V→V]-~i[SBJ.V-ed.something][V→V]-@₁–nghite**[to.not.V][V→V]-te[to.act.on.so.as.to.cause.to.V][V→V][V][Ctmp][4Sg]
mughunniinghinneghmini	mughute-@₁~fna[in.order.to.V][intending.to.V][V→V]-~i[SBJ.V-ed.something][V→V]-~i[SBJ.V-ed.something][V→V]-~i[SBJ.V-ed.something][V→V]-~i[SBJ.V-ed.something][V→V]-@₁–nghite**[to.not.V][V→V][V][Ctmp][4Sg]
mughunniinghinneghmini	mughute-@₁~fna[in.order.to.V][intending.to.V][V→V]-~i[SBJ.V-ed.something][V→V]-~i[SBJ.V-ed.something][V→V]-~i[SBJ.V-ed.something][V→V]-@₁–nghite**[to.not.V][V→V]-@₁–negh[the.act.or.activity.of.V-ing][V→N][N][Loc][4SgPoss][SgPosd]
mughunniinghinneghmini	mughute-@₁~fna[in.order.to.V][intending.to.V][V→V]-~i[SBJ.V-ed.something][V→V]-~i[SBJ.V-ed.something][V→V]-~i[SBJ.V-ed.something][V→V]-@₁–nghite**[to.not.V][V→V]-@₁–negh[the.act.or.activity.of.V-ing][V→N][N][Loc][4SgPoss][PlPosd]
mughunniinghinneghmini	mughute-@₁~fna[in.order.to.V][intending.to.V][V→V]-~i[SBJ.V-ed.something][V→V]-~i[SBJ.V-ed.something][V→V]-~i[SBJ.V-ed.something][V→V]-@₁–nghite**[to.not.V][V→V]-te[to.act.on.so.as.to.cause.to.V][V→V]-@₁–negh[the.act.or.activity.of.V-ing][V→N][N][Loc][4SgPoss][SgPosd]
mughunniinghinneghmini	mughute-@₁~fna[in.order.to.V][intending.to.V][V→V]-~i[SBJ.V-ed.something][V→V]-~i[SBJ.V-ed.something][V→V]-~i[SBJ.V-ed.something][V→V]-@₁–nghite**[to.not.V][V→V]-te[to.act.on.so.as.to.cause.to.V][V→V]-@₁–negh[the.act.or.activity.of.V-ing][V→N][N][Loc][4SgPoss][PlPosd]
mughunniinghinneghmini	mughute-@₁~fna[in.order.to.V][intending.to.V][V→V]-~i[SBJ.V-ed.something][V→V]-~i[SBJ.V-ed.something][V→V]-~i[SBJ.V-ed.something][V→V]-@₁–nghite**[to.not.V][V→V]-te[to.act.on.so.as.to.cause.to.V][V→V]-te[to.act.on.so.as.to.cause.to.V][V→V]-@₁–negh[the.act.or.activity.of.V-ing][V→N][N][Loc][4SgPoss][SgPosd]
mughunniinghinneghmini	mughute-@₁~fna[in.order.to.V][intending.to.V][V→V]-~i[SBJ.V-ed.something][V→V]-~i[SBJ.V-ed.something][V→V]-~i[SBJ.V-ed.something][V→V]-@₁–nghite**[to.not.V][V→V]-te[to.act.on.so.as.to.cause.to.V][V→V]-te[to.act.on.so.as.to.cause.to.V][V→V]-@₁–negh[the.act.or.activity.of.V-ing][V→N][N][Loc][4SgPoss][PlPosd]
mughunniinghinneghmini	mughute-@₁~fna[in.order.to.V][intending.to.V][V→V]-~i[SBJ.V-ed.something][V→V]-~i[SBJ.V-ed.something][V→V]-~i[SBJ.V-ed.something][V→V]-@₁–nghite**[to.not.V][V→V]-te[to.act.on.so.as.to.cause.to.V][V→V]-te[to.act.on.so.as.to.cause.to.V][V→V]-te[to.act.on.so.as.to.cause.to.V][V→V]-@₁–negh[the.act.or.activity.of.V-ing][V→N][N][Loc][4SgPoss][SgPosd]
mughunniinghinneghmini	mughute-@₁~fna[in.order.to.V][intending.to.V][V→V]-~i[SBJ.V-ed.something][V→V]-~i[SBJ.V-ed.something][V→V]-~i[SBJ.V-ed.something][V→V]-@₁–nghite**[to.not.V][V→V]-te[to.act.on.so.as.to.cause.to.V][V→V]-te[to.act.on.so.as.to.cause.to.V][V→V]-te[to.act.on.so.as.to.cause.to.V][V→V]-@₁–negh[the.act.or.activity.of.V-ing][V→N][N][Loc][4SgPoss][PlPosd]
mughunniinghinneghmini	mughute-@₁~fna[in.order.to.V][intending.to.V][V→V]-~i[SBJ.V-ed.something][V→V]-~i[SBJ.V-ed.something][V→V]-~i[SBJ.V-ed.something][V→V]-@₁–nghite**[to.not.V][V→V]-te[to.act.on.so.as.to.cause.to.V][V→V]-te[to.act.on.so.as.to.cause.to.V][V→V]-te[to.act.on.so.as.to.cause.to.V][V→V]-te[to.act.on.so.as.to.cause.to.V][V→V]-@₁–negh[the.act.or.activity.of.V-ing][V→N][N][Loc][4SgPoss][SgPosd]
mughunniinghinneghmini	mughute-@₁~fna[in.order.to.V][intending.to.V][V→V]-~i[SBJ.V-ed.something][V→V]-~i[SBJ.V-ed.something][V→V]-~i[SBJ.V-ed.something][V→V]-@₁–nghite**[to.not.V][V→V]-te[to.act.on.so.as.to.cause.to.V][V→V]-te[to.act.on.so.as.to.cause.to.V][V→V]-te[to.act.on.so.as.to.cause.to.V][V→V]-te[to.act.on.so.as.to.cause.to.V][V→V]-@₁–negh[the.act.or.activity.of.V-ing][V→N][N][Loc][4SgPoss][PlPosd]
mughunniinghinneghmini	mughute-@₁~fna[in.order.to.V][intending.to.V][V→V]-~i[SBJ.V-ed.something][V→V]-~i[SBJ.V-ed.something][V→V]-~i[SBJ.V-ed.something][V→V]-@₁–nghite**[to.not.V][V→V]-te[to.act.on.so.as.to.cause.to.V][V→V]-te[to.act.on.so.as.to.cause.to.V][V→V]-te[to.act.on.so.as.to.cause.to.V][V→V]-te[to.act.on.so.as.to.cause.to.V][V→V]-te[to.act.on.so.as.to.cause.to.V][V→V]-@₁–negh[the.act.or.activity.of.V-ing][V→N][N][Loc][4SgPoss][SgPosd]
mughunniinghinneghmini	mughute-@₁~fna[in.order.to.V][intending.to.V][V→V]-~i[SBJ.V-ed.something][V→V]-~i[SBJ.V-ed.something][V→V]-~i[SBJ.V-ed.something][V→V]-@₁–nghite**[to.not.V][V→V]-te[to.act.on.so.as.to.cause.to.V][V→V]-te[to.act.on.so.as.to.cause.to.V][V→V]-te[to.act.on.so.as.to.cause.to.V][V→V]-te[to.act.on.so.as.to.cause.to.V][V→V]-te[to.act.on.so.as.to.cause.to.V][V→V]-@₁–negh[the.act.or.activity.of.V-ing][V→N][N][Loc][4SgPoss][PlPosd]
mughunniinghinneghmini	mughute-@₁~fna[in.order.to.V][intending.to.V][V→V]-~i[SBJ.V-ed.something][V→V]-~i[SBJ.V-ed.something][V→V]-~i[SBJ.V-ed.something][V→V]-@₁–nghite**[to.not.V][V→V]-te[to.act.on.so.as.to.cause.to.V][V→V]-te[to.act.on.so.as.to.cause.to.V][V→V]-te[to.act.on.so.as.to.cause.to.V][V→V]-te[to.act.on.so.as.to.cause.to.V][V→V]-te[to.act.on.so.as.to.cause.to.V][V→V][V][Ctmp][4Sg]
mughunniinghinneghmini	mughute-@₁~fna[in.order.to.V][intending.to.V][V→V]-~i[SBJ.V-ed.something][V→V]-~i[SBJ.V-ed.something][V→V]-~i[SBJ.V-ed.something][V→V]-@₁–nghite**[to.not.V][V→V]-te[to.act.on.so.as.to.cause.to.V][V→V]-te[to.act.on.so.as.to.cause.to.V][V→V]-te[to.act.on.so.as.to.cause.to.V][V→V]-te[to.act.on.so.as.to.cause.to.V][V→V][V][Ctmp][4Sg]
mughunniinghinneghmini	mughute-@₁~fna[in.order.to.V][intending.to.V][V→V]-~i[SBJ.V-ed.something][V→V]-~i[SBJ.V-ed.something][V→V]-~i[SBJ.V-ed.something][V→V]-@₁–nghite**[to.not.V][V→V]-te[to.act.on.so.as.to.cause.to.V][V→V]-te[to.act.on.so.as.to.cause.to.V][V→V]-te[to.act.on.so.as.to.cause.to.V][V→V][V][Ctmp][4Sg]
mughunniinghinneghmini	mughute-@₁~fna[in.order.to.V][intending.to.V][V→V]-~i[SBJ.V-ed.something][V→V]-~i[SBJ.V-ed.something][V→V]-~i[SBJ.V-ed.something][V→V]-@₁–nghite**[to.not.V][V→V]-te[to.act.on.so.as.to.cause.to.V][V→V]-te[to.act.on.so.as.to.cause.to.V][V→V][V][Ctmp][4Sg]
mughunniinghinneghmini	mughute-@₁~fna[in.order.to.V][intending.to.V][V→V]-~i[SBJ.V-ed.something][V→V]-~i[SBJ.V-ed.something][V→V]-~i[SBJ.V-ed.something][V→V]-@₁–nghite**[to.not.V][V→V]-te[to.act.on.so.as.to.cause.to.V][V→V][V][Ctmp][4Sg]
mughunniinghinneghmini	mughute-@₁~fna[in.order.to.V][intending.to.V][V→V]-~i[SBJ.V-ed.something][V→V]-~i[SBJ.V-ed.something][V→V]-~i[SBJ.V-ed.something][V→V]-@₁–nghite**[to.not.V][V→V][V][Ctmp][4Sg]
mughunniinghinneghmini	mughute-@₁~fna[in.order.to.V][intending.to.V][V→V]-~i[SBJ.V-ed.something][V→V]-~i[SBJ.V-ed.something][V→V]-@₁–nghite**[to.not.V][V→V]-@₁–negh[the.act.or.activity.of.V-ing][V→N][N][Loc][4SgPoss][SgPosd]
mughunniinghinneghmini	mughute-@₁~fna[in.order.to.V][intending.to.V][V→V]-~i[SBJ.V-ed.something][V→V]-~i[SBJ.V-ed.something][V→V]-@₁–nghite**[to.not.V][V→V]-@₁–negh[the.act.or.activity.of.V-ing][V→N][N][Loc][4SgPoss][PlPosd]
mughunniinghinneghmini	mughute-@₁~fna[in.order.to.V][intending.to.V][V→V]-~i[SBJ.V-ed.something][V→V]-~i[SBJ.V-ed.something][V→V]-@₁–nghite**[to.not.V][V→V]-te[to.act.on.so.as.to.cause.to.V][V→V]-@₁–negh[the.act.or.activity.of.V-ing][V→N][N][Loc][4SgPoss][SgPosd]
mughunniinghinneghmini	mughute-@₁~fna[in.order.to.V][intending.to.V][V→V]-~i[SBJ.V-ed.something][V→V]-~i[SBJ.V-ed.something][V→V]-@₁–nghite**[to.not.V][V→V]-te[to.act.on.so.as.to.cause.to.V][V→V]-@₁–negh[the.act.or.activity.of.V-ing][V→N][N][Loc][4SgPoss][PlPosd]
mughunniinghinneghmini	mughute-@₁~fna[in.order.to.V][intending.to.V][V→V]-~i[SBJ.V-ed.something][V→V]-~i[SBJ.V-ed.something][V→V]-@₁–nghite**[to.not.V][V→V]-te[to.act.on.so.as.to.cause.to.V][V→V]-te[to.act.on.so.as.to.cause.to.V][V→V]-@₁–negh[the.act.or.activity.of.V-ing][V→N][N][Loc][4SgPoss][SgPosd]
mughunniinghinneghmini	mughute-@₁~fna[in.order.to.V][intending.to.V][V→V]-~i[SBJ.V-ed.something][V→V]-~i[SBJ.V-ed.something][V→V]-@₁–nghite**[to.not.V][V→V]-te[to.act.on.so.as.to.cause.to.V][V→V]-te[to.act.on.so.as.to.cause.to.V][V→V]-@₁–negh[the.act.or.activity.of.V-ing][V→N][N][Loc][4SgPoss][PlPosd]
mughunniinghinneghmini	mughute-@₁~fna[in.order.to.V][intending.to.V][V→V]-~i[SBJ.V-ed.something][V→V]-~i[SBJ.V-ed.something][V→V]-@₁–nghite**[to.not.V][V→V]-te[to.act.on.so.as.to.cause.to.V][V→V]-te[to.act.on.so.as.to.cause.to.V][V→V]-te[to.act.on.so.as.to.cause.to.V][V→V]-@₁–negh[the.act.or.activity.of.V-ing][V→N][N][Loc][4SgPoss][SgPosd]
mughunniinghinneghmini	mughute-@₁~fna[in.order.to.V][intending.to.V][V→V]-~i[SBJ.V-ed.something][V→V]-~i[SBJ.V-ed.something][V→V]-@₁–nghite**[to.not.V][V→V]-te[to.act.on.so.as.to.cause.to.V][V→V]-te[to.act.on.so.as.to.cause.to.V][V→V]-te[to.act.on.so.as.to.cause.to.V][V→V]-@₁–negh[the.act.or.activity.of.V-ing][V→N][N][Loc][4SgPoss][PlPosd]
mughunniinghinneghmini	mughute-@₁~fna[in.order.to.V][intending.to.V][V→V]-~i[SBJ.V-ed.something][V→V]-~i[SBJ.V-ed.something][V→V]-@₁–nghite**[to.not.V][V→V]-te[to.act.on.so.as.to.cause.to.V][V→V]-te[to.act.on.so.as.to.cause.to.V][V→V]-te[to.act.on.so.as.to.cause.to.V][V→V]-te[to.act.on.so.as.to.cause.to.V][V→V]-@₁–negh[the.act.or.activity.of.V-ing][V→N][N][Loc][4SgPoss][SgPosd]
mughunniinghinneghmini	mughute-@₁~fna[in.order.to.V][intending.to.V][V→V]-~i[SBJ.V-ed.something][V→V]-~i[SBJ.V-ed.something][V→V]-@₁–nghite**[to.not.V][V→V]-te[to.act.on.so.as.to.cause.to.V][V→V]-te[to.act.on.so.as.to.cause.to.V][V→V]-te[to.act.on.so.as.to.cause.to.V][V→V]-te[to.act.on.so.as.to.cause.to.V][V→V]-@₁–negh[the.act.or.activity.of.V-ing][V→N][N][Loc][4SgPoss][PlPosd]
mughunniinghinneghmini	mughute-@₁~fna[in.order.to.V][intending.to.V][V→V]-~i[SBJ.V-ed.something][V→V]-~i[SBJ.V-ed.something][V→V]-@₁–nghite**[to.not.V][V→V]-te[to.act.on.so.as.to.cause.to.V][V→V]-te[to.act.on.so.as.to.cause.to.V][V→V]-te[to.act.on.so.as.to.cause.to.V][V→V]-te[to.act.on.so.as.to.cause.to.V][V→V][V][Ctmp][4Sg]
mughunniinghinneghmini	mughute-@₁~fna[in.order.to.V][intending.to.V][V→V]-~i[SBJ.V-ed.something][V→V]-~i[SBJ.V-ed.something][V→V]-@₁–nghite**[to.not.V][V→V]-te[to.act.on.so.as.to.cause.to.V][V→V]-te[to.act.on.so.as.to.cause.to.V][V→V]-te[to.act.on.so.as.to.cause.to.V][V→V][V][Ctmp][4Sg]
mughunniinghinneghmini	mughute-@₁~fna[in.order.to.V][intending.to.V][V→V]-~i[SBJ.V-ed.something][V→V]-~i[SBJ.V-ed.something][V→V]-@₁–nghite**[to.not.V][V→V]-te[to.act.on.so.as.to.cause.to.V][V→V]-te[to.act.on.so.as.to.cause.to.V][V→V][V][Ctmp][4Sg]
mughunniinghinneghmini	mughute-@₁~fna[in.order.to.V][intending.to.V][V→V]-~i[SBJ.V-ed.something][V→V]-~i[SBJ.V-ed.something][V→V]-@₁–nghite**[to.not.V][V→V]-te[to.act.on.so.as.to.cause.to.V][V→V][V][Ctmp][4Sg]
mughunniinghinneghmini	mughute-@₁~fna[in.order.to.V][intending.to.V][V→V]-~i[SBJ.V-ed.something][V→V]-~i[SBJ.V-ed.something][V→V]-@₁–nghite**[to.not.V][V→V][V][Ctmp][4Sg]
mughunniinghinneghmini	mughute-@₁~fna[in.order.to.V][intending.to.V][V→V]-~i[SBJ.V-ed.something][V→V]-@₁–nghite**[to.not.V][V→V]-@₁–negh[the.act.or.activity.of.V-ing][V→N][N][Loc][4SgPoss][SgPosd]
mughunniinghinneghmini	mughute-@₁~fna[in.order.to.V][intending.to.V][V→V]-~i[SBJ.V-ed.something][V→V]-@₁–nghite**[to.not.V][V→V]-@₁–negh[the.act.or.activity.of.V-ing][V→N][N][Loc][4SgPoss][PlPosd]
mughunniinghinneghmini	mughute-@₁~fna[in.order.to.V][intending.to.V][V→V]-~i[SBJ.V-ed.something][V→V]-@₁–nghite**[to.not.V][V→V]-te[to.act.on.so.as.to.cause.to.V][V→V]-@₁–negh[the.act.or.activity.of.V-ing][V→N][N][Loc][4SgPoss][SgPosd]
mughunniinghinneghmini	mughute-@₁~fna[in.order.to.V][intending.to.V][V→V]-~i[SBJ.V-ed.something][V→V]-@₁–nghite**[to.not.V][V→V]-te[to.act.on.so.as.to.cause.to.V][V→V]-@₁–negh[the.act.or.activity.of.V-ing][V→N][N][Loc][4SgPoss][PlPosd]
mughunniinghinneghmini	mughute-@₁~fna[in.order.to.V][intending.to.V][V→V]-~i[SBJ.V-ed.something][V→V]-@₁–nghite**[to.not.V][V→V]-te[to.act.on.so.as.to.cause.to.V][V→V]-te[to.act.on.so.as.to.cause.to.V][V→V]-@₁–negh[the.act.or.activity.of.V-ing][V→N][N][Loc][4SgPoss][SgPosd]
mughunniinghinneghmini	mughute-@₁~fna[in.order.to.V][intending.to.V][V→V]-~i[SBJ.V-ed.something][V→V]-@₁–nghite**[to.not.V][V→V]-te[to.act.on.so.as.to.cause.to.V][V→V]-te[to.act.on.so.as.to.cause.to.V][V→V]-@₁–negh[the.act.or.activity.of.V-ing][V→N][N][Loc][4SgPoss][PlPosd]
mughunniinghinneghmini	mughute-@₁~fna[in.order.to.V][intending.to.V][V→V]-~i[SBJ.V-ed.something][V→V]-@₁–nghite**[to.not.V][V→V]-te[to.act.on.so.as.to.cause.to.V][V→V]-te[to.act.on.so.as.to.cause.to.V][V→V]-te[to.act.on.so.as.to.cause.to.V][V→V]-@₁–negh[the.act.or.activity.of.V-ing][V→N][N][Loc][4SgPoss][SgPosd]
mughunniinghinneghmini	mughute-@₁~fna[in.order.to.V][intending.to.V][V→V]-~i[SBJ.V-ed.something][V→V]-@₁–nghite**[to.not.V][V→V]-te[to.act.on.so.as.to.cause.to.V][V→V]-te[to.act.on.so.as.to.cause.to.V][V→V]-te[to.act.on.so.as.to.cause.to.V][V→V]-@₁–negh[the.act.or.activity.of.V-ing][V→N][N][Loc][4SgPoss][PlPosd]
mughunniinghinneghmini	mughute-@₁~fna[in.order.to.V][intending.to.V][V→V]-~i[SBJ.V-ed.something][V→V]-@₁–nghite**[to.not.V][V→V]-te[to.act.on.so.as.to.cause.to.V][V→V]-te[to.act.on.so.as.to.cause.to.V][V→V]-te[to.act.on.so.as.to.cause.to.V][V→V][V][Ctmp][4Sg]
mughunniinghinneghmini	mughute-@₁~fna[in.order.to.V][intending.to.V][V→V]-~i[SBJ.V-ed.something][V→V]-@₁–nghite**[to.not.V][V→V]-te[to.act.on.so.as.to.cause.to.V][V→V]-te[to.act.on.so.as.to.cause.to.V][V→V][V][Ctmp][4Sg]
mughunniinghinneghmini	mughute-@₁~fna[in.order.to.V][intending.to.V][V→V]-~i[SBJ.V-ed.something][V→V]-@₁–nghite**[to.not.V][V→V]-te[to.act.on.so.as.to.cause.to.V][V→V][V][Ctmp][4Sg]
mughunniinghinneghmini	mughute-@₁~fna[in.order.to.V][intending.to.V][V→V]-~i[SBJ.V-ed.something][V→V]-@₁–nghite**[to.not.V][V→V][V][Ctmp][4Sg]
mughunniinghinneghmini	mughute-@₁~fni[to.say.that.one.is.V-ing][Cmpd_Vbl]-~i[SBJ.V-ed.something][V→V]-~i[SBJ.V-ed.something][V→V]-~i[SBJ.V-ed.something][V→V]-~i[SBJ.V-ed.something][V→V]-@₁–nghite**[to.not.V][V→V]-te[to.act.on.so.as.to.cause.to.V][V→V]-te[to.act.on.so.as.to.cause.to.V][V→V]-te[to.act.on.so.as.to.cause.to.V][V→V]-te[to.act.on.so.as.to.cause.to.V][V→V]-te[to.act.on.so.as.to.cause.to.V][V→V]-te[to.act.on.so.as.to.cause.to.V][V→V][V][Ctmp][4Sg]
mughunniinghinneghmini	mughute-@₁~fni[to.say.that.one.is.V-ing][Cmpd_Vbl]-~i[SBJ.V-ed.something][V→V]-~i[SBJ.V-ed.something][V→V]-~i[SBJ.V-ed.something][V→V]-~i[SBJ.V-ed.something][V→V]-@₁–nghite**[to.not.V][V→V]-te[to.act.on.so.as.to.cause.to.V][V→V]-te[to.act.on.so.as.to.cause.to.V][V→V]-te[to.act.on.so.as.to.cause.to.V][V→V]-te[to.act.on.so.as.to.cause.to.V][V→V]-te[to.act.on.so.as.to.cause.to.V][V→V][V][Ctmp][4Sg]
mughunniinghinneghmini	mughute-@₁~fni[to.say.that.one.is.V-ing][Cmpd_Vbl]-~i[SBJ.V-ed.something][V→V]-~i[SBJ.V-ed.something][V→V]-~i[SBJ.V-ed.something][V→V]-~i[SBJ.V-ed.something][V→V]-@₁–nghite**[to.not.V][V→V]-te[to.act.on.so.as.to.cause.to.V][V→V]-te[to.act.on.so.as.to.cause.to.V][V→V]-te[to.act.on.so.as.to.cause.to.V][V→V]-te[to.act.on.so.as.to.cause.to.V][V→V][V][Ctmp][4Sg]
mughunniinghinneghmini	mughute-@₁~fni[to.say.that.one.is.V-ing][Cmpd_Vbl]-~i[SBJ.V-ed.something][V→V]-~i[SBJ.V-ed.something][V→V]-~i[SBJ.V-ed.something][V→V]-~i[SBJ.V-ed.something][V→V]-@₁–nghite**[to.not.V][V→V]-te[to.act.on.so.as.to.cause.to.V][V→V]-te[to.act.on.so.as.to.cause.to.V][V→V]-te[to.act.on.so.as.to.cause.to.V][V→V][V][Ctmp][4Sg]
mughunniinghinneghmini	mughute-@₁~fni[to.say.that.one.is.V-ing][Cmpd_Vbl]-~i[SBJ.V-ed.something][V→V]-~i[SBJ.V-ed.something][V→V]-~i[SBJ.V-ed.something][V→V]-~i[SBJ.V-ed.something][V→V]-@₁–nghite**[to.not.V][V→V]-te[to.act.on.so.as.to.cause.to.V][V→V]-te[to.act.on.so.as.to.cause.to.V][V→V][V][Ctmp][4Sg]
mughunniinghinneghmini	mughute-@₁~fni[to.say.that.one.is.V-ing][Cmpd_Vbl]-~i[SBJ.V-ed.something][V→V]-~i[SBJ.V-ed.something][V→V]-~i[SBJ.V-ed.something][V→V]-~i[SBJ.V-ed.something][V→V]-@₁–nghite**[to.not.V][V→V]-te[to.act.on.so.as.to.cause.to.V][V→V][V][Ctmp][4Sg]
mughunniinghinneghmini	mughute-@₁~fni[to.say.that.one.is.V-ing][Cmpd_Vbl]-~i[SBJ.V-ed.something][V→V]-~i[SBJ.V-ed.something][V→V]-~i[SBJ.V-ed.something][V→V]-~i[SBJ.V-ed.something][V→V]-@₁–nghite**[to.not.V][V→V][V][Ctmp][4Sg]
mughunniinghinneghmini	mughute-@₁~fni[to.say.that.one.is.V-ing][Cmpd_Vbl]-~i[SBJ.V-ed.something][V→V]-~i[SBJ.V-ed.something][V→V]-~i[SBJ.V-ed.something][V→V]-@₁–nghite**[to.not.V][V→V]-@₁–negh[the.act.or.activity.of.V-ing][V→N][N][Loc][4SgPoss][SgPosd]
mughunniinghinneghmini	mughute-@₁~fni[to.say.that.one.is.V-ing][Cmpd_Vbl]-~i[SBJ.V-ed.something][V→V]-~i[SBJ.V-ed.something][V→V]-~i[SBJ.V-ed.something][V→V]-@₁–nghite**[to.not.V][V→V]-@₁–negh[the.act.or.activity.of.V-ing][V→N][N][Loc][4SgPoss][PlPosd]
mughunniinghinneghmini	mughute-@₁~fni[to.say.that.one.is.V-ing][Cmpd_Vbl]-~i[SBJ.V-ed.something][V→V]-~i[SBJ.V-ed.something][V→V]-~i[SBJ.V-ed.something][V→V]-@₁–nghite**[to.not.V][V→V]-te[to.act.on.so.as.to.cause.to.V][V→V]-@₁–negh[the.act.or.activity.of.V-ing][V→N][N][Loc][4SgPoss][SgPosd]
mughunniinghinneghmini	mughute-@₁~fni[to.say.that.one.is.V-ing][Cmpd_Vbl]-~i[SBJ.V-ed.something][V→V]-~i[SBJ.V-ed.something][V→V]-~i[SBJ.V-ed.something][V→V]-@₁–nghite**[to.not.V][V→V]-te[to.act.on.so.as.to.cause.to.V][V→V]-@₁–negh[the.act.or.activity.of.V-ing][V→N][N][Loc][4SgPoss][PlPosd]
mughunniinghinneghmini	mughute-@₁~fni[to.say.that.one.is.V-ing][Cmpd_Vbl]-~i[SBJ.V-ed.something][V→V]-~i[SBJ.V-ed.something][V→V]-~i[SBJ.V-ed.something][V→V]-@₁–nghite**[to.not.V][V→V]-te[to.act.on.so.as.to.cause.to.V][V→V]-te[to.act.on.so.as.to.cause.to.V][V→V]-@₁–negh[the.act.or.activity.of.V-ing][V→N][N][Loc][4SgPoss][SgPosd]
mughunniinghinneghmini	mughute-@₁~fni[to.say.that.one.is.V-ing][Cmpd_Vbl]-~i[SBJ.V-ed.something][V→V]-~i[SBJ.V-ed.something][V→V]-~i[SBJ.V-ed.something][V→V]-@₁–nghite**[to.not.V][V→V]-te[to.act.on.so.as.to.cause.to.V][V→V]-te[to.act.on.so.as.to.cause.to.V][V→V]-@₁–negh[the.act.or.activity.of.V-ing][V→N][N][Loc][4SgPoss][PlPosd]
mughunniinghinneghmini	mughute-@₁~fni[to.say.that.one.is.V-ing][Cmpd_Vbl]-~i[SBJ.V-ed.something][V→V]-~i[SBJ.V-ed.something][V→V]-~i[SBJ.V-ed.something][V→V]-@₁–nghite**[to.not.V][V→V]-te[to.act.on.so.as.to.cause.to.V][V→V]-te[to.act.on.so.as.to.cause.to.V][V→V]-te[to.act.on.so.as.to.cause.to.V][V→V]-@₁–negh[the.act.or.activity.of.V-ing][V→N][N][Loc][4SgPoss][SgPosd]
mughunniinghinneghmini	mughute-@₁~fni[to.say.that.one.is.V-ing][Cmpd_Vbl]-~i[SBJ.V-ed.something][V→V]-~i[SBJ.V-ed.something][V→V]-~i[SBJ.V-ed.something][V→V]-@₁–nghite**[to.not.V][V→V]-te[to.act.on.so.as.to.cause.to.V][V→V]-te[to.act.on.so.as.to.cause.to.V][V→V]-te[to.act.on.so.as.to.cause.to.V][V→V]-@₁–negh[the.act.or.activity.of.V-ing][V→N][N][Loc][4SgPoss][PlPosd]
mughunniinghinneghmini	mughute-@₁~fni[to.say.that.one.is.V-ing][Cmpd_Vbl]-~i[SBJ.V-ed.something][V→V]-~i[SBJ.V-ed.something][V→V]-~i[SBJ.V-ed.something][V→V]-@₁–nghite**[to.not.V][V→V]-te[to.act.on.so.as.to.cause.to.V][V→V]-te[to.act.on.so.as.to.cause.to.V][V→V]-te[to.act.on.so.as.to.cause.to.V][V→V]-te[to.act.on.so.as.to.cause.to.V][V→V]-@₁–negh[the.act.or.activity.of.V-ing][V→N][N][Loc][4SgPoss][SgPosd]
mughunniinghinneghmini	mughute-@₁~fni[to.say.that.one.is.V-ing][Cmpd_Vbl]-~i[SBJ.V-ed.something][V→V]-~i[SBJ.V-ed.something][V→V]-~i[SBJ.V-ed.something][V→V]-@₁–nghite**[to.not.V][V→V]-te[to.act.on.so.as.to.cause.to.V][V→V]-te[to.act.on.so.as.to.cause.to.V][V→V]-te[to.act.on.so.as.to.cause.to.V][V→V]-te[to.act.on.so.as.to.cause.to.V][V→V]-@₁–negh[the.act.or.activity.of.V-ing][V→N][N][Loc][4SgPoss][PlPosd]
mughunniinghinneghmini	mughute-@₁~fni[to.say.that.one.is.V-ing][Cmpd_Vbl]-~i[SBJ.V-ed.something][V→V]-~i[SBJ.V-ed.something][V→V]-~i[SBJ.V-ed.something][V→V]-@₁–nghite**[to.not.V][V→V]-te[to.act.on.so.as.to.cause.to.V][V→V]-te[to.act.on.so.as.to.cause.to.V][V→V]-te[to.act.on.so.as.to.cause.to.V][V→V]-te[to.act.on.so.as.to.cause.to.V][V→V]-te[to.act.on.so.as.to.cause.to.V][V→V]-@₁–negh[the.act.or.activity.of.V-ing][V→N][N][Loc][4SgPoss][SgPosd]
mughunniinghinneghmini	mughute-@₁~fni[to.say.that.one.is.V-ing][Cmpd_Vbl]-~i[SBJ.V-ed.something][V→V]-~i[SBJ.V-ed.something][V→V]-~i[SBJ.V-ed.something][V→V]-@₁–nghite**[to.not.V][V→V]-te[to.act.on.so.as.to.cause.to.V][V→V]-te[to.act.on.so.as.to.cause.to.V][V→V]-te[to.act.on.so.as.to.cause.to.V][V→V]-te[to.act.on.so.as.to.cause.to.V][V→V]-te[to.act.on.so.as.to.cause.to.V][V→V]-@₁–negh[the.act.or.activity.of.V-ing][V→N][N][Loc][4SgPoss][PlPosd]
mughunniinghinneghmini	mughute-@₁~fni[to.say.that.one.is.V-ing][Cmpd_Vbl]-~i[SBJ.V-ed.something][V→V]-~i[SBJ.V-ed.something][V→V]-~i[SBJ.V-ed.something][V→V]-@₁–nghite**[to.not.V][V→V]-te[to.act.on.so.as.to.cause.to.V][V→V]-te[to.act.on.so.as.to.cause.to.V][V→V]-te[to.act.on.so.as.to.cause.to.V][V→V]-te[to.act.on.so.as.to.cause.to.V][V→V]-te[to.act.on.so.as.to.cause.to.V][V→V][V][Ctmp][4Sg]
mughunniinghinneghmini	mughute-@₁~fni[to.say.that.one.is.V-ing][Cmpd_Vbl]-~i[SBJ.V-ed.something][V→V]-~i[SBJ.V-ed.something][V→V]-~i[SBJ.V-ed.something][V→V]-@₁–nghite**[to.not.V][V→V]-te[to.act.on.so.as.to.cause.to.V][V→V]-te[to.act.on.so.as.to.cause.to.V][V→V]-te[to.act.on.so.as.to.cause.to.V][V→V]-te[to.act.on.so.as.to.cause.to.V][V→V][V][Ctmp][4Sg]
mughunniinghinneghmini	mughute-@₁~fni[to.say.that.one.is.V-ing][Cmpd_Vbl]-~i[SBJ.V-ed.something][V→V]-~i[SBJ.V-ed.something][V→V]-~i[SBJ.V-ed.something][V→V]-@₁–nghite**[to.not.V][V→V]-te[to.act.on.so.as.to.cause.to.V][V→V]-te[to.act.on.so.as.to.cause.to.V][V→V]-te[to.act.on.so.as.to.cause.to.V][V→V][V][Ctmp][4Sg]
mughunniinghinneghmini	mughute-@₁~fni[to.say.that.one.is.V-ing][Cmpd_Vbl]-~i[SBJ.V-ed.something][V→V]-~i[SBJ.V-ed.something][V→V]-~i[SBJ.V-ed.something][V→V]-@₁–nghite**[to.not.V][V→V]-te[to.act.on.so.as.to.cause.to.V][V→V]-te[to.act.on.so.as.to.cause.to.V][V→V][V][Ctmp][4Sg]
mughunniinghinneghmini	mughute-@₁~fni[to.say.that.one.is.V-ing][Cmpd_Vbl]-~i[SBJ.V-ed.something][V→V]-~i[SBJ.V-ed.something][V→V]-~i[SBJ.V-ed.something][V→V]-@₁–nghite**[to.not.V][V→V]-te[to.act.on.so.as.to.cause.to.V][V→V][V][Ctmp][4Sg]
mughunniinghinneghmini	mughute-@₁~fni[to.say.that.one.is.V-ing][Cmpd_Vbl]-~i[SBJ.V-ed.something][V→V]-~i[SBJ.V-ed.something][V→V]-~i[SBJ.V-ed.something][V→V]-@₁–nghite**[to.not.V][V→V][V][Ctmp][4Sg]
mughunniinghinneghmini	mughute-@₁~fni[to.say.that.one.is.V-ing][Cmpd_Vbl]-~i[SBJ.V-ed.something][V→V]-~i[SBJ.V-ed.something][V→V]-@₁–nghite**[to.not.V][V→V]-@₁–negh[the.act.or.activity.of.V-ing][V→N][N][Loc][4SgPoss][SgPosd]
mughunniinghinneghmini	mughute-@₁~fni[to.say.that.one.is.V-ing][Cmpd_Vbl]-~i[SBJ.V-ed.something][V→V]-~i[SBJ.V-ed.something][V→V]-@₁–nghite**[to.not.V][V→V]-@₁–negh[the.act.or.activity.of.V-ing][V→N][N][Loc][4SgPoss][PlPosd]
mughunniinghinneghmini	mughute-@₁~fni[to.say.that.one.is.V-ing][Cmpd_Vbl]-~i[SBJ.V-ed.something][V→V]-~i[SBJ.V-ed.something][V→V]-@₁–nghite**[to.not.V][V→V]-te[to.act.on.so.as.to.cause.to.V][V→V]-@₁–negh[the.act.or.activity.of.V-ing][V→N][N][Loc][4SgPoss][SgPosd]
mughunniinghinneghmini	mughute-@₁~fni[to.say.that.one.is.V-ing][Cmpd_Vbl]-~i[SBJ.V-ed.something][V→V]-~i[SBJ.V-ed.something][V→V]-@₁–nghite**[to.not.V][V→V]-te[to.act.on.so.as.to.cause.to.V][V→V]-@₁–negh[the.act.or.activity.of.V-ing][V→N][N][Loc][4SgPoss][PlPosd]
mughunniinghinneghmini	mughute-@₁~fni[to.say.that.one.is.V-ing][Cmpd_Vbl]-~i[SBJ.V-ed.something][V→V]-~i[SBJ.V-ed.something][V→V]-@₁–nghite**[to.not.V][V→V]-te[to.act.on.so.as.to.cause.to.V][V→V]-te[to.act.on.so.as.to.cause.to.V][V→V]-@₁–negh[the.act.or.activity.of.V-ing][V→N][N][Loc][4SgPoss][SgPosd]
mughunniinghinneghmini	mughute-@₁~fni[to.say.that.one.is.V-ing][Cmpd_Vbl]-~i[SBJ.V-ed.something][V→V]-~i[SBJ.V-ed.something][V→V]-@₁–nghite**[to.not.V][V→V]-te[to.act.on.so.as.to.cause.to.V][V→V]-te[to.act.on.so.as.to.cause.to.V][V→V]-@₁–negh[the.act.or.activity.of.V-ing][V→N][N][Loc][4SgPoss][PlPosd]
mughunniinghinneghmini	mughute-@₁~fni[to.say.that.one.is.V-ing][Cmpd_Vbl]-~i[SBJ.V-ed.something][V→V]-~i[SBJ.V-ed.something][V→V]-@₁–nghite**[to.not.V][V→V]-te[to.act.on.so.as.to.cause.to.V][V→V]-te[to.act.on.so.as.to.cause.to.V][V→V]-te[to.act.on.so.as.to.cause.to.V][V→V]-@₁–negh[the.act.or.activity.of.V-ing][V→N][N][Loc][4SgPoss][SgPosd]
mughunniinghinneghmini	mughute-@₁~fni[to.say.that.one.is.V-ing][Cmpd_Vbl]-~i[SBJ.V-ed.something][V→V]-~i[SBJ.V-ed.something][V→V]-@₁–nghite**[to.not.V][V→V]-te[to.act.on.so.as.to.cause.to.V][V→V]-te[to.act.on.so.as.to.cause.to.V][V→V]-te[to.act.on.so.as.to.cause.to.V][V→V]-@₁–negh[the.act.or.activity.of.V-ing][V→N][N][Loc][4SgPoss][PlPosd]
mughunniinghinneghmini	mughute-@₁~fni[to.say.that.one.is.V-ing][Cmpd_Vbl]-~i[SBJ.V-ed.something][V→V]-~i[SBJ.V-ed.something][V→V]-@₁–nghite**[to.not.V][V→V]-te[to.act.on.so.as.to.cause.to.V][V→V]-te[to.act.on.so.as.to.cause.to.V][V→V]-te[to.act.on.so.as.to.cause.to.V][V→V]-te[to.act.on.so.as.to.cause.to.V][V→V]-@₁–negh[the.act.or.activity.of.V-ing][V→N][N][Loc][4SgPoss][SgPosd]
mughunniinghinneghmini	mughute-@₁~fni[to.say.that.one.is.V-ing][Cmpd_Vbl]-~i[SBJ.V-ed.something][V→V]-~i[SBJ.V-ed.something][V→V]-@₁–nghite**[to.not.V][V→V]-te[to.act.on.so.as.to.cause.to.V][V→V]-te[to.act.on.so.as.to.cause.to.V][V→V]-te[to.act.on.so.as.to.cause.to.V][V→V]-te[to.act.on.so.as.to.cause.to.V][V→V]-@₁–negh[the.act.or.activity.of.V-ing][V→N][N][Loc][4SgPoss][PlPosd]
mughunniinghinneghmini	mughute-@₁~fni[to.say.that.one.is.V-ing][Cmpd_Vbl]-~i[SBJ.V-ed.something][V→V]-~i[SBJ.V-ed.something][V→V]-@₁–nghite**[to.not.V][V→V]-te[to.act.on.so.as.to.cause.to.V][V→V]-te[to.act.on.so.as.to.cause.to.V][V→V]-te[to.act.on.so.as.to.cause.to.V][V→V]-te[to.act.on.so.as.to.cause.to.V][V→V][V][Ctmp][4Sg]
mughunniinghinneghmini	mughute-@₁~fni[to.say.that.one.is.V-ing][Cmpd_Vbl]-~i[SBJ.V-ed.something][V→V]-~i[SBJ.V-ed.something][V→V]-@₁–nghite**[to.not.V][V→V]-te[to.act.on.so.as.to.cause.to.V][V→V]-te[to.act.on.so.as.to.cause.to.V][V→V]-te[to.act.on.so.as.to.cause.to.V][V→V][V][Ctmp][4Sg]
mughunniinghinneghmini	mughute-@₁~fni[to.say.that.one.is.V-ing][Cmpd_Vbl]-~i[SBJ.V-ed.something][V→V]-~i[SBJ.V-ed.something][V→V]-@₁–nghite**[to.not.V][V→V]-te[to.act.on.so.as.to.cause.to.V][V→V]-te[to.act.on.so.as.to.cause.to.V][V→V][V][Ctmp][4Sg]
mughunniinghinneghmini	mughute-@₁~fni[to.say.that.one.is.V-ing][Cmpd_Vbl]-~i[SBJ.V-ed.something][V→V]-~i[SBJ.V-ed.something][V→V]-@₁–nghite**[to.not.V][V→V]-te[to.act.on.so.as.to.cause.to.V][V→V][V][Ctmp][4Sg]
mughunniinghinneghmini	mughute-@₁~fni[to.say.that.one.is.V-ing][Cmpd_Vbl]-~i[SBJ.V-ed.something][V→V]-~i[SBJ.V-ed.something][V→V]-@₁–nghite**[to.not.V][V→V][V][Ctmp][4Sg]
mughunniinghinneghmini	mughute-@₁~fni[to.say.that.one.is.V-ing][Cmpd_Vbl]-~i[SBJ.V-ed.something][V→V]-@₁–nghite**[to.not.V][V→V]-@₁–negh[the.act.or.activity.of.V-ing][V→N][N][Loc][4SgPoss][SgPosd]
mughunniinghinneghmini	mughute-@₁~fni[to.say.that.one.is.V-ing][Cmpd_Vbl]-~i[SBJ.V-ed.something][V→V]-@₁–nghite**[to.not.V][V→V]-@₁–negh[the.act.or.activity.of.V-ing][V→N][N][Loc][4SgPoss][PlPosd]
mughunniinghinneghmini	mughute-@₁~fni[to.say.that.one.is.V-ing][Cmpd_Vbl]-~i[SBJ.V-ed.something][V→V]-@₁–nghite**[to.not.V][V→V]-te[to.act.on.so.as.to.cause.to.V][V→V]-@₁–negh[the.act.or.activity.of.V-ing][V→N][N][Loc][4SgPoss][SgPosd]
mughunniinghinneghmini	mughute-@₁~fni[to.say.that.one.is.V-ing][Cmpd_Vbl]-~i[SBJ.V-ed.something][V→V]-@₁–nghite**[to.not.V][V→V]-te[to.act.on.so.as.to.cause.to.V][V→V]-@₁–negh[the.act.or.activity.of.V-ing][V→N][N][Loc][4SgPoss][PlPosd]
mughunniinghinneghmini	mughute-@₁~fni[to.say.that.one.is.V-ing][Cmpd_Vbl]-~i[SBJ.V-ed.something][V→V]-@₁–nghite**[to.not.V][V→V]-te[to.act.on.so.as.to.cause.to.V][V→V]-te[to.act.on.so.as.to.cause.to.V][V→V]-@₁–negh[the.act.or.activity.of.V-ing][V→N][N][Loc][4SgPoss][SgPosd]
mughunniinghinneghmini	mughute-@₁~fni[to.say.that.one.is.V-ing][Cmpd_Vbl]-~i[SBJ.V-ed.something][V→V]-@₁–nghite**[to.not.V][V→V]-te[to.act.on.so.as.to.cause.to.V][V→V]-te[to.act.on.so.as.to.cause.to.V][V→V]-@₁–negh[the.act.or.activity.of.V-ing][V→N][N][Loc][4SgPoss][PlPosd]
mughunniinghinneghmini	mughute-@₁~fni[to.say.that.one.is.V-ing][Cmpd_Vbl]-~i[SBJ.V-ed.something][V→V]-@₁–nghite**[to.not.V][V→V]-te[to.act.on.so.as.to.cause.to.V][V→V]-te[to.act.on.so.as.to.cause.to.V][V→V]-te[to.act.on.so.as.to.cause.to.V][V→V]-@₁–negh[the.act.or.activity.of.V-ing][V→N][N][Loc][4SgPoss][SgPosd]
mughunniinghinneghmini	mughute-@₁~fni[to.say.that.one.is.V-ing][Cmpd_Vbl]-~i[SBJ.V-ed.something][V→V]-@₁–nghite**[to.not.V][V→V]-te[to.act.on.so.as.to.cause.to.V][V→V]-te[to.act.on.so.as.to.cause.to.V][V→V]-te[to.act.on.so.as.to.cause.to.V][V→V]-@₁–negh[the.act.or.activity.of.V-ing][V→N][N][Loc][4SgPoss][PlPosd]
mughunniinghinneghmini	mughute-@₁~fni[to.say.that.one.is.V-ing][Cmpd_Vbl]-~i[SBJ.V-ed.something][V→V]-@₁–nghite**[to.not.V][V→V]-te[to.act.on.so.as.to.cause.to.V][V→V]-te[to.act.on.so.as.to.cause.to.V][V→V]-te[to.act.on.so.as.to.cause.to.V][V→V][V][Ctmp][4Sg]
mughunniinghinneghmini	mughute-@₁~fni[to.say.that.one.is.V-ing][Cmpd_Vbl]-~i[SBJ.V-ed.something][V→V]-@₁–nghite**[to.not.V][V→V]-te[to.act.on.so.as.to.cause.to.V][V→V]-te[to.act.on.so.as.to.cause.to.V][V→V][V][Ctmp][4Sg]
mughunniinghinneghmini	mughute-@₁~fni[to.say.that.one.is.V-ing][Cmpd_Vbl]-~i[SBJ.V-ed.something][V→V]-@₁–nghite**[to.not.V][V→V]-te[to.act.on.so.as.to.cause.to.V][V→V][V][Ctmp][4Sg]
mughunniinghinneghmini	mughute-@₁~fni[to.say.that.one.is.V-ing][Cmpd_Vbl]-~i[SBJ.V-ed.something][V→V]-@₁–nghite**[to.not.V][V→V][V][Ctmp][4Sg]

------------------------
Tagikaam nagatkii neqamikuqii atami ungipaghatangi.

tagikaam	+?

nagatkii	nagate-@₂~fkau[to.have.V-ed][to.have.been.V-ed][V→V]-~i[SBJ.V-ed.something][V→V]-~i[SBJ.V-ed.something][V→V]-~i[SBJ.V-ed.something][V→V]-~i[SBJ.V-ed.something][V→V]-~i[SBJ.V-ed.something][V→V][V][Opt][PRS][2Sg]
nagatkii	nagate-@₂~fkau[to.have.V-ed][to.have.been.V-ed][V→V]-~i[SBJ.V-ed.something][V→V]-~i[SBJ.V-ed.something][V→V]-~i[SBJ.V-ed.something][V→V]-~i[SBJ.V-ed.something][V→V][V][Opt][PRS][2Sg]
nagatkii	nagate-@₂~fkau[to.have.V-ed][to.have.been.V-ed][V→V]-~i[SBJ.V-ed.something][V→V]-~i[SBJ.V-ed.something][V→V]-~i[SBJ.V-ed.something][V→V][V][Opt][PRS][2Sg]
nagatkii	nagate-@₂~fkau[to.have.V-ed][to.have.been.V-ed][V→V]-~i[SBJ.V-ed.something][V→V]-~i[SBJ.V-ed.something][V→V][V][Opt][PRS][2Sg]
nagatkii	nagate-@₂~fkau[to.have.V-ed][to.have.been.V-ed][V→V]-~i[SBJ.V-ed.something][V→V][V][Opt][PRS][2Sg]

neqamikuqii	+?

atami	ata[N][Loc][Unpd][Sg]
atami	ata[N][Rel][4SgPoss][SgPosd]
atami	ata[N][Rel][4SgPoss][PlPosd]

ungipaghatangi	+?

------------------------
Ilangitnunllu laalighqwaaghaqelghii ununghagu vuvallanghatallu ungipaghaghyaghtughaqelghii, atumaghmeng aghulamaghmeng.

ilangitnunllu	ila[N][Ter][3DuPoss][PlPosd]-llu[Encl]
ilangitnunllu	ila[N][Ter][3DuPoss][DuPosd]-llu[Encl]
ilangitnunllu	ila[N][Ter][3PlPoss][PlPosd]-llu[Encl]
ilangitnunllu	ila[N][Ter][3PlPoss][SgPosd]-llu[Encl]
ilangitnunllu	ila[N][Ter][3PlPoss][DuPosd]-llu[Encl]

laalighqwaaghaqelghii	+?

ununghagu	+?

vuvallanghatallu	+?

ungipaghaghyaghtughaqelghii	ungipaghagh-@₁~fyaghtugh[to.be.about.to.V][to.go.somewhere.to.V]-~(g₁)aqe[to.be.V.ing][to.regularly.or.repeatedly.V][V→V]-@₁–lghii[the.one.that.V-ed][the.one.that.is.V][V→N][N][Abs][Unpd][Sg]
ungipaghaghyaghtughaqelghii	ungipaghagh-@₁~fyaghtugh[to.be.about.to.V][to.go.somewhere.to.V]-~(g₁)aqe[to.be.V.ing][to.regularly.or.repeatedly.V][V→V][V][Ptcp][3Sg]

atumaghmeng	+?

aghulamaghmeng	aghula-@₁~:(i/u)magh*[while.V-ing][V→V][Quant_Qual][4Pl]

------------------------
Tagikaam piniqumtaagha ineghlaghllaga Ayveghhaq, yuuk nagatngwaaqayuk ama ungipaghallegllak.

tagikaam	+?

piniqumtaagha	+?

ineghlaghllaga	+?

ayveghhaq	ayvegh-–ghhagh*[dear.N][N→N][N][Abs][Unpd][Sg]

yuuk	yug[N][Abs][Sg]

nagatngwaaqayuk	+?

ama	ama

ungipaghallegllak	+?

------------------------


	

------------------------
1940/41 em uksughani Menovshchikovem igaaghaqsaghii sivuliit igii akuzipigem grammarngi igaghviget sivulighneghitnun ayuqelghiit.

194041	+?

em	+?

uksughani	+?

menovshchikovem	+?

igaaghaqsaghii	+?

sivuliit	+?

igii	igagh-~:(ng₁)u[to.be.N][N→V]-~i[SBJ.V-ed.something][V→V]-~i[SBJ.V-ed.something][V→V]-~i[SBJ.V-ed.something][V→V]-~i[SBJ.V-ed.something][V→V]-~i[SBJ.V-ed.something][V→V][V][Opt][PRS][2Sg]
igii	igagh-~:(ng₁)u[to.be.N][N→V]-~i[SBJ.V-ed.something][V→V]-~i[SBJ.V-ed.something][V→V]-~i[SBJ.V-ed.something][V→V]-~i[SBJ.V-ed.something][V→V][V][Opt][PRS][2Sg]
igii	igagh-~:(ng₁)u[to.be.N][N→V]-~i[SBJ.V-ed.something][V→V]-~i[SBJ.V-ed.something][V→V]-~i[SBJ.V-ed.something][V→V][V][Opt][PRS][2Sg]
igii	igagh-~:(ng₁)u[to.be.N][N→V]-~i[SBJ.V-ed.something][V→V]-~i[SBJ.V-ed.something][V→V][V][Opt][PRS][2Sg]
igii	igagh-~:(ng₁)u[to.be.N][N→V]-~i[SBJ.V-ed.something][V→V][V][Opt][PRS][2Sg]
igii	igagh[N][Abs][3SgPoss][PlPosd]

akuzipigem	+?

grammarngi	+?

igaghviget	igaghvig[N][Abs][Unpd][Pl]
igaghviget	igaghvig[N][Rel][Unpd][Pl]

sivulighneghitnun	+?

ayuqelghiit	+?

------------------------
Kayusingegkaq Ungazim igleghutistengitneng, Chukotkam aaghtistengi Mayngankugneng Mallunkugneng.

kayusingegkaq	+?

ungazim	Ungazigh[N][Rel][Unpd][Sg]

igleghutistengitneng	+?

chukotkam	+?

aaghtistengi	+?

mayngankugneng	+?

mallunkugneng	+?

------------------------
Tagikaq tagiiqelghii elkegnun igalgusighyaghtughaqegkangek.

tagikaq	tagi-~sf–(g₃)kaq[one.that.has.V-ed][V→N][N][Abs][Unpd][Sg]
tagikaq	tagi-@₂~fkaq[one.that.has.V-ed][V→N][N][Abs][Unpd][Sg]

tagiiqelghii	tagi-~(g₁)aqe[to.be.V.ing][to.regularly.or.repeatedly.V][V→V]-@₁–lghii[the.one.that.V-ed][the.one.that.is.V][V→N][N][Abs][Unpd][Sg]
tagiiqelghii	tagi-~(g₁)aqe[to.be.V.ing][to.regularly.or.repeatedly.V][V→V][V][Ptcp][3Sg]

elkegnun	+?

igalgusighyaghtughaqegkangek	+?

------------------------
Ataasimeng igagni kelqellukek ungipaghatem ilangi igaqumakangi.

ataasimeng	+?

igagni	igagh[N][Abs][4SgPoss][DuPosd]
igagni	igagh[N][Loc][Unpd][Du]

kelqellukek	+?

ungipaghatem	+?

ilangi	ila[N][Abs][3SgPoss][PlPosd]

igaqumakangi	igagh-~–ke[to.have.as.one's.N(s)][N→V]-@₁~:(i/u)ma[to.have.V-ed][to.have.been.V-ed][V→V]-@*@₂~sf–(g₂)k(a)e[the.one.that.possessor.V-ed][V→N][N][Abs][3SgPoss][PlPosd]

------------------------
Taagken ima Menovshchikov-enkuk qepghalgutkusimalghiik 30-t ungipaghatet taaqusimakangak.

taagken	taagken

ima	ima

menovshchikovenkuk	+?

qepghalgutkusimalghiik	+?

30t	+?

ungipaghatet	+?

taaqusimakangak	taaqe-~:(u)te[to.V.for.or.with][to.cause.to.V.as.one.is.V-ing][to.V.toward.each.other][V→V]-@₁~:(i/u)ma[to.have.V-ed][to.have.been.V-ed][V→V]-@*@₂~sf–(g₂)k(a)e[the.one.that.possessor.V-ed][V→N][N][Abs][3DuPoss][SgPosd]
taaqusimakangak	taaqe-~:(u)te[SBJ.V-ed.something][V→V]-@₁~:(i/u)ma[to.have.V-ed][to.have.been.V-ed][V→V]-@*@₂~sf–(g₂)k(a)e[the.one.that.possessor.V-ed][V→N][N][Abs][3DuPoss][SgPosd]

------------------------


	

------------------------
Nukalpigaq quyamaghllakTagikaq.

nukalpigaq	+?

quyamaghllaktagikaq	+?

------------------------
Takestaghhaghmini kiyaghtaalleghmini liisimakegkani qamaglluki apellghitii.

takestaghhaghmini	+?

kiyaghtaalleghmini	+?

liisimakegkani	liisimake-~sf–(g₃)kaq[one.that.has.V-ed][V→N][N][Abs][4SgPoss][SgPosd]
liisimakegkani	liisimake-~sf–(g₃)kaq[one.that.has.V-ed][V→N][N][Abs][4SgPoss][PlPosd]

qamaglluki	+?

apellghitii	+?

------------------------
Palighvigem tanqiini 1941-mi peleghqegkaaftuq suflugameng pi 11 gilliqluni 15 year-ngughsimaghmi.

palighvigem	+?

tanqiini	tanqigh-~:(ng₁)u[to.be.N][N→V]-~i[SBJ.V-ed.something][V→V]-~i[SBJ.V-ed.something][V→V]-~i[SBJ.V-ed.something][V→V]-~i[SBJ.V-ed.something][V→V]-~i[SBJ.V-ed.something][V→V]-@₁~fni[to.say.that.one.is.V-ing][Cmpd_Vbl][V][Opt][PRS][2Sg]
tanqiini	tanqigh-~:(ng₁)u[to.be.N][N→V]-~i[SBJ.V-ed.something][V→V]-~i[SBJ.V-ed.something][V→V]-~i[SBJ.V-ed.something][V→V]-~i[SBJ.V-ed.something][V→V]-@₁~fni[to.say.that.one.is.V-ing][Cmpd_Vbl][V][Opt][PRS][2Sg]
tanqiini	tanqigh-~:(ng₁)u[to.be.N][N→V]-~i[SBJ.V-ed.something][V→V]-~i[SBJ.V-ed.something][V→V]-~i[SBJ.V-ed.something][V→V]-~i[SBJ.V-ed.something][V→V]-~:(u)te[to.V.for.or.with][to.cause.to.V.as.one.is.V-ing][to.V.toward.each.other][V→V]-@₁~fni[to.say.that.one.is.V-ing][Cmpd_Vbl][V][Opt][PRS][2Sg]
tanqiini	tanqigh-~:(ng₁)u[to.be.N][N→V]-~i[SBJ.V-ed.something][V→V]-~i[SBJ.V-ed.something][V→V]-~i[SBJ.V-ed.something][V→V]-~i[SBJ.V-ed.something][V→V]-~:(u)te[SBJ.V-ed.something][V→V]-@₁~fni[to.say.that.one.is.V-ing][Cmpd_Vbl][V][Opt][PRS][2Sg]
tanqiini	tanqigh-~:(ng₁)u[to.be.N][N→V]-~i[SBJ.V-ed.something][V→V]-~i[SBJ.V-ed.something][V→V]-~i[SBJ.V-ed.something][V→V]-@₁~fni[to.say.that.one.is.V-ing][Cmpd_Vbl][V][Opt][PRS][2Sg]
tanqiini	tanqigh-~:(ng₁)u[to.be.N][N→V]-~i[SBJ.V-ed.something][V→V]-~i[SBJ.V-ed.something][V→V]-~i[SBJ.V-ed.something][V→V]-~:(u)te[to.V.for.or.with][to.cause.to.V.as.one.is.V-ing][to.V.toward.each.other][V→V]-@₁~fni[to.say.that.one.is.V-ing][Cmpd_Vbl][V][Opt][PRS][2Sg]
tanqiini	tanqigh-~:(ng₁)u[to.be.N][N→V]-~i[SBJ.V-ed.something][V→V]-~i[SBJ.V-ed.something][V→V]-~i[SBJ.V-ed.something][V→V]-~:(u)te[SBJ.V-ed.something][V→V]-@₁~fni[to.say.that.one.is.V-ing][Cmpd_Vbl][V][Opt][PRS][2Sg]
tanqiini	tanqigh-~:(ng₁)u[to.be.N][N→V]-~i[SBJ.V-ed.something][V→V]-~i[SBJ.V-ed.something][V→V]-@₁~fni[to.say.that.one.is.V-ing][Cmpd_Vbl][V][Opt][PRS][2Sg]
tanqiini	tanqigh-~:(ng₁)u[to.be.N][N→V]-~i[SBJ.V-ed.something][V→V]-~i[SBJ.V-ed.something][V→V]-~:(u)te[to.V.for.or.with][to.cause.to.V.as.one.is.V-ing][to.V.toward.each.other][V→V]-@₁~fni[to.say.that.one.is.V-ing][Cmpd_Vbl][V][Opt][PRS][2Sg]
tanqiini	tanqigh-~:(ng₁)u[to.be.N][N→V]-~i[SBJ.V-ed.something][V→V]-~i[SBJ.V-ed.something][V→V]-~:(u)te[SBJ.V-ed.something][V→V]-@₁~fni[to.say.that.one.is.V-ing][Cmpd_Vbl][V][Opt][PRS][2Sg]
tanqiini	tanqigh-~:(ng₁)u[to.be.N][N→V]-~i[SBJ.V-ed.something][V→V]-@₁~fni[to.say.that.one.is.V-ing][Cmpd_Vbl][V][Opt][PRS][2Sg]
tanqiini	tanqigh-~:(ng₁)u[to.be.N][N→V]-~i[SBJ.V-ed.something][V→V]-~:(u)te[to.V.for.or.with][to.cause.to.V.as.one.is.V-ing][to.V.toward.each.other][V→V]-@₁~fni[to.say.that.one.is.V-ing][Cmpd_Vbl][V][Opt][PRS][2Sg]
tanqiini	tanqigh-~:(ng₁)u[to.be.N][N→V]-~i[SBJ.V-ed.something][V→V]-~:(u)te[SBJ.V-ed.something][V→V]-@₁~fni[to.say.that.one.is.V-ing][Cmpd_Vbl][V][Opt][PRS][2Sg]
tanqiini	tanqigh-~:(ng₁)u[to.be.N][N→V]-@₁~fni[to.say.that.one.is.V-ing][Cmpd_Vbl][V][Opt][PRS][2Sg]
tanqiini	tanqigh-~:(ng₁)u[to.be.N][N→V]-~:(u)te[to.V.for.or.with][to.cause.to.V.as.one.is.V-ing][to.V.toward.each.other][V→V]-@₁~fni[to.say.that.one.is.V-ing][Cmpd_Vbl][V][Opt][PRS][2Sg]
tanqiini	tanqigh-~:(ng₁)u[to.be.N][N→V]-~:(u)te[SBJ.V-ed.something][V→V]-@₁~fni[to.say.that.one.is.V-ing][Cmpd_Vbl][V][Opt][PRS][2Sg]
tanqiini	tanqigh[N][Loc][3SgPoss][SgPosd]
tanqiini	tanqigh[N][Loc][3SgPoss][PlPosd]

1941mi	+?

peleghqegkaaftuq	+?

suflugameng	suflugagh[N][Rel][4DuPoss][SgPosd]
suflugameng	suflugagh[N][Rel][4DuPoss][PlPosd]
suflugameng	suflugagh[N][Rel][4PlPoss][SgPosd]
suflugameng	suflugagh[N][Rel][4PlPoss][PlPosd]
suflugameng	suflugagh[N][Abl_Mod][Unpd][Sg]

pi	pi[N][Abs][Unpd][Sg]
pi	pi[V][Opt][PRS][2Sg]

11	+?

gilliqluni	+?

15	+?

yearngughsimaghmi	+?

------------------------


	

------------------------
Tagikaam ungipaghii ukuni igani 920-metut.

tagikaam	+?

ungipaghii	ungipaghagh-~:(ng₁)u[to.be.N][N→V]-~i[SBJ.V-ed.something][V→V]-~i[SBJ.V-ed.something][V→V]-~i[SBJ.V-ed.something][V→V]-~i[SBJ.V-ed.something][V→V]-~i[SBJ.V-ed.something][V→V][V][Opt][PRS][2Sg]
ungipaghii	ungipaghagh-~:(ng₁)u[to.be.N][N→V]-~i[SBJ.V-ed.something][V→V]-~i[SBJ.V-ed.something][V→V]-~i[SBJ.V-ed.something][V→V]-~i[SBJ.V-ed.something][V→V][V][Opt][PRS][2Sg]
ungipaghii	ungipaghagh-~:(ng₁)u[to.be.N][N→V]-~i[SBJ.V-ed.something][V→V]-~i[SBJ.V-ed.something][V→V]-~i[SBJ.V-ed.something][V→V][V][Opt][PRS][2Sg]
ungipaghii	ungipaghagh-~:(ng₁)u[to.be.N][N→V]-~i[SBJ.V-ed.something][V→V]-~i[SBJ.V-ed.something][V→V][V][Opt][PRS][2Sg]
ungipaghii	ungipaghagh-~:(ng₁)u[to.be.N][N→V]-~i[SBJ.V-ed.something][V→V][V][Opt][PRS][2Sg]
ungipaghii	ungipaghagh[N][Abs][3SgPoss][PlPosd]

ukuni	+?

igani	igagh[N][Abs][4SgPoss][SgPosd]
igani	igagh[N][Abs][4SgPoss][PlPosd]
igani	igagh[N][Loc][Unpd][Pl]

920metut	+?

------------------------


	

------------------------
3. Asuya Olga Mumigtekaq (1930-2001) Ungazimi allgeqaq.

3	+?

asuya	+?

olga	+?

mumigtekaq	mumigte-@₂~fkaq[one.that.has.V-ed][V→N][N][Abs][Unpd][Sg]

19302001	+?

ungazimi	Ungazigh[N][Loc][Unpd][Sg]
ungazimi	Ungazigh[N][Rel][4SgPoss][SgPosd]
ungazimi	Ungazigh[N][Rel][4SgPoss][PlPosd]

allgeqaq	+?

------------------------
Ugimini kiyaghtekaq Sighinegmi.

ugimini	ugi[N][Loc][4SgPoss][SgPosd]
ugimini	ugi[N][Loc][4SgPoss][PlPosd]

kiyaghtekaq	kiyaghte-@₂~fkaq[one.that.has.V-ed][V→N][N][Abs][Unpd][Sg]

sighinegmi	+?

------------------------
Pingayuneng inglulegneng avaqutkikak.

pingayuneng	+?

inglulegneng	+?

avaqutkikak	+?

------------------------
Menovshchikov qepghaluni Ungazimi 1954-mi Asuya, atightuqayuk pinaqnelghii, kayutkegkaqeftaa akuzipigem grammarnganeng igaquuluni.

menovshchikov	+?

qepghaluni	+?

ungazimi	Ungazigh[N][Loc][Unpd][Sg]
ungazimi	Ungazigh[N][Rel][4SgPoss][SgPosd]
ungazimi	Ungazigh[N][Rel][4SgPoss][PlPosd]

1954mi	+?

asuya	+?

atightuqayuk	atightugh-~–kayuk[one.who.is.able.to.V][V→N][N][Abs][Unpd][Sg]

pinaqnelghii	+?

kayutkegkaqeftaa	+?

akuzipigem	+?

grammarnganeng	+?

igaquuluni	+?

------------------------
Tamanillu Naayvaghvigem tanqiineng Kaneghyengesim tanqiinun igaquqaqii tawaten pillemtun tallimat ungipaghatet, Menovshchikov-em mumighqughaghtekii.

tamanillu	+?

naayvaghvigem	+?

tanqiineng	tanqigh[N][Abl_Mod][3SgPoss][SgPosd]
tanqiineng	tanqigh[N][Abl_Mod][3SgPoss][PlPosd]

kaneghyengesim	+?

tanqiinun	tanqigh[N][Ter][3SgPoss][SgPosd]
tanqiinun	tanqigh[N][Ter][3SgPoss][PlPosd]

igaquqaqii	+?

tawaten	tawaten

pillemtun	+?

tallimat	+?

ungipaghatet	+?

menovshchikovem	+?

mumighqughaghtekii	+?

------------------------
1970-nillu 1980-nillunursenguluniqepghaaqaaftuq Sighingem clinicngani, ama aflengakegkii avaqutani.

1970nillu	+?

1980nillunursenguluniqepghaaqaaftuq	+?

sighingem	+?

clinicngani	+?

ama	ama

aflengakegkii	+?

avaqutani	avaqutagh[N][Abs][4SgPoss][SgPosd]
avaqutani	avaqutagh[N][Abs][4SgPoss][PlPosd]
avaqutani	avaqutagh[N][Loc][Unpd][Pl]

------------------------
Ama Sighinegmi aghulameng sameng alngunak Yupigem igleghneghaaneng apeghtughiikaq.

ama	ama

sighinegmi	+?

aghulameng	+?

sameng	sa[N][Rel][4DuPoss][SgPosd]
sameng	sa[N][Rel][4DuPoss][PlPosd]
sameng	sa[N][Rel][4PlPoss][SgPosd]
sameng	sa[N][Rel][4PlPoss][PlPosd]
sameng	sa[N][Abl_Mod][Unpd][Sg]
sameng	sameng

alngunak	+?

yupigem	Yupig[N][Rel][Unpd][Sg]

igleghneghaaneng	+?

apeghtughiikaq	+?

------------------------
Asuyam ungipaghatngi 21-enkuk 22-nkunguuk.

asuyam	+?

ungipaghatngi	+?

21enkuk	+?

22nkunguuk	+?

------------------------


	

------------------------
4. Alghalek (19201965).

4	+?

alghalek	+?

19201965	+?

------------------------
Ungazimi allgeqaq.

ungazimi	Ungazigh[N][Loc][Unpd][Sg]
ungazimi	Ungazigh[N][Rel][4SgPoss][SgPosd]
ungazimi	Ungazigh[N][Rel][4SgPoss][PlPosd]

allgeqaq	+?

------------------------
Atightuqayuk ama igaqayuglluggaq yuuk.

atightuqayuk	atightugh-~–kayuk[one.who.is.able.to.V][V→N][N][Abs][Unpd][Sg]

ama	ama

igaqayuglluggaq	+?

yuuk	yug[N][Abs][Sg]

------------------------
Ruuseghiitikayuk ama qitevegkayuk ama akuzipikayuk.

ruuseghiitikayuk	+?

ama	ama

qitevegkayuk	+?

ama	ama

akuzipikayuk	+?

------------------------
1955-mun kenlanga mughunniightengukaq ama ivenruutkegsaghtengukaq Ungazimi "nutaghami kiyaghtaalleghmi".

1955mun	+?

kenlanga	+?

mughunniightengukaq	+?

ama	ama

ivenruutkegsaghtengukaq	+?

ungazimi	Ungazigh[N][Loc][Unpd][Sg]
ungazimi	Ungazigh[N][Rel][4SgPoss][SgPosd]
ungazimi	Ungazigh[N][Rel][4SgPoss][PlPosd]

nutaghami	+?

kiyaghtaalleghmi	+?

------------------------
Kingungani Egeghaghmun nuugtekaaguq pinighsaghistenguluni ama savikenghaaghmeng ulimastenguluni.

kingungani	+?

egeghaghmun	+?

nuugtekaaguq	nuugte-@₂~fkau[to.have.V-ed][to.have.been.V-ed][V→V][V][Ind][3Sg]

pinighsaghistenguluni	+?

ama	ama

savikenghaaghmeng	+?

ulimastenguluni	+?

------------------------
Provideniyam seaportngani ama qepghaqaq.

provideniyam	+?

seaportngani	+?

ama	ama

qepghaqaq	qepghagh-~sf–(g₃)kaq[one.that.has.V-ed][V→N][N][Abs][Unpd][Sg]

------------------------
Rubstova kayusiqaa Yupik-Ruuseghmii dictorary-ngllalleghmeng.

rubstova	+?

kayusiqaa	+?

yupikruuseghmii	+?

dictoraryngllalleghmeng	+?

------------------------
1960-mi Alghalgem 14 ungipaghaata igaqegkaa Provideniya-mi

1960mi	+?

alghalgem	+?

14	+?

ungipaghaata	ungipaghagh-~:(ng₁)u[to.be.N][N→V]-~:(u)te[to.V.for.or.with][to.cause.to.V.as.one.is.V-ing][to.V.toward.each.other][V→V][V][Intrg][3Sg]
ungipaghaata	ungipaghagh-~:(ng₁)u[to.be.N][N→V]-~:(u)te[SBJ.V-ed.something][V→V][V][Intrg][3Sg]
ungipaghaata	ungipaghagh-~:(ng₁)u[to.be.N][N→V]-~:(u)te[condition.with.respect.to.V-ing][V→N][N][Abs][Unpd][Sg]
ungipaghaata	ungipaghagh-~:(ng₁)u[to.be.N][N→V]-~:(u)ta[condition.with.respect.to.V-ing][V→N][N][Abs][Unpd][Sg]
ungipaghaata	ungipaghagh-~:(ng₁)u[to.be.N][N→V]-te[to.act.on.so.as.to.cause.to.V][V→V][V][Intrg][3Sg]
ungipaghaata	ungipaghagh-~:(u)te[to.V.for.or.with][to.cause.to.V.as.one.is.V-ing][to.V.toward.each.other][V→V][V][Intrg][3Sg]
ungipaghaata	ungipaghagh-~:(u)te[SBJ.V-ed.something][V→V][V][Intrg][3Sg]
ungipaghaata	ungipaghagh-~:(u)te[condition.with.respect.to.V-ing][V→N][N][Abs][Unpd][Sg]
ungipaghaata	ungipaghagh-~:(u)ta[condition.with.respect.to.V-ing][V→N][N][Abs][Unpd][Sg]

igaqegkaa	+?

provideniyami	+?

------------------------


	

------------------------
Alghalgem ungipaghatngi 23-31-nguut ukuni igani.

alghalgem	+?

ungipaghatngi	+?

2331nguut	+?

ukuni	+?

igani	igagh[N][Abs][4SgPoss][SgPosd]
igani	igagh[N][Abs][4SgPoss][PlPosd]
igani	igagh[N][Loc][Unpd][Pl]

------------------------


	

------------------------
5. Nanughhaq (1911-1990?).

5	+?

nanughhaq	nanugh*-–ghhagh*[dear.N][N→N][N][Abs][Unpd][Sg]

19111990	+?

------------------------
Ungazimi allgeqaq.

ungazimi	Ungazigh[N][Loc][Unpd][Sg]
ungazimi	Ungazigh[N][Rel][4SgPoss][SgPosd]
ungazimi	Ungazigh[N][Rel][4SgPoss][PlPosd]

allgeqaq	+?

------------------------
Igallgilnguq atightullgilnguq natengiighhaq Ruuseghmiitikayuk.

igallgilnguq	+?

atightullgilnguq	+?

natengiighhaq	+?

ruuseghmiitikayuk	Ruuseghmii-te[to.catch.N][to.go.to.N][N→V]-~i[SBJ.V-ed.something][V→V]-~–kayuk[one.who.is.able.to.V][V→N][N][Abs][Unpd][Sg]
ruuseghmiitikayuk	Ruuseghmii-ti[to.speak.the.language.of.N][N→V]-~–kayuk[one.who.is.able.to.V][V→N][N][Abs][Unpd][Sg]

------------------------
4 year-nguluni ayaakaq trachomaluni.

4	+?

yearnguluni	+?

ayaakaq	+?

trachomaluni	+?

------------------------
Nanughhaam uglaq ungipaghaata ama ilaagaata liisimaksaghaa, enkaam ungipaghaallegllaguyalghii.

nanughhaam	nanugh*-–ghhagh*[dear.N][N→N][N][Rel][Unpd][Sg]

uglaq	+?

ungipaghaata	ungipaghagh-~:(ng₁)u[to.be.N][N→V]-~:(u)te[to.V.for.or.with][to.cause.to.V.as.one.is.V-ing][to.V.toward.each.other][V→V][V][Intrg][3Sg]
ungipaghaata	ungipaghagh-~:(ng₁)u[to.be.N][N→V]-~:(u)te[SBJ.V-ed.something][V→V][V][Intrg][3Sg]
ungipaghaata	ungipaghagh-~:(ng₁)u[to.be.N][N→V]-~:(u)te[condition.with.respect.to.V-ing][V→N][N][Abs][Unpd][Sg]
ungipaghaata	ungipaghagh-~:(ng₁)u[to.be.N][N→V]-~:(u)ta[condition.with.respect.to.V-ing][V→N][N][Abs][Unpd][Sg]
ungipaghaata	ungipaghagh-~:(ng₁)u[to.be.N][N→V]-te[to.act.on.so.as.to.cause.to.V][V→V][V][Intrg][3Sg]
ungipaghaata	ungipaghagh-~:(u)te[to.V.for.or.with][to.cause.to.V.as.one.is.V-ing][to.V.toward.each.other][V→V][V][Intrg][3Sg]
ungipaghaata	ungipaghagh-~:(u)te[SBJ.V-ed.something][V→V][V][Intrg][3Sg]
ungipaghaata	ungipaghagh-~:(u)te[condition.with.respect.to.V-ing][V→N][N][Abs][Unpd][Sg]
ungipaghaata	ungipaghagh-~:(u)ta[condition.with.respect.to.V-ing][V→N][N][Abs][Unpd][Sg]

ama	ama

ilaagaata	+?

liisimaksaghaa	liisimake-@₁~fyagh[to.go.V-ing][to.V.in.vain][V→V][V][Ind][3Sg][3Sg]
liisimaksaghaa	liisimake-te[to.act.on.so.as.to.cause.to.V][V→V]-@₁~fyagh[to.go.V-ing][to.V.in.vain][V→V][V][Ind][3Sg][3Sg]

enkaam	enkaam

ungipaghaallegllaguyalghii	+?

------------------------
Ungipaghaatngi ilaagaatmeng ilatkat.

ungipaghaatngi	ungipaghagh-~:(ng₁)u[to.be.N][N→V]-~:(u)te[condition.with.respect.to.V-ing][V→N][N][Abs][3SgPoss][PlPosd]
ungipaghaatngi	ungipaghagh-~:(u)te[condition.with.respect.to.V-ing][V→N][N][Abs][3SgPoss][PlPosd]

ilaagaatmeng	+?

ilatkat	+?

------------------------
15 imgipaghatet allgeghquqat Nanughhaghmeng.

15	+?

imgipaghatet	+?

allgeghquqat	+?

nanughhaghmeng	nanugh*-–ghhagh*[dear.N][N→N][N][Rel][4DuPoss][SgPosd]
nanughhaghmeng	nanugh*-–ghhagh*[dear.N][N→N][N][Rel][4DuPoss][PlPosd]
nanughhaghmeng	nanugh*-–ghhagh*[dear.N][N→N][N][Rel][4PlPoss][SgPosd]
nanughhaghmeng	nanugh*-–ghhagh*[dear.N][N→N][N][Rel][4PlPoss][PlPosd]
nanughhaghmeng	nanugh*-–ghhagh*[dear.N][N→N][N][Abl_Mod][Unpd][Sg]

------------------------


	

------------------------
Nanughhaam ukunun iganun ilatkat 3234-nguut.

nanughhaam	nanugh*-–ghhagh*[dear.N][N→N][N][Rel][Unpd][Sg]

ukunun	+?

iganun	igagh[N][Ter][Unpd][Pl]

ilatkat	+?

3234nguut	+?

------------------------


	

------------------------
6. Valentina Viri (Wiri) (1942-mi allgeqaq).

6	+?

valentina	+?

viri	+?

wiri	+?

1942mi	+?

allgeqaq	+?

------------------------
Imtugmii Sighinegmeng.

imtugmii	+?

sighinegmeng	+?

------------------------
Liitngwaaqaq Ruuseghmiitellegllalghii.

liitngwaaqaq	+?

ruuseghmiitellegllalghii	+?

------------------------
Ima aghnaaghaghhaatmineng nagatngwaaqaq, ungipaghaatkegkii igaquqii ungipaghaatet.

ima	ima

aghnaaghaghhaatmineng	+?

nagatngwaaqaq	+?

ungipaghaatkegkii	ungipaghagh-~:(ng₁)u[to.be.N][N→V]-~:(u)te[condition.with.respect.to.V-ing][V→N]-~–ke[to.have.as.one's.N(s)][N→V]-~sf–(g₃)kau[to.have.V-ed][to.have.been.V-ed][V→V]-~i[SBJ.V-ed.something][V→V]-~i[SBJ.V-ed.something][V→V][V][Opt][PRS][2Sg]
ungipaghaatkegkii	ungipaghagh-~:(ng₁)u[to.be.N][N→V]-~:(u)te[condition.with.respect.to.V-ing][V→N]-~–ke[to.have.as.one's.N(s)][N→V]-~sf–(g₃)kau[to.have.V-ed][to.have.been.V-ed][V→V]-~i[SBJ.V-ed.something][V→V][V][Opt][PRS][2Sg]
ungipaghaatkegkii	ungipaghagh-~:(u)te[condition.with.respect.to.V-ing][V→N]-~–ke[to.have.as.one's.N(s)][N→V]-~sf–(g₃)kau[to.have.V-ed][to.have.been.V-ed][V→V]-~i[SBJ.V-ed.something][V→V]-~i[SBJ.V-ed.something][V→V]-~i[SBJ.V-ed.something][V→V][V][Opt][PRS][2Sg]
ungipaghaatkegkii	ungipaghagh-~:(u)te[condition.with.respect.to.V-ing][V→N]-~–ke[to.have.as.one's.N(s)][N→V]-~sf–(g₃)kau[to.have.V-ed][to.have.been.V-ed][V→V]-~i[SBJ.V-ed.something][V→V]-~i[SBJ.V-ed.something][V→V][V][Opt][PRS][2Sg]
ungipaghaatkegkii	ungipaghagh-~:(u)te[condition.with.respect.to.V-ing][V→N]-~–ke[to.have.as.one's.N(s)][N→V]-~sf–(g₃)kau[to.have.V-ed][to.have.been.V-ed][V→V]-~i[SBJ.V-ed.something][V→V][V][Opt][PRS][2Sg]

igaquqii	+?

ungipaghaatet	ungipaghagh-~:(ng₁)u[to.be.N][N→V]-~:(u)te[condition.with.respect.to.V-ing][V→N][N][Abs][Unpd][Pl]
ungipaghaatet	ungipaghagh-~:(ng₁)u[to.be.N][N→V]-~:(u)te[condition.with.respect.to.V-ing][V→N][N][Rel][Unpd][Pl]
ungipaghaatet	ungipaghagh-~:(u)te[condition.with.respect.to.V-ing][V→N][N][Abs][Unpd][Pl]
ungipaghaatet	ungipaghagh-~:(u)te[condition.with.respect.to.V-ing][V→N][N][Rel][Unpd][Pl]

------------------------


	

------------------------
Ukuni igani ungipaghaatnga Pista 35-nguuq.

ukuni	+?

igani	igagh[N][Abs][4SgPoss][SgPosd]
igani	igagh[N][Abs][4SgPoss][PlPosd]
igani	igagh[N][Loc][Unpd][Pl]

ungipaghaatnga	ungipaghaate[V][CnsqI][4Sg][3Pl]
ungipaghaatnga	ungipaghaate[V][CnsqI][4Pl][3Pl]
ungipaghaatnga	ungipaghaate[V][CnsqI][4Du][3Pl]
ungipaghaatnga	ungipaghagh-~:(ng₁)u[to.be.N][N→V]-~:(u)te[condition.with.respect.to.V-ing][V→N][N][Abs][3SgPoss][SgPosd]
ungipaghaatnga	ungipaghagh-~:(u)te[condition.with.respect.to.V-ing][V→N][N][Abs][3SgPoss][SgPosd]

pista	pi-(te)ste[to.have.make.or.let.one.V][Cmpd_Vbl][V][Intrg][3Sg]
pista	pi[V][Intrg][1Pl]

35nguuq	+?

------------------------
