Meteghlluk Nulightuqaq Ayuqlit Aghniitneng

﻿meteghlluk	+?

nulightuqaq	nulighh-tugh[to.eat.N][to.use.N][N→V]-~sf–(g₃)kaq[one.that.has.V-ed][V→N][N][Abs][Unpd][Sg]
nulightuqaq	nulighh-tuqagh[one.with.lots.of.N][AUG]

ayuqlit	Ayuqligh[N][Abs][Unpd][Pl]
ayuqlit	Ayuqligh[N][Rel][Unpd][Pl]

aghniitneng	aghnagh-~:(ng₁)u[to.be.N][N→V]-~i[SBJ.V-ed.something][V→V]-~i[SBJ.V-ed.something][V→V]-~i[SBJ.V-ed.something][V→V]-~i[SBJ.V-ed.something][V→V]-~:(u)te[condition.with.respect.to.V-ing][V→N][N][Abl_Mod][Unpd][Pl]
aghniitneng	aghnagh-~:(ng₁)u[to.be.N][N→V]-~i[SBJ.V-ed.something][V→V]-~i[SBJ.V-ed.something][V→V]-~i[SBJ.V-ed.something][V→V]-~:(u)te[condition.with.respect.to.V-ing][V→N][N][Abl_Mod][Unpd][Pl]
aghniitneng	aghnagh-~:(ng₁)u[to.be.N][N→V]-~i[SBJ.V-ed.something][V→V]-~i[SBJ.V-ed.something][V→V]-~:(u)te[condition.with.respect.to.V-ing][V→N][N][Abl_Mod][Unpd][Pl]
aghniitneng	aghnagh-~:(ng₁)u[to.be.N][N→V]-~i[SBJ.V-ed.something][V→V]-~:(u)te[condition.with.respect.to.V-ing][V→N][N][Abl_Mod][Unpd][Pl]
aghniitneng	aghnagh[N][Abl_Mod][3DuPoss][PlPosd]
aghniitneng	aghnagh[N][Abl_Mod][3DuPoss][DuPosd]
aghniitneng	aghnagh[N][Abl_Mod][3PlPoss][SgPosd]
aghniitneng	aghnagh[N][Abl_Mod][3PlPoss][PlPosd]
aghniitneng	aghnagh[N][Abl_Mod][3PlPoss][DuPosd]

------------------------


	

------------------------
Iimnanguq, kiyaghsimaat tallimat mengteghat.

iimnanguq	+?

kiyaghsimaat	kiyaghte-@₁~:(i/u)ma[to.have.V-ed][to.have.been.V-ed][V→V][V][Intrg][3Pl]
kiyaghsimaat	kiyaghte-@₁~:(i/u)ma[to.have.V-ed][to.have.been.V-ed][V→V][V][Ind][3Pl]

tallimat	+?

mengteghat	+?

------------------------
Taakut mengteghat yugi anglegutkullghiit.

taakut	taake[V][Ind][3Pl]

mengteghat	+?

yugi	yug[N][Abs][3SgPoss][PlPosd]

anglegutkullghiit	anglegute-~–ke[to.have.as.one's.N(s)][N→V]-~:(u)te[to.V.for.or.with][to.cause.to.V.as.one.is.V-ing][to.V.toward.each.other][V→V]-@₁–lghii[the.one.that.V-ed][the.one.that.is.V][V→N][N][Abs][Unpd][Pl]
anglegutkullghiit	anglegute-~–ke[to.have.as.one's.N(s)][N→V]-~:(u)te[to.V.for.or.with][to.cause.to.V.as.one.is.V-ing][to.V.toward.each.other][V→V]-@₁–lghii[the.one.that.V-ed][the.one.that.is.V][V→N][N][Rel][Unpd][Pl]
anglegutkullghiit	anglegute-~–ke[to.have.as.one's.N(s)][N→V]-~:(u)te[to.V.for.or.with][to.cause.to.V.as.one.is.V-ing][to.V.toward.each.other][V→V]-te[to.act.on.so.as.to.cause.to.V][V→V]-@₁–lghii[the.one.that.V-ed][the.one.that.is.V][V→N][N][Abs][Unpd][Pl]
anglegutkullghiit	anglegute-~–ke[to.have.as.one's.N(s)][N→V]-~:(u)te[to.V.for.or.with][to.cause.to.V.as.one.is.V-ing][to.V.toward.each.other][V→V]-te[to.act.on.so.as.to.cause.to.V][V→V]-@₁–lghii[the.one.that.V-ed][the.one.that.is.V][V→N][N][Rel][Unpd][Pl]
anglegutkullghiit	anglegute-~–ke[to.have.as.one's.N(s)][N→V]-~:(u)te[to.V.for.or.with][to.cause.to.V.as.one.is.V-ing][to.V.toward.each.other][V→V]-te[to.act.on.so.as.to.cause.to.V][V→V]-te[to.act.on.so.as.to.cause.to.V][V→V]-@₁–lghii[the.one.that.V-ed][the.one.that.is.V][V→N][N][Abs][Unpd][Pl]
anglegutkullghiit	anglegute-~–ke[to.have.as.one's.N(s)][N→V]-~:(u)te[to.V.for.or.with][to.cause.to.V.as.one.is.V-ing][to.V.toward.each.other][V→V]-te[to.act.on.so.as.to.cause.to.V][V→V]-te[to.act.on.so.as.to.cause.to.V][V→V]-@₁–lghii[the.one.that.V-ed][the.one.that.is.V][V→N][N][Rel][Unpd][Pl]
anglegutkullghiit	anglegute-~–ke[to.have.as.one's.N(s)][N→V]-~:(u)te[to.V.for.or.with][to.cause.to.V.as.one.is.V-ing][to.V.toward.each.other][V→V]-te[to.act.on.so.as.to.cause.to.V][V→V]-te[to.act.on.so.as.to.cause.to.V][V→V][V][Ptcp][3Pl]
anglegutkullghiit	anglegute-~–ke[to.have.as.one's.N(s)][N→V]-~:(u)te[to.V.for.or.with][to.cause.to.V.as.one.is.V-ing][to.V.toward.each.other][V→V]-te[to.act.on.so.as.to.cause.to.V][V→V][V][Ptcp][3Pl]
anglegutkullghiit	anglegute-~–ke[to.have.as.one's.N(s)][N→V]-~:(u)te[to.V.for.or.with][to.cause.to.V.as.one.is.V-ing][to.V.toward.each.other][V→V][V][Ptcp][3Pl]
anglegutkullghiit	anglegute-~–ke[to.have.as.one's.N(s)][N→V]-~:(u)te[condition.with.respect.to.V-ing][V→N]-te[to.catch.N][to.go.to.N][N→V]-@₁–lghii[the.one.that.V-ed][the.one.that.is.V][V→N][N][Abs][Unpd][Pl]
anglegutkullghiit	anglegute-~–ke[to.have.as.one's.N(s)][N→V]-~:(u)te[condition.with.respect.to.V-ing][V→N]-te[to.catch.N][to.go.to.N][N→V]-@₁–lghii[the.one.that.V-ed][the.one.that.is.V][V→N][N][Rel][Unpd][Pl]
anglegutkullghiit	anglegute-~–ke[to.have.as.one's.N(s)][N→V]-~:(u)te[condition.with.respect.to.V-ing][V→N]-te[to.catch.N][to.go.to.N][N→V]-te[to.act.on.so.as.to.cause.to.V][V→V]-@₁–lghii[the.one.that.V-ed][the.one.that.is.V][V→N][N][Abs][Unpd][Pl]
anglegutkullghiit	anglegute-~–ke[to.have.as.one's.N(s)][N→V]-~:(u)te[condition.with.respect.to.V-ing][V→N]-te[to.catch.N][to.go.to.N][N→V]-te[to.act.on.so.as.to.cause.to.V][V→V]-@₁–lghii[the.one.that.V-ed][the.one.that.is.V][V→N][N][Rel][Unpd][Pl]
anglegutkullghiit	anglegute-~–ke[to.have.as.one's.N(s)][N→V]-~:(u)te[condition.with.respect.to.V-ing][V→N]-te[to.catch.N][to.go.to.N][N→V]-te[to.act.on.so.as.to.cause.to.V][V→V][V][Ptcp][3Pl]
anglegutkullghiit	anglegute-~–ke[to.have.as.one's.N(s)][N→V]-~:(u)te[condition.with.respect.to.V-ing][V→N]-te[to.catch.N][to.go.to.N][N→V][V][Ptcp][3Pl]
anglegutkullghiit	anglegute-~–ke[to.have.as.one's.N(s)][N→V]-~:(u)te[SBJ.V-ed.something][V→V]-@₁–lghii[the.one.that.V-ed][the.one.that.is.V][V→N][N][Abs][Unpd][Pl]
anglegutkullghiit	anglegute-~–ke[to.have.as.one's.N(s)][N→V]-~:(u)te[SBJ.V-ed.something][V→V]-@₁–lghii[the.one.that.V-ed][the.one.that.is.V][V→N][N][Rel][Unpd][Pl]
anglegutkullghiit	anglegute-~–ke[to.have.as.one's.N(s)][N→V]-~:(u)te[SBJ.V-ed.something][V→V]-te[to.act.on.so.as.to.cause.to.V][V→V]-@₁–lghii[the.one.that.V-ed][the.one.that.is.V][V→N][N][Abs][Unpd][Pl]
anglegutkullghiit	anglegute-~–ke[to.have.as.one's.N(s)][N→V]-~:(u)te[SBJ.V-ed.something][V→V]-te[to.act.on.so.as.to.cause.to.V][V→V]-@₁–lghii[the.one.that.V-ed][the.one.that.is.V][V→N][N][Rel][Unpd][Pl]
anglegutkullghiit	anglegute-~–ke[to.have.as.one's.N(s)][N→V]-~:(u)te[SBJ.V-ed.something][V→V]-te[to.act.on.so.as.to.cause.to.V][V→V]-te[to.act.on.so.as.to.cause.to.V][V→V]-@₁–lghii[the.one.that.V-ed][the.one.that.is.V][V→N][N][Abs][Unpd][Pl]
anglegutkullghiit	anglegute-~–ke[to.have.as.one's.N(s)][N→V]-~:(u)te[SBJ.V-ed.something][V→V]-te[to.act.on.so.as.to.cause.to.V][V→V]-te[to.act.on.so.as.to.cause.to.V][V→V]-@₁–lghii[the.one.that.V-ed][the.one.that.is.V][V→N][N][Rel][Unpd][Pl]
anglegutkullghiit	anglegute-~–ke[to.have.as.one's.N(s)][N→V]-~:(u)te[SBJ.V-ed.something][V→V]-te[to.act.on.so.as.to.cause.to.V][V→V]-te[to.act.on.so.as.to.cause.to.V][V→V][V][Ptcp][3Pl]
anglegutkullghiit	anglegute-~–ke[to.have.as.one's.N(s)][N→V]-~:(u)te[SBJ.V-ed.something][V→V]-te[to.act.on.so.as.to.cause.to.V][V→V][V][Ptcp][3Pl]
anglegutkullghiit	anglegute-~–ke[to.have.as.one's.N(s)][N→V]-~:(u)te[SBJ.V-ed.something][V→V][V][Ptcp][3Pl]

------------------------
Naqam kelulighneghhitni kiyaghlleghhiik meteghllugenkuk nengyuqutalghiik.

naqam	naqam

kelulighneghhitni	+?

kiyaghlleghhiik	kiyaghte-@₁–lghii[the.one.that.V-ed][the.one.that.is.V][V→N][N][Abs][Unpd][Du]
kiyaghlleghhiik	kiyaghte-@₁–lghii[the.one.that.V-ed][the.one.that.is.V][V→N][N][Rel][Unpd][Du]
kiyaghlleghhiik	kiyaghte[V][Ptcp][3Du]

meteghllugenkuk	meteghllug-~sf-w:(e)nkuk[N.and.partner.or.spouse][N→N][N][Abs][Unpd][Sg]

nengyuqutalghiik	+?

------------------------


	

------------------------
Ilangani nuyekliimpaniga meghtaamalghii.

ilangani	ila[N][Loc][3SgPoss][SgPosd]
ilangani	ila[N][Loc][3SgPoss][PlPosd]
ilangani	ilangani

nuyekliimpaniga	+?

meghtaamalghii	meghtagh-@₁~:(i/u)ma[to.have.V-ed][to.have.been.V-ed][V→V]-@₁–lghii[the.one.that.V-ed][the.one.that.is.V][V→N][N][Abs][Unpd][Sg]
meghtaamalghii	meghtagh-@₁~:(i/u)ma[to.have.V-ed][to.have.been.V-ed][V→V][V][Ptcp][3Sg]

------------------------
Imighimaluku meteghlluk kaasimalghii.

imighimaluku	+?

meteghlluk	meteghllug[N][Abs][Unpd][Sg]

kaasimalghii	kaate-@₁~:(i/u)ma[to.have.V-ed][to.have.been.V-ed][V→V]-@₁–lghii[the.one.that.V-ed][the.one.that.is.V][V→N][N][Abs][Unpd][Sg]
kaasimalghii	kaate-@₁~:(i/u)ma[to.have.V-ed][to.have.been.V-ed][V→V][V][Ptcp][3Sg]

------------------------
Meteghllugempimakanga, "Meqpakpayay, meqpakpayay!"

meteghllugempimakanga	+?

meqpakpayay	+?

meqpakpayay	+?

------------------------
Llaaghanwha aghnaghaam meghsimakanga.

llaaghanwha	+?

aghnaghaam	aghnaghagh*[N][Rel][Unpd][Sg]

meghsimakanga	megh-te[to.act.on.so.as.to.cause.to.V][V→V]-@₁~:(i/u)ma[to.have.V-ed][to.have.been.V-ed][V→V]-@*@₂~sf–(g₂)k(a)e[the.one.that.possessor.V-ed][V→N][N][Abs][3SgPoss][SgPosd]
meghsimakanga	megh-te[to.act.on.so.as.to.cause.to.V][V→V]-@₁~:(i/u)ma[to.have.V-ed][to.have.been.V-ed][V→V][V][Ptcp][3Sg][3Sg]
meghsimakanga	megh-te[to.act.on.so.as.to.cause.to.V][V→V]-@₁~:(i/u)ma[to.have.V-ed][to.have.been.V-ed][V→V][V][Cond][3Sg][1Sg]
meghsimakanga	megh-te[to.catch.N][to.go.to.N][N→V]-@₁~:(i/u)ma[to.have.V-ed][to.have.been.V-ed][V→V]-@*@₂~sf–(g₂)k(a)e[the.one.that.possessor.V-ed][V→N][N][Abs][3SgPoss][SgPosd]

------------------------
Meteghlluk meghnaqsalghiimi meq nunamun kuuvumakanga.

meteghlluk	meteghllug[N][Abs][Unpd][Sg]

meghnaqsalghiimi	megh-@₁~fnaqe[to.be.going.to.V][V→V]-@₁~fyagh[to.go.V-ing][to.V.in.vain][V→V]-@₁–lghii[the.one.that.V-ed][the.one.that.is.V][V→N][N][Loc][Unpd][Sg]
meghnaqsalghiimi	megh-@₁~fnaqe[to.be.going.to.V][V→V]-@₁~fyagh[to.go.V-ing][to.V.in.vain][V→V]-@₁–lghii[the.one.that.V-ed][the.one.that.is.V][V→N][N][Rel][4SgPoss][SgPosd]
meghnaqsalghiimi	megh-@₁~fnaqe[to.be.going.to.V][V→V]-@₁~fyagh[to.go.V-ing][to.V.in.vain][V→V]-@₁–lghii[the.one.that.V-ed][the.one.that.is.V][V→N][N][Rel][4SgPoss][PlPosd]
meghnaqsalghiimi	megh-@₁~fnaqe[to.be.going.to.V][V→V]-te[to.act.on.so.as.to.cause.to.V][V→V]-@₁~fyagh[to.go.V-ing][to.V.in.vain][V→V]-@₁–lghii[the.one.that.V-ed][the.one.that.is.V][V→N][N][Loc][Unpd][Sg]
meghnaqsalghiimi	megh-@₁~fnaqe[to.be.going.to.V][V→V]-te[to.act.on.so.as.to.cause.to.V][V→V]-@₁~fyagh[to.go.V-ing][to.V.in.vain][V→V]-@₁–lghii[the.one.that.V-ed][the.one.that.is.V][V→N][N][Rel][4SgPoss][SgPosd]
meghnaqsalghiimi	megh-@₁~fnaqe[to.be.going.to.V][V→V]-te[to.act.on.so.as.to.cause.to.V][V→V]-@₁~fyagh[to.go.V-ing][to.V.in.vain][V→V]-@₁–lghii[the.one.that.V-ed][the.one.that.is.V][V→N][N][Rel][4SgPoss][PlPosd]
meghnaqsalghiimi	megh-@₁~fnaqe[to.be.going.to.V][V→V]-te[to.act.on.so.as.to.cause.to.V][V→V]-te[to.act.on.so.as.to.cause.to.V][V→V]-@₁~fyagh[to.go.V-ing][to.V.in.vain][V→V]-@₁–lghii[the.one.that.V-ed][the.one.that.is.V][V→N][N][Loc][Unpd][Sg]
meghnaqsalghiimi	megh-@₁~fnaqe[to.be.going.to.V][V→V]-te[to.act.on.so.as.to.cause.to.V][V→V]-te[to.act.on.so.as.to.cause.to.V][V→V]-@₁~fyagh[to.go.V-ing][to.V.in.vain][V→V]-@₁–lghii[the.one.that.V-ed][the.one.that.is.V][V→N][N][Rel][4SgPoss][SgPosd]
meghnaqsalghiimi	megh-@₁~fnaqe[to.be.going.to.V][V→V]-te[to.act.on.so.as.to.cause.to.V][V→V]-te[to.act.on.so.as.to.cause.to.V][V→V]-@₁~fyagh[to.go.V-ing][to.V.in.vain][V→V]-@₁–lghii[the.one.that.V-ed][the.one.that.is.V][V→N][N][Rel][4SgPoss][PlPosd]
meghnaqsalghiimi	megh-@₁~fnaqe[to.be.going.to.V][V→V]-te[to.act.on.so.as.to.cause.to.V][V→V]-te[to.act.on.so.as.to.cause.to.V][V→V][V][Ptcp_Obl][4Sg]
meghnaqsalghiimi	megh-@₁~fnaqe[to.be.going.to.V][V→V]-te[to.act.on.so.as.to.cause.to.V][V→V][V][Ptcp_Obl][4Sg]
meghnaqsalghiimi	megh-@₁~fnaqe[to.be.going.to.V][V→V][V][Ptcp_Obl][4Sg]
meghnaqsalghiimi	meghe-@₁~fnaqe[to.be.going.to.V][V→V]-@₁~fyagh[to.go.V-ing][to.V.in.vain][V→V]-@₁–lghii[the.one.that.V-ed][the.one.that.is.V][V→N][N][Loc][Unpd][Sg]
meghnaqsalghiimi	meghe-@₁~fnaqe[to.be.going.to.V][V→V]-@₁~fyagh[to.go.V-ing][to.V.in.vain][V→V]-@₁–lghii[the.one.that.V-ed][the.one.that.is.V][V→N][N][Rel][4SgPoss][SgPosd]
meghnaqsalghiimi	meghe-@₁~fnaqe[to.be.going.to.V][V→V]-@₁~fyagh[to.go.V-ing][to.V.in.vain][V→V]-@₁–lghii[the.one.that.V-ed][the.one.that.is.V][V→N][N][Rel][4SgPoss][PlPosd]
meghnaqsalghiimi	meghe-@₁~fnaqe[to.be.going.to.V][V→V]-te[to.act.on.so.as.to.cause.to.V][V→V]-@₁~fyagh[to.go.V-ing][to.V.in.vain][V→V]-@₁–lghii[the.one.that.V-ed][the.one.that.is.V][V→N][N][Loc][Unpd][Sg]
meghnaqsalghiimi	meghe-@₁~fnaqe[to.be.going.to.V][V→V]-te[to.act.on.so.as.to.cause.to.V][V→V]-@₁~fyagh[to.go.V-ing][to.V.in.vain][V→V]-@₁–lghii[the.one.that.V-ed][the.one.that.is.V][V→N][N][Rel][4SgPoss][SgPosd]
meghnaqsalghiimi	meghe-@₁~fnaqe[to.be.going.to.V][V→V]-te[to.act.on.so.as.to.cause.to.V][V→V]-@₁~fyagh[to.go.V-ing][to.V.in.vain][V→V]-@₁–lghii[the.one.that.V-ed][the.one.that.is.V][V→N][N][Rel][4SgPoss][PlPosd]
meghnaqsalghiimi	meghe-@₁~fnaqe[to.be.going.to.V][V→V]-te[to.act.on.so.as.to.cause.to.V][V→V]-te[to.act.on.so.as.to.cause.to.V][V→V]-@₁~fyagh[to.go.V-ing][to.V.in.vain][V→V]-@₁–lghii[the.one.that.V-ed][the.one.that.is.V][V→N][N][Loc][Unpd][Sg]
meghnaqsalghiimi	meghe-@₁~fnaqe[to.be.going.to.V][V→V]-te[to.act.on.so.as.to.cause.to.V][V→V]-te[to.act.on.so.as.to.cause.to.V][V→V]-@₁~fyagh[to.go.V-ing][to.V.in.vain][V→V]-@₁–lghii[the.one.that.V-ed][the.one.that.is.V][V→N][N][Rel][4SgPoss][SgPosd]
meghnaqsalghiimi	meghe-@₁~fnaqe[to.be.going.to.V][V→V]-te[to.act.on.so.as.to.cause.to.V][V→V]-te[to.act.on.so.as.to.cause.to.V][V→V]-@₁~fyagh[to.go.V-ing][to.V.in.vain][V→V]-@₁–lghii[the.one.that.V-ed][the.one.that.is.V][V→N][N][Rel][4SgPoss][PlPosd]
meghnaqsalghiimi	meghe-@₁~fnaqe[to.be.going.to.V][V→V]-te[to.act.on.so.as.to.cause.to.V][V→V]-te[to.act.on.so.as.to.cause.to.V][V→V][V][Ptcp_Obl][4Sg]
meghnaqsalghiimi	meghe-@₁~fnaqe[to.be.going.to.V][V→V]-te[to.act.on.so.as.to.cause.to.V][V→V][V][Ptcp_Obl][4Sg]
meghnaqsalghiimi	meghe-@₁~fnaqe[to.be.going.to.V][V→V][V][Ptcp_Obl][4Sg]

meq	megh[N][Abs][Unpd][Sg]

nunamun	nuna[N][Ter][Unpd][Sg]

kuuvumakanga	kuuve-@₁~:(i/u)ma[to.have.V-ed][to.have.been.V-ed][V→V]-@*@₂~sf–(g₂)k(a)e[the.one.that.possessor.V-ed][V→N][N][Abs][3SgPoss][SgPosd]
kuuvumakanga	kuuve-@₁~:(i/u)ma[to.have.V-ed][to.have.been.V-ed][V→V][V][Ptcp][3Sg][3Sg]
kuuvumakanga	kuuve-@₁~:(i/u)ma[to.have.V-ed][to.have.been.V-ed][V→V][V][Cond][3Sg][1Sg]

------------------------
Aghnaghaampimakanga, paatgumaan, "Saa una meq imighutaa piqpigutaa."

aghnaghaampimakanga	+?

paatgumaan	+?

saa	sa[V][Intrg][3Sg]
saa	sa[V][Ind][3Sg][3Sg]

una	una

meq	megh[N][Abs][Unpd][Sg]

imighutaa	+?

piqpigutaa	+?

------------------------
Meteghllugem akisimakanga, "Piyaqtaqpenguyoy, piyaqtelqen taana miqiitiguu!"

meteghllugem	meteghllug[N][Rel][Unpd][Sg]

akisimakanga	aki-te[to.catch.N][to.go.to.N][N→V]-@₁~:(i/u)ma[to.have.V-ed][to.have.been.V-ed][V→V]-@*@₂~sf–(g₂)k(a)e[the.one.that.possessor.V-ed][V→N][N][Abs][3SgPoss][SgPosd]
akisimakanga	akite-@₁~:(i/u)ma[to.have.V-ed][to.have.been.V-ed][V→V]-@*@₂~sf–(g₂)k(a)e[the.one.that.possessor.V-ed][V→N][N][Abs][3SgPoss][SgPosd]
akisimakanga	akite-@₁~:(i/u)ma[to.have.V-ed][to.have.been.V-ed][V→V][V][Ptcp][3Sg][3Sg]
akisimakanga	akite-@₁~:(i/u)ma[to.have.V-ed][to.have.been.V-ed][V→V][V][Cond][3Sg][1Sg]

piyaqtaqpenguyoy	+?

piyaqtelqen	+?

taana	taana

miqiitiguu	+?

------------------------
Aghnaghaam akisimakanga, "Miqiningilak, taskwigu."

aghnaghaam	aghnaghagh*[N][Rel][Unpd][Sg]

akisimakanga	aki-te[to.catch.N][to.go.to.N][N→V]-@₁~:(i/u)ma[to.have.V-ed][to.have.been.V-ed][V→V]-@*@₂~sf–(g₂)k(a)e[the.one.that.possessor.V-ed][V→N][N][Abs][3SgPoss][SgPosd]
akisimakanga	akite-@₁~:(i/u)ma[to.have.V-ed][to.have.been.V-ed][V→V]-@*@₂~sf–(g₂)k(a)e[the.one.that.possessor.V-ed][V→N][N][Abs][3SgPoss][SgPosd]
akisimakanga	akite-@₁~:(i/u)ma[to.have.V-ed][to.have.been.V-ed][V→V][V][Ptcp][3Sg][3Sg]
akisimakanga	akite-@₁~:(i/u)ma[to.have.V-ed][to.have.been.V-ed][V→V][V][Cond][3Sg][1Sg]

miqiningilak	+?

taskwigu	+?

------------------------
Aghnaghaq atghaamalghii ama meteghlluk ellmeggnun taglaamalghii.

aghnaghaq	aghnaghagh*[N][Abs][Unpd][Sg]

atghaamalghii	atghagh-@₁~:(i/u)ma[to.have.V-ed][to.have.been.V-ed][V→V]-@₁–lghii[the.one.that.V-ed][the.one.that.is.V][V→N][N][Abs][Unpd][Sg]
atghaamalghii	atghagh-@₁~:(i/u)ma[to.have.V-ed][to.have.been.V-ed][V→V][V][Ptcp][3Sg]

ama	ama

meteghlluk	meteghllug[N][Abs][Unpd][Sg]

ellmeggnun	ellmeggnun

taglaamalghii	taglagh-@₁~:(i/u)ma[to.have.V-ed][to.have.been.V-ed][V→V]-@₁–lghii[the.one.that.V-ed][the.one.that.is.V][V→N][N][Abs][Unpd][Sg]
taglaamalghii	taglagh-@₁~:(i/u)ma[to.have.V-ed][to.have.been.V-ed][V→V][V][Ptcp][3Sg]

------------------------


	

------------------------
Meteghlluk kaalluni nengyuni pimakanga, "Ukaanguten ukaaghen aqfaqughhu."

meteghlluk	meteghllug[N][Abs][Unpd][Sg]

kaalluni	kaate[V][Sbrd][3Sg]

nengyuni	nengyugh*[N][Abs][4SgPoss][SgPosd]
nengyuni	nengyugh*[N][Abs][4SgPoss][PlPosd]

pimakanga	pi-@₁~:(i/u)ma[to.have.V-ed][to.have.been.V-ed][V→V]-@*@₂~sf–(g₂)k(a)e[the.one.that.possessor.V-ed][V→N][N][Abs][3SgPoss][SgPosd]
pimakanga	pi-@₁~:(i/u)ma[to.have.V-ed][to.have.been.V-ed][V→V][V][Ptcp][3Sg][3Sg]
pimakanga	pi-@₁~:(i/u)ma[to.have.V-ed][to.have.been.V-ed][V→V][V][Cond][3Sg][1Sg]

ukaanguten	+?

ukaaghen	+?

aqfaqughhu	aqfa-te[to.act.on.so.as.to.cause.to.V][V→V]-@₁qugh[to.V.completely][V][Opt][PRS][2Sg][3Sg]
aqfaqughhu	aqfa-~:(u)te[to.V.for.or.with][to.cause.to.V.as.one.is.V-ing][to.V.toward.each.other][V→V]-te[to.act.on.so.as.to.cause.to.V][V→V]-@₁qugh[to.V.completely][V][Opt][PRS][2Sg][3Sg]
aqfaqughhu	aqfa-~:(u)te[to.V.for.or.with][to.cause.to.V.as.one.is.V-ing][to.V.toward.each.other][V→V]-@₁qugh[to.V.completely][V][Opt][PRS][2Sg][3Sg]
aqfaqughhu	aqfa-@₁qugh[to.V.completely][V][Opt][PRS][2Sg][3Sg]

------------------------
Aghnalqwaaghhaq aanluni mengteghanun sivulighpigaghnun kaalluni iitghumalghii.

aghnalqwaaghhaq	aghnalqwaagh-–ghhagh*[dear.N][N→N][N][Abs][Unpd][Sg]

aanluni	aane[V][Sbrd][3Sg]

mengteghanun	+?

sivulighpigaghnun	+?

kaalluni	kaate[V][Sbrd][3Sg]

iitghumalghii	itegh-@₁~:(i/u)ma[to.have.V-ed][to.have.been.V-ed][V→V]-@₁–lghii[the.one.that.V-ed][the.one.that.is.V][V→N][N][Abs][Unpd][Sg]
iitghumalghii	itegh-@₁~:(i/u)ma[to.have.V-ed][to.have.been.V-ed][V→V][V][Ptcp][3Sg]

------------------------
Iteghyan aapsimakangat, "Saaqsin?"

iteghyan	itegh[V][CnsqI][3Sg]

aapsimakangat	aapte-@₁~:(i/u)ma[to.have.V-ed][to.have.been.V-ed][V→V]-@*@₂~sf–(g₂)k(a)e[the.one.that.possessor.V-ed][V→N][N][Abs][3PlPoss][SgPosd]
aapsimakangat	aapte-@₁~:(i/u)ma[to.have.V-ed][to.have.been.V-ed][V→V][V][Ptcp][3Pl][3Sg]

saaqsin	sa-~(g₁)aqe[to.be.V.ing][to.regularly.or.repeatedly.V][V→V][V][Intrg][2Sg]

------------------------
Aghnalqwaaghem akisimakanga, "Eltughaghma ukaangnilunga piyaghaanga."

aghnalqwaaghem	aghnalqwaagh[N][Rel][Unpd][Sg]

akisimakanga	aki-te[to.catch.N][to.go.to.N][N→V]-@₁~:(i/u)ma[to.have.V-ed][to.have.been.V-ed][V→V]-@*@₂~sf–(g₂)k(a)e[the.one.that.possessor.V-ed][V→N][N][Abs][3SgPoss][SgPosd]
akisimakanga	akite-@₁~:(i/u)ma[to.have.V-ed][to.have.been.V-ed][V→V]-@*@₂~sf–(g₂)k(a)e[the.one.that.possessor.V-ed][V→N][N][Abs][3SgPoss][SgPosd]
akisimakanga	akite-@₁~:(i/u)ma[to.have.V-ed][to.have.been.V-ed][V→V][V][Ptcp][3Sg][3Sg]
akisimakanga	akite-@₁~:(i/u)ma[to.have.V-ed][to.have.been.V-ed][V→V][V][Cond][3Sg][1Sg]

eltughaghma	eltughagh*[N][Rel][1SgPoss][SgPosd]
eltughaghma	eltughagh*[N][Rel][1SgPoss][PlPosd]

ukaangnilunga	+?

piyaghaanga	pi-@₁~fyagh[to.go.V-ing][to.V.in.vain][V→V][V][Ind][3Sg][1Sg]
piyaghaanga	pi-~:(u)te[to.V.for.or.with][to.cause.to.V.as.one.is.V-ing][to.V.toward.each.other][V→V]-@₁~fyagh[to.go.V-ing][to.V.in.vain][V→V][V][Ind][3Sg][1Sg]

------------------------
Yugem llilasimakanga ngepeghakun savigmeng pilagesqelluku.

yugem	yug[N][Rel][Unpd][Sg]

llilasimakanga	+?

ngepeghakun	+?

savigmeng	savig[N][Rel][4DuPoss][SgPosd]
savigmeng	savig[N][Rel][4DuPoss][PlPosd]
savigmeng	savig[N][Rel][4PlPoss][SgPosd]
savigmeng	savig[N][Rel][4PlPoss][PlPosd]
savigmeng	savig[N][Abl_Mod][Unpd][Sg]

pilagesqelluku	+?

------------------------
Pilagumakangat.

pilagumakangat	+?

------------------------
Aglaamalghii.

aglaamalghii	aglagh-@₁~:(i/u)ma[to.have.V-ed][to.have.been.V-ed][V→V]-@₁–lghii[the.one.that.V-ed][the.one.that.is.V][V→N][N][Abs][Unpd][Sg]
aglaamalghii	aglagh-@₁~:(i/u)ma[to.have.V-ed][to.have.been.V-ed][V→V][V][Ptcp][3Sg]

------------------------
Kaalluni iitghumalghii.

kaalluni	kaate[V][Sbrd][3Sg]

iitghumalghii	itegh-@₁~:(i/u)ma[to.have.V-ed][to.have.been.V-ed][V→V]-@₁–lghii[the.one.that.V-ed][the.one.that.is.V][V→N][N][Abs][Unpd][Sg]
iitghumalghii	itegh-@₁~:(i/u)ma[to.have.V-ed][to.have.been.V-ed][V→V][V][Ptcp][3Sg]

------------------------


	

------------------------
Unaami uyuqliim yugem paniga meghtaamalghii.

unaami	unaami[N][Abs][Unpd][Sg]

uyuqliim	+?

yugem	yug[N][Rel][Unpd][Sg]

paniga	panig[N][Abs][3SgPoss][SgPosd]

meghtaamalghii	meghtagh-@₁~:(i/u)ma[to.have.V-ed][to.have.been.V-ed][V→V]-@₁–lghii[the.one.that.V-ed][the.one.that.is.V][V→N][N][Abs][Unpd][Sg]
meghtaamalghii	meghtagh-@₁~:(i/u)ma[to.have.V-ed][to.have.been.V-ed][V→V][V][Ptcp][3Sg]

------------------------
Imighimaluku kaasimalghii megheghlluk ighivgaghtaq.

imighimaluku	+?

kaasimalghii	kaate-@₁~:(i/u)ma[to.have.V-ed][to.have.been.V-ed][V→V]-@₁–lghii[the.one.that.V-ed][the.one.that.is.V][V→N][N][Abs][Unpd][Sg]
kaasimalghii	kaate-@₁~:(i/u)ma[to.have.V-ed][to.have.been.V-ed][V→V][V][Ptcp][3Sg]

megheghlluk	+?

ighivgaghtaq	+?

------------------------
Meteghllugem pimakanga, "Meqpakpayay, meqpakpayay!"

meteghllugem	meteghllug[N][Rel][Unpd][Sg]

pimakanga	pi-@₁~:(i/u)ma[to.have.V-ed][to.have.been.V-ed][V→V]-@*@₂~sf–(g₂)k(a)e[the.one.that.possessor.V-ed][V→N][N][Abs][3SgPoss][SgPosd]
pimakanga	pi-@₁~:(i/u)ma[to.have.V-ed][to.have.been.V-ed][V→V][V][Ptcp][3Sg][3Sg]
pimakanga	pi-@₁~:(i/u)ma[to.have.V-ed][to.have.been.V-ed][V→V][V][Cond][3Sg][1Sg]

meqpakpayay	+?

meqpakpayay	+?

------------------------
Llaaghanwha meghsimakanga.

llaaghanwha	+?

meghsimakanga	megh-te[to.act.on.so.as.to.cause.to.V][V→V]-@₁~:(i/u)ma[to.have.V-ed][to.have.been.V-ed][V→V]-@*@₂~sf–(g₂)k(a)e[the.one.that.possessor.V-ed][V→N][N][Abs][3SgPoss][SgPosd]
meghsimakanga	megh-te[to.act.on.so.as.to.cause.to.V][V→V]-@₁~:(i/u)ma[to.have.V-ed][to.have.been.V-ed][V→V][V][Ptcp][3Sg][3Sg]
meghsimakanga	megh-te[to.act.on.so.as.to.cause.to.V][V→V]-@₁~:(i/u)ma[to.have.V-ed][to.have.been.V-ed][V→V][V][Cond][3Sg][1Sg]
meghsimakanga	megh-te[to.catch.N][to.go.to.N][N→V]-@₁~:(i/u)ma[to.have.V-ed][to.have.been.V-ed][V→V]-@*@₂~sf–(g₂)k(a)e[the.one.that.possessor.V-ed][V→N][N][Abs][3SgPoss][SgPosd]

------------------------
Taawanginaq kuuvumakanga.

taawanginaq	+?

kuuvumakanga	kuuve-@₁~:(i/u)ma[to.have.V-ed][to.have.been.V-ed][V→V]-@*@₂~sf–(g₂)k(a)e[the.one.that.possessor.V-ed][V→N][N][Abs][3SgPoss][SgPosd]
kuuvumakanga	kuuve-@₁~:(i/u)ma[to.have.V-ed][to.have.been.V-ed][V→V][V][Ptcp][3Sg][3Sg]
kuuvumakanga	kuuve-@₁~:(i/u)ma[to.have.V-ed][to.have.been.V-ed][V→V][V][Cond][3Sg][1Sg]

------------------------
Aghnaghaam pimakanga, paatgumaan, "Saa una meq imnghuta piqpigutaa."

aghnaghaam	aghnaghagh*[N][Rel][Unpd][Sg]

pimakanga	pi-@₁~:(i/u)ma[to.have.V-ed][to.have.been.V-ed][V→V]-@*@₂~sf–(g₂)k(a)e[the.one.that.possessor.V-ed][V→N][N][Abs][3SgPoss][SgPosd]
pimakanga	pi-@₁~:(i/u)ma[to.have.V-ed][to.have.been.V-ed][V→V][V][Ptcp][3Sg][3Sg]
pimakanga	pi-@₁~:(i/u)ma[to.have.V-ed][to.have.been.V-ed][V→V][V][Cond][3Sg][1Sg]

paatgumaan	+?

saa	sa[V][Intrg][3Sg]
saa	sa[V][Ind][3Sg][3Sg]

una	una

meq	megh[N][Abs][Unpd][Sg]

imnghuta	+?

piqpigutaa	+?

------------------------
"Piyaqtaqpenguyoy, piyaqtelqen taana miqiitiguu!"

piyaqtaqpenguyoy	+?

piyaqtelqen	+?

taana	taana

miqiitiguu	+?

------------------------
"Miqinningilaqa taskwigu!"

miqinningilaqa	+?

taskwigu	+?

------------------------
Aghnaghaq atghaamalghii.

aghnaghaq	aghnaghagh*[N][Abs][Unpd][Sg]

atghaamalghii	atghagh-@₁~:(i/u)ma[to.have.V-ed][to.have.been.V-ed][V→V]-@₁–lghii[the.one.that.V-ed][the.one.that.is.V][V→N][N][Abs][Unpd][Sg]
atghaamalghii	atghagh-@₁~:(i/u)ma[to.have.V-ed][to.have.been.V-ed][V→V][V][Ptcp][3Sg]

------------------------
Metelghlluk taglaamalghii ellmeggnun.

metelghlluk	+?

taglaamalghii	taglagh-@₁~:(i/u)ma[to.have.V-ed][to.have.been.V-ed][V→V]-@₁–lghii[the.one.that.V-ed][the.one.that.is.V][V→N][N][Abs][Unpd][Sg]
taglaamalghii	taglagh-@₁~:(i/u)ma[to.have.V-ed][to.have.been.V-ed][V→V][V][Ptcp][3Sg]

ellmeggnun	ellmeggnun

------------------------


	

------------------------
Kaalluni iitghumalghii.

kaalluni	kaate[V][Sbrd][3Sg]

iitghumalghii	itegh-@₁~:(i/u)ma[to.have.V-ed][to.have.been.V-ed][V→V]-@₁–lghii[the.one.that.V-ed][the.one.that.is.V][V→N][N][Abs][Unpd][Sg]
iitghumalghii	itegh-@₁~:(i/u)ma[to.have.V-ed][to.have.been.V-ed][V→V][V][Ptcp][3Sg]

------------------------
Iteghluni nengyuni pimakanga, "Ukaanguten ukaaghen aqfaqugu."

iteghluni	itegh[V][Sbrd][3Sg]

nengyuni	nengyugh*[N][Abs][4SgPoss][SgPosd]
nengyuni	nengyugh*[N][Abs][4SgPoss][PlPosd]

pimakanga	pi-@₁~:(i/u)ma[to.have.V-ed][to.have.been.V-ed][V→V]-@*@₂~sf–(g₂)k(a)e[the.one.that.possessor.V-ed][V→N][N][Abs][3SgPoss][SgPosd]
pimakanga	pi-@₁~:(i/u)ma[to.have.V-ed][to.have.been.V-ed][V→V][V][Ptcp][3Sg][3Sg]
pimakanga	pi-@₁~:(i/u)ma[to.have.V-ed][to.have.been.V-ed][V→V][V][Cond][3Sg][1Sg]

ukaanguten	+?

ukaaghen	+?

aqfaqugu	+?

------------------------
Aghnalqwaaghhaq atghaamalghii.

aghnalqwaaghhaq	aghnalqwaagh-–ghhagh*[dear.N][N→N][N][Abs][Unpd][Sg]

atghaamalghii	atghagh-@₁~:(i/u)ma[to.have.V-ed][to.have.been.V-ed][V→V]-@₁–lghii[the.one.that.V-ed][the.one.that.is.V][V→N][N][Abs][Unpd][Sg]
atghaamalghii	atghagh-@₁~:(i/u)ma[to.have.V-ed][to.have.been.V-ed][V→V][V][Ptcp][3Sg]

------------------------
Tunglighhiitgun manteghanun kaalluni iitghumalghii.

tunglighhiitgun	+?

manteghanun	+?

kaalluni	kaate[V][Sbrd][3Sg]

iitghumalghii	itegh-@₁~:(i/u)ma[to.have.V-ed][to.have.been.V-ed][V→V]-@₁–lghii[the.one.that.V-ed][the.one.that.is.V][V→N][N][Abs][Unpd][Sg]
iitghumalghii	itegh-@₁~:(i/u)ma[to.have.V-ed][to.have.been.V-ed][V→V][V][Ptcp][3Sg]

------------------------
Iteghyan aapsimakangat, "Saaqsin sangavek tagizin?"

iteghyan	itegh[V][CnsqI][3Sg]

aapsimakangat	aapte-@₁~:(i/u)ma[to.have.V-ed][to.have.been.V-ed][V→V]-@*@₂~sf–(g₂)k(a)e[the.one.that.possessor.V-ed][V→N][N][Abs][3PlPoss][SgPosd]
aapsimakangat	aapte-@₁~:(i/u)ma[to.have.V-ed][to.have.been.V-ed][V→V][V][Ptcp][3Pl][3Sg]

saaqsin	sa-~(g₁)aqe[to.be.V.ing][to.regularly.or.repeatedly.V][V→V][V][Intrg][2Sg]

sangavek	sa[V][CnsqI][2Sg]

tagizin	tagi[V][Intrg][2Sg]

------------------------
Aghnalqwaaghhaam akisimakangi, "Eltughaghma ukaangnilunga piyaghaanga."

aghnalqwaaghhaam	aghnalqwaagh-–ghhagh*[dear.N][N→N][N][Rel][Unpd][Sg]

akisimakangi	aki-te[to.catch.N][to.go.to.N][N→V]-@₁~:(i/u)ma[to.have.V-ed][to.have.been.V-ed][V→V]-@*@₂~sf–(g₂)k(a)e[the.one.that.possessor.V-ed][V→N][N][Abs][3SgPoss][PlPosd]
akisimakangi	akite-@₁~:(i/u)ma[to.have.V-ed][to.have.been.V-ed][V→V]-@*@₂~sf–(g₂)k(a)e[the.one.that.possessor.V-ed][V→N][N][Abs][3SgPoss][PlPosd]
akisimakangi	akite-@₁~:(i/u)ma[to.have.V-ed][to.have.been.V-ed][V→V][V][Ptcp][3Sg][3Pl]

eltughaghma	eltughagh*[N][Rel][1SgPoss][SgPosd]
eltughaghma	eltughagh*[N][Rel][1SgPoss][PlPosd]

ukaangnilunga	+?

piyaghaanga	pi-@₁~fyagh[to.go.V-ing][to.V.in.vain][V→V][V][Ind][3Sg][1Sg]
piyaghaanga	pi-~:(u)te[to.V.for.or.with][to.cause.to.V.as.one.is.V-ing][to.V.toward.each.other][V→V]-@₁~fyagh[to.go.V-ing][to.V.in.vain][V→V][V][Ind][3Sg][1Sg]

------------------------
Akisimakangat, "Uquklukuughaquq, anaqlukaguq mekesitaghaguq."

akisimakangat	aki-te[to.catch.N][to.go.to.N][N→V]-@₁~:(i/u)ma[to.have.V-ed][to.have.been.V-ed][V→V]-@*@₂~sf–(g₂)k(a)e[the.one.that.possessor.V-ed][V→N][N][Abs][3PlPoss][SgPosd]
akisimakangat	akite-@₁~:(i/u)ma[to.have.V-ed][to.have.been.V-ed][V→V]-@*@₂~sf–(g₂)k(a)e[the.one.that.possessor.V-ed][V→N][N][Abs][3PlPoss][SgPosd]
akisimakangat	akite-@₁~:(i/u)ma[to.have.V-ed][to.have.been.V-ed][V→V][V][Ptcp][3Pl][3Sg]

uquklukuughaquq	+?

anaqlukaguq	+?

mekesitaghaguq	+?

------------------------
Saama savigmeng nepeghhakek pilagumagkek, saama ketngikek pilagumakegket.

saama	+?

savigmeng	savig[N][Rel][4DuPoss][SgPosd]
savigmeng	savig[N][Rel][4DuPoss][PlPosd]
savigmeng	savig[N][Rel][4PlPoss][SgPosd]
savigmeng	savig[N][Rel][4PlPoss][PlPosd]
savigmeng	savig[N][Abl_Mod][Unpd][Sg]

nepeghhakek	+?

pilagumagkek	+?

saama	+?

ketngikek	+?

pilagumakegket	+?

------------------------
Qiyamaghmi aghnalqwaaq taglaamalghii.

qiyamaghmi	qiya-@₁~:(i/u)magh*[while.V-ing][V→V][Quant_Qual][4Sg]

aghnalqwaaq	aghnalqwaagh[N][Abs][Unpd][Sg]

taglaamalghii	taglagh-@₁~:(i/u)ma[to.have.V-ed][to.have.been.V-ed][V→V]-@₁–lghii[the.one.that.V-ed][the.one.that.is.V][V→N][N][Abs][Unpd][Sg]
taglaamalghii	taglagh-@₁~:(i/u)ma[to.have.V-ed][to.have.been.V-ed][V→V][V][Ptcp][3Sg]

------------------------
Qenwat aghnalqwaaghhaam qengakekpuuvumakek.

qenwat	qenwat

aghnalqwaaghhaam	aghnalqwaagh-–ghhagh*[dear.N][N→N][N][Rel][Unpd][Sg]

qengakekpuuvumakek	+?

------------------------


	

------------------------
Unaami enraq pingayiita mengteghaat aghnaghaat meghtaghta.

unaami	unaami[N][Abs][Unpd][Sg]

enraq	+?

pingayiita	+?

mengteghaat	+?

aghnaghaat	aghnaghagh*[N][Abs][Unpd][Pl]
aghnaghaat	aghnaghagh*[N][Abs][3PlPoss][SgPosd]
aghnaghaat	aghnaghagh*[N][Rel][Unpd][Pl]

meghtaghta	meghtagh[V][Intrg][3Sg]
meghtaghta	meghtagh-te[to.act.on.so.as.to.cause.to.V][V→V][V][Intrg][3Sg]

------------------------
Imighimaluku meteghlluk kaasimalghii.

imighimaluku	+?

meteghlluk	meteghllug[N][Abs][Unpd][Sg]

kaasimalghii	kaate-@₁~:(i/u)ma[to.have.V-ed][to.have.been.V-ed][V→V]-@₁–lghii[the.one.that.V-ed][the.one.that.is.V][V→N][N][Abs][Unpd][Sg]
kaasimalghii	kaate-@₁~:(i/u)ma[to.have.V-ed][to.have.been.V-ed][V→V][V][Ptcp][3Sg]

------------------------
Kaalluni meghsingllaamalghii, "Meqpakpayay, meqpakpayay!"

kaalluni	kaate[V][Sbrd][3Sg]

meghsingllaamalghii	+?

meqpakpayay	+?

meqpakpayay	+?

------------------------
Llaaghanwha meghsimakanga.

llaaghanwha	+?

meghsimakanga	megh-te[to.act.on.so.as.to.cause.to.V][V→V]-@₁~:(i/u)ma[to.have.V-ed][to.have.been.V-ed][V→V]-@*@₂~sf–(g₂)k(a)e[the.one.that.possessor.V-ed][V→N][N][Abs][3SgPoss][SgPosd]
meghsimakanga	megh-te[to.act.on.so.as.to.cause.to.V][V→V]-@₁~:(i/u)ma[to.have.V-ed][to.have.been.V-ed][V→V][V][Ptcp][3Sg][3Sg]
meghsimakanga	megh-te[to.act.on.so.as.to.cause.to.V][V→V]-@₁~:(i/u)ma[to.have.V-ed][to.have.been.V-ed][V→V][V][Cond][3Sg][1Sg]
meghsimakanga	megh-te[to.catch.N][to.go.to.N][N→V]-@₁~:(i/u)ma[to.have.V-ed][to.have.been.V-ed][V→V]-@*@₂~sf–(g₂)k(a)e[the.one.that.possessor.V-ed][V→N][N][Abs][3SgPoss][SgPosd]

------------------------
Taawanginaq kuuvumakanga.

taawanginaq	+?

kuuvumakanga	kuuve-@₁~:(i/u)ma[to.have.V-ed][to.have.been.V-ed][V→V]-@*@₂~sf–(g₂)k(a)e[the.one.that.possessor.V-ed][V→N][N][Abs][3SgPoss][SgPosd]
kuuvumakanga	kuuve-@₁~:(i/u)ma[to.have.V-ed][to.have.been.V-ed][V→V][V][Ptcp][3Sg][3Sg]
kuuvumakanga	kuuve-@₁~:(i/u)ma[to.have.V-ed][to.have.been.V-ed][V→V][V][Cond][3Sg][1Sg]

------------------------
Aghnaghaam pimakanga, paatgumaan, "Saa una meq imighutaa piqpigutaa."

aghnaghaam	aghnaghagh*[N][Rel][Unpd][Sg]

pimakanga	pi-@₁~:(i/u)ma[to.have.V-ed][to.have.been.V-ed][V→V]-@*@₂~sf–(g₂)k(a)e[the.one.that.possessor.V-ed][V→N][N][Abs][3SgPoss][SgPosd]
pimakanga	pi-@₁~:(i/u)ma[to.have.V-ed][to.have.been.V-ed][V→V][V][Ptcp][3Sg][3Sg]
pimakanga	pi-@₁~:(i/u)ma[to.have.V-ed][to.have.been.V-ed][V→V][V][Cond][3Sg][1Sg]

paatgumaan	+?

saa	sa[V][Intrg][3Sg]
saa	sa[V][Ind][3Sg][3Sg]

una	una

meq	megh[N][Abs][Unpd][Sg]

imighutaa	+?

piqpigutaa	+?

------------------------
"Piyaqtaqpenguyoy, piyaqtelqen taana miqiitiguu!"

piyaqtaqpenguyoy	+?

piyaqtelqen	+?

taana	taana

miqiitiguu	+?

------------------------
"Miqinningilaqa taskwigu!"

miqinningilaqa	+?

taskwigu	+?

------------------------
Aghnaghaq atghaamalghii.

aghnaghaq	aghnaghagh*[N][Abs][Unpd][Sg]

atghaamalghii	atghagh-@₁~:(i/u)ma[to.have.V-ed][to.have.been.V-ed][V→V]-@₁–lghii[the.one.that.V-ed][the.one.that.is.V][V→N][N][Abs][Unpd][Sg]
atghaamalghii	atghagh-@₁~:(i/u)ma[to.have.V-ed][to.have.been.V-ed][V→V][V][Ptcp][3Sg]

------------------------
Meteghlluk taglaamalghii ellmeggnun.

meteghlluk	meteghllug[N][Abs][Unpd][Sg]

taglaamalghii	taglagh-@₁~:(i/u)ma[to.have.V-ed][to.have.been.V-ed][V→V]-@₁–lghii[the.one.that.V-ed][the.one.that.is.V][V→N][N][Abs][Unpd][Sg]
taglaamalghii	taglagh-@₁~:(i/u)ma[to.have.V-ed][to.have.been.V-ed][V→V][V][Ptcp][3Sg]

ellmeggnun	ellmeggnun

------------------------


	

------------------------
Iteghluni aghnalqwaaq pimakanga, "Ukaanguten ukaaghen aqfaqugu."

iteghluni	itegh[V][Sbrd][3Sg]

aghnalqwaaq	aghnalqwaagh[N][Abs][Unpd][Sg]

pimakanga	pi-@₁~:(i/u)ma[to.have.V-ed][to.have.been.V-ed][V→V]-@*@₂~sf–(g₂)k(a)e[the.one.that.possessor.V-ed][V→N][N][Abs][3SgPoss][SgPosd]
pimakanga	pi-@₁~:(i/u)ma[to.have.V-ed][to.have.been.V-ed][V→V][V][Ptcp][3Sg][3Sg]
pimakanga	pi-@₁~:(i/u)ma[to.have.V-ed][to.have.been.V-ed][V→V][V][Cond][3Sg][1Sg]

ukaanguten	+?

ukaaghen	+?

aqfaqugu	+?

------------------------
Ighsamalghii.

ighsamalghii	+?

------------------------
Meteghllugem sagiqusimakanga.

meteghllugem	meteghllug[N][Rel][Unpd][Sg]

sagiqusimakanga	+?

------------------------
Aghnalqwaaghhaq pingayiitnun mengteghanun aglaamalghii.

aghnalqwaaghhaq	aghnalqwaagh-–ghhagh*[dear.N][N→N][N][Abs][Unpd][Sg]

pingayiitnun	+?

mengteghanun	+?

aglaamalghii	aglagh-@₁~:(i/u)ma[to.have.V-ed][to.have.been.V-ed][V→V]-@₁–lghii[the.one.that.V-ed][the.one.that.is.V][V→N][N][Abs][Unpd][Sg]
aglaamalghii	aglagh-@₁~:(i/u)ma[to.have.V-ed][to.have.been.V-ed][V→V][V][Ptcp][3Sg]

------------------------
Kaalluni uyatuluni amigmeng pimakangi, "Eltughaghma ukaangnilunga piyaghaanga."

kaalluni	kaate[V][Sbrd][3Sg]

uyatuluni	+?

amigmeng	amig[N][Rel][4DuPoss][SgPosd]
amigmeng	amig[N][Rel][4DuPoss][PlPosd]
amigmeng	amig[N][Rel][4PlPoss][SgPosd]
amigmeng	amig[N][Rel][4PlPoss][PlPosd]
amigmeng	amig[N][Abl_Mod][Unpd][Sg]

pimakangi	pi-@₁~:(i/u)ma[to.have.V-ed][to.have.been.V-ed][V→V]-@*@₂~sf–(g₂)k(a)e[the.one.that.possessor.V-ed][V→N][N][Abs][3SgPoss][PlPosd]
pimakangi	pi-@₁~:(i/u)ma[to.have.V-ed][to.have.been.V-ed][V→V][V][Ptcp][3Sg][3Pl]

eltughaghma	eltughagh*[N][Rel][1SgPoss][SgPosd]
eltughaghma	eltughagh*[N][Rel][1SgPoss][PlPosd]

ukaangnilunga	+?

piyaghaanga	pi-@₁~fyagh[to.go.V-ing][to.V.in.vain][V→V][V][Ind][3Sg][1Sg]
piyaghaanga	pi-~:(u)te[to.V.for.or.with][to.cause.to.V.as.one.is.V-ing][to.V.toward.each.other][V→V]-@₁~fyagh[to.go.V-ing][to.V.in.vain][V→V][V][Ind][3Sg][1Sg]

------------------------
Anqaghlluteng savigmeng qengakek pilagumakegket.

anqaghlluteng	+?

savigmeng	savig[N][Rel][4DuPoss][SgPosd]
savigmeng	savig[N][Rel][4DuPoss][PlPosd]
savigmeng	savig[N][Rel][4PlPoss][SgPosd]
savigmeng	savig[N][Rel][4PlPoss][PlPosd]
savigmeng	savig[N][Abl_Mod][Unpd][Sg]

qengakek	qengagh[N][Abs][3SgPoss][DuPosd]

pilagumakegket	+?

------------------------
Aghnalqwaaghhaq qiyamaghmi aglaamalghii.

aghnalqwaaghhaq	aghnalqwaagh-–ghhagh*[dear.N][N→N][N][Abs][Unpd][Sg]

qiyamaghmi	qiya-@₁~:(i/u)magh*[while.V-ing][V→V][Quant_Qual][4Sg]

aglaamalghii	aglagh-@₁~:(i/u)ma[to.have.V-ed][to.have.been.V-ed][V→V]-@₁–lghii[the.one.that.V-ed][the.one.that.is.V][V→N][N][Abs][Unpd][Sg]
aglaamalghii	aglagh-@₁~:(i/u)ma[to.have.V-ed][to.have.been.V-ed][V→V][V][Ptcp][3Sg]

------------------------
Taagken unugyagu qavaamalghiik.

taagken	taagken

unugyagu	unug[Imprs_Agnt][V][CnsqI][3Sg][3Sg]

qavaamalghiik	qavagh-@₁~:(i/u)ma[to.have.V-ed][to.have.been.V-ed][V→V]-@₁–lghii[the.one.that.V-ed][the.one.that.is.V][V→N][N][Abs][Unpd][Du]
qavaamalghiik	qavagh-@₁~:(i/u)ma[to.have.V-ed][to.have.been.V-ed][V→V]-@₁–lghii[the.one.that.V-ed][the.one.that.is.V][V→N][N][Rel][Unpd][Du]
qavaamalghiik	qavagh-@₁~:(i/u)ma[to.have.V-ed][to.have.been.V-ed][V→V][V][Ptcp][3Du]

------------------------


	

------------------------
Unaami estamiita mengteghaat aghnaghaq meghtaamalghii.

unaami	unaami[N][Abs][Unpd][Sg]

estamiita	+?

mengteghaat	+?

aghnaghaq	aghnaghagh*[N][Abs][Unpd][Sg]

meghtaamalghii	meghtagh-@₁~:(i/u)ma[to.have.V-ed][to.have.been.V-ed][V→V]-@₁–lghii[the.one.that.V-ed][the.one.that.is.V][V→N][N][Abs][Unpd][Sg]
meghtaamalghii	meghtagh-@₁~:(i/u)ma[to.have.V-ed][to.have.been.V-ed][V→V][V][Ptcp][3Sg]

------------------------
Imighimaluku meteghlluk kaasimalghii.

imighimaluku	+?

meteghlluk	meteghllug[N][Abs][Unpd][Sg]

kaasimalghii	kaate-@₁~:(i/u)ma[to.have.V-ed][to.have.been.V-ed][V→V]-@₁–lghii[the.one.that.V-ed][the.one.that.is.V][V→N][N][Abs][Unpd][Sg]
kaasimalghii	kaate-@₁~:(i/u)ma[to.have.V-ed][to.have.been.V-ed][V→V][V][Ptcp][3Sg]

------------------------
Kaalluni meghsingllaamalghii, "Meqpakpayay, meqpakpayay!"

kaalluni	kaate[V][Sbrd][3Sg]

meghsingllaamalghii	+?

meqpakpayay	+?

meqpakpayay	+?

------------------------
Llaaghanwha meghsimakanga.

llaaghanwha	+?

meghsimakanga	megh-te[to.act.on.so.as.to.cause.to.V][V→V]-@₁~:(i/u)ma[to.have.V-ed][to.have.been.V-ed][V→V]-@*@₂~sf–(g₂)k(a)e[the.one.that.possessor.V-ed][V→N][N][Abs][3SgPoss][SgPosd]
meghsimakanga	megh-te[to.act.on.so.as.to.cause.to.V][V→V]-@₁~:(i/u)ma[to.have.V-ed][to.have.been.V-ed][V→V][V][Ptcp][3Sg][3Sg]
meghsimakanga	megh-te[to.act.on.so.as.to.cause.to.V][V→V]-@₁~:(i/u)ma[to.have.V-ed][to.have.been.V-ed][V→V][V][Cond][3Sg][1Sg]
meghsimakanga	megh-te[to.catch.N][to.go.to.N][N→V]-@₁~:(i/u)ma[to.have.V-ed][to.have.been.V-ed][V→V]-@*@₂~sf–(g₂)k(a)e[the.one.that.possessor.V-ed][V→N][N][Abs][3SgPoss][SgPosd]

------------------------
Taawanginaq kuuvumakanga.

taawanginaq	+?

kuuvumakanga	kuuve-@₁~:(i/u)ma[to.have.V-ed][to.have.been.V-ed][V→V]-@*@₂~sf–(g₂)k(a)e[the.one.that.possessor.V-ed][V→N][N][Abs][3SgPoss][SgPosd]
kuuvumakanga	kuuve-@₁~:(i/u)ma[to.have.V-ed][to.have.been.V-ed][V→V][V][Ptcp][3Sg][3Sg]
kuuvumakanga	kuuve-@₁~:(i/u)ma[to.have.V-ed][to.have.been.V-ed][V→V][V][Cond][3Sg][1Sg]

------------------------
Aghnaghaam pimakanga, paatgumaan, "Saa una meq imighutaa piqpigutaa."

aghnaghaam	aghnaghagh*[N][Rel][Unpd][Sg]

pimakanga	pi-@₁~:(i/u)ma[to.have.V-ed][to.have.been.V-ed][V→V]-@*@₂~sf–(g₂)k(a)e[the.one.that.possessor.V-ed][V→N][N][Abs][3SgPoss][SgPosd]
pimakanga	pi-@₁~:(i/u)ma[to.have.V-ed][to.have.been.V-ed][V→V][V][Ptcp][3Sg][3Sg]
pimakanga	pi-@₁~:(i/u)ma[to.have.V-ed][to.have.been.V-ed][V→V][V][Cond][3Sg][1Sg]

paatgumaan	+?

saa	sa[V][Intrg][3Sg]
saa	sa[V][Ind][3Sg][3Sg]

una	una

meq	megh[N][Abs][Unpd][Sg]

imighutaa	+?

piqpigutaa	+?

------------------------
"Piyaqtaqpenguyoy, piyaqtelqen taana miqiitiguu!"

piyaqtaqpenguyoy	+?

piyaqtelqen	+?

taana	taana

miqiitiguu	+?

------------------------
"Miqinningilaqa taskwigu!"

miqinningilaqa	+?

taskwigu	+?

------------------------
Aghnaghaq atghaamalghii.

aghnaghaq	aghnaghagh*[N][Abs][Unpd][Sg]

atghaamalghii	atghagh-@₁~:(i/u)ma[to.have.V-ed][to.have.been.V-ed][V→V]-@₁–lghii[the.one.that.V-ed][the.one.that.is.V][V→N][N][Abs][Unpd][Sg]
atghaamalghii	atghagh-@₁~:(i/u)ma[to.have.V-ed][to.have.been.V-ed][V→V][V][Ptcp][3Sg]

------------------------
Meteghlluk taglaamalghii ellmeggnun.

meteghlluk	meteghllug[N][Abs][Unpd][Sg]

taglaamalghii	taglagh-@₁~:(i/u)ma[to.have.V-ed][to.have.been.V-ed][V→V]-@₁–lghii[the.one.that.V-ed][the.one.that.is.V][V→N][N][Abs][Unpd][Sg]
taglaamalghii	taglagh-@₁~:(i/u)ma[to.have.V-ed][to.have.been.V-ed][V→V][V][Ptcp][3Sg]

ellmeggnun	ellmeggnun

------------------------


	

------------------------
Iteghluni aghnalqwaaq pimakanga, "Ukaanguten ukaaghen aqfaqugu."

iteghluni	itegh[V][Sbrd][3Sg]

aghnalqwaaq	aghnalqwaagh[N][Abs][Unpd][Sg]

pimakanga	pi-@₁~:(i/u)ma[to.have.V-ed][to.have.been.V-ed][V→V]-@*@₂~sf–(g₂)k(a)e[the.one.that.possessor.V-ed][V→N][N][Abs][3SgPoss][SgPosd]
pimakanga	pi-@₁~:(i/u)ma[to.have.V-ed][to.have.been.V-ed][V→V][V][Ptcp][3Sg][3Sg]
pimakanga	pi-@₁~:(i/u)ma[to.have.V-ed][to.have.been.V-ed][V→V][V][Cond][3Sg][1Sg]

ukaanguten	+?

ukaaghen	+?

aqfaqugu	+?

------------------------
Ighsamalghii.

ighsamalghii	+?

------------------------
Meteghllugem sagiqusimakanga.

meteghllugem	meteghllug[N][Rel][Unpd][Sg]

sagiqusimakanga	+?

------------------------
Llaaghanwha aghnalqwaaghhaq aglaamalghii estamiitnun mengteghanun.

llaaghanwha	+?

aghnalqwaaghhaq	aghnalqwaagh-–ghhagh*[dear.N][N→N][N][Abs][Unpd][Sg]

aglaamalghii	aglagh-@₁~:(i/u)ma[to.have.V-ed][to.have.been.V-ed][V→V]-@₁–lghii[the.one.that.V-ed][the.one.that.is.V][V→N][N][Abs][Unpd][Sg]
aglaamalghii	aglagh-@₁~:(i/u)ma[to.have.V-ed][to.have.been.V-ed][V→V][V][Ptcp][3Sg]

estamiitnun	+?

mengteghanun	+?

------------------------
Kaalluni uyatuluni pimakangi, "Eltughaghma ukaangnilunga piyaghaanga."

kaalluni	kaate[V][Sbrd][3Sg]

uyatuluni	+?

pimakangi	pi-@₁~:(i/u)ma[to.have.V-ed][to.have.been.V-ed][V→V]-@*@₂~sf–(g₂)k(a)e[the.one.that.possessor.V-ed][V→N][N][Abs][3SgPoss][PlPosd]
pimakangi	pi-@₁~:(i/u)ma[to.have.V-ed][to.have.been.V-ed][V→V][V][Ptcp][3Sg][3Pl]

eltughaghma	eltughagh*[N][Rel][1SgPoss][SgPosd]
eltughaghma	eltughagh*[N][Rel][1SgPoss][PlPosd]

ukaangnilunga	+?

piyaghaanga	pi-@₁~fyagh[to.go.V-ing][to.V.in.vain][V→V][V][Ind][3Sg][1Sg]
piyaghaanga	pi-~:(u)te[to.V.for.or.with][to.cause.to.V.as.one.is.V-ing][to.V.toward.each.other][V→V]-@₁~fyagh[to.go.V-ing][to.V.in.vain][V→V][V][Ind][3Sg][1Sg]

------------------------
Taakut malighqaghluku qengakek savigmeng pilagumakegket.

taakut	taake[V][Ind][3Pl]

malighqaghluku	+?

qengakek	qengagh[N][Abs][3SgPoss][DuPosd]

savigmeng	savig[N][Rel][4DuPoss][SgPosd]
savigmeng	savig[N][Rel][4DuPoss][PlPosd]
savigmeng	savig[N][Rel][4PlPoss][SgPosd]
savigmeng	savig[N][Rel][4PlPoss][PlPosd]
savigmeng	savig[N][Abl_Mod][Unpd][Sg]

pilagumakegket	+?

------------------------
Aghnalqwaaghhaq qiyamaghmi aglaamalghii.

aghnalqwaaghhaq	aghnalqwaagh-–ghhagh*[dear.N][N→N][N][Abs][Unpd][Sg]

qiyamaghmi	qiya-@₁~:(i/u)magh*[while.V-ing][V→V][Quant_Qual][4Sg]

aglaamalghii	aglagh-@₁~:(i/u)ma[to.have.V-ed][to.have.been.V-ed][V→V]-@₁–lghii[the.one.that.V-ed][the.one.that.is.V][V→N][N][Abs][Unpd][Sg]
aglaamalghii	aglagh-@₁~:(i/u)ma[to.have.V-ed][to.have.been.V-ed][V→V][V][Ptcp][3Sg]

------------------------
Unugumakanga.

unugumakanga	unug[Imprs_Agnt]-@₁~:(i/u)ma[to.have.V-ed][to.have.been.V-ed][V→V]-@*@₂~sf–(g₂)k(a)e[the.one.that.possessor.V-ed][V→N][N][Abs][3SgPoss][SgPosd]
unugumakanga	unug[Imprs_Agnt]-@₁~:(i/u)ma[to.have.V-ed][to.have.been.V-ed][V→V][V][Ptcp][3Sg][3Sg]
unugumakanga	unug[Imprs_Agnt]-@₁~:(i/u)ma[to.have.V-ed][to.have.been.V-ed][V→V][V][Cond][3Sg][1Sg]

------------------------
Qavaamalghiik.

qavaamalghiik	qavagh-@₁~:(i/u)ma[to.have.V-ed][to.have.been.V-ed][V→V]-@₁–lghii[the.one.that.V-ed][the.one.that.is.V][V→N][N][Abs][Unpd][Du]
qavaamalghiik	qavagh-@₁~:(i/u)ma[to.have.V-ed][to.have.been.V-ed][V→V]-@₁–lghii[the.one.that.V-ed][the.one.that.is.V][V→N][N][Rel][Unpd][Du]
qavaamalghiik	qavagh-@₁~:(i/u)ma[to.have.V-ed][to.have.been.V-ed][V→V][V][Ptcp][3Du]

------------------------


	

------------------------
Unaami taghtuumalghiit taam nunam yugi.

unaami	unaami[N][Abs][Unpd][Sg]

taghtuumalghiit	taghtugh-@₁~:(i/u)ma[to.have.V-ed][to.have.been.V-ed][V→V]-@₁–lghii[the.one.that.V-ed][the.one.that.is.V][V→N][N][Abs][Unpd][Pl]
taghtuumalghiit	taghtugh-@₁~:(i/u)ma[to.have.V-ed][to.have.been.V-ed][V→V]-@₁–lghii[the.one.that.V-ed][the.one.that.is.V][V→N][N][Rel][Unpd][Pl]
taghtuumalghiit	taghtugh-@₁~:(i/u)ma[to.have.V-ed][to.have.been.V-ed][V→V][V][Ptcp][3Pl]

taam	+?

nunam	nuna[N][Rel][Unpd][Sg]

yugi	yug[N][Abs][3SgPoss][PlPosd]

------------------------
Taagken enraq tallimiita mengteghaat aghnaghaq meghtaamalghii.

taagken	taagken

enraq	+?

tallimiita	+?

mengteghaat	+?

aghnaghaq	aghnaghagh*[N][Abs][Unpd][Sg]

meghtaamalghii	meghtagh-@₁~:(i/u)ma[to.have.V-ed][to.have.been.V-ed][V→V]-@₁–lghii[the.one.that.V-ed][the.one.that.is.V][V→N][N][Abs][Unpd][Sg]
meghtaamalghii	meghtagh-@₁~:(i/u)ma[to.have.V-ed][to.have.been.V-ed][V→V][V][Ptcp][3Sg]

------------------------
Imighimaluku meteghlluk kaasimalghii.

imighimaluku	+?

meteghlluk	meteghllug[N][Abs][Unpd][Sg]

kaasimalghii	kaate-@₁~:(i/u)ma[to.have.V-ed][to.have.been.V-ed][V→V]-@₁–lghii[the.one.that.V-ed][the.one.that.is.V][V→N][N][Abs][Unpd][Sg]
kaasimalghii	kaate-@₁~:(i/u)ma[to.have.V-ed][to.have.been.V-ed][V→V][V][Ptcp][3Sg]

------------------------
Kaalluni meghsingllaamalghii, "Meqpakpayay, meqpakpayay!"

kaalluni	kaate[V][Sbrd][3Sg]

meghsingllaamalghii	+?

meqpakpayay	+?

meqpakpayay	+?

------------------------
Llaaghanwha meghsimakanga.

llaaghanwha	+?

meghsimakanga	megh-te[to.act.on.so.as.to.cause.to.V][V→V]-@₁~:(i/u)ma[to.have.V-ed][to.have.been.V-ed][V→V]-@*@₂~sf–(g₂)k(a)e[the.one.that.possessor.V-ed][V→N][N][Abs][3SgPoss][SgPosd]
meghsimakanga	megh-te[to.act.on.so.as.to.cause.to.V][V→V]-@₁~:(i/u)ma[to.have.V-ed][to.have.been.V-ed][V→V][V][Ptcp][3Sg][3Sg]
meghsimakanga	megh-te[to.act.on.so.as.to.cause.to.V][V→V]-@₁~:(i/u)ma[to.have.V-ed][to.have.been.V-ed][V→V][V][Cond][3Sg][1Sg]
meghsimakanga	megh-te[to.catch.N][to.go.to.N][N→V]-@₁~:(i/u)ma[to.have.V-ed][to.have.been.V-ed][V→V]-@*@₂~sf–(g₂)k(a)e[the.one.that.possessor.V-ed][V→N][N][Abs][3SgPoss][SgPosd]

------------------------
Taawanginaq kuuvumakanga.

taawanginaq	+?

kuuvumakanga	kuuve-@₁~:(i/u)ma[to.have.V-ed][to.have.been.V-ed][V→V]-@*@₂~sf–(g₂)k(a)e[the.one.that.possessor.V-ed][V→N][N][Abs][3SgPoss][SgPosd]
kuuvumakanga	kuuve-@₁~:(i/u)ma[to.have.V-ed][to.have.been.V-ed][V→V][V][Ptcp][3Sg][3Sg]
kuuvumakanga	kuuve-@₁~:(i/u)ma[to.have.V-ed][to.have.been.V-ed][V→V][V][Cond][3Sg][1Sg]

------------------------
Aghnaghaam pimakanga, paatgumaan, "Saa una meq imighutaa piiqpigutaa."

aghnaghaam	aghnaghagh*[N][Rel][Unpd][Sg]

pimakanga	pi-@₁~:(i/u)ma[to.have.V-ed][to.have.been.V-ed][V→V]-@*@₂~sf–(g₂)k(a)e[the.one.that.possessor.V-ed][V→N][N][Abs][3SgPoss][SgPosd]
pimakanga	pi-@₁~:(i/u)ma[to.have.V-ed][to.have.been.V-ed][V→V][V][Ptcp][3Sg][3Sg]
pimakanga	pi-@₁~:(i/u)ma[to.have.V-ed][to.have.been.V-ed][V→V][V][Cond][3Sg][1Sg]

paatgumaan	+?

saa	sa[V][Intrg][3Sg]
saa	sa[V][Ind][3Sg][3Sg]

una	una

meq	megh[N][Abs][Unpd][Sg]

imighutaa	+?

piiqpigutaa	+?

------------------------
"Piyaqtaqpenguyoy, piyaqtelqen taana miqiitiguu!"

piyaqtaqpenguyoy	+?

piyaqtelqen	+?

taana	taana

miqiitiguu	+?

------------------------
"Miqinningilaqa taskwigu!"

miqinningilaqa	+?

taskwigu	+?

------------------------
Aghnaghaq atghaamalghii.

aghnaghaq	aghnaghagh*[N][Abs][Unpd][Sg]

atghaamalghii	atghagh-@₁~:(i/u)ma[to.have.V-ed][to.have.been.V-ed][V→V]-@₁–lghii[the.one.that.V-ed][the.one.that.is.V][V→N][N][Abs][Unpd][Sg]
atghaamalghii	atghagh-@₁~:(i/u)ma[to.have.V-ed][to.have.been.V-ed][V→V][V][Ptcp][3Sg]

------------------------
Meteghlluk taglaamalghii ellmeggnun.

meteghlluk	meteghllug[N][Abs][Unpd][Sg]

taglaamalghii	taglagh-@₁~:(i/u)ma[to.have.V-ed][to.have.been.V-ed][V→V]-@₁–lghii[the.one.that.V-ed][the.one.that.is.V][V→N][N][Abs][Unpd][Sg]
taglaamalghii	taglagh-@₁~:(i/u)ma[to.have.V-ed][to.have.been.V-ed][V→V][V][Ptcp][3Sg]

ellmeggnun	ellmeggnun

------------------------


	

------------------------
Iteghluni aghnalqwaaq pimakanga, "Ukaanguten ukaaghen aqfaqugu."

iteghluni	itegh[V][Sbrd][3Sg]

aghnalqwaaq	aghnalqwaagh[N][Abs][Unpd][Sg]

pimakanga	pi-@₁~:(i/u)ma[to.have.V-ed][to.have.been.V-ed][V→V]-@*@₂~sf–(g₂)k(a)e[the.one.that.possessor.V-ed][V→N][N][Abs][3SgPoss][SgPosd]
pimakanga	pi-@₁~:(i/u)ma[to.have.V-ed][to.have.been.V-ed][V→V][V][Ptcp][3Sg][3Sg]
pimakanga	pi-@₁~:(i/u)ma[to.have.V-ed][to.have.been.V-ed][V→V][V][Cond][3Sg][1Sg]

ukaanguten	+?

ukaaghen	+?

aqfaqugu	+?

------------------------
Ighsamalghii.

ighsamalghii	+?

------------------------
Meteghllugem sagiqusimakanga.

meteghllugem	meteghllug[N][Rel][Unpd][Sg]

sagiqusimakanga	+?

------------------------
Llaaghanwha atghaamalghii.

llaaghanwha	+?

atghaamalghii	atghagh-@₁~:(i/u)ma[to.have.V-ed][to.have.been.V-ed][V→V]-@₁–lghii[the.one.that.V-ed][the.one.that.is.V][V→N][N][Abs][Unpd][Sg]
atghaamalghii	atghagh-@₁~:(i/u)ma[to.have.V-ed][to.have.been.V-ed][V→V][V][Ptcp][3Sg]

------------------------
Kaalluni amigmeng uyatupiglluni pimakangi, "Eltughaghma ukaangnilunga piyaghaanga."

kaalluni	kaate[V][Sbrd][3Sg]

amigmeng	amig[N][Rel][4DuPoss][SgPosd]
amigmeng	amig[N][Rel][4DuPoss][PlPosd]
amigmeng	amig[N][Rel][4PlPoss][SgPosd]
amigmeng	amig[N][Rel][4PlPoss][PlPosd]
amigmeng	amig[N][Abl_Mod][Unpd][Sg]

uyatupiglluni	+?

pimakangi	pi-@₁~:(i/u)ma[to.have.V-ed][to.have.been.V-ed][V→V]-@*@₂~sf–(g₂)k(a)e[the.one.that.possessor.V-ed][V→N][N][Abs][3SgPoss][PlPosd]
pimakangi	pi-@₁~:(i/u)ma[to.have.V-ed][to.have.been.V-ed][V→V][V][Ptcp][3Sg][3Pl]

eltughaghma	eltughagh*[N][Rel][1SgPoss][SgPosd]
eltughaghma	eltughagh*[N][Rel][1SgPoss][PlPosd]

ukaangnilunga	+?

piyaghaanga	pi-@₁~fyagh[to.go.V-ing][to.V.in.vain][V→V][V][Ind][3Sg][1Sg]
piyaghaanga	pi-~:(u)te[to.V.for.or.with][to.cause.to.V.as.one.is.V-ing][to.V.toward.each.other][V→V]-@₁~fyagh[to.go.V-ing][to.V.in.vain][V→V][V][Ind][3Sg][1Sg]

------------------------
Talwa akuzimaghmi qimagumalghii.

talwa	+?

akuzimaghmi	akuzi-@₁~:(i/u)magh*[while.V-ing][V→V][Quant_Qual][4Sg]

qimagumalghii	+?

------------------------
Iwernga aghnaghaam atangan panini aangghumakanga.

iwernga	iwernga

aghnaghaam	aghnaghagh*[N][Rel][Unpd][Sg]

atangan	ata[N][Rel][3SgPoss][SgPosd]
atangan	ata[N][Rel][3SgPoss][PlPosd]

panini	panig[N][Abs][4SgPoss][SgPosd]
panini	panig[N][Abs][4SgPoss][PlPosd]

aangghumakanga	+?

------------------------


	

------------------------
Aghnaghaq taglaamalghii.

aghnaghaq	aghnaghagh*[N][Abs][Unpd][Sg]

taglaamalghii	taglagh-@₁~:(i/u)ma[to.have.V-ed][to.have.been.V-ed][V→V]-@₁–lghii[the.one.that.V-ed][the.one.that.is.V][V→N][N][Abs][Unpd][Sg]
taglaamalghii	taglagh-@₁~:(i/u)ma[to.have.V-ed][to.have.been.V-ed][V→V][V][Ptcp][3Sg]

------------------------
Kaalluni iteghyalghiimi kagpestaaghhaaftut.

kaalluni	kaate[V][Sbrd][3Sg]

iteghyalghiimi	itegh-@₁~fyagh[to.go.V-ing][to.V.in.vain][V→V]-@₁–lghii[the.one.that.V-ed][the.one.that.is.V][V→N][N][Loc][Unpd][Sg]
iteghyalghiimi	itegh-@₁~fyagh[to.go.V-ing][to.V.in.vain][V→V]-@₁–lghii[the.one.that.V-ed][the.one.that.is.V][V→N][N][Rel][4SgPoss][SgPosd]
iteghyalghiimi	itegh-@₁~fyagh[to.go.V-ing][to.V.in.vain][V→V]-@₁–lghii[the.one.that.V-ed][the.one.that.is.V][V→N][N][Rel][4SgPoss][PlPosd]
iteghyalghiimi	itegh[V][Ptcp_Obl][4Sg]

kagpestaaghhaaftut	+?

------------------------
Taagken aghnaghaq qiyamalghii.

taagken	taagken

aghnaghaq	aghnaghagh*[N][Abs][Unpd][Sg]

qiyamalghii	qiya-@₁~:(i/u)ma[to.have.V-ed][to.have.been.V-ed][V→V]-@₁–lghii[the.one.that.V-ed][the.one.that.is.V][V→N][N][Abs][Unpd][Sg]
qiyamalghii	qiya-@₁~:(i/u)ma[to.have.V-ed][to.have.been.V-ed][V→V][V][Ptcp][3Sg]

------------------------
Aghaghaq qavaamalghii.

aghaghaq	+?

qavaamalghii	qavagh-@₁~:(i/u)ma[to.have.V-ed][to.have.been.V-ed][V→V]-@₁–lghii[the.one.that.V-ed][the.one.that.is.V][V→N][N][Abs][Unpd][Sg]
qavaamalghii	qavagh-@₁~:(i/u)ma[to.have.V-ed][to.have.been.V-ed][V→V][V][Ptcp][3Sg]

------------------------
Aghnalqwaaghhaam aghnaghaq qiyalghii esghaghluku atuumaghmi aghulayalghiimi mengteghani anglisimakanga saama iqangitesimakanga.

aghnalqwaaghhaam	aghnalqwaagh-–ghhagh*[dear.N][N→N][N][Rel][Unpd][Sg]

aghnaghaq	aghnaghagh*[N][Abs][Unpd][Sg]

qiyalghii	qiya-@₁–lghii[the.one.that.V-ed][the.one.that.is.V][V→N][N][Abs][Unpd][Sg]
qiyalghii	qiya[V][Ptcp][3Sg]

esghaghluku	esghagh[V][Sbrd][1Du][3Sg]
esghaghluku	esghagh[V][Sbrd][1Pl][3Sg]
esghaghluku	esghagh[V][Sbrd][1Sg][3Sg]
esghaghluku	esghagh[V][Sbrd][2Du][3Sg]
esghaghluku	esghagh[V][Sbrd][2Pl][3Sg]
esghaghluku	esghagh[V][Sbrd][2Sg][3Sg]
esghaghluku	esghagh[V][Sbrd][3Du][3Sg]
esghaghluku	esghagh[V][Sbrd][3Pl][3Sg]
esghaghluku	esghagh[V][Sbrd][3Sg][3Sg]

atuumaghmi	atugh-@₁~:(i/u)magh*[while.V-ing][V→V][Quant_Qual][4Sg]

aghulayalghiimi	aghula-@₁~fyagh[to.go.V-ing][to.V.in.vain][V→V]-@₁–lghii[the.one.that.V-ed][the.one.that.is.V][V→N][N][Loc][Unpd][Sg]
aghulayalghiimi	aghula-@₁~fyagh[to.go.V-ing][to.V.in.vain][V→V]-@₁–lghii[the.one.that.V-ed][the.one.that.is.V][V→N][N][Rel][4SgPoss][SgPosd]
aghulayalghiimi	aghula-@₁~fyagh[to.go.V-ing][to.V.in.vain][V→V]-@₁–lghii[the.one.that.V-ed][the.one.that.is.V][V→N][N][Rel][4SgPoss][PlPosd]
aghulayalghiimi	aghula-~:(u)te[to.V.for.or.with][to.cause.to.V.as.one.is.V-ing][to.V.toward.each.other][V→V]-@₁~fyagh[to.go.V-ing][to.V.in.vain][V→V]-@₁–lghii[the.one.that.V-ed][the.one.that.is.V][V→N][N][Loc][Unpd][Sg]
aghulayalghiimi	aghula-~:(u)te[to.V.for.or.with][to.cause.to.V.as.one.is.V-ing][to.V.toward.each.other][V→V]-@₁~fyagh[to.go.V-ing][to.V.in.vain][V→V]-@₁–lghii[the.one.that.V-ed][the.one.that.is.V][V→N][N][Rel][4SgPoss][SgPosd]
aghulayalghiimi	aghula-~:(u)te[to.V.for.or.with][to.cause.to.V.as.one.is.V-ing][to.V.toward.each.other][V→V]-@₁~fyagh[to.go.V-ing][to.V.in.vain][V→V]-@₁–lghii[the.one.that.V-ed][the.one.that.is.V][V→N][N][Rel][4SgPoss][PlPosd]
aghulayalghiimi	aghula-~:(u)te[to.V.for.or.with][to.cause.to.V.as.one.is.V-ing][to.V.toward.each.other][V→V][V][Ptcp_Obl][4Sg]
aghulayalghiimi	aghula-~:(u)te[SBJ.V-ed.something][V→V]-@₁~fyagh[to.go.V-ing][to.V.in.vain][V→V]-@₁–lghii[the.one.that.V-ed][the.one.that.is.V][V→N][N][Loc][Unpd][Sg]
aghulayalghiimi	aghula-~:(u)te[SBJ.V-ed.something][V→V]-@₁~fyagh[to.go.V-ing][to.V.in.vain][V→V]-@₁–lghii[the.one.that.V-ed][the.one.that.is.V][V→N][N][Rel][4SgPoss][SgPosd]
aghulayalghiimi	aghula-~:(u)te[SBJ.V-ed.something][V→V]-@₁~fyagh[to.go.V-ing][to.V.in.vain][V→V]-@₁–lghii[the.one.that.V-ed][the.one.that.is.V][V→N][N][Rel][4SgPoss][PlPosd]
aghulayalghiimi	aghula-~:(u)te[SBJ.V-ed.something][V→V][V][Ptcp_Obl][4Sg]
aghulayalghiimi	aghula[V][Ptcp_Obl][4Sg]

mengteghani	+?

anglisimakanga	+?

saama	+?

iqangitesimakanga	+?

------------------------
Taana eltughaa yupigughsimalghii ama taanallu aghnalqwaaq.

taana	taana

eltughaa	eltughagh*-~:(ng₁)u[to.be.N][N→V][V][Opt][PRS][2Sg]
eltughaa	eltughagh*[N][Abs][3SgPoss][SgPosd]

yupigughsimalghii	+?

ama	ama

taanallu	+?

aghnalqwaaq	aghnalqwaagh[N][Abs][Unpd][Sg]

------------------------
Aghnaghaq unaami taghtughyalghiimi imani enngaatall pinipigtut.

aghnaghaq	aghnaghagh*[N][Abs][Unpd][Sg]

unaami	unaami[N][Abs][Unpd][Sg]

taghtughyalghiimi	taghtugh-@₁~fyagh[to.go.V-ing][to.V.in.vain][V→V]-@₁–lghii[the.one.that.V-ed][the.one.that.is.V][V→N][N][Loc][Unpd][Sg]
taghtughyalghiimi	taghtugh-@₁~fyagh[to.go.V-ing][to.V.in.vain][V→V]-@₁–lghii[the.one.that.V-ed][the.one.that.is.V][V→N][N][Rel][4SgPoss][SgPosd]
taghtughyalghiimi	taghtugh-@₁~fyagh[to.go.V-ing][to.V.in.vain][V→V]-@₁–lghii[the.one.that.V-ed][the.one.that.is.V][V→N][N][Rel][4SgPoss][PlPosd]
taghtughyalghiimi	taghtugh[V][Ptcp_Obl][4Sg]

imani	imani

enngaatall	+?

pinipigtut	pi-@₁~fni[to.say.that.one.is.V-ing][Cmpd_Vbl]-–pigte[to.be.very.V][to.V.very.much][V→V][V][Ind][3Pl]
pinipigtut	pi-~:(u)te[to.V.for.or.with][to.cause.to.V.as.one.is.V-ing][to.V.toward.each.other][V→V]-@₁~fni[to.say.that.one.is.V-ing][Cmpd_Vbl]-–pigte[to.be.very.V][to.V.very.much][V→V][V][Ind][3Pl]
pinipigtut	pi-~:(u)te[SBJ.V-ed.something][V→V]-@₁~fni[to.say.that.one.is.V-ing][Cmpd_Vbl]-–pigte[to.be.very.V][to.V.very.much][V→V][V][Ind][3Pl]
pinipigtut	pinigh-–pigte[to.be.very.V][to.V.very.much][V→V][V][Ind][3Pl]

------------------------
Taagken aghnalqwaaghhaam awalightiisqumakanga quyngimeng.

taagken	taagken

aghnalqwaaghhaam	aghnalqwaagh-–ghhagh*[dear.N][N→N][N][Rel][Unpd][Sg]

awalightiisqumakanga	+?

quyngimeng	quyngigh[N][Rel][4DuPoss][SgPosd]
quyngimeng	quyngigh[N][Rel][4DuPoss][PlPosd]
quyngimeng	quyngigh[N][Rel][4PlPoss][SgPosd]
quyngimeng	quyngigh[N][Rel][4PlPoss][PlPosd]
quyngimeng	quyngigh[N][Abl_Mod][Unpd][Sg]

------------------------
Llaaghanwha aghnaghaq awalightuumalghii.

llaaghanwha	+?

aghnaghaq	aghnaghagh*[N][Abs][Unpd][Sg]

awalightuumalghii	+?

------------------------
Tuuneghminiki aghnaghaat ilangi piiqelghiit, "Ipa whanga piksaghaqa."

tuuneghminiki	+?

aghnaghaat	aghnaghagh*[N][Abs][Unpd][Pl]
aghnaghaat	aghnaghagh*[N][Abs][3PlPoss][SgPosd]
aghnaghaat	aghnaghagh*[N][Rel][Unpd][Pl]

ilangi	ila[N][Abs][3SgPoss][PlPosd]

piiqelghiit	pi-~(g₁)aqe[to.be.V.ing][to.regularly.or.repeatedly.V][V→V]-@₁–lghii[the.one.that.V-ed][the.one.that.is.V][V→N][N][Abs][Unpd][Pl]
piiqelghiit	pi-~(g₁)aqe[to.be.V.ing][to.regularly.or.repeatedly.V][V→V]-@₁–lghii[the.one.that.V-ed][the.one.that.is.V][V→N][N][Rel][Unpd][Pl]
piiqelghiit	pi-~(g₁)aqe[to.be.V.ing][to.regularly.or.repeatedly.V][V→V][V][Ptcp][3Pl]

ipa	+?

whanga	whanga

piksaghaqa	+?

------------------------
Llaaghanwha aklungighimalghiit saama yupigughsimalghiit.

llaaghanwha	+?

aklungighimalghiit	+?

saama	+?

yupigughsimalghiit	+?

------------------------


	

------------------------
Qamagtuq, Tefaay.

qamagtuq	qamagte[V][Ind][3Sg]

tefaay	+?

------------------------
