Pista

﻿pista	+?

------------------------


	

------------------------
Kiyaghsimalghii ataasiq yuuk nunami tungangani avangilnguq nunalgutangilnguq.

kiyaghsimalghii	kiyaghte-@₁~:(i/u)ma[to.have.V-ed][to.have.been.V-ed][V→V]-@₁–lghii[the.one.that.V-ed][the.one.that.is.V][V→N][N][Abs][Unpd][Sg]
kiyaghsimalghii	kiyaghte-@₁~:(i/u)ma[to.have.V-ed][to.have.been.V-ed][V→V][V][Ptcp][3Sg]

ataasiq	+?

yuuk	yug[N][Abs][Sg]

nunami	nuna[N][Loc][Unpd][Sg]
nunami	nuna[N][Rel][4SgPoss][SgPosd]
nunami	nuna[N][Rel][4SgPoss][PlPosd]

tungangani	+?

avangilnguq	+?

nunalgutangilnguq	nuna-–leg[one.having.N][N→N]-~:(ng₁)u[to.be.N][N→V]-~:(u)ta[condition.with.respect.to.V-ing][V→N]-~:(ng₁)ite**[to.lack.N][to.not.have.N][N→V]-@*ngugh*[the.one.that.V-ed][the.one.that.is.V][V→N][N][Abs][Unpd][Sg]
nunalgutangilnguq	nuna-–leg[one.having.N][N→N]-~:(ng₁)u[to.be.N][N→V]-~:(u)ta[condition.with.respect.to.V-ing][V→N]-~:(ng₁)ite**[to.lack.N][to.not.have.N][N→V][V][Ptcp][3Sg]
nunalgutangilnguq	nuna-–leg[one.having.N][N→N]-~:(ng₁)u[to.be.N][N→V]-~:(u)ta[condition.with.respect.to.V-ing][V→N]-~:(ng₁)ite**[to.lack.N][to.not.have.N][N→V][V][Ptcp][3Du]
nunalgutangilnguq	nuna-–lgu[to.have.N][N→V]-~:(u)ta[condition.with.respect.to.V-ing][V→N]-~:(ng₁)ite**[to.lack.N][to.not.have.N][N→V]-@*ngugh*[the.one.that.V-ed][the.one.that.is.V][V→N][N][Abs][Unpd][Sg]
nunalgutangilnguq	nuna-–lgu[to.have.N][N→V]-~:(u)ta[condition.with.respect.to.V-ing][V→N]-~:(ng₁)ite**[to.lack.N][to.not.have.N][N→V][V][Ptcp][3Sg]
nunalgutangilnguq	nuna-–lgu[to.have.N][N→V]-~:(u)ta[condition.with.respect.to.V-ing][V→N]-~:(ng₁)ite**[to.lack.N][to.not.have.N][N→V][V][Ptcp][3Du]

------------------------
Ellngiinaqeltaghhaq unangniilqegkanga taawangiinaq sikigginaghmun.

ellngiinaqeltaghhaq	+?

unangniilqegkanga	+?

taawangiinaq	+?

sikigginaghmun	+?

------------------------
Talwallu sikigmeng neqekelghii.

talwallu	+?

sikigmeng	sikig[N][Rel][4DuPoss][SgPosd]
sikigmeng	sikig[N][Rel][4DuPoss][PlPosd]
sikigmeng	sikig[N][Rel][4PlPoss][SgPosd]
sikigmeng	sikig[N][Rel][4PlPoss][PlPosd]
sikigmeng	sikig[N][Abl_Mod][Unpd][Sg]

neqekelghii	+?

------------------------
Naqam quunpeng piyaniighaqelghii.

naqam	naqam

quunpeng	quunpeng

piyaniighaqelghii	+?

------------------------
Piyaavigmeng kaanneghmini ellmineng gaaghniighaqelghii.

piyaavigmeng	+?

kaanneghmini	kaate-@₁–negh[the.act.or.activity.of.V-ing][V→N][N][Loc][4SgPoss][SgPosd]
kaanneghmini	kaate-@₁–negh[the.act.or.activity.of.V-ing][V→N][N][Loc][4SgPoss][PlPosd]
kaanneghmini	kaate[V][Ctmp][4Sg]

ellmineng	+?

gaaghniighaqelghii	+?

------------------------
Gaaghniineghmeng taaqneghmini neghluni neneghmeng taaqneghmini ingliighluni qavaghaqelghii.

gaaghniineghmeng	gaagh-@₁~fna[in.order.to.V][intending.to.V][V→V]-~i[SBJ.V-ed.something][V→V]-~i[SBJ.V-ed.something][V→V]-~i[SBJ.V-ed.something][V→V]-~i[SBJ.V-ed.something][V→V]-~i[SBJ.V-ed.something][V→V][V][Ctmp][4Pl]
gaaghniineghmeng	gaagh-@₁~fna[in.order.to.V][intending.to.V][V→V]-~i[SBJ.V-ed.something][V→V]-~i[SBJ.V-ed.something][V→V]-~i[SBJ.V-ed.something][V→V]-~i[SBJ.V-ed.something][V→V]-@₁–negh[the.act.or.activity.of.V-ing][V→N][N][Rel][4DuPoss][SgPosd]
gaaghniineghmeng	gaagh-@₁~fna[in.order.to.V][intending.to.V][V→V]-~i[SBJ.V-ed.something][V→V]-~i[SBJ.V-ed.something][V→V]-~i[SBJ.V-ed.something][V→V]-~i[SBJ.V-ed.something][V→V]-@₁–negh[the.act.or.activity.of.V-ing][V→N][N][Rel][4DuPoss][PlPosd]
gaaghniineghmeng	gaagh-@₁~fna[in.order.to.V][intending.to.V][V→V]-~i[SBJ.V-ed.something][V→V]-~i[SBJ.V-ed.something][V→V]-~i[SBJ.V-ed.something][V→V]-~i[SBJ.V-ed.something][V→V]-@₁–negh[the.act.or.activity.of.V-ing][V→N][N][Rel][4PlPoss][SgPosd]
gaaghniineghmeng	gaagh-@₁~fna[in.order.to.V][intending.to.V][V→V]-~i[SBJ.V-ed.something][V→V]-~i[SBJ.V-ed.something][V→V]-~i[SBJ.V-ed.something][V→V]-~i[SBJ.V-ed.something][V→V]-@₁–negh[the.act.or.activity.of.V-ing][V→N][N][Rel][4PlPoss][PlPosd]
gaaghniineghmeng	gaagh-@₁~fna[in.order.to.V][intending.to.V][V→V]-~i[SBJ.V-ed.something][V→V]-~i[SBJ.V-ed.something][V→V]-~i[SBJ.V-ed.something][V→V]-~i[SBJ.V-ed.something][V→V]-@₁–negh[the.act.or.activity.of.V-ing][V→N][N][Abl_Mod][Unpd][Sg]
gaaghniineghmeng	gaagh-@₁~fna[in.order.to.V][intending.to.V][V→V]-~i[SBJ.V-ed.something][V→V]-~i[SBJ.V-ed.something][V→V]-~i[SBJ.V-ed.something][V→V]-~i[SBJ.V-ed.something][V→V]-~:(u)te[to.V.for.or.with][to.cause.to.V.as.one.is.V-ing][to.V.toward.each.other][V→V][V][Ctmp][4Pl]
gaaghniineghmeng	gaagh-@₁~fna[in.order.to.V][intending.to.V][V→V]-~i[SBJ.V-ed.something][V→V]-~i[SBJ.V-ed.something][V→V]-~i[SBJ.V-ed.something][V→V]-~i[SBJ.V-ed.something][V→V]-~:(u)te[SBJ.V-ed.something][V→V][V][Ctmp][4Pl]
gaaghniineghmeng	gaagh-@₁~fna[in.order.to.V][intending.to.V][V→V]-~i[SBJ.V-ed.something][V→V]-~i[SBJ.V-ed.something][V→V]-~i[SBJ.V-ed.something][V→V]-~i[SBJ.V-ed.something][V→V][V][Ctmp][4Pl]
gaaghniineghmeng	gaagh-@₁~fna[in.order.to.V][intending.to.V][V→V]-~i[SBJ.V-ed.something][V→V]-~i[SBJ.V-ed.something][V→V]-~i[SBJ.V-ed.something][V→V]-@₁–negh[the.act.or.activity.of.V-ing][V→N][N][Rel][4DuPoss][SgPosd]
gaaghniineghmeng	gaagh-@₁~fna[in.order.to.V][intending.to.V][V→V]-~i[SBJ.V-ed.something][V→V]-~i[SBJ.V-ed.something][V→V]-~i[SBJ.V-ed.something][V→V]-@₁–negh[the.act.or.activity.of.V-ing][V→N][N][Rel][4DuPoss][PlPosd]
gaaghniineghmeng	gaagh-@₁~fna[in.order.to.V][intending.to.V][V→V]-~i[SBJ.V-ed.something][V→V]-~i[SBJ.V-ed.something][V→V]-~i[SBJ.V-ed.something][V→V]-@₁–negh[the.act.or.activity.of.V-ing][V→N][N][Rel][4PlPoss][SgPosd]
gaaghniineghmeng	gaagh-@₁~fna[in.order.to.V][intending.to.V][V→V]-~i[SBJ.V-ed.something][V→V]-~i[SBJ.V-ed.something][V→V]-~i[SBJ.V-ed.something][V→V]-@₁–negh[the.act.or.activity.of.V-ing][V→N][N][Rel][4PlPoss][PlPosd]
gaaghniineghmeng	gaagh-@₁~fna[in.order.to.V][intending.to.V][V→V]-~i[SBJ.V-ed.something][V→V]-~i[SBJ.V-ed.something][V→V]-~i[SBJ.V-ed.something][V→V]-@₁–negh[the.act.or.activity.of.V-ing][V→N][N][Abl_Mod][Unpd][Sg]
gaaghniineghmeng	gaagh-@₁~fna[in.order.to.V][intending.to.V][V→V]-~i[SBJ.V-ed.something][V→V]-~i[SBJ.V-ed.something][V→V]-~i[SBJ.V-ed.something][V→V]-~:(u)te[to.V.for.or.with][to.cause.to.V.as.one.is.V-ing][to.V.toward.each.other][V→V]-@₁–negh[the.act.or.activity.of.V-ing][V→N][N][Rel][4DuPoss][SgPosd]
gaaghniineghmeng	gaagh-@₁~fna[in.order.to.V][intending.to.V][V→V]-~i[SBJ.V-ed.something][V→V]-~i[SBJ.V-ed.something][V→V]-~i[SBJ.V-ed.something][V→V]-~:(u)te[to.V.for.or.with][to.cause.to.V.as.one.is.V-ing][to.V.toward.each.other][V→V]-@₁–negh[the.act.or.activity.of.V-ing][V→N][N][Rel][4DuPoss][PlPosd]
gaaghniineghmeng	gaagh-@₁~fna[in.order.to.V][intending.to.V][V→V]-~i[SBJ.V-ed.something][V→V]-~i[SBJ.V-ed.something][V→V]-~i[SBJ.V-ed.something][V→V]-~:(u)te[to.V.for.or.with][to.cause.to.V.as.one.is.V-ing][to.V.toward.each.other][V→V]-@₁–negh[the.act.or.activity.of.V-ing][V→N][N][Rel][4PlPoss][SgPosd]
gaaghniineghmeng	gaagh-@₁~fna[in.order.to.V][intending.to.V][V→V]-~i[SBJ.V-ed.something][V→V]-~i[SBJ.V-ed.something][V→V]-~i[SBJ.V-ed.something][V→V]-~:(u)te[to.V.for.or.with][to.cause.to.V.as.one.is.V-ing][to.V.toward.each.other][V→V]-@₁–negh[the.act.or.activity.of.V-ing][V→N][N][Rel][4PlPoss][PlPosd]
gaaghniineghmeng	gaagh-@₁~fna[in.order.to.V][intending.to.V][V→V]-~i[SBJ.V-ed.something][V→V]-~i[SBJ.V-ed.something][V→V]-~i[SBJ.V-ed.something][V→V]-~:(u)te[to.V.for.or.with][to.cause.to.V.as.one.is.V-ing][to.V.toward.each.other][V→V]-@₁–negh[the.act.or.activity.of.V-ing][V→N][N][Abl_Mod][Unpd][Sg]
gaaghniineghmeng	gaagh-@₁~fna[in.order.to.V][intending.to.V][V→V]-~i[SBJ.V-ed.something][V→V]-~i[SBJ.V-ed.something][V→V]-~i[SBJ.V-ed.something][V→V]-~:(u)te[to.V.for.or.with][to.cause.to.V.as.one.is.V-ing][to.V.toward.each.other][V→V][V][Ctmp][4Pl]
gaaghniineghmeng	gaagh-@₁~fna[in.order.to.V][intending.to.V][V→V]-~i[SBJ.V-ed.something][V→V]-~i[SBJ.V-ed.something][V→V]-~i[SBJ.V-ed.something][V→V]-~:(u)te[SBJ.V-ed.something][V→V]-@₁–negh[the.act.or.activity.of.V-ing][V→N][N][Rel][4DuPoss][SgPosd]
gaaghniineghmeng	gaagh-@₁~fna[in.order.to.V][intending.to.V][V→V]-~i[SBJ.V-ed.something][V→V]-~i[SBJ.V-ed.something][V→V]-~i[SBJ.V-ed.something][V→V]-~:(u)te[SBJ.V-ed.something][V→V]-@₁–negh[the.act.or.activity.of.V-ing][V→N][N][Rel][4DuPoss][PlPosd]
gaaghniineghmeng	gaagh-@₁~fna[in.order.to.V][intending.to.V][V→V]-~i[SBJ.V-ed.something][V→V]-~i[SBJ.V-ed.something][V→V]-~i[SBJ.V-ed.something][V→V]-~:(u)te[SBJ.V-ed.something][V→V]-@₁–negh[the.act.or.activity.of.V-ing][V→N][N][Rel][4PlPoss][SgPosd]
gaaghniineghmeng	gaagh-@₁~fna[in.order.to.V][intending.to.V][V→V]-~i[SBJ.V-ed.something][V→V]-~i[SBJ.V-ed.something][V→V]-~i[SBJ.V-ed.something][V→V]-~:(u)te[SBJ.V-ed.something][V→V]-@₁–negh[the.act.or.activity.of.V-ing][V→N][N][Rel][4PlPoss][PlPosd]
gaaghniineghmeng	gaagh-@₁~fna[in.order.to.V][intending.to.V][V→V]-~i[SBJ.V-ed.something][V→V]-~i[SBJ.V-ed.something][V→V]-~i[SBJ.V-ed.something][V→V]-~:(u)te[SBJ.V-ed.something][V→V]-@₁–negh[the.act.or.activity.of.V-ing][V→N][N][Abl_Mod][Unpd][Sg]
gaaghniineghmeng	gaagh-@₁~fna[in.order.to.V][intending.to.V][V→V]-~i[SBJ.V-ed.something][V→V]-~i[SBJ.V-ed.something][V→V]-~i[SBJ.V-ed.something][V→V]-~:(u)te[SBJ.V-ed.something][V→V][V][Ctmp][4Pl]
gaaghniineghmeng	gaagh-@₁~fna[in.order.to.V][intending.to.V][V→V]-~i[SBJ.V-ed.something][V→V]-~i[SBJ.V-ed.something][V→V]-~i[SBJ.V-ed.something][V→V][V][Ctmp][4Pl]
gaaghniineghmeng	gaagh-@₁~fna[in.order.to.V][intending.to.V][V→V]-~i[SBJ.V-ed.something][V→V]-~i[SBJ.V-ed.something][V→V]-@₁–negh[the.act.or.activity.of.V-ing][V→N][N][Rel][4DuPoss][SgPosd]
gaaghniineghmeng	gaagh-@₁~fna[in.order.to.V][intending.to.V][V→V]-~i[SBJ.V-ed.something][V→V]-~i[SBJ.V-ed.something][V→V]-@₁–negh[the.act.or.activity.of.V-ing][V→N][N][Rel][4DuPoss][PlPosd]
gaaghniineghmeng	gaagh-@₁~fna[in.order.to.V][intending.to.V][V→V]-~i[SBJ.V-ed.something][V→V]-~i[SBJ.V-ed.something][V→V]-@₁–negh[the.act.or.activity.of.V-ing][V→N][N][Rel][4PlPoss][SgPosd]
gaaghniineghmeng	gaagh-@₁~fna[in.order.to.V][intending.to.V][V→V]-~i[SBJ.V-ed.something][V→V]-~i[SBJ.V-ed.something][V→V]-@₁–negh[the.act.or.activity.of.V-ing][V→N][N][Rel][4PlPoss][PlPosd]
gaaghniineghmeng	gaagh-@₁~fna[in.order.to.V][intending.to.V][V→V]-~i[SBJ.V-ed.something][V→V]-~i[SBJ.V-ed.something][V→V]-@₁–negh[the.act.or.activity.of.V-ing][V→N][N][Abl_Mod][Unpd][Sg]
gaaghniineghmeng	gaagh-@₁~fna[in.order.to.V][intending.to.V][V→V]-~i[SBJ.V-ed.something][V→V]-~i[SBJ.V-ed.something][V→V]-~:(u)te[to.V.for.or.with][to.cause.to.V.as.one.is.V-ing][to.V.toward.each.other][V→V]-@₁–negh[the.act.or.activity.of.V-ing][V→N][N][Rel][4DuPoss][SgPosd]
gaaghniineghmeng	gaagh-@₁~fna[in.order.to.V][intending.to.V][V→V]-~i[SBJ.V-ed.something][V→V]-~i[SBJ.V-ed.something][V→V]-~:(u)te[to.V.for.or.with][to.cause.to.V.as.one.is.V-ing][to.V.toward.each.other][V→V]-@₁–negh[the.act.or.activity.of.V-ing][V→N][N][Rel][4DuPoss][PlPosd]
gaaghniineghmeng	gaagh-@₁~fna[in.order.to.V][intending.to.V][V→V]-~i[SBJ.V-ed.something][V→V]-~i[SBJ.V-ed.something][V→V]-~:(u)te[to.V.for.or.with][to.cause.to.V.as.one.is.V-ing][to.V.toward.each.other][V→V]-@₁–negh[the.act.or.activity.of.V-ing][V→N][N][Rel][4PlPoss][SgPosd]
gaaghniineghmeng	gaagh-@₁~fna[in.order.to.V][intending.to.V][V→V]-~i[SBJ.V-ed.something][V→V]-~i[SBJ.V-ed.something][V→V]-~:(u)te[to.V.for.or.with][to.cause.to.V.as.one.is.V-ing][to.V.toward.each.other][V→V]-@₁–negh[the.act.or.activity.of.V-ing][V→N][N][Rel][4PlPoss][PlPosd]
gaaghniineghmeng	gaagh-@₁~fna[in.order.to.V][intending.to.V][V→V]-~i[SBJ.V-ed.something][V→V]-~i[SBJ.V-ed.something][V→V]-~:(u)te[to.V.for.or.with][to.cause.to.V.as.one.is.V-ing][to.V.toward.each.other][V→V]-@₁–negh[the.act.or.activity.of.V-ing][V→N][N][Abl_Mod][Unpd][Sg]
gaaghniineghmeng	gaagh-@₁~fna[in.order.to.V][intending.to.V][V→V]-~i[SBJ.V-ed.something][V→V]-~i[SBJ.V-ed.something][V→V]-~:(u)te[to.V.for.or.with][to.cause.to.V.as.one.is.V-ing][to.V.toward.each.other][V→V][V][Ctmp][4Pl]
gaaghniineghmeng	gaagh-@₁~fna[in.order.to.V][intending.to.V][V→V]-~i[SBJ.V-ed.something][V→V]-~i[SBJ.V-ed.something][V→V]-~:(u)te[SBJ.V-ed.something][V→V]-@₁–negh[the.act.or.activity.of.V-ing][V→N][N][Rel][4DuPoss][SgPosd]
gaaghniineghmeng	gaagh-@₁~fna[in.order.to.V][intending.to.V][V→V]-~i[SBJ.V-ed.something][V→V]-~i[SBJ.V-ed.something][V→V]-~:(u)te[SBJ.V-ed.something][V→V]-@₁–negh[the.act.or.activity.of.V-ing][V→N][N][Rel][4DuPoss][PlPosd]
gaaghniineghmeng	gaagh-@₁~fna[in.order.to.V][intending.to.V][V→V]-~i[SBJ.V-ed.something][V→V]-~i[SBJ.V-ed.something][V→V]-~:(u)te[SBJ.V-ed.something][V→V]-@₁–negh[the.act.or.activity.of.V-ing][V→N][N][Rel][4PlPoss][SgPosd]
gaaghniineghmeng	gaagh-@₁~fna[in.order.to.V][intending.to.V][V→V]-~i[SBJ.V-ed.something][V→V]-~i[SBJ.V-ed.something][V→V]-~:(u)te[SBJ.V-ed.something][V→V]-@₁–negh[the.act.or.activity.of.V-ing][V→N][N][Rel][4PlPoss][PlPosd]
gaaghniineghmeng	gaagh-@₁~fna[in.order.to.V][intending.to.V][V→V]-~i[SBJ.V-ed.something][V→V]-~i[SBJ.V-ed.something][V→V]-~:(u)te[SBJ.V-ed.something][V→V]-@₁–negh[the.act.or.activity.of.V-ing][V→N][N][Abl_Mod][Unpd][Sg]
gaaghniineghmeng	gaagh-@₁~fna[in.order.to.V][intending.to.V][V→V]-~i[SBJ.V-ed.something][V→V]-~i[SBJ.V-ed.something][V→V]-~:(u)te[SBJ.V-ed.something][V→V][V][Ctmp][4Pl]
gaaghniineghmeng	gaagh-@₁~fna[in.order.to.V][intending.to.V][V→V]-~i[SBJ.V-ed.something][V→V]-~i[SBJ.V-ed.something][V→V][V][Ctmp][4Pl]
gaaghniineghmeng	gaagh-@₁~fna[in.order.to.V][intending.to.V][V→V]-~i[SBJ.V-ed.something][V→V]-@₁–negh[the.act.or.activity.of.V-ing][V→N][N][Rel][4DuPoss][SgPosd]
gaaghniineghmeng	gaagh-@₁~fna[in.order.to.V][intending.to.V][V→V]-~i[SBJ.V-ed.something][V→V]-@₁–negh[the.act.or.activity.of.V-ing][V→N][N][Rel][4DuPoss][PlPosd]
gaaghniineghmeng	gaagh-@₁~fna[in.order.to.V][intending.to.V][V→V]-~i[SBJ.V-ed.something][V→V]-@₁–negh[the.act.or.activity.of.V-ing][V→N][N][Rel][4PlPoss][SgPosd]
gaaghniineghmeng	gaagh-@₁~fna[in.order.to.V][intending.to.V][V→V]-~i[SBJ.V-ed.something][V→V]-@₁–negh[the.act.or.activity.of.V-ing][V→N][N][Rel][4PlPoss][PlPosd]
gaaghniineghmeng	gaagh-@₁~fna[in.order.to.V][intending.to.V][V→V]-~i[SBJ.V-ed.something][V→V]-@₁–negh[the.act.or.activity.of.V-ing][V→N][N][Abl_Mod][Unpd][Sg]
gaaghniineghmeng	gaagh-@₁~fna[in.order.to.V][intending.to.V][V→V]-~i[SBJ.V-ed.something][V→V]-~:(u)te[to.V.for.or.with][to.cause.to.V.as.one.is.V-ing][to.V.toward.each.other][V→V]-@₁–negh[the.act.or.activity.of.V-ing][V→N][N][Rel][4DuPoss][SgPosd]
gaaghniineghmeng	gaagh-@₁~fna[in.order.to.V][intending.to.V][V→V]-~i[SBJ.V-ed.something][V→V]-~:(u)te[to.V.for.or.with][to.cause.to.V.as.one.is.V-ing][to.V.toward.each.other][V→V]-@₁–negh[the.act.or.activity.of.V-ing][V→N][N][Rel][4DuPoss][PlPosd]
gaaghniineghmeng	gaagh-@₁~fna[in.order.to.V][intending.to.V][V→V]-~i[SBJ.V-ed.something][V→V]-~:(u)te[to.V.for.or.with][to.cause.to.V.as.one.is.V-ing][to.V.toward.each.other][V→V]-@₁–negh[the.act.or.activity.of.V-ing][V→N][N][Rel][4PlPoss][SgPosd]
gaaghniineghmeng	gaagh-@₁~fna[in.order.to.V][intending.to.V][V→V]-~i[SBJ.V-ed.something][V→V]-~:(u)te[to.V.for.or.with][to.cause.to.V.as.one.is.V-ing][to.V.toward.each.other][V→V]-@₁–negh[the.act.or.activity.of.V-ing][V→N][N][Rel][4PlPoss][PlPosd]
gaaghniineghmeng	gaagh-@₁~fna[in.order.to.V][intending.to.V][V→V]-~i[SBJ.V-ed.something][V→V]-~:(u)te[to.V.for.or.with][to.cause.to.V.as.one.is.V-ing][to.V.toward.each.other][V→V]-@₁–negh[the.act.or.activity.of.V-ing][V→N][N][Abl_Mod][Unpd][Sg]
gaaghniineghmeng	gaagh-@₁~fna[in.order.to.V][intending.to.V][V→V]-~i[SBJ.V-ed.something][V→V]-~:(u)te[to.V.for.or.with][to.cause.to.V.as.one.is.V-ing][to.V.toward.each.other][V→V][V][Ctmp][4Pl]
gaaghniineghmeng	gaagh-@₁~fna[in.order.to.V][intending.to.V][V→V]-~i[SBJ.V-ed.something][V→V]-~:(u)te[SBJ.V-ed.something][V→V]-@₁–negh[the.act.or.activity.of.V-ing][V→N][N][Rel][4DuPoss][SgPosd]
gaaghniineghmeng	gaagh-@₁~fna[in.order.to.V][intending.to.V][V→V]-~i[SBJ.V-ed.something][V→V]-~:(u)te[SBJ.V-ed.something][V→V]-@₁–negh[the.act.or.activity.of.V-ing][V→N][N][Rel][4DuPoss][PlPosd]
gaaghniineghmeng	gaagh-@₁~fna[in.order.to.V][intending.to.V][V→V]-~i[SBJ.V-ed.something][V→V]-~:(u)te[SBJ.V-ed.something][V→V]-@₁–negh[the.act.or.activity.of.V-ing][V→N][N][Rel][4PlPoss][SgPosd]
gaaghniineghmeng	gaagh-@₁~fna[in.order.to.V][intending.to.V][V→V]-~i[SBJ.V-ed.something][V→V]-~:(u)te[SBJ.V-ed.something][V→V]-@₁–negh[the.act.or.activity.of.V-ing][V→N][N][Rel][4PlPoss][PlPosd]
gaaghniineghmeng	gaagh-@₁~fna[in.order.to.V][intending.to.V][V→V]-~i[SBJ.V-ed.something][V→V]-~:(u)te[SBJ.V-ed.something][V→V]-@₁–negh[the.act.or.activity.of.V-ing][V→N][N][Abl_Mod][Unpd][Sg]
gaaghniineghmeng	gaagh-@₁~fna[in.order.to.V][intending.to.V][V→V]-~i[SBJ.V-ed.something][V→V]-~:(u)te[SBJ.V-ed.something][V→V][V][Ctmp][4Pl]
gaaghniineghmeng	gaagh-@₁~fna[in.order.to.V][intending.to.V][V→V]-~i[SBJ.V-ed.something][V→V][V][Ctmp][4Pl]
gaaghniineghmeng	gaagh-@₁~fni[to.say.that.one.is.V-ing][Cmpd_Vbl]-~i[SBJ.V-ed.something][V→V]-~i[SBJ.V-ed.something][V→V]-~i[SBJ.V-ed.something][V→V]-~i[SBJ.V-ed.something][V→V]-~i[SBJ.V-ed.something][V→V][V][Ctmp][4Pl]
gaaghniineghmeng	gaagh-@₁~fni[to.say.that.one.is.V-ing][Cmpd_Vbl]-~i[SBJ.V-ed.something][V→V]-~i[SBJ.V-ed.something][V→V]-~i[SBJ.V-ed.something][V→V]-~i[SBJ.V-ed.something][V→V]-@₁–negh[the.act.or.activity.of.V-ing][V→N][N][Rel][4DuPoss][SgPosd]
gaaghniineghmeng	gaagh-@₁~fni[to.say.that.one.is.V-ing][Cmpd_Vbl]-~i[SBJ.V-ed.something][V→V]-~i[SBJ.V-ed.something][V→V]-~i[SBJ.V-ed.something][V→V]-~i[SBJ.V-ed.something][V→V]-@₁–negh[the.act.or.activity.of.V-ing][V→N][N][Rel][4DuPoss][PlPosd]
gaaghniineghmeng	gaagh-@₁~fni[to.say.that.one.is.V-ing][Cmpd_Vbl]-~i[SBJ.V-ed.something][V→V]-~i[SBJ.V-ed.something][V→V]-~i[SBJ.V-ed.something][V→V]-~i[SBJ.V-ed.something][V→V]-@₁–negh[the.act.or.activity.of.V-ing][V→N][N][Rel][4PlPoss][SgPosd]
gaaghniineghmeng	gaagh-@₁~fni[to.say.that.one.is.V-ing][Cmpd_Vbl]-~i[SBJ.V-ed.something][V→V]-~i[SBJ.V-ed.something][V→V]-~i[SBJ.V-ed.something][V→V]-~i[SBJ.V-ed.something][V→V]-@₁–negh[the.act.or.activity.of.V-ing][V→N][N][Rel][4PlPoss][PlPosd]
gaaghniineghmeng	gaagh-@₁~fni[to.say.that.one.is.V-ing][Cmpd_Vbl]-~i[SBJ.V-ed.something][V→V]-~i[SBJ.V-ed.something][V→V]-~i[SBJ.V-ed.something][V→V]-~i[SBJ.V-ed.something][V→V]-@₁–negh[the.act.or.activity.of.V-ing][V→N][N][Abl_Mod][Unpd][Sg]
gaaghniineghmeng	gaagh-@₁~fni[to.say.that.one.is.V-ing][Cmpd_Vbl]-~i[SBJ.V-ed.something][V→V]-~i[SBJ.V-ed.something][V→V]-~i[SBJ.V-ed.something][V→V]-~i[SBJ.V-ed.something][V→V]-~:(u)te[to.V.for.or.with][to.cause.to.V.as.one.is.V-ing][to.V.toward.each.other][V→V][V][Ctmp][4Pl]
gaaghniineghmeng	gaagh-@₁~fni[to.say.that.one.is.V-ing][Cmpd_Vbl]-~i[SBJ.V-ed.something][V→V]-~i[SBJ.V-ed.something][V→V]-~i[SBJ.V-ed.something][V→V]-~i[SBJ.V-ed.something][V→V]-~:(u)te[SBJ.V-ed.something][V→V][V][Ctmp][4Pl]
gaaghniineghmeng	gaagh-@₁~fni[to.say.that.one.is.V-ing][Cmpd_Vbl]-~i[SBJ.V-ed.something][V→V]-~i[SBJ.V-ed.something][V→V]-~i[SBJ.V-ed.something][V→V]-~i[SBJ.V-ed.something][V→V][V][Ctmp][4Pl]
gaaghniineghmeng	gaagh-@₁~fni[to.say.that.one.is.V-ing][Cmpd_Vbl]-~i[SBJ.V-ed.something][V→V]-~i[SBJ.V-ed.something][V→V]-~i[SBJ.V-ed.something][V→V]-@₁–negh[the.act.or.activity.of.V-ing][V→N][N][Rel][4DuPoss][SgPosd]
gaaghniineghmeng	gaagh-@₁~fni[to.say.that.one.is.V-ing][Cmpd_Vbl]-~i[SBJ.V-ed.something][V→V]-~i[SBJ.V-ed.something][V→V]-~i[SBJ.V-ed.something][V→V]-@₁–negh[the.act.or.activity.of.V-ing][V→N][N][Rel][4DuPoss][PlPosd]
gaaghniineghmeng	gaagh-@₁~fni[to.say.that.one.is.V-ing][Cmpd_Vbl]-~i[SBJ.V-ed.something][V→V]-~i[SBJ.V-ed.something][V→V]-~i[SBJ.V-ed.something][V→V]-@₁–negh[the.act.or.activity.of.V-ing][V→N][N][Rel][4PlPoss][SgPosd]
gaaghniineghmeng	gaagh-@₁~fni[to.say.that.one.is.V-ing][Cmpd_Vbl]-~i[SBJ.V-ed.something][V→V]-~i[SBJ.V-ed.something][V→V]-~i[SBJ.V-ed.something][V→V]-@₁–negh[the.act.or.activity.of.V-ing][V→N][N][Rel][4PlPoss][PlPosd]
gaaghniineghmeng	gaagh-@₁~fni[to.say.that.one.is.V-ing][Cmpd_Vbl]-~i[SBJ.V-ed.something][V→V]-~i[SBJ.V-ed.something][V→V]-~i[SBJ.V-ed.something][V→V]-@₁–negh[the.act.or.activity.of.V-ing][V→N][N][Abl_Mod][Unpd][Sg]
gaaghniineghmeng	gaagh-@₁~fni[to.say.that.one.is.V-ing][Cmpd_Vbl]-~i[SBJ.V-ed.something][V→V]-~i[SBJ.V-ed.something][V→V]-~i[SBJ.V-ed.something][V→V]-~:(u)te[to.V.for.or.with][to.cause.to.V.as.one.is.V-ing][to.V.toward.each.other][V→V]-@₁–negh[the.act.or.activity.of.V-ing][V→N][N][Rel][4DuPoss][SgPosd]
gaaghniineghmeng	gaagh-@₁~fni[to.say.that.one.is.V-ing][Cmpd_Vbl]-~i[SBJ.V-ed.something][V→V]-~i[SBJ.V-ed.something][V→V]-~i[SBJ.V-ed.something][V→V]-~:(u)te[to.V.for.or.with][to.cause.to.V.as.one.is.V-ing][to.V.toward.each.other][V→V]-@₁–negh[the.act.or.activity.of.V-ing][V→N][N][Rel][4DuPoss][PlPosd]
gaaghniineghmeng	gaagh-@₁~fni[to.say.that.one.is.V-ing][Cmpd_Vbl]-~i[SBJ.V-ed.something][V→V]-~i[SBJ.V-ed.something][V→V]-~i[SBJ.V-ed.something][V→V]-~:(u)te[to.V.for.or.with][to.cause.to.V.as.one.is.V-ing][to.V.toward.each.other][V→V]-@₁–negh[the.act.or.activity.of.V-ing][V→N][N][Rel][4PlPoss][SgPosd]
gaaghniineghmeng	gaagh-@₁~fni[to.say.that.one.is.V-ing][Cmpd_Vbl]-~i[SBJ.V-ed.something][V→V]-~i[SBJ.V-ed.something][V→V]-~i[SBJ.V-ed.something][V→V]-~:(u)te[to.V.for.or.with][to.cause.to.V.as.one.is.V-ing][to.V.toward.each.other][V→V]-@₁–negh[the.act.or.activity.of.V-ing][V→N][N][Rel][4PlPoss][PlPosd]
gaaghniineghmeng	gaagh-@₁~fni[to.say.that.one.is.V-ing][Cmpd_Vbl]-~i[SBJ.V-ed.something][V→V]-~i[SBJ.V-ed.something][V→V]-~i[SBJ.V-ed.something][V→V]-~:(u)te[to.V.for.or.with][to.cause.to.V.as.one.is.V-ing][to.V.toward.each.other][V→V]-@₁–negh[the.act.or.activity.of.V-ing][V→N][N][Abl_Mod][Unpd][Sg]
gaaghniineghmeng	gaagh-@₁~fni[to.say.that.one.is.V-ing][Cmpd_Vbl]-~i[SBJ.V-ed.something][V→V]-~i[SBJ.V-ed.something][V→V]-~i[SBJ.V-ed.something][V→V]-~:(u)te[to.V.for.or.with][to.cause.to.V.as.one.is.V-ing][to.V.toward.each.other][V→V][V][Ctmp][4Pl]
gaaghniineghmeng	gaagh-@₁~fni[to.say.that.one.is.V-ing][Cmpd_Vbl]-~i[SBJ.V-ed.something][V→V]-~i[SBJ.V-ed.something][V→V]-~i[SBJ.V-ed.something][V→V]-~:(u)te[SBJ.V-ed.something][V→V]-@₁–negh[the.act.or.activity.of.V-ing][V→N][N][Rel][4DuPoss][SgPosd]
gaaghniineghmeng	gaagh-@₁~fni[to.say.that.one.is.V-ing][Cmpd_Vbl]-~i[SBJ.V-ed.something][V→V]-~i[SBJ.V-ed.something][V→V]-~i[SBJ.V-ed.something][V→V]-~:(u)te[SBJ.V-ed.something][V→V]-@₁–negh[the.act.or.activity.of.V-ing][V→N][N][Rel][4DuPoss][PlPosd]
gaaghniineghmeng	gaagh-@₁~fni[to.say.that.one.is.V-ing][Cmpd_Vbl]-~i[SBJ.V-ed.something][V→V]-~i[SBJ.V-ed.something][V→V]-~i[SBJ.V-ed.something][V→V]-~:(u)te[SBJ.V-ed.something][V→V]-@₁–negh[the.act.or.activity.of.V-ing][V→N][N][Rel][4PlPoss][SgPosd]
gaaghniineghmeng	gaagh-@₁~fni[to.say.that.one.is.V-ing][Cmpd_Vbl]-~i[SBJ.V-ed.something][V→V]-~i[SBJ.V-ed.something][V→V]-~i[SBJ.V-ed.something][V→V]-~:(u)te[SBJ.V-ed.something][V→V]-@₁–negh[the.act.or.activity.of.V-ing][V→N][N][Rel][4PlPoss][PlPosd]
gaaghniineghmeng	gaagh-@₁~fni[to.say.that.one.is.V-ing][Cmpd_Vbl]-~i[SBJ.V-ed.something][V→V]-~i[SBJ.V-ed.something][V→V]-~i[SBJ.V-ed.something][V→V]-~:(u)te[SBJ.V-ed.something][V→V]-@₁–negh[the.act.or.activity.of.V-ing][V→N][N][Abl_Mod][Unpd][Sg]
gaaghniineghmeng	gaagh-@₁~fni[to.say.that.one.is.V-ing][Cmpd_Vbl]-~i[SBJ.V-ed.something][V→V]-~i[SBJ.V-ed.something][V→V]-~i[SBJ.V-ed.something][V→V]-~:(u)te[SBJ.V-ed.something][V→V][V][Ctmp][4Pl]
gaaghniineghmeng	gaagh-@₁~fni[to.say.that.one.is.V-ing][Cmpd_Vbl]-~i[SBJ.V-ed.something][V→V]-~i[SBJ.V-ed.something][V→V]-~i[SBJ.V-ed.something][V→V][V][Ctmp][4Pl]
gaaghniineghmeng	gaagh-@₁~fni[to.say.that.one.is.V-ing][Cmpd_Vbl]-~i[SBJ.V-ed.something][V→V]-~i[SBJ.V-ed.something][V→V]-@₁–negh[the.act.or.activity.of.V-ing][V→N][N][Rel][4DuPoss][SgPosd]
gaaghniineghmeng	gaagh-@₁~fni[to.say.that.one.is.V-ing][Cmpd_Vbl]-~i[SBJ.V-ed.something][V→V]-~i[SBJ.V-ed.something][V→V]-@₁–negh[the.act.or.activity.of.V-ing][V→N][N][Rel][4DuPoss][PlPosd]
gaaghniineghmeng	gaagh-@₁~fni[to.say.that.one.is.V-ing][Cmpd_Vbl]-~i[SBJ.V-ed.something][V→V]-~i[SBJ.V-ed.something][V→V]-@₁–negh[the.act.or.activity.of.V-ing][V→N][N][Rel][4PlPoss][SgPosd]
gaaghniineghmeng	gaagh-@₁~fni[to.say.that.one.is.V-ing][Cmpd_Vbl]-~i[SBJ.V-ed.something][V→V]-~i[SBJ.V-ed.something][V→V]-@₁–negh[the.act.or.activity.of.V-ing][V→N][N][Rel][4PlPoss][PlPosd]
gaaghniineghmeng	gaagh-@₁~fni[to.say.that.one.is.V-ing][Cmpd_Vbl]-~i[SBJ.V-ed.something][V→V]-~i[SBJ.V-ed.something][V→V]-@₁–negh[the.act.or.activity.of.V-ing][V→N][N][Abl_Mod][Unpd][Sg]
gaaghniineghmeng	gaagh-@₁~fni[to.say.that.one.is.V-ing][Cmpd_Vbl]-~i[SBJ.V-ed.something][V→V]-~i[SBJ.V-ed.something][V→V]-~:(u)te[to.V.for.or.with][to.cause.to.V.as.one.is.V-ing][to.V.toward.each.other][V→V]-@₁–negh[the.act.or.activity.of.V-ing][V→N][N][Rel][4DuPoss][SgPosd]
gaaghniineghmeng	gaagh-@₁~fni[to.say.that.one.is.V-ing][Cmpd_Vbl]-~i[SBJ.V-ed.something][V→V]-~i[SBJ.V-ed.something][V→V]-~:(u)te[to.V.for.or.with][to.cause.to.V.as.one.is.V-ing][to.V.toward.each.other][V→V]-@₁–negh[the.act.or.activity.of.V-ing][V→N][N][Rel][4DuPoss][PlPosd]
gaaghniineghmeng	gaagh-@₁~fni[to.say.that.one.is.V-ing][Cmpd_Vbl]-~i[SBJ.V-ed.something][V→V]-~i[SBJ.V-ed.something][V→V]-~:(u)te[to.V.for.or.with][to.cause.to.V.as.one.is.V-ing][to.V.toward.each.other][V→V]-@₁–negh[the.act.or.activity.of.V-ing][V→N][N][Rel][4PlPoss][SgPosd]
gaaghniineghmeng	gaagh-@₁~fni[to.say.that.one.is.V-ing][Cmpd_Vbl]-~i[SBJ.V-ed.something][V→V]-~i[SBJ.V-ed.something][V→V]-~:(u)te[to.V.for.or.with][to.cause.to.V.as.one.is.V-ing][to.V.toward.each.other][V→V]-@₁–negh[the.act.or.activity.of.V-ing][V→N][N][Rel][4PlPoss][PlPosd]
gaaghniineghmeng	gaagh-@₁~fni[to.say.that.one.is.V-ing][Cmpd_Vbl]-~i[SBJ.V-ed.something][V→V]-~i[SBJ.V-ed.something][V→V]-~:(u)te[to.V.for.or.with][to.cause.to.V.as.one.is.V-ing][to.V.toward.each.other][V→V]-@₁–negh[the.act.or.activity.of.V-ing][V→N][N][Abl_Mod][Unpd][Sg]
gaaghniineghmeng	gaagh-@₁~fni[to.say.that.one.is.V-ing][Cmpd_Vbl]-~i[SBJ.V-ed.something][V→V]-~i[SBJ.V-ed.something][V→V]-~:(u)te[to.V.for.or.with][to.cause.to.V.as.one.is.V-ing][to.V.toward.each.other][V→V][V][Ctmp][4Pl]
gaaghniineghmeng	gaagh-@₁~fni[to.say.that.one.is.V-ing][Cmpd_Vbl]-~i[SBJ.V-ed.something][V→V]-~i[SBJ.V-ed.something][V→V]-~:(u)te[SBJ.V-ed.something][V→V]-@₁–negh[the.act.or.activity.of.V-ing][V→N][N][Rel][4DuPoss][SgPosd]
gaaghniineghmeng	gaagh-@₁~fni[to.say.that.one.is.V-ing][Cmpd_Vbl]-~i[SBJ.V-ed.something][V→V]-~i[SBJ.V-ed.something][V→V]-~:(u)te[SBJ.V-ed.something][V→V]-@₁–negh[the.act.or.activity.of.V-ing][V→N][N][Rel][4DuPoss][PlPosd]
gaaghniineghmeng	gaagh-@₁~fni[to.say.that.one.is.V-ing][Cmpd_Vbl]-~i[SBJ.V-ed.something][V→V]-~i[SBJ.V-ed.something][V→V]-~:(u)te[SBJ.V-ed.something][V→V]-@₁–negh[the.act.or.activity.of.V-ing][V→N][N][Rel][4PlPoss][SgPosd]
gaaghniineghmeng	gaagh-@₁~fni[to.say.that.one.is.V-ing][Cmpd_Vbl]-~i[SBJ.V-ed.something][V→V]-~i[SBJ.V-ed.something][V→V]-~:(u)te[SBJ.V-ed.something][V→V]-@₁–negh[the.act.or.activity.of.V-ing][V→N][N][Rel][4PlPoss][PlPosd]
gaaghniineghmeng	gaagh-@₁~fni[to.say.that.one.is.V-ing][Cmpd_Vbl]-~i[SBJ.V-ed.something][V→V]-~i[SBJ.V-ed.something][V→V]-~:(u)te[SBJ.V-ed.something][V→V]-@₁–negh[the.act.or.activity.of.V-ing][V→N][N][Abl_Mod][Unpd][Sg]
gaaghniineghmeng	gaagh-@₁~fni[to.say.that.one.is.V-ing][Cmpd_Vbl]-~i[SBJ.V-ed.something][V→V]-~i[SBJ.V-ed.something][V→V]-~:(u)te[SBJ.V-ed.something][V→V][V][Ctmp][4Pl]
gaaghniineghmeng	gaagh-@₁~fni[to.say.that.one.is.V-ing][Cmpd_Vbl]-~i[SBJ.V-ed.something][V→V]-~i[SBJ.V-ed.something][V→V][V][Ctmp][4Pl]
gaaghniineghmeng	gaagh-@₁~fni[to.say.that.one.is.V-ing][Cmpd_Vbl]-~i[SBJ.V-ed.something][V→V]-@₁–negh[the.act.or.activity.of.V-ing][V→N][N][Rel][4DuPoss][SgPosd]
gaaghniineghmeng	gaagh-@₁~fni[to.say.that.one.is.V-ing][Cmpd_Vbl]-~i[SBJ.V-ed.something][V→V]-@₁–negh[the.act.or.activity.of.V-ing][V→N][N][Rel][4DuPoss][PlPosd]
gaaghniineghmeng	gaagh-@₁~fni[to.say.that.one.is.V-ing][Cmpd_Vbl]-~i[SBJ.V-ed.something][V→V]-@₁–negh[the.act.or.activity.of.V-ing][V→N][N][Rel][4PlPoss][SgPosd]
gaaghniineghmeng	gaagh-@₁~fni[to.say.that.one.is.V-ing][Cmpd_Vbl]-~i[SBJ.V-ed.something][V→V]-@₁–negh[the.act.or.activity.of.V-ing][V→N][N][Rel][4PlPoss][PlPosd]
gaaghniineghmeng	gaagh-@₁~fni[to.say.that.one.is.V-ing][Cmpd_Vbl]-~i[SBJ.V-ed.something][V→V]-@₁–negh[the.act.or.activity.of.V-ing][V→N][N][Abl_Mod][Unpd][Sg]
gaaghniineghmeng	gaagh-@₁~fni[to.say.that.one.is.V-ing][Cmpd_Vbl]-~i[SBJ.V-ed.something][V→V]-~:(u)te[to.V.for.or.with][to.cause.to.V.as.one.is.V-ing][to.V.toward.each.other][V→V]-@₁–negh[the.act.or.activity.of.V-ing][V→N][N][Rel][4DuPoss][SgPosd]
gaaghniineghmeng	gaagh-@₁~fni[to.say.that.one.is.V-ing][Cmpd_Vbl]-~i[SBJ.V-ed.something][V→V]-~:(u)te[to.V.for.or.with][to.cause.to.V.as.one.is.V-ing][to.V.toward.each.other][V→V]-@₁–negh[the.act.or.activity.of.V-ing][V→N][N][Rel][4DuPoss][PlPosd]
gaaghniineghmeng	gaagh-@₁~fni[to.say.that.one.is.V-ing][Cmpd_Vbl]-~i[SBJ.V-ed.something][V→V]-~:(u)te[to.V.for.or.with][to.cause.to.V.as.one.is.V-ing][to.V.toward.each.other][V→V]-@₁–negh[the.act.or.activity.of.V-ing][V→N][N][Rel][4PlPoss][SgPosd]
gaaghniineghmeng	gaagh-@₁~fni[to.say.that.one.is.V-ing][Cmpd_Vbl]-~i[SBJ.V-ed.something][V→V]-~:(u)te[to.V.for.or.with][to.cause.to.V.as.one.is.V-ing][to.V.toward.each.other][V→V]-@₁–negh[the.act.or.activity.of.V-ing][V→N][N][Rel][4PlPoss][PlPosd]
gaaghniineghmeng	gaagh-@₁~fni[to.say.that.one.is.V-ing][Cmpd_Vbl]-~i[SBJ.V-ed.something][V→V]-~:(u)te[to.V.for.or.with][to.cause.to.V.as.one.is.V-ing][to.V.toward.each.other][V→V]-@₁–negh[the.act.or.activity.of.V-ing][V→N][N][Abl_Mod][Unpd][Sg]
gaaghniineghmeng	gaagh-@₁~fni[to.say.that.one.is.V-ing][Cmpd_Vbl]-~i[SBJ.V-ed.something][V→V]-~:(u)te[to.V.for.or.with][to.cause.to.V.as.one.is.V-ing][to.V.toward.each.other][V→V][V][Ctmp][4Pl]
gaaghniineghmeng	gaagh-@₁~fni[to.say.that.one.is.V-ing][Cmpd_Vbl]-~i[SBJ.V-ed.something][V→V]-~:(u)te[SBJ.V-ed.something][V→V]-@₁–negh[the.act.or.activity.of.V-ing][V→N][N][Rel][4DuPoss][SgPosd]
gaaghniineghmeng	gaagh-@₁~fni[to.say.that.one.is.V-ing][Cmpd_Vbl]-~i[SBJ.V-ed.something][V→V]-~:(u)te[SBJ.V-ed.something][V→V]-@₁–negh[the.act.or.activity.of.V-ing][V→N][N][Rel][4DuPoss][PlPosd]
gaaghniineghmeng	gaagh-@₁~fni[to.say.that.one.is.V-ing][Cmpd_Vbl]-~i[SBJ.V-ed.something][V→V]-~:(u)te[SBJ.V-ed.something][V→V]-@₁–negh[the.act.or.activity.of.V-ing][V→N][N][Rel][4PlPoss][SgPosd]
gaaghniineghmeng	gaagh-@₁~fni[to.say.that.one.is.V-ing][Cmpd_Vbl]-~i[SBJ.V-ed.something][V→V]-~:(u)te[SBJ.V-ed.something][V→V]-@₁–negh[the.act.or.activity.of.V-ing][V→N][N][Rel][4PlPoss][PlPosd]
gaaghniineghmeng	gaagh-@₁~fni[to.say.that.one.is.V-ing][Cmpd_Vbl]-~i[SBJ.V-ed.something][V→V]-~:(u)te[SBJ.V-ed.something][V→V]-@₁–negh[the.act.or.activity.of.V-ing][V→N][N][Abl_Mod][Unpd][Sg]
gaaghniineghmeng	gaagh-@₁~fni[to.say.that.one.is.V-ing][Cmpd_Vbl]-~i[SBJ.V-ed.something][V→V]-~:(u)te[SBJ.V-ed.something][V→V][V][Ctmp][4Pl]
gaaghniineghmeng	gaagh-@₁~fni[to.say.that.one.is.V-ing][Cmpd_Vbl]-~i[SBJ.V-ed.something][V→V][V][Ctmp][4Pl]

taaqneghmini	+?

neghluni	neghe[V][Sbrd][3Sg]
neghluni	negh[V][Sbrd][3Sg]

neneghmeng	negh-@₁–negh[the.act.or.activity.of.V-ing][V→N][N][Rel][4DuPoss][SgPosd]
neneghmeng	negh-@₁–negh[the.act.or.activity.of.V-ing][V→N][N][Rel][4DuPoss][PlPosd]
neneghmeng	negh-@₁–negh[the.act.or.activity.of.V-ing][V→N][N][Rel][4PlPoss][SgPosd]
neneghmeng	negh-@₁–negh[the.act.or.activity.of.V-ing][V→N][N][Rel][4PlPoss][PlPosd]
neneghmeng	negh-@₁–negh[the.act.or.activity.of.V-ing][V→N][N][Abl_Mod][Unpd][Sg]
neneghmeng	negh[V][Ctmp][4Pl]

taaqneghmini	+?

ingliighluni	+?

qavaghaqelghii	qavagh-~(g₁)aqe[to.be.V.ing][to.regularly.or.repeatedly.V][V→V]-@₁–lghii[the.one.that.V-ed][the.one.that.is.V][V→N][N][Abs][Unpd][Sg]
qavaghaqelghii	qavagh-~(g₁)aqe[to.be.V.ing][to.regularly.or.repeatedly.V][V→V][V][Ptcp][3Sg]

------------------------
Qavaghluni taghtuneghmini piyaagaqelghii.

qavaghluni	qavagh[V][Sbrd][3Sg]

taghtuneghmini	taghtugh-@₁–negh[the.act.or.activity.of.V-ing][V→N][N][Loc][4SgPoss][SgPosd]
taghtuneghmini	taghtugh-@₁–negh[the.act.or.activity.of.V-ing][V→N][N][Loc][4SgPoss][PlPosd]
taghtuneghmini	taghtugh[V][Ctmp][4Sg]

piyaagaqelghii	piyaa-~(g₁)aqe[to.be.V.ing][to.regularly.or.repeatedly.V][V→V]-@₁–lghii[the.one.that.V-ed][the.one.that.is.V][V→N][N][Abs][Unpd][Sg]
piyaagaqelghii	piyaa-~(g₁)aqe[to.be.V.ing][to.regularly.or.repeatedly.V][V→V][V][Ptcp][3Sg]

------------------------
Unangluni uteghnineghmini unakegkani sikiget aftaluki aymaakengit gaaghaqegkangi amiiriit kinengllaghaqegkangi.

unangluni	+?

uteghnineghmini	+?

unakegkani	+?

sikiget	sikig[N][Abs][Unpd][Pl]
sikiget	sikig[N][Rel][Unpd][Pl]

aftaluki	+?

aymaakengit	+?

gaaghaqegkangi	gaagh-~(g₁)aqe[to.be.V.ing][to.regularly.or.repeatedly.V][V→V]-@*@₂~sf–(g₂)k(a)e[the.one.that.possessor.V-ed][V→N][N][Abs][3SgPoss][PlPosd]
gaaghaqegkangi	gaagh-~(g₁)aqe[to.be.V.ing][to.regularly.or.repeatedly.V][V→V][V][Ptcp][3Sg][3Pl]

amiiriit	+?

kinengllaghaqegkangi	+?

------------------------
Ingleghqaaluki naliini tanpeghqaaluki.

ingleghqaaluki	+?

naliini	naligh*-~:(ng₁)u[to.be.N][N→V]-~i[SBJ.V-ed.something][V→V]-~i[SBJ.V-ed.something][V→V]-~i[SBJ.V-ed.something][V→V]-~i[SBJ.V-ed.something][V→V]-~i[SBJ.V-ed.something][V→V]-@₁~fni[to.say.that.one.is.V-ing][Cmpd_Vbl][V][Opt][PRS][2Sg]
naliini	naligh*-~:(ng₁)u[to.be.N][N→V]-~i[SBJ.V-ed.something][V→V]-~i[SBJ.V-ed.something][V→V]-~i[SBJ.V-ed.something][V→V]-~i[SBJ.V-ed.something][V→V]-@₁~fni[to.say.that.one.is.V-ing][Cmpd_Vbl][V][Opt][PRS][2Sg]
naliini	naligh*-~:(ng₁)u[to.be.N][N→V]-~i[SBJ.V-ed.something][V→V]-~i[SBJ.V-ed.something][V→V]-~i[SBJ.V-ed.something][V→V]-~i[SBJ.V-ed.something][V→V]-~:(u)te[to.V.for.or.with][to.cause.to.V.as.one.is.V-ing][to.V.toward.each.other][V→V]-@₁~fni[to.say.that.one.is.V-ing][Cmpd_Vbl][V][Opt][PRS][2Sg]
naliini	naligh*-~:(ng₁)u[to.be.N][N→V]-~i[SBJ.V-ed.something][V→V]-~i[SBJ.V-ed.something][V→V]-~i[SBJ.V-ed.something][V→V]-~i[SBJ.V-ed.something][V→V]-~:(u)te[SBJ.V-ed.something][V→V]-@₁~fni[to.say.that.one.is.V-ing][Cmpd_Vbl][V][Opt][PRS][2Sg]
naliini	naligh*-~:(ng₁)u[to.be.N][N→V]-~i[SBJ.V-ed.something][V→V]-~i[SBJ.V-ed.something][V→V]-~i[SBJ.V-ed.something][V→V]-@₁~fni[to.say.that.one.is.V-ing][Cmpd_Vbl][V][Opt][PRS][2Sg]
naliini	naligh*-~:(ng₁)u[to.be.N][N→V]-~i[SBJ.V-ed.something][V→V]-~i[SBJ.V-ed.something][V→V]-~i[SBJ.V-ed.something][V→V]-~:(u)te[to.V.for.or.with][to.cause.to.V.as.one.is.V-ing][to.V.toward.each.other][V→V]-@₁~fni[to.say.that.one.is.V-ing][Cmpd_Vbl][V][Opt][PRS][2Sg]
naliini	naligh*-~:(ng₁)u[to.be.N][N→V]-~i[SBJ.V-ed.something][V→V]-~i[SBJ.V-ed.something][V→V]-~i[SBJ.V-ed.something][V→V]-~:(u)te[SBJ.V-ed.something][V→V]-@₁~fni[to.say.that.one.is.V-ing][Cmpd_Vbl][V][Opt][PRS][2Sg]
naliini	naligh*-~:(ng₁)u[to.be.N][N→V]-~i[SBJ.V-ed.something][V→V]-~i[SBJ.V-ed.something][V→V]-@₁~fni[to.say.that.one.is.V-ing][Cmpd_Vbl][V][Opt][PRS][2Sg]
naliini	naligh*-~:(ng₁)u[to.be.N][N→V]-~i[SBJ.V-ed.something][V→V]-~i[SBJ.V-ed.something][V→V]-~:(u)te[to.V.for.or.with][to.cause.to.V.as.one.is.V-ing][to.V.toward.each.other][V→V]-@₁~fni[to.say.that.one.is.V-ing][Cmpd_Vbl][V][Opt][PRS][2Sg]
naliini	naligh*-~:(ng₁)u[to.be.N][N→V]-~i[SBJ.V-ed.something][V→V]-~i[SBJ.V-ed.something][V→V]-~:(u)te[SBJ.V-ed.something][V→V]-@₁~fni[to.say.that.one.is.V-ing][Cmpd_Vbl][V][Opt][PRS][2Sg]
naliini	naligh*-~:(ng₁)u[to.be.N][N→V]-~i[SBJ.V-ed.something][V→V]-@₁~fni[to.say.that.one.is.V-ing][Cmpd_Vbl][V][Opt][PRS][2Sg]
naliini	naligh*-~:(ng₁)u[to.be.N][N→V]-~i[SBJ.V-ed.something][V→V]-~:(u)te[to.V.for.or.with][to.cause.to.V.as.one.is.V-ing][to.V.toward.each.other][V→V]-@₁~fni[to.say.that.one.is.V-ing][Cmpd_Vbl][V][Opt][PRS][2Sg]
naliini	naligh*-~:(ng₁)u[to.be.N][N→V]-~i[SBJ.V-ed.something][V→V]-~:(u)te[SBJ.V-ed.something][V→V]-@₁~fni[to.say.that.one.is.V-ing][Cmpd_Vbl][V][Opt][PRS][2Sg]
naliini	naligh*-~:(ng₁)u[to.be.N][N→V]-@₁~fni[to.say.that.one.is.V-ing][Cmpd_Vbl][V][Opt][PRS][2Sg]
naliini	naligh*-~:(ng₁)u[to.be.N][N→V]-~:(u)te[to.V.for.or.with][to.cause.to.V.as.one.is.V-ing][to.V.toward.each.other][V→V]-@₁~fni[to.say.that.one.is.V-ing][Cmpd_Vbl][V][Opt][PRS][2Sg]
naliini	naligh*-~:(ng₁)u[to.be.N][N→V]-~:(u)te[SBJ.V-ed.something][V→V]-@₁~fni[to.say.that.one.is.V-ing][Cmpd_Vbl][V][Opt][PRS][2Sg]
naliini	naligh*[N][Loc][3SgPoss][SgPosd]
naliini	naligh*[N][Loc][3SgPoss][PlPosd]

tanpeghqaaluki	+?

------------------------


	

------------------------
llangam maaten unanguluku taghtughyami sumeghtaghaamalghii suvukluni esnighqwaghnaluni.

llangam	+?

maaten	+?

unanguluku	+?

taghtughyami	taghtugh[V][CnsqI][4Sg]

sumeghtaghaamalghii	sumeghtaghagh-@₁~:(i/u)ma[to.have.V-ed][to.have.been.V-ed][V→V]-@₁–lghii[the.one.that.V-ed][the.one.that.is.V][V→N][N][Abs][Unpd][Sg]
sumeghtaghaamalghii	sumeghtaghagh-@₁~:(i/u)ma[to.have.V-ed][to.have.been.V-ed][V→V][V][Ptcp][3Sg]

suvukluni	+?

esnighqwaghnaluni	+?

------------------------
Taagken aanluni esnam tunganganun aghulaqumalghii.

taagken	taagken

aanluni	aane[V][Sbrd][3Sg]

esnam	esnagh[N][Rel][Unpd][Sg]

tunganganun	+?

aghulaqumalghii	aghulaqe-@₁~:(i/u)ma[to.have.V-ed][to.have.been.V-ed][V→V]-@₁–lghii[the.one.that.V-ed][the.one.that.is.V][V→N][N][Abs][Unpd][Sg]
aghulaqumalghii	aghulaqe-@₁~:(i/u)ma[to.have.V-ed][to.have.been.V-ed][V→V][V][Ptcp][3Sg]

------------------------
Esnamun kaalluni igleghsimaluni esghaamakanga esnemi unguvalghii tepenghhaq neghnavregaghhaq.

esnamun	esnagh[N][Ter][Unpd][Sg]

kaalluni	kaate[V][Sbrd][3Sg]

igleghsimaluni	igleghte-@₁~:(i/u)ma[to.have.V-ed][to.have.been.V-ed][V→V]-~:(u)te[to.V.for.or.with][to.cause.to.V.as.one.is.V-ing][to.V.toward.each.other][V→V][V][Sbrd][3Sg]
igleghsimaluni	igleghte-@₁~:(i/u)ma[to.have.V-ed][to.have.been.V-ed][V→V]-~:(u)te[SBJ.V-ed.something][V→V][V][Sbrd][3Sg]
igleghsimaluni	igleghte-@₁~:(i/u)ma[to.have.V-ed][to.have.been.V-ed][V→V][V][Sbrd][3Sg]

esghaamakanga	esghagh-@₁~:(i/u)ma[to.have.V-ed][to.have.been.V-ed][V→V]-@*@₂~sf–(g₂)k(a)e[the.one.that.possessor.V-ed][V→N][N][Abs][3SgPoss][SgPosd]
esghaamakanga	esghagh-@₁~:(i/u)ma[to.have.V-ed][to.have.been.V-ed][V→V][V][Ptcp][3Sg][3Sg]
esghaamakanga	esghagh-@₁~:(i/u)ma[to.have.V-ed][to.have.been.V-ed][V→V][V][Cond][3Sg][1Sg]

esnemi	esne[N][Loc][Unpd][Sg]
esnemi	esne[N][Rel][4SgPoss][SgPosd]
esnemi	esne[N][Rel][4SgPoss][PlPosd]

unguvalghii	+?

tepenghhaq	+?

neghnavregaghhaq	+?

------------------------
Taana neghnavregaghhaq unguvaan tuguluku mengteghaminun aglaasimakanga.

taana	taana

neghnavregaghhaq	+?

unguvaan	+?

tuguluku	tugu-~:(u)te[to.V.for.or.with][to.cause.to.V.as.one.is.V-ing][to.V.toward.each.other][V→V][V][Sbrd][1Du][3Sg]
tuguluku	tugu-~:(u)te[to.V.for.or.with][to.cause.to.V.as.one.is.V-ing][to.V.toward.each.other][V→V][V][Sbrd][1Pl][3Sg]
tuguluku	tugu-~:(u)te[to.V.for.or.with][to.cause.to.V.as.one.is.V-ing][to.V.toward.each.other][V→V][V][Sbrd][1Sg][3Sg]
tuguluku	tugu-~:(u)te[to.V.for.or.with][to.cause.to.V.as.one.is.V-ing][to.V.toward.each.other][V→V][V][Sbrd][2Du][3Sg]
tuguluku	tugu-~:(u)te[to.V.for.or.with][to.cause.to.V.as.one.is.V-ing][to.V.toward.each.other][V→V][V][Sbrd][2Pl][3Sg]
tuguluku	tugu-~:(u)te[to.V.for.or.with][to.cause.to.V.as.one.is.V-ing][to.V.toward.each.other][V→V][V][Sbrd][2Sg][3Sg]
tuguluku	tugu-~:(u)te[to.V.for.or.with][to.cause.to.V.as.one.is.V-ing][to.V.toward.each.other][V→V][V][Sbrd][3Du][3Sg]
tuguluku	tugu-~:(u)te[to.V.for.or.with][to.cause.to.V.as.one.is.V-ing][to.V.toward.each.other][V→V][V][Sbrd][3Pl][3Sg]
tuguluku	tugu-~:(u)te[to.V.for.or.with][to.cause.to.V.as.one.is.V-ing][to.V.toward.each.other][V→V][V][Sbrd][3Sg][3Sg]
tuguluku	tugu[V][Sbrd][1Du][3Sg]
tuguluku	tugu[V][Sbrd][1Pl][3Sg]
tuguluku	tugu[V][Sbrd][1Sg][3Sg]
tuguluku	tugu[V][Sbrd][2Du][3Sg]
tuguluku	tugu[V][Sbrd][2Pl][3Sg]
tuguluku	tugu[V][Sbrd][2Sg][3Sg]
tuguluku	tugu[V][Sbrd][3Du][3Sg]
tuguluku	tugu[V][Sbrd][3Pl][3Sg]
tuguluku	tugu[V][Sbrd][3Sg][3Sg]

mengteghaminun	+?

aglaasimakanga	aglagh-~:(u)te[to.V.for.or.with][to.cause.to.V.as.one.is.V-ing][to.V.toward.each.other][V→V]-@₁~:(i/u)ma[to.have.V-ed][to.have.been.V-ed][V→V]-@*@₂~sf–(g₂)k(a)e[the.one.that.possessor.V-ed][V→N][N][Abs][3SgPoss][SgPosd]
aglaasimakanga	aglagh-~:(u)te[SBJ.V-ed.something][V→V]-@₁~:(i/u)ma[to.have.V-ed][to.have.been.V-ed][V→V]-@*@₂~sf–(g₂)k(a)e[the.one.that.possessor.V-ed][V→N][N][Abs][3SgPoss][SgPosd]

------------------------
Taglaghluni kakighani mengtegham putugtaq amiq qepluni ukigsimakanga.

taglaghluni	taglagh[V][Sbrd][3Sg]

kakighani	+?

mengtegham	+?

putugtaq	+?

amiq	+?

qepluni	+?

ukigsimakanga	ukig-te[to.act.on.so.as.to.cause.to.V][V→V]-@₁~:(i/u)ma[to.have.V-ed][to.have.been.V-ed][V→V]-@*@₂~sf–(g₂)k(a)e[the.one.that.possessor.V-ed][V→N][N][Abs][3SgPoss][SgPosd]

------------------------
Ukiglluku itemsimakanga.

ukiglluku	+?

itemsimakanga	+?

------------------------
Itemlluku neghnaavregaghhaq unguvaan qipusimakanga.

itemlluku	+?

neghnaavregaghhaq	+?

unguvaan	+?

qipusimakanga	+?

------------------------
Kepluku almesitun petugumakanga kangighaanun.

kepluku	+?

almesitun	+?

petugumakanga	+?

kangighaanun	+?

------------------------


	

------------------------
Taagken piyaalaataamalghii kilgaanun.

taagken	taagken

piyaalaataamalghii	piyaa-@₁~laatagh[to.V.anyway][despite.everything.to.still.V][V→V]-@₁~:(i/u)ma[to.have.V-ed][to.have.been.V-ed][V→V]-@₁–lghii[the.one.that.V-ed][the.one.that.is.V][V→N][N][Abs][Unpd][Sg]
piyaalaataamalghii	piyaa-@₁~laatagh[to.V.anyway][despite.everything.to.still.V][V→V]-@₁~:(i/u)ma[to.have.V-ed][to.have.been.V-ed][V→V][V][Ptcp][3Sg]
piyaalaataamalghii	piyaa-~:(u)te[to.V.for.or.with][to.cause.to.V.as.one.is.V-ing][to.V.toward.each.other][V→V]-@₁~laatagh[to.V.anyway][despite.everything.to.still.V][V→V]-@₁~:(i/u)ma[to.have.V-ed][to.have.been.V-ed][V→V]-@₁–lghii[the.one.that.V-ed][the.one.that.is.V][V→N][N][Abs][Unpd][Sg]
piyaalaataamalghii	piyaa-~:(u)te[to.V.for.or.with][to.cause.to.V.as.one.is.V-ing][to.V.toward.each.other][V→V]-@₁~laatagh[to.V.anyway][despite.everything.to.still.V][V→V]-@₁~:(i/u)ma[to.have.V-ed][to.have.been.V-ed][V→V][V][Ptcp][3Sg]
piyaalaataamalghii	piyaa-~:(u)te[SBJ.V-ed.something][V→V]-@₁~laatagh[to.V.anyway][despite.everything.to.still.V][V→V]-@₁~:(i/u)ma[to.have.V-ed][to.have.been.V-ed][V→V]-@₁–lghii[the.one.that.V-ed][the.one.that.is.V][V→N][N][Abs][Unpd][Sg]
piyaalaataamalghii	piyaa-~:(u)te[SBJ.V-ed.something][V→V]-@₁~laatagh[to.V.anyway][despite.everything.to.still.V][V→V]-@₁~:(i/u)ma[to.have.V-ed][to.have.been.V-ed][V→V][V][Ptcp][3Sg]

kilgaanun	+?

------------------------
Piyaavigmi unangllaataamalghii sikigmeng.

piyaavigmi	+?

unangllaataamalghii	+?

sikigmeng	sikig[N][Rel][4DuPoss][SgPosd]
sikigmeng	sikig[N][Rel][4DuPoss][PlPosd]
sikigmeng	sikig[N][Rel][4PlPoss][SgPosd]
sikigmeng	sikig[N][Rel][4PlPoss][PlPosd]
sikigmeng	sikig[N][Abl_Mod][Unpd][Sg]

------------------------
Sikigtani akmighluku uteghniimalghii mengteghaminun.

sikigtani	+?

akmighluku	+?

uteghniimalghii	+?

mengteghaminun	+?

------------------------
Kaalluni unakegkani sikik llimakanga egllum saaghwakun.

kaalluni	kaate[V][Sbrd][3Sg]

unakegkani	+?

sikik	sikig[N][Abs][Unpd][Sg]

llimakanga	lli-@₁~:(i/u)ma[to.have.V-ed][to.have.been.V-ed][V→V]-@*@₂~sf–(g₂)k(a)e[the.one.that.possessor.V-ed][V→N][N][Abs][3SgPoss][SgPosd]
llimakanga	lli-@₁~:(i/u)ma[to.have.V-ed][to.have.been.V-ed][V→V][V][Ptcp][3Sg][3Sg]
llimakanga	lli-@₁~:(i/u)ma[to.have.V-ed][to.have.been.V-ed][V→V][V][Cond][3Sg][1Sg]

egllum	egllu[N][Rel][Unpd][Sg]

saaghwakun	saaghw[N][Via][3DuPoss][PlPosd]
saaghwakun	saaghw[N][Via][3SgPoss][SgPosd]
saaghwakun	saaghw[N][Via][3SgPoss][PlPosd]

------------------------
Lliluku ellnga akitkun aqumumalghii.

lliluku	lli-~:(u)te[to.V.for.or.with][to.cause.to.V.as.one.is.V-ing][to.V.toward.each.other][V→V][V][Sbrd][1Du][3Sg]
lliluku	lli-~:(u)te[to.V.for.or.with][to.cause.to.V.as.one.is.V-ing][to.V.toward.each.other][V→V][V][Sbrd][1Pl][3Sg]
lliluku	lli-~:(u)te[to.V.for.or.with][to.cause.to.V.as.one.is.V-ing][to.V.toward.each.other][V→V][V][Sbrd][1Sg][3Sg]
lliluku	lli-~:(u)te[to.V.for.or.with][to.cause.to.V.as.one.is.V-ing][to.V.toward.each.other][V→V][V][Sbrd][2Du][3Sg]
lliluku	lli-~:(u)te[to.V.for.or.with][to.cause.to.V.as.one.is.V-ing][to.V.toward.each.other][V→V][V][Sbrd][2Pl][3Sg]
lliluku	lli-~:(u)te[to.V.for.or.with][to.cause.to.V.as.one.is.V-ing][to.V.toward.each.other][V→V][V][Sbrd][2Sg][3Sg]
lliluku	lli-~:(u)te[to.V.for.or.with][to.cause.to.V.as.one.is.V-ing][to.V.toward.each.other][V→V][V][Sbrd][3Du][3Sg]
lliluku	lli-~:(u)te[to.V.for.or.with][to.cause.to.V.as.one.is.V-ing][to.V.toward.each.other][V→V][V][Sbrd][3Pl][3Sg]
lliluku	lli-~:(u)te[to.V.for.or.with][to.cause.to.V.as.one.is.V-ing][to.V.toward.each.other][V→V][V][Sbrd][3Sg][3Sg]
lliluku	lli[V][Sbrd][1Du][3Sg]
lliluku	lli[V][Sbrd][1Pl][3Sg]
lliluku	lli[V][Sbrd][1Sg][3Sg]
lliluku	lli[V][Sbrd][2Du][3Sg]
lliluku	lli[V][Sbrd][2Pl][3Sg]
lliluku	lli[V][Sbrd][2Sg][3Sg]
lliluku	lli[V][Sbrd][3Du][3Sg]
lliluku	lli[V][Sbrd][3Pl][3Sg]
lliluku	lli[V][Sbrd][3Sg][3Sg]

ellnga	ellnga

akitkun	akite-~–ke[to.have.as.one's.N(s)][N→V]-~:(u)te[condition.with.respect.to.V-ing][V→N][N][Abs][Unpd][Sg]
akitkun	akite[N][Via][Unpd][Sg]

aqumumalghii	aqume-@₁~:(i/u)ma[to.have.V-ed][to.have.been.V-ed][V→V]-@₁–lghii[the.one.that.V-ed][the.one.that.is.V][V→N][N][Abs][Unpd][Sg]
aqumumalghii	aqume-@₁~:(i/u)ma[to.have.V-ed][to.have.been.V-ed][V→V][V][Ptcp][3Sg]

------------------------
Aqumluni iimgutkani neghnavregaq pimakanga, "Enta saaqsin?

aqumluni	aqume[V][Sbrd][3Sg]

iimgutkani	+?

neghnavregaq	+?

pimakanga	pi-@₁~:(i/u)ma[to.have.V-ed][to.have.been.V-ed][V→V]-@*@₂~sf–(g₂)k(a)e[the.one.that.possessor.V-ed][V→N][N][Abs][3SgPoss][SgPosd]
pimakanga	pi-@₁~:(i/u)ma[to.have.V-ed][to.have.been.V-ed][V→V][V][Ptcp][3Sg][3Sg]
pimakanga	pi-@₁~:(i/u)ma[to.have.V-ed][to.have.been.V-ed][V→V][V][Cond][3Sg][1Sg]

enta	+?

saaqsin	sa-~(g₁)aqe[to.be.V.ing][to.regularly.or.repeatedly.V][V→V][V][Intrg][2Sg]

------------------------
Pisteminun unangkaqa aftagu!"

pisteminun	+?

unangkaqa	+?

aftagu	+?

------------------------
Unangkaa sikik umyugamineng qayuutamun uuglluni ellmineng amiirighumalghii.

unangkaa	+?

sikik	sikig[N][Abs][Unpd][Sg]

umyugamineng	+?

qayuutamun	qayugh-~:(ng₁)u[to.be.N][N→V]-~:(u)ta[condition.with.respect.to.V-ing][V→N][N][Ter][Unpd][Sg]
qayuutamun	qayugh-~:(u)ta[condition.with.respect.to.V-ing][V→N][N][Ter][Unpd][Sg]

uuglluni	+?

ellmineng	+?

amiirighumalghii	+?

------------------------
Amiirineghmeng taaqluni ellmineng llaagit uglafqusimalghiit ama ighneghiighumalghii.

amiirineghmeng	+?

taaqluni	taaqe-te[to.act.on.so.as.to.cause.to.V][V→V][V][Sbrd][3Sg]
taaqluni	taaqe[V][Sbrd][3Sg]

ellmineng	+?

llaagit	+?

uglafqusimalghiit	+?

ama	ama

ighneghiighumalghii	+?

------------------------
Uglafquneghmeng taaqsan yuuk pilaataamalghii, "Saaqsin pistemni gaaghutinga!"

uglafquneghmeng	+?

taaqsan	taaqe-te[to.act.on.so.as.to.cause.to.V][V→V][V][CnsqI][3Sg]
taaqsan	taaqe[V][CnsqI][3Sg]

yuuk	yug[N][Abs][Sg]

pilaataamalghii	pi-@₁~laatagh[to.V.anyway][despite.everything.to.still.V][V→V]-@₁~:(i/u)ma[to.have.V-ed][to.have.been.V-ed][V→V]-@₁–lghii[the.one.that.V-ed][the.one.that.is.V][V→N][N][Abs][Unpd][Sg]
pilaataamalghii	pi-@₁~laatagh[to.V.anyway][despite.everything.to.still.V][V→V]-@₁~:(i/u)ma[to.have.V-ed][to.have.been.V-ed][V→V][V][Ptcp][3Sg]
pilaataamalghii	pi-~:(u)te[to.V.for.or.with][to.cause.to.V.as.one.is.V-ing][to.V.toward.each.other][V→V]-@₁~laatagh[to.V.anyway][despite.everything.to.still.V][V→V]-@₁~:(i/u)ma[to.have.V-ed][to.have.been.V-ed][V→V]-@₁–lghii[the.one.that.V-ed][the.one.that.is.V][V→N][N][Abs][Unpd][Sg]
pilaataamalghii	pi-~:(u)te[to.V.for.or.with][to.cause.to.V.as.one.is.V-ing][to.V.toward.each.other][V→V]-@₁~laatagh[to.V.anyway][despite.everything.to.still.V][V→V]-@₁~:(i/u)ma[to.have.V-ed][to.have.been.V-ed][V→V][V][Ptcp][3Sg]
pilaataamalghii	pi-~:(u)te[SBJ.V-ed.something][V→V]-@₁~laatagh[to.V.anyway][despite.everything.to.still.V][V→V]-@₁~:(i/u)ma[to.have.V-ed][to.have.been.V-ed][V→V]-@₁–lghii[the.one.that.V-ed][the.one.that.is.V][V→N][N][Abs][Unpd][Sg]
pilaataamalghii	pi-~:(u)te[SBJ.V-ed.something][V→V]-@₁~laatagh[to.V.anyway][despite.everything.to.still.V][V→V]-@₁~:(i/u)ma[to.have.V-ed][to.have.been.V-ed][V→V][V][Ptcp][3Sg]

saaqsin	sa-~(g₁)aqe[to.be.V.ing][to.regularly.or.repeatedly.V][V→V][V][Intrg][2Sg]

pistemni	+?

gaaghutinga	gaagh-~:(u)te[to.V.for.or.with][to.cause.to.V.as.one.is.V-ing][to.V.toward.each.other][V→V][V][Opt][PRS][2Sg][1Sg]

------------------------
Yugem esghapagyaqminigu sikigem ayimsimakanganga ellmineng.

yugem	yug[N][Rel][Unpd][Sg]

esghapagyaqminigu	+?

sikigem	sikig[N][Rel][Unpd][Sg]

ayimsimakanganga	+?

ellmineng	+?

------------------------
Uughqaghlluni qulmesiitmun kanaghquusimalghiit ellmeggneng, egllum qulangakun agaghsimalghiit.

uughqaghlluni	+?

qulmesiitmun	qulmesiite[N][Ter][Unpd][Sg]

kanaghquusimalghiit	+?

ellmeggneng	+?

egllum	egllu[N][Rel][Unpd][Sg]

qulangakun	+?

agaghsimalghiit	+?

------------------------
Llaaghanwha yuuk ugket ugusata neghumalghii.

llaaghanwha	+?

yuuk	yug[N][Abs][Sg]

ugket	+?

ugusata	+?

neghumalghii	negh-@₁~:(i/u)ma[to.have.V-ed][to.have.been.V-ed][V→V]-@₁–lghii[the.one.that.V-ed][the.one.that.is.V][V→N][N][Abs][Unpd][Sg]
neghumalghii	negh-@₁~:(i/u)ma[to.have.V-ed][to.have.been.V-ed][V→V][V][Ptcp][3Sg]
neghumalghii	neghe-@₁~:(i/u)ma[to.have.V-ed][to.have.been.V-ed][V→V]-@₁–lghii[the.one.that.V-ed][the.one.that.is.V][V→N][N][Abs][Unpd][Sg]
neghumalghii	neghe-@₁~:(i/u)ma[to.have.V-ed][to.have.been.V-ed][V→V][V][Ptcp][3Sg]

------------------------
Neneghmeng taaqluni pilaataamalghii, "Saaqsin pistemni ingleghutinga!

neneghmeng	negh-@₁–negh[the.act.or.activity.of.V-ing][V→N][N][Rel][4DuPoss][SgPosd]
neneghmeng	negh-@₁–negh[the.act.or.activity.of.V-ing][V→N][N][Rel][4DuPoss][PlPosd]
neneghmeng	negh-@₁–negh[the.act.or.activity.of.V-ing][V→N][N][Rel][4PlPoss][SgPosd]
neneghmeng	negh-@₁–negh[the.act.or.activity.of.V-ing][V→N][N][Rel][4PlPoss][PlPosd]
neneghmeng	negh-@₁–negh[the.act.or.activity.of.V-ing][V→N][N][Abl_Mod][Unpd][Sg]
neneghmeng	negh[V][Ctmp][4Pl]

taaqluni	taaqe-te[to.act.on.so.as.to.cause.to.V][V→V][V][Sbrd][3Sg]
taaqluni	taaqe[V][Sbrd][3Sg]

pilaataamalghii	pi-@₁~laatagh[to.V.anyway][despite.everything.to.still.V][V→V]-@₁~:(i/u)ma[to.have.V-ed][to.have.been.V-ed][V→V]-@₁–lghii[the.one.that.V-ed][the.one.that.is.V][V→N][N][Abs][Unpd][Sg]
pilaataamalghii	pi-@₁~laatagh[to.V.anyway][despite.everything.to.still.V][V→V]-@₁~:(i/u)ma[to.have.V-ed][to.have.been.V-ed][V→V][V][Ptcp][3Sg]
pilaataamalghii	pi-~:(u)te[to.V.for.or.with][to.cause.to.V.as.one.is.V-ing][to.V.toward.each.other][V→V]-@₁~laatagh[to.V.anyway][despite.everything.to.still.V][V→V]-@₁~:(i/u)ma[to.have.V-ed][to.have.been.V-ed][V→V]-@₁–lghii[the.one.that.V-ed][the.one.that.is.V][V→N][N][Abs][Unpd][Sg]
pilaataamalghii	pi-~:(u)te[to.V.for.or.with][to.cause.to.V.as.one.is.V-ing][to.V.toward.each.other][V→V]-@₁~laatagh[to.V.anyway][despite.everything.to.still.V][V→V]-@₁~:(i/u)ma[to.have.V-ed][to.have.been.V-ed][V→V][V][Ptcp][3Sg]
pilaataamalghii	pi-~:(u)te[SBJ.V-ed.something][V→V]-@₁~laatagh[to.V.anyway][despite.everything.to.still.V][V→V]-@₁~:(i/u)ma[to.have.V-ed][to.have.been.V-ed][V→V]-@₁–lghii[the.one.that.V-ed][the.one.that.is.V][V→N][N][Abs][Unpd][Sg]
pilaataamalghii	pi-~:(u)te[SBJ.V-ed.something][V→V]-@₁~laatagh[to.V.anyway][despite.everything.to.still.V][V→V]-@₁~:(i/u)ma[to.have.V-ed][to.have.been.V-ed][V→V][V][Ptcp][3Sg]

saaqsin	sa-~(g₁)aqe[to.be.V.ing][to.regularly.or.repeatedly.V][V→V][V][Intrg][2Sg]

pistemni	+?

ingleghutinga	+?

------------------------
Iteghnaqunga."

iteghnaqunga	itegh-@₁~fnaqe[to.be.going.to.V][V→V][V][Ind][1Sg]

------------------------
Ellnga yuuk aanumalghii eslamun.

ellnga	ellnga

yuuk	yug[N][Abs][Sg]

aanumalghii	aane-@₁~:(i/u)ma[to.have.V-ed][to.have.been.V-ed][V→V]-@₁–lghii[the.one.that.V-ed][the.one.that.is.V][V→N][N][Abs][Unpd][Sg]
aanumalghii	aane-@₁~:(i/u)ma[to.have.V-ed][to.have.been.V-ed][V→V][V][Ptcp][3Sg]

eslamun	esla[N][Ter][Unpd][Sg]

------------------------
Mulugpenani iitghumalghii.

mulugpenani	+?

iitghumalghii	itegh-@₁~:(i/u)ma[to.have.V-ed][to.have.been.V-ed][V→V]-@₁–lghii[the.one.that.V-ed][the.one.that.is.V][V→N][N][Abs][Unpd][Sg]
iitghumalghii	itegh-@₁~:(i/u)ma[to.have.V-ed][to.have.been.V-ed][V→V][V][Ptcp][3Sg]

------------------------
Iteghyalghiimi ungavik ellmineng apeghiighsaamalghii.

iteghyalghiimi	itegh-@₁~fyagh[to.go.V-ing][to.V.in.vain][V→V]-@₁–lghii[the.one.that.V-ed][the.one.that.is.V][V→N][N][Loc][Unpd][Sg]
iteghyalghiimi	itegh-@₁~fyagh[to.go.V-ing][to.V.in.vain][V→V]-@₁–lghii[the.one.that.V-ed][the.one.that.is.V][V→N][N][Rel][4SgPoss][SgPosd]
iteghyalghiimi	itegh-@₁~fyagh[to.go.V-ing][to.V.in.vain][V→V]-@₁–lghii[the.one.that.V-ed][the.one.that.is.V][V→N][N][Rel][4SgPoss][PlPosd]
iteghyalghiimi	itegh[V][Ptcp_Obl][4Sg]

ungavik	+?

ellmineng	+?

apeghiighsaamalghii	apeghiigh-te[to.act.on.so.as.to.cause.to.V][V→V]-@₁~fyagh[to.go.V-ing][to.V.in.vain][V→V]-@₁~:(i/u)ma[to.have.V-ed][to.have.been.V-ed][V→V]-@₁–lghii[the.one.that.V-ed][the.one.that.is.V][V→N][N][Abs][Unpd][Sg]
apeghiighsaamalghii	apeghiigh-te[to.act.on.so.as.to.cause.to.V][V→V]-@₁~fyagh[to.go.V-ing][to.V.in.vain][V→V]-@₁~:(i/u)ma[to.have.V-ed][to.have.been.V-ed][V→V][V][Ptcp][3Sg]

------------------------
Iteghluni qavaamalghii.

iteghluni	itegh[V][Sbrd][3Sg]

qavaamalghii	qavagh-@₁~:(i/u)ma[to.have.V-ed][to.have.been.V-ed][V→V]-@₁–lghii[the.one.that.V-ed][the.one.that.is.V][V→N][N][Abs][Unpd][Sg]
qavaamalghii	qavagh-@₁~:(i/u)ma[to.have.V-ed][to.have.been.V-ed][V→V][V][Ptcp][3Sg]

------------------------


	

------------------------
Unaami taghtughyami piyaalaataamalghii.

unaami	unaami[N][Abs][Unpd][Sg]

taghtughyami	taghtugh[V][CnsqI][4Sg]

piyaalaataamalghii	piyaa-@₁~laatagh[to.V.anyway][despite.everything.to.still.V][V→V]-@₁~:(i/u)ma[to.have.V-ed][to.have.been.V-ed][V→V]-@₁–lghii[the.one.that.V-ed][the.one.that.is.V][V→N][N][Abs][Unpd][Sg]
piyaalaataamalghii	piyaa-@₁~laatagh[to.V.anyway][despite.everything.to.still.V][V→V]-@₁~:(i/u)ma[to.have.V-ed][to.have.been.V-ed][V→V][V][Ptcp][3Sg]
piyaalaataamalghii	piyaa-~:(u)te[to.V.for.or.with][to.cause.to.V.as.one.is.V-ing][to.V.toward.each.other][V→V]-@₁~laatagh[to.V.anyway][despite.everything.to.still.V][V→V]-@₁~:(i/u)ma[to.have.V-ed][to.have.been.V-ed][V→V]-@₁–lghii[the.one.that.V-ed][the.one.that.is.V][V→N][N][Abs][Unpd][Sg]
piyaalaataamalghii	piyaa-~:(u)te[to.V.for.or.with][to.cause.to.V.as.one.is.V-ing][to.V.toward.each.other][V→V]-@₁~laatagh[to.V.anyway][despite.everything.to.still.V][V→V]-@₁~:(i/u)ma[to.have.V-ed][to.have.been.V-ed][V→V][V][Ptcp][3Sg]
piyaalaataamalghii	piyaa-~:(u)te[SBJ.V-ed.something][V→V]-@₁~laatagh[to.V.anyway][despite.everything.to.still.V][V→V]-@₁~:(i/u)ma[to.have.V-ed][to.have.been.V-ed][V→V]-@₁–lghii[the.one.that.V-ed][the.one.that.is.V][V→N][N][Abs][Unpd][Sg]
piyaalaataamalghii	piyaa-~:(u)te[SBJ.V-ed.something][V→V]-@₁~laatagh[to.V.anyway][despite.everything.to.still.V][V→V]-@₁~:(i/u)ma[to.have.V-ed][to.have.been.V-ed][V→V][V][Ptcp][3Sg]

------------------------
Iiwennguq qemineng tevaquq meteghlluk esghaamakanga.

iiwennguq	+?

qemineng	+?

tevaquq	+?

meteghlluk	meteghllug[N][Abs][Unpd][Sg]

esghaamakanga	esghagh-@₁~:(i/u)ma[to.have.V-ed][to.have.been.V-ed][V→V]-@*@₂~sf–(g₂)k(a)e[the.one.that.possessor.V-ed][V→N][N][Abs][3SgPoss][SgPosd]
esghaamakanga	esghagh-@₁~:(i/u)ma[to.have.V-ed][to.have.been.V-ed][V→V][V][Ptcp][3Sg][3Sg]
esghaamakanga	esghagh-@₁~:(i/u)ma[to.have.V-ed][to.have.been.V-ed][V→V][V][Cond][3Sg][1Sg]

------------------------
Esghaghluku yugem pimakanga, "Uuk aqelqaq!

esghaghluku	esghagh[V][Sbrd][1Du][3Sg]
esghaghluku	esghagh[V][Sbrd][1Pl][3Sg]
esghaghluku	esghagh[V][Sbrd][1Sg][3Sg]
esghaghluku	esghagh[V][Sbrd][2Du][3Sg]
esghaghluku	esghagh[V][Sbrd][2Pl][3Sg]
esghaghluku	esghagh[V][Sbrd][2Sg][3Sg]
esghaghluku	esghagh[V][Sbrd][3Du][3Sg]
esghaghluku	esghagh[V][Sbrd][3Pl][3Sg]
esghaghluku	esghagh[V][Sbrd][3Sg][3Sg]

yugem	yug[N][Rel][Unpd][Sg]

pimakanga	pi-@₁~:(i/u)ma[to.have.V-ed][to.have.been.V-ed][V→V]-@*@₂~sf–(g₂)k(a)e[the.one.that.possessor.V-ed][V→N][N][Abs][3SgPoss][SgPosd]
pimakanga	pi-@₁~:(i/u)ma[to.have.V-ed][to.have.been.V-ed][V→V][V][Ptcp][3Sg][3Sg]
pimakanga	pi-@₁~:(i/u)ma[to.have.V-ed][to.have.been.V-ed][V→V][V][Cond][3Sg][1Sg]

uuk	+?

aqelqaq	aqelqagh[N][Abs][Unpd][Sg]

------------------------
Natmun igleghtaqsin?"

natmun	+?

igleghtaqsin	igleghte-~(g₁)aqe[to.be.V.ing][to.regularly.or.repeatedly.V][V→V][V][Intrg][2Sg]

------------------------
"Temngi maagun igleghtaqunga."

temngi	+?

maagun	maagun

igleghtaqunga	igleghte-~(g₁)aqe[to.be.V.ing][to.regularly.or.repeatedly.V][V→V][V][Ind][1Sg]

------------------------
Yugem pilaataamakanga, "Uuk weni whanga aqelqaqlaken!

yugem	yug[N][Rel][Unpd][Sg]

pilaataamakanga	pi-@₁~laatagh[to.V.anyway][despite.everything.to.still.V][V→V]-@₁~:(i/u)ma[to.have.V-ed][to.have.been.V-ed][V→V]-@*@₂~sf–(g₂)k(a)e[the.one.that.possessor.V-ed][V→N][N][Abs][3SgPoss][SgPosd]
pilaataamakanga	pi-@₁~laatagh[to.V.anyway][despite.everything.to.still.V][V→V]-@₁~:(i/u)ma[to.have.V-ed][to.have.been.V-ed][V→V][V][Ptcp][3Sg][3Sg]
pilaataamakanga	pi-@₁~laatagh[to.V.anyway][despite.everything.to.still.V][V→V]-@₁~:(i/u)ma[to.have.V-ed][to.have.been.V-ed][V→V][V][Cond][3Sg][1Sg]
pilaataamakanga	pi-~:(u)te[to.V.for.or.with][to.cause.to.V.as.one.is.V-ing][to.V.toward.each.other][V→V]-@₁~laatagh[to.V.anyway][despite.everything.to.still.V][V→V]-@₁~:(i/u)ma[to.have.V-ed][to.have.been.V-ed][V→V]-@*@₂~sf–(g₂)k(a)e[the.one.that.possessor.V-ed][V→N][N][Abs][3SgPoss][SgPosd]
pilaataamakanga	pi-~:(u)te[to.V.for.or.with][to.cause.to.V.as.one.is.V-ing][to.V.toward.each.other][V→V]-@₁~laatagh[to.V.anyway][despite.everything.to.still.V][V→V]-@₁~:(i/u)ma[to.have.V-ed][to.have.been.V-ed][V→V][V][Ptcp][3Sg][3Sg]
pilaataamakanga	pi-~:(u)te[to.V.for.or.with][to.cause.to.V.as.one.is.V-ing][to.V.toward.each.other][V→V]-@₁~laatagh[to.V.anyway][despite.everything.to.still.V][V→V]-@₁~:(i/u)ma[to.have.V-ed][to.have.been.V-ed][V→V][V][Cond][3Sg][1Sg]
pilaataamakanga	pi-~:(u)te[SBJ.V-ed.something][V→V]-@₁~laatagh[to.V.anyway][despite.everything.to.still.V][V→V]-@₁~:(i/u)ma[to.have.V-ed][to.have.been.V-ed][V→V]-@*@₂~sf–(g₂)k(a)e[the.one.that.possessor.V-ed][V→N][N][Abs][3SgPoss][SgPosd]

uuk	+?

weni	+?

whanga	whanga

aqelqaqlaken	+?

------------------------
Atghaalta.

atghaalta	atghagh[V][Opt][PRS][1Pl]

------------------------
Neghyaghtuulta."

neghyaghtuulta	negh-@₁~fyaghtugh[to.be.about.to.V][to.go.somewhere.to.V][V][Opt][PRS][1Pl]
neghyaghtuulta	neghe-@₁~fyaghtugh[to.be.about.to.V][to.go.somewhere.to.V][V][Opt][PRS][1Pl]

------------------------
Taagken yugem aqelqani meteghlluk mengteghaminun itghusimakanga.

taagken	taagken

yugem	yug[N][Rel][Unpd][Sg]

aqelqani	aqelqagh[N][Abs][4SgPoss][SgPosd]
aqelqani	aqelqagh[N][Abs][4SgPoss][PlPosd]
aqelqani	aqelqagh[N][Loc][Unpd][Pl]

meteghlluk	meteghllug[N][Abs][Unpd][Sg]

mengteghaminun	+?

itghusimakanga	+?

------------------------
Kaalluteng iitghumalghiit.

kaalluteng	kaate[V][Sbrd][3Pl]

iitghumalghiit	itegh-@₁~:(i/u)ma[to.have.V-ed][to.have.been.V-ed][V→V]-@₁–lghii[the.one.that.V-ed][the.one.that.is.V][V→N][N][Abs][Unpd][Pl]
iitghumalghiit	itegh-@₁~:(i/u)ma[to.have.V-ed][to.have.been.V-ed][V→V]-@₁–lghii[the.one.that.V-ed][the.one.that.is.V][V→N][N][Rel][Unpd][Pl]
iitghumalghiit	itegh-@₁~:(i/u)ma[to.have.V-ed][to.have.been.V-ed][V→V][V][Ptcp][3Pl]

------------------------
Iteghluteng yugem upughasimakanga alqelqani meteghlluk.

iteghluteng	itegh[V][Sbrd][3Pl]

yugem	yug[N][Rel][Unpd][Sg]

upughasimakanga	+?

alqelqani	+?

meteghlluk	meteghllug[N][Abs][Unpd][Sg]

------------------------
Meteghllukutaqimalghii aqumluni sikigem amiiraakun.

meteghllukutaqimalghii	meteghllug-~–ke[to.have.as.one's.N(s)][N→V]-~:(u)te[to.V.for.or.with][to.cause.to.V.as.one.is.V-ing][to.V.toward.each.other][V→V]-~(g₁)aqe[to.be.V.ing][to.regularly.or.repeatedly.V][V→V]-~i[SBJ.V-ed.something][V→V]-@₁~:(i/u)ma[to.have.V-ed][to.have.been.V-ed][V→V]-@₁–lghii[the.one.that.V-ed][the.one.that.is.V][V→N][N][Abs][Unpd][Sg]
meteghllukutaqimalghii	meteghllug-~–ke[to.have.as.one's.N(s)][N→V]-~:(u)te[to.V.for.or.with][to.cause.to.V.as.one.is.V-ing][to.V.toward.each.other][V→V]-~(g₁)aqe[to.be.V.ing][to.regularly.or.repeatedly.V][V→V]-~i[SBJ.V-ed.something][V→V]-@₁~:(i/u)ma[to.have.V-ed][to.have.been.V-ed][V→V][V][Ptcp][3Sg]
meteghllukutaqimalghii	meteghllug-~–ke[to.have.as.one's.N(s)][N→V]-~:(u)te[SBJ.V-ed.something][V→V]-~(g₁)aqe[to.be.V.ing][to.regularly.or.repeatedly.V][V→V]-~i[SBJ.V-ed.something][V→V]-@₁~:(i/u)ma[to.have.V-ed][to.have.been.V-ed][V→V]-@₁–lghii[the.one.that.V-ed][the.one.that.is.V][V→N][N][Abs][Unpd][Sg]
meteghllukutaqimalghii	meteghllug-~–ke[to.have.as.one's.N(s)][N→V]-~:(u)te[SBJ.V-ed.something][V→V]-~(g₁)aqe[to.be.V.ing][to.regularly.or.repeatedly.V][V→V]-~i[SBJ.V-ed.something][V→V]-@₁~:(i/u)ma[to.have.V-ed][to.have.been.V-ed][V→V][V][Ptcp][3Sg]

aqumluni	aqume[V][Sbrd][3Sg]

sikigem	sikig[N][Rel][Unpd][Sg]

amiiraakun	+?

------------------------
Yuuk pimalghii, "Saaqsin pistemni?

yuuk	yug[N][Abs][Sg]

pimalghii	pi-@₁~:(i/u)ma[to.have.V-ed][to.have.been.V-ed][V→V]-@₁–lghii[the.one.that.V-ed][the.one.that.is.V][V→N][N][Abs][Unpd][Sg]
pimalghii	pi-@₁~:(i/u)ma[to.have.V-ed][to.have.been.V-ed][V→V][V][Ptcp][3Sg]

saaqsin	sa-~(g₁)aqe[to.be.V.ing][to.regularly.or.repeatedly.V][V→V][V][Intrg][2Sg]

pistemni	+?

------------------------
Aqelqaq gaaghutigu."

aqelqaq	aqelqagh[N][Abs][Unpd][Sg]

gaaghutigu	gaagh-~:(u)te[to.V.for.or.with][to.cause.to.V.as.one.is.V-ing][to.V.toward.each.other][V→V][V][Opt][PRS][2Sg][3Sg]

------------------------
Llaaghanwha sikigem neqangit ellmeggneng ketfaghluteng ugkelliiqelghiit.

llaaghanwha	+?

sikigem	sikig[N][Rel][Unpd][Sg]

neqangit	negh[V][Ptcp][3Du][3Sg]
neqangit	negh[V][Ptcp][3Pl][3Pl]

ellmeggneng	+?

ketfaghluteng	ketfagh[V][Sbrd][3Pl]

ugkelliiqelghiit	+?

------------------------
Ugkelliluteng ellmeggneng qulmesiitmun iteghluteng agaghsimalghiit egllum qulanganun.

ugkelliluteng	+?

ellmeggneng	+?

qulmesiitmun	qulmesiite[N][Ter][Unpd][Sg]

iteghluteng	itegh[V][Sbrd][3Pl]

agaghsimalghiit	+?

egllum	egllu[N][Rel][Unpd][Sg]

qulanganun	+?

------------------------
Meteghlluk aqumluni qiivaqwaaqelghii uzimun.

meteghlluk	meteghllug[N][Abs][Unpd][Sg]

aqumluni	aqume[V][Sbrd][3Sg]

qiivaqwaaqelghii	+?

uzimun	+?

------------------------
Mengtegham ilungani aghtughaqelghii esghaanneghmeng kitum yuuk apeghiighsaataqagu.

mengtegham	+?

ilungani	+?

aghtughaqelghii	aghtugh-~(g₁)aqe[to.be.V.ing][to.regularly.or.repeatedly.V][V→V]-@₁–lghii[the.one.that.V-ed][the.one.that.is.V][V→N][N][Abs][Unpd][Sg]
aghtughaqelghii	aghtugh-~(g₁)aqe[to.be.V.ing][to.regularly.or.repeatedly.V][V→V][V][Ptcp][3Sg]

esghaanneghmeng	esghaate-@₁–negh[the.act.or.activity.of.V-ing][V→N][N][Rel][4DuPoss][SgPosd]
esghaanneghmeng	esghaate-@₁–negh[the.act.or.activity.of.V-ing][V→N][N][Rel][4DuPoss][PlPosd]
esghaanneghmeng	esghaate-@₁–negh[the.act.or.activity.of.V-ing][V→N][N][Rel][4PlPoss][SgPosd]
esghaanneghmeng	esghaate-@₁–negh[the.act.or.activity.of.V-ing][V→N][N][Rel][4PlPoss][PlPosd]
esghaanneghmeng	esghaate-@₁–negh[the.act.or.activity.of.V-ing][V→N][N][Abl_Mod][Unpd][Sg]
esghaanneghmeng	esghaate[V][Ctmp][4Pl]
esghaanneghmeng	esghagh-~:(u)te[to.V.for.or.with][to.cause.to.V.as.one.is.V-ing][to.V.toward.each.other][V→V]-@₁–negh[the.act.or.activity.of.V-ing][V→N][N][Rel][4DuPoss][SgPosd]
esghaanneghmeng	esghagh-~:(u)te[to.V.for.or.with][to.cause.to.V.as.one.is.V-ing][to.V.toward.each.other][V→V]-@₁–negh[the.act.or.activity.of.V-ing][V→N][N][Rel][4DuPoss][PlPosd]
esghaanneghmeng	esghagh-~:(u)te[to.V.for.or.with][to.cause.to.V.as.one.is.V-ing][to.V.toward.each.other][V→V]-@₁–negh[the.act.or.activity.of.V-ing][V→N][N][Rel][4PlPoss][SgPosd]
esghaanneghmeng	esghagh-~:(u)te[to.V.for.or.with][to.cause.to.V.as.one.is.V-ing][to.V.toward.each.other][V→V]-@₁–negh[the.act.or.activity.of.V-ing][V→N][N][Rel][4PlPoss][PlPosd]
esghaanneghmeng	esghagh-~:(u)te[to.V.for.or.with][to.cause.to.V.as.one.is.V-ing][to.V.toward.each.other][V→V]-@₁–negh[the.act.or.activity.of.V-ing][V→N][N][Abl_Mod][Unpd][Sg]
esghaanneghmeng	esghagh-~:(u)te[to.V.for.or.with][to.cause.to.V.as.one.is.V-ing][to.V.toward.each.other][V→V]-te[to.act.on.so.as.to.cause.to.V][V→V]-@₁–negh[the.act.or.activity.of.V-ing][V→N][N][Rel][4DuPoss][SgPosd]
esghaanneghmeng	esghagh-~:(u)te[to.V.for.or.with][to.cause.to.V.as.one.is.V-ing][to.V.toward.each.other][V→V]-te[to.act.on.so.as.to.cause.to.V][V→V]-@₁–negh[the.act.or.activity.of.V-ing][V→N][N][Rel][4DuPoss][PlPosd]
esghaanneghmeng	esghagh-~:(u)te[to.V.for.or.with][to.cause.to.V.as.one.is.V-ing][to.V.toward.each.other][V→V]-te[to.act.on.so.as.to.cause.to.V][V→V]-@₁–negh[the.act.or.activity.of.V-ing][V→N][N][Rel][4PlPoss][SgPosd]
esghaanneghmeng	esghagh-~:(u)te[to.V.for.or.with][to.cause.to.V.as.one.is.V-ing][to.V.toward.each.other][V→V]-te[to.act.on.so.as.to.cause.to.V][V→V]-@₁–negh[the.act.or.activity.of.V-ing][V→N][N][Rel][4PlPoss][PlPosd]
esghaanneghmeng	esghagh-~:(u)te[to.V.for.or.with][to.cause.to.V.as.one.is.V-ing][to.V.toward.each.other][V→V]-te[to.act.on.so.as.to.cause.to.V][V→V]-@₁–negh[the.act.or.activity.of.V-ing][V→N][N][Abl_Mod][Unpd][Sg]
esghaanneghmeng	esghagh-~:(u)te[condition.with.respect.to.V-ing][V→N]-te[to.catch.N][to.go.to.N][N→V]-@₁–negh[the.act.or.activity.of.V-ing][V→N][N][Rel][4DuPoss][SgPosd]
esghaanneghmeng	esghagh-~:(u)te[condition.with.respect.to.V-ing][V→N]-te[to.catch.N][to.go.to.N][N→V]-@₁–negh[the.act.or.activity.of.V-ing][V→N][N][Rel][4DuPoss][PlPosd]
esghaanneghmeng	esghagh-~:(u)te[condition.with.respect.to.V-ing][V→N]-te[to.catch.N][to.go.to.N][N→V]-@₁–negh[the.act.or.activity.of.V-ing][V→N][N][Rel][4PlPoss][SgPosd]
esghaanneghmeng	esghagh-~:(u)te[condition.with.respect.to.V-ing][V→N]-te[to.catch.N][to.go.to.N][N→V]-@₁–negh[the.act.or.activity.of.V-ing][V→N][N][Rel][4PlPoss][PlPosd]
esghaanneghmeng	esghagh-~:(u)te[condition.with.respect.to.V-ing][V→N]-te[to.catch.N][to.go.to.N][N→V]-@₁–negh[the.act.or.activity.of.V-ing][V→N][N][Abl_Mod][Unpd][Sg]
esghaanneghmeng	esghagh-~:(u)te[condition.with.respect.to.V-ing][V→N]-te[to.catch.N][to.go.to.N][N→V][V][Ctmp][4Pl]
esghaanneghmeng	esghagh-~:(u)te[SBJ.V-ed.something][V→V]-@₁–negh[the.act.or.activity.of.V-ing][V→N][N][Rel][4DuPoss][SgPosd]
esghaanneghmeng	esghagh-~:(u)te[SBJ.V-ed.something][V→V]-@₁–negh[the.act.or.activity.of.V-ing][V→N][N][Rel][4DuPoss][PlPosd]
esghaanneghmeng	esghagh-~:(u)te[SBJ.V-ed.something][V→V]-@₁–negh[the.act.or.activity.of.V-ing][V→N][N][Rel][4PlPoss][SgPosd]
esghaanneghmeng	esghagh-~:(u)te[SBJ.V-ed.something][V→V]-@₁–negh[the.act.or.activity.of.V-ing][V→N][N][Rel][4PlPoss][PlPosd]
esghaanneghmeng	esghagh-~:(u)te[SBJ.V-ed.something][V→V]-@₁–negh[the.act.or.activity.of.V-ing][V→N][N][Abl_Mod][Unpd][Sg]
esghaanneghmeng	esghagh-~:(u)te[SBJ.V-ed.something][V→V]-te[to.act.on.so.as.to.cause.to.V][V→V]-@₁–negh[the.act.or.activity.of.V-ing][V→N][N][Rel][4DuPoss][SgPosd]
esghaanneghmeng	esghagh-~:(u)te[SBJ.V-ed.something][V→V]-te[to.act.on.so.as.to.cause.to.V][V→V]-@₁–negh[the.act.or.activity.of.V-ing][V→N][N][Rel][4DuPoss][PlPosd]
esghaanneghmeng	esghagh-~:(u)te[SBJ.V-ed.something][V→V]-te[to.act.on.so.as.to.cause.to.V][V→V]-@₁–negh[the.act.or.activity.of.V-ing][V→N][N][Rel][4PlPoss][SgPosd]
esghaanneghmeng	esghagh-~:(u)te[SBJ.V-ed.something][V→V]-te[to.act.on.so.as.to.cause.to.V][V→V]-@₁–negh[the.act.or.activity.of.V-ing][V→N][N][Rel][4PlPoss][PlPosd]
esghaanneghmeng	esghagh-~:(u)te[SBJ.V-ed.something][V→V]-te[to.act.on.so.as.to.cause.to.V][V→V]-@₁–negh[the.act.or.activity.of.V-ing][V→N][N][Abl_Mod][Unpd][Sg]
esghaanneghmeng	esghagh-~:(u)te[SBJ.V-ed.something][V→V]-te[to.act.on.so.as.to.cause.to.V][V→V][V][Ctmp][4Pl]
esghaanneghmeng	esghagh-~:(u)te[SBJ.V-ed.something][V→V][V][Ctmp][4Pl]

kitum	kitum

yuuk	yug[N][Abs][Sg]

apeghiighsaataqagu	apeghiigh-te[to.act.on.so.as.to.cause.to.V][V→V]-@₁~fyagh[to.go.V-ing][to.V.in.vain][V→V]-~:(u)te[to.V.for.or.with][to.cause.to.V.as.one.is.V-ing][to.V.toward.each.other][V→V]-~(g₁)aqe[to.be.V.ing][to.regularly.or.repeatedly.V][V→V][V][Intrg][3Sg][3Sg]

------------------------
Neneghmeng taaqluteng iitghumalghiit.

neneghmeng	negh-@₁–negh[the.act.or.activity.of.V-ing][V→N][N][Rel][4DuPoss][SgPosd]
neneghmeng	negh-@₁–negh[the.act.or.activity.of.V-ing][V→N][N][Rel][4DuPoss][PlPosd]
neneghmeng	negh-@₁–negh[the.act.or.activity.of.V-ing][V→N][N][Rel][4PlPoss][SgPosd]
neneghmeng	negh-@₁–negh[the.act.or.activity.of.V-ing][V→N][N][Rel][4PlPoss][PlPosd]
neneghmeng	negh-@₁–negh[the.act.or.activity.of.V-ing][V→N][N][Abl_Mod][Unpd][Sg]
neneghmeng	negh[V][Ctmp][4Pl]

taaqluteng	taaqe-te[to.act.on.so.as.to.cause.to.V][V→V][V][Sbrd][3Pl]
taaqluteng	taaqe[V][Sbrd][3Pl]

iitghumalghiit	itegh-@₁~:(i/u)ma[to.have.V-ed][to.have.been.V-ed][V→V]-@₁–lghii[the.one.that.V-ed][the.one.that.is.V][V→N][N][Abs][Unpd][Pl]
iitghumalghiit	itegh-@₁~:(i/u)ma[to.have.V-ed][to.have.been.V-ed][V→V]-@₁–lghii[the.one.that.V-ed][the.one.that.is.V][V→N][N][Rel][Unpd][Pl]
iitghumalghiit	itegh-@₁~:(i/u)ma[to.have.V-ed][to.have.been.V-ed][V→V][V][Ptcp][3Pl]

------------------------


	

------------------------
Qavaghluteng unaami taghtughluteng neghluteng aghulaqumalghiit.

qavaghluteng	qavagh[V][Sbrd][3Pl]

unaami	unaami[N][Abs][Unpd][Sg]

taghtughluteng	taghtugh[V][Sbrd][3Pl]

neghluteng	neghe[V][Sbrd][3Pl]
neghluteng	negh[V][Sbrd][3Pl]

aghulaqumalghiit	aghulaqe-@₁~:(i/u)ma[to.have.V-ed][to.have.been.V-ed][V→V]-@₁–lghii[the.one.that.V-ed][the.one.that.is.V][V→N][N][Abs][Unpd][Pl]
aghulaqumalghiit	aghulaqe-@₁~:(i/u)ma[to.have.V-ed][to.have.been.V-ed][V→V]-@₁–lghii[the.one.that.V-ed][the.one.that.is.V][V→N][N][Rel][Unpd][Pl]
aghulaqumalghiit	aghulaqe-@₁~:(i/u)ma[to.have.V-ed][to.have.been.V-ed][V→V][V][Ptcp][3Pl]

------------------------
Yugem meteghlluk pimakanga, "Whanga piyaanaqunga kilgaanun.

yugem	yug[N][Rel][Unpd][Sg]

meteghlluk	meteghllug[N][Abs][Unpd][Sg]

pimakanga	pi-@₁~:(i/u)ma[to.have.V-ed][to.have.been.V-ed][V→V]-@*@₂~sf–(g₂)k(a)e[the.one.that.possessor.V-ed][V→N][N][Abs][3SgPoss][SgPosd]
pimakanga	pi-@₁~:(i/u)ma[to.have.V-ed][to.have.been.V-ed][V→V][V][Ptcp][3Sg][3Sg]
pimakanga	pi-@₁~:(i/u)ma[to.have.V-ed][to.have.been.V-ed][V→V][V][Cond][3Sg][1Sg]

whanga	whanga

piyaanaqunga	piyaa-@₁~fnaqe[to.be.going.to.V][V→V][V][Ind][1Sg]
piyaanaqunga	piyaa-~:(u)te[to.V.for.or.with][to.cause.to.V.as.one.is.V-ing][to.V.toward.each.other][V→V]-@₁~fnaqe[to.be.going.to.V][V→V][V][Ind][1Sg]
piyaanaqunga	piyaa-~:(u)te[SBJ.V-ed.something][V→V]-@₁~fnaqe[to.be.going.to.V][V→V][V][Ind][1Sg]

kilgaanun	+?

------------------------
Elpek navek pinaqsin?"

elpek	elpek

navek	navek

pinaqsin	pi-@₁~fnaqe[to.be.going.to.V][V→V][V][Intrg][2Sg]
pinaqsin	pi-~:(u)te[to.V.for.or.with][to.cause.to.V.as.one.is.V-ing][to.V.toward.each.other][V→V]-@₁~fnaqe[to.be.going.to.V][V→V][V][Intrg][2Sg]
pinaqsin	pi-~:(u)te[SBJ.V-ed.something][V→V]-@₁~fnaqe[to.be.going.to.V][V→V][V][Intrg][2Sg]

------------------------
"Whanga akingan tunganganun ivaghiiqunga nemeng."

whanga	whanga

akingan	aki[N][Rel][3SgPoss][SgPosd]
akingan	aki[N][Rel][3SgPoss][PlPosd]

tunganganun	+?

ivaghiiqunga	ivagh-~i[SBJ.V-ed.something][V→V]-~(g₁)aqe[to.be.V.ing][to.regularly.or.repeatedly.V][V→V][V][Ind][1Sg]

nemeng	ne[N][Rel][4DuPoss][SgPosd]
nemeng	ne[N][Rel][4DuPoss][PlPosd]
nemeng	ne[N][Rel][4PlPoss][SgPosd]
nemeng	ne[N][Rel][4PlPoss][PlPosd]
nemeng	ne[N][Abl_Mod][Unpd][Sg]

------------------------
Taagken pellghusimalghiik.

taagken	taagken

pellghusimalghiik	+?

------------------------
Yuuk aygumim aghulaqumalghii.

yuuk	yug[N][Abs][Sg]

aygumim	+?

aghulaqumalghii	aghulaqe-@₁~:(i/u)ma[to.have.V-ed][to.have.been.V-ed][V→V]-@₁–lghii[the.one.that.V-ed][the.one.that.is.V][V→N][N][Abs][Unpd][Sg]
aghulaqumalghii	aghulaqe-@₁~:(i/u)ma[to.have.V-ed][to.have.been.V-ed][V→V][V][Ptcp][3Sg]

------------------------
Meteghlluk akingan tunganganun aghulaqumalghii.

meteghlluk	meteghllug[N][Abs][Unpd][Sg]

akingan	aki[N][Rel][3SgPoss][SgPosd]
akingan	aki[N][Rel][3SgPoss][PlPosd]

tunganganun	+?

aghulaqumalghii	aghulaqe-@₁~:(i/u)ma[to.have.V-ed][to.have.been.V-ed][V→V]-@₁–lghii[the.one.that.V-ed][the.one.that.is.V][V→N][N][Abs][Unpd][Sg]
aghulaqumalghii	aghulaqe-@₁~:(i/u)ma[to.have.V-ed][to.have.been.V-ed][V→V][V][Ptcp][3Sg]

------------------------
Meteghlluk pengughqameng talughlluni yuuk iighulluku esghapagumakanga.

meteghlluk	meteghllug[N][Abs][Unpd][Sg]

pengughqameng	+?

talughlluni	+?

yuuk	yug[N][Abs][Sg]

iighulluku	+?

esghapagumakanga	+?

------------------------
Talughhneghsimakanga.

talughhneghsimakanga	+?

------------------------


	

------------------------
Talughsan qemimeng meteghlluk taayughqumalghii yugem mengteghanun.

talughsan	+?

qemimeng	+?

meteghlluk	meteghllug[N][Abs][Unpd][Sg]

taayughqumalghii	+?

yugem	yug[N][Rel][Unpd][Sg]

mengteghanun	+?

------------------------
Kaalluni mengteghamun iteghluni aqumumalghii.

kaalluni	kaate[V][Sbrd][3Sg]

mengteghamun	+?

iteghluni	itegh[V][Sbrd][3Sg]

aqumumalghii	aqume-@₁~:(i/u)ma[to.have.V-ed][to.have.been.V-ed][V→V]-@₁–lghii[the.one.that.V-ed][the.one.that.is.V][V→N][N][Abs][Unpd][Sg]
aqumumalghii	aqume-@₁~:(i/u)ma[to.have.V-ed][to.have.been.V-ed][V→V][V][Ptcp][3Sg]

------------------------
Yugtun ellngallu pimalghii, "Entapistemni gaaghutinga!

yugtun	yug[N][Equ][Unpd][Sg]
yugtun	yug-te[to.catch.N][to.go.to.N][N→V]-~:(u)te[condition.with.respect.to.V-ing][V→N][N][Abs][Unpd][Sg]

ellngallu	+?

pimalghii	pi-@₁~:(i/u)ma[to.have.V-ed][to.have.been.V-ed][V→V]-@₁–lghii[the.one.that.V-ed][the.one.that.is.V][V→N][N][Abs][Unpd][Sg]
pimalghii	pi-@₁~:(i/u)ma[to.have.V-ed][to.have.been.V-ed][V→V][V][Ptcp][3Sg]

entapistemni	+?

gaaghutinga	gaagh-~:(u)te[to.V.for.or.with][to.cause.to.V.as.one.is.V-ing][to.V.toward.each.other][V→V][V][Opt][PRS][2Sg][1Sg]

------------------------
Neghnavregaam avelghaqinaamakanga iwemga wataqun.

neghnavregaam	+?

avelghaqinaamakanga	+?

iwemga	+?

wataqun	+?

------------------------
Qenwat aghtughluni meteghlluk qeíliqumalghii.

qenwat	qenwat

aghtughluni	aghtugh[V][Sbrd][3Sg]

meteghlluk	meteghllug[N][Abs][Unpd][Sg]

qeíliqumalghii	+?

------------------------
Uzimun mengteghaq ivaghivikumakanga.

uzimun	+?

mengteghaq	+?

ivaghivikumakanga	ivagh-~i[SBJ.V-ed.something][V→V]-@₁~fvik[place.to.V][V→N]-~–ke[to.have.as.one's.N(s)][N→V]-@₁~:(i/u)ma[to.have.V-ed][to.have.been.V-ed][V→V]-@*@₂~sf–(g₂)k(a)e[the.one.that.possessor.V-ed][V→N][N][Abs][3SgPoss][SgPosd]
ivaghivikumakanga	ivagh-~i[SBJ.V-ed.something][V→V]-@₁~fvik[place.to.V][V→N]-~:(ng₁)u[to.be.N][N→V]-@₁~:(i/u)ma[to.have.V-ed][to.have.been.V-ed][V→V]-@*@₂~sf–(g₂)k(a)e[the.one.that.possessor.V-ed][V→N][N][Abs][3SgPoss][SgPosd]

------------------------
Sunanguq taana esghaghaa kangighani petugluni amiq uumwaaqaq.

sunanguq	+?

taana	taana

esghaghaa	esghagh[V][Ind][3Sg][3Sg]

kangighani	+?

petugluni	+?

amiq	+?

uumwaaqaq	+?

------------------------
Meteghllugem ketfaghluku itemsimakanga.

meteghllugem	meteghllug[N][Rel][Unpd][Sg]

ketfaghluku	ketfagh[V][Sbrd][1Du][3Sg]
ketfaghluku	ketfagh[V][Sbrd][1Pl][3Sg]
ketfaghluku	ketfagh[V][Sbrd][1Sg][3Sg]
ketfaghluku	ketfagh[V][Sbrd][2Du][3Sg]
ketfaghluku	ketfagh[V][Sbrd][2Pl][3Sg]
ketfaghluku	ketfagh[V][Sbrd][2Sg][3Sg]
ketfaghluku	ketfagh[V][Sbrd][3Du][3Sg]
ketfaghluku	ketfagh[V][Sbrd][3Pl][3Sg]
ketfaghluku	ketfagh[V][Sbrd][3Sg][3Sg]

itemsimakanga	+?

------------------------
Saaghsaqminigu esghaamakanga neghnavregaghhaq unguvaaqeftuq.

saaghsaqminigu	+?

esghaamakanga	esghagh-@₁~:(i/u)ma[to.have.V-ed][to.have.been.V-ed][V→V]-@*@₂~sf–(g₂)k(a)e[the.one.that.possessor.V-ed][V→N][N][Abs][3SgPoss][SgPosd]
esghaamakanga	esghagh-@₁~:(i/u)ma[to.have.V-ed][to.have.been.V-ed][V→V][V][Ptcp][3Sg][3Sg]
esghaamakanga	esghagh-@₁~:(i/u)ma[to.have.V-ed][to.have.been.V-ed][V→V][V][Cond][3Sg][1Sg]

neghnavregaghhaq	+?

unguvaaqeftuq	+?

------------------------
Meteghlluk sumeghtaghaamalghii, "Unangwaaqsengalghii yugem kayutnga."

meteghlluk	meteghllug[N][Abs][Unpd][Sg]

sumeghtaghaamalghii	sumeghtaghagh-@₁~:(i/u)ma[to.have.V-ed][to.have.been.V-ed][V→V]-@₁–lghii[the.one.that.V-ed][the.one.that.is.V][V→N][N][Abs][Unpd][Sg]
sumeghtaghaamalghii	sumeghtaghagh-@₁~:(i/u)ma[to.have.V-ed][to.have.been.V-ed][V→V][V][Ptcp][3Sg]

unangwaaqsengalghii	+?

yugem	yug[N][Rel][Unpd][Sg]

kayutnga	+?

------------------------
Meteghllugem qesugraghluku almesiistun amiq iimgumakanga.

meteghllugem	meteghllug[N][Rel][Unpd][Sg]

qesugraghluku	+?

almesiistun	+?

amiq	+?

iimgumakanga	+?

------------------------
Neghnavregaq qesugraqani iimgusimakanga.

neghnavregaq	+?

qesugraqani	+?

iimgusimakanga	+?

------------------------
Nengakun petugluku aanluni aghulaqumalghii.

nengakun	ne[N][Via][3DuPoss][PlPosd]
nengakun	ne[N][Via][3SgPoss][SgPosd]
nengakun	ne[N][Via][3SgPoss][PlPosd]

petugluku	+?

aanluni	aane[V][Sbrd][3Sg]

aghulaqumalghii	aghulaqe-@₁~:(i/u)ma[to.have.V-ed][to.have.been.V-ed][V→V]-@₁–lghii[the.one.that.V-ed][the.one.that.is.V][V→N][N][Abs][Unpd][Sg]
aghulaqumalghii	aghulaqe-@₁~:(i/u)ma[to.have.V-ed][to.have.been.V-ed][V→V][V][Ptcp][3Sg]

------------------------
Yuuk unangluni uteghniimalghii.

yuuk	yug[N][Abs][Sg]

unangluni	+?

uteghniimalghii	+?

------------------------
Kaalluni unangkani egllum saaghwakun lliluku pimalghii, "Saaqsin pistemni?

kaalluni	kaate[V][Sbrd][3Sg]

unangkani	+?

egllum	egllu[N][Rel][Unpd][Sg]

saaghwakun	saaghw[N][Via][3DuPoss][PlPosd]
saaghwakun	saaghw[N][Via][3SgPoss][SgPosd]
saaghwakun	saaghw[N][Via][3SgPoss][PlPosd]

lliluku	lli-~:(u)te[to.V.for.or.with][to.cause.to.V.as.one.is.V-ing][to.V.toward.each.other][V→V][V][Sbrd][1Du][3Sg]
lliluku	lli-~:(u)te[to.V.for.or.with][to.cause.to.V.as.one.is.V-ing][to.V.toward.each.other][V→V][V][Sbrd][1Pl][3Sg]
lliluku	lli-~:(u)te[to.V.for.or.with][to.cause.to.V.as.one.is.V-ing][to.V.toward.each.other][V→V][V][Sbrd][1Sg][3Sg]
lliluku	lli-~:(u)te[to.V.for.or.with][to.cause.to.V.as.one.is.V-ing][to.V.toward.each.other][V→V][V][Sbrd][2Du][3Sg]
lliluku	lli-~:(u)te[to.V.for.or.with][to.cause.to.V.as.one.is.V-ing][to.V.toward.each.other][V→V][V][Sbrd][2Pl][3Sg]
lliluku	lli-~:(u)te[to.V.for.or.with][to.cause.to.V.as.one.is.V-ing][to.V.toward.each.other][V→V][V][Sbrd][2Sg][3Sg]
lliluku	lli-~:(u)te[to.V.for.or.with][to.cause.to.V.as.one.is.V-ing][to.V.toward.each.other][V→V][V][Sbrd][3Du][3Sg]
lliluku	lli-~:(u)te[to.V.for.or.with][to.cause.to.V.as.one.is.V-ing][to.V.toward.each.other][V→V][V][Sbrd][3Pl][3Sg]
lliluku	lli-~:(u)te[to.V.for.or.with][to.cause.to.V.as.one.is.V-ing][to.V.toward.each.other][V→V][V][Sbrd][3Sg][3Sg]
lliluku	lli[V][Sbrd][1Du][3Sg]
lliluku	lli[V][Sbrd][1Pl][3Sg]
lliluku	lli[V][Sbrd][1Sg][3Sg]
lliluku	lli[V][Sbrd][2Du][3Sg]
lliluku	lli[V][Sbrd][2Pl][3Sg]
lliluku	lli[V][Sbrd][2Sg][3Sg]
lliluku	lli[V][Sbrd][3Du][3Sg]
lliluku	lli[V][Sbrd][3Pl][3Sg]
lliluku	lli[V][Sbrd][3Sg][3Sg]

pimalghii	pi-@₁~:(i/u)ma[to.have.V-ed][to.have.been.V-ed][V→V]-@₁–lghii[the.one.that.V-ed][the.one.that.is.V][V→N][N][Abs][Unpd][Sg]
pimalghii	pi-@₁~:(i/u)ma[to.have.V-ed][to.have.been.V-ed][V→V][V][Ptcp][3Sg]

saaqsin	sa-~(g₁)aqe[to.be.V.ing][to.regularly.or.repeatedly.V][V→V][V][Intrg][2Sg]

pistemni	+?

------------------------
Gaaghutinga!"

gaaghutinga	gaagh-~:(u)te[to.V.for.or.with][to.cause.to.V.as.one.is.V-ing][to.V.toward.each.other][V→V][V][Opt][PRS][2Sg][1Sg]

------------------------
Avelghaqinaamakanga.

avelghaqinaamakanga	+?

------------------------
Alla pilaataghaa.

alla	alla
alla	alla[N][Abs][Unpd][Sg]

pilaataghaa	pi-@₁~laatagh[to.V.anyway][despite.everything.to.still.V][V→V][V][Ind][3Sg][3Sg]
pilaataghaa	pi-~:(u)te[to.V.for.or.with][to.cause.to.V.as.one.is.V-ing][to.V.toward.each.other][V→V]-@₁~laatagh[to.V.anyway][despite.everything.to.still.V][V→V][V][Ind][3Sg][3Sg]

------------------------
Aghtuumakanga.

aghtuumakanga	aghtugh-@₁~:(i/u)ma[to.have.V-ed][to.have.been.V-ed][V→V]-@*@₂~sf–(g₂)k(a)e[the.one.that.possessor.V-ed][V→N][N][Abs][3SgPoss][SgPosd]
aghtuumakanga	aghtugh-@₁~:(i/u)ma[to.have.V-ed][to.have.been.V-ed][V→V][V][Ptcp][3Sg][3Sg]
aghtuumakanga	aghtugh-@₁~:(i/u)ma[to.have.V-ed][to.have.been.V-ed][V→V][V][Cond][3Sg][1Sg]

------------------------
Mataawisamigu amiq ketfaghluku saagsaqminigu iimguqani esghaamakanga qesugraghluni.

mataawisamigu	+?

amiq	+?

ketfaghluku	ketfagh[V][Sbrd][1Du][3Sg]
ketfaghluku	ketfagh[V][Sbrd][1Pl][3Sg]
ketfaghluku	ketfagh[V][Sbrd][1Sg][3Sg]
ketfaghluku	ketfagh[V][Sbrd][2Du][3Sg]
ketfaghluku	ketfagh[V][Sbrd][2Pl][3Sg]
ketfaghluku	ketfagh[V][Sbrd][2Sg][3Sg]
ketfaghluku	ketfagh[V][Sbrd][3Du][3Sg]
ketfaghluku	ketfagh[V][Sbrd][3Pl][3Sg]
ketfaghluku	ketfagh[V][Sbrd][3Sg][3Sg]

saagsaqminigu	+?

iimguqani	+?

esghaamakanga	esghagh-@₁~:(i/u)ma[to.have.V-ed][to.have.been.V-ed][V→V]-@*@₂~sf–(g₂)k(a)e[the.one.that.possessor.V-ed][V→N][N][Abs][3SgPoss][SgPosd]
esghaamakanga	esghagh-@₁~:(i/u)ma[to.have.V-ed][to.have.been.V-ed][V→V][V][Ptcp][3Sg][3Sg]
esghaamakanga	esghagh-@₁~:(i/u)ma[to.have.V-ed][to.have.been.V-ed][V→V][V][Cond][3Sg][1Sg]

qesugraghluni	+?

------------------------
Taagken almesillaataamakanga.

taagken	taagken

almesillaataamakanga	+?

------------------------
Ellmineng apeghiighsaghluni lliighlaataamalghii.

ellmineng	+?

apeghiighsaghluni	apeghiigh-te[to.act.on.so.as.to.cause.to.V][V→V]-@₁~fyagh[to.go.V-ing][to.V.in.vain][V→V][V][Sbrd][3Sg]

lliighlaataamalghii	lliigh[Imprs_Agnt]-@₁~laatagh[to.V.anyway][despite.everything.to.still.V][V→V]-@₁~:(i/u)ma[to.have.V-ed][to.have.been.V-ed][V→V]-@₁–lghii[the.one.that.V-ed][the.one.that.is.V][V→N][N][Abs][Unpd][Sg]

------------------------


	

------------------------
Tefaay!

tefaay	+?

------------------------
