Yuuk Napaqutaghhmii (1)

﻿yuuk	+?

napaqutaghhmii	+?

1	+?

------------------------
(1) Napaqutaq.

1	+?

napaqutaq	+?

------------------------
Una ayumightaaguq nunanguyaghtuq Siqlugem qiighqaani.

una	una

ayumightaaguq	+?

nunanguyaghtuq	nuna-~:(ng₁)u[to.be.N][N→V]-@₁~fyagh[to.go.V-ing][to.V.in.vain][V→V][V][Ind][3Sg]
nunanguyaghtuq	nuna-~:(ng₁)u[to.be.N][N→V]-@₁~fyagh[to.go.V-ing][to.V.in.vain][V→V]-te[to.act.on.so.as.to.cause.to.V][V→V][V][Ind][3Sg]
nunanguyaghtuq	nuna-~:(ng₁)u[to.be.N][N→V]-~:(u)te[to.V.for.or.with][to.cause.to.V.as.one.is.V-ing][to.V.toward.each.other][V→V]-@₁~fyagh[to.go.V-ing][to.V.in.vain][V→V][V][Ind][3Sg]
nunanguyaghtuq	nuna-~:(ng₁)u[to.be.N][N→V]-~:(u)te[to.V.for.or.with][to.cause.to.V.as.one.is.V-ing][to.V.toward.each.other][V→V]-@₁~fyagh[to.go.V-ing][to.V.in.vain][V→V]-te[to.act.on.so.as.to.cause.to.V][V→V][V][Ind][3Sg]
nunanguyaghtuq	nuna-~:(ng₁)u[to.be.N][N→V]-~:(u)te[SBJ.V-ed.something][V→V]-@₁~fyagh[to.go.V-ing][to.V.in.vain][V→V][V][Ind][3Sg]
nunanguyaghtuq	nuna-~:(ng₁)u[to.be.N][N→V]-~:(u)te[SBJ.V-ed.something][V→V]-@₁~fyagh[to.go.V-ing][to.V.in.vain][V→V]-te[to.act.on.so.as.to.cause.to.V][V→V][V][Ind][3Sg]

siqlugem	+?

qiighqaani	+?

------------------------
1932-mi unitkaqaat, Ungazimun navek nuuglleghatkaagut.

1932mi	+?

unitkaqaat	+?

ungazimun	Ungazigh[N][Ter][Unpd][Sg]

navek	navek

nuuglleghatkaagut	+?

------------------------
Wata sivungani nunakuvinghaaghtuyaghtuq.

wata	+?

sivungani	Sivungagh*[N][Abs][4SgPoss][SgPosd]
sivungani	Sivungagh*[N][Abs][4SgPoss][PlPosd]

nunakuvinghaaghtuyaghtuq	+?

------------------------
Tanenga, Tagitutkaam apanga, umiilguyaghtuq tawani, Sivuqaghhmiineng ilalek, sivuliit apeghtughistet Aapqaqaat 1900-1901-eni Sivuqaghtekaaniluku (Krupnigem pillghani).

tanenga	+?

tagitutkaam	+?

apanga	apa[N][Abs][3SgPoss][SgPosd]

umiilguyaghtuq	+?

tawani	tawani

sivuqaghhmiineng	+?

ilalek	ila-–leg[one.having.N][N→N][N][Abs][Unpd][Sg]

sivuliit	+?

apeghtughistet	apeghtughiste[N][Abs][Unpd][Pl]
apeghtughistet	apeghtughiste[N][Rel][Unpd][Pl]

aapqaqaat	+?

19001901eni	+?

sivuqaghtekaaniluku	Sivuqagh-te[to.catch.N][to.go.to.N][N→V]-@₂~fkau[to.have.V-ed][to.have.been.V-ed][V→V]-@₁~fni[to.say.that.one.is.V-ing][Cmpd_Vbl]-~:(u)te[to.V.for.or.with][to.cause.to.V.as.one.is.V-ing][to.V.toward.each.other][V→V][V][Sbrd][1Du][3Sg]
sivuqaghtekaaniluku	Sivuqagh-te[to.catch.N][to.go.to.N][N→V]-@₂~fkau[to.have.V-ed][to.have.been.V-ed][V→V]-@₁~fni[to.say.that.one.is.V-ing][Cmpd_Vbl]-~:(u)te[to.V.for.or.with][to.cause.to.V.as.one.is.V-ing][to.V.toward.each.other][V→V][V][Sbrd][1Pl][3Sg]
sivuqaghtekaaniluku	Sivuqagh-te[to.catch.N][to.go.to.N][N→V]-@₂~fkau[to.have.V-ed][to.have.been.V-ed][V→V]-@₁~fni[to.say.that.one.is.V-ing][Cmpd_Vbl]-~:(u)te[to.V.for.or.with][to.cause.to.V.as.one.is.V-ing][to.V.toward.each.other][V→V][V][Sbrd][1Sg][3Sg]
sivuqaghtekaaniluku	Sivuqagh-te[to.catch.N][to.go.to.N][N→V]-@₂~fkau[to.have.V-ed][to.have.been.V-ed][V→V]-@₁~fni[to.say.that.one.is.V-ing][Cmpd_Vbl]-~:(u)te[to.V.for.or.with][to.cause.to.V.as.one.is.V-ing][to.V.toward.each.other][V→V][V][Sbrd][2Du][3Sg]
sivuqaghtekaaniluku	Sivuqagh-te[to.catch.N][to.go.to.N][N→V]-@₂~fkau[to.have.V-ed][to.have.been.V-ed][V→V]-@₁~fni[to.say.that.one.is.V-ing][Cmpd_Vbl]-~:(u)te[to.V.for.or.with][to.cause.to.V.as.one.is.V-ing][to.V.toward.each.other][V→V][V][Sbrd][2Pl][3Sg]
sivuqaghtekaaniluku	Sivuqagh-te[to.catch.N][to.go.to.N][N→V]-@₂~fkau[to.have.V-ed][to.have.been.V-ed][V→V]-@₁~fni[to.say.that.one.is.V-ing][Cmpd_Vbl]-~:(u)te[to.V.for.or.with][to.cause.to.V.as.one.is.V-ing][to.V.toward.each.other][V→V][V][Sbrd][2Sg][3Sg]
sivuqaghtekaaniluku	Sivuqagh-te[to.catch.N][to.go.to.N][N→V]-@₂~fkau[to.have.V-ed][to.have.been.V-ed][V→V]-@₁~fni[to.say.that.one.is.V-ing][Cmpd_Vbl]-~:(u)te[to.V.for.or.with][to.cause.to.V.as.one.is.V-ing][to.V.toward.each.other][V→V][V][Sbrd][3Du][3Sg]
sivuqaghtekaaniluku	Sivuqagh-te[to.catch.N][to.go.to.N][N→V]-@₂~fkau[to.have.V-ed][to.have.been.V-ed][V→V]-@₁~fni[to.say.that.one.is.V-ing][Cmpd_Vbl]-~:(u)te[to.V.for.or.with][to.cause.to.V.as.one.is.V-ing][to.V.toward.each.other][V→V][V][Sbrd][3Pl][3Sg]
sivuqaghtekaaniluku	Sivuqagh-te[to.catch.N][to.go.to.N][N→V]-@₂~fkau[to.have.V-ed][to.have.been.V-ed][V→V]-@₁~fni[to.say.that.one.is.V-ing][Cmpd_Vbl]-~:(u)te[to.V.for.or.with][to.cause.to.V.as.one.is.V-ing][to.V.toward.each.other][V→V][V][Sbrd][3Sg][3Sg]
sivuqaghtekaaniluku	Sivuqagh-te[to.catch.N][to.go.to.N][N→V]-@₂~fkau[to.have.V-ed][to.have.been.V-ed][V→V]-@₁~fni[to.say.that.one.is.V-ing][Cmpd_Vbl][V][Sbrd][1Du][3Sg]
sivuqaghtekaaniluku	Sivuqagh-te[to.catch.N][to.go.to.N][N→V]-@₂~fkau[to.have.V-ed][to.have.been.V-ed][V→V]-@₁~fni[to.say.that.one.is.V-ing][Cmpd_Vbl][V][Sbrd][1Pl][3Sg]
sivuqaghtekaaniluku	Sivuqagh-te[to.catch.N][to.go.to.N][N→V]-@₂~fkau[to.have.V-ed][to.have.been.V-ed][V→V]-@₁~fni[to.say.that.one.is.V-ing][Cmpd_Vbl][V][Sbrd][1Sg][3Sg]
sivuqaghtekaaniluku	Sivuqagh-te[to.catch.N][to.go.to.N][N→V]-@₂~fkau[to.have.V-ed][to.have.been.V-ed][V→V]-@₁~fni[to.say.that.one.is.V-ing][Cmpd_Vbl][V][Sbrd][2Du][3Sg]
sivuqaghtekaaniluku	Sivuqagh-te[to.catch.N][to.go.to.N][N→V]-@₂~fkau[to.have.V-ed][to.have.been.V-ed][V→V]-@₁~fni[to.say.that.one.is.V-ing][Cmpd_Vbl][V][Sbrd][2Pl][3Sg]
sivuqaghtekaaniluku	Sivuqagh-te[to.catch.N][to.go.to.N][N→V]-@₂~fkau[to.have.V-ed][to.have.been.V-ed][V→V]-@₁~fni[to.say.that.one.is.V-ing][Cmpd_Vbl][V][Sbrd][2Sg][3Sg]
sivuqaghtekaaniluku	Sivuqagh-te[to.catch.N][to.go.to.N][N→V]-@₂~fkau[to.have.V-ed][to.have.been.V-ed][V→V]-@₁~fni[to.say.that.one.is.V-ing][Cmpd_Vbl][V][Sbrd][3Du][3Sg]
sivuqaghtekaaniluku	Sivuqagh-te[to.catch.N][to.go.to.N][N→V]-@₂~fkau[to.have.V-ed][to.have.been.V-ed][V→V]-@₁~fni[to.say.that.one.is.V-ing][Cmpd_Vbl][V][Sbrd][3Pl][3Sg]
sivuqaghtekaaniluku	Sivuqagh-te[to.catch.N][to.go.to.N][N→V]-@₂~fkau[to.have.V-ed][to.have.been.V-ed][V→V]-@₁~fni[to.say.that.one.is.V-ing][Cmpd_Vbl][V][Sbrd][3Sg][3Sg]
sivuqaghtekaaniluku	Sivuqagh-te[to.catch.N][to.go.to.N][N→V]-@₂~fkau[to.have.V-ed][to.have.been.V-ed][V→V]-~:(u)te[to.V.for.or.with][to.cause.to.V.as.one.is.V-ing][to.V.toward.each.other][V→V]-@₁~fni[to.say.that.one.is.V-ing][Cmpd_Vbl]-~:(u)te[to.V.for.or.with][to.cause.to.V.as.one.is.V-ing][to.V.toward.each.other][V→V][V][Sbrd][1Du][3Sg]
sivuqaghtekaaniluku	Sivuqagh-te[to.catch.N][to.go.to.N][N→V]-@₂~fkau[to.have.V-ed][to.have.been.V-ed][V→V]-~:(u)te[to.V.for.or.with][to.cause.to.V.as.one.is.V-ing][to.V.toward.each.other][V→V]-@₁~fni[to.say.that.one.is.V-ing][Cmpd_Vbl]-~:(u)te[to.V.for.or.with][to.cause.to.V.as.one.is.V-ing][to.V.toward.each.other][V→V][V][Sbrd][1Pl][3Sg]
sivuqaghtekaaniluku	Sivuqagh-te[to.catch.N][to.go.to.N][N→V]-@₂~fkau[to.have.V-ed][to.have.been.V-ed][V→V]-~:(u)te[to.V.for.or.with][to.cause.to.V.as.one.is.V-ing][to.V.toward.each.other][V→V]-@₁~fni[to.say.that.one.is.V-ing][Cmpd_Vbl]-~:(u)te[to.V.for.or.with][to.cause.to.V.as.one.is.V-ing][to.V.toward.each.other][V→V][V][Sbrd][1Sg][3Sg]
sivuqaghtekaaniluku	Sivuqagh-te[to.catch.N][to.go.to.N][N→V]-@₂~fkau[to.have.V-ed][to.have.been.V-ed][V→V]-~:(u)te[to.V.for.or.with][to.cause.to.V.as.one.is.V-ing][to.V.toward.each.other][V→V]-@₁~fni[to.say.that.one.is.V-ing][Cmpd_Vbl]-~:(u)te[to.V.for.or.with][to.cause.to.V.as.one.is.V-ing][to.V.toward.each.other][V→V][V][Sbrd][2Du][3Sg]
sivuqaghtekaaniluku	Sivuqagh-te[to.catch.N][to.go.to.N][N→V]-@₂~fkau[to.have.V-ed][to.have.been.V-ed][V→V]-~:(u)te[to.V.for.or.with][to.cause.to.V.as.one.is.V-ing][to.V.toward.each.other][V→V]-@₁~fni[to.say.that.one.is.V-ing][Cmpd_Vbl]-~:(u)te[to.V.for.or.with][to.cause.to.V.as.one.is.V-ing][to.V.toward.each.other][V→V][V][Sbrd][2Pl][3Sg]
sivuqaghtekaaniluku	Sivuqagh-te[to.catch.N][to.go.to.N][N→V]-@₂~fkau[to.have.V-ed][to.have.been.V-ed][V→V]-~:(u)te[to.V.for.or.with][to.cause.to.V.as.one.is.V-ing][to.V.toward.each.other][V→V]-@₁~fni[to.say.that.one.is.V-ing][Cmpd_Vbl]-~:(u)te[to.V.for.or.with][to.cause.to.V.as.one.is.V-ing][to.V.toward.each.other][V→V][V][Sbrd][2Sg][3Sg]
sivuqaghtekaaniluku	Sivuqagh-te[to.catch.N][to.go.to.N][N→V]-@₂~fkau[to.have.V-ed][to.have.been.V-ed][V→V]-~:(u)te[to.V.for.or.with][to.cause.to.V.as.one.is.V-ing][to.V.toward.each.other][V→V]-@₁~fni[to.say.that.one.is.V-ing][Cmpd_Vbl]-~:(u)te[to.V.for.or.with][to.cause.to.V.as.one.is.V-ing][to.V.toward.each.other][V→V][V][Sbrd][3Du][3Sg]
sivuqaghtekaaniluku	Sivuqagh-te[to.catch.N][to.go.to.N][N→V]-@₂~fkau[to.have.V-ed][to.have.been.V-ed][V→V]-~:(u)te[to.V.for.or.with][to.cause.to.V.as.one.is.V-ing][to.V.toward.each.other][V→V]-@₁~fni[to.say.that.one.is.V-ing][Cmpd_Vbl]-~:(u)te[to.V.for.or.with][to.cause.to.V.as.one.is.V-ing][to.V.toward.each.other][V→V][V][Sbrd][3Pl][3Sg]
sivuqaghtekaaniluku	Sivuqagh-te[to.catch.N][to.go.to.N][N→V]-@₂~fkau[to.have.V-ed][to.have.been.V-ed][V→V]-~:(u)te[to.V.for.or.with][to.cause.to.V.as.one.is.V-ing][to.V.toward.each.other][V→V]-@₁~fni[to.say.that.one.is.V-ing][Cmpd_Vbl]-~:(u)te[to.V.for.or.with][to.cause.to.V.as.one.is.V-ing][to.V.toward.each.other][V→V][V][Sbrd][3Sg][3Sg]
sivuqaghtekaaniluku	Sivuqagh-te[to.catch.N][to.go.to.N][N→V]-@₂~fkau[to.have.V-ed][to.have.been.V-ed][V→V]-~:(u)te[to.V.for.or.with][to.cause.to.V.as.one.is.V-ing][to.V.toward.each.other][V→V]-@₁~fni[to.say.that.one.is.V-ing][Cmpd_Vbl][V][Sbrd][1Du][3Sg]
sivuqaghtekaaniluku	Sivuqagh-te[to.catch.N][to.go.to.N][N→V]-@₂~fkau[to.have.V-ed][to.have.been.V-ed][V→V]-~:(u)te[to.V.for.or.with][to.cause.to.V.as.one.is.V-ing][to.V.toward.each.other][V→V]-@₁~fni[to.say.that.one.is.V-ing][Cmpd_Vbl][V][Sbrd][1Pl][3Sg]
sivuqaghtekaaniluku	Sivuqagh-te[to.catch.N][to.go.to.N][N→V]-@₂~fkau[to.have.V-ed][to.have.been.V-ed][V→V]-~:(u)te[to.V.for.or.with][to.cause.to.V.as.one.is.V-ing][to.V.toward.each.other][V→V]-@₁~fni[to.say.that.one.is.V-ing][Cmpd_Vbl][V][Sbrd][1Sg][3Sg]
sivuqaghtekaaniluku	Sivuqagh-te[to.catch.N][to.go.to.N][N→V]-@₂~fkau[to.have.V-ed][to.have.been.V-ed][V→V]-~:(u)te[to.V.for.or.with][to.cause.to.V.as.one.is.V-ing][to.V.toward.each.other][V→V]-@₁~fni[to.say.that.one.is.V-ing][Cmpd_Vbl][V][Sbrd][2Du][3Sg]
sivuqaghtekaaniluku	Sivuqagh-te[to.catch.N][to.go.to.N][N→V]-@₂~fkau[to.have.V-ed][to.have.been.V-ed][V→V]-~:(u)te[to.V.for.or.with][to.cause.to.V.as.one.is.V-ing][to.V.toward.each.other][V→V]-@₁~fni[to.say.that.one.is.V-ing][Cmpd_Vbl][V][Sbrd][2Pl][3Sg]
sivuqaghtekaaniluku	Sivuqagh-te[to.catch.N][to.go.to.N][N→V]-@₂~fkau[to.have.V-ed][to.have.been.V-ed][V→V]-~:(u)te[to.V.for.or.with][to.cause.to.V.as.one.is.V-ing][to.V.toward.each.other][V→V]-@₁~fni[to.say.that.one.is.V-ing][Cmpd_Vbl][V][Sbrd][2Sg][3Sg]
sivuqaghtekaaniluku	Sivuqagh-te[to.catch.N][to.go.to.N][N→V]-@₂~fkau[to.have.V-ed][to.have.been.V-ed][V→V]-~:(u)te[to.V.for.or.with][to.cause.to.V.as.one.is.V-ing][to.V.toward.each.other][V→V]-@₁~fni[to.say.that.one.is.V-ing][Cmpd_Vbl][V][Sbrd][3Du][3Sg]
sivuqaghtekaaniluku	Sivuqagh-te[to.catch.N][to.go.to.N][N→V]-@₂~fkau[to.have.V-ed][to.have.been.V-ed][V→V]-~:(u)te[to.V.for.or.with][to.cause.to.V.as.one.is.V-ing][to.V.toward.each.other][V→V]-@₁~fni[to.say.that.one.is.V-ing][Cmpd_Vbl][V][Sbrd][3Pl][3Sg]
sivuqaghtekaaniluku	Sivuqagh-te[to.catch.N][to.go.to.N][N→V]-@₂~fkau[to.have.V-ed][to.have.been.V-ed][V→V]-~:(u)te[to.V.for.or.with][to.cause.to.V.as.one.is.V-ing][to.V.toward.each.other][V→V]-@₁~fni[to.say.that.one.is.V-ing][Cmpd_Vbl][V][Sbrd][3Sg][3Sg]
sivuqaghtekaaniluku	Sivuqagh-te[to.catch.N][to.go.to.N][N→V]-@₂~fkau[to.have.V-ed][to.have.been.V-ed][V→V]-~:(u)te[SBJ.V-ed.something][V→V]-@₁~fni[to.say.that.one.is.V-ing][Cmpd_Vbl]-~:(u)te[to.V.for.or.with][to.cause.to.V.as.one.is.V-ing][to.V.toward.each.other][V→V][V][Sbrd][1Du][3Sg]
sivuqaghtekaaniluku	Sivuqagh-te[to.catch.N][to.go.to.N][N→V]-@₂~fkau[to.have.V-ed][to.have.been.V-ed][V→V]-~:(u)te[SBJ.V-ed.something][V→V]-@₁~fni[to.say.that.one.is.V-ing][Cmpd_Vbl]-~:(u)te[to.V.for.or.with][to.cause.to.V.as.one.is.V-ing][to.V.toward.each.other][V→V][V][Sbrd][1Pl][3Sg]
sivuqaghtekaaniluku	Sivuqagh-te[to.catch.N][to.go.to.N][N→V]-@₂~fkau[to.have.V-ed][to.have.been.V-ed][V→V]-~:(u)te[SBJ.V-ed.something][V→V]-@₁~fni[to.say.that.one.is.V-ing][Cmpd_Vbl]-~:(u)te[to.V.for.or.with][to.cause.to.V.as.one.is.V-ing][to.V.toward.each.other][V→V][V][Sbrd][1Sg][3Sg]
sivuqaghtekaaniluku	Sivuqagh-te[to.catch.N][to.go.to.N][N→V]-@₂~fkau[to.have.V-ed][to.have.been.V-ed][V→V]-~:(u)te[SBJ.V-ed.something][V→V]-@₁~fni[to.say.that.one.is.V-ing][Cmpd_Vbl]-~:(u)te[to.V.for.or.with][to.cause.to.V.as.one.is.V-ing][to.V.toward.each.other][V→V][V][Sbrd][2Du][3Sg]
sivuqaghtekaaniluku	Sivuqagh-te[to.catch.N][to.go.to.N][N→V]-@₂~fkau[to.have.V-ed][to.have.been.V-ed][V→V]-~:(u)te[SBJ.V-ed.something][V→V]-@₁~fni[to.say.that.one.is.V-ing][Cmpd_Vbl]-~:(u)te[to.V.for.or.with][to.cause.to.V.as.one.is.V-ing][to.V.toward.each.other][V→V][V][Sbrd][2Pl][3Sg]
sivuqaghtekaaniluku	Sivuqagh-te[to.catch.N][to.go.to.N][N→V]-@₂~fkau[to.have.V-ed][to.have.been.V-ed][V→V]-~:(u)te[SBJ.V-ed.something][V→V]-@₁~fni[to.say.that.one.is.V-ing][Cmpd_Vbl]-~:(u)te[to.V.for.or.with][to.cause.to.V.as.one.is.V-ing][to.V.toward.each.other][V→V][V][Sbrd][2Sg][3Sg]
sivuqaghtekaaniluku	Sivuqagh-te[to.catch.N][to.go.to.N][N→V]-@₂~fkau[to.have.V-ed][to.have.been.V-ed][V→V]-~:(u)te[SBJ.V-ed.something][V→V]-@₁~fni[to.say.that.one.is.V-ing][Cmpd_Vbl]-~:(u)te[to.V.for.or.with][to.cause.to.V.as.one.is.V-ing][to.V.toward.each.other][V→V][V][Sbrd][3Du][3Sg]
sivuqaghtekaaniluku	Sivuqagh-te[to.catch.N][to.go.to.N][N→V]-@₂~fkau[to.have.V-ed][to.have.been.V-ed][V→V]-~:(u)te[SBJ.V-ed.something][V→V]-@₁~fni[to.say.that.one.is.V-ing][Cmpd_Vbl]-~:(u)te[to.V.for.or.with][to.cause.to.V.as.one.is.V-ing][to.V.toward.each.other][V→V][V][Sbrd][3Pl][3Sg]
sivuqaghtekaaniluku	Sivuqagh-te[to.catch.N][to.go.to.N][N→V]-@₂~fkau[to.have.V-ed][to.have.been.V-ed][V→V]-~:(u)te[SBJ.V-ed.something][V→V]-@₁~fni[to.say.that.one.is.V-ing][Cmpd_Vbl]-~:(u)te[to.V.for.or.with][to.cause.to.V.as.one.is.V-ing][to.V.toward.each.other][V→V][V][Sbrd][3Sg][3Sg]
sivuqaghtekaaniluku	Sivuqagh-te[to.catch.N][to.go.to.N][N→V]-@₂~fkau[to.have.V-ed][to.have.been.V-ed][V→V]-~:(u)te[SBJ.V-ed.something][V→V]-@₁~fni[to.say.that.one.is.V-ing][Cmpd_Vbl][V][Sbrd][1Du][3Sg]
sivuqaghtekaaniluku	Sivuqagh-te[to.catch.N][to.go.to.N][N→V]-@₂~fkau[to.have.V-ed][to.have.been.V-ed][V→V]-~:(u)te[SBJ.V-ed.something][V→V]-@₁~fni[to.say.that.one.is.V-ing][Cmpd_Vbl][V][Sbrd][1Pl][3Sg]
sivuqaghtekaaniluku	Sivuqagh-te[to.catch.N][to.go.to.N][N→V]-@₂~fkau[to.have.V-ed][to.have.been.V-ed][V→V]-~:(u)te[SBJ.V-ed.something][V→V]-@₁~fni[to.say.that.one.is.V-ing][Cmpd_Vbl][V][Sbrd][1Sg][3Sg]
sivuqaghtekaaniluku	Sivuqagh-te[to.catch.N][to.go.to.N][N→V]-@₂~fkau[to.have.V-ed][to.have.been.V-ed][V→V]-~:(u)te[SBJ.V-ed.something][V→V]-@₁~fni[to.say.that.one.is.V-ing][Cmpd_Vbl][V][Sbrd][2Du][3Sg]
sivuqaghtekaaniluku	Sivuqagh-te[to.catch.N][to.go.to.N][N→V]-@₂~fkau[to.have.V-ed][to.have.been.V-ed][V→V]-~:(u)te[SBJ.V-ed.something][V→V]-@₁~fni[to.say.that.one.is.V-ing][Cmpd_Vbl][V][Sbrd][2Pl][3Sg]
sivuqaghtekaaniluku	Sivuqagh-te[to.catch.N][to.go.to.N][N→V]-@₂~fkau[to.have.V-ed][to.have.been.V-ed][V→V]-~:(u)te[SBJ.V-ed.something][V→V]-@₁~fni[to.say.that.one.is.V-ing][Cmpd_Vbl][V][Sbrd][2Sg][3Sg]
sivuqaghtekaaniluku	Sivuqagh-te[to.catch.N][to.go.to.N][N→V]-@₂~fkau[to.have.V-ed][to.have.been.V-ed][V→V]-~:(u)te[SBJ.V-ed.something][V→V]-@₁~fni[to.say.that.one.is.V-ing][Cmpd_Vbl][V][Sbrd][3Du][3Sg]
sivuqaghtekaaniluku	Sivuqagh-te[to.catch.N][to.go.to.N][N→V]-@₂~fkau[to.have.V-ed][to.have.been.V-ed][V→V]-~:(u)te[SBJ.V-ed.something][V→V]-@₁~fni[to.say.that.one.is.V-ing][Cmpd_Vbl][V][Sbrd][3Pl][3Sg]
sivuqaghtekaaniluku	Sivuqagh-te[to.catch.N][to.go.to.N][N→V]-@₂~fkau[to.have.V-ed][to.have.been.V-ed][V→V]-~:(u)te[SBJ.V-ed.something][V→V]-@₁~fni[to.say.that.one.is.V-ing][Cmpd_Vbl][V][Sbrd][3Sg][3Sg]

krupnigem	+?

pillghani	+?

------------------------


	

------------------------
Yuuk Napaqutaghhmii qayaghtuumalghii pennam tunganganun.

yuuk	yug[N][Abs][Sg]

napaqutaghhmii	+?

qayaghtuumalghii	qayagh-tugh[to.eat.N][to.use.N][N→V]-@₁~:(i/u)ma[to.have.V-ed][to.have.been.V-ed][V→V]-@₁–lghii[the.one.that.V-ed][the.one.that.is.V][V→N][N][Abs][Unpd][Sg]
qayaghtuumalghii	qayagh-tugh[to.eat.N][to.use.N][N→V]-@₁~:(i/u)ma[to.have.V-ed][to.have.been.V-ed][V→V][V][Ptcp][3Sg]

pennam	pennagh[N][Rel][Unpd][Sg]

tunganganun	+?

------------------------
Igleghutkelluku esghaamakangi angyat kaalgulghiit aghveghmeng.

igleghutkelluku	+?

esghaamakangi	esghagh-@₁~:(i/u)ma[to.have.V-ed][to.have.been.V-ed][V→V]-@*@₂~sf–(g₂)k(a)e[the.one.that.possessor.V-ed][V→N][N][Abs][3SgPoss][PlPosd]
esghaamakangi	esghagh-@₁~:(i/u)ma[to.have.V-ed][to.have.been.V-ed][V→V][V][Ptcp][3Sg][3Pl]

angyat	angyagh[N][Abs][Unpd][Pl]
angyat	angyagh[N][Rel][Unpd][Pl]

kaalgulghiit	kaaw-–leg[one.having.N][N→N]-~:(ng₁)u[to.be.N][N→V]-@₁–lghii[the.one.that.V-ed][the.one.that.is.V][V→N][N][Abs][Unpd][Pl]
kaalgulghiit	kaaw-–leg[one.having.N][N→N]-~:(ng₁)u[to.be.N][N→V]-@₁–lghii[the.one.that.V-ed][the.one.that.is.V][V→N][N][Rel][Unpd][Pl]
kaalgulghiit	kaaw-–leg[one.having.N][N→N]-~:(ng₁)u[to.be.N][N→V][V][Ptcp][3Pl]
kaalgulghiit	kaaw-–lgu[to.have.N][N→V]-@₁–lghii[the.one.that.V-ed][the.one.that.is.V][V→N][N][Abs][Unpd][Pl]
kaalgulghiit	kaaw-–lgu[to.have.N][N→V]-@₁–lghii[the.one.that.V-ed][the.one.that.is.V][V→N][N][Rel][Unpd][Pl]
kaalgulghiit	kaaw-–lgu[to.have.N][N→V][V][Ptcp][3Pl]

aghveghmeng	aghvegh[N][Rel][4DuPoss][SgPosd]
aghveghmeng	aghvegh[N][Rel][4DuPoss][PlPosd]
aghveghmeng	aghvegh[N][Rel][4PlPoss][SgPosd]
aghveghmeng	aghvegh[N][Rel][4PlPoss][PlPosd]
aghveghmeng	aghvegh[N][Abl_Mod][Unpd][Sg]

------------------------
Kaalluki esghaghsaqsaghtuq.

kaalluki	kaate[V][Sbrd][1Du][3Pl]
kaalluki	kaate[V][Sbrd][1Pl][3Pl]
kaalluki	kaate[V][Sbrd][1Sg][3Pl]
kaalluki	kaate[V][Sbrd][2Du][3Pl]
kaalluki	kaate[V][Sbrd][2Pl][3Pl]
kaalluki	kaate[V][Sbrd][2Sg][3Pl]
kaalluki	kaate[V][Sbrd][3Du][3Pl]
kaalluki	kaate[V][Sbrd][3Pl][3Pl]
kaalluki	kaate[V][Sbrd][3Sg][3Pl]

esghaghsaqsaghtuq	esghagh-te[to.act.on.so.as.to.cause.to.V][V→V]-@₁~fyagh[to.go.V-ing][to.V.in.vain][V→V]-@*@₂~sf–(g₂)k(a)e[the.one.that.possessor.V-ed][V→N]-te[to.catch.N][to.go.to.N][N→V]-@₁~fyagh[to.go.V-ing][to.V.in.vain][V→V][V][Ind][3Sg]
esghaghsaqsaghtuq	esghagh-te[to.act.on.so.as.to.cause.to.V][V→V]-@₁~fyagh[to.go.V-ing][to.V.in.vain][V→V]-@*@₂~sf–(g₂)k(a)e[the.one.that.possessor.V-ed][V→N]-te[to.catch.N][to.go.to.N][N→V]-@₁~fyagh[to.go.V-ing][to.V.in.vain][V→V]-te[to.act.on.so.as.to.cause.to.V][V→V][V][Ind][3Sg]
esghaghsaqsaghtuq	esghagh-te[to.act.on.so.as.to.cause.to.V][V→V]-@₁~fyagh[to.go.V-ing][to.V.in.vain][V→V]-@*@₂~sf–(g₂)k(a)e[the.one.that.possessor.V-ed][V→N]-te[to.catch.N][to.go.to.N][N→V]-te[to.act.on.so.as.to.cause.to.V][V→V]-@₁~fyagh[to.go.V-ing][to.V.in.vain][V→V][V][Ind][3Sg]
esghaghsaqsaghtuq	esghagh-te[to.act.on.so.as.to.cause.to.V][V→V]-@₁~fyagh[to.go.V-ing][to.V.in.vain][V→V]-@*@₂~sf–(g₂)k(a)e[the.one.that.possessor.V-ed][V→N]-te[to.catch.N][to.go.to.N][N→V]-te[to.act.on.so.as.to.cause.to.V][V→V]-@₁~fyagh[to.go.V-ing][to.V.in.vain][V→V]-te[to.act.on.so.as.to.cause.to.V][V→V][V][Ind][3Sg]
esghaghsaqsaghtuq	esghagh-te[to.act.on.so.as.to.cause.to.V][V→V]-@₁~fyagh[to.go.V-ing][to.V.in.vain][V→V]-@*@₂~sf–(g₂)k(a)e[the.one.that.possessor.V-ed][V→N]-te[to.catch.N][to.go.to.N][N→V]-te[to.act.on.so.as.to.cause.to.V][V→V]-te[to.act.on.so.as.to.cause.to.V][V→V]-@₁~fyagh[to.go.V-ing][to.V.in.vain][V→V][V][Ind][3Sg]
esghaghsaqsaghtuq	esghagh-te[to.act.on.so.as.to.cause.to.V][V→V]-@₁~fyagh[to.go.V-ing][to.V.in.vain][V→V]-@*@₂~sf–(g₂)k(a)e[the.one.that.possessor.V-ed][V→N]-te[to.catch.N][to.go.to.N][N→V]-te[to.act.on.so.as.to.cause.to.V][V→V]-te[to.act.on.so.as.to.cause.to.V][V→V]-@₁~fyagh[to.go.V-ing][to.V.in.vain][V→V]-te[to.act.on.so.as.to.cause.to.V][V→V][V][Ind][3Sg]
esghaghsaqsaghtuq	esghagh-te[to.act.on.so.as.to.cause.to.V][V→V]-@₁~fyagh[to.go.V-ing][to.V.in.vain][V→V]-@*@₂~sf–(g₂)k(a)e[the.one.that.possessor.V-ed][V→N]-te[to.catch.N][to.go.to.N][N→V]-te[to.act.on.so.as.to.cause.to.V][V→V]-te[to.act.on.so.as.to.cause.to.V][V→V]-te[to.act.on.so.as.to.cause.to.V][V→V]-@₁~fyagh[to.go.V-ing][to.V.in.vain][V→V][V][Ind][3Sg]
esghaghsaqsaghtuq	esghagh-te[to.act.on.so.as.to.cause.to.V][V→V]-@₁~fyagh[to.go.V-ing][to.V.in.vain][V→V]-@*@₂~sf–(g₂)k(a)e[the.one.that.possessor.V-ed][V→N]-te[to.catch.N][to.go.to.N][N→V]-te[to.act.on.so.as.to.cause.to.V][V→V]-te[to.act.on.so.as.to.cause.to.V][V→V]-te[to.act.on.so.as.to.cause.to.V][V→V]-@₁~fyagh[to.go.V-ing][to.V.in.vain][V→V]-te[to.act.on.so.as.to.cause.to.V][V→V][V][Ind][3Sg]

------------------------
Esghanghitaat.

esghanghitaat	esghagh-@₁–nghite**[to.not.V][V→V][V][Ind][3Pl][3Sg]

------------------------
Yuggaq sumeghtaghaamalghii, "Naguntuq aghveghteng maallgunnaqatgu?

yuggaq	+?

sumeghtaghaamalghii	sumeghtaghagh-@₁~:(i/u)ma[to.have.V-ed][to.have.been.V-ed][V→V]-@₁–lghii[the.one.that.V-ed][the.one.that.is.V][V→N][N][Abs][Unpd][Sg]
sumeghtaghaamalghii	sumeghtaghagh-@₁~:(i/u)ma[to.have.V-ed][to.have.been.V-ed][V→V][V][Ptcp][3Sg]

naguntuq	+?

aghveghteng	aghvegh[N][Abs][4PlPoss][SgPosd]

maallgunnaqatgu	+?

------------------------
Esgha maligsaqumki."

esgha	+?

maligsaqumki	maligte-@₁~fyagh[to.go.V-ing][to.V.in.vain][V→V][V][Cond][1Sg][3Pl]

------------------------
Yuggaam kaalgulghiit kingungitneng maligsimakangi.

yuggaam	+?

kaalgulghiit	kaaw-–leg[one.having.N][N→N]-~:(ng₁)u[to.be.N][N→V]-@₁–lghii[the.one.that.V-ed][the.one.that.is.V][V→N][N][Abs][Unpd][Pl]
kaalgulghiit	kaaw-–leg[one.having.N][N→N]-~:(ng₁)u[to.be.N][N→V]-@₁–lghii[the.one.that.V-ed][the.one.that.is.V][V→N][N][Rel][Unpd][Pl]
kaalgulghiit	kaaw-–leg[one.having.N][N→N]-~:(ng₁)u[to.be.N][N→V][V][Ptcp][3Pl]
kaalgulghiit	kaaw-–lgu[to.have.N][N→V]-@₁–lghii[the.one.that.V-ed][the.one.that.is.V][V→N][N][Abs][Unpd][Pl]
kaalgulghiit	kaaw-–lgu[to.have.N][N→V]-@₁–lghii[the.one.that.V-ed][the.one.that.is.V][V→N][N][Rel][Unpd][Pl]
kaalgulghiit	kaaw-–lgu[to.have.N][N→V][V][Ptcp][3Pl]

kingungitneng	+?

maligsimakangi	maligte-@₁~:(i/u)ma[to.have.V-ed][to.have.been.V-ed][V→V]-@*@₂~sf–(g₂)k(a)e[the.one.that.possessor.V-ed][V→N][N][Abs][3SgPoss][PlPosd]
maligsimakangi	maligte-@₁~:(i/u)ma[to.have.V-ed][to.have.been.V-ed][V→V][V][Ptcp][3Sg][3Pl]

------------------------


	

------------------------
Esnamun kaalluteng yuggaq esghapagyalghiimi nunaq allaq nunakenghilkaminun tamlagtuq.

esnamun	esnagh[N][Ter][Unpd][Sg]

kaalluteng	kaate[V][Sbrd][3Pl]

yuggaq	+?

esghapagyalghiimi	+?

nunaq	+?

allaq	+?

nunakenghilkaminun	+?

tamlagtuq	+?

------------------------
Esnamun uuglluni qayani sayugluku esghapagyalghiimi atghaghtuullghiit yuget nutaan esghaghii.

esnamun	esnagh[N][Ter][Unpd][Sg]

uuglluni	+?

qayani	qayagh[N][Abs][4SgPoss][SgPosd]
qayani	qayagh[N][Abs][4SgPoss][PlPosd]
qayani	qayagh[N][Loc][Unpd][Pl]

sayugluku	sa-@₁~fyug[to.want.to.V][V→V][V][Sbrd][1Du][3Sg]
sayugluku	sa-@₁~fyug[to.want.to.V][V→V][V][Sbrd][1Pl][3Sg]
sayugluku	sa-@₁~fyug[to.want.to.V][V→V][V][Sbrd][1Sg][3Sg]
sayugluku	sa-@₁~fyug[to.want.to.V][V→V][V][Sbrd][2Du][3Sg]
sayugluku	sa-@₁~fyug[to.want.to.V][V→V][V][Sbrd][2Pl][3Sg]
sayugluku	sa-@₁~fyug[to.want.to.V][V→V][V][Sbrd][2Sg][3Sg]
sayugluku	sa-@₁~fyug[to.want.to.V][V→V][V][Sbrd][3Du][3Sg]
sayugluku	sa-@₁~fyug[to.want.to.V][V→V][V][Sbrd][3Pl][3Sg]
sayugluku	sa-@₁~fyug[to.want.to.V][V→V][V][Sbrd][3Sg][3Sg]
sayugluku	sa-~:(u)te[to.V.for.or.with][to.cause.to.V.as.one.is.V-ing][to.V.toward.each.other][V→V]-@₁~fyug[to.want.to.V][V→V][V][Sbrd][1Du][3Sg]
sayugluku	sa-~:(u)te[to.V.for.or.with][to.cause.to.V.as.one.is.V-ing][to.V.toward.each.other][V→V]-@₁~fyug[to.want.to.V][V→V][V][Sbrd][1Pl][3Sg]
sayugluku	sa-~:(u)te[to.V.for.or.with][to.cause.to.V.as.one.is.V-ing][to.V.toward.each.other][V→V]-@₁~fyug[to.want.to.V][V→V][V][Sbrd][1Sg][3Sg]
sayugluku	sa-~:(u)te[to.V.for.or.with][to.cause.to.V.as.one.is.V-ing][to.V.toward.each.other][V→V]-@₁~fyug[to.want.to.V][V→V][V][Sbrd][2Du][3Sg]
sayugluku	sa-~:(u)te[to.V.for.or.with][to.cause.to.V.as.one.is.V-ing][to.V.toward.each.other][V→V]-@₁~fyug[to.want.to.V][V→V][V][Sbrd][2Pl][3Sg]
sayugluku	sa-~:(u)te[to.V.for.or.with][to.cause.to.V.as.one.is.V-ing][to.V.toward.each.other][V→V]-@₁~fyug[to.want.to.V][V→V][V][Sbrd][2Sg][3Sg]
sayugluku	sa-~:(u)te[to.V.for.or.with][to.cause.to.V.as.one.is.V-ing][to.V.toward.each.other][V→V]-@₁~fyug[to.want.to.V][V→V][V][Sbrd][3Du][3Sg]
sayugluku	sa-~:(u)te[to.V.for.or.with][to.cause.to.V.as.one.is.V-ing][to.V.toward.each.other][V→V]-@₁~fyug[to.want.to.V][V→V][V][Sbrd][3Pl][3Sg]
sayugluku	sa-~:(u)te[to.V.for.or.with][to.cause.to.V.as.one.is.V-ing][to.V.toward.each.other][V→V]-@₁~fyug[to.want.to.V][V→V][V][Sbrd][3Sg][3Sg]

esghapagyalghiimi	+?

atghaghtuullghiit	+?

yuget	yug[N][Abs][Unpd][Pl]
yuget	yug[N][Rel][Unpd][Pl]

nutaan	+?

esghaghii	esghagh-~i[SBJ.V-ed.something][V→V]-~i[SBJ.V-ed.something][V→V]-~i[SBJ.V-ed.something][V→V]-~i[SBJ.V-ed.something][V→V]-~i[SBJ.V-ed.something][V→V]-~i[SBJ.V-ed.something][V→V][V][Opt][PRS][2Sg]
esghaghii	esghagh-~i[SBJ.V-ed.something][V→V]-~i[SBJ.V-ed.something][V→V]-~i[SBJ.V-ed.something][V→V]-~i[SBJ.V-ed.something][V→V]-~i[SBJ.V-ed.something][V→V][V][Opt][PRS][2Sg]
esghaghii	esghagh-~i[SBJ.V-ed.something][V→V]-~i[SBJ.V-ed.something][V→V]-~i[SBJ.V-ed.something][V→V]-~i[SBJ.V-ed.something][V→V][V][Opt][PRS][2Sg]
esghaghii	esghagh-~i[SBJ.V-ed.something][V→V]-~i[SBJ.V-ed.something][V→V]-~i[SBJ.V-ed.something][V→V][V][Opt][PRS][2Sg]
esghaghii	esghagh-~i[SBJ.V-ed.something][V→V]-~i[SBJ.V-ed.something][V→V][V][Opt][PRS][2Sg]
esghaghii	esghagh-~i[SBJ.V-ed.something][V→V][V][Intrg][3Sg]
esghaghii	esghagh[V][Ind][3Sg][3Pl]

------------------------
Aghveq pilagumakangat.

aghveq	aghvegh[N][Abs][Unpd][Sg]

pilagumakangat	+?

------------------------
Qepghalghiit akulangitni yuuk esghapagumalghii.

qepghalghiit	qepghagh-@₁–lghii[the.one.that.V-ed][the.one.that.is.V][V→N][N][Abs][Unpd][Pl]
qepghalghiit	qepghagh-@₁–lghii[the.one.that.V-ed][the.one.that.is.V][V→N][N][Rel][Unpd][Pl]
qepghalghiit	qepghagh[V][Ptcp][3Pl]

akulangitni	+?

yuuk	yug[N][Abs][Sg]

esghapagumalghii	+?

------------------------
Kituraaggaam kiimsiqigalkaanga.

kituraaggaam	+?

kiimsiqigalkaanga	+?

------------------------
Aaguteghngaaghmegteggu esghiigalkangat.

aaguteghngaaghmegteggu	+?

esghiigalkangat	+?

------------------------
Aghnam taghnughhalgem ugini tuqlughluku pimakanga, "Panigen atalughaataghtigu."

aghnam	aghnagh[N][Rel][Unpd][Sg]

taghnughhalgem	taghnughhagh*-–leg[one.having.N][N→N][N][Rel][Unpd][Sg]

ugini	ugi[N][Abs][4SgPoss][SgPosd]
ugini	ugi[N][Abs][4SgPoss][PlPosd]
ugini	ugi[N][Loc][Unpd][Pl]

tuqlughluku	tuqlugh[V][Sbrd][1Du][3Sg]
tuqlughluku	tuqlugh[V][Sbrd][1Pl][3Sg]
tuqlughluku	tuqlugh[V][Sbrd][1Sg][3Sg]
tuqlughluku	tuqlugh[V][Sbrd][2Du][3Sg]
tuqlughluku	tuqlugh[V][Sbrd][2Pl][3Sg]
tuqlughluku	tuqlugh[V][Sbrd][2Sg][3Sg]
tuqlughluku	tuqlugh[V][Sbrd][3Du][3Sg]
tuqlughluku	tuqlugh[V][Sbrd][3Pl][3Sg]
tuqlughluku	tuqlugh[V][Sbrd][3Sg][3Sg]

pimakanga	pi-@₁~:(i/u)ma[to.have.V-ed][to.have.been.V-ed][V→V]-@*@₂~sf–(g₂)k(a)e[the.one.that.possessor.V-ed][V→N][N][Abs][3SgPoss][SgPosd]
pimakanga	pi-@₁~:(i/u)ma[to.have.V-ed][to.have.been.V-ed][V→V][V][Ptcp][3Sg][3Sg]
pimakanga	pi-@₁~:(i/u)ma[to.have.V-ed][to.have.been.V-ed][V→V][V][Cond][3Sg][1Sg]

panigen	panig[N][Abs][2SgPoss][SgPosd]

atalughaataghtigu	+?

------------------------
Llaaghanwha yugem panmi atalughaalluku atalughat miluusimakangi nuliighmi manunganun.

llaaghanwha	+?

yugem	yug[N][Rel][Unpd][Sg]

panmi	+?

atalughaalluku	+?

atalughat	+?

miluusimakangi	+?

nuliighmi	nuliigh[N][Loc][Unpd][Sg]
nuliighmi	nuliigh[N][Rel][4SgPoss][SgPosd]
nuliighmi	nuliigh[N][Rel][4SgPoss][PlPosd]

manunganun	+?

------------------------
Atalughat tuusata yugem tuusimakangi.

atalughat	+?

tuusata	+?

yugem	yug[N][Rel][Unpd][Sg]

tuusimakangi	+?

------------------------
Aghnam iíliigii atalughat.

aghnam	aghnagh[N][Rel][Unpd][Sg]

iíliigii	+?

atalughat	+?

------------------------
Ivaamakangi uvitmini.

ivaamakangi	ivagh-@₁~:(i/u)ma[to.have.V-ed][to.have.been.V-ed][V→V]-@*@₂~sf–(g₂)k(a)e[the.one.that.possessor.V-ed][V→N][N][Abs][3SgPoss][PlPosd]
ivaamakangi	ivagh-@₁~:(i/u)ma[to.have.V-ed][to.have.been.V-ed][V→V][V][Ptcp][3Sg][3Pl]

uvitmini	+?

------------------------
Maaten agavek sayan isekiyugesqelluku aghnaq yugem, atalughat tuguluki ggatmeghruganun lliyaghii.

maaten	+?

agavek	agavek

sayan	sa-~:(u)te[to.V.for.or.with][to.cause.to.V.as.one.is.V-ing][to.V.toward.each.other][V→V][V][CnsqI][3Sg]
sayan	sa-~:(u)te[SBJ.V-ed.something][V→V][V][CnsqI][3Sg]
sayan	sa[V][CnsqI][3Sg]

isekiyugesqelluku	+?

aghnaq	aghnagh[N][Abs][Unpd][Sg]

yugem	yug[N][Rel][Unpd][Sg]

atalughat	+?

tuguluki	tugu-~:(u)te[to.V.for.or.with][to.cause.to.V.as.one.is.V-ing][to.V.toward.each.other][V→V][V][Sbrd][1Du][3Pl]
tuguluki	tugu-~:(u)te[to.V.for.or.with][to.cause.to.V.as.one.is.V-ing][to.V.toward.each.other][V→V][V][Sbrd][1Pl][3Pl]
tuguluki	tugu-~:(u)te[to.V.for.or.with][to.cause.to.V.as.one.is.V-ing][to.V.toward.each.other][V→V][V][Sbrd][1Sg][3Pl]
tuguluki	tugu-~:(u)te[to.V.for.or.with][to.cause.to.V.as.one.is.V-ing][to.V.toward.each.other][V→V][V][Sbrd][2Du][3Pl]
tuguluki	tugu-~:(u)te[to.V.for.or.with][to.cause.to.V.as.one.is.V-ing][to.V.toward.each.other][V→V][V][Sbrd][2Pl][3Pl]
tuguluki	tugu-~:(u)te[to.V.for.or.with][to.cause.to.V.as.one.is.V-ing][to.V.toward.each.other][V→V][V][Sbrd][2Sg][3Pl]
tuguluki	tugu-~:(u)te[to.V.for.or.with][to.cause.to.V.as.one.is.V-ing][to.V.toward.each.other][V→V][V][Sbrd][3Du][3Pl]
tuguluki	tugu-~:(u)te[to.V.for.or.with][to.cause.to.V.as.one.is.V-ing][to.V.toward.each.other][V→V][V][Sbrd][3Pl][3Pl]
tuguluki	tugu-~:(u)te[to.V.for.or.with][to.cause.to.V.as.one.is.V-ing][to.V.toward.each.other][V→V][V][Sbrd][3Sg][3Pl]
tuguluki	tugu[V][Sbrd][1Du][3Pl]
tuguluki	tugu[V][Sbrd][1Pl][3Pl]
tuguluki	tugu[V][Sbrd][1Sg][3Pl]
tuguluki	tugu[V][Sbrd][2Du][3Pl]
tuguluki	tugu[V][Sbrd][2Pl][3Pl]
tuguluki	tugu[V][Sbrd][2Sg][3Pl]
tuguluki	tugu[V][Sbrd][3Du][3Pl]
tuguluki	tugu[V][Sbrd][3Pl][3Pl]
tuguluki	tugu[V][Sbrd][3Sg][3Pl]

ggatmeghruganun	+?

lliyaghii	lli-@₁~fyagh[to.go.V-ing][to.V.in.vain][V→V]-~i[SBJ.V-ed.something][V→V]-~i[SBJ.V-ed.something][V→V]-~i[SBJ.V-ed.something][V→V]-~i[SBJ.V-ed.something][V→V]-~i[SBJ.V-ed.something][V→V][V][Opt][PRS][2Sg]
lliyaghii	lli-@₁~fyagh[to.go.V-ing][to.V.in.vain][V→V]-~i[SBJ.V-ed.something][V→V]-~i[SBJ.V-ed.something][V→V]-~i[SBJ.V-ed.something][V→V]-~i[SBJ.V-ed.something][V→V][V][Opt][PRS][2Sg]
lliyaghii	lli-@₁~fyagh[to.go.V-ing][to.V.in.vain][V→V]-~i[SBJ.V-ed.something][V→V]-~i[SBJ.V-ed.something][V→V]-~i[SBJ.V-ed.something][V→V][V][Opt][PRS][2Sg]
lliyaghii	lli-@₁~fyagh[to.go.V-ing][to.V.in.vain][V→V]-~i[SBJ.V-ed.something][V→V]-~i[SBJ.V-ed.something][V→V][V][Opt][PRS][2Sg]
lliyaghii	lli-@₁~fyagh[to.go.V-ing][to.V.in.vain][V→V]-~i[SBJ.V-ed.something][V→V][V][Intrg][3Sg]
lliyaghii	lli-@₁~fyagh[to.go.V-ing][to.V.in.vain][V→V][V][Ind][3Sg][3Pl]
lliyaghii	lli-~:(u)te[to.V.for.or.with][to.cause.to.V.as.one.is.V-ing][to.V.toward.each.other][V→V]-@₁~fyagh[to.go.V-ing][to.V.in.vain][V→V]-~i[SBJ.V-ed.something][V→V]-~i[SBJ.V-ed.something][V→V]-~i[SBJ.V-ed.something][V→V]-~i[SBJ.V-ed.something][V→V][V][Opt][PRS][2Sg]
lliyaghii	lli-~:(u)te[to.V.for.or.with][to.cause.to.V.as.one.is.V-ing][to.V.toward.each.other][V→V]-@₁~fyagh[to.go.V-ing][to.V.in.vain][V→V]-~i[SBJ.V-ed.something][V→V]-~i[SBJ.V-ed.something][V→V]-~i[SBJ.V-ed.something][V→V][V][Opt][PRS][2Sg]
lliyaghii	lli-~:(u)te[to.V.for.or.with][to.cause.to.V.as.one.is.V-ing][to.V.toward.each.other][V→V]-@₁~fyagh[to.go.V-ing][to.V.in.vain][V→V]-~i[SBJ.V-ed.something][V→V]-~i[SBJ.V-ed.something][V→V][V][Opt][PRS][2Sg]
lliyaghii	lli-~:(u)te[to.V.for.or.with][to.cause.to.V.as.one.is.V-ing][to.V.toward.each.other][V→V]-@₁~fyagh[to.go.V-ing][to.V.in.vain][V→V]-~i[SBJ.V-ed.something][V→V][V][Intrg][3Sg]
lliyaghii	lli-~:(u)te[to.V.for.or.with][to.cause.to.V.as.one.is.V-ing][to.V.toward.each.other][V→V]-@₁~fyagh[to.go.V-ing][to.V.in.vain][V→V][V][Ind][3Sg][3Pl]
lliyaghii	lli-~:(u)te[SBJ.V-ed.something][V→V]-@₁~fyagh[to.go.V-ing][to.V.in.vain][V→V]-~i[SBJ.V-ed.something][V→V]-~i[SBJ.V-ed.something][V→V]-~i[SBJ.V-ed.something][V→V]-~i[SBJ.V-ed.something][V→V][V][Opt][PRS][2Sg]
lliyaghii	lli-~:(u)te[SBJ.V-ed.something][V→V]-@₁~fyagh[to.go.V-ing][to.V.in.vain][V→V]-~i[SBJ.V-ed.something][V→V]-~i[SBJ.V-ed.something][V→V]-~i[SBJ.V-ed.something][V→V][V][Opt][PRS][2Sg]
lliyaghii	lli-~:(u)te[SBJ.V-ed.something][V→V]-@₁~fyagh[to.go.V-ing][to.V.in.vain][V→V]-~i[SBJ.V-ed.something][V→V]-~i[SBJ.V-ed.something][V→V][V][Opt][PRS][2Sg]
lliyaghii	lli-~:(u)te[SBJ.V-ed.something][V→V]-@₁~fyagh[to.go.V-ing][to.V.in.vain][V→V]-~i[SBJ.V-ed.something][V→V][V][Intrg][3Sg]

------------------------
Aga atalughat amighreganun kiighisimalghiit.

aga	aga

atalughat	+?

amighreganun	+?

kiighisimalghiit	+?

------------------------
Aghnaq araamalghii agrepeniluni ggatmeghrugmikun.

aghnaq	aghnagh[N][Abs][Unpd][Sg]

araamalghii	+?

agrepeniluni	+?

ggatmeghrugmikun	+?

------------------------
Ugingan tagiluni qamiyegnegun qaakluku taglaasimakanga.

ugingan	ugi[N][Rel][3SgPoss][SgPosd]
ugingan	ugi[N][Rel][3SgPoss][PlPosd]

tagiluni	tagi-~:(u)te[to.V.for.or.with][to.cause.to.V.as.one.is.V-ing][to.V.toward.each.other][V→V][V][Sbrd][3Sg]
tagiluni	tagi-~:(u)te[SBJ.V-ed.something][V→V][V][Sbrd][3Sg]
tagiluni	tagi[V][Sbrd][3Sg]

qamiyegnegun	+?

qaakluku	+?

taglaasimakanga	taglagh-~:(u)te[to.V.for.or.with][to.cause.to.V.as.one.is.V-ing][to.V.toward.each.other][V→V]-@₁~:(i/u)ma[to.have.V-ed][to.have.been.V-ed][V→V]-@*@₂~sf–(g₂)k(a)e[the.one.that.possessor.V-ed][V→N][N][Abs][3SgPoss][SgPosd]
taglaasimakanga	taglagh-~:(u)te[SBJ.V-ed.something][V→V]-@₁~:(i/u)ma[to.have.V-ed][to.have.been.V-ed][V→V]-@*@₂~sf–(g₂)k(a)e[the.one.that.possessor.V-ed][V→N][N][Abs][3SgPoss][SgPosd]

------------------------
Kingungitneng yuuk maligulluni taglaamalghii.

kingungitneng	+?

yuuk	yug[N][Abs][Sg]

maligulluni	+?

taglaamalghii	taglagh-@₁~:(i/u)ma[to.have.V-ed][to.have.been.V-ed][V→V]-@₁–lghii[the.one.that.V-ed][the.one.that.is.V][V→N][N][Abs][Unpd][Sg]
taglaamalghii	taglagh-@₁~:(i/u)ma[to.have.V-ed][to.have.been.V-ed][V→V][V][Ptcp][3Sg]

------------------------
Tumangani kaasimakanga aghnaq qamiyegnegun mangtagmeng usiluni qamumeng taglaghaqeftuq.

tumangani	+?

kaasimakanga	kaate-@₁~:(i/u)ma[to.have.V-ed][to.have.been.V-ed][V→V]-@*@₂~sf–(g₂)k(a)e[the.one.that.possessor.V-ed][V→N][N][Abs][3SgPoss][SgPosd]
kaasimakanga	kaate-@₁~:(i/u)ma[to.have.V-ed][to.have.been.V-ed][V→V][V][Ptcp][3Sg][3Sg]
kaasimakanga	kaate-@₁~:(i/u)ma[to.have.V-ed][to.have.been.V-ed][V→V][V][Cond][3Sg][1Sg]

aghnaq	aghnagh[N][Abs][Unpd][Sg]

qamiyegnegun	+?

mangtagmeng	+?

usiluni	+?

qamumeng	+?

taglaghaqeftuq	taglagh-~(g₁)aqe[to.be.V.ing][to.regularly.or.repeatedly.V][V→V]-(pete)fte[to.evidently.V][to.have.V-ed][V→V][V][Ind][3Sg]

------------------------


	

------------------------
Yugem kaasamigu aqumumalghii qamiyegnegun.

yugem	yug[N][Rel][Unpd][Sg]

kaasamigu	kaate[V][CnsqI][4Sg][3Sg]

aqumumalghii	aqume-@₁~:(i/u)ma[to.have.V-ed][to.have.been.V-ed][V→V]-@₁–lghii[the.one.that.V-ed][the.one.that.is.V][V→N][N][Abs][Unpd][Sg]
aqumumalghii	aqume-@₁~:(i/u)ma[to.have.V-ed][to.have.been.V-ed][V→V][V][Ptcp][3Sg]

qamiyegnegun	+?

------------------------
Aghnaq igleghhneghmeng aghtughyagusimalghii.

aghnaq	aghnagh[N][Abs][Unpd][Sg]

igleghhneghmeng	igleghte-@₁–negh[the.act.or.activity.of.V-ing][V→N][N][Rel][4DuPoss][SgPosd]
igleghhneghmeng	igleghte-@₁–negh[the.act.or.activity.of.V-ing][V→N][N][Rel][4DuPoss][PlPosd]
igleghhneghmeng	igleghte-@₁–negh[the.act.or.activity.of.V-ing][V→N][N][Rel][4PlPoss][SgPosd]
igleghhneghmeng	igleghte-@₁–negh[the.act.or.activity.of.V-ing][V→N][N][Rel][4PlPoss][PlPosd]
igleghhneghmeng	igleghte-@₁–negh[the.act.or.activity.of.V-ing][V→N][N][Abl_Mod][Unpd][Sg]
igleghhneghmeng	igleghte[V][Ctmp][4Pl]

aghtughyagusimalghii	+?

------------------------
Piiq aghnaq, "Sangamek qamuqagka qamiyek sangyaghqwaagakek?

piiq	pi-~i[SBJ.V-ed.something][V→V]-~i[SBJ.V-ed.something][V→V]-~i[SBJ.V-ed.something][V→V]-~i[SBJ.V-ed.something][V→V]-~i[SBJ.V-ed.something][V→V]-~faagh[one.who.keeps.on.V-ing][AUG]
piiq	pi-~i[SBJ.V-ed.something][V→V]-~i[SBJ.V-ed.something][V→V]-~i[SBJ.V-ed.something][V→V]-~i[SBJ.V-ed.something][V→V]-~faagh[one.who.keeps.on.V-ing][AUG]
piiq	pi-~i[SBJ.V-ed.something][V→V]-~i[SBJ.V-ed.something][V→V]-~i[SBJ.V-ed.something][V→V]-~faagh[one.who.keeps.on.V-ing][AUG]
piiq	pi-~i[SBJ.V-ed.something][V→V]-~i[SBJ.V-ed.something][V→V]-~faagh[one.who.keeps.on.V-ing][AUG]
piiq	pi-~i[SBJ.V-ed.something][V→V]-~faagh[one.who.keeps.on.V-ing][AUG]
piiq	pi-~faagh[one.who.keeps.on.V-ing][AUG]
piiq	pi[V][Ind][3Sg]

aghnaq	aghnagh[N][Abs][Unpd][Sg]

sangamek	sa[V][CnsqI][4Du]

qamuqagka	+?

qamiyek	+?

sangyaghqwaagakek	+?

------------------------
Agnepa meghnughyingalghiinga."

agnepa	+?

meghnughyingalghiinga	+?

------------------------
Aghnaq aghuliighluni meghnaalimalghii.

aghnaq	aghnagh[N][Abs][Unpd][Sg]

aghuliighluni	aghuliigh[V][Sbrd][3Sg]

meghnaalimalghii	+?

------------------------


	

------------------------
Yuuk qamiyegneng nekevluni taglaamalghii.

yuuk	yug[N][Abs][Sg]

qamiyegneng	+?

nekevluni	nekeve[V][Sbrd][3Sg]

taglaamalghii	taglagh-@₁~:(i/u)ma[to.have.V-ed][to.have.been.V-ed][V→V]-@₁–lghii[the.one.that.V-ed][the.one.that.is.V][V→N][N][Abs][Unpd][Sg]
taglaamalghii	taglagh-@₁~:(i/u)ma[to.have.V-ed][to.have.been.V-ed][V→V][V][Ptcp][3Sg]

------------------------
Mengteghanun kaalluni qineghsalghiimi aghnaq gaaghaqeftuqneqmeng.

mengteghanun	+?

kaalluni	kaate[V][Sbrd][3Sg]

qineghsalghiimi	qineghte-@₁~fyagh[to.go.V-ing][to.V.in.vain][V→V]-@₁–lghii[the.one.that.V-ed][the.one.that.is.V][V→N][N][Loc][Unpd][Sg]
qineghsalghiimi	qineghte-@₁~fyagh[to.go.V-ing][to.V.in.vain][V→V]-@₁–lghii[the.one.that.V-ed][the.one.that.is.V][V→N][N][Rel][4SgPoss][SgPosd]
qineghsalghiimi	qineghte-@₁~fyagh[to.go.V-ing][to.V.in.vain][V→V]-@₁–lghii[the.one.that.V-ed][the.one.that.is.V][V→N][N][Rel][4SgPoss][PlPosd]
qineghsalghiimi	qineghte[V][Ptcp_Obl][4Sg]

aghnaq	aghnagh[N][Abs][Unpd][Sg]

gaaghaqeftuqneqmeng	+?

------------------------
Taawa saaghwani qayutam qaayngani ugket ugimneghhat.

taawa	taawa

saaghwani	saaghw[N][Loc][3SgPoss][SgPosd]
saaghwani	saaghw[N][Loc][3SgPoss][PlPosd]

qayutam	+?

qaayngani	qaye[N][Loc][3SgPoss][SgPosd]
qaayngani	qaye[N][Loc][3SgPoss][PlPosd]

ugket	+?

ugimneghhat	+?

------------------------
Yuukpimalghii, "Aghnaq uyuq ugkevneng tuunaghtinga.

yuukpimalghii	+?

aghnaq	aghnagh[N][Abs][Unpd][Sg]

uyuq	uyuq

ugkevneng	+?

tuunaghtinga	+?

------------------------
Igatapigtunga."

igatapigtunga	igatagh-–pigte[to.be.very.V][to.V.very.much][V→V][V][Ind][1Sg]

------------------------
"Kaay aviigaanga," aghnaq pimalghii.

kaay	+?

aviigaanga	+?

aghnaq	aghnagh[N][Abs][Unpd][Sg]

pimalghii	pi-@₁~:(i/u)ma[to.have.V-ed][to.have.been.V-ed][V→V]-@₁–lghii[the.one.that.V-ed][the.one.that.is.V][V→N][N][Abs][Unpd][Sg]
pimalghii	pi-@₁~:(i/u)ma[to.have.V-ed][to.have.been.V-ed][V→V][V][Ptcp][3Sg]

------------------------
Uraamra (2) ugkemeng tungsilghii.

uraamra	+?

2	+?

ugkemeng	+?

tungsilghii	+?

------------------------
Yuuk pimalghii, "Tawani aviigi!"

yuuk	yug[N][Abs][Sg]

pimalghii	pi-@₁~:(i/u)ma[to.have.V-ed][to.have.been.V-ed][V→V]-@₁–lghii[the.one.that.V-ed][the.one.that.is.V][V→N][N][Abs][Unpd][Sg]
pimalghii	pi-@₁~:(i/u)ma[to.have.V-ed][to.have.been.V-ed][V→V][V][Ptcp][3Sg]

tawani	tawani

aviigi	+?

------------------------
Qayutameng tugusimalghii ugkemeng.

qayutameng	+?

tugusimalghii	tugu-~:(u)te[to.V.for.or.with][to.cause.to.V.as.one.is.V-ing][to.V.toward.each.other][V→V]-@₁~:(i/u)ma[to.have.V-ed][to.have.been.V-ed][V→V]-@₁–lghii[the.one.that.V-ed][the.one.that.is.V][V→N][N][Abs][Unpd][Sg]
tugusimalghii	tugu-~:(u)te[SBJ.V-ed.something][V→V]-@₁~:(i/u)ma[to.have.V-ed][to.have.been.V-ed][V→V]-@₁–lghii[the.one.that.V-ed][the.one.that.is.V][V→N][N][Abs][Unpd][Sg]
tugusimalghii	tugu-~:(u)te[SBJ.V-ed.something][V→V]-@₁~:(i/u)ma[to.have.V-ed][to.have.been.V-ed][V→V][V][Ptcp][3Sg]
tugusimalghii	tugu-te[to.act.on.so.as.to.cause.to.V][V→V]-@₁~:(i/u)ma[to.have.V-ed][to.have.been.V-ed][V→V]-@₁–lghii[the.one.that.V-ed][the.one.that.is.V][V→N][N][Abs][Unpd][Sg]

ugkemeng	+?

------------------------
Aghnaq pilaataghtuq, "Kaaaay sullevnaghhalek aviilaataghaanga aleghqupigmeng!

aghnaq	aghnagh[N][Abs][Unpd][Sg]

pilaataghtuq	pi-@₁~laatagh[to.V.anyway][despite.everything.to.still.V][V→V][V][Ind][3Sg]
pilaataghtuq	pi-@₁~laatagh[to.V.anyway][despite.everything.to.still.V][V→V]-te[to.act.on.so.as.to.cause.to.V][V→V][V][Ind][3Sg]
pilaataghtuq	pi-~:(u)te[to.V.for.or.with][to.cause.to.V.as.one.is.V-ing][to.V.toward.each.other][V→V]-@₁~laatagh[to.V.anyway][despite.everything.to.still.V][V→V][V][Ind][3Sg]
pilaataghtuq	pi-~:(u)te[to.V.for.or.with][to.cause.to.V.as.one.is.V-ing][to.V.toward.each.other][V→V]-@₁~laatagh[to.V.anyway][despite.everything.to.still.V][V→V]-te[to.act.on.so.as.to.cause.to.V][V→V][V][Ind][3Sg]
pilaataghtuq	pi-~:(u)te[SBJ.V-ed.something][V→V]-@₁~laatagh[to.V.anyway][despite.everything.to.still.V][V→V][V][Ind][3Sg]
pilaataghtuq	pi-~:(u)te[SBJ.V-ed.something][V→V]-@₁~laatagh[to.V.anyway][despite.everything.to.still.V][V→V]-te[to.act.on.so.as.to.cause.to.V][V→V][V][Ind][3Sg]

kaaaay	+?

sullevnaghhalek	+?

aviilaataghaanga	+?

aleghqupigmeng	+?

------------------------
Weni ugkeka aga tenguq ima aga aanuq!

weni	+?

ugkeka	+?

aga	aga

tenguq	+?

ima	ima

aga	aga

aanuq	aane[V][Ind][3Sg]

------------------------
Kaaaay entaqun imgaghtunga!"

kaaaay	+?

entaqun	entaqun

imgaghtunga	+?

------------------------
Yugem ugka aanulluku uqeghhmi neghumakanga.

yugem	yug[N][Rel][Unpd][Sg]

ugka	+?

aanulluku	+?

uqeghhmi	+?

neghumakanga	negh-@₁~:(i/u)ma[to.have.V-ed][to.have.been.V-ed][V→V]-@*@₂~sf–(g₂)k(a)e[the.one.that.possessor.V-ed][V→N][N][Abs][3SgPoss][SgPosd]
neghumakanga	negh-@₁~:(i/u)ma[to.have.V-ed][to.have.been.V-ed][V→V][V][Ptcp][3Sg][3Sg]
neghumakanga	negh-@₁~:(i/u)ma[to.have.V-ed][to.have.been.V-ed][V→V][V][Cond][3Sg][1Sg]
neghumakanga	neghe-@₁~:(i/u)ma[to.have.V-ed][to.have.been.V-ed][V→V]-@*@₂~sf–(g₂)k(a)e[the.one.that.possessor.V-ed][V→N][N][Abs][3SgPoss][SgPosd]
neghumakanga	neghe-@₁~:(i/u)ma[to.have.V-ed][to.have.been.V-ed][V→V][V][Ptcp][3Sg][3Sg]
neghumakanga	neghe-@₁~:(i/u)ma[to.have.V-ed][to.have.been.V-ed][V→V][V][Cond][3Sg][1Sg]

------------------------
Ugka qamagsamigu ilangitnun mengteghanun aglaamalghii.

ugka	+?

qamagsamigu	qamagte[V][CnsqI][4Sg][3Sg]

ilangitnun	ila[N][Ter][3DuPoss][PlPosd]
ilangitnun	ila[N][Ter][3DuPoss][DuPosd]
ilangitnun	ila[N][Ter][3PlPoss][PlPosd]
ilangitnun	ila[N][Ter][3PlPoss][SgPosd]
ilangitnun	ila[N][Ter][3PlPoss][DuPosd]

mengteghanun	+?

aglaamalghii	aglagh-@₁~:(i/u)ma[to.have.V-ed][to.have.been.V-ed][V→V]-@₁–lghii[the.one.that.V-ed][the.one.that.is.V][V→N][N][Abs][Unpd][Sg]
aglaamalghii	aglagh-@₁~:(i/u)ma[to.have.V-ed][to.have.been.V-ed][V→V][V][Ptcp][3Sg]

------------------------
(2) Ipameng, teghhumaghmi nakaa qavangumi nalighmeng sumeghtaghaalleghmi.

2	+?

ipameng	+?

teghhumaghmi	+?

nakaa	nakaa

qavangumi	+?

nalighmeng	naligh*[N][Rel][4DuPoss][SgPosd]
nalighmeng	naligh*[N][Rel][4DuPoss][PlPosd]
nalighmeng	naligh*[N][Rel][4PlPoss][SgPosd]
nalighmeng	naligh*[N][Rel][4PlPoss][PlPosd]
nalighmeng	naligh*[N][Abl_Mod][Unpd][Sg]
nalighmeng	nalighmeng

sumeghtaghaalleghmi	+?

------------------------


	

------------------------
Kaalluni aqumumalghii amigem iiqngaakun.

kaalluni	kaate[V][Sbrd][3Sg]

aqumumalghii	aqume-@₁~:(i/u)ma[to.have.V-ed][to.have.been.V-ed][V→V]-@₁–lghii[the.one.that.V-ed][the.one.that.is.V][V→N][N][Abs][Unpd][Sg]
aqumumalghii	aqume-@₁~:(i/u)ma[to.have.V-ed][to.have.been.V-ed][V→V][V][Ptcp][3Sg]

amigem	amig[N][Rel][Unpd][Sg]

iiqngaakun	+?

------------------------
Maalghuk aghnaghaak neqmeng inglugtaalghiik esnameng kaallutek mengteghamun neqa itghututkelluku aghnaghaak kangsughaataamalghiik amigmi.

maalghuk	+?

aghnaghaak	aghnaghagh*[N][Abs][Unpd][Du]
aghnaghaak	aghnaghagh*[N][Abs][3DuPoss][SgPosd]
aghnaghaak	aghnaghagh*[N][Rel][Unpd][Du]

neqmeng	neqe[N][Rel][4DuPoss][SgPosd]
neqmeng	neqe[N][Rel][4DuPoss][PlPosd]
neqmeng	neqe[N][Rel][4PlPoss][SgPosd]
neqmeng	neqe[N][Rel][4PlPoss][PlPosd]
neqmeng	neqe[N][Abl_Mod][Unpd][Sg]

inglugtaalghiik	+?

esnameng	esnagh[N][Rel][4DuPoss][SgPosd]
esnameng	esnagh[N][Rel][4DuPoss][PlPosd]
esnameng	esnagh[N][Rel][4PlPoss][SgPosd]
esnameng	esnagh[N][Rel][4PlPoss][PlPosd]
esnameng	esnagh[N][Abl_Mod][Unpd][Sg]

kaallutek	kaate[V][Sbrd][1Du][2Du]
kaallutek	kaate[V][Sbrd][1Pl][2Du]
kaallutek	kaate[V][Sbrd][1Sg][2Du]
kaallutek	kaate[V][Sbrd][2Du]
kaallutek	kaate[V][Sbrd][3Du]
kaallutek	kaate[V][Sbrd][3Du][2Du]
kaallutek	kaate[V][Sbrd][3Pl][2Du]
kaallutek	kaate[V][Sbrd][3Sg][2Du]

mengteghamun	+?

neqa	neqe[N][Abs][Unpd][Sg]

itghututkelluku	+?

aghnaghaak	aghnaghagh*[N][Abs][Unpd][Du]
aghnaghaak	aghnaghagh*[N][Abs][3DuPoss][SgPosd]
aghnaghaak	aghnaghagh*[N][Rel][Unpd][Du]

kangsughaataamalghiik	+?

amigmi	amig[N][Loc][Unpd][Sg]
amigmi	amig[N][Rel][4SgPoss][SgPosd]
amigmi	amig[N][Rel][4SgPoss][PlPosd]

------------------------
Pimalghiik, "Sangami amigput kagpellighaghta?"

pimalghiik	pi-@₁~:(i/u)ma[to.have.V-ed][to.have.been.V-ed][V→V]-@₁–lghii[the.one.that.V-ed][the.one.that.is.V][V→N][N][Abs][Unpd][Du]
pimalghiik	pi-@₁~:(i/u)ma[to.have.V-ed][to.have.been.V-ed][V→V]-@₁–lghii[the.one.that.V-ed][the.one.that.is.V][V→N][N][Rel][Unpd][Du]
pimalghiik	pi-@₁~:(i/u)ma[to.have.V-ed][to.have.been.V-ed][V→V][V][Ptcp][3Du]

sangami	sa[V][CnsqI][4Sg]
sangami	sangagh[N][Loc][Unpd][Sg]
sangami	sangagh[N][Rel][4SgPoss][SgPosd]
sangami	sangagh[N][Rel][4SgPoss][PlPosd]
sangami	sangami

amigput	amig[N][Abs][1PlPoss][SgPosd]

kagpellighaghta	+?

------------------------
Yuuk esghaghsaqneghmeng mataawiiq.

yuuk	yug[N][Abs][Sg]

esghaghsaqneghmeng	+?

mataawiiq	+?

------------------------


	

------------------------
Taagken mengteghaneng aglaamalghii aqnightelget mengteghiitnun.

taagken	taagken

mengteghaneng	+?

aglaamalghii	aglagh-@₁~:(i/u)ma[to.have.V-ed][to.have.been.V-ed][V→V]-@₁–lghii[the.one.that.V-ed][the.one.that.is.V][V→N][N][Abs][Unpd][Sg]
aglaamalghii	aglagh-@₁~:(i/u)ma[to.have.V-ed][to.have.been.V-ed][V→V][V][Ptcp][3Sg]

aqnightelget	+?

mengteghiitnun	+?

------------------------
Kaalluni uuqghitni nagasimalghii paninang aghnaq qama enngaatall ngillegtaqeftuq.

kaalluni	kaate[V][Sbrd][3Sg]

uuqghitni	+?

nagasimalghii	nagate-@₁~:(i/u)ma[to.have.V-ed][to.have.been.V-ed][V→V]-@₁–lghii[the.one.that.V-ed][the.one.that.is.V][V→N][N][Abs][Unpd][Sg]
nagasimalghii	nagate-@₁~:(i/u)ma[to.have.V-ed][to.have.been.V-ed][V→V][V][Ptcp][3Sg]

paninang	+?

aghnaq	aghnagh[N][Abs][Unpd][Sg]

qama	qama

enngaatall	+?

ngillegtaqeftuq	+?

------------------------
Alignalghiit qanemsukayuget mataawisimakangat naallghunneghmeng.

alignalghiit	+?

qanemsukayuget	+?

mataawisimakangat	+?

naallghunneghmeng	naallghute-@₁–negh[the.act.or.activity.of.V-ing][V→N][N][Rel][4DuPoss][SgPosd]
naallghunneghmeng	naallghute-@₁–negh[the.act.or.activity.of.V-ing][V→N][N][Rel][4DuPoss][PlPosd]
naallghunneghmeng	naallghute-@₁–negh[the.act.or.activity.of.V-ing][V→N][N][Rel][4PlPoss][SgPosd]
naallghunneghmeng	naallghute-@₁–negh[the.act.or.activity.of.V-ing][V→N][N][Rel][4PlPoss][PlPosd]
naallghunneghmeng	naallghute-@₁–negh[the.act.or.activity.of.V-ing][V→N][N][Abl_Mod][Unpd][Sg]

------------------------
Qama yuukpimalghii, "Enta enraq iigna aqfaaghtigu.

qama	qama

yuukpimalghii	+?

enta	+?

enraq	+?

iigna	iigna

aqfaaghtigu	+?

------------------------
Enannguq akilighnaghaqa ellngan nakmikegkaneng."

enannguq	+?

akilighnaghaqa	+?

ellngan	ellngan

nakmikegkaneng	+?

------------------------
Yuuk uqeghhmi nekevghalghii naghughtam kiimsiqiigalkanga qayughllag'qun esghiigalkangat.

yuuk	yug[N][Abs][Sg]

uqeghhmi	+?

nekevghalghii	nekevgha-@₁–lghii[the.one.that.V-ed][the.one.that.is.V][V→N][N][Abs][Unpd][Sg]
nekevghalghii	nekevgha[V][Ptcp][3Sg]

naghughtam	+?

kiimsiqiigalkanga	+?

qayughllagqun	+?

esghiigalkangat	+?

------------------------
Tawani uqeghhmi nekevghaamaluku yugem kinguliiluku aqfastekaa uka tagimalghii.

tawani	tawani

uqeghhmi	+?

nekevghaamaluku	+?

yugem	yug[N][Rel][Unpd][Sg]

kinguliiluku	+?

aqfastekaa	+?

uka	uka

tagimalghii	tagi-@₁~:(i/u)ma[to.have.V-ed][to.have.been.V-ed][V→V]-@₁–lghii[the.one.that.V-ed][the.one.that.is.V][V→N][N][Abs][Unpd][Sg]
tagimalghii	tagi-@₁~:(i/u)ma[to.have.V-ed][to.have.been.V-ed][V→V][V][Ptcp][3Sg]

------------------------
Yuuk tiigmeraaghmeng pilugukelghii kaasaghtuutni maliglluku yugmun uqeghhmi nekevghalghiimun ayuqluni tagimalghii.

yuuk	yug[N][Abs][Sg]

tiigmeraaghmeng	+?

pilugukelghii	+?

kaasaghtuutni	kaate-@₁~fyaghtugh[to.be.about.to.V][to.go.somewhere.to.V]-~:(u)te[to.V.for.or.with][to.cause.to.V.as.one.is.V-ing][to.V.toward.each.other][V→V]-te[to.act.on.so.as.to.cause.to.V][V→V]-te[to.act.on.so.as.to.cause.to.V][V→V]-te[to.act.on.so.as.to.cause.to.V][V→V]-@₁~fni[to.say.that.one.is.V-ing][Cmpd_Vbl][V][Opt][PRS][2Sg]
kaasaghtuutni	kaate-@₁~fyaghtugh[to.be.about.to.V][to.go.somewhere.to.V]-~:(u)te[condition.with.respect.to.V-ing][V→N]-te[to.catch.N][to.go.to.N][N→V]-te[to.act.on.so.as.to.cause.to.V][V→V]-te[to.act.on.so.as.to.cause.to.V][V→V]-@₁~fni[to.say.that.one.is.V-ing][Cmpd_Vbl][V][Opt][PRS][2Sg]
kaasaghtuutni	kaate-@₁~fyaghtugh[to.be.about.to.V][to.go.somewhere.to.V]-~:(u)te[condition.with.respect.to.V-ing][V→N][N][Loc][Unpd][Pl]
kaasaghtuutni	kaate-@₁~fyaghtugh[to.be.about.to.V][to.go.somewhere.to.V]-~:(u)te[SBJ.V-ed.something][V→V]-te[to.act.on.so.as.to.cause.to.V][V→V]-te[to.act.on.so.as.to.cause.to.V][V→V]-te[to.act.on.so.as.to.cause.to.V][V→V]-@₁~fni[to.say.that.one.is.V-ing][Cmpd_Vbl][V][Opt][PRS][2Sg]

maliglluku	+?

yugmun	yug[N][Ter][Unpd][Sg]

uqeghhmi	+?

nekevghalghiimun	nekevgha-@₁–lghii[the.one.that.V-ed][the.one.that.is.V][V→N][N][Ter][Unpd][Sg]

ayuqluni	+?

tagimalghii	tagi-@₁~:(i/u)ma[to.have.V-ed][to.have.been.V-ed][V→V]-@₁–lghii[the.one.that.V-ed][the.one.that.is.V][V→N][N][Abs][Unpd][Sg]
tagimalghii	tagi-@₁~:(i/u)ma[to.have.V-ed][to.have.been.V-ed][V→V][V][Ptcp][3Sg]

------------------------


	

------------------------
Kaasami pimakanga, "Saam yukaten nakuminguzin sangavek iitghigasin?"

kaasami	kaate[V][CnsqI][4Sg]

pimakanga	pi-@₁~:(i/u)ma[to.have.V-ed][to.have.been.V-ed][V→V]-@*@₂~sf–(g₂)k(a)e[the.one.that.possessor.V-ed][V→N][N][Abs][3SgPoss][SgPosd]
pimakanga	pi-@₁~:(i/u)ma[to.have.V-ed][to.have.been.V-ed][V→V][V][Ptcp][3Sg][3Sg]
pimakanga	pi-@₁~:(i/u)ma[to.have.V-ed][to.have.been.V-ed][V→V][V][Cond][3Sg][1Sg]

saam	+?

yukaten	+?

nakuminguzin	+?

sangavek	sa[V][CnsqI][2Sg]

iitghigasin	itegh-@₁~:(ng₂)igate[to.never.V][to.not.be.V-ing][V→V][V][Intrg][2Sg]

------------------------
Yugem akisimakanga, "Aghveghmeng kaalgulghiitgun maligullunga tagikaagunga.

yugem	yug[N][Rel][Unpd][Sg]

akisimakanga	aki-te[to.catch.N][to.go.to.N][N→V]-@₁~:(i/u)ma[to.have.V-ed][to.have.been.V-ed][V→V]-@*@₂~sf–(g₂)k(a)e[the.one.that.possessor.V-ed][V→N][N][Abs][3SgPoss][SgPosd]
akisimakanga	akite-@₁~:(i/u)ma[to.have.V-ed][to.have.been.V-ed][V→V]-@*@₂~sf–(g₂)k(a)e[the.one.that.possessor.V-ed][V→N][N][Abs][3SgPoss][SgPosd]
akisimakanga	akite-@₁~:(i/u)ma[to.have.V-ed][to.have.been.V-ed][V→V][V][Ptcp][3Sg][3Sg]
akisimakanga	akite-@₁~:(i/u)ma[to.have.V-ed][to.have.been.V-ed][V→V][V][Cond][3Sg][1Sg]

aghveghmeng	aghvegh[N][Rel][4DuPoss][SgPosd]
aghveghmeng	aghvegh[N][Rel][4DuPoss][PlPosd]
aghveghmeng	aghvegh[N][Rel][4PlPoss][SgPosd]
aghveghmeng	aghvegh[N][Rel][4PlPoss][PlPosd]
aghveghmeng	aghvegh[N][Abl_Mod][Unpd][Sg]

kaalgulghiitgun	kaaw-–leg[one.having.N][N→N]-~:(ng₁)u[to.be.N][N→V]-@₁–lghii[the.one.that.V-ed][the.one.that.is.V][V→N][N][Via][Unpd][Pl]
kaalgulghiitgun	kaaw-–lgu[to.have.N][N→V]-@₁–lghii[the.one.that.V-ed][the.one.that.is.V][V→N][N][Via][Unpd][Pl]

maligullunga	+?

tagikaagunga	tagi-~sf–(g₃)kau[to.have.V-ed][to.have.been.V-ed][V→V][V][Ind][1Sg]
tagikaagunga	tagi-@₂~fkau[to.have.V-ed][to.have.been.V-ed][V→V][V][Ind][1Sg]

------------------------
Whanga Napaqutaghhmiinguunga.

whanga	whanga

napaqutaghhmiinguunga	+?

------------------------
Nallukaqa naansinga.

nallukaqa	+?

naansinga	+?

------------------------
Esghaghsaqneghmeng aghtughtunga.

esghaghsaqneghmeng	+?

aghtughtunga	aghtugh[V][Ind][1Sg]
aghtughtunga	aghtugh-te[to.act.on.so.as.to.cause.to.V][V→V][V][Ind][1Sg]

------------------------
Esghiigataatnga.

esghiigataatnga	esghagh-@₁~:(ng₂)igate[to.never.V][to.not.be.V-ing][V→V][V][Ind][3Pl][1Sg]

------------------------
Ellngiinaghhaghpek whaa esghaghaghpenga.

ellngiinaghhaghpek	+?

whaa	+?

esghaghaghpenga	+?

------------------------
Aghneq esnami esghaallunga isekiyukuni aghnam ggatmeghruganun llimayaghanka atalughat.

aghneq	aghnegh[N][Abs][Unpd][Sg]

esnami	esnagh[N][Loc][Unpd][Sg]
esnami	esnagh[N][Rel][4SgPoss][SgPosd]
esnami	esnagh[N][Rel][4SgPoss][PlPosd]

esghaallunga	esghaate[V][Sbrd][1Sg]
esghaallunga	esghaate[V][Sbrd][2Du][1Sg]
esghaallunga	esghaate[V][Sbrd][2Pl][1Sg]
esghaallunga	esghaate[V][Sbrd][2Sg][1Sg]
esghaallunga	esghaate[V][Sbrd][3Du][1Sg]
esghaallunga	esghaate[V][Sbrd][3Pl][1Sg]
esghaallunga	esghaate[V][Sbrd][3Sg][1Sg]
esghaallunga	esghagh-~:(u)te[to.V.for.or.with][to.cause.to.V.as.one.is.V-ing][to.V.toward.each.other][V→V]-te[to.act.on.so.as.to.cause.to.V][V→V][V][Sbrd][2Du][1Sg]
esghaallunga	esghagh-~:(u)te[to.V.for.or.with][to.cause.to.V.as.one.is.V-ing][to.V.toward.each.other][V→V]-te[to.act.on.so.as.to.cause.to.V][V→V][V][Sbrd][2Pl][1Sg]
esghaallunga	esghagh-~:(u)te[to.V.for.or.with][to.cause.to.V.as.one.is.V-ing][to.V.toward.each.other][V→V]-te[to.act.on.so.as.to.cause.to.V][V→V][V][Sbrd][2Sg][1Sg]
esghaallunga	esghagh-~:(u)te[to.V.for.or.with][to.cause.to.V.as.one.is.V-ing][to.V.toward.each.other][V→V]-te[to.act.on.so.as.to.cause.to.V][V→V][V][Sbrd][3Du][1Sg]
esghaallunga	esghagh-~:(u)te[to.V.for.or.with][to.cause.to.V.as.one.is.V-ing][to.V.toward.each.other][V→V]-te[to.act.on.so.as.to.cause.to.V][V→V][V][Sbrd][3Pl][1Sg]
esghaallunga	esghagh-~:(u)te[to.V.for.or.with][to.cause.to.V.as.one.is.V-ing][to.V.toward.each.other][V→V]-te[to.act.on.so.as.to.cause.to.V][V→V][V][Sbrd][3Sg][1Sg]
esghaallunga	esghagh-~:(u)te[to.V.for.or.with][to.cause.to.V.as.one.is.V-ing][to.V.toward.each.other][V→V][V][Sbrd][2Du][1Sg]
esghaallunga	esghagh-~:(u)te[to.V.for.or.with][to.cause.to.V.as.one.is.V-ing][to.V.toward.each.other][V→V][V][Sbrd][2Pl][1Sg]
esghaallunga	esghagh-~:(u)te[to.V.for.or.with][to.cause.to.V.as.one.is.V-ing][to.V.toward.each.other][V→V][V][Sbrd][2Sg][1Sg]
esghaallunga	esghagh-~:(u)te[to.V.for.or.with][to.cause.to.V.as.one.is.V-ing][to.V.toward.each.other][V→V][V][Sbrd][3Du][1Sg]
esghaallunga	esghagh-~:(u)te[to.V.for.or.with][to.cause.to.V.as.one.is.V-ing][to.V.toward.each.other][V→V][V][Sbrd][3Pl][1Sg]
esghaallunga	esghagh-~:(u)te[to.V.for.or.with][to.cause.to.V.as.one.is.V-ing][to.V.toward.each.other][V→V][V][Sbrd][3Sg][1Sg]
esghaallunga	esghagh-~:(u)te[condition.with.respect.to.V-ing][V→N]-te[to.catch.N][to.go.to.N][N→V][V][Sbrd][1Sg]
esghaallunga	esghagh-~:(u)te[SBJ.V-ed.something][V→V]-te[to.act.on.so.as.to.cause.to.V][V→V][V][Sbrd][1Sg]
esghaallunga	esghagh-~:(u)te[SBJ.V-ed.something][V→V][V][Sbrd][1Sg]

isekiyukuni	+?

aghnam	aghnagh[N][Rel][Unpd][Sg]

ggatmeghruganun	+?

llimayaghanka	lli-@₁~:(i/u)ma[to.have.V-ed][to.have.been.V-ed][V→V]-@₁~fyagh[to.go.V-ing][to.V.in.vain][V→V][V][Ind][1Sg][3Pl]
llimayaghanka	lli-@₁~:(i/u)ma[to.have.V-ed][to.have.been.V-ed][V→V]-~:(u)te[to.V.for.or.with][to.cause.to.V.as.one.is.V-ing][to.V.toward.each.other][V→V]-@₁~fyagh[to.go.V-ing][to.V.in.vain][V→V][V][Ind][1Sg][3Pl]

atalughat	+?

------------------------
Taakut esgha agrepesiiqegkangi."

taakut	taake[V][Ind][3Pl]

esgha	+?

agrepesiiqegkangi	+?

------------------------
"Tagi maligtinga qamavek iitgheltung!"

tagi	tagi[V][Opt][PRS][2Sg]

maligtinga	maligte[V][Opt][PRS][2Sg][1Sg]

qamavek	qamavek

iitgheltung	itegh[V][Opt][PRS][1Du]

------------------------
Llaaghanwha iitghumalghiik.

llaaghanwha	+?

iitghumalghiik	itegh-@₁~:(i/u)ma[to.have.V-ed][to.have.been.V-ed][V→V]-@₁–lghii[the.one.that.V-ed][the.one.that.is.V][V→N][N][Abs][Unpd][Du]
iitghumalghiik	itegh-@₁~:(i/u)ma[to.have.V-ed][to.have.been.V-ed][V→V]-@₁–lghii[the.one.that.V-ed][the.one.that.is.V][V→N][N][Rel][Unpd][Du]
iitghumalghiik	itegh-@₁~:(i/u)ma[to.have.V-ed][to.have.been.V-ed][V→V][V][Ptcp][3Du]

------------------------
Iteghyan yuuknutaan esghaamakangat.

iteghyan	itegh[V][CnsqI][3Sg]

yuuknutaan	+?

esghaamakangat	esghagh-@₁~:(i/u)ma[to.have.V-ed][to.have.been.V-ed][V→V]-@*@₂~sf–(g₂)k(a)e[the.one.that.possessor.V-ed][V→N][N][Abs][3PlPoss][SgPosd]
esghaamakangat	esghagh-@₁~:(i/u)ma[to.have.V-ed][to.have.been.V-ed][V→V][V][Ptcp][3Pl][3Sg]

------------------------
Yuuk aqfastekaat pimalghii, "Esgha taana aqelqaq maamestineghmeng aghtiigalnguq.

yuuk	yug[N][Abs][Sg]

aqfastekaat	+?

pimalghii	pi-@₁~:(i/u)ma[to.have.V-ed][to.have.been.V-ed][V→V]-@₁–lghii[the.one.that.V-ed][the.one.that.is.V][V→N][N][Abs][Unpd][Sg]
pimalghii	pi-@₁~:(i/u)ma[to.have.V-ed][to.have.been.V-ed][V→V][V][Ptcp][3Sg]

esgha	+?

taana	taana

aqelqaq	aqelqagh[N][Abs][Unpd][Sg]

maamestineghmeng	+?

aghtiigalnguq	+?

------------------------
Wetku enraq nunanganun Napaqutamun aglaasaghqaqegkufsigu temeghhneghyaghqaaguq." (3)

wetku	+?

enraq	+?

nunanganun	nuna[N][Ter][3SgPoss][SgPosd]
nunanganun	nuna[N][Ter][3SgPoss][PlPosd]

napaqutamun	+?

aglaasaghqaqegkufsigu	+?

temeghhneghyaghqaaguq	+?

3	+?

------------------------
Aqnilghiim aghnam ugina pimalghii, "Ametall (4) aglaatepestaaghlleqaghput.

aqnilghiim	+?

aghnam	aghnagh[N][Rel][Unpd][Sg]

ugina	+?

pimalghii	pi-@₁~:(i/u)ma[to.have.V-ed][to.have.been.V-ed][V→V]-@₁–lghii[the.one.that.V-ed][the.one.that.is.V][V→N][N][Abs][Unpd][Sg]
pimalghii	pi-@₁~:(i/u)ma[to.have.V-ed][to.have.been.V-ed][V→V][V][Ptcp][3Sg]

ametall	+?

4	+?

aglaatepestaaghlleqaghput	+?

------------------------
Nulighqa ikfiqepigtuq.

nulighqa	+?

ikfiqepigtuq	+?

------------------------
Temeghhnaqaghlligu."

temeghhnaqaghlligu	+?

------------------------
Katam taananguftuq aghvengegkat angyalgat.

katam	+?

taananguftuq	+?

aghvengegkat	+?

angyalgat	angyagh-–leg[one.having.N][N→N][N][Abs][3PlPoss][SgPosd]

------------------------
Yuuk aqelqaq aghnamun aqnilghiimun aglaghluni tunutesluku atalughat aghneq llikani agham ggatmeghruganun amighregaan kiighaneng nusugluki nanim manungakun llimakangi.

yuuk	yug[N][Abs][Sg]

aqelqaq	aqelqagh[N][Abs][Unpd][Sg]

aghnamun	aghnagh[N][Ter][Unpd][Sg]

aqnilghiimun	+?

aglaghluni	aglagh[V][Sbrd][3Sg]

tunutesluku	+?

atalughat	+?

aghneq	aghnegh[N][Abs][Unpd][Sg]

llikani	lli-~sf–(g₃)kaq[one.that.has.V-ed][V→N][N][Abs][4SgPoss][SgPosd]
llikani	lli-~sf–(g₃)kaq[one.that.has.V-ed][V→N][N][Abs][4SgPoss][PlPosd]
llikani	lli-@₂~fkaq[one.that.has.V-ed][V→N][N][Abs][4SgPoss][SgPosd]
llikani	lli-@₂~fkaq[one.that.has.V-ed][V→N][N][Abs][4SgPoss][PlPosd]

agham	+?

ggatmeghruganun	+?

amighregaan	+?

kiighaneng	+?

nusugluki	+?

nanim	+?

manungakun	+?

llimakangi	lli-@₁~:(i/u)ma[to.have.V-ed][to.have.been.V-ed][V→V]-@*@₂~sf–(g₂)k(a)e[the.one.that.possessor.V-ed][V→N][N][Abs][3SgPoss][PlPosd]
llimakangi	lli-@₁~:(i/u)ma[to.have.V-ed][to.have.been.V-ed][V→V][V][Ptcp][3Sg][3Pl]

------------------------
Aghnaq igighiyagumalghii.

aghnaq	aghnagh[N][Abs][Unpd][Sg]

igighiyagumalghii	+?

------------------------
(3) Alignalghiit pinighsaghillghat, seghleghiighiIlghat, yugunqegsallghat.

3	+?

alignalghiit	+?

pinighsaghillghat	+?

seghleghiighiilghat	+?

yugunqegsallghat	+?

------------------------
(4) Naqam, aatak nalighmeng llaaghan.

4	+?

naqam	naqam

aatak	aate[V][Ind][3Sg][3Du]

nalighmeng	naligh*[N][Rel][4DuPoss][SgPosd]
nalighmeng	naligh*[N][Rel][4DuPoss][PlPosd]
nalighmeng	naligh*[N][Rel][4PlPoss][SgPosd]
nalighmeng	naligh*[N][Rel][4PlPoss][PlPosd]
nalighmeng	naligh*[N][Abl_Mod][Unpd][Sg]
nalighmeng	nalighmeng

llaaghan	+?

------------------------


	

------------------------
Mengteghalegtaam yugem aghneq atalughaqani liisuqumakangi.

mengteghalegtaam	+?

yugem	yug[N][Rel][Unpd][Sg]

aghneq	aghnegh[N][Abs][Unpd][Sg]

atalughaqani	+?

liisuqumakangi	+?

------------------------
Unaami yugem tukaan yuni kelgughluki angyaghteng kelluku mangtagmeng usiluku yuuklu aqelqaq qaakluku aglaasimakangat nunanganun qayaa qamuqluku.

unaami	unaami[N][Abs][Unpd][Sg]

yugem	yug[N][Rel][Unpd][Sg]

tukaan	tukugh*[N][Rel][3SgPoss][SgPosd]
tukaan	tukugh*[N][Rel][3SgPoss][PlPosd]

yuni	yug[N][Abs][4SgPoss][SgPosd]
yuni	yug[N][Abs][4SgPoss][PlPosd]

kelgughluki	+?

angyaghteng	angyagh[N][Abs][4PlPoss][SgPosd]

kelluku	+?

mangtagmeng	+?

usiluku	+?

yuuklu	yug[N][Abs][Sg]-llu[Encl]

aqelqaq	aqelqagh[N][Abs][Unpd][Sg]

qaakluku	+?

aglaasimakangat	aglagh-~:(u)te[to.V.for.or.with][to.cause.to.V.as.one.is.V-ing][to.V.toward.each.other][V→V]-@₁~:(i/u)ma[to.have.V-ed][to.have.been.V-ed][V→V]-@*@₂~sf–(g₂)k(a)e[the.one.that.possessor.V-ed][V→N][N][Abs][3PlPoss][SgPosd]
aglaasimakangat	aglagh-~:(u)te[SBJ.V-ed.something][V→V]-@₁~:(i/u)ma[to.have.V-ed][to.have.been.V-ed][V→V]-@*@₂~sf–(g₂)k(a)e[the.one.that.possessor.V-ed][V→N][N][Abs][3PlPoss][SgPosd]

nunanganun	nuna[N][Ter][3SgPoss][SgPosd]
nunanganun	nuna[N][Ter][3SgPoss][PlPosd]

qayaa	qayagh-~:(ng₁)u[to.be.N][N→V][V][Opt][PRS][2Sg]
qayaa	qayagh[N][Abs][3SgPoss][SgPosd]
qayaa	qayugh[N][Abs][3SgPoss][SgPosd]
qayaa	qayugh[V][Opt][PRS][2Sg]

qamuqluku	+?

------------------------
Kaatulluku Napaqutamun yuuk esnamun uugsan angyaghteng usingighluku kesimalghiit.

kaatulluku	kaate-~:(u)te[to.V.for.or.with][to.cause.to.V.as.one.is.V-ing][to.V.toward.each.other][V→V]-te[to.act.on.so.as.to.cause.to.V][V→V][V][Sbrd][1Du][3Sg]
kaatulluku	kaate-~:(u)te[to.V.for.or.with][to.cause.to.V.as.one.is.V-ing][to.V.toward.each.other][V→V]-te[to.act.on.so.as.to.cause.to.V][V→V][V][Sbrd][1Pl][3Sg]
kaatulluku	kaate-~:(u)te[to.V.for.or.with][to.cause.to.V.as.one.is.V-ing][to.V.toward.each.other][V→V]-te[to.act.on.so.as.to.cause.to.V][V→V][V][Sbrd][1Sg][3Sg]
kaatulluku	kaate-~:(u)te[to.V.for.or.with][to.cause.to.V.as.one.is.V-ing][to.V.toward.each.other][V→V]-te[to.act.on.so.as.to.cause.to.V][V→V][V][Sbrd][2Du][3Sg]
kaatulluku	kaate-~:(u)te[to.V.for.or.with][to.cause.to.V.as.one.is.V-ing][to.V.toward.each.other][V→V]-te[to.act.on.so.as.to.cause.to.V][V→V][V][Sbrd][2Pl][3Sg]
kaatulluku	kaate-~:(u)te[to.V.for.or.with][to.cause.to.V.as.one.is.V-ing][to.V.toward.each.other][V→V]-te[to.act.on.so.as.to.cause.to.V][V→V][V][Sbrd][2Sg][3Sg]
kaatulluku	kaate-~:(u)te[to.V.for.or.with][to.cause.to.V.as.one.is.V-ing][to.V.toward.each.other][V→V]-te[to.act.on.so.as.to.cause.to.V][V→V][V][Sbrd][3Du][3Sg]
kaatulluku	kaate-~:(u)te[to.V.for.or.with][to.cause.to.V.as.one.is.V-ing][to.V.toward.each.other][V→V]-te[to.act.on.so.as.to.cause.to.V][V→V][V][Sbrd][3Pl][3Sg]
kaatulluku	kaate-~:(u)te[to.V.for.or.with][to.cause.to.V.as.one.is.V-ing][to.V.toward.each.other][V→V]-te[to.act.on.so.as.to.cause.to.V][V→V][V][Sbrd][3Sg][3Sg]
kaatulluku	kaate-~:(u)te[to.V.for.or.with][to.cause.to.V.as.one.is.V-ing][to.V.toward.each.other][V→V][V][Sbrd][1Du][3Sg]
kaatulluku	kaate-~:(u)te[to.V.for.or.with][to.cause.to.V.as.one.is.V-ing][to.V.toward.each.other][V→V][V][Sbrd][1Pl][3Sg]
kaatulluku	kaate-~:(u)te[to.V.for.or.with][to.cause.to.V.as.one.is.V-ing][to.V.toward.each.other][V→V][V][Sbrd][1Sg][3Sg]
kaatulluku	kaate-~:(u)te[to.V.for.or.with][to.cause.to.V.as.one.is.V-ing][to.V.toward.each.other][V→V][V][Sbrd][2Du][3Sg]
kaatulluku	kaate-~:(u)te[to.V.for.or.with][to.cause.to.V.as.one.is.V-ing][to.V.toward.each.other][V→V][V][Sbrd][2Pl][3Sg]
kaatulluku	kaate-~:(u)te[to.V.for.or.with][to.cause.to.V.as.one.is.V-ing][to.V.toward.each.other][V→V][V][Sbrd][2Sg][3Sg]
kaatulluku	kaate-~:(u)te[to.V.for.or.with][to.cause.to.V.as.one.is.V-ing][to.V.toward.each.other][V→V][V][Sbrd][3Du][3Sg]
kaatulluku	kaate-~:(u)te[to.V.for.or.with][to.cause.to.V.as.one.is.V-ing][to.V.toward.each.other][V→V][V][Sbrd][3Pl][3Sg]
kaatulluku	kaate-~:(u)te[to.V.for.or.with][to.cause.to.V.as.one.is.V-ing][to.V.toward.each.other][V→V][V][Sbrd][3Sg][3Sg]

napaqutamun	+?

yuuk	yug[N][Abs][Sg]

esnamun	esnagh[N][Ter][Unpd][Sg]

uugsan	+?

angyaghteng	angyagh[N][Abs][4PlPoss][SgPosd]

usingighluku	+?

kesimalghiit	+?

------------------------
Yuuk kelutmun esghaghluni ketmun qiivluni angyat esghaghnaqsaqenni aviitut.

yuuk	yug[N][Abs][Sg]

kelutmun	+?

esghaghluni	+?

ketmun	+?

qiivluni	+?

angyat	angyagh[N][Abs][Unpd][Pl]
angyat	angyagh[N][Rel][Unpd][Pl]

esghaghnaqsaqenni	+?

aviitut	+?

------------------------
Katam mesungesaget esghaamakangi.

katam	+?

mesungesaget	mesungesag[N][Abs][Unpd][Pl]
mesungesaget	mesungesag[N][Rel][Unpd][Pl]

esghaamakangi	esghagh-@₁~:(i/u)ma[to.have.V-ed][to.have.been.V-ed][V→V]-@*@₂~sf–(g₂)k(a)e[the.one.that.possessor.V-ed][V→N][N][Abs][3SgPoss][PlPosd]
esghaamakangi	esghagh-@₁~:(i/u)ma[to.have.V-ed][to.have.been.V-ed][V→V][V][Ptcp][3Sg][3Pl]

------------------------


	

------------------------
Qamagtuq.

qamagtuq	qamagte[V][Ind][3Sg]

------------------------
Tefaay!

tefaay	+?

------------------------
