Mekelghiighhaak Iikusimaak

﻿mekelghiighhaak	+?

iikusimaak	+?

------------------------


	

------------------------
Kiyaghsimaaq Ungazimi aghnaq ugilek enkaam taghnughhallgaak.

kiyaghsimaaq	kiyaghte-@₁~:(i/u)ma[to.have.V-ed][to.have.been.V-ed][V→V]-~faagh[one.who.keeps.on.V-ing][AUG]
kiyaghsimaaq	kiyaghte-@₁~:(i/u)ma[to.have.V-ed][to.have.been.V-ed][V→V][V][Ind][3Sg]

ungazimi	Ungazigh[N][Loc][Unpd][Sg]
ungazimi	Ungazigh[N][Rel][4SgPoss][SgPosd]
ungazimi	Ungazigh[N][Rel][4SgPoss][PlPosd]

aghnaq	aghnagh[N][Abs][Unpd][Sg]

ugilek	ugi-–leg[one.having.N][N→N][N][Abs][Unpd][Sg]

enkaam	enkaam

taghnughhallgaak	+?

------------------------
Ilangani ugingighaamalghii.

ilangani	ila[N][Loc][3SgPoss][SgPosd]
ilangani	ila[N][Loc][3SgPoss][PlPosd]
ilangani	ilangani

ugingighaamalghii	+?

------------------------
Sighinegmiim yugem nulighhilnguum nagaqughluku Ungazimun tagimalghii.

sighinegmiim	+?

yugem	yug[N][Rel][Unpd][Sg]

nulighhilnguum	nulighh-~:(ng₁)ite**[to.lack.N][to.not.have.N][N→V]-@*ngugh*[the.one.that.V-ed][the.one.that.is.V][V→N][N][Rel][Unpd][Sg]

nagaqughluku	nagate-@₁qugh[to.V.completely][V][Sbrd][1Du][3Sg]
nagaqughluku	nagate-@₁qugh[to.V.completely][V][Sbrd][1Pl][3Sg]
nagaqughluku	nagate-@₁qugh[to.V.completely][V][Sbrd][1Sg][3Sg]
nagaqughluku	nagate-@₁qugh[to.V.completely][V][Sbrd][2Du][3Sg]
nagaqughluku	nagate-@₁qugh[to.V.completely][V][Sbrd][2Pl][3Sg]
nagaqughluku	nagate-@₁qugh[to.V.completely][V][Sbrd][2Sg][3Sg]
nagaqughluku	nagate-@₁qugh[to.V.completely][V][Sbrd][3Du][3Sg]
nagaqughluku	nagate-@₁qugh[to.V.completely][V][Sbrd][3Pl][3Sg]
nagaqughluku	nagate-@₁qugh[to.V.completely][V][Sbrd][3Sg][3Sg]

ungazimun	Ungazigh[N][Ter][Unpd][Sg]

tagimalghii	tagi-@₁~:(i/u)ma[to.have.V-ed][to.have.been.V-ed][V→V]-@₁–lghii[the.one.that.V-ed][the.one.that.is.V][V→N][N][Abs][Unpd][Sg]
tagimalghii	tagi-@₁~:(i/u)ma[to.have.V-ed][to.have.been.V-ed][V→V][V][Ptcp][3Sg]

------------------------
Kaasami aghnaq tugumakanga.

kaasami	kaate[V][CnsqI][4Sg]

aghnaq	aghnagh[N][Abs][Unpd][Sg]

tugumakanga	tugu-@₁~:(i/u)ma[to.have.V-ed][to.have.been.V-ed][V→V]-@*@₂~sf–(g₂)k(a)e[the.one.that.possessor.V-ed][V→N][N][Abs][3SgPoss][SgPosd]
tugumakanga	tugu-@₁~:(i/u)ma[to.have.V-ed][to.have.been.V-ed][V→V][V][Ptcp][3Sg][3Sg]
tugumakanga	tugu-@₁~:(i/u)ma[to.have.V-ed][to.have.been.V-ed][V→V][V][Cond][3Sg][1Sg]

------------------------
Llaaghanwha Sighinegmun aghviisimakanga.

llaaghanwha	+?

sighinegmun	+?

aghviisimakanga	aghvigh-~:(u)te[to.V.for.or.with][to.cause.to.V.as.one.is.V-ing][to.V.toward.each.other][V→V]-@₁~:(i/u)ma[to.have.V-ed][to.have.been.V-ed][V→V]-@*@₂~sf–(g₂)k(a)e[the.one.that.possessor.V-ed][V→N][N][Abs][3SgPoss][SgPosd]
aghviisimakanga	aghvigh-~:(u)te[to.V.for.or.with][to.cause.to.V.as.one.is.V-ing][to.V.toward.each.other][V→V]-@₁~:(i/u)ma[to.have.V-ed][to.have.been.V-ed][V→V][V][Ptcp][3Sg][3Sg]
aghviisimakanga	aghvigh-~:(u)te[to.V.for.or.with][to.cause.to.V.as.one.is.V-ing][to.V.toward.each.other][V→V]-@₁~:(i/u)ma[to.have.V-ed][to.have.been.V-ed][V→V][V][Cond][3Sg][1Sg]
aghviisimakanga	aghvigh-~:(u)te[SBJ.V-ed.something][V→V]-@₁~:(i/u)ma[to.have.V-ed][to.have.been.V-ed][V→V]-@*@₂~sf–(g₂)k(a)e[the.one.that.possessor.V-ed][V→N][N][Abs][3SgPoss][SgPosd]

------------------------


	

------------------------
Naqam taana Sighinegmii yuuk aklungilnguq.

naqam	naqam

taana	taana

sighinegmii	+?

yuuk	yug[N][Abs][Sg]

aklungilnguq	+?

------------------------
Kaasami taakuk mekelghiighhaak atangan ighlekaqegkek piiqegkek, "Qaagkut amyuqetaghllagtut.

kaasami	kaate[V][CnsqI][4Sg]

taakuk	taake[V][Ind][3Du]

mekelghiighhaak	mekelghiigh-–ghhagh*[dear.N][N→N][N][Abs][Unpd][Du]
mekelghiighhaak	mekelghiigh-–ghhagh*[dear.N][N→N][N][Abs][3DuPoss][SgPosd]
mekelghiighhaak	mekelghiigh-–ghhagh*[dear.N][N→N][N][Rel][Unpd][Du]

atangan	ata[N][Rel][3SgPoss][SgPosd]
atangan	ata[N][Rel][3SgPoss][PlPosd]

ighlekaqegkek	+?

piiqegkek	pi-~(g₁)aqe[to.be.V.ing][to.regularly.or.repeatedly.V][V→V]-@*@₂~sf–(g₂)k(a)e[the.one.that.possessor.V-ed][V→N][N][Abs][Unpd][Du]
piiqegkek	pi-~(g₁)aqe[to.be.V.ing][to.regularly.or.repeatedly.V][V→V]-@*@₂~sf–(g₂)k(a)e[the.one.that.possessor.V-ed][V→N][N][Rel][Unpd][Du]

qaagkut	qaagkut

amyuqetaghllagtut	+?

------------------------
Amyuutkelleqiisi."

amyuutkelleqiisi	+?

------------------------


	

------------------------
Llaaghanwha aaneghmegni naayghanun aghulaqaqelghiik.

llaaghanwha	+?

aaneghmegni	+?

naayghanun	naayghagh[N][Ter][Unpd][Pl]

aghulaqaqelghiik	aghulaqe-~(g₁)aqe[to.be.V.ing][to.regularly.or.repeatedly.V][V→V]-@₁–lghii[the.one.that.V-ed][the.one.that.is.V][V→N][N][Abs][Unpd][Du]
aghulaqaqelghiik	aghulaqe-~(g₁)aqe[to.be.V.ing][to.regularly.or.repeatedly.V][V→V]-@₁–lghii[the.one.that.V-ed][the.one.that.is.V][V→N][N][Rel][Unpd][Du]
aghulaqaqelghiik	aghulaqe-~(g₁)aqe[to.be.V.ing][to.regularly.or.repeatedly.V][V→V][V][Ptcp][3Du]

------------------------
Tespagani ulapumalghnk inqun iknaqughinalutek.

tespagani	+?

ulapumalghnk	+?

inqun	+?

iknaqughinalutek	+?

------------------------
Atangita waamsimakek ighneghegni inqun iknaqughisqellukek.

atangita	ata-~:(ng₁)ite**[to.lack.N][to.not.have.N][N→V][V][Intrg][3Sg]
atangita	ata[N][Rel][3DuPoss][SgPosd]
atangita	ata[N][Rel][3DuPoss][PlPosd]
atangita	ata[N][Rel][3PlPoss][SgPosd]
atangita	ata[N][Rel][3PlPoss][PlPosd]

waamsimakek	+?

ighneghegni	ighnegh[N][Abs][4SgPoss][DuPosd]
ighneghegni	ighnegh[N][Loc][Unpd][Du]

inqun	+?

iknaqughisqellukek	+?

------------------------
Llaaghanwha iknaqughimalghiik saama anglimalghiik.

llaaghanwha	+?

iknaqughimalghiik	+?

saama	+?

anglimalghiik	+?

------------------------


	

------------------------
Ilangani uksum unanguluku tungtuquyaamalghiik.

ilangani	ila[N][Loc][3SgPoss][SgPosd]
ilangani	ila[N][Loc][3SgPoss][PlPosd]
ilangani	ilangani

uksum	+?

unanguluku	+?

tungtuquyaamalghiik	+?

------------------------
Tagiyamek nagneghlutek esavghaallghiinun maligusimalghiik.

tagiyamek	tagi-~:(u)te[to.V.for.or.with][to.cause.to.V.as.one.is.V-ing][to.V.toward.each.other][V→V][V][CnsqI][4Du]
tagiyamek	tagi-~:(u)te[SBJ.V-ed.something][V→V][V][CnsqI][4Du]
tagiyamek	tagi[V][CnsqI][4Du]

nagneghlutek	+?

esavghaallghiinun	+?

maligusimalghiik	+?

------------------------
Tamana yuuk naghughqughluku awalighpigaalutek ketfaghaqelghiik.

tamana	tamana

yuuk	yug[N][Abs][Sg]

naghughqughluku	+?

awalighpigaalutek	+?

ketfaghaqelghiik	ketfagh-~(g₁)aqe[to.be.V.ing][to.regularly.or.repeatedly.V][V→V]-@₁–lghii[the.one.that.V-ed][the.one.that.is.V][V→N][N][Abs][Unpd][Du]
ketfaghaqelghiik	ketfagh-~(g₁)aqe[to.be.V.ing][to.regularly.or.repeatedly.V][V→V]-@₁–lghii[the.one.that.V-ed][the.one.that.is.V][V→N][N][Rel][Unpd][Du]
ketfaghaqelghiik	ketfagh-~(g₁)aqe[to.be.V.ing][to.regularly.or.repeatedly.V][V→V][V][Ptcp][3Du]

------------------------
Llaaghanwha ayveghaghlutek taglaghaqelghiik.

llaaghanwha	+?

ayveghaghlutek	+?

taglaghaqelghiik	taglagh-~(g₁)aqe[to.be.V.ing][to.regularly.or.repeatedly.V][V→V]-@₁–lghii[the.one.that.V-ed][the.one.that.is.V][V→N][N][Abs][Unpd][Du]
taglaghaqelghiik	taglagh-~(g₁)aqe[to.be.V.ing][to.regularly.or.repeatedly.V][V→V]-@₁–lghii[the.one.that.V-ed][the.one.that.is.V][V→N][N][Rel][Unpd][Du]
taglaghaqelghiik	taglagh-~(g₁)aqe[to.be.V.ing][to.regularly.or.repeatedly.V][V→V][V][Ptcp][3Du]

------------------------
Tamana taglaghtuullghii naghughqughluku kaataqelghiit mengteghameggnun.

tamana	tamana

taglaghtuullghii	+?

naghughqughluku	+?

kaataqelghiit	kaate-~(g₁)aqe[to.be.V.ing][to.regularly.or.repeatedly.V][V→V]-@₁–lghii[the.one.that.V-ed][the.one.that.is.V][V→N][N][Abs][Unpd][Pl]
kaataqelghiit	kaate-~(g₁)aqe[to.be.V.ing][to.regularly.or.repeatedly.V][V→V]-@₁–lghii[the.one.that.V-ed][the.one.that.is.V][V→N][N][Rel][Unpd][Pl]
kaataqelghiit	kaate-~(g₁)aqe[to.be.V.ing][to.regularly.or.repeatedly.V][V→V][V][Ptcp][3Pl]

mengteghameggnun	+?

------------------------
Tawaten kiyaghsimalghiit uksulqusiq.

tawaten	tawaten

kiyaghsimalghiit	kiyaghte-@₁~:(i/u)ma[to.have.V-ed][to.have.been.V-ed][V→V]-@₁–lghii[the.one.that.V-ed][the.one.that.is.V][V→N][N][Abs][Unpd][Pl]
kiyaghsimalghiit	kiyaghte-@₁~:(i/u)ma[to.have.V-ed][to.have.been.V-ed][V→V]-@₁–lghii[the.one.that.V-ed][the.one.that.is.V][V→N][N][Rel][Unpd][Pl]
kiyaghsimalghiit	kiyaghte-@₁~:(i/u)ma[to.have.V-ed][to.have.been.V-ed][V→V][V][Ptcp][3Pl]

uksulqusiq	+?

------------------------


	

------------------------
Ilangani unanguluku tungtuquyaasimalghiik.

ilangani	ila[N][Loc][3SgPoss][SgPosd]
ilangani	ila[N][Loc][3SgPoss][PlPosd]
ilangani	ilangani

unanguluku	+?

tungtuquyaasimalghiik	+?

------------------------
Tungtunglutek atghaamalghiik aghneghtughllagluku.

tungtunglutek	+?

atghaamalghiik	atghagh-@₁~:(i/u)ma[to.have.V-ed][to.have.been.V-ed][V→V]-@₁–lghii[the.one.that.V-ed][the.one.that.is.V][V→N][N][Abs][Unpd][Du]
atghaamalghiik	atghagh-@₁~:(i/u)ma[to.have.V-ed][to.have.been.V-ed][V→V]-@₁–lghii[the.one.that.V-ed][the.one.that.is.V][V→N][N][Rel][Unpd][Du]
atghaamalghiik	atghagh-@₁~:(i/u)ma[to.have.V-ed][to.have.been.V-ed][V→V][V][Ptcp][3Du]

aghneghtughllagluku	+?

------------------------
Kaasamek tungtukegkateng lliluki nagneghlutek yuuk tamana maliglluku esavghaamalghiik.

kaasamek	kaate[V][CnsqI][4Du]

tungtukegkateng	tungtu-~–ke[to.have.as.one's.N(s)][N→V]-~sf–(g₃)kaq[one.that.has.V-ed][V→N][N][Abs][4PlPoss][PlPosd]

lliluki	lli-~:(u)te[to.V.for.or.with][to.cause.to.V.as.one.is.V-ing][to.V.toward.each.other][V→V][V][Sbrd][1Du][3Pl]
lliluki	lli-~:(u)te[to.V.for.or.with][to.cause.to.V.as.one.is.V-ing][to.V.toward.each.other][V→V][V][Sbrd][1Pl][3Pl]
lliluki	lli-~:(u)te[to.V.for.or.with][to.cause.to.V.as.one.is.V-ing][to.V.toward.each.other][V→V][V][Sbrd][1Sg][3Pl]
lliluki	lli-~:(u)te[to.V.for.or.with][to.cause.to.V.as.one.is.V-ing][to.V.toward.each.other][V→V][V][Sbrd][2Du][3Pl]
lliluki	lli-~:(u)te[to.V.for.or.with][to.cause.to.V.as.one.is.V-ing][to.V.toward.each.other][V→V][V][Sbrd][2Pl][3Pl]
lliluki	lli-~:(u)te[to.V.for.or.with][to.cause.to.V.as.one.is.V-ing][to.V.toward.each.other][V→V][V][Sbrd][2Sg][3Pl]
lliluki	lli-~:(u)te[to.V.for.or.with][to.cause.to.V.as.one.is.V-ing][to.V.toward.each.other][V→V][V][Sbrd][3Du][3Pl]
lliluki	lli-~:(u)te[to.V.for.or.with][to.cause.to.V.as.one.is.V-ing][to.V.toward.each.other][V→V][V][Sbrd][3Pl][3Pl]
lliluki	lli-~:(u)te[to.V.for.or.with][to.cause.to.V.as.one.is.V-ing][to.V.toward.each.other][V→V][V][Sbrd][3Sg][3Pl]
lliluki	lli[V][Sbrd][1Du][3Pl]
lliluki	lli[V][Sbrd][1Pl][3Pl]
lliluki	lli[V][Sbrd][1Sg][3Pl]
lliluki	lli[V][Sbrd][2Du][3Pl]
lliluki	lli[V][Sbrd][2Pl][3Pl]
lliluki	lli[V][Sbrd][2Sg][3Pl]
lliluki	lli[V][Sbrd][3Du][3Pl]
lliluki	lli[V][Sbrd][3Pl][3Pl]
lliluki	lli[V][Sbrd][3Sg][3Pl]

nagneghlutek	+?

yuuk	yug[N][Abs][Sg]

tamana	tamana

maliglluku	+?

esavghaamalghiik	+?

------------------------
Naqam atangita piiqsaqangit inqun awalightaghwaaghpenaki pisqelluki.

naqam	naqam

atangita	ata-~:(ng₁)ite**[to.lack.N][to.not.have.N][N→V][V][Intrg][3Sg]
atangita	ata[N][Rel][3DuPoss][SgPosd]
atangita	ata[N][Rel][3DuPoss][PlPosd]
atangita	ata[N][Rel][3PlPoss][SgPosd]
atangita	ata[N][Rel][3PlPoss][PlPosd]

piiqsaqangit	pi-~(g₁)aqe[to.be.V.ing][to.regularly.or.repeatedly.V][V→V]-@₁~fyagh[to.go.V-ing][to.V.in.vain][V→V]-@*@₂~sf–(g₂)k(a)e[the.one.that.possessor.V-ed][V→N][N][Abs][3PlPoss][PlPosd]
piiqsaqangit	pi-~(g₁)aqe[to.be.V.ing][to.regularly.or.repeatedly.V][V→V]-@₁~fyagh[to.go.V-ing][to.V.in.vain][V→V][V][Ptcp][3Du][3Sg]
piiqsaqangit	pi-~(g₁)aqe[to.be.V.ing][to.regularly.or.repeatedly.V][V→V]-@₁~fyagh[to.go.V-ing][to.V.in.vain][V→V][V][Ptcp][3Pl][3Pl]
piiqsaqangit	pi-~(g₁)aqe[to.be.V.ing][to.regularly.or.repeatedly.V][V→V]-te[to.act.on.so.as.to.cause.to.V][V→V]-@₁~fyagh[to.go.V-ing][to.V.in.vain][V→V]-@*@₂~sf–(g₂)k(a)e[the.one.that.possessor.V-ed][V→N][N][Abs][3PlPoss][PlPosd]
piiqsaqangit	pi-~(g₁)aqe[to.be.V.ing][to.regularly.or.repeatedly.V][V→V]-te[to.act.on.so.as.to.cause.to.V][V→V]-@₁~fyagh[to.go.V-ing][to.V.in.vain][V→V][V][Ptcp][3Du][3Sg]
piiqsaqangit	pi-~(g₁)aqe[to.be.V.ing][to.regularly.or.repeatedly.V][V→V]-te[to.act.on.so.as.to.cause.to.V][V→V]-@₁~fyagh[to.go.V-ing][to.V.in.vain][V→V][V][Ptcp][3Pl][3Pl]
piiqsaqangit	pi-~(g₁)aqe[to.be.V.ing][to.regularly.or.repeatedly.V][V→V]-te[to.act.on.so.as.to.cause.to.V][V→V]-te[to.act.on.so.as.to.cause.to.V][V→V]-@₁~fyagh[to.go.V-ing][to.V.in.vain][V→V]-@*@₂~sf–(g₂)k(a)e[the.one.that.possessor.V-ed][V→N][N][Abs][3PlPoss][PlPosd]
piiqsaqangit	pi-~(g₁)aqe[to.be.V.ing][to.regularly.or.repeatedly.V][V→V]-te[to.act.on.so.as.to.cause.to.V][V→V]-te[to.act.on.so.as.to.cause.to.V][V→V]-@₁~fyagh[to.go.V-ing][to.V.in.vain][V→V][V][Ptcp][3Du][3Sg]
piiqsaqangit	pi-~(g₁)aqe[to.be.V.ing][to.regularly.or.repeatedly.V][V→V]-te[to.act.on.so.as.to.cause.to.V][V→V]-te[to.act.on.so.as.to.cause.to.V][V→V]-@₁~fyagh[to.go.V-ing][to.V.in.vain][V→V][V][Ptcp][3Pl][3Pl]

inqun	+?

awalightaghwaaghpenaki	+?

pisqelluki	+?

------------------------
Taagken aaghtuumalghiik taan'gani.

taagken	taagken

aaghtuumalghiik	+?

taangani	+?

------------------------
Tamana ilanga ayveghaghluni qamaglluni taglaghtuusimalghii.

tamana	tamana

ilanga	ila[N][Abs][3SgPoss][SgPosd]

ayveghaghluni	+?

qamaglluni	+?

taglaghtuusimalghii	+?

------------------------
Elkekayveghaghnaqumalghiik.

elkekayveghaghnaqumalghiik	+?

------------------------
Qenwat ighivgaamakanga.

qenwat	qenwat

ighivgaamakanga	+?

------------------------
Llaaghanwha ayveghaamalghiik.

llaaghanwha	+?

ayveghaamalghiik	+?

------------------------
Iiwenllu yataghqaqaat uyughaa kelutmun qiivyalghiimi puyughllaguftuq.

iiwenllu	+?

yataghqaqaat	+?

uyughaa	uyughagh*-~:(ng₁)u[to.be.N][N→V][V][Opt][PRS][2Sg]
uyughaa	uyughagh*[N][Abs][3SgPoss][SgPosd]

kelutmun	+?

qiivyalghiimi	+?

puyughllaguftuq	+?

------------------------
Anengani pimakanga, "Ii-I, iikutiinkut!"

anengani	anengagh[N][Abs][4SgPoss][SgPosd]
anengani	anengagh[N][Abs][4SgPoss][PlPosd]
anengani	anengagh[N][Loc][Unpd][Pl]

pimakanga	pi-@₁~:(i/u)ma[to.have.V-ed][to.have.been.V-ed][V→V]-@*@₂~sf–(g₂)k(a)e[the.one.that.possessor.V-ed][V→N][N][Abs][3SgPoss][SgPosd]
pimakanga	pi-@₁~:(i/u)ma[to.have.V-ed][to.have.been.V-ed][V→V][V][Ptcp][3Sg][3Sg]
pimakanga	pi-@₁~:(i/u)ma[to.have.V-ed][to.have.been.V-ed][V→V][V][Cond][3Sg][1Sg]

iii	+?

iikutiinkut	+?

------------------------
Anengaan ayveq peglluku kelutmun kilgaquumalghiiknuugem esnenganun sikum kaasalghiimeknutem ameltughqaaluni.

anengaan	anengagh-~:(ng₁)u[to.be.N][N→V]-~:(u)te[condition.with.respect.to.V-ing][V→N][N][Abs][Unpd][Sg]
anengaan	anengagh[N][Rel][3SgPoss][SgPosd]
anengaan	anengagh[N][Rel][3SgPoss][PlPosd]

ayveq	ayvegh[N][Abs][Unpd][Sg]

peglluku	+?

kelutmun	+?

kilgaquumalghiiknuugem	+?

esnenganun	esne[N][Ter][3SgPoss][SgPosd]
esnenganun	esne[N][Ter][3SgPoss][PlPosd]

sikum	siku[N][Rel][Unpd][Sg]

kaasalghiimeknutem	+?

ameltughqaaluni	+?

------------------------
Naqam iiwleng taan'gavek siku saagrukegtaq.

naqam	naqam

iiwleng	+?

taangavek	+?

siku	siku[N][Abs][Unpd][Sg]
siku	siku[Imprs_Agnt][V][Opt][PRS][2Sg]

saagrukegtaq	+?

------------------------
Tamana saagrukegtaq siku anuqmi qateghmi legan meghem tevyaghqaqaa.

tamana	tamana

saagrukegtaq	+?

siku	siku[N][Abs][Unpd][Sg]
siku	siku[Imprs_Agnt][V][Opt][PRS][2Sg]

anuqmi	+?

qateghmi	+?

legan	legan

meghem	megh[N][Rel][Unpd][Sg]

tevyaghqaqaa	+?

------------------------
Taagken ketmun qimagumalghiik meghem tevyagu siku anuqliimakanga uvlugughsimakanga, umegneghughsimakanga qanigtuumaghmi.

taagken	taagken

ketmun	+?

qimagumalghiik	+?

meghem	megh[N][Rel][Unpd][Sg]

tevyagu	+?

siku	siku[N][Abs][Unpd][Sg]
siku	siku[Imprs_Agnt][V][Opt][PRS][2Sg]

anuqliimakanga	anuqligh-@₁~:(i/u)ma[to.have.V-ed][to.have.been.V-ed][V→V]-@*@₂~sf–(g₂)k(a)e[the.one.that.possessor.V-ed][V→N][N][Abs][3SgPoss][SgPosd]

uvlugughsimakanga	+?

umegneghughsimakanga	+?

qanigtuumaghmi	qanig-tugh[to.eat.N][to.use.N][N→V]-@₁~:(i/u)magh*[while.V-ing][V→V][Quant_Qual][4Sg]
qanigtuumaghmi	qanig-tuumagh*[together.with.one's.Ns][N→V][Quant_Qual][4Sg]

------------------------
Ketmun qimagumalghiik.

ketmun	+?

qimagumalghiik	+?

------------------------
Uyavaghllaglutek siku kaasimakangat aangepiglleghhii.

uyavaghllaglutek	+?

siku	siku[N][Abs][Unpd][Sg]
siku	siku[Imprs_Agnt][V][Opt][PRS][2Sg]

kaasimakangat	kaate-@₁~:(i/u)ma[to.have.V-ed][to.have.been.V-ed][V→V]-@*@₂~sf–(g₂)k(a)e[the.one.that.possessor.V-ed][V→N][N][Abs][3PlPoss][SgPosd]
kaasimakangat	kaate-@₁~:(i/u)ma[to.have.V-ed][to.have.been.V-ed][V→V][V][Ptcp][3Pl][3Sg]

aangepiglleghhii	aange-–pigte[to.be.very.V][to.V.very.much][V→V]-@₁–lghii[the.one.that.V-ed][the.one.that.is.V][V→N][N][Abs][Unpd][Sg]
aangepiglleghhii	aange-–pigte[to.be.very.V][to.V.very.much][V→V]-te[to.act.on.so.as.to.cause.to.V][V→V]-@₁–lghii[the.one.that.V-ed][the.one.that.is.V][V→N][N][Abs][Unpd][Sg]
aangepiglleghhii	aange-–pigte[to.be.very.V][to.V.very.much][V→V]-te[to.act.on.so.as.to.cause.to.V][V→V][V][Ptcp][3Sg]
aangepiglleghhii	aange-–pigte[to.be.very.V][to.V.very.much][V→V][V][Ptcp][3Sg]

------------------------
Tawavek mayughlutek tespamagun laagluku kiyaghsimalghiik.

tawavek	+?

mayughlutek	mayugh[V][Sbrd][1Du][2Du]
mayughlutek	mayugh[V][Sbrd][1Pl][2Du]
mayughlutek	mayugh[V][Sbrd][1Sg][2Du]
mayughlutek	mayugh[V][Sbrd][2Du]
mayughlutek	mayugh[V][Sbrd][3Du]
mayughlutek	mayugh[V][Sbrd][3Du][2Du]
mayughlutek	mayugh[V][Sbrd][3Pl][2Du]
mayughlutek	mayugh[V][Sbrd][3Sg][2Du]

tespamagun	+?

laagluku	laag[V][Sbrd][1Du][3Sg]
laagluku	laag[V][Sbrd][1Pl][3Sg]
laagluku	laag[V][Sbrd][1Sg][3Sg]
laagluku	laag[V][Sbrd][2Du][3Sg]
laagluku	laag[V][Sbrd][2Pl][3Sg]
laagluku	laag[V][Sbrd][2Sg][3Sg]
laagluku	laag[V][Sbrd][3Du][3Sg]
laagluku	laag[V][Sbrd][3Pl][3Sg]
laagluku	laag[V][Sbrd][3Sg][3Sg]

kiyaghsimalghiik	kiyaghte-@₁~:(i/u)ma[to.have.V-ed][to.have.been.V-ed][V→V]-@₁–lghii[the.one.that.V-ed][the.one.that.is.V][V→N][N][Abs][Unpd][Du]
kiyaghsimalghiik	kiyaghte-@₁~:(i/u)ma[to.have.V-ed][to.have.been.V-ed][V→V]-@₁–lghii[the.one.that.V-ed][the.one.that.is.V][V→N][N][Rel][Unpd][Du]
kiyaghsimalghiik	kiyaghte-@₁~:(i/u)ma[to.have.V-ed][to.have.been.V-ed][V→V][V][Ptcp][3Du]

------------------------


	

------------------------
Uyughaan pimakanga anengani, "Weni tuqusiighnaqngunghilkumta sanaqaghten!"

uyughaan	uyughagh*-~:(ng₁)u[to.be.N][N→V]-~:(u)te[condition.with.respect.to.V-ing][V→N][N][Abs][Unpd][Sg]
uyughaan	uyughagh*[N][Abs][2SgPoss][SgPosd]
uyughaan	uyughagh*[N][Rel][3SgPoss][SgPosd]
uyughaan	uyughagh*[N][Rel][3SgPoss][PlPosd]

pimakanga	pi-@₁~:(i/u)ma[to.have.V-ed][to.have.been.V-ed][V→V]-@*@₂~sf–(g₂)k(a)e[the.one.that.possessor.V-ed][V→N][N][Abs][3SgPoss][SgPosd]
pimakanga	pi-@₁~:(i/u)ma[to.have.V-ed][to.have.been.V-ed][V→V][V][Ptcp][3Sg][3Sg]
pimakanga	pi-@₁~:(i/u)ma[to.have.V-ed][to.have.been.V-ed][V→V][V][Cond][3Sg][1Sg]

anengani	anengagh[N][Abs][4SgPoss][SgPosd]
anengani	anengagh[N][Abs][4SgPoss][PlPosd]
anengani	anengagh[N][Loc][Unpd][Pl]

weni	+?

tuqusiighnaqngunghilkumta	+?

sanaqaghten	+?

------------------------
Taagken mekelghiiq nuyekliq tuunaghmineng maghuyighluki ilagaamalghii.

taagken	taagken

mekelghiiq	mekelghiigh[N][Abs][Unpd][Sg]

nuyekliq	+?

tuunaghmineng	+?

maghuyighluki	+?

ilagaamalghii	ilagagh-@₁~:(i/u)ma[to.have.V-ed][to.have.been.V-ed][V→V]-@₁–lghii[the.one.that.V-ed][the.one.that.is.V][V→N][N][Abs][Unpd][Sg]
ilagaamalghii	ilagagh-@₁~:(i/u)ma[to.have.V-ed][to.have.been.V-ed][V→V][V][Ptcp][3Sg]

------------------------
Ilagaamaluku uyuqliimmekelghiighemnagaqumakanga uyavaghpaneng meteghlluk qalghilghii.

ilagaamaluku	+?

uyuqliimmekelghiighemnagaqumakanga	+?

uyavaghpaneng	+?

meteghlluk	meteghllug[N][Abs][Unpd][Sg]

qalghilghii	+?

------------------------
Mekelghiighem nuyekliim ilagaan qamagsamigu uyughani aapsimakanga, "Sameng nagaquutaghhneghisin?"

mekelghiighem	mekelghiigh[N][Rel][Unpd][Sg]

nuyekliim	+?

ilagaan	ilagagh-~:(u)te[condition.with.respect.to.V-ing][V→N][N][Abs][Unpd][Sg]

qamagsamigu	qamagte[V][CnsqI][4Sg][3Sg]

uyughani	uyughagh*[N][Abs][4SgPoss][SgPosd]
uyughani	uyughagh*[N][Abs][4SgPoss][PlPosd]

aapsimakanga	aapte-@₁~:(i/u)ma[to.have.V-ed][to.have.been.V-ed][V→V]-@*@₂~sf–(g₂)k(a)e[the.one.that.possessor.V-ed][V→N][N][Abs][3SgPoss][SgPosd]
aapsimakanga	aapte-@₁~:(i/u)ma[to.have.V-ed][to.have.been.V-ed][V→V][V][Ptcp][3Sg][3Sg]
aapsimakanga	aapte-@₁~:(i/u)ma[to.have.V-ed][to.have.been.V-ed][V→V][V][Cond][3Sg][1Sg]

sameng	sa[N][Rel][4DuPoss][SgPosd]
sameng	sa[N][Rel][4DuPoss][PlPosd]
sameng	sa[N][Rel][4PlPoss][SgPosd]
sameng	sa[N][Rel][4PlPoss][PlPosd]
sameng	sa[N][Abl_Mod][Unpd][Sg]
sameng	sameng

nagaquutaghhneghisin	+?

------------------------
Uyuqliim nagaqughngaaghmigu akisimakanga, "Waniwanllu nagaquutaghhneghitunga!"

uyuqliim	+?

nagaqughngaaghmigu	nagate-@₁qugh[to.V.completely][V][Conc][4Sg][3Sg]

akisimakanga	aki-te[to.catch.N][to.go.to.N][N→V]-@₁~:(i/u)ma[to.have.V-ed][to.have.been.V-ed][V→V]-@*@₂~sf–(g₂)k(a)e[the.one.that.possessor.V-ed][V→N][N][Abs][3SgPoss][SgPosd]
akisimakanga	akite-@₁~:(i/u)ma[to.have.V-ed][to.have.been.V-ed][V→V]-@*@₂~sf–(g₂)k(a)e[the.one.that.possessor.V-ed][V→N][N][Abs][3SgPoss][SgPosd]
akisimakanga	akite-@₁~:(i/u)ma[to.have.V-ed][to.have.been.V-ed][V→V][V][Ptcp][3Sg][3Sg]
akisimakanga	akite-@₁~:(i/u)ma[to.have.V-ed][to.have.been.V-ed][V→V][V][Cond][3Sg][1Sg]

waniwanllu	+?

nagaquutaghhneghitunga	+?

------------------------
Alla nuyekliq ilagaamalghii.

alla	alla
alla	alla[N][Abs][Unpd][Sg]

nuyekliq	+?

ilagaamalghii	ilagagh-@₁~:(i/u)ma[to.have.V-ed][to.have.been.V-ed][V→V]-@₁–lghii[the.one.that.V-ed][the.one.that.is.V][V→N][N][Abs][Unpd][Sg]
ilagaamalghii	ilagagh-@₁~:(i/u)ma[to.have.V-ed][to.have.been.V-ed][V→V][V][Ptcp][3Sg]

------------------------
Meteghlluk qalghighlaataamalghii uyavaghpaneng iwernga maateghniineng qantaghanlluni.

meteghlluk	meteghllug[N][Abs][Unpd][Sg]

qalghighlaataamalghii	+?

uyavaghpaneng	+?

iwernga	iwernga

maateghniineng	+?

qantaghanlluni	+?

------------------------
Aaplaataamakanga iwernga nagaquumalghii nagaqughngaaghmigu ama nuyekliimllu.

aaplaataamakanga	aapte-@₁~laatagh[to.V.anyway][despite.everything.to.still.V][V→V]-@₁~:(i/u)ma[to.have.V-ed][to.have.been.V-ed][V→V]-@*@₂~sf–(g₂)k(a)e[the.one.that.possessor.V-ed][V→N][N][Abs][3SgPoss][SgPosd]
aaplaataamakanga	aapte-@₁~laatagh[to.V.anyway][despite.everything.to.still.V][V→V]-@₁~:(i/u)ma[to.have.V-ed][to.have.been.V-ed][V→V][V][Ptcp][3Sg][3Sg]
aaplaataamakanga	aapte-@₁~laatagh[to.V.anyway][despite.everything.to.still.V][V→V]-@₁~:(i/u)ma[to.have.V-ed][to.have.been.V-ed][V→V][V][Cond][3Sg][1Sg]

iwernga	iwernga

nagaquumalghii	nagate-@₁qugh[to.V.completely]-@₁~:(i/u)ma[to.have.V-ed][to.have.been.V-ed][V→V]-@₁–lghii[the.one.that.V-ed][the.one.that.is.V][V→N][N][Abs][Unpd][Sg]
nagaquumalghii	nagate-@₁qugh[to.V.completely]-@₁~:(i/u)ma[to.have.V-ed][to.have.been.V-ed][V→V][V][Ptcp][3Sg]

nagaqughngaaghmigu	nagate-@₁qugh[to.V.completely][V][Conc][4Sg][3Sg]

ama	ama

nuyekliimllu	+?

------------------------
Alla ilagaamalghii tuunagmineng saguyaqluni.

alla	alla
alla	alla[N][Abs][Unpd][Sg]

ilagaamalghii	ilagagh-@₁~:(i/u)ma[to.have.V-ed][to.have.been.V-ed][V→V]-@₁–lghii[the.one.that.V-ed][the.one.that.is.V][V→N][N][Abs][Unpd][Sg]
ilagaamalghii	ilagagh-@₁~:(i/u)ma[to.have.V-ed][to.have.been.V-ed][V→V][V][Ptcp][3Sg]

tuunagmineng	+?

saguyaqluni	+?

------------------------
Ilagaamaluku alla meteghlluk qalghilghii nagaquumakangak qantaghanlliighaghluni.

ilagaamaluku	+?

alla	alla
alla	alla[N][Abs][Unpd][Sg]

meteghlluk	meteghllug[N][Abs][Unpd][Sg]

qalghilghii	+?

nagaquumakangak	nagate-@₁qugh[to.V.completely]-@₁~:(i/u)ma[to.have.V-ed][to.have.been.V-ed][V→V]-@*@₂~sf–(g₂)k(a)e[the.one.that.possessor.V-ed][V→N][N][Abs][3DuPoss][SgPosd]

qantaghanlliighaghluni	+?

------------------------
Ilagaan qamagsamigu uyughani pimakanga, "Nagaqunghisigu?"

ilagaan	ilagagh-~:(u)te[condition.with.respect.to.V-ing][V→N][N][Abs][Unpd][Sg]

qamagsamigu	qamagte[V][CnsqI][4Sg][3Sg]

uyughani	uyughagh*[N][Abs][4SgPoss][SgPosd]
uyughani	uyughagh*[N][Abs][4SgPoss][PlPosd]

pimakanga	pi-@₁~:(i/u)ma[to.have.V-ed][to.have.been.V-ed][V→V]-@*@₂~sf–(g₂)k(a)e[the.one.that.possessor.V-ed][V→N][N][Abs][3SgPoss][SgPosd]
pimakanga	pi-@₁~:(i/u)ma[to.have.V-ed][to.have.been.V-ed][V→V][V][Ptcp][3Sg][3Sg]
pimakanga	pi-@₁~:(i/u)ma[to.have.V-ed][to.have.been.V-ed][V→V][V][Cond][3Sg][1Sg]

nagaqunghisigu	nagate-@₁qugh[to.V.completely]-@₁–nghite**[to.not.V][V→V][V][Intrg][2Sg][3Sg]

------------------------
"Nagaqunghitaqa!"

nagaqunghitaqa	nagate-@₁qugh[to.V.completely]-@₁–nghite**[to.not.V][V→V]-~(g₁)aqe[to.be.V.ing][to.regularly.or.repeatedly.V][V→V][V][Intrg][3Sg]

------------------------
Iwerngangam nagaquumalghiik uyughaanllu ama anengaanllu.

iwerngangam	+?

nagaquumalghiik	nagate-@₁qugh[to.V.completely]-@₁~:(i/u)ma[to.have.V-ed][to.have.been.V-ed][V→V]-@₁–lghii[the.one.that.V-ed][the.one.that.is.V][V→N][N][Abs][Unpd][Du]
nagaquumalghiik	nagate-@₁qugh[to.V.completely]-@₁~:(i/u)ma[to.have.V-ed][to.have.been.V-ed][V→V]-@₁–lghii[the.one.that.V-ed][the.one.that.is.V][V→N][N][Rel][Unpd][Du]
nagaquumalghiik	nagate-@₁qugh[to.V.completely]-@₁~:(i/u)ma[to.have.V-ed][to.have.been.V-ed][V→V][V][Ptcp][3Du]

uyughaanllu	uyughagh*-~:(ng₁)u[to.be.N][N→V]-~:(u)te[condition.with.respect.to.V-ing][V→N][N][Abs][Unpd][Sg]-llu[Encl]
uyughaanllu	uyughagh*[N][Abs][2SgPoss][SgPosd]-llu[Encl]
uyughaanllu	uyughagh*[N][Rel][3SgPoss][SgPosd]-llu[Encl]
uyughaanllu	uyughagh*[N][Rel][3SgPoss][PlPosd]-llu[Encl]

ama	ama

anengaanllu	anengagh-~:(ng₁)u[to.be.N][N→V]-~:(u)te[condition.with.respect.to.V-ing][V→N][N][Abs][Unpd][Sg]-llu[Encl]
anengaanllu	anengagh[N][Rel][3SgPoss][SgPosd]-llu[Encl]
anengaanllu	anengagh[N][Rel][3SgPoss][PlPosd]-llu[Encl]

------------------------
Alla ilagaamalghii.

alla	alla
alla	alla[N][Abs][Unpd][Sg]

ilagaamalghii	ilagagh-@₁~:(i/u)ma[to.have.V-ed][to.have.been.V-ed][V→V]-@₁–lghii[the.one.that.V-ed][the.one.that.is.V][V→N][N][Abs][Unpd][Sg]
ilagaamalghii	ilagagh-@₁~:(i/u)ma[to.have.V-ed][to.have.been.V-ed][V→V][V][Ptcp][3Sg]

------------------------
Qenwat qakma uqeghhmi qalghiimalghii, quqquqquqquqquq.

qenwat	qenwat

qakma	qakma

uqeghhmi	+?

qalghiimalghii	+?

quqquqquqquqquq	+?

------------------------
Anengaan pimakanga, "Awi, whanganginaakuma pinaanghitunga."

anengaan	anengagh-~:(ng₁)u[to.be.N][N→V]-~:(u)te[condition.with.respect.to.V-ing][V→N][N][Abs][Unpd][Sg]
anengaan	anengagh[N][Rel][3SgPoss][SgPosd]
anengaan	anengagh[N][Rel][3SgPoss][PlPosd]

pimakanga	pi-@₁~:(i/u)ma[to.have.V-ed][to.have.been.V-ed][V→V]-@*@₂~sf–(g₂)k(a)e[the.one.that.possessor.V-ed][V→N][N][Abs][3SgPoss][SgPosd]
pimakanga	pi-@₁~:(i/u)ma[to.have.V-ed][to.have.been.V-ed][V→V][V][Ptcp][3Sg][3Sg]
pimakanga	pi-@₁~:(i/u)ma[to.have.V-ed][to.have.been.V-ed][V→V][V][Cond][3Sg][1Sg]

awi	+?

whanganginaakuma	+?

pinaanghitunga	pi-@₁~fnaanghite[will.not.V][V→V][V][Ind][1Sg]
pinaanghitunga	pi-~:(u)te[to.V.for.or.with][to.cause.to.V.as.one.is.V-ing][to.V.toward.each.other][V→V]-@₁~fnaanghite[will.not.V][V→V][V][Ind][1Sg]
pinaanghitunga	pi-~:(u)te[SBJ.V-ed.something][V→V]-@₁~fnaanghite[will.not.V][V→V][V][Ind][1Sg]

------------------------
Uyughaan pimakanga anengani, "Samengpiiqa?"

uyughaan	uyughagh*-~:(ng₁)u[to.be.N][N→V]-~:(u)te[condition.with.respect.to.V-ing][V→N][N][Abs][Unpd][Sg]
uyughaan	uyughagh*[N][Abs][2SgPoss][SgPosd]
uyughaan	uyughagh*[N][Rel][3SgPoss][SgPosd]
uyughaan	uyughagh*[N][Rel][3SgPoss][PlPosd]

pimakanga	pi-@₁~:(i/u)ma[to.have.V-ed][to.have.been.V-ed][V→V]-@*@₂~sf–(g₂)k(a)e[the.one.that.possessor.V-ed][V→N][N][Abs][3SgPoss][SgPosd]
pimakanga	pi-@₁~:(i/u)ma[to.have.V-ed][to.have.been.V-ed][V→V][V][Ptcp][3Sg][3Sg]
pimakanga	pi-@₁~:(i/u)ma[to.have.V-ed][to.have.been.V-ed][V→V][V][Cond][3Sg][1Sg]

anengani	anengagh[N][Abs][4SgPoss][SgPosd]
anengani	anengagh[N][Abs][4SgPoss][PlPosd]
anengani	anengagh[N][Loc][Unpd][Pl]

samengpiiqa	+?

------------------------
"Piiqaaten whanganginaghma taglaannalunga."

piiqaaten	pi-~(g₁)aqe[to.be.V.ing][to.regularly.or.repeatedly.V][V→V][V][Ind][3Du][2Sg]
piiqaaten	pi-~(g₁)aqe[to.be.V.ing][to.regularly.or.repeatedly.V][V→V][V][Ind][3Pl][2Sg]
piiqaaten	pi-~(g₁)aqe[to.be.V.ing][to.regularly.or.repeatedly.V][V→V][V][Ind][3Sg][2Sg]

whanganginaghma	+?

taglaannalunga	taglagh-~:(u)te[to.V.for.or.with][to.cause.to.V.as.one.is.V-ing][to.V.toward.each.other][V→V]-@₁~fna[in.order.to.V][intending.to.V][V→V]-~:(u)te[to.V.for.or.with][to.cause.to.V.as.one.is.V-ing][to.V.toward.each.other][V→V][V][Sbrd][1Sg]
taglaannalunga	taglagh-~:(u)te[to.V.for.or.with][to.cause.to.V.as.one.is.V-ing][to.V.toward.each.other][V→V]-@₁~fna[in.order.to.V][intending.to.V][V→V]-~:(u)te[SBJ.V-ed.something][V→V][V][Sbrd][1Sg]
taglaannalunga	taglagh-~:(u)te[to.V.for.or.with][to.cause.to.V.as.one.is.V-ing][to.V.toward.each.other][V→V]-@₁~fna[in.order.to.V][intending.to.V][V→V][V][Sbrd][1Sg]
taglaannalunga	taglagh-~:(u)te[to.V.for.or.with][to.cause.to.V.as.one.is.V-ing][to.V.toward.each.other][V→V]-te[to.act.on.so.as.to.cause.to.V][V→V]-@₁~fna[in.order.to.V][intending.to.V][V→V]-~:(u)te[to.V.for.or.with][to.cause.to.V.as.one.is.V-ing][to.V.toward.each.other][V→V][V][Sbrd][1Sg]
taglaannalunga	taglagh-~:(u)te[to.V.for.or.with][to.cause.to.V.as.one.is.V-ing][to.V.toward.each.other][V→V]-te[to.act.on.so.as.to.cause.to.V][V→V]-@₁~fna[in.order.to.V][intending.to.V][V→V]-~:(u)te[SBJ.V-ed.something][V→V][V][Sbrd][1Sg]
taglaannalunga	taglagh-~:(u)te[to.V.for.or.with][to.cause.to.V.as.one.is.V-ing][to.V.toward.each.other][V→V]-te[to.act.on.so.as.to.cause.to.V][V→V]-@₁~fna[in.order.to.V][intending.to.V][V→V][V][Sbrd][1Sg]
taglaannalunga	taglagh-~:(u)te[condition.with.respect.to.V-ing][V→N]-te[to.catch.N][to.go.to.N][N→V]-@₁~fna[in.order.to.V][intending.to.V][V→V]-~:(u)te[to.V.for.or.with][to.cause.to.V.as.one.is.V-ing][to.V.toward.each.other][V→V][V][Sbrd][1Sg]
taglaannalunga	taglagh-~:(u)te[condition.with.respect.to.V-ing][V→N]-te[to.catch.N][to.go.to.N][N→V]-@₁~fna[in.order.to.V][intending.to.V][V→V]-~:(u)te[SBJ.V-ed.something][V→V][V][Sbrd][1Sg]
taglaannalunga	taglagh-~:(u)te[condition.with.respect.to.V-ing][V→N]-te[to.catch.N][to.go.to.N][N→V]-@₁~fna[in.order.to.V][intending.to.V][V→V][V][Sbrd][1Sg]
taglaannalunga	taglagh-~:(u)te[SBJ.V-ed.something][V→V]-@₁~fna[in.order.to.V][intending.to.V][V→V]-~:(u)te[to.V.for.or.with][to.cause.to.V.as.one.is.V-ing][to.V.toward.each.other][V→V][V][Sbrd][1Sg]
taglaannalunga	taglagh-~:(u)te[SBJ.V-ed.something][V→V]-@₁~fna[in.order.to.V][intending.to.V][V→V]-~:(u)te[SBJ.V-ed.something][V→V][V][Sbrd][1Sg]
taglaannalunga	taglagh-~:(u)te[SBJ.V-ed.something][V→V]-@₁~fna[in.order.to.V][intending.to.V][V→V][V][Sbrd][1Sg]
taglaannalunga	taglagh-~:(u)te[SBJ.V-ed.something][V→V]-te[to.act.on.so.as.to.cause.to.V][V→V]-@₁~fna[in.order.to.V][intending.to.V][V→V]-~:(u)te[to.V.for.or.with][to.cause.to.V.as.one.is.V-ing][to.V.toward.each.other][V→V][V][Sbrd][1Sg]
taglaannalunga	taglagh-~:(u)te[SBJ.V-ed.something][V→V]-te[to.act.on.so.as.to.cause.to.V][V→V]-@₁~fna[in.order.to.V][intending.to.V][V→V]-~:(u)te[SBJ.V-ed.something][V→V][V][Sbrd][1Sg]
taglaannalunga	taglagh-~:(u)te[SBJ.V-ed.something][V→V]-te[to.act.on.so.as.to.cause.to.V][V→V]-@₁~fna[in.order.to.V][intending.to.V][V→V][V][Sbrd][1Sg]

------------------------
Alla qakma qalghiimalghii meteghlluk, quqquqquqquqquq.

alla	alla
alla	alla[N][Abs][Unpd][Sg]

qakma	qakma

qalghiimalghii	+?

meteghlluk	meteghllug[N][Abs][Unpd][Sg]

quqquqquqquqquq	+?

------------------------
Anengaa aleghquumalghii, "A-aa-aa, nanghiiqunaqi!"

anengaa	anengagh-~:(ng₁)u[to.be.N][N→V][V][Opt][PRS][2Sg]
anengaa	anengagh[N][Abs][3SgPoss][SgPosd]

aleghquumalghii	alegh-te[to.catch.N][to.go.to.N][N→V]-@₁qugh[to.V.completely]-@₁~:(i/u)ma[to.have.V-ed][to.have.been.V-ed][V→V]-@₁–lghii[the.one.that.V-ed][the.one.that.is.V][V→N][N][Abs][Unpd][Sg]
aleghquumalghii	alegh-te[to.catch.N][to.go.to.N][N→V]-@₁qugh[to.V.completely]-@₁~:(i/u)ma[to.have.V-ed][to.have.been.V-ed][V→V][V][Ptcp][3Sg]
aleghquumalghii	aleghqugh-@₁~:(i/u)ma[to.have.V-ed][to.have.been.V-ed][V→V]-@₁–lghii[the.one.that.V-ed][the.one.that.is.V][V→N][N][Abs][Unpd][Sg]

aaaaa	+?

nanghiiqunaqi	+?

------------------------
Uyughaan aapsimakanga, "Sameng piiqa meteghlluk?"

uyughaan	uyughagh*-~:(ng₁)u[to.be.N][N→V]-~:(u)te[condition.with.respect.to.V-ing][V→N][N][Abs][Unpd][Sg]
uyughaan	uyughagh*[N][Abs][2SgPoss][SgPosd]
uyughaan	uyughagh*[N][Rel][3SgPoss][SgPosd]
uyughaan	uyughagh*[N][Rel][3SgPoss][PlPosd]

aapsimakanga	aapte-@₁~:(i/u)ma[to.have.V-ed][to.have.been.V-ed][V→V]-@*@₂~sf–(g₂)k(a)e[the.one.that.possessor.V-ed][V→N][N][Abs][3SgPoss][SgPosd]
aapsimakanga	aapte-@₁~:(i/u)ma[to.have.V-ed][to.have.been.V-ed][V→V][V][Ptcp][3Sg][3Sg]
aapsimakanga	aapte-@₁~:(i/u)ma[to.have.V-ed][to.have.been.V-ed][V→V][V][Cond][3Sg][1Sg]

sameng	sa[N][Rel][4DuPoss][SgPosd]
sameng	sa[N][Rel][4DuPoss][PlPosd]
sameng	sa[N][Rel][4PlPoss][SgPosd]
sameng	sa[N][Rel][4PlPoss][PlPosd]
sameng	sa[N][Abl_Mod][Unpd][Sg]
sameng	sameng

piiqa	pi-~(g₁)aqe[to.be.V.ing][to.regularly.or.repeatedly.V][V→V][V][Intrg][3Sg]

meteghlluk	meteghllug[N][Abs][Unpd][Sg]

------------------------
"Whaten piiquq nanghiiqunaluta maalghuguluta.

whaten	+?

piiquq	pi-~(g₁)aqe[to.be.V.ing][to.regularly.or.repeatedly.V][V→V][V][Ind][3Sg]

nanghiiqunaluta	+?

maalghuguluta	+?

------------------------
Taawanginaq uka tumemi ataasiq siku uusqalghii."

taawanginaq	+?

uka	uka

tumemi	+?

ataasiq	+?

siku	siku[N][Abs][Unpd][Sg]
siku	siku[Imprs_Agnt][V][Opt][PRS][2Sg]

uusqalghii	+?

------------------------


	

------------------------
Anengaan uyughani aanesqumakanga.

anengaan	anengagh-~:(ng₁)u[to.be.N][N→V]-~:(u)te[condition.with.respect.to.V-ing][V→N][N][Abs][Unpd][Sg]
anengaan	anengagh[N][Rel][3SgPoss][SgPosd]
anengaan	anengagh[N][Rel][3SgPoss][PlPosd]

uyughani	uyughagh*[N][Abs][4SgPoss][SgPosd]
uyughani	uyughagh*[N][Abs][4SgPoss][PlPosd]

aanesqumakanga	+?

------------------------
Aanumalghiik qemgaagmek.

aanumalghiik	aane-@₁~:(i/u)ma[to.have.V-ed][to.have.been.V-ed][V→V]-@₁–lghii[the.one.that.V-ed][the.one.that.is.V][V→N][N][Abs][Unpd][Du]
aanumalghiik	aane-@₁~:(i/u)ma[to.have.V-ed][to.have.been.V-ed][V→V]-@₁–lghii[the.one.that.V-ed][the.one.that.is.V][V→N][N][Rel][Unpd][Du]
aanumalghiik	aane-@₁~:(i/u)ma[to.have.V-ed][to.have.been.V-ed][V→V][V][Ptcp][3Du]

qemgaagmek	+?

------------------------
Aanlutek anengaan uyughani neveghtesqumakanga.

aanlutek	aane[V][Sbrd][2Du]
aanlutek	aane[V][Sbrd][3Du]

anengaan	anengagh-~:(ng₁)u[to.be.N][N→V]-~:(u)te[condition.with.respect.to.V-ing][V→N][N][Abs][Unpd][Sg]
anengaan	anengagh[N][Rel][3SgPoss][SgPosd]
anengaan	anengagh[N][Rel][3SgPoss][PlPosd]

uyughani	uyughagh*[N][Abs][4SgPoss][SgPosd]
uyughani	uyughagh*[N][Abs][4SgPoss][PlPosd]

neveghtesqumakanga	+?

------------------------
Uyughaa neveghsimalghii.

uyughaa	uyughagh*-~:(ng₁)u[to.be.N][N→V][V][Opt][PRS][2Sg]
uyughaa	uyughagh*[N][Abs][3SgPoss][SgPosd]

neveghsimalghii	+?

------------------------
Neveghsan aqumumakanga.

neveghsan	+?

aqumumakanga	aqume-@₁~:(i/u)ma[to.have.V-ed][to.have.been.V-ed][V→V]-@*@₂~sf–(g₂)k(a)e[the.one.that.possessor.V-ed][V→N][N][Abs][3SgPoss][SgPosd]

------------------------
Aqumluku gginaa kenimineng saapumakanga.

aqumluku	+?

gginaa	+?

kenimineng	+?

saapumakanga	+?

------------------------
Saapsamigu ghhataamalghiit, igleghsimalghiit quulvaqun.

saapsamigu	+?

ghhataamalghiit	+?

igleghsimalghiit	igleghte-@₁~:(i/u)ma[to.have.V-ed][to.have.been.V-ed][V→V]-@₁–lghii[the.one.that.V-ed][the.one.that.is.V][V→N][N][Abs][Unpd][Pl]
igleghsimalghiit	igleghte-@₁~:(i/u)ma[to.have.V-ed][to.have.been.V-ed][V→V]-@₁–lghii[the.one.that.V-ed][the.one.that.is.V][V→N][N][Rel][Unpd][Pl]
igleghsimalghiit	igleghte-@₁~:(i/u)ma[to.have.V-ed][to.have.been.V-ed][V→V][V][Ptcp][3Pl]

quulvaqun	+?

------------------------
Mululuteng aghuliighumalghiit.

mululuteng	+?

aghuliighumalghiit	aghuliigh-@₁~:(i/u)ma[to.have.V-ed][to.have.been.V-ed][V→V]-@₁–lghii[the.one.that.V-ed][the.one.that.is.V][V→N][N][Abs][Unpd][Pl]
aghuliighumalghiit	aghuliigh-@₁~:(i/u)ma[to.have.V-ed][to.have.been.V-ed][V→V]-@₁–lghii[the.one.that.V-ed][the.one.that.is.V][V→N][N][Rel][Unpd][Pl]
aghuliighumalghiit	aghuliigh-@₁~:(i/u)ma[to.have.V-ed][to.have.been.V-ed][V→V][V][Ptcp][3Pl]

------------------------
Sivugsalghiimeng sikumi aghuliighumalghiit.

sivugsalghiimeng	+?

sikumi	siku[N][Loc][Unpd][Sg]
sikumi	siku[N][Rel][4SgPoss][SgPosd]
sikumi	siku[N][Rel][4SgPoss][PlPosd]

aghuliighumalghiit	aghuliigh-@₁~:(i/u)ma[to.have.V-ed][to.have.been.V-ed][V→V]-@₁–lghii[the.one.that.V-ed][the.one.that.is.V][V→N][N][Abs][Unpd][Pl]
aghuliighumalghiit	aghuliigh-@₁~:(i/u)ma[to.have.V-ed][to.have.been.V-ed][V→V]-@₁–lghii[the.one.that.V-ed][the.one.that.is.V][V→N][N][Rel][Unpd][Pl]
aghuliighumalghiit	aghuliigh-@₁~:(i/u)ma[to.have.V-ed][to.have.been.V-ed][V→V][V][Ptcp][3Pl]

------------------------
Tawani meghnaaliluteng alla anengaan uyughani neveghtesqumakanga.

tawani	tawani

meghnaaliluteng	+?

alla	alla
alla	alla[N][Abs][Unpd][Sg]

anengaan	anengagh-~:(ng₁)u[to.be.N][N→V]-~:(u)te[condition.with.respect.to.V-ing][V→N][N][Abs][Unpd][Sg]
anengaan	anengagh[N][Rel][3SgPoss][SgPosd]
anengaan	anengagh[N][Rel][3SgPoss][PlPosd]

uyughani	uyughagh*[N][Abs][4SgPoss][SgPosd]
uyughani	uyughagh*[N][Abs][4SgPoss][PlPosd]

neveghtesqumakanga	+?

------------------------
Tawaten aqumluku anengaan gginaa saapumakanga kenimineng.

tawaten	tawaten

aqumluku	+?

anengaan	anengagh-~:(ng₁)u[to.be.N][N→V]-~:(u)te[condition.with.respect.to.V-ing][V→N][N][Abs][Unpd][Sg]
anengaan	anengagh[N][Rel][3SgPoss][SgPosd]
anengaan	anengagh[N][Rel][3SgPoss][PlPosd]

gginaa	+?

saapumakanga	+?

kenimineng	+?

------------------------
Palaghhaghmeng aqumgaaghlluteng ghhataghlaataamalghiit igleghsimalghiit.

palaghhaghmeng	+?

aqumgaaghlluteng	+?

ghhataghlaataamalghiit	+?

igleghsimalghiit	igleghte-@₁~:(i/u)ma[to.have.V-ed][to.have.been.V-ed][V→V]-@₁–lghii[the.one.that.V-ed][the.one.that.is.V][V→N][N][Abs][Unpd][Pl]
igleghsimalghiit	igleghte-@₁~:(i/u)ma[to.have.V-ed][to.have.been.V-ed][V→V]-@₁–lghii[the.one.that.V-ed][the.one.that.is.V][V→N][N][Rel][Unpd][Pl]
igleghsimalghiit	igleghte-@₁~:(i/u)ma[to.have.V-ed][to.have.been.V-ed][V→V][V][Ptcp][3Pl]

------------------------
Mululuteng aghuliighumalghiit.

mululuteng	+?

aghuliighumalghiit	aghuliigh-@₁~:(i/u)ma[to.have.V-ed][to.have.been.V-ed][V→V]-@₁–lghii[the.one.that.V-ed][the.one.that.is.V][V→N][N][Abs][Unpd][Pl]
aghuliighumalghiit	aghuliigh-@₁~:(i/u)ma[to.have.V-ed][to.have.been.V-ed][V→V]-@₁–lghii[the.one.that.V-ed][the.one.that.is.V][V→N][N][Rel][Unpd][Pl]
aghuliighumalghiit	aghuliigh-@₁~:(i/u)ma[to.have.V-ed][to.have.been.V-ed][V→V][V][Ptcp][3Pl]

------------------------
Esghaghyalghiimeng meteghllugem meghnaalivigmi temngi naayghami alungutelleghmi uyghagmi.

esghaghyalghiimeng	esghagh-@₁~fyagh[to.go.V-ing][to.V.in.vain][V→V]-@₁–lghii[the.one.that.V-ed][the.one.that.is.V][V→N][N][Rel][4DuPoss][SgPosd]
esghaghyalghiimeng	esghagh-@₁~fyagh[to.go.V-ing][to.V.in.vain][V→V]-@₁–lghii[the.one.that.V-ed][the.one.that.is.V][V→N][N][Rel][4DuPoss][PlPosd]
esghaghyalghiimeng	esghagh-@₁~fyagh[to.go.V-ing][to.V.in.vain][V→V]-@₁–lghii[the.one.that.V-ed][the.one.that.is.V][V→N][N][Rel][4PlPoss][SgPosd]
esghaghyalghiimeng	esghagh-@₁~fyagh[to.go.V-ing][to.V.in.vain][V→V]-@₁–lghii[the.one.that.V-ed][the.one.that.is.V][V→N][N][Rel][4PlPoss][PlPosd]
esghaghyalghiimeng	esghagh-@₁~fyagh[to.go.V-ing][to.V.in.vain][V→V]-@₁–lghii[the.one.that.V-ed][the.one.that.is.V][V→N][N][Abl_Mod][Unpd][Sg]

meteghllugem	meteghllug[N][Rel][Unpd][Sg]

meghnaalivigmi	+?

temngi	+?

naayghami	naayghagh[N][Loc][Unpd][Sg]
naayghami	naayghagh[N][Rel][4SgPoss][SgPosd]
naayghami	naayghagh[N][Rel][4SgPoss][PlPosd]

alungutelleghmi	+?

uyghagmi	uyghag[N][Loc][Unpd][Sg]
uyghagmi	uyghag[N][Rel][4SgPoss][SgPosd]
uyghagmi	uyghag[N][Rel][4SgPoss][PlPosd]

------------------------
Tawani aghuliighumalghiit.

tawani	tawani

aghuliighumalghiit	aghuliigh-@₁~:(i/u)ma[to.have.V-ed][to.have.been.V-ed][V→V]-@₁–lghii[the.one.that.V-ed][the.one.that.is.V][V→N][N][Abs][Unpd][Pl]
aghuliighumalghiit	aghuliigh-@₁~:(i/u)ma[to.have.V-ed][to.have.been.V-ed][V→V]-@₁–lghii[the.one.that.V-ed][the.one.that.is.V][V→N][N][Rel][Unpd][Pl]
aghuliighumalghiit	aghuliigh-@₁~:(i/u)ma[to.have.V-ed][to.have.been.V-ed][V→V][V][Ptcp][3Pl]

------------------------


	

------------------------
Taawanginaq mayughvigiteftuq.

taawanginaq	+?

mayughvigiteftuq	+?

------------------------
Anengaan ellmi tughneghani tuqluumakanga amiqluk.

anengaan	anengagh-~:(ng₁)u[to.be.N][N→V]-~:(u)te[condition.with.respect.to.V-ing][V→N][N][Abs][Unpd][Sg]
anengaan	anengagh[N][Rel][3SgPoss][SgPosd]
anengaan	anengagh[N][Rel][3SgPoss][PlPosd]

ellmi	ellmi

tughneghani	+?

tuqluumakanga	tuqlugh-@₁~:(i/u)ma[to.have.V-ed][to.have.been.V-ed][V→V]-@*@₂~sf–(g₂)k(a)e[the.one.that.possessor.V-ed][V→N][N][Abs][3SgPoss][SgPosd]
tuqluumakanga	tuqlugh-@₁~:(i/u)ma[to.have.V-ed][to.have.been.V-ed][V→V][V][Ptcp][3Sg][3Sg]
tuqluumakanga	tuqlugh-@₁~:(i/u)ma[to.have.V-ed][to.have.been.V-ed][V→V][V][Cond][3Sg][1Sg]

amiqluk	+?

------------------------
Amiqluk qalghiimalghii.

amiqluk	+?

qalghiimalghii	+?

------------------------
Anengaa aleghquumalghii, "Whanganginaakuma pinaanghitunga!"

anengaa	anengagh-~:(ng₁)u[to.be.N][N→V][V][Opt][PRS][2Sg]
anengaa	anengagh[N][Abs][3SgPoss][SgPosd]

aleghquumalghii	alegh-te[to.catch.N][to.go.to.N][N→V]-@₁qugh[to.V.completely]-@₁~:(i/u)ma[to.have.V-ed][to.have.been.V-ed][V→V]-@₁–lghii[the.one.that.V-ed][the.one.that.is.V][V→N][N][Abs][Unpd][Sg]
aleghquumalghii	alegh-te[to.catch.N][to.go.to.N][N→V]-@₁qugh[to.V.completely]-@₁~:(i/u)ma[to.have.V-ed][to.have.been.V-ed][V→V][V][Ptcp][3Sg]
aleghquumalghii	aleghqugh-@₁~:(i/u)ma[to.have.V-ed][to.have.been.V-ed][V→V]-@₁–lghii[the.one.that.V-ed][the.one.that.is.V][V→N][N][Abs][Unpd][Sg]

whanganginaakuma	+?

pinaanghitunga	pi-@₁~fnaanghite[will.not.V][V→V][V][Ind][1Sg]
pinaanghitunga	pi-~:(u)te[to.V.for.or.with][to.cause.to.V.as.one.is.V-ing][to.V.toward.each.other][V→V]-@₁~fnaanghite[will.not.V][V→V][V][Ind][1Sg]
pinaanghitunga	pi-~:(u)te[SBJ.V-ed.something][V→V]-@₁~fnaanghite[will.not.V][V→V][V][Ind][1Sg]

------------------------
Uyughaan pimakanga, "Sameng piiqa?"

uyughaan	uyughagh*-~:(ng₁)u[to.be.N][N→V]-~:(u)te[condition.with.respect.to.V-ing][V→N][N][Abs][Unpd][Sg]
uyughaan	uyughagh*[N][Abs][2SgPoss][SgPosd]
uyughaan	uyughagh*[N][Rel][3SgPoss][SgPosd]
uyughaan	uyughagh*[N][Rel][3SgPoss][PlPosd]

pimakanga	pi-@₁~:(i/u)ma[to.have.V-ed][to.have.been.V-ed][V→V]-@*@₂~sf–(g₂)k(a)e[the.one.that.possessor.V-ed][V→N][N][Abs][3SgPoss][SgPosd]
pimakanga	pi-@₁~:(i/u)ma[to.have.V-ed][to.have.been.V-ed][V→V][V][Ptcp][3Sg][3Sg]
pimakanga	pi-@₁~:(i/u)ma[to.have.V-ed][to.have.been.V-ed][V→V][V][Cond][3Sg][1Sg]

sameng	sa[N][Rel][4DuPoss][SgPosd]
sameng	sa[N][Rel][4DuPoss][PlPosd]
sameng	sa[N][Rel][4PlPoss][SgPosd]
sameng	sa[N][Rel][4PlPoss][PlPosd]
sameng	sa[N][Abl_Mod][Unpd][Sg]
sameng	sameng

piiqa	pi-~(g₁)aqe[to.be.V.ing][to.regularly.or.repeatedly.V][V→V][V][Intrg][3Sg]

------------------------
"Uum piiqaanga whanganginaghma mayuunnalunga."

uum	+?

piiqaanga	pi-~(g₁)aqe[to.be.V.ing][to.regularly.or.repeatedly.V][V→V][V][Ind][3Sg][1Sg]

whanganginaghma	+?

mayuunnalunga	mayugh-~:(u)te[to.V.for.or.with][to.cause.to.V.as.one.is.V-ing][to.V.toward.each.other][V→V]-@₁~fna[in.order.to.V][intending.to.V][V→V]-~:(u)te[to.V.for.or.with][to.cause.to.V.as.one.is.V-ing][to.V.toward.each.other][V→V][V][Sbrd][1Sg]
mayuunnalunga	mayugh-~:(u)te[to.V.for.or.with][to.cause.to.V.as.one.is.V-ing][to.V.toward.each.other][V→V]-@₁~fna[in.order.to.V][intending.to.V][V→V]-~:(u)te[to.V.for.or.with][to.cause.to.V.as.one.is.V-ing][to.V.toward.each.other][V→V][V][Sbrd][2Du][1Sg]
mayuunnalunga	mayugh-~:(u)te[to.V.for.or.with][to.cause.to.V.as.one.is.V-ing][to.V.toward.each.other][V→V]-@₁~fna[in.order.to.V][intending.to.V][V→V]-~:(u)te[to.V.for.or.with][to.cause.to.V.as.one.is.V-ing][to.V.toward.each.other][V→V][V][Sbrd][2Pl][1Sg]
mayuunnalunga	mayugh-~:(u)te[to.V.for.or.with][to.cause.to.V.as.one.is.V-ing][to.V.toward.each.other][V→V]-@₁~fna[in.order.to.V][intending.to.V][V→V]-~:(u)te[to.V.for.or.with][to.cause.to.V.as.one.is.V-ing][to.V.toward.each.other][V→V][V][Sbrd][2Sg][1Sg]
mayuunnalunga	mayugh-~:(u)te[to.V.for.or.with][to.cause.to.V.as.one.is.V-ing][to.V.toward.each.other][V→V]-@₁~fna[in.order.to.V][intending.to.V][V→V]-~:(u)te[to.V.for.or.with][to.cause.to.V.as.one.is.V-ing][to.V.toward.each.other][V→V][V][Sbrd][3Du][1Sg]
mayuunnalunga	mayugh-~:(u)te[to.V.for.or.with][to.cause.to.V.as.one.is.V-ing][to.V.toward.each.other][V→V]-@₁~fna[in.order.to.V][intending.to.V][V→V]-~:(u)te[to.V.for.or.with][to.cause.to.V.as.one.is.V-ing][to.V.toward.each.other][V→V][V][Sbrd][3Pl][1Sg]
mayuunnalunga	mayugh-~:(u)te[to.V.for.or.with][to.cause.to.V.as.one.is.V-ing][to.V.toward.each.other][V→V]-@₁~fna[in.order.to.V][intending.to.V][V→V]-~:(u)te[to.V.for.or.with][to.cause.to.V.as.one.is.V-ing][to.V.toward.each.other][V→V][V][Sbrd][3Sg][1Sg]
mayuunnalunga	mayugh-~:(u)te[to.V.for.or.with][to.cause.to.V.as.one.is.V-ing][to.V.toward.each.other][V→V]-@₁~fna[in.order.to.V][intending.to.V][V→V]-~:(u)te[SBJ.V-ed.something][V→V][V][Sbrd][1Sg]
mayuunnalunga	mayugh-~:(u)te[to.V.for.or.with][to.cause.to.V.as.one.is.V-ing][to.V.toward.each.other][V→V]-@₁~fna[in.order.to.V][intending.to.V][V→V][V][Sbrd][1Sg]
mayuunnalunga	mayugh-~:(u)te[to.V.for.or.with][to.cause.to.V.as.one.is.V-ing][to.V.toward.each.other][V→V]-@₁~fna[in.order.to.V][intending.to.V][V→V][V][Sbrd][2Du][1Sg]
mayuunnalunga	mayugh-~:(u)te[to.V.for.or.with][to.cause.to.V.as.one.is.V-ing][to.V.toward.each.other][V→V]-@₁~fna[in.order.to.V][intending.to.V][V→V][V][Sbrd][2Pl][1Sg]
mayuunnalunga	mayugh-~:(u)te[to.V.for.or.with][to.cause.to.V.as.one.is.V-ing][to.V.toward.each.other][V→V]-@₁~fna[in.order.to.V][intending.to.V][V→V][V][Sbrd][2Sg][1Sg]
mayuunnalunga	mayugh-~:(u)te[to.V.for.or.with][to.cause.to.V.as.one.is.V-ing][to.V.toward.each.other][V→V]-@₁~fna[in.order.to.V][intending.to.V][V→V][V][Sbrd][3Du][1Sg]
mayuunnalunga	mayugh-~:(u)te[to.V.for.or.with][to.cause.to.V.as.one.is.V-ing][to.V.toward.each.other][V→V]-@₁~fna[in.order.to.V][intending.to.V][V→V][V][Sbrd][3Pl][1Sg]
mayuunnalunga	mayugh-~:(u)te[to.V.for.or.with][to.cause.to.V.as.one.is.V-ing][to.V.toward.each.other][V→V]-@₁~fna[in.order.to.V][intending.to.V][V→V][V][Sbrd][3Sg][1Sg]
mayuunnalunga	mayugh-~:(u)te[to.V.for.or.with][to.cause.to.V.as.one.is.V-ing][to.V.toward.each.other][V→V]-te[to.act.on.so.as.to.cause.to.V][V→V]-@₁~fna[in.order.to.V][intending.to.V][V→V]-~:(u)te[to.V.for.or.with][to.cause.to.V.as.one.is.V-ing][to.V.toward.each.other][V→V][V][Sbrd][1Sg]
mayuunnalunga	mayugh-~:(u)te[to.V.for.or.with][to.cause.to.V.as.one.is.V-ing][to.V.toward.each.other][V→V]-te[to.act.on.so.as.to.cause.to.V][V→V]-@₁~fna[in.order.to.V][intending.to.V][V→V]-~:(u)te[to.V.for.or.with][to.cause.to.V.as.one.is.V-ing][to.V.toward.each.other][V→V][V][Sbrd][2Du][1Sg]
mayuunnalunga	mayugh-~:(u)te[to.V.for.or.with][to.cause.to.V.as.one.is.V-ing][to.V.toward.each.other][V→V]-te[to.act.on.so.as.to.cause.to.V][V→V]-@₁~fna[in.order.to.V][intending.to.V][V→V]-~:(u)te[to.V.for.or.with][to.cause.to.V.as.one.is.V-ing][to.V.toward.each.other][V→V][V][Sbrd][2Pl][1Sg]
mayuunnalunga	mayugh-~:(u)te[to.V.for.or.with][to.cause.to.V.as.one.is.V-ing][to.V.toward.each.other][V→V]-te[to.act.on.so.as.to.cause.to.V][V→V]-@₁~fna[in.order.to.V][intending.to.V][V→V]-~:(u)te[to.V.for.or.with][to.cause.to.V.as.one.is.V-ing][to.V.toward.each.other][V→V][V][Sbrd][2Sg][1Sg]
mayuunnalunga	mayugh-~:(u)te[to.V.for.or.with][to.cause.to.V.as.one.is.V-ing][to.V.toward.each.other][V→V]-te[to.act.on.so.as.to.cause.to.V][V→V]-@₁~fna[in.order.to.V][intending.to.V][V→V]-~:(u)te[to.V.for.or.with][to.cause.to.V.as.one.is.V-ing][to.V.toward.each.other][V→V][V][Sbrd][3Du][1Sg]
mayuunnalunga	mayugh-~:(u)te[to.V.for.or.with][to.cause.to.V.as.one.is.V-ing][to.V.toward.each.other][V→V]-te[to.act.on.so.as.to.cause.to.V][V→V]-@₁~fna[in.order.to.V][intending.to.V][V→V]-~:(u)te[to.V.for.or.with][to.cause.to.V.as.one.is.V-ing][to.V.toward.each.other][V→V][V][Sbrd][3Pl][1Sg]
mayuunnalunga	mayugh-~:(u)te[to.V.for.or.with][to.cause.to.V.as.one.is.V-ing][to.V.toward.each.other][V→V]-te[to.act.on.so.as.to.cause.to.V][V→V]-@₁~fna[in.order.to.V][intending.to.V][V→V]-~:(u)te[to.V.for.or.with][to.cause.to.V.as.one.is.V-ing][to.V.toward.each.other][V→V][V][Sbrd][3Sg][1Sg]
mayuunnalunga	mayugh-~:(u)te[to.V.for.or.with][to.cause.to.V.as.one.is.V-ing][to.V.toward.each.other][V→V]-te[to.act.on.so.as.to.cause.to.V][V→V]-@₁~fna[in.order.to.V][intending.to.V][V→V]-~:(u)te[SBJ.V-ed.something][V→V][V][Sbrd][1Sg]
mayuunnalunga	mayugh-~:(u)te[to.V.for.or.with][to.cause.to.V.as.one.is.V-ing][to.V.toward.each.other][V→V]-te[to.act.on.so.as.to.cause.to.V][V→V]-@₁~fna[in.order.to.V][intending.to.V][V→V][V][Sbrd][1Sg]
mayuunnalunga	mayugh-~:(u)te[to.V.for.or.with][to.cause.to.V.as.one.is.V-ing][to.V.toward.each.other][V→V]-te[to.act.on.so.as.to.cause.to.V][V→V]-@₁~fna[in.order.to.V][intending.to.V][V→V][V][Sbrd][2Du][1Sg]
mayuunnalunga	mayugh-~:(u)te[to.V.for.or.with][to.cause.to.V.as.one.is.V-ing][to.V.toward.each.other][V→V]-te[to.act.on.so.as.to.cause.to.V][V→V]-@₁~fna[in.order.to.V][intending.to.V][V→V][V][Sbrd][2Pl][1Sg]
mayuunnalunga	mayugh-~:(u)te[to.V.for.or.with][to.cause.to.V.as.one.is.V-ing][to.V.toward.each.other][V→V]-te[to.act.on.so.as.to.cause.to.V][V→V]-@₁~fna[in.order.to.V][intending.to.V][V→V][V][Sbrd][2Sg][1Sg]
mayuunnalunga	mayugh-~:(u)te[to.V.for.or.with][to.cause.to.V.as.one.is.V-ing][to.V.toward.each.other][V→V]-te[to.act.on.so.as.to.cause.to.V][V→V]-@₁~fna[in.order.to.V][intending.to.V][V→V][V][Sbrd][3Du][1Sg]
mayuunnalunga	mayugh-~:(u)te[to.V.for.or.with][to.cause.to.V.as.one.is.V-ing][to.V.toward.each.other][V→V]-te[to.act.on.so.as.to.cause.to.V][V→V]-@₁~fna[in.order.to.V][intending.to.V][V→V][V][Sbrd][3Pl][1Sg]
mayuunnalunga	mayugh-~:(u)te[to.V.for.or.with][to.cause.to.V.as.one.is.V-ing][to.V.toward.each.other][V→V]-te[to.act.on.so.as.to.cause.to.V][V→V]-@₁~fna[in.order.to.V][intending.to.V][V→V][V][Sbrd][3Sg][1Sg]
mayuunnalunga	mayugh-~:(u)te[condition.with.respect.to.V-ing][V→N]-te[to.catch.N][to.go.to.N][N→V]-@₁~fna[in.order.to.V][intending.to.V][V→V]-~:(u)te[to.V.for.or.with][to.cause.to.V.as.one.is.V-ing][to.V.toward.each.other][V→V][V][Sbrd][1Sg]
mayuunnalunga	mayugh-~:(u)te[condition.with.respect.to.V-ing][V→N]-te[to.catch.N][to.go.to.N][N→V]-@₁~fna[in.order.to.V][intending.to.V][V→V]-~:(u)te[SBJ.V-ed.something][V→V][V][Sbrd][1Sg]
mayuunnalunga	mayugh-~:(u)te[condition.with.respect.to.V-ing][V→N]-te[to.catch.N][to.go.to.N][N→V]-@₁~fna[in.order.to.V][intending.to.V][V→V][V][Sbrd][1Sg]
mayuunnalunga	mayugh-~:(u)te[SBJ.V-ed.something][V→V]-@₁~fna[in.order.to.V][intending.to.V][V→V]-~:(u)te[to.V.for.or.with][to.cause.to.V.as.one.is.V-ing][to.V.toward.each.other][V→V][V][Sbrd][1Sg]
mayuunnalunga	mayugh-~:(u)te[SBJ.V-ed.something][V→V]-@₁~fna[in.order.to.V][intending.to.V][V→V]-~:(u)te[SBJ.V-ed.something][V→V][V][Sbrd][1Sg]
mayuunnalunga	mayugh-~:(u)te[SBJ.V-ed.something][V→V]-@₁~fna[in.order.to.V][intending.to.V][V→V][V][Sbrd][1Sg]
mayuunnalunga	mayugh-~:(u)te[SBJ.V-ed.something][V→V]-te[to.act.on.so.as.to.cause.to.V][V→V]-@₁~fna[in.order.to.V][intending.to.V][V→V]-~:(u)te[to.V.for.or.with][to.cause.to.V.as.one.is.V-ing][to.V.toward.each.other][V→V][V][Sbrd][1Sg]
mayuunnalunga	mayugh-~:(u)te[SBJ.V-ed.something][V→V]-te[to.act.on.so.as.to.cause.to.V][V→V]-@₁~fna[in.order.to.V][intending.to.V][V→V]-~:(u)te[SBJ.V-ed.something][V→V][V][Sbrd][1Sg]
mayuunnalunga	mayugh-~:(u)te[SBJ.V-ed.something][V→V]-te[to.act.on.so.as.to.cause.to.V][V→V]-@₁~fna[in.order.to.V][intending.to.V][V→V][V][Sbrd][1Sg]

------------------------
"Wetkuqun whanga sivuklunga mayuuskuninga tungangighhaani elpek mayuulliten."

wetkuqun	+?

whanga	whanga

sivuklunga	+?

mayuuskuninga	mayugh-~:(u)te[to.V.for.or.with][to.cause.to.V.as.one.is.V-ing][to.V.toward.each.other][V→V][V][Cond][4Sg][1Sg]

tungangighhaani	+?

elpek	elpek

mayuulliten	+?

------------------------
Llaaghanwha uyughaa mayuumalghii tungangighhaani anengaa mayuumalghii.

llaaghanwha	+?

uyughaa	uyughagh*-~:(ng₁)u[to.be.N][N→V][V][Opt][PRS][2Sg]
uyughaa	uyughagh*[N][Abs][3SgPoss][SgPosd]

mayuumalghii	mayugh-@₁~:(i/u)ma[to.have.V-ed][to.have.been.V-ed][V→V]-@₁–lghii[the.one.that.V-ed][the.one.that.is.V][V→N][N][Abs][Unpd][Sg]
mayuumalghii	mayugh-@₁~:(i/u)ma[to.have.V-ed][to.have.been.V-ed][V→V][V][Ptcp][3Sg]

tungangighhaani	+?

anengaa	anengagh-~:(ng₁)u[to.be.N][N→V][V][Opt][PRS][2Sg]
anengaa	anengagh[N][Abs][3SgPoss][SgPosd]

mayuumalghii	mayugh-@₁~:(i/u)ma[to.have.V-ed][to.have.been.V-ed][V→V]-@₁–lghii[the.one.that.V-ed][the.one.that.is.V][V→N][N][Abs][Unpd][Sg]
mayuumalghii	mayugh-@₁~:(i/u)ma[to.have.V-ed][to.have.been.V-ed][V→V][V][Ptcp][3Sg]

------------------------


	

------------------------
Mengteghaghmiingit ilagaanneqegsaataqut.

mengteghaghmiingit	+?

ilagaanneqegsaataqut	+?

------------------------
Qagum nunalgutmeng alignalghiingiighhaat ilagaqayuggaat ilagaataqut.

qagum	qagugh[N][Rel][Unpd][Sg]

nunalgutmeng	nuna-–leg[one.having.N][N→N]-~:(ng₁)u[to.be.N][N→V]-~:(u)te[condition.with.respect.to.V-ing][V→N][N][Rel][4DuPoss][SgPosd]
nunalgutmeng	nuna-–leg[one.having.N][N→N]-~:(ng₁)u[to.be.N][N→V]-~:(u)te[condition.with.respect.to.V-ing][V→N][N][Rel][4DuPoss][PlPosd]
nunalgutmeng	nuna-–leg[one.having.N][N→N]-~:(ng₁)u[to.be.N][N→V]-~:(u)te[condition.with.respect.to.V-ing][V→N][N][Rel][4PlPoss][SgPosd]
nunalgutmeng	nuna-–leg[one.having.N][N→N]-~:(ng₁)u[to.be.N][N→V]-~:(u)te[condition.with.respect.to.V-ing][V→N][N][Rel][4PlPoss][PlPosd]
nunalgutmeng	nuna-–leg[one.having.N][N→N]-~:(ng₁)u[to.be.N][N→V]-~:(u)te[condition.with.respect.to.V-ing][V→N][N][Abl_Mod][Unpd][Sg]
nunalgutmeng	nuna-–lgu[to.have.N][N→V]-~:(u)te[condition.with.respect.to.V-ing][V→N][N][Rel][4DuPoss][SgPosd]
nunalgutmeng	nuna-–lgu[to.have.N][N→V]-~:(u)te[condition.with.respect.to.V-ing][V→N][N][Rel][4DuPoss][PlPosd]
nunalgutmeng	nuna-–lgu[to.have.N][N→V]-~:(u)te[condition.with.respect.to.V-ing][V→N][N][Rel][4PlPoss][SgPosd]
nunalgutmeng	nuna-–lgu[to.have.N][N→V]-~:(u)te[condition.with.respect.to.V-ing][V→N][N][Rel][4PlPoss][PlPosd]
nunalgutmeng	nuna-–lgu[to.have.N][N→V]-~:(u)te[condition.with.respect.to.V-ing][V→N][N][Abl_Mod][Unpd][Sg]

alignalghiingiighhaat	+?

ilagaqayuggaat	+?

ilagaataqut	ilagagh-~:(u)te[to.V.for.or.with][to.cause.to.V.as.one.is.V-ing][to.V.toward.each.other][V→V]-~(g₁)aqe[to.be.V.ing][to.regularly.or.repeatedly.V][V→V][V][Ind][3Pl]
ilagaataqut	ilagagh-~:(u)te[SBJ.V-ed.something][V→V]-~(g₁)aqe[to.be.V.ing][to.regularly.or.repeatedly.V][V→V][V][Ind][3Pl]

------------------------
Ilangita piiqegkangat un'ga tuqumaniluki, ilangita piiqegkangit salin unguvanniluki, tamana ilanga ilagaataquq temngi.

ilangita	ila-~:(ng₁)ite**[to.lack.N][to.not.have.N][N→V][V][Intrg][3Sg]
ilangita	ila[N][Rel][3DuPoss][SgPosd]
ilangita	ila[N][Rel][3DuPoss][PlPosd]
ilangita	ila[N][Rel][3PlPoss][SgPosd]
ilangita	ila[N][Rel][3PlPoss][PlPosd]

piiqegkangat	pi-~(g₁)aqe[to.be.V.ing][to.regularly.or.repeatedly.V][V→V]-@*@₂~sf–(g₂)k(a)e[the.one.that.possessor.V-ed][V→N][N][Abs][3PlPoss][SgPosd]
piiqegkangat	pi-~(g₁)aqe[to.be.V.ing][to.regularly.or.repeatedly.V][V→V][V][Ptcp][3Pl][3Sg]

unga	+?

tuqumaniluki	tuqu-@₁~:(i/u)ma[to.have.V-ed][to.have.been.V-ed][V→V]-@₁~fni[to.say.that.one.is.V-ing][Cmpd_Vbl]-~:(u)te[to.V.for.or.with][to.cause.to.V.as.one.is.V-ing][to.V.toward.each.other][V→V][V][Sbrd][1Du][3Pl]
tuqumaniluki	tuqu-@₁~:(i/u)ma[to.have.V-ed][to.have.been.V-ed][V→V]-@₁~fni[to.say.that.one.is.V-ing][Cmpd_Vbl]-~:(u)te[to.V.for.or.with][to.cause.to.V.as.one.is.V-ing][to.V.toward.each.other][V→V][V][Sbrd][1Pl][3Pl]
tuqumaniluki	tuqu-@₁~:(i/u)ma[to.have.V-ed][to.have.been.V-ed][V→V]-@₁~fni[to.say.that.one.is.V-ing][Cmpd_Vbl]-~:(u)te[to.V.for.or.with][to.cause.to.V.as.one.is.V-ing][to.V.toward.each.other][V→V][V][Sbrd][1Sg][3Pl]
tuqumaniluki	tuqu-@₁~:(i/u)ma[to.have.V-ed][to.have.been.V-ed][V→V]-@₁~fni[to.say.that.one.is.V-ing][Cmpd_Vbl]-~:(u)te[to.V.for.or.with][to.cause.to.V.as.one.is.V-ing][to.V.toward.each.other][V→V][V][Sbrd][2Du][3Pl]
tuqumaniluki	tuqu-@₁~:(i/u)ma[to.have.V-ed][to.have.been.V-ed][V→V]-@₁~fni[to.say.that.one.is.V-ing][Cmpd_Vbl]-~:(u)te[to.V.for.or.with][to.cause.to.V.as.one.is.V-ing][to.V.toward.each.other][V→V][V][Sbrd][2Pl][3Pl]
tuqumaniluki	tuqu-@₁~:(i/u)ma[to.have.V-ed][to.have.been.V-ed][V→V]-@₁~fni[to.say.that.one.is.V-ing][Cmpd_Vbl]-~:(u)te[to.V.for.or.with][to.cause.to.V.as.one.is.V-ing][to.V.toward.each.other][V→V][V][Sbrd][2Sg][3Pl]
tuqumaniluki	tuqu-@₁~:(i/u)ma[to.have.V-ed][to.have.been.V-ed][V→V]-@₁~fni[to.say.that.one.is.V-ing][Cmpd_Vbl]-~:(u)te[to.V.for.or.with][to.cause.to.V.as.one.is.V-ing][to.V.toward.each.other][V→V][V][Sbrd][3Du][3Pl]
tuqumaniluki	tuqu-@₁~:(i/u)ma[to.have.V-ed][to.have.been.V-ed][V→V]-@₁~fni[to.say.that.one.is.V-ing][Cmpd_Vbl]-~:(u)te[to.V.for.or.with][to.cause.to.V.as.one.is.V-ing][to.V.toward.each.other][V→V][V][Sbrd][3Pl][3Pl]
tuqumaniluki	tuqu-@₁~:(i/u)ma[to.have.V-ed][to.have.been.V-ed][V→V]-@₁~fni[to.say.that.one.is.V-ing][Cmpd_Vbl]-~:(u)te[to.V.for.or.with][to.cause.to.V.as.one.is.V-ing][to.V.toward.each.other][V→V][V][Sbrd][3Sg][3Pl]
tuqumaniluki	tuqu-@₁~:(i/u)ma[to.have.V-ed][to.have.been.V-ed][V→V]-@₁~fni[to.say.that.one.is.V-ing][Cmpd_Vbl][V][Sbrd][1Du][3Pl]
tuqumaniluki	tuqu-@₁~:(i/u)ma[to.have.V-ed][to.have.been.V-ed][V→V]-@₁~fni[to.say.that.one.is.V-ing][Cmpd_Vbl][V][Sbrd][1Pl][3Pl]
tuqumaniluki	tuqu-@₁~:(i/u)ma[to.have.V-ed][to.have.been.V-ed][V→V]-@₁~fni[to.say.that.one.is.V-ing][Cmpd_Vbl][V][Sbrd][1Sg][3Pl]
tuqumaniluki	tuqu-@₁~:(i/u)ma[to.have.V-ed][to.have.been.V-ed][V→V]-@₁~fni[to.say.that.one.is.V-ing][Cmpd_Vbl][V][Sbrd][2Du][3Pl]
tuqumaniluki	tuqu-@₁~:(i/u)ma[to.have.V-ed][to.have.been.V-ed][V→V]-@₁~fni[to.say.that.one.is.V-ing][Cmpd_Vbl][V][Sbrd][2Pl][3Pl]
tuqumaniluki	tuqu-@₁~:(i/u)ma[to.have.V-ed][to.have.been.V-ed][V→V]-@₁~fni[to.say.that.one.is.V-ing][Cmpd_Vbl][V][Sbrd][2Sg][3Pl]
tuqumaniluki	tuqu-@₁~:(i/u)ma[to.have.V-ed][to.have.been.V-ed][V→V]-@₁~fni[to.say.that.one.is.V-ing][Cmpd_Vbl][V][Sbrd][3Du][3Pl]
tuqumaniluki	tuqu-@₁~:(i/u)ma[to.have.V-ed][to.have.been.V-ed][V→V]-@₁~fni[to.say.that.one.is.V-ing][Cmpd_Vbl][V][Sbrd][3Pl][3Pl]
tuqumaniluki	tuqu-@₁~:(i/u)ma[to.have.V-ed][to.have.been.V-ed][V→V]-@₁~fni[to.say.that.one.is.V-ing][Cmpd_Vbl][V][Sbrd][3Sg][3Pl]
tuqumaniluki	tuqu-@₁~:(i/u)ma[to.have.V-ed][to.have.been.V-ed][V→V]-~:(u)te[to.V.for.or.with][to.cause.to.V.as.one.is.V-ing][to.V.toward.each.other][V→V]-@₁~fni[to.say.that.one.is.V-ing][Cmpd_Vbl]-~:(u)te[to.V.for.or.with][to.cause.to.V.as.one.is.V-ing][to.V.toward.each.other][V→V][V][Sbrd][1Du][3Pl]
tuqumaniluki	tuqu-@₁~:(i/u)ma[to.have.V-ed][to.have.been.V-ed][V→V]-~:(u)te[to.V.for.or.with][to.cause.to.V.as.one.is.V-ing][to.V.toward.each.other][V→V]-@₁~fni[to.say.that.one.is.V-ing][Cmpd_Vbl]-~:(u)te[to.V.for.or.with][to.cause.to.V.as.one.is.V-ing][to.V.toward.each.other][V→V][V][Sbrd][1Pl][3Pl]
tuqumaniluki	tuqu-@₁~:(i/u)ma[to.have.V-ed][to.have.been.V-ed][V→V]-~:(u)te[to.V.for.or.with][to.cause.to.V.as.one.is.V-ing][to.V.toward.each.other][V→V]-@₁~fni[to.say.that.one.is.V-ing][Cmpd_Vbl]-~:(u)te[to.V.for.or.with][to.cause.to.V.as.one.is.V-ing][to.V.toward.each.other][V→V][V][Sbrd][1Sg][3Pl]
tuqumaniluki	tuqu-@₁~:(i/u)ma[to.have.V-ed][to.have.been.V-ed][V→V]-~:(u)te[to.V.for.or.with][to.cause.to.V.as.one.is.V-ing][to.V.toward.each.other][V→V]-@₁~fni[to.say.that.one.is.V-ing][Cmpd_Vbl]-~:(u)te[to.V.for.or.with][to.cause.to.V.as.one.is.V-ing][to.V.toward.each.other][V→V][V][Sbrd][2Du][3Pl]
tuqumaniluki	tuqu-@₁~:(i/u)ma[to.have.V-ed][to.have.been.V-ed][V→V]-~:(u)te[to.V.for.or.with][to.cause.to.V.as.one.is.V-ing][to.V.toward.each.other][V→V]-@₁~fni[to.say.that.one.is.V-ing][Cmpd_Vbl]-~:(u)te[to.V.for.or.with][to.cause.to.V.as.one.is.V-ing][to.V.toward.each.other][V→V][V][Sbrd][2Pl][3Pl]
tuqumaniluki	tuqu-@₁~:(i/u)ma[to.have.V-ed][to.have.been.V-ed][V→V]-~:(u)te[to.V.for.or.with][to.cause.to.V.as.one.is.V-ing][to.V.toward.each.other][V→V]-@₁~fni[to.say.that.one.is.V-ing][Cmpd_Vbl]-~:(u)te[to.V.for.or.with][to.cause.to.V.as.one.is.V-ing][to.V.toward.each.other][V→V][V][Sbrd][2Sg][3Pl]
tuqumaniluki	tuqu-@₁~:(i/u)ma[to.have.V-ed][to.have.been.V-ed][V→V]-~:(u)te[to.V.for.or.with][to.cause.to.V.as.one.is.V-ing][to.V.toward.each.other][V→V]-@₁~fni[to.say.that.one.is.V-ing][Cmpd_Vbl]-~:(u)te[to.V.for.or.with][to.cause.to.V.as.one.is.V-ing][to.V.toward.each.other][V→V][V][Sbrd][3Du][3Pl]
tuqumaniluki	tuqu-@₁~:(i/u)ma[to.have.V-ed][to.have.been.V-ed][V→V]-~:(u)te[to.V.for.or.with][to.cause.to.V.as.one.is.V-ing][to.V.toward.each.other][V→V]-@₁~fni[to.say.that.one.is.V-ing][Cmpd_Vbl]-~:(u)te[to.V.for.or.with][to.cause.to.V.as.one.is.V-ing][to.V.toward.each.other][V→V][V][Sbrd][3Pl][3Pl]
tuqumaniluki	tuqu-@₁~:(i/u)ma[to.have.V-ed][to.have.been.V-ed][V→V]-~:(u)te[to.V.for.or.with][to.cause.to.V.as.one.is.V-ing][to.V.toward.each.other][V→V]-@₁~fni[to.say.that.one.is.V-ing][Cmpd_Vbl]-~:(u)te[to.V.for.or.with][to.cause.to.V.as.one.is.V-ing][to.V.toward.each.other][V→V][V][Sbrd][3Sg][3Pl]
tuqumaniluki	tuqu-@₁~:(i/u)ma[to.have.V-ed][to.have.been.V-ed][V→V]-~:(u)te[to.V.for.or.with][to.cause.to.V.as.one.is.V-ing][to.V.toward.each.other][V→V]-@₁~fni[to.say.that.one.is.V-ing][Cmpd_Vbl][V][Sbrd][1Du][3Pl]
tuqumaniluki	tuqu-@₁~:(i/u)ma[to.have.V-ed][to.have.been.V-ed][V→V]-~:(u)te[to.V.for.or.with][to.cause.to.V.as.one.is.V-ing][to.V.toward.each.other][V→V]-@₁~fni[to.say.that.one.is.V-ing][Cmpd_Vbl][V][Sbrd][1Pl][3Pl]
tuqumaniluki	tuqu-@₁~:(i/u)ma[to.have.V-ed][to.have.been.V-ed][V→V]-~:(u)te[to.V.for.or.with][to.cause.to.V.as.one.is.V-ing][to.V.toward.each.other][V→V]-@₁~fni[to.say.that.one.is.V-ing][Cmpd_Vbl][V][Sbrd][1Sg][3Pl]
tuqumaniluki	tuqu-@₁~:(i/u)ma[to.have.V-ed][to.have.been.V-ed][V→V]-~:(u)te[to.V.for.or.with][to.cause.to.V.as.one.is.V-ing][to.V.toward.each.other][V→V]-@₁~fni[to.say.that.one.is.V-ing][Cmpd_Vbl][V][Sbrd][2Du][3Pl]
tuqumaniluki	tuqu-@₁~:(i/u)ma[to.have.V-ed][to.have.been.V-ed][V→V]-~:(u)te[to.V.for.or.with][to.cause.to.V.as.one.is.V-ing][to.V.toward.each.other][V→V]-@₁~fni[to.say.that.one.is.V-ing][Cmpd_Vbl][V][Sbrd][2Pl][3Pl]
tuqumaniluki	tuqu-@₁~:(i/u)ma[to.have.V-ed][to.have.been.V-ed][V→V]-~:(u)te[to.V.for.or.with][to.cause.to.V.as.one.is.V-ing][to.V.toward.each.other][V→V]-@₁~fni[to.say.that.one.is.V-ing][Cmpd_Vbl][V][Sbrd][2Sg][3Pl]
tuqumaniluki	tuqu-@₁~:(i/u)ma[to.have.V-ed][to.have.been.V-ed][V→V]-~:(u)te[to.V.for.or.with][to.cause.to.V.as.one.is.V-ing][to.V.toward.each.other][V→V]-@₁~fni[to.say.that.one.is.V-ing][Cmpd_Vbl][V][Sbrd][3Du][3Pl]
tuqumaniluki	tuqu-@₁~:(i/u)ma[to.have.V-ed][to.have.been.V-ed][V→V]-~:(u)te[to.V.for.or.with][to.cause.to.V.as.one.is.V-ing][to.V.toward.each.other][V→V]-@₁~fni[to.say.that.one.is.V-ing][Cmpd_Vbl][V][Sbrd][3Pl][3Pl]
tuqumaniluki	tuqu-@₁~:(i/u)ma[to.have.V-ed][to.have.been.V-ed][V→V]-~:(u)te[to.V.for.or.with][to.cause.to.V.as.one.is.V-ing][to.V.toward.each.other][V→V]-@₁~fni[to.say.that.one.is.V-ing][Cmpd_Vbl][V][Sbrd][3Sg][3Pl]
tuqumaniluki	tuqu-@₁~:(i/u)ma[to.have.V-ed][to.have.been.V-ed][V→V]-~:(u)te[SBJ.V-ed.something][V→V]-@₁~fni[to.say.that.one.is.V-ing][Cmpd_Vbl]-~:(u)te[to.V.for.or.with][to.cause.to.V.as.one.is.V-ing][to.V.toward.each.other][V→V][V][Sbrd][1Du][3Pl]
tuqumaniluki	tuqu-@₁~:(i/u)ma[to.have.V-ed][to.have.been.V-ed][V→V]-~:(u)te[SBJ.V-ed.something][V→V]-@₁~fni[to.say.that.one.is.V-ing][Cmpd_Vbl]-~:(u)te[to.V.for.or.with][to.cause.to.V.as.one.is.V-ing][to.V.toward.each.other][V→V][V][Sbrd][1Pl][3Pl]
tuqumaniluki	tuqu-@₁~:(i/u)ma[to.have.V-ed][to.have.been.V-ed][V→V]-~:(u)te[SBJ.V-ed.something][V→V]-@₁~fni[to.say.that.one.is.V-ing][Cmpd_Vbl]-~:(u)te[to.V.for.or.with][to.cause.to.V.as.one.is.V-ing][to.V.toward.each.other][V→V][V][Sbrd][1Sg][3Pl]
tuqumaniluki	tuqu-@₁~:(i/u)ma[to.have.V-ed][to.have.been.V-ed][V→V]-~:(u)te[SBJ.V-ed.something][V→V]-@₁~fni[to.say.that.one.is.V-ing][Cmpd_Vbl]-~:(u)te[to.V.for.or.with][to.cause.to.V.as.one.is.V-ing][to.V.toward.each.other][V→V][V][Sbrd][2Du][3Pl]
tuqumaniluki	tuqu-@₁~:(i/u)ma[to.have.V-ed][to.have.been.V-ed][V→V]-~:(u)te[SBJ.V-ed.something][V→V]-@₁~fni[to.say.that.one.is.V-ing][Cmpd_Vbl]-~:(u)te[to.V.for.or.with][to.cause.to.V.as.one.is.V-ing][to.V.toward.each.other][V→V][V][Sbrd][2Pl][3Pl]
tuqumaniluki	tuqu-@₁~:(i/u)ma[to.have.V-ed][to.have.been.V-ed][V→V]-~:(u)te[SBJ.V-ed.something][V→V]-@₁~fni[to.say.that.one.is.V-ing][Cmpd_Vbl]-~:(u)te[to.V.for.or.with][to.cause.to.V.as.one.is.V-ing][to.V.toward.each.other][V→V][V][Sbrd][2Sg][3Pl]
tuqumaniluki	tuqu-@₁~:(i/u)ma[to.have.V-ed][to.have.been.V-ed][V→V]-~:(u)te[SBJ.V-ed.something][V→V]-@₁~fni[to.say.that.one.is.V-ing][Cmpd_Vbl]-~:(u)te[to.V.for.or.with][to.cause.to.V.as.one.is.V-ing][to.V.toward.each.other][V→V][V][Sbrd][3Du][3Pl]
tuqumaniluki	tuqu-@₁~:(i/u)ma[to.have.V-ed][to.have.been.V-ed][V→V]-~:(u)te[SBJ.V-ed.something][V→V]-@₁~fni[to.say.that.one.is.V-ing][Cmpd_Vbl]-~:(u)te[to.V.for.or.with][to.cause.to.V.as.one.is.V-ing][to.V.toward.each.other][V→V][V][Sbrd][3Pl][3Pl]
tuqumaniluki	tuqu-@₁~:(i/u)ma[to.have.V-ed][to.have.been.V-ed][V→V]-~:(u)te[SBJ.V-ed.something][V→V]-@₁~fni[to.say.that.one.is.V-ing][Cmpd_Vbl]-~:(u)te[to.V.for.or.with][to.cause.to.V.as.one.is.V-ing][to.V.toward.each.other][V→V][V][Sbrd][3Sg][3Pl]
tuqumaniluki	tuqu-@₁~:(i/u)ma[to.have.V-ed][to.have.been.V-ed][V→V]-~:(u)te[SBJ.V-ed.something][V→V]-@₁~fni[to.say.that.one.is.V-ing][Cmpd_Vbl][V][Sbrd][1Du][3Pl]
tuqumaniluki	tuqu-@₁~:(i/u)ma[to.have.V-ed][to.have.been.V-ed][V→V]-~:(u)te[SBJ.V-ed.something][V→V]-@₁~fni[to.say.that.one.is.V-ing][Cmpd_Vbl][V][Sbrd][1Pl][3Pl]
tuqumaniluki	tuqu-@₁~:(i/u)ma[to.have.V-ed][to.have.been.V-ed][V→V]-~:(u)te[SBJ.V-ed.something][V→V]-@₁~fni[to.say.that.one.is.V-ing][Cmpd_Vbl][V][Sbrd][1Sg][3Pl]
tuqumaniluki	tuqu-@₁~:(i/u)ma[to.have.V-ed][to.have.been.V-ed][V→V]-~:(u)te[SBJ.V-ed.something][V→V]-@₁~fni[to.say.that.one.is.V-ing][Cmpd_Vbl][V][Sbrd][2Du][3Pl]
tuqumaniluki	tuqu-@₁~:(i/u)ma[to.have.V-ed][to.have.been.V-ed][V→V]-~:(u)te[SBJ.V-ed.something][V→V]-@₁~fni[to.say.that.one.is.V-ing][Cmpd_Vbl][V][Sbrd][2Pl][3Pl]
tuqumaniluki	tuqu-@₁~:(i/u)ma[to.have.V-ed][to.have.been.V-ed][V→V]-~:(u)te[SBJ.V-ed.something][V→V]-@₁~fni[to.say.that.one.is.V-ing][Cmpd_Vbl][V][Sbrd][2Sg][3Pl]
tuqumaniluki	tuqu-@₁~:(i/u)ma[to.have.V-ed][to.have.been.V-ed][V→V]-~:(u)te[SBJ.V-ed.something][V→V]-@₁~fni[to.say.that.one.is.V-ing][Cmpd_Vbl][V][Sbrd][3Du][3Pl]
tuqumaniluki	tuqu-@₁~:(i/u)ma[to.have.V-ed][to.have.been.V-ed][V→V]-~:(u)te[SBJ.V-ed.something][V→V]-@₁~fni[to.say.that.one.is.V-ing][Cmpd_Vbl][V][Sbrd][3Pl][3Pl]
tuqumaniluki	tuqu-@₁~:(i/u)ma[to.have.V-ed][to.have.been.V-ed][V→V]-~:(u)te[SBJ.V-ed.something][V→V]-@₁~fni[to.say.that.one.is.V-ing][Cmpd_Vbl][V][Sbrd][3Sg][3Pl]

ilangita	ila-~:(ng₁)ite**[to.lack.N][to.not.have.N][N→V][V][Intrg][3Sg]
ilangita	ila[N][Rel][3DuPoss][SgPosd]
ilangita	ila[N][Rel][3DuPoss][PlPosd]
ilangita	ila[N][Rel][3PlPoss][SgPosd]
ilangita	ila[N][Rel][3PlPoss][PlPosd]

piiqegkangit	pi-~(g₁)aqe[to.be.V.ing][to.regularly.or.repeatedly.V][V→V]-@*@₂~sf–(g₂)k(a)e[the.one.that.possessor.V-ed][V→N][N][Abs][3PlPoss][PlPosd]
piiqegkangit	pi-~(g₁)aqe[to.be.V.ing][to.regularly.or.repeatedly.V][V→V][V][Ptcp][3Du][3Sg]
piiqegkangit	pi-~(g₁)aqe[to.be.V.ing][to.regularly.or.repeatedly.V][V→V][V][Ptcp][3Pl][3Pl]

salin	+?

unguvanniluki	+?

tamana	tamana

ilanga	ila[N][Abs][3SgPoss][SgPosd]

ilagaataquq	ilagagh-~:(u)te[to.V.for.or.with][to.cause.to.V.as.one.is.V-ing][to.V.toward.each.other][V→V]-~(g₁)aqe[to.be.V.ing][to.regularly.or.repeatedly.V][V→V][V][Ind][3Sg]
ilagaataquq	ilagagh-~:(u)te[SBJ.V-ed.something][V→V]-~(g₁)aqe[to.be.V.ing][to.regularly.or.repeatedly.V][V→V][V][Ind][3Sg]

temngi	+?

------------------------


	

------------------------
Ellngit aglaamalghiit.

ellngit	ellngit

aglaamalghiit	aglagh-@₁~:(i/u)ma[to.have.V-ed][to.have.been.V-ed][V→V]-@₁–lghii[the.one.that.V-ed][the.one.that.is.V][V→N][N][Abs][Unpd][Pl]
aglaamalghiit	aglagh-@₁~:(i/u)ma[to.have.V-ed][to.have.been.V-ed][V→V]-@₁–lghii[the.one.that.V-ed][the.one.that.is.V][V→N][N][Rel][Unpd][Pl]
aglaamalghiit	aglagh-@₁~:(i/u)ma[to.have.V-ed][to.have.been.V-ed][V→V][V][Ptcp][3Pl]

------------------------
Kaalluteng iiyamun mayuumalghiit, nagasimalghiit.

kaalluteng	kaate[V][Sbrd][3Pl]

iiyamun	iiyagh[N][Ter][Unpd][Sg]

mayuumalghiit	mayugh-@₁~:(i/u)ma[to.have.V-ed][to.have.been.V-ed][V→V]-@₁–lghii[the.one.that.V-ed][the.one.that.is.V][V→N][N][Abs][Unpd][Pl]
mayuumalghiit	mayugh-@₁~:(i/u)ma[to.have.V-ed][to.have.been.V-ed][V→V]-@₁–lghii[the.one.that.V-ed][the.one.that.is.V][V→N][N][Rel][Unpd][Pl]
mayuumalghiit	mayugh-@₁~:(i/u)ma[to.have.V-ed][to.have.been.V-ed][V→V][V][Ptcp][3Pl]

nagasimalghiit	nagate-@₁~:(i/u)ma[to.have.V-ed][to.have.been.V-ed][V→V]-@₁–lghii[the.one.that.V-ed][the.one.that.is.V][V→N][N][Abs][Unpd][Pl]
nagasimalghiit	nagate-@₁~:(i/u)ma[to.have.V-ed][to.have.been.V-ed][V→V]-@₁–lghii[the.one.that.V-ed][the.one.that.is.V][V→N][N][Rel][Unpd][Pl]
nagasimalghiit	nagate-@₁~:(i/u)ma[to.have.V-ed][to.have.been.V-ed][V→V][V][Ptcp][3Pl]

------------------------
Atangat kingulighpigaaluni ilagaamalghii.

atangat	ata[N][Abs][3PlPoss][SgPosd]

kingulighpigaaluni	+?

ilagaamalghii	ilagagh-@₁~:(i/u)ma[to.have.V-ed][to.have.been.V-ed][V→V]-@₁–lghii[the.one.that.V-ed][the.one.that.is.V][V→N][N][Abs][Unpd][Sg]
ilagaamalghii	ilagagh-@₁~:(i/u)ma[to.have.V-ed][to.have.been.V-ed][V→V][V][Ptcp][3Sg]

------------------------
Sagaqestaghngaaghmi aghuliiqaghluni aleghquumalghii, "Llangaqa whaa sikum ilunganillunga ilagaghtunga.

sagaqestaghngaaghmi	+?

aghuliiqaghluni	+?

aleghquumalghii	alegh-te[to.catch.N][to.go.to.N][N→V]-@₁qugh[to.V.completely]-@₁~:(i/u)ma[to.have.V-ed][to.have.been.V-ed][V→V]-@₁–lghii[the.one.that.V-ed][the.one.that.is.V][V→N][N][Abs][Unpd][Sg]
aleghquumalghii	alegh-te[to.catch.N][to.go.to.N][N→V]-@₁qugh[to.V.completely]-@₁~:(i/u)ma[to.have.V-ed][to.have.been.V-ed][V→V][V][Ptcp][3Sg]
aleghquumalghii	aleghqugh-@₁~:(i/u)ma[to.have.V-ed][to.have.been.V-ed][V→V]-@₁–lghii[the.one.that.V-ed][the.one.that.is.V][V→N][N][Abs][Unpd][Sg]

llangaqa	+?

whaa	+?

sikum	siku[N][Rel][Unpd][Sg]

ilunganillunga	+?

ilagaghtunga	ilagagh[V][Ind][1Sg]
ilagaghtunga	ilagagh-te[to.act.on.so.as.to.cause.to.V][V→V][V][Ind][1Sg]

------------------------
Iqlengiqunga weni!"

iqlengiqunga	+?

weni	+?

------------------------
Alla ilagaamalghii.

alla	alla
alla	alla[N][Abs][Unpd][Sg]

ilagaamalghii	ilagagh-@₁~:(i/u)ma[to.have.V-ed][to.have.been.V-ed][V→V]-@₁–lghii[the.one.that.V-ed][the.one.that.is.V][V→N][N][Abs][Unpd][Sg]
ilagaamalghii	ilagagh-@₁~:(i/u)ma[to.have.V-ed][to.have.been.V-ed][V→V][V][Ptcp][3Sg]

------------------------
Nepiiqaghluni akuzimalghii, "Ilagaamalunga sikum ilungani meteghllugem qalghillgha nagaqughaqa!"

nepiiqaghluni	+?

akuzimalghii	akuzi-@₁~:(i/u)ma[to.have.V-ed][to.have.been.V-ed][V→V]-@₁–lghii[the.one.that.V-ed][the.one.that.is.V][V→N][N][Abs][Unpd][Sg]
akuzimalghii	akuzi-@₁~:(i/u)ma[to.have.V-ed][to.have.been.V-ed][V→V][V][Ptcp][3Sg]

ilagaamalunga	ilagagh-@₁~:(i/u)ma[to.have.V-ed][to.have.been.V-ed][V→V]-~:(u)te[to.V.for.or.with][to.cause.to.V.as.one.is.V-ing][to.V.toward.each.other][V→V][V][Sbrd][1Sg]
ilagaamalunga	ilagagh-@₁~:(i/u)ma[to.have.V-ed][to.have.been.V-ed][V→V]-~:(u)te[SBJ.V-ed.something][V→V][V][Sbrd][1Sg]
ilagaamalunga	ilagagh-@₁~:(i/u)ma[to.have.V-ed][to.have.been.V-ed][V→V][V][Sbrd][1Sg]

sikum	siku[N][Rel][Unpd][Sg]

ilungani	+?

meteghllugem	meteghllug[N][Rel][Unpd][Sg]

qalghillgha	+?

nagaqughaqa	nagate-@₁qugh[to.V.completely]-~(g₁)aqe[to.be.V.ing][to.regularly.or.repeatedly.V][V→V][V][Intrg][3Sg]

------------------------
Ilagaghaqelghii.

ilagaghaqelghii	ilagagh-~(g₁)aqe[to.be.V.ing][to.regularly.or.repeatedly.V][V→V]-@₁–lghii[the.one.that.V-ed][the.one.that.is.V][V→N][N][Abs][Unpd][Sg]
ilagaghaqelghii	ilagagh-~(g₁)aqe[to.be.V.ing][to.regularly.or.repeatedly.V][V→V][V][Ptcp][3Sg]

------------------------
Nepiiqaghluni akuzilaataghtuq, "Ilagaqestaghngaaghma nepiighlunga meteghllugem piinga, ellmi ghhataannalunga, aygumun aghulaqunga.

nepiiqaghluni	+?

akuzilaataghtuq	akuzi-@₁~laatagh[to.V.anyway][despite.everything.to.still.V][V→V][V][Ind][3Sg]
akuzilaataghtuq	akuzi-@₁~laatagh[to.V.anyway][despite.everything.to.still.V][V→V]-te[to.act.on.so.as.to.cause.to.V][V→V][V][Ind][3Sg]
akuzilaataghtuq	akuzi-~:(u)te[to.V.for.or.with][to.cause.to.V.as.one.is.V-ing][to.V.toward.each.other][V→V]-@₁~laatagh[to.V.anyway][despite.everything.to.still.V][V→V][V][Ind][3Sg]
akuzilaataghtuq	akuzi-~:(u)te[to.V.for.or.with][to.cause.to.V.as.one.is.V-ing][to.V.toward.each.other][V→V]-@₁~laatagh[to.V.anyway][despite.everything.to.still.V][V→V]-te[to.act.on.so.as.to.cause.to.V][V→V][V][Ind][3Sg]
akuzilaataghtuq	akuzi-~:(u)te[SBJ.V-ed.something][V→V]-@₁~laatagh[to.V.anyway][despite.everything.to.still.V][V→V][V][Ind][3Sg]
akuzilaataghtuq	akuzi-~:(u)te[SBJ.V-ed.something][V→V]-@₁~laatagh[to.V.anyway][despite.everything.to.still.V][V→V]-te[to.act.on.so.as.to.cause.to.V][V→V][V][Ind][3Sg]

ilagaqestaghngaaghma	+?

nepiighlunga	nepiigh[V][Sbrd][1Sg]

meteghllugem	meteghllug[N][Rel][Unpd][Sg]

piinga	pi[V][Intrg][3Sg][1Sg]
piinga	pi[V][Ind][3Sg][1Sg]
piinga	pi[V][Ind][1Sg]

ellmi	ellmi

ghhataannalunga	+?

aygumun	+?

aghulaqunga	aghulaqe[V][Ind][1Sg]

------------------------
Igleghtunga sikukun aghuliighlunga meghnaalilunga.

igleghtunga	igleghte[V][Ind][1Sg]

sikukun	siku-~–ke[to.have.as.one's.N(s)][N→V]-~:(u)te[condition.with.respect.to.V-ing][V→N][N][Abs][Unpd][Sg]
sikukun	siku[N][Via][Unpd][Sg]

aghuliighlunga	aghuliigh[V][Sbrd][1Sg]
aghuliighlunga	aghuliigh[V][Sbrd][2Du][1Sg]
aghuliighlunga	aghuliigh[V][Sbrd][2Pl][1Sg]
aghuliighlunga	aghuliigh[V][Sbrd][2Sg][1Sg]
aghuliighlunga	aghuliigh[V][Sbrd][3Du][1Sg]
aghuliighlunga	aghuliigh[V][Sbrd][3Pl][1Sg]
aghuliighlunga	aghuliigh[V][Sbrd][3Sg][1Sg]

meghnaalilunga	+?

------------------------
Meghnaalineghmeng taaqsama aghulaqlaataghtunga.

meghnaalineghmeng	+?

taaqsama	taaqe-te[to.act.on.so.as.to.cause.to.V][V→V][V][CnsqI][1Sg]
taaqsama	taaqe[V][CnsqI][1Sg]

aghulaqlaataghtunga	aghulaqe-@₁~laatagh[to.V.anyway][despite.everything.to.still.V][V→V][V][Ind][1Sg]
aghulaqlaataghtunga	aghulaqe-@₁~laatagh[to.V.anyway][despite.everything.to.still.V][V→V]-te[to.act.on.so.as.to.cause.to.V][V→V][V][Ind][1Sg]
aghulaqlaataghtunga	aghulaqe-te[to.act.on.so.as.to.cause.to.V][V→V]-@₁~laatagh[to.V.anyway][despite.everything.to.still.V][V→V][V][Ind][1Sg]
aghulaqlaataghtunga	aghulaqe-te[to.act.on.so.as.to.cause.to.V][V→V]-@₁~laatagh[to.V.anyway][despite.everything.to.still.V][V→V]-te[to.act.on.so.as.to.cause.to.V][V→V][V][Ind][1Sg]

------------------------
Igleghtunga.

igleghtunga	igleghte[V][Ind][1Sg]

------------------------
Aghuliightunga ingani meteghllugem meghnaalivigani.

aghuliightunga	aghuliigh[V][Ind][1Sg]
aghuliightunga	aghuliigh-te[to.act.on.so.as.to.cause.to.V][V→V][V][Ind][1Sg]

ingani	ingani

meteghllugem	meteghllug[N][Rel][Unpd][Sg]

meghnaalivigani	+?

------------------------
Weni iqlengiqunga."

weni	+?

iqlengiqunga	+?

------------------------


	

------------------------
Mekelghiighek nagasimalghiik iiyakun qineghllutek.

mekelghiighek	mekelghiigh[N][Abs][Unpd][Du]
mekelghiighek	mekelghiigh[N][Rel][Unpd][Du]

nagasimalghiik	nagate-@₁~:(i/u)ma[to.have.V-ed][to.have.been.V-ed][V→V]-@₁–lghii[the.one.that.V-ed][the.one.that.is.V][V→N][N][Abs][Unpd][Du]
nagasimalghiik	nagate-@₁~:(i/u)ma[to.have.V-ed][to.have.been.V-ed][V→V]-@₁–lghii[the.one.that.V-ed][the.one.that.is.V][V→N][N][Rel][Unpd][Du]
nagasimalghiik	nagate-@₁~:(i/u)ma[to.have.V-ed][to.have.been.V-ed][V→V][V][Ptcp][3Du]

iiyakun	iiyagh[N][Via][Unpd][Sg]

qineghllutek	+?

------------------------
Qama ilagaamalghii.

qama	qama

ilagaamalghii	ilagagh-@₁~:(i/u)ma[to.have.V-ed][to.have.been.V-ed][V→V]-@₁–lghii[the.one.that.V-ed][the.one.that.is.V][V→N][N][Abs][Unpd][Sg]
ilagaamalghii	ilagagh-@₁~:(i/u)ma[to.have.V-ed][to.have.been.V-ed][V→V][V][Ptcp][3Sg]

------------------------
Ilagaghaqluni nepiighaqluni aleghquumalghii, "Taagken meghnaalilunga mayughtunga.

ilagaghaqluni	ilagagh-~(g₁)aqe[to.be.V.ing][to.regularly.or.repeatedly.V][V→V]-te[to.act.on.so.as.to.cause.to.V][V→V]-te[to.act.on.so.as.to.cause.to.V][V→V][V][Sbrd][3Sg]
ilagaghaqluni	ilagagh-~(g₁)aqe[to.be.V.ing][to.regularly.or.repeatedly.V][V→V]-te[to.act.on.so.as.to.cause.to.V][V→V][V][Sbrd][3Sg]
ilagaghaqluni	ilagagh-~(g₁)aqe[to.be.V.ing][to.regularly.or.repeatedly.V][V→V][V][Sbrd][3Sg]

nepiighaqluni	nepiigh-~(g₁)aqe[to.be.V.ing][to.regularly.or.repeatedly.V][V→V]-te[to.act.on.so.as.to.cause.to.V][V→V]-te[to.act.on.so.as.to.cause.to.V][V→V][V][Sbrd][3Sg]
nepiighaqluni	nepiigh-~(g₁)aqe[to.be.V.ing][to.regularly.or.repeatedly.V][V→V]-te[to.act.on.so.as.to.cause.to.V][V→V][V][Sbrd][3Sg]
nepiighaqluni	nepiigh-~(g₁)aqe[to.be.V.ing][to.regularly.or.repeatedly.V][V→V][V][Sbrd][3Sg]

aleghquumalghii	alegh-te[to.catch.N][to.go.to.N][N→V]-@₁qugh[to.V.completely]-@₁~:(i/u)ma[to.have.V-ed][to.have.been.V-ed][V→V]-@₁–lghii[the.one.that.V-ed][the.one.that.is.V][V→N][N][Abs][Unpd][Sg]
aleghquumalghii	alegh-te[to.catch.N][to.go.to.N][N→V]-@₁qugh[to.V.completely]-@₁~:(i/u)ma[to.have.V-ed][to.have.been.V-ed][V→V][V][Ptcp][3Sg]
aleghquumalghii	aleghqugh-@₁~:(i/u)ma[to.have.V-ed][to.have.been.V-ed][V→V]-@₁–lghii[the.one.that.V-ed][the.one.that.is.V][V→N][N][Abs][Unpd][Sg]

taagken	taagken

meghnaalilunga	+?

mayughtunga	mayugh[V][Ind][1Sg]
mayughtunga	mayugh-te[to.act.on.so.as.to.cause.to.V][V→V][V][Ind][1Sg]

------------------------
Mayughlunga taginga.

mayughlunga	mayugh[V][Sbrd][1Sg]
mayughlunga	mayugh[V][Sbrd][2Du][1Sg]
mayughlunga	mayugh[V][Sbrd][2Pl][1Sg]
mayughlunga	mayugh[V][Sbrd][2Sg][1Sg]
mayughlunga	mayugh[V][Sbrd][3Du][1Sg]
mayughlunga	mayugh[V][Sbrd][3Pl][1Sg]
mayughlunga	mayugh[V][Sbrd][3Sg][1Sg]

taginga	+?

------------------------
Kaasama iiyamun mayughtunga!"

kaasama	kaate[V][CnsqI][1Sg]

iiyamun	iiyagh[N][Ter][Unpd][Sg]

mayughtunga	mayugh[V][Ind][1Sg]
mayughtunga	mayugh-te[to.act.on.so.as.to.cause.to.V][V→V][V][Ind][1Sg]

------------------------
Nepiighumalghii ilaganeghmeng nukalpigaat pimakangit, "Enta qakmavek iiyamun esghaghyaghtuqaghtek."

nepiighumalghii	nepiigh-@₁~:(i/u)ma[to.have.V-ed][to.have.been.V-ed][V→V]-@₁–lghii[the.one.that.V-ed][the.one.that.is.V][V→N][N][Abs][Unpd][Sg]
nepiighumalghii	nepiigh-@₁~:(i/u)ma[to.have.V-ed][to.have.been.V-ed][V→V][V][Ptcp][3Sg]

ilaganeghmeng	ilagagh-@₁–negh[the.act.or.activity.of.V-ing][V→N][N][Rel][4DuPoss][SgPosd]
ilaganeghmeng	ilagagh-@₁–negh[the.act.or.activity.of.V-ing][V→N][N][Rel][4DuPoss][PlPosd]
ilaganeghmeng	ilagagh-@₁–negh[the.act.or.activity.of.V-ing][V→N][N][Rel][4PlPoss][SgPosd]
ilaganeghmeng	ilagagh-@₁–negh[the.act.or.activity.of.V-ing][V→N][N][Rel][4PlPoss][PlPosd]
ilaganeghmeng	ilagagh-@₁–negh[the.act.or.activity.of.V-ing][V→N][N][Abl_Mod][Unpd][Sg]
ilaganeghmeng	ilagagh[V][Ctmp][4Pl]

nukalpigaat	+?

pimakangit	pi-@₁~:(i/u)ma[to.have.V-ed][to.have.been.V-ed][V→V]-@*@₂~sf–(g₂)k(a)e[the.one.that.possessor.V-ed][V→N][N][Abs][3PlPoss][PlPosd]
pimakangit	pi-@₁~:(i/u)ma[to.have.V-ed][to.have.been.V-ed][V→V][V][Ptcp][3Du][3Sg]
pimakangit	pi-@₁~:(i/u)ma[to.have.V-ed][to.have.been.V-ed][V→V][V][Ptcp][3Pl][3Pl]

enta	+?

qakmavek	qakmavek

iiyamun	iiyagh[N][Ter][Unpd][Sg]

esghaghyaghtuqaghtek	+?

------------------------
Nukalpigaat aanyalghiimeng avangiteftut.

nukalpigaat	+?

aanyalghiimeng	aane-@₁~fyagh[to.go.V-ing][to.V.in.vain][V→V]-@₁–lghii[the.one.that.V-ed][the.one.that.is.V][V→N][N][Rel][4DuPoss][SgPosd]
aanyalghiimeng	aane-@₁~fyagh[to.go.V-ing][to.V.in.vain][V→V]-@₁–lghii[the.one.that.V-ed][the.one.that.is.V][V→N][N][Rel][4DuPoss][PlPosd]
aanyalghiimeng	aane-@₁~fyagh[to.go.V-ing][to.V.in.vain][V→V]-@₁–lghii[the.one.that.V-ed][the.one.that.is.V][V→N][N][Rel][4PlPoss][SgPosd]
aanyalghiimeng	aane-@₁~fyagh[to.go.V-ing][to.V.in.vain][V→V]-@₁–lghii[the.one.that.V-ed][the.one.that.is.V][V→N][N][Rel][4PlPoss][PlPosd]
aanyalghiimeng	aane-@₁~fyagh[to.go.V-ing][to.V.in.vain][V→V]-@₁–lghii[the.one.that.V-ed][the.one.that.is.V][V→N][N][Abl_Mod][Unpd][Sg]
aanyalghiimeng	aane[V][Ptcp_Obl][4Pl]

avangiteftut	+?

------------------------
Iteghluteng ungipaasimakangat.

iteghluteng	itegh[V][Sbrd][3Pl]

ungipaasimakangat	ungipaate-@₁~:(i/u)ma[to.have.V-ed][to.have.been.V-ed][V→V]-@*@₂~sf–(g₂)k(a)e[the.one.that.possessor.V-ed][V→N][N][Abs][3PlPoss][SgPosd]
ungipaasimakangat	ungipaate-@₁~:(i/u)ma[to.have.V-ed][to.have.been.V-ed][V→V][V][Ptcp][3Pl][3Sg]

------------------------
Qayughllak mayughnaqsata awatmun ullghiitamaat.

qayughllak	qayugh-–ghllag[big.N][N→N][N][Abs][Unpd][Sg]
qayughllak	qayugh-–ghllak[big.N][AUG]
qayughllak	qayughllak

mayughnaqsata	mayugh-@₁~fnaqe[to.be.going.to.V][V→V]-te[to.act.on.so.as.to.cause.to.V][V→V]-te[to.act.on.so.as.to.cause.to.V][V→V][V][CnsqI][3Pl]
mayughnaqsata	mayugh-@₁~fnaqe[to.be.going.to.V][V→V]-te[to.act.on.so.as.to.cause.to.V][V→V][V][CnsqI][3Pl]
mayughnaqsata	mayugh-@₁~fnaqe[to.be.going.to.V][V→V][V][CnsqI][3Pl]

awatmun	+?

ullghiitamaat	+?

------------------------
Uteghlluteng aglaamalghiit nenglum saaghwanun.

uteghlluteng	+?

aglaamalghiit	aglagh-@₁~:(i/u)ma[to.have.V-ed][to.have.been.V-ed][V→V]-@₁–lghii[the.one.that.V-ed][the.one.that.is.V][V→N][N][Abs][Unpd][Pl]
aglaamalghiit	aglagh-@₁~:(i/u)ma[to.have.V-ed][to.have.been.V-ed][V→V]-@₁–lghii[the.one.that.V-ed][the.one.that.is.V][V→N][N][Rel][Unpd][Pl]
aglaamalghiit	aglagh-@₁~:(i/u)ma[to.have.V-ed][to.have.been.V-ed][V→V][V][Ptcp][3Pl]

nenglum	nenglu[N][Rel][Unpd][Sg]

saaghwanun	saaghw[N][Ter][3SgPoss][SgPosd]
saaghwanun	saaghw[N][Ter][3SgPoss][PlPosd]

------------------------
Atangat ellmineng aanumalghii.

atangat	ata[N][Abs][3PlPoss][SgPosd]

ellmineng	+?

aanumalghii	aane-@₁~:(i/u)ma[to.have.V-ed][to.have.been.V-ed][V→V]-@₁–lghii[the.one.that.V-ed][the.one.that.is.V][V→N][N][Abs][Unpd][Sg]
aanumalghii	aane-@₁~:(i/u)ma[to.have.V-ed][to.have.been.V-ed][V→V][V][Ptcp][3Sg]

------------------------
Aanluni esghaamakangi.

aanluni	aane[V][Sbrd][3Sg]

esghaamakangi	esghagh-@₁~:(i/u)ma[to.have.V-ed][to.have.been.V-ed][V→V]-@*@₂~sf–(g₂)k(a)e[the.one.that.possessor.V-ed][V→N][N][Abs][3SgPoss][PlPosd]
esghaamakangi	esghagh-@₁~:(i/u)ma[to.have.V-ed][to.have.been.V-ed][V→V][V][Ptcp][3Sg][3Pl]

------------------------
Esghaghyamiki iitghesqumakangi.

esghaghyamiki	+?

iitghesqumakangi	+?

------------------------
Iitghumalghiit.

iitghumalghiit	itegh-@₁~:(i/u)ma[to.have.V-ed][to.have.been.V-ed][V→V]-@₁–lghii[the.one.that.V-ed][the.one.that.is.V][V→N][N][Abs][Unpd][Pl]
iitghumalghiit	itegh-@₁~:(i/u)ma[to.have.V-ed][to.have.been.V-ed][V→V]-@₁–lghii[the.one.that.V-ed][the.one.that.is.V][V→N][N][Rel][Unpd][Pl]
iitghumalghiit	itegh-@₁~:(i/u)ma[to.have.V-ed][to.have.been.V-ed][V→V][V][Ptcp][3Pl]

------------------------
Quyakumakangit.

quyakumakangit	+?

------------------------
Atangita pimakegket, "Salusimi uullghestek?"

atangita	ata-~:(ng₁)ite**[to.lack.N][to.not.have.N][N→V][V][Intrg][3Sg]
atangita	ata[N][Rel][3DuPoss][SgPosd]
atangita	ata[N][Rel][3DuPoss][PlPosd]
atangita	ata[N][Rel][3PlPoss][SgPosd]
atangita	ata[N][Rel][3PlPoss][PlPosd]

pimakegket	pi-@₁~:(i/u)ma[to.have.V-ed][to.have.been.V-ed][V→V]-@*@₂~sf–(g₂)k(a)e[the.one.that.possessor.V-ed][V→N][N][Abs][3PlPoss][DuPosd]

salusimi	+?

uullghestek	+?

------------------------
Akisimakangat, "Taanegken ima takaghpagllelguftuq.

akisimakangat	aki-te[to.catch.N][to.go.to.N][N→V]-@₁~:(i/u)ma[to.have.V-ed][to.have.been.V-ed][V→V]-@*@₂~sf–(g₂)k(a)e[the.one.that.possessor.V-ed][V→N][N][Abs][3PlPoss][SgPosd]
akisimakangat	akite-@₁~:(i/u)ma[to.have.V-ed][to.have.been.V-ed][V→V]-@*@₂~sf–(g₂)k(a)e[the.one.that.possessor.V-ed][V→N][N][Abs][3PlPoss][SgPosd]
akisimakangat	akite-@₁~:(i/u)ma[to.have.V-ed][to.have.been.V-ed][V→V][V][Ptcp][3Pl][3Sg]

taanegken	+?

ima	ima

takaghpagllelguftuq	+?

------------------------
Yulleghpagmun taaggun taglaghtukut."

yulleghpagmun	+?

taaggun	+?

taglaghtukut	taglagh[V][Ind][1Pl]
taglaghtukut	taglagh-te[to.act.on.so.as.to.cause.to.V][V→V][V][Ind][1Pl]

------------------------
Atangita akisimakangit, "Anightaqun takaghnallghaguusi!"

atangita	ata-~:(ng₁)ite**[to.lack.N][to.not.have.N][N→V][V][Intrg][3Sg]
atangita	ata[N][Rel][3DuPoss][SgPosd]
atangita	ata[N][Rel][3DuPoss][PlPosd]
atangita	ata[N][Rel][3PlPoss][SgPosd]
atangita	ata[N][Rel][3PlPoss][PlPosd]

akisimakangit	aki-te[to.catch.N][to.go.to.N][N→V]-@₁~:(i/u)ma[to.have.V-ed][to.have.been.V-ed][V→V]-@*@₂~sf–(g₂)k(a)e[the.one.that.possessor.V-ed][V→N][N][Abs][3PlPoss][PlPosd]
akisimakangit	akite-@₁~:(i/u)ma[to.have.V-ed][to.have.been.V-ed][V→V]-@*@₂~sf–(g₂)k(a)e[the.one.that.possessor.V-ed][V→N][N][Abs][3PlPoss][PlPosd]
akisimakangit	akite-@₁~:(i/u)ma[to.have.V-ed][to.have.been.V-ed][V→V][V][Ptcp][3Du][3Sg]
akisimakangit	akite-@₁~:(i/u)ma[to.have.V-ed][to.have.been.V-ed][V→V][V][Ptcp][3Pl][3Pl]

anightaqun	+?

takaghnallghaguusi	+?

------------------------
Uyuqliim akisimakanga, "Anightaqun elpek iyeghllaguuten!"

uyuqliim	+?

akisimakanga	aki-te[to.catch.N][to.go.to.N][N→V]-@₁~:(i/u)ma[to.have.V-ed][to.have.been.V-ed][V→V]-@*@₂~sf–(g₂)k(a)e[the.one.that.possessor.V-ed][V→N][N][Abs][3SgPoss][SgPosd]
akisimakanga	akite-@₁~:(i/u)ma[to.have.V-ed][to.have.been.V-ed][V→V]-@*@₂~sf–(g₂)k(a)e[the.one.that.possessor.V-ed][V→N][N][Abs][3SgPoss][SgPosd]
akisimakanga	akite-@₁~:(i/u)ma[to.have.V-ed][to.have.been.V-ed][V→V][V][Ptcp][3Sg][3Sg]
akisimakanga	akite-@₁~:(i/u)ma[to.have.V-ed][to.have.been.V-ed][V→V][V][Cond][3Sg][1Sg]

anightaqun	+?

elpek	elpek

iyeghllaguuten	iye-–ghllag[big.N][N→N]-~:(ng₁)u[to.be.N][N→V][V][Ind][2Sg]

------------------------
Taam kenlanganeng awavaghllagnaniimalghiik.

taam	+?

kenlanganeng	+?

awavaghllagnaniimalghiik	+?

------------------------


	

------------------------
Qamagtuq.

qamagtuq	qamagte[V][Ind][3Sg]

------------------------
Tefaay.

tefaay	+?

------------------------
