Nunameng Uzivikaq Paallghunkuk Ama Qetngalleghyankuk

﻿nunameng	+?

uzivikaq	+?

paallghunkuk	+?

ama	ama

qetngalleghyankuk	+?

------------------------


	

------------------------
Iimnanguq, kiyaghsimaaq kumak umiilek qamarilakayuk. (1)

iimnanguq	+?

kiyaghsimaaq	kiyaghte-@₁~:(i/u)ma[to.have.V-ed][to.have.been.V-ed][V→V]-~faagh[one.who.keeps.on.V-ing][AUG]
kiyaghsimaaq	kiyaghte-@₁~:(i/u)ma[to.have.V-ed][to.have.been.V-ed][V→V][V][Ind][3Sg]

kumak	+?

umiilek	+?

qamarilakayuk	+?

1	+?

------------------------
Ilangani kiigem kumagem nunalgutni pimakangi paallghunkut, qetngalleghyankut apayepayiighenkut ama melngunkut.

ilangani	ila[N][Loc][3SgPoss][SgPosd]
ilangani	ila[N][Loc][3SgPoss][PlPosd]
ilangani	ilangani

kiigem	kiig[N][Rel][Unpd][Sg]

kumagem	+?

nunalgutni	nuna-–leg[one.having.N][N→N]-~:(ng₁)u[to.be.N][N→V]-~:(u)te[to.V.for.or.with][to.cause.to.V.as.one.is.V-ing][to.V.toward.each.other][V→V]-te[to.act.on.so.as.to.cause.to.V][V→V]-te[to.act.on.so.as.to.cause.to.V][V→V]-te[to.act.on.so.as.to.cause.to.V][V→V]-te[to.act.on.so.as.to.cause.to.V][V→V]-@₁~fni[to.say.that.one.is.V-ing][Cmpd_Vbl][V][Opt][PRS][2Sg]
nunalgutni	nuna-–leg[one.having.N][N→N]-~:(ng₁)u[to.be.N][N→V]-~:(u)te[condition.with.respect.to.V-ing][V→N]-te[to.catch.N][to.go.to.N][N→V]-te[to.act.on.so.as.to.cause.to.V][V→V]-te[to.act.on.so.as.to.cause.to.V][V→V]-te[to.act.on.so.as.to.cause.to.V][V→V]-@₁~fni[to.say.that.one.is.V-ing][Cmpd_Vbl][V][Opt][PRS][2Sg]
nunalgutni	nuna-–leg[one.having.N][N→N]-~:(ng₁)u[to.be.N][N→V]-~:(u)te[condition.with.respect.to.V-ing][V→N][N][Loc][Unpd][Pl]
nunalgutni	nuna-–leg[one.having.N][N→N]-~:(ng₁)u[to.be.N][N→V]-~:(u)te[SBJ.V-ed.something][V→V]-te[to.act.on.so.as.to.cause.to.V][V→V]-te[to.act.on.so.as.to.cause.to.V][V→V]-te[to.act.on.so.as.to.cause.to.V][V→V]-te[to.act.on.so.as.to.cause.to.V][V→V]-@₁~fni[to.say.that.one.is.V-ing][Cmpd_Vbl][V][Opt][PRS][2Sg]
nunalgutni	nuna-–leg[one.having.N][N→N]-~:(ng₁)u[to.be.N][N→V]-te[to.act.on.so.as.to.cause.to.V][V→V]-te[to.act.on.so.as.to.cause.to.V][V→V]-te[to.act.on.so.as.to.cause.to.V][V→V]-te[to.act.on.so.as.to.cause.to.V][V→V]-@₁~fni[to.say.that.one.is.V-ing][Cmpd_Vbl][V][Opt][PRS][2Sg]
nunalgutni	nuna-–lgu[to.have.N][N→V]-~:(u)te[to.V.for.or.with][to.cause.to.V.as.one.is.V-ing][to.V.toward.each.other][V→V]-te[to.act.on.so.as.to.cause.to.V][V→V]-te[to.act.on.so.as.to.cause.to.V][V→V]-te[to.act.on.so.as.to.cause.to.V][V→V]-@₁~fni[to.say.that.one.is.V-ing][Cmpd_Vbl][V][Opt][PRS][2Sg]
nunalgutni	nuna-–lgu[to.have.N][N→V]-~:(u)te[condition.with.respect.to.V-ing][V→N]-te[to.catch.N][to.go.to.N][N→V]-te[to.act.on.so.as.to.cause.to.V][V→V]-te[to.act.on.so.as.to.cause.to.V][V→V]-@₁~fni[to.say.that.one.is.V-ing][Cmpd_Vbl][V][Opt][PRS][2Sg]
nunalgutni	nuna-–lgu[to.have.N][N→V]-~:(u)te[condition.with.respect.to.V-ing][V→N][N][Loc][Unpd][Pl]
nunalgutni	nuna-–lgu[to.have.N][N→V]-~:(u)te[SBJ.V-ed.something][V→V]-te[to.act.on.so.as.to.cause.to.V][V→V]-te[to.act.on.so.as.to.cause.to.V][V→V]-te[to.act.on.so.as.to.cause.to.V][V→V]-@₁~fni[to.say.that.one.is.V-ing][Cmpd_Vbl][V][Opt][PRS][2Sg]
nunalgutni	nuna-–lgu[to.have.N][N→V]-te[to.act.on.so.as.to.cause.to.V][V→V]-te[to.act.on.so.as.to.cause.to.V][V→V]-te[to.act.on.so.as.to.cause.to.V][V→V]-@₁~fni[to.say.that.one.is.V-ing][Cmpd_Vbl][V][Opt][PRS][2Sg]

pimakangi	pi-@₁~:(i/u)ma[to.have.V-ed][to.have.been.V-ed][V→V]-@*@₂~sf–(g₂)k(a)e[the.one.that.possessor.V-ed][V→N][N][Abs][3SgPoss][PlPosd]
pimakangi	pi-@₁~:(i/u)ma[to.have.V-ed][to.have.been.V-ed][V→V][V][Ptcp][3Sg][3Pl]

paallghunkut	+?

qetngalleghyankut	+?

apayepayiighenkut	apayepayiigh-~sf-w:(e)nkut[N.and.company.or.family][N→N][N][Abs][Unpd][Sg]

ama	ama

melngunkut	+?

------------------------
Pimakangi, "Qamarilanaqunga!

pimakangi	pi-@₁~:(i/u)ma[to.have.V-ed][to.have.been.V-ed][V→V]-@*@₂~sf–(g₂)k(a)e[the.one.that.possessor.V-ed][V→N][N][Abs][3SgPoss][PlPosd]
pimakangi	pi-@₁~:(i/u)ma[to.have.V-ed][to.have.been.V-ed][V→V][V][Ptcp][3Sg][3Pl]

qamarilanaqunga	+?

------------------------
Qemgughutek!"

qemgughutek	+?

------------------------
Llaaghanwha aglaghtuusimalghiit kumagem mengteghaan saaghwanun.

llaaghanwha	+?

aglaghtuusimalghiit	+?

kumagem	+?

mengteghaan	+?

saaghwanun	saaghw[N][Ter][3SgPoss][SgPosd]
saaghwanun	saaghw[N][Ter][3SgPoss][PlPosd]

------------------------


	

------------------------
Taagken qamarilam ayaviigha kingutalek napaghsimakanga.

taagken	taagken

qamarilam	+?

ayaviigha	ayaviigh[N][Abs][3SgPoss][SgPosd]

kingutalek	+?

napaghsimakanga	+?

------------------------
Kumagem pimakangi, "Elpetek qetngalleghyaqlu paallghullu nuna uziviteggu.

kumagem	+?

pimakangi	pi-@₁~:(i/u)ma[to.have.V-ed][to.have.been.V-ed][V→V]-@*@₂~sf–(g₂)k(a)e[the.one.that.possessor.V-ed][V→N][N][Abs][3SgPoss][PlPosd]
pimakangi	pi-@₁~:(i/u)ma[to.have.V-ed][to.have.been.V-ed][V→V][V][Ptcp][3Sg][3Pl]

elpetek	elpetek

qetngalleghyaqlu	+?

paallghullu	+?

nuna	nuna[N][Abs][Unpd][Sg]

uziviteggu	+?

------------------------
Elpetek melngullu apayepayiiqlu naayghaq uziviteggu!"

elpetek	elpetek

melngullu	+?

apayepayiiqlu	apayepayiigh[N][Abs][Unpd][Sg]-llu[Encl]

naayghaq	naayghagh[N][Abs][Unpd][Sg]

uziviteggu	+?

------------------------


	

------------------------
Llaaghanwha aga kilgaquusimalghiik qetngalleghyankuk paallghunkuk.

llaaghanwha	+?

aga	aga

kilgaquusimalghiik	+?

qetngalleghyankuk	+?

paallghunkuk	+?

------------------------
Pengughqameng talughsamek meghnaalimalghiik.

pengughqameng	+?

talughsamek	+?

meghnaalimalghiik	+?

------------------------
Meghnaaliyamek taana pengughqaq uzivluku tagimalghiik.

meghnaaliyamek	+?

taana	taana

pengughqaq	+?

uzivluku	+?

tagimalghiik	tagi-@₁~:(i/u)ma[to.have.V-ed][to.have.been.V-ed][V→V]-@₁–lghii[the.one.that.V-ed][the.one.that.is.V][V→N][N][Abs][Unpd][Du]
tagimalghiik	tagi-@₁~:(i/u)ma[to.have.V-ed][to.have.been.V-ed][V→V]-@₁–lghii[the.one.that.V-ed][the.one.that.is.V][V→N][N][Rel][Unpd][Du]
tagimalghiik	tagi-@₁~:(i/u)ma[to.have.V-ed][to.have.been.V-ed][V→V][V][Ptcp][3Du]

------------------------
Legan kaasamek aneghsimalghiik pekaghniqutek.

legan	legan

kaasamek	kaate[V][CnsqI][4Du]

aneghsimalghiik	+?

pekaghniqutek	+?

------------------------
Apayepayiighenkuk melngunkuk uzivumakangat naayghaq.

apayepayiighenkuk	apayepayiigh-~sf-w:(e)nkuk[N.and.partner.or.spouse][N→N][N][Abs][Unpd][Sg]

melngunkuk	+?

uzivumakangat	+?

naayghaq	naayghagh[N][Abs][Unpd][Sg]

------------------------
Qesiqun paallghunkuk qetngalleghyankuk uyghalqusighhaq uzivumakangat.

qesiqun	+?

paallghunkuk	+?

qetngalleghyankuk	+?

uyghalqusighhaq	+?

uzivumakangat	+?

------------------------
Ama apayepayiighenkuk melngunkuk uzivumakangat uyghagrukutaaghllak.

ama	ama

apayepayiighenkuk	apayepayiigh-~sf-w:(e)nkuk[N.and.partner.or.spouse][N→N][N][Abs][Unpd][Sg]

melngunkuk	+?

uzivumakangat	+?

uyghagrukutaaghllak	+?

------------------------


	

------------------------
Llaaghanwha kumagem paallghu tuunumakanga avaqutami atkuganeng qatelghiimeng, enraq qetngalleghyaq tuunumakanga ayaviighmeng.

llaaghanwha	+?

kumagem	+?

paallghu	+?

tuunumakanga	tuune-@₁~:(i/u)ma[to.have.V-ed][to.have.been.V-ed][V→V]-@*@₂~sf–(g₂)k(a)e[the.one.that.possessor.V-ed][V→N][N][Abs][3SgPoss][SgPosd]
tuunumakanga	tuune-@₁~:(i/u)ma[to.have.V-ed][to.have.been.V-ed][V→V][V][Ptcp][3Sg][3Sg]
tuunumakanga	tuune-@₁~:(i/u)ma[to.have.V-ed][to.have.been.V-ed][V→V][V][Cond][3Sg][1Sg]

avaqutami	avaqutagh[N][Loc][Unpd][Sg]
avaqutami	avaqutagh[N][Rel][4SgPoss][SgPosd]
avaqutami	avaqutagh[N][Rel][4SgPoss][PlPosd]

atkuganeng	atkug[N][Abl_Mod][3SgPoss][SgPosd]
atkuganeng	atkug[N][Abl_Mod][3SgPoss][PlPosd]

qatelghiimeng	+?

enraq	+?

qetngalleghyaq	+?

tuunumakanga	tuune-@₁~:(i/u)ma[to.have.V-ed][to.have.been.V-ed][V→V]-@*@₂~sf–(g₂)k(a)e[the.one.that.possessor.V-ed][V→N][N][Abs][3SgPoss][SgPosd]
tuunumakanga	tuune-@₁~:(i/u)ma[to.have.V-ed][to.have.been.V-ed][V→V][V][Ptcp][3Sg][3Sg]
tuunumakanga	tuune-@₁~:(i/u)ma[to.have.V-ed][to.have.been.V-ed][V→V][V][Cond][3Sg][1Sg]

ayaviighmeng	ayaviigh[N][Rel][4DuPoss][SgPosd]
ayaviighmeng	ayaviigh[N][Rel][4DuPoss][PlPosd]
ayaviighmeng	ayaviigh[N][Rel][4PlPoss][SgPosd]
ayaviighmeng	ayaviigh[N][Rel][4PlPoss][PlPosd]
ayaviighmeng	ayaviigh[N][Abl_Mod][Unpd][Sg]

------------------------
Apayepayiiq tuunumakanga negaghpagmeng enraq melngu aghyuughumakanga sumeghneqluku.

apayepayiiq	apayepayiigh[N][Abs][Unpd][Sg]

tuunumakanga	tuune-@₁~:(i/u)ma[to.have.V-ed][to.have.been.V-ed][V→V]-@*@₂~sf–(g₂)k(a)e[the.one.that.possessor.V-ed][V→N][N][Abs][3SgPoss][SgPosd]
tuunumakanga	tuune-@₁~:(i/u)ma[to.have.V-ed][to.have.been.V-ed][V→V][V][Ptcp][3Sg][3Sg]
tuunumakanga	tuune-@₁~:(i/u)ma[to.have.V-ed][to.have.been.V-ed][V→V][V][Cond][3Sg][1Sg]

negaghpagmeng	+?

enraq	+?

melngu	+?

aghyuughumakanga	aghyuugh-@₁~:(i/u)ma[to.have.V-ed][to.have.been.V-ed][V→V]-@*@₂~sf–(g₂)k(a)e[the.one.that.possessor.V-ed][V→N][N][Abs][3SgPoss][SgPosd]
aghyuughumakanga	aghyuugh-@₁~:(i/u)ma[to.have.V-ed][to.have.been.V-ed][V→V][V][Ptcp][3Sg][3Sg]
aghyuughumakanga	aghyuugh-@₁~:(i/u)ma[to.have.V-ed][to.have.been.V-ed][V→V][V][Cond][3Sg][1Sg]

sumeghneqluku	+?

------------------------
Ellnga kumak aklungimsuggiighusimalghii.

ellnga	ellnga

kumak	+?

aklungimsuggiighusimalghii	+?

------------------------


	

------------------------
Qamagtuq.

qamagtuq	qamagte[V][Ind][3Sg]

------------------------


	

------------------------
(1) Qamarilat tamaakut ayumiim ceremonyngi yuget kiyang nanevgaat igleghutaqegkangit, mekelghiighet kayaalqiiraghtestaaqegkangit, kayaalqiilghiit sameng sanqutraaghmeng tuunaqegkangit.

1	+?

qamarilat	+?

tamaakut	+?

ayumiim	+?

ceremonyngi	+?

yuget	yug[N][Abs][Unpd][Pl]
yuget	yug[N][Rel][Unpd][Pl]

kiyang	+?

nanevgaat	+?

igleghutaqegkangit	+?

mekelghiighet	mekelghiigh[N][Abs][Unpd][Pl]
mekelghiighet	mekelghiigh[N][Rel][Unpd][Pl]

kayaalqiiraghtestaaqegkangit	+?

kayaalqiilghiit	+?

sameng	sa[N][Rel][4DuPoss][SgPosd]
sameng	sa[N][Rel][4DuPoss][PlPosd]
sameng	sa[N][Rel][4PlPoss][SgPosd]
sameng	sa[N][Rel][4PlPoss][PlPosd]
sameng	sa[N][Abl_Mod][Unpd][Sg]
sameng	sameng

sanqutraaghmeng	+?

tuunaqegkangit	tuune-~(g₁)aqe[to.be.V.ing][to.regularly.or.repeatedly.V][V→V]-@*@₂~sf–(g₂)k(a)e[the.one.that.possessor.V-ed][V→N][N][Abs][3PlPoss][PlPosd]
tuunaqegkangit	tuune-~(g₁)aqe[to.be.V.ing][to.regularly.or.repeatedly.V][V→V][V][Ptcp][3Du][3Sg]
tuunaqegkangit	tuune-~(g₁)aqe[to.be.V.ing][to.regularly.or.repeatedly.V][V→V][V][Ptcp][3Pl][3Pl]

------------------------
Avaalagem pillghani katam Fourth of Julyelghiistun ayuqsaghtut.

avaalagem	+?

pillghani	+?

katam	+?

fourth	+?

of	+?

julyelghiistun	+?

ayuqsaghtut	+?

------------------------
