Tungtughllak Enkaam Kavengenghaghhaq

﻿tungtughllak	+?

enkaam	enkaam

kavengenghaghhaq	+?

------------------------


	

------------------------
Iimnanguq, tungtughllak esnamun piyaamalghii.

iimnanguq	+?

tungtughllak	tungtu-–ghllag[big.N][N→N][N][Abs][Unpd][Sg]

esnamun	esnagh[N][Ter][Unpd][Sg]

piyaamalghii	pi-@₁~fyagh[to.go.V-ing][to.V.in.vain][V→V]-@₁~:(i/u)ma[to.have.V-ed][to.have.been.V-ed][V→V]-@₁–lghii[the.one.that.V-ed][the.one.that.is.V][V→N][N][Abs][Unpd][Sg]
piyaamalghii	pi-@₁~fyagh[to.go.V-ing][to.V.in.vain][V→V]-@₁~:(i/u)ma[to.have.V-ed][to.have.been.V-ed][V→V][V][Ptcp][3Sg]
piyaamalghii	pi-~:(u)te[to.V.for.or.with][to.cause.to.V.as.one.is.V-ing][to.V.toward.each.other][V→V]-@₁~fyagh[to.go.V-ing][to.V.in.vain][V→V]-@₁~:(i/u)ma[to.have.V-ed][to.have.been.V-ed][V→V]-@₁–lghii[the.one.that.V-ed][the.one.that.is.V][V→N][N][Abs][Unpd][Sg]
piyaamalghii	pi-~:(u)te[to.V.for.or.with][to.cause.to.V.as.one.is.V-ing][to.V.toward.each.other][V→V]-@₁~fyagh[to.go.V-ing][to.V.in.vain][V→V]-@₁~:(i/u)ma[to.have.V-ed][to.have.been.V-ed][V→V][V][Ptcp][3Sg]
piyaamalghii	pi-~:(u)te[SBJ.V-ed.something][V→V]-@₁~fyagh[to.go.V-ing][to.V.in.vain][V→V]-@₁~:(i/u)ma[to.have.V-ed][to.have.been.V-ed][V→V]-@₁–lghii[the.one.that.V-ed][the.one.that.is.V][V→N][N][Abs][Unpd][Sg]
piyaamalghii	pi-~:(u)te[SBJ.V-ed.something][V→V]-@₁~fyagh[to.go.V-ing][to.V.in.vain][V→V]-@₁~:(i/u)ma[to.have.V-ed][to.have.been.V-ed][V→V][V][Ptcp][3Sg]
piyaamalghii	piyaa-@₁~:(i/u)ma[to.have.V-ed][to.have.been.V-ed][V→V]-@₁–lghii[the.one.that.V-ed][the.one.that.is.V][V→N][N][Abs][Unpd][Sg]
piyaamalghii	piyaa-@₁~:(i/u)ma[to.have.V-ed][to.have.been.V-ed][V→V][V][Ptcp][3Sg]

------------------------
Esghaamakanga kayengenghaghhaq.

esghaamakanga	esghagh-@₁~:(i/u)ma[to.have.V-ed][to.have.been.V-ed][V→V]-@*@₂~sf–(g₂)k(a)e[the.one.that.possessor.V-ed][V→N][N][Abs][3SgPoss][SgPosd]
esghaamakanga	esghagh-@₁~:(i/u)ma[to.have.V-ed][to.have.been.V-ed][V→V][V][Ptcp][3Sg][3Sg]
esghaamakanga	esghagh-@₁~:(i/u)ma[to.have.V-ed][to.have.been.V-ed][V→V][V][Cond][3Sg][1Sg]

kayengenghaghhaq	+?

------------------------
Kayengenghaghhaamaghivamakanga, "Tungtu paagna aqsavalluq, tungtu paagna sighuneghpalluq, ighukek amestaghhaak, tallikek amestaghhaak."

kayengenghaghhaamaghivamakanga	+?

tungtu	tungtu[N][Abs][Unpd][Sg]

paagna	paagna

aqsavalluq	+?

tungtu	tungtu[N][Abs][Unpd][Sg]

paagna	paagna

sighuneghpalluq	+?

ighukek	+?

amestaghhaak	+?

tallikek	talligh[N][Abs][3SgPoss][DuPosd]

amestaghhaak	+?

------------------------


	

------------------------
Tungtughllagem pimakanga, "Kayengenghaghhaay, kayengenghaaghhaay ukapighqaaghi!

tungtughllagem	tungtu-–ghllag[big.N][N→N][N][Rel][Unpd][Sg]

pimakanga	pi-@₁~:(i/u)ma[to.have.V-ed][to.have.been.V-ed][V→V]-@*@₂~sf–(g₂)k(a)e[the.one.that.possessor.V-ed][V→N][N][Abs][3SgPoss][SgPosd]
pimakanga	pi-@₁~:(i/u)ma[to.have.V-ed][to.have.been.V-ed][V→V][V][Ptcp][3Sg][3Sg]
pimakanga	pi-@₁~:(i/u)ma[to.have.V-ed][to.have.been.V-ed][V→V][V][Cond][3Sg][1Sg]

kayengenghaghhaay	+?

kayengenghaaghhaay	+?

ukapighqaaghi	+?

------------------------
Whanga nagaqunghitunga."

whanga	whanga

nagaqunghitunga	nagate-@₁qugh[to.V.completely]-@₁–nghite**[to.not.V][V→V][V][Ind][1Sg]

------------------------
Kayengeghaghhaq ukapighqaaghumalghii.

kayengeghaghhaq	+?

ukapighqaaghumalghii	+?

------------------------
Tungtughllagem ipugaghsimakanga sighuneghmineng enkaam eglleghsimakanga esnamun.

tungtughllagem	tungtu-–ghllag[big.N][N→N][N][Rel][Unpd][Sg]

ipugaghsimakanga	+?

sighuneghmineng	+?

enkaam	enkaam

eglleghsimakanga	+?

esnamun	esnagh[N][Ter][Unpd][Sg]

------------------------
Kayengenghaghhaq araamalghii, "Uvinka tukrugtaa, papasquqa tukrugtaa, qaanqa tukrugtaa, metengtanka tukrugtii!"

kayengenghaghhaq	+?

araamalghii	+?

uvinka	+?

tukrugtaa	+?

papasquqa	papa-–squgh[little.N][small.N][N→N]-~–ke[to.have.as.one's.N(s)][N→V][V][Intrg][3Sg]
papasquqa	papa-–squgh[little.N][small.N][N→N][N][Abs][1SgPoss][SgPosd]

tukrugtaa	+?

qaanqa	qanegh-~–ke[to.have.as.one's.N(s)][N→V][V][Intrg][3Sg]
qaanqa	qanegh[N][Abs][1SgPoss][SgPosd]

tukrugtaa	+?

metengtanka	+?

tukrugtii	+?

------------------------


	

------------------------
Itagnatun tungtughllagem kayengenghaghhaq meghmun ateghsimakanga.

itagnatun	+?

tungtughllagem	tungtu-–ghllag[big.N][N→N][N][Rel][Unpd][Sg]

kayengenghaghhaq	+?

meghmun	megh[N][Ter][Unpd][Sg]

ateghsimakanga	ategh-te[to.catch.N][to.go.to.N][N→V]-@₁~:(i/u)ma[to.have.V-ed][to.have.been.V-ed][V→V]-@*@₂~sf–(g₂)k(a)e[the.one.that.possessor.V-ed][V→N][N][Abs][3SgPoss][SgPosd]

------------------------
Kayengenghaghhaam tungtughllak aghivalaataghaa, "Tungtu paagna aqsavalluq, tungtu paagna sighuneghpalluq, ighukek amestaghhaak, tallikek amestaghhaak."

kayengenghaghhaam	+?

tungtughllak	tungtu-–ghllag[big.N][N→N][N][Abs][Unpd][Sg]

aghivalaataghaa	+?

tungtu	tungtu[N][Abs][Unpd][Sg]

paagna	paagna

aqsavalluq	+?

tungtu	tungtu[N][Abs][Unpd][Sg]

paagna	paagna

sighuneghpalluq	+?

ighukek	+?

amestaghhaak	+?

tallikek	talligh[N][Abs][3SgPoss][DuPosd]

amestaghhaak	+?

------------------------
Tungtughllagem pilataghaa, "Kayengenghaghhaay, kayengenghaaghhaay ukapighqaaghi!

tungtughllagem	tungtu-–ghllag[big.N][N→N][N][Rel][Unpd][Sg]

pilataghaa	+?

kayengenghaghhaay	+?

kayengenghaaghhaay	+?

ukapighqaaghi	+?

------------------------
Whanga nagaqunghitunga."

whanga	whanga

nagaqunghitunga	nagate-@₁qugh[to.V.completely]-@₁–nghite**[to.not.V][V→V][V][Ind][1Sg]

------------------------
Kayengeghaghhaq ukapighqaaghumalghii.

kayengeghaghhaq	+?

ukapighqaaghumalghii	+?

------------------------
Tungtughllagem ipugaghsimakanga sighuneghmineng enkaam eglleghsimakanga esnamun.

tungtughllagem	tungtu-–ghllag[big.N][N→N][N][Rel][Unpd][Sg]

ipugaghsimakanga	+?

sighuneghmineng	+?

enkaam	enkaam

eglleghsimakanga	+?

esnamun	esnagh[N][Ter][Unpd][Sg]

------------------------
Kayengenghaghhaq araghlaataamalghii, "Uvinka tukrugtaa, papasquqa tukrugtaa qaanqa tukrugtaa, metengtanka tukrugtii!"

kayengenghaghhaq	+?

araghlaataamalghii	+?

uvinka	+?

tukrugtaa	+?

papasquqa	papa-–squgh[little.N][small.N][N→N]-~–ke[to.have.as.one's.N(s)][N→V][V][Intrg][3Sg]
papasquqa	papa-–squgh[little.N][small.N][N→N][N][Abs][1SgPoss][SgPosd]

tukrugtaa	+?

qaanqa	qanegh-~–ke[to.have.as.one's.N(s)][N→V][V][Intrg][3Sg]
qaanqa	qanegh[N][Abs][1SgPoss][SgPosd]

tukrugtaa	+?

metengtanka	+?

tukrugtii	+?

------------------------


	

------------------------
Tuqumalghii tukruughqwaayaqenni.

tuqumalghii	tuqu-@₁~:(i/u)ma[to.have.V-ed][to.have.been.V-ed][V→V]-@₁–lghii[the.one.that.V-ed][the.one.that.is.V][V→N][N][Abs][Unpd][Sg]
tuqumalghii	tuqu-@₁~:(i/u)ma[to.have.V-ed][to.have.been.V-ed][V→V][V][Ptcp][3Sg]

tukruughqwaayaqenni	+?

------------------------
Tukruughq waayan tungtughllagem neghumakanga.

tukruughq	+?

waayan	+?

tungtughllagem	tungtu-–ghllag[big.N][N→N][N][Rel][Unpd][Sg]

neghumakanga	negh-@₁~:(i/u)ma[to.have.V-ed][to.have.been.V-ed][V→V]-@*@₂~sf–(g₂)k(a)e[the.one.that.possessor.V-ed][V→N][N][Abs][3SgPoss][SgPosd]
neghumakanga	negh-@₁~:(i/u)ma[to.have.V-ed][to.have.been.V-ed][V→V][V][Ptcp][3Sg][3Sg]
neghumakanga	negh-@₁~:(i/u)ma[to.have.V-ed][to.have.been.V-ed][V→V][V][Cond][3Sg][1Sg]
neghumakanga	neghe-@₁~:(i/u)ma[to.have.V-ed][to.have.been.V-ed][V→V]-@*@₂~sf–(g₂)k(a)e[the.one.that.possessor.V-ed][V→N][N][Abs][3SgPoss][SgPosd]
neghumakanga	neghe-@₁~:(i/u)ma[to.have.V-ed][to.have.been.V-ed][V→V][V][Ptcp][3Sg][3Sg]
neghumakanga	neghe-@₁~:(i/u)ma[to.have.V-ed][to.have.been.V-ed][V→V][V][Cond][3Sg][1Sg]

------------------------
Tungtughllak pimalghii, "Kayengenghaghhaq taana neqnirkapiggaq."

tungtughllak	tungtu-–ghllag[big.N][N→N][N][Abs][Unpd][Sg]

pimalghii	pi-@₁~:(i/u)ma[to.have.V-ed][to.have.been.V-ed][V→V]-@₁–lghii[the.one.that.V-ed][the.one.that.is.V][V→N][N][Abs][Unpd][Sg]
pimalghii	pi-@₁~:(i/u)ma[to.have.V-ed][to.have.been.V-ed][V→V][V][Ptcp][3Sg]

kayengenghaghhaq	+?

taana	taana

neqnirkapiggaq	+?

------------------------


	

------------------------
Qamagtuq.

qamagtuq	qamagte[V][Ind][3Sg]

------------------------
Tefaay.

tefaay	+?

------------------------
