Talaka

﻿talaka	+?

------------------------


	

------------------------
Iiwleng yaywaalengiighhaq mekelghiighhaq quunpeng tukiita neghesigalkangat.

iiwleng	+?

yaywaalengiighhaq	+?

mekelghiighhaq	mekelghiigh-–ghhagh*[dear.N][N→N][N][Abs][Unpd][Sg]

quunpeng	quunpeng

tukiita	tukugh*-~:(ng₁)u[to.be.N][N→V]-~i[SBJ.V-ed.something][V→V]-~i[SBJ.V-ed.something][V→V]-~i[SBJ.V-ed.something][V→V]-~i[SBJ.V-ed.something][V→V]-~i[SBJ.V-ed.something][V→V]-~:(u)te[condition.with.respect.to.V-ing][V→N][N][Abs][Unpd][Sg]
tukiita	tukugh*-~:(ng₁)u[to.be.N][N→V]-~i[SBJ.V-ed.something][V→V]-~i[SBJ.V-ed.something][V→V]-~i[SBJ.V-ed.something][V→V]-~i[SBJ.V-ed.something][V→V]-~i[SBJ.V-ed.something][V→V]-~:(u)ta[condition.with.respect.to.V-ing][V→N][N][Abs][Unpd][Sg]
tukiita	tukugh*-~:(ng₁)u[to.be.N][N→V]-~i[SBJ.V-ed.something][V→V]-~i[SBJ.V-ed.something][V→V]-~i[SBJ.V-ed.something][V→V]-~i[SBJ.V-ed.something][V→V]-~i[SBJ.V-ed.something][V→V]-te[to.act.on.so.as.to.cause.to.V][V→V][V][Intrg][3Sg]
tukiita	tukugh*-~:(ng₁)u[to.be.N][N→V]-~i[SBJ.V-ed.something][V→V]-~i[SBJ.V-ed.something][V→V]-~i[SBJ.V-ed.something][V→V]-~i[SBJ.V-ed.something][V→V]-~:(u)te[to.V.for.or.with][to.cause.to.V.as.one.is.V-ing][to.V.toward.each.other][V→V][V][Intrg][3Sg]
tukiita	tukugh*-~:(ng₁)u[to.be.N][N→V]-~i[SBJ.V-ed.something][V→V]-~i[SBJ.V-ed.something][V→V]-~i[SBJ.V-ed.something][V→V]-~i[SBJ.V-ed.something][V→V]-~:(u)te[SBJ.V-ed.something][V→V][V][Intrg][3Sg]
tukiita	tukugh*-~:(ng₁)u[to.be.N][N→V]-~i[SBJ.V-ed.something][V→V]-~i[SBJ.V-ed.something][V→V]-~i[SBJ.V-ed.something][V→V]-~i[SBJ.V-ed.something][V→V]-~:(u)te[condition.with.respect.to.V-ing][V→N][N][Abs][Unpd][Sg]
tukiita	tukugh*-~:(ng₁)u[to.be.N][N→V]-~i[SBJ.V-ed.something][V→V]-~i[SBJ.V-ed.something][V→V]-~i[SBJ.V-ed.something][V→V]-~i[SBJ.V-ed.something][V→V]-~:(u)ta[condition.with.respect.to.V-ing][V→N][N][Abs][Unpd][Sg]
tukiita	tukugh*-~:(ng₁)u[to.be.N][N→V]-~i[SBJ.V-ed.something][V→V]-~i[SBJ.V-ed.something][V→V]-~i[SBJ.V-ed.something][V→V]-~i[SBJ.V-ed.something][V→V]-te[to.act.on.so.as.to.cause.to.V][V→V][V][Intrg][3Sg]
tukiita	tukugh*-~:(ng₁)u[to.be.N][N→V]-~i[SBJ.V-ed.something][V→V]-~i[SBJ.V-ed.something][V→V]-~i[SBJ.V-ed.something][V→V]-~:(u)te[to.V.for.or.with][to.cause.to.V.as.one.is.V-ing][to.V.toward.each.other][V→V][V][Intrg][3Sg]
tukiita	tukugh*-~:(ng₁)u[to.be.N][N→V]-~i[SBJ.V-ed.something][V→V]-~i[SBJ.V-ed.something][V→V]-~i[SBJ.V-ed.something][V→V]-~:(u)te[SBJ.V-ed.something][V→V][V][Intrg][3Sg]
tukiita	tukugh*-~:(ng₁)u[to.be.N][N→V]-~i[SBJ.V-ed.something][V→V]-~i[SBJ.V-ed.something][V→V]-~i[SBJ.V-ed.something][V→V]-~:(u)te[condition.with.respect.to.V-ing][V→N][N][Abs][Unpd][Sg]
tukiita	tukugh*-~:(ng₁)u[to.be.N][N→V]-~i[SBJ.V-ed.something][V→V]-~i[SBJ.V-ed.something][V→V]-~i[SBJ.V-ed.something][V→V]-~:(u)ta[condition.with.respect.to.V-ing][V→N][N][Abs][Unpd][Sg]
tukiita	tukugh*-~:(ng₁)u[to.be.N][N→V]-~i[SBJ.V-ed.something][V→V]-~i[SBJ.V-ed.something][V→V]-~i[SBJ.V-ed.something][V→V]-te[to.act.on.so.as.to.cause.to.V][V→V][V][Intrg][3Sg]
tukiita	tukugh*-~:(ng₁)u[to.be.N][N→V]-~i[SBJ.V-ed.something][V→V]-~i[SBJ.V-ed.something][V→V]-~:(u)te[to.V.for.or.with][to.cause.to.V.as.one.is.V-ing][to.V.toward.each.other][V→V][V][Intrg][3Sg]
tukiita	tukugh*-~:(ng₁)u[to.be.N][N→V]-~i[SBJ.V-ed.something][V→V]-~i[SBJ.V-ed.something][V→V]-~:(u)te[SBJ.V-ed.something][V→V][V][Intrg][3Sg]
tukiita	tukugh*-~:(ng₁)u[to.be.N][N→V]-~i[SBJ.V-ed.something][V→V]-~i[SBJ.V-ed.something][V→V]-~:(u)te[condition.with.respect.to.V-ing][V→N][N][Abs][Unpd][Sg]
tukiita	tukugh*-~:(ng₁)u[to.be.N][N→V]-~i[SBJ.V-ed.something][V→V]-~i[SBJ.V-ed.something][V→V]-~:(u)ta[condition.with.respect.to.V-ing][V→N][N][Abs][Unpd][Sg]
tukiita	tukugh*-~:(ng₁)u[to.be.N][N→V]-~i[SBJ.V-ed.something][V→V]-~i[SBJ.V-ed.something][V→V]-te[to.act.on.so.as.to.cause.to.V][V→V][V][Intrg][3Sg]
tukiita	tukugh*-~:(ng₁)u[to.be.N][N→V]-~i[SBJ.V-ed.something][V→V]-~:(u)te[to.V.for.or.with][to.cause.to.V.as.one.is.V-ing][to.V.toward.each.other][V→V][V][Intrg][3Sg]
tukiita	tukugh*-~:(ng₁)u[to.be.N][N→V]-~i[SBJ.V-ed.something][V→V]-~:(u)te[SBJ.V-ed.something][V→V][V][Intrg][3Sg]
tukiita	tukugh*-~:(ng₁)u[to.be.N][N→V]-~i[SBJ.V-ed.something][V→V]-~:(u)te[condition.with.respect.to.V-ing][V→N][N][Abs][Unpd][Sg]
tukiita	tukugh*-~:(ng₁)u[to.be.N][N→V]-~i[SBJ.V-ed.something][V→V]-~:(u)ta[condition.with.respect.to.V-ing][V→N][N][Abs][Unpd][Sg]
tukiita	tukugh*-~:(ng₁)u[to.be.N][N→V]-~i[SBJ.V-ed.something][V→V]-te[to.act.on.so.as.to.cause.to.V][V→V][V][Intrg][3Sg]
tukiita	tukugh*-~:(ng₁)ite**[to.lack.N][to.not.have.N][N→V][V][Intrg][3Sg]
tukiita	tukugh*[N][Rel][3DuPoss][SgPosd]
tukiita	tukugh*[N][Rel][3DuPoss][PlPosd]
tukiita	tukugh*[N][Rel][3PlPoss][SgPosd]
tukiita	tukugh*[N][Rel][3PlPoss][PlPosd]

neghesigalkangat	+?

------------------------
Quunpeng ilaakwaaghmini kiyang neghaqelghii.

quunpeng	quunpeng

ilaakwaaghmini	+?

kiyang	+?

neghaqelghii	negh-~(g₁)aqe[to.be.V.ing][to.regularly.or.repeatedly.V][V→V]-@₁–lghii[the.one.that.V-ed][the.one.that.is.V][V→N][N][Abs][Unpd][Sg]
neghaqelghii	negh-~(g₁)aqe[to.be.V.ing][to.regularly.or.repeatedly.V][V→V][V][Ptcp][3Sg]
neghaqelghii	neghe-~(g₁)aqe[to.be.V.ing][to.regularly.or.repeatedly.V][V→V]-@₁–lghii[the.one.that.V-ed][the.one.that.is.V][V→N][N][Abs][Unpd][Sg]
neghaqelghii	neghe-~(g₁)aqe[to.be.V.ing][to.regularly.or.repeatedly.V][V→V][V][Ptcp][3Sg]

------------------------
Palaseketaghhaghmeng neghaqelghii.

palaseketaghhaghmeng	+?

neghaqelghii	negh-~(g₁)aqe[to.be.V.ing][to.regularly.or.repeatedly.V][V→V]-@₁–lghii[the.one.that.V-ed][the.one.that.is.V][V→N][N][Abs][Unpd][Sg]
neghaqelghii	negh-~(g₁)aqe[to.be.V.ing][to.regularly.or.repeatedly.V][V→V][V][Ptcp][3Sg]
neghaqelghii	neghe-~(g₁)aqe[to.be.V.ing][to.regularly.or.repeatedly.V][V→V]-@₁–lghii[the.one.that.V-ed][the.one.that.is.V][V→N][N][Abs][Unpd][Sg]
neghaqelghii	neghe-~(g₁)aqe[to.be.V.ing][to.regularly.or.repeatedly.V][V→V][V][Ptcp][3Sg]

------------------------
Vuvallanaqeneghmeggni ilagiisqughaghaqsaqangat.

vuvallanaqeneghmeggni	+?

ilagiisqughaghaqsaqangat	+?

------------------------
Ighsaghwaaghaqelghii.

ighsaghwaaghaqelghii	+?

------------------------
Anagulghaqegkangat aghtuneghmegteggu.

anagulghaqegkangat	+?

aghtuneghmegteggu	aghtugh[V][Ctmp][4Pl][3Sg]

------------------------
Quunpeng yugem anaguleghtaagaqegkanga.

quunpeng	quunpeng

yugem	yug[N][Rel][Unpd][Sg]

anaguleghtaagaqegkanga	+?

------------------------


	

------------------------
Maaten ilangani uksumi emta tawaten vuvallanaqsata, whaa apeghiighsaghyata, ellngaanguq mekelghiiq unaghhaaneng an'giqaq an'giqaq an'giqaq.

maaten	+?

ilangani	ila[N][Loc][3SgPoss][SgPosd]
ilangani	ila[N][Loc][3SgPoss][PlPosd]
ilangani	ilangani

uksumi	+?

emta	+?

tawaten	tawaten

vuvallanaqsata	+?

whaa	+?

apeghiighsaghyata	apeghiigh-te[to.act.on.so.as.to.cause.to.V][V→V]-@₁~fyagh[to.go.V-ing][to.V.in.vain][V→V][V][CnsqI][3Pl]

ellngaanguq	+?

mekelghiiq	mekelghiigh[N][Abs][Unpd][Sg]

unaghhaaneng	+?

angiqaq	+?

angiqaq	+?

angiqaq	+?

------------------------
Unugtaaghllagaa.

unugtaaghllagaa	+?

------------------------
Qenwat mamleghqwaagaa.

qenwat	qenwat

mamleghqwaagaa	+?

------------------------
Pimakanga yugem, "Saaqsin tawani?"

pimakanga	pi-@₁~:(i/u)ma[to.have.V-ed][to.have.been.V-ed][V→V]-@*@₂~sf–(g₂)k(a)e[the.one.that.possessor.V-ed][V→N][N][Abs][3SgPoss][SgPosd]
pimakanga	pi-@₁~:(i/u)ma[to.have.V-ed][to.have.been.V-ed][V→V][V][Ptcp][3Sg][3Sg]
pimakanga	pi-@₁~:(i/u)ma[to.have.V-ed][to.have.been.V-ed][V→V][V][Cond][3Sg][1Sg]

yugem	yug[N][Rel][Unpd][Sg]

saaqsin	sa-~(g₁)aqe[to.be.V.ing][to.regularly.or.repeatedly.V][V→V][V][Intrg][2Sg]

tawani	tawani

------------------------
"Qayughllak tukuunka vuvallanaqaqut.

qayughllak	qayugh-–ghllag[big.N][N→N][N][Abs][Unpd][Sg]
qayughllak	qayugh-–ghllak[big.N][AUG]
qayughllak	qayughllak

tukuunka	tukugh*[N][Abs][1SgPoss][PlPosd]

vuvallanaqaqut	+?

------------------------
Enkaam iwhaniiqunga...

enkaam	enkaam

iwhaniiqunga	+?

------------------------
Kagtaghtaghwaaghaqunga.

kagtaghtaghwaaghaqunga	+?

------------------------
Ilagiisqughaaghaqsaqangatnga, aghtuneghmegtengnga anaguleghtaagaqegkangatnga."

ilagiisqughaaghaqsaqangatnga	+?

aghtuneghmegtengnga	aghtugh[V][Ctmp][4Pl][1Sg]

anaguleghtaagaqegkangatnga	+?

------------------------
"Aa-a, enkaam elpek Talakangulghiiten."

aaa	+?

enkaam	enkaam

elpek	elpek

talakangulghiiten	+?

------------------------
Kallagutkelluku ilagaghyalghiimi, "Talaka Talaka Talaka, ay!

kallagutkelluku	+?

ilagaghyalghiimi	ilagagh-@₁~fyagh[to.go.V-ing][to.V.in.vain][V→V]-@₁–lghii[the.one.that.V-ed][the.one.that.is.V][V→N][N][Loc][Unpd][Sg]
ilagaghyalghiimi	ilagagh-@₁~fyagh[to.go.V-ing][to.V.in.vain][V→V]-@₁–lghii[the.one.that.V-ed][the.one.that.is.V][V→N][N][Rel][4SgPoss][SgPosd]
ilagaghyalghiimi	ilagagh-@₁~fyagh[to.go.V-ing][to.V.in.vain][V→V]-@₁–lghii[the.one.that.V-ed][the.one.that.is.V][V→N][N][Rel][4SgPoss][PlPosd]
ilagaghyalghiimi	ilagagh[V][Ptcp_Obl][4Sg]

talaka	+?

talaka	+?

talaka	+?

ay	+?

------------------------
Talaka-Talaka-Talayaay!

talakatalakatalayaay	+?

------------------------
Saguyagka kallagutaghsamkekay!

saguyagka	+?

kallagutaghsamkekay	+?

------------------------
Mumeghhaqa anagutaghsamkunay!"

mumeghhaqa	+?

anagutaghsamkunay	+?

------------------------
Nuna mumeghmineng tenpeyaqenni quupaghteghllagaa.

nuna	nuna[N][Abs][Unpd][Sg]

mumeghmineng	+?

tenpeyaqenni	+?

quupaghteghllagaa	+?

------------------------
"Tawaten ílagaghhaaten!

tawaten	tawaten

ílagaghhaaten	+?

------------------------
Sivukluni amiigurat uugkuttenpenaketen mumeghpeneng.

sivukluni	+?

amiigurat	+?

uugkuttenpenaketen	+?

mumeghpeneng	+?

------------------------
Taaqegkuvek taakwavek aywaanun egkwaanun ima kaaten pinaaghtut.

taaqegkuvek	taaqe[V][Cond][2Sg]

taakwavek	+?

aywaanun	+?

egkwaanun	+?

ima	ima

kaaten	kaate[V][Opt][PRS][2Sg]

pinaaghtut	+?

------------------------
Amenam aglaa.

amenam	+?

aglaa	aglagh[V][Opt][PRS][2Sg]

------------------------
Tuulleqaaten."

tuulleqaaten	+?

------------------------


	

------------------------
Llaaghanwha mekelghiiq aglaamalghii.

llaaghanwha	+?

mekelghiiq	mekelghiigh[N][Abs][Unpd][Sg]

aglaamalghii	aglagh-@₁~:(i/u)ma[to.have.V-ed][to.have.been.V-ed][V→V]-@₁–lghii[the.one.that.V-ed][the.one.that.is.V][V→N][N][Abs][Unpd][Sg]
aglaamalghii	aglagh-@₁~:(i/u)ma[to.have.V-ed][to.have.been.V-ed][V→V][V][Ptcp][3Sg]

------------------------
Aglaghluninguq iteghyan piit, "Kiimnalleghiitaquten!

aglaghluninguq	+?

iteghyan	itegh[V][CnsqI][3Sg]

piit	pi[V][Intrg][3Pl]
piit	pi[V][Ind][3Du][3Sg]
piit	pi[V][Ind][3Pl][3Pl]
piit	pi[V][Ind][3Pl][3Sg]
piit	pi[V][Ind][3Pl]

kiimnalleghiitaquten	+?

------------------------
Naken pizin?"

naken	naken

pizin	pi[V][Intrg][2Sg]

------------------------
"An'gighaqunga."

angighaqunga	+?

------------------------
"Utaqaneghmeng aghtughluten qenwat neghutukut.

utaqaneghmeng	utaqa-@₁–negh[the.act.or.activity.of.V-ing][V→N][N][Rel][4DuPoss][SgPosd]
utaqaneghmeng	utaqa-@₁–negh[the.act.or.activity.of.V-ing][V→N][N][Rel][4DuPoss][PlPosd]
utaqaneghmeng	utaqa-@₁–negh[the.act.or.activity.of.V-ing][V→N][N][Rel][4PlPoss][SgPosd]
utaqaneghmeng	utaqa-@₁–negh[the.act.or.activity.of.V-ing][V→N][N][Rel][4PlPoss][PlPosd]
utaqaneghmeng	utaqa-@₁–negh[the.act.or.activity.of.V-ing][V→N][N][Abl_Mod][Unpd][Sg]
utaqaneghmeng	utaqa-~:(u)te[to.V.for.or.with][to.cause.to.V.as.one.is.V-ing][to.V.toward.each.other][V→V]-@₁–negh[the.act.or.activity.of.V-ing][V→N][N][Rel][4DuPoss][SgPosd]
utaqaneghmeng	utaqa-~:(u)te[to.V.for.or.with][to.cause.to.V.as.one.is.V-ing][to.V.toward.each.other][V→V]-@₁–negh[the.act.or.activity.of.V-ing][V→N][N][Rel][4DuPoss][PlPosd]
utaqaneghmeng	utaqa-~:(u)te[to.V.for.or.with][to.cause.to.V.as.one.is.V-ing][to.V.toward.each.other][V→V]-@₁–negh[the.act.or.activity.of.V-ing][V→N][N][Rel][4PlPoss][SgPosd]
utaqaneghmeng	utaqa-~:(u)te[to.V.for.or.with][to.cause.to.V.as.one.is.V-ing][to.V.toward.each.other][V→V]-@₁–negh[the.act.or.activity.of.V-ing][V→N][N][Rel][4PlPoss][PlPosd]
utaqaneghmeng	utaqa-~:(u)te[to.V.for.or.with][to.cause.to.V.as.one.is.V-ing][to.V.toward.each.other][V→V]-@₁–negh[the.act.or.activity.of.V-ing][V→N][N][Abl_Mod][Unpd][Sg]
utaqaneghmeng	utaqa-~:(u)te[SBJ.V-ed.something][V→V]-@₁–negh[the.act.or.activity.of.V-ing][V→N][N][Rel][4DuPoss][SgPosd]
utaqaneghmeng	utaqa-~:(u)te[SBJ.V-ed.something][V→V]-@₁–negh[the.act.or.activity.of.V-ing][V→N][N][Rel][4DuPoss][PlPosd]
utaqaneghmeng	utaqa-~:(u)te[SBJ.V-ed.something][V→V]-@₁–negh[the.act.or.activity.of.V-ing][V→N][N][Rel][4PlPoss][SgPosd]
utaqaneghmeng	utaqa-~:(u)te[SBJ.V-ed.something][V→V]-@₁–negh[the.act.or.activity.of.V-ing][V→N][N][Rel][4PlPoss][PlPosd]
utaqaneghmeng	utaqa-~:(u)te[SBJ.V-ed.something][V→V]-@₁–negh[the.act.or.activity.of.V-ing][V→N][N][Abl_Mod][Unpd][Sg]
utaqaneghmeng	utaqa-~:(u)te[SBJ.V-ed.something][V→V][V][Ctmp][4Pl]

aghtughluten	aghtugh[V][Sbrd][1Du][2Sg]
aghtughluten	aghtugh[V][Sbrd][1Pl][2Sg]
aghtughluten	aghtugh[V][Sbrd][1Sg][2Sg]
aghtughluten	aghtugh[V][Sbrd][2Sg]
aghtughluten	aghtugh[V][Sbrd][3Du][2Sg]
aghtughluten	aghtugh[V][Sbrd][3Pl][2Sg]
aghtughluten	aghtugh[V][Sbrd][3Sg][2Sg]

qenwat	qenwat

neghutukut	negh-~:(u)te[to.V.for.or.with][to.cause.to.V.as.one.is.V-ing][to.V.toward.each.other][V→V][V][Ind][1Pl]
neghutukut	negh-~:(u)te[SBJ.V-ed.something][V→V][V][Ind][1Pl]
neghutukut	neghe-~:(u)te[to.V.for.or.with][to.cause.to.V.as.one.is.V-ing][to.V.toward.each.other][V→V][V][Ind][1Pl]
neghutukut	neghe-~:(u)te[SBJ.V-ed.something][V→V][V][Ind][1Pl]

------------------------
Neghi!"

neghi	negh-~i[SBJ.V-ed.something][V→V][V][Opt][PRS][2Sg]
neghi	neghe-~i[SBJ.V-ed.something][V→V][V][Opt][PRS][2Sg]
neghi	neghe[V][Opt][PRS][2Sg]
neghi	negh[V][Opt][PRS][2Sg]

------------------------
Palaseketaghhaghmeng neghesluku taagken unulqusiq mekelghiiq qavaghpenani aghtesimakanga.

palaseketaghhaghmeng	+?

neghesluku	neghe-(te)ste[to.have.make.or.let.one.V][Cmpd_Vbl]-te[to.act.on.so.as.to.cause.to.V][V→V][V][Sbrd][1Du][3Sg]
neghesluku	neghe-(te)ste[to.have.make.or.let.one.V][Cmpd_Vbl]-te[to.act.on.so.as.to.cause.to.V][V→V][V][Sbrd][1Pl][3Sg]
neghesluku	neghe-(te)ste[to.have.make.or.let.one.V][Cmpd_Vbl]-te[to.act.on.so.as.to.cause.to.V][V→V][V][Sbrd][1Sg][3Sg]
neghesluku	neghe-(te)ste[to.have.make.or.let.one.V][Cmpd_Vbl]-te[to.act.on.so.as.to.cause.to.V][V→V][V][Sbrd][2Du][3Sg]
neghesluku	neghe-(te)ste[to.have.make.or.let.one.V][Cmpd_Vbl]-te[to.act.on.so.as.to.cause.to.V][V→V][V][Sbrd][2Pl][3Sg]
neghesluku	neghe-(te)ste[to.have.make.or.let.one.V][Cmpd_Vbl]-te[to.act.on.so.as.to.cause.to.V][V→V][V][Sbrd][2Sg][3Sg]
neghesluku	neghe-(te)ste[to.have.make.or.let.one.V][Cmpd_Vbl]-te[to.act.on.so.as.to.cause.to.V][V→V][V][Sbrd][3Du][3Sg]
neghesluku	neghe-(te)ste[to.have.make.or.let.one.V][Cmpd_Vbl]-te[to.act.on.so.as.to.cause.to.V][V→V][V][Sbrd][3Pl][3Sg]
neghesluku	neghe-(te)ste[to.have.make.or.let.one.V][Cmpd_Vbl]-te[to.act.on.so.as.to.cause.to.V][V→V][V][Sbrd][3Sg][3Sg]
neghesluku	neghe-(te)ste[to.have.make.or.let.one.V][Cmpd_Vbl][V][Sbrd][1Du][3Sg]
neghesluku	neghe-(te)ste[to.have.make.or.let.one.V][Cmpd_Vbl][V][Sbrd][1Pl][3Sg]
neghesluku	neghe-(te)ste[to.have.make.or.let.one.V][Cmpd_Vbl][V][Sbrd][1Sg][3Sg]
neghesluku	neghe-(te)ste[to.have.make.or.let.one.V][Cmpd_Vbl][V][Sbrd][2Du][3Sg]
neghesluku	neghe-(te)ste[to.have.make.or.let.one.V][Cmpd_Vbl][V][Sbrd][2Pl][3Sg]
neghesluku	neghe-(te)ste[to.have.make.or.let.one.V][Cmpd_Vbl][V][Sbrd][2Sg][3Sg]
neghesluku	neghe-(te)ste[to.have.make.or.let.one.V][Cmpd_Vbl][V][Sbrd][3Du][3Sg]
neghesluku	neghe-(te)ste[to.have.make.or.let.one.V][Cmpd_Vbl][V][Sbrd][3Pl][3Sg]
neghesluku	neghe-(te)ste[to.have.make.or.let.one.V][Cmpd_Vbl][V][Sbrd][3Sg][3Sg]

taagken	taagken

unulqusiq	+?

mekelghiiq	mekelghiigh[N][Abs][Unpd][Sg]

qavaghpenani	qavagh-@₁–nghite**[to.not.V][V→V][V][Sbrd][3Sg]

aghtesimakanga	+?

------------------------
Teghhumamalghii unulqusiq.

teghhumamalghii	+?

unulqusiq	+?

------------------------
Llaaghanwha aghsagu vuvallayeng napaghsamegteggu piit, "Sughukaq qaagna kelgughhu!"

llaaghanwha	+?

aghsagu	+?

vuvallayeng	+?

napaghsamegteggu	+?

piit	pi[V][Intrg][3Pl]
piit	pi[V][Ind][3Du][3Sg]
piit	pi[V][Ind][3Pl][3Pl]
piit	pi[V][Ind][3Pl][3Sg]
piit	pi[V][Ind][3Pl]

sughukaq	+?

qaagna	qaagna

kelgughhu	+?

------------------------
Mekelghiighhaam kelgughyaqenni yaywaalengiighhaam aksaqluni ungipaataqluki, "Ilagaquma aksaqlusi aanleghaalleghasi elpesi."

mekelghiighhaam	mekelghiigh-–ghhagh*[dear.N][N→N][N][Rel][Unpd][Sg]

kelgughyaqenni	+?

yaywaalengiighhaam	+?

aksaqluni	+?

ungipaataqluki	ungipaate-~(g₁)aqe[to.be.V.ing][to.regularly.or.repeatedly.V][V→V]-te[to.act.on.so.as.to.cause.to.V][V→V]-te[to.act.on.so.as.to.cause.to.V][V→V][V][Sbrd][1Du][3Pl]
ungipaataqluki	ungipaate-~(g₁)aqe[to.be.V.ing][to.regularly.or.repeatedly.V][V→V]-te[to.act.on.so.as.to.cause.to.V][V→V]-te[to.act.on.so.as.to.cause.to.V][V→V][V][Sbrd][1Pl][3Pl]
ungipaataqluki	ungipaate-~(g₁)aqe[to.be.V.ing][to.regularly.or.repeatedly.V][V→V]-te[to.act.on.so.as.to.cause.to.V][V→V]-te[to.act.on.so.as.to.cause.to.V][V→V][V][Sbrd][1Sg][3Pl]
ungipaataqluki	ungipaate-~(g₁)aqe[to.be.V.ing][to.regularly.or.repeatedly.V][V→V]-te[to.act.on.so.as.to.cause.to.V][V→V]-te[to.act.on.so.as.to.cause.to.V][V→V][V][Sbrd][2Du][3Pl]
ungipaataqluki	ungipaate-~(g₁)aqe[to.be.V.ing][to.regularly.or.repeatedly.V][V→V]-te[to.act.on.so.as.to.cause.to.V][V→V]-te[to.act.on.so.as.to.cause.to.V][V→V][V][Sbrd][2Pl][3Pl]
ungipaataqluki	ungipaate-~(g₁)aqe[to.be.V.ing][to.regularly.or.repeatedly.V][V→V]-te[to.act.on.so.as.to.cause.to.V][V→V]-te[to.act.on.so.as.to.cause.to.V][V→V][V][Sbrd][2Sg][3Pl]
ungipaataqluki	ungipaate-~(g₁)aqe[to.be.V.ing][to.regularly.or.repeatedly.V][V→V]-te[to.act.on.so.as.to.cause.to.V][V→V]-te[to.act.on.so.as.to.cause.to.V][V→V][V][Sbrd][3Du][3Pl]
ungipaataqluki	ungipaate-~(g₁)aqe[to.be.V.ing][to.regularly.or.repeatedly.V][V→V]-te[to.act.on.so.as.to.cause.to.V][V→V]-te[to.act.on.so.as.to.cause.to.V][V→V][V][Sbrd][3Pl][3Pl]
ungipaataqluki	ungipaate-~(g₁)aqe[to.be.V.ing][to.regularly.or.repeatedly.V][V→V]-te[to.act.on.so.as.to.cause.to.V][V→V]-te[to.act.on.so.as.to.cause.to.V][V→V][V][Sbrd][3Sg][3Pl]
ungipaataqluki	ungipaate-~(g₁)aqe[to.be.V.ing][to.regularly.or.repeatedly.V][V→V]-te[to.act.on.so.as.to.cause.to.V][V→V][V][Sbrd][1Du][3Pl]
ungipaataqluki	ungipaate-~(g₁)aqe[to.be.V.ing][to.regularly.or.repeatedly.V][V→V]-te[to.act.on.so.as.to.cause.to.V][V→V][V][Sbrd][1Pl][3Pl]
ungipaataqluki	ungipaate-~(g₁)aqe[to.be.V.ing][to.regularly.or.repeatedly.V][V→V]-te[to.act.on.so.as.to.cause.to.V][V→V][V][Sbrd][1Sg][3Pl]
ungipaataqluki	ungipaate-~(g₁)aqe[to.be.V.ing][to.regularly.or.repeatedly.V][V→V]-te[to.act.on.so.as.to.cause.to.V][V→V][V][Sbrd][2Du][3Pl]
ungipaataqluki	ungipaate-~(g₁)aqe[to.be.V.ing][to.regularly.or.repeatedly.V][V→V]-te[to.act.on.so.as.to.cause.to.V][V→V][V][Sbrd][2Pl][3Pl]
ungipaataqluki	ungipaate-~(g₁)aqe[to.be.V.ing][to.regularly.or.repeatedly.V][V→V]-te[to.act.on.so.as.to.cause.to.V][V→V][V][Sbrd][2Sg][3Pl]
ungipaataqluki	ungipaate-~(g₁)aqe[to.be.V.ing][to.regularly.or.repeatedly.V][V→V]-te[to.act.on.so.as.to.cause.to.V][V→V][V][Sbrd][3Du][3Pl]
ungipaataqluki	ungipaate-~(g₁)aqe[to.be.V.ing][to.regularly.or.repeatedly.V][V→V]-te[to.act.on.so.as.to.cause.to.V][V→V][V][Sbrd][3Pl][3Pl]
ungipaataqluki	ungipaate-~(g₁)aqe[to.be.V.ing][to.regularly.or.repeatedly.V][V→V]-te[to.act.on.so.as.to.cause.to.V][V→V][V][Sbrd][3Sg][3Pl]
ungipaataqluki	ungipaate-~(g₁)aqe[to.be.V.ing][to.regularly.or.repeatedly.V][V→V][V][Sbrd][1Du][3Pl]
ungipaataqluki	ungipaate-~(g₁)aqe[to.be.V.ing][to.regularly.or.repeatedly.V][V→V][V][Sbrd][1Pl][3Pl]
ungipaataqluki	ungipaate-~(g₁)aqe[to.be.V.ing][to.regularly.or.repeatedly.V][V→V][V][Sbrd][1Sg][3Pl]
ungipaataqluki	ungipaate-~(g₁)aqe[to.be.V.ing][to.regularly.or.repeatedly.V][V→V][V][Sbrd][2Du][3Pl]
ungipaataqluki	ungipaate-~(g₁)aqe[to.be.V.ing][to.regularly.or.repeatedly.V][V→V][V][Sbrd][2Pl][3Pl]
ungipaataqluki	ungipaate-~(g₁)aqe[to.be.V.ing][to.regularly.or.repeatedly.V][V→V][V][Sbrd][2Sg][3Pl]
ungipaataqluki	ungipaate-~(g₁)aqe[to.be.V.ing][to.regularly.or.repeatedly.V][V→V][V][Sbrd][3Du][3Pl]
ungipaataqluki	ungipaate-~(g₁)aqe[to.be.V.ing][to.regularly.or.repeatedly.V][V→V][V][Sbrd][3Pl][3Pl]
ungipaataqluki	ungipaate-~(g₁)aqe[to.be.V.ing][to.regularly.or.repeatedly.V][V→V][V][Sbrd][3Sg][3Pl]

ilagaquma	ilagagh[V][Cond][1Sg]

aksaqlusi	+?

aanleghaalleghasi	+?

elpesi	elpesi

------------------------
"Aa-a!"

aaa	+?

------------------------
Iwerngam qamagsamigu tagilaghaalluteng neghulluteng neghulluteng qamagtut.

iwerngam	+?

qamagsamigu	qamagte[V][CnsqI][4Sg][3Sg]

tagilaghaalluteng	+?

neghulluteng	negh-~:(u)te[to.V.for.or.with][to.cause.to.V.as.one.is.V-ing][to.V.toward.each.other][V→V]-te[to.act.on.so.as.to.cause.to.V][V→V][V][Sbrd][3Pl]
neghulluteng	negh-~:(u)te[to.V.for.or.with][to.cause.to.V.as.one.is.V-ing][to.V.toward.each.other][V→V][V][Sbrd][3Pl]
neghulluteng	negh-~:(u)te[condition.with.respect.to.V-ing][V→N]-te[to.catch.N][to.go.to.N][N→V][V][Sbrd][3Pl]
neghulluteng	negh-~:(u)te[SBJ.V-ed.something][V→V]-te[to.act.on.so.as.to.cause.to.V][V→V][V][Sbrd][3Pl]
neghulluteng	negh-~:(u)te[SBJ.V-ed.something][V→V][V][Sbrd][3Pl]
neghulluteng	neghe-~:(u)te[to.V.for.or.with][to.cause.to.V.as.one.is.V-ing][to.V.toward.each.other][V→V]-te[to.act.on.so.as.to.cause.to.V][V→V][V][Sbrd][3Pl]
neghulluteng	neghe-~:(u)te[to.V.for.or.with][to.cause.to.V.as.one.is.V-ing][to.V.toward.each.other][V→V][V][Sbrd][3Pl]
neghulluteng	neghe-~:(u)te[condition.with.respect.to.V-ing][V→N]-te[to.catch.N][to.go.to.N][N→V][V][Sbrd][3Pl]
neghulluteng	neghe-~:(u)te[SBJ.V-ed.something][V→V]-te[to.act.on.so.as.to.cause.to.V][V→V][V][Sbrd][3Pl]
neghulluteng	neghe-~:(u)te[SBJ.V-ed.something][V→V][V][Sbrd][3Pl]

neghulluteng	negh-~:(u)te[to.V.for.or.with][to.cause.to.V.as.one.is.V-ing][to.V.toward.each.other][V→V]-te[to.act.on.so.as.to.cause.to.V][V→V][V][Sbrd][3Pl]
neghulluteng	negh-~:(u)te[to.V.for.or.with][to.cause.to.V.as.one.is.V-ing][to.V.toward.each.other][V→V][V][Sbrd][3Pl]
neghulluteng	negh-~:(u)te[condition.with.respect.to.V-ing][V→N]-te[to.catch.N][to.go.to.N][N→V][V][Sbrd][3Pl]
neghulluteng	negh-~:(u)te[SBJ.V-ed.something][V→V]-te[to.act.on.so.as.to.cause.to.V][V→V][V][Sbrd][3Pl]
neghulluteng	negh-~:(u)te[SBJ.V-ed.something][V→V][V][Sbrd][3Pl]
neghulluteng	neghe-~:(u)te[to.V.for.or.with][to.cause.to.V.as.one.is.V-ing][to.V.toward.each.other][V→V]-te[to.act.on.so.as.to.cause.to.V][V→V][V][Sbrd][3Pl]
neghulluteng	neghe-~:(u)te[to.V.for.or.with][to.cause.to.V.as.one.is.V-ing][to.V.toward.each.other][V→V][V][Sbrd][3Pl]
neghulluteng	neghe-~:(u)te[condition.with.respect.to.V-ing][V→N]-te[to.catch.N][to.go.to.N][N→V][V][Sbrd][3Pl]
neghulluteng	neghe-~:(u)te[SBJ.V-ed.something][V→V]-te[to.act.on.so.as.to.cause.to.V][V→V][V][Sbrd][3Pl]
neghulluteng	neghe-~:(u)te[SBJ.V-ed.something][V→V][V][Sbrd][3Pl]

qamagtut	qamagte[V][Ind][3Pl]

------------------------
"Aa-a, mekelghiighhaq saaqsin ilagaa!

aaa	+?

mekelghiighhaq	mekelghiigh-–ghhagh*[dear.N][N→N][N][Abs][Unpd][Sg]

saaqsin	sa-~(g₁)aqe[to.be.V.ing][to.regularly.or.repeatedly.V][V→V][V][Intrg][2Sg]

ilagaa	ilagagh[V][Opt][PRS][2Sg]

------------------------
"Samengqun ilagaghlanga!

samengqun	+?

ilagaghlanga	ilagagh[V][Opt][PRS][1Sg]

------------------------
Avangitunga."

avangitunga	+?

------------------------
"Weni ilagaa getgeta1 qaagkut ilagatangitneng."

weni	+?

ilagaa	ilagagh[V][Opt][PRS][2Sg]

getgeta1	+?

qaagkut	qaagkut

ilagatangitneng	+?

------------------------
"Avangitimga."

avangitimga	+?

------------------------
"Aa-a ighsaghwaa tawani..."

aaa	+?

ighsaghwaa	+?

tawani	tawani

------------------------
Nutaan anagunaqsaghaat.

nutaan	+?

anagunaqsaghaat	+?

------------------------
"Aa-a enta talwam ilagaqaghlanga!"

aaa	+?

enta	+?

talwam	+?

ilagaqaghlanga	+?

------------------------


	

------------------------
Ketfaghlunmguq saguyak kallagsimakek kallagutkellukek aanqusalghiimi, "Talaka-Talaka-Talaka-ay!

ketfaghlunmguq	+?

saguyak	+?

kallagsimakek	+?

kallagutkellukek	+?

aanqusalghiimi	+?

talakatalakatalakaay	+?

------------------------
Talaka-Talaka-Talaka-ay!

talakatalakatalakaay	+?

------------------------
Saguyagka kallagutaghsamkunay!

saguyagka	+?

kallagutaghsamkunay	+?

------------------------
Mumeghtaqa anagutaghsamkunay!"

mumeghtaqa	+?

anagutaghsamkunay	+?

------------------------
Ugatanga mumeghmineng tenpeyaqenni nenglu ifkaghteghllagaa.

ugatanga	+?

mumeghmineng	+?

tenpeyaqenni	+?

nenglu	nenglu[N][Abs][Unpd][Sg]

ifkaghteghllagaa	+?

------------------------
Yuget qimagutut egkwaanun.

yuget	yug[N][Abs][Unpd][Pl]
yuget	yug[N][Rel][Unpd][Pl]

qimagutut	+?

egkwaanun	+?

------------------------
"Talaka, Talaka tawatenngam tawatenngam taaqingam taaqingam" Wanlegi ilagaghlaataamalghii, "Talaka-Talaka-Talaka-ay!

talaka	+?

talaka	+?

tawatenngam	+?

tawatenngam	+?

taaqingam	+?

taaqingam	+?

wanlegi	wanlegi

ilagaghlaataamalghii	ilagagh-@₁~laatagh[to.V.anyway][despite.everything.to.still.V][V→V]-@₁~:(i/u)ma[to.have.V-ed][to.have.been.V-ed][V→V]-@₁–lghii[the.one.that.V-ed][the.one.that.is.V][V→N][N][Abs][Unpd][Sg]
ilagaghlaataamalghii	ilagagh-@₁~laatagh[to.V.anyway][despite.everything.to.still.V][V→V]-@₁~:(i/u)ma[to.have.V-ed][to.have.been.V-ed][V→V][V][Ptcp][3Sg]

talakatalakatalakaay	+?

------------------------
Talaka-Talaka Talakaay!

talakatalaka	+?

talakaay	+?

------------------------
Saguyagka kallagutaghsamkekay!

saguyagka	+?

kallagutaghsamkekay	+?

------------------------
Mumeghtaqa anagutaghsamkunay!"

mumeghtaqa	+?

anagutaghsamkunay	+?

------------------------
Uughqan tungangakun mumeghmineng tenpeyaqenni ifkaaqutesaqenni yugtuumaghmi ellnga iiyakun aanqaghlluni qimagumalghii.

uughqan	+?

tungangakun	+?

mumeghmineng	+?

tenpeyaqenni	+?

ifkaaqutesaqenni	+?

yugtuumaghmi	yug-tugh[to.eat.N][to.use.N][N→V]-@₁~:(i/u)magh*[while.V-ing][V→V][Quant_Qual][4Sg]
yugtuumaghmi	yug-tuumagh*[together.with.one's.Ns][N→V][Quant_Qual][4Sg]

ellnga	ellnga

iiyakun	iiyagh[N][Via][Unpd][Sg]

aanqaghlluni	+?

qimagumalghii	+?

------------------------
Naagu qimapigesnaamalghii.

naagu	+?

qimapigesnaamalghii	+?

------------------------


	

------------------------
Qamagtuq.

qamagtuq	qamagte[V][Ind][3Sg]

------------------------
