Yuuk Enkaam Qateghyiighaghhaq

﻿yuuk	+?

enkaam	enkaam

qateghyiighaghhaq	+?

------------------------


	

------------------------
Yuugnguq iimna aghvengyupiglleghhii.

yuugnguq	+?

iimna	iimna

aghvengyupiglleghhii	+?

------------------------
Maaten ilangani nuliini pimakanga, "Enta tanpeghhmeng akmagutangllaa!"

maaten	+?

ilangani	ila[N][Loc][3SgPoss][SgPosd]
ilangani	ila[N][Loc][3SgPoss][PlPosd]
ilangani	ilangani

nuliini	nuliigh[N][Abs][4SgPoss][SgPosd]
nuliini	nuliigh[N][Abs][4SgPoss][PlPosd]
nuliini	nulugh-~:(ng₁)u[to.be.N][N→V]-~i[SBJ.V-ed.something][V→V]-~i[SBJ.V-ed.something][V→V]-~i[SBJ.V-ed.something][V→V]-~i[SBJ.V-ed.something][V→V]-~i[SBJ.V-ed.something][V→V]-@₁~fni[to.say.that.one.is.V-ing][Cmpd_Vbl][V][Opt][PRS][2Sg]
nuliini	nulugh-~:(ng₁)u[to.be.N][N→V]-~i[SBJ.V-ed.something][V→V]-~i[SBJ.V-ed.something][V→V]-~i[SBJ.V-ed.something][V→V]-~i[SBJ.V-ed.something][V→V]-@₁~fni[to.say.that.one.is.V-ing][Cmpd_Vbl][V][Opt][PRS][2Sg]
nuliini	nulugh-~:(ng₁)u[to.be.N][N→V]-~i[SBJ.V-ed.something][V→V]-~i[SBJ.V-ed.something][V→V]-~i[SBJ.V-ed.something][V→V]-~i[SBJ.V-ed.something][V→V]-~:(u)te[to.V.for.or.with][to.cause.to.V.as.one.is.V-ing][to.V.toward.each.other][V→V]-@₁~fni[to.say.that.one.is.V-ing][Cmpd_Vbl][V][Opt][PRS][2Sg]
nuliini	nulugh-~:(ng₁)u[to.be.N][N→V]-~i[SBJ.V-ed.something][V→V]-~i[SBJ.V-ed.something][V→V]-~i[SBJ.V-ed.something][V→V]-~i[SBJ.V-ed.something][V→V]-~:(u)te[SBJ.V-ed.something][V→V]-@₁~fni[to.say.that.one.is.V-ing][Cmpd_Vbl][V][Opt][PRS][2Sg]
nuliini	nulugh-~:(ng₁)u[to.be.N][N→V]-~i[SBJ.V-ed.something][V→V]-~i[SBJ.V-ed.something][V→V]-~i[SBJ.V-ed.something][V→V]-@₁~fni[to.say.that.one.is.V-ing][Cmpd_Vbl][V][Opt][PRS][2Sg]
nuliini	nulugh-~:(ng₁)u[to.be.N][N→V]-~i[SBJ.V-ed.something][V→V]-~i[SBJ.V-ed.something][V→V]-~i[SBJ.V-ed.something][V→V]-~:(u)te[to.V.for.or.with][to.cause.to.V.as.one.is.V-ing][to.V.toward.each.other][V→V]-@₁~fni[to.say.that.one.is.V-ing][Cmpd_Vbl][V][Opt][PRS][2Sg]
nuliini	nulugh-~:(ng₁)u[to.be.N][N→V]-~i[SBJ.V-ed.something][V→V]-~i[SBJ.V-ed.something][V→V]-~i[SBJ.V-ed.something][V→V]-~:(u)te[SBJ.V-ed.something][V→V]-@₁~fni[to.say.that.one.is.V-ing][Cmpd_Vbl][V][Opt][PRS][2Sg]
nuliini	nulugh-~:(ng₁)u[to.be.N][N→V]-~i[SBJ.V-ed.something][V→V]-~i[SBJ.V-ed.something][V→V]-@₁~fni[to.say.that.one.is.V-ing][Cmpd_Vbl][V][Opt][PRS][2Sg]
nuliini	nulugh-~:(ng₁)u[to.be.N][N→V]-~i[SBJ.V-ed.something][V→V]-~i[SBJ.V-ed.something][V→V]-~:(u)te[to.V.for.or.with][to.cause.to.V.as.one.is.V-ing][to.V.toward.each.other][V→V]-@₁~fni[to.say.that.one.is.V-ing][Cmpd_Vbl][V][Opt][PRS][2Sg]
nuliini	nulugh-~:(ng₁)u[to.be.N][N→V]-~i[SBJ.V-ed.something][V→V]-~i[SBJ.V-ed.something][V→V]-~:(u)te[SBJ.V-ed.something][V→V]-@₁~fni[to.say.that.one.is.V-ing][Cmpd_Vbl][V][Opt][PRS][2Sg]
nuliini	nulugh-~:(ng₁)u[to.be.N][N→V]-~i[SBJ.V-ed.something][V→V]-@₁~fni[to.say.that.one.is.V-ing][Cmpd_Vbl][V][Opt][PRS][2Sg]
nuliini	nulugh-~:(ng₁)u[to.be.N][N→V]-~i[SBJ.V-ed.something][V→V]-~:(u)te[to.V.for.or.with][to.cause.to.V.as.one.is.V-ing][to.V.toward.each.other][V→V]-@₁~fni[to.say.that.one.is.V-ing][Cmpd_Vbl][V][Opt][PRS][2Sg]
nuliini	nulugh-~:(ng₁)u[to.be.N][N→V]-~i[SBJ.V-ed.something][V→V]-~:(u)te[SBJ.V-ed.something][V→V]-@₁~fni[to.say.that.one.is.V-ing][Cmpd_Vbl][V][Opt][PRS][2Sg]

pimakanga	pi-@₁~:(i/u)ma[to.have.V-ed][to.have.been.V-ed][V→V]-@*@₂~sf–(g₂)k(a)e[the.one.that.possessor.V-ed][V→N][N][Abs][3SgPoss][SgPosd]
pimakanga	pi-@₁~:(i/u)ma[to.have.V-ed][to.have.been.V-ed][V→V][V][Ptcp][3Sg][3Sg]
pimakanga	pi-@₁~:(i/u)ma[to.have.V-ed][to.have.been.V-ed][V→V][V][Cond][3Sg][1Sg]

enta	+?

tanpeghhmeng	+?

akmagutangllaa	akmag-~:(u)ta[condition.with.respect.to.V-ing][V→N]-–ngllagh[to.make.N][N→V][V][Opt][PRS][2Sg]

------------------------
Llaaghanwha tusaqinaghpenani nulighha akmagutangllaamalghii tanpeghhmeng.

llaaghanwha	+?

tusaqinaghpenani	+?

nulighha	nulighh[N][Abs][3SgPoss][SgPosd]

akmagutangllaamalghii	akmag-~:(u)ta[condition.with.respect.to.V-ing][V→N]-–ngllagh[to.make.N][N→V]-@₁~:(i/u)ma[to.have.V-ed][to.have.been.V-ed][V→V]-@₁–lghii[the.one.that.V-ed][the.one.that.is.V][V→N][N][Abs][Unpd][Sg]
akmagutangllaamalghii	akmag-~:(u)ta[condition.with.respect.to.V-ing][V→N]-–ngllagh[to.make.N][N→V]-@₁~:(i/u)ma[to.have.V-ed][to.have.been.V-ed][V→V][V][Ptcp][3Sg]

tanpeghhmeng	+?

------------------------
Taaqsakek akmagutak tanpeghhek qateghyiighaghhaq akuqaghluku kanaghlluku tesqamavek pimakanga, "Kevgaqnaqamken anguyamnun sughugisqelluten."

taaqsakek	+?

akmagutak	akmag-~:(u)te[to.V.for.or.with][to.cause.to.V.as.one.is.V-ing][to.V.toward.each.other][V→V][V][Intrg][3Du]
akmagutak	akmag-~:(u)te[to.V.for.or.with][to.cause.to.V.as.one.is.V-ing][to.V.toward.each.other][V→V][V][Ind][3Sg][3Du]
akmagutak	akmag-~:(u)te[SBJ.V-ed.something][V→V][V][Intrg][3Du]
akmagutak	akmag-~:(u)ta[condition.with.respect.to.V-ing][V→N][N][Abs][Unpd][Du]
akmagutak	akmag-~:(u)ta[condition.with.respect.to.V-ing][V→N][N][Rel][Unpd][Du]

tanpeghhek	+?

qateghyiighaghhaq	+?

akuqaghluku	+?

kanaghlluku	+?

tesqamavek	+?

pimakanga	pi-@₁~:(i/u)ma[to.have.V-ed][to.have.been.V-ed][V→V]-@*@₂~sf–(g₂)k(a)e[the.one.that.possessor.V-ed][V→N][N][Abs][3SgPoss][SgPosd]
pimakanga	pi-@₁~:(i/u)ma[to.have.V-ed][to.have.been.V-ed][V→V][V][Ptcp][3Sg][3Sg]
pimakanga	pi-@₁~:(i/u)ma[to.have.V-ed][to.have.been.V-ed][V→V][V][Cond][3Sg][1Sg]

kevgaqnaqamken	+?

anguyamnun	+?

sughugisqelluten	+?

------------------------
Taagken tanpeghhek akmagutak miluullukekmeghmun kesimakek.

taagken	taagken

tanpeghhek	+?

akmagutak	akmag-~:(u)te[to.V.for.or.with][to.cause.to.V.as.one.is.V-ing][to.V.toward.each.other][V→V][V][Intrg][3Du]
akmagutak	akmag-~:(u)te[to.V.for.or.with][to.cause.to.V.as.one.is.V-ing][to.V.toward.each.other][V→V][V][Ind][3Sg][3Du]
akmagutak	akmag-~:(u)te[SBJ.V-ed.something][V→V][V][Intrg][3Du]
akmagutak	akmag-~:(u)ta[condition.with.respect.to.V-ing][V→N][N][Abs][Unpd][Du]
akmagutak	akmag-~:(u)ta[condition.with.respect.to.V-ing][V→N][N][Rel][Unpd][Du]

miluullukekmeghmun	+?

kesimakek	+?

------------------------
Anuqem akmagutak tengsimakek iwemgam natmun.

anuqem	+?

akmagutak	akmag-~:(u)te[to.V.for.or.with][to.cause.to.V.as.one.is.V-ing][to.V.toward.each.other][V→V][V][Intrg][3Du]
akmagutak	akmag-~:(u)te[to.V.for.or.with][to.cause.to.V.as.one.is.V-ing][to.V.toward.each.other][V→V][V][Ind][3Sg][3Du]
akmagutak	akmag-~:(u)te[SBJ.V-ed.something][V→V][V][Intrg][3Du]
akmagutak	akmag-~:(u)ta[condition.with.respect.to.V-ing][V→N][N][Abs][Unpd][Du]
akmagutak	akmag-~:(u)ta[condition.with.respect.to.V-ing][V→N][N][Rel][Unpd][Du]

tengsimakek	+?

iwemgam	+?

natmun	+?

------------------------
Meghem iteghpenakek uvlugem qapragsaqegni ullghitaghsaqegni akmagutak qateghyiighaghhaq mingughhusimalghii akmagutam nukeggnaanun.

meghem	megh[N][Rel][Unpd][Sg]

iteghpenakek	itegh-@₁–nghite**[to.not.V][V→V][V][Sbrd][1Du][3Du]
iteghpenakek	itegh-@₁–nghite**[to.not.V][V→V][V][Sbrd][1Pl][3Du]
iteghpenakek	itegh-@₁–nghite**[to.not.V][V→V][V][Sbrd][1Sg][3Du]
iteghpenakek	itegh-@₁–nghite**[to.not.V][V→V][V][Sbrd][2Du][3Du]
iteghpenakek	itegh-@₁–nghite**[to.not.V][V→V][V][Sbrd][2Pl][3Du]
iteghpenakek	itegh-@₁–nghite**[to.not.V][V→V][V][Sbrd][2Sg][3Du]
iteghpenakek	itegh-@₁–nghite**[to.not.V][V→V][V][Sbrd][3Du][3Du]
iteghpenakek	itegh-@₁–nghite**[to.not.V][V→V][V][Sbrd][3Pl][3Du]
iteghpenakek	itegh-@₁–nghite**[to.not.V][V→V][V][Sbrd][3Sg][3Du]

uvlugem	+?

qapragsaqegni	qaprag-te[to.act.on.so.as.to.cause.to.V][V→V]-@₁~fyagh[to.go.V-ing][to.V.in.vain][V→V]-@*@₂~sf–(g₂)k(a)e[the.one.that.possessor.V-ed][V→N][N][Abs][4SgPoss][DuPosd]
qapragsaqegni	qaprag-te[to.act.on.so.as.to.cause.to.V][V→V]-@₁~fyagh[to.go.V-ing][to.V.in.vain][V→V]-@*@₂~sf–(g₂)k(a)e[the.one.that.possessor.V-ed][V→N][N][Loc][Unpd][Du]

ullghitaghsaqegni	ullghitagh-te[to.catch.N][to.go.to.N][N→V]-@₁~fyagh[to.go.V-ing][to.V.in.vain][V→V]-@*@₂~sf–(g₂)k(a)e[the.one.that.possessor.V-ed][V→N][N][Abs][4SgPoss][DuPosd]
ullghitaghsaqegni	ullghitagh-te[to.catch.N][to.go.to.N][N→V]-@₁~fyagh[to.go.V-ing][to.V.in.vain][V→V]-@*@₂~sf–(g₂)k(a)e[the.one.that.possessor.V-ed][V→N][N][Loc][Unpd][Du]

akmagutak	akmag-~:(u)te[to.V.for.or.with][to.cause.to.V.as.one.is.V-ing][to.V.toward.each.other][V→V][V][Intrg][3Du]
akmagutak	akmag-~:(u)te[to.V.for.or.with][to.cause.to.V.as.one.is.V-ing][to.V.toward.each.other][V→V][V][Ind][3Sg][3Du]
akmagutak	akmag-~:(u)te[SBJ.V-ed.something][V→V][V][Intrg][3Du]
akmagutak	akmag-~:(u)ta[condition.with.respect.to.V-ing][V→N][N][Abs][Unpd][Du]
akmagutak	akmag-~:(u)ta[condition.with.respect.to.V-ing][V→N][N][Rel][Unpd][Du]

qateghyiighaghhaq	+?

mingughhusimalghii	+?

akmagutam	akmag-~:(u)ta[condition.with.respect.to.V-ing][V→N][N][Rel][Unpd][Sg]

nukeggnaanun	+?

------------------------


	

------------------------
Tagtalmi tepumakanga esnakun.

tagtalmi	+?

tepumakanga	+?

esnakun	esnagh[N][Via][Unpd][Sg]

------------------------
Qateghyiighaghhaam akmagutam allungaga vuveghqughyaqenni reghighsimakanga.

qateghyiighaghhaam	+?

akmagutam	akmag-~:(u)ta[condition.with.respect.to.V-ing][V→N][N][Rel][Unpd][Sg]

allungaga	+?

vuveghqughyaqenni	+?

reghighsimakanga	+?

------------------------
Taagken aanyalghiimi tepumakanga tapghaghllakun.

taagken	taagken

aanyalghiimi	aane-@₁~fyagh[to.go.V-ing][to.V.in.vain][V→V]-@₁–lghii[the.one.that.V-ed][the.one.that.is.V][V→N][N][Loc][Unpd][Sg]
aanyalghiimi	aane-@₁~fyagh[to.go.V-ing][to.V.in.vain][V→V]-@₁–lghii[the.one.that.V-ed][the.one.that.is.V][V→N][N][Rel][4SgPoss][SgPosd]
aanyalghiimi	aane-@₁~fyagh[to.go.V-ing][to.V.in.vain][V→V]-@₁–lghii[the.one.that.V-ed][the.one.that.is.V][V→N][N][Rel][4SgPoss][PlPosd]
aanyalghiimi	aane[V][Ptcp_Obl][4Sg]

tepumakanga	+?

tapghaghllakun	+?

------------------------
Qateghyiighaghhaq taglaghluni tapgham qaaynganun vegaaghqun aviightusimaluku sunanguq taana yuuk.

qateghyiighaghhaq	+?

taglaghluni	taglagh[V][Sbrd][3Sg]

tapgham	+?

qaaynganun	qaye[N][Ter][3SgPoss][SgPosd]
qaaynganun	qaye[N][Ter][3SgPoss][PlPosd]

vegaaghqun	vegaagh*[N][Via][Unpd][Sg]

aviightusimaluku	+?

sunanguq	+?

taana	taana

yuuk	yug[N][Abs][Sg]

------------------------
Yugem kaalluku qateghyiighaghhaq nenglaqumakanga.

yugem	yug[N][Rel][Unpd][Sg]

kaalluku	kaate[V][Sbrd][1Du][3Sg]
kaalluku	kaate[V][Sbrd][1Pl][3Sg]
kaalluku	kaate[V][Sbrd][1Sg][3Sg]
kaalluku	kaate[V][Sbrd][2Du][3Sg]
kaalluku	kaate[V][Sbrd][2Pl][3Sg]
kaalluku	kaate[V][Sbrd][2Sg][3Sg]
kaalluku	kaate[V][Sbrd][3Du][3Sg]
kaalluku	kaate[V][Sbrd][3Pl][3Sg]
kaalluku	kaate[V][Sbrd][3Sg][3Sg]

qateghyiighaghhaq	+?

nenglaqumakanga	+?

------------------------
Pimakanaga, "Kii, qateghyiighaghhaq nani nukeggnaaghqeghllagsin?"

pimakanaga	+?

kii	kii
kii	kii[N][Abs][Unpd][Sg]

qateghyiighaghhaq	+?

nani	nani

nukeggnaaghqeghllagsin	+?

------------------------
"Sughuguunga elpenun."

sughuguunga	+?

elpenun	elpenun

------------------------
Yugem nenglaqluku unisimakanga.

yugem	yug[N][Rel][Unpd][Sg]

nenglaqluku	+?

unisimakanga	+?

------------------------
Mengteghaminun kaalluni nuliini ungipaasimakanga, "Qateghyiighaghhaq tapgham qaayngani vegaaghqun aviightutaqeftuq.

mengteghaminun	+?

kaalluni	kaate[V][Sbrd][3Sg]

nuliini	nuliigh[N][Abs][4SgPoss][SgPosd]
nuliini	nuliigh[N][Abs][4SgPoss][PlPosd]
nuliini	nulugh-~:(ng₁)u[to.be.N][N→V]-~i[SBJ.V-ed.something][V→V]-~i[SBJ.V-ed.something][V→V]-~i[SBJ.V-ed.something][V→V]-~i[SBJ.V-ed.something][V→V]-~i[SBJ.V-ed.something][V→V]-@₁~fni[to.say.that.one.is.V-ing][Cmpd_Vbl][V][Opt][PRS][2Sg]
nuliini	nulugh-~:(ng₁)u[to.be.N][N→V]-~i[SBJ.V-ed.something][V→V]-~i[SBJ.V-ed.something][V→V]-~i[SBJ.V-ed.something][V→V]-~i[SBJ.V-ed.something][V→V]-@₁~fni[to.say.that.one.is.V-ing][Cmpd_Vbl][V][Opt][PRS][2Sg]
nuliini	nulugh-~:(ng₁)u[to.be.N][N→V]-~i[SBJ.V-ed.something][V→V]-~i[SBJ.V-ed.something][V→V]-~i[SBJ.V-ed.something][V→V]-~i[SBJ.V-ed.something][V→V]-~:(u)te[to.V.for.or.with][to.cause.to.V.as.one.is.V-ing][to.V.toward.each.other][V→V]-@₁~fni[to.say.that.one.is.V-ing][Cmpd_Vbl][V][Opt][PRS][2Sg]
nuliini	nulugh-~:(ng₁)u[to.be.N][N→V]-~i[SBJ.V-ed.something][V→V]-~i[SBJ.V-ed.something][V→V]-~i[SBJ.V-ed.something][V→V]-~i[SBJ.V-ed.something][V→V]-~:(u)te[SBJ.V-ed.something][V→V]-@₁~fni[to.say.that.one.is.V-ing][Cmpd_Vbl][V][Opt][PRS][2Sg]
nuliini	nulugh-~:(ng₁)u[to.be.N][N→V]-~i[SBJ.V-ed.something][V→V]-~i[SBJ.V-ed.something][V→V]-~i[SBJ.V-ed.something][V→V]-@₁~fni[to.say.that.one.is.V-ing][Cmpd_Vbl][V][Opt][PRS][2Sg]
nuliini	nulugh-~:(ng₁)u[to.be.N][N→V]-~i[SBJ.V-ed.something][V→V]-~i[SBJ.V-ed.something][V→V]-~i[SBJ.V-ed.something][V→V]-~:(u)te[to.V.for.or.with][to.cause.to.V.as.one.is.V-ing][to.V.toward.each.other][V→V]-@₁~fni[to.say.that.one.is.V-ing][Cmpd_Vbl][V][Opt][PRS][2Sg]
nuliini	nulugh-~:(ng₁)u[to.be.N][N→V]-~i[SBJ.V-ed.something][V→V]-~i[SBJ.V-ed.something][V→V]-~i[SBJ.V-ed.something][V→V]-~:(u)te[SBJ.V-ed.something][V→V]-@₁~fni[to.say.that.one.is.V-ing][Cmpd_Vbl][V][Opt][PRS][2Sg]
nuliini	nulugh-~:(ng₁)u[to.be.N][N→V]-~i[SBJ.V-ed.something][V→V]-~i[SBJ.V-ed.something][V→V]-@₁~fni[to.say.that.one.is.V-ing][Cmpd_Vbl][V][Opt][PRS][2Sg]
nuliini	nulugh-~:(ng₁)u[to.be.N][N→V]-~i[SBJ.V-ed.something][V→V]-~i[SBJ.V-ed.something][V→V]-~:(u)te[to.V.for.or.with][to.cause.to.V.as.one.is.V-ing][to.V.toward.each.other][V→V]-@₁~fni[to.say.that.one.is.V-ing][Cmpd_Vbl][V][Opt][PRS][2Sg]
nuliini	nulugh-~:(ng₁)u[to.be.N][N→V]-~i[SBJ.V-ed.something][V→V]-~i[SBJ.V-ed.something][V→V]-~:(u)te[SBJ.V-ed.something][V→V]-@₁~fni[to.say.that.one.is.V-ing][Cmpd_Vbl][V][Opt][PRS][2Sg]
nuliini	nulugh-~:(ng₁)u[to.be.N][N→V]-~i[SBJ.V-ed.something][V→V]-@₁~fni[to.say.that.one.is.V-ing][Cmpd_Vbl][V][Opt][PRS][2Sg]
nuliini	nulugh-~:(ng₁)u[to.be.N][N→V]-~i[SBJ.V-ed.something][V→V]-~:(u)te[to.V.for.or.with][to.cause.to.V.as.one.is.V-ing][to.V.toward.each.other][V→V]-@₁~fni[to.say.that.one.is.V-ing][Cmpd_Vbl][V][Opt][PRS][2Sg]
nuliini	nulugh-~:(ng₁)u[to.be.N][N→V]-~i[SBJ.V-ed.something][V→V]-~:(u)te[SBJ.V-ed.something][V→V]-@₁~fni[to.say.that.one.is.V-ing][Cmpd_Vbl][V][Opt][PRS][2Sg]

ungipaasimakanga	ungipaate-@₁~:(i/u)ma[to.have.V-ed][to.have.been.V-ed][V→V]-@*@₂~sf–(g₂)k(a)e[the.one.that.possessor.V-ed][V→N][N][Abs][3SgPoss][SgPosd]
ungipaasimakanga	ungipaate-@₁~:(i/u)ma[to.have.V-ed][to.have.been.V-ed][V→V][V][Ptcp][3Sg][3Sg]
ungipaasimakanga	ungipaate-@₁~:(i/u)ma[to.have.V-ed][to.have.been.V-ed][V→V][V][Cond][3Sg][1Sg]

qateghyiighaghhaq	+?

tapgham	+?

qaayngani	qaye[N][Loc][3SgPoss][SgPosd]
qaayngani	qaye[N][Loc][3SgPoss][PlPosd]

vegaaghqun	vegaagh*[N][Via][Unpd][Sg]

aviightutaqeftuq	+?

------------------------
Legan nukeggnaghllaguuq.

legan	legan

nukeggnaghllaguuq	+?

------------------------
Aapsaqegka whangamnunnguq sughuguftuq."

aapsaqegka	aapte-@₁~fyagh[to.go.V-ing][to.V.in.vain][V→V]-@*@₂~sf–(g₂)k(a)e[the.one.that.possessor.V-ed][V→N][N][Abs][1SgPoss][DuPosd]
aapsaqegka	aapte-@₁~fyagh[to.go.V-ing][to.V.in.vain][V→V][V][Ptcp][1Sg][3Du]
aapsaqegka	aapte-@₁~fyagh[to.go.V-ing][to.V.in.vain][V→V][V][Ptcp][1Sg][3Sg]
aapsaqegka	aapte[V][Ptcp_Obl][1Sg][3Du]

whangamnunnguq	+?

sughuguftuq	+?

------------------------
Nenglaqlaataamakangat nulighqullghiik.

nenglaqlaataamakangat	nenglagh-@*@₂~sf–(g₂)k(a)e[the.one.that.possessor.V-ed][V→N]-te[to.catch.N][to.go.to.N][N→V]-@₁~laatagh[to.V.anyway][despite.everything.to.still.V][V→V]-@₁~:(i/u)ma[to.have.V-ed][to.have.been.V-ed][V→V]-@*@₂~sf–(g₂)k(a)e[the.one.that.possessor.V-ed][V→N][N][Abs][3PlPoss][SgPosd]
nenglaqlaataamakangat	nenglagh-@*@₂~sf–(g₂)k(a)e[the.one.that.possessor.V-ed][V→N]-te[to.catch.N][to.go.to.N][N→V]-te[to.act.on.so.as.to.cause.to.V][V→V]-@₁~laatagh[to.V.anyway][despite.everything.to.still.V][V→V]-@₁~:(i/u)ma[to.have.V-ed][to.have.been.V-ed][V→V]-@*@₂~sf–(g₂)k(a)e[the.one.that.possessor.V-ed][V→N][N][Abs][3PlPoss][SgPosd]
nenglaqlaataamakangat	nenglagh-@*@₂~sf–(g₂)k(a)e[the.one.that.possessor.V-ed][V→N]-te[to.catch.N][to.go.to.N][N→V]-te[to.act.on.so.as.to.cause.to.V][V→V]-te[to.act.on.so.as.to.cause.to.V][V→V]-@₁~laatagh[to.V.anyway][despite.everything.to.still.V][V→V]-@₁~:(i/u)ma[to.have.V-ed][to.have.been.V-ed][V→V]-@*@₂~sf–(g₂)k(a)e[the.one.that.possessor.V-ed][V→N][N][Abs][3PlPoss][SgPosd]

nulighqullghiik	+?

------------------------


	

------------------------
Unugyagu qavaasata qateghyiighaghhaq taglaghlum ungavigitnun iitghumalghii.

unugyagu	unug[Imprs_Agnt][V][CnsqI][3Sg][3Sg]

qavaasata	qavagh-~:(u)te[to.V.for.or.with][to.cause.to.V.as.one.is.V-ing][to.V.toward.each.other][V→V]-te[to.act.on.so.as.to.cause.to.V][V→V][V][CnsqI][3Pl]
qavaasata	qavagh-~:(u)te[to.V.for.or.with][to.cause.to.V.as.one.is.V-ing][to.V.toward.each.other][V→V][V][CnsqI][3Pl]
qavaasata	qavagh-~:(u)te[condition.with.respect.to.V-ing][V→N]-te[to.catch.N][to.go.to.N][N→V][V][CnsqI][3Pl]
qavaasata	qavagh-~:(u)te[SBJ.V-ed.something][V→V]-te[to.act.on.so.as.to.cause.to.V][V→V][V][CnsqI][3Pl]
qavaasata	qavagh-~:(u)te[SBJ.V-ed.something][V→V][V][CnsqI][3Pl]

qateghyiighaghhaq	+?

taglaghlum	+?

ungavigitnun	+?

iitghumalghii	itegh-@₁~:(i/u)ma[to.have.V-ed][to.have.been.V-ed][V→V]-@₁–lghii[the.one.that.V-ed][the.one.that.is.V][V→N][N][Abs][Unpd][Sg]
iitghumalghii	itegh-@₁~:(i/u)ma[to.have.V-ed][to.have.been.V-ed][V→V][V][Ptcp][3Sg]

------------------------
Iteghluni naniita mesiighanun mingughhusimalghii.

iteghluni	itegh[V][Sbrd][3Sg]

naniita	nanugh*-~:(ng₁)u[to.be.N][N→V]-~i[SBJ.V-ed.something][V→V]-~i[SBJ.V-ed.something][V→V]-~i[SBJ.V-ed.something][V→V]-~i[SBJ.V-ed.something][V→V]-~i[SBJ.V-ed.something][V→V]-~:(u)te[condition.with.respect.to.V-ing][V→N][N][Abs][Unpd][Sg]
naniita	nanugh*-~:(ng₁)u[to.be.N][N→V]-~i[SBJ.V-ed.something][V→V]-~i[SBJ.V-ed.something][V→V]-~i[SBJ.V-ed.something][V→V]-~i[SBJ.V-ed.something][V→V]-~i[SBJ.V-ed.something][V→V]-~:(u)ta[condition.with.respect.to.V-ing][V→N][N][Abs][Unpd][Sg]
naniita	nanugh*-~:(ng₁)u[to.be.N][N→V]-~i[SBJ.V-ed.something][V→V]-~i[SBJ.V-ed.something][V→V]-~i[SBJ.V-ed.something][V→V]-~i[SBJ.V-ed.something][V→V]-~i[SBJ.V-ed.something][V→V]-te[to.act.on.so.as.to.cause.to.V][V→V][V][Intrg][3Sg]
naniita	nanugh*-~:(ng₁)u[to.be.N][N→V]-~i[SBJ.V-ed.something][V→V]-~i[SBJ.V-ed.something][V→V]-~i[SBJ.V-ed.something][V→V]-~i[SBJ.V-ed.something][V→V]-~:(u)te[to.V.for.or.with][to.cause.to.V.as.one.is.V-ing][to.V.toward.each.other][V→V][V][Intrg][3Sg]
naniita	nanugh*-~:(ng₁)u[to.be.N][N→V]-~i[SBJ.V-ed.something][V→V]-~i[SBJ.V-ed.something][V→V]-~i[SBJ.V-ed.something][V→V]-~i[SBJ.V-ed.something][V→V]-~:(u)te[SBJ.V-ed.something][V→V][V][Intrg][3Sg]
naniita	nanugh*-~:(ng₁)u[to.be.N][N→V]-~i[SBJ.V-ed.something][V→V]-~i[SBJ.V-ed.something][V→V]-~i[SBJ.V-ed.something][V→V]-~i[SBJ.V-ed.something][V→V]-~:(u)te[condition.with.respect.to.V-ing][V→N][N][Abs][Unpd][Sg]
naniita	nanugh*-~:(ng₁)u[to.be.N][N→V]-~i[SBJ.V-ed.something][V→V]-~i[SBJ.V-ed.something][V→V]-~i[SBJ.V-ed.something][V→V]-~i[SBJ.V-ed.something][V→V]-~:(u)ta[condition.with.respect.to.V-ing][V→N][N][Abs][Unpd][Sg]
naniita	nanugh*-~:(ng₁)u[to.be.N][N→V]-~i[SBJ.V-ed.something][V→V]-~i[SBJ.V-ed.something][V→V]-~i[SBJ.V-ed.something][V→V]-~i[SBJ.V-ed.something][V→V]-te[to.act.on.so.as.to.cause.to.V][V→V][V][Intrg][3Sg]
naniita	nanugh*-~:(ng₁)u[to.be.N][N→V]-~i[SBJ.V-ed.something][V→V]-~i[SBJ.V-ed.something][V→V]-~i[SBJ.V-ed.something][V→V]-~:(u)te[to.V.for.or.with][to.cause.to.V.as.one.is.V-ing][to.V.toward.each.other][V→V][V][Intrg][3Sg]
naniita	nanugh*-~:(ng₁)u[to.be.N][N→V]-~i[SBJ.V-ed.something][V→V]-~i[SBJ.V-ed.something][V→V]-~i[SBJ.V-ed.something][V→V]-~:(u)te[SBJ.V-ed.something][V→V][V][Intrg][3Sg]
naniita	nanugh*-~:(ng₁)u[to.be.N][N→V]-~i[SBJ.V-ed.something][V→V]-~i[SBJ.V-ed.something][V→V]-~i[SBJ.V-ed.something][V→V]-~:(u)te[condition.with.respect.to.V-ing][V→N][N][Abs][Unpd][Sg]
naniita	nanugh*-~:(ng₁)u[to.be.N][N→V]-~i[SBJ.V-ed.something][V→V]-~i[SBJ.V-ed.something][V→V]-~i[SBJ.V-ed.something][V→V]-~:(u)ta[condition.with.respect.to.V-ing][V→N][N][Abs][Unpd][Sg]
naniita	nanugh*-~:(ng₁)u[to.be.N][N→V]-~i[SBJ.V-ed.something][V→V]-~i[SBJ.V-ed.something][V→V]-~i[SBJ.V-ed.something][V→V]-te[to.act.on.so.as.to.cause.to.V][V→V][V][Intrg][3Sg]
naniita	nanugh*-~:(ng₁)u[to.be.N][N→V]-~i[SBJ.V-ed.something][V→V]-~i[SBJ.V-ed.something][V→V]-~:(u)te[to.V.for.or.with][to.cause.to.V.as.one.is.V-ing][to.V.toward.each.other][V→V][V][Intrg][3Sg]
naniita	nanugh*-~:(ng₁)u[to.be.N][N→V]-~i[SBJ.V-ed.something][V→V]-~i[SBJ.V-ed.something][V→V]-~:(u)te[SBJ.V-ed.something][V→V][V][Intrg][3Sg]
naniita	nanugh*-~:(ng₁)u[to.be.N][N→V]-~i[SBJ.V-ed.something][V→V]-~i[SBJ.V-ed.something][V→V]-~:(u)te[condition.with.respect.to.V-ing][V→N][N][Abs][Unpd][Sg]
naniita	nanugh*-~:(ng₁)u[to.be.N][N→V]-~i[SBJ.V-ed.something][V→V]-~i[SBJ.V-ed.something][V→V]-~:(u)ta[condition.with.respect.to.V-ing][V→N][N][Abs][Unpd][Sg]
naniita	nanugh*-~:(ng₁)u[to.be.N][N→V]-~i[SBJ.V-ed.something][V→V]-~i[SBJ.V-ed.something][V→V]-te[to.act.on.so.as.to.cause.to.V][V→V][V][Intrg][3Sg]
naniita	nanugh*-~:(ng₁)u[to.be.N][N→V]-~i[SBJ.V-ed.something][V→V]-~:(u)te[to.V.for.or.with][to.cause.to.V.as.one.is.V-ing][to.V.toward.each.other][V→V][V][Intrg][3Sg]
naniita	nanugh*-~:(ng₁)u[to.be.N][N→V]-~i[SBJ.V-ed.something][V→V]-~:(u)te[SBJ.V-ed.something][V→V][V][Intrg][3Sg]
naniita	nanugh*-~:(ng₁)u[to.be.N][N→V]-~i[SBJ.V-ed.something][V→V]-~:(u)te[condition.with.respect.to.V-ing][V→N][N][Abs][Unpd][Sg]
naniita	nanugh*-~:(ng₁)u[to.be.N][N→V]-~i[SBJ.V-ed.something][V→V]-~:(u)ta[condition.with.respect.to.V-ing][V→N][N][Abs][Unpd][Sg]
naniita	nanugh*-~:(ng₁)u[to.be.N][N→V]-~i[SBJ.V-ed.something][V→V]-te[to.act.on.so.as.to.cause.to.V][V→V][V][Intrg][3Sg]
naniita	nanugh*-~:(ng₁)ite**[to.lack.N][to.not.have.N][N→V][V][Intrg][3Sg]
naniita	nanugh*[N][Rel][3DuPoss][SgPosd]
naniita	nanugh*[N][Rel][3DuPoss][PlPosd]
naniita	nanugh*[N][Rel][3PlPoss][SgPosd]
naniita	nanugh*[N][Rel][3PlPoss][PlPosd]

mesiighanun	+?

mingughhusimalghii	+?

------------------------
Melquni mesiighqeghllagyamigu ungavigneng nateghmun ateghluni sugerngengitgun kavirrakegtatgun aviightuusimalghii.

melquni	+?

mesiighqeghllagyamigu	+?

ungavigneng	+?

nateghmun	+?

ateghluni	+?

sugerngengitgun	+?

kavirrakegtatgun	+?

aviightuusimalghii	+?

------------------------
Iwerngaqun sugemgit mesiighqughtaaluki ugatanganun aglaghluni qavaamalghii.

iwerngaqun	+?

sugemgit	+?

mesiighqughtaaluki	+?

ugatanganun	+?

aglaghluni	aglagh[V][Sbrd][3Sg]

qavaamalghii	qavagh-@₁~:(i/u)ma[to.have.V-ed][to.have.been.V-ed][V→V]-@₁–lghii[the.one.that.V-ed][the.one.that.is.V][V→N][N][Abs][Unpd][Sg]
qavaamalghii	qavagh-@₁~:(i/u)ma[to.have.V-ed][to.have.been.V-ed][V→V][V][Ptcp][3Sg]

------------------------
Unaami yuuk nateghmun ateghluni qefliqumalghii, "Kiii, qamay ungavimta sugerngangi seghleghuut whaa legan mesighllaguut.

unaami	unaami[N][Abs][Unpd][Sg]

yuuk	yug[N][Abs][Sg]

nateghmun	+?

ateghluni	+?

qefliqumalghii	qefliqe-@₁~:(i/u)ma[to.have.V-ed][to.have.been.V-ed][V→V]-@₁–lghii[the.one.that.V-ed][the.one.that.is.V][V→N][N][Abs][Unpd][Sg]
qefliqumalghii	qefliqe-@₁~:(i/u)ma[to.have.V-ed][to.have.been.V-ed][V→V][V][Ptcp][3Sg]

kiii	+?

qamay	+?

ungavimta	+?

sugerngangi	+?

seghleghuut	seghlegh-~:(ng₁)u[to.be.N][N→V][V][Ind][3Pl]
seghleghuut	seghleghu[V][Ind][3Pl]

whaa	+?

legan	legan

mesighllaguut	+?

------------------------
Uguminaghnaghhalek enankinam saam yeghrat nukeggnaaghqeghllagumaa."

uguminaghnaghhalek	+?

enankinam	+?

saam	+?

yeghrat	+?

nukeggnaaghqeghllagumaa	+?

------------------------
Uganguq uwatanganeng aleghquumalghii, "Piyaghamkenta sughuguunga!"

uganguq	+?

uwatanganeng	+?

aleghquumalghii	alegh-te[to.catch.N][to.go.to.N][N→V]-@₁qugh[to.V.completely]-@₁~:(i/u)ma[to.have.V-ed][to.have.been.V-ed][V→V]-@₁–lghii[the.one.that.V-ed][the.one.that.is.V][V→N][N][Abs][Unpd][Sg]
aleghquumalghii	alegh-te[to.catch.N][to.go.to.N][N→V]-@₁qugh[to.V.completely]-@₁~:(i/u)ma[to.have.V-ed][to.have.been.V-ed][V→V][V][Ptcp][3Sg]
aleghquumalghii	aleghqugh-@₁~:(i/u)ma[to.have.V-ed][to.have.been.V-ed][V→V]-@₁–lghii[the.one.that.V-ed][the.one.that.is.V][V→N][N][Abs][Unpd][Sg]

piyaghamkenta	+?

sughuguunga	+?

------------------------
"Uguminaghnaghhalek qateghyiighaghhaq una!" yuuk pimalghii.

uguminaghnaghhalek	+?

qateghyiighaghhaq	+?

una	una

yuuk	yug[N][Abs][Sg]

pimalghii	pi-@₁~:(i/u)ma[to.have.V-ed][to.have.been.V-ed][V→V]-@₁–lghii[the.one.that.V-ed][the.one.that.is.V][V→N][N][Abs][Unpd][Sg]
pimalghii	pi-@₁~:(i/u)ma[to.have.V-ed][to.have.been.V-ed][V→V][V][Ptcp][3Sg]

------------------------
Enkaam qateghyiighaghhaq malighqaghataghluku tuguyamigu piigughluku eslatmun egsimakanga, whaten pimaghmi, "Enngaatall aglaa sughuggaaten!"

enkaam	enkaam

qateghyiighaghhaq	+?

malighqaghataghluku	+?

tuguyamigu	tugu-~:(u)te[to.V.for.or.with][to.cause.to.V.as.one.is.V-ing][to.V.toward.each.other][V→V][V][CnsqI][4Sg][3Sg]
tuguyamigu	tugu[V][CnsqI][4Sg][3Sg]

piigughluku	+?

eslatmun	+?

egsimakanga	egte-@₁~:(i/u)ma[to.have.V-ed][to.have.been.V-ed][V→V]-@*@₂~sf–(g₂)k(a)e[the.one.that.possessor.V-ed][V→N][N][Abs][3SgPoss][SgPosd]
egsimakanga	egte-@₁~:(i/u)ma[to.have.V-ed][to.have.been.V-ed][V→V][V][Ptcp][3Sg][3Sg]
egsimakanga	egte-@₁~:(i/u)ma[to.have.V-ed][to.have.been.V-ed][V→V][V][Cond][3Sg][1Sg]

whaten	+?

pimaghmi	pi-@₁~:(i/u)magh*[while.V-ing][V→V][Quant_Qual][4Sg]

enngaatall	+?

aglaa	aglagh[V][Opt][PRS][2Sg]

sughuggaaten	+?

------------------------


	

------------------------
Unugyagu qavaasata qateghyiighaghhaq iighwiighluni unguvaghyalghiimi jaighqutameng ghhitaghluki uyguquutaamalghii.

unugyagu	unug[Imprs_Agnt][V][CnsqI][3Sg][3Sg]

qavaasata	qavagh-~:(u)te[to.V.for.or.with][to.cause.to.V.as.one.is.V-ing][to.V.toward.each.other][V→V]-te[to.act.on.so.as.to.cause.to.V][V→V][V][CnsqI][3Pl]
qavaasata	qavagh-~:(u)te[to.V.for.or.with][to.cause.to.V.as.one.is.V-ing][to.V.toward.each.other][V→V][V][CnsqI][3Pl]
qavaasata	qavagh-~:(u)te[condition.with.respect.to.V-ing][V→N]-te[to.catch.N][to.go.to.N][N→V][V][CnsqI][3Pl]
qavaasata	qavagh-~:(u)te[SBJ.V-ed.something][V→V]-te[to.act.on.so.as.to.cause.to.V][V→V][V][CnsqI][3Pl]
qavaasata	qavagh-~:(u)te[SBJ.V-ed.something][V→V][V][CnsqI][3Pl]

qateghyiighaghhaq	+?

iighwiighluni	+?

unguvaghyalghiimi	+?

jaighqutameng	+?

ghhitaghluki	+?

uyguquutaamalghii	+?

------------------------
Masingka takuyaqminiki yugem mengteghaanun mayughluni qaakgit tapghangllaqamineng yughqutameng kenlengikun qamqaghsimakangi.

masingka	+?

takuyaqminiki	+?

yugem	yug[N][Rel][Unpd][Sg]

mengteghaanun	+?

mayughluni	mayugh[V][Sbrd][3Sg]

qaakgit	+?

tapghangllaqamineng	+?

yughqutameng	+?

kenlengikun	+?

qamqaghsimakangi	+?

------------------------
Iquga tapghangllaqami qamutighluku aasimakanga.

iquga	+?

tapghangllaqami	+?

qamutighluku	+?

aasimakanga	aate-@₁~:(i/u)ma[to.have.V-ed][to.have.been.V-ed][V→V]-@*@₂~sf–(g₂)k(a)e[the.one.that.possessor.V-ed][V→N][N][Abs][3SgPoss][SgPosd]
aasimakanga	aate-@₁~:(i/u)ma[to.have.V-ed][to.have.been.V-ed][V→V][V][Ptcp][3Sg][3Sg]
aasimakanga	aate-@₁~:(i/u)ma[to.have.V-ed][to.have.been.V-ed][V→V][V][Cond][3Sg][1Sg]

------------------------
Enkaam qateghyiighaghhaam unulqusiq mengteghaq quulmun yaqiisimakanga.

enkaam	enkaam

qateghyiighaghhaam	+?

unulqusiq	+?

mengteghaq	+?

quulmun	+?

yaqiisimakanga	+?

------------------------
Iiwen unugem qukaaneng aghvighaquq kenlengakun mengteghaq mengqughtaghluku llighaqaa.

iiwen	+?

unugem	+?

qukaaneng	+?

aghvighaquq	aghvigh-~(g₁)aqe[to.be.V.ing][to.regularly.or.repeatedly.V][V→V][V][Ind][3Sg]

kenlengakun	+?

mengteghaq	+?

mengqughtaghluku	+?

llighaqaa	+?

------------------------
Qateghyiighaghhaam sagiqusimakanga.

qateghyiighaghhaam	+?

sagiqusimakanga	+?

------------------------
Qenwatlu kenlengakun mengteghaq ghhataghaghsimakanga.

qenwatlu	+?

kenlengakun	+?

mengteghaq	+?

ghhataghaghsimakanga	+?

------------------------
Ghhataghaghsamigu qateghyiighaghhaam mengteghaq atghaasimakanga meghem qulanganun.

ghhataghaghsamigu	+?

qateghyiighaghhaam	+?

mengteghaq	+?

atghaasimakanga	atghagh-~:(u)te[to.V.for.or.with][to.cause.to.V.as.one.is.V-ing][to.V.toward.each.other][V→V]-@₁~:(i/u)ma[to.have.V-ed][to.have.been.V-ed][V→V]-@*@₂~sf–(g₂)k(a)e[the.one.that.possessor.V-ed][V→N][N][Abs][3SgPoss][SgPosd]
atghaasimakanga	atghagh-~:(u)te[SBJ.V-ed.something][V→V]-@₁~:(i/u)ma[to.have.V-ed][to.have.been.V-ed][V→V]-@*@₂~sf–(g₂)k(a)e[the.one.that.possessor.V-ed][V→N][N][Abs][3SgPoss][SgPosd]

meghem	megh[N][Rel][Unpd][Sg]

qulanganun	+?

------------------------
Taagken qateghyiighaghhaam mengteghaq meghqun llikestaamakanga.

taagken	taagken

qateghyiighaghhaam	+?

mengteghaq	+?

meghqun	megh[N][Via][Unpd][Sg]

llikestaamakanga	+?

------------------------
Qamanguq yugem pimakanga nuliini, "Uuugg naken enraq meghem iteghtinkut?

qamanguq	+?

yugem	yug[N][Rel][Unpd][Sg]

pimakanga	pi-@₁~:(i/u)ma[to.have.V-ed][to.have.been.V-ed][V→V]-@*@₂~sf–(g₂)k(a)e[the.one.that.possessor.V-ed][V→N][N][Abs][3SgPoss][SgPosd]
pimakanga	pi-@₁~:(i/u)ma[to.have.V-ed][to.have.been.V-ed][V→V][V][Ptcp][3Sg][3Sg]
pimakanga	pi-@₁~:(i/u)ma[to.have.V-ed][to.have.been.V-ed][V→V][V][Cond][3Sg][1Sg]

nuliini	nuliigh[N][Abs][4SgPoss][SgPosd]
nuliini	nuliigh[N][Abs][4SgPoss][PlPosd]
nuliini	nulugh-~:(ng₁)u[to.be.N][N→V]-~i[SBJ.V-ed.something][V→V]-~i[SBJ.V-ed.something][V→V]-~i[SBJ.V-ed.something][V→V]-~i[SBJ.V-ed.something][V→V]-~i[SBJ.V-ed.something][V→V]-@₁~fni[to.say.that.one.is.V-ing][Cmpd_Vbl][V][Opt][PRS][2Sg]
nuliini	nulugh-~:(ng₁)u[to.be.N][N→V]-~i[SBJ.V-ed.something][V→V]-~i[SBJ.V-ed.something][V→V]-~i[SBJ.V-ed.something][V→V]-~i[SBJ.V-ed.something][V→V]-@₁~fni[to.say.that.one.is.V-ing][Cmpd_Vbl][V][Opt][PRS][2Sg]
nuliini	nulugh-~:(ng₁)u[to.be.N][N→V]-~i[SBJ.V-ed.something][V→V]-~i[SBJ.V-ed.something][V→V]-~i[SBJ.V-ed.something][V→V]-~i[SBJ.V-ed.something][V→V]-~:(u)te[to.V.for.or.with][to.cause.to.V.as.one.is.V-ing][to.V.toward.each.other][V→V]-@₁~fni[to.say.that.one.is.V-ing][Cmpd_Vbl][V][Opt][PRS][2Sg]
nuliini	nulugh-~:(ng₁)u[to.be.N][N→V]-~i[SBJ.V-ed.something][V→V]-~i[SBJ.V-ed.something][V→V]-~i[SBJ.V-ed.something][V→V]-~i[SBJ.V-ed.something][V→V]-~:(u)te[SBJ.V-ed.something][V→V]-@₁~fni[to.say.that.one.is.V-ing][Cmpd_Vbl][V][Opt][PRS][2Sg]
nuliini	nulugh-~:(ng₁)u[to.be.N][N→V]-~i[SBJ.V-ed.something][V→V]-~i[SBJ.V-ed.something][V→V]-~i[SBJ.V-ed.something][V→V]-@₁~fni[to.say.that.one.is.V-ing][Cmpd_Vbl][V][Opt][PRS][2Sg]
nuliini	nulugh-~:(ng₁)u[to.be.N][N→V]-~i[SBJ.V-ed.something][V→V]-~i[SBJ.V-ed.something][V→V]-~i[SBJ.V-ed.something][V→V]-~:(u)te[to.V.for.or.with][to.cause.to.V.as.one.is.V-ing][to.V.toward.each.other][V→V]-@₁~fni[to.say.that.one.is.V-ing][Cmpd_Vbl][V][Opt][PRS][2Sg]
nuliini	nulugh-~:(ng₁)u[to.be.N][N→V]-~i[SBJ.V-ed.something][V→V]-~i[SBJ.V-ed.something][V→V]-~i[SBJ.V-ed.something][V→V]-~:(u)te[SBJ.V-ed.something][V→V]-@₁~fni[to.say.that.one.is.V-ing][Cmpd_Vbl][V][Opt][PRS][2Sg]
nuliini	nulugh-~:(ng₁)u[to.be.N][N→V]-~i[SBJ.V-ed.something][V→V]-~i[SBJ.V-ed.something][V→V]-@₁~fni[to.say.that.one.is.V-ing][Cmpd_Vbl][V][Opt][PRS][2Sg]
nuliini	nulugh-~:(ng₁)u[to.be.N][N→V]-~i[SBJ.V-ed.something][V→V]-~i[SBJ.V-ed.something][V→V]-~:(u)te[to.V.for.or.with][to.cause.to.V.as.one.is.V-ing][to.V.toward.each.other][V→V]-@₁~fni[to.say.that.one.is.V-ing][Cmpd_Vbl][V][Opt][PRS][2Sg]
nuliini	nulugh-~:(ng₁)u[to.be.N][N→V]-~i[SBJ.V-ed.something][V→V]-~i[SBJ.V-ed.something][V→V]-~:(u)te[SBJ.V-ed.something][V→V]-@₁~fni[to.say.that.one.is.V-ing][Cmpd_Vbl][V][Opt][PRS][2Sg]
nuliini	nulugh-~:(ng₁)u[to.be.N][N→V]-~i[SBJ.V-ed.something][V→V]-@₁~fni[to.say.that.one.is.V-ing][Cmpd_Vbl][V][Opt][PRS][2Sg]
nuliini	nulugh-~:(ng₁)u[to.be.N][N→V]-~i[SBJ.V-ed.something][V→V]-~:(u)te[to.V.for.or.with][to.cause.to.V.as.one.is.V-ing][to.V.toward.each.other][V→V]-@₁~fni[to.say.that.one.is.V-ing][Cmpd_Vbl][V][Opt][PRS][2Sg]
nuliini	nulugh-~:(ng₁)u[to.be.N][N→V]-~i[SBJ.V-ed.something][V→V]-~:(u)te[SBJ.V-ed.something][V→V]-@₁~fni[to.say.that.one.is.V-ing][Cmpd_Vbl][V][Opt][PRS][2Sg]

uuugg	+?

naken	naken

enraq	+?

meghem	megh[N][Rel][Unpd][Sg]

iteghtinkut	itegh[V][Intrg][3Pl][1Pl]
iteghtinkut	itegh[V][Intrg][3Du][1Pl]
iteghtinkut	itegh[V][Intrg][3Sg][1Pl]
iteghtinkut	itegh-te[to.act.on.so.as.to.cause.to.V][V→V][V][Intrg][3Pl][1Pl]
iteghtinkut	itegh-te[to.act.on.so.as.to.cause.to.V][V→V][V][Intrg][3Du][1Pl]
iteghtinkut	itegh-te[to.act.on.so.as.to.cause.to.V][V→V][V][Intrg][3Sg][1Pl]

------------------------
Enta qiinqaa!"

enta	+?

qiinqaa	+?

------------------------
Llaaghanwha aghnaq atqaghlluni qineghsalghiimi uzimun meghllak esghaghaa.

llaaghanwha	+?

aghnaq	aghnagh[N][Abs][Unpd][Sg]

atqaghlluni	+?

qineghsalghiimi	qineghte-@₁~fyagh[to.go.V-ing][to.V.in.vain][V→V]-@₁–lghii[the.one.that.V-ed][the.one.that.is.V][V→N][N][Loc][Unpd][Sg]
qineghsalghiimi	qineghte-@₁~fyagh[to.go.V-ing][to.V.in.vain][V→V]-@₁–lghii[the.one.that.V-ed][the.one.that.is.V][V→N][N][Rel][4SgPoss][SgPosd]
qineghsalghiimi	qineghte-@₁~fyagh[to.go.V-ing][to.V.in.vain][V→V]-@₁–lghii[the.one.that.V-ed][the.one.that.is.V][V→N][N][Rel][4SgPoss][PlPosd]
qineghsalghiimi	qineghte[V][Ptcp_Obl][4Sg]

uzimun	+?

meghllak	megh-–ghllag[big.N][N→N][N][Abs][Unpd][Sg]
meghllak	megh-–ghllak[big.N][AUG]

esghaghaa	esghagh[V][Ind][3Sg][3Sg]

------------------------
Ugini pimakanga, "Meghmun llighumakut.

ugini	ugi[N][Abs][4SgPoss][SgPosd]
ugini	ugi[N][Abs][4SgPoss][PlPosd]
ugini	ugi[N][Loc][Unpd][Pl]

pimakanga	pi-@₁~:(i/u)ma[to.have.V-ed][to.have.been.V-ed][V→V]-@*@₂~sf–(g₂)k(a)e[the.one.that.possessor.V-ed][V→N][N][Abs][3SgPoss][SgPosd]
pimakanga	pi-@₁~:(i/u)ma[to.have.V-ed][to.have.been.V-ed][V→V][V][Ptcp][3Sg][3Sg]
pimakanga	pi-@₁~:(i/u)ma[to.have.V-ed][to.have.been.V-ed][V→V][V][Cond][3Sg][1Sg]

meghmun	megh[N][Ter][Unpd][Sg]

llighumakut	+?

------------------------
Uzimun meghllaguuq."

uzimun	+?

meghllaguuq	megh-–ghllag[big.N][N→N]-~:(ng₁)u[to.be.N][N→V][V][Ind][3Sg]

------------------------
Iiwen aghnaq nepiighaquq qakmanguq kaakeggneng pimalghii, "Piiqsaghamken, sughuguunga!"

iiwen	+?

aghnaq	aghnagh[N][Abs][Unpd][Sg]

nepiighaquq	nepiigh-~(g₁)aqe[to.be.V.ing][to.regularly.or.repeatedly.V][V→V][V][Ind][3Sg]

qakmanguq	+?

kaakeggneng	+?

pimalghii	pi-@₁~:(i/u)ma[to.have.V-ed][to.have.been.V-ed][V→V]-@₁–lghii[the.one.that.V-ed][the.one.that.is.V][V→N][N][Abs][Unpd][Sg]
pimalghii	pi-@₁~:(i/u)ma[to.have.V-ed][to.have.been.V-ed][V→V][V][Ptcp][3Sg]

piiqsaghamken	pi-~(g₁)aqe[to.be.V.ing][to.regularly.or.repeatedly.V][V→V]-@₁~fyagh[to.go.V-ing][to.V.in.vain][V→V][V][Ind][1Du][2Sg]
piiqsaghamken	pi-~(g₁)aqe[to.be.V.ing][to.regularly.or.repeatedly.V][V→V]-@₁~fyagh[to.go.V-ing][to.V.in.vain][V→V][V][Ind][1Pl][2Sg]
piiqsaghamken	pi-~(g₁)aqe[to.be.V.ing][to.regularly.or.repeatedly.V][V→V]-@₁~fyagh[to.go.V-ing][to.V.in.vain][V→V][V][Ind][1Sg][2Sg]
piiqsaghamken	pi-~(g₁)aqe[to.be.V.ing][to.regularly.or.repeatedly.V][V→V]-te[to.act.on.so.as.to.cause.to.V][V→V]-@₁~fyagh[to.go.V-ing][to.V.in.vain][V→V][V][Ind][1Du][2Sg]
piiqsaghamken	pi-~(g₁)aqe[to.be.V.ing][to.regularly.or.repeatedly.V][V→V]-te[to.act.on.so.as.to.cause.to.V][V→V]-@₁~fyagh[to.go.V-ing][to.V.in.vain][V→V][V][Ind][1Pl][2Sg]
piiqsaghamken	pi-~(g₁)aqe[to.be.V.ing][to.regularly.or.repeatedly.V][V→V]-te[to.act.on.so.as.to.cause.to.V][V→V]-@₁~fyagh[to.go.V-ing][to.V.in.vain][V→V][V][Ind][1Sg][2Sg]
piiqsaghamken	pi-~(g₁)aqe[to.be.V.ing][to.regularly.or.repeatedly.V][V→V]-te[to.act.on.so.as.to.cause.to.V][V→V]-te[to.act.on.so.as.to.cause.to.V][V→V]-@₁~fyagh[to.go.V-ing][to.V.in.vain][V→V][V][Ind][1Du][2Sg]
piiqsaghamken	pi-~(g₁)aqe[to.be.V.ing][to.regularly.or.repeatedly.V][V→V]-te[to.act.on.so.as.to.cause.to.V][V→V]-te[to.act.on.so.as.to.cause.to.V][V→V]-@₁~fyagh[to.go.V-ing][to.V.in.vain][V→V][V][Ind][1Pl][2Sg]
piiqsaghamken	pi-~(g₁)aqe[to.be.V.ing][to.regularly.or.repeatedly.V][V→V]-te[to.act.on.so.as.to.cause.to.V][V→V]-te[to.act.on.so.as.to.cause.to.V][V→V]-@₁~fyagh[to.go.V-ing][to.V.in.vain][V→V][V][Ind][1Sg][2Sg]

sughuguunga	+?

------------------------
Yugem qateghyiighaghhaq naten piligu aanvigilnguq.

yugem	yug[N][Rel][Unpd][Sg]

qateghyiighaghhaq	+?

naten	naten

piligu	pi-~:(u)te[to.V.for.or.with][to.cause.to.V.as.one.is.V-ing][to.V.toward.each.other][V→V][V][Opt][PRS][3Sg][3Sg]
piligu	pi[V][Opt][PRS][3Sg][3Sg]

aanvigilnguq	+?

------------------------
Qateghyiighaghhaam lliyaqenni mengteghaq aga kalevumalghii.

qateghyiighaghhaam	+?

lliyaqenni	+?

mengteghaq	+?

aga	aga

kalevumalghii	kaleve-@₁~:(i/u)ma[to.have.V-ed][to.have.been.V-ed][V→V]-@₁–lghii[the.one.that.V-ed][the.one.that.is.V][V→N][N][Abs][Unpd][Sg]
kalevumalghii	kaleve-@₁~:(i/u)ma[to.have.V-ed][to.have.been.V-ed][V→V][V][Ptcp][3Sg]

------------------------
Meghmun kaasaghtughyami qateghyiighaghhaq makuggnaqsaghtuq.

meghmun	megh[N][Ter][Unpd][Sg]

kaasaghtughyami	kaate-@₁~fyaghtugh[to.be.about.to.V][to.go.somewhere.to.V][V][CnsqI][4Sg]

qateghyiighaghhaq	+?

makuggnaqsaghtuq	+?

------------------------
Aghtuumalghii.

aghtuumalghii	aghtugh-@₁~:(i/u)ma[to.have.V-ed][to.have.been.V-ed][V→V]-@₁–lghii[the.one.that.V-ed][the.one.that.is.V][V→N][N][Abs][Unpd][Sg]
aghtuumalghii	aghtugh-@₁~:(i/u)ma[to.have.V-ed][to.have.been.V-ed][V→V][V][Ptcp][3Sg]

------------------------
Ellngallu mengteghamun maligulluni kalevumalghii.

ellngallu	+?

mengteghamun	+?

maligulluni	+?

kalevumalghii	kaleve-@₁~:(i/u)ma[to.have.V-ed][to.have.been.V-ed][V→V]-@₁–lghii[the.one.that.V-ed][the.one.that.is.V][V→N][N][Abs][Unpd][Sg]
kalevumalghii	kaleve-@₁~:(i/u)ma[to.have.V-ed][to.have.been.V-ed][V→V][V][Ptcp][3Sg]

------------------------


	

------------------------
Qamagtuq.

qamagtuq	qamagte[V][Ind][3Sg]

------------------------
