Afsengaghhaq

﻿afsengaghhaq	+?

------------------------


	

------------------------
Iimnanguq, afsengaghhaq meqsaghtuumalghii naayvam qukaanun.

iimnanguq	+?

afsengaghhaq	afsengagh*-–ghhagh*[dear.N][N→N][N][Abs][Unpd][Sg]

meqsaghtuumalghii	megh-~–ke[to.have.as.one's.N(s)][N→V]-@₁~fyaghtugh[to.be.about.to.V][to.go.somewhere.to.V]-@₁~:(i/u)ma[to.have.V-ed][to.have.been.V-ed][V→V]-@₁–lghii[the.one.that.V-ed][the.one.that.is.V][V→N][N][Abs][Unpd][Sg]
meqsaghtuumalghii	megh-~–ke[to.have.as.one's.N(s)][N→V]-@₁~fyaghtugh[to.be.about.to.V][to.go.somewhere.to.V]-@₁~:(i/u)ma[to.have.V-ed][to.have.been.V-ed][V→V][V][Ptcp][3Sg]
meqsaghtuumalghii	megh-~–ke[to.have.as.one's.N(s)][N→V]-te[to.act.on.so.as.to.cause.to.V][V→V]-@₁~fyaghtugh[to.be.about.to.V][to.go.somewhere.to.V]-@₁~:(i/u)ma[to.have.V-ed][to.have.been.V-ed][V→V]-@₁–lghii[the.one.that.V-ed][the.one.that.is.V][V→N][N][Abs][Unpd][Sg]
meqsaghtuumalghii	megh-~–ke[to.have.as.one's.N(s)][N→V]-te[to.act.on.so.as.to.cause.to.V][V→V]-@₁~fyaghtugh[to.be.about.to.V][to.go.somewhere.to.V]-@₁~:(i/u)ma[to.have.V-ed][to.have.been.V-ed][V→V][V][Ptcp][3Sg]
meqsaghtuumalghii	megh-~–ke[to.have.as.one's.N(s)][N→V]-te[to.act.on.so.as.to.cause.to.V][V→V]-te[to.act.on.so.as.to.cause.to.V][V→V]-@₁~fyaghtugh[to.be.about.to.V][to.go.somewhere.to.V]-@₁~:(i/u)ma[to.have.V-ed][to.have.been.V-ed][V→V]-@₁–lghii[the.one.that.V-ed][the.one.that.is.V][V→N][N][Abs][Unpd][Sg]
meqsaghtuumalghii	megh-~–ke[to.have.as.one's.N(s)][N→V]-te[to.act.on.so.as.to.cause.to.V][V→V]-te[to.act.on.so.as.to.cause.to.V][V→V]-@₁~fyaghtugh[to.be.about.to.V][to.go.somewhere.to.V]-@₁~:(i/u)ma[to.have.V-ed][to.have.been.V-ed][V→V][V][Ptcp][3Sg]

naayvam	naayvagh[N][Rel][Unpd][Sg]

qukaanun	+?

------------------------
Meghumalghii anglaaghhaq ukilluku.

meghumalghii	megh-@₁~:(i/u)ma[to.have.V-ed][to.have.been.V-ed][V→V]-@₁–lghii[the.one.that.V-ed][the.one.that.is.V][V→N][N][Abs][Unpd][Sg]
meghumalghii	megh-@₁~:(i/u)ma[to.have.V-ed][to.have.been.V-ed][V→V][V][Ptcp][3Sg]
meghumalghii	megh-~:(ng₁)u[to.be.N][N→V]-@₁~:(i/u)ma[to.have.V-ed][to.have.been.V-ed][V→V]-@₁–lghii[the.one.that.V-ed][the.one.that.is.V][V→N][N][Abs][Unpd][Sg]
meghumalghii	megh-~:(ng₁)u[to.be.N][N→V]-@₁~:(i/u)ma[to.have.V-ed][to.have.been.V-ed][V→V][V][Ptcp][3Sg]
meghumalghii	meghe-@₁~:(i/u)ma[to.have.V-ed][to.have.been.V-ed][V→V]-@₁–lghii[the.one.that.V-ed][the.one.that.is.V][V→N][N][Abs][Unpd][Sg]
meghumalghii	meghe-@₁~:(i/u)ma[to.have.V-ed][to.have.been.V-ed][V→V][V][Ptcp][3Sg]

anglaaghhaq	+?

ukilluku	+?

------------------------
Meneghmeng taaqluni aqumumalghii anglaaghem saaghwani.

meneghmeng	megh-@₁–negh[the.act.or.activity.of.V-ing][V→N][N][Rel][4DuPoss][SgPosd]
meneghmeng	megh-@₁–negh[the.act.or.activity.of.V-ing][V→N][N][Rel][4DuPoss][PlPosd]
meneghmeng	megh-@₁–negh[the.act.or.activity.of.V-ing][V→N][N][Rel][4PlPoss][SgPosd]
meneghmeng	megh-@₁–negh[the.act.or.activity.of.V-ing][V→N][N][Rel][4PlPoss][PlPosd]
meneghmeng	megh-@₁–negh[the.act.or.activity.of.V-ing][V→N][N][Abl_Mod][Unpd][Sg]
meneghmeng	megh[V][Ctmp][4Pl]

taaqluni	taaqe-te[to.act.on.so.as.to.cause.to.V][V→V][V][Sbrd][3Sg]
taaqluni	taaqe[V][Sbrd][3Sg]

aqumumalghii	aqume-@₁~:(i/u)ma[to.have.V-ed][to.have.been.V-ed][V→V]-@₁–lghii[the.one.that.V-ed][the.one.that.is.V][V→N][N][Abs][Unpd][Sg]
aqumumalghii	aqume-@₁~:(i/u)ma[to.have.V-ed][to.have.been.V-ed][V→V][V][Ptcp][3Sg]

anglaaghem	+?

saaghwani	saaghw[N][Loc][3SgPoss][SgPosd]
saaghwani	saaghw[N][Loc][3SgPoss][PlPosd]

------------------------
Meghnaalimalghii tawani.

meghnaalimalghii	+?

tawani	tawani

------------------------
Meghnaalimaluku paapga kumlatusimakanga.

meghnaalimaluku	+?

paapga	papeg[N][Abs][3SgPoss][SgPosd]

kumlatusimakanga	+?

------------------------
Ilagaamalghii inqunamen papeni ghhataghtesqelluku, "Kanakiii, kanakiii, kanakiii, kanakiii, ukigem talatanga!

ilagaamalghii	ilagagh-@₁~:(i/u)ma[to.have.V-ed][to.have.been.V-ed][V→V]-@₁–lghii[the.one.that.V-ed][the.one.that.is.V][V→N][N][Abs][Unpd][Sg]
ilagaamalghii	ilagagh-@₁~:(i/u)ma[to.have.V-ed][to.have.been.V-ed][V→V][V][Ptcp][3Sg]

inqunamen	+?

papeni	papeg[N][Abs][4SgPoss][SgPosd]
papeni	papeg[N][Abs][4SgPoss][PlPosd]

ghhataghtesqelluku	+?

kanakiii	+?

kanakiii	+?

kanakiii	+?

kanakiii	+?

ukigem	+?

talatanga	+?

------------------------
Kiyayuvaghluktungaaaa!

kiyayuvaghluktungaaaa	+?

------------------------
Amiqluk pikrungaaaaaa, taymanalukaa, kalalikaaaa, taymanalukaa, kalalikaaaa."

amiqluk	+?

pikrungaaaaaa	+?

taymanalukaa	+?

kalalikaaaa	+?

taymanalukaa	+?

kalalikaaaa	+?

------------------------


	

------------------------
Taaqumalghii ilaganeghmeng.

taaqumalghii	taaqe-@₁~:(i/u)ma[to.have.V-ed][to.have.been.V-ed][V→V]-@₁–lghii[the.one.that.V-ed][the.one.that.is.V][V→N][N][Abs][Unpd][Sg]
taaqumalghii	taaqe-@₁~:(i/u)ma[to.have.V-ed][to.have.been.V-ed][V→V][V][Ptcp][3Sg]

ilaganeghmeng	ilagagh-@₁–negh[the.act.or.activity.of.V-ing][V→N][N][Rel][4DuPoss][SgPosd]
ilaganeghmeng	ilagagh-@₁–negh[the.act.or.activity.of.V-ing][V→N][N][Rel][4DuPoss][PlPosd]
ilaganeghmeng	ilagagh-@₁–negh[the.act.or.activity.of.V-ing][V→N][N][Rel][4PlPoss][SgPosd]
ilaganeghmeng	ilagagh-@₁–negh[the.act.or.activity.of.V-ing][V→N][N][Rel][4PlPoss][PlPosd]
ilaganeghmeng	ilagagh-@₁–negh[the.act.or.activity.of.V-ing][V→N][N][Abl_Mod][Unpd][Sg]
ilaganeghmeng	ilagagh[V][Ctmp][4Pl]

------------------------
Sunanguq taana amiqluggaq ketfaghaghta.

sunanguq	+?

taana	taana

amiqluggaq	+?

ketfaghaghta	+?

------------------------
Afsengaghhaam pimakanga, "Awiiten!

afsengaghhaam	afsengagh*-–ghhagh*[dear.N][N→N][N][Rel][Unpd][Sg]

pimakanga	pi-@₁~:(i/u)ma[to.have.V-ed][to.have.been.V-ed][V→V]-@*@₂~sf–(g₂)k(a)e[the.one.that.possessor.V-ed][V→N][N][Abs][3SgPoss][SgPosd]
pimakanga	pi-@₁~:(i/u)ma[to.have.V-ed][to.have.been.V-ed][V→V][V][Ptcp][3Sg][3Sg]
pimakanga	pi-@₁~:(i/u)ma[to.have.V-ed][to.have.been.V-ed][V→V][V][Cond][3Sg][1Sg]

awiiten	+?

------------------------
Uuynituten!"

uuynituten	+?

------------------------
Amiqluggaq aghulaqumalghii.

amiqluggaq	+?

aghulaqumalghii	aghulaqe-@₁~:(i/u)ma[to.have.V-ed][to.have.been.V-ed][V→V]-@₁–lghii[the.one.that.V-ed][the.one.that.is.V][V→N][N][Abs][Unpd][Sg]
aghulaqumalghii	aghulaqe-@₁~:(i/u)ma[to.have.V-ed][to.have.been.V-ed][V→V][V][Ptcp][3Sg]

------------------------
Allameng ilagaghlaataamalghii, "Kanakiii, kanakiii, kanakiii, kanakiii, ukigem talatanga!

allameng	alla[N][Rel][4DuPoss][SgPosd]
allameng	alla[N][Rel][4DuPoss][PlPosd]
allameng	alla[N][Rel][4PlPoss][SgPosd]
allameng	alla[N][Rel][4PlPoss][PlPosd]
allameng	alla[N][Abl_Mod][Unpd][Sg]

ilagaghlaataamalghii	ilagagh-@₁~laatagh[to.V.anyway][despite.everything.to.still.V][V→V]-@₁~:(i/u)ma[to.have.V-ed][to.have.been.V-ed][V→V]-@₁–lghii[the.one.that.V-ed][the.one.that.is.V][V→N][N][Abs][Unpd][Sg]
ilagaghlaataamalghii	ilagagh-@₁~laatagh[to.V.anyway][despite.everything.to.still.V][V→V]-@₁~:(i/u)ma[to.have.V-ed][to.have.been.V-ed][V→V][V][Ptcp][3Sg]

kanakiii	+?

kanakiii	+?

kanakiii	+?

kanakiii	+?

ukigem	+?

talatanga	+?

------------------------
Kiyayuvaghluktungaaaa, sikik pikrungaaaaaa, taymanalukaa, kalalikaaaa."

kiyayuvaghluktungaaaa	+?

sikik	sikig[N][Abs][Unpd][Sg]

pikrungaaaaaa	+?

taymanalukaa	+?

kalalikaaaa	+?

------------------------


	

------------------------
Sunanguq taana sikiggaq ketfaghta.

sunanguq	+?

taana	taana

sikiggaq	+?

ketfaghta	ketfagh[V][Intrg][3Sg]
ketfaghta	ketfagh-te[to.act.on.so.as.to.cause.to.V][V→V][V][Intrg][3Sg]

------------------------
Afsengaghhaam pimakanga, "Awiiten!

afsengaghhaam	afsengagh*-–ghhagh*[dear.N][N→N][N][Rel][Unpd][Sg]

pimakanga	pi-@₁~:(i/u)ma[to.have.V-ed][to.have.been.V-ed][V→V]-@*@₂~sf–(g₂)k(a)e[the.one.that.possessor.V-ed][V→N][N][Abs][3SgPoss][SgPosd]
pimakanga	pi-@₁~:(i/u)ma[to.have.V-ed][to.have.been.V-ed][V→V][V][Ptcp][3Sg][3Sg]
pimakanga	pi-@₁~:(i/u)ma[to.have.V-ed][to.have.been.V-ed][V→V][V][Cond][3Sg][1Sg]

awiiten	+?

------------------------
Papegtuuten!"

papegtuuten	papeg-tugh[to.eat.N][to.use.N][N→V]-~:(u)te[to.V.for.or.with][to.cause.to.V.as.one.is.V-ing][to.V.toward.each.other][V→V][V][Opt][PRS][2Sg]
papegtuuten	papeg-tugh[to.eat.N][to.use.N][N→V]-~:(u)te[condition.with.respect.to.V-ing][V→N][N][Abs][2SgPoss][SgPosd]
papegtuuten	papeg-tugh[to.eat.N][to.use.N][N→V]-~:(u)te[SBJ.V-ed.something][V→V][V][Opt][PRS][2Sg]

------------------------
Sikiggaq aghulaqumalghii.

sikiggaq	+?

aghulaqumalghii	aghulaqe-@₁~:(i/u)ma[to.have.V-ed][to.have.been.V-ed][V→V]-@₁–lghii[the.one.that.V-ed][the.one.that.is.V][V→N][N][Abs][Unpd][Sg]
aghulaqumalghii	aghulaqe-@₁~:(i/u)ma[to.have.V-ed][to.have.been.V-ed][V→V][V][Ptcp][3Sg]

------------------------
Allameng ilagaghlaataghtuq,"Kanakiii, kanakiii, kanakiii, kanakiii, ukigem talatanga!

allameng	alla[N][Rel][4DuPoss][SgPosd]
allameng	alla[N][Rel][4DuPoss][PlPosd]
allameng	alla[N][Rel][4PlPoss][SgPosd]
allameng	alla[N][Rel][4PlPoss][PlPosd]
allameng	alla[N][Abl_Mod][Unpd][Sg]

ilagaghlaataghtuqkanakiii	+?

kanakiii	+?

kanakiii	+?

kanakiii	+?

ukigem	+?

talatanga	+?

------------------------
Kiyayuvaghluktungaaaa, ukaziq pikrungaaaaaa, taymanalukaa, kalalikaaaa."

kiyayuvaghluktungaaaa	+?

ukaziq	ukazigh[N][Abs][Unpd][Sg]

pikrungaaaaaa	+?

taymanalukaa	+?

kalalikaaaa	+?

------------------------


	

------------------------
Sunanguq taana ukazighhaq ketfaghta.

sunanguq	+?

taana	taana

ukazighhaq	ukazigh-–ghhagh*[dear.N][N→N][N][Abs][Unpd][Sg]

ketfaghta	ketfagh[V][Intrg][3Sg]
ketfaghta	ketfagh-te[to.act.on.so.as.to.cause.to.V][V→V][V][Intrg][3Sg]

------------------------
Afsengaghhaam pimakanga, "Awiiten!

afsengaghhaam	afsengagh*-–ghhagh*[dear.N][N→N][N][Rel][Unpd][Sg]

pimakanga	pi-@₁~:(i/u)ma[to.have.V-ed][to.have.been.V-ed][V→V]-@*@₂~sf–(g₂)k(a)e[the.one.that.possessor.V-ed][V→N][N][Abs][3SgPoss][SgPosd]
pimakanga	pi-@₁~:(i/u)ma[to.have.V-ed][to.have.been.V-ed][V→V][V][Ptcp][3Sg][3Sg]
pimakanga	pi-@₁~:(i/u)ma[to.have.V-ed][to.have.been.V-ed][V→V][V][Cond][3Sg][1Sg]

awiiten	+?

------------------------
Paapgen mekestaaghhaaguq!"

paapgen	papeg[N][Abs][2SgPoss][SgPosd]

mekestaaghhaaguq	mekestaaghhaa[V][Ind][3Sg]
mekestaaghhaaguq	mekestaaghhagh*-~:(ng₁)u[to.be.N][N→V][V][Ind][3Sg]

------------------------
Ukazighhaq aghulaqumalghii.

ukazighhaq	ukazigh-–ghhagh*[dear.N][N→N][N][Abs][Unpd][Sg]

aghulaqumalghii	aghulaqe-@₁~:(i/u)ma[to.have.V-ed][to.have.been.V-ed][V→V]-@₁–lghii[the.one.that.V-ed][the.one.that.is.V][V→N][N][Abs][Unpd][Sg]
aghulaqumalghii	aghulaqe-@₁~:(i/u)ma[to.have.V-ed][to.have.been.V-ed][V→V][V][Ptcp][3Sg]

------------------------
Allameng ilagaghlaataghtuq, "Kanakiii, kanakiii, kanakiii, kanakiii, ukigem talatanga!

allameng	alla[N][Rel][4DuPoss][SgPosd]
allameng	alla[N][Rel][4DuPoss][PlPosd]
allameng	alla[N][Rel][4PlPoss][SgPosd]
allameng	alla[N][Rel][4PlPoss][PlPosd]
allameng	alla[N][Abl_Mod][Unpd][Sg]

ilagaghlaataghtuq	ilagagh-@₁~laatagh[to.V.anyway][despite.everything.to.still.V][V→V][V][Ind][3Sg]
ilagaghlaataghtuq	ilagagh-@₁~laatagh[to.V.anyway][despite.everything.to.still.V][V→V]-te[to.act.on.so.as.to.cause.to.V][V→V][V][Ind][3Sg]

kanakiii	+?

kanakiii	+?

kanakiii	+?

kanakiii	+?

ukigem	+?

talatanga	+?

------------------------
Kiyayuvaghluktungaaaa, kaynga pikrungaaaaaa, taymanalukaa, kalalikaaaa."

kiyayuvaghluktungaaaa	+?

kaynga	+?

pikrungaaaaaa	+?

taymanalukaa	+?

kalalikaaaa	+?

------------------------


	

------------------------
Sunanguq taana kayngeghllak ketfaghaghta.

sunanguq	+?

taana	taana

kayngeghllak	+?

ketfaghaghta	+?

------------------------
Ketfaatkelluku afsengaghhaq paatgumakanga.

ketfaatkelluku	+?

afsengaghhaq	afsengagh*-–ghhagh*[dear.N][N→N][N][Abs][Unpd][Sg]

paatgumakanga	+?

------------------------
Paapga kepkaamakanga.

paapga	papeg[N][Abs][3SgPoss][SgPosd]

kepkaamakanga	+?

------------------------
Tawaten kayngem afsengaghhaq kayusiimakanga.

tawaten	tawaten

kayngem	+?

afsengaghhaq	afsengagh*-–ghhagh*[dear.N][N→N][N][Abs][Unpd][Sg]

kayusiimakanga	kayusigh-@₁~:(i/u)ma[to.have.V-ed][to.have.been.V-ed][V→V]-@*@₂~sf–(g₂)k(a)e[the.one.that.possessor.V-ed][V→N][N][Abs][3SgPoss][SgPosd]
kayusiimakanga	kayusigh-@₁~:(i/u)ma[to.have.V-ed][to.have.been.V-ed][V→V][V][Ptcp][3Sg][3Sg]
kayusiimakanga	kayusigh-@₁~:(i/u)ma[to.have.V-ed][to.have.been.V-ed][V→V][V][Cond][3Sg][1Sg]

------------------------


	

------------------------
Qamagtuq tefaay.

qamagtuq	qamagte[V][Ind][3Sg]

tefaay	+?

------------------------
