Iiyaghhiinalek

iiyaghhiinalek	+?

------------------------
Elqiilaam Apellgha

elqiilaam	+?

apellgha	+?

------------------------


------------------------
Ungipaghaninguq imani, mekelghiighhaankugnguq taakuk nengyuqutalghiik nenglumi kiyaghtaaghek« Mekelghiighhaq aanigalnguq saluni aanli aatkiilnguq.

ungipaghaninguq	ungipaghagh[N][Abs][4SgPoss][SgPosd]-nguq[Encl]
ungipaghaninguq	ungipaghagh[N][Abs][4SgPoss][PlPosd]-nguq[Encl]
ungipaghaninguq	ungipaghagh[N][Loc][Unpd][Pl]-nguq[Encl]

imani	imani

mekelghiighhaankugnguq	mekelghiigh-–ghhagh*[dear.N][N→N]-~sf-w:(e)nkuk[N.and.partner.or.spouse][N→N][N][Abs][Unpd][Sg]-nguq[Encl]

taakuk	taake[V][Ind][3Du]

nengyuqutalghiik	+?

nenglumi	nenglu[N][Loc][Unpd][Sg]
nenglumi	nenglu[N][Rel][4SgPoss][SgPosd]
nenglumi	nenglu[N][Rel][4SgPoss][PlPosd]

kiyaghtaaghek«	+?

mekelghiighhaq	mekelghiigh-–ghhagh*[dear.N][N→N][N][Abs][Unpd][Sg]

aanigalnguq	+?

saluni	sa-~:(u)te[to.V.for.or.with][to.cause.to.V.as.one.is.V-ing][to.V.toward.each.other][V→V][V][Sbrd][3Sg]
saluni	sa-~:(u)te[SBJ.V-ed.something][V→V][V][Sbrd][3Sg]
saluni	sa[V][Sbrd][3Sg]

aanli	aane[V][Opt][PRS][3Sg]

aatkiilnguq	aatkagh-~:(ng₁)ite**[to.lack.N][to.not.have.N][N→V]-@*ngugh*[the.one.that.V-ed][the.one.that.is.V][V→N][N][Abs][Unpd][Sg]
aatkiilnguq	aatkagh-~:(ng₁)ite**[to.lack.N][to.not.have.N][N→V][V][Ptcp][3Sg]
aatkiilnguq	aatkagh-~:(ng₁)ite**[to.lack.N][to.not.have.N][N→V][V][Ptcp][3Du]

------------------------
Quunpenguq aghnelqusiq atkuwhani aalluku maghuyuglluni kiyaghtaaghaqelghii.

quunpenguq	+?

aghnelqusiq	+?

atkuwhani	+?

aalluku	aate[V][Sbrd][1Du][3Sg]
aalluku	aate[V][Sbrd][1Pl][3Sg]
aalluku	aate[V][Sbrd][1Sg][3Sg]
aalluku	aate[V][Sbrd][2Du][3Sg]
aalluku	aate[V][Sbrd][2Pl][3Sg]
aalluku	aate[V][Sbrd][2Sg][3Sg]
aalluku	aate[V][Sbrd][3Du][3Sg]
aalluku	aate[V][Sbrd][3Pl][3Sg]
aalluku	aate[V][Sbrd][3Sg][3Sg]

maghuyuglluni	+?

kiyaghtaaghaqelghii	+?

------------------------


------------------------
Maghuyugtaaghneng sivuggneghmini iiyani taananguq aghulalluku taawa almesimitun nekegtaqelghii tawaten.

maghuyugtaaghneng	+?

sivuggneghmini	+?

iiyani	iiyagh[N][Abs][4SgPoss][SgPosd]
iiyani	iiyagh[N][Abs][4SgPoss][PlPosd]
iiyani	iiyagh[N][Loc][Unpd][Pl]

taananguq	+?

aghulalluku	+?

taawa	taawa

almesimitun	+?

nekegtaqelghii	+?

tawaten	tawaten

------------------------
Quunpeng tawaten kiyaghtaaq elngaatall.

quunpeng	quunpeng

tawaten	tawaten

kiyaghtaaq	kiyaghte-~faagh[one.who.keeps.on.V-ing][AUG]

elngaatall	elngaatall

------------------------
Sangan naqam iiyani qelpeghtaqagu.

sangan	sa[N][Rel][3SgPoss][SgPosd]
sangan	sa[N][Rel][3SgPoss][PlPosd]
sangan	sa[V][CnsqI][3Sg]
sangan	sangagh[N][Abs][2SgPoss][SgPosd]
sangan	sangan

naqam	naqam

iiyani	iiyagh[N][Abs][4SgPoss][SgPosd]
iiyani	iiyagh[N][Abs][4SgPoss][PlPosd]
iiyani	iiyagh[N][Loc][Unpd][Pl]

qelpeghtaqagu	qelpeghte-~(g₁)aqe[to.be.V.ing][to.regularly.or.repeatedly.V][V→V][V][Intrg][3Sg][3Sg]

------------------------


------------------------
Allanguq tawaten, umiilelguunnguq, maalghuk umiilgegket Aallgha aklungilnguq, aallgha akluumalghii.

allanguq	alla[N][Abs][Unpd][Sg]-nguq[Encl]

tawaten	tawaten

umiilelguunnguq	+?

maalghuk	+?

umiilgegket	+?

aallgha	+?

aklungilnguq	+?

aallgha	+?

akluumalghii	+?

------------------------
Angyaghuunnaqennguq upenghami, ellngallu mekelghiighhaq qakiqniqumalghii.

angyaghuunnaqennguq	+?

upenghami	+?

ellngallu	+?

mekelghiighhaq	mekelghiigh-–ghhagh*[dear.N][N→N][N][Abs][Unpd][Sg]

qakiqniqumalghii	+?

------------------------


------------------------
Qaywanguq nengyughhaan ighleksaghaa, "Sameng aalluten angyaghnaqsin?"

qaywanguq	+?

nengyughhaan	nengyugh*-–ghhagh*[dear.N][N→N]-~:(ng₁)u[to.be.N][N→V]-~:(u)te[condition.with.respect.to.V-ing][V→N][N][Abs][Unpd][Sg]
nengyughhaan	nengyugh*-–ghhagh*[dear.N][N→N][N][Abs][2SgPoss][SgPosd]
nengyughhaan	nengyugh*-–ghhagh*[dear.N][N→N][N][Rel][3SgPoss][SgPosd]
nengyughhaan	nengyugh*-–ghhagh*[dear.N][N→N][N][Rel][3SgPoss][PlPosd]

ighleksaghaa	+?

sameng	sa[N][Rel][4DuPoss][SgPosd]
sameng	sa[N][Rel][4DuPoss][PlPosd]
sameng	sa[N][Rel][4PlPoss][SgPosd]
sameng	sa[N][Rel][4PlPoss][PlPosd]
sameng	sa[N][Abl_Mod][Unpd][Sg]
sameng	sameng

aalluten	aate[V][Sbrd][1Du][2Sg]
aalluten	aate[V][Sbrd][1Pl][2Sg]
aalluten	aate[V][Sbrd][1Sg][2Sg]
aalluten	aate[V][Sbrd][3Du][2Sg]
aalluten	aate[V][Sbrd][3Pl][2Sg]
aalluten	aate[V][Sbrd][3Sg][2Sg]

angyaghnaqsin	angyagh-@₁~fnaqe[to.be.going.to.V][V→V][V][Intrg][2Sg]

------------------------
Mekelghiighhaam pimakanga nengyuni, "Aatkaghten tagivaghqi aannaqanka."

mekelghiighhaam	mekelghiigh-–ghhagh*[dear.N][N→N][N][Rel][Unpd][Sg]

pimakanga	pi-@₁~:(i/u)ma[to.have.V-ed][to.have.been.V-ed][V→V]-@*@₂~sf–(g₂)k(a)e[the.one.that.possessor.V-ed][V→N][N][Abs][3SgPoss][SgPosd]
pimakanga	pi-@₁~:(i/u)ma[to.have.V-ed][to.have.been.V-ed][V→V][V][Ptcp][3Sg][3Sg]
pimakanga	pi-@₁~:(i/u)ma[to.have.V-ed][to.have.been.V-ed][V→V][V][Cond][3Sg][1Sg]

nengyuni	nengyugh*[N][Abs][4SgPoss][SgPosd]
nengyuni	nengyugh*[N][Abs][4SgPoss][PlPosd]

aatkaghten	aatkagh-te[to.catch.N][to.go.to.N][N→V][V][Opt][PRS][2Sg]
aatkaghten	aatkagh[N][Abs][2SgPoss][PlPosd]

tagivaghqi	+?

aannaqanka	aate-@₁~fnaqe[to.be.going.to.V][V→V][V][Ind][1Sg][3Pl]

------------------------
Legannguq nengyughhaghmi aatkaghhii aalluki mengakun taaggun aanumalghii.

legannguq	+?

nengyughhaghmi	nengyugh*-–ghhagh*[dear.N][N→N][N][Loc][Unpd][Sg]
nengyughhaghmi	nengyugh*-–ghhagh*[dear.N][N→N][N][Rel][4SgPoss][SgPosd]
nengyughhaghmi	nengyugh*-–ghhagh*[dear.N][N→N][N][Rel][4SgPoss][PlPosd]

aatkaghhii	aate-@₂~fkaq[one.that.has.V-ed][V→N]-–ghhagh*[dear.N][N→N]-~:(ng₁)u[to.be.N][N→V]-~i[SBJ.V-ed.something][V→V]-~i[SBJ.V-ed.something][V→V]-~i[SBJ.V-ed.something][V→V][V][Opt][PRS][2Sg]
aatkaghhii	aate-@₂~fkaq[one.that.has.V-ed][V→N]-–ghhagh*[dear.N][N→N]-~:(ng₁)u[to.be.N][N→V]-~i[SBJ.V-ed.something][V→V]-~i[SBJ.V-ed.something][V→V][V][Opt][PRS][2Sg]
aatkaghhii	aate-@₂~fkaq[one.that.has.V-ed][V→N]-–ghhagh*[dear.N][N→N]-~:(ng₁)u[to.be.N][N→V]-~i[SBJ.V-ed.something][V→V][V][Opt][PRS][2Sg]
aatkaghhii	aate-@₂~fkaq[one.that.has.V-ed][V→N]-–ghhagh*[dear.N][N→N][N][Abs][3SgPoss][PlPosd]
aatkaghhii	aatkagh-–ghhagh*[dear.N][N→N]-~:(ng₁)u[to.be.N][N→V]-~i[SBJ.V-ed.something][V→V]-~i[SBJ.V-ed.something][V→V]-~i[SBJ.V-ed.something][V→V]-~i[SBJ.V-ed.something][V→V][V][Opt][PRS][2Sg]
aatkaghhii	aatkagh-–ghhagh*[dear.N][N→N]-~:(ng₁)u[to.be.N][N→V]-~i[SBJ.V-ed.something][V→V]-~i[SBJ.V-ed.something][V→V]-~i[SBJ.V-ed.something][V→V][V][Opt][PRS][2Sg]
aatkaghhii	aatkagh-–ghhagh*[dear.N][N→N]-~:(ng₁)u[to.be.N][N→V]-~i[SBJ.V-ed.something][V→V]-~i[SBJ.V-ed.something][V→V][V][Opt][PRS][2Sg]
aatkaghhii	aatkagh-–ghhagh*[dear.N][N→N]-~:(ng₁)u[to.be.N][N→V]-~i[SBJ.V-ed.something][V→V][V][Opt][PRS][2Sg]
aatkaghhii	aatkagh-–ghhagh*[dear.N][N→N][N][Abs][3SgPoss][PlPosd]

aalluki	aate[V][Sbrd][1Du][3Pl]
aalluki	aate[V][Sbrd][1Pl][3Pl]
aalluki	aate[V][Sbrd][1Sg][3Pl]
aalluki	aate[V][Sbrd][2Du][3Pl]
aalluki	aate[V][Sbrd][2Pl][3Pl]
aalluki	aate[V][Sbrd][2Sg][3Pl]
aalluki	aate[V][Sbrd][3Du][3Pl]
aalluki	aate[V][Sbrd][3Pl][3Pl]
aalluki	aate[V][Sbrd][3Sg][3Pl]

mengakun	+?

taaggun	+?

aanumalghii	aane-@₁~:(i/u)ma[to.have.V-ed][to.have.been.V-ed][V→V]-@₁–lghii[the.one.that.V-ed][the.one.that.is.V][V→N][N][Abs][Unpd][Sg]
aanumalghii	aane-@₁~:(i/u)ma[to.have.V-ed][to.have.been.V-ed][V→V][V][Ptcp][3Sg]

------------------------


------------------------
Tawavek iquklighpigaghnun esnevaamalghii, yaywaalingiighhaq, "Ukughsi angyanga qaa?"

tawavek	+?

iquklighpigaghnun	+?

esnevaamalghii	+?

yaywaalingiighhaq	+?

ukughsi	ukughsi

angyanga	+?

qaa	+?

------------------------


------------------------
"Weninguq angyaghllequten nenglum yugkwaagha uyuq."

weninguq	+?

angyaghllequten	angyagh-te[to.act.on.so.as.to.cause.to.V][V→V]-@₁lleqe[will.V][V→V]-~:(u)te[to.V.for.or.with][to.cause.to.V.as.one.is.V-ing][to.V.toward.each.other][V→V][V][Opt][PRS][2Sg]
angyaghllequten	angyagh-te[to.act.on.so.as.to.cause.to.V][V→V]-@₁lleqe[will.V][V→V]-~:(u)te[condition.with.respect.to.V-ing][V→N][N][Abs][2SgPoss][SgPosd]
angyaghllequten	angyagh-te[to.act.on.so.as.to.cause.to.V][V→V]-@₁lleqe[will.V][V→V]-~:(u)te[SBJ.V-ed.something][V→V][V][Opt][PRS][2Sg]
angyaghllequten	angyagh-te[to.act.on.so.as.to.cause.to.V][V→V]-@₁lleqe[will.V][V→V][V][Ind][2Sg]
angyaghllequten	angyagh-te[to.catch.N][to.go.to.N][N→V]-@₁lleqe[will.V][V→V]-~:(u)te[to.V.for.or.with][to.cause.to.V.as.one.is.V-ing][to.V.toward.each.other][V→V][V][Opt][PRS][2Sg]
angyaghllequten	angyagh-te[to.catch.N][to.go.to.N][N→V]-@₁lleqe[will.V][V→V]-~:(u)te[condition.with.respect.to.V-ing][V→N][N][Abs][2SgPoss][SgPosd]
angyaghllequten	angyagh-te[to.catch.N][to.go.to.N][N→V]-@₁lleqe[will.V][V→V]-~:(u)te[SBJ.V-ed.something][V→V][V][Opt][PRS][2Sg]
angyaghllequten	angyagh-te[to.catch.N][to.go.to.N][N→V]-@₁lleqe[will.V][V→V][V][Ind][2Sg]
angyaghllequten	angyagh-@₁lleqe[will.V][V→V]-~:(u)te[to.V.for.or.with][to.cause.to.V.as.one.is.V-ing][to.V.toward.each.other][V→V][V][Opt][PRS][2Sg]
angyaghllequten	angyagh-@₁lleqe[will.V][V→V]-~:(u)te[condition.with.respect.to.V-ing][V→N][N][Abs][2SgPoss][SgPosd]
angyaghllequten	angyagh-@₁lleqe[will.V][V→V]-~:(u)te[SBJ.V-ed.something][V→V][V][Opt][PRS][2Sg]
angyaghllequten	angyagh-@₁lleqe[will.V][V→V][V][Ind][2Sg]

nenglum	nenglu[N][Rel][Unpd][Sg]

yugkwaagha	+?

uyuq	uyuq

------------------------
Siinglukunguq aganguq ketaqut

siinglukunguq	+?

aganguq	+?

ketaqut	+?

------------------------


------------------------
Tuunglighhitnun tawavek, "Ukughsi angyanga qaa?

tuunglighhitnun	+?

tawavek	+?

ukughsi	ukughsi

angyanga	+?

qaa	+?

------------------------
Enkaam qaa iguyaanga."

enkaam	enkaam

qaa	+?

iguyaanga	+?

------------------------


------------------------
Weniqrugnguq angyaghllequten aghnalqwaaghem aatkaaneng aatkalek.

weniqrugnguq	+?

angyaghllequten	angyagh-te[to.act.on.so.as.to.cause.to.V][V→V]-@₁lleqe[will.V][V→V]-~:(u)te[to.V.for.or.with][to.cause.to.V.as.one.is.V-ing][to.V.toward.each.other][V→V][V][Opt][PRS][2Sg]
angyaghllequten	angyagh-te[to.act.on.so.as.to.cause.to.V][V→V]-@₁lleqe[will.V][V→V]-~:(u)te[condition.with.respect.to.V-ing][V→N][N][Abs][2SgPoss][SgPosd]
angyaghllequten	angyagh-te[to.act.on.so.as.to.cause.to.V][V→V]-@₁lleqe[will.V][V→V]-~:(u)te[SBJ.V-ed.something][V→V][V][Opt][PRS][2Sg]
angyaghllequten	angyagh-te[to.act.on.so.as.to.cause.to.V][V→V]-@₁lleqe[will.V][V→V][V][Ind][2Sg]
angyaghllequten	angyagh-te[to.catch.N][to.go.to.N][N→V]-@₁lleqe[will.V][V→V]-~:(u)te[to.V.for.or.with][to.cause.to.V.as.one.is.V-ing][to.V.toward.each.other][V→V][V][Opt][PRS][2Sg]
angyaghllequten	angyagh-te[to.catch.N][to.go.to.N][N→V]-@₁lleqe[will.V][V→V]-~:(u)te[condition.with.respect.to.V-ing][V→N][N][Abs][2SgPoss][SgPosd]
angyaghllequten	angyagh-te[to.catch.N][to.go.to.N][N→V]-@₁lleqe[will.V][V→V]-~:(u)te[SBJ.V-ed.something][V→V][V][Opt][PRS][2Sg]
angyaghllequten	angyagh-te[to.catch.N][to.go.to.N][N→V]-@₁lleqe[will.V][V→V][V][Ind][2Sg]
angyaghllequten	angyagh-@₁lleqe[will.V][V→V]-~:(u)te[to.V.for.or.with][to.cause.to.V.as.one.is.V-ing][to.V.toward.each.other][V→V][V][Opt][PRS][2Sg]
angyaghllequten	angyagh-@₁lleqe[will.V][V→V]-~:(u)te[condition.with.respect.to.V-ing][V→N][N][Abs][2SgPoss][SgPosd]
angyaghllequten	angyagh-@₁lleqe[will.V][V→V]-~:(u)te[SBJ.V-ed.something][V→V][V][Opt][PRS][2Sg]
angyaghllequten	angyagh-@₁lleqe[will.V][V→V][V][Ind][2Sg]

aghnalqwaaghem	aghnalqwaagh[N][Rel][Unpd][Sg]

aatkaaneng	aatkagh[N][Abl_Mod][3SgPoss][SgPosd]
aatkaaneng	aatkagh[N][Abl_Mod][3SgPoss][PlPosd]

aatkalek	aate-@₂~fkaq[one.that.has.V-ed][V→N]-–leg[one.having.N][N→N][N][Abs][Unpd][Sg]
aatkalek	aatkagh-–leg[one.having.N][N→N][N][Abs][Unpd][Sg]

------------------------
Legannguq aga unitaqaat

legannguq	+?

aga	aga

unitaqaat	+?

------------------------


------------------------
Umiilegllagmun tawavek kaasimalghii, aklungilngughmun.

umiilegllagmun	+?

tawavek	+?

kaasimalghii	kaate-@₁~:(i/u)ma[to.have.V-ed][to.have.been.V-ed][V→V]-@₁–lghii[the.one.that.V-ed][the.one.that.is.V][V→N][N][Abs][Unpd][Sg]
kaasimalghii	kaate-@₁~:(i/u)ma[to.have.V-ed][to.have.been.V-ed][V→V][V][Ptcp][3Sg]

aklungilngughmun	+?

------------------------
Kaalluninguq pii, "Ukughsi angyanga qaa, enkaam qaa iguyaanga!"

kaalluninguq	+?

pii	pi-~i[SBJ.V-ed.something][V→V]-~i[SBJ.V-ed.something][V→V]-~i[SBJ.V-ed.something][V→V]-~i[SBJ.V-ed.something][V→V]-~i[SBJ.V-ed.something][V→V]-~i[SBJ.V-ed.something][V→V][V][Opt][PRS][2Sg]
pii	pi-~i[SBJ.V-ed.something][V→V]-~i[SBJ.V-ed.something][V→V]-~i[SBJ.V-ed.something][V→V]-~i[SBJ.V-ed.something][V→V]-~i[SBJ.V-ed.something][V→V][V][Opt][PRS][2Sg]
pii	pi-~i[SBJ.V-ed.something][V→V]-~i[SBJ.V-ed.something][V→V]-~i[SBJ.V-ed.something][V→V]-~i[SBJ.V-ed.something][V→V][V][Opt][PRS][2Sg]
pii	pi-~i[SBJ.V-ed.something][V→V]-~i[SBJ.V-ed.something][V→V]-~i[SBJ.V-ed.something][V→V][V][Opt][PRS][2Sg]
pii	pi-~i[SBJ.V-ed.something][V→V]-~i[SBJ.V-ed.something][V→V][V][Opt][PRS][2Sg]
pii	pi-~i[SBJ.V-ed.something][V→V][V][Opt][PRS][2Sg]
pii	pi[V][Intrg][3Sg]
pii	pi[V][Ind][3Sg][3Pl]
pii	pi[V][Ind][3Sg][3Sg]

ukughsi	ukughsi

angyanga	+?

qaa	+?

enkaam	enkaam

qaa	+?

iguyaanga	+?

------------------------


------------------------
Legannguq yugwem taawa pii, "Iii sivuyagtekaghqaghlluwhaq!

legannguq	+?

yugwem	+?

taawa	taawa

pii	pi-~i[SBJ.V-ed.something][V→V]-~i[SBJ.V-ed.something][V→V]-~i[SBJ.V-ed.something][V→V]-~i[SBJ.V-ed.something][V→V]-~i[SBJ.V-ed.something][V→V]-~i[SBJ.V-ed.something][V→V][V][Opt][PRS][2Sg]
pii	pi-~i[SBJ.V-ed.something][V→V]-~i[SBJ.V-ed.something][V→V]-~i[SBJ.V-ed.something][V→V]-~i[SBJ.V-ed.something][V→V]-~i[SBJ.V-ed.something][V→V][V][Opt][PRS][2Sg]
pii	pi-~i[SBJ.V-ed.something][V→V]-~i[SBJ.V-ed.something][V→V]-~i[SBJ.V-ed.something][V→V]-~i[SBJ.V-ed.something][V→V][V][Opt][PRS][2Sg]
pii	pi-~i[SBJ.V-ed.something][V→V]-~i[SBJ.V-ed.something][V→V]-~i[SBJ.V-ed.something][V→V][V][Opt][PRS][2Sg]
pii	pi-~i[SBJ.V-ed.something][V→V]-~i[SBJ.V-ed.something][V→V][V][Opt][PRS][2Sg]
pii	pi-~i[SBJ.V-ed.something][V→V][V][Opt][PRS][2Sg]
pii	pi[V][Intrg][3Sg]
pii	pi[V][Ind][3Sg][3Pl]
pii	pi[V][Ind][3Sg][3Sg]

iii	+?

sivuyagtekaghqaghlluwhaq	+?

------------------------
Elpek aghnalqwaaghem aatkaaneng aalluten qallevagluten weninguq sivuyagtekelleqamken."

elpek	elpek

aghnalqwaaghem	aghnalqwaagh[N][Rel][Unpd][Sg]

aatkaaneng	aatkagh[N][Abl_Mod][3SgPoss][SgPosd]
aatkaaneng	aatkagh[N][Abl_Mod][3SgPoss][PlPosd]

aalluten	aate[V][Sbrd][1Du][2Sg]
aalluten	aate[V][Sbrd][1Pl][2Sg]
aalluten	aate[V][Sbrd][1Sg][2Sg]
aalluten	aate[V][Sbrd][3Du][2Sg]
aalluten	aate[V][Sbrd][3Pl][2Sg]
aalluten	aate[V][Sbrd][3Sg][2Sg]

qallevagluten	+?

weninguq	+?

sivuyagtekelleqamken	+?

------------------------
Legan miluusaqminigunguq kelutmun.

legan	legan

miluusaqminigunguq	+?

kelutmun	+?

------------------------


------------------------
Mekelghiighhaq qiyamalghii.

mekelghiighhaq	mekelghiigh-–ghhagh*[dear.N][N→N][N][Abs][Unpd][Sg]

qiyamalghii	qiya-@₁~:(i/u)ma[to.have.V-ed][to.have.been.V-ed][V→V]-@₁–lghii[the.one.that.V-ed][the.one.that.is.V][V→N][N][Abs][Unpd][Sg]
qiyamalghii	qiya-@₁~:(i/u)ma[to.have.V-ed][to.have.been.V-ed][V→V][V][Ptcp][3Sg]

------------------------
Taakwna angyaq tawaten qamagtaa.

taakwna	taakwna

angyaq	angyagh[N][Abs][Unpd][Sg]

tawaten	tawaten

qamagtaa	qamagte[V][Ind][3Sg][3Sg]

------------------------


------------------------
Iwerngaqun iquklighpigaat tazinga, umiilgem aallgha aghnaghaperugwaaghmeng panikelghii.

iwerngaqun	+?

iquklighpigaat	+?

tazinga	tazinga

umiilgem	+?

aallgha	+?

aghnaghaperugwaaghmeng	+?

panikelghii	panig-~–ke[to.have.as.one's.N(s)][N→V]-@₁–lghii[the.one.that.V-ed][the.one.that.is.V][V→N][N][Abs][Unpd][Sg]
panikelghii	panig-~–ke[to.have.as.one's.N(s)][N→V][V][Ptcp][3Sg]

------------------------
Aghnaghaperugwaaghmeng yukluni ketaqelghii.

aghnaghaperugwaaghmeng	+?

yukluni	+?

ketaqelghii	+?

------------------------


------------------------
Tawavek kaalluni pimakangi, "Ukughsi angyanga qaa, enkaam qaa iguyaanga?"

tawavek	+?

kaalluni	kaate[V][Sbrd][3Sg]

pimakangi	pi-@₁~:(i/u)ma[to.have.V-ed][to.have.been.V-ed][V→V]-@*@₂~sf–(g₂)k(a)e[the.one.that.possessor.V-ed][V→N][N][Abs][3SgPoss][PlPosd]
pimakangi	pi-@₁~:(i/u)ma[to.have.V-ed][to.have.been.V-ed][V→V][V][Ptcp][3Sg][3Pl]

ukughsi	ukughsi

angyanga	+?

qaa	+?

enkaam	enkaam

qaa	+?

iguyaanga	+?

------------------------


------------------------
"Legan angyaghnaqelghiiten.

legan	legan

angyaghnaqelghiiten	angyagh-@₁~fnaqe[to.be.going.to.V][V→V]-@₁–lghii[the.one.that.V-ed][the.one.that.is.V][V→N][N][Abs][2SgPoss][PlPosd]
angyaghnaqelghiiten	angyagh-@₁~fnaqe[to.be.going.to.V][V→V]-@₁–lghii[the.one.that.V-ed][the.one.that.is.V][V→N]-te[to.catch.N][to.go.to.N][N→V][V][Opt][PRS][2Sg]
angyaghnaqelghiiten	angyagh-@₁~fnaqe[to.be.going.to.V][V→V]-@₁–lghii[the.one.that.V-ed][the.one.that.is.V][V→N][N][Abs][2SgPoss][PlPosd]
angyaghnaqelghiiten	angyagh-@₁~fnaqe[to.be.going.to.V][V→V][V][Ptcp][2Sg]

------------------------
Taawa yuknaqamken, sivuyagteknaqamken."

taawa	taawa

yuknaqamken	+?

sivuyagteknaqamken	+?

------------------------
Ketiiqut qaakluku, aghvengyiiteghllak.

ketiiqut	+?

qaakluku	+?

aghvengyiiteghllak	+?

------------------------


------------------------
Taana aklungilnguq aghvengyughlak.

taana	taana

aklungilnguq	+?

aghvengyughlak	+?

------------------------
Iiwennguq ketfaghqaaghaqut kaay, aghveghem puugyaqminikinguq legan tuunluni.

iiwennguq	+?

ketfaghqaaghaqut	+?

kaay	+?

aghveghem	aghvegh[N][Rel][Unpd][Sg]

puugyaqminikinguq	+?

legan	legan

tuunluni	+?

------------------------
Legan yaywaalingiighhaam aghveqsaqminigunguq tuqunneqegsaghluku.

legan	legan

yaywaalingiighhaam	+?

aghveqsaqminigunguq	+?

tuqunneqegsaghluku	+?

------------------------
Aawallunguq taana aghvengyiiteghllak umiilek aghvengaghtuq.

aawallunguq	+?

taana	taana

aghvengyiiteghllak	+?

umiilek	+?

aghvengaghtuq	+?

------------------------


------------------------
Ii, angyam qetgeghusimakangi elngaatall.

ii	+?

angyam	angyagh[N][Rel][Unpd][Sg]

qetgeghusimakangi	+?

elngaatall	elngaatall

------------------------
Iiwennguq kaalguutat apeghiighaqiit legan paagkennguq anuqa atghaghsalghiimi uka legan eftutun, kii anuqlighllagyaqminigu.

iiwennguq	+?

kaalguutat	+?

apeghiighaqiit	apeghiigh-~(g₁)aqe[to.be.V.ing][to.regularly.or.repeatedly.V][V→V]-~i[SBJ.V-ed.something][V→V][V][Intrg][3Pl]
apeghiighaqiit	apeghiigh-~(g₁)aqe[to.be.V.ing][to.regularly.or.repeatedly.V][V→V]-~i[SBJ.V-ed.something][V→V][V][Ind][3Pl]
apeghiighaqiit	apeghiigh-~(g₁)aqe[to.be.V.ing][to.regularly.or.repeatedly.V][V→V][V][Ind][3Pl][3Pl]
apeghiighaqiit	apeghiigh-~(g₁)aqe[to.be.V.ing][to.regularly.or.repeatedly.V][V→V][V][Ind][3Du][3Sg]

legan	legan

paagkennguq	+?

anuqa	+?

atghaghsalghiimi	atghagh-te[to.act.on.so.as.to.cause.to.V][V→V]-@₁~fyagh[to.go.V-ing][to.V.in.vain][V→V]-@₁–lghii[the.one.that.V-ed][the.one.that.is.V][V→N][N][Loc][Unpd][Sg]
atghaghsalghiimi	atghagh-te[to.act.on.so.as.to.cause.to.V][V→V]-@₁~fyagh[to.go.V-ing][to.V.in.vain][V→V]-@₁–lghii[the.one.that.V-ed][the.one.that.is.V][V→N][N][Rel][4SgPoss][SgPosd]
atghaghsalghiimi	atghagh-te[to.act.on.so.as.to.cause.to.V][V→V]-@₁~fyagh[to.go.V-ing][to.V.in.vain][V→V]-@₁–lghii[the.one.that.V-ed][the.one.that.is.V][V→N][N][Rel][4SgPoss][PlPosd]
atghaghsalghiimi	atghagh-te[to.act.on.so.as.to.cause.to.V][V→V][V][Ptcp_Obl][4Sg]

uka	uka

legan	legan

eftutun	+?

kii	kii
kii	kii[N][Abs][Unpd][Sg]

anuqlighllagyaqminigu	+?

------------------------
"Aa, sangulukumi taana yukllaataamazigu.

aa	aa

sangulukumi	+?

taana	taana

yukllaataamazigu	+?

------------------------
Leganqunqun tuqulaghannaqukut whaa meghmi seghleghmi."

leganqunqun	+?

tuqulaghannaqukut	+?

whaa	+?

meghmi	megh[N][Loc][Unpd][Sg]
meghmi	megh[N][Rel][4SgPoss][SgPosd]
meghmi	megh[N][Rel][4SgPoss][PlPosd]

seghleghmi	seghlegh[N][Loc][Unpd][Sg]
seghleghmi	seghlegh[N][Rel][4SgPoss][SgPosd]
seghleghmi	seghlegh[N][Rel][4SgPoss][PlPosd]

------------------------


------------------------
Avelghaqiinaghluku legan analghuvagteggun tugulaghalluni angyaq.

avelghaqiinaghluku	+?

legan	legan

analghuvagteggun	+?

tugulaghalluni	+?

angyaq	angyagh[N][Abs][Unpd][Sg]

------------------------
Paagken anuqlighllagyaqminigu legan elngaatall pikayuwhaq sakayuwhaq tamaana naghpaghsiqayuwhaq qamaggutuq, aghtughaat

paagken	paagken

anuqlighllagyaqminigu	+?

legan	legan

elngaatall	elngaatall

pikayuwhaq	+?

sakayuwhaq	+?

tamaana	+?

naghpaghsiqayuwhaq	+?

qamaggutuq	+?

aghtughaat	aghtugh[V][Ind][3Pl][3Sg]

------------------------


------------------------
Mekelghiighhaghnguq taana maamtawha piiq, "Ilengtuq ima.”

mekelghiighhaghnguq	+?

taana	taana

maamtawha	+?

piiq	pi-~i[SBJ.V-ed.something][V→V]-~i[SBJ.V-ed.something][V→V]-~i[SBJ.V-ed.something][V→V]-~i[SBJ.V-ed.something][V→V]-~i[SBJ.V-ed.something][V→V]-~faagh[one.who.keeps.on.V-ing][AUG]
piiq	pi-~i[SBJ.V-ed.something][V→V]-~i[SBJ.V-ed.something][V→V]-~i[SBJ.V-ed.something][V→V]-~i[SBJ.V-ed.something][V→V]-~faagh[one.who.keeps.on.V-ing][AUG]
piiq	pi-~i[SBJ.V-ed.something][V→V]-~i[SBJ.V-ed.something][V→V]-~i[SBJ.V-ed.something][V→V]-~faagh[one.who.keeps.on.V-ing][AUG]
piiq	pi-~i[SBJ.V-ed.something][V→V]-~i[SBJ.V-ed.something][V→V]-~faagh[one.who.keeps.on.V-ing][AUG]
piiq	pi-~i[SBJ.V-ed.something][V→V]-~faagh[one.who.keeps.on.V-ing][AUG]
piiq	pi-~faagh[one.who.keeps.on.V-ing][AUG]
piiq	pi[V][Ind][3Sg]

ilengtuq	+?

ima”	+?

------------------------


------------------------
Naliita nagaquqaghlaataghluku.

naliita	naligh*-~:(ng₁)u[to.be.N][N→V]-~i[SBJ.V-ed.something][V→V]-~i[SBJ.V-ed.something][V→V]-~i[SBJ.V-ed.something][V→V]-~i[SBJ.V-ed.something][V→V]-~i[SBJ.V-ed.something][V→V]-~:(u)te[condition.with.respect.to.V-ing][V→N][N][Abs][Unpd][Sg]
naliita	naligh*-~:(ng₁)u[to.be.N][N→V]-~i[SBJ.V-ed.something][V→V]-~i[SBJ.V-ed.something][V→V]-~i[SBJ.V-ed.something][V→V]-~i[SBJ.V-ed.something][V→V]-~i[SBJ.V-ed.something][V→V]-~:(u)ta[condition.with.respect.to.V-ing][V→N][N][Abs][Unpd][Sg]
naliita	naligh*-~:(ng₁)u[to.be.N][N→V]-~i[SBJ.V-ed.something][V→V]-~i[SBJ.V-ed.something][V→V]-~i[SBJ.V-ed.something][V→V]-~i[SBJ.V-ed.something][V→V]-~i[SBJ.V-ed.something][V→V]-te[to.act.on.so.as.to.cause.to.V][V→V][V][Intrg][3Sg]
naliita	naligh*-~:(ng₁)u[to.be.N][N→V]-~i[SBJ.V-ed.something][V→V]-~i[SBJ.V-ed.something][V→V]-~i[SBJ.V-ed.something][V→V]-~i[SBJ.V-ed.something][V→V]-~:(u)te[to.V.for.or.with][to.cause.to.V.as.one.is.V-ing][to.V.toward.each.other][V→V][V][Intrg][3Sg]
naliita	naligh*-~:(ng₁)u[to.be.N][N→V]-~i[SBJ.V-ed.something][V→V]-~i[SBJ.V-ed.something][V→V]-~i[SBJ.V-ed.something][V→V]-~i[SBJ.V-ed.something][V→V]-~:(u)te[SBJ.V-ed.something][V→V][V][Intrg][3Sg]
naliita	naligh*-~:(ng₁)u[to.be.N][N→V]-~i[SBJ.V-ed.something][V→V]-~i[SBJ.V-ed.something][V→V]-~i[SBJ.V-ed.something][V→V]-~i[SBJ.V-ed.something][V→V]-~:(u)te[condition.with.respect.to.V-ing][V→N][N][Abs][Unpd][Sg]
naliita	naligh*-~:(ng₁)u[to.be.N][N→V]-~i[SBJ.V-ed.something][V→V]-~i[SBJ.V-ed.something][V→V]-~i[SBJ.V-ed.something][V→V]-~i[SBJ.V-ed.something][V→V]-~:(u)ta[condition.with.respect.to.V-ing][V→N][N][Abs][Unpd][Sg]
naliita	naligh*-~:(ng₁)u[to.be.N][N→V]-~i[SBJ.V-ed.something][V→V]-~i[SBJ.V-ed.something][V→V]-~i[SBJ.V-ed.something][V→V]-~i[SBJ.V-ed.something][V→V]-te[to.act.on.so.as.to.cause.to.V][V→V][V][Intrg][3Sg]
naliita	naligh*-~:(ng₁)u[to.be.N][N→V]-~i[SBJ.V-ed.something][V→V]-~i[SBJ.V-ed.something][V→V]-~i[SBJ.V-ed.something][V→V]-~:(u)te[to.V.for.or.with][to.cause.to.V.as.one.is.V-ing][to.V.toward.each.other][V→V][V][Intrg][3Sg]
naliita	naligh*-~:(ng₁)u[to.be.N][N→V]-~i[SBJ.V-ed.something][V→V]-~i[SBJ.V-ed.something][V→V]-~i[SBJ.V-ed.something][V→V]-~:(u)te[SBJ.V-ed.something][V→V][V][Intrg][3Sg]
naliita	naligh*-~:(ng₁)u[to.be.N][N→V]-~i[SBJ.V-ed.something][V→V]-~i[SBJ.V-ed.something][V→V]-~i[SBJ.V-ed.something][V→V]-~:(u)te[condition.with.respect.to.V-ing][V→N][N][Abs][Unpd][Sg]
naliita	naligh*-~:(ng₁)u[to.be.N][N→V]-~i[SBJ.V-ed.something][V→V]-~i[SBJ.V-ed.something][V→V]-~i[SBJ.V-ed.something][V→V]-~:(u)ta[condition.with.respect.to.V-ing][V→N][N][Abs][Unpd][Sg]
naliita	naligh*-~:(ng₁)u[to.be.N][N→V]-~i[SBJ.V-ed.something][V→V]-~i[SBJ.V-ed.something][V→V]-~i[SBJ.V-ed.something][V→V]-te[to.act.on.so.as.to.cause.to.V][V→V][V][Intrg][3Sg]
naliita	naligh*-~:(ng₁)u[to.be.N][N→V]-~i[SBJ.V-ed.something][V→V]-~i[SBJ.V-ed.something][V→V]-~:(u)te[to.V.for.or.with][to.cause.to.V.as.one.is.V-ing][to.V.toward.each.other][V→V][V][Intrg][3Sg]
naliita	naligh*-~:(ng₁)u[to.be.N][N→V]-~i[SBJ.V-ed.something][V→V]-~i[SBJ.V-ed.something][V→V]-~:(u)te[SBJ.V-ed.something][V→V][V][Intrg][3Sg]
naliita	naligh*-~:(ng₁)u[to.be.N][N→V]-~i[SBJ.V-ed.something][V→V]-~i[SBJ.V-ed.something][V→V]-~:(u)te[condition.with.respect.to.V-ing][V→N][N][Abs][Unpd][Sg]
naliita	naligh*-~:(ng₁)u[to.be.N][N→V]-~i[SBJ.V-ed.something][V→V]-~i[SBJ.V-ed.something][V→V]-~:(u)ta[condition.with.respect.to.V-ing][V→N][N][Abs][Unpd][Sg]
naliita	naligh*-~:(ng₁)u[to.be.N][N→V]-~i[SBJ.V-ed.something][V→V]-~i[SBJ.V-ed.something][V→V]-te[to.act.on.so.as.to.cause.to.V][V→V][V][Intrg][3Sg]
naliita	naligh*-~:(ng₁)u[to.be.N][N→V]-~i[SBJ.V-ed.something][V→V]-~:(u)te[to.V.for.or.with][to.cause.to.V.as.one.is.V-ing][to.V.toward.each.other][V→V][V][Intrg][3Sg]
naliita	naligh*-~:(ng₁)u[to.be.N][N→V]-~i[SBJ.V-ed.something][V→V]-~:(u)te[SBJ.V-ed.something][V→V][V][Intrg][3Sg]
naliita	naligh*-~:(ng₁)u[to.be.N][N→V]-~i[SBJ.V-ed.something][V→V]-~:(u)te[condition.with.respect.to.V-ing][V→N][N][Abs][Unpd][Sg]
naliita	naligh*-~:(ng₁)u[to.be.N][N→V]-~i[SBJ.V-ed.something][V→V]-~:(u)ta[condition.with.respect.to.V-ing][V→N][N][Abs][Unpd][Sg]
naliita	naligh*-~:(ng₁)u[to.be.N][N→V]-~i[SBJ.V-ed.something][V→V]-te[to.act.on.so.as.to.cause.to.V][V→V][V][Intrg][3Sg]
naliita	naligh*-~:(ng₁)u[to.be.N][N→V]-~:(u)te[to.V.for.or.with][to.cause.to.V.as.one.is.V-ing][to.V.toward.each.other][V→V][V][Intrg][3Sg]
naliita	naligh*-~:(ng₁)u[to.be.N][N→V]-~:(u)te[SBJ.V-ed.something][V→V][V][Intrg][3Sg]
naliita	naligh*-~:(ng₁)u[to.be.N][N→V]-~:(u)te[condition.with.respect.to.V-ing][V→N][N][Abs][Unpd][Sg]
naliita	naligh*-~:(ng₁)u[to.be.N][N→V]-~:(u)ta[condition.with.respect.to.V-ing][V→N][N][Abs][Unpd][Sg]
naliita	naligh*-~:(ng₁)u[to.be.N][N→V]-te[to.act.on.so.as.to.cause.to.V][V→V][V][Intrg][3Sg]
naliita	naligh*-~:(ng₁)ite**[to.lack.N][to.not.have.N][N→V][V][Intrg][3Sg]
naliita	naligh*[N][Rel][3DuPoss][SgPosd]
naliita	naligh*[N][Rel][3DuPoss][PlPosd]
naliita	naligh*[N][Rel][3PlPoss][SgPosd]
naliita	naligh*[N][Rel][3PlPoss][PlPosd]

nagaquqaghlaataghluku	+?

------------------------
"Aa, uumnguq piligu, uumnguq piligu!”

aa	aa

uumnguq	+?

piligu	pi-~:(u)te[to.V.for.or.with][to.cause.to.V.as.one.is.V-ing][to.V.toward.each.other][V→V][V][Opt][PRS][3Sg][3Sg]
piligu	pi[V][Opt][PRS][3Sg][3Sg]

uumnguq	+?

piligu”	+?

------------------------


------------------------
Taamnguq aklungilnguum piiqegkanga, "Aa, piligu ellnganpilleqaa whaa amsanaghtesleqaa pikayugwaaghhaat maakut mataawitaat.

taamnguq	+?

aklungilnguum	+?

piiqegkanga	pi-~(g₁)aqe[to.be.V.ing][to.regularly.or.repeatedly.V][V→V]-@*@₂~sf–(g₂)k(a)e[the.one.that.possessor.V-ed][V→N][N][Abs][3SgPoss][SgPosd]
piiqegkanga	pi-~(g₁)aqe[to.be.V.ing][to.regularly.or.repeatedly.V][V→V][V][Ptcp][3Sg][3Sg]
piiqegkanga	pi-~(g₁)aqe[to.be.V.ing][to.regularly.or.repeatedly.V][V→V][V][Cond][3Sg][1Sg]

aa	aa

piligu	pi-~:(u)te[to.V.for.or.with][to.cause.to.V.as.one.is.V-ing][to.V.toward.each.other][V→V][V][Opt][PRS][3Sg][3Sg]
piligu	pi[V][Opt][PRS][3Sg][3Sg]

ellnganpilleqaa	+?

whaa	+?

amsanaghtesleqaa	+?

pikayugwaaghhaat	+?

maakut	maakut

mataawitaat	+?

------------------------


------------------------
Mekelghiighhaq qepuughyalghiiminguq.

mekelghiighhaq	mekelghiigh-–ghhagh*[dear.N][N→N][N][Abs][Unpd][Sg]

qepuughyalghiiminguq	+?

------------------------
Qalivlugwaghhaghqek nengyughhaghmi atuqlukek.

qalivlugwaghhaghqek	+?

nengyughhaghmi	nengyugh*-–ghhagh*[dear.N][N→N][N][Loc][Unpd][Sg]
nengyughhaghmi	nengyugh*-–ghhagh*[dear.N][N→N][N][Rel][4SgPoss][SgPosd]
nengyughhaghmi	nengyugh*-–ghhagh*[dear.N][N→N][N][Rel][4SgPoss][PlPosd]

atuqlukek	atuqe-te[to.act.on.so.as.to.cause.to.V][V→V][V][Sbrd][1Du][3Du]
atuqlukek	atuqe-te[to.act.on.so.as.to.cause.to.V][V→V][V][Sbrd][1Pl][3Du]
atuqlukek	atuqe-te[to.act.on.so.as.to.cause.to.V][V→V][V][Sbrd][1Sg][3Du]
atuqlukek	atuqe-te[to.act.on.so.as.to.cause.to.V][V→V][V][Sbrd][2Du][3Du]
atuqlukek	atuqe-te[to.act.on.so.as.to.cause.to.V][V→V][V][Sbrd][2Pl][3Du]
atuqlukek	atuqe-te[to.act.on.so.as.to.cause.to.V][V→V][V][Sbrd][2Sg][3Du]
atuqlukek	atuqe-te[to.act.on.so.as.to.cause.to.V][V→V][V][Sbrd][3Du][3Du]
atuqlukek	atuqe-te[to.act.on.so.as.to.cause.to.V][V→V][V][Sbrd][3Pl][3Du]
atuqlukek	atuqe-te[to.act.on.so.as.to.cause.to.V][V→V][V][Sbrd][3Sg][3Du]
atuqlukek	atuqe[V][Sbrd][1Du][3Du]
atuqlukek	atuqe[V][Sbrd][1Pl][3Du]
atuqlukek	atuqe[V][Sbrd][1Sg][3Du]
atuqlukek	atuqe[V][Sbrd][2Du][3Du]
atuqlukek	atuqe[V][Sbrd][2Pl][3Du]
atuqlukek	atuqe[V][Sbrd][2Sg][3Du]
atuqlukek	atuqe[V][Sbrd][3Du][3Du]
atuqlukek	atuqe[V][Sbrd][3Pl][3Du]
atuqlukek	atuqe[V][Sbrd][3Sg][3Du]

------------------------
Qepuughwaaghluni tayeghqaghluninguq ayapghaataghháak aallukek aanqutimalghii tallighhaani quulmun ayuqluku aghulasimaan,

qepuughwaaghluni	+?

tayeghqaghluninguq	+?

ayapghaataghháak	+?

aallukek	aate[V][Sbrd][1Du][3Du]
aallukek	aate[V][Sbrd][1Pl][3Du]
aallukek	aate[V][Sbrd][1Sg][3Du]
aallukek	aate[V][Sbrd][2Du][3Du]
aallukek	aate[V][Sbrd][2Pl][3Du]
aallukek	aate[V][Sbrd][2Sg][3Du]
aallukek	aate[V][Sbrd][3Du][3Du]
aallukek	aate[V][Sbrd][3Pl][3Du]
aallukek	aate[V][Sbrd][3Sg][3Du]

aanqutimalghii	+?

tallighhaani	talligh-–ghhagh*[dear.N][N→N]-~:(ng₁)u[to.be.N][N→V]-@₁~fni[to.say.that.one.is.V-ing][Cmpd_Vbl][V][Opt][PRS][2Sg]
tallighhaani	talligh-–ghhagh*[dear.N][N→N]-~:(ng₁)u[to.be.N][N→V]-~:(u)te[to.V.for.or.with][to.cause.to.V.as.one.is.V-ing][to.V.toward.each.other][V→V]-@₁~fni[to.say.that.one.is.V-ing][Cmpd_Vbl][V][Opt][PRS][2Sg]
tallighhaani	talligh-–ghhagh*[dear.N][N→N]-~:(ng₁)u[to.be.N][N→V]-~:(u)te[SBJ.V-ed.something][V→V]-@₁~fni[to.say.that.one.is.V-ing][Cmpd_Vbl][V][Opt][PRS][2Sg]
tallighhaani	talligh-–ghhagh*[dear.N][N→N][N][Loc][3SgPoss][SgPosd]
tallighhaani	talligh-–ghhagh*[dear.N][N→N][N][Loc][3SgPoss][PlPosd]

quulmun	+?

ayuqluku	+?

aghulasimaan	aghula-~:(u)te[to.V.for.or.with][to.cause.to.V.as.one.is.V-ing][to.V.toward.each.other][V→V]-@₁~:(i/u)magh*[while.V-ing][V→V][Quant_Qual][3Sg]
aghulasimaan	aghula-~:(u)te[SBJ.V-ed.something][V→V]-@₁~:(i/u)magh*[while.V-ing][V→V][Quant_Qual][3Sg]
aghulasimaan	aghula-te[to.act.on.so.as.to.cause.to.V][V→V]-@₁~:(i/u)magh*[while.V-ing][V→V][Quant_Qual][3Sg]

------------------------


------------------------
"A-nuq-li-ii, na-nge-llu-gu-ngu,

anuqliii	+?

nangellugungu	+?

------------------------
Si-la-mi-ngi, u-ki-i-nange-llu-gu-ngu,

silamingi	+?

ukiinangellugungu	+?

------------------------
A-i-ya-i-ya-nga, ya-i-ya-i-yi-ya, i-ya-iyi-ya-nga,

aiyaiyanga	+?

yaiyaiyiya	+?

iyaiyiyanga	+?

------------------------
Silamit ukinaghningit aghnit payugha,

silamit	+?

ukinaghningit	+?

aghnit	+?

payugha	+?

------------------------
Uq-ugh-taq, uq-ugh-taq."

uqughtaq	+?

uqughtaq	+?

------------------------


------------------------
Meq paatgumakanga inglunganeng -- "Uqughtaq!” -- maalghugegneng.

meq	megh[N][Abs][Unpd][Sg]

paatgumakanga	+?

inglunganeng	+?

uqughtaq”	+?

maalghugegneng	+?

------------------------
Maateqwaaqunnguq legan kaay qilaga kaagkaa piiknanguq ukitaghlluku legan ukigteghiiyaqminigu.

maateqwaaqunnguq	+?

legan	legan

kaay	+?

qilaga	qilag[N][Abs][3SgPoss][SgPosd]

kaagkaa	+?

piiknanguq	pi-~i[SBJ.V-ed.something][V→V]-~i[SBJ.V-ed.something][V→V]-~i[SBJ.V-ed.something][V→V]-@*@₂~sf–(g₂)k(a)e[the.one.that.possessor.V-ed][V→N]-te[to.catch.N][to.go.to.N][N→V]-@₁~fna[in.order.to.V][intending.to.V][V→V]-@*ngugh*[the.one.that.V-ed][the.one.that.is.V][V→N][N][Abs][Unpd][Sg]
piiknanguq	pi-~i[SBJ.V-ed.something][V→V]-~i[SBJ.V-ed.something][V→V]-~i[SBJ.V-ed.something][V→V]-@*@₂~sf–(g₂)k(a)e[the.one.that.possessor.V-ed][V→N]-te[to.catch.N][to.go.to.N][N→V]-te[to.act.on.so.as.to.cause.to.V][V→V]-@₁~fna[in.order.to.V][intending.to.V][V→V]-@*ngugh*[the.one.that.V-ed][the.one.that.is.V][V→N][N][Abs][Unpd][Sg]
piiknanguq	pi-~i[SBJ.V-ed.something][V→V]-~i[SBJ.V-ed.something][V→V]-~i[SBJ.V-ed.something][V→V]-@*@₂~sf–(g₂)k(a)e[the.one.that.possessor.V-ed][V→N]-te[to.catch.N][to.go.to.N][N→V]-te[to.act.on.so.as.to.cause.to.V][V→V]-te[to.act.on.so.as.to.cause.to.V][V→V]-@₁~fna[in.order.to.V][intending.to.V][V→V]-@*ngugh*[the.one.that.V-ed][the.one.that.is.V][V→N][N][Abs][Unpd][Sg]
piiknanguq	pi-~i[SBJ.V-ed.something][V→V]-~i[SBJ.V-ed.something][V→V]-~i[SBJ.V-ed.something][V→V]-@*@₂~sf–(g₂)k(a)e[the.one.that.possessor.V-ed][V→N]-te[to.catch.N][to.go.to.N][N→V]-te[to.act.on.so.as.to.cause.to.V][V→V]-te[to.act.on.so.as.to.cause.to.V][V→V]-te[to.act.on.so.as.to.cause.to.V][V→V]-@₁~fna[in.order.to.V][intending.to.V][V→V]-@*ngugh*[the.one.that.V-ed][the.one.that.is.V][V→N][N][Abs][Unpd][Sg]
piiknanguq	pi-~i[SBJ.V-ed.something][V→V]-~i[SBJ.V-ed.something][V→V]-~i[SBJ.V-ed.something][V→V]-@*@₂~sf–(g₂)k(a)e[the.one.that.possessor.V-ed][V→N]-te[to.catch.N][to.go.to.N][N→V]-te[to.act.on.so.as.to.cause.to.V][V→V]-te[to.act.on.so.as.to.cause.to.V][V→V]-te[to.act.on.so.as.to.cause.to.V][V→V]-te[to.act.on.so.as.to.cause.to.V][V→V]-@₁~fna[in.order.to.V][intending.to.V][V→V]-@*ngugh*[the.one.that.V-ed][the.one.that.is.V][V→N][N][Abs][Unpd][Sg]
piiknanguq	pi-~i[SBJ.V-ed.something][V→V]-~i[SBJ.V-ed.something][V→V]-~i[SBJ.V-ed.something][V→V]-@*@₂~sf–(g₂)k(a)e[the.one.that.possessor.V-ed][V→N]-te[to.catch.N][to.go.to.N][N→V]-te[to.act.on.so.as.to.cause.to.V][V→V]-te[to.act.on.so.as.to.cause.to.V][V→V]-te[to.act.on.so.as.to.cause.to.V][V→V]-te[to.act.on.so.as.to.cause.to.V][V→V]-te[to.act.on.so.as.to.cause.to.V][V→V]-@₁~fna[in.order.to.V][intending.to.V][V→V]-@*ngugh*[the.one.that.V-ed][the.one.that.is.V][V→N][N][Abs][Unpd][Sg]
piiknanguq	pi-~i[SBJ.V-ed.something][V→V]-~i[SBJ.V-ed.something][V→V]-@*@₂~sf–(g₂)k(a)e[the.one.that.possessor.V-ed][V→N]-te[to.catch.N][to.go.to.N][N→V]-@₁~fna[in.order.to.V][intending.to.V][V→V]-@*ngugh*[the.one.that.V-ed][the.one.that.is.V][V→N][N][Abs][Unpd][Sg]
piiknanguq	pi-~i[SBJ.V-ed.something][V→V]-~i[SBJ.V-ed.something][V→V]-@*@₂~sf–(g₂)k(a)e[the.one.that.possessor.V-ed][V→N]-te[to.catch.N][to.go.to.N][N→V]-te[to.act.on.so.as.to.cause.to.V][V→V]-@₁~fna[in.order.to.V][intending.to.V][V→V]-@*ngugh*[the.one.that.V-ed][the.one.that.is.V][V→N][N][Abs][Unpd][Sg]
piiknanguq	pi-~i[SBJ.V-ed.something][V→V]-~i[SBJ.V-ed.something][V→V]-@*@₂~sf–(g₂)k(a)e[the.one.that.possessor.V-ed][V→N]-te[to.catch.N][to.go.to.N][N→V]-te[to.act.on.so.as.to.cause.to.V][V→V]-te[to.act.on.so.as.to.cause.to.V][V→V]-@₁~fna[in.order.to.V][intending.to.V][V→V]-@*ngugh*[the.one.that.V-ed][the.one.that.is.V][V→N][N][Abs][Unpd][Sg]
piiknanguq	pi-~i[SBJ.V-ed.something][V→V]-~i[SBJ.V-ed.something][V→V]-@*@₂~sf–(g₂)k(a)e[the.one.that.possessor.V-ed][V→N]-te[to.catch.N][to.go.to.N][N→V]-te[to.act.on.so.as.to.cause.to.V][V→V]-te[to.act.on.so.as.to.cause.to.V][V→V]-te[to.act.on.so.as.to.cause.to.V][V→V]-@₁~fna[in.order.to.V][intending.to.V][V→V]-@*ngugh*[the.one.that.V-ed][the.one.that.is.V][V→N][N][Abs][Unpd][Sg]
piiknanguq	pi-~i[SBJ.V-ed.something][V→V]-~i[SBJ.V-ed.something][V→V]-@*@₂~sf–(g₂)k(a)e[the.one.that.possessor.V-ed][V→N]-te[to.catch.N][to.go.to.N][N→V]-te[to.act.on.so.as.to.cause.to.V][V→V]-te[to.act.on.so.as.to.cause.to.V][V→V]-te[to.act.on.so.as.to.cause.to.V][V→V]-te[to.act.on.so.as.to.cause.to.V][V→V]-@₁~fna[in.order.to.V][intending.to.V][V→V]-@*ngugh*[the.one.that.V-ed][the.one.that.is.V][V→N][N][Abs][Unpd][Sg]
piiknanguq	pi-~–ke[to.have.as.one's.N(s)][N→V]-@₁~fna[in.order.to.V][intending.to.V][V→V]-@*ngugh*[the.one.that.V-ed][the.one.that.is.V][V→N][N][Abs][Unpd][Sg]
piiknanguq	pi-~–ke[to.have.as.one's.N(s)][N→V]-te[to.act.on.so.as.to.cause.to.V][V→V]-@₁~fna[in.order.to.V][intending.to.V][V→V]-@*ngugh*[the.one.that.V-ed][the.one.that.is.V][V→N][N][Abs][Unpd][Sg]
piiknanguq	pi-~–ke[to.have.as.one's.N(s)][N→V]-te[to.act.on.so.as.to.cause.to.V][V→V]-te[to.act.on.so.as.to.cause.to.V][V→V]-@₁~fna[in.order.to.V][intending.to.V][V→V]-@*ngugh*[the.one.that.V-ed][the.one.that.is.V][V→N][N][Abs][Unpd][Sg]
piiknanguq	pi-@*@₂~sf–(g₂)k(a)e[the.one.that.possessor.V-ed][V→N]-te[to.catch.N][to.go.to.N][N→V]-@₁~fna[in.order.to.V][intending.to.V][V→V]-@*ngugh*[the.one.that.V-ed][the.one.that.is.V][V→N][N][Abs][Unpd][Sg]
piiknanguq	pi-@*@₂~sf–(g₂)k(a)e[the.one.that.possessor.V-ed][V→N]-te[to.catch.N][to.go.to.N][N→V]-te[to.act.on.so.as.to.cause.to.V][V→V]-@₁~fna[in.order.to.V][intending.to.V][V→V]-@*ngugh*[the.one.that.V-ed][the.one.that.is.V][V→N][N][Abs][Unpd][Sg]
piiknanguq	pi-@*@₂~sf–(g₂)k(a)e[the.one.that.possessor.V-ed][V→N]-te[to.catch.N][to.go.to.N][N→V]-te[to.act.on.so.as.to.cause.to.V][V→V]-te[to.act.on.so.as.to.cause.to.V][V→V]-@₁~fna[in.order.to.V][intending.to.V][V→V]-@*ngugh*[the.one.that.V-ed][the.one.that.is.V][V→N][N][Abs][Unpd][Sg]
piiknanguq	pi-~i[SBJ.V-ed.something][V→V]-@*@₂~sf–(g₂)k(a)e[the.one.that.possessor.V-ed][V→N]-te[to.catch.N][to.go.to.N][N→V]-@₁~fna[in.order.to.V][intending.to.V][V→V]-@*ngugh*[the.one.that.V-ed][the.one.that.is.V][V→N][N][Abs][Unpd][Sg]
piiknanguq	pi-~i[SBJ.V-ed.something][V→V]-@*@₂~sf–(g₂)k(a)e[the.one.that.possessor.V-ed][V→N]-te[to.catch.N][to.go.to.N][N→V]-te[to.act.on.so.as.to.cause.to.V][V→V]-@₁~fna[in.order.to.V][intending.to.V][V→V]-@*ngugh*[the.one.that.V-ed][the.one.that.is.V][V→N][N][Abs][Unpd][Sg]
piiknanguq	pi-~i[SBJ.V-ed.something][V→V]-@*@₂~sf–(g₂)k(a)e[the.one.that.possessor.V-ed][V→N]-te[to.catch.N][to.go.to.N][N→V]-te[to.act.on.so.as.to.cause.to.V][V→V]-te[to.act.on.so.as.to.cause.to.V][V→V]-@₁~fna[in.order.to.V][intending.to.V][V→V]-@*ngugh*[the.one.that.V-ed][the.one.that.is.V][V→N][N][Abs][Unpd][Sg]
piiknanguq	pi-~i[SBJ.V-ed.something][V→V]-@*@₂~sf–(g₂)k(a)e[the.one.that.possessor.V-ed][V→N]-te[to.catch.N][to.go.to.N][N→V]-te[to.act.on.so.as.to.cause.to.V][V→V]-te[to.act.on.so.as.to.cause.to.V][V→V]-te[to.act.on.so.as.to.cause.to.V][V→V]-@₁~fna[in.order.to.V][intending.to.V][V→V]-@*ngugh*[the.one.that.V-ed][the.one.that.is.V][V→N][N][Abs][Unpd][Sg]

ukitaghlluku	+?

legan	legan

ukigteghiiyaqminigu	+?

------------------------
Aay, amsanaghqwaaluni naagunguq maaten anuqllighllak.

aay	+?

amsanaghqwaaluni	+?

naagunguq	+?

maaten	+?

anuqllighllak	+?

------------------------


------------------------
Qateghllugllagnguq taglaamalghiit aghvengluteng taakut.

qateghllugllagnguq	+?

taglaamalghiit	taglagh-@₁~:(i/u)ma[to.have.V-ed][to.have.been.V-ed][V→V]-@₁–lghii[the.one.that.V-ed][the.one.that.is.V][V→N][N][Abs][Unpd][Pl]
taglaamalghiit	taglagh-@₁~:(i/u)ma[to.have.V-ed][to.have.been.V-ed][V→V]-@₁–lghii[the.one.that.V-ed][the.one.that.is.V][V→N][N][Rel][Unpd][Pl]
taglaamalghiit	taglagh-@₁~:(i/u)ma[to.have.V-ed][to.have.been.V-ed][V→V][V][Ptcp][3Pl]

aghvengluteng	+?

taakut	taake[V][Ind][3Pl]

------------------------
Taam umiilgem taana umiilek aklungilnguq piiqaa, "Qayugham esghaghhu yaywaalit esghapagtelegllaget Yaywaalimllu aghnalqwaaghem aatkaaneng aatkalgem yakuqaa."

taam	+?

umiilgem	+?

taana	taana

umiilek	+?

aklungilnguq	+?

piiqaa	pi-~i[SBJ.V-ed.something][V→V]-~i[SBJ.V-ed.something][V→V]-~i[SBJ.V-ed.something][V→V]-~i[SBJ.V-ed.something][V→V]-~i[SBJ.V-ed.something][V→V]-te[to.act.on.so.as.to.cause.to.V][V→V]-te[to.act.on.so.as.to.cause.to.V][V→V]-te[to.act.on.so.as.to.cause.to.V][V→V]-te[to.act.on.so.as.to.cause.to.V][V→V]-te[to.act.on.so.as.to.cause.to.V][V→V]-te[to.act.on.so.as.to.cause.to.V][V→V]-@₁qugh[to.V.completely][V][Opt][PRS][2Sg]
piiqaa	pi-~i[SBJ.V-ed.something][V→V]-~i[SBJ.V-ed.something][V→V]-~i[SBJ.V-ed.something][V→V]-~i[SBJ.V-ed.something][V→V]-~i[SBJ.V-ed.something][V→V]-te[to.act.on.so.as.to.cause.to.V][V→V]-te[to.act.on.so.as.to.cause.to.V][V→V]-te[to.act.on.so.as.to.cause.to.V][V→V]-te[to.act.on.so.as.to.cause.to.V][V→V]-te[to.act.on.so.as.to.cause.to.V][V→V]-@₁qugh[to.V.completely][V][Opt][PRS][2Sg]
piiqaa	pi-~i[SBJ.V-ed.something][V→V]-~i[SBJ.V-ed.something][V→V]-~i[SBJ.V-ed.something][V→V]-~i[SBJ.V-ed.something][V→V]-~i[SBJ.V-ed.something][V→V]-te[to.act.on.so.as.to.cause.to.V][V→V]-te[to.act.on.so.as.to.cause.to.V][V→V]-te[to.act.on.so.as.to.cause.to.V][V→V]-te[to.act.on.so.as.to.cause.to.V][V→V]-@₁qugh[to.V.completely][V][Opt][PRS][2Sg]
piiqaa	pi-~i[SBJ.V-ed.something][V→V]-~i[SBJ.V-ed.something][V→V]-~i[SBJ.V-ed.something][V→V]-~i[SBJ.V-ed.something][V→V]-~i[SBJ.V-ed.something][V→V]-te[to.act.on.so.as.to.cause.to.V][V→V]-te[to.act.on.so.as.to.cause.to.V][V→V]-te[to.act.on.so.as.to.cause.to.V][V→V]-@₁qugh[to.V.completely][V][Opt][PRS][2Sg]
piiqaa	pi-~i[SBJ.V-ed.something][V→V]-~i[SBJ.V-ed.something][V→V]-~i[SBJ.V-ed.something][V→V]-~i[SBJ.V-ed.something][V→V]-~i[SBJ.V-ed.something][V→V]-te[to.act.on.so.as.to.cause.to.V][V→V]-te[to.act.on.so.as.to.cause.to.V][V→V]-@₁qugh[to.V.completely][V][Opt][PRS][2Sg]
piiqaa	pi-~i[SBJ.V-ed.something][V→V]-~i[SBJ.V-ed.something][V→V]-~i[SBJ.V-ed.something][V→V]-~i[SBJ.V-ed.something][V→V]-~i[SBJ.V-ed.something][V→V]-te[to.act.on.so.as.to.cause.to.V][V→V]-@₁qugh[to.V.completely][V][Opt][PRS][2Sg]
piiqaa	pi-~i[SBJ.V-ed.something][V→V]-~i[SBJ.V-ed.something][V→V]-~i[SBJ.V-ed.something][V→V]-~i[SBJ.V-ed.something][V→V]-~i[SBJ.V-ed.something][V→V]-@₁qugh[to.V.completely][V][Opt][PRS][2Sg]
piiqaa	pi-~i[SBJ.V-ed.something][V→V]-~i[SBJ.V-ed.something][V→V]-~i[SBJ.V-ed.something][V→V]-~i[SBJ.V-ed.something][V→V]-te[to.act.on.so.as.to.cause.to.V][V→V]-te[to.act.on.so.as.to.cause.to.V][V→V]-te[to.act.on.so.as.to.cause.to.V][V→V]-te[to.act.on.so.as.to.cause.to.V][V→V]-te[to.act.on.so.as.to.cause.to.V][V→V]-@₁qugh[to.V.completely][V][Opt][PRS][2Sg]
piiqaa	pi-~i[SBJ.V-ed.something][V→V]-~i[SBJ.V-ed.something][V→V]-~i[SBJ.V-ed.something][V→V]-~i[SBJ.V-ed.something][V→V]-te[to.act.on.so.as.to.cause.to.V][V→V]-te[to.act.on.so.as.to.cause.to.V][V→V]-te[to.act.on.so.as.to.cause.to.V][V→V]-te[to.act.on.so.as.to.cause.to.V][V→V]-@₁qugh[to.V.completely][V][Opt][PRS][2Sg]
piiqaa	pi-~i[SBJ.V-ed.something][V→V]-~i[SBJ.V-ed.something][V→V]-~i[SBJ.V-ed.something][V→V]-~i[SBJ.V-ed.something][V→V]-te[to.act.on.so.as.to.cause.to.V][V→V]-te[to.act.on.so.as.to.cause.to.V][V→V]-te[to.act.on.so.as.to.cause.to.V][V→V]-@₁qugh[to.V.completely][V][Opt][PRS][2Sg]
piiqaa	pi-~i[SBJ.V-ed.something][V→V]-~i[SBJ.V-ed.something][V→V]-~i[SBJ.V-ed.something][V→V]-~i[SBJ.V-ed.something][V→V]-te[to.act.on.so.as.to.cause.to.V][V→V]-te[to.act.on.so.as.to.cause.to.V][V→V]-@₁qugh[to.V.completely][V][Opt][PRS][2Sg]
piiqaa	pi-~i[SBJ.V-ed.something][V→V]-~i[SBJ.V-ed.something][V→V]-~i[SBJ.V-ed.something][V→V]-~i[SBJ.V-ed.something][V→V]-te[to.act.on.so.as.to.cause.to.V][V→V]-@₁qugh[to.V.completely][V][Opt][PRS][2Sg]
piiqaa	pi-~i[SBJ.V-ed.something][V→V]-~i[SBJ.V-ed.something][V→V]-~i[SBJ.V-ed.something][V→V]-~i[SBJ.V-ed.something][V→V]-~:(u)te[to.V.for.or.with][to.cause.to.V.as.one.is.V-ing][to.V.toward.each.other][V→V]-te[to.act.on.so.as.to.cause.to.V][V→V]-te[to.act.on.so.as.to.cause.to.V][V→V]-te[to.act.on.so.as.to.cause.to.V][V→V]-te[to.act.on.so.as.to.cause.to.V][V→V]-te[to.act.on.so.as.to.cause.to.V][V→V]-@₁qugh[to.V.completely][V][Opt][PRS][2Sg]
piiqaa	pi-~i[SBJ.V-ed.something][V→V]-~i[SBJ.V-ed.something][V→V]-~i[SBJ.V-ed.something][V→V]-~i[SBJ.V-ed.something][V→V]-~:(u)te[to.V.for.or.with][to.cause.to.V.as.one.is.V-ing][to.V.toward.each.other][V→V]-te[to.act.on.so.as.to.cause.to.V][V→V]-te[to.act.on.so.as.to.cause.to.V][V→V]-te[to.act.on.so.as.to.cause.to.V][V→V]-te[to.act.on.so.as.to.cause.to.V][V→V]-@₁qugh[to.V.completely][V][Opt][PRS][2Sg]
piiqaa	pi-~i[SBJ.V-ed.something][V→V]-~i[SBJ.V-ed.something][V→V]-~i[SBJ.V-ed.something][V→V]-~i[SBJ.V-ed.something][V→V]-~:(u)te[to.V.for.or.with][to.cause.to.V.as.one.is.V-ing][to.V.toward.each.other][V→V]-te[to.act.on.so.as.to.cause.to.V][V→V]-te[to.act.on.so.as.to.cause.to.V][V→V]-te[to.act.on.so.as.to.cause.to.V][V→V]-@₁qugh[to.V.completely][V][Opt][PRS][2Sg]
piiqaa	pi-~i[SBJ.V-ed.something][V→V]-~i[SBJ.V-ed.something][V→V]-~i[SBJ.V-ed.something][V→V]-~i[SBJ.V-ed.something][V→V]-~:(u)te[to.V.for.or.with][to.cause.to.V.as.one.is.V-ing][to.V.toward.each.other][V→V]-te[to.act.on.so.as.to.cause.to.V][V→V]-te[to.act.on.so.as.to.cause.to.V][V→V]-@₁qugh[to.V.completely][V][Opt][PRS][2Sg]
piiqaa	pi-~i[SBJ.V-ed.something][V→V]-~i[SBJ.V-ed.something][V→V]-~i[SBJ.V-ed.something][V→V]-~i[SBJ.V-ed.something][V→V]-~:(u)te[to.V.for.or.with][to.cause.to.V.as.one.is.V-ing][to.V.toward.each.other][V→V]-te[to.act.on.so.as.to.cause.to.V][V→V]-@₁qugh[to.V.completely][V][Opt][PRS][2Sg]
piiqaa	pi-~i[SBJ.V-ed.something][V→V]-~i[SBJ.V-ed.something][V→V]-~i[SBJ.V-ed.something][V→V]-~i[SBJ.V-ed.something][V→V]-~:(u)te[to.V.for.or.with][to.cause.to.V.as.one.is.V-ing][to.V.toward.each.other][V→V]-@₁qugh[to.V.completely][V][Opt][PRS][2Sg]
piiqaa	pi-~i[SBJ.V-ed.something][V→V]-~i[SBJ.V-ed.something][V→V]-~i[SBJ.V-ed.something][V→V]-~i[SBJ.V-ed.something][V→V]-~:(u)te[condition.with.respect.to.V-ing][V→N]-te[to.catch.N][to.go.to.N][N→V]-te[to.act.on.so.as.to.cause.to.V][V→V]-te[to.act.on.so.as.to.cause.to.V][V→V]-te[to.act.on.so.as.to.cause.to.V][V→V]-te[to.act.on.so.as.to.cause.to.V][V→V]-@₁qugh[to.V.completely][V][Opt][PRS][2Sg]
piiqaa	pi-~i[SBJ.V-ed.something][V→V]-~i[SBJ.V-ed.something][V→V]-~i[SBJ.V-ed.something][V→V]-~i[SBJ.V-ed.something][V→V]-~:(u)te[condition.with.respect.to.V-ing][V→N]-te[to.catch.N][to.go.to.N][N→V]-te[to.act.on.so.as.to.cause.to.V][V→V]-te[to.act.on.so.as.to.cause.to.V][V→V]-te[to.act.on.so.as.to.cause.to.V][V→V]-@₁qugh[to.V.completely][V][Opt][PRS][2Sg]
piiqaa	pi-~i[SBJ.V-ed.something][V→V]-~i[SBJ.V-ed.something][V→V]-~i[SBJ.V-ed.something][V→V]-~i[SBJ.V-ed.something][V→V]-~:(u)te[condition.with.respect.to.V-ing][V→N]-te[to.catch.N][to.go.to.N][N→V]-te[to.act.on.so.as.to.cause.to.V][V→V]-te[to.act.on.so.as.to.cause.to.V][V→V]-@₁qugh[to.V.completely][V][Opt][PRS][2Sg]
piiqaa	pi-~i[SBJ.V-ed.something][V→V]-~i[SBJ.V-ed.something][V→V]-~i[SBJ.V-ed.something][V→V]-~i[SBJ.V-ed.something][V→V]-~:(u)te[condition.with.respect.to.V-ing][V→N]-te[to.catch.N][to.go.to.N][N→V]-te[to.act.on.so.as.to.cause.to.V][V→V]-@₁qugh[to.V.completely][V][Opt][PRS][2Sg]
piiqaa	pi-~i[SBJ.V-ed.something][V→V]-~i[SBJ.V-ed.something][V→V]-~i[SBJ.V-ed.something][V→V]-~i[SBJ.V-ed.something][V→V]-~:(u)te[condition.with.respect.to.V-ing][V→N]-te[to.catch.N][to.go.to.N][N→V]-@₁qugh[to.V.completely][V][Opt][PRS][2Sg]
piiqaa	pi-~i[SBJ.V-ed.something][V→V]-~i[SBJ.V-ed.something][V→V]-~i[SBJ.V-ed.something][V→V]-~i[SBJ.V-ed.something][V→V]-~:(u)te[SBJ.V-ed.something][V→V]-te[to.act.on.so.as.to.cause.to.V][V→V]-te[to.act.on.so.as.to.cause.to.V][V→V]-te[to.act.on.so.as.to.cause.to.V][V→V]-te[to.act.on.so.as.to.cause.to.V][V→V]-te[to.act.on.so.as.to.cause.to.V][V→V]-@₁qugh[to.V.completely][V][Opt][PRS][2Sg]
piiqaa	pi-~i[SBJ.V-ed.something][V→V]-~i[SBJ.V-ed.something][V→V]-~i[SBJ.V-ed.something][V→V]-~i[SBJ.V-ed.something][V→V]-~:(u)te[SBJ.V-ed.something][V→V]-te[to.act.on.so.as.to.cause.to.V][V→V]-te[to.act.on.so.as.to.cause.to.V][V→V]-te[to.act.on.so.as.to.cause.to.V][V→V]-te[to.act.on.so.as.to.cause.to.V][V→V]-@₁qugh[to.V.completely][V][Opt][PRS][2Sg]
piiqaa	pi-~i[SBJ.V-ed.something][V→V]-~i[SBJ.V-ed.something][V→V]-~i[SBJ.V-ed.something][V→V]-~i[SBJ.V-ed.something][V→V]-~:(u)te[SBJ.V-ed.something][V→V]-te[to.act.on.so.as.to.cause.to.V][V→V]-te[to.act.on.so.as.to.cause.to.V][V→V]-te[to.act.on.so.as.to.cause.to.V][V→V]-@₁qugh[to.V.completely][V][Opt][PRS][2Sg]
piiqaa	pi-~i[SBJ.V-ed.something][V→V]-~i[SBJ.V-ed.something][V→V]-~i[SBJ.V-ed.something][V→V]-~i[SBJ.V-ed.something][V→V]-~:(u)te[SBJ.V-ed.something][V→V]-te[to.act.on.so.as.to.cause.to.V][V→V]-te[to.act.on.so.as.to.cause.to.V][V→V]-@₁qugh[to.V.completely][V][Opt][PRS][2Sg]
piiqaa	pi-~i[SBJ.V-ed.something][V→V]-~i[SBJ.V-ed.something][V→V]-~i[SBJ.V-ed.something][V→V]-~i[SBJ.V-ed.something][V→V]-~:(u)te[SBJ.V-ed.something][V→V]-te[to.act.on.so.as.to.cause.to.V][V→V]-@₁qugh[to.V.completely][V][Opt][PRS][2Sg]
piiqaa	pi-~i[SBJ.V-ed.something][V→V]-~i[SBJ.V-ed.something][V→V]-~i[SBJ.V-ed.something][V→V]-~i[SBJ.V-ed.something][V→V]-~:(u)te[SBJ.V-ed.something][V→V]-@₁qugh[to.V.completely][V][Opt][PRS][2Sg]
piiqaa	pi-~i[SBJ.V-ed.something][V→V]-~i[SBJ.V-ed.something][V→V]-~i[SBJ.V-ed.something][V→V]-~i[SBJ.V-ed.something][V→V]-@₁qugh[to.V.completely][V][Opt][PRS][2Sg]
piiqaa	pi-~i[SBJ.V-ed.something][V→V]-~i[SBJ.V-ed.something][V→V]-~i[SBJ.V-ed.something][V→V]-te[to.act.on.so.as.to.cause.to.V][V→V]-te[to.act.on.so.as.to.cause.to.V][V→V]-te[to.act.on.so.as.to.cause.to.V][V→V]-te[to.act.on.so.as.to.cause.to.V][V→V]-@₁qugh[to.V.completely][V][Opt][PRS][2Sg]
piiqaa	pi-~i[SBJ.V-ed.something][V→V]-~i[SBJ.V-ed.something][V→V]-~i[SBJ.V-ed.something][V→V]-te[to.act.on.so.as.to.cause.to.V][V→V]-te[to.act.on.so.as.to.cause.to.V][V→V]-te[to.act.on.so.as.to.cause.to.V][V→V]-@₁qugh[to.V.completely][V][Opt][PRS][2Sg]
piiqaa	pi-~i[SBJ.V-ed.something][V→V]-~i[SBJ.V-ed.something][V→V]-~i[SBJ.V-ed.something][V→V]-te[to.act.on.so.as.to.cause.to.V][V→V]-te[to.act.on.so.as.to.cause.to.V][V→V]-@₁qugh[to.V.completely][V][Opt][PRS][2Sg]
piiqaa	pi-~i[SBJ.V-ed.something][V→V]-~i[SBJ.V-ed.something][V→V]-~i[SBJ.V-ed.something][V→V]-te[to.act.on.so.as.to.cause.to.V][V→V]-@₁qugh[to.V.completely][V][Opt][PRS][2Sg]
piiqaa	pi-~i[SBJ.V-ed.something][V→V]-~i[SBJ.V-ed.something][V→V]-~i[SBJ.V-ed.something][V→V]-~:(u)te[to.V.for.or.with][to.cause.to.V.as.one.is.V-ing][to.V.toward.each.other][V→V]-te[to.act.on.so.as.to.cause.to.V][V→V]-te[to.act.on.so.as.to.cause.to.V][V→V]-te[to.act.on.so.as.to.cause.to.V][V→V]-te[to.act.on.so.as.to.cause.to.V][V→V]-@₁qugh[to.V.completely][V][Opt][PRS][2Sg]
piiqaa	pi-~i[SBJ.V-ed.something][V→V]-~i[SBJ.V-ed.something][V→V]-~i[SBJ.V-ed.something][V→V]-~:(u)te[to.V.for.or.with][to.cause.to.V.as.one.is.V-ing][to.V.toward.each.other][V→V]-te[to.act.on.so.as.to.cause.to.V][V→V]-te[to.act.on.so.as.to.cause.to.V][V→V]-te[to.act.on.so.as.to.cause.to.V][V→V]-@₁qugh[to.V.completely][V][Opt][PRS][2Sg]
piiqaa	pi-~i[SBJ.V-ed.something][V→V]-~i[SBJ.V-ed.something][V→V]-~i[SBJ.V-ed.something][V→V]-~:(u)te[to.V.for.or.with][to.cause.to.V.as.one.is.V-ing][to.V.toward.each.other][V→V]-te[to.act.on.so.as.to.cause.to.V][V→V]-te[to.act.on.so.as.to.cause.to.V][V→V]-@₁qugh[to.V.completely][V][Opt][PRS][2Sg]
piiqaa	pi-~i[SBJ.V-ed.something][V→V]-~i[SBJ.V-ed.something][V→V]-~i[SBJ.V-ed.something][V→V]-~:(u)te[to.V.for.or.with][to.cause.to.V.as.one.is.V-ing][to.V.toward.each.other][V→V]-te[to.act.on.so.as.to.cause.to.V][V→V]-@₁qugh[to.V.completely][V][Opt][PRS][2Sg]
piiqaa	pi-~i[SBJ.V-ed.something][V→V]-~i[SBJ.V-ed.something][V→V]-~i[SBJ.V-ed.something][V→V]-~:(u)te[to.V.for.or.with][to.cause.to.V.as.one.is.V-ing][to.V.toward.each.other][V→V]-@₁qugh[to.V.completely][V][Opt][PRS][2Sg]
piiqaa	pi-~i[SBJ.V-ed.something][V→V]-~i[SBJ.V-ed.something][V→V]-~i[SBJ.V-ed.something][V→V]-~:(u)te[condition.with.respect.to.V-ing][V→N]-te[to.catch.N][to.go.to.N][N→V]-te[to.act.on.so.as.to.cause.to.V][V→V]-te[to.act.on.so.as.to.cause.to.V][V→V]-te[to.act.on.so.as.to.cause.to.V][V→V]-@₁qugh[to.V.completely][V][Opt][PRS][2Sg]
piiqaa	pi-~i[SBJ.V-ed.something][V→V]-~i[SBJ.V-ed.something][V→V]-~i[SBJ.V-ed.something][V→V]-~:(u)te[condition.with.respect.to.V-ing][V→N]-te[to.catch.N][to.go.to.N][N→V]-te[to.act.on.so.as.to.cause.to.V][V→V]-te[to.act.on.so.as.to.cause.to.V][V→V]-@₁qugh[to.V.completely][V][Opt][PRS][2Sg]
piiqaa	pi-~i[SBJ.V-ed.something][V→V]-~i[SBJ.V-ed.something][V→V]-~i[SBJ.V-ed.something][V→V]-~:(u)te[condition.with.respect.to.V-ing][V→N]-te[to.catch.N][to.go.to.N][N→V]-te[to.act.on.so.as.to.cause.to.V][V→V]-@₁qugh[to.V.completely][V][Opt][PRS][2Sg]
piiqaa	pi-~i[SBJ.V-ed.something][V→V]-~i[SBJ.V-ed.something][V→V]-~i[SBJ.V-ed.something][V→V]-~:(u)te[condition.with.respect.to.V-ing][V→N]-te[to.catch.N][to.go.to.N][N→V]-@₁qugh[to.V.completely][V][Opt][PRS][2Sg]
piiqaa	pi-~i[SBJ.V-ed.something][V→V]-~i[SBJ.V-ed.something][V→V]-~i[SBJ.V-ed.something][V→V]-~:(u)te[SBJ.V-ed.something][V→V]-te[to.act.on.so.as.to.cause.to.V][V→V]-te[to.act.on.so.as.to.cause.to.V][V→V]-te[to.act.on.so.as.to.cause.to.V][V→V]-te[to.act.on.so.as.to.cause.to.V][V→V]-@₁qugh[to.V.completely][V][Opt][PRS][2Sg]
piiqaa	pi-~i[SBJ.V-ed.something][V→V]-~i[SBJ.V-ed.something][V→V]-~i[SBJ.V-ed.something][V→V]-~:(u)te[SBJ.V-ed.something][V→V]-te[to.act.on.so.as.to.cause.to.V][V→V]-te[to.act.on.so.as.to.cause.to.V][V→V]-te[to.act.on.so.as.to.cause.to.V][V→V]-@₁qugh[to.V.completely][V][Opt][PRS][2Sg]
piiqaa	pi-~i[SBJ.V-ed.something][V→V]-~i[SBJ.V-ed.something][V→V]-~i[SBJ.V-ed.something][V→V]-~:(u)te[SBJ.V-ed.something][V→V]-te[to.act.on.so.as.to.cause.to.V][V→V]-te[to.act.on.so.as.to.cause.to.V][V→V]-@₁qugh[to.V.completely][V][Opt][PRS][2Sg]
piiqaa	pi-~i[SBJ.V-ed.something][V→V]-~i[SBJ.V-ed.something][V→V]-~i[SBJ.V-ed.something][V→V]-~:(u)te[SBJ.V-ed.something][V→V]-te[to.act.on.so.as.to.cause.to.V][V→V]-@₁qugh[to.V.completely][V][Opt][PRS][2Sg]
piiqaa	pi-~i[SBJ.V-ed.something][V→V]-~i[SBJ.V-ed.something][V→V]-~i[SBJ.V-ed.something][V→V]-~:(u)te[SBJ.V-ed.something][V→V]-@₁qugh[to.V.completely][V][Opt][PRS][2Sg]
piiqaa	pi-~i[SBJ.V-ed.something][V→V]-~i[SBJ.V-ed.something][V→V]-~i[SBJ.V-ed.something][V→V]-@₁qugh[to.V.completely][V][Opt][PRS][2Sg]
piiqaa	pi-~i[SBJ.V-ed.something][V→V]-~i[SBJ.V-ed.something][V→V]-te[to.act.on.so.as.to.cause.to.V][V→V]-te[to.act.on.so.as.to.cause.to.V][V→V]-te[to.act.on.so.as.to.cause.to.V][V→V]-@₁qugh[to.V.completely][V][Opt][PRS][2Sg]
piiqaa	pi-~i[SBJ.V-ed.something][V→V]-~i[SBJ.V-ed.something][V→V]-te[to.act.on.so.as.to.cause.to.V][V→V]-te[to.act.on.so.as.to.cause.to.V][V→V]-@₁qugh[to.V.completely][V][Opt][PRS][2Sg]
piiqaa	pi-~i[SBJ.V-ed.something][V→V]-~i[SBJ.V-ed.something][V→V]-te[to.act.on.so.as.to.cause.to.V][V→V]-@₁qugh[to.V.completely][V][Opt][PRS][2Sg]
piiqaa	pi-~i[SBJ.V-ed.something][V→V]-~i[SBJ.V-ed.something][V→V]-~:(u)te[to.V.for.or.with][to.cause.to.V.as.one.is.V-ing][to.V.toward.each.other][V→V]-te[to.act.on.so.as.to.cause.to.V][V→V]-te[to.act.on.so.as.to.cause.to.V][V→V]-te[to.act.on.so.as.to.cause.to.V][V→V]-@₁qugh[to.V.completely][V][Opt][PRS][2Sg]
piiqaa	pi-~i[SBJ.V-ed.something][V→V]-~i[SBJ.V-ed.something][V→V]-~:(u)te[to.V.for.or.with][to.cause.to.V.as.one.is.V-ing][to.V.toward.each.other][V→V]-te[to.act.on.so.as.to.cause.to.V][V→V]-te[to.act.on.so.as.to.cause.to.V][V→V]-@₁qugh[to.V.completely][V][Opt][PRS][2Sg]
piiqaa	pi-~i[SBJ.V-ed.something][V→V]-~i[SBJ.V-ed.something][V→V]-~:(u)te[to.V.for.or.with][to.cause.to.V.as.one.is.V-ing][to.V.toward.each.other][V→V]-te[to.act.on.so.as.to.cause.to.V][V→V]-@₁qugh[to.V.completely][V][Opt][PRS][2Sg]
piiqaa	pi-~i[SBJ.V-ed.something][V→V]-~i[SBJ.V-ed.something][V→V]-~:(u)te[to.V.for.or.with][to.cause.to.V.as.one.is.V-ing][to.V.toward.each.other][V→V]-@₁qugh[to.V.completely][V][Opt][PRS][2Sg]
piiqaa	pi-~i[SBJ.V-ed.something][V→V]-~i[SBJ.V-ed.something][V→V]-~:(u)te[condition.with.respect.to.V-ing][V→N]-te[to.catch.N][to.go.to.N][N→V]-te[to.act.on.so.as.to.cause.to.V][V→V]-te[to.act.on.so.as.to.cause.to.V][V→V]-@₁qugh[to.V.completely][V][Opt][PRS][2Sg]
piiqaa	pi-~i[SBJ.V-ed.something][V→V]-~i[SBJ.V-ed.something][V→V]-~:(u)te[condition.with.respect.to.V-ing][V→N]-te[to.catch.N][to.go.to.N][N→V]-te[to.act.on.so.as.to.cause.to.V][V→V]-@₁qugh[to.V.completely][V][Opt][PRS][2Sg]
piiqaa	pi-~i[SBJ.V-ed.something][V→V]-~i[SBJ.V-ed.something][V→V]-~:(u)te[condition.with.respect.to.V-ing][V→N]-te[to.catch.N][to.go.to.N][N→V]-@₁qugh[to.V.completely][V][Opt][PRS][2Sg]
piiqaa	pi-~i[SBJ.V-ed.something][V→V]-~i[SBJ.V-ed.something][V→V]-~:(u)te[SBJ.V-ed.something][V→V]-te[to.act.on.so.as.to.cause.to.V][V→V]-te[to.act.on.so.as.to.cause.to.V][V→V]-te[to.act.on.so.as.to.cause.to.V][V→V]-@₁qugh[to.V.completely][V][Opt][PRS][2Sg]
piiqaa	pi-~i[SBJ.V-ed.something][V→V]-~i[SBJ.V-ed.something][V→V]-~:(u)te[SBJ.V-ed.something][V→V]-te[to.act.on.so.as.to.cause.to.V][V→V]-te[to.act.on.so.as.to.cause.to.V][V→V]-@₁qugh[to.V.completely][V][Opt][PRS][2Sg]
piiqaa	pi-~i[SBJ.V-ed.something][V→V]-~i[SBJ.V-ed.something][V→V]-~:(u)te[SBJ.V-ed.something][V→V]-te[to.act.on.so.as.to.cause.to.V][V→V]-@₁qugh[to.V.completely][V][Opt][PRS][2Sg]
piiqaa	pi-~i[SBJ.V-ed.something][V→V]-~i[SBJ.V-ed.something][V→V]-~:(u)te[SBJ.V-ed.something][V→V]-@₁qugh[to.V.completely][V][Opt][PRS][2Sg]
piiqaa	pi-~i[SBJ.V-ed.something][V→V]-~i[SBJ.V-ed.something][V→V]-@₁qugh[to.V.completely][V][Opt][PRS][2Sg]
piiqaa	pi-~(g₁)aqe[to.be.V.ing][to.regularly.or.repeatedly.V][V→V][V][Ind][3Sg][3Sg]
piiqaa	pi-~i[SBJ.V-ed.something][V→V]-te[to.act.on.so.as.to.cause.to.V][V→V]-te[to.act.on.so.as.to.cause.to.V][V→V]-@₁qugh[to.V.completely][V][Opt][PRS][2Sg]
piiqaa	pi-~i[SBJ.V-ed.something][V→V]-te[to.act.on.so.as.to.cause.to.V][V→V]-@₁qugh[to.V.completely][V][Opt][PRS][2Sg]
piiqaa	pi-~i[SBJ.V-ed.something][V→V]-~:(u)te[to.V.for.or.with][to.cause.to.V.as.one.is.V-ing][to.V.toward.each.other][V→V]-te[to.act.on.so.as.to.cause.to.V][V→V]-te[to.act.on.so.as.to.cause.to.V][V→V]-@₁qugh[to.V.completely][V][Opt][PRS][2Sg]
piiqaa	pi-~i[SBJ.V-ed.something][V→V]-~:(u)te[to.V.for.or.with][to.cause.to.V.as.one.is.V-ing][to.V.toward.each.other][V→V]-te[to.act.on.so.as.to.cause.to.V][V→V]-@₁qugh[to.V.completely][V][Opt][PRS][2Sg]
piiqaa	pi-~i[SBJ.V-ed.something][V→V]-~:(u)te[to.V.for.or.with][to.cause.to.V.as.one.is.V-ing][to.V.toward.each.other][V→V]-@₁qugh[to.V.completely][V][Opt][PRS][2Sg]
piiqaa	pi-~i[SBJ.V-ed.something][V→V]-~:(u)te[condition.with.respect.to.V-ing][V→N]-te[to.catch.N][to.go.to.N][N→V]-te[to.act.on.so.as.to.cause.to.V][V→V]-@₁qugh[to.V.completely][V][Opt][PRS][2Sg]
piiqaa	pi-~i[SBJ.V-ed.something][V→V]-~:(u)te[condition.with.respect.to.V-ing][V→N]-te[to.catch.N][to.go.to.N][N→V]-@₁qugh[to.V.completely][V][Opt][PRS][2Sg]
piiqaa	pi-~i[SBJ.V-ed.something][V→V]-~:(u)te[SBJ.V-ed.something][V→V]-te[to.act.on.so.as.to.cause.to.V][V→V]-te[to.act.on.so.as.to.cause.to.V][V→V]-@₁qugh[to.V.completely][V][Opt][PRS][2Sg]
piiqaa	pi-~i[SBJ.V-ed.something][V→V]-~:(u)te[SBJ.V-ed.something][V→V]-te[to.act.on.so.as.to.cause.to.V][V→V]-@₁qugh[to.V.completely][V][Opt][PRS][2Sg]
piiqaa	pi-~i[SBJ.V-ed.something][V→V]-~:(u)te[SBJ.V-ed.something][V→V]-@₁qugh[to.V.completely][V][Opt][PRS][2Sg]
piiqaa	pi-~i[SBJ.V-ed.something][V→V]-@₁qugh[to.V.completely][V][Opt][PRS][2Sg]

qayugham	+?

esghaghhu	esghagh[V][Opt][PRS][2Sg][3Sg]
esghaghhu	esghaghhu

yaywaalit	yaywaali[N][Abs][Unpd][Pl]
yaywaalit	yaywaali[N][Rel][Unpd][Pl]

esghapagtelegllaget	+?

yaywaalimllu	yaywaali[N][Rel][Unpd][Sg]-llu[Encl]

aghnalqwaaghem	aghnalqwaagh[N][Rel][Unpd][Sg]

aatkaaneng	aatkagh[N][Abl_Mod][3SgPoss][SgPosd]
aatkaaneng	aatkagh[N][Abl_Mod][3SgPoss][PlPosd]

aatkalgem	aate-@₂~fkaq[one.that.has.V-ed][V→N]-–leg[one.having.N][N→N][N][Rel][Unpd][Sg]
aatkalgem	aatkagh-–leg[one.having.N][N→N][N][Rel][Unpd][Sg]

yakuqaa	+?

------------------------
Taananguq qallemsuwhaq qemall umiilek.

taananguq	+?

qallemsuwhaq	+?

qemall	qemall

umiilek	+?

------------------------


------------------------
Taawa taglaamalghiit elngaatall aghvengluteng.

taawa	taawa

taglaamalghiit	taglagh-@₁~:(i/u)ma[to.have.V-ed][to.have.been.V-ed][V→V]-@₁–lghii[the.one.that.V-ed][the.one.that.is.V][V→N][N][Abs][Unpd][Pl]
taglaamalghiit	taglagh-@₁~:(i/u)ma[to.have.V-ed][to.have.been.V-ed][V→V]-@₁–lghii[the.one.that.V-ed][the.one.that.is.V][V→N][N][Rel][Unpd][Pl]
taglaamalghiit	taglagh-@₁~:(i/u)ma[to.have.V-ed][to.have.been.V-ed][V→V][V][Ptcp][3Pl]

elngaatall	elngaatall

aghvengluteng	+?

------------------------
Impisigalkanga yugwem taam aghvenguqam, avelghaqumtaaghan impisigalkanga qamagtengngwaaghluku impiquumakanga.

impisigalkanga	+?

yugwem	+?

taam	+?

aghvenguqam	+?

avelghaqumtaaghan	+?

impisigalkanga	+?

qamagtengngwaaghluku	+?

impiquumakanga	+?

------------------------


------------------------
Apeghiighlutenguq taana nengyughhaa ighsangakun nenglungiighhaq ifkaghlluku atghaalluku taana mekelghiiq aatkangllaghyaqmegteggunguq mekelghiiq pinighhalek.

apeghiighlutenguq	+?

taana	taana

nengyughhaa	nengyugh*-–ghhagh*[dear.N][N→N]-~:(ng₁)u[to.be.N][N→V][V][Opt][PRS][2Sg]
nengyughhaa	nengyugh*-–ghhagh*[dear.N][N→N][N][Abs][3SgPoss][SgPosd]

ighsangakun	+?

nenglungiighhaq	+?

ifkaghlluku	+?

atghaalluku	+?

taana	taana

mekelghiiq	mekelghiigh[N][Abs][Unpd][Sg]

aatkangllaghyaqmegteggunguq	+?

mekelghiiq	mekelghiigh[N][Abs][Unpd][Sg]

pinighhalek	pi-@₁~fni[to.say.that.one.is.V-ing][Cmpd_Vbl]-–ghhalek[how.V][V→XCLM]
pinighhalek	pi-~:(u)te[to.V.for.or.with][to.cause.to.V.as.one.is.V-ing][to.V.toward.each.other][V→V]-@₁~fni[to.say.that.one.is.V-ing][Cmpd_Vbl]-–ghhalek[how.V][V→XCLM]
pinighhalek	pi-~:(u)te[SBJ.V-ed.something][V→V]-@₁~fni[to.say.that.one.is.V-ing][Cmpd_Vbl]-–ghhalek[how.V][V→XCLM]
pinighhalek	pinigh-–ghhalek[how.V][V→XCLM]

------------------------


------------------------
Taana uyuqliq panini aga nulighqestengnginaamaan.

taana	taana

uyuqliq	+?

panini	panig[N][Abs][4SgPoss][SgPosd]
panini	panig[N][Abs][4SgPoss][PlPosd]

aga	aga

nulighqestengnginaamaan	+?

------------------------
Taawanguq aghvengyughighllagtuq taana aghvengyiitepaaghruk yuuk.

taawanguq	+?

aghvengyughighllagtuq	+?

taana	taana

aghvengyiitepaaghruk	+?

yuuk	yug[N][Abs][Sg]

------------------------
Mekelghiiperewaaghmeng avaqutalighluni.

mekelghiiperewaaghmeng	+?

avaqutalighluni	+?

------------------------
Taawa naanguq.

taawa	taawa

naanguq	naa[N][Abs][Unpd][Sg]-nguq[Encl]

------------------------
