Taghnughhaghmun Atighilleq Sivuqami

taghnughhaghmun	taghnughhagh*[N][Ter][Unpd][Sg]

atighilleq	+?

sivuqami	Sivuqagh[N][Loc][Unpd][Sg]
sivuqami	Sivuqagh[N][Rel][4SgPoss][SgPosd]
sivuqami	Sivuqagh[N][Rel][4SgPoss][PlPosd]

------------------------
Iyaakankuk, Kepelgunkuk Apellghat

iyaakankuk	+?

kepelgunkuk	+?

apellghat	+?

------------------------


------------------------
Kitum Atighaqaki Taghnughhaat

kitum	kitum

atighaqaki	+?

taghnughhaat	taghnughhagh*[N][Abs][Unpd][Pl]
taghnughhaat	taghnughhagh*[N][Abs][3PlPoss][SgPosd]
taghnughhaat	taghnughhagh*[N][Rel][Unpd][Pl]

------------------------


------------------------
Taghnughhateng atighnaqneghmegteki sivukluki ateghqameng siivanlleteng aapluki, ateghqameng tuunkaaneng atighaqut.

taghnughhateng	taghnughhagh*[N][Abs][4PlPoss][PlPosd]

atighnaqneghmegteki	+?

sivukluki	+?

ateghqameng	+?

siivanlleteng	siivanllegh[N][Abs][4PlPoss][PlPosd]

aapluki	aapte[V][Sbrd][1Du][3Pl]
aapluki	aapte[V][Sbrd][1Pl][3Pl]
aapluki	aapte[V][Sbrd][1Sg][3Pl]
aapluki	aapte[V][Sbrd][2Du][3Pl]
aapluki	aapte[V][Sbrd][2Pl][3Pl]
aapluki	aapte[V][Sbrd][2Sg][3Pl]
aapluki	aapte[V][Sbrd][3Du][3Pl]
aapluki	aapte[V][Sbrd][3Pl][3Pl]
aapluki	aapte[V][Sbrd][3Sg][3Pl]

ateghqameng	+?

tuunkaaneng	+?

atighaqut	+?

------------------------
Nalighmeng kitumeng taagken atighnaqniluki siivanlleteng ungipaataqiit, nallukesigatiit.

nalighmeng	naligh*[N][Rel][4DuPoss][SgPosd]
nalighmeng	naligh*[N][Rel][4DuPoss][PlPosd]
nalighmeng	naligh*[N][Rel][4PlPoss][SgPosd]
nalighmeng	naligh*[N][Rel][4PlPoss][PlPosd]
nalighmeng	naligh*[N][Abl_Mod][Unpd][Sg]
nalighmeng	nalighmeng

kitumeng	+?

taagken	taagken

atighnaqniluki	+?

siivanlleteng	siivanllegh[N][Abs][4PlPoss][PlPosd]

ungipaataqiit	ungipaate-~(g₁)aqe[to.be.V.ing][to.regularly.or.repeatedly.V][V→V]-~i[SBJ.V-ed.something][V→V][V][Intrg][3Pl]
ungipaataqiit	ungipaate-~(g₁)aqe[to.be.V.ing][to.regularly.or.repeatedly.V][V→V]-~i[SBJ.V-ed.something][V→V][V][Ind][3Pl]
ungipaataqiit	ungipaate-~(g₁)aqe[to.be.V.ing][to.regularly.or.repeatedly.V][V→V][V][Ind][3Pl][3Pl]
ungipaataqiit	ungipaate-~(g₁)aqe[to.be.V.ing][to.regularly.or.repeatedly.V][V→V][V][Ind][3Du][3Sg]

nallukesigatiit	nalluke-te[to.act.on.so.as.to.cause.to.V][V→V]-@₁~:(ng₂)igate[to.never.V][to.not.be.V-ing][V→V]-~i[SBJ.V-ed.something][V→V][V][Intrg][3Pl]
nallukesigatiit	nalluke-te[to.act.on.so.as.to.cause.to.V][V→V]-@₁~:(ng₂)igate[to.never.V][to.not.be.V-ing][V→V]-~i[SBJ.V-ed.something][V→V][V][Ind][3Pl]
nallukesigatiit	nalluke-te[to.act.on.so.as.to.cause.to.V][V→V]-@₁~:(ng₂)igate[to.never.V][to.not.be.V-ing][V→V][V][Ind][3Pl][3Pl]
nallukesigatiit	nalluke-te[to.act.on.so.as.to.cause.to.V][V→V]-@₁~:(ng₂)igate[to.never.V][to.not.be.V-ing][V→V][V][Ind][3Du][3Sg]

------------------------


------------------------
Ilangita aatghit ataasiiwaqut, ilangi naqam maalghugwaaqluteng, pingayugwaaqluteng.

ilangita	ila-~:(ng₁)ite**[to.lack.N][to.not.have.N][N→V][V][Intrg][3Sg]
ilangita	ila[N][Rel][3DuPoss][SgPosd]
ilangita	ila[N][Rel][3DuPoss][PlPosd]
ilangita	ila[N][Rel][3PlPoss][SgPosd]
ilangita	ila[N][Rel][3PlPoss][PlPosd]

aatghit	ategh[N][Abs][3PlPoss][PlPosd]

ataasiiwaqut	+?

ilangi	ila[N][Abs][3SgPoss][PlPosd]

naqam	naqam

maalghugwaaqluteng	+?

pingayugwaaqluteng	+?

------------------------
Naten ilangi wata uglaghaqluteng.

naten	naten

ilangi	ila[N][Abs][3SgPoss][PlPosd]

wata	+?

uglaghaqluteng	uglagh-~(g₁)aqe[to.be.V.ing][to.regularly.or.repeatedly.V][V→V]-te[to.act.on.so.as.to.cause.to.V][V→V]-te[to.act.on.so.as.to.cause.to.V][V→V][V][Sbrd][3Pl]
uglaghaqluteng	uglagh-~(g₁)aqe[to.be.V.ing][to.regularly.or.repeatedly.V][V→V]-te[to.act.on.so.as.to.cause.to.V][V→V][V][Sbrd][3Pl]
uglaghaqluteng	uglagh-~(g₁)aqe[to.be.V.ing][to.regularly.or.repeatedly.V][V→V][V][Sbrd][3Pl]

------------------------
Laluramkestun whaten ayuqenghilnguugut first name, last name-kunneghilnguugut, John Paul Henry Jones-etun tawaten.

laluramkestun	Laluramke[N][Equ][Unpd][Pl]

whaten	+?

ayuqenghilnguugut	+?

first	+?

name	+?

last	+?

namekunneghilnguugut	+?

john	+?

paul	+?

henry	+?

jonesetun	+?

tawaten	tawaten

------------------------


------------------------
Aatghet uglaghngiita kiyang ataasit aatghet atuqaqiit.

aatghet	ategh[N][Abs][Unpd][Pl]
aatghet	ategh[N][Rel][Unpd][Pl]

uglaghngiita	uglagh[V][Conc][3Pl]

kiyang	+?

ataasit	+?

aatghet	ategh[N][Abs][Unpd][Pl]
aatghet	ategh[N][Rel][Unpd][Pl]

atuqaqiit	atugh-~sf–(g₃)kaq[one.that.has.V-ed][V→N]-~–ke[to.have.as.one's.N(s)][N→V]-~i[SBJ.V-ed.something][V→V][V][Intrg][3Pl]
atuqaqiit	atugh-~sf–(g₃)kaq[one.that.has.V-ed][V→N]-~–ke[to.have.as.one's.N(s)][N→V]-~i[SBJ.V-ed.something][V→V][V][Ind][3Pl]
atuqaqiit	atuqe-~(g₁)aqe[to.be.V.ing][to.regularly.or.repeatedly.V][V→V]-~i[SBJ.V-ed.something][V→V][V][Intrg][3Pl]
atuqaqiit	atuqe-~(g₁)aqe[to.be.V.ing][to.regularly.or.repeatedly.V][V→V]-~i[SBJ.V-ed.something][V→V][V][Ind][3Pl]
atuqaqiit	atuqe-~(g₁)aqe[to.be.V.ing][to.regularly.or.repeatedly.V][V→V][V][Ind][3Pl][3Pl]
atuqaqiit	atuqe-~(g₁)aqe[to.be.V.ing][to.regularly.or.repeatedly.V][V→V][V][Ind][3Du][3Sg]

------------------------
Katam Kaavam pillghatun igangllaqammni kitum taam aatghan legan nalikek atughqaq.

katam	+?

kaavam	+?

pillghatun	+?

igangllaqammni	+?

kitum	kitum

taam	+?

aatghan	ategh[N][Rel][3SgPoss][SgPosd]
aatghan	ategh[N][Rel][3SgPoss][PlPosd]

legan	legan

nalikek	+?

atughqaq	atugh-@₂~fkaq[one.that.has.V-ed][V→N][N][Abs][Unpd][Sg]

------------------------


------------------------
Ilangita ramkem taghnughhateng aanestegpenaki ateghqameng yataaghqutkayugwiit.

ilangita	ila-~:(ng₁)ite**[to.lack.N][to.not.have.N][N→V][V][Intrg][3Sg]
ilangita	ila[N][Rel][3DuPoss][SgPosd]
ilangita	ila[N][Rel][3DuPoss][PlPosd]
ilangita	ila[N][Rel][3PlPoss][SgPosd]
ilangita	ila[N][Rel][3PlPoss][PlPosd]

ramkem	+?

taghnughhateng	taghnughhagh*[N][Abs][4PlPoss][PlPosd]

aanestegpenaki	aane-(te)ste[to.have.make.or.let.one.V][Cmpd_Vbl]-@₁–nghite**[to.not.V][V→V][V][Sbrd][1Du][3Pl]
aanestegpenaki	aane-(te)ste[to.have.make.or.let.one.V][Cmpd_Vbl]-@₁–nghite**[to.not.V][V→V][V][Sbrd][1Pl][3Pl]
aanestegpenaki	aane-(te)ste[to.have.make.or.let.one.V][Cmpd_Vbl]-@₁–nghite**[to.not.V][V→V][V][Sbrd][1Sg][3Pl]
aanestegpenaki	aane-(te)ste[to.have.make.or.let.one.V][Cmpd_Vbl]-@₁–nghite**[to.not.V][V→V][V][Sbrd][2Du][3Pl]
aanestegpenaki	aane-(te)ste[to.have.make.or.let.one.V][Cmpd_Vbl]-@₁–nghite**[to.not.V][V→V][V][Sbrd][2Pl][3Pl]
aanestegpenaki	aane-(te)ste[to.have.make.or.let.one.V][Cmpd_Vbl]-@₁–nghite**[to.not.V][V→V][V][Sbrd][2Sg][3Pl]
aanestegpenaki	aane-(te)ste[to.have.make.or.let.one.V][Cmpd_Vbl]-@₁–nghite**[to.not.V][V→V][V][Sbrd][3Du][3Pl]
aanestegpenaki	aane-(te)ste[to.have.make.or.let.one.V][Cmpd_Vbl]-@₁–nghite**[to.not.V][V→V][V][Sbrd][3Pl][3Pl]
aanestegpenaki	aane-(te)ste[to.have.make.or.let.one.V][Cmpd_Vbl]-@₁–nghite**[to.not.V][V→V][V][Sbrd][3Sg][3Pl]

ateghqameng	+?

yataaghqutkayugwiit	+?

------------------------


------------------------
Sivuneghneng

sivuneghneng	+?

------------------------


------------------------
Taagegken ima ellmeng sivuneghmeng aatghit atiitkayugwiit kingumun ukavek aviighutkat.

taagegken	+?

ima	ima

ellmeng	ellmeng

sivuneghmeng	+?

aatghit	ategh[N][Abs][3PlPoss][PlPosd]

atiitkayugwiit	+?

kingumun	+?

ukavek	ukavek

aviighutkat	+?

------------------------
Enkaam puygungigalkangit sivuneteng kinkungutangi.

enkaam	enkaam

puygungigalkangit	+?

sivuneteng	+?

kinkungutangi	kinku-~:(ng₁)u[to.be.N][N→V]-~:(u)ta[condition.with.respect.to.V-ing][V→N][N][Abs][3SgPoss][PlPosd]

------------------------
Taagani Sivuqam akuzillgha igaqnganghisaghngaan.

taagani	+?

sivuqam	Sivuqagh[N][Rel][Unpd][Sg]

akuzillgha	+?

igaqnganghisaghngaan	+?

------------------------


------------------------
Wiin kiyaghlluki, unguvaluki atiiqigalkangit, entaqun taagegken ima qelghusaq.

wiin	+?

kiyaghlluki	+?

unguvaluki	+?

atiiqigalkangit	+?

entaqun	entaqun

taagegken	+?

ima	ima

qelghusaq	+?

------------------------
Iwernga esgha aghnaghaam ighneni qantaghaqun atiimayaghtagu atami aatghaneng salin kiyaghlluku, atangan efququmangitkaa, piyukumangitkaa.

iwernga	iwernga

esgha	+?

aghnaghaam	aghnaghagh*[N][Rel][Unpd][Sg]

ighneni	ighnegh[N][Abs][4SgPoss][SgPosd]
ighneni	ighnegh[N][Abs][4SgPoss][PlPosd]

qantaghaqun	+?

atiimayaghtagu	+?

atami	ata[N][Loc][Unpd][Sg]
atami	ata[N][Rel][4SgPoss][SgPosd]
atami	ata[N][Rel][4SgPoss][PlPosd]

aatghaneng	ategh[N][Abl_Mod][3SgPoss][SgPosd]
aatghaneng	ategh[N][Abl_Mod][3SgPoss][PlPosd]

salin	+?

kiyaghlluku	+?

atangan	ata[N][Rel][3SgPoss][SgPosd]
atangan	ata[N][Rel][3SgPoss][PlPosd]

efququmangitkaa	+?

piyukumangitkaa	+?

------------------------


------------------------
Naten Aatghet Aglaghaqat Ramkem Ilanganun

naten	naten

aatghet	ategh[N][Abs][Unpd][Pl]
aatghet	ategh[N][Rel][Unpd][Pl]

aglaghaqat	aglagh-~(g₁)aqe[to.be.V.ing][to.regularly.or.repeatedly.V][V→V][V][Intrg][3Pl]

ramkem	+?

ilanganun	ila[N][Ter][3SgPoss][SgPosd]
ilanganun	ila[N][Ter][3SgPoss][PlPosd]

------------------------


------------------------
Kiyang yugwem, atam tunganganeng taghnughhaat allgenghata atiqayugukangit.

kiyang	+?

yugwem	+?

atam	ata[N][Rel][Unpd][Sg]

tunganganeng	+?

taghnughhaat	taghnughhagh*[N][Abs][Unpd][Pl]
taghnughhaat	taghnughhagh*[N][Abs][3PlPoss][SgPosd]
taghnughhaat	taghnughhagh*[N][Rel][Unpd][Pl]

allgenghata	+?

atiqayugukangit	+?

------------------------
Iwernga nuliiteng ellngita pingitneng atiiqistekayugwit, akileghtuqayugukangit.

iwernga	iwernga

nuliiteng	nuliigh[N][Abs][4PlPoss][PlPosd]

ellngita	+?

pingitneng	pi[N][Abl_Mod][3DuPoss][PlPosd]
pingitneng	pi[N][Abl_Mod][3DuPoss][DuPosd]
pingitneng	pi[N][Abl_Mod][3PlPoss][PlPosd]
pingitneng	pi[N][Abl_Mod][3PlPoss][SgPosd]
pingitneng	pi[N][Abl_Mod][3PlPoss][DuPosd]

atiiqistekayugwit	+?

akileghtuqayugukangit	+?

------------------------
Tawaten esgha aatghet ramkem ilanganeng tagikayugwet, aglaqayugwet.

tawaten	tawaten

esgha	+?

aatghet	ategh[N][Abs][Unpd][Pl]
aatghet	ategh[N][Rel][Unpd][Pl]

ramkem	+?

ilanganeng	ila[N][Abl_Mod][3SgPoss][SgPosd]
ilanganeng	ila[N][Abl_Mod][3SgPoss][PlPosd]

tagikayugwet	+?

aglaqayugwet	+?

------------------------
Aghnam ateq igleghutkayugwa.

aghnam	aghnagh[N][Rel][Unpd][Sg]

ateq	ategh[N][Abs][Unpd][Sg]

igleghutkayugwa	+?

------------------------
Ugwiighluni tuquyaqan, ugwingan pingita atiiqsaghqaa.

ugwiighluni	+?

tuquyaqan	tuqu-@₁~fyagh[to.go.V-ing][to.V.in.vain][V→V][V][Cond][3Sg]
tuquyaqan	tuqu-~:(u)te[to.V.for.or.with][to.cause.to.V.as.one.is.V-ing][to.V.toward.each.other][V→V]-@₁~fyagh[to.go.V-ing][to.V.in.vain][V→V][V][Cond][3Sg]
tuquyaqan	tuqu-~:(u)te[SBJ.V-ed.something][V→V]-@₁~fyagh[to.go.V-ing][to.V.in.vain][V→V][V][Cond][3Sg]

ugwingan	+?

pingita	pi-~:(ng₁)ite**[to.lack.N][to.not.have.N][N→V][V][Intrg][3Sg]
pingita	pi[N][Rel][3DuPoss][SgPosd]
pingita	pi[N][Rel][3DuPoss][PlPosd]
pingita	pi[N][Rel][3PlPoss][SgPosd]
pingita	pi[N][Rel][3PlPoss][PlPosd]

atiiqsaghqaa	+?

------------------------
Nalighmeng aghnam ellngan ramkengan atiiqsaghqaa.

nalighmeng	naligh*[N][Rel][4DuPoss][SgPosd]
nalighmeng	naligh*[N][Rel][4DuPoss][PlPosd]
nalighmeng	naligh*[N][Rel][4PlPoss][SgPosd]
nalighmeng	naligh*[N][Rel][4PlPoss][PlPosd]
nalighmeng	naligh*[N][Abl_Mod][Unpd][Sg]
nalighmeng	nalighmeng

aghnam	aghnagh[N][Rel][Unpd][Sg]

ellngan	ellngan

ramkengan	+?

atiiqsaghqaa	+?

------------------------


------------------------
Ilangi aatghem tawatengwaaq akuuraatulluteng ayuqaqut kinkut ramkengitni nalighmeng nani nunami.

ilangi	ila[N][Abs][3SgPoss][PlPosd]

aatghem	ategh[N][Rel][Unpd][Sg]

tawatengwaaq	+?

akuuraatulluteng	+?

ayuqaqut	+?

kinkut	kinku[N][Abs][Unpd][Pl]
kinkut	kinku[N][Rel][Unpd][Pl]
kinkut	kinkut

ramkengitni	+?

nalighmeng	naligh*[N][Rel][4DuPoss][SgPosd]
nalighmeng	naligh*[N][Rel][4DuPoss][PlPosd]
nalighmeng	naligh*[N][Rel][4PlPoss][SgPosd]
nalighmeng	naligh*[N][Rel][4PlPoss][PlPosd]
nalighmeng	naligh*[N][Abl_Mod][Unpd][Sg]
nalighmeng	nalighmeng

nani	nani

nunami	nuna[N][Loc][Unpd][Sg]
nunami	nuna[N][Rel][4SgPoss][SgPosd]
nunami	nuna[N][Rel][4SgPoss][PlPosd]

------------------------
Aatghet whani igaqelleghmi atuqegkat temnginguut.

aatghet	ategh[N][Abs][Unpd][Pl]
aatghet	ategh[N][Rel][Unpd][Pl]

whani	whani

igaqelleghmi	+?

atuqegkat	+?

temnginguut	+?

------------------------
Aatghukata akuuram pisleqii.

aatghukata	ategh-~:(ng₁)u[to.be.N][N→V][V][Cond][3Pl]

akuuram	+?

pisleqii	pi-(te)ste[to.have.make.or.let.one.V][Cmpd_Vbl]-te[to.act.on.so.as.to.cause.to.V][V→V]-@₁lleqe[will.V][V→V]-~i[SBJ.V-ed.something][V→V]-~i[SBJ.V-ed.something][V→V]-~i[SBJ.V-ed.something][V→V]-~i[SBJ.V-ed.something][V→V][V][Opt][PRS][2Sg]
pisleqii	pi-(te)ste[to.have.make.or.let.one.V][Cmpd_Vbl]-te[to.act.on.so.as.to.cause.to.V][V→V]-@₁lleqe[will.V][V→V]-~i[SBJ.V-ed.something][V→V]-~i[SBJ.V-ed.something][V→V]-~i[SBJ.V-ed.something][V→V][V][Opt][PRS][2Sg]
pisleqii	pi-(te)ste[to.have.make.or.let.one.V][Cmpd_Vbl]-te[to.act.on.so.as.to.cause.to.V][V→V]-@₁lleqe[will.V][V→V]-~i[SBJ.V-ed.something][V→V]-~i[SBJ.V-ed.something][V→V][V][Opt][PRS][2Sg]
pisleqii	pi-(te)ste[to.have.make.or.let.one.V][Cmpd_Vbl]-te[to.act.on.so.as.to.cause.to.V][V→V]-@₁lleqe[will.V][V→V]-~i[SBJ.V-ed.something][V→V][V][Intrg][3Sg]
pisleqii	pi-(te)ste[to.have.make.or.let.one.V][Cmpd_Vbl]-te[to.act.on.so.as.to.cause.to.V][V→V]-@₁lleqe[will.V][V→V][V][Ind][3Sg][3Pl]
pisleqii	pi-(te)ste[to.have.make.or.let.one.V][Cmpd_Vbl]-@₁lleqe[will.V][V→V]-~i[SBJ.V-ed.something][V→V]-~i[SBJ.V-ed.something][V→V]-~i[SBJ.V-ed.something][V→V]-~i[SBJ.V-ed.something][V→V][V][Opt][PRS][2Sg]
pisleqii	pi-(te)ste[to.have.make.or.let.one.V][Cmpd_Vbl]-@₁lleqe[will.V][V→V]-~i[SBJ.V-ed.something][V→V]-~i[SBJ.V-ed.something][V→V]-~i[SBJ.V-ed.something][V→V][V][Opt][PRS][2Sg]
pisleqii	pi-(te)ste[to.have.make.or.let.one.V][Cmpd_Vbl]-@₁lleqe[will.V][V→V]-~i[SBJ.V-ed.something][V→V]-~i[SBJ.V-ed.something][V→V][V][Opt][PRS][2Sg]
pisleqii	pi-(te)ste[to.have.make.or.let.one.V][Cmpd_Vbl]-@₁lleqe[will.V][V→V]-~i[SBJ.V-ed.something][V→V][V][Intrg][3Sg]
pisleqii	pi-(te)ste[to.have.make.or.let.one.V][Cmpd_Vbl]-@₁lleqe[will.V][V→V][V][Ind][3Sg][3Pl]

------------------------


------------------------
Nunameng, Nunaaghmun Atightulleq

nunameng	nuna[N][Rel][4DuPoss][SgPosd]
nunameng	nuna[N][Rel][4DuPoss][PlPosd]
nunameng	nuna[N][Rel][4PlPoss][SgPosd]
nunameng	nuna[N][Rel][4PlPoss][PlPosd]
nunameng	nuna[N][Abl_Mod][Unpd][Sg]

nunaaghmun	+?

atightulleq	+?

------------------------


------------------------
Kiyang ramkem ilangan taghnughhateng atightughaqiit pennam, nunam, saam tekegham aatghaneng.

kiyang	+?

ramkem	+?

ilangan	ila[N][Rel][3SgPoss][SgPosd]
ilangan	ila[N][Rel][3SgPoss][PlPosd]

taghnughhateng	taghnughhagh*[N][Abs][4PlPoss][PlPosd]

atightughaqiit	atightugh-~(g₁)aqe[to.be.V.ing][to.regularly.or.repeatedly.V][V→V]-~i[SBJ.V-ed.something][V→V][V][Intrg][3Pl]
atightughaqiit	atightugh-~(g₁)aqe[to.be.V.ing][to.regularly.or.repeatedly.V][V→V]-~i[SBJ.V-ed.something][V→V][V][Ind][3Pl]
atightughaqiit	atightugh-~(g₁)aqe[to.be.V.ing][to.regularly.or.repeatedly.V][V→V][V][Ind][3Pl][3Pl]
atightughaqiit	atightugh-~(g₁)aqe[to.be.V.ing][to.regularly.or.repeatedly.V][V→V][V][Ind][3Du][3Sg]

pennam	pennagh[N][Rel][Unpd][Sg]

nunam	nuna[N][Rel][Unpd][Sg]

saam	+?

tekegham	+?

aatghaneng	ategh[N][Abl_Mod][3SgPoss][SgPosd]
aatghaneng	ategh[N][Abl_Mod][3SgPoss][PlPosd]

------------------------
Katam "Quliqaq" taana nunalgem legan atiinnayaqanga.

katam	+?

quliqaq	+?

taana	taana

nunalgem	nuna-–leg[one.having.N][N→N][N][Rel][Unpd][Sg]

legan	legan

atiinnayaqanga	+?

------------------------


------------------------
Nalighmeng taghnughhaat tawani allgeghvigitneng atighnayaqangat nalighmeng aviighutfiganeng nunameng.

nalighmeng	naligh*[N][Rel][4DuPoss][SgPosd]
nalighmeng	naligh*[N][Rel][4DuPoss][PlPosd]
nalighmeng	naligh*[N][Rel][4PlPoss][SgPosd]
nalighmeng	naligh*[N][Rel][4PlPoss][PlPosd]
nalighmeng	naligh*[N][Abl_Mod][Unpd][Sg]
nalighmeng	nalighmeng

taghnughhaat	taghnughhagh*[N][Abs][Unpd][Pl]
taghnughhaat	taghnughhagh*[N][Abs][3PlPoss][SgPosd]
taghnughhaat	taghnughhagh*[N][Rel][Unpd][Pl]

tawani	tawani

allgeghvigitneng	+?

atighnayaqangat	+?

nalighmeng	naligh*[N][Rel][4DuPoss][SgPosd]
nalighmeng	naligh*[N][Rel][4DuPoss][PlPosd]
nalighmeng	naligh*[N][Rel][4PlPoss][SgPosd]
nalighmeng	naligh*[N][Rel][4PlPoss][PlPosd]
nalighmeng	naligh*[N][Abl_Mod][Unpd][Sg]
nalighmeng	nalighmeng

aviighutfiganeng	+?

nunameng	nuna[N][Rel][4DuPoss][SgPosd]
nunameng	nuna[N][Rel][4DuPoss][PlPosd]
nunameng	nuna[N][Rel][4PlPoss][SgPosd]
nunameng	nuna[N][Rel][4PlPoss][PlPosd]
nunameng	nuna[N][Abl_Mod][Unpd][Sg]

------------------------
Taagken nalighmeng lliveghviganeng, qungughviganeng.

taagken	taagken

nalighmeng	naligh*[N][Rel][4DuPoss][SgPosd]
nalighmeng	naligh*[N][Rel][4DuPoss][PlPosd]
nalighmeng	naligh*[N][Rel][4PlPoss][SgPosd]
nalighmeng	naligh*[N][Rel][4PlPoss][PlPosd]
nalighmeng	naligh*[N][Abl_Mod][Unpd][Sg]
nalighmeng	nalighmeng

lliveghviganeng	+?

qungughviganeng	+?

------------------------


------------------------
Aatghet Teghikusat, Qawaaget, Piitesighaat

aatghet	ategh[N][Abs][Unpd][Pl]
aatghet	ategh[N][Rel][Unpd][Pl]

teghikusat	teghikusagh[N][Abs][Unpd][Pl]
teghikusat	teghikusagh[N][Rel][Unpd][Pl]

qawaaget	qawaag[N][Abs][Unpd][Pl]
qawaaget	qawaag[N][Rel][Unpd][Pl]

piitesighaat	+?

------------------------


------------------------
Allaaghhiinaq ateq nagaqughaqegkefut, qawaagem aatgha, teghikusam aatgha saamllu piitesigham, atelek tamaakenllu uglaghtuq.

allaaghhiinaq	+?

ateq	ategh[N][Abs][Unpd][Sg]

nagaqughaqegkefut	+?

qawaagem	qawaag[N][Rel][Unpd][Sg]

aatgha	ategh[N][Abs][3SgPoss][SgPosd]

teghikusam	teghikusagh[N][Rel][Unpd][Sg]

aatgha	ategh[N][Abs][3SgPoss][SgPosd]

saamllu	+?

piitesigham	+?

atelek	ategh-–leg[one.having.N][N→N][N][Abs][Unpd][Sg]

tamaakenllu	+?

uglaghtuq	uglagh[V][Ind][3Sg]
uglaghtuq	uglagh-te[to.act.on.so.as.to.cause.to.V][V→V][V][Ind][3Sg]

------------------------


------------------------
Akuzilleghmeng Atilleq

akuzilleghmeng	+?

atilleq	+?

------------------------


------------------------
Kiyaghlluteng sameng pituqat.

kiyaghlluteng	+?

sameng	sa[N][Rel][4DuPoss][SgPosd]
sameng	sa[N][Rel][4DuPoss][PlPosd]
sameng	sa[N][Rel][4PlPoss][SgPosd]
sameng	sa[N][Rel][4PlPoss][PlPosd]
sameng	sa[N][Abl_Mod][Unpd][Sg]
sameng	sameng

pituqat	+?

------------------------
Yuuk taana sameng pitukan, taana akuzillgha taghnughhaghmunnguq atiisaghngaaghmi.

yuuk	yug[N][Abs][Sg]

taana	taana

sameng	sa[N][Rel][4DuPoss][SgPosd]
sameng	sa[N][Rel][4DuPoss][PlPosd]
sameng	sa[N][Rel][4PlPoss][SgPosd]
sameng	sa[N][Rel][4PlPoss][PlPosd]
sameng	sa[N][Abl_Mod][Unpd][Sg]
sameng	sameng

pitukan	+?

taana	taana

akuzillgha	+?

taghnughhaghmunnguq	+?

atiisaghngaaghmi	+?

------------------------
Amalka yuuk, Mukaq, kiyaghlluni pituqaq,nKguuggîM Atiiqsaqmegteggu, taghnughhaq "Kguuggmeng" ("Kguugg") atiighaat.

amalka	+?

yuuk	yug[N][Abs][Sg]

mukaq	+?

kiyaghlluni	+?

pituqaqnkguuggîm	+?

atiiqsaqmegteggu	+?

taghnughhaq	taghnughhagh*[N][Abs][Unpd][Sg]

kguuggmeng	+?

kguugg	+?

atiighaat	+?

------------------------


------------------------
Samun Elqughaghutkamun Atilleq

samun	sa[N][Ter][Unpd][Sg]

elqughaghutkamun	+?

atilleq	+?

------------------------


------------------------
Aghnaq aqsalek salleghmun elqughuskan legan taana atiisimaat, nalighmeng qavangulleq, esghaghwaalleq.

aghnaq	aghnagh[N][Abs][Unpd][Sg]

aqsalek	+?

salleghmun	+?

elqughuskan	+?

legan	legan

taana	taana

atiisimaat	+?

nalighmeng	naligh*[N][Rel][4DuPoss][SgPosd]
nalighmeng	naligh*[N][Rel][4DuPoss][PlPosd]
nalighmeng	naligh*[N][Rel][4PlPoss][SgPosd]
nalighmeng	naligh*[N][Rel][4PlPoss][PlPosd]
nalighmeng	naligh*[N][Abl_Mod][Unpd][Sg]
nalighmeng	nalighmeng

qavangulleq	+?

esghaghwaalleq	+?

------------------------
Amalka yugwem unaghsim qaayghunga makregsaqminigu, qaayghum asinganiteftuq yungllaqaghhaq.

amalka	+?

yugwem	+?

unaghsim	+?

qaayghunga	+?

makregsaqminigu	+?

qaayghum	+?

asinganiteftuq	+?

yungllaqaghhaq	yug-–ngllagh[to.make.N][N→V]-~sf–(g₃)kaq[one.that.has.V-ed][V→N]-–ghhagh*[dear.N][N→N][N][Abs][Unpd][Sg]

------------------------
Enkaam taana atiisimakanga "Makregtekaq".

enkaam	enkaam

taana	taana

atiisimakanga	+?

makregtekaq	+?

------------------------


------------------------
Allangughhnaluteng Atiiqilleq

allangughhnaluteng	+?

atiiqilleq	+?

------------------------


------------------------
Taagani agha, aghalighvik aviilluku, taghnughhangneghmeng aghtulghiit, natenneghatallu qinuyutunghata, qiyatunghata, alla atinqigtaqegkangit atelgughngiita allaneng.

taagani	+?

agha	+?

aghalighvik	+?

aviilluku	+?

taghnughhangneghmeng	+?

aghtulghiit	aghtugh-@₁–lghii[the.one.that.V-ed][the.one.that.is.V][V→N][N][Abs][Unpd][Pl]
aghtulghiit	aghtugh-@₁–lghii[the.one.that.V-ed][the.one.that.is.V][V→N][N][Rel][Unpd][Pl]
aghtulghiit	aghtugh[V][Ptcp][3Pl]

natenneghatallu	+?

qinuyutunghata	+?

qiyatunghata	+?

alla	alla
alla	alla[N][Abs][Unpd][Sg]

atinqigtaqegkangit	+?

atelgughngiita	ategh-–leg[one.having.N][N→N]-~:(ng₁)u[to.be.N][N→V][V][Conc][3Pl]
atelgughngiita	ategh-–lgu[to.have.N][N→V][V][Conc][3Pl]

allaneng	alla[N][Abl_Mod][Unpd][Pl]

------------------------
Amalka taana, Tuumti, alla atiimakangat qiyatutanganeng, Seghleghmeng.

amalka	+?

taana	taana

tuumti	+?

alla	alla
alla	alla[N][Abs][Unpd][Sg]

atiimakangat	+?

qiyatutanganeng	qiya-~:(u)te[to.V.for.or.with][to.cause.to.V.as.one.is.V-ing][to.V.toward.each.other][V→V]-~:(u)ta[condition.with.respect.to.V-ing][V→N][N][Abl_Mod][3SgPoss][SgPosd]
qiyatutanganeng	qiya-~:(u)te[to.V.for.or.with][to.cause.to.V.as.one.is.V-ing][to.V.toward.each.other][V→V]-~:(u)ta[condition.with.respect.to.V-ing][V→N][N][Abl_Mod][3SgPoss][PlPosd]
qiyatutanganeng	qiya-~:(u)te[SBJ.V-ed.something][V→V]-~:(u)ta[condition.with.respect.to.V-ing][V→N][N][Abl_Mod][3SgPoss][SgPosd]
qiyatutanganeng	qiya-~:(u)te[SBJ.V-ed.something][V→V]-~:(u)ta[condition.with.respect.to.V-ing][V→N][N][Abl_Mod][3SgPoss][PlPosd]
qiyatutanganeng	qiya-te[to.act.on.so.as.to.cause.to.V][V→V]-~:(u)ta[condition.with.respect.to.V-ing][V→N][N][Abl_Mod][3SgPoss][SgPosd]
qiyatutanganeng	qiya-te[to.act.on.so.as.to.cause.to.V][V→V]-~:(u)ta[condition.with.respect.to.V-ing][V→N][N][Abl_Mod][3SgPoss][PlPosd]

seghleghmeng	seghlegh[N][Rel][4DuPoss][SgPosd]
seghleghmeng	seghlegh[N][Rel][4DuPoss][PlPosd]
seghleghmeng	seghlegh[N][Rel][4PlPoss][SgPosd]
seghleghmeng	seghlegh[N][Rel][4PlPoss][PlPosd]
seghleghmeng	seghlegh[N][Abl_Mod][Unpd][Sg]

------------------------


------------------------
Meghmi Aviighutkat

meghmi	megh[N][Loc][Unpd][Sg]
meghmi	megh[N][Rel][4SgPoss][SgPosd]
meghmi	megh[N][Rel][4SgPoss][PlPosd]

aviighutkat	+?

------------------------


------------------------
Kiyang ayumighhaaneng meghmi yugwet peleghqegkat atiiqaqiit aghnaghhaaluki.

kiyang	+?

ayumighhaaneng	+?

meghmi	megh[N][Loc][Unpd][Sg]
meghmi	megh[N][Rel][4SgPoss][SgPosd]
meghmi	megh[N][Rel][4SgPoss][PlPosd]

yugwet	+?

peleghqegkat	+?

atiiqaqiit	+?

aghnaghhaaluki	+?

------------------------


------------------------
Aatghet Takestaaghsaqatlu Allatunllu Atiqat

aatghet	ategh[N][Abs][Unpd][Pl]
aatghet	ategh[N][Rel][Unpd][Pl]

takestaaghsaqatlu	+?

allatunllu	alla[N][Equ][Unpd][Sg]-llu[Encl]
allatunllu	alla-te[to.catch.N][to.go.to.N][N→V]-~:(u)te[condition.with.respect.to.V-ing][V→N][N][Abs][Unpd][Sg]-llu[Encl]

atiqat	+?

------------------------


------------------------
Kiyang aatghet yeghrat taakeghllalghiit takelliluki ateliitkayugwiit.

kiyang	+?

aatghet	ategh[N][Abs][Unpd][Pl]
aatghet	ategh[N][Rel][Unpd][Pl]

yeghrat	+?

taakeghllalghiit	+?

takelliluki	+?

ateliitkayugwiit	+?

------------------------
Amalka Makimingaawen, taaksagulluku Makimeng tuqlughaatam qenwat ateliitaa taana ateq, Maki.

amalka	+?

makimingaawen	+?

taaksagulluku	+?

makimeng	+?

tuqlughaatam	+?

qenwat	qenwat

ateliitaa	ategh-–ligh[to.provide.with.N][N→V]-~:(u)te[to.V.for.or.with][to.cause.to.V.as.one.is.V-ing][to.V.toward.each.other][V→V][V][Ind][3Sg][3Sg]

taana	taana

ateq	ategh[N][Abs][Unpd][Sg]

maki	+?

------------------------


------------------------
Taghnughhaatlu salin akuziyaaghtegpenateng atillghit ilangita ramkem nagneghtaqegkangit tawaten.

taghnughhaatlu	taghnughhagh*[N][Abs][Unpd][Pl]-llu[Encl]
taghnughhaatlu	taghnughhagh*[N][Abs][3PlPoss][SgPosd]-llu[Encl]
taghnughhaatlu	taghnughhagh*[N][Rel][Unpd][Pl]-llu[Encl]

salin	+?

akuziyaaghtegpenateng	+?

atillghit	+?

ilangita	ila-~:(ng₁)ite**[to.lack.N][to.not.have.N][N→V][V][Intrg][3Sg]
ilangita	ila[N][Rel][3DuPoss][SgPosd]
ilangita	ila[N][Rel][3DuPoss][PlPosd]
ilangita	ila[N][Rel][3PlPoss][SgPosd]
ilangita	ila[N][Rel][3PlPoss][PlPosd]

ramkem	+?

nagneghtaqegkangit	+?

tawaten	tawaten

------------------------
Katam Saapugha ateq.

katam	+?

saapugha	+?

ateq	ategh[N][Abs][Unpd][Sg]

------------------------
Taghnughhaam atillgha "Puugwa," ateliitkaa.

taghnughhaam	taghnughhagh*[N][Rel][Unpd][Sg]

atillgha	+?

puugwa	+?

ateliitkaa	+?

------------------------
Naqamllu ayghiitaqegkangit.

naqamllu	+?

ayghiitaqegkangit	+?

------------------------
