Meteghllugllagenkuk Anipaghllagenkuk

meteghllugllagenkuk	meteghllug-–ghllag[big.N][N→N]-~sf-w:(e)nkuk[N.and.partner.or.spouse][N→N][N][Abs][Unpd][Sg]

anipaghllagenkuk	anipa-–ghllag[big.N][N→N]-~sf-w:(e)nkuk[N.and.partner.or.spouse][N→N][N][Abs][Unpd][Sg]

------------------------
Iteghyaghaam Anagutaghmun Neghighluku Apellgha

iteghyaghaam	+?

anagutaghmun	+?

neghighluku	+?

apellgha	+?

------------------------


------------------------
Ungipaghaninguq imani meteghllugwet, anipat qateperewaaghuyalghiit Anipankuk meteghllugwenkuk piniqutepigsalghiik, quunpeng qerngaghmetaqelghiik.

ungipaghaninguq	ungipaghagh[N][Abs][4SgPoss][SgPosd]-nguq[Encl]
ungipaghaninguq	ungipaghagh[N][Abs][4SgPoss][PlPosd]-nguq[Encl]
ungipaghaninguq	ungipaghagh[N][Loc][Unpd][Pl]-nguq[Encl]

imani	imani

meteghllugwet	+?

anipat	anipa[N][Abs][Unpd][Pl]
anipat	anipa[N][Rel][Unpd][Pl]

qateperewaaghuyalghiit	+?

anipankuk	anipa-~sf-w:(e)nkuk[N.and.partner.or.spouse][N→N][N][Abs][Unpd][Sg]

meteghllugwenkuk	+?

piniqutepigsalghiik	piniqe-~:(u)te[to.V.for.or.with][to.cause.to.V.as.one.is.V-ing][to.V.toward.each.other][V→V]-–pigte[to.be.very.V][to.V.very.much][V→V]-@₁~fyagh[to.go.V-ing][to.V.in.vain][V→V]-@₁–lghii[the.one.that.V-ed][the.one.that.is.V][V→N][N][Abs][Unpd][Du]
piniqutepigsalghiik	piniqe-~:(u)te[to.V.for.or.with][to.cause.to.V.as.one.is.V-ing][to.V.toward.each.other][V→V]-–pigte[to.be.very.V][to.V.very.much][V→V]-@₁~fyagh[to.go.V-ing][to.V.in.vain][V→V]-@₁–lghii[the.one.that.V-ed][the.one.that.is.V][V→N][N][Rel][Unpd][Du]
piniqutepigsalghiik	piniqe-~:(u)te[to.V.for.or.with][to.cause.to.V.as.one.is.V-ing][to.V.toward.each.other][V→V]-–pigte[to.be.very.V][to.V.very.much][V→V]-te[to.act.on.so.as.to.cause.to.V][V→V]-@₁~fyagh[to.go.V-ing][to.V.in.vain][V→V]-@₁–lghii[the.one.that.V-ed][the.one.that.is.V][V→N][N][Abs][Unpd][Du]
piniqutepigsalghiik	piniqe-~:(u)te[to.V.for.or.with][to.cause.to.V.as.one.is.V-ing][to.V.toward.each.other][V→V]-–pigte[to.be.very.V][to.V.very.much][V→V]-te[to.act.on.so.as.to.cause.to.V][V→V]-@₁~fyagh[to.go.V-ing][to.V.in.vain][V→V]-@₁–lghii[the.one.that.V-ed][the.one.that.is.V][V→N][N][Rel][Unpd][Du]
piniqutepigsalghiik	piniqe-~:(u)te[to.V.for.or.with][to.cause.to.V.as.one.is.V-ing][to.V.toward.each.other][V→V]-–pigte[to.be.very.V][to.V.very.much][V→V]-te[to.act.on.so.as.to.cause.to.V][V→V]-te[to.act.on.so.as.to.cause.to.V][V→V]-@₁~fyagh[to.go.V-ing][to.V.in.vain][V→V]-@₁–lghii[the.one.that.V-ed][the.one.that.is.V][V→N][N][Abs][Unpd][Du]
piniqutepigsalghiik	piniqe-~:(u)te[to.V.for.or.with][to.cause.to.V.as.one.is.V-ing][to.V.toward.each.other][V→V]-–pigte[to.be.very.V][to.V.very.much][V→V]-te[to.act.on.so.as.to.cause.to.V][V→V]-te[to.act.on.so.as.to.cause.to.V][V→V]-@₁~fyagh[to.go.V-ing][to.V.in.vain][V→V]-@₁–lghii[the.one.that.V-ed][the.one.that.is.V][V→N][N][Rel][Unpd][Du]
piniqutepigsalghiik	piniqe-~:(u)te[SBJ.V-ed.something][V→V]-–pigte[to.be.very.V][to.V.very.much][V→V]-@₁~fyagh[to.go.V-ing][to.V.in.vain][V→V]-@₁–lghii[the.one.that.V-ed][the.one.that.is.V][V→N][N][Abs][Unpd][Du]
piniqutepigsalghiik	piniqe-~:(u)te[SBJ.V-ed.something][V→V]-–pigte[to.be.very.V][to.V.very.much][V→V]-@₁~fyagh[to.go.V-ing][to.V.in.vain][V→V]-@₁–lghii[the.one.that.V-ed][the.one.that.is.V][V→N][N][Rel][Unpd][Du]
piniqutepigsalghiik	piniqe-~:(u)te[SBJ.V-ed.something][V→V]-–pigte[to.be.very.V][to.V.very.much][V→V]-@₁~fyagh[to.go.V-ing][to.V.in.vain][V→V][V][Ptcp][3Du]
piniqutepigsalghiik	piniqe-~:(u)te[SBJ.V-ed.something][V→V]-–pigte[to.be.very.V][to.V.very.much][V→V]-te[to.act.on.so.as.to.cause.to.V][V→V]-@₁~fyagh[to.go.V-ing][to.V.in.vain][V→V]-@₁–lghii[the.one.that.V-ed][the.one.that.is.V][V→N][N][Abs][Unpd][Du]
piniqutepigsalghiik	piniqe-~:(u)te[SBJ.V-ed.something][V→V]-–pigte[to.be.very.V][to.V.very.much][V→V]-te[to.act.on.so.as.to.cause.to.V][V→V]-@₁~fyagh[to.go.V-ing][to.V.in.vain][V→V]-@₁–lghii[the.one.that.V-ed][the.one.that.is.V][V→N][N][Rel][Unpd][Du]
piniqutepigsalghiik	piniqe-~:(u)te[SBJ.V-ed.something][V→V]-–pigte[to.be.very.V][to.V.very.much][V→V]-te[to.act.on.so.as.to.cause.to.V][V→V]-@₁~fyagh[to.go.V-ing][to.V.in.vain][V→V][V][Ptcp][3Du]
piniqutepigsalghiik	piniqe-~:(u)te[SBJ.V-ed.something][V→V]-–pigte[to.be.very.V][to.V.very.much][V→V]-te[to.act.on.so.as.to.cause.to.V][V→V]-te[to.act.on.so.as.to.cause.to.V][V→V]-@₁~fyagh[to.go.V-ing][to.V.in.vain][V→V]-@₁–lghii[the.one.that.V-ed][the.one.that.is.V][V→N][N][Abs][Unpd][Du]
piniqutepigsalghiik	piniqe-~:(u)te[SBJ.V-ed.something][V→V]-–pigte[to.be.very.V][to.V.very.much][V→V]-te[to.act.on.so.as.to.cause.to.V][V→V]-te[to.act.on.so.as.to.cause.to.V][V→V]-@₁~fyagh[to.go.V-ing][to.V.in.vain][V→V]-@₁–lghii[the.one.that.V-ed][the.one.that.is.V][V→N][N][Rel][Unpd][Du]
piniqutepigsalghiik	piniqe-~:(u)te[SBJ.V-ed.something][V→V]-–pigte[to.be.very.V][to.V.very.much][V→V]-te[to.act.on.so.as.to.cause.to.V][V→V]-te[to.act.on.so.as.to.cause.to.V][V→V]-@₁~fyagh[to.go.V-ing][to.V.in.vain][V→V][V][Ptcp][3Du]

quunpeng	quunpeng

qerngaghmetaqelghiik	+?

------------------------


------------------------
Tawaten kiyaghteghngaagmek anipam meteghlluk pimakanga, "Yeqay igaqraghwaaghuteltung, pinighnaghsaateltung."

tawaten	tawaten

kiyaghteghngaagmek	+?

anipam	anipa[N][Rel][Unpd][Sg]

meteghlluk	meteghllug[N][Abs][Unpd][Sg]

pimakanga	pi-@₁~:(i/u)ma[to.have.V-ed][to.have.been.V-ed][V→V]-@*@₂~sf–(g₂)k(a)e[the.one.that.possessor.V-ed][V→N][N][Abs][3SgPoss][SgPosd]
pimakanga	pi-@₁~:(i/u)ma[to.have.V-ed][to.have.been.V-ed][V→V][V][Ptcp][3Sg][3Sg]
pimakanga	pi-@₁~:(i/u)ma[to.have.V-ed][to.have.been.V-ed][V→V][V][Cond][3Sg][1Sg]

yeqay	yeqay

igaqraghwaaghuteltung	+?

pinighnaghsaateltung	+?

------------------------


------------------------
"A-aa!" meteghllugllagem angghaghsimakanga.

aaa	+?

meteghllugllagem	meteghllug-–ghllag[big.N][N→N][N][Rel][Unpd][Sg]

angghaghsimakanga	+?

------------------------
"Elpek sivuklaken."

elpek	elpek

sivuklaken	+?

------------------------
Anipaghruk aangghumalghii.

anipaghruk	+?

aangghumalghii	+?

------------------------


------------------------
Igaasitaq ketfaamakangak silugkaaghhaghmengllu.

igaasitaq	+?

ketfaamakangak	ketfagh-@₁~:(i/u)ma[to.have.V-ed][to.have.been.V-ed][V→V]-@*@₂~sf–(g₂)k(a)e[the.one.that.possessor.V-ed][V→N][N][Abs][3DuPoss][SgPosd]

silugkaaghhaghmengllu	+?

------------------------
Igaasitaq taana nanim ellngaatanganeng, qulmesiitem puyaaneng akuutkameng imalek tagnepiglleghhiimeng.

igaasitaq	+?

taana	taana

nanim	+?

ellngaatanganeng	+?

qulmesiitem	qulmesiite[N][Rel][Unpd][Sg]

puyaaneng	+?

akuutkameng	+?

imalek	+?

tagnepiglleghhiimeng	+?

------------------------


------------------------
Anipaghllagnguq aghuliighwaaghluni igaghtesimalghii, repalnguq qavaamalghii.

anipaghllagnguq	anipa-–ghllag[big.N][N→N][N][Abs][Unpd][Sg]-nguq[Encl]

aghuliighwaaghluni	+?

igaghtesimalghii	igagh-te[to.act.on.so.as.to.cause.to.V][V→V]-te[to.act.on.so.as.to.cause.to.V][V→V]-@₁~:(i/u)ma[to.have.V-ed][to.have.been.V-ed][V→V]-@₁–lghii[the.one.that.V-ed][the.one.that.is.V][V→N][N][Abs][Unpd][Sg]
igaghtesimalghii	igagh-te[to.act.on.so.as.to.cause.to.V][V→V]-te[to.act.on.so.as.to.cause.to.V][V→V]-@₁~:(i/u)ma[to.have.V-ed][to.have.been.V-ed][V→V][V][Ptcp][3Sg]
igaghtesimalghii	igagh-te[to.catch.N][to.go.to.N][N→V]-te[to.act.on.so.as.to.cause.to.V][V→V]-@₁~:(i/u)ma[to.have.V-ed][to.have.been.V-ed][V→V]-@₁–lghii[the.one.that.V-ed][the.one.that.is.V][V→N][N][Abs][Unpd][Sg]
igaghtesimalghii	igagh-te[to.catch.N][to.go.to.N][N→V]-te[to.act.on.so.as.to.cause.to.V][V→V]-@₁~:(i/u)ma[to.have.V-ed][to.have.been.V-ed][V→V][V][Ptcp][3Sg]

repalnguq	repall[N][Abs][Unpd][Sg]-nguq[Encl]

qavaamalghii	qavagh-@₁~:(i/u)ma[to.have.V-ed][to.have.been.V-ed][V→V]-@₁–lghii[the.one.that.V-ed][the.one.that.is.V][V→N][N][Abs][Unpd][Sg]
qavaamalghii	qavagh-@₁~:(i/u)ma[to.have.V-ed][to.have.been.V-ed][V→V][V][Ptcp][3Sg]

------------------------
Meteghllugllagemnguq pinighsapiglluku elngaatall igaqraamakanga.

meteghllugllagemnguq	meteghllug-–ghllag[big.N][N→N][N][Rel][Unpd][Sg]-nguq[Encl]

pinighsapiglluku	pinighsagh-–pigte[to.be.very.V][to.V.very.much][V→V]-te[to.act.on.so.as.to.cause.to.V][V→V][V][Sbrd][1Du][3Sg]
pinighsapiglluku	pinighsagh-–pigte[to.be.very.V][to.V.very.much][V→V]-te[to.act.on.so.as.to.cause.to.V][V→V][V][Sbrd][1Pl][3Sg]
pinighsapiglluku	pinighsagh-–pigte[to.be.very.V][to.V.very.much][V→V]-te[to.act.on.so.as.to.cause.to.V][V→V][V][Sbrd][1Sg][3Sg]
pinighsapiglluku	pinighsagh-–pigte[to.be.very.V][to.V.very.much][V→V]-te[to.act.on.so.as.to.cause.to.V][V→V][V][Sbrd][2Du][3Sg]
pinighsapiglluku	pinighsagh-–pigte[to.be.very.V][to.V.very.much][V→V]-te[to.act.on.so.as.to.cause.to.V][V→V][V][Sbrd][2Pl][3Sg]
pinighsapiglluku	pinighsagh-–pigte[to.be.very.V][to.V.very.much][V→V]-te[to.act.on.so.as.to.cause.to.V][V→V][V][Sbrd][2Sg][3Sg]
pinighsapiglluku	pinighsagh-–pigte[to.be.very.V][to.V.very.much][V→V]-te[to.act.on.so.as.to.cause.to.V][V→V][V][Sbrd][3Du][3Sg]
pinighsapiglluku	pinighsagh-–pigte[to.be.very.V][to.V.very.much][V→V]-te[to.act.on.so.as.to.cause.to.V][V→V][V][Sbrd][3Pl][3Sg]
pinighsapiglluku	pinighsagh-–pigte[to.be.very.V][to.V.very.much][V→V]-te[to.act.on.so.as.to.cause.to.V][V→V][V][Sbrd][3Sg][3Sg]

elngaatall	elngaatall

igaqraamakanga	+?

------------------------
Taaqluku taghtughsimakanga.

taaqluku	+?

taghtughsimakanga	taghtugh-te[to.act.on.so.as.to.cause.to.V][V→V]-@₁~:(i/u)ma[to.have.V-ed][to.have.been.V-ed][V→V]-@*@₂~sf–(g₂)k(a)e[the.one.that.possessor.V-ed][V→N][N][Abs][3SgPoss][SgPosd]

------------------------


------------------------
Anipaghrugwem taghneghani meghaaghhaghmi esghaghyaqminigu imaninguq pinightuq.

anipaghrugwem	+?

taghneghani	+?

meghaaghhaghmi	+?

esghaghyaqminigu	+?

imaninguq	+?

pinightuq	pinigh[V][Ind][3Sg]
pinightuq	pinigh-te[to.act.on.so.as.to.cause.to.V][V→V][V][Ind][3Sg]

------------------------
Taagkennguq ima anipat igaghrakguughtekaaftut.

taagkennguq	+?

ima	ima

anipat	anipa[N][Abs][Unpd][Pl]
anipat	anipa[N][Rel][Unpd][Pl]

igaghrakguughtekaaftut	+?

------------------------


------------------------
Anipam meteghlluk pimakanga "Heng, elpegngam."

anipam	anipa[N][Rel][Unpd][Sg]

meteghlluk	meteghllug[N][Abs][Unpd][Sg]

pimakanga	pi-@₁~:(i/u)ma[to.have.V-ed][to.have.been.V-ed][V→V]-@*@₂~sf–(g₂)k(a)e[the.one.that.possessor.V-ed][V→N][N][Abs][3SgPoss][SgPosd]
pimakanga	pi-@₁~:(i/u)ma[to.have.V-ed][to.have.been.V-ed][V→V][V][Ptcp][3Sg][3Sg]
pimakanga	pi-@₁~:(i/u)ma[to.have.V-ed][to.have.been.V-ed][V→V][V][Cond][3Sg][1Sg]

heng	+?

elpegngam	+?

------------------------


------------------------
"A-aa", meteghlluk angghumalghii.

aaa	+?

meteghlluk	meteghllug[N][Abs][Unpd][Sg]

angghumalghii	+?

------------------------


------------------------
Anipam siluk igaasitamun nepluku meteghlluk agtuqaamayaqanga aganguq nalukaatuq qalghiqaamaghmi, "Qung!"

anipam	anipa[N][Rel][Unpd][Sg]

siluk	+?

igaasitamun	+?

nepluku	+?

meteghlluk	meteghllug[N][Abs][Unpd][Sg]

agtuqaamayaqanga	+?

aganguq	+?

nalukaatuq	nalug-~sf–(g₃)kau[to.have.V-ed][to.have.been.V-ed][V→V]-~:(u)te[to.V.for.or.with][to.cause.to.V.as.one.is.V-ing][to.V.toward.each.other][V→V][V][Ind][3Sg]
nalukaatuq	nalug-~sf–(g₃)kau[to.have.V-ed][to.have.been.V-ed][V→V]-~:(u)te[SBJ.V-ed.something][V→V][V][Ind][3Sg]
nalukaatuq	nalug-~sf–(g₃)kau[to.have.V-ed][to.have.been.V-ed][V→V]-te[to.act.on.so.as.to.cause.to.V][V→V][V][Ind][3Sg]

qalghiqaamaghmi	+?

qung	+?

------------------------


------------------------
Anipam pimakanga, "Uuk, aghuliiluten seghletun pislequtenĩ" Amawhanguq agtuqanghatni tamaani naluumsituq qalghiimaghmi, "Qung, qung, qung!"

anipam	anipa[N][Rel][Unpd][Sg]

pimakanga	pi-@₁~:(i/u)ma[to.have.V-ed][to.have.been.V-ed][V→V]-@*@₂~sf–(g₂)k(a)e[the.one.that.possessor.V-ed][V→N][N][Abs][3SgPoss][SgPosd]
pimakanga	pi-@₁~:(i/u)ma[to.have.V-ed][to.have.been.V-ed][V→V][V][Ptcp][3Sg][3Sg]
pimakanga	pi-@₁~:(i/u)ma[to.have.V-ed][to.have.been.V-ed][V→V][V][Cond][3Sg][1Sg]

uuk	+?

aghuliiluten	aghula-~i[SBJ.V-ed.something][V→V]-~i[SBJ.V-ed.something][V→V]-~i[SBJ.V-ed.something][V→V]-~i[SBJ.V-ed.something][V→V]-~i[SBJ.V-ed.something][V→V]-~i[SBJ.V-ed.something][V→V][V][Sbrd][2Sg]
aghuliiluten	aghula-~i[SBJ.V-ed.something][V→V]-~i[SBJ.V-ed.something][V→V]-~i[SBJ.V-ed.something][V→V]-~i[SBJ.V-ed.something][V→V]-~i[SBJ.V-ed.something][V→V]-~:(u)te[to.V.for.or.with][to.cause.to.V.as.one.is.V-ing][to.V.toward.each.other][V→V][V][Sbrd][2Sg]
aghuliiluten	aghula-~i[SBJ.V-ed.something][V→V]-~i[SBJ.V-ed.something][V→V]-~i[SBJ.V-ed.something][V→V]-~i[SBJ.V-ed.something][V→V]-~i[SBJ.V-ed.something][V→V]-~:(u)te[SBJ.V-ed.something][V→V][V][Sbrd][2Sg]
aghuliiluten	aghula-~i[SBJ.V-ed.something][V→V]-~i[SBJ.V-ed.something][V→V]-~i[SBJ.V-ed.something][V→V]-~i[SBJ.V-ed.something][V→V]-~i[SBJ.V-ed.something][V→V][V][Sbrd][2Sg]
aghuliiluten	aghula-~i[SBJ.V-ed.something][V→V]-~i[SBJ.V-ed.something][V→V]-~i[SBJ.V-ed.something][V→V]-~i[SBJ.V-ed.something][V→V]-~:(u)te[to.V.for.or.with][to.cause.to.V.as.one.is.V-ing][to.V.toward.each.other][V→V][V][Sbrd][2Sg]
aghuliiluten	aghula-~i[SBJ.V-ed.something][V→V]-~i[SBJ.V-ed.something][V→V]-~i[SBJ.V-ed.something][V→V]-~i[SBJ.V-ed.something][V→V]-~:(u)te[SBJ.V-ed.something][V→V][V][Sbrd][2Sg]
aghuliiluten	aghula-~i[SBJ.V-ed.something][V→V]-~i[SBJ.V-ed.something][V→V]-~i[SBJ.V-ed.something][V→V]-~i[SBJ.V-ed.something][V→V][V][Sbrd][2Sg]
aghuliiluten	aghula-~i[SBJ.V-ed.something][V→V]-~i[SBJ.V-ed.something][V→V]-~i[SBJ.V-ed.something][V→V]-~:(u)te[to.V.for.or.with][to.cause.to.V.as.one.is.V-ing][to.V.toward.each.other][V→V][V][Sbrd][2Sg]
aghuliiluten	aghula-~i[SBJ.V-ed.something][V→V]-~i[SBJ.V-ed.something][V→V]-~i[SBJ.V-ed.something][V→V]-~:(u)te[SBJ.V-ed.something][V→V][V][Sbrd][2Sg]
aghuliiluten	aghula-~i[SBJ.V-ed.something][V→V]-~i[SBJ.V-ed.something][V→V]-~i[SBJ.V-ed.something][V→V][V][Sbrd][2Sg]
aghuliiluten	aghula-~i[SBJ.V-ed.something][V→V]-~i[SBJ.V-ed.something][V→V]-~:(u)te[to.V.for.or.with][to.cause.to.V.as.one.is.V-ing][to.V.toward.each.other][V→V][V][Sbrd][2Sg]
aghuliiluten	aghula-~i[SBJ.V-ed.something][V→V]-~i[SBJ.V-ed.something][V→V]-~:(u)te[SBJ.V-ed.something][V→V][V][Sbrd][2Sg]
aghuliiluten	aghula-~i[SBJ.V-ed.something][V→V]-~i[SBJ.V-ed.something][V→V][V][Sbrd][2Sg]
aghuliiluten	aghula-~i[SBJ.V-ed.something][V→V]-~:(u)te[to.V.for.or.with][to.cause.to.V.as.one.is.V-ing][to.V.toward.each.other][V→V][V][Sbrd][2Sg]
aghuliiluten	aghula-~i[SBJ.V-ed.something][V→V]-~:(u)te[SBJ.V-ed.something][V→V][V][Sbrd][2Sg]
aghuliiluten	aghula-~i[SBJ.V-ed.something][V→V][V][Sbrd][2Sg]

seghletun	+?

pislequtenĩ	+?

amawhanguq	+?

agtuqanghatni	+?

tamaani	+?

naluumsituq	+?

qalghiimaghmi	+?

qung	+?

qung	+?

qung	+?

------------------------


------------------------
Anipaghllagemnguq piiqaa, "Aghuliilluten qenwat naafqestan igaqralqa!"

anipaghllagemnguq	anipa-–ghllag[big.N][N→N][N][Rel][Unpd][Sg]-nguq[Encl]

piiqaa	pi-~i[SBJ.V-ed.something][V→V]-~i[SBJ.V-ed.something][V→V]-~i[SBJ.V-ed.something][V→V]-~i[SBJ.V-ed.something][V→V]-~i[SBJ.V-ed.something][V→V]-te[to.act.on.so.as.to.cause.to.V][V→V]-te[to.act.on.so.as.to.cause.to.V][V→V]-te[to.act.on.so.as.to.cause.to.V][V→V]-te[to.act.on.so.as.to.cause.to.V][V→V]-te[to.act.on.so.as.to.cause.to.V][V→V]-te[to.act.on.so.as.to.cause.to.V][V→V]-@₁qugh[to.V.completely][V][Opt][PRS][2Sg]
piiqaa	pi-~i[SBJ.V-ed.something][V→V]-~i[SBJ.V-ed.something][V→V]-~i[SBJ.V-ed.something][V→V]-~i[SBJ.V-ed.something][V→V]-~i[SBJ.V-ed.something][V→V]-te[to.act.on.so.as.to.cause.to.V][V→V]-te[to.act.on.so.as.to.cause.to.V][V→V]-te[to.act.on.so.as.to.cause.to.V][V→V]-te[to.act.on.so.as.to.cause.to.V][V→V]-te[to.act.on.so.as.to.cause.to.V][V→V]-@₁qugh[to.V.completely][V][Opt][PRS][2Sg]
piiqaa	pi-~i[SBJ.V-ed.something][V→V]-~i[SBJ.V-ed.something][V→V]-~i[SBJ.V-ed.something][V→V]-~i[SBJ.V-ed.something][V→V]-~i[SBJ.V-ed.something][V→V]-te[to.act.on.so.as.to.cause.to.V][V→V]-te[to.act.on.so.as.to.cause.to.V][V→V]-te[to.act.on.so.as.to.cause.to.V][V→V]-te[to.act.on.so.as.to.cause.to.V][V→V]-@₁qugh[to.V.completely][V][Opt][PRS][2Sg]
piiqaa	pi-~i[SBJ.V-ed.something][V→V]-~i[SBJ.V-ed.something][V→V]-~i[SBJ.V-ed.something][V→V]-~i[SBJ.V-ed.something][V→V]-~i[SBJ.V-ed.something][V→V]-te[to.act.on.so.as.to.cause.to.V][V→V]-te[to.act.on.so.as.to.cause.to.V][V→V]-te[to.act.on.so.as.to.cause.to.V][V→V]-@₁qugh[to.V.completely][V][Opt][PRS][2Sg]
piiqaa	pi-~i[SBJ.V-ed.something][V→V]-~i[SBJ.V-ed.something][V→V]-~i[SBJ.V-ed.something][V→V]-~i[SBJ.V-ed.something][V→V]-~i[SBJ.V-ed.something][V→V]-te[to.act.on.so.as.to.cause.to.V][V→V]-te[to.act.on.so.as.to.cause.to.V][V→V]-@₁qugh[to.V.completely][V][Opt][PRS][2Sg]
piiqaa	pi-~i[SBJ.V-ed.something][V→V]-~i[SBJ.V-ed.something][V→V]-~i[SBJ.V-ed.something][V→V]-~i[SBJ.V-ed.something][V→V]-~i[SBJ.V-ed.something][V→V]-te[to.act.on.so.as.to.cause.to.V][V→V]-@₁qugh[to.V.completely][V][Opt][PRS][2Sg]
piiqaa	pi-~i[SBJ.V-ed.something][V→V]-~i[SBJ.V-ed.something][V→V]-~i[SBJ.V-ed.something][V→V]-~i[SBJ.V-ed.something][V→V]-~i[SBJ.V-ed.something][V→V]-@₁qugh[to.V.completely][V][Opt][PRS][2Sg]
piiqaa	pi-~i[SBJ.V-ed.something][V→V]-~i[SBJ.V-ed.something][V→V]-~i[SBJ.V-ed.something][V→V]-~i[SBJ.V-ed.something][V→V]-te[to.act.on.so.as.to.cause.to.V][V→V]-te[to.act.on.so.as.to.cause.to.V][V→V]-te[to.act.on.so.as.to.cause.to.V][V→V]-te[to.act.on.so.as.to.cause.to.V][V→V]-te[to.act.on.so.as.to.cause.to.V][V→V]-@₁qugh[to.V.completely][V][Opt][PRS][2Sg]
piiqaa	pi-~i[SBJ.V-ed.something][V→V]-~i[SBJ.V-ed.something][V→V]-~i[SBJ.V-ed.something][V→V]-~i[SBJ.V-ed.something][V→V]-te[to.act.on.so.as.to.cause.to.V][V→V]-te[to.act.on.so.as.to.cause.to.V][V→V]-te[to.act.on.so.as.to.cause.to.V][V→V]-te[to.act.on.so.as.to.cause.to.V][V→V]-@₁qugh[to.V.completely][V][Opt][PRS][2Sg]
piiqaa	pi-~i[SBJ.V-ed.something][V→V]-~i[SBJ.V-ed.something][V→V]-~i[SBJ.V-ed.something][V→V]-~i[SBJ.V-ed.something][V→V]-te[to.act.on.so.as.to.cause.to.V][V→V]-te[to.act.on.so.as.to.cause.to.V][V→V]-te[to.act.on.so.as.to.cause.to.V][V→V]-@₁qugh[to.V.completely][V][Opt][PRS][2Sg]
piiqaa	pi-~i[SBJ.V-ed.something][V→V]-~i[SBJ.V-ed.something][V→V]-~i[SBJ.V-ed.something][V→V]-~i[SBJ.V-ed.something][V→V]-te[to.act.on.so.as.to.cause.to.V][V→V]-te[to.act.on.so.as.to.cause.to.V][V→V]-@₁qugh[to.V.completely][V][Opt][PRS][2Sg]
piiqaa	pi-~i[SBJ.V-ed.something][V→V]-~i[SBJ.V-ed.something][V→V]-~i[SBJ.V-ed.something][V→V]-~i[SBJ.V-ed.something][V→V]-te[to.act.on.so.as.to.cause.to.V][V→V]-@₁qugh[to.V.completely][V][Opt][PRS][2Sg]
piiqaa	pi-~i[SBJ.V-ed.something][V→V]-~i[SBJ.V-ed.something][V→V]-~i[SBJ.V-ed.something][V→V]-~i[SBJ.V-ed.something][V→V]-~:(u)te[to.V.for.or.with][to.cause.to.V.as.one.is.V-ing][to.V.toward.each.other][V→V]-te[to.act.on.so.as.to.cause.to.V][V→V]-te[to.act.on.so.as.to.cause.to.V][V→V]-te[to.act.on.so.as.to.cause.to.V][V→V]-te[to.act.on.so.as.to.cause.to.V][V→V]-te[to.act.on.so.as.to.cause.to.V][V→V]-@₁qugh[to.V.completely][V][Opt][PRS][2Sg]
piiqaa	pi-~i[SBJ.V-ed.something][V→V]-~i[SBJ.V-ed.something][V→V]-~i[SBJ.V-ed.something][V→V]-~i[SBJ.V-ed.something][V→V]-~:(u)te[to.V.for.or.with][to.cause.to.V.as.one.is.V-ing][to.V.toward.each.other][V→V]-te[to.act.on.so.as.to.cause.to.V][V→V]-te[to.act.on.so.as.to.cause.to.V][V→V]-te[to.act.on.so.as.to.cause.to.V][V→V]-te[to.act.on.so.as.to.cause.to.V][V→V]-@₁qugh[to.V.completely][V][Opt][PRS][2Sg]
piiqaa	pi-~i[SBJ.V-ed.something][V→V]-~i[SBJ.V-ed.something][V→V]-~i[SBJ.V-ed.something][V→V]-~i[SBJ.V-ed.something][V→V]-~:(u)te[to.V.for.or.with][to.cause.to.V.as.one.is.V-ing][to.V.toward.each.other][V→V]-te[to.act.on.so.as.to.cause.to.V][V→V]-te[to.act.on.so.as.to.cause.to.V][V→V]-te[to.act.on.so.as.to.cause.to.V][V→V]-@₁qugh[to.V.completely][V][Opt][PRS][2Sg]
piiqaa	pi-~i[SBJ.V-ed.something][V→V]-~i[SBJ.V-ed.something][V→V]-~i[SBJ.V-ed.something][V→V]-~i[SBJ.V-ed.something][V→V]-~:(u)te[to.V.for.or.with][to.cause.to.V.as.one.is.V-ing][to.V.toward.each.other][V→V]-te[to.act.on.so.as.to.cause.to.V][V→V]-te[to.act.on.so.as.to.cause.to.V][V→V]-@₁qugh[to.V.completely][V][Opt][PRS][2Sg]
piiqaa	pi-~i[SBJ.V-ed.something][V→V]-~i[SBJ.V-ed.something][V→V]-~i[SBJ.V-ed.something][V→V]-~i[SBJ.V-ed.something][V→V]-~:(u)te[to.V.for.or.with][to.cause.to.V.as.one.is.V-ing][to.V.toward.each.other][V→V]-te[to.act.on.so.as.to.cause.to.V][V→V]-@₁qugh[to.V.completely][V][Opt][PRS][2Sg]
piiqaa	pi-~i[SBJ.V-ed.something][V→V]-~i[SBJ.V-ed.something][V→V]-~i[SBJ.V-ed.something][V→V]-~i[SBJ.V-ed.something][V→V]-~:(u)te[to.V.for.or.with][to.cause.to.V.as.one.is.V-ing][to.V.toward.each.other][V→V]-@₁qugh[to.V.completely][V][Opt][PRS][2Sg]
piiqaa	pi-~i[SBJ.V-ed.something][V→V]-~i[SBJ.V-ed.something][V→V]-~i[SBJ.V-ed.something][V→V]-~i[SBJ.V-ed.something][V→V]-~:(u)te[condition.with.respect.to.V-ing][V→N]-te[to.catch.N][to.go.to.N][N→V]-te[to.act.on.so.as.to.cause.to.V][V→V]-te[to.act.on.so.as.to.cause.to.V][V→V]-te[to.act.on.so.as.to.cause.to.V][V→V]-te[to.act.on.so.as.to.cause.to.V][V→V]-@₁qugh[to.V.completely][V][Opt][PRS][2Sg]
piiqaa	pi-~i[SBJ.V-ed.something][V→V]-~i[SBJ.V-ed.something][V→V]-~i[SBJ.V-ed.something][V→V]-~i[SBJ.V-ed.something][V→V]-~:(u)te[condition.with.respect.to.V-ing][V→N]-te[to.catch.N][to.go.to.N][N→V]-te[to.act.on.so.as.to.cause.to.V][V→V]-te[to.act.on.so.as.to.cause.to.V][V→V]-te[to.act.on.so.as.to.cause.to.V][V→V]-@₁qugh[to.V.completely][V][Opt][PRS][2Sg]
piiqaa	pi-~i[SBJ.V-ed.something][V→V]-~i[SBJ.V-ed.something][V→V]-~i[SBJ.V-ed.something][V→V]-~i[SBJ.V-ed.something][V→V]-~:(u)te[condition.with.respect.to.V-ing][V→N]-te[to.catch.N][to.go.to.N][N→V]-te[to.act.on.so.as.to.cause.to.V][V→V]-te[to.act.on.so.as.to.cause.to.V][V→V]-@₁qugh[to.V.completely][V][Opt][PRS][2Sg]
piiqaa	pi-~i[SBJ.V-ed.something][V→V]-~i[SBJ.V-ed.something][V→V]-~i[SBJ.V-ed.something][V→V]-~i[SBJ.V-ed.something][V→V]-~:(u)te[condition.with.respect.to.V-ing][V→N]-te[to.catch.N][to.go.to.N][N→V]-te[to.act.on.so.as.to.cause.to.V][V→V]-@₁qugh[to.V.completely][V][Opt][PRS][2Sg]
piiqaa	pi-~i[SBJ.V-ed.something][V→V]-~i[SBJ.V-ed.something][V→V]-~i[SBJ.V-ed.something][V→V]-~i[SBJ.V-ed.something][V→V]-~:(u)te[condition.with.respect.to.V-ing][V→N]-te[to.catch.N][to.go.to.N][N→V]-@₁qugh[to.V.completely][V][Opt][PRS][2Sg]
piiqaa	pi-~i[SBJ.V-ed.something][V→V]-~i[SBJ.V-ed.something][V→V]-~i[SBJ.V-ed.something][V→V]-~i[SBJ.V-ed.something][V→V]-~:(u)te[SBJ.V-ed.something][V→V]-te[to.act.on.so.as.to.cause.to.V][V→V]-te[to.act.on.so.as.to.cause.to.V][V→V]-te[to.act.on.so.as.to.cause.to.V][V→V]-te[to.act.on.so.as.to.cause.to.V][V→V]-te[to.act.on.so.as.to.cause.to.V][V→V]-@₁qugh[to.V.completely][V][Opt][PRS][2Sg]
piiqaa	pi-~i[SBJ.V-ed.something][V→V]-~i[SBJ.V-ed.something][V→V]-~i[SBJ.V-ed.something][V→V]-~i[SBJ.V-ed.something][V→V]-~:(u)te[SBJ.V-ed.something][V→V]-te[to.act.on.so.as.to.cause.to.V][V→V]-te[to.act.on.so.as.to.cause.to.V][V→V]-te[to.act.on.so.as.to.cause.to.V][V→V]-te[to.act.on.so.as.to.cause.to.V][V→V]-@₁qugh[to.V.completely][V][Opt][PRS][2Sg]
piiqaa	pi-~i[SBJ.V-ed.something][V→V]-~i[SBJ.V-ed.something][V→V]-~i[SBJ.V-ed.something][V→V]-~i[SBJ.V-ed.something][V→V]-~:(u)te[SBJ.V-ed.something][V→V]-te[to.act.on.so.as.to.cause.to.V][V→V]-te[to.act.on.so.as.to.cause.to.V][V→V]-te[to.act.on.so.as.to.cause.to.V][V→V]-@₁qugh[to.V.completely][V][Opt][PRS][2Sg]
piiqaa	pi-~i[SBJ.V-ed.something][V→V]-~i[SBJ.V-ed.something][V→V]-~i[SBJ.V-ed.something][V→V]-~i[SBJ.V-ed.something][V→V]-~:(u)te[SBJ.V-ed.something][V→V]-te[to.act.on.so.as.to.cause.to.V][V→V]-te[to.act.on.so.as.to.cause.to.V][V→V]-@₁qugh[to.V.completely][V][Opt][PRS][2Sg]
piiqaa	pi-~i[SBJ.V-ed.something][V→V]-~i[SBJ.V-ed.something][V→V]-~i[SBJ.V-ed.something][V→V]-~i[SBJ.V-ed.something][V→V]-~:(u)te[SBJ.V-ed.something][V→V]-te[to.act.on.so.as.to.cause.to.V][V→V]-@₁qugh[to.V.completely][V][Opt][PRS][2Sg]
piiqaa	pi-~i[SBJ.V-ed.something][V→V]-~i[SBJ.V-ed.something][V→V]-~i[SBJ.V-ed.something][V→V]-~i[SBJ.V-ed.something][V→V]-~:(u)te[SBJ.V-ed.something][V→V]-@₁qugh[to.V.completely][V][Opt][PRS][2Sg]
piiqaa	pi-~i[SBJ.V-ed.something][V→V]-~i[SBJ.V-ed.something][V→V]-~i[SBJ.V-ed.something][V→V]-~i[SBJ.V-ed.something][V→V]-@₁qugh[to.V.completely][V][Opt][PRS][2Sg]
piiqaa	pi-~i[SBJ.V-ed.something][V→V]-~i[SBJ.V-ed.something][V→V]-~i[SBJ.V-ed.something][V→V]-te[to.act.on.so.as.to.cause.to.V][V→V]-te[to.act.on.so.as.to.cause.to.V][V→V]-te[to.act.on.so.as.to.cause.to.V][V→V]-te[to.act.on.so.as.to.cause.to.V][V→V]-@₁qugh[to.V.completely][V][Opt][PRS][2Sg]
piiqaa	pi-~i[SBJ.V-ed.something][V→V]-~i[SBJ.V-ed.something][V→V]-~i[SBJ.V-ed.something][V→V]-te[to.act.on.so.as.to.cause.to.V][V→V]-te[to.act.on.so.as.to.cause.to.V][V→V]-te[to.act.on.so.as.to.cause.to.V][V→V]-@₁qugh[to.V.completely][V][Opt][PRS][2Sg]
piiqaa	pi-~i[SBJ.V-ed.something][V→V]-~i[SBJ.V-ed.something][V→V]-~i[SBJ.V-ed.something][V→V]-te[to.act.on.so.as.to.cause.to.V][V→V]-te[to.act.on.so.as.to.cause.to.V][V→V]-@₁qugh[to.V.completely][V][Opt][PRS][2Sg]
piiqaa	pi-~i[SBJ.V-ed.something][V→V]-~i[SBJ.V-ed.something][V→V]-~i[SBJ.V-ed.something][V→V]-te[to.act.on.so.as.to.cause.to.V][V→V]-@₁qugh[to.V.completely][V][Opt][PRS][2Sg]
piiqaa	pi-~i[SBJ.V-ed.something][V→V]-~i[SBJ.V-ed.something][V→V]-~i[SBJ.V-ed.something][V→V]-~:(u)te[to.V.for.or.with][to.cause.to.V.as.one.is.V-ing][to.V.toward.each.other][V→V]-te[to.act.on.so.as.to.cause.to.V][V→V]-te[to.act.on.so.as.to.cause.to.V][V→V]-te[to.act.on.so.as.to.cause.to.V][V→V]-te[to.act.on.so.as.to.cause.to.V][V→V]-@₁qugh[to.V.completely][V][Opt][PRS][2Sg]
piiqaa	pi-~i[SBJ.V-ed.something][V→V]-~i[SBJ.V-ed.something][V→V]-~i[SBJ.V-ed.something][V→V]-~:(u)te[to.V.for.or.with][to.cause.to.V.as.one.is.V-ing][to.V.toward.each.other][V→V]-te[to.act.on.so.as.to.cause.to.V][V→V]-te[to.act.on.so.as.to.cause.to.V][V→V]-te[to.act.on.so.as.to.cause.to.V][V→V]-@₁qugh[to.V.completely][V][Opt][PRS][2Sg]
piiqaa	pi-~i[SBJ.V-ed.something][V→V]-~i[SBJ.V-ed.something][V→V]-~i[SBJ.V-ed.something][V→V]-~:(u)te[to.V.for.or.with][to.cause.to.V.as.one.is.V-ing][to.V.toward.each.other][V→V]-te[to.act.on.so.as.to.cause.to.V][V→V]-te[to.act.on.so.as.to.cause.to.V][V→V]-@₁qugh[to.V.completely][V][Opt][PRS][2Sg]
piiqaa	pi-~i[SBJ.V-ed.something][V→V]-~i[SBJ.V-ed.something][V→V]-~i[SBJ.V-ed.something][V→V]-~:(u)te[to.V.for.or.with][to.cause.to.V.as.one.is.V-ing][to.V.toward.each.other][V→V]-te[to.act.on.so.as.to.cause.to.V][V→V]-@₁qugh[to.V.completely][V][Opt][PRS][2Sg]
piiqaa	pi-~i[SBJ.V-ed.something][V→V]-~i[SBJ.V-ed.something][V→V]-~i[SBJ.V-ed.something][V→V]-~:(u)te[to.V.for.or.with][to.cause.to.V.as.one.is.V-ing][to.V.toward.each.other][V→V]-@₁qugh[to.V.completely][V][Opt][PRS][2Sg]
piiqaa	pi-~i[SBJ.V-ed.something][V→V]-~i[SBJ.V-ed.something][V→V]-~i[SBJ.V-ed.something][V→V]-~:(u)te[condition.with.respect.to.V-ing][V→N]-te[to.catch.N][to.go.to.N][N→V]-te[to.act.on.so.as.to.cause.to.V][V→V]-te[to.act.on.so.as.to.cause.to.V][V→V]-te[to.act.on.so.as.to.cause.to.V][V→V]-@₁qugh[to.V.completely][V][Opt][PRS][2Sg]
piiqaa	pi-~i[SBJ.V-ed.something][V→V]-~i[SBJ.V-ed.something][V→V]-~i[SBJ.V-ed.something][V→V]-~:(u)te[condition.with.respect.to.V-ing][V→N]-te[to.catch.N][to.go.to.N][N→V]-te[to.act.on.so.as.to.cause.to.V][V→V]-te[to.act.on.so.as.to.cause.to.V][V→V]-@₁qugh[to.V.completely][V][Opt][PRS][2Sg]
piiqaa	pi-~i[SBJ.V-ed.something][V→V]-~i[SBJ.V-ed.something][V→V]-~i[SBJ.V-ed.something][V→V]-~:(u)te[condition.with.respect.to.V-ing][V→N]-te[to.catch.N][to.go.to.N][N→V]-te[to.act.on.so.as.to.cause.to.V][V→V]-@₁qugh[to.V.completely][V][Opt][PRS][2Sg]
piiqaa	pi-~i[SBJ.V-ed.something][V→V]-~i[SBJ.V-ed.something][V→V]-~i[SBJ.V-ed.something][V→V]-~:(u)te[condition.with.respect.to.V-ing][V→N]-te[to.catch.N][to.go.to.N][N→V]-@₁qugh[to.V.completely][V][Opt][PRS][2Sg]
piiqaa	pi-~i[SBJ.V-ed.something][V→V]-~i[SBJ.V-ed.something][V→V]-~i[SBJ.V-ed.something][V→V]-~:(u)te[SBJ.V-ed.something][V→V]-te[to.act.on.so.as.to.cause.to.V][V→V]-te[to.act.on.so.as.to.cause.to.V][V→V]-te[to.act.on.so.as.to.cause.to.V][V→V]-te[to.act.on.so.as.to.cause.to.V][V→V]-@₁qugh[to.V.completely][V][Opt][PRS][2Sg]
piiqaa	pi-~i[SBJ.V-ed.something][V→V]-~i[SBJ.V-ed.something][V→V]-~i[SBJ.V-ed.something][V→V]-~:(u)te[SBJ.V-ed.something][V→V]-te[to.act.on.so.as.to.cause.to.V][V→V]-te[to.act.on.so.as.to.cause.to.V][V→V]-te[to.act.on.so.as.to.cause.to.V][V→V]-@₁qugh[to.V.completely][V][Opt][PRS][2Sg]
piiqaa	pi-~i[SBJ.V-ed.something][V→V]-~i[SBJ.V-ed.something][V→V]-~i[SBJ.V-ed.something][V→V]-~:(u)te[SBJ.V-ed.something][V→V]-te[to.act.on.so.as.to.cause.to.V][V→V]-te[to.act.on.so.as.to.cause.to.V][V→V]-@₁qugh[to.V.completely][V][Opt][PRS][2Sg]
piiqaa	pi-~i[SBJ.V-ed.something][V→V]-~i[SBJ.V-ed.something][V→V]-~i[SBJ.V-ed.something][V→V]-~:(u)te[SBJ.V-ed.something][V→V]-te[to.act.on.so.as.to.cause.to.V][V→V]-@₁qugh[to.V.completely][V][Opt][PRS][2Sg]
piiqaa	pi-~i[SBJ.V-ed.something][V→V]-~i[SBJ.V-ed.something][V→V]-~i[SBJ.V-ed.something][V→V]-~:(u)te[SBJ.V-ed.something][V→V]-@₁qugh[to.V.completely][V][Opt][PRS][2Sg]
piiqaa	pi-~i[SBJ.V-ed.something][V→V]-~i[SBJ.V-ed.something][V→V]-~i[SBJ.V-ed.something][V→V]-@₁qugh[to.V.completely][V][Opt][PRS][2Sg]
piiqaa	pi-~i[SBJ.V-ed.something][V→V]-~i[SBJ.V-ed.something][V→V]-te[to.act.on.so.as.to.cause.to.V][V→V]-te[to.act.on.so.as.to.cause.to.V][V→V]-te[to.act.on.so.as.to.cause.to.V][V→V]-@₁qugh[to.V.completely][V][Opt][PRS][2Sg]
piiqaa	pi-~i[SBJ.V-ed.something][V→V]-~i[SBJ.V-ed.something][V→V]-te[to.act.on.so.as.to.cause.to.V][V→V]-te[to.act.on.so.as.to.cause.to.V][V→V]-@₁qugh[to.V.completely][V][Opt][PRS][2Sg]
piiqaa	pi-~i[SBJ.V-ed.something][V→V]-~i[SBJ.V-ed.something][V→V]-te[to.act.on.so.as.to.cause.to.V][V→V]-@₁qugh[to.V.completely][V][Opt][PRS][2Sg]
piiqaa	pi-~i[SBJ.V-ed.something][V→V]-~i[SBJ.V-ed.something][V→V]-~:(u)te[to.V.for.or.with][to.cause.to.V.as.one.is.V-ing][to.V.toward.each.other][V→V]-te[to.act.on.so.as.to.cause.to.V][V→V]-te[to.act.on.so.as.to.cause.to.V][V→V]-te[to.act.on.so.as.to.cause.to.V][V→V]-@₁qugh[to.V.completely][V][Opt][PRS][2Sg]
piiqaa	pi-~i[SBJ.V-ed.something][V→V]-~i[SBJ.V-ed.something][V→V]-~:(u)te[to.V.for.or.with][to.cause.to.V.as.one.is.V-ing][to.V.toward.each.other][V→V]-te[to.act.on.so.as.to.cause.to.V][V→V]-te[to.act.on.so.as.to.cause.to.V][V→V]-@₁qugh[to.V.completely][V][Opt][PRS][2Sg]
piiqaa	pi-~i[SBJ.V-ed.something][V→V]-~i[SBJ.V-ed.something][V→V]-~:(u)te[to.V.for.or.with][to.cause.to.V.as.one.is.V-ing][to.V.toward.each.other][V→V]-te[to.act.on.so.as.to.cause.to.V][V→V]-@₁qugh[to.V.completely][V][Opt][PRS][2Sg]
piiqaa	pi-~i[SBJ.V-ed.something][V→V]-~i[SBJ.V-ed.something][V→V]-~:(u)te[to.V.for.or.with][to.cause.to.V.as.one.is.V-ing][to.V.toward.each.other][V→V]-@₁qugh[to.V.completely][V][Opt][PRS][2Sg]
piiqaa	pi-~i[SBJ.V-ed.something][V→V]-~i[SBJ.V-ed.something][V→V]-~:(u)te[condition.with.respect.to.V-ing][V→N]-te[to.catch.N][to.go.to.N][N→V]-te[to.act.on.so.as.to.cause.to.V][V→V]-te[to.act.on.so.as.to.cause.to.V][V→V]-@₁qugh[to.V.completely][V][Opt][PRS][2Sg]
piiqaa	pi-~i[SBJ.V-ed.something][V→V]-~i[SBJ.V-ed.something][V→V]-~:(u)te[condition.with.respect.to.V-ing][V→N]-te[to.catch.N][to.go.to.N][N→V]-te[to.act.on.so.as.to.cause.to.V][V→V]-@₁qugh[to.V.completely][V][Opt][PRS][2Sg]
piiqaa	pi-~i[SBJ.V-ed.something][V→V]-~i[SBJ.V-ed.something][V→V]-~:(u)te[condition.with.respect.to.V-ing][V→N]-te[to.catch.N][to.go.to.N][N→V]-@₁qugh[to.V.completely][V][Opt][PRS][2Sg]
piiqaa	pi-~i[SBJ.V-ed.something][V→V]-~i[SBJ.V-ed.something][V→V]-~:(u)te[SBJ.V-ed.something][V→V]-te[to.act.on.so.as.to.cause.to.V][V→V]-te[to.act.on.so.as.to.cause.to.V][V→V]-te[to.act.on.so.as.to.cause.to.V][V→V]-@₁qugh[to.V.completely][V][Opt][PRS][2Sg]
piiqaa	pi-~i[SBJ.V-ed.something][V→V]-~i[SBJ.V-ed.something][V→V]-~:(u)te[SBJ.V-ed.something][V→V]-te[to.act.on.so.as.to.cause.to.V][V→V]-te[to.act.on.so.as.to.cause.to.V][V→V]-@₁qugh[to.V.completely][V][Opt][PRS][2Sg]
piiqaa	pi-~i[SBJ.V-ed.something][V→V]-~i[SBJ.V-ed.something][V→V]-~:(u)te[SBJ.V-ed.something][V→V]-te[to.act.on.so.as.to.cause.to.V][V→V]-@₁qugh[to.V.completely][V][Opt][PRS][2Sg]
piiqaa	pi-~i[SBJ.V-ed.something][V→V]-~i[SBJ.V-ed.something][V→V]-~:(u)te[SBJ.V-ed.something][V→V]-@₁qugh[to.V.completely][V][Opt][PRS][2Sg]
piiqaa	pi-~i[SBJ.V-ed.something][V→V]-~i[SBJ.V-ed.something][V→V]-@₁qugh[to.V.completely][V][Opt][PRS][2Sg]
piiqaa	pi-~(g₁)aqe[to.be.V.ing][to.regularly.or.repeatedly.V][V→V][V][Ind][3Sg][3Sg]
piiqaa	pi-~i[SBJ.V-ed.something][V→V]-te[to.act.on.so.as.to.cause.to.V][V→V]-te[to.act.on.so.as.to.cause.to.V][V→V]-@₁qugh[to.V.completely][V][Opt][PRS][2Sg]
piiqaa	pi-~i[SBJ.V-ed.something][V→V]-te[to.act.on.so.as.to.cause.to.V][V→V]-@₁qugh[to.V.completely][V][Opt][PRS][2Sg]
piiqaa	pi-~i[SBJ.V-ed.something][V→V]-~:(u)te[to.V.for.or.with][to.cause.to.V.as.one.is.V-ing][to.V.toward.each.other][V→V]-te[to.act.on.so.as.to.cause.to.V][V→V]-te[to.act.on.so.as.to.cause.to.V][V→V]-@₁qugh[to.V.completely][V][Opt][PRS][2Sg]
piiqaa	pi-~i[SBJ.V-ed.something][V→V]-~:(u)te[to.V.for.or.with][to.cause.to.V.as.one.is.V-ing][to.V.toward.each.other][V→V]-te[to.act.on.so.as.to.cause.to.V][V→V]-@₁qugh[to.V.completely][V][Opt][PRS][2Sg]
piiqaa	pi-~i[SBJ.V-ed.something][V→V]-~:(u)te[to.V.for.or.with][to.cause.to.V.as.one.is.V-ing][to.V.toward.each.other][V→V]-@₁qugh[to.V.completely][V][Opt][PRS][2Sg]
piiqaa	pi-~i[SBJ.V-ed.something][V→V]-~:(u)te[condition.with.respect.to.V-ing][V→N]-te[to.catch.N][to.go.to.N][N→V]-te[to.act.on.so.as.to.cause.to.V][V→V]-@₁qugh[to.V.completely][V][Opt][PRS][2Sg]
piiqaa	pi-~i[SBJ.V-ed.something][V→V]-~:(u)te[condition.with.respect.to.V-ing][V→N]-te[to.catch.N][to.go.to.N][N→V]-@₁qugh[to.V.completely][V][Opt][PRS][2Sg]
piiqaa	pi-~i[SBJ.V-ed.something][V→V]-~:(u)te[SBJ.V-ed.something][V→V]-te[to.act.on.so.as.to.cause.to.V][V→V]-te[to.act.on.so.as.to.cause.to.V][V→V]-@₁qugh[to.V.completely][V][Opt][PRS][2Sg]
piiqaa	pi-~i[SBJ.V-ed.something][V→V]-~:(u)te[SBJ.V-ed.something][V→V]-te[to.act.on.so.as.to.cause.to.V][V→V]-@₁qugh[to.V.completely][V][Opt][PRS][2Sg]
piiqaa	pi-~i[SBJ.V-ed.something][V→V]-~:(u)te[SBJ.V-ed.something][V→V]-@₁qugh[to.V.completely][V][Opt][PRS][2Sg]
piiqaa	pi-~i[SBJ.V-ed.something][V→V]-@₁qugh[to.V.completely][V][Opt][PRS][2Sg]

aghuliilluten	aghula-~i[SBJ.V-ed.something][V→V]-~i[SBJ.V-ed.something][V→V]-~i[SBJ.V-ed.something][V→V]-~i[SBJ.V-ed.something][V→V]-~i[SBJ.V-ed.something][V→V]-~i[SBJ.V-ed.something][V→V]-te[to.act.on.so.as.to.cause.to.V][V→V]-te[to.act.on.so.as.to.cause.to.V][V→V]-te[to.act.on.so.as.to.cause.to.V][V→V]-te[to.act.on.so.as.to.cause.to.V][V→V]-te[to.act.on.so.as.to.cause.to.V][V→V]-te[to.act.on.so.as.to.cause.to.V][V→V]-te[to.act.on.so.as.to.cause.to.V][V→V][V][Sbrd][2Sg]
aghuliilluten	aghula-~i[SBJ.V-ed.something][V→V]-~i[SBJ.V-ed.something][V→V]-~i[SBJ.V-ed.something][V→V]-~i[SBJ.V-ed.something][V→V]-~i[SBJ.V-ed.something][V→V]-~i[SBJ.V-ed.something][V→V]-te[to.act.on.so.as.to.cause.to.V][V→V]-te[to.act.on.so.as.to.cause.to.V][V→V]-te[to.act.on.so.as.to.cause.to.V][V→V]-te[to.act.on.so.as.to.cause.to.V][V→V]-te[to.act.on.so.as.to.cause.to.V][V→V]-te[to.act.on.so.as.to.cause.to.V][V→V][V][Sbrd][2Sg]
aghuliilluten	aghula-~i[SBJ.V-ed.something][V→V]-~i[SBJ.V-ed.something][V→V]-~i[SBJ.V-ed.something][V→V]-~i[SBJ.V-ed.something][V→V]-~i[SBJ.V-ed.something][V→V]-~i[SBJ.V-ed.something][V→V]-te[to.act.on.so.as.to.cause.to.V][V→V]-te[to.act.on.so.as.to.cause.to.V][V→V]-te[to.act.on.so.as.to.cause.to.V][V→V]-te[to.act.on.so.as.to.cause.to.V][V→V]-te[to.act.on.so.as.to.cause.to.V][V→V][V][Sbrd][2Sg]
aghuliilluten	aghula-~i[SBJ.V-ed.something][V→V]-~i[SBJ.V-ed.something][V→V]-~i[SBJ.V-ed.something][V→V]-~i[SBJ.V-ed.something][V→V]-~i[SBJ.V-ed.something][V→V]-~i[SBJ.V-ed.something][V→V]-te[to.act.on.so.as.to.cause.to.V][V→V]-te[to.act.on.so.as.to.cause.to.V][V→V]-te[to.act.on.so.as.to.cause.to.V][V→V]-te[to.act.on.so.as.to.cause.to.V][V→V][V][Sbrd][2Sg]
aghuliilluten	aghula-~i[SBJ.V-ed.something][V→V]-~i[SBJ.V-ed.something][V→V]-~i[SBJ.V-ed.something][V→V]-~i[SBJ.V-ed.something][V→V]-~i[SBJ.V-ed.something][V→V]-~i[SBJ.V-ed.something][V→V]-te[to.act.on.so.as.to.cause.to.V][V→V]-te[to.act.on.so.as.to.cause.to.V][V→V]-te[to.act.on.so.as.to.cause.to.V][V→V][V][Sbrd][2Sg]
aghuliilluten	aghula-~i[SBJ.V-ed.something][V→V]-~i[SBJ.V-ed.something][V→V]-~i[SBJ.V-ed.something][V→V]-~i[SBJ.V-ed.something][V→V]-~i[SBJ.V-ed.something][V→V]-~i[SBJ.V-ed.something][V→V]-te[to.act.on.so.as.to.cause.to.V][V→V]-te[to.act.on.so.as.to.cause.to.V][V→V][V][Sbrd][2Sg]
aghuliilluten	aghula-~i[SBJ.V-ed.something][V→V]-~i[SBJ.V-ed.something][V→V]-~i[SBJ.V-ed.something][V→V]-~i[SBJ.V-ed.something][V→V]-~i[SBJ.V-ed.something][V→V]-~i[SBJ.V-ed.something][V→V]-te[to.act.on.so.as.to.cause.to.V][V→V][V][Sbrd][2Sg]
aghuliilluten	aghula-~i[SBJ.V-ed.something][V→V]-~i[SBJ.V-ed.something][V→V]-~i[SBJ.V-ed.something][V→V]-~i[SBJ.V-ed.something][V→V]-~i[SBJ.V-ed.something][V→V]-te[to.act.on.so.as.to.cause.to.V][V→V]-te[to.act.on.so.as.to.cause.to.V][V→V]-te[to.act.on.so.as.to.cause.to.V][V→V]-te[to.act.on.so.as.to.cause.to.V][V→V]-te[to.act.on.so.as.to.cause.to.V][V→V]-te[to.act.on.so.as.to.cause.to.V][V→V][V][Sbrd][2Sg]
aghuliilluten	aghula-~i[SBJ.V-ed.something][V→V]-~i[SBJ.V-ed.something][V→V]-~i[SBJ.V-ed.something][V→V]-~i[SBJ.V-ed.something][V→V]-~i[SBJ.V-ed.something][V→V]-te[to.act.on.so.as.to.cause.to.V][V→V]-te[to.act.on.so.as.to.cause.to.V][V→V]-te[to.act.on.so.as.to.cause.to.V][V→V]-te[to.act.on.so.as.to.cause.to.V][V→V]-te[to.act.on.so.as.to.cause.to.V][V→V][V][Sbrd][2Sg]
aghuliilluten	aghula-~i[SBJ.V-ed.something][V→V]-~i[SBJ.V-ed.something][V→V]-~i[SBJ.V-ed.something][V→V]-~i[SBJ.V-ed.something][V→V]-~i[SBJ.V-ed.something][V→V]-te[to.act.on.so.as.to.cause.to.V][V→V]-te[to.act.on.so.as.to.cause.to.V][V→V]-te[to.act.on.so.as.to.cause.to.V][V→V]-te[to.act.on.so.as.to.cause.to.V][V→V][V][Sbrd][2Sg]
aghuliilluten	aghula-~i[SBJ.V-ed.something][V→V]-~i[SBJ.V-ed.something][V→V]-~i[SBJ.V-ed.something][V→V]-~i[SBJ.V-ed.something][V→V]-~i[SBJ.V-ed.something][V→V]-te[to.act.on.so.as.to.cause.to.V][V→V]-te[to.act.on.so.as.to.cause.to.V][V→V]-te[to.act.on.so.as.to.cause.to.V][V→V][V][Sbrd][2Sg]
aghuliilluten	aghula-~i[SBJ.V-ed.something][V→V]-~i[SBJ.V-ed.something][V→V]-~i[SBJ.V-ed.something][V→V]-~i[SBJ.V-ed.something][V→V]-~i[SBJ.V-ed.something][V→V]-te[to.act.on.so.as.to.cause.to.V][V→V]-te[to.act.on.so.as.to.cause.to.V][V→V][V][Sbrd][2Sg]
aghuliilluten	aghula-~i[SBJ.V-ed.something][V→V]-~i[SBJ.V-ed.something][V→V]-~i[SBJ.V-ed.something][V→V]-~i[SBJ.V-ed.something][V→V]-~i[SBJ.V-ed.something][V→V]-te[to.act.on.so.as.to.cause.to.V][V→V][V][Sbrd][2Sg]
aghuliilluten	aghula-~i[SBJ.V-ed.something][V→V]-~i[SBJ.V-ed.something][V→V]-~i[SBJ.V-ed.something][V→V]-~i[SBJ.V-ed.something][V→V]-~i[SBJ.V-ed.something][V→V]-~:(u)te[to.V.for.or.with][to.cause.to.V.as.one.is.V-ing][to.V.toward.each.other][V→V]-te[to.act.on.so.as.to.cause.to.V][V→V]-te[to.act.on.so.as.to.cause.to.V][V→V]-te[to.act.on.so.as.to.cause.to.V][V→V]-te[to.act.on.so.as.to.cause.to.V][V→V]-te[to.act.on.so.as.to.cause.to.V][V→V]-te[to.act.on.so.as.to.cause.to.V][V→V][V][Sbrd][2Sg]
aghuliilluten	aghula-~i[SBJ.V-ed.something][V→V]-~i[SBJ.V-ed.something][V→V]-~i[SBJ.V-ed.something][V→V]-~i[SBJ.V-ed.something][V→V]-~i[SBJ.V-ed.something][V→V]-~:(u)te[to.V.for.or.with][to.cause.to.V.as.one.is.V-ing][to.V.toward.each.other][V→V]-te[to.act.on.so.as.to.cause.to.V][V→V]-te[to.act.on.so.as.to.cause.to.V][V→V]-te[to.act.on.so.as.to.cause.to.V][V→V]-te[to.act.on.so.as.to.cause.to.V][V→V]-te[to.act.on.so.as.to.cause.to.V][V→V][V][Sbrd][2Sg]
aghuliilluten	aghula-~i[SBJ.V-ed.something][V→V]-~i[SBJ.V-ed.something][V→V]-~i[SBJ.V-ed.something][V→V]-~i[SBJ.V-ed.something][V→V]-~i[SBJ.V-ed.something][V→V]-~:(u)te[to.V.for.or.with][to.cause.to.V.as.one.is.V-ing][to.V.toward.each.other][V→V]-te[to.act.on.so.as.to.cause.to.V][V→V]-te[to.act.on.so.as.to.cause.to.V][V→V]-te[to.act.on.so.as.to.cause.to.V][V→V]-te[to.act.on.so.as.to.cause.to.V][V→V][V][Sbrd][2Sg]
aghuliilluten	aghula-~i[SBJ.V-ed.something][V→V]-~i[SBJ.V-ed.something][V→V]-~i[SBJ.V-ed.something][V→V]-~i[SBJ.V-ed.something][V→V]-~i[SBJ.V-ed.something][V→V]-~:(u)te[to.V.for.or.with][to.cause.to.V.as.one.is.V-ing][to.V.toward.each.other][V→V]-te[to.act.on.so.as.to.cause.to.V][V→V]-te[to.act.on.so.as.to.cause.to.V][V→V]-te[to.act.on.so.as.to.cause.to.V][V→V][V][Sbrd][2Sg]
aghuliilluten	aghula-~i[SBJ.V-ed.something][V→V]-~i[SBJ.V-ed.something][V→V]-~i[SBJ.V-ed.something][V→V]-~i[SBJ.V-ed.something][V→V]-~i[SBJ.V-ed.something][V→V]-~:(u)te[to.V.for.or.with][to.cause.to.V.as.one.is.V-ing][to.V.toward.each.other][V→V]-te[to.act.on.so.as.to.cause.to.V][V→V]-te[to.act.on.so.as.to.cause.to.V][V→V][V][Sbrd][2Sg]
aghuliilluten	aghula-~i[SBJ.V-ed.something][V→V]-~i[SBJ.V-ed.something][V→V]-~i[SBJ.V-ed.something][V→V]-~i[SBJ.V-ed.something][V→V]-~i[SBJ.V-ed.something][V→V]-~:(u)te[to.V.for.or.with][to.cause.to.V.as.one.is.V-ing][to.V.toward.each.other][V→V]-te[to.act.on.so.as.to.cause.to.V][V→V][V][Sbrd][2Sg]
aghuliilluten	aghula-~i[SBJ.V-ed.something][V→V]-~i[SBJ.V-ed.something][V→V]-~i[SBJ.V-ed.something][V→V]-~i[SBJ.V-ed.something][V→V]-~i[SBJ.V-ed.something][V→V]-~:(u)te[condition.with.respect.to.V-ing][V→N]-te[to.catch.N][to.go.to.N][N→V]-te[to.act.on.so.as.to.cause.to.V][V→V]-te[to.act.on.so.as.to.cause.to.V][V→V]-te[to.act.on.so.as.to.cause.to.V][V→V]-te[to.act.on.so.as.to.cause.to.V][V→V]-te[to.act.on.so.as.to.cause.to.V][V→V][V][Sbrd][2Sg]
aghuliilluten	aghula-~i[SBJ.V-ed.something][V→V]-~i[SBJ.V-ed.something][V→V]-~i[SBJ.V-ed.something][V→V]-~i[SBJ.V-ed.something][V→V]-~i[SBJ.V-ed.something][V→V]-~:(u)te[condition.with.respect.to.V-ing][V→N]-te[to.catch.N][to.go.to.N][N→V]-te[to.act.on.so.as.to.cause.to.V][V→V]-te[to.act.on.so.as.to.cause.to.V][V→V]-te[to.act.on.so.as.to.cause.to.V][V→V]-te[to.act.on.so.as.to.cause.to.V][V→V][V][Sbrd][2Sg]
aghuliilluten	aghula-~i[SBJ.V-ed.something][V→V]-~i[SBJ.V-ed.something][V→V]-~i[SBJ.V-ed.something][V→V]-~i[SBJ.V-ed.something][V→V]-~i[SBJ.V-ed.something][V→V]-~:(u)te[condition.with.respect.to.V-ing][V→N]-te[to.catch.N][to.go.to.N][N→V]-te[to.act.on.so.as.to.cause.to.V][V→V]-te[to.act.on.so.as.to.cause.to.V][V→V]-te[to.act.on.so.as.to.cause.to.V][V→V][V][Sbrd][2Sg]
aghuliilluten	aghula-~i[SBJ.V-ed.something][V→V]-~i[SBJ.V-ed.something][V→V]-~i[SBJ.V-ed.something][V→V]-~i[SBJ.V-ed.something][V→V]-~i[SBJ.V-ed.something][V→V]-~:(u)te[condition.with.respect.to.V-ing][V→N]-te[to.catch.N][to.go.to.N][N→V]-te[to.act.on.so.as.to.cause.to.V][V→V]-te[to.act.on.so.as.to.cause.to.V][V→V][V][Sbrd][2Sg]
aghuliilluten	aghula-~i[SBJ.V-ed.something][V→V]-~i[SBJ.V-ed.something][V→V]-~i[SBJ.V-ed.something][V→V]-~i[SBJ.V-ed.something][V→V]-~i[SBJ.V-ed.something][V→V]-~:(u)te[condition.with.respect.to.V-ing][V→N]-te[to.catch.N][to.go.to.N][N→V]-te[to.act.on.so.as.to.cause.to.V][V→V][V][Sbrd][2Sg]
aghuliilluten	aghula-~i[SBJ.V-ed.something][V→V]-~i[SBJ.V-ed.something][V→V]-~i[SBJ.V-ed.something][V→V]-~i[SBJ.V-ed.something][V→V]-~i[SBJ.V-ed.something][V→V]-~:(u)te[condition.with.respect.to.V-ing][V→N]-te[to.catch.N][to.go.to.N][N→V][V][Sbrd][2Sg]
aghuliilluten	aghula-~i[SBJ.V-ed.something][V→V]-~i[SBJ.V-ed.something][V→V]-~i[SBJ.V-ed.something][V→V]-~i[SBJ.V-ed.something][V→V]-~i[SBJ.V-ed.something][V→V]-~:(u)te[SBJ.V-ed.something][V→V]-te[to.act.on.so.as.to.cause.to.V][V→V]-te[to.act.on.so.as.to.cause.to.V][V→V]-te[to.act.on.so.as.to.cause.to.V][V→V]-te[to.act.on.so.as.to.cause.to.V][V→V]-te[to.act.on.so.as.to.cause.to.V][V→V]-te[to.act.on.so.as.to.cause.to.V][V→V][V][Sbrd][2Sg]
aghuliilluten	aghula-~i[SBJ.V-ed.something][V→V]-~i[SBJ.V-ed.something][V→V]-~i[SBJ.V-ed.something][V→V]-~i[SBJ.V-ed.something][V→V]-~i[SBJ.V-ed.something][V→V]-~:(u)te[SBJ.V-ed.something][V→V]-te[to.act.on.so.as.to.cause.to.V][V→V]-te[to.act.on.so.as.to.cause.to.V][V→V]-te[to.act.on.so.as.to.cause.to.V][V→V]-te[to.act.on.so.as.to.cause.to.V][V→V]-te[to.act.on.so.as.to.cause.to.V][V→V][V][Sbrd][2Sg]
aghuliilluten	aghula-~i[SBJ.V-ed.something][V→V]-~i[SBJ.V-ed.something][V→V]-~i[SBJ.V-ed.something][V→V]-~i[SBJ.V-ed.something][V→V]-~i[SBJ.V-ed.something][V→V]-~:(u)te[SBJ.V-ed.something][V→V]-te[to.act.on.so.as.to.cause.to.V][V→V]-te[to.act.on.so.as.to.cause.to.V][V→V]-te[to.act.on.so.as.to.cause.to.V][V→V]-te[to.act.on.so.as.to.cause.to.V][V→V][V][Sbrd][2Sg]
aghuliilluten	aghula-~i[SBJ.V-ed.something][V→V]-~i[SBJ.V-ed.something][V→V]-~i[SBJ.V-ed.something][V→V]-~i[SBJ.V-ed.something][V→V]-~i[SBJ.V-ed.something][V→V]-~:(u)te[SBJ.V-ed.something][V→V]-te[to.act.on.so.as.to.cause.to.V][V→V]-te[to.act.on.so.as.to.cause.to.V][V→V]-te[to.act.on.so.as.to.cause.to.V][V→V][V][Sbrd][2Sg]
aghuliilluten	aghula-~i[SBJ.V-ed.something][V→V]-~i[SBJ.V-ed.something][V→V]-~i[SBJ.V-ed.something][V→V]-~i[SBJ.V-ed.something][V→V]-~i[SBJ.V-ed.something][V→V]-~:(u)te[SBJ.V-ed.something][V→V]-te[to.act.on.so.as.to.cause.to.V][V→V]-te[to.act.on.so.as.to.cause.to.V][V→V][V][Sbrd][2Sg]
aghuliilluten	aghula-~i[SBJ.V-ed.something][V→V]-~i[SBJ.V-ed.something][V→V]-~i[SBJ.V-ed.something][V→V]-~i[SBJ.V-ed.something][V→V]-~i[SBJ.V-ed.something][V→V]-~:(u)te[SBJ.V-ed.something][V→V]-te[to.act.on.so.as.to.cause.to.V][V→V][V][Sbrd][2Sg]
aghuliilluten	aghula-~i[SBJ.V-ed.something][V→V]-~i[SBJ.V-ed.something][V→V]-~i[SBJ.V-ed.something][V→V]-~i[SBJ.V-ed.something][V→V]-te[to.act.on.so.as.to.cause.to.V][V→V]-te[to.act.on.so.as.to.cause.to.V][V→V]-te[to.act.on.so.as.to.cause.to.V][V→V]-te[to.act.on.so.as.to.cause.to.V][V→V]-te[to.act.on.so.as.to.cause.to.V][V→V][V][Sbrd][2Sg]
aghuliilluten	aghula-~i[SBJ.V-ed.something][V→V]-~i[SBJ.V-ed.something][V→V]-~i[SBJ.V-ed.something][V→V]-~i[SBJ.V-ed.something][V→V]-te[to.act.on.so.as.to.cause.to.V][V→V]-te[to.act.on.so.as.to.cause.to.V][V→V]-te[to.act.on.so.as.to.cause.to.V][V→V]-te[to.act.on.so.as.to.cause.to.V][V→V][V][Sbrd][2Sg]
aghuliilluten	aghula-~i[SBJ.V-ed.something][V→V]-~i[SBJ.V-ed.something][V→V]-~i[SBJ.V-ed.something][V→V]-~i[SBJ.V-ed.something][V→V]-te[to.act.on.so.as.to.cause.to.V][V→V]-te[to.act.on.so.as.to.cause.to.V][V→V]-te[to.act.on.so.as.to.cause.to.V][V→V][V][Sbrd][2Sg]
aghuliilluten	aghula-~i[SBJ.V-ed.something][V→V]-~i[SBJ.V-ed.something][V→V]-~i[SBJ.V-ed.something][V→V]-~i[SBJ.V-ed.something][V→V]-te[to.act.on.so.as.to.cause.to.V][V→V]-te[to.act.on.so.as.to.cause.to.V][V→V][V][Sbrd][2Sg]
aghuliilluten	aghula-~i[SBJ.V-ed.something][V→V]-~i[SBJ.V-ed.something][V→V]-~i[SBJ.V-ed.something][V→V]-~i[SBJ.V-ed.something][V→V]-te[to.act.on.so.as.to.cause.to.V][V→V][V][Sbrd][2Sg]
aghuliilluten	aghula-~i[SBJ.V-ed.something][V→V]-~i[SBJ.V-ed.something][V→V]-~i[SBJ.V-ed.something][V→V]-~i[SBJ.V-ed.something][V→V]-~:(u)te[to.V.for.or.with][to.cause.to.V.as.one.is.V-ing][to.V.toward.each.other][V→V]-te[to.act.on.so.as.to.cause.to.V][V→V]-te[to.act.on.so.as.to.cause.to.V][V→V]-te[to.act.on.so.as.to.cause.to.V][V→V]-te[to.act.on.so.as.to.cause.to.V][V→V]-te[to.act.on.so.as.to.cause.to.V][V→V][V][Sbrd][2Sg]
aghuliilluten	aghula-~i[SBJ.V-ed.something][V→V]-~i[SBJ.V-ed.something][V→V]-~i[SBJ.V-ed.something][V→V]-~i[SBJ.V-ed.something][V→V]-~:(u)te[to.V.for.or.with][to.cause.to.V.as.one.is.V-ing][to.V.toward.each.other][V→V]-te[to.act.on.so.as.to.cause.to.V][V→V]-te[to.act.on.so.as.to.cause.to.V][V→V]-te[to.act.on.so.as.to.cause.to.V][V→V]-te[to.act.on.so.as.to.cause.to.V][V→V][V][Sbrd][2Sg]
aghuliilluten	aghula-~i[SBJ.V-ed.something][V→V]-~i[SBJ.V-ed.something][V→V]-~i[SBJ.V-ed.something][V→V]-~i[SBJ.V-ed.something][V→V]-~:(u)te[to.V.for.or.with][to.cause.to.V.as.one.is.V-ing][to.V.toward.each.other][V→V]-te[to.act.on.so.as.to.cause.to.V][V→V]-te[to.act.on.so.as.to.cause.to.V][V→V]-te[to.act.on.so.as.to.cause.to.V][V→V][V][Sbrd][2Sg]
aghuliilluten	aghula-~i[SBJ.V-ed.something][V→V]-~i[SBJ.V-ed.something][V→V]-~i[SBJ.V-ed.something][V→V]-~i[SBJ.V-ed.something][V→V]-~:(u)te[to.V.for.or.with][to.cause.to.V.as.one.is.V-ing][to.V.toward.each.other][V→V]-te[to.act.on.so.as.to.cause.to.V][V→V]-te[to.act.on.so.as.to.cause.to.V][V→V][V][Sbrd][2Sg]
aghuliilluten	aghula-~i[SBJ.V-ed.something][V→V]-~i[SBJ.V-ed.something][V→V]-~i[SBJ.V-ed.something][V→V]-~i[SBJ.V-ed.something][V→V]-~:(u)te[to.V.for.or.with][to.cause.to.V.as.one.is.V-ing][to.V.toward.each.other][V→V]-te[to.act.on.so.as.to.cause.to.V][V→V][V][Sbrd][2Sg]
aghuliilluten	aghula-~i[SBJ.V-ed.something][V→V]-~i[SBJ.V-ed.something][V→V]-~i[SBJ.V-ed.something][V→V]-~i[SBJ.V-ed.something][V→V]-~:(u)te[condition.with.respect.to.V-ing][V→N]-te[to.catch.N][to.go.to.N][N→V]-te[to.act.on.so.as.to.cause.to.V][V→V]-te[to.act.on.so.as.to.cause.to.V][V→V]-te[to.act.on.so.as.to.cause.to.V][V→V]-te[to.act.on.so.as.to.cause.to.V][V→V][V][Sbrd][2Sg]
aghuliilluten	aghula-~i[SBJ.V-ed.something][V→V]-~i[SBJ.V-ed.something][V→V]-~i[SBJ.V-ed.something][V→V]-~i[SBJ.V-ed.something][V→V]-~:(u)te[condition.with.respect.to.V-ing][V→N]-te[to.catch.N][to.go.to.N][N→V]-te[to.act.on.so.as.to.cause.to.V][V→V]-te[to.act.on.so.as.to.cause.to.V][V→V]-te[to.act.on.so.as.to.cause.to.V][V→V][V][Sbrd][2Sg]
aghuliilluten	aghula-~i[SBJ.V-ed.something][V→V]-~i[SBJ.V-ed.something][V→V]-~i[SBJ.V-ed.something][V→V]-~i[SBJ.V-ed.something][V→V]-~:(u)te[condition.with.respect.to.V-ing][V→N]-te[to.catch.N][to.go.to.N][N→V]-te[to.act.on.so.as.to.cause.to.V][V→V]-te[to.act.on.so.as.to.cause.to.V][V→V][V][Sbrd][2Sg]
aghuliilluten	aghula-~i[SBJ.V-ed.something][V→V]-~i[SBJ.V-ed.something][V→V]-~i[SBJ.V-ed.something][V→V]-~i[SBJ.V-ed.something][V→V]-~:(u)te[condition.with.respect.to.V-ing][V→N]-te[to.catch.N][to.go.to.N][N→V]-te[to.act.on.so.as.to.cause.to.V][V→V][V][Sbrd][2Sg]
aghuliilluten	aghula-~i[SBJ.V-ed.something][V→V]-~i[SBJ.V-ed.something][V→V]-~i[SBJ.V-ed.something][V→V]-~i[SBJ.V-ed.something][V→V]-~:(u)te[condition.with.respect.to.V-ing][V→N]-te[to.catch.N][to.go.to.N][N→V][V][Sbrd][2Sg]
aghuliilluten	aghula-~i[SBJ.V-ed.something][V→V]-~i[SBJ.V-ed.something][V→V]-~i[SBJ.V-ed.something][V→V]-~i[SBJ.V-ed.something][V→V]-~:(u)te[SBJ.V-ed.something][V→V]-te[to.act.on.so.as.to.cause.to.V][V→V]-te[to.act.on.so.as.to.cause.to.V][V→V]-te[to.act.on.so.as.to.cause.to.V][V→V]-te[to.act.on.so.as.to.cause.to.V][V→V]-te[to.act.on.so.as.to.cause.to.V][V→V][V][Sbrd][2Sg]
aghuliilluten	aghula-~i[SBJ.V-ed.something][V→V]-~i[SBJ.V-ed.something][V→V]-~i[SBJ.V-ed.something][V→V]-~i[SBJ.V-ed.something][V→V]-~:(u)te[SBJ.V-ed.something][V→V]-te[to.act.on.so.as.to.cause.to.V][V→V]-te[to.act.on.so.as.to.cause.to.V][V→V]-te[to.act.on.so.as.to.cause.to.V][V→V]-te[to.act.on.so.as.to.cause.to.V][V→V][V][Sbrd][2Sg]
aghuliilluten	aghula-~i[SBJ.V-ed.something][V→V]-~i[SBJ.V-ed.something][V→V]-~i[SBJ.V-ed.something][V→V]-~i[SBJ.V-ed.something][V→V]-~:(u)te[SBJ.V-ed.something][V→V]-te[to.act.on.so.as.to.cause.to.V][V→V]-te[to.act.on.so.as.to.cause.to.V][V→V]-te[to.act.on.so.as.to.cause.to.V][V→V][V][Sbrd][2Sg]
aghuliilluten	aghula-~i[SBJ.V-ed.something][V→V]-~i[SBJ.V-ed.something][V→V]-~i[SBJ.V-ed.something][V→V]-~i[SBJ.V-ed.something][V→V]-~:(u)te[SBJ.V-ed.something][V→V]-te[to.act.on.so.as.to.cause.to.V][V→V]-te[to.act.on.so.as.to.cause.to.V][V→V][V][Sbrd][2Sg]
aghuliilluten	aghula-~i[SBJ.V-ed.something][V→V]-~i[SBJ.V-ed.something][V→V]-~i[SBJ.V-ed.something][V→V]-~i[SBJ.V-ed.something][V→V]-~:(u)te[SBJ.V-ed.something][V→V]-te[to.act.on.so.as.to.cause.to.V][V→V][V][Sbrd][2Sg]
aghuliilluten	aghula-~i[SBJ.V-ed.something][V→V]-~i[SBJ.V-ed.something][V→V]-~i[SBJ.V-ed.something][V→V]-te[to.act.on.so.as.to.cause.to.V][V→V]-te[to.act.on.so.as.to.cause.to.V][V→V]-te[to.act.on.so.as.to.cause.to.V][V→V]-te[to.act.on.so.as.to.cause.to.V][V→V][V][Sbrd][2Sg]
aghuliilluten	aghula-~i[SBJ.V-ed.something][V→V]-~i[SBJ.V-ed.something][V→V]-~i[SBJ.V-ed.something][V→V]-te[to.act.on.so.as.to.cause.to.V][V→V]-te[to.act.on.so.as.to.cause.to.V][V→V]-te[to.act.on.so.as.to.cause.to.V][V→V][V][Sbrd][2Sg]
aghuliilluten	aghula-~i[SBJ.V-ed.something][V→V]-~i[SBJ.V-ed.something][V→V]-~i[SBJ.V-ed.something][V→V]-te[to.act.on.so.as.to.cause.to.V][V→V]-te[to.act.on.so.as.to.cause.to.V][V→V][V][Sbrd][2Sg]
aghuliilluten	aghula-~i[SBJ.V-ed.something][V→V]-~i[SBJ.V-ed.something][V→V]-~i[SBJ.V-ed.something][V→V]-te[to.act.on.so.as.to.cause.to.V][V→V][V][Sbrd][2Sg]
aghuliilluten	aghula-~i[SBJ.V-ed.something][V→V]-~i[SBJ.V-ed.something][V→V]-~i[SBJ.V-ed.something][V→V]-~:(u)te[to.V.for.or.with][to.cause.to.V.as.one.is.V-ing][to.V.toward.each.other][V→V]-te[to.act.on.so.as.to.cause.to.V][V→V]-te[to.act.on.so.as.to.cause.to.V][V→V]-te[to.act.on.so.as.to.cause.to.V][V→V]-te[to.act.on.so.as.to.cause.to.V][V→V][V][Sbrd][2Sg]
aghuliilluten	aghula-~i[SBJ.V-ed.something][V→V]-~i[SBJ.V-ed.something][V→V]-~i[SBJ.V-ed.something][V→V]-~:(u)te[to.V.for.or.with][to.cause.to.V.as.one.is.V-ing][to.V.toward.each.other][V→V]-te[to.act.on.so.as.to.cause.to.V][V→V]-te[to.act.on.so.as.to.cause.to.V][V→V]-te[to.act.on.so.as.to.cause.to.V][V→V][V][Sbrd][2Sg]
aghuliilluten	aghula-~i[SBJ.V-ed.something][V→V]-~i[SBJ.V-ed.something][V→V]-~i[SBJ.V-ed.something][V→V]-~:(u)te[to.V.for.or.with][to.cause.to.V.as.one.is.V-ing][to.V.toward.each.other][V→V]-te[to.act.on.so.as.to.cause.to.V][V→V]-te[to.act.on.so.as.to.cause.to.V][V→V][V][Sbrd][2Sg]
aghuliilluten	aghula-~i[SBJ.V-ed.something][V→V]-~i[SBJ.V-ed.something][V→V]-~i[SBJ.V-ed.something][V→V]-~:(u)te[to.V.for.or.with][to.cause.to.V.as.one.is.V-ing][to.V.toward.each.other][V→V]-te[to.act.on.so.as.to.cause.to.V][V→V][V][Sbrd][2Sg]
aghuliilluten	aghula-~i[SBJ.V-ed.something][V→V]-~i[SBJ.V-ed.something][V→V]-~i[SBJ.V-ed.something][V→V]-~:(u)te[condition.with.respect.to.V-ing][V→N]-te[to.catch.N][to.go.to.N][N→V]-te[to.act.on.so.as.to.cause.to.V][V→V]-te[to.act.on.so.as.to.cause.to.V][V→V]-te[to.act.on.so.as.to.cause.to.V][V→V][V][Sbrd][2Sg]
aghuliilluten	aghula-~i[SBJ.V-ed.something][V→V]-~i[SBJ.V-ed.something][V→V]-~i[SBJ.V-ed.something][V→V]-~:(u)te[condition.with.respect.to.V-ing][V→N]-te[to.catch.N][to.go.to.N][N→V]-te[to.act.on.so.as.to.cause.to.V][V→V]-te[to.act.on.so.as.to.cause.to.V][V→V][V][Sbrd][2Sg]
aghuliilluten	aghula-~i[SBJ.V-ed.something][V→V]-~i[SBJ.V-ed.something][V→V]-~i[SBJ.V-ed.something][V→V]-~:(u)te[condition.with.respect.to.V-ing][V→N]-te[to.catch.N][to.go.to.N][N→V]-te[to.act.on.so.as.to.cause.to.V][V→V][V][Sbrd][2Sg]
aghuliilluten	aghula-~i[SBJ.V-ed.something][V→V]-~i[SBJ.V-ed.something][V→V]-~i[SBJ.V-ed.something][V→V]-~:(u)te[condition.with.respect.to.V-ing][V→N]-te[to.catch.N][to.go.to.N][N→V][V][Sbrd][2Sg]
aghuliilluten	aghula-~i[SBJ.V-ed.something][V→V]-~i[SBJ.V-ed.something][V→V]-~i[SBJ.V-ed.something][V→V]-~:(u)te[SBJ.V-ed.something][V→V]-te[to.act.on.so.as.to.cause.to.V][V→V]-te[to.act.on.so.as.to.cause.to.V][V→V]-te[to.act.on.so.as.to.cause.to.V][V→V]-te[to.act.on.so.as.to.cause.to.V][V→V][V][Sbrd][2Sg]
aghuliilluten	aghula-~i[SBJ.V-ed.something][V→V]-~i[SBJ.V-ed.something][V→V]-~i[SBJ.V-ed.something][V→V]-~:(u)te[SBJ.V-ed.something][V→V]-te[to.act.on.so.as.to.cause.to.V][V→V]-te[to.act.on.so.as.to.cause.to.V][V→V]-te[to.act.on.so.as.to.cause.to.V][V→V][V][Sbrd][2Sg]
aghuliilluten	aghula-~i[SBJ.V-ed.something][V→V]-~i[SBJ.V-ed.something][V→V]-~i[SBJ.V-ed.something][V→V]-~:(u)te[SBJ.V-ed.something][V→V]-te[to.act.on.so.as.to.cause.to.V][V→V]-te[to.act.on.so.as.to.cause.to.V][V→V][V][Sbrd][2Sg]
aghuliilluten	aghula-~i[SBJ.V-ed.something][V→V]-~i[SBJ.V-ed.something][V→V]-~i[SBJ.V-ed.something][V→V]-~:(u)te[SBJ.V-ed.something][V→V]-te[to.act.on.so.as.to.cause.to.V][V→V][V][Sbrd][2Sg]
aghuliilluten	aghula-~i[SBJ.V-ed.something][V→V]-~i[SBJ.V-ed.something][V→V]-te[to.act.on.so.as.to.cause.to.V][V→V]-te[to.act.on.so.as.to.cause.to.V][V→V]-te[to.act.on.so.as.to.cause.to.V][V→V][V][Sbrd][2Sg]
aghuliilluten	aghula-~i[SBJ.V-ed.something][V→V]-~i[SBJ.V-ed.something][V→V]-te[to.act.on.so.as.to.cause.to.V][V→V]-te[to.act.on.so.as.to.cause.to.V][V→V][V][Sbrd][2Sg]
aghuliilluten	aghula-~i[SBJ.V-ed.something][V→V]-~i[SBJ.V-ed.something][V→V]-te[to.act.on.so.as.to.cause.to.V][V→V][V][Sbrd][2Sg]
aghuliilluten	aghula-~i[SBJ.V-ed.something][V→V]-~i[SBJ.V-ed.something][V→V]-~:(u)te[to.V.for.or.with][to.cause.to.V.as.one.is.V-ing][to.V.toward.each.other][V→V]-te[to.act.on.so.as.to.cause.to.V][V→V]-te[to.act.on.so.as.to.cause.to.V][V→V]-te[to.act.on.so.as.to.cause.to.V][V→V][V][Sbrd][2Sg]
aghuliilluten	aghula-~i[SBJ.V-ed.something][V→V]-~i[SBJ.V-ed.something][V→V]-~:(u)te[to.V.for.or.with][to.cause.to.V.as.one.is.V-ing][to.V.toward.each.other][V→V]-te[to.act.on.so.as.to.cause.to.V][V→V]-te[to.act.on.so.as.to.cause.to.V][V→V][V][Sbrd][2Sg]
aghuliilluten	aghula-~i[SBJ.V-ed.something][V→V]-~i[SBJ.V-ed.something][V→V]-~:(u)te[to.V.for.or.with][to.cause.to.V.as.one.is.V-ing][to.V.toward.each.other][V→V]-te[to.act.on.so.as.to.cause.to.V][V→V][V][Sbrd][2Sg]
aghuliilluten	aghula-~i[SBJ.V-ed.something][V→V]-~i[SBJ.V-ed.something][V→V]-~:(u)te[condition.with.respect.to.V-ing][V→N]-te[to.catch.N][to.go.to.N][N→V]-te[to.act.on.so.as.to.cause.to.V][V→V]-te[to.act.on.so.as.to.cause.to.V][V→V][V][Sbrd][2Sg]
aghuliilluten	aghula-~i[SBJ.V-ed.something][V→V]-~i[SBJ.V-ed.something][V→V]-~:(u)te[condition.with.respect.to.V-ing][V→N]-te[to.catch.N][to.go.to.N][N→V]-te[to.act.on.so.as.to.cause.to.V][V→V][V][Sbrd][2Sg]
aghuliilluten	aghula-~i[SBJ.V-ed.something][V→V]-~i[SBJ.V-ed.something][V→V]-~:(u)te[condition.with.respect.to.V-ing][V→N]-te[to.catch.N][to.go.to.N][N→V][V][Sbrd][2Sg]
aghuliilluten	aghula-~i[SBJ.V-ed.something][V→V]-~i[SBJ.V-ed.something][V→V]-~:(u)te[SBJ.V-ed.something][V→V]-te[to.act.on.so.as.to.cause.to.V][V→V]-te[to.act.on.so.as.to.cause.to.V][V→V]-te[to.act.on.so.as.to.cause.to.V][V→V][V][Sbrd][2Sg]
aghuliilluten	aghula-~i[SBJ.V-ed.something][V→V]-~i[SBJ.V-ed.something][V→V]-~:(u)te[SBJ.V-ed.something][V→V]-te[to.act.on.so.as.to.cause.to.V][V→V]-te[to.act.on.so.as.to.cause.to.V][V→V][V][Sbrd][2Sg]
aghuliilluten	aghula-~i[SBJ.V-ed.something][V→V]-~i[SBJ.V-ed.something][V→V]-~:(u)te[SBJ.V-ed.something][V→V]-te[to.act.on.so.as.to.cause.to.V][V→V][V][Sbrd][2Sg]
aghuliilluten	aghula-~i[SBJ.V-ed.something][V→V]-te[to.act.on.so.as.to.cause.to.V][V→V]-te[to.act.on.so.as.to.cause.to.V][V→V][V][Sbrd][2Sg]
aghuliilluten	aghula-~i[SBJ.V-ed.something][V→V]-te[to.act.on.so.as.to.cause.to.V][V→V][V][Sbrd][2Sg]
aghuliilluten	aghula-~i[SBJ.V-ed.something][V→V]-~:(u)te[to.V.for.or.with][to.cause.to.V.as.one.is.V-ing][to.V.toward.each.other][V→V]-te[to.act.on.so.as.to.cause.to.V][V→V]-te[to.act.on.so.as.to.cause.to.V][V→V][V][Sbrd][2Sg]
aghuliilluten	aghula-~i[SBJ.V-ed.something][V→V]-~:(u)te[to.V.for.or.with][to.cause.to.V.as.one.is.V-ing][to.V.toward.each.other][V→V]-te[to.act.on.so.as.to.cause.to.V][V→V][V][Sbrd][2Sg]
aghuliilluten	aghula-~i[SBJ.V-ed.something][V→V]-~:(u)te[condition.with.respect.to.V-ing][V→N]-te[to.catch.N][to.go.to.N][N→V]-te[to.act.on.so.as.to.cause.to.V][V→V][V][Sbrd][2Sg]
aghuliilluten	aghula-~i[SBJ.V-ed.something][V→V]-~:(u)te[condition.with.respect.to.V-ing][V→N]-te[to.catch.N][to.go.to.N][N→V][V][Sbrd][2Sg]
aghuliilluten	aghula-~i[SBJ.V-ed.something][V→V]-~:(u)te[SBJ.V-ed.something][V→V]-te[to.act.on.so.as.to.cause.to.V][V→V]-te[to.act.on.so.as.to.cause.to.V][V→V][V][Sbrd][2Sg]
aghuliilluten	aghula-~i[SBJ.V-ed.something][V→V]-~:(u)te[SBJ.V-ed.something][V→V]-te[to.act.on.so.as.to.cause.to.V][V→V][V][Sbrd][2Sg]

qenwat	qenwat

naafqestan	naafqe-(te)ste[to.have.make.or.let.one.V][Cmpd_Vbl][V][Ind][2Sg][3Sg]

igaqralqa	+?

------------------------


------------------------
Taawanguq meteghllugllak qapragllak qalghiqaqumaghmi nalughqutaghllak tamaani.

taawanguq	+?

meteghllugllak	meteghllug-–ghllag[big.N][N→N][N][Abs][Unpd][Sg]

qapragllak	qaprag-–ghllak[big.N][AUG]

qalghiqaqumaghmi	+?

nalughqutaghllak	+?

tamaani	+?

------------------------
Qenwatlunguq anipaghlagem ugumiyagulluku igaasitamineng meteghllugllak kuuveghllagumakanga.

qenwatlunguq	+?

anipaghlagem	+?

ugumiyagulluku	+?

igaasitamineng	+?

meteghllugllak	meteghllug-–ghllag[big.N][N→N][N][Abs][Unpd][Sg]

kuuveghllagumakanga	+?

------------------------
Aganguq qalghighrugumaghmi tengqaghtuq, "Qghwaaq, qghwaaq, qghwaaq!"

aganguq	+?

qalghighrugumaghmi	+?

tengqaghtuq	+?

qghwaaq	+?

qghwaaq	+?

qghwaaq	+?

------------------------


------------------------
Taagkennguq ima meteghllugwet tagneghtekaaftut.

taagkennguq	+?

ima	ima

meteghllugwet	+?

tagneghtekaaftut	+?

------------------------
Enkaamnguq allamengllu ilakunnaniimaftunnguq.

enkaamnguq	+?

allamengllu	alla[N][Rel][4DuPoss][SgPosd]-llu[Encl]
allamengllu	alla[N][Rel][4DuPoss][PlPosd]-llu[Encl]
allamengllu	alla[N][Rel][4PlPoss][SgPosd]-llu[Encl]
allamengllu	alla[N][Rel][4PlPoss][PlPosd]-llu[Encl]
allamengllu	alla[N][Abl_Mod][Unpd][Sg]-llu[Encl]

ilakunnaniimaftunnguq	+?

------------------------
