Kukulegmiit 

kukulegmiit	+?

------------------------
Penapagem Apellgha 

penapagem	+?

apellgha	+?

------------------------


------------------------
Tawaten nagatellemtun Ugwetelemeng apangiighhammneng apeghnaqaqa.

tawaten	tawaten

nagatellemtun	+?

ugwetelemeng	+?

apangiighhammneng	+?

apeghnaqaqa	+?

------------------------
Ungipamsugutaqegkanginkut, Kukulegmiit pelungighllagennguq elngaatall iqanginnaqneghllaget, aatkaqegllaget, igaqraghllak sangat tamaghhaghmi ayuqelghii.

ungipamsugutaqegkanginkut	+?

kukulegmiit	+?

pelungighllagennguq	+?

elngaatall	elngaatall

iqanginnaqneghllaget	+?

aatkaqegllaget	+?

igaqraghllak	+?

sangat	sa[N][Abs][3PlPoss][SgPosd]
sangat	sangagh[N][Abs][Unpd][Pl]
sangat	sangagh[N][Rel][Unpd][Pl]

tamaghhaghmi	tamaghhagh*[Quant_Qual][4Sg]

ayuqelghii	+?

------------------------
Entaqun ataasiighneghunaqeghllaget ipapighqengnganaqeghllaget samun tamaghhaanun.

entaqun	entaqun

ataasiighneghunaqeghllaget	+?

ipapighqengnganaqeghllaget	+?

samun	sa[N][Ter][Unpd][Sg]

tamaghhaanun	+?

------------------------


------------------------
Saghllakannguq tagtalmi.

saghllakannguq	+?

tagtalmi	+?

------------------------
Elngaatall amyuqetaghsighwaaghllagem kaatkii, entaqun nanghiiqullghem saam kaateghllakii maatenguyaqan sumeghtaghalleq.

elngaatall	elngaatall

amyuqetaghsighwaaghllagem	+?

kaatkii	kaate-@₂~fkau[to.have.V-ed][to.have.been.V-ed][V→V]-~i[SBJ.V-ed.something][V→V]-~i[SBJ.V-ed.something][V→V]-~i[SBJ.V-ed.something][V→V]-~i[SBJ.V-ed.something][V→V]-~i[SBJ.V-ed.something][V→V][V][Opt][PRS][2Sg]
kaatkii	kaate-@₂~fkau[to.have.V-ed][to.have.been.V-ed][V→V]-~i[SBJ.V-ed.something][V→V]-~i[SBJ.V-ed.something][V→V]-~i[SBJ.V-ed.something][V→V]-~i[SBJ.V-ed.something][V→V][V][Opt][PRS][2Sg]
kaatkii	kaate-@₂~fkau[to.have.V-ed][to.have.been.V-ed][V→V]-~i[SBJ.V-ed.something][V→V]-~i[SBJ.V-ed.something][V→V]-~i[SBJ.V-ed.something][V→V][V][Opt][PRS][2Sg]
kaatkii	kaate-@₂~fkau[to.have.V-ed][to.have.been.V-ed][V→V]-~i[SBJ.V-ed.something][V→V]-~i[SBJ.V-ed.something][V→V][V][Opt][PRS][2Sg]
kaatkii	kaate-@₂~fkau[to.have.V-ed][to.have.been.V-ed][V→V]-~i[SBJ.V-ed.something][V→V][V][Opt][PRS][2Sg]

entaqun	entaqun

nanghiiqullghem	+?

saam	+?

kaateghllakii	+?

maatenguyaqan	+?

sumeghtaghalleq	+?

------------------------
Tawaten ukut kiyaghtaaghet uum nunam pingan puughteghllakaqegkangi sivukluki.

tawaten	tawaten

ukut	ukut

kiyaghtaaghet	kiyaghte-~faaghet[one.who.keeps.on.V-ing][AUG]

uum	+?

nunam	nuna[N][Rel][Unpd][Sg]

pingan	pi[N][Rel][3SgPoss][SgPosd]
pingan	pi[N][Rel][3SgPoss][PlPosd]
pingan	pi[V][CnsqI][3Sg]

puughteghllakaqegkangi	+?

sivukluki	+?

------------------------


------------------------
Legannguq piyaaluteng un'gani ayveghet unguviita mangunangitneng ikulluteng, legan amyuqetiqeghllakat.

legannguq	+?

piyaaluteng	piyaa-~:(u)te[to.V.for.or.with][to.cause.to.V.as.one.is.V-ing][to.V.toward.each.other][V→V][V][Sbrd][3Pl]
piyaaluteng	piyaa-~:(u)te[SBJ.V-ed.something][V→V][V][Sbrd][3Pl]
piyaaluteng	piyaa[V][Sbrd][3Pl]

ungani	+?

ayveghet	ayvegh[N][Abs][Unpd][Pl]
ayveghet	ayvegh[N][Rel][Unpd][Pl]

unguviita	+?

mangunangitneng	+?

ikulluteng	+?

legan	legan

amyuqetiqeghllakat	+?

------------------------
Piiqelghii whaten Ugwetelen, "Imatuqlu talwa ayveghhiinaat pikaqatki, awiimnguq teghikusaq qamagluku seghletun tawaten amyuutkegkaqegkangat." 

piiqelghii	pi-~(g₁)aqe[to.be.V.ing][to.regularly.or.repeatedly.V][V→V]-@₁–lghii[the.one.that.V-ed][the.one.that.is.V][V→N][N][Abs][Unpd][Sg]
piiqelghii	pi-~(g₁)aqe[to.be.V.ing][to.regularly.or.repeatedly.V][V→V][V][Ptcp][3Sg]

whaten	+?

ugwetelen	+?

imatuqlu	+?

talwa	+?

ayveghhiinaat	ayvegh-–ghhagh*[dear.N][N→N]-~:(ng₁)u[to.be.N][N→V]-~i[SBJ.V-ed.something][V→V]-~i[SBJ.V-ed.something][V→V]-~i[SBJ.V-ed.something][V→V]-@₁~fna[in.order.to.V][intending.to.V][V→V][V][Intrg][3Pl]
ayveghhiinaat	ayvegh-–ghhagh*[dear.N][N→N]-~:(ng₁)u[to.be.N][N→V]-~i[SBJ.V-ed.something][V→V]-~i[SBJ.V-ed.something][V→V]-@₁~fna[in.order.to.V][intending.to.V][V→V][V][Intrg][3Pl]
ayveghhiinaat	ayvegh-–ghhagh*[dear.N][N→N]-~:(ng₁)u[to.be.N][N→V]-~i[SBJ.V-ed.something][V→V]-~i[SBJ.V-ed.something][V→V]-@₁~fna[in.order.to.V][intending.to.V][V→V][V][Ind][3Pl]
ayveghhiinaat	ayvegh-–ghhagh*[dear.N][N→N]-~:(ng₁)u[to.be.N][N→V]-~i[SBJ.V-ed.something][V→V]-~i[SBJ.V-ed.something][V→V]-~:(u)te[to.V.for.or.with][to.cause.to.V.as.one.is.V-ing][to.V.toward.each.other][V→V]-@₁~fna[in.order.to.V][intending.to.V][V→V][V][Intrg][3Pl]
ayveghhiinaat	ayvegh-–ghhagh*[dear.N][N→N]-~:(ng₁)u[to.be.N][N→V]-~i[SBJ.V-ed.something][V→V]-~i[SBJ.V-ed.something][V→V]-~:(u)te[SBJ.V-ed.something][V→V]-@₁~fna[in.order.to.V][intending.to.V][V→V][V][Intrg][3Pl]
ayveghhiinaat	ayvegh-–ghhagh*[dear.N][N→N]-~:(ng₁)u[to.be.N][N→V]-~i[SBJ.V-ed.something][V→V]-@₁~fna[in.order.to.V][intending.to.V][V→V][V][Intrg][3Pl]
ayveghhiinaat	ayvegh-–ghhagh*[dear.N][N→N]-~:(ng₁)u[to.be.N][N→V]-~i[SBJ.V-ed.something][V→V]-@₁~fna[in.order.to.V][intending.to.V][V→V][V][Ind][3Pl]
ayveghhiinaat	ayvegh-–ghhagh*[dear.N][N→N]-~:(ng₁)u[to.be.N][N→V]-~i[SBJ.V-ed.something][V→V]-~:(u)te[to.V.for.or.with][to.cause.to.V.as.one.is.V-ing][to.V.toward.each.other][V→V]-@₁~fna[in.order.to.V][intending.to.V][V→V][V][Intrg][3Pl]
ayveghhiinaat	ayvegh-–ghhagh*[dear.N][N→N]-~:(ng₁)u[to.be.N][N→V]-~i[SBJ.V-ed.something][V→V]-~:(u)te[to.V.for.or.with][to.cause.to.V.as.one.is.V-ing][to.V.toward.each.other][V→V]-@₁~fna[in.order.to.V][intending.to.V][V→V][V][Ind][3Pl]
ayveghhiinaat	ayvegh-–ghhagh*[dear.N][N→N]-~:(ng₁)u[to.be.N][N→V]-~i[SBJ.V-ed.something][V→V]-~:(u)te[SBJ.V-ed.something][V→V]-@₁~fna[in.order.to.V][intending.to.V][V→V][V][Intrg][3Pl]
ayveghhiinaat	ayvegh-–ghhagh*[dear.N][N→N]-~:(ng₁)u[to.be.N][N→V]-~i[SBJ.V-ed.something][V→V]-~:(u)te[SBJ.V-ed.something][V→V]-@₁~fna[in.order.to.V][intending.to.V][V→V][V][Ind][3Pl]

pikaqatki	+?

awiimnguq	+?

teghikusaq	teghikusagh[N][Abs][Unpd][Sg]

qamagluku	+?

seghletun	+?

tawaten	tawaten

amyuutkegkaqegkangat	+?

------------------------


------------------------
Tuqutegpenaki ikutaqluteng legan.

tuqutegpenaki	tuqute-@₁–nghite**[to.not.V][V→V][V][Sbrd][1Du][3Pl]
tuqutegpenaki	tuqute-@₁–nghite**[to.not.V][V→V][V][Sbrd][1Pl][3Pl]
tuqutegpenaki	tuqute-@₁–nghite**[to.not.V][V→V][V][Sbrd][1Sg][3Pl]
tuqutegpenaki	tuqute-@₁–nghite**[to.not.V][V→V][V][Sbrd][2Du][3Pl]
tuqutegpenaki	tuqute-@₁–nghite**[to.not.V][V→V][V][Sbrd][2Pl][3Pl]
tuqutegpenaki	tuqute-@₁–nghite**[to.not.V][V→V][V][Sbrd][2Sg][3Pl]
tuqutegpenaki	tuqute-@₁–nghite**[to.not.V][V→V][V][Sbrd][3Du][3Pl]
tuqutegpenaki	tuqute-@₁–nghite**[to.not.V][V→V][V][Sbrd][3Pl][3Pl]
tuqutegpenaki	tuqute-@₁–nghite**[to.not.V][V→V][V][Sbrd][3Sg][3Pl]

ikutaqluteng	+?

legan	legan

------------------------
Entaqun tawaten teghignangutkii elngaatall.

entaqun	entaqun

tawaten	tawaten

teghignangutkii	+?

elngaatall	elngaatall

------------------------
Legan tawaten unguvalngughmeng whaa ikutaqluteng gaaghyaghqameng, neghyaghqameng.

legan	legan

tawaten	tawaten

unguvalngughmeng	+?

whaa	+?

ikutaqluteng	+?

gaaghyaghqameng	+?

neghyaghqameng	+?

------------------------


------------------------
Tagtalmi yuuk ataasiq saghllakaq elngaatall.

tagtalmi	+?

yuuk	yug[N][Abs][Sg]

ataasiq	+?

saghllakaq	+?

elngaatall	elngaatall

------------------------
Entaqun kevgaakaalghii yuuk taana.

entaqun	entaqun

kevgaakaalghii	+?

yuuk	yug[N][Abs][Sg]

taana	taana

------------------------
Saam kaatkaqegkanga, nunalgutni elngaatall aatkanglaatesqegkii pinighsapiglluku, pelungighsaannaqniluteng pikaqegkangi.

saam	+?

kaatkaqegkanga	kaate-@₂~fkaq[one.that.has.V-ed][V→N]-~–ke[to.have.as.one's.N(s)][N→V]-@*@₂~sf–(g₂)k(a)e[the.one.that.possessor.V-ed][V→N][N][Abs][3SgPoss][SgPosd]

nunalgutni	nuna-–leg[one.having.N][N→N]-~:(ng₁)u[to.be.N][N→V]-~:(u)te[to.V.for.or.with][to.cause.to.V.as.one.is.V-ing][to.V.toward.each.other][V→V]-te[to.act.on.so.as.to.cause.to.V][V→V]-te[to.act.on.so.as.to.cause.to.V][V→V]-te[to.act.on.so.as.to.cause.to.V][V→V]-te[to.act.on.so.as.to.cause.to.V][V→V]-@₁~fni[to.say.that.one.is.V-ing][Cmpd_Vbl][V][Opt][PRS][2Sg]
nunalgutni	nuna-–leg[one.having.N][N→N]-~:(ng₁)u[to.be.N][N→V]-~:(u)te[condition.with.respect.to.V-ing][V→N]-te[to.catch.N][to.go.to.N][N→V]-te[to.act.on.so.as.to.cause.to.V][V→V]-te[to.act.on.so.as.to.cause.to.V][V→V]-te[to.act.on.so.as.to.cause.to.V][V→V]-@₁~fni[to.say.that.one.is.V-ing][Cmpd_Vbl][V][Opt][PRS][2Sg]
nunalgutni	nuna-–leg[one.having.N][N→N]-~:(ng₁)u[to.be.N][N→V]-~:(u)te[condition.with.respect.to.V-ing][V→N][N][Loc][Unpd][Pl]
nunalgutni	nuna-–leg[one.having.N][N→N]-~:(ng₁)u[to.be.N][N→V]-~:(u)te[SBJ.V-ed.something][V→V]-te[to.act.on.so.as.to.cause.to.V][V→V]-te[to.act.on.so.as.to.cause.to.V][V→V]-te[to.act.on.so.as.to.cause.to.V][V→V]-te[to.act.on.so.as.to.cause.to.V][V→V]-@₁~fni[to.say.that.one.is.V-ing][Cmpd_Vbl][V][Opt][PRS][2Sg]
nunalgutni	nuna-–leg[one.having.N][N→N]-~:(ng₁)u[to.be.N][N→V]-te[to.act.on.so.as.to.cause.to.V][V→V]-te[to.act.on.so.as.to.cause.to.V][V→V]-te[to.act.on.so.as.to.cause.to.V][V→V]-te[to.act.on.so.as.to.cause.to.V][V→V]-@₁~fni[to.say.that.one.is.V-ing][Cmpd_Vbl][V][Opt][PRS][2Sg]
nunalgutni	nuna-–lgu[to.have.N][N→V]-~:(u)te[to.V.for.or.with][to.cause.to.V.as.one.is.V-ing][to.V.toward.each.other][V→V]-te[to.act.on.so.as.to.cause.to.V][V→V]-te[to.act.on.so.as.to.cause.to.V][V→V]-te[to.act.on.so.as.to.cause.to.V][V→V]-@₁~fni[to.say.that.one.is.V-ing][Cmpd_Vbl][V][Opt][PRS][2Sg]
nunalgutni	nuna-–lgu[to.have.N][N→V]-~:(u)te[condition.with.respect.to.V-ing][V→N]-te[to.catch.N][to.go.to.N][N→V]-te[to.act.on.so.as.to.cause.to.V][V→V]-te[to.act.on.so.as.to.cause.to.V][V→V]-@₁~fni[to.say.that.one.is.V-ing][Cmpd_Vbl][V][Opt][PRS][2Sg]
nunalgutni	nuna-–lgu[to.have.N][N→V]-~:(u)te[condition.with.respect.to.V-ing][V→N][N][Loc][Unpd][Pl]
nunalgutni	nuna-–lgu[to.have.N][N→V]-~:(u)te[SBJ.V-ed.something][V→V]-te[to.act.on.so.as.to.cause.to.V][V→V]-te[to.act.on.so.as.to.cause.to.V][V→V]-te[to.act.on.so.as.to.cause.to.V][V→V]-@₁~fni[to.say.that.one.is.V-ing][Cmpd_Vbl][V][Opt][PRS][2Sg]
nunalgutni	nuna-–lgu[to.have.N][N→V]-te[to.act.on.so.as.to.cause.to.V][V→V]-te[to.act.on.so.as.to.cause.to.V][V→V]-te[to.act.on.so.as.to.cause.to.V][V→V]-@₁~fni[to.say.that.one.is.V-ing][Cmpd_Vbl][V][Opt][PRS][2Sg]

elngaatall	elngaatall

aatkanglaatesqegkii	+?

pinighsapiglluku	pinighsagh-–pigte[to.be.very.V][to.V.very.much][V→V]-te[to.act.on.so.as.to.cause.to.V][V→V][V][Sbrd][1Du][3Sg]
pinighsapiglluku	pinighsagh-–pigte[to.be.very.V][to.V.very.much][V→V]-te[to.act.on.so.as.to.cause.to.V][V→V][V][Sbrd][1Pl][3Sg]
pinighsapiglluku	pinighsagh-–pigte[to.be.very.V][to.V.very.much][V→V]-te[to.act.on.so.as.to.cause.to.V][V→V][V][Sbrd][1Sg][3Sg]
pinighsapiglluku	pinighsagh-–pigte[to.be.very.V][to.V.very.much][V→V]-te[to.act.on.so.as.to.cause.to.V][V→V][V][Sbrd][2Du][3Sg]
pinighsapiglluku	pinighsagh-–pigte[to.be.very.V][to.V.very.much][V→V]-te[to.act.on.so.as.to.cause.to.V][V→V][V][Sbrd][2Pl][3Sg]
pinighsapiglluku	pinighsagh-–pigte[to.be.very.V][to.V.very.much][V→V]-te[to.act.on.so.as.to.cause.to.V][V→V][V][Sbrd][2Sg][3Sg]
pinighsapiglluku	pinighsagh-–pigte[to.be.very.V][to.V.very.much][V→V]-te[to.act.on.so.as.to.cause.to.V][V→V][V][Sbrd][3Du][3Sg]
pinighsapiglluku	pinighsagh-–pigte[to.be.very.V][to.V.very.much][V→V]-te[to.act.on.so.as.to.cause.to.V][V→V][V][Sbrd][3Pl][3Sg]
pinighsapiglluku	pinighsagh-–pigte[to.be.very.V][to.V.very.much][V→V]-te[to.act.on.so.as.to.cause.to.V][V→V][V][Sbrd][3Sg][3Sg]

pelungighsaannaqniluteng	+?

pikaqegkangi	pi-~sf–(g₃)kaq[one.that.has.V-ed][V→N]-~–ke[to.have.as.one's.N(s)][N→V]-@*@₂~sf–(g₂)k(a)e[the.one.that.possessor.V-ed][V→N][N][Abs][3SgPoss][PlPosd]
pikaqegkangi	pi-~–ke[to.have.as.one's.N(s)][N→V]-~(g₁)aqe[to.be.V.ing][to.regularly.or.repeatedly.V][V→V]-@*@₂~sf–(g₂)k(a)e[the.one.that.possessor.V-ed][V→N][N][Abs][3SgPoss][PlPosd]
pikaqegkangi	pi-@₂~fkaq[one.that.has.V-ed][V→N]-~–ke[to.have.as.one's.N(s)][N→V]-@*@₂~sf–(g₂)k(a)e[the.one.that.possessor.V-ed][V→N][N][Abs][3SgPoss][PlPosd]

------------------------


------------------------
Aghnaq kakitkaq elngaatall.

aghnaq	aghnagh[N][Abs][Unpd][Sg]

kakitkaq	kaki-~:(u)te[to.V.for.or.with][to.cause.to.V.as.one.is.V-ing][to.V.toward.each.other][V→V]-@₂~fkaq[one.that.has.V-ed][V→N][N][Abs][Unpd][Sg]
kakitkaq	kaki-~:(u)te[SBJ.V-ed.something][V→V]-@₂~fkaq[one.that.has.V-ed][V→N][N][Abs][Unpd][Sg]
kakitkaq	kaki-te[to.act.on.so.as.to.cause.to.V][V→V]-@₂~fkaq[one.that.has.V-ed][V→N][N][Abs][Unpd][Sg]

elngaatall	elngaatall

------------------------
Aarraatkaq igaqraghllagmeng tawaten pinighrakegtepiglluku ulimalluteng.

aarraatkaq	+?

igaqraghllagmeng	+?

tawaten	tawaten

pinighrakegtepiglluku	+?

ulimalluteng	ulima-te[to.act.on.so.as.to.cause.to.V][V→V][V][Sbrd][3Pl]
ulimalluteng	ulima-~:(u)te[to.V.for.or.with][to.cause.to.V.as.one.is.V-ing][to.V.toward.each.other][V→V]-te[to.act.on.so.as.to.cause.to.V][V→V][V][Sbrd][3Pl]
ulimalluteng	ulima-~:(u)te[condition.with.respect.to.V-ing][V→N]-te[to.catch.N][to.go.to.N][N→V][V][Sbrd][3Pl]
ulimalluteng	ulima-~:(u)te[SBJ.V-ed.something][V→V]-te[to.act.on.so.as.to.cause.to.V][V→V][V][Sbrd][3Pl]

------------------------


------------------------
Entaqun apeghiighyaqmegteggu tamaana qelghutellgha, entaqun tamaananginaq pigpenaan mangteghaqulluki sagnellghaqulluki ukmangightestekii yugwem taam.

entaqun	entaqun

apeghiighyaqmegteggu	+?

tamaana	+?

qelghutellgha	+?

entaqun	entaqun

tamaananginaq	+?

pigpenaan	pi-@₁–nghite**[to.not.V][V→V][V][Sbrd][1Du][3Sg]
pigpenaan	pi-@₁–nghite**[to.not.V][V→V][V][Sbrd][1Pl][3Sg]
pigpenaan	pi-@₁–nghite**[to.not.V][V→V][V][Sbrd][1Sg][3Sg]
pigpenaan	pi-@₁–nghite**[to.not.V][V→V][V][Sbrd][2Du][3Sg]
pigpenaan	pi-@₁–nghite**[to.not.V][V→V][V][Sbrd][2Pl][3Sg]
pigpenaan	pi-@₁–nghite**[to.not.V][V→V][V][Sbrd][2Sg][3Sg]
pigpenaan	pi-@₁–nghite**[to.not.V][V→V][V][Sbrd][3Du][3Sg]
pigpenaan	pi-@₁–nghite**[to.not.V][V→V][V][Sbrd][3Pl][3Sg]
pigpenaan	pi-@₁–nghite**[to.not.V][V→V][V][Sbrd][3Sg][3Sg]

mangteghaqulluki	+?

sagnellghaqulluki	+?

ukmangightestekii	+?

yugwem	+?

taam	+?

------------------------
Yugwem taam pillghatun legan pikat maligtekaat, aligniilnguq yuuk taana entaqun.

yugwem	+?

taam	+?

pillghatun	+?

legan	legan

pikat	+?

maligtekaat	+?

aligniilnguq	+?

yuuk	yug[N][Abs][Sg]

taana	taana

entaqun	entaqun

------------------------


------------------------
Laluramkenun ungipamsukneghminigu prophecy-kaaniiqegkangat yuuk taana.

laluramkenun	Laluramke[N][Ter][Unpd][Pl]

ungipamsukneghminigu	+?

prophecykaaniiqegkangat	+?

yuuk	yug[N][Abs][Sg]

taana	taana

------------------------


------------------------
Tawaten apeghiightuusan, enraqlu tawani ighivgaghmi pilleghqiitni amsanaghllugughtekaq, anuqeqraggangunani, qagiqraggangunani legan meq unegna taghneghaghquutestun qateghllugwem angtalanganeng lliiqaq.

tawaten	tawaten

apeghiightuusan	+?

enraqlu	+?

tawani	tawani

ighivgaghmi	+?

pilleghqiitni	+?

amsanaghllugughtekaq	+?

anuqeqraggangunani	+?

qagiqraggangunani	+?

legan	legan

meq	megh[N][Abs][Unpd][Sg]

unegna	unegna

taghneghaghquutestun	+?

qateghllugwem	+?

angtalanganeng	+?

lliiqaq	lliigh[Imprs_Agnt]-~sf–(g₃)kaq[one.that.has.V-ed][V→N][N][Abs][Unpd][Sg]

------------------------


------------------------
Esnamun atghaghtuutesteghllagluku yuuk elngaatall kumaghtighllagluteng bon fire-eghllakat entaqun.

esnamun	esnagh[N][Ter][Unpd][Sg]

atghaghtuutesteghllagluku	+?

yuuk	yug[N][Abs][Sg]

elngaatall	elngaatall

kumaghtighllagluteng	+?

bon	+?

fireeghllakat	+?

entaqun	entaqun

------------------------
Kumaghtighllagluteng quuk qerngughlluku aarraalluteng tawaten entaqun neqmeng kelqelluteng.

kumaghtighllagluteng	+?

quuk	quug[N][Abs][Unpd][Sg]

qerngughlluku	+?

aarraalluteng	+?

tawaten	tawaten

entaqun	entaqun

neqmeng	neqe[N][Rel][4DuPoss][SgPosd]
neqmeng	neqe[N][Rel][4DuPoss][PlPosd]
neqmeng	neqe[N][Rel][4PlPoss][SgPosd]
neqmeng	neqe[N][Rel][4PlPoss][PlPosd]
neqmeng	neqe[N][Abl_Mod][Unpd][Sg]

kelqelluteng	+?

------------------------


------------------------
Yugwem whalen pikii, "Temngi tawaten aneghhneghitngwaamsi, nuna uukna tagilghii qateghrakegtaq iqangilnguq avangilnguq tuusaghqaqenghilkefut nukegnaghluta." 

yugwem	+?

whalen	+?

pikii	pi-~sf–(g₃)kau[to.have.V-ed][to.have.been.V-ed][V→V]-~i[SBJ.V-ed.something][V→V]-~i[SBJ.V-ed.something][V→V]-~i[SBJ.V-ed.something][V→V]-~i[SBJ.V-ed.something][V→V]-~i[SBJ.V-ed.something][V→V][V][Opt][PRS][2Sg]
pikii	pi-~sf–(g₃)kau[to.have.V-ed][to.have.been.V-ed][V→V]-~i[SBJ.V-ed.something][V→V]-~i[SBJ.V-ed.something][V→V]-~i[SBJ.V-ed.something][V→V]-~i[SBJ.V-ed.something][V→V][V][Opt][PRS][2Sg]
pikii	pi-~sf–(g₃)kau[to.have.V-ed][to.have.been.V-ed][V→V]-~i[SBJ.V-ed.something][V→V]-~i[SBJ.V-ed.something][V→V]-~i[SBJ.V-ed.something][V→V][V][Opt][PRS][2Sg]
pikii	pi-~sf–(g₃)kau[to.have.V-ed][to.have.been.V-ed][V→V]-~i[SBJ.V-ed.something][V→V]-~i[SBJ.V-ed.something][V→V][V][Opt][PRS][2Sg]
pikii	pi-~sf–(g₃)kau[to.have.V-ed][to.have.been.V-ed][V→V]-~i[SBJ.V-ed.something][V→V][V][Opt][PRS][2Sg]
pikii	pi-~–ke[to.have.as.one's.N(s)][N→V]-~i[SBJ.V-ed.something][V→V]-~i[SBJ.V-ed.something][V→V]-~i[SBJ.V-ed.something][V→V]-~i[SBJ.V-ed.something][V→V]-~i[SBJ.V-ed.something][V→V][V][Opt][PRS][2Sg]
pikii	pi-~–ke[to.have.as.one's.N(s)][N→V]-~i[SBJ.V-ed.something][V→V]-~i[SBJ.V-ed.something][V→V]-~i[SBJ.V-ed.something][V→V]-~i[SBJ.V-ed.something][V→V][V][Opt][PRS][2Sg]
pikii	pi-~–ke[to.have.as.one's.N(s)][N→V]-~i[SBJ.V-ed.something][V→V]-~i[SBJ.V-ed.something][V→V]-~i[SBJ.V-ed.something][V→V][V][Opt][PRS][2Sg]
pikii	pi-~–ke[to.have.as.one's.N(s)][N→V]-~i[SBJ.V-ed.something][V→V]-~i[SBJ.V-ed.something][V→V][V][Opt][PRS][2Sg]
pikii	pi-~–ke[to.have.as.one's.N(s)][N→V]-~i[SBJ.V-ed.something][V→V][V][Intrg][3Sg]
pikii	pi-@₂~fkau[to.have.V-ed][to.have.been.V-ed][V→V]-~i[SBJ.V-ed.something][V→V]-~i[SBJ.V-ed.something][V→V]-~i[SBJ.V-ed.something][V→V]-~i[SBJ.V-ed.something][V→V]-~i[SBJ.V-ed.something][V→V][V][Opt][PRS][2Sg]
pikii	pi-@₂~fkau[to.have.V-ed][to.have.been.V-ed][V→V]-~i[SBJ.V-ed.something][V→V]-~i[SBJ.V-ed.something][V→V]-~i[SBJ.V-ed.something][V→V]-~i[SBJ.V-ed.something][V→V][V][Opt][PRS][2Sg]
pikii	pi-@₂~fkau[to.have.V-ed][to.have.been.V-ed][V→V]-~i[SBJ.V-ed.something][V→V]-~i[SBJ.V-ed.something][V→V]-~i[SBJ.V-ed.something][V→V][V][Opt][PRS][2Sg]
pikii	pi-@₂~fkau[to.have.V-ed][to.have.been.V-ed][V→V]-~i[SBJ.V-ed.something][V→V]-~i[SBJ.V-ed.something][V→V][V][Opt][PRS][2Sg]
pikii	pi-@₂~fkau[to.have.V-ed][to.have.been.V-ed][V→V]-~i[SBJ.V-ed.something][V→V][V][Opt][PRS][2Sg]

temngi	+?

tawaten	tawaten

aneghhneghitngwaamsi	+?

nuna	nuna[N][Abs][Unpd][Sg]

uukna	uukna

tagilghii	tagi-@₁–lghii[the.one.that.V-ed][the.one.that.is.V][V→N][N][Abs][Unpd][Sg]
tagilghii	tagi[V][Ptcp][3Sg]

qateghrakegtaq	+?

iqangilnguq	iqa-~:(ng₁)ite**[to.lack.N][to.not.have.N][N→V]-@*ngugh*[the.one.that.V-ed][the.one.that.is.V][V→N][N][Abs][Unpd][Sg]
iqangilnguq	iqa-~:(ng₁)ite**[to.lack.N][to.not.have.N][N→V][V][Ptcp][3Sg]
iqangilnguq	iqa-~:(ng₁)ite**[to.lack.N][to.not.have.N][N→V][V][Ptcp][3Du]

avangilnguq	+?

tuusaghqaqenghilkefut	+?

nukegnaghluta	+?

------------------------
Taana apeghiighutesqelluku pelungighsaatesqelluku.

taana	taana

apeghiighutesqelluku	+?

pelungighsaatesqelluku	+?

------------------------
Esgha legan Bible-et pillghistun pikat.

esgha	+?

legan	legan

bibleet	+?

pillghistun	+?

pikat	+?

------------------------


------------------------
Taghneghaghquqat meghqun uun'ggun, mumigtaqluteng yuvghiiqat.

taghneghaghquqat	+?

meghqun	megh[N][Via][Unpd][Sg]

uunggun	+?

mumigtaqluteng	mumigte-~(g₁)aqe[to.be.V.ing][to.regularly.or.repeatedly.V][V→V]-te[to.act.on.so.as.to.cause.to.V][V→V]-te[to.act.on.so.as.to.cause.to.V][V→V][V][Sbrd][3Pl]
mumigtaqluteng	mumigte-~(g₁)aqe[to.be.V.ing][to.regularly.or.repeatedly.V][V→V]-te[to.act.on.so.as.to.cause.to.V][V→V][V][Sbrd][3Pl]
mumigtaqluteng	mumigte-~(g₁)aqe[to.be.V.ing][to.regularly.or.repeatedly.V][V→V][V][Sbrd][3Pl]

yuvghiiqat	+?

------------------------
Elngaatall pelungighsaqat entaqun seghletun pilleghteng taana qivghukegkaat sakaat apeghraqaat.

elngaatall	elngaatall

pelungighsaqat	+?

entaqun	entaqun

seghletun	+?

pilleghteng	+?

taana	taana

qivghukegkaat	+?

sakaat	+?

apeghraqaat	+?

------------------------
Seghleghqelleghteng, seghleghyukelleghteng aanesquqaat elngaatall.

seghleghqelleghteng	+?

seghleghyukelleghteng	+?

aanesquqaat	+?

elngaatall	elngaatall

------------------------


------------------------
Taghneghaghquqat taan'gavek nunamun.

taghneghaghquqat	+?

taangavek	+?

nunamun	nuna[N][Ter][Unpd][Sg]

------------------------
Piiqegkangi Ugwetelem, "Entaqunnguq seghevuquutkat."

piiqegkangi	pi-~(g₁)aqe[to.be.V.ing][to.regularly.or.repeatedly.V][V→V]-@*@₂~sf–(g₂)k(a)e[the.one.that.possessor.V-ed][V→N][N][Abs][3SgPoss][PlPosd]
piiqegkangi	pi-~(g₁)aqe[to.be.V.ing][to.regularly.or.repeatedly.V][V→V][V][Ptcp][3Sg][3Pl]

ugwetelem	+?

entaqunnguq	+?

seghevuquutkat	+?

------------------------
Piniqelleq ighivgaghmi tawani naalkegkaat.

piniqelleq	+?

ighivgaghmi	+?

tawani	tawani

naalkegkaat	+?

------------------------


------------------------
Iwerngaqunnguq tawaten taakwna nuna yugwem taam atighaqegkanga taakwna nuna tagilghii qateghrakegllak avangilnguq tagneqriilnguq iqangilnguq.

iwerngaqunnguq	+?

tawaten	tawaten

taakwna	taakwna

nuna	nuna[N][Abs][Unpd][Sg]

yugwem	+?

taam	+?

atighaqegkanga	+?

taakwna	taakwna

nuna	nuna[N][Abs][Unpd][Sg]

tagilghii	tagi-@₁–lghii[the.one.that.V-ed][the.one.that.is.V][V→N][N][Abs][Unpd][Sg]
tagilghii	tagi[V][Ptcp][3Sg]

qateghrakegllak	+?

avangilnguq	+?

tagneqriilnguq	+?

iqangilnguq	iqa-~:(ng₁)ite**[to.lack.N][to.not.have.N][N→V]-@*ngugh*[the.one.that.V-ed][the.one.that.is.V][V→N][N][Abs][Unpd][Sg]
iqangilnguq	iqa-~:(ng₁)ite**[to.lack.N][to.not.have.N][N→V][V][Ptcp][3Sg]
iqangilnguq	iqa-~:(ng₁)ite**[to.lack.N][to.not.have.N][N→V][V][Ptcp][3Du]

------------------------
Taana pelungighsaatesqegkaa, ukmangiisqegkii nunalgutni tamaakut.

taana	taana

pelungighsaatesqegkaa	+?

ukmangiisqegkii	+?

nunalgutni	nuna-–leg[one.having.N][N→N]-~:(ng₁)u[to.be.N][N→V]-~:(u)te[to.V.for.or.with][to.cause.to.V.as.one.is.V-ing][to.V.toward.each.other][V→V]-te[to.act.on.so.as.to.cause.to.V][V→V]-te[to.act.on.so.as.to.cause.to.V][V→V]-te[to.act.on.so.as.to.cause.to.V][V→V]-te[to.act.on.so.as.to.cause.to.V][V→V]-@₁~fni[to.say.that.one.is.V-ing][Cmpd_Vbl][V][Opt][PRS][2Sg]
nunalgutni	nuna-–leg[one.having.N][N→N]-~:(ng₁)u[to.be.N][N→V]-~:(u)te[condition.with.respect.to.V-ing][V→N]-te[to.catch.N][to.go.to.N][N→V]-te[to.act.on.so.as.to.cause.to.V][V→V]-te[to.act.on.so.as.to.cause.to.V][V→V]-te[to.act.on.so.as.to.cause.to.V][V→V]-@₁~fni[to.say.that.one.is.V-ing][Cmpd_Vbl][V][Opt][PRS][2Sg]
nunalgutni	nuna-–leg[one.having.N][N→N]-~:(ng₁)u[to.be.N][N→V]-~:(u)te[condition.with.respect.to.V-ing][V→N][N][Loc][Unpd][Pl]
nunalgutni	nuna-–leg[one.having.N][N→N]-~:(ng₁)u[to.be.N][N→V]-~:(u)te[SBJ.V-ed.something][V→V]-te[to.act.on.so.as.to.cause.to.V][V→V]-te[to.act.on.so.as.to.cause.to.V][V→V]-te[to.act.on.so.as.to.cause.to.V][V→V]-te[to.act.on.so.as.to.cause.to.V][V→V]-@₁~fni[to.say.that.one.is.V-ing][Cmpd_Vbl][V][Opt][PRS][2Sg]
nunalgutni	nuna-–leg[one.having.N][N→N]-~:(ng₁)u[to.be.N][N→V]-te[to.act.on.so.as.to.cause.to.V][V→V]-te[to.act.on.so.as.to.cause.to.V][V→V]-te[to.act.on.so.as.to.cause.to.V][V→V]-te[to.act.on.so.as.to.cause.to.V][V→V]-@₁~fni[to.say.that.one.is.V-ing][Cmpd_Vbl][V][Opt][PRS][2Sg]
nunalgutni	nuna-–lgu[to.have.N][N→V]-~:(u)te[to.V.for.or.with][to.cause.to.V.as.one.is.V-ing][to.V.toward.each.other][V→V]-te[to.act.on.so.as.to.cause.to.V][V→V]-te[to.act.on.so.as.to.cause.to.V][V→V]-te[to.act.on.so.as.to.cause.to.V][V→V]-@₁~fni[to.say.that.one.is.V-ing][Cmpd_Vbl][V][Opt][PRS][2Sg]
nunalgutni	nuna-–lgu[to.have.N][N→V]-~:(u)te[condition.with.respect.to.V-ing][V→N]-te[to.catch.N][to.go.to.N][N→V]-te[to.act.on.so.as.to.cause.to.V][V→V]-te[to.act.on.so.as.to.cause.to.V][V→V]-@₁~fni[to.say.that.one.is.V-ing][Cmpd_Vbl][V][Opt][PRS][2Sg]
nunalgutni	nuna-–lgu[to.have.N][N→V]-~:(u)te[condition.with.respect.to.V-ing][V→N][N][Loc][Unpd][Pl]
nunalgutni	nuna-–lgu[to.have.N][N→V]-~:(u)te[SBJ.V-ed.something][V→V]-te[to.act.on.so.as.to.cause.to.V][V→V]-te[to.act.on.so.as.to.cause.to.V][V→V]-te[to.act.on.so.as.to.cause.to.V][V→V]-@₁~fni[to.say.that.one.is.V-ing][Cmpd_Vbl][V][Opt][PRS][2Sg]
nunalgutni	nuna-–lgu[to.have.N][N→V]-te[to.act.on.so.as.to.cause.to.V][V→V]-te[to.act.on.so.as.to.cause.to.V][V→V]-te[to.act.on.so.as.to.cause.to.V][V→V]-@₁~fni[to.say.that.one.is.V-ing][Cmpd_Vbl][V][Opt][PRS][2Sg]

tamaakut	+?

------------------------


------------------------
Entaqun apeghiighluteng esgha taam kingunganeng mulugpenateng, qavameggnenguq tuqulaghatkaagut.

entaqun	entaqun

apeghiighluteng	apeghiigh[V][Sbrd][3Pl]

esgha	+?

taam	+?

kingunganeng	+?

mulugpenateng	+?

qavameggnenguq	+?

tuqulaghatkaagut	+?

------------------------
Aqnighpenatenguq qavaghpagutkaaniiqegkanginnguq.

aqnighpenatenguq	+?

qavaghpagutkaaniiqegkanginnguq	+?

------------------------
Nenglum legan imii qavanqusiin tuqulaghaatkat.

nenglum	nenglu[N][Rel][Unpd][Sg]

legan	legan

imii	+?

qavanqusiin	+?

tuqulaghaatkat	+?

------------------------


------------------------
Ungipamsuk taana elngaatall allaaghlluwhaghyagutaqegkegka compare-raaqegkegka, sumeghtaghaghaqelghiinga whaten igamsiqayagutaqegkegka.

ungipamsuk	+?

taana	taana

elngaatall	elngaatall

allaaghlluwhaghyagutaqegkegka	+?

compareraaqegkegka	+?

sumeghtaghaghaqelghiinga	sumeghtaghagh-~(g₁)aqe[to.be.V.ing][to.regularly.or.repeatedly.V][V→V]-@₁–lghii[the.one.that.V-ed][the.one.that.is.V][V→N][N][Abs][3SgPoss][SgPosd]
sumeghtaghaghaqelghiinga	sumeghtaghagh-~(g₁)aqe[to.be.V.ing][to.regularly.or.repeatedly.V][V→V][V][Opt][FUT][1Sg]
sumeghtaghaghaqelghiinga	sumeghtaghagh-~(g₁)aqe[to.be.V.ing][to.regularly.or.repeatedly.V][V→V][V][Ptcp][1Sg]

whaten	+?

igamsiqayagutaqegkegka	+?

------------------------
Repall piiqegkenka minister-et, "Taakwaningani whaa kenletghuuskan nuna, entaqun ilangi legan esghaghyaghqaput yugulilleghnun iitqat.

repall	repall[N][Abs][Unpd][Sg]

piiqegkenka	pi-~(g₁)aqe[to.be.V.ing][to.regularly.or.repeatedly.V][V→V]-@*@₂~sf–(g₂)k(a)e[the.one.that.possessor.V-ed][V→N][N][Abs][1SgPoss][PlPosd]
piiqegkenka	pi-~(g₁)aqe[to.be.V.ing][to.regularly.or.repeatedly.V][V→V][V][Ptcp][1Sg][3Pl]

ministeret	+?

taakwaningani	+?

whaa	+?

kenletghuuskan	+?

nuna	nuna[N][Abs][Unpd][Sg]

entaqun	entaqun

ilangi	ila[N][Abs][3SgPoss][PlPosd]

legan	legan

esghaghyaghqaput	esghagh-@₁~fyagh[to.go.V-ing][to.V.in.vain][V→V]-@₂~fkaq[one.that.has.V-ed][V→N][N][Abs][1PlPoss][PlPosd]

yugulilleghnun	+?

iitqat	+?

------------------------
Kiyaghneghem nangllegtaa esghaqaqegkegka elngaatall, yupiget tawatengwaaghwaaq laluramkestun ugpeqluku ayuqegkangat honor-eghllagluku (in their own way) ellmeng katam pilleghmegestun.

kiyaghneghem	+?

nangllegtaa	+?

esghaqaqegkegka	esghagh-~sf–(g₃)kaq[one.that.has.V-ed][V→N]-~–ke[to.have.as.one's.N(s)][N→V]-@*@₂~sf–(g₂)k(a)e[the.one.that.possessor.V-ed][V→N][N][Abs][1SgPoss][DuPosd]

elngaatall	elngaatall

yupiget	Yupig[N][Abs][Unpd][Pl]
yupiget	Yupig[N][Rel][Unpd][Pl]

tawatengwaaghwaaq	+?

laluramkestun	Laluramke[N][Equ][Unpd][Pl]

ugpeqluku	ugpeqe-te[to.act.on.so.as.to.cause.to.V][V→V][V][Sbrd][1Du][3Sg]
ugpeqluku	ugpeqe-te[to.act.on.so.as.to.cause.to.V][V→V][V][Sbrd][1Pl][3Sg]
ugpeqluku	ugpeqe-te[to.act.on.so.as.to.cause.to.V][V→V][V][Sbrd][1Sg][3Sg]
ugpeqluku	ugpeqe-te[to.act.on.so.as.to.cause.to.V][V→V][V][Sbrd][2Du][3Sg]
ugpeqluku	ugpeqe-te[to.act.on.so.as.to.cause.to.V][V→V][V][Sbrd][2Pl][3Sg]
ugpeqluku	ugpeqe-te[to.act.on.so.as.to.cause.to.V][V→V][V][Sbrd][2Sg][3Sg]
ugpeqluku	ugpeqe-te[to.act.on.so.as.to.cause.to.V][V→V][V][Sbrd][3Du][3Sg]
ugpeqluku	ugpeqe-te[to.act.on.so.as.to.cause.to.V][V→V][V][Sbrd][3Pl][3Sg]
ugpeqluku	ugpeqe-te[to.act.on.so.as.to.cause.to.V][V→V][V][Sbrd][3Sg][3Sg]
ugpeqluku	ugpeqe[V][Sbrd][1Du][3Sg]
ugpeqluku	ugpeqe[V][Sbrd][1Pl][3Sg]
ugpeqluku	ugpeqe[V][Sbrd][1Sg][3Sg]
ugpeqluku	ugpeqe[V][Sbrd][2Du][3Sg]
ugpeqluku	ugpeqe[V][Sbrd][2Pl][3Sg]
ugpeqluku	ugpeqe[V][Sbrd][2Sg][3Sg]
ugpeqluku	ugpeqe[V][Sbrd][3Du][3Sg]
ugpeqluku	ugpeqe[V][Sbrd][3Pl][3Sg]
ugpeqluku	ugpeqe[V][Sbrd][3Sg][3Sg]

ayuqegkangat	+?

honoreghllagluku	+?

in	+?

their	+?

own	+?

way	+?

ellmeng	ellmeng

katam	+?

pilleghmegestun	+?

------------------------
Understand-telleghmegestun ayuqegkangat." 

understandtelleghmegestun	+?

ayuqegkangat	+?

------------------------
