Pugughileq 

pugughileq	+?

------------------------
Ukumam Apellgha 

ukumam	+?

apellgha	+?

------------------------


------------------------
Iighwilluta Kargi kiyaghlluku, entaqun talwa taghnughhapagitukut Agaankuni.

iighwilluta	+?

kargi	+?

kiyaghlluku	+?

entaqun	entaqun

talwa	+?

taghnughhapagitukut	+?

agaankuni	+?

------------------------


------------------------
Piqalak taakuk nunaaghegket, negket mangteghalgek.

piqalak	+?

taakuk	taake[V][Ind][3Du]

nunaaghegket	+?

negket	ne[N][Abs][3PlPoss][DuPosd]

mangteghalgek	mangteghagh-–leg[one.having.N][N→N][N][Abs][Unpd][Du]
mangteghalgek	mangteghagh-–leg[one.having.N][N→N][N][Rel][Unpd][Du]
mangteghalgek	mangteghagh-–lgek[to.have.N][AUG]

------------------------
Ighululgek ika akmagutalgek.

ighululgek	+?

ika	ika

akmagutalgek	akmag-~:(u)ta[condition.with.respect.to.V-ing][V→N]-–leg[one.having.N][N→N][N][Abs][Unpd][Du]
akmagutalgek	akmag-~:(u)ta[condition.with.respect.to.V-ing][V→N]-–leg[one.having.N][N→N][N][Rel][Unpd][Du]
akmagutalgek	akmag-~:(u)ta[condition.with.respect.to.V-ing][V→N]-–lgek[to.have.N][AUG]

------------------------


------------------------
Iwernga mayughaatallemni imani nunangughtekaq.

iwernga	iwernga

mayughaatallemni	+?

imani	imani

nunangughtekaq	+?

------------------------
Ingantaqelghiinnguq pennaghhneghmeggni, sivukluteng Kuyangumagni.

ingantaqelghiinnguq	+?

pennaghhneghmeggni	pennagh-te[to.catch.N][to.go.to.N][N→V]-@₁–negh[the.act.or.activity.of.V-ing][V→N][N][Loc][4PlPoss][SgPosd]
pennaghhneghmeggni	pennagh-te[to.catch.N][to.go.to.N][N→V]-@₁–negh[the.act.or.activity.of.V-ing][V→N][N][Loc][4PlPoss][PlPosd]

sivukluteng	+?

kuyangumagni	+?

------------------------
Kuyangumagni tawani kiyaghlluteng atghaghaqelghiit agavek Piqalagnun.

kuyangumagni	+?

tawani	tawani

kiyaghlluteng	+?

atghaghaqelghiit	atghagh-~(g₁)aqe[to.be.V.ing][to.regularly.or.repeatedly.V][V→V]-@₁–lghii[the.one.that.V-ed][the.one.that.is.V][V→N][N][Abs][Unpd][Pl]
atghaghaqelghiit	atghagh-~(g₁)aqe[to.be.V.ing][to.regularly.or.repeatedly.V][V→V]-@₁–lghii[the.one.that.V-ed][the.one.that.is.V][V→N][N][Rel][Unpd][Pl]
atghaghaqelghiit	atghagh-~(g₁)aqe[to.be.V.ing][to.regularly.or.repeatedly.V][V→V][V][Ptcp][3Pl]

agavek	agavek

piqalagnun	+?

------------------------


------------------------
Taakwagun suguglluteng, yugwita angaghqughaqegkangit.

taakwagun	+?

suguglluteng	+?

yugwita	+?

angaghqughaqegkangit	+?

------------------------
Aghniit pamagun mayughtuutaqelghiinnguq.

aghniit	aghnagh[N][Abs][3PlPoss][PlPosd]

pamagun	pamagun

mayughtuutaqelghiinnguq	+?

------------------------
Iteghyaghaankut, Walkutankut.

iteghyaghaankut	+?

walkutankut	+?

------------------------
Esghaghhunguq Walkutam kayaalqekataghaqegkanga Iteghyaghaq.

esghaghhunguq	+?

walkutam	+?

kayaalqekataghaqegkanga	+?

iteghyaghaq	+?

------------------------


------------------------
Tawaten emta quutquutaqegkanginguq qikmit, Aglughaam.

tawaten	tawaten

emta	+?

quutquutaqegkanginguq	+?

qikmit	qikmigh[N][Abs][Unpd][Pl]
qikmit	qikmigh[N][Rel][Unpd][Pl]

aglughaam	+?

------------------------
Amenqun Piqalam paagnanga uusqaghllak tespagani.

amenqun	+?

piqalam	+?

paagnanga	+?

uusqaghllak	+?

tespagani	+?

------------------------
Tawatennguq iiwenllunguq ivgaghnaqaqut uuggnaluteng Iteghyaghaankut araghtunnguq, "Aglughaq ulleghtuq, pennaghquutuq!" Tespikna anigulek.

tawatennguq	+?

iiwenllunguq	+?

ivgaghnaqaqut	+?

uuggnaluteng	+?

iteghyaghaankut	+?

araghtunnguq	+?

aglughaq	+?

ulleghtuq	+?

pennaghquutuq	pennagh-te[to.catch.N][to.go.to.N][N→V]-@₁qugh[to.V.completely]-~:(u)te[to.V.for.or.with][to.cause.to.V.as.one.is.V-ing][to.V.toward.each.other][V→V][V][Ind][3Sg]
pennaghquutuq	pennagh-te[to.catch.N][to.go.to.N][N→V]-@₁qugh[to.V.completely]-~:(u)te[SBJ.V-ed.something][V→V][V][Ind][3Sg]

tespikna	+?

anigulek	anigu-–leg[one.having.N][N→N][N][Abs][Unpd][Sg]

------------------------


------------------------
Legan taagken sanguluki usiteng qetgeghutaat.

legan	legan

taagken	taagken

sanguluki	+?

usiteng	+?

qetgeghutaat	+?

------------------------
Ellnganllunguq iitek esghaghaa uka.

ellnganllunguq	+?

iitek	+?

esghaghaa	esghagh[V][Ind][3Sg][3Sg]

uka	uka

------------------------
Qikmii talwa naaki.

qikmii	qikmigh-~:(ng₁)u[to.be.N][N→V]-~i[SBJ.V-ed.something][V→V]-~i[SBJ.V-ed.something][V→V]-~i[SBJ.V-ed.something][V→V]-~i[SBJ.V-ed.something][V→V]-~i[SBJ.V-ed.something][V→V][V][Opt][PRS][2Sg]
qikmii	qikmigh-~:(ng₁)u[to.be.N][N→V]-~i[SBJ.V-ed.something][V→V]-~i[SBJ.V-ed.something][V→V]-~i[SBJ.V-ed.something][V→V]-~i[SBJ.V-ed.something][V→V][V][Opt][PRS][2Sg]
qikmii	qikmigh-~:(ng₁)u[to.be.N][N→V]-~i[SBJ.V-ed.something][V→V]-~i[SBJ.V-ed.something][V→V]-~i[SBJ.V-ed.something][V→V][V][Opt][PRS][2Sg]
qikmii	qikmigh-~:(ng₁)u[to.be.N][N→V]-~i[SBJ.V-ed.something][V→V]-~i[SBJ.V-ed.something][V→V][V][Opt][PRS][2Sg]
qikmii	qikmigh-~:(ng₁)u[to.be.N][N→V]-~i[SBJ.V-ed.something][V→V][V][Opt][PRS][2Sg]
qikmii	qikmigh-~:(ng₁)u[to.be.N][N→V][V][Opt][PRS][2Sg]
qikmii	qikmigh[N][Abs][3SgPoss][SgPosd]
qikmii	qikmigh[N][Abs][3SgPoss][PlPosd]

talwa	+?

naaki	naa-~–ke[to.have.as.one's.N(s)][N→V]-~i[SBJ.V-ed.something][V→V][V][Opt][PRS][2Sg]
naaki	naa-~–ke[to.have.as.one's.N(s)][N→V][V][Opt][PRS][2Sg]

------------------------
Palaghhaghmenguq aliiqaghaquq.

palaghhaghmenguq	+?

aliiqaghaquq	+?

------------------------


------------------------
Esghaghhunguq Kargi ataatanga, Agaam anengaa, saminguq sugugllit aga nalugutkaq.

esghaghhunguq	+?

kargi	+?

ataatanga	+?

agaam	+?

anengaa	anengagh-~:(ng₁)u[to.be.N][N→V][V][Opt][PRS][2Sg]
anengaa	anengagh[N][Abs][3SgPoss][SgPosd]

saminguq	sa[N][Loc][Unpd][Sg]-nguq[Encl]
saminguq	sa[N][Rel][4SgPoss][SgPosd]-nguq[Encl]
saminguq	sa[N][Rel][4SgPoss][PlPosd]-nguq[Encl]

sugugllit	+?

aga	aga

nalugutkaq	nalug-~:(u)te[to.V.for.or.with][to.cause.to.V.as.one.is.V-ing][to.V.toward.each.other][V→V]-@₂~fkaq[one.that.has.V-ed][V→N][N][Abs][Unpd][Sg]
nalugutkaq	nalug-~:(u)te[SBJ.V-ed.something][V→V]-@₂~fkaq[one.that.has.V-ed][V→N][N][Abs][Unpd][Sg]

------------------------
Aga taakwagun whaa siingenllu iitqaghlleghhii anigumun tespikavek.

aga	aga

taakwagun	+?

whaa	+?

siingenllu	+?

iitqaghlleghhii	+?

anigumun	anigu[N][Ter][Unpd][Sg]

tespikavek	+?

------------------------
Iwerngaqunnguq saluku pilitgu.

iwerngaqunnguq	+?

saluku	sa-~:(u)te[to.V.for.or.with][to.cause.to.V.as.one.is.V-ing][to.V.toward.each.other][V→V][V][Sbrd][1Du][3Sg]
saluku	sa-~:(u)te[to.V.for.or.with][to.cause.to.V.as.one.is.V-ing][to.V.toward.each.other][V→V][V][Sbrd][1Pl][3Sg]
saluku	sa-~:(u)te[to.V.for.or.with][to.cause.to.V.as.one.is.V-ing][to.V.toward.each.other][V→V][V][Sbrd][1Sg][3Sg]
saluku	sa-~:(u)te[to.V.for.or.with][to.cause.to.V.as.one.is.V-ing][to.V.toward.each.other][V→V][V][Sbrd][2Du][3Sg]
saluku	sa-~:(u)te[to.V.for.or.with][to.cause.to.V.as.one.is.V-ing][to.V.toward.each.other][V→V][V][Sbrd][2Pl][3Sg]
saluku	sa-~:(u)te[to.V.for.or.with][to.cause.to.V.as.one.is.V-ing][to.V.toward.each.other][V→V][V][Sbrd][2Sg][3Sg]
saluku	sa-~:(u)te[to.V.for.or.with][to.cause.to.V.as.one.is.V-ing][to.V.toward.each.other][V→V][V][Sbrd][3Du][3Sg]
saluku	sa-~:(u)te[to.V.for.or.with][to.cause.to.V.as.one.is.V-ing][to.V.toward.each.other][V→V][V][Sbrd][3Pl][3Sg]
saluku	sa-~:(u)te[to.V.for.or.with][to.cause.to.V.as.one.is.V-ing][to.V.toward.each.other][V→V][V][Sbrd][3Sg][3Sg]
saluku	sa[V][Sbrd][1Du][3Sg]
saluku	sa[V][Sbrd][1Pl][3Sg]
saluku	sa[V][Sbrd][1Sg][3Sg]
saluku	sa[V][Sbrd][2Du][3Sg]
saluku	sa[V][Sbrd][2Pl][3Sg]
saluku	sa[V][Sbrd][2Sg][3Sg]
saluku	sa[V][Sbrd][3Du][3Sg]
saluku	sa[V][Sbrd][3Pl][3Sg]
saluku	sa[V][Sbrd][3Sg][3Sg]

pilitgu	pi-~:(u)te[to.V.for.or.with][to.cause.to.V.as.one.is.V-ing][to.V.toward.each.other][V→V][V][Opt][PRS][3Pl][3Sg]
pilitgu	pi[V][Opt][PRS][3Pl][3Sg]

------------------------
Aliighunneghminigunguq pika yuguyuglluni.

aliighunneghminigunguq	+?

pika	pi-@*@₂~sf–(g₂)k(a)e[the.one.that.possessor.V-ed][V→N][N][Abs][Unpd][Sg]
pika	pi[N][Abs][1SgPoss][SgPosd]
pika	pika

yuguyuglluni	yug-~:(ng₁)u[to.be.N][N→V]-@₁~fyug[to.want.to.V][V→V]-te[to.act.on.so.as.to.cause.to.V][V→V]-te[to.act.on.so.as.to.cause.to.V][V→V]-te[to.act.on.so.as.to.cause.to.V][V→V][V][Sbrd][3Sg]
yuguyuglluni	yug-~:(ng₁)u[to.be.N][N→V]-@₁~fyug[to.want.to.V][V→V]-te[to.act.on.so.as.to.cause.to.V][V→V]-te[to.act.on.so.as.to.cause.to.V][V→V][V][Sbrd][3Sg]
yuguyuglluni	yug-~:(ng₁)u[to.be.N][N→V]-~:(u)te[to.V.for.or.with][to.cause.to.V.as.one.is.V-ing][to.V.toward.each.other][V→V]-@₁~fyug[to.want.to.V][V→V]-te[to.act.on.so.as.to.cause.to.V][V→V]-te[to.act.on.so.as.to.cause.to.V][V→V]-te[to.act.on.so.as.to.cause.to.V][V→V]-te[to.act.on.so.as.to.cause.to.V][V→V][V][Sbrd][3Sg]
yuguyuglluni	yug-~:(ng₁)u[to.be.N][N→V]-~:(u)te[to.V.for.or.with][to.cause.to.V.as.one.is.V-ing][to.V.toward.each.other][V→V]-@₁~fyug[to.want.to.V][V→V]-te[to.act.on.so.as.to.cause.to.V][V→V]-te[to.act.on.so.as.to.cause.to.V][V→V]-te[to.act.on.so.as.to.cause.to.V][V→V][V][Sbrd][3Sg]
yuguyuglluni	yug-~:(ng₁)u[to.be.N][N→V]-~:(u)te[to.V.for.or.with][to.cause.to.V.as.one.is.V-ing][to.V.toward.each.other][V→V]-@₁~fyug[to.want.to.V][V→V]-te[to.act.on.so.as.to.cause.to.V][V→V]-te[to.act.on.so.as.to.cause.to.V][V→V][V][Sbrd][3Sg]
yuguyuglluni	yug-~:(ng₁)u[to.be.N][N→V]-~:(u)te[SBJ.V-ed.something][V→V]-@₁~fyug[to.want.to.V][V→V]-te[to.act.on.so.as.to.cause.to.V][V→V]-te[to.act.on.so.as.to.cause.to.V][V→V]-te[to.act.on.so.as.to.cause.to.V][V→V]-te[to.act.on.so.as.to.cause.to.V][V→V][V][Sbrd][3Sg]
yuguyuglluni	yug-~:(ng₁)u[to.be.N][N→V]-~:(u)te[SBJ.V-ed.something][V→V]-@₁~fyug[to.want.to.V][V→V]-te[to.act.on.so.as.to.cause.to.V][V→V]-te[to.act.on.so.as.to.cause.to.V][V→V]-te[to.act.on.so.as.to.cause.to.V][V→V][V][Sbrd][3Sg]
yuguyuglluni	yug-~:(ng₁)u[to.be.N][N→V]-~:(u)te[SBJ.V-ed.something][V→V]-@₁~fyug[to.want.to.V][V→V]-te[to.act.on.so.as.to.cause.to.V][V→V]-te[to.act.on.so.as.to.cause.to.V][V→V][V][Sbrd][3Sg]

------------------------
Qughanghaninguq ima talughutaqaa.

qughanghaninguq	+?

ima	ima

talughutaqaa	+?

------------------------


------------------------
Ulleghnaniin tawaten ukigusimakangat.

ulleghnaniin	+?

tawaten	tawaten

ukigusimakangat	ukig-~:(u)te[to.V.for.or.with][to.cause.to.V.as.one.is.V-ing][to.V.toward.each.other][V→V]-@₁~:(i/u)ma[to.have.V-ed][to.have.been.V-ed][V→V]-@*@₂~sf–(g₂)k(a)e[the.one.that.possessor.V-ed][V→N][N][Abs][3PlPoss][SgPosd]
ukigusimakangat	ukig-~:(u)te[SBJ.V-ed.something][V→V]-@₁~:(i/u)ma[to.have.V-ed][to.have.been.V-ed][V→V]-@*@₂~sf–(g₂)k(a)e[the.one.that.possessor.V-ed][V→N][N][Abs][3PlPoss][SgPosd]

------------------------
Aawyaghllak, naasqughllaga uuknaghllaga kiiluugteghllakaq.

aawyaghllak	aaw-te[to.catch.N][to.go.to.N][N→V]-@₁~fyagh[to.go.V-ing][to.V.in.vain][V→V]-–ghllak[big.N][AUG]

naasqughllaga	naa-–squgh[little.N][small.N][N→N]-–ghllag[big.N][N→N][N][Abs][3SgPoss][SgPosd]
naasqughllaga	naasqugh-–ghllag[big.N][N→N][N][Abs][3SgPoss][SgPosd]

uuknaghllaga	+?

kiiluugteghllakaq	+?

------------------------
Navek pikaawat tawaveklu uugtat alaghrang Piqalagnun.

navek	navek

pikaawat	+?

tawaveklu	+?

uugtat	+?

alaghrang	+?

piqalagnun	+?

------------------------
Taawa taana pennaghquutellghan angelqaa.

taawa	taawa

taana	taana

pennaghquutellghan	+?

angelqaa	+?

------------------------
Qikmii talwa aviitkat naaki.

qikmii	qikmigh-~:(ng₁)u[to.be.N][N→V]-~i[SBJ.V-ed.something][V→V]-~i[SBJ.V-ed.something][V→V]-~i[SBJ.V-ed.something][V→V]-~i[SBJ.V-ed.something][V→V]-~i[SBJ.V-ed.something][V→V][V][Opt][PRS][2Sg]
qikmii	qikmigh-~:(ng₁)u[to.be.N][N→V]-~i[SBJ.V-ed.something][V→V]-~i[SBJ.V-ed.something][V→V]-~i[SBJ.V-ed.something][V→V]-~i[SBJ.V-ed.something][V→V][V][Opt][PRS][2Sg]
qikmii	qikmigh-~:(ng₁)u[to.be.N][N→V]-~i[SBJ.V-ed.something][V→V]-~i[SBJ.V-ed.something][V→V]-~i[SBJ.V-ed.something][V→V][V][Opt][PRS][2Sg]
qikmii	qikmigh-~:(ng₁)u[to.be.N][N→V]-~i[SBJ.V-ed.something][V→V]-~i[SBJ.V-ed.something][V→V][V][Opt][PRS][2Sg]
qikmii	qikmigh-~:(ng₁)u[to.be.N][N→V]-~i[SBJ.V-ed.something][V→V][V][Opt][PRS][2Sg]
qikmii	qikmigh-~:(ng₁)u[to.be.N][N→V][V][Opt][PRS][2Sg]
qikmii	qikmigh[N][Abs][3SgPoss][SgPosd]
qikmii	qikmigh[N][Abs][3SgPoss][PlPosd]

talwa	+?

aviitkat	+?

naaki	naa-~–ke[to.have.as.one's.N(s)][N→V]-~i[SBJ.V-ed.something][V→V][V][Opt][PRS][2Sg]
naaki	naa-~–ke[to.have.as.one's.N(s)][N→V][V][Opt][PRS][2Sg]

------------------------
Taana yugusighhaa tuguqaghtekaat.

taana	taana

yugusighhaa	+?

tuguqaghtekaat	+?

------------------------


------------------------
Alignaghyagutaqegkanga ilagiigalnguq naqam sangigalnguq, Kargi, anengani Agaam.

alignaghyagutaqegkanga	+?

ilagiigalnguq	+?

naqam	naqam

sangigalnguq	+?

kargi	+?

anengani	anengagh[N][Abs][4SgPoss][SgPosd]
anengani	anengagh[N][Abs][4SgPoss][PlPosd]
anengani	anengagh[N][Loc][Unpd][Pl]

agaam	+?

------------------------
Esghhaghunguq yugupagningilnguq unguvastekaa Aglughaq qangigani.

esghhaghunguq	+?

yugupagningilnguq	+?

unguvastekaa	+?

aglughaq	+?

qangigani	+?

------------------------
Kinkungulghiini tuquyaghqaq.

kinkungulghiini	kinku-~:(ng₁)u[to.be.N][N→V]-@₁–lghii[the.one.that.V-ed][the.one.that.is.V][V→N][N][Abs][4SgPoss][SgPosd]
kinkungulghiini	kinku-~:(ng₁)u[to.be.N][N→V]-@₁–lghii[the.one.that.V-ed][the.one.that.is.V][V→N][N][Abs][4SgPoss][PlPosd]
kinkungulghiini	kinku-~:(ng₁)u[to.be.N][N→V]-@₁–lghii[the.one.that.V-ed][the.one.that.is.V][V→N][N][Loc][Unpd][Pl]
kinkungulghiini	kinku-~:(ng₁)u[to.be.N][N→V]-–lghiini[when.one.is.V-ing][among.those.V-ing]

tuquyaghqaq	tuqu-@₁~fyagh[to.go.V-ing][to.V.in.vain][V→V]-@₂~fkaq[one.that.has.V-ed][V→N][N][Abs][Unpd][Sg]
tuquyaghqaq	tuqu-~:(u)te[to.V.for.or.with][to.cause.to.V.as.one.is.V-ing][to.V.toward.each.other][V→V]-@₁~fyagh[to.go.V-ing][to.V.in.vain][V→V]-@₂~fkaq[one.that.has.V-ed][V→N][N][Abs][Unpd][Sg]
tuquyaghqaq	tuqu-~:(u)te[SBJ.V-ed.something][V→V]-@₁~fyagh[to.go.V-ing][to.V.in.vain][V→V]-@₂~fkaq[one.that.has.V-ed][V→N][N][Abs][Unpd][Sg]

------------------------
Naasqwa kagimegkaq.

naasqwa	+?

kagimegkaq	+?

------------------------


------------------------
Taakwani kingungani whangkuta, Naangiighaqlu allgeghumaan, ifkanqigllaataqaq.

taakwani	+?

kingungani	+?

whangkuta	whangkuta

naangiighaqlu	+?

allgeghumaan	+?

ifkanqigllaataqaq	+?

------------------------
Ifkaghpenani kaavikeghllakaq.

ifkaghpenani	ifkagh-@₁–nghite**[to.not.V][V→V][V][Sbrd][3Sg]

kaavikeghllakaq	+?

------------------------
Tallikek saghllakak.

tallikek	talligh[N][Abs][3SgPoss][DuPosd]

saghllakak	sa-–ghllag[big.N][N→N]-~–ke[to.have.as.one's.N(s)][N→V][V][Intrg][3Du]

------------------------


------------------------
Napaqaghhaankunguut, Aglughaankut, whangkuta Milghulagni Naangiighaq, Nateghmii, whanga.

napaqaghhaankunguut	+?

aglughaankut	+?

whangkuta	whangkuta

milghulagni	+?

naangiighaq	+?

nateghmii	+?

whanga	whanga

------------------------
Utaqiini pennaghtaneng.

utaqiini	utaqa-~i[SBJ.V-ed.something][V→V]-~i[SBJ.V-ed.something][V→V]-~i[SBJ.V-ed.something][V→V]-~i[SBJ.V-ed.something][V→V]-~i[SBJ.V-ed.something][V→V]-~i[SBJ.V-ed.something][V→V]-@₁~fni[to.say.that.one.is.V-ing][Cmpd_Vbl][V][Opt][PRS][2Sg]
utaqiini	utaqa-~i[SBJ.V-ed.something][V→V]-~i[SBJ.V-ed.something][V→V]-~i[SBJ.V-ed.something][V→V]-~i[SBJ.V-ed.something][V→V]-~i[SBJ.V-ed.something][V→V]-@₁~fni[to.say.that.one.is.V-ing][Cmpd_Vbl][V][Opt][PRS][2Sg]
utaqiini	utaqa-~i[SBJ.V-ed.something][V→V]-~i[SBJ.V-ed.something][V→V]-~i[SBJ.V-ed.something][V→V]-~i[SBJ.V-ed.something][V→V]-~i[SBJ.V-ed.something][V→V]-~:(u)te[to.V.for.or.with][to.cause.to.V.as.one.is.V-ing][to.V.toward.each.other][V→V]-@₁~fni[to.say.that.one.is.V-ing][Cmpd_Vbl][V][Opt][PRS][2Sg]
utaqiini	utaqa-~i[SBJ.V-ed.something][V→V]-~i[SBJ.V-ed.something][V→V]-~i[SBJ.V-ed.something][V→V]-~i[SBJ.V-ed.something][V→V]-~i[SBJ.V-ed.something][V→V]-~:(u)te[SBJ.V-ed.something][V→V]-@₁~fni[to.say.that.one.is.V-ing][Cmpd_Vbl][V][Opt][PRS][2Sg]
utaqiini	utaqa-~i[SBJ.V-ed.something][V→V]-~i[SBJ.V-ed.something][V→V]-~i[SBJ.V-ed.something][V→V]-~i[SBJ.V-ed.something][V→V]-@₁~fni[to.say.that.one.is.V-ing][Cmpd_Vbl][V][Opt][PRS][2Sg]
utaqiini	utaqa-~i[SBJ.V-ed.something][V→V]-~i[SBJ.V-ed.something][V→V]-~i[SBJ.V-ed.something][V→V]-~i[SBJ.V-ed.something][V→V]-~:(u)te[to.V.for.or.with][to.cause.to.V.as.one.is.V-ing][to.V.toward.each.other][V→V]-@₁~fni[to.say.that.one.is.V-ing][Cmpd_Vbl][V][Opt][PRS][2Sg]
utaqiini	utaqa-~i[SBJ.V-ed.something][V→V]-~i[SBJ.V-ed.something][V→V]-~i[SBJ.V-ed.something][V→V]-~i[SBJ.V-ed.something][V→V]-~:(u)te[SBJ.V-ed.something][V→V]-@₁~fni[to.say.that.one.is.V-ing][Cmpd_Vbl][V][Opt][PRS][2Sg]
utaqiini	utaqa-~i[SBJ.V-ed.something][V→V]-~i[SBJ.V-ed.something][V→V]-~i[SBJ.V-ed.something][V→V]-@₁~fni[to.say.that.one.is.V-ing][Cmpd_Vbl][V][Opt][PRS][2Sg]
utaqiini	utaqa-~i[SBJ.V-ed.something][V→V]-~i[SBJ.V-ed.something][V→V]-~i[SBJ.V-ed.something][V→V]-~:(u)te[to.V.for.or.with][to.cause.to.V.as.one.is.V-ing][to.V.toward.each.other][V→V]-@₁~fni[to.say.that.one.is.V-ing][Cmpd_Vbl][V][Opt][PRS][2Sg]
utaqiini	utaqa-~i[SBJ.V-ed.something][V→V]-~i[SBJ.V-ed.something][V→V]-~i[SBJ.V-ed.something][V→V]-~:(u)te[SBJ.V-ed.something][V→V]-@₁~fni[to.say.that.one.is.V-ing][Cmpd_Vbl][V][Opt][PRS][2Sg]
utaqiini	utaqa-~i[SBJ.V-ed.something][V→V]-~i[SBJ.V-ed.something][V→V]-@₁~fni[to.say.that.one.is.V-ing][Cmpd_Vbl][V][Opt][PRS][2Sg]
utaqiini	utaqa-~i[SBJ.V-ed.something][V→V]-~i[SBJ.V-ed.something][V→V]-~:(u)te[to.V.for.or.with][to.cause.to.V.as.one.is.V-ing][to.V.toward.each.other][V→V]-@₁~fni[to.say.that.one.is.V-ing][Cmpd_Vbl][V][Opt][PRS][2Sg]
utaqiini	utaqa-~i[SBJ.V-ed.something][V→V]-~i[SBJ.V-ed.something][V→V]-~:(u)te[SBJ.V-ed.something][V→V]-@₁~fni[to.say.that.one.is.V-ing][Cmpd_Vbl][V][Opt][PRS][2Sg]
utaqiini	utaqa-~i[SBJ.V-ed.something][V→V]-@₁~fni[to.say.that.one.is.V-ing][Cmpd_Vbl][V][Opt][PRS][2Sg]
utaqiini	utaqa-~i[SBJ.V-ed.something][V→V]-~:(u)te[to.V.for.or.with][to.cause.to.V.as.one.is.V-ing][to.V.toward.each.other][V→V]-@₁~fni[to.say.that.one.is.V-ing][Cmpd_Vbl][V][Opt][PRS][2Sg]
utaqiini	utaqa-~i[SBJ.V-ed.something][V→V]-~:(u)te[SBJ.V-ed.something][V→V]-@₁~fni[to.say.that.one.is.V-ing][Cmpd_Vbl][V][Opt][PRS][2Sg]

pennaghtaneng	+?

------------------------
Ngelqaaghaghyat Napaqaghhaankut, Aglughaankut, Qaygeghtaankut.

ngelqaaghaghyat	+?

napaqaghhaankut	+?

aglughaankut	+?

qaygeghtaankut	+?

------------------------


------------------------
Kingungitneng whangkuta, Naangiighaqlu amsakelghii tamaani, angtaalgutkutevzigni.

kingungitneng	+?

whangkuta	whangkuta

naangiighaqlu	+?

amsakelghii	+?

tamaani	+?

angtaalgutkutevzigni	+?

------------------------
Neqmeng gaaghluta, apeghiighluni Nateghmii utaqiigukut manughami qakmani.

neqmeng	neqe[N][Rel][4DuPoss][SgPosd]
neqmeng	neqe[N][Rel][4DuPoss][PlPosd]
neqmeng	neqe[N][Rel][4PlPoss][SgPosd]
neqmeng	neqe[N][Rel][4PlPoss][PlPosd]
neqmeng	neqe[N][Abl_Mod][Unpd][Sg]

gaaghluta	gaagh[V][Sbrd][1Pl]
gaaghluta	gaagh[V][Sbrd][2Du][1Pl]
gaaghluta	gaagh[V][Sbrd][2Pl][1Pl]
gaaghluta	gaagh[V][Sbrd][2Sg][1Pl]
gaaghluta	gaagh[V][Sbrd][3Du][1Pl]
gaaghluta	gaagh[V][Sbrd][3Pl][1Pl]
gaaghluta	gaagh[V][Sbrd][3Sg][1Pl]

apeghiighluni	apeghiigh[V][Sbrd][3Sg]

nateghmii	+?

utaqiigukut	utaqa-~i[SBJ.V-ed.something][V→V]-~i[SBJ.V-ed.something][V→V]-~i[SBJ.V-ed.something][V→V]-~i[SBJ.V-ed.something][V→V]-~i[SBJ.V-ed.something][V→V]-~i[SBJ.V-ed.something][V→V][V][Ind][1Pl]
utaqiigukut	utaqa-~i[SBJ.V-ed.something][V→V]-~i[SBJ.V-ed.something][V→V]-~i[SBJ.V-ed.something][V→V]-~i[SBJ.V-ed.something][V→V]-~i[SBJ.V-ed.something][V→V][V][Ind][1Pl]
utaqiigukut	utaqa-~i[SBJ.V-ed.something][V→V]-~i[SBJ.V-ed.something][V→V]-~i[SBJ.V-ed.something][V→V]-~i[SBJ.V-ed.something][V→V][V][Ind][1Pl]
utaqiigukut	utaqa-~i[SBJ.V-ed.something][V→V]-~i[SBJ.V-ed.something][V→V]-~i[SBJ.V-ed.something][V→V][V][Ind][1Pl]
utaqiigukut	utaqa-~i[SBJ.V-ed.something][V→V]-~i[SBJ.V-ed.something][V→V][V][Ind][1Pl]
utaqiigukut	utaqa-~i[SBJ.V-ed.something][V→V][V][Ind][1Pl]

manughami	+?

qakmani	qakmani

------------------------


------------------------
Nutem paga, aliighyalghiimeng aga qagughrugmi Takaghyagem qulangani, imanillu sukaghllaget.

nutem	+?

paga	paga

aliighyalghiimeng	+?

aga	aga

qagughrugmi	+?

takaghyagem	+?

qulangani	+?

imanillu	+?

sukaghllaget	+?

------------------------
Maateghhiinaq aga aliighaghtut whaa ukigtut.

maateghhiinaq	+?

aga	aga

aliighaghtut	+?

whaa	+?

ukigtut	ukig[V][Ind][3Pl]
ukigtut	ukig-te[to.act.on.so.as.to.cause.to.V][V→V][V][Ind][3Pl]

------------------------
Kaasalghiimi imani seghleghuut.

kaasalghiimi	kaate-@₁~fyagh[to.go.V-ing][to.V.in.vain][V→V]-@₁–lghii[the.one.that.V-ed][the.one.that.is.V][V→N][N][Loc][Unpd][Sg]
kaasalghiimi	kaate-@₁~fyagh[to.go.V-ing][to.V.in.vain][V→V]-@₁–lghii[the.one.that.V-ed][the.one.that.is.V][V→N][N][Rel][4SgPoss][SgPosd]
kaasalghiimi	kaate-@₁~fyagh[to.go.V-ing][to.V.in.vain][V→V]-@₁–lghii[the.one.that.V-ed][the.one.that.is.V][V→N][N][Rel][4SgPoss][PlPosd]
kaasalghiimi	kaate[V][Ptcp_Obl][4Sg]

imani	imani

seghleghuut	seghlegh-~:(ng₁)u[to.be.N][N→V][V][Ind][3Pl]
seghleghuut	seghleghu[V][Ind][3Pl]

------------------------
Iwerngaqun gginaghhaq una sallghiteftuq.

iwerngaqun	+?

gginaghhaq	+?

una	una

sallghiteftuq	+?

------------------------


------------------------
Kaalluni manughamun tafsingighyalghiimi aawyaghpaghqu ifkaquutuq.

kaalluni	kaate[V][Sbrd][3Sg]

manughamun	+?

tafsingighyalghiimi	+?

aawyaghpaghqu	+?

ifkaquutuq	+?

------------------------
Ilapgaqutaquq, naasqughllaga.

ilapgaqutaquq	+?

naasqughllaga	naa-–squgh[little.N][small.N][N→N]-–ghllag[big.N][N→N][N][Abs][3SgPoss][SgPosd]
naasqughllaga	naasqugh-–ghllag[big.N][N→N][N][Abs][3SgPoss][SgPosd]

------------------------
Aawightughluku, qantaghqalegnun aqfaqughnaquk Napaqaghhaankuk, Qaygeghtaankuk.

aawightughluku	+?

qantaghqalegnun	+?

aqfaqughnaquk	aqfa-~:(u)te[condition.with.respect.to.V-ing][V→N]-te[to.catch.N][to.go.to.N][N→V]-@₁qugh[to.V.completely]-@₁~fnaqe[to.be.going.to.V][V→V][V][Ind][3Du]
aqfaqughnaquk	aqfa-~:(u)te[SBJ.V-ed.something][V→V]-te[to.act.on.so.as.to.cause.to.V][V→V]-@₁qugh[to.V.completely]-@₁~fnaqe[to.be.going.to.V][V→V][V][Ind][3Du]
aqfaqughnaquk	aqfa-~:(u)te[SBJ.V-ed.something][V→V]-@₁qugh[to.V.completely]-@₁~fnaqe[to.be.going.to.V][V→V][V][Ind][3Du]

napaqaghhaankuk	+?

qaygeghtaankuk	+?

------------------------
Manughami qakmani.

manughami	+?

qakmani	qakmani

------------------------
Whangkuta saaqukut ilungani.

whangkuta	whangkuta

saaqukut	sa-~(g₁)aqe[to.be.V.ing][to.regularly.or.repeatedly.V][V→V][V][Ind][1Pl]

ilungani	+?

------------------------


------------------------
Qiinghaghsalghiimi imani sungghanaghtuq "Aglaghtuunnaqukut!" Ima aga sivugwaghtuq.

qiinghaghsalghiimi	+?

imani	imani

sungghanaghtuq	+?

aglaghtuunnaqukut	+?

ima	ima

aga	aga

sivugwaghtuq	+?

------------------------
Pinaqinaamaluta agallu Akulpeghamun kaasaghtuumalghii.

pinaqinaamaluta	+?

agallu	+?

akulpeghamun	+?

kaasaghtuumalghii	kaate-@₁~fyaghtugh[to.be.about.to.V][to.go.somewhere.to.V]-@₁~:(i/u)ma[to.have.V-ed][to.have.been.V-ed][V→V]-@₁–lghii[the.one.that.V-ed][the.one.that.is.V][V→N][N][Abs][Unpd][Sg]
kaasaghtuumalghii	kaate-@₁~fyaghtugh[to.be.about.to.V][to.go.somewhere.to.V]-@₁~:(i/u)ma[to.have.V-ed][to.have.been.V-ed][V→V][V][Ptcp][3Sg]

------------------------


------------------------
Malighqaqefut Naangiighaq, whanga, Nateghmii.

malighqaqefut	+?

naangiighaq	+?

whanga	whanga

nateghmii	+?

------------------------
Ima aga nuughtughaqertaghput.

ima	ima

aga	aga

nuughtughaqertaghput	+?

------------------------
Enankin Nateghmiim aga katqaghtaa, ugwini Aglughaq, arekull saghllak nalpaghllak kenlangiiteghllak.

enankin	+?

nateghmiim	+?

aga	aga

katqaghtaa	+?

ugwini	+?

aglughaq	+?

arekull	+?

saghllak	sa-–ghllag[big.N][N→N][N][Abs][Unpd][Sg]
saghllak	sa-–ghllak[big.N][AUG]

nalpaghllak	+?

kenlangiiteghllak	+?

------------------------
Nuqneghteghaataqanga kaateqaghtaghpung.

nuqneghteghaataqanga	+?

kaateqaghtaghpung	+?

------------------------
Naangiighaqlu aghnaghaghhaluku.

naangiighaqlu	+?

aghnaghaghhaluku	+?

------------------------


------------------------
Nuqneqluku keniikun tukelleghtaghllagni, legan avangilkiinkut.

nuqneqluku	+?

keniikun	+?

tukelleghtaghllagni	+?

legan	legan

avangilkiinkut	+?

------------------------
Pugughileghmun amavek aglaatiinkut.

pugughileghmun	+?

amavek	amavek

aglaatiinkut	+?

------------------------
Tumangillghanun atghaalluta tumenun piiqluta.

tumangillghanun	+?

atghaalluta	atghagh-~:(u)te[to.V.for.or.with][to.cause.to.V.as.one.is.V-ing][to.V.toward.each.other][V→V]-te[to.act.on.so.as.to.cause.to.V][V→V][V][Sbrd][1Pl]
atghaalluta	atghagh-~:(u)te[to.V.for.or.with][to.cause.to.V.as.one.is.V-ing][to.V.toward.each.other][V→V][V][Sbrd][1Pl]
atghaalluta	atghagh-~:(u)te[condition.with.respect.to.V-ing][V→N]-te[to.catch.N][to.go.to.N][N→V][V][Sbrd][1Pl]
atghaalluta	atghagh-~:(u)te[SBJ.V-ed.something][V→V]-te[to.act.on.so.as.to.cause.to.V][V→V][V][Sbrd][1Pl]
atghaalluta	atghagh-~:(u)te[SBJ.V-ed.something][V→V][V][Sbrd][1Pl]

tumenun	tume[N][Ter][Unpd][Pl]

piiqluta	pi-~(g₁)aqe[to.be.V.ing][to.regularly.or.repeatedly.V][V→V]-te[to.act.on.so.as.to.cause.to.V][V→V]-te[to.act.on.so.as.to.cause.to.V][V→V][V][Sbrd][1Pl]
piiqluta	pi-~(g₁)aqe[to.be.V.ing][to.regularly.or.repeatedly.V][V→V]-te[to.act.on.so.as.to.cause.to.V][V→V]-te[to.act.on.so.as.to.cause.to.V][V→V][V][Sbrd][2Du][1Pl]
piiqluta	pi-~(g₁)aqe[to.be.V.ing][to.regularly.or.repeatedly.V][V→V]-te[to.act.on.so.as.to.cause.to.V][V→V]-te[to.act.on.so.as.to.cause.to.V][V→V][V][Sbrd][2Pl][1Pl]
piiqluta	pi-~(g₁)aqe[to.be.V.ing][to.regularly.or.repeatedly.V][V→V]-te[to.act.on.so.as.to.cause.to.V][V→V]-te[to.act.on.so.as.to.cause.to.V][V→V][V][Sbrd][2Sg][1Pl]
piiqluta	pi-~(g₁)aqe[to.be.V.ing][to.regularly.or.repeatedly.V][V→V]-te[to.act.on.so.as.to.cause.to.V][V→V]-te[to.act.on.so.as.to.cause.to.V][V→V][V][Sbrd][3Du][1Pl]
piiqluta	pi-~(g₁)aqe[to.be.V.ing][to.regularly.or.repeatedly.V][V→V]-te[to.act.on.so.as.to.cause.to.V][V→V]-te[to.act.on.so.as.to.cause.to.V][V→V][V][Sbrd][3Pl][1Pl]
piiqluta	pi-~(g₁)aqe[to.be.V.ing][to.regularly.or.repeatedly.V][V→V]-te[to.act.on.so.as.to.cause.to.V][V→V]-te[to.act.on.so.as.to.cause.to.V][V→V][V][Sbrd][3Sg][1Pl]
piiqluta	pi-~(g₁)aqe[to.be.V.ing][to.regularly.or.repeatedly.V][V→V]-te[to.act.on.so.as.to.cause.to.V][V→V][V][Sbrd][1Pl]
piiqluta	pi-~(g₁)aqe[to.be.V.ing][to.regularly.or.repeatedly.V][V→V]-te[to.act.on.so.as.to.cause.to.V][V→V][V][Sbrd][2Du][1Pl]
piiqluta	pi-~(g₁)aqe[to.be.V.ing][to.regularly.or.repeatedly.V][V→V]-te[to.act.on.so.as.to.cause.to.V][V→V][V][Sbrd][2Pl][1Pl]
piiqluta	pi-~(g₁)aqe[to.be.V.ing][to.regularly.or.repeatedly.V][V→V]-te[to.act.on.so.as.to.cause.to.V][V→V][V][Sbrd][2Sg][1Pl]
piiqluta	pi-~(g₁)aqe[to.be.V.ing][to.regularly.or.repeatedly.V][V→V]-te[to.act.on.so.as.to.cause.to.V][V→V][V][Sbrd][3Du][1Pl]
piiqluta	pi-~(g₁)aqe[to.be.V.ing][to.regularly.or.repeatedly.V][V→V]-te[to.act.on.so.as.to.cause.to.V][V→V][V][Sbrd][3Pl][1Pl]
piiqluta	pi-~(g₁)aqe[to.be.V.ing][to.regularly.or.repeatedly.V][V→V]-te[to.act.on.so.as.to.cause.to.V][V→V][V][Sbrd][3Sg][1Pl]
piiqluta	pi-~(g₁)aqe[to.be.V.ing][to.regularly.or.repeatedly.V][V→V][V][Sbrd][1Pl]
piiqluta	pi-~(g₁)aqe[to.be.V.ing][to.regularly.or.repeatedly.V][V→V][V][Sbrd][2Du][1Pl]
piiqluta	pi-~(g₁)aqe[to.be.V.ing][to.regularly.or.repeatedly.V][V→V][V][Sbrd][2Pl][1Pl]
piiqluta	pi-~(g₁)aqe[to.be.V.ing][to.regularly.or.repeatedly.V][V→V][V][Sbrd][2Sg][1Pl]
piiqluta	pi-~(g₁)aqe[to.be.V.ing][to.regularly.or.repeatedly.V][V→V][V][Sbrd][3Du][1Pl]
piiqluta	pi-~(g₁)aqe[to.be.V.ing][to.regularly.or.repeatedly.V][V→V][V][Sbrd][3Pl][1Pl]
piiqluta	pi-~(g₁)aqe[to.be.V.ing][to.regularly.or.repeatedly.V][V→V][V][Sbrd][3Sg][1Pl]

------------------------
Ukigulluta mayughaqluta, uyghagkitaaghaghtasa.

ukigulluta	ukig-~:(u)te[to.V.for.or.with][to.cause.to.V.as.one.is.V-ing][to.V.toward.each.other][V→V]-te[to.act.on.so.as.to.cause.to.V][V→V][V][Sbrd][1Pl]
ukigulluta	ukig-~:(u)te[to.V.for.or.with][to.cause.to.V.as.one.is.V-ing][to.V.toward.each.other][V→V][V][Sbrd][1Pl]
ukigulluta	ukig-~:(u)te[condition.with.respect.to.V-ing][V→N]-te[to.catch.N][to.go.to.N][N→V][V][Sbrd][1Pl]
ukigulluta	ukig-~:(u)te[SBJ.V-ed.something][V→V]-te[to.act.on.so.as.to.cause.to.V][V→V][V][Sbrd][1Pl]
ukigulluta	ukig-~:(u)te[SBJ.V-ed.something][V→V][V][Sbrd][1Pl]

mayughaqluta	mayugh-~(g₁)aqe[to.be.V.ing][to.regularly.or.repeatedly.V][V→V]-te[to.act.on.so.as.to.cause.to.V][V→V]-te[to.act.on.so.as.to.cause.to.V][V→V][V][Sbrd][1Pl]
mayughaqluta	mayugh-~(g₁)aqe[to.be.V.ing][to.regularly.or.repeatedly.V][V→V]-te[to.act.on.so.as.to.cause.to.V][V→V]-te[to.act.on.so.as.to.cause.to.V][V→V][V][Sbrd][2Du][1Pl]
mayughaqluta	mayugh-~(g₁)aqe[to.be.V.ing][to.regularly.or.repeatedly.V][V→V]-te[to.act.on.so.as.to.cause.to.V][V→V]-te[to.act.on.so.as.to.cause.to.V][V→V][V][Sbrd][2Pl][1Pl]
mayughaqluta	mayugh-~(g₁)aqe[to.be.V.ing][to.regularly.or.repeatedly.V][V→V]-te[to.act.on.so.as.to.cause.to.V][V→V]-te[to.act.on.so.as.to.cause.to.V][V→V][V][Sbrd][2Sg][1Pl]
mayughaqluta	mayugh-~(g₁)aqe[to.be.V.ing][to.regularly.or.repeatedly.V][V→V]-te[to.act.on.so.as.to.cause.to.V][V→V]-te[to.act.on.so.as.to.cause.to.V][V→V][V][Sbrd][3Du][1Pl]
mayughaqluta	mayugh-~(g₁)aqe[to.be.V.ing][to.regularly.or.repeatedly.V][V→V]-te[to.act.on.so.as.to.cause.to.V][V→V]-te[to.act.on.so.as.to.cause.to.V][V→V][V][Sbrd][3Pl][1Pl]
mayughaqluta	mayugh-~(g₁)aqe[to.be.V.ing][to.regularly.or.repeatedly.V][V→V]-te[to.act.on.so.as.to.cause.to.V][V→V]-te[to.act.on.so.as.to.cause.to.V][V→V][V][Sbrd][3Sg][1Pl]
mayughaqluta	mayugh-~(g₁)aqe[to.be.V.ing][to.regularly.or.repeatedly.V][V→V]-te[to.act.on.so.as.to.cause.to.V][V→V][V][Sbrd][1Pl]
mayughaqluta	mayugh-~(g₁)aqe[to.be.V.ing][to.regularly.or.repeatedly.V][V→V]-te[to.act.on.so.as.to.cause.to.V][V→V][V][Sbrd][2Du][1Pl]
mayughaqluta	mayugh-~(g₁)aqe[to.be.V.ing][to.regularly.or.repeatedly.V][V→V]-te[to.act.on.so.as.to.cause.to.V][V→V][V][Sbrd][2Pl][1Pl]
mayughaqluta	mayugh-~(g₁)aqe[to.be.V.ing][to.regularly.or.repeatedly.V][V→V]-te[to.act.on.so.as.to.cause.to.V][V→V][V][Sbrd][2Sg][1Pl]
mayughaqluta	mayugh-~(g₁)aqe[to.be.V.ing][to.regularly.or.repeatedly.V][V→V]-te[to.act.on.so.as.to.cause.to.V][V→V][V][Sbrd][3Du][1Pl]
mayughaqluta	mayugh-~(g₁)aqe[to.be.V.ing][to.regularly.or.repeatedly.V][V→V]-te[to.act.on.so.as.to.cause.to.V][V→V][V][Sbrd][3Pl][1Pl]
mayughaqluta	mayugh-~(g₁)aqe[to.be.V.ing][to.regularly.or.repeatedly.V][V→V]-te[to.act.on.so.as.to.cause.to.V][V→V][V][Sbrd][3Sg][1Pl]
mayughaqluta	mayugh-~(g₁)aqe[to.be.V.ing][to.regularly.or.repeatedly.V][V→V][V][Sbrd][1Pl]
mayughaqluta	mayugh-~(g₁)aqe[to.be.V.ing][to.regularly.or.repeatedly.V][V→V][V][Sbrd][2Du][1Pl]
mayughaqluta	mayugh-~(g₁)aqe[to.be.V.ing][to.regularly.or.repeatedly.V][V→V][V][Sbrd][2Pl][1Pl]
mayughaqluta	mayugh-~(g₁)aqe[to.be.V.ing][to.regularly.or.repeatedly.V][V→V][V][Sbrd][2Sg][1Pl]
mayughaqluta	mayugh-~(g₁)aqe[to.be.V.ing][to.regularly.or.repeatedly.V][V→V][V][Sbrd][3Du][1Pl]
mayughaqluta	mayugh-~(g₁)aqe[to.be.V.ing][to.regularly.or.repeatedly.V][V→V][V][Sbrd][3Pl][1Pl]
mayughaqluta	mayugh-~(g₁)aqe[to.be.V.ing][to.regularly.or.repeatedly.V][V→V][V][Sbrd][3Sg][1Pl]

uyghagkitaaghaghtasa	+?

------------------------
Amalka qikmikun tugulaghalluta.

amalka	+?

qikmikun	qikmigh[N][Via][Unpd][Sg]

tugulaghalluta	+?

------------------------
Aawallu Silqinangagnun kaataghtukut.

aawallu	aaw[N][Abs][3SgPoss][SgPosd]-llu[Encl]

silqinangagnun	+?

kaataghtukut	+?

------------------------


------------------------
Iiwenllu samaken ukigulluta mayughaqukut tumenun agavek ika Nateghmii araghaataghllak wasi nagaqughlleqaat, ingarugpak, paghyulghiikut whangkuta.

iiwenllu	+?

samaken	sa-@₁~:(i/u)ma[to.have.V-ed][to.have.been.V-ed][V→V]-@*@₂~sf–(g₂)k(a)e[the.one.that.possessor.V-ed][V→N][N][Abs][2SgPoss][SgPosd]
samaken	sa-@₁~:(i/u)ma[to.have.V-ed][to.have.been.V-ed][V→V][V][Ptcp][2Sg][3Sg]
samaken	samaken

ukigulluta	ukig-~:(u)te[to.V.for.or.with][to.cause.to.V.as.one.is.V-ing][to.V.toward.each.other][V→V]-te[to.act.on.so.as.to.cause.to.V][V→V][V][Sbrd][1Pl]
ukigulluta	ukig-~:(u)te[to.V.for.or.with][to.cause.to.V.as.one.is.V-ing][to.V.toward.each.other][V→V][V][Sbrd][1Pl]
ukigulluta	ukig-~:(u)te[condition.with.respect.to.V-ing][V→N]-te[to.catch.N][to.go.to.N][N→V][V][Sbrd][1Pl]
ukigulluta	ukig-~:(u)te[SBJ.V-ed.something][V→V]-te[to.act.on.so.as.to.cause.to.V][V→V][V][Sbrd][1Pl]
ukigulluta	ukig-~:(u)te[SBJ.V-ed.something][V→V][V][Sbrd][1Pl]

mayughaqukut	mayugh-~(g₁)aqe[to.be.V.ing][to.regularly.or.repeatedly.V][V→V][V][Ind][1Pl]

tumenun	tume[N][Ter][Unpd][Pl]

agavek	agavek

ika	ika

nateghmii	+?

araghaataghllak	+?

wasi	+?

nagaqughlleqaat	nagate-@₁qugh[to.V.completely]-te[to.act.on.so.as.to.cause.to.V][V→V]-te[to.act.on.so.as.to.cause.to.V][V→V]-@₁lleqe[will.V][V→V][V][Ind][3Pl][3Sg]
nagaqughlleqaat	nagate-@₁qugh[to.V.completely]-te[to.act.on.so.as.to.cause.to.V][V→V]-@₁lleqe[will.V][V→V][V][Ind][3Pl][3Sg]
nagaqughlleqaat	nagate-@₁qugh[to.V.completely]-@₁lleqe[will.V][V→V][V][Ind][3Pl][3Sg]

ingarugpak	+?

paghyulghiikut	+?

whangkuta	whangkuta

------------------------


------------------------
Enankin kaatqaghsaqmininkut yuwhaak, Napaqaghhaankuk.

enankin	+?

kaatqaghsaqmininkut	+?

yuwhaak	+?

napaqaghhaankuk	+?

------------------------
Aga ima, whangkuta peghquulluta.

aga	aga

ima	ima

whangkuta	whangkuta

peghquulluta	+?

------------------------
Amalka qikmiq nengyagha, igleghhnaqa, Aglughaq.

amalka	+?

qikmiq	qikmigh[N][Abs][Unpd][Sg]

nengyagha	+?

igleghhnaqa	igleghte-@₁~fnaqe[to.be.going.to.V][V→V][V][Intrg][3Sg]

aglughaq	+?

------------------------
Sami kaatelta whangkuta, neghipiglluku kaatusimakangat.

sami	sa[N][Loc][Unpd][Sg]
sami	sa[N][Rel][4SgPoss][SgPosd]
sami	sa[N][Rel][4SgPoss][PlPosd]

kaatelta	kaate[V][Opt][PRS][1Pl]

whangkuta	whangkuta

neghipiglluku	+?

kaatusimakangat	kaate-~:(u)te[to.V.for.or.with][to.cause.to.V.as.one.is.V-ing][to.V.toward.each.other][V→V]-@₁~:(i/u)ma[to.have.V-ed][to.have.been.V-ed][V→V]-@*@₂~sf–(g₂)k(a)e[the.one.that.possessor.V-ed][V→N][N][Abs][3PlPoss][SgPosd]
kaatusimakangat	kaate-~:(u)te[to.V.for.or.with][to.cause.to.V.as.one.is.V-ing][to.V.toward.each.other][V→V]-@₁~:(i/u)ma[to.have.V-ed][to.have.been.V-ed][V→V][V][Ptcp][3Pl][3Sg]
kaatusimakangat	kaate-~:(u)te[SBJ.V-ed.something][V→V]-@₁~:(i/u)ma[to.have.V-ed][to.have.been.V-ed][V→V]-@*@₂~sf–(g₂)k(a)e[the.one.that.possessor.V-ed][V→N][N][Abs][3PlPoss][SgPosd]

------------------------


------------------------
Taawa ingaghmeteftuq, ingaghsimakangat nekgumalghii Aghtuqaayagem inagmikeftaa.

taawa	taawa

ingaghmeteftuq	+?

ingaghsimakangat	ingaghte-@₁~:(i/u)ma[to.have.V-ed][to.have.been.V-ed][V→V]-@*@₂~sf–(g₂)k(a)e[the.one.that.possessor.V-ed][V→N][N][Abs][3PlPoss][SgPosd]
ingaghsimakangat	ingaghte-@₁~:(i/u)ma[to.have.V-ed][to.have.been.V-ed][V→V][V][Ptcp][3Pl][3Sg]

nekgumalghii	+?

aghtuqaayagem	+?

inagmikeftaa	+?

------------------------
Aqfaquumakanga Iteghyaghaam Aghtuqaayak.

aqfaquumakanga	aqfa-te[to.act.on.so.as.to.cause.to.V][V→V]-@₁qugh[to.V.completely]-@₁~:(i/u)ma[to.have.V-ed][to.have.been.V-ed][V→V]-@*@₂~sf–(g₂)k(a)e[the.one.that.possessor.V-ed][V→N][N][Abs][3SgPoss][SgPosd]
aqfaquumakanga	aqfa-te[to.act.on.so.as.to.cause.to.V][V→V]-@₁qugh[to.V.completely]-@₁~:(i/u)ma[to.have.V-ed][to.have.been.V-ed][V→V][V][Ptcp][3Sg][3Sg]
aqfaquumakanga	aqfa-te[to.act.on.so.as.to.cause.to.V][V→V]-@₁qugh[to.V.completely]-@₁~:(i/u)ma[to.have.V-ed][to.have.been.V-ed][V→V][V][Cond][3Sg][1Sg]
aqfaquumakanga	aqfa-~:(u)te[to.V.for.or.with][to.cause.to.V.as.one.is.V-ing][to.V.toward.each.other][V→V]-te[to.act.on.so.as.to.cause.to.V][V→V]-@₁qugh[to.V.completely]-@₁~:(i/u)ma[to.have.V-ed][to.have.been.V-ed][V→V]-@*@₂~sf–(g₂)k(a)e[the.one.that.possessor.V-ed][V→N][N][Abs][3SgPoss][SgPosd]
aqfaquumakanga	aqfa-~:(u)te[to.V.for.or.with][to.cause.to.V.as.one.is.V-ing][to.V.toward.each.other][V→V]-te[to.act.on.so.as.to.cause.to.V][V→V]-@₁qugh[to.V.completely]-@₁~:(i/u)ma[to.have.V-ed][to.have.been.V-ed][V→V][V][Ptcp][3Sg][3Sg]
aqfaquumakanga	aqfa-~:(u)te[to.V.for.or.with][to.cause.to.V.as.one.is.V-ing][to.V.toward.each.other][V→V]-te[to.act.on.so.as.to.cause.to.V][V→V]-@₁qugh[to.V.completely]-@₁~:(i/u)ma[to.have.V-ed][to.have.been.V-ed][V→V][V][Cond][3Sg][1Sg]
aqfaquumakanga	aqfa-~:(u)te[to.V.for.or.with][to.cause.to.V.as.one.is.V-ing][to.V.toward.each.other][V→V]-@₁qugh[to.V.completely]-@₁~:(i/u)ma[to.have.V-ed][to.have.been.V-ed][V→V]-@*@₂~sf–(g₂)k(a)e[the.one.that.possessor.V-ed][V→N][N][Abs][3SgPoss][SgPosd]
aqfaquumakanga	aqfa-~:(u)te[to.V.for.or.with][to.cause.to.V.as.one.is.V-ing][to.V.toward.each.other][V→V]-@₁qugh[to.V.completely]-@₁~:(i/u)ma[to.have.V-ed][to.have.been.V-ed][V→V][V][Ptcp][3Sg][3Sg]
aqfaquumakanga	aqfa-~:(u)te[to.V.for.or.with][to.cause.to.V.as.one.is.V-ing][to.V.toward.each.other][V→V]-@₁qugh[to.V.completely]-@₁~:(i/u)ma[to.have.V-ed][to.have.been.V-ed][V→V][V][Cond][3Sg][1Sg]
aqfaquumakanga	aqfa-~:(u)te[condition.with.respect.to.V-ing][V→N]-te[to.catch.N][to.go.to.N][N→V]-@₁qugh[to.V.completely]-@₁~:(i/u)ma[to.have.V-ed][to.have.been.V-ed][V→V]-@*@₂~sf–(g₂)k(a)e[the.one.that.possessor.V-ed][V→N][N][Abs][3SgPoss][SgPosd]
aqfaquumakanga	aqfa-~:(u)te[SBJ.V-ed.something][V→V]-te[to.act.on.so.as.to.cause.to.V][V→V]-@₁qugh[to.V.completely]-@₁~:(i/u)ma[to.have.V-ed][to.have.been.V-ed][V→V]-@*@₂~sf–(g₂)k(a)e[the.one.that.possessor.V-ed][V→N][N][Abs][3SgPoss][SgPosd]
aqfaquumakanga	aqfa-~:(u)te[SBJ.V-ed.something][V→V]-@₁qugh[to.V.completely]-@₁~:(i/u)ma[to.have.V-ed][to.have.been.V-ed][V→V]-@*@₂~sf–(g₂)k(a)e[the.one.that.possessor.V-ed][V→N][N][Abs][3SgPoss][SgPosd]
aqfaquumakanga	aqfa-@₁qugh[to.V.completely]-@₁~:(i/u)ma[to.have.V-ed][to.have.been.V-ed][V→V]-@*@₂~sf–(g₂)k(a)e[the.one.that.possessor.V-ed][V→N][N][Abs][3SgPoss][SgPosd]
aqfaquumakanga	aqfa-@₁qugh[to.V.completely]-@₁~:(i/u)ma[to.have.V-ed][to.have.been.V-ed][V→V][V][Ptcp][3Sg][3Sg]
aqfaquumakanga	aqfa-@₁qugh[to.V.completely]-@₁~:(i/u)ma[to.have.V-ed][to.have.been.V-ed][V→V][V][Cond][3Sg][1Sg]

iteghyaghaam	+?

aghtuqaayak	+?

------------------------


------------------------
Tamaana qaneghmineng aawa paamsugteghaqeftaa tallim uum kiitillgha, atkugwa piigaqluni.

tamaana	+?

qaneghmineng	qanegh[N][Abl_Mod][4SgPoss][PlPosd]
qaneghmineng	qanegh[N][Abl_Mod][4SgPoss][SgPosd]

aawa	aaw[N][Abs][3SgPoss][SgPosd]

paamsugteghaqeftaa	+?

tallim	talligh[N][Rel][Unpd][Sg]

uum	+?

kiitillgha	+?

atkugwa	+?

piigaqluni	pi-~i[SBJ.V-ed.something][V→V]-~i[SBJ.V-ed.something][V→V]-~i[SBJ.V-ed.something][V→V]-~i[SBJ.V-ed.something][V→V]-~i[SBJ.V-ed.something][V→V]-~(g₁)aqe[to.be.V.ing][to.regularly.or.repeatedly.V][V→V]-te[to.act.on.so.as.to.cause.to.V][V→V]-te[to.act.on.so.as.to.cause.to.V][V→V]-te[to.act.on.so.as.to.cause.to.V][V→V]-te[to.act.on.so.as.to.cause.to.V][V→V]-te[to.act.on.so.as.to.cause.to.V][V→V]-te[to.act.on.so.as.to.cause.to.V][V→V]-te[to.act.on.so.as.to.cause.to.V][V→V][V][Sbrd][3Sg]
piigaqluni	pi-~i[SBJ.V-ed.something][V→V]-~i[SBJ.V-ed.something][V→V]-~i[SBJ.V-ed.something][V→V]-~i[SBJ.V-ed.something][V→V]-~i[SBJ.V-ed.something][V→V]-~(g₁)aqe[to.be.V.ing][to.regularly.or.repeatedly.V][V→V]-te[to.act.on.so.as.to.cause.to.V][V→V]-te[to.act.on.so.as.to.cause.to.V][V→V]-te[to.act.on.so.as.to.cause.to.V][V→V]-te[to.act.on.so.as.to.cause.to.V][V→V]-te[to.act.on.so.as.to.cause.to.V][V→V]-te[to.act.on.so.as.to.cause.to.V][V→V][V][Sbrd][3Sg]
piigaqluni	pi-~i[SBJ.V-ed.something][V→V]-~i[SBJ.V-ed.something][V→V]-~i[SBJ.V-ed.something][V→V]-~i[SBJ.V-ed.something][V→V]-~i[SBJ.V-ed.something][V→V]-~(g₁)aqe[to.be.V.ing][to.regularly.or.repeatedly.V][V→V]-te[to.act.on.so.as.to.cause.to.V][V→V]-te[to.act.on.so.as.to.cause.to.V][V→V]-te[to.act.on.so.as.to.cause.to.V][V→V]-te[to.act.on.so.as.to.cause.to.V][V→V]-te[to.act.on.so.as.to.cause.to.V][V→V][V][Sbrd][3Sg]
piigaqluni	pi-~i[SBJ.V-ed.something][V→V]-~i[SBJ.V-ed.something][V→V]-~i[SBJ.V-ed.something][V→V]-~i[SBJ.V-ed.something][V→V]-~i[SBJ.V-ed.something][V→V]-~(g₁)aqe[to.be.V.ing][to.regularly.or.repeatedly.V][V→V]-te[to.act.on.so.as.to.cause.to.V][V→V]-te[to.act.on.so.as.to.cause.to.V][V→V]-te[to.act.on.so.as.to.cause.to.V][V→V]-te[to.act.on.so.as.to.cause.to.V][V→V][V][Sbrd][3Sg]
piigaqluni	pi-~i[SBJ.V-ed.something][V→V]-~i[SBJ.V-ed.something][V→V]-~i[SBJ.V-ed.something][V→V]-~i[SBJ.V-ed.something][V→V]-~i[SBJ.V-ed.something][V→V]-~(g₁)aqe[to.be.V.ing][to.regularly.or.repeatedly.V][V→V]-te[to.act.on.so.as.to.cause.to.V][V→V]-te[to.act.on.so.as.to.cause.to.V][V→V]-te[to.act.on.so.as.to.cause.to.V][V→V][V][Sbrd][3Sg]
piigaqluni	pi-~i[SBJ.V-ed.something][V→V]-~i[SBJ.V-ed.something][V→V]-~i[SBJ.V-ed.something][V→V]-~i[SBJ.V-ed.something][V→V]-~i[SBJ.V-ed.something][V→V]-~(g₁)aqe[to.be.V.ing][to.regularly.or.repeatedly.V][V→V]-te[to.act.on.so.as.to.cause.to.V][V→V]-te[to.act.on.so.as.to.cause.to.V][V→V][V][Sbrd][3Sg]
piigaqluni	pi-~i[SBJ.V-ed.something][V→V]-~i[SBJ.V-ed.something][V→V]-~i[SBJ.V-ed.something][V→V]-~i[SBJ.V-ed.something][V→V]-~i[SBJ.V-ed.something][V→V]-~(g₁)aqe[to.be.V.ing][to.regularly.or.repeatedly.V][V→V]-te[to.act.on.so.as.to.cause.to.V][V→V][V][Sbrd][3Sg]
piigaqluni	pi-~i[SBJ.V-ed.something][V→V]-~i[SBJ.V-ed.something][V→V]-~i[SBJ.V-ed.something][V→V]-~i[SBJ.V-ed.something][V→V]-~i[SBJ.V-ed.something][V→V]-~(g₁)aqe[to.be.V.ing][to.regularly.or.repeatedly.V][V→V][V][Sbrd][3Sg]
piigaqluni	pi-~i[SBJ.V-ed.something][V→V]-~i[SBJ.V-ed.something][V→V]-~i[SBJ.V-ed.something][V→V]-~i[SBJ.V-ed.something][V→V]-~(g₁)aqe[to.be.V.ing][to.regularly.or.repeatedly.V][V→V]-te[to.act.on.so.as.to.cause.to.V][V→V]-te[to.act.on.so.as.to.cause.to.V][V→V]-te[to.act.on.so.as.to.cause.to.V][V→V]-te[to.act.on.so.as.to.cause.to.V][V→V]-te[to.act.on.so.as.to.cause.to.V][V→V]-te[to.act.on.so.as.to.cause.to.V][V→V][V][Sbrd][3Sg]
piigaqluni	pi-~i[SBJ.V-ed.something][V→V]-~i[SBJ.V-ed.something][V→V]-~i[SBJ.V-ed.something][V→V]-~i[SBJ.V-ed.something][V→V]-~(g₁)aqe[to.be.V.ing][to.regularly.or.repeatedly.V][V→V]-te[to.act.on.so.as.to.cause.to.V][V→V]-te[to.act.on.so.as.to.cause.to.V][V→V]-te[to.act.on.so.as.to.cause.to.V][V→V]-te[to.act.on.so.as.to.cause.to.V][V→V]-te[to.act.on.so.as.to.cause.to.V][V→V][V][Sbrd][3Sg]
piigaqluni	pi-~i[SBJ.V-ed.something][V→V]-~i[SBJ.V-ed.something][V→V]-~i[SBJ.V-ed.something][V→V]-~i[SBJ.V-ed.something][V→V]-~(g₁)aqe[to.be.V.ing][to.regularly.or.repeatedly.V][V→V]-te[to.act.on.so.as.to.cause.to.V][V→V]-te[to.act.on.so.as.to.cause.to.V][V→V]-te[to.act.on.so.as.to.cause.to.V][V→V]-te[to.act.on.so.as.to.cause.to.V][V→V][V][Sbrd][3Sg]
piigaqluni	pi-~i[SBJ.V-ed.something][V→V]-~i[SBJ.V-ed.something][V→V]-~i[SBJ.V-ed.something][V→V]-~i[SBJ.V-ed.something][V→V]-~(g₁)aqe[to.be.V.ing][to.regularly.or.repeatedly.V][V→V]-te[to.act.on.so.as.to.cause.to.V][V→V]-te[to.act.on.so.as.to.cause.to.V][V→V]-te[to.act.on.so.as.to.cause.to.V][V→V][V][Sbrd][3Sg]
piigaqluni	pi-~i[SBJ.V-ed.something][V→V]-~i[SBJ.V-ed.something][V→V]-~i[SBJ.V-ed.something][V→V]-~i[SBJ.V-ed.something][V→V]-~(g₁)aqe[to.be.V.ing][to.regularly.or.repeatedly.V][V→V]-te[to.act.on.so.as.to.cause.to.V][V→V]-te[to.act.on.so.as.to.cause.to.V][V→V][V][Sbrd][3Sg]
piigaqluni	pi-~i[SBJ.V-ed.something][V→V]-~i[SBJ.V-ed.something][V→V]-~i[SBJ.V-ed.something][V→V]-~i[SBJ.V-ed.something][V→V]-~(g₁)aqe[to.be.V.ing][to.regularly.or.repeatedly.V][V→V]-te[to.act.on.so.as.to.cause.to.V][V→V][V][Sbrd][3Sg]
piigaqluni	pi-~i[SBJ.V-ed.something][V→V]-~i[SBJ.V-ed.something][V→V]-~i[SBJ.V-ed.something][V→V]-~i[SBJ.V-ed.something][V→V]-~(g₁)aqe[to.be.V.ing][to.regularly.or.repeatedly.V][V→V][V][Sbrd][3Sg]
piigaqluni	pi-~i[SBJ.V-ed.something][V→V]-~i[SBJ.V-ed.something][V→V]-~i[SBJ.V-ed.something][V→V]-~(g₁)aqe[to.be.V.ing][to.regularly.or.repeatedly.V][V→V]-te[to.act.on.so.as.to.cause.to.V][V→V]-te[to.act.on.so.as.to.cause.to.V][V→V]-te[to.act.on.so.as.to.cause.to.V][V→V]-te[to.act.on.so.as.to.cause.to.V][V→V]-te[to.act.on.so.as.to.cause.to.V][V→V][V][Sbrd][3Sg]
piigaqluni	pi-~i[SBJ.V-ed.something][V→V]-~i[SBJ.V-ed.something][V→V]-~i[SBJ.V-ed.something][V→V]-~(g₁)aqe[to.be.V.ing][to.regularly.or.repeatedly.V][V→V]-te[to.act.on.so.as.to.cause.to.V][V→V]-te[to.act.on.so.as.to.cause.to.V][V→V]-te[to.act.on.so.as.to.cause.to.V][V→V]-te[to.act.on.so.as.to.cause.to.V][V→V][V][Sbrd][3Sg]
piigaqluni	pi-~i[SBJ.V-ed.something][V→V]-~i[SBJ.V-ed.something][V→V]-~i[SBJ.V-ed.something][V→V]-~(g₁)aqe[to.be.V.ing][to.regularly.or.repeatedly.V][V→V]-te[to.act.on.so.as.to.cause.to.V][V→V]-te[to.act.on.so.as.to.cause.to.V][V→V]-te[to.act.on.so.as.to.cause.to.V][V→V][V][Sbrd][3Sg]
piigaqluni	pi-~i[SBJ.V-ed.something][V→V]-~i[SBJ.V-ed.something][V→V]-~i[SBJ.V-ed.something][V→V]-~(g₁)aqe[to.be.V.ing][to.regularly.or.repeatedly.V][V→V]-te[to.act.on.so.as.to.cause.to.V][V→V]-te[to.act.on.so.as.to.cause.to.V][V→V][V][Sbrd][3Sg]
piigaqluni	pi-~i[SBJ.V-ed.something][V→V]-~i[SBJ.V-ed.something][V→V]-~i[SBJ.V-ed.something][V→V]-~(g₁)aqe[to.be.V.ing][to.regularly.or.repeatedly.V][V→V]-te[to.act.on.so.as.to.cause.to.V][V→V][V][Sbrd][3Sg]
piigaqluni	pi-~i[SBJ.V-ed.something][V→V]-~i[SBJ.V-ed.something][V→V]-~i[SBJ.V-ed.something][V→V]-~(g₁)aqe[to.be.V.ing][to.regularly.or.repeatedly.V][V→V][V][Sbrd][3Sg]
piigaqluni	pi-~i[SBJ.V-ed.something][V→V]-~i[SBJ.V-ed.something][V→V]-~(g₁)aqe[to.be.V.ing][to.regularly.or.repeatedly.V][V→V]-te[to.act.on.so.as.to.cause.to.V][V→V]-te[to.act.on.so.as.to.cause.to.V][V→V]-te[to.act.on.so.as.to.cause.to.V][V→V]-te[to.act.on.so.as.to.cause.to.V][V→V][V][Sbrd][3Sg]
piigaqluni	pi-~i[SBJ.V-ed.something][V→V]-~i[SBJ.V-ed.something][V→V]-~(g₁)aqe[to.be.V.ing][to.regularly.or.repeatedly.V][V→V]-te[to.act.on.so.as.to.cause.to.V][V→V]-te[to.act.on.so.as.to.cause.to.V][V→V]-te[to.act.on.so.as.to.cause.to.V][V→V][V][Sbrd][3Sg]
piigaqluni	pi-~i[SBJ.V-ed.something][V→V]-~i[SBJ.V-ed.something][V→V]-~(g₁)aqe[to.be.V.ing][to.regularly.or.repeatedly.V][V→V]-te[to.act.on.so.as.to.cause.to.V][V→V]-te[to.act.on.so.as.to.cause.to.V][V→V][V][Sbrd][3Sg]
piigaqluni	pi-~i[SBJ.V-ed.something][V→V]-~i[SBJ.V-ed.something][V→V]-~(g₁)aqe[to.be.V.ing][to.regularly.or.repeatedly.V][V→V]-te[to.act.on.so.as.to.cause.to.V][V→V][V][Sbrd][3Sg]
piigaqluni	pi-~i[SBJ.V-ed.something][V→V]-~i[SBJ.V-ed.something][V→V]-~(g₁)aqe[to.be.V.ing][to.regularly.or.repeatedly.V][V→V][V][Sbrd][3Sg]
piigaqluni	pi-~i[SBJ.V-ed.something][V→V]-~(g₁)aqe[to.be.V.ing][to.regularly.or.repeatedly.V][V→V]-te[to.act.on.so.as.to.cause.to.V][V→V]-te[to.act.on.so.as.to.cause.to.V][V→V]-te[to.act.on.so.as.to.cause.to.V][V→V][V][Sbrd][3Sg]
piigaqluni	pi-~i[SBJ.V-ed.something][V→V]-~(g₁)aqe[to.be.V.ing][to.regularly.or.repeatedly.V][V→V]-te[to.act.on.so.as.to.cause.to.V][V→V]-te[to.act.on.so.as.to.cause.to.V][V→V][V][Sbrd][3Sg]
piigaqluni	pi-~i[SBJ.V-ed.something][V→V]-~(g₁)aqe[to.be.V.ing][to.regularly.or.repeatedly.V][V→V]-te[to.act.on.so.as.to.cause.to.V][V→V][V][Sbrd][3Sg]
piigaqluni	pi-~i[SBJ.V-ed.something][V→V]-~(g₁)aqe[to.be.V.ing][to.regularly.or.repeatedly.V][V→V][V][Sbrd][3Sg]

------------------------
Nuqennaanghilnguut qalighhaat qiipaghaat, atkugwet amighqwaaghet.

nuqennaanghilnguut	+?

qalighhaat	+?

qiipaghaat	qiipaghagh*[N][Abs][Unpd][Pl]
qiipaghaat	qiipaghagh*[N][Abs][3PlPoss][SgPosd]
qiipaghaat	qiipaghagh*[N][Rel][Unpd][Pl]

atkugwet	+?

amighqwaaghet	+?

------------------------


------------------------
Naasqwa qukfightaqluku, agavesaasluku aqumesluku legan qaneghmineng nusugluki uyghaget lliiqii, kii uyghagllaguftuq amighregam kiigha.

naasqwa	+?

qukfightaqluku	+?

agavesaasluku	+?

aqumesluku	aqume-(te)ste[to.have.make.or.let.one.V][Cmpd_Vbl]-te[to.act.on.so.as.to.cause.to.V][V→V][V][Sbrd][1Du][3Sg]
aqumesluku	aqume-(te)ste[to.have.make.or.let.one.V][Cmpd_Vbl]-te[to.act.on.so.as.to.cause.to.V][V→V][V][Sbrd][1Pl][3Sg]
aqumesluku	aqume-(te)ste[to.have.make.or.let.one.V][Cmpd_Vbl]-te[to.act.on.so.as.to.cause.to.V][V→V][V][Sbrd][1Sg][3Sg]
aqumesluku	aqume-(te)ste[to.have.make.or.let.one.V][Cmpd_Vbl]-te[to.act.on.so.as.to.cause.to.V][V→V][V][Sbrd][2Du][3Sg]
aqumesluku	aqume-(te)ste[to.have.make.or.let.one.V][Cmpd_Vbl]-te[to.act.on.so.as.to.cause.to.V][V→V][V][Sbrd][2Pl][3Sg]
aqumesluku	aqume-(te)ste[to.have.make.or.let.one.V][Cmpd_Vbl]-te[to.act.on.so.as.to.cause.to.V][V→V][V][Sbrd][2Sg][3Sg]
aqumesluku	aqume-(te)ste[to.have.make.or.let.one.V][Cmpd_Vbl]-te[to.act.on.so.as.to.cause.to.V][V→V][V][Sbrd][3Du][3Sg]
aqumesluku	aqume-(te)ste[to.have.make.or.let.one.V][Cmpd_Vbl]-te[to.act.on.so.as.to.cause.to.V][V→V][V][Sbrd][3Pl][3Sg]
aqumesluku	aqume-(te)ste[to.have.make.or.let.one.V][Cmpd_Vbl]-te[to.act.on.so.as.to.cause.to.V][V→V][V][Sbrd][3Sg][3Sg]
aqumesluku	aqume-(te)ste[to.have.make.or.let.one.V][Cmpd_Vbl][V][Sbrd][1Du][3Sg]
aqumesluku	aqume-(te)ste[to.have.make.or.let.one.V][Cmpd_Vbl][V][Sbrd][1Pl][3Sg]
aqumesluku	aqume-(te)ste[to.have.make.or.let.one.V][Cmpd_Vbl][V][Sbrd][1Sg][3Sg]
aqumesluku	aqume-(te)ste[to.have.make.or.let.one.V][Cmpd_Vbl][V][Sbrd][2Du][3Sg]
aqumesluku	aqume-(te)ste[to.have.make.or.let.one.V][Cmpd_Vbl][V][Sbrd][2Pl][3Sg]
aqumesluku	aqume-(te)ste[to.have.make.or.let.one.V][Cmpd_Vbl][V][Sbrd][2Sg][3Sg]
aqumesluku	aqume-(te)ste[to.have.make.or.let.one.V][Cmpd_Vbl][V][Sbrd][3Du][3Sg]
aqumesluku	aqume-(te)ste[to.have.make.or.let.one.V][Cmpd_Vbl][V][Sbrd][3Pl][3Sg]
aqumesluku	aqume-(te)ste[to.have.make.or.let.one.V][Cmpd_Vbl][V][Sbrd][3Sg][3Sg]

legan	legan

qaneghmineng	qanegh[N][Abl_Mod][4SgPoss][PlPosd]
qaneghmineng	qanegh[N][Abl_Mod][4SgPoss][SgPosd]

nusugluki	+?

uyghaget	uyghag[N][Abs][Unpd][Pl]
uyghaget	uyghag[N][Rel][Unpd][Pl]

lliiqii	lli-~(g₁)aqe[to.be.V.ing][to.regularly.or.repeatedly.V][V→V]-~i[SBJ.V-ed.something][V→V]-~i[SBJ.V-ed.something][V→V]-~i[SBJ.V-ed.something][V→V]-~i[SBJ.V-ed.something][V→V]-~i[SBJ.V-ed.something][V→V][V][Opt][PRS][2Sg]
lliiqii	lli-~(g₁)aqe[to.be.V.ing][to.regularly.or.repeatedly.V][V→V]-~i[SBJ.V-ed.something][V→V]-~i[SBJ.V-ed.something][V→V]-~i[SBJ.V-ed.something][V→V]-~i[SBJ.V-ed.something][V→V][V][Opt][PRS][2Sg]
lliiqii	lli-~(g₁)aqe[to.be.V.ing][to.regularly.or.repeatedly.V][V→V]-~i[SBJ.V-ed.something][V→V]-~i[SBJ.V-ed.something][V→V]-~i[SBJ.V-ed.something][V→V][V][Opt][PRS][2Sg]
lliiqii	lli-~(g₁)aqe[to.be.V.ing][to.regularly.or.repeatedly.V][V→V]-~i[SBJ.V-ed.something][V→V]-~i[SBJ.V-ed.something][V→V][V][Opt][PRS][2Sg]
lliiqii	lli-~(g₁)aqe[to.be.V.ing][to.regularly.or.repeatedly.V][V→V]-~i[SBJ.V-ed.something][V→V][V][Intrg][3Sg]
lliiqii	lli-~(g₁)aqe[to.be.V.ing][to.regularly.or.repeatedly.V][V→V][V][Ind][3Sg][3Pl]
lliiqii	lliigh[Imprs_Agnt]-~sf–(g₃)kau[to.have.V-ed][to.have.been.V-ed][V→V]-~i[SBJ.V-ed.something][V→V]-~i[SBJ.V-ed.something][V→V]-~i[SBJ.V-ed.something][V→V]-~i[SBJ.V-ed.something][V→V]-~i[SBJ.V-ed.something][V→V][V][Opt][PRS][2Sg]
lliiqii	lliigh[Imprs_Agnt]-~sf–(g₃)kau[to.have.V-ed][to.have.been.V-ed][V→V]-~i[SBJ.V-ed.something][V→V]-~i[SBJ.V-ed.something][V→V]-~i[SBJ.V-ed.something][V→V]-~i[SBJ.V-ed.something][V→V][V][Opt][PRS][2Sg]
lliiqii	lliigh[Imprs_Agnt]-~sf–(g₃)kau[to.have.V-ed][to.have.been.V-ed][V→V]-~i[SBJ.V-ed.something][V→V]-~i[SBJ.V-ed.something][V→V]-~i[SBJ.V-ed.something][V→V][V][Opt][PRS][2Sg]
lliiqii	lliigh[Imprs_Agnt]-~sf–(g₃)kau[to.have.V-ed][to.have.been.V-ed][V→V]-~i[SBJ.V-ed.something][V→V]-~i[SBJ.V-ed.something][V→V][V][Opt][PRS][2Sg]
lliiqii	lliigh[Imprs_Agnt]-~sf–(g₃)kau[to.have.V-ed][to.have.been.V-ed][V→V]-~i[SBJ.V-ed.something][V→V][V][Opt][PRS][2Sg]

kii	kii
kii	kii[N][Abs][Unpd][Sg]

uyghagllaguftuq	uyghag-–ghllag[big.N][N→N]-~:(ng₁)u[to.be.N][N→V]-(pete)fte[to.evidently.V][to.have.V-ed][V→V][V][Ind][3Sg]

amighregam	+?

kiigha	+?

------------------------
Whaanguq naasquq una ukifkaqaayaqumi unguvanaayanghituq.

whaanguq	+?

naasquq	naa-–squgh[little.N][small.N][N→N][N][Abs][Unpd][Sg]
naasquq	naasqugh[N][Abs][Unpd][Sg]

una	una

ukifkaqaayaqumi	+?

unguvanaayanghituq	+?

------------------------


------------------------
Qaneghmineng ulumineng, nusugwaqii uyghaget ilangi aangaqluteng.

qaneghmineng	qanegh[N][Abl_Mod][4SgPoss][PlPosd]
qaneghmineng	qanegh[N][Abl_Mod][4SgPoss][SgPosd]

ulumineng	ulu[N][Abl_Mod][4SgPoss][PlPosd]
ulumineng	ulu[N][Abl_Mod][4SgPoss][SgPosd]

nusugwaqii	+?

uyghaget	uyghag[N][Abs][Unpd][Pl]
uyghaget	uyghag[N][Rel][Unpd][Pl]

ilangi	ila[N][Abs][3SgPoss][PlPosd]

aangaqluteng	aange-~(g₁)aqe[to.be.V.ing][to.regularly.or.repeatedly.V][V→V]-te[to.act.on.so.as.to.cause.to.V][V→V]-te[to.act.on.so.as.to.cause.to.V][V→V][V][Sbrd][3Pl]
aangaqluteng	aange-~(g₁)aqe[to.be.V.ing][to.regularly.or.repeatedly.V][V→V]-te[to.act.on.so.as.to.cause.to.V][V→V][V][Sbrd][3Pl]
aangaqluteng	aange-~(g₁)aqe[to.be.V.ing][to.regularly.or.repeatedly.V][V→V][V][Sbrd][3Pl]

------------------------
Iwemgaqun eflughwaaghaqluki uyghagighteghwaaghaa.

iwemgaqun	+?

eflughwaaghaqluki	+?

uyghagighteghwaaghaa	+?

------------------------


------------------------
Nekegraamsiighluni taagken igleghsaaghsalghiimi piniighsalghiimi ellnginaghhaayaghqaagpenani, quunpeng alelighyuneghtughqwaaluni.

nekegraamsiighluni	+?

taagken	taagken

igleghsaaghsalghiimi	+?

piniighsalghiimi	piniigh[to.hunt.for.N][to.search.for.N][to.ask.for.N][to.work.with.N][N→V]-te[to.act.on.so.as.to.cause.to.V][V→V]-@₁~fyagh[to.go.V-ing][to.V.in.vain][V→V]-@₁–lghii[the.one.that.V-ed][the.one.that.is.V][V→N][N][Loc][Unpd][Sg]
piniighsalghiimi	piniigh[to.hunt.for.N][to.search.for.N][to.ask.for.N][to.work.with.N][N→V]-te[to.act.on.so.as.to.cause.to.V][V→V]-@₁~fyagh[to.go.V-ing][to.V.in.vain][V→V]-@₁–lghii[the.one.that.V-ed][the.one.that.is.V][V→N][N][Rel][4SgPoss][SgPosd]
piniighsalghiimi	piniigh[to.hunt.for.N][to.search.for.N][to.ask.for.N][to.work.with.N][N→V]-te[to.act.on.so.as.to.cause.to.V][V→V]-@₁~fyagh[to.go.V-ing][to.V.in.vain][V→V]-@₁–lghii[the.one.that.V-ed][the.one.that.is.V][V→N][N][Rel][4SgPoss][PlPosd]
piniighsalghiimi	piniigh[to.hunt.for.N][to.search.for.N][to.ask.for.N][to.work.with.N][N→V]-te[to.act.on.so.as.to.cause.to.V][V→V][V][Ptcp_Obl][4Sg]

ellnginaghhaayaghqaagpenani	+?

quunpeng	quunpeng

alelighyuneghtughqwaaluni	+?

------------------------
Saaq kakavleghwaaghaqluni, alingruughllagaqluni, nekgaqluni.

saaq	sa-~faagh[one.who.keeps.on.V-ing][AUG]
saaq	sa[V][Ind][3Sg]

kakavleghwaaghaqluni	+?

alingruughllagaqluni	+?

nekgaqluni	+?

------------------------


------------------------
Taawa ugpellghegni aghuliillukek.

taawa	taawa

ugpellghegni	+?

aghuliillukek	+?

------------------------
Whangkunginaamta alignalghiimun pinaqeghllak.

whangkunginaamta	+?

alignalghiimun	+?

pinaqeghllak	pi-@₁~fnaqe[to.be.going.to.V][V→V]-–ghllak[big.N][AUG]
pinaqeghllak	pi-~:(u)te[to.V.for.or.with][to.cause.to.V.as.one.is.V-ing][to.V.toward.each.other][V→V]-@₁~fnaqe[to.be.going.to.V][V→V]-–ghllak[big.N][AUG]
pinaqeghllak	pi-~:(u)te[SBJ.V-ed.something][V→V]-@₁~fnaqe[to.be.going.to.V][V→V]-–ghllak[big.N][AUG]

------------------------
Qenwatqun Aawyaankuk nulighqullghiik tagitkagput, aqfakek kitum, atghak maavek.

qenwatqun	+?

aawyaankuk	+?

nulighqullghiik	+?

tagitkagput	+?

aqfakek	aqfa-@*@₂~sf–(g₂)k(a)e[the.one.that.possessor.V-ed][V→N][N][Abs][Unpd][Du]
aqfakek	aqfa-@*@₂~sf–(g₂)k(a)e[the.one.that.possessor.V-ed][V→N][N][Rel][Unpd][Du]
aqfakek	aqfa[V][Opt][PRS][2Sg][3Du]
aqfakek	aqfa[V][Intrg][2Pl][3Du]

kitum	kitum

atghak	+?

maavek	maavek

------------------------


------------------------
Naqamllu sanghitaak, temngi sanaanghinniluku naten yuwhaam.

naqamllu	+?

sanghitaak	+?

temngi	+?

sanaanghinniluku	sa-@₁~fnaanghite[will.not.V][V→V]-@₁~fni[to.say.that.one.is.V-ing][Cmpd_Vbl]-~:(u)te[to.V.for.or.with][to.cause.to.V.as.one.is.V-ing][to.V.toward.each.other][V→V][V][Sbrd][1Du][3Sg]
sanaanghinniluku	sa-@₁~fnaanghite[will.not.V][V→V]-@₁~fni[to.say.that.one.is.V-ing][Cmpd_Vbl]-~:(u)te[to.V.for.or.with][to.cause.to.V.as.one.is.V-ing][to.V.toward.each.other][V→V][V][Sbrd][1Pl][3Sg]
sanaanghinniluku	sa-@₁~fnaanghite[will.not.V][V→V]-@₁~fni[to.say.that.one.is.V-ing][Cmpd_Vbl]-~:(u)te[to.V.for.or.with][to.cause.to.V.as.one.is.V-ing][to.V.toward.each.other][V→V][V][Sbrd][1Sg][3Sg]
sanaanghinniluku	sa-@₁~fnaanghite[will.not.V][V→V]-@₁~fni[to.say.that.one.is.V-ing][Cmpd_Vbl]-~:(u)te[to.V.for.or.with][to.cause.to.V.as.one.is.V-ing][to.V.toward.each.other][V→V][V][Sbrd][2Du][3Sg]
sanaanghinniluku	sa-@₁~fnaanghite[will.not.V][V→V]-@₁~fni[to.say.that.one.is.V-ing][Cmpd_Vbl]-~:(u)te[to.V.for.or.with][to.cause.to.V.as.one.is.V-ing][to.V.toward.each.other][V→V][V][Sbrd][2Pl][3Sg]
sanaanghinniluku	sa-@₁~fnaanghite[will.not.V][V→V]-@₁~fni[to.say.that.one.is.V-ing][Cmpd_Vbl]-~:(u)te[to.V.for.or.with][to.cause.to.V.as.one.is.V-ing][to.V.toward.each.other][V→V][V][Sbrd][2Sg][3Sg]
sanaanghinniluku	sa-@₁~fnaanghite[will.not.V][V→V]-@₁~fni[to.say.that.one.is.V-ing][Cmpd_Vbl]-~:(u)te[to.V.for.or.with][to.cause.to.V.as.one.is.V-ing][to.V.toward.each.other][V→V][V][Sbrd][3Du][3Sg]
sanaanghinniluku	sa-@₁~fnaanghite[will.not.V][V→V]-@₁~fni[to.say.that.one.is.V-ing][Cmpd_Vbl]-~:(u)te[to.V.for.or.with][to.cause.to.V.as.one.is.V-ing][to.V.toward.each.other][V→V][V][Sbrd][3Pl][3Sg]
sanaanghinniluku	sa-@₁~fnaanghite[will.not.V][V→V]-@₁~fni[to.say.that.one.is.V-ing][Cmpd_Vbl]-~:(u)te[to.V.for.or.with][to.cause.to.V.as.one.is.V-ing][to.V.toward.each.other][V→V][V][Sbrd][3Sg][3Sg]
sanaanghinniluku	sa-@₁~fnaanghite[will.not.V][V→V]-@₁~fni[to.say.that.one.is.V-ing][Cmpd_Vbl][V][Sbrd][1Du][3Sg]
sanaanghinniluku	sa-@₁~fnaanghite[will.not.V][V→V]-@₁~fni[to.say.that.one.is.V-ing][Cmpd_Vbl][V][Sbrd][1Pl][3Sg]
sanaanghinniluku	sa-@₁~fnaanghite[will.not.V][V→V]-@₁~fni[to.say.that.one.is.V-ing][Cmpd_Vbl][V][Sbrd][1Sg][3Sg]
sanaanghinniluku	sa-@₁~fnaanghite[will.not.V][V→V]-@₁~fni[to.say.that.one.is.V-ing][Cmpd_Vbl][V][Sbrd][2Du][3Sg]
sanaanghinniluku	sa-@₁~fnaanghite[will.not.V][V→V]-@₁~fni[to.say.that.one.is.V-ing][Cmpd_Vbl][V][Sbrd][2Pl][3Sg]
sanaanghinniluku	sa-@₁~fnaanghite[will.not.V][V→V]-@₁~fni[to.say.that.one.is.V-ing][Cmpd_Vbl][V][Sbrd][2Sg][3Sg]
sanaanghinniluku	sa-@₁~fnaanghite[will.not.V][V→V]-@₁~fni[to.say.that.one.is.V-ing][Cmpd_Vbl][V][Sbrd][3Du][3Sg]
sanaanghinniluku	sa-@₁~fnaanghite[will.not.V][V→V]-@₁~fni[to.say.that.one.is.V-ing][Cmpd_Vbl][V][Sbrd][3Pl][3Sg]
sanaanghinniluku	sa-@₁~fnaanghite[will.not.V][V→V]-@₁~fni[to.say.that.one.is.V-ing][Cmpd_Vbl][V][Sbrd][3Sg][3Sg]
sanaanghinniluku	sa-@₁~fnaanghite[will.not.V][V→V]-te[to.act.on.so.as.to.cause.to.V][V→V]-@₁~fni[to.say.that.one.is.V-ing][Cmpd_Vbl]-~:(u)te[to.V.for.or.with][to.cause.to.V.as.one.is.V-ing][to.V.toward.each.other][V→V][V][Sbrd][1Du][3Sg]
sanaanghinniluku	sa-@₁~fnaanghite[will.not.V][V→V]-te[to.act.on.so.as.to.cause.to.V][V→V]-@₁~fni[to.say.that.one.is.V-ing][Cmpd_Vbl]-~:(u)te[to.V.for.or.with][to.cause.to.V.as.one.is.V-ing][to.V.toward.each.other][V→V][V][Sbrd][1Pl][3Sg]
sanaanghinniluku	sa-@₁~fnaanghite[will.not.V][V→V]-te[to.act.on.so.as.to.cause.to.V][V→V]-@₁~fni[to.say.that.one.is.V-ing][Cmpd_Vbl]-~:(u)te[to.V.for.or.with][to.cause.to.V.as.one.is.V-ing][to.V.toward.each.other][V→V][V][Sbrd][1Sg][3Sg]
sanaanghinniluku	sa-@₁~fnaanghite[will.not.V][V→V]-te[to.act.on.so.as.to.cause.to.V][V→V]-@₁~fni[to.say.that.one.is.V-ing][Cmpd_Vbl]-~:(u)te[to.V.for.or.with][to.cause.to.V.as.one.is.V-ing][to.V.toward.each.other][V→V][V][Sbrd][2Du][3Sg]
sanaanghinniluku	sa-@₁~fnaanghite[will.not.V][V→V]-te[to.act.on.so.as.to.cause.to.V][V→V]-@₁~fni[to.say.that.one.is.V-ing][Cmpd_Vbl]-~:(u)te[to.V.for.or.with][to.cause.to.V.as.one.is.V-ing][to.V.toward.each.other][V→V][V][Sbrd][2Pl][3Sg]
sanaanghinniluku	sa-@₁~fnaanghite[will.not.V][V→V]-te[to.act.on.so.as.to.cause.to.V][V→V]-@₁~fni[to.say.that.one.is.V-ing][Cmpd_Vbl]-~:(u)te[to.V.for.or.with][to.cause.to.V.as.one.is.V-ing][to.V.toward.each.other][V→V][V][Sbrd][2Sg][3Sg]
sanaanghinniluku	sa-@₁~fnaanghite[will.not.V][V→V]-te[to.act.on.so.as.to.cause.to.V][V→V]-@₁~fni[to.say.that.one.is.V-ing][Cmpd_Vbl]-~:(u)te[to.V.for.or.with][to.cause.to.V.as.one.is.V-ing][to.V.toward.each.other][V→V][V][Sbrd][3Du][3Sg]
sanaanghinniluku	sa-@₁~fnaanghite[will.not.V][V→V]-te[to.act.on.so.as.to.cause.to.V][V→V]-@₁~fni[to.say.that.one.is.V-ing][Cmpd_Vbl]-~:(u)te[to.V.for.or.with][to.cause.to.V.as.one.is.V-ing][to.V.toward.each.other][V→V][V][Sbrd][3Pl][3Sg]
sanaanghinniluku	sa-@₁~fnaanghite[will.not.V][V→V]-te[to.act.on.so.as.to.cause.to.V][V→V]-@₁~fni[to.say.that.one.is.V-ing][Cmpd_Vbl]-~:(u)te[to.V.for.or.with][to.cause.to.V.as.one.is.V-ing][to.V.toward.each.other][V→V][V][Sbrd][3Sg][3Sg]
sanaanghinniluku	sa-@₁~fnaanghite[will.not.V][V→V]-te[to.act.on.so.as.to.cause.to.V][V→V]-@₁~fni[to.say.that.one.is.V-ing][Cmpd_Vbl][V][Sbrd][1Du][3Sg]
sanaanghinniluku	sa-@₁~fnaanghite[will.not.V][V→V]-te[to.act.on.so.as.to.cause.to.V][V→V]-@₁~fni[to.say.that.one.is.V-ing][Cmpd_Vbl][V][Sbrd][1Pl][3Sg]
sanaanghinniluku	sa-@₁~fnaanghite[will.not.V][V→V]-te[to.act.on.so.as.to.cause.to.V][V→V]-@₁~fni[to.say.that.one.is.V-ing][Cmpd_Vbl][V][Sbrd][1Sg][3Sg]
sanaanghinniluku	sa-@₁~fnaanghite[will.not.V][V→V]-te[to.act.on.so.as.to.cause.to.V][V→V]-@₁~fni[to.say.that.one.is.V-ing][Cmpd_Vbl][V][Sbrd][2Du][3Sg]
sanaanghinniluku	sa-@₁~fnaanghite[will.not.V][V→V]-te[to.act.on.so.as.to.cause.to.V][V→V]-@₁~fni[to.say.that.one.is.V-ing][Cmpd_Vbl][V][Sbrd][2Pl][3Sg]
sanaanghinniluku	sa-@₁~fnaanghite[will.not.V][V→V]-te[to.act.on.so.as.to.cause.to.V][V→V]-@₁~fni[to.say.that.one.is.V-ing][Cmpd_Vbl][V][Sbrd][2Sg][3Sg]
sanaanghinniluku	sa-@₁~fnaanghite[will.not.V][V→V]-te[to.act.on.so.as.to.cause.to.V][V→V]-@₁~fni[to.say.that.one.is.V-ing][Cmpd_Vbl][V][Sbrd][3Du][3Sg]
sanaanghinniluku	sa-@₁~fnaanghite[will.not.V][V→V]-te[to.act.on.so.as.to.cause.to.V][V→V]-@₁~fni[to.say.that.one.is.V-ing][Cmpd_Vbl][V][Sbrd][3Pl][3Sg]
sanaanghinniluku	sa-@₁~fnaanghite[will.not.V][V→V]-te[to.act.on.so.as.to.cause.to.V][V→V]-@₁~fni[to.say.that.one.is.V-ing][Cmpd_Vbl][V][Sbrd][3Sg][3Sg]
sanaanghinniluku	sa-~:(u)te[to.V.for.or.with][to.cause.to.V.as.one.is.V-ing][to.V.toward.each.other][V→V]-@₁~fnaanghite[will.not.V][V→V]-@₁~fni[to.say.that.one.is.V-ing][Cmpd_Vbl]-~:(u)te[to.V.for.or.with][to.cause.to.V.as.one.is.V-ing][to.V.toward.each.other][V→V][V][Sbrd][1Du][3Sg]
sanaanghinniluku	sa-~:(u)te[to.V.for.or.with][to.cause.to.V.as.one.is.V-ing][to.V.toward.each.other][V→V]-@₁~fnaanghite[will.not.V][V→V]-@₁~fni[to.say.that.one.is.V-ing][Cmpd_Vbl]-~:(u)te[to.V.for.or.with][to.cause.to.V.as.one.is.V-ing][to.V.toward.each.other][V→V][V][Sbrd][1Pl][3Sg]
sanaanghinniluku	sa-~:(u)te[to.V.for.or.with][to.cause.to.V.as.one.is.V-ing][to.V.toward.each.other][V→V]-@₁~fnaanghite[will.not.V][V→V]-@₁~fni[to.say.that.one.is.V-ing][Cmpd_Vbl]-~:(u)te[to.V.for.or.with][to.cause.to.V.as.one.is.V-ing][to.V.toward.each.other][V→V][V][Sbrd][1Sg][3Sg]
sanaanghinniluku	sa-~:(u)te[to.V.for.or.with][to.cause.to.V.as.one.is.V-ing][to.V.toward.each.other][V→V]-@₁~fnaanghite[will.not.V][V→V]-@₁~fni[to.say.that.one.is.V-ing][Cmpd_Vbl]-~:(u)te[to.V.for.or.with][to.cause.to.V.as.one.is.V-ing][to.V.toward.each.other][V→V][V][Sbrd][2Du][3Sg]
sanaanghinniluku	sa-~:(u)te[to.V.for.or.with][to.cause.to.V.as.one.is.V-ing][to.V.toward.each.other][V→V]-@₁~fnaanghite[will.not.V][V→V]-@₁~fni[to.say.that.one.is.V-ing][Cmpd_Vbl]-~:(u)te[to.V.for.or.with][to.cause.to.V.as.one.is.V-ing][to.V.toward.each.other][V→V][V][Sbrd][2Pl][3Sg]
sanaanghinniluku	sa-~:(u)te[to.V.for.or.with][to.cause.to.V.as.one.is.V-ing][to.V.toward.each.other][V→V]-@₁~fnaanghite[will.not.V][V→V]-@₁~fni[to.say.that.one.is.V-ing][Cmpd_Vbl]-~:(u)te[to.V.for.or.with][to.cause.to.V.as.one.is.V-ing][to.V.toward.each.other][V→V][V][Sbrd][2Sg][3Sg]
sanaanghinniluku	sa-~:(u)te[to.V.for.or.with][to.cause.to.V.as.one.is.V-ing][to.V.toward.each.other][V→V]-@₁~fnaanghite[will.not.V][V→V]-@₁~fni[to.say.that.one.is.V-ing][Cmpd_Vbl]-~:(u)te[to.V.for.or.with][to.cause.to.V.as.one.is.V-ing][to.V.toward.each.other][V→V][V][Sbrd][3Du][3Sg]
sanaanghinniluku	sa-~:(u)te[to.V.for.or.with][to.cause.to.V.as.one.is.V-ing][to.V.toward.each.other][V→V]-@₁~fnaanghite[will.not.V][V→V]-@₁~fni[to.say.that.one.is.V-ing][Cmpd_Vbl]-~:(u)te[to.V.for.or.with][to.cause.to.V.as.one.is.V-ing][to.V.toward.each.other][V→V][V][Sbrd][3Pl][3Sg]
sanaanghinniluku	sa-~:(u)te[to.V.for.or.with][to.cause.to.V.as.one.is.V-ing][to.V.toward.each.other][V→V]-@₁~fnaanghite[will.not.V][V→V]-@₁~fni[to.say.that.one.is.V-ing][Cmpd_Vbl]-~:(u)te[to.V.for.or.with][to.cause.to.V.as.one.is.V-ing][to.V.toward.each.other][V→V][V][Sbrd][3Sg][3Sg]
sanaanghinniluku	sa-~:(u)te[to.V.for.or.with][to.cause.to.V.as.one.is.V-ing][to.V.toward.each.other][V→V]-@₁~fnaanghite[will.not.V][V→V]-@₁~fni[to.say.that.one.is.V-ing][Cmpd_Vbl][V][Sbrd][1Du][3Sg]
sanaanghinniluku	sa-~:(u)te[to.V.for.or.with][to.cause.to.V.as.one.is.V-ing][to.V.toward.each.other][V→V]-@₁~fnaanghite[will.not.V][V→V]-@₁~fni[to.say.that.one.is.V-ing][Cmpd_Vbl][V][Sbrd][1Pl][3Sg]
sanaanghinniluku	sa-~:(u)te[to.V.for.or.with][to.cause.to.V.as.one.is.V-ing][to.V.toward.each.other][V→V]-@₁~fnaanghite[will.not.V][V→V]-@₁~fni[to.say.that.one.is.V-ing][Cmpd_Vbl][V][Sbrd][1Sg][3Sg]
sanaanghinniluku	sa-~:(u)te[to.V.for.or.with][to.cause.to.V.as.one.is.V-ing][to.V.toward.each.other][V→V]-@₁~fnaanghite[will.not.V][V→V]-@₁~fni[to.say.that.one.is.V-ing][Cmpd_Vbl][V][Sbrd][2Du][3Sg]
sanaanghinniluku	sa-~:(u)te[to.V.for.or.with][to.cause.to.V.as.one.is.V-ing][to.V.toward.each.other][V→V]-@₁~fnaanghite[will.not.V][V→V]-@₁~fni[to.say.that.one.is.V-ing][Cmpd_Vbl][V][Sbrd][2Pl][3Sg]
sanaanghinniluku	sa-~:(u)te[to.V.for.or.with][to.cause.to.V.as.one.is.V-ing][to.V.toward.each.other][V→V]-@₁~fnaanghite[will.not.V][V→V]-@₁~fni[to.say.that.one.is.V-ing][Cmpd_Vbl][V][Sbrd][2Sg][3Sg]
sanaanghinniluku	sa-~:(u)te[to.V.for.or.with][to.cause.to.V.as.one.is.V-ing][to.V.toward.each.other][V→V]-@₁~fnaanghite[will.not.V][V→V]-@₁~fni[to.say.that.one.is.V-ing][Cmpd_Vbl][V][Sbrd][3Du][3Sg]
sanaanghinniluku	sa-~:(u)te[to.V.for.or.with][to.cause.to.V.as.one.is.V-ing][to.V.toward.each.other][V→V]-@₁~fnaanghite[will.not.V][V→V]-@₁~fni[to.say.that.one.is.V-ing][Cmpd_Vbl][V][Sbrd][3Pl][3Sg]
sanaanghinniluku	sa-~:(u)te[to.V.for.or.with][to.cause.to.V.as.one.is.V-ing][to.V.toward.each.other][V→V]-@₁~fnaanghite[will.not.V][V→V]-@₁~fni[to.say.that.one.is.V-ing][Cmpd_Vbl][V][Sbrd][3Sg][3Sg]
sanaanghinniluku	sa-~:(u)te[to.V.for.or.with][to.cause.to.V.as.one.is.V-ing][to.V.toward.each.other][V→V]-@₁~fnaanghite[will.not.V][V→V]-te[to.act.on.so.as.to.cause.to.V][V→V]-@₁~fni[to.say.that.one.is.V-ing][Cmpd_Vbl]-~:(u)te[to.V.for.or.with][to.cause.to.V.as.one.is.V-ing][to.V.toward.each.other][V→V][V][Sbrd][1Du][3Sg]
sanaanghinniluku	sa-~:(u)te[to.V.for.or.with][to.cause.to.V.as.one.is.V-ing][to.V.toward.each.other][V→V]-@₁~fnaanghite[will.not.V][V→V]-te[to.act.on.so.as.to.cause.to.V][V→V]-@₁~fni[to.say.that.one.is.V-ing][Cmpd_Vbl]-~:(u)te[to.V.for.or.with][to.cause.to.V.as.one.is.V-ing][to.V.toward.each.other][V→V][V][Sbrd][1Pl][3Sg]
sanaanghinniluku	sa-~:(u)te[to.V.for.or.with][to.cause.to.V.as.one.is.V-ing][to.V.toward.each.other][V→V]-@₁~fnaanghite[will.not.V][V→V]-te[to.act.on.so.as.to.cause.to.V][V→V]-@₁~fni[to.say.that.one.is.V-ing][Cmpd_Vbl]-~:(u)te[to.V.for.or.with][to.cause.to.V.as.one.is.V-ing][to.V.toward.each.other][V→V][V][Sbrd][1Sg][3Sg]
sanaanghinniluku	sa-~:(u)te[to.V.for.or.with][to.cause.to.V.as.one.is.V-ing][to.V.toward.each.other][V→V]-@₁~fnaanghite[will.not.V][V→V]-te[to.act.on.so.as.to.cause.to.V][V→V]-@₁~fni[to.say.that.one.is.V-ing][Cmpd_Vbl]-~:(u)te[to.V.for.or.with][to.cause.to.V.as.one.is.V-ing][to.V.toward.each.other][V→V][V][Sbrd][2Du][3Sg]
sanaanghinniluku	sa-~:(u)te[to.V.for.or.with][to.cause.to.V.as.one.is.V-ing][to.V.toward.each.other][V→V]-@₁~fnaanghite[will.not.V][V→V]-te[to.act.on.so.as.to.cause.to.V][V→V]-@₁~fni[to.say.that.one.is.V-ing][Cmpd_Vbl]-~:(u)te[to.V.for.or.with][to.cause.to.V.as.one.is.V-ing][to.V.toward.each.other][V→V][V][Sbrd][2Pl][3Sg]
sanaanghinniluku	sa-~:(u)te[to.V.for.or.with][to.cause.to.V.as.one.is.V-ing][to.V.toward.each.other][V→V]-@₁~fnaanghite[will.not.V][V→V]-te[to.act.on.so.as.to.cause.to.V][V→V]-@₁~fni[to.say.that.one.is.V-ing][Cmpd_Vbl]-~:(u)te[to.V.for.or.with][to.cause.to.V.as.one.is.V-ing][to.V.toward.each.other][V→V][V][Sbrd][2Sg][3Sg]
sanaanghinniluku	sa-~:(u)te[to.V.for.or.with][to.cause.to.V.as.one.is.V-ing][to.V.toward.each.other][V→V]-@₁~fnaanghite[will.not.V][V→V]-te[to.act.on.so.as.to.cause.to.V][V→V]-@₁~fni[to.say.that.one.is.V-ing][Cmpd_Vbl]-~:(u)te[to.V.for.or.with][to.cause.to.V.as.one.is.V-ing][to.V.toward.each.other][V→V][V][Sbrd][3Du][3Sg]
sanaanghinniluku	sa-~:(u)te[to.V.for.or.with][to.cause.to.V.as.one.is.V-ing][to.V.toward.each.other][V→V]-@₁~fnaanghite[will.not.V][V→V]-te[to.act.on.so.as.to.cause.to.V][V→V]-@₁~fni[to.say.that.one.is.V-ing][Cmpd_Vbl]-~:(u)te[to.V.for.or.with][to.cause.to.V.as.one.is.V-ing][to.V.toward.each.other][V→V][V][Sbrd][3Pl][3Sg]
sanaanghinniluku	sa-~:(u)te[to.V.for.or.with][to.cause.to.V.as.one.is.V-ing][to.V.toward.each.other][V→V]-@₁~fnaanghite[will.not.V][V→V]-te[to.act.on.so.as.to.cause.to.V][V→V]-@₁~fni[to.say.that.one.is.V-ing][Cmpd_Vbl]-~:(u)te[to.V.for.or.with][to.cause.to.V.as.one.is.V-ing][to.V.toward.each.other][V→V][V][Sbrd][3Sg][3Sg]
sanaanghinniluku	sa-~:(u)te[to.V.for.or.with][to.cause.to.V.as.one.is.V-ing][to.V.toward.each.other][V→V]-@₁~fnaanghite[will.not.V][V→V]-te[to.act.on.so.as.to.cause.to.V][V→V]-@₁~fni[to.say.that.one.is.V-ing][Cmpd_Vbl][V][Sbrd][1Du][3Sg]
sanaanghinniluku	sa-~:(u)te[to.V.for.or.with][to.cause.to.V.as.one.is.V-ing][to.V.toward.each.other][V→V]-@₁~fnaanghite[will.not.V][V→V]-te[to.act.on.so.as.to.cause.to.V][V→V]-@₁~fni[to.say.that.one.is.V-ing][Cmpd_Vbl][V][Sbrd][1Pl][3Sg]
sanaanghinniluku	sa-~:(u)te[to.V.for.or.with][to.cause.to.V.as.one.is.V-ing][to.V.toward.each.other][V→V]-@₁~fnaanghite[will.not.V][V→V]-te[to.act.on.so.as.to.cause.to.V][V→V]-@₁~fni[to.say.that.one.is.V-ing][Cmpd_Vbl][V][Sbrd][1Sg][3Sg]
sanaanghinniluku	sa-~:(u)te[to.V.for.or.with][to.cause.to.V.as.one.is.V-ing][to.V.toward.each.other][V→V]-@₁~fnaanghite[will.not.V][V→V]-te[to.act.on.so.as.to.cause.to.V][V→V]-@₁~fni[to.say.that.one.is.V-ing][Cmpd_Vbl][V][Sbrd][2Du][3Sg]
sanaanghinniluku	sa-~:(u)te[to.V.for.or.with][to.cause.to.V.as.one.is.V-ing][to.V.toward.each.other][V→V]-@₁~fnaanghite[will.not.V][V→V]-te[to.act.on.so.as.to.cause.to.V][V→V]-@₁~fni[to.say.that.one.is.V-ing][Cmpd_Vbl][V][Sbrd][2Pl][3Sg]
sanaanghinniluku	sa-~:(u)te[to.V.for.or.with][to.cause.to.V.as.one.is.V-ing][to.V.toward.each.other][V→V]-@₁~fnaanghite[will.not.V][V→V]-te[to.act.on.so.as.to.cause.to.V][V→V]-@₁~fni[to.say.that.one.is.V-ing][Cmpd_Vbl][V][Sbrd][2Sg][3Sg]
sanaanghinniluku	sa-~:(u)te[to.V.for.or.with][to.cause.to.V.as.one.is.V-ing][to.V.toward.each.other][V→V]-@₁~fnaanghite[will.not.V][V→V]-te[to.act.on.so.as.to.cause.to.V][V→V]-@₁~fni[to.say.that.one.is.V-ing][Cmpd_Vbl][V][Sbrd][3Du][3Sg]
sanaanghinniluku	sa-~:(u)te[to.V.for.or.with][to.cause.to.V.as.one.is.V-ing][to.V.toward.each.other][V→V]-@₁~fnaanghite[will.not.V][V→V]-te[to.act.on.so.as.to.cause.to.V][V→V]-@₁~fni[to.say.that.one.is.V-ing][Cmpd_Vbl][V][Sbrd][3Pl][3Sg]
sanaanghinniluku	sa-~:(u)te[to.V.for.or.with][to.cause.to.V.as.one.is.V-ing][to.V.toward.each.other][V→V]-@₁~fnaanghite[will.not.V][V→V]-te[to.act.on.so.as.to.cause.to.V][V→V]-@₁~fni[to.say.that.one.is.V-ing][Cmpd_Vbl][V][Sbrd][3Sg][3Sg]
sanaanghinniluku	sa-~:(u)te[to.V.for.or.with][to.cause.to.V.as.one.is.V-ing][to.V.toward.each.other][V→V]-@₁~fnaanghite[will.not.V][V→V]-te[to.act.on.so.as.to.cause.to.V][V→V]-te[to.act.on.so.as.to.cause.to.V][V→V]-@₁~fni[to.say.that.one.is.V-ing][Cmpd_Vbl]-~:(u)te[to.V.for.or.with][to.cause.to.V.as.one.is.V-ing][to.V.toward.each.other][V→V][V][Sbrd][1Du][3Sg]
sanaanghinniluku	sa-~:(u)te[to.V.for.or.with][to.cause.to.V.as.one.is.V-ing][to.V.toward.each.other][V→V]-@₁~fnaanghite[will.not.V][V→V]-te[to.act.on.so.as.to.cause.to.V][V→V]-te[to.act.on.so.as.to.cause.to.V][V→V]-@₁~fni[to.say.that.one.is.V-ing][Cmpd_Vbl]-~:(u)te[to.V.for.or.with][to.cause.to.V.as.one.is.V-ing][to.V.toward.each.other][V→V][V][Sbrd][1Pl][3Sg]
sanaanghinniluku	sa-~:(u)te[to.V.for.or.with][to.cause.to.V.as.one.is.V-ing][to.V.toward.each.other][V→V]-@₁~fnaanghite[will.not.V][V→V]-te[to.act.on.so.as.to.cause.to.V][V→V]-te[to.act.on.so.as.to.cause.to.V][V→V]-@₁~fni[to.say.that.one.is.V-ing][Cmpd_Vbl]-~:(u)te[to.V.for.or.with][to.cause.to.V.as.one.is.V-ing][to.V.toward.each.other][V→V][V][Sbrd][1Sg][3Sg]
sanaanghinniluku	sa-~:(u)te[to.V.for.or.with][to.cause.to.V.as.one.is.V-ing][to.V.toward.each.other][V→V]-@₁~fnaanghite[will.not.V][V→V]-te[to.act.on.so.as.to.cause.to.V][V→V]-te[to.act.on.so.as.to.cause.to.V][V→V]-@₁~fni[to.say.that.one.is.V-ing][Cmpd_Vbl]-~:(u)te[to.V.for.or.with][to.cause.to.V.as.one.is.V-ing][to.V.toward.each.other][V→V][V][Sbrd][2Du][3Sg]
sanaanghinniluku	sa-~:(u)te[to.V.for.or.with][to.cause.to.V.as.one.is.V-ing][to.V.toward.each.other][V→V]-@₁~fnaanghite[will.not.V][V→V]-te[to.act.on.so.as.to.cause.to.V][V→V]-te[to.act.on.so.as.to.cause.to.V][V→V]-@₁~fni[to.say.that.one.is.V-ing][Cmpd_Vbl]-~:(u)te[to.V.for.or.with][to.cause.to.V.as.one.is.V-ing][to.V.toward.each.other][V→V][V][Sbrd][2Pl][3Sg]
sanaanghinniluku	sa-~:(u)te[to.V.for.or.with][to.cause.to.V.as.one.is.V-ing][to.V.toward.each.other][V→V]-@₁~fnaanghite[will.not.V][V→V]-te[to.act.on.so.as.to.cause.to.V][V→V]-te[to.act.on.so.as.to.cause.to.V][V→V]-@₁~fni[to.say.that.one.is.V-ing][Cmpd_Vbl]-~:(u)te[to.V.for.or.with][to.cause.to.V.as.one.is.V-ing][to.V.toward.each.other][V→V][V][Sbrd][2Sg][3Sg]
sanaanghinniluku	sa-~:(u)te[to.V.for.or.with][to.cause.to.V.as.one.is.V-ing][to.V.toward.each.other][V→V]-@₁~fnaanghite[will.not.V][V→V]-te[to.act.on.so.as.to.cause.to.V][V→V]-te[to.act.on.so.as.to.cause.to.V][V→V]-@₁~fni[to.say.that.one.is.V-ing][Cmpd_Vbl]-~:(u)te[to.V.for.or.with][to.cause.to.V.as.one.is.V-ing][to.V.toward.each.other][V→V][V][Sbrd][3Du][3Sg]
sanaanghinniluku	sa-~:(u)te[to.V.for.or.with][to.cause.to.V.as.one.is.V-ing][to.V.toward.each.other][V→V]-@₁~fnaanghite[will.not.V][V→V]-te[to.act.on.so.as.to.cause.to.V][V→V]-te[to.act.on.so.as.to.cause.to.V][V→V]-@₁~fni[to.say.that.one.is.V-ing][Cmpd_Vbl]-~:(u)te[to.V.for.or.with][to.cause.to.V.as.one.is.V-ing][to.V.toward.each.other][V→V][V][Sbrd][3Pl][3Sg]
sanaanghinniluku	sa-~:(u)te[to.V.for.or.with][to.cause.to.V.as.one.is.V-ing][to.V.toward.each.other][V→V]-@₁~fnaanghite[will.not.V][V→V]-te[to.act.on.so.as.to.cause.to.V][V→V]-te[to.act.on.so.as.to.cause.to.V][V→V]-@₁~fni[to.say.that.one.is.V-ing][Cmpd_Vbl]-~:(u)te[to.V.for.or.with][to.cause.to.V.as.one.is.V-ing][to.V.toward.each.other][V→V][V][Sbrd][3Sg][3Sg]
sanaanghinniluku	sa-~:(u)te[to.V.for.or.with][to.cause.to.V.as.one.is.V-ing][to.V.toward.each.other][V→V]-@₁~fnaanghite[will.not.V][V→V]-te[to.act.on.so.as.to.cause.to.V][V→V]-te[to.act.on.so.as.to.cause.to.V][V→V]-@₁~fni[to.say.that.one.is.V-ing][Cmpd_Vbl][V][Sbrd][1Du][3Sg]
sanaanghinniluku	sa-~:(u)te[to.V.for.or.with][to.cause.to.V.as.one.is.V-ing][to.V.toward.each.other][V→V]-@₁~fnaanghite[will.not.V][V→V]-te[to.act.on.so.as.to.cause.to.V][V→V]-te[to.act.on.so.as.to.cause.to.V][V→V]-@₁~fni[to.say.that.one.is.V-ing][Cmpd_Vbl][V][Sbrd][1Pl][3Sg]
sanaanghinniluku	sa-~:(u)te[to.V.for.or.with][to.cause.to.V.as.one.is.V-ing][to.V.toward.each.other][V→V]-@₁~fnaanghite[will.not.V][V→V]-te[to.act.on.so.as.to.cause.to.V][V→V]-te[to.act.on.so.as.to.cause.to.V][V→V]-@₁~fni[to.say.that.one.is.V-ing][Cmpd_Vbl][V][Sbrd][1Sg][3Sg]
sanaanghinniluku	sa-~:(u)te[to.V.for.or.with][to.cause.to.V.as.one.is.V-ing][to.V.toward.each.other][V→V]-@₁~fnaanghite[will.not.V][V→V]-te[to.act.on.so.as.to.cause.to.V][V→V]-te[to.act.on.so.as.to.cause.to.V][V→V]-@₁~fni[to.say.that.one.is.V-ing][Cmpd_Vbl][V][Sbrd][2Du][3Sg]
sanaanghinniluku	sa-~:(u)te[to.V.for.or.with][to.cause.to.V.as.one.is.V-ing][to.V.toward.each.other][V→V]-@₁~fnaanghite[will.not.V][V→V]-te[to.act.on.so.as.to.cause.to.V][V→V]-te[to.act.on.so.as.to.cause.to.V][V→V]-@₁~fni[to.say.that.one.is.V-ing][Cmpd_Vbl][V][Sbrd][2Pl][3Sg]
sanaanghinniluku	sa-~:(u)te[to.V.for.or.with][to.cause.to.V.as.one.is.V-ing][to.V.toward.each.other][V→V]-@₁~fnaanghite[will.not.V][V→V]-te[to.act.on.so.as.to.cause.to.V][V→V]-te[to.act.on.so.as.to.cause.to.V][V→V]-@₁~fni[to.say.that.one.is.V-ing][Cmpd_Vbl][V][Sbrd][2Sg][3Sg]
sanaanghinniluku	sa-~:(u)te[to.V.for.or.with][to.cause.to.V.as.one.is.V-ing][to.V.toward.each.other][V→V]-@₁~fnaanghite[will.not.V][V→V]-te[to.act.on.so.as.to.cause.to.V][V→V]-te[to.act.on.so.as.to.cause.to.V][V→V]-@₁~fni[to.say.that.one.is.V-ing][Cmpd_Vbl][V][Sbrd][3Du][3Sg]
sanaanghinniluku	sa-~:(u)te[to.V.for.or.with][to.cause.to.V.as.one.is.V-ing][to.V.toward.each.other][V→V]-@₁~fnaanghite[will.not.V][V→V]-te[to.act.on.so.as.to.cause.to.V][V→V]-te[to.act.on.so.as.to.cause.to.V][V→V]-@₁~fni[to.say.that.one.is.V-ing][Cmpd_Vbl][V][Sbrd][3Pl][3Sg]
sanaanghinniluku	sa-~:(u)te[to.V.for.or.with][to.cause.to.V.as.one.is.V-ing][to.V.toward.each.other][V→V]-@₁~fnaanghite[will.not.V][V→V]-te[to.act.on.so.as.to.cause.to.V][V→V]-te[to.act.on.so.as.to.cause.to.V][V→V]-@₁~fni[to.say.that.one.is.V-ing][Cmpd_Vbl][V][Sbrd][3Sg][3Sg]
sanaanghinniluku	sa-~:(u)te[SBJ.V-ed.something][V→V]-@₁~fnaanghite[will.not.V][V→V]-@₁~fni[to.say.that.one.is.V-ing][Cmpd_Vbl]-~:(u)te[to.V.for.or.with][to.cause.to.V.as.one.is.V-ing][to.V.toward.each.other][V→V][V][Sbrd][1Du][3Sg]
sanaanghinniluku	sa-~:(u)te[SBJ.V-ed.something][V→V]-@₁~fnaanghite[will.not.V][V→V]-@₁~fni[to.say.that.one.is.V-ing][Cmpd_Vbl]-~:(u)te[to.V.for.or.with][to.cause.to.V.as.one.is.V-ing][to.V.toward.each.other][V→V][V][Sbrd][1Pl][3Sg]
sanaanghinniluku	sa-~:(u)te[SBJ.V-ed.something][V→V]-@₁~fnaanghite[will.not.V][V→V]-@₁~fni[to.say.that.one.is.V-ing][Cmpd_Vbl]-~:(u)te[to.V.for.or.with][to.cause.to.V.as.one.is.V-ing][to.V.toward.each.other][V→V][V][Sbrd][1Sg][3Sg]
sanaanghinniluku	sa-~:(u)te[SBJ.V-ed.something][V→V]-@₁~fnaanghite[will.not.V][V→V]-@₁~fni[to.say.that.one.is.V-ing][Cmpd_Vbl]-~:(u)te[to.V.for.or.with][to.cause.to.V.as.one.is.V-ing][to.V.toward.each.other][V→V][V][Sbrd][2Du][3Sg]
sanaanghinniluku	sa-~:(u)te[SBJ.V-ed.something][V→V]-@₁~fnaanghite[will.not.V][V→V]-@₁~fni[to.say.that.one.is.V-ing][Cmpd_Vbl]-~:(u)te[to.V.for.or.with][to.cause.to.V.as.one.is.V-ing][to.V.toward.each.other][V→V][V][Sbrd][2Pl][3Sg]
sanaanghinniluku	sa-~:(u)te[SBJ.V-ed.something][V→V]-@₁~fnaanghite[will.not.V][V→V]-@₁~fni[to.say.that.one.is.V-ing][Cmpd_Vbl]-~:(u)te[to.V.for.or.with][to.cause.to.V.as.one.is.V-ing][to.V.toward.each.other][V→V][V][Sbrd][2Sg][3Sg]
sanaanghinniluku	sa-~:(u)te[SBJ.V-ed.something][V→V]-@₁~fnaanghite[will.not.V][V→V]-@₁~fni[to.say.that.one.is.V-ing][Cmpd_Vbl]-~:(u)te[to.V.for.or.with][to.cause.to.V.as.one.is.V-ing][to.V.toward.each.other][V→V][V][Sbrd][3Du][3Sg]
sanaanghinniluku	sa-~:(u)te[SBJ.V-ed.something][V→V]-@₁~fnaanghite[will.not.V][V→V]-@₁~fni[to.say.that.one.is.V-ing][Cmpd_Vbl]-~:(u)te[to.V.for.or.with][to.cause.to.V.as.one.is.V-ing][to.V.toward.each.other][V→V][V][Sbrd][3Pl][3Sg]
sanaanghinniluku	sa-~:(u)te[SBJ.V-ed.something][V→V]-@₁~fnaanghite[will.not.V][V→V]-@₁~fni[to.say.that.one.is.V-ing][Cmpd_Vbl]-~:(u)te[to.V.for.or.with][to.cause.to.V.as.one.is.V-ing][to.V.toward.each.other][V→V][V][Sbrd][3Sg][3Sg]
sanaanghinniluku	sa-~:(u)te[SBJ.V-ed.something][V→V]-@₁~fnaanghite[will.not.V][V→V]-@₁~fni[to.say.that.one.is.V-ing][Cmpd_Vbl][V][Sbrd][1Du][3Sg]
sanaanghinniluku	sa-~:(u)te[SBJ.V-ed.something][V→V]-@₁~fnaanghite[will.not.V][V→V]-@₁~fni[to.say.that.one.is.V-ing][Cmpd_Vbl][V][Sbrd][1Pl][3Sg]
sanaanghinniluku	sa-~:(u)te[SBJ.V-ed.something][V→V]-@₁~fnaanghite[will.not.V][V→V]-@₁~fni[to.say.that.one.is.V-ing][Cmpd_Vbl][V][Sbrd][1Sg][3Sg]
sanaanghinniluku	sa-~:(u)te[SBJ.V-ed.something][V→V]-@₁~fnaanghite[will.not.V][V→V]-@₁~fni[to.say.that.one.is.V-ing][Cmpd_Vbl][V][Sbrd][2Du][3Sg]
sanaanghinniluku	sa-~:(u)te[SBJ.V-ed.something][V→V]-@₁~fnaanghite[will.not.V][V→V]-@₁~fni[to.say.that.one.is.V-ing][Cmpd_Vbl][V][Sbrd][2Pl][3Sg]
sanaanghinniluku	sa-~:(u)te[SBJ.V-ed.something][V→V]-@₁~fnaanghite[will.not.V][V→V]-@₁~fni[to.say.that.one.is.V-ing][Cmpd_Vbl][V][Sbrd][2Sg][3Sg]
sanaanghinniluku	sa-~:(u)te[SBJ.V-ed.something][V→V]-@₁~fnaanghite[will.not.V][V→V]-@₁~fni[to.say.that.one.is.V-ing][Cmpd_Vbl][V][Sbrd][3Du][3Sg]
sanaanghinniluku	sa-~:(u)te[SBJ.V-ed.something][V→V]-@₁~fnaanghite[will.not.V][V→V]-@₁~fni[to.say.that.one.is.V-ing][Cmpd_Vbl][V][Sbrd][3Pl][3Sg]
sanaanghinniluku	sa-~:(u)te[SBJ.V-ed.something][V→V]-@₁~fnaanghite[will.not.V][V→V]-@₁~fni[to.say.that.one.is.V-ing][Cmpd_Vbl][V][Sbrd][3Sg][3Sg]
sanaanghinniluku	sa-~:(u)te[SBJ.V-ed.something][V→V]-@₁~fnaanghite[will.not.V][V→V]-te[to.act.on.so.as.to.cause.to.V][V→V]-@₁~fni[to.say.that.one.is.V-ing][Cmpd_Vbl]-~:(u)te[to.V.for.or.with][to.cause.to.V.as.one.is.V-ing][to.V.toward.each.other][V→V][V][Sbrd][1Du][3Sg]
sanaanghinniluku	sa-~:(u)te[SBJ.V-ed.something][V→V]-@₁~fnaanghite[will.not.V][V→V]-te[to.act.on.so.as.to.cause.to.V][V→V]-@₁~fni[to.say.that.one.is.V-ing][Cmpd_Vbl]-~:(u)te[to.V.for.or.with][to.cause.to.V.as.one.is.V-ing][to.V.toward.each.other][V→V][V][Sbrd][1Pl][3Sg]
sanaanghinniluku	sa-~:(u)te[SBJ.V-ed.something][V→V]-@₁~fnaanghite[will.not.V][V→V]-te[to.act.on.so.as.to.cause.to.V][V→V]-@₁~fni[to.say.that.one.is.V-ing][Cmpd_Vbl]-~:(u)te[to.V.for.or.with][to.cause.to.V.as.one.is.V-ing][to.V.toward.each.other][V→V][V][Sbrd][1Sg][3Sg]
sanaanghinniluku	sa-~:(u)te[SBJ.V-ed.something][V→V]-@₁~fnaanghite[will.not.V][V→V]-te[to.act.on.so.as.to.cause.to.V][V→V]-@₁~fni[to.say.that.one.is.V-ing][Cmpd_Vbl]-~:(u)te[to.V.for.or.with][to.cause.to.V.as.one.is.V-ing][to.V.toward.each.other][V→V][V][Sbrd][2Du][3Sg]
sanaanghinniluku	sa-~:(u)te[SBJ.V-ed.something][V→V]-@₁~fnaanghite[will.not.V][V→V]-te[to.act.on.so.as.to.cause.to.V][V→V]-@₁~fni[to.say.that.one.is.V-ing][Cmpd_Vbl]-~:(u)te[to.V.for.or.with][to.cause.to.V.as.one.is.V-ing][to.V.toward.each.other][V→V][V][Sbrd][2Pl][3Sg]
sanaanghinniluku	sa-~:(u)te[SBJ.V-ed.something][V→V]-@₁~fnaanghite[will.not.V][V→V]-te[to.act.on.so.as.to.cause.to.V][V→V]-@₁~fni[to.say.that.one.is.V-ing][Cmpd_Vbl]-~:(u)te[to.V.for.or.with][to.cause.to.V.as.one.is.V-ing][to.V.toward.each.other][V→V][V][Sbrd][2Sg][3Sg]
sanaanghinniluku	sa-~:(u)te[SBJ.V-ed.something][V→V]-@₁~fnaanghite[will.not.V][V→V]-te[to.act.on.so.as.to.cause.to.V][V→V]-@₁~fni[to.say.that.one.is.V-ing][Cmpd_Vbl]-~:(u)te[to.V.for.or.with][to.cause.to.V.as.one.is.V-ing][to.V.toward.each.other][V→V][V][Sbrd][3Du][3Sg]
sanaanghinniluku	sa-~:(u)te[SBJ.V-ed.something][V→V]-@₁~fnaanghite[will.not.V][V→V]-te[to.act.on.so.as.to.cause.to.V][V→V]-@₁~fni[to.say.that.one.is.V-ing][Cmpd_Vbl]-~:(u)te[to.V.for.or.with][to.cause.to.V.as.one.is.V-ing][to.V.toward.each.other][V→V][V][Sbrd][3Pl][3Sg]
sanaanghinniluku	sa-~:(u)te[SBJ.V-ed.something][V→V]-@₁~fnaanghite[will.not.V][V→V]-te[to.act.on.so.as.to.cause.to.V][V→V]-@₁~fni[to.say.that.one.is.V-ing][Cmpd_Vbl]-~:(u)te[to.V.for.or.with][to.cause.to.V.as.one.is.V-ing][to.V.toward.each.other][V→V][V][Sbrd][3Sg][3Sg]
sanaanghinniluku	sa-~:(u)te[SBJ.V-ed.something][V→V]-@₁~fnaanghite[will.not.V][V→V]-te[to.act.on.so.as.to.cause.to.V][V→V]-@₁~fni[to.say.that.one.is.V-ing][Cmpd_Vbl][V][Sbrd][1Du][3Sg]
sanaanghinniluku	sa-~:(u)te[SBJ.V-ed.something][V→V]-@₁~fnaanghite[will.not.V][V→V]-te[to.act.on.so.as.to.cause.to.V][V→V]-@₁~fni[to.say.that.one.is.V-ing][Cmpd_Vbl][V][Sbrd][1Pl][3Sg]
sanaanghinniluku	sa-~:(u)te[SBJ.V-ed.something][V→V]-@₁~fnaanghite[will.not.V][V→V]-te[to.act.on.so.as.to.cause.to.V][V→V]-@₁~fni[to.say.that.one.is.V-ing][Cmpd_Vbl][V][Sbrd][1Sg][3Sg]
sanaanghinniluku	sa-~:(u)te[SBJ.V-ed.something][V→V]-@₁~fnaanghite[will.not.V][V→V]-te[to.act.on.so.as.to.cause.to.V][V→V]-@₁~fni[to.say.that.one.is.V-ing][Cmpd_Vbl][V][Sbrd][2Du][3Sg]
sanaanghinniluku	sa-~:(u)te[SBJ.V-ed.something][V→V]-@₁~fnaanghite[will.not.V][V→V]-te[to.act.on.so.as.to.cause.to.V][V→V]-@₁~fni[to.say.that.one.is.V-ing][Cmpd_Vbl][V][Sbrd][2Pl][3Sg]
sanaanghinniluku	sa-~:(u)te[SBJ.V-ed.something][V→V]-@₁~fnaanghite[will.not.V][V→V]-te[to.act.on.so.as.to.cause.to.V][V→V]-@₁~fni[to.say.that.one.is.V-ing][Cmpd_Vbl][V][Sbrd][2Sg][3Sg]
sanaanghinniluku	sa-~:(u)te[SBJ.V-ed.something][V→V]-@₁~fnaanghite[will.not.V][V→V]-te[to.act.on.so.as.to.cause.to.V][V→V]-@₁~fni[to.say.that.one.is.V-ing][Cmpd_Vbl][V][Sbrd][3Du][3Sg]
sanaanghinniluku	sa-~:(u)te[SBJ.V-ed.something][V→V]-@₁~fnaanghite[will.not.V][V→V]-te[to.act.on.so.as.to.cause.to.V][V→V]-@₁~fni[to.say.that.one.is.V-ing][Cmpd_Vbl][V][Sbrd][3Pl][3Sg]
sanaanghinniluku	sa-~:(u)te[SBJ.V-ed.something][V→V]-@₁~fnaanghite[will.not.V][V→V]-te[to.act.on.so.as.to.cause.to.V][V→V]-@₁~fni[to.say.that.one.is.V-ing][Cmpd_Vbl][V][Sbrd][3Sg][3Sg]
sanaanghinniluku	sa-~:(u)te[SBJ.V-ed.something][V→V]-@₁~fnaanghite[will.not.V][V→V]-te[to.act.on.so.as.to.cause.to.V][V→V]-te[to.act.on.so.as.to.cause.to.V][V→V]-@₁~fni[to.say.that.one.is.V-ing][Cmpd_Vbl]-~:(u)te[to.V.for.or.with][to.cause.to.V.as.one.is.V-ing][to.V.toward.each.other][V→V][V][Sbrd][1Du][3Sg]
sanaanghinniluku	sa-~:(u)te[SBJ.V-ed.something][V→V]-@₁~fnaanghite[will.not.V][V→V]-te[to.act.on.so.as.to.cause.to.V][V→V]-te[to.act.on.so.as.to.cause.to.V][V→V]-@₁~fni[to.say.that.one.is.V-ing][Cmpd_Vbl]-~:(u)te[to.V.for.or.with][to.cause.to.V.as.one.is.V-ing][to.V.toward.each.other][V→V][V][Sbrd][1Pl][3Sg]
sanaanghinniluku	sa-~:(u)te[SBJ.V-ed.something][V→V]-@₁~fnaanghite[will.not.V][V→V]-te[to.act.on.so.as.to.cause.to.V][V→V]-te[to.act.on.so.as.to.cause.to.V][V→V]-@₁~fni[to.say.that.one.is.V-ing][Cmpd_Vbl]-~:(u)te[to.V.for.or.with][to.cause.to.V.as.one.is.V-ing][to.V.toward.each.other][V→V][V][Sbrd][1Sg][3Sg]
sanaanghinniluku	sa-~:(u)te[SBJ.V-ed.something][V→V]-@₁~fnaanghite[will.not.V][V→V]-te[to.act.on.so.as.to.cause.to.V][V→V]-te[to.act.on.so.as.to.cause.to.V][V→V]-@₁~fni[to.say.that.one.is.V-ing][Cmpd_Vbl]-~:(u)te[to.V.for.or.with][to.cause.to.V.as.one.is.V-ing][to.V.toward.each.other][V→V][V][Sbrd][2Du][3Sg]
sanaanghinniluku	sa-~:(u)te[SBJ.V-ed.something][V→V]-@₁~fnaanghite[will.not.V][V→V]-te[to.act.on.so.as.to.cause.to.V][V→V]-te[to.act.on.so.as.to.cause.to.V][V→V]-@₁~fni[to.say.that.one.is.V-ing][Cmpd_Vbl]-~:(u)te[to.V.for.or.with][to.cause.to.V.as.one.is.V-ing][to.V.toward.each.other][V→V][V][Sbrd][2Pl][3Sg]
sanaanghinniluku	sa-~:(u)te[SBJ.V-ed.something][V→V]-@₁~fnaanghite[will.not.V][V→V]-te[to.act.on.so.as.to.cause.to.V][V→V]-te[to.act.on.so.as.to.cause.to.V][V→V]-@₁~fni[to.say.that.one.is.V-ing][Cmpd_Vbl]-~:(u)te[to.V.for.or.with][to.cause.to.V.as.one.is.V-ing][to.V.toward.each.other][V→V][V][Sbrd][2Sg][3Sg]
sanaanghinniluku	sa-~:(u)te[SBJ.V-ed.something][V→V]-@₁~fnaanghite[will.not.V][V→V]-te[to.act.on.so.as.to.cause.to.V][V→V]-te[to.act.on.so.as.to.cause.to.V][V→V]-@₁~fni[to.say.that.one.is.V-ing][Cmpd_Vbl]-~:(u)te[to.V.for.or.with][to.cause.to.V.as.one.is.V-ing][to.V.toward.each.other][V→V][V][Sbrd][3Du][3Sg]
sanaanghinniluku	sa-~:(u)te[SBJ.V-ed.something][V→V]-@₁~fnaanghite[will.not.V][V→V]-te[to.act.on.so.as.to.cause.to.V][V→V]-te[to.act.on.so.as.to.cause.to.V][V→V]-@₁~fni[to.say.that.one.is.V-ing][Cmpd_Vbl]-~:(u)te[to.V.for.or.with][to.cause.to.V.as.one.is.V-ing][to.V.toward.each.other][V→V][V][Sbrd][3Pl][3Sg]
sanaanghinniluku	sa-~:(u)te[SBJ.V-ed.something][V→V]-@₁~fnaanghite[will.not.V][V→V]-te[to.act.on.so.as.to.cause.to.V][V→V]-te[to.act.on.so.as.to.cause.to.V][V→V]-@₁~fni[to.say.that.one.is.V-ing][Cmpd_Vbl]-~:(u)te[to.V.for.or.with][to.cause.to.V.as.one.is.V-ing][to.V.toward.each.other][V→V][V][Sbrd][3Sg][3Sg]
sanaanghinniluku	sa-~:(u)te[SBJ.V-ed.something][V→V]-@₁~fnaanghite[will.not.V][V→V]-te[to.act.on.so.as.to.cause.to.V][V→V]-te[to.act.on.so.as.to.cause.to.V][V→V]-@₁~fni[to.say.that.one.is.V-ing][Cmpd_Vbl][V][Sbrd][1Du][3Sg]
sanaanghinniluku	sa-~:(u)te[SBJ.V-ed.something][V→V]-@₁~fnaanghite[will.not.V][V→V]-te[to.act.on.so.as.to.cause.to.V][V→V]-te[to.act.on.so.as.to.cause.to.V][V→V]-@₁~fni[to.say.that.one.is.V-ing][Cmpd_Vbl][V][Sbrd][1Pl][3Sg]
sanaanghinniluku	sa-~:(u)te[SBJ.V-ed.something][V→V]-@₁~fnaanghite[will.not.V][V→V]-te[to.act.on.so.as.to.cause.to.V][V→V]-te[to.act.on.so.as.to.cause.to.V][V→V]-@₁~fni[to.say.that.one.is.V-ing][Cmpd_Vbl][V][Sbrd][1Sg][3Sg]
sanaanghinniluku	sa-~:(u)te[SBJ.V-ed.something][V→V]-@₁~fnaanghite[will.not.V][V→V]-te[to.act.on.so.as.to.cause.to.V][V→V]-te[to.act.on.so.as.to.cause.to.V][V→V]-@₁~fni[to.say.that.one.is.V-ing][Cmpd_Vbl][V][Sbrd][2Du][3Sg]
sanaanghinniluku	sa-~:(u)te[SBJ.V-ed.something][V→V]-@₁~fnaanghite[will.not.V][V→V]-te[to.act.on.so.as.to.cause.to.V][V→V]-te[to.act.on.so.as.to.cause.to.V][V→V]-@₁~fni[to.say.that.one.is.V-ing][Cmpd_Vbl][V][Sbrd][2Pl][3Sg]
sanaanghinniluku	sa-~:(u)te[SBJ.V-ed.something][V→V]-@₁~fnaanghite[will.not.V][V→V]-te[to.act.on.so.as.to.cause.to.V][V→V]-te[to.act.on.so.as.to.cause.to.V][V→V]-@₁~fni[to.say.that.one.is.V-ing][Cmpd_Vbl][V][Sbrd][2Sg][3Sg]
sanaanghinniluku	sa-~:(u)te[SBJ.V-ed.something][V→V]-@₁~fnaanghite[will.not.V][V→V]-te[to.act.on.so.as.to.cause.to.V][V→V]-te[to.act.on.so.as.to.cause.to.V][V→V]-@₁~fni[to.say.that.one.is.V-ing][Cmpd_Vbl][V][Sbrd][3Du][3Sg]
sanaanghinniluku	sa-~:(u)te[SBJ.V-ed.something][V→V]-@₁~fnaanghite[will.not.V][V→V]-te[to.act.on.so.as.to.cause.to.V][V→V]-te[to.act.on.so.as.to.cause.to.V][V→V]-@₁~fni[to.say.that.one.is.V-ing][Cmpd_Vbl][V][Sbrd][3Pl][3Sg]
sanaanghinniluku	sa-~:(u)te[SBJ.V-ed.something][V→V]-@₁~fnaanghite[will.not.V][V→V]-te[to.act.on.so.as.to.cause.to.V][V→V]-te[to.act.on.so.as.to.cause.to.V][V→V]-@₁~fni[to.say.that.one.is.V-ing][Cmpd_Vbl][V][Sbrd][3Sg][3Sg]

naten	naten

yuwhaam	+?

------------------------
Nuliiqruwhaa taana leganqun tengghunaq aghnaghhaq.

nuliiqruwhaa	+?

taana	taana

leganqun	+?

tengghunaq	+?

aghnaghhaq	aghnagh-–ghhagh*[dear.N][N→N][N][Abs][Unpd][Sg]

------------------------
Nallaghhaq piiq, "Ukughsi, elpesinillu quyangapigsinga?" Agnepa tawatesigasaghtunga tugunghiinemki iilqeghllagaqunga sayaghqanun." Legan aghnaghhaq qalepangighllak ilagavaghqughllak.

nallaghhaq	+?

piiq	pi-~i[SBJ.V-ed.something][V→V]-~i[SBJ.V-ed.something][V→V]-~i[SBJ.V-ed.something][V→V]-~i[SBJ.V-ed.something][V→V]-~i[SBJ.V-ed.something][V→V]-~faagh[one.who.keeps.on.V-ing][AUG]
piiq	pi-~i[SBJ.V-ed.something][V→V]-~i[SBJ.V-ed.something][V→V]-~i[SBJ.V-ed.something][V→V]-~i[SBJ.V-ed.something][V→V]-~faagh[one.who.keeps.on.V-ing][AUG]
piiq	pi-~i[SBJ.V-ed.something][V→V]-~i[SBJ.V-ed.something][V→V]-~i[SBJ.V-ed.something][V→V]-~faagh[one.who.keeps.on.V-ing][AUG]
piiq	pi-~i[SBJ.V-ed.something][V→V]-~i[SBJ.V-ed.something][V→V]-~faagh[one.who.keeps.on.V-ing][AUG]
piiq	pi-~i[SBJ.V-ed.something][V→V]-~faagh[one.who.keeps.on.V-ing][AUG]
piiq	pi-~faagh[one.who.keeps.on.V-ing][AUG]
piiq	pi[V][Ind][3Sg]

ukughsi	ukughsi

elpesinillu	+?

quyangapigsinga	+?

agnepa	+?

tawatesigasaghtunga	+?

tugunghiinemki	+?

iilqeghllagaqunga	+?

sayaghqanun	+?

legan	legan

aghnaghhaq	aghnagh-–ghhagh*[dear.N][N→N][N][Abs][Unpd][Sg]

qalepangighllak	+?

ilagavaghqughllak	+?

------------------------
Nutern piinkut, "Tuqunaanghituq alingutkegpenaan.

nutern	+?

piinkut	pi[V][Intrg][3Pl][1Pl]
piinkut	pi[V][Intrg][3Du][1Pl]
piinkut	pi[V][Intrg][3Sg][1Pl]
piinkut	pi[V][Ind][3Du][1Pl]
piinkut	pi[V][Ind][3Pl][1Pl]
piinkut	pi[V][Ind][3Sg][1Pl]

tuqunaanghituq	tuqu-@₁~fnaanghite[will.not.V][V→V][V][Ind][3Sg]
tuqunaanghituq	tuqu-~:(u)te[to.V.for.or.with][to.cause.to.V.as.one.is.V-ing][to.V.toward.each.other][V→V]-@₁~fnaanghite[will.not.V][V→V][V][Ind][3Sg]
tuqunaanghituq	tuqu-~:(u)te[SBJ.V-ed.something][V→V]-@₁~fnaanghite[will.not.V][V→V][V][Ind][3Sg]

alingutkegpenaan	+?

------------------------
Umyugwagka qama piniipigtuk." 

umyugwagka	+?

qama	qama

piniipigtuk	pi-@₁~fna[in.order.to.V][intending.to.V][V→V]-~i[SBJ.V-ed.something][V→V]-~i[SBJ.V-ed.something][V→V]-~i[SBJ.V-ed.something][V→V]-~i[SBJ.V-ed.something][V→V]-–pigte[to.be.very.V][to.V.very.much][V→V][V][Ind][3Du]
piniipigtuk	pi-@₁~fna[in.order.to.V][intending.to.V][V→V]-~i[SBJ.V-ed.something][V→V]-~i[SBJ.V-ed.something][V→V]-~i[SBJ.V-ed.something][V→V]-–pigte[to.be.very.V][to.V.very.much][V→V][V][Ind][3Du]
piniipigtuk	pi-@₁~fna[in.order.to.V][intending.to.V][V→V]-~i[SBJ.V-ed.something][V→V]-~i[SBJ.V-ed.something][V→V]-–pigte[to.be.very.V][to.V.very.much][V→V][V][Ind][3Du]
piniipigtuk	pi-@₁~fna[in.order.to.V][intending.to.V][V→V]-~i[SBJ.V-ed.something][V→V]-–pigte[to.be.very.V][to.V.very.much][V→V][V][Ind][3Du]
piniipigtuk	pi-@₁~fni[to.say.that.one.is.V-ing][Cmpd_Vbl]-~i[SBJ.V-ed.something][V→V]-~i[SBJ.V-ed.something][V→V]-~i[SBJ.V-ed.something][V→V]-~i[SBJ.V-ed.something][V→V]-–pigte[to.be.very.V][to.V.very.much][V→V][V][Ind][3Du]
piniipigtuk	pi-@₁~fni[to.say.that.one.is.V-ing][Cmpd_Vbl]-~i[SBJ.V-ed.something][V→V]-~i[SBJ.V-ed.something][V→V]-~i[SBJ.V-ed.something][V→V]-–pigte[to.be.very.V][to.V.very.much][V→V][V][Ind][3Du]
piniipigtuk	pi-@₁~fni[to.say.that.one.is.V-ing][Cmpd_Vbl]-~i[SBJ.V-ed.something][V→V]-~i[SBJ.V-ed.something][V→V]-–pigte[to.be.very.V][to.V.very.much][V→V][V][Ind][3Du]
piniipigtuk	pi-@₁~fni[to.say.that.one.is.V-ing][Cmpd_Vbl]-~i[SBJ.V-ed.something][V→V]-–pigte[to.be.very.V][to.V.very.much][V→V][V][Ind][3Du]
piniipigtuk	pi-~:(u)te[to.V.for.or.with][to.cause.to.V.as.one.is.V-ing][to.V.toward.each.other][V→V]-@₁~fna[in.order.to.V][intending.to.V][V→V]-~i[SBJ.V-ed.something][V→V]-~i[SBJ.V-ed.something][V→V]-~i[SBJ.V-ed.something][V→V]-–pigte[to.be.very.V][to.V.very.much][V→V][V][Ind][3Du]
piniipigtuk	pi-~:(u)te[to.V.for.or.with][to.cause.to.V.as.one.is.V-ing][to.V.toward.each.other][V→V]-@₁~fna[in.order.to.V][intending.to.V][V→V]-~i[SBJ.V-ed.something][V→V]-~i[SBJ.V-ed.something][V→V]-–pigte[to.be.very.V][to.V.very.much][V→V][V][Ind][3Du]
piniipigtuk	pi-~:(u)te[to.V.for.or.with][to.cause.to.V.as.one.is.V-ing][to.V.toward.each.other][V→V]-@₁~fna[in.order.to.V][intending.to.V][V→V]-~i[SBJ.V-ed.something][V→V]-–pigte[to.be.very.V][to.V.very.much][V→V][V][Ind][3Du]
piniipigtuk	pi-~:(u)te[to.V.for.or.with][to.cause.to.V.as.one.is.V-ing][to.V.toward.each.other][V→V]-@₁~fni[to.say.that.one.is.V-ing][Cmpd_Vbl]-~i[SBJ.V-ed.something][V→V]-~i[SBJ.V-ed.something][V→V]-~i[SBJ.V-ed.something][V→V]-–pigte[to.be.very.V][to.V.very.much][V→V][V][Ind][3Du]
piniipigtuk	pi-~:(u)te[to.V.for.or.with][to.cause.to.V.as.one.is.V-ing][to.V.toward.each.other][V→V]-@₁~fni[to.say.that.one.is.V-ing][Cmpd_Vbl]-~i[SBJ.V-ed.something][V→V]-~i[SBJ.V-ed.something][V→V]-–pigte[to.be.very.V][to.V.very.much][V→V][V][Ind][3Du]
piniipigtuk	pi-~:(u)te[to.V.for.or.with][to.cause.to.V.as.one.is.V-ing][to.V.toward.each.other][V→V]-@₁~fni[to.say.that.one.is.V-ing][Cmpd_Vbl]-~i[SBJ.V-ed.something][V→V]-–pigte[to.be.very.V][to.V.very.much][V→V][V][Ind][3Du]
piniipigtuk	pi-~:(u)te[SBJ.V-ed.something][V→V]-@₁~fna[in.order.to.V][intending.to.V][V→V]-~i[SBJ.V-ed.something][V→V]-~i[SBJ.V-ed.something][V→V]-~i[SBJ.V-ed.something][V→V]-–pigte[to.be.very.V][to.V.very.much][V→V][V][Ind][3Du]
piniipigtuk	pi-~:(u)te[SBJ.V-ed.something][V→V]-@₁~fna[in.order.to.V][intending.to.V][V→V]-~i[SBJ.V-ed.something][V→V]-~i[SBJ.V-ed.something][V→V]-–pigte[to.be.very.V][to.V.very.much][V→V][V][Ind][3Du]
piniipigtuk	pi-~:(u)te[SBJ.V-ed.something][V→V]-@₁~fna[in.order.to.V][intending.to.V][V→V]-~i[SBJ.V-ed.something][V→V]-–pigte[to.be.very.V][to.V.very.much][V→V][V][Ind][3Du]
piniipigtuk	pi-~:(u)te[SBJ.V-ed.something][V→V]-@₁~fni[to.say.that.one.is.V-ing][Cmpd_Vbl]-~i[SBJ.V-ed.something][V→V]-~i[SBJ.V-ed.something][V→V]-~i[SBJ.V-ed.something][V→V]-–pigte[to.be.very.V][to.V.very.much][V→V][V][Ind][3Du]
piniipigtuk	pi-~:(u)te[SBJ.V-ed.something][V→V]-@₁~fni[to.say.that.one.is.V-ing][Cmpd_Vbl]-~i[SBJ.V-ed.something][V→V]-~i[SBJ.V-ed.something][V→V]-–pigte[to.be.very.V][to.V.very.much][V→V][V][Ind][3Du]
piniipigtuk	pi-~:(u)te[SBJ.V-ed.something][V→V]-@₁~fni[to.say.that.one.is.V-ing][Cmpd_Vbl]-~i[SBJ.V-ed.something][V→V]-–pigte[to.be.very.V][to.V.very.much][V→V][V][Ind][3Du]
piniipigtuk	piniigh[to.hunt.for.N][to.search.for.N][to.ask.for.N][to.work.with.N][N→V]-–pigte[to.be.very.V][to.V.very.much][V→V][V][Ind][3Du]

------------------------


------------------------
Taagken yugwem kelqutaaqsaqmininga Aglughaam, navek pineghmini.

taagken	taagken

yugwem	+?

kelqutaaqsaqmininga	+?

aglughaam	+?

navek	navek

pineghmini	pi-@₁–negh[the.act.or.activity.of.V-ing][V→N][N][Loc][4SgPoss][SgPosd]
pineghmini	pi-@₁–negh[the.act.or.activity.of.V-ing][V→N][N][Loc][4SgPoss][PlPosd]
pineghmini	pi-~:(u)te[to.V.for.or.with][to.cause.to.V.as.one.is.V-ing][to.V.toward.each.other][V→V]-@₁–negh[the.act.or.activity.of.V-ing][V→N][N][Loc][4SgPoss][SgPosd]
pineghmini	pi-~:(u)te[to.V.for.or.with][to.cause.to.V.as.one.is.V-ing][to.V.toward.each.other][V→V]-@₁–negh[the.act.or.activity.of.V-ing][V→N][N][Loc][4SgPoss][PlPosd]
pineghmini	pi-~:(u)te[to.V.for.or.with][to.cause.to.V.as.one.is.V-ing][to.V.toward.each.other][V→V][V][Ctmp][4Sg]
pineghmini	pi-~:(u)te[SBJ.V-ed.something][V→V]-@₁–negh[the.act.or.activity.of.V-ing][V→N][N][Loc][4SgPoss][SgPosd]
pineghmini	pi-~:(u)te[SBJ.V-ed.something][V→V]-@₁–negh[the.act.or.activity.of.V-ing][V→N][N][Loc][4SgPoss][PlPosd]
pineghmini	pi-~:(u)te[SBJ.V-ed.something][V→V][V][Ctmp][4Sg]
pineghmini	pi[V][Ctmp][4Sg]

------------------------
Piniightaa mulunghituq, maaveklu tagiiqluni.

piniightaa	+?

mulunghituq	+?

maaveklu	+?

tagiiqluni	tagi-~(g₁)aqe[to.be.V.ing][to.regularly.or.repeatedly.V][V→V]-te[to.act.on.so.as.to.cause.to.V][V→V]-te[to.act.on.so.as.to.cause.to.V][V→V][V][Sbrd][3Sg]
tagiiqluni	tagi-~(g₁)aqe[to.be.V.ing][to.regularly.or.repeatedly.V][V→V]-te[to.act.on.so.as.to.cause.to.V][V→V][V][Sbrd][3Sg]
tagiiqluni	tagi-~(g₁)aqe[to.be.V.ing][to.regularly.or.repeatedly.V][V→V][V][Sbrd][3Sg]

------------------------
Taawa tagtalkaa.

taawa	taawa

tagtalkaa	+?

------------------------


------------------------
