Anglinaqngulunga 

anglinaqngulunga	+?

------------------------
Wesqegetem Apellgha 

wesqegetem	+?

apellgha	+?

------------------------


------------------------
Kiigmi tesamani kiyaghtelleghput.

kiigmi	kii[N][Rel][4SgPoss][DuPosd]
kiigmi	kiig[N][Loc][Unpd][Sg]
kiigmi	kiig[N][Rel][4SgPoss][SgPosd]
kiigmi	kiig[N][Rel][4SgPoss][PlPosd]

tesamani	+?

kiyaghtelleghput	+?

------------------------
Kii, nemesigatukut.

kii	kii
kii	kii[N][Abs][Unpd][Sg]

nemesigatukut	+?

------------------------
Pennani kiyaghlluta aga nasiqneghmeggni qawavek naayvamun.

pennani	pennagh[N][Abs][4SgPoss][SgPosd]
pennani	pennagh[N][Abs][4SgPoss][PlPosd]
pennani	pennagh[N][Loc][Unpd][Pl]

kiyaghlluta	+?

aga	aga

nasiqneghmeggni	+?

qawavek	qawavek

naayvamun	naayvagh[N][Ter][Unpd][Sg]

------------------------
Milghulagnillu, Kuyangumagni kiyaghtaqukut.

milghulagnillu	+?

kuyangumagni	+?

kiyaghtaqukut	kiyaghte-~(g₁)aqe[to.be.V.ing][to.regularly.or.repeatedly.V][V→V][V][Ind][1Pl]

------------------------
Alpa sangwaa ngelqaaghaq piiqaghput kiilqusiq.

alpa	+?

sangwaa	sa-~:(ng₁)u[to.be.N][N→V][V][Intrg][3Sg]

ngelqaaghaq	+?

piiqaghput	+?

kiilqusiq	+?

------------------------


------------------------
Iqalluk iwerngaqun nasiqulluku, tagiighlluta esnami tentaluta kiyaghtaghlluta apeghiineghmeggteggu kagpagteghluta itghaghaqluta Aghvightegnun.

iqalluk	iqallug[N][Abs][Unpd][Sg]

iwerngaqun	+?

nasiqulluku	+?

tagiighlluta	+?

esnami	esnagh[N][Loc][Unpd][Sg]
esnami	esnagh[N][Rel][4SgPoss][SgPosd]
esnami	esnagh[N][Rel][4SgPoss][PlPosd]

tentaluta	+?

kiyaghtaghlluta	+?

apeghiineghmeggteggu	+?

kagpagteghluta	+?

itghaghaqluta	+?

aghvightegnun	+?

------------------------


------------------------
Fourteen years-ngughsimaghma Sivuqamun lliightukut.

fourteen	+?

yearsngughsimaghma	+?

sivuqamun	Sivuqagh[N][Ter][Unpd][Sg]

lliightukut	+?

------------------------
Aglaghaqluta, piiwaqaghluta.

aglaghaqluta	aglagh-~(g₁)aqe[to.be.V.ing][to.regularly.or.repeatedly.V][V→V]-te[to.act.on.so.as.to.cause.to.V][V→V]-te[to.act.on.so.as.to.cause.to.V][V→V][V][Sbrd][1Pl]
aglaghaqluta	aglagh-~(g₁)aqe[to.be.V.ing][to.regularly.or.repeatedly.V][V→V]-te[to.act.on.so.as.to.cause.to.V][V→V][V][Sbrd][1Pl]
aglaghaqluta	aglagh-~(g₁)aqe[to.be.V.ing][to.regularly.or.repeatedly.V][V→V][V][Sbrd][1Pl]

piiwaqaghluta	+?

------------------------
Angyaghpagkun aglaqaghaqluta tagiiqluta.

angyaghpagkun	+?

aglaqaghaqluta	+?

tagiiqluta	tagi-~(g₁)aqe[to.be.V.ing][to.regularly.or.repeatedly.V][V→V]-te[to.act.on.so.as.to.cause.to.V][V→V]-te[to.act.on.so.as.to.cause.to.V][V→V][V][Sbrd][1Pl]
tagiiqluta	tagi-~(g₁)aqe[to.be.V.ing][to.regularly.or.repeatedly.V][V→V]-te[to.act.on.so.as.to.cause.to.V][V→V][V][Sbrd][1Pl]
tagiiqluta	tagi-~(g₁)aqe[to.be.V.ing][to.regularly.or.repeatedly.V][V→V][V][Sbrd][1Pl]

------------------------
Tagiluta qenwat lliipiigtukut Ayuqliq igaghyalghii qayughllak tuungliqa.

tagiluta	tagi-~:(u)te[to.V.for.or.with][to.cause.to.V.as.one.is.V-ing][to.V.toward.each.other][V→V][V][Sbrd][1Pl]
tagiluta	tagi-~:(u)te[SBJ.V-ed.something][V→V][V][Sbrd][1Pl]
tagiluta	tagi[V][Sbrd][1Pl]

qenwat	qenwat

lliipiigtukut	+?

ayuqliq	Ayuqligh[N][Abs][Unpd][Sg]

igaghyalghii	igagh-@₁~fyagh[to.go.V-ing][to.V.in.vain][V→V]-@₁–lghii[the.one.that.V-ed][the.one.that.is.V][V→N][N][Abs][Unpd][Sg]
igaghyalghii	igagh-@₁~fyagh[to.go.V-ing][to.V.in.vain][V→V][V][Ptcp][3Sg]

qayughllak	qayugh-–ghllag[big.N][N→N][N][Abs][Unpd][Sg]
qayughllak	qayugh-–ghllak[big.N][AUG]
qayughllak	qayughllak

tuungliqa	+?

------------------------
Piigwapiigtukut fourteen years-ngughsimaghma.

piigwapiigtukut	+?

fourteen	+?

yearsngughsimaghma	+?

------------------------


------------------------
Sivuqaghnemta Iirgunkunitaqukut, ilanganikun uum Aasam angayuqiitni Aghnaghlluwhaankut.

sivuqaghnemta	+?

iirgunkunitaqukut	+?

ilanganikun	+?

uum	+?

aasam	+?

angayuqiitni	angayuqagh*-~:(ng₁)u[to.be.N][N→V]-~i[SBJ.V-ed.something][V→V]-~i[SBJ.V-ed.something][V→V]-~i[SBJ.V-ed.something][V→V]-~i[SBJ.V-ed.something][V→V]-~i[SBJ.V-ed.something][V→V]-te[to.act.on.so.as.to.cause.to.V][V→V]-te[to.act.on.so.as.to.cause.to.V][V→V]-te[to.act.on.so.as.to.cause.to.V][V→V]-te[to.act.on.so.as.to.cause.to.V][V→V]-te[to.act.on.so.as.to.cause.to.V][V→V]-te[to.act.on.so.as.to.cause.to.V][V→V]-te[to.act.on.so.as.to.cause.to.V][V→V]-te[to.act.on.so.as.to.cause.to.V][V→V]-@₁~fni[to.say.that.one.is.V-ing][Cmpd_Vbl][V][Opt][PRS][2Sg]
angayuqiitni	angayuqagh*-~:(ng₁)u[to.be.N][N→V]-~i[SBJ.V-ed.something][V→V]-~i[SBJ.V-ed.something][V→V]-~i[SBJ.V-ed.something][V→V]-~i[SBJ.V-ed.something][V→V]-~:(u)te[to.V.for.or.with][to.cause.to.V.as.one.is.V-ing][to.V.toward.each.other][V→V]-te[to.act.on.so.as.to.cause.to.V][V→V]-te[to.act.on.so.as.to.cause.to.V][V→V]-te[to.act.on.so.as.to.cause.to.V][V→V]-te[to.act.on.so.as.to.cause.to.V][V→V]-te[to.act.on.so.as.to.cause.to.V][V→V]-te[to.act.on.so.as.to.cause.to.V][V→V]-te[to.act.on.so.as.to.cause.to.V][V→V]-@₁~fni[to.say.that.one.is.V-ing][Cmpd_Vbl][V][Opt][PRS][2Sg]
angayuqiitni	angayuqagh*-~:(ng₁)u[to.be.N][N→V]-~i[SBJ.V-ed.something][V→V]-~i[SBJ.V-ed.something][V→V]-~i[SBJ.V-ed.something][V→V]-~i[SBJ.V-ed.something][V→V]-~:(u)te[condition.with.respect.to.V-ing][V→N]-te[to.catch.N][to.go.to.N][N→V]-te[to.act.on.so.as.to.cause.to.V][V→V]-te[to.act.on.so.as.to.cause.to.V][V→V]-te[to.act.on.so.as.to.cause.to.V][V→V]-te[to.act.on.so.as.to.cause.to.V][V→V]-te[to.act.on.so.as.to.cause.to.V][V→V]-te[to.act.on.so.as.to.cause.to.V][V→V]-@₁~fni[to.say.that.one.is.V-ing][Cmpd_Vbl][V][Opt][PRS][2Sg]
angayuqiitni	angayuqagh*-~:(ng₁)u[to.be.N][N→V]-~i[SBJ.V-ed.something][V→V]-~i[SBJ.V-ed.something][V→V]-~i[SBJ.V-ed.something][V→V]-~i[SBJ.V-ed.something][V→V]-~:(u)te[condition.with.respect.to.V-ing][V→N][N][Loc][Unpd][Pl]
angayuqiitni	angayuqagh*-~:(ng₁)u[to.be.N][N→V]-~i[SBJ.V-ed.something][V→V]-~i[SBJ.V-ed.something][V→V]-~i[SBJ.V-ed.something][V→V]-~i[SBJ.V-ed.something][V→V]-~:(u)te[SBJ.V-ed.something][V→V]-te[to.act.on.so.as.to.cause.to.V][V→V]-te[to.act.on.so.as.to.cause.to.V][V→V]-te[to.act.on.so.as.to.cause.to.V][V→V]-te[to.act.on.so.as.to.cause.to.V][V→V]-te[to.act.on.so.as.to.cause.to.V][V→V]-te[to.act.on.so.as.to.cause.to.V][V→V]-te[to.act.on.so.as.to.cause.to.V][V→V]-@₁~fni[to.say.that.one.is.V-ing][Cmpd_Vbl][V][Opt][PRS][2Sg]
angayuqiitni	angayuqagh*-~:(ng₁)u[to.be.N][N→V]-~i[SBJ.V-ed.something][V→V]-~i[SBJ.V-ed.something][V→V]-~i[SBJ.V-ed.something][V→V]-~i[SBJ.V-ed.something][V→V]-te[to.act.on.so.as.to.cause.to.V][V→V]-te[to.act.on.so.as.to.cause.to.V][V→V]-te[to.act.on.so.as.to.cause.to.V][V→V]-te[to.act.on.so.as.to.cause.to.V][V→V]-te[to.act.on.so.as.to.cause.to.V][V→V]-te[to.act.on.so.as.to.cause.to.V][V→V]-te[to.act.on.so.as.to.cause.to.V][V→V]-@₁~fni[to.say.that.one.is.V-ing][Cmpd_Vbl][V][Opt][PRS][2Sg]
angayuqiitni	angayuqagh*-~:(ng₁)u[to.be.N][N→V]-~i[SBJ.V-ed.something][V→V]-~i[SBJ.V-ed.something][V→V]-~i[SBJ.V-ed.something][V→V]-~:(u)te[to.V.for.or.with][to.cause.to.V.as.one.is.V-ing][to.V.toward.each.other][V→V]-te[to.act.on.so.as.to.cause.to.V][V→V]-te[to.act.on.so.as.to.cause.to.V][V→V]-te[to.act.on.so.as.to.cause.to.V][V→V]-te[to.act.on.so.as.to.cause.to.V][V→V]-te[to.act.on.so.as.to.cause.to.V][V→V]-te[to.act.on.so.as.to.cause.to.V][V→V]-@₁~fni[to.say.that.one.is.V-ing][Cmpd_Vbl][V][Opt][PRS][2Sg]
angayuqiitni	angayuqagh*-~:(ng₁)u[to.be.N][N→V]-~i[SBJ.V-ed.something][V→V]-~i[SBJ.V-ed.something][V→V]-~i[SBJ.V-ed.something][V→V]-~:(u)te[condition.with.respect.to.V-ing][V→N]-te[to.catch.N][to.go.to.N][N→V]-te[to.act.on.so.as.to.cause.to.V][V→V]-te[to.act.on.so.as.to.cause.to.V][V→V]-te[to.act.on.so.as.to.cause.to.V][V→V]-te[to.act.on.so.as.to.cause.to.V][V→V]-te[to.act.on.so.as.to.cause.to.V][V→V]-@₁~fni[to.say.that.one.is.V-ing][Cmpd_Vbl][V][Opt][PRS][2Sg]
angayuqiitni	angayuqagh*-~:(ng₁)u[to.be.N][N→V]-~i[SBJ.V-ed.something][V→V]-~i[SBJ.V-ed.something][V→V]-~i[SBJ.V-ed.something][V→V]-~:(u)te[condition.with.respect.to.V-ing][V→N][N][Loc][Unpd][Pl]
angayuqiitni	angayuqagh*-~:(ng₁)u[to.be.N][N→V]-~i[SBJ.V-ed.something][V→V]-~i[SBJ.V-ed.something][V→V]-~i[SBJ.V-ed.something][V→V]-~:(u)te[SBJ.V-ed.something][V→V]-te[to.act.on.so.as.to.cause.to.V][V→V]-te[to.act.on.so.as.to.cause.to.V][V→V]-te[to.act.on.so.as.to.cause.to.V][V→V]-te[to.act.on.so.as.to.cause.to.V][V→V]-te[to.act.on.so.as.to.cause.to.V][V→V]-te[to.act.on.so.as.to.cause.to.V][V→V]-@₁~fni[to.say.that.one.is.V-ing][Cmpd_Vbl][V][Opt][PRS][2Sg]
angayuqiitni	angayuqagh*-~:(ng₁)u[to.be.N][N→V]-~i[SBJ.V-ed.something][V→V]-~i[SBJ.V-ed.something][V→V]-~i[SBJ.V-ed.something][V→V]-te[to.act.on.so.as.to.cause.to.V][V→V]-te[to.act.on.so.as.to.cause.to.V][V→V]-te[to.act.on.so.as.to.cause.to.V][V→V]-te[to.act.on.so.as.to.cause.to.V][V→V]-te[to.act.on.so.as.to.cause.to.V][V→V]-te[to.act.on.so.as.to.cause.to.V][V→V]-@₁~fni[to.say.that.one.is.V-ing][Cmpd_Vbl][V][Opt][PRS][2Sg]
angayuqiitni	angayuqagh*-~:(ng₁)u[to.be.N][N→V]-~i[SBJ.V-ed.something][V→V]-~i[SBJ.V-ed.something][V→V]-~:(u)te[to.V.for.or.with][to.cause.to.V.as.one.is.V-ing][to.V.toward.each.other][V→V]-te[to.act.on.so.as.to.cause.to.V][V→V]-te[to.act.on.so.as.to.cause.to.V][V→V]-te[to.act.on.so.as.to.cause.to.V][V→V]-te[to.act.on.so.as.to.cause.to.V][V→V]-te[to.act.on.so.as.to.cause.to.V][V→V]-@₁~fni[to.say.that.one.is.V-ing][Cmpd_Vbl][V][Opt][PRS][2Sg]
angayuqiitni	angayuqagh*-~:(ng₁)u[to.be.N][N→V]-~i[SBJ.V-ed.something][V→V]-~i[SBJ.V-ed.something][V→V]-~:(u)te[condition.with.respect.to.V-ing][V→N]-te[to.catch.N][to.go.to.N][N→V]-te[to.act.on.so.as.to.cause.to.V][V→V]-te[to.act.on.so.as.to.cause.to.V][V→V]-te[to.act.on.so.as.to.cause.to.V][V→V]-te[to.act.on.so.as.to.cause.to.V][V→V]-@₁~fni[to.say.that.one.is.V-ing][Cmpd_Vbl][V][Opt][PRS][2Sg]
angayuqiitni	angayuqagh*-~:(ng₁)u[to.be.N][N→V]-~i[SBJ.V-ed.something][V→V]-~i[SBJ.V-ed.something][V→V]-~:(u)te[condition.with.respect.to.V-ing][V→N][N][Loc][Unpd][Pl]
angayuqiitni	angayuqagh*-~:(ng₁)u[to.be.N][N→V]-~i[SBJ.V-ed.something][V→V]-~i[SBJ.V-ed.something][V→V]-~:(u)te[SBJ.V-ed.something][V→V]-te[to.act.on.so.as.to.cause.to.V][V→V]-te[to.act.on.so.as.to.cause.to.V][V→V]-te[to.act.on.so.as.to.cause.to.V][V→V]-te[to.act.on.so.as.to.cause.to.V][V→V]-te[to.act.on.so.as.to.cause.to.V][V→V]-@₁~fni[to.say.that.one.is.V-ing][Cmpd_Vbl][V][Opt][PRS][2Sg]
angayuqiitni	angayuqagh*-~:(ng₁)u[to.be.N][N→V]-~i[SBJ.V-ed.something][V→V]-~i[SBJ.V-ed.something][V→V]-te[to.act.on.so.as.to.cause.to.V][V→V]-te[to.act.on.so.as.to.cause.to.V][V→V]-te[to.act.on.so.as.to.cause.to.V][V→V]-te[to.act.on.so.as.to.cause.to.V][V→V]-te[to.act.on.so.as.to.cause.to.V][V→V]-@₁~fni[to.say.that.one.is.V-ing][Cmpd_Vbl][V][Opt][PRS][2Sg]
angayuqiitni	angayuqagh*-~:(ng₁)u[to.be.N][N→V]-~i[SBJ.V-ed.something][V→V]-~:(u)te[to.V.for.or.with][to.cause.to.V.as.one.is.V-ing][to.V.toward.each.other][V→V]-te[to.act.on.so.as.to.cause.to.V][V→V]-te[to.act.on.so.as.to.cause.to.V][V→V]-te[to.act.on.so.as.to.cause.to.V][V→V]-te[to.act.on.so.as.to.cause.to.V][V→V]-@₁~fni[to.say.that.one.is.V-ing][Cmpd_Vbl][V][Opt][PRS][2Sg]
angayuqiitni	angayuqagh*-~:(ng₁)u[to.be.N][N→V]-~i[SBJ.V-ed.something][V→V]-~:(u)te[condition.with.respect.to.V-ing][V→N]-te[to.catch.N][to.go.to.N][N→V]-te[to.act.on.so.as.to.cause.to.V][V→V]-te[to.act.on.so.as.to.cause.to.V][V→V]-te[to.act.on.so.as.to.cause.to.V][V→V]-@₁~fni[to.say.that.one.is.V-ing][Cmpd_Vbl][V][Opt][PRS][2Sg]
angayuqiitni	angayuqagh*-~:(ng₁)u[to.be.N][N→V]-~i[SBJ.V-ed.something][V→V]-~:(u)te[condition.with.respect.to.V-ing][V→N][N][Loc][Unpd][Pl]
angayuqiitni	angayuqagh*-~:(ng₁)u[to.be.N][N→V]-~i[SBJ.V-ed.something][V→V]-~:(u)te[SBJ.V-ed.something][V→V]-te[to.act.on.so.as.to.cause.to.V][V→V]-te[to.act.on.so.as.to.cause.to.V][V→V]-te[to.act.on.so.as.to.cause.to.V][V→V]-te[to.act.on.so.as.to.cause.to.V][V→V]-@₁~fni[to.say.that.one.is.V-ing][Cmpd_Vbl][V][Opt][PRS][2Sg]
angayuqiitni	angayuqagh*-~:(ng₁)u[to.be.N][N→V]-~i[SBJ.V-ed.something][V→V]-te[to.act.on.so.as.to.cause.to.V][V→V]-te[to.act.on.so.as.to.cause.to.V][V→V]-te[to.act.on.so.as.to.cause.to.V][V→V]-te[to.act.on.so.as.to.cause.to.V][V→V]-@₁~fni[to.say.that.one.is.V-ing][Cmpd_Vbl][V][Opt][PRS][2Sg]
angayuqiitni	angayuqagh*[N][Loc][3DuPoss][PlPosd]
angayuqiitni	angayuqagh*[N][Loc][3DuPoss][DuPosd]
angayuqiitni	angayuqagh*[N][Loc][3PlPoss][SgPosd]
angayuqiitni	angayuqagh*[N][Loc][3PlPoss][PlPosd]
angayuqiitni	angayuqagh*[N][Loc][3PlPoss][DuPosd]

aghnaghlluwhaankut	+?

------------------------


------------------------
Angyaghpaget Pugughileghmelluta kaataqelghiit Trader, angyalgat kina Mr. Ranka, ilanganikun Castell.

angyaghpaget	+?

pugughileghmelluta	+?

kaataqelghiit	kaate-~(g₁)aqe[to.be.V.ing][to.regularly.or.repeatedly.V][V→V]-@₁–lghii[the.one.that.V-ed][the.one.that.is.V][V→N][N][Abs][Unpd][Pl]
kaataqelghiit	kaate-~(g₁)aqe[to.be.V.ing][to.regularly.or.repeatedly.V][V→V]-@₁–lghii[the.one.that.V-ed][the.one.that.is.V][V→N][N][Rel][Unpd][Pl]
kaataqelghiit	kaate-~(g₁)aqe[to.be.V.ing][to.regularly.or.repeatedly.V][V→V][V][Ptcp][3Pl]

trader	+?

angyalgat	angyagh-–leg[one.having.N][N→N][N][Abs][3PlPoss][SgPosd]

kina	kina
kina	kina[N][Abs][Unpd][Sg]

mr	+?

ranka	+?

ilanganikun	+?

castell	+?

------------------------
Castell-kun atasimeng Sivuqameng Pugughileghmun aglaghtukut.

castellkun	+?

atasimeng	+?

sivuqameng	Sivuqagh[N][Rel][4DuPoss][SgPosd]
sivuqameng	Sivuqagh[N][Rel][4DuPoss][PlPosd]
sivuqameng	Sivuqagh[N][Rel][4PlPoss][SgPosd]
sivuqameng	Sivuqagh[N][Rel][4PlPoss][PlPosd]
sivuqameng	Sivuqagh[N][Abl_Mod][Unpd][Sg]

pugughileghmun	+?

aglaghtukut	aglagh[V][Ind][1Pl]
aglaghtukut	aglagh-te[to.act.on.so.as.to.cause.to.V][V→V][V][Ind][1Pl]

------------------------
Iirgunkutgun piiwaghluta aglaatiinkut taaggun.

iirgunkutgun	+?

piiwaghluta	+?

aglaatiinkut	+?

taaggun	+?

------------------------
Taakunginaagut angyaghpaget.

taakunginaagut	+?

angyaghpaget	+?

------------------------


------------------------
Igaghyallghitunga.

igaghyallghitunga	+?

------------------------
Sivuqami one-year igaghyaqaghlunga taaqegkaagunga.

sivuqami	Sivuqagh[N][Loc][Unpd][Sg]
sivuqami	Sivuqagh[N][Rel][4SgPoss][SgPosd]
sivuqami	Sivuqagh[N][Rel][4SgPoss][PlPosd]

oneyear	+?

igaghyaqaghlunga	+?

taaqegkaagunga	taaqe-~sf–(g₃)kau[to.have.V-ed][to.have.been.V-ed][V→V][V][Ind][1Sg]

------------------------


------------------------
Naghaaghutelguukut sameng ulimaaghmeng, unaghsimeng naghaghutengllaqat, qamiyngwaaq, angyaghwaaq, sangwaa.

naghaaghutelguukut	naghaagh-~:(u)te[condition.with.respect.to.V-ing][V→N]-–leg[one.having.N][N→N]-~:(ng₁)u[to.be.N][N→V][V][Ind][1Pl]
naghaaghutelguukut	naghaagh-~:(u)te[condition.with.respect.to.V-ing][V→N]-–lgu[to.have.N][N→V][V][Ind][1Pl]

sameng	sa[N][Rel][4DuPoss][SgPosd]
sameng	sa[N][Rel][4DuPoss][PlPosd]
sameng	sa[N][Rel][4PlPoss][SgPosd]
sameng	sa[N][Rel][4PlPoss][PlPosd]
sameng	sa[N][Abl_Mod][Unpd][Sg]
sameng	sameng

ulimaaghmeng	+?

unaghsimeng	+?

naghaghutengllaqat	+?

qamiyngwaaq	+?

angyaghwaaq	+?

sangwaa	sa-~:(ng₁)u[to.be.N][N→V][V][Intrg][3Sg]

------------------------
Uqfigatqun amen tangilleghqwaaghet pickup sticks-kelluki tamaaken naghaaghutkaqsaghtukut, iighhaatmeng, qawawaaghmeng.

uqfigatqun	+?

amen	+?

tangilleghqwaaghet	+?

pickup	+?

stickskelluki	+?

tamaaken	+?

naghaaghutkaqsaghtukut	naghaagh-~:(u)te[to.V.for.or.with][to.cause.to.V.as.one.is.V-ing][to.V.toward.each.other][V→V]-@₂~fkaq[one.that.has.V-ed][V→N]-~–ke[to.have.as.one's.N(s)][N→V]-@₁~fyagh[to.go.V-ing][to.V.in.vain][V→V][V][Ind][1Pl]
naghaaghutkaqsaghtukut	naghaagh-~:(u)te[to.V.for.or.with][to.cause.to.V.as.one.is.V-ing][to.V.toward.each.other][V→V]-@₂~fkaq[one.that.has.V-ed][V→N]-~–ke[to.have.as.one's.N(s)][N→V]-@₁~fyagh[to.go.V-ing][to.V.in.vain][V→V]-te[to.act.on.so.as.to.cause.to.V][V→V][V][Ind][1Pl]
naghaaghutkaqsaghtukut	naghaagh-~:(u)te[to.V.for.or.with][to.cause.to.V.as.one.is.V-ing][to.V.toward.each.other][V→V]-@₂~fkaq[one.that.has.V-ed][V→N]-~–ke[to.have.as.one's.N(s)][N→V]-te[to.act.on.so.as.to.cause.to.V][V→V]-@₁~fyagh[to.go.V-ing][to.V.in.vain][V→V][V][Ind][1Pl]
naghaaghutkaqsaghtukut	naghaagh-~:(u)te[to.V.for.or.with][to.cause.to.V.as.one.is.V-ing][to.V.toward.each.other][V→V]-@₂~fkaq[one.that.has.V-ed][V→N]-~–ke[to.have.as.one's.N(s)][N→V]-te[to.act.on.so.as.to.cause.to.V][V→V]-@₁~fyagh[to.go.V-ing][to.V.in.vain][V→V]-te[to.act.on.so.as.to.cause.to.V][V→V][V][Ind][1Pl]
naghaaghutkaqsaghtukut	naghaagh-~:(u)te[to.V.for.or.with][to.cause.to.V.as.one.is.V-ing][to.V.toward.each.other][V→V]-@₂~fkaq[one.that.has.V-ed][V→N]-~–ke[to.have.as.one's.N(s)][N→V]-te[to.act.on.so.as.to.cause.to.V][V→V]-te[to.act.on.so.as.to.cause.to.V][V→V]-@₁~fyagh[to.go.V-ing][to.V.in.vain][V→V][V][Ind][1Pl]
naghaaghutkaqsaghtukut	naghaagh-~:(u)te[to.V.for.or.with][to.cause.to.V.as.one.is.V-ing][to.V.toward.each.other][V→V]-@₂~fkaq[one.that.has.V-ed][V→N]-~–ke[to.have.as.one's.N(s)][N→V]-te[to.act.on.so.as.to.cause.to.V][V→V]-te[to.act.on.so.as.to.cause.to.V][V→V]-@₁~fyagh[to.go.V-ing][to.V.in.vain][V→V]-te[to.act.on.so.as.to.cause.to.V][V→V][V][Ind][1Pl]
naghaaghutkaqsaghtukut	naghaagh-~:(u)te[to.V.for.or.with][to.cause.to.V.as.one.is.V-ing][to.V.toward.each.other][V→V]-@₂~fkaq[one.that.has.V-ed][V→N]-~–ke[to.have.as.one's.N(s)][N→V]-te[to.act.on.so.as.to.cause.to.V][V→V]-te[to.act.on.so.as.to.cause.to.V][V→V]-te[to.act.on.so.as.to.cause.to.V][V→V]-@₁~fyagh[to.go.V-ing][to.V.in.vain][V→V][V][Ind][1Pl]
naghaaghutkaqsaghtukut	naghaagh-~:(u)te[to.V.for.or.with][to.cause.to.V.as.one.is.V-ing][to.V.toward.each.other][V→V]-@₂~fkaq[one.that.has.V-ed][V→N]-~–ke[to.have.as.one's.N(s)][N→V]-te[to.act.on.so.as.to.cause.to.V][V→V]-te[to.act.on.so.as.to.cause.to.V][V→V]-te[to.act.on.so.as.to.cause.to.V][V→V]-@₁~fyagh[to.go.V-ing][to.V.in.vain][V→V]-te[to.act.on.so.as.to.cause.to.V][V→V][V][Ind][1Pl]
naghaaghutkaqsaghtukut	naghaagh-~:(u)te[to.V.for.or.with][to.cause.to.V.as.one.is.V-ing][to.V.toward.each.other][V→V]-@₂~fkaq[one.that.has.V-ed][V→N]-~–ke[to.have.as.one's.N(s)][N→V]-te[to.act.on.so.as.to.cause.to.V][V→V]-te[to.act.on.so.as.to.cause.to.V][V→V]-te[to.act.on.so.as.to.cause.to.V][V→V]-te[to.act.on.so.as.to.cause.to.V][V→V]-@₁~fyagh[to.go.V-ing][to.V.in.vain][V→V][V][Ind][1Pl]
naghaaghutkaqsaghtukut	naghaagh-~:(u)te[to.V.for.or.with][to.cause.to.V.as.one.is.V-ing][to.V.toward.each.other][V→V]-@₂~fkaq[one.that.has.V-ed][V→N]-~–ke[to.have.as.one's.N(s)][N→V]-te[to.act.on.so.as.to.cause.to.V][V→V]-te[to.act.on.so.as.to.cause.to.V][V→V]-te[to.act.on.so.as.to.cause.to.V][V→V]-te[to.act.on.so.as.to.cause.to.V][V→V]-@₁~fyagh[to.go.V-ing][to.V.in.vain][V→V]-te[to.act.on.so.as.to.cause.to.V][V→V][V][Ind][1Pl]
naghaaghutkaqsaghtukut	naghaagh-~:(u)te[to.V.for.or.with][to.cause.to.V.as.one.is.V-ing][to.V.toward.each.other][V→V]-@₂~fkaq[one.that.has.V-ed][V→N]-te[to.catch.N][to.go.to.N][N→V]-@₁~fyagh[to.go.V-ing][to.V.in.vain][V→V][V][Ind][1Pl]
naghaaghutkaqsaghtukut	naghaagh-~:(u)te[to.V.for.or.with][to.cause.to.V.as.one.is.V-ing][to.V.toward.each.other][V→V]-@₂~fkaq[one.that.has.V-ed][V→N]-te[to.catch.N][to.go.to.N][N→V]-@₁~fyagh[to.go.V-ing][to.V.in.vain][V→V]-te[to.act.on.so.as.to.cause.to.V][V→V][V][Ind][1Pl]
naghaaghutkaqsaghtukut	naghaagh-~:(u)te[to.V.for.or.with][to.cause.to.V.as.one.is.V-ing][to.V.toward.each.other][V→V]-@₂~fkaq[one.that.has.V-ed][V→N]-te[to.catch.N][to.go.to.N][N→V]-te[to.act.on.so.as.to.cause.to.V][V→V]-@₁~fyagh[to.go.V-ing][to.V.in.vain][V→V][V][Ind][1Pl]
naghaaghutkaqsaghtukut	naghaagh-~:(u)te[to.V.for.or.with][to.cause.to.V.as.one.is.V-ing][to.V.toward.each.other][V→V]-@₂~fkaq[one.that.has.V-ed][V→N]-te[to.catch.N][to.go.to.N][N→V]-te[to.act.on.so.as.to.cause.to.V][V→V]-@₁~fyagh[to.go.V-ing][to.V.in.vain][V→V]-te[to.act.on.so.as.to.cause.to.V][V→V][V][Ind][1Pl]
naghaaghutkaqsaghtukut	naghaagh-~:(u)te[to.V.for.or.with][to.cause.to.V.as.one.is.V-ing][to.V.toward.each.other][V→V]-@₂~fkaq[one.that.has.V-ed][V→N]-te[to.catch.N][to.go.to.N][N→V]-te[to.act.on.so.as.to.cause.to.V][V→V]-te[to.act.on.so.as.to.cause.to.V][V→V]-@₁~fyagh[to.go.V-ing][to.V.in.vain][V→V][V][Ind][1Pl]
naghaaghutkaqsaghtukut	naghaagh-~:(u)te[to.V.for.or.with][to.cause.to.V.as.one.is.V-ing][to.V.toward.each.other][V→V]-@₂~fkaq[one.that.has.V-ed][V→N]-te[to.catch.N][to.go.to.N][N→V]-te[to.act.on.so.as.to.cause.to.V][V→V]-te[to.act.on.so.as.to.cause.to.V][V→V]-@₁~fyagh[to.go.V-ing][to.V.in.vain][V→V]-te[to.act.on.so.as.to.cause.to.V][V→V][V][Ind][1Pl]
naghaaghutkaqsaghtukut	naghaagh-~:(u)te[condition.with.respect.to.V-ing][V→N]-~–ke[to.have.as.one's.N(s)][N→V]-~(g₁)aqe[to.be.V.ing][to.regularly.or.repeatedly.V][V→V]-@₁~fyagh[to.go.V-ing][to.V.in.vain][V→V][V][Ind][1Pl]
naghaaghutkaqsaghtukut	naghaagh-~:(u)te[condition.with.respect.to.V-ing][V→N]-~–ke[to.have.as.one's.N(s)][N→V]-~(g₁)aqe[to.be.V.ing][to.regularly.or.repeatedly.V][V→V]-@₁~fyagh[to.go.V-ing][to.V.in.vain][V→V]-te[to.act.on.so.as.to.cause.to.V][V→V][V][Ind][1Pl]
naghaaghutkaqsaghtukut	naghaagh-~:(u)te[condition.with.respect.to.V-ing][V→N]-~–ke[to.have.as.one's.N(s)][N→V]-~(g₁)aqe[to.be.V.ing][to.regularly.or.repeatedly.V][V→V]-te[to.act.on.so.as.to.cause.to.V][V→V]-@₁~fyagh[to.go.V-ing][to.V.in.vain][V→V][V][Ind][1Pl]
naghaaghutkaqsaghtukut	naghaagh-~:(u)te[condition.with.respect.to.V-ing][V→N]-~–ke[to.have.as.one's.N(s)][N→V]-~(g₁)aqe[to.be.V.ing][to.regularly.or.repeatedly.V][V→V]-te[to.act.on.so.as.to.cause.to.V][V→V]-@₁~fyagh[to.go.V-ing][to.V.in.vain][V→V]-te[to.act.on.so.as.to.cause.to.V][V→V][V][Ind][1Pl]
naghaaghutkaqsaghtukut	naghaagh-~:(u)te[condition.with.respect.to.V-ing][V→N]-~–ke[to.have.as.one's.N(s)][N→V]-~(g₁)aqe[to.be.V.ing][to.regularly.or.repeatedly.V][V→V]-te[to.act.on.so.as.to.cause.to.V][V→V]-te[to.act.on.so.as.to.cause.to.V][V→V]-@₁~fyagh[to.go.V-ing][to.V.in.vain][V→V][V][Ind][1Pl]
naghaaghutkaqsaghtukut	naghaagh-~:(u)te[condition.with.respect.to.V-ing][V→N]-~–ke[to.have.as.one's.N(s)][N→V]-~(g₁)aqe[to.be.V.ing][to.regularly.or.repeatedly.V][V→V]-te[to.act.on.so.as.to.cause.to.V][V→V]-te[to.act.on.so.as.to.cause.to.V][V→V]-@₁~fyagh[to.go.V-ing][to.V.in.vain][V→V]-te[to.act.on.so.as.to.cause.to.V][V→V][V][Ind][1Pl]
naghaaghutkaqsaghtukut	naghaagh-~:(u)te[condition.with.respect.to.V-ing][V→N]-~–ke[to.have.as.one's.N(s)][N→V]-~(g₁)aqe[to.be.V.ing][to.regularly.or.repeatedly.V][V→V]-te[to.act.on.so.as.to.cause.to.V][V→V]-te[to.act.on.so.as.to.cause.to.V][V→V]-te[to.act.on.so.as.to.cause.to.V][V→V]-@₁~fyagh[to.go.V-ing][to.V.in.vain][V→V][V][Ind][1Pl]
naghaaghutkaqsaghtukut	naghaagh-~:(u)te[condition.with.respect.to.V-ing][V→N]-~–ke[to.have.as.one's.N(s)][N→V]-~(g₁)aqe[to.be.V.ing][to.regularly.or.repeatedly.V][V→V]-te[to.act.on.so.as.to.cause.to.V][V→V]-te[to.act.on.so.as.to.cause.to.V][V→V]-te[to.act.on.so.as.to.cause.to.V][V→V]-@₁~fyagh[to.go.V-ing][to.V.in.vain][V→V]-te[to.act.on.so.as.to.cause.to.V][V→V][V][Ind][1Pl]
naghaaghutkaqsaghtukut	naghaagh-~:(u)te[condition.with.respect.to.V-ing][V→N]-~–ke[to.have.as.one's.N(s)][N→V]-~(g₁)aqe[to.be.V.ing][to.regularly.or.repeatedly.V][V→V]-te[to.act.on.so.as.to.cause.to.V][V→V]-te[to.act.on.so.as.to.cause.to.V][V→V]-te[to.act.on.so.as.to.cause.to.V][V→V]-te[to.act.on.so.as.to.cause.to.V][V→V]-@₁~fyagh[to.go.V-ing][to.V.in.vain][V→V][V][Ind][1Pl]
naghaaghutkaqsaghtukut	naghaagh-~:(u)te[condition.with.respect.to.V-ing][V→N]-~–ke[to.have.as.one's.N(s)][N→V]-~(g₁)aqe[to.be.V.ing][to.regularly.or.repeatedly.V][V→V]-te[to.act.on.so.as.to.cause.to.V][V→V]-te[to.act.on.so.as.to.cause.to.V][V→V]-te[to.act.on.so.as.to.cause.to.V][V→V]-te[to.act.on.so.as.to.cause.to.V][V→V]-@₁~fyagh[to.go.V-ing][to.V.in.vain][V→V]-te[to.act.on.so.as.to.cause.to.V][V→V][V][Ind][1Pl]
naghaaghutkaqsaghtukut	naghaagh-~:(u)te[SBJ.V-ed.something][V→V]-@₂~fkaq[one.that.has.V-ed][V→N]-~–ke[to.have.as.one's.N(s)][N→V]-@₁~fyagh[to.go.V-ing][to.V.in.vain][V→V][V][Ind][1Pl]
naghaaghutkaqsaghtukut	naghaagh-~:(u)te[SBJ.V-ed.something][V→V]-@₂~fkaq[one.that.has.V-ed][V→N]-~–ke[to.have.as.one's.N(s)][N→V]-@₁~fyagh[to.go.V-ing][to.V.in.vain][V→V]-te[to.act.on.so.as.to.cause.to.V][V→V][V][Ind][1Pl]
naghaaghutkaqsaghtukut	naghaagh-~:(u)te[SBJ.V-ed.something][V→V]-@₂~fkaq[one.that.has.V-ed][V→N]-~–ke[to.have.as.one's.N(s)][N→V]-te[to.act.on.so.as.to.cause.to.V][V→V]-@₁~fyagh[to.go.V-ing][to.V.in.vain][V→V][V][Ind][1Pl]
naghaaghutkaqsaghtukut	naghaagh-~:(u)te[SBJ.V-ed.something][V→V]-@₂~fkaq[one.that.has.V-ed][V→N]-~–ke[to.have.as.one's.N(s)][N→V]-te[to.act.on.so.as.to.cause.to.V][V→V]-@₁~fyagh[to.go.V-ing][to.V.in.vain][V→V]-te[to.act.on.so.as.to.cause.to.V][V→V][V][Ind][1Pl]
naghaaghutkaqsaghtukut	naghaagh-~:(u)te[SBJ.V-ed.something][V→V]-@₂~fkaq[one.that.has.V-ed][V→N]-~–ke[to.have.as.one's.N(s)][N→V]-te[to.act.on.so.as.to.cause.to.V][V→V]-te[to.act.on.so.as.to.cause.to.V][V→V]-@₁~fyagh[to.go.V-ing][to.V.in.vain][V→V][V][Ind][1Pl]
naghaaghutkaqsaghtukut	naghaagh-~:(u)te[SBJ.V-ed.something][V→V]-@₂~fkaq[one.that.has.V-ed][V→N]-~–ke[to.have.as.one's.N(s)][N→V]-te[to.act.on.so.as.to.cause.to.V][V→V]-te[to.act.on.so.as.to.cause.to.V][V→V]-@₁~fyagh[to.go.V-ing][to.V.in.vain][V→V]-te[to.act.on.so.as.to.cause.to.V][V→V][V][Ind][1Pl]
naghaaghutkaqsaghtukut	naghaagh-~:(u)te[SBJ.V-ed.something][V→V]-@₂~fkaq[one.that.has.V-ed][V→N]-~–ke[to.have.as.one's.N(s)][N→V]-te[to.act.on.so.as.to.cause.to.V][V→V]-te[to.act.on.so.as.to.cause.to.V][V→V]-te[to.act.on.so.as.to.cause.to.V][V→V]-@₁~fyagh[to.go.V-ing][to.V.in.vain][V→V][V][Ind][1Pl]
naghaaghutkaqsaghtukut	naghaagh-~:(u)te[SBJ.V-ed.something][V→V]-@₂~fkaq[one.that.has.V-ed][V→N]-~–ke[to.have.as.one's.N(s)][N→V]-te[to.act.on.so.as.to.cause.to.V][V→V]-te[to.act.on.so.as.to.cause.to.V][V→V]-te[to.act.on.so.as.to.cause.to.V][V→V]-@₁~fyagh[to.go.V-ing][to.V.in.vain][V→V]-te[to.act.on.so.as.to.cause.to.V][V→V][V][Ind][1Pl]
naghaaghutkaqsaghtukut	naghaagh-~:(u)te[SBJ.V-ed.something][V→V]-@₂~fkaq[one.that.has.V-ed][V→N]-~–ke[to.have.as.one's.N(s)][N→V]-te[to.act.on.so.as.to.cause.to.V][V→V]-te[to.act.on.so.as.to.cause.to.V][V→V]-te[to.act.on.so.as.to.cause.to.V][V→V]-te[to.act.on.so.as.to.cause.to.V][V→V]-@₁~fyagh[to.go.V-ing][to.V.in.vain][V→V][V][Ind][1Pl]
naghaaghutkaqsaghtukut	naghaagh-~:(u)te[SBJ.V-ed.something][V→V]-@₂~fkaq[one.that.has.V-ed][V→N]-~–ke[to.have.as.one's.N(s)][N→V]-te[to.act.on.so.as.to.cause.to.V][V→V]-te[to.act.on.so.as.to.cause.to.V][V→V]-te[to.act.on.so.as.to.cause.to.V][V→V]-te[to.act.on.so.as.to.cause.to.V][V→V]-@₁~fyagh[to.go.V-ing][to.V.in.vain][V→V]-te[to.act.on.so.as.to.cause.to.V][V→V][V][Ind][1Pl]
naghaaghutkaqsaghtukut	naghaagh-~:(u)te[SBJ.V-ed.something][V→V]-@₂~fkaq[one.that.has.V-ed][V→N]-te[to.catch.N][to.go.to.N][N→V]-@₁~fyagh[to.go.V-ing][to.V.in.vain][V→V][V][Ind][1Pl]
naghaaghutkaqsaghtukut	naghaagh-~:(u)te[SBJ.V-ed.something][V→V]-@₂~fkaq[one.that.has.V-ed][V→N]-te[to.catch.N][to.go.to.N][N→V]-@₁~fyagh[to.go.V-ing][to.V.in.vain][V→V]-te[to.act.on.so.as.to.cause.to.V][V→V][V][Ind][1Pl]
naghaaghutkaqsaghtukut	naghaagh-~:(u)te[SBJ.V-ed.something][V→V]-@₂~fkaq[one.that.has.V-ed][V→N]-te[to.catch.N][to.go.to.N][N→V]-te[to.act.on.so.as.to.cause.to.V][V→V]-@₁~fyagh[to.go.V-ing][to.V.in.vain][V→V][V][Ind][1Pl]
naghaaghutkaqsaghtukut	naghaagh-~:(u)te[SBJ.V-ed.something][V→V]-@₂~fkaq[one.that.has.V-ed][V→N]-te[to.catch.N][to.go.to.N][N→V]-te[to.act.on.so.as.to.cause.to.V][V→V]-@₁~fyagh[to.go.V-ing][to.V.in.vain][V→V]-te[to.act.on.so.as.to.cause.to.V][V→V][V][Ind][1Pl]
naghaaghutkaqsaghtukut	naghaagh-~:(u)te[SBJ.V-ed.something][V→V]-@₂~fkaq[one.that.has.V-ed][V→N]-te[to.catch.N][to.go.to.N][N→V]-te[to.act.on.so.as.to.cause.to.V][V→V]-te[to.act.on.so.as.to.cause.to.V][V→V]-@₁~fyagh[to.go.V-ing][to.V.in.vain][V→V][V][Ind][1Pl]
naghaaghutkaqsaghtukut	naghaagh-~:(u)te[SBJ.V-ed.something][V→V]-@₂~fkaq[one.that.has.V-ed][V→N]-te[to.catch.N][to.go.to.N][N→V]-te[to.act.on.so.as.to.cause.to.V][V→V]-te[to.act.on.so.as.to.cause.to.V][V→V]-@₁~fyagh[to.go.V-ing][to.V.in.vain][V→V]-te[to.act.on.so.as.to.cause.to.V][V→V][V][Ind][1Pl]

iighhaatmeng	iighhagh-~:(ng₁)u[to.be.N][N→V]-~:(u)te[condition.with.respect.to.V-ing][V→N][N][Rel][4DuPoss][SgPosd]
iighhaatmeng	iighhagh-~:(ng₁)u[to.be.N][N→V]-~:(u)te[condition.with.respect.to.V-ing][V→N][N][Rel][4DuPoss][PlPosd]
iighhaatmeng	iighhagh-~:(ng₁)u[to.be.N][N→V]-~:(u)te[condition.with.respect.to.V-ing][V→N][N][Rel][4PlPoss][SgPosd]
iighhaatmeng	iighhagh-~:(ng₁)u[to.be.N][N→V]-~:(u)te[condition.with.respect.to.V-ing][V→N][N][Rel][4PlPoss][PlPosd]
iighhaatmeng	iighhagh-~:(ng₁)u[to.be.N][N→V]-~:(u)te[condition.with.respect.to.V-ing][V→N][N][Abl_Mod][Unpd][Sg]

qawawaaghmeng	+?

------------------------
Meteghllugwaaghet sangwaat unaghsiiwaqlluteng.

meteghllugwaaghet	+?

sangwaat	sa-~:(ng₁)u[to.be.N][N→V][V][Intrg][3Pl]

unaghsiiwaqlluteng	+?

------------------------


------------------------
Mangteghat Aghtuqaayagenkut, Aglughaq, whangkuta.

mangteghat	mangteghagh[N][Abs][Unpd][Pl]
mangteghat	mangteghagh[N][Rel][Unpd][Pl]

aghtuqaayagenkut	+?

aglughaq	+?

whangkuta	whangkuta

------------------------
Guygumun whangkuta lliightukut liitngwaaghumaghma neqamikaqa.

guygumun	guygu[N][Ter][Unpd][Sg]

whangkuta	whangkuta

lliightukut	+?

liitngwaaghumaghma	+?

neqamikaqa	+?

------------------------
Entaqun taakut qemtaghllagmi Napaqaghhaankut atakullghiit tawani whangkuta guygumun lliightukut.

entaqun	entaqun

taakut	taake[V][Ind][3Pl]

qemtaghllagmi	+?

napaqaghhaankut	+?

atakullghiit	ata-~–ke[to.have.as.one's.N(s)][N→V]-~:(u)te[to.V.for.or.with][to.cause.to.V.as.one.is.V-ing][to.V.toward.each.other][V→V]-@₁–lghii[the.one.that.V-ed][the.one.that.is.V][V→N][N][Abs][Unpd][Pl]
atakullghiit	ata-~–ke[to.have.as.one's.N(s)][N→V]-~:(u)te[to.V.for.or.with][to.cause.to.V.as.one.is.V-ing][to.V.toward.each.other][V→V]-@₁–lghii[the.one.that.V-ed][the.one.that.is.V][V→N][N][Rel][Unpd][Pl]
atakullghiit	ata-~–ke[to.have.as.one's.N(s)][N→V]-~:(u)te[to.V.for.or.with][to.cause.to.V.as.one.is.V-ing][to.V.toward.each.other][V→V]-te[to.act.on.so.as.to.cause.to.V][V→V]-@₁–lghii[the.one.that.V-ed][the.one.that.is.V][V→N][N][Abs][Unpd][Pl]
atakullghiit	ata-~–ke[to.have.as.one's.N(s)][N→V]-~:(u)te[to.V.for.or.with][to.cause.to.V.as.one.is.V-ing][to.V.toward.each.other][V→V]-te[to.act.on.so.as.to.cause.to.V][V→V]-@₁–lghii[the.one.that.V-ed][the.one.that.is.V][V→N][N][Rel][Unpd][Pl]
atakullghiit	ata-~–ke[to.have.as.one's.N(s)][N→V]-~:(u)te[to.V.for.or.with][to.cause.to.V.as.one.is.V-ing][to.V.toward.each.other][V→V]-te[to.act.on.so.as.to.cause.to.V][V→V]-te[to.act.on.so.as.to.cause.to.V][V→V]-@₁–lghii[the.one.that.V-ed][the.one.that.is.V][V→N][N][Abs][Unpd][Pl]
atakullghiit	ata-~–ke[to.have.as.one's.N(s)][N→V]-~:(u)te[to.V.for.or.with][to.cause.to.V.as.one.is.V-ing][to.V.toward.each.other][V→V]-te[to.act.on.so.as.to.cause.to.V][V→V]-te[to.act.on.so.as.to.cause.to.V][V→V]-@₁–lghii[the.one.that.V-ed][the.one.that.is.V][V→N][N][Rel][Unpd][Pl]
atakullghiit	ata-~–ke[to.have.as.one's.N(s)][N→V]-~:(u)te[to.V.for.or.with][to.cause.to.V.as.one.is.V-ing][to.V.toward.each.other][V→V]-te[to.act.on.so.as.to.cause.to.V][V→V]-te[to.act.on.so.as.to.cause.to.V][V→V][V][Ptcp][3Pl]
atakullghiit	ata-~–ke[to.have.as.one's.N(s)][N→V]-~:(u)te[to.V.for.or.with][to.cause.to.V.as.one.is.V-ing][to.V.toward.each.other][V→V]-te[to.act.on.so.as.to.cause.to.V][V→V][V][Ptcp][3Pl]
atakullghiit	ata-~–ke[to.have.as.one's.N(s)][N→V]-~:(u)te[to.V.for.or.with][to.cause.to.V.as.one.is.V-ing][to.V.toward.each.other][V→V][V][Ptcp][3Pl]
atakullghiit	ata-~–ke[to.have.as.one's.N(s)][N→V]-~:(u)te[condition.with.respect.to.V-ing][V→N]-te[to.catch.N][to.go.to.N][N→V]-@₁–lghii[the.one.that.V-ed][the.one.that.is.V][V→N][N][Abs][Unpd][Pl]
atakullghiit	ata-~–ke[to.have.as.one's.N(s)][N→V]-~:(u)te[condition.with.respect.to.V-ing][V→N]-te[to.catch.N][to.go.to.N][N→V]-@₁–lghii[the.one.that.V-ed][the.one.that.is.V][V→N][N][Rel][Unpd][Pl]
atakullghiit	ata-~–ke[to.have.as.one's.N(s)][N→V]-~:(u)te[condition.with.respect.to.V-ing][V→N]-te[to.catch.N][to.go.to.N][N→V]-te[to.act.on.so.as.to.cause.to.V][V→V]-@₁–lghii[the.one.that.V-ed][the.one.that.is.V][V→N][N][Abs][Unpd][Pl]
atakullghiit	ata-~–ke[to.have.as.one's.N(s)][N→V]-~:(u)te[condition.with.respect.to.V-ing][V→N]-te[to.catch.N][to.go.to.N][N→V]-te[to.act.on.so.as.to.cause.to.V][V→V]-@₁–lghii[the.one.that.V-ed][the.one.that.is.V][V→N][N][Rel][Unpd][Pl]
atakullghiit	ata-~–ke[to.have.as.one's.N(s)][N→V]-~:(u)te[condition.with.respect.to.V-ing][V→N]-te[to.catch.N][to.go.to.N][N→V]-te[to.act.on.so.as.to.cause.to.V][V→V][V][Ptcp][3Pl]
atakullghiit	ata-~–ke[to.have.as.one's.N(s)][N→V]-~:(u)te[condition.with.respect.to.V-ing][V→N]-te[to.catch.N][to.go.to.N][N→V][V][Ptcp][3Pl]
atakullghiit	ata-~–ke[to.have.as.one's.N(s)][N→V]-~:(u)te[SBJ.V-ed.something][V→V]-@₁–lghii[the.one.that.V-ed][the.one.that.is.V][V→N][N][Abs][Unpd][Pl]
atakullghiit	ata-~–ke[to.have.as.one's.N(s)][N→V]-~:(u)te[SBJ.V-ed.something][V→V]-@₁–lghii[the.one.that.V-ed][the.one.that.is.V][V→N][N][Rel][Unpd][Pl]
atakullghiit	ata-~–ke[to.have.as.one's.N(s)][N→V]-~:(u)te[SBJ.V-ed.something][V→V]-te[to.act.on.so.as.to.cause.to.V][V→V]-@₁–lghii[the.one.that.V-ed][the.one.that.is.V][V→N][N][Abs][Unpd][Pl]
atakullghiit	ata-~–ke[to.have.as.one's.N(s)][N→V]-~:(u)te[SBJ.V-ed.something][V→V]-te[to.act.on.so.as.to.cause.to.V][V→V]-@₁–lghii[the.one.that.V-ed][the.one.that.is.V][V→N][N][Rel][Unpd][Pl]
atakullghiit	ata-~–ke[to.have.as.one's.N(s)][N→V]-~:(u)te[SBJ.V-ed.something][V→V]-te[to.act.on.so.as.to.cause.to.V][V→V]-te[to.act.on.so.as.to.cause.to.V][V→V]-@₁–lghii[the.one.that.V-ed][the.one.that.is.V][V→N][N][Abs][Unpd][Pl]
atakullghiit	ata-~–ke[to.have.as.one's.N(s)][N→V]-~:(u)te[SBJ.V-ed.something][V→V]-te[to.act.on.so.as.to.cause.to.V][V→V]-te[to.act.on.so.as.to.cause.to.V][V→V]-@₁–lghii[the.one.that.V-ed][the.one.that.is.V][V→N][N][Rel][Unpd][Pl]
atakullghiit	ata-~–ke[to.have.as.one's.N(s)][N→V]-~:(u)te[SBJ.V-ed.something][V→V]-te[to.act.on.so.as.to.cause.to.V][V→V]-te[to.act.on.so.as.to.cause.to.V][V→V][V][Ptcp][3Pl]
atakullghiit	ata-~–ke[to.have.as.one's.N(s)][N→V]-~:(u)te[SBJ.V-ed.something][V→V]-te[to.act.on.so.as.to.cause.to.V][V→V][V][Ptcp][3Pl]
atakullghiit	ata-~–ke[to.have.as.one's.N(s)][N→V]-~:(u)te[SBJ.V-ed.something][V→V][V][Ptcp][3Pl]

tawani	tawani

whangkuta	whangkuta

guygumun	guygu[N][Ter][Unpd][Sg]

lliightukut	+?

------------------------


------------------------
Angyangelleq nallukaqa, liisalghiinga taawa angyaghwaalguftukut.

angyangelleq	+?

nallukaqa	+?

liisalghiinga	liite-@₁~fyagh[to.go.V-ing][to.V.in.vain][V→V]-@₁–lghii[the.one.that.V-ed][the.one.that.is.V][V→N][N][Abs][3SgPoss][SgPosd]
liisalghiinga	liite-@₁~fyagh[to.go.V-ing][to.V.in.vain][V→V][V][Ptcp][1Sg]
liisalghiinga	liite[V][Ptcp_Obl][1Sg]

taawa	taawa

angyaghwaalguftukut	+?

------------------------
Entaqun Pedersen-meng pikniiqaat.

entaqun	entaqun

pedersenmeng	+?

pikniiqaat	+?

------------------------


------------------------
Nekregutenkutlu tesamantaghtaqluteng entaqun anglegutmini tawani Aghtuqaayagmi esghaghaataghaqanka kaataghhneghata ilangani.

nekregutenkutlu	nekreg-~:(ng₁)u[to.be.N][N→V]-~:(u)te[condition.with.respect.to.V-ing][V→N]-~sf-w:(e)nkut[N.and.company.or.family][N→N][N][Abs][Unpd][Sg]-llu[Encl]

tesamantaghtaqluteng	+?

entaqun	entaqun

anglegutmini	anglegute[N][Loc][4SgPoss][SgPosd]
anglegutmini	anglegute[N][Loc][4SgPoss][PlPosd]

tawani	tawani

aghtuqaayagmi	+?

esghaghaataghaqanka	+?

kaataghhneghata	+?

ilangani	ila[N][Loc][3SgPoss][SgPosd]
ilangani	ila[N][Loc][3SgPoss][PlPosd]
ilangani	ilangani

------------------------


------------------------
Ungipamsugwet tamaakut ilangi enraq alingyugwem, kiyang ighivgaghmi ungipamsugullghiineng.

ungipamsugwet	+?

tamaakut	+?

ilangi	ila[N][Abs][3SgPoss][PlPosd]

enraq	+?

alingyugwem	+?

kiyang	+?

ighivgaghmi	+?

ungipamsugullghiineng	+?

------------------------
Ipangughtesugnighqwaanghata alingyagunnemki ilangi, naaki qavaghnaqragkiighem.

ipangughtesugnighqwaanghata	+?

alingyagunnemki	+?

ilangi	ila[N][Abs][3SgPoss][PlPosd]

naaki	naa-~–ke[to.have.as.one's.N(s)][N→V]-~i[SBJ.V-ed.something][V→V][V][Opt][PRS][2Sg]
naaki	naa-~–ke[to.have.as.one's.N(s)][N→V][V][Opt][PRS][2Sg]

qavaghnaqragkiighem	+?

------------------------
Qevuullunga qemall ilangani qivghukaqlluki.

qevuullunga	qevuute[V][Sbrd][1Sg]
qevuullunga	qevuute[V][Sbrd][2Du][1Sg]
qevuullunga	qevuute[V][Sbrd][2Pl][1Sg]
qevuullunga	qevuute[V][Sbrd][2Sg][1Sg]
qevuullunga	qevuute[V][Sbrd][3Du][1Sg]
qevuullunga	qevuute[V][Sbrd][3Pl][1Sg]
qevuullunga	qevuute[V][Sbrd][3Sg][1Sg]

qemall	qemall

ilangani	ila[N][Loc][3SgPoss][SgPosd]
ilangani	ila[N][Loc][3SgPoss][PlPosd]
ilangani	ilangani

qivghukaqlluki	+?

------------------------
Sanganlli nagatngwaaghnanighsinga.

sanganlli	+?

nagatngwaaghnanighsinga	+?

------------------------
Puygumaanka ungipamsugwet sangwaat nagateghllagluki.

puygumaanka	puygu-@₁~:(i/u)ma[to.have.V-ed][to.have.been.V-ed][V→V][V][Ind][1Sg][3Pl]

ungipamsugwet	+?

sangwaat	sa-~:(ng₁)u[to.be.N][N→V][V][Intrg][3Pl]

nagateghllagluki	+?

------------------------
Qemall whaa neqangughlleqanka.

qemall	qemall

whaa	+?

neqangughlleqanka	+?

------------------------


------------------------
Amalka esgha legan liitellemni exercise-esteghllagumaaqinkut estughpagtaq sangwaa, qetgaq exercise-esimaaqegkanginkut esgha naghaaghtesneghmegtekut, pinighyuugtestaqiinkut.

amalka	+?

esgha	+?

legan	legan

liitellemni	+?

exerciseesteghllagumaaqinkut	+?

estughpagtaq	+?

sangwaa	sa-~:(ng₁)u[to.be.N][N→V][V][Intrg][3Sg]

qetgaq	+?

exerciseesimaaqegkanginkut	+?

esgha	+?

naghaaghtesneghmegtekut	naghaagh-te[to.act.on.so.as.to.cause.to.V][V→V]-(te)ste[to.have.make.or.let.one.V][Cmpd_Vbl]-te[to.act.on.so.as.to.cause.to.V][V→V][V][Ctmp][4Pl][1Pl]
naghaaghtesneghmegtekut	naghaagh-te[to.act.on.so.as.to.cause.to.V][V→V]-(te)ste[to.have.make.or.let.one.V][Cmpd_Vbl][V][Ctmp][4Pl][1Pl]
naghaaghtesneghmegtekut	naghaagh-(te)ste[to.have.make.or.let.one.V][Cmpd_Vbl]-te[to.act.on.so.as.to.cause.to.V][V→V][V][Ctmp][4Pl][1Pl]
naghaaghtesneghmegtekut	naghaagh-(te)ste[to.have.make.or.let.one.V][Cmpd_Vbl][V][Ctmp][4Pl][1Pl]

pinighyuugtestaqiinkut	+?

------------------------
Aanqaghlluta alla mangteghat uzifqaghlluki wiin neghestegpenaamta.

aanqaghlluta	+?

alla	alla
alla	alla[N][Abs][Unpd][Sg]

mangteghat	mangteghagh[N][Abs][Unpd][Pl]
mangteghat	mangteghagh[N][Rel][Unpd][Pl]

uzifqaghlluki	+?

wiin	+?

neghestegpenaamta	neghe-(te)ste[to.have.make.or.let.one.V][Cmpd_Vbl]-@₁–nghite**[to.not.V][V→V][V][Sbrd][1Pl]
neghestegpenaamta	neghe-(te)ste[to.have.make.or.let.one.V][Cmpd_Vbl]-@₁–nghite**[to.not.V][V→V][V][Sbrd][2Du][1Pl]
neghestegpenaamta	neghe-(te)ste[to.have.make.or.let.one.V][Cmpd_Vbl]-@₁–nghite**[to.not.V][V→V][V][Sbrd][2Pl][1Pl]
neghestegpenaamta	neghe-(te)ste[to.have.make.or.let.one.V][Cmpd_Vbl]-@₁–nghite**[to.not.V][V→V][V][Sbrd][2Sg][1Pl]
neghestegpenaamta	neghe-(te)ste[to.have.make.or.let.one.V][Cmpd_Vbl]-@₁–nghite**[to.not.V][V→V][V][Sbrd][3Du][1Pl]
neghestegpenaamta	neghe-(te)ste[to.have.make.or.let.one.V][Cmpd_Vbl]-@₁–nghite**[to.not.V][V→V][V][Sbrd][3Pl][1Pl]
neghestegpenaamta	neghe-(te)ste[to.have.make.or.let.one.V][Cmpd_Vbl]-@₁–nghite**[to.not.V][V→V][V][Sbrd][3Sg][1Pl]

------------------------
Ighsaaningitesqelluta entaqun pinighyuugtesqelluta Malighqutaqnguyalghiikut legan.

ighsaaningitesqelluta	+?

entaqun	entaqun

pinighyuugtesqelluta	+?

malighqutaqnguyalghiikut	+?

legan	legan

------------------------
Kii, naghaaghun allaaghiinaq sangwaa naghaalqusiighutkaqsaqefut.

kii	kii
kii	kii[N][Abs][Unpd][Sg]

naghaaghun	naghaagh-~:(u)te[condition.with.respect.to.V-ing][V→N][N][Abs][Unpd][Sg]

allaaghiinaq	+?

sangwaa	sa-~:(ng₁)u[to.be.N][N→V][V][Intrg][3Sg]

naghaalqusiighutkaqsaqefut	+?

------------------------
