Tungtu Aqanga

﻿tungtu	+?

aqanga	+?

------------------------


	

------------------------
Iimnanguq, kiyaghsimaaq aghnaaneq tungtu.

iimnanguq	iimnangugh[N][Abs][Unpd][Sg]

kiyaghsimaaq	kiyaghte-@₁~:(i/u)ma[to.have.V-ed][to.have.been.V-ed][V→V]-~faagh[one.who.keeps.on.V-ing][AUG]
kiyaghsimaaq	kiyaghte-@₁~:(i/u)ma[to.have.V-ed][to.have.been.V-ed][V→V][V][Intr][Ind][3Sg]

aghnaaneq	aghnaanegh[N][Abs][Unpd][Sg]
aghnaaneq	aghnagh-~:(ng₁)u[to.be.N][N→V]-@₁–negh[the.act.or.activity.of.V-ing][V→N][N][Abs][Unpd][Sg]
aghnaaneq	aghnagh-~:(ng₁)u[to.be.N][N→V]-~:(u)te[to.V.for.or.with][to.cause.to.V.as.one.is.V-ing][to.V.toward.each.other][V→V]-@₁–negh[the.act.or.activity.of.V-ing][V→N][N][Abs][Unpd][Sg]
aghnaaneq	aghnagh-~:(ng₁)u[to.be.N][N→V]-~:(u)te[SBJ.V-ed.something][V→V]-@₁–negh[the.act.or.activity.of.V-ing][V→N][N][Abs][Unpd][Sg]

tungtu	tungtu[N][Abs][Unpd][Sg]

------------------------
Maaten ilangani ighninaqumalghii.

maaten	maatete[N][Abs][Unpd][Sg]

ilangani	ila[N][Loc][3SgPoss][SgPosd]
ilangani	ila[N][Loc][3SgPoss][PlPosd]
ilangani	ilangani
ilangani	ilangani[N][Abs][Unpd][Sg]

ighninaqumalghii	+?

------------------------
Ighninaqumaluku amaaghllagek maalghuk kaasimalghiik.

ighninaqumaluku	+?

amaaghllagek	amaa-–ghllag[big.N][N→N][N][Abs][Unpd][Du]
amaaghllagek	amaa-–ghllag[big.N][N→N][N][Rel][Unpd][Du]

maalghuk	maalghug[N][Abs][Unpd][Sg]

kaasimalghiik	kaate-@₁~:(i/u)ma[to.have.V-ed][to.have.been.V-ed][V→V]-@₁–lghii[the.one.that.V-ed][the.one.that.is.V][V→N][N][Abs][Unpd][Du]
kaasimalghiik	kaate-@₁~:(i/u)ma[to.have.V-ed][to.have.been.V-ed][V→V]-@₁–lghii[the.one.that.V-ed][the.one.that.is.V][V→N][N][Rel][Unpd][Du]
kaasimalghiik	kaate-@₁~:(i/u)ma[to.have.V-ed][to.have.been.V-ed][V→V][V][Intr][Ptcp][3Du]

------------------------
Amaaghllagem aallghan aleni pimakanga, "Yeqay una tuqutelteggu!"

amaaghllagem	amaa-–ghllag[big.N][N→N][N][Rel][Unpd][Sg]

aallghan	+?

aleni	aw-–leg[one.having.N][N→N][N][Abs][4SgPoss][SgPosd]
aleni	aw-–leg[one.having.N][N→N][N][Abs][4SgPoss][PlPosd]
aleni	alegh[N][Abs][4SgPoss][SgPosd]
aleni	alegh[N][Abs][4SgPoss][PlPosd]

pimakanga	pi-@₁~:(i/u)ma[to.have.V-ed][to.have.been.V-ed][V→V]-@*@₂~sf–(g₂)k(a)e[the.one.that.possessor.V-ed][V→N][N][Abs][3SgPoss][SgPosd]
pimakanga	pi-@₁~:(i/u)ma[to.have.V-ed][to.have.been.V-ed][V→V][V][Trns][Ptcp][3Sg][3Sg]
pimakanga	pi-@₁~:(i/u)ma[to.have.V-ed][to.have.been.V-ed][V→V][V][Trns][Cond][3Sg][1Sg]

yeqay	yeqay

una	una
una	una[N][Abs][Unpd][Sg]

tuqutelteggu	tuqute[V][Trns][Opt][PRS][1Pl][3Sg]

------------------------
Legan pimakanga, "Wiin ighniighlli!"

legan	legan

pimakanga	pi-@₁~:(i/u)ma[to.have.V-ed][to.have.been.V-ed][V→V]-@*@₂~sf–(g₂)k(a)e[the.one.that.possessor.V-ed][V→N][N][Abs][3SgPoss][SgPosd]
pimakanga	pi-@₁~:(i/u)ma[to.have.V-ed][to.have.been.V-ed][V→V][V][Trns][Ptcp][3Sg][3Sg]
pimakanga	pi-@₁~:(i/u)ma[to.have.V-ed][to.have.been.V-ed][V→V][V][Trns][Cond][3Sg][1Sg]

wiin	+?

ighniighlli	+?

------------------------
Llaaghanwha ighnimalghii.

llaaghanwha	+?

ighnimalghii	+?

------------------------
Ighniyan aghnaq taana tungtu tuqulluku neghumakangat qamaglluku.

ighniyan	+?

aghnaq	aghnagh[N][Abs][Unpd][Sg]

taana	taana

tungtu	tungtu[N][Abs][Unpd][Sg]

tuqulluku	tuqute[V][Trns][Sbrd][_][3Sg]

neghumakangat	negh-@₁~:(i/u)ma[to.have.V-ed][to.have.been.V-ed][V→V]-@*@₂~sf–(g₂)k(a)e[the.one.that.possessor.V-ed][V→N][N][Abs][3PlPoss][SgPosd]
neghumakangat	negh-@₁~:(i/u)ma[to.have.V-ed][to.have.been.V-ed][V→V][V][Trns][Ptcp][3Pl][3Sg]
neghumakangat	neghe-@₁~:(i/u)ma[to.have.V-ed][to.have.been.V-ed][V→V]-@*@₂~sf–(g₂)k(a)e[the.one.that.possessor.V-ed][V→N][N][Abs][3PlPoss][SgPosd]
neghumakangat	neghe-@₁~:(i/u)ma[to.have.V-ed][to.have.been.V-ed][V→V][V][Trns][Ptcp][3Pl][3Sg]

qamaglluku	+?

------------------------
Qamagsatgu aallghan aleni pimakanga, "Yeqay una taghnughhaa tuqulluku neghelteggu!"

qamagsatgu	qamagte[V][Trns][CnsqI][3Pl][3Sg]

aallghan	+?

aleni	aw-–leg[one.having.N][N→N][N][Abs][4SgPoss][SgPosd]
aleni	aw-–leg[one.having.N][N→N][N][Abs][4SgPoss][PlPosd]
aleni	alegh[N][Abs][4SgPoss][SgPosd]
aleni	alegh[N][Abs][4SgPoss][PlPosd]

pimakanga	pi-@₁~:(i/u)ma[to.have.V-ed][to.have.been.V-ed][V→V]-@*@₂~sf–(g₂)k(a)e[the.one.that.possessor.V-ed][V→N][N][Abs][3SgPoss][SgPosd]
pimakanga	pi-@₁~:(i/u)ma[to.have.V-ed][to.have.been.V-ed][V→V][V][Trns][Ptcp][3Sg][3Sg]
pimakanga	pi-@₁~:(i/u)ma[to.have.V-ed][to.have.been.V-ed][V→V][V][Trns][Cond][3Sg][1Sg]

yeqay	yeqay

una	una
una	una[N][Abs][Unpd][Sg]

taghnughhaa	taghnughhagh*-~:(ng₁)u[to.be.N][N→V][V][Intr][Opt][PRS][2Sg]
taghnughhaa	taghnughhagh*[N][Abs][3SgPoss][SgPosd]

tuqulluku	tuqute[V][Trns][Sbrd][_][3Sg]

neghelteggu	negh[V][Trns][Opt][PRS][1Pl][3Sg]
neghelteggu	neghe[V][Trns][Opt][PRS][1Pl][3Sg]

------------------------
Aallghan aleni pimakanga, "Wiin wetku anglikan neghnakefut.

aallghan	+?

aleni	aw-–leg[one.having.N][N→N][N][Abs][4SgPoss][SgPosd]
aleni	aw-–leg[one.having.N][N→N][N][Abs][4SgPoss][PlPosd]
aleni	alegh[N][Abs][4SgPoss][SgPosd]
aleni	alegh[N][Abs][4SgPoss][PlPosd]

pimakanga	pi-@₁~:(i/u)ma[to.have.V-ed][to.have.been.V-ed][V→V]-@*@₂~sf–(g₂)k(a)e[the.one.that.possessor.V-ed][V→N][N][Abs][3SgPoss][SgPosd]
pimakanga	pi-@₁~:(i/u)ma[to.have.V-ed][to.have.been.V-ed][V→V][V][Trns][Ptcp][3Sg][3Sg]
pimakanga	pi-@₁~:(i/u)ma[to.have.V-ed][to.have.been.V-ed][V→V][V][Trns][Cond][3Sg][1Sg]

wiin	+?

wetku	+?

anglikan	+?

neghnakefut	+?

------------------------
Salin maaten kemgituq."

salin	salite[N][Abs][Unpd][Sg]

maaten	maatete[N][Abs][Unpd][Sg]

kemgituq	kemeg-~:(ng₁)ite**[to.lack.N][to.not.have.N][N→V][V][Intr][Ind][3Sg]

------------------------
Atimaftaat Aqangameng.

atimaftaat	+?

aqangameng	+?

------------------------


	

------------------------
Taagken aga tungtuquyaamalghiik amaak taakuk.

taagken	taagken

aga	aga

tungtuquyaamalghiik	+?

amaak	amaa[N][Abs][Unpd][Du]
amaak	amaa[N][Rel][Unpd][Du]

taakuk	taake[V][Intr][Ind][3Du]

------------------------
Aga taluqaghsaagta Aqangangiighhaq nekevluni tana naayghaq mayuumakanga pegnem.

aga	aga

taluqaghsaagta	+?

aqangangiighhaq	+?

nekevluni	nekeve[V][Intr][Sbrd][3Sg]

tana	+?

naayghaq	Naayghagh[N][Abs][Unpd][Sg]
naayghaq	naayghagh[N][Abs][Unpd][Sg]

mayuumakanga	mayugh-@₁~:(i/u)ma[to.have.V-ed][to.have.been.V-ed][V→V]-@*@₂~sf–(g₂)k(a)e[the.one.that.possessor.V-ed][V→N][N][Abs][3SgPoss][SgPosd]
mayuumakanga	mayugh-@₁~:(i/u)ma[to.have.V-ed][to.have.been.V-ed][V→V][V][Trns][Ptcp][3Sg][3Sg]
mayuumakanga	mayugh-@₁~:(i/u)ma[to.have.V-ed][to.have.been.V-ed][V→V][V][Trns][Cond][3Sg][1Sg]

pegnem	+?

------------------------
Qaygeghsamigu ukigluni inglunganun mayuumalghii.

qaygeghsamigu	+?

ukigluni	ukig[V][Intr][Sbrd][3Sg]

inglunganun	inglu[N][Ter][3SgPoss][SgPosd]
inglunganun	inglu[N][Ter][3SgPoss][PlPosd]

mayuumalghii	mayugh-@₁~:(i/u)ma[to.have.V-ed][to.have.been.V-ed][V→V]-@₁–lghii[the.one.that.V-ed][the.one.that.is.V][V→N][N][Abs][Unpd][Sg]

------------------------
Tawaten aghnelqusiq ulapumalghii.

tawaten	tawaten

aghnelqusiq	+?

ulapumalghii	+?

------------------------
Nasiqulluku tagiyaghqaaghhneghan nemineng aglaghluni ungleghumalghii.

nasiqulluku	+?

tagiyaghqaaghhneghan	+?

nemineng	ne[N][Abl_Mod][4SgPoss][PlPosd]
nemineng	ne[N][Abl_Mod][4SgPoss][SgPosd]

aglaghluni	aglagh[V][Intr][Sbrd][3Sg]

ungleghumalghii	+?

------------------------
Iiwenllu palaghhaghmeng kiyaqaatangaa tagimalghhk amaak taakuk.

iiwenllu	iiw[N][Abs][2SgPoss][SgPosd]-llu[Encl]
iiwenllu	iiwenllu[N][Abs][Unpd][Sg]
iiwenllu	iiwete[N][Abs][Unpd][Sg]-llu[Encl]

palaghhaghmeng	+?

kiyaqaatangaa	+?

tagimalghhk	+?

amaak	amaa[N][Abs][Unpd][Du]
amaak	amaa[N][Rel][Unpd][Du]

taakuk	taake[V][Intr][Ind][3Du]

------------------------
Tawani kiyaghsimalghiik.

tawani	tawani
tawani	tawani[N][Abs][Unpd][Sg]

kiyaghsimalghiik	kiyaghte-@₁~:(i/u)ma[to.have.V-ed][to.have.been.V-ed][V→V]-@₁–lghii[the.one.that.V-ed][the.one.that.is.V][V→N][N][Abs][Unpd][Du]
kiyaghsimalghiik	kiyaghte-@₁~:(i/u)ma[to.have.V-ed][to.have.been.V-ed][V→V]-@₁–lghii[the.one.that.V-ed][the.one.that.is.V][V→N][N][Rel][Unpd][Du]
kiyaghsimalghiik	kiyaghte-@₁~:(i/u)ma[to.have.V-ed][to.have.been.V-ed][V→V][V][Intr][Ptcp][3Du]

------------------------
Aghneqwaaqun aghulaqenghegkeni ulapaqelghii.

aghneqwaaqun	aghneq-~:(ng₁)u[to.be.N][N→V]-~(g₁)aqe[to.be.V.ing][to.regularly.or.repeatedly.V][V→V]-~:(u)te[condition.with.respect.to.V-ing][V→N][N][Abs][Unpd][Sg]

aghulaqenghegkeni	+?

ulapaqelghii	+?

------------------------
Tawaten kiyaghsimalghiik amaak ama taanallu tungtu tawaten kiyaghsimalghii.

tawaten	tawaten

kiyaghsimalghiik	kiyaghte-@₁~:(i/u)ma[to.have.V-ed][to.have.been.V-ed][V→V]-@₁–lghii[the.one.that.V-ed][the.one.that.is.V][V→N][N][Abs][Unpd][Du]
kiyaghsimalghiik	kiyaghte-@₁~:(i/u)ma[to.have.V-ed][to.have.been.V-ed][V→V]-@₁–lghii[the.one.that.V-ed][the.one.that.is.V][V→N][N][Rel][Unpd][Du]
kiyaghsimalghiik	kiyaghte-@₁~:(i/u)ma[to.have.V-ed][to.have.been.V-ed][V→V][V][Intr][Ptcp][3Du]

amaak	amaa[N][Abs][Unpd][Du]
amaak	amaa[N][Rel][Unpd][Du]

ama	ama

taanallu	+?

tungtu	tungtu[N][Abs][Unpd][Sg]

tawaten	tawaten

kiyaghsimalghii	kiyaghte-@₁~:(i/u)ma[to.have.V-ed][to.have.been.V-ed][V→V]-@₁–lghii[the.one.that.V-ed][the.one.that.is.V][V→N][N][Abs][Unpd][Sg]

------------------------
Qenwat anglighllagumalghii.

qenwat	qenwat

anglighllagumalghii	+?

------------------------
Aallghan amaam aleni pimakanga, "Yeqay una tuqulluku neghelteggu!"

aallghan	+?

amaam	amaa[N][Rel][Unpd][Sg]

aleni	aw-–leg[one.having.N][N→N][N][Abs][4SgPoss][SgPosd]
aleni	aw-–leg[one.having.N][N→N][N][Abs][4SgPoss][PlPosd]
aleni	alegh[N][Abs][4SgPoss][SgPosd]
aleni	alegh[N][Abs][4SgPoss][PlPosd]

pimakanga	pi-@₁~:(i/u)ma[to.have.V-ed][to.have.been.V-ed][V→V]-@*@₂~sf–(g₂)k(a)e[the.one.that.possessor.V-ed][V→N][N][Abs][3SgPoss][SgPosd]
pimakanga	pi-@₁~:(i/u)ma[to.have.V-ed][to.have.been.V-ed][V→V][V][Trns][Ptcp][3Sg][3Sg]
pimakanga	pi-@₁~:(i/u)ma[to.have.V-ed][to.have.been.V-ed][V→V][V][Trns][Cond][3Sg][1Sg]

yeqay	yeqay

una	una
una	una[N][Abs][Unpd][Sg]

tuqulluku	tuqute[V][Trns][Sbrd][_][3Sg]

neghelteggu	negh[V][Trns][Opt][PRS][1Pl][3Sg]
neghelteggu	neghe[V][Trns][Opt][PRS][1Pl][3Sg]

------------------------
Aallghan aangghumakanga.

aallghan	+?

aangghumakanga	+?

------------------------
Iwemga Aqangam pimakangi, "Egyugtusi.

iwemga	+?

aqangam	+?

pimakangi	pi-@₁~:(i/u)ma[to.have.V-ed][to.have.been.V-ed][V→V]-@*@₂~sf–(g₂)k(a)e[the.one.that.possessor.V-ed][V→N][N][Abs][3SgPoss][PlPosd]
pimakangi	pi-@₁~:(i/u)ma[to.have.V-ed][to.have.been.V-ed][V→V][V][Trns][Ptcp][3Sg][3Pl]

egyugtusi	+?

------------------------
Wiin whangallu nanghiiqwaaghtengnga kayaalqiiraaghmeng."

wiin	+?

whangallu	wha[N][Abs][3SgPoss][SgPosd]-llu[Encl]

nanghiiqwaaghtengnga	+?

kayaalqiiraaghmeng	+?

------------------------


	

------------------------
Taagken Aqangayeng amaak malighqughtaamakangak.

taagken	taagken

aqangayeng	+?

amaak	amaa[N][Abs][Unpd][Du]
amaak	amaa[N][Rel][Unpd][Du]

malighqughtaamakangak	+?

------------------------
Sivukluni Aqanga temngi nalumsimeng qimagumalghii.

sivukluni	sivu-~–ke[to.have.as.one's.N(s)][N→V]-te[to.act.on.so.as.to.cause.to.V][V→V]-te[to.act.on.so.as.to.cause.to.V][V→V][V][Intr][Sbrd][3Sg]
sivukluni	sivu-~–ke[to.have.as.one's.N(s)][N→V]-te[to.act.on.so.as.to.cause.to.V][V→V][V][Intr][Sbrd][3Sg]
sivukluni	sivu-~–ke[to.have.as.one's.N(s)][N→V][V][Intr][Sbrd][3Sg]
sivukluni	sivug-~–ke[to.have.as.one's.N(s)][N→V]-te[to.act.on.so.as.to.cause.to.V][V→V]-te[to.act.on.so.as.to.cause.to.V][V→V][V][Intr][Sbrd][3Sg]
sivukluni	sivug-~–ke[to.have.as.one's.N(s)][N→V]-te[to.act.on.so.as.to.cause.to.V][V→V][V][Intr][Sbrd][3Sg]
sivukluni	sivug-~–ke[to.have.as.one's.N(s)][N→V][V][Intr][Sbrd][3Sg]

aqanga	+?

temngi	+?

nalumsimeng	+?

qimagumalghii	+?

------------------------
Qaygeghsami ukigluni naaygham inglunganun tawaten qimagumalghii.

qaygeghsami	+?

ukigluni	ukig[V][Intr][Sbrd][3Sg]

naaygham	Naayghagh[N][Rel][Unpd][Sg]
naaygham	naayghagh[N][Rel][Unpd][Sg]

inglunganun	inglu[N][Ter][3SgPoss][SgPosd]
inglunganun	inglu[N][Ter][3SgPoss][PlPosd]

tawaten	tawaten

qimagumalghii	+?

------------------------
Amaak malighquneghmeng pekaghllaglutek aghuliighusimakangat.

amaak	amaa[N][Abs][Unpd][Du]
amaak	amaa[N][Rel][Unpd][Du]

malighquneghmeng	+?

pekaghllaglutek	+?

aghuliighusimakangat	aghuliigh-~:(u)te[to.V.for.or.with][to.cause.to.V.as.one.is.V-ing][to.V.toward.each.other][V→V]-@₁~:(i/u)ma[to.have.V-ed][to.have.been.V-ed][V→V]-@*@₂~sf–(g₂)k(a)e[the.one.that.possessor.V-ed][V→N][N][Abs][3PlPoss][SgPosd]
aghuliighusimakangat	aghuliigh-~:(u)te[to.V.for.or.with][to.cause.to.V.as.one.is.V-ing][to.V.toward.each.other][V→V]-@₁~:(i/u)ma[to.have.V-ed][to.have.been.V-ed][V→V][V][Trns][Ptcp][3Pl][3Sg]
aghuliighusimakangat	aghuliigh-~:(u)te[SBJ.V-ed.something][V→V]-@₁~:(i/u)ma[to.have.V-ed][to.have.been.V-ed][V→V]-@*@₂~sf–(g₂)k(a)e[the.one.that.possessor.V-ed][V→N][N][Abs][3PlPoss][SgPosd]

------------------------
Ilanga amaa pimalghii, "Taamengwha Aqanga qugilingigatuq!"

ilanga	ila[N][Abs][3SgPoss][SgPosd]

amaa	amaa[N][Abs][Unpd][Sg]

pimalghii	pi-@₁~:(i/u)ma[to.have.V-ed][to.have.been.V-ed][V→V]-@₁–lghii[the.one.that.V-ed][the.one.that.is.V][V→N][N][Abs][Unpd][Sg]

taamengwha	+?

aqanga	+?

qugilingigatuq	+?

------------------------
Taagken ilangan pimakanga, "Tawa ellnga alla kitum qinuyuggnaanghitaa!"

taagken	taagken

ilangan	ila[N][Rel][3SgPoss][SgPosd]
ilangan	ila[N][Rel][3SgPoss][PlPosd]

pimakanga	pi-@₁~:(i/u)ma[to.have.V-ed][to.have.been.V-ed][V→V]-@*@₂~sf–(g₂)k(a)e[the.one.that.possessor.V-ed][V→N][N][Abs][3SgPoss][SgPosd]
pimakanga	pi-@₁~:(i/u)ma[to.have.V-ed][to.have.been.V-ed][V→V][V][Trns][Ptcp][3Sg][3Sg]
pimakanga	pi-@₁~:(i/u)ma[to.have.V-ed][to.have.been.V-ed][V→V][V][Trns][Cond][3Sg][1Sg]

tawa	tawa

ellnga	ellnga
ellnga	ellnga[N][Abs][Unpd][Sg]

alla	alla
alla	alla[N][Abs][Unpd][Sg]

kitum	kitum
kitum	kitum[N][Abs][Unpd][Sg]

qinuyuggnaanghitaa	qinuyug-te[to.act.on.so.as.to.cause.to.V][V→V]-@₁~fnaanghite[will.not.V][V→V][V][Intr][Intrg][3Sg]

------------------------
Aqanga tawani kiyaghsimalghii.

aqanga	+?

tawani	tawani
tawani	tawani[N][Abs][Unpd][Sg]

kiyaghsimalghii	kiyaghte-@₁~:(i/u)ma[to.have.V-ed][to.have.been.V-ed][V→V]-@₁–lghii[the.one.that.V-ed][the.one.that.is.V][V→N][N][Abs][Unpd][Sg]

------------------------


	

------------------------
Uksumi ilangani teghigaq tamagghaghmi qemguumalghii Aqanga naanghiighnaluku.

uksumi	+?

ilangani	ila[N][Loc][3SgPoss][SgPosd]
ilangani	ila[N][Loc][3SgPoss][PlPosd]
ilangani	ilangani
ilangani	ilangani[N][Abs][Unpd][Sg]

teghigaq	teghigagh[N][Abs][Unpd][Sg]

tamagghaghmi	+?

qemguumalghii	+?

aqanga	+?

naanghiighnaluku	+?

------------------------
Legan kaynget piiqsaqangat.

legan	legan

kaynget	+?

piiqsaqangat	pi-~(g₁)aqe[to.be.V.ing][to.regularly.or.repeatedly.V][V→V]-te[to.act.on.so.as.to.cause.to.V][V→V]-te[to.act.on.so.as.to.cause.to.V][V→V]-@₁~fyagh[to.go.V-ing][to.V.in.vain][V→V]-@*@₂~sf–(g₂)k(a)e[the.one.that.possessor.V-ed][V→N][N][Abs][3PlPoss][SgPosd]
piiqsaqangat	pi-~(g₁)aqe[to.be.V.ing][to.regularly.or.repeatedly.V][V→V]-te[to.act.on.so.as.to.cause.to.V][V→V]-te[to.act.on.so.as.to.cause.to.V][V→V]-@₁~fyagh[to.go.V-ing][to.V.in.vain][V→V][V][Trns][Ptcp][3Pl][3Sg]
piiqsaqangat	pi-~(g₁)aqe[to.be.V.ing][to.regularly.or.repeatedly.V][V→V]-te[to.act.on.so.as.to.cause.to.V][V→V]-@₁~fyagh[to.go.V-ing][to.V.in.vain][V→V]-@*@₂~sf–(g₂)k(a)e[the.one.that.possessor.V-ed][V→N][N][Abs][3PlPoss][SgPosd]
piiqsaqangat	pi-~(g₁)aqe[to.be.V.ing][to.regularly.or.repeatedly.V][V→V]-te[to.act.on.so.as.to.cause.to.V][V→V]-@₁~fyagh[to.go.V-ing][to.V.in.vain][V→V][V][Trns][Ptcp][3Pl][3Sg]
piiqsaqangat	pi-~(g₁)aqe[to.be.V.ing][to.regularly.or.repeatedly.V][V→V]-@₁~fyagh[to.go.V-ing][to.V.in.vain][V→V]-@*@₂~sf–(g₂)k(a)e[the.one.that.possessor.V-ed][V→N][N][Abs][3PlPoss][SgPosd]
piiqsaqangat	pi-~(g₁)aqe[to.be.V.ing][to.regularly.or.repeatedly.V][V→V]-@₁~fyagh[to.go.V-ing][to.V.in.vain][V→V][V][Trns][Ptcp][3Pl][3Sg]
piiqsaqangat	piigh-~–ke[to.have.as.one's.N(s)][N→V]-te[to.act.on.so.as.to.cause.to.V][V→V]-te[to.act.on.so.as.to.cause.to.V][V→V]-@₁~fyagh[to.go.V-ing][to.V.in.vain][V→V]-@*@₂~sf–(g₂)k(a)e[the.one.that.possessor.V-ed][V→N][N][Abs][3PlPoss][SgPosd]
piiqsaqangat	piigh-~–ke[to.have.as.one's.N(s)][N→V]-te[to.act.on.so.as.to.cause.to.V][V→V]-@₁~fyagh[to.go.V-ing][to.V.in.vain][V→V]-@*@₂~sf–(g₂)k(a)e[the.one.that.possessor.V-ed][V→N][N][Abs][3PlPoss][SgPosd]
piiqsaqangat	piigh-~–ke[to.have.as.one's.N(s)][N→V]-@₁~fyagh[to.go.V-ing][to.V.in.vain][V→V]-@*@₂~sf–(g₂)k(a)e[the.one.that.possessor.V-ed][V→N][N][Abs][3PlPoss][SgPosd]

------------------------
Aqangam sighuneghmineng egsimaaqegkangi.

aqangam	+?

sighuneghmineng	sighunegh[N][Abl_Mod][4SgPoss][PlPosd]
sighuneghmineng	sighunegh[N][Abl_Mod][4SgPoss][SgPosd]

egsimaaqegkangi	egte-@₁~:(i/u)ma[to.have.V-ed][to.have.been.V-ed][V→V]-~(g₁)aqe[to.be.V.ing][to.regularly.or.repeatedly.V][V→V]-@*@₂~sf–(g₂)k(a)e[the.one.that.possessor.V-ed][V→N][N][Abs][3SgPoss][PlPosd]
egsimaaqegkangi	egte-@₁~:(i/u)ma[to.have.V-ed][to.have.been.V-ed][V→V]-~(g₁)aqe[to.be.V.ing][to.regularly.or.repeatedly.V][V→V][V][Trns][Ptcp][3Sg][3Pl]

------------------------
Tamana teghigaq qamaglluku tuququmakanga.

tamana	tamana

teghigaq	teghigagh[N][Abs][Unpd][Sg]

qamaglluku	+?

tuququmakanga	+?

------------------------
Ungleghtaghaqelghii.

ungleghtaghaqelghii	+?

------------------------
Legan kaynget esghaghluku temngi quyngiiniluku takwaaqsaqangat.

legan	legan

kaynget	+?

esghaghluku	esghagh[V][Trns][Sbrd][_][3Sg]

temngi	+?

quyngiiniluku	quyngigh-~:(ng₁)u[to.be.N][N→V]-~i[SBJ.V-ed.something][V→V]-~i[SBJ.V-ed.something][V→V]-~i[SBJ.V-ed.something][V→V]-~i[SBJ.V-ed.something][V→V]-@₁~fni[to.say.that.one.is.V-ing][Cmpd_Vbl][V][Trns][Sbrd][_][3Sg]
quyngiiniluku	quyngigh-~:(ng₁)u[to.be.N][N→V]-~i[SBJ.V-ed.something][V→V]-~i[SBJ.V-ed.something][V→V]-~i[SBJ.V-ed.something][V→V]-@₁~fni[to.say.that.one.is.V-ing][Cmpd_Vbl]-~:(u)te[to.V.for.or.with][to.cause.to.V.as.one.is.V-ing][to.V.toward.each.other][V→V][V][Trns][Sbrd][_][3Sg]
quyngiiniluku	quyngigh-~:(ng₁)u[to.be.N][N→V]-~i[SBJ.V-ed.something][V→V]-~i[SBJ.V-ed.something][V→V]-~i[SBJ.V-ed.something][V→V]-@₁~fni[to.say.that.one.is.V-ing][Cmpd_Vbl][V][Trns][Sbrd][_][3Sg]
quyngiiniluku	quyngigh-~:(ng₁)u[to.be.N][N→V]-~i[SBJ.V-ed.something][V→V]-~i[SBJ.V-ed.something][V→V]-~i[SBJ.V-ed.something][V→V]-~:(u)te[to.V.for.or.with][to.cause.to.V.as.one.is.V-ing][to.V.toward.each.other][V→V]-@₁~fni[to.say.that.one.is.V-ing][Cmpd_Vbl][V][Trns][Sbrd][_][3Sg]
quyngiiniluku	quyngigh-~:(ng₁)u[to.be.N][N→V]-~i[SBJ.V-ed.something][V→V]-~i[SBJ.V-ed.something][V→V]-~i[SBJ.V-ed.something][V→V]-~:(u)te[SBJ.V-ed.something][V→V]-@₁~fni[to.say.that.one.is.V-ing][Cmpd_Vbl][V][Trns][Sbrd][_][3Sg]
quyngiiniluku	quyngigh-~:(ng₁)u[to.be.N][N→V]-~i[SBJ.V-ed.something][V→V]-~i[SBJ.V-ed.something][V→V]-@₁~fni[to.say.that.one.is.V-ing][Cmpd_Vbl]-~:(u)te[to.V.for.or.with][to.cause.to.V.as.one.is.V-ing][to.V.toward.each.other][V→V][V][Trns][Sbrd][_][3Sg]
quyngiiniluku	quyngigh-~:(ng₁)u[to.be.N][N→V]-~i[SBJ.V-ed.something][V→V]-~i[SBJ.V-ed.something][V→V]-@₁~fni[to.say.that.one.is.V-ing][Cmpd_Vbl][V][Trns][Sbrd][_][3Sg]
quyngiiniluku	quyngigh-~:(ng₁)u[to.be.N][N→V]-~i[SBJ.V-ed.something][V→V]-~i[SBJ.V-ed.something][V→V]-~:(u)te[to.V.for.or.with][to.cause.to.V.as.one.is.V-ing][to.V.toward.each.other][V→V]-@₁~fni[to.say.that.one.is.V-ing][Cmpd_Vbl]-~:(u)te[to.V.for.or.with][to.cause.to.V.as.one.is.V-ing][to.V.toward.each.other][V→V][V][Trns][Sbrd][_][3Sg]
quyngiiniluku	quyngigh-~:(ng₁)u[to.be.N][N→V]-~i[SBJ.V-ed.something][V→V]-~i[SBJ.V-ed.something][V→V]-~:(u)te[to.V.for.or.with][to.cause.to.V.as.one.is.V-ing][to.V.toward.each.other][V→V]-@₁~fni[to.say.that.one.is.V-ing][Cmpd_Vbl][V][Trns][Sbrd][_][3Sg]
quyngiiniluku	quyngigh-~:(ng₁)u[to.be.N][N→V]-~i[SBJ.V-ed.something][V→V]-~i[SBJ.V-ed.something][V→V]-~:(u)te[SBJ.V-ed.something][V→V]-@₁~fni[to.say.that.one.is.V-ing][Cmpd_Vbl]-~:(u)te[to.V.for.or.with][to.cause.to.V.as.one.is.V-ing][to.V.toward.each.other][V→V][V][Trns][Sbrd][_][3Sg]
quyngiiniluku	quyngigh-~:(ng₁)u[to.be.N][N→V]-~i[SBJ.V-ed.something][V→V]-~i[SBJ.V-ed.something][V→V]-~:(u)te[SBJ.V-ed.something][V→V]-@₁~fni[to.say.that.one.is.V-ing][Cmpd_Vbl][V][Trns][Sbrd][_][3Sg]
quyngiiniluku	quyngigh-~:(ng₁)u[to.be.N][N→V]-~i[SBJ.V-ed.something][V→V]-@₁~fni[to.say.that.one.is.V-ing][Cmpd_Vbl]-~:(u)te[to.V.for.or.with][to.cause.to.V.as.one.is.V-ing][to.V.toward.each.other][V→V][V][Trns][Sbrd][_][3Sg]
quyngiiniluku	quyngigh-~:(ng₁)u[to.be.N][N→V]-~i[SBJ.V-ed.something][V→V]-@₁~fni[to.say.that.one.is.V-ing][Cmpd_Vbl][V][Trns][Sbrd][_][3Sg]
quyngiiniluku	quyngigh-~:(ng₁)u[to.be.N][N→V]-~i[SBJ.V-ed.something][V→V]-~:(u)te[to.V.for.or.with][to.cause.to.V.as.one.is.V-ing][to.V.toward.each.other][V→V]-@₁~fni[to.say.that.one.is.V-ing][Cmpd_Vbl]-~:(u)te[to.V.for.or.with][to.cause.to.V.as.one.is.V-ing][to.V.toward.each.other][V→V][V][Trns][Sbrd][_][3Sg]
quyngiiniluku	quyngigh-~:(ng₁)u[to.be.N][N→V]-~i[SBJ.V-ed.something][V→V]-~:(u)te[to.V.for.or.with][to.cause.to.V.as.one.is.V-ing][to.V.toward.each.other][V→V]-@₁~fni[to.say.that.one.is.V-ing][Cmpd_Vbl][V][Trns][Sbrd][_][3Sg]
quyngiiniluku	quyngigh-~:(ng₁)u[to.be.N][N→V]-~i[SBJ.V-ed.something][V→V]-~:(u)te[SBJ.V-ed.something][V→V]-@₁~fni[to.say.that.one.is.V-ing][Cmpd_Vbl]-~:(u)te[to.V.for.or.with][to.cause.to.V.as.one.is.V-ing][to.V.toward.each.other][V→V][V][Trns][Sbrd][_][3Sg]
quyngiiniluku	quyngigh-~:(ng₁)u[to.be.N][N→V]-~i[SBJ.V-ed.something][V→V]-~:(u)te[SBJ.V-ed.something][V→V]-@₁~fni[to.say.that.one.is.V-ing][Cmpd_Vbl][V][Trns][Sbrd][_][3Sg]
quyngiiniluku	quyngigh-~:(ng₁)u[to.be.N][N→V]-@₁~fni[to.say.that.one.is.V-ing][Cmpd_Vbl]-~:(u)te[to.V.for.or.with][to.cause.to.V.as.one.is.V-ing][to.V.toward.each.other][V→V][V][Trns][Sbrd][_][3Sg]
quyngiiniluku	quyngigh-~:(ng₁)u[to.be.N][N→V]-@₁~fni[to.say.that.one.is.V-ing][Cmpd_Vbl][V][Trns][Sbrd][_][3Sg]
quyngiiniluku	quyngigh-~:(ng₁)u[to.be.N][N→V]-~:(u)te[to.V.for.or.with][to.cause.to.V.as.one.is.V-ing][to.V.toward.each.other][V→V]-@₁~fni[to.say.that.one.is.V-ing][Cmpd_Vbl]-~:(u)te[to.V.for.or.with][to.cause.to.V.as.one.is.V-ing][to.V.toward.each.other][V→V][V][Trns][Sbrd][_][3Sg]
quyngiiniluku	quyngigh-~:(ng₁)u[to.be.N][N→V]-~:(u)te[to.V.for.or.with][to.cause.to.V.as.one.is.V-ing][to.V.toward.each.other][V→V]-@₁~fni[to.say.that.one.is.V-ing][Cmpd_Vbl][V][Trns][Sbrd][_][3Sg]
quyngiiniluku	quyngigh-~:(ng₁)u[to.be.N][N→V]-~:(u)te[SBJ.V-ed.something][V→V]-@₁~fni[to.say.that.one.is.V-ing][Cmpd_Vbl]-~:(u)te[to.V.for.or.with][to.cause.to.V.as.one.is.V-ing][to.V.toward.each.other][V→V][V][Trns][Sbrd][_][3Sg]
quyngiiniluku	quyngigh-~:(ng₁)u[to.be.N][N→V]-~:(u)te[SBJ.V-ed.something][V→V]-@₁~fni[to.say.that.one.is.V-ing][Cmpd_Vbl][V][Trns][Sbrd][_][3Sg]

takwaaqsaqangat	taku-~(g₁)aqe[to.be.V.ing][to.regularly.or.repeatedly.V][V→V]-te[to.act.on.so.as.to.cause.to.V][V→V]-te[to.act.on.so.as.to.cause.to.V][V→V]-@₁~fyagh[to.go.V-ing][to.V.in.vain][V→V]-@*@₂~sf–(g₂)k(a)e[the.one.that.possessor.V-ed][V→N][N][Abs][3PlPoss][SgPosd]
takwaaqsaqangat	taku-~(g₁)aqe[to.be.V.ing][to.regularly.or.repeatedly.V][V→V]-te[to.act.on.so.as.to.cause.to.V][V→V]-te[to.act.on.so.as.to.cause.to.V][V→V]-@₁~fyagh[to.go.V-ing][to.V.in.vain][V→V][V][Trns][Ptcp][3Pl][3Sg]
takwaaqsaqangat	taku-~(g₁)aqe[to.be.V.ing][to.regularly.or.repeatedly.V][V→V]-te[to.act.on.so.as.to.cause.to.V][V→V]-@₁~fyagh[to.go.V-ing][to.V.in.vain][V→V]-@*@₂~sf–(g₂)k(a)e[the.one.that.possessor.V-ed][V→N][N][Abs][3PlPoss][SgPosd]
takwaaqsaqangat	taku-~(g₁)aqe[to.be.V.ing][to.regularly.or.repeatedly.V][V→V]-te[to.act.on.so.as.to.cause.to.V][V→V]-@₁~fyagh[to.go.V-ing][to.V.in.vain][V→V][V][Trns][Ptcp][3Pl][3Sg]
takwaaqsaqangat	taku-~(g₁)aqe[to.be.V.ing][to.regularly.or.repeatedly.V][V→V]-@₁~fyagh[to.go.V-ing][to.V.in.vain][V→V]-@*@₂~sf–(g₂)k(a)e[the.one.that.possessor.V-ed][V→N][N][Abs][3PlPoss][SgPosd]
takwaaqsaqangat	taku-~(g₁)aqe[to.be.V.ing][to.regularly.or.repeatedly.V][V→V]-@₁~fyagh[to.go.V-ing][to.V.in.vain][V→V][V][Trns][Ptcp][3Pl][3Sg]

------------------------
Liigikneghmegteggu negughaqegkangat aleghquumaghmeng, "Aqangangiighhaq qavaghsighaghaqelghii."

liigikneghmegteggu	+?

negughaqegkangat	+?

aleghquumaghmeng	alegh-te[to.catch.N][to.go.to.N][N→V]-@₁qugh[to.V.completely]-@₁~:(i/u)magh*[while.V-ing][V→V][Quant_Qual][4Pl]
aleghquumaghmeng	aleghqugh-@₁~:(i/u)magh*[while.V-ing][V→V][Quant_Qual][4Pl]

aqangangiighhaq	+?

qavaghsighaghaqelghii	+?

------------------------
Aqanga miiwenllu qavaghaqelghii.

aqanga	+?

miiwenllu	+?

qavaghaqelghii	qavagh-~(g₁)aqe[to.be.V.ing][to.regularly.or.repeatedly.V][V→V]-@₁–lghii[the.one.that.V-ed][the.one.that.is.V][V→N][N][Abs][Unpd][Sg]

------------------------


	

------------------------
Qamagtuq Tefaay.

qamagtuq	qamagte[V][Intr][Ind][3Sg]

tefaay	+?

------------------------
