Tungtughllak Enkaam Kavengenghaghhaq

﻿tungtughllak	+?

enkaam	enkaam

kavengenghaghhaq	+?

------------------------


	

------------------------
Iimnanguq, tungtughllak esnamun piyaamalghii.

iimnanguq	iimnangugh[N][Abs][Unpd][Sg]

tungtughllak	tungtu-–ghllag[big.N][N→N][N][Abs][Unpd][Sg]
tungtughllak	Tungtut-–ghllag[big.N][N→N][N][Abs][Unpd][Sg]

esnamun	esnagh[N][Ter][Unpd][Sg]

piyaamalghii	pi-@₁~fyagh[to.go.V-ing][to.V.in.vain][V→V]-@₁~:(i/u)ma[to.have.V-ed][to.have.been.V-ed][V→V]-@₁–lghii[the.one.that.V-ed][the.one.that.is.V][V→N][N][Abs][Unpd][Sg]
piyaamalghii	pi-~:(u)te[to.V.for.or.with][to.cause.to.V.as.one.is.V-ing][to.V.toward.each.other][V→V]-@₁~fyagh[to.go.V-ing][to.V.in.vain][V→V]-@₁~:(i/u)ma[to.have.V-ed][to.have.been.V-ed][V→V]-@₁–lghii[the.one.that.V-ed][the.one.that.is.V][V→N][N][Abs][Unpd][Sg]
piyaamalghii	pi-~:(u)te[SBJ.V-ed.something][V→V]-@₁~fyagh[to.go.V-ing][to.V.in.vain][V→V]-@₁~:(i/u)ma[to.have.V-ed][to.have.been.V-ed][V→V]-@₁–lghii[the.one.that.V-ed][the.one.that.is.V][V→N][N][Abs][Unpd][Sg]
piyaamalghii	piyaa-@₁~:(i/u)ma[to.have.V-ed][to.have.been.V-ed][V→V]-@₁–lghii[the.one.that.V-ed][the.one.that.is.V][V→N][N][Abs][Unpd][Sg]

------------------------
Esghaamakanga kayengenghaghhaq.

esghaamakanga	esghagh-@₁~:(i/u)ma[to.have.V-ed][to.have.been.V-ed][V→V]-@*@₂~sf–(g₂)k(a)e[the.one.that.possessor.V-ed][V→N][N][Abs][3SgPoss][SgPosd]
esghaamakanga	esghagh-@₁~:(i/u)ma[to.have.V-ed][to.have.been.V-ed][V→V][V][Trns][Ptcp][3Sg][3Sg]
esghaamakanga	esghagh-@₁~:(i/u)ma[to.have.V-ed][to.have.been.V-ed][V→V][V][Trns][Cond][3Sg][1Sg]

kayengenghaghhaq	kayengenghaghhagh[N][Abs][Unpd][Sg]

------------------------
Kayengenghaghhaamaghivamakanga, "Tungtu paagna aqsavalluq, tungtu paagna sighuneghpalluq, ighukek amestaghhaak, tallikek amestaghhaak."

kayengenghaghhaamaghivamakanga	+?

tungtu	tungtu[N][Abs][Unpd][Sg]

paagna	paagna

aqsavalluq	+?

tungtu	tungtu[N][Abs][Unpd][Sg]

paagna	paagna

sighuneghpalluq	+?

ighukek	+?

amestaghhaak	+?

tallikek	talligh[N][Abs][3SgPoss][DuPosd]

amestaghhaak	+?

------------------------


	

------------------------
Tungtughllagem pimakanga, "Kayengenghaghhaay, kayengenghaaghhaay ukapighqaaghi!

tungtughllagem	tungtu-–ghllag[big.N][N→N][N][Rel][Unpd][Sg]
tungtughllagem	Tungtut-–ghllag[big.N][N→N][N][Rel][Unpd][Sg]

pimakanga	pi-@₁~:(i/u)ma[to.have.V-ed][to.have.been.V-ed][V→V]-@*@₂~sf–(g₂)k(a)e[the.one.that.possessor.V-ed][V→N][N][Abs][3SgPoss][SgPosd]
pimakanga	pi-@₁~:(i/u)ma[to.have.V-ed][to.have.been.V-ed][V→V][V][Trns][Ptcp][3Sg][3Sg]
pimakanga	pi-@₁~:(i/u)ma[to.have.V-ed][to.have.been.V-ed][V→V][V][Trns][Cond][3Sg][1Sg]

kayengenghaghhaay	+?

kayengenghaaghhaay	+?

ukapighqaaghi	+?

------------------------
Whanga nagaqunghitunga."

whanga	wha[N][Abs][3SgPoss][SgPosd]
whanga	whanga

nagaqunghitunga	nagate-@₁qugh[to.V.completely]-@₁–nghite**[to.not.V][V→V][V][Intr][Ind][1Sg]

------------------------
Kayengeghaghhaq ukapighqaaghumalghii.

kayengeghaghhaq	+?

ukapighqaaghumalghii	+?

------------------------
Tungtughllagem ipugaghsimakanga sighuneghmineng enkaam eglleghsimakanga esnamun.

tungtughllagem	tungtu-–ghllag[big.N][N→N][N][Rel][Unpd][Sg]
tungtughllagem	Tungtut-–ghllag[big.N][N→N][N][Rel][Unpd][Sg]

ipugaghsimakanga	+?

sighuneghmineng	sighunegh[N][Abl_Mod][4SgPoss][PlPosd]
sighuneghmineng	sighunegh[N][Abl_Mod][4SgPoss][SgPosd]

enkaam	enkaam

eglleghsimakanga	+?

esnamun	esnagh[N][Ter][Unpd][Sg]

------------------------
Kayengenghaghhaq araamalghii, "Uvinka tukrugtaa, papasquqa tukrugtaa, qaanqa tukrugtaa, metengtanka tukrugtii!"

kayengenghaghhaq	kayengenghaghhagh[N][Abs][Unpd][Sg]

araamalghii	+?

uvinka	+?

tukrugtaa	tukrugtagh-~:(ng₁)u[to.be.N][N→V][V][Intr][Opt][PRS][2Sg]
tukrugtaa	tukrugtagh[N][Abs][3SgPoss][SgPosd]
tukrugtaa	tukrug-te[to.catch.N][to.go.to.N][N→V][V][Intr][Intrg][3Sg]
tukrugtaa	tukrug-tugh[to.eat.N][to.use.N][N→V][V][Intr][Opt][PRS][2Sg]

papasquqa	papa-–squgh[little.N][small.N][N→N]-~–ke[to.have.as.one's.N(s)][N→V][V][Intr][Intrg][3Sg]
papasquqa	papa-–squgh[little.N][small.N][N→N][N][Abs][1SgPoss][SgPosd]
papasquqa	papasqugh-~–ke[to.have.as.one's.N(s)][N→V][V][Intr][Intrg][3Sg]
papasquqa	papasqugh[N][Abs][1SgPoss][SgPosd]

tukrugtaa	tukrugtagh-~:(ng₁)u[to.be.N][N→V][V][Intr][Opt][PRS][2Sg]
tukrugtaa	tukrugtagh[N][Abs][3SgPoss][SgPosd]
tukrugtaa	tukrug-te[to.catch.N][to.go.to.N][N→V][V][Intr][Intrg][3Sg]
tukrugtaa	tukrug-tugh[to.eat.N][to.use.N][N→V][V][Intr][Opt][PRS][2Sg]

qaanqa	qanegh-~–ke[to.have.as.one's.N(s)][N→V][V][Intr][Intrg][3Sg]
qaanqa	qanegh[N][Abs][1SgPoss][SgPosd]

tukrugtaa	tukrugtagh-~:(ng₁)u[to.be.N][N→V][V][Intr][Opt][PRS][2Sg]
tukrugtaa	tukrugtagh[N][Abs][3SgPoss][SgPosd]
tukrugtaa	tukrug-te[to.catch.N][to.go.to.N][N→V][V][Intr][Intrg][3Sg]
tukrugtaa	tukrug-tugh[to.eat.N][to.use.N][N→V][V][Intr][Opt][PRS][2Sg]

metengtanka	metengtagh[N][Abs][1SgPoss][PlPosd]

tukrugtii	tukrugtagh-~:(ng₁)u[to.be.N][N→V]-~i[SBJ.V-ed.something][V→V]-~i[SBJ.V-ed.something][V→V]-~i[SBJ.V-ed.something][V→V]-~i[SBJ.V-ed.something][V→V]-~i[SBJ.V-ed.something][V→V][V][Intr][Opt][PRS][2Sg]
tukrugtii	tukrugtagh-~:(ng₁)u[to.be.N][N→V]-~i[SBJ.V-ed.something][V→V]-~i[SBJ.V-ed.something][V→V]-~i[SBJ.V-ed.something][V→V]-~i[SBJ.V-ed.something][V→V][V][Intr][Opt][PRS][2Sg]
tukrugtii	tukrugtagh-~:(ng₁)u[to.be.N][N→V]-~i[SBJ.V-ed.something][V→V]-~i[SBJ.V-ed.something][V→V]-~i[SBJ.V-ed.something][V→V][V][Intr][Opt][PRS][2Sg]
tukrugtii	tukrugtagh-~:(ng₁)u[to.be.N][N→V]-~i[SBJ.V-ed.something][V→V]-~i[SBJ.V-ed.something][V→V][V][Intr][Opt][PRS][2Sg]
tukrugtii	tukrugtagh-~:(ng₁)u[to.be.N][N→V]-~i[SBJ.V-ed.something][V→V][V][Intr][Opt][PRS][2Sg]
tukrugtii	tukrugtagh[N][Abs][3SgPoss][PlPosd]
tukrugtii	tukrug-te[to.catch.N][to.go.to.N][N→V]-~i[SBJ.V-ed.something][V→V]-~i[SBJ.V-ed.something][V→V]-~i[SBJ.V-ed.something][V→V]-~i[SBJ.V-ed.something][V→V]-~i[SBJ.V-ed.something][V→V]-~i[SBJ.V-ed.something][V→V][V][Intr][Opt][PRS][2Sg]
tukrugtii	tukrug-te[to.catch.N][to.go.to.N][N→V]-~i[SBJ.V-ed.something][V→V]-~i[SBJ.V-ed.something][V→V]-~i[SBJ.V-ed.something][V→V]-~i[SBJ.V-ed.something][V→V]-~i[SBJ.V-ed.something][V→V][V][Intr][Opt][PRS][2Sg]
tukrugtii	tukrug-te[to.catch.N][to.go.to.N][N→V]-~i[SBJ.V-ed.something][V→V]-~i[SBJ.V-ed.something][V→V]-~i[SBJ.V-ed.something][V→V]-~i[SBJ.V-ed.something][V→V][V][Intr][Opt][PRS][2Sg]
tukrugtii	tukrug-te[to.catch.N][to.go.to.N][N→V]-~i[SBJ.V-ed.something][V→V]-~i[SBJ.V-ed.something][V→V]-~i[SBJ.V-ed.something][V→V][V][Intr][Opt][PRS][2Sg]
tukrugtii	tukrug-te[to.catch.N][to.go.to.N][N→V]-~i[SBJ.V-ed.something][V→V]-~i[SBJ.V-ed.something][V→V][V][Intr][Opt][PRS][2Sg]
tukrugtii	tukrug-te[to.catch.N][to.go.to.N][N→V]-~i[SBJ.V-ed.something][V→V][V][Intr][Intrg][3Sg]
tukrugtii	tukrug-ti[to.speak.the.language.of.N][N→V]-~i[SBJ.V-ed.something][V→V]-~i[SBJ.V-ed.something][V→V]-~i[SBJ.V-ed.something][V→V]-~i[SBJ.V-ed.something][V→V]-~i[SBJ.V-ed.something][V→V]-~i[SBJ.V-ed.something][V→V][V][Intr][Opt][PRS][2Sg]
tukrugtii	tukrug-ti[to.speak.the.language.of.N][N→V]-~i[SBJ.V-ed.something][V→V]-~i[SBJ.V-ed.something][V→V]-~i[SBJ.V-ed.something][V→V]-~i[SBJ.V-ed.something][V→V]-~i[SBJ.V-ed.something][V→V][V][Intr][Opt][PRS][2Sg]
tukrugtii	tukrug-ti[to.speak.the.language.of.N][N→V]-~i[SBJ.V-ed.something][V→V]-~i[SBJ.V-ed.something][V→V]-~i[SBJ.V-ed.something][V→V]-~i[SBJ.V-ed.something][V→V][V][Intr][Opt][PRS][2Sg]
tukrugtii	tukrug-ti[to.speak.the.language.of.N][N→V]-~i[SBJ.V-ed.something][V→V]-~i[SBJ.V-ed.something][V→V]-~i[SBJ.V-ed.something][V→V][V][Intr][Opt][PRS][2Sg]
tukrugtii	tukrug-ti[to.speak.the.language.of.N][N→V]-~i[SBJ.V-ed.something][V→V]-~i[SBJ.V-ed.something][V→V][V][Intr][Opt][PRS][2Sg]
tukrugtii	tukrug-ti[to.speak.the.language.of.N][N→V]-~i[SBJ.V-ed.something][V→V][V][Intr][Opt][PRS][2Sg]
tukrugtii	tukrug-ti[to.speak.the.language.of.N][N→V][V][Intr][Intrg][3Sg]

------------------------


	

------------------------
Itagnatun tungtughllagem kayengenghaghhaq meghmun ateghsimakanga.

itagnatun	+?

tungtughllagem	tungtu-–ghllag[big.N][N→N][N][Rel][Unpd][Sg]
tungtughllagem	Tungtut-–ghllag[big.N][N→N][N][Rel][Unpd][Sg]

kayengenghaghhaq	kayengenghaghhagh[N][Abs][Unpd][Sg]

meghmun	megh[N][Ter][Unpd][Sg]

ateghsimakanga	ategh-te[to.catch.N][to.go.to.N][N→V]-@₁~:(i/u)ma[to.have.V-ed][to.have.been.V-ed][V→V]-@*@₂~sf–(g₂)k(a)e[the.one.that.possessor.V-ed][V→N][N][Abs][3SgPoss][SgPosd]
ateghsimakanga	Ategh-te[to.catch.N][to.go.to.N][N→V]-@₁~:(i/u)ma[to.have.V-ed][to.have.been.V-ed][V→V]-@*@₂~sf–(g₂)k(a)e[the.one.that.possessor.V-ed][V→N][N][Abs][3SgPoss][SgPosd]

------------------------
Kayengenghaghhaam tungtughllak aghivalaataghaa, "Tungtu paagna aqsavalluq, tungtu paagna sighuneghpalluq, ighukek amestaghhaak, tallikek amestaghhaak."

kayengenghaghhaam	+?

tungtughllak	tungtu-–ghllag[big.N][N→N][N][Abs][Unpd][Sg]
tungtughllak	Tungtut-–ghllag[big.N][N→N][N][Abs][Unpd][Sg]

aghivalaataghaa	+?

tungtu	tungtu[N][Abs][Unpd][Sg]

paagna	paagna

aqsavalluq	+?

tungtu	tungtu[N][Abs][Unpd][Sg]

paagna	paagna

sighuneghpalluq	+?

ighukek	+?

amestaghhaak	+?

tallikek	talligh[N][Abs][3SgPoss][DuPosd]

amestaghhaak	+?

------------------------
Tungtughllagem pilataghaa, "Kayengenghaghhaay, kayengenghaaghhaay ukapighqaaghi!

tungtughllagem	tungtu-–ghllag[big.N][N→N][N][Rel][Unpd][Sg]
tungtughllagem	Tungtut-–ghllag[big.N][N→N][N][Rel][Unpd][Sg]

pilataghaa	+?

kayengenghaghhaay	+?

kayengenghaaghhaay	+?

ukapighqaaghi	+?

------------------------
Whanga nagaqunghitunga."

whanga	wha[N][Abs][3SgPoss][SgPosd]
whanga	whanga

nagaqunghitunga	nagate-@₁qugh[to.V.completely]-@₁–nghite**[to.not.V][V→V][V][Intr][Ind][1Sg]

------------------------
Kayengeghaghhaq ukapighqaaghumalghii.

kayengeghaghhaq	+?

ukapighqaaghumalghii	+?

------------------------
Tungtughllagem ipugaghsimakanga sighuneghmineng enkaam eglleghsimakanga esnamun.

tungtughllagem	tungtu-–ghllag[big.N][N→N][N][Rel][Unpd][Sg]
tungtughllagem	Tungtut-–ghllag[big.N][N→N][N][Rel][Unpd][Sg]

ipugaghsimakanga	+?

sighuneghmineng	sighunegh[N][Abl_Mod][4SgPoss][PlPosd]
sighuneghmineng	sighunegh[N][Abl_Mod][4SgPoss][SgPosd]

enkaam	enkaam

eglleghsimakanga	+?

esnamun	esnagh[N][Ter][Unpd][Sg]

------------------------
Kayengenghaghhaq araghlaataamalghii, "Uvinka tukrugtaa, papasquqa tukrugtaa qaanqa tukrugtaa, metengtanka tukrugtii!"

kayengenghaghhaq	kayengenghaghhagh[N][Abs][Unpd][Sg]

araghlaataamalghii	+?

uvinka	+?

tukrugtaa	tukrugtagh-~:(ng₁)u[to.be.N][N→V][V][Intr][Opt][PRS][2Sg]
tukrugtaa	tukrugtagh[N][Abs][3SgPoss][SgPosd]
tukrugtaa	tukrug-te[to.catch.N][to.go.to.N][N→V][V][Intr][Intrg][3Sg]
tukrugtaa	tukrug-tugh[to.eat.N][to.use.N][N→V][V][Intr][Opt][PRS][2Sg]

papasquqa	papa-–squgh[little.N][small.N][N→N]-~–ke[to.have.as.one's.N(s)][N→V][V][Intr][Intrg][3Sg]
papasquqa	papa-–squgh[little.N][small.N][N→N][N][Abs][1SgPoss][SgPosd]
papasquqa	papasqugh-~–ke[to.have.as.one's.N(s)][N→V][V][Intr][Intrg][3Sg]
papasquqa	papasqugh[N][Abs][1SgPoss][SgPosd]

tukrugtaa	tukrugtagh-~:(ng₁)u[to.be.N][N→V][V][Intr][Opt][PRS][2Sg]
tukrugtaa	tukrugtagh[N][Abs][3SgPoss][SgPosd]
tukrugtaa	tukrug-te[to.catch.N][to.go.to.N][N→V][V][Intr][Intrg][3Sg]
tukrugtaa	tukrug-tugh[to.eat.N][to.use.N][N→V][V][Intr][Opt][PRS][2Sg]

qaanqa	qanegh-~–ke[to.have.as.one's.N(s)][N→V][V][Intr][Intrg][3Sg]
qaanqa	qanegh[N][Abs][1SgPoss][SgPosd]

tukrugtaa	tukrugtagh-~:(ng₁)u[to.be.N][N→V][V][Intr][Opt][PRS][2Sg]
tukrugtaa	tukrugtagh[N][Abs][3SgPoss][SgPosd]
tukrugtaa	tukrug-te[to.catch.N][to.go.to.N][N→V][V][Intr][Intrg][3Sg]
tukrugtaa	tukrug-tugh[to.eat.N][to.use.N][N→V][V][Intr][Opt][PRS][2Sg]

metengtanka	metengtagh[N][Abs][1SgPoss][PlPosd]

tukrugtii	tukrugtagh-~:(ng₁)u[to.be.N][N→V]-~i[SBJ.V-ed.something][V→V]-~i[SBJ.V-ed.something][V→V]-~i[SBJ.V-ed.something][V→V]-~i[SBJ.V-ed.something][V→V]-~i[SBJ.V-ed.something][V→V][V][Intr][Opt][PRS][2Sg]
tukrugtii	tukrugtagh-~:(ng₁)u[to.be.N][N→V]-~i[SBJ.V-ed.something][V→V]-~i[SBJ.V-ed.something][V→V]-~i[SBJ.V-ed.something][V→V]-~i[SBJ.V-ed.something][V→V][V][Intr][Opt][PRS][2Sg]
tukrugtii	tukrugtagh-~:(ng₁)u[to.be.N][N→V]-~i[SBJ.V-ed.something][V→V]-~i[SBJ.V-ed.something][V→V]-~i[SBJ.V-ed.something][V→V][V][Intr][Opt][PRS][2Sg]
tukrugtii	tukrugtagh-~:(ng₁)u[to.be.N][N→V]-~i[SBJ.V-ed.something][V→V]-~i[SBJ.V-ed.something][V→V][V][Intr][Opt][PRS][2Sg]
tukrugtii	tukrugtagh-~:(ng₁)u[to.be.N][N→V]-~i[SBJ.V-ed.something][V→V][V][Intr][Opt][PRS][2Sg]
tukrugtii	tukrugtagh[N][Abs][3SgPoss][PlPosd]
tukrugtii	tukrug-te[to.catch.N][to.go.to.N][N→V]-~i[SBJ.V-ed.something][V→V]-~i[SBJ.V-ed.something][V→V]-~i[SBJ.V-ed.something][V→V]-~i[SBJ.V-ed.something][V→V]-~i[SBJ.V-ed.something][V→V]-~i[SBJ.V-ed.something][V→V][V][Intr][Opt][PRS][2Sg]
tukrugtii	tukrug-te[to.catch.N][to.go.to.N][N→V]-~i[SBJ.V-ed.something][V→V]-~i[SBJ.V-ed.something][V→V]-~i[SBJ.V-ed.something][V→V]-~i[SBJ.V-ed.something][V→V]-~i[SBJ.V-ed.something][V→V][V][Intr][Opt][PRS][2Sg]
tukrugtii	tukrug-te[to.catch.N][to.go.to.N][N→V]-~i[SBJ.V-ed.something][V→V]-~i[SBJ.V-ed.something][V→V]-~i[SBJ.V-ed.something][V→V]-~i[SBJ.V-ed.something][V→V][V][Intr][Opt][PRS][2Sg]
tukrugtii	tukrug-te[to.catch.N][to.go.to.N][N→V]-~i[SBJ.V-ed.something][V→V]-~i[SBJ.V-ed.something][V→V]-~i[SBJ.V-ed.something][V→V][V][Intr][Opt][PRS][2Sg]
tukrugtii	tukrug-te[to.catch.N][to.go.to.N][N→V]-~i[SBJ.V-ed.something][V→V]-~i[SBJ.V-ed.something][V→V][V][Intr][Opt][PRS][2Sg]
tukrugtii	tukrug-te[to.catch.N][to.go.to.N][N→V]-~i[SBJ.V-ed.something][V→V][V][Intr][Intrg][3Sg]
tukrugtii	tukrug-ti[to.speak.the.language.of.N][N→V]-~i[SBJ.V-ed.something][V→V]-~i[SBJ.V-ed.something][V→V]-~i[SBJ.V-ed.something][V→V]-~i[SBJ.V-ed.something][V→V]-~i[SBJ.V-ed.something][V→V]-~i[SBJ.V-ed.something][V→V][V][Intr][Opt][PRS][2Sg]
tukrugtii	tukrug-ti[to.speak.the.language.of.N][N→V]-~i[SBJ.V-ed.something][V→V]-~i[SBJ.V-ed.something][V→V]-~i[SBJ.V-ed.something][V→V]-~i[SBJ.V-ed.something][V→V]-~i[SBJ.V-ed.something][V→V][V][Intr][Opt][PRS][2Sg]
tukrugtii	tukrug-ti[to.speak.the.language.of.N][N→V]-~i[SBJ.V-ed.something][V→V]-~i[SBJ.V-ed.something][V→V]-~i[SBJ.V-ed.something][V→V]-~i[SBJ.V-ed.something][V→V][V][Intr][Opt][PRS][2Sg]
tukrugtii	tukrug-ti[to.speak.the.language.of.N][N→V]-~i[SBJ.V-ed.something][V→V]-~i[SBJ.V-ed.something][V→V]-~i[SBJ.V-ed.something][V→V][V][Intr][Opt][PRS][2Sg]
tukrugtii	tukrug-ti[to.speak.the.language.of.N][N→V]-~i[SBJ.V-ed.something][V→V]-~i[SBJ.V-ed.something][V→V][V][Intr][Opt][PRS][2Sg]
tukrugtii	tukrug-ti[to.speak.the.language.of.N][N→V]-~i[SBJ.V-ed.something][V→V][V][Intr][Opt][PRS][2Sg]
tukrugtii	tukrug-ti[to.speak.the.language.of.N][N→V][V][Intr][Intrg][3Sg]

------------------------


	

------------------------
Tuqumalghii tukruughqwaayaqenni.

tuqumalghii	tuqu-@₁~:(i/u)ma[to.have.V-ed][to.have.been.V-ed][V→V]-@₁–lghii[the.one.that.V-ed][the.one.that.is.V][V→N][N][Abs][Unpd][Sg]

tukruughqwaayaqenni	+?

------------------------
Tukruughq waayan tungtughllagem neghumakanga.

tukruughq	+?

waayan	+?

tungtughllagem	tungtu-–ghllag[big.N][N→N][N][Rel][Unpd][Sg]
tungtughllagem	Tungtut-–ghllag[big.N][N→N][N][Rel][Unpd][Sg]

neghumakanga	negh-@₁~:(i/u)ma[to.have.V-ed][to.have.been.V-ed][V→V]-@*@₂~sf–(g₂)k(a)e[the.one.that.possessor.V-ed][V→N][N][Abs][3SgPoss][SgPosd]
neghumakanga	negh-@₁~:(i/u)ma[to.have.V-ed][to.have.been.V-ed][V→V][V][Trns][Ptcp][3Sg][3Sg]
neghumakanga	negh-@₁~:(i/u)ma[to.have.V-ed][to.have.been.V-ed][V→V][V][Trns][Cond][3Sg][1Sg]
neghumakanga	neghe-@₁~:(i/u)ma[to.have.V-ed][to.have.been.V-ed][V→V]-@*@₂~sf–(g₂)k(a)e[the.one.that.possessor.V-ed][V→N][N][Abs][3SgPoss][SgPosd]
neghumakanga	neghe-@₁~:(i/u)ma[to.have.V-ed][to.have.been.V-ed][V→V][V][Trns][Ptcp][3Sg][3Sg]
neghumakanga	neghe-@₁~:(i/u)ma[to.have.V-ed][to.have.been.V-ed][V→V][V][Trns][Cond][3Sg][1Sg]

------------------------
Tungtughllak pimalghii, "Kayengenghaghhaq taana neqnirkapiggaq."

tungtughllak	tungtu-–ghllag[big.N][N→N][N][Abs][Unpd][Sg]
tungtughllak	Tungtut-–ghllag[big.N][N→N][N][Abs][Unpd][Sg]

pimalghii	pi-@₁~:(i/u)ma[to.have.V-ed][to.have.been.V-ed][V→V]-@₁–lghii[the.one.that.V-ed][the.one.that.is.V][V→N][N][Abs][Unpd][Sg]

kayengenghaghhaq	kayengenghaghhagh[N][Abs][Unpd][Sg]

taana	taana

neqnirkapiggaq	+?

------------------------


	

------------------------
Qamagtuq.

qamagtuq	qamagte[V][Intr][Ind][3Sg]

------------------------
Tefaay.

tefaay	+?

------------------------
