Naayghami Kiyaghtaaq Quurkeli Meteghlluk

﻿naayghami	+?

kiyaghtaaq	kiyaghte-~faagh[one.who.keeps.on.V-ing][AUG]

quurkeli	+?

meteghlluk	meteghllug[N][Abs][Unpd][Sg]

------------------------


	

------------------------
Iimnanguq kiyaghsimalghii Tannget (1) umiilgat quyngightupiglleghhii.

iimnanguq	iimnangugh[N][Abs][Unpd][Sg]

kiyaghsimalghii	kiyaghte-@₁~:(i/u)ma[to.have.V-ed][to.have.been.V-ed][V→V]-@₁–lghii[the.one.that.V-ed][the.one.that.is.V][V→N][N][Abs][Unpd][Sg]

tannget	+?

1	+?

umiilgat	umiileg[N][Abs][3PlPoss][SgPosd]

quyngightupiglleghhii	quyngigh-tugh[to.eat.N][to.use.N][N→V]-–pigte[to.be.very.V][to.V.very.much][V→V]-te[to.act.on.so.as.to.cause.to.V][V→V]-@₁–lghii[the.one.that.V-ed][the.one.that.is.V][V→N][N][Abs][Unpd][Sg]
quyngightupiglleghhii	quyngigh-tugh[to.eat.N][to.use.N][N→V]-–pigte[to.be.very.V][to.V.very.much][V→V]-@₁–lghii[the.one.that.V-ed][the.one.that.is.V][V→N][N][Abs][Unpd][Sg]

------------------------
Quyngii uglapiglleghhii.

quyngii	quyngigh-~:(ng₁)u[to.be.N][N→V]-~i[SBJ.V-ed.something][V→V]-~i[SBJ.V-ed.something][V→V]-~i[SBJ.V-ed.something][V→V]-~i[SBJ.V-ed.something][V→V]-~i[SBJ.V-ed.something][V→V][V][Intr][Opt][PRS][2Sg]
quyngii	quyngigh-~:(ng₁)u[to.be.N][N→V]-~i[SBJ.V-ed.something][V→V]-~i[SBJ.V-ed.something][V→V]-~i[SBJ.V-ed.something][V→V]-~i[SBJ.V-ed.something][V→V][V][Intr][Opt][PRS][2Sg]
quyngii	quyngigh-~:(ng₁)u[to.be.N][N→V]-~i[SBJ.V-ed.something][V→V]-~i[SBJ.V-ed.something][V→V]-~i[SBJ.V-ed.something][V→V][V][Intr][Opt][PRS][2Sg]
quyngii	quyngigh-~:(ng₁)u[to.be.N][N→V]-~i[SBJ.V-ed.something][V→V]-~i[SBJ.V-ed.something][V→V][V][Intr][Opt][PRS][2Sg]
quyngii	quyngigh-~:(ng₁)u[to.be.N][N→V]-~i[SBJ.V-ed.something][V→V][V][Intr][Opt][PRS][2Sg]
quyngii	quyngigh-~:(ng₁)u[to.be.N][N→V][V][Intr][Opt][PRS][2Sg]
quyngii	quyngigh[N][Abs][3SgPoss][SgPosd]
quyngii	quyngigh[N][Abs][3SgPoss][PlPosd]

uglapiglleghhii	uglagh-–pigte[to.be.very.V][to.V.very.much][V→V]-te[to.act.on.so.as.to.cause.to.V][V→V]-@₁–lghii[the.one.that.V-ed][the.one.that.is.V][V→N][N][Abs][Unpd][Sg]
uglapiglleghhii	uglagh-–pigte[to.be.very.V][to.V.very.much][V→V]-@₁–lghii[the.one.that.V-ed][the.one.that.is.V][V→N][N][Abs][Unpd][Sg]

------------------------
Naqam taana umiilek ighnelek.

naqam	naqam

taana	taana

umiilek	umiileg[N][Abs][Unpd][Sg]

ighnelek	ighnegh-–leg[one.having.N][N→N][N][Abs][Unpd][Sg]

------------------------
(1) Awiituwaqwha ngelqat akuzillghat.

1	+?

awiituwaqwha	+?

ngelqat	ngelqagh[N][Abs][Unpd][Pl]
ngelqat	ngelqagh[N][Rel][Unpd][Pl]

akuzillghat	akuzillegh[N][Abs][3PlPoss][SgPosd]

------------------------


	

------------------------


	

------------------------


	

------------------------
Maaten ilangani umiilgem quyngii avegluni iílaamalghii naqam umegneghughsimalghii qevuutepiglluni.

maaten	maatete[N][Abs][Unpd][Sg]

ilangani	ila[N][Loc][3SgPoss][SgPosd]
ilangani	ila[N][Loc][3SgPoss][PlPosd]
ilangani	ilangani
ilangani	ilangani[N][Abs][Unpd][Sg]

umiilgem	umiileg[N][Rel][Unpd][Sg]

quyngii	quyngigh-~:(ng₁)u[to.be.N][N→V]-~i[SBJ.V-ed.something][V→V]-~i[SBJ.V-ed.something][V→V]-~i[SBJ.V-ed.something][V→V]-~i[SBJ.V-ed.something][V→V]-~i[SBJ.V-ed.something][V→V][V][Intr][Opt][PRS][2Sg]
quyngii	quyngigh-~:(ng₁)u[to.be.N][N→V]-~i[SBJ.V-ed.something][V→V]-~i[SBJ.V-ed.something][V→V]-~i[SBJ.V-ed.something][V→V]-~i[SBJ.V-ed.something][V→V][V][Intr][Opt][PRS][2Sg]
quyngii	quyngigh-~:(ng₁)u[to.be.N][N→V]-~i[SBJ.V-ed.something][V→V]-~i[SBJ.V-ed.something][V→V]-~i[SBJ.V-ed.something][V→V][V][Intr][Opt][PRS][2Sg]
quyngii	quyngigh-~:(ng₁)u[to.be.N][N→V]-~i[SBJ.V-ed.something][V→V]-~i[SBJ.V-ed.something][V→V][V][Intr][Opt][PRS][2Sg]
quyngii	quyngigh-~:(ng₁)u[to.be.N][N→V]-~i[SBJ.V-ed.something][V→V][V][Intr][Opt][PRS][2Sg]
quyngii	quyngigh-~:(ng₁)u[to.be.N][N→V][V][Intr][Opt][PRS][2Sg]
quyngii	quyngigh[N][Abs][3SgPoss][SgPosd]
quyngii	quyngigh[N][Abs][3SgPoss][PlPosd]

avegluni	aveg[V][Intr][Sbrd][3Sg]

iílaamalghii	+?

naqam	naqam

umegneghughsimalghii	+?

qevuutepiglluni	qevuute-–pigte[to.be.very.V][to.V.very.much][V→V]-te[to.act.on.so.as.to.cause.to.V][V→V][V][Intr][Sbrd][3Sg]

------------------------
Naayghami kiyaghsimalghii Quurkeli ighnelek maalghugegneng, nuyekliq ighnegha aghnaasiq, uyughaa itagnalghii.

naayghami	Naayghagh[N][Loc][Unpd][Sg]
naayghami	Naayghagh[N][Rel][4SgPoss][SgPosd]
naayghami	Naayghagh[N][Rel][4SgPoss][PlPosd]
naayghami	naayghagh[N][Loc][Unpd][Sg]
naayghami	naayghagh[N][Rel][4SgPoss][SgPosd]
naayghami	naayghagh[N][Rel][4SgPoss][PlPosd]

kiyaghsimalghii	kiyaghte-@₁~:(i/u)ma[to.have.V-ed][to.have.been.V-ed][V→V]-@₁–lghii[the.one.that.V-ed][the.one.that.is.V][V→N][N][Abs][Unpd][Sg]

quurkeli	+?

ighnelek	ighnegh-–leg[one.having.N][N→N][N][Abs][Unpd][Sg]

maalghugegneng	maalghug[N][Abl_Mod][Unpd][Du]

nuyekliq	nuyekligh[N][Abs][Unpd][Sg]

ighnegha	ighnegh[N][Abs][3SgPoss][SgPosd]

aghnaasiq	aghnaasigh[N][Abs][Unpd][Sg]

uyughaa	uyughagh*-~:(ng₁)u[to.be.N][N→V][V][Intr][Opt][PRS][2Sg]
uyughaa	uyughagh*[N][Abs][3SgPoss][SgPosd]

itagnalghii	+?

------------------------


	

------------------------
Maaten ilangani aanyalghiimi nuyekliq esghaasimalghii quyngimeng uglapiglleghhiimeng.

maaten	maatete[N][Abs][Unpd][Sg]

ilangani	ila[N][Loc][3SgPoss][SgPosd]
ilangani	ila[N][Loc][3SgPoss][PlPosd]
ilangani	ilangani
ilangani	ilangani[N][Abs][Unpd][Sg]

aanyalghiimi	aane-@₁~fyagh[to.go.V-ing][to.V.in.vain][V→V]-@₁–lghii[the.one.that.V-ed][the.one.that.is.V][V→N][N][Loc][Unpd][Sg]
aanyalghiimi	aane-@₁~fyagh[to.go.V-ing][to.V.in.vain][V→V]-@₁–lghii[the.one.that.V-ed][the.one.that.is.V][V→N][N][Rel][4SgPoss][SgPosd]
aanyalghiimi	aane-@₁~fyagh[to.go.V-ing][to.V.in.vain][V→V]-@₁–lghii[the.one.that.V-ed][the.one.that.is.V][V→N][N][Rel][4SgPoss][PlPosd]
aanyalghiimi	aane[V][Intr][Ptcp_Obl][4Sg]

nuyekliq	nuyekligh[N][Abs][Unpd][Sg]

esghaasimalghii	esghaate-@₁~:(i/u)ma[to.have.V-ed][to.have.been.V-ed][V→V]-@₁–lghii[the.one.that.V-ed][the.one.that.is.V][V→N][N][Abs][Unpd][Sg]
esghaasimalghii	esghagh-~:(u)te[to.V.for.or.with][to.cause.to.V.as.one.is.V-ing][to.V.toward.each.other][V→V]-@₁~:(i/u)ma[to.have.V-ed][to.have.been.V-ed][V→V]-@₁–lghii[the.one.that.V-ed][the.one.that.is.V][V→N][N][Abs][Unpd][Sg]
esghaasimalghii	esghagh-~:(u)te[SBJ.V-ed.something][V→V]-@₁~:(i/u)ma[to.have.V-ed][to.have.been.V-ed][V→V]-@₁–lghii[the.one.that.V-ed][the.one.that.is.V][V→N][N][Abs][Unpd][Sg]

quyngimeng	quyngigh[N][Rel][4DuPoss][SgPosd]
quyngimeng	quyngigh[N][Rel][4DuPoss][PlPosd]
quyngimeng	quyngigh[N][Rel][4PlPoss][SgPosd]
quyngimeng	quyngigh[N][Rel][4PlPoss][PlPosd]
quyngimeng	quyngigh[N][Abl_Mod][Unpd][Sg]

uglapiglleghhiimeng	uglagh-–pigte[to.be.very.V][to.V.very.much][V→V]-te[to.act.on.so.as.to.cause.to.V][V→V]-@₁–lghii[the.one.that.V-ed][the.one.that.is.V][V→N][N][Rel][4DuPoss][SgPosd]
uglapiglleghhiimeng	uglagh-–pigte[to.be.very.V][to.V.very.much][V→V]-te[to.act.on.so.as.to.cause.to.V][V→V]-@₁–lghii[the.one.that.V-ed][the.one.that.is.V][V→N][N][Rel][4DuPoss][PlPosd]
uglapiglleghhiimeng	uglagh-–pigte[to.be.very.V][to.V.very.much][V→V]-te[to.act.on.so.as.to.cause.to.V][V→V]-@₁–lghii[the.one.that.V-ed][the.one.that.is.V][V→N][N][Rel][4PlPoss][SgPosd]
uglapiglleghhiimeng	uglagh-–pigte[to.be.very.V][to.V.very.much][V→V]-te[to.act.on.so.as.to.cause.to.V][V→V]-@₁–lghii[the.one.that.V-ed][the.one.that.is.V][V→N][N][Rel][4PlPoss][PlPosd]
uglapiglleghhiimeng	uglagh-–pigte[to.be.very.V][to.V.very.much][V→V]-te[to.act.on.so.as.to.cause.to.V][V→V]-@₁–lghii[the.one.that.V-ed][the.one.that.is.V][V→N][N][Abl_Mod][Unpd][Sg]
uglapiglleghhiimeng	uglagh-–pigte[to.be.very.V][to.V.very.much][V→V]-@₁–lghii[the.one.that.V-ed][the.one.that.is.V][V→N][N][Rel][4DuPoss][SgPosd]
uglapiglleghhiimeng	uglagh-–pigte[to.be.very.V][to.V.very.much][V→V]-@₁–lghii[the.one.that.V-ed][the.one.that.is.V][V→N][N][Rel][4DuPoss][PlPosd]
uglapiglleghhiimeng	uglagh-–pigte[to.be.very.V][to.V.very.much][V→V]-@₁–lghii[the.one.that.V-ed][the.one.that.is.V][V→N][N][Rel][4PlPoss][SgPosd]
uglapiglleghhiimeng	uglagh-–pigte[to.be.very.V][to.V.very.much][V→V]-@₁–lghii[the.one.that.V-ed][the.one.that.is.V][V→N][N][Rel][4PlPoss][PlPosd]
uglapiglleghhiimeng	uglagh-–pigte[to.be.very.V][to.V.very.much][V→V]-@₁–lghii[the.one.that.V-ed][the.one.that.is.V][V→N][N][Abl_Mod][Unpd][Sg]

------------------------
Iteghluni atani Quurkeli pimakanga, "Saam qakemna quyngiqagu?"

iteghluni	itegh[V][Intr][Sbrd][3Sg]

atani	ata[N][Abs][4SgPoss][SgPosd]
atani	ata[N][Abs][4SgPoss][PlPosd]
atani	ata[N][Loc][Unpd][Pl]

quurkeli	+?

pimakanga	pi-@₁~:(i/u)ma[to.have.V-ed][to.have.been.V-ed][V→V]-@*@₂~sf–(g₂)k(a)e[the.one.that.possessor.V-ed][V→N][N][Abs][3SgPoss][SgPosd]
pimakanga	pi-@₁~:(i/u)ma[to.have.V-ed][to.have.been.V-ed][V→V][V][Trns][Ptcp][3Sg][3Sg]
pimakanga	pi-@₁~:(i/u)ma[to.have.V-ed][to.have.been.V-ed][V→V][V][Trns][Cond][3Sg][1Sg]

saam	saam[N][Abs][Unpd][Sg]

qakemna	qakemna[N][Abs][Unpd][Sg]

quyngiqagu	+?

------------------------
"Enta amigmun aliightaghtigu."

enta	+?

amigmun	amig[N][Ter][Unpd][Sg]

aliightaghtigu	+?

------------------------
Atani piyatni nuyekliim igheghan ivgaasimakanga.

atani	ata[N][Abs][4SgPoss][SgPosd]
atani	ata[N][Abs][4SgPoss][PlPosd]
atani	ata[N][Loc][Unpd][Pl]

piyatni	pi-~:(u)te[to.V.for.or.with][to.cause.to.V.as.one.is.V-ing][to.V.toward.each.other][V→V][V][Trns][CnsqI][3Du][4Sg]
piyatni	pi-~:(u)te[to.V.for.or.with][to.cause.to.V.as.one.is.V-ing][to.V.toward.each.other][V→V][V][Trns][CnsqI][3Pl][4Sg]
piyatni	pi-~:(u)te[to.V.for.or.with][to.cause.to.V.as.one.is.V-ing][to.V.toward.each.other][V→V][V][Trns][CnsqI][3Sg][4Sg]
piyatni	pi[V][Trns][CnsqI][3Du][4Sg]
piyatni	pi[V][Trns][CnsqI][3Pl][4Sg]
piyatni	pi[V][Trns][CnsqI][3Sg][4Sg]

nuyekliim	+?

igheghan	+?

ivgaasimakanga	Ivgagh-~:(ng₁)u[to.be.N][N→V]-~:(u)te[to.V.for.or.with][to.cause.to.V.as.one.is.V-ing][to.V.toward.each.other][V→V]-@₁~:(i/u)ma[to.have.V-ed][to.have.been.V-ed][V→V]-@*@₂~sf–(g₂)k(a)e[the.one.that.possessor.V-ed][V→N][N][Abs][3SgPoss][SgPosd]
ivgaasimakanga	Ivgagh-~:(ng₁)u[to.be.N][N→V]-~:(u)te[SBJ.V-ed.something][V→V]-@₁~:(i/u)ma[to.have.V-ed][to.have.been.V-ed][V→V]-@*@₂~sf–(g₂)k(a)e[the.one.that.possessor.V-ed][V→N][N][Abs][3SgPoss][SgPosd]
ivgaasimakanga	Ivgagh-~:(ng₁)u[to.be.N][N→V]-te[to.act.on.so.as.to.cause.to.V][V→V]-@₁~:(i/u)ma[to.have.V-ed][to.have.been.V-ed][V→V]-@*@₂~sf–(g₂)k(a)e[the.one.that.possessor.V-ed][V→N][N][Abs][3SgPoss][SgPosd]

------------------------
Atangan pimakanga, "Aa, Tannget umiilgita quyngiqaat."

atangan	ata[N][Rel][3SgPoss][SgPosd]
atangan	ata[N][Rel][3SgPoss][PlPosd]

pimakanga	pi-@₁~:(i/u)ma[to.have.V-ed][to.have.been.V-ed][V→V]-@*@₂~sf–(g₂)k(a)e[the.one.that.possessor.V-ed][V→N][N][Abs][3SgPoss][SgPosd]
pimakanga	pi-@₁~:(i/u)ma[to.have.V-ed][to.have.been.V-ed][V→V][V][Trns][Ptcp][3Sg][3Sg]
pimakanga	pi-@₁~:(i/u)ma[to.have.V-ed][to.have.been.V-ed][V→V][V][Trns][Cond][3Sg][1Sg]

aa	aa

tannget	+?

umiilgita	umiileg-~:(ng₁)ite**[to.lack.N][to.not.have.N][N→V][V][Intr][Intrg][3Sg]
umiilgita	umiileg[N][Rel][3DuPoss][SgPosd]
umiilgita	umiileg[N][Rel][3DuPoss][PlPosd]
umiilgita	umiileg[N][Rel][3PlPoss][SgPosd]
umiilgita	umiileg[N][Rel][3PlPoss][PlPosd]

quyngiqaat	+?

------------------------
Uyuqliq ighneni pimakanga, "Aa, naqam Tengagergemun pii, whaten pinaken, 'saamnguq una quyngiqagu?'

uyuqliq	uyuqligh*[N][Abs][Unpd][Sg]

ighneni	ighnegh[N][Abs][4SgPoss][SgPosd]
ighneni	ighnegh[N][Abs][4SgPoss][PlPosd]

pimakanga	pi-@₁~:(i/u)ma[to.have.V-ed][to.have.been.V-ed][V→V]-@*@₂~sf–(g₂)k(a)e[the.one.that.possessor.V-ed][V→N][N][Abs][3SgPoss][SgPosd]
pimakanga	pi-@₁~:(i/u)ma[to.have.V-ed][to.have.been.V-ed][V→V][V][Trns][Ptcp][3Sg][3Sg]
pimakanga	pi-@₁~:(i/u)ma[to.have.V-ed][to.have.been.V-ed][V→V][V][Trns][Cond][3Sg][1Sg]

aa	aa

naqam	naqam

tengagergemun	+?

pii	pi-~i[SBJ.V-ed.something][V→V]-~i[SBJ.V-ed.something][V→V]-~i[SBJ.V-ed.something][V→V]-~i[SBJ.V-ed.something][V→V]-~i[SBJ.V-ed.something][V→V]-~i[SBJ.V-ed.something][V→V][V][Intr][Opt][PRS][2Sg]
pii	pi-~i[SBJ.V-ed.something][V→V]-~i[SBJ.V-ed.something][V→V]-~i[SBJ.V-ed.something][V→V]-~i[SBJ.V-ed.something][V→V]-~i[SBJ.V-ed.something][V→V][V][Intr][Opt][PRS][2Sg]
pii	pi-~i[SBJ.V-ed.something][V→V]-~i[SBJ.V-ed.something][V→V]-~i[SBJ.V-ed.something][V→V]-~i[SBJ.V-ed.something][V→V][V][Intr][Opt][PRS][2Sg]
pii	pi-~i[SBJ.V-ed.something][V→V]-~i[SBJ.V-ed.something][V→V]-~i[SBJ.V-ed.something][V→V][V][Intr][Opt][PRS][2Sg]
pii	pi-~i[SBJ.V-ed.something][V→V]-~i[SBJ.V-ed.something][V→V][V][Intr][Opt][PRS][2Sg]
pii	pi-~i[SBJ.V-ed.something][V→V][V][Intr][Opt][PRS][2Sg]
pii	pi[V][Intr][Intrg][3Sg]
pii	pi[V][Trns][Ind][3Sg][3Sg]
pii	pi[V][Trns][Ind][3Sg][3Pl]

whaten	wha[N][Abs][2SgPoss][PlPosd]
whaten	wha-te[to.catch.N][to.go.to.N][N→V][V][Intr][Opt][PRS][2Sg]
whaten	wha[N][Abs][2SgPoss][PlPosd]

pinaken	pi-@₁~fna[in.order.to.V][intending.to.V][V→V]-@*@₂~sf–(g₂)k(a)e[the.one.that.possessor.V-ed][V→N][N][Abs][2SgPoss][SgPosd]
pinaken	pi-@₁~fna[in.order.to.V][intending.to.V][V→V][V][Trns][Ptcp][2Sg][3Sg]
pinaken	pi-~:(u)te[to.V.for.or.with][to.cause.to.V.as.one.is.V-ing][to.V.toward.each.other][V→V]-@₁~fna[in.order.to.V][intending.to.V][V→V]-@*@₂~sf–(g₂)k(a)e[the.one.that.possessor.V-ed][V→N][N][Abs][2SgPoss][SgPosd]
pinaken	pi-~:(u)te[to.V.for.or.with][to.cause.to.V.as.one.is.V-ing][to.V.toward.each.other][V→V]-@₁~fna[in.order.to.V][intending.to.V][V→V][V][Trns][Ptcp][2Sg][3Sg]
pinaken	pi-~:(u)te[to.V.for.or.with][to.cause.to.V.as.one.is.V-ing][to.V.toward.each.other][V→V][V][Trns][Opt][FUT][2Sg][3Sg]
pinaken	pi-~:(u)te[SBJ.V-ed.something][V→V]-@₁~fna[in.order.to.V][intending.to.V][V→V]-@*@₂~sf–(g₂)k(a)e[the.one.that.possessor.V-ed][V→N][N][Abs][2SgPoss][SgPosd]
pinaken	pi[V][Trns][Opt][FUT][2Sg][3Sg]

saamnguq	saam[N][Abs][Unpd][Sg]-nguq[Encl]

una	una
una	una[N][Abs][Unpd][Sg]

quyngiqagu	+?

------------------------
Ungipaaskangaten ukiggaaten."

ungipaaskangaten	ungipaate[V][Trns][Ptcp][3Du][2Sg]
ungipaaskangaten	ungipaate[V][Trns][Ptcp][3Pl][2Sg]
ungipaaskangaten	ungipaate[V][Trns][Ptcp][3Sg][2Sg]

ukiggaaten	ukig[V][Intr][Opt][FUT][2Sg]

------------------------


	

------------------------
Llaaghanwha uyuqliq mayuumalghii mayuumalghii.

llaaghanwha	+?

uyuqliq	uyuqligh*[N][Abs][Unpd][Sg]

mayuumalghii	mayugh-@₁~:(i/u)ma[to.have.V-ed][to.have.been.V-ed][V→V]-@₁–lghii[the.one.that.V-ed][the.one.that.is.V][V→N][N][Abs][Unpd][Sg]

mayuumalghii	mayugh-@₁~:(i/u)ma[to.have.V-ed][to.have.been.V-ed][V→V]-@₁–lghii[the.one.that.V-ed][the.one.that.is.V][V→N][N][Abs][Unpd][Sg]

------------------------
Qaygeghsamigu tamana mengteghaam kiwatangitni neghniighumalghii.

qaygeghsamigu	+?

tamana	tamana

mengteghaam	+?

kiwatangitni	+?

neghniighumalghii	+?

------------------------
Tengagergem panini pimakanga, "Weni esghapakaghaqluten sangwaat tagiyaaghtut."

tengagergem	+?

panini	panig[N][Abs][4SgPoss][SgPosd]
panini	panig[N][Abs][4SgPoss][PlPosd]

pimakanga	pi-@₁~:(i/u)ma[to.have.V-ed][to.have.been.V-ed][V→V]-@*@₂~sf–(g₂)k(a)e[the.one.that.possessor.V-ed][V→N][N][Abs][3SgPoss][SgPosd]
pimakanga	pi-@₁~:(i/u)ma[to.have.V-ed][to.have.been.V-ed][V→V][V][Trns][Ptcp][3Sg][3Sg]
pimakanga	pi-@₁~:(i/u)ma[to.have.V-ed][to.have.been.V-ed][V→V][V][Trns][Cond][3Sg][1Sg]

weni	+?

esghapakaghaqluten	+?

sangwaat	sa-~:(ng₁)u[to.be.N][N→V][V][Intr][Intrg][3Pl]
sangwaat	sangwaa[N][Abs][Unpd][Pl]
sangwaat	sangwaa[N][Rel][Unpd][Pl]

tagiyaaghtut	+?

------------------------
Aghnaghaq aanluni esghaamakanga meteghlluk.

aghnaghaq	aghnaghagh*[N][Abs][Unpd][Sg]

aanluni	aane[V][Intr][Sbrd][3Sg]

esghaamakanga	esghagh-@₁~:(i/u)ma[to.have.V-ed][to.have.been.V-ed][V→V]-@*@₂~sf–(g₂)k(a)e[the.one.that.possessor.V-ed][V→N][N][Abs][3SgPoss][SgPosd]
esghaamakanga	esghagh-@₁~:(i/u)ma[to.have.V-ed][to.have.been.V-ed][V→V][V][Trns][Ptcp][3Sg][3Sg]
esghaamakanga	esghagh-@₁~:(i/u)ma[to.have.V-ed][to.have.been.V-ed][V→V][V][Trns][Cond][3Sg][1Sg]

meteghlluk	meteghllug[N][Abs][Unpd][Sg]

------------------------
Aghnaghaq iteghluni Tengagergen pimakanga, "Taawanginaq inga esghaghaqa meteghlluk."

aghnaghaq	aghnaghagh*[N][Abs][Unpd][Sg]

iteghluni	itegh[V][Intr][Sbrd][3Sg]

tengagergen	+?

pimakanga	pi-@₁~:(i/u)ma[to.have.V-ed][to.have.been.V-ed][V→V]-@*@₂~sf–(g₂)k(a)e[the.one.that.possessor.V-ed][V→N][N][Abs][3SgPoss][SgPosd]
pimakanga	pi-@₁~:(i/u)ma[to.have.V-ed][to.have.been.V-ed][V→V][V][Trns][Ptcp][3Sg][3Sg]
pimakanga	pi-@₁~:(i/u)ma[to.have.V-ed][to.have.been.V-ed][V→V][V][Trns][Cond][3Sg][1Sg]

taawanginaq	+?

inga	inga

esghaghaqa	esghagh[V][Trns][Ind][1Sg][3Sg]

meteghlluk	meteghllug[N][Abs][Unpd][Sg]

------------------------
"Aqfagu tagilinguq."

aqfagu	aqfa[V][Trns][Opt][PRS][2Sg][3Sg]

tagilinguq	+?

------------------------
Llaaghanwha aghnaghaam aqfamakanga.

llaaghanwha	+?

aghnaghaam	aghnaghagh*[N][Rel][Unpd][Sg]

aqfamakanga	aqfa-@₁~:(i/u)ma[to.have.V-ed][to.have.been.V-ed][V→V]-@*@₂~sf–(g₂)k(a)e[the.one.that.possessor.V-ed][V→N][N][Abs][3SgPoss][SgPosd]
aqfamakanga	aqfa-@₁~:(i/u)ma[to.have.V-ed][to.have.been.V-ed][V→V][V][Trns][Ptcp][3Sg][3Sg]
aqfamakanga	aqfa-@₁~:(i/u)ma[to.have.V-ed][to.have.been.V-ed][V→V][V][Trns][Cond][3Sg][1Sg]

------------------------
Kaalluni aghnaghaam meteghlluk pimakanga, "Atama whanga agliisqaaten."

kaalluni	kaate[V][Intr][Sbrd][3Sg]

aghnaghaam	aghnaghagh*[N][Rel][Unpd][Sg]

meteghlluk	meteghllug[N][Abs][Unpd][Sg]

pimakanga	pi-@₁~:(i/u)ma[to.have.V-ed][to.have.been.V-ed][V→V]-@*@₂~sf–(g₂)k(a)e[the.one.that.possessor.V-ed][V→N][N][Abs][3SgPoss][SgPosd]
pimakanga	pi-@₁~:(i/u)ma[to.have.V-ed][to.have.been.V-ed][V→V][V][Trns][Ptcp][3Sg][3Sg]
pimakanga	pi-@₁~:(i/u)ma[to.have.V-ed][to.have.been.V-ed][V→V][V][Trns][Cond][3Sg][1Sg]

atama	ata[N][Rel][1SgPoss][SgPosd]
atama	ata[N][Rel][1SgPoss][PlPosd]

whanga	wha[N][Abs][3SgPoss][SgPosd]
whanga	whanga

agliisqaaten	aglagh-~sf:isqe[to.ask.or.tell.one.to.V][Cmpd_Vbl][V][Trns][Ind][3Du][2Sg]
agliisqaaten	aglagh-~sf:isqe[to.ask.or.tell.one.to.V][Cmpd_Vbl][V][Trns][Ind][3Pl][2Sg]
agliisqaaten	aglagh-~sf:isqe[to.ask.or.tell.one.to.V][Cmpd_Vbl][V][Trns][Ind][3Sg][2Sg]

------------------------
Meteghllugem quulmun esghaqaghluku uuglluni neghumalghii.

meteghllugem	meteghllug[N][Rel][Unpd][Sg]

quulmun	+?

esghaqaghluku	+?

uuglluni	+?

neghumalghii	negh-@₁~:(i/u)ma[to.have.V-ed][to.have.been.V-ed][V→V]-@₁–lghii[the.one.that.V-ed][the.one.that.is.V][V→N][N][Abs][Unpd][Sg]
neghumalghii	neghe-@₁~:(i/u)ma[to.have.V-ed][to.have.been.V-ed][V→V]-@₁–lghii[the.one.that.V-ed][the.one.that.is.V][V→N][N][Abs][Unpd][Sg]

------------------------
Aghnaghaq aglaamalghii.

aghnaghaq	aghnaghagh*[N][Abs][Unpd][Sg]

aglaamalghii	aglagh-@₁~:(i/u)ma[to.have.V-ed][to.have.been.V-ed][V→V]-@₁–lghii[the.one.that.V-ed][the.one.that.is.V][V→N][N][Abs][Unpd][Sg]

------------------------
Kaalluni iteghluni atani pimakanga, "Avelghaqinaghaanga."

kaalluni	kaate[V][Intr][Sbrd][3Sg]

iteghluni	itegh[V][Intr][Sbrd][3Sg]

atani	ata[N][Abs][4SgPoss][SgPosd]
atani	ata[N][Abs][4SgPoss][PlPosd]
atani	ata[N][Loc][Unpd][Pl]

pimakanga	pi-@₁~:(i/u)ma[to.have.V-ed][to.have.been.V-ed][V→V]-@*@₂~sf–(g₂)k(a)e[the.one.that.possessor.V-ed][V→N][N][Abs][3SgPoss][SgPosd]
pimakanga	pi-@₁~:(i/u)ma[to.have.V-ed][to.have.been.V-ed][V→V][V][Trns][Ptcp][3Sg][3Sg]
pimakanga	pi-@₁~:(i/u)ma[to.have.V-ed][to.have.been.V-ed][V→V][V][Trns][Cond][3Sg][1Sg]

avelghaqinaghaanga	+?

------------------------
Atangan pimakanga, "Kevgaangukuninguq tagili sukalluni!"

atangan	ata[N][Rel][3SgPoss][SgPosd]
atangan	ata[N][Rel][3SgPoss][PlPosd]

pimakanga	pi-@₁~:(i/u)ma[to.have.V-ed][to.have.been.V-ed][V→V]-@*@₂~sf–(g₂)k(a)e[the.one.that.possessor.V-ed][V→N][N][Abs][3SgPoss][SgPosd]
pimakanga	pi-@₁~:(i/u)ma[to.have.V-ed][to.have.been.V-ed][V→V][V][Trns][Ptcp][3Sg][3Sg]
pimakanga	pi-@₁~:(i/u)ma[to.have.V-ed][to.have.been.V-ed][V→V][V][Trns][Cond][3Sg][1Sg]

kevgaangukuninguq	+?

tagili	tagi-~:(u)te[to.V.for.or.with][to.cause.to.V.as.one.is.V-ing][to.V.toward.each.other][V→V][V][Intr][Opt][PRS][3Sg]
tagili	tagi-~:(u)te[SBJ.V-ed.something][V→V][V][Intr][Opt][PRS][3Sg]
tagili	tagi[V][Intr][Opt][PRS][3Sg]

sukalluni	sukate*[V][Intr][Sbrd][3Sg]

------------------------
Aghnaghaam takuluku pimakanga meteghlluk, "Kevgaangukuvegnguq aglaa sukalluten!"

aghnaghaam	aghnaghagh*[N][Rel][Unpd][Sg]

takuluku	taku-~:(u)te[to.V.for.or.with][to.cause.to.V.as.one.is.V-ing][to.V.toward.each.other][V→V][V][Trns][Sbrd][_][3Sg]
takuluku	taku[V][Trns][Sbrd][_][3Sg]

pimakanga	pi-@₁~:(i/u)ma[to.have.V-ed][to.have.been.V-ed][V→V]-@*@₂~sf–(g₂)k(a)e[the.one.that.possessor.V-ed][V→N][N][Abs][3SgPoss][SgPosd]
pimakanga	pi-@₁~:(i/u)ma[to.have.V-ed][to.have.been.V-ed][V→V][V][Trns][Ptcp][3Sg][3Sg]
pimakanga	pi-@₁~:(i/u)ma[to.have.V-ed][to.have.been.V-ed][V→V][V][Trns][Cond][3Sg][1Sg]

meteghlluk	meteghllug[N][Abs][Unpd][Sg]

kevgaangukuvegnguq	+?

aglaa	aglagh[V][Intr][Opt][PRS][2Sg]

sukalluten	+?

------------------------
"Whaten pigu saamnanguq saam quyngiqagu."

whaten	wha[N][Abs][2SgPoss][PlPosd]
whaten	wha-te[to.catch.N][to.go.to.N][N→V][V][Intr][Opt][PRS][2Sg]
whaten	wha[N][Abs][2SgPoss][PlPosd]

pigu	pi[V][Trns][Opt][PRS][2Sg][3Sg]

saamnanguq	saam-te[to.catch.N][to.go.to.N][N→V]-@₁~fna[in.order.to.V][intending.to.V][V→V]-@*ngugh*[the.one.that.V-ed][the.one.that.is.V][V→N][N][Abs][Unpd][Sg]

saam	saam[N][Abs][Unpd][Sg]

quyngiqagu	+?

------------------------
Aghnaghaq aglaghluni pimakanga atani, "Piiten whaten, saamnanguq saam quyngiqagu."

aghnaghaq	aghnaghagh*[N][Abs][Unpd][Sg]

aglaghluni	aglagh[V][Intr][Sbrd][3Sg]

pimakanga	pi-@₁~:(i/u)ma[to.have.V-ed][to.have.been.V-ed][V→V]-@*@₂~sf–(g₂)k(a)e[the.one.that.possessor.V-ed][V→N][N][Abs][3SgPoss][SgPosd]
pimakanga	pi-@₁~:(i/u)ma[to.have.V-ed][to.have.been.V-ed][V→V][V][Trns][Ptcp][3Sg][3Sg]
pimakanga	pi-@₁~:(i/u)ma[to.have.V-ed][to.have.been.V-ed][V→V][V][Trns][Cond][3Sg][1Sg]

atani	ata[N][Abs][4SgPoss][SgPosd]
atani	ata[N][Abs][4SgPoss][PlPosd]
atani	ata[N][Loc][Unpd][Pl]

piiten	pi-~i[SBJ.V-ed.something][V→V]-~i[SBJ.V-ed.something][V→V]-~i[SBJ.V-ed.something][V→V]-~i[SBJ.V-ed.something][V→V]-~i[SBJ.V-ed.something][V→V]-~i[SBJ.V-ed.something][V→V]-~:(u)te[to.V.for.or.with][to.cause.to.V.as.one.is.V-ing][to.V.toward.each.other][V→V][V][Intr][Opt][PRS][2Sg]
piiten	pi-~i[SBJ.V-ed.something][V→V]-~i[SBJ.V-ed.something][V→V]-~i[SBJ.V-ed.something][V→V]-~i[SBJ.V-ed.something][V→V]-~i[SBJ.V-ed.something][V→V]-~i[SBJ.V-ed.something][V→V]-~:(u)te[SBJ.V-ed.something][V→V][V][Intr][Opt][PRS][2Sg]
piiten	pi-~i[SBJ.V-ed.something][V→V]-~i[SBJ.V-ed.something][V→V]-~i[SBJ.V-ed.something][V→V]-~i[SBJ.V-ed.something][V→V]-~i[SBJ.V-ed.something][V→V]-~i[SBJ.V-ed.something][V→V]-te[to.act.on.so.as.to.cause.to.V][V→V][V][Intr][Opt][PRS][2Sg]
piiten	pi-~i[SBJ.V-ed.something][V→V]-~i[SBJ.V-ed.something][V→V]-~i[SBJ.V-ed.something][V→V]-~i[SBJ.V-ed.something][V→V]-~i[SBJ.V-ed.something][V→V]-~:(u)te[to.V.for.or.with][to.cause.to.V.as.one.is.V-ing][to.V.toward.each.other][V→V][V][Intr][Opt][PRS][2Sg]
piiten	pi-~i[SBJ.V-ed.something][V→V]-~i[SBJ.V-ed.something][V→V]-~i[SBJ.V-ed.something][V→V]-~i[SBJ.V-ed.something][V→V]-~i[SBJ.V-ed.something][V→V]-~:(u)te[condition.with.respect.to.V-ing][V→N][N][Abs][2SgPoss][SgPosd]
piiten	pi-~i[SBJ.V-ed.something][V→V]-~i[SBJ.V-ed.something][V→V]-~i[SBJ.V-ed.something][V→V]-~i[SBJ.V-ed.something][V→V]-~i[SBJ.V-ed.something][V→V]-~:(u)te[SBJ.V-ed.something][V→V][V][Intr][Opt][PRS][2Sg]
piiten	pi-~i[SBJ.V-ed.something][V→V]-~i[SBJ.V-ed.something][V→V]-~i[SBJ.V-ed.something][V→V]-~i[SBJ.V-ed.something][V→V]-~i[SBJ.V-ed.something][V→V]-te[to.act.on.so.as.to.cause.to.V][V→V][V][Intr][Opt][PRS][2Sg]
piiten	pi-~i[SBJ.V-ed.something][V→V]-~i[SBJ.V-ed.something][V→V]-~i[SBJ.V-ed.something][V→V]-~i[SBJ.V-ed.something][V→V]-~:(u)te[to.V.for.or.with][to.cause.to.V.as.one.is.V-ing][to.V.toward.each.other][V→V][V][Intr][Opt][PRS][2Sg]
piiten	pi-~i[SBJ.V-ed.something][V→V]-~i[SBJ.V-ed.something][V→V]-~i[SBJ.V-ed.something][V→V]-~i[SBJ.V-ed.something][V→V]-~:(u)te[condition.with.respect.to.V-ing][V→N][N][Abs][2SgPoss][SgPosd]
piiten	pi-~i[SBJ.V-ed.something][V→V]-~i[SBJ.V-ed.something][V→V]-~i[SBJ.V-ed.something][V→V]-~i[SBJ.V-ed.something][V→V]-~:(u)te[SBJ.V-ed.something][V→V][V][Intr][Opt][PRS][2Sg]
piiten	pi-~i[SBJ.V-ed.something][V→V]-~i[SBJ.V-ed.something][V→V]-~i[SBJ.V-ed.something][V→V]-~i[SBJ.V-ed.something][V→V]-te[to.act.on.so.as.to.cause.to.V][V→V][V][Intr][Opt][PRS][2Sg]
piiten	pi-~i[SBJ.V-ed.something][V→V]-~i[SBJ.V-ed.something][V→V]-~i[SBJ.V-ed.something][V→V]-~:(u)te[to.V.for.or.with][to.cause.to.V.as.one.is.V-ing][to.V.toward.each.other][V→V][V][Intr][Opt][PRS][2Sg]
piiten	pi-~i[SBJ.V-ed.something][V→V]-~i[SBJ.V-ed.something][V→V]-~i[SBJ.V-ed.something][V→V]-~:(u)te[condition.with.respect.to.V-ing][V→N][N][Abs][2SgPoss][SgPosd]
piiten	pi-~i[SBJ.V-ed.something][V→V]-~i[SBJ.V-ed.something][V→V]-~i[SBJ.V-ed.something][V→V]-~:(u)te[SBJ.V-ed.something][V→V][V][Intr][Opt][PRS][2Sg]
piiten	pi-~i[SBJ.V-ed.something][V→V]-~i[SBJ.V-ed.something][V→V]-~i[SBJ.V-ed.something][V→V]-te[to.act.on.so.as.to.cause.to.V][V→V][V][Intr][Opt][PRS][2Sg]
piiten	pi-~i[SBJ.V-ed.something][V→V]-~i[SBJ.V-ed.something][V→V]-~:(u)te[to.V.for.or.with][to.cause.to.V.as.one.is.V-ing][to.V.toward.each.other][V→V][V][Intr][Opt][PRS][2Sg]
piiten	pi-~i[SBJ.V-ed.something][V→V]-~i[SBJ.V-ed.something][V→V]-~:(u)te[condition.with.respect.to.V-ing][V→N][N][Abs][2SgPoss][SgPosd]
piiten	pi-~i[SBJ.V-ed.something][V→V]-~i[SBJ.V-ed.something][V→V]-~:(u)te[SBJ.V-ed.something][V→V][V][Intr][Opt][PRS][2Sg]
piiten	pi-~i[SBJ.V-ed.something][V→V]-~i[SBJ.V-ed.something][V→V]-te[to.act.on.so.as.to.cause.to.V][V→V][V][Intr][Opt][PRS][2Sg]
piiten	pi-~i[SBJ.V-ed.something][V→V]-~:(u)te[to.V.for.or.with][to.cause.to.V.as.one.is.V-ing][to.V.toward.each.other][V→V][V][Intr][Opt][PRS][2Sg]
piiten	pi-~i[SBJ.V-ed.something][V→V]-~:(u)te[condition.with.respect.to.V-ing][V→N][N][Abs][2SgPoss][SgPosd]
piiten	pi-~i[SBJ.V-ed.something][V→V]-~:(u)te[SBJ.V-ed.something][V→V][V][Intr][Opt][PRS][2Sg]
piiten	pi-~i[SBJ.V-ed.something][V→V]-te[to.act.on.so.as.to.cause.to.V][V→V][V][Intr][Opt][PRS][2Sg]
piiten	pi[V][Intr][Ind][2Sg]
piiten	pi[V][Trns][Intrg][3Sg][2Sg]
piiten	pi[V][Trns][Intrg][3Du][2Sg]
piiten	pi[V][Trns][Intrg][3Pl][2Sg]
piiten	pi[V][Trns][Ind][3Pl][2Sg]
piiten	pi[V][Trns][Ind][3Du][2Sg]
piiten	pi[V][Trns][Ind][3Sg][2Sg]
piiten	pi[V][Trns][Ind][2Sg][3Pl]

whaten	wha[N][Abs][2SgPoss][PlPosd]
whaten	wha-te[to.catch.N][to.go.to.N][N→V][V][Intr][Opt][PRS][2Sg]
whaten	wha[N][Abs][2SgPoss][PlPosd]

saamnanguq	saam-te[to.catch.N][to.go.to.N][N→V]-@₁~fna[in.order.to.V][intending.to.V][V→V]-@*ngugh*[the.one.that.V-ed][the.one.that.is.V][V→N][N][Abs][Unpd][Sg]

saam	saam[N][Abs][Unpd][Sg]

quyngiqagu	+?

------------------------
Atangan panini pimakanga, "Wanlegi whaten pigu, tagilinguq ellmineng."

atangan	ata[N][Rel][3SgPoss][SgPosd]
atangan	ata[N][Rel][3SgPoss][PlPosd]

panini	panig[N][Abs][4SgPoss][SgPosd]
panini	panig[N][Abs][4SgPoss][PlPosd]

pimakanga	pi-@₁~:(i/u)ma[to.have.V-ed][to.have.been.V-ed][V→V]-@*@₂~sf–(g₂)k(a)e[the.one.that.possessor.V-ed][V→N][N][Abs][3SgPoss][SgPosd]
pimakanga	pi-@₁~:(i/u)ma[to.have.V-ed][to.have.been.V-ed][V→V][V][Trns][Ptcp][3Sg][3Sg]
pimakanga	pi-@₁~:(i/u)ma[to.have.V-ed][to.have.been.V-ed][V→V][V][Trns][Cond][3Sg][1Sg]

wanlegi	wanlegi

whaten	wha[N][Abs][2SgPoss][PlPosd]
whaten	wha-te[to.catch.N][to.go.to.N][N→V][V][Intr][Opt][PRS][2Sg]
whaten	wha[N][Abs][2SgPoss][PlPosd]

pigu	pi[V][Trns][Opt][PRS][2Sg][3Sg]

tagilinguq	+?

ellmineng	ellmi[N][Abl_Mod][Unpd][Pl]

------------------------
Aghnaghaam aglaghluni meteghlluk pimakanga, "Aglanguq sukalluten!"

aghnaghaam	aghnaghagh*[N][Rel][Unpd][Sg]

aglaghluni	aglagh[V][Intr][Sbrd][3Sg]

meteghlluk	meteghllug[N][Abs][Unpd][Sg]

pimakanga	pi-@₁~:(i/u)ma[to.have.V-ed][to.have.been.V-ed][V→V]-@*@₂~sf–(g₂)k(a)e[the.one.that.possessor.V-ed][V→N][N][Abs][3SgPoss][SgPosd]
pimakanga	pi-@₁~:(i/u)ma[to.have.V-ed][to.have.been.V-ed][V→V][V][Trns][Ptcp][3Sg][3Sg]
pimakanga	pi-@₁~:(i/u)ma[to.have.V-ed][to.have.been.V-ed][V→V][V][Trns][Cond][3Sg][1Sg]

aglanguq	+?

sukalluten	+?

------------------------


	

------------------------
Meteghlluk aglaamalghii.

meteghlluk	meteghllug[N][Abs][Unpd][Sg]

aglaamalghii	aglagh-@₁~:(i/u)ma[to.have.V-ed][to.have.been.V-ed][V→V]-@₁–lghii[the.one.that.V-ed][the.one.that.is.V][V→N][N][Abs][Unpd][Sg]

------------------------
Kaalluni iitghumalghii.

kaalluni	kaate[V][Intr][Sbrd][3Sg]

iitghumalghii	itegh-@₁~:(i/u)ma[to.have.V-ed][to.have.been.V-ed][V→V]-@₁–lghii[the.one.that.V-ed][the.one.that.is.V][V→N][N][Abs][Unpd][Sg]

------------------------
Iteghyan Kiyaghneghem Tengagergem pimakanga, "Sangwaami piiqsigu?"

iteghyan	itegh[V][Intr][CnsqI][3Sg]

kiyaghneghem	kiyaghnegh[N][Rel][Unpd][Sg]

tengagergem	+?

pimakanga	pi-@₁~:(i/u)ma[to.have.V-ed][to.have.been.V-ed][V→V]-@*@₂~sf–(g₂)k(a)e[the.one.that.possessor.V-ed][V→N][N][Abs][3SgPoss][SgPosd]
pimakanga	pi-@₁~:(i/u)ma[to.have.V-ed][to.have.been.V-ed][V→V][V][Trns][Ptcp][3Sg][3Sg]
pimakanga	pi-@₁~:(i/u)ma[to.have.V-ed][to.have.been.V-ed][V→V][V][Trns][Cond][3Sg][1Sg]

sangwaami	sangwaa[N][Loc][Unpd][Sg]
sangwaami	sangwaa[N][Rel][4SgPoss][SgPosd]
sangwaami	sangwaa[N][Rel][4SgPoss][PlPosd]

piiqsigu	pi-~(g₁)aqe[to.be.V.ing][to.regularly.or.repeatedly.V][V→V][V][Trns][Intrg][2Sg][3Sg]

------------------------
"Saam saamna quyngiqagu."

saam	saam[N][Abs][Unpd][Sg]

saamna	saam-te[to.catch.N][to.go.to.N][N→V]-@₁~fna[in.order.to.V][intending.to.V][V→V][V][Intr][Opt][PRS][2Sg]
saamna	saamna

quyngiqagu	+?

------------------------
Tengagergem naniq awilluku esghaghyalghiimi meteghlluk asitmun esghaamakangi mengtegham saaghwani quyngit ama Tannget.

tengagergem	+?

naniq	nanigh[N][Abs][Unpd][Sg]

awilluku	+?

esghaghyalghiimi	esghagh-@₁~fyagh[to.go.V-ing][to.V.in.vain][V→V]-@₁–lghii[the.one.that.V-ed][the.one.that.is.V][V→N][N][Loc][Unpd][Sg]
esghaghyalghiimi	esghagh-@₁~fyagh[to.go.V-ing][to.V.in.vain][V→V]-@₁–lghii[the.one.that.V-ed][the.one.that.is.V][V→N][N][Rel][4SgPoss][SgPosd]
esghaghyalghiimi	esghagh-@₁~fyagh[to.go.V-ing][to.V.in.vain][V→V]-@₁–lghii[the.one.that.V-ed][the.one.that.is.V][V→N][N][Rel][4SgPoss][PlPosd]

meteghlluk	meteghllug[N][Abs][Unpd][Sg]

asitmun	asit[N][Ter][Unpd][Sg]
asitmun	asitmute[N][Abs][Unpd][Sg]

esghaamakangi	esghagh-@₁~:(i/u)ma[to.have.V-ed][to.have.been.V-ed][V→V]-@*@₂~sf–(g₂)k(a)e[the.one.that.possessor.V-ed][V→N][N][Abs][3SgPoss][PlPosd]
esghaamakangi	esghagh-@₁~:(i/u)ma[to.have.V-ed][to.have.been.V-ed][V→V][V][Trns][Ptcp][3Sg][3Pl]

mengtegham	mengteghagh[N][Rel][Unpd][Sg]

saaghwani	saaghw[N][Loc][3SgPoss][SgPosd]
saaghwani	saaghw[N][Loc][3SgPoss][PlPosd]

quyngit	quyngigh[N][Abs][Unpd][Pl]
quyngit	quyngigh[N][Rel][Unpd][Pl]

ama	ama

tannget	+?

------------------------
Tengagergem pimakanga, "Esgha taakusta Tannget taana quyngiqaat."

tengagergem	+?

pimakanga	pi-@₁~:(i/u)ma[to.have.V-ed][to.have.been.V-ed][V→V]-@*@₂~sf–(g₂)k(a)e[the.one.that.possessor.V-ed][V→N][N][Abs][3SgPoss][SgPosd]
pimakanga	pi-@₁~:(i/u)ma[to.have.V-ed][to.have.been.V-ed][V→V][V][Trns][Ptcp][3Sg][3Sg]
pimakanga	pi-@₁~:(i/u)ma[to.have.V-ed][to.have.been.V-ed][V→V][V][Trns][Cond][3Sg][1Sg]

esgha	+?

taakusta	+?

tannget	+?

taana	taana

quyngiqaat	+?

------------------------


	

------------------------
Meteghlluk neneghmeng taaqluni aanluni ukigumalghii.

meteghlluk	meteghllug[N][Abs][Unpd][Sg]

neneghmeng	negh-@₁–negh[the.act.or.activity.of.V-ing][V→N][N][Rel][4DuPoss][SgPosd]
neneghmeng	negh-@₁–negh[the.act.or.activity.of.V-ing][V→N][N][Rel][4DuPoss][PlPosd]
neneghmeng	negh-@₁–negh[the.act.or.activity.of.V-ing][V→N][N][Rel][4PlPoss][SgPosd]
neneghmeng	negh-@₁–negh[the.act.or.activity.of.V-ing][V→N][N][Rel][4PlPoss][PlPosd]
neneghmeng	negh-@₁–negh[the.act.or.activity.of.V-ing][V→N][N][Abl_Mod][Unpd][Sg]
neneghmeng	negh[V][Intr][Ctmp][4Pl]
neneghmeng	nenegh[N][Rel][4DuPoss][SgPosd]
neneghmeng	nenegh[N][Rel][4DuPoss][PlPosd]
neneghmeng	nenegh[N][Rel][4PlPoss][SgPosd]
neneghmeng	nenegh[N][Rel][4PlPoss][PlPosd]
neneghmeng	nenegh[N][Abl_Mod][Unpd][Sg]

taaqluni	taaqe-te[to.act.on.so.as.to.cause.to.V][V→V][V][Intr][Sbrd][3Sg]
taaqluni	taaqe[V][Intr][Sbrd][3Sg]

aanluni	aane[V][Intr][Sbrd][3Sg]

ukigumalghii	ukig-@₁~:(i/u)ma[to.have.V-ed][to.have.been.V-ed][V→V]-@₁–lghii[the.one.that.V-ed][the.one.that.is.V][V→N][N][Abs][Unpd][Sg]

------------------------
Uuglluni ellmegteggun, pimakanga atani, "Whangkutanguq pikaghput."

uuglluni	+?

ellmegteggun	ellmegteggun

pimakanga	pi-@₁~:(i/u)ma[to.have.V-ed][to.have.been.V-ed][V→V]-@*@₂~sf–(g₂)k(a)e[the.one.that.possessor.V-ed][V→N][N][Abs][3SgPoss][SgPosd]
pimakanga	pi-@₁~:(i/u)ma[to.have.V-ed][to.have.been.V-ed][V→V][V][Trns][Ptcp][3Sg][3Sg]
pimakanga	pi-@₁~:(i/u)ma[to.have.V-ed][to.have.been.V-ed][V→V][V][Trns][Cond][3Sg][1Sg]

atani	ata[N][Abs][4SgPoss][SgPosd]
atani	ata[N][Abs][4SgPoss][PlPosd]
atani	ata[N][Loc][Unpd][Pl]

whangkutanguq	+?

pikaghput	+?

------------------------
Atangita pimakanga, "Naqam tuqutiightek!"

atangita	ata-~:(ng₁)ite**[to.lack.N][to.not.have.N][N→V][V][Intr][Intrg][3Sg]
atangita	ata[N][Rel][3DuPoss][SgPosd]
atangita	ata[N][Rel][3DuPoss][PlPosd]
atangita	ata[N][Rel][3PlPoss][SgPosd]
atangita	ata[N][Rel][3PlPoss][PlPosd]

pimakanga	pi-@₁~:(i/u)ma[to.have.V-ed][to.have.been.V-ed][V→V]-@*@₂~sf–(g₂)k(a)e[the.one.that.possessor.V-ed][V→N][N][Abs][3SgPoss][SgPosd]
pimakanga	pi-@₁~:(i/u)ma[to.have.V-ed][to.have.been.V-ed][V→V][V][Trns][Ptcp][3Sg][3Sg]
pimakanga	pi-@₁~:(i/u)ma[to.have.V-ed][to.have.been.V-ed][V→V][V][Trns][Cond][3Sg][1Sg]

naqam	naqam

tuqutiightek	+?

------------------------
Uyughaqullghiik aanlutek tuqutiighumalghiik.

uyughaqullghiik	uyughagh*-~–ke[to.have.as.one's.N(s)][N→V]-~:(u)te[to.V.for.or.with][to.cause.to.V.as.one.is.V-ing][to.V.toward.each.other][V→V]-te[to.act.on.so.as.to.cause.to.V][V→V]-te[to.act.on.so.as.to.cause.to.V][V→V]-@₁–lghii[the.one.that.V-ed][the.one.that.is.V][V→N][N][Abs][Unpd][Du]
uyughaqullghiik	uyughagh*-~–ke[to.have.as.one's.N(s)][N→V]-~:(u)te[to.V.for.or.with][to.cause.to.V.as.one.is.V-ing][to.V.toward.each.other][V→V]-te[to.act.on.so.as.to.cause.to.V][V→V]-te[to.act.on.so.as.to.cause.to.V][V→V]-@₁–lghii[the.one.that.V-ed][the.one.that.is.V][V→N][N][Rel][Unpd][Du]
uyughaqullghiik	uyughagh*-~–ke[to.have.as.one's.N(s)][N→V]-~:(u)te[to.V.for.or.with][to.cause.to.V.as.one.is.V-ing][to.V.toward.each.other][V→V]-te[to.act.on.so.as.to.cause.to.V][V→V]-te[to.act.on.so.as.to.cause.to.V][V→V][V][Intr][Ptcp][3Du]
uyughaqullghiik	uyughagh*-~–ke[to.have.as.one's.N(s)][N→V]-~:(u)te[to.V.for.or.with][to.cause.to.V.as.one.is.V-ing][to.V.toward.each.other][V→V]-te[to.act.on.so.as.to.cause.to.V][V→V]-@₁–lghii[the.one.that.V-ed][the.one.that.is.V][V→N][N][Abs][Unpd][Du]
uyughaqullghiik	uyughagh*-~–ke[to.have.as.one's.N(s)][N→V]-~:(u)te[to.V.for.or.with][to.cause.to.V.as.one.is.V-ing][to.V.toward.each.other][V→V]-te[to.act.on.so.as.to.cause.to.V][V→V]-@₁–lghii[the.one.that.V-ed][the.one.that.is.V][V→N][N][Rel][Unpd][Du]
uyughaqullghiik	uyughagh*-~–ke[to.have.as.one's.N(s)][N→V]-~:(u)te[to.V.for.or.with][to.cause.to.V.as.one.is.V-ing][to.V.toward.each.other][V→V]-te[to.act.on.so.as.to.cause.to.V][V→V][V][Intr][Ptcp][3Du]
uyughaqullghiik	uyughagh*-~–ke[to.have.as.one's.N(s)][N→V]-~:(u)te[to.V.for.or.with][to.cause.to.V.as.one.is.V-ing][to.V.toward.each.other][V→V]-@₁–lghii[the.one.that.V-ed][the.one.that.is.V][V→N][N][Abs][Unpd][Du]
uyughaqullghiik	uyughagh*-~–ke[to.have.as.one's.N(s)][N→V]-~:(u)te[to.V.for.or.with][to.cause.to.V.as.one.is.V-ing][to.V.toward.each.other][V→V]-@₁–lghii[the.one.that.V-ed][the.one.that.is.V][V→N][N][Rel][Unpd][Du]
uyughaqullghiik	uyughagh*-~–ke[to.have.as.one's.N(s)][N→V]-~:(u)te[to.V.for.or.with][to.cause.to.V.as.one.is.V-ing][to.V.toward.each.other][V→V][V][Intr][Ptcp][3Du]
uyughaqullghiik	uyughagh*-~–ke[to.have.as.one's.N(s)][N→V]-~:(u)te[condition.with.respect.to.V-ing][V→N]-te[to.catch.N][to.go.to.N][N→V]-te[to.act.on.so.as.to.cause.to.V][V→V]-@₁–lghii[the.one.that.V-ed][the.one.that.is.V][V→N][N][Abs][Unpd][Du]
uyughaqullghiik	uyughagh*-~–ke[to.have.as.one's.N(s)][N→V]-~:(u)te[condition.with.respect.to.V-ing][V→N]-te[to.catch.N][to.go.to.N][N→V]-te[to.act.on.so.as.to.cause.to.V][V→V]-@₁–lghii[the.one.that.V-ed][the.one.that.is.V][V→N][N][Rel][Unpd][Du]
uyughaqullghiik	uyughagh*-~–ke[to.have.as.one's.N(s)][N→V]-~:(u)te[condition.with.respect.to.V-ing][V→N]-te[to.catch.N][to.go.to.N][N→V]-te[to.act.on.so.as.to.cause.to.V][V→V][V][Intr][Ptcp][3Du]
uyughaqullghiik	uyughagh*-~–ke[to.have.as.one's.N(s)][N→V]-~:(u)te[condition.with.respect.to.V-ing][V→N]-te[to.catch.N][to.go.to.N][N→V]-@₁–lghii[the.one.that.V-ed][the.one.that.is.V][V→N][N][Abs][Unpd][Du]
uyughaqullghiik	uyughagh*-~–ke[to.have.as.one's.N(s)][N→V]-~:(u)te[condition.with.respect.to.V-ing][V→N]-te[to.catch.N][to.go.to.N][N→V]-@₁–lghii[the.one.that.V-ed][the.one.that.is.V][V→N][N][Rel][Unpd][Du]
uyughaqullghiik	uyughagh*-~–ke[to.have.as.one's.N(s)][N→V]-~:(u)te[condition.with.respect.to.V-ing][V→N]-te[to.catch.N][to.go.to.N][N→V][V][Intr][Ptcp][3Du]
uyughaqullghiik	uyughagh*-~–ke[to.have.as.one's.N(s)][N→V]-~:(u)te[SBJ.V-ed.something][V→V]-te[to.act.on.so.as.to.cause.to.V][V→V]-te[to.act.on.so.as.to.cause.to.V][V→V]-@₁–lghii[the.one.that.V-ed][the.one.that.is.V][V→N][N][Abs][Unpd][Du]
uyughaqullghiik	uyughagh*-~–ke[to.have.as.one's.N(s)][N→V]-~:(u)te[SBJ.V-ed.something][V→V]-te[to.act.on.so.as.to.cause.to.V][V→V]-te[to.act.on.so.as.to.cause.to.V][V→V]-@₁–lghii[the.one.that.V-ed][the.one.that.is.V][V→N][N][Rel][Unpd][Du]
uyughaqullghiik	uyughagh*-~–ke[to.have.as.one's.N(s)][N→V]-~:(u)te[SBJ.V-ed.something][V→V]-te[to.act.on.so.as.to.cause.to.V][V→V]-te[to.act.on.so.as.to.cause.to.V][V→V][V][Intr][Ptcp][3Du]
uyughaqullghiik	uyughagh*-~–ke[to.have.as.one's.N(s)][N→V]-~:(u)te[SBJ.V-ed.something][V→V]-te[to.act.on.so.as.to.cause.to.V][V→V]-@₁–lghii[the.one.that.V-ed][the.one.that.is.V][V→N][N][Abs][Unpd][Du]
uyughaqullghiik	uyughagh*-~–ke[to.have.as.one's.N(s)][N→V]-~:(u)te[SBJ.V-ed.something][V→V]-te[to.act.on.so.as.to.cause.to.V][V→V]-@₁–lghii[the.one.that.V-ed][the.one.that.is.V][V→N][N][Rel][Unpd][Du]
uyughaqullghiik	uyughagh*-~–ke[to.have.as.one's.N(s)][N→V]-~:(u)te[SBJ.V-ed.something][V→V]-te[to.act.on.so.as.to.cause.to.V][V→V][V][Intr][Ptcp][3Du]
uyughaqullghiik	uyughagh*-~–ke[to.have.as.one's.N(s)][N→V]-~:(u)te[SBJ.V-ed.something][V→V]-@₁–lghii[the.one.that.V-ed][the.one.that.is.V][V→N][N][Abs][Unpd][Du]
uyughaqullghiik	uyughagh*-~–ke[to.have.as.one's.N(s)][N→V]-~:(u)te[SBJ.V-ed.something][V→V]-@₁–lghii[the.one.that.V-ed][the.one.that.is.V][V→N][N][Rel][Unpd][Du]
uyughaqullghiik	uyughagh*-~–ke[to.have.as.one's.N(s)][N→V]-~:(u)te[SBJ.V-ed.something][V→V][V][Intr][Ptcp][3Du]

aanlutek	aane[V][Intr][Sbrd][2Du]
aanlutek	aane[V][Intr][Sbrd][3Du]

tuqutiighumalghiik	+?

------------------------
Tuqusimakegket angepaaghrugllagek.

tuqusimakegket	tuqu-~:(u)te[to.V.for.or.with][to.cause.to.V.as.one.is.V-ing][to.V.toward.each.other][V→V]-@₁~:(i/u)ma[to.have.V-ed][to.have.been.V-ed][V→V]-@*@₂~sf–(g₂)k(a)e[the.one.that.possessor.V-ed][V→N][N][Abs][3PlPoss][DuPosd]
tuqusimakegket	tuqu-~:(u)te[SBJ.V-ed.something][V→V]-@₁~:(i/u)ma[to.have.V-ed][to.have.been.V-ed][V→V]-@*@₂~sf–(g₂)k(a)e[the.one.that.possessor.V-ed][V→N][N][Abs][3PlPoss][DuPosd]
tuqusimakegket	tuqu-te[to.act.on.so.as.to.cause.to.V][V→V]-@₁~:(i/u)ma[to.have.V-ed][to.have.been.V-ed][V→V]-@*@₂~sf–(g₂)k(a)e[the.one.that.possessor.V-ed][V→N][N][Abs][3PlPoss][DuPosd]
tuqusimakegket	tuqute-@₁~:(i/u)ma[to.have.V-ed][to.have.been.V-ed][V→V]-@*@₂~sf–(g₂)k(a)e[the.one.that.possessor.V-ed][V→N][N][Abs][3PlPoss][DuPosd]

angepaaghrugllagek	+?

------------------------
Itghulluki neghumakangat.

itghulluki	+?

neghumakangat	negh-@₁~:(i/u)ma[to.have.V-ed][to.have.been.V-ed][V→V]-@*@₂~sf–(g₂)k(a)e[the.one.that.possessor.V-ed][V→N][N][Abs][3PlPoss][SgPosd]
neghumakangat	negh-@₁~:(i/u)ma[to.have.V-ed][to.have.been.V-ed][V→V][V][Trns][Ptcp][3Pl][3Sg]
neghumakangat	neghe-@₁~:(i/u)ma[to.have.V-ed][to.have.been.V-ed][V→V]-@*@₂~sf–(g₂)k(a)e[the.one.that.possessor.V-ed][V→N][N][Abs][3PlPoss][SgPosd]
neghumakangat	neghe-@₁~:(i/u)ma[to.have.V-ed][to.have.been.V-ed][V→V][V][Trns][Ptcp][3Pl][3Sg]

------------------------
Taaqsamek uyughaqullghiik aanumalghiik.

taaqsamek	taaqe-te[to.act.on.so.as.to.cause.to.V][V→V][V][Intr][CnsqI][4Du]
taaqsamek	taaqe[V][Intr][CnsqI][4Du]

uyughaqullghiik	uyughagh*-~–ke[to.have.as.one's.N(s)][N→V]-~:(u)te[to.V.for.or.with][to.cause.to.V.as.one.is.V-ing][to.V.toward.each.other][V→V]-te[to.act.on.so.as.to.cause.to.V][V→V]-te[to.act.on.so.as.to.cause.to.V][V→V]-@₁–lghii[the.one.that.V-ed][the.one.that.is.V][V→N][N][Abs][Unpd][Du]
uyughaqullghiik	uyughagh*-~–ke[to.have.as.one's.N(s)][N→V]-~:(u)te[to.V.for.or.with][to.cause.to.V.as.one.is.V-ing][to.V.toward.each.other][V→V]-te[to.act.on.so.as.to.cause.to.V][V→V]-te[to.act.on.so.as.to.cause.to.V][V→V]-@₁–lghii[the.one.that.V-ed][the.one.that.is.V][V→N][N][Rel][Unpd][Du]
uyughaqullghiik	uyughagh*-~–ke[to.have.as.one's.N(s)][N→V]-~:(u)te[to.V.for.or.with][to.cause.to.V.as.one.is.V-ing][to.V.toward.each.other][V→V]-te[to.act.on.so.as.to.cause.to.V][V→V]-te[to.act.on.so.as.to.cause.to.V][V→V][V][Intr][Ptcp][3Du]
uyughaqullghiik	uyughagh*-~–ke[to.have.as.one's.N(s)][N→V]-~:(u)te[to.V.for.or.with][to.cause.to.V.as.one.is.V-ing][to.V.toward.each.other][V→V]-te[to.act.on.so.as.to.cause.to.V][V→V]-@₁–lghii[the.one.that.V-ed][the.one.that.is.V][V→N][N][Abs][Unpd][Du]
uyughaqullghiik	uyughagh*-~–ke[to.have.as.one's.N(s)][N→V]-~:(u)te[to.V.for.or.with][to.cause.to.V.as.one.is.V-ing][to.V.toward.each.other][V→V]-te[to.act.on.so.as.to.cause.to.V][V→V]-@₁–lghii[the.one.that.V-ed][the.one.that.is.V][V→N][N][Rel][Unpd][Du]
uyughaqullghiik	uyughagh*-~–ke[to.have.as.one's.N(s)][N→V]-~:(u)te[to.V.for.or.with][to.cause.to.V.as.one.is.V-ing][to.V.toward.each.other][V→V]-te[to.act.on.so.as.to.cause.to.V][V→V][V][Intr][Ptcp][3Du]
uyughaqullghiik	uyughagh*-~–ke[to.have.as.one's.N(s)][N→V]-~:(u)te[to.V.for.or.with][to.cause.to.V.as.one.is.V-ing][to.V.toward.each.other][V→V]-@₁–lghii[the.one.that.V-ed][the.one.that.is.V][V→N][N][Abs][Unpd][Du]
uyughaqullghiik	uyughagh*-~–ke[to.have.as.one's.N(s)][N→V]-~:(u)te[to.V.for.or.with][to.cause.to.V.as.one.is.V-ing][to.V.toward.each.other][V→V]-@₁–lghii[the.one.that.V-ed][the.one.that.is.V][V→N][N][Rel][Unpd][Du]
uyughaqullghiik	uyughagh*-~–ke[to.have.as.one's.N(s)][N→V]-~:(u)te[to.V.for.or.with][to.cause.to.V.as.one.is.V-ing][to.V.toward.each.other][V→V][V][Intr][Ptcp][3Du]
uyughaqullghiik	uyughagh*-~–ke[to.have.as.one's.N(s)][N→V]-~:(u)te[condition.with.respect.to.V-ing][V→N]-te[to.catch.N][to.go.to.N][N→V]-te[to.act.on.so.as.to.cause.to.V][V→V]-@₁–lghii[the.one.that.V-ed][the.one.that.is.V][V→N][N][Abs][Unpd][Du]
uyughaqullghiik	uyughagh*-~–ke[to.have.as.one's.N(s)][N→V]-~:(u)te[condition.with.respect.to.V-ing][V→N]-te[to.catch.N][to.go.to.N][N→V]-te[to.act.on.so.as.to.cause.to.V][V→V]-@₁–lghii[the.one.that.V-ed][the.one.that.is.V][V→N][N][Rel][Unpd][Du]
uyughaqullghiik	uyughagh*-~–ke[to.have.as.one's.N(s)][N→V]-~:(u)te[condition.with.respect.to.V-ing][V→N]-te[to.catch.N][to.go.to.N][N→V]-te[to.act.on.so.as.to.cause.to.V][V→V][V][Intr][Ptcp][3Du]
uyughaqullghiik	uyughagh*-~–ke[to.have.as.one's.N(s)][N→V]-~:(u)te[condition.with.respect.to.V-ing][V→N]-te[to.catch.N][to.go.to.N][N→V]-@₁–lghii[the.one.that.V-ed][the.one.that.is.V][V→N][N][Abs][Unpd][Du]
uyughaqullghiik	uyughagh*-~–ke[to.have.as.one's.N(s)][N→V]-~:(u)te[condition.with.respect.to.V-ing][V→N]-te[to.catch.N][to.go.to.N][N→V]-@₁–lghii[the.one.that.V-ed][the.one.that.is.V][V→N][N][Rel][Unpd][Du]
uyughaqullghiik	uyughagh*-~–ke[to.have.as.one's.N(s)][N→V]-~:(u)te[condition.with.respect.to.V-ing][V→N]-te[to.catch.N][to.go.to.N][N→V][V][Intr][Ptcp][3Du]
uyughaqullghiik	uyughagh*-~–ke[to.have.as.one's.N(s)][N→V]-~:(u)te[SBJ.V-ed.something][V→V]-te[to.act.on.so.as.to.cause.to.V][V→V]-te[to.act.on.so.as.to.cause.to.V][V→V]-@₁–lghii[the.one.that.V-ed][the.one.that.is.V][V→N][N][Abs][Unpd][Du]
uyughaqullghiik	uyughagh*-~–ke[to.have.as.one's.N(s)][N→V]-~:(u)te[SBJ.V-ed.something][V→V]-te[to.act.on.so.as.to.cause.to.V][V→V]-te[to.act.on.so.as.to.cause.to.V][V→V]-@₁–lghii[the.one.that.V-ed][the.one.that.is.V][V→N][N][Rel][Unpd][Du]
uyughaqullghiik	uyughagh*-~–ke[to.have.as.one's.N(s)][N→V]-~:(u)te[SBJ.V-ed.something][V→V]-te[to.act.on.so.as.to.cause.to.V][V→V]-te[to.act.on.so.as.to.cause.to.V][V→V][V][Intr][Ptcp][3Du]
uyughaqullghiik	uyughagh*-~–ke[to.have.as.one's.N(s)][N→V]-~:(u)te[SBJ.V-ed.something][V→V]-te[to.act.on.so.as.to.cause.to.V][V→V]-@₁–lghii[the.one.that.V-ed][the.one.that.is.V][V→N][N][Abs][Unpd][Du]
uyughaqullghiik	uyughagh*-~–ke[to.have.as.one's.N(s)][N→V]-~:(u)te[SBJ.V-ed.something][V→V]-te[to.act.on.so.as.to.cause.to.V][V→V]-@₁–lghii[the.one.that.V-ed][the.one.that.is.V][V→N][N][Rel][Unpd][Du]
uyughaqullghiik	uyughagh*-~–ke[to.have.as.one's.N(s)][N→V]-~:(u)te[SBJ.V-ed.something][V→V]-te[to.act.on.so.as.to.cause.to.V][V→V][V][Intr][Ptcp][3Du]
uyughaqullghiik	uyughagh*-~–ke[to.have.as.one's.N(s)][N→V]-~:(u)te[SBJ.V-ed.something][V→V]-@₁–lghii[the.one.that.V-ed][the.one.that.is.V][V→N][N][Abs][Unpd][Du]
uyughaqullghiik	uyughagh*-~–ke[to.have.as.one's.N(s)][N→V]-~:(u)te[SBJ.V-ed.something][V→V]-@₁–lghii[the.one.that.V-ed][the.one.that.is.V][V→N][N][Rel][Unpd][Du]
uyughaqullghiik	uyughagh*-~–ke[to.have.as.one's.N(s)][N→V]-~:(u)te[SBJ.V-ed.something][V→V][V][Intr][Ptcp][3Du]

aanumalghiik	aane-@₁~:(i/u)ma[to.have.V-ed][to.have.been.V-ed][V→V]-@₁–lghii[the.one.that.V-ed][the.one.that.is.V][V→N][N][Abs][Unpd][Du]
aanumalghiik	aane-@₁~:(i/u)ma[to.have.V-ed][to.have.been.V-ed][V→V]-@₁–lghii[the.one.that.V-ed][the.one.that.is.V][V→N][N][Rel][Unpd][Du]
aanumalghiik	aane-@₁~:(i/u)ma[to.have.V-ed][to.have.been.V-ed][V→V][V][Intr][Ptcp][3Du]

------------------------
Aanlutek quyngimi nayughimalghiik.

aanlutek	aane[V][Intr][Sbrd][2Du]
aanlutek	aane[V][Intr][Sbrd][3Du]

quyngimi	quyngigh[N][Loc][Unpd][Sg]
quyngimi	quyngigh[N][Rel][4SgPoss][SgPosd]
quyngimi	quyngigh[N][Rel][4SgPoss][PlPosd]

nayughimalghiik	+?

------------------------
Tannget qemguumalghiit.

tannget	+?

qemguumalghiit	+?

------------------------
Qaghlughimalghiit sughuginaluteng.

qaghlughimalghiit	+?

sughuginaluteng	+?

------------------------
Taaqsameng Tannget ghhataamalghiit.

taaqsameng	taaqe-te[to.act.on.so.as.to.cause.to.V][V→V][V][Intr][CnsqI][4Pl]
taaqsameng	taaqe[V][Intr][CnsqI][4Pl]

tannget	+?

ghhataamalghiit	+?

------------------------
Ivaghimalghiit.

ivaghimalghiit	ivagh-~i[SBJ.V-ed.something][V→V]-@₁~:(i/u)ma[to.have.V-ed][to.have.been.V-ed][V→V]-@₁–lghii[the.one.that.V-ed][the.one.that.is.V][V→N][N][Abs][Unpd][Pl]
ivaghimalghiit	ivagh-~i[SBJ.V-ed.something][V→V]-@₁~:(i/u)ma[to.have.V-ed][to.have.been.V-ed][V→V]-@₁–lghii[the.one.that.V-ed][the.one.that.is.V][V→N][N][Rel][Unpd][Pl]
ivaghimalghiit	ivagh-~i[SBJ.V-ed.something][V→V]-@₁~:(i/u)ma[to.have.V-ed][to.have.been.V-ed][V→V][V][Intr][Ptcp][3Pl]

------------------------
Taawanginaq taananginaghhaq mayiigalkangat.

taawanginaq	+?

taananginaghhaq	+?

mayiigalkangat	+?

------------------------
Umiilek mayuumalghii tumiighaqluni.

umiilek	umiileg[N][Abs][Unpd][Sg]

mayuumalghii	mayugh-@₁~:(i/u)ma[to.have.V-ed][to.have.been.V-ed][V→V]-@₁–lghii[the.one.that.V-ed][the.one.that.is.V][V→N][N][Abs][Unpd][Sg]

tumiighaqluni	+?

------------------------
Uuglluni aglaamalghii.

uuglluni	+?

aglaamalghii	aglagh-@₁~:(i/u)ma[to.have.V-ed][to.have.been.V-ed][V→V]-@₁–lghii[the.one.that.V-ed][the.one.that.is.V][V→N][N][Abs][Unpd][Sg]

------------------------
Umiilgem quyngit esghaghnaqutnginaq liisuqumakangi.

umiilgem	umiileg[N][Rel][Unpd][Sg]

quyngit	quyngigh[N][Abs][Unpd][Pl]
quyngit	quyngigh[N][Rel][Unpd][Pl]

esghaghnaqutnginaq	+?

liisuqumakangi	+?

------------------------
Esghaallutek mekelghiighek uyughaqullghiik atayeng pimakangat, "Aqelqaq qakma!"

esghaallutek	esghaate[V][Intr][Sbrd][2Du]
esghaallutek	esghaate[V][Intr][Sbrd][3Du]
esghaallutek	esghaate[V][Trns][Sbrd][_][2Du]
esghaallutek	esghagh-~:(u)te[to.V.for.or.with][to.cause.to.V.as.one.is.V-ing][to.V.toward.each.other][V→V]-te[to.act.on.so.as.to.cause.to.V][V→V][V][Trns][Sbrd][_][2Du]
esghaallutek	esghagh-~:(u)te[to.V.for.or.with][to.cause.to.V.as.one.is.V-ing][to.V.toward.each.other][V→V][V][Trns][Sbrd][_][2Du]
esghaallutek	esghagh-~:(u)te[condition.with.respect.to.V-ing][V→N]-te[to.catch.N][to.go.to.N][N→V][V][Intr][Sbrd][2Du]
esghaallutek	esghagh-~:(u)te[condition.with.respect.to.V-ing][V→N]-te[to.catch.N][to.go.to.N][N→V][V][Intr][Sbrd][3Du]
esghaallutek	esghagh-~:(u)te[SBJ.V-ed.something][V→V]-te[to.act.on.so.as.to.cause.to.V][V→V][V][Intr][Sbrd][2Du]
esghaallutek	esghagh-~:(u)te[SBJ.V-ed.something][V→V]-te[to.act.on.so.as.to.cause.to.V][V→V][V][Intr][Sbrd][3Du]
esghaallutek	esghagh-~:(u)te[SBJ.V-ed.something][V→V][V][Intr][Sbrd][2Du]
esghaallutek	esghagh-~:(u)te[SBJ.V-ed.something][V→V][V][Intr][Sbrd][3Du]

mekelghiighek	mekelghiigh[N][Abs][Unpd][Du]
mekelghiighek	mekelghiigh[N][Rel][Unpd][Du]

uyughaqullghiik	uyughagh*-~–ke[to.have.as.one's.N(s)][N→V]-~:(u)te[to.V.for.or.with][to.cause.to.V.as.one.is.V-ing][to.V.toward.each.other][V→V]-te[to.act.on.so.as.to.cause.to.V][V→V]-te[to.act.on.so.as.to.cause.to.V][V→V]-@₁–lghii[the.one.that.V-ed][the.one.that.is.V][V→N][N][Abs][Unpd][Du]
uyughaqullghiik	uyughagh*-~–ke[to.have.as.one's.N(s)][N→V]-~:(u)te[to.V.for.or.with][to.cause.to.V.as.one.is.V-ing][to.V.toward.each.other][V→V]-te[to.act.on.so.as.to.cause.to.V][V→V]-te[to.act.on.so.as.to.cause.to.V][V→V]-@₁–lghii[the.one.that.V-ed][the.one.that.is.V][V→N][N][Rel][Unpd][Du]
uyughaqullghiik	uyughagh*-~–ke[to.have.as.one's.N(s)][N→V]-~:(u)te[to.V.for.or.with][to.cause.to.V.as.one.is.V-ing][to.V.toward.each.other][V→V]-te[to.act.on.so.as.to.cause.to.V][V→V]-te[to.act.on.so.as.to.cause.to.V][V→V][V][Intr][Ptcp][3Du]
uyughaqullghiik	uyughagh*-~–ke[to.have.as.one's.N(s)][N→V]-~:(u)te[to.V.for.or.with][to.cause.to.V.as.one.is.V-ing][to.V.toward.each.other][V→V]-te[to.act.on.so.as.to.cause.to.V][V→V]-@₁–lghii[the.one.that.V-ed][the.one.that.is.V][V→N][N][Abs][Unpd][Du]
uyughaqullghiik	uyughagh*-~–ke[to.have.as.one's.N(s)][N→V]-~:(u)te[to.V.for.or.with][to.cause.to.V.as.one.is.V-ing][to.V.toward.each.other][V→V]-te[to.act.on.so.as.to.cause.to.V][V→V]-@₁–lghii[the.one.that.V-ed][the.one.that.is.V][V→N][N][Rel][Unpd][Du]
uyughaqullghiik	uyughagh*-~–ke[to.have.as.one's.N(s)][N→V]-~:(u)te[to.V.for.or.with][to.cause.to.V.as.one.is.V-ing][to.V.toward.each.other][V→V]-te[to.act.on.so.as.to.cause.to.V][V→V][V][Intr][Ptcp][3Du]
uyughaqullghiik	uyughagh*-~–ke[to.have.as.one's.N(s)][N→V]-~:(u)te[to.V.for.or.with][to.cause.to.V.as.one.is.V-ing][to.V.toward.each.other][V→V]-@₁–lghii[the.one.that.V-ed][the.one.that.is.V][V→N][N][Abs][Unpd][Du]
uyughaqullghiik	uyughagh*-~–ke[to.have.as.one's.N(s)][N→V]-~:(u)te[to.V.for.or.with][to.cause.to.V.as.one.is.V-ing][to.V.toward.each.other][V→V]-@₁–lghii[the.one.that.V-ed][the.one.that.is.V][V→N][N][Rel][Unpd][Du]
uyughaqullghiik	uyughagh*-~–ke[to.have.as.one's.N(s)][N→V]-~:(u)te[to.V.for.or.with][to.cause.to.V.as.one.is.V-ing][to.V.toward.each.other][V→V][V][Intr][Ptcp][3Du]
uyughaqullghiik	uyughagh*-~–ke[to.have.as.one's.N(s)][N→V]-~:(u)te[condition.with.respect.to.V-ing][V→N]-te[to.catch.N][to.go.to.N][N→V]-te[to.act.on.so.as.to.cause.to.V][V→V]-@₁–lghii[the.one.that.V-ed][the.one.that.is.V][V→N][N][Abs][Unpd][Du]
uyughaqullghiik	uyughagh*-~–ke[to.have.as.one's.N(s)][N→V]-~:(u)te[condition.with.respect.to.V-ing][V→N]-te[to.catch.N][to.go.to.N][N→V]-te[to.act.on.so.as.to.cause.to.V][V→V]-@₁–lghii[the.one.that.V-ed][the.one.that.is.V][V→N][N][Rel][Unpd][Du]
uyughaqullghiik	uyughagh*-~–ke[to.have.as.one's.N(s)][N→V]-~:(u)te[condition.with.respect.to.V-ing][V→N]-te[to.catch.N][to.go.to.N][N→V]-te[to.act.on.so.as.to.cause.to.V][V→V][V][Intr][Ptcp][3Du]
uyughaqullghiik	uyughagh*-~–ke[to.have.as.one's.N(s)][N→V]-~:(u)te[condition.with.respect.to.V-ing][V→N]-te[to.catch.N][to.go.to.N][N→V]-@₁–lghii[the.one.that.V-ed][the.one.that.is.V][V→N][N][Abs][Unpd][Du]
uyughaqullghiik	uyughagh*-~–ke[to.have.as.one's.N(s)][N→V]-~:(u)te[condition.with.respect.to.V-ing][V→N]-te[to.catch.N][to.go.to.N][N→V]-@₁–lghii[the.one.that.V-ed][the.one.that.is.V][V→N][N][Rel][Unpd][Du]
uyughaqullghiik	uyughagh*-~–ke[to.have.as.one's.N(s)][N→V]-~:(u)te[condition.with.respect.to.V-ing][V→N]-te[to.catch.N][to.go.to.N][N→V][V][Intr][Ptcp][3Du]
uyughaqullghiik	uyughagh*-~–ke[to.have.as.one's.N(s)][N→V]-~:(u)te[SBJ.V-ed.something][V→V]-te[to.act.on.so.as.to.cause.to.V][V→V]-te[to.act.on.so.as.to.cause.to.V][V→V]-@₁–lghii[the.one.that.V-ed][the.one.that.is.V][V→N][N][Abs][Unpd][Du]
uyughaqullghiik	uyughagh*-~–ke[to.have.as.one's.N(s)][N→V]-~:(u)te[SBJ.V-ed.something][V→V]-te[to.act.on.so.as.to.cause.to.V][V→V]-te[to.act.on.so.as.to.cause.to.V][V→V]-@₁–lghii[the.one.that.V-ed][the.one.that.is.V][V→N][N][Rel][Unpd][Du]
uyughaqullghiik	uyughagh*-~–ke[to.have.as.one's.N(s)][N→V]-~:(u)te[SBJ.V-ed.something][V→V]-te[to.act.on.so.as.to.cause.to.V][V→V]-te[to.act.on.so.as.to.cause.to.V][V→V][V][Intr][Ptcp][3Du]
uyughaqullghiik	uyughagh*-~–ke[to.have.as.one's.N(s)][N→V]-~:(u)te[SBJ.V-ed.something][V→V]-te[to.act.on.so.as.to.cause.to.V][V→V]-@₁–lghii[the.one.that.V-ed][the.one.that.is.V][V→N][N][Abs][Unpd][Du]
uyughaqullghiik	uyughagh*-~–ke[to.have.as.one's.N(s)][N→V]-~:(u)te[SBJ.V-ed.something][V→V]-te[to.act.on.so.as.to.cause.to.V][V→V]-@₁–lghii[the.one.that.V-ed][the.one.that.is.V][V→N][N][Rel][Unpd][Du]
uyughaqullghiik	uyughagh*-~–ke[to.have.as.one's.N(s)][N→V]-~:(u)te[SBJ.V-ed.something][V→V]-te[to.act.on.so.as.to.cause.to.V][V→V][V][Intr][Ptcp][3Du]
uyughaqullghiik	uyughagh*-~–ke[to.have.as.one's.N(s)][N→V]-~:(u)te[SBJ.V-ed.something][V→V]-@₁–lghii[the.one.that.V-ed][the.one.that.is.V][V→N][N][Abs][Unpd][Du]
uyughaqullghiik	uyughagh*-~–ke[to.have.as.one's.N(s)][N→V]-~:(u)te[SBJ.V-ed.something][V→V]-@₁–lghii[the.one.that.V-ed][the.one.that.is.V][V→N][N][Rel][Unpd][Du]
uyughaqullghiik	uyughagh*-~–ke[to.have.as.one's.N(s)][N→V]-~:(u)te[SBJ.V-ed.something][V→V][V][Intr][Ptcp][3Du]

atayeng	ata[N][Abs][4PlPoss][SgPosd]

pimakangat	pi-@₁~:(i/u)ma[to.have.V-ed][to.have.been.V-ed][V→V]-@*@₂~sf–(g₂)k(a)e[the.one.that.possessor.V-ed][V→N][N][Abs][3PlPoss][SgPosd]
pimakangat	pi-@₁~:(i/u)ma[to.have.V-ed][to.have.been.V-ed][V→V][V][Trns][Ptcp][3Pl][3Sg]

aqelqaq	aqelqagh[N][Abs][Unpd][Sg]

qakma	qakma

------------------------
"Weni iitghesqiiteggu!"

weni	+?

iitghesqiiteggu	+?

------------------------
Aanyag'ta Tannget umiilgita aapsimakangi, "Saam una quyngiqagu?"

aanyagta	+?

tannget	+?

umiilgita	umiileg-~:(ng₁)ite**[to.lack.N][to.not.have.N][N→V][V][Intr][Intrg][3Sg]
umiilgita	umiileg[N][Rel][3DuPoss][SgPosd]
umiilgita	umiileg[N][Rel][3DuPoss][PlPosd]
umiilgita	umiileg[N][Rel][3PlPoss][SgPosd]
umiilgita	umiileg[N][Rel][3PlPoss][PlPosd]

aapsimakangi	aapte-@₁~:(i/u)ma[to.have.V-ed][to.have.been.V-ed][V→V]-@*@₂~sf–(g₂)k(a)e[the.one.that.possessor.V-ed][V→N][N][Abs][3SgPoss][PlPosd]
aapsimakangi	aapte-@₁~:(i/u)ma[to.have.V-ed][to.have.been.V-ed][V→V][V][Trns][Ptcp][3Sg][3Pl]

saam	saam[N][Abs][Unpd][Sg]

una	una
una	una[N][Abs][Unpd][Sg]

quyngiqagu	+?

------------------------
"Whangkuta!"

whangkuta	whangkuta

------------------------
Alla aaplaataamakangi, "Waniwanllu, esghaataghtaqiten quyngimeng?"

alla	alla
alla	alla[N][Abs][Unpd][Sg]

aaplaataamakangi	aapte-@₁~laatagh[to.V.anyway][despite.everything.to.still.V][V→V]-@₁~:(i/u)ma[to.have.V-ed][to.have.been.V-ed][V→V]-@*@₂~sf–(g₂)k(a)e[the.one.that.possessor.V-ed][V→N][N][Abs][3SgPoss][PlPosd]
aaplaataamakangi	aapte-@₁~laatagh[to.V.anyway][despite.everything.to.still.V][V→V]-@₁~:(i/u)ma[to.have.V-ed][to.have.been.V-ed][V→V][V][Trns][Ptcp][3Sg][3Pl]

waniwanllu	+?

esghaataghtaqiten	+?

quyngimeng	quyngigh[N][Rel][4DuPoss][SgPosd]
quyngimeng	quyngigh[N][Rel][4DuPoss][PlPosd]
quyngimeng	quyngigh[N][Rel][4PlPoss][SgPosd]
quyngimeng	quyngigh[N][Rel][4PlPoss][PlPosd]
quyngimeng	quyngigh[N][Abl_Mod][Unpd][Sg]

------------------------
"Waniwanllu!"

waniwanllu	+?

------------------------


	

------------------------
Tannget aga qiivluteng ukigyalghiimeng aga quyngighteng ukigusiimakangat qamagaghlluku.

tannget	+?

aga	aga

qiivluteng	+?

ukigyalghiimeng	ukig-@₁~fyagh[to.go.V-ing][to.V.in.vain][V→V]-@₁–lghii[the.one.that.V-ed][the.one.that.is.V][V→N][N][Rel][4DuPoss][SgPosd]
ukigyalghiimeng	ukig-@₁~fyagh[to.go.V-ing][to.V.in.vain][V→V]-@₁–lghii[the.one.that.V-ed][the.one.that.is.V][V→N][N][Rel][4DuPoss][PlPosd]
ukigyalghiimeng	ukig-@₁~fyagh[to.go.V-ing][to.V.in.vain][V→V]-@₁–lghii[the.one.that.V-ed][the.one.that.is.V][V→N][N][Rel][4PlPoss][SgPosd]
ukigyalghiimeng	ukig-@₁~fyagh[to.go.V-ing][to.V.in.vain][V→V]-@₁–lghii[the.one.that.V-ed][the.one.that.is.V][V→N][N][Rel][4PlPoss][PlPosd]
ukigyalghiimeng	ukig-@₁~fyagh[to.go.V-ing][to.V.in.vain][V→V]-@₁–lghii[the.one.that.V-ed][the.one.that.is.V][V→N][N][Abl_Mod][Unpd][Sg]
ukigyalghiimeng	ukig[V][Intr][Ptcp_Obl][4Pl]

aga	aga

quyngighteng	quyngigh[N][Abs][4PlPoss][SgPosd]

ukigusiimakangat	+?

qamagaghlluku	+?

------------------------
Taawanginaq ellngita quyngigket siipsimalghiik.

taawanginaq	+?

ellngita	ellngit[N][Abs][3SgPoss][SgPosd]

quyngigket	quyngigh[N][Abs][3PlPoss][DuPosd]

siipsimalghiik	+?

------------------------
Mekelghiighek taakuk amigughimalghiik iwernga paninang ukigusimakangi.

mekelghiighek	mekelghiigh[N][Abs][Unpd][Du]
mekelghiighek	mekelghiigh[N][Rel][Unpd][Du]

taakuk	taake[V][Intr][Ind][3Du]

amigughimalghiik	+?

iwernga	iwernga

paninang	+?

ukigusimakangi	ukig-~:(u)te[to.V.for.or.with][to.cause.to.V.as.one.is.V-ing][to.V.toward.each.other][V→V]-@₁~:(i/u)ma[to.have.V-ed][to.have.been.V-ed][V→V]-@*@₂~sf–(g₂)k(a)e[the.one.that.possessor.V-ed][V→N][N][Abs][3SgPoss][PlPosd]
ukigusimakangi	ukig-~:(u)te[SBJ.V-ed.something][V→V]-@₁~:(i/u)ma[to.have.V-ed][to.have.been.V-ed][V→V]-@*@₂~sf–(g₂)k(a)e[the.one.that.possessor.V-ed][V→N][N][Abs][3SgPoss][PlPosd]

------------------------
Uyuqliq iitghaghlluni ilagaamalghii.

uyuqliq	uyuqligh*[N][Abs][Unpd][Sg]

iitghaghlluni	+?

ilagaamalghii	ilagagh-@₁~:(i/u)ma[to.have.V-ed][to.have.been.V-ed][V→V]-@₁–lghii[the.one.that.V-ed][the.one.that.is.V][V→N][N][Abs][Unpd][Sg]

------------------------
Qukaghsamigu atghaghaataghaamalghii.

qukaghsamigu	+?

atghaghaataghaamalghii	+?

------------------------
Atghaghaataghluni anuqa tuqluumakanga qanigpagtuumaghmi umegneghtuumaan.

atghaghaataghluni	+?

anuqa	+?

tuqluumakanga	tuqlugh-@₁~:(i/u)ma[to.have.V-ed][to.have.been.V-ed][V→V]-@*@₂~sf–(g₂)k(a)e[the.one.that.possessor.V-ed][V→N][N][Abs][3SgPoss][SgPosd]
tuqluumakanga	tuqlugh-@₁~:(i/u)ma[to.have.V-ed][to.have.been.V-ed][V→V][V][Trns][Ptcp][3Sg][3Sg]
tuqluumakanga	tuqlugh-@₁~:(i/u)ma[to.have.V-ed][to.have.been.V-ed][V→V][V][Trns][Cond][3Sg][1Sg]

qanigpagtuumaghmi	qanigpag-tugh[to.eat.N][to.use.N][N→V]-@₁~:(i/u)magh*[while.V-ing][V→V][Quant_Qual][4Sg]
qanigpagtuumaghmi	qanigpag-tuumagh*[together.with.one's.Ns][N→V][Quant_Qual][4Sg]

umegneghtuumaan	umegnegh-tugh[to.eat.N][to.use.N][N→V]-@₁~:(i/u)magh*[while.V-ing][V→V][Quant_Qual][3Sg]
umegneghtuumaan	umegnegh-tuumagh*[together.with.one's.Ns][N→V][Quant_Qual][3Sg]

------------------------
Tannget naqam umegneghughsagu quyngiteng sighunghitgun qepumakangit.

tannget	+?

naqam	naqam

umegneghughsagu	+?

quyngiteng	quyngigh[N][Abs][4PlPoss][PlPosd]

sighunghitgun	+?

qepumakangit	+?

------------------------
Mekelghiighem Quurkelim ighneghan taana quyngiq mayuusimakanga naaygham nangaghutellghanun.

mekelghiighem	mekelghiigh[N][Rel][Unpd][Sg]

quurkelim	+?

ighneghan	ighnegh[N][Rel][3SgPoss][SgPosd]
ighneghan	ighnegh[N][Rel][3SgPoss][PlPosd]
ighneghan	ighneghagh[N][Abs][2SgPoss][SgPosd]

taana	taana

quyngiq	quyngigh[N][Abs][Unpd][Sg]

mayuusimakanga	mayugh-~:(u)te[to.V.for.or.with][to.cause.to.V.as.one.is.V-ing][to.V.toward.each.other][V→V]-@₁~:(i/u)ma[to.have.V-ed][to.have.been.V-ed][V→V]-@*@₂~sf–(g₂)k(a)e[the.one.that.possessor.V-ed][V→N][N][Abs][3SgPoss][SgPosd]
mayuusimakanga	mayugh-~:(u)te[to.V.for.or.with][to.cause.to.V.as.one.is.V-ing][to.V.toward.each.other][V→V]-@₁~:(i/u)ma[to.have.V-ed][to.have.been.V-ed][V→V][V][Trns][Ptcp][3Sg][3Sg]
mayuusimakanga	mayugh-~:(u)te[to.V.for.or.with][to.cause.to.V.as.one.is.V-ing][to.V.toward.each.other][V→V]-@₁~:(i/u)ma[to.have.V-ed][to.have.been.V-ed][V→V][V][Trns][Cond][3Sg][1Sg]
mayuusimakanga	mayugh-~:(u)te[SBJ.V-ed.something][V→V]-@₁~:(i/u)ma[to.have.V-ed][to.have.been.V-ed][V→V]-@*@₂~sf–(g₂)k(a)e[the.one.that.possessor.V-ed][V→N][N][Abs][3SgPoss][SgPosd]

naaygham	Naayghagh[N][Rel][Unpd][Sg]
naaygham	naayghagh[N][Rel][Unpd][Sg]

nangaghutellghanun	+?

------------------------
Uuggusamigu tuqluumakanga anuqa umegneghtuumaan qanigilnguq.

uuggusamigu	+?

tuqluumakanga	tuqlugh-@₁~:(i/u)ma[to.have.V-ed][to.have.been.V-ed][V→V]-@*@₂~sf–(g₂)k(a)e[the.one.that.possessor.V-ed][V→N][N][Abs][3SgPoss][SgPosd]
tuqluumakanga	tuqlugh-@₁~:(i/u)ma[to.have.V-ed][to.have.been.V-ed][V→V][V][Trns][Ptcp][3Sg][3Sg]
tuqluumakanga	tuqlugh-@₁~:(i/u)ma[to.have.V-ed][to.have.been.V-ed][V→V][V][Trns][Cond][3Sg][1Sg]

anuqa	+?

umegneghtuumaan	umegnegh-tugh[to.eat.N][to.use.N][N→V]-@₁~:(i/u)magh*[while.V-ing][V→V][Quant_Qual][3Sg]
umegneghtuumaan	umegnegh-tuumagh*[together.with.one's.Ns][N→V][Quant_Qual][3Sg]

qanigilnguq	qanig-~:(ng₁)ite**[to.lack.N][to.not.have.N][N→V]-@*ngugh*[the.one.that.V-ed][the.one.that.is.V][V→N][N][Abs][Unpd][Sg]
qanigilnguq	qanig-~:(ng₁)ite**[to.lack.N][to.not.have.N][N→V][V][Intr][Ptcp][3Sg]
qanigilnguq	qanig-~:(ng₁)ite**[to.lack.N][to.not.have.N][N→V][V][Intr][Ptcp][3Du]

------------------------
Anuqlighyaqenni taana nangaghtelleq anigu suupumakanga.

anuqlighyaqenni	+?

taana	taana

nangaghtelleq	+?

anigu	anigu[N][Abs][Unpd][Sg]

suupumakanga	+?

------------------------
Tannget umiilgita ilagaghluni taana naayghaq kaavesimakanga.

tannget	+?

umiilgita	umiileg-~:(ng₁)ite**[to.lack.N][to.not.have.N][N→V][V][Intr][Intrg][3Sg]
umiilgita	umiileg[N][Rel][3DuPoss][SgPosd]
umiilgita	umiileg[N][Rel][3DuPoss][PlPosd]
umiilgita	umiileg[N][Rel][3PlPoss][SgPosd]
umiilgita	umiileg[N][Rel][3PlPoss][PlPosd]

ilagaghluni	ilagagh[V][Intr][Sbrd][3Sg]

taana	taana

naayghaq	Naayghagh[N][Abs][Unpd][Sg]
naayghaq	naayghagh[N][Abs][Unpd][Sg]

kaavesimakanga	+?

------------------------
Kaavyan quynighteng veghsimakangat.

kaavyan	+?

quynighteng	+?

veghsimakangat	+?

------------------------
Veghhneghmeng taaqsamigu taana naayghaq naallghutesimakanga nekegneghatun.

veghhneghmeng	+?

taaqsamigu	+?

taana	taana

naayghaq	Naayghagh[N][Abs][Unpd][Sg]
naayghaq	naayghagh[N][Abs][Unpd][Sg]

naallghutesimakanga	naallghute-te[to.act.on.so.as.to.cause.to.V][V→V]-@₁~:(i/u)ma[to.have.V-ed][to.have.been.V-ed][V→V]-@*@₂~sf–(g₂)k(a)e[the.one.that.possessor.V-ed][V→N][N][Abs][3SgPoss][SgPosd]
naallghutesimakanga	naallghute-te[to.act.on.so.as.to.cause.to.V][V→V]-@₁~:(i/u)ma[to.have.V-ed][to.have.been.V-ed][V→V][V][Trns][Ptcp][3Sg][3Sg]
naallghutesimakanga	naallghute-te[to.act.on.so.as.to.cause.to.V][V→V]-@₁~:(i/u)ma[to.have.V-ed][to.have.been.V-ed][V→V][V][Trns][Cond][3Sg][1Sg]

nekegneghatun	nekegneghagh[N][Equ][Unpd][Sg]

------------------------
Ima Quurkelinkut avangiisimalghiit quyngiighusimalghiit.

ima	ima

quurkelinkut	+?

avangiisimalghiit	+?

quyngiighusimalghiit	+?

------------------------
Quurkeli ungipaasimakangat, "Quyngighput aga ukigusimaat!"

quurkeli	+?

ungipaasimakangat	ungipaate-@₁~:(i/u)ma[to.have.V-ed][to.have.been.V-ed][V→V]-@*@₂~sf–(g₂)k(a)e[the.one.that.possessor.V-ed][V→N][N][Abs][3PlPoss][SgPosd]
ungipaasimakangat	ungipaate-@₁~:(i/u)ma[to.have.V-ed][to.have.been.V-ed][V→V][V][Trns][Ptcp][3Pl][3Sg]
ungipaasimakangat	ungipagh-~:(ng₁)u[to.be.N][N→V]-~:(u)te[to.V.for.or.with][to.cause.to.V.as.one.is.V-ing][to.V.toward.each.other][V→V]-@₁~:(i/u)ma[to.have.V-ed][to.have.been.V-ed][V→V]-@*@₂~sf–(g₂)k(a)e[the.one.that.possessor.V-ed][V→N][N][Abs][3PlPoss][SgPosd]
ungipaasimakangat	ungipagh-~:(ng₁)u[to.be.N][N→V]-~:(u)te[SBJ.V-ed.something][V→V]-@₁~:(i/u)ma[to.have.V-ed][to.have.been.V-ed][V→V]-@*@₂~sf–(g₂)k(a)e[the.one.that.possessor.V-ed][V→N][N][Abs][3PlPoss][SgPosd]
ungipaasimakangat	ungipagh-~:(ng₁)u[to.be.N][N→V]-te[to.act.on.so.as.to.cause.to.V][V→V]-@₁~:(i/u)ma[to.have.V-ed][to.have.been.V-ed][V→V]-@*@₂~sf–(g₂)k(a)e[the.one.that.possessor.V-ed][V→N][N][Abs][3PlPoss][SgPosd]
ungipaasimakangat	Ungipagh-~:(ng₁)u[to.be.N][N→V]-~:(u)te[to.V.for.or.with][to.cause.to.V.as.one.is.V-ing][to.V.toward.each.other][V→V]-@₁~:(i/u)ma[to.have.V-ed][to.have.been.V-ed][V→V]-@*@₂~sf–(g₂)k(a)e[the.one.that.possessor.V-ed][V→N][N][Abs][3PlPoss][SgPosd]
ungipaasimakangat	Ungipagh-~:(ng₁)u[to.be.N][N→V]-~:(u)te[SBJ.V-ed.something][V→V]-@₁~:(i/u)ma[to.have.V-ed][to.have.been.V-ed][V→V]-@*@₂~sf–(g₂)k(a)e[the.one.that.possessor.V-ed][V→N][N][Abs][3PlPoss][SgPosd]
ungipaasimakangat	Ungipagh-~:(ng₁)u[to.be.N][N→V]-te[to.act.on.so.as.to.cause.to.V][V→V]-@₁~:(i/u)ma[to.have.V-ed][to.have.been.V-ed][V→V]-@*@₂~sf–(g₂)k(a)e[the.one.that.possessor.V-ed][V→N][N][Abs][3PlPoss][SgPosd]

quyngighput	quyngigh[N][Abs][1PlPoss][SgPosd]

aga	aga

ukigusimaat	ukig-~:(u)te[to.V.for.or.with][to.cause.to.V.as.one.is.V-ing][to.V.toward.each.other][V→V]-@₁~:(i/u)ma[to.have.V-ed][to.have.been.V-ed][V→V][V][Intr][Intrg][3Pl]
ukigusimaat	ukig-~:(u)te[to.V.for.or.with][to.cause.to.V.as.one.is.V-ing][to.V.toward.each.other][V→V]-@₁~:(i/u)ma[to.have.V-ed][to.have.been.V-ed][V→V][V][Intr][Ind][3Pl]
ukigusimaat	ukig-~:(u)te[SBJ.V-ed.something][V→V]-@₁~:(i/u)ma[to.have.V-ed][to.have.been.V-ed][V→V][V][Intr][Intrg][3Pl]
ukigusimaat	ukig-~:(u)te[SBJ.V-ed.something][V→V]-@₁~:(i/u)ma[to.have.V-ed][to.have.been.V-ed][V→V][V][Intr][Ind][3Pl]

------------------------


	

------------------------
Quurkeli nuugluni Tengagergen Kiyaghneq tuqluumakanga.

quurkeli	+?

nuugluni	+?

tengagergen	+?

kiyaghneq	kiyaghnegh[N][Abs][Unpd][Sg]

tuqluumakanga	tuqlugh-@₁~:(i/u)ma[to.have.V-ed][to.have.been.V-ed][V→V]-@*@₂~sf–(g₂)k(a)e[the.one.that.possessor.V-ed][V→N][N][Abs][3SgPoss][SgPosd]
tuqluumakanga	tuqlugh-@₁~:(i/u)ma[to.have.V-ed][to.have.been.V-ed][V→V][V][Trns][Ptcp][3Sg][3Sg]
tuqluumakanga	tuqlugh-@₁~:(i/u)ma[to.have.V-ed][to.have.been.V-ed][V→V][V][Trns][Cond][3Sg][1Sg]

------------------------
Ukigumalghii.

ukigumalghii	ukig-@₁~:(i/u)ma[to.have.V-ed][to.have.been.V-ed][V→V]-@₁–lghii[the.one.that.V-ed][the.one.that.is.V][V→N][N][Abs][Unpd][Sg]

------------------------
Quurkelim pimakaanga, "Saamkut sama quyngighput ellngita pinaqaat.

quurkelim	+?

pimakaanga	pi-@₁~:(i/u)ma[to.have.V-ed][to.have.been.V-ed][V→V]-~sf–(g₃)kau[to.have.V-ed][to.have.been.V-ed][V→V][V][Trns][Opt][PRS][2Sg][1Sg]
pimakaanga	pi-@₁~:(i/u)ma[to.have.V-ed][to.have.been.V-ed][V→V]-@₂~fkau[to.have.V-ed][to.have.been.V-ed][V→V][V][Trns][Opt][PRS][2Sg][1Sg]

saamkut	saamkut

sama	sa-@₁~:(i/u)ma[to.have.V-ed][to.have.been.V-ed][V→V][V][Intr][Opt][PRS][2Sg]
sama	sa[N][Rel][1SgPoss][SgPosd]
sama	sa[N][Rel][1SgPoss][PlPosd]
sama	sama

quyngighput	quyngigh[N][Abs][1PlPoss][SgPosd]

ellngita	ellngit[N][Abs][3SgPoss][SgPosd]

pinaqaat	pi-@₁~fnaqe[to.be.going.to.V][V→V][V][Trns][Ind][3Pl][3Sg]
pinaqaat	pi-~:(u)te[to.V.for.or.with][to.cause.to.V.as.one.is.V-ing][to.V.toward.each.other][V→V]-@₁~fnaqe[to.be.going.to.V][V→V][V][Trns][Ind][3Pl][3Sg]

------------------------
Kayusiqaghkut."

kayusiqaghkut	+?

------------------------
"Kayusighnaanghitamsi.

kayusighnaanghitamsi	kayusigh-@₁~fnaanghite[will.not.V][V→V][V][Trns][Ind][1Du][2Pl]
kayusighnaanghitamsi	kayusigh-@₁~fnaanghite[will.not.V][V→V][V][Trns][Ind][1Pl][2Pl]
kayusighnaanghitamsi	kayusigh-@₁~fnaanghite[will.not.V][V→V][V][Trns][Ind][1Sg][2Pl]

------------------------
Tawaten pinghitamsi elpenun quyngiqniluku!"

tawaten	tawaten

pinghitamsi	pi-@₁–nghite**[to.not.V][V→V][V][Trns][Ind][1Du][2Pl]
pinghitamsi	pi-@₁–nghite**[to.not.V][V→V][V][Trns][Ind][1Pl][2Pl]
pinghitamsi	pi-@₁–nghite**[to.not.V][V→V][V][Trns][Ind][1Sg][2Pl]

elpenun	elpenun

quyngiqniluku	quyngigh-~–ke[to.have.as.one's.N(s)][N→V]-te[to.act.on.so.as.to.cause.to.V][V→V]-te[to.act.on.so.as.to.cause.to.V][V→V]-@₁~fni[to.say.that.one.is.V-ing][Cmpd_Vbl]-~:(u)te[to.V.for.or.with][to.cause.to.V.as.one.is.V-ing][to.V.toward.each.other][V→V][V][Trns][Sbrd][_][3Sg]
quyngiqniluku	quyngigh-~–ke[to.have.as.one's.N(s)][N→V]-te[to.act.on.so.as.to.cause.to.V][V→V]-te[to.act.on.so.as.to.cause.to.V][V→V]-@₁~fni[to.say.that.one.is.V-ing][Cmpd_Vbl][V][Trns][Sbrd][_][3Sg]
quyngiqniluku	quyngigh-~–ke[to.have.as.one's.N(s)][N→V]-te[to.act.on.so.as.to.cause.to.V][V→V]-@₁~fni[to.say.that.one.is.V-ing][Cmpd_Vbl]-~:(u)te[to.V.for.or.with][to.cause.to.V.as.one.is.V-ing][to.V.toward.each.other][V→V][V][Trns][Sbrd][_][3Sg]
quyngiqniluku	quyngigh-~–ke[to.have.as.one's.N(s)][N→V]-te[to.act.on.so.as.to.cause.to.V][V→V]-@₁~fni[to.say.that.one.is.V-ing][Cmpd_Vbl][V][Trns][Sbrd][_][3Sg]
quyngiqniluku	quyngigh-~–ke[to.have.as.one's.N(s)][N→V]-@₁~fni[to.say.that.one.is.V-ing][Cmpd_Vbl]-~:(u)te[to.V.for.or.with][to.cause.to.V.as.one.is.V-ing][to.V.toward.each.other][V→V][V][Trns][Sbrd][_][3Sg]
quyngiqniluku	quyngigh-~–ke[to.have.as.one's.N(s)][N→V]-@₁~fni[to.say.that.one.is.V-ing][Cmpd_Vbl][V][Trns][Sbrd][_][3Sg]

------------------------
Aga ima mayuumalghii.

aga	aga

ima	ima

mayuumalghii	mayugh-@₁~:(i/u)ma[to.have.V-ed][to.have.been.V-ed][V→V]-@₁–lghii[the.one.that.V-ed][the.one.that.is.V][V→N][N][Abs][Unpd][Sg]

------------------------
Legan Quurkeli pilugugtuq.

legan	legan

quurkeli	+?

pilugugtuq	pilugug[V][Intr][Ind][3Sg]
pilugugtuq	pilugug-te[to.act.on.so.as.to.cause.to.V][V→V][V][Intr][Ind][3Sg]
pilugugtuq	pilugug-te[to.catch.N][to.go.to.N][N→V][V][Intr][Ind][3Sg]

------------------------
Ukigumalghii.

ukigumalghii	ukig-@₁~:(i/u)ma[to.have.V-ed][to.have.been.V-ed][V→V]-@₁–lghii[the.one.that.V-ed][the.one.that.is.V][V→N][N][Abs][Unpd][Sg]

------------------------


	

------------------------
Taawa yugtuftut.

taawa	taawa

yugtuftut	+?

------------------------
Umiilgem llilasimakangat piigiisqelluku.

umiilgem	umiileg[N][Rel][Unpd][Sg]

llilasimakangat	+?

piigiisqelluku	+?

------------------------
Llaaghanwha piiguqaqumakangat iwernga tuqutegpenaan.

llaaghanwha	+?

piiguqaqumakangat	+?

iwernga	iwernga

tuqutegpenaan	tuqute-@₁–nghite**[to.not.V][V→V][V][Trns][Sbrd][_][3Sg]

------------------------
Legan taaqsatni taghnughhaq qavalghii puvugyaqenni tuqulluku.

legan	legan

taaqsatni	+?

taghnughhaq	taghnughhagh*[N][Abs][Unpd][Sg]

qavalghii	qavagh-@₁–lghii[the.one.that.V-ed][the.one.that.is.V][V→N][N][Abs][Unpd][Sg]

puvugyaqenni	+?

tuqulluku	tuqute[V][Trns][Sbrd][_][3Sg]

------------------------
Umiilgem esghaghluku tuqulghii taghnughhani Quurkeli pimakanga, "Ilagaa maamestigu."

umiilgem	umiileg[N][Rel][Unpd][Sg]

esghaghluku	esghagh[V][Trns][Sbrd][_][3Sg]

tuqulghii	tuqu-@₁–lghii[the.one.that.V-ed][the.one.that.is.V][V→N][N][Abs][Unpd][Sg]

taghnughhani	taghnughhagh*[N][Abs][4SgPoss][SgPosd]
taghnughhani	taghnughhagh*[N][Abs][4SgPoss][PlPosd]

quurkeli	+?

pimakanga	pi-@₁~:(i/u)ma[to.have.V-ed][to.have.been.V-ed][V→V]-@*@₂~sf–(g₂)k(a)e[the.one.that.possessor.V-ed][V→N][N][Abs][3SgPoss][SgPosd]
pimakanga	pi-@₁~:(i/u)ma[to.have.V-ed][to.have.been.V-ed][V→V][V][Trns][Ptcp][3Sg][3Sg]
pimakanga	pi-@₁~:(i/u)ma[to.have.V-ed][to.have.been.V-ed][V→V][V][Trns][Cond][3Sg][1Sg]

ilagaa	ilagagh[V][Intr][Opt][PRS][2Sg]

maamestigu	+?

------------------------
"Pinaanghitunga."

pinaanghitunga	pi-@₁~fnaanghite[will.not.V][V→V][V][Intr][Ind][1Sg]
pinaanghitunga	pi-~:(u)te[to.V.for.or.with][to.cause.to.V.as.one.is.V-ing][to.V.toward.each.other][V→V]-@₁~fnaanghite[will.not.V][V→V][V][Intr][Ind][1Sg]
pinaanghitunga	pi-~:(u)te[SBJ.V-ed.something][V→V]-@₁~fnaanghite[will.not.V][V→V][V][Intr][Ind][1Sg]

------------------------
"Tuqutinnayaghamken."

tuqutinnayaghamken	+?

------------------------
"Wetku quyngighsi avegluku tagivaqufsigu taawa unguvaghlleqaqa."

wetku	+?

quyngighsi	quyngigh[N][Abs][2PlPoss][SgPosd]

avegluku	aveg[V][Trns][Sbrd][_][3Sg]

tagivaqufsigu	+?

taawa	taawa

unguvaghlleqaqa	+?

------------------------
Pimakangat, "Yeghrat tawaatesigatut alignaghngaaghmeng!"

pimakangat	pi-@₁~:(i/u)ma[to.have.V-ed][to.have.been.V-ed][V→V]-@*@₂~sf–(g₂)k(a)e[the.one.that.possessor.V-ed][V→N][N][Abs][3PlPoss][SgPosd]
pimakangat	pi-@₁~:(i/u)ma[to.have.V-ed][to.have.been.V-ed][V→V][V][Trns][Ptcp][3Pl][3Sg]

yeghrat	+?

tawaatesigatut	+?

alignaghngaaghmeng	+?

------------------------
Quurkeli aangghumalghii.

quurkeli	+?

aangghumalghii	+?

------------------------
"Aaaa, naqam ilagaghlanga."

aaaa	+?

naqam	naqam

ilagaghlanga	ilagagh[V][Intr][Opt][PRS][1Sg]

------------------------
Ilagaamalghii.

ilagaamalghii	ilagagh-@₁~:(i/u)ma[to.have.V-ed][to.have.been.V-ed][V→V]-@₁–lghii[the.one.that.V-ed][the.one.that.is.V][V→N][N][Abs][Unpd][Sg]

------------------------
Ilagaghluni atghaghaataghaamalghii.

ilagaghluni	ilagagh[V][Intr][Sbrd][3Sg]

atghaghaataghaamalghii	+?

------------------------
Atghaghaataghluni mayuumalghii.

atghaghaataghluni	+?

mayuumalghii	mayugh-@₁~:(i/u)ma[to.have.V-ed][to.have.been.V-ed][V→V]-@₁–lghii[the.one.that.V-ed][the.one.that.is.V][V→N][N][Abs][Unpd][Sg]

------------------------


	

------------------------
Mayughluni iitghumalghii.

mayughluni	mayugh[V][Intr][Sbrd][3Sg]

iitghumalghii	itegh-@₁~:(i/u)ma[to.have.V-ed][to.have.been.V-ed][V→V]-@₁–lghii[the.one.that.V-ed][the.one.that.is.V][V→N][N][Abs][Unpd][Sg]

------------------------
Iteghluni ighneni pimakanga, "Sama quyngimatiinkut."

iteghluni	itegh[V][Intr][Sbrd][3Sg]

ighneni	ighnegh[N][Abs][4SgPoss][SgPosd]
ighneni	ighnegh[N][Abs][4SgPoss][PlPosd]

pimakanga	pi-@₁~:(i/u)ma[to.have.V-ed][to.have.been.V-ed][V→V]-@*@₂~sf–(g₂)k(a)e[the.one.that.possessor.V-ed][V→N][N][Abs][3SgPoss][SgPosd]
pimakanga	pi-@₁~:(i/u)ma[to.have.V-ed][to.have.been.V-ed][V→V][V][Trns][Ptcp][3Sg][3Sg]
pimakanga	pi-@₁~:(i/u)ma[to.have.V-ed][to.have.been.V-ed][V→V][V][Trns][Cond][3Sg][1Sg]

sama	sa-@₁~:(i/u)ma[to.have.V-ed][to.have.been.V-ed][V→V][V][Intr][Opt][PRS][2Sg]
sama	sa[N][Rel][1SgPoss][SgPosd]
sama	sa[N][Rel][1SgPoss][PlPosd]
sama	sama

quyngimatiinkut	+?

------------------------
Aanlutek ukiglutek esghaghyaqeseng quyngiq avegluni ayuqeftuq palaghhaq ilanga, ilanga uglalghii.

aanlutek	aane[V][Intr][Sbrd][2Du]
aanlutek	aane[V][Intr][Sbrd][3Du]

ukiglutek	ukig[V][Intr][Sbrd][2Du]
ukiglutek	ukig[V][Intr][Sbrd][3Du]

esghaghyaqeseng	+?

quyngiq	quyngigh[N][Abs][Unpd][Sg]

avegluni	aveg[V][Intr][Sbrd][3Sg]

ayuqeftuq	+?

palaghhaq	palaghhaq[N][Abs][Unpd][Sg]

ilanga	ila[N][Abs][3SgPoss][SgPosd]

ilanga	ila[N][Abs][3SgPoss][SgPosd]

uglalghii	uglagh-@₁–lghii[the.one.that.V-ed][the.one.that.is.V][V→N][N][Abs][Unpd][Sg]

------------------------
Uyuqliim pimakanga nuyekliq, "Uglallgha tugulteggu!"

uyuqliim	uyuqligh*[N][Rel][Unpd][Sg]

pimakanga	pi-@₁~:(i/u)ma[to.have.V-ed][to.have.been.V-ed][V→V]-@*@₂~sf–(g₂)k(a)e[the.one.that.possessor.V-ed][V→N][N][Abs][3SgPoss][SgPosd]
pimakanga	pi-@₁~:(i/u)ma[to.have.V-ed][to.have.been.V-ed][V→V][V][Trns][Ptcp][3Sg][3Sg]
pimakanga	pi-@₁~:(i/u)ma[to.have.V-ed][to.have.been.V-ed][V→V][V][Trns][Cond][3Sg][1Sg]

nuyekliq	nuyekligh[N][Abs][Unpd][Sg]

uglallgha	+?

tugulteggu	tugu[V][Trns][Opt][PRS][1Pl][3Sg]

------------------------
Aangghumalghii.

aangghumalghii	+?

------------------------
Naqam paghqiteftut.

naqam	naqam

paghqiteftut	+?

------------------------
Yugiteftuq.

yugiteftuq	yu(u)g-~:(ng₁)ite**[to.lack.N][to.not.have.N][N→V]-(pete)fte[to.evidently.V][to.have.V-ed][V→V][V][Intr][Ind][3Sg]
yugiteftuq	yug-~:(ng₁)ite**[to.lack.N][to.not.have.N][N→V]-(pete)fte[to.evidently.V][to.have.V-ed][V→V][V][Intr][Ind][3Sg]

------------------------
Legan mayuusimakangat.

legan	legan

mayuusimakangat	mayugh-~:(u)te[to.V.for.or.with][to.cause.to.V.as.one.is.V-ing][to.V.toward.each.other][V→V]-@₁~:(i/u)ma[to.have.V-ed][to.have.been.V-ed][V→V]-@*@₂~sf–(g₂)k(a)e[the.one.that.possessor.V-ed][V→N][N][Abs][3PlPoss][SgPosd]
mayuusimakangat	mayugh-~:(u)te[to.V.for.or.with][to.cause.to.V.as.one.is.V-ing][to.V.toward.each.other][V→V]-@₁~:(i/u)ma[to.have.V-ed][to.have.been.V-ed][V→V][V][Trns][Ptcp][3Pl][3Sg]
mayuusimakangat	mayugh-~:(u)te[SBJ.V-ed.something][V→V]-@₁~:(i/u)ma[to.have.V-ed][to.have.been.V-ed][V→V]-@*@₂~sf–(g₂)k(a)e[the.one.that.possessor.V-ed][V→N][N][Abs][3PlPoss][SgPosd]

------------------------
Mayuumaluki umiilgem ighneghan malighqaamakangi.

mayuumaluki	mayugh-@₁~:(i/u)ma[to.have.V-ed][to.have.been.V-ed][V→V]-~:(u)te[to.V.for.or.with][to.cause.to.V.as.one.is.V-ing][to.V.toward.each.other][V→V][V][Trns][Sbrd][_][3Pl]
mayuumaluki	mayugh-@₁~:(i/u)ma[to.have.V-ed][to.have.been.V-ed][V→V][V][Trns][Sbrd][_][3Pl]

umiilgem	umiileg[N][Rel][Unpd][Sg]

ighneghan	ighnegh[N][Rel][3SgPoss][SgPosd]
ighneghan	ighnegh[N][Rel][3SgPoss][PlPosd]
ighneghan	ighneghagh[N][Abs][2SgPoss][SgPosd]

malighqaamakangi	+?

------------------------
Meteghllugek utaqamakangat.

meteghllugek	meteghllug[N][Abs][Unpd][Du]
meteghllugek	meteghllug[N][Rel][Unpd][Du]

utaqamakangat	utaqa-@₁~:(i/u)ma[to.have.V-ed][to.have.been.V-ed][V→V]-@*@₂~sf–(g₂)k(a)e[the.one.that.possessor.V-ed][V→N][N][Abs][3PlPoss][SgPosd]
utaqamakangat	utaqa-@₁~:(i/u)ma[to.have.V-ed][to.have.been.V-ed][V→V][V][Trns][Ptcp][3Pl][3Sg]

------------------------
Kaasan tuqusimakangat.

kaasan	kaate[V][Intr][CnsqI][3Sg]

tuqusimakangat	tuqu-~:(u)te[to.V.for.or.with][to.cause.to.V.as.one.is.V-ing][to.V.toward.each.other][V→V]-@₁~:(i/u)ma[to.have.V-ed][to.have.been.V-ed][V→V]-@*@₂~sf–(g₂)k(a)e[the.one.that.possessor.V-ed][V→N][N][Abs][3PlPoss][SgPosd]
tuqusimakangat	tuqu-~:(u)te[SBJ.V-ed.something][V→V]-@₁~:(i/u)ma[to.have.V-ed][to.have.been.V-ed][V→V]-@*@₂~sf–(g₂)k(a)e[the.one.that.possessor.V-ed][V→N][N][Abs][3PlPoss][SgPosd]
tuqusimakangat	tuqu-te[to.act.on.so.as.to.cause.to.V][V→V]-@₁~:(i/u)ma[to.have.V-ed][to.have.been.V-ed][V→V]-@*@₂~sf–(g₂)k(a)e[the.one.that.possessor.V-ed][V→N][N][Abs][3PlPoss][SgPosd]
tuqusimakangat	tuqute-@₁~:(i/u)ma[to.have.V-ed][to.have.been.V-ed][V→V]-@*@₂~sf–(g₂)k(a)e[the.one.that.possessor.V-ed][V→N][N][Abs][3PlPoss][SgPosd]
tuqusimakangat	tuqute-@₁~:(i/u)ma[to.have.V-ed][to.have.been.V-ed][V→V][V][Trns][Ptcp][3Pl][3Sg]

------------------------


	

------------------------
Umiilgem esghaghluku ighneni tuqulghii yuni pimakangi, "Aagkuk wayaghtekek!"

umiilgem	umiileg[N][Rel][Unpd][Sg]

esghaghluku	esghagh[V][Trns][Sbrd][_][3Sg]

ighneni	ighnegh[N][Abs][4SgPoss][SgPosd]
ighneni	ighnegh[N][Abs][4SgPoss][PlPosd]

tuqulghii	tuqu-@₁–lghii[the.one.that.V-ed][the.one.that.is.V][V→N][N][Abs][Unpd][Sg]

yuni	yu(u)g[N][Abs][4SgPoss][SgPosd]
yuni	yu(u)g[N][Abs][4SgPoss][PlPosd]
yuni	yug[N][Abs][4SgPoss][SgPosd]
yuni	yug[N][Abs][4SgPoss][PlPosd]

pimakangi	pi-@₁~:(i/u)ma[to.have.V-ed][to.have.been.V-ed][V→V]-@*@₂~sf–(g₂)k(a)e[the.one.that.possessor.V-ed][V→N][N][Abs][3SgPoss][PlPosd]
pimakangi	pi-@₁~:(i/u)ma[to.have.V-ed][to.have.been.V-ed][V→V][V][Trns][Ptcp][3Sg][3Pl]

aagkuk	+?

wayaghtekek	wayagh-te[to.catch.N][to.go.to.N][N→V]-@*@₂~sf–(g₂)k(a)e[the.one.that.possessor.V-ed][V→N][N][Abs][Unpd][Du]
wayaghtekek	wayagh-te[to.catch.N][to.go.to.N][N→V]-@*@₂~sf–(g₂)k(a)e[the.one.that.possessor.V-ed][V→N][N][Rel][Unpd][Du]

------------------------
Llaaghanwha kaalluki wayaghluki quyngiteng piigughtamakangat tuqutegpenaki.

llaaghanwha	+?

kaalluki	kaate[V][Trns][Sbrd][_][3Pl]

wayaghluki	+?

quyngiteng	quyngigh[N][Abs][4PlPoss][PlPosd]

piigughtamakangat	+?

tuqutegpenaki	tuqute-@₁–nghite**[to.not.V][V→V][V][Trns][Sbrd][_][3Pl]

------------------------
Naqam anuqliimakanga umegneghughsimalghii qevuulluni.

naqam	naqam

anuqliimakanga	anuqligh-@₁~:(i/u)ma[to.have.V-ed][to.have.been.V-ed][V→V]-@*@₂~sf–(g₂)k(a)e[the.one.that.possessor.V-ed][V→N][N][Abs][3SgPoss][SgPosd]

umegneghughsimalghii	+?

qevuulluni	qevuute[V][Intr][Sbrd][3Sg]

------------------------
Mayughnaqsalghiimek aghtuumalghiik.

mayughnaqsalghiimek	mayugh-@₁~fnaqe[to.be.going.to.V][V→V]-te[to.act.on.so.as.to.cause.to.V][V→V]-te[to.act.on.so.as.to.cause.to.V][V→V][V][Intr][Ptcp_Obl][4Du]
mayughnaqsalghiimek	mayugh-@₁~fnaqe[to.be.going.to.V][V→V]-te[to.act.on.so.as.to.cause.to.V][V→V][V][Intr][Ptcp_Obl][4Du]
mayughnaqsalghiimek	mayugh-@₁~fnaqe[to.be.going.to.V][V→V][V][Intr][Ptcp_Obl][4Du]

aghtuumalghiik	aghtugh-@₁~:(i/u)ma[to.have.V-ed][to.have.been.V-ed][V→V]-@₁–lghii[the.one.that.V-ed][the.one.that.is.V][V→N][N][Abs][Unpd][Du]
aghtuumalghiik	aghtugh-@₁~:(i/u)ma[to.have.V-ed][to.have.been.V-ed][V→V]-@₁–lghii[the.one.that.V-ed][the.one.that.is.V][V→N][N][Rel][Unpd][Du]
aghtuumalghiik	aghtugh-@₁~:(i/u)ma[to.have.V-ed][to.have.been.V-ed][V→V][V][Intr][Ptcp][3Du]

------------------------
Mayuneghmegni, nagneghaqelghiik amavek naaygham awatanganun mengteghaghteng naghughlluku.

mayuneghmegni	+?

nagneghaqelghiik	+?

amavek	amavek

naaygham	Naayghagh[N][Rel][Unpd][Sg]
naaygham	naayghagh[N][Rel][Unpd][Sg]

awatanganun	awata[N][Ter][3SgPoss][SgPosd]
awatanganun	awata[N][Ter][3SgPoss][PlPosd]

mengteghaghteng	mengteghagh[N][Abs][4PlPoss][SgPosd]

naghughlluku	+?

------------------------
Tawaten kiyaghsimalghiik.

tawaten	tawaten

kiyaghsimalghiik	kiyaghte-@₁~:(i/u)ma[to.have.V-ed][to.have.been.V-ed][V→V]-@₁–lghii[the.one.that.V-ed][the.one.that.is.V][V→N][N][Abs][Unpd][Du]
kiyaghsimalghiik	kiyaghte-@₁~:(i/u)ma[to.have.V-ed][to.have.been.V-ed][V→V]-@₁–lghii[the.one.that.V-ed][the.one.that.is.V][V→N][N][Rel][Unpd][Du]
kiyaghsimalghiik	kiyaghte-@₁~:(i/u)ma[to.have.V-ed][to.have.been.V-ed][V→V][V][Intr][Ptcp][3Du]

------------------------
Ivganeghmegni nagneghaqluteng.

ivganeghmegni	+?

nagneghaqluteng	+?

------------------------
Iwemga pegnem uugsimalghiik.

iwemga	+?

pegnem	+?

uugsimalghiik	+?

------------------------
Nuyekliim atanillu uyughanillu pimakangek, "Yeghrat elpesineng naafqestaghpesinga!"

nuyekliim	+?

atanillu	ata[N][Abs][4SgPoss][SgPosd]-llu[Encl]
atanillu	ata[N][Abs][4SgPoss][PlPosd]-llu[Encl]
atanillu	ata[N][Loc][Unpd][Pl]-llu[Encl]

uyughanillu	uyughagh*[N][Abs][4SgPoss][SgPosd]-llu[Encl]
uyughanillu	uyughagh*[N][Abs][4SgPoss][PlPosd]-llu[Encl]

pimakangek	+?

yeghrat	+?

elpesineng	+?

naafqestaghpesinga	+?

------------------------
Llaaghanwha nuyekliq tuqumalghii.

llaaghanwha	+?

nuyekliq	nuyekligh[N][Abs][Unpd][Sg]

tuqumalghii	tuqu-@₁~:(i/u)ma[to.have.V-ed][to.have.been.V-ed][V→V]-@₁–lghii[the.one.that.V-ed][the.one.that.is.V][V→N][N][Abs][Unpd][Sg]

------------------------


	

------------------------
Qamagtuq.

qamagtuq	qamagte[V][Intr][Ind][3Sg]

------------------------
Tefaay!

tefaay	+?

------------------------
