Ukamangaan

﻿ukamangaan	+?

------------------------


	

------------------------
Iimnanguq Ungazighmiit Sivuqamun atghaamalghiit.

iimnanguq	iimnangugh[N][Abs][Unpd][Sg]

ungazighmiit	Ungazighmii(t)[N][Abs][1PlPoss][SgPosd]
ungazighmiit	Ungazighmii(t)[N][Abs][Unpd][Pl]
ungazighmiit	Ungazighmii(t)[N][Rel][Unpd][Pl]
ungazighmiit	Ungazigh-mii[resident.of.N][N→N][N][Abs][Unpd][Pl]
ungazighmiit	Ungazigh-mii[resident.of.N][N→N][N][Rel][Unpd][Pl]

sivuqamun	Sivuqagh[N][Ter][Unpd][Sg]

atghaamalghiit	atghagh-@₁~:(i/u)ma[to.have.V-ed][to.have.been.V-ed][V→V]-@₁–lghii[the.one.that.V-ed][the.one.that.is.V][V→N][N][Abs][Unpd][Pl]
atghaamalghiit	atghagh-@₁~:(i/u)ma[to.have.V-ed][to.have.been.V-ed][V→V]-@₁–lghii[the.one.that.V-ed][the.one.that.is.V][V→N][N][Rel][Unpd][Pl]
atghaamalghiit	atghagh-@₁~:(i/u)ma[to.have.V-ed][to.have.been.V-ed][V→V][V][Intr][Ptcp][3Pl]

------------------------
Ilameng Sivuqaghmiit taghnughhaghqiit wayaamaqegket maalghuknayakullghiik.

ilameng	ila[N][Rel][4DuPoss][SgPosd]
ilameng	ila[N][Rel][4DuPoss][PlPosd]
ilameng	ila[N][Rel][4PlPoss][SgPosd]
ilameng	ila[N][Rel][4PlPoss][PlPosd]
ilameng	ila[N][Abl_Mod][Unpd][Sg]

sivuqaghmiit	Sivuqagh-mii[resident.of.N][N→N][N][Abs][Unpd][Pl]
sivuqaghmiit	Sivuqagh-mii[resident.of.N][N→N][N][Rel][Unpd][Pl]

taghnughhaghqiit	+?

wayaamaqegket	+?

maalghuknayakullghiik	+?

------------------------
Aglaasimakegket Ungazimun.

aglaasimakegket	aglagh-~:(u)te[to.V.for.or.with][to.cause.to.V.as.one.is.V-ing][to.V.toward.each.other][V→V]-@₁~:(i/u)ma[to.have.V-ed][to.have.been.V-ed][V→V]-@*@₂~sf–(g₂)k(a)e[the.one.that.possessor.V-ed][V→N][N][Abs][3PlPoss][DuPosd]
aglaasimakegket	aglagh-~:(u)te[SBJ.V-ed.something][V→V]-@₁~:(i/u)ma[to.have.V-ed][to.have.been.V-ed][V→V]-@*@₂~sf–(g₂)k(a)e[the.one.that.possessor.V-ed][V→N][N][Abs][3PlPoss][DuPosd]

ungazimun	Ungazigh[N][Ter][Unpd][Sg]

------------------------
Mekelghiighhaam aatgha Kaanghu, uyuqlighpigaq.

mekelghiighhaam	mekelghiigh-–ghhagh*[dear.N][N→N][N][Rel][Unpd][Sg]

aatgha	ategh[N][Abs][3SgPoss][SgPosd]
aatgha	Ategh[N][Abs][3SgPoss][SgPosd]

kaanghu	+?

uyuqlighpigaq	+?

------------------------
Aghnaghaghllagem aatgha Ukamangaan.

aghnaghaghllagem	aghnaghagh*-–ghllag[big.N][N→N][N][Rel][Unpd][Sg]

aatgha	ategh[N][Abs][3SgPoss][SgPosd]
aatgha	Ategh[N][Abs][3SgPoss][SgPosd]

ukamangaan	+?

------------------------
Aghnaghaghllak ugighyaghqastun angkaliikaq.

aghnaghaghllak	aghnaghagh*-–ghllag[big.N][N→N][N][Abs][Unpd][Sg]

ugighyaghqastun	+?

angkaliikaq	+?

------------------------
Ungazimun kaalluteng maalghugegneng qavaamalghiit.

ungazimun	Ungazigh[N][Ter][Unpd][Sg]

kaalluteng	kaate[V][Intr][Sbrd][3Pl]

maalghugegneng	maalghug[N][Abl_Mod][Unpd][Du]

qavaamalghiit	qavagh-@₁~:(i/u)ma[to.have.V-ed][to.have.been.V-ed][V→V]-@₁–lghii[the.one.that.V-ed][the.one.that.is.V][V→N][N][Abs][Unpd][Pl]
qavaamalghiit	qavagh-@₁~:(i/u)ma[to.have.V-ed][to.have.been.V-ed][V→V]-@₁–lghii[the.one.that.V-ed][the.one.that.is.V][V→N][N][Rel][Unpd][Pl]
qavaamalghiit	qavagh-@₁~:(i/u)ma[to.have.V-ed][to.have.been.V-ed][V→V][V][Intr][Ptcp][3Pl]
qavaamalghiit	qavagh-~:(ng₁)u[to.be.N][N→V]-@₁~:(i/u)ma[to.have.V-ed][to.have.been.V-ed][V→V]-@₁–lghii[the.one.that.V-ed][the.one.that.is.V][V→N][N][Abs][Unpd][Pl]
qavaamalghiit	qavagh-~:(ng₁)u[to.be.N][N→V]-@₁~:(i/u)ma[to.have.V-ed][to.have.been.V-ed][V→V]-@₁–lghii[the.one.that.V-ed][the.one.that.is.V][V→N][N][Rel][Unpd][Pl]
qavaamalghiit	qavagh-~:(ng₁)u[to.be.N][N→V]-@₁~:(i/u)ma[to.have.V-ed][to.have.been.V-ed][V→V][V][Intr][Ptcp][3Pl]

------------------------


	

------------------------
Aqimalghiit Uvingemun1 taghnughhaak tuunyaghtuumakegket quyngilegnun.

aqimalghiit	+?

uvingemun1	+?

taghnughhaak	taghnughhagh*[N][Abs][Unpd][Du]
taghnughhaak	taghnughhagh*[N][Abs][3DuPoss][SgPosd]
taghnughhaak	taghnughhagh*[N][Rel][Unpd][Du]

tuunyaghtuumakegket	tuune-@₁~fyaghtugh[to.be.about.to.V][to.go.somewhere.to.V]-@₁~:(i/u)ma[to.have.V-ed][to.have.been.V-ed][V→V]-@*@₂~sf–(g₂)k(a)e[the.one.that.possessor.V-ed][V→N][N][Abs][3PlPoss][DuPosd]

quyngilegnun	quyngigh-–leg[one.having.N][N→N][N][Ter][Unpd][Pl]

------------------------
Kaasameng Uvingemun esghaamakangit Quyillegllaget.

kaasameng	kaate[V][Intr][CnsqI][4Pl]

uvingemun	+?

esghaamakangit	esghagh-@₁~:(i/u)ma[to.have.V-ed][to.have.been.V-ed][V→V]-@*@₂~sf–(g₂)k(a)e[the.one.that.possessor.V-ed][V→N][N][Abs][3PlPoss][PlPosd]
esghaamakangit	esghagh-@₁~:(i/u)ma[to.have.V-ed][to.have.been.V-ed][V→V][V][Trns][Ptcp][3Du][3Sg]
esghaamakangit	esghagh-@₁~:(i/u)ma[to.have.V-ed][to.have.been.V-ed][V→V][V][Trns][Ptcp][3Pl][3Pl]

quyillegllaget	Quyilleg-–ghllag[big.N][N→N][N][Abs][Unpd][Pl]
quyillegllaget	Quyilleg-–ghllag[big.N][N→N][N][Rel][Unpd][Pl]

------------------------
Aapsimakangi Quyillgem, "Sangafsi tagistek?"

aapsimakangi	aapte-@₁~:(i/u)ma[to.have.V-ed][to.have.been.V-ed][V→V]-@*@₂~sf–(g₂)k(a)e[the.one.that.possessor.V-ed][V→N][N][Abs][3SgPoss][PlPosd]
aapsimakangi	aapte-@₁~:(i/u)ma[to.have.V-ed][to.have.been.V-ed][V→V][V][Trns][Ptcp][3Sg][3Pl]

quyillgem	Quyilleg[N][Rel][Unpd][Sg]

sangafsi	sa[V][Intr][CnsqI][2Pl]

tagistek	tagi-(te)ste[to.have.make.or.let.one.V][Cmpd_Vbl]-te[to.act.on.so.as.to.cause.to.V][V→V][V][Intr][Opt][PRS][2Du]
tagistek	tagi-(te)ste[to.have.make.or.let.one.V][Cmpd_Vbl]-te[to.act.on.so.as.to.cause.to.V][V→V][V][Intr][Opt][PRS][2Pl]
tagistek	tagi-(te)ste[to.have.make.or.let.one.V][Cmpd_Vbl][V][Intr][Opt][PRS][2Du]
tagistek	tagi-(te)ste[to.have.make.or.let.one.V][Cmpd_Vbl][V][Intr][Opt][PRS][2Pl]
tagistek	tagi[V][Intr][Intrg][2Du]

------------------------
Akisimakangat Ungazighmiit, "Whangkuta tagiikut inqunamen taghnughhaak tukfiisqellukek quyngimeng."

akisimakangat	aki-te[to.catch.N][to.go.to.N][N→V]-@₁~:(i/u)ma[to.have.V-ed][to.have.been.V-ed][V→V]-@*@₂~sf–(g₂)k(a)e[the.one.that.possessor.V-ed][V→N][N][Abs][3PlPoss][SgPosd]
akisimakangat	akite-@₁~:(i/u)ma[to.have.V-ed][to.have.been.V-ed][V→V]-@*@₂~sf–(g₂)k(a)e[the.one.that.possessor.V-ed][V→N][N][Abs][3PlPoss][SgPosd]
akisimakangat	akite-@₁~:(i/u)ma[to.have.V-ed][to.have.been.V-ed][V→V][V][Trns][Ptcp][3Pl][3Sg]

ungazighmiit	Ungazighmii(t)[N][Abs][1PlPoss][SgPosd]
ungazighmiit	Ungazighmii(t)[N][Abs][Unpd][Pl]
ungazighmiit	Ungazighmii(t)[N][Rel][Unpd][Pl]
ungazighmiit	Ungazigh-mii[resident.of.N][N→N][N][Abs][Unpd][Pl]
ungazighmiit	Ungazigh-mii[resident.of.N][N→N][N][Rel][Unpd][Pl]

whangkuta	whangkuta

tagiikut	tagi[V][Intr][Ind][1Pl]

inqunamen	+?

taghnughhaak	taghnughhagh*[N][Abs][Unpd][Du]
taghnughhaak	taghnughhagh*[N][Abs][3DuPoss][SgPosd]
taghnughhaak	taghnughhagh*[N][Rel][Unpd][Du]

tukfiisqellukek	tukfigh-~sf:isqe[to.ask.or.tell.one.to.V][Cmpd_Vbl]-te[to.act.on.so.as.to.cause.to.V][V→V]-te[to.act.on.so.as.to.cause.to.V][V→V][V][Trns][Sbrd][_][3Du]
tukfiisqellukek	tukfigh-~sf:isqe[to.ask.or.tell.one.to.V][Cmpd_Vbl]-te[to.act.on.so.as.to.cause.to.V][V→V][V][Trns][Sbrd][_][3Du]

quyngimeng	quyngigh[N][Rel][4DuPoss][SgPosd]
quyngimeng	quyngigh[N][Rel][4DuPoss][PlPosd]
quyngimeng	quyngigh[N][Rel][4PlPoss][SgPosd]
quyngimeng	quyngigh[N][Rel][4PlPoss][PlPosd]
quyngimeng	quyngigh[N][Abl_Mod][Unpd][Sg]

------------------------
Quyillek sumeghtaghaamalghii, "Naqam ighnelek aangelghiimeng."

quyillek	Quyilleg[N][Abs][Unpd][Sg]

sumeghtaghaamalghii	sumeghtaghagh-@₁~:(i/u)ma[to.have.V-ed][to.have.been.V-ed][V→V]-@₁–lghii[the.one.that.V-ed][the.one.that.is.V][V→N][N][Abs][Unpd][Sg]

naqam	naqam

ighnelek	ighnegh-–leg[one.having.N][N→N][N][Abs][Unpd][Sg]

aangelghiimeng	aange-@₁–lghii[the.one.that.V-ed][the.one.that.is.V][V→N][N][Rel][4DuPoss][SgPosd]
aangelghiimeng	aange-@₁–lghii[the.one.that.V-ed][the.one.that.is.V][V→N][N][Rel][4DuPoss][PlPosd]
aangelghiimeng	aange-@₁–lghii[the.one.that.V-ed][the.one.that.is.V][V→N][N][Rel][4PlPoss][SgPosd]
aangelghiimeng	aange-@₁–lghii[the.one.that.V-ed][the.one.that.is.V][V→N][N][Rel][4PlPoss][PlPosd]
aangelghiimeng	aange-@₁–lghii[the.one.that.V-ed][the.one.that.is.V][V→N][N][Abl_Mod][Unpd][Sg]

------------------------
Pimakanga, "Itupilqun ighneqa nulightughyaquni yuginakaghnayaghamsi quyngimeng."

pimakanga	pi-@₁~:(i/u)ma[to.have.V-ed][to.have.been.V-ed][V→V]-@*@₂~sf–(g₂)k(a)e[the.one.that.possessor.V-ed][V→N][N][Abs][3SgPoss][SgPosd]
pimakanga	pi-@₁~:(i/u)ma[to.have.V-ed][to.have.been.V-ed][V→V][V][Trns][Ptcp][3Sg][3Sg]
pimakanga	pi-@₁~:(i/u)ma[to.have.V-ed][to.have.been.V-ed][V→V][V][Trns][Cond][3Sg][1Sg]

itupilqun	+?

ighneqa	ighnegh-~–ke[to.have.as.one's.N(s)][N→V][V][Intr][Intrg][3Sg]
ighneqa	ighnegh[N][Abs][1SgPoss][SgPosd]

nulightughyaquni	nulighh-tugh[to.eat.N][to.use.N][N→V]-@₁~fyagh[to.go.V-ing][to.V.in.vain][V→V][V][Intr][Cond][4Sg]

yuginakaghnayaghamsi	+?

quyngimeng	quyngigh[N][Rel][4DuPoss][SgPosd]
quyngimeng	quyngigh[N][Rel][4DuPoss][PlPosd]
quyngimeng	quyngigh[N][Rel][4PlPoss][SgPosd]
quyngimeng	quyngigh[N][Rel][4PlPoss][PlPosd]
quyngimeng	quyngigh[N][Abl_Mod][Unpd][Sg]

------------------------
Llaaghanwha tuunaqaat Ukamangaan aghnaghaghllak.

llaaghanwha	+?

tuunaqaat	tuune-~(g₁)aqe[to.be.V.ing][to.regularly.or.repeatedly.V][V→V][V][Trns][Ind][3Pl][3Sg]

ukamangaan	+?

aghnaghaghllak	aghnaghagh*-–ghllag[big.N][N→N][N][Abs][Unpd][Sg]

------------------------
Kaanghu tuunenghitaat mekelghiighhaq.

kaanghu	+?

tuunenghitaat	tuune-@₁–nghite**[to.not.V][V→V][V][Trns][Ind][3Pl][3Sg]

mekelghiighhaq	mekelghiigh-–ghhagh*[dear.N][N→N][N][Abs][Unpd][Sg]

------------------------
Uteghsimalghii Ungazimun.

uteghsimalghii	+?

ungazimun	Ungazigh[N][Ter][Unpd][Sg]

------------------------
Ukamangaan ugiightuq Quyillegmun Uvingeghmiimeng.

ukamangaan	+?

ugiightuq	+?

quyillegmun	Quyilleg[N][Ter][Unpd][Sg]

uvingeghmiimeng	+?

------------------------
Uginga yuukegtepiglleghhii ama sukatepiglleghhii ama iknaqepiglleghhii.

uginga	ugi[N][Abs][3SgPoss][SgPosd]

yuukegtepiglleghhii	+?

ama	ama

sukatepiglleghhii	sukate*-–pigte[to.be.very.V][to.V.very.much][V→V]-te[to.act.on.so.as.to.cause.to.V][V→V]-@₁–lghii[the.one.that.V-ed][the.one.that.is.V][V→N][N][Abs][Unpd][Sg]
sukatepiglleghhii	sukate*-–pigte[to.be.very.V][to.V.very.much][V→V]-@₁–lghii[the.one.that.V-ed][the.one.that.is.V][V→N][N][Abs][Unpd][Sg]

ama	ama

iknaqepiglleghhii	iknaqe-–pigte[to.be.very.V][to.V.very.much][V→V]-te[to.act.on.so.as.to.cause.to.V][V→V]-@₁–lghii[the.one.that.V-ed][the.one.that.is.V][V→N][N][Abs][Unpd][Sg]
iknaqepiglleghhii	iknaqe-–pigte[to.be.very.V][to.V.very.much][V→V]-@₁–lghii[the.one.that.V-ed][the.one.that.is.V][V→N][N][Abs][Unpd][Sg]

------------------------
Ukamangaan ineqsunapiglleghhii ama sungaghatepiglleghhii.

ukamangaan	+?

ineqsunapiglleghhii	+?

ama	ama

sungaghatepiglleghhii	+?

------------------------


	

------------------------
Ukamangaan meghtaghaqelghii ama ukiniiqelghii.

ukamangaan	+?

meghtaghaqelghii	meghtagh-~(g₁)aqe[to.be.V.ing][to.regularly.or.repeatedly.V][V→V]-@₁–lghii[the.one.that.V-ed][the.one.that.is.V][V→N][N][Abs][Unpd][Sg]

ama	ama

ukiniiqelghii	+?

------------------------
Meghtaghnaqneghmini ugkemeng qugtuqagni keviighaqegkek.

meghtaghnaqneghmini	+?

ugkemeng	+?

qugtuqagni	qugtuqagh[N][Abs][4SgPoss][DuPosd]
qugtuqagni	qugtuqagh[N][Loc][Unpd][Du]

keviighaqegkek	+?

------------------------
Kiiwegnun kaanneghmini tamaghhaan aghneq ugkemeng miluqutaghaqelghii inglunganun.

kiiwegnun	kiiw[N][Ter][Unpd][Du]
kiiwegnun	kiiweg[N][Ter][Unpd][Pl]

kaanneghmini	kaate-@₁–negh[the.act.or.activity.of.V-ing][V→N][N][Loc][4SgPoss][SgPosd]
kaanneghmini	kaate-@₁–negh[the.act.or.activity.of.V-ing][V→N][N][Loc][4SgPoss][PlPosd]
kaanneghmini	kaate[V][Intr][Ctmp][4Sg]

tamaghhaan	tamaghhaate[N][Abs][Unpd][Sg]
tamaghhaan	tamaghhagh-~:(ng₁)u[to.be.N][N→V]-~:(u)te[condition.with.respect.to.V-ing][V→N][N][Abs][Unpd][Sg]
tamaghhaan	tamaghhagh[N][Rel][3SgPoss][SgPosd]
tamaghhaan	tamaghhagh[N][Rel][3SgPoss][PlPosd]
tamaghhaan	tamaghhagh*[Quant_Qual][3Sg]

aghneq	aghneq[N][Abs][Unpd][Sg]
aghneq	aghnegh[N][Abs][Unpd][Sg]
aghneq	Aghnegh[N][Abs][Unpd][Sg]

ugkemeng	+?

miluqutaghaqelghii	+?

inglunganun	inglu[N][Ter][3SgPoss][SgPosd]
inglunganun	inglu[N][Ter][3SgPoss][PlPosd]

------------------------
Tawatestaghhiinaq.

tawatestaghhiinaq	+?

------------------------
Ilangani kamengllaghtaamalghii.

ilangani	ila[N][Loc][3SgPoss][SgPosd]
ilangani	ila[N][Loc][3SgPoss][PlPosd]
ilangani	ilangani
ilangani	ilangani[N][Abs][Unpd][Sg]

kamengllaghtaamalghii	+?

------------------------
Uglapiglleghhii kamelghun ulimamakanga.

uglapiglleghhii	uglagh-–pigte[to.be.very.V][to.V.very.much][V→V]-te[to.act.on.so.as.to.cause.to.V][V→V]-@₁–lghii[the.one.that.V-ed][the.one.that.is.V][V→N][N][Abs][Unpd][Sg]
uglapiglleghhii	uglagh-–pigte[to.be.very.V][to.V.very.much][V→V]-@₁–lghii[the.one.that.V-ed][the.one.that.is.V][V→N][N][Abs][Unpd][Sg]

kamelghun	+?

ulimamakanga	ulima-@₁~:(i/u)ma[to.have.V-ed][to.have.been.V-ed][V→V]-@*@₂~sf–(g₂)k(a)e[the.one.that.possessor.V-ed][V→N][N][Abs][3SgPoss][SgPosd]
ulimamakanga	ulima-@₁~:(i/u)ma[to.have.V-ed][to.have.been.V-ed][V→V][V][Trns][Ptcp][3Sg][3Sg]
ulimamakanga	ulima-@₁~:(i/u)ma[to.have.V-ed][to.have.been.V-ed][V→V][V][Trns][Cond][3Sg][1Sg]

------------------------
Taaqegkani ugkemeng imighaqluku.

taaqegkani	taaqe-~sf–(g₃)kaq[one.that.has.V-ed][V→N][N][Abs][4SgPoss][SgPosd]
taaqegkani	taaqe-~sf–(g₃)kaq[one.that.has.V-ed][V→N][N][Abs][4SgPoss][PlPosd]
taaqegkani	taaqegkagh[N][Abs][4SgPoss][SgPosd]
taaqegkani	taaqegkagh[N][Abs][4SgPoss][PlPosd]
taaqegkani	taaqegkagh[N][Loc][Unpd][Pl]

ugkemeng	+?

imighaqluku	+?

------------------------
Kamek taaqumakanga yuginaq qula siipneqluku tumangani inqunamen aasaghqaluku.

kamek	kameg[N][Abs][Unpd][Sg]

taaqumakanga	taaqe-@₁~:(i/u)ma[to.have.V-ed][to.have.been.V-ed][V→V]-@*@₂~sf–(g₂)k(a)e[the.one.that.possessor.V-ed][V→N][N][Abs][3SgPoss][SgPosd]

yuginaq	yuginagh[N][Abs][Unpd][Sg]

qula	qula[N][Abs][Unpd][Sg]

siipneqluku	+?

tumangani	tumangani[N][Abs][Unpd][Sg]

inqunamen	+?

aasaghqaluku	+?

------------------------


	

------------------------
Maaten ilangani metngeghumalghii.

maaten	maatete[N][Abs][Unpd][Sg]

ilangani	ila[N][Loc][3SgPoss][SgPosd]
ilangani	ila[N][Loc][3SgPoss][PlPosd]
ilangani	ilangani
ilangani	ilangani[N][Abs][Unpd][Sg]

metngeghumalghii	+?

------------------------
Kamelghun akmagluku aqeftaghaghmun kanaghlluku igleghsimalghii.

kamelghun	+?

akmagluku	akmag[V][Trns][Sbrd][_][3Sg]

aqeftaghaghmun	+?

kanaghlluku	+?

igleghsimalghii	igleghte-@₁~:(i/u)ma[to.have.V-ed][to.have.been.V-ed][V→V]-@₁–lghii[the.one.that.V-ed][the.one.that.is.V][V→N][N][Abs][Unpd][Sg]

------------------------
Igataneghmini kaamget tuguluki ugkemeng tugulluni neghaqelghii.

igataneghmini	igatagh-@₁–negh[the.act.or.activity.of.V-ing][V→N][N][Loc][4SgPoss][SgPosd]
igataneghmini	igatagh-@₁–negh[the.act.or.activity.of.V-ing][V→N][N][Loc][4SgPoss][PlPosd]
igataneghmini	igatagh[V][Intr][Ctmp][4Sg]

kaamget	kameg[N][Abs][Unpd][Pl]
kaamget	kameg[N][Rel][Unpd][Pl]

tuguluki	tugu-~:(u)te[to.V.for.or.with][to.cause.to.V.as.one.is.V-ing][to.V.toward.each.other][V→V][V][Trns][Sbrd][_][3Pl]
tuguluki	tugu[V][Trns][Sbrd][_][3Pl]

ugkemeng	+?

tugulluni	tugu-~:(u)te[condition.with.respect.to.V-ing][V→N]-te[to.catch.N][to.go.to.N][N→V][V][Intr][Sbrd][3Sg]
tugulluni	tugu-~:(u)te[SBJ.V-ed.something][V→V]-te[to.act.on.so.as.to.cause.to.V][V→V][V][Intr][Sbrd][3Sg]

neghaqelghii	negh-~(g₁)aqe[to.be.V.ing][to.regularly.or.repeatedly.V][V→V]-@₁–lghii[the.one.that.V-ed][the.one.that.is.V][V→N][N][Abs][Unpd][Sg]
neghaqelghii	neghe-~(g₁)aqe[to.be.V.ing][to.regularly.or.repeatedly.V][V→V]-@₁–lghii[the.one.that.V-ed][the.one.that.is.V][V→N][N][Abs][Unpd][Sg]

------------------------
Qavaghyimeghmini nunami temngi qavaghaqelghii.

qavaghyimeghmini	+?

nunami	nuna[N][Loc][Unpd][Sg]
nunami	nuna[N][Rel][4SgPoss][SgPosd]
nunami	nuna[N][Rel][4SgPoss][PlPosd]

temngi	+?

qavaghaqelghii	qavagh-~(g₁)aqe[to.be.V.ing][to.regularly.or.repeatedly.V][V→V]-@₁–lghii[the.one.that.V-ed][the.one.that.is.V][V→N][N][Abs][Unpd][Sg]

------------------------
Kaamgi naavenghata allaneng kaamgaqelghii.

kaamgi	kameg[N][Abs][3SgPoss][PlPosd]

naavenghata	+?

allaneng	alla[N][Abl_Mod][Unpd][Pl]

kaamgaqelghii	+?

------------------------


	

------------------------
Maaten ilangani kaasimalghii mengteghaghllagkun paaghqilngughqun.

maaten	maatete[N][Abs][Unpd][Sg]

ilangani	ila[N][Loc][3SgPoss][SgPosd]
ilangani	ila[N][Loc][3SgPoss][PlPosd]
ilangani	ilangani
ilangani	ilangani[N][Abs][Unpd][Sg]

kaasimalghii	kaate-@₁~:(i/u)ma[to.have.V-ed][to.have.been.V-ed][V→V]-@₁–lghii[the.one.that.V-ed][the.one.that.is.V][V→N][N][Abs][Unpd][Sg]

mengteghaghllagkun	mengteghagh-–ghllag[big.N][N→N][N][Via][Unpd][Sg]

paaghqilngughqun	+?

------------------------
Mengteghaq neqetupiglleghhii, mangtagmeng ayveghmeng neghsameng ama quyngimeng.

mengteghaq	mengteghagh[N][Abs][Unpd][Sg]

neqetupiglleghhii	neqe-tugh[to.eat.N][to.use.N][N→V]-–pigte[to.be.very.V][to.V.very.much][V→V]-te[to.act.on.so.as.to.cause.to.V][V→V]-@₁–lghii[the.one.that.V-ed][the.one.that.is.V][V→N][N][Abs][Unpd][Sg]
neqetupiglleghhii	neqe-tugh[to.eat.N][to.use.N][N→V]-–pigte[to.be.very.V][to.V.very.much][V→V]-@₁–lghii[the.one.that.V-ed][the.one.that.is.V][V→N][N][Abs][Unpd][Sg]

mangtagmeng	mangtag[N][Rel][4DuPoss][SgPosd]
mangtagmeng	mangtag[N][Rel][4DuPoss][PlPosd]
mangtagmeng	mangtag[N][Rel][4PlPoss][SgPosd]
mangtagmeng	mangtag[N][Rel][4PlPoss][PlPosd]
mangtagmeng	mangtag[N][Abl_Mod][Unpd][Sg]

ayveghmeng	ayvegh[N][Rel][4DuPoss][SgPosd]
ayveghmeng	ayvegh[N][Rel][4DuPoss][PlPosd]
ayveghmeng	ayvegh[N][Rel][4PlPoss][SgPosd]
ayveghmeng	ayvegh[N][Rel][4PlPoss][PlPosd]
ayveghmeng	ayvegh[N][Abl_Mod][Unpd][Sg]

neghsameng	negh-te[to.act.on.so.as.to.cause.to.V][V→V][V][Intr][CnsqI][4Pl]
neghsameng	neghe-te[to.act.on.so.as.to.cause.to.V][V→V][V][Intr][CnsqI][4Pl]
neghsameng	neghsagh[N][Rel][4DuPoss][SgPosd]
neghsameng	neghsagh[N][Rel][4DuPoss][PlPosd]
neghsameng	neghsagh[N][Rel][4PlPoss][SgPosd]
neghsameng	neghsagh[N][Rel][4PlPoss][PlPosd]
neghsameng	neghsagh[N][Abl_Mod][Unpd][Sg]

ama	ama

quyngimeng	quyngigh[N][Rel][4DuPoss][SgPosd]
quyngimeng	quyngigh[N][Rel][4DuPoss][PlPosd]
quyngimeng	quyngigh[N][Rel][4PlPoss][SgPosd]
quyngimeng	quyngigh[N][Rel][4PlPoss][PlPosd]
quyngimeng	quyngigh[N][Abl_Mod][Unpd][Sg]

------------------------
Amigem saaghwani saghumigneghem tungangani yugem neqanga.

amigem	amig[N][Rel][Unpd][Sg]

saaghwani	saaghw[N][Loc][3SgPoss][SgPosd]
saaghwani	saaghw[N][Loc][3SgPoss][PlPosd]

saghumigneghem	saghumignegh[N][Rel][Unpd][Sg]

tungangani	+?

yugem	yu(u)g[N][Rel][Unpd][Sg]
yugem	yug[N][Rel][Unpd][Sg]

neqanga	negh[V][Trns][Ptcp][3Sg][3Sg]
neqanga	negh[V][Trns][Cond][3Sg][1Sg]

------------------------
Ukamangaan aqumgaamaluku iitghumalghii aghnaghrukutaaghllak mataqeltaghhaq.

ukamangaan	+?

aqumgaamaluku	+?

iitghumalghii	itegh-@₁~:(i/u)ma[to.have.V-ed][to.have.been.V-ed][V→V]-@₁–lghii[the.one.that.V-ed][the.one.that.is.V][V→N][N][Abs][Unpd][Sg]

aghnaghrukutaaghllak	+?

mataqeltaghhaq	+?

------------------------
Uvin’ga qatepiglleghhii qugintapiglleghhii.

uvin’ga	+?

qatepiglleghhii	+?

qugintapiglleghhii	+?

------------------------
Pimakanga Ukamangaan, "Kakumiy, naken pizin?"

pimakanga	pi-@₁~:(i/u)ma[to.have.V-ed][to.have.been.V-ed][V→V]-@*@₂~sf–(g₂)k(a)e[the.one.that.possessor.V-ed][V→N][N][Abs][3SgPoss][SgPosd]
pimakanga	pi-@₁~:(i/u)ma[to.have.V-ed][to.have.been.V-ed][V→V][V][Trns][Ptcp][3Sg][3Sg]
pimakanga	pi-@₁~:(i/u)ma[to.have.V-ed][to.have.been.V-ed][V→V][V][Trns][Cond][3Sg][1Sg]

ukamangaan	+?

kakumiy	+?

naken	naken
naken	nakete[N][Abs][Unpd][Sg]

pizin	pi[V][Intr][Intrg][2Sg]

------------------------
Ukamangatem akisimakanga, "Quyillegneng piinga."

ukamangatem	+?

akisimakanga	aki-te[to.catch.N][to.go.to.N][N→V]-@₁~:(i/u)ma[to.have.V-ed][to.have.been.V-ed][V→V]-@*@₂~sf–(g₂)k(a)e[the.one.that.possessor.V-ed][V→N][N][Abs][3SgPoss][SgPosd]
akisimakanga	akite-@₁~:(i/u)ma[to.have.V-ed][to.have.been.V-ed][V→V]-@*@₂~sf–(g₂)k(a)e[the.one.that.possessor.V-ed][V→N][N][Abs][3SgPoss][SgPosd]
akisimakanga	akite-@₁~:(i/u)ma[to.have.V-ed][to.have.been.V-ed][V→V][V][Trns][Ptcp][3Sg][3Sg]
akisimakanga	akite-@₁~:(i/u)ma[to.have.V-ed][to.have.been.V-ed][V→V][V][Trns][Cond][3Sg][1Sg]

quyillegneng	Quyilleg[N][Abl_Mod][Unpd][Pl]

piinga	pi[V][Intr][Ind][1Sg]
piinga	pi[V][Trns][Intrg][3Sg][1Sg]
piinga	pi[V][Trns][Ind][3Sg][1Sg]

------------------------
Aghnaghrukutaaghllak aleghqughtuq, "Nakumiinguzin?"

aghnaghrukutaaghllak	+?

aleghqughtuq	alegh-te[to.catch.N][to.go.to.N][N→V]-@₁qugh[to.V.completely][V][Intr][Ind][3Sg]
aleghqughtuq	alegh-te[to.catch.N][to.go.to.N][N→V]-@₁qugh[to.V.completely]-te[to.act.on.so.as.to.cause.to.V][V→V][V][Intr][Ind][3Sg]

nakumiinguzin	+?

------------------------
"Sivuqaghmiinguunga."

sivuqaghmiinguunga	Sivuqagh-mii[resident.of.N][N→N]-~:(ng₁)u[to.be.N][N→V][V][Intr][Ind][1Sg]

------------------------
"Saqumazin Uvingemun?"

saqumazin	+?

uvingemun	+?

------------------------
"Ungazighmiit akikumaatnga Quyillegnun."

ungazighmiit	Ungazighmii(t)[N][Abs][1PlPoss][SgPosd]
ungazighmiit	Ungazighmii(t)[N][Abs][Unpd][Pl]
ungazighmiit	Ungazighmii(t)[N][Rel][Unpd][Pl]
ungazighmiit	Ungazigh-mii[resident.of.N][N→N][N][Abs][Unpd][Pl]
ungazighmiit	Ungazigh-mii[resident.of.N][N→N][N][Rel][Unpd][Pl]

akikumaatnga	+?

quyillegnun	Quyilleg[N][Ter][Unpd][Pl]

------------------------
"Neghelta!

neghelta	negh[V][Intr][Opt][PRS][1Pl]
neghelta	neghe[V][Intr][Opt][PRS][1Pl]

------------------------
Neneghmeng taaqegkumta ingaghquullghaakut.

neneghmeng	negh-@₁–negh[the.act.or.activity.of.V-ing][V→N][N][Rel][4DuPoss][SgPosd]
neneghmeng	negh-@₁–negh[the.act.or.activity.of.V-ing][V→N][N][Rel][4DuPoss][PlPosd]
neneghmeng	negh-@₁–negh[the.act.or.activity.of.V-ing][V→N][N][Rel][4PlPoss][SgPosd]
neneghmeng	negh-@₁–negh[the.act.or.activity.of.V-ing][V→N][N][Rel][4PlPoss][PlPosd]
neneghmeng	negh-@₁–negh[the.act.or.activity.of.V-ing][V→N][N][Abl_Mod][Unpd][Sg]
neneghmeng	negh[V][Intr][Ctmp][4Pl]
neneghmeng	nenegh[N][Rel][4DuPoss][SgPosd]
neneghmeng	nenegh[N][Rel][4DuPoss][PlPosd]
neneghmeng	nenegh[N][Rel][4PlPoss][SgPosd]
neneghmeng	nenegh[N][Rel][4PlPoss][PlPosd]
neneghmeng	nenegh[N][Abl_Mod][Unpd][Sg]

taaqegkumta	taaqe[V][Intr][Cond][1Pl]

ingaghquullghaakut	ingagh-te[to.catch.N][to.go.to.N][N→V]-@₁qugh[to.V.completely]-~:(u)te[to.V.for.or.with][to.cause.to.V.as.one.is.V-ing][to.V.toward.each.other][V→V]-te[to.act.on.so.as.to.cause.to.V][V→V]-te[to.act.on.so.as.to.cause.to.V][V→V][V][Intr][Opt][FUT][1Pl]
ingaghquullghaakut	ingagh-te[to.catch.N][to.go.to.N][N→V]-@₁qugh[to.V.completely]-~:(u)te[to.V.for.or.with][to.cause.to.V.as.one.is.V-ing][to.V.toward.each.other][V→V]-te[to.act.on.so.as.to.cause.to.V][V→V][V][Intr][Opt][FUT][1Pl]
ingaghquullghaakut	ingagh-te[to.catch.N][to.go.to.N][N→V]-@₁qugh[to.V.completely]-~:(u)te[to.V.for.or.with][to.cause.to.V.as.one.is.V-ing][to.V.toward.each.other][V→V][V][Intr][Opt][FUT][1Pl]
ingaghquullghaakut	ingagh-te[to.catch.N][to.go.to.N][N→V]-@₁qugh[to.V.completely]-~:(u)te[condition.with.respect.to.V-ing][V→N]-te[to.catch.N][to.go.to.N][N→V]-te[to.act.on.so.as.to.cause.to.V][V→V][V][Intr][Opt][FUT][1Pl]
ingaghquullghaakut	ingagh-te[to.catch.N][to.go.to.N][N→V]-@₁qugh[to.V.completely]-~:(u)te[condition.with.respect.to.V-ing][V→N]-te[to.catch.N][to.go.to.N][N→V][V][Intr][Opt][FUT][1Pl]
ingaghquullghaakut	ingagh-te[to.catch.N][to.go.to.N][N→V]-@₁qugh[to.V.completely]-~:(u)te[SBJ.V-ed.something][V→V]-te[to.act.on.so.as.to.cause.to.V][V→V]-te[to.act.on.so.as.to.cause.to.V][V→V][V][Intr][Opt][FUT][1Pl]
ingaghquullghaakut	ingagh-te[to.catch.N][to.go.to.N][N→V]-@₁qugh[to.V.completely]-~:(u)te[SBJ.V-ed.something][V→V]-te[to.act.on.so.as.to.cause.to.V][V→V][V][Intr][Opt][FUT][1Pl]
ingaghquullghaakut	ingagh-te[to.catch.N][to.go.to.N][N→V]-@₁qugh[to.V.completely]-~:(u)te[SBJ.V-ed.something][V→V][V][Intr][Opt][FUT][1Pl]
ingaghquullghaakut	ingaghte-@₁qugh[to.V.completely]-~:(u)te[to.V.for.or.with][to.cause.to.V.as.one.is.V-ing][to.V.toward.each.other][V→V]-te[to.act.on.so.as.to.cause.to.V][V→V]-te[to.act.on.so.as.to.cause.to.V][V→V][V][Intr][Opt][FUT][1Pl]
ingaghquullghaakut	ingaghte-@₁qugh[to.V.completely]-~:(u)te[to.V.for.or.with][to.cause.to.V.as.one.is.V-ing][to.V.toward.each.other][V→V]-te[to.act.on.so.as.to.cause.to.V][V→V][V][Intr][Opt][FUT][1Pl]
ingaghquullghaakut	ingaghte-@₁qugh[to.V.completely]-~:(u)te[to.V.for.or.with][to.cause.to.V.as.one.is.V-ing][to.V.toward.each.other][V→V][V][Intr][Opt][FUT][1Pl]
ingaghquullghaakut	ingaghte-@₁qugh[to.V.completely]-~:(u)te[condition.with.respect.to.V-ing][V→N]-te[to.catch.N][to.go.to.N][N→V]-te[to.act.on.so.as.to.cause.to.V][V→V][V][Intr][Opt][FUT][1Pl]
ingaghquullghaakut	ingaghte-@₁qugh[to.V.completely]-~:(u)te[condition.with.respect.to.V-ing][V→N]-te[to.catch.N][to.go.to.N][N→V][V][Intr][Opt][FUT][1Pl]
ingaghquullghaakut	ingaghte-@₁qugh[to.V.completely]-~:(u)te[SBJ.V-ed.something][V→V]-te[to.act.on.so.as.to.cause.to.V][V→V]-te[to.act.on.so.as.to.cause.to.V][V→V][V][Intr][Opt][FUT][1Pl]
ingaghquullghaakut	ingaghte-@₁qugh[to.V.completely]-~:(u)te[SBJ.V-ed.something][V→V]-te[to.act.on.so.as.to.cause.to.V][V→V][V][Intr][Opt][FUT][1Pl]
ingaghquullghaakut	ingaghte-@₁qugh[to.V.completely]-~:(u)te[SBJ.V-ed.something][V→V][V][Intr][Opt][FUT][1Pl]

------------------------
Whanga qavaneghtughllagtunga.

whanga	wha[N][Abs][3SgPoss][SgPosd]
whanga	whanga

qavaneghtughllagtunga	+?

------------------------
Unaami taghsaghnaaghaghpenga.

unaami	unaami[N][Abs][Unpd][Sg]

taghsaghnaaghaghpenga	+?

------------------------
Taakuta ayveghem elqunghek akitma asingani tugunakegken taagken anagunakevnga naasqumkun.

taakuta	taake-~:(u)te[to.V.for.or.with][to.cause.to.V.as.one.is.V-ing][to.V.toward.each.other][V→V][V][Intr][Intrg][3Sg]
taakuta	taake-~:(u)te[SBJ.V-ed.something][V→V][V][Intr][Intrg][3Sg]
taakuta	taake-~:(u)te[condition.with.respect.to.V-ing][V→N][N][Abs][Unpd][Sg]
taakuta	taake-~:(u)ta[condition.with.respect.to.V-ing][V→N][N][Abs][Unpd][Sg]

ayveghem	ayvegh[N][Rel][Unpd][Sg]

elqunghek	+?

akitma	akite[N][Rel][1SgPoss][SgPosd]
akitma	akite[N][Rel][1SgPoss][PlPosd]

asingani	asi[N][Loc][3SgPoss][SgPosd]
asingani	asi[N][Loc][3SgPoss][PlPosd]

tugunakegken	tugu-@₁~fna[in.order.to.V][intending.to.V][V→V]-@*@₂~sf–(g₂)k(a)e[the.one.that.possessor.V-ed][V→N][N][Abs][2SgPoss][DuPosd]
tugunakegken	tugu-~:(u)te[to.V.for.or.with][to.cause.to.V.as.one.is.V-ing][to.V.toward.each.other][V→V]-@₁~fna[in.order.to.V][intending.to.V][V→V]-@*@₂~sf–(g₂)k(a)e[the.one.that.possessor.V-ed][V→N][N][Abs][2SgPoss][DuPosd]
tugunakegken	tugu-~:(u)te[SBJ.V-ed.something][V→V]-@₁~fna[in.order.to.V][intending.to.V][V→V]-@*@₂~sf–(g₂)k(a)e[the.one.that.possessor.V-ed][V→N][N][Abs][2SgPoss][DuPosd]

taagken	taagken

anagunakevnga	+?

naasqumkun	naa-–squgh[little.N][small.N][N→N][N][Via][1SgPoss][SgPosd]
naasqumkun	naa-–squgh[little.N][small.N][N→N][N][Via][1SgPoss][PlPosd]
naasqumkun	naasqugh[N][Via][1SgPoss][SgPosd]
naasqumkun	naasqugh[N][Via][1SgPoss][PlPosd]

------------------------
Taghtughnaaghtunga."

taghtughnaaghtunga	+?

------------------------


	

------------------------
Llaaghanwha neghusimalghiik mangtagmeng Ukamangaatenkuk aghnaghrukutaaghenkuk.

llaaghanwha	+?

neghusimalghiik	negh-~:(u)te[to.V.for.or.with][to.cause.to.V.as.one.is.V-ing][to.V.toward.each.other][V→V]-@₁~:(i/u)ma[to.have.V-ed][to.have.been.V-ed][V→V]-@₁–lghii[the.one.that.V-ed][the.one.that.is.V][V→N][N][Abs][Unpd][Du]
neghusimalghiik	negh-~:(u)te[to.V.for.or.with][to.cause.to.V.as.one.is.V-ing][to.V.toward.each.other][V→V]-@₁~:(i/u)ma[to.have.V-ed][to.have.been.V-ed][V→V]-@₁–lghii[the.one.that.V-ed][the.one.that.is.V][V→N][N][Rel][Unpd][Du]
neghusimalghiik	negh-~:(u)te[to.V.for.or.with][to.cause.to.V.as.one.is.V-ing][to.V.toward.each.other][V→V]-@₁~:(i/u)ma[to.have.V-ed][to.have.been.V-ed][V→V][V][Intr][Ptcp][3Du]
neghusimalghiik	negh-~:(u)te[SBJ.V-ed.something][V→V]-@₁~:(i/u)ma[to.have.V-ed][to.have.been.V-ed][V→V]-@₁–lghii[the.one.that.V-ed][the.one.that.is.V][V→N][N][Abs][Unpd][Du]
neghusimalghiik	negh-~:(u)te[SBJ.V-ed.something][V→V]-@₁~:(i/u)ma[to.have.V-ed][to.have.been.V-ed][V→V]-@₁–lghii[the.one.that.V-ed][the.one.that.is.V][V→N][N][Rel][Unpd][Du]
neghusimalghiik	negh-~:(u)te[SBJ.V-ed.something][V→V]-@₁~:(i/u)ma[to.have.V-ed][to.have.been.V-ed][V→V][V][Intr][Ptcp][3Du]
neghusimalghiik	neghe-~:(u)te[to.V.for.or.with][to.cause.to.V.as.one.is.V-ing][to.V.toward.each.other][V→V]-@₁~:(i/u)ma[to.have.V-ed][to.have.been.V-ed][V→V]-@₁–lghii[the.one.that.V-ed][the.one.that.is.V][V→N][N][Abs][Unpd][Du]
neghusimalghiik	neghe-~:(u)te[to.V.for.or.with][to.cause.to.V.as.one.is.V-ing][to.V.toward.each.other][V→V]-@₁~:(i/u)ma[to.have.V-ed][to.have.been.V-ed][V→V]-@₁–lghii[the.one.that.V-ed][the.one.that.is.V][V→N][N][Rel][Unpd][Du]
neghusimalghiik	neghe-~:(u)te[to.V.for.or.with][to.cause.to.V.as.one.is.V-ing][to.V.toward.each.other][V→V]-@₁~:(i/u)ma[to.have.V-ed][to.have.been.V-ed][V→V][V][Intr][Ptcp][3Du]
neghusimalghiik	neghe-~:(u)te[SBJ.V-ed.something][V→V]-@₁~:(i/u)ma[to.have.V-ed][to.have.been.V-ed][V→V]-@₁–lghii[the.one.that.V-ed][the.one.that.is.V][V→N][N][Abs][Unpd][Du]
neghusimalghiik	neghe-~:(u)te[SBJ.V-ed.something][V→V]-@₁~:(i/u)ma[to.have.V-ed][to.have.been.V-ed][V→V]-@₁–lghii[the.one.that.V-ed][the.one.that.is.V][V→N][N][Rel][Unpd][Du]
neghusimalghiik	neghe-~:(u)te[SBJ.V-ed.something][V→V]-@₁~:(i/u)ma[to.have.V-ed][to.have.been.V-ed][V→V][V][Intr][Ptcp][3Du]

mangtagmeng	mangtag[N][Rel][4DuPoss][SgPosd]
mangtagmeng	mangtag[N][Rel][4DuPoss][PlPosd]
mangtagmeng	mangtag[N][Rel][4PlPoss][SgPosd]
mangtagmeng	mangtag[N][Rel][4PlPoss][PlPosd]
mangtagmeng	mangtag[N][Abl_Mod][Unpd][Sg]

ukamangaatenkuk	+?

aghnaghrukutaaghenkuk	+?

------------------------
Neneghmeng taaqlutek ingaghquullutek qavaasimalghiik.

neneghmeng	negh-@₁–negh[the.act.or.activity.of.V-ing][V→N][N][Rel][4DuPoss][SgPosd]
neneghmeng	negh-@₁–negh[the.act.or.activity.of.V-ing][V→N][N][Rel][4DuPoss][PlPosd]
neneghmeng	negh-@₁–negh[the.act.or.activity.of.V-ing][V→N][N][Rel][4PlPoss][SgPosd]
neneghmeng	negh-@₁–negh[the.act.or.activity.of.V-ing][V→N][N][Rel][4PlPoss][PlPosd]
neneghmeng	negh-@₁–negh[the.act.or.activity.of.V-ing][V→N][N][Abl_Mod][Unpd][Sg]
neneghmeng	negh[V][Intr][Ctmp][4Pl]
neneghmeng	nenegh[N][Rel][4DuPoss][SgPosd]
neneghmeng	nenegh[N][Rel][4DuPoss][PlPosd]
neneghmeng	nenegh[N][Rel][4PlPoss][SgPosd]
neneghmeng	nenegh[N][Rel][4PlPoss][PlPosd]
neneghmeng	nenegh[N][Abl_Mod][Unpd][Sg]

taaqlutek	taaqe-te[to.act.on.so.as.to.cause.to.V][V→V][V][Intr][Sbrd][2Du]
taaqlutek	taaqe-te[to.act.on.so.as.to.cause.to.V][V→V][V][Intr][Sbrd][3Du]
taaqlutek	taaqe[V][Intr][Sbrd][2Du]
taaqlutek	taaqe[V][Intr][Sbrd][3Du]

ingaghquullutek	ingagh-te[to.catch.N][to.go.to.N][N→V]-@₁qugh[to.V.completely]-~:(u)te[to.V.for.or.with][to.cause.to.V.as.one.is.V-ing][to.V.toward.each.other][V→V]-te[to.act.on.so.as.to.cause.to.V][V→V]-te[to.act.on.so.as.to.cause.to.V][V→V][V][Intr][Sbrd][2Du]
ingaghquullutek	ingagh-te[to.catch.N][to.go.to.N][N→V]-@₁qugh[to.V.completely]-~:(u)te[to.V.for.or.with][to.cause.to.V.as.one.is.V-ing][to.V.toward.each.other][V→V]-te[to.act.on.so.as.to.cause.to.V][V→V]-te[to.act.on.so.as.to.cause.to.V][V→V][V][Intr][Sbrd][3Du]
ingaghquullutek	ingagh-te[to.catch.N][to.go.to.N][N→V]-@₁qugh[to.V.completely]-~:(u)te[to.V.for.or.with][to.cause.to.V.as.one.is.V-ing][to.V.toward.each.other][V→V]-te[to.act.on.so.as.to.cause.to.V][V→V][V][Intr][Sbrd][2Du]
ingaghquullutek	ingagh-te[to.catch.N][to.go.to.N][N→V]-@₁qugh[to.V.completely]-~:(u)te[to.V.for.or.with][to.cause.to.V.as.one.is.V-ing][to.V.toward.each.other][V→V]-te[to.act.on.so.as.to.cause.to.V][V→V][V][Intr][Sbrd][3Du]
ingaghquullutek	ingagh-te[to.catch.N][to.go.to.N][N→V]-@₁qugh[to.V.completely]-~:(u)te[to.V.for.or.with][to.cause.to.V.as.one.is.V-ing][to.V.toward.each.other][V→V][V][Intr][Sbrd][2Du]
ingaghquullutek	ingagh-te[to.catch.N][to.go.to.N][N→V]-@₁qugh[to.V.completely]-~:(u)te[to.V.for.or.with][to.cause.to.V.as.one.is.V-ing][to.V.toward.each.other][V→V][V][Intr][Sbrd][3Du]
ingaghquullutek	ingagh-te[to.catch.N][to.go.to.N][N→V]-@₁qugh[to.V.completely]-~:(u)te[condition.with.respect.to.V-ing][V→N]-te[to.catch.N][to.go.to.N][N→V]-te[to.act.on.so.as.to.cause.to.V][V→V][V][Intr][Sbrd][2Du]
ingaghquullutek	ingagh-te[to.catch.N][to.go.to.N][N→V]-@₁qugh[to.V.completely]-~:(u)te[condition.with.respect.to.V-ing][V→N]-te[to.catch.N][to.go.to.N][N→V]-te[to.act.on.so.as.to.cause.to.V][V→V][V][Intr][Sbrd][3Du]
ingaghquullutek	ingagh-te[to.catch.N][to.go.to.N][N→V]-@₁qugh[to.V.completely]-~:(u)te[condition.with.respect.to.V-ing][V→N]-te[to.catch.N][to.go.to.N][N→V][V][Intr][Sbrd][2Du]
ingaghquullutek	ingagh-te[to.catch.N][to.go.to.N][N→V]-@₁qugh[to.V.completely]-~:(u)te[condition.with.respect.to.V-ing][V→N]-te[to.catch.N][to.go.to.N][N→V][V][Intr][Sbrd][3Du]
ingaghquullutek	ingagh-te[to.catch.N][to.go.to.N][N→V]-@₁qugh[to.V.completely]-~:(u)te[SBJ.V-ed.something][V→V]-te[to.act.on.so.as.to.cause.to.V][V→V]-te[to.act.on.so.as.to.cause.to.V][V→V][V][Intr][Sbrd][2Du]
ingaghquullutek	ingagh-te[to.catch.N][to.go.to.N][N→V]-@₁qugh[to.V.completely]-~:(u)te[SBJ.V-ed.something][V→V]-te[to.act.on.so.as.to.cause.to.V][V→V]-te[to.act.on.so.as.to.cause.to.V][V→V][V][Intr][Sbrd][3Du]
ingaghquullutek	ingagh-te[to.catch.N][to.go.to.N][N→V]-@₁qugh[to.V.completely]-~:(u)te[SBJ.V-ed.something][V→V]-te[to.act.on.so.as.to.cause.to.V][V→V][V][Intr][Sbrd][2Du]
ingaghquullutek	ingagh-te[to.catch.N][to.go.to.N][N→V]-@₁qugh[to.V.completely]-~:(u)te[SBJ.V-ed.something][V→V]-te[to.act.on.so.as.to.cause.to.V][V→V][V][Intr][Sbrd][3Du]
ingaghquullutek	ingagh-te[to.catch.N][to.go.to.N][N→V]-@₁qugh[to.V.completely]-~:(u)te[SBJ.V-ed.something][V→V][V][Intr][Sbrd][2Du]
ingaghquullutek	ingagh-te[to.catch.N][to.go.to.N][N→V]-@₁qugh[to.V.completely]-~:(u)te[SBJ.V-ed.something][V→V][V][Intr][Sbrd][3Du]
ingaghquullutek	ingaghte-@₁qugh[to.V.completely]-~:(u)te[to.V.for.or.with][to.cause.to.V.as.one.is.V-ing][to.V.toward.each.other][V→V]-te[to.act.on.so.as.to.cause.to.V][V→V]-te[to.act.on.so.as.to.cause.to.V][V→V][V][Intr][Sbrd][2Du]
ingaghquullutek	ingaghte-@₁qugh[to.V.completely]-~:(u)te[to.V.for.or.with][to.cause.to.V.as.one.is.V-ing][to.V.toward.each.other][V→V]-te[to.act.on.so.as.to.cause.to.V][V→V]-te[to.act.on.so.as.to.cause.to.V][V→V][V][Intr][Sbrd][3Du]
ingaghquullutek	ingaghte-@₁qugh[to.V.completely]-~:(u)te[to.V.for.or.with][to.cause.to.V.as.one.is.V-ing][to.V.toward.each.other][V→V]-te[to.act.on.so.as.to.cause.to.V][V→V]-te[to.act.on.so.as.to.cause.to.V][V→V][V][Trns][Sbrd][_][2Du]
ingaghquullutek	ingaghte-@₁qugh[to.V.completely]-~:(u)te[to.V.for.or.with][to.cause.to.V.as.one.is.V-ing][to.V.toward.each.other][V→V]-te[to.act.on.so.as.to.cause.to.V][V→V][V][Intr][Sbrd][2Du]
ingaghquullutek	ingaghte-@₁qugh[to.V.completely]-~:(u)te[to.V.for.or.with][to.cause.to.V.as.one.is.V-ing][to.V.toward.each.other][V→V]-te[to.act.on.so.as.to.cause.to.V][V→V][V][Intr][Sbrd][3Du]
ingaghquullutek	ingaghte-@₁qugh[to.V.completely]-~:(u)te[to.V.for.or.with][to.cause.to.V.as.one.is.V-ing][to.V.toward.each.other][V→V]-te[to.act.on.so.as.to.cause.to.V][V→V][V][Trns][Sbrd][_][2Du]
ingaghquullutek	ingaghte-@₁qugh[to.V.completely]-~:(u)te[to.V.for.or.with][to.cause.to.V.as.one.is.V-ing][to.V.toward.each.other][V→V][V][Intr][Sbrd][2Du]
ingaghquullutek	ingaghte-@₁qugh[to.V.completely]-~:(u)te[to.V.for.or.with][to.cause.to.V.as.one.is.V-ing][to.V.toward.each.other][V→V][V][Intr][Sbrd][3Du]
ingaghquullutek	ingaghte-@₁qugh[to.V.completely]-~:(u)te[to.V.for.or.with][to.cause.to.V.as.one.is.V-ing][to.V.toward.each.other][V→V][V][Trns][Sbrd][_][2Du]
ingaghquullutek	ingaghte-@₁qugh[to.V.completely]-~:(u)te[condition.with.respect.to.V-ing][V→N]-te[to.catch.N][to.go.to.N][N→V]-te[to.act.on.so.as.to.cause.to.V][V→V][V][Intr][Sbrd][2Du]
ingaghquullutek	ingaghte-@₁qugh[to.V.completely]-~:(u)te[condition.with.respect.to.V-ing][V→N]-te[to.catch.N][to.go.to.N][N→V]-te[to.act.on.so.as.to.cause.to.V][V→V][V][Intr][Sbrd][3Du]
ingaghquullutek	ingaghte-@₁qugh[to.V.completely]-~:(u)te[condition.with.respect.to.V-ing][V→N]-te[to.catch.N][to.go.to.N][N→V][V][Intr][Sbrd][2Du]
ingaghquullutek	ingaghte-@₁qugh[to.V.completely]-~:(u)te[condition.with.respect.to.V-ing][V→N]-te[to.catch.N][to.go.to.N][N→V][V][Intr][Sbrd][3Du]
ingaghquullutek	ingaghte-@₁qugh[to.V.completely]-~:(u)te[SBJ.V-ed.something][V→V]-te[to.act.on.so.as.to.cause.to.V][V→V]-te[to.act.on.so.as.to.cause.to.V][V→V][V][Intr][Sbrd][2Du]
ingaghquullutek	ingaghte-@₁qugh[to.V.completely]-~:(u)te[SBJ.V-ed.something][V→V]-te[to.act.on.so.as.to.cause.to.V][V→V]-te[to.act.on.so.as.to.cause.to.V][V→V][V][Intr][Sbrd][3Du]
ingaghquullutek	ingaghte-@₁qugh[to.V.completely]-~:(u)te[SBJ.V-ed.something][V→V]-te[to.act.on.so.as.to.cause.to.V][V→V][V][Intr][Sbrd][2Du]
ingaghquullutek	ingaghte-@₁qugh[to.V.completely]-~:(u)te[SBJ.V-ed.something][V→V]-te[to.act.on.so.as.to.cause.to.V][V→V][V][Intr][Sbrd][3Du]
ingaghquullutek	ingaghte-@₁qugh[to.V.completely]-~:(u)te[SBJ.V-ed.something][V→V][V][Intr][Sbrd][2Du]
ingaghquullutek	ingaghte-@₁qugh[to.V.completely]-~:(u)te[SBJ.V-ed.something][V→V][V][Intr][Sbrd][3Du]

qavaasimalghiik	qavagh-~:(ng₁)u[to.be.N][N→V]-~:(u)te[to.V.for.or.with][to.cause.to.V.as.one.is.V-ing][to.V.toward.each.other][V→V]-@₁~:(i/u)ma[to.have.V-ed][to.have.been.V-ed][V→V]-@₁–lghii[the.one.that.V-ed][the.one.that.is.V][V→N][N][Abs][Unpd][Du]
qavaasimalghiik	qavagh-~:(ng₁)u[to.be.N][N→V]-~:(u)te[to.V.for.or.with][to.cause.to.V.as.one.is.V-ing][to.V.toward.each.other][V→V]-@₁~:(i/u)ma[to.have.V-ed][to.have.been.V-ed][V→V]-@₁–lghii[the.one.that.V-ed][the.one.that.is.V][V→N][N][Rel][Unpd][Du]
qavaasimalghiik	qavagh-~:(ng₁)u[to.be.N][N→V]-~:(u)te[to.V.for.or.with][to.cause.to.V.as.one.is.V-ing][to.V.toward.each.other][V→V]-@₁~:(i/u)ma[to.have.V-ed][to.have.been.V-ed][V→V][V][Intr][Ptcp][3Du]
qavaasimalghiik	qavagh-~:(ng₁)u[to.be.N][N→V]-~:(u)te[SBJ.V-ed.something][V→V]-@₁~:(i/u)ma[to.have.V-ed][to.have.been.V-ed][V→V]-@₁–lghii[the.one.that.V-ed][the.one.that.is.V][V→N][N][Abs][Unpd][Du]
qavaasimalghiik	qavagh-~:(ng₁)u[to.be.N][N→V]-~:(u)te[SBJ.V-ed.something][V→V]-@₁~:(i/u)ma[to.have.V-ed][to.have.been.V-ed][V→V]-@₁–lghii[the.one.that.V-ed][the.one.that.is.V][V→N][N][Rel][Unpd][Du]
qavaasimalghiik	qavagh-~:(ng₁)u[to.be.N][N→V]-~:(u)te[SBJ.V-ed.something][V→V]-@₁~:(i/u)ma[to.have.V-ed][to.have.been.V-ed][V→V][V][Intr][Ptcp][3Du]
qavaasimalghiik	qavagh-~:(ng₁)u[to.be.N][N→V]-te[to.act.on.so.as.to.cause.to.V][V→V]-@₁~:(i/u)ma[to.have.V-ed][to.have.been.V-ed][V→V]-@₁–lghii[the.one.that.V-ed][the.one.that.is.V][V→N][N][Abs][Unpd][Du]
qavaasimalghiik	qavagh-~:(ng₁)u[to.be.N][N→V]-te[to.act.on.so.as.to.cause.to.V][V→V]-@₁~:(i/u)ma[to.have.V-ed][to.have.been.V-ed][V→V]-@₁–lghii[the.one.that.V-ed][the.one.that.is.V][V→N][N][Rel][Unpd][Du]
qavaasimalghiik	qavagh-~:(ng₁)u[to.be.N][N→V]-te[to.act.on.so.as.to.cause.to.V][V→V]-@₁~:(i/u)ma[to.have.V-ed][to.have.been.V-ed][V→V][V][Intr][Ptcp][3Du]
qavaasimalghiik	qavagh-~:(u)te[to.V.for.or.with][to.cause.to.V.as.one.is.V-ing][to.V.toward.each.other][V→V]-@₁~:(i/u)ma[to.have.V-ed][to.have.been.V-ed][V→V]-@₁–lghii[the.one.that.V-ed][the.one.that.is.V][V→N][N][Abs][Unpd][Du]
qavaasimalghiik	qavagh-~:(u)te[to.V.for.or.with][to.cause.to.V.as.one.is.V-ing][to.V.toward.each.other][V→V]-@₁~:(i/u)ma[to.have.V-ed][to.have.been.V-ed][V→V]-@₁–lghii[the.one.that.V-ed][the.one.that.is.V][V→N][N][Rel][Unpd][Du]
qavaasimalghiik	qavagh-~:(u)te[to.V.for.or.with][to.cause.to.V.as.one.is.V-ing][to.V.toward.each.other][V→V]-@₁~:(i/u)ma[to.have.V-ed][to.have.been.V-ed][V→V][V][Intr][Ptcp][3Du]
qavaasimalghiik	qavagh-~:(u)te[SBJ.V-ed.something][V→V]-@₁~:(i/u)ma[to.have.V-ed][to.have.been.V-ed][V→V]-@₁–lghii[the.one.that.V-ed][the.one.that.is.V][V→N][N][Abs][Unpd][Du]
qavaasimalghiik	qavagh-~:(u)te[SBJ.V-ed.something][V→V]-@₁~:(i/u)ma[to.have.V-ed][to.have.been.V-ed][V→V]-@₁–lghii[the.one.that.V-ed][the.one.that.is.V][V→N][N][Rel][Unpd][Du]
qavaasimalghiik	qavagh-~:(u)te[SBJ.V-ed.something][V→V]-@₁~:(i/u)ma[to.have.V-ed][to.have.been.V-ed][V→V][V][Intr][Ptcp][3Du]

------------------------
Unaami unanguluku taghtuumalghii Ukamangaan.

unaami	unaami[N][Abs][Unpd][Sg]

unanguluku	+?

taghtuumalghii	taghtugh-@₁~:(i/u)ma[to.have.V-ed][to.have.been.V-ed][V→V]-@₁–lghii[the.one.that.V-ed][the.one.that.is.V][V→N][N][Abs][Unpd][Sg]

ukamangaan	+?

------------------------
Taghsaamakanga aghnaghrukutaaq, "Uyuq, uyuq taghtaa!"

taghsaamakanga	taghsagh-@₁~:(i/u)ma[to.have.V-ed][to.have.been.V-ed][V→V]-@*@₂~sf–(g₂)k(a)e[the.one.that.possessor.V-ed][V→N][N][Abs][3SgPoss][SgPosd]
taghsaamakanga	taghsagh-@₁~:(i/u)ma[to.have.V-ed][to.have.been.V-ed][V→V][V][Trns][Ptcp][3Sg][3Sg]
taghsaamakanga	taghsagh-@₁~:(i/u)ma[to.have.V-ed][to.have.been.V-ed][V→V][V][Trns][Cond][3Sg][1Sg]

aghnaghrukutaaq	+?

uyuq	uyuq

uyuq	uyuq

taghtaa	taghtugh[V][Intr][Opt][PRS][2Sg]

------------------------
Nagaquumangisimalghii.

nagaquumangisimalghii	+?

------------------------
Qaywa naasqwa kevgusimaaqsaqanga aghulasimakanga wanlegi nagaquumangisimalghii.

qaywa	+?

naasqwa	+?

kevgusimaaqsaqanga	+?

aghulasimakanga	aghula-~:(u)te[to.V.for.or.with][to.cause.to.V.as.one.is.V-ing][to.V.toward.each.other][V→V]-@₁~:(i/u)ma[to.have.V-ed][to.have.been.V-ed][V→V]-@*@₂~sf–(g₂)k(a)e[the.one.that.possessor.V-ed][V→N][N][Abs][3SgPoss][SgPosd]
aghulasimakanga	aghula-~:(u)te[SBJ.V-ed.something][V→V]-@₁~:(i/u)ma[to.have.V-ed][to.have.been.V-ed][V→V]-@*@₂~sf–(g₂)k(a)e[the.one.that.possessor.V-ed][V→N][N][Abs][3SgPoss][SgPosd]
aghulasimakanga	aghula-te[to.act.on.so.as.to.cause.to.V][V→V]-@₁~:(i/u)ma[to.have.V-ed][to.have.been.V-ed][V→V]-@*@₂~sf–(g₂)k(a)e[the.one.that.possessor.V-ed][V→N][N][Abs][3SgPoss][SgPosd]
aghulasimakanga	aghula-te[to.catch.N][to.go.to.N][N→V]-@₁~:(i/u)ma[to.have.V-ed][to.have.been.V-ed][V→V]-@*@₂~sf–(g₂)k(a)e[the.one.that.possessor.V-ed][V→N][N][Abs][3SgPoss][SgPosd]

wanlegi	wanlegi

nagaquumangisimalghii	+?

------------------------
Ayveghem naasqukek tugulukek uqliisimaaqsaqanga Ukamangaan alingumaaqelghii.

ayveghem	ayvegh[N][Rel][Unpd][Sg]

naasqukek	naa-–squgh[little.N][small.N][N→N][N][Abs][3SgPoss][DuPosd]
naasqukek	naasqugh[N][Abs][3SgPoss][DuPosd]

tugulukek	tugu-~:(u)te[to.V.for.or.with][to.cause.to.V.as.one.is.V-ing][to.V.toward.each.other][V→V][V][Trns][Sbrd][_][3Du]
tugulukek	tugu[V][Trns][Sbrd][_][3Du]

uqliisimaaqsaqanga	+?

ukamangaan	+?

alingumaaqelghii	ali-~:(ng₁)u[to.be.N][N→V]-@₁~:(i/u)ma[to.have.V-ed][to.have.been.V-ed][V→V]-~(g₁)aqe[to.be.V.ing][to.regularly.or.repeatedly.V][V→V]-@₁–lghii[the.one.that.V-ed][the.one.that.is.V][V→N][N][Abs][Unpd][Sg]
alingumaaqelghii	alinge-@₁~:(i/u)ma[to.have.V-ed][to.have.been.V-ed][V→V]-~(g₁)aqe[to.be.V.ing][to.regularly.or.repeatedly.V][V→V]-@₁–lghii[the.one.that.V-ed][the.one.that.is.V][V→N][N][Abs][Unpd][Sg]

------------------------
Qenwat utaqiiluni lliightuq.

qenwat	qenwat

utaqiiluni	utaqa-~i[SBJ.V-ed.something][V→V]-~i[SBJ.V-ed.something][V→V]-~i[SBJ.V-ed.something][V→V]-~i[SBJ.V-ed.something][V→V]-~i[SBJ.V-ed.something][V→V]-~i[SBJ.V-ed.something][V→V][V][Intr][Sbrd][3Sg]
utaqiiluni	utaqa-~i[SBJ.V-ed.something][V→V]-~i[SBJ.V-ed.something][V→V]-~i[SBJ.V-ed.something][V→V]-~i[SBJ.V-ed.something][V→V]-~i[SBJ.V-ed.something][V→V]-~:(u)te[to.V.for.or.with][to.cause.to.V.as.one.is.V-ing][to.V.toward.each.other][V→V][V][Intr][Sbrd][3Sg]
utaqiiluni	utaqa-~i[SBJ.V-ed.something][V→V]-~i[SBJ.V-ed.something][V→V]-~i[SBJ.V-ed.something][V→V]-~i[SBJ.V-ed.something][V→V]-~i[SBJ.V-ed.something][V→V]-~:(u)te[SBJ.V-ed.something][V→V][V][Intr][Sbrd][3Sg]
utaqiiluni	utaqa-~i[SBJ.V-ed.something][V→V]-~i[SBJ.V-ed.something][V→V]-~i[SBJ.V-ed.something][V→V]-~i[SBJ.V-ed.something][V→V]-~i[SBJ.V-ed.something][V→V][V][Intr][Sbrd][3Sg]
utaqiiluni	utaqa-~i[SBJ.V-ed.something][V→V]-~i[SBJ.V-ed.something][V→V]-~i[SBJ.V-ed.something][V→V]-~i[SBJ.V-ed.something][V→V]-~:(u)te[to.V.for.or.with][to.cause.to.V.as.one.is.V-ing][to.V.toward.each.other][V→V][V][Intr][Sbrd][3Sg]
utaqiiluni	utaqa-~i[SBJ.V-ed.something][V→V]-~i[SBJ.V-ed.something][V→V]-~i[SBJ.V-ed.something][V→V]-~i[SBJ.V-ed.something][V→V]-~:(u)te[SBJ.V-ed.something][V→V][V][Intr][Sbrd][3Sg]
utaqiiluni	utaqa-~i[SBJ.V-ed.something][V→V]-~i[SBJ.V-ed.something][V→V]-~i[SBJ.V-ed.something][V→V]-~i[SBJ.V-ed.something][V→V][V][Intr][Sbrd][3Sg]
utaqiiluni	utaqa-~i[SBJ.V-ed.something][V→V]-~i[SBJ.V-ed.something][V→V]-~i[SBJ.V-ed.something][V→V]-~:(u)te[to.V.for.or.with][to.cause.to.V.as.one.is.V-ing][to.V.toward.each.other][V→V][V][Intr][Sbrd][3Sg]
utaqiiluni	utaqa-~i[SBJ.V-ed.something][V→V]-~i[SBJ.V-ed.something][V→V]-~i[SBJ.V-ed.something][V→V]-~:(u)te[SBJ.V-ed.something][V→V][V][Intr][Sbrd][3Sg]
utaqiiluni	utaqa-~i[SBJ.V-ed.something][V→V]-~i[SBJ.V-ed.something][V→V]-~i[SBJ.V-ed.something][V→V][V][Intr][Sbrd][3Sg]
utaqiiluni	utaqa-~i[SBJ.V-ed.something][V→V]-~i[SBJ.V-ed.something][V→V]-~:(u)te[to.V.for.or.with][to.cause.to.V.as.one.is.V-ing][to.V.toward.each.other][V→V][V][Intr][Sbrd][3Sg]
utaqiiluni	utaqa-~i[SBJ.V-ed.something][V→V]-~i[SBJ.V-ed.something][V→V]-~:(u)te[SBJ.V-ed.something][V→V][V][Intr][Sbrd][3Sg]
utaqiiluni	utaqa-~i[SBJ.V-ed.something][V→V]-~i[SBJ.V-ed.something][V→V][V][Intr][Sbrd][3Sg]
utaqiiluni	utaqa-~i[SBJ.V-ed.something][V→V]-~:(u)te[to.V.for.or.with][to.cause.to.V.as.one.is.V-ing][to.V.toward.each.other][V→V][V][Intr][Sbrd][3Sg]
utaqiiluni	utaqa-~i[SBJ.V-ed.something][V→V]-~:(u)te[SBJ.V-ed.something][V→V][V][Intr][Sbrd][3Sg]
utaqiiluni	utaqa-~i[SBJ.V-ed.something][V→V][V][Intr][Sbrd][3Sg]

lliightuq	+?

------------------------
Aghuliightuq taghsaghineghmeng.

aghuliightuq	aghuliigh[V][Intr][Ind][3Sg]
aghuliightuq	aghuliigh-te[to.act.on.so.as.to.cause.to.V][V→V][V][Intr][Ind][3Sg]

taghsaghineghmeng	taghsagh-~i[SBJ.V-ed.something][V→V]-@₁–negh[the.act.or.activity.of.V-ing][V→N][N][Rel][4DuPoss][SgPosd]
taghsaghineghmeng	taghsagh-~i[SBJ.V-ed.something][V→V]-@₁–negh[the.act.or.activity.of.V-ing][V→N][N][Rel][4DuPoss][PlPosd]
taghsaghineghmeng	taghsagh-~i[SBJ.V-ed.something][V→V]-@₁–negh[the.act.or.activity.of.V-ing][V→N][N][Rel][4PlPoss][SgPosd]
taghsaghineghmeng	taghsagh-~i[SBJ.V-ed.something][V→V]-@₁–negh[the.act.or.activity.of.V-ing][V→N][N][Rel][4PlPoss][PlPosd]
taghsaghineghmeng	taghsagh-~i[SBJ.V-ed.something][V→V]-@₁–negh[the.act.or.activity.of.V-ing][V→N][N][Abl_Mod][Unpd][Sg]
taghsaghineghmeng	taghsagh-~i[SBJ.V-ed.something][V→V]-~:(u)te[to.V.for.or.with][to.cause.to.V.as.one.is.V-ing][to.V.toward.each.other][V→V]-@₁–negh[the.act.or.activity.of.V-ing][V→N][N][Rel][4DuPoss][SgPosd]
taghsaghineghmeng	taghsagh-~i[SBJ.V-ed.something][V→V]-~:(u)te[to.V.for.or.with][to.cause.to.V.as.one.is.V-ing][to.V.toward.each.other][V→V]-@₁–negh[the.act.or.activity.of.V-ing][V→N][N][Rel][4DuPoss][PlPosd]
taghsaghineghmeng	taghsagh-~i[SBJ.V-ed.something][V→V]-~:(u)te[to.V.for.or.with][to.cause.to.V.as.one.is.V-ing][to.V.toward.each.other][V→V]-@₁–negh[the.act.or.activity.of.V-ing][V→N][N][Rel][4PlPoss][SgPosd]
taghsaghineghmeng	taghsagh-~i[SBJ.V-ed.something][V→V]-~:(u)te[to.V.for.or.with][to.cause.to.V.as.one.is.V-ing][to.V.toward.each.other][V→V]-@₁–negh[the.act.or.activity.of.V-ing][V→N][N][Rel][4PlPoss][PlPosd]
taghsaghineghmeng	taghsagh-~i[SBJ.V-ed.something][V→V]-~:(u)te[to.V.for.or.with][to.cause.to.V.as.one.is.V-ing][to.V.toward.each.other][V→V]-@₁–negh[the.act.or.activity.of.V-ing][V→N][N][Abl_Mod][Unpd][Sg]
taghsaghineghmeng	taghsagh-~i[SBJ.V-ed.something][V→V]-~:(u)te[to.V.for.or.with][to.cause.to.V.as.one.is.V-ing][to.V.toward.each.other][V→V][V][Intr][Ctmp][4Pl]
taghsaghineghmeng	taghsagh-~i[SBJ.V-ed.something][V→V]-~:(u)te[SBJ.V-ed.something][V→V]-@₁–negh[the.act.or.activity.of.V-ing][V→N][N][Rel][4DuPoss][SgPosd]
taghsaghineghmeng	taghsagh-~i[SBJ.V-ed.something][V→V]-~:(u)te[SBJ.V-ed.something][V→V]-@₁–negh[the.act.or.activity.of.V-ing][V→N][N][Rel][4DuPoss][PlPosd]
taghsaghineghmeng	taghsagh-~i[SBJ.V-ed.something][V→V]-~:(u)te[SBJ.V-ed.something][V→V]-@₁–negh[the.act.or.activity.of.V-ing][V→N][N][Rel][4PlPoss][SgPosd]
taghsaghineghmeng	taghsagh-~i[SBJ.V-ed.something][V→V]-~:(u)te[SBJ.V-ed.something][V→V]-@₁–negh[the.act.or.activity.of.V-ing][V→N][N][Rel][4PlPoss][PlPosd]
taghsaghineghmeng	taghsagh-~i[SBJ.V-ed.something][V→V]-~:(u)te[SBJ.V-ed.something][V→V]-@₁–negh[the.act.or.activity.of.V-ing][V→N][N][Abl_Mod][Unpd][Sg]
taghsaghineghmeng	taghsagh-~i[SBJ.V-ed.something][V→V]-~:(u)te[SBJ.V-ed.something][V→V][V][Intr][Ctmp][4Pl]
taghsaghineghmeng	taghsagh-~i[SBJ.V-ed.something][V→V][V][Intr][Ctmp][4Pl]

------------------------
Iiwenllu aghneghem qukaanun lliighaquq aghnaghrukutaaghllak taghtuumalghii.

iiwenllu	iiw[N][Abs][2SgPoss][SgPosd]-llu[Encl]
iiwenllu	iiwenllu[N][Abs][Unpd][Sg]
iiwenllu	iiwete[N][Abs][Unpd][Sg]-llu[Encl]

aghneghem	aghnegh[N][Rel][Unpd][Sg]
aghneghem	Aghnegh[N][Rel][Unpd][Sg]

qukaanun	Qukaa[N][Ter][Unpd][Pl]
qukaanun	qukagh[N][Ter][3SgPoss][SgPosd]
qukaanun	qukagh[N][Ter][3SgPoss][PlPosd]

lliighaquq	+?

aghnaghrukutaaghllak	+?

taghtuumalghii	taghtugh-@₁~:(i/u)ma[to.have.V-ed][to.have.been.V-ed][V→V]-@₁–lghii[the.one.that.V-ed][the.one.that.is.V][V→N][N][Abs][Unpd][Sg]

------------------------
Taghtughluni agniiquq, "Ii-ik, ii-ik, ii-ik, aghnaghaghhaghmi whani allameng taghsanghilkuvnga neghelleqamken!"

taghtughluni	taghtugh[V][Intr][Sbrd][3Sg]

agniiquq	+?

iiik	+?

iiik	+?

iiik	+?

aghnaghaghhaghmi	aghnaghagh*-–ghhagh*[dear.N][N→N][N][Loc][Unpd][Sg]
aghnaghaghhaghmi	aghnaghagh*-–ghhagh*[dear.N][N→N][N][Rel][4SgPoss][SgPosd]
aghnaghaghhaghmi	aghnaghagh*-–ghhagh*[dear.N][N→N][N][Rel][4SgPoss][PlPosd]
aghnaghaghhaghmi	aghnaghaghhagh*[N][Loc][Unpd][Sg]
aghnaghaghhaghmi	aghnaghaghhagh*[N][Rel][4SgPoss][SgPosd]
aghnaghaghhaghmi	aghnaghaghhagh*[N][Rel][4SgPoss][PlPosd]

whani	wha[N][Abs][4SgPoss][SgPosd]
whani	wha[N][Abs][4SgPoss][PlPosd]
whani	wha[N][Loc][Unpd][Pl]
whani	whani
whani	whani[N][Abs][Unpd][Sg]

allameng	alla[N][Rel][4DuPoss][SgPosd]
allameng	alla[N][Rel][4DuPoss][PlPosd]
allameng	alla[N][Rel][4PlPoss][SgPosd]
allameng	alla[N][Rel][4PlPoss][PlPosd]
allameng	alla[N][Abl_Mod][Unpd][Sg]

taghsanghilkuvnga	taghsagh-@₁–nghite**[to.not.V][V→V][V][Trns][Cond][2Sg][1Sg]

neghelleqamken	neghe-te[to.act.on.so.as.to.cause.to.V][V→V]-@₁lleqe[will.V][V→V][V][Trns][Ind][1Du][2Sg]
neghelleqamken	neghe-te[to.act.on.so.as.to.cause.to.V][V→V]-@₁lleqe[will.V][V→V][V][Trns][Ind][1Pl][2Sg]
neghelleqamken	neghe-te[to.act.on.so.as.to.cause.to.V][V→V]-@₁lleqe[will.V][V→V][V][Trns][Ind][1Sg][2Sg]
neghelleqamken	neghe-@₁lleqe[will.V][V→V][V][Trns][Ind][1Du][2Sg]
neghelleqamken	neghe-@₁lleqe[will.V][V→V][V][Trns][Ind][1Pl][2Sg]
neghelleqamken	neghe-@₁lleqe[will.V][V→V][V][Trns][Ind][1Sg][2Sg]

------------------------
Aghnaghrukutaaq aqumumalghii.

aghnaghrukutaaq	+?

aqumumalghii	aqume-@₁~:(i/u)ma[to.have.V-ed][to.have.been.V-ed][V→V]-@₁–lghii[the.one.that.V-ed][the.one.that.is.V][V→N][N][Abs][Unpd][Sg]

------------------------
Pimakanga Ukamangaan, "Igataghtunga!

pimakanga	pi-@₁~:(i/u)ma[to.have.V-ed][to.have.been.V-ed][V→V]-@*@₂~sf–(g₂)k(a)e[the.one.that.possessor.V-ed][V→N][N][Abs][3SgPoss][SgPosd]
pimakanga	pi-@₁~:(i/u)ma[to.have.V-ed][to.have.been.V-ed][V→V][V][Trns][Ptcp][3Sg][3Sg]
pimakanga	pi-@₁~:(i/u)ma[to.have.V-ed][to.have.been.V-ed][V→V][V][Trns][Cond][3Sg][1Sg]

ukamangaan	+?

igataghtunga	igatagh[V][Intr][Ind][1Sg]
igataghtunga	igatagh-te[to.act.on.so.as.to.cause.to.V][V→V][V][Intr][Ind][1Sg]

------------------------
Tuuninga taagken yugem neqanganeng."

tuuninga	tuune[V][Trns][Opt][PRS][2Sg][1Sg]

taagken	taagken

yugem	yu(u)g[N][Rel][Unpd][Sg]
yugem	yug[N][Rel][Unpd][Sg]

neqanganeng	+?

------------------------
Ukamangaatem tuunumakanga.

ukamangaatem	+?

tuunumakanga	tuune-@₁~:(i/u)ma[to.have.V-ed][to.have.been.V-ed][V→V]-@*@₂~sf–(g₂)k(a)e[the.one.that.possessor.V-ed][V→N][N][Abs][3SgPoss][SgPosd]
tuunumakanga	tuune-@₁~:(i/u)ma[to.have.V-ed][to.have.been.V-ed][V→V][V][Trns][Ptcp][3Sg][3Sg]
tuunumakanga	tuune-@₁~:(i/u)ma[to.have.V-ed][to.have.been.V-ed][V→V][V][Trns][Cond][3Sg][1Sg]

------------------------
Aghnaghrukutaaghllak neghumalghii.

aghnaghrukutaaghllak	+?

neghumalghii	negh-@₁~:(i/u)ma[to.have.V-ed][to.have.been.V-ed][V→V]-@₁–lghii[the.one.that.V-ed][the.one.that.is.V][V→N][N][Abs][Unpd][Sg]
neghumalghii	neghe-@₁~:(i/u)ma[to.have.V-ed][to.have.been.V-ed][V→V]-@₁–lghii[the.one.that.V-ed][the.one.that.is.V][V→N][N][Abs][Unpd][Sg]

------------------------


	

------------------------
Neneghmeng taaqluni aanumalghii.

neneghmeng	negh-@₁–negh[the.act.or.activity.of.V-ing][V→N][N][Rel][4DuPoss][SgPosd]
neneghmeng	negh-@₁–negh[the.act.or.activity.of.V-ing][V→N][N][Rel][4DuPoss][PlPosd]
neneghmeng	negh-@₁–negh[the.act.or.activity.of.V-ing][V→N][N][Rel][4PlPoss][SgPosd]
neneghmeng	negh-@₁–negh[the.act.or.activity.of.V-ing][V→N][N][Rel][4PlPoss][PlPosd]
neneghmeng	negh-@₁–negh[the.act.or.activity.of.V-ing][V→N][N][Abl_Mod][Unpd][Sg]
neneghmeng	negh[V][Intr][Ctmp][4Pl]
neneghmeng	nenegh[N][Rel][4DuPoss][SgPosd]
neneghmeng	nenegh[N][Rel][4DuPoss][PlPosd]
neneghmeng	nenegh[N][Rel][4PlPoss][SgPosd]
neneghmeng	nenegh[N][Rel][4PlPoss][PlPosd]
neneghmeng	nenegh[N][Abl_Mod][Unpd][Sg]

taaqluni	taaqe-te[to.act.on.so.as.to.cause.to.V][V→V][V][Intr][Sbrd][3Sg]
taaqluni	taaqe[V][Intr][Sbrd][3Sg]

aanumalghii	aane-@₁~:(i/u)ma[to.have.V-ed][to.have.been.V-ed][V→V]-@₁–lghii[the.one.that.V-ed][the.one.that.is.V][V→N][N][Abs][Unpd][Sg]

------------------------
Ukamangaatem nallukumakanga natmun pimatanga.

ukamangaatem	+?

nallukumakanga	nalluke-@₁~:(i/u)ma[to.have.V-ed][to.have.been.V-ed][V→V]-@*@₂~sf–(g₂)k(a)e[the.one.that.possessor.V-ed][V→N][N][Abs][3SgPoss][SgPosd]
nallukumakanga	nalluke-@₁~:(i/u)ma[to.have.V-ed][to.have.been.V-ed][V→V][V][Trns][Ptcp][3Sg][3Sg]
nallukumakanga	nalluke-@₁~:(i/u)ma[to.have.V-ed][to.have.been.V-ed][V→V][V][Trns][Cond][3Sg][1Sg]

natmun	+?

pimatanga	pi-@₁~:(i/u)ma[to.have.V-ed][to.have.been.V-ed][V→V]-~:(u)te[to.V.for.or.with][to.cause.to.V.as.one.is.V-ing][to.V.toward.each.other][V→V][V][Trns][Intrg][3Sg][1Sg]
pimatanga	pi-@₁~:(i/u)ma[to.have.V-ed][to.have.been.V-ed][V→V]-~:(u)ta[condition.with.respect.to.V-ing][V→N][N][Abs][3SgPoss][SgPosd]
pimatanga	pi-@₁~:(i/u)ma[to.have.V-ed][to.have.been.V-ed][V→V]-te[to.act.on.so.as.to.cause.to.V][V→V][V][Trns][Intrg][3Sg][1Sg]

------------------------
Tagiyalghiimi unangumalghii neghsameng.

tagiyalghiimi	tagi-@₁~fyagh[to.go.V-ing][to.V.in.vain][V→V]-@₁–lghii[the.one.that.V-ed][the.one.that.is.V][V→N][N][Loc][Unpd][Sg]
tagiyalghiimi	tagi-@₁~fyagh[to.go.V-ing][to.V.in.vain][V→V]-@₁–lghii[the.one.that.V-ed][the.one.that.is.V][V→N][N][Rel][4SgPoss][SgPosd]
tagiyalghiimi	tagi-@₁~fyagh[to.go.V-ing][to.V.in.vain][V→V]-@₁–lghii[the.one.that.V-ed][the.one.that.is.V][V→N][N][Rel][4SgPoss][PlPosd]
tagiyalghiimi	tagi-~:(u)te[to.V.for.or.with][to.cause.to.V.as.one.is.V-ing][to.V.toward.each.other][V→V]-@₁~fyagh[to.go.V-ing][to.V.in.vain][V→V]-@₁–lghii[the.one.that.V-ed][the.one.that.is.V][V→N][N][Loc][Unpd][Sg]
tagiyalghiimi	tagi-~:(u)te[to.V.for.or.with][to.cause.to.V.as.one.is.V-ing][to.V.toward.each.other][V→V]-@₁~fyagh[to.go.V-ing][to.V.in.vain][V→V]-@₁–lghii[the.one.that.V-ed][the.one.that.is.V][V→N][N][Rel][4SgPoss][SgPosd]
tagiyalghiimi	tagi-~:(u)te[to.V.for.or.with][to.cause.to.V.as.one.is.V-ing][to.V.toward.each.other][V→V]-@₁~fyagh[to.go.V-ing][to.V.in.vain][V→V]-@₁–lghii[the.one.that.V-ed][the.one.that.is.V][V→N][N][Rel][4SgPoss][PlPosd]
tagiyalghiimi	tagi-~:(u)te[to.V.for.or.with][to.cause.to.V.as.one.is.V-ing][to.V.toward.each.other][V→V][V][Intr][Ptcp_Obl][4Sg]
tagiyalghiimi	tagi-~:(u)te[SBJ.V-ed.something][V→V]-@₁~fyagh[to.go.V-ing][to.V.in.vain][V→V]-@₁–lghii[the.one.that.V-ed][the.one.that.is.V][V→N][N][Loc][Unpd][Sg]
tagiyalghiimi	tagi-~:(u)te[SBJ.V-ed.something][V→V]-@₁~fyagh[to.go.V-ing][to.V.in.vain][V→V]-@₁–lghii[the.one.that.V-ed][the.one.that.is.V][V→N][N][Rel][4SgPoss][SgPosd]
tagiyalghiimi	tagi-~:(u)te[SBJ.V-ed.something][V→V]-@₁~fyagh[to.go.V-ing][to.V.in.vain][V→V]-@₁–lghii[the.one.that.V-ed][the.one.that.is.V][V→N][N][Rel][4SgPoss][PlPosd]
tagiyalghiimi	tagi-~:(u)te[SBJ.V-ed.something][V→V][V][Intr][Ptcp_Obl][4Sg]
tagiyalghiimi	tagi[V][Intr][Ptcp_Obl][4Sg]

unangumalghii	una-~:(ng₁)u[to.be.N][N→V]-@₁~:(i/u)ma[to.have.V-ed][to.have.been.V-ed][V→V]-@₁–lghii[the.one.that.V-ed][the.one.that.is.V][V→N][N][Abs][Unpd][Sg]

neghsameng	negh-te[to.act.on.so.as.to.cause.to.V][V→V][V][Intr][CnsqI][4Pl]
neghsameng	neghe-te[to.act.on.so.as.to.cause.to.V][V→V][V][Intr][CnsqI][4Pl]
neghsameng	neghsagh[N][Rel][4DuPoss][SgPosd]
neghsameng	neghsagh[N][Rel][4DuPoss][PlPosd]
neghsameng	neghsagh[N][Rel][4PlPoss][SgPosd]
neghsameng	neghsagh[N][Rel][4PlPoss][PlPosd]
neghsameng	neghsagh[N][Abl_Mod][Unpd][Sg]

------------------------
Pimakanga Ukamangaan, "Enta neghelta!

pimakanga	pi-@₁~:(i/u)ma[to.have.V-ed][to.have.been.V-ed][V→V]-@*@₂~sf–(g₂)k(a)e[the.one.that.possessor.V-ed][V→N][N][Abs][3SgPoss][SgPosd]
pimakanga	pi-@₁~:(i/u)ma[to.have.V-ed][to.have.been.V-ed][V→V][V][Trns][Ptcp][3Sg][3Sg]
pimakanga	pi-@₁~:(i/u)ma[to.have.V-ed][to.have.been.V-ed][V→V][V][Trns][Cond][3Sg][1Sg]

ukamangaan	+?

enta	+?

neghelta	negh[V][Intr][Opt][PRS][1Pl]
neghelta	neghe[V][Intr][Opt][PRS][1Pl]

------------------------
Unaami anagunakevnga taawanginaq wata.

unaami	unaami[N][Abs][Unpd][Sg]

anagunakevnga	+?

taawanginaq	+?

wata	+?

------------------------
Iiwen anagunghilkuvnga neghelleqamken!"

iiwen	iiw[N][Abs][2SgPoss][SgPosd]
iiwen	iiwete[N][Abs][Unpd][Sg]

anagunghilkuvnga	+?

neghelleqamken	neghe-te[to.act.on.so.as.to.cause.to.V][V→V]-@₁lleqe[will.V][V→V][V][Trns][Ind][1Du][2Sg]
neghelleqamken	neghe-te[to.act.on.so.as.to.cause.to.V][V→V]-@₁lleqe[will.V][V→V][V][Trns][Ind][1Pl][2Sg]
neghelleqamken	neghe-te[to.act.on.so.as.to.cause.to.V][V→V]-@₁lleqe[will.V][V→V][V][Trns][Ind][1Sg][2Sg]
neghelleqamken	neghe-@₁lleqe[will.V][V→V][V][Trns][Ind][1Du][2Sg]
neghelleqamken	neghe-@₁lleqe[will.V][V→V][V][Trns][Ind][1Pl][2Sg]
neghelleqamken	neghe-@₁lleqe[will.V][V→V][V][Trns][Ind][1Sg][2Sg]

------------------------
Neqaghlutek qavaamalghiik.

neqaghlutek	+?

qavaamalghiik	qavagh-@₁~:(i/u)ma[to.have.V-ed][to.have.been.V-ed][V→V]-@₁–lghii[the.one.that.V-ed][the.one.that.is.V][V→N][N][Abs][Unpd][Du]
qavaamalghiik	qavagh-@₁~:(i/u)ma[to.have.V-ed][to.have.been.V-ed][V→V]-@₁–lghii[the.one.that.V-ed][the.one.that.is.V][V→N][N][Rel][Unpd][Du]
qavaamalghiik	qavagh-@₁~:(i/u)ma[to.have.V-ed][to.have.been.V-ed][V→V][V][Intr][Ptcp][3Du]
qavaamalghiik	qavagh-~:(ng₁)u[to.be.N][N→V]-@₁~:(i/u)ma[to.have.V-ed][to.have.been.V-ed][V→V]-@₁–lghii[the.one.that.V-ed][the.one.that.is.V][V→N][N][Abs][Unpd][Du]
qavaamalghiik	qavagh-~:(ng₁)u[to.be.N][N→V]-@₁~:(i/u)ma[to.have.V-ed][to.have.been.V-ed][V→V]-@₁–lghii[the.one.that.V-ed][the.one.that.is.V][V→N][N][Rel][Unpd][Du]
qavaamalghiik	qavagh-~:(ng₁)u[to.be.N][N→V]-@₁~:(i/u)ma[to.have.V-ed][to.have.been.V-ed][V→V][V][Intr][Ptcp][3Du]

------------------------


	

------------------------
Unaami unanguluku taghtuumalghii Ukamangaan.

unaami	unaami[N][Abs][Unpd][Sg]

unanguluku	+?

taghtuumalghii	taghtugh-@₁~:(i/u)ma[to.have.V-ed][to.have.been.V-ed][V→V]-@₁–lghii[the.one.that.V-ed][the.one.that.is.V][V→N][N][Abs][Unpd][Sg]

ukamangaan	+?

------------------------
Ukamangaatem elqunghek tugumakek.

ukamangaatem	+?

elqunghek	+?

tugumakek	tugu-@₁~:(i/u)ma[to.have.V-ed][to.have.been.V-ed][V→V]-@*@₂~sf–(g₂)k(a)e[the.one.that.possessor.V-ed][V→N][N][Abs][Unpd][Du]
tugumakek	tugu-@₁~:(i/u)ma[to.have.V-ed][to.have.been.V-ed][V→V]-@*@₂~sf–(g₂)k(a)e[the.one.that.possessor.V-ed][V→N][N][Rel][Unpd][Du]
tugumakek	tugu-@₁~:(i/u)ma[to.have.V-ed][to.have.been.V-ed][V→V][V][Trns][Intrg][2Pl][3Du]
tugumakek	tugu-@₁~:(i/u)ma[to.have.V-ed][to.have.been.V-ed][V→V][V][Trns][Opt][PRS][2Sg][3Du]

------------------------
Sumeghtaghaamalghii, "Qaywa tuqulanga!"

sumeghtaghaamalghii	sumeghtaghagh-@₁~:(i/u)ma[to.have.V-ed][to.have.been.V-ed][V→V]-@₁–lghii[the.one.that.V-ed][the.one.that.is.V][V→N][N][Abs][Unpd][Sg]

qaywa	+?

tuqulanga	tuqu-~:(u)te[to.V.for.or.with][to.cause.to.V.as.one.is.V-ing][to.V.toward.each.other][V→V][V][Intr][Opt][PRS][1Sg]
tuqulanga	tuqu-~:(u)te[SBJ.V-ed.something][V→V][V][Intr][Opt][PRS][1Sg]
tuqulanga	tuqu[V][Intr][Opt][PRS][1Sg]

------------------------
Anagumakanga naasqwakun qevuulluku.

anagumakanga	+?

naasqwakun	+?

qevuulluku	qevuute[V][Trns][Sbrd][_][3Sg]

------------------------
Aghnaghrukutaaghllak aqumumalghii nenglaamaghmi, "Hahahaha!

aghnaghrukutaaghllak	+?

aqumumalghii	aqume-@₁~:(i/u)ma[to.have.V-ed][to.have.been.V-ed][V→V]-@₁–lghii[the.one.that.V-ed][the.one.that.is.V][V→N][N][Abs][Unpd][Sg]

nenglaamaghmi	nenglagh-@₁~:(i/u)magh*[while.V-ing][V→V][Quant_Qual][4Sg]

hahahaha	+?

------------------------
Tawaten tawaten tawaten!

tawaten	tawaten

tawaten	tawaten

tawaten	tawaten

------------------------
Uveghllunga anagunayaqevnga aglaaghhaatenngam atkuka una aalluku.

uveghllunga	+?

anagunayaqevnga	+?

aglaaghhaatenngam	+?

atkuka	atkug-~–ke[to.have.as.one's.N(s)][N→V][V][Intr][Intrg][3Sg]
atkuka	atkug[N][Abs][1SgPoss][SgPosd]

una	una
una	una[N][Abs][Unpd][Sg]

aalluku	aate[V][Trns][Sbrd][_][3Sg]

------------------------
Yugunghitunga, kayngenguunga."

yugunghitunga	yu(u)g-~:(ng₁)u[to.be.N][N→V]-@₁–nghite**[to.not.V][V→V][V][Intr][Ind][1Sg]
yugunghitunga	yug-~:(ng₁)u[to.be.N][N→V]-@₁–nghite**[to.not.V][V→V][V][Intr][Ind][1Sg]

kayngenguunga	+?

------------------------
Llaaghanwha aghulaqumalghii Ukamangaan Ungazimun.

llaaghanwha	+?

aghulaqumalghii	aghulaqe-@₁~:(i/u)ma[to.have.V-ed][to.have.been.V-ed][V→V]-@₁–lghii[the.one.that.V-ed][the.one.that.is.V][V→N][N][Abs][Unpd][Sg]

ukamangaan	+?

ungazimun	Ungazigh[N][Ter][Unpd][Sg]

------------------------


	

------------------------
Igleghsimalghii kaasaghtuumalghii Ungazimun sukalluni.

igleghsimalghii	igleghte-@₁~:(i/u)ma[to.have.V-ed][to.have.been.V-ed][V→V]-@₁–lghii[the.one.that.V-ed][the.one.that.is.V][V→N][N][Abs][Unpd][Sg]

kaasaghtuumalghii	kaate-@₁~fyaghtugh[to.be.about.to.V][to.go.somewhere.to.V]-@₁~:(i/u)ma[to.have.V-ed][to.have.been.V-ed][V→V]-@₁–lghii[the.one.that.V-ed][the.one.that.is.V][V→N][N][Abs][Unpd][Sg]

ungazimun	Ungazigh[N][Ter][Unpd][Sg]

sukalluni	sukate*[V][Intr][Sbrd][3Sg]

------------------------
Igleghsimaluku yuggaam esghaamakanga mengteghaam saaghwaneng.

igleghsimaluku	+?

yuggaam	+?

esghaamakanga	esghagh-@₁~:(i/u)ma[to.have.V-ed][to.have.been.V-ed][V→V]-@*@₂~sf–(g₂)k(a)e[the.one.that.possessor.V-ed][V→N][N][Abs][3SgPoss][SgPosd]
esghaamakanga	esghagh-@₁~:(i/u)ma[to.have.V-ed][to.have.been.V-ed][V→V][V][Trns][Ptcp][3Sg][3Sg]
esghaamakanga	esghagh-@₁~:(i/u)ma[to.have.V-ed][to.have.been.V-ed][V→V][V][Trns][Cond][3Sg][1Sg]

mengteghaam	+?

saaghwaneng	saaghw[N][Abl_Mod][3SgPoss][SgPosd]
saaghwaneng	saaghw[N][Abl_Mod][3SgPoss][PlPosd]

------------------------
Araamalghii, "Maakughsiiy kayngeghllak taakwa!"

araamalghii	+?

maakughsiiy	+?

kayngeghllak	+?

taakwa	taakwa

------------------------
Yulghutet ughluveteng panateng tugulaghluki malighqaghaat.

yulghutet	+?

ughluveteng	ughluvegh[N][Abs][4PlPoss][PlPosd]

panateng	pana[N][Abs][4PlPoss][PlPosd]

tugulaghluki	+?

malighqaghaat	+?

------------------------
Ukamangaan araghtuq, "Kayngengunghitunga, aghnaghhaguunga!"

ukamangaan	+?

araghtuq	+?

kayngengunghitunga	+?

aghnaghhaguunga	+?

------------------------
Yaghlegi mulaaghtuq kayngestun.

yaghlegi	+?

mulaaghtuq	+?

kayngestun	+?

------------------------
Ukamangaan aghuliightuq.

ukamangaan	+?

aghuliightuq	aghuliigh[V][Intr][Ind][3Sg]
aghuliightuq	aghuliigh-te[to.act.on.so.as.to.cause.to.V][V→V][V][Intr][Ind][3Sg]

------------------------
Nasani mataghtaa.

nasani	nasagh[N][Abs][4SgPoss][SgPosd]
nasani	nasagh[N][Abs][4SgPoss][PlPosd]
nasani	nasagh[N][Loc][Unpd][Pl]

mataghtaa	matagh*-te[Active][to.get.into.R.posture][V][Intr][Intrg][3Sg]
mataghtaa	matagh*-te[Active][to.put.into.R.posture][V][Trns][Ind][3Sg][3Sg]
mataghtaa	matagh-te[to.catch.N][to.go.to.N][N→V][V][Intr][Intrg][3Sg]
mataghtaa	matagh-tugh[to.eat.N][to.use.N][N→V][V][Intr][Opt][PRS][2Sg]

------------------------
Gginaa aliightuq.

gginaa	gginagh-~:(ng₁)u[to.be.N][N→V][V][Intr][Opt][PRS][2Sg]
gginaa	gginagh[N][Abs][3SgPoss][SgPosd]

aliightuq	aw-–liigh[to.cook.or.prepare.N][N→V][V][Intr][Ind][3Sg]
aliightuq	aw-–liigh[to.cook.or.prepare.N][N→V]-te[to.act.on.so.as.to.cause.to.V][V→V][V][Intr][Ind][3Sg]

------------------------
Yuget esghaghluku liisuqaat llaaghan Ukamangaan.

yuget	yu(u)g[N][Abs][Unpd][Pl]
yuget	yu(u)g[N][Rel][Unpd][Pl]
yuget	yug[N][Abs][Unpd][Pl]
yuget	yug[N][Rel][Unpd][Pl]

esghaghluku	esghagh[V][Trns][Sbrd][_][3Sg]

liisuqaat	+?

llaaghan	+?

ukamangaan	+?

------------------------
Awenralengan pimakanga, "Tagipigesnaghtuten.

awenralengan	+?

pimakanga	pi-@₁~:(i/u)ma[to.have.V-ed][to.have.been.V-ed][V→V]-@*@₂~sf–(g₂)k(a)e[the.one.that.possessor.V-ed][V→N][N][Abs][3SgPoss][SgPosd]
pimakanga	pi-@₁~:(i/u)ma[to.have.V-ed][to.have.been.V-ed][V→V][V][Trns][Ptcp][3Sg][3Sg]
pimakanga	pi-@₁~:(i/u)ma[to.have.V-ed][to.have.been.V-ed][V→V][V][Trns][Cond][3Sg][1Sg]

tagipigesnaghtuten	+?

------------------------
Ayumiqun itagnatun tuunyaghtughlleqamken quyngilegnun."

ayumiqun	ayumigh*-~–ke[to.have.as.one's.N(s)][N→V]-~:(u)te[condition.with.respect.to.V-ing][V→N][N][Abs][Unpd][Sg]
ayumiqun	ayumiqute[N][Abs][Unpd][Sg]

itagnatun	+?

tuunyaghtughlleqamken	tuune-@₁~fyaghtugh[to.be.about.to.V][to.go.somewhere.to.V]-te[to.act.on.so.as.to.cause.to.V][V→V]-te[to.act.on.so.as.to.cause.to.V][V→V]-@₁lleqe[will.V][V→V][V][Trns][Ind][1Du][2Sg]
tuunyaghtughlleqamken	tuune-@₁~fyaghtugh[to.be.about.to.V][to.go.somewhere.to.V]-te[to.act.on.so.as.to.cause.to.V][V→V]-te[to.act.on.so.as.to.cause.to.V][V→V]-@₁lleqe[will.V][V→V][V][Trns][Ind][1Pl][2Sg]
tuunyaghtughlleqamken	tuune-@₁~fyaghtugh[to.be.about.to.V][to.go.somewhere.to.V]-te[to.act.on.so.as.to.cause.to.V][V→V]-te[to.act.on.so.as.to.cause.to.V][V→V]-@₁lleqe[will.V][V→V][V][Trns][Ind][1Sg][2Sg]
tuunyaghtughlleqamken	tuune-@₁~fyaghtugh[to.be.about.to.V][to.go.somewhere.to.V]-te[to.act.on.so.as.to.cause.to.V][V→V]-@₁lleqe[will.V][V→V][V][Trns][Ind][1Du][2Sg]
tuunyaghtughlleqamken	tuune-@₁~fyaghtugh[to.be.about.to.V][to.go.somewhere.to.V]-te[to.act.on.so.as.to.cause.to.V][V→V]-@₁lleqe[will.V][V→V][V][Trns][Ind][1Pl][2Sg]
tuunyaghtughlleqamken	tuune-@₁~fyaghtugh[to.be.about.to.V][to.go.somewhere.to.V]-te[to.act.on.so.as.to.cause.to.V][V→V]-@₁lleqe[will.V][V→V][V][Trns][Ind][1Sg][2Sg]
tuunyaghtughlleqamken	tuune-@₁~fyaghtugh[to.be.about.to.V][to.go.somewhere.to.V]-@₁lleqe[will.V][V→V][V][Trns][Ind][1Du][2Sg]
tuunyaghtughlleqamken	tuune-@₁~fyaghtugh[to.be.about.to.V][to.go.somewhere.to.V]-@₁lleqe[will.V][V→V][V][Trns][Ind][1Pl][2Sg]
tuunyaghtughlleqamken	tuune-@₁~fyaghtugh[to.be.about.to.V][to.go.somewhere.to.V]-@₁lleqe[will.V][V→V][V][Trns][Ind][1Sg][2Sg]

quyngilegnun	quyngigh-–leg[one.having.N][N→N][N][Ter][Unpd][Pl]

------------------------
Aghnaghaam atkuni mataghlluku taglaamalghii.

aghnaghaam	aghnaghagh*[N][Rel][Unpd][Sg]

atkuni	atkug[N][Abs][4SgPoss][SgPosd]
atkuni	atkug[N][Abs][4SgPoss][PlPosd]

mataghlluku	+?

taglaamalghii	taglagh-@₁~:(i/u)ma[to.have.V-ed][to.have.been.V-ed][V→V]-@₁–lghii[the.one.that.V-ed][the.one.that.is.V][V→N][N][Abs][Unpd][Sg]

------------------------


	

------------------------
Tawani neghtuq mangunameng.

tawani	tawani
tawani	tawani[N][Abs][Unpd][Sg]

neghtuq	negh[V][Intr][Ind][3Sg]
neghtuq	negh-te[to.act.on.so.as.to.cause.to.V][V→V][V][Intr][Ind][3Sg]

mangunameng	manguna[N][Rel][4DuPoss][SgPosd]
mangunameng	manguna[N][Rel][4DuPoss][PlPosd]
mangunameng	manguna[N][Rel][4PlPoss][SgPosd]
mangunameng	manguna[N][Rel][4PlPoss][PlPosd]
mangunameng	manguna[N][Abl_Mod][Unpd][Sg]

------------------------
Qavanghituq.

qavanghituq	qavagh-@₁–nghite**[to.not.V][V→V][V][Intr][Ind][3Sg]

------------------------
Esnamun piyaaguq.

esnamun	esnagh[N][Ter][Unpd][Sg]

piyaaguq	piyaa[V][Intr][Ind][3Sg]

------------------------
Tawani qiyamalghii nuna tukeghraamaan.

tawani	tawani
tawani	tawani[N][Abs][Unpd][Sg]

qiyamalghii	qiya-@₁~:(i/u)ma[to.have.V-ed][to.have.been.V-ed][V→V]-@₁–lghii[the.one.that.V-ed][the.one.that.is.V][V→N][N][Abs][Unpd][Sg]

nuna	nuna[N][Abs][Unpd][Sg]

tukeghraamaan	tukeghragh-~:(ng₁)u[to.be.N][N→V]-@₁~:(i/u)magh*[while.V-ing][V→V][Quant_Qual][3Sg]

------------------------
Enkaamam iiwenllu mamlegtaqaa Ukamangaan qiyakestaghngaaghmi qavaamalghii.

enkaamam	+?

iiwenllu	iiw[N][Abs][2SgPoss][SgPosd]-llu[Encl]
iiwenllu	iiwenllu[N][Abs][Unpd][Sg]
iiwenllu	iiwete[N][Abs][Unpd][Sg]-llu[Encl]

mamlegtaqaa	mamleg-te[to.catch.N][to.go.to.N][N→V]-~(g₁)aqe[to.be.V.ing][to.regularly.or.repeatedly.V][V→V][V][Intr][Intrg][3Sg]

ukamangaan	+?

qiyakestaghngaaghmi	+?

qavaamalghii	qavagh-@₁~:(i/u)ma[to.have.V-ed][to.have.been.V-ed][V→V]-@₁–lghii[the.one.that.V-ed][the.one.that.is.V][V→N][N][Abs][Unpd][Sg]
qavaamalghii	qavagh-~:(ng₁)u[to.be.N][N→V]-@₁~:(i/u)ma[to.have.V-ed][to.have.been.V-ed][V→V]-@₁–lghii[the.one.that.V-ed][the.one.that.is.V][V→N][N][Abs][Unpd][Sg]

------------------------


	

------------------------
Iwernga qavanguumalghii.

iwernga	iwernga

qavanguumalghii	qavangugh-~:(ng₁)u[to.be.N][N→V]-@₁~:(i/u)ma[to.have.V-ed][to.have.been.V-ed][V→V]-@₁–lghii[the.one.that.V-ed][the.one.that.is.V][V→N][N][Abs][Unpd][Sg]

------------------------
Angyat tagiqeftut.

angyat	angyagh[N][Abs][Unpd][Pl]
angyat	angyagh[N][Rel][Unpd][Pl]
angyat	Angyat[N][Abs][Unpd][Sg]

tagiqeftut	+?

------------------------
Angyat kaatut.

angyat	angyagh[N][Abs][Unpd][Pl]
angyat	angyagh[N][Rel][Unpd][Pl]
angyat	Angyat[N][Abs][Unpd][Sg]

kaatut	kaate[V][Intr][Ind][3Pl]

------------------------
Araamakangat, "Ukamangaatnguzin?"

araamakangat	+?

ukamangaatnguzin	+?

------------------------
"Ipapik."

ipapik	+?

------------------------
"Quneghlluten angyamun uugten!"

quneghlluten	+?

angyamun	angyagh[N][Ter][Unpd][Sg]

uugten	+?

------------------------
Llaaghanwha uugtuq Ukamangaan angyamun esghaghpenani.

llaaghanwha	+?

uugtuq	+?

ukamangaan	+?

angyamun	angyagh[N][Ter][Unpd][Sg]

esghaghpenani	+?

------------------------
Suqsughtaghtut suqsughtaghtut.

suqsughtaghtut	+?

suqsughtaghtut	+?

------------------------
Sivuqamun kaatut.

sivuqamun	Sivuqagh[N][Ter][Unpd][Sg]

kaatut	kaate[V][Intr][Ind][3Pl]

------------------------
Qenaghpallaatut.

qenaghpallaatut	+?

------------------------
"Esghaghhaatenngamnalugullghaaten quutmun!"

esghaghhaatenngamnalugullghaaten	+?

quutmun	+?

------------------------
Llaaghanwha sivukluni nalugutuq Ukamangaan esghaghpenani.

llaaghanwha	+?

sivukluni	sivu-~–ke[to.have.as.one's.N(s)][N→V]-te[to.act.on.so.as.to.cause.to.V][V→V]-te[to.act.on.so.as.to.cause.to.V][V→V][V][Intr][Sbrd][3Sg]
sivukluni	sivu-~–ke[to.have.as.one's.N(s)][N→V]-te[to.act.on.so.as.to.cause.to.V][V→V][V][Intr][Sbrd][3Sg]
sivukluni	sivu-~–ke[to.have.as.one's.N(s)][N→V][V][Intr][Sbrd][3Sg]
sivukluni	sivug-~–ke[to.have.as.one's.N(s)][N→V]-te[to.act.on.so.as.to.cause.to.V][V→V]-te[to.act.on.so.as.to.cause.to.V][V→V][V][Intr][Sbrd][3Sg]
sivukluni	sivug-~–ke[to.have.as.one's.N(s)][N→V]-te[to.act.on.so.as.to.cause.to.V][V→V][V][Intr][Sbrd][3Sg]
sivukluni	sivug-~–ke[to.have.as.one's.N(s)][N→V][V][Intr][Sbrd][3Sg]

nalugutuq	nalug-~:(u)te[to.V.for.or.with][to.cause.to.V.as.one.is.V-ing][to.V.toward.each.other][V→V][V][Intr][Ind][3Sg]
nalugutuq	nalug-~:(u)te[SBJ.V-ed.something][V→V][V][Intr][Ind][3Sg]

ukamangaan	+?

esghaghpenani	+?

------------------------
Saaghhwaakun miluusimakangat nengik maalghuk mangtak.

saaghhwaakun	+?

miluusimakangat	+?

nengik	ne[N][Abs][3DuPoss][PlPosd]
nengik	nengigh[N][Abs][Unpd][Du]
nengik	nengigh[N][Rel][Unpd][Du]

maalghuk	maalghug[N][Abs][Unpd][Sg]

mangtak	mangtag[N][Abs][Unpd][Sg]

------------------------
Ukamangaan pimakangat, "Esgha taana angyaataghqaghhaan!

ukamangaan	+?

pimakangat	pi-@₁~:(i/u)ma[to.have.V-ed][to.have.been.V-ed][V→V]-@*@₂~sf–(g₂)k(a)e[the.one.that.possessor.V-ed][V→N][N][Abs][3PlPoss][SgPosd]
pimakangat	pi-@₁~:(i/u)ma[to.have.V-ed][to.have.been.V-ed][V→V][V][Trns][Ptcp][3Pl][3Sg]

esgha	+?

taana	taana

angyaataghqaghhaan	+?

------------------------
Aglaghnaqegkuvek tugunaken!"

aglaghnaqegkuvek	aglagh-@₁~fnaqe[to.be.going.to.V][V→V][V][Intr][Cond][2Sg]

tugunaken	tugu-@₁~fna[in.order.to.V][intending.to.V][V→V]-@*@₂~sf–(g₂)k(a)e[the.one.that.possessor.V-ed][V→N][N][Abs][2SgPoss][SgPosd]
tugunaken	tugu-@₁~fna[in.order.to.V][intending.to.V][V→V][V][Trns][Ptcp][2Sg][3Sg]
tugunaken	tugu-~:(u)te[to.V.for.or.with][to.cause.to.V.as.one.is.V-ing][to.V.toward.each.other][V→V]-@₁~fna[in.order.to.V][intending.to.V][V→V]-@*@₂~sf–(g₂)k(a)e[the.one.that.possessor.V-ed][V→N][N][Abs][2SgPoss][SgPosd]
tugunaken	tugu-~:(u)te[to.V.for.or.with][to.cause.to.V.as.one.is.V-ing][to.V.toward.each.other][V→V]-@₁~fna[in.order.to.V][intending.to.V][V→V][V][Trns][Ptcp][2Sg][3Sg]
tugunaken	tugu-~:(u)te[to.V.for.or.with][to.cause.to.V.as.one.is.V-ing][to.V.toward.each.other][V→V][V][Trns][Opt][FUT][2Sg][3Sg]
tugunaken	tugu-~:(u)te[SBJ.V-ed.something][V→V]-@₁~fna[in.order.to.V][intending.to.V][V→V]-@*@₂~sf–(g₂)k(a)e[the.one.that.possessor.V-ed][V→N][N][Abs][2SgPoss][SgPosd]
tugunaken	tugu[V][Trns][Opt][FUT][2Sg][3Sg]

------------------------


	

------------------------
Qavaqestaghngaaghmi taghtughyalghiimi angyat aviitut.

qavaqestaghngaaghmi	+?

taghtughyalghiimi	taghtugh-@₁~fyagh[to.go.V-ing][to.V.in.vain][V→V]-@₁–lghii[the.one.that.V-ed][the.one.that.is.V][V→N][N][Loc][Unpd][Sg]
taghtughyalghiimi	taghtugh-@₁~fyagh[to.go.V-ing][to.V.in.vain][V→V]-@₁–lghii[the.one.that.V-ed][the.one.that.is.V][V→N][N][Rel][4SgPoss][SgPosd]
taghtughyalghiimi	taghtugh-@₁~fyagh[to.go.V-ing][to.V.in.vain][V→V]-@₁–lghii[the.one.that.V-ed][the.one.that.is.V][V→N][N][Rel][4SgPoss][PlPosd]
taghtughyalghiimi	taghtugh[V][Intr][Ptcp_Obl][4Sg]

angyat	angyagh[N][Abs][Unpd][Pl]
angyat	angyagh[N][Rel][Unpd][Pl]
angyat	Angyat[N][Abs][Unpd][Sg]

aviitut	+?

------------------------
Piyalghiimi nunami allami liisuqaa llangaqa Sivuqami.

piyalghiimi	pi-@₁~fyagh[to.go.V-ing][to.V.in.vain][V→V]-@₁–lghii[the.one.that.V-ed][the.one.that.is.V][V→N][N][Loc][Unpd][Sg]
piyalghiimi	pi-@₁~fyagh[to.go.V-ing][to.V.in.vain][V→V]-@₁–lghii[the.one.that.V-ed][the.one.that.is.V][V→N][N][Rel][4SgPoss][SgPosd]
piyalghiimi	pi-@₁~fyagh[to.go.V-ing][to.V.in.vain][V→V]-@₁–lghii[the.one.that.V-ed][the.one.that.is.V][V→N][N][Rel][4SgPoss][PlPosd]
piyalghiimi	pi-~:(u)te[to.V.for.or.with][to.cause.to.V.as.one.is.V-ing][to.V.toward.each.other][V→V]-@₁~fyagh[to.go.V-ing][to.V.in.vain][V→V]-@₁–lghii[the.one.that.V-ed][the.one.that.is.V][V→N][N][Loc][Unpd][Sg]
piyalghiimi	pi-~:(u)te[to.V.for.or.with][to.cause.to.V.as.one.is.V-ing][to.V.toward.each.other][V→V]-@₁~fyagh[to.go.V-ing][to.V.in.vain][V→V]-@₁–lghii[the.one.that.V-ed][the.one.that.is.V][V→N][N][Rel][4SgPoss][SgPosd]
piyalghiimi	pi-~:(u)te[to.V.for.or.with][to.cause.to.V.as.one.is.V-ing][to.V.toward.each.other][V→V]-@₁~fyagh[to.go.V-ing][to.V.in.vain][V→V]-@₁–lghii[the.one.that.V-ed][the.one.that.is.V][V→N][N][Rel][4SgPoss][PlPosd]
piyalghiimi	pi-~:(u)te[to.V.for.or.with][to.cause.to.V.as.one.is.V-ing][to.V.toward.each.other][V→V][V][Intr][Ptcp_Obl][4Sg]
piyalghiimi	pi-~:(u)te[SBJ.V-ed.something][V→V]-@₁~fyagh[to.go.V-ing][to.V.in.vain][V→V]-@₁–lghii[the.one.that.V-ed][the.one.that.is.V][V→N][N][Loc][Unpd][Sg]
piyalghiimi	pi-~:(u)te[SBJ.V-ed.something][V→V]-@₁~fyagh[to.go.V-ing][to.V.in.vain][V→V]-@₁–lghii[the.one.that.V-ed][the.one.that.is.V][V→N][N][Rel][4SgPoss][SgPosd]
piyalghiimi	pi-~:(u)te[SBJ.V-ed.something][V→V]-@₁~fyagh[to.go.V-ing][to.V.in.vain][V→V]-@₁–lghii[the.one.that.V-ed][the.one.that.is.V][V→N][N][Rel][4SgPoss][PlPosd]
piyalghiimi	pi-~:(u)te[SBJ.V-ed.something][V→V][V][Intr][Ptcp_Obl][4Sg]
piyalghiimi	pi[V][Intr][Ptcp_Obl][4Sg]

nunami	nuna[N][Loc][Unpd][Sg]
nunami	nuna[N][Rel][4SgPoss][SgPosd]
nunami	nuna[N][Rel][4SgPoss][PlPosd]

allami	alla[N][Loc][Unpd][Sg]
allami	alla[N][Rel][4SgPoss][SgPosd]
allami	alla[N][Rel][4SgPoss][PlPosd]

liisuqaa	+?

llangaqa	+?

sivuqami	Sivuqagh[N][Loc][Unpd][Sg]
sivuqami	Sivuqagh[N][Rel][4SgPoss][SgPosd]
sivuqami	Sivuqagh[N][Rel][4SgPoss][PlPosd]

------------------------
Naqam saaghwani aghveghllagek maalghuk malluk.

naqam	naqam

saaghwani	saaghw[N][Loc][3SgPoss][SgPosd]
saaghwani	saaghw[N][Loc][3SgPoss][PlPosd]

aghveghllagek	aghvegh-–ghllag[big.N][N→N][N][Abs][Unpd][Du]
aghveghllagek	aghvegh-–ghllag[big.N][N→N][N][Rel][Unpd][Du]

maalghuk	maalghug[N][Abs][Unpd][Sg]

malluk	Mallu[N][Abs][Unpd][Du]
malluk	Mallu[N][Rel][Unpd][Du]
malluk	mallu[N][Abs][Unpd][Du]
malluk	mallu[N][Rel][Unpd][Du]

------------------------
Taglaamalghii mengteghamun Ukamangaan.

taglaamalghii	taglagh-@₁~:(i/u)ma[to.have.V-ed][to.have.been.V-ed][V→V]-@₁–lghii[the.one.that.V-ed][the.one.that.is.V][V→N][N][Abs][Unpd][Sg]

mengteghamun	mengteghagh[N][Ter][Unpd][Sg]

ukamangaan	+?

------------------------
Pimalghii, "Ipapik Sivuqamun kaasimaftunga, u-u-u-u!"

pimalghii	pi-@₁~:(i/u)ma[to.have.V-ed][to.have.been.V-ed][V→V]-@₁–lghii[the.one.that.V-ed][the.one.that.is.V][V→N][N][Abs][Unpd][Sg]

ipapik	+?

sivuqamun	Sivuqagh[N][Ter][Unpd][Sg]

kaasimaftunga	kaate-@₁~:(i/u)ma[to.have.V-ed][to.have.been.V-ed][V→V]-(pete)fte[to.evidently.V][to.have.V-ed][V→V][V][Intr][Ind][1Sg]

uuuu	+?

------------------------
Quyaghllagumalghii mengteghamun kaatuq.

quyaghllagumalghii	+?

mengteghamun	mengteghagh[N][Ter][Unpd][Sg]

kaatuq	kaate[V][Intr][Ind][3Sg]

------------------------
Araamalghii ilutmun, "Qamaay kenghhaghmeng kumaghhutaghtek."

araamalghii	+?

ilutmun	+?

qamaay	+?

kenghhaghmeng	+?

kumaghhutaghtek	+?

------------------------
Sivukluku nagaqunghitaat.

sivukluku	+?

nagaqunghitaat	nagate-@₁qugh[to.V.completely]-@₁–nghite**[to.not.V][V→V][V][Trns][Ind][3Pl][3Sg]

------------------------
Qavaataqut.

qavaataqut	qavagh-~:(ng₁)u[to.be.N][N→V]-~:(u)te[to.V.for.or.with][to.cause.to.V.as.one.is.V-ing][to.V.toward.each.other][V→V]-~(g₁)aqe[to.be.V.ing][to.regularly.or.repeatedly.V][V→V][V][Intr][Ind][3Pl]
qavaataqut	qavagh-~:(ng₁)u[to.be.N][N→V]-~:(u)te[SBJ.V-ed.something][V→V]-~(g₁)aqe[to.be.V.ing][to.regularly.or.repeatedly.V][V→V][V][Intr][Ind][3Pl]
qavaataqut	qavagh-~:(ng₁)u[to.be.N][N→V]-te[to.act.on.so.as.to.cause.to.V][V→V]-~(g₁)aqe[to.be.V.ing][to.regularly.or.repeatedly.V][V→V][V][Intr][Ind][3Pl]
qavaataqut	qavagh-~:(u)te[to.V.for.or.with][to.cause.to.V.as.one.is.V-ing][to.V.toward.each.other][V→V]-~(g₁)aqe[to.be.V.ing][to.regularly.or.repeatedly.V][V→V][V][Intr][Ind][3Pl]
qavaataqut	qavagh-~:(u)te[SBJ.V-ed.something][V→V]-~(g₁)aqe[to.be.V.ing][to.regularly.or.repeatedly.V][V→V][V][Intr][Ind][3Pl]

------------------------
Araghlaataghii, "Sukallusi!"

araghlaataghii	+?

sukallusi	sukate*[V][Intr][Sbrd][2Pl]

------------------------
Atanga taghtughtuq.

atanga	ata[N][Abs][3SgPoss][SgPosd]

taghtughtuq	taghtugh[V][Intr][Ind][3Sg]
taghtughtuq	taghtugh-te[to.act.on.so.as.to.cause.to.V][V→V][V][Intr][Ind][3Sg]

------------------------
Aapsimakanga, "Kinanguzin?"

aapsimakanga	aapte-@₁~:(i/u)ma[to.have.V-ed][to.have.been.V-ed][V→V]-@*@₂~sf–(g₂)k(a)e[the.one.that.possessor.V-ed][V→N][N][Abs][3SgPoss][SgPosd]
aapsimakanga	aapte-@₁~:(i/u)ma[to.have.V-ed][to.have.been.V-ed][V→V][V][Trns][Ptcp][3Sg][3Sg]
aapsimakanga	aapte-@₁~:(i/u)ma[to.have.V-ed][to.have.been.V-ed][V→V][V][Trns][Cond][3Sg][1Sg]

kinanguzin	kina-~:(ng₁)u[to.be.N][N→V][V][Intr][Intrg][2Sg]

------------------------
Ukamangaan akisimakanga, "Whangangunga!"

ukamangaan	+?

akisimakanga	aki-te[to.catch.N][to.go.to.N][N→V]-@₁~:(i/u)ma[to.have.V-ed][to.have.been.V-ed][V→V]-@*@₂~sf–(g₂)k(a)e[the.one.that.possessor.V-ed][V→N][N][Abs][3SgPoss][SgPosd]
akisimakanga	akite-@₁~:(i/u)ma[to.have.V-ed][to.have.been.V-ed][V→V]-@*@₂~sf–(g₂)k(a)e[the.one.that.possessor.V-ed][V→N][N][Abs][3SgPoss][SgPosd]
akisimakanga	akite-@₁~:(i/u)ma[to.have.V-ed][to.have.been.V-ed][V→V][V][Trns][Ptcp][3Sg][3Sg]
akisimakanga	akite-@₁~:(i/u)ma[to.have.V-ed][to.have.been.V-ed][V→V][V][Trns][Cond][3Sg][1Sg]

whangangunga	+?

------------------------
Nuliini taghsaghaa, "Uyuq uyuq, taghtaa sukalluten!

nuliini	nuliigh[N][Abs][4SgPoss][SgPosd]
nuliini	nuliigh[N][Abs][4SgPoss][PlPosd]
nuliini	nuliiq[N][Abs][4SgPoss][SgPosd]
nuliini	nuliiq[N][Abs][4SgPoss][PlPosd]
nuliini	nulugh-~:(ng₁)u[to.be.N][N→V]-~i[SBJ.V-ed.something][V→V]-~i[SBJ.V-ed.something][V→V]-~i[SBJ.V-ed.something][V→V]-~i[SBJ.V-ed.something][V→V]-~i[SBJ.V-ed.something][V→V]-@₁~fni[to.say.that.one.is.V-ing][Cmpd_Vbl][V][Intr][Opt][PRS][2Sg]
nuliini	nulugh-~:(ng₁)u[to.be.N][N→V]-~i[SBJ.V-ed.something][V→V]-~i[SBJ.V-ed.something][V→V]-~i[SBJ.V-ed.something][V→V]-~i[SBJ.V-ed.something][V→V]-@₁~fni[to.say.that.one.is.V-ing][Cmpd_Vbl][V][Intr][Opt][PRS][2Sg]
nuliini	nulugh-~:(ng₁)u[to.be.N][N→V]-~i[SBJ.V-ed.something][V→V]-~i[SBJ.V-ed.something][V→V]-~i[SBJ.V-ed.something][V→V]-~i[SBJ.V-ed.something][V→V]-~:(u)te[to.V.for.or.with][to.cause.to.V.as.one.is.V-ing][to.V.toward.each.other][V→V]-@₁~fni[to.say.that.one.is.V-ing][Cmpd_Vbl][V][Intr][Opt][PRS][2Sg]
nuliini	nulugh-~:(ng₁)u[to.be.N][N→V]-~i[SBJ.V-ed.something][V→V]-~i[SBJ.V-ed.something][V→V]-~i[SBJ.V-ed.something][V→V]-~i[SBJ.V-ed.something][V→V]-~:(u)te[SBJ.V-ed.something][V→V]-@₁~fni[to.say.that.one.is.V-ing][Cmpd_Vbl][V][Intr][Opt][PRS][2Sg]
nuliini	nulugh-~:(ng₁)u[to.be.N][N→V]-~i[SBJ.V-ed.something][V→V]-~i[SBJ.V-ed.something][V→V]-~i[SBJ.V-ed.something][V→V]-@₁~fni[to.say.that.one.is.V-ing][Cmpd_Vbl][V][Intr][Opt][PRS][2Sg]
nuliini	nulugh-~:(ng₁)u[to.be.N][N→V]-~i[SBJ.V-ed.something][V→V]-~i[SBJ.V-ed.something][V→V]-~i[SBJ.V-ed.something][V→V]-~:(u)te[to.V.for.or.with][to.cause.to.V.as.one.is.V-ing][to.V.toward.each.other][V→V]-@₁~fni[to.say.that.one.is.V-ing][Cmpd_Vbl][V][Intr][Opt][PRS][2Sg]
nuliini	nulugh-~:(ng₁)u[to.be.N][N→V]-~i[SBJ.V-ed.something][V→V]-~i[SBJ.V-ed.something][V→V]-~i[SBJ.V-ed.something][V→V]-~:(u)te[SBJ.V-ed.something][V→V]-@₁~fni[to.say.that.one.is.V-ing][Cmpd_Vbl][V][Intr][Opt][PRS][2Sg]
nuliini	nulugh-~:(ng₁)u[to.be.N][N→V]-~i[SBJ.V-ed.something][V→V]-~i[SBJ.V-ed.something][V→V]-@₁~fni[to.say.that.one.is.V-ing][Cmpd_Vbl][V][Intr][Opt][PRS][2Sg]
nuliini	nulugh-~:(ng₁)u[to.be.N][N→V]-~i[SBJ.V-ed.something][V→V]-~i[SBJ.V-ed.something][V→V]-~:(u)te[to.V.for.or.with][to.cause.to.V.as.one.is.V-ing][to.V.toward.each.other][V→V]-@₁~fni[to.say.that.one.is.V-ing][Cmpd_Vbl][V][Intr][Opt][PRS][2Sg]
nuliini	nulugh-~:(ng₁)u[to.be.N][N→V]-~i[SBJ.V-ed.something][V→V]-~i[SBJ.V-ed.something][V→V]-~:(u)te[SBJ.V-ed.something][V→V]-@₁~fni[to.say.that.one.is.V-ing][Cmpd_Vbl][V][Intr][Opt][PRS][2Sg]
nuliini	nulugh-~:(ng₁)u[to.be.N][N→V]-~i[SBJ.V-ed.something][V→V]-@₁~fni[to.say.that.one.is.V-ing][Cmpd_Vbl][V][Intr][Opt][PRS][2Sg]
nuliini	nulugh-~:(ng₁)u[to.be.N][N→V]-~i[SBJ.V-ed.something][V→V]-~:(u)te[to.V.for.or.with][to.cause.to.V.as.one.is.V-ing][to.V.toward.each.other][V→V]-@₁~fni[to.say.that.one.is.V-ing][Cmpd_Vbl][V][Intr][Opt][PRS][2Sg]
nuliini	nulugh-~:(ng₁)u[to.be.N][N→V]-~i[SBJ.V-ed.something][V→V]-~:(u)te[SBJ.V-ed.something][V→V]-@₁~fni[to.say.that.one.is.V-ing][Cmpd_Vbl][V][Intr][Opt][PRS][2Sg]

taghsaghaa	taghsagh[V][Trns][Ind][3Sg][3Sg]

uyuq	uyuq

uyuq	uyuq

taghtaa	taghtugh[V][Intr][Opt][PRS][2Sg]

sukalluten	+?

------------------------
Llangaqa Ukamangaatem menga nagaqughaqa."

llangaqa	+?

ukamangaatem	+?

menga	+?

nagaqughaqa	nagate-@₁qugh[to.V.completely]-~(g₁)aqe[to.be.V.ing][to.regularly.or.repeatedly.V][V→V][V][Intr][Intrg][3Sg]
nagaqughaqa	nagate-@₁qugh[to.V.completely][V][Trns][Ind][1Sg][3Sg]

------------------------
Naanga nuugtuq.

naanga	naa[N][Abs][3SgPoss][SgPosd]

nuugtuq	nuugte[V][Intr][Ind][3Sg]
nuugtuq	nuug-te[to.catch.N][to.go.to.N][N→V][V][Intr][Ind][3Sg]

------------------------
Aapsimakanga, "Kinanguzin?"

aapsimakanga	aapte-@₁~:(i/u)ma[to.have.V-ed][to.have.been.V-ed][V→V]-@*@₂~sf–(g₂)k(a)e[the.one.that.possessor.V-ed][V→N][N][Abs][3SgPoss][SgPosd]
aapsimakanga	aapte-@₁~:(i/u)ma[to.have.V-ed][to.have.been.V-ed][V→V][V][Trns][Ptcp][3Sg][3Sg]
aapsimakanga	aapte-@₁~:(i/u)ma[to.have.V-ed][to.have.been.V-ed][V→V][V][Trns][Cond][3Sg][1Sg]

kinanguzin	kina-~:(ng₁)u[to.be.N][N→V][V][Intr][Intrg][2Sg]

------------------------
"Sanaqestek whangangunga."

sanaqestek	sa-@₁~fnaqe[to.be.going.to.V][V→V]-(te)ste[to.have.make.or.let.one.V][Cmpd_Vbl]-te[to.act.on.so.as.to.cause.to.V][V→V]-te[to.act.on.so.as.to.cause.to.V][V→V][V][Intr][Opt][PRS][2Du]
sanaqestek	sa-@₁~fnaqe[to.be.going.to.V][V→V]-(te)ste[to.have.make.or.let.one.V][Cmpd_Vbl]-te[to.act.on.so.as.to.cause.to.V][V→V]-te[to.act.on.so.as.to.cause.to.V][V→V][V][Intr][Opt][PRS][2Pl]
sanaqestek	sa-@₁~fnaqe[to.be.going.to.V][V→V]-(te)ste[to.have.make.or.let.one.V][Cmpd_Vbl]-te[to.act.on.so.as.to.cause.to.V][V→V][V][Intr][Opt][PRS][2Du]
sanaqestek	sa-@₁~fnaqe[to.be.going.to.V][V→V]-(te)ste[to.have.make.or.let.one.V][Cmpd_Vbl]-te[to.act.on.so.as.to.cause.to.V][V→V][V][Intr][Opt][PRS][2Pl]
sanaqestek	sa-@₁~fnaqe[to.be.going.to.V][V→V]-(te)ste[to.have.make.or.let.one.V][Cmpd_Vbl][V][Intr][Opt][PRS][2Du]
sanaqestek	sa-@₁~fnaqe[to.be.going.to.V][V→V]-(te)ste[to.have.make.or.let.one.V][Cmpd_Vbl][V][Intr][Opt][PRS][2Pl]
sanaqestek	sa-@₁~fnaqe[to.be.going.to.V][V→V][V][Intr][Intrg][2Du]
sanaqestek	sa-~:(u)te[to.V.for.or.with][to.cause.to.V.as.one.is.V-ing][to.V.toward.each.other][V→V]-@₁~fnaqe[to.be.going.to.V][V→V]-(te)ste[to.have.make.or.let.one.V][Cmpd_Vbl]-te[to.act.on.so.as.to.cause.to.V][V→V]-te[to.act.on.so.as.to.cause.to.V][V→V]-te[to.act.on.so.as.to.cause.to.V][V→V][V][Intr][Opt][PRS][2Du]
sanaqestek	sa-~:(u)te[to.V.for.or.with][to.cause.to.V.as.one.is.V-ing][to.V.toward.each.other][V→V]-@₁~fnaqe[to.be.going.to.V][V→V]-(te)ste[to.have.make.or.let.one.V][Cmpd_Vbl]-te[to.act.on.so.as.to.cause.to.V][V→V]-te[to.act.on.so.as.to.cause.to.V][V→V]-te[to.act.on.so.as.to.cause.to.V][V→V][V][Intr][Opt][PRS][2Pl]
sanaqestek	sa-~:(u)te[to.V.for.or.with][to.cause.to.V.as.one.is.V-ing][to.V.toward.each.other][V→V]-@₁~fnaqe[to.be.going.to.V][V→V]-(te)ste[to.have.make.or.let.one.V][Cmpd_Vbl]-te[to.act.on.so.as.to.cause.to.V][V→V]-te[to.act.on.so.as.to.cause.to.V][V→V][V][Intr][Opt][PRS][2Du]
sanaqestek	sa-~:(u)te[to.V.for.or.with][to.cause.to.V.as.one.is.V-ing][to.V.toward.each.other][V→V]-@₁~fnaqe[to.be.going.to.V][V→V]-(te)ste[to.have.make.or.let.one.V][Cmpd_Vbl]-te[to.act.on.so.as.to.cause.to.V][V→V]-te[to.act.on.so.as.to.cause.to.V][V→V][V][Intr][Opt][PRS][2Pl]
sanaqestek	sa-~:(u)te[to.V.for.or.with][to.cause.to.V.as.one.is.V-ing][to.V.toward.each.other][V→V]-@₁~fnaqe[to.be.going.to.V][V→V]-(te)ste[to.have.make.or.let.one.V][Cmpd_Vbl]-te[to.act.on.so.as.to.cause.to.V][V→V][V][Intr][Opt][PRS][2Du]
sanaqestek	sa-~:(u)te[to.V.for.or.with][to.cause.to.V.as.one.is.V-ing][to.V.toward.each.other][V→V]-@₁~fnaqe[to.be.going.to.V][V→V]-(te)ste[to.have.make.or.let.one.V][Cmpd_Vbl]-te[to.act.on.so.as.to.cause.to.V][V→V][V][Intr][Opt][PRS][2Pl]
sanaqestek	sa-~:(u)te[to.V.for.or.with][to.cause.to.V.as.one.is.V-ing][to.V.toward.each.other][V→V]-@₁~fnaqe[to.be.going.to.V][V→V]-(te)ste[to.have.make.or.let.one.V][Cmpd_Vbl][V][Intr][Opt][PRS][2Du]
sanaqestek	sa-~:(u)te[to.V.for.or.with][to.cause.to.V.as.one.is.V-ing][to.V.toward.each.other][V→V]-@₁~fnaqe[to.be.going.to.V][V→V]-(te)ste[to.have.make.or.let.one.V][Cmpd_Vbl][V][Intr][Opt][PRS][2Pl]
sanaqestek	sa-~:(u)te[to.V.for.or.with][to.cause.to.V.as.one.is.V-ing][to.V.toward.each.other][V→V]-@₁~fnaqe[to.be.going.to.V][V→V][V][Intr][Intrg][2Du]
sanaqestek	sa-~:(u)te[SBJ.V-ed.something][V→V]-@₁~fnaqe[to.be.going.to.V][V→V]-(te)ste[to.have.make.or.let.one.V][Cmpd_Vbl]-te[to.act.on.so.as.to.cause.to.V][V→V]-te[to.act.on.so.as.to.cause.to.V][V→V]-te[to.act.on.so.as.to.cause.to.V][V→V][V][Intr][Opt][PRS][2Du]
sanaqestek	sa-~:(u)te[SBJ.V-ed.something][V→V]-@₁~fnaqe[to.be.going.to.V][V→V]-(te)ste[to.have.make.or.let.one.V][Cmpd_Vbl]-te[to.act.on.so.as.to.cause.to.V][V→V]-te[to.act.on.so.as.to.cause.to.V][V→V]-te[to.act.on.so.as.to.cause.to.V][V→V][V][Intr][Opt][PRS][2Pl]
sanaqestek	sa-~:(u)te[SBJ.V-ed.something][V→V]-@₁~fnaqe[to.be.going.to.V][V→V]-(te)ste[to.have.make.or.let.one.V][Cmpd_Vbl]-te[to.act.on.so.as.to.cause.to.V][V→V]-te[to.act.on.so.as.to.cause.to.V][V→V][V][Intr][Opt][PRS][2Du]
sanaqestek	sa-~:(u)te[SBJ.V-ed.something][V→V]-@₁~fnaqe[to.be.going.to.V][V→V]-(te)ste[to.have.make.or.let.one.V][Cmpd_Vbl]-te[to.act.on.so.as.to.cause.to.V][V→V]-te[to.act.on.so.as.to.cause.to.V][V→V][V][Intr][Opt][PRS][2Pl]
sanaqestek	sa-~:(u)te[SBJ.V-ed.something][V→V]-@₁~fnaqe[to.be.going.to.V][V→V]-(te)ste[to.have.make.or.let.one.V][Cmpd_Vbl]-te[to.act.on.so.as.to.cause.to.V][V→V][V][Intr][Opt][PRS][2Du]
sanaqestek	sa-~:(u)te[SBJ.V-ed.something][V→V]-@₁~fnaqe[to.be.going.to.V][V→V]-(te)ste[to.have.make.or.let.one.V][Cmpd_Vbl]-te[to.act.on.so.as.to.cause.to.V][V→V][V][Intr][Opt][PRS][2Pl]
sanaqestek	sa-~:(u)te[SBJ.V-ed.something][V→V]-@₁~fnaqe[to.be.going.to.V][V→V]-(te)ste[to.have.make.or.let.one.V][Cmpd_Vbl][V][Intr][Opt][PRS][2Du]
sanaqestek	sa-~:(u)te[SBJ.V-ed.something][V→V]-@₁~fnaqe[to.be.going.to.V][V→V]-(te)ste[to.have.make.or.let.one.V][Cmpd_Vbl][V][Intr][Opt][PRS][2Pl]
sanaqestek	sa-~:(u)te[SBJ.V-ed.something][V→V]-@₁~fnaqe[to.be.going.to.V][V→V][V][Intr][Intrg][2Du]

whangangunga	+?

------------------------
Naangan atanga pimakanga, "Llangaqa Ukamangaatem menga."

naangan	naa[N][Rel][3SgPoss][SgPosd]
naangan	naa[N][Rel][3SgPoss][PlPosd]

atanga	ata[N][Abs][3SgPoss][SgPosd]

pimakanga	pi-@₁~:(i/u)ma[to.have.V-ed][to.have.been.V-ed][V→V]-@*@₂~sf–(g₂)k(a)e[the.one.that.possessor.V-ed][V→N][N][Abs][3SgPoss][SgPosd]
pimakanga	pi-@₁~:(i/u)ma[to.have.V-ed][to.have.been.V-ed][V→V][V][Trns][Ptcp][3Sg][3Sg]
pimakanga	pi-@₁~:(i/u)ma[to.have.V-ed][to.have.been.V-ed][V→V][V][Trns][Cond][3Sg][1Sg]

llangaqa	+?

ukamangaatem	+?

menga	+?

------------------------
Atanga pimalghii, "Llangaqa llangaqa."

atanga	ata[N][Abs][3SgPoss][SgPosd]

pimalghii	pi-@₁~:(i/u)ma[to.have.V-ed][to.have.been.V-ed][V→V]-@₁–lghii[the.one.that.V-ed][the.one.that.is.V][V→N][N][Abs][Unpd][Sg]

llangaqa	+?

llangaqa	+?

------------------------
Ukamangaanpimalghii "Entaqun taananguunga!"

ukamangaanpimalghii	+?

entaqun	entaqun

taananguunga	+?

------------------------
Iitghumalghii aagramun.

iitghumalghii	itegh-@₁~:(i/u)ma[to.have.V-ed][to.have.been.V-ed][V→V]-@₁–lghii[the.one.that.V-ed][the.one.that.is.V][V→N][N][Abs][Unpd][Sg]

aagramun	aagra[N][Ter][Unpd][Sg]

------------------------
Atani pimakanga, "Neneghmeng taaqegkufsi yuuk qaagna kelgughluku angyaataghhaanka saamkut pilagyaghtughnakesi!"

atani	ata[N][Abs][4SgPoss][SgPosd]
atani	ata[N][Abs][4SgPoss][PlPosd]
atani	ata[N][Loc][Unpd][Pl]

pimakanga	pi-@₁~:(i/u)ma[to.have.V-ed][to.have.been.V-ed][V→V]-@*@₂~sf–(g₂)k(a)e[the.one.that.possessor.V-ed][V→N][N][Abs][3SgPoss][SgPosd]
pimakanga	pi-@₁~:(i/u)ma[to.have.V-ed][to.have.been.V-ed][V→V][V][Trns][Ptcp][3Sg][3Sg]
pimakanga	pi-@₁~:(i/u)ma[to.have.V-ed][to.have.been.V-ed][V→V][V][Trns][Cond][3Sg][1Sg]

neneghmeng	negh-@₁–negh[the.act.or.activity.of.V-ing][V→N][N][Rel][4DuPoss][SgPosd]
neneghmeng	negh-@₁–negh[the.act.or.activity.of.V-ing][V→N][N][Rel][4DuPoss][PlPosd]
neneghmeng	negh-@₁–negh[the.act.or.activity.of.V-ing][V→N][N][Rel][4PlPoss][SgPosd]
neneghmeng	negh-@₁–negh[the.act.or.activity.of.V-ing][V→N][N][Rel][4PlPoss][PlPosd]
neneghmeng	negh-@₁–negh[the.act.or.activity.of.V-ing][V→N][N][Abl_Mod][Unpd][Sg]
neneghmeng	negh[V][Intr][Ctmp][4Pl]
neneghmeng	nenegh[N][Rel][4DuPoss][SgPosd]
neneghmeng	nenegh[N][Rel][4DuPoss][PlPosd]
neneghmeng	nenegh[N][Rel][4PlPoss][SgPosd]
neneghmeng	nenegh[N][Rel][4PlPoss][PlPosd]
neneghmeng	nenegh[N][Abl_Mod][Unpd][Sg]

taaqegkufsi	taaqe[V][Intr][Cond][2Pl]

yuuk	yug[N][Abs][Sg]

qaagna	qaagna
qaagna	qaagna[N][Abs][Unpd][Sg]

kelgughluku	+?

angyaataghhaanka	angyaatagh-–ghhagh*[dear.N][N→N][N][Abs][1SgPoss][PlPosd]
angyaataghhaanka	angyagh-~:(ng₁)u[to.be.N][N→V]-~:(u)ta[condition.with.respect.to.V-ing][V→N]-–ghhagh*[dear.N][N→N][N][Abs][1SgPoss][PlPosd]
angyaataghhaanka	angyagh-~:(u)ta[condition.with.respect.to.V-ing][V→N]-–ghhagh*[dear.N][N→N][N][Abs][1SgPoss][PlPosd]

saamkut	saamkut

pilagyaghtughnakesi	+?

------------------------
Atangan aapsimakanga, "Sakun tagimazin?"

atangan	ata[N][Rel][3SgPoss][SgPosd]
atangan	ata[N][Rel][3SgPoss][PlPosd]

aapsimakanga	aapte-@₁~:(i/u)ma[to.have.V-ed][to.have.been.V-ed][V→V]-@*@₂~sf–(g₂)k(a)e[the.one.that.possessor.V-ed][V→N][N][Abs][3SgPoss][SgPosd]
aapsimakanga	aapte-@₁~:(i/u)ma[to.have.V-ed][to.have.been.V-ed][V→V][V][Trns][Ptcp][3Sg][3Sg]
aapsimakanga	aapte-@₁~:(i/u)ma[to.have.V-ed][to.have.been.V-ed][V→V][V][Trns][Cond][3Sg][1Sg]

sakun	sa-~–ke[to.have.as.one's.N(s)][N→V]-~:(u)te[condition.with.respect.to.V-ing][V→N][N][Abs][Unpd][Sg]
sakun	sa[N][Via][Unpd][Sg]

tagimazin	tagi-@₁~:(i/u)ma[to.have.V-ed][to.have.been.V-ed][V→V][V][Intr][Intrg][2Sg]

------------------------
"Qavangughlunga Ungazimi esnami qavanguqanka angyat Sivuqaghhmiit.

qavangughlunga	+?

ungazimi	Ungazigh[N][Loc][Unpd][Sg]
ungazimi	Ungazigh[N][Rel][4SgPoss][SgPosd]
ungazimi	Ungazigh[N][Rel][4SgPoss][PlPosd]

esnami	esnagh[N][Loc][Unpd][Sg]
esnami	esnagh[N][Rel][4SgPoss][SgPosd]
esnami	esnagh[N][Rel][4SgPoss][PlPosd]

qavanguqanka	+?

angyat	angyagh[N][Abs][Unpd][Pl]
angyat	angyagh[N][Rel][Unpd][Pl]
angyat	Angyat[N][Abs][Unpd][Sg]

sivuqaghhmiit	+?

------------------------
Taaggun uugllunga taginga."

taaggun	+?

uugllunga	+?

taginga	+?

------------------------
Atanga ugpeghtuq panigmineng.

atanga	ata[N][Abs][3SgPoss][SgPosd]

ugpeghtuq	ugpegh[V][Intr][Ind][3Sg]
ugpeghtuq	ugpegh-te[to.act.on.so.as.to.cause.to.V][V→V][V][Intr][Ind][3Sg]

panigmineng	panig[N][Abl_Mod][4SgPoss][PlPosd]
panigmineng	panig[N][Abl_Mod][4SgPoss][SgPosd]

------------------------
Neneghmeng taaqluteng kelgughaat yuuk qamaglluku.

neneghmeng	negh-@₁–negh[the.act.or.activity.of.V-ing][V→N][N][Rel][4DuPoss][SgPosd]
neneghmeng	negh-@₁–negh[the.act.or.activity.of.V-ing][V→N][N][Rel][4DuPoss][PlPosd]
neneghmeng	negh-@₁–negh[the.act.or.activity.of.V-ing][V→N][N][Rel][4PlPoss][SgPosd]
neneghmeng	negh-@₁–negh[the.act.or.activity.of.V-ing][V→N][N][Rel][4PlPoss][PlPosd]
neneghmeng	negh-@₁–negh[the.act.or.activity.of.V-ing][V→N][N][Abl_Mod][Unpd][Sg]
neneghmeng	negh[V][Intr][Ctmp][4Pl]
neneghmeng	nenegh[N][Rel][4DuPoss][SgPosd]
neneghmeng	nenegh[N][Rel][4DuPoss][PlPosd]
neneghmeng	nenegh[N][Rel][4PlPoss][SgPosd]
neneghmeng	nenegh[N][Rel][4PlPoss][PlPosd]
neneghmeng	nenegh[N][Abl_Mod][Unpd][Sg]

taaqluteng	taaqe-te[to.act.on.so.as.to.cause.to.V][V→V][V][Intr][Sbrd][3Pl]
taaqluteng	taaqe[V][Intr][Sbrd][3Pl]

kelgughaat	+?

yuuk	yug[N][Abs][Sg]

qamaglluku	+?

------------------------
Aghveghek maalghuk pilagumakegket.

aghveghek	aghvegh[N][Abs][Unpd][Du]
aghveghek	aghvegh[N][Rel][Unpd][Du]

maalghuk	maalghug[N][Abs][Unpd][Sg]

pilagumakegket	+?

------------------------
Taawa nengightuusimakangit taawanginaq.

taawa	taawa

nengightuusimakangit	nengigh-tugh[to.eat.N][to.use.N][N→V]-~:(u)te[to.V.for.or.with][to.cause.to.V.as.one.is.V-ing][to.V.toward.each.other][V→V]-@₁~:(i/u)ma[to.have.V-ed][to.have.been.V-ed][V→V]-@*@₂~sf–(g₂)k(a)e[the.one.that.possessor.V-ed][V→N][N][Abs][3PlPoss][PlPosd]
nengightuusimakangit	nengigh-tugh[to.eat.N][to.use.N][N→V]-~:(u)te[SBJ.V-ed.something][V→V]-@₁~:(i/u)ma[to.have.V-ed][to.have.been.V-ed][V→V]-@*@₂~sf–(g₂)k(a)e[the.one.that.possessor.V-ed][V→N][N][Abs][3PlPoss][PlPosd]

taawanginaq	+?

------------------------


	

------------------------
Tefaay.

tefaay	+?

------------------------
