Talaka

﻿talaka	+?

------------------------


	

------------------------
Iiwleng yaywaalengiighhaq mekelghiighhaq quunpeng tukiita neghesigalkangat.

iiwleng	+?

yaywaalengiighhaq	+?

mekelghiighhaq	mekelghiigh-–ghhagh*[dear.N][N→N][N][Abs][Unpd][Sg]

quunpeng	quunpeng

tukiita	tum-~–ke[to.have.as.one's.N(s)][N→V]-~i[SBJ.V-ed.something][V→V]-~i[SBJ.V-ed.something][V→V]-~i[SBJ.V-ed.something][V→V]-~i[SBJ.V-ed.something][V→V]-~i[SBJ.V-ed.something][V→V]-~:(u)te[condition.with.respect.to.V-ing][V→N][N][Abs][Unpd][Sg]
tukiita	tum-~–ke[to.have.as.one's.N(s)][N→V]-~i[SBJ.V-ed.something][V→V]-~i[SBJ.V-ed.something][V→V]-~i[SBJ.V-ed.something][V→V]-~i[SBJ.V-ed.something][V→V]-~i[SBJ.V-ed.something][V→V]-~:(u)ta[condition.with.respect.to.V-ing][V→N][N][Abs][Unpd][Sg]
tukiita	tum-~–ke[to.have.as.one's.N(s)][N→V]-~i[SBJ.V-ed.something][V→V]-~i[SBJ.V-ed.something][V→V]-~i[SBJ.V-ed.something][V→V]-~i[SBJ.V-ed.something][V→V]-~i[SBJ.V-ed.something][V→V]-te[to.act.on.so.as.to.cause.to.V][V→V][V][Intr][Intrg][3Sg]
tukiita	tum-~–ke[to.have.as.one's.N(s)][N→V]-~i[SBJ.V-ed.something][V→V]-~i[SBJ.V-ed.something][V→V]-~i[SBJ.V-ed.something][V→V]-~i[SBJ.V-ed.something][V→V]-~:(u)te[to.V.for.or.with][to.cause.to.V.as.one.is.V-ing][to.V.toward.each.other][V→V][V][Intr][Intrg][3Sg]
tukiita	tum-~–ke[to.have.as.one's.N(s)][N→V]-~i[SBJ.V-ed.something][V→V]-~i[SBJ.V-ed.something][V→V]-~i[SBJ.V-ed.something][V→V]-~i[SBJ.V-ed.something][V→V]-~:(u)te[SBJ.V-ed.something][V→V][V][Intr][Intrg][3Sg]
tukiita	tum-~–ke[to.have.as.one's.N(s)][N→V]-~i[SBJ.V-ed.something][V→V]-~i[SBJ.V-ed.something][V→V]-~i[SBJ.V-ed.something][V→V]-~i[SBJ.V-ed.something][V→V]-~:(u)te[condition.with.respect.to.V-ing][V→N][N][Abs][Unpd][Sg]
tukiita	tum-~–ke[to.have.as.one's.N(s)][N→V]-~i[SBJ.V-ed.something][V→V]-~i[SBJ.V-ed.something][V→V]-~i[SBJ.V-ed.something][V→V]-~i[SBJ.V-ed.something][V→V]-~:(u)ta[condition.with.respect.to.V-ing][V→N][N][Abs][Unpd][Sg]
tukiita	tum-~–ke[to.have.as.one's.N(s)][N→V]-~i[SBJ.V-ed.something][V→V]-~i[SBJ.V-ed.something][V→V]-~i[SBJ.V-ed.something][V→V]-~i[SBJ.V-ed.something][V→V]-te[to.act.on.so.as.to.cause.to.V][V→V][V][Intr][Intrg][3Sg]
tukiita	tum-~–ke[to.have.as.one's.N(s)][N→V]-~i[SBJ.V-ed.something][V→V]-~i[SBJ.V-ed.something][V→V]-~i[SBJ.V-ed.something][V→V]-~:(u)te[to.V.for.or.with][to.cause.to.V.as.one.is.V-ing][to.V.toward.each.other][V→V][V][Intr][Intrg][3Sg]
tukiita	tum-~–ke[to.have.as.one's.N(s)][N→V]-~i[SBJ.V-ed.something][V→V]-~i[SBJ.V-ed.something][V→V]-~i[SBJ.V-ed.something][V→V]-~:(u)te[SBJ.V-ed.something][V→V][V][Intr][Intrg][3Sg]
tukiita	tum-~–ke[to.have.as.one's.N(s)][N→V]-~i[SBJ.V-ed.something][V→V]-~i[SBJ.V-ed.something][V→V]-~i[SBJ.V-ed.something][V→V]-~:(u)te[condition.with.respect.to.V-ing][V→N][N][Abs][Unpd][Sg]
tukiita	tum-~–ke[to.have.as.one's.N(s)][N→V]-~i[SBJ.V-ed.something][V→V]-~i[SBJ.V-ed.something][V→V]-~i[SBJ.V-ed.something][V→V]-~:(u)ta[condition.with.respect.to.V-ing][V→N][N][Abs][Unpd][Sg]
tukiita	tum-~–ke[to.have.as.one's.N(s)][N→V]-~i[SBJ.V-ed.something][V→V]-~i[SBJ.V-ed.something][V→V]-~i[SBJ.V-ed.something][V→V]-te[to.act.on.so.as.to.cause.to.V][V→V][V][Intr][Intrg][3Sg]
tukiita	tum-~–ke[to.have.as.one's.N(s)][N→V]-~i[SBJ.V-ed.something][V→V]-~i[SBJ.V-ed.something][V→V]-~:(u)te[to.V.for.or.with][to.cause.to.V.as.one.is.V-ing][to.V.toward.each.other][V→V][V][Intr][Intrg][3Sg]
tukiita	tum-~–ke[to.have.as.one's.N(s)][N→V]-~i[SBJ.V-ed.something][V→V]-~i[SBJ.V-ed.something][V→V]-~:(u)te[SBJ.V-ed.something][V→V][V][Intr][Intrg][3Sg]
tukiita	tum-~–ke[to.have.as.one's.N(s)][N→V]-~i[SBJ.V-ed.something][V→V]-~i[SBJ.V-ed.something][V→V]-~:(u)te[condition.with.respect.to.V-ing][V→N][N][Abs][Unpd][Sg]
tukiita	tum-~–ke[to.have.as.one's.N(s)][N→V]-~i[SBJ.V-ed.something][V→V]-~i[SBJ.V-ed.something][V→V]-~:(u)ta[condition.with.respect.to.V-ing][V→N][N][Abs][Unpd][Sg]
tukiita	tum-~–ke[to.have.as.one's.N(s)][N→V]-~i[SBJ.V-ed.something][V→V]-~i[SBJ.V-ed.something][V→V]-te[to.act.on.so.as.to.cause.to.V][V→V][V][Intr][Intrg][3Sg]
tukiita	tugg-~–ke[to.have.as.one's.N(s)][N→V]-~i[SBJ.V-ed.something][V→V]-~i[SBJ.V-ed.something][V→V]-~i[SBJ.V-ed.something][V→V]-~i[SBJ.V-ed.something][V→V]-~i[SBJ.V-ed.something][V→V]-~:(u)te[condition.with.respect.to.V-ing][V→N][N][Abs][Unpd][Sg]
tukiita	tugg-~–ke[to.have.as.one's.N(s)][N→V]-~i[SBJ.V-ed.something][V→V]-~i[SBJ.V-ed.something][V→V]-~i[SBJ.V-ed.something][V→V]-~i[SBJ.V-ed.something][V→V]-~i[SBJ.V-ed.something][V→V]-~:(u)ta[condition.with.respect.to.V-ing][V→N][N][Abs][Unpd][Sg]
tukiita	tugg-~–ke[to.have.as.one's.N(s)][N→V]-~i[SBJ.V-ed.something][V→V]-~i[SBJ.V-ed.something][V→V]-~i[SBJ.V-ed.something][V→V]-~i[SBJ.V-ed.something][V→V]-~i[SBJ.V-ed.something][V→V]-te[to.act.on.so.as.to.cause.to.V][V→V][V][Intr][Intrg][3Sg]
tukiita	tugg-~–ke[to.have.as.one's.N(s)][N→V]-~i[SBJ.V-ed.something][V→V]-~i[SBJ.V-ed.something][V→V]-~i[SBJ.V-ed.something][V→V]-~i[SBJ.V-ed.something][V→V]-~:(u)te[to.V.for.or.with][to.cause.to.V.as.one.is.V-ing][to.V.toward.each.other][V→V][V][Intr][Intrg][3Sg]
tukiita	tugg-~–ke[to.have.as.one's.N(s)][N→V]-~i[SBJ.V-ed.something][V→V]-~i[SBJ.V-ed.something][V→V]-~i[SBJ.V-ed.something][V→V]-~i[SBJ.V-ed.something][V→V]-~:(u)te[SBJ.V-ed.something][V→V][V][Intr][Intrg][3Sg]
tukiita	tugg-~–ke[to.have.as.one's.N(s)][N→V]-~i[SBJ.V-ed.something][V→V]-~i[SBJ.V-ed.something][V→V]-~i[SBJ.V-ed.something][V→V]-~i[SBJ.V-ed.something][V→V]-~:(u)te[condition.with.respect.to.V-ing][V→N][N][Abs][Unpd][Sg]
tukiita	tugg-~–ke[to.have.as.one's.N(s)][N→V]-~i[SBJ.V-ed.something][V→V]-~i[SBJ.V-ed.something][V→V]-~i[SBJ.V-ed.something][V→V]-~i[SBJ.V-ed.something][V→V]-~:(u)ta[condition.with.respect.to.V-ing][V→N][N][Abs][Unpd][Sg]
tukiita	tugg-~–ke[to.have.as.one's.N(s)][N→V]-~i[SBJ.V-ed.something][V→V]-~i[SBJ.V-ed.something][V→V]-~i[SBJ.V-ed.something][V→V]-~i[SBJ.V-ed.something][V→V]-te[to.act.on.so.as.to.cause.to.V][V→V][V][Intr][Intrg][3Sg]
tukiita	tugg-~–ke[to.have.as.one's.N(s)][N→V]-~i[SBJ.V-ed.something][V→V]-~i[SBJ.V-ed.something][V→V]-~i[SBJ.V-ed.something][V→V]-~:(u)te[to.V.for.or.with][to.cause.to.V.as.one.is.V-ing][to.V.toward.each.other][V→V][V][Intr][Intrg][3Sg]
tukiita	tugg-~–ke[to.have.as.one's.N(s)][N→V]-~i[SBJ.V-ed.something][V→V]-~i[SBJ.V-ed.something][V→V]-~i[SBJ.V-ed.something][V→V]-~:(u)te[SBJ.V-ed.something][V→V][V][Intr][Intrg][3Sg]
tukiita	tugg-~–ke[to.have.as.one's.N(s)][N→V]-~i[SBJ.V-ed.something][V→V]-~i[SBJ.V-ed.something][V→V]-~i[SBJ.V-ed.something][V→V]-~:(u)te[condition.with.respect.to.V-ing][V→N][N][Abs][Unpd][Sg]
tukiita	tugg-~–ke[to.have.as.one's.N(s)][N→V]-~i[SBJ.V-ed.something][V→V]-~i[SBJ.V-ed.something][V→V]-~i[SBJ.V-ed.something][V→V]-~:(u)ta[condition.with.respect.to.V-ing][V→N][N][Abs][Unpd][Sg]
tukiita	tugg-~–ke[to.have.as.one's.N(s)][N→V]-~i[SBJ.V-ed.something][V→V]-~i[SBJ.V-ed.something][V→V]-~i[SBJ.V-ed.something][V→V]-te[to.act.on.so.as.to.cause.to.V][V→V][V][Intr][Intrg][3Sg]
tukiita	tugg-~–ke[to.have.as.one's.N(s)][N→V]-~i[SBJ.V-ed.something][V→V]-~i[SBJ.V-ed.something][V→V]-~:(u)te[to.V.for.or.with][to.cause.to.V.as.one.is.V-ing][to.V.toward.each.other][V→V][V][Intr][Intrg][3Sg]
tukiita	tugg-~–ke[to.have.as.one's.N(s)][N→V]-~i[SBJ.V-ed.something][V→V]-~i[SBJ.V-ed.something][V→V]-~:(u)te[SBJ.V-ed.something][V→V][V][Intr][Intrg][3Sg]
tukiita	tugg-~–ke[to.have.as.one's.N(s)][N→V]-~i[SBJ.V-ed.something][V→V]-~i[SBJ.V-ed.something][V→V]-~:(u)te[condition.with.respect.to.V-ing][V→N][N][Abs][Unpd][Sg]
tukiita	tugg-~–ke[to.have.as.one's.N(s)][N→V]-~i[SBJ.V-ed.something][V→V]-~i[SBJ.V-ed.something][V→V]-~:(u)ta[condition.with.respect.to.V-ing][V→N][N][Abs][Unpd][Sg]
tukiita	tugg-~–ke[to.have.as.one's.N(s)][N→V]-~i[SBJ.V-ed.something][V→V]-~i[SBJ.V-ed.something][V→V]-te[to.act.on.so.as.to.cause.to.V][V→V][V][Intr][Intrg][3Sg]
tukiita	tukugh-~:(ng₁)u[to.be.N][N→V]-~i[SBJ.V-ed.something][V→V]-~i[SBJ.V-ed.something][V→V]-~i[SBJ.V-ed.something][V→V]-~i[SBJ.V-ed.something][V→V]-~i[SBJ.V-ed.something][V→V]-~:(u)te[condition.with.respect.to.V-ing][V→N][N][Abs][Unpd][Sg]
tukiita	tukugh-~:(ng₁)u[to.be.N][N→V]-~i[SBJ.V-ed.something][V→V]-~i[SBJ.V-ed.something][V→V]-~i[SBJ.V-ed.something][V→V]-~i[SBJ.V-ed.something][V→V]-~i[SBJ.V-ed.something][V→V]-~:(u)ta[condition.with.respect.to.V-ing][V→N][N][Abs][Unpd][Sg]
tukiita	tukugh-~:(ng₁)u[to.be.N][N→V]-~i[SBJ.V-ed.something][V→V]-~i[SBJ.V-ed.something][V→V]-~i[SBJ.V-ed.something][V→V]-~i[SBJ.V-ed.something][V→V]-~i[SBJ.V-ed.something][V→V]-te[to.act.on.so.as.to.cause.to.V][V→V][V][Intr][Intrg][3Sg]
tukiita	tukugh-~:(ng₁)u[to.be.N][N→V]-~i[SBJ.V-ed.something][V→V]-~i[SBJ.V-ed.something][V→V]-~i[SBJ.V-ed.something][V→V]-~i[SBJ.V-ed.something][V→V]-~:(u)te[to.V.for.or.with][to.cause.to.V.as.one.is.V-ing][to.V.toward.each.other][V→V][V][Intr][Intrg][3Sg]
tukiita	tukugh-~:(ng₁)u[to.be.N][N→V]-~i[SBJ.V-ed.something][V→V]-~i[SBJ.V-ed.something][V→V]-~i[SBJ.V-ed.something][V→V]-~i[SBJ.V-ed.something][V→V]-~:(u)te[SBJ.V-ed.something][V→V][V][Intr][Intrg][3Sg]
tukiita	tukugh-~:(ng₁)u[to.be.N][N→V]-~i[SBJ.V-ed.something][V→V]-~i[SBJ.V-ed.something][V→V]-~i[SBJ.V-ed.something][V→V]-~i[SBJ.V-ed.something][V→V]-~:(u)te[condition.with.respect.to.V-ing][V→N][N][Abs][Unpd][Sg]
tukiita	tukugh-~:(ng₁)u[to.be.N][N→V]-~i[SBJ.V-ed.something][V→V]-~i[SBJ.V-ed.something][V→V]-~i[SBJ.V-ed.something][V→V]-~i[SBJ.V-ed.something][V→V]-~:(u)ta[condition.with.respect.to.V-ing][V→N][N][Abs][Unpd][Sg]
tukiita	tukugh-~:(ng₁)u[to.be.N][N→V]-~i[SBJ.V-ed.something][V→V]-~i[SBJ.V-ed.something][V→V]-~i[SBJ.V-ed.something][V→V]-~i[SBJ.V-ed.something][V→V]-te[to.act.on.so.as.to.cause.to.V][V→V][V][Intr][Intrg][3Sg]
tukiita	tukugh-~:(ng₁)u[to.be.N][N→V]-~i[SBJ.V-ed.something][V→V]-~i[SBJ.V-ed.something][V→V]-~i[SBJ.V-ed.something][V→V]-~:(u)te[to.V.for.or.with][to.cause.to.V.as.one.is.V-ing][to.V.toward.each.other][V→V][V][Intr][Intrg][3Sg]
tukiita	tukugh-~:(ng₁)u[to.be.N][N→V]-~i[SBJ.V-ed.something][V→V]-~i[SBJ.V-ed.something][V→V]-~i[SBJ.V-ed.something][V→V]-~:(u)te[SBJ.V-ed.something][V→V][V][Intr][Intrg][3Sg]
tukiita	tukugh-~:(ng₁)u[to.be.N][N→V]-~i[SBJ.V-ed.something][V→V]-~i[SBJ.V-ed.something][V→V]-~i[SBJ.V-ed.something][V→V]-~:(u)te[condition.with.respect.to.V-ing][V→N][N][Abs][Unpd][Sg]
tukiita	tukugh-~:(ng₁)u[to.be.N][N→V]-~i[SBJ.V-ed.something][V→V]-~i[SBJ.V-ed.something][V→V]-~i[SBJ.V-ed.something][V→V]-~:(u)ta[condition.with.respect.to.V-ing][V→N][N][Abs][Unpd][Sg]
tukiita	tukugh-~:(ng₁)u[to.be.N][N→V]-~i[SBJ.V-ed.something][V→V]-~i[SBJ.V-ed.something][V→V]-~i[SBJ.V-ed.something][V→V]-te[to.act.on.so.as.to.cause.to.V][V→V][V][Intr][Intrg][3Sg]
tukiita	tukugh-~:(ng₁)u[to.be.N][N→V]-~i[SBJ.V-ed.something][V→V]-~i[SBJ.V-ed.something][V→V]-~:(u)te[to.V.for.or.with][to.cause.to.V.as.one.is.V-ing][to.V.toward.each.other][V→V][V][Intr][Intrg][3Sg]
tukiita	tukugh-~:(ng₁)u[to.be.N][N→V]-~i[SBJ.V-ed.something][V→V]-~i[SBJ.V-ed.something][V→V]-~:(u)te[SBJ.V-ed.something][V→V][V][Intr][Intrg][3Sg]
tukiita	tukugh-~:(ng₁)u[to.be.N][N→V]-~i[SBJ.V-ed.something][V→V]-~i[SBJ.V-ed.something][V→V]-~:(u)te[condition.with.respect.to.V-ing][V→N][N][Abs][Unpd][Sg]
tukiita	tukugh-~:(ng₁)u[to.be.N][N→V]-~i[SBJ.V-ed.something][V→V]-~i[SBJ.V-ed.something][V→V]-~:(u)ta[condition.with.respect.to.V-ing][V→N][N][Abs][Unpd][Sg]
tukiita	tukugh-~:(ng₁)u[to.be.N][N→V]-~i[SBJ.V-ed.something][V→V]-~i[SBJ.V-ed.something][V→V]-te[to.act.on.so.as.to.cause.to.V][V→V][V][Intr][Intrg][3Sg]
tukiita	tukugh-~:(ng₁)u[to.be.N][N→V]-~i[SBJ.V-ed.something][V→V]-~:(u)te[to.V.for.or.with][to.cause.to.V.as.one.is.V-ing][to.V.toward.each.other][V→V][V][Intr][Intrg][3Sg]
tukiita	tukugh-~:(ng₁)u[to.be.N][N→V]-~i[SBJ.V-ed.something][V→V]-~:(u)te[SBJ.V-ed.something][V→V][V][Intr][Intrg][3Sg]
tukiita	tukugh-~:(ng₁)u[to.be.N][N→V]-~i[SBJ.V-ed.something][V→V]-~:(u)te[condition.with.respect.to.V-ing][V→N][N][Abs][Unpd][Sg]
tukiita	tukugh-~:(ng₁)u[to.be.N][N→V]-~i[SBJ.V-ed.something][V→V]-~:(u)ta[condition.with.respect.to.V-ing][V→N][N][Abs][Unpd][Sg]
tukiita	tukugh-~:(ng₁)u[to.be.N][N→V]-~i[SBJ.V-ed.something][V→V]-te[to.act.on.so.as.to.cause.to.V][V→V][V][Intr][Intrg][3Sg]
tukiita	tukugh*-~:(ng₁)u[to.be.N][N→V]-~i[SBJ.V-ed.something][V→V]-~i[SBJ.V-ed.something][V→V]-~i[SBJ.V-ed.something][V→V]-~i[SBJ.V-ed.something][V→V]-~i[SBJ.V-ed.something][V→V]-~:(u)te[condition.with.respect.to.V-ing][V→N][N][Abs][Unpd][Sg]
tukiita	tukugh*-~:(ng₁)u[to.be.N][N→V]-~i[SBJ.V-ed.something][V→V]-~i[SBJ.V-ed.something][V→V]-~i[SBJ.V-ed.something][V→V]-~i[SBJ.V-ed.something][V→V]-~i[SBJ.V-ed.something][V→V]-~:(u)ta[condition.with.respect.to.V-ing][V→N][N][Abs][Unpd][Sg]
tukiita	tukugh*-~:(ng₁)u[to.be.N][N→V]-~i[SBJ.V-ed.something][V→V]-~i[SBJ.V-ed.something][V→V]-~i[SBJ.V-ed.something][V→V]-~i[SBJ.V-ed.something][V→V]-~i[SBJ.V-ed.something][V→V]-te[to.act.on.so.as.to.cause.to.V][V→V][V][Intr][Intrg][3Sg]
tukiita	tukugh*-~:(ng₁)u[to.be.N][N→V]-~i[SBJ.V-ed.something][V→V]-~i[SBJ.V-ed.something][V→V]-~i[SBJ.V-ed.something][V→V]-~i[SBJ.V-ed.something][V→V]-~:(u)te[to.V.for.or.with][to.cause.to.V.as.one.is.V-ing][to.V.toward.each.other][V→V][V][Intr][Intrg][3Sg]
tukiita	tukugh*-~:(ng₁)u[to.be.N][N→V]-~i[SBJ.V-ed.something][V→V]-~i[SBJ.V-ed.something][V→V]-~i[SBJ.V-ed.something][V→V]-~i[SBJ.V-ed.something][V→V]-~:(u)te[SBJ.V-ed.something][V→V][V][Intr][Intrg][3Sg]
tukiita	tukugh*-~:(ng₁)u[to.be.N][N→V]-~i[SBJ.V-ed.something][V→V]-~i[SBJ.V-ed.something][V→V]-~i[SBJ.V-ed.something][V→V]-~i[SBJ.V-ed.something][V→V]-~:(u)te[condition.with.respect.to.V-ing][V→N][N][Abs][Unpd][Sg]
tukiita	tukugh*-~:(ng₁)u[to.be.N][N→V]-~i[SBJ.V-ed.something][V→V]-~i[SBJ.V-ed.something][V→V]-~i[SBJ.V-ed.something][V→V]-~i[SBJ.V-ed.something][V→V]-~:(u)ta[condition.with.respect.to.V-ing][V→N][N][Abs][Unpd][Sg]
tukiita	tukugh*-~:(ng₁)u[to.be.N][N→V]-~i[SBJ.V-ed.something][V→V]-~i[SBJ.V-ed.something][V→V]-~i[SBJ.V-ed.something][V→V]-~i[SBJ.V-ed.something][V→V]-te[to.act.on.so.as.to.cause.to.V][V→V][V][Intr][Intrg][3Sg]
tukiita	tukugh*-~:(ng₁)u[to.be.N][N→V]-~i[SBJ.V-ed.something][V→V]-~i[SBJ.V-ed.something][V→V]-~i[SBJ.V-ed.something][V→V]-~:(u)te[to.V.for.or.with][to.cause.to.V.as.one.is.V-ing][to.V.toward.each.other][V→V][V][Intr][Intrg][3Sg]
tukiita	tukugh*-~:(ng₁)u[to.be.N][N→V]-~i[SBJ.V-ed.something][V→V]-~i[SBJ.V-ed.something][V→V]-~i[SBJ.V-ed.something][V→V]-~:(u)te[SBJ.V-ed.something][V→V][V][Intr][Intrg][3Sg]
tukiita	tukugh*-~:(ng₁)u[to.be.N][N→V]-~i[SBJ.V-ed.something][V→V]-~i[SBJ.V-ed.something][V→V]-~i[SBJ.V-ed.something][V→V]-~:(u)te[condition.with.respect.to.V-ing][V→N][N][Abs][Unpd][Sg]
tukiita	tukugh*-~:(ng₁)u[to.be.N][N→V]-~i[SBJ.V-ed.something][V→V]-~i[SBJ.V-ed.something][V→V]-~i[SBJ.V-ed.something][V→V]-~:(u)ta[condition.with.respect.to.V-ing][V→N][N][Abs][Unpd][Sg]
tukiita	tukugh*-~:(ng₁)u[to.be.N][N→V]-~i[SBJ.V-ed.something][V→V]-~i[SBJ.V-ed.something][V→V]-~i[SBJ.V-ed.something][V→V]-te[to.act.on.so.as.to.cause.to.V][V→V][V][Intr][Intrg][3Sg]
tukiita	tukugh*-~:(ng₁)u[to.be.N][N→V]-~i[SBJ.V-ed.something][V→V]-~i[SBJ.V-ed.something][V→V]-~:(u)te[to.V.for.or.with][to.cause.to.V.as.one.is.V-ing][to.V.toward.each.other][V→V][V][Intr][Intrg][3Sg]
tukiita	tukugh*-~:(ng₁)u[to.be.N][N→V]-~i[SBJ.V-ed.something][V→V]-~i[SBJ.V-ed.something][V→V]-~:(u)te[SBJ.V-ed.something][V→V][V][Intr][Intrg][3Sg]
tukiita	tukugh*-~:(ng₁)u[to.be.N][N→V]-~i[SBJ.V-ed.something][V→V]-~i[SBJ.V-ed.something][V→V]-~:(u)te[condition.with.respect.to.V-ing][V→N][N][Abs][Unpd][Sg]
tukiita	tukugh*-~:(ng₁)u[to.be.N][N→V]-~i[SBJ.V-ed.something][V→V]-~i[SBJ.V-ed.something][V→V]-~:(u)ta[condition.with.respect.to.V-ing][V→N][N][Abs][Unpd][Sg]
tukiita	tukugh*-~:(ng₁)u[to.be.N][N→V]-~i[SBJ.V-ed.something][V→V]-~i[SBJ.V-ed.something][V→V]-te[to.act.on.so.as.to.cause.to.V][V→V][V][Intr][Intrg][3Sg]
tukiita	tukugh*-~:(ng₁)u[to.be.N][N→V]-~i[SBJ.V-ed.something][V→V]-~:(u)te[to.V.for.or.with][to.cause.to.V.as.one.is.V-ing][to.V.toward.each.other][V→V][V][Intr][Intrg][3Sg]
tukiita	tukugh*-~:(ng₁)u[to.be.N][N→V]-~i[SBJ.V-ed.something][V→V]-~:(u)te[SBJ.V-ed.something][V→V][V][Intr][Intrg][3Sg]
tukiita	tukugh*-~:(ng₁)u[to.be.N][N→V]-~i[SBJ.V-ed.something][V→V]-~:(u)te[condition.with.respect.to.V-ing][V→N][N][Abs][Unpd][Sg]
tukiita	tukugh*-~:(ng₁)u[to.be.N][N→V]-~i[SBJ.V-ed.something][V→V]-~:(u)ta[condition.with.respect.to.V-ing][V→N][N][Abs][Unpd][Sg]
tukiita	tukugh*-~:(ng₁)u[to.be.N][N→V]-~i[SBJ.V-ed.something][V→V]-te[to.act.on.so.as.to.cause.to.V][V→V][V][Intr][Intrg][3Sg]
tukiita	tukugh-~:(ng₁)ite**[to.lack.N][to.not.have.N][N→V][V][Intr][Intrg][3Sg]
tukiita	tukugh[N][Rel][3DuPoss][SgPosd]
tukiita	tukugh[N][Rel][3DuPoss][PlPosd]
tukiita	tukugh[N][Rel][3PlPoss][SgPosd]
tukiita	tukugh[N][Rel][3PlPoss][PlPosd]
tukiita	tukugh*-~:(ng₁)ite**[to.lack.N][to.not.have.N][N→V][V][Intr][Intrg][3Sg]
tukiita	tukugh*[N][Rel][3DuPoss][SgPosd]
tukiita	tukugh*[N][Rel][3DuPoss][PlPosd]
tukiita	tukugh*[N][Rel][3PlPoss][SgPosd]
tukiita	tukugh*[N][Rel][3PlPoss][PlPosd]

neghesigalkangat	+?

------------------------
Quunpeng ilaakwaaghmini kiyang neghaqelghii.

quunpeng	quunpeng

ilaakwaaghmini	+?

kiyang	+?

neghaqelghii	negh-~(g₁)aqe[to.be.V.ing][to.regularly.or.repeatedly.V][V→V]-@₁–lghii[the.one.that.V-ed][the.one.that.is.V][V→N][N][Abs][Unpd][Sg]
neghaqelghii	neghe-~(g₁)aqe[to.be.V.ing][to.regularly.or.repeatedly.V][V→V]-@₁–lghii[the.one.that.V-ed][the.one.that.is.V][V→N][N][Abs][Unpd][Sg]

------------------------
Palaseketaghhaghmeng neghaqelghii.

palaseketaghhaghmeng	+?

neghaqelghii	negh-~(g₁)aqe[to.be.V.ing][to.regularly.or.repeatedly.V][V→V]-@₁–lghii[the.one.that.V-ed][the.one.that.is.V][V→N][N][Abs][Unpd][Sg]
neghaqelghii	neghe-~(g₁)aqe[to.be.V.ing][to.regularly.or.repeatedly.V][V→V]-@₁–lghii[the.one.that.V-ed][the.one.that.is.V][V→N][N][Abs][Unpd][Sg]

------------------------
Vuvallanaqeneghmeggni ilagiisqughaghaqsaqangat.

vuvallanaqeneghmeggni	+?

ilagiisqughaghaqsaqangat	+?

------------------------
Ighsaghwaaghaqelghii.

ighsaghwaaghaqelghii	+?

------------------------
Anagulghaqegkangat aghtuneghmegteggu.

anagulghaqegkangat	+?

aghtuneghmegteggu	aghtugh[V][Trns][Ctmp][4Pl][3Sg]

------------------------
Quunpeng yugem anaguleghtaagaqegkanga.

quunpeng	quunpeng

yugem	yu(u)g[N][Rel][Unpd][Sg]
yugem	yug[N][Rel][Unpd][Sg]

anaguleghtaagaqegkanga	+?

------------------------


	

------------------------
Maaten ilangani uksumi emta tawaten vuvallanaqsata, whaa apeghiighsaghyata, ellngaanguq mekelghiiq unaghhaaneng an'giqaq an'giqaq an'giqaq.

maaten	maatete[N][Abs][Unpd][Sg]

ilangani	ila[N][Loc][3SgPoss][SgPosd]
ilangani	ila[N][Loc][3SgPoss][PlPosd]
ilangani	ilangani
ilangani	ilangani[N][Abs][Unpd][Sg]

uksumi	+?

emta	+?

tawaten	tawaten

vuvallanaqsata	+?

whaa	+?

apeghiighsaghyata	apeghiigh-te[to.act.on.so.as.to.cause.to.V][V→V]-@₁~fyagh[to.go.V-ing][to.V.in.vain][V→V][V][Intr][CnsqI][3Pl]

ellngaanguq	+?

mekelghiiq	mekelghiigh[N][Abs][Unpd][Sg]

unaghhaaneng	una-–ghhagh*[dear.N][N→N][N][Abl_Mod][3SgPoss][SgPosd]
unaghhaaneng	una-–ghhagh*[dear.N][N→N][N][Abl_Mod][3SgPoss][PlPosd]

angiqaq	+?

angiqaq	+?

angiqaq	+?

------------------------
Unugtaaghllagaa.

unugtaaghllagaa	+?

------------------------
Qenwat mamleghqwaagaa.

qenwat	qenwat

mamleghqwaagaa	+?

------------------------
Pimakanga yugem, "Saaqsin tawani?"

pimakanga	pi-@₁~:(i/u)ma[to.have.V-ed][to.have.been.V-ed][V→V]-@*@₂~sf–(g₂)k(a)e[the.one.that.possessor.V-ed][V→N][N][Abs][3SgPoss][SgPosd]
pimakanga	pi-@₁~:(i/u)ma[to.have.V-ed][to.have.been.V-ed][V→V][V][Trns][Ptcp][3Sg][3Sg]
pimakanga	pi-@₁~:(i/u)ma[to.have.V-ed][to.have.been.V-ed][V→V][V][Trns][Cond][3Sg][1Sg]

yugem	yu(u)g[N][Rel][Unpd][Sg]
yugem	yug[N][Rel][Unpd][Sg]

saaqsin	sa-~(g₁)aqe[to.be.V.ing][to.regularly.or.repeatedly.V][V→V][V][Intr][Intrg][2Sg]

tawani	tawani
tawani	tawani[N][Abs][Unpd][Sg]

------------------------
"Qayughllak tukuunka vuvallanaqaqut.

qayughllak	qayugh-–ghllag[big.N][N→N][N][Abs][Unpd][Sg]
qayughllak	qayugh-–ghllak[big.N][AUG]
qayughllak	qayughllak
qayughllak	qayughllag[N][Abs][Unpd][Sg]

tukuunka	tukugh*[N][Abs][1SgPoss][PlPosd]

vuvallanaqaqut	+?

------------------------
Enkaam iwhaniiqunga...

enkaam	enkaam

iwhaniiqunga	+?

------------------------
Kagtaghtaghwaaghaqunga.

kagtaghtaghwaaghaqunga	+?

------------------------
Ilagiisqughaaghaqsaqangatnga, aghtuneghmegtengnga anaguleghtaagaqegkangatnga."

ilagiisqughaaghaqsaqangatnga	+?

aghtuneghmegtengnga	aghtugh[V][Trns][Ctmp][4Pl][1Sg]

anaguleghtaagaqegkangatnga	+?

------------------------
"Aa-a, enkaam elpek Talakangulghiiten."

aaa	+?

enkaam	enkaam

elpek	elpek
elpek	elpeg[N][Abs][Unpd][Sg]

talakangulghiiten	+?

------------------------
Kallagutkelluku ilagaghyalghiimi, "Talaka Talaka Talaka, ay!

kallagutkelluku	+?

ilagaghyalghiimi	ilagagh-@₁~fyagh[to.go.V-ing][to.V.in.vain][V→V]-@₁–lghii[the.one.that.V-ed][the.one.that.is.V][V→N][N][Loc][Unpd][Sg]
ilagaghyalghiimi	ilagagh-@₁~fyagh[to.go.V-ing][to.V.in.vain][V→V]-@₁–lghii[the.one.that.V-ed][the.one.that.is.V][V→N][N][Rel][4SgPoss][SgPosd]
ilagaghyalghiimi	ilagagh-@₁~fyagh[to.go.V-ing][to.V.in.vain][V→V]-@₁–lghii[the.one.that.V-ed][the.one.that.is.V][V→N][N][Rel][4SgPoss][PlPosd]
ilagaghyalghiimi	ilagagh[V][Intr][Ptcp_Obl][4Sg]

talaka	tala-~–ke[to.have.as.one's.N(s)][N→V][V][Intr][Intrg][3Sg]
talaka	tala[N][Abs][1SgPoss][SgPosd]

talaka	tala-~–ke[to.have.as.one's.N(s)][N→V][V][Intr][Intrg][3Sg]
talaka	tala[N][Abs][1SgPoss][SgPosd]

talaka	tala-~–ke[to.have.as.one's.N(s)][N→V][V][Intr][Intrg][3Sg]
talaka	tala[N][Abs][1SgPoss][SgPosd]

ay	+?

------------------------
Talaka-Talaka-Talayaay!

talakatalakatalayaay	+?

------------------------
Saguyagka kallagutaghsamkekay!

saguyagka	saguyagh[N][Abs][1SgPoss][DuPosd]

kallagutaghsamkekay	+?

------------------------
Mumeghhaqa anagutaghsamkunay!"

mumeghhaqa	mumegh-–ghhagh*[dear.N][N→N]-~–ke[to.have.as.one's.N(s)][N→V][V][Intr][Intrg][3Sg]
mumeghhaqa	mumegh-–ghhagh*[dear.N][N→N][N][Abs][1SgPoss][SgPosd]

anagutaghsamkunay	+?

------------------------
Nuna mumeghmineng tenpeyaqenni quupaghteghllagaa.

nuna	nuna[N][Abs][Unpd][Sg]

mumeghmineng	mumegh[N][Abl_Mod][4SgPoss][PlPosd]
mumeghmineng	mumegh[N][Abl_Mod][4SgPoss][SgPosd]

tenpeyaqenni	+?

quupaghteghllagaa	+?

------------------------
"Tawaten ílagaghhaaten!

tawaten	tawaten

ílagaghhaaten	+?

------------------------
Sivukluni amiigurat uugkuttenpenaketen mumeghpeneng.

sivukluni	sivu-~–ke[to.have.as.one's.N(s)][N→V]-te[to.act.on.so.as.to.cause.to.V][V→V]-te[to.act.on.so.as.to.cause.to.V][V→V][V][Intr][Sbrd][3Sg]
sivukluni	sivu-~–ke[to.have.as.one's.N(s)][N→V]-te[to.act.on.so.as.to.cause.to.V][V→V][V][Intr][Sbrd][3Sg]
sivukluni	sivu-~–ke[to.have.as.one's.N(s)][N→V][V][Intr][Sbrd][3Sg]
sivukluni	sivug-~–ke[to.have.as.one's.N(s)][N→V]-te[to.act.on.so.as.to.cause.to.V][V→V]-te[to.act.on.so.as.to.cause.to.V][V→V][V][Intr][Sbrd][3Sg]
sivukluni	sivug-~–ke[to.have.as.one's.N(s)][N→V]-te[to.act.on.so.as.to.cause.to.V][V→V][V][Intr][Sbrd][3Sg]
sivukluni	sivug-~–ke[to.have.as.one's.N(s)][N→V][V][Intr][Sbrd][3Sg]

amiigurat	+?

uugkuttenpenaketen	+?

mumeghpeneng	mumegh[N][Abl_Mod][2SgPoss][PlPosd]
mumeghpeneng	mumegh[N][Abl_Mod][2SgPoss][SgPosd]

------------------------
Taaqegkuvek taakwavek aywaanun egkwaanun ima kaaten pinaaghtut.

taaqegkuvek	taaqe[V][Intr][Cond][2Sg]

taakwavek	+?

aywaanun	aywaa[N][Ter][Unpd][Pl]
aywaanun	aygugh[N][Ter][3SgPoss][SgPosd]
aywaanun	aygugh[N][Ter][3SgPoss][PlPosd]

egkwaanun	egkugh[N][Ter][3SgPoss][SgPosd]
egkwaanun	egkugh[N][Ter][3SgPoss][PlPosd]

ima	ima

kaaten	kaate[V][Intr][Opt][PRS][2Sg]

pinaaghtut	+?

------------------------
Amenam aglaa.

amenam	+?

aglaa	aglagh[V][Intr][Opt][PRS][2Sg]

------------------------
Tuulleqaaten."

tuulleqaaten	+?

------------------------


	

------------------------
Llaaghanwha mekelghiiq aglaamalghii.

llaaghanwha	+?

mekelghiiq	mekelghiigh[N][Abs][Unpd][Sg]

aglaamalghii	aglagh-@₁~:(i/u)ma[to.have.V-ed][to.have.been.V-ed][V→V]-@₁–lghii[the.one.that.V-ed][the.one.that.is.V][V→N][N][Abs][Unpd][Sg]

------------------------
Aglaghluninguq iteghyan piit, "Kiimnalleghiitaquten!

aglaghluninguq	+?

iteghyan	itegh[V][Intr][CnsqI][3Sg]

piit	pi[V][Intr][Intrg][3Pl]
piit	pi[V][Intr][Ind][3Pl]
piit	pi[V][Trns][Ind][3Pl][3Pl]
piit	pi[V][Trns][Ind][3Pl][3Sg]
piit	pi[V][Trns][Ind][3Du][3Sg]

kiimnalleghiitaquten	+?

------------------------
Naken pizin?"

naken	naken
naken	nakete[N][Abs][Unpd][Sg]

pizin	pi[V][Intr][Intrg][2Sg]

------------------------
"An'gighaqunga."

angighaqunga	+?

------------------------
"Utaqaneghmeng aghtughluten qenwat neghutukut.

utaqaneghmeng	utaqa-@₁–negh[the.act.or.activity.of.V-ing][V→N][N][Rel][4DuPoss][SgPosd]
utaqaneghmeng	utaqa-@₁–negh[the.act.or.activity.of.V-ing][V→N][N][Rel][4DuPoss][PlPosd]
utaqaneghmeng	utaqa-@₁–negh[the.act.or.activity.of.V-ing][V→N][N][Rel][4PlPoss][SgPosd]
utaqaneghmeng	utaqa-@₁–negh[the.act.or.activity.of.V-ing][V→N][N][Rel][4PlPoss][PlPosd]
utaqaneghmeng	utaqa-@₁–negh[the.act.or.activity.of.V-ing][V→N][N][Abl_Mod][Unpd][Sg]
utaqaneghmeng	utaqa-~:(u)te[to.V.for.or.with][to.cause.to.V.as.one.is.V-ing][to.V.toward.each.other][V→V]-@₁–negh[the.act.or.activity.of.V-ing][V→N][N][Rel][4DuPoss][SgPosd]
utaqaneghmeng	utaqa-~:(u)te[to.V.for.or.with][to.cause.to.V.as.one.is.V-ing][to.V.toward.each.other][V→V]-@₁–negh[the.act.or.activity.of.V-ing][V→N][N][Rel][4DuPoss][PlPosd]
utaqaneghmeng	utaqa-~:(u)te[to.V.for.or.with][to.cause.to.V.as.one.is.V-ing][to.V.toward.each.other][V→V]-@₁–negh[the.act.or.activity.of.V-ing][V→N][N][Rel][4PlPoss][SgPosd]
utaqaneghmeng	utaqa-~:(u)te[to.V.for.or.with][to.cause.to.V.as.one.is.V-ing][to.V.toward.each.other][V→V]-@₁–negh[the.act.or.activity.of.V-ing][V→N][N][Rel][4PlPoss][PlPosd]
utaqaneghmeng	utaqa-~:(u)te[to.V.for.or.with][to.cause.to.V.as.one.is.V-ing][to.V.toward.each.other][V→V]-@₁–negh[the.act.or.activity.of.V-ing][V→N][N][Abl_Mod][Unpd][Sg]
utaqaneghmeng	utaqa-~:(u)te[SBJ.V-ed.something][V→V]-@₁–negh[the.act.or.activity.of.V-ing][V→N][N][Rel][4DuPoss][SgPosd]
utaqaneghmeng	utaqa-~:(u)te[SBJ.V-ed.something][V→V]-@₁–negh[the.act.or.activity.of.V-ing][V→N][N][Rel][4DuPoss][PlPosd]
utaqaneghmeng	utaqa-~:(u)te[SBJ.V-ed.something][V→V]-@₁–negh[the.act.or.activity.of.V-ing][V→N][N][Rel][4PlPoss][SgPosd]
utaqaneghmeng	utaqa-~:(u)te[SBJ.V-ed.something][V→V]-@₁–negh[the.act.or.activity.of.V-ing][V→N][N][Rel][4PlPoss][PlPosd]
utaqaneghmeng	utaqa-~:(u)te[SBJ.V-ed.something][V→V]-@₁–negh[the.act.or.activity.of.V-ing][V→N][N][Abl_Mod][Unpd][Sg]
utaqaneghmeng	utaqa-~:(u)te[SBJ.V-ed.something][V→V][V][Intr][Ctmp][4Pl]

aghtughluten	aghtugh[V][Intr][Sbrd][2Sg]
aghtughluten	aghtugh[V][Trns][Sbrd][_][2Sg]

qenwat	qenwat

neghutukut	negh-~:(u)te[to.V.for.or.with][to.cause.to.V.as.one.is.V-ing][to.V.toward.each.other][V→V][V][Intr][Ind][1Pl]
neghutukut	negh-~:(u)te[SBJ.V-ed.something][V→V][V][Intr][Ind][1Pl]
neghutukut	neghe-~:(u)te[to.V.for.or.with][to.cause.to.V.as.one.is.V-ing][to.V.toward.each.other][V→V][V][Intr][Ind][1Pl]
neghutukut	neghe-~:(u)te[SBJ.V-ed.something][V→V][V][Intr][Ind][1Pl]

------------------------
Neghi!"

neghi	negh-~i[SBJ.V-ed.something][V→V][V][Intr][Opt][PRS][2Sg]
neghi	neghe-~i[SBJ.V-ed.something][V→V][V][Intr][Opt][PRS][2Sg]
neghi	neghe[V][Intr][Opt][PRS][2Sg]
neghi	negh[V][Intr][Opt][PRS][2Sg]

------------------------
Palaseketaghhaghmeng neghesluku taagken unulqusiq mekelghiiq qavaghpenani aghtesimakanga.

palaseketaghhaghmeng	+?

neghesluku	neghe-(te)ste[to.have.make.or.let.one.V][Cmpd_Vbl]-te[to.act.on.so.as.to.cause.to.V][V→V][V][Trns][Sbrd][_][3Sg]
neghesluku	neghe-(te)ste[to.have.make.or.let.one.V][Cmpd_Vbl][V][Trns][Sbrd][_][3Sg]

taagken	taagken

unulqusiq	+?

mekelghiiq	mekelghiigh[N][Abs][Unpd][Sg]

qavaghpenani	qavagh-@₁–nghite**[to.not.V][V→V][V][Intr][Sbrd][3Sg]

aghtesimakanga	+?

------------------------
Teghhumamalghii unulqusiq.

teghhumamalghii	+?

unulqusiq	+?

------------------------
Llaaghanwha aghsagu vuvallayeng napaghsamegteggu piit, "Sughukaq qaagna kelgughhu!"

llaaghanwha	+?

aghsagu	+?

vuvallayeng	vuvalla[N][Abs][4PlPoss][SgPosd]

napaghsamegteggu	+?

piit	pi[V][Intr][Intrg][3Pl]
piit	pi[V][Intr][Ind][3Pl]
piit	pi[V][Trns][Ind][3Pl][3Pl]
piit	pi[V][Trns][Ind][3Pl][3Sg]
piit	pi[V][Trns][Ind][3Du][3Sg]

sughukaq	sughukagh[N][Abs][Unpd][Sg]

qaagna	qaagna
qaagna	qaagna[N][Abs][Unpd][Sg]

kelgughhu	+?

------------------------
Mekelghiighhaam kelgughyaqenni yaywaalengiighhaam aksaqluni ungipaataqluki, "Ilagaquma aksaqlusi aanleghaalleghasi elpesi."

mekelghiighhaam	mekelghiigh-–ghhagh*[dear.N][N→N][N][Rel][Unpd][Sg]

kelgughyaqenni	+?

yaywaalengiighhaam	+?

aksaqluni	+?

ungipaataqluki	ungipaate-~(g₁)aqe[to.be.V.ing][to.regularly.or.repeatedly.V][V→V]-te[to.act.on.so.as.to.cause.to.V][V→V]-te[to.act.on.so.as.to.cause.to.V][V→V][V][Trns][Sbrd][_][3Pl]
ungipaataqluki	ungipaate-~(g₁)aqe[to.be.V.ing][to.regularly.or.repeatedly.V][V→V]-te[to.act.on.so.as.to.cause.to.V][V→V][V][Trns][Sbrd][_][3Pl]
ungipaataqluki	ungipaate-~(g₁)aqe[to.be.V.ing][to.regularly.or.repeatedly.V][V→V][V][Trns][Sbrd][_][3Pl]

ilagaquma	ilagagh[V][Intr][Cond][1Sg]

aksaqlusi	+?

aanleghaalleghasi	+?

elpesi	elpeg[N][Abs][2PlPoss][PlPosd]
elpesi	elpesi

------------------------
"Aa-a!"

aaa	+?

------------------------
Iwerngam qamagsamigu tagilaghaalluteng neghulluteng neghulluteng qamagtut.

iwerngam	+?

qamagsamigu	qamagte[V][Trns][CnsqI][4Sg][3Sg]

tagilaghaalluteng	+?

neghulluteng	negh-~:(u)te[to.V.for.or.with][to.cause.to.V.as.one.is.V-ing][to.V.toward.each.other][V→V]-te[to.act.on.so.as.to.cause.to.V][V→V][V][Intr][Sbrd][3Pl]
neghulluteng	negh-~:(u)te[to.V.for.or.with][to.cause.to.V.as.one.is.V-ing][to.V.toward.each.other][V→V][V][Intr][Sbrd][3Pl]
neghulluteng	negh-~:(u)te[condition.with.respect.to.V-ing][V→N]-te[to.catch.N][to.go.to.N][N→V][V][Intr][Sbrd][3Pl]
neghulluteng	negh-~:(u)te[SBJ.V-ed.something][V→V]-te[to.act.on.so.as.to.cause.to.V][V→V][V][Intr][Sbrd][3Pl]
neghulluteng	negh-~:(u)te[SBJ.V-ed.something][V→V][V][Intr][Sbrd][3Pl]
neghulluteng	neghe-~:(u)te[to.V.for.or.with][to.cause.to.V.as.one.is.V-ing][to.V.toward.each.other][V→V]-te[to.act.on.so.as.to.cause.to.V][V→V][V][Intr][Sbrd][3Pl]
neghulluteng	neghe-~:(u)te[to.V.for.or.with][to.cause.to.V.as.one.is.V-ing][to.V.toward.each.other][V→V][V][Intr][Sbrd][3Pl]
neghulluteng	neghe-~:(u)te[condition.with.respect.to.V-ing][V→N]-te[to.catch.N][to.go.to.N][N→V][V][Intr][Sbrd][3Pl]
neghulluteng	neghe-~:(u)te[SBJ.V-ed.something][V→V]-te[to.act.on.so.as.to.cause.to.V][V→V][V][Intr][Sbrd][3Pl]
neghulluteng	neghe-~:(u)te[SBJ.V-ed.something][V→V][V][Intr][Sbrd][3Pl]

neghulluteng	negh-~:(u)te[to.V.for.or.with][to.cause.to.V.as.one.is.V-ing][to.V.toward.each.other][V→V]-te[to.act.on.so.as.to.cause.to.V][V→V][V][Intr][Sbrd][3Pl]
neghulluteng	negh-~:(u)te[to.V.for.or.with][to.cause.to.V.as.one.is.V-ing][to.V.toward.each.other][V→V][V][Intr][Sbrd][3Pl]
neghulluteng	negh-~:(u)te[condition.with.respect.to.V-ing][V→N]-te[to.catch.N][to.go.to.N][N→V][V][Intr][Sbrd][3Pl]
neghulluteng	negh-~:(u)te[SBJ.V-ed.something][V→V]-te[to.act.on.so.as.to.cause.to.V][V→V][V][Intr][Sbrd][3Pl]
neghulluteng	negh-~:(u)te[SBJ.V-ed.something][V→V][V][Intr][Sbrd][3Pl]
neghulluteng	neghe-~:(u)te[to.V.for.or.with][to.cause.to.V.as.one.is.V-ing][to.V.toward.each.other][V→V]-te[to.act.on.so.as.to.cause.to.V][V→V][V][Intr][Sbrd][3Pl]
neghulluteng	neghe-~:(u)te[to.V.for.or.with][to.cause.to.V.as.one.is.V-ing][to.V.toward.each.other][V→V][V][Intr][Sbrd][3Pl]
neghulluteng	neghe-~:(u)te[condition.with.respect.to.V-ing][V→N]-te[to.catch.N][to.go.to.N][N→V][V][Intr][Sbrd][3Pl]
neghulluteng	neghe-~:(u)te[SBJ.V-ed.something][V→V]-te[to.act.on.so.as.to.cause.to.V][V→V][V][Intr][Sbrd][3Pl]
neghulluteng	neghe-~:(u)te[SBJ.V-ed.something][V→V][V][Intr][Sbrd][3Pl]

qamagtut	qamagte[V][Intr][Ind][3Pl]

------------------------
"Aa-a, mekelghiighhaq saaqsin ilagaa!

aaa	+?

mekelghiighhaq	mekelghiigh-–ghhagh*[dear.N][N→N][N][Abs][Unpd][Sg]

saaqsin	sa-~(g₁)aqe[to.be.V.ing][to.regularly.or.repeatedly.V][V→V][V][Intr][Intrg][2Sg]

ilagaa	ilagagh[V][Intr][Opt][PRS][2Sg]

------------------------
"Samengqun ilagaghlanga!

samengqun	+?

ilagaghlanga	ilagagh[V][Intr][Opt][PRS][1Sg]

------------------------
Avangitunga."

avangitunga	ava-~:(ng₁)ite**[to.lack.N][to.not.have.N][N→V][V][Intr][Ind][1Sg]

------------------------
"Weni ilagaa getgeta1 qaagkut ilagatangitneng."

weni	+?

ilagaa	ilagagh[V][Intr][Opt][PRS][2Sg]

getgeta1	+?

qaagkut	qaagkut

ilagatangitneng	+?

------------------------
"Avangitimga."

avangitimga	+?

------------------------
"Aa-a ighsaghwaa tawani..."

aaa	+?

ighsaghwaa	+?

tawani	tawani
tawani	tawani[N][Abs][Unpd][Sg]

------------------------
Nutaan anagunaqsaghaat.

nutaan	+?

anagunaqsaghaat	+?

------------------------
"Aa-a enta talwam ilagaqaghlanga!"

aaa	+?

enta	+?

talwam	+?

ilagaqaghlanga	+?

------------------------


	

------------------------
Ketfaghlunmguq saguyak kallagsimakek kallagutkellukek aanqusalghiimi, "Talaka-Talaka-Talaka-ay!

ketfaghlunmguq	+?

saguyak	saguyagh[N][Abs][Unpd][Du]
saguyak	saguyagh[N][Rel][Unpd][Du]

kallagsimakek	+?

kallagutkellukek	+?

aanqusalghiimi	anegh-~–ke[to.have.as.one's.N(s)][N→V]-~:(u)te[to.V.for.or.with][to.cause.to.V.as.one.is.V-ing][to.V.toward.each.other][V→V]-te[to.act.on.so.as.to.cause.to.V][V→V]-te[to.act.on.so.as.to.cause.to.V][V→V]-@₁~fyagh[to.go.V-ing][to.V.in.vain][V→V]-@₁–lghii[the.one.that.V-ed][the.one.that.is.V][V→N][N][Loc][Unpd][Sg]
aanqusalghiimi	anegh-~–ke[to.have.as.one's.N(s)][N→V]-~:(u)te[to.V.for.or.with][to.cause.to.V.as.one.is.V-ing][to.V.toward.each.other][V→V]-te[to.act.on.so.as.to.cause.to.V][V→V]-te[to.act.on.so.as.to.cause.to.V][V→V]-@₁~fyagh[to.go.V-ing][to.V.in.vain][V→V]-@₁–lghii[the.one.that.V-ed][the.one.that.is.V][V→N][N][Rel][4SgPoss][SgPosd]
aanqusalghiimi	anegh-~–ke[to.have.as.one's.N(s)][N→V]-~:(u)te[to.V.for.or.with][to.cause.to.V.as.one.is.V-ing][to.V.toward.each.other][V→V]-te[to.act.on.so.as.to.cause.to.V][V→V]-te[to.act.on.so.as.to.cause.to.V][V→V]-@₁~fyagh[to.go.V-ing][to.V.in.vain][V→V]-@₁–lghii[the.one.that.V-ed][the.one.that.is.V][V→N][N][Rel][4SgPoss][PlPosd]
aanqusalghiimi	anegh-~–ke[to.have.as.one's.N(s)][N→V]-~:(u)te[to.V.for.or.with][to.cause.to.V.as.one.is.V-ing][to.V.toward.each.other][V→V]-te[to.act.on.so.as.to.cause.to.V][V→V]-te[to.act.on.so.as.to.cause.to.V][V→V][V][Intr][Ptcp_Obl][4Sg]
aanqusalghiimi	anegh-~–ke[to.have.as.one's.N(s)][N→V]-~:(u)te[to.V.for.or.with][to.cause.to.V.as.one.is.V-ing][to.V.toward.each.other][V→V]-te[to.act.on.so.as.to.cause.to.V][V→V]-@₁~fyagh[to.go.V-ing][to.V.in.vain][V→V]-@₁–lghii[the.one.that.V-ed][the.one.that.is.V][V→N][N][Loc][Unpd][Sg]
aanqusalghiimi	anegh-~–ke[to.have.as.one's.N(s)][N→V]-~:(u)te[to.V.for.or.with][to.cause.to.V.as.one.is.V-ing][to.V.toward.each.other][V→V]-te[to.act.on.so.as.to.cause.to.V][V→V]-@₁~fyagh[to.go.V-ing][to.V.in.vain][V→V]-@₁–lghii[the.one.that.V-ed][the.one.that.is.V][V→N][N][Rel][4SgPoss][SgPosd]
aanqusalghiimi	anegh-~–ke[to.have.as.one's.N(s)][N→V]-~:(u)te[to.V.for.or.with][to.cause.to.V.as.one.is.V-ing][to.V.toward.each.other][V→V]-te[to.act.on.so.as.to.cause.to.V][V→V]-@₁~fyagh[to.go.V-ing][to.V.in.vain][V→V]-@₁–lghii[the.one.that.V-ed][the.one.that.is.V][V→N][N][Rel][4SgPoss][PlPosd]
aanqusalghiimi	anegh-~–ke[to.have.as.one's.N(s)][N→V]-~:(u)te[to.V.for.or.with][to.cause.to.V.as.one.is.V-ing][to.V.toward.each.other][V→V]-te[to.act.on.so.as.to.cause.to.V][V→V][V][Intr][Ptcp_Obl][4Sg]
aanqusalghiimi	anegh-~–ke[to.have.as.one's.N(s)][N→V]-~:(u)te[to.V.for.or.with][to.cause.to.V.as.one.is.V-ing][to.V.toward.each.other][V→V]-@₁~fyagh[to.go.V-ing][to.V.in.vain][V→V]-@₁–lghii[the.one.that.V-ed][the.one.that.is.V][V→N][N][Loc][Unpd][Sg]
aanqusalghiimi	anegh-~–ke[to.have.as.one's.N(s)][N→V]-~:(u)te[to.V.for.or.with][to.cause.to.V.as.one.is.V-ing][to.V.toward.each.other][V→V]-@₁~fyagh[to.go.V-ing][to.V.in.vain][V→V]-@₁–lghii[the.one.that.V-ed][the.one.that.is.V][V→N][N][Rel][4SgPoss][SgPosd]
aanqusalghiimi	anegh-~–ke[to.have.as.one's.N(s)][N→V]-~:(u)te[to.V.for.or.with][to.cause.to.V.as.one.is.V-ing][to.V.toward.each.other][V→V]-@₁~fyagh[to.go.V-ing][to.V.in.vain][V→V]-@₁–lghii[the.one.that.V-ed][the.one.that.is.V][V→N][N][Rel][4SgPoss][PlPosd]
aanqusalghiimi	anegh-~–ke[to.have.as.one's.N(s)][N→V]-~:(u)te[to.V.for.or.with][to.cause.to.V.as.one.is.V-ing][to.V.toward.each.other][V→V][V][Intr][Ptcp_Obl][4Sg]
aanqusalghiimi	anegh-~–ke[to.have.as.one's.N(s)][N→V]-~:(u)te[condition.with.respect.to.V-ing][V→N]-te[to.catch.N][to.go.to.N][N→V]-te[to.act.on.so.as.to.cause.to.V][V→V]-@₁~fyagh[to.go.V-ing][to.V.in.vain][V→V]-@₁–lghii[the.one.that.V-ed][the.one.that.is.V][V→N][N][Loc][Unpd][Sg]
aanqusalghiimi	anegh-~–ke[to.have.as.one's.N(s)][N→V]-~:(u)te[condition.with.respect.to.V-ing][V→N]-te[to.catch.N][to.go.to.N][N→V]-te[to.act.on.so.as.to.cause.to.V][V→V]-@₁~fyagh[to.go.V-ing][to.V.in.vain][V→V]-@₁–lghii[the.one.that.V-ed][the.one.that.is.V][V→N][N][Rel][4SgPoss][SgPosd]
aanqusalghiimi	anegh-~–ke[to.have.as.one's.N(s)][N→V]-~:(u)te[condition.with.respect.to.V-ing][V→N]-te[to.catch.N][to.go.to.N][N→V]-te[to.act.on.so.as.to.cause.to.V][V→V]-@₁~fyagh[to.go.V-ing][to.V.in.vain][V→V]-@₁–lghii[the.one.that.V-ed][the.one.that.is.V][V→N][N][Rel][4SgPoss][PlPosd]
aanqusalghiimi	anegh-~–ke[to.have.as.one's.N(s)][N→V]-~:(u)te[condition.with.respect.to.V-ing][V→N]-te[to.catch.N][to.go.to.N][N→V]-te[to.act.on.so.as.to.cause.to.V][V→V][V][Intr][Ptcp_Obl][4Sg]
aanqusalghiimi	anegh-~–ke[to.have.as.one's.N(s)][N→V]-~:(u)te[condition.with.respect.to.V-ing][V→N]-te[to.catch.N][to.go.to.N][N→V]-@₁~fyagh[to.go.V-ing][to.V.in.vain][V→V]-@₁–lghii[the.one.that.V-ed][the.one.that.is.V][V→N][N][Loc][Unpd][Sg]
aanqusalghiimi	anegh-~–ke[to.have.as.one's.N(s)][N→V]-~:(u)te[condition.with.respect.to.V-ing][V→N]-te[to.catch.N][to.go.to.N][N→V]-@₁~fyagh[to.go.V-ing][to.V.in.vain][V→V]-@₁–lghii[the.one.that.V-ed][the.one.that.is.V][V→N][N][Rel][4SgPoss][SgPosd]
aanqusalghiimi	anegh-~–ke[to.have.as.one's.N(s)][N→V]-~:(u)te[condition.with.respect.to.V-ing][V→N]-te[to.catch.N][to.go.to.N][N→V]-@₁~fyagh[to.go.V-ing][to.V.in.vain][V→V]-@₁–lghii[the.one.that.V-ed][the.one.that.is.V][V→N][N][Rel][4SgPoss][PlPosd]
aanqusalghiimi	anegh-~–ke[to.have.as.one's.N(s)][N→V]-~:(u)te[condition.with.respect.to.V-ing][V→N]-te[to.catch.N][to.go.to.N][N→V][V][Intr][Ptcp_Obl][4Sg]
aanqusalghiimi	anegh-~–ke[to.have.as.one's.N(s)][N→V]-~:(u)te[SBJ.V-ed.something][V→V]-te[to.act.on.so.as.to.cause.to.V][V→V]-te[to.act.on.so.as.to.cause.to.V][V→V]-@₁~fyagh[to.go.V-ing][to.V.in.vain][V→V]-@₁–lghii[the.one.that.V-ed][the.one.that.is.V][V→N][N][Loc][Unpd][Sg]
aanqusalghiimi	anegh-~–ke[to.have.as.one's.N(s)][N→V]-~:(u)te[SBJ.V-ed.something][V→V]-te[to.act.on.so.as.to.cause.to.V][V→V]-te[to.act.on.so.as.to.cause.to.V][V→V]-@₁~fyagh[to.go.V-ing][to.V.in.vain][V→V]-@₁–lghii[the.one.that.V-ed][the.one.that.is.V][V→N][N][Rel][4SgPoss][SgPosd]
aanqusalghiimi	anegh-~–ke[to.have.as.one's.N(s)][N→V]-~:(u)te[SBJ.V-ed.something][V→V]-te[to.act.on.so.as.to.cause.to.V][V→V]-te[to.act.on.so.as.to.cause.to.V][V→V]-@₁~fyagh[to.go.V-ing][to.V.in.vain][V→V]-@₁–lghii[the.one.that.V-ed][the.one.that.is.V][V→N][N][Rel][4SgPoss][PlPosd]
aanqusalghiimi	anegh-~–ke[to.have.as.one's.N(s)][N→V]-~:(u)te[SBJ.V-ed.something][V→V]-te[to.act.on.so.as.to.cause.to.V][V→V]-te[to.act.on.so.as.to.cause.to.V][V→V][V][Intr][Ptcp_Obl][4Sg]
aanqusalghiimi	anegh-~–ke[to.have.as.one's.N(s)][N→V]-~:(u)te[SBJ.V-ed.something][V→V]-te[to.act.on.so.as.to.cause.to.V][V→V]-@₁~fyagh[to.go.V-ing][to.V.in.vain][V→V]-@₁–lghii[the.one.that.V-ed][the.one.that.is.V][V→N][N][Loc][Unpd][Sg]
aanqusalghiimi	anegh-~–ke[to.have.as.one's.N(s)][N→V]-~:(u)te[SBJ.V-ed.something][V→V]-te[to.act.on.so.as.to.cause.to.V][V→V]-@₁~fyagh[to.go.V-ing][to.V.in.vain][V→V]-@₁–lghii[the.one.that.V-ed][the.one.that.is.V][V→N][N][Rel][4SgPoss][SgPosd]
aanqusalghiimi	anegh-~–ke[to.have.as.one's.N(s)][N→V]-~:(u)te[SBJ.V-ed.something][V→V]-te[to.act.on.so.as.to.cause.to.V][V→V]-@₁~fyagh[to.go.V-ing][to.V.in.vain][V→V]-@₁–lghii[the.one.that.V-ed][the.one.that.is.V][V→N][N][Rel][4SgPoss][PlPosd]
aanqusalghiimi	anegh-~–ke[to.have.as.one's.N(s)][N→V]-~:(u)te[SBJ.V-ed.something][V→V]-te[to.act.on.so.as.to.cause.to.V][V→V][V][Intr][Ptcp_Obl][4Sg]
aanqusalghiimi	anegh-~–ke[to.have.as.one's.N(s)][N→V]-~:(u)te[SBJ.V-ed.something][V→V]-@₁~fyagh[to.go.V-ing][to.V.in.vain][V→V]-@₁–lghii[the.one.that.V-ed][the.one.that.is.V][V→N][N][Loc][Unpd][Sg]
aanqusalghiimi	anegh-~–ke[to.have.as.one's.N(s)][N→V]-~:(u)te[SBJ.V-ed.something][V→V]-@₁~fyagh[to.go.V-ing][to.V.in.vain][V→V]-@₁–lghii[the.one.that.V-ed][the.one.that.is.V][V→N][N][Rel][4SgPoss][SgPosd]
aanqusalghiimi	anegh-~–ke[to.have.as.one's.N(s)][N→V]-~:(u)te[SBJ.V-ed.something][V→V]-@₁~fyagh[to.go.V-ing][to.V.in.vain][V→V]-@₁–lghii[the.one.that.V-ed][the.one.that.is.V][V→N][N][Rel][4SgPoss][PlPosd]
aanqusalghiimi	anegh-~–ke[to.have.as.one's.N(s)][N→V]-~:(u)te[SBJ.V-ed.something][V→V][V][Intr][Ptcp_Obl][4Sg]

talakatalakatalakaay	+?

------------------------
Talaka-Talaka-Talaka-ay!

talakatalakatalakaay	+?

------------------------
Saguyagka kallagutaghsamkunay!

saguyagka	saguyagh[N][Abs][1SgPoss][DuPosd]

kallagutaghsamkunay	+?

------------------------
Mumeghtaqa anagutaghsamkunay!"

mumeghtaqa	mumegh-te[to.catch.N][to.go.to.N][N→V]-~(g₁)aqe[to.be.V.ing][to.regularly.or.repeatedly.V][V→V][V][Intr][Intrg][3Sg]

anagutaghsamkunay	+?

------------------------
Ugatanga mumeghmineng tenpeyaqenni nenglu ifkaghteghllagaa.

ugatanga	+?

mumeghmineng	mumegh[N][Abl_Mod][4SgPoss][PlPosd]
mumeghmineng	mumegh[N][Abl_Mod][4SgPoss][SgPosd]

tenpeyaqenni	+?

nenglu	nenglu[N][Abs][Unpd][Sg]

ifkaghteghllagaa	+?

------------------------
Yuget qimagutut egkwaanun.

yuget	yu(u)g[N][Abs][Unpd][Pl]
yuget	yu(u)g[N][Rel][Unpd][Pl]
yuget	yug[N][Abs][Unpd][Pl]
yuget	yug[N][Rel][Unpd][Pl]

qimagutut	+?

egkwaanun	egkugh[N][Ter][3SgPoss][SgPosd]
egkwaanun	egkugh[N][Ter][3SgPoss][PlPosd]

------------------------
"Talaka, Talaka tawatenngam tawatenngam taaqingam taaqingam" Wanlegi ilagaghlaataamalghii, "Talaka-Talaka-Talaka-ay!

talaka	tala-~–ke[to.have.as.one's.N(s)][N→V][V][Intr][Intrg][3Sg]
talaka	tala[N][Abs][1SgPoss][SgPosd]

talaka	tala-~–ke[to.have.as.one's.N(s)][N→V][V][Intr][Intrg][3Sg]
talaka	tala[N][Abs][1SgPoss][SgPosd]

tawatenngam	+?

tawatenngam	+?

taaqingam	+?

taaqingam	+?

wanlegi	wanlegi

ilagaghlaataamalghii	ilagagh-@₁~laatagh[to.V.anyway][despite.everything.to.still.V][V→V]-@₁~:(i/u)ma[to.have.V-ed][to.have.been.V-ed][V→V]-@₁–lghii[the.one.that.V-ed][the.one.that.is.V][V→N][N][Abs][Unpd][Sg]

talakatalakatalakaay	+?

------------------------
Talaka-Talaka Talakaay!

talakatalaka	+?

talakaay	+?

------------------------
Saguyagka kallagutaghsamkekay!

saguyagka	saguyagh[N][Abs][1SgPoss][DuPosd]

kallagutaghsamkekay	+?

------------------------
Mumeghtaqa anagutaghsamkunay!"

mumeghtaqa	mumegh-te[to.catch.N][to.go.to.N][N→V]-~(g₁)aqe[to.be.V.ing][to.regularly.or.repeatedly.V][V→V][V][Intr][Intrg][3Sg]

anagutaghsamkunay	+?

------------------------
Uughqan tungangakun mumeghmineng tenpeyaqenni ifkaaqutesaqenni yugtuumaghmi ellnga iiyakun aanqaghlluni qimagumalghii.

uughqan	uughqa[N][Abs][2SgPoss][SgPosd]

tungangakun	+?

mumeghmineng	mumegh[N][Abl_Mod][4SgPoss][PlPosd]
mumeghmineng	mumegh[N][Abl_Mod][4SgPoss][SgPosd]

tenpeyaqenni	+?

ifkaaqutesaqenni	+?

yugtuumaghmi	yu(u)g-tugh[to.eat.N][to.use.N][N→V]-@₁~:(i/u)magh*[while.V-ing][V→V][Quant_Qual][4Sg]
yugtuumaghmi	yu(u)g-tuumagh*[together.with.one's.Ns][N→V][Quant_Qual][4Sg]
yugtuumaghmi	yug-tugh[to.eat.N][to.use.N][N→V]-@₁~:(i/u)magh*[while.V-ing][V→V][Quant_Qual][4Sg]
yugtuumaghmi	yug-tuumagh*[together.with.one's.Ns][N→V][Quant_Qual][4Sg]

ellnga	ellnga
ellnga	ellnga[N][Abs][Unpd][Sg]

iiyakun	iiyagh[N][Via][Unpd][Sg]

aanqaghlluni	+?

qimagumalghii	+?

------------------------
Naagu qimapigesnaamalghii.

naagu	naagu[N][Abs][Unpd][Sg]

qimapigesnaamalghii	+?

------------------------


	

------------------------
Qamagtuq.

qamagtuq	qamagte[V][Intr][Ind][3Sg]

------------------------
