Aghnaghaq Ulghaaghughtekaq

﻿aghnaghaq	+?

ulghaaghughtekaq	+?

------------------------


	

------------------------
Ungipaghaninguq imani aghnaghaq ugineghmeng ighsatalghii.

ungipaghaninguq	ungipaghagh[N][Abs][4SgPoss][SgPosd]-nguq[Encl]
ungipaghaninguq	ungipaghagh[N][Abs][4SgPoss][PlPosd]-nguq[Encl]
ungipaghaninguq	ungipaghagh[N][Loc][Unpd][Pl]-nguq[Encl]

imani	imagh[N][Abs][4SgPoss][SgPosd]
imani	imagh[N][Abs][4SgPoss][PlPosd]
imani	imagh[N][Loc][Unpd][Pl]
imani	imani

aghnaghaq	aghnaghagh*[N][Abs][Unpd][Sg]

ugineghmeng	+?

ighsatalghii	+?

------------------------
Enngaatall angayuqiita aangghutaqsaqangat.

enngaatall	+?

angayuqiita	angayuqagh-~:(ng₁)u[to.be.N][N→V]-~i[SBJ.V-ed.something][V→V]-~i[SBJ.V-ed.something][V→V]-~i[SBJ.V-ed.something][V→V]-~i[SBJ.V-ed.something][V→V]-~i[SBJ.V-ed.something][V→V]-~:(u)te[condition.with.respect.to.V-ing][V→N][N][Abs][Unpd][Sg]
angayuqiita	angayuqagh-~:(ng₁)u[to.be.N][N→V]-~i[SBJ.V-ed.something][V→V]-~i[SBJ.V-ed.something][V→V]-~i[SBJ.V-ed.something][V→V]-~i[SBJ.V-ed.something][V→V]-~i[SBJ.V-ed.something][V→V]-~:(u)ta[condition.with.respect.to.V-ing][V→N][N][Abs][Unpd][Sg]
angayuqiita	angayuqagh-~:(ng₁)u[to.be.N][N→V]-~i[SBJ.V-ed.something][V→V]-~i[SBJ.V-ed.something][V→V]-~i[SBJ.V-ed.something][V→V]-~i[SBJ.V-ed.something][V→V]-~i[SBJ.V-ed.something][V→V]-te[to.act.on.so.as.to.cause.to.V][V→V][V][Intr][Intrg][3Sg]
angayuqiita	angayuqagh-~:(ng₁)u[to.be.N][N→V]-~i[SBJ.V-ed.something][V→V]-~i[SBJ.V-ed.something][V→V]-~i[SBJ.V-ed.something][V→V]-~i[SBJ.V-ed.something][V→V]-~:(u)te[to.V.for.or.with][to.cause.to.V.as.one.is.V-ing][to.V.toward.each.other][V→V][V][Intr][Intrg][3Sg]
angayuqiita	angayuqagh-~:(ng₁)u[to.be.N][N→V]-~i[SBJ.V-ed.something][V→V]-~i[SBJ.V-ed.something][V→V]-~i[SBJ.V-ed.something][V→V]-~i[SBJ.V-ed.something][V→V]-~:(u)te[SBJ.V-ed.something][V→V][V][Intr][Intrg][3Sg]
angayuqiita	angayuqagh-~:(ng₁)u[to.be.N][N→V]-~i[SBJ.V-ed.something][V→V]-~i[SBJ.V-ed.something][V→V]-~i[SBJ.V-ed.something][V→V]-~i[SBJ.V-ed.something][V→V]-~:(u)te[condition.with.respect.to.V-ing][V→N][N][Abs][Unpd][Sg]
angayuqiita	angayuqagh-~:(ng₁)u[to.be.N][N→V]-~i[SBJ.V-ed.something][V→V]-~i[SBJ.V-ed.something][V→V]-~i[SBJ.V-ed.something][V→V]-~i[SBJ.V-ed.something][V→V]-~:(u)ta[condition.with.respect.to.V-ing][V→N][N][Abs][Unpd][Sg]
angayuqiita	angayuqagh-~:(ng₁)u[to.be.N][N→V]-~i[SBJ.V-ed.something][V→V]-~i[SBJ.V-ed.something][V→V]-~i[SBJ.V-ed.something][V→V]-~i[SBJ.V-ed.something][V→V]-te[to.act.on.so.as.to.cause.to.V][V→V][V][Intr][Intrg][3Sg]
angayuqiita	angayuqagh-~:(ng₁)u[to.be.N][N→V]-~i[SBJ.V-ed.something][V→V]-~i[SBJ.V-ed.something][V→V]-~i[SBJ.V-ed.something][V→V]-~:(u)te[to.V.for.or.with][to.cause.to.V.as.one.is.V-ing][to.V.toward.each.other][V→V][V][Intr][Intrg][3Sg]
angayuqiita	angayuqagh-~:(ng₁)u[to.be.N][N→V]-~i[SBJ.V-ed.something][V→V]-~i[SBJ.V-ed.something][V→V]-~i[SBJ.V-ed.something][V→V]-~:(u)te[SBJ.V-ed.something][V→V][V][Intr][Intrg][3Sg]
angayuqiita	angayuqagh-~:(ng₁)u[to.be.N][N→V]-~i[SBJ.V-ed.something][V→V]-~i[SBJ.V-ed.something][V→V]-~i[SBJ.V-ed.something][V→V]-~:(u)te[condition.with.respect.to.V-ing][V→N][N][Abs][Unpd][Sg]
angayuqiita	angayuqagh-~:(ng₁)u[to.be.N][N→V]-~i[SBJ.V-ed.something][V→V]-~i[SBJ.V-ed.something][V→V]-~i[SBJ.V-ed.something][V→V]-~:(u)ta[condition.with.respect.to.V-ing][V→N][N][Abs][Unpd][Sg]
angayuqiita	angayuqagh-~:(ng₁)u[to.be.N][N→V]-~i[SBJ.V-ed.something][V→V]-~i[SBJ.V-ed.something][V→V]-~i[SBJ.V-ed.something][V→V]-te[to.act.on.so.as.to.cause.to.V][V→V][V][Intr][Intrg][3Sg]
angayuqiita	angayuqagh-~:(ng₁)u[to.be.N][N→V]-~i[SBJ.V-ed.something][V→V]-~i[SBJ.V-ed.something][V→V]-~:(u)te[to.V.for.or.with][to.cause.to.V.as.one.is.V-ing][to.V.toward.each.other][V→V][V][Intr][Intrg][3Sg]
angayuqiita	angayuqagh-~:(ng₁)u[to.be.N][N→V]-~i[SBJ.V-ed.something][V→V]-~i[SBJ.V-ed.something][V→V]-~:(u)te[SBJ.V-ed.something][V→V][V][Intr][Intrg][3Sg]
angayuqiita	angayuqagh-~:(ng₁)u[to.be.N][N→V]-~i[SBJ.V-ed.something][V→V]-~i[SBJ.V-ed.something][V→V]-~:(u)te[condition.with.respect.to.V-ing][V→N][N][Abs][Unpd][Sg]
angayuqiita	angayuqagh-~:(ng₁)u[to.be.N][N→V]-~i[SBJ.V-ed.something][V→V]-~i[SBJ.V-ed.something][V→V]-~:(u)ta[condition.with.respect.to.V-ing][V→N][N][Abs][Unpd][Sg]
angayuqiita	angayuqagh-~:(ng₁)u[to.be.N][N→V]-~i[SBJ.V-ed.something][V→V]-~i[SBJ.V-ed.something][V→V]-te[to.act.on.so.as.to.cause.to.V][V→V][V][Intr][Intrg][3Sg]
angayuqiita	angayuqagh-~:(ng₁)u[to.be.N][N→V]-~i[SBJ.V-ed.something][V→V]-~:(u)te[to.V.for.or.with][to.cause.to.V.as.one.is.V-ing][to.V.toward.each.other][V→V][V][Intr][Intrg][3Sg]
angayuqiita	angayuqagh-~:(ng₁)u[to.be.N][N→V]-~i[SBJ.V-ed.something][V→V]-~:(u)te[SBJ.V-ed.something][V→V][V][Intr][Intrg][3Sg]
angayuqiita	angayuqagh-~:(ng₁)u[to.be.N][N→V]-~i[SBJ.V-ed.something][V→V]-~:(u)te[condition.with.respect.to.V-ing][V→N][N][Abs][Unpd][Sg]
angayuqiita	angayuqagh-~:(ng₁)u[to.be.N][N→V]-~i[SBJ.V-ed.something][V→V]-~:(u)ta[condition.with.respect.to.V-ing][V→N][N][Abs][Unpd][Sg]
angayuqiita	angayuqagh-~:(ng₁)u[to.be.N][N→V]-~i[SBJ.V-ed.something][V→V]-te[to.act.on.so.as.to.cause.to.V][V→V][V][Intr][Intrg][3Sg]
angayuqiita	angayuqagh*-~:(ng₁)u[to.be.N][N→V]-~i[SBJ.V-ed.something][V→V]-~i[SBJ.V-ed.something][V→V]-~i[SBJ.V-ed.something][V→V]-~i[SBJ.V-ed.something][V→V]-~i[SBJ.V-ed.something][V→V]-~:(u)te[condition.with.respect.to.V-ing][V→N][N][Abs][Unpd][Sg]
angayuqiita	angayuqagh*-~:(ng₁)u[to.be.N][N→V]-~i[SBJ.V-ed.something][V→V]-~i[SBJ.V-ed.something][V→V]-~i[SBJ.V-ed.something][V→V]-~i[SBJ.V-ed.something][V→V]-~i[SBJ.V-ed.something][V→V]-~:(u)ta[condition.with.respect.to.V-ing][V→N][N][Abs][Unpd][Sg]
angayuqiita	angayuqagh*-~:(ng₁)u[to.be.N][N→V]-~i[SBJ.V-ed.something][V→V]-~i[SBJ.V-ed.something][V→V]-~i[SBJ.V-ed.something][V→V]-~i[SBJ.V-ed.something][V→V]-~i[SBJ.V-ed.something][V→V]-te[to.act.on.so.as.to.cause.to.V][V→V][V][Intr][Intrg][3Sg]
angayuqiita	angayuqagh*-~:(ng₁)u[to.be.N][N→V]-~i[SBJ.V-ed.something][V→V]-~i[SBJ.V-ed.something][V→V]-~i[SBJ.V-ed.something][V→V]-~i[SBJ.V-ed.something][V→V]-~:(u)te[to.V.for.or.with][to.cause.to.V.as.one.is.V-ing][to.V.toward.each.other][V→V][V][Intr][Intrg][3Sg]
angayuqiita	angayuqagh*-~:(ng₁)u[to.be.N][N→V]-~i[SBJ.V-ed.something][V→V]-~i[SBJ.V-ed.something][V→V]-~i[SBJ.V-ed.something][V→V]-~i[SBJ.V-ed.something][V→V]-~:(u)te[SBJ.V-ed.something][V→V][V][Intr][Intrg][3Sg]
angayuqiita	angayuqagh*-~:(ng₁)u[to.be.N][N→V]-~i[SBJ.V-ed.something][V→V]-~i[SBJ.V-ed.something][V→V]-~i[SBJ.V-ed.something][V→V]-~i[SBJ.V-ed.something][V→V]-~:(u)te[condition.with.respect.to.V-ing][V→N][N][Abs][Unpd][Sg]
angayuqiita	angayuqagh*-~:(ng₁)u[to.be.N][N→V]-~i[SBJ.V-ed.something][V→V]-~i[SBJ.V-ed.something][V→V]-~i[SBJ.V-ed.something][V→V]-~i[SBJ.V-ed.something][V→V]-~:(u)ta[condition.with.respect.to.V-ing][V→N][N][Abs][Unpd][Sg]
angayuqiita	angayuqagh*-~:(ng₁)u[to.be.N][N→V]-~i[SBJ.V-ed.something][V→V]-~i[SBJ.V-ed.something][V→V]-~i[SBJ.V-ed.something][V→V]-~i[SBJ.V-ed.something][V→V]-te[to.act.on.so.as.to.cause.to.V][V→V][V][Intr][Intrg][3Sg]
angayuqiita	angayuqagh*-~:(ng₁)u[to.be.N][N→V]-~i[SBJ.V-ed.something][V→V]-~i[SBJ.V-ed.something][V→V]-~i[SBJ.V-ed.something][V→V]-~:(u)te[to.V.for.or.with][to.cause.to.V.as.one.is.V-ing][to.V.toward.each.other][V→V][V][Intr][Intrg][3Sg]
angayuqiita	angayuqagh*-~:(ng₁)u[to.be.N][N→V]-~i[SBJ.V-ed.something][V→V]-~i[SBJ.V-ed.something][V→V]-~i[SBJ.V-ed.something][V→V]-~:(u)te[SBJ.V-ed.something][V→V][V][Intr][Intrg][3Sg]
angayuqiita	angayuqagh*-~:(ng₁)u[to.be.N][N→V]-~i[SBJ.V-ed.something][V→V]-~i[SBJ.V-ed.something][V→V]-~i[SBJ.V-ed.something][V→V]-~:(u)te[condition.with.respect.to.V-ing][V→N][N][Abs][Unpd][Sg]
angayuqiita	angayuqagh*-~:(ng₁)u[to.be.N][N→V]-~i[SBJ.V-ed.something][V→V]-~i[SBJ.V-ed.something][V→V]-~i[SBJ.V-ed.something][V→V]-~:(u)ta[condition.with.respect.to.V-ing][V→N][N][Abs][Unpd][Sg]
angayuqiita	angayuqagh*-~:(ng₁)u[to.be.N][N→V]-~i[SBJ.V-ed.something][V→V]-~i[SBJ.V-ed.something][V→V]-~i[SBJ.V-ed.something][V→V]-te[to.act.on.so.as.to.cause.to.V][V→V][V][Intr][Intrg][3Sg]
angayuqiita	angayuqagh*-~:(ng₁)u[to.be.N][N→V]-~i[SBJ.V-ed.something][V→V]-~i[SBJ.V-ed.something][V→V]-~:(u)te[to.V.for.or.with][to.cause.to.V.as.one.is.V-ing][to.V.toward.each.other][V→V][V][Intr][Intrg][3Sg]
angayuqiita	angayuqagh*-~:(ng₁)u[to.be.N][N→V]-~i[SBJ.V-ed.something][V→V]-~i[SBJ.V-ed.something][V→V]-~:(u)te[SBJ.V-ed.something][V→V][V][Intr][Intrg][3Sg]
angayuqiita	angayuqagh*-~:(ng₁)u[to.be.N][N→V]-~i[SBJ.V-ed.something][V→V]-~i[SBJ.V-ed.something][V→V]-~:(u)te[condition.with.respect.to.V-ing][V→N][N][Abs][Unpd][Sg]
angayuqiita	angayuqagh*-~:(ng₁)u[to.be.N][N→V]-~i[SBJ.V-ed.something][V→V]-~i[SBJ.V-ed.something][V→V]-~:(u)ta[condition.with.respect.to.V-ing][V→N][N][Abs][Unpd][Sg]
angayuqiita	angayuqagh*-~:(ng₁)u[to.be.N][N→V]-~i[SBJ.V-ed.something][V→V]-~i[SBJ.V-ed.something][V→V]-te[to.act.on.so.as.to.cause.to.V][V→V][V][Intr][Intrg][3Sg]
angayuqiita	angayuqagh*-~:(ng₁)u[to.be.N][N→V]-~i[SBJ.V-ed.something][V→V]-~:(u)te[to.V.for.or.with][to.cause.to.V.as.one.is.V-ing][to.V.toward.each.other][V→V][V][Intr][Intrg][3Sg]
angayuqiita	angayuqagh*-~:(ng₁)u[to.be.N][N→V]-~i[SBJ.V-ed.something][V→V]-~:(u)te[SBJ.V-ed.something][V→V][V][Intr][Intrg][3Sg]
angayuqiita	angayuqagh*-~:(ng₁)u[to.be.N][N→V]-~i[SBJ.V-ed.something][V→V]-~:(u)te[condition.with.respect.to.V-ing][V→N][N][Abs][Unpd][Sg]
angayuqiita	angayuqagh*-~:(ng₁)u[to.be.N][N→V]-~i[SBJ.V-ed.something][V→V]-~:(u)ta[condition.with.respect.to.V-ing][V→N][N][Abs][Unpd][Sg]
angayuqiita	angayuqagh*-~:(ng₁)u[to.be.N][N→V]-~i[SBJ.V-ed.something][V→V]-te[to.act.on.so.as.to.cause.to.V][V→V][V][Intr][Intrg][3Sg]
angayuqiita	angayuqagh-~:(ng₁)ite**[to.lack.N][to.not.have.N][N→V][V][Intr][Intrg][3Sg]
angayuqiita	angayuqagh[N][Rel][3DuPoss][SgPosd]
angayuqiita	angayuqagh[N][Rel][3DuPoss][PlPosd]
angayuqiita	angayuqagh[N][Rel][3PlPoss][SgPosd]
angayuqiita	angayuqagh[N][Rel][3PlPoss][PlPosd]
angayuqiita	angayuqagh*-~:(ng₁)ite**[to.lack.N][to.not.have.N][N→V][V][Intr][Intrg][3Sg]
angayuqiita	angayuqagh*[N][Rel][3DuPoss][SgPosd]
angayuqiita	angayuqagh*[N][Rel][3DuPoss][PlPosd]
angayuqiita	angayuqagh*[N][Rel][3PlPoss][SgPosd]
angayuqiita	angayuqagh*[N][Rel][3PlPoss][PlPosd]

aangghutaqsaqangat	+?

------------------------
"Aaam, taawa esghaghamken!

aaam	+?

taawa	taawa

esghaghamken	esghagh[V][Trns][Ind][1Du][2Sg]
esghaghamken	esghagh[V][Trns][Ind][1Pl][2Sg]
esghaghamken	esghagh[V][Trns][Ind][1Sg][2Sg]

------------------------
Aaningam!"

aaningam	+?

------------------------
Ataasimeng qavanghata llaaghanwha aanaqelghiit yuget.

ataasimeng	ataasigh[N][Rel][4DuPoss][SgPosd]
ataasimeng	ataasigh[N][Rel][4DuPoss][PlPosd]
ataasimeng	ataasigh[N][Rel][4PlPoss][SgPosd]
ataasimeng	ataasigh[N][Rel][4PlPoss][PlPosd]
ataasimeng	ataasigh[N][Abl_Mod][Unpd][Sg]

qavanghata	+?

llaaghanwha	+?

aanaqelghiit	aane-~(g₁)aqe[to.be.V.ing][to.regularly.or.repeatedly.V][V→V]-@₁–lghii[the.one.that.V-ed][the.one.that.is.V][V→N][N][Abs][Unpd][Pl]
aanaqelghiit	aane-~(g₁)aqe[to.be.V.ing][to.regularly.or.repeatedly.V][V→V]-@₁–lghii[the.one.that.V-ed][the.one.that.is.V][V→N][N][Rel][Unpd][Pl]
aanaqelghiit	aane-~(g₁)aqe[to.be.V.ing][to.regularly.or.repeatedly.V][V→V][V][Intr][Ptcp][3Pl]

yuget	yu(u)g[N][Abs][Unpd][Pl]
yuget	yu(u)g[N][Rel][Unpd][Pl]
yuget	yug[N][Abs][Unpd][Pl]
yuget	yug[N][Rel][Unpd][Pl]

------------------------
Upupeng ilanga yugem ugiksaqunigu llaaghanwha ilanganeng piyaghaat legan ataasimeng qavanghata piiqelghii, "Aaam, aaningam!

upupeng	+?

ilanga	ila[N][Abs][3SgPoss][SgPosd]

yugem	yu(u)g[N][Rel][Unpd][Sg]
yugem	yug[N][Rel][Unpd][Sg]

ugiksaqunigu	+?

llaaghanwha	+?

ilanganeng	ila[N][Abl_Mod][3SgPoss][SgPosd]
ilanganeng	ila[N][Abl_Mod][3SgPoss][PlPosd]

piyaghaat	pi-@₁~fyagh[to.go.V-ing][to.V.in.vain][V→V][V][Trns][Ind][3Pl][3Sg]
piyaghaat	pi-~:(u)te[to.V.for.or.with][to.cause.to.V.as.one.is.V-ing][to.V.toward.each.other][V→V]-@₁~fyagh[to.go.V-ing][to.V.in.vain][V→V][V][Trns][Ind][3Pl][3Sg]

legan	legan

ataasimeng	ataasigh[N][Rel][4DuPoss][SgPosd]
ataasimeng	ataasigh[N][Rel][4DuPoss][PlPosd]
ataasimeng	ataasigh[N][Rel][4PlPoss][SgPosd]
ataasimeng	ataasigh[N][Rel][4PlPoss][PlPosd]
ataasimeng	ataasigh[N][Abl_Mod][Unpd][Sg]

qavanghata	+?

piiqelghii	pi-~(g₁)aqe[to.be.V.ing][to.regularly.or.repeatedly.V][V→V]-@₁–lghii[the.one.that.V-ed][the.one.that.is.V][V→N][N][Abs][Unpd][Sg]
piiqelghii	piigh-~–ke[to.have.as.one's.N(s)][N→V]-@₁–lghii[the.one.that.V-ed][the.one.that.is.V][V→N][N][Abs][Unpd][Sg]

aaam	+?

aaningam	+?

------------------------
Taawa esghaghamken!"

taawa	taawa

esghaghamken	esghagh[V][Trns][Ind][1Du][2Sg]
esghaghamken	esghagh[V][Trns][Ind][1Pl][2Sg]
esghaghamken	esghagh[V][Trns][Ind][1Sg][2Sg]

------------------------


	

------------------------
Qenwat nunaghllak qamagsimakanga.

qenwat	qenwat

nunaghllak	nuna-–ghllag[big.N][N→N][N][Abs][Unpd][Sg]
nunaghllak	nunaghllag[N][Abs][Unpd][Sg]

qamagsimakanga	qamagte-@₁~:(i/u)ma[to.have.V-ed][to.have.been.V-ed][V→V]-@*@₂~sf–(g₂)k(a)e[the.one.that.possessor.V-ed][V→N][N][Abs][3SgPoss][SgPosd]
qamagsimakanga	qamagte-@₁~:(i/u)ma[to.have.V-ed][to.have.been.V-ed][V→V][V][Trns][Ptcp][3Sg][3Sg]
qamagsimakanga	qamagte-@₁~:(i/u)ma[to.have.V-ed][to.have.been.V-ed][V→V][V][Trns][Cond][3Sg][1Sg]

------------------------
Taagken qamagsagu piit, "Aaa, upupeng unitelteggu.

taagken	taagken

qamagsagu	qamagte[V][Trns][CnsqI][3Sg][3Sg]

piit	pi[V][Intr][Intrg][3Pl]
piit	pi[V][Intr][Ind][3Pl]
piit	pi[V][Trns][Ind][3Pl][3Pl]
piit	pi[V][Trns][Ind][3Pl][3Sg]
piit	pi[V][Trns][Ind][3Du][3Sg]

aaa	+?

upupeng	+?

unitelteggu	+?

------------------------
Qaagna kelguulteggu."

qaagna	qaagna
qaagna	qaagna[N][Abs][Unpd][Sg]

kelguulteggu	+?

------------------------
Amenam angyaq tamaghhaa kelgughaat kelgughaat.

amenam	+?

angyaq	angyagh[N][Abs][Unpd][Sg]

tamaghhaa	tamaghhagh-~:(ng₁)u[to.be.N][N→V][V][Intr][Opt][PRS][2Sg]
tamaghhaa	tamaghhagh[N][Abs][3SgPoss][SgPosd]

kelgughaat	+?

kelgughaat	+?

------------------------
Apeghiighaat.

apeghiighaat	apeghiigh[V][Trns][Ind][3Pl][3Sg]

------------------------
Yataghqelluteng aghulaqut angyat tallimat.

yataghqelluteng	+?

aghulaqut	aghulaqe[V][Intr][Ind][3Pl]

angyat	angyagh[N][Abs][Unpd][Pl]
angyat	angyagh[N][Rel][Unpd][Pl]
angyat	Angyat[N][Abs][Unpd][Sg]

tallimat	tallimat[N][Abs][Unpd][Sg]

------------------------
Amenam qemallnguq esnamun atghaghluni aghnaghaq ilagaatmeng aanqusalghiimi, "Angyat unegkughsiiii, angyat unegkughsiiii, nalighpesiiii qaakeqaghllitnga!"

amenam	+?

qemallnguq	+?

esnamun	esnagh[N][Ter][Unpd][Sg]

atghaghluni	atghagh[V][Intr][Sbrd][3Sg]

aghnaghaq	aghnaghagh*[N][Abs][Unpd][Sg]

ilagaatmeng	ilagaate[N][Rel][4DuPoss][SgPosd]
ilagaatmeng	ilagaate[N][Rel][4DuPoss][PlPosd]
ilagaatmeng	ilagaate[N][Rel][4PlPoss][SgPosd]
ilagaatmeng	ilagaate[N][Rel][4PlPoss][PlPosd]
ilagaatmeng	ilagaate[N][Abl_Mod][Unpd][Sg]
ilagaatmeng	ilagagh-~:(u)te[condition.with.respect.to.V-ing][V→N][N][Rel][4DuPoss][SgPosd]
ilagaatmeng	ilagagh-~:(u)te[condition.with.respect.to.V-ing][V→N][N][Rel][4DuPoss][PlPosd]
ilagaatmeng	ilagagh-~:(u)te[condition.with.respect.to.V-ing][V→N][N][Rel][4PlPoss][SgPosd]
ilagaatmeng	ilagagh-~:(u)te[condition.with.respect.to.V-ing][V→N][N][Rel][4PlPoss][PlPosd]
ilagaatmeng	ilagagh-~:(u)te[condition.with.respect.to.V-ing][V→N][N][Abl_Mod][Unpd][Sg]

aanqusalghiimi	anegh-~–ke[to.have.as.one's.N(s)][N→V]-~:(u)te[to.V.for.or.with][to.cause.to.V.as.one.is.V-ing][to.V.toward.each.other][V→V]-te[to.act.on.so.as.to.cause.to.V][V→V]-te[to.act.on.so.as.to.cause.to.V][V→V]-@₁~fyagh[to.go.V-ing][to.V.in.vain][V→V]-@₁–lghii[the.one.that.V-ed][the.one.that.is.V][V→N][N][Loc][Unpd][Sg]
aanqusalghiimi	anegh-~–ke[to.have.as.one's.N(s)][N→V]-~:(u)te[to.V.for.or.with][to.cause.to.V.as.one.is.V-ing][to.V.toward.each.other][V→V]-te[to.act.on.so.as.to.cause.to.V][V→V]-te[to.act.on.so.as.to.cause.to.V][V→V]-@₁~fyagh[to.go.V-ing][to.V.in.vain][V→V]-@₁–lghii[the.one.that.V-ed][the.one.that.is.V][V→N][N][Rel][4SgPoss][SgPosd]
aanqusalghiimi	anegh-~–ke[to.have.as.one's.N(s)][N→V]-~:(u)te[to.V.for.or.with][to.cause.to.V.as.one.is.V-ing][to.V.toward.each.other][V→V]-te[to.act.on.so.as.to.cause.to.V][V→V]-te[to.act.on.so.as.to.cause.to.V][V→V]-@₁~fyagh[to.go.V-ing][to.V.in.vain][V→V]-@₁–lghii[the.one.that.V-ed][the.one.that.is.V][V→N][N][Rel][4SgPoss][PlPosd]
aanqusalghiimi	anegh-~–ke[to.have.as.one's.N(s)][N→V]-~:(u)te[to.V.for.or.with][to.cause.to.V.as.one.is.V-ing][to.V.toward.each.other][V→V]-te[to.act.on.so.as.to.cause.to.V][V→V]-te[to.act.on.so.as.to.cause.to.V][V→V][V][Intr][Ptcp_Obl][4Sg]
aanqusalghiimi	anegh-~–ke[to.have.as.one's.N(s)][N→V]-~:(u)te[to.V.for.or.with][to.cause.to.V.as.one.is.V-ing][to.V.toward.each.other][V→V]-te[to.act.on.so.as.to.cause.to.V][V→V]-@₁~fyagh[to.go.V-ing][to.V.in.vain][V→V]-@₁–lghii[the.one.that.V-ed][the.one.that.is.V][V→N][N][Loc][Unpd][Sg]
aanqusalghiimi	anegh-~–ke[to.have.as.one's.N(s)][N→V]-~:(u)te[to.V.for.or.with][to.cause.to.V.as.one.is.V-ing][to.V.toward.each.other][V→V]-te[to.act.on.so.as.to.cause.to.V][V→V]-@₁~fyagh[to.go.V-ing][to.V.in.vain][V→V]-@₁–lghii[the.one.that.V-ed][the.one.that.is.V][V→N][N][Rel][4SgPoss][SgPosd]
aanqusalghiimi	anegh-~–ke[to.have.as.one's.N(s)][N→V]-~:(u)te[to.V.for.or.with][to.cause.to.V.as.one.is.V-ing][to.V.toward.each.other][V→V]-te[to.act.on.so.as.to.cause.to.V][V→V]-@₁~fyagh[to.go.V-ing][to.V.in.vain][V→V]-@₁–lghii[the.one.that.V-ed][the.one.that.is.V][V→N][N][Rel][4SgPoss][PlPosd]
aanqusalghiimi	anegh-~–ke[to.have.as.one's.N(s)][N→V]-~:(u)te[to.V.for.or.with][to.cause.to.V.as.one.is.V-ing][to.V.toward.each.other][V→V]-te[to.act.on.so.as.to.cause.to.V][V→V][V][Intr][Ptcp_Obl][4Sg]
aanqusalghiimi	anegh-~–ke[to.have.as.one's.N(s)][N→V]-~:(u)te[to.V.for.or.with][to.cause.to.V.as.one.is.V-ing][to.V.toward.each.other][V→V]-@₁~fyagh[to.go.V-ing][to.V.in.vain][V→V]-@₁–lghii[the.one.that.V-ed][the.one.that.is.V][V→N][N][Loc][Unpd][Sg]
aanqusalghiimi	anegh-~–ke[to.have.as.one's.N(s)][N→V]-~:(u)te[to.V.for.or.with][to.cause.to.V.as.one.is.V-ing][to.V.toward.each.other][V→V]-@₁~fyagh[to.go.V-ing][to.V.in.vain][V→V]-@₁–lghii[the.one.that.V-ed][the.one.that.is.V][V→N][N][Rel][4SgPoss][SgPosd]
aanqusalghiimi	anegh-~–ke[to.have.as.one's.N(s)][N→V]-~:(u)te[to.V.for.or.with][to.cause.to.V.as.one.is.V-ing][to.V.toward.each.other][V→V]-@₁~fyagh[to.go.V-ing][to.V.in.vain][V→V]-@₁–lghii[the.one.that.V-ed][the.one.that.is.V][V→N][N][Rel][4SgPoss][PlPosd]
aanqusalghiimi	anegh-~–ke[to.have.as.one's.N(s)][N→V]-~:(u)te[to.V.for.or.with][to.cause.to.V.as.one.is.V-ing][to.V.toward.each.other][V→V][V][Intr][Ptcp_Obl][4Sg]
aanqusalghiimi	anegh-~–ke[to.have.as.one's.N(s)][N→V]-~:(u)te[condition.with.respect.to.V-ing][V→N]-te[to.catch.N][to.go.to.N][N→V]-te[to.act.on.so.as.to.cause.to.V][V→V]-@₁~fyagh[to.go.V-ing][to.V.in.vain][V→V]-@₁–lghii[the.one.that.V-ed][the.one.that.is.V][V→N][N][Loc][Unpd][Sg]
aanqusalghiimi	anegh-~–ke[to.have.as.one's.N(s)][N→V]-~:(u)te[condition.with.respect.to.V-ing][V→N]-te[to.catch.N][to.go.to.N][N→V]-te[to.act.on.so.as.to.cause.to.V][V→V]-@₁~fyagh[to.go.V-ing][to.V.in.vain][V→V]-@₁–lghii[the.one.that.V-ed][the.one.that.is.V][V→N][N][Rel][4SgPoss][SgPosd]
aanqusalghiimi	anegh-~–ke[to.have.as.one's.N(s)][N→V]-~:(u)te[condition.with.respect.to.V-ing][V→N]-te[to.catch.N][to.go.to.N][N→V]-te[to.act.on.so.as.to.cause.to.V][V→V]-@₁~fyagh[to.go.V-ing][to.V.in.vain][V→V]-@₁–lghii[the.one.that.V-ed][the.one.that.is.V][V→N][N][Rel][4SgPoss][PlPosd]
aanqusalghiimi	anegh-~–ke[to.have.as.one's.N(s)][N→V]-~:(u)te[condition.with.respect.to.V-ing][V→N]-te[to.catch.N][to.go.to.N][N→V]-te[to.act.on.so.as.to.cause.to.V][V→V][V][Intr][Ptcp_Obl][4Sg]
aanqusalghiimi	anegh-~–ke[to.have.as.one's.N(s)][N→V]-~:(u)te[condition.with.respect.to.V-ing][V→N]-te[to.catch.N][to.go.to.N][N→V]-@₁~fyagh[to.go.V-ing][to.V.in.vain][V→V]-@₁–lghii[the.one.that.V-ed][the.one.that.is.V][V→N][N][Loc][Unpd][Sg]
aanqusalghiimi	anegh-~–ke[to.have.as.one's.N(s)][N→V]-~:(u)te[condition.with.respect.to.V-ing][V→N]-te[to.catch.N][to.go.to.N][N→V]-@₁~fyagh[to.go.V-ing][to.V.in.vain][V→V]-@₁–lghii[the.one.that.V-ed][the.one.that.is.V][V→N][N][Rel][4SgPoss][SgPosd]
aanqusalghiimi	anegh-~–ke[to.have.as.one's.N(s)][N→V]-~:(u)te[condition.with.respect.to.V-ing][V→N]-te[to.catch.N][to.go.to.N][N→V]-@₁~fyagh[to.go.V-ing][to.V.in.vain][V→V]-@₁–lghii[the.one.that.V-ed][the.one.that.is.V][V→N][N][Rel][4SgPoss][PlPosd]
aanqusalghiimi	anegh-~–ke[to.have.as.one's.N(s)][N→V]-~:(u)te[condition.with.respect.to.V-ing][V→N]-te[to.catch.N][to.go.to.N][N→V][V][Intr][Ptcp_Obl][4Sg]
aanqusalghiimi	anegh-~–ke[to.have.as.one's.N(s)][N→V]-~:(u)te[SBJ.V-ed.something][V→V]-te[to.act.on.so.as.to.cause.to.V][V→V]-te[to.act.on.so.as.to.cause.to.V][V→V]-@₁~fyagh[to.go.V-ing][to.V.in.vain][V→V]-@₁–lghii[the.one.that.V-ed][the.one.that.is.V][V→N][N][Loc][Unpd][Sg]
aanqusalghiimi	anegh-~–ke[to.have.as.one's.N(s)][N→V]-~:(u)te[SBJ.V-ed.something][V→V]-te[to.act.on.so.as.to.cause.to.V][V→V]-te[to.act.on.so.as.to.cause.to.V][V→V]-@₁~fyagh[to.go.V-ing][to.V.in.vain][V→V]-@₁–lghii[the.one.that.V-ed][the.one.that.is.V][V→N][N][Rel][4SgPoss][SgPosd]
aanqusalghiimi	anegh-~–ke[to.have.as.one's.N(s)][N→V]-~:(u)te[SBJ.V-ed.something][V→V]-te[to.act.on.so.as.to.cause.to.V][V→V]-te[to.act.on.so.as.to.cause.to.V][V→V]-@₁~fyagh[to.go.V-ing][to.V.in.vain][V→V]-@₁–lghii[the.one.that.V-ed][the.one.that.is.V][V→N][N][Rel][4SgPoss][PlPosd]
aanqusalghiimi	anegh-~–ke[to.have.as.one's.N(s)][N→V]-~:(u)te[SBJ.V-ed.something][V→V]-te[to.act.on.so.as.to.cause.to.V][V→V]-te[to.act.on.so.as.to.cause.to.V][V→V][V][Intr][Ptcp_Obl][4Sg]
aanqusalghiimi	anegh-~–ke[to.have.as.one's.N(s)][N→V]-~:(u)te[SBJ.V-ed.something][V→V]-te[to.act.on.so.as.to.cause.to.V][V→V]-@₁~fyagh[to.go.V-ing][to.V.in.vain][V→V]-@₁–lghii[the.one.that.V-ed][the.one.that.is.V][V→N][N][Loc][Unpd][Sg]
aanqusalghiimi	anegh-~–ke[to.have.as.one's.N(s)][N→V]-~:(u)te[SBJ.V-ed.something][V→V]-te[to.act.on.so.as.to.cause.to.V][V→V]-@₁~fyagh[to.go.V-ing][to.V.in.vain][V→V]-@₁–lghii[the.one.that.V-ed][the.one.that.is.V][V→N][N][Rel][4SgPoss][SgPosd]
aanqusalghiimi	anegh-~–ke[to.have.as.one's.N(s)][N→V]-~:(u)te[SBJ.V-ed.something][V→V]-te[to.act.on.so.as.to.cause.to.V][V→V]-@₁~fyagh[to.go.V-ing][to.V.in.vain][V→V]-@₁–lghii[the.one.that.V-ed][the.one.that.is.V][V→N][N][Rel][4SgPoss][PlPosd]
aanqusalghiimi	anegh-~–ke[to.have.as.one's.N(s)][N→V]-~:(u)te[SBJ.V-ed.something][V→V]-te[to.act.on.so.as.to.cause.to.V][V→V][V][Intr][Ptcp_Obl][4Sg]
aanqusalghiimi	anegh-~–ke[to.have.as.one's.N(s)][N→V]-~:(u)te[SBJ.V-ed.something][V→V]-@₁~fyagh[to.go.V-ing][to.V.in.vain][V→V]-@₁–lghii[the.one.that.V-ed][the.one.that.is.V][V→N][N][Loc][Unpd][Sg]
aanqusalghiimi	anegh-~–ke[to.have.as.one's.N(s)][N→V]-~:(u)te[SBJ.V-ed.something][V→V]-@₁~fyagh[to.go.V-ing][to.V.in.vain][V→V]-@₁–lghii[the.one.that.V-ed][the.one.that.is.V][V→N][N][Rel][4SgPoss][SgPosd]
aanqusalghiimi	anegh-~–ke[to.have.as.one's.N(s)][N→V]-~:(u)te[SBJ.V-ed.something][V→V]-@₁~fyagh[to.go.V-ing][to.V.in.vain][V→V]-@₁–lghii[the.one.that.V-ed][the.one.that.is.V][V→N][N][Rel][4SgPoss][PlPosd]
aanqusalghiimi	anegh-~–ke[to.have.as.one's.N(s)][N→V]-~:(u)te[SBJ.V-ed.something][V→V][V][Intr][Ptcp_Obl][4Sg]

angyat	angyagh[N][Abs][Unpd][Pl]
angyat	angyagh[N][Rel][Unpd][Pl]
angyat	Angyat[N][Abs][Unpd][Sg]

unegkughsiiii	+?

angyat	angyagh[N][Abs][Unpd][Pl]
angyat	angyagh[N][Rel][Unpd][Pl]
angyat	Angyat[N][Abs][Unpd][Sg]

unegkughsiiii	+?

nalighpesiiii	+?

qaakeqaghllitnga	+?

------------------------
"Enngaatall yugusin tespikani yugusingaken.

enngaatall	+?

yugusin	yu(u)g-~:(ng₁)u[to.be.N][N→V]-~:(u)te[to.V.for.or.with][to.cause.to.V.as.one.is.V-ing][to.V.toward.each.other][V→V][V][Intr][Intrg][2Sg]
yugusin	yu(u)g-~:(ng₁)u[to.be.N][N→V]-~:(u)te[SBJ.V-ed.something][V→V][V][Intr][Intrg][2Sg]
yugusin	yu(u)g-~:(ng₁)u[to.be.N][N→V]-te[to.act.on.so.as.to.cause.to.V][V→V][V][Intr][Intrg][2Sg]
yugusin	yug-~:(ng₁)u[to.be.N][N→V]-~:(u)te[to.V.for.or.with][to.cause.to.V.as.one.is.V-ing][to.V.toward.each.other][V→V][V][Intr][Intrg][2Sg]
yugusin	yug-~:(ng₁)u[to.be.N][N→V]-~:(u)te[SBJ.V-ed.something][V→V][V][Intr][Intrg][2Sg]
yugusin	yug-~:(ng₁)u[to.be.N][N→V]-te[to.act.on.so.as.to.cause.to.V][V→V][V][Intr][Intrg][2Sg]
yugusin	yugusigh[N][Abs][2SgPoss][SgPosd]

tespikani	+?

yugusingaken	+?

------------------------
Akitukitkigu!"

akitukitkigu	+?

------------------------
Aga aghulaqut.

aga	aga

aghulaqut	aghulaqe[V][Intr][Ind][3Pl]

------------------------
Ilangi kellataghtut.

ilangi	ila[N][Abs][3SgPoss][PlPosd]

kellataghtut	+?

------------------------
Iiwen ketaqut pilataghtuq, "Angyat unegkughsiiii, angyat unegkughsiiii, nalighpesiiii qaakeqaghllitnga!"

iiwen	iiw[N][Abs][2SgPoss][SgPosd]
iiwen	iiwete[N][Abs][Unpd][Sg]

ketaqut	+?

pilataghtuq	+?

angyat	angyagh[N][Abs][Unpd][Pl]
angyat	angyagh[N][Rel][Unpd][Pl]
angyat	Angyat[N][Abs][Unpd][Sg]

unegkughsiiii	+?

angyat	angyagh[N][Abs][Unpd][Pl]
angyat	angyagh[N][Rel][Unpd][Pl]
angyat	Angyat[N][Abs][Unpd][Sg]

unegkughsiiii	+?

nalighpesiiii	+?

qaakeqaghllitnga	+?

------------------------
"Enngaatall yugusin tespikani yugusingaken.

enngaatall	+?

yugusin	yu(u)g-~:(ng₁)u[to.be.N][N→V]-~:(u)te[to.V.for.or.with][to.cause.to.V.as.one.is.V-ing][to.V.toward.each.other][V→V][V][Intr][Intrg][2Sg]
yugusin	yu(u)g-~:(ng₁)u[to.be.N][N→V]-~:(u)te[SBJ.V-ed.something][V→V][V][Intr][Intrg][2Sg]
yugusin	yu(u)g-~:(ng₁)u[to.be.N][N→V]-te[to.act.on.so.as.to.cause.to.V][V→V][V][Intr][Intrg][2Sg]
yugusin	yug-~:(ng₁)u[to.be.N][N→V]-~:(u)te[to.V.for.or.with][to.cause.to.V.as.one.is.V-ing][to.V.toward.each.other][V→V][V][Intr][Intrg][2Sg]
yugusin	yug-~:(ng₁)u[to.be.N][N→V]-~:(u)te[SBJ.V-ed.something][V→V][V][Intr][Intrg][2Sg]
yugusin	yug-~:(ng₁)u[to.be.N][N→V]-te[to.act.on.so.as.to.cause.to.V][V→V][V][Intr][Intrg][2Sg]
yugusin	yugusigh[N][Abs][2SgPoss][SgPosd]

tespikani	+?

yugusingaken	+?

------------------------
Akitukitkigu!"

akitukitkigu	+?

------------------------
Aga aghulaqut.

aga	aga

aghulaqut	aghulaqe[V][Intr][Ind][3Pl]

------------------------
Ilangi pingayii ketut.

ilangi	ila[N][Abs][3SgPoss][PlPosd]

pingayii	+?

ketut	+?

------------------------
Iiwen ketaqut aghnaghaq ilagaghaqelghii, "Angyat unegkughsiiii, angyat unegkughsiiii, nalighpesiiii qaakeqaghllitnga!"

iiwen	iiw[N][Abs][2SgPoss][SgPosd]
iiwen	iiwete[N][Abs][Unpd][Sg]

ketaqut	+?

aghnaghaq	aghnaghagh*[N][Abs][Unpd][Sg]

ilagaghaqelghii	ilagagh-~(g₁)aqe[to.be.V.ing][to.regularly.or.repeatedly.V][V→V]-@₁–lghii[the.one.that.V-ed][the.one.that.is.V][V→N][N][Abs][Unpd][Sg]

angyat	angyagh[N][Abs][Unpd][Pl]
angyat	angyagh[N][Rel][Unpd][Pl]
angyat	Angyat[N][Abs][Unpd][Sg]

unegkughsiiii	+?

angyat	angyagh[N][Abs][Unpd][Pl]
angyat	angyagh[N][Rel][Unpd][Pl]
angyat	Angyat[N][Abs][Unpd][Sg]

unegkughsiiii	+?

nalighpesiiii	+?

qaakeqaghllitnga	+?

------------------------
"Enngaatall yugusin tespikani yugusingaken.

enngaatall	+?

yugusin	yu(u)g-~:(ng₁)u[to.be.N][N→V]-~:(u)te[to.V.for.or.with][to.cause.to.V.as.one.is.V-ing][to.V.toward.each.other][V→V][V][Intr][Intrg][2Sg]
yugusin	yu(u)g-~:(ng₁)u[to.be.N][N→V]-~:(u)te[SBJ.V-ed.something][V→V][V][Intr][Intrg][2Sg]
yugusin	yu(u)g-~:(ng₁)u[to.be.N][N→V]-te[to.act.on.so.as.to.cause.to.V][V→V][V][Intr][Intrg][2Sg]
yugusin	yug-~:(ng₁)u[to.be.N][N→V]-~:(u)te[to.V.for.or.with][to.cause.to.V.as.one.is.V-ing][to.V.toward.each.other][V→V][V][Intr][Intrg][2Sg]
yugusin	yug-~:(ng₁)u[to.be.N][N→V]-~:(u)te[SBJ.V-ed.something][V→V][V][Intr][Intrg][2Sg]
yugusin	yug-~:(ng₁)u[to.be.N][N→V]-te[to.act.on.so.as.to.cause.to.V][V→V][V][Intr][Intrg][2Sg]
yugusin	yugusigh[N][Abs][2SgPoss][SgPosd]

tespikani	+?

yugusingaken	+?

------------------------
Akitukitkigu!"

akitukitkigu	+?

------------------------
Aga aghulaqut.

aga	aga

aghulaqut	aghulaqe[V][Intr][Ind][3Pl]

------------------------
Estamagneghi aga ketaqut.

estamagneghi	estamagnegh[N][Abs][3SgPoss][PlPosd]

aga	aga

ketaqut	+?

------------------------
Iiwen ketaqut ilagaghlataamalghii, "Angyat unegkughsiiii, angyat unegkughsiiii, nalighpesiiii qaakeqaghllitnga!"

iiwen	iiw[N][Abs][2SgPoss][SgPosd]
iiwen	iiwete[N][Abs][Unpd][Sg]

ketaqut	+?

ilagaghlataamalghii	+?

angyat	angyagh[N][Abs][Unpd][Pl]
angyat	angyagh[N][Rel][Unpd][Pl]
angyat	Angyat[N][Abs][Unpd][Sg]

unegkughsiiii	+?

angyat	angyagh[N][Abs][Unpd][Pl]
angyat	angyagh[N][Rel][Unpd][Pl]
angyat	Angyat[N][Abs][Unpd][Sg]

unegkughsiiii	+?

nalighpesiiii	+?

qaakeqaghllitnga	+?

------------------------
"Enngaatall yugusin tespikani yugusingaken.

enngaatall	+?

yugusin	yu(u)g-~:(ng₁)u[to.be.N][N→V]-~:(u)te[to.V.for.or.with][to.cause.to.V.as.one.is.V-ing][to.V.toward.each.other][V→V][V][Intr][Intrg][2Sg]
yugusin	yu(u)g-~:(ng₁)u[to.be.N][N→V]-~:(u)te[SBJ.V-ed.something][V→V][V][Intr][Intrg][2Sg]
yugusin	yu(u)g-~:(ng₁)u[to.be.N][N→V]-te[to.act.on.so.as.to.cause.to.V][V→V][V][Intr][Intrg][2Sg]
yugusin	yug-~:(ng₁)u[to.be.N][N→V]-~:(u)te[to.V.for.or.with][to.cause.to.V.as.one.is.V-ing][to.V.toward.each.other][V→V][V][Intr][Intrg][2Sg]
yugusin	yug-~:(ng₁)u[to.be.N][N→V]-~:(u)te[SBJ.V-ed.something][V→V][V][Intr][Intrg][2Sg]
yugusin	yug-~:(ng₁)u[to.be.N][N→V]-te[to.act.on.so.as.to.cause.to.V][V→V][V][Intr][Intrg][2Sg]
yugusin	yugusigh[N][Abs][2SgPoss][SgPosd]

tespikani	+?

yugusingaken	+?

------------------------
Akitukitkigu!"

akitukitkigu	+?

------------------------
Aga aghulaqut.

aga	aga

aghulaqut	aghulaqe[V][Intr][Ind][3Pl]

------------------------
Tallimagneghi aga ketaqut.

tallimagneghi	tallimagnegh[N][Abs][3SgPoss][PlPosd]

aga	aga

ketaqut	+?

------------------------
Ilagaatmeng alla aanqullaataghtuq, "Angyat unegkughsiiii, angyat unegkughsiiii, nalighpesiiii qaakeqaghllitnga!"

ilagaatmeng	ilagaate[N][Rel][4DuPoss][SgPosd]
ilagaatmeng	ilagaate[N][Rel][4DuPoss][PlPosd]
ilagaatmeng	ilagaate[N][Rel][4PlPoss][SgPosd]
ilagaatmeng	ilagaate[N][Rel][4PlPoss][PlPosd]
ilagaatmeng	ilagaate[N][Abl_Mod][Unpd][Sg]
ilagaatmeng	ilagagh-~:(u)te[condition.with.respect.to.V-ing][V→N][N][Rel][4DuPoss][SgPosd]
ilagaatmeng	ilagagh-~:(u)te[condition.with.respect.to.V-ing][V→N][N][Rel][4DuPoss][PlPosd]
ilagaatmeng	ilagagh-~:(u)te[condition.with.respect.to.V-ing][V→N][N][Rel][4PlPoss][SgPosd]
ilagaatmeng	ilagagh-~:(u)te[condition.with.respect.to.V-ing][V→N][N][Rel][4PlPoss][PlPosd]
ilagaatmeng	ilagagh-~:(u)te[condition.with.respect.to.V-ing][V→N][N][Abl_Mod][Unpd][Sg]

alla	alla
alla	alla[N][Abs][Unpd][Sg]

aanqullaataghtuq	anegh-~–ke[to.have.as.one's.N(s)][N→V]-~:(u)te[to.V.for.or.with][to.cause.to.V.as.one.is.V-ing][to.V.toward.each.other][V→V]-te[to.act.on.so.as.to.cause.to.V][V→V]-te[to.act.on.so.as.to.cause.to.V][V→V]-@₁~laatagh[to.V.anyway][despite.everything.to.still.V][V→V][V][Intr][Ind][3Sg]
aanqullaataghtuq	anegh-~–ke[to.have.as.one's.N(s)][N→V]-~:(u)te[to.V.for.or.with][to.cause.to.V.as.one.is.V-ing][to.V.toward.each.other][V→V]-te[to.act.on.so.as.to.cause.to.V][V→V]-te[to.act.on.so.as.to.cause.to.V][V→V]-@₁~laatagh[to.V.anyway][despite.everything.to.still.V][V→V]-te[to.act.on.so.as.to.cause.to.V][V→V][V][Intr][Ind][3Sg]
aanqullaataghtuq	anegh-~–ke[to.have.as.one's.N(s)][N→V]-~:(u)te[to.V.for.or.with][to.cause.to.V.as.one.is.V-ing][to.V.toward.each.other][V→V]-te[to.act.on.so.as.to.cause.to.V][V→V]-@₁~laatagh[to.V.anyway][despite.everything.to.still.V][V→V][V][Intr][Ind][3Sg]
aanqullaataghtuq	anegh-~–ke[to.have.as.one's.N(s)][N→V]-~:(u)te[to.V.for.or.with][to.cause.to.V.as.one.is.V-ing][to.V.toward.each.other][V→V]-te[to.act.on.so.as.to.cause.to.V][V→V]-@₁~laatagh[to.V.anyway][despite.everything.to.still.V][V→V]-te[to.act.on.so.as.to.cause.to.V][V→V][V][Intr][Ind][3Sg]
aanqullaataghtuq	anegh-~–ke[to.have.as.one's.N(s)][N→V]-~:(u)te[to.V.for.or.with][to.cause.to.V.as.one.is.V-ing][to.V.toward.each.other][V→V]-@₁~laatagh[to.V.anyway][despite.everything.to.still.V][V→V][V][Intr][Ind][3Sg]
aanqullaataghtuq	anegh-~–ke[to.have.as.one's.N(s)][N→V]-~:(u)te[to.V.for.or.with][to.cause.to.V.as.one.is.V-ing][to.V.toward.each.other][V→V]-@₁~laatagh[to.V.anyway][despite.everything.to.still.V][V→V]-te[to.act.on.so.as.to.cause.to.V][V→V][V][Intr][Ind][3Sg]
aanqullaataghtuq	anegh-~–ke[to.have.as.one's.N(s)][N→V]-~:(u)te[condition.with.respect.to.V-ing][V→N]-te[to.catch.N][to.go.to.N][N→V]-te[to.act.on.so.as.to.cause.to.V][V→V]-@₁~laatagh[to.V.anyway][despite.everything.to.still.V][V→V][V][Intr][Ind][3Sg]
aanqullaataghtuq	anegh-~–ke[to.have.as.one's.N(s)][N→V]-~:(u)te[condition.with.respect.to.V-ing][V→N]-te[to.catch.N][to.go.to.N][N→V]-te[to.act.on.so.as.to.cause.to.V][V→V]-@₁~laatagh[to.V.anyway][despite.everything.to.still.V][V→V]-te[to.act.on.so.as.to.cause.to.V][V→V][V][Intr][Ind][3Sg]
aanqullaataghtuq	anegh-~–ke[to.have.as.one's.N(s)][N→V]-~:(u)te[condition.with.respect.to.V-ing][V→N]-te[to.catch.N][to.go.to.N][N→V]-@₁~laatagh[to.V.anyway][despite.everything.to.still.V][V→V][V][Intr][Ind][3Sg]
aanqullaataghtuq	anegh-~–ke[to.have.as.one's.N(s)][N→V]-~:(u)te[condition.with.respect.to.V-ing][V→N]-te[to.catch.N][to.go.to.N][N→V]-@₁~laatagh[to.V.anyway][despite.everything.to.still.V][V→V]-te[to.act.on.so.as.to.cause.to.V][V→V][V][Intr][Ind][3Sg]
aanqullaataghtuq	anegh-~–ke[to.have.as.one's.N(s)][N→V]-~:(u)te[SBJ.V-ed.something][V→V]-te[to.act.on.so.as.to.cause.to.V][V→V]-te[to.act.on.so.as.to.cause.to.V][V→V]-@₁~laatagh[to.V.anyway][despite.everything.to.still.V][V→V][V][Intr][Ind][3Sg]
aanqullaataghtuq	anegh-~–ke[to.have.as.one's.N(s)][N→V]-~:(u)te[SBJ.V-ed.something][V→V]-te[to.act.on.so.as.to.cause.to.V][V→V]-te[to.act.on.so.as.to.cause.to.V][V→V]-@₁~laatagh[to.V.anyway][despite.everything.to.still.V][V→V]-te[to.act.on.so.as.to.cause.to.V][V→V][V][Intr][Ind][3Sg]
aanqullaataghtuq	anegh-~–ke[to.have.as.one's.N(s)][N→V]-~:(u)te[SBJ.V-ed.something][V→V]-te[to.act.on.so.as.to.cause.to.V][V→V]-@₁~laatagh[to.V.anyway][despite.everything.to.still.V][V→V][V][Intr][Ind][3Sg]
aanqullaataghtuq	anegh-~–ke[to.have.as.one's.N(s)][N→V]-~:(u)te[SBJ.V-ed.something][V→V]-te[to.act.on.so.as.to.cause.to.V][V→V]-@₁~laatagh[to.V.anyway][despite.everything.to.still.V][V→V]-te[to.act.on.so.as.to.cause.to.V][V→V][V][Intr][Ind][3Sg]
aanqullaataghtuq	anegh-~–ke[to.have.as.one's.N(s)][N→V]-~:(u)te[SBJ.V-ed.something][V→V]-@₁~laatagh[to.V.anyway][despite.everything.to.still.V][V→V][V][Intr][Ind][3Sg]
aanqullaataghtuq	anegh-~–ke[to.have.as.one's.N(s)][N→V]-~:(u)te[SBJ.V-ed.something][V→V]-@₁~laatagh[to.V.anyway][despite.everything.to.still.V][V→V]-te[to.act.on.so.as.to.cause.to.V][V→V][V][Intr][Ind][3Sg]

angyat	angyagh[N][Abs][Unpd][Pl]
angyat	angyagh[N][Rel][Unpd][Pl]
angyat	Angyat[N][Abs][Unpd][Sg]

unegkughsiiii	+?

angyat	angyagh[N][Abs][Unpd][Pl]
angyat	angyagh[N][Rel][Unpd][Pl]
angyat	Angyat[N][Abs][Unpd][Sg]

unegkughsiiii	+?

nalighpesiiii	+?

qaakeqaghllitnga	+?

------------------------
"Enngaatall yugusin tespikani yugusingaken.

enngaatall	+?

yugusin	yu(u)g-~:(ng₁)u[to.be.N][N→V]-~:(u)te[to.V.for.or.with][to.cause.to.V.as.one.is.V-ing][to.V.toward.each.other][V→V][V][Intr][Intrg][2Sg]
yugusin	yu(u)g-~:(ng₁)u[to.be.N][N→V]-~:(u)te[SBJ.V-ed.something][V→V][V][Intr][Intrg][2Sg]
yugusin	yu(u)g-~:(ng₁)u[to.be.N][N→V]-te[to.act.on.so.as.to.cause.to.V][V→V][V][Intr][Intrg][2Sg]
yugusin	yug-~:(ng₁)u[to.be.N][N→V]-~:(u)te[to.V.for.or.with][to.cause.to.V.as.one.is.V-ing][to.V.toward.each.other][V→V][V][Intr][Intrg][2Sg]
yugusin	yug-~:(ng₁)u[to.be.N][N→V]-~:(u)te[SBJ.V-ed.something][V→V][V][Intr][Intrg][2Sg]
yugusin	yug-~:(ng₁)u[to.be.N][N→V]-te[to.act.on.so.as.to.cause.to.V][V→V][V][Intr][Intrg][2Sg]
yugusin	yugusigh[N][Abs][2SgPoss][SgPosd]

tespikani	+?

yugusingaken	+?

------------------------
Akitukitkigu!"

akitukitkigu	+?

------------------------
Aga aghulaqut.

aga	aga

aghulaqut	aghulaqe[V][Intr][Ind][3Pl]

------------------------
Ewen ulghaaghughlluni qetgeghnaqaquq.

ewen	+?

ulghaaghughlluni	+?

qetgeghnaqaquq	+?

------------------------
Angayuqita piit, "Tagiitagiitagii, panikamken, tagiitagiitagii!"

angayuqita	+?

piit	pi[V][Intr][Intrg][3Pl]
piit	pi[V][Intr][Ind][3Pl]
piit	pi[V][Trns][Ind][3Pl][3Pl]
piit	pi[V][Trns][Ind][3Pl][3Sg]
piit	pi[V][Trns][Ind][3Du][3Sg]

tagiitagiitagii	+?

panikamken	+?

tagiitagiitagii	+?

------------------------
Qetgeghyalghiimi angyaq tamaghhaghmi aga uveghtuq.

qetgeghyalghiimi	+?

angyaq	angyagh[N][Abs][Unpd][Sg]

tamaghhaghmi	tamaghhagh*[Quant_Qual][4Sg]

aga	aga

uveghtuq	+?

------------------------
Ellnga masiisu ulghaaghughsimalghii.

ellnga	ellnga
ellnga	ellnga[N][Abs][Unpd][Sg]

masiisu	+?

ulghaaghughsimalghii	+?

------------------------
Taawanguq ulghaaghughtepigesnaamalghii.

taawanguq	+?

ulghaaghughtepigesnaamalghii	+?

------------------------


	

------------------------
Tefaay!

tefaay	+?

------------------------
Qamagtuq.

qamagtuq	qamagte[V][Intr][Ind][3Sg]

------------------------
