Yughqutaam Ighnegha Kiighwyaaghtekaq

﻿yughqutaam	+?

ighnegha	ighnegh[N][Abs][3SgPoss][SgPosd]

kiighwyaaghtekaq	+?

------------------------


	

------------------------
Kiyaghsimaa nalighmeng kiyaghsimangita, maalghuk nulighqullghiik yugek avaqutiilnguuk.

kiyaghsimaa	kiyaghte-@₁~:(i/u)ma[to.have.V-ed][to.have.been.V-ed][V→V][V][Intr][Intrg][3Sg]

nalighmeng	naligh*[N][Rel][4DuPoss][SgPosd]
nalighmeng	naligh*[N][Rel][4DuPoss][PlPosd]
nalighmeng	naligh*[N][Rel][4PlPoss][SgPosd]
nalighmeng	naligh*[N][Rel][4PlPoss][PlPosd]
nalighmeng	naligh*[N][Abl_Mod][Unpd][Sg]
nalighmeng	nalighmeng
nalighmeng	nalighmeng[N][Abs][Unpd][Sg]

kiyaghsimangita	+?

maalghuk	maalghug[N][Abs][Unpd][Sg]

nulighqullghiik	nulighqullghiig[N][Abs][Unpd][Sg]

yugek	yu(u)g[N][Abs][Unpd][Du]
yugek	yu(u)g[N][Rel][Unpd][Du]
yugek	yug[N][Abs][Unpd][Du]
yugek	yug[N][Rel][Unpd][Du]

avaqutiilnguuk	avaqutagh-~:(ng₁)ite**[to.lack.N][to.not.have.N][N→V]-@*ngugh*[the.one.that.V-ed][the.one.that.is.V][V→N][N][Abs][Unpd][Du]
avaqutiilnguuk	avaqutagh-~:(ng₁)ite**[to.lack.N][to.not.have.N][N→V]-@*ngugh*[the.one.that.V-ed][the.one.that.is.V][V→N][N][Rel][Unpd][Du]

------------------------
Ilangani yuuk kiwatmeggnun pimaluku esghaamakanga aghnaq ighninaqelghii.

ilangani	ila[N][Loc][3SgPoss][SgPosd]
ilangani	ila[N][Loc][3SgPoss][PlPosd]
ilangani	ilangani
ilangani	ilangani[N][Abs][Unpd][Sg]

yuuk	yug[N][Abs][Sg]

kiwatmeggnun	+?

pimaluku	pi-@₁~:(i/u)ma[to.have.V-ed][to.have.been.V-ed][V→V]-~:(u)te[to.V.for.or.with][to.cause.to.V.as.one.is.V-ing][to.V.toward.each.other][V→V][V][Trns][Sbrd][_][3Sg]
pimaluku	pi-@₁~:(i/u)ma[to.have.V-ed][to.have.been.V-ed][V→V][V][Trns][Sbrd][_][3Sg]

esghaamakanga	esghagh-@₁~:(i/u)ma[to.have.V-ed][to.have.been.V-ed][V→V]-@*@₂~sf–(g₂)k(a)e[the.one.that.possessor.V-ed][V→N][N][Abs][3SgPoss][SgPosd]
esghaamakanga	esghagh-@₁~:(i/u)ma[to.have.V-ed][to.have.been.V-ed][V→V][V][Trns][Ptcp][3Sg][3Sg]
esghaamakanga	esghagh-@₁~:(i/u)ma[to.have.V-ed][to.have.been.V-ed][V→V][V][Trns][Cond][3Sg][1Sg]

aghnaq	aghnagh[N][Abs][Unpd][Sg]

ighninaqelghii	+?

------------------------
Ighniyalghiimi mekelghiighmeng qesiqun tuusimakanga yughqutaq pinaaqa.

ighniyalghiimi	+?

mekelghiighmeng	mekelghiigh[N][Rel][4DuPoss][SgPosd]
mekelghiighmeng	mekelghiigh[N][Rel][4DuPoss][PlPosd]
mekelghiighmeng	mekelghiigh[N][Rel][4PlPoss][SgPosd]
mekelghiighmeng	mekelghiigh[N][Rel][4PlPoss][PlPosd]
mekelghiighmeng	mekelghiigh[N][Abl_Mod][Unpd][Sg]

qesiqun	+?

tuusimakanga	+?

yughqutaq	yughqutagh[N][Abs][Unpd][Sg]

pinaaqa	pi-@₁~fna[in.order.to.V][intending.to.V][V→V]-~(g₁)aqe[to.be.V.ing][to.regularly.or.repeatedly.V][V→V][V][Intr][Intrg][3Sg]
pinaaqa	pi-@₁~fna[in.order.to.V][intending.to.V][V→V][V][Trns][Ind][1Sg][3Sg]
pinaaqa	pi-~:(u)te[to.V.for.or.with][to.cause.to.V.as.one.is.V-ing][to.V.toward.each.other][V→V]-@₁~fna[in.order.to.V][intending.to.V][V→V]-~(g₁)aqe[to.be.V.ing][to.regularly.or.repeatedly.V][V→V][V][Intr][Intrg][3Sg]
pinaaqa	pi-~:(u)te[to.V.for.or.with][to.cause.to.V.as.one.is.V-ing][to.V.toward.each.other][V→V]-@₁~fna[in.order.to.V][intending.to.V][V→V][V][Trns][Ind][1Sg][3Sg]
pinaaqa	pi-~:(u)te[SBJ.V-ed.something][V→V]-@₁~fna[in.order.to.V][intending.to.V][V→V]-~(g₁)aqe[to.be.V.ing][to.regularly.or.repeatedly.V][V→V][V][Intr][Intrg][3Sg]
pinaaqa	pinaaqa[N][Abs][Unpd][Sg]

------------------------
Taana taghnughhaq anglimalghii atghaasaqenni.

taana	taana

taghnughhaq	taghnughhagh*[N][Abs][Unpd][Sg]

anglimalghii	+?

atghaasaqenni	+?

------------------------
Taagken kiyaghneghmun mayuumalghii.

taagken	taagken

kiyaghneghmun	kiyaghnegh[N][Ter][Unpd][Sg]

mayuumalghii	mayugh-@₁~:(i/u)ma[to.have.V-ed][to.have.been.V-ed][V→V]-@₁–lghii[the.one.that.V-ed][the.one.that.is.V][V→N][N][Abs][Unpd][Sg]

------------------------
Kiyaghneghem pimakanga nuliini, "Saam una pikagu?"

kiyaghneghem	kiyaghnegh[N][Rel][Unpd][Sg]

pimakanga	pi-@₁~:(i/u)ma[to.have.V-ed][to.have.been.V-ed][V→V]-@*@₂~sf–(g₂)k(a)e[the.one.that.possessor.V-ed][V→N][N][Abs][3SgPoss][SgPosd]
pimakanga	pi-@₁~:(i/u)ma[to.have.V-ed][to.have.been.V-ed][V→V][V][Trns][Ptcp][3Sg][3Sg]
pimakanga	pi-@₁~:(i/u)ma[to.have.V-ed][to.have.been.V-ed][V→V][V][Trns][Cond][3Sg][1Sg]

nuliini	nuliigh[N][Abs][4SgPoss][SgPosd]
nuliini	nuliigh[N][Abs][4SgPoss][PlPosd]
nuliini	nuliiq[N][Abs][4SgPoss][SgPosd]
nuliini	nuliiq[N][Abs][4SgPoss][PlPosd]
nuliini	nulugh-~:(ng₁)u[to.be.N][N→V]-~i[SBJ.V-ed.something][V→V]-~i[SBJ.V-ed.something][V→V]-~i[SBJ.V-ed.something][V→V]-~i[SBJ.V-ed.something][V→V]-~i[SBJ.V-ed.something][V→V]-@₁~fni[to.say.that.one.is.V-ing][Cmpd_Vbl][V][Intr][Opt][PRS][2Sg]
nuliini	nulugh-~:(ng₁)u[to.be.N][N→V]-~i[SBJ.V-ed.something][V→V]-~i[SBJ.V-ed.something][V→V]-~i[SBJ.V-ed.something][V→V]-~i[SBJ.V-ed.something][V→V]-@₁~fni[to.say.that.one.is.V-ing][Cmpd_Vbl][V][Intr][Opt][PRS][2Sg]
nuliini	nulugh-~:(ng₁)u[to.be.N][N→V]-~i[SBJ.V-ed.something][V→V]-~i[SBJ.V-ed.something][V→V]-~i[SBJ.V-ed.something][V→V]-~i[SBJ.V-ed.something][V→V]-~:(u)te[to.V.for.or.with][to.cause.to.V.as.one.is.V-ing][to.V.toward.each.other][V→V]-@₁~fni[to.say.that.one.is.V-ing][Cmpd_Vbl][V][Intr][Opt][PRS][2Sg]
nuliini	nulugh-~:(ng₁)u[to.be.N][N→V]-~i[SBJ.V-ed.something][V→V]-~i[SBJ.V-ed.something][V→V]-~i[SBJ.V-ed.something][V→V]-~i[SBJ.V-ed.something][V→V]-~:(u)te[SBJ.V-ed.something][V→V]-@₁~fni[to.say.that.one.is.V-ing][Cmpd_Vbl][V][Intr][Opt][PRS][2Sg]
nuliini	nulugh-~:(ng₁)u[to.be.N][N→V]-~i[SBJ.V-ed.something][V→V]-~i[SBJ.V-ed.something][V→V]-~i[SBJ.V-ed.something][V→V]-@₁~fni[to.say.that.one.is.V-ing][Cmpd_Vbl][V][Intr][Opt][PRS][2Sg]
nuliini	nulugh-~:(ng₁)u[to.be.N][N→V]-~i[SBJ.V-ed.something][V→V]-~i[SBJ.V-ed.something][V→V]-~i[SBJ.V-ed.something][V→V]-~:(u)te[to.V.for.or.with][to.cause.to.V.as.one.is.V-ing][to.V.toward.each.other][V→V]-@₁~fni[to.say.that.one.is.V-ing][Cmpd_Vbl][V][Intr][Opt][PRS][2Sg]
nuliini	nulugh-~:(ng₁)u[to.be.N][N→V]-~i[SBJ.V-ed.something][V→V]-~i[SBJ.V-ed.something][V→V]-~i[SBJ.V-ed.something][V→V]-~:(u)te[SBJ.V-ed.something][V→V]-@₁~fni[to.say.that.one.is.V-ing][Cmpd_Vbl][V][Intr][Opt][PRS][2Sg]
nuliini	nulugh-~:(ng₁)u[to.be.N][N→V]-~i[SBJ.V-ed.something][V→V]-~i[SBJ.V-ed.something][V→V]-@₁~fni[to.say.that.one.is.V-ing][Cmpd_Vbl][V][Intr][Opt][PRS][2Sg]
nuliini	nulugh-~:(ng₁)u[to.be.N][N→V]-~i[SBJ.V-ed.something][V→V]-~i[SBJ.V-ed.something][V→V]-~:(u)te[to.V.for.or.with][to.cause.to.V.as.one.is.V-ing][to.V.toward.each.other][V→V]-@₁~fni[to.say.that.one.is.V-ing][Cmpd_Vbl][V][Intr][Opt][PRS][2Sg]
nuliini	nulugh-~:(ng₁)u[to.be.N][N→V]-~i[SBJ.V-ed.something][V→V]-~i[SBJ.V-ed.something][V→V]-~:(u)te[SBJ.V-ed.something][V→V]-@₁~fni[to.say.that.one.is.V-ing][Cmpd_Vbl][V][Intr][Opt][PRS][2Sg]
nuliini	nulugh-~:(ng₁)u[to.be.N][N→V]-~i[SBJ.V-ed.something][V→V]-@₁~fni[to.say.that.one.is.V-ing][Cmpd_Vbl][V][Intr][Opt][PRS][2Sg]
nuliini	nulugh-~:(ng₁)u[to.be.N][N→V]-~i[SBJ.V-ed.something][V→V]-~:(u)te[to.V.for.or.with][to.cause.to.V.as.one.is.V-ing][to.V.toward.each.other][V→V]-@₁~fni[to.say.that.one.is.V-ing][Cmpd_Vbl][V][Intr][Opt][PRS][2Sg]
nuliini	nulugh-~:(ng₁)u[to.be.N][N→V]-~i[SBJ.V-ed.something][V→V]-~:(u)te[SBJ.V-ed.something][V→V]-@₁~fni[to.say.that.one.is.V-ing][Cmpd_Vbl][V][Intr][Opt][PRS][2Sg]

saam	saam[N][Abs][Unpd][Sg]

una	una
una	una[N][Abs][Unpd][Sg]

pikagu	pi[V][Trns][Cond][3Sg][3Sg]

------------------------
"Unami yughqutaam ighniigha."

unami	una[N][Loc][Unpd][Sg]
unami	una[N][Rel][4SgPoss][SgPosd]
unami	una[N][Rel][4SgPoss][PlPosd]

yughqutaam	+?

ighniigha	+?

------------------------
Kiyaghneghempimakanga taghnughhaq, "Aa ingavek aglaa kiighwyanun."

kiyaghneghempimakanga	+?

taghnughhaq	taghnughhagh*[N][Abs][Unpd][Sg]

aa	aa

ingavek	ingavek

aglaa	aglagh[V][Intr][Opt][PRS][2Sg]

kiighwyanun	kiighwyagh[N][Ter][Unpd][Pl]

------------------------
Taghnughhaq aglaghyalghiimi kiighwyaaghsimalghii.

taghnughhaq	taghnughhagh*[N][Abs][Unpd][Sg]

aglaghyalghiimi	aglagh-@₁~fyagh[to.go.V-ing][to.V.in.vain][V→V]-@₁–lghii[the.one.that.V-ed][the.one.that.is.V][V→N][N][Loc][Unpd][Sg]
aglaghyalghiimi	aglagh-@₁~fyagh[to.go.V-ing][to.V.in.vain][V→V]-@₁–lghii[the.one.that.V-ed][the.one.that.is.V][V→N][N][Rel][4SgPoss][SgPosd]
aglaghyalghiimi	aglagh-@₁~fyagh[to.go.V-ing][to.V.in.vain][V→V]-@₁–lghii[the.one.that.V-ed][the.one.that.is.V][V→N][N][Rel][4SgPoss][PlPosd]
aglaghyalghiimi	aglagh[V][Intr][Ptcp_Obl][4Sg]

kiighwyaaghsimalghii	+?

------------------------


	

------------------------
Qamagtuq.

qamagtuq	qamagte[V][Intr][Ind][3Sg]

------------------------
Tefaay.

tefaay	+?

------------------------
