Aghveghniighyuwhaallghat Sivungaghmiit 

aghveghniighyuwhaallghat	+?

sivungaghmiit	Sivungagh*-mii[resident.of.N][N→N][N][Abs][Unpd][Pl]
sivungaghmiit	Sivungagh*-mii[resident.of.N][N→N][N][Rel][Unpd][Pl]

------------------------
Qagughmiim Apellgha 

qagughmiim	qagugh-mii[resident.of.N][N→N][N][Rel][Unpd][Sg]

apellgha	+?

------------------------


------------------------
Pugughileghmi aghveghniighyuwhaalqa ungipaqnaqaqa.

pugughileghmi	+?

aghveghniighyuwhaalqa	+?

ungipaqnaqaqa	+?

------------------------
Aghveghniilleq piinlighyuwhaalqa, tesamani Pitiiq kaviighniiqayuk angayuqiighusimaghmi kaviighniiqayuk elngaatall ellnginaghhaghmi.

aghveghniilleq	+?

piinlighyuwhaalqa	+?

tesamani	+?

pitiiq	pi-~:(u)te[to.V.for.or.with][to.cause.to.V.as.one.is.V-ing][to.V.toward.each.other][V→V]-~i[SBJ.V-ed.something][V→V]-~i[SBJ.V-ed.something][V→V]-~i[SBJ.V-ed.something][V→V]-~i[SBJ.V-ed.something][V→V]-~faagh[one.who.keeps.on.V-ing][AUG]
pitiiq	pi-~:(u)te[to.V.for.or.with][to.cause.to.V.as.one.is.V-ing][to.V.toward.each.other][V→V]-~i[SBJ.V-ed.something][V→V]-~i[SBJ.V-ed.something][V→V]-~i[SBJ.V-ed.something][V→V]-~faagh[one.who.keeps.on.V-ing][AUG]
pitiiq	pi-~:(u)te[to.V.for.or.with][to.cause.to.V.as.one.is.V-ing][to.V.toward.each.other][V→V]-~i[SBJ.V-ed.something][V→V]-~i[SBJ.V-ed.something][V→V]-~faagh[one.who.keeps.on.V-ing][AUG]
pitiiq	pi-~:(u)te[to.V.for.or.with][to.cause.to.V.as.one.is.V-ing][to.V.toward.each.other][V→V]-~i[SBJ.V-ed.something][V→V]-~faagh[one.who.keeps.on.V-ing][AUG]
pitiiq	pi-~:(u)te[to.V.for.or.with][to.cause.to.V.as.one.is.V-ing][to.V.toward.each.other][V→V]-~i[SBJ.V-ed.something][V→V][V][Ind][3Sg]
pitiiq	pi-~:(u)te[SBJ.V-ed.something][V→V]-~i[SBJ.V-ed.something][V→V]-~i[SBJ.V-ed.something][V→V]-~i[SBJ.V-ed.something][V→V]-~i[SBJ.V-ed.something][V→V]-~faagh[one.who.keeps.on.V-ing][AUG]
pitiiq	pi-~:(u)te[SBJ.V-ed.something][V→V]-~i[SBJ.V-ed.something][V→V]-~i[SBJ.V-ed.something][V→V]-~i[SBJ.V-ed.something][V→V]-~faagh[one.who.keeps.on.V-ing][AUG]
pitiiq	pi-~:(u)te[SBJ.V-ed.something][V→V]-~i[SBJ.V-ed.something][V→V]-~i[SBJ.V-ed.something][V→V]-~faagh[one.who.keeps.on.V-ing][AUG]
pitiiq	pi-~:(u)te[SBJ.V-ed.something][V→V]-~i[SBJ.V-ed.something][V→V]-~faagh[one.who.keeps.on.V-ing][AUG]
pitiiq	pi-~:(u)te[SBJ.V-ed.something][V→V]-~i[SBJ.V-ed.something][V→V][V][Ind][3Sg]
pitiiq	pi-ti[to.speak.the.language.of.N][N→V]-~i[SBJ.V-ed.something][V→V]-~i[SBJ.V-ed.something][V→V]-~i[SBJ.V-ed.something][V→V]-~i[SBJ.V-ed.something][V→V]-~i[SBJ.V-ed.something][V→V]-~faagh[one.who.keeps.on.V-ing][AUG]
pitiiq	pi-ti[to.speak.the.language.of.N][N→V]-~i[SBJ.V-ed.something][V→V]-~i[SBJ.V-ed.something][V→V]-~i[SBJ.V-ed.something][V→V]-~i[SBJ.V-ed.something][V→V]-~faagh[one.who.keeps.on.V-ing][AUG]
pitiiq	pi-ti[to.speak.the.language.of.N][N→V]-~i[SBJ.V-ed.something][V→V]-~i[SBJ.V-ed.something][V→V]-~i[SBJ.V-ed.something][V→V]-~faagh[one.who.keeps.on.V-ing][AUG]
pitiiq	pi-ti[to.speak.the.language.of.N][N→V]-~i[SBJ.V-ed.something][V→V]-~i[SBJ.V-ed.something][V→V]-~faagh[one.who.keeps.on.V-ing][AUG]
pitiiq	pi-ti[to.speak.the.language.of.N][N→V]-~i[SBJ.V-ed.something][V→V]-~faagh[one.who.keeps.on.V-ing][AUG]
pitiiq	pi-ti[to.speak.the.language.of.N][N→V]-~faagh[one.who.keeps.on.V-ing][AUG]
pitiiq	pi-ti[to.speak.the.language.of.N][N→V][V][Ind][3Sg]

kaviighniiqayuk	kaviighniigh[to.hunt.for.N][to.search.for.N][to.ask.for.N][to.work.with.N][N→V]-~–kayuk[one.who.is.able.to.V][V→N][N][Abs][Unpd][Sg]

angayuqiighusimaghmi	+?

kaviighniiqayuk	kaviighniigh[to.hunt.for.N][to.search.for.N][to.ask.for.N][to.work.with.N][N→V]-~–kayuk[one.who.is.able.to.V][V→N][N][Abs][Unpd][Sg]

elngaatall	elngaatall

ellnginaghhaghmi	+?

------------------------
Taawanginaq angayuqiighulluni ellnginaghhaaghtekaalghii, iitek anengaghhaa, taawanginaq qinuyuwaaghaqelghii.

taawanginaq	+?

angayuqiighulluni	+?

ellnginaghhaaghtekaalghii	+?

iitek	+?

anengaghhaa	anengagh-–ghhagh*[dear.N][N→N]-~:(ng₁)u[to.be.N][N→V][V][Opt][PRS][2Sg]
anengaghhaa	anengagh-–ghhagh*[dear.N][N→N][N][Abs][3SgPoss][SgPosd]

taawanginaq	+?

qinuyuwaaghaqelghii	+?

------------------------


------------------------
Ungipaqaqegkangi tuvam saaghwani, upenghaamllu ilangani tuvaghllagluni tawaten, aghveghet tuvam saaghwani kaaghtaaghaqelghiit esghapagaqegkangi.

ungipaqaqegkangi	+?

tuvam	+?

saaghwani	saaghw[N][Loc][3SgPoss][SgPosd]
saaghwani	saaghw[N][Loc][3SgPoss][PlPosd]

upenghaamllu	+?

ilangani	ila[N][Loc][3SgPoss][SgPosd]
ilangani	ila[N][Loc][3SgPoss][PlPosd]
ilangani	ilangani

tuvaghllagluni	+?

tawaten	tawaten

aghveghet	aghvegh[N][Abs][Unpd][Pl]
aghveghet	aghvegh[N][Rel][Unpd][Pl]

tuvam	+?

saaghwani	saaghw[N][Loc][3SgPoss][SgPosd]
saaghwani	saaghw[N][Loc][3SgPoss][PlPosd]

kaaghtaaghaqelghiit	+?

esghapagaqegkangi	+?

------------------------


------------------------
Tawaten tagtalmi sumeghtaghaghlunga elngaatall estuwaaghsimaghmallu, estuwaghmun qepghaghyagusimaghma.

tawaten	tawaten

tagtalmi	+?

sumeghtaghaghlunga	sumeghtaghagh[V][Sbrd][1Sg]

elngaatall	elngaatall

estuwaaghsimaghmallu	+?

estuwaghmun	+?

qepghaghyagusimaghma	+?

------------------------
Puuskaatmeng lipeghsaghyugtunga, maalghuk piigka.

puuskaatmeng	puu-te[to.catch.N][to.go.to.N][N→V]-@₂~fkau[to.have.V-ed][to.have.been.V-ed][V→V]-~:(u)te[condition.with.respect.to.V-ing][V→N][N][Rel][4DuPoss][SgPosd]
puuskaatmeng	puu-te[to.catch.N][to.go.to.N][N→V]-@₂~fkau[to.have.V-ed][to.have.been.V-ed][V→V]-~:(u)te[condition.with.respect.to.V-ing][V→N][N][Rel][4DuPoss][PlPosd]
puuskaatmeng	puu-te[to.catch.N][to.go.to.N][N→V]-@₂~fkau[to.have.V-ed][to.have.been.V-ed][V→V]-~:(u)te[condition.with.respect.to.V-ing][V→N][N][Rel][4PlPoss][SgPosd]
puuskaatmeng	puu-te[to.catch.N][to.go.to.N][N→V]-@₂~fkau[to.have.V-ed][to.have.been.V-ed][V→V]-~:(u)te[condition.with.respect.to.V-ing][V→N][N][Rel][4PlPoss][PlPosd]
puuskaatmeng	puu-te[to.catch.N][to.go.to.N][N→V]-@₂~fkau[to.have.V-ed][to.have.been.V-ed][V→V]-~:(u)te[condition.with.respect.to.V-ing][V→N][N][Abl_Mod][Unpd][Sg]

lipeghsaghyugtunga	+?

maalghuk	+?

piigka	pi[V][Ind][1Sg][3Du]

------------------------
Elngaatall sanguluki lipeghsaghniluki atuunaanghinniluki pikangit.

elngaatall	elngaatall

sanguluki	+?

lipeghsaghniluki	+?

atuunaanghinniluki	+?

pikangit	pi-@*@₂~sf–(g₂)k(a)e[the.one.that.possessor.V-ed][V→N][N][Abs][3PlPoss][PlPosd]
pikangit	pi[V][Ptcp][3Du][3Sg]
pikangit	pi[V][Ptcp][3Pl][3Pl]

------------------------


------------------------
Taana Pitiim ungipamsullgha sanighulluku nanghiiqunalunga, ungipaategpenaki piluki.

taana	taana

pitiim	+?

ungipamsullgha	+?

sanighulluku	+?

nanghiiqunalunga	+?

ungipaategpenaki	ungipaate-@₁–nghite**[to.not.V][V→V][V][Sbrd][1Du][3Pl]
ungipaategpenaki	ungipaate-@₁–nghite**[to.not.V][V→V][V][Sbrd][1Pl][3Pl]
ungipaategpenaki	ungipaate-@₁–nghite**[to.not.V][V→V][V][Sbrd][1Sg][3Pl]
ungipaategpenaki	ungipaate-@₁–nghite**[to.not.V][V→V][V][Sbrd][2Du][3Pl]
ungipaategpenaki	ungipaate-@₁–nghite**[to.not.V][V→V][V][Sbrd][2Pl][3Pl]
ungipaategpenaki	ungipaate-@₁–nghite**[to.not.V][V→V][V][Sbrd][2Sg][3Pl]
ungipaategpenaki	ungipaate-@₁–nghite**[to.not.V][V→V][V][Sbrd][3Du][3Pl]
ungipaategpenaki	ungipaate-@₁–nghite**[to.not.V][V→V][V][Sbrd][3Pl][3Pl]
ungipaategpenaki	ungipaate-@₁–nghite**[to.not.V][V→V][V][Sbrd][3Sg][3Pl]

piluki	pi-~:(u)te[to.V.for.or.with][to.cause.to.V.as.one.is.V-ing][to.V.toward.each.other][V→V][V][Sbrd][1Du][3Pl]
piluki	pi-~:(u)te[to.V.for.or.with][to.cause.to.V.as.one.is.V-ing][to.V.toward.each.other][V→V][V][Sbrd][1Pl][3Pl]
piluki	pi-~:(u)te[to.V.for.or.with][to.cause.to.V.as.one.is.V-ing][to.V.toward.each.other][V→V][V][Sbrd][1Sg][3Pl]
piluki	pi-~:(u)te[to.V.for.or.with][to.cause.to.V.as.one.is.V-ing][to.V.toward.each.other][V→V][V][Sbrd][2Du][3Pl]
piluki	pi-~:(u)te[to.V.for.or.with][to.cause.to.V.as.one.is.V-ing][to.V.toward.each.other][V→V][V][Sbrd][2Pl][3Pl]
piluki	pi-~:(u)te[to.V.for.or.with][to.cause.to.V.as.one.is.V-ing][to.V.toward.each.other][V→V][V][Sbrd][2Sg][3Pl]
piluki	pi-~:(u)te[to.V.for.or.with][to.cause.to.V.as.one.is.V-ing][to.V.toward.each.other][V→V][V][Sbrd][3Du][3Pl]
piluki	pi-~:(u)te[to.V.for.or.with][to.cause.to.V.as.one.is.V-ing][to.V.toward.each.other][V→V][V][Sbrd][3Pl][3Pl]
piluki	pi-~:(u)te[to.V.for.or.with][to.cause.to.V.as.one.is.V-ing][to.V.toward.each.other][V→V][V][Sbrd][3Sg][3Pl]
piluki	pi[V][Sbrd][1Du][3Pl]
piluki	pi[V][Sbrd][1Pl][3Pl]
piluki	pi[V][Sbrd][1Sg][3Pl]
piluki	pi[V][Sbrd][2Du][3Pl]
piluki	pi[V][Sbrd][2Pl][3Pl]
piluki	pi[V][Sbrd][2Sg][3Pl]
piluki	pi[V][Sbrd][3Du][3Pl]
piluki	pi[V][Sbrd][3Pl][3Pl]
piluki	pi[V][Sbrd][3Sg][3Pl]

------------------------
Taagken allgeghusama estugaghmeng qakiqniqunga tesamavek 1972mi.

taagken	taagken

allgeghusama	+?

estugaghmeng	estugagh*[N][Rel][4DuPoss][SgPosd]
estugaghmeng	estugagh*[N][Rel][4DuPoss][PlPosd]
estugaghmeng	estugagh*[N][Rel][4PlPoss][SgPosd]
estugaghmeng	estugagh*[N][Rel][4PlPoss][PlPosd]
estugaghmeng	estugagh*[N][Abl_Mod][Unpd][Sg]

qakiqniqunga	+?

tesamavek	+?

1972mi	+?

------------------------


------------------------
Angyaghput tevutaghpung, Pagayaghmiillu maalghuggaamtung.

angyaghput	angyagh[N][Abs][1PlPoss][SgPosd]

tevutaghpung	+?

pagayaghmiillu	+?

maalghuggaamtung	+?

------------------------
Sivuliit net tesamani.

sivuliit	+?

net	ne[N][Abs][Unpd][Pl]
net	ne[N][Rel][Unpd][Pl]

tesamani	+?

------------------------
Kaatutaghput pegnem, iwernga Pitiim kayusiitiinkung.

kaatutaghput	+?

pegnem	+?

iwernga	iwernga

pitiim	+?

kayusiitiinkung	kayusiite[V][Ind][3Pl][1Du]
kayusiitiinkung	kayusiite[V][Ind][3Du][1Du]
kayusiitiinkung	kayusiite[V][Ind][3Sg][1Du]
kayusiitiinkung	kayusigh-~:(u)te[to.V.for.or.with][to.cause.to.V.as.one.is.V-ing][to.V.toward.each.other][V→V][V][Ind][3Pl][1Du]
kayusiitiinkung	kayusigh-~:(u)te[to.V.for.or.with][to.cause.to.V.as.one.is.V-ing][to.V.toward.each.other][V→V][V][Ind][3Du][1Du]
kayusiitiinkung	kayusigh-~:(u)te[to.V.for.or.with][to.cause.to.V.as.one.is.V-ing][to.V.toward.each.other][V→V][V][Ind][3Sg][1Du]

------------------------


------------------------
Taawa tawani ayumiqulleghmi piinlighyuwhaaqaqa aghveghniilleq.

taawa	taawa

tawani	tawani

ayumiqulleghmi	+?

piinlighyuwhaaqaqa	+?

aghveghniilleq	+?

------------------------
Sumeghtaghaghlunga kingumun ukavek atuuyaghqaasugnisan.

sumeghtaghaghlunga	sumeghtaghagh[V][Sbrd][1Sg]

kingumun	+?

ukavek	ukavek

atuuyaghqaasugnisan	+?

------------------------
Llaaghanwha legan atuughtuq.

llaaghanwha	+?

legan	legan

atuughtuq	+?

------------------------


------------------------
Aghveghniighvigisaghluteng Sivungaghmiit, maaten kinguliighamnnun nutaan aghveghniighvigkaq allgeghtuq.

aghveghniighvigisaghluteng	+?

sivungaghmiit	Sivungagh*-mii[resident.of.N][N→N][N][Abs][Unpd][Pl]
sivungaghmiit	Sivungagh*-mii[resident.of.N][N→N][N][Rel][Unpd][Pl]

maaten	+?

kinguliighamnnun	+?

nutaan	+?

aghveghniighvigkaq	+?

allgeghtuq	+?

------------------------
Iwerngaqun Laluramket sakwaaqinaqeghllaget, neqemnnun aghveghniighmun tamaavek.

iwerngaqun	+?

laluramket	Laluramke[N][Abs][Unpd][Pl]
laluramket	Laluramke[N][Rel][Unpd][Pl]

sakwaaqinaqeghllaget	+?

neqemnnun	neqe[N][Ter][1PlPoss][SgPosd]
neqemnnun	neqe[N][Ter][1PlPoss][PlPosd]

aghveghniighmun	+?

tamaavek	+?

------------------------


------------------------
Tamaani ayumiqulleghmi allgeghtekaqaqa taana.

tamaani	+?

ayumiqulleghmi	+?

allgeghtekaqaqa	+?

taana	taana

------------------------
Tawani ayumiqulleghmi ivenrumeng nanghiiquyaghluta maallgunneghmeng aghtughtukut.

tawani	tawani

ayumiqulleghmi	+?

ivenrumeng	+?

nanghiiquyaghluta	+?

maallgunneghmeng	+?

aghtughtukut	aghtugh[V][Ind][1Pl]
aghtughtukut	aghtugh-te[to.act.on.so.as.to.cause.to.V][V→V][V][Ind][1Pl]

------------------------
Iitek Ivelghani taakwani, Ivelghaaftut taakwegkut, maaten Ivelghat liiskeput, aghvengnayaghtukut ingutughhaghmeng.

iitek	+?

ivelghani	+?

taakwani	+?

ivelghaaftut	+?

taakwegkut	+?

maaten	+?

ivelghat	+?

liiskeput	liite-@*@₂~sf–(g₂)k(a)e[the.one.that.possessor.V-ed][V→N][N][Abs][1PlPoss][PlPosd]

aghvengnayaghtukut	+?

ingutughhaghmeng	+?

------------------------
Aghveqsaqunigu taapnayaqanga entaqun.

aghveqsaqunigu	+?

taapnayaqanga	+?

entaqun	entaqun

------------------------
Ghhuuq entaqun guunnayalghii savegpagkun tamaagun.

ghhuuq	ghhuugh[N][Abs][Unpd][Sg]

entaqun	entaqun

guunnayalghii	guute-@₁~fna[in.order.to.V][intending.to.V][V→V]-@₁~fyagh[to.go.V-ing][to.V.in.vain][V→V]-@₁–lghii[the.one.that.V-ed][the.one.that.is.V][V→N][N][Abs][Unpd][Sg]
guunnayalghii	guute-@₁~fna[in.order.to.V][intending.to.V][V→V]-@₁~fyagh[to.go.V-ing][to.V.in.vain][V→V][V][Ptcp][3Sg]
guunnayalghii	guute-@₁~fna[in.order.to.V][intending.to.V][V→V]-~:(u)te[to.V.for.or.with][to.cause.to.V.as.one.is.V-ing][to.V.toward.each.other][V→V]-@₁~fyagh[to.go.V-ing][to.V.in.vain][V→V]-@₁–lghii[the.one.that.V-ed][the.one.that.is.V][V→N][N][Abs][Unpd][Sg]
guunnayalghii	guute-@₁~fna[in.order.to.V][intending.to.V][V→V]-~:(u)te[to.V.for.or.with][to.cause.to.V.as.one.is.V-ing][to.V.toward.each.other][V→V]-@₁~fyagh[to.go.V-ing][to.V.in.vain][V→V][V][Ptcp][3Sg]
guunnayalghii	guute-@₁~fna[in.order.to.V][intending.to.V][V→V]-~:(u)te[SBJ.V-ed.something][V→V]-@₁~fyagh[to.go.V-ing][to.V.in.vain][V→V]-@₁–lghii[the.one.that.V-ed][the.one.that.is.V][V→N][N][Abs][Unpd][Sg]
guunnayalghii	guute-@₁~fna[in.order.to.V][intending.to.V][V→V]-~:(u)te[SBJ.V-ed.something][V→V]-@₁~fyagh[to.go.V-ing][to.V.in.vain][V→V][V][Ptcp][3Sg]

savegpagkun	+?

tamaagun	+?

------------------------
Taana ivenrumeng kaatevzighaghput, aaqun kaasimaaghput iitek.

taana	taana

ivenrumeng	+?

kaatevzighaghput	+?

aaqun	+?

kaasimaaghput	+?

iitek	+?

------------------------


------------------------
Tawani ayumiqulleghmi aga aghvenginaamaamta pikani, aghvenginaamaamta elngaatall.

tawani	tawani

ayumiqulleghmi	+?

aga	aga

aghvenginaamaamta	+?

pikani	pi-~sf–(g₃)kaq[one.that.has.V-ed][V→N][N][Abs][4SgPoss][SgPosd]
pikani	pi-~sf–(g₃)kaq[one.that.has.V-ed][V→N][N][Abs][4SgPoss][PlPosd]
pikani	pi-@₂~fkaq[one.that.has.V-ed][V→N][N][Abs][4SgPoss][SgPosd]
pikani	pi-@₂~fkaq[one.that.has.V-ed][V→N][N][Abs][4SgPoss][PlPosd]
pikani	pikani

aghvenginaamaamta	+?

elngaatall	elngaatall

------------------------
Sivukluta awatiiqaghluta sikungakun, Qungughviget ketangitni.

sivukluta	+?

awatiiqaghluta	+?

sikungakun	siku[N][Via][3DuPoss][PlPosd]
sikungakun	siku[N][Via][3SgPoss][SgPosd]
sikungakun	siku[N][Via][3SgPoss][PlPosd]

qungughviget	+?

ketangitni	+?

------------------------
Aghviteghllak elngaatall, awatiightukut, telanangangllaghluta.

aghviteghllak	+?

elngaatall	elngaatall

awatiightukut	+?

telanangangllaghluta	+?

------------------------
Enkaangam savegpalegnun piluta, savegpangluta allaneng awataghpagmengllu piluta taawa aghvengukut.

enkaangam	+?

savegpalegnun	+?

piluta	pi-~:(u)te[to.V.for.or.with][to.cause.to.V.as.one.is.V-ing][to.V.toward.each.other][V→V][V][Sbrd][1Pl]
piluta	pi-~:(u)te[to.V.for.or.with][to.cause.to.V.as.one.is.V-ing][to.V.toward.each.other][V→V][V][Sbrd][2Du][1Pl]
piluta	pi-~:(u)te[to.V.for.or.with][to.cause.to.V.as.one.is.V-ing][to.V.toward.each.other][V→V][V][Sbrd][2Pl][1Pl]
piluta	pi-~:(u)te[to.V.for.or.with][to.cause.to.V.as.one.is.V-ing][to.V.toward.each.other][V→V][V][Sbrd][2Sg][1Pl]
piluta	pi-~:(u)te[to.V.for.or.with][to.cause.to.V.as.one.is.V-ing][to.V.toward.each.other][V→V][V][Sbrd][3Du][1Pl]
piluta	pi-~:(u)te[to.V.for.or.with][to.cause.to.V.as.one.is.V-ing][to.V.toward.each.other][V→V][V][Sbrd][3Pl][1Pl]
piluta	pi-~:(u)te[to.V.for.or.with][to.cause.to.V.as.one.is.V-ing][to.V.toward.each.other][V→V][V][Sbrd][3Sg][1Pl]
piluta	pi-~:(u)te[SBJ.V-ed.something][V→V][V][Sbrd][1Pl]
piluta	pi[V][Sbrd][1Pl]
piluta	pi[V][Sbrd][2Du][1Pl]
piluta	pi[V][Sbrd][2Pl][1Pl]
piluta	pi[V][Sbrd][2Sg][1Pl]
piluta	pi[V][Sbrd][3Du][1Pl]
piluta	pi[V][Sbrd][3Pl][1Pl]
piluta	pi[V][Sbrd][3Sg][1Pl]

savegpangluta	+?

allaneng	alla[N][Abl_Mod][Unpd][Pl]

awataghpagmengllu	awataghpag[N][Rel][4DuPoss][SgPosd]-llu[Encl]
awataghpagmengllu	awataghpag[N][Rel][4DuPoss][PlPosd]-llu[Encl]
awataghpagmengllu	awataghpag[N][Rel][4PlPoss][SgPosd]-llu[Encl]
awataghpagmengllu	awataghpag[N][Rel][4PlPoss][PlPosd]-llu[Encl]
awataghpagmengllu	awataghpag[N][Abl_Mod][Unpd][Sg]-llu[Encl]

piluta	pi-~:(u)te[to.V.for.or.with][to.cause.to.V.as.one.is.V-ing][to.V.toward.each.other][V→V][V][Sbrd][1Pl]
piluta	pi-~:(u)te[to.V.for.or.with][to.cause.to.V.as.one.is.V-ing][to.V.toward.each.other][V→V][V][Sbrd][2Du][1Pl]
piluta	pi-~:(u)te[to.V.for.or.with][to.cause.to.V.as.one.is.V-ing][to.V.toward.each.other][V→V][V][Sbrd][2Pl][1Pl]
piluta	pi-~:(u)te[to.V.for.or.with][to.cause.to.V.as.one.is.V-ing][to.V.toward.each.other][V→V][V][Sbrd][2Sg][1Pl]
piluta	pi-~:(u)te[to.V.for.or.with][to.cause.to.V.as.one.is.V-ing][to.V.toward.each.other][V→V][V][Sbrd][3Du][1Pl]
piluta	pi-~:(u)te[to.V.for.or.with][to.cause.to.V.as.one.is.V-ing][to.V.toward.each.other][V→V][V][Sbrd][3Pl][1Pl]
piluta	pi-~:(u)te[to.V.for.or.with][to.cause.to.V.as.one.is.V-ing][to.V.toward.each.other][V→V][V][Sbrd][3Sg][1Pl]
piluta	pi-~:(u)te[SBJ.V-ed.something][V→V][V][Sbrd][1Pl]
piluta	pi[V][Sbrd][1Pl]
piluta	pi[V][Sbrd][2Du][1Pl]
piluta	pi[V][Sbrd][2Pl][1Pl]
piluta	pi[V][Sbrd][2Sg][1Pl]
piluta	pi[V][Sbrd][3Du][1Pl]
piluta	pi[V][Sbrd][3Pl][1Pl]
piluta	pi[V][Sbrd][3Sg][1Pl]

taawa	taawa

aghvengukut	+?

------------------------


------------------------
Ayumiqungani taawa aghvengaataqaagut.

ayumiqungani	+?

taawa	taawa

aghvengaataqaagut	+?

------------------------
Entaqun maaghraghvinlek.

entaqun	entaqun

maaghraghvinlek	+?

------------------------
Maaghraghvilqelluku qawiighneq.

maaghraghvilqelluku	+?

qawiighneq	+?

------------------------


------------------------
Taam kingunganeng elngaatall aghveghniiq akuzisaghanguq qafsin'ggaawaqluni lliightuq.

taam	+?

kingunganeng	+?

elngaatall	elngaatall

aghveghniiq	+?

akuzisaghanguq	+?

qafsinggaawaqluni	+?

lliightuq	+?

------------------------
Tawaten aghveghniighem tagtalkaa taawa.

tawaten	tawaten

aghveghniighem	+?

tagtalkaa	+?

taawa	taawa

------------------------


------------------------
