TUUNGLIGHHAA 

tuunglighhaa	+?

------------------------
Quyngighqwaalleq 

quyngighqwaalleq	+?

------------------------
PART II 

part	+?

ii	+?

------------------------
Reindeer Herding 

reindeer	+?

herding	+?

------------------------
Piinlillgha Quyngim 

piinlillgha	+?

quyngim	quyngigh[N][Rel][Unpd][Sg]

------------------------
Uvim Apellgha

uvim	+?

apellgha	+?

------------------------


------------------------
Dr. Jackson yusqughhaaguq piinlighiyuwhaaghtevut ugpeghmeng, maakenllu quyngimeng.

dr	+?

jackson	+?

yusqughhaaguq	yug-–squgh[little.N][small.N][N→N]-–ghhagh*[dear.N][N→N]-~:(ng₁)u[to.be.N][N→V][V][Ind][3Sg]
yusqughhaaguq	yug-–squghhagh*little.N][small.N][N→N]-~:(ng₁)u[to.be.N][N→V][V][Ind][3Sg]

piinlighiyuwhaaghtevut	+?

ugpeghmeng	+?

maakenllu	+?

quyngimeng	quyngigh[N][Rel][4DuPoss][SgPosd]
quyngimeng	quyngigh[N][Rel][4DuPoss][PlPosd]
quyngimeng	quyngigh[N][Rel][4PlPoss][SgPosd]
quyngimeng	quyngigh[N][Rel][4PlPoss][PlPosd]
quyngimeng	quyngigh[N][Abl_Mod][Unpd][Sg]

------------------------


------------------------
Esgha tawatelluta enraq itghaghaqelghiikut Tapghumun kiigmi.

esgha	+?

tawatelluta	+?

enraq	+?

itghaghaqelghiikut	+?

tapghumun	+?

kiigmi	kii[N][Rel][4SgPoss][DuPosd]
kiigmi	kiig[N][Loc][Unpd][Sg]
kiigmi	kiig[N][Rel][4SgPoss][SgPosd]
kiigmi	kiig[N][Rel][4SgPoss][PlPosd]

------------------------
Met kaatut, piiwaaltanguq.

met	+?

kaatut	kaate[V][Ind][3Pl]

piiwaaltanguq	+?

------------------------
Nanevgaghtaghput Suluk piiwiisqaat quyngimeng sameng, taawa government-mun iteghtuq amalka whaten qepghalghiistun.

nanevgaghtaghput	+?

suluk	+?

piiwiisqaat	+?

quyngimeng	quyngigh[N][Rel][4DuPoss][SgPosd]
quyngimeng	quyngigh[N][Rel][4DuPoss][PlPosd]
quyngimeng	quyngigh[N][Rel][4PlPoss][SgPosd]
quyngimeng	quyngigh[N][Rel][4PlPoss][PlPosd]
quyngimeng	quyngigh[N][Abl_Mod][Unpd][Sg]

sameng	sa[N][Rel][4DuPoss][SgPosd]
sameng	sa[N][Rel][4DuPoss][PlPosd]
sameng	sa[N][Rel][4PlPoss][SgPosd]
sameng	sa[N][Rel][4PlPoss][PlPosd]
sameng	sa[N][Abl_Mod][Unpd][Sg]
sameng	sameng

taawa	taawa

governmentmun	+?

iteghtuq	itegh[V][Ind][3Sg]
iteghtuq	itegh-te[to.act.on.so.as.to.cause.to.V][V→V][V][Ind][3Sg]

amalka	+?

whaten	+?

qepghalghiistun	qepghagh-@₁–lghii[the.one.that.V-ed][the.one.that.is.V][V→N][N][Equ][Unpd][Pl]

------------------------
Taawa tuwaat aawallu quyngingyaghqaaghtut.

taawa	taawa

tuwaat	+?

aawallu	aaw[N][Abs][3SgPoss][SgPosd]-llu[Encl]

quyngingyaghqaaghtut	+?

------------------------
Quyngiq aang'ghaa, uglam ighsaksaqanga tagitellgha.

quyngiq	quyngigh[N][Abs][Unpd][Sg]

aangghaa	+?

uglam	+?

ighsaksaqanga	+?

tagitellgha	+?

------------------------


------------------------
Quulkaghtaan usikaataghaghput amavek, Kepkaghyalqagnekun taaggun.

quulkaghtaan	+?

usikaataghaghput	+?

amavek	amavek

kepkaghyalqagnekun	+?

taaggun	+?

------------------------
Asighqelluki tawaten, quulkaghtaan.

asighqelluki	+?

tawaten	tawaten

quulkaghtaan	+?

------------------------
Entaqun yuginaq tallimat siipneqluku.

entaqun	entaqun

yuginaq	+?

tallimat	+?

siipneqluku	+?

------------------------
Saghligaq uglanqelluku.

saghligaq	+?

uglanqelluku	+?

------------------------


------------------------
Taawa Iiyiitaankut, Aghtuqaayagenkut, kinkughyaget taawa, elngaatall ayaviighluteng pilaanqelluteng.

taawa	taawa

iiyiitaankut	+?

aghtuqaayagenkut	+?

kinkughyaget	+?

taawa	taawa

elngaatall	elngaatall

ayaviighluteng	+?

pilaanqelluteng	+?

------------------------
Kevegtughluki qaakluki lliluki asighqusii ilemtaqiit.

kevegtughluki	+?

qaakluki	+?

lliluki	lli-~:(u)te[to.V.for.or.with][to.cause.to.V.as.one.is.V-ing][to.V.toward.each.other][V→V][V][Sbrd][1Du][3Pl]
lliluki	lli-~:(u)te[to.V.for.or.with][to.cause.to.V.as.one.is.V-ing][to.V.toward.each.other][V→V][V][Sbrd][1Pl][3Pl]
lliluki	lli-~:(u)te[to.V.for.or.with][to.cause.to.V.as.one.is.V-ing][to.V.toward.each.other][V→V][V][Sbrd][1Sg][3Pl]
lliluki	lli-~:(u)te[to.V.for.or.with][to.cause.to.V.as.one.is.V-ing][to.V.toward.each.other][V→V][V][Sbrd][2Du][3Pl]
lliluki	lli-~:(u)te[to.V.for.or.with][to.cause.to.V.as.one.is.V-ing][to.V.toward.each.other][V→V][V][Sbrd][2Pl][3Pl]
lliluki	lli-~:(u)te[to.V.for.or.with][to.cause.to.V.as.one.is.V-ing][to.V.toward.each.other][V→V][V][Sbrd][2Sg][3Pl]
lliluki	lli-~:(u)te[to.V.for.or.with][to.cause.to.V.as.one.is.V-ing][to.V.toward.each.other][V→V][V][Sbrd][3Du][3Pl]
lliluki	lli-~:(u)te[to.V.for.or.with][to.cause.to.V.as.one.is.V-ing][to.V.toward.each.other][V→V][V][Sbrd][3Pl][3Pl]
lliluki	lli-~:(u)te[to.V.for.or.with][to.cause.to.V.as.one.is.V-ing][to.V.toward.each.other][V→V][V][Sbrd][3Sg][3Pl]
lliluki	lli[V][Sbrd][1Du][3Pl]
lliluki	lli[V][Sbrd][1Pl][3Pl]
lliluki	lli[V][Sbrd][1Sg][3Pl]
lliluki	lli[V][Sbrd][2Du][3Pl]
lliluki	lli[V][Sbrd][2Pl][3Pl]
lliluki	lli[V][Sbrd][2Sg][3Pl]
lliluki	lli[V][Sbrd][3Du][3Pl]
lliluki	lli[V][Sbrd][3Pl][3Pl]
lliluki	lli[V][Sbrd][3Sg][3Pl]

asighqusii	+?

ilemtaqiit	+?

------------------------
Kingulighpigaghhaaghhneghata nekefqaghlluteng ketarwaaqsaqangit, leganqun lliluki quyngim aga alpagaqiit.

kingulighpigaghhaaghhneghata	+?

nekefqaghlluteng	+?

ketarwaaqsaqangit	+?

leganqun	+?

lliluki	lli-~:(u)te[to.V.for.or.with][to.cause.to.V.as.one.is.V-ing][to.V.toward.each.other][V→V][V][Sbrd][1Du][3Pl]
lliluki	lli-~:(u)te[to.V.for.or.with][to.cause.to.V.as.one.is.V-ing][to.V.toward.each.other][V→V][V][Sbrd][1Pl][3Pl]
lliluki	lli-~:(u)te[to.V.for.or.with][to.cause.to.V.as.one.is.V-ing][to.V.toward.each.other][V→V][V][Sbrd][1Sg][3Pl]
lliluki	lli-~:(u)te[to.V.for.or.with][to.cause.to.V.as.one.is.V-ing][to.V.toward.each.other][V→V][V][Sbrd][2Du][3Pl]
lliluki	lli-~:(u)te[to.V.for.or.with][to.cause.to.V.as.one.is.V-ing][to.V.toward.each.other][V→V][V][Sbrd][2Pl][3Pl]
lliluki	lli-~:(u)te[to.V.for.or.with][to.cause.to.V.as.one.is.V-ing][to.V.toward.each.other][V→V][V][Sbrd][2Sg][3Pl]
lliluki	lli-~:(u)te[to.V.for.or.with][to.cause.to.V.as.one.is.V-ing][to.V.toward.each.other][V→V][V][Sbrd][3Du][3Pl]
lliluki	lli-~:(u)te[to.V.for.or.with][to.cause.to.V.as.one.is.V-ing][to.V.toward.each.other][V→V][V][Sbrd][3Pl][3Pl]
lliluki	lli-~:(u)te[to.V.for.or.with][to.cause.to.V.as.one.is.V-ing][to.V.toward.each.other][V→V][V][Sbrd][3Sg][3Pl]
lliluki	lli[V][Sbrd][1Du][3Pl]
lliluki	lli[V][Sbrd][1Pl][3Pl]
lliluki	lli[V][Sbrd][1Sg][3Pl]
lliluki	lli[V][Sbrd][2Du][3Pl]
lliluki	lli[V][Sbrd][2Pl][3Pl]
lliluki	lli[V][Sbrd][2Sg][3Pl]
lliluki	lli[V][Sbrd][3Du][3Pl]
lliluki	lli[V][Sbrd][3Pl][3Pl]
lliluki	lli[V][Sbrd][3Sg][3Pl]

quyngim	quyngigh[N][Rel][Unpd][Sg]

aga	aga

alpagaqiit	+?

------------------------


------------------------
Maalghugegneng usiikut, pingayaa taana tallimaggaaluki.

maalghugegneng	+?

usiikut	+?

pingayaa	+?

taana	taana

tallimaggaaluki	+?

------------------------
Angyaghwaaghqun taamavek maaken.

angyaghwaaghqun	+?

taamavek	+?

maaken	maaken

------------------------
Taamavek aglaghyun'ghituq Piya (Bear) angyaghpak.

taamavek	+?

aglaghyunghituq	aglagh-@₁~fyug[to.want.to.V][V→V]-@₁–nghite**[to.not.V][V→V][V][Ind][3Sg]

piya	pi-~:(u)te[to.V.for.or.with][to.cause.to.V.as.one.is.V-ing][to.V.toward.each.other][V→V][V][CnsqI][4Sg][3Pl]
piya	pi-~:(u)te[to.V.for.or.with][to.cause.to.V.as.one.is.V-ing][to.V.toward.each.other][V→V][V][CnsqI][4Pl][3Pl]
piya	pi-~:(u)te[to.V.for.or.with][to.cause.to.V.as.one.is.V-ing][to.V.toward.each.other][V→V][V][CnsqI][4Du][3Pl]
piya	pi[V][CnsqI][4Sg][3Pl]
piya	pi[V][CnsqI][4Pl][3Pl]
piya	pi[V][CnsqI][4Du][3Pl]

bear	+?

angyaghpak	+?

------------------------


------------------------
Taagken Laavlaaghhaat (Laplanders) neqngat aglaataghput.

taagken	taagken

laavlaaghhaat	+?

laplanders	+?

neqngat	neqe[N][Abs][3PlPoss][SgPosd]

aglaataghput	+?

------------------------
Taakut Tzaarankunguut entaqun aghnam aatgha, weni kellmighqepallghitunga.

taakut	taake[V][Ind][3Pl]

tzaarankunguut	+?

entaqun	entaqun

aghnam	aghnagh[N][Rel][Unpd][Sg]

aatgha	ategh[N][Abs][3SgPoss][SgPosd]

weni	+?

kellmighqepallghitunga	+?

------------------------
Avaqutakek weni anglillutek ayuquk, maalghuguftuk mekelghiighek.

avaqutakek	avaqutagh[N][Abs][3SgPoss][DuPosd]

weni	+?

anglillutek	+?

ayuquk	+?

maalghuguftuk	+?

mekelghiighek	mekelghiigh[N][Abs][Unpd][Du]
mekelghiighek	mekelghiigh[N][Rel][Unpd][Du]

------------------------
Pinit net taakut, Laavlaaghhaat, quyngimeng piit.

pinit	pinigh[Rel][Unpd][Pl]

net	ne[N][Abs][Unpd][Pl]
net	ne[N][Rel][Unpd][Pl]

taakut	taake[V][Ind][3Pl]

laavlaaghhaat	+?

quyngimeng	quyngigh[N][Rel][4DuPoss][SgPosd]
quyngimeng	quyngigh[N][Rel][4DuPoss][PlPosd]
quyngimeng	quyngigh[N][Rel][4PlPoss][SgPosd]
quyngimeng	quyngigh[N][Rel][4PlPoss][PlPosd]
quyngimeng	quyngigh[N][Abl_Mod][Unpd][Sg]

piit	pi[V][Intrg][3Pl]
piit	pi[V][Ind][3Du][3Sg]
piit	pi[V][Ind][3Pl][3Pl]
piit	pi[V][Ind][3Pl][3Sg]
piit	pi[V][Ind][3Pl]

------------------------
 

------------------------
Nayghapagkun taaggun kiwalighneghan kenlengakun tiintaluteng, nengllaghnaqegkangit entaqun.

nayghapagkun	+?

taaggun	+?

kiwalighneghan	+?

kenlengakun	+?

tiintaluteng	+?

nengllaghnaqegkangit	ne-–ngllagh[to.make.N][N→V]-@₁~fnaqe[to.be.going.to.V][V→V]-@*@₂~sf–(g₂)k(a)e[the.one.that.possessor.V-ed][V→N][N][Abs][3PlPoss][PlPosd]

entaqun	entaqun

------------------------
Pamansalghii esghaqesi entaqun, Aqfayegaagnisalghii.

pamansalghii	+?

esghaqesi	esghagh-@*@₂~sf–(g₂)k(a)e[the.one.that.possessor.V-ed][V→N][N][Abs][2PlPoss][PlPosd]

entaqun	entaqun

aqfayegaagnisalghii	+?

------------------------
Neksaghaas taana.

neksaghaas	+?

taana	taana

------------------------
Guygughlluggaq pinilghii.

guygughlluggaq	+?

pinilghii	pi-@₁~fni[to.say.that.one.is.V-ing][Cmpd_Vbl]-@₁–lghii[the.one.that.V-ed][the.one.that.is.V][V→N][N][Abs][Unpd][Sg]
pinilghii	pi-@₁~fni[to.say.that.one.is.V-ing][Cmpd_Vbl][V][Ptcp][3Sg]
pinilghii	pi-~:(u)te[to.V.for.or.with][to.cause.to.V.as.one.is.V-ing][to.V.toward.each.other][V→V]-@₁~fni[to.say.that.one.is.V-ing][Cmpd_Vbl]-@₁–lghii[the.one.that.V-ed][the.one.that.is.V][V→N][N][Abs][Unpd][Sg]
pinilghii	pi-~:(u)te[to.V.for.or.with][to.cause.to.V.as.one.is.V-ing][to.V.toward.each.other][V→V]-@₁~fni[to.say.that.one.is.V-ing][Cmpd_Vbl][V][Ptcp][3Sg]
pinilghii	pi-~:(u)te[SBJ.V-ed.something][V→V]-@₁~fni[to.say.that.one.is.V-ing][Cmpd_Vbl]-@₁–lghii[the.one.that.V-ed][the.one.that.is.V][V→N][N][Abs][Unpd][Sg]
pinilghii	pi-~:(u)te[SBJ.V-ed.something][V→V]-@₁~fni[to.say.that.one.is.V-ing][Cmpd_Vbl][V][Ptcp][3Sg]
pinilghii	pinigh-@₁–lghii[the.one.that.V-ed][the.one.that.is.V][V→N][N][Abs][Unpd][Sg]
pinilghii	pinigh[V][Ptcp][3Sg]

------------------------
Tawateteftut.

tawateteftut	+?

------------------------


------------------------
Entaqun nuugtaqluteng, nuugtaqluteng, amenqun Kangiikunllu ataasiq ulimakangat.

entaqun	entaqun

nuugtaqluteng	nuugte-~(g₁)aqe[to.be.V.ing][to.regularly.or.repeatedly.V][V→V]-te[to.act.on.so.as.to.cause.to.V][V→V]-te[to.act.on.so.as.to.cause.to.V][V→V][V][Sbrd][3Pl]
nuugtaqluteng	nuugte-~(g₁)aqe[to.be.V.ing][to.regularly.or.repeatedly.V][V→V]-te[to.act.on.so.as.to.cause.to.V][V→V][V][Sbrd][3Pl]
nuugtaqluteng	nuugte-~(g₁)aqe[to.be.V.ing][to.regularly.or.repeatedly.V][V→V][V][Sbrd][3Pl]

nuugtaqluteng	nuugte-~(g₁)aqe[to.be.V.ing][to.regularly.or.repeatedly.V][V→V]-te[to.act.on.so.as.to.cause.to.V][V→V]-te[to.act.on.so.as.to.cause.to.V][V→V][V][Sbrd][3Pl]
nuugtaqluteng	nuugte-~(g₁)aqe[to.be.V.ing][to.regularly.or.repeatedly.V][V→V]-te[to.act.on.so.as.to.cause.to.V][V→V][V][Sbrd][3Pl]
nuugtaqluteng	nuugte-~(g₁)aqe[to.be.V.ing][to.regularly.or.repeatedly.V][V→V][V][Sbrd][3Pl]

amenqun	+?

kangiikunllu	+?

ataasiq	+?

ulimakangat	ulima-@*@₂~sf–(g₂)k(a)e[the.one.that.possessor.V-ed][V→N][N][Abs][3PlPoss][SgPosd]
ulimakangat	ulima[V][Ptcp][3Pl][3Sg]

------------------------
Kangikun pamagunllu saviggaq ulimakaqaat, quyngiq maligsaaghem angtalanganeng.

kangikun	+?

pamagunllu	+?

saviggaq	+?

ulimakaqaat	+?

quyngiq	quyngigh[N][Abs][Unpd][Sg]

maligsaaghem	+?

angtalanganeng	+?

------------------------
Tawatesaghpetuq.

tawatesaghpetuq	+?

------------------------


------------------------
