Nanevgaghhaam Gugiingem Kasivagutellgha Nanumeng 

nanevgaghhaam	+?

gugiingem	+?

kasivagutellgha	+?

nanumeng	+?

------------------------
Puughhutem Apellgha 

puughhutem	+?

apellgha	+?

------------------------


------------------------
Ungipamsuk ayumiq yuggaq Pugughileghmii Gugiingen, nanevgaghhaaghsimaghmi.

ungipamsuk	+?

ayumiq	+?

yuggaq	+?

pugughileghmii	+?

gugiingen	+?

nanevgaghhaaghsimaghmi	+?

------------------------
Sukasalghii, iknaqsalghii nukalpigaaluni.

sukasalghii	sukate*-@₁~fyagh[to.go.V-ing][to.V.in.vain][V→V]-@₁–lghii[the.one.that.V-ed][the.one.that.is.V][V→N][N][Abs][Unpd][Sg]
sukasalghii	sukate*-@₁~fyagh[to.go.V-ing][to.V.in.vain][V→V][V][Ptcp][3Sg]

iknaqsalghii	iknaqe-@₁~fyagh[to.go.V-ing][to.V.in.vain][V→V]-@₁–lghii[the.one.that.V-ed][the.one.that.is.V][V→N][N][Abs][Unpd][Sg]
iknaqsalghii	iknaqe-@₁~fyagh[to.go.V-ing][to.V.in.vain][V→V][V][Ptcp][3Sg]
iknaqsalghii	iknaqe-te[to.act.on.so.as.to.cause.to.V][V→V]-@₁~fyagh[to.go.V-ing][to.V.in.vain][V→V]-@₁–lghii[the.one.that.V-ed][the.one.that.is.V][V→N][N][Abs][Unpd][Sg]
iknaqsalghii	iknaqe-te[to.act.on.so.as.to.cause.to.V][V→V]-@₁~fyagh[to.go.V-ing][to.V.in.vain][V→V][V][Ptcp][3Sg]

nukalpigaaluni	+?

------------------------
Nanevgaghluni sananiimaghmi, temngi esnamun ukikaghluni sikugnun kanavengiighhaq piyaghluni analghughllaget awatangitni nanughllagenkuk kasivagutkak.

nanevgaghluni	+?

sananiimaghmi	sa-@₁~fna[in.order.to.V][intending.to.V][V→V]-@₁~fna[in.order.to.V][intending.to.V][V→V]-~i[SBJ.V-ed.something][V→V]-~i[SBJ.V-ed.something][V→V]-~i[SBJ.V-ed.something][V→V]-@₁~:(i/u)magh*[while.V-ing][V→V][Quant_Qual][4Sg]
sananiimaghmi	sa-@₁~fna[in.order.to.V][intending.to.V][V→V]-@₁~fna[in.order.to.V][intending.to.V][V→V]-~i[SBJ.V-ed.something][V→V]-~i[SBJ.V-ed.something][V→V]-@₁~:(i/u)magh*[while.V-ing][V→V][Quant_Qual][4Sg]
sananiimaghmi	sa-@₁~fna[in.order.to.V][intending.to.V][V→V]-@₁~fna[in.order.to.V][intending.to.V][V→V]-~i[SBJ.V-ed.something][V→V]-@₁~:(i/u)magh*[while.V-ing][V→V][Quant_Qual][4Sg]
sananiimaghmi	sa-@₁~fna[in.order.to.V][intending.to.V][V→V]-@₁~fni[to.say.that.one.is.V-ing][Cmpd_Vbl]-~i[SBJ.V-ed.something][V→V]-~i[SBJ.V-ed.something][V→V]-~i[SBJ.V-ed.something][V→V]-@₁~:(i/u)magh*[while.V-ing][V→V][Quant_Qual][4Sg]
sananiimaghmi	sa-@₁~fna[in.order.to.V][intending.to.V][V→V]-@₁~fni[to.say.that.one.is.V-ing][Cmpd_Vbl]-~i[SBJ.V-ed.something][V→V]-~i[SBJ.V-ed.something][V→V]-@₁~:(i/u)magh*[while.V-ing][V→V][Quant_Qual][4Sg]
sananiimaghmi	sa-@₁~fna[in.order.to.V][intending.to.V][V→V]-@₁~fni[to.say.that.one.is.V-ing][Cmpd_Vbl]-~i[SBJ.V-ed.something][V→V]-@₁~:(i/u)magh*[while.V-ing][V→V][Quant_Qual][4Sg]
sananiimaghmi	sa-@₁~fna[in.order.to.V][intending.to.V][V→V]-~:(u)te[to.V.for.or.with][to.cause.to.V.as.one.is.V-ing][to.V.toward.each.other][V→V]-@₁~fna[in.order.to.V][intending.to.V][V→V]-~i[SBJ.V-ed.something][V→V]-~i[SBJ.V-ed.something][V→V]-@₁~:(i/u)magh*[while.V-ing][V→V][Quant_Qual][4Sg]
sananiimaghmi	sa-@₁~fna[in.order.to.V][intending.to.V][V→V]-~:(u)te[to.V.for.or.with][to.cause.to.V.as.one.is.V-ing][to.V.toward.each.other][V→V]-@₁~fna[in.order.to.V][intending.to.V][V→V]-~i[SBJ.V-ed.something][V→V]-@₁~:(i/u)magh*[while.V-ing][V→V][Quant_Qual][4Sg]
sananiimaghmi	sa-@₁~fna[in.order.to.V][intending.to.V][V→V]-~:(u)te[to.V.for.or.with][to.cause.to.V.as.one.is.V-ing][to.V.toward.each.other][V→V]-@₁~fni[to.say.that.one.is.V-ing][Cmpd_Vbl]-~i[SBJ.V-ed.something][V→V]-~i[SBJ.V-ed.something][V→V]-@₁~:(i/u)magh*[while.V-ing][V→V][Quant_Qual][4Sg]
sananiimaghmi	sa-@₁~fna[in.order.to.V][intending.to.V][V→V]-~:(u)te[to.V.for.or.with][to.cause.to.V.as.one.is.V-ing][to.V.toward.each.other][V→V]-@₁~fni[to.say.that.one.is.V-ing][Cmpd_Vbl]-~i[SBJ.V-ed.something][V→V]-@₁~:(i/u)magh*[while.V-ing][V→V][Quant_Qual][4Sg]
sananiimaghmi	sa-@₁~fna[in.order.to.V][intending.to.V][V→V]-~:(u)te[SBJ.V-ed.something][V→V]-@₁~fna[in.order.to.V][intending.to.V][V→V]-~i[SBJ.V-ed.something][V→V]-~i[SBJ.V-ed.something][V→V]-@₁~:(i/u)magh*[while.V-ing][V→V][Quant_Qual][4Sg]
sananiimaghmi	sa-@₁~fna[in.order.to.V][intending.to.V][V→V]-~:(u)te[SBJ.V-ed.something][V→V]-@₁~fna[in.order.to.V][intending.to.V][V→V]-~i[SBJ.V-ed.something][V→V]-@₁~:(i/u)magh*[while.V-ing][V→V][Quant_Qual][4Sg]
sananiimaghmi	sa-@₁~fna[in.order.to.V][intending.to.V][V→V]-~:(u)te[SBJ.V-ed.something][V→V]-@₁~fni[to.say.that.one.is.V-ing][Cmpd_Vbl]-~i[SBJ.V-ed.something][V→V]-~i[SBJ.V-ed.something][V→V]-@₁~:(i/u)magh*[while.V-ing][V→V][Quant_Qual][4Sg]
sananiimaghmi	sa-@₁~fna[in.order.to.V][intending.to.V][V→V]-~:(u)te[SBJ.V-ed.something][V→V]-@₁~fni[to.say.that.one.is.V-ing][Cmpd_Vbl]-~i[SBJ.V-ed.something][V→V]-@₁~:(i/u)magh*[while.V-ing][V→V][Quant_Qual][4Sg]
sananiimaghmi	sa-@₁~fnanigh[to.cease.V-ing][to.stop.V-ing]-@₁~:(i/u)magh*[while.V-ing][V→V][Quant_Qual][4Sg]
sananiimaghmi	sa-~:(u)te[to.V.for.or.with][to.cause.to.V.as.one.is.V-ing][to.V.toward.each.other][V→V]-@₁~fna[in.order.to.V][intending.to.V][V→V]-@₁~fna[in.order.to.V][intending.to.V][V→V]-~i[SBJ.V-ed.something][V→V]-~i[SBJ.V-ed.something][V→V]-@₁~:(i/u)magh*[while.V-ing][V→V][Quant_Qual][4Sg]
sananiimaghmi	sa-~:(u)te[to.V.for.or.with][to.cause.to.V.as.one.is.V-ing][to.V.toward.each.other][V→V]-@₁~fna[in.order.to.V][intending.to.V][V→V]-@₁~fna[in.order.to.V][intending.to.V][V→V]-~i[SBJ.V-ed.something][V→V]-@₁~:(i/u)magh*[while.V-ing][V→V][Quant_Qual][4Sg]
sananiimaghmi	sa-~:(u)te[to.V.for.or.with][to.cause.to.V.as.one.is.V-ing][to.V.toward.each.other][V→V]-@₁~fna[in.order.to.V][intending.to.V][V→V]-@₁~fni[to.say.that.one.is.V-ing][Cmpd_Vbl]-~i[SBJ.V-ed.something][V→V]-~i[SBJ.V-ed.something][V→V]-@₁~:(i/u)magh*[while.V-ing][V→V][Quant_Qual][4Sg]
sananiimaghmi	sa-~:(u)te[to.V.for.or.with][to.cause.to.V.as.one.is.V-ing][to.V.toward.each.other][V→V]-@₁~fna[in.order.to.V][intending.to.V][V→V]-@₁~fni[to.say.that.one.is.V-ing][Cmpd_Vbl]-~i[SBJ.V-ed.something][V→V]-@₁~:(i/u)magh*[while.V-ing][V→V][Quant_Qual][4Sg]
sananiimaghmi	sa-~:(u)te[to.V.for.or.with][to.cause.to.V.as.one.is.V-ing][to.V.toward.each.other][V→V]-@₁~fna[in.order.to.V][intending.to.V][V→V]-~:(u)te[to.V.for.or.with][to.cause.to.V.as.one.is.V-ing][to.V.toward.each.other][V→V]-@₁~fna[in.order.to.V][intending.to.V][V→V]-~i[SBJ.V-ed.something][V→V]-@₁~:(i/u)magh*[while.V-ing][V→V][Quant_Qual][4Sg]
sananiimaghmi	sa-~:(u)te[to.V.for.or.with][to.cause.to.V.as.one.is.V-ing][to.V.toward.each.other][V→V]-@₁~fna[in.order.to.V][intending.to.V][V→V]-~:(u)te[to.V.for.or.with][to.cause.to.V.as.one.is.V-ing][to.V.toward.each.other][V→V]-@₁~fni[to.say.that.one.is.V-ing][Cmpd_Vbl]-~i[SBJ.V-ed.something][V→V]-@₁~:(i/u)magh*[while.V-ing][V→V][Quant_Qual][4Sg]
sananiimaghmi	sa-~:(u)te[to.V.for.or.with][to.cause.to.V.as.one.is.V-ing][to.V.toward.each.other][V→V]-@₁~fna[in.order.to.V][intending.to.V][V→V]-~:(u)te[SBJ.V-ed.something][V→V]-@₁~fna[in.order.to.V][intending.to.V][V→V]-~i[SBJ.V-ed.something][V→V]-@₁~:(i/u)magh*[while.V-ing][V→V][Quant_Qual][4Sg]
sananiimaghmi	sa-~:(u)te[to.V.for.or.with][to.cause.to.V.as.one.is.V-ing][to.V.toward.each.other][V→V]-@₁~fna[in.order.to.V][intending.to.V][V→V]-~:(u)te[SBJ.V-ed.something][V→V]-@₁~fni[to.say.that.one.is.V-ing][Cmpd_Vbl]-~i[SBJ.V-ed.something][V→V]-@₁~:(i/u)magh*[while.V-ing][V→V][Quant_Qual][4Sg]
sananiimaghmi	sa-~:(u)te[to.V.for.or.with][to.cause.to.V.as.one.is.V-ing][to.V.toward.each.other][V→V]-@₁~fnanigh[to.cease.V-ing][to.stop.V-ing]-@₁~:(i/u)magh*[while.V-ing][V→V][Quant_Qual][4Sg]
sananiimaghmi	sa-~:(u)te[SBJ.V-ed.something][V→V]-@₁~fna[in.order.to.V][intending.to.V][V→V]-@₁~fna[in.order.to.V][intending.to.V][V→V]-~i[SBJ.V-ed.something][V→V]-~i[SBJ.V-ed.something][V→V]-@₁~:(i/u)magh*[while.V-ing][V→V][Quant_Qual][4Sg]
sananiimaghmi	sa-~:(u)te[SBJ.V-ed.something][V→V]-@₁~fna[in.order.to.V][intending.to.V][V→V]-@₁~fna[in.order.to.V][intending.to.V][V→V]-~i[SBJ.V-ed.something][V→V]-@₁~:(i/u)magh*[while.V-ing][V→V][Quant_Qual][4Sg]
sananiimaghmi	sa-~:(u)te[SBJ.V-ed.something][V→V]-@₁~fna[in.order.to.V][intending.to.V][V→V]-@₁~fni[to.say.that.one.is.V-ing][Cmpd_Vbl]-~i[SBJ.V-ed.something][V→V]-~i[SBJ.V-ed.something][V→V]-@₁~:(i/u)magh*[while.V-ing][V→V][Quant_Qual][4Sg]
sananiimaghmi	sa-~:(u)te[SBJ.V-ed.something][V→V]-@₁~fna[in.order.to.V][intending.to.V][V→V]-@₁~fni[to.say.that.one.is.V-ing][Cmpd_Vbl]-~i[SBJ.V-ed.something][V→V]-@₁~:(i/u)magh*[while.V-ing][V→V][Quant_Qual][4Sg]
sananiimaghmi	sa-~:(u)te[SBJ.V-ed.something][V→V]-@₁~fna[in.order.to.V][intending.to.V][V→V]-~:(u)te[to.V.for.or.with][to.cause.to.V.as.one.is.V-ing][to.V.toward.each.other][V→V]-@₁~fna[in.order.to.V][intending.to.V][V→V]-~i[SBJ.V-ed.something][V→V]-@₁~:(i/u)magh*[while.V-ing][V→V][Quant_Qual][4Sg]
sananiimaghmi	sa-~:(u)te[SBJ.V-ed.something][V→V]-@₁~fna[in.order.to.V][intending.to.V][V→V]-~:(u)te[to.V.for.or.with][to.cause.to.V.as.one.is.V-ing][to.V.toward.each.other][V→V]-@₁~fni[to.say.that.one.is.V-ing][Cmpd_Vbl]-~i[SBJ.V-ed.something][V→V]-@₁~:(i/u)magh*[while.V-ing][V→V][Quant_Qual][4Sg]
sananiimaghmi	sa-~:(u)te[SBJ.V-ed.something][V→V]-@₁~fna[in.order.to.V][intending.to.V][V→V]-~:(u)te[SBJ.V-ed.something][V→V]-@₁~fna[in.order.to.V][intending.to.V][V→V]-~i[SBJ.V-ed.something][V→V]-@₁~:(i/u)magh*[while.V-ing][V→V][Quant_Qual][4Sg]
sananiimaghmi	sa-~:(u)te[SBJ.V-ed.something][V→V]-@₁~fna[in.order.to.V][intending.to.V][V→V]-~:(u)te[SBJ.V-ed.something][V→V]-@₁~fni[to.say.that.one.is.V-ing][Cmpd_Vbl]-~i[SBJ.V-ed.something][V→V]-@₁~:(i/u)magh*[while.V-ing][V→V][Quant_Qual][4Sg]
sananiimaghmi	sa-~:(u)te[SBJ.V-ed.something][V→V]-@₁~fnanigh[to.cease.V-ing][to.stop.V-ing]-@₁~:(i/u)magh*[while.V-ing][V→V][Quant_Qual][4Sg]

temngi	+?

esnamun	esnagh[N][Ter][Unpd][Sg]

ukikaghluni	+?

sikugnun	siku[N][Ter][Unpd][Du]

kanavengiighhaq	+?

piyaghluni	pi-@₁~fyagh[to.go.V-ing][to.V.in.vain][V→V][V][Sbrd][3Sg]
piyaghluni	pi-~:(u)te[to.V.for.or.with][to.cause.to.V.as.one.is.V-ing][to.V.toward.each.other][V→V]-@₁~fyagh[to.go.V-ing][to.V.in.vain][V→V][V][Sbrd][3Sg]
piyaghluni	pi-~:(u)te[SBJ.V-ed.something][V→V]-@₁~fyagh[to.go.V-ing][to.V.in.vain][V→V][V][Sbrd][3Sg]

analghughllaget	+?

awatangitni	+?

nanughllagenkuk	nanugh*-–ghllag[big.N][N→N]-~sf-w:(e)nkuk[N.and.partner.or.spouse][N→N][N][Abs][Unpd][Sg]

kasivagutkak	+?

------------------------


------------------------
Nanuun'nguq tamaakut kasivalghiini sughugikayuguut qimagigalnguut.

nanuunnguq	+?

tamaakut	+?

kasivalghiini	+?

sughugikayuguut	+?

qimagigalnguut	+?

------------------------
Legan sughukaa uka.

legan	legan

sughukaa	+?

uka	uka

------------------------
Aatak mayughaghtekaq analghunun.

aatak	aate[V][Ind][3Sg][3Du]

mayughaghtekaq	+?

analghunun	+?

------------------------
Sangilnguq sanqutngilnguq iwerngaqun saviggani tafsimikluku.

sangilnguq	sa-~:(ng₁)ite**[to.lack.N][to.not.have.N][N→V]-@*ngugh*[the.one.that.V-ed][the.one.that.is.V][V→N][N][Abs][Unpd][Sg]
sangilnguq	sa-~:(ng₁)ite**[to.lack.N][to.not.have.N][N→V][V][Ptcp][3Sg]
sangilnguq	sa-~:(ng₁)ite**[to.lack.N][to.not.have.N][N→V][V][Ptcp][3Du]

sanqutngilnguq	+?

iwerngaqun	+?

saviggani	+?

tafsimikluku	+?

------------------------


------------------------
Qaygeghteqaghlluni uteghmun qiivyalghiimi, uka legan nagneghaqeftuq nanughllak.

qaygeghteqaghlluni	+?

uteghmun	+?

qiivyalghiimi	+?

uka	uka

legan	legan

nagneghaqeftuq	+?

nanughllak	nanugh*-–ghllag[big.N][N→N][N][Abs][Unpd][Sg]

------------------------
Aatakqun temngi saviggani amaaghaghlluku quulmun nengugulluku pimalghii, "Whaken pilleqamken, whaken pilleqamken!" 

aatakqun	+?

temngi	+?

saviggani	+?

amaaghaghlluku	+?

quulmun	+?

nengugulluku	+?

pimalghii	pi-@₁~:(i/u)ma[to.have.V-ed][to.have.been.V-ed][V→V]-@₁–lghii[the.one.that.V-ed][the.one.that.is.V][V→N][N][Abs][Unpd][Sg]
pimalghii	pi-@₁~:(i/u)ma[to.have.V-ed][to.have.been.V-ed][V→V][V][Ptcp][3Sg]

whaken	whaken

pilleqamken	pi-te[to.act.on.so.as.to.cause.to.V][V→V]-@₁lleqe[will.V][V→V][V][Ind][1Du][2Sg]
pilleqamken	pi-te[to.act.on.so.as.to.cause.to.V][V→V]-@₁lleqe[will.V][V→V][V][Ind][1Pl][2Sg]
pilleqamken	pi-te[to.act.on.so.as.to.cause.to.V][V→V]-@₁lleqe[will.V][V→V][V][Ind][1Sg][2Sg]
pilleqamken	pi-~:(u)te[to.V.for.or.with][to.cause.to.V.as.one.is.V-ing][to.V.toward.each.other][V→V]-te[to.act.on.so.as.to.cause.to.V][V→V]-@₁lleqe[will.V][V→V][V][Ind][1Du][2Sg]
pilleqamken	pi-~:(u)te[to.V.for.or.with][to.cause.to.V.as.one.is.V-ing][to.V.toward.each.other][V→V]-te[to.act.on.so.as.to.cause.to.V][V→V]-@₁lleqe[will.V][V→V][V][Ind][1Pl][2Sg]
pilleqamken	pi-~:(u)te[to.V.for.or.with][to.cause.to.V.as.one.is.V-ing][to.V.toward.each.other][V→V]-te[to.act.on.so.as.to.cause.to.V][V→V]-@₁lleqe[will.V][V→V][V][Ind][1Sg][2Sg]
pilleqamken	pi-~:(u)te[to.V.for.or.with][to.cause.to.V.as.one.is.V-ing][to.V.toward.each.other][V→V]-@₁lleqe[will.V][V→V][V][Ind][1Du][2Sg]
pilleqamken	pi-~:(u)te[to.V.for.or.with][to.cause.to.V.as.one.is.V-ing][to.V.toward.each.other][V→V]-@₁lleqe[will.V][V→V][V][Ind][1Pl][2Sg]
pilleqamken	pi-~:(u)te[to.V.for.or.with][to.cause.to.V.as.one.is.V-ing][to.V.toward.each.other][V→V]-@₁lleqe[will.V][V→V][V][Ind][1Sg][2Sg]
pilleqamken	pi-@₁lleqe[will.V][V→V][V][Ind][1Du][2Sg]
pilleqamken	pi-@₁lleqe[will.V][V→V][V][Ind][1Pl][2Sg]
pilleqamken	pi-@₁lleqe[will.V][V→V][V][Ind][1Sg][2Sg]

whaken	whaken

pilleqamken	pi-te[to.act.on.so.as.to.cause.to.V][V→V]-@₁lleqe[will.V][V→V][V][Ind][1Du][2Sg]
pilleqamken	pi-te[to.act.on.so.as.to.cause.to.V][V→V]-@₁lleqe[will.V][V→V][V][Ind][1Pl][2Sg]
pilleqamken	pi-te[to.act.on.so.as.to.cause.to.V][V→V]-@₁lleqe[will.V][V→V][V][Ind][1Sg][2Sg]
pilleqamken	pi-~:(u)te[to.V.for.or.with][to.cause.to.V.as.one.is.V-ing][to.V.toward.each.other][V→V]-te[to.act.on.so.as.to.cause.to.V][V→V]-@₁lleqe[will.V][V→V][V][Ind][1Du][2Sg]
pilleqamken	pi-~:(u)te[to.V.for.or.with][to.cause.to.V.as.one.is.V-ing][to.V.toward.each.other][V→V]-te[to.act.on.so.as.to.cause.to.V][V→V]-@₁lleqe[will.V][V→V][V][Ind][1Pl][2Sg]
pilleqamken	pi-~:(u)te[to.V.for.or.with][to.cause.to.V.as.one.is.V-ing][to.V.toward.each.other][V→V]-te[to.act.on.so.as.to.cause.to.V][V→V]-@₁lleqe[will.V][V→V][V][Ind][1Sg][2Sg]
pilleqamken	pi-~:(u)te[to.V.for.or.with][to.cause.to.V.as.one.is.V-ing][to.V.toward.each.other][V→V]-@₁lleqe[will.V][V→V][V][Ind][1Du][2Sg]
pilleqamken	pi-~:(u)te[to.V.for.or.with][to.cause.to.V.as.one.is.V-ing][to.V.toward.each.other][V→V]-@₁lleqe[will.V][V→V][V][Ind][1Pl][2Sg]
pilleqamken	pi-~:(u)te[to.V.for.or.with][to.cause.to.V.as.one.is.V-ing][to.V.toward.each.other][V→V]-@₁lleqe[will.V][V→V][V][Ind][1Sg][2Sg]
pilleqamken	pi-@₁lleqe[will.V][V→V][V][Ind][1Du][2Sg]
pilleqamken	pi-@₁lleqe[will.V][V→V][V][Ind][1Pl][2Sg]
pilleqamken	pi-@₁lleqe[will.V][V→V][V][Ind][1Sg][2Sg]

------------------------
Kii, nanughllagnguq tuukghaghteghllagluni legan'nguq aga siigteghllagumaghmi ketmun pakegsimalghii.

kii	kii
kii	kii[N][Abs][Unpd][Sg]

nanughllagnguq	nanugh*-–ghllag[big.N][N→N][N][Abs][Unpd][Sg]-nguq[Encl]

tuukghaghteghllagluni	+?

legannguq	+?

aga	aga

siigteghllagumaghmi	+?

ketmun	+?

pakegsimalghii	+?

------------------------


------------------------
Pelleghmun anagniighutusimalghiik.

pelleghmun	+?

anagniighutusimalghiik	+?

------------------------
Ellnga quulmun pamavek kelqaghtiyaghtughaghtekaq.

ellnga	ellnga

quulmun	+?

pamavek	pamavek

kelqaghtiyaghtughaghtekaq	+?

------------------------
Pugughileq uusqalghii pamanlenguq nengat.

pugughileq	+?

uusqalghii	+?

pamanlenguq	+?

nengat	ne[N][Abs][3PlPoss][SgPosd]

------------------------


------------------------
Iwernganguq nani kananingiighhaq tuqutkaat malighqaghluku.

iwernganguq	+?

nani	nani

kananingiighhaq	+?

tuqutkaat	+?

malighqaghluku	+?

------------------------


------------------------
