Vupiget Neqniillghat 

vupiget	+?

neqniillghat	+?

------------------------
Ggayegllugem Apellgha 

ggayegllugem	+?

apellgha	+?

------------------------


------------------------
Neqniilleq kenlengisaghtuq avangisaghtuq.

neqniilleq	+?

kenlengisaghtuq	+?

avangisaghtuq	+?

------------------------
Iwerngaqun unaksulleghmegestun uglaghqakaan unakegkayuguyaghaat.

iwerngaqun	+?

unaksulleghmegestun	+?

uglaghqakaan	+?

unakegkayuguyaghaat	+?

------------------------
Tawaten uglaghqakaan unakelleghqameng kenlengisaghtuq.

tawaten	tawaten

uglaghqakaan	+?

unakelleghqameng	+?

kenlengisaghtuq	+?

------------------------


------------------------
Upenghami tawaten angyaghtuneghmeggni naamakaghhniiqelghiit, pingayuneng inglulek ayveghaneghmeggni naamakaghtemmeng atilqeftuq.

upenghami	+?

tawaten	tawaten

angyaghtuneghmeggni	angyagh-tugh[to.eat.N][to.use.N][N→V]-@₁–negh[the.act.or.activity.of.V-ing][V→N][N][Loc][4PlPoss][SgPosd]
angyaghtuneghmeggni	angyagh-tugh[to.eat.N][to.use.N][N→V]-@₁–negh[the.act.or.activity.of.V-ing][V→N][N][Loc][4PlPoss][PlPosd]

naamakaghhniiqelghiit	+?

pingayuneng	+?

inglulek	+?

ayveghaneghmeggni	+?

naamakaghtemmeng	+?

atilqeftuq	+?

------------------------
Ayveghallghem uglaghtalanga eight, naamakaghtengnguftuq atillgha.

ayveghallghem	+?

uglaghtalanga	+?

eight	+?

naamakaghtengnguftuq	+?

atillgha	+?

------------------------


------------------------
Yupiineghllawaaqsalghiit.

yupiineghllawaaqsalghiit	+?

------------------------
Ilangi aamta whaten yupagitaqluteng ayuqsalghiit.

ilangi	ila[N][Abs][3SgPoss][PlPosd]

aamta	aaw[N][Rel][1PlPoss][SgPosd]
aamta	aaw[N][Rel][1PlPoss][PlPosd]

whaten	+?

yupagitaqluteng	+?

ayuqsalghiit	+?

------------------------
Enkaam natetkanighmi angyiigataqluteng, yupagilnguut.

enkaam	enkaam

natetkanighmi	+?

angyiigataqluteng	angyagh-@₁~:(ng₂)igate[to.never.V][to.not.be.V-ing][V→V]-~(g₁)aqe[to.be.V.ing][to.regularly.or.repeatedly.V][V→V]-te[to.act.on.so.as.to.cause.to.V][V→V]-te[to.act.on.so.as.to.cause.to.V][V→V]-te[to.act.on.so.as.to.cause.to.V][V→V][V][Sbrd][3Pl]
angyiigataqluteng	angyagh-@₁~:(ng₂)igate[to.never.V][to.not.be.V-ing][V→V]-~(g₁)aqe[to.be.V.ing][to.regularly.or.repeatedly.V][V→V]-te[to.act.on.so.as.to.cause.to.V][V→V]-te[to.act.on.so.as.to.cause.to.V][V→V][V][Sbrd][3Pl]
angyiigataqluteng	angyagh-@₁~:(ng₂)igate[to.never.V][to.not.be.V-ing][V→V]-~(g₁)aqe[to.be.V.ing][to.regularly.or.repeatedly.V][V→V]-te[to.act.on.so.as.to.cause.to.V][V→V][V][Sbrd][3Pl]
angyiigataqluteng	angyagh-@₁~:(ng₂)igate[to.never.V][to.not.be.V-ing][V→V]-~(g₁)aqe[to.be.V.ing][to.regularly.or.repeatedly.V][V→V][V][Sbrd][3Pl]

yupagilnguut	+?

------------------------
Tamaakut yupiinghet alngunak angyalleghmegestun angyaqayuguyaghtut.

tamaakut	+?

yupiinghet	+?

alngunak	+?

angyalleghmegestun	+?

angyaqayuguyaghtut	angyagh-~–kayugu[to.be.able.to.V][V→V]-@₁~fyagh[to.go.V-ing][to.V.in.vain][V→V][V][Ind][3Pl]
angyaqayuguyaghtut	angyagh-~–kayugu[to.be.able.to.V][V→V]-@₁~fyagh[to.go.V-ing][to.V.in.vain][V→V]-te[to.act.on.so.as.to.cause.to.V][V→V][V][Ind][3Pl]
angyaqayuguyaghtut	angyagh-~–kayugu[to.be.able.to.V][V→V]-~:(u)te[to.V.for.or.with][to.cause.to.V.as.one.is.V-ing][to.V.toward.each.other][V→V]-@₁~fyagh[to.go.V-ing][to.V.in.vain][V→V][V][Ind][3Pl]
angyaqayuguyaghtut	angyagh-~–kayugu[to.be.able.to.V][V→V]-~:(u)te[to.V.for.or.with][to.cause.to.V.as.one.is.V-ing][to.V.toward.each.other][V→V]-@₁~fyagh[to.go.V-ing][to.V.in.vain][V→V]-te[to.act.on.so.as.to.cause.to.V][V→V][V][Ind][3Pl]
angyaqayuguyaghtut	angyagh-~–kayugu[to.be.able.to.V][V→V]-~:(u)te[SBJ.V-ed.something][V→V]-@₁~fyagh[to.go.V-ing][to.V.in.vain][V→V][V][Ind][3Pl]
angyaqayuguyaghtut	angyagh-~–kayugu[to.be.able.to.V][V→V]-~:(u)te[SBJ.V-ed.something][V→V]-@₁~fyagh[to.go.V-ing][to.V.in.vain][V→V]-te[to.act.on.so.as.to.cause.to.V][V→V][V][Ind][3Pl]

------------------------


------------------------
Twelve-nguyaghpetut angyam uglaghtalanga neghighluku.

twelvenguyaghpetut	+?

angyam	angyagh[N][Rel][Unpd][Sg]

uglaghtalanga	+?

neghighluku	+?

------------------------
Saavlankutgun angyaghyuwhaaghtunga.

saavlankutgun	+?

angyaghyuwhaaghtunga	+?

------------------------
Taagken Angqatenganwatkun angyaghnalunga piyagh lunga, kayutngunaanghinnilunga ighsakaanga.

taagken	taagken

angqatenganwatkun	+?

angyaghnalunga	angyagh-@₁~fna[in.order.to.V][intending.to.V][V→V]-~:(u)te[to.V.for.or.with][to.cause.to.V.as.one.is.V-ing][to.V.toward.each.other][V→V][V][Sbrd][1Sg]
angyaghnalunga	angyagh-@₁~fna[in.order.to.V][intending.to.V][V→V]-~:(u)te[SBJ.V-ed.something][V→V][V][Sbrd][1Sg]
angyaghnalunga	angyagh-@₁~fna[in.order.to.V][intending.to.V][V→V][V][Sbrd][1Sg]

piyagh	+?

lunga	+?

kayutngunaanghinnilunga	+?

ighsakaanga	+?

------------------------
Elngaatall suwaghqwaalunga nutem anglikuma ellngitgun angyaghyaghqaagpenanga.

elngaatall	elngaatall

suwaghqwaalunga	+?

nutem	+?

anglikuma	+?

ellngitgun	ellngitgun

angyaghyaghqaagpenanga	angyagh-@₁~fyagh[to.go.V-ing][to.V.in.vain][V→V]-@₂~fkau[to.have.V-ed][to.have.been.V-ed][V→V]-@₁–nghite**[to.not.V][V→V][V][Sbrd][1Sg]

------------------------


------------------------
Anglimaghma tawaten yungllaghyaghaanga, taana puygunghilkegka ighsakelqa.

anglimaghma	+?

tawaten	tawaten

yungllaghyaghaanga	+?

taana	taana

puygunghilkegka	puygu-@₁–nghite**[to.not.V][V→V]-@*@₂~sf–(g₂)k(a)e[the.one.that.possessor.V-ed][V→N][N][Abs][1SgPoss][DuPosd]
puygunghilkegka	puygu-@₁–nghite**[to.not.V][V→V][V][Ptcp][1Sg][3Du]
puygunghilkegka	puygu-@₁–nghite**[to.not.V][V→V][V][Ptcp][1Sg][3Sg]

ighsakelqa	+?

------------------------
Kayutngunaanghilqa, piyunghitunga.

kayutngunaanghilqa	+?

piyunghitunga	pi-@₁~fyug[to.want.to.V][V→V]-@₁–nghite**[to.not.V][V→V][V][Ind][1Sg]
piyunghitunga	pi-~:(u)te[to.V.for.or.with][to.cause.to.V.as.one.is.V-ing][to.V.toward.each.other][V→V]-@₁~fyug[to.want.to.V][V→V]-@₁–nghite**[to.not.V][V→V][V][Ind][1Sg]
piyunghitunga	pi-~:(u)te[SBJ.V-ed.something][V→V]-@₁~fyug[to.want.to.V][V→V]-@₁–nghite**[to.not.V][V→V][V][Ind][1Sg]
piyunghitunga	piyug-@₁–nghite**[to.not.V][V→V][V][Ind][1Sg]

------------------------


------------------------
Uwaliit, Saavlankut, Aghillugenkut, Quwaarenkut, Nemaayaankut, Temkeruunkut, Ifkaghutenkut, Eghqaaghaankut, Ungalaankut, Sulugenkut, Nguungayankut, Akulkinkut, angyaqayuguyaghpetut angyaghwaaghqun lliighumaghmeng.

uwaliit	+?

saavlankut	+?

aghillugenkut	+?

quwaarenkut	+?

nemaayaankut	+?

temkeruunkut	+?

ifkaghutenkut	+?

eghqaaghaankut	+?

ungalaankut	+?

sulugenkut	+?

nguungayankut	+?

akulkinkut	+?

angyaqayuguyaghpetut	angyagh-~–kayugu[to.be.able.to.V][V→V]-@₁~fyagh[to.go.V-ing][to.V.in.vain][V→V]-(pete)fte[to.evidently.V][to.have.V-ed][V→V][V][Ind][3Pl]
angyaqayuguyaghpetut	angyagh-~–kayugu[to.be.able.to.V][V→V]-~:(u)te[to.V.for.or.with][to.cause.to.V.as.one.is.V-ing][to.V.toward.each.other][V→V]-@₁~fyagh[to.go.V-ing][to.V.in.vain][V→V]-(pete)fte[to.evidently.V][to.have.V-ed][V→V][V][Ind][3Pl]
angyaqayuguyaghpetut	angyagh-~–kayugu[to.be.able.to.V][V→V]-~:(u)te[SBJ.V-ed.something][V→V]-@₁~fyagh[to.go.V-ing][to.V.in.vain][V→V]-(pete)fte[to.evidently.V][to.have.V-ed][V→V][V][Ind][3Pl]

angyaghwaaghqun	+?

lliighumaghmeng	lliigh[Imprs_Agnt]-@₁~:(i/u)magh*[while.V-ing][V→V][Quant_Qual][4Pl]

------------------------


------------------------
Taakut kiyang Quwaarenkut upenghaatanga tamaghhaan aghvengegkayuguftut.

taakut	taake[V][Ind][3Pl]

kiyang	+?

quwaarenkut	+?

upenghaatanga	+?

tamaghhaan	tamaghhagh*[Quant_Qual][3Sg]

aghvengegkayuguftut	+?

------------------------
Aghvengestenguftut taakut, aghvengyuqat.

aghvengestenguftut	+?

taakut	taake[V][Ind][3Pl]

aghvengyuqat	+?

------------------------
Pusaa sivuyagtekluku Quwaaren atakegkanga.

pusaa	+?

sivuyagtekluku	+?

quwaaren	+?

atakegkanga	ata-~–ke[to.have.as.one's.N(s)][N→V]-@*@₂~sf–(g₂)k(a)e[the.one.that.possessor.V-ed][V→N][N][Abs][3SgPoss][SgPosd]

------------------------
Pusaankut, Ataayaghhaankut, Aghnilunkut, Kunukankut, Tatuwinkut, taakunguftut avaqutii Quwaarim.

pusaankut	+?

ataayaghhaankut	+?

aghnilunkut	+?

kunukankut	+?

tatuwinkut	+?

taakunguftut	+?

avaqutii	avaqutagh-~:(ng₁)u[to.be.N][N→V]-~i[SBJ.V-ed.something][V→V]-~i[SBJ.V-ed.something][V→V]-~i[SBJ.V-ed.something][V→V]-~i[SBJ.V-ed.something][V→V]-~i[SBJ.V-ed.something][V→V][V][Opt][PRS][2Sg]
avaqutii	avaqutagh-~:(ng₁)u[to.be.N][N→V]-~i[SBJ.V-ed.something][V→V]-~i[SBJ.V-ed.something][V→V]-~i[SBJ.V-ed.something][V→V]-~i[SBJ.V-ed.something][V→V][V][Opt][PRS][2Sg]
avaqutii	avaqutagh-~:(ng₁)u[to.be.N][N→V]-~i[SBJ.V-ed.something][V→V]-~i[SBJ.V-ed.something][V→V]-~i[SBJ.V-ed.something][V→V][V][Opt][PRS][2Sg]
avaqutii	avaqutagh-~:(ng₁)u[to.be.N][N→V]-~i[SBJ.V-ed.something][V→V]-~i[SBJ.V-ed.something][V→V][V][Opt][PRS][2Sg]
avaqutii	avaqutagh-~:(ng₁)u[to.be.N][N→V]-~i[SBJ.V-ed.something][V→V][V][Opt][PRS][2Sg]
avaqutii	avaqutagh[N][Abs][3SgPoss][PlPosd]

quwaarim	+?

------------------------


------------------------
Elngaatall aghtiilnguut yuggaat quunpeng.

elngaatall	elngaatall

aghtiilnguut	+?

yuggaat	+?

quunpeng	quunpeng

------------------------
Angyaghwaaghqun lliighumaghmeng, amsanaghllugmi whaten taglaghtuunneghmeggni, quunpeng sivuliimanginaghaqelghiit yaavuqumeng.

angyaghwaaghqun	+?

lliighumaghmeng	lliigh[Imprs_Agnt]-@₁~:(i/u)magh*[while.V-ing][V→V][Quant_Qual][4Pl]

amsanaghllugmi	+?

whaten	+?

taglaghtuunneghmeggni	+?

quunpeng	quunpeng

sivuliimanginaghaqelghiit	+?

yaavuqumeng	+?

------------------------
Entaqun yaavuqumeng neghaalipagigalnguut.

entaqun	entaqun

yaavuqumeng	+?

neghaalipagigalnguut	+?

------------------------
Angyaatlu enraq sukasimaghmi ayuqelghii entaqun.

angyaatlu	angyagh[N][Abs][3PlPoss][SgPosd]-llu[Encl]

enraq	+?

sukasimaghmi	+?

ayuqelghii	+?

entaqun	entaqun

------------------------
Pakregrakegtaghhaq angyaghhaat angyaghwaaq.

pakregrakegtaghhaq	+?

angyaghhaat	angyagh-–ghhagh*[dear.N][N→N][N][Abs][Unpd][Pl]
angyaghhaat	angyagh-–ghhagh*[dear.N][N→N][N][Abs][3PlPoss][SgPosd]
angyaghhaat	angyagh-–ghhagh*[dear.N][N→N][N][Rel][Unpd][Pl]
angyaghhaat	angyagh[V][Opt][FUT][3Pl]

angyaghwaaq	+?

------------------------


------------------------
Sivukluku nanevgaghtaqa piyaanghani maligtaqegkegka.

sivukluku	+?

nanevgaghtaqa	+?

piyaanghani	+?

maligtaqegkegka	maligte-~(g₁)aqe[to.be.V.ing][to.regularly.or.repeatedly.V][V→V]-@*@₂~sf–(g₂)k(a)e[the.one.that.possessor.V-ed][V→N][N][Abs][1SgPoss][DuPosd]
maligtaqegkegka	maligte-~(g₁)aqe[to.be.V.ing][to.regularly.or.repeatedly.V][V→V][V][Ptcp][1Sg][3Du]
maligtaqegkegka	maligte-~(g₁)aqe[to.be.V.ing][to.regularly.or.repeatedly.V][V→V][V][Ptcp][1Sg][3Sg]

------------------------
Taagken maavek lliighumaamta aviighusimaan umyugamneng lliightunga.

taagken	taagken

maavek	maavek

lliighumaamta	lliigh[Imprs_Agnt]-@₁~:(i/u)magh*[while.V-ing][V→V][Quant_Qual][1Pl]

aviighusimaan	+?

umyugamneng	+?

lliightunga	+?

------------------------
Kiyang umyugamneng piyaagaqlunga lliightunga, aviighusimaan nanevgaghtaghhaqa taana.

kiyang	+?

umyugamneng	+?

piyaagaqlunga	piyaa-~(g₁)aqe[to.be.V.ing][to.regularly.or.repeatedly.V][V→V]-te[to.act.on.so.as.to.cause.to.V][V→V]-te[to.act.on.so.as.to.cause.to.V][V→V][V][Sbrd][1Sg]
piyaagaqlunga	piyaa-~(g₁)aqe[to.be.V.ing][to.regularly.or.repeatedly.V][V→V]-te[to.act.on.so.as.to.cause.to.V][V→V][V][Sbrd][1Sg]
piyaagaqlunga	piyaa-~(g₁)aqe[to.be.V.ing][to.regularly.or.repeatedly.V][V→V][V][Sbrd][1Sg]

lliightunga	+?

aviighusimaan	+?

nanevgaghtaghhaqa	+?

taana	taana

------------------------


------------------------
Ayveghhniiq sufluganeng whangamni talwa teghignaghtuq.

ayveghhniiq	ayvegh-te[to.catch.N][to.go.to.N][N→V]-@₁~fna[in.order.to.V][intending.to.V][V→V]-~i[SBJ.V-ed.something][V→V]-~i[SBJ.V-ed.something][V→V]-~i[SBJ.V-ed.something][V→V]-~i[SBJ.V-ed.something][V→V]-~faagh[one.who.keeps.on.V-ing][AUG]
ayveghhniiq	ayvegh-te[to.catch.N][to.go.to.N][N→V]-@₁~fna[in.order.to.V][intending.to.V][V→V]-~i[SBJ.V-ed.something][V→V]-~i[SBJ.V-ed.something][V→V]-~i[SBJ.V-ed.something][V→V]-~faagh[one.who.keeps.on.V-ing][AUG]
ayveghhniiq	ayvegh-te[to.catch.N][to.go.to.N][N→V]-@₁~fna[in.order.to.V][intending.to.V][V→V]-~i[SBJ.V-ed.something][V→V]-~i[SBJ.V-ed.something][V→V]-~faagh[one.who.keeps.on.V-ing][AUG]
ayveghhniiq	ayvegh-te[to.catch.N][to.go.to.N][N→V]-@₁~fna[in.order.to.V][intending.to.V][V→V]-~i[SBJ.V-ed.something][V→V]-~faagh[one.who.keeps.on.V-ing][AUG]
ayveghhniiq	ayvegh-te[to.catch.N][to.go.to.N][N→V]-@₁~fni[to.say.that.one.is.V-ing][Cmpd_Vbl]-~i[SBJ.V-ed.something][V→V]-~i[SBJ.V-ed.something][V→V]-~i[SBJ.V-ed.something][V→V]-~i[SBJ.V-ed.something][V→V]-~faagh[one.who.keeps.on.V-ing][AUG]
ayveghhniiq	ayvegh-te[to.catch.N][to.go.to.N][N→V]-@₁~fni[to.say.that.one.is.V-ing][Cmpd_Vbl]-~i[SBJ.V-ed.something][V→V]-~i[SBJ.V-ed.something][V→V]-~i[SBJ.V-ed.something][V→V]-~faagh[one.who.keeps.on.V-ing][AUG]
ayveghhniiq	ayvegh-te[to.catch.N][to.go.to.N][N→V]-@₁~fni[to.say.that.one.is.V-ing][Cmpd_Vbl]-~i[SBJ.V-ed.something][V→V]-~i[SBJ.V-ed.something][V→V]-~faagh[one.who.keeps.on.V-ing][AUG]
ayveghhniiq	ayvegh-te[to.catch.N][to.go.to.N][N→V]-@₁~fni[to.say.that.one.is.V-ing][Cmpd_Vbl]-~i[SBJ.V-ed.something][V→V]-~faagh[one.who.keeps.on.V-ing][AUG]
ayveghhniiq	ayvegh-te[to.catch.N][to.go.to.N][N→V]-@₁~fni[to.say.that.one.is.V-ing][Cmpd_Vbl]-~faagh[one.who.keeps.on.V-ing][AUG]
ayveghhniiq	ayvegh-te[to.catch.N][to.go.to.N][N→V]-@₁~fni[to.say.that.one.is.V-ing][Cmpd_Vbl][V][Ind][3Sg]

sufluganeng	suflugagh[N][Abl_Mod][Unpd][Pl]

whangamni	+?

talwa	+?

teghignaghtuq	+?

------------------------
Teng'ghunaghtuq ayveghmeng naghulleneq, sugupineq.

tengghunaghtuq	+?

ayveghmeng	ayvegh[N][Rel][4DuPoss][SgPosd]
ayveghmeng	ayvegh[N][Rel][4DuPoss][PlPosd]
ayveghmeng	ayvegh[N][Rel][4PlPoss][SgPosd]
ayveghmeng	ayvegh[N][Rel][4PlPoss][PlPosd]
ayveghmeng	ayvegh[N][Abl_Mod][Unpd][Sg]

naghulleneq	+?

sugupineq	+?

------------------------
Suflugameng talwa teghignaghtuq.

suflugameng	suflugagh[N][Rel][4DuPoss][SgPosd]
suflugameng	suflugagh[N][Rel][4DuPoss][PlPosd]
suflugameng	suflugagh[N][Rel][4PlPoss][SgPosd]
suflugameng	suflugagh[N][Rel][4PlPoss][PlPosd]
suflugameng	suflugagh[N][Abl_Mod][Unpd][Sg]

talwa	+?

teghignaghtuq	+?

------------------------


------------------------
Yakughniituq, uyiighat kangii taakut sakun vuusleghqun ayugilngughqun agaghlluki, qaamqaghulluki.

yakughniituq	+?

uyiighat	+?

kangii	+?

taakut	taake[V][Ind][3Pl]

sakun	sa-~–ke[to.have.as.one's.N(s)][N→V]-~:(u)te[condition.with.respect.to.V-ing][V→N][N][Abs][Unpd][Sg]
sakun	sa[N][Via][Unpd][Sg]

vuusleghqun	+?

ayugilngughqun	+?

agaghlluki	+?

qaamqaghulluki	+?

------------------------
Sugupiluki piiqegkeput whaten pugleghanilluki piiqegkeput.

sugupiluki	+?

piiqegkeput	pi-~(g₁)aqe[to.be.V.ing][to.regularly.or.repeatedly.V][V→V]-@*@₂~sf–(g₂)k(a)e[the.one.that.possessor.V-ed][V→N][N][Abs][1PlPoss][PlPosd]

whaten	+?

pugleghanilluki	+?

piiqegkeput	pi-~(g₁)aqe[to.be.V.ing][to.regularly.or.repeatedly.V][V→V]-@*@₂~sf–(g₂)k(a)e[the.one.that.possessor.V-ed][V→N][N][Abs][1PlPoss][PlPosd]

------------------------
Atghaghnaqneghmeggni uygulluteng aneghsaqwaaqelghiit sugupateng qerngughsuggaaqanghaki tawaten wetku sugupiiqegkenka.

atghaghnaqneghmeggni	+?

uygulluteng	+?

aneghsaqwaaqelghiit	+?

sugupateng	+?

qerngughsuggaaqanghaki	+?

tawaten	tawaten

wetku	+?

sugupiiqegkenka	+?

------------------------


------------------------
Aamtaam asitnginaaqanimeng pilghiini neghqughnalghii.

aamtaam	+?

asitnginaaqanimeng	+?

pilghiini	pi-@₁–lghii[the.one.that.V-ed][the.one.that.is.V][V→N][N][Abs][4SgPoss][SgPosd]
pilghiini	pi-@₁–lghii[the.one.that.V-ed][the.one.that.is.V][V→N][N][Abs][4SgPoss][PlPosd]
pilghiini	pi-@₁–lghii[the.one.that.V-ed][the.one.that.is.V][V→N][N][Loc][Unpd][Pl]
pilghiini	pi-–lghiini[when.one.is.V-ing][among.those.V-ing]

neghqughnalghii	negh-te[to.act.on.so.as.to.cause.to.V][V→V]-@₁qugh[to.V.completely]-@₁~fna[in.order.to.V][intending.to.V][V→V]-@₁–lghii[the.one.that.V-ed][the.one.that.is.V][V→N][N][Abs][Unpd][Sg]
neghqughnalghii	negh-te[to.act.on.so.as.to.cause.to.V][V→V]-@₁qugh[to.V.completely]-@₁~fna[in.order.to.V][intending.to.V][V→V][V][Ptcp][3Sg]
neghqughnalghii	negh-@₁qugh[to.V.completely]-@₁~fna[in.order.to.V][intending.to.V][V→V]-@₁–lghii[the.one.that.V-ed][the.one.that.is.V][V→N][N][Abs][Unpd][Sg]
neghqughnalghii	negh-@₁qugh[to.V.completely]-@₁~fna[in.order.to.V][intending.to.V][V→V][V][Ptcp][3Sg]

------------------------
Uunghatlu, naghulkiinaghluku peglleghhiini uunghiighunnalghii.

uunghatlu	+?

naghulkiinaghluku	+?

peglleghhiini	+?

uunghiighunnalghii	+?

------------------------
Tuugkamelluki tawani atghaatkayugi.

tuugkamelluki	+?

tawani	tawani

atghaatkayugi	+?

------------------------
Naghullegluki tawaten naqamalla, qesulghiini, pingigalkangi nengtelghiini.

naghullegluki	+?

tawaten	tawaten

naqamalla	+?

qesulghiini	+?

pingigalkangi	+?

nengtelghiini	+?

------------------------
Uyiighet nenglleghhiini uunghakun petullghi.

uyiighet	+?

nenglleghhiini	+?

uunghakun	+?

petullghi	+?

------------------------
Naghighaghtaqelghiit, iikaqelghiit.

naghighaghtaqelghiit	+?

iikaqelghiit	+?

------------------------


------------------------
Nengtaghluteng tawaten nasiqulluki sullevulluki, siingenllu takulaghaataqegkangit ayveghalghiit tawaten, sayugluki taawa tuqutaqegkangit.

nengtaghluteng	+?

tawaten	tawaten

nasiqulluki	+?

sullevulluki	+?

siingenllu	+?

takulaghaataqegkangit	+?

ayveghalghiit	+?

tawaten	tawaten

sayugluki	sa-@₁~fyug[to.want.to.V][V→V][V][Sbrd][1Du][3Pl]
sayugluki	sa-@₁~fyug[to.want.to.V][V→V][V][Sbrd][1Pl][3Pl]
sayugluki	sa-@₁~fyug[to.want.to.V][V→V][V][Sbrd][1Sg][3Pl]
sayugluki	sa-@₁~fyug[to.want.to.V][V→V][V][Sbrd][2Du][3Pl]
sayugluki	sa-@₁~fyug[to.want.to.V][V→V][V][Sbrd][2Pl][3Pl]
sayugluki	sa-@₁~fyug[to.want.to.V][V→V][V][Sbrd][2Sg][3Pl]
sayugluki	sa-@₁~fyug[to.want.to.V][V→V][V][Sbrd][3Du][3Pl]
sayugluki	sa-@₁~fyug[to.want.to.V][V→V][V][Sbrd][3Pl][3Pl]
sayugluki	sa-@₁~fyug[to.want.to.V][V→V][V][Sbrd][3Sg][3Pl]
sayugluki	sa-~:(u)te[to.V.for.or.with][to.cause.to.V.as.one.is.V-ing][to.V.toward.each.other][V→V]-@₁~fyug[to.want.to.V][V→V][V][Sbrd][1Du][3Pl]
sayugluki	sa-~:(u)te[to.V.for.or.with][to.cause.to.V.as.one.is.V-ing][to.V.toward.each.other][V→V]-@₁~fyug[to.want.to.V][V→V][V][Sbrd][1Pl][3Pl]
sayugluki	sa-~:(u)te[to.V.for.or.with][to.cause.to.V.as.one.is.V-ing][to.V.toward.each.other][V→V]-@₁~fyug[to.want.to.V][V→V][V][Sbrd][1Sg][3Pl]
sayugluki	sa-~:(u)te[to.V.for.or.with][to.cause.to.V.as.one.is.V-ing][to.V.toward.each.other][V→V]-@₁~fyug[to.want.to.V][V→V][V][Sbrd][2Du][3Pl]
sayugluki	sa-~:(u)te[to.V.for.or.with][to.cause.to.V.as.one.is.V-ing][to.V.toward.each.other][V→V]-@₁~fyug[to.want.to.V][V→V][V][Sbrd][2Pl][3Pl]
sayugluki	sa-~:(u)te[to.V.for.or.with][to.cause.to.V.as.one.is.V-ing][to.V.toward.each.other][V→V]-@₁~fyug[to.want.to.V][V→V][V][Sbrd][2Sg][3Pl]
sayugluki	sa-~:(u)te[to.V.for.or.with][to.cause.to.V.as.one.is.V-ing][to.V.toward.each.other][V→V]-@₁~fyug[to.want.to.V][V→V][V][Sbrd][3Du][3Pl]
sayugluki	sa-~:(u)te[to.V.for.or.with][to.cause.to.V.as.one.is.V-ing][to.V.toward.each.other][V→V]-@₁~fyug[to.want.to.V][V→V][V][Sbrd][3Pl][3Pl]
sayugluki	sa-~:(u)te[to.V.for.or.with][to.cause.to.V.as.one.is.V-ing][to.V.toward.each.other][V→V]-@₁~fyug[to.want.to.V][V→V][V][Sbrd][3Sg][3Pl]

taawa	taawa

tuqutaqegkangit	tuqu-~:(u)te[to.V.for.or.with][to.cause.to.V.as.one.is.V-ing][to.V.toward.each.other][V→V]-~(g₁)aqe[to.be.V.ing][to.regularly.or.repeatedly.V][V→V]-@*@₂~sf–(g₂)k(a)e[the.one.that.possessor.V-ed][V→N][N][Abs][3PlPoss][PlPosd]
tuqutaqegkangit	tuqu-~:(u)te[SBJ.V-ed.something][V→V]-~(g₁)aqe[to.be.V.ing][to.regularly.or.repeatedly.V][V→V]-@*@₂~sf–(g₂)k(a)e[the.one.that.possessor.V-ed][V→N][N][Abs][3PlPoss][PlPosd]
tuqutaqegkangit	tuqute-~(g₁)aqe[to.be.V.ing][to.regularly.or.repeatedly.V][V→V]-@*@₂~sf–(g₂)k(a)e[the.one.that.possessor.V-ed][V→N][N][Abs][3PlPoss][PlPosd]
tuqutaqegkangit	tuqute-~(g₁)aqe[to.be.V.ing][to.regularly.or.repeatedly.V][V→V][V][Ptcp][3Du][3Sg]
tuqutaqegkangit	tuqute-~(g₁)aqe[to.be.V.ing][to.regularly.or.repeatedly.V][V→V][V][Ptcp][3Pl][3Pl]
tuqutaqegkangit	tuqu-te[to.act.on.so.as.to.cause.to.V][V→V]-~(g₁)aqe[to.be.V.ing][to.regularly.or.repeatedly.V][V→V]-@*@₂~sf–(g₂)k(a)e[the.one.that.possessor.V-ed][V→N][N][Abs][3PlPoss][PlPosd]

------------------------


------------------------
Nalluniitaqut anglumegteggun aneghhneghmeggni agepsaaghuutkayuguut.

nalluniitaqut	+?

anglumegteggun	+?

aneghhneghmeggni	+?

agepsaaghuutkayuguut	+?

------------------------
Allaaghiinaagut pugleghem nuqutulngi.

allaaghiinaagut	+?

pugleghem	+?

nuqutulngi	+?

------------------------
Aamta naafleghmelluki uka samaken mayunghata, esnevaghwaaghluta tawavek laaghhaanun naafleghmi tawani.

aamta	aaw[N][Rel][1PlPoss][SgPosd]
aamta	aaw[N][Rel][1PlPoss][PlPosd]

naafleghmelluki	+?

uka	uka

samaken	sa-@₁~:(i/u)ma[to.have.V-ed][to.have.been.V-ed][V→V]-@*@₂~sf–(g₂)k(a)e[the.one.that.possessor.V-ed][V→N][N][Abs][2SgPoss][SgPosd]
samaken	sa-@₁~:(i/u)ma[to.have.V-ed][to.have.been.V-ed][V→V][V][Ptcp][2Sg][3Sg]
samaken	samaken

mayunghata	+?

esnevaghwaaghluta	+?

tawavek	+?

laaghhaanun	+?

naafleghmi	+?

tawani	tawani

------------------------
Uka mayughaqelghiit whaten qungughqelluteng.

uka	uka

mayughaqelghiit	mayugh-~(g₁)aqe[to.be.V.ing][to.regularly.or.repeatedly.V][V→V]-@₁–lghii[the.one.that.V-ed][the.one.that.is.V][V→N][N][Abs][Unpd][Pl]
mayughaqelghiit	mayugh-~(g₁)aqe[to.be.V.ing][to.regularly.or.repeatedly.V][V→V]-@₁–lghii[the.one.that.V-ed][the.one.that.is.V][V→N][N][Rel][Unpd][Pl]
mayughaqelghiit	mayugh-~(g₁)aqe[to.be.V.ing][to.regularly.or.repeatedly.V][V→V][V][Ptcp][3Pl]

whaten	+?

qungughqelluteng	+?

------------------------
Whaa aanaqenghata kepelleghteggun taaggun naghullelghiini, taawa unaknalghii.

whaa	+?

aanaqenghata	+?

kepelleghteggun	+?

taaggun	+?

naghullelghiini	+?

taawa	taawa

unaknalghii	+?

------------------------


------------------------
