Yuuk Neqengyuqaq Ungipaghaq 

yuuk	yug[N][Abs][Sg]

neqengyuqaq	+?

ungipaghaq	ungipaghagh[N][Abs][Unpd][Sg]

------------------------
Siftuutem Apellgha 

siftuutem	+?

apellgha	+?

------------------------


------------------------
Ungipaghaninguq imanii taananguq yuuk neqengyuqaq.

ungipaghaninguq	ungipaghagh[N][Abs][4SgPoss][SgPosd]-nguq[Encl]
ungipaghaninguq	ungipaghagh[N][Abs][4SgPoss][PlPosd]-nguq[Encl]
ungipaghaninguq	ungipaghagh[N][Loc][Unpd][Pl]-nguq[Encl]

imanii	+?

taananguq	+?

yuuk	yug[N][Abs][Sg]

neqengyuqaq	+?

------------------------
Elngaatall neqengyupaarugllak urang.

elngaatall	elngaatall

neqengyupaarugllak	+?

urang	+?

------------------------


------------------------
Quunpenguq naken piyaaneng, angyaneng kaanneghmini neghsaghsighaghllagluni kaataqelghii.

quunpenguq	+?

naken	naken

piyaaneng	+?

angyaneng	angyagh[N][Abl_Mod][Unpd][Pl]

kaanneghmini	kaate-@₁–negh[the.act.or.activity.of.V-ing][V→N][N][Loc][4SgPoss][SgPosd]
kaanneghmini	kaate-@₁–negh[the.act.or.activity.of.V-ing][V→N][N][Loc][4SgPoss][PlPosd]
kaanneghmini	kaate[V][Ctmp][4Sg]

neghsaghsighaghllagluni	+?

kaataqelghii	kaate-~(g₁)aqe[to.be.V.ing][to.regularly.or.repeatedly.V][V→V]-@₁–lghii[the.one.that.V-ed][the.one.that.is.V][V→N][N][Abs][Unpd][Sg]
kaataqelghii	kaate-~(g₁)aqe[to.be.V.ing][to.regularly.or.repeatedly.V][V→V][V][Ptcp][3Sg]

------------------------
Aghnam elngaatall nulighhan nefkughllagaqegkangi ilangi neqangi.

aghnam	aghnagh[N][Rel][Unpd][Sg]

elngaatall	elngaatall

nulighhan	nulighh[N][Rel][3SgPoss][SgPosd]
nulighhan	nulighh[N][Rel][3SgPoss][PlPosd]

nefkughllagaqegkangi	+?

ilangi	ila[N][Abs][3SgPoss][PlPosd]

neqangi	negh[V][Ptcp][3Sg][3Pl]

------------------------
Amiirii nayugluki, nayugluki neqangi kanaghquutaqluki.

amiirii	+?

nayugluki	+?

nayugluki	+?

neqangi	negh[V][Ptcp][3Sg][3Pl]

kanaghquutaqluki	+?

------------------------


------------------------
Tagtalmi taagken yuuk neqennanighyalghiimi, neqmeng  kaatunnanighyalghiimi, ima neqengllaghllakaa taana nefkughllak avangiitaa neqangiituk, yuuk neqengyiighusalghiimi.

tagtalmi	+?

taagken	taagken

yuuk	yug[N][Abs][Sg]

neqennanighyalghiimi	+?

neqmeng	neqe[N][Rel][4DuPoss][SgPosd]
neqmeng	neqe[N][Rel][4DuPoss][PlPosd]
neqmeng	neqe[N][Rel][4PlPoss][SgPosd]
neqmeng	neqe[N][Rel][4PlPoss][PlPosd]
neqmeng	neqe[N][Abl_Mod][Unpd][Sg]

kaatunnanighyalghiimi	kaate-~:(u)te[to.V.for.or.with][to.cause.to.V.as.one.is.V-ing][to.V.toward.each.other][V→V]-@₁~fnanigh[to.cease.V-ing][to.stop.V-ing]-@₁~fyagh[to.go.V-ing][to.V.in.vain][V→V]-@₁–lghii[the.one.that.V-ed][the.one.that.is.V][V→N][N][Loc][Unpd][Sg]
kaatunnanighyalghiimi	kaate-~:(u)te[to.V.for.or.with][to.cause.to.V.as.one.is.V-ing][to.V.toward.each.other][V→V]-@₁~fnanigh[to.cease.V-ing][to.stop.V-ing]-@₁~fyagh[to.go.V-ing][to.V.in.vain][V→V]-@₁–lghii[the.one.that.V-ed][the.one.that.is.V][V→N][N][Rel][4SgPoss][SgPosd]
kaatunnanighyalghiimi	kaate-~:(u)te[to.V.for.or.with][to.cause.to.V.as.one.is.V-ing][to.V.toward.each.other][V→V]-@₁~fnanigh[to.cease.V-ing][to.stop.V-ing]-@₁~fyagh[to.go.V-ing][to.V.in.vain][V→V]-@₁–lghii[the.one.that.V-ed][the.one.that.is.V][V→N][N][Rel][4SgPoss][PlPosd]
kaatunnanighyalghiimi	kaate-~:(u)te[to.V.for.or.with][to.cause.to.V.as.one.is.V-ing][to.V.toward.each.other][V→V]-@₁~fnanigh[to.cease.V-ing][to.stop.V-ing][V][Ptcp_Obl][4Sg]
kaatunnanighyalghiimi	kaate-~:(u)te[to.V.for.or.with][to.cause.to.V.as.one.is.V-ing][to.V.toward.each.other][V→V]-te[to.act.on.so.as.to.cause.to.V][V→V]-@₁~fnanigh[to.cease.V-ing][to.stop.V-ing]-@₁~fyagh[to.go.V-ing][to.V.in.vain][V→V]-@₁–lghii[the.one.that.V-ed][the.one.that.is.V][V→N][N][Loc][Unpd][Sg]
kaatunnanighyalghiimi	kaate-~:(u)te[to.V.for.or.with][to.cause.to.V.as.one.is.V-ing][to.V.toward.each.other][V→V]-te[to.act.on.so.as.to.cause.to.V][V→V]-@₁~fnanigh[to.cease.V-ing][to.stop.V-ing]-@₁~fyagh[to.go.V-ing][to.V.in.vain][V→V]-@₁–lghii[the.one.that.V-ed][the.one.that.is.V][V→N][N][Rel][4SgPoss][SgPosd]
kaatunnanighyalghiimi	kaate-~:(u)te[to.V.for.or.with][to.cause.to.V.as.one.is.V-ing][to.V.toward.each.other][V→V]-te[to.act.on.so.as.to.cause.to.V][V→V]-@₁~fnanigh[to.cease.V-ing][to.stop.V-ing]-@₁~fyagh[to.go.V-ing][to.V.in.vain][V→V]-@₁–lghii[the.one.that.V-ed][the.one.that.is.V][V→N][N][Rel][4SgPoss][PlPosd]
kaatunnanighyalghiimi	kaate-~:(u)te[to.V.for.or.with][to.cause.to.V.as.one.is.V-ing][to.V.toward.each.other][V→V]-te[to.act.on.so.as.to.cause.to.V][V→V]-@₁~fnanigh[to.cease.V-ing][to.stop.V-ing][V][Ptcp_Obl][4Sg]
kaatunnanighyalghiimi	kaate-~:(u)te[condition.with.respect.to.V-ing][V→N]-te[to.catch.N][to.go.to.N][N→V]-@₁~fnanigh[to.cease.V-ing][to.stop.V-ing]-@₁~fyagh[to.go.V-ing][to.V.in.vain][V→V]-@₁–lghii[the.one.that.V-ed][the.one.that.is.V][V→N][N][Loc][Unpd][Sg]
kaatunnanighyalghiimi	kaate-~:(u)te[condition.with.respect.to.V-ing][V→N]-te[to.catch.N][to.go.to.N][N→V]-@₁~fnanigh[to.cease.V-ing][to.stop.V-ing]-@₁~fyagh[to.go.V-ing][to.V.in.vain][V→V]-@₁–lghii[the.one.that.V-ed][the.one.that.is.V][V→N][N][Rel][4SgPoss][SgPosd]
kaatunnanighyalghiimi	kaate-~:(u)te[condition.with.respect.to.V-ing][V→N]-te[to.catch.N][to.go.to.N][N→V]-@₁~fnanigh[to.cease.V-ing][to.stop.V-ing]-@₁~fyagh[to.go.V-ing][to.V.in.vain][V→V]-@₁–lghii[the.one.that.V-ed][the.one.that.is.V][V→N][N][Rel][4SgPoss][PlPosd]
kaatunnanighyalghiimi	kaate-~:(u)te[condition.with.respect.to.V-ing][V→N]-te[to.catch.N][to.go.to.N][N→V]-@₁~fnanigh[to.cease.V-ing][to.stop.V-ing][V][Ptcp_Obl][4Sg]
kaatunnanighyalghiimi	kaate-~:(u)te[SBJ.V-ed.something][V→V]-@₁~fnanigh[to.cease.V-ing][to.stop.V-ing]-@₁~fyagh[to.go.V-ing][to.V.in.vain][V→V]-@₁–lghii[the.one.that.V-ed][the.one.that.is.V][V→N][N][Loc][Unpd][Sg]
kaatunnanighyalghiimi	kaate-~:(u)te[SBJ.V-ed.something][V→V]-@₁~fnanigh[to.cease.V-ing][to.stop.V-ing]-@₁~fyagh[to.go.V-ing][to.V.in.vain][V→V]-@₁–lghii[the.one.that.V-ed][the.one.that.is.V][V→N][N][Rel][4SgPoss][SgPosd]
kaatunnanighyalghiimi	kaate-~:(u)te[SBJ.V-ed.something][V→V]-@₁~fnanigh[to.cease.V-ing][to.stop.V-ing]-@₁~fyagh[to.go.V-ing][to.V.in.vain][V→V]-@₁–lghii[the.one.that.V-ed][the.one.that.is.V][V→N][N][Rel][4SgPoss][PlPosd]
kaatunnanighyalghiimi	kaate-~:(u)te[SBJ.V-ed.something][V→V]-@₁~fnanigh[to.cease.V-ing][to.stop.V-ing][V][Ptcp_Obl][4Sg]
kaatunnanighyalghiimi	kaate-~:(u)te[SBJ.V-ed.something][V→V]-te[to.act.on.so.as.to.cause.to.V][V→V]-@₁~fnanigh[to.cease.V-ing][to.stop.V-ing]-@₁~fyagh[to.go.V-ing][to.V.in.vain][V→V]-@₁–lghii[the.one.that.V-ed][the.one.that.is.V][V→N][N][Loc][Unpd][Sg]
kaatunnanighyalghiimi	kaate-~:(u)te[SBJ.V-ed.something][V→V]-te[to.act.on.so.as.to.cause.to.V][V→V]-@₁~fnanigh[to.cease.V-ing][to.stop.V-ing]-@₁~fyagh[to.go.V-ing][to.V.in.vain][V→V]-@₁–lghii[the.one.that.V-ed][the.one.that.is.V][V→N][N][Rel][4SgPoss][SgPosd]
kaatunnanighyalghiimi	kaate-~:(u)te[SBJ.V-ed.something][V→V]-te[to.act.on.so.as.to.cause.to.V][V→V]-@₁~fnanigh[to.cease.V-ing][to.stop.V-ing]-@₁~fyagh[to.go.V-ing][to.V.in.vain][V→V]-@₁–lghii[the.one.that.V-ed][the.one.that.is.V][V→N][N][Rel][4SgPoss][PlPosd]
kaatunnanighyalghiimi	kaate-~:(u)te[SBJ.V-ed.something][V→V]-te[to.act.on.so.as.to.cause.to.V][V→V]-@₁~fnanigh[to.cease.V-ing][to.stop.V-ing][V][Ptcp_Obl][4Sg]

ima	ima

neqengllaghllakaa	+?

taana	taana

nefkughllak	+?

avangiitaa	+?

neqangiituk	+?

yuuk	yug[N][Abs][Sg]

neqengyiighusalghiimi	+?

------------------------
 

------------------------
Neqengnanighyan aghnaq sumeghtaghaghtuq, "Upuupeng nunivagseghaghhaghmeng piyaquma entaqun neghnayaghtukung ighivgaqun." 

neqengnanighyan	+?

aghnaq	aghnagh[N][Abs][Unpd][Sg]

sumeghtaghaghtuq	sumeghtaghagh[V][Ind][3Sg]
sumeghtaghaghtuq	sumeghtaghagh-te[to.act.on.so.as.to.cause.to.V][V→V][V][Ind][3Sg]

upuupeng	+?

nunivagseghaghhaghmeng	+?

piyaquma	pi-@₁~fyagh[to.go.V-ing][to.V.in.vain][V→V][V][Cond][1Sg]
piyaquma	pi-~:(u)te[to.V.for.or.with][to.cause.to.V.as.one.is.V-ing][to.V.toward.each.other][V→V]-@₁~fyagh[to.go.V-ing][to.V.in.vain][V→V][V][Cond][1Sg]
piyaquma	pi-~:(u)te[SBJ.V-ed.something][V→V]-@₁~fyagh[to.go.V-ing][to.V.in.vain][V→V][V][Cond][1Sg]

entaqun	entaqun

neghnayaghtukung	negh-@₁~fna[in.order.to.V][intending.to.V][V→V]-@₁~fyagh[to.go.V-ing][to.V.in.vain][V→V][V][Ind][1Du]
neghnayaghtukung	negh-@₁~fna[in.order.to.V][intending.to.V][V→V]-@₁~fyagh[to.go.V-ing][to.V.in.vain][V→V]-te[to.act.on.so.as.to.cause.to.V][V→V][V][Ind][1Du]
neghnayaghtukung	negh-@₁~fna[in.order.to.V][intending.to.V][V→V]-~:(u)te[to.V.for.or.with][to.cause.to.V.as.one.is.V-ing][to.V.toward.each.other][V→V]-@₁~fyagh[to.go.V-ing][to.V.in.vain][V→V][V][Ind][1Du]
neghnayaghtukung	negh-@₁~fna[in.order.to.V][intending.to.V][V→V]-~:(u)te[to.V.for.or.with][to.cause.to.V.as.one.is.V-ing][to.V.toward.each.other][V→V]-@₁~fyagh[to.go.V-ing][to.V.in.vain][V→V]-te[to.act.on.so.as.to.cause.to.V][V→V][V][Ind][1Du]
neghnayaghtukung	negh-@₁~fna[in.order.to.V][intending.to.V][V→V]-~:(u)te[SBJ.V-ed.something][V→V]-@₁~fyagh[to.go.V-ing][to.V.in.vain][V→V][V][Ind][1Du]
neghnayaghtukung	negh-@₁~fna[in.order.to.V][intending.to.V][V→V]-~:(u)te[SBJ.V-ed.something][V→V]-@₁~fyagh[to.go.V-ing][to.V.in.vain][V→V]-te[to.act.on.so.as.to.cause.to.V][V→V][V][Ind][1Du]
neghnayaghtukung	neghe-@₁~fna[in.order.to.V][intending.to.V][V→V]-@₁~fyagh[to.go.V-ing][to.V.in.vain][V→V][V][Ind][1Du]
neghnayaghtukung	neghe-@₁~fna[in.order.to.V][intending.to.V][V→V]-@₁~fyagh[to.go.V-ing][to.V.in.vain][V→V]-te[to.act.on.so.as.to.cause.to.V][V→V][V][Ind][1Du]
neghnayaghtukung	neghe-@₁~fna[in.order.to.V][intending.to.V][V→V]-~:(u)te[to.V.for.or.with][to.cause.to.V.as.one.is.V-ing][to.V.toward.each.other][V→V]-@₁~fyagh[to.go.V-ing][to.V.in.vain][V→V][V][Ind][1Du]
neghnayaghtukung	neghe-@₁~fna[in.order.to.V][intending.to.V][V→V]-~:(u)te[to.V.for.or.with][to.cause.to.V.as.one.is.V-ing][to.V.toward.each.other][V→V]-@₁~fyagh[to.go.V-ing][to.V.in.vain][V→V]-te[to.act.on.so.as.to.cause.to.V][V→V][V][Ind][1Du]
neghnayaghtukung	neghe-@₁~fna[in.order.to.V][intending.to.V][V→V]-~:(u)te[SBJ.V-ed.something][V→V]-@₁~fyagh[to.go.V-ing][to.V.in.vain][V→V][V][Ind][1Du]
neghnayaghtukung	neghe-@₁~fna[in.order.to.V][intending.to.V][V→V]-~:(u)te[SBJ.V-ed.something][V→V]-@₁~fyagh[to.go.V-ing][to.V.in.vain][V→V]-te[to.act.on.so.as.to.cause.to.V][V→V][V][Ind][1Du]

ighivgaqun	+?

------------------------


------------------------
Pennanun nunivagyaghyalghiimi, tawaten saghnamaluku, ugwinganguq uka kalefqaghteghllagluni qayaghhaa taglaghyalghiimi.

pennanun	pennagh[N][Ter][Unpd][Pl]

nunivagyaghyalghiimi	+?

tawaten	tawaten

saghnamaluku	+?

ugwinganguq	+?

uka	uka

kalefqaghteghllagluni	+?

qayaghhaa	qayagh-–ghhagh*[dear.N][N→N]-~:(ng₁)u[to.be.N][N→V][V][Opt][PRS][2Sg]
qayaghhaa	qayagh-–ghhagh*[dear.N][N→N][N][Abs][3SgPoss][SgPosd]

taglaghyalghiimi	taglagh-@₁~fyagh[to.go.V-ing][to.V.in.vain][V→V]-@₁–lghii[the.one.that.V-ed][the.one.that.is.V][V→N][N][Loc][Unpd][Sg]
taglaghyalghiimi	taglagh-@₁~fyagh[to.go.V-ing][to.V.in.vain][V→V]-@₁–lghii[the.one.that.V-ed][the.one.that.is.V][V→N][N][Rel][4SgPoss][SgPosd]
taglaghyalghiimi	taglagh-@₁~fyagh[to.go.V-ing][to.V.in.vain][V→V]-@₁–lghii[the.one.that.V-ed][the.one.that.is.V][V→N][N][Rel][4SgPoss][PlPosd]
taglaghyalghiimi	taglagh[V][Ptcp_Obl][4Sg]

------------------------


------------------------
Kii samanguq usingighyalghiimi neqeghllak ugwingan qaakumakanga.

kii	kii
kii	kii[N][Abs][Unpd][Sg]

samanguq	sa-@₁~:(i/u)ma[to.have.V-ed][to.have.been.V-ed][V→V]-@*ngugh*[the.one.that.V-ed][the.one.that.is.V][V→N][N][Abs][Unpd][Sg]
samanguq	sa[N][Rel][1SgPoss][SgPosd]-nguq[Encl]
samanguq	sa[N][Rel][1SgPoss][PlPosd]-nguq[Encl]

usingighyalghiimi	+?

neqeghllak	neqe-–ghllag[big.N][N→N][N][Abs][Unpd][Sg]

ugwingan	+?

qaakumakanga	+?

------------------------
Naken'nguq pennam saaynganeng taakwegken aghnaq aanluni kayusiilluku imanguq aga iteghaatuk pennam saaynganun, uyghagem asinganun, amiganun tawavek iteghaallutek aganguq uumgutuk.

nakennguq	+?

pennam	pennagh[N][Rel][Unpd][Sg]

saaynganeng	+?

taakwegken	+?

aghnaq	aghnagh[N][Abs][Unpd][Sg]

aanluni	aane[V][Sbrd][3Sg]

kayusiilluku	kayusiite[V][Sbrd][1Du][3Sg]
kayusiilluku	kayusiite[V][Sbrd][1Pl][3Sg]
kayusiilluku	kayusiite[V][Sbrd][1Sg][3Sg]
kayusiilluku	kayusiite[V][Sbrd][2Du][3Sg]
kayusiilluku	kayusiite[V][Sbrd][2Pl][3Sg]
kayusiilluku	kayusiite[V][Sbrd][2Sg][3Sg]
kayusiilluku	kayusiite[V][Sbrd][3Du][3Sg]
kayusiilluku	kayusiite[V][Sbrd][3Pl][3Sg]
kayusiilluku	kayusiite[V][Sbrd][3Sg][3Sg]
kayusiilluku	kayusigh-~:(u)te[to.V.for.or.with][to.cause.to.V.as.one.is.V-ing][to.V.toward.each.other][V→V]-te[to.act.on.so.as.to.cause.to.V][V→V][V][Sbrd][1Du][3Sg]
kayusiilluku	kayusigh-~:(u)te[to.V.for.or.with][to.cause.to.V.as.one.is.V-ing][to.V.toward.each.other][V→V]-te[to.act.on.so.as.to.cause.to.V][V→V][V][Sbrd][1Pl][3Sg]
kayusiilluku	kayusigh-~:(u)te[to.V.for.or.with][to.cause.to.V.as.one.is.V-ing][to.V.toward.each.other][V→V]-te[to.act.on.so.as.to.cause.to.V][V→V][V][Sbrd][1Sg][3Sg]
kayusiilluku	kayusigh-~:(u)te[to.V.for.or.with][to.cause.to.V.as.one.is.V-ing][to.V.toward.each.other][V→V]-te[to.act.on.so.as.to.cause.to.V][V→V][V][Sbrd][2Du][3Sg]
kayusiilluku	kayusigh-~:(u)te[to.V.for.or.with][to.cause.to.V.as.one.is.V-ing][to.V.toward.each.other][V→V]-te[to.act.on.so.as.to.cause.to.V][V→V][V][Sbrd][2Pl][3Sg]
kayusiilluku	kayusigh-~:(u)te[to.V.for.or.with][to.cause.to.V.as.one.is.V-ing][to.V.toward.each.other][V→V]-te[to.act.on.so.as.to.cause.to.V][V→V][V][Sbrd][2Sg][3Sg]
kayusiilluku	kayusigh-~:(u)te[to.V.for.or.with][to.cause.to.V.as.one.is.V-ing][to.V.toward.each.other][V→V]-te[to.act.on.so.as.to.cause.to.V][V→V][V][Sbrd][3Du][3Sg]
kayusiilluku	kayusigh-~:(u)te[to.V.for.or.with][to.cause.to.V.as.one.is.V-ing][to.V.toward.each.other][V→V]-te[to.act.on.so.as.to.cause.to.V][V→V][V][Sbrd][3Pl][3Sg]
kayusiilluku	kayusigh-~:(u)te[to.V.for.or.with][to.cause.to.V.as.one.is.V-ing][to.V.toward.each.other][V→V]-te[to.act.on.so.as.to.cause.to.V][V→V][V][Sbrd][3Sg][3Sg]
kayusiilluku	kayusigh-~:(u)te[to.V.for.or.with][to.cause.to.V.as.one.is.V-ing][to.V.toward.each.other][V→V][V][Sbrd][1Du][3Sg]
kayusiilluku	kayusigh-~:(u)te[to.V.for.or.with][to.cause.to.V.as.one.is.V-ing][to.V.toward.each.other][V→V][V][Sbrd][1Pl][3Sg]
kayusiilluku	kayusigh-~:(u)te[to.V.for.or.with][to.cause.to.V.as.one.is.V-ing][to.V.toward.each.other][V→V][V][Sbrd][1Sg][3Sg]
kayusiilluku	kayusigh-~:(u)te[to.V.for.or.with][to.cause.to.V.as.one.is.V-ing][to.V.toward.each.other][V→V][V][Sbrd][2Du][3Sg]
kayusiilluku	kayusigh-~:(u)te[to.V.for.or.with][to.cause.to.V.as.one.is.V-ing][to.V.toward.each.other][V→V][V][Sbrd][2Pl][3Sg]
kayusiilluku	kayusigh-~:(u)te[to.V.for.or.with][to.cause.to.V.as.one.is.V-ing][to.V.toward.each.other][V→V][V][Sbrd][2Sg][3Sg]
kayusiilluku	kayusigh-~:(u)te[to.V.for.or.with][to.cause.to.V.as.one.is.V-ing][to.V.toward.each.other][V→V][V][Sbrd][3Du][3Sg]
kayusiilluku	kayusigh-~:(u)te[to.V.for.or.with][to.cause.to.V.as.one.is.V-ing][to.V.toward.each.other][V→V][V][Sbrd][3Pl][3Sg]
kayusiilluku	kayusigh-~:(u)te[to.V.for.or.with][to.cause.to.V.as.one.is.V-ing][to.V.toward.each.other][V→V][V][Sbrd][3Sg][3Sg]

imanguq	+?

aga	aga

iteghaatuk	+?

pennam	pennagh[N][Rel][Unpd][Sg]

saaynganun	+?

uyghagem	uyghag[N][Rel][Unpd][Sg]

asinganun	+?

amiganun	amig[N][Ter][3SgPoss][SgPosd]
amiganun	amig[N][Ter][3SgPoss][PlPosd]

tawavek	+?

iteghaallutek	+?

aganguq	+?

uumgutuk	umeg-~:(u)te[to.V.for.or.with][to.cause.to.V.as.one.is.V-ing][to.V.toward.each.other][V→V][V][Ind][3Du]
uumgutuk	umeg-~:(u)te[SBJ.V-ed.something][V→V][V][Ind][3Du]

------------------------


------------------------
Aghnaq sumeghtaghaghtuq, "Ugwika taameng neqengyiighullii, aghnameng naalkusimalghii pennam saayngani whaa." Aglaamalghii nunivagtegpenani.

aghnaq	aghnagh[N][Abs][Unpd][Sg]

sumeghtaghaghtuq	sumeghtaghagh[V][Ind][3Sg]
sumeghtaghaghtuq	sumeghtaghagh-te[to.act.on.so.as.to.cause.to.V][V→V][V][Ind][3Sg]

ugwika	+?

taameng	+?

neqengyiighullii	+?

aghnameng	aghnagh[N][Rel][4DuPoss][SgPosd]
aghnameng	aghnagh[N][Rel][4DuPoss][PlPosd]
aghnameng	aghnagh[N][Rel][4PlPoss][SgPosd]
aghnameng	aghnagh[N][Rel][4PlPoss][PlPosd]
aghnameng	aghnagh[N][Abl_Mod][Unpd][Sg]

naalkusimalghii	naa-–leg[one.having.N][N→N]-~–ke[to.have.as.one's.N(s)][N→V]-~:(u)te[to.V.for.or.with][to.cause.to.V.as.one.is.V-ing][to.V.toward.each.other][V→V]-@₁~:(i/u)ma[to.have.V-ed][to.have.been.V-ed][V→V]-@₁–lghii[the.one.that.V-ed][the.one.that.is.V][V→N][N][Abs][Unpd][Sg]
naalkusimalghii	naa-–leg[one.having.N][N→N]-~–ke[to.have.as.one's.N(s)][N→V]-~:(u)te[to.V.for.or.with][to.cause.to.V.as.one.is.V-ing][to.V.toward.each.other][V→V]-@₁~:(i/u)ma[to.have.V-ed][to.have.been.V-ed][V→V][V][Ptcp][3Sg]
naalkusimalghii	naa-–leg[one.having.N][N→N]-~–ke[to.have.as.one's.N(s)][N→V]-~:(u)te[SBJ.V-ed.something][V→V]-@₁~:(i/u)ma[to.have.V-ed][to.have.been.V-ed][V→V]-@₁–lghii[the.one.that.V-ed][the.one.that.is.V][V→N][N][Abs][Unpd][Sg]
naalkusimalghii	naa-–leg[one.having.N][N→N]-~–ke[to.have.as.one's.N(s)][N→V]-~:(u)te[SBJ.V-ed.something][V→V]-@₁~:(i/u)ma[to.have.V-ed][to.have.been.V-ed][V→V][V][Ptcp][3Sg]
naalkusimalghii	naalke-~:(u)te[to.V.for.or.with][to.cause.to.V.as.one.is.V-ing][to.V.toward.each.other][V→V]-@₁~:(i/u)ma[to.have.V-ed][to.have.been.V-ed][V→V]-@₁–lghii[the.one.that.V-ed][the.one.that.is.V][V→N][N][Abs][Unpd][Sg]
naalkusimalghii	naalke-~:(u)te[SBJ.V-ed.something][V→V]-@₁~:(i/u)ma[to.have.V-ed][to.have.been.V-ed][V→V]-@₁–lghii[the.one.that.V-ed][the.one.that.is.V][V→N][N][Abs][Unpd][Sg]
naalkusimalghii	naalke-~:(u)te[SBJ.V-ed.something][V→V]-@₁~:(i/u)ma[to.have.V-ed][to.have.been.V-ed][V→V][V][Ptcp][3Sg]

pennam	pennagh[N][Rel][Unpd][Sg]

saayngani	+?

whaa	+?

aglaamalghii	aglagh-@₁~:(i/u)ma[to.have.V-ed][to.have.been.V-ed][V→V]-@₁–lghii[the.one.that.V-ed][the.one.that.is.V][V→N][N][Abs][Unpd][Sg]
aglaamalghii	aglagh-@₁~:(i/u)ma[to.have.V-ed][to.have.been.V-ed][V→V][V][Ptcp][3Sg]

nunivagtegpenani	nunivag-te[to.catch.N][to.go.to.N][N→V]-@₁–nghite**[to.not.V][V→V][V][Sbrd][3Sg]

------------------------


------------------------
Kaasan ugwini pemakanga, "Sangavek neqengyiighusin?" 

kaasan	kaate[V][CnsqI][3Sg]

ugwini	+?

pemakanga	+?

sangavek	sa[V][CnsqI][2Sg]

neqengyiighusin	+?

------------------------


------------------------
"Esgha sangama neqengyiighuskanganga." 

esgha	+?

sangama	sa[V][CnsqI][1Sg]
sangama	sangagh[N][Rel][1SgPoss][SgPosd]
sangama	sangagh[N][Rel][1SgPoss][PlPosd]

neqengyiighuskanganga	+?

------------------------


------------------------
Taagken aghnaq quunpeng aghhutanga tamaghhaan pennam saaynganun pighllagughtuq.

taagken	taagken

aghnaq	aghnagh[N][Abs][Unpd][Sg]

quunpeng	quunpeng

aghhutanga	+?

tamaghhaan	tamaghhagh*[Quant_Qual][3Sg]

pennam	pennagh[N][Rel][Unpd][Sg]

saaynganun	+?

pighllagughtuq	+?

------------------------
Ugwini aghulaqenghani ellngallu aghulaqaqlluni.

ugwini	+?

aghulaqenghani	+?

ellngallu	+?

aghulaqaqlluni	+?

------------------------


------------------------
Allamenguq piyalghiimi ataasimeng aghneghmi, aghnaghnguq taawa pennam saayngani aqumgaaqeftuq, iwhani pellugtughaqeftuq elngaatall aliineghllugllagmi.

allamenguq	+?

piyalghiimi	pi-@₁~fyagh[to.go.V-ing][to.V.in.vain][V→V]-@₁–lghii[the.one.that.V-ed][the.one.that.is.V][V→N][N][Loc][Unpd][Sg]
piyalghiimi	pi-@₁~fyagh[to.go.V-ing][to.V.in.vain][V→V]-@₁–lghii[the.one.that.V-ed][the.one.that.is.V][V→N][N][Rel][4SgPoss][SgPosd]
piyalghiimi	pi-@₁~fyagh[to.go.V-ing][to.V.in.vain][V→V]-@₁–lghii[the.one.that.V-ed][the.one.that.is.V][V→N][N][Rel][4SgPoss][PlPosd]
piyalghiimi	pi-~:(u)te[to.V.for.or.with][to.cause.to.V.as.one.is.V-ing][to.V.toward.each.other][V→V]-@₁~fyagh[to.go.V-ing][to.V.in.vain][V→V]-@₁–lghii[the.one.that.V-ed][the.one.that.is.V][V→N][N][Loc][Unpd][Sg]
piyalghiimi	pi-~:(u)te[to.V.for.or.with][to.cause.to.V.as.one.is.V-ing][to.V.toward.each.other][V→V]-@₁~fyagh[to.go.V-ing][to.V.in.vain][V→V]-@₁–lghii[the.one.that.V-ed][the.one.that.is.V][V→N][N][Rel][4SgPoss][SgPosd]
piyalghiimi	pi-~:(u)te[to.V.for.or.with][to.cause.to.V.as.one.is.V-ing][to.V.toward.each.other][V→V]-@₁~fyagh[to.go.V-ing][to.V.in.vain][V→V]-@₁–lghii[the.one.that.V-ed][the.one.that.is.V][V→N][N][Rel][4SgPoss][PlPosd]
piyalghiimi	pi-~:(u)te[to.V.for.or.with][to.cause.to.V.as.one.is.V-ing][to.V.toward.each.other][V→V][V][Ptcp_Obl][4Sg]
piyalghiimi	pi-~:(u)te[SBJ.V-ed.something][V→V]-@₁~fyagh[to.go.V-ing][to.V.in.vain][V→V]-@₁–lghii[the.one.that.V-ed][the.one.that.is.V][V→N][N][Loc][Unpd][Sg]
piyalghiimi	pi-~:(u)te[SBJ.V-ed.something][V→V]-@₁~fyagh[to.go.V-ing][to.V.in.vain][V→V]-@₁–lghii[the.one.that.V-ed][the.one.that.is.V][V→N][N][Rel][4SgPoss][SgPosd]
piyalghiimi	pi-~:(u)te[SBJ.V-ed.something][V→V]-@₁~fyagh[to.go.V-ing][to.V.in.vain][V→V]-@₁–lghii[the.one.that.V-ed][the.one.that.is.V][V→N][N][Rel][4SgPoss][PlPosd]
piyalghiimi	pi-~:(u)te[SBJ.V-ed.something][V→V][V][Ptcp_Obl][4Sg]
piyalghiimi	pi[V][Ptcp_Obl][4Sg]

ataasimeng	+?

aghneghmi	aghnegh[N][Loc][Unpd][Sg]
aghneghmi	aghnegh[N][Rel][4SgPoss][SgPosd]
aghneghmi	aghnegh[N][Rel][4SgPoss][PlPosd]

aghnaghnguq	+?

taawa	taawa

pennam	pennagh[N][Rel][Unpd][Sg]

saayngani	+?

aqumgaaqeftuq	aqumga-~(g₁)aqe[to.be.V.ing][to.regularly.or.repeatedly.V][V→V]-(pete)fte[to.evidently.V][to.have.V-ed][V→V][V][Ind][3Sg]

iwhani	+?

pellugtughaqeftuq	+?

elngaatall	elngaatall

aliineghllugllagmi	+?

------------------------
Takumakanga aghnam taam.

takumakanga	taku-@₁~:(i/u)ma[to.have.V-ed][to.have.been.V-ed][V→V]-@*@₂~sf–(g₂)k(a)e[the.one.that.possessor.V-ed][V→N][N][Abs][3SgPoss][SgPosd]
takumakanga	taku-@₁~:(i/u)ma[to.have.V-ed][to.have.been.V-ed][V→V][V][Ptcp][3Sg][3Sg]
takumakanga	taku-@₁~:(i/u)ma[to.have.V-ed][to.have.been.V-ed][V→V][V][Cond][3Sg][1Sg]

aghnam	aghnagh[N][Rel][Unpd][Sg]

taam	+?

------------------------
"Sangavek agavek nemun agliigasin, ellnginaghhaghpek pellaghyugigasiin?"

sangavek	sa[V][CnsqI][2Sg]

agavek	agavek

nemun	ne[N][Ter][Unpd][Sg]

agliigasin	aglagh-@₁~:(ng₂)igate[to.never.V][to.not.be.V-ing][V→V][V][Intrg][2Sg]

ellnginaghhaghpek	+?

pellaghyugigasiin	+?

------------------------
 

------------------------
"Nakaa, nekaqa una neghightaagunga una nekaqa whanga." 

nakaa	nakaa

nekaqa	ne-~–ke[to.have.as.one's.N(s)][N→V]-~(g₁)aqe[to.be.V.ing][to.regularly.or.repeatedly.V][V→V][V][Intrg][3Sg]

una	una

neghightaagunga	+?

una	una

nekaqa	ne-~–ke[to.have.as.one's.N(s)][N→V]-~(g₁)aqe[to.be.V.ing][to.regularly.or.repeatedly.V][V→V][V][Intrg][3Sg]

whanga	whanga

------------------------


------------------------
"Kumakiitaghteltung?" 

kumakiitaghteltung	+?

------------------------


------------------------
Aa, aa ighsakestamikun'nguq angeghtuq.

aa	aa

aa	aa

ighsakestamikunnguq	+?

angeghtuq	+?

------------------------
Taawanguq gaaghaqeftuq neghsameng eslakun elngaatall.

taawanguq	+?

gaaghaqeftuq	gaagh-~(g₁)aqe[to.be.V.ing][to.regularly.or.repeatedly.V][V→V]-(pete)fte[to.evidently.V][to.have.V-ed][V→V][V][Ind][3Sg]

neghsameng	negh-te[to.act.on.so.as.to.cause.to.V][V→V][V][CnsqI][4Pl]
neghsameng	neghe-te[to.act.on.so.as.to.cause.to.V][V→V][V][CnsqI][4Pl]
neghsameng	neghsagh[N][Rel][4DuPoss][SgPosd]
neghsameng	neghsagh[N][Rel][4DuPoss][PlPosd]
neghsameng	neghsagh[N][Rel][4PlPoss][SgPosd]
neghsameng	neghsagh[N][Rel][4PlPoss][PlPosd]
neghsameng	neghsagh[N][Abl_Mod][Unpd][Sg]

eslakun	esla-~–ke[to.have.as.one's.N(s)][N→V]-~:(u)te[condition.with.respect.to.V-ing][V→N][N][Abs][Unpd][Sg]
eslakun	esla[N][Via][Unpd][Sg]

elngaatall	elngaatall

------------------------


------------------------
Pimakanga, "Elpek sivukluten kumakighlaken." Aqumluni taagken ingaghtesluku kumakighaa.

pimakanga	pi-@₁~:(i/u)ma[to.have.V-ed][to.have.been.V-ed][V→V]-@*@₂~sf–(g₂)k(a)e[the.one.that.possessor.V-ed][V→N][N][Abs][3SgPoss][SgPosd]
pimakanga	pi-@₁~:(i/u)ma[to.have.V-ed][to.have.been.V-ed][V→V][V][Ptcp][3Sg][3Sg]
pimakanga	pi-@₁~:(i/u)ma[to.have.V-ed][to.have.been.V-ed][V→V][V][Cond][3Sg][1Sg]

elpek	elpek

sivukluten	+?

kumakighlaken	+?

aqumluni	aqume[V][Sbrd][3Sg]

taagken	taagken

ingaghtesluku	ingaghte-(te)ste[to.have.make.or.let.one.V][Cmpd_Vbl]-te[to.act.on.so.as.to.cause.to.V][V→V][V][Sbrd][1Du][3Sg]
ingaghtesluku	ingaghte-(te)ste[to.have.make.or.let.one.V][Cmpd_Vbl]-te[to.act.on.so.as.to.cause.to.V][V→V][V][Sbrd][1Pl][3Sg]
ingaghtesluku	ingaghte-(te)ste[to.have.make.or.let.one.V][Cmpd_Vbl]-te[to.act.on.so.as.to.cause.to.V][V→V][V][Sbrd][1Sg][3Sg]
ingaghtesluku	ingaghte-(te)ste[to.have.make.or.let.one.V][Cmpd_Vbl]-te[to.act.on.so.as.to.cause.to.V][V→V][V][Sbrd][2Du][3Sg]
ingaghtesluku	ingaghte-(te)ste[to.have.make.or.let.one.V][Cmpd_Vbl]-te[to.act.on.so.as.to.cause.to.V][V→V][V][Sbrd][2Pl][3Sg]
ingaghtesluku	ingaghte-(te)ste[to.have.make.or.let.one.V][Cmpd_Vbl]-te[to.act.on.so.as.to.cause.to.V][V→V][V][Sbrd][2Sg][3Sg]
ingaghtesluku	ingaghte-(te)ste[to.have.make.or.let.one.V][Cmpd_Vbl]-te[to.act.on.so.as.to.cause.to.V][V→V][V][Sbrd][3Du][3Sg]
ingaghtesluku	ingaghte-(te)ste[to.have.make.or.let.one.V][Cmpd_Vbl]-te[to.act.on.so.as.to.cause.to.V][V→V][V][Sbrd][3Pl][3Sg]
ingaghtesluku	ingaghte-(te)ste[to.have.make.or.let.one.V][Cmpd_Vbl]-te[to.act.on.so.as.to.cause.to.V][V→V][V][Sbrd][3Sg][3Sg]
ingaghtesluku	ingaghte-(te)ste[to.have.make.or.let.one.V][Cmpd_Vbl][V][Sbrd][1Du][3Sg]
ingaghtesluku	ingaghte-(te)ste[to.have.make.or.let.one.V][Cmpd_Vbl][V][Sbrd][1Pl][3Sg]
ingaghtesluku	ingaghte-(te)ste[to.have.make.or.let.one.V][Cmpd_Vbl][V][Sbrd][1Sg][3Sg]
ingaghtesluku	ingaghte-(te)ste[to.have.make.or.let.one.V][Cmpd_Vbl][V][Sbrd][2Du][3Sg]
ingaghtesluku	ingaghte-(te)ste[to.have.make.or.let.one.V][Cmpd_Vbl][V][Sbrd][2Pl][3Sg]
ingaghtesluku	ingaghte-(te)ste[to.have.make.or.let.one.V][Cmpd_Vbl][V][Sbrd][2Sg][3Sg]
ingaghtesluku	ingaghte-(te)ste[to.have.make.or.let.one.V][Cmpd_Vbl][V][Sbrd][3Du][3Sg]
ingaghtesluku	ingaghte-(te)ste[to.have.make.or.let.one.V][Cmpd_Vbl][V][Sbrd][3Pl][3Sg]
ingaghtesluku	ingaghte-(te)ste[to.have.make.or.let.one.V][Cmpd_Vbl][V][Sbrd][3Sg][3Sg]

kumakighaa	+?

------------------------
Qavangllaghaa elngaatall kumakighaa, imanguq qavaghtuq.

qavangllaghaa	+?

elngaatall	elngaatall

kumakighaa	+?

imanguq	+?

qavaghtuq	qavagh[V][Ind][3Sg]
qavaghtuq	qavagh-te[to.act.on.so.as.to.cause.to.V][V→V][V][Ind][3Sg]

------------------------


------------------------
Qavaghyan aghsukestaghluku nunakun llikestaghluku ugkenga taana qallaqughllak tuguluku sigutangakun aghnam kuuvumakanga legan tuqulluku.

qavaghyan	qavagh[V][CnsqI][3Sg]

aghsukestaghluku	+?

nunakun	nuna-~–ke[to.have.as.one's.N(s)][N→V]-~:(u)te[condition.with.respect.to.V-ing][V→N][N][Abs][Unpd][Sg]
nunakun	nuna[N][Via][Unpd][Sg]

llikestaghluku	+?

ugkenga	+?

taana	taana

qallaqughllak	+?

tuguluku	tugu-~:(u)te[to.V.for.or.with][to.cause.to.V.as.one.is.V-ing][to.V.toward.each.other][V→V][V][Sbrd][1Du][3Sg]
tuguluku	tugu-~:(u)te[to.V.for.or.with][to.cause.to.V.as.one.is.V-ing][to.V.toward.each.other][V→V][V][Sbrd][1Pl][3Sg]
tuguluku	tugu-~:(u)te[to.V.for.or.with][to.cause.to.V.as.one.is.V-ing][to.V.toward.each.other][V→V][V][Sbrd][1Sg][3Sg]
tuguluku	tugu-~:(u)te[to.V.for.or.with][to.cause.to.V.as.one.is.V-ing][to.V.toward.each.other][V→V][V][Sbrd][2Du][3Sg]
tuguluku	tugu-~:(u)te[to.V.for.or.with][to.cause.to.V.as.one.is.V-ing][to.V.toward.each.other][V→V][V][Sbrd][2Pl][3Sg]
tuguluku	tugu-~:(u)te[to.V.for.or.with][to.cause.to.V.as.one.is.V-ing][to.V.toward.each.other][V→V][V][Sbrd][2Sg][3Sg]
tuguluku	tugu-~:(u)te[to.V.for.or.with][to.cause.to.V.as.one.is.V-ing][to.V.toward.each.other][V→V][V][Sbrd][3Du][3Sg]
tuguluku	tugu-~:(u)te[to.V.for.or.with][to.cause.to.V.as.one.is.V-ing][to.V.toward.each.other][V→V][V][Sbrd][3Pl][3Sg]
tuguluku	tugu-~:(u)te[to.V.for.or.with][to.cause.to.V.as.one.is.V-ing][to.V.toward.each.other][V→V][V][Sbrd][3Sg][3Sg]
tuguluku	tugu[V][Sbrd][1Du][3Sg]
tuguluku	tugu[V][Sbrd][1Pl][3Sg]
tuguluku	tugu[V][Sbrd][1Sg][3Sg]
tuguluku	tugu[V][Sbrd][2Du][3Sg]
tuguluku	tugu[V][Sbrd][2Pl][3Sg]
tuguluku	tugu[V][Sbrd][2Sg][3Sg]
tuguluku	tugu[V][Sbrd][3Du][3Sg]
tuguluku	tugu[V][Sbrd][3Pl][3Sg]
tuguluku	tugu[V][Sbrd][3Sg][3Sg]

sigutangakun	+?

aghnam	aghnagh[N][Rel][Unpd][Sg]

kuuvumakanga	kuuve-@₁~:(i/u)ma[to.have.V-ed][to.have.been.V-ed][V→V]-@*@₂~sf–(g₂)k(a)e[the.one.that.possessor.V-ed][V→N][N][Abs][3SgPoss][SgPosd]
kuuvumakanga	kuuve-@₁~:(i/u)ma[to.have.V-ed][to.have.been.V-ed][V→V][V][Ptcp][3Sg][3Sg]
kuuvumakanga	kuuve-@₁~:(i/u)ma[to.have.V-ed][to.have.been.V-ed][V→V][V][Cond][3Sg][1Sg]

legan	legan

tuqulluku	tuqute[V][Sbrd][1Du][3Sg]
tuqulluku	tuqute[V][Sbrd][1Pl][3Sg]
tuqulluku	tuqute[V][Sbrd][1Sg][3Sg]
tuqulluku	tuqute[V][Sbrd][2Du][3Sg]
tuqulluku	tuqute[V][Sbrd][2Pl][3Sg]
tuqulluku	tuqute[V][Sbrd][2Sg][3Sg]
tuqulluku	tuqute[V][Sbrd][3Du][3Sg]
tuqulluku	tuqute[V][Sbrd][3Pl][3Sg]
tuqulluku	tuqute[V][Sbrd][3Sg][3Sg]

------------------------
Iilqwa qaamna, sigutkek paneghyalghiimek tuqumalghii.

iilqwa	+?

qaamna	qaame-@₁~fna[in.order.to.V][intending.to.V][V→V][V][Opt][PRS][2Sg]
qaamna	qaamna

sigutkek	sigute[N][Abs][3SgPoss][DuPosd]

paneghyalghiimek	+?

tuqumalghii	tuqu-@₁~:(i/u)ma[to.have.V-ed][to.have.been.V-ed][V→V]-@₁–lghii[the.one.that.V-ed][the.one.that.is.V][V→N][N][Abs][Unpd][Sg]
tuqumalghii	tuqu-@₁~:(i/u)ma[to.have.V-ed][to.have.been.V-ed][V→V][V][Ptcp][3Sg]

------------------------


------------------------
Tuquyalghiiminguq taakwavek iqraghqelluni llangaqanguq ighyaghqesalghiimi iqlighmi.

tuquyalghiiminguq	tuqu-@₁~fyagh[to.go.V-ing][to.V.in.vain][V→V]-@₁–lghii[the.one.that.V-ed][the.one.that.is.V][V→N][N][Loc][Unpd][Sg]-nguq[Encl]
tuquyalghiiminguq	tuqu-@₁~fyagh[to.go.V-ing][to.V.in.vain][V→V]-@₁–lghii[the.one.that.V-ed][the.one.that.is.V][V→N][N][Rel][4SgPoss][SgPosd]-nguq[Encl]
tuquyalghiiminguq	tuqu-@₁~fyagh[to.go.V-ing][to.V.in.vain][V→V]-@₁–lghii[the.one.that.V-ed][the.one.that.is.V][V→N][N][Rel][4SgPoss][PlPosd]-nguq[Encl]
tuquyalghiiminguq	tuqu-~:(u)te[to.V.for.or.with][to.cause.to.V.as.one.is.V-ing][to.V.toward.each.other][V→V]-@₁~fyagh[to.go.V-ing][to.V.in.vain][V→V]-@₁–lghii[the.one.that.V-ed][the.one.that.is.V][V→N][N][Loc][Unpd][Sg]-nguq[Encl]
tuquyalghiiminguq	tuqu-~:(u)te[to.V.for.or.with][to.cause.to.V.as.one.is.V-ing][to.V.toward.each.other][V→V]-@₁~fyagh[to.go.V-ing][to.V.in.vain][V→V]-@₁–lghii[the.one.that.V-ed][the.one.that.is.V][V→N][N][Rel][4SgPoss][SgPosd]-nguq[Encl]
tuquyalghiiminguq	tuqu-~:(u)te[to.V.for.or.with][to.cause.to.V.as.one.is.V-ing][to.V.toward.each.other][V→V]-@₁~fyagh[to.go.V-ing][to.V.in.vain][V→V]-@₁–lghii[the.one.that.V-ed][the.one.that.is.V][V→N][N][Rel][4SgPoss][PlPosd]-nguq[Encl]
tuquyalghiiminguq	tuqu-~:(u)te[SBJ.V-ed.something][V→V]-@₁~fyagh[to.go.V-ing][to.V.in.vain][V→V]-@₁–lghii[the.one.that.V-ed][the.one.that.is.V][V→N][N][Loc][Unpd][Sg]-nguq[Encl]
tuquyalghiiminguq	tuqu-~:(u)te[SBJ.V-ed.something][V→V]-@₁~fyagh[to.go.V-ing][to.V.in.vain][V→V]-@₁–lghii[the.one.that.V-ed][the.one.that.is.V][V→N][N][Rel][4SgPoss][SgPosd]-nguq[Encl]
tuquyalghiiminguq	tuqu-~:(u)te[SBJ.V-ed.something][V→V]-@₁~fyagh[to.go.V-ing][to.V.in.vain][V→V]-@₁–lghii[the.one.that.V-ed][the.one.that.is.V][V→N][N][Rel][4SgPoss][PlPosd]-nguq[Encl]

taakwavek	+?

iqraghqelluni	+?

llangaqanguq	+?

ighyaghqesalghiimi	+?

iqlighmi	+?

------------------------


------------------------
Aqumesluku, aqumevyiightesluku, pellukaa tawavek, iiggengii piifluki, aqumgaan tawaten unisimakanga.

aqumesluku	aqume-(te)ste[to.have.make.or.let.one.V][Cmpd_Vbl]-te[to.act.on.so.as.to.cause.to.V][V→V][V][Sbrd][1Du][3Sg]
aqumesluku	aqume-(te)ste[to.have.make.or.let.one.V][Cmpd_Vbl]-te[to.act.on.so.as.to.cause.to.V][V→V][V][Sbrd][1Pl][3Sg]
aqumesluku	aqume-(te)ste[to.have.make.or.let.one.V][Cmpd_Vbl]-te[to.act.on.so.as.to.cause.to.V][V→V][V][Sbrd][1Sg][3Sg]
aqumesluku	aqume-(te)ste[to.have.make.or.let.one.V][Cmpd_Vbl]-te[to.act.on.so.as.to.cause.to.V][V→V][V][Sbrd][2Du][3Sg]
aqumesluku	aqume-(te)ste[to.have.make.or.let.one.V][Cmpd_Vbl]-te[to.act.on.so.as.to.cause.to.V][V→V][V][Sbrd][2Pl][3Sg]
aqumesluku	aqume-(te)ste[to.have.make.or.let.one.V][Cmpd_Vbl]-te[to.act.on.so.as.to.cause.to.V][V→V][V][Sbrd][2Sg][3Sg]
aqumesluku	aqume-(te)ste[to.have.make.or.let.one.V][Cmpd_Vbl]-te[to.act.on.so.as.to.cause.to.V][V→V][V][Sbrd][3Du][3Sg]
aqumesluku	aqume-(te)ste[to.have.make.or.let.one.V][Cmpd_Vbl]-te[to.act.on.so.as.to.cause.to.V][V→V][V][Sbrd][3Pl][3Sg]
aqumesluku	aqume-(te)ste[to.have.make.or.let.one.V][Cmpd_Vbl]-te[to.act.on.so.as.to.cause.to.V][V→V][V][Sbrd][3Sg][3Sg]
aqumesluku	aqume-(te)ste[to.have.make.or.let.one.V][Cmpd_Vbl][V][Sbrd][1Du][3Sg]
aqumesluku	aqume-(te)ste[to.have.make.or.let.one.V][Cmpd_Vbl][V][Sbrd][1Pl][3Sg]
aqumesluku	aqume-(te)ste[to.have.make.or.let.one.V][Cmpd_Vbl][V][Sbrd][1Sg][3Sg]
aqumesluku	aqume-(te)ste[to.have.make.or.let.one.V][Cmpd_Vbl][V][Sbrd][2Du][3Sg]
aqumesluku	aqume-(te)ste[to.have.make.or.let.one.V][Cmpd_Vbl][V][Sbrd][2Pl][3Sg]
aqumesluku	aqume-(te)ste[to.have.make.or.let.one.V][Cmpd_Vbl][V][Sbrd][2Sg][3Sg]
aqumesluku	aqume-(te)ste[to.have.make.or.let.one.V][Cmpd_Vbl][V][Sbrd][3Du][3Sg]
aqumesluku	aqume-(te)ste[to.have.make.or.let.one.V][Cmpd_Vbl][V][Sbrd][3Pl][3Sg]
aqumesluku	aqume-(te)ste[to.have.make.or.let.one.V][Cmpd_Vbl][V][Sbrd][3Sg][3Sg]

aqumevyiightesluku	+?

pellukaa	+?

tawavek	+?

iiggengii	+?

piifluki	+?

aqumgaan	aqumgagh*[Quant_Qual][3Sg]

tawaten	tawaten

unisimakanga	+?

------------------------


------------------------
Unillukuu pennam qaayngani taklaghlluni kelengakumakanga qayaghhaq taglaghyaghqaq, ugwini.

unillukuu	+?

pennam	pennagh[N][Rel][Unpd][Sg]

qaayngani	qaye[N][Loc][3SgPoss][SgPosd]
qaayngani	qaye[N][Loc][3SgPoss][PlPosd]

taklaghlluni	+?

kelengakumakanga	+?

qayaghhaq	qayagh-–ghhagh*[dear.N][N→N][N][Abs][Unpd][Sg]

taglaghyaghqaq	taglagh-@₁~fyagh[to.go.V-ing][to.V.in.vain][V→V]-@₂~fkaq[one.that.has.V-ed][V→N][N][Abs][Unpd][Sg]

ugwini	+?

------------------------


------------------------
Kii, ukanguq taglaghyalghiimi usiighllagluni, kalefqaghteghllagluni.

kii	kii
kii	kii[N][Abs][Unpd][Sg]

ukanguq	+?

taglaghyalghiimi	taglagh-@₁~fyagh[to.go.V-ing][to.V.in.vain][V→V]-@₁–lghii[the.one.that.V-ed][the.one.that.is.V][V→N][N][Loc][Unpd][Sg]
taglaghyalghiimi	taglagh-@₁~fyagh[to.go.V-ing][to.V.in.vain][V→V]-@₁–lghii[the.one.that.V-ed][the.one.that.is.V][V→N][N][Rel][4SgPoss][SgPosd]
taglaghyalghiimi	taglagh-@₁~fyagh[to.go.V-ing][to.V.in.vain][V→V]-@₁–lghii[the.one.that.V-ed][the.one.that.is.V][V→N][N][Rel][4SgPoss][PlPosd]
taglaghyalghiimi	taglagh[V][Ptcp_Obl][4Sg]

usiighllagluni	+?

kalefqaghteghllagluni	+?

------------------------
Taagken kaasan esnamun kaalluni nuliisiini taana, aghnaghani sani, elngaatall pimakanga, "Kayusiisaghtughnga." Tuqukaalghii avelghaqiinaamakanga.

taagken	taagken

kaasan	kaate[V][CnsqI][3Sg]

esnamun	esnagh[N][Ter][Unpd][Sg]

kaalluni	kaate[V][Sbrd][3Sg]

nuliisiini	+?

taana	taana

aghnaghani	aghnaghagh*[N][Abs][4SgPoss][SgPosd]
aghnaghani	aghnaghagh*[N][Abs][4SgPoss][PlPosd]

sani	sa-@₁~fni[to.say.that.one.is.V-ing][Cmpd_Vbl][V][Opt][PRS][2Sg]
sani	sa-~:(u)te[to.V.for.or.with][to.cause.to.V.as.one.is.V-ing][to.V.toward.each.other][V→V]-@₁~fni[to.say.that.one.is.V-ing][Cmpd_Vbl][V][Opt][PRS][2Sg]
sani	sa-~:(u)te[SBJ.V-ed.something][V→V]-@₁~fni[to.say.that.one.is.V-ing][Cmpd_Vbl][V][Opt][PRS][2Sg]
sani	sa[N][Abs][4SgPoss][SgPosd]
sani	sa[N][Abs][4SgPoss][PlPosd]
sani	sa[N][Loc][Unpd][Pl]

elngaatall	elngaatall

pimakanga	pi-@₁~:(i/u)ma[to.have.V-ed][to.have.been.V-ed][V→V]-@*@₂~sf–(g₂)k(a)e[the.one.that.possessor.V-ed][V→N][N][Abs][3SgPoss][SgPosd]
pimakanga	pi-@₁~:(i/u)ma[to.have.V-ed][to.have.been.V-ed][V→V][V][Ptcp][3Sg][3Sg]
pimakanga	pi-@₁~:(i/u)ma[to.have.V-ed][to.have.been.V-ed][V→V][V][Cond][3Sg][1Sg]

kayusiisaghtughnga	kayusiite-@₁~fyaghtugh[to.be.about.to.V][to.go.somewhere.to.V][V][Opt][PRS][2Sg][1Sg]
kayusiisaghtughnga	kayusigh-~:(u)te[to.V.for.or.with][to.cause.to.V.as.one.is.V-ing][to.V.toward.each.other][V→V]-@₁~fyaghtugh[to.be.about.to.V][to.go.somewhere.to.V][V][Opt][PRS][2Sg][1Sg]
kayusiisaghtughnga	kayusigh-~:(u)te[to.V.for.or.with][to.cause.to.V.as.one.is.V-ing][to.V.toward.each.other][V→V]-te[to.act.on.so.as.to.cause.to.V][V→V]-@₁~fyaghtugh[to.be.about.to.V][to.go.somewhere.to.V][V][Opt][PRS][2Sg][1Sg]

tuqukaalghii	tuqu-~sf–(g₃)kau[to.have.V-ed][to.have.been.V-ed][V→V]-@₁–lghii[the.one.that.V-ed][the.one.that.is.V][V→N][N][Abs][Unpd][Sg]
tuqukaalghii	tuqu-~sf–(g₃)kau[to.have.V-ed][to.have.been.V-ed][V→V][V][Ptcp][3Sg]
tuqukaalghii	tuqu-@₂~fkau[to.have.V-ed][to.have.been.V-ed][V→V]-@₁–lghii[the.one.that.V-ed][the.one.that.is.V][V→N][N][Abs][Unpd][Sg]
tuqukaalghii	tuqu-@₂~fkau[to.have.V-ed][to.have.been.V-ed][V→V][V][Ptcp][3Sg]

avelghaqiinaamakanga	+?

------------------------
"Egmiinaq sukalluten aghnaqelqusigpenang kayusiisaghtughnga."

egmiinaq	+?

sukalluten	+?

aghnaqelqusigpenang	+?

kayusiisaghtughnga	kayusiite-@₁~fyaghtugh[to.be.about.to.V][to.go.somewhere.to.V][V][Opt][PRS][2Sg][1Sg]
kayusiisaghtughnga	kayusigh-~:(u)te[to.V.for.or.with][to.cause.to.V.as.one.is.V-ing][to.V.toward.each.other][V→V]-@₁~fyaghtugh[to.be.about.to.V][to.go.somewhere.to.V][V][Opt][PRS][2Sg][1Sg]
kayusiisaghtughnga	kayusigh-~:(u)te[to.V.for.or.with][to.cause.to.V.as.one.is.V-ing][to.V.toward.each.other][V→V]-te[to.act.on.so.as.to.cause.to.V][V→V]-@₁~fyaghtugh[to.be.about.to.V][to.go.somewhere.to.V][V][Opt][PRS][2Sg][1Sg]

------------------------
 

------------------------
"Naqam iqlighpek tespikani esghapagnga.

naqam	naqam

iqlighpek	+?

tespikani	+?

esghapagnga	+?

------------------------
Egmiinaq tagi kayusiisaghtughnga neqeghllaguunga kayusiisaghtughnga." Avelghaqiinaghaa.

egmiinaq	+?

tagi	tagi[V][Opt][PRS][2Sg]

kayusiisaghtughnga	kayusiite-@₁~fyaghtugh[to.be.about.to.V][to.go.somewhere.to.V][V][Opt][PRS][2Sg][1Sg]
kayusiisaghtughnga	kayusigh-~:(u)te[to.V.for.or.with][to.cause.to.V.as.one.is.V-ing][to.V.toward.each.other][V→V]-@₁~fyaghtugh[to.be.about.to.V][to.go.somewhere.to.V][V][Opt][PRS][2Sg][1Sg]
kayusiisaghtughnga	kayusigh-~:(u)te[to.V.for.or.with][to.cause.to.V.as.one.is.V-ing][to.V.toward.each.other][V→V]-te[to.act.on.so.as.to.cause.to.V][V→V]-@₁~fyaghtugh[to.be.about.to.V][to.go.somewhere.to.V][V][Opt][PRS][2Sg][1Sg]

neqeghllaguunga	neqe-–ghllag[big.N][N→N]-~:(ng₁)u[to.be.N][N→V][V][Ind][1Sg]

kayusiisaghtughnga	kayusiite-@₁~fyaghtugh[to.be.about.to.V][to.go.somewhere.to.V][V][Opt][PRS][2Sg][1Sg]
kayusiisaghtughnga	kayusigh-~:(u)te[to.V.for.or.with][to.cause.to.V.as.one.is.V-ing][to.V.toward.each.other][V→V]-@₁~fyaghtugh[to.be.about.to.V][to.go.somewhere.to.V][V][Opt][PRS][2Sg][1Sg]
kayusiisaghtughnga	kayusigh-~:(u)te[to.V.for.or.with][to.cause.to.V.as.one.is.V-ing][to.V.toward.each.other][V→V]-te[to.act.on.so.as.to.cause.to.V][V→V]-@₁~fyaghtugh[to.be.about.to.V][to.go.somewhere.to.V][V][Opt][PRS][2Sg][1Sg]

avelghaqiinaghaa	+?

------------------------


------------------------
"Uguminaghnaghhalek naqam iqlighpek esghapagnga." Qenwat sakrituq.

uguminaghnaghhalek	+?

naqam	naqam

iqlighpek	+?

esghapagnga	+?

qenwat	qenwat

sakrituq	+?

------------------------


------------------------
Uughqaghlluni sayugaghsaqminigu imaninguq uniistaaghhaaguq.

uughqaghlluni	+?

sayugaghsaqminigu	+?

imaninguq	+?

uniistaaghhaaguq	+?

------------------------
Piyaqminigunguq tuquuluni, aneghneghsughyaqminigu.

piyaqminigunguq	+?

tuquuluni	+?

aneghneghsughyaqminigu	+?

------------------------
Ii akuqaghlukunguq elngaatall yuuk qiyaaghwaghyalghiimi inagmikluku nuliisiini, aghnaghani taana.

ii	+?

akuqaghlukunguq	+?

elngaatall	elngaatall

yuuk	yug[N][Abs][Sg]

qiyaaghwaghyalghiimi	+?

inagmikluku	+?

nuliisiini	+?

aghnaghani	aghnaghagh*[N][Abs][4SgPoss][SgPosd]
aghnaghani	aghnaghagh*[N][Abs][4SgPoss][PlPosd]

taana	taana

------------------------


------------------------
Qiyaaghwaghyalghiiminguq, qiyaaghwaamaluku aghnam nuliipigan tespamum pennam qaaynganilnguum unisimakanga.

qiyaaghwaghyalghiiminguq	+?

qiyaaghwaamaluku	+?

aghnam	aghnagh[N][Rel][Unpd][Sg]

nuliipigan	+?

tespamum	+?

pennam	pennagh[N][Rel][Unpd][Sg]

qaaynganilnguum	+?

unisimakanga	+?

------------------------
Nalleghaghhalegnguq naagu yuuk.

nalleghaghhalegnguq	+?

naagu	+?

yuuk	yug[N][Abs][Sg]

------------------------
Kii kaasalghiiminguq ukaa qayaa kalefqaghlluni.

kii	kii
kii	kii[N][Abs][Unpd][Sg]

kaasalghiiminguq	kaate-@₁~fyagh[to.go.V-ing][to.V.in.vain][V→V]-@₁–lghii[the.one.that.V-ed][the.one.that.is.V][V→N][N][Loc][Unpd][Sg]-nguq[Encl]
kaasalghiiminguq	kaate-@₁~fyagh[to.go.V-ing][to.V.in.vain][V→V]-@₁–lghii[the.one.that.V-ed][the.one.that.is.V][V→N][N][Rel][4SgPoss][SgPosd]-nguq[Encl]
kaasalghiiminguq	kaate-@₁~fyagh[to.go.V-ing][to.V.in.vain][V→V]-@₁–lghii[the.one.that.V-ed][the.one.that.is.V][V→N][N][Rel][4SgPoss][PlPosd]-nguq[Encl]

ukaa	+?

qayaa	qayagh-~:(ng₁)u[to.be.N][N→V][V][Opt][PRS][2Sg]
qayaa	qayagh[N][Abs][3SgPoss][SgPosd]
qayaa	qayugh[N][Abs][3SgPoss][SgPosd]
qayaa	qayugh[V][Opt][PRS][2Sg]

kalefqaghlluni	+?

------------------------


------------------------
Kaalluninguq, "Kii nutaan repall neqetuten?" 

kaalluninguq	+?

kii	kii
kii	kii[N][Abs][Unpd][Sg]

nutaan	+?

repall	repall[N][Abs][Unpd][Sg]

neqetuten	neqe-te[to.catch.N][to.go.to.N][N→V]-~:(u)te[to.V.for.or.with][to.cause.to.V.as.one.is.V-ing][to.V.toward.each.other][V→V][V][Opt][PRS][2Sg]
neqetuten	neqe-te[to.catch.N][to.go.to.N][N→V]-~:(u)te[condition.with.respect.to.V-ing][V→N][N][Abs][2SgPoss][SgPosd]
neqetuten	neqe-te[to.catch.N][to.go.to.N][N→V]-~:(u)te[SBJ.V-ed.something][V→V][V][Opt][PRS][2Sg]
neqetuten	neqe-te[to.catch.N][to.go.to.N][N→V][V][Ind][2Sg]

------------------------


------------------------
"Aa, nutaan repall neqetunga." Esghalqugpenaan'nguq iyegni iighumanginaghlukek, gginani iighumanginaghluku.

aa	aa

nutaan	+?

repall	repall[N][Abs][Unpd][Sg]

neqetunga	neqe-te[to.catch.N][to.go.to.N][N→V][V][Ind][1Sg]

esghalqugpenaannguq	+?

iyegni	iye[N][Abs][4SgPoss][DuPosd]
iyegni	iye[N][Loc][Unpd][Du]

iighumanginaghlukek	+?

gginani	+?

iighumanginaghluku	+?

------------------------


------------------------
Kayusiquluku, taglaaqulgusighluku iteghaallutek aghnam esghaghluku pimakanga, "Kii sangamek iyegken puuveghllagtak." 

kayusiquluku	+?

taglaaqulgusighluku	+?

iteghaallutek	+?

aghnam	aghnagh[N][Rel][Unpd][Sg]

esghaghluku	esghagh[V][Sbrd][1Du][3Sg]
esghaghluku	esghagh[V][Sbrd][1Pl][3Sg]
esghaghluku	esghagh[V][Sbrd][1Sg][3Sg]
esghaghluku	esghagh[V][Sbrd][2Du][3Sg]
esghaghluku	esghagh[V][Sbrd][2Pl][3Sg]
esghaghluku	esghagh[V][Sbrd][2Sg][3Sg]
esghaghluku	esghagh[V][Sbrd][3Du][3Sg]
esghaghluku	esghagh[V][Sbrd][3Pl][3Sg]
esghaghluku	esghagh[V][Sbrd][3Sg][3Sg]

pimakanga	pi-@₁~:(i/u)ma[to.have.V-ed][to.have.been.V-ed][V→V]-@*@₂~sf–(g₂)k(a)e[the.one.that.possessor.V-ed][V→N][N][Abs][3SgPoss][SgPosd]
pimakanga	pi-@₁~:(i/u)ma[to.have.V-ed][to.have.been.V-ed][V→V][V][Ptcp][3Sg][3Sg]
pimakanga	pi-@₁~:(i/u)ma[to.have.V-ed][to.have.been.V-ed][V→V][V][Cond][3Sg][1Sg]

kii	kii
kii	kii[N][Abs][Unpd][Sg]

sangamek	sa[V][CnsqI][4Du]

iyegken	iye[N][Abs][2SgPoss][DuPosd]

puuveghllagtak	+?

------------------------


------------------------
"Esghaghhu nutaan neqengyalghiinga, piyaqliighyalghiinga entaqun iyegka puuvuk." 

esghaghhu	esghagh[V][Opt][PRS][2Sg][3Sg]
esghaghhu	esghaghhu

nutaan	+?

neqengyalghiinga	+?

piyaqliighyalghiinga	+?

entaqun	entaqun

iyegka	iye[N][Abs][1SgPoss][DuPosd]

puuvuk	+?

------------------------


------------------------
Gaaragkiighlutek neghutkelluku.

gaaragkiighlutek	gaagh-@₁~f–ragkiigh[to.V.quickly][V→V][V][Sbrd][1Du][2Du]
gaaragkiighlutek	gaagh-@₁~f–ragkiigh[to.V.quickly][V→V][V][Sbrd][1Pl][2Du]
gaaragkiighlutek	gaagh-@₁~f–ragkiigh[to.V.quickly][V→V][V][Sbrd][1Sg][2Du]
gaaragkiighlutek	gaagh-@₁~f–ragkiigh[to.V.quickly][V→V][V][Sbrd][2Du]
gaaragkiighlutek	gaagh-@₁~f–ragkiigh[to.V.quickly][V→V][V][Sbrd][3Du]
gaaragkiighlutek	gaagh-@₁~f–ragkiigh[to.V.quickly][V→V][V][Sbrd][3Du][2Du]
gaaragkiighlutek	gaagh-@₁~f–ragkiigh[to.V.quickly][V→V][V][Sbrd][3Pl][2Du]
gaaragkiighlutek	gaagh-@₁~f–ragkiigh[to.V.quickly][V→V][V][Sbrd][3Sg][2Du]

neghutkelluku	+?

------------------------
"Sangameklu iyegken puuveghllagtak?" Taawa naghughhneghminigu, "Sangameklu iyegken puuveghllagtak?" 

sangameklu	+?

iyegken	iye[N][Abs][2SgPoss][DuPosd]

puuveghllagtak	+?

taawa	taawa

naghughhneghminigu	+?

sangameklu	+?

iyegken	iye[N][Abs][2SgPoss][DuPosd]

puuveghllagtak	+?

------------------------


------------------------
Qenwat yugem taam ugwingan pimakanga, "Uumlleqa pimakanga!" Taawa iyek puuveghllagnilukek qinunaghqutkesaqminigu.

qenwat	qenwat

yugem	yug[N][Rel][Unpd][Sg]

taam	+?

ugwingan	+?

pimakanga	pi-@₁~:(i/u)ma[to.have.V-ed][to.have.been.V-ed][V→V]-@*@₂~sf–(g₂)k(a)e[the.one.that.possessor.V-ed][V→N][N][Abs][3SgPoss][SgPosd]
pimakanga	pi-@₁~:(i/u)ma[to.have.V-ed][to.have.been.V-ed][V→V][V][Ptcp][3Sg][3Sg]
pimakanga	pi-@₁~:(i/u)ma[to.have.V-ed][to.have.been.V-ed][V→V][V][Cond][3Sg][1Sg]

uumlleqa	+?

pimakanga	pi-@₁~:(i/u)ma[to.have.V-ed][to.have.been.V-ed][V→V]-@*@₂~sf–(g₂)k(a)e[the.one.that.possessor.V-ed][V→N][N][Abs][3SgPoss][SgPosd]
pimakanga	pi-@₁~:(i/u)ma[to.have.V-ed][to.have.been.V-ed][V→V][V][Ptcp][3Sg][3Sg]
pimakanga	pi-@₁~:(i/u)ma[to.have.V-ed][to.have.been.V-ed][V→V][V][Cond][3Sg][1Sg]

taawa	taawa

iyek	iye[N][Abs][Unpd][Du]
iyek	iye[N][Rel][Unpd][Du]

puuveghllagnilukek	+?

qinunaghqutkesaqminigu	+?

------------------------
"Uumlleqa pimakanga", tawaten'nguq pitkelluku uulghumalghii tawaten pimaghmi.

uumlleqa	+?

pimakanga	pi-@₁~:(i/u)ma[to.have.V-ed][to.have.been.V-ed][V→V]-@*@₂~sf–(g₂)k(a)e[the.one.that.possessor.V-ed][V→N][N][Abs][3SgPoss][SgPosd]
pimakanga	pi-@₁~:(i/u)ma[to.have.V-ed][to.have.been.V-ed][V→V][V][Ptcp][3Sg][3Sg]
pimakanga	pi-@₁~:(i/u)ma[to.have.V-ed][to.have.been.V-ed][V→V][V][Cond][3Sg][1Sg]

tawatennguq	+?

pitkelluku	+?

uulghumalghii	+?

tawaten	tawaten

pimaghmi	pi-@₁~:(i/u)magh*[while.V-ing][V→V][Quant_Qual][4Sg]

------------------------
Uumlleqa pimakanga.

uumlleqa	+?

pimakanga	pi-@₁~:(i/u)ma[to.have.V-ed][to.have.been.V-ed][V→V]-@*@₂~sf–(g₂)k(a)e[the.one.that.possessor.V-ed][V→N][N][Abs][3SgPoss][SgPosd]
pimakanga	pi-@₁~:(i/u)ma[to.have.V-ed][to.have.been.V-ed][V→V][V][Ptcp][3Sg][3Sg]
pimakanga	pi-@₁~:(i/u)ma[to.have.V-ed][to.have.been.V-ed][V→V][V][Cond][3Sg][1Sg]

------------------------
Taawa ungipaghaatem kenlekaa.

taawa	taawa

ungipaghaatem	ungipaghagh-~:(ng₁)u[to.be.N][N→V]-~:(u)te[condition.with.respect.to.V-ing][V→N][N][Rel][Unpd][Sg]
ungipaghaatem	ungipaghagh-~:(u)te[condition.with.respect.to.V-ing][V→N][N][Rel][Unpd][Sg]

kenlekaa	+?

------------------------
Tefaay aliinghakuun! 

tefaay	+?

aliinghakuun	+?

------------------------
