Quyngim Atuqellgha 

quyngim	quyngigh[N][Rel][Unpd][Sg]

atuqellgha	+?

------------------------
Imegyuutem Apellgha 

imegyuutem	+?

apellgha	+?

------------------------


------------------------
Quyngit qamaglluteng neghegkayuguut.

quyngit	quyngigh[N][Abs][Unpd][Pl]
quyngit	quyngigh[N][Rel][Unpd][Pl]

qamaglluteng	+?

neghegkayuguut	+?

------------------------
Sugupagi ayakaghaqluki, sigutangi, sighunghan melqwi, itegii ayakaghaqluki neghughaqiit.

sugupagi	+?

ayakaghaqluki	+?

sigutangi	+?

sighunghan	+?

melqwi	+?

itegii	itegagh-~:(ng₁)u[to.be.N][N→V]-~i[SBJ.V-ed.something][V→V]-~i[SBJ.V-ed.something][V→V]-~i[SBJ.V-ed.something][V→V]-~i[SBJ.V-ed.something][V→V]-~i[SBJ.V-ed.something][V→V][V][Opt][PRS][2Sg]
itegii	itegagh-~:(ng₁)u[to.be.N][N→V]-~i[SBJ.V-ed.something][V→V]-~i[SBJ.V-ed.something][V→V]-~i[SBJ.V-ed.something][V→V]-~i[SBJ.V-ed.something][V→V][V][Opt][PRS][2Sg]
itegii	itegagh-~:(ng₁)u[to.be.N][N→V]-~i[SBJ.V-ed.something][V→V]-~i[SBJ.V-ed.something][V→V]-~i[SBJ.V-ed.something][V→V][V][Opt][PRS][2Sg]
itegii	itegagh-~:(ng₁)u[to.be.N][N→V]-~i[SBJ.V-ed.something][V→V]-~i[SBJ.V-ed.something][V→V][V][Opt][PRS][2Sg]
itegii	itegagh-~:(ng₁)u[to.be.N][N→V]-~i[SBJ.V-ed.something][V→V][V][Opt][PRS][2Sg]
itegii	itegagh[N][Abs][3SgPoss][PlPosd]

ayakaghaqluki	+?

neghughaqiit	+?

------------------------


------------------------
Aqsaqghwi piwhaniyukaghpenaki ukifkaghyukaghpenaki.

aqsaqghwi	+?

piwhaniyukaghpenaki	+?

ukifkaghyukaghpenaki	+?

------------------------
Taakut qaaynganilnguut aqsaqum taakut tunut pugughyinguftut.

taakut	taake[V][Ind][3Pl]

qaaynganilnguut	+?

aqsaqum	+?

taakut	taake[V][Ind][3Pl]

tunut	+?

pugughyinguftut	+?

------------------------
Iikngwaaghluki aqsaqut, wetku iikluki tesqamkut imii ilakelliluki, aqsaqumelluki tawani quwiisighluteng neghegkayuguftut.

iikngwaaghluki	+?

aqsaqut	+?

wetku	+?

iikluki	+?

tesqamkut	+?

imii	+?

ilakelliluki	+?

aqsaqumelluki	+?

tawani	tawani

quwiisighluteng	+?

neghegkayuguftut	+?

------------------------


------------------------
Aqsaqum natangani alamket, ughvughwaaghluki neghegkayuget, vegllugsugnit tamaakut, aqsaqutlu ughvughwaaghluki neghegkayuget.

aqsaqum	+?

natangani	+?

alamket	+?

ughvughwaaghluki	+?

neghegkayuget	+?

vegllugsugnit	+?

tamaakut	+?

aqsaqutlu	+?

ughvughwaaghluki	+?

neghegkayuget	+?

------------------------


------------------------
Kevighqii taakut naanlenguut, ilungan tunaaneng imighluki kevingllaqayuwiit.

kevighqii	+?

taakut	taake[V][Ind][3Pl]

naanlenguut	+?

ilungan	+?

tunaaneng	+?

imighluki	+?

kevingllaqayuwiit	+?

------------------------
Ilungan tunaaneng uulsimiita imiqayuget.

ilungan	+?

tunaaneng	+?

uulsimiita	+?

imiqayuget	+?

------------------------
Qellungi tamaakut ama uulsimiita, tunughtuqat.

qellungi	+?

tamaakut	+?

ama	ama

uulsimiita	+?

tunughtuqat	+?

------------------------
Whangkuta neghigataput iiskagillu, tengugillu.

whangkuta	whangkuta

neghigataput	negh-@₁~:(ng₂)igate[to.never.V][to.not.be.V-ing][V→V][V][Ind][1Pl][3Pl]
neghigataput	negh-@₁~:(ng₂)igate[to.never.V][to.not.be.V-ing][V→V][V][Ind][1Pl][3Sg]
neghigataput	neghe-@₁~:(ng₂)igate[to.never.V][to.not.be.V-ing][V→V][V][Ind][1Pl][3Pl]
neghigataput	neghe-@₁~:(ng₂)igate[to.never.V][to.not.be.V-ing][V→V][V][Ind][1Pl][3Sg]

iiskagillu	+?

tengugillu	+?

------------------------
Ilangita neghaqiit.

ilangita	ila-~:(ng₁)ite**[to.lack.N][to.not.have.N][N→V][V][Intrg][3Sg]
ilangita	ila[N][Rel][3DuPoss][SgPosd]
ilangita	ila[N][Rel][3DuPoss][PlPosd]
ilangita	ila[N][Rel][3PlPoss][SgPosd]
ilangita	ila[N][Rel][3PlPoss][PlPosd]

neghaqiit	negh-~(g₁)aqe[to.be.V.ing][to.regularly.or.repeatedly.V][V→V]-~i[SBJ.V-ed.something][V→V][V][Intrg][3Pl]
neghaqiit	negh-~(g₁)aqe[to.be.V.ing][to.regularly.or.repeatedly.V][V→V]-~i[SBJ.V-ed.something][V→V][V][Ind][3Pl]
neghaqiit	negh-~(g₁)aqe[to.be.V.ing][to.regularly.or.repeatedly.V][V→V][V][Ind][3Pl][3Pl]
neghaqiit	negh-~(g₁)aqe[to.be.V.ing][to.regularly.or.repeatedly.V][V→V][V][Ind][3Du][3Sg]
neghaqiit	neghe-~(g₁)aqe[to.be.V.ing][to.regularly.or.repeatedly.V][V→V]-~i[SBJ.V-ed.something][V→V][V][Intrg][3Pl]
neghaqiit	neghe-~(g₁)aqe[to.be.V.ing][to.regularly.or.repeatedly.V][V→V]-~i[SBJ.V-ed.something][V→V][V][Ind][3Pl]
neghaqiit	neghe-~(g₁)aqe[to.be.V.ing][to.regularly.or.repeatedly.V][V→V][V][Ind][3Pl][3Pl]
neghaqiit	neghe-~(g₁)aqe[to.be.V.ing][to.regularly.or.repeatedly.V][V→V][V][Ind][3Du][3Sg]

------------------------


------------------------
Qilegyighllagi taakut, qilungi uzimun pikayuget, ikughwaaghluki qanlagighwaaghluki tunughllaget angqaperutun tawaten.

qilegyighllagi	+?

taakut	taake[V][Ind][3Pl]

qilungi	+?

uzimun	+?

pikayuget	+?

ikughwaaghluki	+?

qanlagighwaaghluki	+?

tunughllaget	+?

angqaperutun	+?

tawaten	tawaten

------------------------
Amalleqa qamaglluku yugusiinilnguq taana neghegkayuguuq.

amalleqa	+?

qamaglluku	+?

yugusiinilnguq	+?

taana	taana

neghegkayuguuq	+?

------------------------


------------------------
Amii uksaanghagu melqughtughneghata allighaghqaaghtaqut.

amii	+?

uksaanghagu	+?

melqughtughneghata	+?

allighaghqaaghtaqut	+?

------------------------
Upenghami melqughlluugteghllagaqii makuggneghmeggni.

upenghami	+?

melqughlluugteghllagaqii	+?

makuggneghmeggni	+?

------------------------
Amiirii ugmelengestaghhaat melqeghqelengestaaghhaat asiighqaaluki saghnakaqegkangit.

amiirii	+?

ugmelengestaghhaat	+?

melqeghqelengestaaghhaat	+?

asiighqaaluki	+?

saghnakaqegkangit	+?

------------------------


------------------------
Taakwani nani July-mi aatkaghqaaghtaquq.

taakwani	+?

nani	nani

julymi	+?

aatkaghqaaghtaquq	+?

------------------------
Katamngwaaq melqughtulangi lliighaqut pinighllaget aangelghiinguyaghngaaghmeng, legan melqeghqelliighaghaqegkangi.

katamngwaaq	+?

melqughtulangi	+?

lliighaqut	+?

pinighllaget	pi-@₁~fni[to.say.that.one.is.V-ing][Cmpd_Vbl]-–ghllaget[big.N][AUG]
pinighllaget	pi-~:(u)te[to.V.for.or.with][to.cause.to.V.as.one.is.V-ing][to.V.toward.each.other][V→V]-@₁~fni[to.say.that.one.is.V-ing][Cmpd_Vbl]-–ghllaget[big.N][AUG]
pinighllaget	pi-~:(u)te[SBJ.V-ed.something][V→V]-@₁~fni[to.say.that.one.is.V-ing][Cmpd_Vbl]-–ghllaget[big.N][AUG]
pinighllaget	pinigh-–ghllaget[big.N][AUG]

aangelghiinguyaghngaaghmeng	aange-@₁–lghii[the.one.that.V-ed][the.one.that.is.V][V→N]-~:(ng₁)u[to.be.N][N→V]-@₁~fyagh[to.go.V-ing][to.V.in.vain][V→V][V][Conc][4Pl]
aangelghiinguyaghngaaghmeng	aange-@₁–lghii[the.one.that.V-ed][the.one.that.is.V][V→N]-~:(ng₁)u[to.be.N][N→V]-~:(u)te[to.V.for.or.with][to.cause.to.V.as.one.is.V-ing][to.V.toward.each.other][V→V]-@₁~fyagh[to.go.V-ing][to.V.in.vain][V→V][V][Conc][4Pl]
aangelghiinguyaghngaaghmeng	aange-@₁–lghii[the.one.that.V-ed][the.one.that.is.V][V→N]-~:(ng₁)u[to.be.N][N→V]-~:(u)te[SBJ.V-ed.something][V→V]-@₁~fyagh[to.go.V-ing][to.V.in.vain][V→V][V][Conc][4Pl]

legan	legan

melqeghqelliighaghaqegkangi	+?

------------------------


------------------------
Ighnisti April-mi piinlighaqut kiyang, yuginaghmeng.

ighnisti	+?

aprilmi	+?

piinlighaqut	+?

kiyang	+?

yuginaghmeng	+?

------------------------
Kipullegtistekulluteng one week-ekaghtaan.

kipullegtistekulluteng	+?

one	+?

weekekaghtaan	+?

------------------------


------------------------
Ivgamelluta nutaan maana quyngiq atghaghluni ellmineng tamaani ighniightughaquq uvikaghamnnillu.

ivgamelluta	+?

nutaan	+?

maana	maana

quyngiq	quyngigh[N][Abs][Unpd][Sg]

atghaghluni	atghagh[V][Sbrd][3Sg]

ellmineng	+?

tamaani	+?

ighniightughaquq	+?

uvikaghamnnillu	+?

------------------------
Taklaghlluta esghapagaqaput tawaten esghapakamtestun legan, nughaat kineghnaqutnginaq aga igleghtaqut.

taklaghlluta	+?

esghapagaqaput	+?

tawaten	tawaten

esghapakamtestun	+?

legan	legan

nughaat	+?

kineghnaqutnginaq	+?

aga	aga

igleghtaqut	igleghte-~(g₁)aqe[to.be.V.ing][to.regularly.or.repeatedly.V][V→V][V][Ind][3Pl]

------------------------


------------------------
Umegneghuluku tiintaluteng nayughiiqut.

umegneghuluku	+?

tiintaluteng	+?

nayughiiqut	+?

------------------------
Tiintaluteng ighnistimi tawaten.

tiintaluteng	+?

ighnistimi	+?

tawaten	tawaten

------------------------
Uglaghllagyalghii quyngiq.

uglaghllagyalghii	+?

quyngiq	quyngigh[N][Abs][Unpd][Sg]

------------------------


------------------------
