Vupiget Neqniillghat 

vupiget	+?

neqniillghat	+?

------------------------
Ggayegllugem Apellgha 

ggayegllugem	+?

apellgha	+?

------------------------


------------------------
Neqniilleq kenlengisaghtuq avangisaghtuq.

neqniilleq	+?

kenlengisaghtuq	+?

avangisaghtuq	ava-~:(ng₁)ite**[to.lack.N][to.not.have.N][N→V]-te[to.act.on.so.as.to.cause.to.V][V→V]-@₁~fyagh[to.go.V-ing][to.V.in.vain][V→V][V][Intr][Ind][3Sg]
avangisaghtuq	ava-~:(ng₁)ite**[to.lack.N][to.not.have.N][N→V]-te[to.act.on.so.as.to.cause.to.V][V→V]-@₁~fyagh[to.go.V-ing][to.V.in.vain][V→V]-te[to.act.on.so.as.to.cause.to.V][V→V][V][Intr][Ind][3Sg]
avangisaghtuq	ava-~:(ng₁)ite**[to.lack.N][to.not.have.N][N→V]-@₁~fyagh[to.go.V-ing][to.V.in.vain][V→V][V][Intr][Ind][3Sg]
avangisaghtuq	ava-~:(ng₁)ite**[to.lack.N][to.not.have.N][N→V]-@₁~fyagh[to.go.V-ing][to.V.in.vain][V→V]-te[to.act.on.so.as.to.cause.to.V][V→V][V][Intr][Ind][3Sg]

------------------------
Iwerngaqun unaksulleghmegestun uglaghqakaan unakegkayuguyaghaat.

iwerngaqun	+?

unaksulleghmegestun	+?

uglaghqakaan	+?

unakegkayuguyaghaat	+?

------------------------
Tawaten uglaghqakaan unakelleghqameng kenlengisaghtuq.

tawaten	tawaten

uglaghqakaan	+?

unakelleghqameng	+?

kenlengisaghtuq	+?

------------------------


------------------------
Upenghami tawaten angyaghtuneghmeggni naamakaghhniiqelghiit, pingayuneng inglulek ayveghaneghmeggni naamakaghtemmeng atilqeftuq.

upenghami	+?

tawaten	tawaten

angyaghtuneghmeggni	angyagh-tugh[to.eat.N][to.use.N][N→V]-@₁–negh[the.act.or.activity.of.V-ing][V→N][N][Loc][4PlPoss][SgPosd]
angyaghtuneghmeggni	angyagh-tugh[to.eat.N][to.use.N][N→V]-@₁–negh[the.act.or.activity.of.V-ing][V→N][N][Loc][4PlPoss][PlPosd]

naamakaghhniiqelghiit	+?

pingayuneng	+?

inglulek	inglu-–leg[one.having.N][N→N][N][Abs][Unpd][Sg]
inglulek	ingluleg[N][Abs][Unpd][Sg]

ayveghaneghmeggni	+?

naamakaghtemmeng	+?

atilqeftuq	+?

------------------------
Ayveghallghem uglaghtalanga eight, naamakaghtengnguftuq atillgha.

ayveghallghem	+?

uglaghtalanga	uglaghtala[N][Abs][3SgPoss][SgPosd]

eight	+?

naamakaghtengnguftuq	+?

atillgha	+?

------------------------


------------------------
Yupiineghllawaaqsalghiit.

yupiineghllawaaqsalghiit	+?

------------------------
Ilangi aamta whaten yupagitaqluteng ayuqsalghiit.

ilangi	ila[N][Abs][3SgPoss][PlPosd]

aamta	aaw[N][Rel][1PlPoss][SgPosd]
aamta	aaw[N][Rel][1PlPoss][PlPosd]
aamta	aaghw[N][Rel][1PlPoss][SgPosd]
aamta	aaghw[N][Rel][1PlPoss][PlPosd]

whaten	wha[N][Abs][2SgPoss][PlPosd]
whaten	wha-te[to.catch.N][to.go.to.N][N→V][V][Intr][Opt][PRS][2Sg]
whaten	wha[N][Abs][2SgPoss][PlPosd]

yupagitaqluteng	+?

ayuqsalghiit	+?

------------------------
Enkaam natetkanighmi angyiigataqluteng, yupagilnguut.

enkaam	enkaam

natetkanighmi	+?

angyiigataqluteng	angyagh-@₁~:(ng₂)igate[to.never.V][to.not.be.V-ing][V→V]-~(g₁)aqe[to.be.V.ing][to.regularly.or.repeatedly.V][V→V]-te[to.act.on.so.as.to.cause.to.V][V→V]-te[to.act.on.so.as.to.cause.to.V][V→V]-te[to.act.on.so.as.to.cause.to.V][V→V][V][Intr][Sbrd][3Pl]
angyiigataqluteng	angyagh-@₁~:(ng₂)igate[to.never.V][to.not.be.V-ing][V→V]-~(g₁)aqe[to.be.V.ing][to.regularly.or.repeatedly.V][V→V]-te[to.act.on.so.as.to.cause.to.V][V→V]-te[to.act.on.so.as.to.cause.to.V][V→V][V][Intr][Sbrd][3Pl]
angyiigataqluteng	angyagh-@₁~:(ng₂)igate[to.never.V][to.not.be.V-ing][V→V]-~(g₁)aqe[to.be.V.ing][to.regularly.or.repeatedly.V][V→V]-te[to.act.on.so.as.to.cause.to.V][V→V][V][Intr][Sbrd][3Pl]
angyiigataqluteng	angyagh-@₁~:(ng₂)igate[to.never.V][to.not.be.V-ing][V→V]-~(g₁)aqe[to.be.V.ing][to.regularly.or.repeatedly.V][V→V][V][Intr][Sbrd][3Pl]

yupagilnguut	+?

------------------------
Tamaakut yupiinghet alngunak angyalleghmegestun angyaqayuguyaghtut.

tamaakut	+?

yupiinghet	+?

alngunak	+?

angyalleghmegestun	+?

angyaqayuguyaghtut	angyagh-~–kayugu[to.be.able.to.V][V→V]-@₁~fyagh[to.go.V-ing][to.V.in.vain][V→V][V][Intr][Ind][3Pl]
angyaqayuguyaghtut	angyagh-~–kayugu[to.be.able.to.V][V→V]-@₁~fyagh[to.go.V-ing][to.V.in.vain][V→V]-te[to.act.on.so.as.to.cause.to.V][V→V][V][Intr][Ind][3Pl]
angyaqayuguyaghtut	angyagh-~–kayugu[to.be.able.to.V][V→V]-~:(u)te[to.V.for.or.with][to.cause.to.V.as.one.is.V-ing][to.V.toward.each.other][V→V]-@₁~fyagh[to.go.V-ing][to.V.in.vain][V→V][V][Intr][Ind][3Pl]
angyaqayuguyaghtut	angyagh-~–kayugu[to.be.able.to.V][V→V]-~:(u)te[to.V.for.or.with][to.cause.to.V.as.one.is.V-ing][to.V.toward.each.other][V→V]-@₁~fyagh[to.go.V-ing][to.V.in.vain][V→V]-te[to.act.on.so.as.to.cause.to.V][V→V][V][Intr][Ind][3Pl]
angyaqayuguyaghtut	angyagh-~–kayugu[to.be.able.to.V][V→V]-~:(u)te[SBJ.V-ed.something][V→V]-@₁~fyagh[to.go.V-ing][to.V.in.vain][V→V][V][Intr][Ind][3Pl]
angyaqayuguyaghtut	angyagh-~–kayugu[to.be.able.to.V][V→V]-~:(u)te[SBJ.V-ed.something][V→V]-@₁~fyagh[to.go.V-ing][to.V.in.vain][V→V]-te[to.act.on.so.as.to.cause.to.V][V→V][V][Intr][Ind][3Pl]

------------------------


------------------------
Twelve-nguyaghpetut angyam uglaghtalanga neghighluku.

twelvenguyaghpetut	+?

angyam	angyagh[N][Rel][Unpd][Sg]

uglaghtalanga	uglaghtala[N][Abs][3SgPoss][SgPosd]

neghighluku	+?

------------------------
Saavlankutgun angyaghyuwhaaghtunga.

saavlankutgun	+?

angyaghyuwhaaghtunga	+?

------------------------
Taagken Angqatenganwatkun angyaghnalunga piyagh lunga, kayutngunaanghinnilunga ighsakaanga.

taagken	taagken

angqatenganwatkun	+?

angyaghnalunga	angyagh-@₁~fna[in.order.to.V][intending.to.V][V→V]-~:(u)te[to.V.for.or.with][to.cause.to.V.as.one.is.V-ing][to.V.toward.each.other][V→V][V][Intr][Sbrd][1Sg]
angyaghnalunga	angyagh-@₁~fna[in.order.to.V][intending.to.V][V→V]-~:(u)te[SBJ.V-ed.something][V→V][V][Intr][Sbrd][1Sg]
angyaghnalunga	angyagh-@₁~fna[in.order.to.V][intending.to.V][V→V][V][Intr][Sbrd][1Sg]

piyagh	+?

lunga	+?

kayutngunaanghinnilunga	kayute-~:(ng₁)u[to.be.N][N→V]-@₁~fnaanghite[will.not.V][V→V]-te[to.act.on.so.as.to.cause.to.V][V→V]-te[to.act.on.so.as.to.cause.to.V][V→V]-@₁~fni[to.say.that.one.is.V-ing][Cmpd_Vbl]-~:(u)te[to.V.for.or.with][to.cause.to.V.as.one.is.V-ing][to.V.toward.each.other][V→V][V][Intr][Sbrd][1Sg]
kayutngunaanghinnilunga	kayute-~:(ng₁)u[to.be.N][N→V]-@₁~fnaanghite[will.not.V][V→V]-te[to.act.on.so.as.to.cause.to.V][V→V]-te[to.act.on.so.as.to.cause.to.V][V→V]-@₁~fni[to.say.that.one.is.V-ing][Cmpd_Vbl]-~:(u)te[to.V.for.or.with][to.cause.to.V.as.one.is.V-ing][to.V.toward.each.other][V→V][V][Trns][Sbrd][_][1Sg]
kayutngunaanghinnilunga	kayute-~:(ng₁)u[to.be.N][N→V]-@₁~fnaanghite[will.not.V][V→V]-te[to.act.on.so.as.to.cause.to.V][V→V]-te[to.act.on.so.as.to.cause.to.V][V→V]-@₁~fni[to.say.that.one.is.V-ing][Cmpd_Vbl]-~:(u)te[SBJ.V-ed.something][V→V][V][Intr][Sbrd][1Sg]
kayutngunaanghinnilunga	kayute-~:(ng₁)u[to.be.N][N→V]-@₁~fnaanghite[will.not.V][V→V]-te[to.act.on.so.as.to.cause.to.V][V→V]-te[to.act.on.so.as.to.cause.to.V][V→V]-@₁~fni[to.say.that.one.is.V-ing][Cmpd_Vbl][V][Intr][Sbrd][1Sg]
kayutngunaanghinnilunga	kayute-~:(ng₁)u[to.be.N][N→V]-@₁~fnaanghite[will.not.V][V→V]-te[to.act.on.so.as.to.cause.to.V][V→V]-te[to.act.on.so.as.to.cause.to.V][V→V]-@₁~fni[to.say.that.one.is.V-ing][Cmpd_Vbl][V][Trns][Sbrd][_][1Sg]
kayutngunaanghinnilunga	kayute-~:(ng₁)u[to.be.N][N→V]-@₁~fnaanghite[will.not.V][V→V]-te[to.act.on.so.as.to.cause.to.V][V→V]-@₁~fni[to.say.that.one.is.V-ing][Cmpd_Vbl]-~:(u)te[to.V.for.or.with][to.cause.to.V.as.one.is.V-ing][to.V.toward.each.other][V→V][V][Intr][Sbrd][1Sg]
kayutngunaanghinnilunga	kayute-~:(ng₁)u[to.be.N][N→V]-@₁~fnaanghite[will.not.V][V→V]-te[to.act.on.so.as.to.cause.to.V][V→V]-@₁~fni[to.say.that.one.is.V-ing][Cmpd_Vbl]-~:(u)te[to.V.for.or.with][to.cause.to.V.as.one.is.V-ing][to.V.toward.each.other][V→V][V][Trns][Sbrd][_][1Sg]
kayutngunaanghinnilunga	kayute-~:(ng₁)u[to.be.N][N→V]-@₁~fnaanghite[will.not.V][V→V]-te[to.act.on.so.as.to.cause.to.V][V→V]-@₁~fni[to.say.that.one.is.V-ing][Cmpd_Vbl]-~:(u)te[SBJ.V-ed.something][V→V][V][Intr][Sbrd][1Sg]
kayutngunaanghinnilunga	kayute-~:(ng₁)u[to.be.N][N→V]-@₁~fnaanghite[will.not.V][V→V]-te[to.act.on.so.as.to.cause.to.V][V→V]-@₁~fni[to.say.that.one.is.V-ing][Cmpd_Vbl][V][Intr][Sbrd][1Sg]
kayutngunaanghinnilunga	kayute-~:(ng₁)u[to.be.N][N→V]-@₁~fnaanghite[will.not.V][V→V]-te[to.act.on.so.as.to.cause.to.V][V→V]-@₁~fni[to.say.that.one.is.V-ing][Cmpd_Vbl][V][Trns][Sbrd][_][1Sg]
kayutngunaanghinnilunga	kayute-~:(ng₁)u[to.be.N][N→V]-@₁~fnaanghite[will.not.V][V→V]-@₁~fni[to.say.that.one.is.V-ing][Cmpd_Vbl]-~:(u)te[to.V.for.or.with][to.cause.to.V.as.one.is.V-ing][to.V.toward.each.other][V→V][V][Intr][Sbrd][1Sg]
kayutngunaanghinnilunga	kayute-~:(ng₁)u[to.be.N][N→V]-@₁~fnaanghite[will.not.V][V→V]-@₁~fni[to.say.that.one.is.V-ing][Cmpd_Vbl]-~:(u)te[to.V.for.or.with][to.cause.to.V.as.one.is.V-ing][to.V.toward.each.other][V→V][V][Trns][Sbrd][_][1Sg]
kayutngunaanghinnilunga	kayute-~:(ng₁)u[to.be.N][N→V]-@₁~fnaanghite[will.not.V][V→V]-@₁~fni[to.say.that.one.is.V-ing][Cmpd_Vbl]-~:(u)te[SBJ.V-ed.something][V→V][V][Intr][Sbrd][1Sg]
kayutngunaanghinnilunga	kayute-~:(ng₁)u[to.be.N][N→V]-@₁~fnaanghite[will.not.V][V→V]-@₁~fni[to.say.that.one.is.V-ing][Cmpd_Vbl][V][Intr][Sbrd][1Sg]
kayutngunaanghinnilunga	kayute-~:(ng₁)u[to.be.N][N→V]-@₁~fnaanghite[will.not.V][V→V]-@₁~fni[to.say.that.one.is.V-ing][Cmpd_Vbl][V][Trns][Sbrd][_][1Sg]
kayutngunaanghinnilunga	kayute-~:(ng₁)u[to.be.N][N→V]-~:(u)te[to.V.for.or.with][to.cause.to.V.as.one.is.V-ing][to.V.toward.each.other][V→V]-@₁~fnaanghite[will.not.V][V→V]-te[to.act.on.so.as.to.cause.to.V][V→V]-te[to.act.on.so.as.to.cause.to.V][V→V]-te[to.act.on.so.as.to.cause.to.V][V→V]-@₁~fni[to.say.that.one.is.V-ing][Cmpd_Vbl]-~:(u)te[to.V.for.or.with][to.cause.to.V.as.one.is.V-ing][to.V.toward.each.other][V→V][V][Intr][Sbrd][1Sg]
kayutngunaanghinnilunga	kayute-~:(ng₁)u[to.be.N][N→V]-~:(u)te[to.V.for.or.with][to.cause.to.V.as.one.is.V-ing][to.V.toward.each.other][V→V]-@₁~fnaanghite[will.not.V][V→V]-te[to.act.on.so.as.to.cause.to.V][V→V]-te[to.act.on.so.as.to.cause.to.V][V→V]-te[to.act.on.so.as.to.cause.to.V][V→V]-@₁~fni[to.say.that.one.is.V-ing][Cmpd_Vbl]-~:(u)te[to.V.for.or.with][to.cause.to.V.as.one.is.V-ing][to.V.toward.each.other][V→V][V][Trns][Sbrd][_][1Sg]
kayutngunaanghinnilunga	kayute-~:(ng₁)u[to.be.N][N→V]-~:(u)te[to.V.for.or.with][to.cause.to.V.as.one.is.V-ing][to.V.toward.each.other][V→V]-@₁~fnaanghite[will.not.V][V→V]-te[to.act.on.so.as.to.cause.to.V][V→V]-te[to.act.on.so.as.to.cause.to.V][V→V]-te[to.act.on.so.as.to.cause.to.V][V→V]-@₁~fni[to.say.that.one.is.V-ing][Cmpd_Vbl]-~:(u)te[SBJ.V-ed.something][V→V][V][Intr][Sbrd][1Sg]
kayutngunaanghinnilunga	kayute-~:(ng₁)u[to.be.N][N→V]-~:(u)te[to.V.for.or.with][to.cause.to.V.as.one.is.V-ing][to.V.toward.each.other][V→V]-@₁~fnaanghite[will.not.V][V→V]-te[to.act.on.so.as.to.cause.to.V][V→V]-te[to.act.on.so.as.to.cause.to.V][V→V]-te[to.act.on.so.as.to.cause.to.V][V→V]-@₁~fni[to.say.that.one.is.V-ing][Cmpd_Vbl][V][Intr][Sbrd][1Sg]
kayutngunaanghinnilunga	kayute-~:(ng₁)u[to.be.N][N→V]-~:(u)te[to.V.for.or.with][to.cause.to.V.as.one.is.V-ing][to.V.toward.each.other][V→V]-@₁~fnaanghite[will.not.V][V→V]-te[to.act.on.so.as.to.cause.to.V][V→V]-te[to.act.on.so.as.to.cause.to.V][V→V]-te[to.act.on.so.as.to.cause.to.V][V→V]-@₁~fni[to.say.that.one.is.V-ing][Cmpd_Vbl][V][Trns][Sbrd][_][1Sg]
kayutngunaanghinnilunga	kayute-~:(ng₁)u[to.be.N][N→V]-~:(u)te[to.V.for.or.with][to.cause.to.V.as.one.is.V-ing][to.V.toward.each.other][V→V]-@₁~fnaanghite[will.not.V][V→V]-te[to.act.on.so.as.to.cause.to.V][V→V]-te[to.act.on.so.as.to.cause.to.V][V→V]-@₁~fni[to.say.that.one.is.V-ing][Cmpd_Vbl]-~:(u)te[to.V.for.or.with][to.cause.to.V.as.one.is.V-ing][to.V.toward.each.other][V→V][V][Intr][Sbrd][1Sg]
kayutngunaanghinnilunga	kayute-~:(ng₁)u[to.be.N][N→V]-~:(u)te[to.V.for.or.with][to.cause.to.V.as.one.is.V-ing][to.V.toward.each.other][V→V]-@₁~fnaanghite[will.not.V][V→V]-te[to.act.on.so.as.to.cause.to.V][V→V]-te[to.act.on.so.as.to.cause.to.V][V→V]-@₁~fni[to.say.that.one.is.V-ing][Cmpd_Vbl]-~:(u)te[to.V.for.or.with][to.cause.to.V.as.one.is.V-ing][to.V.toward.each.other][V→V][V][Trns][Sbrd][_][1Sg]
kayutngunaanghinnilunga	kayute-~:(ng₁)u[to.be.N][N→V]-~:(u)te[to.V.for.or.with][to.cause.to.V.as.one.is.V-ing][to.V.toward.each.other][V→V]-@₁~fnaanghite[will.not.V][V→V]-te[to.act.on.so.as.to.cause.to.V][V→V]-te[to.act.on.so.as.to.cause.to.V][V→V]-@₁~fni[to.say.that.one.is.V-ing][Cmpd_Vbl]-~:(u)te[SBJ.V-ed.something][V→V][V][Intr][Sbrd][1Sg]
kayutngunaanghinnilunga	kayute-~:(ng₁)u[to.be.N][N→V]-~:(u)te[to.V.for.or.with][to.cause.to.V.as.one.is.V-ing][to.V.toward.each.other][V→V]-@₁~fnaanghite[will.not.V][V→V]-te[to.act.on.so.as.to.cause.to.V][V→V]-te[to.act.on.so.as.to.cause.to.V][V→V]-@₁~fni[to.say.that.one.is.V-ing][Cmpd_Vbl][V][Intr][Sbrd][1Sg]
kayutngunaanghinnilunga	kayute-~:(ng₁)u[to.be.N][N→V]-~:(u)te[to.V.for.or.with][to.cause.to.V.as.one.is.V-ing][to.V.toward.each.other][V→V]-@₁~fnaanghite[will.not.V][V→V]-te[to.act.on.so.as.to.cause.to.V][V→V]-te[to.act.on.so.as.to.cause.to.V][V→V]-@₁~fni[to.say.that.one.is.V-ing][Cmpd_Vbl][V][Trns][Sbrd][_][1Sg]
kayutngunaanghinnilunga	kayute-~:(ng₁)u[to.be.N][N→V]-~:(u)te[to.V.for.or.with][to.cause.to.V.as.one.is.V-ing][to.V.toward.each.other][V→V]-@₁~fnaanghite[will.not.V][V→V]-te[to.act.on.so.as.to.cause.to.V][V→V]-@₁~fni[to.say.that.one.is.V-ing][Cmpd_Vbl]-~:(u)te[to.V.for.or.with][to.cause.to.V.as.one.is.V-ing][to.V.toward.each.other][V→V][V][Intr][Sbrd][1Sg]
kayutngunaanghinnilunga	kayute-~:(ng₁)u[to.be.N][N→V]-~:(u)te[to.V.for.or.with][to.cause.to.V.as.one.is.V-ing][to.V.toward.each.other][V→V]-@₁~fnaanghite[will.not.V][V→V]-te[to.act.on.so.as.to.cause.to.V][V→V]-@₁~fni[to.say.that.one.is.V-ing][Cmpd_Vbl]-~:(u)te[to.V.for.or.with][to.cause.to.V.as.one.is.V-ing][to.V.toward.each.other][V→V][V][Trns][Sbrd][_][1Sg]
kayutngunaanghinnilunga	kayute-~:(ng₁)u[to.be.N][N→V]-~:(u)te[to.V.for.or.with][to.cause.to.V.as.one.is.V-ing][to.V.toward.each.other][V→V]-@₁~fnaanghite[will.not.V][V→V]-te[to.act.on.so.as.to.cause.to.V][V→V]-@₁~fni[to.say.that.one.is.V-ing][Cmpd_Vbl]-~:(u)te[SBJ.V-ed.something][V→V][V][Intr][Sbrd][1Sg]
kayutngunaanghinnilunga	kayute-~:(ng₁)u[to.be.N][N→V]-~:(u)te[to.V.for.or.with][to.cause.to.V.as.one.is.V-ing][to.V.toward.each.other][V→V]-@₁~fnaanghite[will.not.V][V→V]-te[to.act.on.so.as.to.cause.to.V][V→V]-@₁~fni[to.say.that.one.is.V-ing][Cmpd_Vbl][V][Intr][Sbrd][1Sg]
kayutngunaanghinnilunga	kayute-~:(ng₁)u[to.be.N][N→V]-~:(u)te[to.V.for.or.with][to.cause.to.V.as.one.is.V-ing][to.V.toward.each.other][V→V]-@₁~fnaanghite[will.not.V][V→V]-te[to.act.on.so.as.to.cause.to.V][V→V]-@₁~fni[to.say.that.one.is.V-ing][Cmpd_Vbl][V][Trns][Sbrd][_][1Sg]
kayutngunaanghinnilunga	kayute-~:(ng₁)u[to.be.N][N→V]-~:(u)te[to.V.for.or.with][to.cause.to.V.as.one.is.V-ing][to.V.toward.each.other][V→V]-@₁~fnaanghite[will.not.V][V→V]-@₁~fni[to.say.that.one.is.V-ing][Cmpd_Vbl]-~:(u)te[to.V.for.or.with][to.cause.to.V.as.one.is.V-ing][to.V.toward.each.other][V→V][V][Intr][Sbrd][1Sg]
kayutngunaanghinnilunga	kayute-~:(ng₁)u[to.be.N][N→V]-~:(u)te[to.V.for.or.with][to.cause.to.V.as.one.is.V-ing][to.V.toward.each.other][V→V]-@₁~fnaanghite[will.not.V][V→V]-@₁~fni[to.say.that.one.is.V-ing][Cmpd_Vbl]-~:(u)te[to.V.for.or.with][to.cause.to.V.as.one.is.V-ing][to.V.toward.each.other][V→V][V][Trns][Sbrd][_][1Sg]
kayutngunaanghinnilunga	kayute-~:(ng₁)u[to.be.N][N→V]-~:(u)te[to.V.for.or.with][to.cause.to.V.as.one.is.V-ing][to.V.toward.each.other][V→V]-@₁~fnaanghite[will.not.V][V→V]-@₁~fni[to.say.that.one.is.V-ing][Cmpd_Vbl]-~:(u)te[SBJ.V-ed.something][V→V][V][Intr][Sbrd][1Sg]
kayutngunaanghinnilunga	kayute-~:(ng₁)u[to.be.N][N→V]-~:(u)te[to.V.for.or.with][to.cause.to.V.as.one.is.V-ing][to.V.toward.each.other][V→V]-@₁~fnaanghite[will.not.V][V→V]-@₁~fni[to.say.that.one.is.V-ing][Cmpd_Vbl][V][Intr][Sbrd][1Sg]
kayutngunaanghinnilunga	kayute-~:(ng₁)u[to.be.N][N→V]-~:(u)te[to.V.for.or.with][to.cause.to.V.as.one.is.V-ing][to.V.toward.each.other][V→V]-@₁~fnaanghite[will.not.V][V→V]-@₁~fni[to.say.that.one.is.V-ing][Cmpd_Vbl][V][Trns][Sbrd][_][1Sg]
kayutngunaanghinnilunga	kayute-~:(ng₁)u[to.be.N][N→V]-~:(u)te[SBJ.V-ed.something][V→V]-@₁~fnaanghite[will.not.V][V→V]-te[to.act.on.so.as.to.cause.to.V][V→V]-te[to.act.on.so.as.to.cause.to.V][V→V]-te[to.act.on.so.as.to.cause.to.V][V→V]-@₁~fni[to.say.that.one.is.V-ing][Cmpd_Vbl]-~:(u)te[to.V.for.or.with][to.cause.to.V.as.one.is.V-ing][to.V.toward.each.other][V→V][V][Intr][Sbrd][1Sg]
kayutngunaanghinnilunga	kayute-~:(ng₁)u[to.be.N][N→V]-~:(u)te[SBJ.V-ed.something][V→V]-@₁~fnaanghite[will.not.V][V→V]-te[to.act.on.so.as.to.cause.to.V][V→V]-te[to.act.on.so.as.to.cause.to.V][V→V]-te[to.act.on.so.as.to.cause.to.V][V→V]-@₁~fni[to.say.that.one.is.V-ing][Cmpd_Vbl]-~:(u)te[to.V.for.or.with][to.cause.to.V.as.one.is.V-ing][to.V.toward.each.other][V→V][V][Trns][Sbrd][_][1Sg]
kayutngunaanghinnilunga	kayute-~:(ng₁)u[to.be.N][N→V]-~:(u)te[SBJ.V-ed.something][V→V]-@₁~fnaanghite[will.not.V][V→V]-te[to.act.on.so.as.to.cause.to.V][V→V]-te[to.act.on.so.as.to.cause.to.V][V→V]-te[to.act.on.so.as.to.cause.to.V][V→V]-@₁~fni[to.say.that.one.is.V-ing][Cmpd_Vbl]-~:(u)te[SBJ.V-ed.something][V→V][V][Intr][Sbrd][1Sg]
kayutngunaanghinnilunga	kayute-~:(ng₁)u[to.be.N][N→V]-~:(u)te[SBJ.V-ed.something][V→V]-@₁~fnaanghite[will.not.V][V→V]-te[to.act.on.so.as.to.cause.to.V][V→V]-te[to.act.on.so.as.to.cause.to.V][V→V]-te[to.act.on.so.as.to.cause.to.V][V→V]-@₁~fni[to.say.that.one.is.V-ing][Cmpd_Vbl][V][Intr][Sbrd][1Sg]
kayutngunaanghinnilunga	kayute-~:(ng₁)u[to.be.N][N→V]-~:(u)te[SBJ.V-ed.something][V→V]-@₁~fnaanghite[will.not.V][V→V]-te[to.act.on.so.as.to.cause.to.V][V→V]-te[to.act.on.so.as.to.cause.to.V][V→V]-te[to.act.on.so.as.to.cause.to.V][V→V]-@₁~fni[to.say.that.one.is.V-ing][Cmpd_Vbl][V][Trns][Sbrd][_][1Sg]
kayutngunaanghinnilunga	kayute-~:(ng₁)u[to.be.N][N→V]-~:(u)te[SBJ.V-ed.something][V→V]-@₁~fnaanghite[will.not.V][V→V]-te[to.act.on.so.as.to.cause.to.V][V→V]-te[to.act.on.so.as.to.cause.to.V][V→V]-@₁~fni[to.say.that.one.is.V-ing][Cmpd_Vbl]-~:(u)te[to.V.for.or.with][to.cause.to.V.as.one.is.V-ing][to.V.toward.each.other][V→V][V][Intr][Sbrd][1Sg]
kayutngunaanghinnilunga	kayute-~:(ng₁)u[to.be.N][N→V]-~:(u)te[SBJ.V-ed.something][V→V]-@₁~fnaanghite[will.not.V][V→V]-te[to.act.on.so.as.to.cause.to.V][V→V]-te[to.act.on.so.as.to.cause.to.V][V→V]-@₁~fni[to.say.that.one.is.V-ing][Cmpd_Vbl]-~:(u)te[to.V.for.or.with][to.cause.to.V.as.one.is.V-ing][to.V.toward.each.other][V→V][V][Trns][Sbrd][_][1Sg]
kayutngunaanghinnilunga	kayute-~:(ng₁)u[to.be.N][N→V]-~:(u)te[SBJ.V-ed.something][V→V]-@₁~fnaanghite[will.not.V][V→V]-te[to.act.on.so.as.to.cause.to.V][V→V]-te[to.act.on.so.as.to.cause.to.V][V→V]-@₁~fni[to.say.that.one.is.V-ing][Cmpd_Vbl]-~:(u)te[SBJ.V-ed.something][V→V][V][Intr][Sbrd][1Sg]
kayutngunaanghinnilunga	kayute-~:(ng₁)u[to.be.N][N→V]-~:(u)te[SBJ.V-ed.something][V→V]-@₁~fnaanghite[will.not.V][V→V]-te[to.act.on.so.as.to.cause.to.V][V→V]-te[to.act.on.so.as.to.cause.to.V][V→V]-@₁~fni[to.say.that.one.is.V-ing][Cmpd_Vbl][V][Intr][Sbrd][1Sg]
kayutngunaanghinnilunga	kayute-~:(ng₁)u[to.be.N][N→V]-~:(u)te[SBJ.V-ed.something][V→V]-@₁~fnaanghite[will.not.V][V→V]-te[to.act.on.so.as.to.cause.to.V][V→V]-te[to.act.on.so.as.to.cause.to.V][V→V]-@₁~fni[to.say.that.one.is.V-ing][Cmpd_Vbl][V][Trns][Sbrd][_][1Sg]
kayutngunaanghinnilunga	kayute-~:(ng₁)u[to.be.N][N→V]-~:(u)te[SBJ.V-ed.something][V→V]-@₁~fnaanghite[will.not.V][V→V]-te[to.act.on.so.as.to.cause.to.V][V→V]-@₁~fni[to.say.that.one.is.V-ing][Cmpd_Vbl]-~:(u)te[to.V.for.or.with][to.cause.to.V.as.one.is.V-ing][to.V.toward.each.other][V→V][V][Intr][Sbrd][1Sg]
kayutngunaanghinnilunga	kayute-~:(ng₁)u[to.be.N][N→V]-~:(u)te[SBJ.V-ed.something][V→V]-@₁~fnaanghite[will.not.V][V→V]-te[to.act.on.so.as.to.cause.to.V][V→V]-@₁~fni[to.say.that.one.is.V-ing][Cmpd_Vbl]-~:(u)te[to.V.for.or.with][to.cause.to.V.as.one.is.V-ing][to.V.toward.each.other][V→V][V][Trns][Sbrd][_][1Sg]
kayutngunaanghinnilunga	kayute-~:(ng₁)u[to.be.N][N→V]-~:(u)te[SBJ.V-ed.something][V→V]-@₁~fnaanghite[will.not.V][V→V]-te[to.act.on.so.as.to.cause.to.V][V→V]-@₁~fni[to.say.that.one.is.V-ing][Cmpd_Vbl]-~:(u)te[SBJ.V-ed.something][V→V][V][Intr][Sbrd][1Sg]
kayutngunaanghinnilunga	kayute-~:(ng₁)u[to.be.N][N→V]-~:(u)te[SBJ.V-ed.something][V→V]-@₁~fnaanghite[will.not.V][V→V]-te[to.act.on.so.as.to.cause.to.V][V→V]-@₁~fni[to.say.that.one.is.V-ing][Cmpd_Vbl][V][Intr][Sbrd][1Sg]
kayutngunaanghinnilunga	kayute-~:(ng₁)u[to.be.N][N→V]-~:(u)te[SBJ.V-ed.something][V→V]-@₁~fnaanghite[will.not.V][V→V]-te[to.act.on.so.as.to.cause.to.V][V→V]-@₁~fni[to.say.that.one.is.V-ing][Cmpd_Vbl][V][Trns][Sbrd][_][1Sg]
kayutngunaanghinnilunga	kayute-~:(ng₁)u[to.be.N][N→V]-~:(u)te[SBJ.V-ed.something][V→V]-@₁~fnaanghite[will.not.V][V→V]-@₁~fni[to.say.that.one.is.V-ing][Cmpd_Vbl]-~:(u)te[to.V.for.or.with][to.cause.to.V.as.one.is.V-ing][to.V.toward.each.other][V→V][V][Intr][Sbrd][1Sg]
kayutngunaanghinnilunga	kayute-~:(ng₁)u[to.be.N][N→V]-~:(u)te[SBJ.V-ed.something][V→V]-@₁~fnaanghite[will.not.V][V→V]-@₁~fni[to.say.that.one.is.V-ing][Cmpd_Vbl]-~:(u)te[to.V.for.or.with][to.cause.to.V.as.one.is.V-ing][to.V.toward.each.other][V→V][V][Trns][Sbrd][_][1Sg]
kayutngunaanghinnilunga	kayute-~:(ng₁)u[to.be.N][N→V]-~:(u)te[SBJ.V-ed.something][V→V]-@₁~fnaanghite[will.not.V][V→V]-@₁~fni[to.say.that.one.is.V-ing][Cmpd_Vbl]-~:(u)te[SBJ.V-ed.something][V→V][V][Intr][Sbrd][1Sg]
kayutngunaanghinnilunga	kayute-~:(ng₁)u[to.be.N][N→V]-~:(u)te[SBJ.V-ed.something][V→V]-@₁~fnaanghite[will.not.V][V→V]-@₁~fni[to.say.that.one.is.V-ing][Cmpd_Vbl][V][Intr][Sbrd][1Sg]
kayutngunaanghinnilunga	kayute-~:(ng₁)u[to.be.N][N→V]-~:(u)te[SBJ.V-ed.something][V→V]-@₁~fnaanghite[will.not.V][V→V]-@₁~fni[to.say.that.one.is.V-ing][Cmpd_Vbl][V][Trns][Sbrd][_][1Sg]

ighsakaanga	+?

------------------------
Elngaatall suwaghqwaalunga nutem anglikuma ellngitgun angyaghyaghqaagpenanga.

elngaatall	elngaatall

suwaghqwaalunga	+?

nutem	+?

anglikuma	+?

ellngitgun	ellngitgun

angyaghyaghqaagpenanga	angyagh-@₁~fyagh[to.go.V-ing][to.V.in.vain][V→V]-@₂~fkau[to.have.V-ed][to.have.been.V-ed][V→V]-@₁–nghite**[to.not.V][V→V][V][Intr][Sbrd][1Sg]

------------------------


------------------------
Anglimaghma tawaten yungllaghyaghaanga, taana puygunghilkegka ighsakelqa.

anglimaghma	+?

tawaten	tawaten

yungllaghyaghaanga	+?

taana	taana

puygunghilkegka	puygu-@₁–nghite**[to.not.V][V→V]-@*@₂~sf–(g₂)k(a)e[the.one.that.possessor.V-ed][V→N][N][Abs][1SgPoss][DuPosd]
puygunghilkegka	puygu-@₁–nghite**[to.not.V][V→V][V][Trns][Ptcp][1Sg][3Du]
puygunghilkegka	puygu-@₁–nghite**[to.not.V][V→V][V][Trns][Ptcp][1Sg][3Sg]

ighsakelqa	+?

------------------------
Kayutngunaanghilqa, piyunghitunga.

kayutngunaanghilqa	+?

piyunghitunga	pi-@₁~fyug[to.want.to.V][V→V]-@₁–nghite**[to.not.V][V→V][V][Intr][Ind][1Sg]
piyunghitunga	pi-~:(u)te[to.V.for.or.with][to.cause.to.V.as.one.is.V-ing][to.V.toward.each.other][V→V]-@₁~fyug[to.want.to.V][V→V]-@₁–nghite**[to.not.V][V→V][V][Intr][Ind][1Sg]
piyunghitunga	pi-~:(u)te[SBJ.V-ed.something][V→V]-@₁~fyug[to.want.to.V][V→V]-@₁–nghite**[to.not.V][V→V][V][Intr][Ind][1Sg]
piyunghitunga	piyug-@₁–nghite**[to.not.V][V→V][V][Intr][Ind][1Sg]

------------------------


------------------------
Uwaliit, Saavlankut, Aghillugenkut, Quwaarenkut, Nemaayaankut, Temkeruunkut, Ifkaghutenkut, Eghqaaghaankut, Ungalaankut, Sulugenkut, Nguungayankut, Akulkinkut, angyaqayuguyaghpetut angyaghwaaghqun lliighumaghmeng.

uwaliit	+?

saavlankut	+?

aghillugenkut	aghillug-~sf-w:(e)nkut[N.and.company.or.family][N→N][N][Abs][Unpd][Sg]

quwaarenkut	+?

nemaayaankut	+?

temkeruunkut	+?

ifkaghutenkut	+?

eghqaaghaankut	+?

ungalaankut	+?

sulugenkut	sulug-~sf-w:(e)nkut[N.and.company.or.family][N→N][N][Abs][Unpd][Sg]

nguungayankut	+?

akulkinkut	+?

angyaqayuguyaghpetut	angyagh-~–kayugu[to.be.able.to.V][V→V]-@₁~fyagh[to.go.V-ing][to.V.in.vain][V→V]-(pete)fte[to.evidently.V][to.have.V-ed][V→V][V][Intr][Ind][3Pl]
angyaqayuguyaghpetut	angyagh-~–kayugu[to.be.able.to.V][V→V]-~:(u)te[to.V.for.or.with][to.cause.to.V.as.one.is.V-ing][to.V.toward.each.other][V→V]-@₁~fyagh[to.go.V-ing][to.V.in.vain][V→V]-(pete)fte[to.evidently.V][to.have.V-ed][V→V][V][Intr][Ind][3Pl]
angyaqayuguyaghpetut	angyagh-~–kayugu[to.be.able.to.V][V→V]-~:(u)te[SBJ.V-ed.something][V→V]-@₁~fyagh[to.go.V-ing][to.V.in.vain][V→V]-(pete)fte[to.evidently.V][to.have.V-ed][V→V][V][Intr][Ind][3Pl]

angyaghwaaghqun	angyaghwaagh[N][Via][Unpd][Sg]

lliighumaghmeng	lliigh[Imprs_Agnt]-@₁~:(i/u)magh*[while.V-ing][V→V][Quant_Qual][4Pl]

------------------------


------------------------
Taakut kiyang Quwaarenkut upenghaatanga tamaghhaan aghvengegkayuguftut.

taakut	taake[V][Intr][Ind][3Pl]

kiyang	+?

quwaarenkut	+?

upenghaatanga	+?

tamaghhaan	tamaghhaate[N][Abs][Unpd][Sg]
tamaghhaan	tamaghhagh-~:(ng₁)u[to.be.N][N→V]-~:(u)te[condition.with.respect.to.V-ing][V→N][N][Abs][Unpd][Sg]
tamaghhaan	tamaghhagh[N][Rel][3SgPoss][SgPosd]
tamaghhaan	tamaghhagh[N][Rel][3SgPoss][PlPosd]
tamaghhaan	tamaghhagh*[Quant_Qual][3Sg]

aghvengegkayuguftut	+?

------------------------
Aghvengestenguftut taakut, aghvengyuqat.

aghvengestenguftut	+?

taakut	taake[V][Intr][Ind][3Pl]

aghvengyuqat	aghvengyuqagh[N][Abs][Unpd][Pl]
aghvengyuqat	aghvengyuqagh[N][Rel][Unpd][Pl]

------------------------
Pusaa sivuyagtekluku Quwaaren atakegkanga.

pusaa	+?

sivuyagtekluku	+?

quwaaren	+?

atakegkanga	ata-~–ke[to.have.as.one's.N(s)][N→V]-@*@₂~sf–(g₂)k(a)e[the.one.that.possessor.V-ed][V→N][N][Abs][3SgPoss][SgPosd]

------------------------
Pusaankut, Ataayaghhaankut, Aghnilunkut, Kunukankut, Tatuwinkut, taakunguftut avaqutii Quwaarim.

pusaankut	+?

ataayaghhaankut	+?

aghnilunkut	+?

kunukankut	kunukagh-~sf-w:(e)nkut[N.and.company.or.family][N→N][N][Abs][Unpd][Sg]

tatuwinkut	+?

taakunguftut	+?

avaqutii	avaqutagh-~:(ng₁)u[to.be.N][N→V]-~i[SBJ.V-ed.something][V→V]-~i[SBJ.V-ed.something][V→V]-~i[SBJ.V-ed.something][V→V]-~i[SBJ.V-ed.something][V→V]-~i[SBJ.V-ed.something][V→V][V][Intr][Opt][PRS][2Sg]
avaqutii	avaqutagh-~:(ng₁)u[to.be.N][N→V]-~i[SBJ.V-ed.something][V→V]-~i[SBJ.V-ed.something][V→V]-~i[SBJ.V-ed.something][V→V]-~i[SBJ.V-ed.something][V→V][V][Intr][Opt][PRS][2Sg]
avaqutii	avaqutagh-~:(ng₁)u[to.be.N][N→V]-~i[SBJ.V-ed.something][V→V]-~i[SBJ.V-ed.something][V→V]-~i[SBJ.V-ed.something][V→V][V][Intr][Opt][PRS][2Sg]
avaqutii	avaqutagh-~:(ng₁)u[to.be.N][N→V]-~i[SBJ.V-ed.something][V→V]-~i[SBJ.V-ed.something][V→V][V][Intr][Opt][PRS][2Sg]
avaqutii	avaqutagh-~:(ng₁)u[to.be.N][N→V]-~i[SBJ.V-ed.something][V→V][V][Intr][Opt][PRS][2Sg]
avaqutii	avaqutagh[N][Abs][3SgPoss][PlPosd]

quwaarim	+?

------------------------


------------------------
Elngaatall aghtiilnguut yuggaat quunpeng.

elngaatall	elngaatall

aghtiilnguut	+?

yuggaat	+?

quunpeng	quunpeng

------------------------
Angyaghwaaghqun lliighumaghmeng, amsanaghllugmi whaten taglaghtuunneghmeggni, quunpeng sivuliimanginaghaqelghiit yaavuqumeng.

angyaghwaaghqun	angyaghwaagh[N][Via][Unpd][Sg]

lliighumaghmeng	lliigh[Imprs_Agnt]-@₁~:(i/u)magh*[while.V-ing][V→V][Quant_Qual][4Pl]

amsanaghllugmi	amsanaghllug[N][Loc][Unpd][Sg]
amsanaghllugmi	amsanaghllug[N][Rel][4SgPoss][SgPosd]
amsanaghllugmi	amsanaghllug[N][Rel][4SgPoss][PlPosd]

whaten	wha[N][Abs][2SgPoss][PlPosd]
whaten	wha-te[to.catch.N][to.go.to.N][N→V][V][Intr][Opt][PRS][2Sg]
whaten	wha[N][Abs][2SgPoss][PlPosd]

taglaghtuunneghmeggni	+?

quunpeng	quunpeng

sivuliimanginaghaqelghiit	+?

yaavuqumeng	+?

------------------------
Entaqun yaavuqumeng neghaalipagigalnguut.

entaqun	entaqun

yaavuqumeng	+?

neghaalipagigalnguut	+?

------------------------
Angyaatlu enraq sukasimaghmi ayuqelghii entaqun.

angyaatlu	angyagh[N][Abs][3PlPoss][SgPosd]-llu[Encl]

enraq	+?

sukasimaghmi	+?

ayuqelghii	+?

entaqun	entaqun

------------------------
Pakregrakegtaghhaq angyaghhaat angyaghwaaq.

pakregrakegtaghhaq	+?

angyaghhaat	angyagh-–ghhagh*[dear.N][N→N][N][Abs][Unpd][Pl]
angyaghhaat	angyagh-–ghhagh*[dear.N][N→N][N][Abs][3PlPoss][SgPosd]
angyaghhaat	angyagh-–ghhagh*[dear.N][N→N][N][Rel][Unpd][Pl]
angyaghhaat	angyagh[V][Intr][Opt][FUT][3Pl]
angyaghhaat	Angyat-–ghhagh*[dear.N][N→N][N][Abs][Unpd][Pl]
angyaghhaat	Angyat-–ghhagh*[dear.N][N→N][N][Abs][3PlPoss][SgPosd]
angyaghhaat	Angyat-–ghhagh*[dear.N][N→N][N][Rel][Unpd][Pl]

angyaghwaaq	angyaghwaagh[N][Abs][Unpd][Sg]

------------------------


------------------------
Sivukluku nanevgaghtaqa piyaanghani maligtaqegkegka.

sivukluku	+?

nanevgaghtaqa	nanevgaghtagh-~–ke[to.have.as.one's.N(s)][N→V][V][Intr][Intrg][3Sg]
nanevgaghtaqa	nanevgaghtagh[N][Abs][1SgPoss][SgPosd]
nanevgaghtaqa	nanevgagh-te[to.catch.N][to.go.to.N][N→V]-~(g₁)aqe[to.be.V.ing][to.regularly.or.repeatedly.V][V→V][V][Intr][Intrg][3Sg]

piyaanghani	+?

maligtaqegkegka	maligte-~(g₁)aqe[to.be.V.ing][to.regularly.or.repeatedly.V][V→V]-@*@₂~sf–(g₂)k(a)e[the.one.that.possessor.V-ed][V→N][N][Abs][1SgPoss][DuPosd]
maligtaqegkegka	maligte-~(g₁)aqe[to.be.V.ing][to.regularly.or.repeatedly.V][V→V][V][Trns][Ptcp][1Sg][3Du]
maligtaqegkegka	maligte-~(g₁)aqe[to.be.V.ing][to.regularly.or.repeatedly.V][V→V][V][Trns][Ptcp][1Sg][3Sg]

------------------------
Taagken maavek lliighumaamta aviighusimaan umyugamneng lliightunga.

taagken	taagken

maavek	maavek

lliighumaamta	lliigh[Imprs_Agnt]-@₁~:(i/u)magh*[while.V-ing][V→V][Quant_Qual][1Pl]

aviighusimaan	+?

umyugamneng	umyugagh[N][Abl_Mod][1SgPoss][PlPosd]
umyugamneng	umyugagh[N][Abl_Mod][1SgPoss][SgPosd]

lliightunga	+?

------------------------
Kiyang umyugamneng piyaagaqlunga lliightunga, aviighusimaan nanevgaghtaghhaqa taana.

kiyang	+?

umyugamneng	umyugagh[N][Abl_Mod][1SgPoss][PlPosd]
umyugamneng	umyugagh[N][Abl_Mod][1SgPoss][SgPosd]

piyaagaqlunga	piyaa-~(g₁)aqe[to.be.V.ing][to.regularly.or.repeatedly.V][V→V]-te[to.act.on.so.as.to.cause.to.V][V→V]-te[to.act.on.so.as.to.cause.to.V][V→V][V][Intr][Sbrd][1Sg]
piyaagaqlunga	piyaa-~(g₁)aqe[to.be.V.ing][to.regularly.or.repeatedly.V][V→V]-te[to.act.on.so.as.to.cause.to.V][V→V][V][Intr][Sbrd][1Sg]
piyaagaqlunga	piyaa-~(g₁)aqe[to.be.V.ing][to.regularly.or.repeatedly.V][V→V][V][Intr][Sbrd][1Sg]

lliightunga	+?

aviighusimaan	+?

nanevgaghtaghhaqa	nanevgaghtagh-–ghhagh*[dear.N][N→N]-~–ke[to.have.as.one's.N(s)][N→V][V][Intr][Intrg][3Sg]
nanevgaghtaghhaqa	nanevgaghtagh-–ghhagh*[dear.N][N→N][N][Abs][1SgPoss][SgPosd]

taana	taana

------------------------


------------------------
Ayveghhniiq sufluganeng whangamni talwa teghignaghtuq.

ayveghhniiq	ayvegh-te[to.catch.N][to.go.to.N][N→V]-@₁~fni[to.say.that.one.is.V-ing][Cmpd_Vbl]-~faagh[one.who.keeps.on.V-ing][AUG]
ayveghhniiq	ayvegh-te[to.catch.N][to.go.to.N][N→V]-@₁~fni[to.say.that.one.is.V-ing][Cmpd_Vbl]-~i[SBJ.V-ed.something][V→V]-~faagh[one.who.keeps.on.V-ing][AUG]
ayveghhniiq	ayvegh-te[to.catch.N][to.go.to.N][N→V]-@₁~fni[to.say.that.one.is.V-ing][Cmpd_Vbl]-~i[SBJ.V-ed.something][V→V]-~i[SBJ.V-ed.something][V→V]-~faagh[one.who.keeps.on.V-ing][AUG]
ayveghhniiq	ayvegh-te[to.catch.N][to.go.to.N][N→V]-@₁~fni[to.say.that.one.is.V-ing][Cmpd_Vbl]-~i[SBJ.V-ed.something][V→V]-~i[SBJ.V-ed.something][V→V]-~i[SBJ.V-ed.something][V→V]-~faagh[one.who.keeps.on.V-ing][AUG]
ayveghhniiq	ayvegh-te[to.catch.N][to.go.to.N][N→V]-@₁~fni[to.say.that.one.is.V-ing][Cmpd_Vbl]-~i[SBJ.V-ed.something][V→V]-~i[SBJ.V-ed.something][V→V]-~i[SBJ.V-ed.something][V→V]-~i[SBJ.V-ed.something][V→V]-~faagh[one.who.keeps.on.V-ing][AUG]
ayveghhniiq	ayvegh-te[to.catch.N][to.go.to.N][N→V]-@₁~fni[to.say.that.one.is.V-ing][Cmpd_Vbl][V][Intr][Ind][3Sg]
ayveghhniiq	ayvegh-te[to.catch.N][to.go.to.N][N→V]-@₁~fni[to.say.that.one.is.V-ing][Cmpd_Vbl][V][Trns][Ind][3Sg][3Du]
ayveghhniiq	ayvegh-te[to.catch.N][to.go.to.N][N→V]-@₁~fna[in.order.to.V][intending.to.V][V→V]-~i[SBJ.V-ed.something][V→V]-~faagh[one.who.keeps.on.V-ing][AUG]
ayveghhniiq	ayvegh-te[to.catch.N][to.go.to.N][N→V]-@₁~fna[in.order.to.V][intending.to.V][V→V]-~i[SBJ.V-ed.something][V→V]-~i[SBJ.V-ed.something][V→V]-~faagh[one.who.keeps.on.V-ing][AUG]
ayveghhniiq	ayvegh-te[to.catch.N][to.go.to.N][N→V]-@₁~fna[in.order.to.V][intending.to.V][V→V]-~i[SBJ.V-ed.something][V→V]-~i[SBJ.V-ed.something][V→V]-~i[SBJ.V-ed.something][V→V]-~faagh[one.who.keeps.on.V-ing][AUG]
ayveghhniiq	ayvegh-te[to.catch.N][to.go.to.N][N→V]-@₁~fna[in.order.to.V][intending.to.V][V→V]-~i[SBJ.V-ed.something][V→V]-~i[SBJ.V-ed.something][V→V]-~i[SBJ.V-ed.something][V→V]-~i[SBJ.V-ed.something][V→V]-~faagh[one.who.keeps.on.V-ing][AUG]

sufluganeng	suflugagh[N][Abl_Mod][Unpd][Pl]

whangamni	+?

talwa	+?

teghignaghtuq	+?

------------------------
Teng'ghunaghtuq ayveghmeng naghulleneq, sugupineq.

tengghunaghtuq	+?

ayveghmeng	ayvegh[N][Rel][4DuPoss][SgPosd]
ayveghmeng	ayvegh[N][Rel][4DuPoss][PlPosd]
ayveghmeng	ayvegh[N][Rel][4PlPoss][SgPosd]
ayveghmeng	ayvegh[N][Rel][4PlPoss][PlPosd]
ayveghmeng	ayvegh[N][Abl_Mod][Unpd][Sg]

naghulleneq	+?

sugupineq	+?

------------------------
Suflugameng talwa teghignaghtuq.

suflugameng	suflugagh[N][Rel][4DuPoss][SgPosd]
suflugameng	suflugagh[N][Rel][4DuPoss][PlPosd]
suflugameng	suflugagh[N][Rel][4PlPoss][SgPosd]
suflugameng	suflugagh[N][Rel][4PlPoss][PlPosd]
suflugameng	suflugagh[N][Abl_Mod][Unpd][Sg]

talwa	+?

teghignaghtuq	+?

------------------------


------------------------
Yakughniituq, uyiighat kangii taakut sakun vuusleghqun ayugilngughqun agaghlluki, qaamqaghulluki.

yakughniituq	+?

uyiighat	uyiigh[N][Abs][3PlPoss][SgPosd]
uyiighat	uyiighagh[N][Abs][Unpd][Pl]
uyiighat	uyiighagh[N][Rel][Unpd][Pl]

kangii	Kangii[N][Abs][Unpd][Sg]
kangii	kangigh-~:(ng₁)u[to.be.N][N→V]-~i[SBJ.V-ed.something][V→V]-~i[SBJ.V-ed.something][V→V]-~i[SBJ.V-ed.something][V→V]-~i[SBJ.V-ed.something][V→V]-~i[SBJ.V-ed.something][V→V][V][Intr][Opt][PRS][2Sg]
kangii	kangigh-~:(ng₁)u[to.be.N][N→V]-~i[SBJ.V-ed.something][V→V]-~i[SBJ.V-ed.something][V→V]-~i[SBJ.V-ed.something][V→V]-~i[SBJ.V-ed.something][V→V][V][Intr][Opt][PRS][2Sg]
kangii	kangigh-~:(ng₁)u[to.be.N][N→V]-~i[SBJ.V-ed.something][V→V]-~i[SBJ.V-ed.something][V→V]-~i[SBJ.V-ed.something][V→V][V][Intr][Opt][PRS][2Sg]
kangii	kangigh-~:(ng₁)u[to.be.N][N→V]-~i[SBJ.V-ed.something][V→V]-~i[SBJ.V-ed.something][V→V][V][Intr][Opt][PRS][2Sg]
kangii	kangigh-~:(ng₁)u[to.be.N][N→V]-~i[SBJ.V-ed.something][V→V][V][Intr][Opt][PRS][2Sg]
kangii	kangii[N][Abs][Unpd][Sg]
kangii	kangigh-~:(ng₁)u[to.be.N][N→V][V][Intr][Opt][PRS][2Sg]
kangii	kangigh[N][Abs][3SgPoss][SgPosd]
kangii	kangigh[N][Abs][3SgPoss][PlPosd]

taakut	taake[V][Intr][Ind][3Pl]

sakun	sa-~–ke[to.have.as.one's.N(s)][N→V]-~:(u)te[condition.with.respect.to.V-ing][V→N][N][Abs][Unpd][Sg]
sakun	sa[N][Via][Unpd][Sg]

vuusleghqun	vuuslegh[N][Via][Unpd][Sg]

ayugilngughqun	+?

agaghlluki	+?

qaamqaghulluki	+?

------------------------
Sugupiluki piiqegkeput whaten pugleghanilluki piiqegkeput.

sugupiluki	+?

piiqegkeput	pi-~(g₁)aqe[to.be.V.ing][to.regularly.or.repeatedly.V][V→V]-@*@₂~sf–(g₂)k(a)e[the.one.that.possessor.V-ed][V→N][N][Abs][1PlPoss][PlPosd]
piiqegkeput	piigh-~–ke[to.have.as.one's.N(s)][N→V]-@*@₂~sf–(g₂)k(a)e[the.one.that.possessor.V-ed][V→N][N][Abs][1PlPoss][PlPosd]

whaten	wha[N][Abs][2SgPoss][PlPosd]
whaten	wha-te[to.catch.N][to.go.to.N][N→V][V][Intr][Opt][PRS][2Sg]
whaten	wha[N][Abs][2SgPoss][PlPosd]

pugleghanilluki	puglegh[N][Loc][3SgPoss][SgPosd]-ete[to.be]-te[to.act.on.so.as.to.cause.to.V][V→V]-te[to.act.on.so.as.to.cause.to.V][V→V][V][Trns][Sbrd][_][3Pl]
pugleghanilluki	puglegh[N][Loc][3SgPoss][PlPosd]-ete[to.be]-te[to.act.on.so.as.to.cause.to.V][V→V]-te[to.act.on.so.as.to.cause.to.V][V→V][V][Trns][Sbrd][_][3Pl]

piiqegkeput	pi-~(g₁)aqe[to.be.V.ing][to.regularly.or.repeatedly.V][V→V]-@*@₂~sf–(g₂)k(a)e[the.one.that.possessor.V-ed][V→N][N][Abs][1PlPoss][PlPosd]
piiqegkeput	piigh-~–ke[to.have.as.one's.N(s)][N→V]-@*@₂~sf–(g₂)k(a)e[the.one.that.possessor.V-ed][V→N][N][Abs][1PlPoss][PlPosd]

------------------------
Atghaghnaqneghmeggni uygulluteng aneghsaqwaaqelghiit sugupateng qerngughsuggaaqanghaki tawaten wetku sugupiiqegkenka.

atghaghnaqneghmeggni	+?

uygulluteng	uygu-te[to.catch.N][to.go.to.N][N→V][V][Intr][Sbrd][3Pl]

aneghsaqwaaqelghiit	+?

sugupateng	+?

qerngughsuggaaqanghaki	+?

tawaten	tawaten

wetku	+?

sugupiiqegkenka	+?

------------------------


------------------------
Aamtaam asitnginaaqanimeng pilghiini neghqughnalghii.

aamtaam	+?

asitnginaaqanimeng	+?

pilghiini	pi-@₁–lghii[the.one.that.V-ed][the.one.that.is.V][V→N][N][Abs][4SgPoss][SgPosd]
pilghiini	pi-@₁–lghii[the.one.that.V-ed][the.one.that.is.V][V→N][N][Abs][4SgPoss][PlPosd]
pilghiini	pi-@₁–lghii[the.one.that.V-ed][the.one.that.is.V][V→N][N][Loc][Unpd][Pl]
pilghiini	pi-–lghiini[when.one.is.V-ing][among.those.V-ing]

neghqughnalghii	negh-te[to.act.on.so.as.to.cause.to.V][V→V]-@₁qugh[to.V.completely]-@₁~fna[in.order.to.V][intending.to.V][V→V]-@₁–lghii[the.one.that.V-ed][the.one.that.is.V][V→N][N][Abs][Unpd][Sg]
neghqughnalghii	negh-@₁qugh[to.V.completely]-@₁~fna[in.order.to.V][intending.to.V][V→V]-@₁–lghii[the.one.that.V-ed][the.one.that.is.V][V→N][N][Abs][Unpd][Sg]

------------------------
Uunghatlu, naghulkiinaghluku peglleghhiini uunghiighunnalghii.

uunghatlu	+?

naghulkiinaghluku	+?

peglleghhiini	+?

uunghiighunnalghii	+?

------------------------
Tuugkamelluki tawani atghaatkayugi.

tuugkamelluki	+?

tawani	tawani
tawani	tawani[N][Abs][Unpd][Sg]

atghaatkayugi	+?

------------------------
Naghullegluki tawaten naqamalla, qesulghiini, pingigalkangi nengtelghiini.

naghullegluki	+?

tawaten	tawaten

naqamalla	naqamalla[N][Abs][Unpd][Sg]

qesulghiini	+?

pingigalkangi	+?

nengtelghiini	+?

------------------------
Uyiighet nenglleghhiini uunghakun petullghi.

uyiighet	uyigh-~:(ng₁)u[to.be.N][N→V]-~faaghet[one.who.keeps.on.V-ing][AUG]
uyiighet	uyigh-~:(ng₁)u[to.be.N][N→V]-~i[SBJ.V-ed.something][V→V]-~faaghet[one.who.keeps.on.V-ing][AUG]
uyiighet	uyigh-~:(ng₁)u[to.be.N][N→V]-~i[SBJ.V-ed.something][V→V]-~i[SBJ.V-ed.something][V→V]-~faaghet[one.who.keeps.on.V-ing][AUG]
uyiighet	uyigh-~:(ng₁)u[to.be.N][N→V]-~i[SBJ.V-ed.something][V→V]-~i[SBJ.V-ed.something][V→V]-~i[SBJ.V-ed.something][V→V]-~faaghet[one.who.keeps.on.V-ing][AUG]
uyiighet	uyigh-~:(ng₁)u[to.be.N][N→V]-~i[SBJ.V-ed.something][V→V]-~i[SBJ.V-ed.something][V→V]-~i[SBJ.V-ed.something][V→V]-~i[SBJ.V-ed.something][V→V]-~faaghet[one.who.keeps.on.V-ing][AUG]
uyiighet	uyiigh[N][Abs][Unpd][Pl]
uyiighet	uyiigh[N][Rel][Unpd][Pl]

nenglleghhiini	+?

uunghakun	+?

petullghi	+?

------------------------
Naghighaghtaqelghiit, iikaqelghiit.

naghighaghtaqelghiit	+?

iikaqelghiit	+?

------------------------


------------------------
Nengtaghluteng tawaten nasiqulluki sullevulluki, siingenllu takulaghaataqegkangit ayveghalghiit tawaten, sayugluki taawa tuqutaqegkangit.

nengtaghluteng	+?

tawaten	tawaten

nasiqulluki	+?

sullevulluki	+?

siingenllu	siingenllu[N][Abs][Unpd][Sg]

takulaghaataqegkangit	+?

ayveghalghiit	+?

tawaten	tawaten

sayugluki	sa-@₁~fyug[to.want.to.V][V→V][V][Trns][Sbrd][_][3Pl]
sayugluki	sa-~:(u)te[to.V.for.or.with][to.cause.to.V.as.one.is.V-ing][to.V.toward.each.other][V→V]-@₁~fyug[to.want.to.V][V→V][V][Trns][Sbrd][_][3Pl]

taawa	taawa

tuqutaqegkangit	tuqu-~:(u)te[to.V.for.or.with][to.cause.to.V.as.one.is.V-ing][to.V.toward.each.other][V→V]-~(g₁)aqe[to.be.V.ing][to.regularly.or.repeatedly.V][V→V]-@*@₂~sf–(g₂)k(a)e[the.one.that.possessor.V-ed][V→N][N][Abs][3PlPoss][PlPosd]
tuqutaqegkangit	tuqu-~:(u)te[SBJ.V-ed.something][V→V]-~(g₁)aqe[to.be.V.ing][to.regularly.or.repeatedly.V][V→V]-@*@₂~sf–(g₂)k(a)e[the.one.that.possessor.V-ed][V→N][N][Abs][3PlPoss][PlPosd]
tuqutaqegkangit	tuqute-~(g₁)aqe[to.be.V.ing][to.regularly.or.repeatedly.V][V→V]-@*@₂~sf–(g₂)k(a)e[the.one.that.possessor.V-ed][V→N][N][Abs][3PlPoss][PlPosd]
tuqutaqegkangit	tuqute-~(g₁)aqe[to.be.V.ing][to.regularly.or.repeatedly.V][V→V][V][Trns][Ptcp][3Du][3Sg]
tuqutaqegkangit	tuqute-~(g₁)aqe[to.be.V.ing][to.regularly.or.repeatedly.V][V→V][V][Trns][Ptcp][3Pl][3Pl]
tuqutaqegkangit	tuqutagh-~–ke[to.have.as.one's.N(s)][N→V]-@*@₂~sf–(g₂)k(a)e[the.one.that.possessor.V-ed][V→N][N][Abs][3PlPoss][PlPosd]
tuqutaqegkangit	tuqu-te[to.act.on.so.as.to.cause.to.V][V→V]-~(g₁)aqe[to.be.V.ing][to.regularly.or.repeatedly.V][V→V]-@*@₂~sf–(g₂)k(a)e[the.one.that.possessor.V-ed][V→N][N][Abs][3PlPoss][PlPosd]

------------------------


------------------------
Nalluniitaqut anglumegteggun aneghhneghmeggni agepsaaghuutkayuguut.

nalluniitaqut	+?

anglumegteggun	anglu[N][Via][4PlPoss][PlPosd]
anglumegteggun	anglu[N][Via][4PlPoss][SgPosd]

aneghhneghmeggni	anegh-te[to.catch.N][to.go.to.N][N→V]-@₁–negh[the.act.or.activity.of.V-ing][V→N][N][Loc][4PlPoss][SgPosd]
aneghhneghmeggni	anegh-te[to.catch.N][to.go.to.N][N→V]-@₁–negh[the.act.or.activity.of.V-ing][V→N][N][Loc][4PlPoss][PlPosd]

agepsaaghuutkayuguut	+?

------------------------
Allaaghiinaagut pugleghem nuqutulngi.

allaaghiinaagut	+?

pugleghem	puglegh[N][Rel][Unpd][Sg]

nuqutulngi	+?

------------------------
Aamta naafleghmelluki uka samaken mayunghata, esnevaghwaaghluta tawavek laaghhaanun naafleghmi tawani.

aamta	aaw[N][Rel][1PlPoss][SgPosd]
aamta	aaw[N][Rel][1PlPoss][PlPosd]
aamta	aaghw[N][Rel][1PlPoss][SgPosd]
aamta	aaghw[N][Rel][1PlPoss][PlPosd]

naafleghmelluki	+?

uka	uka

samaken	sa-@₁~:(i/u)ma[to.have.V-ed][to.have.been.V-ed][V→V]-@*@₂~sf–(g₂)k(a)e[the.one.that.possessor.V-ed][V→N][N][Abs][2SgPoss][SgPosd]
samaken	sa-@₁~:(i/u)ma[to.have.V-ed][to.have.been.V-ed][V→V][V][Trns][Ptcp][2Sg][3Sg]
samaken	samaken

mayunghata	+?

esnevaghwaaghluta	+?

tawavek	+?

laaghhaanun	laag-–ghhagh*[dear.N][N→N][N][Ter][3SgPoss][SgPosd]
laaghhaanun	laag-–ghhagh*[dear.N][N→N][N][Ter][3SgPoss][PlPosd]
laaghhaanun	laagh-–ghhagh*[dear.N][N→N][N][Ter][3SgPoss][SgPosd]
laaghhaanun	laagh-–ghhagh*[dear.N][N→N][N][Ter][3SgPoss][PlPosd]

naafleghmi	+?

tawani	tawani
tawani	tawani[N][Abs][Unpd][Sg]

------------------------
Uka mayughaqelghiit whaten qungughqelluteng.

uka	uka

mayughaqelghiit	mayugh-~(g₁)aqe[to.be.V.ing][to.regularly.or.repeatedly.V][V→V]-@₁–lghii[the.one.that.V-ed][the.one.that.is.V][V→N][N][Abs][Unpd][Pl]
mayughaqelghiit	mayugh-~(g₁)aqe[to.be.V.ing][to.regularly.or.repeatedly.V][V→V]-@₁–lghii[the.one.that.V-ed][the.one.that.is.V][V→N][N][Rel][Unpd][Pl]
mayughaqelghiit	mayugh-~(g₁)aqe[to.be.V.ing][to.regularly.or.repeatedly.V][V→V][V][Intr][Ptcp][3Pl]

whaten	wha[N][Abs][2SgPoss][PlPosd]
whaten	wha-te[to.catch.N][to.go.to.N][N→V][V][Intr][Opt][PRS][2Sg]
whaten	wha[N][Abs][2SgPoss][PlPosd]

qungughqelluteng	+?

------------------------
Whaa aanaqenghata kepelleghteggun taaggun naghullelghiini, taawa unaknalghii.

whaa	+?

aanaqenghata	+?

kepelleghteggun	+?

taaggun	+?

naghullelghiini	+?

taawa	taawa

unaknalghii	una-~–ke[to.have.as.one's.N(s)][N→V]-te[to.act.on.so.as.to.cause.to.V][V→V]-te[to.act.on.so.as.to.cause.to.V][V→V]-@₁~fna[in.order.to.V][intending.to.V][V→V]-@₁–lghii[the.one.that.V-ed][the.one.that.is.V][V→N][N][Abs][Unpd][Sg]
unaknalghii	una-~–ke[to.have.as.one's.N(s)][N→V]-te[to.act.on.so.as.to.cause.to.V][V→V]-@₁~fna[in.order.to.V][intending.to.V][V→V]-@₁–lghii[the.one.that.V-ed][the.one.that.is.V][V→N][N][Abs][Unpd][Sg]
unaknalghii	una-~–ke[to.have.as.one's.N(s)][N→V]-@₁~fna[in.order.to.V][intending.to.V][V→V]-@₁–lghii[the.one.that.V-ed][the.one.that.is.V][V→N][N][Abs][Unpd][Sg]

------------------------


------------------------
