ESTAMAA 

estamaa	+?

------------------------
Ayumiim Ungipaghaatangi 

ayumiim	ayumigh*[N][Rel][Unpd][Sg]

ungipaghaatangi	ungipaghagh-~:(ng₁)u[to.be.N][N→V]-~:(u)ta[condition.with.respect.to.V-ing][V→N][N][Abs][3SgPoss][PlPosd]
ungipaghaatangi	ungipaghagh-~:(u)ta[condition.with.respect.to.V-ing][V→N][N][Abs][3SgPoss][PlPosd]

------------------------
PART IV 

part	+?

iv	+?

------------------------
Timeless Tales 

timeless	+?

tales	+?

------------------------
Singaaweteghllagem Ungipamsuwa 

singaaweteghllagem	+?

ungipamsuwa	+?

------------------------
Puughhutem Apellgha 

puughhutem	+?

apellgha	+?

------------------------


------------------------
Neghighluku aghnaghllak taana Singaaweteghllaguftuq aatgha, Pilugugenkuniteftuq Sivungami.

neghighluku	+?

aghnaghllak	aghnagh-–ghllag[big.N][N→N][N][Abs][Unpd][Sg]

taana	taana

singaaweteghllaguftuq	+?

aatgha	ategh[N][Abs][3SgPoss][SgPosd]
aatgha	Ategh[N][Abs][3SgPoss][SgPosd]

pilugugenkuniteftuq	pilugug-~sf-w:(e)nkut[N.and.company.or.family][N→N][N][Abs][4SgPoss][SgPosd]-ete[to.be]-(pete)fte[to.evidently.V][to.have.V-ed][V→V][V][Intr][Ind][3Sg]
pilugugenkuniteftuq	pilugug-~sf-w:(e)nkut[N.and.company.or.family][N→N][N][Abs][4SgPoss][PlPosd]-ete[to.be]-(pete)fte[to.evidently.V][to.have.V-ed][V→V][V][Intr][Ind][3Sg]
pilugugenkuniteftuq	pilugug-~sf-w:(e)nkuk[N.and.partner.or.spouse][N→N][N][Abs][4SgPoss][SgPosd]-ete[to.be]-(pete)fte[to.evidently.V][to.have.V-ed][V→V][V][Intr][Ind][3Sg]
pilugugenkuniteftuq	pilugug-~sf-w:(e)nkuk[N.and.partner.or.spouse][N→N][N][Abs][4SgPoss][PlPosd]-ete[to.be]-(pete)fte[to.evidently.V][to.have.V-ed][V→V][V][Intr][Ind][3Sg]

sivungami	+?

------------------------
Taakut Pilugugem avaqutii aflengakeghllaguftii.

taakut	taake[V][Intr][Ind][3Pl]

pilugugem	pilugug[N][Rel][Unpd][Sg]

avaqutii	avaqutagh-~:(ng₁)u[to.be.N][N→V]-~i[SBJ.V-ed.something][V→V]-~i[SBJ.V-ed.something][V→V]-~i[SBJ.V-ed.something][V→V]-~i[SBJ.V-ed.something][V→V]-~i[SBJ.V-ed.something][V→V][V][Intr][Opt][PRS][2Sg]
avaqutii	avaqutagh-~:(ng₁)u[to.be.N][N→V]-~i[SBJ.V-ed.something][V→V]-~i[SBJ.V-ed.something][V→V]-~i[SBJ.V-ed.something][V→V]-~i[SBJ.V-ed.something][V→V][V][Intr][Opt][PRS][2Sg]
avaqutii	avaqutagh-~:(ng₁)u[to.be.N][N→V]-~i[SBJ.V-ed.something][V→V]-~i[SBJ.V-ed.something][V→V]-~i[SBJ.V-ed.something][V→V][V][Intr][Opt][PRS][2Sg]
avaqutii	avaqutagh-~:(ng₁)u[to.be.N][N→V]-~i[SBJ.V-ed.something][V→V]-~i[SBJ.V-ed.something][V→V][V][Intr][Opt][PRS][2Sg]
avaqutii	avaqutagh-~:(ng₁)u[to.be.N][N→V]-~i[SBJ.V-ed.something][V→V][V][Intr][Opt][PRS][2Sg]
avaqutii	avaqutagh[N][Abs][3SgPoss][PlPosd]

aflengakeghllaguftii	+?

------------------------
Quunpeng an'gighaqelghiit.

quunpeng	quunpeng

angighaqelghiit	+?

------------------------


------------------------
Esnamun tawaten alla piyalghiikut kana tekeghaani an'gighaqeftut.

esnamun	esnagh[N][Ter][Unpd][Sg]

tawaten	tawaten

alla	alla
alla	alla[N][Abs][Unpd][Sg]

piyalghiikut	pi-@₁~fyagh[to.go.V-ing][to.V.in.vain][V→V]-@₁–lghii[the.one.that.V-ed][the.one.that.is.V][V→N]-~–ke[to.have.as.one's.N(s)][N→V][V][Intr][Ind][3Pl]
piyalghiikut	pi-@₁~fyagh[to.go.V-ing][to.V.in.vain][V→V][V][Intr][Ptcp][1Pl]
piyalghiikut	pi-~:(u)te[to.V.for.or.with][to.cause.to.V.as.one.is.V-ing][to.V.toward.each.other][V→V]-@₁~fyagh[to.go.V-ing][to.V.in.vain][V→V]-@₁–lghii[the.one.that.V-ed][the.one.that.is.V][V→N]-~–ke[to.have.as.one's.N(s)][N→V][V][Intr][Ind][3Pl]
piyalghiikut	pi-~:(u)te[to.V.for.or.with][to.cause.to.V.as.one.is.V-ing][to.V.toward.each.other][V→V]-@₁~fyagh[to.go.V-ing][to.V.in.vain][V→V][V][Intr][Ptcp][1Pl]
piyalghiikut	pi-~:(u)te[to.V.for.or.with][to.cause.to.V.as.one.is.V-ing][to.V.toward.each.other][V→V][V][Intr][Ptcp_Obl][1Pl]
piyalghiikut	pi-~:(u)te[SBJ.V-ed.something][V→V]-@₁~fyagh[to.go.V-ing][to.V.in.vain][V→V]-@₁–lghii[the.one.that.V-ed][the.one.that.is.V][V→N]-~–ke[to.have.as.one's.N(s)][N→V][V][Intr][Ind][3Pl]
piyalghiikut	pi-~:(u)te[SBJ.V-ed.something][V→V]-@₁~fyagh[to.go.V-ing][to.V.in.vain][V→V][V][Intr][Ptcp][1Pl]
piyalghiikut	pi-~:(u)te[SBJ.V-ed.something][V→V][V][Intr][Ptcp_Obl][1Pl]
piyalghiikut	pi[V][Intr][Ptcp_Obl][1Pl]

kana	kana

tekeghaani	Tekeghagh-~:(ng₁)u[to.be.N][N→V]-@₁~fni[to.say.that.one.is.V-ing][Cmpd_Vbl][V][Intr][Opt][PRS][2Sg]
tekeghaani	Tekeghagh-~:(ng₁)u[to.be.N][N→V]-~:(u)te[to.V.for.or.with][to.cause.to.V.as.one.is.V-ing][to.V.toward.each.other][V→V]-@₁~fni[to.say.that.one.is.V-ing][Cmpd_Vbl][V][Intr][Opt][PRS][2Sg]
tekeghaani	Tekeghagh-~:(ng₁)u[to.be.N][N→V]-~:(u)te[SBJ.V-ed.something][V→V]-@₁~fni[to.say.that.one.is.V-ing][Cmpd_Vbl][V][Intr][Opt][PRS][2Sg]
tekeghaani	Tekeghagh[N][Loc][3SgPoss][SgPosd]
tekeghaani	Tekeghagh[N][Loc][3SgPoss][PlPosd]

angighaqeftut	+?

------------------------
Tagsighluta aglaghtuusamta ungipamsugutiinkut.

tagsighluta	+?

aglaghtuusamta	+?

ungipamsugutiinkut	ungipagh[N][Loc][Unpd][Sg]-ete[to.be]-te[to.act.on.so.as.to.cause.to.V][V→V]-te[to.act.on.so.as.to.cause.to.V][V→V]-@₁~fyug[to.want.to.V][V→V]-~:(u)te[to.V.for.or.with][to.cause.to.V.as.one.is.V-ing][to.V.toward.each.other][V→V][V][Trns][Ind][3Pl][1Pl]
ungipamsugutiinkut	ungipagh[N][Loc][Unpd][Sg]-ete[to.be]-te[to.act.on.so.as.to.cause.to.V][V→V]-te[to.act.on.so.as.to.cause.to.V][V→V]-@₁~fyug[to.want.to.V][V→V]-~:(u)te[to.V.for.or.with][to.cause.to.V.as.one.is.V-ing][to.V.toward.each.other][V→V][V][Trns][Ind][3Du][1Pl]
ungipamsugutiinkut	ungipagh[N][Loc][Unpd][Sg]-ete[to.be]-te[to.act.on.so.as.to.cause.to.V][V→V]-te[to.act.on.so.as.to.cause.to.V][V→V]-@₁~fyug[to.want.to.V][V→V]-~:(u)te[to.V.for.or.with][to.cause.to.V.as.one.is.V-ing][to.V.toward.each.other][V→V][V][Trns][Ind][3Sg][1Pl]
ungipamsugutiinkut	ungipagh[N][Rel][4SgPoss][SgPosd]-ete[to.be]-te[to.act.on.so.as.to.cause.to.V][V→V]-te[to.act.on.so.as.to.cause.to.V][V→V]-@₁~fyug[to.want.to.V][V→V]-~:(u)te[to.V.for.or.with][to.cause.to.V.as.one.is.V-ing][to.V.toward.each.other][V→V][V][Trns][Ind][3Pl][1Pl]
ungipamsugutiinkut	ungipagh[N][Rel][4SgPoss][SgPosd]-ete[to.be]-te[to.act.on.so.as.to.cause.to.V][V→V]-te[to.act.on.so.as.to.cause.to.V][V→V]-@₁~fyug[to.want.to.V][V→V]-~:(u)te[to.V.for.or.with][to.cause.to.V.as.one.is.V-ing][to.V.toward.each.other][V→V][V][Trns][Ind][3Du][1Pl]
ungipamsugutiinkut	ungipagh[N][Rel][4SgPoss][SgPosd]-ete[to.be]-te[to.act.on.so.as.to.cause.to.V][V→V]-te[to.act.on.so.as.to.cause.to.V][V→V]-@₁~fyug[to.want.to.V][V→V]-~:(u)te[to.V.for.or.with][to.cause.to.V.as.one.is.V-ing][to.V.toward.each.other][V→V][V][Trns][Ind][3Sg][1Pl]
ungipamsugutiinkut	ungipagh[N][Rel][4SgPoss][PlPosd]-ete[to.be]-te[to.act.on.so.as.to.cause.to.V][V→V]-te[to.act.on.so.as.to.cause.to.V][V→V]-@₁~fyug[to.want.to.V][V→V]-~:(u)te[to.V.for.or.with][to.cause.to.V.as.one.is.V-ing][to.V.toward.each.other][V→V][V][Trns][Ind][3Pl][1Pl]
ungipamsugutiinkut	ungipagh[N][Rel][4SgPoss][PlPosd]-ete[to.be]-te[to.act.on.so.as.to.cause.to.V][V→V]-te[to.act.on.so.as.to.cause.to.V][V→V]-@₁~fyug[to.want.to.V][V→V]-~:(u)te[to.V.for.or.with][to.cause.to.V.as.one.is.V-ing][to.V.toward.each.other][V→V][V][Trns][Ind][3Du][1Pl]
ungipamsugutiinkut	ungipagh[N][Rel][4SgPoss][PlPosd]-ete[to.be]-te[to.act.on.so.as.to.cause.to.V][V→V]-te[to.act.on.so.as.to.cause.to.V][V→V]-@₁~fyug[to.want.to.V][V→V]-~:(u)te[to.V.for.or.with][to.cause.to.V.as.one.is.V-ing][to.V.toward.each.other][V→V][V][Trns][Ind][3Sg][1Pl]
ungipamsugutiinkut	Ungipagh[N][Loc][Unpd][Sg]-ete[to.be]-te[to.act.on.so.as.to.cause.to.V][V→V]-te[to.act.on.so.as.to.cause.to.V][V→V]-@₁~fyug[to.want.to.V][V→V]-~:(u)te[to.V.for.or.with][to.cause.to.V.as.one.is.V-ing][to.V.toward.each.other][V→V][V][Trns][Ind][3Pl][1Pl]
ungipamsugutiinkut	Ungipagh[N][Loc][Unpd][Sg]-ete[to.be]-te[to.act.on.so.as.to.cause.to.V][V→V]-te[to.act.on.so.as.to.cause.to.V][V→V]-@₁~fyug[to.want.to.V][V→V]-~:(u)te[to.V.for.or.with][to.cause.to.V.as.one.is.V-ing][to.V.toward.each.other][V→V][V][Trns][Ind][3Du][1Pl]
ungipamsugutiinkut	Ungipagh[N][Loc][Unpd][Sg]-ete[to.be]-te[to.act.on.so.as.to.cause.to.V][V→V]-te[to.act.on.so.as.to.cause.to.V][V→V]-@₁~fyug[to.want.to.V][V→V]-~:(u)te[to.V.for.or.with][to.cause.to.V.as.one.is.V-ing][to.V.toward.each.other][V→V][V][Trns][Ind][3Sg][1Pl]
ungipamsugutiinkut	Ungipagh[N][Rel][4SgPoss][SgPosd]-ete[to.be]-te[to.act.on.so.as.to.cause.to.V][V→V]-te[to.act.on.so.as.to.cause.to.V][V→V]-@₁~fyug[to.want.to.V][V→V]-~:(u)te[to.V.for.or.with][to.cause.to.V.as.one.is.V-ing][to.V.toward.each.other][V→V][V][Trns][Ind][3Pl][1Pl]
ungipamsugutiinkut	Ungipagh[N][Rel][4SgPoss][SgPosd]-ete[to.be]-te[to.act.on.so.as.to.cause.to.V][V→V]-te[to.act.on.so.as.to.cause.to.V][V→V]-@₁~fyug[to.want.to.V][V→V]-~:(u)te[to.V.for.or.with][to.cause.to.V.as.one.is.V-ing][to.V.toward.each.other][V→V][V][Trns][Ind][3Du][1Pl]
ungipamsugutiinkut	Ungipagh[N][Rel][4SgPoss][SgPosd]-ete[to.be]-te[to.act.on.so.as.to.cause.to.V][V→V]-te[to.act.on.so.as.to.cause.to.V][V→V]-@₁~fyug[to.want.to.V][V→V]-~:(u)te[to.V.for.or.with][to.cause.to.V.as.one.is.V-ing][to.V.toward.each.other][V→V][V][Trns][Ind][3Sg][1Pl]
ungipamsugutiinkut	Ungipagh[N][Rel][4SgPoss][PlPosd]-ete[to.be]-te[to.act.on.so.as.to.cause.to.V][V→V]-te[to.act.on.so.as.to.cause.to.V][V→V]-@₁~fyug[to.want.to.V][V→V]-~:(u)te[to.V.for.or.with][to.cause.to.V.as.one.is.V-ing][to.V.toward.each.other][V→V][V][Trns][Ind][3Pl][1Pl]
ungipamsugutiinkut	Ungipagh[N][Rel][4SgPoss][PlPosd]-ete[to.be]-te[to.act.on.so.as.to.cause.to.V][V→V]-te[to.act.on.so.as.to.cause.to.V][V→V]-@₁~fyug[to.want.to.V][V→V]-~:(u)te[to.V.for.or.with][to.cause.to.V.as.one.is.V-ing][to.V.toward.each.other][V→V][V][Trns][Ind][3Du][1Pl]
ungipamsugutiinkut	Ungipagh[N][Rel][4SgPoss][PlPosd]-ete[to.be]-te[to.act.on.so.as.to.cause.to.V][V→V]-te[to.act.on.so.as.to.cause.to.V][V→V]-@₁~fyug[to.want.to.V][V→V]-~:(u)te[to.V.for.or.with][to.cause.to.V.as.one.is.V-ing][to.V.toward.each.other][V→V][V][Trns][Ind][3Sg][1Pl]

------------------------
Qenaaghqun aqumuulluta whangkuta nagasaqefut nunanighllak.

qenaaghqun	qenaagh[N][Via][Unpd][Sg]

aqumuulluta	Aqumugh-~:(ng₁)u[to.be.N][N→V]-te[to.act.on.so.as.to.cause.to.V][V→V]-te[to.act.on.so.as.to.cause.to.V][V→V][V][Intr][Sbrd][1Pl]
aqumuulluta	Aqumugh-~:(ng₁)u[to.be.N][N→V]-te[to.act.on.so.as.to.cause.to.V][V→V][V][Intr][Sbrd][1Pl]
aqumuulluta	Aqumugh-~:(ng₁)u[to.be.N][N→V]-~:(u)te[to.V.for.or.with][to.cause.to.V.as.one.is.V-ing][to.V.toward.each.other][V→V]-te[to.act.on.so.as.to.cause.to.V][V→V]-te[to.act.on.so.as.to.cause.to.V][V→V][V][Intr][Sbrd][1Pl]
aqumuulluta	Aqumugh-~:(ng₁)u[to.be.N][N→V]-~:(u)te[to.V.for.or.with][to.cause.to.V.as.one.is.V-ing][to.V.toward.each.other][V→V]-te[to.act.on.so.as.to.cause.to.V][V→V][V][Intr][Sbrd][1Pl]
aqumuulluta	Aqumugh-~:(ng₁)u[to.be.N][N→V]-~:(u)te[condition.with.respect.to.V-ing][V→N]-te[to.catch.N][to.go.to.N][N→V]-te[to.act.on.so.as.to.cause.to.V][V→V][V][Intr][Sbrd][1Pl]
aqumuulluta	Aqumugh-~:(ng₁)u[to.be.N][N→V]-~:(u)te[condition.with.respect.to.V-ing][V→N]-te[to.catch.N][to.go.to.N][N→V][V][Intr][Sbrd][1Pl]
aqumuulluta	Aqumugh-~:(ng₁)u[to.be.N][N→V]-~:(u)te[SBJ.V-ed.something][V→V]-te[to.act.on.so.as.to.cause.to.V][V→V]-te[to.act.on.so.as.to.cause.to.V][V→V][V][Intr][Sbrd][1Pl]
aqumuulluta	Aqumugh-~:(ng₁)u[to.be.N][N→V]-~:(u)te[SBJ.V-ed.something][V→V]-te[to.act.on.so.as.to.cause.to.V][V→V][V][Intr][Sbrd][1Pl]

whangkuta	whangkuta

nagasaqefut	+?

nunanighllak	+?

------------------------


------------------------
Piyalghiimi, ellngin'nguq sivukluteng Sivungami kiyaghsuwhaaqaaftut salin taakwna paaghqilluku.

piyalghiimi	pi-@₁~fyagh[to.go.V-ing][to.V.in.vain][V→V]-@₁–lghii[the.one.that.V-ed][the.one.that.is.V][V→N][N][Loc][Unpd][Sg]
piyalghiimi	pi-@₁~fyagh[to.go.V-ing][to.V.in.vain][V→V]-@₁–lghii[the.one.that.V-ed][the.one.that.is.V][V→N][N][Rel][4SgPoss][SgPosd]
piyalghiimi	pi-@₁~fyagh[to.go.V-ing][to.V.in.vain][V→V]-@₁–lghii[the.one.that.V-ed][the.one.that.is.V][V→N][N][Rel][4SgPoss][PlPosd]
piyalghiimi	pi-~:(u)te[to.V.for.or.with][to.cause.to.V.as.one.is.V-ing][to.V.toward.each.other][V→V]-@₁~fyagh[to.go.V-ing][to.V.in.vain][V→V]-@₁–lghii[the.one.that.V-ed][the.one.that.is.V][V→N][N][Loc][Unpd][Sg]
piyalghiimi	pi-~:(u)te[to.V.for.or.with][to.cause.to.V.as.one.is.V-ing][to.V.toward.each.other][V→V]-@₁~fyagh[to.go.V-ing][to.V.in.vain][V→V]-@₁–lghii[the.one.that.V-ed][the.one.that.is.V][V→N][N][Rel][4SgPoss][SgPosd]
piyalghiimi	pi-~:(u)te[to.V.for.or.with][to.cause.to.V.as.one.is.V-ing][to.V.toward.each.other][V→V]-@₁~fyagh[to.go.V-ing][to.V.in.vain][V→V]-@₁–lghii[the.one.that.V-ed][the.one.that.is.V][V→N][N][Rel][4SgPoss][PlPosd]
piyalghiimi	pi-~:(u)te[to.V.for.or.with][to.cause.to.V.as.one.is.V-ing][to.V.toward.each.other][V→V][V][Intr][Ptcp_Obl][4Sg]
piyalghiimi	pi-~:(u)te[SBJ.V-ed.something][V→V]-@₁~fyagh[to.go.V-ing][to.V.in.vain][V→V]-@₁–lghii[the.one.that.V-ed][the.one.that.is.V][V→N][N][Loc][Unpd][Sg]
piyalghiimi	pi-~:(u)te[SBJ.V-ed.something][V→V]-@₁~fyagh[to.go.V-ing][to.V.in.vain][V→V]-@₁–lghii[the.one.that.V-ed][the.one.that.is.V][V→N][N][Rel][4SgPoss][SgPosd]
piyalghiimi	pi-~:(u)te[SBJ.V-ed.something][V→V]-@₁~fyagh[to.go.V-ing][to.V.in.vain][V→V]-@₁–lghii[the.one.that.V-ed][the.one.that.is.V][V→N][N][Rel][4SgPoss][PlPosd]
piyalghiimi	pi-~:(u)te[SBJ.V-ed.something][V→V][V][Intr][Ptcp_Obl][4Sg]
piyalghiimi	pi[V][Intr][Ptcp_Obl][4Sg]

ellnginnguq	+?

sivukluteng	sivu-~–ke[to.have.as.one's.N(s)][N→V]-te[to.act.on.so.as.to.cause.to.V][V→V]-te[to.act.on.so.as.to.cause.to.V][V→V][V][Intr][Sbrd][3Pl]
sivukluteng	sivu-~–ke[to.have.as.one's.N(s)][N→V]-te[to.act.on.so.as.to.cause.to.V][V→V][V][Intr][Sbrd][3Pl]
sivukluteng	sivu-~–ke[to.have.as.one's.N(s)][N→V][V][Intr][Sbrd][3Pl]
sivukluteng	sivug-~–ke[to.have.as.one's.N(s)][N→V]-te[to.act.on.so.as.to.cause.to.V][V→V]-te[to.act.on.so.as.to.cause.to.V][V→V][V][Intr][Sbrd][3Pl]
sivukluteng	sivug-~–ke[to.have.as.one's.N(s)][N→V]-te[to.act.on.so.as.to.cause.to.V][V→V][V][Intr][Sbrd][3Pl]
sivukluteng	sivug-~–ke[to.have.as.one's.N(s)][N→V][V][Intr][Sbrd][3Pl]

sivungami	+?

kiyaghsuwhaaqaaftut	+?

salin	salite[N][Abs][Unpd][Sg]

taakwna	taakwna

paaghqilluku	+?

------------------------
Neghsaghllaguyaghpetughnguq qazigyameng neliyuwhaaghaqngameng.

neghsaghllaguyaghpetughnguq	+?

qazigyameng	qazigyagh[N][Rel][4DuPoss][SgPosd]
qazigyameng	qazigyagh[N][Rel][4DuPoss][PlPosd]
qazigyameng	qazigyagh[N][Rel][4PlPoss][SgPosd]
qazigyameng	qazigyagh[N][Rel][4PlPoss][PlPosd]
qazigyameng	qazigyagh[N][Abl_Mod][Unpd][Sg]

neliyuwhaaghaqngameng	+?

------------------------
Repallnguq aftavingllaghluteng pikaaftut quugmeng, unaghsimeng.

repallnguq	+?

aftavingllaghluteng	+?

pikaaftut	pi-~sf–(g₃)kau[to.have.V-ed][to.have.been.V-ed][V→V]-(pete)fte[to.evidently.V][to.have.V-ed][V→V][V][Intr][Ind][3Pl]
pikaaftut	pi-@₂~fkau[to.have.V-ed][to.have.been.V-ed][V→V]-(pete)fte[to.evidently.V][to.have.V-ed][V→V][V][Intr][Ind][3Pl]

quugmeng	quug[N][Rel][4DuPoss][SgPosd]
quugmeng	quug[N][Rel][4DuPoss][PlPosd]
quugmeng	quug[N][Rel][4PlPoss][SgPosd]
quugmeng	quug[N][Rel][4PlPoss][PlPosd]
quugmeng	quug[N][Abl_Mod][Unpd][Sg]

unaghsimeng	unaghsigh[N][Rel][4DuPoss][SgPosd]
unaghsimeng	unaghsigh[N][Rel][4DuPoss][PlPosd]
unaghsimeng	unaghsigh[N][Rel][4PlPoss][SgPosd]
unaghsimeng	unaghsigh[N][Rel][4PlPoss][PlPosd]
unaghsimeng	unaghsigh[N][Abl_Mod][Unpd][Sg]

------------------------
Qayughllagnguq unaghsighllaguyaghpetuq tamaana.

qayughllagnguq	qayugh-–ghllag[big.N][N→N][N][Abs][Unpd][Sg]-nguq[Encl]
qayughllagnguq	qayughllag[N][Abs][Unpd][Sg]-nguq[Encl]

unaghsighllaguyaghpetuq	unaghsigh-–ghllag[big.N][N→N]-~:(ng₁)u[to.be.N][N→V]-@₁~fyagh[to.go.V-ing][to.V.in.vain][V→V]-(pete)fte[to.evidently.V][to.have.V-ed][V→V][V][Intr][Ind][3Sg]
unaghsighllaguyaghpetuq	unaghsigh-–ghllag[big.N][N→N]-~:(ng₁)u[to.be.N][N→V]-~:(u)te[to.V.for.or.with][to.cause.to.V.as.one.is.V-ing][to.V.toward.each.other][V→V]-@₁~fyagh[to.go.V-ing][to.V.in.vain][V→V]-(pete)fte[to.evidently.V][to.have.V-ed][V→V][V][Intr][Ind][3Sg]
unaghsighllaguyaghpetuq	unaghsigh-–ghllag[big.N][N→N]-~:(ng₁)u[to.be.N][N→V]-~:(u)te[SBJ.V-ed.something][V→V]-@₁~fyagh[to.go.V-ing][to.V.in.vain][V→V]-(pete)fte[to.evidently.V][to.have.V-ed][V→V][V][Intr][Ind][3Sg]

tamaana	+?

------------------------


------------------------
Ellnganguq taana quunpeng piyuggaghmeng Sivuqaghtaqelghii, akmagaataghluni kaataqelghii.

ellnganguq	ellnga[N][Abs][Unpd][Sg]-nguq[Encl]

taana	taana

quunpeng	quunpeng

piyuggaghmeng	+?

sivuqaghtaqelghii	Sivuqagh-te[to.catch.N][to.go.to.N][N→V]-~(g₁)aqe[to.be.V.ing][to.regularly.or.repeatedly.V][V→V]-@₁–lghii[the.one.that.V-ed][the.one.that.is.V][V→N][N][Abs][Unpd][Sg]

akmagaataghluni	+?

kaataqelghii	kaate-~(g₁)aqe[to.be.V.ing][to.regularly.or.repeatedly.V][V→V]-@₁–lghii[the.one.that.V-ed][the.one.that.is.V][V→N][N][Abs][Unpd][Sg]

------------------------


------------------------
Taakwnanguq maaten nalugvigughtekaq naayvaghrugllaguyaghtuq kiiwem esnenganeng kenlekluni.

taakwnanguq	+?

maaten	maatete[N][Abs][Unpd][Sg]

nalugvigughtekaq	+?

naayvaghrugllaguyaghtuq	Naayvagh-–ghrugllag[huge.N][N→N]-~:(ng₁)u[to.be.N][N→V]-@₁~fyagh[to.go.V-ing][to.V.in.vain][V→V][V][Intr][Ind][3Sg]
naayvaghrugllaguyaghtuq	Naayvagh-–ghrugllag[huge.N][N→N]-~:(ng₁)u[to.be.N][N→V]-@₁~fyagh[to.go.V-ing][to.V.in.vain][V→V]-te[to.act.on.so.as.to.cause.to.V][V→V][V][Intr][Ind][3Sg]
naayvaghrugllaguyaghtuq	Naayvagh-–ghrugllag[huge.N][N→N]-~:(ng₁)u[to.be.N][N→V]-~:(u)te[to.V.for.or.with][to.cause.to.V.as.one.is.V-ing][to.V.toward.each.other][V→V]-@₁~fyagh[to.go.V-ing][to.V.in.vain][V→V][V][Intr][Ind][3Sg]
naayvaghrugllaguyaghtuq	Naayvagh-–ghrugllag[huge.N][N→N]-~:(ng₁)u[to.be.N][N→V]-~:(u)te[to.V.for.or.with][to.cause.to.V.as.one.is.V-ing][to.V.toward.each.other][V→V]-@₁~fyagh[to.go.V-ing][to.V.in.vain][V→V]-te[to.act.on.so.as.to.cause.to.V][V→V][V][Intr][Ind][3Sg]
naayvaghrugllaguyaghtuq	Naayvagh-–ghrugllag[huge.N][N→N]-~:(ng₁)u[to.be.N][N→V]-~:(u)te[SBJ.V-ed.something][V→V]-@₁~fyagh[to.go.V-ing][to.V.in.vain][V→V][V][Intr][Ind][3Sg]
naayvaghrugllaguyaghtuq	Naayvagh-–ghrugllag[huge.N][N→N]-~:(ng₁)u[to.be.N][N→V]-~:(u)te[SBJ.V-ed.something][V→V]-@₁~fyagh[to.go.V-ing][to.V.in.vain][V→V]-te[to.act.on.so.as.to.cause.to.V][V→V][V][Intr][Ind][3Sg]
naayvaghrugllaguyaghtuq	naayvagh-–ghrugllag[huge.N][N→N]-~:(ng₁)u[to.be.N][N→V]-@₁~fyagh[to.go.V-ing][to.V.in.vain][V→V][V][Intr][Ind][3Sg]
naayvaghrugllaguyaghtuq	naayvagh-–ghrugllag[huge.N][N→N]-~:(ng₁)u[to.be.N][N→V]-@₁~fyagh[to.go.V-ing][to.V.in.vain][V→V]-te[to.act.on.so.as.to.cause.to.V][V→V][V][Intr][Ind][3Sg]
naayvaghrugllaguyaghtuq	naayvagh-–ghrugllag[huge.N][N→N]-~:(ng₁)u[to.be.N][N→V]-~:(u)te[to.V.for.or.with][to.cause.to.V.as.one.is.V-ing][to.V.toward.each.other][V→V]-@₁~fyagh[to.go.V-ing][to.V.in.vain][V→V][V][Intr][Ind][3Sg]
naayvaghrugllaguyaghtuq	naayvagh-–ghrugllag[huge.N][N→N]-~:(ng₁)u[to.be.N][N→V]-~:(u)te[to.V.for.or.with][to.cause.to.V.as.one.is.V-ing][to.V.toward.each.other][V→V]-@₁~fyagh[to.go.V-ing][to.V.in.vain][V→V]-te[to.act.on.so.as.to.cause.to.V][V→V][V][Intr][Ind][3Sg]
naayvaghrugllaguyaghtuq	naayvagh-–ghrugllag[huge.N][N→N]-~:(ng₁)u[to.be.N][N→V]-~:(u)te[SBJ.V-ed.something][V→V]-@₁~fyagh[to.go.V-ing][to.V.in.vain][V→V][V][Intr][Ind][3Sg]
naayvaghrugllaguyaghtuq	naayvagh-–ghrugllag[huge.N][N→N]-~:(ng₁)u[to.be.N][N→V]-~:(u)te[SBJ.V-ed.something][V→V]-@₁~fyagh[to.go.V-ing][to.V.in.vain][V→V]-te[to.act.on.so.as.to.cause.to.V][V→V][V][Intr][Ind][3Sg]

kiiwem	kiiw[N][Rel][Unpd][Sg]

esnenganeng	esne[N][Abl_Mod][3SgPoss][SgPosd]
esnenganeng	esne[N][Abl_Mod][3SgPoss][PlPosd]

kenlekluni	+?

------------------------
Piyuneghmininguq kiiwem esnengakun tagiiqelghii.

piyuneghmininguq	pi-@₁~fyug[to.want.to.V][V→V]-@₁–negh[the.act.or.activity.of.V-ing][V→N][N][Loc][4SgPoss][SgPosd]-nguq[Encl]
piyuneghmininguq	pi-@₁~fyug[to.want.to.V][V→V]-@₁–negh[the.act.or.activity.of.V-ing][V→N][N][Loc][4SgPoss][PlPosd]-nguq[Encl]
piyuneghmininguq	pi-~:(u)te[to.V.for.or.with][to.cause.to.V.as.one.is.V-ing][to.V.toward.each.other][V→V]-@₁~fyug[to.want.to.V][V→V]-@₁–negh[the.act.or.activity.of.V-ing][V→N][N][Loc][4SgPoss][SgPosd]-nguq[Encl]
piyuneghmininguq	pi-~:(u)te[to.V.for.or.with][to.cause.to.V.as.one.is.V-ing][to.V.toward.each.other][V→V]-@₁~fyug[to.want.to.V][V→V]-@₁–negh[the.act.or.activity.of.V-ing][V→N][N][Loc][4SgPoss][PlPosd]-nguq[Encl]
piyuneghmininguq	pi-~:(u)te[SBJ.V-ed.something][V→V]-@₁~fyug[to.want.to.V][V→V]-@₁–negh[the.act.or.activity.of.V-ing][V→N][N][Loc][4SgPoss][SgPosd]-nguq[Encl]
piyuneghmininguq	pi-~:(u)te[SBJ.V-ed.something][V→V]-@₁~fyug[to.want.to.V][V→V]-@₁–negh[the.act.or.activity.of.V-ing][V→N][N][Loc][4SgPoss][PlPosd]-nguq[Encl]
piyuneghmininguq	piyug-@₁–negh[the.act.or.activity.of.V-ing][V→N][N][Loc][4SgPoss][SgPosd]-nguq[Encl]
piyuneghmininguq	piyug-@₁–negh[the.act.or.activity.of.V-ing][V→N][N][Loc][4SgPoss][PlPosd]-nguq[Encl]

kiiwem	kiiw[N][Rel][Unpd][Sg]

esnengakun	esne[N][Via][3DuPoss][PlPosd]
esnengakun	esne[N][Via][3SgPoss][SgPosd]
esnengakun	esne[N][Via][3SgPoss][PlPosd]

tagiiqelghii	tagi-~(g₁)aqe[to.be.V.ing][to.regularly.or.repeatedly.V][V→V]-@₁–lghii[the.one.that.V-ed][the.one.that.is.V][V→N][N][Abs][Unpd][Sg]

------------------------


------------------------
Tekeghaanguq taana pengugrakegsaghtuq minglengallu iggagrukegsaghpetuq.

tekeghaanguq	Tekeghagh-~:(ng₁)u[to.be.N][N→V]-@*ngugh*[the.one.that.V-ed][the.one.that.is.V][V→N][N][Abs][Unpd][Sg]
tekeghaanguq	Tekeghagh[N][Abs][3SgPoss][SgPosd]-nguq[Encl]

taana	taana

pengugrakegsaghtuq	+?

minglengallu	+?

iggagrukegsaghpetuq	+?

------------------------
Iiwhlakayuguyaghtughnguq kanaverugllak repall talughlluni.

iiwhlakayuguyaghtughnguq	+?

kanaverugllak	+?

repall	repall[N][Abs][Unpd][Sg]

talughlluni	+?

------------------------
Iinghusalguftuq wataghllak iiwhlanghani taan'gavek ateghyaqunaki pisqellelek, ulefqaghtekayuguniluku sukatepiglluni.

iinghusalguftuq	+?

wataghllak	+?

iiwhlanghani	+?

taangavek	+?

ateghyaqunaki	+?

pisqellelek	+?

ulefqaghtekayuguniluku	+?

sukatepiglluni	sukate*-–pigte[to.be.very.V][to.V.very.much][V→V]-te[to.act.on.so.as.to.cause.to.V][V→V][V][Intr][Sbrd][3Sg]

------------------------
Ayumighnguq taghnughhalghun tuqulaghaatkaaftuq iiwhlagmi ulefqaghulluki.

ayumighnguq	+?

taghnughhalghun	+?

tuqulaghaatkaaftuq	+?

iiwhlagmi	iiw-–ghllag[big.N][N→N][N][Loc][Unpd][Sg]
iiwhlagmi	iiw-–ghllag[big.N][N→N][N][Rel][4SgPoss][SgPosd]
iiwhlagmi	iiw-–ghllag[big.N][N→N][N][Rel][4SgPoss][PlPosd]

ulefqaghulluki	+?

------------------------


------------------------
Ilangani tawaten ellngit neqangisagumalghiit, iyataghniqumalghiit.

ilangani	ila[N][Loc][3SgPoss][SgPosd]
ilangani	ila[N][Loc][3SgPoss][PlPosd]
ilangani	ilangani
ilangani	ilangani[N][Abs][Unpd][Sg]

tawaten	tawaten

ellngit	ellngit
ellngit	ellngit[N][Abs][Unpd][Sg]

neqangisagumalghiit	+?

iyataghniqumalghiit	+?

------------------------
Talwanguq tawani tepiisagllak, elqwaaghisagllak.

talwanguq	+?

tawani	tawani
tawani	tawani[N][Abs][Unpd][Sg]

tepiisagllak	+?

elqwaaghisagllak	+?

------------------------
Elngaatalnguq quunpeng esnighqwaghaqelghii taana Singaaweteghllak.

elngaatalnguq	elngaatall-nguq[Encl]

quunpeng	quunpeng

esnighqwaghaqelghii	+?

taana	taana

singaaweteghllak	+?

------------------------
Sameng naalkunnaluni elqwaaghhaghmeng.

sameng	sa[N][Rel][4DuPoss][SgPosd]
sameng	sa[N][Rel][4DuPoss][PlPosd]
sameng	sa[N][Rel][4PlPoss][SgPosd]
sameng	sa[N][Rel][4PlPoss][PlPosd]
sameng	sa[N][Abl_Mod][Unpd][Sg]
sameng	sameng

naalkunnaluni	naa-–leg[one.having.N][N→N]-~–ke[to.have.as.one's.N(s)][N→V]-~:(u)te[to.V.for.or.with][to.cause.to.V.as.one.is.V-ing][to.V.toward.each.other][V→V]-te[to.act.on.so.as.to.cause.to.V][V→V]-te[to.act.on.so.as.to.cause.to.V][V→V]-te[to.act.on.so.as.to.cause.to.V][V→V]-@₁~fna[in.order.to.V][intending.to.V][V→V]-~:(u)te[to.V.for.or.with][to.cause.to.V.as.one.is.V-ing][to.V.toward.each.other][V→V][V][Intr][Sbrd][3Sg]
naalkunnaluni	naa-–leg[one.having.N][N→N]-~–ke[to.have.as.one's.N(s)][N→V]-~:(u)te[to.V.for.or.with][to.cause.to.V.as.one.is.V-ing][to.V.toward.each.other][V→V]-te[to.act.on.so.as.to.cause.to.V][V→V]-te[to.act.on.so.as.to.cause.to.V][V→V]-te[to.act.on.so.as.to.cause.to.V][V→V]-@₁~fna[in.order.to.V][intending.to.V][V→V]-~:(u)te[SBJ.V-ed.something][V→V][V][Intr][Sbrd][3Sg]
naalkunnaluni	naa-–leg[one.having.N][N→N]-~–ke[to.have.as.one's.N(s)][N→V]-~:(u)te[to.V.for.or.with][to.cause.to.V.as.one.is.V-ing][to.V.toward.each.other][V→V]-te[to.act.on.so.as.to.cause.to.V][V→V]-te[to.act.on.so.as.to.cause.to.V][V→V]-te[to.act.on.so.as.to.cause.to.V][V→V]-@₁~fna[in.order.to.V][intending.to.V][V→V][V][Intr][Sbrd][3Sg]
naalkunnaluni	naa-–leg[one.having.N][N→N]-~–ke[to.have.as.one's.N(s)][N→V]-~:(u)te[to.V.for.or.with][to.cause.to.V.as.one.is.V-ing][to.V.toward.each.other][V→V]-te[to.act.on.so.as.to.cause.to.V][V→V]-te[to.act.on.so.as.to.cause.to.V][V→V]-@₁~fna[in.order.to.V][intending.to.V][V→V]-~:(u)te[to.V.for.or.with][to.cause.to.V.as.one.is.V-ing][to.V.toward.each.other][V→V][V][Intr][Sbrd][3Sg]
naalkunnaluni	naa-–leg[one.having.N][N→N]-~–ke[to.have.as.one's.N(s)][N→V]-~:(u)te[to.V.for.or.with][to.cause.to.V.as.one.is.V-ing][to.V.toward.each.other][V→V]-te[to.act.on.so.as.to.cause.to.V][V→V]-te[to.act.on.so.as.to.cause.to.V][V→V]-@₁~fna[in.order.to.V][intending.to.V][V→V]-~:(u)te[SBJ.V-ed.something][V→V][V][Intr][Sbrd][3Sg]
naalkunnaluni	naa-–leg[one.having.N][N→N]-~–ke[to.have.as.one's.N(s)][N→V]-~:(u)te[to.V.for.or.with][to.cause.to.V.as.one.is.V-ing][to.V.toward.each.other][V→V]-te[to.act.on.so.as.to.cause.to.V][V→V]-te[to.act.on.so.as.to.cause.to.V][V→V]-@₁~fna[in.order.to.V][intending.to.V][V→V][V][Intr][Sbrd][3Sg]
naalkunnaluni	naa-–leg[one.having.N][N→N]-~–ke[to.have.as.one's.N(s)][N→V]-~:(u)te[to.V.for.or.with][to.cause.to.V.as.one.is.V-ing][to.V.toward.each.other][V→V]-te[to.act.on.so.as.to.cause.to.V][V→V]-@₁~fna[in.order.to.V][intending.to.V][V→V]-~:(u)te[to.V.for.or.with][to.cause.to.V.as.one.is.V-ing][to.V.toward.each.other][V→V][V][Intr][Sbrd][3Sg]
naalkunnaluni	naa-–leg[one.having.N][N→N]-~–ke[to.have.as.one's.N(s)][N→V]-~:(u)te[to.V.for.or.with][to.cause.to.V.as.one.is.V-ing][to.V.toward.each.other][V→V]-te[to.act.on.so.as.to.cause.to.V][V→V]-@₁~fna[in.order.to.V][intending.to.V][V→V]-~:(u)te[SBJ.V-ed.something][V→V][V][Intr][Sbrd][3Sg]
naalkunnaluni	naa-–leg[one.having.N][N→N]-~–ke[to.have.as.one's.N(s)][N→V]-~:(u)te[to.V.for.or.with][to.cause.to.V.as.one.is.V-ing][to.V.toward.each.other][V→V]-te[to.act.on.so.as.to.cause.to.V][V→V]-@₁~fna[in.order.to.V][intending.to.V][V→V][V][Intr][Sbrd][3Sg]
naalkunnaluni	naa-–leg[one.having.N][N→N]-~–ke[to.have.as.one's.N(s)][N→V]-~:(u)te[to.V.for.or.with][to.cause.to.V.as.one.is.V-ing][to.V.toward.each.other][V→V]-@₁~fna[in.order.to.V][intending.to.V][V→V]-~:(u)te[to.V.for.or.with][to.cause.to.V.as.one.is.V-ing][to.V.toward.each.other][V→V][V][Intr][Sbrd][3Sg]
naalkunnaluni	naa-–leg[one.having.N][N→N]-~–ke[to.have.as.one's.N(s)][N→V]-~:(u)te[to.V.for.or.with][to.cause.to.V.as.one.is.V-ing][to.V.toward.each.other][V→V]-@₁~fna[in.order.to.V][intending.to.V][V→V]-~:(u)te[SBJ.V-ed.something][V→V][V][Intr][Sbrd][3Sg]
naalkunnaluni	naa-–leg[one.having.N][N→N]-~–ke[to.have.as.one's.N(s)][N→V]-~:(u)te[to.V.for.or.with][to.cause.to.V.as.one.is.V-ing][to.V.toward.each.other][V→V]-@₁~fna[in.order.to.V][intending.to.V][V→V][V][Intr][Sbrd][3Sg]
naalkunnaluni	naa-–leg[one.having.N][N→N]-~–ke[to.have.as.one's.N(s)][N→V]-~:(u)te[condition.with.respect.to.V-ing][V→N]-te[to.catch.N][to.go.to.N][N→V]-te[to.act.on.so.as.to.cause.to.V][V→V]-te[to.act.on.so.as.to.cause.to.V][V→V]-@₁~fna[in.order.to.V][intending.to.V][V→V]-~:(u)te[to.V.for.or.with][to.cause.to.V.as.one.is.V-ing][to.V.toward.each.other][V→V][V][Intr][Sbrd][3Sg]
naalkunnaluni	naa-–leg[one.having.N][N→N]-~–ke[to.have.as.one's.N(s)][N→V]-~:(u)te[condition.with.respect.to.V-ing][V→N]-te[to.catch.N][to.go.to.N][N→V]-te[to.act.on.so.as.to.cause.to.V][V→V]-te[to.act.on.so.as.to.cause.to.V][V→V]-@₁~fna[in.order.to.V][intending.to.V][V→V]-~:(u)te[SBJ.V-ed.something][V→V][V][Intr][Sbrd][3Sg]
naalkunnaluni	naa-–leg[one.having.N][N→N]-~–ke[to.have.as.one's.N(s)][N→V]-~:(u)te[condition.with.respect.to.V-ing][V→N]-te[to.catch.N][to.go.to.N][N→V]-te[to.act.on.so.as.to.cause.to.V][V→V]-te[to.act.on.so.as.to.cause.to.V][V→V]-@₁~fna[in.order.to.V][intending.to.V][V→V][V][Intr][Sbrd][3Sg]
naalkunnaluni	naa-–leg[one.having.N][N→N]-~–ke[to.have.as.one's.N(s)][N→V]-~:(u)te[condition.with.respect.to.V-ing][V→N]-te[to.catch.N][to.go.to.N][N→V]-te[to.act.on.so.as.to.cause.to.V][V→V]-@₁~fna[in.order.to.V][intending.to.V][V→V]-~:(u)te[to.V.for.or.with][to.cause.to.V.as.one.is.V-ing][to.V.toward.each.other][V→V][V][Intr][Sbrd][3Sg]
naalkunnaluni	naa-–leg[one.having.N][N→N]-~–ke[to.have.as.one's.N(s)][N→V]-~:(u)te[condition.with.respect.to.V-ing][V→N]-te[to.catch.N][to.go.to.N][N→V]-te[to.act.on.so.as.to.cause.to.V][V→V]-@₁~fna[in.order.to.V][intending.to.V][V→V]-~:(u)te[SBJ.V-ed.something][V→V][V][Intr][Sbrd][3Sg]
naalkunnaluni	naa-–leg[one.having.N][N→N]-~–ke[to.have.as.one's.N(s)][N→V]-~:(u)te[condition.with.respect.to.V-ing][V→N]-te[to.catch.N][to.go.to.N][N→V]-te[to.act.on.so.as.to.cause.to.V][V→V]-@₁~fna[in.order.to.V][intending.to.V][V→V][V][Intr][Sbrd][3Sg]
naalkunnaluni	naa-–leg[one.having.N][N→N]-~–ke[to.have.as.one's.N(s)][N→V]-~:(u)te[condition.with.respect.to.V-ing][V→N]-te[to.catch.N][to.go.to.N][N→V]-@₁~fna[in.order.to.V][intending.to.V][V→V]-~:(u)te[to.V.for.or.with][to.cause.to.V.as.one.is.V-ing][to.V.toward.each.other][V→V][V][Intr][Sbrd][3Sg]
naalkunnaluni	naa-–leg[one.having.N][N→N]-~–ke[to.have.as.one's.N(s)][N→V]-~:(u)te[condition.with.respect.to.V-ing][V→N]-te[to.catch.N][to.go.to.N][N→V]-@₁~fna[in.order.to.V][intending.to.V][V→V]-~:(u)te[SBJ.V-ed.something][V→V][V][Intr][Sbrd][3Sg]
naalkunnaluni	naa-–leg[one.having.N][N→N]-~–ke[to.have.as.one's.N(s)][N→V]-~:(u)te[condition.with.respect.to.V-ing][V→N]-te[to.catch.N][to.go.to.N][N→V]-@₁~fna[in.order.to.V][intending.to.V][V→V][V][Intr][Sbrd][3Sg]
naalkunnaluni	naa-–leg[one.having.N][N→N]-~–ke[to.have.as.one's.N(s)][N→V]-~:(u)te[SBJ.V-ed.something][V→V]-te[to.act.on.so.as.to.cause.to.V][V→V]-te[to.act.on.so.as.to.cause.to.V][V→V]-te[to.act.on.so.as.to.cause.to.V][V→V]-@₁~fna[in.order.to.V][intending.to.V][V→V]-~:(u)te[to.V.for.or.with][to.cause.to.V.as.one.is.V-ing][to.V.toward.each.other][V→V][V][Intr][Sbrd][3Sg]
naalkunnaluni	naa-–leg[one.having.N][N→N]-~–ke[to.have.as.one's.N(s)][N→V]-~:(u)te[SBJ.V-ed.something][V→V]-te[to.act.on.so.as.to.cause.to.V][V→V]-te[to.act.on.so.as.to.cause.to.V][V→V]-te[to.act.on.so.as.to.cause.to.V][V→V]-@₁~fna[in.order.to.V][intending.to.V][V→V]-~:(u)te[SBJ.V-ed.something][V→V][V][Intr][Sbrd][3Sg]
naalkunnaluni	naa-–leg[one.having.N][N→N]-~–ke[to.have.as.one's.N(s)][N→V]-~:(u)te[SBJ.V-ed.something][V→V]-te[to.act.on.so.as.to.cause.to.V][V→V]-te[to.act.on.so.as.to.cause.to.V][V→V]-te[to.act.on.so.as.to.cause.to.V][V→V]-@₁~fna[in.order.to.V][intending.to.V][V→V][V][Intr][Sbrd][3Sg]
naalkunnaluni	naa-–leg[one.having.N][N→N]-~–ke[to.have.as.one's.N(s)][N→V]-~:(u)te[SBJ.V-ed.something][V→V]-te[to.act.on.so.as.to.cause.to.V][V→V]-te[to.act.on.so.as.to.cause.to.V][V→V]-@₁~fna[in.order.to.V][intending.to.V][V→V]-~:(u)te[to.V.for.or.with][to.cause.to.V.as.one.is.V-ing][to.V.toward.each.other][V→V][V][Intr][Sbrd][3Sg]
naalkunnaluni	naa-–leg[one.having.N][N→N]-~–ke[to.have.as.one's.N(s)][N→V]-~:(u)te[SBJ.V-ed.something][V→V]-te[to.act.on.so.as.to.cause.to.V][V→V]-te[to.act.on.so.as.to.cause.to.V][V→V]-@₁~fna[in.order.to.V][intending.to.V][V→V]-~:(u)te[SBJ.V-ed.something][V→V][V][Intr][Sbrd][3Sg]
naalkunnaluni	naa-–leg[one.having.N][N→N]-~–ke[to.have.as.one's.N(s)][N→V]-~:(u)te[SBJ.V-ed.something][V→V]-te[to.act.on.so.as.to.cause.to.V][V→V]-te[to.act.on.so.as.to.cause.to.V][V→V]-@₁~fna[in.order.to.V][intending.to.V][V→V][V][Intr][Sbrd][3Sg]
naalkunnaluni	naa-–leg[one.having.N][N→N]-~–ke[to.have.as.one's.N(s)][N→V]-~:(u)te[SBJ.V-ed.something][V→V]-te[to.act.on.so.as.to.cause.to.V][V→V]-@₁~fna[in.order.to.V][intending.to.V][V→V]-~:(u)te[to.V.for.or.with][to.cause.to.V.as.one.is.V-ing][to.V.toward.each.other][V→V][V][Intr][Sbrd][3Sg]
naalkunnaluni	naa-–leg[one.having.N][N→N]-~–ke[to.have.as.one's.N(s)][N→V]-~:(u)te[SBJ.V-ed.something][V→V]-te[to.act.on.so.as.to.cause.to.V][V→V]-@₁~fna[in.order.to.V][intending.to.V][V→V]-~:(u)te[SBJ.V-ed.something][V→V][V][Intr][Sbrd][3Sg]
naalkunnaluni	naa-–leg[one.having.N][N→N]-~–ke[to.have.as.one's.N(s)][N→V]-~:(u)te[SBJ.V-ed.something][V→V]-te[to.act.on.so.as.to.cause.to.V][V→V]-@₁~fna[in.order.to.V][intending.to.V][V→V][V][Intr][Sbrd][3Sg]
naalkunnaluni	naa-–leg[one.having.N][N→N]-~–ke[to.have.as.one's.N(s)][N→V]-~:(u)te[SBJ.V-ed.something][V→V]-@₁~fna[in.order.to.V][intending.to.V][V→V]-~:(u)te[to.V.for.or.with][to.cause.to.V.as.one.is.V-ing][to.V.toward.each.other][V→V][V][Intr][Sbrd][3Sg]
naalkunnaluni	naa-–leg[one.having.N][N→N]-~–ke[to.have.as.one's.N(s)][N→V]-~:(u)te[SBJ.V-ed.something][V→V]-@₁~fna[in.order.to.V][intending.to.V][V→V]-~:(u)te[SBJ.V-ed.something][V→V][V][Intr][Sbrd][3Sg]
naalkunnaluni	naa-–leg[one.having.N][N→N]-~–ke[to.have.as.one's.N(s)][N→V]-~:(u)te[SBJ.V-ed.something][V→V]-@₁~fna[in.order.to.V][intending.to.V][V→V][V][Intr][Sbrd][3Sg]
naalkunnaluni	naalke-~:(u)te[to.V.for.or.with][to.cause.to.V.as.one.is.V-ing][to.V.toward.each.other][V→V]-te[to.act.on.so.as.to.cause.to.V][V→V]-@₁~fna[in.order.to.V][intending.to.V][V→V]-~:(u)te[SBJ.V-ed.something][V→V][V][Intr][Sbrd][3Sg]
naalkunnaluni	naalke-~:(u)te[to.V.for.or.with][to.cause.to.V.as.one.is.V-ing][to.V.toward.each.other][V→V]-@₁~fna[in.order.to.V][intending.to.V][V→V]-~:(u)te[SBJ.V-ed.something][V→V][V][Intr][Sbrd][3Sg]
naalkunnaluni	naalke-~:(u)te[condition.with.respect.to.V-ing][V→N]-te[to.catch.N][to.go.to.N][N→V]-@₁~fna[in.order.to.V][intending.to.V][V→V]-~:(u)te[to.V.for.or.with][to.cause.to.V.as.one.is.V-ing][to.V.toward.each.other][V→V][V][Intr][Sbrd][3Sg]
naalkunnaluni	naalke-~:(u)te[condition.with.respect.to.V-ing][V→N]-te[to.catch.N][to.go.to.N][N→V]-@₁~fna[in.order.to.V][intending.to.V][V→V]-~:(u)te[SBJ.V-ed.something][V→V][V][Intr][Sbrd][3Sg]
naalkunnaluni	naalke-~:(u)te[condition.with.respect.to.V-ing][V→N]-te[to.catch.N][to.go.to.N][N→V]-@₁~fna[in.order.to.V][intending.to.V][V→V][V][Intr][Sbrd][3Sg]
naalkunnaluni	naalke-~:(u)te[SBJ.V-ed.something][V→V]-te[to.act.on.so.as.to.cause.to.V][V→V]-@₁~fna[in.order.to.V][intending.to.V][V→V]-~:(u)te[to.V.for.or.with][to.cause.to.V.as.one.is.V-ing][to.V.toward.each.other][V→V][V][Intr][Sbrd][3Sg]
naalkunnaluni	naalke-~:(u)te[SBJ.V-ed.something][V→V]-te[to.act.on.so.as.to.cause.to.V][V→V]-@₁~fna[in.order.to.V][intending.to.V][V→V]-~:(u)te[SBJ.V-ed.something][V→V][V][Intr][Sbrd][3Sg]
naalkunnaluni	naalke-~:(u)te[SBJ.V-ed.something][V→V]-te[to.act.on.so.as.to.cause.to.V][V→V]-@₁~fna[in.order.to.V][intending.to.V][V→V][V][Intr][Sbrd][3Sg]
naalkunnaluni	naalke-~:(u)te[SBJ.V-ed.something][V→V]-@₁~fna[in.order.to.V][intending.to.V][V→V]-~:(u)te[to.V.for.or.with][to.cause.to.V.as.one.is.V-ing][to.V.toward.each.other][V→V][V][Intr][Sbrd][3Sg]
naalkunnaluni	naalke-~:(u)te[SBJ.V-ed.something][V→V]-@₁~fna[in.order.to.V][intending.to.V][V→V]-~:(u)te[SBJ.V-ed.something][V→V][V][Intr][Sbrd][3Sg]
naalkunnaluni	naalke-~:(u)te[SBJ.V-ed.something][V→V]-@₁~fna[in.order.to.V][intending.to.V][V→V][V][Intr][Sbrd][3Sg]

elqwaaghhaghmeng	elqwaagh-–ghhagh*[dear.N][N→N][N][Rel][4DuPoss][SgPosd]
elqwaaghhaghmeng	elqwaagh-–ghhagh*[dear.N][N→N][N][Rel][4DuPoss][PlPosd]
elqwaaghhaghmeng	elqwaagh-–ghhagh*[dear.N][N→N][N][Rel][4PlPoss][SgPosd]
elqwaaghhaghmeng	elqwaagh-–ghhagh*[dear.N][N→N][N][Rel][4PlPoss][PlPosd]
elqwaaghhaghmeng	elqwaagh-–ghhagh*[dear.N][N→N][N][Abl_Mod][Unpd][Sg]

------------------------
Atgenra avangisagllak.

atgenra	+?

avangisagllak	+?

------------------------


------------------------
Alla unaangupiglluku esnighqwaghluni piyalghiiminguq tekeghaa, teskananguq, iiwhlagluni un'gaverugllak ayuqeftuq.

alla	alla
alla	alla[N][Abs][Unpd][Sg]

unaangupiglluku	+?

esnighqwaghluni	+?

piyalghiiminguq	pi-@₁~fyagh[to.go.V-ing][to.V.in.vain][V→V]-@₁–lghii[the.one.that.V-ed][the.one.that.is.V][V→N][N][Loc][Unpd][Sg]-nguq[Encl]
piyalghiiminguq	pi-@₁~fyagh[to.go.V-ing][to.V.in.vain][V→V]-@₁–lghii[the.one.that.V-ed][the.one.that.is.V][V→N][N][Rel][4SgPoss][SgPosd]-nguq[Encl]
piyalghiiminguq	pi-@₁~fyagh[to.go.V-ing][to.V.in.vain][V→V]-@₁–lghii[the.one.that.V-ed][the.one.that.is.V][V→N][N][Rel][4SgPoss][PlPosd]-nguq[Encl]
piyalghiiminguq	pi-~:(u)te[to.V.for.or.with][to.cause.to.V.as.one.is.V-ing][to.V.toward.each.other][V→V]-@₁~fyagh[to.go.V-ing][to.V.in.vain][V→V]-@₁–lghii[the.one.that.V-ed][the.one.that.is.V][V→N][N][Loc][Unpd][Sg]-nguq[Encl]
piyalghiiminguq	pi-~:(u)te[to.V.for.or.with][to.cause.to.V.as.one.is.V-ing][to.V.toward.each.other][V→V]-@₁~fyagh[to.go.V-ing][to.V.in.vain][V→V]-@₁–lghii[the.one.that.V-ed][the.one.that.is.V][V→N][N][Rel][4SgPoss][SgPosd]-nguq[Encl]
piyalghiiminguq	pi-~:(u)te[to.V.for.or.with][to.cause.to.V.as.one.is.V-ing][to.V.toward.each.other][V→V]-@₁~fyagh[to.go.V-ing][to.V.in.vain][V→V]-@₁–lghii[the.one.that.V-ed][the.one.that.is.V][V→N][N][Rel][4SgPoss][PlPosd]-nguq[Encl]
piyalghiiminguq	pi-~:(u)te[SBJ.V-ed.something][V→V]-@₁~fyagh[to.go.V-ing][to.V.in.vain][V→V]-@₁–lghii[the.one.that.V-ed][the.one.that.is.V][V→N][N][Loc][Unpd][Sg]-nguq[Encl]
piyalghiiminguq	pi-~:(u)te[SBJ.V-ed.something][V→V]-@₁~fyagh[to.go.V-ing][to.V.in.vain][V→V]-@₁–lghii[the.one.that.V-ed][the.one.that.is.V][V→N][N][Rel][4SgPoss][SgPosd]-nguq[Encl]
piyalghiiminguq	pi-~:(u)te[SBJ.V-ed.something][V→V]-@₁~fyagh[to.go.V-ing][to.V.in.vain][V→V]-@₁–lghii[the.one.that.V-ed][the.one.that.is.V][V→N][N][Rel][4SgPoss][PlPosd]-nguq[Encl]

tekeghaa	Tekeghagh-~:(ng₁)u[to.be.N][N→V][V][Intr][Opt][PRS][2Sg]
tekeghaa	Tekeghagh[N][Abs][3SgPoss][SgPosd]

teskananguq	+?

iiwhlagluni	+?

ungaverugllak	+?

ayuqeftuq	+?

------------------------
Un'gallunguq elqwaaghtuftuq qiliighnaq, enraq iinghusalgulghii.

ungallunguq	+?

elqwaaghtuftuq	+?

qiliighnaq	qiliighnagh[N][Abs][Unpd][Sg]

enraq	+?

iinghusalgulghii	+?

------------------------
Saamallu enraq ellnginaghhaalghii taan'gavek atghaghyughngaaghmi.

saamallu	saam[N][Abs][3SgPoss][SgPosd]-llu[Encl]

enraq	+?

ellnginaghhaalghii	ellnginagh-–ghhagh*[dear.N][N→N]-~:(ng₁)u[to.be.N][N→V]-@₁–lghii[the.one.that.V-ed][the.one.that.is.V][V→N][N][Abs][Unpd][Sg]

taangavek	+?

atghaghyughngaaghmi	+?

------------------------


------------------------
Aqumluni taan'gavek ayuqluni esghapagumalghii.

aqumluni	aqume[V][Intr][Sbrd][3Sg]

taangavek	+?

ayuqluni	+?

esghapagumalghii	+?

------------------------
Tawaten aqumtaaghngaaghmi paaghqilngughmi, pama kelutanganeng kafsagtaamalghii.

tawaten	tawaten

aqumtaaghngaaghmi	+?

paaghqilngughmi	+?

pama	pama

kelutanganeng	+?

kafsagtaamalghii	+?

------------------------
Qiivyaqminigu taawa temngi nunameng amik qelpaghmi, avangisalghii.

qiivyaqminigu	+?

taawa	taawa

temngi	+?

nunameng	nuna[N][Rel][4DuPoss][SgPosd]
nunameng	nuna[N][Rel][4DuPoss][PlPosd]
nunameng	nuna[N][Rel][4PlPoss][SgPosd]
nunameng	nuna[N][Rel][4PlPoss][PlPosd]
nunameng	nuna[N][Abl_Mod][Unpd][Sg]

amik	amigh[N][Abs][Unpd][Du]
amik	amigh[N][Rel][Unpd][Du]
amik	amig[N][Abs][Unpd][Sg]

qelpaghmi	+?

avangisalghii	ava-~:(ng₁)ite**[to.lack.N][to.not.have.N][N→V]-te[to.act.on.so.as.to.cause.to.V][V→V]-@₁~fyagh[to.go.V-ing][to.V.in.vain][V→V]-@₁–lghii[the.one.that.V-ed][the.one.that.is.V][V→N][N][Abs][Unpd][Sg]
avangisalghii	ava-~:(ng₁)ite**[to.lack.N][to.not.have.N][N→V]-@₁~fyagh[to.go.V-ing][to.V.in.vain][V→V]-@₁–lghii[the.one.that.V-ed][the.one.that.is.V][V→N][N][Abs][Unpd][Sg]

------------------------


------------------------
Aghnasqughhwaghnguq aanaqeftuq qalipaakaghlluni, nunameng ghhataghngaghmi.

aghnasqughhwaghnguq	+?

aanaqeftuq	aane-~(g₁)aqe[to.be.V.ing][to.regularly.or.repeatedly.V][V→V]-(pete)fte[to.evidently.V][to.have.V-ed][V→V][V][Intr][Ind][3Sg]

qalipaakaghlluni	+?

nunameng	nuna[N][Rel][4DuPoss][SgPosd]
nunameng	nuna[N][Rel][4DuPoss][PlPosd]
nunameng	nuna[N][Rel][4PlPoss][SgPosd]
nunameng	nuna[N][Rel][4PlPoss][PlPosd]
nunameng	nuna[N][Abl_Mod][Unpd][Sg]

ghhataghngaghmi	+?

------------------------
Naten qalighhaagni kafsagtaneghminikegnguq ellnganguq legan nunakiighwaghaqelghii, saaqelghii kayaalinginaghaqelghii.

naten	naten

qalighhaagni	qaligh-–ghhagh*[dear.N][N→N][N][Abs][4SgPoss][DuPosd]
qalighhaagni	qaligh-–ghhagh*[dear.N][N→N][N][Loc][Unpd][Du]

kafsagtaneghminikegnguq	+?

ellnganguq	ellnga[N][Abs][Unpd][Sg]-nguq[Encl]

legan	legan

nunakiighwaghaqelghii	+?

saaqelghii	sa-~(g₁)aqe[to.be.V.ing][to.regularly.or.repeatedly.V][V→V]-@₁–lghii[the.one.that.V-ed][the.one.that.is.V][V→N][N][Abs][Unpd][Sg]

kayaalinginaghaqelghii	+?

------------------------


------------------------
Elngaatall qevuulluni ellpeknganaqaqelghii sanayukangatni.

elngaatall	elngaatall

qevuulluni	qevuute[V][Intr][Sbrd][3Sg]

ellpeknganaqaqelghii	+?

sanayukangatni	+?

------------------------
Naqamnguq, qalighhaagni kafsagtaghnaninghegkeni avangiitaqluni.

naqamnguq	+?

qalighhaagni	qaligh-–ghhagh*[dear.N][N→N][N][Abs][4SgPoss][DuPosd]
qalighhaagni	qaligh-–ghhagh*[dear.N][N→N][N][Loc][Unpd][Du]

kafsagtaghnaninghegkeni	+?

avangiitaqluni	+?

------------------------
Legan'nguq qalighhaagni kafsagtaghaqaak ellnga uniighnaqaqelghii, qevuutepiglluni iwernga esteqaqelghii, teghhumanaqaqelghii wata.

legannguq	+?

qalighhaagni	qaligh-–ghhagh*[dear.N][N→N][N][Abs][4SgPoss][DuPosd]
qalighhaagni	qaligh-–ghhagh*[dear.N][N→N][N][Loc][Unpd][Du]

kafsagtaghaqaak	+?

ellnga	ellnga
ellnga	ellnga[N][Abs][Unpd][Sg]

uniighnaqaqelghii	+?

qevuutepiglluni	qevuute-–pigte[to.be.very.V][to.V.very.much][V→V]-te[to.act.on.so.as.to.cause.to.V][V→V][V][Intr][Sbrd][3Sg]

iwernga	iwernga

esteqaqelghii	esteqagh-~–ke[to.have.as.one's.N(s)][N→V]-@₁–lghii[the.one.that.V-ed][the.one.that.is.V][V→N][N][Abs][Unpd][Sg]

teghhumanaqaqelghii	+?

wata	+?

------------------------


------------------------
Taagken aghnalqwaaghhaam pimakanga, "Kii aghnaghllagmi whani, aghtughamken seghleghllaguuten elngaatall iknaquten.

taagken	taagken

aghnalqwaaghhaam	aghnalqwaagh-–ghhagh*[dear.N][N→N][N][Rel][Unpd][Sg]

pimakanga	pi-@₁~:(i/u)ma[to.have.V-ed][to.have.been.V-ed][V→V]-@*@₂~sf–(g₂)k(a)e[the.one.that.possessor.V-ed][V→N][N][Abs][3SgPoss][SgPosd]
pimakanga	pi-@₁~:(i/u)ma[to.have.V-ed][to.have.been.V-ed][V→V][V][Trns][Ptcp][3Sg][3Sg]
pimakanga	pi-@₁~:(i/u)ma[to.have.V-ed][to.have.been.V-ed][V→V][V][Trns][Cond][3Sg][1Sg]

kii	kii
kii	kii[N][Abs][Unpd][Sg]

aghnaghllagmi	aghnagh-–ghllag[big.N][N→N][N][Loc][Unpd][Sg]
aghnaghllagmi	aghnagh-–ghllag[big.N][N→N][N][Rel][4SgPoss][SgPosd]
aghnaghllagmi	aghnagh-–ghllag[big.N][N→N][N][Rel][4SgPoss][PlPosd]

whani	wha[N][Abs][4SgPoss][SgPosd]
whani	wha[N][Abs][4SgPoss][PlPosd]
whani	wha[N][Loc][Unpd][Pl]
whani	whani
whani	whani[N][Abs][Unpd][Sg]

aghtughamken	aghtugh[V][Trns][Ind][1Du][2Sg]
aghtughamken	aghtugh[V][Trns][Ind][1Pl][2Sg]
aghtughamken	aghtugh[V][Trns][Ind][1Sg][2Sg]

seghleghllaguuten	seghlegh-–ghllag[big.N][N→N]-~:(ng₁)u[to.be.N][N→V][V][Intr][Ind][2Sg]

elngaatall	elngaatall

iknaquten	iknaqe-~:(u)te[to.V.for.or.with][to.cause.to.V.as.one.is.V-ing][to.V.toward.each.other][V→V][V][Intr][Opt][PRS][2Sg]
iknaquten	iknaqe-~:(u)te[condition.with.respect.to.V-ing][V→N][N][Abs][2SgPoss][SgPosd]
iknaquten	iknaqe-~:(u)te[SBJ.V-ed.something][V→V][V][Intr][Opt][PRS][2Sg]
iknaquten	iknaqe[V][Intr][Ind][2Sg]

------------------------
Whanga aanvikamken kayusighnaaluten neqangisalghiisi.

whanga	wha[N][Abs][3SgPoss][SgPosd]
whanga	whanga

aanvikamken	+?

kayusighnaaluten	+?

neqangisalghiisi	+?

------------------------
Enta tawani utaqiigi un'gavek saghnayaannaqamken." 

enta	+?

tawani	tawani
tawani	tawani[N][Abs][Unpd][Sg]

utaqiigi	+?

ungavek	+?

saghnayaannaqamken	+?

------------------------


------------------------
Naagunguq legan aga atghaghtuq taan'gavek taluqaghlluni qalmesat awatangitnun.

naagunguq	naagu[N][Abs][Unpd][Sg]-nguq[Encl]

legan	legan

aga	aga

atghaghtuq	atghagh[V][Intr][Ind][3Sg]
atghaghtuq	atghagh-te[to.act.on.so.as.to.cause.to.V][V→V][V][Intr][Ind][3Sg]

taangavek	+?

taluqaghlluni	+?

qalmesat	qalmesagh[N][Abs][Unpd][Pl]
qalmesat	qalmesagh[N][Rel][Unpd][Pl]

awatangitnun	awata[N][Ter][3DuPoss][PlPosd]
awatangitnun	awata[N][Ter][3DuPoss][DuPosd]
awatangitnun	awata[N][Ter][3PlPoss][PlPosd]
awatangitnun	awata[N][Ter][3PlPoss][SgPosd]
awatangitnun	awata[N][Ter][3PlPoss][DuPosd]

------------------------
Naqamllu mulupagpenani ukanguq aliightuq.

naqamllu	naqamllu[N][Abs][Unpd][Sg]

mulupagpenani	+?

ukanguq	+?

aliightuq	aw-–liigh[to.cook.or.prepare.N][N→V][V][Intr][Ind][3Sg]
aliightuq	aw-–liigh[to.cook.or.prepare.N][N→V]-te[to.act.on.so.as.to.cause.to.V][V→V][V][Intr][Ind][3Sg]

------------------------


------------------------
Kaasalghiiminguq kenighhani imighllagluku.

kaasalghiiminguq	kaate-@₁~fyagh[to.go.V-ing][to.V.in.vain][V→V]-@₁–lghii[the.one.that.V-ed][the.one.that.is.V][V→N][N][Loc][Unpd][Sg]-nguq[Encl]
kaasalghiiminguq	kaate-@₁~fyagh[to.go.V-ing][to.V.in.vain][V→V]-@₁–lghii[the.one.that.V-ed][the.one.that.is.V][V→N][N][Rel][4SgPoss][SgPosd]-nguq[Encl]
kaasalghiiminguq	kaate-@₁~fyagh[to.go.V-ing][to.V.in.vain][V→V]-@₁–lghii[the.one.that.V-ed][the.one.that.is.V][V→N][N][Rel][4SgPoss][PlPosd]-nguq[Encl]

kenighhani	kenigh-–ghhagh*[dear.N][N→N][N][Abs][4SgPoss][SgPosd]
kenighhani	kenigh-–ghhagh*[dear.N][N→N][N][Abs][4SgPoss][PlPosd]

imighllagluku	+?

------------------------
Pimakanga, "Enta kenighhaan." Keneghmini aghnasqughhwaam keniinun katagumakangi.

pimakanga	pi-@₁~:(i/u)ma[to.have.V-ed][to.have.been.V-ed][V→V]-@*@₂~sf–(g₂)k(a)e[the.one.that.possessor.V-ed][V→N][N][Abs][3SgPoss][SgPosd]
pimakanga	pi-@₁~:(i/u)ma[to.have.V-ed][to.have.been.V-ed][V→V][V][Trns][Ptcp][3Sg][3Sg]
pimakanga	pi-@₁~:(i/u)ma[to.have.V-ed][to.have.been.V-ed][V→V][V][Trns][Cond][3Sg][1Sg]

enta	+?

kenighhaan	kenigh-–ghhagh*[dear.N][N→N]-~:(ng₁)u[to.be.N][N→V]-~:(u)te[condition.with.respect.to.V-ing][V→N][N][Abs][Unpd][Sg]
kenighhaan	kenigh-–ghhagh*[dear.N][N→N][N][Abs][2SgPoss][SgPosd]
kenighhaan	kenigh-–ghhagh*[dear.N][N→N][N][Rel][3SgPoss][SgPosd]
kenighhaan	kenigh-–ghhagh*[dear.N][N→N][N][Rel][3SgPoss][PlPosd]

keneghmini	kenegh[N][Loc][4SgPoss][SgPosd]
keneghmini	kenegh[N][Loc][4SgPoss][PlPosd]

aghnasqughhwaam	+?

keniinun	kenigh[N][Ter][3SgPoss][SgPosd]
keniinun	kenigh[N][Ter][3SgPoss][PlPosd]

katagumakangi	+?

------------------------


------------------------
Esghaghyaqminiki, elqwaaq, tepaq, uupa allaaghiinaq.

esghaghyaqminiki	+?

elqwaaq	elqwaagh[N][Abs][Unpd][Sg]

tepaq	tepagh[N][Abs][Unpd][Sg]

uupa	uupa[N][Abs][Unpd][Sg]

allaaghiinaq	+?

------------------------
Llaaghanwhanguq neghegkat.

llaaghanwhanguq	+?

neghegkat	+?

------------------------
Siingenllunguq pillghughulluki neqengegkat.

siingenllunguq	siingenllu[N][Abs][Unpd][Sg]-nguq[Encl]

pillghughulluki	+?

neqengegkat	+?

------------------------


------------------------
Tawaten ungipamsugumaluku tagitugrugmi agluk allgeghtuk.

tawaten	tawaten

ungipamsugumaluku	ungipagh[N][Loc][Unpd][Sg]-ete[to.be]-te[to.act.on.so.as.to.cause.to.V][V→V]-te[to.act.on.so.as.to.cause.to.V][V→V]-@₁~fyug[to.want.to.V][V→V]-@₁~:(i/u)ma[to.have.V-ed][to.have.been.V-ed][V→V]-~:(u)te[to.V.for.or.with][to.cause.to.V.as.one.is.V-ing][to.V.toward.each.other][V→V][V][Trns][Sbrd][_][3Sg]
ungipamsugumaluku	ungipagh[N][Loc][Unpd][Sg]-ete[to.be]-te[to.act.on.so.as.to.cause.to.V][V→V]-te[to.act.on.so.as.to.cause.to.V][V→V]-@₁~fyug[to.want.to.V][V→V]-@₁~:(i/u)ma[to.have.V-ed][to.have.been.V-ed][V→V][V][Trns][Sbrd][_][3Sg]
ungipamsugumaluku	ungipagh[N][Rel][4SgPoss][SgPosd]-ete[to.be]-te[to.act.on.so.as.to.cause.to.V][V→V]-te[to.act.on.so.as.to.cause.to.V][V→V]-@₁~fyug[to.want.to.V][V→V]-@₁~:(i/u)ma[to.have.V-ed][to.have.been.V-ed][V→V]-~:(u)te[to.V.for.or.with][to.cause.to.V.as.one.is.V-ing][to.V.toward.each.other][V→V][V][Trns][Sbrd][_][3Sg]
ungipamsugumaluku	ungipagh[N][Rel][4SgPoss][SgPosd]-ete[to.be]-te[to.act.on.so.as.to.cause.to.V][V→V]-te[to.act.on.so.as.to.cause.to.V][V→V]-@₁~fyug[to.want.to.V][V→V]-@₁~:(i/u)ma[to.have.V-ed][to.have.been.V-ed][V→V][V][Trns][Sbrd][_][3Sg]
ungipamsugumaluku	ungipagh[N][Rel][4SgPoss][PlPosd]-ete[to.be]-te[to.act.on.so.as.to.cause.to.V][V→V]-te[to.act.on.so.as.to.cause.to.V][V→V]-@₁~fyug[to.want.to.V][V→V]-@₁~:(i/u)ma[to.have.V-ed][to.have.been.V-ed][V→V]-~:(u)te[to.V.for.or.with][to.cause.to.V.as.one.is.V-ing][to.V.toward.each.other][V→V][V][Trns][Sbrd][_][3Sg]
ungipamsugumaluku	ungipagh[N][Rel][4SgPoss][PlPosd]-ete[to.be]-te[to.act.on.so.as.to.cause.to.V][V→V]-te[to.act.on.so.as.to.cause.to.V][V→V]-@₁~fyug[to.want.to.V][V→V]-@₁~:(i/u)ma[to.have.V-ed][to.have.been.V-ed][V→V][V][Trns][Sbrd][_][3Sg]
ungipamsugumaluku	Ungipagh[N][Loc][Unpd][Sg]-ete[to.be]-te[to.act.on.so.as.to.cause.to.V][V→V]-te[to.act.on.so.as.to.cause.to.V][V→V]-@₁~fyug[to.want.to.V][V→V]-@₁~:(i/u)ma[to.have.V-ed][to.have.been.V-ed][V→V]-~:(u)te[to.V.for.or.with][to.cause.to.V.as.one.is.V-ing][to.V.toward.each.other][V→V][V][Trns][Sbrd][_][3Sg]
ungipamsugumaluku	Ungipagh[N][Loc][Unpd][Sg]-ete[to.be]-te[to.act.on.so.as.to.cause.to.V][V→V]-te[to.act.on.so.as.to.cause.to.V][V→V]-@₁~fyug[to.want.to.V][V→V]-@₁~:(i/u)ma[to.have.V-ed][to.have.been.V-ed][V→V][V][Trns][Sbrd][_][3Sg]
ungipamsugumaluku	Ungipagh[N][Rel][4SgPoss][SgPosd]-ete[to.be]-te[to.act.on.so.as.to.cause.to.V][V→V]-te[to.act.on.so.as.to.cause.to.V][V→V]-@₁~fyug[to.want.to.V][V→V]-@₁~:(i/u)ma[to.have.V-ed][to.have.been.V-ed][V→V]-~:(u)te[to.V.for.or.with][to.cause.to.V.as.one.is.V-ing][to.V.toward.each.other][V→V][V][Trns][Sbrd][_][3Sg]
ungipamsugumaluku	Ungipagh[N][Rel][4SgPoss][SgPosd]-ete[to.be]-te[to.act.on.so.as.to.cause.to.V][V→V]-te[to.act.on.so.as.to.cause.to.V][V→V]-@₁~fyug[to.want.to.V][V→V]-@₁~:(i/u)ma[to.have.V-ed][to.have.been.V-ed][V→V][V][Trns][Sbrd][_][3Sg]
ungipamsugumaluku	Ungipagh[N][Rel][4SgPoss][PlPosd]-ete[to.be]-te[to.act.on.so.as.to.cause.to.V][V→V]-te[to.act.on.so.as.to.cause.to.V][V→V]-@₁~fyug[to.want.to.V][V→V]-@₁~:(i/u)ma[to.have.V-ed][to.have.been.V-ed][V→V]-~:(u)te[to.V.for.or.with][to.cause.to.V.as.one.is.V-ing][to.V.toward.each.other][V→V][V][Trns][Sbrd][_][3Sg]
ungipamsugumaluku	Ungipagh[N][Rel][4SgPoss][PlPosd]-ete[to.be]-te[to.act.on.so.as.to.cause.to.V][V→V]-te[to.act.on.so.as.to.cause.to.V][V→V]-@₁~fyug[to.want.to.V][V→V]-@₁~:(i/u)ma[to.have.V-ed][to.have.been.V-ed][V→V][V][Trns][Sbrd][_][3Sg]

tagitugrugmi	+?

agluk	aglu[N][Abs][Unpd][Du]
agluk	aglu[N][Rel][Unpd][Du]
agluk	aglug[N][Abs][Unpd][Sg]

allgeghtuk	+?

------------------------
Piinkut whaa, "Esghapagtekek agluk ayemnnaqagka."

piinkut	pi[V][Trns][Intrg][3Sg][1Pl]
piinkut	pi[V][Trns][Intrg][3Du][1Pl]
piinkut	pi[V][Trns][Intrg][3Pl][1Pl]
piinkut	pi[V][Trns][Ind][3Pl][1Pl]
piinkut	pi[V][Trns][Ind][3Du][1Pl]
piinkut	pi[V][Trns][Ind][3Sg][1Pl]

whaa	+?

esghapagtekek	+?

agluk	aglu[N][Abs][Unpd][Du]
agluk	aglu[N][Rel][Unpd][Du]
agluk	aglug[N][Abs][Unpd][Sg]

ayemnnaqagka	+?

------------------------
 

------------------------
Ayveghem aglukek tamaaken tugulukek napaghtaak.

ayveghem	ayvegh[N][Rel][Unpd][Sg]

aglukek	aglu[N][Abs][3SgPoss][DuPosd]

tamaaken	+?

tugulukek	tugu-~:(u)te[to.V.for.or.with][to.cause.to.V.as.one.is.V-ing][to.V.toward.each.other][V→V][V][Trns][Sbrd][_][3Du]
tugulukek	tugu[V][Trns][Sbrd][_][3Du]

napaghtaak	+?

------------------------
Taagken tazingapighqaaghluni uyghagmeng tugulluni agluk milughyaqminikek unaklukek agluk ayemkaghaak.

taagken	taagken

tazingapighqaaghluni	+?

uyghagmeng	uyghag[N][Rel][4DuPoss][SgPosd]
uyghagmeng	uyghag[N][Rel][4DuPoss][PlPosd]
uyghagmeng	uyghag[N][Rel][4PlPoss][SgPosd]
uyghagmeng	uyghag[N][Rel][4PlPoss][PlPosd]
uyghagmeng	uyghag[N][Abl_Mod][Unpd][Sg]

tugulluni	tugu-~:(u)te[condition.with.respect.to.V-ing][V→N]-te[to.catch.N][to.go.to.N][N→V][V][Intr][Sbrd][3Sg]
tugulluni	tugu-~:(u)te[SBJ.V-ed.something][V→V]-te[to.act.on.so.as.to.cause.to.V][V→V][V][Intr][Sbrd][3Sg]

agluk	aglu[N][Abs][Unpd][Du]
agluk	aglu[N][Rel][Unpd][Du]
agluk	aglug[N][Abs][Unpd][Sg]

milughyaqminikek	+?

unaklukek	+?

agluk	aglu[N][Abs][Unpd][Du]
agluk	aglu[N][Rel][Unpd][Du]
agluk	aglug[N][Abs][Unpd][Sg]

ayemkaghaak	ayemkaghagh[N][Abs][3DuPoss][SgPosd]

------------------------
Agallu agluk akuuraallutek aglum qukakek ghevuk.

agallu	+?

agluk	aglu[N][Abs][Unpd][Du]
agluk	aglu[N][Rel][Unpd][Du]
agluk	aglug[N][Abs][Unpd][Sg]

akuuraallutek	+?

aglum	aglu[N][Rel][Unpd][Sg]

qukakek	qukagh[N][Abs][3SgPoss][DuPosd]

ghevuk	gheve[V][Intr][Ind][3Du]

------------------------
Suna araqrugta, "Aagluk ayemtagkaa."

suna	suna[N][Abs][Unpd][Sg]

araqrugta	+?

aagluk	+?

ayemtagkaa	+?

------------------------
 

------------------------
Ayumighnguq ellngit tawaten naghaaqayudet.

ayumighnguq	+?

ellngit	ellngit
ellngit	ellngit[N][Abs][Unpd][Sg]

tawaten	tawaten

naghaaqayudet	+?

------------------------
Akuuraallutegnguq agluk ghevaqelghiik llaaghan.

akuuraallutegnguq	+?

agluk	aglu[N][Abs][Unpd][Du]
agluk	aglu[N][Rel][Unpd][Du]
agluk	aglug[N][Abs][Unpd][Sg]

ghevaqelghiik	gheve-~(g₁)aqe[to.be.V.ing][to.regularly.or.repeatedly.V][V→V]-@₁–lghii[the.one.that.V-ed][the.one.that.is.V][V→N][N][Abs][Unpd][Du]
ghevaqelghiik	gheve-~(g₁)aqe[to.be.V.ing][to.regularly.or.repeatedly.V][V→V]-@₁–lghii[the.one.that.V-ed][the.one.that.is.V][V→N][N][Rel][Unpd][Du]
ghevaqelghiik	gheve-~(g₁)aqe[to.be.V.ing][to.regularly.or.repeatedly.V][V→V][V][Intr][Ptcp][3Du]

llaaghan	+?

------------------------


------------------------
Taananguuq taawa Singaaweteghllagem ungipamsuga.

taananguuq	+?

taawa	taawa

singaaweteghllagem	+?

ungipamsuga	+?

------------------------
Talwa salin quyngighqwaaghet nelillghilluki.

talwa	+?

salin	salite[N][Abs][Unpd][Sg]

quyngighqwaaghet	quyngighqwaagh[N][Abs][Unpd][Pl]
quyngighqwaaghet	quyngighqwaagh[N][Rel][Unpd][Pl]

nelillghilluki	+?

------------------------
Ellngitanguq Sivungaq neliyuwhaaqaqaat.

ellngitanguq	ellngit[N][Abs][3SgPoss][SgPosd]-nguq[Encl]

sivungaq	Sivungagh*[N][Abs][Unpd][Sg]

neliyuwhaaqaqaat	+?

------------------------
Kuug'ghegkenka Mayukaankuk, Amagunkuk, Piinteghlam ighneghqek.

kuugghegkenka	+?

mayukaankuk	+?

amagunkuk	+?

piinteghlam	+?

ighneghqek	ighnegh[N][Abs][3SgPoss][DuPosd]

------------------------


------------------------
