Ungipaghaq Alingtiitunga 

ungipaghaq	ungipaghagh[N][Abs][Unpd][Sg]

alingtiitunga	+?

------------------------
Qagughmiim Apellgha 

qagughmiim	Qagugh-mii[resident.of.N][N→N][N][Rel][Unpd][Sg]
qagughmiim	qagugh-mii[resident.of.N][N→N][N][Rel][Unpd][Sg]

apellgha	+?

------------------------


------------------------
Ungipaghaninguq imanii Alingtiitunga taana.

ungipaghaninguq	ungipaghagh[N][Abs][4SgPoss][SgPosd]-nguq[Encl]
ungipaghaninguq	ungipaghagh[N][Abs][4SgPoss][PlPosd]-nguq[Encl]
ungipaghaninguq	ungipaghagh[N][Loc][Unpd][Pl]-nguq[Encl]

imanii	imanagh-~:(ng₁)u[to.be.N][N→V]-~i[SBJ.V-ed.something][V→V]-~i[SBJ.V-ed.something][V→V]-~i[SBJ.V-ed.something][V→V]-~i[SBJ.V-ed.something][V→V]-~i[SBJ.V-ed.something][V→V][V][Intr][Opt][PRS][2Sg]
imanii	imanagh-~:(ng₁)u[to.be.N][N→V]-~i[SBJ.V-ed.something][V→V]-~i[SBJ.V-ed.something][V→V]-~i[SBJ.V-ed.something][V→V]-~i[SBJ.V-ed.something][V→V][V][Intr][Opt][PRS][2Sg]
imanii	imanagh-~:(ng₁)u[to.be.N][N→V]-~i[SBJ.V-ed.something][V→V]-~i[SBJ.V-ed.something][V→V]-~i[SBJ.V-ed.something][V→V][V][Intr][Opt][PRS][2Sg]
imanii	imanagh-~:(ng₁)u[to.be.N][N→V]-~i[SBJ.V-ed.something][V→V]-~i[SBJ.V-ed.something][V→V][V][Intr][Opt][PRS][2Sg]
imanii	imanagh-~:(ng₁)u[to.be.N][N→V]-~i[SBJ.V-ed.something][V→V][V][Intr][Opt][PRS][2Sg]
imanii	imanagh[N][Abs][3SgPoss][PlPosd]

alingtiitunga	+?

taana	taana

------------------------
Alingtiitunga qerngughtiiq elngaatall.

alingtiitunga	+?

qerngughtiiq	+?

elngaatall	elngaatall

------------------------
Kii, Alingtiitungameng alingigatutanganeng atiimaat entaqun.

kii	kii
kii	kii[N][Abs][Unpd][Sg]

alingtiitungameng	+?

alingigatutanganeng	alinge-@₁~:(ng₂)igate[to.never.V][to.not.be.V-ing][V→V]-~:(u)ta[condition.with.respect.to.V-ing][V→N][N][Abl_Mod][3SgPoss][SgPosd]
alingigatutanganeng	alinge-@₁~:(ng₂)igate[to.never.V][to.not.be.V-ing][V→V]-~:(u)ta[condition.with.respect.to.V-ing][V→N][N][Abl_Mod][3SgPoss][PlPosd]

atiimaat	atugh-~:(ng₁)u[to.be.N][N→V]-~i[SBJ.V-ed.something][V→V]-~i[SBJ.V-ed.something][V→V]-~i[SBJ.V-ed.something][V→V]-~i[SBJ.V-ed.something][V→V]-@₁~:(i/u)ma[to.have.V-ed][to.have.been.V-ed][V→V][V][Intr][Intrg][3Pl]
atiimaat	atugh-~:(ng₁)u[to.be.N][N→V]-~i[SBJ.V-ed.something][V→V]-~i[SBJ.V-ed.something][V→V]-~i[SBJ.V-ed.something][V→V]-@₁~:(i/u)ma[to.have.V-ed][to.have.been.V-ed][V→V][V][Intr][Intrg][3Pl]
atiimaat	atugh-~:(ng₁)u[to.be.N][N→V]-~i[SBJ.V-ed.something][V→V]-~i[SBJ.V-ed.something][V→V]-~i[SBJ.V-ed.something][V→V]-@₁~:(i/u)ma[to.have.V-ed][to.have.been.V-ed][V→V][V][Intr][Ind][3Pl]
atiimaat	atugh-~:(ng₁)u[to.be.N][N→V]-~i[SBJ.V-ed.something][V→V]-~i[SBJ.V-ed.something][V→V]-@₁~:(i/u)ma[to.have.V-ed][to.have.been.V-ed][V→V][V][Intr][Intrg][3Pl]
atiimaat	atugh-~:(ng₁)u[to.be.N][N→V]-~i[SBJ.V-ed.something][V→V]-~i[SBJ.V-ed.something][V→V]-@₁~:(i/u)ma[to.have.V-ed][to.have.been.V-ed][V→V][V][Intr][Ind][3Pl]
atiimaat	atugh-~:(ng₁)u[to.be.N][N→V]-~i[SBJ.V-ed.something][V→V]-@₁~:(i/u)ma[to.have.V-ed][to.have.been.V-ed][V→V][V][Intr][Intrg][3Pl]
atiimaat	atugh-~:(ng₁)u[to.be.N][N→V]-~i[SBJ.V-ed.something][V→V]-@₁~:(i/u)ma[to.have.V-ed][to.have.been.V-ed][V→V][V][Intr][Ind][3Pl]
atiimaat	atugh-~:(ng₁)ite**[to.lack.N][to.not.have.N][N→V]-@₁~:(i/u)ma[to.have.V-ed][to.have.been.V-ed][V→V][V][Intr][Intrg][3Pl]
atiimaat	atugh-~:(ng₁)ite**[to.lack.N][to.not.have.N][N→V]-@₁~:(i/u)ma[to.have.V-ed][to.have.been.V-ed][V→V][V][Intr][Ind][3Pl]

entaqun	entaqun

------------------------
Ima tazimkerugllaak ungipaghaq taana Alingtiitunga.

ima	ima

tazimkerugllaak	+?

ungipaghaq	ungipaghagh[N][Abs][Unpd][Sg]

taana	taana

alingtiitunga	+?

------------------------


------------------------
Upenghanghaninguq Pungughmiit sikungiinneghani taakwnaa, enlegmun pagavek aghviqiighaqelghiit.

upenghanghaninguq	+?

pungughmiit	Pungughmii(t)[N][Abs][1PlPoss][SgPosd]
pungughmiit	Pungughmii(t)[N][Abs][Unpd][Pl]
pungughmiit	Pungughmii(t)[N][Rel][Unpd][Pl]

sikungiinneghani	+?

taakwnaa	+?

enlegmun	enleg[N][Ter][Unpd][Sg]

pagavek	pagavek

aghviqiighaqelghiit	+?

------------------------
Upenghiiyaghtughaqut mainland-mun tespagavek.

upenghiiyaghtughaqut	+?

mainlandmun	+?

tespagavek	+?

------------------------
Upenghiigaqut tespagani neyeng Punguuk unillukek.

upenghiigaqut	+?

tespagani	+?

neyeng	ne[N][Abs][4PlPoss][SgPosd]

punguuk	Punguug[N][Abs][Unpd][Sg]

unillukek	+?

------------------------


------------------------
Alingtiitunganginaghhaq tamaantaqelghii nemi tamaani.

alingtiitunganginaghhaq	+?

tamaantaqelghii	+?

nemi	ne[N][Loc][Unpd][Sg]
nemi	ne[N][Rel][4SgPoss][SgPosd]
nemi	ne[N][Rel][4SgPoss][PlPosd]

tamaani	+?

------------------------
Sumeghtaghaamalghii, "Qayngun whaa sangwaa qinuyuwaaghllak pillequq tughneghiighnaqsaqumkek Punguuk, entaqun." 

sumeghtaghaamalghii	sumeghtaghagh-@₁~:(i/u)ma[to.have.V-ed][to.have.been.V-ed][V→V]-@₁–lghii[the.one.that.V-ed][the.one.that.is.V][V→N][N][Abs][Unpd][Sg]

qayngun	+?

whaa	+?

sangwaa	sa-~:(ng₁)u[to.be.N][N→V][V][Intr][Intrg][3Sg]
sangwaa	sangwaa[N][Abs][Unpd][Sg]

qinuyuwaaghllak	+?

pillequq	pi-te[to.act.on.so.as.to.cause.to.V][V→V]-@₁lleqe[will.V][V→V][V][Intr][Ind][3Sg]
pillequq	pi-te[to.catch.N][to.go.to.N][N→V]-@₁lleqe[will.V][V→V][V][Intr][Ind][3Sg]
pillequq	pi-~:(u)te[to.V.for.or.with][to.cause.to.V.as.one.is.V-ing][to.V.toward.each.other][V→V]-te[to.act.on.so.as.to.cause.to.V][V→V]-@₁lleqe[will.V][V→V][V][Intr][Ind][3Sg]
pillequq	pi-~:(u)te[to.V.for.or.with][to.cause.to.V.as.one.is.V-ing][to.V.toward.each.other][V→V]-@₁lleqe[will.V][V→V][V][Intr][Ind][3Sg]
pillequq	pi-~:(u)te[condition.with.respect.to.V-ing][V→N]-te[to.catch.N][to.go.to.N][N→V]-@₁lleqe[will.V][V→V][V][Intr][Ind][3Sg]
pillequq	pi-~:(u)te[SBJ.V-ed.something][V→V]-te[to.act.on.so.as.to.cause.to.V][V→V]-@₁lleqe[will.V][V→V][V][Intr][Ind][3Sg]
pillequq	pi-~:(u)te[SBJ.V-ed.something][V→V]-@₁lleqe[will.V][V→V][V][Intr][Ind][3Sg]
pillequq	pi-@₁lleqe[will.V][V→V][V][Intr][Ind][3Sg]

tughneghiighnaqsaqumkek	+?

punguuk	Punguug[N][Abs][Unpd][Sg]

entaqun	entaqun

------------------------
Esgha ayumirugllagughngaaghmi nenglullulgumaaq alla, sivuliighiit aagkurugllaget entaqun.

esgha	+?

ayumirugllagughngaaghmi	+?

nenglullulgumaaq	+?

alla	alla
alla	alla[N][Abs][Unpd][Sg]

sivuliighiit	sivu-–liigh[to.cook.or.prepare.N][N→V]-~i[SBJ.V-ed.something][V→V][V][Intr][Intrg][3Pl]
sivuliighiit	sivu-–liigh[to.cook.or.prepare.N][N→V]-~i[SBJ.V-ed.something][V→V][V][Intr][Ind][3Pl]
sivuliighiit	sivug-–liigh[to.cook.or.prepare.N][N→V]-~i[SBJ.V-ed.something][V→V][V][Intr][Intrg][3Pl]
sivuliighiit	sivug-–liigh[to.cook.or.prepare.N][N→V]-~i[SBJ.V-ed.something][V→V][V][Intr][Ind][3Pl]

aagkurugllaget	+?

entaqun	entaqun

------------------------
Alingtiitungam taam sivuliighani naafqennaqii.

alingtiitungam	+?

taam	+?

sivuliighani	+?

naafqennaqii	naafqe-te[to.act.on.so.as.to.cause.to.V][V→V]-@₁~fnaqe[to.be.going.to.V][V→V]-~i[SBJ.V-ed.something][V→V]-~i[SBJ.V-ed.something][V→V]-~i[SBJ.V-ed.something][V→V]-~i[SBJ.V-ed.something][V→V]-~i[SBJ.V-ed.something][V→V][V][Intr][Opt][PRS][2Sg]
naafqennaqii	naafqe-te[to.act.on.so.as.to.cause.to.V][V→V]-@₁~fnaqe[to.be.going.to.V][V→V]-~i[SBJ.V-ed.something][V→V]-~i[SBJ.V-ed.something][V→V]-~i[SBJ.V-ed.something][V→V]-~i[SBJ.V-ed.something][V→V][V][Intr][Opt][PRS][2Sg]
naafqennaqii	naafqe-te[to.act.on.so.as.to.cause.to.V][V→V]-@₁~fnaqe[to.be.going.to.V][V→V]-~i[SBJ.V-ed.something][V→V]-~i[SBJ.V-ed.something][V→V]-~i[SBJ.V-ed.something][V→V][V][Intr][Opt][PRS][2Sg]
naafqennaqii	naafqe-te[to.act.on.so.as.to.cause.to.V][V→V]-@₁~fnaqe[to.be.going.to.V][V→V]-~i[SBJ.V-ed.something][V→V]-~i[SBJ.V-ed.something][V→V][V][Intr][Opt][PRS][2Sg]
naafqennaqii	naafqe-te[to.act.on.so.as.to.cause.to.V][V→V]-@₁~fnaqe[to.be.going.to.V][V→V]-~i[SBJ.V-ed.something][V→V][V][Intr][Intrg][3Sg]
naafqennaqii	naafqe-te[to.act.on.so.as.to.cause.to.V][V→V]-@₁~fnaqe[to.be.going.to.V][V→V][V][Trns][Ind][3Sg][3Pl]

------------------------
Elngaatall tughneghiighnaqumakek Punguuk.

elngaatall	elngaatall

tughneghiighnaqumakek	+?

punguuk	Punguug[N][Abs][Unpd][Sg]

------------------------
Kelguumalghii, kelguumakanga Punguum yuga neghyiisqelluku ellmeggnun.

kelguumalghii	+?

kelguumakanga	+?

punguum	+?

yuga	yu(u)g[N][Abs][3SgPoss][SgPosd]
yuga	yug[N][Abs][3SgPoss][SgPosd]

neghyiisqelluku	negh-@₁~fyagh[to.go.V-ing][to.V.in.vain][V→V]-~sf:isqe[to.ask.or.tell.one.to.V][Cmpd_Vbl]-te[to.act.on.so.as.to.cause.to.V][V→V]-te[to.act.on.so.as.to.cause.to.V][V→V]-te[to.act.on.so.as.to.cause.to.V][V→V][V][Trns][Sbrd][_][3Sg]
neghyiisqelluku	negh-@₁~fyagh[to.go.V-ing][to.V.in.vain][V→V]-~sf:isqe[to.ask.or.tell.one.to.V][Cmpd_Vbl]-te[to.act.on.so.as.to.cause.to.V][V→V]-te[to.act.on.so.as.to.cause.to.V][V→V][V][Trns][Sbrd][_][3Sg]
neghyiisqelluku	negh-@₁~fyagh[to.go.V-ing][to.V.in.vain][V→V]-~sf:isqe[to.ask.or.tell.one.to.V][Cmpd_Vbl]-te[to.act.on.so.as.to.cause.to.V][V→V][V][Trns][Sbrd][_][3Sg]
neghyiisqelluku	neghe-@₁~fyagh[to.go.V-ing][to.V.in.vain][V→V]-~sf:isqe[to.ask.or.tell.one.to.V][Cmpd_Vbl]-te[to.act.on.so.as.to.cause.to.V][V→V]-te[to.act.on.so.as.to.cause.to.V][V→V]-te[to.act.on.so.as.to.cause.to.V][V→V][V][Trns][Sbrd][_][3Sg]
neghyiisqelluku	neghe-@₁~fyagh[to.go.V-ing][to.V.in.vain][V→V]-~sf:isqe[to.ask.or.tell.one.to.V][Cmpd_Vbl]-te[to.act.on.so.as.to.cause.to.V][V→V]-te[to.act.on.so.as.to.cause.to.V][V→V][V][Trns][Sbrd][_][3Sg]
neghyiisqelluku	neghe-@₁~fyagh[to.go.V-ing][to.V.in.vain][V→V]-~sf:isqe[to.ask.or.tell.one.to.V][Cmpd_Vbl]-te[to.act.on.so.as.to.cause.to.V][V→V][V][Trns][Sbrd][_][3Sg]

ellmeggnun	ellmeggnun

------------------------


------------------------
Nenglullugnun kaalluni nenglulluget qineghlluki aatghit tuqlughraghluki nagasiisqelluki Puvallanaqniluni.

nenglullugnun	+?

kaalluni	kaate[V][Intr][Sbrd][3Sg]

nenglulluget	+?

qineghlluki	+?

aatghit	ategh[N][Abs][3PlPoss][PlPosd]
aatghit	Ategh[N][Abs][3PlPoss][PlPosd]

tuqlughraghluki	+?

nagasiisqelluki	nagate-@₁~fyagh[to.go.V-ing][to.V.in.vain][V→V]-~sf:isqe[to.ask.or.tell.one.to.V][Cmpd_Vbl]-te[to.act.on.so.as.to.cause.to.V][V→V]-te[to.act.on.so.as.to.cause.to.V][V→V]-te[to.act.on.so.as.to.cause.to.V][V→V][V][Trns][Sbrd][_][3Pl]
nagasiisqelluki	nagate-@₁~fyagh[to.go.V-ing][to.V.in.vain][V→V]-~sf:isqe[to.ask.or.tell.one.to.V][Cmpd_Vbl]-te[to.act.on.so.as.to.cause.to.V][V→V]-te[to.act.on.so.as.to.cause.to.V][V→V][V][Trns][Sbrd][_][3Pl]
nagasiisqelluki	nagate-@₁~fyagh[to.go.V-ing][to.V.in.vain][V→V]-~sf:isqe[to.ask.or.tell.one.to.V][Cmpd_Vbl]-te[to.act.on.so.as.to.cause.to.V][V→V][V][Trns][Sbrd][_][3Pl]

puvallanaqniluni	+?

------------------------
Taakunun aglaghluni taakwna atighluku puvallanaqniluni nagasiisqelluki.

taakunun	+?

aglaghluni	aglagh[V][Intr][Sbrd][3Sg]

taakwna	taakwna

atighluku	+?

puvallanaqniluni	+?

nagasiisqelluki	nagate-@₁~fyagh[to.go.V-ing][to.V.in.vain][V→V]-~sf:isqe[to.ask.or.tell.one.to.V][Cmpd_Vbl]-te[to.act.on.so.as.to.cause.to.V][V→V]-te[to.act.on.so.as.to.cause.to.V][V→V]-te[to.act.on.so.as.to.cause.to.V][V→V][V][Trns][Sbrd][_][3Pl]
nagasiisqelluki	nagate-@₁~fyagh[to.go.V-ing][to.V.in.vain][V→V]-~sf:isqe[to.ask.or.tell.one.to.V][Cmpd_Vbl]-te[to.act.on.so.as.to.cause.to.V][V→V]-te[to.act.on.so.as.to.cause.to.V][V→V][V][Trns][Sbrd][_][3Pl]
nagasiisqelluki	nagate-@₁~fyagh[to.go.V-ing][to.V.in.vain][V→V]-~sf:isqe[to.ask.or.tell.one.to.V][Cmpd_Vbl]-te[to.act.on.so.as.to.cause.to.V][V→V][V][Trns][Sbrd][_][3Pl]

------------------------


------------------------
Elngaatall neqengnaqelghii Alingtiitunga.

elngaatall	elngaatall

neqengnaqelghii	+?

alingtiitunga	+?

------------------------
Apeghiighyami ken'ghhwak kumaghllukek, sasiqumtaaghat ayumiq ken'ghhwighluteng neqa ken'ghhwam uvitanganun llilaghtughllagaqluku.

apeghiighyami	apeghiigh[V][Intr][CnsqI][4Sg]

kenghhwak	kenghhwagh[N][Abs][Unpd][Du]
kenghhwak	kenghhwagh[N][Rel][Unpd][Du]

kumaghllukek	+?

sasiqumtaaghat	+?

ayumiq	ayumigh*[N][Abs][Unpd][Sg]

kenghhwighluteng	+?

neqa	neqe[N][Abs][Unpd][Sg]

kenghhwam	kenghhwagh[N][Rel][Unpd][Sg]

uvitanganun	uvita[N][Ter][3SgPoss][SgPosd]
uvitanganun	uvita[N][Ter][3SgPoss][PlPosd]

llilaghtughllagaqluku	+?

------------------------


------------------------
Wuututkaghqani tiguynga sangwaa, tiguynget tamaakut aksigutaawaqut, ayumiim tiguyngengi.

wuututkaghqani	+?

tiguynga	+?

sangwaa	sa-~:(ng₁)u[to.be.N][N→V][V][Intr][Intrg][3Sg]
sangwaa	sangwaa[N][Abs][Unpd][Sg]

tiguynget	+?

tamaakut	+?

aksigutaawaqut	+?

ayumiim	ayumigh*[N][Rel][Unpd][Sg]

tiguyngengi	+?

------------------------
Anighqutni, tamaakut tiguyngetlu iighluki navek tugwaaghesnaghyaghqaaluki.

anighqutni	anighqute-te[to.catch.N][to.go.to.N][N→V]-@₁~fni[to.say.that.one.is.V-ing][Cmpd_Vbl][V][Intr][Opt][PRS][2Sg]
anighqutni	anighqute[N][Loc][Unpd][Pl]

tamaakut	+?

tiguyngetlu	+?

iighluki	+?

navek	navek

tugwaaghesnaghyaghqaaluki	+?

------------------------
Kelguqaa elngaatall Punguuk.

kelguqaa	+?

elngaatall	elngaatall

punguuk	Punguug[N][Abs][Unpd][Sg]

------------------------


------------------------
Iii, whanikukestaq maliglluku tughneghaluwhaqaa qerngughsalghiimi elngaatall.

iii	+?

whanikukestaq	+?

maliglluku	+?

tughneghaluwhaqaa	+?

qerngughsalghiimi	+?

elngaatall	elngaatall

------------------------
Ilanginguq minglemeng tamaaken iitghaqelghiit, ilangi quulnganeng paagken ukigaqelghiit.

ilanginguq	ila[N][Abs][3SgPoss][PlPosd]-nguq[Encl]

minglemeng	+?

tamaaken	+?

iitghaqelghiit	itegh-~(g₁)aqe[to.be.V.ing][to.regularly.or.repeatedly.V][V→V]-@₁–lghii[the.one.that.V-ed][the.one.that.is.V][V→N][N][Abs][Unpd][Pl]
iitghaqelghiit	itegh-~(g₁)aqe[to.be.V.ing][to.regularly.or.repeatedly.V][V→V]-@₁–lghii[the.one.that.V-ed][the.one.that.is.V][V→N][N][Rel][Unpd][Pl]
iitghaqelghiit	itegh-~(g₁)aqe[to.be.V.ing][to.regularly.or.repeatedly.V][V→V][V][Intr][Ptcp][3Pl]

ilangi	ila[N][Abs][3SgPoss][PlPosd]

quulnganeng	+?

paagken	paagken

ukigaqelghiit	ukig-~(g₁)aqe[to.be.V.ing][to.regularly.or.repeatedly.V][V→V]-@₁–lghii[the.one.that.V-ed][the.one.that.is.V][V→N][N][Abs][Unpd][Pl]
ukigaqelghiit	ukig-~(g₁)aqe[to.be.V.ing][to.regularly.or.repeatedly.V][V→V]-@₁–lghii[the.one.that.V-ed][the.one.that.is.V][V→N][N][Rel][Unpd][Pl]
ukigaqelghiit	ukig-~(g₁)aqe[to.be.V.ing][to.regularly.or.repeatedly.V][V→V][V][Intr][Ptcp][3Pl]

------------------------
Ilangi minglemeng naken taagken, ilangi samaken nunam asinganeng mayughaqelghiit.

ilangi	ila[N][Abs][3SgPoss][PlPosd]

minglemeng	+?

naken	naken
naken	nakete[N][Abs][Unpd][Sg]

taagken	taagken

ilangi	ila[N][Abs][3SgPoss][PlPosd]

samaken	sa-@₁~:(i/u)ma[to.have.V-ed][to.have.been.V-ed][V→V]-@*@₂~sf–(g₂)k(a)e[the.one.that.possessor.V-ed][V→N][N][Abs][2SgPoss][SgPosd]
samaken	sa-@₁~:(i/u)ma[to.have.V-ed][to.have.been.V-ed][V→V][V][Trns][Ptcp][2Sg][3Sg]
samaken	samaken

nunam	nuna[N][Rel][Unpd][Sg]

asinganeng	asi[N][Abl_Mod][3SgPoss][SgPosd]
asinganeng	asi[N][Abl_Mod][3SgPoss][PlPosd]

mayughaqelghiit	mayugh-~(g₁)aqe[to.be.V.ing][to.regularly.or.repeatedly.V][V→V]-@₁–lghii[the.one.that.V-ed][the.one.that.is.V][V→N][N][Abs][Unpd][Pl]
mayughaqelghiit	mayugh-~(g₁)aqe[to.be.V.ing][to.regularly.or.repeatedly.V][V→V]-@₁–lghii[the.one.that.V-ed][the.one.that.is.V][V→N][N][Rel][Unpd][Pl]
mayughaqelghiit	mayugh-~(g₁)aqe[to.be.V.ing][to.regularly.or.repeatedly.V][V→V][V][Intr][Ptcp][3Pl]

------------------------


------------------------
Elngaatall tughneghaq qerngughtaa.

elngaatall	elngaatall

tughneghaq	tughneghagh*[N][Abs][Unpd][Sg]

qerngughtaa	+?

------------------------
"Taawa apeghiightunga." Iwerngaqun tughneghaluwhaq neqmun whavek sekequullghii.

taawa	taawa

apeghiightunga	apeghiigh[V][Intr][Ind][1Sg]
apeghiightunga	apeghiigh-te[to.act.on.so.as.to.cause.to.V][V→V][V][Intr][Ind][1Sg]

iwerngaqun	+?

tughneghaluwhaq	+?

neqmun	neqe[N][Ter][Unpd][Sg]

whavek	whavek

sekequullghii	+?

------------------------
Taakut wuututkaghqani anighqutet tuguluki aliighaghutkelluki quutaa tuququghllagaa.

taakut	taake[V][Intr][Ind][3Pl]

wuututkaghqani	+?

anighqutet	anighqute[N][Abs][Unpd][Pl]
anighqutet	anighqute[N][Rel][Unpd][Pl]

tuguluki	tugu-~:(u)te[to.V.for.or.with][to.cause.to.V.as.one.is.V-ing][to.V.toward.each.other][V→V][V][Trns][Sbrd][_][3Pl]
tuguluki	tugu[V][Trns][Sbrd][_][3Pl]

aliighaghutkelluki	+?

quutaa	+?

tuququghllagaa	+?

------------------------


------------------------
Ilanganguq alignapiglleghii aga nunam asinganun iitghaquq, pagavek qilaganun, minglemun.

ilanganguq	ila[N][Abs][3SgPoss][SgPosd]-nguq[Encl]

alignapiglleghii	+?

aga	aga

nunam	nuna[N][Rel][Unpd][Sg]

asinganun	asi[N][Ter][3SgPoss][SgPosd]
asinganun	asi[N][Ter][3SgPoss][PlPosd]

iitghaquq	itegh-~(g₁)aqe[to.be.V.ing][to.regularly.or.repeatedly.V][V→V][V][Intr][Ind][3Sg]

pagavek	pagavek

qilaganun	qilag[N][Ter][3SgPoss][SgPosd]
qilaganun	qilag[N][Ter][3SgPoss][PlPosd]
qilaganun	qilaga[N][Ter][Unpd][Pl]

minglemun	+?

------------------------
Ilanganguq aamta natelnguut, temngi tenputaghaaqelghiin'nguq tamaani tughneghaaghngaaghmeng elngaatall, taawa alingruughem angtalanganeng.

ilanganguq	ila[N][Abs][3SgPoss][SgPosd]-nguq[Encl]

aamta	aaw[N][Rel][1PlPoss][SgPosd]
aamta	aaw[N][Rel][1PlPoss][PlPosd]
aamta	aaghw[N][Rel][1PlPoss][SgPosd]
aamta	aaghw[N][Rel][1PlPoss][PlPosd]

natelnguut	+?

temngi	+?

tenputaghaaqelghiinnguq	+?

tamaani	+?

tughneghaaghngaaghmeng	tughneghagh*-~:(ng₁)u[to.be.N][N→V][V][Intr][Conc][4Pl]

elngaatall	elngaatall

taawa	taawa

alingruughem	+?

angtalanganeng	+?

------------------------


------------------------
Tawaten kelengaruughtuq Alingtiitunga.

tawaten	tawaten

kelengaruughtuq	+?

alingtiitunga	+?

------------------------
Qavaghnanightuq saaq kelengaaq, akinayukangatni.

qavaghnanightuq	qavagh-@₁~fnanigh[to.cease.V-ing][to.stop.V-ing][V][Intr][Ind][3Sg]
qavaghnanightuq	qavagh-@₁~fnanigh[to.cease.V-ing][to.stop.V-ing]-te[to.act.on.so.as.to.cause.to.V][V→V][V][Intr][Ind][3Sg]

saaq	sa-~faagh[one.who.keeps.on.V-ing][AUG]
saaq	sa[V][Intr][Ind][3Sg]
saaq	sa[V][Trns][Ind][3Sg][3Du]

kelengaaq	+?

akinayukangatni	+?

------------------------
Elngaatall qavam sakniqesatnii (ii, aghneghem ilangani qalmesaghllak iineghminii quutmun lliiqayuk) qalmesaghllagmun teskanavek atghaghluni qavangsimalghii, iyegni suqwaghhaghmeng ayagsightughlukek inglugtun, esghapapiglleghhiistun legan qavaq.

elngaatall	elngaatall

qavam	qavagh[N][Rel][Unpd][Sg]

sakniqesatnii	+?

ii	+?

aghneghem	aghnegh[N][Rel][Unpd][Sg]
aghneghem	Aghnegh[N][Rel][Unpd][Sg]

ilangani	ila[N][Loc][3SgPoss][SgPosd]
ilangani	ila[N][Loc][3SgPoss][PlPosd]
ilangani	ilangani
ilangani	ilangani[N][Abs][Unpd][Sg]

qalmesaghllak	qalmesagh-–ghllag[big.N][N→N][N][Abs][Unpd][Sg]

iineghminii	+?

quutmun	+?

lliiqayuk	lliigh[Imprs_Agnt]-~–kayuk[one.who.is.able.to.V][V→N][N][Abs][Unpd][Sg]

qalmesaghllagmun	qalmesagh-–ghllag[big.N][N→N][N][Ter][Unpd][Sg]

teskanavek	+?

atghaghluni	atghagh[V][Intr][Sbrd][3Sg]

qavangsimalghii	+?

iyegni	iye[N][Abs][4SgPoss][DuPosd]
iyegni	iye[N][Loc][Unpd][Du]

suqwaghhaghmeng	+?

ayagsightughlukek	+?

inglugtun	inglugtute[N][Abs][Unpd][Sg]

esghapapiglleghhiistun	+?

legan	legan

qavaq	qavagh[N][Abs][Unpd][Sg]

------------------------
Iyeg naqam taghpaghrakegllagek, taawa qavaghtuq.

iyeg	+?

naqam	naqam

taghpaghrakegllagek	+?

taawa	taawa

qavaghtuq	qavagh[V][Intr][Ind][3Sg]
qavaghtuq	qavagh-te[to.act.on.so.as.to.cause.to.V][V→V][V][Intr][Ind][3Sg]
qavaghtuq	qavagh-te[to.catch.N][to.go.to.N][N→V][V][Intr][Ind][3Sg]

------------------------


------------------------
Ii, mengeghagllagem teghtughtaa elngaatall.

ii	+?

mengeghagllagem	+?

teghtughtaa	teghtugh[V][Intr][Intrg][3Sg]
teghtughtaa	teghtugh-te[to.act.on.so.as.to.cause.to.V][V→V][V][Intr][Intrg][3Sg]

elngaatall	elngaatall

------------------------
Ii ii, paganguq esnami tughneghaq qerngughteghllagluni.

ii	+?

ii	+?

paganguq	+?

esnami	esnagh[N][Loc][Unpd][Sg]
esnami	esnagh[N][Rel][4SgPoss][SgPosd]
esnami	esnagh[N][Rel][4SgPoss][PlPosd]

tughneghaq	tughneghagh*[N][Abs][Unpd][Sg]

qerngughteghllagluni	+?

------------------------
Guutukaghani taakut kelqelluki tawani.

guutukaghani	+?

taakut	taake[V][Intr][Ind][3Pl]

kelqelluki	+?

tawani	tawani
tawani	tawani[N][Abs][Unpd][Sg]

------------------------


------------------------
Kayagtaghwaaghutaqeftaat tughneghaalgutmeggnun tamaavek.

kayagtaghwaaghutaqeftaat	+?

tughneghaalgutmeggnun	+?

tamaavek	+?

------------------------
"Imantaghaay aa uygutigu, uygutigu." Uygunnalukunguq Alingtiitunga.

imantaghaay	+?

aa	aa

uygutigu	+?

uygutigu	+?

uygunnalukunguq	+?

alingtiitunga	+?

------------------------
"Nakaan, nakaan, nakaan, aa Kanantaghaam pinaaghaa." Kananlenguum tughneghaamnguq minglenganun kayagutaa.

nakaan	nakaan

nakaan	nakaan

nakaan	nakaan

aa	aa

kanantaghaam	+?

pinaaghaa	+?

kananlenguum	+?

tughneghaamnguq	tughneghagh*[N][Rel][Unpd][Sg]-nguq[Encl]

minglenganun	+?

kayagutaa	+?

------------------------
"Nakaan, nakaan aa Pikantaghaam pinaaghaa." Pikum quulvanlenguum tughneghaan.

nakaan	nakaan

nakaan	nakaan

aa	aa

pikantaghaam	+?

pinaaghaa	+?

pikum	+?

quulvanlenguum	+?

tughneghaan	tughneghagh*-~:(ng₁)u[to.be.N][N→V]-~:(u)te[condition.with.respect.to.V-ing][V→N][N][Abs][Unpd][Sg]
tughneghaan	tughneghagh*[N][Abs][2SgPoss][SgPosd]
tughneghaan	tughneghagh*[N][Rel][3SgPoss][SgPosd]
tughneghaan	tughneghagh*[N][Rel][3SgPoss][PlPosd]

------------------------
Kanantaghaghmun pisqaqluku elngaatall, kayagtaghwaaghutaqeftaat.

kanantaghaghmun	+?

pisqaqluku	+?

elngaatall	elngaatall

kayagtaghwaaghutaqeftaat	+?

------------------------


------------------------
Ii, sumeghtaghaghtuq aa taawallu whanga.

ii	+?

sumeghtaghaghtuq	sumeghtaghagh[V][Intr][Ind][3Sg]
sumeghtaghaghtuq	sumeghtaghagh-te[to.act.on.so.as.to.cause.to.V][V→V][V][Intr][Ind][3Sg]

aa	aa

taawallu	+?

whanga	wha[N][Abs][3SgPoss][SgPosd]
whanga	whanga

------------------------
Maketqaghutkelluku guullaataamakangi.

maketqaghutkelluku	+?

guullaataamakangi	guute-@₁~laatagh[to.V.anyway][despite.everything.to.still.V][V→V]-@₁~:(i/u)ma[to.have.V-ed][to.have.been.V-ed][V→V]-@*@₂~sf–(g₂)k(a)e[the.one.that.possessor.V-ed][V→N][N][Abs][3SgPoss][PlPosd]
guullaataamakangi	guute-@₁~laatagh[to.V.anyway][despite.everything.to.still.V][V→V]-@₁~:(i/u)ma[to.have.V-ed][to.have.been.V-ed][V→V][V][Trns][Ptcp][3Sg][3Pl]

------------------------
Aniighwtaghqaa elngaatall tuququghllagluku.

aniighwtaghqaa	+?

elngaatall	elngaatall

tuququghllagluku	+?

------------------------
Taawanguq tughneghiighutaa.

taawanguq	+?

tughneghiighutaa	+?

------------------------


------------------------
Naten kiik lliinghani atghaghtuutkayuget enlegmeng tespagken.

naten	naten

kiik	kii[N][Abs][Unpd][Du]
kiik	kii[N][Rel][Unpd][Du]
kiik	kiig[N][Abs][Unpd][Sg]

lliinghani	+?

atghaghtuutkayuget	+?

enlegmeng	enleg[N][Rel][4DuPoss][SgPosd]
enlegmeng	enleg[N][Rel][4DuPoss][PlPosd]
enlegmeng	enleg[N][Rel][4PlPoss][SgPosd]
enlegmeng	enleg[N][Rel][4PlPoss][PlPosd]
enlegmeng	enleg[N][Abl_Mod][Unpd][Sg]

tespagken	+?

------------------------
Atghaghtuulluteng elngaatall uksaaqestaghaa Punguugni tawani.

atghaghtuulluteng	+?

elngaatall	elngaatall

uksaaqestaghaa	+?

punguugni	Punguug[N][Loc][Unpd][Pl]

tawani	tawani
tawani	tawani[N][Abs][Unpd][Sg]

------------------------


------------------------
Aqlaghaghhneghaniqun mangteghat saaqelghiit miigtaghaqelghiit wetngaaqwaaqelghiit aqlaghami.

aqlaghaghhneghaniqun	+?

mangteghat	mangteghagh[N][Abs][Unpd][Pl]
mangteghat	mangteghagh[N][Rel][Unpd][Pl]

saaqelghiit	sa-~(g₁)aqe[to.be.V.ing][to.regularly.or.repeatedly.V][V→V]-@₁–lghii[the.one.that.V-ed][the.one.that.is.V][V→N][N][Abs][Unpd][Pl]
saaqelghiit	sa-~(g₁)aqe[to.be.V.ing][to.regularly.or.repeatedly.V][V→V]-@₁–lghii[the.one.that.V-ed][the.one.that.is.V][V→N][N][Rel][Unpd][Pl]
saaqelghiit	sa-~(g₁)aqe[to.be.V.ing][to.regularly.or.repeatedly.V][V→V][V][Intr][Ptcp][3Pl]

miigtaghaqelghiit	+?

wetngaaqwaaqelghiit	+?

aqlaghami	aqlagha[N][Loc][Unpd][Sg]
aqlaghami	aqlagha[N][Rel][4SgPoss][SgPosd]
aqlaghami	aqlagha[N][Rel][4SgPoss][PlPosd]

------------------------
Takevuq igleghsimalghii, Alingtiitungam kelengakumakanga, saavgumiighwaaghluni ii, uyiiq, kangii iiyakun kanaghlluku, taagken nuqneghteghyaghqaa.

takevuq	+?

igleghsimalghii	igleghte-@₁~:(i/u)ma[to.have.V-ed][to.have.been.V-ed][V→V]-@₁–lghii[the.one.that.V-ed][the.one.that.is.V][V→N][N][Abs][Unpd][Sg]

alingtiitungam	+?

kelengakumakanga	+?

saavgumiighwaaghluni	+?

ii	+?

uyiiq	uyigh-~:(ng₁)u[to.be.N][N→V]-~faagh[one.who.keeps.on.V-ing][AUG]
uyiiq	uyigh-~:(ng₁)u[to.be.N][N→V]-~i[SBJ.V-ed.something][V→V]-~faagh[one.who.keeps.on.V-ing][AUG]
uyiiq	uyigh-~:(ng₁)u[to.be.N][N→V]-~i[SBJ.V-ed.something][V→V]-~i[SBJ.V-ed.something][V→V]-~faagh[one.who.keeps.on.V-ing][AUG]
uyiiq	uyigh-~:(ng₁)u[to.be.N][N→V]-~i[SBJ.V-ed.something][V→V]-~i[SBJ.V-ed.something][V→V]-~i[SBJ.V-ed.something][V→V]-~faagh[one.who.keeps.on.V-ing][AUG]
uyiiq	uyigh-~:(ng₁)u[to.be.N][N→V]-~i[SBJ.V-ed.something][V→V]-~i[SBJ.V-ed.something][V→V]-~i[SBJ.V-ed.something][V→V]-~i[SBJ.V-ed.something][V→V]-~faagh[one.who.keeps.on.V-ing][AUG]
uyiiq	uyiigh[N][Abs][Unpd][Sg]

kangii	Kangii[N][Abs][Unpd][Sg]
kangii	kangigh-~:(ng₁)u[to.be.N][N→V]-~i[SBJ.V-ed.something][V→V]-~i[SBJ.V-ed.something][V→V]-~i[SBJ.V-ed.something][V→V]-~i[SBJ.V-ed.something][V→V]-~i[SBJ.V-ed.something][V→V][V][Intr][Opt][PRS][2Sg]
kangii	kangigh-~:(ng₁)u[to.be.N][N→V]-~i[SBJ.V-ed.something][V→V]-~i[SBJ.V-ed.something][V→V]-~i[SBJ.V-ed.something][V→V]-~i[SBJ.V-ed.something][V→V][V][Intr][Opt][PRS][2Sg]
kangii	kangigh-~:(ng₁)u[to.be.N][N→V]-~i[SBJ.V-ed.something][V→V]-~i[SBJ.V-ed.something][V→V]-~i[SBJ.V-ed.something][V→V][V][Intr][Opt][PRS][2Sg]
kangii	kangigh-~:(ng₁)u[to.be.N][N→V]-~i[SBJ.V-ed.something][V→V]-~i[SBJ.V-ed.something][V→V][V][Intr][Opt][PRS][2Sg]
kangii	kangigh-~:(ng₁)u[to.be.N][N→V]-~i[SBJ.V-ed.something][V→V][V][Intr][Opt][PRS][2Sg]
kangii	kangii[N][Abs][Unpd][Sg]
kangii	kangigh-~:(ng₁)u[to.be.N][N→V][V][Intr][Opt][PRS][2Sg]
kangii	kangigh[N][Abs][3SgPoss][SgPosd]
kangii	kangigh[N][Abs][3SgPoss][PlPosd]

iiyakun	iiyagh[N][Via][Unpd][Sg]

kanaghlluku	+?

taagken	taagken

nuqneghteghyaghqaa	+?

------------------------
Wetku kaaskan naghullegyaghqaa.

wetku	+?

kaaskan	kaate[V][Intr][Cond][3Sg]

naghullegyaghqaa	+?

------------------------


------------------------
Mangteghanun kaanneghminii qagughmiguteghllagaqluni siklaalluni.

mangteghanun	mangteghagh[N][Ter][Unpd][Pl]

kaanneghminii	+?

qagughmiguteghllagaqluni	+?

siklaalluni	siklagh-~:(ng₁)u[to.be.N][N→V]-te[to.act.on.so.as.to.cause.to.V][V→V]-te[to.act.on.so.as.to.cause.to.V][V→V][V][Intr][Sbrd][3Sg]
siklaalluni	siklagh-~:(ng₁)u[to.be.N][N→V]-te[to.act.on.so.as.to.cause.to.V][V→V][V][Intr][Sbrd][3Sg]
siklaalluni	siklagh-~:(ng₁)u[to.be.N][N→V]-~:(u)te[to.V.for.or.with][to.cause.to.V.as.one.is.V-ing][to.V.toward.each.other][V→V]-te[to.act.on.so.as.to.cause.to.V][V→V]-te[to.act.on.so.as.to.cause.to.V][V→V][V][Intr][Sbrd][3Sg]
siklaalluni	siklagh-~:(ng₁)u[to.be.N][N→V]-~:(u)te[to.V.for.or.with][to.cause.to.V.as.one.is.V-ing][to.V.toward.each.other][V→V]-te[to.act.on.so.as.to.cause.to.V][V→V][V][Intr][Sbrd][3Sg]
siklaalluni	siklagh-~:(ng₁)u[to.be.N][N→V]-~:(u)te[condition.with.respect.to.V-ing][V→N]-te[to.catch.N][to.go.to.N][N→V]-te[to.act.on.so.as.to.cause.to.V][V→V][V][Intr][Sbrd][3Sg]
siklaalluni	siklagh-~:(ng₁)u[to.be.N][N→V]-~:(u)te[condition.with.respect.to.V-ing][V→N]-te[to.catch.N][to.go.to.N][N→V][V][Intr][Sbrd][3Sg]
siklaalluni	siklagh-~:(ng₁)u[to.be.N][N→V]-~:(u)te[SBJ.V-ed.something][V→V]-te[to.act.on.so.as.to.cause.to.V][V→V]-te[to.act.on.so.as.to.cause.to.V][V→V][V][Intr][Sbrd][3Sg]
siklaalluni	siklagh-~:(ng₁)u[to.be.N][N→V]-~:(u)te[SBJ.V-ed.something][V→V]-te[to.act.on.so.as.to.cause.to.V][V→V][V][Intr][Sbrd][3Sg]

------------------------
Qama akitaqegkangat tenglugtughaqegkangat, kii iqlinqegsaghmi payugtekestaghaqelghii siklaalluni.

qama	qama

akitaqegkangat	akite-~(g₁)aqe[to.be.V.ing][to.regularly.or.repeatedly.V][V→V]-@*@₂~sf–(g₂)k(a)e[the.one.that.possessor.V-ed][V→N][N][Abs][3PlPoss][SgPosd]
akitaqegkangat	akite-~(g₁)aqe[to.be.V.ing][to.regularly.or.repeatedly.V][V→V][V][Trns][Ptcp][3Pl][3Sg]
akitaqegkangat	aki-te[to.catch.N][to.go.to.N][N→V]-~(g₁)aqe[to.be.V.ing][to.regularly.or.repeatedly.V][V→V]-@*@₂~sf–(g₂)k(a)e[the.one.that.possessor.V-ed][V→N][N][Abs][3PlPoss][SgPosd]

tenglugtughaqegkangat	+?

kii	kii
kii	kii[N][Abs][Unpd][Sg]

iqlinqegsaghmi	+?

payugtekestaghaqelghii	+?

siklaalluni	siklagh-~:(ng₁)u[to.be.N][N→V]-te[to.act.on.so.as.to.cause.to.V][V→V]-te[to.act.on.so.as.to.cause.to.V][V→V][V][Intr][Sbrd][3Sg]
siklaalluni	siklagh-~:(ng₁)u[to.be.N][N→V]-te[to.act.on.so.as.to.cause.to.V][V→V][V][Intr][Sbrd][3Sg]
siklaalluni	siklagh-~:(ng₁)u[to.be.N][N→V]-~:(u)te[to.V.for.or.with][to.cause.to.V.as.one.is.V-ing][to.V.toward.each.other][V→V]-te[to.act.on.so.as.to.cause.to.V][V→V]-te[to.act.on.so.as.to.cause.to.V][V→V][V][Intr][Sbrd][3Sg]
siklaalluni	siklagh-~:(ng₁)u[to.be.N][N→V]-~:(u)te[to.V.for.or.with][to.cause.to.V.as.one.is.V-ing][to.V.toward.each.other][V→V]-te[to.act.on.so.as.to.cause.to.V][V→V][V][Intr][Sbrd][3Sg]
siklaalluni	siklagh-~:(ng₁)u[to.be.N][N→V]-~:(u)te[condition.with.respect.to.V-ing][V→N]-te[to.catch.N][to.go.to.N][N→V]-te[to.act.on.so.as.to.cause.to.V][V→V][V][Intr][Sbrd][3Sg]
siklaalluni	siklagh-~:(ng₁)u[to.be.N][N→V]-~:(u)te[condition.with.respect.to.V-ing][V→N]-te[to.catch.N][to.go.to.N][N→V][V][Intr][Sbrd][3Sg]
siklaalluni	siklagh-~:(ng₁)u[to.be.N][N→V]-~:(u)te[SBJ.V-ed.something][V→V]-te[to.act.on.so.as.to.cause.to.V][V→V]-te[to.act.on.so.as.to.cause.to.V][V→V][V][Intr][Sbrd][3Sg]
siklaalluni	siklagh-~:(ng₁)u[to.be.N][N→V]-~:(u)te[SBJ.V-ed.something][V→V]-te[to.act.on.so.as.to.cause.to.V][V→V][V][Intr][Sbrd][3Sg]

------------------------


------------------------
Iinghusimakangaa ellmeggnun kaaskan akitefqaan tenglugtufqaan pisqelluki.

iinghusimakangaa	+?

ellmeggnun	ellmeggnun

kaaskan	kaate[V][Intr][Cond][3Sg]

akitefqaan	akite[V][Trns][Opt][NEG][2Sg][3Sg]
akitefqaan	akite[V][Trns][Opt][NEG][2Du][3Sg]
akitefqaan	akite[V][Trns][Opt][NEG][2Pl][3Sg]

tenglugtufqaan	+?

pisqelluki	+?

------------------------
Taawa ellngitnun piluni, akinneghinneghatninguq, kii ii, qen'ngulliqeghllagluni payugtekestaghaqelghii.

taawa	taawa

ellngitnun	ellngit[N][Ter][Unpd][Pl]
ellngitnun	ellngitnun

piluni	pi-~:(u)te[to.V.for.or.with][to.cause.to.V.as.one.is.V-ing][to.V.toward.each.other][V→V][V][Intr][Sbrd][3Sg]
piluni	pi-~:(u)te[SBJ.V-ed.something][V→V][V][Intr][Sbrd][3Sg]
piluni	pi[V][Intr][Sbrd][3Sg]

akinneghinneghatninguq	+?

kii	kii
kii	kii[N][Abs][Unpd][Sg]

ii	+?

qenngulliqeghllagluni	+?

payugtekestaghaqelghii	+?

------------------------
Tawaten siklaateghllagaqelghii, qagughmigutaqelghii mangteghakun.

tawaten	tawaten

siklaateghllagaqelghii	+?

qagughmigutaqelghii	+?

mangteghakun	mangteghagh[N][Via][Unpd][Sg]

------------------------


------------------------
Taagken ketmun taakwavek, siklaalluni akinneghisatni, ii qen'ngulliqeghllagluni sivugtekestaghyan naghullgaa.

taagken	taagken

ketmun	+?

taakwavek	+?

siklaalluni	siklagh-~:(ng₁)u[to.be.N][N→V]-te[to.act.on.so.as.to.cause.to.V][V→V]-te[to.act.on.so.as.to.cause.to.V][V→V][V][Intr][Sbrd][3Sg]
siklaalluni	siklagh-~:(ng₁)u[to.be.N][N→V]-te[to.act.on.so.as.to.cause.to.V][V→V][V][Intr][Sbrd][3Sg]
siklaalluni	siklagh-~:(ng₁)u[to.be.N][N→V]-~:(u)te[to.V.for.or.with][to.cause.to.V.as.one.is.V-ing][to.V.toward.each.other][V→V]-te[to.act.on.so.as.to.cause.to.V][V→V]-te[to.act.on.so.as.to.cause.to.V][V→V][V][Intr][Sbrd][3Sg]
siklaalluni	siklagh-~:(ng₁)u[to.be.N][N→V]-~:(u)te[to.V.for.or.with][to.cause.to.V.as.one.is.V-ing][to.V.toward.each.other][V→V]-te[to.act.on.so.as.to.cause.to.V][V→V][V][Intr][Sbrd][3Sg]
siklaalluni	siklagh-~:(ng₁)u[to.be.N][N→V]-~:(u)te[condition.with.respect.to.V-ing][V→N]-te[to.catch.N][to.go.to.N][N→V]-te[to.act.on.so.as.to.cause.to.V][V→V][V][Intr][Sbrd][3Sg]
siklaalluni	siklagh-~:(ng₁)u[to.be.N][N→V]-~:(u)te[condition.with.respect.to.V-ing][V→N]-te[to.catch.N][to.go.to.N][N→V][V][Intr][Sbrd][3Sg]
siklaalluni	siklagh-~:(ng₁)u[to.be.N][N→V]-~:(u)te[SBJ.V-ed.something][V→V]-te[to.act.on.so.as.to.cause.to.V][V→V]-te[to.act.on.so.as.to.cause.to.V][V→V][V][Intr][Sbrd][3Sg]
siklaalluni	siklagh-~:(ng₁)u[to.be.N][N→V]-~:(u)te[SBJ.V-ed.something][V→V]-te[to.act.on.so.as.to.cause.to.V][V→V][V][Intr][Sbrd][3Sg]

akinneghisatni	akite-@₁–nghite**[to.not.V][V→V]-te[to.act.on.so.as.to.cause.to.V][V→V][V][Trns][CnsqI][3Du][4Sg]
akinneghisatni	akite-@₁–nghite**[to.not.V][V→V]-te[to.act.on.so.as.to.cause.to.V][V→V][V][Trns][CnsqI][3Pl][4Sg]
akinneghisatni	akite-@₁–nghite**[to.not.V][V→V]-te[to.act.on.so.as.to.cause.to.V][V→V][V][Trns][CnsqI][3Sg][4Sg]

ii	+?

qenngulliqeghllagluni	+?

sivugtekestaghyan	+?

naghullgaa	+?

------------------------
Ii ii, nengsalghiimi elngaatall Takevuq anagniighyalghiimi.

ii	+?

ii	+?

nengsalghiimi	+?

elngaatall	elngaatall

takevuq	+?

anagniighyalghiimi	+?

------------------------
Uyiiq qamaken nuqneqanga elngaatall.

uyiiq	uyigh-~:(ng₁)u[to.be.N][N→V]-~faagh[one.who.keeps.on.V-ing][AUG]
uyiiq	uyigh-~:(ng₁)u[to.be.N][N→V]-~i[SBJ.V-ed.something][V→V]-~faagh[one.who.keeps.on.V-ing][AUG]
uyiiq	uyigh-~:(ng₁)u[to.be.N][N→V]-~i[SBJ.V-ed.something][V→V]-~i[SBJ.V-ed.something][V→V]-~faagh[one.who.keeps.on.V-ing][AUG]
uyiiq	uyigh-~:(ng₁)u[to.be.N][N→V]-~i[SBJ.V-ed.something][V→V]-~i[SBJ.V-ed.something][V→V]-~i[SBJ.V-ed.something][V→V]-~faagh[one.who.keeps.on.V-ing][AUG]
uyiiq	uyigh-~:(ng₁)u[to.be.N][N→V]-~i[SBJ.V-ed.something][V→V]-~i[SBJ.V-ed.something][V→V]-~i[SBJ.V-ed.something][V→V]-~i[SBJ.V-ed.something][V→V]-~faagh[one.who.keeps.on.V-ing][AUG]
uyiiq	uyiigh[N][Abs][Unpd][Sg]

qamaken	qamaken

nuqneqanga	+?

elngaatall	elngaatall

------------------------
Nenglu pikegken seggumakanga seggumakanga, naangnaqngan uyiighem kangii kaasan peghqaamakanga.

nenglu	nenglu[N][Abs][Unpd][Sg]

pikegken	pi-~–ke[to.have.as.one's.N(s)][N→V]-@*@₂~sf–(g₂)k(a)e[the.one.that.possessor.V-ed][V→N][N][Abs][2SgPoss][SgPosd]
pikegken	pi-@*@₂~sf–(g₂)k(a)e[the.one.that.possessor.V-ed][V→N][N][Abs][2SgPoss][DuPosd]
pikegken	pikegken

seggumakanga	+?

seggumakanga	+?

naangnaqngan	+?

uyiighem	uyiigh[N][Rel][Unpd][Sg]

kangii	Kangii[N][Abs][Unpd][Sg]
kangii	kangigh-~:(ng₁)u[to.be.N][N→V]-~i[SBJ.V-ed.something][V→V]-~i[SBJ.V-ed.something][V→V]-~i[SBJ.V-ed.something][V→V]-~i[SBJ.V-ed.something][V→V]-~i[SBJ.V-ed.something][V→V][V][Intr][Opt][PRS][2Sg]
kangii	kangigh-~:(ng₁)u[to.be.N][N→V]-~i[SBJ.V-ed.something][V→V]-~i[SBJ.V-ed.something][V→V]-~i[SBJ.V-ed.something][V→V]-~i[SBJ.V-ed.something][V→V][V][Intr][Opt][PRS][2Sg]
kangii	kangigh-~:(ng₁)u[to.be.N][N→V]-~i[SBJ.V-ed.something][V→V]-~i[SBJ.V-ed.something][V→V]-~i[SBJ.V-ed.something][V→V][V][Intr][Opt][PRS][2Sg]
kangii	kangigh-~:(ng₁)u[to.be.N][N→V]-~i[SBJ.V-ed.something][V→V]-~i[SBJ.V-ed.something][V→V][V][Intr][Opt][PRS][2Sg]
kangii	kangigh-~:(ng₁)u[to.be.N][N→V]-~i[SBJ.V-ed.something][V→V][V][Intr][Opt][PRS][2Sg]
kangii	kangii[N][Abs][Unpd][Sg]
kangii	kangigh-~:(ng₁)u[to.be.N][N→V][V][Intr][Opt][PRS][2Sg]
kangii	kangigh[N][Abs][3SgPoss][SgPosd]
kangii	kangigh[N][Abs][3SgPoss][PlPosd]

kaasan	kaate[V][Intr][CnsqI][3Sg]

peghqaamakanga	+?

------------------------
Saapgutaa, Takevuq sangwaa taana.

saapgutaa	+?

takevuq	+?

sangwaa	sa-~:(ng₁)u[to.be.N][N→V][V][Intr][Intrg][3Sg]
sangwaa	sangwaa[N][Abs][Unpd][Sg]

taana	taana

------------------------


------------------------
Uksaaghmi taakwani uksughluni, Alingtiitunga piyaataaghluni navek taan'gavek, mangteghaq suna taana.

uksaaghmi	+?

taakwani	+?

uksughluni	+?

alingtiitunga	+?

piyaataaghluni	+?

navek	navek

taangavek	+?

mangteghaq	mangteghagh[N][Abs][Unpd][Sg]

suna	suna[N][Abs][Unpd][Sg]

taana	taana

------------------------
Meghmesimaaq entaqun.

meghmesimaaq	+?

entaqun	entaqun

------------------------
Taawanguq nanevgaghllak Quulqitegni aqumluni ii.

taawanguq	+?

nanevgaghllak	nanevgagh-–ghllag[big.N][N→N][N][Abs][Unpd][Sg]

quulqitegni	quulqite[N][Abs][4SgPoss][DuPosd]
quulqitegni	quulqite[N][Loc][Unpd][Du]

aqumluni	aqume[V][Intr][Sbrd][3Sg]

ii	+?

------------------------
Tamaa yugtuqaq aghnaghtuftuq.

tamaa	tamaa

yugtuqaq	yu(u)g-tugh[to.eat.N][to.use.N][N→V]-~sf–(g₃)kaq[one.that.has.V-ed][V→N][N][Abs][Unpd][Sg]
yugtuqaq	yu(u)g-tuqagh[one.with.lots.of.N][AUG]
yugtuqaq	yug-tugh[to.eat.N][to.use.N][N→V]-~sf–(g₃)kaq[one.that.has.V-ed][V→N][N][Abs][Unpd][Sg]
yugtuqaq	yug-tuqagh[one.with.lots.of.N][AUG]

aghnaghtuftuq	+?

------------------------


------------------------
Upughataat elngaatall.

upughataat	+?

elngaatall	elngaatall

------------------------
Gaaghunnaqaat.

gaaghunnaqaat	gaagh-~:(u)te[to.V.for.or.with][to.cause.to.V.as.one.is.V-ing][to.V.toward.each.other][V→V]-te[to.act.on.so.as.to.cause.to.V][V→V]-@₁~fnaqe[to.be.going.to.V][V→V][V][Trns][Ind][3Pl][3Sg]
gaaghunnaqaat	gaagh-~:(u)te[to.V.for.or.with][to.cause.to.V.as.one.is.V-ing][to.V.toward.each.other][V→V]-@₁~fnaqe[to.be.going.to.V][V→V][V][Trns][Ind][3Pl][3Sg]

------------------------
Nanevgaghllagem aa sivuglluningughaa, "Aqelqaqa aa Alingtiitunga gaaghutegguu.

nanevgaghllagem	nanevgagh-–ghllag[big.N][N→N][N][Rel][Unpd][Sg]

aa	aa

sivuglluningughaa	+?

aqelqaqa	aqelqagh-~–ke[to.have.as.one's.N(s)][N→V][V][Intr][Intrg][3Sg]
aqelqaqa	aqelqagh[N][Abs][1SgPoss][SgPosd]

aa	aa

alingtiitunga	+?

gaaghutegguu	+?

------------------------
Gaaghuteggu neghestegguu tuugkarraagmeng, giimarraagmeng, iquuyarragmeng." Ahaa, gaaghutesqumakanga.

gaaghuteggu	gaagh-~:(u)te[to.V.for.or.with][to.cause.to.V.as.one.is.V-ing][to.V.toward.each.other][V→V][V][Trns][Intrg][2Pl][3Sg]

neghestegguu	+?

tuugkarraagmeng	+?

giimarraagmeng	+?

iquuyarragmeng	+?

ahaa	+?

gaaghutesqumakanga	+?

------------------------
Atightughluki imanat sangwaat giimarraaget, iquuyarraaget, tuugkarraaget, tapghaaghaat.

atightughluki	atightugh[V][Trns][Sbrd][_][3Pl]

imanat	imanagh[N][Abs][Unpd][Pl]
imanat	imanagh[N][Rel][Unpd][Pl]

sangwaat	sa-~:(ng₁)u[to.be.N][N→V][V][Intr][Intrg][3Pl]
sangwaat	sangwaa[N][Abs][Unpd][Pl]
sangwaat	sangwaa[N][Rel][Unpd][Pl]

giimarraaget	+?

iquuyarraaget	+?

tuugkarraaget	+?

tapghaaghaat	tapghaaghagh[N][Abs][3PlPoss][SgPosd]

------------------------


------------------------
Gaaghutaat elngaatall.

gaaghutaat	gaagh-~:(u)te[to.V.for.or.with][to.cause.to.V.as.one.is.V-ing][to.V.toward.each.other][V→V][V][Trns][Ind][3Pl][3Sg]

elngaatall	elngaatall

------------------------
Ugulluteng neghumalghiit.

ugulluteng	+?

neghumalghiit	negh-@₁~:(i/u)ma[to.have.V-ed][to.have.been.V-ed][V→V]-@₁–lghii[the.one.that.V-ed][the.one.that.is.V][V→N][N][Abs][Unpd][Pl]
neghumalghiit	negh-@₁~:(i/u)ma[to.have.V-ed][to.have.been.V-ed][V→V]-@₁–lghii[the.one.that.V-ed][the.one.that.is.V][V→N][N][Rel][Unpd][Pl]
neghumalghiit	negh-@₁~:(i/u)ma[to.have.V-ed][to.have.been.V-ed][V→V][V][Intr][Ptcp][3Pl]
neghumalghiit	neghe-@₁~:(i/u)ma[to.have.V-ed][to.have.been.V-ed][V→V]-@₁–lghii[the.one.that.V-ed][the.one.that.is.V][V→N][N][Abs][Unpd][Pl]
neghumalghiit	neghe-@₁~:(i/u)ma[to.have.V-ed][to.have.been.V-ed][V→V]-@₁–lghii[the.one.that.V-ed][the.one.that.is.V][V→N][N][Rel][Unpd][Pl]
neghumalghiit	neghe-@₁~:(i/u)ma[to.have.V-ed][to.have.been.V-ed][V→V][V][Intr][Ptcp][3Pl]

------------------------
Neqnighhalek imanaq allaaghhiinaq neghaa.

neqnighhalek	neqe-te[to.catch.N][to.go.to.N][N→V]-@₁~fni[to.say.that.one.is.V-ing][Cmpd_Vbl]-–ghhalek[how.V][V→XCLM]

imanaq	imanagh[N][Abs][Unpd][Sg]

allaaghhiinaq	+?

neghaa	neghe[V][Intr][Intrg][3Sg]
neghaa	neghe[V][Trns][Ind][3Sg][3Sg]
neghaa	negh[V][Trns][Ind][3Sg][3Sg]

------------------------
Iwerngaqun kepsughaghiighluni Alingtiitunga.

iwerngaqun	+?

kepsughaghiighluni	+?

alingtiitunga	+?

------------------------


------------------------
Neneghmeng taaqsan nanevgaghllagem taamnguq qiivluni qaallgutaa, "Alingtiitungam aa sanqutaani ellmineng neghii." 

neneghmeng	negh-@₁–negh[the.act.or.activity.of.V-ing][V→N][N][Rel][4DuPoss][SgPosd]
neneghmeng	negh-@₁–negh[the.act.or.activity.of.V-ing][V→N][N][Rel][4DuPoss][PlPosd]
neneghmeng	negh-@₁–negh[the.act.or.activity.of.V-ing][V→N][N][Rel][4PlPoss][SgPosd]
neneghmeng	negh-@₁–negh[the.act.or.activity.of.V-ing][V→N][N][Rel][4PlPoss][PlPosd]
neneghmeng	negh-@₁–negh[the.act.or.activity.of.V-ing][V→N][N][Abl_Mod][Unpd][Sg]
neneghmeng	negh[V][Intr][Ctmp][4Pl]
neneghmeng	nenegh[N][Rel][4DuPoss][SgPosd]
neneghmeng	nenegh[N][Rel][4DuPoss][PlPosd]
neneghmeng	nenegh[N][Rel][4PlPoss][SgPosd]
neneghmeng	nenegh[N][Rel][4PlPoss][PlPosd]
neneghmeng	nenegh[N][Abl_Mod][Unpd][Sg]

taaqsan	taaqe-te[to.act.on.so.as.to.cause.to.V][V→V][V][Intr][CnsqI][3Sg]
taaqsan	taaqe[V][Intr][CnsqI][3Sg]

nanevgaghllagem	nanevgagh-–ghllag[big.N][N→N][N][Rel][Unpd][Sg]

taamnguq	+?

qiivluni	+?

qaallgutaa	+?

alingtiitungam	+?

aa	aa

sanqutaani	+?

ellmineng	ellmi[N][Abl_Mod][Unpd][Pl]

neghii	negh-~i[SBJ.V-ed.something][V→V]-~i[SBJ.V-ed.something][V→V]-~i[SBJ.V-ed.something][V→V]-~i[SBJ.V-ed.something][V→V]-~i[SBJ.V-ed.something][V→V]-~i[SBJ.V-ed.something][V→V][V][Intr][Opt][PRS][2Sg]
neghii	negh-~i[SBJ.V-ed.something][V→V]-~i[SBJ.V-ed.something][V→V]-~i[SBJ.V-ed.something][V→V]-~i[SBJ.V-ed.something][V→V]-~i[SBJ.V-ed.something][V→V][V][Intr][Opt][PRS][2Sg]
neghii	negh-~i[SBJ.V-ed.something][V→V]-~i[SBJ.V-ed.something][V→V]-~i[SBJ.V-ed.something][V→V]-~i[SBJ.V-ed.something][V→V][V][Intr][Opt][PRS][2Sg]
neghii	negh-~i[SBJ.V-ed.something][V→V]-~i[SBJ.V-ed.something][V→V]-~i[SBJ.V-ed.something][V→V][V][Intr][Opt][PRS][2Sg]
neghii	negh-~i[SBJ.V-ed.something][V→V]-~i[SBJ.V-ed.something][V→V][V][Intr][Opt][PRS][2Sg]
neghii	negh-~i[SBJ.V-ed.something][V→V][V][Intr][Intrg][3Sg]
neghii	neghe-~i[SBJ.V-ed.something][V→V]-~i[SBJ.V-ed.something][V→V]-~i[SBJ.V-ed.something][V→V]-~i[SBJ.V-ed.something][V→V]-~i[SBJ.V-ed.something][V→V]-~i[SBJ.V-ed.something][V→V][V][Intr][Opt][PRS][2Sg]
neghii	neghe-~i[SBJ.V-ed.something][V→V]-~i[SBJ.V-ed.something][V→V]-~i[SBJ.V-ed.something][V→V]-~i[SBJ.V-ed.something][V→V]-~i[SBJ.V-ed.something][V→V][V][Intr][Opt][PRS][2Sg]
neghii	neghe-~i[SBJ.V-ed.something][V→V]-~i[SBJ.V-ed.something][V→V]-~i[SBJ.V-ed.something][V→V]-~i[SBJ.V-ed.something][V→V][V][Intr][Opt][PRS][2Sg]
neghii	neghe-~i[SBJ.V-ed.something][V→V]-~i[SBJ.V-ed.something][V→V]-~i[SBJ.V-ed.something][V→V][V][Intr][Opt][PRS][2Sg]
neghii	neghe-~i[SBJ.V-ed.something][V→V]-~i[SBJ.V-ed.something][V→V][V][Intr][Opt][PRS][2Sg]
neghii	neghe-~i[SBJ.V-ed.something][V→V][V][Intr][Intrg][3Sg]
neghii	neghe[V][Trns][Ind][3Sg][3Pl]
neghii	negh[V][Trns][Ind][3Sg][3Pl]

------------------------
Legan tawaten piiq, ii angvanghakun ugmestaallghakun tuugkaq, giimaq, iquuyaq legan piisqaghtaatuq, tapghaaghaq tamaana uyiighaq.

legan	legan

tawaten	tawaten

piiq	pi-~faagh[one.who.keeps.on.V-ing][AUG]
piiq	pi-~i[SBJ.V-ed.something][V→V]-~faagh[one.who.keeps.on.V-ing][AUG]
piiq	pi-~i[SBJ.V-ed.something][V→V]-~i[SBJ.V-ed.something][V→V]-~faagh[one.who.keeps.on.V-ing][AUG]
piiq	pi-~i[SBJ.V-ed.something][V→V]-~i[SBJ.V-ed.something][V→V]-~i[SBJ.V-ed.something][V→V]-~faagh[one.who.keeps.on.V-ing][AUG]
piiq	pi-~i[SBJ.V-ed.something][V→V]-~i[SBJ.V-ed.something][V→V]-~i[SBJ.V-ed.something][V→V]-~i[SBJ.V-ed.something][V→V]-~faagh[one.who.keeps.on.V-ing][AUG]
piiq	pi-~i[SBJ.V-ed.something][V→V]-~i[SBJ.V-ed.something][V→V]-~i[SBJ.V-ed.something][V→V]-~i[SBJ.V-ed.something][V→V]-~i[SBJ.V-ed.something][V→V]-~faagh[one.who.keeps.on.V-ing][AUG]
piiq	pi[V][Intr][Ind][3Sg]
piiq	pi[V][Trns][Ind][3Sg][3Du]
piiq	piigh[N][Abs][Unpd][Sg]

ii	+?

angvanghakun	+?

ugmestaallghakun	+?

tuugkaq	+?

giimaq	+?

iquuyaq	+?

legan	legan

piisqaghtaatuq	+?

tapghaaghaq	tapghaaghagh[N][Abs][Unpd][Sg]

tamaana	+?

uyiighaq	uyiighagh[N][Abs][Unpd][Sg]

------------------------
Sanqutaaninguq neghumaftii.

sanqutaaninguq	+?

neghumaftii	negh-@₁~:(i/u)ma[to.have.V-ed][to.have.been.V-ed][V→V]-(pete)fte[to.evidently.V][to.have.V-ed][V→V]-~i[SBJ.V-ed.something][V→V]-~i[SBJ.V-ed.something][V→V]-~i[SBJ.V-ed.something][V→V]-~i[SBJ.V-ed.something][V→V][V][Intr][Opt][PRS][2Sg]
neghumaftii	negh-@₁~:(i/u)ma[to.have.V-ed][to.have.been.V-ed][V→V]-(pete)fte[to.evidently.V][to.have.V-ed][V→V]-~i[SBJ.V-ed.something][V→V]-~i[SBJ.V-ed.something][V→V]-~i[SBJ.V-ed.something][V→V][V][Intr][Opt][PRS][2Sg]
neghumaftii	negh-@₁~:(i/u)ma[to.have.V-ed][to.have.been.V-ed][V→V]-(pete)fte[to.evidently.V][to.have.V-ed][V→V]-~i[SBJ.V-ed.something][V→V]-~i[SBJ.V-ed.something][V→V][V][Intr][Opt][PRS][2Sg]
neghumaftii	negh-@₁~:(i/u)ma[to.have.V-ed][to.have.been.V-ed][V→V]-(pete)fte[to.evidently.V][to.have.V-ed][V→V]-~i[SBJ.V-ed.something][V→V][V][Intr][Intrg][3Sg]
neghumaftii	negh-@₁~:(i/u)ma[to.have.V-ed][to.have.been.V-ed][V→V]-(pete)fte[to.evidently.V][to.have.V-ed][V→V][V][Trns][Ind][3Sg][3Pl]
neghumaftii	neghe-@₁~:(i/u)ma[to.have.V-ed][to.have.been.V-ed][V→V]-(pete)fte[to.evidently.V][to.have.V-ed][V→V]-~i[SBJ.V-ed.something][V→V]-~i[SBJ.V-ed.something][V→V]-~i[SBJ.V-ed.something][V→V]-~i[SBJ.V-ed.something][V→V][V][Intr][Opt][PRS][2Sg]
neghumaftii	neghe-@₁~:(i/u)ma[to.have.V-ed][to.have.been.V-ed][V→V]-(pete)fte[to.evidently.V][to.have.V-ed][V→V]-~i[SBJ.V-ed.something][V→V]-~i[SBJ.V-ed.something][V→V]-~i[SBJ.V-ed.something][V→V][V][Intr][Opt][PRS][2Sg]
neghumaftii	neghe-@₁~:(i/u)ma[to.have.V-ed][to.have.been.V-ed][V→V]-(pete)fte[to.evidently.V][to.have.V-ed][V→V]-~i[SBJ.V-ed.something][V→V]-~i[SBJ.V-ed.something][V→V][V][Intr][Opt][PRS][2Sg]
neghumaftii	neghe-@₁~:(i/u)ma[to.have.V-ed][to.have.been.V-ed][V→V]-(pete)fte[to.evidently.V][to.have.V-ed][V→V]-~i[SBJ.V-ed.something][V→V][V][Intr][Intrg][3Sg]
neghumaftii	neghe-@₁~:(i/u)ma[to.have.V-ed][to.have.been.V-ed][V→V]-(pete)fte[to.evidently.V][to.have.V-ed][V→V][V][Trns][Ind][3Sg][3Pl]

------------------------


------------------------
Taawa tuqumalghii Alingtiitunga.

taawa	taawa

tuqumalghii	tuqu-@₁~:(i/u)ma[to.have.V-ed][to.have.been.V-ed][V→V]-@₁–lghii[the.one.that.V-ed][the.one.that.is.V][V→N][N][Abs][Unpd][Sg]

alingtiitunga	+?

------------------------
Tefaay! 

tefaay	+?

------------------------
