NATENG ANGYAPIGEM ULIIMALLGHI

nateng	+?

angyapigem	angyapig[N][Rel][Unpd][Sg]

uliimallghi	+?

------------------------
Akulkim Apellgha

akulkim	+?

apellgha	+?

------------------------


------------------------
Ayumiq ulimghusiq pinilghii maaten atughput aviisalghii.

ayumiq	ayumigh*[N][Abs][Unpd][Sg]

ulimghusiq	+?

pinilghii	pi-@₁~fni[to.say.that.one.is.V-ing][Cmpd_Vbl]-@₁–lghii[the.one.that.V-ed][the.one.that.is.V][V→N][N][Abs][Unpd][Sg]
pinilghii	pi-~:(u)te[to.V.for.or.with][to.cause.to.V.as.one.is.V-ing][to.V.toward.each.other][V→V]-@₁~fni[to.say.that.one.is.V-ing][Cmpd_Vbl]-@₁–lghii[the.one.that.V-ed][the.one.that.is.V][V→N][N][Abs][Unpd][Sg]
pinilghii	pi-~:(u)te[SBJ.V-ed.something][V→V]-@₁~fni[to.say.that.one.is.V-ing][Cmpd_Vbl]-@₁–lghii[the.one.that.V-ed][the.one.that.is.V][V→N][N][Abs][Unpd][Sg]
pinilghii	pinigh-@₁–lghii[the.one.that.V-ed][the.one.that.is.V][V→N][N][Abs][Unpd][Sg]

maaten	maaten
maaten	maatete[N][Abs][Unpd][Sg]

atughput	atugh[N][Abs][1PlPoss][SgPosd]

aviisalghii	+?

------------------------
Sangwaa tamaaghhaan maani allgeghtekaq atuqegkaqegkangat sangllaghnaqneghmeggni unangniighusiq tamaghhaan ulimaperugwaaghluku piiqegkangat tamaani.

sangwaa	sa-~:(ng₁)u[to.be.N][N→V][V][Intr][Intrg][3Sg]
sangwaa	sangwaa[N][Abs][Unpd][Sg]

tamaaghhaan	+?

maani	maani

allgeghtekaq	+?

atuqegkaqegkangat	atugh-~–ke[to.have.as.one's.N(s)][N→V]-~sf–(g₃)kaq[one.that.has.V-ed][V→N]-~–ke[to.have.as.one's.N(s)][N→V]-@*@₂~sf–(g₂)k(a)e[the.one.that.possessor.V-ed][V→N][N][Abs][3PlPoss][SgPosd]
atuqegkaqegkangat	atuqe-~sf–(g₃)kaq[one.that.has.V-ed][V→N]-~–ke[to.have.as.one's.N(s)][N→V]-@*@₂~sf–(g₂)k(a)e[the.one.that.possessor.V-ed][V→N][N][Abs][3PlPoss][SgPosd]

sangllaghnaqneghmeggni	+?

unangniighusiq	unangniighusigh[N][Abs][Unpd][Sg]

tamaghhaan	tamaghhaate[N][Abs][Unpd][Sg]
tamaghhaan	tamaghhagh-~:(ng₁)u[to.be.N][N→V]-~:(u)te[condition.with.respect.to.V-ing][V→N][N][Abs][Unpd][Sg]
tamaghhaan	tamaghhagh[N][Rel][3SgPoss][SgPosd]
tamaghhaan	tamaghhagh[N][Rel][3SgPoss][PlPosd]
tamaghhaan	tamaghhagh*[Quant_Qual][3Sg]

ulimaperugwaaghluku	+?

piiqegkangat	pi-~(g₁)aqe[to.be.V.ing][to.regularly.or.repeatedly.V][V→V]-@*@₂~sf–(g₂)k(a)e[the.one.that.possessor.V-ed][V→N][N][Abs][3PlPoss][SgPosd]
piiqegkangat	pi-~(g₁)aqe[to.be.V.ing][to.regularly.or.repeatedly.V][V→V][V][Trns][Ptcp][3Pl][3Sg]
piiqegkangat	piigh-~–ke[to.have.as.one's.N(s)][N→V]-@*@₂~sf–(g₂)k(a)e[the.one.that.possessor.V-ed][V→N][N][Abs][3PlPoss][SgPosd]

tamaani	+?

------------------------


------------------------
Angyaghtuusit angyat tamaani atiit aatqelghiit angyapigmeng.

angyaghtuusit	+?

angyat	angyagh[N][Abs][Unpd][Pl]
angyat	angyagh[N][Rel][Unpd][Pl]
angyat	Angyat[N][Abs][Unpd][Sg]

tamaani	+?

atiit	atugh[N][Abs][3PlPoss][PlPosd]

aatqelghiit	ategh-~–ke[to.have.as.one's.N(s)][N→V]-@₁–lghii[the.one.that.V-ed][the.one.that.is.V][V→N][N][Abs][Unpd][Pl]
aatqelghiit	ategh-~–ke[to.have.as.one's.N(s)][N→V]-@₁–lghii[the.one.that.V-ed][the.one.that.is.V][V→N][N][Rel][Unpd][Pl]
aatqelghiit	ategh-~–ke[to.have.as.one's.N(s)][N→V][V][Intr][Ptcp][3Pl]
aatqelghiit	Ategh-~–ke[to.have.as.one's.N(s)][N→V]-@₁–lghii[the.one.that.V-ed][the.one.that.is.V][V→N][N][Abs][Unpd][Pl]
aatqelghiit	Ategh-~–ke[to.have.as.one's.N(s)][N→V]-@₁–lghii[the.one.that.V-ed][the.one.that.is.V][V→N][N][Rel][Unpd][Pl]
aatqelghiit	Ategh-~–ke[to.have.as.one's.N(s)][N→V][V][Intr][Ptcp][3Pl]

angyapigmeng	angyapig[N][Rel][4DuPoss][SgPosd]
angyapigmeng	angyapig[N][Rel][4DuPoss][PlPosd]
angyapigmeng	angyapig[N][Rel][4PlPoss][SgPosd]
angyapigmeng	angyapig[N][Rel][4PlPoss][PlPosd]
angyapigmeng	angyapig[N][Abl_Mod][Unpd][Sg]

------------------------
Tagtalngi kiyang yuginaq itegaq siipngalghiit.

tagtalngi	+?

kiyang	kiyang

yuginaq	yuginagh[N][Abs][Unpd][Sg]

itegaq	itegagh[N][Abs][Unpd][Sg]

siipngalghiit	+?

------------------------
Iqetulngi kiyang yaagneghestun iqetutkaaqut.

iqetulngi	+?

kiyang	kiyang

yaagneghestun	+?

iqetutkaaqut	+?

------------------------


------------------------
Mayughneghqaq, neghqwaaghtaghqaq esnemi ivaghluku piiqegkangat angyangllaghnaqneghmeggni.

mayughneghqaq	+?

neghqwaaghtaghqaq	+?

esnemi	esne[N][Loc][Unpd][Sg]
esnemi	esne[N][Rel][4SgPoss][SgPosd]
esnemi	esne[N][Rel][4SgPoss][PlPosd]

ivaghluku	ivagh[V][Trns][Sbrd][_][3Sg]

piiqegkangat	pi-~(g₁)aqe[to.be.V.ing][to.regularly.or.repeatedly.V][V→V]-@*@₂~sf–(g₂)k(a)e[the.one.that.possessor.V-ed][V→N][N][Abs][3PlPoss][SgPosd]
piiqegkangat	pi-~(g₁)aqe[to.be.V.ing][to.regularly.or.repeatedly.V][V→V][V][Trns][Ptcp][3Pl][3Sg]
piiqegkangat	piigh-~–ke[to.have.as.one's.N(s)][N→V]-@*@₂~sf–(g₂)k(a)e[the.one.that.possessor.V-ed][V→N][N][Abs][3PlPoss][SgPosd]

angyangllaghnaqneghmeggni	+?

------------------------
Tuquuqiilluku nemeperewaaq nemeghyaghqaq piiqegkangat suqaghmem kelevegkameng nemqelluteng.

tuquuqiilluku	+?

nemeperewaaq	+?

nemeghyaghqaq	+?

piiqegkangat	pi-~(g₁)aqe[to.be.V.ing][to.regularly.or.repeatedly.V][V→V]-@*@₂~sf–(g₂)k(a)e[the.one.that.possessor.V-ed][V→N][N][Abs][3PlPoss][SgPosd]
piiqegkangat	pi-~(g₁)aqe[to.be.V.ing][to.regularly.or.repeatedly.V][V→V][V][Trns][Ptcp][3Pl][3Sg]
piiqegkangat	piigh-~–ke[to.have.as.one's.N(s)][N→V]-@*@₂~sf–(g₂)k(a)e[the.one.that.possessor.V-ed][V→N][N][Abs][3PlPoss][SgPosd]

suqaghmem	+?

kelevegkameng	+?

nemqelluteng	nemegh-~–ke[to.have.as.one's.N(s)][N→V]-te[to.act.on.so.as.to.cause.to.V][V→V]-te[to.act.on.so.as.to.cause.to.V][V→V][V][Intr][Sbrd][3Pl]
nemqelluteng	nemegh-~–ke[to.have.as.one's.N(s)][N→V]-te[to.act.on.so.as.to.cause.to.V][V→V][V][Intr][Sbrd][3Pl]

------------------------


------------------------
Enkaam saamnangillu angyam taklaghmelluki ulimaaqsaqangit ayumiq.

enkaam	enkaam

saamnangillu	+?

angyam	angyagh[N][Rel][Unpd][Sg]

taklaghmelluki	+?

ulimaaqsaqangit	ulima-~(g₁)aqe[to.be.V.ing][to.regularly.or.repeatedly.V][V→V]-te[to.act.on.so.as.to.cause.to.V][V→V]-te[to.act.on.so.as.to.cause.to.V][V→V]-@₁~fyagh[to.go.V-ing][to.V.in.vain][V→V]-@*@₂~sf–(g₂)k(a)e[the.one.that.possessor.V-ed][V→N][N][Abs][3PlPoss][PlPosd]
ulimaaqsaqangit	ulima-~(g₁)aqe[to.be.V.ing][to.regularly.or.repeatedly.V][V→V]-te[to.act.on.so.as.to.cause.to.V][V→V]-te[to.act.on.so.as.to.cause.to.V][V→V]-@₁~fyagh[to.go.V-ing][to.V.in.vain][V→V][V][Trns][Ptcp][3Du][3Sg]
ulimaaqsaqangit	ulima-~(g₁)aqe[to.be.V.ing][to.regularly.or.repeatedly.V][V→V]-te[to.act.on.so.as.to.cause.to.V][V→V]-te[to.act.on.so.as.to.cause.to.V][V→V]-@₁~fyagh[to.go.V-ing][to.V.in.vain][V→V][V][Trns][Ptcp][3Pl][3Pl]
ulimaaqsaqangit	ulima-~(g₁)aqe[to.be.V.ing][to.regularly.or.repeatedly.V][V→V]-te[to.act.on.so.as.to.cause.to.V][V→V]-@₁~fyagh[to.go.V-ing][to.V.in.vain][V→V]-@*@₂~sf–(g₂)k(a)e[the.one.that.possessor.V-ed][V→N][N][Abs][3PlPoss][PlPosd]
ulimaaqsaqangit	ulima-~(g₁)aqe[to.be.V.ing][to.regularly.or.repeatedly.V][V→V]-te[to.act.on.so.as.to.cause.to.V][V→V]-@₁~fyagh[to.go.V-ing][to.V.in.vain][V→V][V][Trns][Ptcp][3Du][3Sg]
ulimaaqsaqangit	ulima-~(g₁)aqe[to.be.V.ing][to.regularly.or.repeatedly.V][V→V]-te[to.act.on.so.as.to.cause.to.V][V→V]-@₁~fyagh[to.go.V-ing][to.V.in.vain][V→V][V][Trns][Ptcp][3Pl][3Pl]
ulimaaqsaqangit	ulima-~(g₁)aqe[to.be.V.ing][to.regularly.or.repeatedly.V][V→V]-@₁~fyagh[to.go.V-ing][to.V.in.vain][V→V]-@*@₂~sf–(g₂)k(a)e[the.one.that.possessor.V-ed][V→N][N][Abs][3PlPoss][PlPosd]
ulimaaqsaqangit	ulima-~(g₁)aqe[to.be.V.ing][to.regularly.or.repeatedly.V][V→V]-@₁~fyagh[to.go.V-ing][to.V.in.vain][V→V][V][Trns][Ptcp][3Du][3Sg]
ulimaaqsaqangit	ulima-~(g₁)aqe[to.be.V.ing][to.regularly.or.repeatedly.V][V→V]-@₁~fyagh[to.go.V-ing][to.V.in.vain][V→V][V][Trns][Ptcp][3Pl][3Pl]
ulimaaqsaqangit	ulimaagh-~–ke[to.have.as.one's.N(s)][N→V]-te[to.act.on.so.as.to.cause.to.V][V→V]-te[to.act.on.so.as.to.cause.to.V][V→V]-@₁~fyagh[to.go.V-ing][to.V.in.vain][V→V]-@*@₂~sf–(g₂)k(a)e[the.one.that.possessor.V-ed][V→N][N][Abs][3PlPoss][PlPosd]
ulimaaqsaqangit	ulimaagh-~–ke[to.have.as.one's.N(s)][N→V]-te[to.act.on.so.as.to.cause.to.V][V→V]-@₁~fyagh[to.go.V-ing][to.V.in.vain][V→V]-@*@₂~sf–(g₂)k(a)e[the.one.that.possessor.V-ed][V→N][N][Abs][3PlPoss][PlPosd]
ulimaaqsaqangit	ulimaagh-~–ke[to.have.as.one's.N(s)][N→V]-@₁~fyagh[to.go.V-ing][to.V.in.vain][V→V]-@*@₂~sf–(g₂)k(a)e[the.one.that.possessor.V-ed][V→N][N][Abs][3PlPoss][PlPosd]

ayumiq	ayumigh*[N][Abs][Unpd][Sg]

------------------------
Ingusighluki tawaten pingayuneng inglulek yuuk aqumuusaghqaaluku alla angyalek angyallikun.

ingusighluki	+?

tawaten	tawaten

pingayuneng	+?

inglulek	inglu-–leg[one.having.N][N→N][N][Abs][Unpd][Sg]
inglulek	ingluleg[N][Abs][Unpd][Sg]

yuuk	yug[N][Abs][Sg]

aqumuusaghqaaluku	+?

alla	alla
alla	alla[N][Abs][Unpd][Sg]

angyalek	angyagh-–leg[one.having.N][N→N][N][Abs][Unpd][Sg]
angyalek	angyaleg[N][Abs][Unpd][Sg]
angyalek	Angyat-–leg[one.having.N][N→N][N][Abs][Unpd][Sg]

angyallikun	angyalligh[N][Via][Unpd][Sg]

------------------------


------------------------
Tamaakut aghnasalget uvinkegtat amiiqiiqiit amighqaaluki angyamun.

tamaakut	+?

aghnasalget	aghnasaleg[N][Abs][Unpd][Pl]
aghnasalget	aghnasaleg[N][Rel][Unpd][Pl]

uvinkegtat	+?

amiiqiiqiit	+?

amighqaaluki	+?

angyamun	angyagh[N][Ter][Unpd][Sg]

------------------------
Sivukluki kiighlluki niightuqayuget meqen'ghata.

sivukluki	+?

kiighlluki	+?

niightuqayuget	+?

meqenghata	+?

------------------------
Amighinaqneghmeggni sivukluki kenitaqiit aghingwaaghesqelluki.

amighinaqneghmeggni	+?

sivukluki	+?

kenitaqiit	+?

aghingwaaghesqelluki	+?

------------------------
Maalghu, pingayu tanpeq naamakayuk angyamun amiiluni kiyang.

maalghu	+?

pingayu	+?

tanpeq	tanpegh[N][Abs][Unpd][Sg]

naamakayuk	+?

angyamun	angyagh[N][Ter][Unpd][Sg]

amiiluni	amigh-~:(ng₁)u[to.be.N][N→V]-~i[SBJ.V-ed.something][V→V]-~i[SBJ.V-ed.something][V→V]-~i[SBJ.V-ed.something][V→V]-~i[SBJ.V-ed.something][V→V]-~i[SBJ.V-ed.something][V→V][V][Intr][Sbrd][3Sg]
amiiluni	amigh-~:(ng₁)u[to.be.N][N→V]-~i[SBJ.V-ed.something][V→V]-~i[SBJ.V-ed.something][V→V]-~i[SBJ.V-ed.something][V→V]-~i[SBJ.V-ed.something][V→V]-~:(u)te[to.V.for.or.with][to.cause.to.V.as.one.is.V-ing][to.V.toward.each.other][V→V][V][Intr][Sbrd][3Sg]
amiiluni	amigh-~:(ng₁)u[to.be.N][N→V]-~i[SBJ.V-ed.something][V→V]-~i[SBJ.V-ed.something][V→V]-~i[SBJ.V-ed.something][V→V]-~i[SBJ.V-ed.something][V→V]-~:(u)te[SBJ.V-ed.something][V→V][V][Intr][Sbrd][3Sg]
amiiluni	amigh-~:(ng₁)u[to.be.N][N→V]-~i[SBJ.V-ed.something][V→V]-~i[SBJ.V-ed.something][V→V]-~i[SBJ.V-ed.something][V→V]-~i[SBJ.V-ed.something][V→V][V][Intr][Sbrd][3Sg]
amiiluni	amigh-~:(ng₁)u[to.be.N][N→V]-~i[SBJ.V-ed.something][V→V]-~i[SBJ.V-ed.something][V→V]-~i[SBJ.V-ed.something][V→V]-~:(u)te[to.V.for.or.with][to.cause.to.V.as.one.is.V-ing][to.V.toward.each.other][V→V][V][Intr][Sbrd][3Sg]
amiiluni	amigh-~:(ng₁)u[to.be.N][N→V]-~i[SBJ.V-ed.something][V→V]-~i[SBJ.V-ed.something][V→V]-~i[SBJ.V-ed.something][V→V]-~:(u)te[SBJ.V-ed.something][V→V][V][Intr][Sbrd][3Sg]
amiiluni	amigh-~:(ng₁)u[to.be.N][N→V]-~i[SBJ.V-ed.something][V→V]-~i[SBJ.V-ed.something][V→V]-~i[SBJ.V-ed.something][V→V][V][Intr][Sbrd][3Sg]
amiiluni	amigh-~:(ng₁)u[to.be.N][N→V]-~i[SBJ.V-ed.something][V→V]-~i[SBJ.V-ed.something][V→V]-~:(u)te[to.V.for.or.with][to.cause.to.V.as.one.is.V-ing][to.V.toward.each.other][V→V][V][Intr][Sbrd][3Sg]
amiiluni	amigh-~:(ng₁)u[to.be.N][N→V]-~i[SBJ.V-ed.something][V→V]-~i[SBJ.V-ed.something][V→V]-~:(u)te[SBJ.V-ed.something][V→V][V][Intr][Sbrd][3Sg]
amiiluni	amigh-~:(ng₁)u[to.be.N][N→V]-~i[SBJ.V-ed.something][V→V]-~i[SBJ.V-ed.something][V→V][V][Intr][Sbrd][3Sg]
amiiluni	amigh-~:(ng₁)u[to.be.N][N→V]-~i[SBJ.V-ed.something][V→V]-~:(u)te[to.V.for.or.with][to.cause.to.V.as.one.is.V-ing][to.V.toward.each.other][V→V][V][Intr][Sbrd][3Sg]
amiiluni	amigh-~:(ng₁)u[to.be.N][N→V]-~i[SBJ.V-ed.something][V→V]-~:(u)te[SBJ.V-ed.something][V→V][V][Intr][Sbrd][3Sg]
amiiluni	amigh-~:(ng₁)u[to.be.N][N→V]-~i[SBJ.V-ed.something][V→V][V][Intr][Sbrd][3Sg]
amiiluni	amigh-~:(ng₁)u[to.be.N][N→V]-~:(u)te[to.V.for.or.with][to.cause.to.V.as.one.is.V-ing][to.V.toward.each.other][V→V][V][Intr][Sbrd][3Sg]
amiiluni	amigh-~:(ng₁)u[to.be.N][N→V]-~:(u)te[SBJ.V-ed.something][V→V][V][Intr][Sbrd][3Sg]
amiiluni	amigh-~:(ng₁)u[to.be.N][N→V][V][Intr][Sbrd][3Sg]

kiyang	kiyang

------------------------
Uyguraanun qiipat kakisit aatqii tasisit ivalumeng ulimaaghit piighlluteng.

uyguraanun	+?

qiipat	qiipagh[N][Abs][Unpd][Pl]
qiipat	qiipagh[N][Rel][Unpd][Pl]

kakisit	+?

aatqii	ategh-~–ke[to.have.as.one's.N(s)][N→V]-~i[SBJ.V-ed.something][V→V]-~i[SBJ.V-ed.something][V→V]-~i[SBJ.V-ed.something][V→V]-~i[SBJ.V-ed.something][V→V]-~i[SBJ.V-ed.something][V→V][V][Intr][Opt][PRS][2Sg]
aatqii	ategh-~–ke[to.have.as.one's.N(s)][N→V]-~i[SBJ.V-ed.something][V→V]-~i[SBJ.V-ed.something][V→V]-~i[SBJ.V-ed.something][V→V]-~i[SBJ.V-ed.something][V→V][V][Intr][Opt][PRS][2Sg]
aatqii	ategh-~–ke[to.have.as.one's.N(s)][N→V]-~i[SBJ.V-ed.something][V→V]-~i[SBJ.V-ed.something][V→V]-~i[SBJ.V-ed.something][V→V][V][Intr][Opt][PRS][2Sg]
aatqii	ategh-~–ke[to.have.as.one's.N(s)][N→V]-~i[SBJ.V-ed.something][V→V]-~i[SBJ.V-ed.something][V→V][V][Intr][Opt][PRS][2Sg]
aatqii	ategh-~–ke[to.have.as.one's.N(s)][N→V]-~i[SBJ.V-ed.something][V→V][V][Intr][Intrg][3Sg]
aatqii	Ategh-~–ke[to.have.as.one's.N(s)][N→V]-~i[SBJ.V-ed.something][V→V]-~i[SBJ.V-ed.something][V→V]-~i[SBJ.V-ed.something][V→V]-~i[SBJ.V-ed.something][V→V]-~i[SBJ.V-ed.something][V→V][V][Intr][Opt][PRS][2Sg]
aatqii	Ategh-~–ke[to.have.as.one's.N(s)][N→V]-~i[SBJ.V-ed.something][V→V]-~i[SBJ.V-ed.something][V→V]-~i[SBJ.V-ed.something][V→V]-~i[SBJ.V-ed.something][V→V][V][Intr][Opt][PRS][2Sg]
aatqii	Ategh-~–ke[to.have.as.one's.N(s)][N→V]-~i[SBJ.V-ed.something][V→V]-~i[SBJ.V-ed.something][V→V]-~i[SBJ.V-ed.something][V→V][V][Intr][Opt][PRS][2Sg]
aatqii	Ategh-~–ke[to.have.as.one's.N(s)][N→V]-~i[SBJ.V-ed.something][V→V]-~i[SBJ.V-ed.something][V→V][V][Intr][Opt][PRS][2Sg]
aatqii	Ategh-~–ke[to.have.as.one's.N(s)][N→V]-~i[SBJ.V-ed.something][V→V][V][Intr][Intrg][3Sg]

tasisit	+?

ivalumeng	ivalu[N][Rel][4DuPoss][SgPosd]
ivalumeng	ivalu[N][Rel][4DuPoss][PlPosd]
ivalumeng	ivalu[N][Rel][4PlPoss][SgPosd]
ivalumeng	ivalu[N][Rel][4PlPoss][PlPosd]
ivalumeng	ivalu[N][Abl_Mod][Unpd][Sg]

ulimaaghit	ulimaagh[N][Abs][3PlPoss][PlPosd]

piighlluteng	+?

------------------------


------------------------
Angyamun amiiluki aghnasalget liisimakangit muluneghtuqat ugineng, saama uvinkegsiimaghmeng.

angyamun	angyagh[N][Ter][Unpd][Sg]

amiiluki	+?

aghnasalget	aghnasaleg[N][Abs][Unpd][Pl]
aghnasalget	aghnasaleg[N][Rel][Unpd][Pl]

liisimakangit	liite-@₁~:(i/u)ma[to.have.V-ed][to.have.been.V-ed][V→V]-@*@₂~sf–(g₂)k(a)e[the.one.that.possessor.V-ed][V→N][N][Abs][3PlPoss][PlPosd]
liisimakangit	liite-@₁~:(i/u)ma[to.have.V-ed][to.have.been.V-ed][V→V][V][Trns][Ptcp][3Du][3Sg]
liisimakangit	liite-@₁~:(i/u)ma[to.have.V-ed][to.have.been.V-ed][V→V][V][Trns][Ptcp][3Pl][3Pl]

muluneghtuqat	+?

ugineng	ugi[N][Abl_Mod][Unpd][Pl]

saama	saam[N][Abs][3SgPoss][SgPosd]
saama	saama

uvinkegsiimaghmeng	+?

------------------------
Ugit tamaakun'nguq ataasighaghmeng ayumiqukayuguftut, imangyugumamaghmeng ayuqelghiit.

ugit	ugi[N][Abs][Unpd][Pl]
ugit	ugi[N][Rel][Unpd][Pl]

tamaakunnguq	+?

ataasighaghmeng	+?

ayumiqukayuguftut	+?

imangyugumamaghmeng	+?

ayuqelghiit	+?

------------------------


------------------------
Angyam amii tamaani talwa piineqiigasaqangit.

angyam	angyagh[N][Rel][Unpd][Sg]

amii	amigh-~:(ng₁)u[to.be.N][N→V]-~i[SBJ.V-ed.something][V→V]-~i[SBJ.V-ed.something][V→V]-~i[SBJ.V-ed.something][V→V]-~i[SBJ.V-ed.something][V→V]-~i[SBJ.V-ed.something][V→V][V][Intr][Opt][PRS][2Sg]
amii	amigh-~:(ng₁)u[to.be.N][N→V]-~i[SBJ.V-ed.something][V→V]-~i[SBJ.V-ed.something][V→V]-~i[SBJ.V-ed.something][V→V]-~i[SBJ.V-ed.something][V→V][V][Intr][Opt][PRS][2Sg]
amii	amigh-~:(ng₁)u[to.be.N][N→V]-~i[SBJ.V-ed.something][V→V]-~i[SBJ.V-ed.something][V→V]-~i[SBJ.V-ed.something][V→V][V][Intr][Opt][PRS][2Sg]
amii	amigh-~:(ng₁)u[to.be.N][N→V]-~i[SBJ.V-ed.something][V→V]-~i[SBJ.V-ed.something][V→V][V][Intr][Opt][PRS][2Sg]
amii	amigh-~:(ng₁)u[to.be.N][N→V]-~i[SBJ.V-ed.something][V→V][V][Intr][Opt][PRS][2Sg]
amii	amigh-~:(ng₁)u[to.be.N][N→V][V][Intr][Opt][PRS][2Sg]
amii	amigh[N][Abs][3SgPoss][SgPosd]
amii	amigh[N][Abs][3SgPoss][PlPosd]

tamaani	+?

talwa	talwa

piineqiigasaqangit	+?

------------------------
Enkaam pingayu ayumiqulleq atughluku amiinguq simighyaghqaaghtekayuguftut.

enkaam	enkaam

pingayu	+?

ayumiqulleq	ayumiqullegh[N][Abs][Unpd][Sg]

atughluku	atugh[V][Trns][Sbrd][_][3Sg]

amiinguq	amigh-~:(ng₁)u[to.be.N][N→V]-~i[SBJ.V-ed.something][V→V]-~i[SBJ.V-ed.something][V→V]-~i[SBJ.V-ed.something][V→V]-~i[SBJ.V-ed.something][V→V]-~i[SBJ.V-ed.something][V→V]-@*ngugh*[the.one.that.V-ed][the.one.that.is.V][V→N][N][Abs][Unpd][Sg]
amiinguq	amigh-~:(ng₁)u[to.be.N][N→V]-~i[SBJ.V-ed.something][V→V]-~i[SBJ.V-ed.something][V→V]-~i[SBJ.V-ed.something][V→V]-~i[SBJ.V-ed.something][V→V]-@*ngugh*[the.one.that.V-ed][the.one.that.is.V][V→N][N][Abs][Unpd][Sg]
amiinguq	amigh-~:(ng₁)u[to.be.N][N→V]-~i[SBJ.V-ed.something][V→V]-~i[SBJ.V-ed.something][V→V]-~i[SBJ.V-ed.something][V→V]-@*ngugh*[the.one.that.V-ed][the.one.that.is.V][V→N][N][Abs][Unpd][Sg]
amiinguq	amigh-~:(ng₁)u[to.be.N][N→V]-~i[SBJ.V-ed.something][V→V]-~i[SBJ.V-ed.something][V→V]-@*ngugh*[the.one.that.V-ed][the.one.that.is.V][V→N][N][Abs][Unpd][Sg]
amiinguq	amigh-~:(ng₁)u[to.be.N][N→V]-~i[SBJ.V-ed.something][V→V]-@*ngugh*[the.one.that.V-ed][the.one.that.is.V][V→N][N][Abs][Unpd][Sg]
amiinguq	amigh-~:(ng₁)u[to.be.N][N→V]-@*ngugh*[the.one.that.V-ed][the.one.that.is.V][V→N][N][Abs][Unpd][Sg]
amiinguq	amigh[N][Abs][3SgPoss][SgPosd]-nguq[Encl]
amiinguq	amigh[N][Abs][3SgPoss][PlPosd]-nguq[Encl]

simighyaghqaaghtekayuguftut	+?

------------------------
Saamkut kuyaagit aghukayuget, saamallu ukiyugumaghtekayuget.

saamkut	saamkut

kuyaagit	+?

aghukayuget	+?

saamallu	saam[N][Abs][3SgPoss][SgPosd]-llu[Encl]

ukiyugumaghtekayuget	+?

------------------------


------------------------
Angyaneghmeggni igleghusiit.

angyaneghmeggni	angyagh-@₁–negh[the.act.or.activity.of.V-ing][V→N][N][Loc][4PlPoss][SgPosd]
angyaneghmeggni	angyagh-@₁–negh[the.act.or.activity.of.V-ing][V→N][N][Loc][4PlPoss][PlPosd]

igleghusiit	+?

------------------------
Angwaaghmeng, yaavuqumeng, telaanangamengllu.

angwaaghmeng	+?

yaavuqumeng	+?

telaanangamengllu	telaananga[N][Rel][4DuPoss][SgPosd]-llu[Encl]
telaanangamengllu	telaananga[N][Rel][4DuPoss][PlPosd]-llu[Encl]
telaanangamengllu	telaananga[N][Rel][4PlPoss][SgPosd]-llu[Encl]
telaanangamengllu	telaananga[N][Rel][4PlPoss][PlPosd]-llu[Encl]
telaanangamengllu	telaananga[N][Abl_Mod][Unpd][Sg]-llu[Encl]

------------------------
Siighnat kakiquulluki telaanangangllaamaaqegkangit tamaani ayumiq.

siighnat	+?

kakiquulluki	kaki-te[to.act.on.so.as.to.cause.to.V][V→V]-@₁qugh[to.V.completely]-~:(u)te[to.V.for.or.with][to.cause.to.V.as.one.is.V-ing][to.V.toward.each.other][V→V]-te[to.act.on.so.as.to.cause.to.V][V→V]-te[to.act.on.so.as.to.cause.to.V][V→V][V][Trns][Sbrd][_][3Pl]
kakiquulluki	kaki-te[to.act.on.so.as.to.cause.to.V][V→V]-@₁qugh[to.V.completely]-~:(u)te[to.V.for.or.with][to.cause.to.V.as.one.is.V-ing][to.V.toward.each.other][V→V]-te[to.act.on.so.as.to.cause.to.V][V→V][V][Trns][Sbrd][_][3Pl]
kakiquulluki	kaki-te[to.act.on.so.as.to.cause.to.V][V→V]-@₁qugh[to.V.completely]-~:(u)te[to.V.for.or.with][to.cause.to.V.as.one.is.V-ing][to.V.toward.each.other][V→V][V][Trns][Sbrd][_][3Pl]
kakiquulluki	kaki-~:(u)te[to.V.for.or.with][to.cause.to.V.as.one.is.V-ing][to.V.toward.each.other][V→V]-te[to.act.on.so.as.to.cause.to.V][V→V]-@₁qugh[to.V.completely]-~:(u)te[to.V.for.or.with][to.cause.to.V.as.one.is.V-ing][to.V.toward.each.other][V→V]-te[to.act.on.so.as.to.cause.to.V][V→V]-te[to.act.on.so.as.to.cause.to.V][V→V]-te[to.act.on.so.as.to.cause.to.V][V→V][V][Trns][Sbrd][_][3Pl]
kakiquulluki	kaki-~:(u)te[to.V.for.or.with][to.cause.to.V.as.one.is.V-ing][to.V.toward.each.other][V→V]-te[to.act.on.so.as.to.cause.to.V][V→V]-@₁qugh[to.V.completely]-~:(u)te[to.V.for.or.with][to.cause.to.V.as.one.is.V-ing][to.V.toward.each.other][V→V]-te[to.act.on.so.as.to.cause.to.V][V→V]-te[to.act.on.so.as.to.cause.to.V][V→V][V][Trns][Sbrd][_][3Pl]
kakiquulluki	kaki-~:(u)te[to.V.for.or.with][to.cause.to.V.as.one.is.V-ing][to.V.toward.each.other][V→V]-te[to.act.on.so.as.to.cause.to.V][V→V]-@₁qugh[to.V.completely]-~:(u)te[to.V.for.or.with][to.cause.to.V.as.one.is.V-ing][to.V.toward.each.other][V→V]-te[to.act.on.so.as.to.cause.to.V][V→V][V][Trns][Sbrd][_][3Pl]
kakiquulluki	kaki-~:(u)te[to.V.for.or.with][to.cause.to.V.as.one.is.V-ing][to.V.toward.each.other][V→V]-te[to.act.on.so.as.to.cause.to.V][V→V]-@₁qugh[to.V.completely]-~:(u)te[to.V.for.or.with][to.cause.to.V.as.one.is.V-ing][to.V.toward.each.other][V→V][V][Trns][Sbrd][_][3Pl]
kakiquulluki	kaki-~:(u)te[to.V.for.or.with][to.cause.to.V.as.one.is.V-ing][to.V.toward.each.other][V→V]-@₁qugh[to.V.completely]-~:(u)te[to.V.for.or.with][to.cause.to.V.as.one.is.V-ing][to.V.toward.each.other][V→V]-te[to.act.on.so.as.to.cause.to.V][V→V]-te[to.act.on.so.as.to.cause.to.V][V→V]-te[to.act.on.so.as.to.cause.to.V][V→V][V][Trns][Sbrd][_][3Pl]
kakiquulluki	kaki-~:(u)te[to.V.for.or.with][to.cause.to.V.as.one.is.V-ing][to.V.toward.each.other][V→V]-@₁qugh[to.V.completely]-~:(u)te[to.V.for.or.with][to.cause.to.V.as.one.is.V-ing][to.V.toward.each.other][V→V]-te[to.act.on.so.as.to.cause.to.V][V→V]-te[to.act.on.so.as.to.cause.to.V][V→V][V][Trns][Sbrd][_][3Pl]
kakiquulluki	kaki-~:(u)te[to.V.for.or.with][to.cause.to.V.as.one.is.V-ing][to.V.toward.each.other][V→V]-@₁qugh[to.V.completely]-~:(u)te[to.V.for.or.with][to.cause.to.V.as.one.is.V-ing][to.V.toward.each.other][V→V]-te[to.act.on.so.as.to.cause.to.V][V→V][V][Trns][Sbrd][_][3Pl]
kakiquulluki	kaki-~:(u)te[to.V.for.or.with][to.cause.to.V.as.one.is.V-ing][to.V.toward.each.other][V→V]-@₁qugh[to.V.completely]-~:(u)te[to.V.for.or.with][to.cause.to.V.as.one.is.V-ing][to.V.toward.each.other][V→V][V][Trns][Sbrd][_][3Pl]
kakiquulluki	kaki-@₁qugh[to.V.completely]-~:(u)te[to.V.for.or.with][to.cause.to.V.as.one.is.V-ing][to.V.toward.each.other][V→V]-te[to.act.on.so.as.to.cause.to.V][V→V]-te[to.act.on.so.as.to.cause.to.V][V→V][V][Trns][Sbrd][_][3Pl]
kakiquulluki	kaki-@₁qugh[to.V.completely]-~:(u)te[to.V.for.or.with][to.cause.to.V.as.one.is.V-ing][to.V.toward.each.other][V→V]-te[to.act.on.so.as.to.cause.to.V][V→V][V][Trns][Sbrd][_][3Pl]
kakiquulluki	kaki-@₁qugh[to.V.completely]-~:(u)te[to.V.for.or.with][to.cause.to.V.as.one.is.V-ing][to.V.toward.each.other][V→V][V][Trns][Sbrd][_][3Pl]

telaanangangllaamaaqegkangit	telaananga-–ngllagh[to.make.N][N→V]-@₁~:(i/u)ma[to.have.V-ed][to.have.been.V-ed][V→V]-~(g₁)aqe[to.be.V.ing][to.regularly.or.repeatedly.V][V→V]-@*@₂~sf–(g₂)k(a)e[the.one.that.possessor.V-ed][V→N][N][Abs][3PlPoss][PlPosd]

tamaani	+?

ayumiq	ayumigh*[N][Abs][Unpd][Sg]

------------------------
