AGHVEGHEMLLU UYVASAGHQELLGHA

aghveghemllu	aghvegh[N][Rel][Unpd][Sg]-llu[Encl]

uyvasaghqellgha	+?

------------------------
Pelaasim Apellgha

pelaasim	+?

apellgha	+?

------------------------


------------------------
Taakut llaaget eghqwaaghnaqelghiini kenelighluteng.

taakut	taake[V][Intr][Ind][3Pl]

llaaget	llaag[N][Abs][Unpd][Pl]
llaaget	llaag[N][Rel][Unpd][Pl]

eghqwaaghnaqelghiini	eghqwaagh-@₁~fnaqe[to.be.going.to.V][V→V]-@₁–lghii[the.one.that.V-ed][the.one.that.is.V][V→N][N][Abs][4SgPoss][SgPosd]
eghqwaaghnaqelghiini	eghqwaagh-@₁~fnaqe[to.be.going.to.V][V→V]-@₁–lghii[the.one.that.V-ed][the.one.that.is.V][V→N][N][Abs][4SgPoss][PlPosd]
eghqwaaghnaqelghiini	eghqwaagh-@₁~fnaqe[to.be.going.to.V][V→V]-@₁–lghii[the.one.that.V-ed][the.one.that.is.V][V→N][N][Loc][Unpd][Pl]
eghqwaaghnaqelghiini	eghqwaagh-@₁~fnaqe[to.be.going.to.V][V→V]-–lghiini[when.one.is.V-ing][among.those.V-ing]

kenelighluteng	keneligh[V][Intr][Sbrd][3Pl]

------------------------
Uksumi uqfigam tangillghem qaamnangi amestaaghhaat, saghnaaqelghiit.

uksumi	+?

uqfigam	uqfigagh[N][Rel][Unpd][Sg]

tangillghem	+?

qaamnangi	qaamna[N][Abs][3SgPoss][PlPosd]

amestaaghhaat	+?

saghnaaqelghiit	saghna-~(g₁)aqe[to.be.V.ing][to.regularly.or.repeatedly.V][V→V]-@₁–lghii[the.one.that.V-ed][the.one.that.is.V][V→N][N][Abs][Unpd][Pl]
saghnaaqelghiit	saghna-~(g₁)aqe[to.be.V.ing][to.regularly.or.repeatedly.V][V→V]-@₁–lghii[the.one.that.V-ed][the.one.that.is.V][V→N][N][Rel][Unpd][Pl]
saghnaaqelghiit	saghna-~(g₁)aqe[to.be.V.ing][to.regularly.or.repeatedly.V][V→V][V][Intr][Ptcp][3Pl]

------------------------
Enkaam petugtaaghaqegkangit aagrani quunpeng kineghngiita.

enkaam	enkaam

petugtaaghaqegkangit	+?

aagrani	aagra[N][Abs][4SgPoss][SgPosd]
aagrani	aagra[N][Abs][4SgPoss][PlPosd]
aagrani	aagra[N][Loc][Unpd][Pl]

quunpeng	quunpeng

kineghngiita	kinegh[V][Intr][Conc][3Pl]

------------------------
Paneghtaqegkangit keneghqun.

paneghtaqegkangit	paneghte-~(g₁)aqe[to.be.V.ing][to.regularly.or.repeatedly.V][V→V]-@*@₂~sf–(g₂)k(a)e[the.one.that.possessor.V-ed][V→N][N][Abs][3PlPoss][PlPosd]
paneghtaqegkangit	paneghte-~(g₁)aqe[to.be.V.ing][to.regularly.or.repeatedly.V][V→V][V][Trns][Ptcp][3Du][3Sg]
paneghtaqegkangit	paneghte-~(g₁)aqe[to.be.V.ing][to.regularly.or.repeatedly.V][V→V][V][Trns][Ptcp][3Pl][3Pl]
paneghtaqegkangit	panegh-te[to.act.on.so.as.to.cause.to.V][V→V]-~(g₁)aqe[to.be.V.ing][to.regularly.or.repeatedly.V][V→V]-@*@₂~sf–(g₂)k(a)e[the.one.that.possessor.V-ed][V→N][N][Abs][3PlPoss][PlPosd]
paneghtaqegkangit	panegh-te[to.act.on.so.as.to.cause.to.V][V→V]-~(g₁)aqe[to.be.V.ing][to.regularly.or.repeatedly.V][V→V][V][Trns][Ptcp][3Du][3Sg]
paneghtaqegkangit	panegh-te[to.act.on.so.as.to.cause.to.V][V→V]-~(g₁)aqe[to.be.V.ing][to.regularly.or.repeatedly.V][V→V][V][Trns][Ptcp][3Pl][3Pl]

keneghqun	kenegh[N][Via][Unpd][Sg]

------------------------
Kumaghhneghmeggni taakut uqfigam ggiillghi paneghqughaaqiit uglaghinaqepiglluki.

kumaghhneghmeggni	kumagh-te[to.act.on.so.as.to.cause.to.V][V→V]-@₁–negh[the.act.or.activity.of.V-ing][V→N][N][Loc][4PlPoss][PlPosd]
kumaghhneghmeggni	kumagh-te[to.act.on.so.as.to.cause.to.V][V→V]-@₁–negh[the.act.or.activity.of.V-ing][V→N][N][Loc][4PlPoss][SgPosd]

taakut	taake[V][Intr][Ind][3Pl]

uqfigam	uqfigagh[N][Rel][Unpd][Sg]

ggiillghi	ggiillegh[N][Abs][3SgPoss][PlPosd]

paneghqughaaqiit	+?

uglaghinaqepiglluki	uglaghi-@₁~fnaqe[to.be.going.to.V][V→V]-–pigte[to.be.very.V][to.V.very.much][V→V]-te[to.act.on.so.as.to.cause.to.V][V→V]-te[to.act.on.so.as.to.cause.to.V][V→V][V][Trns][Sbrd][_][3Pl]
uglaghinaqepiglluki	uglaghi-@₁~fnaqe[to.be.going.to.V][V→V]-–pigte[to.be.very.V][to.V.very.much][V→V]-te[to.act.on.so.as.to.cause.to.V][V→V][V][Trns][Sbrd][_][3Pl]
uglaghinaqepiglluki	uglaghi-~:(u)te[to.V.for.or.with][to.cause.to.V.as.one.is.V-ing][to.V.toward.each.other][V→V]-@₁~fnaqe[to.be.going.to.V][V→V]-–pigte[to.be.very.V][to.V.very.much][V→V]-te[to.act.on.so.as.to.cause.to.V][V→V]-te[to.act.on.so.as.to.cause.to.V][V→V]-te[to.act.on.so.as.to.cause.to.V][V→V][V][Trns][Sbrd][_][3Pl]
uglaghinaqepiglluki	uglaghi-~:(u)te[to.V.for.or.with][to.cause.to.V.as.one.is.V-ing][to.V.toward.each.other][V→V]-@₁~fnaqe[to.be.going.to.V][V→V]-–pigte[to.be.very.V][to.V.very.much][V→V]-te[to.act.on.so.as.to.cause.to.V][V→V]-te[to.act.on.so.as.to.cause.to.V][V→V][V][Trns][Sbrd][_][3Pl]
uglaghinaqepiglluki	uglaghi-~:(u)te[to.V.for.or.with][to.cause.to.V.as.one.is.V-ing][to.V.toward.each.other][V→V]-@₁~fnaqe[to.be.going.to.V][V→V]-–pigte[to.be.very.V][to.V.very.much][V→V]-te[to.act.on.so.as.to.cause.to.V][V→V][V][Trns][Sbrd][_][3Pl]

------------------------


------------------------
Enkaangam tawaten taakut apeghiineghmegteki taakut tawaten pineghmeng, pingayut unuget qavat pikayuget.

enkaangam	+?

tawaten	tawaten

taakut	taake[V][Intr][Ind][3Pl]

apeghiineghmegteki	apeghiigh[V][Trns][Ctmp][4Pl][3Pl]

taakut	taake[V][Intr][Ind][3Pl]

tawaten	tawaten

pineghmeng	pi-@₁–negh[the.act.or.activity.of.V-ing][V→N][N][Abl_Mod][Unpd][Sg]
pineghmeng	pi-@₁–negh[the.act.or.activity.of.V-ing][V→N][N][Rel][4DuPoss][PlPosd]
pineghmeng	pi-@₁–negh[the.act.or.activity.of.V-ing][V→N][N][Rel][4DuPoss][SgPosd]
pineghmeng	pi-@₁–negh[the.act.or.activity.of.V-ing][V→N][N][Rel][4PlPoss][PlPosd]
pineghmeng	pi-@₁–negh[the.act.or.activity.of.V-ing][V→N][N][Rel][4PlPoss][SgPosd]
pineghmeng	pi-~:(u)te[to.V.for.or.with][to.cause.to.V.as.one.is.V-ing][to.V.toward.each.other][V→V]-@₁–negh[the.act.or.activity.of.V-ing][V→N][N][Abl_Mod][Unpd][Sg]
pineghmeng	pi-~:(u)te[to.V.for.or.with][to.cause.to.V.as.one.is.V-ing][to.V.toward.each.other][V→V]-@₁–negh[the.act.or.activity.of.V-ing][V→N][N][Rel][4DuPoss][PlPosd]
pineghmeng	pi-~:(u)te[to.V.for.or.with][to.cause.to.V.as.one.is.V-ing][to.V.toward.each.other][V→V]-@₁–negh[the.act.or.activity.of.V-ing][V→N][N][Rel][4DuPoss][SgPosd]
pineghmeng	pi-~:(u)te[to.V.for.or.with][to.cause.to.V.as.one.is.V-ing][to.V.toward.each.other][V→V]-@₁–negh[the.act.or.activity.of.V-ing][V→N][N][Rel][4PlPoss][PlPosd]
pineghmeng	pi-~:(u)te[to.V.for.or.with][to.cause.to.V.as.one.is.V-ing][to.V.toward.each.other][V→V]-@₁–negh[the.act.or.activity.of.V-ing][V→N][N][Rel][4PlPoss][SgPosd]
pineghmeng	pi-~:(u)te[to.V.for.or.with][to.cause.to.V.as.one.is.V-ing][to.V.toward.each.other][V→V][V][Intr][Ctmp][4Pl]
pineghmeng	pi-~:(u)te[SBJ.V-ed.something][V→V]-@₁–negh[the.act.or.activity.of.V-ing][V→N][N][Abl_Mod][Unpd][Sg]
pineghmeng	pi-~:(u)te[SBJ.V-ed.something][V→V]-@₁–negh[the.act.or.activity.of.V-ing][V→N][N][Rel][4DuPoss][PlPosd]
pineghmeng	pi-~:(u)te[SBJ.V-ed.something][V→V]-@₁–negh[the.act.or.activity.of.V-ing][V→N][N][Rel][4DuPoss][SgPosd]
pineghmeng	pi-~:(u)te[SBJ.V-ed.something][V→V]-@₁–negh[the.act.or.activity.of.V-ing][V→N][N][Rel][4PlPoss][PlPosd]
pineghmeng	pi-~:(u)te[SBJ.V-ed.something][V→V]-@₁–negh[the.act.or.activity.of.V-ing][V→N][N][Rel][4PlPoss][SgPosd]
pineghmeng	pi-~:(u)te[SBJ.V-ed.something][V→V][V][Intr][Ctmp][4Pl]
pineghmeng	pi[V][Intr][Ctmp][4Pl]
pineghmeng	pinegh[N][Abl_Mod][Unpd][Sg]
pineghmeng	pinegh[N][Rel][4DuPoss][PlPosd]
pineghmeng	pinegh[N][Rel][4DuPoss][SgPosd]
pineghmeng	pinegh[N][Rel][4PlPoss][PlPosd]
pineghmeng	pinegh[N][Rel][4PlPoss][SgPosd]

pingayut	pingayut[N][Abs][Unpd][Sg]

unuget	unug[N][Abs][Unpd][Pl]
unuget	unug[N][Rel][Unpd][Pl]

qavat	qavagh[N][Abs][Unpd][Pl]
qavat	qavagh[N][Rel][Unpd][Pl]

pikayuget	pikayug[N][Abs][Unpd][Pl]
pikayuget	pikayug[N][Rel][Unpd][Pl]

------------------------
Aamta qepghaanguluni qavan'ghani aghhneghni, maalghuneng ighivgaghni tawaten ilagaghaqut.

aamta	aaw[N][Rel][1PlPoss][SgPosd]
aamta	aaw[N][Rel][1PlPoss][PlPosd]
aamta	aaghw[N][Rel][1PlPoss][SgPosd]
aamta	aaghw[N][Rel][1PlPoss][PlPosd]
aamta	aamta

qepghaanguluni	+?

qavanghani	+?

aghhneghni	aghte-@₁–negh[the.act.or.activity.of.V-ing][V→N][N][Loc][Unpd][Pl]

maalghuneng	+?

ighivgaghni	+?

tawaten	tawaten

ilagaghaqut	ilagagh-~(g₁)aqe[to.be.V.ing][to.regularly.or.repeatedly.V][V→V][V][Intr][Ind][3Pl]

------------------------
Taakut ilagaatet atughaataghaqiit enkaam pingayaani aghlleghem taakut teghrughaaghet petugngalghiit qeteghtaqut.

taakut	taake[V][Intr][Ind][3Pl]

ilagaatet	ilagaate[N][Abs][Unpd][Pl]
ilagaatet	ilagaate[N][Rel][Unpd][Pl]
ilagaatet	ilagaatet[N][Abs][Unpd][Sg]
ilagaatet	ilagagh-~:(u)te[condition.with.respect.to.V-ing][V→N][N][Abs][Unpd][Pl]
ilagaatet	ilagagh-~:(u)te[condition.with.respect.to.V-ing][V→N][N][Rel][Unpd][Pl]

atughaataghaqiit	+?

enkaam	enkaam

pingayaani	+?

aghlleghem	+?

taakut	taake[V][Intr][Ind][3Pl]

teghrughaaghet	teghrughaagh[N][Abs][Unpd][Pl]
teghrughaaghet	teghrughaagh[N][Rel][Unpd][Pl]

petugngalghiit	+?

qeteghtaqut	qetegh-te[to.catch.N][to.go.to.N][N→V]-~(g₁)aqe[to.be.V.ing][to.regularly.or.repeatedly.V][V→V][V][Intr][Ind][3Pl]

------------------------


------------------------
Tawaten kenelighluki eghqwaaghluteng ama iikluki, itegsin'ghuut mangtagtii taakwegkut.

tawaten	tawaten

kenelighluki	kenegh-–ligh[to.provide.with.N][N→V][V][Trns][Sbrd][_][3Pl]
kenelighluki	keneligh[V][Trns][Sbrd][_][3Pl]

eghqwaaghluteng	eghqwaagh[V][Intr][Sbrd][3Pl]

ama	ama

iikluki	iike-te[to.act.on.so.as.to.cause.to.V][V→V][V][Trns][Sbrd][_][3Pl]
iikluki	iike[V][Trns][Sbrd][_][3Pl]

itegsinghuut	+?

mangtagtii	mangtag-te[to.catch.N][to.go.to.N][N→V]-~i[SBJ.V-ed.something][V→V]-~i[SBJ.V-ed.something][V→V]-~i[SBJ.V-ed.something][V→V]-~i[SBJ.V-ed.something][V→V]-~i[SBJ.V-ed.something][V→V]-~i[SBJ.V-ed.something][V→V][V][Intr][Opt][PRS][2Sg]
mangtagtii	mangtag-te[to.catch.N][to.go.to.N][N→V]-~i[SBJ.V-ed.something][V→V]-~i[SBJ.V-ed.something][V→V]-~i[SBJ.V-ed.something][V→V]-~i[SBJ.V-ed.something][V→V]-~i[SBJ.V-ed.something][V→V][V][Intr][Opt][PRS][2Sg]
mangtagtii	mangtag-te[to.catch.N][to.go.to.N][N→V]-~i[SBJ.V-ed.something][V→V]-~i[SBJ.V-ed.something][V→V]-~i[SBJ.V-ed.something][V→V]-~i[SBJ.V-ed.something][V→V][V][Intr][Opt][PRS][2Sg]
mangtagtii	mangtag-te[to.catch.N][to.go.to.N][N→V]-~i[SBJ.V-ed.something][V→V]-~i[SBJ.V-ed.something][V→V]-~i[SBJ.V-ed.something][V→V][V][Intr][Opt][PRS][2Sg]
mangtagtii	mangtag-te[to.catch.N][to.go.to.N][N→V]-~i[SBJ.V-ed.something][V→V]-~i[SBJ.V-ed.something][V→V][V][Intr][Opt][PRS][2Sg]
mangtagtii	mangtag-te[to.catch.N][to.go.to.N][N→V]-~i[SBJ.V-ed.something][V→V][V][Intr][Intrg][3Sg]
mangtagtii	mangtag-ti[to.speak.the.language.of.N][N→V]-~i[SBJ.V-ed.something][V→V]-~i[SBJ.V-ed.something][V→V]-~i[SBJ.V-ed.something][V→V]-~i[SBJ.V-ed.something][V→V]-~i[SBJ.V-ed.something][V→V]-~i[SBJ.V-ed.something][V→V][V][Intr][Opt][PRS][2Sg]
mangtagtii	mangtag-ti[to.speak.the.language.of.N][N→V]-~i[SBJ.V-ed.something][V→V]-~i[SBJ.V-ed.something][V→V]-~i[SBJ.V-ed.something][V→V]-~i[SBJ.V-ed.something][V→V]-~i[SBJ.V-ed.something][V→V][V][Intr][Opt][PRS][2Sg]
mangtagtii	mangtag-ti[to.speak.the.language.of.N][N→V]-~i[SBJ.V-ed.something][V→V]-~i[SBJ.V-ed.something][V→V]-~i[SBJ.V-ed.something][V→V]-~i[SBJ.V-ed.something][V→V][V][Intr][Opt][PRS][2Sg]
mangtagtii	mangtag-ti[to.speak.the.language.of.N][N→V]-~i[SBJ.V-ed.something][V→V]-~i[SBJ.V-ed.something][V→V]-~i[SBJ.V-ed.something][V→V][V][Intr][Opt][PRS][2Sg]
mangtagtii	mangtag-ti[to.speak.the.language.of.N][N→V]-~i[SBJ.V-ed.something][V→V]-~i[SBJ.V-ed.something][V→V][V][Intr][Opt][PRS][2Sg]
mangtagtii	mangtag-ti[to.speak.the.language.of.N][N→V]-~i[SBJ.V-ed.something][V→V][V][Intr][Opt][PRS][2Sg]
mangtagtii	mangtag-ti[to.speak.the.language.of.N][N→V][V][Intr][Intrg][3Sg]

taakwegkut	+?

------------------------
Natengiighhaq eslegkakaan entaqun naten iqetutkaaqut one foot-na-half-neng, five inches eslegkakiita.

natengiighhaq	natengiighhaq

eslegkakaan	+?

entaqun	entaqun

naten	na-~:(u)te[to.V.for.or.with][to.cause.to.V.as.one.is.V-ing][to.V.toward.each.other][V→V][V][Intr][Opt][PRS][2Sg]
naten	na-~:(u)te[condition.with.respect.to.V-ing][V→N][N][Abs][2SgPoss][SgPosd]
naten	na-~:(u)te[SBJ.V-ed.something][V→V][V][Intr][Opt][PRS][2Sg]
naten	naten
naten	na-te[to.act.on.so.as.to.cause.to.V][V→V][V][Intr][Opt][PRS][2Sg]

iqetutkaaqut	+?

one	+?

footnahalfneng	+?

five	+?

inches	+?

eslegkakiita	+?

------------------------


------------------------
Teghrughaaghes taakut mangtagi uteghmun iikluki, taakut kenghet kumaghlluki eghqwaaghaqlaataqangit tamaaken ggiilleghmeng paneghquumaghmeng.

teghrughaaghes	+?

taakut	taake[V][Intr][Ind][3Pl]

mangtagi	mangtag[N][Abs][3SgPoss][PlPosd]

uteghmun	uteghmun

iikluki	iike-te[to.act.on.so.as.to.cause.to.V][V→V][V][Trns][Sbrd][_][3Pl]
iikluki	iike[V][Trns][Sbrd][_][3Pl]

taakut	taake[V][Intr][Ind][3Pl]

kenghet	+?

kumaghlluki	+?

eghqwaaghaqlaataqangit	eghqwaagh-~(g₁)aqe[to.be.V.ing][to.regularly.or.repeatedly.V][V→V]-te[to.act.on.so.as.to.cause.to.V][V→V]-te[to.act.on.so.as.to.cause.to.V][V→V]-@₁~laatagh[to.V.anyway][despite.everything.to.still.V][V→V]-@*@₂~sf–(g₂)k(a)e[the.one.that.possessor.V-ed][V→N][N][Abs][3PlPoss][PlPosd]
eghqwaaghaqlaataqangit	eghqwaagh-~(g₁)aqe[to.be.V.ing][to.regularly.or.repeatedly.V][V→V]-te[to.act.on.so.as.to.cause.to.V][V→V]-te[to.act.on.so.as.to.cause.to.V][V→V]-@₁~laatagh[to.V.anyway][despite.everything.to.still.V][V→V][V][Trns][Ptcp][3Du][3Sg]
eghqwaaghaqlaataqangit	eghqwaagh-~(g₁)aqe[to.be.V.ing][to.regularly.or.repeatedly.V][V→V]-te[to.act.on.so.as.to.cause.to.V][V→V]-te[to.act.on.so.as.to.cause.to.V][V→V]-@₁~laatagh[to.V.anyway][despite.everything.to.still.V][V→V][V][Trns][Ptcp][3Pl][3Pl]
eghqwaaghaqlaataqangit	eghqwaagh-~(g₁)aqe[to.be.V.ing][to.regularly.or.repeatedly.V][V→V]-te[to.act.on.so.as.to.cause.to.V][V→V]-@₁~laatagh[to.V.anyway][despite.everything.to.still.V][V→V]-@*@₂~sf–(g₂)k(a)e[the.one.that.possessor.V-ed][V→N][N][Abs][3PlPoss][PlPosd]
eghqwaaghaqlaataqangit	eghqwaagh-~(g₁)aqe[to.be.V.ing][to.regularly.or.repeatedly.V][V→V]-te[to.act.on.so.as.to.cause.to.V][V→V]-@₁~laatagh[to.V.anyway][despite.everything.to.still.V][V→V][V][Trns][Ptcp][3Du][3Sg]
eghqwaaghaqlaataqangit	eghqwaagh-~(g₁)aqe[to.be.V.ing][to.regularly.or.repeatedly.V][V→V]-te[to.act.on.so.as.to.cause.to.V][V→V]-@₁~laatagh[to.V.anyway][despite.everything.to.still.V][V→V][V][Trns][Ptcp][3Pl][3Pl]
eghqwaaghaqlaataqangit	eghqwaagh-~(g₁)aqe[to.be.V.ing][to.regularly.or.repeatedly.V][V→V]-@₁~laatagh[to.V.anyway][despite.everything.to.still.V][V→V]-@*@₂~sf–(g₂)k(a)e[the.one.that.possessor.V-ed][V→N][N][Abs][3PlPoss][PlPosd]
eghqwaaghaqlaataqangit	eghqwaagh-~(g₁)aqe[to.be.V.ing][to.regularly.or.repeatedly.V][V→V]-@₁~laatagh[to.V.anyway][despite.everything.to.still.V][V→V][V][Trns][Ptcp][3Du][3Sg]
eghqwaaghaqlaataqangit	eghqwaagh-~(g₁)aqe[to.be.V.ing][to.regularly.or.repeatedly.V][V→V]-@₁~laatagh[to.V.anyway][despite.everything.to.still.V][V→V][V][Trns][Ptcp][3Pl][3Pl]

tamaaken	tamaa-@*@₂~sf–(g₂)k(a)e[the.one.that.possessor.V-ed][V→N][N][Abs][2SgPoss][SgPosd]
tamaaken	tamaa[V][Trns][Ptcp][2Sg][3Sg]

ggiilleghmeng	ggiillegh[N][Abl_Mod][Unpd][Sg]
ggiilleghmeng	ggiillegh[N][Rel][4DuPoss][PlPosd]
ggiilleghmeng	ggiillegh[N][Rel][4DuPoss][SgPosd]
ggiilleghmeng	ggiillegh[N][Rel][4PlPoss][PlPosd]
ggiilleghmeng	ggiillegh[N][Rel][4PlPoss][SgPosd]

paneghquumaghmeng	panegh-te[to.act.on.so.as.to.cause.to.V][V→V]-@₁qugh[to.V.completely]-@₁~:(i/u)magh*[while.V-ing][V→V][Quant_Qual][4Pl]
paneghquumaghmeng	panegh-@₁qugh[to.V.completely]-@₁~:(i/u)magh*[while.V-ing][V→V][Quant_Qual][4Pl]
paneghquumaghmeng	paneghte-@₁qugh[to.V.completely]-@₁~:(i/u)magh*[while.V-ing][V→V][Quant_Qual][4Pl]

------------------------
Enkaam awataghpaagetlu ikughaqut, aquutatlu taakut iikumiita.

enkaam	enkaam

awataghpaagetlu	+?

ikughaqut	ikugh-~(g₁)aqe[to.be.V.ing][to.regularly.or.repeatedly.V][V→V][V][Intr][Ind][3Pl]

aquutatlu	aquutagh[N][Abs][Unpd][Pl]-llu[Encl]
aquutatlu	aquutagh[N][Rel][Unpd][Pl]-llu[Encl]

taakut	taake[V][Intr][Ind][3Pl]

iikumiita	iike-@₁~:(i/u)ma[to.have.V-ed][to.have.been.V-ed][V→V]-~i[SBJ.V-ed.something][V→V]-~i[SBJ.V-ed.something][V→V]-~i[SBJ.V-ed.something][V→V]-~i[SBJ.V-ed.something][V→V]-~i[SBJ.V-ed.something][V→V]-~:(u)te[condition.with.respect.to.V-ing][V→N][N][Abs][Unpd][Sg]
iikumiita	iike-@₁~:(i/u)ma[to.have.V-ed][to.have.been.V-ed][V→V]-~i[SBJ.V-ed.something][V→V]-~i[SBJ.V-ed.something][V→V]-~i[SBJ.V-ed.something][V→V]-~i[SBJ.V-ed.something][V→V]-~i[SBJ.V-ed.something][V→V]-~:(u)ta[condition.with.respect.to.V-ing][V→N][N][Abs][Unpd][Sg]
iikumiita	iike-@₁~:(i/u)ma[to.have.V-ed][to.have.been.V-ed][V→V]-~i[SBJ.V-ed.something][V→V]-~i[SBJ.V-ed.something][V→V]-~i[SBJ.V-ed.something][V→V]-~i[SBJ.V-ed.something][V→V]-~i[SBJ.V-ed.something][V→V]-te[to.act.on.so.as.to.cause.to.V][V→V][V][Intr][Intrg][3Sg]
iikumiita	iike-@₁~:(i/u)ma[to.have.V-ed][to.have.been.V-ed][V→V]-~i[SBJ.V-ed.something][V→V]-~i[SBJ.V-ed.something][V→V]-~i[SBJ.V-ed.something][V→V]-~i[SBJ.V-ed.something][V→V]-~:(u)te[to.V.for.or.with][to.cause.to.V.as.one.is.V-ing][to.V.toward.each.other][V→V][V][Intr][Intrg][3Sg]
iikumiita	iike-@₁~:(i/u)ma[to.have.V-ed][to.have.been.V-ed][V→V]-~i[SBJ.V-ed.something][V→V]-~i[SBJ.V-ed.something][V→V]-~i[SBJ.V-ed.something][V→V]-~i[SBJ.V-ed.something][V→V]-~:(u)te[SBJ.V-ed.something][V→V][V][Intr][Intrg][3Sg]
iikumiita	iike-@₁~:(i/u)ma[to.have.V-ed][to.have.been.V-ed][V→V]-~i[SBJ.V-ed.something][V→V]-~i[SBJ.V-ed.something][V→V]-~i[SBJ.V-ed.something][V→V]-~i[SBJ.V-ed.something][V→V]-~:(u)te[condition.with.respect.to.V-ing][V→N][N][Abs][Unpd][Sg]
iikumiita	iike-@₁~:(i/u)ma[to.have.V-ed][to.have.been.V-ed][V→V]-~i[SBJ.V-ed.something][V→V]-~i[SBJ.V-ed.something][V→V]-~i[SBJ.V-ed.something][V→V]-~i[SBJ.V-ed.something][V→V]-~:(u)ta[condition.with.respect.to.V-ing][V→N][N][Abs][Unpd][Sg]
iikumiita	iike-@₁~:(i/u)ma[to.have.V-ed][to.have.been.V-ed][V→V]-~i[SBJ.V-ed.something][V→V]-~i[SBJ.V-ed.something][V→V]-~i[SBJ.V-ed.something][V→V]-~i[SBJ.V-ed.something][V→V]-te[to.act.on.so.as.to.cause.to.V][V→V][V][Intr][Intrg][3Sg]
iikumiita	iike-@₁~:(i/u)ma[to.have.V-ed][to.have.been.V-ed][V→V]-~i[SBJ.V-ed.something][V→V]-~i[SBJ.V-ed.something][V→V]-~i[SBJ.V-ed.something][V→V]-~:(u)te[to.V.for.or.with][to.cause.to.V.as.one.is.V-ing][to.V.toward.each.other][V→V][V][Intr][Intrg][3Sg]
iikumiita	iike-@₁~:(i/u)ma[to.have.V-ed][to.have.been.V-ed][V→V]-~i[SBJ.V-ed.something][V→V]-~i[SBJ.V-ed.something][V→V]-~i[SBJ.V-ed.something][V→V]-~:(u)te[SBJ.V-ed.something][V→V][V][Intr][Intrg][3Sg]
iikumiita	iike-@₁~:(i/u)ma[to.have.V-ed][to.have.been.V-ed][V→V]-~i[SBJ.V-ed.something][V→V]-~i[SBJ.V-ed.something][V→V]-~i[SBJ.V-ed.something][V→V]-~:(u)te[condition.with.respect.to.V-ing][V→N][N][Abs][Unpd][Sg]
iikumiita	iike-@₁~:(i/u)ma[to.have.V-ed][to.have.been.V-ed][V→V]-~i[SBJ.V-ed.something][V→V]-~i[SBJ.V-ed.something][V→V]-~i[SBJ.V-ed.something][V→V]-~:(u)ta[condition.with.respect.to.V-ing][V→N][N][Abs][Unpd][Sg]
iikumiita	iike-@₁~:(i/u)ma[to.have.V-ed][to.have.been.V-ed][V→V]-~i[SBJ.V-ed.something][V→V]-~i[SBJ.V-ed.something][V→V]-~i[SBJ.V-ed.something][V→V]-te[to.act.on.so.as.to.cause.to.V][V→V][V][Intr][Intrg][3Sg]
iikumiita	iike-@₁~:(i/u)ma[to.have.V-ed][to.have.been.V-ed][V→V]-~i[SBJ.V-ed.something][V→V]-~i[SBJ.V-ed.something][V→V]-~:(u)te[to.V.for.or.with][to.cause.to.V.as.one.is.V-ing][to.V.toward.each.other][V→V][V][Intr][Intrg][3Sg]
iikumiita	iike-@₁~:(i/u)ma[to.have.V-ed][to.have.been.V-ed][V→V]-~i[SBJ.V-ed.something][V→V]-~i[SBJ.V-ed.something][V→V]-~:(u)te[SBJ.V-ed.something][V→V][V][Intr][Intrg][3Sg]
iikumiita	iike-@₁~:(i/u)ma[to.have.V-ed][to.have.been.V-ed][V→V]-~i[SBJ.V-ed.something][V→V]-~i[SBJ.V-ed.something][V→V]-~:(u)te[condition.with.respect.to.V-ing][V→N][N][Abs][Unpd][Sg]
iikumiita	iike-@₁~:(i/u)ma[to.have.V-ed][to.have.been.V-ed][V→V]-~i[SBJ.V-ed.something][V→V]-~i[SBJ.V-ed.something][V→V]-~:(u)ta[condition.with.respect.to.V-ing][V→N][N][Abs][Unpd][Sg]
iikumiita	iike-@₁~:(i/u)ma[to.have.V-ed][to.have.been.V-ed][V→V]-~i[SBJ.V-ed.something][V→V]-~i[SBJ.V-ed.something][V→V]-te[to.act.on.so.as.to.cause.to.V][V→V][V][Intr][Intrg][3Sg]
iikumiita	iike-@₁~:(i/u)ma[to.have.V-ed][to.have.been.V-ed][V→V]-~i[SBJ.V-ed.something][V→V]-~:(u)te[to.V.for.or.with][to.cause.to.V.as.one.is.V-ing][to.V.toward.each.other][V→V][V][Intr][Intrg][3Sg]
iikumiita	iike-@₁~:(i/u)ma[to.have.V-ed][to.have.been.V-ed][V→V]-~i[SBJ.V-ed.something][V→V]-~:(u)te[SBJ.V-ed.something][V→V][V][Intr][Intrg][3Sg]
iikumiita	iike-@₁~:(i/u)ma[to.have.V-ed][to.have.been.V-ed][V→V]-~i[SBJ.V-ed.something][V→V]-~:(u)te[condition.with.respect.to.V-ing][V→N][N][Abs][Unpd][Sg]
iikumiita	iike-@₁~:(i/u)ma[to.have.V-ed][to.have.been.V-ed][V→V]-~i[SBJ.V-ed.something][V→V]-~:(u)ta[condition.with.respect.to.V-ing][V→N][N][Abs][Unpd][Sg]
iikumiita	iike-@₁~:(i/u)ma[to.have.V-ed][to.have.been.V-ed][V→V]-~i[SBJ.V-ed.something][V→V]-te[to.act.on.so.as.to.cause.to.V][V→V][V][Intr][Intrg][3Sg]
iikumiita	iike-@₁~:(i/u)magh*[while.V-ing][V→V][Quant_Qual][3Pl]
iikumiita	iike-@₁~:(i/u)magh*[while.V-ing][V→V][Quant_Qual][3Du]

------------------------
Qalugyatlu nefteghqaqat, taawa taaqneghmegteki apeghiighaqaat taaqaqut amalka aghveghem qepghallgha.

qalugyatlu	qalugyagh[N][Abs][Unpd][Pl]-llu[Encl]
qalugyatlu	qalugyagh[N][Rel][Unpd][Pl]-llu[Encl]

nefteghqaqat	nefteghqe-~(g₁)aqe[to.be.V.ing][to.regularly.or.repeatedly.V][V→V][V][Intr][Intrg][3Pl]

taawa	taawa

taaqneghmegteki	+?

apeghiighaqaat	apeghiigh-~(g₁)aqe[to.be.V.ing][to.regularly.or.repeatedly.V][V→V][V][Trns][Ind][3Pl][3Sg]

taaqaqut	taaqe-~(g₁)aqe[to.be.V.ing][to.regularly.or.repeatedly.V][V→V][V][Intr][Ind][3Pl]

amalka	amalka

aghveghem	aghvegh[N][Rel][Unpd][Sg]

qepghallgha	+?

------------------------


------------------------
Enkaam iiyngi taakut qageghlluki sakun qalusiqakun sakun sagneghwaaghqunllu meghi taakut ilakluki iiyngan meghi.

enkaam	enkaam

iiyngi	iye[N][Abs][3SgPoss][PlPosd]

taakut	taake[V][Intr][Ind][3Pl]

qageghlluki	+?

sakun	sa-~–ke[to.have.as.one's.N(s)][N→V]-~:(u)te[condition.with.respect.to.V-ing][V→N][N][Abs][Unpd][Sg]
sakun	sa[N][Via][Unpd][Sg]

qalusiqakun	qalusiqagh[N][Via][Unpd][Sg]

sakun	sa-~–ke[to.have.as.one's.N(s)][N→V]-~:(u)te[condition.with.respect.to.V-ing][V→N][N][Abs][Unpd][Sg]
sakun	sa[N][Via][Unpd][Sg]

sagneghwaaghqunllu	+?

meghi	megh-~i[SBJ.V-ed.something][V→V][V][Intr][Opt][PRS][2Sg]
meghi	megh[N][Abs][3SgPoss][PlPosd]
meghi	meghe-~i[SBJ.V-ed.something][V→V][V][Intr][Opt][PRS][2Sg]
meghi	meghe[V][Intr][Opt][PRS][2Sg]
meghi	megh[V][Intr][Opt][PRS][2Sg]

taakut	taake[V][Intr][Ind][3Pl]

ilakluki	+?

iiyngan	iye[N][Rel][3SgPoss][SgPosd]
iiyngan	iye[N][Rel][3SgPoss][PlPosd]

meghi	megh-~i[SBJ.V-ed.something][V→V][V][Intr][Opt][PRS][2Sg]
meghi	megh[N][Abs][3SgPoss][PlPosd]
meghi	meghe-~i[SBJ.V-ed.something][V→V][V][Intr][Opt][PRS][2Sg]
meghi	meghe[V][Intr][Opt][PRS][2Sg]
meghi	megh[V][Intr][Opt][PRS][2Sg]

------------------------
Tamaana ggiillghem panellgha akuutaqaat mesiighmeng ilaaghlluki uglaaghinaluki akuutaqiit.

tamaana	tamaa-@₁~fna[in.order.to.V][intending.to.V][V→V][V][Intr][Opt][PRS][2Sg]
tamaana	tamaa-~:(u)te[to.V.for.or.with][to.cause.to.V.as.one.is.V-ing][to.V.toward.each.other][V→V]-@₁~fna[in.order.to.V][intending.to.V][V→V][V][Intr][Opt][PRS][2Sg]
tamaana	tamaa-~:(u)te[SBJ.V-ed.something][V→V]-@₁~fna[in.order.to.V][intending.to.V][V→V][V][Intr][Opt][PRS][2Sg]

ggiillghem	ggiillegh[N][Rel][Unpd][Sg]

panellgha	panellegh[N][Abs][3SgPoss][SgPosd]

akuutaqaat	akuute-~(g₁)aqe[to.be.V.ing][to.regularly.or.repeatedly.V][V→V][V][Trns][Ind][3Pl][3Sg]

mesiighmeng	mesiigh[N][Abl_Mod][Unpd][Sg]
mesiighmeng	mesiigh[N][Rel][4DuPoss][PlPosd]
mesiighmeng	mesiigh[N][Rel][4DuPoss][SgPosd]
mesiighmeng	mesiigh[N][Rel][4PlPoss][PlPosd]
mesiighmeng	mesiigh[N][Rel][4PlPoss][SgPosd]

ilaaghlluki	+?

uglaaghinaluki	+?

akuutaqiit	akuute-~(g₁)aqe[to.be.V.ing][to.regularly.or.repeatedly.V][V→V]-~i[SBJ.V-ed.something][V→V][V][Intr][Intrg][3Pl]
akuutaqiit	akuute-~(g₁)aqe[to.be.V.ing][to.regularly.or.repeatedly.V][V→V]-~i[SBJ.V-ed.something][V→V][V][Intr][Ind][3Pl]
akuutaqiit	akuute-~(g₁)aqe[to.be.V.ing][to.regularly.or.repeatedly.V][V→V][V][Trns][Ind][3Pl][3Pl]
akuutaqiit	akuute-~(g₁)aqe[to.be.V.ing][to.regularly.or.repeatedly.V][V→V][V][Trns][Ind][3Du][3Sg]
akuutaqiit	akuutagh-~–ke[to.have.as.one's.N(s)][N→V]-~i[SBJ.V-ed.something][V→V][V][Intr][Intrg][3Pl]
akuutaqiit	akuutagh-~–ke[to.have.as.one's.N(s)][N→V]-~i[SBJ.V-ed.something][V→V][V][Intr][Ind][3Pl]
akuutaqiit	akugh-~:(ng₁)u[to.be.N][N→V]-~:(u)te[to.V.for.or.with][to.cause.to.V.as.one.is.V-ing][to.V.toward.each.other][V→V]-~(g₁)aqe[to.be.V.ing][to.regularly.or.repeatedly.V][V→V]-~i[SBJ.V-ed.something][V→V][V][Intr][Intrg][3Pl]
akuutaqiit	akugh-~:(ng₁)u[to.be.N][N→V]-~:(u)te[to.V.for.or.with][to.cause.to.V.as.one.is.V-ing][to.V.toward.each.other][V→V]-~(g₁)aqe[to.be.V.ing][to.regularly.or.repeatedly.V][V→V]-~i[SBJ.V-ed.something][V→V][V][Intr][Ind][3Pl]
akuutaqiit	akugh-~:(ng₁)u[to.be.N][N→V]-~:(u)te[SBJ.V-ed.something][V→V]-~(g₁)aqe[to.be.V.ing][to.regularly.or.repeatedly.V][V→V]-~i[SBJ.V-ed.something][V→V][V][Intr][Intrg][3Pl]
akuutaqiit	akugh-~:(ng₁)u[to.be.N][N→V]-~:(u)te[SBJ.V-ed.something][V→V]-~(g₁)aqe[to.be.V.ing][to.regularly.or.repeatedly.V][V→V]-~i[SBJ.V-ed.something][V→V][V][Intr][Ind][3Pl]
akuutaqiit	akugh-~:(ng₁)u[to.be.N][N→V]-te[to.act.on.so.as.to.cause.to.V][V→V]-~(g₁)aqe[to.be.V.ing][to.regularly.or.repeatedly.V][V→V]-~i[SBJ.V-ed.something][V→V][V][Intr][Intrg][3Pl]
akuutaqiit	akugh-~:(ng₁)u[to.be.N][N→V]-te[to.act.on.so.as.to.cause.to.V][V→V]-~(g₁)aqe[to.be.V.ing][to.regularly.or.repeatedly.V][V→V]-~i[SBJ.V-ed.something][V→V][V][Intr][Ind][3Pl]

------------------------


------------------------
Enkaam akuunneghmeng taaqneghmegteki angyam sivuyagi aghenqigneghi aghveghhaat, minguughhutaqiit puyumeng taagken.

enkaam	enkaam

akuunneghmeng	akuute-@₁–negh[the.act.or.activity.of.V-ing][V→N][N][Abl_Mod][Unpd][Sg]
akuunneghmeng	akuute-@₁–negh[the.act.or.activity.of.V-ing][V→N][N][Rel][4DuPoss][PlPosd]
akuunneghmeng	akuute-@₁–negh[the.act.or.activity.of.V-ing][V→N][N][Rel][4DuPoss][SgPosd]
akuunneghmeng	akuute-@₁–negh[the.act.or.activity.of.V-ing][V→N][N][Rel][4PlPoss][PlPosd]
akuunneghmeng	akuute-@₁–negh[the.act.or.activity.of.V-ing][V→N][N][Rel][4PlPoss][SgPosd]
akuunneghmeng	akuute[V][Intr][Ctmp][4Pl]
akuunneghmeng	akugh-~:(ng₁)u[to.be.N][N→V]-te[to.act.on.so.as.to.cause.to.V][V→V]-te[to.act.on.so.as.to.cause.to.V][V→V]-@₁–negh[the.act.or.activity.of.V-ing][V→N][N][Abl_Mod][Unpd][Sg]
akuunneghmeng	akugh-~:(ng₁)u[to.be.N][N→V]-te[to.act.on.so.as.to.cause.to.V][V→V]-te[to.act.on.so.as.to.cause.to.V][V→V]-@₁–negh[the.act.or.activity.of.V-ing][V→N][N][Rel][4DuPoss][PlPosd]
akuunneghmeng	akugh-~:(ng₁)u[to.be.N][N→V]-te[to.act.on.so.as.to.cause.to.V][V→V]-te[to.act.on.so.as.to.cause.to.V][V→V]-@₁–negh[the.act.or.activity.of.V-ing][V→N][N][Rel][4DuPoss][SgPosd]
akuunneghmeng	akugh-~:(ng₁)u[to.be.N][N→V]-te[to.act.on.so.as.to.cause.to.V][V→V]-te[to.act.on.so.as.to.cause.to.V][V→V]-@₁–negh[the.act.or.activity.of.V-ing][V→N][N][Rel][4PlPoss][PlPosd]
akuunneghmeng	akugh-~:(ng₁)u[to.be.N][N→V]-te[to.act.on.so.as.to.cause.to.V][V→V]-te[to.act.on.so.as.to.cause.to.V][V→V]-@₁–negh[the.act.or.activity.of.V-ing][V→N][N][Rel][4PlPoss][SgPosd]
akuunneghmeng	akugh-~:(ng₁)u[to.be.N][N→V]-te[to.act.on.so.as.to.cause.to.V][V→V]-te[to.act.on.so.as.to.cause.to.V][V→V][V][Intr][Ctmp][4Pl]
akuunneghmeng	akugh-~:(ng₁)u[to.be.N][N→V]-te[to.act.on.so.as.to.cause.to.V][V→V]-@₁–negh[the.act.or.activity.of.V-ing][V→N][N][Abl_Mod][Unpd][Sg]
akuunneghmeng	akugh-~:(ng₁)u[to.be.N][N→V]-te[to.act.on.so.as.to.cause.to.V][V→V]-@₁–negh[the.act.or.activity.of.V-ing][V→N][N][Rel][4DuPoss][PlPosd]
akuunneghmeng	akugh-~:(ng₁)u[to.be.N][N→V]-te[to.act.on.so.as.to.cause.to.V][V→V]-@₁–negh[the.act.or.activity.of.V-ing][V→N][N][Rel][4DuPoss][SgPosd]
akuunneghmeng	akugh-~:(ng₁)u[to.be.N][N→V]-te[to.act.on.so.as.to.cause.to.V][V→V]-@₁–negh[the.act.or.activity.of.V-ing][V→N][N][Rel][4PlPoss][PlPosd]
akuunneghmeng	akugh-~:(ng₁)u[to.be.N][N→V]-te[to.act.on.so.as.to.cause.to.V][V→V]-@₁–negh[the.act.or.activity.of.V-ing][V→N][N][Rel][4PlPoss][SgPosd]
akuunneghmeng	akugh-~:(ng₁)u[to.be.N][N→V]-te[to.act.on.so.as.to.cause.to.V][V→V][V][Intr][Ctmp][4Pl]
akuunneghmeng	akugh-~:(ng₁)u[to.be.N][N→V]-~:(u)te[to.V.for.or.with][to.cause.to.V.as.one.is.V-ing][to.V.toward.each.other][V→V]-te[to.act.on.so.as.to.cause.to.V][V→V]-te[to.act.on.so.as.to.cause.to.V][V→V]-@₁–negh[the.act.or.activity.of.V-ing][V→N][N][Abl_Mod][Unpd][Sg]
akuunneghmeng	akugh-~:(ng₁)u[to.be.N][N→V]-~:(u)te[to.V.for.or.with][to.cause.to.V.as.one.is.V-ing][to.V.toward.each.other][V→V]-te[to.act.on.so.as.to.cause.to.V][V→V]-te[to.act.on.so.as.to.cause.to.V][V→V]-@₁–negh[the.act.or.activity.of.V-ing][V→N][N][Rel][4DuPoss][PlPosd]
akuunneghmeng	akugh-~:(ng₁)u[to.be.N][N→V]-~:(u)te[to.V.for.or.with][to.cause.to.V.as.one.is.V-ing][to.V.toward.each.other][V→V]-te[to.act.on.so.as.to.cause.to.V][V→V]-te[to.act.on.so.as.to.cause.to.V][V→V]-@₁–negh[the.act.or.activity.of.V-ing][V→N][N][Rel][4DuPoss][SgPosd]
akuunneghmeng	akugh-~:(ng₁)u[to.be.N][N→V]-~:(u)te[to.V.for.or.with][to.cause.to.V.as.one.is.V-ing][to.V.toward.each.other][V→V]-te[to.act.on.so.as.to.cause.to.V][V→V]-te[to.act.on.so.as.to.cause.to.V][V→V]-@₁–negh[the.act.or.activity.of.V-ing][V→N][N][Rel][4PlPoss][PlPosd]
akuunneghmeng	akugh-~:(ng₁)u[to.be.N][N→V]-~:(u)te[to.V.for.or.with][to.cause.to.V.as.one.is.V-ing][to.V.toward.each.other][V→V]-te[to.act.on.so.as.to.cause.to.V][V→V]-te[to.act.on.so.as.to.cause.to.V][V→V]-@₁–negh[the.act.or.activity.of.V-ing][V→N][N][Rel][4PlPoss][SgPosd]
akuunneghmeng	akugh-~:(ng₁)u[to.be.N][N→V]-~:(u)te[to.V.for.or.with][to.cause.to.V.as.one.is.V-ing][to.V.toward.each.other][V→V]-te[to.act.on.so.as.to.cause.to.V][V→V]-te[to.act.on.so.as.to.cause.to.V][V→V][V][Intr][Ctmp][4Pl]
akuunneghmeng	akugh-~:(ng₁)u[to.be.N][N→V]-~:(u)te[to.V.for.or.with][to.cause.to.V.as.one.is.V-ing][to.V.toward.each.other][V→V]-te[to.act.on.so.as.to.cause.to.V][V→V]-@₁–negh[the.act.or.activity.of.V-ing][V→N][N][Abl_Mod][Unpd][Sg]
akuunneghmeng	akugh-~:(ng₁)u[to.be.N][N→V]-~:(u)te[to.V.for.or.with][to.cause.to.V.as.one.is.V-ing][to.V.toward.each.other][V→V]-te[to.act.on.so.as.to.cause.to.V][V→V]-@₁–negh[the.act.or.activity.of.V-ing][V→N][N][Rel][4DuPoss][PlPosd]
akuunneghmeng	akugh-~:(ng₁)u[to.be.N][N→V]-~:(u)te[to.V.for.or.with][to.cause.to.V.as.one.is.V-ing][to.V.toward.each.other][V→V]-te[to.act.on.so.as.to.cause.to.V][V→V]-@₁–negh[the.act.or.activity.of.V-ing][V→N][N][Rel][4DuPoss][SgPosd]
akuunneghmeng	akugh-~:(ng₁)u[to.be.N][N→V]-~:(u)te[to.V.for.or.with][to.cause.to.V.as.one.is.V-ing][to.V.toward.each.other][V→V]-te[to.act.on.so.as.to.cause.to.V][V→V]-@₁–negh[the.act.or.activity.of.V-ing][V→N][N][Rel][4PlPoss][PlPosd]
akuunneghmeng	akugh-~:(ng₁)u[to.be.N][N→V]-~:(u)te[to.V.for.or.with][to.cause.to.V.as.one.is.V-ing][to.V.toward.each.other][V→V]-te[to.act.on.so.as.to.cause.to.V][V→V]-@₁–negh[the.act.or.activity.of.V-ing][V→N][N][Rel][4PlPoss][SgPosd]
akuunneghmeng	akugh-~:(ng₁)u[to.be.N][N→V]-~:(u)te[to.V.for.or.with][to.cause.to.V.as.one.is.V-ing][to.V.toward.each.other][V→V]-te[to.act.on.so.as.to.cause.to.V][V→V][V][Intr][Ctmp][4Pl]
akuunneghmeng	akugh-~:(ng₁)u[to.be.N][N→V]-~:(u)te[condition.with.respect.to.V-ing][V→N]-te[to.catch.N][to.go.to.N][N→V]-te[to.act.on.so.as.to.cause.to.V][V→V]-@₁–negh[the.act.or.activity.of.V-ing][V→N][N][Abl_Mod][Unpd][Sg]
akuunneghmeng	akugh-~:(ng₁)u[to.be.N][N→V]-~:(u)te[condition.with.respect.to.V-ing][V→N]-te[to.catch.N][to.go.to.N][N→V]-te[to.act.on.so.as.to.cause.to.V][V→V]-@₁–negh[the.act.or.activity.of.V-ing][V→N][N][Rel][4DuPoss][PlPosd]
akuunneghmeng	akugh-~:(ng₁)u[to.be.N][N→V]-~:(u)te[condition.with.respect.to.V-ing][V→N]-te[to.catch.N][to.go.to.N][N→V]-te[to.act.on.so.as.to.cause.to.V][V→V]-@₁–negh[the.act.or.activity.of.V-ing][V→N][N][Rel][4DuPoss][SgPosd]
akuunneghmeng	akugh-~:(ng₁)u[to.be.N][N→V]-~:(u)te[condition.with.respect.to.V-ing][V→N]-te[to.catch.N][to.go.to.N][N→V]-te[to.act.on.so.as.to.cause.to.V][V→V]-@₁–negh[the.act.or.activity.of.V-ing][V→N][N][Rel][4PlPoss][PlPosd]
akuunneghmeng	akugh-~:(ng₁)u[to.be.N][N→V]-~:(u)te[condition.with.respect.to.V-ing][V→N]-te[to.catch.N][to.go.to.N][N→V]-te[to.act.on.so.as.to.cause.to.V][V→V]-@₁–negh[the.act.or.activity.of.V-ing][V→N][N][Rel][4PlPoss][SgPosd]
akuunneghmeng	akugh-~:(ng₁)u[to.be.N][N→V]-~:(u)te[condition.with.respect.to.V-ing][V→N]-te[to.catch.N][to.go.to.N][N→V]-te[to.act.on.so.as.to.cause.to.V][V→V][V][Intr][Ctmp][4Pl]
akuunneghmeng	akugh-~:(ng₁)u[to.be.N][N→V]-~:(u)te[condition.with.respect.to.V-ing][V→N]-te[to.catch.N][to.go.to.N][N→V]-@₁–negh[the.act.or.activity.of.V-ing][V→N][N][Abl_Mod][Unpd][Sg]
akuunneghmeng	akugh-~:(ng₁)u[to.be.N][N→V]-~:(u)te[condition.with.respect.to.V-ing][V→N]-te[to.catch.N][to.go.to.N][N→V]-@₁–negh[the.act.or.activity.of.V-ing][V→N][N][Rel][4DuPoss][PlPosd]
akuunneghmeng	akugh-~:(ng₁)u[to.be.N][N→V]-~:(u)te[condition.with.respect.to.V-ing][V→N]-te[to.catch.N][to.go.to.N][N→V]-@₁–negh[the.act.or.activity.of.V-ing][V→N][N][Rel][4DuPoss][SgPosd]
akuunneghmeng	akugh-~:(ng₁)u[to.be.N][N→V]-~:(u)te[condition.with.respect.to.V-ing][V→N]-te[to.catch.N][to.go.to.N][N→V]-@₁–negh[the.act.or.activity.of.V-ing][V→N][N][Rel][4PlPoss][PlPosd]
akuunneghmeng	akugh-~:(ng₁)u[to.be.N][N→V]-~:(u)te[condition.with.respect.to.V-ing][V→N]-te[to.catch.N][to.go.to.N][N→V]-@₁–negh[the.act.or.activity.of.V-ing][V→N][N][Rel][4PlPoss][SgPosd]
akuunneghmeng	akugh-~:(ng₁)u[to.be.N][N→V]-~:(u)te[condition.with.respect.to.V-ing][V→N]-te[to.catch.N][to.go.to.N][N→V][V][Intr][Ctmp][4Pl]
akuunneghmeng	akugh-~:(ng₁)u[to.be.N][N→V]-~:(u)te[SBJ.V-ed.something][V→V]-te[to.act.on.so.as.to.cause.to.V][V→V]-te[to.act.on.so.as.to.cause.to.V][V→V]-@₁–negh[the.act.or.activity.of.V-ing][V→N][N][Abl_Mod][Unpd][Sg]
akuunneghmeng	akugh-~:(ng₁)u[to.be.N][N→V]-~:(u)te[SBJ.V-ed.something][V→V]-te[to.act.on.so.as.to.cause.to.V][V→V]-te[to.act.on.so.as.to.cause.to.V][V→V]-@₁–negh[the.act.or.activity.of.V-ing][V→N][N][Rel][4DuPoss][PlPosd]
akuunneghmeng	akugh-~:(ng₁)u[to.be.N][N→V]-~:(u)te[SBJ.V-ed.something][V→V]-te[to.act.on.so.as.to.cause.to.V][V→V]-te[to.act.on.so.as.to.cause.to.V][V→V]-@₁–negh[the.act.or.activity.of.V-ing][V→N][N][Rel][4DuPoss][SgPosd]
akuunneghmeng	akugh-~:(ng₁)u[to.be.N][N→V]-~:(u)te[SBJ.V-ed.something][V→V]-te[to.act.on.so.as.to.cause.to.V][V→V]-te[to.act.on.so.as.to.cause.to.V][V→V]-@₁–negh[the.act.or.activity.of.V-ing][V→N][N][Rel][4PlPoss][PlPosd]
akuunneghmeng	akugh-~:(ng₁)u[to.be.N][N→V]-~:(u)te[SBJ.V-ed.something][V→V]-te[to.act.on.so.as.to.cause.to.V][V→V]-te[to.act.on.so.as.to.cause.to.V][V→V]-@₁–negh[the.act.or.activity.of.V-ing][V→N][N][Rel][4PlPoss][SgPosd]
akuunneghmeng	akugh-~:(ng₁)u[to.be.N][N→V]-~:(u)te[SBJ.V-ed.something][V→V]-te[to.act.on.so.as.to.cause.to.V][V→V]-te[to.act.on.so.as.to.cause.to.V][V→V][V][Intr][Ctmp][4Pl]
akuunneghmeng	akugh-~:(ng₁)u[to.be.N][N→V]-~:(u)te[SBJ.V-ed.something][V→V]-te[to.act.on.so.as.to.cause.to.V][V→V]-@₁–negh[the.act.or.activity.of.V-ing][V→N][N][Abl_Mod][Unpd][Sg]
akuunneghmeng	akugh-~:(ng₁)u[to.be.N][N→V]-~:(u)te[SBJ.V-ed.something][V→V]-te[to.act.on.so.as.to.cause.to.V][V→V]-@₁–negh[the.act.or.activity.of.V-ing][V→N][N][Rel][4DuPoss][PlPosd]
akuunneghmeng	akugh-~:(ng₁)u[to.be.N][N→V]-~:(u)te[SBJ.V-ed.something][V→V]-te[to.act.on.so.as.to.cause.to.V][V→V]-@₁–negh[the.act.or.activity.of.V-ing][V→N][N][Rel][4DuPoss][SgPosd]
akuunneghmeng	akugh-~:(ng₁)u[to.be.N][N→V]-~:(u)te[SBJ.V-ed.something][V→V]-te[to.act.on.so.as.to.cause.to.V][V→V]-@₁–negh[the.act.or.activity.of.V-ing][V→N][N][Rel][4PlPoss][PlPosd]
akuunneghmeng	akugh-~:(ng₁)u[to.be.N][N→V]-~:(u)te[SBJ.V-ed.something][V→V]-te[to.act.on.so.as.to.cause.to.V][V→V]-@₁–negh[the.act.or.activity.of.V-ing][V→N][N][Rel][4PlPoss][SgPosd]
akuunneghmeng	akugh-~:(ng₁)u[to.be.N][N→V]-~:(u)te[SBJ.V-ed.something][V→V]-te[to.act.on.so.as.to.cause.to.V][V→V][V][Intr][Ctmp][4Pl]

taaqneghmegteki	+?

angyam	angyagh[N][Rel][Unpd][Sg]

sivuyagi	sivuyag[N][Abs][3SgPoss][PlPosd]

aghenqigneghi	aghenqignegh[N][Abs][3SgPoss][PlPosd]

aghveghhaat	aghvegh-–ghhagh*[dear.N][N→N][N][Abs][Unpd][Pl]
aghveghhaat	aghvegh-–ghhagh*[dear.N][N→N][N][Abs][3PlPoss][SgPosd]
aghveghhaat	aghvegh-–ghhagh*[dear.N][N→N][N][Rel][Unpd][Pl]

minguughhutaqiit	+?

puyumeng	puyugh[N][Abl_Mod][Unpd][Sg]
puyumeng	puyugh[N][Rel][4DuPoss][PlPosd]
puyumeng	puyugh[N][Rel][4DuPoss][SgPosd]
puyumeng	puyugh[N][Rel][4PlPoss][PlPosd]
puyumeng	puyugh[N][Rel][4PlPoss][SgPosd]

taagken	taagken

------------------------
Tagneqegtepigtuut uqfiigam ggiillghan panellghi.

tagneqegtepigtuut	+?

uqfiigam	+?

ggiillghan	ggiillegh[N][Rel][3SgPoss][SgPosd]
ggiillghan	ggiillegh[N][Rel][3SgPoss][PlPosd]

panellghi	panellegh[N][Abs][3SgPoss][PlPosd]

------------------------
Aghveghet ulimaaqiit aghenqigneghem tungangakun, saghumigneghan tungangakun veghaghhiinaat piiqiit asitmun tereghlukillu inglugtun.

aghveghet	aghvegh[N][Abs][Unpd][Pl]
aghveghet	aghvegh[N][Rel][Unpd][Pl]

ulimaaqiit	ulima-~(g₁)aqe[to.be.V.ing][to.regularly.or.repeatedly.V][V→V]-~i[SBJ.V-ed.something][V→V][V][Intr][Intrg][3Pl]
ulimaaqiit	ulima-~(g₁)aqe[to.be.V.ing][to.regularly.or.repeatedly.V][V→V]-~i[SBJ.V-ed.something][V→V][V][Intr][Ind][3Pl]
ulimaaqiit	ulima-~(g₁)aqe[to.be.V.ing][to.regularly.or.repeatedly.V][V→V][V][Trns][Ind][3Pl][3Pl]
ulimaaqiit	ulima-~(g₁)aqe[to.be.V.ing][to.regularly.or.repeatedly.V][V→V][V][Trns][Ind][3Du][3Sg]
ulimaaqiit	ulimaagh-~–ke[to.have.as.one's.N(s)][N→V]-~i[SBJ.V-ed.something][V→V][V][Intr][Intrg][3Pl]
ulimaaqiit	ulimaagh-~–ke[to.have.as.one's.N(s)][N→V]-~i[SBJ.V-ed.something][V→V][V][Intr][Ind][3Pl]

aghenqigneghem	aghenqignegh[N][Rel][Unpd][Sg]

tungangakun	+?

saghumigneghan	saghumignegh[N][Rel][3SgPoss][SgPosd]
saghumigneghan	saghumignegh[N][Rel][3SgPoss][PlPosd]

tungangakun	+?

veghaghhiinaat	veghagh-–ghhagh*[dear.N][N→N]-~:(ng₁)u[to.be.N][N→V]-~i[SBJ.V-ed.something][V→V]-~i[SBJ.V-ed.something][V→V]-~i[SBJ.V-ed.something][V→V]-@₁~fna[in.order.to.V][intending.to.V][V→V][V][Intr][Intrg][3Pl]
veghaghhiinaat	veghagh-–ghhagh*[dear.N][N→N]-~:(ng₁)u[to.be.N][N→V]-~i[SBJ.V-ed.something][V→V]-~i[SBJ.V-ed.something][V→V]-@₁~fna[in.order.to.V][intending.to.V][V→V][V][Intr][Intrg][3Pl]
veghaghhiinaat	veghagh-–ghhagh*[dear.N][N→N]-~:(ng₁)u[to.be.N][N→V]-~i[SBJ.V-ed.something][V→V]-~i[SBJ.V-ed.something][V→V]-@₁~fna[in.order.to.V][intending.to.V][V→V][V][Intr][Ind][3Pl]
veghaghhiinaat	veghagh-–ghhagh*[dear.N][N→N]-~:(ng₁)u[to.be.N][N→V]-~i[SBJ.V-ed.something][V→V]-~i[SBJ.V-ed.something][V→V]-~:(u)te[to.V.for.or.with][to.cause.to.V.as.one.is.V-ing][to.V.toward.each.other][V→V]-@₁~fna[in.order.to.V][intending.to.V][V→V][V][Intr][Intrg][3Pl]
veghaghhiinaat	veghagh-–ghhagh*[dear.N][N→N]-~:(ng₁)u[to.be.N][N→V]-~i[SBJ.V-ed.something][V→V]-~i[SBJ.V-ed.something][V→V]-~:(u)te[SBJ.V-ed.something][V→V]-@₁~fna[in.order.to.V][intending.to.V][V→V][V][Intr][Intrg][3Pl]
veghaghhiinaat	veghagh-–ghhagh*[dear.N][N→N]-~:(ng₁)u[to.be.N][N→V]-~i[SBJ.V-ed.something][V→V]-@₁~fna[in.order.to.V][intending.to.V][V→V][V][Intr][Intrg][3Pl]
veghaghhiinaat	veghagh-–ghhagh*[dear.N][N→N]-~:(ng₁)u[to.be.N][N→V]-~i[SBJ.V-ed.something][V→V]-@₁~fna[in.order.to.V][intending.to.V][V→V][V][Intr][Ind][3Pl]
veghaghhiinaat	veghagh-–ghhagh*[dear.N][N→N]-~:(ng₁)u[to.be.N][N→V]-~i[SBJ.V-ed.something][V→V]-~:(u)te[to.V.for.or.with][to.cause.to.V.as.one.is.V-ing][to.V.toward.each.other][V→V]-@₁~fna[in.order.to.V][intending.to.V][V→V][V][Intr][Intrg][3Pl]
veghaghhiinaat	veghagh-–ghhagh*[dear.N][N→N]-~:(ng₁)u[to.be.N][N→V]-~i[SBJ.V-ed.something][V→V]-~:(u)te[to.V.for.or.with][to.cause.to.V.as.one.is.V-ing][to.V.toward.each.other][V→V]-@₁~fna[in.order.to.V][intending.to.V][V→V][V][Intr][Ind][3Pl]
veghaghhiinaat	veghagh-–ghhagh*[dear.N][N→N]-~:(ng₁)u[to.be.N][N→V]-~i[SBJ.V-ed.something][V→V]-~:(u)te[SBJ.V-ed.something][V→V]-@₁~fna[in.order.to.V][intending.to.V][V→V][V][Intr][Intrg][3Pl]
veghaghhiinaat	veghagh-–ghhagh*[dear.N][N→N]-~:(ng₁)u[to.be.N][N→V]-~i[SBJ.V-ed.something][V→V]-~:(u)te[SBJ.V-ed.something][V→V]-@₁~fna[in.order.to.V][intending.to.V][V→V][V][Intr][Ind][3Pl]

piiqiit	pi-~(g₁)aqe[to.be.V.ing][to.regularly.or.repeatedly.V][V→V]-~i[SBJ.V-ed.something][V→V][V][Intr][Intrg][3Pl]
piiqiit	pi-~(g₁)aqe[to.be.V.ing][to.regularly.or.repeatedly.V][V→V]-~i[SBJ.V-ed.something][V→V][V][Intr][Ind][3Pl]
piiqiit	pi-~(g₁)aqe[to.be.V.ing][to.regularly.or.repeatedly.V][V→V][V][Trns][Ind][3Pl][3Pl]
piiqiit	pi-~(g₁)aqe[to.be.V.ing][to.regularly.or.repeatedly.V][V→V][V][Trns][Ind][3Du][3Sg]
piiqiit	piigh-~–ke[to.have.as.one's.N(s)][N→V]-~i[SBJ.V-ed.something][V→V][V][Intr][Intrg][3Pl]
piiqiit	piigh-~–ke[to.have.as.one's.N(s)][N→V]-~i[SBJ.V-ed.something][V→V][V][Intr][Ind][3Pl]

asitmun	asit[N][Ter][Unpd][Sg]
asitmun	asitmun
asitmun	asitmute[N][Abs][Unpd][Sg]

tereghlukillu	+?

inglugtun	inglugtun
inglugtun	inglugtute[N][Abs][Unpd][Sg]

------------------------


------------------------
Enkaam aquutas taakut amalka piineqaqiit alii taakut quulqam tungaangakun taaggun asitmun ighighlluteng ayuqut slant-eluteng.

enkaam	enkaam

aquutas	+?

taakut	taake[V][Intr][Ind][3Pl]

amalka	amalka

piineqaqiit	piineqe-~(g₁)aqe[to.be.V.ing][to.regularly.or.repeatedly.V][V→V]-~i[SBJ.V-ed.something][V→V][V][Intr][Intrg][3Pl]
piineqaqiit	piineqe-~(g₁)aqe[to.be.V.ing][to.regularly.or.repeatedly.V][V→V]-~i[SBJ.V-ed.something][V→V][V][Intr][Ind][3Pl]
piineqaqiit	piineqe-~(g₁)aqe[to.be.V.ing][to.regularly.or.repeatedly.V][V→V][V][Trns][Ind][3Pl][3Pl]
piineqaqiit	piineqe-~(g₁)aqe[to.be.V.ing][to.regularly.or.repeatedly.V][V→V][V][Trns][Ind][3Du][3Sg]

alii	aligh-~:(ng₁)u[to.be.N][N→V]-~i[SBJ.V-ed.something][V→V]-~i[SBJ.V-ed.something][V→V]-~i[SBJ.V-ed.something][V→V]-~i[SBJ.V-ed.something][V→V]-~i[SBJ.V-ed.something][V→V][V][Intr][Opt][PRS][2Sg]
alii	aligh-~:(ng₁)u[to.be.N][N→V]-~i[SBJ.V-ed.something][V→V]-~i[SBJ.V-ed.something][V→V]-~i[SBJ.V-ed.something][V→V]-~i[SBJ.V-ed.something][V→V][V][Intr][Opt][PRS][2Sg]
alii	aligh-~:(ng₁)u[to.be.N][N→V]-~i[SBJ.V-ed.something][V→V]-~i[SBJ.V-ed.something][V→V]-~i[SBJ.V-ed.something][V→V][V][Intr][Opt][PRS][2Sg]
alii	aligh-~:(ng₁)u[to.be.N][N→V]-~i[SBJ.V-ed.something][V→V]-~i[SBJ.V-ed.something][V→V][V][Intr][Opt][PRS][2Sg]
alii	aligh-~:(ng₁)u[to.be.N][N→V]-~i[SBJ.V-ed.something][V→V][V][Intr][Opt][PRS][2Sg]
alii	aligh-~:(ng₁)u[to.be.N][N→V][V][Intr][Opt][PRS][2Sg]
alii	aligh[N][Abs][3SgPoss][SgPosd]
alii	aligh[N][Abs][3SgPoss][PlPosd]
alii	alugh-~:(ng₁)u[to.be.N][N→V]-~i[SBJ.V-ed.something][V→V]-~i[SBJ.V-ed.something][V→V]-~i[SBJ.V-ed.something][V→V]-~i[SBJ.V-ed.something][V→V]-~i[SBJ.V-ed.something][V→V][V][Intr][Opt][PRS][2Sg]
alii	alugh-~:(ng₁)u[to.be.N][N→V]-~i[SBJ.V-ed.something][V→V]-~i[SBJ.V-ed.something][V→V]-~i[SBJ.V-ed.something][V→V]-~i[SBJ.V-ed.something][V→V][V][Intr][Opt][PRS][2Sg]
alii	alugh-~:(ng₁)u[to.be.N][N→V]-~i[SBJ.V-ed.something][V→V]-~i[SBJ.V-ed.something][V→V]-~i[SBJ.V-ed.something][V→V][V][Intr][Opt][PRS][2Sg]
alii	alugh-~:(ng₁)u[to.be.N][N→V]-~i[SBJ.V-ed.something][V→V]-~i[SBJ.V-ed.something][V→V][V][Intr][Opt][PRS][2Sg]
alii	alugh-~:(ng₁)u[to.be.N][N→V]-~i[SBJ.V-ed.something][V→V][V][Intr][Opt][PRS][2Sg]
alii	alugh[N][Abs][3SgPoss][PlPosd]

taakut	taake[V][Intr][Ind][3Pl]

quulqam	+?

tungaangakun	+?

taaggun	+?

asitmun	asit[N][Ter][Unpd][Sg]
asitmun	asitmun
asitmun	asitmute[N][Abs][Unpd][Sg]

ighighlluteng	+?

ayuqut	ayuqe[V][Intr][Ind][3Pl]

slanteluteng	+?

------------------------
Qulighneghillu taakut mingughhaqiit.

qulighneghillu	qulighnegh[N][Abs][3SgPoss][PlPosd]-llu[Encl]

taakut	taake[V][Intr][Ind][3Pl]

mingughhaqiit	+?

------------------------
Enkaam tagneqegtepigtaqut, kinengllaghaqiit.

enkaam	enkaam

tagneqegtepigtaqut	tagneqegte-–pigte[to.be.very.V][to.V.very.much][V→V]-~(g₁)aqe[to.be.V.ing][to.regularly.or.repeatedly.V][V→V][V][Intr][Ind][3Pl]

kinengllaghaqiit	+?

------------------------


------------------------
Taawa aghveghem taana uyvasaghqellgha apeghiighaquq taaqaquq.

taawa	taawa

aghveghem	aghvegh[N][Rel][Unpd][Sg]

taana	taane[V][Intr][Intrg][3Sg]
taana	taana

uyvasaghqellgha	+?

apeghiighaquq	apeghiigh-~(g₁)aqe[to.be.V.ing][to.regularly.or.repeatedly.V][V→V][V][Intr][Ind][3Sg]

taaqaquq	taaqe-~(g₁)aqe[to.be.V.ing][to.regularly.or.repeatedly.V][V→V][V][Intr][Ind][3Sg]

------------------------
Alla angyaghyaghqaaghtaqut.

alla	alla
alla	alla[N][Abs][Unpd][Sg]

angyaghyaghqaaghtaqut	+?

------------------------
Angyaghtughluuteng ayveghniiq piluku.

angyaghtughluuteng	+?

ayveghniiq	+?

piluku	pi-~:(u)te[to.V.for.or.with][to.cause.to.V.as.one.is.V-ing][to.V.toward.each.other][V→V][V][Trns][Sbrd][_][3Sg]
piluku	pi[V][Trns][Sbrd][_][3Sg]

------------------------
Ilangillu aghvengaqelghiit ama tawaten uyvasaghqegkayuget ellmeng pilleghmegestun uyvasaghqegkayuget.

ilangillu	ila[N][Abs][3SgPoss][PlPosd]-llu[Encl]

aghvengaqelghiit	aghvenge-~(g₁)aqe[to.be.V.ing][to.regularly.or.repeatedly.V][V→V]-@₁–lghii[the.one.that.V-ed][the.one.that.is.V][V→N][N][Abs][Unpd][Pl]
aghvengaqelghiit	aghvenge-~(g₁)aqe[to.be.V.ing][to.regularly.or.repeatedly.V][V→V]-@₁–lghii[the.one.that.V-ed][the.one.that.is.V][V→N][N][Rel][Unpd][Pl]
aghvengaqelghiit	aghvenge-~(g₁)aqe[to.be.V.ing][to.regularly.or.repeatedly.V][V→V][V][Intr][Ptcp][3Pl]

ama	ama

tawaten	tawaten

uyvasaghqegkayuget	+?

ellmeng	ellmeng
ellmeng	ellmeng[N][Abs][Unpd][Sg]

pilleghmegestun	+?

uyvasaghqegkayuget	+?

------------------------
Tawaten ama veghii siqlugaghmikayugit.

tawaten	tawaten

ama	ama

veghii	veghagh-~:(ng₁)u[to.be.N][N→V]-~i[SBJ.V-ed.something][V→V]-~i[SBJ.V-ed.something][V→V]-~i[SBJ.V-ed.something][V→V]-~i[SBJ.V-ed.something][V→V]-~i[SBJ.V-ed.something][V→V][V][Intr][Opt][PRS][2Sg]
veghii	veghagh-~:(ng₁)u[to.be.N][N→V]-~i[SBJ.V-ed.something][V→V]-~i[SBJ.V-ed.something][V→V]-~i[SBJ.V-ed.something][V→V]-~i[SBJ.V-ed.something][V→V][V][Intr][Opt][PRS][2Sg]
veghii	veghagh-~:(ng₁)u[to.be.N][N→V]-~i[SBJ.V-ed.something][V→V]-~i[SBJ.V-ed.something][V→V]-~i[SBJ.V-ed.something][V→V][V][Intr][Opt][PRS][2Sg]
veghii	veghagh-~:(ng₁)u[to.be.N][N→V]-~i[SBJ.V-ed.something][V→V]-~i[SBJ.V-ed.something][V→V][V][Intr][Opt][PRS][2Sg]
veghii	veghagh-~:(ng₁)u[to.be.N][N→V]-~i[SBJ.V-ed.something][V→V][V][Intr][Opt][PRS][2Sg]
veghii	veghagh[N][Abs][3SgPoss][PlPosd]

siqlugaghmikayugit	+?

------------------------


------------------------
Enkaam samun angyaghtumun lliighaqus taawa.

enkaam	enkaam

samun	sa[N][Ter][Unpd][Sg]

angyaghtumun	+?

lliighaqus	+?

taawa	taawa

------------------------
