SIVUQAM UNGIIPAA

sivuqam	Sivuqagh[N][Rel][Unpd][Sg]

ungiipaa	+?

------------------------
Akulkim Apellgha

akulkim	+?

apellgha	+?

------------------------


------------------------
Akuwaaq Qayiilleghtaqngamta, taamum ilangan aatghi liitaput.

akuwaaq	+?

qayiilleghtaqngamta	+?

taamum	+?

ilangan	ila[N][Rel][3SgPoss][SgPosd]
ilangan	ila[N][Rel][3SgPoss][PlPosd]
ilangan	ila[V][Intr][CnsqI][3Sg]

aatghi	ategh-~i[SBJ.V-ed.something][V→V][V][Intr][Opt][PRS][2Sg]
aatghi	ategh[N][Abs][3SgPoss][PlPosd]
aatghi	ategh[V][Intr][Opt][PRS][2Sg]
aatghi	Ategh[N][Abs][3SgPoss][PlPosd]

liitaput	liite[V][Trns][Ind][1Pl][3Sg]
liitaput	liite[V][Trns][Ind][1Pl][3Pl]

------------------------
Kinkungutangi taamani kiyaghtekat ayumiq liitaput.

kinkungutangi	kinku-~:(ng₁)u[to.be.N][N→V]-~:(u)ta[condition.with.respect.to.V-ing][V→N][N][Abs][3SgPoss][PlPosd]

taamani	+?

kiyaghtekat	+?

ayumiq	ayumigh*[N][Abs][Unpd][Sg]

liitaput	liite[V][Trns][Ind][1Pl][3Sg]
liitaput	liite[V][Trns][Ind][1Pl][3Pl]

------------------------


------------------------
Ukut igat pillghitni, ayumirugllaak sangwaa 11,000 ayumiqulleq, uukna Alaska salin ugpeqelleghmeggni quutnguluku pamavek.

ukut	ukut
ukut	ukut[N][Abs][Unpd][Sg]

igat	igagh[N][Abs][Unpd][Pl]
igat	igagh[N][Rel][Unpd][Pl]

pillghitni	+?

ayumirugllaak	+?

sangwaa	sa-~:(ng₁)u[to.be.N][N→V][V][Intr][Intrg][3Sg]
sangwaa	sangwaa[N][Abs][Unpd][Sg]

11000	+?

ayumiqulleq	ayumiqullegh[N][Abs][Unpd][Sg]

uukna	uukna
uukna	uukna[N][Abs][Unpd][Sg]

alaska	+?

salin	salin
salin	salite[N][Abs][Unpd][Sg]

ugpeqelleghmeggni	+?

quutnguluku	+?

pamavek	pamavek

------------------------
Sivuliit kiyaghtekat, ukani Alaska-mi, kiyaghtekaalghiit esnemillu, qungevanillu pagani. 

sivuliit	sivuligh*[N][Abs][Unpd][Pl]
sivuliit	sivuligh*[N][Abs][3PlPoss][SgPosd]
sivuliit	sivuligh*[N][Abs][3PlPoss][PlPosd]
sivuliit	sivuligh*[N][Rel][Unpd][Pl]

kiyaghtekat	+?

ukani	uka[N][Abs][4SgPoss][SgPosd]
ukani	uka[N][Abs][4SgPoss][PlPosd]
ukani	uka[N][Loc][Unpd][Pl]
ukani	ukani

alaskami	+?

kiyaghtekaalghiit	kiyaghte-@₂~fkau[to.have.V-ed][to.have.been.V-ed][V→V]-@₁–lghii[the.one.that.V-ed][the.one.that.is.V][V→N][N][Abs][Unpd][Pl]
kiyaghtekaalghiit	kiyaghte-@₂~fkau[to.have.V-ed][to.have.been.V-ed][V→V]-@₁–lghii[the.one.that.V-ed][the.one.that.is.V][V→N][N][Rel][Unpd][Pl]
kiyaghtekaalghiit	kiyaghte-@₂~fkau[to.have.V-ed][to.have.been.V-ed][V→V][V][Intr][Ptcp][3Pl]

esnemillu	esne[N][Loc][Unpd][Sg]-llu[Encl]
esnemillu	esne[N][Rel][4SgPoss][PlPosd]-llu[Encl]
esnemillu	esne[N][Rel][4SgPoss][SgPosd]-llu[Encl]

qungevanillu	qungevagh[N][Abs][4SgPoss][SgPosd]-llu[Encl]
qungevanillu	qungevagh[N][Abs][4SgPoss][PlPosd]-llu[Encl]
qungevanillu	qungevagh[N][Loc][Unpd][Pl]-llu[Encl]

pagani	pagani

------------------------
Iqallugmeng, teghikusameng neqekluteng.

iqallugmeng	iqallug[N][Abl_Mod][Unpd][Sg]
iqallugmeng	iqallug[N][Rel][4DuPoss][PlPosd]
iqallugmeng	iqallug[N][Rel][4DuPoss][SgPosd]
iqallugmeng	iqallug[N][Rel][4PlPoss][PlPosd]
iqallugmeng	iqallug[N][Rel][4PlPoss][SgPosd]

teghikusameng	teghig-~–ke[to.have.as.one's.N(s)][N→V]-~:(u)te[to.V.for.or.with][to.cause.to.V.as.one.is.V-ing][to.V.toward.each.other][V→V]-te[to.act.on.so.as.to.cause.to.V][V→V]-te[to.act.on.so.as.to.cause.to.V][V→V][V][Intr][CnsqI][4Pl]
teghikusameng	teghig-~–ke[to.have.as.one's.N(s)][N→V]-~:(u)te[to.V.for.or.with][to.cause.to.V.as.one.is.V-ing][to.V.toward.each.other][V→V]-te[to.act.on.so.as.to.cause.to.V][V→V][V][Intr][CnsqI][4Pl]
teghikusameng	teghig-~–ke[to.have.as.one's.N(s)][N→V]-~:(u)te[to.V.for.or.with][to.cause.to.V.as.one.is.V-ing][to.V.toward.each.other][V→V][V][Intr][CnsqI][4Pl]
teghikusameng	teghig-~–ke[to.have.as.one's.N(s)][N→V]-~:(u)te[condition.with.respect.to.V-ing][V→N]-te[to.catch.N][to.go.to.N][N→V]-te[to.act.on.so.as.to.cause.to.V][V→V][V][Intr][CnsqI][4Pl]
teghikusameng	teghig-~–ke[to.have.as.one's.N(s)][N→V]-~:(u)te[condition.with.respect.to.V-ing][V→N]-te[to.catch.N][to.go.to.N][N→V][V][Intr][CnsqI][4Pl]
teghikusameng	teghig-~–ke[to.have.as.one's.N(s)][N→V]-~:(u)te[SBJ.V-ed.something][V→V]-te[to.act.on.so.as.to.cause.to.V][V→V]-te[to.act.on.so.as.to.cause.to.V][V→V][V][Intr][CnsqI][4Pl]
teghikusameng	teghig-~–ke[to.have.as.one's.N(s)][N→V]-~:(u)te[SBJ.V-ed.something][V→V]-te[to.act.on.so.as.to.cause.to.V][V→V][V][Intr][CnsqI][4Pl]
teghikusameng	teghig-~–ke[to.have.as.one's.N(s)][N→V]-~:(u)te[SBJ.V-ed.something][V→V][V][Intr][CnsqI][4Pl]
teghikusameng	teghikusagh[N][Abl_Mod][Unpd][Sg]
teghikusameng	teghikusagh[N][Rel][4DuPoss][PlPosd]
teghikusameng	teghikusagh[N][Rel][4DuPoss][SgPosd]
teghikusameng	teghikusagh[N][Rel][4PlPoss][PlPosd]
teghikusameng	teghikusagh[N][Rel][4PlPoss][SgPosd]

neqekluteng	+?

------------------------


------------------------
Scientist-tet ugpeqellghitni Onion Portage-en'nguq 10,500 uksughtutkaaq.

scientisttet	+?

ugpeqellghitni	+?

onion	+?

portageennguq	+?

10500	+?

uksughtutkaaq	uksughte-~:(u)te[to.V.for.or.with][to.cause.to.V.as.one.is.V-ing][to.V.toward.each.other][V→V]-@₂~fkau[to.have.V-ed][to.have.been.V-ed][V→V]-~faagh[one.who.keeps.on.V-ing][AUG]
uksughtutkaaq	uksughte-~:(u)te[condition.with.respect.to.V-ing][V→N]-~–ke[to.have.as.one's.N(s)][N→V]-~faagh[one.who.keeps.on.V-ing][AUG]
uksughtutkaaq	uksughte-~:(u)te[SBJ.V-ed.something][V→V]-@₂~fkau[to.have.V-ed][to.have.been.V-ed][V→V]-~faagh[one.who.keeps.on.V-ing][AUG]
uksughtutkaaq	uksugh-te[to.act.on.so.as.to.cause.to.V][V→V]-~:(u)te[to.V.for.or.with][to.cause.to.V.as.one.is.V-ing][to.V.toward.each.other][V→V]-@₂~fkau[to.have.V-ed][to.have.been.V-ed][V→V]-~faagh[one.who.keeps.on.V-ing][AUG]
uksughtutkaaq	uksugh-te[to.act.on.so.as.to.cause.to.V][V→V]-~:(u)te[condition.with.respect.to.V-ing][V→N]-~–ke[to.have.as.one's.N(s)][N→V]-~faagh[one.who.keeps.on.V-ing][AUG]
uksughtutkaaq	uksugh-te[to.act.on.so.as.to.cause.to.V][V→V]-~:(u)te[SBJ.V-ed.something][V→V]-@₂~fkau[to.have.V-ed][to.have.been.V-ed][V→V]-~faagh[one.who.keeps.on.V-ing][AUG]

------------------------
Ayumightaghllaguuq.

ayumightaghllaguuq	ayumightagh-–ghllag[big.N][N→N]-~:(ng₁)u[to.be.N][N→V][V][Intr][Ind][3Sg]

------------------------
Whani igani whaa ilangillu aatghi:

whani	wha[N][Abs][4SgPoss][SgPosd]
whani	wha[N][Abs][4SgPoss][PlPosd]
whani	wha[N][Loc][Unpd][Pl]
whani	whani
whani	whani[N][Abs][Unpd][Sg]

igani	igagh[N][Abs][4SgPoss][SgPosd]
igani	igagh[N][Abs][4SgPoss][PlPosd]
igani	igagh[N][Loc][Unpd][Pl]

whaa	whaa
whaa	whaa[N][Abs][Unpd][Sg]

ilangillu	ila[N][Abs][3SgPoss][PlPosd]-llu[Encl]

aatghi	ategh-~i[SBJ.V-ed.something][V→V][V][Intr][Opt][PRS][2Sg]
aatghi	ategh[N][Abs][3SgPoss][PlPosd]
aatghi	ategh[V][Intr][Opt][PRS][2Sg]
aatghi	Ategh[N][Abs][3SgPoss][PlPosd]

------------------------
Tangle Lake, Healy Lake, taanallu Kukulek, maanlenguq qiighqami, taawanginaq kiwanlenguq Sivungami.

tangle	+?

lake	+?

healy	+?

lake	+?

taanallu	+?

kukulek	Kukuleg[N][Abs][Unpd][Sg]

maanlenguq	+?

qiighqami	Qiighqagh[N][Loc][Unpd][Sg]
qiighqami	Qiighqagh[N][Rel][4SgPoss][PlPosd]
qiighqami	Qiighqagh[N][Rel][4SgPoss][SgPosd]
qiighqami	qiighqagh[N][Loc][Unpd][Sg]
qiighqami	qiighqagh[N][Rel][4SgPoss][PlPosd]
qiighqami	qiighqagh[N][Rel][4SgPoss][SgPosd]

taawanginaq	taawanginaq

kiwanlenguq	+?

sivungami	+?

------------------------
Taanata Geist-am, archeologist-em, University-nganun Alaska-m, iigfikegkaa mangteghangllaghluteng aangelghiimeng.

taanata	+?

geistam	+?

archeologistem	+?

universitynganun	+?

alaskam	+?

iigfikegkaa	+?

mangteghangllaghluteng	mangteghagh-–ngllagh[to.make.N][N→V][V][Intr][Sbrd][3Pl]

aangelghiimeng	aange-@₁–lghii[the.one.that.V-ed][the.one.that.is.V][V→N][N][Abl_Mod][Unpd][Sg]
aangelghiimeng	aange-@₁–lghii[the.one.that.V-ed][the.one.that.is.V][V→N][N][Rel][4DuPoss][PlPosd]
aangelghiimeng	aange-@₁–lghii[the.one.that.V-ed][the.one.that.is.V][V→N][N][Rel][4DuPoss][SgPosd]
aangelghiimeng	aange-@₁–lghii[the.one.that.V-ed][the.one.that.is.V][V→N][N][Rel][4PlPoss][PlPosd]
aangelghiimeng	aange-@₁–lghii[the.one.that.V-ed][the.one.that.is.V][V→N][N][Rel][4PlPoss][SgPosd]

------------------------
Qepghaqaaguq tawani uglalghii ayumiqulleq.

qepghaqaaguq	qepghagh-~sf–(g₃)kau[to.have.V-ed][to.have.been.V-ed][V→V][V][Intr][Ind][3Sg]
qepghaqaaguq	qepghaqagh-~:(ng₁)u[to.be.N][N→V][V][Intr][Ind][3Sg]

tawani	tawani
tawani	tawani[N][Abs][Unpd][Sg]

uglalghii	uglagh-@₁–lghii[the.one.that.V-ed][the.one.that.is.V][V→N][N][Abs][Unpd][Sg]

ayumiqulleq	ayumiqullegh[N][Abs][Unpd][Sg]

------------------------


------------------------
Iiglluteng liigikegkaat yuget kiyaghtekaaniluki 10,000 ayumiqulleq.

iiglluteng	iigge-te[to.act.on.so.as.to.cause.to.V][V→V][V][Intr][Sbrd][3Pl]
iiglluteng	iigge-te[to.catch.N][to.go.to.N][N→V][V][Intr][Sbrd][3Pl]

liigikegkaat	+?

yuget	yu(u)g[N][Abs][Unpd][Pl]
yuget	yu(u)g[N][Rel][Unpd][Pl]
yuget	yug[N][Abs][Unpd][Pl]
yuget	yug[N][Rel][Unpd][Pl]

kiyaghtekaaniluki	kiyaghte-@₂~fkau[to.have.V-ed][to.have.been.V-ed][V→V]-@₁~fni[to.say.that.one.is.V-ing][Cmpd_Vbl]-~:(u)te[to.V.for.or.with][to.cause.to.V.as.one.is.V-ing][to.V.toward.each.other][V→V][V][Trns][Sbrd][_][3Pl]
kiyaghtekaaniluki	kiyaghte-@₂~fkau[to.have.V-ed][to.have.been.V-ed][V→V]-@₁~fni[to.say.that.one.is.V-ing][Cmpd_Vbl][V][Trns][Sbrd][_][3Pl]
kiyaghtekaaniluki	kiyaghte-@₂~fkau[to.have.V-ed][to.have.been.V-ed][V→V]-~:(u)te[to.V.for.or.with][to.cause.to.V.as.one.is.V-ing][to.V.toward.each.other][V→V]-@₁~fni[to.say.that.one.is.V-ing][Cmpd_Vbl]-~:(u)te[to.V.for.or.with][to.cause.to.V.as.one.is.V-ing][to.V.toward.each.other][V→V][V][Trns][Sbrd][_][3Pl]
kiyaghtekaaniluki	kiyaghte-@₂~fkau[to.have.V-ed][to.have.been.V-ed][V→V]-~:(u)te[to.V.for.or.with][to.cause.to.V.as.one.is.V-ing][to.V.toward.each.other][V→V]-@₁~fni[to.say.that.one.is.V-ing][Cmpd_Vbl][V][Trns][Sbrd][_][3Pl]
kiyaghtekaaniluki	kiyaghte-@₂~fkau[to.have.V-ed][to.have.been.V-ed][V→V]-~:(u)te[SBJ.V-ed.something][V→V]-@₁~fni[to.say.that.one.is.V-ing][Cmpd_Vbl]-~:(u)te[to.V.for.or.with][to.cause.to.V.as.one.is.V-ing][to.V.toward.each.other][V→V][V][Trns][Sbrd][_][3Pl]
kiyaghtekaaniluki	kiyaghte-@₂~fkau[to.have.V-ed][to.have.been.V-ed][V→V]-~:(u)te[SBJ.V-ed.something][V→V]-@₁~fni[to.say.that.one.is.V-ing][Cmpd_Vbl][V][Trns][Sbrd][_][3Pl]

10000	+?

ayumiqulleq	ayumiqullegh[N][Abs][Unpd][Sg]

------------------------
Entagun 100 years-ngughtuq paaghqiitutmineng.

entagun	+?

100	+?

yearsngughtuq	+?

paaghqiitutmineng	paagh-@₂~fkau[to.have.V-ed][to.have.been.V-ed][V→V]-~i[SBJ.V-ed.something][V→V]-~i[SBJ.V-ed.something][V→V]-~i[SBJ.V-ed.something][V→V]-~i[SBJ.V-ed.something][V→V]-te[to.act.on.so.as.to.cause.to.V][V→V]-~:(u)te[condition.with.respect.to.V-ing][V→N][N][Abl_Mod][4SgPoss][PlPosd]
paaghqiitutmineng	paagh-@₂~fkau[to.have.V-ed][to.have.been.V-ed][V→V]-~i[SBJ.V-ed.something][V→V]-~i[SBJ.V-ed.something][V→V]-~i[SBJ.V-ed.something][V→V]-~i[SBJ.V-ed.something][V→V]-te[to.act.on.so.as.to.cause.to.V][V→V]-~:(u)te[condition.with.respect.to.V-ing][V→N][N][Abl_Mod][4SgPoss][SgPosd]
paaghqiitutmineng	paagh-@₂~fkau[to.have.V-ed][to.have.been.V-ed][V→V]-~i[SBJ.V-ed.something][V→V]-~i[SBJ.V-ed.something][V→V]-~i[SBJ.V-ed.something][V→V]-~:(u)te[to.V.for.or.with][to.cause.to.V.as.one.is.V-ing][to.V.toward.each.other][V→V]-~:(u)te[condition.with.respect.to.V-ing][V→N][N][Abl_Mod][4SgPoss][PlPosd]
paaghqiitutmineng	paagh-@₂~fkau[to.have.V-ed][to.have.been.V-ed][V→V]-~i[SBJ.V-ed.something][V→V]-~i[SBJ.V-ed.something][V→V]-~i[SBJ.V-ed.something][V→V]-~:(u)te[to.V.for.or.with][to.cause.to.V.as.one.is.V-ing][to.V.toward.each.other][V→V]-~:(u)te[condition.with.respect.to.V-ing][V→N][N][Abl_Mod][4SgPoss][SgPosd]
paaghqiitutmineng	paagh-@₂~fkau[to.have.V-ed][to.have.been.V-ed][V→V]-~i[SBJ.V-ed.something][V→V]-~i[SBJ.V-ed.something][V→V]-~i[SBJ.V-ed.something][V→V]-~:(u)te[SBJ.V-ed.something][V→V]-~:(u)te[condition.with.respect.to.V-ing][V→N][N][Abl_Mod][4SgPoss][PlPosd]
paaghqiitutmineng	paagh-@₂~fkau[to.have.V-ed][to.have.been.V-ed][V→V]-~i[SBJ.V-ed.something][V→V]-~i[SBJ.V-ed.something][V→V]-~i[SBJ.V-ed.something][V→V]-~:(u)te[SBJ.V-ed.something][V→V]-~:(u)te[condition.with.respect.to.V-ing][V→N][N][Abl_Mod][4SgPoss][SgPosd]
paaghqiitutmineng	paagh-@₂~fkau[to.have.V-ed][to.have.been.V-ed][V→V]-~i[SBJ.V-ed.something][V→V]-~i[SBJ.V-ed.something][V→V]-~i[SBJ.V-ed.something][V→V]-te[to.act.on.so.as.to.cause.to.V][V→V]-~:(u)te[condition.with.respect.to.V-ing][V→N][N][Abl_Mod][4SgPoss][PlPosd]
paaghqiitutmineng	paagh-@₂~fkau[to.have.V-ed][to.have.been.V-ed][V→V]-~i[SBJ.V-ed.something][V→V]-~i[SBJ.V-ed.something][V→V]-~i[SBJ.V-ed.something][V→V]-te[to.act.on.so.as.to.cause.to.V][V→V]-~:(u)te[condition.with.respect.to.V-ing][V→N][N][Abl_Mod][4SgPoss][SgPosd]
paaghqiitutmineng	paagh-@₂~fkau[to.have.V-ed][to.have.been.V-ed][V→V]-~i[SBJ.V-ed.something][V→V]-~i[SBJ.V-ed.something][V→V]-~:(u)te[to.V.for.or.with][to.cause.to.V.as.one.is.V-ing][to.V.toward.each.other][V→V]-~:(u)te[condition.with.respect.to.V-ing][V→N][N][Abl_Mod][4SgPoss][PlPosd]
paaghqiitutmineng	paagh-@₂~fkau[to.have.V-ed][to.have.been.V-ed][V→V]-~i[SBJ.V-ed.something][V→V]-~i[SBJ.V-ed.something][V→V]-~:(u)te[to.V.for.or.with][to.cause.to.V.as.one.is.V-ing][to.V.toward.each.other][V→V]-~:(u)te[condition.with.respect.to.V-ing][V→N][N][Abl_Mod][4SgPoss][SgPosd]
paaghqiitutmineng	paagh-@₂~fkau[to.have.V-ed][to.have.been.V-ed][V→V]-~i[SBJ.V-ed.something][V→V]-~i[SBJ.V-ed.something][V→V]-~:(u)te[SBJ.V-ed.something][V→V]-~:(u)te[condition.with.respect.to.V-ing][V→N][N][Abl_Mod][4SgPoss][PlPosd]
paaghqiitutmineng	paagh-@₂~fkau[to.have.V-ed][to.have.been.V-ed][V→V]-~i[SBJ.V-ed.something][V→V]-~i[SBJ.V-ed.something][V→V]-~:(u)te[SBJ.V-ed.something][V→V]-~:(u)te[condition.with.respect.to.V-ing][V→N][N][Abl_Mod][4SgPoss][SgPosd]
paaghqiitutmineng	paagh-@₂~fkau[to.have.V-ed][to.have.been.V-ed][V→V]-~i[SBJ.V-ed.something][V→V]-~i[SBJ.V-ed.something][V→V]-te[to.act.on.so.as.to.cause.to.V][V→V]-~:(u)te[condition.with.respect.to.V-ing][V→N][N][Abl_Mod][4SgPoss][PlPosd]
paaghqiitutmineng	paagh-@₂~fkau[to.have.V-ed][to.have.been.V-ed][V→V]-~i[SBJ.V-ed.something][V→V]-~i[SBJ.V-ed.something][V→V]-te[to.act.on.so.as.to.cause.to.V][V→V]-~:(u)te[condition.with.respect.to.V-ing][V→N][N][Abl_Mod][4SgPoss][SgPosd]
paaghqiitutmineng	paagh-@₂~fkau[to.have.V-ed][to.have.been.V-ed][V→V]-~i[SBJ.V-ed.something][V→V]-~:(u)te[to.V.for.or.with][to.cause.to.V.as.one.is.V-ing][to.V.toward.each.other][V→V]-~:(u)te[condition.with.respect.to.V-ing][V→N][N][Abl_Mod][4SgPoss][PlPosd]
paaghqiitutmineng	paagh-@₂~fkau[to.have.V-ed][to.have.been.V-ed][V→V]-~i[SBJ.V-ed.something][V→V]-~:(u)te[to.V.for.or.with][to.cause.to.V.as.one.is.V-ing][to.V.toward.each.other][V→V]-~:(u)te[condition.with.respect.to.V-ing][V→N][N][Abl_Mod][4SgPoss][SgPosd]
paaghqiitutmineng	paagh-@₂~fkau[to.have.V-ed][to.have.been.V-ed][V→V]-~i[SBJ.V-ed.something][V→V]-~:(u)te[SBJ.V-ed.something][V→V]-~:(u)te[condition.with.respect.to.V-ing][V→N][N][Abl_Mod][4SgPoss][PlPosd]
paaghqiitutmineng	paagh-@₂~fkau[to.have.V-ed][to.have.been.V-ed][V→V]-~i[SBJ.V-ed.something][V→V]-~:(u)te[SBJ.V-ed.something][V→V]-~:(u)te[condition.with.respect.to.V-ing][V→N][N][Abl_Mod][4SgPoss][SgPosd]
paaghqiitutmineng	paagh-@₂~fkau[to.have.V-ed][to.have.been.V-ed][V→V]-~i[SBJ.V-ed.something][V→V]-te[to.act.on.so.as.to.cause.to.V][V→V]-~:(u)te[condition.with.respect.to.V-ing][V→N][N][Abl_Mod][4SgPoss][PlPosd]
paaghqiitutmineng	paagh-@₂~fkau[to.have.V-ed][to.have.been.V-ed][V→V]-~i[SBJ.V-ed.something][V→V]-te[to.act.on.so.as.to.cause.to.V][V→V]-~:(u)te[condition.with.respect.to.V-ing][V→N][N][Abl_Mod][4SgPoss][SgPosd]

------------------------
Ipanguuq whangamnillu.

ipanguuq	+?

whangamnillu	+?

------------------------


------------------------
Taam Kukulgem angtalnga aapghumakangat; 800 feet tagtalnga, 140 feet iqetulnga.

taam	+?

kukulgem	Kukuleg[N][Rel][Unpd][Sg]

angtalnga	+?

aapghumakangat	apegh-@₁~:(i/u)ma[to.have.V-ed][to.have.been.V-ed][V→V]-@*@₂~sf–(g₂)k(a)e[the.one.that.possessor.V-ed][V→N][N][Abs][3PlPoss][SgPosd]
aapghumakangat	apegh-@₁~:(i/u)ma[to.have.V-ed][to.have.been.V-ed][V→V][V][Trns][Ptcp][3Pl][3Sg]

800	+?

feet	+?

tagtalnga	+?

140	+?

feet	+?

iqetulnga	+?

------------------------
Tawaten angkaniluku aapqaat.

tawaten	tawaten

angkaniluku	angka-@₁~fni[to.say.that.one.is.V-ing][Cmpd_Vbl]-~:(u)te[to.V.for.or.with][to.cause.to.V.as.one.is.V-ing][to.V.toward.each.other][V→V][V][Trns][Sbrd][_][3Sg]
angkaniluku	angka-@₁~fni[to.say.that.one.is.V-ing][Cmpd_Vbl][V][Trns][Sbrd][_][3Sg]
angkaniluku	angka-~:(u)te[to.V.for.or.with][to.cause.to.V.as.one.is.V-ing][to.V.toward.each.other][V→V]-@₁~fni[to.say.that.one.is.V-ing][Cmpd_Vbl]-~:(u)te[to.V.for.or.with][to.cause.to.V.as.one.is.V-ing][to.V.toward.each.other][V→V][V][Trns][Sbrd][_][3Sg]
angkaniluku	angka-~:(u)te[to.V.for.or.with][to.cause.to.V.as.one.is.V-ing][to.V.toward.each.other][V→V]-@₁~fni[to.say.that.one.is.V-ing][Cmpd_Vbl][V][Trns][Sbrd][_][3Sg]
angkaniluku	angka-~:(u)te[SBJ.V-ed.something][V→V]-@₁~fni[to.say.that.one.is.V-ing][Cmpd_Vbl]-~:(u)te[to.V.for.or.with][to.cause.to.V.as.one.is.V-ing][to.V.toward.each.other][V→V][V][Trns][Sbrd][_][3Sg]
angkaniluku	angka-~:(u)te[SBJ.V-ed.something][V→V]-@₁~fni[to.say.that.one.is.V-ing][Cmpd_Vbl][V][Trns][Sbrd][_][3Sg]

aapqaat	+?

------------------------
Asivanun samavek laakaat esghaghnaluku naten aghyuqaghtulnga.

asivanun	asivagh[N][Ter][Unpd][Pl]

samavek	samavek

laakaat	+?

esghaghnaluku	esghagh-@₁~fna[in.order.to.V][intending.to.V][V→V]-~:(u)te[to.V.for.or.with][to.cause.to.V.as.one.is.V-ing][to.V.toward.each.other][V→V][V][Trns][Sbrd][_][3Sg]
esghaghnaluku	esghagh-@₁~fna[in.order.to.V][intending.to.V][V→V][V][Trns][Sbrd][_][3Sg]

naten	na-~:(u)te[to.V.for.or.with][to.cause.to.V.as.one.is.V-ing][to.V.toward.each.other][V→V][V][Intr][Opt][PRS][2Sg]
naten	na-~:(u)te[condition.with.respect.to.V-ing][V→N][N][Abs][2SgPoss][SgPosd]
naten	na-~:(u)te[SBJ.V-ed.something][V→V][V][Intr][Opt][PRS][2Sg]
naten	naten
naten	na-te[to.act.on.so.as.to.cause.to.V][V→V][V][Intr][Opt][PRS][2Sg]

aghyuqaghtulnga	+?

------------------------
Nalkusaaqat elngaatall tawani.

nalkusaaqat	+?

elngaatall	elngaatall

tawani	tawani
tawani	tawani[N][Abs][Unpd][Sg]

------------------------


------------------------
aatemeng kenlanga tazimavek, 200 ayumiqulleq.

aatemeng	+?

kenlanga	kenle[V][Trns][Intrg][3Sg][1Sg]
kenlanga	kenlanga
kenlanga	kenlanga[N][Abs][Unpd][Sg]

tazimavek	+?

200	+?

ayumiqulleq	ayumiqullegh[N][Abs][Unpd][Sg]

------------------------
Ilangi naalkutaaghit liigiknayaghanka natetulangi, naken tagikaatangi.

ilangi	ila[N][Abs][3SgPoss][PlPosd]

naalkutaaghit	naalkutaagh[N][Abs][3PlPoss][PlPosd]

liigiknayaghanka	liigike-te[to.act.on.so.as.to.cause.to.V][V→V]-@₁~fna[in.order.to.V][intending.to.V][V→V]-@₁~fyagh[to.go.V-ing][to.V.in.vain][V→V][V][Trns][Ind][1Sg][3Pl]
liigiknayaghanka	liigike-te[to.act.on.so.as.to.cause.to.V][V→V]-@₁~fna[in.order.to.V][intending.to.V][V→V]-~:(u)te[to.V.for.or.with][to.cause.to.V.as.one.is.V-ing][to.V.toward.each.other][V→V]-@₁~fyagh[to.go.V-ing][to.V.in.vain][V→V][V][Trns][Ind][1Sg][3Pl]
liigiknayaghanka	liigike-@₁~fna[in.order.to.V][intending.to.V][V→V]-@₁~fyagh[to.go.V-ing][to.V.in.vain][V→V][V][Trns][Ind][1Sg][3Pl]
liigiknayaghanka	liigike-@₁~fna[in.order.to.V][intending.to.V][V→V]-~:(u)te[to.V.for.or.with][to.cause.to.V.as.one.is.V-ing][to.V.toward.each.other][V→V]-@₁~fyagh[to.go.V-ing][to.V.in.vain][V→V][V][Trns][Ind][1Sg][3Pl]

natetulangi	+?

naken	na-@*@₂~sf–(g₂)k(a)e[the.one.that.possessor.V-ed][V→N][N][Abs][2SgPoss][SgPosd]
naken	na[V][Trns][Ptcp][2Sg][3Sg]
naken	naken
naken	nakete[N][Abs][Unpd][Sg]

tagikaatangi	tagi-~sf–(g₃)kau[to.have.V-ed][to.have.been.V-ed][V→V]-~:(u)ta[condition.with.respect.to.V-ing][V→N][N][Abs][3SgPoss][PlPosd]
tagikaatangi	tagi-@₂~fkau[to.have.V-ed][to.have.been.V-ed][V→V]-~:(u)ta[condition.with.respect.to.V-ing][V→N][N][Abs][3SgPoss][PlPosd]

------------------------


------------------------
ayughwaaghmi qafsin'guut nenglulluget maa.

ayughwaaghmi	+?

qafsinguut	+?

nenglulluget	+?

maa	maa

------------------------
Ataasiq naaygham iinwaaghanituq.

ataasiq	ataasigh[N][Abs][Unpd][Sg]

naaygham	Naayghagh[N][Rel][Unpd][Sg]
naaygham	naayghagh[N][Rel][Unpd][Sg]

iinwaaghanituq	iinwaagh[N][Loc][3SgPoss][SgPosd]-ete[to.be][V][Intr][Ind][3Sg]
iinwaaghanituq	iinwaagh[N][Loc][3SgPoss][PlPosd]-ete[to.be][V][Intr][Ind][3Sg]

------------------------
Liigikellemni sivulightaq na neliyuwhaaqaq, maani Sivuqami, aatqeftiit Iinwaaghmiit.

liigikellemni	+?

sivulightaq	sivu-–ligh[to.provide.with.N][N→V]-te[to.act.on.so.as.to.cause.to.V][V→V][V][Trns][Ind][3Sg][3Du]
sivulightaq	sivug-–ligh[to.provide.with.N][N→V]-te[to.act.on.so.as.to.cause.to.V][V→V][V][Trns][Ind][3Sg][3Du]

na	na
na	na[V][Intr][Opt][PRS][2Sg]
na	ne[N][Abs][Unpd][Sg]

neliyuwhaaqaq	+?

maani	maani

sivuqami	Sivuqagh[N][Loc][Unpd][Sg]
sivuqami	Sivuqagh[N][Rel][4SgPoss][PlPosd]
sivuqami	Sivuqagh[N][Rel][4SgPoss][SgPosd]

aatqeftiit	ategh-~–ke[to.have.as.one's.N(s)][N→V]-(pete)fte[to.evidently.V][to.have.V-ed][V→V]-~i[SBJ.V-ed.something][V→V][V][Intr][Intrg][3Pl]
aatqeftiit	ategh-~–ke[to.have.as.one's.N(s)][N→V]-(pete)fte[to.evidently.V][to.have.V-ed][V→V]-~i[SBJ.V-ed.something][V→V][V][Intr][Ind][3Pl]
aatqeftiit	Ategh-~–ke[to.have.as.one's.N(s)][N→V]-(pete)fte[to.evidently.V][to.have.V-ed][V→V]-~i[SBJ.V-ed.something][V→V][V][Intr][Intrg][3Pl]
aatqeftiit	Ategh-~–ke[to.have.as.one's.N(s)][N→V]-(pete)fte[to.evidently.V][to.have.V-ed][V→V]-~i[SBJ.V-ed.something][V→V][V][Intr][Ind][3Pl]

iinwaaghmiit	iinwaagh-mii[resident.of.N][N→N][N][Abs][Unpd][Pl]
iinwaaghmiit	iinwaagh-mii[resident.of.N][N→N][N][Rel][Unpd][Pl]

------------------------
Ayumightaghllaget, aghyuqalleghpigaat naalkutaaghen'nguq maani uugfigmeggneng pinguftut.

ayumightaghllaget	ayumightagh-–ghllag[big.N][N→N][N][Abs][Unpd][Pl]
ayumightaghllaget	ayumightagh-–ghllag[big.N][N→N][N][Rel][Unpd][Pl]

aghyuqalleghpigaat	+?

naalkutaaghennguq	+?

maani	maani

uugfigmeggneng	+?

pinguftut	pi-~:(ng₁)u[to.be.N][N→V]-(pete)fte[to.evidently.V][to.have.V-ed][V→V][V][Intr][Ind][3Pl]

------------------------


------------------------
Naatghanilnguut taakut naaygham Mayughwaaghmiinguftut, maalghugegneng qaspiqullghiineng nelillghit Ataasit Pungughmiit igleghalgutkiit.

naatghanilnguut	+?

taakut	taake[V][Intr][Ind][3Pl]

naaygham	Naayghagh[N][Rel][Unpd][Sg]
naaygham	naayghagh[N][Rel][Unpd][Sg]

mayughwaaghmiinguftut	Mayughwaagh-mii[resident.of.N][N→N]-~:(ng₁)u[to.be.N][N→V]-(pete)fte[to.evidently.V][to.have.V-ed][V→V][V][Intr][Ind][3Pl]

maalghugegneng	maalghug[N][Abl_Mod][Unpd][Du]

qaspiqullghiineng	+?

nelillghit	+?

ataasit	ataasigh[N][Abs][Unpd][Pl]
ataasit	ataasigh[N][Rel][Unpd][Pl]

pungughmiit	Pungughmii(t)[N][Abs][1PlPoss][SgPosd]
pungughmiit	Pungughmii(t)[N][Abs][Unpd][Pl]
pungughmiit	Pungughmii(t)[N][Rel][Unpd][Pl]

igleghalgutkiit	igleghalgute-~–ke[to.have.as.one's.N(s)][N→V]-~i[SBJ.V-ed.something][V→V][V][Intr][Intrg][3Pl]
igleghalgutkiit	igleghalgute-~–ke[to.have.as.one's.N(s)][N→V]-~i[SBJ.V-ed.something][V→V][V][Intr][Ind][3Pl]

------------------------
Taam asingani naalkelleqasi sanquutaaghit ayumightat agavek "Old Bering Sea-ghmiinun."

taam	+?

asingani	asi[N][Loc][3SgPoss][SgPosd]
asingani	asi[N][Loc][3SgPoss][PlPosd]

naalkelleqasi	naalke-te[to.act.on.so.as.to.cause.to.V][V→V]-@₁lleqe[will.V][V→V][V][Trns][Ind][2Pl][3Pl]
naalkelleqasi	naalke-te[to.act.on.so.as.to.cause.to.V][V→V]-@₁lleqe[will.V][V→V][V][Trns][Ind][2Pl][3Sg]
naalkelleqasi	naalke-@₁lleqe[will.V][V→V][V][Trns][Ind][2Pl][3Pl]
naalkelleqasi	naalke-@₁lleqe[will.V][V→V][V][Trns][Ind][2Pl][3Sg]

sanquutaaghit	+?

ayumightat	ayumigh*-te[to.catch.N][to.go.to.N][N→V][V][Intr][Intrg][3Pl]
ayumightat	ayumightagh[N][Abs][Unpd][Pl]
ayumightat	ayumightagh[N][Rel][Unpd][Pl]

agavek	agavek

old	+?

bering	+?

seaghmiinun	+?

------------------------


------------------------
Ayveghyagmiit taakut ama net, aygughhiitni Mayughwaaghmiit.

ayveghyagmiit	+?

taakut	taake[V][Intr][Ind][3Pl]

ama	ama

net	ne[N][Abs][Unpd][Pl]
net	ne[N][Rel][Unpd][Pl]

aygughhiitni	aygugh-–ghhagh*[dear.N][N→N]-~:(ng₁)u[to.be.N][N→V]-~i[SBJ.V-ed.something][V→V]-~i[SBJ.V-ed.something][V→V]-~i[SBJ.V-ed.something][V→V]-~i[SBJ.V-ed.something][V→V]-te[to.act.on.so.as.to.cause.to.V][V→V]-te[to.act.on.so.as.to.cause.to.V][V→V]-te[to.act.on.so.as.to.cause.to.V][V→V]-te[to.act.on.so.as.to.cause.to.V][V→V]-te[to.act.on.so.as.to.cause.to.V][V→V]-te[to.act.on.so.as.to.cause.to.V][V→V]-te[to.act.on.so.as.to.cause.to.V][V→V]-te[to.act.on.so.as.to.cause.to.V][V→V]-@₁~fni[to.say.that.one.is.V-ing][Cmpd_Vbl][V][Intr][Opt][PRS][2Sg]
aygughhiitni	aygugh-–ghhagh*[dear.N][N→N]-~:(ng₁)u[to.be.N][N→V]-~i[SBJ.V-ed.something][V→V]-~i[SBJ.V-ed.something][V→V]-~i[SBJ.V-ed.something][V→V]-~:(u)te[to.V.for.or.with][to.cause.to.V.as.one.is.V-ing][to.V.toward.each.other][V→V]-te[to.act.on.so.as.to.cause.to.V][V→V]-te[to.act.on.so.as.to.cause.to.V][V→V]-te[to.act.on.so.as.to.cause.to.V][V→V]-te[to.act.on.so.as.to.cause.to.V][V→V]-te[to.act.on.so.as.to.cause.to.V][V→V]-te[to.act.on.so.as.to.cause.to.V][V→V]-te[to.act.on.so.as.to.cause.to.V][V→V]-@₁~fni[to.say.that.one.is.V-ing][Cmpd_Vbl][V][Intr][Opt][PRS][2Sg]
aygughhiitni	aygugh-–ghhagh*[dear.N][N→N]-~:(ng₁)u[to.be.N][N→V]-~i[SBJ.V-ed.something][V→V]-~i[SBJ.V-ed.something][V→V]-~i[SBJ.V-ed.something][V→V]-~:(u)te[condition.with.respect.to.V-ing][V→N]-te[to.catch.N][to.go.to.N][N→V]-te[to.act.on.so.as.to.cause.to.V][V→V]-te[to.act.on.so.as.to.cause.to.V][V→V]-te[to.act.on.so.as.to.cause.to.V][V→V]-te[to.act.on.so.as.to.cause.to.V][V→V]-te[to.act.on.so.as.to.cause.to.V][V→V]-te[to.act.on.so.as.to.cause.to.V][V→V]-@₁~fni[to.say.that.one.is.V-ing][Cmpd_Vbl][V][Intr][Opt][PRS][2Sg]
aygughhiitni	aygugh-–ghhagh*[dear.N][N→N]-~:(ng₁)u[to.be.N][N→V]-~i[SBJ.V-ed.something][V→V]-~i[SBJ.V-ed.something][V→V]-~i[SBJ.V-ed.something][V→V]-~:(u)te[condition.with.respect.to.V-ing][V→N][N][Loc][Unpd][Pl]
aygughhiitni	aygugh-–ghhagh*[dear.N][N→N]-~:(ng₁)u[to.be.N][N→V]-~i[SBJ.V-ed.something][V→V]-~i[SBJ.V-ed.something][V→V]-~i[SBJ.V-ed.something][V→V]-~:(u)te[SBJ.V-ed.something][V→V]-te[to.act.on.so.as.to.cause.to.V][V→V]-te[to.act.on.so.as.to.cause.to.V][V→V]-te[to.act.on.so.as.to.cause.to.V][V→V]-te[to.act.on.so.as.to.cause.to.V][V→V]-te[to.act.on.so.as.to.cause.to.V][V→V]-te[to.act.on.so.as.to.cause.to.V][V→V]-te[to.act.on.so.as.to.cause.to.V][V→V]-@₁~fni[to.say.that.one.is.V-ing][Cmpd_Vbl][V][Intr][Opt][PRS][2Sg]
aygughhiitni	aygugh-–ghhagh*[dear.N][N→N]-~:(ng₁)u[to.be.N][N→V]-~i[SBJ.V-ed.something][V→V]-~i[SBJ.V-ed.something][V→V]-~i[SBJ.V-ed.something][V→V]-te[to.act.on.so.as.to.cause.to.V][V→V]-te[to.act.on.so.as.to.cause.to.V][V→V]-te[to.act.on.so.as.to.cause.to.V][V→V]-te[to.act.on.so.as.to.cause.to.V][V→V]-te[to.act.on.so.as.to.cause.to.V][V→V]-te[to.act.on.so.as.to.cause.to.V][V→V]-te[to.act.on.so.as.to.cause.to.V][V→V]-@₁~fni[to.say.that.one.is.V-ing][Cmpd_Vbl][V][Intr][Opt][PRS][2Sg]
aygughhiitni	aygugh-–ghhagh*[dear.N][N→N]-~:(ng₁)u[to.be.N][N→V]-~i[SBJ.V-ed.something][V→V]-~i[SBJ.V-ed.something][V→V]-~:(u)te[to.V.for.or.with][to.cause.to.V.as.one.is.V-ing][to.V.toward.each.other][V→V]-te[to.act.on.so.as.to.cause.to.V][V→V]-te[to.act.on.so.as.to.cause.to.V][V→V]-te[to.act.on.so.as.to.cause.to.V][V→V]-te[to.act.on.so.as.to.cause.to.V][V→V]-te[to.act.on.so.as.to.cause.to.V][V→V]-te[to.act.on.so.as.to.cause.to.V][V→V]-@₁~fni[to.say.that.one.is.V-ing][Cmpd_Vbl][V][Intr][Opt][PRS][2Sg]
aygughhiitni	aygugh-–ghhagh*[dear.N][N→N]-~:(ng₁)u[to.be.N][N→V]-~i[SBJ.V-ed.something][V→V]-~i[SBJ.V-ed.something][V→V]-~:(u)te[condition.with.respect.to.V-ing][V→N]-te[to.catch.N][to.go.to.N][N→V]-te[to.act.on.so.as.to.cause.to.V][V→V]-te[to.act.on.so.as.to.cause.to.V][V→V]-te[to.act.on.so.as.to.cause.to.V][V→V]-te[to.act.on.so.as.to.cause.to.V][V→V]-te[to.act.on.so.as.to.cause.to.V][V→V]-@₁~fni[to.say.that.one.is.V-ing][Cmpd_Vbl][V][Intr][Opt][PRS][2Sg]
aygughhiitni	aygugh-–ghhagh*[dear.N][N→N]-~:(ng₁)u[to.be.N][N→V]-~i[SBJ.V-ed.something][V→V]-~i[SBJ.V-ed.something][V→V]-~:(u)te[condition.with.respect.to.V-ing][V→N][N][Loc][Unpd][Pl]
aygughhiitni	aygugh-–ghhagh*[dear.N][N→N]-~:(ng₁)u[to.be.N][N→V]-~i[SBJ.V-ed.something][V→V]-~i[SBJ.V-ed.something][V→V]-~:(u)te[SBJ.V-ed.something][V→V]-te[to.act.on.so.as.to.cause.to.V][V→V]-te[to.act.on.so.as.to.cause.to.V][V→V]-te[to.act.on.so.as.to.cause.to.V][V→V]-te[to.act.on.so.as.to.cause.to.V][V→V]-te[to.act.on.so.as.to.cause.to.V][V→V]-te[to.act.on.so.as.to.cause.to.V][V→V]-@₁~fni[to.say.that.one.is.V-ing][Cmpd_Vbl][V][Intr][Opt][PRS][2Sg]
aygughhiitni	aygugh-–ghhagh*[dear.N][N→N]-~:(ng₁)u[to.be.N][N→V]-~i[SBJ.V-ed.something][V→V]-~i[SBJ.V-ed.something][V→V]-te[to.act.on.so.as.to.cause.to.V][V→V]-te[to.act.on.so.as.to.cause.to.V][V→V]-te[to.act.on.so.as.to.cause.to.V][V→V]-te[to.act.on.so.as.to.cause.to.V][V→V]-te[to.act.on.so.as.to.cause.to.V][V→V]-te[to.act.on.so.as.to.cause.to.V][V→V]-@₁~fni[to.say.that.one.is.V-ing][Cmpd_Vbl][V][Intr][Opt][PRS][2Sg]
aygughhiitni	aygugh-–ghhagh*[dear.N][N→N]-~:(ng₁)u[to.be.N][N→V]-~i[SBJ.V-ed.something][V→V]-~:(u)te[to.V.for.or.with][to.cause.to.V.as.one.is.V-ing][to.V.toward.each.other][V→V]-te[to.act.on.so.as.to.cause.to.V][V→V]-te[to.act.on.so.as.to.cause.to.V][V→V]-te[to.act.on.so.as.to.cause.to.V][V→V]-te[to.act.on.so.as.to.cause.to.V][V→V]-te[to.act.on.so.as.to.cause.to.V][V→V]-@₁~fni[to.say.that.one.is.V-ing][Cmpd_Vbl][V][Intr][Opt][PRS][2Sg]
aygughhiitni	aygugh-–ghhagh*[dear.N][N→N]-~:(ng₁)u[to.be.N][N→V]-~i[SBJ.V-ed.something][V→V]-~:(u)te[condition.with.respect.to.V-ing][V→N]-te[to.catch.N][to.go.to.N][N→V]-te[to.act.on.so.as.to.cause.to.V][V→V]-te[to.act.on.so.as.to.cause.to.V][V→V]-te[to.act.on.so.as.to.cause.to.V][V→V]-te[to.act.on.so.as.to.cause.to.V][V→V]-@₁~fni[to.say.that.one.is.V-ing][Cmpd_Vbl][V][Intr][Opt][PRS][2Sg]
aygughhiitni	aygugh-–ghhagh*[dear.N][N→N]-~:(ng₁)u[to.be.N][N→V]-~i[SBJ.V-ed.something][V→V]-~:(u)te[condition.with.respect.to.V-ing][V→N][N][Loc][Unpd][Pl]
aygughhiitni	aygugh-–ghhagh*[dear.N][N→N]-~:(ng₁)u[to.be.N][N→V]-~i[SBJ.V-ed.something][V→V]-~:(u)te[SBJ.V-ed.something][V→V]-te[to.act.on.so.as.to.cause.to.V][V→V]-te[to.act.on.so.as.to.cause.to.V][V→V]-te[to.act.on.so.as.to.cause.to.V][V→V]-te[to.act.on.so.as.to.cause.to.V][V→V]-te[to.act.on.so.as.to.cause.to.V][V→V]-@₁~fni[to.say.that.one.is.V-ing][Cmpd_Vbl][V][Intr][Opt][PRS][2Sg]
aygughhiitni	aygugh-–ghhagh*[dear.N][N→N]-~:(ng₁)u[to.be.N][N→V]-~i[SBJ.V-ed.something][V→V]-te[to.act.on.so.as.to.cause.to.V][V→V]-te[to.act.on.so.as.to.cause.to.V][V→V]-te[to.act.on.so.as.to.cause.to.V][V→V]-te[to.act.on.so.as.to.cause.to.V][V→V]-te[to.act.on.so.as.to.cause.to.V][V→V]-@₁~fni[to.say.that.one.is.V-ing][Cmpd_Vbl][V][Intr][Opt][PRS][2Sg]
aygughhiitni	aygugh-–ghhagh*[dear.N][N→N][N][Loc][3DuPoss][PlPosd]
aygughhiitni	aygugh-–ghhagh*[dear.N][N→N][N][Loc][3DuPoss][DuPosd]
aygughhiitni	aygugh-–ghhagh*[dear.N][N→N][N][Loc][3PlPoss][SgPosd]
aygughhiitni	aygugh-–ghhagh*[dear.N][N→N][N][Loc][3PlPoss][PlPosd]
aygughhiitni	aygugh-–ghhagh*[dear.N][N→N][N][Loc][3PlPoss][DuPosd]

mayughwaaghmiit	Mayughwaagh-mii[resident.of.N][N→N][N][Abs][Unpd][Pl]
mayughwaaghmiit	Mayughwaagh-mii[resident.of.N][N→N][N][Rel][Unpd][Pl]

------------------------
Ayuqlim ilangan salin atighaqiinkut Ayveghyagmiineng.

ayuqlim	Ayuqligh[N][Rel][Unpd][Sg]

ilangan	ila[N][Rel][3SgPoss][SgPosd]
ilangan	ila[N][Rel][3SgPoss][PlPosd]
ilangan	ila[V][Intr][CnsqI][3Sg]

salin	salin
salin	salite[N][Abs][Unpd][Sg]

atighaqiinkut	atigh-~(g₁)aqe[to.be.V.ing][to.regularly.or.repeatedly.V][V→V][V][Trns][Ind][3Pl][1Pl]
atighaqiinkut	atigh-~(g₁)aqe[to.be.V.ing][to.regularly.or.repeatedly.V][V→V][V][Trns][Ind][3Du][1Pl]
atighaqiinkut	atigh-~(g₁)aqe[to.be.V.ing][to.regularly.or.repeatedly.V][V→V][V][Trns][Ind][3Sg][1Pl]

ayveghyagmiineng	+?

------------------------


------------------------
Siqluwaghyagmiit taakut naayvam aygughhaanitut, taakwavek ketmun.

siqluwaghyagmiit	+?

taakut	taake[V][Intr][Ind][3Pl]

naayvam	Naayvagh[N][Rel][Unpd][Sg]
naayvam	naayvagh[N][Rel][Unpd][Sg]

aygughhaanitut	aygugh-–ghhagh*[dear.N][N→N]-~:(ng₁)u[to.be.N][N→V]-@₁~fni[to.say.that.one.is.V-ing][Cmpd_Vbl]-~:(u)te[to.V.for.or.with][to.cause.to.V.as.one.is.V-ing][to.V.toward.each.other][V→V][V][Intr][Ind][3Pl]
aygughhaanitut	aygugh-–ghhagh*[dear.N][N→N]-~:(ng₁)u[to.be.N][N→V]-@₁~fni[to.say.that.one.is.V-ing][Cmpd_Vbl]-~:(u)te[SBJ.V-ed.something][V→V][V][Intr][Ind][3Pl]
aygughhaanitut	aygugh-–ghhagh*[dear.N][N→N]-~:(ng₁)u[to.be.N][N→V]-@₁~fni[to.say.that.one.is.V-ing][Cmpd_Vbl]-te[to.act.on.so.as.to.cause.to.V][V→V][V][Intr][Ind][3Pl]
aygughhaanitut	aygugh-–ghhagh*[dear.N][N→N]-~:(ng₁)u[to.be.N][N→V]-~:(u)te[to.V.for.or.with][to.cause.to.V.as.one.is.V-ing][to.V.toward.each.other][V→V]-@₁~fni[to.say.that.one.is.V-ing][Cmpd_Vbl]-~:(u)te[to.V.for.or.with][to.cause.to.V.as.one.is.V-ing][to.V.toward.each.other][V→V][V][Intr][Ind][3Pl]
aygughhaanitut	aygugh-–ghhagh*[dear.N][N→N]-~:(ng₁)u[to.be.N][N→V]-~:(u)te[to.V.for.or.with][to.cause.to.V.as.one.is.V-ing][to.V.toward.each.other][V→V]-@₁~fni[to.say.that.one.is.V-ing][Cmpd_Vbl]-~:(u)te[SBJ.V-ed.something][V→V][V][Intr][Ind][3Pl]
aygughhaanitut	aygugh-–ghhagh*[dear.N][N→N]-~:(ng₁)u[to.be.N][N→V]-~:(u)te[to.V.for.or.with][to.cause.to.V.as.one.is.V-ing][to.V.toward.each.other][V→V]-@₁~fni[to.say.that.one.is.V-ing][Cmpd_Vbl]-te[to.act.on.so.as.to.cause.to.V][V→V][V][Intr][Ind][3Pl]
aygughhaanitut	aygugh-–ghhagh*[dear.N][N→N]-~:(ng₁)u[to.be.N][N→V]-~:(u)te[SBJ.V-ed.something][V→V]-@₁~fni[to.say.that.one.is.V-ing][Cmpd_Vbl]-~:(u)te[to.V.for.or.with][to.cause.to.V.as.one.is.V-ing][to.V.toward.each.other][V→V][V][Intr][Ind][3Pl]
aygughhaanitut	aygugh-–ghhagh*[dear.N][N→N]-~:(ng₁)u[to.be.N][N→V]-~:(u)te[SBJ.V-ed.something][V→V]-@₁~fni[to.say.that.one.is.V-ing][Cmpd_Vbl]-~:(u)te[SBJ.V-ed.something][V→V][V][Intr][Ind][3Pl]
aygughhaanitut	aygugh-–ghhagh*[dear.N][N→N]-~:(ng₁)u[to.be.N][N→V]-~:(u)te[SBJ.V-ed.something][V→V]-@₁~fni[to.say.that.one.is.V-ing][Cmpd_Vbl]-te[to.act.on.so.as.to.cause.to.V][V→V][V][Intr][Ind][3Pl]
aygughhaanitut	aygugh-–ghhagh*[dear.N][N→N][N][Loc][3SgPoss][SgPosd]-ete[to.be][V][Intr][Ind][3Pl]
aygughhaanitut	aygugh-–ghhagh*[dear.N][N→N][N][Loc][3SgPoss][PlPosd]-ete[to.be][V][Intr][Ind][3Pl]

taakwavek	+?

ketmun	kete[N][Ter][Unpd][Sg]
ketmun	ketmute[N][Abs][Unpd][Sg]

------------------------
Sumemni taakut Siqluwaghyagmiit entaqun 200-300 years-ngut.

sumemni	sumegh[N][Loc][1SgPoss][PlPosd]
sumemni	sumegh[N][Loc][1SgPoss][SgPosd]

taakut	taake[V][Intr][Ind][3Pl]

siqluwaghyagmiit	+?

entaqun	entaqun

200300	+?

yearsngut	+?

------------------------
Iwernga taakwani naalkutaaghet Pungughmiistun ayuqekanightut.

iwernga	iwernga

taakwani	+?

naalkutaaghet	Nalle-~–ke[to.have.as.one's.N(s)][N→V]-~:(u)te[to.V.for.or.with][to.cause.to.V.as.one.is.V-ing][to.V.toward.each.other][V→V]-~faaghet[one.who.keeps.on.V-ing][AUG]
naalkutaaghet	Nalle-~–ke[to.have.as.one's.N(s)][N→V]-~:(u)te[SBJ.V-ed.something][V→V]-~faaghet[one.who.keeps.on.V-ing][AUG]
naalkutaaghet	naa-–leg[one.having.N][N→N]-~–ke[to.have.as.one's.N(s)][N→V]-~:(u)te[to.V.for.or.with][to.cause.to.V.as.one.is.V-ing][to.V.toward.each.other][V→V]-~faaghet[one.who.keeps.on.V-ing][AUG]
naalkutaaghet	naa-–leg[one.having.N][N→N]-~–ke[to.have.as.one's.N(s)][N→V]-~:(u)te[SBJ.V-ed.something][V→V]-~faaghet[one.who.keeps.on.V-ing][AUG]
naalkutaaghet	naalke-~:(u)te[to.V.for.or.with][to.cause.to.V.as.one.is.V-ing][to.V.toward.each.other][V→V]-~faaghet[one.who.keeps.on.V-ing][AUG]
naalkutaaghet	naalke-~:(u)te[SBJ.V-ed.something][V→V]-~faaghet[one.who.keeps.on.V-ing][AUG]
naalkutaaghet	naalkute-~faaghet[one.who.keeps.on.V-ing][AUG]
naalkutaaghet	naalkutaagh[N][Abs][Unpd][Pl]
naalkutaaghet	naalkutaagh[N][Rel][Unpd][Pl]
naalkutaaghet	nalle-~–ke[to.have.as.one's.N(s)][N→V]-~:(u)te[to.V.for.or.with][to.cause.to.V.as.one.is.V-ing][to.V.toward.each.other][V→V]-~faaghet[one.who.keeps.on.V-ing][AUG]
naalkutaaghet	nalle-~–ke[to.have.as.one's.N(s)][N→V]-~:(u)te[SBJ.V-ed.something][V→V]-~faaghet[one.who.keeps.on.V-ing][AUG]

pungughmiistun	Pungughmii(t)[N][Equ][Unpd][Pl]

ayuqekanightut	+?

------------------------
Ilangi naalkutaaghem aghyughllagaqluteng ayuqut.

ilangi	ila[N][Abs][3SgPoss][PlPosd]

naalkutaaghem	naalkutaagh[N][Rel][Unpd][Sg]

aghyughllagaqluteng	+?

ayuqut	ayuqe[V][Intr][Ind][3Pl]

------------------------


------------------------
Unegkut nemta akinganilnguut nenglulluget entaqun 150 years-nguut, wallu ingavaqaantat.

unegkut	unegkut

nemta	ne[N][Rel][1PlPoss][SgPosd]
nemta	ne[N][Rel][1PlPoss][PlPosd]

akinganilnguut	+?

nenglulluget	+?

entaqun	entaqun

150	+?

yearsnguut	+?

wallu	wallu

ingavaqaantat	+?

------------------------
Wata un'ganlenguut, maaten qagim naafqegkii, 1900-em natangani nenguyalghiit: Anangtinkut, Taangyatentkut, kinkutlu.

wata	wata

unganlenguut	+?

maaten	maaten
maaten	maatete[N][Abs][Unpd][Sg]

qagim	qagi[N][Rel][Unpd][Sg]

naafqegkii	naafqe-~sf–(g₃)kau[to.have.V-ed][to.have.been.V-ed][V→V]-~i[SBJ.V-ed.something][V→V]-~i[SBJ.V-ed.something][V→V]-~i[SBJ.V-ed.something][V→V]-~i[SBJ.V-ed.something][V→V]-~i[SBJ.V-ed.something][V→V][V][Intr][Opt][PRS][2Sg]
naafqegkii	naafqe-~sf–(g₃)kau[to.have.V-ed][to.have.been.V-ed][V→V]-~i[SBJ.V-ed.something][V→V]-~i[SBJ.V-ed.something][V→V]-~i[SBJ.V-ed.something][V→V]-~i[SBJ.V-ed.something][V→V][V][Intr][Opt][PRS][2Sg]
naafqegkii	naafqe-~sf–(g₃)kau[to.have.V-ed][to.have.been.V-ed][V→V]-~i[SBJ.V-ed.something][V→V]-~i[SBJ.V-ed.something][V→V]-~i[SBJ.V-ed.something][V→V][V][Intr][Opt][PRS][2Sg]
naafqegkii	naafqe-~sf–(g₃)kau[to.have.V-ed][to.have.been.V-ed][V→V]-~i[SBJ.V-ed.something][V→V]-~i[SBJ.V-ed.something][V→V][V][Intr][Opt][PRS][2Sg]
naafqegkii	naafqe-~sf–(g₃)kau[to.have.V-ed][to.have.been.V-ed][V→V]-~i[SBJ.V-ed.something][V→V][V][Intr][Opt][PRS][2Sg]

1900em	+?

natangani	na-~:(u)ta[condition.with.respect.to.V-ing][V→N][N][Loc][3SgPoss][SgPosd]
natangani	na-~:(u)ta[condition.with.respect.to.V-ing][V→N][N][Loc][3SgPoss][PlPosd]

nenguyalghiit	ne-~:(ng₁)u[to.be.N][N→V]-@₁~fyagh[to.go.V-ing][to.V.in.vain][V→V]-@₁–lghii[the.one.that.V-ed][the.one.that.is.V][V→N][N][Abs][Unpd][Pl]
nenguyalghiit	ne-~:(ng₁)u[to.be.N][N→V]-@₁~fyagh[to.go.V-ing][to.V.in.vain][V→V]-@₁–lghii[the.one.that.V-ed][the.one.that.is.V][V→N][N][Rel][Unpd][Pl]
nenguyalghiit	ne-~:(ng₁)u[to.be.N][N→V]-@₁~fyagh[to.go.V-ing][to.V.in.vain][V→V][V][Intr][Ptcp][3Pl]
nenguyalghiit	ne-~:(ng₁)u[to.be.N][N→V]-~:(u)te[to.V.for.or.with][to.cause.to.V.as.one.is.V-ing][to.V.toward.each.other][V→V]-@₁~fyagh[to.go.V-ing][to.V.in.vain][V→V]-@₁–lghii[the.one.that.V-ed][the.one.that.is.V][V→N][N][Abs][Unpd][Pl]
nenguyalghiit	ne-~:(ng₁)u[to.be.N][N→V]-~:(u)te[to.V.for.or.with][to.cause.to.V.as.one.is.V-ing][to.V.toward.each.other][V→V]-@₁~fyagh[to.go.V-ing][to.V.in.vain][V→V]-@₁–lghii[the.one.that.V-ed][the.one.that.is.V][V→N][N][Rel][Unpd][Pl]
nenguyalghiit	ne-~:(ng₁)u[to.be.N][N→V]-~:(u)te[to.V.for.or.with][to.cause.to.V.as.one.is.V-ing][to.V.toward.each.other][V→V]-@₁~fyagh[to.go.V-ing][to.V.in.vain][V→V][V][Intr][Ptcp][3Pl]
nenguyalghiit	ne-~:(ng₁)u[to.be.N][N→V]-~:(u)te[SBJ.V-ed.something][V→V]-@₁~fyagh[to.go.V-ing][to.V.in.vain][V→V]-@₁–lghii[the.one.that.V-ed][the.one.that.is.V][V→N][N][Abs][Unpd][Pl]
nenguyalghiit	ne-~:(ng₁)u[to.be.N][N→V]-~:(u)te[SBJ.V-ed.something][V→V]-@₁~fyagh[to.go.V-ing][to.V.in.vain][V→V]-@₁–lghii[the.one.that.V-ed][the.one.that.is.V][V→N][N][Rel][Unpd][Pl]
nenguyalghiit	ne-~:(ng₁)u[to.be.N][N→V]-~:(u)te[SBJ.V-ed.something][V→V]-@₁~fyagh[to.go.V-ing][to.V.in.vain][V→V][V][Intr][Ptcp][3Pl]

anangtinkut	+?

taangyatentkut	+?

kinkutlu	kinku[N][Abs][Unpd][Pl]-llu[Encl]
kinkutlu	kinku[N][Rel][Unpd][Pl]-llu[Encl]
kinkutlu	kinkut[N][Abs][Unpd][Sg]-llu[Encl]

------------------------
Taawa liigikeghraagaghput nani kiyaghtekaatangi yuget, qavngaghtaatangillu.

taawa	taawa

liigikeghraagaghput	+?

nani	na-@₁~fni[to.say.that.one.is.V-ing][Cmpd_Vbl][V][Intr][Opt][PRS][2Sg]
nani	na-~:(u)te[to.V.for.or.with][to.cause.to.V.as.one.is.V-ing][to.V.toward.each.other][V→V]-@₁~fni[to.say.that.one.is.V-ing][Cmpd_Vbl][V][Intr][Opt][PRS][2Sg]
nani	na-~:(u)te[SBJ.V-ed.something][V→V]-@₁~fni[to.say.that.one.is.V-ing][Cmpd_Vbl][V][Intr][Opt][PRS][2Sg]
nani	nani
nani	nani[N][Abs][Unpd][Sg]

kiyaghtekaatangi	kiyaghte-@₂~fkau[to.have.V-ed][to.have.been.V-ed][V→V]-~:(u)ta[condition.with.respect.to.V-ing][V→N][N][Abs][3SgPoss][PlPosd]

yuget	yu(u)g[N][Abs][Unpd][Pl]
yuget	yu(u)g[N][Rel][Unpd][Pl]
yuget	yug[N][Abs][Unpd][Pl]
yuget	yug[N][Rel][Unpd][Pl]

qavngaghtaatangillu	qavngaghtagh-~:(ng₁)u[to.be.N][N→V]-~:(u)ta[condition.with.respect.to.V-ing][V→N][N][Abs][3SgPoss][PlPosd]-llu[Encl]

------------------------


------------------------
Tawani Old Bering Sea Two-mi allangughtut igaqrallghit.

tawani	tawani
tawani	tawani[N][Abs][Unpd][Sg]

old	+?

bering	+?

sea	+?

twomi	+?

allangughtut	allangughte[V][Intr][Ind][3Pl]

igaqrallghit	+?

------------------------
Whangamni qamaglluteng piniipigtut.

whangamni	+?

qamaglluteng	+?

piniipigtut	pi-@₁~fni[to.say.that.one.is.V-ing][Cmpd_Vbl]-~i[SBJ.V-ed.something][V→V]-~i[SBJ.V-ed.something][V→V]-~i[SBJ.V-ed.something][V→V]-~i[SBJ.V-ed.something][V→V]-–pigte[to.be.very.V][to.V.very.much][V→V][V][Intr][Ind][3Pl]
piniipigtut	pi-@₁~fni[to.say.that.one.is.V-ing][Cmpd_Vbl]-~i[SBJ.V-ed.something][V→V]-~i[SBJ.V-ed.something][V→V]-~i[SBJ.V-ed.something][V→V]-–pigte[to.be.very.V][to.V.very.much][V→V][V][Intr][Ind][3Pl]
piniipigtut	pi-@₁~fni[to.say.that.one.is.V-ing][Cmpd_Vbl]-~i[SBJ.V-ed.something][V→V]-~i[SBJ.V-ed.something][V→V]-–pigte[to.be.very.V][to.V.very.much][V→V][V][Intr][Ind][3Pl]
piniipigtut	pi-@₁~fni[to.say.that.one.is.V-ing][Cmpd_Vbl]-~i[SBJ.V-ed.something][V→V]-–pigte[to.be.very.V][to.V.very.much][V→V][V][Intr][Ind][3Pl]
piniipigtut	pi-@₁~fna[in.order.to.V][intending.to.V][V→V]-~i[SBJ.V-ed.something][V→V]-~i[SBJ.V-ed.something][V→V]-~i[SBJ.V-ed.something][V→V]-~i[SBJ.V-ed.something][V→V]-–pigte[to.be.very.V][to.V.very.much][V→V][V][Intr][Ind][3Pl]
piniipigtut	pi-@₁~fna[in.order.to.V][intending.to.V][V→V]-~i[SBJ.V-ed.something][V→V]-~i[SBJ.V-ed.something][V→V]-~i[SBJ.V-ed.something][V→V]-–pigte[to.be.very.V][to.V.very.much][V→V][V][Intr][Ind][3Pl]
piniipigtut	pi-@₁~fna[in.order.to.V][intending.to.V][V→V]-~i[SBJ.V-ed.something][V→V]-~i[SBJ.V-ed.something][V→V]-–pigte[to.be.very.V][to.V.very.much][V→V][V][Intr][Ind][3Pl]
piniipigtut	pi-@₁~fna[in.order.to.V][intending.to.V][V→V]-~i[SBJ.V-ed.something][V→V]-–pigte[to.be.very.V][to.V.very.much][V→V][V][Intr][Ind][3Pl]
piniipigtut	pi-~:(u)te[to.V.for.or.with][to.cause.to.V.as.one.is.V-ing][to.V.toward.each.other][V→V]-@₁~fni[to.say.that.one.is.V-ing][Cmpd_Vbl]-~i[SBJ.V-ed.something][V→V]-~i[SBJ.V-ed.something][V→V]-~i[SBJ.V-ed.something][V→V]-–pigte[to.be.very.V][to.V.very.much][V→V][V][Intr][Ind][3Pl]
piniipigtut	pi-~:(u)te[to.V.for.or.with][to.cause.to.V.as.one.is.V-ing][to.V.toward.each.other][V→V]-@₁~fni[to.say.that.one.is.V-ing][Cmpd_Vbl]-~i[SBJ.V-ed.something][V→V]-~i[SBJ.V-ed.something][V→V]-–pigte[to.be.very.V][to.V.very.much][V→V][V][Intr][Ind][3Pl]
piniipigtut	pi-~:(u)te[to.V.for.or.with][to.cause.to.V.as.one.is.V-ing][to.V.toward.each.other][V→V]-@₁~fni[to.say.that.one.is.V-ing][Cmpd_Vbl]-~i[SBJ.V-ed.something][V→V]-–pigte[to.be.very.V][to.V.very.much][V→V][V][Intr][Ind][3Pl]
piniipigtut	pi-~:(u)te[to.V.for.or.with][to.cause.to.V.as.one.is.V-ing][to.V.toward.each.other][V→V]-@₁~fna[in.order.to.V][intending.to.V][V→V]-~i[SBJ.V-ed.something][V→V]-~i[SBJ.V-ed.something][V→V]-~i[SBJ.V-ed.something][V→V]-–pigte[to.be.very.V][to.V.very.much][V→V][V][Intr][Ind][3Pl]
piniipigtut	pi-~:(u)te[to.V.for.or.with][to.cause.to.V.as.one.is.V-ing][to.V.toward.each.other][V→V]-@₁~fna[in.order.to.V][intending.to.V][V→V]-~i[SBJ.V-ed.something][V→V]-~i[SBJ.V-ed.something][V→V]-–pigte[to.be.very.V][to.V.very.much][V→V][V][Intr][Ind][3Pl]
piniipigtut	pi-~:(u)te[to.V.for.or.with][to.cause.to.V.as.one.is.V-ing][to.V.toward.each.other][V→V]-@₁~fna[in.order.to.V][intending.to.V][V→V]-~i[SBJ.V-ed.something][V→V]-–pigte[to.be.very.V][to.V.very.much][V→V][V][Intr][Ind][3Pl]
piniipigtut	pi-~:(u)te[SBJ.V-ed.something][V→V]-@₁~fni[to.say.that.one.is.V-ing][Cmpd_Vbl]-~i[SBJ.V-ed.something][V→V]-~i[SBJ.V-ed.something][V→V]-~i[SBJ.V-ed.something][V→V]-–pigte[to.be.very.V][to.V.very.much][V→V][V][Intr][Ind][3Pl]
piniipigtut	pi-~:(u)te[SBJ.V-ed.something][V→V]-@₁~fni[to.say.that.one.is.V-ing][Cmpd_Vbl]-~i[SBJ.V-ed.something][V→V]-~i[SBJ.V-ed.something][V→V]-–pigte[to.be.very.V][to.V.very.much][V→V][V][Intr][Ind][3Pl]
piniipigtut	pi-~:(u)te[SBJ.V-ed.something][V→V]-@₁~fni[to.say.that.one.is.V-ing][Cmpd_Vbl]-~i[SBJ.V-ed.something][V→V]-–pigte[to.be.very.V][to.V.very.much][V→V][V][Intr][Ind][3Pl]
piniipigtut	pi-~:(u)te[SBJ.V-ed.something][V→V]-@₁~fna[in.order.to.V][intending.to.V][V→V]-~i[SBJ.V-ed.something][V→V]-~i[SBJ.V-ed.something][V→V]-~i[SBJ.V-ed.something][V→V]-–pigte[to.be.very.V][to.V.very.much][V→V][V][Intr][Ind][3Pl]
piniipigtut	pi-~:(u)te[SBJ.V-ed.something][V→V]-@₁~fna[in.order.to.V][intending.to.V][V→V]-~i[SBJ.V-ed.something][V→V]-~i[SBJ.V-ed.something][V→V]-–pigte[to.be.very.V][to.V.very.much][V→V][V][Intr][Ind][3Pl]
piniipigtut	pi-~:(u)te[SBJ.V-ed.something][V→V]-@₁~fna[in.order.to.V][intending.to.V][V→V]-~i[SBJ.V-ed.something][V→V]-–pigte[to.be.very.V][to.V.very.much][V→V][V][Intr][Ind][3Pl]
piniipigtut	piniigh[to.hunt.for.N][to.search.for.N][to.ask.for.N][to.work.with.N][N→V]-–pigte[to.be.very.V][to.V.very.much][V→V][V][Intr][Ind][3Pl]

------------------------
Ilangi igaqrallghit qaayvantaqluteng qukiitni.

ilangi	ila[N][Abs][3SgPoss][PlPosd]

igaqrallghit	+?

qaayvantaqluteng	+?

qukiitni	qukagh-~:(ng₁)u[to.be.N][N→V]-~i[SBJ.V-ed.something][V→V]-~i[SBJ.V-ed.something][V→V]-~i[SBJ.V-ed.something][V→V]-~i[SBJ.V-ed.something][V→V]-~i[SBJ.V-ed.something][V→V]-te[to.act.on.so.as.to.cause.to.V][V→V]-te[to.act.on.so.as.to.cause.to.V][V→V]-te[to.act.on.so.as.to.cause.to.V][V→V]-te[to.act.on.so.as.to.cause.to.V][V→V]-te[to.act.on.so.as.to.cause.to.V][V→V]-te[to.act.on.so.as.to.cause.to.V][V→V]-te[to.act.on.so.as.to.cause.to.V][V→V]-te[to.act.on.so.as.to.cause.to.V][V→V]-@₁~fni[to.say.that.one.is.V-ing][Cmpd_Vbl][V][Intr][Opt][PRS][2Sg]
qukiitni	qukagh-~:(ng₁)u[to.be.N][N→V]-~i[SBJ.V-ed.something][V→V]-~i[SBJ.V-ed.something][V→V]-~i[SBJ.V-ed.something][V→V]-~i[SBJ.V-ed.something][V→V]-~:(u)te[to.V.for.or.with][to.cause.to.V.as.one.is.V-ing][to.V.toward.each.other][V→V]-te[to.act.on.so.as.to.cause.to.V][V→V]-te[to.act.on.so.as.to.cause.to.V][V→V]-te[to.act.on.so.as.to.cause.to.V][V→V]-te[to.act.on.so.as.to.cause.to.V][V→V]-te[to.act.on.so.as.to.cause.to.V][V→V]-te[to.act.on.so.as.to.cause.to.V][V→V]-te[to.act.on.so.as.to.cause.to.V][V→V]-@₁~fni[to.say.that.one.is.V-ing][Cmpd_Vbl][V][Intr][Opt][PRS][2Sg]
qukiitni	qukagh-~:(ng₁)u[to.be.N][N→V]-~i[SBJ.V-ed.something][V→V]-~i[SBJ.V-ed.something][V→V]-~i[SBJ.V-ed.something][V→V]-~i[SBJ.V-ed.something][V→V]-~:(u)te[condition.with.respect.to.V-ing][V→N]-te[to.catch.N][to.go.to.N][N→V]-te[to.act.on.so.as.to.cause.to.V][V→V]-te[to.act.on.so.as.to.cause.to.V][V→V]-te[to.act.on.so.as.to.cause.to.V][V→V]-te[to.act.on.so.as.to.cause.to.V][V→V]-te[to.act.on.so.as.to.cause.to.V][V→V]-te[to.act.on.so.as.to.cause.to.V][V→V]-@₁~fni[to.say.that.one.is.V-ing][Cmpd_Vbl][V][Intr][Opt][PRS][2Sg]
qukiitni	qukagh-~:(ng₁)u[to.be.N][N→V]-~i[SBJ.V-ed.something][V→V]-~i[SBJ.V-ed.something][V→V]-~i[SBJ.V-ed.something][V→V]-~i[SBJ.V-ed.something][V→V]-~:(u)te[condition.with.respect.to.V-ing][V→N][N][Loc][Unpd][Pl]
qukiitni	qukagh-~:(ng₁)u[to.be.N][N→V]-~i[SBJ.V-ed.something][V→V]-~i[SBJ.V-ed.something][V→V]-~i[SBJ.V-ed.something][V→V]-~i[SBJ.V-ed.something][V→V]-~:(u)te[SBJ.V-ed.something][V→V]-te[to.act.on.so.as.to.cause.to.V][V→V]-te[to.act.on.so.as.to.cause.to.V][V→V]-te[to.act.on.so.as.to.cause.to.V][V→V]-te[to.act.on.so.as.to.cause.to.V][V→V]-te[to.act.on.so.as.to.cause.to.V][V→V]-te[to.act.on.so.as.to.cause.to.V][V→V]-te[to.act.on.so.as.to.cause.to.V][V→V]-@₁~fni[to.say.that.one.is.V-ing][Cmpd_Vbl][V][Intr][Opt][PRS][2Sg]
qukiitni	qukagh-~:(ng₁)u[to.be.N][N→V]-~i[SBJ.V-ed.something][V→V]-~i[SBJ.V-ed.something][V→V]-~i[SBJ.V-ed.something][V→V]-~i[SBJ.V-ed.something][V→V]-te[to.act.on.so.as.to.cause.to.V][V→V]-te[to.act.on.so.as.to.cause.to.V][V→V]-te[to.act.on.so.as.to.cause.to.V][V→V]-te[to.act.on.so.as.to.cause.to.V][V→V]-te[to.act.on.so.as.to.cause.to.V][V→V]-te[to.act.on.so.as.to.cause.to.V][V→V]-te[to.act.on.so.as.to.cause.to.V][V→V]-@₁~fni[to.say.that.one.is.V-ing][Cmpd_Vbl][V][Intr][Opt][PRS][2Sg]
qukiitni	qukagh-~:(ng₁)u[to.be.N][N→V]-~i[SBJ.V-ed.something][V→V]-~i[SBJ.V-ed.something][V→V]-~i[SBJ.V-ed.something][V→V]-~:(u)te[to.V.for.or.with][to.cause.to.V.as.one.is.V-ing][to.V.toward.each.other][V→V]-te[to.act.on.so.as.to.cause.to.V][V→V]-te[to.act.on.so.as.to.cause.to.V][V→V]-te[to.act.on.so.as.to.cause.to.V][V→V]-te[to.act.on.so.as.to.cause.to.V][V→V]-te[to.act.on.so.as.to.cause.to.V][V→V]-te[to.act.on.so.as.to.cause.to.V][V→V]-@₁~fni[to.say.that.one.is.V-ing][Cmpd_Vbl][V][Intr][Opt][PRS][2Sg]
qukiitni	qukagh-~:(ng₁)u[to.be.N][N→V]-~i[SBJ.V-ed.something][V→V]-~i[SBJ.V-ed.something][V→V]-~i[SBJ.V-ed.something][V→V]-~:(u)te[condition.with.respect.to.V-ing][V→N]-te[to.catch.N][to.go.to.N][N→V]-te[to.act.on.so.as.to.cause.to.V][V→V]-te[to.act.on.so.as.to.cause.to.V][V→V]-te[to.act.on.so.as.to.cause.to.V][V→V]-te[to.act.on.so.as.to.cause.to.V][V→V]-te[to.act.on.so.as.to.cause.to.V][V→V]-@₁~fni[to.say.that.one.is.V-ing][Cmpd_Vbl][V][Intr][Opt][PRS][2Sg]
qukiitni	qukagh-~:(ng₁)u[to.be.N][N→V]-~i[SBJ.V-ed.something][V→V]-~i[SBJ.V-ed.something][V→V]-~i[SBJ.V-ed.something][V→V]-~:(u)te[condition.with.respect.to.V-ing][V→N][N][Loc][Unpd][Pl]
qukiitni	qukagh-~:(ng₁)u[to.be.N][N→V]-~i[SBJ.V-ed.something][V→V]-~i[SBJ.V-ed.something][V→V]-~i[SBJ.V-ed.something][V→V]-~:(u)te[SBJ.V-ed.something][V→V]-te[to.act.on.so.as.to.cause.to.V][V→V]-te[to.act.on.so.as.to.cause.to.V][V→V]-te[to.act.on.so.as.to.cause.to.V][V→V]-te[to.act.on.so.as.to.cause.to.V][V→V]-te[to.act.on.so.as.to.cause.to.V][V→V]-te[to.act.on.so.as.to.cause.to.V][V→V]-@₁~fni[to.say.that.one.is.V-ing][Cmpd_Vbl][V][Intr][Opt][PRS][2Sg]
qukiitni	qukagh-~:(ng₁)u[to.be.N][N→V]-~i[SBJ.V-ed.something][V→V]-~i[SBJ.V-ed.something][V→V]-~i[SBJ.V-ed.something][V→V]-te[to.act.on.so.as.to.cause.to.V][V→V]-te[to.act.on.so.as.to.cause.to.V][V→V]-te[to.act.on.so.as.to.cause.to.V][V→V]-te[to.act.on.so.as.to.cause.to.V][V→V]-te[to.act.on.so.as.to.cause.to.V][V→V]-te[to.act.on.so.as.to.cause.to.V][V→V]-@₁~fni[to.say.that.one.is.V-ing][Cmpd_Vbl][V][Intr][Opt][PRS][2Sg]
qukiitni	qukagh-~:(ng₁)u[to.be.N][N→V]-~i[SBJ.V-ed.something][V→V]-~i[SBJ.V-ed.something][V→V]-~:(u)te[to.V.for.or.with][to.cause.to.V.as.one.is.V-ing][to.V.toward.each.other][V→V]-te[to.act.on.so.as.to.cause.to.V][V→V]-te[to.act.on.so.as.to.cause.to.V][V→V]-te[to.act.on.so.as.to.cause.to.V][V→V]-te[to.act.on.so.as.to.cause.to.V][V→V]-te[to.act.on.so.as.to.cause.to.V][V→V]-@₁~fni[to.say.that.one.is.V-ing][Cmpd_Vbl][V][Intr][Opt][PRS][2Sg]
qukiitni	qukagh-~:(ng₁)u[to.be.N][N→V]-~i[SBJ.V-ed.something][V→V]-~i[SBJ.V-ed.something][V→V]-~:(u)te[condition.with.respect.to.V-ing][V→N]-te[to.catch.N][to.go.to.N][N→V]-te[to.act.on.so.as.to.cause.to.V][V→V]-te[to.act.on.so.as.to.cause.to.V][V→V]-te[to.act.on.so.as.to.cause.to.V][V→V]-te[to.act.on.so.as.to.cause.to.V][V→V]-@₁~fni[to.say.that.one.is.V-ing][Cmpd_Vbl][V][Intr][Opt][PRS][2Sg]
qukiitni	qukagh-~:(ng₁)u[to.be.N][N→V]-~i[SBJ.V-ed.something][V→V]-~i[SBJ.V-ed.something][V→V]-~:(u)te[condition.with.respect.to.V-ing][V→N][N][Loc][Unpd][Pl]
qukiitni	qukagh-~:(ng₁)u[to.be.N][N→V]-~i[SBJ.V-ed.something][V→V]-~i[SBJ.V-ed.something][V→V]-~:(u)te[SBJ.V-ed.something][V→V]-te[to.act.on.so.as.to.cause.to.V][V→V]-te[to.act.on.so.as.to.cause.to.V][V→V]-te[to.act.on.so.as.to.cause.to.V][V→V]-te[to.act.on.so.as.to.cause.to.V][V→V]-te[to.act.on.so.as.to.cause.to.V][V→V]-@₁~fni[to.say.that.one.is.V-ing][Cmpd_Vbl][V][Intr][Opt][PRS][2Sg]
qukiitni	qukagh-~:(ng₁)u[to.be.N][N→V]-~i[SBJ.V-ed.something][V→V]-~i[SBJ.V-ed.something][V→V]-te[to.act.on.so.as.to.cause.to.V][V→V]-te[to.act.on.so.as.to.cause.to.V][V→V]-te[to.act.on.so.as.to.cause.to.V][V→V]-te[to.act.on.so.as.to.cause.to.V][V→V]-te[to.act.on.so.as.to.cause.to.V][V→V]-@₁~fni[to.say.that.one.is.V-ing][Cmpd_Vbl][V][Intr][Opt][PRS][2Sg]
qukiitni	qukagh-~:(ng₁)u[to.be.N][N→V]-~i[SBJ.V-ed.something][V→V]-~:(u)te[to.V.for.or.with][to.cause.to.V.as.one.is.V-ing][to.V.toward.each.other][V→V]-te[to.act.on.so.as.to.cause.to.V][V→V]-te[to.act.on.so.as.to.cause.to.V][V→V]-te[to.act.on.so.as.to.cause.to.V][V→V]-te[to.act.on.so.as.to.cause.to.V][V→V]-@₁~fni[to.say.that.one.is.V-ing][Cmpd_Vbl][V][Intr][Opt][PRS][2Sg]
qukiitni	qukagh-~:(ng₁)u[to.be.N][N→V]-~i[SBJ.V-ed.something][V→V]-~:(u)te[condition.with.respect.to.V-ing][V→N]-te[to.catch.N][to.go.to.N][N→V]-te[to.act.on.so.as.to.cause.to.V][V→V]-te[to.act.on.so.as.to.cause.to.V][V→V]-te[to.act.on.so.as.to.cause.to.V][V→V]-@₁~fni[to.say.that.one.is.V-ing][Cmpd_Vbl][V][Intr][Opt][PRS][2Sg]
qukiitni	qukagh-~:(ng₁)u[to.be.N][N→V]-~i[SBJ.V-ed.something][V→V]-~:(u)te[condition.with.respect.to.V-ing][V→N][N][Loc][Unpd][Pl]
qukiitni	qukagh-~:(ng₁)u[to.be.N][N→V]-~i[SBJ.V-ed.something][V→V]-~:(u)te[SBJ.V-ed.something][V→V]-te[to.act.on.so.as.to.cause.to.V][V→V]-te[to.act.on.so.as.to.cause.to.V][V→V]-te[to.act.on.so.as.to.cause.to.V][V→V]-te[to.act.on.so.as.to.cause.to.V][V→V]-@₁~fni[to.say.that.one.is.V-ing][Cmpd_Vbl][V][Intr][Opt][PRS][2Sg]
qukiitni	qukagh-~:(ng₁)u[to.be.N][N→V]-~i[SBJ.V-ed.something][V→V]-te[to.act.on.so.as.to.cause.to.V][V→V]-te[to.act.on.so.as.to.cause.to.V][V→V]-te[to.act.on.so.as.to.cause.to.V][V→V]-te[to.act.on.so.as.to.cause.to.V][V→V]-@₁~fni[to.say.that.one.is.V-ing][Cmpd_Vbl][V][Intr][Opt][PRS][2Sg]
qukiitni	qukagh[N][Loc][3DuPoss][PlPosd]
qukiitni	qukagh[N][Loc][3DuPoss][DuPosd]
qukiitni	qukagh[N][Loc][3PlPoss][SgPosd]
qukiitni	qukagh[N][Loc][3PlPoss][PlPosd]
qukiitni	qukagh[N][Loc][3PlPoss][DuPosd]

------------------------


------------------------
Punguuk taakuk malghughqellutek ayuquk:

punguuk	Punguug[N][Abs][Unpd][Sg]

taakuk	taake[V][Intr][Ind][3Du]

malghughqellutek	malghughqe-te[to.act.on.so.as.to.cause.to.V][V→V][V][Intr][Sbrd][2Du]
malghughqellutek	malghughqe-te[to.act.on.so.as.to.cause.to.V][V→V][V][Intr][Sbrd][3Du]
malghughqellutek	malghughqe-te[to.act.on.so.as.to.cause.to.V][V→V][V][Trns][Sbrd][_][2Du]

ayuquk	ayuqe[V][Intr][Ind][3Du]

------------------------
Sivuliiklu, Punguuk, Kinguliiklu Punguuk.

sivuliiklu	sivuligh*[N][Abs][Unpd][Du]-llu[Encl]
sivuliiklu	sivuligh*[N][Abs][3DuPoss][SgPosd]-llu[Encl]
sivuliiklu	sivuligh*[N][Abs][3DuPoss][PlPosd]-llu[Encl]
sivuliiklu	sivuligh*[N][Rel][Unpd][Du]-llu[Encl]

punguuk	Punguug[N][Abs][Unpd][Sg]

kinguliiklu	kinguligh*[N][Abs][Unpd][Du]-llu[Encl]
kinguliiklu	kinguligh*[N][Abs][3DuPoss][SgPosd]-llu[Encl]
kinguliiklu	kinguligh*[N][Abs][3DuPoss][PlPosd]-llu[Encl]
kinguliiklu	kinguligh*[N][Rel][Unpd][Du]-llu[Encl]

punguuk	Punguug[N][Abs][Unpd][Sg]

------------------------
Punguum culture-nga mingiilluni ayuquq.

punguum	+?

culturenga	+?

mingiilluni	+?

ayuquq	ayuqe[V][Intr][Ind][3Sg]

------------------------
Sivuqami maani uliimaaq naalkaqaat Pungughmiistun ayuqelghii.

sivuqami	Sivuqagh[N][Loc][Unpd][Sg]
sivuqami	Sivuqagh[N][Rel][4SgPoss][PlPosd]
sivuqami	Sivuqagh[N][Rel][4SgPoss][SgPosd]

maani	maani

uliimaaq	ulu-~i[SBJ.V-ed.something][V→V]-~i[SBJ.V-ed.something][V→V]-~i[SBJ.V-ed.something][V→V]-~i[SBJ.V-ed.something][V→V]-@₁~:(i/u)ma[to.have.V-ed][to.have.been.V-ed][V→V]-~faagh[one.who.keeps.on.V-ing][AUG]
uliimaaq	ulu-~i[SBJ.V-ed.something][V→V]-~i[SBJ.V-ed.something][V→V]-~i[SBJ.V-ed.something][V→V]-~i[SBJ.V-ed.something][V→V]-@₁~:(i/u)ma[to.have.V-ed][to.have.been.V-ed][V→V][V][Intr][Ind][3Sg]
uliimaaq	ulu-~i[SBJ.V-ed.something][V→V]-~i[SBJ.V-ed.something][V→V]-~i[SBJ.V-ed.something][V→V]-@₁~:(i/u)ma[to.have.V-ed][to.have.been.V-ed][V→V]-~faagh[one.who.keeps.on.V-ing][AUG]
uliimaaq	ulu-~i[SBJ.V-ed.something][V→V]-~i[SBJ.V-ed.something][V→V]-~i[SBJ.V-ed.something][V→V]-@₁~:(i/u)ma[to.have.V-ed][to.have.been.V-ed][V→V][V][Intr][Ind][3Sg]
uliimaaq	ulu-~i[SBJ.V-ed.something][V→V]-~i[SBJ.V-ed.something][V→V]-@₁~:(i/u)ma[to.have.V-ed][to.have.been.V-ed][V→V]-~faagh[one.who.keeps.on.V-ing][AUG]
uliimaaq	ulu-~i[SBJ.V-ed.something][V→V]-~i[SBJ.V-ed.something][V→V]-@₁~:(i/u)ma[to.have.V-ed][to.have.been.V-ed][V→V][V][Intr][Ind][3Sg]
uliimaaq	ulu-~i[SBJ.V-ed.something][V→V]-@₁~:(i/u)ma[to.have.V-ed][to.have.been.V-ed][V→V]-~faagh[one.who.keeps.on.V-ing][AUG]
uliimaaq	ulu-~i[SBJ.V-ed.something][V→V]-@₁~:(i/u)ma[to.have.V-ed][to.have.been.V-ed][V→V][V][Intr][Ind][3Sg]

naalkaqaat	naalke-~(g₁)aqe[to.be.V.ing][to.regularly.or.repeatedly.V][V→V][V][Trns][Ind][3Pl][3Sg]

pungughmiistun	Pungughmii(t)[N][Equ][Unpd][Pl]

ayuqelghii	ayuqe-@₁–lghii[the.one.that.V-ed][the.one.that.is.V][V→N][N][Abs][Unpd][Sg]

------------------------


------------------------
Ketngipalagni naalkutkaagunga Uugfigestun ayuqelghiimeng.

ketngipalagni	Ketngipalag[N][Loc][Unpd][Pl]

naalkutkaagunga	Nalle-~–ke[to.have.as.one's.N(s)][N→V]-~:(u)te[to.V.for.or.with][to.cause.to.V.as.one.is.V-ing][to.V.toward.each.other][V→V]-@₂~fkau[to.have.V-ed][to.have.been.V-ed][V→V][V][Intr][Ind][1Sg]
naalkutkaagunga	Nalle-~–ke[to.have.as.one's.N(s)][N→V]-~:(u)te[SBJ.V-ed.something][V→V]-@₂~fkau[to.have.V-ed][to.have.been.V-ed][V→V][V][Intr][Ind][1Sg]
naalkutkaagunga	naa-–leg[one.having.N][N→N]-~–ke[to.have.as.one's.N(s)][N→V]-~:(u)te[to.V.for.or.with][to.cause.to.V.as.one.is.V-ing][to.V.toward.each.other][V→V]-@₂~fkau[to.have.V-ed][to.have.been.V-ed][V→V][V][Intr][Ind][1Sg]
naalkutkaagunga	naa-–leg[one.having.N][N→N]-~–ke[to.have.as.one's.N(s)][N→V]-~:(u)te[SBJ.V-ed.something][V→V]-@₂~fkau[to.have.V-ed][to.have.been.V-ed][V→V][V][Intr][Ind][1Sg]
naalkutkaagunga	naalke-~:(u)te[to.V.for.or.with][to.cause.to.V.as.one.is.V-ing][to.V.toward.each.other][V→V]-@₂~fkau[to.have.V-ed][to.have.been.V-ed][V→V][V][Intr][Ind][1Sg]
naalkutkaagunga	naalke-~:(u)te[SBJ.V-ed.something][V→V]-@₂~fkau[to.have.V-ed][to.have.been.V-ed][V→V][V][Intr][Ind][1Sg]
naalkutkaagunga	naalkute-@₂~fkau[to.have.V-ed][to.have.been.V-ed][V→V][V][Intr][Ind][1Sg]
naalkutkaagunga	nalle-~–ke[to.have.as.one's.N(s)][N→V]-~:(u)te[to.V.for.or.with][to.cause.to.V.as.one.is.V-ing][to.V.toward.each.other][V→V]-@₂~fkau[to.have.V-ed][to.have.been.V-ed][V→V][V][Intr][Ind][1Sg]
naalkutkaagunga	nalle-~–ke[to.have.as.one's.N(s)][N→V]-~:(u)te[SBJ.V-ed.something][V→V]-@₂~fkau[to.have.V-ed][to.have.been.V-ed][V→V][V][Intr][Ind][1Sg]

uugfigestun	+?

ayuqelghiimeng	ayuqe-@₁–lghii[the.one.that.V-ed][the.one.that.is.V][V→N][N][Abl_Mod][Unpd][Sg]
ayuqelghiimeng	ayuqe-@₁–lghii[the.one.that.V-ed][the.one.that.is.V][V→N][N][Rel][4DuPoss][PlPosd]
ayuqelghiimeng	ayuqe-@₁–lghii[the.one.that.V-ed][the.one.that.is.V][V→N][N][Rel][4DuPoss][SgPosd]
ayuqelghiimeng	ayuqe-@₁–lghii[the.one.that.V-ed][the.one.that.is.V][V→N][N][Rel][4PlPoss][PlPosd]
ayuqelghiimeng	ayuqe-@₁–lghii[the.one.that.V-ed][the.one.that.is.V][V→N][N][Rel][4PlPoss][SgPosd]

------------------------
Taagani nuugtekat Uugfigneng taakwavek Dr. Bandim iiggegkaanun, taagken nuugtekat tekeghaanun.

taagani	taagagh[N][Abs][4SgPoss][SgPosd]
taagani	taagagh[N][Abs][4SgPoss][PlPosd]
taagani	taagagh[N][Loc][Unpd][Pl]

nuugtekat	+?

uugfigneng	+?

taakwavek	+?

dr	+?

bandim	+?

iiggegkaanun	+?

taagken	taagken

nuugtekat	+?

tekeghaanun	tekeghagh[N][Ter][3SgPoss][SgPosd]
tekeghaanun	tekeghagh[N][Ter][3SgPoss][PlPosd]
tekeghaanun	Tekeghagh[N][Ter][3SgPoss][SgPosd]
tekeghaanun	Tekeghagh[N][Ter][3SgPoss][PlPosd]

------------------------


------------------------
Sivulightat taakut Ketngipalam pengwaakraganilnguut.

sivulightat	sivuligh*-te[to.catch.N][to.go.to.N][N→V][V][Intr][Intrg][3Pl]

taakut	taake[V][Intr][Ind][3Pl]

ketngipalam	+?

pengwaakraganilnguut	+?

------------------------
Naalkutaaput tawani Uugfigestun aghyuqaghtutkaat.

naalkutaaput	naalkutaagh[N][Abs][1PlPoss][PlPosd]

tawani	tawani
tawani	tawani[N][Abs][Unpd][Sg]

uugfigestun	+?

aghyuqaghtutkaat	+?

------------------------
Sivuliimllu Punguum pingatun ayuqelghiimeng pilguuq tazikna.

sivuliimllu	sivuligh*[N][Rel][Unpd][Sg]-llu[Encl]

punguum	+?

pingatun	pi[N][Equ][3SgPoss][SgPosd]
pingatun	pi[N][Equ][3SgPoss][PlPosd]

ayuqelghiimeng	ayuqe-@₁–lghii[the.one.that.V-ed][the.one.that.is.V][V→N][N][Abl_Mod][Unpd][Sg]
ayuqelghiimeng	ayuqe-@₁–lghii[the.one.that.V-ed][the.one.that.is.V][V→N][N][Rel][4DuPoss][PlPosd]
ayuqelghiimeng	ayuqe-@₁–lghii[the.one.that.V-ed][the.one.that.is.V][V→N][N][Rel][4DuPoss][SgPosd]
ayuqelghiimeng	ayuqe-@₁–lghii[the.one.that.V-ed][the.one.that.is.V][V→N][N][Rel][4PlPoss][PlPosd]
ayuqelghiimeng	ayuqe-@₁–lghii[the.one.that.V-ed][the.one.that.is.V][V→N][N][Rel][4PlPoss][SgPosd]

pilguuq	pi-–lgu[to.have.N][N→V][V][Intr][Ind][3Sg]

tazikna	tazikna

------------------------
Ilangi piniipigtaaqut.

ilangi	ila[N][Abs][3SgPoss][PlPosd]

piniipigtaaqut	+?

------------------------


------------------------
Naalkutaamteggun ilggnemta liigikaqaput naken culturemeng pingutangi ulimallghitgun.

naalkutaamteggun	naalkutaagh[N][Via][1PlPoss][PlPosd]
naalkutaamteggun	naalkutaagh[N][Via][1PlPoss][SgPosd]

ilggnemta	+?

liigikaqaput	liigike-~(g₁)aqe[to.be.V.ing][to.regularly.or.repeatedly.V][V→V][V][Trns][Ind][1Pl][3Sg]
liigikaqaput	liigike-~(g₁)aqe[to.be.V.ing][to.regularly.or.repeatedly.V][V→V][V][Trns][Ind][1Pl][3Pl]

naken	na-@*@₂~sf–(g₂)k(a)e[the.one.that.possessor.V-ed][V→N][N][Abs][2SgPoss][SgPosd]
naken	na[V][Trns][Ptcp][2Sg][3Sg]
naken	naken
naken	nakete[N][Abs][Unpd][Sg]

culturemeng	+?

pingutangi	pi-~:(ng₁)u[to.be.N][N→V]-~:(u)ta[condition.with.respect.to.V-ing][V→N][N][Abs][3SgPoss][PlPosd]

ulimallghitgun	+?

------------------------
Uugfik taana sivulightalleghpiigaaguq maani. Naalkutaamnni terellghit maalghut saaqwliqutalghiit. Terellghetlu qamavneghtuqat.

uugfik	uugte-@₁~fvik[place.to.V][V→N][N][Abs][Unpd][Sg]

taana	taane[V][Intr][Intrg][3Sg]
taana	taana

sivulightalleghpiigaaguq	+?

maani	maani

naalkutaamnni	naalkutaagh[N][Loc][1PlPoss][PlPosd]
naalkutaamnni	naalkutaagh[N][Loc][1PlPoss][SgPosd]

terellghit	terellegh[N][Abs][3PlPoss][PlPosd]

maalghut	+?

saaqwliqutalghiit	+?

terellghetlu	terellegh[N][Abs][Unpd][Pl]-llu[Encl]
terellghetlu	terellegh[N][Rel][Unpd][Pl]-llu[Encl]

qamavneghtuqat	+?

------------------------
Uugfik taana 2000 years-neng ingavantuq.

uugfik	uugte-@₁~fvik[place.to.V][V→N][N][Abs][Unpd][Sg]

taana	taane[V][Intr][Intrg][3Sg]
taana	taana

2000	+?

yearsneng	+?

ingavantuq	+?

------------------------
Uugfigmiit uliimaaghita terellghit samavneghtuqat, awalighneghi terellghet qaayvanlenguut, angqaperugtallgaawaqluteng.

uugfigmiit	+?

uliimaaghita	+?

terellghit	terellegh[N][Abs][3PlPoss][PlPosd]

samavneghtuqat	+?

awalighneghi	awalighnegh[N][Abs][3SgPoss][PlPosd]

terellghet	terellegh[N][Abs][Unpd][Pl]
terellghet	terellegh[N][Rel][Unpd][Pl]

qaayvanlenguut	+?

angqaperugtallgaawaqluteng	+?

------------------------
Tuunglikek uugfigek taakuk Old Bering Sea One-nguuk.

tuunglikek	tuungligh[N][Abs][3SgPoss][DuPosd]

uugfigek	+?

taakuk	taake[V][Intr][Ind][3Du]

old	+?

bering	+?

sea	+?

onenguuk	+?

------------------------
Paninang uksughtutkalghiik tawaten 2000 years.

paninang	paninang

uksughtutkalghiik	+?

tawaten	tawaten

2000	+?

years	+?

------------------------


------------------------
Old Bering Sea-m igaqrallghan terellghi samavneghtuqat agughsimaghmeng.

old	+?

bering	+?

seam	+?

igaqrallghan	+?

terellghi	terellegh[N][Abs][3SgPoss][PlPosd]

samavneghtuqat	+?

agughsimaghmeng	agugh-te[to.catch.N][to.go.to.N][N→V]-@₁~:(i/u)magh*[while.V-ing][V→V][Quant_Qual][4Pl]

------------------------
Taamani ulimayiitkanit, Iwernga pinilghiit igaqrallghi.

taamani	+?

ulimayiitkanit	+?

iwernga	iwernga

pinilghiit	pi-@₁~fni[to.say.that.one.is.V-ing][Cmpd_Vbl]-@₁–lghii[the.one.that.V-ed][the.one.that.is.V][V→N][N][Abs][Unpd][Pl]
pinilghiit	pi-@₁~fni[to.say.that.one.is.V-ing][Cmpd_Vbl]-@₁–lghii[the.one.that.V-ed][the.one.that.is.V][V→N][N][Rel][Unpd][Pl]
pinilghiit	pi-@₁~fni[to.say.that.one.is.V-ing][Cmpd_Vbl][V][Intr][Ptcp][3Pl]
pinilghiit	pi-~:(u)te[to.V.for.or.with][to.cause.to.V.as.one.is.V-ing][to.V.toward.each.other][V→V]-@₁~fni[to.say.that.one.is.V-ing][Cmpd_Vbl]-@₁–lghii[the.one.that.V-ed][the.one.that.is.V][V→N][N][Abs][Unpd][Pl]
pinilghiit	pi-~:(u)te[to.V.for.or.with][to.cause.to.V.as.one.is.V-ing][to.V.toward.each.other][V→V]-@₁~fni[to.say.that.one.is.V-ing][Cmpd_Vbl]-@₁–lghii[the.one.that.V-ed][the.one.that.is.V][V→N][N][Rel][Unpd][Pl]
pinilghiit	pi-~:(u)te[to.V.for.or.with][to.cause.to.V.as.one.is.V-ing][to.V.toward.each.other][V→V]-@₁~fni[to.say.that.one.is.V-ing][Cmpd_Vbl][V][Intr][Ptcp][3Pl]
pinilghiit	pi-~:(u)te[SBJ.V-ed.something][V→V]-@₁~fni[to.say.that.one.is.V-ing][Cmpd_Vbl]-@₁–lghii[the.one.that.V-ed][the.one.that.is.V][V→N][N][Abs][Unpd][Pl]
pinilghiit	pi-~:(u)te[SBJ.V-ed.something][V→V]-@₁~fni[to.say.that.one.is.V-ing][Cmpd_Vbl]-@₁–lghii[the.one.that.V-ed][the.one.that.is.V][V→N][N][Rel][Unpd][Pl]
pinilghiit	pi-~:(u)te[SBJ.V-ed.something][V→V]-@₁~fni[to.say.that.one.is.V-ing][Cmpd_Vbl][V][Intr][Ptcp][3Pl]
pinilghiit	pinigh-@₁–lghii[the.one.that.V-ed][the.one.that.is.V][V→N][N][Abs][Unpd][Pl]
pinilghiit	pinigh-@₁–lghii[the.one.that.V-ed][the.one.that.is.V][V→N][N][Rel][Unpd][Pl]
pinilghiit	pinigh[V][Intr][Ptcp][3Pl]

igaqrallghi	+?

------------------------


------------------------
Whaa maaten tukfightughtet tukfiighinaaquteghliaquut taghnughhaghwaaghmeng, naasqughwaaghmeng, ilanganengllu pinilghiimeng sameng allaaghlluwhaghmeng.

whaa	whaa
whaa	whaa[N][Abs][Unpd][Sg]

maaten	maaten
maaten	maatete[N][Abs][Unpd][Sg]

tukfightughtet	+?

tukfiighinaaquteghliaquut	+?

taghnughhaghwaaghmeng	taghnughhaghwaagh[N][Abl_Mod][Unpd][Sg]
taghnughhaghwaaghmeng	taghnughhaghwaagh[N][Rel][4DuPoss][PlPosd]
taghnughhaghwaaghmeng	taghnughhaghwaagh[N][Rel][4DuPoss][SgPosd]
taghnughhaghwaaghmeng	taghnughhaghwaagh[N][Rel][4PlPoss][PlPosd]
taghnughhaghwaaghmeng	taghnughhaghwaagh[N][Rel][4PlPoss][SgPosd]

naasqughwaaghmeng	+?

ilanganengllu	ila[N][Abl_Mod][3SgPoss][SgPosd]-llu[Encl]
ilanganengllu	ila[N][Abl_Mod][3SgPoss][PlPosd]-llu[Encl]

pinilghiimeng	pi-@₁~fni[to.say.that.one.is.V-ing][Cmpd_Vbl]-@₁–lghii[the.one.that.V-ed][the.one.that.is.V][V→N][N][Abl_Mod][Unpd][Sg]
pinilghiimeng	pi-@₁~fni[to.say.that.one.is.V-ing][Cmpd_Vbl]-@₁–lghii[the.one.that.V-ed][the.one.that.is.V][V→N][N][Rel][4DuPoss][PlPosd]
pinilghiimeng	pi-@₁~fni[to.say.that.one.is.V-ing][Cmpd_Vbl]-@₁–lghii[the.one.that.V-ed][the.one.that.is.V][V→N][N][Rel][4DuPoss][SgPosd]
pinilghiimeng	pi-@₁~fni[to.say.that.one.is.V-ing][Cmpd_Vbl]-@₁–lghii[the.one.that.V-ed][the.one.that.is.V][V→N][N][Rel][4PlPoss][PlPosd]
pinilghiimeng	pi-@₁~fni[to.say.that.one.is.V-ing][Cmpd_Vbl]-@₁–lghii[the.one.that.V-ed][the.one.that.is.V][V→N][N][Rel][4PlPoss][SgPosd]
pinilghiimeng	pi-~:(u)te[to.V.for.or.with][to.cause.to.V.as.one.is.V-ing][to.V.toward.each.other][V→V]-@₁~fni[to.say.that.one.is.V-ing][Cmpd_Vbl]-@₁–lghii[the.one.that.V-ed][the.one.that.is.V][V→N][N][Abl_Mod][Unpd][Sg]
pinilghiimeng	pi-~:(u)te[to.V.for.or.with][to.cause.to.V.as.one.is.V-ing][to.V.toward.each.other][V→V]-@₁~fni[to.say.that.one.is.V-ing][Cmpd_Vbl]-@₁–lghii[the.one.that.V-ed][the.one.that.is.V][V→N][N][Rel][4DuPoss][PlPosd]
pinilghiimeng	pi-~:(u)te[to.V.for.or.with][to.cause.to.V.as.one.is.V-ing][to.V.toward.each.other][V→V]-@₁~fni[to.say.that.one.is.V-ing][Cmpd_Vbl]-@₁–lghii[the.one.that.V-ed][the.one.that.is.V][V→N][N][Rel][4DuPoss][SgPosd]
pinilghiimeng	pi-~:(u)te[to.V.for.or.with][to.cause.to.V.as.one.is.V-ing][to.V.toward.each.other][V→V]-@₁~fni[to.say.that.one.is.V-ing][Cmpd_Vbl]-@₁–lghii[the.one.that.V-ed][the.one.that.is.V][V→N][N][Rel][4PlPoss][PlPosd]
pinilghiimeng	pi-~:(u)te[to.V.for.or.with][to.cause.to.V.as.one.is.V-ing][to.V.toward.each.other][V→V]-@₁~fni[to.say.that.one.is.V-ing][Cmpd_Vbl]-@₁–lghii[the.one.that.V-ed][the.one.that.is.V][V→N][N][Rel][4PlPoss][SgPosd]
pinilghiimeng	pi-~:(u)te[SBJ.V-ed.something][V→V]-@₁~fni[to.say.that.one.is.V-ing][Cmpd_Vbl]-@₁–lghii[the.one.that.V-ed][the.one.that.is.V][V→N][N][Abl_Mod][Unpd][Sg]
pinilghiimeng	pi-~:(u)te[SBJ.V-ed.something][V→V]-@₁~fni[to.say.that.one.is.V-ing][Cmpd_Vbl]-@₁–lghii[the.one.that.V-ed][the.one.that.is.V][V→N][N][Rel][4DuPoss][PlPosd]
pinilghiimeng	pi-~:(u)te[SBJ.V-ed.something][V→V]-@₁~fni[to.say.that.one.is.V-ing][Cmpd_Vbl]-@₁–lghii[the.one.that.V-ed][the.one.that.is.V][V→N][N][Rel][4DuPoss][SgPosd]
pinilghiimeng	pi-~:(u)te[SBJ.V-ed.something][V→V]-@₁~fni[to.say.that.one.is.V-ing][Cmpd_Vbl]-@₁–lghii[the.one.that.V-ed][the.one.that.is.V][V→N][N][Rel][4PlPoss][PlPosd]
pinilghiimeng	pi-~:(u)te[SBJ.V-ed.something][V→V]-@₁~fni[to.say.that.one.is.V-ing][Cmpd_Vbl]-@₁–lghii[the.one.that.V-ed][the.one.that.is.V][V→N][N][Rel][4PlPoss][SgPosd]
pinilghiimeng	pinigh-@₁–lghii[the.one.that.V-ed][the.one.that.is.V][V→N][N][Abl_Mod][Unpd][Sg]
pinilghiimeng	pinigh-@₁–lghii[the.one.that.V-ed][the.one.that.is.V][V→N][N][Rel][4DuPoss][PlPosd]
pinilghiimeng	pinigh-@₁–lghii[the.one.that.V-ed][the.one.that.is.V][V→N][N][Rel][4DuPoss][SgPosd]
pinilghiimeng	pinigh-@₁–lghii[the.one.that.V-ed][the.one.that.is.V][V→N][N][Rel][4PlPoss][PlPosd]
pinilghiimeng	pinigh-@₁–lghii[the.one.that.V-ed][the.one.that.is.V][V→N][N][Rel][4PlPoss][SgPosd]

sameng	sa[N][Abl_Mod][Unpd][Sg]
sameng	sa[N][Rel][4DuPoss][PlPosd]
sameng	sa[N][Rel][4DuPoss][SgPosd]
sameng	sa[N][Rel][4PlPoss][PlPosd]
sameng	sa[N][Rel][4PlPoss][SgPosd]
sameng	sameng

allaaghlluwhaghmeng	+?

------------------------
Tamaakut taghnughhaghwaaghet Uugfignun kaalluteng ayuqut.

tamaakut	tamaa[V][Trns][Opt][PRS][2Sg][1Pl]
tamaakut	tamaa[V][Trns][Intrg][2Pl][1Pl]

taghnughhaghwaaghet	taghnughhaghwaagh[N][Abs][Unpd][Pl]
taghnughhaghwaaghet	taghnughhaghwaagh[N][Rel][Unpd][Pl]

uugfignun	+?

kaalluteng	kaate[V][Intr][Sbrd][3Pl]

ayuqut	ayuqe[V][Intr][Ind][3Pl]

------------------------
Kiyang tawatekaniq ullimallghi ayuqutut.

kiyang	kiyang

tawatekaniq	+?

ullimallghi	+?

ayuqutut	ayuqe-~:(u)te[to.V.for.or.with][to.cause.to.V.as.one.is.V-ing][to.V.toward.each.other][V→V][V][Intr][Ind][3Pl]
ayuqutut	ayuqe-~:(u)te[SBJ.V-ed.something][V→V][V][Intr][Ind][3Pl]

------------------------
Ilangi taghnughhaghwaaghem ullmallghi Egypt-eghmiit ulmaaghistun ayuqut.

ilangi	ila[N][Abs][3SgPoss][PlPosd]

taghnughhaghwaaghem	taghnughhaghwaagh[N][Rel][Unpd][Sg]

ullmallghi	+?

egypteghmiit	+?

ulmaaghistun	+?

ayuqut	ayuqe[V][Intr][Ind][3Pl]

------------------------
Naasqughwaaghem enkaam Ilangi Indian-eghmiistun ayuqut, igaqrallghitlu tawatengwaaq ayuqaqut.

naasqughwaaghem	+?

enkaam	enkaam

ilangi	ila[N][Abs][3SgPoss][PlPosd]

indianeghmiistun	+?

ayuqut	ayuqe[V][Intr][Ind][3Pl]

igaqrallghitlu	+?

tawatengwaaq	tawatengwaaq

ayuqaqut	ayuqe-~(g₁)aqe[to.be.V.ing][to.regularly.or.repeatedly.V][V→V][V][Intr][Ind][3Pl]

------------------------
