AYUMIIM EGHQWAALLGHALLU, EGHQWAAGHUSAALLU

ayumiim	ayumigh*[N][Rel][Unpd][Sg]

eghqwaallghallu	+?

eghqwaaghusaallu	+?

------------------------
Apangaluum Apellgha

apangaluum	+?

apellgha	+?

------------------------


------------------------
Kitum igleghulleqagu ayumiim yupigita eghqwaallgha?

kitum	kitum
kitum	kitum[N][Abs][Unpd][Sg]

igleghulleqagu	+?

ayumiim	ayumigh*[N][Rel][Unpd][Sg]

yupigita	Yupig-~:(ng₁)ite**[to.lack.N][to.not.have.N][N→V][V][Intr][Intrg][3Sg]
yupigita	Yupig[N][Rel][3DuPoss][PlPosd]
yupigita	Yupig[N][Rel][3DuPoss][SgPosd]
yupigita	Yupig[N][Rel][3PlPoss][PlPosd]
yupigita	Yupig[N][Rel][3PlPoss][SgPosd]

eghqwaallgha	+?

------------------------
Maalghuguuk, nalighmeng pingayut allakullghiit sivunelget maani Sivuqami ramket.

maalghuguuk	maalghug-~:(ng₁)u[to.be.N][N→V][V][Intr][Ind][3Du]

nalighmeng	naligh*[N][Abl_Mod][Unpd][Sg]
nalighmeng	naligh*[N][Rel][4DuPoss][PlPosd]
nalighmeng	naligh*[N][Rel][4DuPoss][SgPosd]
nalighmeng	naligh*[N][Rel][4PlPoss][PlPosd]
nalighmeng	naligh*[N][Rel][4PlPoss][SgPosd]
nalighmeng	nalighmeng
nalighmeng	nalighmeng[N][Abs][Unpd][Sg]

pingayut	pingayut[N][Abs][Unpd][Sg]

allakullghiit	alla-~–ke[to.have.as.one's.N(s)][N→V]-~:(u)te[to.V.for.or.with][to.cause.to.V.as.one.is.V-ing][to.V.toward.each.other][V→V]-te[to.act.on.so.as.to.cause.to.V][V→V]-te[to.act.on.so.as.to.cause.to.V][V→V]-@₁–lghii[the.one.that.V-ed][the.one.that.is.V][V→N][N][Abs][Unpd][Pl]
allakullghiit	alla-~–ke[to.have.as.one's.N(s)][N→V]-~:(u)te[to.V.for.or.with][to.cause.to.V.as.one.is.V-ing][to.V.toward.each.other][V→V]-te[to.act.on.so.as.to.cause.to.V][V→V]-te[to.act.on.so.as.to.cause.to.V][V→V]-@₁–lghii[the.one.that.V-ed][the.one.that.is.V][V→N][N][Rel][Unpd][Pl]
allakullghiit	alla-~–ke[to.have.as.one's.N(s)][N→V]-~:(u)te[to.V.for.or.with][to.cause.to.V.as.one.is.V-ing][to.V.toward.each.other][V→V]-te[to.act.on.so.as.to.cause.to.V][V→V]-te[to.act.on.so.as.to.cause.to.V][V→V][V][Intr][Ptcp][3Pl]
allakullghiit	alla-~–ke[to.have.as.one's.N(s)][N→V]-~:(u)te[to.V.for.or.with][to.cause.to.V.as.one.is.V-ing][to.V.toward.each.other][V→V]-te[to.act.on.so.as.to.cause.to.V][V→V]-@₁–lghii[the.one.that.V-ed][the.one.that.is.V][V→N][N][Abs][Unpd][Pl]
allakullghiit	alla-~–ke[to.have.as.one's.N(s)][N→V]-~:(u)te[to.V.for.or.with][to.cause.to.V.as.one.is.V-ing][to.V.toward.each.other][V→V]-te[to.act.on.so.as.to.cause.to.V][V→V]-@₁–lghii[the.one.that.V-ed][the.one.that.is.V][V→N][N][Rel][Unpd][Pl]
allakullghiit	alla-~–ke[to.have.as.one's.N(s)][N→V]-~:(u)te[to.V.for.or.with][to.cause.to.V.as.one.is.V-ing][to.V.toward.each.other][V→V]-te[to.act.on.so.as.to.cause.to.V][V→V][V][Intr][Ptcp][3Pl]
allakullghiit	alla-~–ke[to.have.as.one's.N(s)][N→V]-~:(u)te[to.V.for.or.with][to.cause.to.V.as.one.is.V-ing][to.V.toward.each.other][V→V]-@₁–lghii[the.one.that.V-ed][the.one.that.is.V][V→N][N][Abs][Unpd][Pl]
allakullghiit	alla-~–ke[to.have.as.one's.N(s)][N→V]-~:(u)te[to.V.for.or.with][to.cause.to.V.as.one.is.V-ing][to.V.toward.each.other][V→V]-@₁–lghii[the.one.that.V-ed][the.one.that.is.V][V→N][N][Rel][Unpd][Pl]
allakullghiit	alla-~–ke[to.have.as.one's.N(s)][N→V]-~:(u)te[to.V.for.or.with][to.cause.to.V.as.one.is.V-ing][to.V.toward.each.other][V→V][V][Intr][Ptcp][3Pl]
allakullghiit	alla-~–ke[to.have.as.one's.N(s)][N→V]-~:(u)te[condition.with.respect.to.V-ing][V→N]-te[to.catch.N][to.go.to.N][N→V]-te[to.act.on.so.as.to.cause.to.V][V→V]-@₁–lghii[the.one.that.V-ed][the.one.that.is.V][V→N][N][Abs][Unpd][Pl]
allakullghiit	alla-~–ke[to.have.as.one's.N(s)][N→V]-~:(u)te[condition.with.respect.to.V-ing][V→N]-te[to.catch.N][to.go.to.N][N→V]-te[to.act.on.so.as.to.cause.to.V][V→V]-@₁–lghii[the.one.that.V-ed][the.one.that.is.V][V→N][N][Rel][Unpd][Pl]
allakullghiit	alla-~–ke[to.have.as.one's.N(s)][N→V]-~:(u)te[condition.with.respect.to.V-ing][V→N]-te[to.catch.N][to.go.to.N][N→V]-te[to.act.on.so.as.to.cause.to.V][V→V][V][Intr][Ptcp][3Pl]
allakullghiit	alla-~–ke[to.have.as.one's.N(s)][N→V]-~:(u)te[condition.with.respect.to.V-ing][V→N]-te[to.catch.N][to.go.to.N][N→V]-@₁–lghii[the.one.that.V-ed][the.one.that.is.V][V→N][N][Abs][Unpd][Pl]
allakullghiit	alla-~–ke[to.have.as.one's.N(s)][N→V]-~:(u)te[condition.with.respect.to.V-ing][V→N]-te[to.catch.N][to.go.to.N][N→V]-@₁–lghii[the.one.that.V-ed][the.one.that.is.V][V→N][N][Rel][Unpd][Pl]
allakullghiit	alla-~–ke[to.have.as.one's.N(s)][N→V]-~:(u)te[condition.with.respect.to.V-ing][V→N]-te[to.catch.N][to.go.to.N][N→V][V][Intr][Ptcp][3Pl]
allakullghiit	alla-~–ke[to.have.as.one's.N(s)][N→V]-~:(u)te[SBJ.V-ed.something][V→V]-te[to.act.on.so.as.to.cause.to.V][V→V]-te[to.act.on.so.as.to.cause.to.V][V→V]-@₁–lghii[the.one.that.V-ed][the.one.that.is.V][V→N][N][Abs][Unpd][Pl]
allakullghiit	alla-~–ke[to.have.as.one's.N(s)][N→V]-~:(u)te[SBJ.V-ed.something][V→V]-te[to.act.on.so.as.to.cause.to.V][V→V]-te[to.act.on.so.as.to.cause.to.V][V→V]-@₁–lghii[the.one.that.V-ed][the.one.that.is.V][V→N][N][Rel][Unpd][Pl]
allakullghiit	alla-~–ke[to.have.as.one's.N(s)][N→V]-~:(u)te[SBJ.V-ed.something][V→V]-te[to.act.on.so.as.to.cause.to.V][V→V]-te[to.act.on.so.as.to.cause.to.V][V→V][V][Intr][Ptcp][3Pl]
allakullghiit	alla-~–ke[to.have.as.one's.N(s)][N→V]-~:(u)te[SBJ.V-ed.something][V→V]-te[to.act.on.so.as.to.cause.to.V][V→V]-@₁–lghii[the.one.that.V-ed][the.one.that.is.V][V→N][N][Abs][Unpd][Pl]
allakullghiit	alla-~–ke[to.have.as.one's.N(s)][N→V]-~:(u)te[SBJ.V-ed.something][V→V]-te[to.act.on.so.as.to.cause.to.V][V→V]-@₁–lghii[the.one.that.V-ed][the.one.that.is.V][V→N][N][Rel][Unpd][Pl]
allakullghiit	alla-~–ke[to.have.as.one's.N(s)][N→V]-~:(u)te[SBJ.V-ed.something][V→V]-te[to.act.on.so.as.to.cause.to.V][V→V][V][Intr][Ptcp][3Pl]
allakullghiit	alla-~–ke[to.have.as.one's.N(s)][N→V]-~:(u)te[SBJ.V-ed.something][V→V]-@₁–lghii[the.one.that.V-ed][the.one.that.is.V][V→N][N][Abs][Unpd][Pl]
allakullghiit	alla-~–ke[to.have.as.one's.N(s)][N→V]-~:(u)te[SBJ.V-ed.something][V→V]-@₁–lghii[the.one.that.V-ed][the.one.that.is.V][V→N][N][Rel][Unpd][Pl]
allakullghiit	alla-~–ke[to.have.as.one's.N(s)][N→V]-~:(u)te[SBJ.V-ed.something][V→V][V][Intr][Ptcp][3Pl]
allakullghiit	allake-~:(u)te[to.V.for.or.with][to.cause.to.V.as.one.is.V-ing][to.V.toward.each.other][V→V]-te[to.act.on.so.as.to.cause.to.V][V→V]-@₁–lghii[the.one.that.V-ed][the.one.that.is.V][V→N][N][Abs][Unpd][Pl]
allakullghiit	allake-~:(u)te[to.V.for.or.with][to.cause.to.V.as.one.is.V-ing][to.V.toward.each.other][V→V]-te[to.act.on.so.as.to.cause.to.V][V→V]-@₁–lghii[the.one.that.V-ed][the.one.that.is.V][V→N][N][Rel][Unpd][Pl]
allakullghiit	allake-~:(u)te[to.V.for.or.with][to.cause.to.V.as.one.is.V-ing][to.V.toward.each.other][V→V]-te[to.act.on.so.as.to.cause.to.V][V→V][V][Intr][Ptcp][3Pl]
allakullghiit	allake-~:(u)te[to.V.for.or.with][to.cause.to.V.as.one.is.V-ing][to.V.toward.each.other][V→V]-@₁–lghii[the.one.that.V-ed][the.one.that.is.V][V→N][N][Abs][Unpd][Pl]
allakullghiit	allake-~:(u)te[to.V.for.or.with][to.cause.to.V.as.one.is.V-ing][to.V.toward.each.other][V→V]-@₁–lghii[the.one.that.V-ed][the.one.that.is.V][V→N][N][Rel][Unpd][Pl]
allakullghiit	allake-~:(u)te[to.V.for.or.with][to.cause.to.V.as.one.is.V-ing][to.V.toward.each.other][V→V][V][Intr][Ptcp][3Pl]
allakullghiit	allake-~:(u)te[condition.with.respect.to.V-ing][V→N]-te[to.catch.N][to.go.to.N][N→V]-@₁–lghii[the.one.that.V-ed][the.one.that.is.V][V→N][N][Abs][Unpd][Pl]
allakullghiit	allake-~:(u)te[condition.with.respect.to.V-ing][V→N]-te[to.catch.N][to.go.to.N][N→V]-@₁–lghii[the.one.that.V-ed][the.one.that.is.V][V→N][N][Rel][Unpd][Pl]
allakullghiit	allake-~:(u)te[condition.with.respect.to.V-ing][V→N]-te[to.catch.N][to.go.to.N][N→V][V][Intr][Ptcp][3Pl]
allakullghiit	allake-~:(u)te[SBJ.V-ed.something][V→V]-te[to.act.on.so.as.to.cause.to.V][V→V]-@₁–lghii[the.one.that.V-ed][the.one.that.is.V][V→N][N][Abs][Unpd][Pl]
allakullghiit	allake-~:(u)te[SBJ.V-ed.something][V→V]-te[to.act.on.so.as.to.cause.to.V][V→V]-@₁–lghii[the.one.that.V-ed][the.one.that.is.V][V→N][N][Rel][Unpd][Pl]
allakullghiit	allake-~:(u)te[SBJ.V-ed.something][V→V]-te[to.act.on.so.as.to.cause.to.V][V→V][V][Intr][Ptcp][3Pl]
allakullghiit	allake-~:(u)te[SBJ.V-ed.something][V→V]-@₁–lghii[the.one.that.V-ed][the.one.that.is.V][V→N][N][Abs][Unpd][Pl]
allakullghiit	allake-~:(u)te[SBJ.V-ed.something][V→V]-@₁–lghii[the.one.that.V-ed][the.one.that.is.V][V→N][N][Rel][Unpd][Pl]
allakullghiit	allake-~:(u)te[SBJ.V-ed.something][V→V][V][Intr][Ptcp][3Pl]

sivunelget	sivugh-@₁–negh[the.act.or.activity.of.V-ing][V→N]-–leg[one.having.N][N→N][N][Abs][Unpd][Pl]
sivunelget	sivugh-@₁–negh[the.act.or.activity.of.V-ing][V→N]-–leg[one.having.N][N→N][N][Rel][Unpd][Pl]
sivunelget	sivugh-@₁–negh[the.act.or.activity.of.V-ing][V→N]-–lget[to.have.N][AUG]
sivunelget	sivunegh-–leg[one.having.N][N→N][N][Abs][Unpd][Pl]
sivunelget	sivunegh-–leg[one.having.N][N→N][N][Rel][Unpd][Pl]
sivunelget	sivunegh-–lget[to.have.N][AUG]

maani	maani

sivuqami	Sivuqagh[N][Loc][Unpd][Sg]
sivuqami	Sivuqagh[N][Rel][4SgPoss][PlPosd]
sivuqami	Sivuqagh[N][Rel][4SgPoss][SgPosd]

ramket	ramke[N][Abs][Unpd][Pl]
ramket	ramke[N][Rel][Unpd][Pl]

------------------------


------------------------
Ataasit taakut Pugughileghmiit.

ataasit	ataasigh[N][Abs][Unpd][Pl]
ataasit	ataasigh[N][Rel][Unpd][Pl]

taakut	taake[V][Intr][Ind][3Pl]

pugughileghmiit	Pugughileghmii(t)[N][Abs][1PlPoss][SgPosd]
pugughileghmiit	Pugughileghmii(t)[N][Abs][Unpd][Pl]
pugughileghmiit	Pugughileghmii(t)[N][Rel][Unpd][Pl]
pugughileghmiit	Pugughilegh-mii[resident.of.N][N→N][N][Abs][Unpd][Pl]
pugughileghmiit	Pugughilegh-mii[resident.of.N][N→N][N][Rel][Unpd][Pl]

------------------------
Ilangi sivun'ghita aatghi Aymaramket.

ilangi	ila[N][Abs][3SgPoss][PlPosd]

sivunghita	sivugh-@₁–nghite**[to.not.V][V→V][V][Intr][Intrg][3Sg]

aatghi	ategh-~i[SBJ.V-ed.something][V→V][V][Intr][Opt][PRS][2Sg]
aatghi	ategh[N][Abs][3SgPoss][PlPosd]
aatghi	ategh[V][Intr][Opt][PRS][2Sg]
aatghi	Ategh[N][Abs][3SgPoss][PlPosd]

aymaramket	Aymaramket[N][Abs][Unpd][Sg]

------------------------
Paamken Ungazimeng piit, qerngaghllagmeng nenglut qerngaghmelnguut iimken sivuneghmeggneng ima ataasimi nemi.

paamken	+?

ungazimeng	Ungazigh[N][Abl_Mod][Unpd][Sg]
ungazimeng	Ungazigh[N][Rel][4DuPoss][PlPosd]
ungazimeng	Ungazigh[N][Rel][4DuPoss][SgPosd]
ungazimeng	Ungazigh[N][Rel][4PlPoss][PlPosd]
ungazimeng	Ungazigh[N][Rel][4PlPoss][SgPosd]

piit	pi[V][Intr][Intrg][3Pl]
piit	pi[V][Intr][Ind][3Pl]
piit	pi[V][Trns][Ind][3Pl][3Pl]
piit	pi[V][Trns][Ind][3Pl][3Sg]
piit	pi[V][Trns][Ind][3Du][3Sg]

qerngaghllagmeng	+?

nenglut	nenglu[N][Abs][Unpd][Pl]
nenglut	nenglu[N][Rel][Unpd][Pl]

qerngaghmelnguut	+?

iimken	iimken
iimken	imeg-@*@₂~sf–(g₂)k(a)e[the.one.that.possessor.V-ed][V→N][N][Abs][2SgPoss][SgPosd]
iimken	imeg[V][Trns][Ptcp][2Sg][3Sg]

sivuneghmeggneng	sivugh-@₁–negh[the.act.or.activity.of.V-ing][V→N][N][Abl_Mod][4PlPoss][PlPosd]
sivuneghmeggneng	sivugh-@₁–negh[the.act.or.activity.of.V-ing][V→N][N][Abl_Mod][4PlPoss][SgPosd]
sivuneghmeggneng	sivunegh[N][Abl_Mod][4PlPoss][PlPosd]
sivuneghmeggneng	sivunegh[N][Abl_Mod][4PlPoss][SgPosd]

ima	ima
ima	ima[V][Intr][Opt][PRS][2Sg]

ataasimi	ataasigh[N][Loc][Unpd][Sg]
ataasimi	ataasigh[N][Rel][4SgPoss][PlPosd]
ataasimi	ataasigh[N][Rel][4SgPoss][SgPosd]

nemi	ne[N][Loc][Unpd][Sg]
nemi	ne[N][Rel][4SgPoss][PlPosd]
nemi	ne[N][Rel][4SgPoss][SgPosd]

------------------------


------------------------
Sanighmelngughmiit aatghit.

sanighmelngughmiit	Sanighmelngughmii(t)[N][Abs][1PlPoss][SgPosd]
sanighmelngughmiit	Sanighmelngughmii(t)[N][Abs][Unpd][Pl]
sanighmelngughmiit	Sanighmelngughmii(t)[N][Rel][Unpd][Pl]

aatghit	ategh[N][Abs][3PlPoss][PlPosd]
aatghit	Ategh[N][Abs][3PlPoss][PlPosd]

------------------------
Nenglungit tawaaten saniqliquteghllagluteng ayuqelghiit nekegneghi.

nenglungit	nenglu[N][Abs][3PlPoss][PlPosd]

tawaaten	+?

saniqliquteghllagluteng	+?

ayuqelghiit	ayuqe-@₁–lghii[the.one.that.V-ed][the.one.that.is.V][V→N][N][Abs][Unpd][Pl]
ayuqelghiit	ayuqe-@₁–lghii[the.one.that.V-ed][the.one.that.is.V][V→N][N][Rel][Unpd][Pl]
ayuqelghiit	ayuqe[V][Intr][Ptcp][3Pl]

nekegneghi	+?

------------------------


------------------------
Taakut aatghit, ramket ilakwaaqullghiit paamken tagikat, maani kingun'ghit whaa kiyaghtut, talwa angyalgitnun atiilluteng ayuqut.

taakut	taake[V][Intr][Ind][3Pl]

aatghit	ategh[N][Abs][3PlPoss][PlPosd]
aatghit	Ategh[N][Abs][3PlPoss][PlPosd]

ramket	ramke[N][Abs][Unpd][Pl]
ramket	ramke[N][Rel][Unpd][Pl]

ilakwaaqullghiit	ilakwaagh-~–ke[to.have.as.one's.N(s)][N→V]-~:(u)te[to.V.for.or.with][to.cause.to.V.as.one.is.V-ing][to.V.toward.each.other][V→V]-te[to.act.on.so.as.to.cause.to.V][V→V]-te[to.act.on.so.as.to.cause.to.V][V→V]-@₁–lghii[the.one.that.V-ed][the.one.that.is.V][V→N][N][Abs][Unpd][Pl]
ilakwaaqullghiit	ilakwaagh-~–ke[to.have.as.one's.N(s)][N→V]-~:(u)te[to.V.for.or.with][to.cause.to.V.as.one.is.V-ing][to.V.toward.each.other][V→V]-te[to.act.on.so.as.to.cause.to.V][V→V]-te[to.act.on.so.as.to.cause.to.V][V→V]-@₁–lghii[the.one.that.V-ed][the.one.that.is.V][V→N][N][Rel][Unpd][Pl]
ilakwaaqullghiit	ilakwaagh-~–ke[to.have.as.one's.N(s)][N→V]-~:(u)te[to.V.for.or.with][to.cause.to.V.as.one.is.V-ing][to.V.toward.each.other][V→V]-te[to.act.on.so.as.to.cause.to.V][V→V]-te[to.act.on.so.as.to.cause.to.V][V→V][V][Intr][Ptcp][3Pl]
ilakwaaqullghiit	ilakwaagh-~–ke[to.have.as.one's.N(s)][N→V]-~:(u)te[to.V.for.or.with][to.cause.to.V.as.one.is.V-ing][to.V.toward.each.other][V→V]-te[to.act.on.so.as.to.cause.to.V][V→V]-@₁–lghii[the.one.that.V-ed][the.one.that.is.V][V→N][N][Abs][Unpd][Pl]
ilakwaaqullghiit	ilakwaagh-~–ke[to.have.as.one's.N(s)][N→V]-~:(u)te[to.V.for.or.with][to.cause.to.V.as.one.is.V-ing][to.V.toward.each.other][V→V]-te[to.act.on.so.as.to.cause.to.V][V→V]-@₁–lghii[the.one.that.V-ed][the.one.that.is.V][V→N][N][Rel][Unpd][Pl]
ilakwaaqullghiit	ilakwaagh-~–ke[to.have.as.one's.N(s)][N→V]-~:(u)te[to.V.for.or.with][to.cause.to.V.as.one.is.V-ing][to.V.toward.each.other][V→V]-te[to.act.on.so.as.to.cause.to.V][V→V][V][Intr][Ptcp][3Pl]
ilakwaaqullghiit	ilakwaagh-~–ke[to.have.as.one's.N(s)][N→V]-~:(u)te[to.V.for.or.with][to.cause.to.V.as.one.is.V-ing][to.V.toward.each.other][V→V]-@₁–lghii[the.one.that.V-ed][the.one.that.is.V][V→N][N][Abs][Unpd][Pl]
ilakwaaqullghiit	ilakwaagh-~–ke[to.have.as.one's.N(s)][N→V]-~:(u)te[to.V.for.or.with][to.cause.to.V.as.one.is.V-ing][to.V.toward.each.other][V→V]-@₁–lghii[the.one.that.V-ed][the.one.that.is.V][V→N][N][Rel][Unpd][Pl]
ilakwaaqullghiit	ilakwaagh-~–ke[to.have.as.one's.N(s)][N→V]-~:(u)te[to.V.for.or.with][to.cause.to.V.as.one.is.V-ing][to.V.toward.each.other][V→V][V][Intr][Ptcp][3Pl]
ilakwaaqullghiit	ilakwaagh-~–ke[to.have.as.one's.N(s)][N→V]-~:(u)te[condition.with.respect.to.V-ing][V→N]-te[to.catch.N][to.go.to.N][N→V]-te[to.act.on.so.as.to.cause.to.V][V→V]-@₁–lghii[the.one.that.V-ed][the.one.that.is.V][V→N][N][Abs][Unpd][Pl]
ilakwaaqullghiit	ilakwaagh-~–ke[to.have.as.one's.N(s)][N→V]-~:(u)te[condition.with.respect.to.V-ing][V→N]-te[to.catch.N][to.go.to.N][N→V]-te[to.act.on.so.as.to.cause.to.V][V→V]-@₁–lghii[the.one.that.V-ed][the.one.that.is.V][V→N][N][Rel][Unpd][Pl]
ilakwaaqullghiit	ilakwaagh-~–ke[to.have.as.one's.N(s)][N→V]-~:(u)te[condition.with.respect.to.V-ing][V→N]-te[to.catch.N][to.go.to.N][N→V]-te[to.act.on.so.as.to.cause.to.V][V→V][V][Intr][Ptcp][3Pl]
ilakwaaqullghiit	ilakwaagh-~–ke[to.have.as.one's.N(s)][N→V]-~:(u)te[condition.with.respect.to.V-ing][V→N]-te[to.catch.N][to.go.to.N][N→V]-@₁–lghii[the.one.that.V-ed][the.one.that.is.V][V→N][N][Abs][Unpd][Pl]
ilakwaaqullghiit	ilakwaagh-~–ke[to.have.as.one's.N(s)][N→V]-~:(u)te[condition.with.respect.to.V-ing][V→N]-te[to.catch.N][to.go.to.N][N→V]-@₁–lghii[the.one.that.V-ed][the.one.that.is.V][V→N][N][Rel][Unpd][Pl]
ilakwaaqullghiit	ilakwaagh-~–ke[to.have.as.one's.N(s)][N→V]-~:(u)te[condition.with.respect.to.V-ing][V→N]-te[to.catch.N][to.go.to.N][N→V][V][Intr][Ptcp][3Pl]
ilakwaaqullghiit	ilakwaagh-~–ke[to.have.as.one's.N(s)][N→V]-~:(u)te[SBJ.V-ed.something][V→V]-te[to.act.on.so.as.to.cause.to.V][V→V]-te[to.act.on.so.as.to.cause.to.V][V→V]-@₁–lghii[the.one.that.V-ed][the.one.that.is.V][V→N][N][Abs][Unpd][Pl]
ilakwaaqullghiit	ilakwaagh-~–ke[to.have.as.one's.N(s)][N→V]-~:(u)te[SBJ.V-ed.something][V→V]-te[to.act.on.so.as.to.cause.to.V][V→V]-te[to.act.on.so.as.to.cause.to.V][V→V]-@₁–lghii[the.one.that.V-ed][the.one.that.is.V][V→N][N][Rel][Unpd][Pl]
ilakwaaqullghiit	ilakwaagh-~–ke[to.have.as.one's.N(s)][N→V]-~:(u)te[SBJ.V-ed.something][V→V]-te[to.act.on.so.as.to.cause.to.V][V→V]-te[to.act.on.so.as.to.cause.to.V][V→V][V][Intr][Ptcp][3Pl]
ilakwaaqullghiit	ilakwaagh-~–ke[to.have.as.one's.N(s)][N→V]-~:(u)te[SBJ.V-ed.something][V→V]-te[to.act.on.so.as.to.cause.to.V][V→V]-@₁–lghii[the.one.that.V-ed][the.one.that.is.V][V→N][N][Abs][Unpd][Pl]
ilakwaaqullghiit	ilakwaagh-~–ke[to.have.as.one's.N(s)][N→V]-~:(u)te[SBJ.V-ed.something][V→V]-te[to.act.on.so.as.to.cause.to.V][V→V]-@₁–lghii[the.one.that.V-ed][the.one.that.is.V][V→N][N][Rel][Unpd][Pl]
ilakwaaqullghiit	ilakwaagh-~–ke[to.have.as.one's.N(s)][N→V]-~:(u)te[SBJ.V-ed.something][V→V]-te[to.act.on.so.as.to.cause.to.V][V→V][V][Intr][Ptcp][3Pl]
ilakwaaqullghiit	ilakwaagh-~–ke[to.have.as.one's.N(s)][N→V]-~:(u)te[SBJ.V-ed.something][V→V]-@₁–lghii[the.one.that.V-ed][the.one.that.is.V][V→N][N][Abs][Unpd][Pl]
ilakwaaqullghiit	ilakwaagh-~–ke[to.have.as.one's.N(s)][N→V]-~:(u)te[SBJ.V-ed.something][V→V]-@₁–lghii[the.one.that.V-ed][the.one.that.is.V][V→N][N][Rel][Unpd][Pl]
ilakwaaqullghiit	ilakwaagh-~–ke[to.have.as.one's.N(s)][N→V]-~:(u)te[SBJ.V-ed.something][V→V][V][Intr][Ptcp][3Pl]

paamken	+?

tagikat	+?

maani	maani

kingunghit	+?

whaa	whaa
whaa	whaa[N][Abs][Unpd][Sg]

kiyaghtut	kiyaghte[V][Intr][Ind][3Pl]

talwa	talwa

angyalgitnun	angyagh-–leg[one.having.N][N→N][N][Ter][3DuPoss][PlPosd]
angyalgitnun	angyagh-–leg[one.having.N][N→N][N][Ter][3DuPoss][DuPosd]
angyalgitnun	angyagh-–leg[one.having.N][N→N][N][Ter][3PlPoss][PlPosd]
angyalgitnun	angyagh-–leg[one.having.N][N→N][N][Ter][3PlPoss][SgPosd]
angyalgitnun	angyagh-–leg[one.having.N][N→N][N][Ter][3PlPoss][DuPosd]
angyalgitnun	angyaleg[N][Ter][3DuPoss][PlPosd]
angyalgitnun	angyaleg[N][Ter][3DuPoss][DuPosd]
angyalgitnun	angyaleg[N][Ter][3PlPoss][PlPosd]
angyalgitnun	angyaleg[N][Ter][3PlPoss][SgPosd]
angyalgitnun	angyaleg[N][Ter][3PlPoss][DuPosd]
angyalgitnun	Angyat-–leg[one.having.N][N→N][N][Ter][3DuPoss][PlPosd]
angyalgitnun	Angyat-–leg[one.having.N][N→N][N][Ter][3DuPoss][DuPosd]
angyalgitnun	Angyat-–leg[one.having.N][N→N][N][Ter][3PlPoss][PlPosd]
angyalgitnun	Angyat-–leg[one.having.N][N→N][N][Ter][3PlPoss][SgPosd]
angyalgitnun	Angyat-–leg[one.having.N][N→N][N][Ter][3PlPoss][DuPosd]

atiilluteng	atigh-~:(u)te[to.V.for.or.with][to.cause.to.V.as.one.is.V-ing][to.V.toward.each.other][V→V]-te[to.act.on.so.as.to.cause.to.V][V→V][V][Intr][Sbrd][3Pl]
atiilluteng	atigh-~:(u)te[to.V.for.or.with][to.cause.to.V.as.one.is.V-ing][to.V.toward.each.other][V→V][V][Intr][Sbrd][3Pl]
atiilluteng	atigh-~:(u)te[condition.with.respect.to.V-ing][V→N]-te[to.catch.N][to.go.to.N][N→V][V][Intr][Sbrd][3Pl]
atiilluteng	atigh-~:(u)te[SBJ.V-ed.something][V→V]-te[to.act.on.so.as.to.cause.to.V][V→V][V][Intr][Sbrd][3Pl]
atiilluteng	atigh-~:(u)te[SBJ.V-ed.something][V→V][V][Intr][Sbrd][3Pl]
atiilluteng	atugh-~:(ng₁)u[to.be.N][N→V]-~i[SBJ.V-ed.something][V→V]-~i[SBJ.V-ed.something][V→V]-~i[SBJ.V-ed.something][V→V]-~i[SBJ.V-ed.something][V→V]-~i[SBJ.V-ed.something][V→V]-te[to.act.on.so.as.to.cause.to.V][V→V]-te[to.act.on.so.as.to.cause.to.V][V→V]-te[to.act.on.so.as.to.cause.to.V][V→V]-te[to.act.on.so.as.to.cause.to.V][V→V]-te[to.act.on.so.as.to.cause.to.V][V→V]-te[to.act.on.so.as.to.cause.to.V][V→V]-te[to.act.on.so.as.to.cause.to.V][V→V][V][Intr][Sbrd][3Pl]
atiilluteng	atugh-~:(ng₁)u[to.be.N][N→V]-~i[SBJ.V-ed.something][V→V]-~i[SBJ.V-ed.something][V→V]-~i[SBJ.V-ed.something][V→V]-~i[SBJ.V-ed.something][V→V]-~i[SBJ.V-ed.something][V→V]-te[to.act.on.so.as.to.cause.to.V][V→V]-te[to.act.on.so.as.to.cause.to.V][V→V]-te[to.act.on.so.as.to.cause.to.V][V→V]-te[to.act.on.so.as.to.cause.to.V][V→V]-te[to.act.on.so.as.to.cause.to.V][V→V]-te[to.act.on.so.as.to.cause.to.V][V→V][V][Intr][Sbrd][3Pl]
atiilluteng	atugh-~:(ng₁)u[to.be.N][N→V]-~i[SBJ.V-ed.something][V→V]-~i[SBJ.V-ed.something][V→V]-~i[SBJ.V-ed.something][V→V]-~i[SBJ.V-ed.something][V→V]-~i[SBJ.V-ed.something][V→V]-te[to.act.on.so.as.to.cause.to.V][V→V]-te[to.act.on.so.as.to.cause.to.V][V→V]-te[to.act.on.so.as.to.cause.to.V][V→V]-te[to.act.on.so.as.to.cause.to.V][V→V]-te[to.act.on.so.as.to.cause.to.V][V→V][V][Intr][Sbrd][3Pl]
atiilluteng	atugh-~:(ng₁)u[to.be.N][N→V]-~i[SBJ.V-ed.something][V→V]-~i[SBJ.V-ed.something][V→V]-~i[SBJ.V-ed.something][V→V]-~i[SBJ.V-ed.something][V→V]-~i[SBJ.V-ed.something][V→V]-te[to.act.on.so.as.to.cause.to.V][V→V]-te[to.act.on.so.as.to.cause.to.V][V→V]-te[to.act.on.so.as.to.cause.to.V][V→V]-te[to.act.on.so.as.to.cause.to.V][V→V][V][Intr][Sbrd][3Pl]
atiilluteng	atugh-~:(ng₁)u[to.be.N][N→V]-~i[SBJ.V-ed.something][V→V]-~i[SBJ.V-ed.something][V→V]-~i[SBJ.V-ed.something][V→V]-~i[SBJ.V-ed.something][V→V]-~i[SBJ.V-ed.something][V→V]-te[to.act.on.so.as.to.cause.to.V][V→V]-te[to.act.on.so.as.to.cause.to.V][V→V]-te[to.act.on.so.as.to.cause.to.V][V→V][V][Intr][Sbrd][3Pl]
atiilluteng	atugh-~:(ng₁)u[to.be.N][N→V]-~i[SBJ.V-ed.something][V→V]-~i[SBJ.V-ed.something][V→V]-~i[SBJ.V-ed.something][V→V]-~i[SBJ.V-ed.something][V→V]-~i[SBJ.V-ed.something][V→V]-te[to.act.on.so.as.to.cause.to.V][V→V]-te[to.act.on.so.as.to.cause.to.V][V→V][V][Intr][Sbrd][3Pl]
atiilluteng	atugh-~:(ng₁)u[to.be.N][N→V]-~i[SBJ.V-ed.something][V→V]-~i[SBJ.V-ed.something][V→V]-~i[SBJ.V-ed.something][V→V]-~i[SBJ.V-ed.something][V→V]-~i[SBJ.V-ed.something][V→V]-te[to.act.on.so.as.to.cause.to.V][V→V][V][Intr][Sbrd][3Pl]
atiilluteng	atugh-~:(ng₁)u[to.be.N][N→V]-~i[SBJ.V-ed.something][V→V]-~i[SBJ.V-ed.something][V→V]-~i[SBJ.V-ed.something][V→V]-~i[SBJ.V-ed.something][V→V]-te[to.act.on.so.as.to.cause.to.V][V→V]-te[to.act.on.so.as.to.cause.to.V][V→V]-te[to.act.on.so.as.to.cause.to.V][V→V]-te[to.act.on.so.as.to.cause.to.V][V→V]-te[to.act.on.so.as.to.cause.to.V][V→V]-te[to.act.on.so.as.to.cause.to.V][V→V][V][Intr][Sbrd][3Pl]
atiilluteng	atugh-~:(ng₁)u[to.be.N][N→V]-~i[SBJ.V-ed.something][V→V]-~i[SBJ.V-ed.something][V→V]-~i[SBJ.V-ed.something][V→V]-~i[SBJ.V-ed.something][V→V]-te[to.act.on.so.as.to.cause.to.V][V→V]-te[to.act.on.so.as.to.cause.to.V][V→V]-te[to.act.on.so.as.to.cause.to.V][V→V]-te[to.act.on.so.as.to.cause.to.V][V→V]-te[to.act.on.so.as.to.cause.to.V][V→V][V][Intr][Sbrd][3Pl]
atiilluteng	atugh-~:(ng₁)u[to.be.N][N→V]-~i[SBJ.V-ed.something][V→V]-~i[SBJ.V-ed.something][V→V]-~i[SBJ.V-ed.something][V→V]-~i[SBJ.V-ed.something][V→V]-te[to.act.on.so.as.to.cause.to.V][V→V]-te[to.act.on.so.as.to.cause.to.V][V→V]-te[to.act.on.so.as.to.cause.to.V][V→V]-te[to.act.on.so.as.to.cause.to.V][V→V][V][Intr][Sbrd][3Pl]
atiilluteng	atugh-~:(ng₁)u[to.be.N][N→V]-~i[SBJ.V-ed.something][V→V]-~i[SBJ.V-ed.something][V→V]-~i[SBJ.V-ed.something][V→V]-~i[SBJ.V-ed.something][V→V]-te[to.act.on.so.as.to.cause.to.V][V→V]-te[to.act.on.so.as.to.cause.to.V][V→V]-te[to.act.on.so.as.to.cause.to.V][V→V][V][Intr][Sbrd][3Pl]
atiilluteng	atugh-~:(ng₁)u[to.be.N][N→V]-~i[SBJ.V-ed.something][V→V]-~i[SBJ.V-ed.something][V→V]-~i[SBJ.V-ed.something][V→V]-~i[SBJ.V-ed.something][V→V]-te[to.act.on.so.as.to.cause.to.V][V→V]-te[to.act.on.so.as.to.cause.to.V][V→V][V][Intr][Sbrd][3Pl]
atiilluteng	atugh-~:(ng₁)u[to.be.N][N→V]-~i[SBJ.V-ed.something][V→V]-~i[SBJ.V-ed.something][V→V]-~i[SBJ.V-ed.something][V→V]-~i[SBJ.V-ed.something][V→V]-te[to.act.on.so.as.to.cause.to.V][V→V][V][Intr][Sbrd][3Pl]
atiilluteng	atugh-~:(ng₁)u[to.be.N][N→V]-~i[SBJ.V-ed.something][V→V]-~i[SBJ.V-ed.something][V→V]-~i[SBJ.V-ed.something][V→V]-~i[SBJ.V-ed.something][V→V]-~:(u)te[to.V.for.or.with][to.cause.to.V.as.one.is.V-ing][to.V.toward.each.other][V→V]-te[to.act.on.so.as.to.cause.to.V][V→V]-te[to.act.on.so.as.to.cause.to.V][V→V]-te[to.act.on.so.as.to.cause.to.V][V→V]-te[to.act.on.so.as.to.cause.to.V][V→V]-te[to.act.on.so.as.to.cause.to.V][V→V]-te[to.act.on.so.as.to.cause.to.V][V→V][V][Intr][Sbrd][3Pl]
atiilluteng	atugh-~:(ng₁)u[to.be.N][N→V]-~i[SBJ.V-ed.something][V→V]-~i[SBJ.V-ed.something][V→V]-~i[SBJ.V-ed.something][V→V]-~i[SBJ.V-ed.something][V→V]-~:(u)te[to.V.for.or.with][to.cause.to.V.as.one.is.V-ing][to.V.toward.each.other][V→V]-te[to.act.on.so.as.to.cause.to.V][V→V]-te[to.act.on.so.as.to.cause.to.V][V→V]-te[to.act.on.so.as.to.cause.to.V][V→V]-te[to.act.on.so.as.to.cause.to.V][V→V]-te[to.act.on.so.as.to.cause.to.V][V→V][V][Intr][Sbrd][3Pl]
atiilluteng	atugh-~:(ng₁)u[to.be.N][N→V]-~i[SBJ.V-ed.something][V→V]-~i[SBJ.V-ed.something][V→V]-~i[SBJ.V-ed.something][V→V]-~i[SBJ.V-ed.something][V→V]-~:(u)te[to.V.for.or.with][to.cause.to.V.as.one.is.V-ing][to.V.toward.each.other][V→V]-te[to.act.on.so.as.to.cause.to.V][V→V]-te[to.act.on.so.as.to.cause.to.V][V→V]-te[to.act.on.so.as.to.cause.to.V][V→V]-te[to.act.on.so.as.to.cause.to.V][V→V][V][Intr][Sbrd][3Pl]
atiilluteng	atugh-~:(ng₁)u[to.be.N][N→V]-~i[SBJ.V-ed.something][V→V]-~i[SBJ.V-ed.something][V→V]-~i[SBJ.V-ed.something][V→V]-~i[SBJ.V-ed.something][V→V]-~:(u)te[to.V.for.or.with][to.cause.to.V.as.one.is.V-ing][to.V.toward.each.other][V→V]-te[to.act.on.so.as.to.cause.to.V][V→V]-te[to.act.on.so.as.to.cause.to.V][V→V]-te[to.act.on.so.as.to.cause.to.V][V→V][V][Intr][Sbrd][3Pl]
atiilluteng	atugh-~:(ng₁)u[to.be.N][N→V]-~i[SBJ.V-ed.something][V→V]-~i[SBJ.V-ed.something][V→V]-~i[SBJ.V-ed.something][V→V]-~i[SBJ.V-ed.something][V→V]-~:(u)te[to.V.for.or.with][to.cause.to.V.as.one.is.V-ing][to.V.toward.each.other][V→V]-te[to.act.on.so.as.to.cause.to.V][V→V]-te[to.act.on.so.as.to.cause.to.V][V→V][V][Intr][Sbrd][3Pl]
atiilluteng	atugh-~:(ng₁)u[to.be.N][N→V]-~i[SBJ.V-ed.something][V→V]-~i[SBJ.V-ed.something][V→V]-~i[SBJ.V-ed.something][V→V]-~i[SBJ.V-ed.something][V→V]-~:(u)te[to.V.for.or.with][to.cause.to.V.as.one.is.V-ing][to.V.toward.each.other][V→V]-te[to.act.on.so.as.to.cause.to.V][V→V][V][Intr][Sbrd][3Pl]
atiilluteng	atugh-~:(ng₁)u[to.be.N][N→V]-~i[SBJ.V-ed.something][V→V]-~i[SBJ.V-ed.something][V→V]-~i[SBJ.V-ed.something][V→V]-~i[SBJ.V-ed.something][V→V]-~:(u)te[condition.with.respect.to.V-ing][V→N]-te[to.catch.N][to.go.to.N][N→V]-te[to.act.on.so.as.to.cause.to.V][V→V]-te[to.act.on.so.as.to.cause.to.V][V→V]-te[to.act.on.so.as.to.cause.to.V][V→V]-te[to.act.on.so.as.to.cause.to.V][V→V]-te[to.act.on.so.as.to.cause.to.V][V→V][V][Intr][Sbrd][3Pl]
atiilluteng	atugh-~:(ng₁)u[to.be.N][N→V]-~i[SBJ.V-ed.something][V→V]-~i[SBJ.V-ed.something][V→V]-~i[SBJ.V-ed.something][V→V]-~i[SBJ.V-ed.something][V→V]-~:(u)te[condition.with.respect.to.V-ing][V→N]-te[to.catch.N][to.go.to.N][N→V]-te[to.act.on.so.as.to.cause.to.V][V→V]-te[to.act.on.so.as.to.cause.to.V][V→V]-te[to.act.on.so.as.to.cause.to.V][V→V]-te[to.act.on.so.as.to.cause.to.V][V→V][V][Intr][Sbrd][3Pl]
atiilluteng	atugh-~:(ng₁)u[to.be.N][N→V]-~i[SBJ.V-ed.something][V→V]-~i[SBJ.V-ed.something][V→V]-~i[SBJ.V-ed.something][V→V]-~i[SBJ.V-ed.something][V→V]-~:(u)te[condition.with.respect.to.V-ing][V→N]-te[to.catch.N][to.go.to.N][N→V]-te[to.act.on.so.as.to.cause.to.V][V→V]-te[to.act.on.so.as.to.cause.to.V][V→V]-te[to.act.on.so.as.to.cause.to.V][V→V][V][Intr][Sbrd][3Pl]
atiilluteng	atugh-~:(ng₁)u[to.be.N][N→V]-~i[SBJ.V-ed.something][V→V]-~i[SBJ.V-ed.something][V→V]-~i[SBJ.V-ed.something][V→V]-~i[SBJ.V-ed.something][V→V]-~:(u)te[condition.with.respect.to.V-ing][V→N]-te[to.catch.N][to.go.to.N][N→V]-te[to.act.on.so.as.to.cause.to.V][V→V]-te[to.act.on.so.as.to.cause.to.V][V→V][V][Intr][Sbrd][3Pl]
atiilluteng	atugh-~:(ng₁)u[to.be.N][N→V]-~i[SBJ.V-ed.something][V→V]-~i[SBJ.V-ed.something][V→V]-~i[SBJ.V-ed.something][V→V]-~i[SBJ.V-ed.something][V→V]-~:(u)te[condition.with.respect.to.V-ing][V→N]-te[to.catch.N][to.go.to.N][N→V]-te[to.act.on.so.as.to.cause.to.V][V→V][V][Intr][Sbrd][3Pl]
atiilluteng	atugh-~:(ng₁)u[to.be.N][N→V]-~i[SBJ.V-ed.something][V→V]-~i[SBJ.V-ed.something][V→V]-~i[SBJ.V-ed.something][V→V]-~i[SBJ.V-ed.something][V→V]-~:(u)te[condition.with.respect.to.V-ing][V→N]-te[to.catch.N][to.go.to.N][N→V][V][Intr][Sbrd][3Pl]
atiilluteng	atugh-~:(ng₁)u[to.be.N][N→V]-~i[SBJ.V-ed.something][V→V]-~i[SBJ.V-ed.something][V→V]-~i[SBJ.V-ed.something][V→V]-~i[SBJ.V-ed.something][V→V]-~:(u)te[SBJ.V-ed.something][V→V]-te[to.act.on.so.as.to.cause.to.V][V→V]-te[to.act.on.so.as.to.cause.to.V][V→V]-te[to.act.on.so.as.to.cause.to.V][V→V]-te[to.act.on.so.as.to.cause.to.V][V→V]-te[to.act.on.so.as.to.cause.to.V][V→V]-te[to.act.on.so.as.to.cause.to.V][V→V][V][Intr][Sbrd][3Pl]
atiilluteng	atugh-~:(ng₁)u[to.be.N][N→V]-~i[SBJ.V-ed.something][V→V]-~i[SBJ.V-ed.something][V→V]-~i[SBJ.V-ed.something][V→V]-~i[SBJ.V-ed.something][V→V]-~:(u)te[SBJ.V-ed.something][V→V]-te[to.act.on.so.as.to.cause.to.V][V→V]-te[to.act.on.so.as.to.cause.to.V][V→V]-te[to.act.on.so.as.to.cause.to.V][V→V]-te[to.act.on.so.as.to.cause.to.V][V→V]-te[to.act.on.so.as.to.cause.to.V][V→V][V][Intr][Sbrd][3Pl]
atiilluteng	atugh-~:(ng₁)u[to.be.N][N→V]-~i[SBJ.V-ed.something][V→V]-~i[SBJ.V-ed.something][V→V]-~i[SBJ.V-ed.something][V→V]-~i[SBJ.V-ed.something][V→V]-~:(u)te[SBJ.V-ed.something][V→V]-te[to.act.on.so.as.to.cause.to.V][V→V]-te[to.act.on.so.as.to.cause.to.V][V→V]-te[to.act.on.so.as.to.cause.to.V][V→V]-te[to.act.on.so.as.to.cause.to.V][V→V][V][Intr][Sbrd][3Pl]
atiilluteng	atugh-~:(ng₁)u[to.be.N][N→V]-~i[SBJ.V-ed.something][V→V]-~i[SBJ.V-ed.something][V→V]-~i[SBJ.V-ed.something][V→V]-~i[SBJ.V-ed.something][V→V]-~:(u)te[SBJ.V-ed.something][V→V]-te[to.act.on.so.as.to.cause.to.V][V→V]-te[to.act.on.so.as.to.cause.to.V][V→V]-te[to.act.on.so.as.to.cause.to.V][V→V][V][Intr][Sbrd][3Pl]
atiilluteng	atugh-~:(ng₁)u[to.be.N][N→V]-~i[SBJ.V-ed.something][V→V]-~i[SBJ.V-ed.something][V→V]-~i[SBJ.V-ed.something][V→V]-~i[SBJ.V-ed.something][V→V]-~:(u)te[SBJ.V-ed.something][V→V]-te[to.act.on.so.as.to.cause.to.V][V→V]-te[to.act.on.so.as.to.cause.to.V][V→V][V][Intr][Sbrd][3Pl]
atiilluteng	atugh-~:(ng₁)u[to.be.N][N→V]-~i[SBJ.V-ed.something][V→V]-~i[SBJ.V-ed.something][V→V]-~i[SBJ.V-ed.something][V→V]-~i[SBJ.V-ed.something][V→V]-~:(u)te[SBJ.V-ed.something][V→V]-te[to.act.on.so.as.to.cause.to.V][V→V][V][Intr][Sbrd][3Pl]
atiilluteng	atugh-~:(ng₁)u[to.be.N][N→V]-~i[SBJ.V-ed.something][V→V]-~i[SBJ.V-ed.something][V→V]-~i[SBJ.V-ed.something][V→V]-te[to.act.on.so.as.to.cause.to.V][V→V]-te[to.act.on.so.as.to.cause.to.V][V→V]-te[to.act.on.so.as.to.cause.to.V][V→V]-te[to.act.on.so.as.to.cause.to.V][V→V]-te[to.act.on.so.as.to.cause.to.V][V→V][V][Intr][Sbrd][3Pl]
atiilluteng	atugh-~:(ng₁)u[to.be.N][N→V]-~i[SBJ.V-ed.something][V→V]-~i[SBJ.V-ed.something][V→V]-~i[SBJ.V-ed.something][V→V]-te[to.act.on.so.as.to.cause.to.V][V→V]-te[to.act.on.so.as.to.cause.to.V][V→V]-te[to.act.on.so.as.to.cause.to.V][V→V]-te[to.act.on.so.as.to.cause.to.V][V→V][V][Intr][Sbrd][3Pl]
atiilluteng	atugh-~:(ng₁)u[to.be.N][N→V]-~i[SBJ.V-ed.something][V→V]-~i[SBJ.V-ed.something][V→V]-~i[SBJ.V-ed.something][V→V]-te[to.act.on.so.as.to.cause.to.V][V→V]-te[to.act.on.so.as.to.cause.to.V][V→V]-te[to.act.on.so.as.to.cause.to.V][V→V][V][Intr][Sbrd][3Pl]
atiilluteng	atugh-~:(ng₁)u[to.be.N][N→V]-~i[SBJ.V-ed.something][V→V]-~i[SBJ.V-ed.something][V→V]-~i[SBJ.V-ed.something][V→V]-te[to.act.on.so.as.to.cause.to.V][V→V]-te[to.act.on.so.as.to.cause.to.V][V→V][V][Intr][Sbrd][3Pl]
atiilluteng	atugh-~:(ng₁)u[to.be.N][N→V]-~i[SBJ.V-ed.something][V→V]-~i[SBJ.V-ed.something][V→V]-~i[SBJ.V-ed.something][V→V]-te[to.act.on.so.as.to.cause.to.V][V→V][V][Intr][Sbrd][3Pl]
atiilluteng	atugh-~:(ng₁)u[to.be.N][N→V]-~i[SBJ.V-ed.something][V→V]-~i[SBJ.V-ed.something][V→V]-~i[SBJ.V-ed.something][V→V]-~:(u)te[to.V.for.or.with][to.cause.to.V.as.one.is.V-ing][to.V.toward.each.other][V→V]-te[to.act.on.so.as.to.cause.to.V][V→V]-te[to.act.on.so.as.to.cause.to.V][V→V]-te[to.act.on.so.as.to.cause.to.V][V→V]-te[to.act.on.so.as.to.cause.to.V][V→V]-te[to.act.on.so.as.to.cause.to.V][V→V][V][Intr][Sbrd][3Pl]
atiilluteng	atugh-~:(ng₁)u[to.be.N][N→V]-~i[SBJ.V-ed.something][V→V]-~i[SBJ.V-ed.something][V→V]-~i[SBJ.V-ed.something][V→V]-~:(u)te[to.V.for.or.with][to.cause.to.V.as.one.is.V-ing][to.V.toward.each.other][V→V]-te[to.act.on.so.as.to.cause.to.V][V→V]-te[to.act.on.so.as.to.cause.to.V][V→V]-te[to.act.on.so.as.to.cause.to.V][V→V]-te[to.act.on.so.as.to.cause.to.V][V→V][V][Intr][Sbrd][3Pl]
atiilluteng	atugh-~:(ng₁)u[to.be.N][N→V]-~i[SBJ.V-ed.something][V→V]-~i[SBJ.V-ed.something][V→V]-~i[SBJ.V-ed.something][V→V]-~:(u)te[to.V.for.or.with][to.cause.to.V.as.one.is.V-ing][to.V.toward.each.other][V→V]-te[to.act.on.so.as.to.cause.to.V][V→V]-te[to.act.on.so.as.to.cause.to.V][V→V]-te[to.act.on.so.as.to.cause.to.V][V→V][V][Intr][Sbrd][3Pl]
atiilluteng	atugh-~:(ng₁)u[to.be.N][N→V]-~i[SBJ.V-ed.something][V→V]-~i[SBJ.V-ed.something][V→V]-~i[SBJ.V-ed.something][V→V]-~:(u)te[to.V.for.or.with][to.cause.to.V.as.one.is.V-ing][to.V.toward.each.other][V→V]-te[to.act.on.so.as.to.cause.to.V][V→V]-te[to.act.on.so.as.to.cause.to.V][V→V][V][Intr][Sbrd][3Pl]
atiilluteng	atugh-~:(ng₁)u[to.be.N][N→V]-~i[SBJ.V-ed.something][V→V]-~i[SBJ.V-ed.something][V→V]-~i[SBJ.V-ed.something][V→V]-~:(u)te[to.V.for.or.with][to.cause.to.V.as.one.is.V-ing][to.V.toward.each.other][V→V]-te[to.act.on.so.as.to.cause.to.V][V→V][V][Intr][Sbrd][3Pl]
atiilluteng	atugh-~:(ng₁)u[to.be.N][N→V]-~i[SBJ.V-ed.something][V→V]-~i[SBJ.V-ed.something][V→V]-~i[SBJ.V-ed.something][V→V]-~:(u)te[condition.with.respect.to.V-ing][V→N]-te[to.catch.N][to.go.to.N][N→V]-te[to.act.on.so.as.to.cause.to.V][V→V]-te[to.act.on.so.as.to.cause.to.V][V→V]-te[to.act.on.so.as.to.cause.to.V][V→V]-te[to.act.on.so.as.to.cause.to.V][V→V][V][Intr][Sbrd][3Pl]
atiilluteng	atugh-~:(ng₁)u[to.be.N][N→V]-~i[SBJ.V-ed.something][V→V]-~i[SBJ.V-ed.something][V→V]-~i[SBJ.V-ed.something][V→V]-~:(u)te[condition.with.respect.to.V-ing][V→N]-te[to.catch.N][to.go.to.N][N→V]-te[to.act.on.so.as.to.cause.to.V][V→V]-te[to.act.on.so.as.to.cause.to.V][V→V]-te[to.act.on.so.as.to.cause.to.V][V→V][V][Intr][Sbrd][3Pl]
atiilluteng	atugh-~:(ng₁)u[to.be.N][N→V]-~i[SBJ.V-ed.something][V→V]-~i[SBJ.V-ed.something][V→V]-~i[SBJ.V-ed.something][V→V]-~:(u)te[condition.with.respect.to.V-ing][V→N]-te[to.catch.N][to.go.to.N][N→V]-te[to.act.on.so.as.to.cause.to.V][V→V]-te[to.act.on.so.as.to.cause.to.V][V→V][V][Intr][Sbrd][3Pl]
atiilluteng	atugh-~:(ng₁)u[to.be.N][N→V]-~i[SBJ.V-ed.something][V→V]-~i[SBJ.V-ed.something][V→V]-~i[SBJ.V-ed.something][V→V]-~:(u)te[condition.with.respect.to.V-ing][V→N]-te[to.catch.N][to.go.to.N][N→V]-te[to.act.on.so.as.to.cause.to.V][V→V][V][Intr][Sbrd][3Pl]
atiilluteng	atugh-~:(ng₁)u[to.be.N][N→V]-~i[SBJ.V-ed.something][V→V]-~i[SBJ.V-ed.something][V→V]-~i[SBJ.V-ed.something][V→V]-~:(u)te[condition.with.respect.to.V-ing][V→N]-te[to.catch.N][to.go.to.N][N→V][V][Intr][Sbrd][3Pl]
atiilluteng	atugh-~:(ng₁)u[to.be.N][N→V]-~i[SBJ.V-ed.something][V→V]-~i[SBJ.V-ed.something][V→V]-~i[SBJ.V-ed.something][V→V]-~:(u)te[SBJ.V-ed.something][V→V]-te[to.act.on.so.as.to.cause.to.V][V→V]-te[to.act.on.so.as.to.cause.to.V][V→V]-te[to.act.on.so.as.to.cause.to.V][V→V]-te[to.act.on.so.as.to.cause.to.V][V→V]-te[to.act.on.so.as.to.cause.to.V][V→V][V][Intr][Sbrd][3Pl]
atiilluteng	atugh-~:(ng₁)u[to.be.N][N→V]-~i[SBJ.V-ed.something][V→V]-~i[SBJ.V-ed.something][V→V]-~i[SBJ.V-ed.something][V→V]-~:(u)te[SBJ.V-ed.something][V→V]-te[to.act.on.so.as.to.cause.to.V][V→V]-te[to.act.on.so.as.to.cause.to.V][V→V]-te[to.act.on.so.as.to.cause.to.V][V→V]-te[to.act.on.so.as.to.cause.to.V][V→V][V][Intr][Sbrd][3Pl]
atiilluteng	atugh-~:(ng₁)u[to.be.N][N→V]-~i[SBJ.V-ed.something][V→V]-~i[SBJ.V-ed.something][V→V]-~i[SBJ.V-ed.something][V→V]-~:(u)te[SBJ.V-ed.something][V→V]-te[to.act.on.so.as.to.cause.to.V][V→V]-te[to.act.on.so.as.to.cause.to.V][V→V]-te[to.act.on.so.as.to.cause.to.V][V→V][V][Intr][Sbrd][3Pl]
atiilluteng	atugh-~:(ng₁)u[to.be.N][N→V]-~i[SBJ.V-ed.something][V→V]-~i[SBJ.V-ed.something][V→V]-~i[SBJ.V-ed.something][V→V]-~:(u)te[SBJ.V-ed.something][V→V]-te[to.act.on.so.as.to.cause.to.V][V→V]-te[to.act.on.so.as.to.cause.to.V][V→V][V][Intr][Sbrd][3Pl]
atiilluteng	atugh-~:(ng₁)u[to.be.N][N→V]-~i[SBJ.V-ed.something][V→V]-~i[SBJ.V-ed.something][V→V]-~i[SBJ.V-ed.something][V→V]-~:(u)te[SBJ.V-ed.something][V→V]-te[to.act.on.so.as.to.cause.to.V][V→V][V][Intr][Sbrd][3Pl]
atiilluteng	atugh-~:(ng₁)u[to.be.N][N→V]-~i[SBJ.V-ed.something][V→V]-~i[SBJ.V-ed.something][V→V]-te[to.act.on.so.as.to.cause.to.V][V→V]-te[to.act.on.so.as.to.cause.to.V][V→V]-te[to.act.on.so.as.to.cause.to.V][V→V]-te[to.act.on.so.as.to.cause.to.V][V→V][V][Intr][Sbrd][3Pl]
atiilluteng	atugh-~:(ng₁)u[to.be.N][N→V]-~i[SBJ.V-ed.something][V→V]-~i[SBJ.V-ed.something][V→V]-te[to.act.on.so.as.to.cause.to.V][V→V]-te[to.act.on.so.as.to.cause.to.V][V→V]-te[to.act.on.so.as.to.cause.to.V][V→V][V][Intr][Sbrd][3Pl]
atiilluteng	atugh-~:(ng₁)u[to.be.N][N→V]-~i[SBJ.V-ed.something][V→V]-~i[SBJ.V-ed.something][V→V]-te[to.act.on.so.as.to.cause.to.V][V→V]-te[to.act.on.so.as.to.cause.to.V][V→V][V][Intr][Sbrd][3Pl]
atiilluteng	atugh-~:(ng₁)u[to.be.N][N→V]-~i[SBJ.V-ed.something][V→V]-~i[SBJ.V-ed.something][V→V]-te[to.act.on.so.as.to.cause.to.V][V→V][V][Intr][Sbrd][3Pl]
atiilluteng	atugh-~:(ng₁)u[to.be.N][N→V]-~i[SBJ.V-ed.something][V→V]-~i[SBJ.V-ed.something][V→V]-~:(u)te[to.V.for.or.with][to.cause.to.V.as.one.is.V-ing][to.V.toward.each.other][V→V]-te[to.act.on.so.as.to.cause.to.V][V→V]-te[to.act.on.so.as.to.cause.to.V][V→V]-te[to.act.on.so.as.to.cause.to.V][V→V]-te[to.act.on.so.as.to.cause.to.V][V→V][V][Intr][Sbrd][3Pl]
atiilluteng	atugh-~:(ng₁)u[to.be.N][N→V]-~i[SBJ.V-ed.something][V→V]-~i[SBJ.V-ed.something][V→V]-~:(u)te[to.V.for.or.with][to.cause.to.V.as.one.is.V-ing][to.V.toward.each.other][V→V]-te[to.act.on.so.as.to.cause.to.V][V→V]-te[to.act.on.so.as.to.cause.to.V][V→V]-te[to.act.on.so.as.to.cause.to.V][V→V][V][Intr][Sbrd][3Pl]
atiilluteng	atugh-~:(ng₁)u[to.be.N][N→V]-~i[SBJ.V-ed.something][V→V]-~i[SBJ.V-ed.something][V→V]-~:(u)te[to.V.for.or.with][to.cause.to.V.as.one.is.V-ing][to.V.toward.each.other][V→V]-te[to.act.on.so.as.to.cause.to.V][V→V]-te[to.act.on.so.as.to.cause.to.V][V→V][V][Intr][Sbrd][3Pl]
atiilluteng	atugh-~:(ng₁)u[to.be.N][N→V]-~i[SBJ.V-ed.something][V→V]-~i[SBJ.V-ed.something][V→V]-~:(u)te[to.V.for.or.with][to.cause.to.V.as.one.is.V-ing][to.V.toward.each.other][V→V]-te[to.act.on.so.as.to.cause.to.V][V→V][V][Intr][Sbrd][3Pl]
atiilluteng	atugh-~:(ng₁)u[to.be.N][N→V]-~i[SBJ.V-ed.something][V→V]-~i[SBJ.V-ed.something][V→V]-~:(u)te[condition.with.respect.to.V-ing][V→N]-te[to.catch.N][to.go.to.N][N→V]-te[to.act.on.so.as.to.cause.to.V][V→V]-te[to.act.on.so.as.to.cause.to.V][V→V]-te[to.act.on.so.as.to.cause.to.V][V→V][V][Intr][Sbrd][3Pl]
atiilluteng	atugh-~:(ng₁)u[to.be.N][N→V]-~i[SBJ.V-ed.something][V→V]-~i[SBJ.V-ed.something][V→V]-~:(u)te[condition.with.respect.to.V-ing][V→N]-te[to.catch.N][to.go.to.N][N→V]-te[to.act.on.so.as.to.cause.to.V][V→V]-te[to.act.on.so.as.to.cause.to.V][V→V][V][Intr][Sbrd][3Pl]
atiilluteng	atugh-~:(ng₁)u[to.be.N][N→V]-~i[SBJ.V-ed.something][V→V]-~i[SBJ.V-ed.something][V→V]-~:(u)te[condition.with.respect.to.V-ing][V→N]-te[to.catch.N][to.go.to.N][N→V]-te[to.act.on.so.as.to.cause.to.V][V→V][V][Intr][Sbrd][3Pl]
atiilluteng	atugh-~:(ng₁)u[to.be.N][N→V]-~i[SBJ.V-ed.something][V→V]-~i[SBJ.V-ed.something][V→V]-~:(u)te[condition.with.respect.to.V-ing][V→N]-te[to.catch.N][to.go.to.N][N→V][V][Intr][Sbrd][3Pl]
atiilluteng	atugh-~:(ng₁)u[to.be.N][N→V]-~i[SBJ.V-ed.something][V→V]-~i[SBJ.V-ed.something][V→V]-~:(u)te[SBJ.V-ed.something][V→V]-te[to.act.on.so.as.to.cause.to.V][V→V]-te[to.act.on.so.as.to.cause.to.V][V→V]-te[to.act.on.so.as.to.cause.to.V][V→V]-te[to.act.on.so.as.to.cause.to.V][V→V][V][Intr][Sbrd][3Pl]
atiilluteng	atugh-~:(ng₁)u[to.be.N][N→V]-~i[SBJ.V-ed.something][V→V]-~i[SBJ.V-ed.something][V→V]-~:(u)te[SBJ.V-ed.something][V→V]-te[to.act.on.so.as.to.cause.to.V][V→V]-te[to.act.on.so.as.to.cause.to.V][V→V]-te[to.act.on.so.as.to.cause.to.V][V→V][V][Intr][Sbrd][3Pl]
atiilluteng	atugh-~:(ng₁)u[to.be.N][N→V]-~i[SBJ.V-ed.something][V→V]-~i[SBJ.V-ed.something][V→V]-~:(u)te[SBJ.V-ed.something][V→V]-te[to.act.on.so.as.to.cause.to.V][V→V]-te[to.act.on.so.as.to.cause.to.V][V→V][V][Intr][Sbrd][3Pl]
atiilluteng	atugh-~:(ng₁)u[to.be.N][N→V]-~i[SBJ.V-ed.something][V→V]-~i[SBJ.V-ed.something][V→V]-~:(u)te[SBJ.V-ed.something][V→V]-te[to.act.on.so.as.to.cause.to.V][V→V][V][Intr][Sbrd][3Pl]
atiilluteng	atugh-~:(ng₁)u[to.be.N][N→V]-~i[SBJ.V-ed.something][V→V]-te[to.act.on.so.as.to.cause.to.V][V→V]-te[to.act.on.so.as.to.cause.to.V][V→V]-te[to.act.on.so.as.to.cause.to.V][V→V][V][Intr][Sbrd][3Pl]
atiilluteng	atugh-~:(ng₁)u[to.be.N][N→V]-~i[SBJ.V-ed.something][V→V]-te[to.act.on.so.as.to.cause.to.V][V→V]-te[to.act.on.so.as.to.cause.to.V][V→V][V][Intr][Sbrd][3Pl]
atiilluteng	atugh-~:(ng₁)u[to.be.N][N→V]-~i[SBJ.V-ed.something][V→V]-te[to.act.on.so.as.to.cause.to.V][V→V][V][Intr][Sbrd][3Pl]
atiilluteng	atugh-~:(ng₁)u[to.be.N][N→V]-~i[SBJ.V-ed.something][V→V]-~:(u)te[to.V.for.or.with][to.cause.to.V.as.one.is.V-ing][to.V.toward.each.other][V→V]-te[to.act.on.so.as.to.cause.to.V][V→V]-te[to.act.on.so.as.to.cause.to.V][V→V]-te[to.act.on.so.as.to.cause.to.V][V→V][V][Intr][Sbrd][3Pl]
atiilluteng	atugh-~:(ng₁)u[to.be.N][N→V]-~i[SBJ.V-ed.something][V→V]-~:(u)te[to.V.for.or.with][to.cause.to.V.as.one.is.V-ing][to.V.toward.each.other][V→V]-te[to.act.on.so.as.to.cause.to.V][V→V]-te[to.act.on.so.as.to.cause.to.V][V→V][V][Intr][Sbrd][3Pl]
atiilluteng	atugh-~:(ng₁)u[to.be.N][N→V]-~i[SBJ.V-ed.something][V→V]-~:(u)te[to.V.for.or.with][to.cause.to.V.as.one.is.V-ing][to.V.toward.each.other][V→V]-te[to.act.on.so.as.to.cause.to.V][V→V][V][Intr][Sbrd][3Pl]
atiilluteng	atugh-~:(ng₁)u[to.be.N][N→V]-~i[SBJ.V-ed.something][V→V]-~:(u)te[condition.with.respect.to.V-ing][V→N]-te[to.catch.N][to.go.to.N][N→V]-te[to.act.on.so.as.to.cause.to.V][V→V]-te[to.act.on.so.as.to.cause.to.V][V→V][V][Intr][Sbrd][3Pl]
atiilluteng	atugh-~:(ng₁)u[to.be.N][N→V]-~i[SBJ.V-ed.something][V→V]-~:(u)te[condition.with.respect.to.V-ing][V→N]-te[to.catch.N][to.go.to.N][N→V]-te[to.act.on.so.as.to.cause.to.V][V→V][V][Intr][Sbrd][3Pl]
atiilluteng	atugh-~:(ng₁)u[to.be.N][N→V]-~i[SBJ.V-ed.something][V→V]-~:(u)te[condition.with.respect.to.V-ing][V→N]-te[to.catch.N][to.go.to.N][N→V][V][Intr][Sbrd][3Pl]
atiilluteng	atugh-~:(ng₁)u[to.be.N][N→V]-~i[SBJ.V-ed.something][V→V]-~:(u)te[SBJ.V-ed.something][V→V]-te[to.act.on.so.as.to.cause.to.V][V→V]-te[to.act.on.so.as.to.cause.to.V][V→V]-te[to.act.on.so.as.to.cause.to.V][V→V][V][Intr][Sbrd][3Pl]
atiilluteng	atugh-~:(ng₁)u[to.be.N][N→V]-~i[SBJ.V-ed.something][V→V]-~:(u)te[SBJ.V-ed.something][V→V]-te[to.act.on.so.as.to.cause.to.V][V→V]-te[to.act.on.so.as.to.cause.to.V][V→V][V][Intr][Sbrd][3Pl]
atiilluteng	atugh-~:(ng₁)u[to.be.N][N→V]-~i[SBJ.V-ed.something][V→V]-~:(u)te[SBJ.V-ed.something][V→V]-te[to.act.on.so.as.to.cause.to.V][V→V][V][Intr][Sbrd][3Pl]
atiilluteng	atugh-~:(ng₁)ite**[to.lack.N][to.not.have.N][N→V]-te[to.act.on.so.as.to.cause.to.V][V→V][V][Intr][Sbrd][3Pl]

ayuqut	ayuqe[V][Intr][Ind][3Pl]

------------------------


------------------------
Ilangi taakut ramket aatghi Nangupagaghmiit.

ilangi	ila[N][Abs][3SgPoss][PlPosd]

taakut	taake[V][Intr][Ind][3Pl]

ramket	ramke[N][Abs][Unpd][Pl]
ramket	ramke[N][Rel][Unpd][Pl]

aatghi	ategh-~i[SBJ.V-ed.something][V→V][V][Intr][Opt][PRS][2Sg]
aatghi	ategh[N][Abs][3SgPoss][PlPosd]
aatghi	ategh[V][Intr][Opt][PRS][2Sg]
aatghi	Ategh[N][Abs][3SgPoss][PlPosd]

nangupagaghmiit	Nangupagaghmii(t)[N][Abs][1PlPoss][SgPosd]
nangupagaghmiit	Nangupagaghmii(t)[N][Abs][Unpd][Pl]
nangupagaghmiit	Nangupagaghmii(t)[N][Rel][Unpd][Pl]
nangupagaghmiit	Nangupagagh-mii[resident.of.N][N→N][N][Abs][Unpd][Pl]
nangupagaghmiit	Nangupagagh-mii[resident.of.N][N→N][N][Rel][Unpd][Pl]

------------------------
Nenglullugit ama Qayiilleghni ayumightat qerngaghmelnguut nenglut.

nenglullugit	+?

ama	ama

qayiilleghni	+?

ayumightat	ayumigh*-te[to.catch.N][to.go.to.N][N→V][V][Intr][Intrg][3Pl]
ayumightat	ayumightagh[N][Abs][Unpd][Pl]
ayumightat	ayumightagh[N][Rel][Unpd][Pl]

qerngaghmelnguut	+?

nenglut	nenglu[N][Abs][Unpd][Pl]
nenglut	nenglu[N][Rel][Unpd][Pl]

------------------------


------------------------
Ayumiq tamaakut yuget liisimakegkangat naten eghqwaalleqlu, samengllu eghqwaaghusaghqameng, qerngughtillghemllu igleghnegha.

ayumiq	ayumigh*[N][Abs][Unpd][Sg]

tamaakut	tamaa[V][Trns][Opt][PRS][2Sg][1Pl]
tamaakut	tamaa[V][Trns][Intrg][2Pl][1Pl]

yuget	yu(u)g[N][Abs][Unpd][Pl]
yuget	yu(u)g[N][Rel][Unpd][Pl]
yuget	yug[N][Abs][Unpd][Pl]
yuget	yug[N][Rel][Unpd][Pl]

liisimakegkangat	liisimake-@*@₂~sf–(g₂)k(a)e[the.one.that.possessor.V-ed][V→N][N][Abs][3PlPoss][SgPosd]
liisimakegkangat	liisimake[V][Trns][Ptcp][3Pl][3Sg]

naten	na-~:(u)te[to.V.for.or.with][to.cause.to.V.as.one.is.V-ing][to.V.toward.each.other][V→V][V][Intr][Opt][PRS][2Sg]
naten	na-~:(u)te[condition.with.respect.to.V-ing][V→N][N][Abs][2SgPoss][SgPosd]
naten	na-~:(u)te[SBJ.V-ed.something][V→V][V][Intr][Opt][PRS][2Sg]
naten	naten
naten	na-te[to.act.on.so.as.to.cause.to.V][V→V][V][Intr][Opt][PRS][2Sg]

eghqwaalleqlu	+?

samengllu	sa[N][Abl_Mod][Unpd][Sg]-llu[Encl]
samengllu	sa[N][Rel][4DuPoss][PlPosd]-llu[Encl]
samengllu	sa[N][Rel][4DuPoss][SgPosd]-llu[Encl]
samengllu	sa[N][Rel][4PlPoss][PlPosd]-llu[Encl]
samengllu	sa[N][Rel][4PlPoss][SgPosd]-llu[Encl]

eghqwaaghusaghqameng	+?

qerngughtillghemllu	+?

igleghnegha	+?

------------------------


------------------------
Ataasimeng ayuumiqulleghni eghqwaaqayuget naasaghaq kaanneghani.

ataasimeng	ataasigh[N][Abl_Mod][Unpd][Sg]
ataasimeng	ataasigh[N][Rel][4DuPoss][PlPosd]
ataasimeng	ataasigh[N][Rel][4DuPoss][SgPosd]
ataasimeng	ataasigh[N][Rel][4PlPoss][PlPosd]
ataasimeng	ataasigh[N][Rel][4PlPoss][SgPosd]

ayuumiqulleghni	+?

eghqwaaqayuget	+?

naasaghaq	naate-@₁~fyagh[to.go.V-ing][to.V.in.vain][V→V][V][Trns][Ind][3Sg][3Du]
naasaghaq	naasaghagh[N][Abs][Unpd][Sg]

kaanneghani	+?

------------------------
Laluramket "moon worship"-nguniiqegkangat, temngiinguuq.

laluramket	Laluramke[N][Abs][Unpd][Pl]
laluramket	Laluramke[N][Rel][Unpd][Pl]

moon	+?

worshipnguniiqegkangat	+?

temngiinguuq	+?

------------------------


------------------------
Whaten Aymaaramket pikayuguftut eghqwaaghnaqneghmeggni: usaa taana upen'ghaa tamaghhaan pangeghtekaayuk eghqwaaghusaghqalegnun, quyngim tunaanunllu qilunganunllu.

whaten	wha[N][Abs][2SgPoss][PlPosd]
whaten	whaten
whaten	wha-te[to.catch.N][to.go.to.N][N→V][V][Intr][Opt][PRS][2Sg]
whaten	wha[N][Abs][2SgPoss][PlPosd]

aymaaramket	+?

pikayuguftut	pi-~–kayugu[to.be.able.to.V][V→V]-(pete)fte[to.evidently.V][to.have.V-ed][V→V][V][Intr][Ind][3Pl]
pikayuguftut	pikayug-~:(ng₁)u[to.be.N][N→V]-(pete)fte[to.evidently.V][to.have.V-ed][V→V][V][Intr][Ind][3Pl]

eghqwaaghnaqneghmeggni	+?

usaa	+?

taana	taane[V][Intr][Intrg][3Sg]
taana	taana

upenghaa	+?

tamaghhaan	tamaghhaate[N][Abs][Unpd][Sg]
tamaghhaan	tamaghhagh-~:(ng₁)u[to.be.N][N→V]-~:(u)te[condition.with.respect.to.V-ing][V→N][N][Abs][Unpd][Sg]
tamaghhaan	tamaghhagh[N][Rel][3SgPoss][SgPosd]
tamaghhaan	tamaghhagh[N][Rel][3SgPoss][PlPosd]
tamaghhaan	tamaghhagh*[Quant_Qual][3Sg]

pangeghtekaayuk	+?

eghqwaaghusaghqalegnun	eghqwaagh-~:(u)te[to.V.for.or.with][to.cause.to.V.as.one.is.V-ing][to.V.toward.each.other][V→V]-te[to.act.on.so.as.to.cause.to.V][V→V]-@₁~fyagh[to.go.V-ing][to.V.in.vain][V→V]-@₂~fkaq[one.that.has.V-ed][V→N]-–leg[one.having.N][N→N][N][Ter][Unpd][Pl]
eghqwaaghusaghqalegnun	eghqwaagh-~:(u)te[to.V.for.or.with][to.cause.to.V.as.one.is.V-ing][to.V.toward.each.other][V→V]-@₁~fyagh[to.go.V-ing][to.V.in.vain][V→V]-@₂~fkaq[one.that.has.V-ed][V→N]-–leg[one.having.N][N→N][N][Ter][Unpd][Pl]
eghqwaaghusaghqalegnun	eghqwaagh-~:(u)te[condition.with.respect.to.V-ing][V→N]-te[to.catch.N][to.go.to.N][N→V]-@₁~fyagh[to.go.V-ing][to.V.in.vain][V→V]-@₂~fkaq[one.that.has.V-ed][V→N]-–leg[one.having.N][N→N][N][Ter][Unpd][Pl]
eghqwaaghusaghqalegnun	eghqwaagh-~:(u)te[SBJ.V-ed.something][V→V]-te[to.act.on.so.as.to.cause.to.V][V→V]-@₁~fyagh[to.go.V-ing][to.V.in.vain][V→V]-@₂~fkaq[one.that.has.V-ed][V→N]-–leg[one.having.N][N→N][N][Ter][Unpd][Pl]
eghqwaaghusaghqalegnun	eghqwaagh-~:(u)te[SBJ.V-ed.something][V→V]-@₁~fyagh[to.go.V-ing][to.V.in.vain][V→V]-@₂~fkaq[one.that.has.V-ed][V→N]-–leg[one.having.N][N→N][N][Ter][Unpd][Pl]

quyngim	quyngigh[N][Rel][Unpd][Sg]

tunaanunllu	tunugh[N][Ter][3SgPoss][SgPosd]-llu[Encl]
tunaanunllu	tunugh[N][Ter][3SgPoss][PlPosd]-llu[Encl]

qilunganunllu	qilu[N][Ter][3SgPoss][SgPosd]-llu[Encl]
qilunganunllu	qilu[N][Ter][3SgPoss][PlPosd]-llu[Encl]

------------------------
Tamaakut qerngughlluki kagpaagaqluki kiinqat.

tamaakut	tamaa[V][Trns][Opt][PRS][2Sg][1Pl]
tamaakut	tamaa[V][Trns][Intrg][2Pl][1Pl]

qerngughlluki	+?

kagpaagaqluki	+?

kiinqat	kiig-@₁–negh[the.act.or.activity.of.V-ing][V→N]-~–ke[to.have.as.one's.N(s)][N→V][V][Intr][Intrg][3Pl]

------------------------
Amalleqa nunivagmeng awataghpagkun kagpagikayuguftut.

amalleqa	amalleqa

nunivagmeng	nunivag[N][Abl_Mod][Unpd][Sg]
nunivagmeng	nunivag[N][Rel][4DuPoss][PlPosd]
nunivagmeng	nunivag[N][Rel][4DuPoss][SgPosd]
nunivagmeng	nunivag[N][Rel][4PlPoss][PlPosd]
nunivagmeng	nunivag[N][Rel][4PlPoss][SgPosd]

awataghpagkun	awataghpag[N][Via][Unpd][Sg]

kagpagikayuguftut	kagpag-~i[SBJ.V-ed.something][V→V]-~–kayugu[to.be.able.to.V][V→V]-(pete)fte[to.evidently.V][to.have.V-ed][V→V][V][Intr][Ind][3Pl]

------------------------


------------------------
Uteghnineghmini tespamken uukameng nefkukayuk eghqwaaghmun atughqameng.

uteghnineghmini	uteghnigh-@₁–negh[the.act.or.activity.of.V-ing][V→N][N][Loc][4SgPoss][PlPosd]
uteghnineghmini	uteghnigh-@₁–negh[the.act.or.activity.of.V-ing][V→N][N][Loc][4SgPoss][SgPosd]
uteghnineghmini	uteghnigh[V][Intr][Ctmp][4Sg]

tespamken	+?

uukameng	uukagh[N][Abl_Mod][Unpd][Sg]
uukameng	uukagh[N][Rel][4DuPoss][PlPosd]
uukameng	uukagh[N][Rel][4DuPoss][SgPosd]
uukameng	uukagh[N][Rel][4PlPoss][PlPosd]
uukameng	uukagh[N][Rel][4PlPoss][SgPosd]

nefkukayuk	nefku-~–kayuk[one.who.is.able.to.V][V→N][N][Abs][Unpd][Sg]

eghqwaaghmun	+?

atughqameng	+?

------------------------
Salngagetlu tawaqat, nalighmeng tawaqapigmeng pamaken atghaatkayuk.

salngagetlu	salngag[N][Abs][Unpd][Pl]-llu[Encl]
salngagetlu	salngag[N][Rel][Unpd][Pl]-llu[Encl]

tawaqat	+?

nalighmeng	naligh*[N][Abl_Mod][Unpd][Sg]
nalighmeng	naligh*[N][Rel][4DuPoss][PlPosd]
nalighmeng	naligh*[N][Rel][4DuPoss][SgPosd]
nalighmeng	naligh*[N][Rel][4PlPoss][PlPosd]
nalighmeng	naligh*[N][Rel][4PlPoss][SgPosd]
nalighmeng	nalighmeng
nalighmeng	nalighmeng[N][Abs][Unpd][Sg]

tawaqapigmeng	tawaqapig[N][Abl_Mod][Unpd][Sg]
tawaqapigmeng	tawaqapig[N][Rel][4DuPoss][PlPosd]
tawaqapigmeng	tawaqapig[N][Rel][4DuPoss][SgPosd]
tawaqapigmeng	tawaqapig[N][Rel][4PlPoss][PlPosd]
tawaqapigmeng	tawaqapig[N][Rel][4PlPoss][SgPosd]

pamaken	pama-@*@₂~sf–(g₂)k(a)e[the.one.that.possessor.V-ed][V→N][N][Abs][2SgPoss][SgPosd]
pamaken	pama[V][Trns][Ptcp][2Sg][3Sg]
pamaken	pamaken

atghaatkayuk	atghagh-~:(u)te[to.V.for.or.with][to.cause.to.V.as.one.is.V-ing][to.V.toward.each.other][V→V]-~–kayuk[one.who.is.able.to.V][V→N][N][Abs][Unpd][Sg]
atghaatkayuk	atghagh-~:(u)te[SBJ.V-ed.something][V→V]-~–kayuk[one.who.is.able.to.V][V→N][N][Abs][Unpd][Sg]

------------------------
Aghvengumaneghmeggni, ataasit awataghpaget mangtagmeng imighluki siqlugamun kanagtaqluki.

aghvengumaneghmeggni	aghvenge-@₁~:(i/u)ma[to.have.V-ed][to.have.been.V-ed][V→V]-@₁–negh[the.act.or.activity.of.V-ing][V→N][N][Loc][4PlPoss][PlPosd]
aghvengumaneghmeggni	aghvenge-@₁~:(i/u)ma[to.have.V-ed][to.have.been.V-ed][V→V]-@₁–negh[the.act.or.activity.of.V-ing][V→N][N][Loc][4PlPoss][SgPosd]
aghvengumaneghmeggni	aghvenge-@₁~:(i/u)ma[to.have.V-ed][to.have.been.V-ed][V→V]-~:(u)te[to.V.for.or.with][to.cause.to.V.as.one.is.V-ing][to.V.toward.each.other][V→V]-@₁–negh[the.act.or.activity.of.V-ing][V→N][N][Loc][4PlPoss][PlPosd]
aghvengumaneghmeggni	aghvenge-@₁~:(i/u)ma[to.have.V-ed][to.have.been.V-ed][V→V]-~:(u)te[to.V.for.or.with][to.cause.to.V.as.one.is.V-ing][to.V.toward.each.other][V→V]-@₁–negh[the.act.or.activity.of.V-ing][V→N][N][Loc][4PlPoss][SgPosd]
aghvengumaneghmeggni	aghvenge-@₁~:(i/u)ma[to.have.V-ed][to.have.been.V-ed][V→V]-~:(u)te[SBJ.V-ed.something][V→V]-@₁–negh[the.act.or.activity.of.V-ing][V→N][N][Loc][4PlPoss][PlPosd]
aghvengumaneghmeggni	aghvenge-@₁~:(i/u)ma[to.have.V-ed][to.have.been.V-ed][V→V]-~:(u)te[SBJ.V-ed.something][V→V]-@₁–negh[the.act.or.activity.of.V-ing][V→N][N][Loc][4PlPoss][SgPosd]

ataasit	ataasigh[N][Abs][Unpd][Pl]
ataasit	ataasigh[N][Rel][Unpd][Pl]

awataghpaget	awataghpag[N][Abs][Unpd][Pl]
awataghpaget	awataghpag[N][Rel][Unpd][Pl]

mangtagmeng	mangtag[N][Abl_Mod][Unpd][Sg]
mangtagmeng	mangtag[N][Rel][4DuPoss][PlPosd]
mangtagmeng	mangtag[N][Rel][4DuPoss][SgPosd]
mangtagmeng	mangtag[N][Rel][4PlPoss][PlPosd]
mangtagmeng	mangtag[N][Rel][4PlPoss][SgPosd]

imighluki	imigh[V][Trns][Sbrd][_][3Pl]

siqlugamun	siqlugagh[N][Ter][Unpd][Sg]

kanagtaqluki	+?

------------------------


------------------------
Tamaana neqa eghqwaaghusaghqaq kagpakayuguftaat kenlaanga tawaavek aghneghanun eghqwaaghvigkamun, tawani tanqimi Nazighaghsighmi, kergamqun nutaghaq tanqiq piinneghani.

tamaana	tamaa-@₁~fna[in.order.to.V][intending.to.V][V→V][V][Intr][Opt][PRS][2Sg]
tamaana	tamaa-~:(u)te[to.V.for.or.with][to.cause.to.V.as.one.is.V-ing][to.V.toward.each.other][V→V]-@₁~fna[in.order.to.V][intending.to.V][V→V][V][Intr][Opt][PRS][2Sg]
tamaana	tamaa-~:(u)te[SBJ.V-ed.something][V→V]-@₁~fna[in.order.to.V][intending.to.V][V→V][V][Intr][Opt][PRS][2Sg]

neqa	neqe[N][Abs][Unpd][Sg]

eghqwaaghusaghqaq	eghqwaagh-~:(u)te[to.V.for.or.with][to.cause.to.V.as.one.is.V-ing][to.V.toward.each.other][V→V]-te[to.act.on.so.as.to.cause.to.V][V→V]-@₁~fyagh[to.go.V-ing][to.V.in.vain][V→V]-@₂~fkaq[one.that.has.V-ed][V→N][N][Abs][Unpd][Sg]
eghqwaaghusaghqaq	eghqwaagh-~:(u)te[to.V.for.or.with][to.cause.to.V.as.one.is.V-ing][to.V.toward.each.other][V→V]-@₁~fyagh[to.go.V-ing][to.V.in.vain][V→V]-@₂~fkaq[one.that.has.V-ed][V→N][N][Abs][Unpd][Sg]
eghqwaaghusaghqaq	eghqwaagh-~:(u)te[condition.with.respect.to.V-ing][V→N]-te[to.catch.N][to.go.to.N][N→V]-@₁~fyagh[to.go.V-ing][to.V.in.vain][V→V]-@₂~fkaq[one.that.has.V-ed][V→N][N][Abs][Unpd][Sg]
eghqwaaghusaghqaq	eghqwaagh-~:(u)te[SBJ.V-ed.something][V→V]-te[to.act.on.so.as.to.cause.to.V][V→V]-@₁~fyagh[to.go.V-ing][to.V.in.vain][V→V]-@₂~fkaq[one.that.has.V-ed][V→N][N][Abs][Unpd][Sg]
eghqwaaghusaghqaq	eghqwaagh-~:(u)te[SBJ.V-ed.something][V→V]-@₁~fyagh[to.go.V-ing][to.V.in.vain][V→V]-@₂~fkaq[one.that.has.V-ed][V→N][N][Abs][Unpd][Sg]

kagpakayuguftaat	kagpag-~–kayugu[to.be.able.to.V][V→V]-(pete)fte[to.evidently.V][to.have.V-ed][V→V][V][Trns][Ind][3Pl][3Sg]

kenlaanga	kenle[V][Trns][Ind][3Sg][1Sg]

tawaavek	+?

aghneghanun	aghnegh[N][Ter][3SgPoss][SgPosd]
aghneghanun	aghnegh[N][Ter][3SgPoss][PlPosd]
aghneghanun	Aghnegh[N][Ter][3SgPoss][SgPosd]
aghneghanun	Aghnegh[N][Ter][3SgPoss][PlPosd]

eghqwaaghvigkamun	+?

tawani	tawani
tawani	tawani[N][Abs][Unpd][Sg]

tanqimi	tanqigh[N][Loc][Unpd][Sg]
tanqimi	tanqigh[N][Rel][4SgPoss][PlPosd]
tanqimi	tanqigh[N][Rel][4SgPoss][SgPosd]

nazighaghsighmi	+?

kergamqun	kergamqun

nutaghaq	nutaghagh[N][Abs][Unpd][Sg]

tanqiq	tanqigh[N][Abs][Unpd][Sg]

piinneghani	+?

------------------------


------------------------
Taam sivungiighhaani Piifqemmeng atelek.

taam	+?

sivungiighhaani	+?

piifqemmeng	+?

atelek	ategh-–leg[one.having.N][N→N][N][Abs][Unpd][Sg]
atelek	Ategh-–leg[one.having.N][N→N][N][Abs][Unpd][Sg]

------------------------
Tawani taana angyalek eghqwaaghmun igleghutistengwaaquq.

tawani	tawani
tawani	tawani[N][Abs][Unpd][Sg]

taana	taane[V][Intr][Intrg][3Sg]
taana	taana

angyalek	angyagh-–leg[one.having.N][N→N][N][Abs][Unpd][Sg]
angyalek	angyaleg[N][Abs][Unpd][Sg]
angyalek	Angyat-–leg[one.having.N][N→N][N][Abs][Unpd][Sg]

eghqwaaghmun	+?

igleghutistengwaaquq	+?

------------------------
Nulighha taana angyalgem sameng akuusaghqameng akuuqughaquq.

nulighha	nulighh[N][Abs][3SgPoss][SgPosd]

taana	taane[V][Intr][Intrg][3Sg]
taana	taana

angyalgem	angyagh-–leg[one.having.N][N→N][N][Rel][Unpd][Sg]
angyalgem	angyaleg[N][Rel][Unpd][Sg]
angyalgem	Angyat-–leg[one.having.N][N→N][N][Rel][Unpd][Sg]

sameng	sa[N][Abl_Mod][Unpd][Sg]
sameng	sa[N][Rel][4DuPoss][PlPosd]
sameng	sa[N][Rel][4DuPoss][SgPosd]
sameng	sa[N][Rel][4PlPoss][PlPosd]
sameng	sa[N][Rel][4PlPoss][SgPosd]
sameng	sameng

akuusaghqameng	+?

akuuqughaquq	akuute-@₁qugh[to.V.completely]-~(g₁)aqe[to.be.V.ing][to.regularly.or.repeatedly.V][V→V][V][Intr][Ind][3Sg]
akuuqughaquq	akugh-~:(ng₁)u[to.be.N][N→V]-te[to.act.on.so.as.to.cause.to.V][V→V]-te[to.act.on.so.as.to.cause.to.V][V→V]-@₁qugh[to.V.completely]-~(g₁)aqe[to.be.V.ing][to.regularly.or.repeatedly.V][V→V][V][Intr][Ind][3Sg]
akuuqughaquq	akugh-~:(ng₁)u[to.be.N][N→V]-te[to.act.on.so.as.to.cause.to.V][V→V]-@₁qugh[to.V.completely]-~(g₁)aqe[to.be.V.ing][to.regularly.or.repeatedly.V][V→V][V][Intr][Ind][3Sg]
akuuqughaquq	akugh-~:(ng₁)u[to.be.N][N→V]-~:(u)te[to.V.for.or.with][to.cause.to.V.as.one.is.V-ing][to.V.toward.each.other][V→V]-te[to.act.on.so.as.to.cause.to.V][V→V]-te[to.act.on.so.as.to.cause.to.V][V→V]-@₁qugh[to.V.completely]-~(g₁)aqe[to.be.V.ing][to.regularly.or.repeatedly.V][V→V][V][Intr][Ind][3Sg]
akuuqughaquq	akugh-~:(ng₁)u[to.be.N][N→V]-~:(u)te[to.V.for.or.with][to.cause.to.V.as.one.is.V-ing][to.V.toward.each.other][V→V]-te[to.act.on.so.as.to.cause.to.V][V→V]-@₁qugh[to.V.completely]-~(g₁)aqe[to.be.V.ing][to.regularly.or.repeatedly.V][V→V][V][Intr][Ind][3Sg]
akuuqughaquq	akugh-~:(ng₁)u[to.be.N][N→V]-~:(u)te[to.V.for.or.with][to.cause.to.V.as.one.is.V-ing][to.V.toward.each.other][V→V]-@₁qugh[to.V.completely]-~(g₁)aqe[to.be.V.ing][to.regularly.or.repeatedly.V][V→V][V][Intr][Ind][3Sg]
akuuqughaquq	akugh-~:(ng₁)u[to.be.N][N→V]-~:(u)te[condition.with.respect.to.V-ing][V→N]-te[to.catch.N][to.go.to.N][N→V]-te[to.act.on.so.as.to.cause.to.V][V→V]-@₁qugh[to.V.completely]-~(g₁)aqe[to.be.V.ing][to.regularly.or.repeatedly.V][V→V][V][Intr][Ind][3Sg]
akuuqughaquq	akugh-~:(ng₁)u[to.be.N][N→V]-~:(u)te[condition.with.respect.to.V-ing][V→N]-te[to.catch.N][to.go.to.N][N→V]-@₁qugh[to.V.completely]-~(g₁)aqe[to.be.V.ing][to.regularly.or.repeatedly.V][V→V][V][Intr][Ind][3Sg]
akuuqughaquq	akugh-~:(ng₁)u[to.be.N][N→V]-~:(u)te[SBJ.V-ed.something][V→V]-te[to.act.on.so.as.to.cause.to.V][V→V]-te[to.act.on.so.as.to.cause.to.V][V→V]-@₁qugh[to.V.completely]-~(g₁)aqe[to.be.V.ing][to.regularly.or.repeatedly.V][V→V][V][Intr][Ind][3Sg]
akuuqughaquq	akugh-~:(ng₁)u[to.be.N][N→V]-~:(u)te[SBJ.V-ed.something][V→V]-te[to.act.on.so.as.to.cause.to.V][V→V]-@₁qugh[to.V.completely]-~(g₁)aqe[to.be.V.ing][to.regularly.or.repeatedly.V][V→V][V][Intr][Ind][3Sg]
akuuqughaquq	akugh-~:(ng₁)u[to.be.N][N→V]-~:(u)te[SBJ.V-ed.something][V→V]-@₁qugh[to.V.completely]-~(g₁)aqe[to.be.V.ing][to.regularly.or.repeatedly.V][V→V][V][Intr][Ind][3Sg]
akuuqughaquq	akugh-~:(ng₁)u[to.be.N][N→V]-@₁qugh[to.V.completely]-~(g₁)aqe[to.be.V.ing][to.regularly.or.repeatedly.V][V→V][V][Intr][Ind][3Sg]

------------------------
Ayveghem uqaan mesiighi akuutusiiqaqii nuniivagmun, tunumeng ilaluki.

ayveghem	ayvegh[N][Rel][Unpd][Sg]

uqaan	uqugh[N][Rel][3SgPoss][SgPosd]
uqaan	uqugh[N][Rel][3SgPoss][PlPosd]

mesiighi	mesiigh-~i[SBJ.V-ed.something][V→V][V][Intr][Opt][PRS][2Sg]
mesiighi	mesiigh[N][Abs][3SgPoss][PlPosd]
mesiighi	mesiigh[V][Intr][Opt][PRS][2Sg]

akuutusiiqaqii	+?

nuniivagmun	+?

tunumeng	tunu[N][Abl_Mod][Unpd][Sg]
tunumeng	tunu[N][Rel][4DuPoss][PlPosd]
tunumeng	tunu[N][Rel][4DuPoss][SgPosd]
tunumeng	tunu[N][Rel][4PlPoss][PlPosd]
tunumeng	tunu[N][Rel][4PlPoss][SgPosd]
tunumeng	tunugh[N][Abl_Mod][Unpd][Sg]
tunumeng	tunugh[N][Rel][4DuPoss][PlPosd]
tunumeng	tunugh[N][Rel][4DuPoss][SgPosd]
tunumeng	tunugh[N][Rel][4PlPoss][PlPosd]
tunumeng	tunugh[N][Rel][4PlPoss][SgPosd]

ilaluki	ila-~:(u)te[to.V.for.or.with][to.cause.to.V.as.one.is.V-ing][to.V.toward.each.other][V→V][V][Trns][Sbrd][_][3Pl]
ilaluki	ila[V][Trns][Sbrd][_][3Pl]

------------------------


------------------------
Qamagllutek nulighqullghiik aatkameng, eghqwaaghem aatkaghqaaneng aasaghqak.

qamagllutek	+?

nulighqullghiik	nulighqullghiig[N][Abs][Unpd][Sg]

aatkameng	aatkagh[N][Abl_Mod][Unpd][Sg]
aatkameng	aatkagh[N][Rel][4DuPoss][PlPosd]
aatkameng	aatkagh[N][Rel][4DuPoss][SgPosd]
aatkameng	aatkagh[N][Rel][4PlPoss][PlPosd]
aatkameng	aatkagh[N][Rel][4PlPoss][SgPosd]

eghqwaaghem	+?

aatkaghqaaneng	+?

aasaghqak	+?

------------------------
Wetku tawaninginaq aasaghqat.

wetku	wetku

tawaninginaq	+?

aasaghqat	+?

------------------------
Tamaakun'nguq Ategham aatkaqii.

tamaakunnguq	+?

ategham	ateghagh[N][Rel][Unpd][Sg]

aatkaqii	aate-@₂~fkaq[one.that.has.V-ed][V→N]-~–ke[to.have.as.one's.N(s)][N→V]-~i[SBJ.V-ed.something][V→V]-~i[SBJ.V-ed.something][V→V]-~i[SBJ.V-ed.something][V→V]-~i[SBJ.V-ed.something][V→V][V][Intr][Opt][PRS][2Sg]
aatkaqii	aate-@₂~fkaq[one.that.has.V-ed][V→N]-~–ke[to.have.as.one's.N(s)][N→V]-~i[SBJ.V-ed.something][V→V]-~i[SBJ.V-ed.something][V→V]-~i[SBJ.V-ed.something][V→V][V][Intr][Opt][PRS][2Sg]
aatkaqii	aate-@₂~fkaq[one.that.has.V-ed][V→N]-~–ke[to.have.as.one's.N(s)][N→V]-~i[SBJ.V-ed.something][V→V]-~i[SBJ.V-ed.something][V→V][V][Intr][Opt][PRS][2Sg]
aatkaqii	aate-@₂~fkaq[one.that.has.V-ed][V→N]-~–ke[to.have.as.one's.N(s)][N→V]-~i[SBJ.V-ed.something][V→V][V][Intr][Intrg][3Sg]
aatkaqii	aatkagh-~–ke[to.have.as.one's.N(s)][N→V]-~i[SBJ.V-ed.something][V→V]-~i[SBJ.V-ed.something][V→V]-~i[SBJ.V-ed.something][V→V]-~i[SBJ.V-ed.something][V→V]-~i[SBJ.V-ed.something][V→V][V][Intr][Opt][PRS][2Sg]
aatkaqii	aatkagh-~–ke[to.have.as.one's.N(s)][N→V]-~i[SBJ.V-ed.something][V→V]-~i[SBJ.V-ed.something][V→V]-~i[SBJ.V-ed.something][V→V]-~i[SBJ.V-ed.something][V→V][V][Intr][Opt][PRS][2Sg]
aatkaqii	aatkagh-~–ke[to.have.as.one's.N(s)][N→V]-~i[SBJ.V-ed.something][V→V]-~i[SBJ.V-ed.something][V→V]-~i[SBJ.V-ed.something][V→V][V][Intr][Opt][PRS][2Sg]
aatkaqii	aatkagh-~–ke[to.have.as.one's.N(s)][N→V]-~i[SBJ.V-ed.something][V→V]-~i[SBJ.V-ed.something][V→V][V][Intr][Opt][PRS][2Sg]
aatkaqii	aatkagh-~–ke[to.have.as.one's.N(s)][N→V]-~i[SBJ.V-ed.something][V→V][V][Intr][Intrg][3Sg]

------------------------
Ateghaghnaqneghmeggni aatkayugit.

ateghaghnaqneghmeggni	+?

aatkayugit	+?

------------------------


------------------------
Aghneq ataasiq yataaghqutkaqaat, neqa sangwaa apeghiighteghraaneghmegteggu.

aghneq	aghneq
aghneq	aghnegh[N][Abs][Unpd][Sg]
aghneq	Aghnegh[N][Abs][Unpd][Sg]

ataasiq	ataasigh[N][Abs][Unpd][Sg]

yataaghqutkaqaat	+?

neqa	neqe[N][Abs][Unpd][Sg]

sangwaa	sa-~:(ng₁)u[to.be.N][N→V][V][Intr][Intrg][3Sg]
sangwaa	sangwaa[N][Abs][Unpd][Sg]

apeghiighteghraaneghmegteggu	+?

------------------------
Unaghsikun sagneghqun neqa qamaglluku qantaghteghluku naatghem qukaakun qerngiita lliluki, tanpeghmeng saapluki qavaghtaqiit.  

unaghsikun	unaghsigh[N][Via][Unpd][Sg]

sagneghqun	sagnegh[N][Via][Unpd][Sg]

neqa	neqe[N][Abs][Unpd][Sg]

qamaglluku	+?

qantaghteghluku	+?

naatghem	nategh[N][Rel][Unpd][Sg]

qukaakun	Qukaa-~–ke[to.have.as.one's.N(s)][N→V]-~:(u)te[condition.with.respect.to.V-ing][V→N][N][Abs][Unpd][Sg]
qukaakun	Qukaa[N][Via][Unpd][Sg]
qukaakun	qukagh[N][Via][3DuPoss][PlPosd]
qukaakun	qukagh[N][Via][3SgPoss][SgPosd]
qukaakun	qukagh[N][Via][3SgPoss][PlPosd]

qerngiita	qerngagh*[Quant_Qual][3Pl]
qerngiita	qerngagh*[Quant_Qual][3Du]

lliluki	lli-~:(u)te[to.V.for.or.with][to.cause.to.V.as.one.is.V-ing][to.V.toward.each.other][V→V][V][Trns][Sbrd][_][3Pl]
lliluki	lli[V][Trns][Sbrd][_][3Pl]

tanpeghmeng	tanpegh[N][Abl_Mod][Unpd][Sg]
tanpeghmeng	tanpegh[N][Rel][4DuPoss][PlPosd]
tanpeghmeng	tanpegh[N][Rel][4DuPoss][SgPosd]
tanpeghmeng	tanpegh[N][Rel][4PlPoss][PlPosd]
tanpeghmeng	tanpegh[N][Rel][4PlPoss][SgPosd]

saapluki	saape-te[to.act.on.so.as.to.cause.to.V][V→V][V][Trns][Sbrd][_][3Pl]
saapluki	saape[V][Trns][Sbrd][_][3Pl]

qavaghtaqiit	qavagh-te[to.act.on.so.as.to.cause.to.V][V→V]-~(g₁)aqe[to.be.V.ing][to.regularly.or.repeatedly.V][V→V]-~i[SBJ.V-ed.something][V→V][V][Intr][Intrg][3Pl]
qavaghtaqiit	qavagh-te[to.act.on.so.as.to.cause.to.V][V→V]-~(g₁)aqe[to.be.V.ing][to.regularly.or.repeatedly.V][V→V]-~i[SBJ.V-ed.something][V→V][V][Intr][Ind][3Pl]
qavaghtaqiit	qavagh-te[to.act.on.so.as.to.cause.to.V][V→V]-~(g₁)aqe[to.be.V.ing][to.regularly.or.repeatedly.V][V→V][V][Trns][Ind][3Pl][3Pl]
qavaghtaqiit	qavagh-te[to.act.on.so.as.to.cause.to.V][V→V]-~(g₁)aqe[to.be.V.ing][to.regularly.or.repeatedly.V][V→V][V][Trns][Ind][3Du][3Sg]
qavaghtaqiit	qavagh-te[to.catch.N][to.go.to.N][N→V]-~(g₁)aqe[to.be.V.ing][to.regularly.or.repeatedly.V][V→V]-~i[SBJ.V-ed.something][V→V][V][Intr][Intrg][3Pl]
qavaghtaqiit	qavagh-te[to.catch.N][to.go.to.N][N→V]-~(g₁)aqe[to.be.V.ing][to.regularly.or.repeatedly.V][V→V]-~i[SBJ.V-ed.something][V→V][V][Intr][Ind][3Pl]

------------------------


------------------------
Tawani unugmi taam angyalgem qafsinat ilagaatet atughaqii tamaavenginaq pisit.

tawani	tawani
tawani	tawani[N][Abs][Unpd][Sg]

unugmi	unug[N][Loc][Unpd][Sg]
unugmi	unug[N][Rel][4SgPoss][PlPosd]
unugmi	unug[N][Rel][4SgPoss][SgPosd]

taam	+?

angyalgem	angyagh-–leg[one.having.N][N→N][N][Rel][Unpd][Sg]
angyalgem	angyaleg[N][Rel][Unpd][Sg]
angyalgem	Angyat-–leg[one.having.N][N→N][N][Rel][Unpd][Sg]

qafsinat	qafsina[N][Abs][Unpd][Pl]
qafsinat	qafsina[N][Rel][Unpd][Pl]

ilagaatet	ilagaate[N][Abs][Unpd][Pl]
ilagaatet	ilagaate[N][Rel][Unpd][Pl]
ilagaatet	ilagaatet[N][Abs][Unpd][Sg]
ilagaatet	ilagagh-~:(u)te[condition.with.respect.to.V-ing][V→N][N][Abs][Unpd][Pl]
ilagaatet	ilagagh-~:(u)te[condition.with.respect.to.V-ing][V→N][N][Rel][Unpd][Pl]

atughaqii	atugh-~(g₁)aqe[to.be.V.ing][to.regularly.or.repeatedly.V][V→V]-~i[SBJ.V-ed.something][V→V]-~i[SBJ.V-ed.something][V→V]-~i[SBJ.V-ed.something][V→V]-~i[SBJ.V-ed.something][V→V]-~i[SBJ.V-ed.something][V→V][V][Intr][Opt][PRS][2Sg]
atughaqii	atugh-~(g₁)aqe[to.be.V.ing][to.regularly.or.repeatedly.V][V→V]-~i[SBJ.V-ed.something][V→V]-~i[SBJ.V-ed.something][V→V]-~i[SBJ.V-ed.something][V→V]-~i[SBJ.V-ed.something][V→V][V][Intr][Opt][PRS][2Sg]
atughaqii	atugh-~(g₁)aqe[to.be.V.ing][to.regularly.or.repeatedly.V][V→V]-~i[SBJ.V-ed.something][V→V]-~i[SBJ.V-ed.something][V→V]-~i[SBJ.V-ed.something][V→V][V][Intr][Opt][PRS][2Sg]
atughaqii	atugh-~(g₁)aqe[to.be.V.ing][to.regularly.or.repeatedly.V][V→V]-~i[SBJ.V-ed.something][V→V]-~i[SBJ.V-ed.something][V→V][V][Intr][Opt][PRS][2Sg]
atughaqii	atugh-~(g₁)aqe[to.be.V.ing][to.regularly.or.repeatedly.V][V→V]-~i[SBJ.V-ed.something][V→V][V][Intr][Intrg][3Sg]
atughaqii	atugh-~(g₁)aqe[to.be.V.ing][to.regularly.or.repeatedly.V][V→V][V][Trns][Ind][3Sg][3Pl]

tamaavenginaq	+?

pisit	+?

------------------------
Ivaghullugmeng atelget tamaakut.

ivaghullugmeng	ivaghullug[N][Abl_Mod][Unpd][Sg]
ivaghullugmeng	ivaghullug[N][Rel][4DuPoss][PlPosd]
ivaghullugmeng	ivaghullug[N][Rel][4DuPoss][SgPosd]
ivaghullugmeng	ivaghullug[N][Rel][4PlPoss][PlPosd]
ivaghullugmeng	ivaghullug[N][Rel][4PlPoss][SgPosd]

atelget	ategh-–leg[one.having.N][N→N][N][Abs][Unpd][Pl]
atelget	ategh-–leg[one.having.N][N→N][N][Rel][Unpd][Pl]
atelget	ategh-–lget[to.have.N][AUG]
atelget	Ategh-–leg[one.having.N][N→N][N][Abs][Unpd][Pl]
atelget	Ategh-–leg[one.having.N][N→N][N][Rel][Unpd][Pl]
atelget	Ategh-–lget[to.have.N][AUG]

tamaakut	tamaa[V][Trns][Opt][PRS][2Sg][1Pl]
tamaakut	tamaa[V][Trns][Intrg][2Pl][1Pl]

------------------------
Nangllegsiisit.

nangllegsiisit	nangllegsiisigh[N][Abs][Unpd][Pl]
nangllegsiisit	nangllegsiisigh[N][Rel][Unpd][Pl]

------------------------


------------------------
Taagken unaangupiglluku aghtaaghaqestaq maliglluku angyam yugan nenglluuguteteng ilakluki atghaghtuutaqut tamaaken sagneghmeng tugumiightuulluteng, kanavek angyilghanun.

taagken	taagken

unaangupiglluku	unaangu-–pigte[to.be.very.V][to.V.very.much][V→V]-te[to.act.on.so.as.to.cause.to.V][V→V][V][Trns][Sbrd][_][3Sg]

aghtaaghaqestaq	+?

maliglluku	+?

angyam	angyagh[N][Rel][Unpd][Sg]

yugan	yu(u)g[N][Rel][3SgPoss][SgPosd]
yugan	yu(u)g[N][Rel][3SgPoss][PlPosd]
yugan	yug[N][Rel][3SgPoss][SgPosd]
yugan	yug[N][Rel][3SgPoss][PlPosd]

nenglluuguteteng	+?

ilakluki	+?

atghaghtuutaqut	+?

tamaaken	tamaa-@*@₂~sf–(g₂)k(a)e[the.one.that.possessor.V-ed][V→N][N][Abs][2SgPoss][SgPosd]
tamaaken	tamaa[V][Trns][Ptcp][2Sg][3Sg]

sagneghmeng	sagnegh[N][Abl_Mod][Unpd][Sg]
sagneghmeng	sagnegh[N][Rel][4DuPoss][PlPosd]
sagneghmeng	sagnegh[N][Rel][4DuPoss][SgPosd]
sagneghmeng	sagnegh[N][Rel][4PlPoss][PlPosd]
sagneghmeng	sagnegh[N][Rel][4PlPoss][SgPosd]

tugumiightuulluteng	tugumiigh-tugh[to.eat.N][to.use.N][N→V]-~:(u)te[to.V.for.or.with][to.cause.to.V.as.one.is.V-ing][to.V.toward.each.other][V→V]-te[to.act.on.so.as.to.cause.to.V][V→V][V][Intr][Sbrd][3Pl]
tugumiightuulluteng	tugumiigh-tugh[to.eat.N][to.use.N][N→V]-~:(u)te[to.V.for.or.with][to.cause.to.V.as.one.is.V-ing][to.V.toward.each.other][V→V][V][Intr][Sbrd][3Pl]
tugumiightuulluteng	tugumiigh-tugh[to.eat.N][to.use.N][N→V]-~:(u)te[condition.with.respect.to.V-ing][V→N]-te[to.catch.N][to.go.to.N][N→V][V][Intr][Sbrd][3Pl]
tugumiightuulluteng	tugumiigh-tugh[to.eat.N][to.use.N][N→V]-~:(u)te[SBJ.V-ed.something][V→V]-te[to.act.on.so.as.to.cause.to.V][V→V][V][Intr][Sbrd][3Pl]
tugumiightuulluteng	tugumiigh-tugh[to.eat.N][to.use.N][N→V]-~:(u)te[SBJ.V-ed.something][V→V][V][Intr][Sbrd][3Pl]

kanavek	kanavek

angyilghanun	angyilghagh[N][Ter][Unpd][Pl]

------------------------
Taagken angyaq angyilghaneng ateghlluku, taakutlu neqet qaakluki angyamun, kanaavek keniileghnun angyaq atghaataqaat.

taagken	taagken

angyaq	angyagh[N][Abs][Unpd][Sg]

angyilghaneng	angyilghagh[N][Abl_Mod][Unpd][Pl]

ateghlluku	+?

taakutlu	+?

neqet	neqe[N][Abs][Unpd][Pl]
neqet	neqe[N][Rel][Unpd][Pl]

qaakluki	qaake-te[to.act.on.so.as.to.cause.to.V][V→V][V][Trns][Sbrd][_][3Pl]
qaakluki	qaake[V][Trns][Sbrd][_][3Pl]

angyamun	angyagh[N][Ter][Unpd][Sg]

kanaavek	+?

keniileghnun	+?

angyaq	angyagh[N][Abs][Unpd][Sg]

atghaataqaat	atghagh-~:(u)te[to.V.for.or.with][to.cause.to.V.as.one.is.V-ing][to.V.toward.each.other][V→V]-~(g₁)aqe[to.be.V.ing][to.regularly.or.repeatedly.V][V→V][V][Trns][Ind][3Pl][3Sg]

------------------------


------------------------
Tawaani kenileghni aghuliighluteng utaqiigaqut siqineq piinneghsighaqaat.

tawaani	+?

kenileghni	kenilegh[N][Loc][Unpd][Pl]

aghuliighluteng	aghuliigh[V][Intr][Sbrd][3Pl]

utaqiigaqut	utaqa-~i[SBJ.V-ed.something][V→V]-~i[SBJ.V-ed.something][V→V]-~i[SBJ.V-ed.something][V→V]-~i[SBJ.V-ed.something][V→V]-~i[SBJ.V-ed.something][V→V]-~(g₁)aqe[to.be.V.ing][to.regularly.or.repeatedly.V][V→V][V][Intr][Ind][3Pl]
utaqiigaqut	utaqa-~i[SBJ.V-ed.something][V→V]-~i[SBJ.V-ed.something][V→V]-~i[SBJ.V-ed.something][V→V]-~i[SBJ.V-ed.something][V→V]-~(g₁)aqe[to.be.V.ing][to.regularly.or.repeatedly.V][V→V][V][Intr][Ind][3Pl]
utaqiigaqut	utaqa-~i[SBJ.V-ed.something][V→V]-~i[SBJ.V-ed.something][V→V]-~i[SBJ.V-ed.something][V→V]-~(g₁)aqe[to.be.V.ing][to.regularly.or.repeatedly.V][V→V][V][Intr][Ind][3Pl]
utaqiigaqut	utaqa-~i[SBJ.V-ed.something][V→V]-~i[SBJ.V-ed.something][V→V]-~(g₁)aqe[to.be.V.ing][to.regularly.or.repeatedly.V][V→V][V][Intr][Ind][3Pl]
utaqiigaqut	utaqa-~i[SBJ.V-ed.something][V→V]-~(g₁)aqe[to.be.V.ing][to.regularly.or.repeatedly.V][V→V][V][Intr][Ind][3Pl]

siqineq	siqi-@₁–negh[the.act.or.activity.of.V-ing][V→N][N][Abs][Unpd][Sg]
siqineq	siqi-~:(u)te[to.V.for.or.with][to.cause.to.V.as.one.is.V-ing][to.V.toward.each.other][V→V]-@₁–negh[the.act.or.activity.of.V-ing][V→N][N][Abs][Unpd][Sg]
siqineq	siqi-~:(u)te[SBJ.V-ed.something][V→V]-@₁–negh[the.act.or.activity.of.V-ing][V→N][N][Abs][Unpd][Sg]
siqineq	siqinegh[N][Abs][Unpd][Sg]

piinneghsighaqaat	+?

------------------------
Whaa siqineq piitekestan'ghani naaygham qaaynganeng, angyalgem tamaana sagneq llilaghtughtestaqaa anigum qaayngakun, taagken tamaaken sagneghem imaaneng tugullughaqluni eghqwaaghaquq.

whaa	whaa
whaa	whaa[N][Abs][Unpd][Sg]

siqineq	siqi-@₁–negh[the.act.or.activity.of.V-ing][V→N][N][Abs][Unpd][Sg]
siqineq	siqi-~:(u)te[to.V.for.or.with][to.cause.to.V.as.one.is.V-ing][to.V.toward.each.other][V→V]-@₁–negh[the.act.or.activity.of.V-ing][V→N][N][Abs][Unpd][Sg]
siqineq	siqi-~:(u)te[SBJ.V-ed.something][V→V]-@₁–negh[the.act.or.activity.of.V-ing][V→N][N][Abs][Unpd][Sg]
siqineq	siqinegh[N][Abs][Unpd][Sg]

piitekestanghani	+?

naaygham	Naayghagh[N][Rel][Unpd][Sg]
naaygham	naayghagh[N][Rel][Unpd][Sg]

qaaynganeng	qaye[N][Abl_Mod][3SgPoss][SgPosd]
qaaynganeng	qaye[N][Abl_Mod][3SgPoss][PlPosd]

angyalgem	angyagh-–leg[one.having.N][N→N][N][Rel][Unpd][Sg]
angyalgem	angyaleg[N][Rel][Unpd][Sg]
angyalgem	Angyat-–leg[one.having.N][N→N][N][Rel][Unpd][Sg]

tamaana	tamaa-@₁~fna[in.order.to.V][intending.to.V][V→V][V][Intr][Opt][PRS][2Sg]
tamaana	tamaa-~:(u)te[to.V.for.or.with][to.cause.to.V.as.one.is.V-ing][to.V.toward.each.other][V→V]-@₁~fna[in.order.to.V][intending.to.V][V→V][V][Intr][Opt][PRS][2Sg]
tamaana	tamaa-~:(u)te[SBJ.V-ed.something][V→V]-@₁~fna[in.order.to.V][intending.to.V][V→V][V][Intr][Opt][PRS][2Sg]

sagneq	sagnegh[N][Abs][Unpd][Sg]

llilaghtughtestaqaa	+?

anigum	anigu[N][Rel][Unpd][Sg]

qaayngakun	qaye[N][Via][3DuPoss][PlPosd]
qaayngakun	qaye[N][Via][3SgPoss][SgPosd]
qaayngakun	qaye[N][Via][3SgPoss][PlPosd]

taagken	taagken

tamaaken	tamaa-@*@₂~sf–(g₂)k(a)e[the.one.that.possessor.V-ed][V→N][N][Abs][2SgPoss][SgPosd]
tamaaken	tamaa[V][Trns][Ptcp][2Sg][3Sg]

sagneghem	sagnegh[N][Rel][Unpd][Sg]

imaaneng	imaa[N][Abl_Mod][Unpd][Pl]
imaaneng	imagh[N][Abl_Mod][3SgPoss][SgPosd]
imaaneng	imagh[N][Abl_Mod][3SgPoss][PlPosd]
imaaneng	imugh[N][Abl_Mod][3SgPoss][SgPosd]
imaaneng	imugh[N][Abl_Mod][3SgPoss][PlPosd]

tugullughaqluni	+?

eghqwaaghaquq	eghqwaagh-~(g₁)aqe[to.be.V.ing][to.regularly.or.repeatedly.V][V→V][V][Intr][Ind][3Sg]

------------------------
Eghqwaaneghmeggni tugullughluteng taan'gavek meghmun miluututkelluku sameng akuzimleghaamaghmeng maniiguutusimeng, igamsiqayugumaghmeng agum ayumiqullghem tunuusaaneng piiqut.

eghqwaaneghmeggni	eghqwaagh-@₁–negh[the.act.or.activity.of.V-ing][V→N][N][Loc][4PlPoss][PlPosd]
eghqwaaneghmeggni	eghqwaagh-@₁–negh[the.act.or.activity.of.V-ing][V→N][N][Loc][4PlPoss][SgPosd]

tugullughluteng	+?

taangavek	+?

meghmun	megh[N][Ter][Unpd][Sg]

miluututkelluku	+?

sameng	sa[N][Abl_Mod][Unpd][Sg]
sameng	sa[N][Rel][4DuPoss][PlPosd]
sameng	sa[N][Rel][4DuPoss][SgPosd]
sameng	sa[N][Rel][4PlPoss][PlPosd]
sameng	sa[N][Rel][4PlPoss][SgPosd]
sameng	sameng

akuzimleghaamaghmeng	akuzimleghagh-@₁~:(i/u)magh*[while.V-ing][V→V][Quant_Qual][4Pl]

maniiguutusimeng	+?

igamsiqayugumaghmeng	igamsiqayug-@₁~:(i/u)magh*[while.V-ing][V→V][Quant_Qual][4Pl]

agum	agugh[N][Rel][Unpd][Sg]

ayumiqullghem	ayumiqullegh[N][Rel][Unpd][Sg]

tunuusaaneng	+?

piiqut	pi-~(g₁)aqe[to.be.V.ing][to.regularly.or.repeatedly.V][V→V][V][Intr][Ind][3Pl]
piiqut	piigh-~–ke[to.have.as.one's.N(s)][N→V][V][Intr][Ind][3Pl]

------------------------


------------------------
Tawaten eghqwaaneghmeng taaqneghmini angyalek, tawaqatlu iinguniita meghmun miluulluki piiqegkaangi taakut yuget neghesqelluuki.

tawaten	tawaten

eghqwaaneghmeng	eghqwaagh-@₁–negh[the.act.or.activity.of.V-ing][V→N][N][Abl_Mod][Unpd][Sg]
eghqwaaneghmeng	eghqwaagh-@₁–negh[the.act.or.activity.of.V-ing][V→N][N][Rel][4DuPoss][PlPosd]
eghqwaaneghmeng	eghqwaagh-@₁–negh[the.act.or.activity.of.V-ing][V→N][N][Rel][4DuPoss][SgPosd]
eghqwaaneghmeng	eghqwaagh-@₁–negh[the.act.or.activity.of.V-ing][V→N][N][Rel][4PlPoss][PlPosd]
eghqwaaneghmeng	eghqwaagh-@₁–negh[the.act.or.activity.of.V-ing][V→N][N][Rel][4PlPoss][SgPosd]
eghqwaaneghmeng	eghqwaagh[V][Intr][Ctmp][4Pl]

taaqneghmini	+?

angyalek	angyagh-–leg[one.having.N][N→N][N][Abs][Unpd][Sg]
angyalek	angyaleg[N][Abs][Unpd][Sg]
angyalek	Angyat-–leg[one.having.N][N→N][N][Abs][Unpd][Sg]

tawaqatlu	+?

iinguniita	iingunagh-~:(ng₁)u[to.be.N][N→V]-~i[SBJ.V-ed.something][V→V]-~i[SBJ.V-ed.something][V→V]-~i[SBJ.V-ed.something][V→V]-~i[SBJ.V-ed.something][V→V]-~i[SBJ.V-ed.something][V→V]-~:(u)te[condition.with.respect.to.V-ing][V→N][N][Abs][Unpd][Sg]
iinguniita	iingunagh-~:(ng₁)u[to.be.N][N→V]-~i[SBJ.V-ed.something][V→V]-~i[SBJ.V-ed.something][V→V]-~i[SBJ.V-ed.something][V→V]-~i[SBJ.V-ed.something][V→V]-~i[SBJ.V-ed.something][V→V]-~:(u)ta[condition.with.respect.to.V-ing][V→N][N][Abs][Unpd][Sg]
iinguniita	iingunagh-~:(ng₁)u[to.be.N][N→V]-~i[SBJ.V-ed.something][V→V]-~i[SBJ.V-ed.something][V→V]-~i[SBJ.V-ed.something][V→V]-~i[SBJ.V-ed.something][V→V]-~i[SBJ.V-ed.something][V→V]-te[to.act.on.so.as.to.cause.to.V][V→V][V][Intr][Intrg][3Sg]
iinguniita	iingunagh-~:(ng₁)u[to.be.N][N→V]-~i[SBJ.V-ed.something][V→V]-~i[SBJ.V-ed.something][V→V]-~i[SBJ.V-ed.something][V→V]-~i[SBJ.V-ed.something][V→V]-~:(u)te[to.V.for.or.with][to.cause.to.V.as.one.is.V-ing][to.V.toward.each.other][V→V][V][Intr][Intrg][3Sg]
iinguniita	iingunagh-~:(ng₁)u[to.be.N][N→V]-~i[SBJ.V-ed.something][V→V]-~i[SBJ.V-ed.something][V→V]-~i[SBJ.V-ed.something][V→V]-~i[SBJ.V-ed.something][V→V]-~:(u)te[SBJ.V-ed.something][V→V][V][Intr][Intrg][3Sg]
iinguniita	iingunagh-~:(ng₁)u[to.be.N][N→V]-~i[SBJ.V-ed.something][V→V]-~i[SBJ.V-ed.something][V→V]-~i[SBJ.V-ed.something][V→V]-~i[SBJ.V-ed.something][V→V]-~:(u)te[condition.with.respect.to.V-ing][V→N][N][Abs][Unpd][Sg]
iinguniita	iingunagh-~:(ng₁)u[to.be.N][N→V]-~i[SBJ.V-ed.something][V→V]-~i[SBJ.V-ed.something][V→V]-~i[SBJ.V-ed.something][V→V]-~i[SBJ.V-ed.something][V→V]-~:(u)ta[condition.with.respect.to.V-ing][V→N][N][Abs][Unpd][Sg]
iinguniita	iingunagh-~:(ng₁)u[to.be.N][N→V]-~i[SBJ.V-ed.something][V→V]-~i[SBJ.V-ed.something][V→V]-~i[SBJ.V-ed.something][V→V]-~i[SBJ.V-ed.something][V→V]-te[to.act.on.so.as.to.cause.to.V][V→V][V][Intr][Intrg][3Sg]
iinguniita	iingunagh-~:(ng₁)u[to.be.N][N→V]-~i[SBJ.V-ed.something][V→V]-~i[SBJ.V-ed.something][V→V]-~i[SBJ.V-ed.something][V→V]-~:(u)te[to.V.for.or.with][to.cause.to.V.as.one.is.V-ing][to.V.toward.each.other][V→V][V][Intr][Intrg][3Sg]
iinguniita	iingunagh-~:(ng₁)u[to.be.N][N→V]-~i[SBJ.V-ed.something][V→V]-~i[SBJ.V-ed.something][V→V]-~i[SBJ.V-ed.something][V→V]-~:(u)te[SBJ.V-ed.something][V→V][V][Intr][Intrg][3Sg]
iinguniita	iingunagh-~:(ng₁)u[to.be.N][N→V]-~i[SBJ.V-ed.something][V→V]-~i[SBJ.V-ed.something][V→V]-~i[SBJ.V-ed.something][V→V]-~:(u)te[condition.with.respect.to.V-ing][V→N][N][Abs][Unpd][Sg]
iinguniita	iingunagh-~:(ng₁)u[to.be.N][N→V]-~i[SBJ.V-ed.something][V→V]-~i[SBJ.V-ed.something][V→V]-~i[SBJ.V-ed.something][V→V]-~:(u)ta[condition.with.respect.to.V-ing][V→N][N][Abs][Unpd][Sg]
iinguniita	iingunagh-~:(ng₁)u[to.be.N][N→V]-~i[SBJ.V-ed.something][V→V]-~i[SBJ.V-ed.something][V→V]-~i[SBJ.V-ed.something][V→V]-te[to.act.on.so.as.to.cause.to.V][V→V][V][Intr][Intrg][3Sg]
iinguniita	iingunagh-~:(ng₁)u[to.be.N][N→V]-~i[SBJ.V-ed.something][V→V]-~i[SBJ.V-ed.something][V→V]-~:(u)te[to.V.for.or.with][to.cause.to.V.as.one.is.V-ing][to.V.toward.each.other][V→V][V][Intr][Intrg][3Sg]
iinguniita	iingunagh-~:(ng₁)u[to.be.N][N→V]-~i[SBJ.V-ed.something][V→V]-~i[SBJ.V-ed.something][V→V]-~:(u)te[SBJ.V-ed.something][V→V][V][Intr][Intrg][3Sg]
iinguniita	iingunagh-~:(ng₁)u[to.be.N][N→V]-~i[SBJ.V-ed.something][V→V]-~i[SBJ.V-ed.something][V→V]-~:(u)te[condition.with.respect.to.V-ing][V→N][N][Abs][Unpd][Sg]
iinguniita	iingunagh-~:(ng₁)u[to.be.N][N→V]-~i[SBJ.V-ed.something][V→V]-~i[SBJ.V-ed.something][V→V]-~:(u)ta[condition.with.respect.to.V-ing][V→N][N][Abs][Unpd][Sg]
iinguniita	iingunagh-~:(ng₁)u[to.be.N][N→V]-~i[SBJ.V-ed.something][V→V]-~i[SBJ.V-ed.something][V→V]-te[to.act.on.so.as.to.cause.to.V][V→V][V][Intr][Intrg][3Sg]
iinguniita	iingunagh-~:(ng₁)u[to.be.N][N→V]-~i[SBJ.V-ed.something][V→V]-~:(u)te[to.V.for.or.with][to.cause.to.V.as.one.is.V-ing][to.V.toward.each.other][V→V][V][Intr][Intrg][3Sg]
iinguniita	iingunagh-~:(ng₁)u[to.be.N][N→V]-~i[SBJ.V-ed.something][V→V]-~:(u)te[SBJ.V-ed.something][V→V][V][Intr][Intrg][3Sg]
iinguniita	iingunagh-~:(ng₁)u[to.be.N][N→V]-~i[SBJ.V-ed.something][V→V]-~:(u)te[condition.with.respect.to.V-ing][V→N][N][Abs][Unpd][Sg]
iinguniita	iingunagh-~:(ng₁)u[to.be.N][N→V]-~i[SBJ.V-ed.something][V→V]-~:(u)ta[condition.with.respect.to.V-ing][V→N][N][Abs][Unpd][Sg]
iinguniita	iingunagh-~:(ng₁)u[to.be.N][N→V]-~i[SBJ.V-ed.something][V→V]-te[to.act.on.so.as.to.cause.to.V][V→V][V][Intr][Intrg][3Sg]
iinguniita	iingunagh-~:(ng₁)ite**[to.lack.N][to.not.have.N][N→V][V][Intr][Intrg][3Sg]
iinguniita	iingunagh[N][Rel][3DuPoss][SgPosd]
iinguniita	iingunagh[N][Rel][3DuPoss][PlPosd]
iinguniita	iingunagh[N][Rel][3PlPoss][SgPosd]
iinguniita	iingunagh[N][Rel][3PlPoss][PlPosd]
iinguniita	iingunagh*[Quant_Qual][3Pl]
iinguniita	iingunagh*[Quant_Qual][3Du]

meghmun	megh[N][Ter][Unpd][Sg]

miluulluki	miluute[V][Trns][Sbrd][_][3Pl]
miluulluki	milugh-~:(u)te[to.V.for.or.with][to.cause.to.V.as.one.is.V-ing][to.V.toward.each.other][V→V]-te[to.act.on.so.as.to.cause.to.V][V→V][V][Trns][Sbrd][_][3Pl]
miluulluki	milugh-~:(u)te[to.V.for.or.with][to.cause.to.V.as.one.is.V-ing][to.V.toward.each.other][V→V][V][Trns][Sbrd][_][3Pl]

piiqegkaangi	+?

taakut	taake[V][Intr][Ind][3Pl]

yuget	yu(u)g[N][Abs][Unpd][Pl]
yuget	yu(u)g[N][Rel][Unpd][Pl]
yuget	yug[N][Abs][Unpd][Pl]
yuget	yug[N][Rel][Unpd][Pl]

neghesqelluuki	+?

------------------------
Tawani keniileghni neghuuteghllakayuguut.

tawani	tawani
tawani	tawani[N][Abs][Unpd][Sg]

keniileghni	+?

neghuuteghllakayuguut	+?

------------------------
Kina alngunak tagilghii elngaatall neghesqaqaat.

kina	kina
kina	kina[N][Abs][Unpd][Sg]

alngunak	alngunak

tagilghii	tagi-@₁–lghii[the.one.that.V-ed][the.one.that.is.V][V→N][N][Abs][Unpd][Sg]

elngaatall	elngaatall

neghesqaqaat	+?

------------------------


------------------------
Taana llangaqa eghqwaaq nangllegsiisiiguq ama igamsiqaayuguusiiguq.

taana	taane[V][Intr][Intrg][3Sg]
taana	taana

llangaqa	llangaqa

eghqwaaq	+?

nangllegsiisiiguq	nangllegsiisigh-~:(ng₁)u[to.be.N][N→V]-~i[SBJ.V-ed.something][V→V]-~i[SBJ.V-ed.something][V→V]-~i[SBJ.V-ed.something][V→V]-~i[SBJ.V-ed.something][V→V]-~i[SBJ.V-ed.something][V→V][V][Intr][Ind][3Sg]
nangllegsiisiiguq	nangllegsiisigh-~:(ng₁)u[to.be.N][N→V]-~i[SBJ.V-ed.something][V→V]-~i[SBJ.V-ed.something][V→V]-~i[SBJ.V-ed.something][V→V]-~i[SBJ.V-ed.something][V→V][V][Intr][Ind][3Sg]
nangllegsiisiiguq	nangllegsiisigh-~:(ng₁)u[to.be.N][N→V]-~i[SBJ.V-ed.something][V→V]-~i[SBJ.V-ed.something][V→V]-~i[SBJ.V-ed.something][V→V][V][Intr][Ind][3Sg]
nangllegsiisiiguq	nangllegsiisigh-~:(ng₁)u[to.be.N][N→V]-~i[SBJ.V-ed.something][V→V]-~i[SBJ.V-ed.something][V→V][V][Intr][Ind][3Sg]
nangllegsiisiiguq	nangllegsiisigh-~:(ng₁)u[to.be.N][N→V]-~i[SBJ.V-ed.something][V→V][V][Intr][Ind][3Sg]
nangllegsiisiiguq	nangllegsiisigh-~:(ng₁)u[to.be.N][N→V][V][Intr][Ind][3Sg]

ama	ama

igamsiqaayuguusiiguq	+?

------------------------
Tanqimun maniiguutusiin'ghituq, taawanginaq taana tanqim piisuwhaallgha iiskughtaqaat tawanighlluugwaaq ayuumiqulleghmi pinaluteng.

tanqimun	tanqigh[N][Ter][Unpd][Sg]

maniiguutusiinghituq	+?

taawanginaq	taawanginaq

taana	taane[V][Intr][Intrg][3Sg]
taana	taana

tanqim	tanqigh[N][Rel][Unpd][Sg]

piisuwhaallgha	+?

iiskughtaqaat	iiskughte-~(g₁)aqe[to.be.V.ing][to.regularly.or.repeatedly.V][V→V][V][Trns][Ind][3Pl][3Sg]

tawanighlluugwaaq	+?

ayuumiqulleghmi	+?

pinaluteng	pi-@₁~fna[in.order.to.V][intending.to.V][V→V]-~:(u)te[to.V.for.or.with][to.cause.to.V.as.one.is.V-ing][to.V.toward.each.other][V→V][V][Intr][Sbrd][3Pl]
pinaluteng	pi-@₁~fna[in.order.to.V][intending.to.V][V→V]-~:(u)te[SBJ.V-ed.something][V→V][V][Intr][Sbrd][3Pl]
pinaluteng	pi-@₁~fna[in.order.to.V][intending.to.V][V→V][V][Intr][Sbrd][3Pl]
pinaluteng	pi-~:(u)te[to.V.for.or.with][to.cause.to.V.as.one.is.V-ing][to.V.toward.each.other][V→V]-@₁~fna[in.order.to.V][intending.to.V][V→V]-~:(u)te[to.V.for.or.with][to.cause.to.V.as.one.is.V-ing][to.V.toward.each.other][V→V][V][Intr][Sbrd][3Pl]
pinaluteng	pi-~:(u)te[to.V.for.or.with][to.cause.to.V.as.one.is.V-ing][to.V.toward.each.other][V→V]-@₁~fna[in.order.to.V][intending.to.V][V→V]-~:(u)te[SBJ.V-ed.something][V→V][V][Intr][Sbrd][3Pl]
pinaluteng	pi-~:(u)te[to.V.for.or.with][to.cause.to.V.as.one.is.V-ing][to.V.toward.each.other][V→V]-@₁~fna[in.order.to.V][intending.to.V][V→V][V][Intr][Sbrd][3Pl]
pinaluteng	pi-~:(u)te[SBJ.V-ed.something][V→V]-@₁~fna[in.order.to.V][intending.to.V][V→V]-~:(u)te[to.V.for.or.with][to.cause.to.V.as.one.is.V-ing][to.V.toward.each.other][V→V][V][Intr][Sbrd][3Pl]
pinaluteng	pi-~:(u)te[SBJ.V-ed.something][V→V]-@₁~fna[in.order.to.V][intending.to.V][V→V]-~:(u)te[SBJ.V-ed.something][V→V][V][Intr][Sbrd][3Pl]
pinaluteng	pi-~:(u)te[SBJ.V-ed.something][V→V]-@₁~fna[in.order.to.V][intending.to.V][V→V][V][Intr][Sbrd][3Pl]

------------------------
Nangllegsiisiq uumun upen'ghaam neqniillgha pilaataqusqelluku.

nangllegsiisiq	nangllegsiisigh[N][Abs][Unpd][Sg]

uumun	+?

upenghaam	+?

neqniillgha	+?

pilaataqusqelluku	+?

------------------------


------------------------
Taakut Pugughileghmiit ramkengit eghqwaaqayuguftut tawani tanqimi Lluughvigmi, amalleqa tawaten tanqiq piin'ghaaluku.

taakut	taake[V][Intr][Ind][3Pl]

pugughileghmiit	Pugughileghmii(t)[N][Abs][1PlPoss][SgPosd]
pugughileghmiit	Pugughileghmii(t)[N][Abs][Unpd][Pl]
pugughileghmiit	Pugughileghmii(t)[N][Rel][Unpd][Pl]
pugughileghmiit	Pugughilegh-mii[resident.of.N][N→N][N][Abs][Unpd][Pl]
pugughileghmiit	Pugughilegh-mii[resident.of.N][N→N][N][Rel][Unpd][Pl]

ramkengit	ramke[N][Abs][3PlPoss][PlPosd]

eghqwaaqayuguftut	eghqwaagh-~–kayugu[to.be.able.to.V][V→V]-(pete)fte[to.evidently.V][to.have.V-ed][V→V][V][Intr][Ind][3Pl]

tawani	tawani
tawani	tawani[N][Abs][Unpd][Sg]

tanqimi	tanqigh[N][Loc][Unpd][Sg]
tanqimi	tanqigh[N][Rel][4SgPoss][PlPosd]
tanqimi	tanqigh[N][Rel][4SgPoss][SgPosd]

lluughvigmi	+?

amalleqa	amalleqa

tawaten	tawaten

tanqiq	tanqigh[N][Abs][Unpd][Sg]

piinghaaluku	+?

------------------------
Tawaten ama neqa iingkerugllak neghyugnaq qerngughlluku pikayuget.

tawaten	tawaten

ama	ama

neqa	neqe[N][Abs][Unpd][Sg]

iingkerugllak	+?

neghyugnaq	+?

qerngughlluku	+?

pikayuget	pikayug[N][Abs][Unpd][Pl]
pikayuget	pikayug[N][Rel][Unpd][Pl]

------------------------
Taawanginaq taakun'nguq Pugughileghmiit, ilakwaaqutiinalghiit eghqwaaghmi neghutkayuguftut.

taawanginaq	taawanginaq

taakunnguq	+?

pugughileghmiit	Pugughileghmii(t)[N][Abs][1PlPoss][SgPosd]
pugughileghmiit	Pugughileghmii(t)[N][Abs][Unpd][Pl]
pugughileghmiit	Pugughileghmii(t)[N][Rel][Unpd][Pl]
pugughileghmiit	Pugughilegh-mii[resident.of.N][N→N][N][Abs][Unpd][Pl]
pugughileghmiit	Pugughilegh-mii[resident.of.N][N→N][N][Rel][Unpd][Pl]

ilakwaaqutiinalghiit	ilakwaagh-~–ke[to.have.as.one's.N(s)][N→V]-~:(u)te[to.V.for.or.with][to.cause.to.V.as.one.is.V-ing][to.V.toward.each.other][V→V]-~i[SBJ.V-ed.something][V→V]-~i[SBJ.V-ed.something][V→V]-@₁~fna[in.order.to.V][intending.to.V][V→V]-@₁–lghii[the.one.that.V-ed][the.one.that.is.V][V→N][N][Abs][Unpd][Pl]
ilakwaaqutiinalghiit	ilakwaagh-~–ke[to.have.as.one's.N(s)][N→V]-~:(u)te[to.V.for.or.with][to.cause.to.V.as.one.is.V-ing][to.V.toward.each.other][V→V]-~i[SBJ.V-ed.something][V→V]-~i[SBJ.V-ed.something][V→V]-@₁~fna[in.order.to.V][intending.to.V][V→V]-@₁–lghii[the.one.that.V-ed][the.one.that.is.V][V→N][N][Rel][Unpd][Pl]
ilakwaaqutiinalghiit	ilakwaagh-~–ke[to.have.as.one's.N(s)][N→V]-~:(u)te[to.V.for.or.with][to.cause.to.V.as.one.is.V-ing][to.V.toward.each.other][V→V]-~i[SBJ.V-ed.something][V→V]-~i[SBJ.V-ed.something][V→V]-@₁~fna[in.order.to.V][intending.to.V][V→V][V][Intr][Ptcp][3Pl]
ilakwaaqutiinalghiit	ilakwaagh-~–ke[to.have.as.one's.N(s)][N→V]-~:(u)te[SBJ.V-ed.something][V→V]-~i[SBJ.V-ed.something][V→V]-~i[SBJ.V-ed.something][V→V]-@₁~fna[in.order.to.V][intending.to.V][V→V]-@₁–lghii[the.one.that.V-ed][the.one.that.is.V][V→N][N][Abs][Unpd][Pl]
ilakwaaqutiinalghiit	ilakwaagh-~–ke[to.have.as.one's.N(s)][N→V]-~:(u)te[SBJ.V-ed.something][V→V]-~i[SBJ.V-ed.something][V→V]-~i[SBJ.V-ed.something][V→V]-@₁~fna[in.order.to.V][intending.to.V][V→V]-@₁–lghii[the.one.that.V-ed][the.one.that.is.V][V→N][N][Rel][Unpd][Pl]
ilakwaaqutiinalghiit	ilakwaagh-~–ke[to.have.as.one's.N(s)][N→V]-~:(u)te[SBJ.V-ed.something][V→V]-~i[SBJ.V-ed.something][V→V]-~i[SBJ.V-ed.something][V→V]-@₁~fna[in.order.to.V][intending.to.V][V→V][V][Intr][Ptcp][3Pl]

eghqwaaghmi	+?

neghutkayuguftut	negh-~:(u)te[to.V.for.or.with][to.cause.to.V.as.one.is.V-ing][to.V.toward.each.other][V→V]-~–kayugu[to.be.able.to.V][V→V]-(pete)fte[to.evidently.V][to.have.V-ed][V→V][V][Intr][Ind][3Pl]
neghutkayuguftut	negh-~:(u)te[SBJ.V-ed.something][V→V]-~–kayugu[to.be.able.to.V][V→V]-(pete)fte[to.evidently.V][to.have.V-ed][V→V][V][Intr][Ind][3Pl]
neghutkayuguftut	neghe-~:(u)te[to.V.for.or.with][to.cause.to.V.as.one.is.V-ing][to.V.toward.each.other][V→V]-~–kayugu[to.be.able.to.V][V→V]-(pete)fte[to.evidently.V][to.have.V-ed][V→V][V][Intr][Ind][3Pl]
neghutkayuguftut	neghe-~:(u)te[SBJ.V-ed.something][V→V]-~–kayugu[to.be.able.to.V][V→V]-(pete)fte[to.evidently.V][to.have.V-ed][V→V][V][Intr][Ind][3Pl]

------------------------
Allat pingigateftut.

allat	alla[N][Abs][Unpd][Pl]
allat	alla[N][Rel][Unpd][Pl]

pingigateftut	pi-@₁~:(ng₂)igate[to.never.V][to.not.be.V-ing][V→V]-(pete)fte[to.evidently.V][to.have.V-ed][V→V][V][Intr][Ind][3Pl]

------------------------


------------------------
Taakut ilangi ramket, Nangupagaghmiit, eghqwaaqayuuguftut tawani Teghiglugsighmi tawaten tanqiq piinneghani.

taakut	taake[V][Intr][Ind][3Pl]

ilangi	ila[N][Abs][3SgPoss][PlPosd]

ramket	ramke[N][Abs][Unpd][Pl]
ramket	ramke[N][Rel][Unpd][Pl]

nangupagaghmiit	Nangupagaghmii(t)[N][Abs][1PlPoss][SgPosd]
nangupagaghmiit	Nangupagaghmii(t)[N][Abs][Unpd][Pl]
nangupagaghmiit	Nangupagaghmii(t)[N][Rel][Unpd][Pl]
nangupagaghmiit	Nangupagagh-mii[resident.of.N][N→N][N][Abs][Unpd][Pl]
nangupagaghmiit	Nangupagagh-mii[resident.of.N][N→N][N][Rel][Unpd][Pl]

eghqwaaqayuuguftut	+?

tawani	tawani
tawani	tawani[N][Abs][Unpd][Sg]

teghiglugsighmi	+?

tawaten	tawaten

tanqiq	tanqigh[N][Abs][Unpd][Sg]

piinneghani	+?

------------------------
Alngunak kina neghyaghtuqayuk tawani eghqwaan'ghata.

alngunak	alngunak

kina	kina
kina	kina[N][Abs][Unpd][Sg]

neghyaghtuqayuk	negh-@₁~fyaghtugh[to.be.about.to.V][to.go.somewhere.to.V]-~–kayuk[one.who.is.able.to.V][V→N][N][Abs][Unpd][Sg]
neghyaghtuqayuk	neghe-@₁~fyaghtugh[to.be.about.to.V][to.go.somewhere.to.V]-~–kayuk[one.who.is.able.to.V][V→N][N][Abs][Unpd][Sg]

tawani	tawani
tawani	tawani[N][Abs][Unpd][Sg]

eghqwaanghata	+?

------------------------


------------------------
Tamaana angyalek eghqwaaqayuk qamaggluni ategham aatkaaneng aalluni pikayuk.

tamaana	tamaa-@₁~fna[in.order.to.V][intending.to.V][V→V][V][Intr][Opt][PRS][2Sg]
tamaana	tamaa-~:(u)te[to.V.for.or.with][to.cause.to.V.as.one.is.V-ing][to.V.toward.each.other][V→V]-@₁~fna[in.order.to.V][intending.to.V][V→V][V][Intr][Opt][PRS][2Sg]
tamaana	tamaa-~:(u)te[SBJ.V-ed.something][V→V]-@₁~fna[in.order.to.V][intending.to.V][V→V][V][Intr][Opt][PRS][2Sg]

angyalek	angyagh-–leg[one.having.N][N→N][N][Abs][Unpd][Sg]
angyalek	angyaleg[N][Abs][Unpd][Sg]
angyalek	Angyat-–leg[one.having.N][N→N][N][Abs][Unpd][Sg]

eghqwaaqayuk	eghqwaagh-~–kayuk[one.who.is.able.to.V][V→N][N][Abs][Unpd][Sg]

qamaggluni	qamagte[V][Intr][Sbrd][3Sg]

ategham	ateghagh[N][Rel][Unpd][Sg]

aatkaaneng	aatkagh[N][Abl_Mod][3SgPoss][SgPosd]
aatkaaneng	aatkagh[N][Abl_Mod][3SgPoss][PlPosd]

aalluni	aate[V][Intr][Sbrd][3Sg]

pikayuk	pi-~–kayuk[one.who.is.able.to.V][V→N][N][Abs][Unpd][Sg]
pikayuk	pikayug[N][Abs][Unpd][Sg]

------------------------
Temngi alla aasigaatiit, iwerngaqun aghvengneghmeggni wetku aatkayugit.

temngi	temngi

alla	alla
alla	alla[N][Abs][Unpd][Sg]

aasigaatiit	+?

iwerngaqun	iwerngaqun

aghvengneghmeggni	+?

wetku	wetku

aatkayugit	+?

------------------------
