QAMESTAM AAVGULLGHI UYVASAGHQELLGHILLU

qamestam	qamestagh[N][Rel][Unpd][Sg]

aavgullghi	+?

uyvasaghqellghillu	+?

------------------------
Pelaasim Apellgha

pelaasim	+?

apellgha	+?

------------------------


------------------------
Enkaam angyaghtuulluteng tawaten, angyaghnaq kayaalinghani enkaam taakut qamestii aqfaluki angaghqughluki unaangupiglluku siqineq quulvaghqaaqestanghani pegget sangwaat kayutkelluki angaghqumun.

enkaam	enkaam

angyaghtuulluteng	angyagh-tugh[to.eat.N][to.use.N][N→V]-~:(u)te[to.V.for.or.with][to.cause.to.V.as.one.is.V-ing][to.V.toward.each.other][V→V]-te[to.act.on.so.as.to.cause.to.V][V→V][V][Intr][Sbrd][3Pl]
angyaghtuulluteng	angyagh-tugh[to.eat.N][to.use.N][N→V]-~:(u)te[to.V.for.or.with][to.cause.to.V.as.one.is.V-ing][to.V.toward.each.other][V→V][V][Intr][Sbrd][3Pl]
angyaghtuulluteng	angyagh-tugh[to.eat.N][to.use.N][N→V]-~:(u)te[condition.with.respect.to.V-ing][V→N]-te[to.catch.N][to.go.to.N][N→V][V][Intr][Sbrd][3Pl]
angyaghtuulluteng	angyagh-tugh[to.eat.N][to.use.N][N→V]-~:(u)te[SBJ.V-ed.something][V→V]-te[to.act.on.so.as.to.cause.to.V][V→V][V][Intr][Sbrd][3Pl]
angyaghtuulluteng	angyagh-tugh[to.eat.N][to.use.N][N→V]-~:(u)te[SBJ.V-ed.something][V→V][V][Intr][Sbrd][3Pl]

tawaten	tawaten

angyaghnaq	angyaghnagh[N][Abs][Unpd][Sg]

kayaalinghani	+?

enkaam	enkaam

taakut	taake[V][Intr][Ind][3Pl]

qamestii	qamestagh-~:(ng₁)u[to.be.N][N→V]-~i[SBJ.V-ed.something][V→V]-~i[SBJ.V-ed.something][V→V]-~i[SBJ.V-ed.something][V→V]-~i[SBJ.V-ed.something][V→V]-~i[SBJ.V-ed.something][V→V][V][Intr][Opt][PRS][2Sg]
qamestii	qamestagh-~:(ng₁)u[to.be.N][N→V]-~i[SBJ.V-ed.something][V→V]-~i[SBJ.V-ed.something][V→V]-~i[SBJ.V-ed.something][V→V]-~i[SBJ.V-ed.something][V→V][V][Intr][Opt][PRS][2Sg]
qamestii	qamestagh-~:(ng₁)u[to.be.N][N→V]-~i[SBJ.V-ed.something][V→V]-~i[SBJ.V-ed.something][V→V]-~i[SBJ.V-ed.something][V→V][V][Intr][Opt][PRS][2Sg]
qamestii	qamestagh-~:(ng₁)u[to.be.N][N→V]-~i[SBJ.V-ed.something][V→V]-~i[SBJ.V-ed.something][V→V][V][Intr][Opt][PRS][2Sg]
qamestii	qamestagh-~:(ng₁)u[to.be.N][N→V]-~i[SBJ.V-ed.something][V→V][V][Intr][Opt][PRS][2Sg]
qamestii	qamestagh[N][Abs][3SgPoss][PlPosd]

aqfaluki	aqfa-~:(u)te[to.V.for.or.with][to.cause.to.V.as.one.is.V-ing][to.V.toward.each.other][V→V][V][Trns][Sbrd][_][3Pl]
aqfaluki	aqfa[V][Trns][Sbrd][_][3Pl]

angaghqughluki	angaghqugh[V][Trns][Sbrd][_][3Pl]

unaangupiglluku	unaangu-–pigte[to.be.very.V][to.V.very.much][V→V]-te[to.act.on.so.as.to.cause.to.V][V→V][V][Trns][Sbrd][_][3Sg]

siqineq	siqi-@₁–negh[the.act.or.activity.of.V-ing][V→N][N][Abs][Unpd][Sg]
siqineq	siqi-~:(u)te[to.V.for.or.with][to.cause.to.V.as.one.is.V-ing][to.V.toward.each.other][V→V]-@₁–negh[the.act.or.activity.of.V-ing][V→N][N][Abs][Unpd][Sg]
siqineq	siqi-~:(u)te[SBJ.V-ed.something][V→V]-@₁–negh[the.act.or.activity.of.V-ing][V→N][N][Abs][Unpd][Sg]
siqineq	siqinegh[N][Abs][Unpd][Sg]

quulvaghqaaqestanghani	+?

pegget	+?

sangwaat	sa-~:(ng₁)u[to.be.N][N→V][V][Intr][Intrg][3Pl]
sangwaat	sangwaa[N][Abs][Unpd][Pl]
sangwaat	sangwaa[N][Rel][Unpd][Pl]

kayutkelluki	+?

angaghqumun	+?

------------------------
Enkaam ighlekaqegkangit, whangkutaqun kayuteteng.

enkaam	enkaam

ighlekaqegkangit	ighleke-~(g₁)aqe[to.be.V.ing][to.regularly.or.repeatedly.V][V→V]-@*@₂~sf–(g₂)k(a)e[the.one.that.possessor.V-ed][V→N][N][Abs][3PlPoss][PlPosd]
ighlekaqegkangit	ighleke-~(g₁)aqe[to.be.V.ing][to.regularly.or.repeatedly.V][V→V][V][Trns][Ptcp][3Du][3Sg]
ighlekaqegkangit	ighleke-~(g₁)aqe[to.be.V.ing][to.regularly.or.repeatedly.V][V→V][V][Trns][Ptcp][3Pl][3Pl]

whangkutaqun	+?

kayuteteng	kayute[N][Abs][4PlPoss][PlPosd]

------------------------


------------------------
Taakut ama tawaten uyvasaghqelget.

taakut	taake[V][Intr][Ind][3Pl]

ama	ama

tawaten	tawaten

uyvasaghqelget	+?

------------------------
Eghqwaaqaghluteng ama tawaten, taawa apeghiin'ghata eghqwaaneghmeng elngaatall piliighunneqeggsaatkayuk qamestam mangtaganeng.

eghqwaaqaghluteng	+?

ama	ama

tawaten	tawaten

taawa	taawa

apeghiinghata	+?

eghqwaaneghmeng	eghqwaagh-@₁–negh[the.act.or.activity.of.V-ing][V→N][N][Abl_Mod][Unpd][Sg]
eghqwaaneghmeng	eghqwaagh-@₁–negh[the.act.or.activity.of.V-ing][V→N][N][Rel][4DuPoss][PlPosd]
eghqwaaneghmeng	eghqwaagh-@₁–negh[the.act.or.activity.of.V-ing][V→N][N][Rel][4DuPoss][SgPosd]
eghqwaaneghmeng	eghqwaagh-@₁–negh[the.act.or.activity.of.V-ing][V→N][N][Rel][4PlPoss][PlPosd]
eghqwaaneghmeng	eghqwaagh-@₁–negh[the.act.or.activity.of.V-ing][V→N][N][Rel][4PlPoss][SgPosd]
eghqwaaneghmeng	eghqwaagh[V][Intr][Ctmp][4Pl]

elngaatall	elngaatall

piliighunneqeggsaatkayuk	+?

qamestam	qamestagh[N][Rel][Unpd][Sg]

mangtaganeng	mangtag[N][Abl_Mod][3SgPoss][SgPosd]
mangtaganeng	mangtag[N][Abl_Mod][3SgPoss][PlPosd]

------------------------


------------------------
Aavgughluki naten umutatkiita qamestam amestaallghi, mangteghanun awalightuutkaqiit.

aavgughluki	aavgugh[V][Trns][Sbrd][_][3Pl]

naten	na-~:(u)te[to.V.for.or.with][to.cause.to.V.as.one.is.V-ing][to.V.toward.each.other][V→V][V][Intr][Opt][PRS][2Sg]
naten	na-~:(u)te[condition.with.respect.to.V-ing][V→N][N][Abs][2SgPoss][SgPosd]
naten	na-~:(u)te[SBJ.V-ed.something][V→V][V][Intr][Opt][PRS][2Sg]
naten	naten
naten	na-te[to.act.on.so.as.to.cause.to.V][V→V][V][Intr][Opt][PRS][2Sg]

umutatkiita	umu-~:(u)ta[condition.with.respect.to.V-ing][V→N]-te[to.catch.N][to.go.to.N][N→V]-@₂~fkau[to.have.V-ed][to.have.been.V-ed][V→V]-~i[SBJ.V-ed.something][V→V]-~i[SBJ.V-ed.something][V→V]-~i[SBJ.V-ed.something][V→V]-~i[SBJ.V-ed.something][V→V]-~:(u)te[condition.with.respect.to.V-ing][V→N][N][Abs][Unpd][Sg]
umutatkiita	umu-~:(u)ta[condition.with.respect.to.V-ing][V→N]-te[to.catch.N][to.go.to.N][N→V]-@₂~fkau[to.have.V-ed][to.have.been.V-ed][V→V]-~i[SBJ.V-ed.something][V→V]-~i[SBJ.V-ed.something][V→V]-~i[SBJ.V-ed.something][V→V]-~i[SBJ.V-ed.something][V→V]-~:(u)ta[condition.with.respect.to.V-ing][V→N][N][Abs][Unpd][Sg]
umutatkiita	umu-~:(u)ta[condition.with.respect.to.V-ing][V→N]-te[to.catch.N][to.go.to.N][N→V]-@₂~fkau[to.have.V-ed][to.have.been.V-ed][V→V]-~i[SBJ.V-ed.something][V→V]-~i[SBJ.V-ed.something][V→V]-~i[SBJ.V-ed.something][V→V]-~i[SBJ.V-ed.something][V→V]-te[to.act.on.so.as.to.cause.to.V][V→V][V][Intr][Intrg][3Sg]
umutatkiita	umu-~:(u)ta[condition.with.respect.to.V-ing][V→N]-te[to.catch.N][to.go.to.N][N→V]-@₂~fkau[to.have.V-ed][to.have.been.V-ed][V→V]-~i[SBJ.V-ed.something][V→V]-~i[SBJ.V-ed.something][V→V]-~i[SBJ.V-ed.something][V→V]-~:(u)te[to.V.for.or.with][to.cause.to.V.as.one.is.V-ing][to.V.toward.each.other][V→V][V][Intr][Intrg][3Sg]
umutatkiita	umu-~:(u)ta[condition.with.respect.to.V-ing][V→N]-te[to.catch.N][to.go.to.N][N→V]-@₂~fkau[to.have.V-ed][to.have.been.V-ed][V→V]-~i[SBJ.V-ed.something][V→V]-~i[SBJ.V-ed.something][V→V]-~i[SBJ.V-ed.something][V→V]-~:(u)te[SBJ.V-ed.something][V→V][V][Intr][Intrg][3Sg]
umutatkiita	umu-~:(u)ta[condition.with.respect.to.V-ing][V→N]-te[to.catch.N][to.go.to.N][N→V]-@₂~fkau[to.have.V-ed][to.have.been.V-ed][V→V]-~i[SBJ.V-ed.something][V→V]-~i[SBJ.V-ed.something][V→V]-~i[SBJ.V-ed.something][V→V]-~:(u)te[condition.with.respect.to.V-ing][V→N][N][Abs][Unpd][Sg]
umutatkiita	umu-~:(u)ta[condition.with.respect.to.V-ing][V→N]-te[to.catch.N][to.go.to.N][N→V]-@₂~fkau[to.have.V-ed][to.have.been.V-ed][V→V]-~i[SBJ.V-ed.something][V→V]-~i[SBJ.V-ed.something][V→V]-~i[SBJ.V-ed.something][V→V]-~:(u)ta[condition.with.respect.to.V-ing][V→N][N][Abs][Unpd][Sg]
umutatkiita	umu-~:(u)ta[condition.with.respect.to.V-ing][V→N]-te[to.catch.N][to.go.to.N][N→V]-@₂~fkau[to.have.V-ed][to.have.been.V-ed][V→V]-~i[SBJ.V-ed.something][V→V]-~i[SBJ.V-ed.something][V→V]-~i[SBJ.V-ed.something][V→V]-te[to.act.on.so.as.to.cause.to.V][V→V][V][Intr][Intrg][3Sg]
umutatkiita	umu-~:(u)ta[condition.with.respect.to.V-ing][V→N]-te[to.catch.N][to.go.to.N][N→V]-@₂~fkau[to.have.V-ed][to.have.been.V-ed][V→V]-~i[SBJ.V-ed.something][V→V]-~i[SBJ.V-ed.something][V→V]-~:(u)te[to.V.for.or.with][to.cause.to.V.as.one.is.V-ing][to.V.toward.each.other][V→V][V][Intr][Intrg][3Sg]
umutatkiita	umu-~:(u)ta[condition.with.respect.to.V-ing][V→N]-te[to.catch.N][to.go.to.N][N→V]-@₂~fkau[to.have.V-ed][to.have.been.V-ed][V→V]-~i[SBJ.V-ed.something][V→V]-~i[SBJ.V-ed.something][V→V]-~:(u)te[SBJ.V-ed.something][V→V][V][Intr][Intrg][3Sg]
umutatkiita	umu-~:(u)ta[condition.with.respect.to.V-ing][V→N]-te[to.catch.N][to.go.to.N][N→V]-@₂~fkau[to.have.V-ed][to.have.been.V-ed][V→V]-~i[SBJ.V-ed.something][V→V]-~i[SBJ.V-ed.something][V→V]-~:(u)te[condition.with.respect.to.V-ing][V→N][N][Abs][Unpd][Sg]
umutatkiita	umu-~:(u)ta[condition.with.respect.to.V-ing][V→N]-te[to.catch.N][to.go.to.N][N→V]-@₂~fkau[to.have.V-ed][to.have.been.V-ed][V→V]-~i[SBJ.V-ed.something][V→V]-~i[SBJ.V-ed.something][V→V]-~:(u)ta[condition.with.respect.to.V-ing][V→N][N][Abs][Unpd][Sg]
umutatkiita	umu-~:(u)ta[condition.with.respect.to.V-ing][V→N]-te[to.catch.N][to.go.to.N][N→V]-@₂~fkau[to.have.V-ed][to.have.been.V-ed][V→V]-~i[SBJ.V-ed.something][V→V]-~i[SBJ.V-ed.something][V→V]-te[to.act.on.so.as.to.cause.to.V][V→V][V][Intr][Intrg][3Sg]
umutatkiita	umu-~:(u)ta[condition.with.respect.to.V-ing][V→N]-te[to.catch.N][to.go.to.N][N→V]-@₂~fkau[to.have.V-ed][to.have.been.V-ed][V→V]-~i[SBJ.V-ed.something][V→V]-~:(u)te[to.V.for.or.with][to.cause.to.V.as.one.is.V-ing][to.V.toward.each.other][V→V][V][Intr][Intrg][3Sg]
umutatkiita	umu-~:(u)ta[condition.with.respect.to.V-ing][V→N]-te[to.catch.N][to.go.to.N][N→V]-@₂~fkau[to.have.V-ed][to.have.been.V-ed][V→V]-~i[SBJ.V-ed.something][V→V]-~:(u)te[SBJ.V-ed.something][V→V][V][Intr][Intrg][3Sg]
umutatkiita	umu-~:(u)ta[condition.with.respect.to.V-ing][V→N]-te[to.catch.N][to.go.to.N][N→V]-@₂~fkau[to.have.V-ed][to.have.been.V-ed][V→V]-~i[SBJ.V-ed.something][V→V]-~:(u)te[condition.with.respect.to.V-ing][V→N][N][Abs][Unpd][Sg]
umutatkiita	umu-~:(u)ta[condition.with.respect.to.V-ing][V→N]-te[to.catch.N][to.go.to.N][N→V]-@₂~fkau[to.have.V-ed][to.have.been.V-ed][V→V]-~i[SBJ.V-ed.something][V→V]-~:(u)ta[condition.with.respect.to.V-ing][V→N][N][Abs][Unpd][Sg]
umutatkiita	umu-~:(u)ta[condition.with.respect.to.V-ing][V→N]-te[to.catch.N][to.go.to.N][N→V]-@₂~fkau[to.have.V-ed][to.have.been.V-ed][V→V]-~i[SBJ.V-ed.something][V→V]-te[to.act.on.so.as.to.cause.to.V][V→V][V][Intr][Intrg][3Sg]

qamestam	qamestagh[N][Rel][Unpd][Sg]

amestaallghi	+?

mangteghanun	mangteghagh[N][Ter][Unpd][Pl]

awalightuutkaqiit	awaligh-tugh[to.eat.N][to.use.N][N→V]-~:(u)te[to.V.for.or.with][to.cause.to.V.as.one.is.V-ing][to.V.toward.each.other][V→V]-@₂~fkaq[one.that.has.V-ed][V→N]-~–ke[to.have.as.one's.N(s)][N→V]-~i[SBJ.V-ed.something][V→V][V][Intr][Intrg][3Pl]
awalightuutkaqiit	awaligh-tugh[to.eat.N][to.use.N][N→V]-~:(u)te[to.V.for.or.with][to.cause.to.V.as.one.is.V-ing][to.V.toward.each.other][V→V]-@₂~fkaq[one.that.has.V-ed][V→N]-~–ke[to.have.as.one's.N(s)][N→V]-~i[SBJ.V-ed.something][V→V][V][Intr][Ind][3Pl]
awalightuutkaqiit	awaligh-tugh[to.eat.N][to.use.N][N→V]-~:(u)te[condition.with.respect.to.V-ing][V→N]-~–ke[to.have.as.one's.N(s)][N→V]-~(g₁)aqe[to.be.V.ing][to.regularly.or.repeatedly.V][V→V]-~i[SBJ.V-ed.something][V→V][V][Intr][Intrg][3Pl]
awalightuutkaqiit	awaligh-tugh[to.eat.N][to.use.N][N→V]-~:(u)te[condition.with.respect.to.V-ing][V→N]-~–ke[to.have.as.one's.N(s)][N→V]-~(g₁)aqe[to.be.V.ing][to.regularly.or.repeatedly.V][V→V]-~i[SBJ.V-ed.something][V→V][V][Intr][Ind][3Pl]
awalightuutkaqiit	awaligh-tugh[to.eat.N][to.use.N][N→V]-~:(u)te[SBJ.V-ed.something][V→V]-@₂~fkaq[one.that.has.V-ed][V→N]-~–ke[to.have.as.one's.N(s)][N→V]-~i[SBJ.V-ed.something][V→V][V][Intr][Intrg][3Pl]
awalightuutkaqiit	awaligh-tugh[to.eat.N][to.use.N][N→V]-~:(u)te[SBJ.V-ed.something][V→V]-@₂~fkaq[one.that.has.V-ed][V→N]-~–ke[to.have.as.one's.N(s)][N→V]-~i[SBJ.V-ed.something][V→V][V][Intr][Ind][3Pl]

------------------------


------------------------
Wetku tawani nengighqaqiit.

wetku	wetku

tawani	tawani
tawani	tawani[N][Abs][Unpd][Sg]

nengighqaqiit	nengigh-@₂~fkaq[one.that.has.V-ed][V→N]-~–ke[to.have.as.one's.N(s)][N→V]-~i[SBJ.V-ed.something][V→V][V][Intr][Intrg][3Pl]
nengighqaqiit	nengigh-@₂~fkaq[one.that.has.V-ed][V→N]-~–ke[to.have.as.one's.N(s)][N→V]-~i[SBJ.V-ed.something][V→V][V][Intr][Ind][3Pl]
nengighqaqiit	nengighqe-~(g₁)aqe[to.be.V.ing][to.regularly.or.repeatedly.V][V→V]-~i[SBJ.V-ed.something][V→V][V][Intr][Intrg][3Pl]
nengighqaqiit	nengighqe-~(g₁)aqe[to.be.V.ing][to.regularly.or.repeatedly.V][V→V]-~i[SBJ.V-ed.something][V→V][V][Intr][Ind][3Pl]
nengighqaqiit	nengighqe-~(g₁)aqe[to.be.V.ing][to.regularly.or.repeatedly.V][V→V][V][Trns][Ind][3Pl][3Pl]
nengighqaqiit	nengighqe-~(g₁)aqe[to.be.V.ing][to.regularly.or.repeatedly.V][V→V][V][Trns][Ind][3Du][3Sg]

------------------------
Mangteghaq qamaglluku.

mangteghaq	mangteghagh[N][Abs][Unpd][Sg]

qamaglluku	+?

------------------------
Enkaam tawaten ama imiisalek sameng piyukegkameggneng.

enkaam	enkaam

tawaten	tawaten

ama	ama

imiisalek	imiisagh-–leg[one.having.N][N→N][N][Abs][Unpd][Sg]

sameng	sa[N][Abl_Mod][Unpd][Sg]
sameng	sa[N][Rel][4DuPoss][PlPosd]
sameng	sa[N][Rel][4DuPoss][SgPosd]
sameng	sa[N][Rel][4PlPoss][PlPosd]
sameng	sa[N][Rel][4PlPoss][SgPosd]
sameng	sameng

piyukegkameggneng	+?

------------------------
Enkaangam aghnaghaghhaatlu awalightumun, awalightughyuneghtughqaagaqii.

enkaangam	+?

aghnaghaghhaatlu	aghnaghagh*-–ghhagh*[dear.N][N→N][N][Abs][Unpd][Pl]-llu[Encl]
aghnaghaghhaatlu	aghnaghagh*-–ghhagh*[dear.N][N→N][N][Abs][3PlPoss][SgPosd]-llu[Encl]
aghnaghaghhaatlu	aghnaghagh*-–ghhagh*[dear.N][N→N][N][Rel][Unpd][Pl]-llu[Encl]
aghnaghaghhaatlu	aghnaghaghhagh*[N][Abs][Unpd][Pl]-llu[Encl]
aghnaghaghhaatlu	aghnaghaghhagh*[N][Abs][3PlPoss][SgPosd]-llu[Encl]
aghnaghaghhaatlu	aghnaghaghhagh*[N][Rel][Unpd][Pl]-llu[Encl]

awalightumun	+?

awalightughyuneghtughqaagaqii	+?

------------------------
Imiisaagut akileghtuusat amalka.

imiisaagut	imiisagh-~:(ng₁)u[to.be.N][N→V][V][Intr][Ind][3Pl]

akileghtuusat	akileghtuusagh[N][Abs][Unpd][Pl]
akileghtuusat	akileghtuusagh[N][Rel][Unpd][Pl]

amalka	amalka

------------------------
Aghnaaghaghaat sameng neqmeng neghyugnameng piiqluki, enkaam ayghighlutengllu awaalightughnaqaqelghiit.

aghnaaghaghaat	+?

sameng	sa[N][Abl_Mod][Unpd][Sg]
sameng	sa[N][Rel][4DuPoss][PlPosd]
sameng	sa[N][Rel][4DuPoss][SgPosd]
sameng	sa[N][Rel][4PlPoss][PlPosd]
sameng	sa[N][Rel][4PlPoss][SgPosd]
sameng	sameng

neqmeng	neqe[N][Abl_Mod][Unpd][Sg]
neqmeng	neqe[N][Rel][4DuPoss][PlPosd]
neqmeng	neqe[N][Rel][4DuPoss][SgPosd]
neqmeng	neqe[N][Rel][4PlPoss][PlPosd]
neqmeng	neqe[N][Rel][4PlPoss][SgPosd]

neghyugnameng	+?

piiqluki	pi-~(g₁)aqe[to.be.V.ing][to.regularly.or.repeatedly.V][V→V]-te[to.act.on.so.as.to.cause.to.V][V→V]-te[to.act.on.so.as.to.cause.to.V][V→V][V][Trns][Sbrd][_][3Pl]
piiqluki	pi-~(g₁)aqe[to.be.V.ing][to.regularly.or.repeatedly.V][V→V]-te[to.act.on.so.as.to.cause.to.V][V→V][V][Trns][Sbrd][_][3Pl]
piiqluki	pi-~(g₁)aqe[to.be.V.ing][to.regularly.or.repeatedly.V][V→V][V][Trns][Sbrd][_][3Pl]

enkaam	enkaam

ayghighlutengllu	+?

awaalightughnaqaqelghiit	+?

------------------------


------------------------
Taawa taaqen'ghaata teghruughaaghes taakut petugaqelghiit aagram qulangakun.

taawa	taawa

taaqenghaata	+?

teghruughaaghes	+?

taakut	taake[V][Intr][Ind][3Pl]

petugaqelghiit	petug-~(g₁)aqe[to.be.V.ing][to.regularly.or.repeatedly.V][V→V]-@₁–lghii[the.one.that.V-ed][the.one.that.is.V][V→N][N][Abs][Unpd][Pl]
petugaqelghiit	petug-~(g₁)aqe[to.be.V.ing][to.regularly.or.repeatedly.V][V→V]-@₁–lghii[the.one.that.V-ed][the.one.that.is.V][V→N][N][Rel][Unpd][Pl]
petugaqelghiit	petug-~(g₁)aqe[to.be.V.ing][to.regularly.or.repeatedly.V][V→V][V][Intr][Ptcp][3Pl]
petugaqelghiit	petugagh-~–ke[to.have.as.one's.N(s)][N→V]-@₁–lghii[the.one.that.V-ed][the.one.that.is.V][V→N][N][Abs][Unpd][Pl]
petugaqelghiit	petugagh-~–ke[to.have.as.one's.N(s)][N→V]-@₁–lghii[the.one.that.V-ed][the.one.that.is.V][V→N][N][Rel][Unpd][Pl]
petugaqelghiit	petugagh-~–ke[to.have.as.one's.N(s)][N→V][V][Intr][Ptcp][3Pl]

aagram	aagra[N][Rel][Unpd][Sg]

qulangakun	qula[N][Via][3DuPoss][PlPosd]
qulangakun	qula[N][Via][3SgPoss][SgPosd]
qulangakun	qula[N][Via][3SgPoss][PlPosd]

------------------------
