Afsengaq neghtuq pagunghaghmeng.

afsengaq	afsengagh*[N][Abs][Unpd][Sg]

neghtuq	negh[V][Ind][3Sg]
neghtuq	negh-te[to.act.on.so.as.to.cause.to.V][V→V][V][Ind][3Sg]

pagunghaghmeng	pagunghagh*[N][Rel][4DuPoss][SgPosd]
pagunghaghmeng	pagunghagh*[N][Rel][4DuPoss][PlPosd]
pagunghaghmeng	pagunghagh*[N][Rel][4PlPoss][SgPosd]
pagunghaghmeng	pagunghagh*[N][Rel][4PlPoss][PlPosd]
pagunghaghmeng	pagunghagh*[N][Abl_Mod][Unpd][Sg]

------------------------
Kaamgek iflaak.

kaamgek	kameg[N][Abs][Unpd][Du]
kaamgek	kameg[N][Rel][Unpd][Du]

iflaak	ifla[V][Intrg][3Du]
iflaak	ifla[V][Ind][3Du]
iflaak	ifla[V][Ind][3Sg][3Du]

------------------------
Aqiigukung.

aqiigukung	aqii-~i[SBJ.V-ed.something][V→V]-~i[SBJ.V-ed.something][V→V]-~i[SBJ.V-ed.something][V→V]-~i[SBJ.V-ed.something][V→V]-~i[SBJ.V-ed.something][V→V]-~i[SBJ.V-ed.something][V→V][V][Ind][1Du]
aqiigukung	aqii-~i[SBJ.V-ed.something][V→V]-~i[SBJ.V-ed.something][V→V]-~i[SBJ.V-ed.something][V→V]-~i[SBJ.V-ed.something][V→V]-~i[SBJ.V-ed.something][V→V][V][Ind][1Du]
aqiigukung	aqii-~i[SBJ.V-ed.something][V→V]-~i[SBJ.V-ed.something][V→V]-~i[SBJ.V-ed.something][V→V]-~i[SBJ.V-ed.something][V→V][V][Ind][1Du]
aqiigukung	aqii-~i[SBJ.V-ed.something][V→V]-~i[SBJ.V-ed.something][V→V]-~i[SBJ.V-ed.something][V→V][V][Ind][1Du]
aqiigukung	aqii-~i[SBJ.V-ed.something][V→V]-~i[SBJ.V-ed.something][V→V][V][Ind][1Du]
aqiigukung	aqii-~i[SBJ.V-ed.something][V→V][V][Ind][1Du]
aqiigukung	aqii[V][Ind][1Du]

------------------------
Uupameng esghaatut.

uupameng	uupa[N][Rel][4DuPoss][SgPosd]
uupameng	uupa[N][Rel][4DuPoss][PlPosd]
uupameng	uupa[N][Rel][4PlPoss][SgPosd]
uupameng	uupa[N][Rel][4PlPoss][PlPosd]
uupameng	uupa[N][Abl_Mod][Unpd][Sg]

esghaatut	esghaate[V][Ind][3Pl]
esghaatut	esghagh-~:(u)te[SBJ.V-ed.something][V→V][V][Ind][3Pl]

------------------------
Ukaziq alinguq kaviighmeng.

ukaziq	ukazigh[N][Abs][Unpd][Sg]

alinguq	alinge[V][Ind][3Sg]

kaviighmeng	kaviigh[N][Rel][4DuPoss][SgPosd]
kaviighmeng	kaviigh[N][Rel][4DuPoss][PlPosd]
kaviighmeng	kaviigh[N][Rel][4PlPoss][SgPosd]
kaviighmeng	kaviigh[N][Rel][4PlPoss][PlPosd]
kaviighmeng	kaviigh[N][Abl_Mod][Unpd][Sg]

------------------------
Laluramka kaatuq Sivungaghmeng.

laluramka	Laluramke[N][Abs][Unpd][Sg]

kaatuq	kaate[V][Ind][3Sg]

sivungaghmeng	Sivungagh*[N][Rel][4DuPoss][SgPosd]
sivungaghmeng	Sivungagh*[N][Rel][4DuPoss][PlPosd]
sivungaghmeng	Sivungagh*[N][Rel][4PlPoss][SgPosd]
sivungaghmeng	Sivungagh*[N][Rel][4PlPoss][PlPosd]
sivungaghmeng	Sivungagh*[N][Abl_Mod][Unpd][Sg]

------------------------
Aqelqat aghulaat.

aqelqat	aqelqagh[N][Abs][Unpd][Pl]
aqelqat	aqelqagh[N][Rel][Unpd][Pl]

aghulaat	aghula[V][Intrg][3Pl]
aghulaat	aghula[V][Ind][3Pl]

------------------------
Tafsi taakuq.

tafsi	tafsi[N][Abs][Unpd][Sg]

taakuq	taake[V][Ind][3Sg]

------------------------
Neghtusi ulghaaghmeng.

neghtusi	negh[V][Ind][2Pl]
neghtusi	negh-te[to.act.on.so.as.to.cause.to.V][V→V][V][Ind][2Pl]

ulghaaghmeng	ulghaagh[N][Rel][4DuPoss][SgPosd]
ulghaaghmeng	ulghaagh[N][Rel][4DuPoss][PlPosd]
ulghaaghmeng	ulghaagh[N][Rel][4PlPoss][SgPosd]
ulghaaghmeng	ulghaagh[N][Rel][4PlPoss][PlPosd]
ulghaaghmeng	ulghaagh[N][Abl_Mod][Unpd][Sg]

------------------------
Naayvameng tagiiq yaywaali.

naayvameng	naayvagh[N][Rel][4DuPoss][SgPosd]
naayvameng	naayvagh[N][Rel][4DuPoss][PlPosd]
naayvameng	naayvagh[N][Rel][4PlPoss][SgPosd]
naayvameng	naayvagh[N][Rel][4PlPoss][PlPosd]
naayvameng	naayvagh[N][Abl_Mod][Unpd][Sg]

tagiiq	tagi-~i[SBJ.V-ed.something][V→V]-~i[SBJ.V-ed.something][V→V]-~i[SBJ.V-ed.something][V→V]-~i[SBJ.V-ed.something][V→V]-~i[SBJ.V-ed.something][V→V]-~faagh[one.who.keeps.on.V-ing][AUG]
tagiiq	tagi-~i[SBJ.V-ed.something][V→V]-~i[SBJ.V-ed.something][V→V]-~i[SBJ.V-ed.something][V→V]-~i[SBJ.V-ed.something][V→V]-~faagh[one.who.keeps.on.V-ing][AUG]
tagiiq	tagi-~i[SBJ.V-ed.something][V→V]-~i[SBJ.V-ed.something][V→V]-~i[SBJ.V-ed.something][V→V]-~faagh[one.who.keeps.on.V-ing][AUG]
tagiiq	tagi-~i[SBJ.V-ed.something][V→V]-~i[SBJ.V-ed.something][V→V]-~faagh[one.who.keeps.on.V-ing][AUG]
tagiiq	tagi-~i[SBJ.V-ed.something][V→V]-~faagh[one.who.keeps.on.V-ing][AUG]
tagiiq	tagi-~faagh[one.who.keeps.on.V-ing][AUG]
tagiiq	tagi[V][Ind][3Sg]

yaywaali	yaywaali[N][Abs][Unpd][Sg]

------------------------
Aghnak qiighwtuk.

aghnak	aghnagh[N][Abs][Unpd][Du]
aghnak	aghnagh[N][Rel][Unpd][Du]

qiighwtuk	qiighw[V][Ind][3Du]
qiighwtuk	qiighw-te[to.act.on.so.as.to.cause.to.V][V→V][V][Ind][3Du]
qiighwtuk	qiighw-te[to.catch.N][to.go.to.N][N→V][V][Ind][3Du]

------------------------
Gaaghtut kayumeng.

gaaghtut	gaagh[V][Ind][3Pl]
gaaghtut	gaagh-te[to.act.on.so.as.to.cause.to.V][V→V][V][Ind][3Pl]

kayumeng	kayu[N][Rel][4DuPoss][SgPosd]
kayumeng	kayu[N][Rel][4DuPoss][PlPosd]
kayumeng	kayu[N][Rel][4PlPoss][SgPosd]
kayumeng	kayu[N][Rel][4PlPoss][PlPosd]
kayumeng	kayu[N][Abl_Mod][Unpd][Sg]

------------------------
Qikmit nagatut anipameng.

qikmit	qikmigh[N][Abs][Unpd][Pl]
qikmit	qikmigh[N][Rel][Unpd][Pl]

nagatut	nagate[V][Ind][3Pl]

anipameng	anipa[N][Rel][4DuPoss][SgPosd]
anipameng	anipa[N][Rel][4DuPoss][PlPosd]
anipameng	anipa[N][Rel][4PlPoss][SgPosd]
anipameng	anipa[N][Rel][4PlPoss][PlPosd]
anipameng	anipa[N][Abl_Mod][Unpd][Sg]

------------------------
Qavaghtunga.

qavaghtunga	qavagh[V][Ind][1Sg]
qavaghtunga	qavagh-te[to.act.on.so.as.to.cause.to.V][V→V][V][Ind][1Sg]

------------------------
Taghnughhaat aanut mangteghameng.

taghnughhaat	taghnughhagh*[N][Abs][Unpd][Pl]
taghnughhaat	taghnughhagh*[N][Abs][3PlPoss][SgPosd]
taghnughhaat	taghnughhagh*[N][Rel][Unpd][Pl]

aanut	aane[V][Ind][3Pl]

mangteghameng	mangteghagh[N][Rel][4DuPoss][SgPosd]
mangteghameng	mangteghagh[N][Rel][4DuPoss][PlPosd]
mangteghameng	mangteghagh[N][Rel][4PlPoss][SgPosd]
mangteghameng	mangteghagh[N][Rel][4PlPoss][PlPosd]
mangteghameng	mangteghagh[N][Abl_Mod][Unpd][Sg]

------------------------
