Iiska mekestaaghhaaguq.

iiska	iye-~–ke[to.have.as.one's.N(s)][N→V][V][Intrg][3Sg]
iiska	iye[N][Abs][1SgPoss][SgPosd]

mekestaaghhaaguq	mekestaaghhaa[V][Ind][3Sg]
mekestaaghhaaguq	mekestaaghhagh*-~:(ng₁)u[to.be.N][N→V][V][Ind][3Sg]

------------------------
Apalguunga.

apalguunga	apa-–leg[one.having.N][N→N]-~:(ng₁)u[to.be.N][N→V][V][Ind][1Sg]
apalguunga	apa-–lgu[to.have.N][N→V][V][Ind][1Sg]

------------------------
Ataka angyaghllalguuq.

ataka	ata-~–ke[to.have.as.one's.N(s)][N→V][V][Intrg][3Sg]
ataka	ata[N][Abs][1SgPoss][SgPosd]

angyaghllalguuq	angyagh-–ghllag[big.N][N→N]-–leg[one.having.N][N→N]-~:(ng₁)u[to.be.N][N→V][V][Ind][3Sg]
angyaghllalguuq	angyagh-–ghllag[big.N][N→N]-–lgu[to.have.N][N→V][V][Ind][3Sg]

------------------------
Naan qulmesiitelguuq.

naan	naa[N][Abs][2SgPoss][SgPosd]

qulmesiitelguuq	qulmesiite-–leg[one.having.N][N→N]-~:(ng₁)u[to.be.N][N→V][V][Ind][3Sg]
qulmesiitelguuq	qulmesiite-–lgu[to.have.N][N→V][V][Ind][3Sg]

------------------------
Panigten aghnaghaghllaguut.

panigten	panig[N][Abs][2SgPoss][PlPosd]
panigten	panig-te[to.catch.N][to.go.to.N][N→V][V][Opt][PRS][2Sg]
panigten	panig[N][Abs][2SgPoss][PlPosd]

aghnaghaghllaguut	aghnaghagh*-–ghllag[big.N][N→N]-~:(ng₁)u[to.be.N][N→V][V][Ind][3Pl]

------------------------
Ighneghenka gguteghllalguut.

ighneghenka	ighnegh[N][Abs][1SgPoss][PlPosd]

gguteghllalguut	ggute-–ghllag[big.N][N→N]-–leg[one.having.N][N→N]-~:(ng₁)u[to.be.N][N→V][V][Ind][3Pl]
gguteghllalguut	ggute-–ghllag[big.N][N→N]-–lgu[to.have.N][N→V][V][Ind][3Pl]

------------------------
Gguutka seghleghuuq.

gguutka	ggute-~–ke[to.have.as.one's.N(s)][N→V][V][Intrg][3Sg]
gguutka	ggute[N][Abs][1SgPoss][SgPosd]

seghleghuuq	seghlegh-~:(ng₁)u[to.be.N][N→V][V][Ind][3Sg]
seghleghuuq	seghleghu[V][Ind][3Sg]

------------------------
Qiighwenka taakut.

qiighwenka	qiighw[N][Abs][1SgPoss][PlPosd]

taakut	taake[V][Ind][3Pl]

------------------------
Nengyuqa pinightuq.

nengyuqa	nengyugh*-~–ke[to.have.as.one's.N(s)][N→V][V][Intrg][3Sg]
nengyuqa	nengyugh*[N][Abs][1SgPoss][SgPosd]

pinightuq	pinigh[V][Ind][3Sg]
pinightuq	pinigh-te[to.act.on.so.as.to.cause.to.V][V→V][V][Ind][3Sg]

------------------------
Eltughaanka qikmilguut.

eltughaanka	eltughagh*[N][Abs][1SgPoss][PlPosd]

qikmilguut	qikmigh-–leg[one.having.N][N→N]-~:(ng₁)u[to.be.N][N→V][V][Ind][3Pl]
qikmilguut	qikmigh-–lgu[to.have.N][N→V][V][Ind][3Pl]

------------------------
Nuyaqatakestaaghhaaguq.

nuyaqatakestaaghhaaguq	+?

------------------------
Aghnaghllaget tagiit mangteghameng.

aghnaghllaget	aghnagh-–ghllag[big.N][N→N][N][Abs][Unpd][Pl]
aghnaghllaget	aghnagh-–ghllag[big.N][N→N][N][Rel][Unpd][Pl]

tagiit	tagi[V][Intrg][3Pl]
tagiit	tagi[V][Ind][3Pl]

mangteghameng	mangteghagh[N][Rel][4DuPoss][SgPosd]
mangteghameng	mangteghagh[N][Rel][4DuPoss][PlPosd]
mangteghameng	mangteghagh[N][Rel][4PlPoss][SgPosd]
mangteghameng	mangteghagh[N][Rel][4PlPoss][PlPosd]
mangteghameng	mangteghagh[N][Abl_Mod][Unpd][Sg]

------------------------
Qulmesiitka eslequq meghmeng.

qulmesiitka	qulmesiite-~–ke[to.have.as.one's.N(s)][N→V][V][Intrg][3Sg]
qulmesiitka	qulmesiite[N][Abs][1SgPoss][SgPosd]

eslequq	esleqe[V][Ind][3Sg]

meghmeng	megh[N][Rel][4DuPoss][SgPosd]
meghmeng	megh[N][Rel][4DuPoss][PlPosd]
meghmeng	megh[N][Rel][4PlPoss][SgPosd]
meghmeng	megh[N][Rel][4PlPoss][PlPosd]
meghmeng	megh[N][Abl_Mod][Unpd][Sg]

------------------------
Yavlun pinightuq.

yavlun	yavlu[N][Abs][2SgPoss][SgPosd]

pinightuq	pinigh[V][Ind][3Sg]
pinightuq	pinigh-te[to.act.on.so.as.to.cause.to.V][V→V][V][Ind][3Sg]

------------------------
Nanevgaq qiighwllalguuq.

nanevgaq	+?

qiighwllalguuq	qiighw-–ghllag[big.N][N→N]-–leg[one.having.N][N→N]-~:(ng₁)u[to.be.N][N→V][V][Ind][3Sg]
qiighwllalguuq	qiighw-–ghllag[big.N][N→N]-–lgu[to.have.N][N→V][V][Ind][3Sg]

------------------------
Laluramkek iyataghtuk.

laluramkek	Laluramke[N][Abs][Unpd][Du]
laluramkek	Laluramke[N][Rel][Unpd][Du]

iyataghtuk	iyatagh[V][Ind][3Du]
iyataghtuk	iyatagh-te[to.act.on.so.as.to.cause.to.V][V→V][V][Ind][3Du]

------------------------
Nunan anigulguuq.

nunan	nuna[N][Abs][2SgPoss][SgPosd]

anigulguuq	anigu-–leg[one.having.N][N→N]-~:(ng₁)u[to.be.N][N→V][V][Ind][3Sg]
anigulguuq	anigu-–lgu[to.have.N][N→V][V][Ind][3Sg]

------------------------
Kaviighet riigteghllalguut.

kaviighet	kaviigh[N][Abs][Unpd][Pl]
kaviighet	kaviigh[N][Rel][Unpd][Pl]

riigteghllalguut	riigte-–ghllag[big.N][N→N]-–leg[one.having.N][N→N]-~:(ng₁)u[to.be.N][N→V][V][Ind][3Pl]
riigteghllalguut	riigte-–ghllag[big.N][N→N]-–lgu[to.have.N][N→V][V][Ind][3Pl]

------------------------
Mekelghiighet neghtut neghsameng.

mekelghiighet	mekelghiigh[N][Abs][Unpd][Pl]
mekelghiighet	mekelghiigh[N][Rel][Unpd][Pl]

neghtut	negh[V][Ind][3Pl]
neghtut	negh-te[to.act.on.so.as.to.cause.to.V][V→V][V][Ind][3Pl]

neghsameng	negh-te[to.act.on.so.as.to.cause.to.V][V→V][V][CnsqI][4Pl]
neghsameng	neghe-te[to.act.on.so.as.to.cause.to.V][V→V][V][CnsqI][4Pl]
neghsameng	neghsagh[N][Rel][4DuPoss][SgPosd]
neghsameng	neghsagh[N][Rel][4DuPoss][PlPosd]
neghsameng	neghsagh[N][Rel][4PlPoss][SgPosd]
neghsameng	neghsagh[N][Rel][4PlPoss][PlPosd]
neghsameng	neghsagh[N][Abl_Mod][Unpd][Sg]

------------------------
Nengyugka nagatuk qikmighllagmeng.

nengyugka	+?

nagatuk	nagate[V][Ind][3Du]

qikmighllagmeng	qikmigh-–ghllag[big.N][N→N][N][Rel][4DuPoss][SgPosd]
qikmighllagmeng	qikmigh-–ghllag[big.N][N→N][N][Rel][4DuPoss][PlPosd]
qikmighllagmeng	qikmigh-–ghllag[big.N][N→N][N][Rel][4PlPoss][SgPosd]
qikmighllagmeng	qikmigh-–ghllag[big.N][N→N][N][Rel][4PlPoss][PlPosd]
qikmighllagmeng	qikmigh-–ghllag[big.N][N→N][N][Abl_Mod][Unpd][Sg]

------------------------
Aawhllaget kuuvut.

aawhllaget	+?

kuuvut	kuuve[V][Ind][3Pl]

------------------------
Yaywaali iiggeghllalguuq.

yaywaali	yaywaali[N][Abs][Unpd][Sg]

iiggeghllalguuq	iigge-–ghllag[big.N][N→N]-–leg[one.having.N][N→N]-~:(ng₁)u[to.be.N][N→V][V][Ind][3Sg]
iiggeghllalguuq	iigge-–ghllag[big.N][N→N]-–lgu[to.have.N][N→V][V][Ind][3Sg]

------------------------
Qikmiiguq.

qikmiiguq	qikmigh-~:(ng₁)u[to.be.N][N→V]-~i[SBJ.V-ed.something][V→V]-~i[SBJ.V-ed.something][V→V]-~i[SBJ.V-ed.something][V→V]-~i[SBJ.V-ed.something][V→V]-~i[SBJ.V-ed.something][V→V][V][Ind][3Sg]
qikmiiguq	qikmigh-~:(ng₁)u[to.be.N][N→V]-~i[SBJ.V-ed.something][V→V]-~i[SBJ.V-ed.something][V→V]-~i[SBJ.V-ed.something][V→V]-~i[SBJ.V-ed.something][V→V][V][Ind][3Sg]
qikmiiguq	qikmigh-~:(ng₁)u[to.be.N][N→V]-~i[SBJ.V-ed.something][V→V]-~i[SBJ.V-ed.something][V→V]-~i[SBJ.V-ed.something][V→V][V][Ind][3Sg]
qikmiiguq	qikmigh-~:(ng₁)u[to.be.N][N→V]-~i[SBJ.V-ed.something][V→V]-~i[SBJ.V-ed.something][V→V][V][Ind][3Sg]
qikmiiguq	qikmigh-~:(ng₁)u[to.be.N][N→V]-~i[SBJ.V-ed.something][V→V][V][Ind][3Sg]
qikmiiguq	qikmigh-~:(ng₁)u[to.be.N][N→V][V][Ind][3Sg]

------------------------
Ungaziq nunanguuq.

ungaziq	Ungazigh[N][Abs][Unpd][Sg]

nunanguuq	nuna-~:(ng₁)u[to.be.N][N→V][V][Ind][3Sg]

------------------------
Kaamgegken taakuk.

kaamgegken	kameg[N][Abs][2SgPoss][DuPosd]

taakuk	taake[V][Ind][3Du]

------------------------
Sikigllaget tagiit riigtemeng.

sikigllaget	sikig-–ghllag[big.N][N→N][N][Abs][Unpd][Pl]
sikigllaget	sikig-–ghllag[big.N][N→N][N][Rel][Unpd][Pl]

tagiit	tagi[V][Intrg][3Pl]
tagiit	tagi[V][Ind][3Pl]

riigtemeng	riigte[N][Rel][4DuPoss][SgPosd]
riigtemeng	riigte[N][Rel][4DuPoss][PlPosd]
riigtemeng	riigte[N][Rel][4PlPoss][SgPosd]
riigtemeng	riigte[N][Rel][4PlPoss][PlPosd]
riigtemeng	riigte[N][Abl_Mod][Unpd][Sg]

------------------------
Ukaziq neghtuq vegmeng.

ukaziq	ukazigh[N][Abs][Unpd][Sg]

neghtuq	negh[V][Ind][3Sg]
neghtuq	negh-te[to.act.on.so.as.to.cause.to.V][V→V][V][Ind][3Sg]

vegmeng	veg[N][Rel][4DuPoss][SgPosd]
vegmeng	veg[N][Rel][4DuPoss][PlPosd]
vegmeng	veg[N][Rel][4PlPoss][SgPosd]
vegmeng	veg[N][Rel][4PlPoss][PlPosd]
vegmeng	veg[N][Abl_Mod][Unpd][Sg]

------------------------
Aqelqat laluramkenguut.

aqelqat	aqelqagh[N][Abs][Unpd][Pl]
aqelqat	aqelqagh[N][Rel][Unpd][Pl]

laluramkenguut	Laluramke-~:(ng₁)u[to.be.N][N→V][V][Ind][3Pl]

------------------------
Yugllak uginguuq.

yugllak	yug-–ghllag[big.N][N→N][N][Abs][Unpd][Sg]

uginguuq	ugi-~:(ng₁)u[to.be.N][N→V][V][Ind][3Sg]

------------------------
Ighneghten aghulaqut naayvaghllagmeng.

ighneghten	ighnegh[N][Abs][2SgPoss][PlPosd]
ighneghten	ighnegh-te[to.catch.N][to.go.to.N][N→V][V][Opt][PRS][2Sg]
ighneghten	ighnegh[N][Abs][2SgPoss][PlPosd]

aghulaqut	aghulaqe[V][Ind][3Pl]

naayvaghllagmeng	naayvagh-–ghllag[big.N][N→N][N][Rel][4DuPoss][SgPosd]
naayvaghllagmeng	naayvagh-–ghllag[big.N][N→N][N][Rel][4DuPoss][PlPosd]
naayvaghllagmeng	naayvagh-–ghllag[big.N][N→N][N][Rel][4PlPoss][SgPosd]
naayvaghllagmeng	naayvagh-–ghllag[big.N][N→N][N][Rel][4PlPoss][PlPosd]
naayvaghllagmeng	naayvagh-–ghllag[big.N][N→N][N][Abl_Mod][Unpd][Sg]

------------------------
