Qikmiqa neghaquq anipameng.

qikmiqa	qikmigh-~–ke[to.have.as.one's.N(s)][N→V][V][Intrg][3Sg]
qikmiqa	qikmigh[N][Abs][1SgPoss][SgPosd]

neghaquq	negh-~(g₁)aqe[to.be.V.ing][to.regularly.or.repeatedly.V][V→V][V][Ind][3Sg]
neghaquq	neghe-~(g₁)aqe[to.be.V.ing][to.regularly.or.repeatedly.V][V→V][V][Ind][3Sg]

anipameng	anipa[N][Rel][4DuPoss][SgPosd]
anipameng	anipa[N][Rel][4DuPoss][PlPosd]
anipameng	anipa[N][Rel][4PlPoss][SgPosd]
anipameng	anipa[N][Rel][4PlPoss][PlPosd]
anipameng	anipa[N][Abl_Mod][Unpd][Sg]

------------------------
Aghnaghllagem ighneghi neghellequt akuutameng aqavzilegmeng.

aghnaghllagem	aghnagh-–ghllag[big.N][N→N][N][Rel][Unpd][Sg]

ighneghi	ighnegh[N][Abs][3SgPoss][PlPosd]

neghellequt	neghe-te[to.act.on.so.as.to.cause.to.V][V→V]-@₁lleqe[will.V][V→V][V][Ind][3Pl]
neghellequt	neghe-@₁lleqe[will.V][V→V][V][Ind][3Pl]

akuutameng	akuutagh[N][Rel][4DuPoss][SgPosd]
akuutameng	akuutagh[N][Rel][4DuPoss][PlPosd]
akuutameng	akuutagh[N][Rel][4PlPoss][SgPosd]
akuutameng	akuutagh[N][Rel][4PlPoss][PlPosd]
akuutameng	akuutagh[N][Abl_Mod][Unpd][Sg]

aqavzilegmeng	aqavzig-–leg[one.having.N][N→N][N][Rel][4DuPoss][SgPosd]
aqavzilegmeng	aqavzig-–leg[one.having.N][N→N][N][Rel][4DuPoss][PlPosd]
aqavzilegmeng	aqavzig-–leg[one.having.N][N→N][N][Rel][4PlPoss][SgPosd]
aqavzilegmeng	aqavzig-–leg[one.having.N][N→N][N][Rel][4PlPoss][PlPosd]
aqavzilegmeng	aqavzig-–leg[one.having.N][N→N][N][Abl_Mod][Unpd][Sg]

------------------------
Yugem qikmii siguteghllalguut.

yugem	yug[N][Rel][Unpd][Sg]

qikmii	qikmigh-~:(ng₁)u[to.be.N][N→V]-~i[SBJ.V-ed.something][V→V]-~i[SBJ.V-ed.something][V→V]-~i[SBJ.V-ed.something][V→V]-~i[SBJ.V-ed.something][V→V]-~i[SBJ.V-ed.something][V→V][V][Opt][PRS][2Sg]
qikmii	qikmigh-~:(ng₁)u[to.be.N][N→V]-~i[SBJ.V-ed.something][V→V]-~i[SBJ.V-ed.something][V→V]-~i[SBJ.V-ed.something][V→V]-~i[SBJ.V-ed.something][V→V][V][Opt][PRS][2Sg]
qikmii	qikmigh-~:(ng₁)u[to.be.N][N→V]-~i[SBJ.V-ed.something][V→V]-~i[SBJ.V-ed.something][V→V]-~i[SBJ.V-ed.something][V→V][V][Opt][PRS][2Sg]
qikmii	qikmigh-~:(ng₁)u[to.be.N][N→V]-~i[SBJ.V-ed.something][V→V]-~i[SBJ.V-ed.something][V→V][V][Opt][PRS][2Sg]
qikmii	qikmigh-~:(ng₁)u[to.be.N][N→V]-~i[SBJ.V-ed.something][V→V][V][Opt][PRS][2Sg]
qikmii	qikmigh-~:(ng₁)u[to.be.N][N→V][V][Opt][PRS][2Sg]
qikmii	qikmigh[N][Abs][3SgPoss][SgPosd]
qikmii	qikmigh[N][Abs][3SgPoss][PlPosd]

siguteghllalguut	sigute-–ghllag[big.N][N→N]-–leg[one.having.N][N→N]-~:(ng₁)u[to.be.N][N→V][V][Ind][3Pl]
siguteghllalguut	sigute-–ghllag[big.N][N→N]-–lgu[to.have.N][N→V][V][Ind][3Pl]

------------------------
Atughnaqunga suflugameng.

atughnaqunga	atugh-@₁~fnaqe[to.be.going.to.V][V→V][V][Ind][1Sg]

suflugameng	suflugagh[N][Rel][4DuPoss][SgPosd]
suflugameng	suflugagh[N][Rel][4DuPoss][PlPosd]
suflugameng	suflugagh[N][Rel][4PlPoss][SgPosd]
suflugameng	suflugagh[N][Rel][4PlPoss][PlPosd]
suflugameng	suflugagh[N][Abl_Mod][Unpd][Sg]

------------------------
Apeghtughistem nulaa iflaaq.

apeghtughistem	apeghtughiste[N][Rel][Unpd][Sg]

nulaa	nulugh[N][Abs][3SgPoss][SgPosd]
nulaa	nulugh[V][Opt][PRS][2Sg]

iflaaq	ifla-~faagh[one.who.keeps.on.V-ing][AUG]
iflaaq	ifla[V][Ind][3Sg]

------------------------
Aqelqat igleghtaqut Sivuqaghmeng Sivungaghmun.

aqelqat	aqelqagh[N][Abs][Unpd][Pl]
aqelqat	aqelqagh[N][Rel][Unpd][Pl]

igleghtaqut	igleghte-~(g₁)aqe[to.be.V.ing][to.regularly.or.repeatedly.V][V→V][V][Ind][3Pl]

sivuqaghmeng	+?

sivungaghmun	Sivungagh*[N][Ter][Unpd][Sg]

------------------------
Siivanlleghet nulughaqut naayvami.

siivanlleghet	siivanllegh[N][Abs][Unpd][Pl]
siivanlleghet	siivanllegh[N][Rel][Unpd][Pl]

nulughaqut	nulugh-~(g₁)aqe[to.be.V.ing][to.regularly.or.repeatedly.V][V→V][V][Ind][3Pl]

naayvami	naayvagh[N][Loc][Unpd][Sg]
naayvami	naayvagh[N][Rel][4SgPoss][SgPosd]
naayvami	naayvagh[N][Rel][4SgPoss][PlPosd]

------------------------
Esghaataqukut ighaleqetaaghmeng.

esghaataqukut	esghaate-~(g₁)aqe[to.be.V.ing][to.regularly.or.repeatedly.V][V→V][V][Ind][1Pl]
esghaataqukut	esghagh-~:(u)te[SBJ.V-ed.something][V→V]-~(g₁)aqe[to.be.V.ing][to.regularly.or.repeatedly.V][V→V][V][Ind][1Pl]

ighaleqetaaghmeng	ighaleqetaagh[N][Rel][4DuPoss][SgPosd]
ighaleqetaaghmeng	ighaleqetaagh[N][Rel][4DuPoss][PlPosd]
ighaleqetaaghmeng	ighaleqetaagh[N][Rel][4PlPoss][SgPosd]
ighaleqetaaghmeng	ighaleqetaagh[N][Rel][4PlPoss][PlPosd]
ighaleqetaaghmeng	ighaleqetaagh[N][Abl_Mod][Unpd][Sg]

------------------------
Mekelghiighem nengyaa kakiiquq.

mekelghiighem	mekelghiigh[N][Rel][Unpd][Sg]

nengyaa	nengyugh*[N][Abs][3SgPoss][SgPosd]

kakiiquq	kaki-~(g₁)aqe[to.be.V.ing][to.regularly.or.repeatedly.V][V→V][V][Ind][3Sg]

------------------------
Yughaghtet taghnughhiit aghulayugtut.

yughaghtet	yughaghte[N][Abs][Unpd][Pl]
yughaghtet	yughaghte[N][Rel][Unpd][Pl]

taghnughhiit	taghnughhagh*[N][Abs][3PlPoss][PlPosd]

aghulayugtut	aghula-@₁~fyug[to.want.to.V][V→V][V][Ind][3Pl]
aghulayugtut	aghula-@₁~fyug[to.want.to.V][V→V]-te[to.act.on.so.as.to.cause.to.V][V→V][V][Ind][3Pl]
aghulayugtut	aghula-~:(u)te[to.V.for.or.with][to.cause.to.V.as.one.is.V-ing][to.V.toward.each.other][V→V]-@₁~fyug[to.want.to.V][V→V][V][Ind][3Pl]
aghulayugtut	aghula-~:(u)te[to.V.for.or.with][to.cause.to.V.as.one.is.V-ing][to.V.toward.each.other][V→V]-@₁~fyug[to.want.to.V][V→V]-te[to.act.on.so.as.to.cause.to.V][V→V][V][Ind][3Pl]
aghulayugtut	aghula-~:(u)te[SBJ.V-ed.something][V→V]-@₁~fyug[to.want.to.V][V→V][V][Ind][3Pl]
aghulayugtut	aghula-~:(u)te[SBJ.V-ed.something][V→V]-@₁~fyug[to.want.to.V][V→V]-te[to.act.on.so.as.to.cause.to.V][V→V][V][Ind][3Pl]

------------------------
Teghikusat aanaqut riigteghllagmeng.

teghikusat	teghikusagh[N][Abs][Unpd][Pl]
teghikusat	teghikusagh[N][Rel][Unpd][Pl]

aanaqut	aane-~(g₁)aqe[to.be.V.ing][to.regularly.or.repeatedly.V][V→V][V][Ind][3Pl]

riigteghllagmeng	riigte-–ghllag[big.N][N→N][N][Rel][4DuPoss][SgPosd]
riigteghllagmeng	riigte-–ghllag[big.N][N→N][N][Rel][4DuPoss][PlPosd]
riigteghllagmeng	riigte-–ghllag[big.N][N→N][N][Rel][4PlPoss][SgPosd]
riigteghllagmeng	riigte-–ghllag[big.N][N→N][N][Rel][4PlPoss][PlPosd]
riigteghllagmeng	riigte-–ghllag[big.N][N→N][N][Abl_Mod][Unpd][Sg]

------------------------
Laluramka akuziiquq Yupigestun.

laluramka	Laluramke[N][Abs][Unpd][Sg]

akuziiquq	akuzi-~(g₁)aqe[to.be.V.ing][to.regularly.or.repeatedly.V][V→V][V][Ind][3Sg]

yupigestun	Yupig[N][Equ][Unpd][Pl]

------------------------
Panigegka mesuunanaquk.

panigegka	panig[N][Abs][1SgPoss][DuPosd]

mesuunanaquk	mesuuna-@₁~fnaqe[to.be.going.to.V][V→V][V][Ind][3Du]
mesuunanaquk	mesuuna-~:(u)te[to.V.for.or.with][to.cause.to.V.as.one.is.V-ing][to.V.toward.each.other][V→V]-@₁~fnaqe[to.be.going.to.V][V→V][V][Ind][3Du]
mesuunanaquk	mesuuna-~:(u)te[SBJ.V-ed.something][V→V]-@₁~fnaqe[to.be.going.to.V][V→V][V][Ind][3Du]

------------------------
Apanga qayumeng meghaquq.

apanga	apa[N][Abs][3SgPoss][SgPosd]

qayumeng	qayugh[N][Rel][4DuPoss][SgPosd]
qayumeng	qayugh[N][Rel][4DuPoss][PlPosd]
qayumeng	qayugh[N][Rel][4PlPoss][SgPosd]
qayumeng	qayugh[N][Rel][4PlPoss][PlPosd]
qayumeng	qayugh[N][Abl_Mod][Unpd][Sg]

meghaquq	megh-~(g₁)aqe[to.be.V.ing][to.regularly.or.repeatedly.V][V→V][V][Ind][3Sg]
meghaquq	meghe-~(g₁)aqe[to.be.V.ing][to.regularly.or.repeatedly.V][V→V][V][Ind][3Sg]

------------------------
Ighneghten manigmeng neghtut.

ighneghten	ighnegh[N][Abs][2SgPoss][PlPosd]
ighneghten	ighnegh-te[to.catch.N][to.go.to.N][N→V][V][Opt][PRS][2Sg]
ighneghten	ighnegh[N][Abs][2SgPoss][PlPosd]

manigmeng	manig[N][Rel][4DuPoss][SgPosd]
manigmeng	manig[N][Rel][4DuPoss][PlPosd]
manigmeng	manig[N][Rel][4PlPoss][SgPosd]
manigmeng	manig[N][Rel][4PlPoss][PlPosd]
manigmeng	manig[N][Abl_Mod][Unpd][Sg]

neghtut	negh[V][Ind][3Pl]
neghtut	negh-te[to.act.on.so.as.to.cause.to.V][V→V][V][Ind][3Pl]

------------------------
Aatghit taakut.

aatghit	ategh[N][Abs][3PlPoss][PlPosd]

taakut	taake[V][Ind][3Pl]

------------------------
Yugem yavlunga qepghaghllequq unaami.

yugem	yug[N][Rel][Unpd][Sg]

yavlunga	yavlu[N][Abs][3SgPoss][SgPosd]

qepghaghllequq	qepghagh-te[to.act.on.so.as.to.cause.to.V][V→V]-@₁lleqe[will.V][V→V][V][Ind][3Sg]
qepghaghllequq	qepghagh-@₁lleqe[will.V][V→V][V][Ind][3Sg]

unaami	unaami[N][Abs][Unpd][Sg]

------------------------
Esghaatunga lalalameng vegaaghmi.

esghaatunga	esghaate[V][Ind][1Sg]
esghaatunga	esghagh-~:(u)te[SBJ.V-ed.something][V→V][V][Ind][1Sg]

lalalameng	lalala[N][Rel][4DuPoss][SgPosd]
lalalameng	lalala[N][Rel][4DuPoss][PlPosd]
lalalameng	lalala[N][Rel][4PlPoss][SgPosd]
lalalameng	lalala[N][Rel][4PlPoss][PlPosd]
lalalameng	lalala[N][Abl_Mod][Unpd][Sg]

vegaaghmi	vegaagh*[N][Loc][Unpd][Sg]
vegaaghmi	vegaagh*[N][Rel][4SgPoss][SgPosd]
vegaaghmi	vegaagh*[N][Rel][4SgPoss][PlPosd]

------------------------
Mekelghiighet naangat mangteghami qavaghaquq.

mekelghiighet	mekelghiigh[N][Abs][Unpd][Pl]
mekelghiighet	mekelghiigh[N][Rel][Unpd][Pl]

naangat	naa[N][Abs][3PlPoss][SgPosd]

mangteghami	mangteghagh[N][Loc][Unpd][Sg]
mangteghami	mangteghagh[N][Rel][4SgPoss][SgPosd]
mangteghami	mangteghagh[N][Rel][4SgPoss][PlPosd]

qavaghaquq	qavagh-~(g₁)aqe[to.be.V.ing][to.regularly.or.repeatedly.V][V→V][V][Ind][3Sg]

------------------------
Sikughllagmeng atughnaqunga.

sikughllagmeng	siku-–ghllag[big.N][N→N][N][Rel][4DuPoss][SgPosd]
sikughllagmeng	siku-–ghllag[big.N][N→N][N][Rel][4DuPoss][PlPosd]
sikughllagmeng	siku-–ghllag[big.N][N→N][N][Rel][4PlPoss][SgPosd]
sikughllagmeng	siku-–ghllag[big.N][N→N][N][Rel][4PlPoss][PlPosd]
sikughllagmeng	siku-–ghllag[big.N][N→N][N][Abl_Mod][Unpd][Sg]
sikughllagmeng	sikugh*-–ghllag[big.N][N→N][N][Rel][4DuPoss][SgPosd]
sikughllagmeng	sikugh*-–ghllag[big.N][N→N][N][Rel][4DuPoss][PlPosd]
sikughllagmeng	sikugh*-–ghllag[big.N][N→N][N][Rel][4PlPoss][SgPosd]
sikughllagmeng	sikugh*-–ghllag[big.N][N→N][N][Rel][4PlPoss][PlPosd]
sikughllagmeng	sikugh*-–ghllag[big.N][N→N][N][Abl_Mod][Unpd][Sg]

atughnaqunga	atugh-@₁~fnaqe[to.be.going.to.V][V→V][V][Ind][1Sg]

------------------------
Tengegkayuk kaannaquq Sivuqaghmeng.

tengegkayuk	tengegkayug[N][Abs][Unpd][Sg]

kaannaquq	kaate-@₁~fnaqe[to.be.going.to.V][V→V][V][Ind][3Sg]

sivuqaghmeng	+?

------------------------
Naayvam sikunga seghleghuuq.

naayvam	naayvagh[N][Rel][Unpd][Sg]

sikunga	siku[N][Abs][3SgPoss][SgPosd]
sikunga	siku[Imprs_Agnt][V][Opt][PRS][2Sg][1Sg]
sikunga	siku[Imprs_Agnt][V][CnsqI][4Sg][3Pl]
sikunga	siku[Imprs_Agnt][V][CnsqI][4Pl][3Pl]
sikunga	siku[Imprs_Agnt][V][CnsqI][4Du][3Pl]

seghleghuuq	seghlegh-~:(ng₁)u[to.be.N][N→V][V][Ind][3Sg]
seghleghuuq	seghleghu[V][Ind][3Sg]

------------------------
Karaket aglaghaqut.

karaket	Karake[N][Abs][Unpd][Pl]
karaket	Karake[N][Rel][Unpd][Pl]

aglaghaqut	aglagh-~(g₁)aqe[to.be.V.ing][to.regularly.or.repeatedly.V][V→V][V][Ind][3Pl]

------------------------
Yugem walguyaagkek iflaak.

yugem	yug[N][Rel][Unpd][Sg]

walguyaagkek	walguyaag[N][Abs][3SgPoss][DuPosd]

iflaak	ifla[V][Intrg][3Du]
iflaak	ifla[V][Ind][3Du]
iflaak	ifla[V][Ind][3Sg][3Du]

------------------------
Apeghtughistet nuliighit pagunghaghmeng inghwaaqut.

apeghtughistet	apeghtughiste[N][Abs][Unpd][Pl]
apeghtughistet	apeghtughiste[N][Rel][Unpd][Pl]

nuliighit	nuliigh[N][Abs][3PlPoss][PlPosd]

pagunghaghmeng	pagunghagh*[N][Rel][4DuPoss][SgPosd]
pagunghaghmeng	pagunghagh*[N][Rel][4DuPoss][PlPosd]
pagunghaghmeng	pagunghagh*[N][Rel][4PlPoss][SgPosd]
pagunghaghmeng	pagunghagh*[N][Rel][4PlPoss][PlPosd]
pagunghaghmeng	pagunghagh*[N][Abl_Mod][Unpd][Sg]

inghwaaqut	inghu-~(g₁)aqe[to.be.V.ing][to.regularly.or.repeatedly.V][V→V][V][Ind][3Pl]

------------------------
