Aliineghsiisiq Yagesgu

aliineghsiisiq	+?

yagesgu	+?

------------------------
Aasam Ungipaghaa

aasam	Aasa[N][Rel][Unpd][Sg]
aasam	Aasagh[N][Rel][Unpd][Sg]

ungipaghaa	ungipaghagh-~:(ng₁)u[to.be.N][N→V][V][Intr][Opt][PRS][2Sg]
ungipaghaa	ungipaghagh[N][Abs][3SgPoss][SgPosd]
ungipaghaa	ungipaghagh[V][Intr][Opt][PRS][2Sg]

------------------------


------------------------
Sangwaanguq taana aghnaq, wallu yuwhaawa, pimalghii, "Yeqaytuq aliineghsiqegka."

sangwaanguq	sangwaa[N][Abs][Unpd][Sg]-nguq[Encl]

taana	taana

aghnaq	aghnagh[N][Abs][Unpd][Sg]

wallu	wallu

yuwhaawa	+?

pimalghii	pi-@₁~:(i/u)ma[to.have.V-ed][to.have.been.V-ed][V→V]-@₁–lghii[the.one.that.V-ed][the.one.that.is.V][V→N][N][Abs][Unpd][Sg]

yeqaytuq	+?

aliineghsiqegka	+?

------------------------
Legan aklaaghtegpenani whaa aanqutiyalghiimi:

legan	legan

aklaaghtegpenani	+?

whaa	whaa

aanqutiyalghiimi	anegh-~–ke[to.have.as.one's.N(s)][N→V]-~:(u)te[to.V.for.or.with][to.cause.to.V.as.one.is.V-ing][to.V.toward.each.other][V→V]-~i[SBJ.V-ed.something][V→V]-@₁~fyagh[to.go.V-ing][to.V.in.vain][V→V]-@₁–lghii[the.one.that.V-ed][the.one.that.is.V][V→N][N][Loc][Unpd][Sg]
aanqutiyalghiimi	anegh-~–ke[to.have.as.one's.N(s)][N→V]-~:(u)te[to.V.for.or.with][to.cause.to.V.as.one.is.V-ing][to.V.toward.each.other][V→V]-~i[SBJ.V-ed.something][V→V]-@₁~fyagh[to.go.V-ing][to.V.in.vain][V→V]-@₁–lghii[the.one.that.V-ed][the.one.that.is.V][V→N][N][Rel][4SgPoss][SgPosd]
aanqutiyalghiimi	anegh-~–ke[to.have.as.one's.N(s)][N→V]-~:(u)te[to.V.for.or.with][to.cause.to.V.as.one.is.V-ing][to.V.toward.each.other][V→V]-~i[SBJ.V-ed.something][V→V]-@₁~fyagh[to.go.V-ing][to.V.in.vain][V→V]-@₁–lghii[the.one.that.V-ed][the.one.that.is.V][V→N][N][Rel][4SgPoss][PlPosd]
aanqutiyalghiimi	anegh-~–ke[to.have.as.one's.N(s)][N→V]-~:(u)te[to.V.for.or.with][to.cause.to.V.as.one.is.V-ing][to.V.toward.each.other][V→V]-~i[SBJ.V-ed.something][V→V]-~:(u)te[to.V.for.or.with][to.cause.to.V.as.one.is.V-ing][to.V.toward.each.other][V→V]-@₁~fyagh[to.go.V-ing][to.V.in.vain][V→V]-@₁–lghii[the.one.that.V-ed][the.one.that.is.V][V→N][N][Loc][Unpd][Sg]
aanqutiyalghiimi	anegh-~–ke[to.have.as.one's.N(s)][N→V]-~:(u)te[to.V.for.or.with][to.cause.to.V.as.one.is.V-ing][to.V.toward.each.other][V→V]-~i[SBJ.V-ed.something][V→V]-~:(u)te[to.V.for.or.with][to.cause.to.V.as.one.is.V-ing][to.V.toward.each.other][V→V]-@₁~fyagh[to.go.V-ing][to.V.in.vain][V→V]-@₁–lghii[the.one.that.V-ed][the.one.that.is.V][V→N][N][Rel][4SgPoss][SgPosd]
aanqutiyalghiimi	anegh-~–ke[to.have.as.one's.N(s)][N→V]-~:(u)te[to.V.for.or.with][to.cause.to.V.as.one.is.V-ing][to.V.toward.each.other][V→V]-~i[SBJ.V-ed.something][V→V]-~:(u)te[to.V.for.or.with][to.cause.to.V.as.one.is.V-ing][to.V.toward.each.other][V→V]-@₁~fyagh[to.go.V-ing][to.V.in.vain][V→V]-@₁–lghii[the.one.that.V-ed][the.one.that.is.V][V→N][N][Rel][4SgPoss][PlPosd]
aanqutiyalghiimi	anegh-~–ke[to.have.as.one's.N(s)][N→V]-~:(u)te[to.V.for.or.with][to.cause.to.V.as.one.is.V-ing][to.V.toward.each.other][V→V]-~i[SBJ.V-ed.something][V→V]-~:(u)te[to.V.for.or.with][to.cause.to.V.as.one.is.V-ing][to.V.toward.each.other][V→V][V][Intr][Ptcp_Obl][4Sg]
aanqutiyalghiimi	anegh-~–ke[to.have.as.one's.N(s)][N→V]-~:(u)te[to.V.for.or.with][to.cause.to.V.as.one.is.V-ing][to.V.toward.each.other][V→V]-~i[SBJ.V-ed.something][V→V]-~:(u)te[SBJ.V-ed.something][V→V]-@₁~fyagh[to.go.V-ing][to.V.in.vain][V→V]-@₁–lghii[the.one.that.V-ed][the.one.that.is.V][V→N][N][Loc][Unpd][Sg]
aanqutiyalghiimi	anegh-~–ke[to.have.as.one's.N(s)][N→V]-~:(u)te[to.V.for.or.with][to.cause.to.V.as.one.is.V-ing][to.V.toward.each.other][V→V]-~i[SBJ.V-ed.something][V→V]-~:(u)te[SBJ.V-ed.something][V→V]-@₁~fyagh[to.go.V-ing][to.V.in.vain][V→V]-@₁–lghii[the.one.that.V-ed][the.one.that.is.V][V→N][N][Rel][4SgPoss][SgPosd]
aanqutiyalghiimi	anegh-~–ke[to.have.as.one's.N(s)][N→V]-~:(u)te[to.V.for.or.with][to.cause.to.V.as.one.is.V-ing][to.V.toward.each.other][V→V]-~i[SBJ.V-ed.something][V→V]-~:(u)te[SBJ.V-ed.something][V→V]-@₁~fyagh[to.go.V-ing][to.V.in.vain][V→V]-@₁–lghii[the.one.that.V-ed][the.one.that.is.V][V→N][N][Rel][4SgPoss][PlPosd]
aanqutiyalghiimi	anegh-~–ke[to.have.as.one's.N(s)][N→V]-~:(u)te[to.V.for.or.with][to.cause.to.V.as.one.is.V-ing][to.V.toward.each.other][V→V]-~i[SBJ.V-ed.something][V→V]-~:(u)te[SBJ.V-ed.something][V→V][V][Intr][Ptcp_Obl][4Sg]
aanqutiyalghiimi	anegh-~–ke[to.have.as.one's.N(s)][N→V]-~:(u)te[to.V.for.or.with][to.cause.to.V.as.one.is.V-ing][to.V.toward.each.other][V→V]-~i[SBJ.V-ed.something][V→V][V][Intr][Ptcp_Obl][4Sg]
aanqutiyalghiimi	anegh-~–ke[to.have.as.one's.N(s)][N→V]-~:(u)te[SBJ.V-ed.something][V→V]-~i[SBJ.V-ed.something][V→V]-@₁~fyagh[to.go.V-ing][to.V.in.vain][V→V]-@₁–lghii[the.one.that.V-ed][the.one.that.is.V][V→N][N][Loc][Unpd][Sg]
aanqutiyalghiimi	anegh-~–ke[to.have.as.one's.N(s)][N→V]-~:(u)te[SBJ.V-ed.something][V→V]-~i[SBJ.V-ed.something][V→V]-@₁~fyagh[to.go.V-ing][to.V.in.vain][V→V]-@₁–lghii[the.one.that.V-ed][the.one.that.is.V][V→N][N][Rel][4SgPoss][SgPosd]
aanqutiyalghiimi	anegh-~–ke[to.have.as.one's.N(s)][N→V]-~:(u)te[SBJ.V-ed.something][V→V]-~i[SBJ.V-ed.something][V→V]-@₁~fyagh[to.go.V-ing][to.V.in.vain][V→V]-@₁–lghii[the.one.that.V-ed][the.one.that.is.V][V→N][N][Rel][4SgPoss][PlPosd]
aanqutiyalghiimi	anegh-~–ke[to.have.as.one's.N(s)][N→V]-~:(u)te[SBJ.V-ed.something][V→V]-~i[SBJ.V-ed.something][V→V]-~:(u)te[to.V.for.or.with][to.cause.to.V.as.one.is.V-ing][to.V.toward.each.other][V→V]-@₁~fyagh[to.go.V-ing][to.V.in.vain][V→V]-@₁–lghii[the.one.that.V-ed][the.one.that.is.V][V→N][N][Loc][Unpd][Sg]
aanqutiyalghiimi	anegh-~–ke[to.have.as.one's.N(s)][N→V]-~:(u)te[SBJ.V-ed.something][V→V]-~i[SBJ.V-ed.something][V→V]-~:(u)te[to.V.for.or.with][to.cause.to.V.as.one.is.V-ing][to.V.toward.each.other][V→V]-@₁~fyagh[to.go.V-ing][to.V.in.vain][V→V]-@₁–lghii[the.one.that.V-ed][the.one.that.is.V][V→N][N][Rel][4SgPoss][SgPosd]
aanqutiyalghiimi	anegh-~–ke[to.have.as.one's.N(s)][N→V]-~:(u)te[SBJ.V-ed.something][V→V]-~i[SBJ.V-ed.something][V→V]-~:(u)te[to.V.for.or.with][to.cause.to.V.as.one.is.V-ing][to.V.toward.each.other][V→V]-@₁~fyagh[to.go.V-ing][to.V.in.vain][V→V]-@₁–lghii[the.one.that.V-ed][the.one.that.is.V][V→N][N][Rel][4SgPoss][PlPosd]
aanqutiyalghiimi	anegh-~–ke[to.have.as.one's.N(s)][N→V]-~:(u)te[SBJ.V-ed.something][V→V]-~i[SBJ.V-ed.something][V→V]-~:(u)te[to.V.for.or.with][to.cause.to.V.as.one.is.V-ing][to.V.toward.each.other][V→V][V][Intr][Ptcp_Obl][4Sg]
aanqutiyalghiimi	anegh-~–ke[to.have.as.one's.N(s)][N→V]-~:(u)te[SBJ.V-ed.something][V→V]-~i[SBJ.V-ed.something][V→V]-~:(u)te[SBJ.V-ed.something][V→V]-@₁~fyagh[to.go.V-ing][to.V.in.vain][V→V]-@₁–lghii[the.one.that.V-ed][the.one.that.is.V][V→N][N][Loc][Unpd][Sg]
aanqutiyalghiimi	anegh-~–ke[to.have.as.one's.N(s)][N→V]-~:(u)te[SBJ.V-ed.something][V→V]-~i[SBJ.V-ed.something][V→V]-~:(u)te[SBJ.V-ed.something][V→V]-@₁~fyagh[to.go.V-ing][to.V.in.vain][V→V]-@₁–lghii[the.one.that.V-ed][the.one.that.is.V][V→N][N][Rel][4SgPoss][SgPosd]
aanqutiyalghiimi	anegh-~–ke[to.have.as.one's.N(s)][N→V]-~:(u)te[SBJ.V-ed.something][V→V]-~i[SBJ.V-ed.something][V→V]-~:(u)te[SBJ.V-ed.something][V→V]-@₁~fyagh[to.go.V-ing][to.V.in.vain][V→V]-@₁–lghii[the.one.that.V-ed][the.one.that.is.V][V→N][N][Rel][4SgPoss][PlPosd]
aanqutiyalghiimi	anegh-~–ke[to.have.as.one's.N(s)][N→V]-~:(u)te[SBJ.V-ed.something][V→V]-~i[SBJ.V-ed.something][V→V]-~:(u)te[SBJ.V-ed.something][V→V][V][Intr][Ptcp_Obl][4Sg]
aanqutiyalghiimi	anegh-~–ke[to.have.as.one's.N(s)][N→V]-~:(u)te[SBJ.V-ed.something][V→V]-~i[SBJ.V-ed.something][V→V][V][Intr][Ptcp_Obl][4Sg]

------------------------


------------------------
"Yagesguuuu, yagesgu, yagesgu.

yagesguuuu	+?

yagesgu	+?

yagesgu	+?

------------------------
Yagesguuuu, yagesgu, yagesgu.

yagesguuuu	+?

yagesgu	+?

yagesgu	+?

------------------------
Aapaa yagesgu, aapaa yagesgu,

aapaa	+?

yagesgu	+?

aapaa	+?

yagesgu	+?

------------------------
Ghhughhughhiiya."

ghhughhughhiiya	+?

------------------------


------------------------
Legannguq nepiightuq aliighyaqminigu.

legannguq	+?

nepiightuq	nepiigh[V][Intr][Ind][3Sg]
nepiightuq	nepiigh-te[to.act.on.so.as.to.cause.to.V][V→V][V][Intr][Ind][3Sg]
nepiightuq	nepiigh-te[to.catch.N][to.go.to.N][N→V][V][Intr][Ind][3Sg]

aliighyaqminigu	+?

------------------------


------------------------
Tawatennguq kiyaghsimaluku, nakennguq akuzighllaget nagaqughii.

tawatennguq	+?

kiyaghsimaluku	+?

nakennguq	+?

akuzighllaget	akuzi-–ghllaget[big.N][AUG]

nagaqughii	nagate-@₁qugh[to.V.completely]-~i[SBJ.V-ed.something][V→V]-~i[SBJ.V-ed.something][V→V]-~i[SBJ.V-ed.something][V→V]-~i[SBJ.V-ed.something][V→V]-~i[SBJ.V-ed.something][V→V][V][Intr][Opt][PRS][2Sg]
nagaqughii	nagate-@₁qugh[to.V.completely]-~i[SBJ.V-ed.something][V→V]-~i[SBJ.V-ed.something][V→V]-~i[SBJ.V-ed.something][V→V]-~i[SBJ.V-ed.something][V→V][V][Intr][Opt][PRS][2Sg]
nagaqughii	nagate-@₁qugh[to.V.completely]-~i[SBJ.V-ed.something][V→V]-~i[SBJ.V-ed.something][V→V]-~i[SBJ.V-ed.something][V→V][V][Intr][Opt][PRS][2Sg]
nagaqughii	nagate-@₁qugh[to.V.completely]-~i[SBJ.V-ed.something][V→V]-~i[SBJ.V-ed.something][V→V][V][Intr][Opt][PRS][2Sg]
nagaqughii	nagate-@₁qugh[to.V.completely]-~i[SBJ.V-ed.something][V→V][V][Intr][Intrg][3Sg]
nagaqughii	nagate-@₁qugh[to.V.completely][V][Trns][Ind][3Sg][3Pl]

------------------------
Tamaani esghaquyalghiimi avangituq.

tamaani	+?

esghaquyalghiimi	+?

avangituq	ava-~:(ng₁)ite**[to.lack.N][to.not.have.N][N→V][V][Intr][Ind][3Sg]

------------------------
Pagavek esghaghyalghiimi, angyannguq paga.

pagavek	pagavek

esghaghyalghiimi	esghagh-@₁~fyagh[to.go.V-ing][to.V.in.vain][V→V]-@₁–lghii[the.one.that.V-ed][the.one.that.is.V][V→N][N][Loc][Unpd][Sg]
esghaghyalghiimi	esghagh-@₁~fyagh[to.go.V-ing][to.V.in.vain][V→V]-@₁–lghii[the.one.that.V-ed][the.one.that.is.V][V→N][N][Rel][4SgPoss][SgPosd]
esghaghyalghiimi	esghagh-@₁~fyagh[to.go.V-ing][to.V.in.vain][V→V]-@₁–lghii[the.one.that.V-ed][the.one.that.is.V][V→N][N][Rel][4SgPoss][PlPosd]

angyannguq	+?

paga	paga

------------------------
Tespagavegnguq esghapagii elngaatall.

tespagavegnguq	+?

esghapagii	+?

elngaatall	elngaatall

------------------------


------------------------
Imaninguq, "Sivuyagta uugyuq elqiighen ateghtigu."

imaninguq	imagh[N][Abs][4SgPoss][SgPosd]-nguq[Encl]
imaninguq	imagh[N][Abs][4SgPoss][PlPosd]-nguq[Encl]
imaninguq	imagh[N][Loc][Unpd][Pl]-nguq[Encl]

sivuyagta	sivuyagta[N][Abs][Unpd][Sg]
sivuyagta	sivuyag-te[to.catch.N][to.go.to.N][N→V][V][Intr][Intrg][3Sg]

uugyuq	uugyuq

elqiighen	elqiigh[N][Abs][2SgPoss][SgPosd]

ateghtigu	+?

------------------------


------------------------
Llaaghannguq legan sivuyagtem elqiini aga ateghlluku, uka ukigtuq, ukigtuq, tuusan tazingavek takwaa.

llaaghannguq	+?

legan	legan

sivuyagtem	+?

elqiini	elqiigh[N][Abs][4SgPoss][SgPosd]
elqiini	elqiigh[N][Abs][4SgPoss][PlPosd]

aga	aga

ateghlluku	+?

uka	uka

ukigtuq	ukig[V][Intr][Ind][3Sg]
ukigtuq	ukig-te[to.act.on.so.as.to.cause.to.V][V→V][V][Intr][Ind][3Sg]

ukigtuq	ukig[V][Intr][Ind][3Sg]
ukigtuq	ukig-te[to.act.on.so.as.to.cause.to.V][V→V][V][Intr][Ind][3Sg]

tuusan	+?

tazingavek	+?

takwaa	taku[V][Trns][Ind][3Sg][3Sg]

------------------------
Piyaqminigu pinighhalek.

piyaqminigu	+?

pinighhalek	pi-@₁~fni[to.say.that.one.is.V-ing][Cmpd_Vbl]-–ghhalek[how.V][V→XCLM]
pinighhalek	pi-~:(u)te[to.V.for.or.with][to.cause.to.V.as.one.is.V-ing][to.V.toward.each.other][V→V]-@₁~fni[to.say.that.one.is.V-ing][Cmpd_Vbl]-–ghhalek[how.V][V→XCLM]
pinighhalek	pi-~:(u)te[SBJ.V-ed.something][V→V]-@₁~fni[to.say.that.one.is.V-ing][Cmpd_Vbl]-–ghhalek[how.V][V→XCLM]
pinighhalek	pinigh-–ghhalek[how.V][V→XCLM]
pinighhalek	pinighhalek
pinighhalek	pinighhaleg[N][Abs][Unpd][Sg]

------------------------
Tuguluku legan taaggun aatesfîgakun tallighmigumakanga.

tuguluku	tugu-~:(u)te[to.V.for.or.with][to.cause.to.V.as.one.is.V-ing][to.V.toward.each.other][V→V][V][Trns][Sbrd][_][3Sg]
tuguluku	tugu[V][Trns][Sbrd][_][3Sg]

legan	legan

taaggun	+?

aatesfîgakun	+?

tallighmigumakanga	+?

------------------------
Igleghllaataghtuq.

igleghllaataghtuq	+?

------------------------


------------------------
Iiwen uyavaghqaaghtuq, eslallugughteghllagumakanga.

iiwen	iiw[N][Abs][2SgPoss][SgPosd]
iiwen	iiwen
iiwen	iiwete[N][Abs][Unpd][Sg]

uyavaghqaaghtuq	+?

eslallugughteghllagumakanga	+?

------------------------
Maatennguq aatkii kiinghwaaqaayalghiit, whaa eslallugughteghllagyaqminigu aghitqeghllagluni.

maatennguq	+?

aatkii	aate-@₂~fkau[to.have.V-ed][to.have.been.V-ed][V→V]-~i[SBJ.V-ed.something][V→V]-~i[SBJ.V-ed.something][V→V]-~i[SBJ.V-ed.something][V→V]-~i[SBJ.V-ed.something][V→V]-~i[SBJ.V-ed.something][V→V][V][Intr][Opt][PRS][2Sg]
aatkii	aate-@₂~fkau[to.have.V-ed][to.have.been.V-ed][V→V]-~i[SBJ.V-ed.something][V→V]-~i[SBJ.V-ed.something][V→V]-~i[SBJ.V-ed.something][V→V]-~i[SBJ.V-ed.something][V→V][V][Intr][Opt][PRS][2Sg]
aatkii	aate-@₂~fkau[to.have.V-ed][to.have.been.V-ed][V→V]-~i[SBJ.V-ed.something][V→V]-~i[SBJ.V-ed.something][V→V]-~i[SBJ.V-ed.something][V→V][V][Intr][Opt][PRS][2Sg]
aatkii	aate-@₂~fkau[to.have.V-ed][to.have.been.V-ed][V→V]-~i[SBJ.V-ed.something][V→V]-~i[SBJ.V-ed.something][V→V][V][Intr][Opt][PRS][2Sg]
aatkii	aate-@₂~fkau[to.have.V-ed][to.have.been.V-ed][V→V]-~i[SBJ.V-ed.something][V→V][V][Intr][Opt][PRS][2Sg]
aatkii	aatkagh-~:(ng₁)u[to.be.N][N→V]-~i[SBJ.V-ed.something][V→V]-~i[SBJ.V-ed.something][V→V]-~i[SBJ.V-ed.something][V→V]-~i[SBJ.V-ed.something][V→V]-~i[SBJ.V-ed.something][V→V][V][Intr][Opt][PRS][2Sg]
aatkii	aatkagh-~:(ng₁)u[to.be.N][N→V]-~i[SBJ.V-ed.something][V→V]-~i[SBJ.V-ed.something][V→V]-~i[SBJ.V-ed.something][V→V]-~i[SBJ.V-ed.something][V→V][V][Intr][Opt][PRS][2Sg]
aatkii	aatkagh-~:(ng₁)u[to.be.N][N→V]-~i[SBJ.V-ed.something][V→V]-~i[SBJ.V-ed.something][V→V]-~i[SBJ.V-ed.something][V→V][V][Intr][Opt][PRS][2Sg]
aatkii	aatkagh-~:(ng₁)u[to.be.N][N→V]-~i[SBJ.V-ed.something][V→V]-~i[SBJ.V-ed.something][V→V][V][Intr][Opt][PRS][2Sg]
aatkii	aatkagh-~:(ng₁)u[to.be.N][N→V]-~i[SBJ.V-ed.something][V→V][V][Intr][Opt][PRS][2Sg]
aatkii	aatkagh[N][Abs][3SgPoss][PlPosd]

kiinghwaaqaayalghiit	+?

whaa	whaa

eslallugughteghllagyaqminigu	+?

aghitqeghllagluni	+?

------------------------


------------------------
Legannguq taakwna suumqaataqegkanga aliineghsiisiq.

legannguq	+?

taakwna	taakwna

suumqaataqegkanga	suumqagh-~:(ng₁)u[to.be.N][N→V]-~:(u)te[to.V.for.or.with][to.cause.to.V.as.one.is.V-ing][to.V.toward.each.other][V→V]-~(g₁)aqe[to.be.V.ing][to.regularly.or.repeatedly.V][V→V]-@*@₂~sf–(g₂)k(a)e[the.one.that.possessor.V-ed][V→N][N][Abs][3SgPoss][SgPosd]
suumqaataqegkanga	suumqagh-~:(ng₁)u[to.be.N][N→V]-~:(u)te[SBJ.V-ed.something][V→V]-~(g₁)aqe[to.be.V.ing][to.regularly.or.repeatedly.V][V→V]-@*@₂~sf–(g₂)k(a)e[the.one.that.possessor.V-ed][V→N][N][Abs][3SgPoss][SgPosd]
suumqaataqegkanga	suumqagh-~:(ng₁)u[to.be.N][N→V]-te[to.act.on.so.as.to.cause.to.V][V→V]-~(g₁)aqe[to.be.V.ing][to.regularly.or.repeatedly.V][V→V]-@*@₂~sf–(g₂)k(a)e[the.one.that.possessor.V-ed][V→N][N][Abs][3SgPoss][SgPosd]

aliineghsiisiq	+?

------------------------
"Yagesguuuu, yagesgu, yagesgu.

yagesguuuu	+?

yagesgu	+?

yagesgu	+?

------------------------
Yagesguuuu, yagesgu, yagesgu.

yagesguuuu	+?

yagesgu	+?

yagesgu	+?

------------------------
Aapaa yagesgu, aapaa yagesgu,

aapaa	+?

yagesgu	+?

aapaa	+?

yagesgu	+?

------------------------
Ghhughhughhiiya."

ghhughhughhiiya	+?

------------------------


------------------------
Leganqunnguq aliighlaataghyaqminigu, aghvaghllugllak siqineghllugllak.

leganqunnguq	+?

aliighlaataghyaqminigu	+?

aghvaghllugllak	aghvaghllug-–ghllag[big.N][N→N][N][Abs][Unpd][Sg]

siqineghllugllak	+?

------------------------
Legan aatkii kineghlaataghii.

legan	legan

aatkii	aate-@₂~fkau[to.have.V-ed][to.have.been.V-ed][V→V]-~i[SBJ.V-ed.something][V→V]-~i[SBJ.V-ed.something][V→V]-~i[SBJ.V-ed.something][V→V]-~i[SBJ.V-ed.something][V→V]-~i[SBJ.V-ed.something][V→V][V][Intr][Opt][PRS][2Sg]
aatkii	aate-@₂~fkau[to.have.V-ed][to.have.been.V-ed][V→V]-~i[SBJ.V-ed.something][V→V]-~i[SBJ.V-ed.something][V→V]-~i[SBJ.V-ed.something][V→V]-~i[SBJ.V-ed.something][V→V][V][Intr][Opt][PRS][2Sg]
aatkii	aate-@₂~fkau[to.have.V-ed][to.have.been.V-ed][V→V]-~i[SBJ.V-ed.something][V→V]-~i[SBJ.V-ed.something][V→V]-~i[SBJ.V-ed.something][V→V][V][Intr][Opt][PRS][2Sg]
aatkii	aate-@₂~fkau[to.have.V-ed][to.have.been.V-ed][V→V]-~i[SBJ.V-ed.something][V→V]-~i[SBJ.V-ed.something][V→V][V][Intr][Opt][PRS][2Sg]
aatkii	aate-@₂~fkau[to.have.V-ed][to.have.been.V-ed][V→V]-~i[SBJ.V-ed.something][V→V][V][Intr][Opt][PRS][2Sg]
aatkii	aatkagh-~:(ng₁)u[to.be.N][N→V]-~i[SBJ.V-ed.something][V→V]-~i[SBJ.V-ed.something][V→V]-~i[SBJ.V-ed.something][V→V]-~i[SBJ.V-ed.something][V→V]-~i[SBJ.V-ed.something][V→V][V][Intr][Opt][PRS][2Sg]
aatkii	aatkagh-~:(ng₁)u[to.be.N][N→V]-~i[SBJ.V-ed.something][V→V]-~i[SBJ.V-ed.something][V→V]-~i[SBJ.V-ed.something][V→V]-~i[SBJ.V-ed.something][V→V][V][Intr][Opt][PRS][2Sg]
aatkii	aatkagh-~:(ng₁)u[to.be.N][N→V]-~i[SBJ.V-ed.something][V→V]-~i[SBJ.V-ed.something][V→V]-~i[SBJ.V-ed.something][V→V][V][Intr][Opt][PRS][2Sg]
aatkii	aatkagh-~:(ng₁)u[to.be.N][N→V]-~i[SBJ.V-ed.something][V→V]-~i[SBJ.V-ed.something][V→V][V][Intr][Opt][PRS][2Sg]
aatkii	aatkagh-~:(ng₁)u[to.be.N][N→V]-~i[SBJ.V-ed.something][V→V][V][Intr][Opt][PRS][2Sg]
aatkii	aatkagh[N][Abs][3SgPoss][PlPosd]

kineghlaataghii	+?

------------------------
Tawaten pilleghtun akuziteghllaget taakut ataasit angyat.

tawaten	tawaten

pilleghtun	+?

akuziteghllaget	akuzi-~:(u)te[to.V.for.or.with][to.cause.to.V.as.one.is.V-ing][to.V.toward.each.other][V→V]-–ghllaget[big.N][AUG]
akuziteghllaget	akuzi-~:(u)te[condition.with.respect.to.V-ing][V→N]-–ghllag[big.N][N→N][N][Abs][Unpd][Pl]
akuziteghllaget	akuzi-~:(u)te[condition.with.respect.to.V-ing][V→N]-–ghllag[big.N][N→N][N][Rel][Unpd][Pl]
akuziteghllaget	akuzi-~:(u)te[SBJ.V-ed.something][V→V]-–ghllaget[big.N][AUG]
akuziteghllaget	akuzite-–ghllag[big.N][N→N][N][Abs][Unpd][Pl]
akuziteghllaget	akuzite-–ghllag[big.N][N→N][N][Rel][Unpd][Pl]
akuziteghllaget	akuzi-te[to.act.on.so.as.to.cause.to.V][V→V]-–ghllaget[big.N][AUG]

taakut	taake[V][Intr][Ind][3Pl]

ataasit	ataasigh[N][Abs][Unpd][Pl]
ataasit	ataasigh[N][Rel][Unpd][Pl]

angyat	angyagh[N][Abs][Unpd][Pl]
angyat	angyagh[N][Rel][Unpd][Pl]
angyat	Angyat[N][Abs][Unpd][Sg]

------------------------
Pimakanga angyallightem, "Qukaghqughta uugyuq, elqiighen ateghtigu."

pimakanga	pi-@₁~:(i/u)ma[to.have.V-ed][to.have.been.V-ed][V→V]-@*@₂~sf–(g₂)k(a)e[the.one.that.possessor.V-ed][V→N][N][Abs][3SgPoss][SgPosd]
pimakanga	pi-@₁~:(i/u)ma[to.have.V-ed][to.have.been.V-ed][V→V][V][Trns][Ptcp][3Sg][3Sg]
pimakanga	pi-@₁~:(i/u)ma[to.have.V-ed][to.have.been.V-ed][V→V][V][Trns][Cond][3Sg][1Sg]

angyallightem	+?

qukaghqughta	qukagh-te[to.catch.N][to.go.to.N][N→V]-@₁qugh[to.V.completely][V][Intr][Intrg][3Sg]
qukaghqughta	qukagh-te[to.catch.N][to.go.to.N][N→V]-@₁qugh[to.V.completely]-te[to.act.on.so.as.to.cause.to.V][V→V][V][Intr][Intrg][3Sg]

uugyuq	uugyuq

elqiighen	elqiigh[N][Abs][2SgPoss][SgPosd]

ateghtigu	+?

------------------------


------------------------
Legan elqiini mataghlluku ifkaghliaataghaa.

legan	legan

elqiini	elqiigh[N][Abs][4SgPoss][SgPosd]
elqiini	elqiigh[N][Abs][4SgPoss][PlPosd]

mataghlluku	+?

ifkaghliaataghaa	+?

------------------------
Uka ukiglaataghtuq, ukiglaataghtuq, tazingagun tekillaataghtuq.

uka	uka

ukiglaataghtuq	ukig-@₁~laatagh[to.V.anyway][despite.everything.to.still.V][V→V][V][Intr][Ind][3Sg]
ukiglaataghtuq	ukig-@₁~laatagh[to.V.anyway][despite.everything.to.still.V][V→V]-te[to.act.on.so.as.to.cause.to.V][V→V][V][Intr][Ind][3Sg]

ukiglaataghtuq	ukig-@₁~laatagh[to.V.anyway][despite.everything.to.still.V][V→V][V][Intr][Ind][3Sg]
ukiglaataghtuq	ukig-@₁~laatagh[to.V.anyway][despite.everything.to.still.V][V→V]-te[to.act.on.so.as.to.cause.to.V][V→V][V][Intr][Ind][3Sg]

tazingagun	+?

tekillaataghtuq	+?

------------------------
Tazingavek takwaa.

tazingavek	+?

takwaa	taku[V][Trns][Ind][3Sg][3Sg]

------------------------
Piyaqminigu maateghniineng pinighataghaq, uuknanga qelmeghllak.

piyaqminigu	+?

maateghniineng	maateghniineng

pinighataghaq	+?

uuknanga	uukna[N][Abs][3SgPoss][SgPosd]

qelmeghllak	+?

------------------------
Legan tuguneghminiki aataqegkangi tallimikun.

legan	legan

tuguneghminiki	tugu-~:(u)te[to.V.for.or.with][to.cause.to.V.as.one.is.V-ing][to.V.toward.each.other][V→V][V][Trns][Ctmp][4Sg][3Pl]
tuguneghminiki	tugu[V][Trns][Ctmp][4Sg][3Pl]

aataqegkangi	aate-~(g₁)aqe[to.be.V.ing][to.regularly.or.repeatedly.V][V→V]-@*@₂~sf–(g₂)k(a)e[the.one.that.possessor.V-ed][V→N][N][Abs][3SgPoss][PlPosd]
aataqegkangi	aate-~(g₁)aqe[to.be.V.ing][to.regularly.or.repeatedly.V][V→V][V][Trns][Ptcp][3Sg][3Pl]

tallimikun	talligh[N][Via][4SgPoss][SgPosd]
tallimikun	talligh[N][Via][4SgPoss][PlPosd]

------------------------


------------------------
Taawa igleghllaataghtuq, nemineng uyavaghllagtuq.

taawa	taawa

igleghllaataghtuq	+?

nemineng	ne[N][Abl_Mod][4SgPoss][PlPosd]
nemineng	ne[N][Abl_Mod][4SgPoss][SgPosd]

uyavaghllagtuq	uyavagh-–ghllag[big.N][N→N]-te[to.catch.N][to.go.to.N][N→V][V][Intr][Ind][3Sg]

------------------------
Legannguq palaghhaghmeng kiyaghtuq, eslalluk kaallaataghtuq, maateghniineng elngaatall yaagtughllak eslalluk.

legannguq	+?

palaghhaghmeng	+?

kiyaghtuq	kiyaghte[V][Intr][Ind][3Sg]

eslalluk	eslallug[N][Abs][Unpd][Sg]

kaallaataghtuq	kaate-@₁~laatagh[to.V.anyway][despite.everything.to.still.V][V→V][V][Intr][Ind][3Sg]
kaallaataghtuq	kaate-@₁~laatagh[to.V.anyway][despite.everything.to.still.V][V→V]-te[to.act.on.so.as.to.cause.to.V][V→V][V][Intr][Ind][3Sg]

maateghniineng	maateghniineng

elngaatall	elngaatall

yaagtughllak	+?

eslalluk	eslallug[N][Abs][Unpd][Sg]

------------------------
Legannguq suumqaataqegkanga aliineghsiisiq,

legannguq	+?

suumqaataqegkanga	suumqagh-~:(ng₁)u[to.be.N][N→V]-~:(u)te[to.V.for.or.with][to.cause.to.V.as.one.is.V-ing][to.V.toward.each.other][V→V]-~(g₁)aqe[to.be.V.ing][to.regularly.or.repeatedly.V][V→V]-@*@₂~sf–(g₂)k(a)e[the.one.that.possessor.V-ed][V→N][N][Abs][3SgPoss][SgPosd]
suumqaataqegkanga	suumqagh-~:(ng₁)u[to.be.N][N→V]-~:(u)te[SBJ.V-ed.something][V→V]-~(g₁)aqe[to.be.V.ing][to.regularly.or.repeatedly.V][V→V]-@*@₂~sf–(g₂)k(a)e[the.one.that.possessor.V-ed][V→N][N][Abs][3SgPoss][SgPosd]
suumqaataqegkanga	suumqagh-~:(ng₁)u[to.be.N][N→V]-te[to.act.on.so.as.to.cause.to.V][V→V]-~(g₁)aqe[to.be.V.ing][to.regularly.or.repeatedly.V][V→V]-@*@₂~sf–(g₂)k(a)e[the.one.that.possessor.V-ed][V→N][N][Abs][3SgPoss][SgPosd]

aliineghsiisiq	+?

------------------------


------------------------
"Yagesgiiuuu, yagesgu, yagesgu.

yagesgiiuuu	+?

yagesgu	+?

yagesgu	+?

------------------------
Yagesguuuu, yagesgu, yagesgu.

yagesguuuu	+?

yagesgu	+?

yagesgu	+?

------------------------
Aapaayagesgu, aapaa yagesgu,

aapaayagesgu	+?

aapaa	+?

yagesgu	+?

------------------------
Ghhughhughhiya."

ghhughhughhiya	+?

------------------------


------------------------
Legannguq aliighaghllaataghyaqminigu siqineghluuk, maaten sivulighmeng aagken elngaatall siqineq uguqnaghataghaghluni.

legannguq	+?

aliighaghllaataghyaqminigu	+?

siqineghluuk	+?

maaten	maaten
maaten	maatete[N][Abs][Unpd][Sg]

sivulighmeng	sivuligh*[N][Rel][4DuPoss][SgPosd]
sivulighmeng	sivuligh*[N][Rel][4DuPoss][PlPosd]
sivulighmeng	sivuligh*[N][Rel][4PlPoss][SgPosd]
sivulighmeng	sivuligh*[N][Rel][4PlPoss][PlPosd]
sivulighmeng	sivuligh*[N][Abl_Mod][Unpd][Sg]

aagken	aagken

elngaatall	elngaatall

siqineq	siqinegh[N][Abs][Unpd][Sg]

uguqnaghataghaghluni	+?

------------------------
Elngaatall kiinghwaaghii aatkii whaa legan.

elngaatall	elngaatall

kiinghwaaghii	+?

aatkii	aate-@₂~fkau[to.have.V-ed][to.have.been.V-ed][V→V]-~i[SBJ.V-ed.something][V→V]-~i[SBJ.V-ed.something][V→V]-~i[SBJ.V-ed.something][V→V]-~i[SBJ.V-ed.something][V→V]-~i[SBJ.V-ed.something][V→V][V][Intr][Opt][PRS][2Sg]
aatkii	aate-@₂~fkau[to.have.V-ed][to.have.been.V-ed][V→V]-~i[SBJ.V-ed.something][V→V]-~i[SBJ.V-ed.something][V→V]-~i[SBJ.V-ed.something][V→V]-~i[SBJ.V-ed.something][V→V][V][Intr][Opt][PRS][2Sg]
aatkii	aate-@₂~fkau[to.have.V-ed][to.have.been.V-ed][V→V]-~i[SBJ.V-ed.something][V→V]-~i[SBJ.V-ed.something][V→V]-~i[SBJ.V-ed.something][V→V][V][Intr][Opt][PRS][2Sg]
aatkii	aate-@₂~fkau[to.have.V-ed][to.have.been.V-ed][V→V]-~i[SBJ.V-ed.something][V→V]-~i[SBJ.V-ed.something][V→V][V][Intr][Opt][PRS][2Sg]
aatkii	aate-@₂~fkau[to.have.V-ed][to.have.been.V-ed][V→V]-~i[SBJ.V-ed.something][V→V][V][Intr][Opt][PRS][2Sg]
aatkii	aatkagh-~:(ng₁)u[to.be.N][N→V]-~i[SBJ.V-ed.something][V→V]-~i[SBJ.V-ed.something][V→V]-~i[SBJ.V-ed.something][V→V]-~i[SBJ.V-ed.something][V→V]-~i[SBJ.V-ed.something][V→V][V][Intr][Opt][PRS][2Sg]
aatkii	aatkagh-~:(ng₁)u[to.be.N][N→V]-~i[SBJ.V-ed.something][V→V]-~i[SBJ.V-ed.something][V→V]-~i[SBJ.V-ed.something][V→V]-~i[SBJ.V-ed.something][V→V][V][Intr][Opt][PRS][2Sg]
aatkii	aatkagh-~:(ng₁)u[to.be.N][N→V]-~i[SBJ.V-ed.something][V→V]-~i[SBJ.V-ed.something][V→V]-~i[SBJ.V-ed.something][V→V][V][Intr][Opt][PRS][2Sg]
aatkii	aatkagh-~:(ng₁)u[to.be.N][N→V]-~i[SBJ.V-ed.something][V→V]-~i[SBJ.V-ed.something][V→V][V][Intr][Opt][PRS][2Sg]
aatkii	aatkagh-~:(ng₁)u[to.be.N][N→V]-~i[SBJ.V-ed.something][V→V][V][Intr][Opt][PRS][2Sg]
aatkii	aatkagh[N][Abs][3SgPoss][PlPosd]

whaa	whaa

legan	legan

------------------------


------------------------
Legannguq pilaataghtuq meraaghinaq naken.

legannguq	+?

pilaataghtuq	pi-@₁~laatagh[to.V.anyway][despite.everything.to.still.V][V→V][V][Intr][Ind][3Sg]
pilaataghtuq	pi-@₁~laatagh[to.V.anyway][despite.everything.to.still.V][V→V]-te[to.act.on.so.as.to.cause.to.V][V→V][V][Intr][Ind][3Sg]
pilaataghtuq	pi-~:(u)te[to.V.for.or.with][to.cause.to.V.as.one.is.V-ing][to.V.toward.each.other][V→V]-@₁~laatagh[to.V.anyway][despite.everything.to.still.V][V→V][V][Intr][Ind][3Sg]
pilaataghtuq	pi-~:(u)te[to.V.for.or.with][to.cause.to.V.as.one.is.V-ing][to.V.toward.each.other][V→V]-@₁~laatagh[to.V.anyway][despite.everything.to.still.V][V→V]-te[to.act.on.so.as.to.cause.to.V][V→V][V][Intr][Ind][3Sg]
pilaataghtuq	pi-~:(u)te[SBJ.V-ed.something][V→V]-@₁~laatagh[to.V.anyway][despite.everything.to.still.V][V→V][V][Intr][Ind][3Sg]
pilaataghtuq	pi-~:(u)te[SBJ.V-ed.something][V→V]-@₁~laatagh[to.V.anyway][despite.everything.to.still.V][V→V]-te[to.act.on.so.as.to.cause.to.V][V→V][V][Intr][Ind][3Sg]

meraaghinaq	meraaghinagh[N][Abs][Unpd][Sg]

naken	naken
naken	nakete[N][Abs][Unpd][Sg]

------------------------
Sivuyagtemnguq taagwum angyallighteni pii, "Angyallighta kiiwyuq elpeklu elqiighen ateghtigu."

sivuyagtemnguq	+?

taagwum	+?

angyallighteni	+?

pii	pi-~i[SBJ.V-ed.something][V→V]-~i[SBJ.V-ed.something][V→V]-~i[SBJ.V-ed.something][V→V]-~i[SBJ.V-ed.something][V→V]-~i[SBJ.V-ed.something][V→V]-~i[SBJ.V-ed.something][V→V][V][Intr][Opt][PRS][2Sg]
pii	pi-~i[SBJ.V-ed.something][V→V]-~i[SBJ.V-ed.something][V→V]-~i[SBJ.V-ed.something][V→V]-~i[SBJ.V-ed.something][V→V]-~i[SBJ.V-ed.something][V→V][V][Intr][Opt][PRS][2Sg]
pii	pi-~i[SBJ.V-ed.something][V→V]-~i[SBJ.V-ed.something][V→V]-~i[SBJ.V-ed.something][V→V]-~i[SBJ.V-ed.something][V→V][V][Intr][Opt][PRS][2Sg]
pii	pi-~i[SBJ.V-ed.something][V→V]-~i[SBJ.V-ed.something][V→V]-~i[SBJ.V-ed.something][V→V][V][Intr][Opt][PRS][2Sg]
pii	pi-~i[SBJ.V-ed.something][V→V]-~i[SBJ.V-ed.something][V→V][V][Intr][Opt][PRS][2Sg]
pii	pi-~i[SBJ.V-ed.something][V→V][V][Intr][Opt][PRS][2Sg]
pii	pi[V][Intr][Intrg][3Sg]
pii	pi[V][Trns][Ind][3Sg][3Sg]
pii	pi[V][Trns][Ind][3Sg][3Pl]

angyallighta	angyallighta[N][Abs][Unpd][Sg]
angyallighta	angyalligh-te[to.catch.N][to.go.to.N][N→V][V][Intr][Intrg][3Sg]

kiiwyuq	kiiwyuq

elpeklu	elpeg[N][Abs][Unpd][Sg]-llu[Encl]

elqiighen	elqiigh[N][Abs][2SgPoss][SgPosd]

ateghtigu	+?

------------------------


------------------------
Angyallightemnguq pikestamikun taaggun ateghsimakanga, aga ifkaghtuq.

angyallightemnguq	+?

pikestamikun	+?

taaggun	+?

ateghsimakanga	ategh-te[to.catch.N][to.go.to.N][N→V]-@₁~:(i/u)ma[to.have.V-ed][to.have.been.V-ed][V→V]-@*@₂~sf–(g₂)k(a)e[the.one.that.possessor.V-ed][V→N][N][Abs][3SgPoss][SgPosd]
ateghsimakanga	Ategh-te[to.catch.N][to.go.to.N][N→V]-@₁~:(i/u)ma[to.have.V-ed][to.have.been.V-ed][V→V]-@*@₂~sf–(g₂)k(a)e[the.one.that.possessor.V-ed][V→N][N][Abs][3SgPoss][SgPosd]

aga	aga

ifkaghtuq	ifkagh[V][Intr][Ind][3Sg]
ifkaghtuq	ifkagh-te[to.act.on.so.as.to.cause.to.V][V→V][V][Intr][Ind][3Sg]

------------------------
Aay, pinighataghatun uka ukigyalghiimi elqiiq.

aay	+?

pinighataghatun	+?

uka	uka

ukigyalghiimi	ukig-@₁~fyagh[to.go.V-ing][to.V.in.vain][V→V]-@₁–lghii[the.one.that.V-ed][the.one.that.is.V][V→N][N][Loc][Unpd][Sg]
ukigyalghiimi	ukig-@₁~fyagh[to.go.V-ing][to.V.in.vain][V→V]-@₁–lghii[the.one.that.V-ed][the.one.that.is.V][V→N][N][Rel][4SgPoss][SgPosd]
ukigyalghiimi	ukig-@₁~fyagh[to.go.V-ing][to.V.in.vain][V→V]-@₁–lghii[the.one.that.V-ed][the.one.that.is.V][V→N][N][Rel][4SgPoss][PlPosd]
ukigyalghiimi	ukig[V][Intr][Ptcp_Obl][4Sg]

elqiiq	elqiigh[N][Abs][Unpd][Sg]

------------------------


------------------------
Elngaatall utaqalaataghaa uukna ukilghii.

elngaatall	elngaatall

utaqalaataghaa	utaqa-@₁~laatagh[to.V.anyway][despite.everything.to.still.V][V→V][V][Trns][Ind][3Sg][3Sg]
utaqalaataghaa	utaqa-~:(u)te[to.V.for.or.with][to.cause.to.V.as.one.is.V-ing][to.V.toward.each.other][V→V]-@₁~laatagh[to.V.anyway][despite.everything.to.still.V][V→V][V][Trns][Ind][3Sg][3Sg]

uukna	uukna
uukna	uukna[N][Abs][Unpd][Sg]

ukilghii	ukig-@₁–lghii[the.one.that.V-ed][the.one.that.is.V][V→N][N][Abs][Unpd][Sg]

------------------------
Uka ukigtuq, ukigtuq, tekisan tazingavek piyaqminigu, pinighataghaq elqiiq elngaatall.

uka	uka

ukigtuq	ukig[V][Intr][Ind][3Sg]
ukigtuq	ukig-te[to.act.on.so.as.to.cause.to.V][V→V][V][Intr][Ind][3Sg]

ukigtuq	ukig[V][Intr][Ind][3Sg]
ukigtuq	ukig-te[to.act.on.so.as.to.cause.to.V][V→V][V][Intr][Ind][3Sg]

tekisan	+?

tazingavek	+?

piyaqminigu	+?

pinighataghaq	+?

elqiiq	elqiigh[N][Abs][Unpd][Sg]

elngaatall	elngaatall

------------------------
Satuqaq qughalkutaghtuqaq elngaatall.

satuqaq	sa-tugh[to.eat.N][to.use.N][N→V]-~sf–(g₃)kaq[one.that.has.V-ed][V→N][N][Abs][Unpd][Sg]
satuqaq	sa-tuqagh[one.with.lots.of.N][AUG]

qughalkutaghtuqaq	qughalkutagh-tugh[to.eat.N][to.use.N][N→V]-~sf–(g₃)kaq[one.that.has.V-ed][V→N][N][Abs][Unpd][Sg]
qughalkutaghtuqaq	qughalkutagh-tuqagh[one.with.lots.of.N][AUG]

elngaatall	elngaatall

------------------------
Pinighataghaq taakugneng maaten, legan tuguluku tallighmiglaataghaa.

pinighataghaq	+?

taakugneng	+?

maaten	maaten
maaten	maatete[N][Abs][Unpd][Sg]

legan	legan

tuguluku	tugu-~:(u)te[to.V.for.or.with][to.cause.to.V.as.one.is.V-ing][to.V.toward.each.other][V→V][V][Trns][Sbrd][_][3Sg]
tuguluku	tugu[V][Trns][Sbrd][_][3Sg]

tallighmiglaataghaa	+?

------------------------


------------------------
Tallighmigluki sumeghtaghaghtuq, "Aglaghyaquma esgha nemnun."

tallighmigluki	+?

sumeghtaghaghtuq	sumeghtaghagh[V][Intr][Ind][3Sg]
sumeghtaghaghtuq	sumeghtaghagh-te[to.act.on.so.as.to.cause.to.V][V→V][V][Intr][Ind][3Sg]

aglaghyaquma	aglagh-@₁~fyagh[to.go.V-ing][to.V.in.vain][V→V][V][Intr][Cond][1Sg]

esgha	esgha

nemnun	ne[N][Ter][1SgPoss][SgPosd]
nemnun	ne[N][Ter][1SgPoss][PlPosd]

------------------------
Legan taakut qerngiita tugumiiqluki aglaghtuq, aglaghtuq, aglaghtuq.

legan	legan

taakut	taake[V][Intr][Ind][3Pl]

qerngiita	qerngagh*[Quant_Qual][3Du]
qerngiita	qerngagh*[Quant_Qual][3Pl]

tugumiiqluki	+?

aglaghtuq	aglagh[V][Intr][Ind][3Sg]
aglaghtuq	aglagh-te[to.act.on.so.as.to.cause.to.V][V→V][V][Intr][Ind][3Sg]

aglaghtuq	aglagh[V][Intr][Ind][3Sg]
aglaghtuq	aglagh-te[to.act.on.so.as.to.cause.to.V][V→V][V][Intr][Ind][3Sg]

aglaghtuq	aglagh[V][Intr][Ind][3Sg]
aglaghtuq	aglagh-te[to.act.on.so.as.to.cause.to.V][V→V][V][Intr][Ind][3Sg]

------------------------
Entaqun unuk ataasiq atughluku, aallghani whanikumaan kaatuq neminun.

entaqun	entaqun

unuk	unuk

ataasiq	ataasigh[N][Abs][Unpd][Sg]

atughluku	atugh[V][Trns][Sbrd][_][3Sg]

aallghani	+?

whanikumaan	whani-~–ke[to.have.as.one's.N(s)][N→V]-@₁~:(i/u)magh*[while.V-ing][V→V][Quant_Qual][3Sg]

kaatuq	kaate[V][Intr][Ind][3Sg]

neminun	ne[N][Ter][4SgPoss][SgPosd]
neminun	ne[N][Ter][4SgPoss][PlPosd]

------------------------


------------------------
Eslallugughhnaniqaq, quunpeng aliiqaq elngaatall.

eslallugughhnaniqaq	eslallugughte[Imprs_Agnt]-@₁~fnanigh[to.cease.V-ing][to.stop.V-ing]-~sf–(g₃)kaq[one.that.has.V-ed][V→N][N][Abs][Unpd][Sg]

quunpeng	quunpeng

aliiqaq	aw-–liigh[to.cook.or.prepare.N][N→V]-~sf–(g₃)kaq[one.that.has.V-ed][V→N][N][Abs][Unpd][Sg]

elngaatall	elngaatall

------------------------
Allameng eslallugughtegpenani neminun kaatkaq.

allameng	alla[N][Rel][4DuPoss][SgPosd]
allameng	alla[N][Rel][4DuPoss][PlPosd]
allameng	alla[N][Rel][4PlPoss][SgPosd]
allameng	alla[N][Rel][4PlPoss][PlPosd]
allameng	alla[N][Abl_Mod][Unpd][Sg]
allameng	allameng

eslallugughtegpenani	eslallugughte[Imprs_Agnt]-@₁–nghite**[to.not.V][V→V][V][Intr][Sbrd][3Sg]

neminun	ne[N][Ter][4SgPoss][SgPosd]
neminun	ne[N][Ter][4SgPoss][PlPosd]

kaatkaq	kaate-@₂~fkaq[one.that.has.V-ed][V→N][N][Abs][Unpd][Sg]

------------------------
Aneghrengighllak elqiighneng.

aneghrengighllak	+?

elqiighneng	elqiigh[N][Abl_Mod][Unpd][Pl]

------------------------


------------------------
Tefaay!

tefaay	tefaay

------------------------
