Yuuk Neqengyuqaq Ungipaghaq 

yuuk	yug[N][Abs][Sg]

neqengyuqaq	neqengyuqagh[N][Abs][Unpd][Sg]

ungipaghaq	ungipagh[V][Trns][Ind][3Sg][3Du]
ungipaghaq	ungipaghagh[N][Abs][Unpd][Sg]

------------------------
Siftuutem Apellgha 

siftuutem	siftugh-~:(u)te[condition.with.respect.to.V-ing][V→N][N][Rel][Unpd][Sg]

apellgha	+?

------------------------


------------------------
Ungipaghaninguq imanii taananguq yuuk neqengyuqaq.

ungipaghaninguq	ungipaghagh[N][Abs][4SgPoss][SgPosd]-nguq[Encl]
ungipaghaninguq	ungipaghagh[N][Abs][4SgPoss][PlPosd]-nguq[Encl]
ungipaghaninguq	ungipaghagh[N][Loc][Unpd][Pl]-nguq[Encl]

imanii	ima-@₁~fni[to.say.that.one.is.V-ing][Cmpd_Vbl]-~i[SBJ.V-ed.something][V→V]-~i[SBJ.V-ed.something][V→V]-~i[SBJ.V-ed.something][V→V]-~i[SBJ.V-ed.something][V→V]-~i[SBJ.V-ed.something][V→V][V][Intr][Opt][PRS][2Sg]
imanii	ima-@₁~fni[to.say.that.one.is.V-ing][Cmpd_Vbl]-~i[SBJ.V-ed.something][V→V]-~i[SBJ.V-ed.something][V→V]-~i[SBJ.V-ed.something][V→V]-~i[SBJ.V-ed.something][V→V][V][Intr][Opt][PRS][2Sg]
imanii	ima-@₁~fni[to.say.that.one.is.V-ing][Cmpd_Vbl]-~i[SBJ.V-ed.something][V→V]-~i[SBJ.V-ed.something][V→V]-~i[SBJ.V-ed.something][V→V][V][Intr][Opt][PRS][2Sg]
imanii	ima-@₁~fni[to.say.that.one.is.V-ing][Cmpd_Vbl]-~i[SBJ.V-ed.something][V→V]-~i[SBJ.V-ed.something][V→V][V][Intr][Opt][PRS][2Sg]
imanii	ima-@₁~fni[to.say.that.one.is.V-ing][Cmpd_Vbl]-~i[SBJ.V-ed.something][V→V][V][Intr][Opt][PRS][2Sg]
imanii	ima-@₁~fni[to.say.that.one.is.V-ing][Cmpd_Vbl][V][Intr][Intrg][3Sg]
imanii	ima-@₁~fni[to.say.that.one.is.V-ing][Cmpd_Vbl][V][Trns][Ind][3Sg][3Sg]
imanii	ima-@₁~fni[to.say.that.one.is.V-ing][Cmpd_Vbl][V][Trns][Ind][3Sg][3Pl]
imanii	ima-@₁~fna[in.order.to.V][intending.to.V][V→V]-~i[SBJ.V-ed.something][V→V]-~i[SBJ.V-ed.something][V→V]-~i[SBJ.V-ed.something][V→V]-~i[SBJ.V-ed.something][V→V]-~i[SBJ.V-ed.something][V→V][V][Intr][Opt][PRS][2Sg]
imanii	ima-@₁~fna[in.order.to.V][intending.to.V][V→V]-~i[SBJ.V-ed.something][V→V]-~i[SBJ.V-ed.something][V→V]-~i[SBJ.V-ed.something][V→V]-~i[SBJ.V-ed.something][V→V][V][Intr][Opt][PRS][2Sg]
imanii	ima-@₁~fna[in.order.to.V][intending.to.V][V→V]-~i[SBJ.V-ed.something][V→V]-~i[SBJ.V-ed.something][V→V]-~i[SBJ.V-ed.something][V→V][V][Intr][Opt][PRS][2Sg]
imanii	ima-@₁~fna[in.order.to.V][intending.to.V][V→V]-~i[SBJ.V-ed.something][V→V]-~i[SBJ.V-ed.something][V→V][V][Intr][Opt][PRS][2Sg]
imanii	ima-@₁~fna[in.order.to.V][intending.to.V][V→V]-~i[SBJ.V-ed.something][V→V][V][Intr][Opt][PRS][2Sg]
imanii	ima-@₁~fna[in.order.to.V][intending.to.V][V→V][V][Trns][Ind][3Sg][3Pl]
imanii	ima-~:(u)te[to.V.for.or.with][to.cause.to.V.as.one.is.V-ing][to.V.toward.each.other][V→V]-@₁~fni[to.say.that.one.is.V-ing][Cmpd_Vbl]-~i[SBJ.V-ed.something][V→V]-~i[SBJ.V-ed.something][V→V]-~i[SBJ.V-ed.something][V→V]-~i[SBJ.V-ed.something][V→V][V][Intr][Opt][PRS][2Sg]
imanii	ima-~:(u)te[to.V.for.or.with][to.cause.to.V.as.one.is.V-ing][to.V.toward.each.other][V→V]-@₁~fni[to.say.that.one.is.V-ing][Cmpd_Vbl]-~i[SBJ.V-ed.something][V→V]-~i[SBJ.V-ed.something][V→V]-~i[SBJ.V-ed.something][V→V][V][Intr][Opt][PRS][2Sg]
imanii	ima-~:(u)te[to.V.for.or.with][to.cause.to.V.as.one.is.V-ing][to.V.toward.each.other][V→V]-@₁~fni[to.say.that.one.is.V-ing][Cmpd_Vbl]-~i[SBJ.V-ed.something][V→V]-~i[SBJ.V-ed.something][V→V][V][Intr][Opt][PRS][2Sg]
imanii	ima-~:(u)te[to.V.for.or.with][to.cause.to.V.as.one.is.V-ing][to.V.toward.each.other][V→V]-@₁~fni[to.say.that.one.is.V-ing][Cmpd_Vbl]-~i[SBJ.V-ed.something][V→V][V][Intr][Opt][PRS][2Sg]
imanii	ima-~:(u)te[to.V.for.or.with][to.cause.to.V.as.one.is.V-ing][to.V.toward.each.other][V→V]-@₁~fni[to.say.that.one.is.V-ing][Cmpd_Vbl][V][Intr][Intrg][3Sg]
imanii	ima-~:(u)te[to.V.for.or.with][to.cause.to.V.as.one.is.V-ing][to.V.toward.each.other][V→V]-@₁~fni[to.say.that.one.is.V-ing][Cmpd_Vbl][V][Trns][Ind][3Sg][3Sg]
imanii	ima-~:(u)te[to.V.for.or.with][to.cause.to.V.as.one.is.V-ing][to.V.toward.each.other][V→V]-@₁~fni[to.say.that.one.is.V-ing][Cmpd_Vbl][V][Trns][Ind][3Sg][3Pl]
imanii	ima-~:(u)te[to.V.for.or.with][to.cause.to.V.as.one.is.V-ing][to.V.toward.each.other][V→V]-@₁~fna[in.order.to.V][intending.to.V][V→V]-~i[SBJ.V-ed.something][V→V]-~i[SBJ.V-ed.something][V→V]-~i[SBJ.V-ed.something][V→V]-~i[SBJ.V-ed.something][V→V][V][Intr][Opt][PRS][2Sg]
imanii	ima-~:(u)te[to.V.for.or.with][to.cause.to.V.as.one.is.V-ing][to.V.toward.each.other][V→V]-@₁~fna[in.order.to.V][intending.to.V][V→V]-~i[SBJ.V-ed.something][V→V]-~i[SBJ.V-ed.something][V→V]-~i[SBJ.V-ed.something][V→V][V][Intr][Opt][PRS][2Sg]
imanii	ima-~:(u)te[to.V.for.or.with][to.cause.to.V.as.one.is.V-ing][to.V.toward.each.other][V→V]-@₁~fna[in.order.to.V][intending.to.V][V→V]-~i[SBJ.V-ed.something][V→V]-~i[SBJ.V-ed.something][V→V][V][Intr][Opt][PRS][2Sg]
imanii	ima-~:(u)te[to.V.for.or.with][to.cause.to.V.as.one.is.V-ing][to.V.toward.each.other][V→V]-@₁~fna[in.order.to.V][intending.to.V][V→V]-~i[SBJ.V-ed.something][V→V][V][Intr][Opt][PRS][2Sg]
imanii	ima-~:(u)te[to.V.for.or.with][to.cause.to.V.as.one.is.V-ing][to.V.toward.each.other][V→V]-@₁~fna[in.order.to.V][intending.to.V][V→V][V][Trns][Ind][3Sg][3Pl]
imanii	ima-~:(u)te[SBJ.V-ed.something][V→V]-@₁~fni[to.say.that.one.is.V-ing][Cmpd_Vbl]-~i[SBJ.V-ed.something][V→V]-~i[SBJ.V-ed.something][V→V]-~i[SBJ.V-ed.something][V→V]-~i[SBJ.V-ed.something][V→V][V][Intr][Opt][PRS][2Sg]
imanii	ima-~:(u)te[SBJ.V-ed.something][V→V]-@₁~fni[to.say.that.one.is.V-ing][Cmpd_Vbl]-~i[SBJ.V-ed.something][V→V]-~i[SBJ.V-ed.something][V→V]-~i[SBJ.V-ed.something][V→V][V][Intr][Opt][PRS][2Sg]
imanii	ima-~:(u)te[SBJ.V-ed.something][V→V]-@₁~fni[to.say.that.one.is.V-ing][Cmpd_Vbl]-~i[SBJ.V-ed.something][V→V]-~i[SBJ.V-ed.something][V→V][V][Intr][Opt][PRS][2Sg]
imanii	ima-~:(u)te[SBJ.V-ed.something][V→V]-@₁~fni[to.say.that.one.is.V-ing][Cmpd_Vbl]-~i[SBJ.V-ed.something][V→V][V][Intr][Opt][PRS][2Sg]
imanii	ima-~:(u)te[SBJ.V-ed.something][V→V]-@₁~fni[to.say.that.one.is.V-ing][Cmpd_Vbl][V][Intr][Intrg][3Sg]
imanii	ima-~:(u)te[SBJ.V-ed.something][V→V]-@₁~fni[to.say.that.one.is.V-ing][Cmpd_Vbl][V][Trns][Ind][3Sg][3Sg]
imanii	ima-~:(u)te[SBJ.V-ed.something][V→V]-@₁~fni[to.say.that.one.is.V-ing][Cmpd_Vbl][V][Trns][Ind][3Sg][3Pl]
imanii	ima-~:(u)te[SBJ.V-ed.something][V→V]-@₁~fna[in.order.to.V][intending.to.V][V→V]-~i[SBJ.V-ed.something][V→V]-~i[SBJ.V-ed.something][V→V]-~i[SBJ.V-ed.something][V→V]-~i[SBJ.V-ed.something][V→V][V][Intr][Opt][PRS][2Sg]
imanii	ima-~:(u)te[SBJ.V-ed.something][V→V]-@₁~fna[in.order.to.V][intending.to.V][V→V]-~i[SBJ.V-ed.something][V→V]-~i[SBJ.V-ed.something][V→V]-~i[SBJ.V-ed.something][V→V][V][Intr][Opt][PRS][2Sg]
imanii	ima-~:(u)te[SBJ.V-ed.something][V→V]-@₁~fna[in.order.to.V][intending.to.V][V→V]-~i[SBJ.V-ed.something][V→V]-~i[SBJ.V-ed.something][V→V][V][Intr][Opt][PRS][2Sg]
imanii	ima-~:(u)te[SBJ.V-ed.something][V→V]-@₁~fna[in.order.to.V][intending.to.V][V→V]-~i[SBJ.V-ed.something][V→V][V][Intr][Opt][PRS][2Sg]
imanii	imanagh-~:(ng₁)u[to.be.N][N→V]-~i[SBJ.V-ed.something][V→V]-~i[SBJ.V-ed.something][V→V]-~i[SBJ.V-ed.something][V→V]-~i[SBJ.V-ed.something][V→V]-~i[SBJ.V-ed.something][V→V][V][Intr][Opt][PRS][2Sg]
imanii	imanagh-~:(ng₁)u[to.be.N][N→V]-~i[SBJ.V-ed.something][V→V]-~i[SBJ.V-ed.something][V→V]-~i[SBJ.V-ed.something][V→V]-~i[SBJ.V-ed.something][V→V][V][Intr][Opt][PRS][2Sg]
imanii	imanagh-~:(ng₁)u[to.be.N][N→V]-~i[SBJ.V-ed.something][V→V]-~i[SBJ.V-ed.something][V→V]-~i[SBJ.V-ed.something][V→V][V][Intr][Opt][PRS][2Sg]
imanii	imanagh-~:(ng₁)u[to.be.N][N→V]-~i[SBJ.V-ed.something][V→V]-~i[SBJ.V-ed.something][V→V][V][Intr][Opt][PRS][2Sg]
imanii	imanagh-~:(ng₁)u[to.be.N][N→V]-~i[SBJ.V-ed.something][V→V][V][Intr][Opt][PRS][2Sg]
imanii	imanagh[N][Abs][3SgPoss][PlPosd]

taananguq	+?

yuuk	yug[N][Abs][Sg]

neqengyuqaq	neqengyuqagh[N][Abs][Unpd][Sg]

------------------------
Elngaatall neqengyupaarugllak urang.

elngaatall	elngaatall

neqengyupaarugllak	+?

urang	urang

------------------------


------------------------
Quunpenguq naken piyaaneng, angyaneng kaanneghmini neghsaghsighaghllagluni kaataqelghii.

quunpenguq	+?

naken	na-@*@₂~sf–(g₂)k(a)e[the.one.that.possessor.V-ed][V→N][N][Abs][2SgPoss][SgPosd]
naken	na[V][Trns][Ptcp][2Sg][3Sg]
naken	naken
naken	nakete[N][Abs][Unpd][Sg]

piyaaneng	+?

angyaneng	angyagh[N][Abl_Mod][Unpd][Pl]

kaanneghmini	kaate-@₁–negh[the.act.or.activity.of.V-ing][V→N][N][Loc][4SgPoss][PlPosd]
kaanneghmini	kaate-@₁–negh[the.act.or.activity.of.V-ing][V→N][N][Loc][4SgPoss][SgPosd]
kaanneghmini	kaate[V][Intr][Ctmp][4Sg]

neghsaghsighaghllagluni	+?

kaataqelghii	kaate-~(g₁)aqe[to.be.V.ing][to.regularly.or.repeatedly.V][V→V]-@₁–lghii[the.one.that.V-ed][the.one.that.is.V][V→N][N][Abs][Unpd][Sg]

------------------------
Aghnam elngaatall nulighhan nefkughllagaqegkangi ilangi neqangi.

aghnam	aghnagh[N][Rel][Unpd][Sg]

elngaatall	elngaatall

nulighhan	nulighh[N][Rel][3SgPoss][SgPosd]
nulighhan	nulighh[N][Rel][3SgPoss][PlPosd]

nefkughllagaqegkangi	+?

ilangi	ila[N][Abs][3SgPoss][PlPosd]

neqangi	negh[V][Trns][Ptcp][3Sg][3Pl]

------------------------
Amiirii nayugluki, nayugluki neqangi kanaghquutaqluki.

amiirii	amiiragh-~:(ng₁)u[to.be.N][N→V]-~i[SBJ.V-ed.something][V→V]-~i[SBJ.V-ed.something][V→V]-~i[SBJ.V-ed.something][V→V]-~i[SBJ.V-ed.something][V→V]-~i[SBJ.V-ed.something][V→V][V][Intr][Opt][PRS][2Sg]
amiirii	amiiragh-~:(ng₁)u[to.be.N][N→V]-~i[SBJ.V-ed.something][V→V]-~i[SBJ.V-ed.something][V→V]-~i[SBJ.V-ed.something][V→V]-~i[SBJ.V-ed.something][V→V][V][Intr][Opt][PRS][2Sg]
amiirii	amiiragh-~:(ng₁)u[to.be.N][N→V]-~i[SBJ.V-ed.something][V→V]-~i[SBJ.V-ed.something][V→V]-~i[SBJ.V-ed.something][V→V][V][Intr][Opt][PRS][2Sg]
amiirii	amiiragh-~:(ng₁)u[to.be.N][N→V]-~i[SBJ.V-ed.something][V→V]-~i[SBJ.V-ed.something][V→V][V][Intr][Opt][PRS][2Sg]
amiirii	amiiragh-~:(ng₁)u[to.be.N][N→V]-~i[SBJ.V-ed.something][V→V][V][Intr][Opt][PRS][2Sg]
amiirii	amiiragh[N][Abs][3SgPoss][PlPosd]

nayugluki	na-@₁~fyug[to.want.to.V][V→V][V][Trns][Sbrd][_][3Pl]
nayugluki	na-~:(u)te[to.V.for.or.with][to.cause.to.V.as.one.is.V-ing][to.V.toward.each.other][V→V]-@₁~fyug[to.want.to.V][V→V][V][Trns][Sbrd][_][3Pl]
nayugluki	nayug[V][Trns][Sbrd][_][3Pl]

nayugluki	na-@₁~fyug[to.want.to.V][V→V][V][Trns][Sbrd][_][3Pl]
nayugluki	na-~:(u)te[to.V.for.or.with][to.cause.to.V.as.one.is.V-ing][to.V.toward.each.other][V→V]-@₁~fyug[to.want.to.V][V→V][V][Trns][Sbrd][_][3Pl]
nayugluki	nayug[V][Trns][Sbrd][_][3Pl]

neqangi	negh[V][Trns][Ptcp][3Sg][3Pl]

kanaghquutaqluki	kanagh-te[to.act.on.so.as.to.cause.to.V][V→V]-@₁qugh[to.V.completely]-~:(u)te[to.V.for.or.with][to.cause.to.V.as.one.is.V-ing][to.V.toward.each.other][V→V]-~(g₁)aqe[to.be.V.ing][to.regularly.or.repeatedly.V][V→V]-te[to.act.on.so.as.to.cause.to.V][V→V]-te[to.act.on.so.as.to.cause.to.V][V→V]-te[to.act.on.so.as.to.cause.to.V][V→V]-te[to.act.on.so.as.to.cause.to.V][V→V][V][Trns][Sbrd][_][3Pl]
kanaghquutaqluki	kanagh-te[to.act.on.so.as.to.cause.to.V][V→V]-@₁qugh[to.V.completely]-~:(u)te[to.V.for.or.with][to.cause.to.V.as.one.is.V-ing][to.V.toward.each.other][V→V]-~(g₁)aqe[to.be.V.ing][to.regularly.or.repeatedly.V][V→V]-te[to.act.on.so.as.to.cause.to.V][V→V]-te[to.act.on.so.as.to.cause.to.V][V→V]-te[to.act.on.so.as.to.cause.to.V][V→V][V][Trns][Sbrd][_][3Pl]
kanaghquutaqluki	kanagh-te[to.act.on.so.as.to.cause.to.V][V→V]-@₁qugh[to.V.completely]-~:(u)te[to.V.for.or.with][to.cause.to.V.as.one.is.V-ing][to.V.toward.each.other][V→V]-~(g₁)aqe[to.be.V.ing][to.regularly.or.repeatedly.V][V→V]-te[to.act.on.so.as.to.cause.to.V][V→V]-te[to.act.on.so.as.to.cause.to.V][V→V][V][Trns][Sbrd][_][3Pl]
kanaghquutaqluki	kanagh-te[to.act.on.so.as.to.cause.to.V][V→V]-@₁qugh[to.V.completely]-~:(u)te[to.V.for.or.with][to.cause.to.V.as.one.is.V-ing][to.V.toward.each.other][V→V]-~(g₁)aqe[to.be.V.ing][to.regularly.or.repeatedly.V][V→V]-te[to.act.on.so.as.to.cause.to.V][V→V][V][Trns][Sbrd][_][3Pl]
kanaghquutaqluki	kanagh-te[to.act.on.so.as.to.cause.to.V][V→V]-@₁qugh[to.V.completely]-~:(u)te[to.V.for.or.with][to.cause.to.V.as.one.is.V-ing][to.V.toward.each.other][V→V]-~(g₁)aqe[to.be.V.ing][to.regularly.or.repeatedly.V][V→V][V][Trns][Sbrd][_][3Pl]
kanaghquutaqluki	kanagh-@₁qugh[to.V.completely]-~:(u)te[to.V.for.or.with][to.cause.to.V.as.one.is.V-ing][to.V.toward.each.other][V→V]-~(g₁)aqe[to.be.V.ing][to.regularly.or.repeatedly.V][V→V]-te[to.act.on.so.as.to.cause.to.V][V→V]-te[to.act.on.so.as.to.cause.to.V][V→V]-te[to.act.on.so.as.to.cause.to.V][V→V]-te[to.act.on.so.as.to.cause.to.V][V→V][V][Trns][Sbrd][_][3Pl]
kanaghquutaqluki	kanagh-@₁qugh[to.V.completely]-~:(u)te[to.V.for.or.with][to.cause.to.V.as.one.is.V-ing][to.V.toward.each.other][V→V]-~(g₁)aqe[to.be.V.ing][to.regularly.or.repeatedly.V][V→V]-te[to.act.on.so.as.to.cause.to.V][V→V]-te[to.act.on.so.as.to.cause.to.V][V→V]-te[to.act.on.so.as.to.cause.to.V][V→V][V][Trns][Sbrd][_][3Pl]
kanaghquutaqluki	kanagh-@₁qugh[to.V.completely]-~:(u)te[to.V.for.or.with][to.cause.to.V.as.one.is.V-ing][to.V.toward.each.other][V→V]-~(g₁)aqe[to.be.V.ing][to.regularly.or.repeatedly.V][V→V]-te[to.act.on.so.as.to.cause.to.V][V→V]-te[to.act.on.so.as.to.cause.to.V][V→V][V][Trns][Sbrd][_][3Pl]
kanaghquutaqluki	kanagh-@₁qugh[to.V.completely]-~:(u)te[to.V.for.or.with][to.cause.to.V.as.one.is.V-ing][to.V.toward.each.other][V→V]-~(g₁)aqe[to.be.V.ing][to.regularly.or.repeatedly.V][V→V]-te[to.act.on.so.as.to.cause.to.V][V→V][V][Trns][Sbrd][_][3Pl]
kanaghquutaqluki	kanagh-@₁qugh[to.V.completely]-~:(u)te[to.V.for.or.with][to.cause.to.V.as.one.is.V-ing][to.V.toward.each.other][V→V]-~(g₁)aqe[to.be.V.ing][to.regularly.or.repeatedly.V][V→V][V][Trns][Sbrd][_][3Pl]
kanaghquutaqluki	kanaghte-@₁qugh[to.V.completely]-~:(u)te[to.V.for.or.with][to.cause.to.V.as.one.is.V-ing][to.V.toward.each.other][V→V]-~(g₁)aqe[to.be.V.ing][to.regularly.or.repeatedly.V][V→V]-te[to.act.on.so.as.to.cause.to.V][V→V]-te[to.act.on.so.as.to.cause.to.V][V→V]-te[to.act.on.so.as.to.cause.to.V][V→V]-te[to.act.on.so.as.to.cause.to.V][V→V][V][Trns][Sbrd][_][3Pl]
kanaghquutaqluki	kanaghte-@₁qugh[to.V.completely]-~:(u)te[to.V.for.or.with][to.cause.to.V.as.one.is.V-ing][to.V.toward.each.other][V→V]-~(g₁)aqe[to.be.V.ing][to.regularly.or.repeatedly.V][V→V]-te[to.act.on.so.as.to.cause.to.V][V→V]-te[to.act.on.so.as.to.cause.to.V][V→V]-te[to.act.on.so.as.to.cause.to.V][V→V][V][Trns][Sbrd][_][3Pl]
kanaghquutaqluki	kanaghte-@₁qugh[to.V.completely]-~:(u)te[to.V.for.or.with][to.cause.to.V.as.one.is.V-ing][to.V.toward.each.other][V→V]-~(g₁)aqe[to.be.V.ing][to.regularly.or.repeatedly.V][V→V]-te[to.act.on.so.as.to.cause.to.V][V→V]-te[to.act.on.so.as.to.cause.to.V][V→V][V][Trns][Sbrd][_][3Pl]
kanaghquutaqluki	kanaghte-@₁qugh[to.V.completely]-~:(u)te[to.V.for.or.with][to.cause.to.V.as.one.is.V-ing][to.V.toward.each.other][V→V]-~(g₁)aqe[to.be.V.ing][to.regularly.or.repeatedly.V][V→V]-te[to.act.on.so.as.to.cause.to.V][V→V][V][Trns][Sbrd][_][3Pl]
kanaghquutaqluki	kanaghte-@₁qugh[to.V.completely]-~:(u)te[to.V.for.or.with][to.cause.to.V.as.one.is.V-ing][to.V.toward.each.other][V→V]-~(g₁)aqe[to.be.V.ing][to.regularly.or.repeatedly.V][V→V][V][Trns][Sbrd][_][3Pl]

------------------------


------------------------
Tagtalmi taagken yuuk neqennanighyalghiimi, neqmeng  kaatunnanighyalghiimi, ima neqengllaghllakaa taana nefkughllak avangiitaa neqangiituk, yuuk neqengyiighusalghiimi.

tagtalmi	tagtale[N][Loc][Unpd][Sg]
tagtalmi	tagtale[N][Rel][4SgPoss][PlPosd]
tagtalmi	tagtale[N][Rel][4SgPoss][SgPosd]
tagtalmi	tagtalmi

taagken	taagken

yuuk	yug[N][Abs][Sg]

neqennanighyalghiimi	+?

neqmeng	neqe[N][Abl_Mod][Unpd][Sg]
neqmeng	neqe[N][Rel][4DuPoss][PlPosd]
neqmeng	neqe[N][Rel][4DuPoss][SgPosd]
neqmeng	neqe[N][Rel][4PlPoss][PlPosd]
neqmeng	neqe[N][Rel][4PlPoss][SgPosd]

kaatunnanighyalghiimi	kaate-~:(u)te[to.V.for.or.with][to.cause.to.V.as.one.is.V-ing][to.V.toward.each.other][V→V]-te[to.act.on.so.as.to.cause.to.V][V→V]-@₁~fnanigh[to.cease.V-ing][to.stop.V-ing]-@₁~fyagh[to.go.V-ing][to.V.in.vain][V→V]-@₁–lghii[the.one.that.V-ed][the.one.that.is.V][V→N][N][Loc][Unpd][Sg]
kaatunnanighyalghiimi	kaate-~:(u)te[to.V.for.or.with][to.cause.to.V.as.one.is.V-ing][to.V.toward.each.other][V→V]-te[to.act.on.so.as.to.cause.to.V][V→V]-@₁~fnanigh[to.cease.V-ing][to.stop.V-ing]-@₁~fyagh[to.go.V-ing][to.V.in.vain][V→V]-@₁–lghii[the.one.that.V-ed][the.one.that.is.V][V→N][N][Rel][4SgPoss][PlPosd]
kaatunnanighyalghiimi	kaate-~:(u)te[to.V.for.or.with][to.cause.to.V.as.one.is.V-ing][to.V.toward.each.other][V→V]-te[to.act.on.so.as.to.cause.to.V][V→V]-@₁~fnanigh[to.cease.V-ing][to.stop.V-ing]-@₁~fyagh[to.go.V-ing][to.V.in.vain][V→V]-@₁–lghii[the.one.that.V-ed][the.one.that.is.V][V→N][N][Rel][4SgPoss][SgPosd]
kaatunnanighyalghiimi	kaate-~:(u)te[to.V.for.or.with][to.cause.to.V.as.one.is.V-ing][to.V.toward.each.other][V→V]-te[to.act.on.so.as.to.cause.to.V][V→V]-@₁~fnanigh[to.cease.V-ing][to.stop.V-ing][V][Intr][Ptcp_Obl][4Sg]
kaatunnanighyalghiimi	kaate-~:(u)te[to.V.for.or.with][to.cause.to.V.as.one.is.V-ing][to.V.toward.each.other][V→V]-@₁~fnanigh[to.cease.V-ing][to.stop.V-ing]-@₁~fyagh[to.go.V-ing][to.V.in.vain][V→V]-@₁–lghii[the.one.that.V-ed][the.one.that.is.V][V→N][N][Loc][Unpd][Sg]
kaatunnanighyalghiimi	kaate-~:(u)te[to.V.for.or.with][to.cause.to.V.as.one.is.V-ing][to.V.toward.each.other][V→V]-@₁~fnanigh[to.cease.V-ing][to.stop.V-ing]-@₁~fyagh[to.go.V-ing][to.V.in.vain][V→V]-@₁–lghii[the.one.that.V-ed][the.one.that.is.V][V→N][N][Rel][4SgPoss][PlPosd]
kaatunnanighyalghiimi	kaate-~:(u)te[to.V.for.or.with][to.cause.to.V.as.one.is.V-ing][to.V.toward.each.other][V→V]-@₁~fnanigh[to.cease.V-ing][to.stop.V-ing]-@₁~fyagh[to.go.V-ing][to.V.in.vain][V→V]-@₁–lghii[the.one.that.V-ed][the.one.that.is.V][V→N][N][Rel][4SgPoss][SgPosd]
kaatunnanighyalghiimi	kaate-~:(u)te[to.V.for.or.with][to.cause.to.V.as.one.is.V-ing][to.V.toward.each.other][V→V]-@₁~fnanigh[to.cease.V-ing][to.stop.V-ing][V][Intr][Ptcp_Obl][4Sg]
kaatunnanighyalghiimi	kaate-~:(u)te[condition.with.respect.to.V-ing][V→N]-te[to.catch.N][to.go.to.N][N→V]-@₁~fnanigh[to.cease.V-ing][to.stop.V-ing]-@₁~fyagh[to.go.V-ing][to.V.in.vain][V→V]-@₁–lghii[the.one.that.V-ed][the.one.that.is.V][V→N][N][Loc][Unpd][Sg]
kaatunnanighyalghiimi	kaate-~:(u)te[condition.with.respect.to.V-ing][V→N]-te[to.catch.N][to.go.to.N][N→V]-@₁~fnanigh[to.cease.V-ing][to.stop.V-ing]-@₁~fyagh[to.go.V-ing][to.V.in.vain][V→V]-@₁–lghii[the.one.that.V-ed][the.one.that.is.V][V→N][N][Rel][4SgPoss][PlPosd]
kaatunnanighyalghiimi	kaate-~:(u)te[condition.with.respect.to.V-ing][V→N]-te[to.catch.N][to.go.to.N][N→V]-@₁~fnanigh[to.cease.V-ing][to.stop.V-ing]-@₁~fyagh[to.go.V-ing][to.V.in.vain][V→V]-@₁–lghii[the.one.that.V-ed][the.one.that.is.V][V→N][N][Rel][4SgPoss][SgPosd]
kaatunnanighyalghiimi	kaate-~:(u)te[condition.with.respect.to.V-ing][V→N]-te[to.catch.N][to.go.to.N][N→V]-@₁~fnanigh[to.cease.V-ing][to.stop.V-ing][V][Intr][Ptcp_Obl][4Sg]
kaatunnanighyalghiimi	kaate-~:(u)te[SBJ.V-ed.something][V→V]-te[to.act.on.so.as.to.cause.to.V][V→V]-@₁~fnanigh[to.cease.V-ing][to.stop.V-ing]-@₁~fyagh[to.go.V-ing][to.V.in.vain][V→V]-@₁–lghii[the.one.that.V-ed][the.one.that.is.V][V→N][N][Loc][Unpd][Sg]
kaatunnanighyalghiimi	kaate-~:(u)te[SBJ.V-ed.something][V→V]-te[to.act.on.so.as.to.cause.to.V][V→V]-@₁~fnanigh[to.cease.V-ing][to.stop.V-ing]-@₁~fyagh[to.go.V-ing][to.V.in.vain][V→V]-@₁–lghii[the.one.that.V-ed][the.one.that.is.V][V→N][N][Rel][4SgPoss][PlPosd]
kaatunnanighyalghiimi	kaate-~:(u)te[SBJ.V-ed.something][V→V]-te[to.act.on.so.as.to.cause.to.V][V→V]-@₁~fnanigh[to.cease.V-ing][to.stop.V-ing]-@₁~fyagh[to.go.V-ing][to.V.in.vain][V→V]-@₁–lghii[the.one.that.V-ed][the.one.that.is.V][V→N][N][Rel][4SgPoss][SgPosd]
kaatunnanighyalghiimi	kaate-~:(u)te[SBJ.V-ed.something][V→V]-te[to.act.on.so.as.to.cause.to.V][V→V]-@₁~fnanigh[to.cease.V-ing][to.stop.V-ing][V][Intr][Ptcp_Obl][4Sg]
kaatunnanighyalghiimi	kaate-~:(u)te[SBJ.V-ed.something][V→V]-@₁~fnanigh[to.cease.V-ing][to.stop.V-ing]-@₁~fyagh[to.go.V-ing][to.V.in.vain][V→V]-@₁–lghii[the.one.that.V-ed][the.one.that.is.V][V→N][N][Loc][Unpd][Sg]
kaatunnanighyalghiimi	kaate-~:(u)te[SBJ.V-ed.something][V→V]-@₁~fnanigh[to.cease.V-ing][to.stop.V-ing]-@₁~fyagh[to.go.V-ing][to.V.in.vain][V→V]-@₁–lghii[the.one.that.V-ed][the.one.that.is.V][V→N][N][Rel][4SgPoss][PlPosd]
kaatunnanighyalghiimi	kaate-~:(u)te[SBJ.V-ed.something][V→V]-@₁~fnanigh[to.cease.V-ing][to.stop.V-ing]-@₁~fyagh[to.go.V-ing][to.V.in.vain][V→V]-@₁–lghii[the.one.that.V-ed][the.one.that.is.V][V→N][N][Rel][4SgPoss][SgPosd]
kaatunnanighyalghiimi	kaate-~:(u)te[SBJ.V-ed.something][V→V]-@₁~fnanigh[to.cease.V-ing][to.stop.V-ing][V][Intr][Ptcp_Obl][4Sg]

ima	ima
ima	ima[V][Intr][Opt][PRS][2Sg]

neqengllaghllakaa	+?

taana	taane[V][Intr][Intrg][3Sg]
taana	taana

nefkughllak	nefku-–ghllag[big.N][N→N][N][Abs][Unpd][Sg]
nefkughllak	nefku-–ghllak[big.N][AUG]

avangiitaa	+?

neqangiituk	+?

yuuk	yug[N][Abs][Sg]

neqengyiighusalghiimi	+?

------------------------
 

------------------------
Neqengnanighyan aghnaq sumeghtaghaghtuq, "Upuupeng nunivagseghaghhaghmeng piyaquma entaqun neghnayaghtukung ighivgaqun." 

neqengnanighyan	+?

aghnaq	aghnagh[N][Abs][Unpd][Sg]

sumeghtaghaghtuq	sumeghtaghagh[V][Intr][Ind][3Sg]
sumeghtaghaghtuq	sumeghtaghagh-te[to.act.on.so.as.to.cause.to.V][V→V][V][Intr][Ind][3Sg]

upuupeng	+?

nunivagseghaghhaghmeng	nunivagseghagh-–ghhagh*[dear.N][N→N][N][Abl_Mod][Unpd][Sg]
nunivagseghaghhaghmeng	nunivagseghagh-–ghhagh*[dear.N][N→N][N][Rel][4DuPoss][PlPosd]
nunivagseghaghhaghmeng	nunivagseghagh-–ghhagh*[dear.N][N→N][N][Rel][4DuPoss][SgPosd]
nunivagseghaghhaghmeng	nunivagseghagh-–ghhagh*[dear.N][N→N][N][Rel][4PlPoss][PlPosd]
nunivagseghaghhaghmeng	nunivagseghagh-–ghhagh*[dear.N][N→N][N][Rel][4PlPoss][SgPosd]

piyaquma	pi-@₁~fyagh[to.go.V-ing][to.V.in.vain][V→V][V][Intr][Cond][1Sg]
piyaquma	pi-~:(u)te[to.V.for.or.with][to.cause.to.V.as.one.is.V-ing][to.V.toward.each.other][V→V]-@₁~fyagh[to.go.V-ing][to.V.in.vain][V→V][V][Intr][Cond][1Sg]
piyaquma	pi-~:(u)te[SBJ.V-ed.something][V→V]-@₁~fyagh[to.go.V-ing][to.V.in.vain][V→V][V][Intr][Cond][1Sg]

entaqun	entaqun

neghnayaghtukung	negh-@₁~fna[in.order.to.V][intending.to.V][V→V]-@₁~fyagh[to.go.V-ing][to.V.in.vain][V→V][V][Intr][Ind][1Du]
neghnayaghtukung	negh-@₁~fna[in.order.to.V][intending.to.V][V→V]-@₁~fyagh[to.go.V-ing][to.V.in.vain][V→V]-te[to.act.on.so.as.to.cause.to.V][V→V][V][Intr][Ind][1Du]
neghnayaghtukung	negh-@₁~fna[in.order.to.V][intending.to.V][V→V]-~:(u)te[to.V.for.or.with][to.cause.to.V.as.one.is.V-ing][to.V.toward.each.other][V→V]-@₁~fyagh[to.go.V-ing][to.V.in.vain][V→V][V][Intr][Ind][1Du]
neghnayaghtukung	negh-@₁~fna[in.order.to.V][intending.to.V][V→V]-~:(u)te[to.V.for.or.with][to.cause.to.V.as.one.is.V-ing][to.V.toward.each.other][V→V]-@₁~fyagh[to.go.V-ing][to.V.in.vain][V→V]-te[to.act.on.so.as.to.cause.to.V][V→V][V][Intr][Ind][1Du]
neghnayaghtukung	negh-@₁~fna[in.order.to.V][intending.to.V][V→V]-~:(u)te[SBJ.V-ed.something][V→V]-@₁~fyagh[to.go.V-ing][to.V.in.vain][V→V][V][Intr][Ind][1Du]
neghnayaghtukung	negh-@₁~fna[in.order.to.V][intending.to.V][V→V]-~:(u)te[SBJ.V-ed.something][V→V]-@₁~fyagh[to.go.V-ing][to.V.in.vain][V→V]-te[to.act.on.so.as.to.cause.to.V][V→V][V][Intr][Ind][1Du]
neghnayaghtukung	neghe-@₁~fna[in.order.to.V][intending.to.V][V→V]-@₁~fyagh[to.go.V-ing][to.V.in.vain][V→V][V][Intr][Ind][1Du]
neghnayaghtukung	neghe-@₁~fna[in.order.to.V][intending.to.V][V→V]-@₁~fyagh[to.go.V-ing][to.V.in.vain][V→V]-te[to.act.on.so.as.to.cause.to.V][V→V][V][Intr][Ind][1Du]
neghnayaghtukung	neghe-@₁~fna[in.order.to.V][intending.to.V][V→V]-~:(u)te[to.V.for.or.with][to.cause.to.V.as.one.is.V-ing][to.V.toward.each.other][V→V]-@₁~fyagh[to.go.V-ing][to.V.in.vain][V→V][V][Intr][Ind][1Du]
neghnayaghtukung	neghe-@₁~fna[in.order.to.V][intending.to.V][V→V]-~:(u)te[to.V.for.or.with][to.cause.to.V.as.one.is.V-ing][to.V.toward.each.other][V→V]-@₁~fyagh[to.go.V-ing][to.V.in.vain][V→V]-te[to.act.on.so.as.to.cause.to.V][V→V][V][Intr][Ind][1Du]
neghnayaghtukung	neghe-@₁~fna[in.order.to.V][intending.to.V][V→V]-~:(u)te[SBJ.V-ed.something][V→V]-@₁~fyagh[to.go.V-ing][to.V.in.vain][V→V][V][Intr][Ind][1Du]
neghnayaghtukung	neghe-@₁~fna[in.order.to.V][intending.to.V][V→V]-~:(u)te[SBJ.V-ed.something][V→V]-@₁~fyagh[to.go.V-ing][to.V.in.vain][V→V]-te[to.act.on.so.as.to.cause.to.V][V→V][V][Intr][Ind][1Du]

ighivgaqun	ighivgaqun
ighivgaqun	ighivgaqute[N][Abs][Unpd][Sg]

------------------------


------------------------
Pennanun nunivagyaghyalghiimi, tawaten saghnamaluku, ugwinganguq uka kalefqaghteghllagluni qayaghhaa taglaghyalghiimi.

pennanun	pennagh[N][Ter][Unpd][Pl]

nunivagyaghyalghiimi	+?

tawaten	tawaten

saghnamaluku	saghna-@₁~:(i/u)ma[to.have.V-ed][to.have.been.V-ed][V→V]-~:(u)te[to.V.for.or.with][to.cause.to.V.as.one.is.V-ing][to.V.toward.each.other][V→V][V][Trns][Sbrd][_][3Sg]
saghnamaluku	saghna-@₁~:(i/u)ma[to.have.V-ed][to.have.been.V-ed][V→V][V][Trns][Sbrd][_][3Sg]

ugwinganguq	+?

uka	uka
uka	uka[N][Abs][Unpd][Sg]

kalefqaghteghllagluni	+?

qayaghhaa	qaya-–ghhagh*[dear.N][N→N]-~:(ng₁)u[to.be.N][N→V][V][Intr][Opt][PRS][2Sg]
qayaghhaa	qaya-–ghhagh*[dear.N][N→N][N][Abs][3SgPoss][SgPosd]
qayaghhaa	qayagh-–ghhagh*[dear.N][N→N]-~:(ng₁)u[to.be.N][N→V][V][Intr][Opt][PRS][2Sg]
qayaghhaa	qayagh-–ghhagh*[dear.N][N→N][N][Abs][3SgPoss][SgPosd]

taglaghyalghiimi	taglagh-@₁~fyagh[to.go.V-ing][to.V.in.vain][V→V]-@₁–lghii[the.one.that.V-ed][the.one.that.is.V][V→N][N][Loc][Unpd][Sg]
taglaghyalghiimi	taglagh-@₁~fyagh[to.go.V-ing][to.V.in.vain][V→V]-@₁–lghii[the.one.that.V-ed][the.one.that.is.V][V→N][N][Rel][4SgPoss][PlPosd]
taglaghyalghiimi	taglagh-@₁~fyagh[to.go.V-ing][to.V.in.vain][V→V]-@₁–lghii[the.one.that.V-ed][the.one.that.is.V][V→N][N][Rel][4SgPoss][SgPosd]
taglaghyalghiimi	taglagh[V][Intr][Ptcp_Obl][4Sg]

------------------------


------------------------
Kii samanguq usingighyalghiimi neqeghllak ugwingan qaakumakanga.

kii	kii
kii	kii[N][Abs][Unpd][Sg]

samanguq	sa-@₁~:(i/u)ma[to.have.V-ed][to.have.been.V-ed][V→V]-@*ngugh*[the.one.that.V-ed][the.one.that.is.V][V→N][N][Abs][Unpd][Sg]
samanguq	sa[N][Rel][1SgPoss][SgPosd]-nguq[Encl]
samanguq	sa[N][Rel][1SgPoss][PlPosd]-nguq[Encl]

usingighyalghiimi	usingigh-@₁~fyagh[to.go.V-ing][to.V.in.vain][V→V]-@₁–lghii[the.one.that.V-ed][the.one.that.is.V][V→N][N][Loc][Unpd][Sg]
usingighyalghiimi	usingigh-@₁~fyagh[to.go.V-ing][to.V.in.vain][V→V]-@₁–lghii[the.one.that.V-ed][the.one.that.is.V][V→N][N][Rel][4SgPoss][PlPosd]
usingighyalghiimi	usingigh-@₁~fyagh[to.go.V-ing][to.V.in.vain][V→V]-@₁–lghii[the.one.that.V-ed][the.one.that.is.V][V→N][N][Rel][4SgPoss][SgPosd]
usingighyalghiimi	usingigh[V][Intr][Ptcp_Obl][4Sg]

neqeghllak	neqe-–ghllag[big.N][N→N][N][Abs][Unpd][Sg]

ugwingan	+?

qaakumakanga	qaa-~–ke[to.have.as.one's.N(s)][N→V]-@₁~:(i/u)ma[to.have.V-ed][to.have.been.V-ed][V→V]-@*@₂~sf–(g₂)k(a)e[the.one.that.possessor.V-ed][V→N][N][Abs][3SgPoss][SgPosd]
qaakumakanga	qaake-@₁~:(i/u)ma[to.have.V-ed][to.have.been.V-ed][V→V]-@*@₂~sf–(g₂)k(a)e[the.one.that.possessor.V-ed][V→N][N][Abs][3SgPoss][SgPosd]
qaakumakanga	qaake-@₁~:(i/u)ma[to.have.V-ed][to.have.been.V-ed][V→V][V][Trns][Ptcp][3Sg][3Sg]
qaakumakanga	qaake-@₁~:(i/u)ma[to.have.V-ed][to.have.been.V-ed][V→V][V][Trns][Cond][3Sg][1Sg]

------------------------
Naken'nguq pennam saaynganeng taakwegken aghnaq aanluni kayusiilluku imanguq aga iteghaatuk pennam saaynganun, uyghagem asinganun, amiganun tawavek iteghaallutek aganguq uumgutuk.

nakennguq	+?

pennam	pennagh[N][Rel][Unpd][Sg]

saaynganeng	saye[N][Abl_Mod][3SgPoss][SgPosd]
saaynganeng	saye[N][Abl_Mod][3SgPoss][PlPosd]

taakwegken	+?

aghnaq	aghnagh[N][Abs][Unpd][Sg]

aanluni	aane[V][Intr][Sbrd][3Sg]
aanluni	aante[V][Intr][Sbrd][3Sg]

kayusiilluku	kayusiite[V][Trns][Sbrd][_][3Sg]
kayusiilluku	kayusigh-~:(u)te[to.V.for.or.with][to.cause.to.V.as.one.is.V-ing][to.V.toward.each.other][V→V]-te[to.act.on.so.as.to.cause.to.V][V→V][V][Trns][Sbrd][_][3Sg]
kayusiilluku	kayusigh-~:(u)te[to.V.for.or.with][to.cause.to.V.as.one.is.V-ing][to.V.toward.each.other][V→V][V][Trns][Sbrd][_][3Sg]

imanguq	imange[V][Intr][Ind][3Sg]

aga	aga

iteghaatuk	+?

pennam	pennagh[N][Rel][Unpd][Sg]

saaynganun	saye[N][Ter][3SgPoss][SgPosd]
saaynganun	saye[N][Ter][3SgPoss][PlPosd]

uyghagem	uyghag[N][Rel][Unpd][Sg]

asinganun	asi[N][Ter][3SgPoss][SgPosd]
asinganun	asi[N][Ter][3SgPoss][PlPosd]

amiganun	amig[N][Ter][3SgPoss][SgPosd]
amiganun	amig[N][Ter][3SgPoss][PlPosd]

tawavek	+?

iteghaallutek	+?

aganguq	+?

uumgutuk	umeg-~:(ng₁)u[to.be.N][N→V]-~:(u)te[to.V.for.or.with][to.cause.to.V.as.one.is.V-ing][to.V.toward.each.other][V→V][V][Intr][Ind][3Du]
uumgutuk	umeg-~:(ng₁)u[to.be.N][N→V]-~:(u)te[SBJ.V-ed.something][V→V][V][Intr][Ind][3Du]
uumgutuk	umeg-~:(ng₁)u[to.be.N][N→V]-te[to.act.on.so.as.to.cause.to.V][V→V][V][Intr][Ind][3Du]
uumgutuk	umeg-~:(u)te[to.V.for.or.with][to.cause.to.V.as.one.is.V-ing][to.V.toward.each.other][V→V][V][Intr][Ind][3Du]
uumgutuk	umeg-~:(u)te[SBJ.V-ed.something][V→V][V][Intr][Ind][3Du]

------------------------


------------------------
Aghnaq sumeghtaghaghtuq, "Ugwika taameng neqengyiighullii, aghnameng naalkusimalghii pennam saayngani whaa." Aglaamalghii nunivagtegpenani.

aghnaq	aghnagh[N][Abs][Unpd][Sg]

sumeghtaghaghtuq	sumeghtaghagh[V][Intr][Ind][3Sg]
sumeghtaghaghtuq	sumeghtaghagh-te[to.act.on.so.as.to.cause.to.V][V→V][V][Intr][Ind][3Sg]

ugwika	+?

taameng	taameng

neqengyiighullii	+?

aghnameng	aghnagh[N][Abl_Mod][Unpd][Sg]
aghnameng	aghnagh[N][Rel][4DuPoss][PlPosd]
aghnameng	aghnagh[N][Rel][4DuPoss][SgPosd]
aghnameng	aghnagh[N][Rel][4PlPoss][PlPosd]
aghnameng	aghnagh[N][Rel][4PlPoss][SgPosd]

naalkusimalghii	Nalle-~–ke[to.have.as.one's.N(s)][N→V]-~:(u)te[to.V.for.or.with][to.cause.to.V.as.one.is.V-ing][to.V.toward.each.other][V→V]-@₁~:(i/u)ma[to.have.V-ed][to.have.been.V-ed][V→V]-@₁–lghii[the.one.that.V-ed][the.one.that.is.V][V→N][N][Abs][Unpd][Sg]
naalkusimalghii	Nalle-~–ke[to.have.as.one's.N(s)][N→V]-~:(u)te[SBJ.V-ed.something][V→V]-@₁~:(i/u)ma[to.have.V-ed][to.have.been.V-ed][V→V]-@₁–lghii[the.one.that.V-ed][the.one.that.is.V][V→N][N][Abs][Unpd][Sg]
naalkusimalghii	naa-–leg[one.having.N][N→N]-~–ke[to.have.as.one's.N(s)][N→V]-~:(u)te[to.V.for.or.with][to.cause.to.V.as.one.is.V-ing][to.V.toward.each.other][V→V]-@₁~:(i/u)ma[to.have.V-ed][to.have.been.V-ed][V→V]-@₁–lghii[the.one.that.V-ed][the.one.that.is.V][V→N][N][Abs][Unpd][Sg]
naalkusimalghii	naa-–leg[one.having.N][N→N]-~–ke[to.have.as.one's.N(s)][N→V]-~:(u)te[SBJ.V-ed.something][V→V]-@₁~:(i/u)ma[to.have.V-ed][to.have.been.V-ed][V→V]-@₁–lghii[the.one.that.V-ed][the.one.that.is.V][V→N][N][Abs][Unpd][Sg]
naalkusimalghii	naalke-~:(u)te[to.V.for.or.with][to.cause.to.V.as.one.is.V-ing][to.V.toward.each.other][V→V]-@₁~:(i/u)ma[to.have.V-ed][to.have.been.V-ed][V→V]-@₁–lghii[the.one.that.V-ed][the.one.that.is.V][V→N][N][Abs][Unpd][Sg]
naalkusimalghii	naalke-~:(u)te[SBJ.V-ed.something][V→V]-@₁~:(i/u)ma[to.have.V-ed][to.have.been.V-ed][V→V]-@₁–lghii[the.one.that.V-ed][the.one.that.is.V][V→N][N][Abs][Unpd][Sg]
naalkusimalghii	naalkute-@₁~:(i/u)ma[to.have.V-ed][to.have.been.V-ed][V→V]-@₁–lghii[the.one.that.V-ed][the.one.that.is.V][V→N][N][Abs][Unpd][Sg]
naalkusimalghii	nalle-~–ke[to.have.as.one's.N(s)][N→V]-~:(u)te[to.V.for.or.with][to.cause.to.V.as.one.is.V-ing][to.V.toward.each.other][V→V]-@₁~:(i/u)ma[to.have.V-ed][to.have.been.V-ed][V→V]-@₁–lghii[the.one.that.V-ed][the.one.that.is.V][V→N][N][Abs][Unpd][Sg]
naalkusimalghii	nalle-~–ke[to.have.as.one's.N(s)][N→V]-~:(u)te[SBJ.V-ed.something][V→V]-@₁~:(i/u)ma[to.have.V-ed][to.have.been.V-ed][V→V]-@₁–lghii[the.one.that.V-ed][the.one.that.is.V][V→N][N][Abs][Unpd][Sg]

pennam	pennagh[N][Rel][Unpd][Sg]

saayngani	saye[N][Loc][3SgPoss][SgPosd]
saayngani	saye[N][Loc][3SgPoss][PlPosd]

whaa	whaa
whaa	whaa[N][Abs][Unpd][Sg]

aglaamalghii	aglagh-@₁~:(i/u)ma[to.have.V-ed][to.have.been.V-ed][V→V]-@₁–lghii[the.one.that.V-ed][the.one.that.is.V][V→N][N][Abs][Unpd][Sg]

nunivagtegpenani	nunivag-te[to.catch.N][to.go.to.N][N→V]-@₁–nghite**[to.not.V][V→V][V][Intr][Sbrd][3Sg]

------------------------


------------------------
Kaasan ugwini pemakanga, "Sangavek neqengyiighusin?" 

kaasan	kaate[V][Intr][CnsqI][3Sg]

ugwini	+?

pemakanga	+?

sangavek	sa[V][Intr][CnsqI][2Sg]

neqengyiighusin	+?

------------------------


------------------------
"Esgha sangama neqengyiighuskanganga." 

esgha	esgha

sangama	sa[V][Intr][CnsqI][1Sg]
sangama	sangagh[N][Rel][1SgPoss][SgPosd]
sangama	sangagh[N][Rel][1SgPoss][PlPosd]

neqengyiighuskanganga	+?

------------------------


------------------------
Taagken aghnaq quunpeng aghhutanga tamaghhaan pennam saaynganun pighllagughtuq.

taagken	taagken

aghnaq	aghnagh[N][Abs][Unpd][Sg]

quunpeng	quunpeng

aghhutanga	+?

tamaghhaan	tamaghhaate[N][Abs][Unpd][Sg]
tamaghhaan	tamaghhagh-~:(ng₁)u[to.be.N][N→V]-~:(u)te[condition.with.respect.to.V-ing][V→N][N][Abs][Unpd][Sg]
tamaghhaan	tamaghhagh[N][Rel][3SgPoss][SgPosd]
tamaghhaan	tamaghhagh[N][Rel][3SgPoss][PlPosd]
tamaghhaan	tamaghhagh*[Quant_Qual][3Sg]

pennam	pennagh[N][Rel][Unpd][Sg]

saaynganun	saye[N][Ter][3SgPoss][SgPosd]
saaynganun	saye[N][Ter][3SgPoss][PlPosd]

pighllagughtuq	+?

------------------------
Ugwini aghulaqenghani ellngallu aghulaqaqlluni.

ugwini	+?

aghulaqenghani	+?

ellngallu	ellnga[N][Abs][Unpd][Sg]-llu[Encl]

aghulaqaqlluni	+?

------------------------


------------------------
Allamenguq piyalghiimi ataasimeng aghneghmi, aghnaghnguq taawa pennam saayngani aqumgaaqeftuq, iwhani pellugtughaqeftuq elngaatall aliineghllugllagmi.

allamenguq	+?

piyalghiimi	pi-@₁~fyagh[to.go.V-ing][to.V.in.vain][V→V]-@₁–lghii[the.one.that.V-ed][the.one.that.is.V][V→N][N][Loc][Unpd][Sg]
piyalghiimi	pi-@₁~fyagh[to.go.V-ing][to.V.in.vain][V→V]-@₁–lghii[the.one.that.V-ed][the.one.that.is.V][V→N][N][Rel][4SgPoss][PlPosd]
piyalghiimi	pi-@₁~fyagh[to.go.V-ing][to.V.in.vain][V→V]-@₁–lghii[the.one.that.V-ed][the.one.that.is.V][V→N][N][Rel][4SgPoss][SgPosd]
piyalghiimi	pi-~:(u)te[to.V.for.or.with][to.cause.to.V.as.one.is.V-ing][to.V.toward.each.other][V→V]-@₁~fyagh[to.go.V-ing][to.V.in.vain][V→V]-@₁–lghii[the.one.that.V-ed][the.one.that.is.V][V→N][N][Loc][Unpd][Sg]
piyalghiimi	pi-~:(u)te[to.V.for.or.with][to.cause.to.V.as.one.is.V-ing][to.V.toward.each.other][V→V]-@₁~fyagh[to.go.V-ing][to.V.in.vain][V→V]-@₁–lghii[the.one.that.V-ed][the.one.that.is.V][V→N][N][Rel][4SgPoss][PlPosd]
piyalghiimi	pi-~:(u)te[to.V.for.or.with][to.cause.to.V.as.one.is.V-ing][to.V.toward.each.other][V→V]-@₁~fyagh[to.go.V-ing][to.V.in.vain][V→V]-@₁–lghii[the.one.that.V-ed][the.one.that.is.V][V→N][N][Rel][4SgPoss][SgPosd]
piyalghiimi	pi-~:(u)te[to.V.for.or.with][to.cause.to.V.as.one.is.V-ing][to.V.toward.each.other][V→V][V][Intr][Ptcp_Obl][4Sg]
piyalghiimi	pi-~:(u)te[SBJ.V-ed.something][V→V]-@₁~fyagh[to.go.V-ing][to.V.in.vain][V→V]-@₁–lghii[the.one.that.V-ed][the.one.that.is.V][V→N][N][Loc][Unpd][Sg]
piyalghiimi	pi-~:(u)te[SBJ.V-ed.something][V→V]-@₁~fyagh[to.go.V-ing][to.V.in.vain][V→V]-@₁–lghii[the.one.that.V-ed][the.one.that.is.V][V→N][N][Rel][4SgPoss][PlPosd]
piyalghiimi	pi-~:(u)te[SBJ.V-ed.something][V→V]-@₁~fyagh[to.go.V-ing][to.V.in.vain][V→V]-@₁–lghii[the.one.that.V-ed][the.one.that.is.V][V→N][N][Rel][4SgPoss][SgPosd]
piyalghiimi	pi-~:(u)te[SBJ.V-ed.something][V→V][V][Intr][Ptcp_Obl][4Sg]
piyalghiimi	pi[V][Intr][Ptcp_Obl][4Sg]

ataasimeng	ataasigh[N][Abl_Mod][Unpd][Sg]
ataasimeng	ataasigh[N][Rel][4DuPoss][PlPosd]
ataasimeng	ataasigh[N][Rel][4DuPoss][SgPosd]
ataasimeng	ataasigh[N][Rel][4PlPoss][PlPosd]
ataasimeng	ataasigh[N][Rel][4PlPoss][SgPosd]

aghneghmi	aghnegh[N][Loc][Unpd][Sg]
aghneghmi	aghnegh[N][Rel][4SgPoss][PlPosd]
aghneghmi	aghnegh[N][Rel][4SgPoss][SgPosd]
aghneghmi	aghneghmi
aghneghmi	aghneghmi[V][Intr][Opt][PRS][2Sg]
aghneghmi	Aghnegh[N][Loc][Unpd][Sg]
aghneghmi	Aghnegh[N][Rel][4SgPoss][PlPosd]
aghneghmi	Aghnegh[N][Rel][4SgPoss][SgPosd]

aghnaghnguq	+?

taawa	taawa

pennam	pennagh[N][Rel][Unpd][Sg]

saayngani	saye[N][Loc][3SgPoss][SgPosd]
saayngani	saye[N][Loc][3SgPoss][PlPosd]

aqumgaaqeftuq	aqumga-~(g₁)aqe[to.be.V.ing][to.regularly.or.repeatedly.V][V→V]-(pete)fte[to.evidently.V][to.have.V-ed][V→V][V][Intr][Ind][3Sg]

iwhani	iwhani
iwhani	iwhani[V][Intr][Opt][PRS][2Sg]

pellugtughaqeftuq	pellug-tugh[to.eat.N][to.use.N][N→V]-~(g₁)aqe[to.be.V.ing][to.regularly.or.repeatedly.V][V→V]-(pete)fte[to.evidently.V][to.have.V-ed][V→V][V][Intr][Ind][3Sg]

elngaatall	elngaatall

aliineghllugllagmi	aliineghllug-–ghllag[big.N][N→N][N][Loc][Unpd][Sg]
aliineghllugllagmi	aliineghllug-–ghllag[big.N][N→N][N][Rel][4SgPoss][PlPosd]
aliineghllugllagmi	aliineghllug-–ghllag[big.N][N→N][N][Rel][4SgPoss][SgPosd]

------------------------
Takumakanga aghnam taam.

takumakanga	taku-@₁~:(i/u)ma[to.have.V-ed][to.have.been.V-ed][V→V]-@*@₂~sf–(g₂)k(a)e[the.one.that.possessor.V-ed][V→N][N][Abs][3SgPoss][SgPosd]
takumakanga	taku-@₁~:(i/u)ma[to.have.V-ed][to.have.been.V-ed][V→V][V][Trns][Ptcp][3Sg][3Sg]
takumakanga	taku-@₁~:(i/u)ma[to.have.V-ed][to.have.been.V-ed][V→V][V][Trns][Cond][3Sg][1Sg]

aghnam	aghnagh[N][Rel][Unpd][Sg]

taam	+?

------------------------
"Sangavek agavek nemun agliigasin, ellnginaghhaghpek pellaghyugigasiin?"

sangavek	sa[V][Intr][CnsqI][2Sg]

agavek	agavek

nemun	ne[N][Ter][Unpd][Sg]

agliigasin	aglagh-@₁~:(ng₂)igate[to.never.V][to.not.be.V-ing][V→V][V][Intr][Intrg][2Sg]

ellnginaghhaghpek	ellnginagh-–ghhagh*[dear.N][N→N][N][Rel][2SgPoss][PlPosd]
ellnginaghhaghpek	ellnginagh-–ghhagh*[dear.N][N→N][N][Rel][2SgPoss][SgPosd]

pellaghyugigasiin	+?

------------------------
 

------------------------
"Nakaa, nekaqa una neghightaagunga una nekaqa whanga." 

nakaa	nakaa

nekaqa	ne-~–ke[to.have.as.one's.N(s)][N→V]-~(g₁)aqe[to.be.V.ing][to.regularly.or.repeatedly.V][V→V][V][Intr][Intrg][3Sg]

una	una
una	una[N][Abs][Unpd][Sg]

neghightaagunga	neghightagh-~:(ng₁)u[to.be.N][N→V][V][Intr][Ind][1Sg]

una	una
una	una[N][Abs][Unpd][Sg]

nekaqa	ne-~–ke[to.have.as.one's.N(s)][N→V]-~(g₁)aqe[to.be.V.ing][to.regularly.or.repeatedly.V][V→V][V][Intr][Intrg][3Sg]

whanga	wha[N][Abs][3SgPoss][SgPosd]
whanga	whanga

------------------------


------------------------
"Kumakiitaghteltung?" 

kumakiitaghteltung	+?

------------------------


------------------------
Aa, aa ighsakestamikun'nguq angeghtuq.

aa	aa

aa	aa

ighsakestamikunnguq	+?

angeghtuq	angegh[V][Intr][Ind][3Sg]
angeghtuq	angegh-te[to.act.on.so.as.to.cause.to.V][V→V][V][Intr][Ind][3Sg]

------------------------
Taawanguq gaaghaqeftuq neghsameng eslakun elngaatall.

taawanguq	+?

gaaghaqeftuq	gaagh-~(g₁)aqe[to.be.V.ing][to.regularly.or.repeatedly.V][V→V]-(pete)fte[to.evidently.V][to.have.V-ed][V→V][V][Intr][Ind][3Sg]
gaaghaqeftuq	gaaghagh-~–ke[to.have.as.one's.N(s)][N→V]-(pete)fte[to.evidently.V][to.have.V-ed][V→V][V][Intr][Ind][3Sg]

neghsameng	negh-te[to.act.on.so.as.to.cause.to.V][V→V][V][Intr][CnsqI][4Pl]
neghsameng	neghe-te[to.act.on.so.as.to.cause.to.V][V→V][V][Intr][CnsqI][4Pl]
neghsameng	neghsagh[N][Abl_Mod][Unpd][Sg]
neghsameng	neghsagh[N][Rel][4DuPoss][PlPosd]
neghsameng	neghsagh[N][Rel][4DuPoss][SgPosd]
neghsameng	neghsagh[N][Rel][4PlPoss][PlPosd]
neghsameng	neghsagh[N][Rel][4PlPoss][SgPosd]

eslakun	este[V][Trns][Opt][PRS][1Sg][3Sg]
eslakun	esla-~–ke[to.have.as.one's.N(s)][N→V]-~:(u)te[condition.with.respect.to.V-ing][V→N][N][Abs][Unpd][Sg]
eslakun	esla[N][Via][Unpd][Sg]

elngaatall	elngaatall

------------------------


------------------------
Pimakanga, "Elpek sivukluten kumakighlaken." Aqumluni taagken ingaghtesluku kumakighaa.

pimakanga	pi-@₁~:(i/u)ma[to.have.V-ed][to.have.been.V-ed][V→V]-@*@₂~sf–(g₂)k(a)e[the.one.that.possessor.V-ed][V→N][N][Abs][3SgPoss][SgPosd]
pimakanga	pi-@₁~:(i/u)ma[to.have.V-ed][to.have.been.V-ed][V→V][V][Trns][Ptcp][3Sg][3Sg]
pimakanga	pi-@₁~:(i/u)ma[to.have.V-ed][to.have.been.V-ed][V→V][V][Trns][Cond][3Sg][1Sg]

elpek	elpek
elpek	elpeg[N][Abs][Unpd][Sg]

sivukluten	sivu-~–ke[to.have.as.one's.N(s)][N→V]-te[to.act.on.so.as.to.cause.to.V][V→V]-te[to.act.on.so.as.to.cause.to.V][V→V][V][Intr][Sbrd][2Sg]
sivukluten	sivu-~–ke[to.have.as.one's.N(s)][N→V]-te[to.act.on.so.as.to.cause.to.V][V→V][V][Intr][Sbrd][2Sg]
sivukluten	sivu-~–ke[to.have.as.one's.N(s)][N→V][V][Intr][Sbrd][2Sg]
sivukluten	sivug-~–ke[to.have.as.one's.N(s)][N→V]-te[to.act.on.so.as.to.cause.to.V][V→V]-te[to.act.on.so.as.to.cause.to.V][V→V][V][Intr][Sbrd][2Sg]
sivukluten	sivug-~–ke[to.have.as.one's.N(s)][N→V]-te[to.act.on.so.as.to.cause.to.V][V→V][V][Intr][Sbrd][2Sg]
sivukluten	sivug-~–ke[to.have.as.one's.N(s)][N→V][V][Intr][Sbrd][2Sg]
sivukluten	sivuke-te[to.act.on.so.as.to.cause.to.V][V→V][V][Intr][Sbrd][2Sg]
sivukluten	sivuke-te[to.act.on.so.as.to.cause.to.V][V→V][V][Trns][Sbrd][_][2Sg]
sivukluten	sivuke[V][Intr][Sbrd][2Sg]
sivukluten	sivuke[V][Trns][Sbrd][_][2Sg]

kumakighlaken	kumakigh[V][Trns][Opt][PRS][1Pl][2Sg]
kumakighlaken	kumakigh[V][Trns][Opt][PRS][1Du][2Sg]
kumakighlaken	kumakigh[V][Trns][Opt][PRS][1Sg][2Sg]

aqumluni	aqume[V][Intr][Sbrd][3Sg]

taagken	taagken

ingaghtesluku	ingaghte-(te)ste[to.have.make.or.let.one.V][Cmpd_Vbl]-te[to.act.on.so.as.to.cause.to.V][V→V][V][Trns][Sbrd][_][3Sg]
ingaghtesluku	ingaghte-(te)ste[to.have.make.or.let.one.V][Cmpd_Vbl][V][Trns][Sbrd][_][3Sg]
ingaghtesluku	ingagh-te[to.catch.N][to.go.to.N][N→V]-(te)ste[to.have.make.or.let.one.V][Cmpd_Vbl]-te[to.act.on.so.as.to.cause.to.V][V→V][V][Trns][Sbrd][_][3Sg]
ingaghtesluku	ingagh-te[to.catch.N][to.go.to.N][N→V]-(te)ste[to.have.make.or.let.one.V][Cmpd_Vbl][V][Trns][Sbrd][_][3Sg]

kumakighaa	kumakigh[V][Trns][Ind][3Sg][3Sg]

------------------------
Qavangllaghaa elngaatall kumakighaa, imanguq qavaghtuq.

qavangllaghaa	+?

elngaatall	elngaatall

kumakighaa	kumakigh[V][Trns][Ind][3Sg][3Sg]

imanguq	imange[V][Intr][Ind][3Sg]

qavaghtuq	qavagh[V][Intr][Ind][3Sg]
qavaghtuq	qavagh-te[to.act.on.so.as.to.cause.to.V][V→V][V][Intr][Ind][3Sg]
qavaghtuq	qavagh-te[to.catch.N][to.go.to.N][N→V][V][Intr][Ind][3Sg]

------------------------


------------------------
Qavaghyan aghsukestaghluku nunakun llikestaghluku ugkenga taana qallaqughllak tuguluku sigutangakun aghnam kuuvumakanga legan tuqulluku.

qavaghyan	qavagh[V][Intr][CnsqI][3Sg]

aghsukestaghluku	+?

nunakun	nuna-~–ke[to.have.as.one's.N(s)][N→V]-~:(u)te[condition.with.respect.to.V-ing][V→N][N][Abs][Unpd][Sg]
nunakun	nuna[N][Via][Unpd][Sg]

llikestaghluku	+?

ugkenga	ugke[N][Abs][3SgPoss][SgPosd]

taana	taane[V][Intr][Intrg][3Sg]
taana	taana

qallaqughllak	qalla-te[to.catch.N][to.go.to.N][N→V]-@₁qugh[to.V.completely]-–ghllak[big.N][AUG]
qallaqughllak	qallate-@₁qugh[to.V.completely]-–ghllak[big.N][AUG]
qallaqughllak	qallaqugh-–ghllak[big.N][AUG]

tuguluku	tugu-~:(u)te[to.V.for.or.with][to.cause.to.V.as.one.is.V-ing][to.V.toward.each.other][V→V][V][Trns][Sbrd][_][3Sg]
tuguluku	tugu[V][Trns][Sbrd][_][3Sg]

sigutangakun	sigutanga-~–ke[to.have.as.one's.N(s)][N→V]-~:(u)te[condition.with.respect.to.V-ing][V→N][N][Abs][Unpd][Sg]
sigutangakun	sigutanga[N][Via][Unpd][Sg]

aghnam	aghnagh[N][Rel][Unpd][Sg]

kuuvumakanga	kuuve-@₁~:(i/u)ma[to.have.V-ed][to.have.been.V-ed][V→V]-@*@₂~sf–(g₂)k(a)e[the.one.that.possessor.V-ed][V→N][N][Abs][3SgPoss][SgPosd]
kuuvumakanga	kuuve-@₁~:(i/u)ma[to.have.V-ed][to.have.been.V-ed][V→V][V][Trns][Ptcp][3Sg][3Sg]
kuuvumakanga	kuuve-@₁~:(i/u)ma[to.have.V-ed][to.have.been.V-ed][V→V][V][Trns][Cond][3Sg][1Sg]

legan	legan

tuqulluku	tuqu-te[to.act.on.so.as.to.cause.to.V][V→V][V][Trns][Sbrd][_][3Sg]
tuqulluku	tuqu-~:(u)te[to.V.for.or.with][to.cause.to.V.as.one.is.V-ing][to.V.toward.each.other][V→V]-te[to.act.on.so.as.to.cause.to.V][V→V][V][Trns][Sbrd][_][3Sg]
tuqulluku	tuqute[V][Trns][Sbrd][_][3Sg]

------------------------
Iilqwa qaamna, sigutkek paneghyalghiimek tuqumalghii.

iilqwa	+?

qaamna	qaame-@₁~fna[in.order.to.V][intending.to.V][V→V][V][Intr][Opt][PRS][2Sg]
qaamna	qaamte-@₁~fna[in.order.to.V][intending.to.V][V→V][V][Intr][Opt][PRS][2Sg]
qaamna	qaamna
qaamna	qaamna[N][Abs][Unpd][Sg]

sigutkek	+?

paneghyalghiimek	panegh[V][Intr][Ptcp_Obl][4Du]

tuqumalghii	tuqu-@₁~:(i/u)ma[to.have.V-ed][to.have.been.V-ed][V→V]-@₁–lghii[the.one.that.V-ed][the.one.that.is.V][V→N][N][Abs][Unpd][Sg]
tuqumalghii	tuquma-@₁–lghii[the.one.that.V-ed][the.one.that.is.V][V→N][N][Abs][Unpd][Sg]

------------------------


------------------------
Tuquyalghiiminguq taakwavek iqraghqelluni llangaqanguq ighyaghqesalghiimi iqlighmi.

tuquyalghiiminguq	tuqu-@₁~fyagh[to.go.V-ing][to.V.in.vain][V→V]-@₁–lghii[the.one.that.V-ed][the.one.that.is.V][V→N][N][Loc][Unpd][Sg]-nguq[Encl]
tuquyalghiiminguq	tuqu-@₁~fyagh[to.go.V-ing][to.V.in.vain][V→V]-@₁–lghii[the.one.that.V-ed][the.one.that.is.V][V→N][N][Rel][4SgPoss][PlPosd]-nguq[Encl]
tuquyalghiiminguq	tuqu-@₁~fyagh[to.go.V-ing][to.V.in.vain][V→V]-@₁–lghii[the.one.that.V-ed][the.one.that.is.V][V→N][N][Rel][4SgPoss][SgPosd]-nguq[Encl]
tuquyalghiiminguq	tuqu-~:(u)te[to.V.for.or.with][to.cause.to.V.as.one.is.V-ing][to.V.toward.each.other][V→V]-@₁~fyagh[to.go.V-ing][to.V.in.vain][V→V]-@₁–lghii[the.one.that.V-ed][the.one.that.is.V][V→N][N][Loc][Unpd][Sg]-nguq[Encl]
tuquyalghiiminguq	tuqu-~:(u)te[to.V.for.or.with][to.cause.to.V.as.one.is.V-ing][to.V.toward.each.other][V→V]-@₁~fyagh[to.go.V-ing][to.V.in.vain][V→V]-@₁–lghii[the.one.that.V-ed][the.one.that.is.V][V→N][N][Rel][4SgPoss][PlPosd]-nguq[Encl]
tuquyalghiiminguq	tuqu-~:(u)te[to.V.for.or.with][to.cause.to.V.as.one.is.V-ing][to.V.toward.each.other][V→V]-@₁~fyagh[to.go.V-ing][to.V.in.vain][V→V]-@₁–lghii[the.one.that.V-ed][the.one.that.is.V][V→N][N][Rel][4SgPoss][SgPosd]-nguq[Encl]
tuquyalghiiminguq	tuqu-~:(u)te[SBJ.V-ed.something][V→V]-@₁~fyagh[to.go.V-ing][to.V.in.vain][V→V]-@₁–lghii[the.one.that.V-ed][the.one.that.is.V][V→N][N][Loc][Unpd][Sg]-nguq[Encl]
tuquyalghiiminguq	tuqu-~:(u)te[SBJ.V-ed.something][V→V]-@₁~fyagh[to.go.V-ing][to.V.in.vain][V→V]-@₁–lghii[the.one.that.V-ed][the.one.that.is.V][V→N][N][Rel][4SgPoss][PlPosd]-nguq[Encl]
tuquyalghiiminguq	tuqu-~:(u)te[SBJ.V-ed.something][V→V]-@₁~fyagh[to.go.V-ing][to.V.in.vain][V→V]-@₁–lghii[the.one.that.V-ed][the.one.that.is.V][V→N][N][Rel][4SgPoss][SgPosd]-nguq[Encl]

taakwavek	+?

iqraghqelluni	iqraghqe-te[to.act.on.so.as.to.cause.to.V][V→V][V][Intr][Sbrd][3Sg]

llangaqanguq	+?

ighyaghqesalghiimi	ighyaghqe-te[to.act.on.so.as.to.cause.to.V][V→V]-@₁~fyagh[to.go.V-ing][to.V.in.vain][V→V]-@₁–lghii[the.one.that.V-ed][the.one.that.is.V][V→N][N][Loc][Unpd][Sg]
ighyaghqesalghiimi	ighyaghqe-te[to.act.on.so.as.to.cause.to.V][V→V]-@₁~fyagh[to.go.V-ing][to.V.in.vain][V→V]-@₁–lghii[the.one.that.V-ed][the.one.that.is.V][V→N][N][Rel][4SgPoss][PlPosd]
ighyaghqesalghiimi	ighyaghqe-te[to.act.on.so.as.to.cause.to.V][V→V]-@₁~fyagh[to.go.V-ing][to.V.in.vain][V→V]-@₁–lghii[the.one.that.V-ed][the.one.that.is.V][V→N][N][Rel][4SgPoss][SgPosd]
ighyaghqesalghiimi	ighyaghqe-te[to.act.on.so.as.to.cause.to.V][V→V][V][Intr][Ptcp_Obl][4Sg]

iqlighmi	+?

------------------------


------------------------
Aqumesluku, aqumevyiightesluku, pellukaa tawavek, iiggengii piifluki, aqumgaan tawaten unisimakanga.

aqumesluku	aqume-(te)ste[to.have.make.or.let.one.V][Cmpd_Vbl]-te[to.act.on.so.as.to.cause.to.V][V→V][V][Trns][Sbrd][_][3Sg]
aqumesluku	aqume-(te)ste[to.have.make.or.let.one.V][Cmpd_Vbl][V][Trns][Sbrd][_][3Sg]

aqumevyiightesluku	+?

pellukaa	pellug-~–ke[to.have.as.one's.N(s)][N→V][V][Intr][Intrg][3Sg]
pellukaa	pelluk-~–ke[to.have.as.one's.N(s)][N→V][V][Intr][Intrg][3Sg]
pellukaa	pelluk-~:(ng₁)u[to.be.N][N→V][V][Intr][Intrg][3Sg]

tawavek	+?

iiggengii	+?

piifluki	piifte[V][Trns][Sbrd][_][3Pl]

aqumgaan	aqumga[V][Trns][Ind][2Sg][3Sg]
aqumgaan	aqumgagh*[Quant_Qual][3Sg]

tawaten	tawaten

unisimakanga	unite-@₁~:(i/u)ma[to.have.V-ed][to.have.been.V-ed][V→V]-@*@₂~sf–(g₂)k(a)e[the.one.that.possessor.V-ed][V→N][N][Abs][3SgPoss][SgPosd]
unisimakanga	unite-@₁~:(i/u)ma[to.have.V-ed][to.have.been.V-ed][V→V][V][Trns][Ptcp][3Sg][3Sg]
unisimakanga	unite-@₁~:(i/u)ma[to.have.V-ed][to.have.been.V-ed][V→V][V][Trns][Cond][3Sg][1Sg]

------------------------


------------------------
Unillukuu pennam qaayngani taklaghlluni kelengakumakanga qayaghhaq taglaghyaghqaq, ugwini.

unillukuu	+?

pennam	pennagh[N][Rel][Unpd][Sg]

qaayngani	qaye[N][Loc][3SgPoss][SgPosd]
qaayngani	qaye[N][Loc][3SgPoss][PlPosd]

taklaghlluni	+?

kelengakumakanga	kelengake-@₁~:(i/u)ma[to.have.V-ed][to.have.been.V-ed][V→V]-@*@₂~sf–(g₂)k(a)e[the.one.that.possessor.V-ed][V→N][N][Abs][3SgPoss][SgPosd]
kelengakumakanga	kelengake-@₁~:(i/u)ma[to.have.V-ed][to.have.been.V-ed][V→V][V][Trns][Ptcp][3Sg][3Sg]
kelengakumakanga	kelengake-@₁~:(i/u)ma[to.have.V-ed][to.have.been.V-ed][V→V][V][Trns][Cond][3Sg][1Sg]

qayaghhaq	qaya-–ghhagh*[dear.N][N→N][N][Abs][Unpd][Sg]
qayaghhaq	qayagh-–ghhagh*[dear.N][N→N][N][Abs][Unpd][Sg]

taglaghyaghqaq	taglagh-@₁~fyagh[to.go.V-ing][to.V.in.vain][V→V]-@₂~fkaq[one.that.has.V-ed][V→N][N][Abs][Unpd][Sg]

ugwini	+?

------------------------


------------------------
Kii, ukanguq taglaghyalghiimi usiighllagluni, kalefqaghteghllagluni.

kii	kii
kii	kii[N][Abs][Unpd][Sg]

ukanguq	uka[N][Abs][Unpd][Sg]-nguq[Encl]

taglaghyalghiimi	taglagh-@₁~fyagh[to.go.V-ing][to.V.in.vain][V→V]-@₁–lghii[the.one.that.V-ed][the.one.that.is.V][V→N][N][Loc][Unpd][Sg]
taglaghyalghiimi	taglagh-@₁~fyagh[to.go.V-ing][to.V.in.vain][V→V]-@₁–lghii[the.one.that.V-ed][the.one.that.is.V][V→N][N][Rel][4SgPoss][PlPosd]
taglaghyalghiimi	taglagh-@₁~fyagh[to.go.V-ing][to.V.in.vain][V→V]-@₁–lghii[the.one.that.V-ed][the.one.that.is.V][V→N][N][Rel][4SgPoss][SgPosd]
taglaghyalghiimi	taglagh[V][Intr][Ptcp_Obl][4Sg]

usiighllagluni	+?

kalefqaghteghllagluni	+?

------------------------
Taagken kaasan esnamun kaalluni nuliisiini taana, aghnaghani sani, elngaatall pimakanga, "Kayusiisaghtughnga." Tuqukaalghii avelghaqiinaamakanga.

taagken	taagken

kaasan	kaate[V][Intr][CnsqI][3Sg]

esnamun	esnagh[N][Ter][Unpd][Sg]

kaalluni	kaate[V][Intr][Sbrd][3Sg]

nuliisiini	+?

taana	taane[V][Intr][Intrg][3Sg]
taana	taana

aghnaghani	aghnaghagh*[N][Abs][4SgPoss][SgPosd]
aghnaghani	aghnaghagh*[N][Abs][4SgPoss][PlPosd]

sani	sa-@₁~fni[to.say.that.one.is.V-ing][Cmpd_Vbl][V][Intr][Opt][PRS][2Sg]
sani	sa-~:(u)te[to.V.for.or.with][to.cause.to.V.as.one.is.V-ing][to.V.toward.each.other][V→V]-@₁~fni[to.say.that.one.is.V-ing][Cmpd_Vbl][V][Intr][Opt][PRS][2Sg]
sani	sa-~:(u)te[SBJ.V-ed.something][V→V]-@₁~fni[to.say.that.one.is.V-ing][Cmpd_Vbl][V][Intr][Opt][PRS][2Sg]
sani	sa[N][Abs][4SgPoss][SgPosd]
sani	sa[N][Abs][4SgPoss][PlPosd]
sani	sa[N][Loc][Unpd][Pl]
sani	sani[N][Abs][Unpd][Sg]

elngaatall	elngaatall

pimakanga	pi-@₁~:(i/u)ma[to.have.V-ed][to.have.been.V-ed][V→V]-@*@₂~sf–(g₂)k(a)e[the.one.that.possessor.V-ed][V→N][N][Abs][3SgPoss][SgPosd]
pimakanga	pi-@₁~:(i/u)ma[to.have.V-ed][to.have.been.V-ed][V→V][V][Trns][Ptcp][3Sg][3Sg]
pimakanga	pi-@₁~:(i/u)ma[to.have.V-ed][to.have.been.V-ed][V→V][V][Trns][Cond][3Sg][1Sg]

kayusiisaghtughnga	kayusiite-@₁~fyaghtugh[to.be.about.to.V][to.go.somewhere.to.V][V][Trns][Opt][PRS][2Sg][1Sg]
kayusiisaghtughnga	kayusigh-~:(u)te[to.V.for.or.with][to.cause.to.V.as.one.is.V-ing][to.V.toward.each.other][V→V]-te[to.act.on.so.as.to.cause.to.V][V→V]-@₁~fyaghtugh[to.be.about.to.V][to.go.somewhere.to.V][V][Trns][Opt][PRS][2Sg][1Sg]
kayusiisaghtughnga	kayusigh-~:(u)te[to.V.for.or.with][to.cause.to.V.as.one.is.V-ing][to.V.toward.each.other][V→V]-@₁~fyaghtugh[to.be.about.to.V][to.go.somewhere.to.V][V][Trns][Opt][PRS][2Sg][1Sg]

tuqukaalghii	tuqu-~sf–(g₃)kau[to.have.V-ed][to.have.been.V-ed][V→V]-@₁–lghii[the.one.that.V-ed][the.one.that.is.V][V→N][N][Abs][Unpd][Sg]
tuqukaalghii	tuqu-@₂~fkau[to.have.V-ed][to.have.been.V-ed][V→V]-@₁–lghii[the.one.that.V-ed][the.one.that.is.V][V→N][N][Abs][Unpd][Sg]
tuqukaalghii	tuqukagh-~:(ng₁)u[to.be.N][N→V]-@₁–lghii[the.one.that.V-ed][the.one.that.is.V][V→N][N][Abs][Unpd][Sg]

avelghaqiinaamakanga	avelghaqiinagh-@₁~:(i/u)ma[to.have.V-ed][to.have.been.V-ed][V→V]-@*@₂~sf–(g₂)k(a)e[the.one.that.possessor.V-ed][V→N][N][Abs][3SgPoss][SgPosd]
avelghaqiinaamakanga	avelghaqiinagh-@₁~:(i/u)ma[to.have.V-ed][to.have.been.V-ed][V→V][V][Trns][Ptcp][3Sg][3Sg]
avelghaqiinaamakanga	avelghaqiinagh-@₁~:(i/u)ma[to.have.V-ed][to.have.been.V-ed][V→V][V][Trns][Cond][3Sg][1Sg]

------------------------
"Egmiinaq sukalluten aghnaqelqusigpenang kayusiisaghtughnga."

egmiinaq	egmiinaq

sukalluten	+?

aghnaqelqusigpenang	+?

kayusiisaghtughnga	kayusiite-@₁~fyaghtugh[to.be.about.to.V][to.go.somewhere.to.V][V][Trns][Opt][PRS][2Sg][1Sg]
kayusiisaghtughnga	kayusigh-~:(u)te[to.V.for.or.with][to.cause.to.V.as.one.is.V-ing][to.V.toward.each.other][V→V]-te[to.act.on.so.as.to.cause.to.V][V→V]-@₁~fyaghtugh[to.be.about.to.V][to.go.somewhere.to.V][V][Trns][Opt][PRS][2Sg][1Sg]
kayusiisaghtughnga	kayusigh-~:(u)te[to.V.for.or.with][to.cause.to.V.as.one.is.V-ing][to.V.toward.each.other][V→V]-@₁~fyaghtugh[to.be.about.to.V][to.go.somewhere.to.V][V][Trns][Opt][PRS][2Sg][1Sg]

------------------------
 

------------------------
"Naqam iqlighpek tespikani esghapagnga.

naqam	naqam
naqam	naqam[N][Abs][Unpd][Sg]

iqlighpek	+?

tespikani	+?

esghapagnga	esghapag[V][Trns][Opt][PRS][2Sg][1Sg]

------------------------
Egmiinaq tagi kayusiisaghtughnga neqeghllaguunga kayusiisaghtughnga." Avelghaqiinaghaa.

egmiinaq	egmiinaq

tagi	tagi[V][Intr][Opt][PRS][2Sg]

kayusiisaghtughnga	kayusiite-@₁~fyaghtugh[to.be.about.to.V][to.go.somewhere.to.V][V][Trns][Opt][PRS][2Sg][1Sg]
kayusiisaghtughnga	kayusigh-~:(u)te[to.V.for.or.with][to.cause.to.V.as.one.is.V-ing][to.V.toward.each.other][V→V]-te[to.act.on.so.as.to.cause.to.V][V→V]-@₁~fyaghtugh[to.be.about.to.V][to.go.somewhere.to.V][V][Trns][Opt][PRS][2Sg][1Sg]
kayusiisaghtughnga	kayusigh-~:(u)te[to.V.for.or.with][to.cause.to.V.as.one.is.V-ing][to.V.toward.each.other][V→V]-@₁~fyaghtugh[to.be.about.to.V][to.go.somewhere.to.V][V][Trns][Opt][PRS][2Sg][1Sg]

neqeghllaguunga	neqe-–ghllag[big.N][N→N]-~:(ng₁)u[to.be.N][N→V][V][Intr][Ind][1Sg]

kayusiisaghtughnga	kayusiite-@₁~fyaghtugh[to.be.about.to.V][to.go.somewhere.to.V][V][Trns][Opt][PRS][2Sg][1Sg]
kayusiisaghtughnga	kayusigh-~:(u)te[to.V.for.or.with][to.cause.to.V.as.one.is.V-ing][to.V.toward.each.other][V→V]-te[to.act.on.so.as.to.cause.to.V][V→V]-@₁~fyaghtugh[to.be.about.to.V][to.go.somewhere.to.V][V][Trns][Opt][PRS][2Sg][1Sg]
kayusiisaghtughnga	kayusigh-~:(u)te[to.V.for.or.with][to.cause.to.V.as.one.is.V-ing][to.V.toward.each.other][V→V]-@₁~fyaghtugh[to.be.about.to.V][to.go.somewhere.to.V][V][Trns][Opt][PRS][2Sg][1Sg]

avelghaqiinaghaa	avelghaqiinagh[V][Trns][Ind][3Sg][3Sg]

------------------------


------------------------
"Uguminaghnaghhalek naqam iqlighpek esghapagnga." Qenwat sakrituq.

uguminaghnaghhalek	+?

naqam	naqam
naqam	naqam[N][Abs][Unpd][Sg]

iqlighpek	+?

esghapagnga	esghapag[V][Trns][Opt][PRS][2Sg][1Sg]

qenwat	qenwat

sakrituq	sakrite[V][Intr][Ind][3Sg]

------------------------


------------------------
Uughqaghlluni sayugaghsaqminigu imaninguq uniistaaghhaaguq.

uughqaghlluni	+?

sayugaghsaqminigu	+?

imaninguq	ima-@₁~fni[to.say.that.one.is.V-ing][Cmpd_Vbl]-@*ngugh*[the.one.that.V-ed][the.one.that.is.V][V→N][N][Abs][Unpd][Sg]
imaninguq	ima-~:(u)te[to.V.for.or.with][to.cause.to.V.as.one.is.V-ing][to.V.toward.each.other][V→V]-@₁~fni[to.say.that.one.is.V-ing][Cmpd_Vbl]-@*ngugh*[the.one.that.V-ed][the.one.that.is.V][V→N][N][Abs][Unpd][Sg]
imaninguq	ima-~:(u)te[SBJ.V-ed.something][V→V]-@₁~fni[to.say.that.one.is.V-ing][Cmpd_Vbl]-@*ngugh*[the.one.that.V-ed][the.one.that.is.V][V→N][N][Abs][Unpd][Sg]
imaninguq	imagh[N][Abs][4SgPoss][SgPosd]-nguq[Encl]
imaninguq	imagh[N][Abs][4SgPoss][PlPosd]-nguq[Encl]
imaninguq	imagh[N][Loc][Unpd][Pl]-nguq[Encl]

uniistaaghhaaguq	uniistaaghhagh*-~:(ng₁)u[to.be.N][N→V][V][Intr][Ind][3Sg]

------------------------
Piyaqminigunguq tuquuluni, aneghneghsughyaqminigu.

piyaqminigunguq	+?

tuquuluni	+?

aneghneghsughyaqminigu	+?

------------------------
Ii akuqaghlukunguq elngaatall yuuk qiyaaghwaghyalghiimi inagmikluku nuliisiini, aghnaghani taana.

ii	+?

akuqaghlukunguq	+?

elngaatall	elngaatall

yuuk	yug[N][Abs][Sg]

qiyaaghwaghyalghiimi	qiyaaghwagh-@₁~fyagh[to.go.V-ing][to.V.in.vain][V→V]-@₁–lghii[the.one.that.V-ed][the.one.that.is.V][V→N][N][Loc][Unpd][Sg]
qiyaaghwaghyalghiimi	qiyaaghwagh-@₁~fyagh[to.go.V-ing][to.V.in.vain][V→V]-@₁–lghii[the.one.that.V-ed][the.one.that.is.V][V→N][N][Rel][4SgPoss][PlPosd]
qiyaaghwaghyalghiimi	qiyaaghwagh-@₁~fyagh[to.go.V-ing][to.V.in.vain][V→V]-@₁–lghii[the.one.that.V-ed][the.one.that.is.V][V→N][N][Rel][4SgPoss][SgPosd]
qiyaaghwaghyalghiimi	qiyaaghwagh[V][Intr][Ptcp_Obl][4Sg]

inagmikluku	+?

nuliisiini	+?

aghnaghani	aghnaghagh*[N][Abs][4SgPoss][SgPosd]
aghnaghani	aghnaghagh*[N][Abs][4SgPoss][PlPosd]

taana	taane[V][Intr][Intrg][3Sg]
taana	taana

------------------------


------------------------
Qiyaaghwaghyalghiiminguq, qiyaaghwaamaluku aghnam nuliipigan tespamum pennam qaaynganilnguum unisimakanga.

qiyaaghwaghyalghiiminguq	qiyaaghwagh-@₁~fyagh[to.go.V-ing][to.V.in.vain][V→V]-@₁–lghii[the.one.that.V-ed][the.one.that.is.V][V→N][N][Loc][Unpd][Sg]-nguq[Encl]
qiyaaghwaghyalghiiminguq	qiyaaghwagh-@₁~fyagh[to.go.V-ing][to.V.in.vain][V→V]-@₁–lghii[the.one.that.V-ed][the.one.that.is.V][V→N][N][Rel][4SgPoss][PlPosd]-nguq[Encl]
qiyaaghwaghyalghiiminguq	qiyaaghwagh-@₁~fyagh[to.go.V-ing][to.V.in.vain][V→V]-@₁–lghii[the.one.that.V-ed][the.one.that.is.V][V→N][N][Rel][4SgPoss][SgPosd]-nguq[Encl]

qiyaaghwaamaluku	qiyaaghwagh-@₁~:(i/u)ma[to.have.V-ed][to.have.been.V-ed][V→V]-~:(u)te[to.V.for.or.with][to.cause.to.V.as.one.is.V-ing][to.V.toward.each.other][V→V][V][Trns][Sbrd][_][3Sg]
qiyaaghwaamaluku	qiyaaghwagh-@₁~:(i/u)ma[to.have.V-ed][to.have.been.V-ed][V→V][V][Trns][Sbrd][_][3Sg]

aghnam	aghnagh[N][Rel][Unpd][Sg]

nuliipigan	+?

tespamum	+?

pennam	pennagh[N][Rel][Unpd][Sg]

qaaynganilnguum	+?

unisimakanga	unite-@₁~:(i/u)ma[to.have.V-ed][to.have.been.V-ed][V→V]-@*@₂~sf–(g₂)k(a)e[the.one.that.possessor.V-ed][V→N][N][Abs][3SgPoss][SgPosd]
unisimakanga	unite-@₁~:(i/u)ma[to.have.V-ed][to.have.been.V-ed][V→V][V][Trns][Ptcp][3Sg][3Sg]
unisimakanga	unite-@₁~:(i/u)ma[to.have.V-ed][to.have.been.V-ed][V→V][V][Trns][Cond][3Sg][1Sg]

------------------------
Nalleghaghhalegnguq naagu yuuk.

nalleghaghhalegnguq	+?

naagu	na[V][Trns][Intrg][3Sg][3Sg]
naagu	naagu[N][Abs][Unpd][Sg]

yuuk	yug[N][Abs][Sg]

------------------------
Kii kaasalghiiminguq ukaa qayaa kalefqaghlluni.

kii	kii
kii	kii[N][Abs][Unpd][Sg]

kaasalghiiminguq	kaate-@₁~fyagh[to.go.V-ing][to.V.in.vain][V→V]-@₁–lghii[the.one.that.V-ed][the.one.that.is.V][V→N][N][Loc][Unpd][Sg]-nguq[Encl]
kaasalghiiminguq	kaate-@₁~fyagh[to.go.V-ing][to.V.in.vain][V→V]-@₁–lghii[the.one.that.V-ed][the.one.that.is.V][V→N][N][Rel][4SgPoss][PlPosd]-nguq[Encl]
kaasalghiiminguq	kaate-@₁~fyagh[to.go.V-ing][to.V.in.vain][V→V]-@₁–lghii[the.one.that.V-ed][the.one.that.is.V][V→N][N][Rel][4SgPoss][SgPosd]-nguq[Encl]

ukaa	+?

qayaa	qayagh-~:(ng₁)u[to.be.N][N→V][V][Intr][Opt][PRS][2Sg]
qayaa	qayagh[N][Abs][3SgPoss][SgPosd]
qayaa	qayugh[N][Abs][3SgPoss][SgPosd]
qayaa	qayugh[V][Intr][Opt][PRS][2Sg]

kalefqaghlluni	+?

------------------------


------------------------
Kaalluninguq, "Kii nutaan repall neqetuten?" 

kaalluninguq	+?

kii	kii
kii	kii[N][Abs][Unpd][Sg]

nutaan	nutaan

repall	repall
repall	repall[N][Abs][Unpd][Sg]

neqetuten	neqete-~:(u)te[to.V.for.or.with][to.cause.to.V.as.one.is.V-ing][to.V.toward.each.other][V→V][V][Intr][Opt][PRS][2Sg]
neqetuten	neqete-~:(u)te[condition.with.respect.to.V-ing][V→N][N][Abs][2SgPoss][SgPosd]
neqetuten	neqete-~:(u)te[SBJ.V-ed.something][V→V][V][Intr][Opt][PRS][2Sg]
neqetuten	neqete[V][Intr][Ind][2Sg]
neqetuten	neqe-te[to.catch.N][to.go.to.N][N→V]-~:(u)te[to.V.for.or.with][to.cause.to.V.as.one.is.V-ing][to.V.toward.each.other][V→V][V][Intr][Opt][PRS][2Sg]
neqetuten	neqe-te[to.catch.N][to.go.to.N][N→V]-~:(u)te[condition.with.respect.to.V-ing][V→N][N][Abs][2SgPoss][SgPosd]
neqetuten	neqe-te[to.catch.N][to.go.to.N][N→V]-~:(u)te[SBJ.V-ed.something][V→V][V][Intr][Opt][PRS][2Sg]
neqetuten	neqe-te[to.catch.N][to.go.to.N][N→V][V][Intr][Ind][2Sg]

------------------------


------------------------
"Aa, nutaan repall neqetunga." Esghalqugpenaan'nguq iyegni iighumanginaghlukek, gginani iighumanginaghluku.

aa	aa

nutaan	nutaan

repall	repall
repall	repall[N][Abs][Unpd][Sg]

neqetunga	neqete[V][Intr][Ind][1Sg]
neqetunga	neqe-te[to.catch.N][to.go.to.N][N→V][V][Intr][Ind][1Sg]

esghalqugpenaannguq	+?

iyegni	iye[N][Abs][4SgPoss][DuPosd]
iyegni	iye[N][Loc][Unpd][Du]

iighumanginaghlukek	+?

gginani	gginagh[N][Abs][4SgPoss][SgPosd]
gginani	gginagh[N][Abs][4SgPoss][PlPosd]
gginani	gginagh[N][Loc][Unpd][Pl]

iighumanginaghluku	+?

------------------------


------------------------
Kayusiquluku, taglaaqulgusighluku iteghaallutek aghnam esghaghluku pimakanga, "Kii sangamek iyegken puuveghllagtak." 

kayusiquluku	+?

taglaaqulgusighluku	+?

iteghaallutek	+?

aghnam	aghnagh[N][Rel][Unpd][Sg]

esghaghluku	esghagh[V][Trns][Sbrd][_][3Sg]

pimakanga	pi-@₁~:(i/u)ma[to.have.V-ed][to.have.been.V-ed][V→V]-@*@₂~sf–(g₂)k(a)e[the.one.that.possessor.V-ed][V→N][N][Abs][3SgPoss][SgPosd]
pimakanga	pi-@₁~:(i/u)ma[to.have.V-ed][to.have.been.V-ed][V→V][V][Trns][Ptcp][3Sg][3Sg]
pimakanga	pi-@₁~:(i/u)ma[to.have.V-ed][to.have.been.V-ed][V→V][V][Trns][Cond][3Sg][1Sg]

kii	kii
kii	kii[N][Abs][Unpd][Sg]

sangamek	sa[V][Intr][CnsqI][4Du]

iyegken	iye[N][Abs][2SgPoss][DuPosd]

puuveghllagtak	+?

------------------------


------------------------
"Esghaghhu nutaan neqengyalghiinga, piyaqliighyalghiinga entaqun iyegka puuvuk." 

esghaghhu	esghagh[V][Trns][Opt][PRS][2Sg][3Sg]
esghaghhu	esghaghhu
esghaghhu	esghaghhu[N][Abs][Unpd][Sg]

nutaan	nutaan

neqengyalghiinga	+?

piyaqliighyalghiinga	+?

entaqun	entaqun

iyegka	iye[N][Abs][1SgPoss][DuPosd]

puuvuk	puuve[V][Intr][Ind][3Du]

------------------------


------------------------
Gaaragkiighlutek neghutkelluku.

gaaragkiighlutek	gaagh-@₁~f–ragkiigh[to.V.quickly][V→V][V][Intr][Sbrd][2Du]
gaaragkiighlutek	gaagh-@₁~f–ragkiigh[to.V.quickly][V→V][V][Intr][Sbrd][3Du]
gaaragkiighlutek	gaagh-@₁~f–ragkiigh[to.V.quickly][V→V][V][Trns][Sbrd][_][2Du]

neghutkelluku	+?

------------------------
"Sangameklu iyegken puuveghllagtak?" Taawa naghughhneghminigu, "Sangameklu iyegken puuveghllagtak?" 

sangameklu	+?

iyegken	iye[N][Abs][2SgPoss][DuPosd]

puuveghllagtak	+?

taawa	taawa

naghughhneghminigu	naghughte[V][Trns][Ctmp][4Sg][3Sg]

sangameklu	+?

iyegken	iye[N][Abs][2SgPoss][DuPosd]

puuveghllagtak	+?

------------------------


------------------------
Qenwat yugem taam ugwingan pimakanga, "Uumlleqa pimakanga!" Taawa iyek puuveghllagnilukek qinunaghqutkesaqminigu.

qenwat	qenwat

yugem	yu(u)g[N][Rel][Unpd][Sg]
yugem	yug[N][Rel][Unpd][Sg]

taam	+?

ugwingan	+?

pimakanga	pi-@₁~:(i/u)ma[to.have.V-ed][to.have.been.V-ed][V→V]-@*@₂~sf–(g₂)k(a)e[the.one.that.possessor.V-ed][V→N][N][Abs][3SgPoss][SgPosd]
pimakanga	pi-@₁~:(i/u)ma[to.have.V-ed][to.have.been.V-ed][V→V][V][Trns][Ptcp][3Sg][3Sg]
pimakanga	pi-@₁~:(i/u)ma[to.have.V-ed][to.have.been.V-ed][V→V][V][Trns][Cond][3Sg][1Sg]

uumlleqa	+?

pimakanga	pi-@₁~:(i/u)ma[to.have.V-ed][to.have.been.V-ed][V→V]-@*@₂~sf–(g₂)k(a)e[the.one.that.possessor.V-ed][V→N][N][Abs][3SgPoss][SgPosd]
pimakanga	pi-@₁~:(i/u)ma[to.have.V-ed][to.have.been.V-ed][V→V][V][Trns][Ptcp][3Sg][3Sg]
pimakanga	pi-@₁~:(i/u)ma[to.have.V-ed][to.have.been.V-ed][V→V][V][Trns][Cond][3Sg][1Sg]

taawa	taawa

iyek	iye[N][Abs][Unpd][Du]
iyek	iye[N][Rel][Unpd][Du]

puuveghllagnilukek	+?

qinunaghqutkesaqminigu	+?

------------------------
"Uumlleqa pimakanga", tawaten'nguq pitkelluku uulghumalghii tawaten pimaghmi.

uumlleqa	+?

pimakanga	pi-@₁~:(i/u)ma[to.have.V-ed][to.have.been.V-ed][V→V]-@*@₂~sf–(g₂)k(a)e[the.one.that.possessor.V-ed][V→N][N][Abs][3SgPoss][SgPosd]
pimakanga	pi-@₁~:(i/u)ma[to.have.V-ed][to.have.been.V-ed][V→V][V][Trns][Ptcp][3Sg][3Sg]
pimakanga	pi-@₁~:(i/u)ma[to.have.V-ed][to.have.been.V-ed][V→V][V][Trns][Cond][3Sg][1Sg]

tawatennguq	+?

pitkelluku	+?

uulghumalghii	Uulegh-~:(ng₁)u[to.be.N][N→V]-@₁~:(i/u)ma[to.have.V-ed][to.have.been.V-ed][V→V]-@₁–lghii[the.one.that.V-ed][the.one.that.is.V][V→N][N][Abs][Unpd][Sg]

tawaten	tawaten

pimaghmi	pi-@₁~:(i/u)magh*[while.V-ing][V→V][Quant_Qual][4Sg]

------------------------
Uumlleqa pimakanga.

uumlleqa	+?

pimakanga	pi-@₁~:(i/u)ma[to.have.V-ed][to.have.been.V-ed][V→V]-@*@₂~sf–(g₂)k(a)e[the.one.that.possessor.V-ed][V→N][N][Abs][3SgPoss][SgPosd]
pimakanga	pi-@₁~:(i/u)ma[to.have.V-ed][to.have.been.V-ed][V→V][V][Trns][Ptcp][3Sg][3Sg]
pimakanga	pi-@₁~:(i/u)ma[to.have.V-ed][to.have.been.V-ed][V→V][V][Trns][Cond][3Sg][1Sg]

------------------------
Taawa ungipaghaatem kenlekaa.

taawa	taawa

ungipaghaatem	ungipaghaate[N][Rel][Unpd][Sg]
ungipaghaatem	ungipaghagh-~:(ng₁)u[to.be.N][N→V]-~:(u)te[condition.with.respect.to.V-ing][V→N][N][Rel][Unpd][Sg]
ungipaghaatem	ungipaghagh-~:(u)te[condition.with.respect.to.V-ing][V→N][N][Rel][Unpd][Sg]

kenlekaa	kenle-~–ke[to.have.as.one's.N(s)][N→V][V][Intr][Intrg][3Sg]

------------------------
Tefaay aliinghakuun! 

tefaay	tefaay

aliinghakuun	+?

------------------------
