SANQUTET AYVEGHNIIGHMUN

sanqutet	+?

ayveghniighmun	+?

------------------------
Qavalghaam Apellgha

qavalghaam	+?

apellgha	+?

------------------------


------------------------
Sanqutet tamaakut unangniighusiigut teghigmun un'gani kelliini.

sanqutet	+?

tamaakut	+?

unangniighusiigut	unangniighusigh-~:(ng₁)u[to.be.N][N→V]-~i[SBJ.V-ed.something][V→V]-~i[SBJ.V-ed.something][V→V]-~i[SBJ.V-ed.something][V→V]-~i[SBJ.V-ed.something][V→V]-~i[SBJ.V-ed.something][V→V][V][Intr][Ind][3Pl]
unangniighusiigut	unangniighusigh-~:(ng₁)u[to.be.N][N→V]-~i[SBJ.V-ed.something][V→V]-~i[SBJ.V-ed.something][V→V]-~i[SBJ.V-ed.something][V→V]-~i[SBJ.V-ed.something][V→V][V][Intr][Ind][3Pl]
unangniighusiigut	unangniighusigh-~:(ng₁)u[to.be.N][N→V]-~i[SBJ.V-ed.something][V→V]-~i[SBJ.V-ed.something][V→V]-~i[SBJ.V-ed.something][V→V][V][Intr][Ind][3Pl]
unangniighusiigut	unangniighusigh-~:(ng₁)u[to.be.N][N→V]-~i[SBJ.V-ed.something][V→V]-~i[SBJ.V-ed.something][V→V][V][Intr][Ind][3Pl]
unangniighusiigut	unangniighusigh-~:(ng₁)u[to.be.N][N→V]-~i[SBJ.V-ed.something][V→V][V][Intr][Ind][3Pl]
unangniighusiigut	unangniighusigh-~:(ng₁)u[to.be.N][N→V][V][Intr][Ind][3Pl]

teghigmun	teghig[N][Ter][Unpd][Sg]

ungani	ungag[N][Abs][4SgPoss][SgPosd]
ungani	ungag[N][Abs][4SgPoss][PlPosd]

kelliini	kellii[N][Abs][4SgPoss][SgPosd]
kelliini	kellii[N][Abs][4SgPoss][PlPosd]
kelliini	kellii[N][Loc][Unpd][Pl]

------------------------
Taakunguut awataghpaget, tapghaat, uun'ghat, tuugkaat.

taakunguut	+?

awataghpaget	awataghpag[N][Abs][Unpd][Pl]
awataghpaget	awataghpag[N][Rel][Unpd][Pl]

tapghaat	tapghagh[N][Abs][3PlPoss][SgPosd]

uunghat	+?

tuugkaat	+?

------------------------
Qerngaghmeng atillghi "sanqutet".

qerngaghmeng	qerngagh*[Quant_Qual][4Pl]

atillghi	+?

sanqutet	+?

------------------------
Angyami atut allakaniigut sikugni atuneng.

angyami	angyagh[N][Loc][Unpd][Sg]
angyami	angyagh[N][Rel][4SgPoss][SgPosd]
angyami	angyagh[N][Rel][4SgPoss][PlPosd]

atut	atugh[N][Abs][Unpd][Pl]
atut	atugh[N][Rel][Unpd][Pl]

allakaniigut	allakanigh*-~:(ng₁)u[to.be.N][N→V]-~i[SBJ.V-ed.something][V→V]-~i[SBJ.V-ed.something][V→V]-~i[SBJ.V-ed.something][V→V]-~i[SBJ.V-ed.something][V→V]-~i[SBJ.V-ed.something][V→V][V][Intr][Ind][3Pl]
allakaniigut	allakanigh*-~:(ng₁)u[to.be.N][N→V]-~i[SBJ.V-ed.something][V→V]-~i[SBJ.V-ed.something][V→V]-~i[SBJ.V-ed.something][V→V]-~i[SBJ.V-ed.something][V→V][V][Intr][Ind][3Pl]
allakaniigut	allakanigh*-~:(ng₁)u[to.be.N][N→V]-~i[SBJ.V-ed.something][V→V]-~i[SBJ.V-ed.something][V→V]-~i[SBJ.V-ed.something][V→V][V][Intr][Ind][3Pl]
allakaniigut	allakanigh*-~:(ng₁)u[to.be.N][N→V]-~i[SBJ.V-ed.something][V→V]-~i[SBJ.V-ed.something][V→V][V][Intr][Ind][3Pl]
allakaniigut	allakanigh*-~:(ng₁)u[to.be.N][N→V]-~i[SBJ.V-ed.something][V→V][V][Intr][Ind][3Pl]
allakaniigut	allakanigh*-~:(ng₁)u[to.be.N][N→V][V][Intr][Ind][3Pl]

sikugni	siku[N][Abs][4SgPoss][DuPosd]
sikugni	siku[N][Loc][Unpd][Du]

atuneng	atugh[N][Abl_Mod][Unpd][Pl]

------------------------


------------------------
Uun'ghat unaghsiigut aghvinlek itegaq tagtatkelghiit angqaperugtekat iiggmeng tuguyaghqaaluki.

uunghat	+?

unaghsiigut	unaghsigh-~:(ng₁)u[to.be.N][N→V]-~i[SBJ.V-ed.something][V→V]-~i[SBJ.V-ed.something][V→V]-~i[SBJ.V-ed.something][V→V]-~i[SBJ.V-ed.something][V→V]-~i[SBJ.V-ed.something][V→V][V][Intr][Ind][3Pl]
unaghsiigut	unaghsigh-~:(ng₁)u[to.be.N][N→V]-~i[SBJ.V-ed.something][V→V]-~i[SBJ.V-ed.something][V→V]-~i[SBJ.V-ed.something][V→V]-~i[SBJ.V-ed.something][V→V][V][Intr][Ind][3Pl]
unaghsiigut	unaghsigh-~:(ng₁)u[to.be.N][N→V]-~i[SBJ.V-ed.something][V→V]-~i[SBJ.V-ed.something][V→V]-~i[SBJ.V-ed.something][V→V][V][Intr][Ind][3Pl]
unaghsiigut	unaghsigh-~:(ng₁)u[to.be.N][N→V]-~i[SBJ.V-ed.something][V→V]-~i[SBJ.V-ed.something][V→V][V][Intr][Ind][3Pl]
unaghsiigut	unaghsigh-~:(ng₁)u[to.be.N][N→V]-~i[SBJ.V-ed.something][V→V][V][Intr][Ind][3Pl]
unaghsiigut	unaghsigh-~:(ng₁)u[to.be.N][N→V][V][Intr][Ind][3Pl]

aghvinlek	aghvinleg[N][Abs][Unpd][Sg]

itegaq	itegagh[N][Abs][Unpd][Sg]

tagtatkelghiit	+?

angqaperugtekat	+?

iiggmeng	iigge[N][Rel][4DuPoss][SgPosd]
iiggmeng	iigge[N][Rel][4DuPoss][PlPosd]
iiggmeng	iigge[N][Rel][4PlPoss][SgPosd]
iiggmeng	iigge[N][Rel][4PlPoss][PlPosd]
iiggmeng	iigge[N][Abl_Mod][Unpd][Sg]

tuguyaghqaaluki	tugu-@₁~fyagh[to.go.V-ing][to.V.in.vain][V→V]-@₂~fkau[to.have.V-ed][to.have.been.V-ed][V→V]-~:(u)te[to.V.for.or.with][to.cause.to.V.as.one.is.V-ing][to.V.toward.each.other][V→V][V][Trns][Sbrd][_][3Pl]
tuguyaghqaaluki	tugu-@₁~fyagh[to.go.V-ing][to.V.in.vain][V→V]-@₂~fkau[to.have.V-ed][to.have.been.V-ed][V→V][V][Trns][Sbrd][_][3Pl]
tuguyaghqaaluki	tugu-~:(u)te[to.V.for.or.with][to.cause.to.V.as.one.is.V-ing][to.V.toward.each.other][V→V]-@₁~fyagh[to.go.V-ing][to.V.in.vain][V→V]-@₂~fkau[to.have.V-ed][to.have.been.V-ed][V→V]-~:(u)te[to.V.for.or.with][to.cause.to.V.as.one.is.V-ing][to.V.toward.each.other][V→V][V][Trns][Sbrd][_][3Pl]
tuguyaghqaaluki	tugu-~:(u)te[to.V.for.or.with][to.cause.to.V.as.one.is.V-ing][to.V.toward.each.other][V→V]-@₁~fyagh[to.go.V-ing][to.V.in.vain][V→V]-@₂~fkau[to.have.V-ed][to.have.been.V-ed][V→V][V][Trns][Sbrd][_][3Pl]

------------------------
Iqugani tugeghmeng atelget naangqut nuvugyugtekat uugnangi peqiglluteng nemghutkat.

iqugani	iqug[N][Loc][3SgPoss][SgPosd]
iqugani	iqug[N][Loc][3SgPoss][PlPosd]

tugeghmeng	+?

atelget	ategh-–leg[one.having.N][N→N][N][Abs][Unpd][Pl]
atelget	ategh-–leg[one.having.N][N→N][N][Rel][Unpd][Pl]
atelget	ategh-–lget[to.have.N][AUG]
atelget	Ategh-–leg[one.having.N][N→N][N][Abs][Unpd][Pl]
atelget	Ategh-–leg[one.having.N][N→N][N][Rel][Unpd][Pl]
atelget	Ategh-–lget[to.have.N][AUG]

naangqut	naangqugh[N][Abs][Unpd][Pl]
naangqut	naangqugh[N][Rel][Unpd][Pl]

nuvugyugtekat	+?

uugnangi	+?

peqiglluteng	+?

nemghutkat	nemegh-~:(ng₁)u[to.be.N][N→V]-~:(u)te[condition.with.respect.to.V-ing][V→N]-~–ke[to.have.as.one's.N(s)][N→V][V][Intr][Intrg][3Pl]

------------------------
Taakut tuug'ghet sikum umutalnganun esghaasiigut.

taakut	taake[V][Intr][Ind][3Pl]

tuugghet	+?

sikum	siku[N][Rel][Unpd][Sg]

umutalnganun	+?

esghaasiigut	+?

------------------------
Un'gani sikugni atupiguus tamaakut.

ungani	ungag[N][Abs][4SgPoss][SgPosd]
ungani	ungag[N][Abs][4SgPoss][PlPosd]

sikugni	siku[N][Abs][4SgPoss][DuPosd]
sikugni	siku[N][Loc][Unpd][Du]

atupiguus	+?

tamaakut	+?

------------------------


------------------------
Enkaam uun'gham inglungan iqugani, aatghi iquuyat, tuugkalighviget.

enkaam	enkaam

uungham	+?

inglungan	inglu[N][Rel][3SgPoss][SgPosd]
inglungan	inglu[N][Rel][3SgPoss][PlPosd]

iqugani	iqug[N][Loc][3SgPoss][SgPosd]
iqugani	iqug[N][Loc][3SgPoss][PlPosd]

aatghi	ategh[N][Abs][3SgPoss][PlPosd]
aatghi	Ategh[N][Abs][3SgPoss][PlPosd]

iquuyat	+?

tuugkalighviget	+?

------------------------
Ama tugutet peqiglluteng nemqat suqaghmeng kelevngwaaqameng.

ama	ama

tugutet	tugu-~:(u)te[condition.with.respect.to.V-ing][V→N][N][Abs][Unpd][Pl]
tugutet	tugu-~:(u)te[condition.with.respect.to.V-ing][V→N][N][Rel][Unpd][Pl]
tugutet	tugute[N][Abs][Unpd][Pl]
tugutet	tugute[N][Rel][Unpd][Pl]

peqiglluteng	+?

nemqat	nemegh-~–ke[to.have.as.one's.N(s)][N→V][V][Intr][Intrg][3Pl]

suqaghmeng	suqagh*[N][Rel][4DuPoss][SgPosd]
suqaghmeng	suqagh*[N][Rel][4DuPoss][PlPosd]
suqaghmeng	suqagh*[N][Rel][4PlPoss][SgPosd]
suqaghmeng	suqagh*[N][Rel][4PlPoss][PlPosd]
suqaghmeng	suqagh*[N][Abl_Mod][Unpd][Sg]

kelevngwaaqameng	+?

------------------------
Iquuyam uugnangi kepneqegtat qukii igarutaallelget giimamun nekegfiget.

iquuyam	+?

uugnangi	+?

kepneqegtat	+?

qukii	qukagh-~:(ng₁)u[to.be.N][N→V]-~i[SBJ.V-ed.something][V→V]-~i[SBJ.V-ed.something][V→V]-~i[SBJ.V-ed.something][V→V]-~i[SBJ.V-ed.something][V→V]-~i[SBJ.V-ed.something][V→V][V][Intr][Opt][PRS][2Sg]
qukii	qukagh-~:(ng₁)u[to.be.N][N→V]-~i[SBJ.V-ed.something][V→V]-~i[SBJ.V-ed.something][V→V]-~i[SBJ.V-ed.something][V→V]-~i[SBJ.V-ed.something][V→V][V][Intr][Opt][PRS][2Sg]
qukii	qukagh-~:(ng₁)u[to.be.N][N→V]-~i[SBJ.V-ed.something][V→V]-~i[SBJ.V-ed.something][V→V]-~i[SBJ.V-ed.something][V→V][V][Intr][Opt][PRS][2Sg]
qukii	qukagh-~:(ng₁)u[to.be.N][N→V]-~i[SBJ.V-ed.something][V→V]-~i[SBJ.V-ed.something][V→V][V][Intr][Opt][PRS][2Sg]
qukii	qukagh-~:(ng₁)u[to.be.N][N→V]-~i[SBJ.V-ed.something][V→V][V][Intr][Opt][PRS][2Sg]
qukii	qukagh[N][Abs][3SgPoss][PlPosd]

igarutaallelget	+?

giimamun	+?

nekegfiget	+?

------------------------


------------------------
Taakut giimat kilgaanlenguut tapghaghhaghmeng nuuvluteng qukamegteggun ayuqut.

taakut	taake[V][Intr][Ind][3Pl]

giimat	+?

kilgaanlenguut	+?

tapghaghhaghmeng	tapghagh-–ghhagh*[dear.N][N→N][N][Rel][4DuPoss][SgPosd]
tapghaghhaghmeng	tapghagh-–ghhagh*[dear.N][N→N][N][Rel][4DuPoss][PlPosd]
tapghaghhaghmeng	tapghagh-–ghhagh*[dear.N][N→N][N][Rel][4PlPoss][SgPosd]
tapghaghhaghmeng	tapghagh-–ghhagh*[dear.N][N→N][N][Rel][4PlPoss][PlPosd]
tapghaghhaghmeng	tapghagh-–ghhagh*[dear.N][N→N][N][Abl_Mod][Unpd][Sg]

nuuvluteng	+?

qukamegteggun	qukagh[N][Via][4PlPoss][PlPosd]
qukamegteggun	qukagh[N][Via][4PlPoss][SgPosd]

ayuqut	+?

------------------------
Tapghii uun'ghakun nemghutkat naten entaqun three inches tagkalghiit, iqugi nuvugyuglluteng ayuqut.

tapghii	tapghagh-~:(ng₁)u[to.be.N][N→V]-~i[SBJ.V-ed.something][V→V]-~i[SBJ.V-ed.something][V→V]-~i[SBJ.V-ed.something][V→V]-~i[SBJ.V-ed.something][V→V]-~i[SBJ.V-ed.something][V→V][V][Intr][Opt][PRS][2Sg]
tapghii	tapghagh-~:(ng₁)u[to.be.N][N→V]-~i[SBJ.V-ed.something][V→V]-~i[SBJ.V-ed.something][V→V]-~i[SBJ.V-ed.something][V→V]-~i[SBJ.V-ed.something][V→V][V][Intr][Opt][PRS][2Sg]
tapghii	tapghagh-~:(ng₁)u[to.be.N][N→V]-~i[SBJ.V-ed.something][V→V]-~i[SBJ.V-ed.something][V→V]-~i[SBJ.V-ed.something][V→V][V][Intr][Opt][PRS][2Sg]
tapghii	tapghagh-~:(ng₁)u[to.be.N][N→V]-~i[SBJ.V-ed.something][V→V]-~i[SBJ.V-ed.something][V→V][V][Intr][Opt][PRS][2Sg]
tapghii	tapghagh-~:(ng₁)u[to.be.N][N→V]-~i[SBJ.V-ed.something][V→V][V][Intr][Opt][PRS][2Sg]
tapghii	tapghagh[N][Abs][3SgPoss][PlPosd]
tapghii	Tapghugh-~:(ng₁)u[to.be.N][N→V]-~i[SBJ.V-ed.something][V→V]-~i[SBJ.V-ed.something][V→V]-~i[SBJ.V-ed.something][V→V]-~i[SBJ.V-ed.something][V→V]-~i[SBJ.V-ed.something][V→V][V][Intr][Opt][PRS][2Sg]
tapghii	Tapghugh-~:(ng₁)u[to.be.N][N→V]-~i[SBJ.V-ed.something][V→V]-~i[SBJ.V-ed.something][V→V]-~i[SBJ.V-ed.something][V→V]-~i[SBJ.V-ed.something][V→V][V][Intr][Opt][PRS][2Sg]
tapghii	Tapghugh-~:(ng₁)u[to.be.N][N→V]-~i[SBJ.V-ed.something][V→V]-~i[SBJ.V-ed.something][V→V]-~i[SBJ.V-ed.something][V→V][V][Intr][Opt][PRS][2Sg]
tapghii	Tapghugh-~:(ng₁)u[to.be.N][N→V]-~i[SBJ.V-ed.something][V→V]-~i[SBJ.V-ed.something][V→V][V][Intr][Opt][PRS][2Sg]
tapghii	Tapghugh-~:(ng₁)u[to.be.N][N→V]-~i[SBJ.V-ed.something][V→V][V][Intr][Opt][PRS][2Sg]

uunghakun	+?

nemghutkat	nemegh-~:(ng₁)u[to.be.N][N→V]-~:(u)te[condition.with.respect.to.V-ing][V→N]-~–ke[to.have.as.one's.N(s)][N→V][V][Intr][Intrg][3Pl]

naten	naten

entaqun	entaqun

three	+?

inches	+?

tagkalghiit	+?

iqugi	iqug[N][Abs][3SgPoss][PlPosd]

nuvugyuglluteng	+?

ayuqut	+?

------------------------
Inglungi iquuyakun aatestekayuget, inglungi tuugkakun aatestekayuget.

inglungi	inglu[N][Abs][3SgPoss][PlPosd]

iquuyakun	+?

aatestekayuget	+?

inglungi	inglu[N][Abs][3SgPoss][PlPosd]

tuugkakun	+?

aatestekayuget	+?

------------------------
Aatesleghiini giimam tapghii nengqengngwaaghaqut.

aatesleghiini	+?

giimam	+?

tapghii	tapghagh-~:(ng₁)u[to.be.N][N→V]-~i[SBJ.V-ed.something][V→V]-~i[SBJ.V-ed.something][V→V]-~i[SBJ.V-ed.something][V→V]-~i[SBJ.V-ed.something][V→V]-~i[SBJ.V-ed.something][V→V][V][Intr][Opt][PRS][2Sg]
tapghii	tapghagh-~:(ng₁)u[to.be.N][N→V]-~i[SBJ.V-ed.something][V→V]-~i[SBJ.V-ed.something][V→V]-~i[SBJ.V-ed.something][V→V]-~i[SBJ.V-ed.something][V→V][V][Intr][Opt][PRS][2Sg]
tapghii	tapghagh-~:(ng₁)u[to.be.N][N→V]-~i[SBJ.V-ed.something][V→V]-~i[SBJ.V-ed.something][V→V]-~i[SBJ.V-ed.something][V→V][V][Intr][Opt][PRS][2Sg]
tapghii	tapghagh-~:(ng₁)u[to.be.N][N→V]-~i[SBJ.V-ed.something][V→V]-~i[SBJ.V-ed.something][V→V][V][Intr][Opt][PRS][2Sg]
tapghii	tapghagh-~:(ng₁)u[to.be.N][N→V]-~i[SBJ.V-ed.something][V→V][V][Intr][Opt][PRS][2Sg]
tapghii	tapghagh[N][Abs][3SgPoss][PlPosd]
tapghii	Tapghugh-~:(ng₁)u[to.be.N][N→V]-~i[SBJ.V-ed.something][V→V]-~i[SBJ.V-ed.something][V→V]-~i[SBJ.V-ed.something][V→V]-~i[SBJ.V-ed.something][V→V]-~i[SBJ.V-ed.something][V→V][V][Intr][Opt][PRS][2Sg]
tapghii	Tapghugh-~:(ng₁)u[to.be.N][N→V]-~i[SBJ.V-ed.something][V→V]-~i[SBJ.V-ed.something][V→V]-~i[SBJ.V-ed.something][V→V]-~i[SBJ.V-ed.something][V→V][V][Intr][Opt][PRS][2Sg]
tapghii	Tapghugh-~:(ng₁)u[to.be.N][N→V]-~i[SBJ.V-ed.something][V→V]-~i[SBJ.V-ed.something][V→V]-~i[SBJ.V-ed.something][V→V][V][Intr][Opt][PRS][2Sg]
tapghii	Tapghugh-~:(ng₁)u[to.be.N][N→V]-~i[SBJ.V-ed.something][V→V]-~i[SBJ.V-ed.something][V→V][V][Intr][Opt][PRS][2Sg]
tapghii	Tapghugh-~:(ng₁)u[to.be.N][N→V]-~i[SBJ.V-ed.something][V→V][V][Intr][Opt][PRS][2Sg]

nengqengngwaaghaqut	+?

------------------------
Wetku naghullgullghiini ilefkaghaghtekayuget.

wetku	+?

naghullgullghiini	+?

ilefkaghaghtekayuget	+?

------------------------


------------------------
Taakut giimam tapghii atelguut aaghsimeng.

taakut	taake[V][Intr][Ind][3Pl]

giimam	+?

tapghii	tapghagh-~:(ng₁)u[to.be.N][N→V]-~i[SBJ.V-ed.something][V→V]-~i[SBJ.V-ed.something][V→V]-~i[SBJ.V-ed.something][V→V]-~i[SBJ.V-ed.something][V→V]-~i[SBJ.V-ed.something][V→V][V][Intr][Opt][PRS][2Sg]
tapghii	tapghagh-~:(ng₁)u[to.be.N][N→V]-~i[SBJ.V-ed.something][V→V]-~i[SBJ.V-ed.something][V→V]-~i[SBJ.V-ed.something][V→V]-~i[SBJ.V-ed.something][V→V][V][Intr][Opt][PRS][2Sg]
tapghii	tapghagh-~:(ng₁)u[to.be.N][N→V]-~i[SBJ.V-ed.something][V→V]-~i[SBJ.V-ed.something][V→V]-~i[SBJ.V-ed.something][V→V][V][Intr][Opt][PRS][2Sg]
tapghii	tapghagh-~:(ng₁)u[to.be.N][N→V]-~i[SBJ.V-ed.something][V→V]-~i[SBJ.V-ed.something][V→V][V][Intr][Opt][PRS][2Sg]
tapghii	tapghagh-~:(ng₁)u[to.be.N][N→V]-~i[SBJ.V-ed.something][V→V][V][Intr][Opt][PRS][2Sg]
tapghii	tapghagh[N][Abs][3SgPoss][PlPosd]
tapghii	Tapghugh-~:(ng₁)u[to.be.N][N→V]-~i[SBJ.V-ed.something][V→V]-~i[SBJ.V-ed.something][V→V]-~i[SBJ.V-ed.something][V→V]-~i[SBJ.V-ed.something][V→V]-~i[SBJ.V-ed.something][V→V][V][Intr][Opt][PRS][2Sg]
tapghii	Tapghugh-~:(ng₁)u[to.be.N][N→V]-~i[SBJ.V-ed.something][V→V]-~i[SBJ.V-ed.something][V→V]-~i[SBJ.V-ed.something][V→V]-~i[SBJ.V-ed.something][V→V][V][Intr][Opt][PRS][2Sg]
tapghii	Tapghugh-~:(ng₁)u[to.be.N][N→V]-~i[SBJ.V-ed.something][V→V]-~i[SBJ.V-ed.something][V→V]-~i[SBJ.V-ed.something][V→V][V][Intr][Opt][PRS][2Sg]
tapghii	Tapghugh-~:(ng₁)u[to.be.N][N→V]-~i[SBJ.V-ed.something][V→V]-~i[SBJ.V-ed.something][V→V][V][Intr][Opt][PRS][2Sg]
tapghii	Tapghugh-~:(ng₁)u[to.be.N][N→V]-~i[SBJ.V-ed.something][V→V][V][Intr][Opt][PRS][2Sg]

atelguut	ategh-–leg[one.having.N][N→N]-~:(ng₁)u[to.be.N][N→V][V][Intr][Ind][3Pl]
atelguut	ategh-–lgu[to.have.N][N→V][V][Intr][Ind][3Pl]
atelguut	Ategh-–leg[one.having.N][N→N]-~:(ng₁)u[to.be.N][N→V][V][Intr][Ind][3Pl]
atelguut	Ategh-–lgu[to.have.N][N→V][V][Intr][Ind][3Pl]

aaghsimeng	+?

------------------------
Enkaam taam aaghsim uun'ghamun nemellghem siipneghi taakeghpaggaat ama atuugut, aatqii qaluukut.

enkaam	enkaam

taam	+?

aaghsim	+?

uunghamun	+?

nemellghem	+?

siipneghi	+?

taakeghpaggaat	+?

ama	ama

atuugut	atugh-~:(ng₁)u[to.be.N][N→V][V][Intr][Ind][3Pl]

aatqii	ategh-~–ke[to.have.as.one's.N(s)][N→V]-~i[SBJ.V-ed.something][V→V]-~i[SBJ.V-ed.something][V→V]-~i[SBJ.V-ed.something][V→V]-~i[SBJ.V-ed.something][V→V]-~i[SBJ.V-ed.something][V→V][V][Intr][Opt][PRS][2Sg]
aatqii	ategh-~–ke[to.have.as.one's.N(s)][N→V]-~i[SBJ.V-ed.something][V→V]-~i[SBJ.V-ed.something][V→V]-~i[SBJ.V-ed.something][V→V]-~i[SBJ.V-ed.something][V→V][V][Intr][Opt][PRS][2Sg]
aatqii	ategh-~–ke[to.have.as.one's.N(s)][N→V]-~i[SBJ.V-ed.something][V→V]-~i[SBJ.V-ed.something][V→V]-~i[SBJ.V-ed.something][V→V][V][Intr][Opt][PRS][2Sg]
aatqii	ategh-~–ke[to.have.as.one's.N(s)][N→V]-~i[SBJ.V-ed.something][V→V]-~i[SBJ.V-ed.something][V→V][V][Intr][Opt][PRS][2Sg]
aatqii	ategh-~–ke[to.have.as.one's.N(s)][N→V]-~i[SBJ.V-ed.something][V→V][V][Intr][Intrg][3Sg]
aatqii	Ategh-~–ke[to.have.as.one's.N(s)][N→V]-~i[SBJ.V-ed.something][V→V]-~i[SBJ.V-ed.something][V→V]-~i[SBJ.V-ed.something][V→V]-~i[SBJ.V-ed.something][V→V]-~i[SBJ.V-ed.something][V→V][V][Intr][Opt][PRS][2Sg]
aatqii	Ategh-~–ke[to.have.as.one's.N(s)][N→V]-~i[SBJ.V-ed.something][V→V]-~i[SBJ.V-ed.something][V→V]-~i[SBJ.V-ed.something][V→V]-~i[SBJ.V-ed.something][V→V][V][Intr][Opt][PRS][2Sg]
aatqii	Ategh-~–ke[to.have.as.one's.N(s)][N→V]-~i[SBJ.V-ed.something][V→V]-~i[SBJ.V-ed.something][V→V]-~i[SBJ.V-ed.something][V→V][V][Intr][Opt][PRS][2Sg]
aatqii	Ategh-~–ke[to.have.as.one's.N(s)][N→V]-~i[SBJ.V-ed.something][V→V]-~i[SBJ.V-ed.something][V→V][V][Intr][Opt][PRS][2Sg]
aatqii	Ategh-~–ke[to.have.as.one's.N(s)][N→V]-~i[SBJ.V-ed.something][V→V][V][Intr][Intrg][3Sg]

qaluukut	qaluuku[N][Abs][Unpd][Pl]
qaluukut	qaluuku[N][Rel][Unpd][Pl]

------------------------


------------------------
Taakut tuugkam nuvugi savigtalget, inglungi igarutaaqat giimam inglungan nuvuga iteghyaghqaaluku tawavek.

taakut	taake[V][Intr][Ind][3Pl]

tuugkam	+?

nuvugi	Nuvug[N][Abs][3SgPoss][PlPosd]
nuvugi	nuvug[N][Abs][3SgPoss][PlPosd]

savigtalget	savigtagh-–leg[one.having.N][N→N][N][Abs][Unpd][Pl]
savigtalget	savigtagh-–leg[one.having.N][N→N][N][Rel][Unpd][Pl]
savigtalget	savigtagh-–lget[to.have.N][AUG]

inglungi	inglu[N][Abs][3SgPoss][PlPosd]

igarutaaqat	igarutaagh-~–ke[to.have.as.one's.N(s)][N→V][V][Intr][Intrg][3Pl]

giimam	+?

inglungan	inglu[N][Rel][3SgPoss][SgPosd]
inglungan	inglu[N][Rel][3SgPoss][PlPosd]

nuvuga	Nuvug[N][Abs][3SgPoss][SgPosd]
nuvuga	nuvug[N][Abs][3SgPoss][SgPosd]

iteghyaghqaaluku	itegh-@₁~fyagh[to.go.V-ing][to.V.in.vain][V→V]-@₂~fkau[to.have.V-ed][to.have.been.V-ed][V→V]-~:(u)te[to.V.for.or.with][to.cause.to.V.as.one.is.V-ing][to.V.toward.each.other][V→V][V][Trns][Sbrd][_][3Sg]
iteghyaghqaaluku	itegh-@₁~fyagh[to.go.V-ing][to.V.in.vain][V→V]-@₂~fkau[to.have.V-ed][to.have.been.V-ed][V→V][V][Trns][Sbrd][_][3Sg]

tawavek	+?

------------------------
Enkaam taagken tuugkaam kiwakaghaanilnguq tapghaq taana tuugkaam uyaataa, ukimallghakun nuuvutkaq aatgha tukaghsiighuuq.

enkaam	enkaam

taagken	taagken

tuugkaam	+?

kiwakaghaanilnguq	+?

tapghaq	tapghagh[N][Abs][Unpd][Sg]

taana	taana

tuugkaam	+?

uyaataa	+?

ukimallghakun	ukimallegh[N][Via][3DuPoss][PlPosd]
ukimallghakun	ukimallegh[N][Via][3SgPoss][SgPosd]
ukimallghakun	ukimallegh[N][Via][3SgPoss][PlPosd]

nuuvutkaq	+?

aatgha	ategh[N][Abs][3SgPoss][SgPosd]
aatgha	Ategh[N][Abs][3SgPoss][SgPosd]

tukaghsiighuuq	+?

------------------------
En'ngatall taana tukaghsiighmun uyiiq qillghunnaqegkuni, qapruutnguuq aatgha.

enngatall	+?

taana	taana

tukaghsiighmun	+?

uyiiq	uyigh-~:(ng₁)u[to.be.N][N→V]-~faagh[one.who.keeps.on.V-ing][AUG]
uyiiq	uyigh-~:(ng₁)u[to.be.N][N→V]-~i[SBJ.V-ed.something][V→V]-~faagh[one.who.keeps.on.V-ing][AUG]
uyiiq	uyigh-~:(ng₁)u[to.be.N][N→V]-~i[SBJ.V-ed.something][V→V]-~i[SBJ.V-ed.something][V→V]-~faagh[one.who.keeps.on.V-ing][AUG]
uyiiq	uyigh-~:(ng₁)u[to.be.N][N→V]-~i[SBJ.V-ed.something][V→V]-~i[SBJ.V-ed.something][V→V]-~i[SBJ.V-ed.something][V→V]-~faagh[one.who.keeps.on.V-ing][AUG]
uyiiq	uyigh-~:(ng₁)u[to.be.N][N→V]-~i[SBJ.V-ed.something][V→V]-~i[SBJ.V-ed.something][V→V]-~i[SBJ.V-ed.something][V→V]-~i[SBJ.V-ed.something][V→V]-~faagh[one.who.keeps.on.V-ing][AUG]
uyiiq	uyiigh[N][Abs][Unpd][Sg]

qillghunnaqegkuni	+?

qapruutnguuq	+?

aatgha	ategh[N][Abs][3SgPoss][SgPosd]
aatgha	Ategh[N][Abs][3SgPoss][SgPosd]

------------------------
Tapgham uygutellghatun ayuqut taawanginaq maalghuneng nuuvulluteng.

tapgham	tapghagh[N][Rel][Unpd][Sg]

uygutellghatun	+?

ayuqut	+?

taawanginaq	+?

maalghuneng	+?

nuuvulluteng	+?

------------------------


------------------------
Tukaghsiighem amalleqa uygutellghi taakut estullughqughluteng kipullegmun piyaghqat.

tukaghsiighem	+?

amalleqa	+?

uygutellghi	+?

taakut	taake[V][Intr][Ind][3Pl]

estullughqughluteng	+?

kipullegmun	kipullegmute[N][Abs][Unpd][Sg]

piyaghqat	+?

------------------------
Sanqutet ulimakumeng tuugkaq aatesluku nenglluku uteghmun aaghsikun nuuvulluku.

sanqutet	+?

ulimakumeng	ulima[V][Intr][Cond][4Pl]

tuugkaq	+?

aatesluku	aate-(te)ste[to.have.make.or.let.one.V][Cmpd_Vbl]-te[to.act.on.so.as.to.cause.to.V][V→V][V][Trns][Sbrd][_][3Sg]
aatesluku	aate-(te)ste[to.have.make.or.let.one.V][Cmpd_Vbl][V][Trns][Sbrd][_][3Sg]

nenglluku	+?

uteghmun	+?

aaghsikun	+?

nuuvulluku	+?

------------------------
Enkaam taagken qaluukumeng uyiiq awatghulluku aaghsikun taana nuuvulluku ataasimeng nusugteqighluku qillghusaghqaq.

enkaam	enkaam

taagken	taagken

qaluukumeng	qaluuku[N][Rel][4DuPoss][SgPosd]
qaluukumeng	qaluuku[N][Rel][4DuPoss][PlPosd]
qaluukumeng	qaluuku[N][Rel][4PlPoss][SgPosd]
qaluukumeng	qaluuku[N][Rel][4PlPoss][PlPosd]
qaluukumeng	qaluuku[N][Abl_Mod][Unpd][Sg]

uyiiq	uyigh-~:(ng₁)u[to.be.N][N→V]-~faagh[one.who.keeps.on.V-ing][AUG]
uyiiq	uyigh-~:(ng₁)u[to.be.N][N→V]-~i[SBJ.V-ed.something][V→V]-~faagh[one.who.keeps.on.V-ing][AUG]
uyiiq	uyigh-~:(ng₁)u[to.be.N][N→V]-~i[SBJ.V-ed.something][V→V]-~i[SBJ.V-ed.something][V→V]-~faagh[one.who.keeps.on.V-ing][AUG]
uyiiq	uyigh-~:(ng₁)u[to.be.N][N→V]-~i[SBJ.V-ed.something][V→V]-~i[SBJ.V-ed.something][V→V]-~i[SBJ.V-ed.something][V→V]-~faagh[one.who.keeps.on.V-ing][AUG]
uyiiq	uyigh-~:(ng₁)u[to.be.N][N→V]-~i[SBJ.V-ed.something][V→V]-~i[SBJ.V-ed.something][V→V]-~i[SBJ.V-ed.something][V→V]-~i[SBJ.V-ed.something][V→V]-~faagh[one.who.keeps.on.V-ing][AUG]
uyiiq	uyiigh[N][Abs][Unpd][Sg]

awatghulluku	+?

aaghsikun	+?

taana	taana

nuuvulluku	+?

ataasimeng	ataasigh[N][Rel][4DuPoss][SgPosd]
ataasimeng	ataasigh[N][Rel][4DuPoss][PlPosd]
ataasimeng	ataasigh[N][Rel][4PlPoss][SgPosd]
ataasimeng	ataasigh[N][Rel][4PlPoss][PlPosd]
ataasimeng	ataasigh[N][Abl_Mod][Unpd][Sg]

nusugteqighluku	+?

qillghusaghqaq	+?

------------------------
Aga ayvegh naghulkuni uun'ghaq aga mayughyaghqaq uyiighmeteghngaaghmi pugleghyaghqaq naran'ghilnguq nuqutuqaq.

aga	aga

ayvegh	+?

naghulkuni	+?

uunghaq	uunghagh*[N][Abs][Unpd][Sg]

aga	aga

mayughyaghqaq	mayugh-@₁~fyagh[to.go.V-ing][to.V.in.vain][V→V]-@₂~fkaq[one.that.has.V-ed][V→N][N][Abs][Unpd][Sg]

uyiighmeteghngaaghmi	uyiigh[N][Loc][Unpd][Sg]-ete[to.be][V][Intr][Conc][4Sg]
uyiighmeteghngaaghmi	uyiigh[N][Rel][4SgPoss][SgPosd]-ete[to.be][V][Intr][Conc][4Sg]
uyiighmeteghngaaghmi	uyiigh[N][Rel][4SgPoss][PlPosd]-ete[to.be][V][Intr][Conc][4Sg]

pugleghyaghqaq	+?

naranghilnguq	+?

nuqutuqaq	+?

------------------------
Taawa taakunguut ayveghniighusit sanqutet. 

taawa	taawa

taakunguut	+?

ayveghniighusit	+?

sanqutet	+?

------------------------


------------------------
Taakut giimat naflluugut, ayveghmun iitqaghtekuni tuugkaq, una uun'ghaq uulquni aga itemyaghqaq.

taakut	taake[V][Intr][Ind][3Pl]

giimat	+?

naflluugut	+?

ayveghmun	ayvegh[N][Ter][Unpd][Sg]

iitqaghtekuni	+?

tuugkaq	+?

una	una
una	una[N][Abs][Unpd][Sg]

uunghaq	uunghagh*[N][Abs][Unpd][Sg]

uulquni	+?

aga	aga

itemyaghqaq	+?

------------------------


------------------------
Enkaamam qaaghi, taakut nuvukrugmelnguut qilleghneghhaat estullugneghuut aatghi.

enkaamam	+?

qaaghi	+?

taakut	taake[V][Intr][Ind][3Pl]

nuvukrugmelnguut	+?

qilleghneghhaat	qilleghnegh-–ghhagh*[dear.N][N→N][N][Abs][Unpd][Pl]
qilleghneghhaat	qilleghnegh-–ghhagh*[dear.N][N→N][N][Abs][3PlPoss][SgPosd]
qilleghneghhaat	qilleghnegh-–ghhagh*[dear.N][N→N][N][Rel][Unpd][Pl]

estullugneghuut	+?

aatghi	ategh[N][Abs][3SgPoss][PlPosd]
aatghi	Ategh[N][Abs][3SgPoss][PlPosd]

------------------------
Taaggun iqukrugikun ukilluki nuuvulluki nenglluki, eggmaghluki, taakut iqukrugi qilleghtepigmeng qilleghsaghqat.

taaggun	+?

iqukrugikun	+?

ukilluki	+?

nuuvulluki	+?

nenglluki	+?

eggmaghluki	+?

taakut	taake[V][Intr][Ind][3Pl]

iqukrugi	iqukrug[N][Abs][3SgPoss][PlPosd]

qilleghtepigmeng	+?

qilleghsaghqat	+?

------------------------
Estullugneghuut aatghi.

estullugneghuut	+?

aatghi	ategh[N][Abs][3SgPoss][PlPosd]
aatghi	Ategh[N][Abs][3SgPoss][PlPosd]

------------------------


------------------------
Kiiwhkut kangiigut, kangightemmeng aatqut.

kiiwhkut	kiiwhkut

kangiigut	kangigh-~:(ng₁)u[to.be.N][N→V]-~i[SBJ.V-ed.something][V→V]-~i[SBJ.V-ed.something][V→V]-~i[SBJ.V-ed.something][V→V]-~i[SBJ.V-ed.something][V→V]-~i[SBJ.V-ed.something][V→V][V][Intr][Ind][3Pl]
kangiigut	kangigh-~:(ng₁)u[to.be.N][N→V]-~i[SBJ.V-ed.something][V→V]-~i[SBJ.V-ed.something][V→V]-~i[SBJ.V-ed.something][V→V]-~i[SBJ.V-ed.something][V→V][V][Intr][Ind][3Pl]
kangiigut	kangigh-~:(ng₁)u[to.be.N][N→V]-~i[SBJ.V-ed.something][V→V]-~i[SBJ.V-ed.something][V→V]-~i[SBJ.V-ed.something][V→V][V][Intr][Ind][3Pl]
kangiigut	kangigh-~:(ng₁)u[to.be.N][N→V]-~i[SBJ.V-ed.something][V→V]-~i[SBJ.V-ed.something][V→V][V][Intr][Ind][3Pl]
kangiigut	kangigh-~:(ng₁)u[to.be.N][N→V]-~i[SBJ.V-ed.something][V→V][V][Intr][Ind][3Pl]
kangiigut	kangigh-~:(ng₁)u[to.be.N][N→V][V][Intr][Ind][3Pl]

kangightemmeng	+?

aatqut	ategh-~–ke[to.have.as.one's.N(s)][N→V][V][Intr][Ind][3Pl]
aatqut	Ategh-~–ke[to.have.as.one's.N(s)][N→V][V][Intr][Ind][3Pl]

------------------------
Enkaam taagken, tuugkam kiwakaghaanilnguq tapghaq taana tuugkam uyaataa, tuugkaatqun ukimallelget, taaggun tapghaghhaat nuuvulluki, tukaghsiighuut aatghi.

enkaam	enkaam

taagken	taagken

tuugkam	+?

kiwakaghaanilnguq	+?

tapghaq	tapghagh[N][Abs][Unpd][Sg]

taana	taana

tuugkam	+?

uyaataa	+?

tuugkaatqun	+?

ukimallelget	ukimallegh-–leg[one.having.N][N→N][N][Abs][Unpd][Pl]
ukimallelget	ukimallegh-–leg[one.having.N][N→N][N][Rel][Unpd][Pl]
ukimallelget	ukimallegh-–lget[to.have.N][AUG]

taaggun	+?

tapghaghhaat	tapghagh-–ghhagh*[dear.N][N→N][N][Abs][Unpd][Pl]
tapghaghhaat	tapghagh-–ghhagh*[dear.N][N→N][N][Abs][3PlPoss][SgPosd]
tapghaghhaat	tapghagh-–ghhagh*[dear.N][N→N][N][Rel][Unpd][Pl]

nuuvulluki	+?

tukaghsiighuut	+?

aatghi	ategh[N][Abs][3SgPoss][PlPosd]
aatghi	Ategh[N][Abs][3SgPoss][PlPosd]

------------------------
