NEQEMLLU KAGPALLGHA

neqemllu	neqe[N][Rel][Unpd][Sg]-llu[Encl]

kagpallgha	+?

------------------------
Pelaasim Apellgha

pelaasim	+?

apellgha	+?

------------------------


------------------------
Taaqnemta samun unangniighmun lliighaqut.

taaqnemta	+?

samun	sa[N][Ter][Unpd][Sg]

unangniighmun	+?

lliighaqut	+?

------------------------
Naten nefkuurat qeghaataqat?

naten	naten

nefkuurat	nefkuuragh[N][Abs][Unpd][Pl]
nefkuurat	nefkuuragh[N][Rel][Unpd][Pl]

qeghaataqat	qeghagh-~:(ng₁)u[to.be.N][N→V]-~:(u)te[to.V.for.or.with][to.cause.to.V.as.one.is.V-ing][to.V.toward.each.other][V→V]-~(g₁)aqe[to.be.V.ing][to.regularly.or.repeatedly.V][V→V][V][Intr][Intrg][3Pl]
qeghaataqat	qeghagh-~:(ng₁)u[to.be.N][N→V]-~:(u)te[SBJ.V-ed.something][V→V]-~(g₁)aqe[to.be.V.ing][to.regularly.or.repeatedly.V][V→V][V][Intr][Intrg][3Pl]
qeghaataqat	qeghagh-~:(ng₁)u[to.be.N][N→V]-te[to.act.on.so.as.to.cause.to.V][V→V]-~(g₁)aqe[to.be.V.ing][to.regularly.or.repeatedly.V][V→V][V][Intr][Intrg][3Pl]

------------------------
Sivuklluki nefkuurat taakut.

sivuklluki	+?

nefkuurat	nefkuuragh[N][Abs][Unpd][Pl]
nefkuurat	nefkuuragh[N][Rel][Unpd][Pl]

taakut	taake[V][Intr][Ind][3Pl]

------------------------
Ighuulut nekeghquqayugulghiit qeghatgun sivukluki enkaam qaayngikun ighulum nefkuuraq, qasiiqaqlu saaghqughluki tanpeghhaghaaliqaghluki tanpeghmeng.

ighuulut	+?

nekeghquqayugulghiit	+?

qeghatgun	qeghagh[N][Via][Unpd][Pl]

sivukluki	+?

enkaam	enkaam

qaayngikun	+?

ighulum	ighulugh[N][Rel][Unpd][Sg]

nefkuuraq	nefkuuragh[N][Abs][Unpd][Sg]

qasiiqaqlu	+?

saaghqughluki	+?

tanpeghhaghaaliqaghluki	+?

tanpeghmeng	tanpegh[N][Rel][4DuPoss][SgPosd]
tanpeghmeng	tanpegh[N][Rel][4DuPoss][PlPosd]
tanpeghmeng	tanpegh[N][Rel][4PlPoss][SgPosd]
tanpeghmeng	tanpegh[N][Rel][4PlPoss][PlPosd]
tanpeghmeng	tanpegh[N][Abl_Mod][Unpd][Sg]

------------------------
Uksumunllu pin'ghata tanpeghmeng saapaqluki pikayuguut.

uksumunllu	+?

pinghata	+?

tanpeghmeng	tanpegh[N][Rel][4DuPoss][SgPosd]
tanpeghmeng	tanpegh[N][Rel][4DuPoss][PlPosd]
tanpeghmeng	tanpegh[N][Rel][4PlPoss][SgPosd]
tanpeghmeng	tanpegh[N][Rel][4PlPoss][PlPosd]
tanpeghmeng	tanpegh[N][Abl_Mod][Unpd][Sg]

saapaqluki	+?

pikayuguut	pi-~–kayugu[to.be.able.to.V][V→V][V][Intr][Ind][3Pl]
pikayuguut	pikayug-~:(ng₁)u[to.be.N][N→V][V][Intr][Ind][3Pl]

------------------------


------------------------
Upen'ghaam pillghi ukut aagram saghyaanganeng tanpeghhaghaalighluki aatkameng pikayuget qaayngikun enkaam tanpeghmeng qantaghaqegkangit.

upenghaam	+?

pillghi	+?

ukut	ukut
ukut	ukut[N][Abs][Unpd][Sg]

aagram	aagra[N][Rel][Unpd][Sg]

saghyaanganeng	+?

tanpeghhaghaalighluki	+?

aatkameng	aatkagh[N][Rel][4DuPoss][SgPosd]
aatkameng	aatkagh[N][Rel][4DuPoss][PlPosd]
aatkameng	aatkagh[N][Rel][4PlPoss][SgPosd]
aatkameng	aatkagh[N][Rel][4PlPoss][PlPosd]
aatkameng	aatkagh[N][Abl_Mod][Unpd][Sg]

pikayuget	pikayug[N][Abs][Unpd][Pl]
pikayuget	pikayug[N][Rel][Unpd][Pl]

qaayngikun	+?

enkaam	enkaam

tanpeghmeng	tanpegh[N][Rel][4DuPoss][SgPosd]
tanpeghmeng	tanpegh[N][Rel][4DuPoss][PlPosd]
tanpeghmeng	tanpegh[N][Rel][4PlPoss][SgPosd]
tanpeghmeng	tanpegh[N][Rel][4PlPoss][PlPosd]
tanpeghmeng	tanpegh[N][Abl_Mod][Unpd][Sg]

qantaghaqegkangit	qantaghagh-~–ke[to.have.as.one's.N(s)][N→V]-@*@₂~sf–(g₂)k(a)e[the.one.that.possessor.V-ed][V→N][N][Abs][3PlPoss][PlPosd]

------------------------


------------------------
Uksumun pikaghqat tamaakut ama tawaten tanpeghmeng saapluki uksughtekayuget.

uksumun	+?

pikaghqat	+?

tamaakut	+?

ama	ama

tawaten	tawaten

tanpeghmeng	tanpegh[N][Rel][4DuPoss][SgPosd]
tanpeghmeng	tanpegh[N][Rel][4DuPoss][PlPosd]
tanpeghmeng	tanpegh[N][Rel][4PlPoss][SgPosd]
tanpeghmeng	tanpegh[N][Rel][4PlPoss][PlPosd]
tanpeghmeng	tanpegh[N][Abl_Mod][Unpd][Sg]

saapluki	+?

uksughtekayuget	+?

------------------------
Eghqwaaghusaghqatlu tawaten.

eghqwaaghusaghqatlu	+?

tawaten	tawaten

------------------------


------------------------
Uqiighluki nefkwaaqelghiit.

uqiighluki	+?

nefkwaaqelghiit	+?

------------------------
Uqiightughluki enkaangam kinerakegtat.

uqiightughluki	+?

enkaangam	+?

kinerakegtat	+?

------------------------
Tamaana sangwaa ilanga tuliimaq kiilqusiq neghumaan ayuqelghii.

tamaana	+?

sangwaa	sa-~:(ng₁)u[to.be.N][N→V][V][Intr][Intrg][3Sg]
sangwaa	sangwaa[N][Abs][Unpd][Sg]

ilanga	ila[N][Abs][3SgPoss][SgPosd]

tuliimaq	+?

kiilqusiq	kiilqusigh[N][Abs][Unpd][Sg]

neghumaan	negh-@₁~:(i/u)ma[to.have.V-ed][to.have.been.V-ed][V→V][V][Trns][Ind][2Sg][3Sg]
neghumaan	negh-@₁~:(i/u)magh*[while.V-ing][V→V][Quant_Qual][3Sg]
neghumaan	neghe-@₁~:(i/u)ma[to.have.V-ed][to.have.been.V-ed][V→V][V][Trns][Ind][2Sg][3Sg]
neghumaan	neghe-@₁~:(i/u)magh*[while.V-ing][V→V][Quant_Qual][3Sg]

ayuqelghii	+?

------------------------


------------------------
Mangteghasqwaalghiini kinellghistun sivuliit nefkut kiinqat qeghaatkayuguut, sivuuliit kinenghhat.

mangteghasqwaalghiini	+?

kinellghistun	+?

sivuliit	sivuligh*[N][Abs][Unpd][Pl]
sivuliit	sivuligh*[N][Abs][3PlPoss][SgPosd]
sivuliit	sivuligh*[N][Abs][3PlPoss][PlPosd]
sivuliit	sivuligh*[N][Rel][Unpd][Pl]

nefkut	+?

kiinqat	+?

qeghaatkayuguut	qeghagh-~:(ng₁)u[to.be.N][N→V]-~:(u)te[to.V.for.or.with][to.cause.to.V.as.one.is.V-ing][to.V.toward.each.other][V→V]-~–kayugu[to.be.able.to.V][V→V][V][Intr][Ind][3Pl]
qeghaatkayuguut	qeghagh-~:(ng₁)u[to.be.N][N→V]-~:(u)te[SBJ.V-ed.something][V→V]-~–kayugu[to.be.able.to.V][V→V][V][Intr][Ind][3Pl]
qeghaatkayuguut	qeghagh-~:(ng₁)u[to.be.N][N→V]-te[to.act.on.so.as.to.cause.to.V][V→V]-~–kayugu[to.be.able.to.V][V→V][V][Intr][Ind][3Pl]

sivuuliit	+?

kinenghhat	+?

------------------------
Allanguyalghii, nefkukayuget wetku kiiwet pinan'ghata.

allanguyalghii	alla-~:(ng₁)u[to.be.N][N→V]-@₁~fyagh[to.go.V-ing][to.V.in.vain][V→V]-@₁–lghii[the.one.that.V-ed][the.one.that.is.V][V→N][N][Abs][Unpd][Sg]
allanguyalghii	alla-~:(ng₁)u[to.be.N][N→V]-~:(u)te[to.V.for.or.with][to.cause.to.V.as.one.is.V-ing][to.V.toward.each.other][V→V]-@₁~fyagh[to.go.V-ing][to.V.in.vain][V→V]-@₁–lghii[the.one.that.V-ed][the.one.that.is.V][V→N][N][Abs][Unpd][Sg]
allanguyalghii	alla-~:(ng₁)u[to.be.N][N→V]-~:(u)te[SBJ.V-ed.something][V→V]-@₁~fyagh[to.go.V-ing][to.V.in.vain][V→V]-@₁–lghii[the.one.that.V-ed][the.one.that.is.V][V→N][N][Abs][Unpd][Sg]

nefkukayuget	+?

wetku	+?

kiiwet	kiiw[N][Abs][Unpd][Pl]
kiiwet	kiiw[N][Rel][Unpd][Pl]

pinanghata	+?

------------------------
Nefkuyaghaghnguq tagitugtuftuq.  

nefkuyaghaghnguq	+?

tagitugtuftuq	+?

------------------------


------------------------
Ilanga uksumun pikaghqaq qeghaataqaat.

ilanga	ila[N][Abs][3SgPoss][SgPosd]

uksumun	+?

pikaghqaq	+?

qeghaataqaat	+?

------------------------
Eghqwaaghusaghqas tamaakut ama upen'ghaghhaaneng saghnakayuget.

eghqwaaghusaghqas	+?

tamaakut	+?

ama	ama

upenghaghhaaneng	+?

saghnakayuget	+?

------------------------
Aghvengelghiini awataghpaget mangtagmeng imiqayuget.

aghvengelghiini	+?

awataghpaget	awataghpag[N][Abs][Unpd][Pl]
awataghpaget	awataghpag[N][Rel][Unpd][Pl]

mangtagmeng	mangtag[N][Rel][4DuPoss][SgPosd]
mangtagmeng	mangtag[N][Rel][4DuPoss][PlPosd]
mangtagmeng	mangtag[N][Rel][4PlPoss][SgPosd]
mangtagmeng	mangtag[N][Rel][4PlPoss][PlPosd]
mangtagmeng	mangtag[N][Abl_Mod][Unpd][Sg]

imiqayuget	+?

------------------------
Enkaam payanginneghani quyngim kevii atghaanneghatki angyalgem kagpaagaqegkangi.

enkaam	enkaam

payanginneghani	+?

quyngim	quyngigh[N][Rel][Unpd][Sg]

kevii	kevigh-~:(ng₁)u[to.be.N][N→V]-~i[SBJ.V-ed.something][V→V]-~i[SBJ.V-ed.something][V→V]-~i[SBJ.V-ed.something][V→V]-~i[SBJ.V-ed.something][V→V]-~i[SBJ.V-ed.something][V→V][V][Intr][Opt][PRS][2Sg]
kevii	kevigh-~:(ng₁)u[to.be.N][N→V]-~i[SBJ.V-ed.something][V→V]-~i[SBJ.V-ed.something][V→V]-~i[SBJ.V-ed.something][V→V]-~i[SBJ.V-ed.something][V→V][V][Intr][Opt][PRS][2Sg]
kevii	kevigh-~:(ng₁)u[to.be.N][N→V]-~i[SBJ.V-ed.something][V→V]-~i[SBJ.V-ed.something][V→V]-~i[SBJ.V-ed.something][V→V][V][Intr][Opt][PRS][2Sg]
kevii	kevigh-~:(ng₁)u[to.be.N][N→V]-~i[SBJ.V-ed.something][V→V]-~i[SBJ.V-ed.something][V→V][V][Intr][Opt][PRS][2Sg]
kevii	kevigh-~:(ng₁)u[to.be.N][N→V]-~i[SBJ.V-ed.something][V→V][V][Intr][Opt][PRS][2Sg]
kevii	kevigh-~:(ng₁)u[to.be.N][N→V][V][Intr][Opt][PRS][2Sg]
kevii	kevigh[N][Abs][3SgPoss][SgPosd]
kevii	kevigh[N][Abs][3SgPoss][PlPosd]

atghaanneghatki	+?

angyalgem	angyagh-–leg[one.having.N][N→N][N][Rel][Unpd][Sg]
angyalgem	angyaleg[N][Rel][Unpd][Sg]
angyalgem	Angyat-–leg[one.having.N][N→N][N][Rel][Unpd][Sg]

kagpaagaqegkangi	+?

------------------------


------------------------
Taana kiigmi uukaq pinghani nefkukayuk, nunivak saghnaaqegkangat tuqusighaqluki.

taana	taana

kiigmi	kii[N][Rel][4SgPoss][DuPosd]
kiigmi	kiig[N][Loc][Unpd][Sg]
kiigmi	kiig[N][Rel][4SgPoss][SgPosd]
kiigmi	kiig[N][Rel][4SgPoss][PlPosd]

uukaq	uukagh[N][Abs][Unpd][Sg]
uukaq	uukagh*[N][Abs][Unpd][Sg]

pinghani	+?

nefkukayuk	+?

nunivak	nunivag[N][Abs][Unpd][Sg]

saghnaaqegkangat	+?

tuqusighaqluki	+?

------------------------
Awen ungipaqaqanka laluramkenun nunivaget tuqusighaqniluki akmaagutakun.

awen	aw[N][Abs][2SgPoss][SgPosd]
awen	awete[N][Abs][Unpd][Sg]

ungipaqaqanka	+?

laluramkenun	Laluramke[N][Ter][Unpd][Pl]

nunivaget	nunivag[N][Abs][Unpd][Pl]
nunivaget	nunivag[N][Rel][Unpd][Pl]

tuqusighaqniluki	+?

akmaagutakun	+?

------------------------
Tuquneghmeggni mesii qugaaghqwaakayuguniluki, ilangi katam juice-estun ayuqniiqanka.

tuquneghmeggni	tuqu-@₁–negh[the.act.or.activity.of.V-ing][V→N][N][Loc][4PlPoss][SgPosd]
tuquneghmeggni	tuqu-@₁–negh[the.act.or.activity.of.V-ing][V→N][N][Loc][4PlPoss][PlPosd]
tuquneghmeggni	tuqu-~:(u)te[to.V.for.or.with][to.cause.to.V.as.one.is.V-ing][to.V.toward.each.other][V→V]-@₁–negh[the.act.or.activity.of.V-ing][V→N][N][Loc][4PlPoss][SgPosd]
tuquneghmeggni	tuqu-~:(u)te[to.V.for.or.with][to.cause.to.V.as.one.is.V-ing][to.V.toward.each.other][V→V]-@₁–negh[the.act.or.activity.of.V-ing][V→N][N][Loc][4PlPoss][PlPosd]
tuquneghmeggni	tuqu-~:(u)te[SBJ.V-ed.something][V→V]-@₁–negh[the.act.or.activity.of.V-ing][V→N][N][Loc][4PlPoss][SgPosd]
tuquneghmeggni	tuqu-~:(u)te[SBJ.V-ed.something][V→V]-@₁–negh[the.act.or.activity.of.V-ing][V→N][N][Loc][4PlPoss][PlPosd]

mesii	mesugh-~:(ng₁)u[to.be.N][N→V]-~i[SBJ.V-ed.something][V→V]-~i[SBJ.V-ed.something][V→V]-~i[SBJ.V-ed.something][V→V]-~i[SBJ.V-ed.something][V→V]-~i[SBJ.V-ed.something][V→V][V][Intr][Opt][PRS][2Sg]
mesii	mesugh-~:(ng₁)u[to.be.N][N→V]-~i[SBJ.V-ed.something][V→V]-~i[SBJ.V-ed.something][V→V]-~i[SBJ.V-ed.something][V→V]-~i[SBJ.V-ed.something][V→V][V][Intr][Opt][PRS][2Sg]
mesii	mesugh-~:(ng₁)u[to.be.N][N→V]-~i[SBJ.V-ed.something][V→V]-~i[SBJ.V-ed.something][V→V]-~i[SBJ.V-ed.something][V→V][V][Intr][Opt][PRS][2Sg]
mesii	mesugh-~:(ng₁)u[to.be.N][N→V]-~i[SBJ.V-ed.something][V→V]-~i[SBJ.V-ed.something][V→V][V][Intr][Opt][PRS][2Sg]
mesii	mesugh-~:(ng₁)u[to.be.N][N→V]-~i[SBJ.V-ed.something][V→V][V][Intr][Opt][PRS][2Sg]
mesii	mesugh[N][Abs][3SgPoss][PlPosd]

qugaaghqwaakayuguniluki	+?

ilangi	ila[N][Abs][3SgPoss][PlPosd]

katam	+?

juiceestun	+?

ayuqniiqanka	+?

------------------------
Enkaam maaten kingulighnun orange juice-nguniluki liillghiinun juice-meng ayuqniiqanka.

enkaam	enkaam

maaten	maatete[N][Abs][Unpd][Sg]

kingulighnun	kinguligh*[N][Ter][Unpd][Pl]

orange	+?

juicenguniluki	+?

liillghiinun	liite-@₁–lghii[the.one.that.V-ed][the.one.that.is.V][V→N][N][Ter][Unpd][Pl]

juicemeng	+?

ayuqniiqanka	+?

------------------------


------------------------
Enkaam tamaana uksaaghmun lliin'ghani October-mun nunivagmengllu keviilluku awataghpagmun.

enkaam	enkaam

tamaana	+?

uksaaghmun	+?

lliinghani	+?

octobermun	+?

nunivagmengllu	nunivag[N][Rel][4DuPoss][SgPosd]-llu[Encl]
nunivagmengllu	nunivag[N][Rel][4DuPoss][PlPosd]-llu[Encl]
nunivagmengllu	nunivag[N][Rel][4PlPoss][SgPosd]-llu[Encl]
nunivagmengllu	nunivag[N][Rel][4PlPoss][PlPosd]-llu[Encl]
nunivagmengllu	nunivag[N][Abl_Mod][Unpd][Sg]-llu[Encl]

keviilluku	+?

awataghpagmun	awataghpag[N][Ter][Unpd][Sg]

------------------------
Aqlaghaghhneghani tamaana eghqwaaghutkaghqaq uukaq asightaqluku angyam yugan uukaghtateng asighlluki tagitaqegkangit qeghaghnaqenghata.

aqlaghaghhneghani	aqlaghaghte[Imprs_Agnt]-@₁–negh[the.act.or.activity.of.V-ing][V→N][N][Loc][3SgPoss][SgPosd]
aqlaghaghhneghani	aqlaghaghte[Imprs_Agnt]-@₁–negh[the.act.or.activity.of.V-ing][V→N][N][Loc][3SgPoss][PlPosd]

tamaana	+?

eghqwaaghutkaghqaq	+?

uukaq	uukagh[N][Abs][Unpd][Sg]
uukaq	uukagh*[N][Abs][Unpd][Sg]

asightaqluku	+?

angyam	angyagh[N][Rel][Unpd][Sg]

yugan	yu(u)g[N][Rel][3SgPoss][SgPosd]
yugan	yu(u)g[N][Rel][3SgPoss][PlPosd]
yugan	yug[N][Rel][3SgPoss][SgPosd]
yugan	yug[N][Rel][3SgPoss][PlPosd]

uukaghtateng	+?

asighlluki	+?

tagitaqegkangit	tagi-~:(u)te[to.V.for.or.with][to.cause.to.V.as.one.is.V-ing][to.V.toward.each.other][V→V]-~(g₁)aqe[to.be.V.ing][to.regularly.or.repeatedly.V][V→V]-@*@₂~sf–(g₂)k(a)e[the.one.that.possessor.V-ed][V→N][N][Abs][3PlPoss][PlPosd]
tagitaqegkangit	tagi-~:(u)te[SBJ.V-ed.something][V→V]-~(g₁)aqe[to.be.V.ing][to.regularly.or.repeatedly.V][V→V]-@*@₂~sf–(g₂)k(a)e[the.one.that.possessor.V-ed][V→N][N][Abs][3PlPoss][PlPosd]
tagitaqegkangit	tagite-~(g₁)aqe[to.be.V.ing][to.regularly.or.repeatedly.V][V→V]-@*@₂~sf–(g₂)k(a)e[the.one.that.possessor.V-ed][V→N][N][Abs][3PlPoss][PlPosd]
tagitaqegkangit	tagite-~(g₁)aqe[to.be.V.ing][to.regularly.or.repeatedly.V][V→V][V][Trns][Ptcp][3Du][3Sg]
tagitaqegkangit	tagite-~(g₁)aqe[to.be.V.ing][to.regularly.or.repeatedly.V][V→V][V][Trns][Ptcp][3Pl][3Pl]
tagitaqegkangit	tagi-te[to.act.on.so.as.to.cause.to.V][V→V]-~(g₁)aqe[to.be.V.ing][to.regularly.or.repeatedly.V][V→V]-@*@₂~sf–(g₂)k(a)e[the.one.that.possessor.V-ed][V→N][N][Abs][3PlPoss][PlPosd]

qeghaghnaqenghata	+?

------------------------
Eghqwaaghutkaghqat uksuqun ellngitallu atuqsaghqaaluki itakaqegkangit.

eghqwaaghutkaghqat	+?

uksuqun	+?

ellngitallu	ellngit[N][Abs][3SgPoss][SgPosd]-llu[Encl]

atuqsaghqaaluki	atuqe-te[to.act.on.so.as.to.cause.to.V][V→V]-@₁~fyagh[to.go.V-ing][to.V.in.vain][V→V]-@₂~fkau[to.have.V-ed][to.have.been.V-ed][V→V]-~:(u)te[to.V.for.or.with][to.cause.to.V.as.one.is.V-ing][to.V.toward.each.other][V→V][V][Trns][Sbrd][_][3Pl]
atuqsaghqaaluki	atuqe-te[to.act.on.so.as.to.cause.to.V][V→V]-@₁~fyagh[to.go.V-ing][to.V.in.vain][V→V]-@₂~fkau[to.have.V-ed][to.have.been.V-ed][V→V][V][Trns][Sbrd][_][3Pl]
atuqsaghqaaluki	atuqe-@₁~fyagh[to.go.V-ing][to.V.in.vain][V→V]-@₂~fkau[to.have.V-ed][to.have.been.V-ed][V→V]-~:(u)te[to.V.for.or.with][to.cause.to.V.as.one.is.V-ing][to.V.toward.each.other][V→V][V][Trns][Sbrd][_][3Pl]
atuqsaghqaaluki	atuqe-@₁~fyagh[to.go.V-ing][to.V.in.vain][V→V]-@₂~fkau[to.have.V-ed][to.have.been.V-ed][V→V][V][Trns][Sbrd][_][3Pl]

itakaqegkangit	+?

------------------------
Enkaam qafsina asighneq, qulaneng uglaaghaqluku asightaqluku sangwa.

enkaam	enkaam

qafsina	qafsina
qafsina	qafsina[N][Abs][Unpd][Sg]

asighneq	asighnegh[N][Abs][Unpd][Sg]

qulaneng	qula[N][Abl_Mod][Unpd][Pl]

uglaaghaqluku	+?

asightaqluku	+?

sangwa	+?

------------------------
Ilangi nefkuurameng pikayuget.  

ilangi	ila[N][Abs][3SgPoss][PlPosd]

nefkuurameng	nefkuuragh[N][Rel][4DuPoss][SgPosd]
nefkuurameng	nefkuuragh[N][Rel][4DuPoss][PlPosd]
nefkuurameng	nefkuuragh[N][Rel][4PlPoss][SgPosd]
nefkuurameng	nefkuuragh[N][Rel][4PlPoss][PlPosd]
nefkuurameng	nefkuuragh[N][Abl_Mod][Unpd][Sg]

pikayuget	pikayug[N][Abs][Unpd][Pl]
pikayuget	pikayug[N][Rel][Unpd][Pl]

------------------------


------------------------
Aamta whangkuta uukaq, tawaqa, pugneghqaq, nunivaget taakut qaaynganitaqut qeghanun qaakluteng, tanpeghmeng saapluki enkaam asightengngwaaghaqiit.

aamta	aaw[N][Rel][1PlPoss][SgPosd]
aamta	aaw[N][Rel][1PlPoss][PlPosd]
aamta	aaghw[N][Rel][1PlPoss][SgPosd]
aamta	aaghw[N][Rel][1PlPoss][PlPosd]

whangkuta	whangkuta

uukaq	uukagh[N][Abs][Unpd][Sg]
uukaq	uukagh*[N][Abs][Unpd][Sg]

tawaqa	+?

pugneghqaq	+?

nunivaget	nunivag[N][Abs][Unpd][Pl]
nunivaget	nunivag[N][Rel][Unpd][Pl]

taakut	taake[V][Intr][Ind][3Pl]

qaaynganitaqut	qaye[N][Loc][3SgPoss][SgPosd]-ete[to.be]-~(g₁)aqe[to.be.V.ing][to.regularly.or.repeatedly.V][V→V][V][Intr][Ind][3Pl]
qaaynganitaqut	qaye[N][Loc][3SgPoss][PlPosd]-ete[to.be]-~(g₁)aqe[to.be.V.ing][to.regularly.or.repeatedly.V][V→V][V][Intr][Ind][3Pl]

qeghanun	qeghagh[N][Ter][Unpd][Pl]

qaakluteng	qaa-~–ke[to.have.as.one's.N(s)][N→V]-te[to.act.on.so.as.to.cause.to.V][V→V]-te[to.act.on.so.as.to.cause.to.V][V→V][V][Intr][Sbrd][3Pl]
qaakluteng	qaa-~–ke[to.have.as.one's.N(s)][N→V]-te[to.act.on.so.as.to.cause.to.V][V→V][V][Intr][Sbrd][3Pl]
qaakluteng	qaa-~–ke[to.have.as.one's.N(s)][N→V][V][Intr][Sbrd][3Pl]

tanpeghmeng	tanpegh[N][Rel][4DuPoss][SgPosd]
tanpeghmeng	tanpegh[N][Rel][4DuPoss][PlPosd]
tanpeghmeng	tanpegh[N][Rel][4PlPoss][SgPosd]
tanpeghmeng	tanpegh[N][Rel][4PlPoss][PlPosd]
tanpeghmeng	tanpegh[N][Abl_Mod][Unpd][Sg]

saapluki	+?

enkaam	enkaam

asightengngwaaghaqiit	+?

------------------------


------------------------
Uukat kinenghhat, iggwani piniipigtut Septemperem uukaghtii.

uukat	uukagh[N][Abs][Unpd][Pl]
uukat	uukagh[N][Rel][Unpd][Pl]

kinenghhat	+?

iggwani	+?

piniipigtut	pi-@₁~fni[to.say.that.one.is.V-ing][Cmpd_Vbl]-~i[SBJ.V-ed.something][V→V]-~i[SBJ.V-ed.something][V→V]-~i[SBJ.V-ed.something][V→V]-~i[SBJ.V-ed.something][V→V]-–pigte[to.be.very.V][to.V.very.much][V→V][V][Intr][Ind][3Pl]
piniipigtut	pi-@₁~fni[to.say.that.one.is.V-ing][Cmpd_Vbl]-~i[SBJ.V-ed.something][V→V]-~i[SBJ.V-ed.something][V→V]-~i[SBJ.V-ed.something][V→V]-–pigte[to.be.very.V][to.V.very.much][V→V][V][Intr][Ind][3Pl]
piniipigtut	pi-@₁~fni[to.say.that.one.is.V-ing][Cmpd_Vbl]-~i[SBJ.V-ed.something][V→V]-~i[SBJ.V-ed.something][V→V]-–pigte[to.be.very.V][to.V.very.much][V→V][V][Intr][Ind][3Pl]
piniipigtut	pi-@₁~fni[to.say.that.one.is.V-ing][Cmpd_Vbl]-~i[SBJ.V-ed.something][V→V]-–pigte[to.be.very.V][to.V.very.much][V→V][V][Intr][Ind][3Pl]
piniipigtut	pi-@₁~fna[in.order.to.V][intending.to.V][V→V]-~i[SBJ.V-ed.something][V→V]-~i[SBJ.V-ed.something][V→V]-~i[SBJ.V-ed.something][V→V]-~i[SBJ.V-ed.something][V→V]-–pigte[to.be.very.V][to.V.very.much][V→V][V][Intr][Ind][3Pl]
piniipigtut	pi-@₁~fna[in.order.to.V][intending.to.V][V→V]-~i[SBJ.V-ed.something][V→V]-~i[SBJ.V-ed.something][V→V]-~i[SBJ.V-ed.something][V→V]-–pigte[to.be.very.V][to.V.very.much][V→V][V][Intr][Ind][3Pl]
piniipigtut	pi-@₁~fna[in.order.to.V][intending.to.V][V→V]-~i[SBJ.V-ed.something][V→V]-~i[SBJ.V-ed.something][V→V]-–pigte[to.be.very.V][to.V.very.much][V→V][V][Intr][Ind][3Pl]
piniipigtut	pi-@₁~fna[in.order.to.V][intending.to.V][V→V]-~i[SBJ.V-ed.something][V→V]-–pigte[to.be.very.V][to.V.very.much][V→V][V][Intr][Ind][3Pl]
piniipigtut	pi-~:(u)te[to.V.for.or.with][to.cause.to.V.as.one.is.V-ing][to.V.toward.each.other][V→V]-@₁~fni[to.say.that.one.is.V-ing][Cmpd_Vbl]-~i[SBJ.V-ed.something][V→V]-~i[SBJ.V-ed.something][V→V]-~i[SBJ.V-ed.something][V→V]-–pigte[to.be.very.V][to.V.very.much][V→V][V][Intr][Ind][3Pl]
piniipigtut	pi-~:(u)te[to.V.for.or.with][to.cause.to.V.as.one.is.V-ing][to.V.toward.each.other][V→V]-@₁~fni[to.say.that.one.is.V-ing][Cmpd_Vbl]-~i[SBJ.V-ed.something][V→V]-~i[SBJ.V-ed.something][V→V]-–pigte[to.be.very.V][to.V.very.much][V→V][V][Intr][Ind][3Pl]
piniipigtut	pi-~:(u)te[to.V.for.or.with][to.cause.to.V.as.one.is.V-ing][to.V.toward.each.other][V→V]-@₁~fni[to.say.that.one.is.V-ing][Cmpd_Vbl]-~i[SBJ.V-ed.something][V→V]-–pigte[to.be.very.V][to.V.very.much][V→V][V][Intr][Ind][3Pl]
piniipigtut	pi-~:(u)te[to.V.for.or.with][to.cause.to.V.as.one.is.V-ing][to.V.toward.each.other][V→V]-@₁~fna[in.order.to.V][intending.to.V][V→V]-~i[SBJ.V-ed.something][V→V]-~i[SBJ.V-ed.something][V→V]-~i[SBJ.V-ed.something][V→V]-–pigte[to.be.very.V][to.V.very.much][V→V][V][Intr][Ind][3Pl]
piniipigtut	pi-~:(u)te[to.V.for.or.with][to.cause.to.V.as.one.is.V-ing][to.V.toward.each.other][V→V]-@₁~fna[in.order.to.V][intending.to.V][V→V]-~i[SBJ.V-ed.something][V→V]-~i[SBJ.V-ed.something][V→V]-–pigte[to.be.very.V][to.V.very.much][V→V][V][Intr][Ind][3Pl]
piniipigtut	pi-~:(u)te[to.V.for.or.with][to.cause.to.V.as.one.is.V-ing][to.V.toward.each.other][V→V]-@₁~fna[in.order.to.V][intending.to.V][V→V]-~i[SBJ.V-ed.something][V→V]-–pigte[to.be.very.V][to.V.very.much][V→V][V][Intr][Ind][3Pl]
piniipigtut	pi-~:(u)te[SBJ.V-ed.something][V→V]-@₁~fni[to.say.that.one.is.V-ing][Cmpd_Vbl]-~i[SBJ.V-ed.something][V→V]-~i[SBJ.V-ed.something][V→V]-~i[SBJ.V-ed.something][V→V]-–pigte[to.be.very.V][to.V.very.much][V→V][V][Intr][Ind][3Pl]
piniipigtut	pi-~:(u)te[SBJ.V-ed.something][V→V]-@₁~fni[to.say.that.one.is.V-ing][Cmpd_Vbl]-~i[SBJ.V-ed.something][V→V]-~i[SBJ.V-ed.something][V→V]-–pigte[to.be.very.V][to.V.very.much][V→V][V][Intr][Ind][3Pl]
piniipigtut	pi-~:(u)te[SBJ.V-ed.something][V→V]-@₁~fni[to.say.that.one.is.V-ing][Cmpd_Vbl]-~i[SBJ.V-ed.something][V→V]-–pigte[to.be.very.V][to.V.very.much][V→V][V][Intr][Ind][3Pl]
piniipigtut	pi-~:(u)te[SBJ.V-ed.something][V→V]-@₁~fna[in.order.to.V][intending.to.V][V→V]-~i[SBJ.V-ed.something][V→V]-~i[SBJ.V-ed.something][V→V]-~i[SBJ.V-ed.something][V→V]-–pigte[to.be.very.V][to.V.very.much][V→V][V][Intr][Ind][3Pl]
piniipigtut	pi-~:(u)te[SBJ.V-ed.something][V→V]-@₁~fna[in.order.to.V][intending.to.V][V→V]-~i[SBJ.V-ed.something][V→V]-~i[SBJ.V-ed.something][V→V]-–pigte[to.be.very.V][to.V.very.much][V→V][V][Intr][Ind][3Pl]
piniipigtut	pi-~:(u)te[SBJ.V-ed.something][V→V]-@₁~fna[in.order.to.V][intending.to.V][V→V]-~i[SBJ.V-ed.something][V→V]-–pigte[to.be.very.V][to.V.very.much][V→V][V][Intr][Ind][3Pl]
piniipigtut	piniigh[to.hunt.for.N][to.search.for.N][to.ask.for.N][to.work.with.N][N→V]-–pigte[to.be.very.V][to.V.very.much][V→V][V][Intr][Ind][3Pl]

septemperem	+?

uukaghtii	uukagh*-te[to.catch.N][to.go.to.N][N→V]-~i[SBJ.V-ed.something][V→V]-~i[SBJ.V-ed.something][V→V]-~i[SBJ.V-ed.something][V→V]-~i[SBJ.V-ed.something][V→V]-~i[SBJ.V-ed.something][V→V]-~i[SBJ.V-ed.something][V→V][V][Intr][Opt][PRS][2Sg]
uukaghtii	uukagh*-te[to.catch.N][to.go.to.N][N→V]-~i[SBJ.V-ed.something][V→V]-~i[SBJ.V-ed.something][V→V]-~i[SBJ.V-ed.something][V→V]-~i[SBJ.V-ed.something][V→V]-~i[SBJ.V-ed.something][V→V][V][Intr][Opt][PRS][2Sg]
uukaghtii	uukagh*-te[to.catch.N][to.go.to.N][N→V]-~i[SBJ.V-ed.something][V→V]-~i[SBJ.V-ed.something][V→V]-~i[SBJ.V-ed.something][V→V]-~i[SBJ.V-ed.something][V→V][V][Intr][Opt][PRS][2Sg]
uukaghtii	uukagh*-te[to.catch.N][to.go.to.N][N→V]-~i[SBJ.V-ed.something][V→V]-~i[SBJ.V-ed.something][V→V]-~i[SBJ.V-ed.something][V→V][V][Intr][Opt][PRS][2Sg]
uukaghtii	uukagh*-te[to.catch.N][to.go.to.N][N→V]-~i[SBJ.V-ed.something][V→V]-~i[SBJ.V-ed.something][V→V][V][Intr][Opt][PRS][2Sg]
uukaghtii	uukagh*-te[to.catch.N][to.go.to.N][N→V]-~i[SBJ.V-ed.something][V→V][V][Intr][Intrg][3Sg]
uukaghtii	uukagh*-ti[to.speak.the.language.of.N][N→V]-~i[SBJ.V-ed.something][V→V]-~i[SBJ.V-ed.something][V→V]-~i[SBJ.V-ed.something][V→V]-~i[SBJ.V-ed.something][V→V]-~i[SBJ.V-ed.something][V→V]-~i[SBJ.V-ed.something][V→V][V][Intr][Opt][PRS][2Sg]
uukaghtii	uukagh*-ti[to.speak.the.language.of.N][N→V]-~i[SBJ.V-ed.something][V→V]-~i[SBJ.V-ed.something][V→V]-~i[SBJ.V-ed.something][V→V]-~i[SBJ.V-ed.something][V→V]-~i[SBJ.V-ed.something][V→V][V][Intr][Opt][PRS][2Sg]
uukaghtii	uukagh*-ti[to.speak.the.language.of.N][N→V]-~i[SBJ.V-ed.something][V→V]-~i[SBJ.V-ed.something][V→V]-~i[SBJ.V-ed.something][V→V]-~i[SBJ.V-ed.something][V→V][V][Intr][Opt][PRS][2Sg]
uukaghtii	uukagh*-ti[to.speak.the.language.of.N][N→V]-~i[SBJ.V-ed.something][V→V]-~i[SBJ.V-ed.something][V→V]-~i[SBJ.V-ed.something][V→V][V][Intr][Opt][PRS][2Sg]
uukaghtii	uukagh*-ti[to.speak.the.language.of.N][N→V]-~i[SBJ.V-ed.something][V→V]-~i[SBJ.V-ed.something][V→V][V][Intr][Opt][PRS][2Sg]
uukaghtii	uukagh*-ti[to.speak.the.language.of.N][N→V]-~i[SBJ.V-ed.something][V→V][V][Intr][Opt][PRS][2Sg]
uukaghtii	uukagh*-ti[to.speak.the.language.of.N][N→V][V][Intr][Intrg][3Sg]
uukaghtii	uukagh-te[to.catch.N][to.go.to.N][N→V]-~i[SBJ.V-ed.something][V→V]-~i[SBJ.V-ed.something][V→V]-~i[SBJ.V-ed.something][V→V]-~i[SBJ.V-ed.something][V→V]-~i[SBJ.V-ed.something][V→V]-~i[SBJ.V-ed.something][V→V][V][Intr][Opt][PRS][2Sg]
uukaghtii	uukagh-te[to.catch.N][to.go.to.N][N→V]-~i[SBJ.V-ed.something][V→V]-~i[SBJ.V-ed.something][V→V]-~i[SBJ.V-ed.something][V→V]-~i[SBJ.V-ed.something][V→V]-~i[SBJ.V-ed.something][V→V][V][Intr][Opt][PRS][2Sg]
uukaghtii	uukagh-te[to.catch.N][to.go.to.N][N→V]-~i[SBJ.V-ed.something][V→V]-~i[SBJ.V-ed.something][V→V]-~i[SBJ.V-ed.something][V→V]-~i[SBJ.V-ed.something][V→V][V][Intr][Opt][PRS][2Sg]
uukaghtii	uukagh-te[to.catch.N][to.go.to.N][N→V]-~i[SBJ.V-ed.something][V→V]-~i[SBJ.V-ed.something][V→V]-~i[SBJ.V-ed.something][V→V][V][Intr][Opt][PRS][2Sg]
uukaghtii	uukagh-te[to.catch.N][to.go.to.N][N→V]-~i[SBJ.V-ed.something][V→V]-~i[SBJ.V-ed.something][V→V][V][Intr][Opt][PRS][2Sg]
uukaghtii	uukagh-te[to.catch.N][to.go.to.N][N→V]-~i[SBJ.V-ed.something][V→V][V][Intr][Intrg][3Sg]
uukaghtii	uukagh-ti[to.speak.the.language.of.N][N→V]-~i[SBJ.V-ed.something][V→V]-~i[SBJ.V-ed.something][V→V]-~i[SBJ.V-ed.something][V→V]-~i[SBJ.V-ed.something][V→V]-~i[SBJ.V-ed.something][V→V]-~i[SBJ.V-ed.something][V→V][V][Intr][Opt][PRS][2Sg]
uukaghtii	uukagh-ti[to.speak.the.language.of.N][N→V]-~i[SBJ.V-ed.something][V→V]-~i[SBJ.V-ed.something][V→V]-~i[SBJ.V-ed.something][V→V]-~i[SBJ.V-ed.something][V→V]-~i[SBJ.V-ed.something][V→V][V][Intr][Opt][PRS][2Sg]
uukaghtii	uukagh-ti[to.speak.the.language.of.N][N→V]-~i[SBJ.V-ed.something][V→V]-~i[SBJ.V-ed.something][V→V]-~i[SBJ.V-ed.something][V→V]-~i[SBJ.V-ed.something][V→V][V][Intr][Opt][PRS][2Sg]
uukaghtii	uukagh-ti[to.speak.the.language.of.N][N→V]-~i[SBJ.V-ed.something][V→V]-~i[SBJ.V-ed.something][V→V]-~i[SBJ.V-ed.something][V→V][V][Intr][Opt][PRS][2Sg]
uukaghtii	uukagh-ti[to.speak.the.language.of.N][N→V]-~i[SBJ.V-ed.something][V→V]-~i[SBJ.V-ed.something][V→V][V][Intr][Opt][PRS][2Sg]
uukaghtii	uukagh-ti[to.speak.the.language.of.N][N→V]-~i[SBJ.V-ed.something][V→V][V][Intr][Opt][PRS][2Sg]
uukaghtii	uukagh-ti[to.speak.the.language.of.N][N→V][V][Intr][Intrg][3Sg]

------------------------
Kineghllagtestegpenaki qeghaataqelghiit eghqwaaghutkaghqaaluki.

kineghllagtestegpenaki	+?

qeghaataqelghiit	qeghagh-~:(ng₁)u[to.be.N][N→V]-~:(u)te[to.V.for.or.with][to.cause.to.V.as.one.is.V-ing][to.V.toward.each.other][V→V]-~(g₁)aqe[to.be.V.ing][to.regularly.or.repeatedly.V][V→V]-@₁–lghii[the.one.that.V-ed][the.one.that.is.V][V→N][N][Abs][Unpd][Pl]
qeghaataqelghiit	qeghagh-~:(ng₁)u[to.be.N][N→V]-~:(u)te[to.V.for.or.with][to.cause.to.V.as.one.is.V-ing][to.V.toward.each.other][V→V]-~(g₁)aqe[to.be.V.ing][to.regularly.or.repeatedly.V][V→V]-@₁–lghii[the.one.that.V-ed][the.one.that.is.V][V→N][N][Rel][Unpd][Pl]
qeghaataqelghiit	qeghagh-~:(ng₁)u[to.be.N][N→V]-~:(u)te[to.V.for.or.with][to.cause.to.V.as.one.is.V-ing][to.V.toward.each.other][V→V]-~(g₁)aqe[to.be.V.ing][to.regularly.or.repeatedly.V][V→V][V][Intr][Ptcp][3Pl]
qeghaataqelghiit	qeghagh-~:(ng₁)u[to.be.N][N→V]-~:(u)te[SBJ.V-ed.something][V→V]-~(g₁)aqe[to.be.V.ing][to.regularly.or.repeatedly.V][V→V]-@₁–lghii[the.one.that.V-ed][the.one.that.is.V][V→N][N][Abs][Unpd][Pl]
qeghaataqelghiit	qeghagh-~:(ng₁)u[to.be.N][N→V]-~:(u)te[SBJ.V-ed.something][V→V]-~(g₁)aqe[to.be.V.ing][to.regularly.or.repeatedly.V][V→V]-@₁–lghii[the.one.that.V-ed][the.one.that.is.V][V→N][N][Rel][Unpd][Pl]
qeghaataqelghiit	qeghagh-~:(ng₁)u[to.be.N][N→V]-~:(u)te[SBJ.V-ed.something][V→V]-~(g₁)aqe[to.be.V.ing][to.regularly.or.repeatedly.V][V→V][V][Intr][Ptcp][3Pl]
qeghaataqelghiit	qeghagh-~:(ng₁)u[to.be.N][N→V]-te[to.act.on.so.as.to.cause.to.V][V→V]-~(g₁)aqe[to.be.V.ing][to.regularly.or.repeatedly.V][V→V]-@₁–lghii[the.one.that.V-ed][the.one.that.is.V][V→N][N][Abs][Unpd][Pl]
qeghaataqelghiit	qeghagh-~:(ng₁)u[to.be.N][N→V]-te[to.act.on.so.as.to.cause.to.V][V→V]-~(g₁)aqe[to.be.V.ing][to.regularly.or.repeatedly.V][V→V]-@₁–lghii[the.one.that.V-ed][the.one.that.is.V][V→N][N][Rel][Unpd][Pl]
qeghaataqelghiit	qeghagh-~:(ng₁)u[to.be.N][N→V]-te[to.act.on.so.as.to.cause.to.V][V→V]-~(g₁)aqe[to.be.V.ing][to.regularly.or.repeatedly.V][V→V][V][Intr][Ptcp][3Pl]

eghqwaaghutkaghqaaluki	+?

------------------------
Aamta sivuliit August-em pingi maslekanighaqut.

aamta	aaw[N][Rel][1PlPoss][SgPosd]
aamta	aaw[N][Rel][1PlPoss][PlPosd]
aamta	aaghw[N][Rel][1PlPoss][SgPosd]
aamta	aaghw[N][Rel][1PlPoss][PlPosd]

sivuliit	sivuligh*[N][Abs][Unpd][Pl]
sivuliit	sivuligh*[N][Abs][3PlPoss][SgPosd]
sivuliit	sivuligh*[N][Abs][3PlPoss][PlPosd]
sivuliit	sivuligh*[N][Rel][Unpd][Pl]

augustem	+?

pingi	pi[N][Abs][3SgPoss][PlPosd]

maslekanighaqut	+?

------------------------
Uuk, ilanga uukaq July-mi piyaghqaan'ghani kingugtaaghllakayuk.

uuk	+?

ilanga	ila[N][Abs][3SgPoss][SgPosd]

uukaq	uukagh[N][Abs][Unpd][Sg]
uukaq	uukagh*[N][Abs][Unpd][Sg]

julymi	+?

piyaghqaanghani	+?

kingugtaaghllakayuk	+?

------------------------
Ukut enkamm ggatangi neqangiitngwaaghumaaqegkangi kingugem.

ukut	ukut
ukut	ukut[N][Abs][Unpd][Sg]

enkamm	+?

ggatangi	+?

neqangiitngwaaghumaaqegkangi	+?

kingugem	kingug[N][Rel][Unpd][Sg]

------------------------
September taana kingugnapagilnguq enkaam pinighaqut.

september	+?

taana	taana

kingugnapagilnguq	+?

enkaam	enkaam

pinighaqut	pinigh-~(g₁)aqe[to.be.V.ing][to.regularly.or.repeatedly.V][V→V][V][Intr][Ind][3Pl]

------------------------
