AYUMIIM MANGTEGHASQWAAGHILLU MANGTEGHAPIGILLU

ayumiim	ayumigh*[N][Rel][Unpd][Sg]

mangteghasqwaaghillu	mangteghasqwaagh[N][Abs][3SgPoss][PlPosd]-llu[Encl]

mangteghapigillu	mangteghapig[N][Abs][3SgPoss][PlPosd]-llu[Encl]

------------------------
Pelaasim Apellgha 

pelaasim	+?

apellgha	+?

------------------------


------------------------
Mangteghasqwaaghet sivuknaqanka kiigmi atut.  Uglaghtalestun angkiita ulimaaqelghiit.

mangteghasqwaaghet	mangteghasqwaagh[N][Abs][Unpd][Pl]
mangteghasqwaaghet	mangteghasqwaagh[N][Rel][Unpd][Pl]

sivuknaqanka	+?

kiigmi	kii[N][Rel][4SgPoss][DuPosd]
kiigmi	kiig[N][Loc][Unpd][Sg]
kiigmi	kiig[N][Rel][4SgPoss][SgPosd]
kiigmi	kiig[N][Rel][4SgPoss][PlPosd]

atut	atugh[N][Abs][Unpd][Pl]
atut	atugh[N][Rel][Unpd][Pl]

uglaghtalestun	+?

angkiita	+?

ulimaaqelghiit	ulima-~(g₁)aqe[to.be.V.ing][to.regularly.or.repeatedly.V][V→V]-@₁–lghii[the.one.that.V-ed][the.one.that.is.V][V→N][N][Abs][Unpd][Pl]
ulimaaqelghiit	ulima-~(g₁)aqe[to.be.V.ing][to.regularly.or.repeatedly.V][V→V]-@₁–lghii[the.one.that.V-ed][the.one.that.is.V][V→N][N][Rel][Unpd][Pl]
ulimaaqelghiit	ulima-~(g₁)aqe[to.be.V.ing][to.regularly.or.repeatedly.V][V→V][V][Intr][Ptcp][3Pl]
ulimaaqelghiit	ulimaagh-~–ke[to.have.as.one's.N(s)][N→V]-@₁–lghii[the.one.that.V-ed][the.one.that.is.V][V→N][N][Abs][Unpd][Pl]
ulimaaqelghiit	ulimaagh-~–ke[to.have.as.one's.N(s)][N→V]-@₁–lghii[the.one.that.V-ed][the.one.that.is.V][V→N][N][Rel][Unpd][Pl]
ulimaaqelghiit	ulimaagh-~–ke[to.have.as.one's.N(s)][N→V][V][Intr][Ptcp][3Pl]

------------------------
Ungaviguut amit ighivganghani nekeglluki qavaatkayugni, nanilighluki.

ungaviguut	ungavig-~:(ng₁)u[to.be.N][N→V][V][Intr][Ind][3Pl]

amit	amigh[N][Abs][Unpd][Pl]
amit	amigh[N][Rel][Unpd][Pl]

ighivganghani	+?

nekeglluki	+?

qavaatkayugni	+?

nanilighluki	nani-–ligh[to.provide.with.N][N→V][V][Trns][Sbrd][_][3Pl]
nanilighluki	nanigh-–ligh[to.provide.with.N][N→V][V][Trns][Sbrd][_][3Pl]

------------------------
Ilangi mangteghasqwaaghaqut inglukulluki tent-astun ayuqluki, piiqegkangit, kiigmi nayuput.

ilangi	ila[N][Abs][3SgPoss][PlPosd]

mangteghasqwaaghaqut	+?

inglukulluki	+?

tentastun	+?

ayuqluki	+?

piiqegkangit	pi-~(g₁)aqe[to.be.V.ing][to.regularly.or.repeatedly.V][V→V]-@*@₂~sf–(g₂)k(a)e[the.one.that.possessor.V-ed][V→N][N][Abs][3PlPoss][PlPosd]
piiqegkangit	pi-~(g₁)aqe[to.be.V.ing][to.regularly.or.repeatedly.V][V→V][V][Trns][Ptcp][3Du][3Sg]
piiqegkangit	pi-~(g₁)aqe[to.be.V.ing][to.regularly.or.repeatedly.V][V→V][V][Trns][Ptcp][3Pl][3Pl]
piiqegkangit	piigh-~–ke[to.have.as.one's.N(s)][N→V]-@*@₂~sf–(g₂)k(a)e[the.one.that.possessor.V-ed][V→N][N][Abs][3PlPoss][PlPosd]

kiigmi	kii[N][Rel][4SgPoss][DuPosd]
kiigmi	kiig[N][Loc][Unpd][Sg]
kiigmi	kiig[N][Rel][4SgPoss][SgPosd]
kiigmi	kiig[N][Rel][4SgPoss][PlPosd]

nayuput	nayugh[N][Abs][1PlPoss][PlPosd]

------------------------


------------------------
Aghhneghani ungaviges taakut, taghnughhaatlu taghtuquunneghata, iikluki uteghmun petugaqut.

aghhneghani	+?

ungaviges	+?

taakut	taake[V][Intr][Ind][3Pl]

taghnughhaatlu	taghnughhagh*[N][Abs][Unpd][Pl]-llu[Encl]
taghnughhaatlu	taghnughhagh*[N][Abs][3PlPoss][SgPosd]-llu[Encl]
taghnughhaatlu	taghnughhagh*[N][Rel][Unpd][Pl]-llu[Encl]

taghtuquunneghata	+?

iikluki	+?

uteghmun	+?

petugaqut	petugagh-~–ke[to.have.as.one's.N(s)][N→V][V][Intr][Ind][3Pl]

------------------------
Taawa enkaam tawaten kiigtaqut.  

taawa	taawa

enkaam	enkaam

tawaten	tawaten

kiigtaqut	kiigtagh-~–ke[to.have.as.one's.N(s)][N→V][V][Intr][Ind][3Pl]
kiigtaqut	kiig-te[to.catch.N][to.go.to.N][N→V]-~(g₁)aqe[to.be.V.ing][to.regularly.or.repeatedly.V][V→V][V][Intr][Ind][3Pl]

------------------------


------------------------
Gaami tawani gaaghaqluteng, qulangi reghilnguut.

gaami	+?

tawani	tawani
tawani	tawani[N][Abs][Unpd][Sg]

gaaghaqluteng	gaagh-~(g₁)aqe[to.be.V.ing][to.regularly.or.repeatedly.V][V→V]-te[to.act.on.so.as.to.cause.to.V][V→V]-te[to.act.on.so.as.to.cause.to.V][V→V][V][Intr][Sbrd][3Pl]
gaaghaqluteng	gaagh-~(g₁)aqe[to.be.V.ing][to.regularly.or.repeatedly.V][V→V]-te[to.act.on.so.as.to.cause.to.V][V→V][V][Intr][Sbrd][3Pl]
gaaghaqluteng	gaagh-~(g₁)aqe[to.be.V.ing][to.regularly.or.repeatedly.V][V→V][V][Intr][Sbrd][3Pl]
gaaghaqluteng	gaaghagh-~–ke[to.have.as.one's.N(s)][N→V]-te[to.act.on.so.as.to.cause.to.V][V→V]-te[to.act.on.so.as.to.cause.to.V][V→V][V][Intr][Sbrd][3Pl]
gaaghaqluteng	gaaghagh-~–ke[to.have.as.one's.N(s)][N→V]-te[to.act.on.so.as.to.cause.to.V][V→V][V][Intr][Sbrd][3Pl]
gaaghaqluteng	gaaghagh-~–ke[to.have.as.one's.N(s)][N→V][V][Intr][Sbrd][3Pl]

qulangi	qula[N][Abs][3SgPoss][PlPosd]

reghilnguut	+?

------------------------
Azigutiighaqluki amigem tunganganeng taagken enkaam agepsut quleghlluginaghmun legan piiqelghiit.  

azigutiighaqluki	+?

amigem	amig[N][Rel][Unpd][Sg]

tunganganeng	+?

taagken	taagken

enkaam	enkaam

agepsut	agepsugh[N][Abs][Unpd][Pl]
agepsut	agepsugh[N][Rel][Unpd][Pl]

quleghlluginaghmun	+?

legan	legan

piiqelghiit	pi-~(g₁)aqe[to.be.V.ing][to.regularly.or.repeatedly.V][V→V]-@₁–lghii[the.one.that.V-ed][the.one.that.is.V][V→N][N][Abs][Unpd][Pl]
piiqelghiit	pi-~(g₁)aqe[to.be.V.ing][to.regularly.or.repeatedly.V][V→V]-@₁–lghii[the.one.that.V-ed][the.one.that.is.V][V→N][N][Rel][Unpd][Pl]
piiqelghiit	pi-~(g₁)aqe[to.be.V.ing][to.regularly.or.repeatedly.V][V→V][V][Intr][Ptcp][3Pl]
piiqelghiit	piigh-~–ke[to.have.as.one's.N(s)][N→V]-@₁–lghii[the.one.that.V-ed][the.one.that.is.V][V→N][N][Abs][Unpd][Pl]
piiqelghiit	piigh-~–ke[to.have.as.one's.N(s)][N→V]-@₁–lghii[the.one.that.V-ed][the.one.that.is.V][V→N][N][Rel][Unpd][Pl]
piiqelghiit	piigh-~–ke[to.have.as.one's.N(s)][N→V][V][Intr][Ptcp][3Pl]

------------------------


------------------------
Amsaanaan'ghani seghleghwaaghuut taawa.

amsaanaanghani	+?

seghleghwaaghuut	+?

taawa	taawa

------------------------
Puyuq aanegpenani mingiteghllaneghmini repall aneghsiilliqnaghlluni ayuquq.

puyuq	puyugh[N][Abs][Unpd][Sg]

aanegpenani	aane-@₁–nghite**[to.not.V][V→V][V][Intr][Sbrd][3Sg]

mingiteghllaneghmini	+?

repall	repall[N][Abs][Unpd][Sg]

aneghsiilliqnaghlluni	+?

ayuquq	+?

------------------------
Enkaam aanqaghtaghaqukut.

enkaam	enkaam

aanqaghtaghaqukut	+?

------------------------


------------------------
Mekestaaghhaaluta ighivgaghmillu nulughyaatet taglan'ghata kayuliiragkiineghmeggni kii puyughllugllawaaquq.

mekestaaghhaaluta	mekestaagh-–ghhagh*[dear.N][N→N]-~:(ng₁)u[to.be.N][N→V]-~:(u)te[to.V.for.or.with][to.cause.to.V.as.one.is.V-ing][to.V.toward.each.other][V→V][V][Intr][Sbrd][1Pl]
mekestaaghhaaluta	mekestaagh-–ghhagh*[dear.N][N→N]-~:(ng₁)u[to.be.N][N→V]-~:(u)te[SBJ.V-ed.something][V→V][V][Intr][Sbrd][1Pl]
mekestaaghhaaluta	mekestaagh-–ghhagh*[dear.N][N→N]-~:(ng₁)u[to.be.N][N→V][V][Intr][Sbrd][1Pl]
mekestaaghhaaluta	mekestaaghhaa-~:(u)te[to.V.for.or.with][to.cause.to.V.as.one.is.V-ing][to.V.toward.each.other][V→V][V][Intr][Sbrd][1Pl]
mekestaaghhaaluta	mekestaaghhaa-~:(u)te[SBJ.V-ed.something][V→V][V][Intr][Sbrd][1Pl]
mekestaaghhaaluta	mekestaaghhaa[V][Intr][Sbrd][1Pl]
mekestaaghhaaluta	mekestaaghhagh*-~:(ng₁)u[to.be.N][N→V]-~:(u)te[to.V.for.or.with][to.cause.to.V.as.one.is.V-ing][to.V.toward.each.other][V→V][V][Intr][Sbrd][1Pl]
mekestaaghhaaluta	mekestaaghhagh*-~:(ng₁)u[to.be.N][N→V]-~:(u)te[SBJ.V-ed.something][V→V][V][Intr][Sbrd][1Pl]
mekestaaghhaaluta	mekestaaghhagh*-~:(ng₁)u[to.be.N][N→V][V][Intr][Sbrd][1Pl]

ighivgaghmillu	+?

nulughyaatet	nulugh-@₁~fyagh[to.go.V-ing][to.V.in.vain][V→V]-~:(u)te[condition.with.respect.to.V-ing][V→N][N][Abs][Unpd][Pl]
nulughyaatet	nulugh-@₁~fyagh[to.go.V-ing][to.V.in.vain][V→V]-~:(u)te[condition.with.respect.to.V-ing][V→N][N][Rel][Unpd][Pl]

taglanghata	+?

kayuliiragkiineghmeggni	kayu-–liigh[to.cook.or.prepare.N][N→V]-@₁~f–ragkiigh[to.V.quickly][V→V]-@₁–negh[the.act.or.activity.of.V-ing][V→N][N][Loc][4PlPoss][SgPosd]
kayuliiragkiineghmeggni	kayu-–liigh[to.cook.or.prepare.N][N→V]-@₁~f–ragkiigh[to.V.quickly][V→V]-@₁–negh[the.act.or.activity.of.V-ing][V→N][N][Loc][4PlPoss][PlPosd]

kii	kii
kii	kii[N][Abs][Unpd][Sg]

puyughllugllawaaquq	+?

------------------------
Iwernga kiyaghfiget kiilqusiq.

iwernga	iwernga

kiyaghfiget	kiyaghfig[N][Abs][Unpd][Pl]
kiyaghfiget	kiyaghfig[N][Rel][Unpd][Pl]

kiilqusiq	kiilqusigh[N][Abs][Unpd][Sg]

------------------------


------------------------
Enkaam enraghngam mangteghat aangelghiit qeghaghluki uksuum mangteghii qeghaghluki.

enkaam	enkaam

enraghngam	+?

mangteghat	mangteghagh[N][Abs][Unpd][Pl]
mangteghat	mangteghagh[N][Rel][Unpd][Pl]

aangelghiit	aange-@₁–lghii[the.one.that.V-ed][the.one.that.is.V][V→N][N][Abs][Unpd][Pl]
aangelghiit	aange-@₁–lghii[the.one.that.V-ed][the.one.that.is.V][V→N][N][Rel][Unpd][Pl]
aangelghiit	aange[V][Intr][Ptcp][3Pl]

qeghaghluki	+?

uksuum	+?

mangteghii	mangteghagh-~:(ng₁)u[to.be.N][N→V]-~i[SBJ.V-ed.something][V→V]-~i[SBJ.V-ed.something][V→V]-~i[SBJ.V-ed.something][V→V]-~i[SBJ.V-ed.something][V→V]-~i[SBJ.V-ed.something][V→V][V][Intr][Opt][PRS][2Sg]
mangteghii	mangteghagh-~:(ng₁)u[to.be.N][N→V]-~i[SBJ.V-ed.something][V→V]-~i[SBJ.V-ed.something][V→V]-~i[SBJ.V-ed.something][V→V]-~i[SBJ.V-ed.something][V→V][V][Intr][Opt][PRS][2Sg]
mangteghii	mangteghagh-~:(ng₁)u[to.be.N][N→V]-~i[SBJ.V-ed.something][V→V]-~i[SBJ.V-ed.something][V→V]-~i[SBJ.V-ed.something][V→V][V][Intr][Opt][PRS][2Sg]
mangteghii	mangteghagh-~:(ng₁)u[to.be.N][N→V]-~i[SBJ.V-ed.something][V→V]-~i[SBJ.V-ed.something][V→V][V][Intr][Opt][PRS][2Sg]
mangteghii	mangteghagh-~:(ng₁)u[to.be.N][N→V]-~i[SBJ.V-ed.something][V→V][V][Intr][Opt][PRS][2Sg]
mangteghii	mangteghagh[N][Abs][3SgPoss][PlPosd]

qeghaghluki	+?

------------------------
Aagram saghyanga kiyang sangwaa aatkaq, uksuum aatkaa qeghaalluku.

aagram	aagra[N][Rel][Unpd][Sg]

saghyanga	saghya[N][Abs][3SgPoss][SgPosd]

kiyang	+?

sangwaa	sa-~:(ng₁)u[to.be.N][N→V][V][Intr][Intrg][3Sg]
sangwaa	sangwaa[N][Abs][Unpd][Sg]

aatkaq	aate-@₂~fkaq[one.that.has.V-ed][V→N][N][Abs][Unpd][Sg]
aatkaq	aatkagh[N][Abs][Unpd][Sg]

uksuum	+?

aatkaa	aatkagh-~:(ng₁)u[to.be.N][N→V][V][Intr][Opt][PRS][2Sg]
aatkaa	aatkagh[N][Abs][3SgPoss][SgPosd]

qeghaalluku	+?

------------------------
Ighulii asingakun takaghqughluki sivuklluki, enkaam tanpeghmeng qantaghluki taakut kiilqusiq.

ighulii	ighulugh-~:(ng₁)u[to.be.N][N→V]-~i[SBJ.V-ed.something][V→V]-~i[SBJ.V-ed.something][V→V]-~i[SBJ.V-ed.something][V→V]-~i[SBJ.V-ed.something][V→V]-~i[SBJ.V-ed.something][V→V][V][Intr][Opt][PRS][2Sg]
ighulii	ighulugh-~:(ng₁)u[to.be.N][N→V]-~i[SBJ.V-ed.something][V→V]-~i[SBJ.V-ed.something][V→V]-~i[SBJ.V-ed.something][V→V]-~i[SBJ.V-ed.something][V→V][V][Intr][Opt][PRS][2Sg]
ighulii	ighulugh-~:(ng₁)u[to.be.N][N→V]-~i[SBJ.V-ed.something][V→V]-~i[SBJ.V-ed.something][V→V]-~i[SBJ.V-ed.something][V→V][V][Intr][Opt][PRS][2Sg]
ighulii	ighulugh-~:(ng₁)u[to.be.N][N→V]-~i[SBJ.V-ed.something][V→V]-~i[SBJ.V-ed.something][V→V][V][Intr][Opt][PRS][2Sg]
ighulii	ighulugh-~:(ng₁)u[to.be.N][N→V]-~i[SBJ.V-ed.something][V→V][V][Intr][Opt][PRS][2Sg]
ighulii	ighulugh[N][Abs][3SgPoss][PlPosd]

asingakun	asi[N][Via][3DuPoss][PlPosd]
asingakun	asi[N][Via][3SgPoss][SgPosd]
asingakun	asi[N][Via][3SgPoss][PlPosd]

takaghqughluki	+?

sivuklluki	+?

enkaam	enkaam

tanpeghmeng	tanpegh[N][Rel][4DuPoss][SgPosd]
tanpeghmeng	tanpegh[N][Rel][4DuPoss][PlPosd]
tanpeghmeng	tanpegh[N][Rel][4PlPoss][SgPosd]
tanpeghmeng	tanpegh[N][Rel][4PlPoss][PlPosd]
tanpeghmeng	tanpegh[N][Abl_Mod][Unpd][Sg]

qantaghluki	+?

taakut	taake[V][Intr][Ind][3Pl]

kiilqusiq	kiilqusigh[N][Abs][Unpd][Sg]

------------------------


------------------------
Enkaam September-ngughhneghani piinlighaqut mangteghaghpagmun.

enkaam	enkaam

septemberngughhneghani	+?

piinlighaqut	+?

mangteghaghpagmun	+?

------------------------
Mangteghaghpages tamaakut angqaperukaniigut, sivutmun taakluteng.

mangteghaghpages	+?

tamaakut	+?

angqaperukaniigut	+?

sivutmun	sivutmute[N][Abs][Unpd][Sg]

taakluteng	taake-te[to.act.on.so.as.to.cause.to.V][V→V][V][Intr][Sbrd][3Pl]
taakluteng	taake[V][Intr][Sbrd][3Pl]

------------------------
Aghveghaqetaagut qukaan pingi.  

aghveghaqetaagut	aghveghaqetagh-~:(ng₁)u[to.be.N][N→V][V][Intr][Ind][3Pl]

qukaan	Qukaa[N][Abs][2SgPoss][SgPosd]
qukaan	qukagh-~:(ng₁)u[to.be.N][N→V]-~:(u)te[condition.with.respect.to.V-ing][V→N][N][Abs][Unpd][Sg]
qukaan	qukagh[N][Rel][3SgPoss][SgPosd]
qukaan	qukagh[N][Rel][3SgPoss][PlPosd]

pingi	pi[N][Abs][3SgPoss][PlPosd]

------------------------


------------------------
Taakut ateghlluki sivukluki qeghat unaami atughqat.

taakut	taake[V][Intr][Ind][3Pl]

ateghlluki	+?

sivukluki	+?

qeghat	qeghagh[N][Abs][Unpd][Pl]
qeghat	qeghagh[N][Rel][Unpd][Pl]

unaami	unaami[N][Abs][Unpd][Sg]

atughqat	+?

------------------------
Ighulus taakut angaghqughluki enraq mangteghilleghmun tawavek saghyanga taana qeghat.

ighulus	+?

taakut	taake[V][Intr][Ind][3Pl]

angaghqughluki	+?

enraq	+?

mangteghilleghmun	mangteghillegh[N][Ter][Unpd][Sg]

tawavek	+?

saghyanga	saghya[N][Abs][3SgPoss][SgPosd]

taana	taana

qeghat	qeghagh[N][Abs][Unpd][Pl]
qeghat	qeghagh[N][Rel][Unpd][Pl]

------------------------
Allaneng tanpeghmeng qantaghluki.

allaneng	alla[N][Abl_Mod][Unpd][Pl]

tanpeghmeng	tanpegh[N][Rel][4DuPoss][SgPosd]
tanpeghmeng	tanpegh[N][Rel][4DuPoss][PlPosd]
tanpeghmeng	tanpegh[N][Rel][4PlPoss][SgPosd]
tanpeghmeng	tanpegh[N][Rel][4PlPoss][PlPosd]
tanpeghmeng	tanpegh[N][Abl_Mod][Unpd][Sg]

qantaghluki	+?

------------------------
Enkaam ighulut mangtegham minglengakun ayaqighqughluku.

enkaam	enkaam

ighulut	ighulugh[N][Abs][Unpd][Pl]
ighulut	ighulugh[N][Rel][Unpd][Pl]

mangtegham	mangteghagh[N][Rel][Unpd][Sg]

minglengakun	+?

ayaqighqughluku	+?

------------------------


------------------------
Unaami unaangupiglluku mangteghasqwaaghet naafqellukillu.

unaami	unaami[N][Abs][Unpd][Sg]

unaangupiglluku	+?

mangteghasqwaaghet	mangteghasqwaagh[N][Abs][Unpd][Pl]
mangteghasqwaaghet	mangteghasqwaagh[N][Rel][Unpd][Pl]

naafqellukillu	+?

------------------------
Taakut aghveghaqetat sivukluteng napaghtaqut, siivantaqut qukaaninneghitut.

taakut	taake[V][Intr][Ind][3Pl]

aghveghaqetat	aghveghagh-~–ke[to.have.as.one's.N(s)][N→V]-te[to.act.on.so.as.to.cause.to.V][V→V][V][Intr][Intrg][3Pl]
aghveghaqetat	aghveghaqetagh[N][Abs][Unpd][Pl]
aghveghaqetat	aghveghaqetagh[N][Rel][Unpd][Pl]

sivukluteng	sivu-~–ke[to.have.as.one's.N(s)][N→V]-te[to.act.on.so.as.to.cause.to.V][V→V]-te[to.act.on.so.as.to.cause.to.V][V→V][V][Intr][Sbrd][3Pl]
sivukluteng	sivu-~–ke[to.have.as.one's.N(s)][N→V]-te[to.act.on.so.as.to.cause.to.V][V→V][V][Intr][Sbrd][3Pl]
sivukluteng	sivu-~–ke[to.have.as.one's.N(s)][N→V][V][Intr][Sbrd][3Pl]
sivukluteng	sivug-~–ke[to.have.as.one's.N(s)][N→V]-te[to.act.on.so.as.to.cause.to.V][V→V]-te[to.act.on.so.as.to.cause.to.V][V→V][V][Intr][Sbrd][3Pl]
sivukluteng	sivug-~–ke[to.have.as.one's.N(s)][N→V]-te[to.act.on.so.as.to.cause.to.V][V→V][V][Intr][Sbrd][3Pl]
sivukluteng	sivug-~–ke[to.have.as.one's.N(s)][N→V][V][Intr][Sbrd][3Pl]

napaghtaqut	napagh-te[to.catch.N][to.go.to.N][N→V]-~(g₁)aqe[to.be.V.ing][to.regularly.or.repeatedly.V][V→V][V][Intr][Ind][3Pl]

siivantaqut	+?

qukaaninneghitut	Qukaa[N][Abs][4SgPoss][SgPosd]-ete[to.be]-te[to.act.on.so.as.to.cause.to.V][V→V]-te[to.act.on.so.as.to.cause.to.V][V→V]-@₁–nghite**[to.not.V][V→V][V][Intr][Ind][3Pl]
qukaaninneghitut	Qukaa[N][Abs][4SgPoss][PlPosd]-ete[to.be]-te[to.act.on.so.as.to.cause.to.V][V→V]-te[to.act.on.so.as.to.cause.to.V][V→V]-@₁–nghite**[to.not.V][V→V][V][Intr][Ind][3Pl]
qukaaninneghitut	Qukaa[N][Loc][Unpd][Pl]-ete[to.be]-te[to.act.on.so.as.to.cause.to.V][V→V]-te[to.act.on.so.as.to.cause.to.V][V→V]-@₁–nghite**[to.not.V][V→V][V][Intr][Ind][3Pl]
qukaaninneghitut	qukagh-~:(ng₁)u[to.be.N][N→V]-@₁~fni[to.say.that.one.is.V-ing][Cmpd_Vbl]-te[to.act.on.so.as.to.cause.to.V][V→V]-te[to.act.on.so.as.to.cause.to.V][V→V]-te[to.act.on.so.as.to.cause.to.V][V→V]-@₁–nghite**[to.not.V][V→V][V][Intr][Ind][3Pl]
qukaaninneghitut	qukagh-~:(ng₁)u[to.be.N][N→V]-@₁~fni[to.say.that.one.is.V-ing][Cmpd_Vbl]-te[to.act.on.so.as.to.cause.to.V][V→V]-te[to.act.on.so.as.to.cause.to.V][V→V]-@₁–nghite**[to.not.V][V→V][V][Intr][Ind][3Pl]
qukaaninneghitut	qukagh-~:(ng₁)u[to.be.N][N→V]-@₁~fni[to.say.that.one.is.V-ing][Cmpd_Vbl]-te[to.act.on.so.as.to.cause.to.V][V→V]-@₁–nghite**[to.not.V][V→V][V][Intr][Ind][3Pl]
qukaaninneghitut	qukagh-~:(ng₁)u[to.be.N][N→V]-@₁~fni[to.say.that.one.is.V-ing][Cmpd_Vbl]-~:(u)te[to.V.for.or.with][to.cause.to.V.as.one.is.V-ing][to.V.toward.each.other][V→V]-te[to.act.on.so.as.to.cause.to.V][V→V]-te[to.act.on.so.as.to.cause.to.V][V→V]-te[to.act.on.so.as.to.cause.to.V][V→V]-@₁–nghite**[to.not.V][V→V][V][Intr][Ind][3Pl]
qukaaninneghitut	qukagh-~:(ng₁)u[to.be.N][N→V]-@₁~fni[to.say.that.one.is.V-ing][Cmpd_Vbl]-~:(u)te[to.V.for.or.with][to.cause.to.V.as.one.is.V-ing][to.V.toward.each.other][V→V]-te[to.act.on.so.as.to.cause.to.V][V→V]-te[to.act.on.so.as.to.cause.to.V][V→V]-@₁–nghite**[to.not.V][V→V][V][Intr][Ind][3Pl]
qukaaninneghitut	qukagh-~:(ng₁)u[to.be.N][N→V]-@₁~fni[to.say.that.one.is.V-ing][Cmpd_Vbl]-~:(u)te[to.V.for.or.with][to.cause.to.V.as.one.is.V-ing][to.V.toward.each.other][V→V]-te[to.act.on.so.as.to.cause.to.V][V→V]-@₁–nghite**[to.not.V][V→V][V][Intr][Ind][3Pl]
qukaaninneghitut	qukagh-~:(ng₁)u[to.be.N][N→V]-@₁~fni[to.say.that.one.is.V-ing][Cmpd_Vbl]-~:(u)te[condition.with.respect.to.V-ing][V→N]-te[to.catch.N][to.go.to.N][N→V]-te[to.act.on.so.as.to.cause.to.V][V→V]-te[to.act.on.so.as.to.cause.to.V][V→V]-@₁–nghite**[to.not.V][V→V][V][Intr][Ind][3Pl]
qukaaninneghitut	qukagh-~:(ng₁)u[to.be.N][N→V]-@₁~fni[to.say.that.one.is.V-ing][Cmpd_Vbl]-~:(u)te[condition.with.respect.to.V-ing][V→N]-te[to.catch.N][to.go.to.N][N→V]-te[to.act.on.so.as.to.cause.to.V][V→V]-@₁–nghite**[to.not.V][V→V][V][Intr][Ind][3Pl]
qukaaninneghitut	qukagh-~:(ng₁)u[to.be.N][N→V]-@₁~fni[to.say.that.one.is.V-ing][Cmpd_Vbl]-~:(u)te[condition.with.respect.to.V-ing][V→N]-te[to.catch.N][to.go.to.N][N→V]-@₁–nghite**[to.not.V][V→V][V][Intr][Ind][3Pl]
qukaaninneghitut	qukagh-~:(ng₁)u[to.be.N][N→V]-@₁~fni[to.say.that.one.is.V-ing][Cmpd_Vbl]-~:(u)te[SBJ.V-ed.something][V→V]-te[to.act.on.so.as.to.cause.to.V][V→V]-te[to.act.on.so.as.to.cause.to.V][V→V]-te[to.act.on.so.as.to.cause.to.V][V→V]-@₁–nghite**[to.not.V][V→V][V][Intr][Ind][3Pl]
qukaaninneghitut	qukagh-~:(ng₁)u[to.be.N][N→V]-@₁~fni[to.say.that.one.is.V-ing][Cmpd_Vbl]-~:(u)te[SBJ.V-ed.something][V→V]-te[to.act.on.so.as.to.cause.to.V][V→V]-te[to.act.on.so.as.to.cause.to.V][V→V]-@₁–nghite**[to.not.V][V→V][V][Intr][Ind][3Pl]
qukaaninneghitut	qukagh-~:(ng₁)u[to.be.N][N→V]-@₁~fni[to.say.that.one.is.V-ing][Cmpd_Vbl]-~:(u)te[SBJ.V-ed.something][V→V]-te[to.act.on.so.as.to.cause.to.V][V→V]-@₁–nghite**[to.not.V][V→V][V][Intr][Ind][3Pl]
qukaaninneghitut	qukagh-~:(ng₁)u[to.be.N][N→V]-~:(u)te[to.V.for.or.with][to.cause.to.V.as.one.is.V-ing][to.V.toward.each.other][V→V]-@₁~fni[to.say.that.one.is.V-ing][Cmpd_Vbl]-te[to.act.on.so.as.to.cause.to.V][V→V]-te[to.act.on.so.as.to.cause.to.V][V→V]-te[to.act.on.so.as.to.cause.to.V][V→V]-te[to.act.on.so.as.to.cause.to.V][V→V]-@₁–nghite**[to.not.V][V→V][V][Intr][Ind][3Pl]
qukaaninneghitut	qukagh-~:(ng₁)u[to.be.N][N→V]-~:(u)te[to.V.for.or.with][to.cause.to.V.as.one.is.V-ing][to.V.toward.each.other][V→V]-@₁~fni[to.say.that.one.is.V-ing][Cmpd_Vbl]-te[to.act.on.so.as.to.cause.to.V][V→V]-te[to.act.on.so.as.to.cause.to.V][V→V]-te[to.act.on.so.as.to.cause.to.V][V→V]-@₁–nghite**[to.not.V][V→V][V][Intr][Ind][3Pl]
qukaaninneghitut	qukagh-~:(ng₁)u[to.be.N][N→V]-~:(u)te[to.V.for.or.with][to.cause.to.V.as.one.is.V-ing][to.V.toward.each.other][V→V]-@₁~fni[to.say.that.one.is.V-ing][Cmpd_Vbl]-te[to.act.on.so.as.to.cause.to.V][V→V]-te[to.act.on.so.as.to.cause.to.V][V→V]-@₁–nghite**[to.not.V][V→V][V][Intr][Ind][3Pl]
qukaaninneghitut	qukagh-~:(ng₁)u[to.be.N][N→V]-~:(u)te[to.V.for.or.with][to.cause.to.V.as.one.is.V-ing][to.V.toward.each.other][V→V]-@₁~fni[to.say.that.one.is.V-ing][Cmpd_Vbl]-te[to.act.on.so.as.to.cause.to.V][V→V]-@₁–nghite**[to.not.V][V→V][V][Intr][Ind][3Pl]
qukaaninneghitut	qukagh-~:(ng₁)u[to.be.N][N→V]-~:(u)te[to.V.for.or.with][to.cause.to.V.as.one.is.V-ing][to.V.toward.each.other][V→V]-@₁~fni[to.say.that.one.is.V-ing][Cmpd_Vbl]-~:(u)te[to.V.for.or.with][to.cause.to.V.as.one.is.V-ing][to.V.toward.each.other][V→V]-te[to.act.on.so.as.to.cause.to.V][V→V]-te[to.act.on.so.as.to.cause.to.V][V→V]-te[to.act.on.so.as.to.cause.to.V][V→V]-te[to.act.on.so.as.to.cause.to.V][V→V]-@₁–nghite**[to.not.V][V→V][V][Intr][Ind][3Pl]
qukaaninneghitut	qukagh-~:(ng₁)u[to.be.N][N→V]-~:(u)te[to.V.for.or.with][to.cause.to.V.as.one.is.V-ing][to.V.toward.each.other][V→V]-@₁~fni[to.say.that.one.is.V-ing][Cmpd_Vbl]-~:(u)te[to.V.for.or.with][to.cause.to.V.as.one.is.V-ing][to.V.toward.each.other][V→V]-te[to.act.on.so.as.to.cause.to.V][V→V]-te[to.act.on.so.as.to.cause.to.V][V→V]-te[to.act.on.so.as.to.cause.to.V][V→V]-@₁–nghite**[to.not.V][V→V][V][Intr][Ind][3Pl]
qukaaninneghitut	qukagh-~:(ng₁)u[to.be.N][N→V]-~:(u)te[to.V.for.or.with][to.cause.to.V.as.one.is.V-ing][to.V.toward.each.other][V→V]-@₁~fni[to.say.that.one.is.V-ing][Cmpd_Vbl]-~:(u)te[to.V.for.or.with][to.cause.to.V.as.one.is.V-ing][to.V.toward.each.other][V→V]-te[to.act.on.so.as.to.cause.to.V][V→V]-te[to.act.on.so.as.to.cause.to.V][V→V]-@₁–nghite**[to.not.V][V→V][V][Intr][Ind][3Pl]
qukaaninneghitut	qukagh-~:(ng₁)u[to.be.N][N→V]-~:(u)te[to.V.for.or.with][to.cause.to.V.as.one.is.V-ing][to.V.toward.each.other][V→V]-@₁~fni[to.say.that.one.is.V-ing][Cmpd_Vbl]-~:(u)te[to.V.for.or.with][to.cause.to.V.as.one.is.V-ing][to.V.toward.each.other][V→V]-te[to.act.on.so.as.to.cause.to.V][V→V]-@₁–nghite**[to.not.V][V→V][V][Intr][Ind][3Pl]
qukaaninneghitut	qukagh-~:(ng₁)u[to.be.N][N→V]-~:(u)te[to.V.for.or.with][to.cause.to.V.as.one.is.V-ing][to.V.toward.each.other][V→V]-@₁~fni[to.say.that.one.is.V-ing][Cmpd_Vbl]-~:(u)te[condition.with.respect.to.V-ing][V→N]-te[to.catch.N][to.go.to.N][N→V]-te[to.act.on.so.as.to.cause.to.V][V→V]-te[to.act.on.so.as.to.cause.to.V][V→V]-te[to.act.on.so.as.to.cause.to.V][V→V]-@₁–nghite**[to.not.V][V→V][V][Intr][Ind][3Pl]
qukaaninneghitut	qukagh-~:(ng₁)u[to.be.N][N→V]-~:(u)te[to.V.for.or.with][to.cause.to.V.as.one.is.V-ing][to.V.toward.each.other][V→V]-@₁~fni[to.say.that.one.is.V-ing][Cmpd_Vbl]-~:(u)te[condition.with.respect.to.V-ing][V→N]-te[to.catch.N][to.go.to.N][N→V]-te[to.act.on.so.as.to.cause.to.V][V→V]-te[to.act.on.so.as.to.cause.to.V][V→V]-@₁–nghite**[to.not.V][V→V][V][Intr][Ind][3Pl]
qukaaninneghitut	qukagh-~:(ng₁)u[to.be.N][N→V]-~:(u)te[to.V.for.or.with][to.cause.to.V.as.one.is.V-ing][to.V.toward.each.other][V→V]-@₁~fni[to.say.that.one.is.V-ing][Cmpd_Vbl]-~:(u)te[condition.with.respect.to.V-ing][V→N]-te[to.catch.N][to.go.to.N][N→V]-te[to.act.on.so.as.to.cause.to.V][V→V]-@₁–nghite**[to.not.V][V→V][V][Intr][Ind][3Pl]
qukaaninneghitut	qukagh-~:(ng₁)u[to.be.N][N→V]-~:(u)te[to.V.for.or.with][to.cause.to.V.as.one.is.V-ing][to.V.toward.each.other][V→V]-@₁~fni[to.say.that.one.is.V-ing][Cmpd_Vbl]-~:(u)te[condition.with.respect.to.V-ing][V→N]-te[to.catch.N][to.go.to.N][N→V]-@₁–nghite**[to.not.V][V→V][V][Intr][Ind][3Pl]
qukaaninneghitut	qukagh-~:(ng₁)u[to.be.N][N→V]-~:(u)te[to.V.for.or.with][to.cause.to.V.as.one.is.V-ing][to.V.toward.each.other][V→V]-@₁~fni[to.say.that.one.is.V-ing][Cmpd_Vbl]-~:(u)te[SBJ.V-ed.something][V→V]-te[to.act.on.so.as.to.cause.to.V][V→V]-te[to.act.on.so.as.to.cause.to.V][V→V]-te[to.act.on.so.as.to.cause.to.V][V→V]-te[to.act.on.so.as.to.cause.to.V][V→V]-@₁–nghite**[to.not.V][V→V][V][Intr][Ind][3Pl]
qukaaninneghitut	qukagh-~:(ng₁)u[to.be.N][N→V]-~:(u)te[to.V.for.or.with][to.cause.to.V.as.one.is.V-ing][to.V.toward.each.other][V→V]-@₁~fni[to.say.that.one.is.V-ing][Cmpd_Vbl]-~:(u)te[SBJ.V-ed.something][V→V]-te[to.act.on.so.as.to.cause.to.V][V→V]-te[to.act.on.so.as.to.cause.to.V][V→V]-te[to.act.on.so.as.to.cause.to.V][V→V]-@₁–nghite**[to.not.V][V→V][V][Intr][Ind][3Pl]
qukaaninneghitut	qukagh-~:(ng₁)u[to.be.N][N→V]-~:(u)te[to.V.for.or.with][to.cause.to.V.as.one.is.V-ing][to.V.toward.each.other][V→V]-@₁~fni[to.say.that.one.is.V-ing][Cmpd_Vbl]-~:(u)te[SBJ.V-ed.something][V→V]-te[to.act.on.so.as.to.cause.to.V][V→V]-te[to.act.on.so.as.to.cause.to.V][V→V]-@₁–nghite**[to.not.V][V→V][V][Intr][Ind][3Pl]
qukaaninneghitut	qukagh-~:(ng₁)u[to.be.N][N→V]-~:(u)te[to.V.for.or.with][to.cause.to.V.as.one.is.V-ing][to.V.toward.each.other][V→V]-@₁~fni[to.say.that.one.is.V-ing][Cmpd_Vbl]-~:(u)te[SBJ.V-ed.something][V→V]-te[to.act.on.so.as.to.cause.to.V][V→V]-@₁–nghite**[to.not.V][V→V][V][Intr][Ind][3Pl]
qukaaninneghitut	qukagh-~:(ng₁)u[to.be.N][N→V]-~:(u)te[SBJ.V-ed.something][V→V]-@₁~fni[to.say.that.one.is.V-ing][Cmpd_Vbl]-te[to.act.on.so.as.to.cause.to.V][V→V]-te[to.act.on.so.as.to.cause.to.V][V→V]-te[to.act.on.so.as.to.cause.to.V][V→V]-te[to.act.on.so.as.to.cause.to.V][V→V]-@₁–nghite**[to.not.V][V→V][V][Intr][Ind][3Pl]
qukaaninneghitut	qukagh-~:(ng₁)u[to.be.N][N→V]-~:(u)te[SBJ.V-ed.something][V→V]-@₁~fni[to.say.that.one.is.V-ing][Cmpd_Vbl]-te[to.act.on.so.as.to.cause.to.V][V→V]-te[to.act.on.so.as.to.cause.to.V][V→V]-te[to.act.on.so.as.to.cause.to.V][V→V]-@₁–nghite**[to.not.V][V→V][V][Intr][Ind][3Pl]
qukaaninneghitut	qukagh-~:(ng₁)u[to.be.N][N→V]-~:(u)te[SBJ.V-ed.something][V→V]-@₁~fni[to.say.that.one.is.V-ing][Cmpd_Vbl]-te[to.act.on.so.as.to.cause.to.V][V→V]-te[to.act.on.so.as.to.cause.to.V][V→V]-@₁–nghite**[to.not.V][V→V][V][Intr][Ind][3Pl]
qukaaninneghitut	qukagh-~:(ng₁)u[to.be.N][N→V]-~:(u)te[SBJ.V-ed.something][V→V]-@₁~fni[to.say.that.one.is.V-ing][Cmpd_Vbl]-te[to.act.on.so.as.to.cause.to.V][V→V]-@₁–nghite**[to.not.V][V→V][V][Intr][Ind][3Pl]
qukaaninneghitut	qukagh-~:(ng₁)u[to.be.N][N→V]-~:(u)te[SBJ.V-ed.something][V→V]-@₁~fni[to.say.that.one.is.V-ing][Cmpd_Vbl]-~:(u)te[to.V.for.or.with][to.cause.to.V.as.one.is.V-ing][to.V.toward.each.other][V→V]-te[to.act.on.so.as.to.cause.to.V][V→V]-te[to.act.on.so.as.to.cause.to.V][V→V]-te[to.act.on.so.as.to.cause.to.V][V→V]-te[to.act.on.so.as.to.cause.to.V][V→V]-@₁–nghite**[to.not.V][V→V][V][Intr][Ind][3Pl]
qukaaninneghitut	qukagh-~:(ng₁)u[to.be.N][N→V]-~:(u)te[SBJ.V-ed.something][V→V]-@₁~fni[to.say.that.one.is.V-ing][Cmpd_Vbl]-~:(u)te[to.V.for.or.with][to.cause.to.V.as.one.is.V-ing][to.V.toward.each.other][V→V]-te[to.act.on.so.as.to.cause.to.V][V→V]-te[to.act.on.so.as.to.cause.to.V][V→V]-te[to.act.on.so.as.to.cause.to.V][V→V]-@₁–nghite**[to.not.V][V→V][V][Intr][Ind][3Pl]
qukaaninneghitut	qukagh-~:(ng₁)u[to.be.N][N→V]-~:(u)te[SBJ.V-ed.something][V→V]-@₁~fni[to.say.that.one.is.V-ing][Cmpd_Vbl]-~:(u)te[to.V.for.or.with][to.cause.to.V.as.one.is.V-ing][to.V.toward.each.other][V→V]-te[to.act.on.so.as.to.cause.to.V][V→V]-te[to.act.on.so.as.to.cause.to.V][V→V]-@₁–nghite**[to.not.V][V→V][V][Intr][Ind][3Pl]
qukaaninneghitut	qukagh-~:(ng₁)u[to.be.N][N→V]-~:(u)te[SBJ.V-ed.something][V→V]-@₁~fni[to.say.that.one.is.V-ing][Cmpd_Vbl]-~:(u)te[to.V.for.or.with][to.cause.to.V.as.one.is.V-ing][to.V.toward.each.other][V→V]-te[to.act.on.so.as.to.cause.to.V][V→V]-@₁–nghite**[to.not.V][V→V][V][Intr][Ind][3Pl]
qukaaninneghitut	qukagh-~:(ng₁)u[to.be.N][N→V]-~:(u)te[SBJ.V-ed.something][V→V]-@₁~fni[to.say.that.one.is.V-ing][Cmpd_Vbl]-~:(u)te[condition.with.respect.to.V-ing][V→N]-te[to.catch.N][to.go.to.N][N→V]-te[to.act.on.so.as.to.cause.to.V][V→V]-te[to.act.on.so.as.to.cause.to.V][V→V]-te[to.act.on.so.as.to.cause.to.V][V→V]-@₁–nghite**[to.not.V][V→V][V][Intr][Ind][3Pl]
qukaaninneghitut	qukagh-~:(ng₁)u[to.be.N][N→V]-~:(u)te[SBJ.V-ed.something][V→V]-@₁~fni[to.say.that.one.is.V-ing][Cmpd_Vbl]-~:(u)te[condition.with.respect.to.V-ing][V→N]-te[to.catch.N][to.go.to.N][N→V]-te[to.act.on.so.as.to.cause.to.V][V→V]-te[to.act.on.so.as.to.cause.to.V][V→V]-@₁–nghite**[to.not.V][V→V][V][Intr][Ind][3Pl]
qukaaninneghitut	qukagh-~:(ng₁)u[to.be.N][N→V]-~:(u)te[SBJ.V-ed.something][V→V]-@₁~fni[to.say.that.one.is.V-ing][Cmpd_Vbl]-~:(u)te[condition.with.respect.to.V-ing][V→N]-te[to.catch.N][to.go.to.N][N→V]-te[to.act.on.so.as.to.cause.to.V][V→V]-@₁–nghite**[to.not.V][V→V][V][Intr][Ind][3Pl]
qukaaninneghitut	qukagh-~:(ng₁)u[to.be.N][N→V]-~:(u)te[SBJ.V-ed.something][V→V]-@₁~fni[to.say.that.one.is.V-ing][Cmpd_Vbl]-~:(u)te[condition.with.respect.to.V-ing][V→N]-te[to.catch.N][to.go.to.N][N→V]-@₁–nghite**[to.not.V][V→V][V][Intr][Ind][3Pl]
qukaaninneghitut	qukagh-~:(ng₁)u[to.be.N][N→V]-~:(u)te[SBJ.V-ed.something][V→V]-@₁~fni[to.say.that.one.is.V-ing][Cmpd_Vbl]-~:(u)te[SBJ.V-ed.something][V→V]-te[to.act.on.so.as.to.cause.to.V][V→V]-te[to.act.on.so.as.to.cause.to.V][V→V]-te[to.act.on.so.as.to.cause.to.V][V→V]-te[to.act.on.so.as.to.cause.to.V][V→V]-@₁–nghite**[to.not.V][V→V][V][Intr][Ind][3Pl]
qukaaninneghitut	qukagh-~:(ng₁)u[to.be.N][N→V]-~:(u)te[SBJ.V-ed.something][V→V]-@₁~fni[to.say.that.one.is.V-ing][Cmpd_Vbl]-~:(u)te[SBJ.V-ed.something][V→V]-te[to.act.on.so.as.to.cause.to.V][V→V]-te[to.act.on.so.as.to.cause.to.V][V→V]-te[to.act.on.so.as.to.cause.to.V][V→V]-@₁–nghite**[to.not.V][V→V][V][Intr][Ind][3Pl]
qukaaninneghitut	qukagh-~:(ng₁)u[to.be.N][N→V]-~:(u)te[SBJ.V-ed.something][V→V]-@₁~fni[to.say.that.one.is.V-ing][Cmpd_Vbl]-~:(u)te[SBJ.V-ed.something][V→V]-te[to.act.on.so.as.to.cause.to.V][V→V]-te[to.act.on.so.as.to.cause.to.V][V→V]-@₁–nghite**[to.not.V][V→V][V][Intr][Ind][3Pl]
qukaaninneghitut	qukagh-~:(ng₁)u[to.be.N][N→V]-~:(u)te[SBJ.V-ed.something][V→V]-@₁~fni[to.say.that.one.is.V-ing][Cmpd_Vbl]-~:(u)te[SBJ.V-ed.something][V→V]-te[to.act.on.so.as.to.cause.to.V][V→V]-@₁–nghite**[to.not.V][V→V][V][Intr][Ind][3Pl]
qukaaninneghitut	qukagh[N][Loc][3SgPoss][SgPosd]-ete[to.be]-te[to.act.on.so.as.to.cause.to.V][V→V]-te[to.act.on.so.as.to.cause.to.V][V→V]-@₁–nghite**[to.not.V][V→V][V][Intr][Ind][3Pl]
qukaaninneghitut	qukagh[N][Loc][3SgPoss][PlPosd]-ete[to.be]-te[to.act.on.so.as.to.cause.to.V][V→V]-te[to.act.on.so.as.to.cause.to.V][V→V]-@₁–nghite**[to.not.V][V→V][V][Intr][Ind][3Pl]

------------------------
Enkaam laagulluuteng ayuqelghiit.

enkaam	enkaam

laagulluuteng	+?

ayuqelghiit	+?

------------------------
Peghuluki petugteghluki estamaneng.

peghuluki	+?

petugteghluki	+?

estamaneng	+?

------------------------
Ighulut nefteghqughnaqenghata yuget mayughaqut.

ighulut	ighulugh[N][Abs][Unpd][Pl]
ighulut	ighulugh[N][Rel][Unpd][Pl]

nefteghqughnaqenghata	+?

yuget	yu(u)g[N][Abs][Unpd][Pl]
yuget	yu(u)g[N][Rel][Unpd][Pl]
yuget	yug[N][Abs][Unpd][Pl]
yuget	yug[N][Rel][Unpd][Pl]

mayughaqut	mayugh-~(g₁)aqe[to.be.V.ing][to.regularly.or.repeatedly.V][V→V][V][Intr][Ind][3Pl]

------------------------
Tapghaghmeng piizngaata qaquurameng, sivutmun qaquurii ayuqut.

tapghaghmeng	+?

piizngaata	+?

qaquurameng	qaquuragh[N][Rel][4DuPoss][SgPosd]
qaquurameng	qaquuragh[N][Rel][4DuPoss][PlPosd]
qaquurameng	qaquuragh[N][Rel][4PlPoss][SgPosd]
qaquurameng	qaquuragh[N][Rel][4PlPoss][PlPosd]
qaquurameng	qaquuragh[N][Abl_Mod][Unpd][Sg]

sivutmun	sivutmute[N][Abs][Unpd][Sg]

qaquurii	qaquuragh-~:(ng₁)u[to.be.N][N→V]-~i[SBJ.V-ed.something][V→V]-~i[SBJ.V-ed.something][V→V]-~i[SBJ.V-ed.something][V→V]-~i[SBJ.V-ed.something][V→V]-~i[SBJ.V-ed.something][V→V][V][Intr][Opt][PRS][2Sg]
qaquurii	qaquuragh-~:(ng₁)u[to.be.N][N→V]-~i[SBJ.V-ed.something][V→V]-~i[SBJ.V-ed.something][V→V]-~i[SBJ.V-ed.something][V→V]-~i[SBJ.V-ed.something][V→V][V][Intr][Opt][PRS][2Sg]
qaquurii	qaquuragh-~:(ng₁)u[to.be.N][N→V]-~i[SBJ.V-ed.something][V→V]-~i[SBJ.V-ed.something][V→V]-~i[SBJ.V-ed.something][V→V][V][Intr][Opt][PRS][2Sg]
qaquurii	qaquuragh-~:(ng₁)u[to.be.N][N→V]-~i[SBJ.V-ed.something][V→V]-~i[SBJ.V-ed.something][V→V][V][Intr][Opt][PRS][2Sg]
qaquurii	qaquuragh-~:(ng₁)u[to.be.N][N→V]-~i[SBJ.V-ed.something][V→V][V][Intr][Opt][PRS][2Sg]
qaquurii	qaquuragh[N][Abs][3SgPoss][PlPosd]

ayuqut	+?

------------------------


------------------------
Aghveghaqetat taakut piisteghpagluteng one-foot-neng taaklluteng.

aghveghaqetat	aghveghagh-~–ke[to.have.as.one's.N(s)][N→V]-te[to.act.on.so.as.to.cause.to.V][V→V][V][Intr][Intrg][3Pl]
aghveghaqetat	aghveghaqetagh[N][Abs][Unpd][Pl]
aghveghaqetat	aghveghaqetagh[N][Rel][Unpd][Pl]

taakut	taake[V][Intr][Ind][3Pl]

piisteghpagluteng	+?

onefootneng	+?

taaklluteng	+?

------------------------
Enkaam tapghaghmeng iqugi taakut kingunganengllu pimeng, sivulighneghmengllu.

enkaam	enkaam

tapghaghmeng	+?

iqugi	iqug[N][Abs][3SgPoss][PlPosd]

taakut	taake[V][Intr][Ind][3Pl]

kingunganengllu	kingu[N][Abl_Mod][3SgPoss][SgPosd]-llu[Encl]
kingunganengllu	kingu[N][Abl_Mod][3SgPoss][PlPosd]-llu[Encl]

pimeng	pi[N][Rel][4DuPoss][SgPosd]
pimeng	pi[N][Rel][4DuPoss][PlPosd]
pimeng	pi[N][Rel][4PlPoss][SgPosd]
pimeng	pi[N][Rel][4PlPoss][PlPosd]
pimeng	pi[N][Abl_Mod][Unpd][Sg]

sivulighneghmengllu	sivuligh*-te[to.catch.N][to.go.to.N][N→V]-@₁–negh[the.act.or.activity.of.V-ing][V→N][N][Rel][4DuPoss][SgPosd]-llu[Encl]
sivulighneghmengllu	sivuligh*-te[to.catch.N][to.go.to.N][N→V]-@₁–negh[the.act.or.activity.of.V-ing][V→N][N][Rel][4DuPoss][PlPosd]-llu[Encl]
sivulighneghmengllu	sivuligh*-te[to.catch.N][to.go.to.N][N→V]-@₁–negh[the.act.or.activity.of.V-ing][V→N][N][Rel][4PlPoss][SgPosd]-llu[Encl]
sivulighneghmengllu	sivuligh*-te[to.catch.N][to.go.to.N][N→V]-@₁–negh[the.act.or.activity.of.V-ing][V→N][N][Rel][4PlPoss][PlPosd]-llu[Encl]
sivulighneghmengllu	sivuligh*-te[to.catch.N][to.go.to.N][N→V]-@₁–negh[the.act.or.activity.of.V-ing][V→N][N][Abl_Mod][Unpd][Sg]-llu[Encl]

------------------------
Tapghaa taaggun aghveghaqetam singigakun negavluku.

tapghaa	tapghagh-~:(ng₁)u[to.be.N][N→V][V][Intr][Opt][PRS][2Sg]
tapghaa	tapghagh[N][Abs][3SgPoss][SgPosd]

taaggun	+?

aghveghaqetam	aghveghaqetagh[N][Rel][Unpd][Sg]

singigakun	singig[N][Via][3DuPoss][PlPosd]
singigakun	singig[N][Via][3SgPoss][SgPosd]
singigakun	singig[N][Via][3SgPoss][PlPosd]

negavluku	+?

------------------------
Sivulighneghi takitaghaghaqut.

sivulighneghi	sivuligh*-te[to.catch.N][to.go.to.N][N→V]-@₁–negh[the.act.or.activity.of.V-ing][V→N][N][Abs][3SgPoss][PlPosd]

takitaghaghaqut	+?

------------------------
Enkaam yuget tawavek mayughaqut tullumget unaghsit nekeglluki.

enkaam	enkaam

yuget	yu(u)g[N][Abs][Unpd][Pl]
yuget	yu(u)g[N][Rel][Unpd][Pl]
yuget	yug[N][Abs][Unpd][Pl]
yuget	yug[N][Rel][Unpd][Pl]

tawavek	+?

mayughaqut	mayugh-~(g₁)aqe[to.be.V.ing][to.regularly.or.repeatedly.V][V→V][V][Intr][Ind][3Pl]

tullumget	tullumeg[N][Abs][Unpd][Pl]
tullumget	tullumeg[N][Rel][Unpd][Pl]

unaghsit	unaghsigh[N][Abs][Unpd][Pl]
unaghsit	unaghsigh[N][Rel][Unpd][Pl]

nekeglluki	+?

------------------------


------------------------
Taakeghllalghiit tunuqam pingi.

taakeghllalghiit	+?

tunuqam	tunuqagh[N][Rel][Unpd][Sg]

pingi	pi[N][Abs][3SgPoss][PlPosd]

------------------------
Ighulut sanguut thirty feet-nguut ilangi one by four-et.

ighulut	ighulugh[N][Abs][Unpd][Pl]
ighulut	ighulugh[N][Rel][Unpd][Pl]

sanguut	sa-~:(ng₁)u[to.be.N][N→V][V][Intr][Ind][3Pl]

thirty	+?

feetnguut	+?

ilangi	ila[N][Abs][3SgPoss][PlPosd]

one	+?

by	+?

fouret	+?

------------------------
Enkaam nemghusimiita tugaaqluki.

enkaam	enkaam

nemghusimiita	nemegh-~:(ng₁)u[to.be.N][N→V]-~:(u)te[to.V.for.or.with][to.cause.to.V.as.one.is.V-ing][to.V.toward.each.other][V→V]-@₁~:(i/u)ma[to.have.V-ed][to.have.been.V-ed][V→V]-~i[SBJ.V-ed.something][V→V]-~i[SBJ.V-ed.something][V→V]-~i[SBJ.V-ed.something][V→V]-~:(u)te[condition.with.respect.to.V-ing][V→N][N][Abs][Unpd][Sg]
nemghusimiita	nemegh-~:(ng₁)u[to.be.N][N→V]-~:(u)te[to.V.for.or.with][to.cause.to.V.as.one.is.V-ing][to.V.toward.each.other][V→V]-@₁~:(i/u)ma[to.have.V-ed][to.have.been.V-ed][V→V]-~i[SBJ.V-ed.something][V→V]-~i[SBJ.V-ed.something][V→V]-~i[SBJ.V-ed.something][V→V]-~:(u)ta[condition.with.respect.to.V-ing][V→N][N][Abs][Unpd][Sg]
nemghusimiita	nemegh-~:(ng₁)u[to.be.N][N→V]-~:(u)te[to.V.for.or.with][to.cause.to.V.as.one.is.V-ing][to.V.toward.each.other][V→V]-@₁~:(i/u)ma[to.have.V-ed][to.have.been.V-ed][V→V]-~i[SBJ.V-ed.something][V→V]-~i[SBJ.V-ed.something][V→V]-~i[SBJ.V-ed.something][V→V]-te[to.act.on.so.as.to.cause.to.V][V→V][V][Intr][Intrg][3Sg]
nemghusimiita	nemegh-~:(ng₁)u[to.be.N][N→V]-~:(u)te[to.V.for.or.with][to.cause.to.V.as.one.is.V-ing][to.V.toward.each.other][V→V]-@₁~:(i/u)ma[to.have.V-ed][to.have.been.V-ed][V→V]-~i[SBJ.V-ed.something][V→V]-~i[SBJ.V-ed.something][V→V]-~:(u)te[to.V.for.or.with][to.cause.to.V.as.one.is.V-ing][to.V.toward.each.other][V→V][V][Intr][Intrg][3Sg]
nemghusimiita	nemegh-~:(ng₁)u[to.be.N][N→V]-~:(u)te[to.V.for.or.with][to.cause.to.V.as.one.is.V-ing][to.V.toward.each.other][V→V]-@₁~:(i/u)ma[to.have.V-ed][to.have.been.V-ed][V→V]-~i[SBJ.V-ed.something][V→V]-~i[SBJ.V-ed.something][V→V]-~:(u)te[SBJ.V-ed.something][V→V][V][Intr][Intrg][3Sg]
nemghusimiita	nemegh-~:(ng₁)u[to.be.N][N→V]-~:(u)te[to.V.for.or.with][to.cause.to.V.as.one.is.V-ing][to.V.toward.each.other][V→V]-@₁~:(i/u)ma[to.have.V-ed][to.have.been.V-ed][V→V]-~i[SBJ.V-ed.something][V→V]-~i[SBJ.V-ed.something][V→V]-~:(u)te[condition.with.respect.to.V-ing][V→N][N][Abs][Unpd][Sg]
nemghusimiita	nemegh-~:(ng₁)u[to.be.N][N→V]-~:(u)te[to.V.for.or.with][to.cause.to.V.as.one.is.V-ing][to.V.toward.each.other][V→V]-@₁~:(i/u)ma[to.have.V-ed][to.have.been.V-ed][V→V]-~i[SBJ.V-ed.something][V→V]-~i[SBJ.V-ed.something][V→V]-~:(u)ta[condition.with.respect.to.V-ing][V→N][N][Abs][Unpd][Sg]
nemghusimiita	nemegh-~:(ng₁)u[to.be.N][N→V]-~:(u)te[to.V.for.or.with][to.cause.to.V.as.one.is.V-ing][to.V.toward.each.other][V→V]-@₁~:(i/u)ma[to.have.V-ed][to.have.been.V-ed][V→V]-~i[SBJ.V-ed.something][V→V]-~i[SBJ.V-ed.something][V→V]-te[to.act.on.so.as.to.cause.to.V][V→V][V][Intr][Intrg][3Sg]
nemghusimiita	nemegh-~:(ng₁)u[to.be.N][N→V]-~:(u)te[to.V.for.or.with][to.cause.to.V.as.one.is.V-ing][to.V.toward.each.other][V→V]-@₁~:(i/u)ma[to.have.V-ed][to.have.been.V-ed][V→V]-~i[SBJ.V-ed.something][V→V]-~:(u)te[to.V.for.or.with][to.cause.to.V.as.one.is.V-ing][to.V.toward.each.other][V→V][V][Intr][Intrg][3Sg]
nemghusimiita	nemegh-~:(ng₁)u[to.be.N][N→V]-~:(u)te[to.V.for.or.with][to.cause.to.V.as.one.is.V-ing][to.V.toward.each.other][V→V]-@₁~:(i/u)ma[to.have.V-ed][to.have.been.V-ed][V→V]-~i[SBJ.V-ed.something][V→V]-~:(u)te[SBJ.V-ed.something][V→V][V][Intr][Intrg][3Sg]
nemghusimiita	nemegh-~:(ng₁)u[to.be.N][N→V]-~:(u)te[to.V.for.or.with][to.cause.to.V.as.one.is.V-ing][to.V.toward.each.other][V→V]-@₁~:(i/u)ma[to.have.V-ed][to.have.been.V-ed][V→V]-~i[SBJ.V-ed.something][V→V]-~:(u)te[condition.with.respect.to.V-ing][V→N][N][Abs][Unpd][Sg]
nemghusimiita	nemegh-~:(ng₁)u[to.be.N][N→V]-~:(u)te[to.V.for.or.with][to.cause.to.V.as.one.is.V-ing][to.V.toward.each.other][V→V]-@₁~:(i/u)ma[to.have.V-ed][to.have.been.V-ed][V→V]-~i[SBJ.V-ed.something][V→V]-~:(u)ta[condition.with.respect.to.V-ing][V→N][N][Abs][Unpd][Sg]
nemghusimiita	nemegh-~:(ng₁)u[to.be.N][N→V]-~:(u)te[to.V.for.or.with][to.cause.to.V.as.one.is.V-ing][to.V.toward.each.other][V→V]-@₁~:(i/u)ma[to.have.V-ed][to.have.been.V-ed][V→V]-~i[SBJ.V-ed.something][V→V]-te[to.act.on.so.as.to.cause.to.V][V→V][V][Intr][Intrg][3Sg]
nemghusimiita	nemegh-~:(ng₁)u[to.be.N][N→V]-~:(u)te[to.V.for.or.with][to.cause.to.V.as.one.is.V-ing][to.V.toward.each.other][V→V]-@₁~:(i/u)magh*[while.V-ing][V→V][Quant_Qual][3Du]
nemghusimiita	nemegh-~:(ng₁)u[to.be.N][N→V]-~:(u)te[to.V.for.or.with][to.cause.to.V.as.one.is.V-ing][to.V.toward.each.other][V→V]-@₁~:(i/u)magh*[while.V-ing][V→V][Quant_Qual][3Pl]
nemghusimiita	nemegh-~:(ng₁)u[to.be.N][N→V]-~:(u)te[SBJ.V-ed.something][V→V]-@₁~:(i/u)ma[to.have.V-ed][to.have.been.V-ed][V→V]-~i[SBJ.V-ed.something][V→V]-~i[SBJ.V-ed.something][V→V]-~i[SBJ.V-ed.something][V→V]-~:(u)te[condition.with.respect.to.V-ing][V→N][N][Abs][Unpd][Sg]
nemghusimiita	nemegh-~:(ng₁)u[to.be.N][N→V]-~:(u)te[SBJ.V-ed.something][V→V]-@₁~:(i/u)ma[to.have.V-ed][to.have.been.V-ed][V→V]-~i[SBJ.V-ed.something][V→V]-~i[SBJ.V-ed.something][V→V]-~i[SBJ.V-ed.something][V→V]-~:(u)ta[condition.with.respect.to.V-ing][V→N][N][Abs][Unpd][Sg]
nemghusimiita	nemegh-~:(ng₁)u[to.be.N][N→V]-~:(u)te[SBJ.V-ed.something][V→V]-@₁~:(i/u)ma[to.have.V-ed][to.have.been.V-ed][V→V]-~i[SBJ.V-ed.something][V→V]-~i[SBJ.V-ed.something][V→V]-~i[SBJ.V-ed.something][V→V]-te[to.act.on.so.as.to.cause.to.V][V→V][V][Intr][Intrg][3Sg]
nemghusimiita	nemegh-~:(ng₁)u[to.be.N][N→V]-~:(u)te[SBJ.V-ed.something][V→V]-@₁~:(i/u)ma[to.have.V-ed][to.have.been.V-ed][V→V]-~i[SBJ.V-ed.something][V→V]-~i[SBJ.V-ed.something][V→V]-~:(u)te[to.V.for.or.with][to.cause.to.V.as.one.is.V-ing][to.V.toward.each.other][V→V][V][Intr][Intrg][3Sg]
nemghusimiita	nemegh-~:(ng₁)u[to.be.N][N→V]-~:(u)te[SBJ.V-ed.something][V→V]-@₁~:(i/u)ma[to.have.V-ed][to.have.been.V-ed][V→V]-~i[SBJ.V-ed.something][V→V]-~i[SBJ.V-ed.something][V→V]-~:(u)te[SBJ.V-ed.something][V→V][V][Intr][Intrg][3Sg]
nemghusimiita	nemegh-~:(ng₁)u[to.be.N][N→V]-~:(u)te[SBJ.V-ed.something][V→V]-@₁~:(i/u)ma[to.have.V-ed][to.have.been.V-ed][V→V]-~i[SBJ.V-ed.something][V→V]-~i[SBJ.V-ed.something][V→V]-~:(u)te[condition.with.respect.to.V-ing][V→N][N][Abs][Unpd][Sg]
nemghusimiita	nemegh-~:(ng₁)u[to.be.N][N→V]-~:(u)te[SBJ.V-ed.something][V→V]-@₁~:(i/u)ma[to.have.V-ed][to.have.been.V-ed][V→V]-~i[SBJ.V-ed.something][V→V]-~i[SBJ.V-ed.something][V→V]-~:(u)ta[condition.with.respect.to.V-ing][V→N][N][Abs][Unpd][Sg]
nemghusimiita	nemegh-~:(ng₁)u[to.be.N][N→V]-~:(u)te[SBJ.V-ed.something][V→V]-@₁~:(i/u)ma[to.have.V-ed][to.have.been.V-ed][V→V]-~i[SBJ.V-ed.something][V→V]-~i[SBJ.V-ed.something][V→V]-te[to.act.on.so.as.to.cause.to.V][V→V][V][Intr][Intrg][3Sg]
nemghusimiita	nemegh-~:(ng₁)u[to.be.N][N→V]-~:(u)te[SBJ.V-ed.something][V→V]-@₁~:(i/u)ma[to.have.V-ed][to.have.been.V-ed][V→V]-~i[SBJ.V-ed.something][V→V]-~:(u)te[to.V.for.or.with][to.cause.to.V.as.one.is.V-ing][to.V.toward.each.other][V→V][V][Intr][Intrg][3Sg]
nemghusimiita	nemegh-~:(ng₁)u[to.be.N][N→V]-~:(u)te[SBJ.V-ed.something][V→V]-@₁~:(i/u)ma[to.have.V-ed][to.have.been.V-ed][V→V]-~i[SBJ.V-ed.something][V→V]-~:(u)te[SBJ.V-ed.something][V→V][V][Intr][Intrg][3Sg]
nemghusimiita	nemegh-~:(ng₁)u[to.be.N][N→V]-~:(u)te[SBJ.V-ed.something][V→V]-@₁~:(i/u)ma[to.have.V-ed][to.have.been.V-ed][V→V]-~i[SBJ.V-ed.something][V→V]-~:(u)te[condition.with.respect.to.V-ing][V→N][N][Abs][Unpd][Sg]
nemghusimiita	nemegh-~:(ng₁)u[to.be.N][N→V]-~:(u)te[SBJ.V-ed.something][V→V]-@₁~:(i/u)ma[to.have.V-ed][to.have.been.V-ed][V→V]-~i[SBJ.V-ed.something][V→V]-~:(u)ta[condition.with.respect.to.V-ing][V→N][N][Abs][Unpd][Sg]
nemghusimiita	nemegh-~:(ng₁)u[to.be.N][N→V]-~:(u)te[SBJ.V-ed.something][V→V]-@₁~:(i/u)ma[to.have.V-ed][to.have.been.V-ed][V→V]-~i[SBJ.V-ed.something][V→V]-te[to.act.on.so.as.to.cause.to.V][V→V][V][Intr][Intrg][3Sg]
nemghusimiita	nemegh-~:(ng₁)u[to.be.N][N→V]-~:(u)te[SBJ.V-ed.something][V→V]-@₁~:(i/u)magh*[while.V-ing][V→V][Quant_Qual][3Du]
nemghusimiita	nemegh-~:(ng₁)u[to.be.N][N→V]-~:(u)te[SBJ.V-ed.something][V→V]-@₁~:(i/u)magh*[while.V-ing][V→V][Quant_Qual][3Pl]
nemghusimiita	nemegh-~:(ng₁)u[to.be.N][N→V]-te[to.act.on.so.as.to.cause.to.V][V→V]-@₁~:(i/u)ma[to.have.V-ed][to.have.been.V-ed][V→V]-~i[SBJ.V-ed.something][V→V]-~i[SBJ.V-ed.something][V→V]-~i[SBJ.V-ed.something][V→V]-~i[SBJ.V-ed.something][V→V]-~:(u)te[condition.with.respect.to.V-ing][V→N][N][Abs][Unpd][Sg]
nemghusimiita	nemegh-~:(ng₁)u[to.be.N][N→V]-te[to.act.on.so.as.to.cause.to.V][V→V]-@₁~:(i/u)ma[to.have.V-ed][to.have.been.V-ed][V→V]-~i[SBJ.V-ed.something][V→V]-~i[SBJ.V-ed.something][V→V]-~i[SBJ.V-ed.something][V→V]-~i[SBJ.V-ed.something][V→V]-~:(u)ta[condition.with.respect.to.V-ing][V→N][N][Abs][Unpd][Sg]
nemghusimiita	nemegh-~:(ng₁)u[to.be.N][N→V]-te[to.act.on.so.as.to.cause.to.V][V→V]-@₁~:(i/u)ma[to.have.V-ed][to.have.been.V-ed][V→V]-~i[SBJ.V-ed.something][V→V]-~i[SBJ.V-ed.something][V→V]-~i[SBJ.V-ed.something][V→V]-~i[SBJ.V-ed.something][V→V]-te[to.act.on.so.as.to.cause.to.V][V→V][V][Intr][Intrg][3Sg]
nemghusimiita	nemegh-~:(ng₁)u[to.be.N][N→V]-te[to.act.on.so.as.to.cause.to.V][V→V]-@₁~:(i/u)ma[to.have.V-ed][to.have.been.V-ed][V→V]-~i[SBJ.V-ed.something][V→V]-~i[SBJ.V-ed.something][V→V]-~i[SBJ.V-ed.something][V→V]-~:(u)te[to.V.for.or.with][to.cause.to.V.as.one.is.V-ing][to.V.toward.each.other][V→V][V][Intr][Intrg][3Sg]
nemghusimiita	nemegh-~:(ng₁)u[to.be.N][N→V]-te[to.act.on.so.as.to.cause.to.V][V→V]-@₁~:(i/u)ma[to.have.V-ed][to.have.been.V-ed][V→V]-~i[SBJ.V-ed.something][V→V]-~i[SBJ.V-ed.something][V→V]-~i[SBJ.V-ed.something][V→V]-~:(u)te[SBJ.V-ed.something][V→V][V][Intr][Intrg][3Sg]
nemghusimiita	nemegh-~:(ng₁)u[to.be.N][N→V]-te[to.act.on.so.as.to.cause.to.V][V→V]-@₁~:(i/u)ma[to.have.V-ed][to.have.been.V-ed][V→V]-~i[SBJ.V-ed.something][V→V]-~i[SBJ.V-ed.something][V→V]-~i[SBJ.V-ed.something][V→V]-~:(u)te[condition.with.respect.to.V-ing][V→N][N][Abs][Unpd][Sg]
nemghusimiita	nemegh-~:(ng₁)u[to.be.N][N→V]-te[to.act.on.so.as.to.cause.to.V][V→V]-@₁~:(i/u)ma[to.have.V-ed][to.have.been.V-ed][V→V]-~i[SBJ.V-ed.something][V→V]-~i[SBJ.V-ed.something][V→V]-~i[SBJ.V-ed.something][V→V]-~:(u)ta[condition.with.respect.to.V-ing][V→N][N][Abs][Unpd][Sg]
nemghusimiita	nemegh-~:(ng₁)u[to.be.N][N→V]-te[to.act.on.so.as.to.cause.to.V][V→V]-@₁~:(i/u)ma[to.have.V-ed][to.have.been.V-ed][V→V]-~i[SBJ.V-ed.something][V→V]-~i[SBJ.V-ed.something][V→V]-~i[SBJ.V-ed.something][V→V]-te[to.act.on.so.as.to.cause.to.V][V→V][V][Intr][Intrg][3Sg]
nemghusimiita	nemegh-~:(ng₁)u[to.be.N][N→V]-te[to.act.on.so.as.to.cause.to.V][V→V]-@₁~:(i/u)ma[to.have.V-ed][to.have.been.V-ed][V→V]-~i[SBJ.V-ed.something][V→V]-~i[SBJ.V-ed.something][V→V]-~:(u)te[to.V.for.or.with][to.cause.to.V.as.one.is.V-ing][to.V.toward.each.other][V→V][V][Intr][Intrg][3Sg]
nemghusimiita	nemegh-~:(ng₁)u[to.be.N][N→V]-te[to.act.on.so.as.to.cause.to.V][V→V]-@₁~:(i/u)ma[to.have.V-ed][to.have.been.V-ed][V→V]-~i[SBJ.V-ed.something][V→V]-~i[SBJ.V-ed.something][V→V]-~:(u)te[SBJ.V-ed.something][V→V][V][Intr][Intrg][3Sg]
nemghusimiita	nemegh-~:(ng₁)u[to.be.N][N→V]-te[to.act.on.so.as.to.cause.to.V][V→V]-@₁~:(i/u)ma[to.have.V-ed][to.have.been.V-ed][V→V]-~i[SBJ.V-ed.something][V→V]-~i[SBJ.V-ed.something][V→V]-~:(u)te[condition.with.respect.to.V-ing][V→N][N][Abs][Unpd][Sg]
nemghusimiita	nemegh-~:(ng₁)u[to.be.N][N→V]-te[to.act.on.so.as.to.cause.to.V][V→V]-@₁~:(i/u)ma[to.have.V-ed][to.have.been.V-ed][V→V]-~i[SBJ.V-ed.something][V→V]-~i[SBJ.V-ed.something][V→V]-~:(u)ta[condition.with.respect.to.V-ing][V→N][N][Abs][Unpd][Sg]
nemghusimiita	nemegh-~:(ng₁)u[to.be.N][N→V]-te[to.act.on.so.as.to.cause.to.V][V→V]-@₁~:(i/u)ma[to.have.V-ed][to.have.been.V-ed][V→V]-~i[SBJ.V-ed.something][V→V]-~i[SBJ.V-ed.something][V→V]-te[to.act.on.so.as.to.cause.to.V][V→V][V][Intr][Intrg][3Sg]
nemghusimiita	nemegh-~:(ng₁)u[to.be.N][N→V]-te[to.act.on.so.as.to.cause.to.V][V→V]-@₁~:(i/u)ma[to.have.V-ed][to.have.been.V-ed][V→V]-~i[SBJ.V-ed.something][V→V]-~:(u)te[to.V.for.or.with][to.cause.to.V.as.one.is.V-ing][to.V.toward.each.other][V→V][V][Intr][Intrg][3Sg]
nemghusimiita	nemegh-~:(ng₁)u[to.be.N][N→V]-te[to.act.on.so.as.to.cause.to.V][V→V]-@₁~:(i/u)ma[to.have.V-ed][to.have.been.V-ed][V→V]-~i[SBJ.V-ed.something][V→V]-~:(u)te[SBJ.V-ed.something][V→V][V][Intr][Intrg][3Sg]
nemghusimiita	nemegh-~:(ng₁)u[to.be.N][N→V]-te[to.act.on.so.as.to.cause.to.V][V→V]-@₁~:(i/u)ma[to.have.V-ed][to.have.been.V-ed][V→V]-~i[SBJ.V-ed.something][V→V]-~:(u)te[condition.with.respect.to.V-ing][V→N][N][Abs][Unpd][Sg]
nemghusimiita	nemegh-~:(ng₁)u[to.be.N][N→V]-te[to.act.on.so.as.to.cause.to.V][V→V]-@₁~:(i/u)ma[to.have.V-ed][to.have.been.V-ed][V→V]-~i[SBJ.V-ed.something][V→V]-~:(u)ta[condition.with.respect.to.V-ing][V→N][N][Abs][Unpd][Sg]
nemghusimiita	nemegh-~:(ng₁)u[to.be.N][N→V]-te[to.act.on.so.as.to.cause.to.V][V→V]-@₁~:(i/u)ma[to.have.V-ed][to.have.been.V-ed][V→V]-~i[SBJ.V-ed.something][V→V]-te[to.act.on.so.as.to.cause.to.V][V→V][V][Intr][Intrg][3Sg]
nemghusimiita	nemegh-~:(ng₁)u[to.be.N][N→V]-te[to.act.on.so.as.to.cause.to.V][V→V]-@₁~:(i/u)magh*[while.V-ing][V→V][Quant_Qual][3Du]
nemghusimiita	nemegh-~:(ng₁)u[to.be.N][N→V]-te[to.act.on.so.as.to.cause.to.V][V→V]-@₁~:(i/u)magh*[while.V-ing][V→V][Quant_Qual][3Pl]

tugaaqluki	tugu-~(g₁)aqe[to.be.V.ing][to.regularly.or.repeatedly.V][V→V]-te[to.act.on.so.as.to.cause.to.V][V→V]-te[to.act.on.so.as.to.cause.to.V][V→V][V][Trns][Sbrd][_][3Pl]
tugaaqluki	tugu-~(g₁)aqe[to.be.V.ing][to.regularly.or.repeatedly.V][V→V]-te[to.act.on.so.as.to.cause.to.V][V→V][V][Trns][Sbrd][_][3Pl]
tugaaqluki	tugu-~(g₁)aqe[to.be.V.ing][to.regularly.or.repeatedly.V][V→V][V][Trns][Sbrd][_][3Pl]

------------------------
Siingutighluki nuuvunneghata piiqiit.

siingutighluki	+?

nuuvunneghata	+?

piiqiit	pi-~(g₁)aqe[to.be.V.ing][to.regularly.or.repeatedly.V][V→V]-~i[SBJ.V-ed.something][V→V][V][Intr][Intrg][3Pl]
piiqiit	pi-~(g₁)aqe[to.be.V.ing][to.regularly.or.repeatedly.V][V→V]-~i[SBJ.V-ed.something][V→V][V][Intr][Ind][3Pl]
piiqiit	pi-~(g₁)aqe[to.be.V.ing][to.regularly.or.repeatedly.V][V→V][V][Trns][Ind][3Pl][3Pl]
piiqiit	pi-~(g₁)aqe[to.be.V.ing][to.regularly.or.repeatedly.V][V→V][V][Trns][Ind][3Du][3Sg]
piiqiit	piigh-~–ke[to.have.as.one's.N(s)][N→V]-~i[SBJ.V-ed.something][V→V][V][Intr][Intrg][3Pl]
piiqiit	piigh-~–ke[to.have.as.one's.N(s)][N→V]-~i[SBJ.V-ed.something][V→V][V][Intr][Ind][3Pl]

------------------------
Ayveghem tulimii unaghsikun nuuvulluki taakut ighulut uniistaaghaalghiit.  

ayveghem	ayvegh[N][Rel][Unpd][Sg]

tulimii	tulimagh-~:(ng₁)u[to.be.N][N→V]-~i[SBJ.V-ed.something][V→V]-~i[SBJ.V-ed.something][V→V]-~i[SBJ.V-ed.something][V→V]-~i[SBJ.V-ed.something][V→V]-~i[SBJ.V-ed.something][V→V][V][Intr][Opt][PRS][2Sg]
tulimii	tulimagh-~:(ng₁)u[to.be.N][N→V]-~i[SBJ.V-ed.something][V→V]-~i[SBJ.V-ed.something][V→V]-~i[SBJ.V-ed.something][V→V]-~i[SBJ.V-ed.something][V→V][V][Intr][Opt][PRS][2Sg]
tulimii	tulimagh-~:(ng₁)u[to.be.N][N→V]-~i[SBJ.V-ed.something][V→V]-~i[SBJ.V-ed.something][V→V]-~i[SBJ.V-ed.something][V→V][V][Intr][Opt][PRS][2Sg]
tulimii	tulimagh-~:(ng₁)u[to.be.N][N→V]-~i[SBJ.V-ed.something][V→V]-~i[SBJ.V-ed.something][V→V][V][Intr][Opt][PRS][2Sg]
tulimii	tulimagh-~:(ng₁)u[to.be.N][N→V]-~i[SBJ.V-ed.something][V→V][V][Intr][Opt][PRS][2Sg]
tulimii	tulimagh[N][Abs][3SgPoss][PlPosd]

unaghsikun	unaghsigh[N][Via][Unpd][Sg]

nuuvulluki	+?

taakut	taake[V][Intr][Ind][3Pl]

ighulut	ighulugh[N][Abs][Unpd][Pl]
ighulut	ighulugh[N][Rel][Unpd][Pl]

uniistaaghaalghiit	+?

------------------------


------------------------
Pikavek singikragmun nuuvulluki taaggun unaghsikun inglungallu tawaten iggwani unaghsiq sangwaa tuquuqaghpak quwaataqluku ingleghtakun, nemghutfigkat iqugi ighulum ranmemelnguut nemghutaqluki taagken tawaten nefteghqughaqaat ighuluq nemghutaqluku saninganun tawavek.

pikavek	pikavek

singikragmun	Singikrag[N][Ter][Unpd][Sg]

nuuvulluki	+?

taaggun	+?

unaghsikun	unaghsigh[N][Via][Unpd][Sg]

inglungallu	inglu[N][Abs][3SgPoss][SgPosd]-llu[Encl]

tawaten	tawaten

iggwani	+?

unaghsiq	unaghsigh[N][Abs][Unpd][Sg]

sangwaa	sa-~:(ng₁)u[to.be.N][N→V][V][Intr][Intrg][3Sg]
sangwaa	sangwaa[N][Abs][Unpd][Sg]

tuquuqaghpak	+?

quwaataqluku	+?

ingleghtakun	+?

nemghutfigkat	+?

iqugi	iqug[N][Abs][3SgPoss][PlPosd]

ighulum	ighulugh[N][Rel][Unpd][Sg]

ranmemelnguut	+?

nemghutaqluki	+?

taagken	taagken

tawaten	tawaten

nefteghqughaqaat	+?

ighuluq	ighulugh[N][Abs][Unpd][Sg]

nemghutaqluku	+?

saninganun	sani[N][Ter][3SgPoss][SgPosd]
saninganun	sani[N][Ter][3SgPoss][PlPosd]

tawavek	+?

------------------------


------------------------
Sivulighneghes taakut tullumguut atillghi.

sivulighneghes	+?

taakut	taake[V][Intr][Ind][3Pl]

tullumguut	tullumeg-~:(ng₁)u[to.be.N][N→V][V][Intr][Ind][3Pl]

atillghi	+?

------------------------
Eslegelghiit, angqaperukegtat teggmalghiit tespikavek quulmun pilaghaqegkangit.

eslegelghiit	+?

angqaperukegtat	+?

teggmalghiit	+?

tespikavek	+?

quulmun	+?

pilaghaqegkangit	+?

------------------------
Enkaam ighulaa qamaglluki nefteghquneghmegteggu guulgutnguut atillghi maalghuneng napaqalget.

enkaam	enkaam

ighulaa	ighulugh[N][Abs][3SgPoss][SgPosd]

qamaglluki	+?

nefteghquneghmegteggu	+?

guulgutnguut	guugh-–leg[one.having.N][N→N]-~:(ng₁)u[to.be.N][N→V]-~:(u)te[condition.with.respect.to.V-ing][V→N]-~:(ng₁)u[to.be.N][N→V][V][Intr][Ind][3Pl]
guulgutnguut	guugh-–lgu[to.have.N][N→V]-~:(u)te[condition.with.respect.to.V-ing][V→N]-~:(ng₁)u[to.be.N][N→V][V][Intr][Ind][3Pl]
guulgutnguut	guulgute-~:(ng₁)u[to.be.N][N→V][V][Intr][Ind][3Pl]

atillghi	+?

maalghuneng	+?

napaqalget	napaqagh-–leg[one.having.N][N→N][N][Abs][Unpd][Pl]
napaqalget	napaqagh-–leg[one.having.N][N→N][N][Rel][Unpd][Pl]
napaqalget	napaqagh-–lget[to.have.N][AUG]

------------------------
Tuquuqameng lliiqaalghiit, aguqaagmelluki tunuqam pingi sivuklluki nekegtaqiit.

tuquuqameng	tuquuqagh[N][Rel][4DuPoss][SgPosd]
tuquuqameng	tuquuqagh[N][Rel][4DuPoss][PlPosd]
tuquuqameng	tuquuqagh[N][Rel][4PlPoss][SgPosd]
tuquuqameng	tuquuqagh[N][Rel][4PlPoss][PlPosd]
tuquuqameng	tuquuqagh[N][Abl_Mod][Unpd][Sg]

lliiqaalghiit	lliigh[Imprs_Agnt]-~sf–(g₃)kau[to.have.V-ed][to.have.been.V-ed][V→V]-@₁–lghii[the.one.that.V-ed][the.one.that.is.V][V→N][N][Abs][Unpd][Pl]
lliiqaalghiit	lliigh[Imprs_Agnt]-~sf–(g₃)kau[to.have.V-ed][to.have.been.V-ed][V→V]-@₁–lghii[the.one.that.V-ed][the.one.that.is.V][V→N][N][Rel][Unpd][Pl]

aguqaagmelluki	+?

tunuqam	tunuqagh[N][Rel][Unpd][Sg]

pingi	pi[N][Abs][3SgPoss][PlPosd]

sivuklluki	+?

nekegtaqiit	nekeg-te[to.catch.N][to.go.to.N][N→V]-~(g₁)aqe[to.be.V.ing][to.regularly.or.repeatedly.V][V→V]-~i[SBJ.V-ed.something][V→V][V][Intr][Intrg][3Pl]
nekegtaqiit	nekeg-te[to.catch.N][to.go.to.N][N→V]-~(g₁)aqe[to.be.V.ing][to.regularly.or.repeatedly.V][V→V]-~i[SBJ.V-ed.something][V→V][V][Intr][Ind][3Pl]

------------------------
Enkaam yugem esghapagaqii, quulmun ayagsineghqesiighluki sakniqulluki, nunangi tuusameng aatqut.

enkaam	enkaam

yugem	yu(u)g[N][Rel][Unpd][Sg]
yugem	yug[N][Rel][Unpd][Sg]

esghapagaqii	+?

quulmun	+?

ayagsineghqesiighluki	+?

sakniqulluki	+?

nunangi	nuna[N][Abs][3SgPoss][PlPosd]

tuusameng	+?

aatqut	ategh-~–ke[to.have.as.one's.N(s)][N→V][V][Intr][Ind][3Pl]
aatqut	Ategh-~–ke[to.have.as.one's.N(s)][N→V][V][Intr][Ind][3Pl]

------------------------
Tuutfigkat apumgiitat nunamun unaghsit.

tuutfigkat	+?

apumgiitat	+?

nunamun	nuna[N][Ter][Unpd][Sg]

unaghsit	unaghsigh[N][Abs][Unpd][Pl]
unaghsit	unaghsigh[N][Rel][Unpd][Pl]

------------------------
Enkaam iqugi taakut ayagutnguut atillghi guulgutem napaqii.

enkaam	enkaam

iqugi	iqug[N][Abs][3SgPoss][PlPosd]

taakut	taake[V][Intr][Ind][3Pl]

ayagutnguut	ayag-~:(ng₁)u[to.be.N][N→V]-~:(u)te[condition.with.respect.to.V-ing][V→N]-~:(ng₁)u[to.be.N][N→V][V][Intr][Ind][3Pl]
ayagutnguut	ayagute-~:(ng₁)u[to.be.N][N→V][V][Intr][Ind][3Pl]

atillghi	+?

guulgutem	guugh-–leg[one.having.N][N→N]-~:(ng₁)u[to.be.N][N→V]-~:(u)te[condition.with.respect.to.V-ing][V→N][N][Rel][Unpd][Sg]
guulgutem	guugh-–lgu[to.have.N][N→V]-~:(u)te[condition.with.respect.to.V-ing][V→N][N][Rel][Unpd][Sg]
guulgutem	guulgute[N][Rel][Unpd][Sg]

napaqii	napagh-~–ke[to.have.as.one's.N(s)][N→V]-~i[SBJ.V-ed.something][V→V]-~i[SBJ.V-ed.something][V→V]-~i[SBJ.V-ed.something][V→V]-~i[SBJ.V-ed.something][V→V]-~i[SBJ.V-ed.something][V→V][V][Intr][Opt][PRS][2Sg]
napaqii	napagh-~–ke[to.have.as.one's.N(s)][N→V]-~i[SBJ.V-ed.something][V→V]-~i[SBJ.V-ed.something][V→V]-~i[SBJ.V-ed.something][V→V]-~i[SBJ.V-ed.something][V→V][V][Intr][Opt][PRS][2Sg]
napaqii	napagh-~–ke[to.have.as.one's.N(s)][N→V]-~i[SBJ.V-ed.something][V→V]-~i[SBJ.V-ed.something][V→V]-~i[SBJ.V-ed.something][V→V][V][Intr][Opt][PRS][2Sg]
napaqii	napagh-~–ke[to.have.as.one's.N(s)][N→V]-~i[SBJ.V-ed.something][V→V]-~i[SBJ.V-ed.something][V→V][V][Intr][Opt][PRS][2Sg]
napaqii	napagh-~–ke[to.have.as.one's.N(s)][N→V]-~i[SBJ.V-ed.something][V→V][V][Intr][Intrg][3Sg]
napaqii	napaqagh-~:(ng₁)u[to.be.N][N→V]-~i[SBJ.V-ed.something][V→V]-~i[SBJ.V-ed.something][V→V]-~i[SBJ.V-ed.something][V→V]-~i[SBJ.V-ed.something][V→V]-~i[SBJ.V-ed.something][V→V][V][Intr][Opt][PRS][2Sg]
napaqii	napaqagh-~:(ng₁)u[to.be.N][N→V]-~i[SBJ.V-ed.something][V→V]-~i[SBJ.V-ed.something][V→V]-~i[SBJ.V-ed.something][V→V]-~i[SBJ.V-ed.something][V→V][V][Intr][Opt][PRS][2Sg]
napaqii	napaqagh-~:(ng₁)u[to.be.N][N→V]-~i[SBJ.V-ed.something][V→V]-~i[SBJ.V-ed.something][V→V]-~i[SBJ.V-ed.something][V→V][V][Intr][Opt][PRS][2Sg]
napaqii	napaqagh-~:(ng₁)u[to.be.N][N→V]-~i[SBJ.V-ed.something][V→V]-~i[SBJ.V-ed.something][V→V][V][Intr][Opt][PRS][2Sg]
napaqii	napaqagh-~:(ng₁)u[to.be.N][N→V]-~i[SBJ.V-ed.something][V→V][V][Intr][Opt][PRS][2Sg]
napaqii	napaqagh[N][Abs][3SgPoss][PlPosd]

------------------------


------------------------
Enkaam sakniqulluki nekeglluki tawaten saningan pingi tawaten ama guulgutet taakut ayagutngi ama tuusighluki, enkaam esghapalghiim yugem tawaten atunem ghhuughneghtutalangi, inglugtun nefteghqughtestaqluki esghapagluki.  

enkaam	enkaam

sakniqulluki	+?

nekeglluki	+?

tawaten	tawaten

saningan	sa-@₁~fni[to.say.that.one.is.V-ing][Cmpd_Vbl][V][Intr][CnsqI][3Sg]
saningan	sa-~:(u)te[to.V.for.or.with][to.cause.to.V.as.one.is.V-ing][to.V.toward.each.other][V→V]-@₁~fni[to.say.that.one.is.V-ing][Cmpd_Vbl][V][Intr][CnsqI][3Sg]
saningan	sa-~:(u)te[SBJ.V-ed.something][V→V]-@₁~fni[to.say.that.one.is.V-ing][Cmpd_Vbl][V][Intr][CnsqI][3Sg]
saningan	sani[N][Rel][3SgPoss][SgPosd]
saningan	sani[N][Rel][3SgPoss][PlPosd]

pingi	pi[N][Abs][3SgPoss][PlPosd]

tawaten	tawaten

ama	ama

guulgutet	guugh-–leg[one.having.N][N→N]-~:(ng₁)u[to.be.N][N→V]-~:(u)te[condition.with.respect.to.V-ing][V→N][N][Abs][Unpd][Pl]
guulgutet	guugh-–leg[one.having.N][N→N]-~:(ng₁)u[to.be.N][N→V]-~:(u)te[condition.with.respect.to.V-ing][V→N][N][Rel][Unpd][Pl]
guulgutet	guugh-–lgu[to.have.N][N→V]-~:(u)te[condition.with.respect.to.V-ing][V→N][N][Abs][Unpd][Pl]
guulgutet	guugh-–lgu[to.have.N][N→V]-~:(u)te[condition.with.respect.to.V-ing][V→N][N][Rel][Unpd][Pl]
guulgutet	guulgute[N][Abs][Unpd][Pl]
guulgutet	guulgute[N][Rel][Unpd][Pl]

taakut	taake[V][Intr][Ind][3Pl]

ayagutngi	+?

ama	ama

tuusighluki	+?

enkaam	enkaam

esghapalghiim	+?

yugem	yu(u)g[N][Rel][Unpd][Sg]
yugem	yug[N][Rel][Unpd][Sg]

tawaten	tawaten

atunem	+?

ghhuughneghtutalangi	+?

inglugtun	inglugtute[N][Abs][Unpd][Sg]

nefteghqughtestaqluki	+?

esghapagluki	+?

------------------------


------------------------
Enkaam taakut guulgutet ighulutgun asighulluki, allameng ameltutaghaghaqelghiit, iqugi taakut sayugteghaataqiit avleghnayukata ighulut.

enkaam	enkaam

taakut	taake[V][Intr][Ind][3Pl]

guulgutet	guugh-–leg[one.having.N][N→N]-~:(ng₁)u[to.be.N][N→V]-~:(u)te[condition.with.respect.to.V-ing][V→N][N][Abs][Unpd][Pl]
guulgutet	guugh-–leg[one.having.N][N→N]-~:(ng₁)u[to.be.N][N→V]-~:(u)te[condition.with.respect.to.V-ing][V→N][N][Rel][Unpd][Pl]
guulgutet	guugh-–lgu[to.have.N][N→V]-~:(u)te[condition.with.respect.to.V-ing][V→N][N][Abs][Unpd][Pl]
guulgutet	guugh-–lgu[to.have.N][N→V]-~:(u)te[condition.with.respect.to.V-ing][V→N][N][Rel][Unpd][Pl]
guulgutet	guulgute[N][Abs][Unpd][Pl]
guulgutet	guulgute[N][Rel][Unpd][Pl]

ighulutgun	ighulugh[N][Via][Unpd][Pl]

asighulluki	+?

allameng	alla[N][Rel][4DuPoss][SgPosd]
allameng	alla[N][Rel][4DuPoss][PlPosd]
allameng	alla[N][Rel][4PlPoss][SgPosd]
allameng	alla[N][Rel][4PlPoss][PlPosd]
allameng	alla[N][Abl_Mod][Unpd][Sg]

ameltutaghaghaqelghiit	+?

iqugi	iqug[N][Abs][3SgPoss][PlPosd]

taakut	taake[V][Intr][Ind][3Pl]

sayugteghaataqiit	+?

avleghnayukata	+?

ighulut	ighulugh[N][Abs][Unpd][Pl]
ighulut	ighulugh[N][Rel][Unpd][Pl]

------------------------
Enkaam teggmaaghqwaaghllagaqii ighulut uniilengestaghhaayalghiit.

enkaam	enkaam

teggmaaghqwaaghllagaqii	+?

ighulut	ighulugh[N][Abs][Unpd][Pl]
ighulut	ighulugh[N][Rel][Unpd][Pl]

uniilengestaghhaayalghiit	+?

------------------------
Enkaam mayughaqluteng.

enkaam	enkaam

mayughaqluteng	mayugh-~(g₁)aqe[to.be.V.ing][to.regularly.or.repeatedly.V][V→V]-te[to.act.on.so.as.to.cause.to.V][V→V]-te[to.act.on.so.as.to.cause.to.V][V→V][V][Intr][Sbrd][3Pl]
mayughaqluteng	mayugh-~(g₁)aqe[to.be.V.ing][to.regularly.or.repeatedly.V][V→V]-te[to.act.on.so.as.to.cause.to.V][V→V][V][Intr][Sbrd][3Pl]
mayughaqluteng	mayugh-~(g₁)aqe[to.be.V.ing][to.regularly.or.repeatedly.V][V→V][V][Intr][Sbrd][3Pl]

------------------------


------------------------
Tanpeghhet, tafutaagut ilangi, ranmem tungangani tanpeghet quupegkat sivukluki nekeghqughluki taakus tunuqam tanpeghhi ighulutgun tamaagun qulighneghi qeluughteghutaqiit.  Taakut enkaam saningan pingi asiliit pinghata.  Yanganguut reghillghi.

tanpeghhet	+?

tafutaagut	tafutagh-~:(ng₁)u[to.be.N][N→V][V][Intr][Ind][3Pl]

ilangi	ila[N][Abs][3SgPoss][PlPosd]

ranmem	+?

tungangani	+?

tanpeghet	tanpegh[N][Abs][Unpd][Pl]
tanpeghet	tanpegh[N][Rel][Unpd][Pl]

quupegkat	+?

sivukluki	+?

nekeghqughluki	+?

taakus	+?

tunuqam	tunuqagh[N][Rel][Unpd][Sg]

tanpeghhi	+?

ighulutgun	ighulugh[N][Via][Unpd][Pl]

tamaagun	+?

qulighneghi	qulighnegh[N][Abs][3SgPoss][PlPosd]

qeluughteghutaqiit	+?

taakut	taake[V][Intr][Ind][3Pl]

enkaam	enkaam

saningan	sa-@₁~fni[to.say.that.one.is.V-ing][Cmpd_Vbl][V][Intr][CnsqI][3Sg]
saningan	sa-~:(u)te[to.V.for.or.with][to.cause.to.V.as.one.is.V-ing][to.V.toward.each.other][V→V]-@₁~fni[to.say.that.one.is.V-ing][Cmpd_Vbl][V][Intr][CnsqI][3Sg]
saningan	sa-~:(u)te[SBJ.V-ed.something][V→V]-@₁~fni[to.say.that.one.is.V-ing][Cmpd_Vbl][V][Intr][CnsqI][3Sg]
saningan	sani[N][Rel][3SgPoss][SgPosd]
saningan	sani[N][Rel][3SgPoss][PlPosd]

pingi	pi[N][Abs][3SgPoss][PlPosd]

asiliit	+?

pinghata	+?

yanganguut	yanga-~:(ng₁)u[to.be.N][N→V][V][Intr][Ind][3Pl]

reghillghi	reghillegh[N][Abs][3SgPoss][PlPosd]

------------------------
Taakut allaneng tanpeghmeng ilaaghluki piiqiit.

taakut	taake[V][Intr][Ind][3Pl]

allaneng	alla[N][Abl_Mod][Unpd][Pl]

tanpeghmeng	tanpegh[N][Rel][4DuPoss][SgPosd]
tanpeghmeng	tanpegh[N][Rel][4DuPoss][PlPosd]
tanpeghmeng	tanpegh[N][Rel][4PlPoss][SgPosd]
tanpeghmeng	tanpegh[N][Rel][4PlPoss][PlPosd]
tanpeghmeng	tanpegh[N][Abl_Mod][Unpd][Sg]

ilaaghluki	+?

piiqiit	pi-~(g₁)aqe[to.be.V.ing][to.regularly.or.repeatedly.V][V→V]-~i[SBJ.V-ed.something][V→V][V][Intr][Intrg][3Pl]
piiqiit	pi-~(g₁)aqe[to.be.V.ing][to.regularly.or.repeatedly.V][V→V]-~i[SBJ.V-ed.something][V→V][V][Intr][Ind][3Pl]
piiqiit	pi-~(g₁)aqe[to.be.V.ing][to.regularly.or.repeatedly.V][V→V][V][Trns][Ind][3Pl][3Pl]
piiqiit	pi-~(g₁)aqe[to.be.V.ing][to.regularly.or.repeatedly.V][V→V][V][Trns][Ind][3Du][3Sg]
piiqiit	piigh-~–ke[to.have.as.one's.N(s)][N→V]-~i[SBJ.V-ed.something][V→V][V][Intr][Intrg][3Pl]
piiqiit	piigh-~–ke[to.have.as.one's.N(s)][N→V]-~i[SBJ.V-ed.something][V→V][V][Intr][Ind][3Pl]

------------------------


------------------------
Enkaam tagsighaq atuqaqaat uglaapiglluku.

enkaam	enkaam

tagsighaq	+?

atuqaqaat	atuqe-~(g₁)aqe[to.be.V.ing][to.regularly.or.repeatedly.V][V→V][V][Trns][Ind][3Pl][3Sg]

uglaapiglluku	+?

------------------------
Quliit tanpeghet nefteghqunghata mekelghiighuluta tagsighamun nuvughtengunemta putungikun teghigniqaqukut mayughamun nuvughyugutaqelghiikut.

quliit	+?

tanpeghet	tanpegh[N][Abs][Unpd][Pl]
tanpeghet	tanpegh[N][Rel][Unpd][Pl]

nefteghqunghata	+?

mekelghiighuluta	mekelghiigh-~:(ng₁)u[to.be.N][N→V]-~:(u)te[to.V.for.or.with][to.cause.to.V.as.one.is.V-ing][to.V.toward.each.other][V→V][V][Intr][Sbrd][1Pl]
mekelghiighuluta	mekelghiigh-~:(ng₁)u[to.be.N][N→V]-~:(u)te[SBJ.V-ed.something][V→V][V][Intr][Sbrd][1Pl]
mekelghiighuluta	mekelghiigh-~:(ng₁)u[to.be.N][N→V][V][Intr][Sbrd][1Pl]

tagsighamun	+?

nuvughtengunemta	+?

putungikun	+?

teghigniqaqukut	+?

mayughamun	+?

nuvughyugutaqelghiikut	+?

------------------------


------------------------
Tanpeghha qamaglluku tawaten saayngi entaqun one-third-evzii mangtegham uteghmun.

tanpeghha	+?

qamaglluku	+?

tawaten	tawaten

saayngi	+?

entaqun	entaqun

onethirdevzii	+?

mangtegham	mangteghagh[N][Rel][Unpd][Sg]

uteghmun	+?

------------------------
Angyaghpagem telananganganeng umughpaarugllagmeng atastameng tanpighaqiit.

angyaghpagem	angyaghpag[N][Rel][Unpd][Sg]

telananganganeng	+?

umughpaarugllagmeng	+?

atastameng	+?

tanpighaqiit	+?

------------------------
Llaaghanwha tanpeghsughnapangunaan lliiqat tawaten.

llaaghanwha	+?

tanpeghsughnapangunaan	+?

lliiqat	+?

tawaten	tawaten

------------------------


------------------------
Tagsighaq uglaapiglluku atuqaqaat.

tagsighaq	+?

uglaapiglluku	+?

atuqaqaat	atuqe-~(g₁)aqe[to.be.V.ing][to.regularly.or.repeatedly.V][V→V][V][Trns][Ind][3Pl][3Sg]

------------------------
Tagsighat tamaakut tapghaat amenqun tanpeghmun atuqaqelghiit.

tagsighat	+?

tamaakut	+?

tapghaat	tapghagh[N][Abs][3PlPoss][SgPosd]

amenqun	+?

tanpeghmun	tanpegh[N][Ter][Unpd][Sg]

atuqaqelghiit	atugh-~–ke[to.have.as.one's.N(s)][N→V]-~(g₁)aqe[to.be.V.ing][to.regularly.or.repeatedly.V][V→V]-@₁–lghii[the.one.that.V-ed][the.one.that.is.V][V→N][N][Abs][Unpd][Pl]
atuqaqelghiit	atugh-~–ke[to.have.as.one's.N(s)][N→V]-~(g₁)aqe[to.be.V.ing][to.regularly.or.repeatedly.V][V→V]-@₁–lghii[the.one.that.V-ed][the.one.that.is.V][V→N][N][Rel][Unpd][Pl]
atuqaqelghiit	atugh-~–ke[to.have.as.one's.N(s)][N→V]-~(g₁)aqe[to.be.V.ing][to.regularly.or.repeatedly.V][V→V][V][Intr][Ptcp][3Pl]
atuqaqelghiit	atugh-~sf–(g₃)kaq[one.that.has.V-ed][V→N]-~–ke[to.have.as.one's.N(s)][N→V]-@₁–lghii[the.one.that.V-ed][the.one.that.is.V][V→N][N][Abs][Unpd][Pl]
atuqaqelghiit	atugh-~sf–(g₃)kaq[one.that.has.V-ed][V→N]-~–ke[to.have.as.one's.N(s)][N→V]-@₁–lghii[the.one.that.V-ed][the.one.that.is.V][V→N][N][Rel][Unpd][Pl]
atuqaqelghiit	atugh-~sf–(g₃)kaq[one.that.has.V-ed][V→N]-~–ke[to.have.as.one's.N(s)][N→V][V][Intr][Ptcp][3Pl]
atuqaqelghiit	atuqe-~(g₁)aqe[to.be.V.ing][to.regularly.or.repeatedly.V][V→V]-@₁–lghii[the.one.that.V-ed][the.one.that.is.V][V→N][N][Abs][Unpd][Pl]
atuqaqelghiit	atuqe-~(g₁)aqe[to.be.V.ing][to.regularly.or.repeatedly.V][V→V]-@₁–lghii[the.one.that.V-ed][the.one.that.is.V][V→N][N][Rel][Unpd][Pl]

------------------------
Ayveghem, qasiqam uyiingllallghem taaqnegha kelevaqluki.

ayveghem	ayvegh[N][Rel][Unpd][Sg]

qasiqam	qasiqagh[N][Rel][Unpd][Sg]

uyiingllallghem	+?

taaqnegha	+?

kelevaqluki	+?

------------------------
Alngunak ayveghem ikellghaneng uziftaqluki qelutaaluku tagsighaaluku.

alngunak	+?

ayveghem	ayvegh[N][Rel][Unpd][Sg]

ikellghaneng	ikellegh[N][Abl_Mod][3SgPoss][SgPosd]
ikellghaneng	ikellegh[N][Abl_Mod][3SgPoss][PlPosd]

uziftaqluki	+?

qelutaaluku	+?

tagsighaaluku	+?

------------------------
Qasiqatlu ilangakun tawaten.

qasiqatlu	qasiqagh[N][Abs][Unpd][Pl]-llu[Encl]
qasiqatlu	qasiqagh[N][Rel][Unpd][Pl]-llu[Encl]

ilangakun	ila[N][Via][3DuPoss][PlPosd]
ilangakun	ila[N][Via][3SgPoss][SgPosd]
ilangakun	ila[N][Via][3SgPoss][PlPosd]
ilangakun	ilangakute[N][Abs][Unpd][Sg]

tawaten	tawaten

------------------------
Alngunak eslegkakiita kelevaqut tagsighas tamaakut.

alngunak	+?

eslegkakiita	+?

kelevaqut	+?

tagsighas	+?

tamaakut	+?

------------------------
Qasiqam uyiingllaqam taaqneghi taakut.

qasiqam	qasiqagh[N][Rel][Unpd][Sg]

uyiingllaqam	+?

taaqneghi	+?

taakut	taake[V][Intr][Ind][3Pl]

------------------------
Unkuvaget pineghmegteki taawa taaqneghi.

unkuvaget	unkuvag[N][Abs][Unpd][Pl]
unkuvaget	unkuvag[N][Rel][Unpd][Pl]

pineghmegteki	pi-~:(u)te[to.V.for.or.with][to.cause.to.V.as.one.is.V-ing][to.V.toward.each.other][V→V][V][Trns][Ctmp][4Pl][3Pl]
pineghmegteki	pi[V][Trns][Ctmp][4Pl][3Pl]

taawa	taawa

taaqneghi	+?

------------------------
Sangwaa ikellghaq uzifqughaqaat talwa amiiqam liighqellghi, tekerqii uzifqughaqiit qelutaaluki.

sangwaa	sa-~:(ng₁)u[to.be.N][N→V][V][Intr][Intrg][3Sg]
sangwaa	sangwaa[N][Abs][Unpd][Sg]

ikellghaq	+?

uzifqughaqaat	+?

talwa	+?

amiiqam	amiiqagh[N][Rel][Unpd][Sg]

liighqellghi	+?

tekerqii	tekerqagh-~:(ng₁)u[to.be.N][N→V]-~i[SBJ.V-ed.something][V→V]-~i[SBJ.V-ed.something][V→V]-~i[SBJ.V-ed.something][V→V]-~i[SBJ.V-ed.something][V→V]-~i[SBJ.V-ed.something][V→V][V][Intr][Opt][PRS][2Sg]
tekerqii	tekerqagh-~:(ng₁)u[to.be.N][N→V]-~i[SBJ.V-ed.something][V→V]-~i[SBJ.V-ed.something][V→V]-~i[SBJ.V-ed.something][V→V]-~i[SBJ.V-ed.something][V→V][V][Intr][Opt][PRS][2Sg]
tekerqii	tekerqagh-~:(ng₁)u[to.be.N][N→V]-~i[SBJ.V-ed.something][V→V]-~i[SBJ.V-ed.something][V→V]-~i[SBJ.V-ed.something][V→V][V][Intr][Opt][PRS][2Sg]
tekerqii	tekerqagh-~:(ng₁)u[to.be.N][N→V]-~i[SBJ.V-ed.something][V→V]-~i[SBJ.V-ed.something][V→V][V][Intr][Opt][PRS][2Sg]
tekerqii	tekerqagh-~:(ng₁)u[to.be.N][N→V]-~i[SBJ.V-ed.something][V→V][V][Intr][Opt][PRS][2Sg]
tekerqii	tekerqagh[N][Abs][3SgPoss][PlPosd]

uzifqughaqiit	+?

qelutaaluki	+?

------------------------


------------------------
Uglaapiglleghhii tagsighaq atuqaqaat.

uglaapiglleghhii	uglagh-~:(ng₁)u[to.be.N][N→V]-–pigte[to.be.very.V][to.V.very.much][V→V]-te[to.act.on.so.as.to.cause.to.V][V→V]-te[to.act.on.so.as.to.cause.to.V][V→V]-@₁–lghii[the.one.that.V-ed][the.one.that.is.V][V→N][N][Abs][Unpd][Sg]
uglaapiglleghhii	uglagh-~:(ng₁)u[to.be.N][N→V]-–pigte[to.be.very.V][to.V.very.much][V→V]-te[to.act.on.so.as.to.cause.to.V][V→V]-@₁–lghii[the.one.that.V-ed][the.one.that.is.V][V→N][N][Abs][Unpd][Sg]
uglaapiglleghhii	uglagh-~:(ng₁)u[to.be.N][N→V]-–pigte[to.be.very.V][to.V.very.much][V→V]-@₁–lghii[the.one.that.V-ed][the.one.that.is.V][V→N][N][Abs][Unpd][Sg]

tagsighaq	+?

atuqaqaat	atuqe-~(g₁)aqe[to.be.V.ing][to.regularly.or.repeatedly.V][V→V][V][Trns][Ind][3Pl][3Sg]

------------------------
Yukutaghsighluku mangteghaghpalghiini.

yukutaghsighluku	+?

mangteghaghpalghiini	+?

------------------------


------------------------
Enkaam nutaghaperuwaaghmeng kinenghhameng tunuqii akilighneghem tungangi, ilangakun whangkutaqun aywan tungangi awatkaghtat ataasit, ilangakun malghugneghet ilataqut, palaghhaan'ghata amiiqillghet.

enkaam	enkaam

nutaghaperuwaaghmeng	+?

kinenghhameng	+?

tunuqii	tunugh-~–ke[to.have.as.one's.N(s)][N→V]-~i[SBJ.V-ed.something][V→V]-~i[SBJ.V-ed.something][V→V]-~i[SBJ.V-ed.something][V→V]-~i[SBJ.V-ed.something][V→V]-~i[SBJ.V-ed.something][V→V][V][Intr][Opt][PRS][2Sg]
tunuqii	tunugh-~–ke[to.have.as.one's.N(s)][N→V]-~i[SBJ.V-ed.something][V→V]-~i[SBJ.V-ed.something][V→V]-~i[SBJ.V-ed.something][V→V]-~i[SBJ.V-ed.something][V→V][V][Intr][Opt][PRS][2Sg]
tunuqii	tunugh-~–ke[to.have.as.one's.N(s)][N→V]-~i[SBJ.V-ed.something][V→V]-~i[SBJ.V-ed.something][V→V]-~i[SBJ.V-ed.something][V→V][V][Intr][Opt][PRS][2Sg]
tunuqii	tunugh-~–ke[to.have.as.one's.N(s)][N→V]-~i[SBJ.V-ed.something][V→V]-~i[SBJ.V-ed.something][V→V][V][Intr][Opt][PRS][2Sg]
tunuqii	tunugh-~–ke[to.have.as.one's.N(s)][N→V]-~i[SBJ.V-ed.something][V→V][V][Intr][Intrg][3Sg]
tunuqii	tunuqagh-~:(ng₁)u[to.be.N][N→V]-~i[SBJ.V-ed.something][V→V]-~i[SBJ.V-ed.something][V→V]-~i[SBJ.V-ed.something][V→V]-~i[SBJ.V-ed.something][V→V]-~i[SBJ.V-ed.something][V→V][V][Intr][Opt][PRS][2Sg]
tunuqii	tunuqagh-~:(ng₁)u[to.be.N][N→V]-~i[SBJ.V-ed.something][V→V]-~i[SBJ.V-ed.something][V→V]-~i[SBJ.V-ed.something][V→V]-~i[SBJ.V-ed.something][V→V][V][Intr][Opt][PRS][2Sg]
tunuqii	tunuqagh-~:(ng₁)u[to.be.N][N→V]-~i[SBJ.V-ed.something][V→V]-~i[SBJ.V-ed.something][V→V]-~i[SBJ.V-ed.something][V→V][V][Intr][Opt][PRS][2Sg]
tunuqii	tunuqagh-~:(ng₁)u[to.be.N][N→V]-~i[SBJ.V-ed.something][V→V]-~i[SBJ.V-ed.something][V→V][V][Intr][Opt][PRS][2Sg]
tunuqii	tunuqagh-~:(ng₁)u[to.be.N][N→V]-~i[SBJ.V-ed.something][V→V][V][Intr][Opt][PRS][2Sg]
tunuqii	tunuqagh[N][Abs][3SgPoss][PlPosd]

akilighneghem	+?

tungangi	+?

ilangakun	ila[N][Via][3DuPoss][PlPosd]
ilangakun	ila[N][Via][3SgPoss][SgPosd]
ilangakun	ila[N][Via][3SgPoss][PlPosd]
ilangakun	ilangakute[N][Abs][Unpd][Sg]

whangkutaqun	+?

aywan	+?

tungangi	+?

awatkaghtat	awatkaghtagh[N][Abs][Unpd][Pl]
awatkaghtat	awatkaghtagh[N][Rel][Unpd][Pl]

ataasit	ataasigh[N][Abs][Unpd][Pl]
ataasit	ataasigh[N][Rel][Unpd][Pl]

ilangakun	ila[N][Via][3DuPoss][PlPosd]
ilangakun	ila[N][Via][3SgPoss][SgPosd]
ilangakun	ila[N][Via][3SgPoss][PlPosd]
ilangakun	ilangakute[N][Abs][Unpd][Sg]

malghugneghet	malghugnegh[N][Abs][Unpd][Pl]
malghugneghet	malghugnegh[N][Rel][Unpd][Pl]

ilataqut	ila-te[to.catch.N][to.go.to.N][N→V]-~(g₁)aqe[to.be.V.ing][to.regularly.or.repeatedly.V][V→V][V][Intr][Ind][3Pl]

palaghhaanghata	+?

amiiqillghet	+?

------------------------
Taaqsuggwaaghmun mangteghaghpages tamaakut, akuzilghiini qayiigrughlluteng ayuqut, akuzillghit taaqsuggwaalghiini.

taaqsuggwaaghmun	+?

mangteghaghpages	+?

tamaakut	+?

akuzilghiini	akuzi-@₁–lghii[the.one.that.V-ed][the.one.that.is.V][V→N][N][Abs][4SgPoss][SgPosd]
akuzilghiini	akuzi-@₁–lghii[the.one.that.V-ed][the.one.that.is.V][V→N][N][Abs][4SgPoss][PlPosd]
akuzilghiini	akuzi-@₁–lghii[the.one.that.V-ed][the.one.that.is.V][V→N][N][Loc][Unpd][Pl]
akuzilghiini	akuzi-–lghiini[when.one.is.V-ing][among.those.V-ing]

qayiigrughlluteng	+?

ayuqut	+?

akuzillghit	akuzillegh[N][Abs][3PlPoss][PlPosd]

taaqsuggwaalghiini	+?

------------------------


------------------------
Tallimat tanpeghhet mangteghaghpagmun, esgha taakusta tawaten tunuqam taakut sanim-aa malghugneghet quliiqulluteng, enkaam tallimagneghet.

tallimat	tallimat[N][Abs][Unpd][Sg]

tanpeghhet	+?

mangteghaghpagmun	+?

esgha	+?

taakusta	+?

tawaten	tawaten

tunuqam	tunuqagh[N][Rel][Unpd][Sg]

taakut	taake[V][Intr][Ind][3Pl]

sanimaa	sa-@₁~fni[to.say.that.one.is.V-ing][Cmpd_Vbl]-@₁~:(i/u)ma[to.have.V-ed][to.have.been.V-ed][V→V][V][Intr][Intrg][3Sg]
sanimaa	sa-@₁~fni[to.say.that.one.is.V-ing][Cmpd_Vbl]-@₁~:(i/u)ma[to.have.V-ed][to.have.been.V-ed][V→V][V][Trns][Ind][3Sg][3Sg]
sanimaa	sa-~:(u)te[to.V.for.or.with][to.cause.to.V.as.one.is.V-ing][to.V.toward.each.other][V→V]-@₁~fni[to.say.that.one.is.V-ing][Cmpd_Vbl]-@₁~:(i/u)ma[to.have.V-ed][to.have.been.V-ed][V→V][V][Intr][Intrg][3Sg]
sanimaa	sa-~:(u)te[to.V.for.or.with][to.cause.to.V.as.one.is.V-ing][to.V.toward.each.other][V→V]-@₁~fni[to.say.that.one.is.V-ing][Cmpd_Vbl]-@₁~:(i/u)ma[to.have.V-ed][to.have.been.V-ed][V→V][V][Trns][Ind][3Sg][3Sg]
sanimaa	sa-~:(u)te[SBJ.V-ed.something][V→V]-@₁~fni[to.say.that.one.is.V-ing][Cmpd_Vbl]-@₁~:(i/u)ma[to.have.V-ed][to.have.been.V-ed][V→V][V][Intr][Intrg][3Sg]
sanimaa	sa-~:(u)te[SBJ.V-ed.something][V→V]-@₁~fni[to.say.that.one.is.V-ing][Cmpd_Vbl]-@₁~:(i/u)ma[to.have.V-ed][to.have.been.V-ed][V→V][V][Trns][Ind][3Sg][3Sg]

malghugneghet	malghugnegh[N][Abs][Unpd][Pl]
malghugneghet	malghugnegh[N][Rel][Unpd][Pl]

quliiqulluteng	+?

enkaam	enkaam

tallimagneghet	tallimagnegh[N][Abs][Unpd][Pl]
tallimagneghet	tallimagnegh[N][Rel][Unpd][Pl]

------------------------


------------------------
Tawaten nekeghqughluku taaqenghata, ingliighumaghmeng, nefkuuraq, qasiqaq qeghaatkayuk.

tawaten	tawaten

nekeghqughluku	+?

taaqenghata	+?

ingliighumaghmeng	+?

nefkuuraq	nefkuuragh[N][Abs][Unpd][Sg]

qasiqaq	qasiqagh[N][Abs][Unpd][Sg]

qeghaatkayuk	qeghagh-~:(ng₁)u[to.be.N][N→V]-~:(u)te[to.V.for.or.with][to.cause.to.V.as.one.is.V-ing][to.V.toward.each.other][V→V]-~–kayuk[one.who.is.able.to.V][V→N][N][Abs][Unpd][Sg]
qeghaatkayuk	qeghagh-~:(ng₁)u[to.be.N][N→V]-~:(u)te[SBJ.V-ed.something][V→V]-~–kayuk[one.who.is.able.to.V][V→N][N][Abs][Unpd][Sg]
qeghaatkayuk	qeghagh-~:(ng₁)u[to.be.N][N→V]-te[to.act.on.so.as.to.cause.to.V][V→V]-~–kayuk[one.who.is.able.to.V][V→N][N][Abs][Unpd][Sg]

------------------------
Nefkuurat pinighllaget.  Enkaam mangteghas taaqenghataa miigtemmeng atelget.

nefkuurat	nefkuuragh[N][Abs][Unpd][Pl]
nefkuurat	nefkuuragh[N][Rel][Unpd][Pl]

pinighllaget	pi-@₁~fni[to.say.that.one.is.V-ing][Cmpd_Vbl]-–ghllaget[big.N][AUG]
pinighllaget	pi-~:(u)te[to.V.for.or.with][to.cause.to.V.as.one.is.V-ing][to.V.toward.each.other][V→V]-@₁~fni[to.say.that.one.is.V-ing][Cmpd_Vbl]-–ghllaget[big.N][AUG]
pinighllaget	pi-~:(u)te[SBJ.V-ed.something][V→V]-@₁~fni[to.say.that.one.is.V-ing][Cmpd_Vbl]-–ghllaget[big.N][AUG]
pinighllaget	pinigh-–ghllaget[big.N][AUG]

enkaam	enkaam

mangteghas	+?

taaqenghataa	+?

miigtemmeng	+?

atelget	ategh-–leg[one.having.N][N→N][N][Abs][Unpd][Pl]
atelget	ategh-–leg[one.having.N][N→N][N][Rel][Unpd][Pl]
atelget	ategh-–lget[to.have.N][AUG]
atelget	Ategh-–leg[one.having.N][N→N][N][Abs][Unpd][Pl]
atelget	Ategh-–leg[one.having.N][N→N][N][Rel][Unpd][Pl]
atelget	Ategh-–lget[to.have.N][AUG]

------------------------
Keneghmeng kumaghlluteng tamaaken qasiqameng, nefkuurameng eghqwaaghaqluteng.

keneghmeng	kenegh[N][Rel][4DuPoss][SgPosd]
keneghmeng	kenegh[N][Rel][4DuPoss][PlPosd]
keneghmeng	kenegh[N][Rel][4PlPoss][SgPosd]
keneghmeng	kenegh[N][Rel][4PlPoss][PlPosd]
keneghmeng	kenegh[N][Abl_Mod][Unpd][Sg]

kumaghlluteng	+?

tamaaken	+?

qasiqameng	qasiqagh[N][Rel][4DuPoss][SgPosd]
qasiqameng	qasiqagh[N][Rel][4DuPoss][PlPosd]
qasiqameng	qasiqagh[N][Rel][4PlPoss][SgPosd]
qasiqameng	qasiqagh[N][Rel][4PlPoss][PlPosd]
qasiqameng	qasiqagh[N][Abl_Mod][Unpd][Sg]

nefkuurameng	nefkuuragh[N][Rel][4DuPoss][SgPosd]
nefkuurameng	nefkuuragh[N][Rel][4DuPoss][PlPosd]
nefkuurameng	nefkuuragh[N][Rel][4PlPoss][SgPosd]
nefkuurameng	nefkuuragh[N][Rel][4PlPoss][PlPosd]
nefkuurameng	nefkuuragh[N][Abl_Mod][Unpd][Sg]

eghqwaaghaqluteng	+?

------------------------
Kayutet ilangi ighlekaqegkangit neghesqelluki.

kayutet	kayute[N][Abs][Unpd][Pl]
kayutet	kayute[N][Rel][Unpd][Pl]

ilangi	ila[N][Abs][3SgPoss][PlPosd]

ighlekaqegkangit	+?

neghesqelluki	+?

------------------------


------------------------
Kaagtuumaghmeng maklin'ghaghmeng nefkuurameng.

kaagtuumaghmeng	+?

maklinghaghmeng	+?

nefkuurameng	nefkuuragh[N][Rel][4DuPoss][SgPosd]
nefkuurameng	nefkuuragh[N][Rel][4DuPoss][PlPosd]
nefkuurameng	nefkuuragh[N][Rel][4PlPoss][SgPosd]
nefkuurameng	nefkuuragh[N][Rel][4PlPoss][PlPosd]
nefkuurameng	nefkuuragh[N][Abl_Mod][Unpd][Sg]

------------------------
Paawi maliglluki nefkukayugulghiit.

paawi	paaw[N][Abs][3SgPoss][PlPosd]

maliglluki	+?

nefkukayugulghiit	+?

------------------------
Paawi qupughraneghmeggni, uyghagkun, qalqalimameng, sameng kaagtughaqegkangit.

paawi	paaw[N][Abs][3SgPoss][PlPosd]

qupughraneghmeggni	+?

uyghagkun	uyghag[N][Via][Unpd][Sg]

qalqalimameng	qalqalima[N][Rel][4DuPoss][SgPosd]
qalqalimameng	qalqalima[N][Rel][4DuPoss][PlPosd]
qalqalimameng	qalqalima[N][Rel][4PlPoss][SgPosd]
qalqalimameng	qalqalima[N][Rel][4PlPoss][PlPosd]
qalqalimameng	qalqalima[N][Abl_Mod][Unpd][Sg]

sameng	sa[N][Rel][4DuPoss][SgPosd]
sameng	sa[N][Rel][4DuPoss][PlPosd]
sameng	sa[N][Rel][4PlPoss][SgPosd]
sameng	sa[N][Rel][4PlPoss][PlPosd]
sameng	sa[N][Abl_Mod][Unpd][Sg]
sameng	sameng

kaagtughaqegkangit	+?

------------------------
Kavighruketun qupughrallghi paawem.

kavighruketun	kavighrug-~–ke[to.have.as.one's.N(s)][N→V]-te[to.act.on.so.as.to.cause.to.V][V→V]-~:(u)te[condition.with.respect.to.V-ing][V→N][N][Abs][Unpd][Sg]

qupughrallghi	+?

paawem	paaw[N][Rel][Unpd][Sg]

------------------------
Neqniipigtuut tepkegtepiglleghhiit.

neqniipigtuut	+?

tepkegtepiglleghhiit	+?

------------------------
Qayughllak sivuliq unakegkaq maklak, ayveq nefkungigalnguq wiin, kepelleghni sani qayuutaghpagni kiyaghtaqelghiit, enkaam mesiighutngwaaghaqelghiit.  Tepesuungnaqekestat nefkwaaqelghiit, enkaam qamavek iiwleng kiinghwaaqayuget mesiighutngwaaneghmeggni.

qayughllak	qayugh-–ghllag[big.N][N→N][N][Abs][Unpd][Sg]
qayughllak	qayugh-–ghllak[big.N][AUG]
qayughllak	qayughllak
qayughllak	qayughllag[N][Abs][Unpd][Sg]

sivuliq	sivuligh*[N][Abs][Unpd][Sg]

unakegkaq	una-~–ke[to.have.as.one's.N(s)][N→V]-~sf–(g₃)kaq[one.that.has.V-ed][V→N][N][Abs][Unpd][Sg]
unakegkaq	unakegkagh[N][Abs][Unpd][Sg]

maklak	Maklag[N][Abs][Unpd][Sg]
maklak	maklag[N][Abs][Unpd][Sg]

ayveq	ayvegh[N][Abs][Unpd][Sg]

nefkungigalnguq	+?

wiin	+?

kepelleghni	kepellegh[N][Loc][Unpd][Pl]

sani	sa-@₁~fni[to.say.that.one.is.V-ing][Cmpd_Vbl][V][Intr][Opt][PRS][2Sg]
sani	sa-~:(u)te[to.V.for.or.with][to.cause.to.V.as.one.is.V-ing][to.V.toward.each.other][V→V]-@₁~fni[to.say.that.one.is.V-ing][Cmpd_Vbl][V][Intr][Opt][PRS][2Sg]
sani	sa-~:(u)te[SBJ.V-ed.something][V→V]-@₁~fni[to.say.that.one.is.V-ing][Cmpd_Vbl][V][Intr][Opt][PRS][2Sg]
sani	sa[N][Abs][4SgPoss][SgPosd]
sani	sa[N][Abs][4SgPoss][PlPosd]
sani	sa[N][Loc][Unpd][Pl]
sani	sani[N][Abs][Unpd][Sg]

qayuutaghpagni	+?

kiyaghtaqelghiit	kiyaghte-~(g₁)aqe[to.be.V.ing][to.regularly.or.repeatedly.V][V→V]-@₁–lghii[the.one.that.V-ed][the.one.that.is.V][V→N][N][Abs][Unpd][Pl]
kiyaghtaqelghiit	kiyaghte-~(g₁)aqe[to.be.V.ing][to.regularly.or.repeatedly.V][V→V]-@₁–lghii[the.one.that.V-ed][the.one.that.is.V][V→N][N][Rel][Unpd][Pl]
kiyaghtaqelghiit	kiyaghte-~(g₁)aqe[to.be.V.ing][to.regularly.or.repeatedly.V][V→V][V][Intr][Ptcp][3Pl]

enkaam	enkaam

mesiighutngwaaghaqelghiit	+?

tepesuungnaqekestat	+?

nefkwaaqelghiit	+?

enkaam	enkaam

qamavek	qamavek

iiwleng	+?

kiinghwaaqayuget	+?

mesiighutngwaaneghmeggni	+?

------------------------
Enkaam tepkegtepigtut.

enkaam	enkaam

tepkegtepigtut	+?

------------------------
Taawa mangtalget mangtagmengllu miigtemmeng atelek.

taawa	taawa

mangtalget	mangtag-–leg[one.having.N][N→N][N][Abs][Unpd][Pl]
mangtalget	mangtag-–leg[one.having.N][N→N][N][Rel][Unpd][Pl]
mangtalget	mangtag-–lget[to.have.N][AUG]

mangtagmengllu	mangtag[N][Rel][4DuPoss][SgPosd]-llu[Encl]
mangtagmengllu	mangtag[N][Rel][4DuPoss][PlPosd]-llu[Encl]
mangtagmengllu	mangtag[N][Rel][4PlPoss][SgPosd]-llu[Encl]
mangtagmengllu	mangtag[N][Rel][4PlPoss][PlPosd]-llu[Encl]
mangtagmengllu	mangtag[N][Abl_Mod][Unpd][Sg]-llu[Encl]

miigtemmeng	+?

atelek	ategh-–leg[one.having.N][N→N][N][Abs][Unpd][Sg]
atelek	Ategh-–leg[one.having.N][N→N][N][Abs][Unpd][Sg]

------------------------


------------------------
Neqnighllaguut nefkuuras tamaakut sivulightat.

neqnighllaguut	+?

nefkuuras	+?

tamaakut	+?

sivulightat	sivuligh*-te[to.catch.N][to.go.to.N][N→V][V][Intr][Intrg][3Pl]

------------------------
Aamtaam nefkunaghsiman unakegkat kaatutaghesnaq nefkulghiini, maaten elpesi nefkulleghpesistun taawa allangwaaqut.

aamtaam	+?

nefkunaghsiman	+?

unakegkat	unakegkagh[N][Abs][Unpd][Pl]
unakegkat	unakegkagh[N][Rel][Unpd][Pl]

kaatutaghesnaq	+?

nefkulghiini	+?

maaten	maatete[N][Abs][Unpd][Sg]

elpesi	elpeg[N][Abs][2PlPoss][PlPosd]
elpesi	elpesi

nefkulleghpesistun	+?

taawa	taawa

allangwaaqut	alla-~:(ng₁)u[to.be.N][N→V]-~(g₁)aqe[to.be.V.ing][to.regularly.or.repeatedly.V][V→V][V][Intr][Ind][3Pl]

------------------------
Mesii ellngaghlaaghtestegpenaki qaayngi kiin'ghaghhneghmeggni ellngaghnanighaqelghiit enkaam qaamnangi aghipataqluteng, allanguut enkaam.

mesii	mesugh-~:(ng₁)u[to.be.N][N→V]-~i[SBJ.V-ed.something][V→V]-~i[SBJ.V-ed.something][V→V]-~i[SBJ.V-ed.something][V→V]-~i[SBJ.V-ed.something][V→V]-~i[SBJ.V-ed.something][V→V][V][Intr][Opt][PRS][2Sg]
mesii	mesugh-~:(ng₁)u[to.be.N][N→V]-~i[SBJ.V-ed.something][V→V]-~i[SBJ.V-ed.something][V→V]-~i[SBJ.V-ed.something][V→V]-~i[SBJ.V-ed.something][V→V][V][Intr][Opt][PRS][2Sg]
mesii	mesugh-~:(ng₁)u[to.be.N][N→V]-~i[SBJ.V-ed.something][V→V]-~i[SBJ.V-ed.something][V→V]-~i[SBJ.V-ed.something][V→V][V][Intr][Opt][PRS][2Sg]
mesii	mesugh-~:(ng₁)u[to.be.N][N→V]-~i[SBJ.V-ed.something][V→V]-~i[SBJ.V-ed.something][V→V][V][Intr][Opt][PRS][2Sg]
mesii	mesugh-~:(ng₁)u[to.be.N][N→V]-~i[SBJ.V-ed.something][V→V][V][Intr][Opt][PRS][2Sg]
mesii	mesugh[N][Abs][3SgPoss][PlPosd]

ellngaghlaaghtestegpenaki	+?

qaayngi	qaye[N][Abs][3SgPoss][PlPosd]

kiinghaghhneghmeggni	+?

ellngaghnanighaqelghiit	+?

enkaam	enkaam

qaamnangi	qaamna[N][Abs][3SgPoss][PlPosd]

aghipataqluteng	aghipa-te[to.catch.N][to.go.to.N][N→V]-~(g₁)aqe[to.be.V.ing][to.regularly.or.repeatedly.V][V→V]-te[to.act.on.so.as.to.cause.to.V][V→V]-te[to.act.on.so.as.to.cause.to.V][V→V][V][Intr][Sbrd][3Pl]
aghipataqluteng	aghipa-te[to.catch.N][to.go.to.N][N→V]-~(g₁)aqe[to.be.V.ing][to.regularly.or.repeatedly.V][V→V]-te[to.act.on.so.as.to.cause.to.V][V→V][V][Intr][Sbrd][3Pl]
aghipataqluteng	aghipa-te[to.catch.N][to.go.to.N][N→V]-~(g₁)aqe[to.be.V.ing][to.regularly.or.repeatedly.V][V→V][V][Intr][Sbrd][3Pl]

allanguut	alla-~:(ng₁)u[to.be.N][N→V][V][Intr][Ind][3Pl]

enkaam	enkaam

------------------------
Mesiighutkat neqnightus taawa.

mesiighutkat	mesiigh-~:(ng₁)u[to.be.N][N→V]-~:(u)te[condition.with.respect.to.V-ing][V→N]-~–ke[to.have.as.one's.N(s)][N→V][V][Intr][Intrg][3Pl]

neqnightus	+?

taawa	taawa

------------------------
