AGHVEGHEMLLU UYVASAGHQELLGHA

aghveghemllu	aghvegh[N][Rel][Unpd][Sg]-llu[Encl]

uyvasaghqellgha	+?

------------------------
Pelaasim Apellgha

pelaasim	+?

apellgha	+?

------------------------


------------------------
Taakut llaaget eghqwaaghnaqelghiini kenelighluteng.

taakut	taake[V][Intr][Ind][3Pl]

llaaget	llaag[N][Abs][Unpd][Pl]
llaaget	llaag[N][Rel][Unpd][Pl]

eghqwaaghnaqelghiini	+?

kenelighluteng	+?

------------------------
Uksumi uqfigam tangillghem qaamnangi amestaaghhaat, saghnaaqelghiit.

uksumi	+?

uqfigam	uqfigagh[N][Rel][Unpd][Sg]

tangillghem	+?

qaamnangi	qaamna[N][Abs][3SgPoss][PlPosd]

amestaaghhaat	+?

saghnaaqelghiit	+?

------------------------
Enkaam petugtaaghaqegkangit aagrani quunpeng kineghngiita.

enkaam	enkaam

petugtaaghaqegkangit	+?

aagrani	aagra[N][Abs][4SgPoss][SgPosd]
aagrani	aagra[N][Abs][4SgPoss][PlPosd]
aagrani	aagra[N][Loc][Unpd][Pl]

quunpeng	quunpeng

kineghngiita	+?

------------------------
Paneghtaqegkangit keneghqun.

paneghtaqegkangit	+?

keneghqun	kenegh[N][Via][Unpd][Sg]

------------------------
Kumaghhneghmeggni taakut uqfigam ggiillghi paneghqughaaqiit uglaghinaqepiglluki.

kumaghhneghmeggni	+?

taakut	taake[V][Intr][Ind][3Pl]

uqfigam	uqfigagh[N][Rel][Unpd][Sg]

ggiillghi	ggiillegh[N][Abs][3SgPoss][PlPosd]

paneghqughaaqiit	+?

uglaghinaqepiglluki	+?

------------------------


------------------------
Enkaangam tawaten taakut apeghiineghmegteki taakut tawaten pineghmeng, pingayut unuget qavat pikayuget.

enkaangam	+?

tawaten	tawaten

taakut	taake[V][Intr][Ind][3Pl]

apeghiineghmegteki	apeghiigh[V][Trns][Ctmp][4Pl][3Pl]

taakut	taake[V][Intr][Ind][3Pl]

tawaten	tawaten

pineghmeng	pi-@₁–negh[the.act.or.activity.of.V-ing][V→N][N][Rel][4DuPoss][SgPosd]
pineghmeng	pi-@₁–negh[the.act.or.activity.of.V-ing][V→N][N][Rel][4DuPoss][PlPosd]
pineghmeng	pi-@₁–negh[the.act.or.activity.of.V-ing][V→N][N][Rel][4PlPoss][SgPosd]
pineghmeng	pi-@₁–negh[the.act.or.activity.of.V-ing][V→N][N][Rel][4PlPoss][PlPosd]
pineghmeng	pi-@₁–negh[the.act.or.activity.of.V-ing][V→N][N][Abl_Mod][Unpd][Sg]
pineghmeng	pi-~:(u)te[to.V.for.or.with][to.cause.to.V.as.one.is.V-ing][to.V.toward.each.other][V→V]-@₁–negh[the.act.or.activity.of.V-ing][V→N][N][Rel][4DuPoss][SgPosd]
pineghmeng	pi-~:(u)te[to.V.for.or.with][to.cause.to.V.as.one.is.V-ing][to.V.toward.each.other][V→V]-@₁–negh[the.act.or.activity.of.V-ing][V→N][N][Rel][4DuPoss][PlPosd]
pineghmeng	pi-~:(u)te[to.V.for.or.with][to.cause.to.V.as.one.is.V-ing][to.V.toward.each.other][V→V]-@₁–negh[the.act.or.activity.of.V-ing][V→N][N][Rel][4PlPoss][SgPosd]
pineghmeng	pi-~:(u)te[to.V.for.or.with][to.cause.to.V.as.one.is.V-ing][to.V.toward.each.other][V→V]-@₁–negh[the.act.or.activity.of.V-ing][V→N][N][Rel][4PlPoss][PlPosd]
pineghmeng	pi-~:(u)te[to.V.for.or.with][to.cause.to.V.as.one.is.V-ing][to.V.toward.each.other][V→V]-@₁–negh[the.act.or.activity.of.V-ing][V→N][N][Abl_Mod][Unpd][Sg]
pineghmeng	pi-~:(u)te[to.V.for.or.with][to.cause.to.V.as.one.is.V-ing][to.V.toward.each.other][V→V][V][Intr][Ctmp][4Pl]
pineghmeng	pi-~:(u)te[SBJ.V-ed.something][V→V]-@₁–negh[the.act.or.activity.of.V-ing][V→N][N][Rel][4DuPoss][SgPosd]
pineghmeng	pi-~:(u)te[SBJ.V-ed.something][V→V]-@₁–negh[the.act.or.activity.of.V-ing][V→N][N][Rel][4DuPoss][PlPosd]
pineghmeng	pi-~:(u)te[SBJ.V-ed.something][V→V]-@₁–negh[the.act.or.activity.of.V-ing][V→N][N][Rel][4PlPoss][SgPosd]
pineghmeng	pi-~:(u)te[SBJ.V-ed.something][V→V]-@₁–negh[the.act.or.activity.of.V-ing][V→N][N][Rel][4PlPoss][PlPosd]
pineghmeng	pi-~:(u)te[SBJ.V-ed.something][V→V]-@₁–negh[the.act.or.activity.of.V-ing][V→N][N][Abl_Mod][Unpd][Sg]
pineghmeng	pi-~:(u)te[SBJ.V-ed.something][V→V][V][Intr][Ctmp][4Pl]
pineghmeng	pi[V][Intr][Ctmp][4Pl]
pineghmeng	pinegh[N][Rel][4DuPoss][SgPosd]
pineghmeng	pinegh[N][Rel][4DuPoss][PlPosd]
pineghmeng	pinegh[N][Rel][4PlPoss][SgPosd]
pineghmeng	pinegh[N][Rel][4PlPoss][PlPosd]
pineghmeng	pinegh[N][Abl_Mod][Unpd][Sg]

pingayut	pingayut[N][Abs][Unpd][Sg]

unuget	+?

qavat	qavagh[N][Abs][Unpd][Pl]
qavat	qavagh[N][Rel][Unpd][Pl]

pikayuget	pikayug[N][Abs][Unpd][Pl]
pikayuget	pikayug[N][Rel][Unpd][Pl]

------------------------
Aamta qepghaanguluni qavan'ghani aghhneghni, maalghuneng ighivgaghni tawaten ilagaghaqut.

aamta	aaw[N][Rel][1PlPoss][SgPosd]
aamta	aaw[N][Rel][1PlPoss][PlPosd]
aamta	aaghw[N][Rel][1PlPoss][SgPosd]
aamta	aaghw[N][Rel][1PlPoss][PlPosd]

qepghaanguluni	+?

qavanghani	+?

aghhneghni	+?

maalghuneng	+?

ighivgaghni	+?

tawaten	tawaten

ilagaghaqut	ilagagh-~(g₁)aqe[to.be.V.ing][to.regularly.or.repeatedly.V][V→V][V][Intr][Ind][3Pl]

------------------------
Taakut ilagaatet atughaataghaqiit enkaam pingayaani aghlleghem taakut teghrughaaghet petugngalghiit qeteghtaqut.

taakut	taake[V][Intr][Ind][3Pl]

ilagaatet	ilagaate[N][Abs][Unpd][Pl]
ilagaatet	ilagaate[N][Rel][Unpd][Pl]
ilagaatet	ilagaatet[N][Abs][Unpd][Sg]
ilagaatet	ilagagh-~:(u)te[condition.with.respect.to.V-ing][V→N][N][Abs][Unpd][Pl]
ilagaatet	ilagagh-~:(u)te[condition.with.respect.to.V-ing][V→N][N][Rel][Unpd][Pl]

atughaataghaqiit	+?

enkaam	enkaam

pingayaani	+?

aghlleghem	+?

taakut	taake[V][Intr][Ind][3Pl]

teghrughaaghet	teghrughaagh[N][Abs][Unpd][Pl]
teghrughaaghet	teghrughaagh[N][Rel][Unpd][Pl]

petugngalghiit	+?

qeteghtaqut	qetegh-te[to.catch.N][to.go.to.N][N→V]-~(g₁)aqe[to.be.V.ing][to.regularly.or.repeatedly.V][V→V][V][Intr][Ind][3Pl]

------------------------


------------------------
Tawaten kenelighluki eghqwaaghluteng ama iikluki, itegsin'ghuut mangtagtii taakwegkut.

tawaten	tawaten

kenelighluki	kenegh-–ligh[to.provide.with.N][N→V][V][Trns][Sbrd][_][3Pl]

eghqwaaghluteng	+?

ama	ama

iikluki	+?

itegsinghuut	+?

mangtagtii	mangtag-te[to.catch.N][to.go.to.N][N→V]-~i[SBJ.V-ed.something][V→V]-~i[SBJ.V-ed.something][V→V]-~i[SBJ.V-ed.something][V→V]-~i[SBJ.V-ed.something][V→V]-~i[SBJ.V-ed.something][V→V]-~i[SBJ.V-ed.something][V→V][V][Intr][Opt][PRS][2Sg]
mangtagtii	mangtag-te[to.catch.N][to.go.to.N][N→V]-~i[SBJ.V-ed.something][V→V]-~i[SBJ.V-ed.something][V→V]-~i[SBJ.V-ed.something][V→V]-~i[SBJ.V-ed.something][V→V]-~i[SBJ.V-ed.something][V→V][V][Intr][Opt][PRS][2Sg]
mangtagtii	mangtag-te[to.catch.N][to.go.to.N][N→V]-~i[SBJ.V-ed.something][V→V]-~i[SBJ.V-ed.something][V→V]-~i[SBJ.V-ed.something][V→V]-~i[SBJ.V-ed.something][V→V][V][Intr][Opt][PRS][2Sg]
mangtagtii	mangtag-te[to.catch.N][to.go.to.N][N→V]-~i[SBJ.V-ed.something][V→V]-~i[SBJ.V-ed.something][V→V]-~i[SBJ.V-ed.something][V→V][V][Intr][Opt][PRS][2Sg]
mangtagtii	mangtag-te[to.catch.N][to.go.to.N][N→V]-~i[SBJ.V-ed.something][V→V]-~i[SBJ.V-ed.something][V→V][V][Intr][Opt][PRS][2Sg]
mangtagtii	mangtag-te[to.catch.N][to.go.to.N][N→V]-~i[SBJ.V-ed.something][V→V][V][Intr][Intrg][3Sg]
mangtagtii	mangtag-ti[to.speak.the.language.of.N][N→V]-~i[SBJ.V-ed.something][V→V]-~i[SBJ.V-ed.something][V→V]-~i[SBJ.V-ed.something][V→V]-~i[SBJ.V-ed.something][V→V]-~i[SBJ.V-ed.something][V→V]-~i[SBJ.V-ed.something][V→V][V][Intr][Opt][PRS][2Sg]
mangtagtii	mangtag-ti[to.speak.the.language.of.N][N→V]-~i[SBJ.V-ed.something][V→V]-~i[SBJ.V-ed.something][V→V]-~i[SBJ.V-ed.something][V→V]-~i[SBJ.V-ed.something][V→V]-~i[SBJ.V-ed.something][V→V][V][Intr][Opt][PRS][2Sg]
mangtagtii	mangtag-ti[to.speak.the.language.of.N][N→V]-~i[SBJ.V-ed.something][V→V]-~i[SBJ.V-ed.something][V→V]-~i[SBJ.V-ed.something][V→V]-~i[SBJ.V-ed.something][V→V][V][Intr][Opt][PRS][2Sg]
mangtagtii	mangtag-ti[to.speak.the.language.of.N][N→V]-~i[SBJ.V-ed.something][V→V]-~i[SBJ.V-ed.something][V→V]-~i[SBJ.V-ed.something][V→V][V][Intr][Opt][PRS][2Sg]
mangtagtii	mangtag-ti[to.speak.the.language.of.N][N→V]-~i[SBJ.V-ed.something][V→V]-~i[SBJ.V-ed.something][V→V][V][Intr][Opt][PRS][2Sg]
mangtagtii	mangtag-ti[to.speak.the.language.of.N][N→V]-~i[SBJ.V-ed.something][V→V][V][Intr][Opt][PRS][2Sg]
mangtagtii	mangtag-ti[to.speak.the.language.of.N][N→V][V][Intr][Intrg][3Sg]

taakwegkut	+?

------------------------
Natengiighhaq eslegkakaan entaqun naten iqetutkaaqut one foot-na-half-neng, five inches eslegkakiita.

natengiighhaq	+?

eslegkakaan	+?

entaqun	entaqun

naten	naten

iqetutkaaqut	+?

one	+?

footnahalfneng	+?

five	+?

inches	+?

eslegkakiita	+?

------------------------


------------------------
Teghrughaaghes taakut mangtagi uteghmun iikluki, taakut kenghet kumaghlluki eghqwaaghaqlaataqangit tamaaken ggiilleghmeng paneghquumaghmeng.

teghrughaaghes	+?

taakut	taake[V][Intr][Ind][3Pl]

mangtagi	mangtag[N][Abs][3SgPoss][PlPosd]

uteghmun	+?

iikluki	+?

taakut	taake[V][Intr][Ind][3Pl]

kenghet	+?

kumaghlluki	+?

eghqwaaghaqlaataqangit	+?

tamaaken	+?

ggiilleghmeng	ggiillegh[N][Rel][4DuPoss][SgPosd]
ggiilleghmeng	ggiillegh[N][Rel][4DuPoss][PlPosd]
ggiilleghmeng	ggiillegh[N][Rel][4PlPoss][SgPosd]
ggiilleghmeng	ggiillegh[N][Rel][4PlPoss][PlPosd]
ggiilleghmeng	ggiillegh[N][Abl_Mod][Unpd][Sg]

paneghquumaghmeng	+?

------------------------
Enkaam awataghpaagetlu ikughaqut, aquutatlu taakut iikumiita.

enkaam	enkaam

awataghpaagetlu	+?

ikughaqut	+?

aquutatlu	aquutagh[N][Abs][Unpd][Pl]-llu[Encl]
aquutatlu	aquutagh[N][Rel][Unpd][Pl]-llu[Encl]

taakut	taake[V][Intr][Ind][3Pl]

iikumiita	+?

------------------------
Qalugyatlu nefteghqaqat, taawa taaqneghmegteki apeghiighaqaat taaqaqut amalka aghveghem qepghallgha.

qalugyatlu	qalugyagh[N][Abs][Unpd][Pl]-llu[Encl]
qalugyatlu	qalugyagh[N][Rel][Unpd][Pl]-llu[Encl]

nefteghqaqat	+?

taawa	taawa

taaqneghmegteki	+?

apeghiighaqaat	apeghiigh-~(g₁)aqe[to.be.V.ing][to.regularly.or.repeatedly.V][V→V][V][Trns][Ind][3Pl][3Sg]

taaqaqut	taaqe-~(g₁)aqe[to.be.V.ing][to.regularly.or.repeatedly.V][V→V][V][Intr][Ind][3Pl]

amalka	+?

aghveghem	aghvegh[N][Rel][Unpd][Sg]

qepghallgha	+?

------------------------


------------------------
Enkaam iiyngi taakut qageghlluki sakun qalusiqakun sakun sagneghwaaghqunllu meghi taakut ilakluki iiyngan meghi.

enkaam	enkaam

iiyngi	iye[N][Abs][3SgPoss][PlPosd]

taakut	taake[V][Intr][Ind][3Pl]

qageghlluki	+?

sakun	sa-~–ke[to.have.as.one's.N(s)][N→V]-~:(u)te[condition.with.respect.to.V-ing][V→N][N][Abs][Unpd][Sg]
sakun	sa[N][Via][Unpd][Sg]

qalusiqakun	+?

sakun	sa-~–ke[to.have.as.one's.N(s)][N→V]-~:(u)te[condition.with.respect.to.V-ing][V→N][N][Abs][Unpd][Sg]
sakun	sa[N][Via][Unpd][Sg]

sagneghwaaghqunllu	+?

meghi	megh-~i[SBJ.V-ed.something][V→V][V][Intr][Opt][PRS][2Sg]
meghi	megh[N][Abs][3SgPoss][PlPosd]
meghi	meghe-~i[SBJ.V-ed.something][V→V][V][Intr][Opt][PRS][2Sg]
meghi	meghe[V][Intr][Opt][PRS][2Sg]
meghi	megh[V][Intr][Opt][PRS][2Sg]

taakut	taake[V][Intr][Ind][3Pl]

ilakluki	+?

iiyngan	iye[N][Rel][3SgPoss][SgPosd]
iiyngan	iye[N][Rel][3SgPoss][PlPosd]

meghi	megh-~i[SBJ.V-ed.something][V→V][V][Intr][Opt][PRS][2Sg]
meghi	megh[N][Abs][3SgPoss][PlPosd]
meghi	meghe-~i[SBJ.V-ed.something][V→V][V][Intr][Opt][PRS][2Sg]
meghi	meghe[V][Intr][Opt][PRS][2Sg]
meghi	megh[V][Intr][Opt][PRS][2Sg]

------------------------
Tamaana ggiillghem panellgha akuutaqaat mesiighmeng ilaaghlluki uglaaghinaluki akuutaqiit.

tamaana	+?

ggiillghem	ggiillegh[N][Rel][Unpd][Sg]

panellgha	panellegh[N][Abs][3SgPoss][SgPosd]

akuutaqaat	+?

mesiighmeng	mesiigh[N][Rel][4DuPoss][SgPosd]
mesiighmeng	mesiigh[N][Rel][4DuPoss][PlPosd]
mesiighmeng	mesiigh[N][Rel][4PlPoss][SgPosd]
mesiighmeng	mesiigh[N][Rel][4PlPoss][PlPosd]
mesiighmeng	mesiigh[N][Abl_Mod][Unpd][Sg]

ilaaghlluki	+?

uglaaghinaluki	+?

akuutaqiit	akuutagh-~–ke[to.have.as.one's.N(s)][N→V]-~i[SBJ.V-ed.something][V→V][V][Intr][Intrg][3Pl]
akuutaqiit	akuutagh-~–ke[to.have.as.one's.N(s)][N→V]-~i[SBJ.V-ed.something][V→V][V][Intr][Ind][3Pl]
akuutaqiit	akugh-~:(ng₁)u[to.be.N][N→V]-~:(u)te[to.V.for.or.with][to.cause.to.V.as.one.is.V-ing][to.V.toward.each.other][V→V]-~(g₁)aqe[to.be.V.ing][to.regularly.or.repeatedly.V][V→V]-~i[SBJ.V-ed.something][V→V][V][Intr][Intrg][3Pl]
akuutaqiit	akugh-~:(ng₁)u[to.be.N][N→V]-~:(u)te[to.V.for.or.with][to.cause.to.V.as.one.is.V-ing][to.V.toward.each.other][V→V]-~(g₁)aqe[to.be.V.ing][to.regularly.or.repeatedly.V][V→V]-~i[SBJ.V-ed.something][V→V][V][Intr][Ind][3Pl]
akuutaqiit	akugh-~:(ng₁)u[to.be.N][N→V]-~:(u)te[SBJ.V-ed.something][V→V]-~(g₁)aqe[to.be.V.ing][to.regularly.or.repeatedly.V][V→V]-~i[SBJ.V-ed.something][V→V][V][Intr][Intrg][3Pl]
akuutaqiit	akugh-~:(ng₁)u[to.be.N][N→V]-~:(u)te[SBJ.V-ed.something][V→V]-~(g₁)aqe[to.be.V.ing][to.regularly.or.repeatedly.V][V→V]-~i[SBJ.V-ed.something][V→V][V][Intr][Ind][3Pl]
akuutaqiit	akugh-~:(ng₁)u[to.be.N][N→V]-te[to.act.on.so.as.to.cause.to.V][V→V]-~(g₁)aqe[to.be.V.ing][to.regularly.or.repeatedly.V][V→V]-~i[SBJ.V-ed.something][V→V][V][Intr][Intrg][3Pl]
akuutaqiit	akugh-~:(ng₁)u[to.be.N][N→V]-te[to.act.on.so.as.to.cause.to.V][V→V]-~(g₁)aqe[to.be.V.ing][to.regularly.or.repeatedly.V][V→V]-~i[SBJ.V-ed.something][V→V][V][Intr][Ind][3Pl]

------------------------


------------------------
Enkaam akuunneghmeng taaqneghmegteki angyam sivuyagi aghenqigneghi aghveghhaat, minguughhutaqiit puyumeng taagken.

enkaam	enkaam

akuunneghmeng	akugh-~:(ng₁)u[to.be.N][N→V]-te[to.act.on.so.as.to.cause.to.V][V→V]-te[to.act.on.so.as.to.cause.to.V][V→V]-@₁–negh[the.act.or.activity.of.V-ing][V→N][N][Rel][4DuPoss][SgPosd]
akuunneghmeng	akugh-~:(ng₁)u[to.be.N][N→V]-te[to.act.on.so.as.to.cause.to.V][V→V]-te[to.act.on.so.as.to.cause.to.V][V→V]-@₁–negh[the.act.or.activity.of.V-ing][V→N][N][Rel][4DuPoss][PlPosd]
akuunneghmeng	akugh-~:(ng₁)u[to.be.N][N→V]-te[to.act.on.so.as.to.cause.to.V][V→V]-te[to.act.on.so.as.to.cause.to.V][V→V]-@₁–negh[the.act.or.activity.of.V-ing][V→N][N][Rel][4PlPoss][SgPosd]
akuunneghmeng	akugh-~:(ng₁)u[to.be.N][N→V]-te[to.act.on.so.as.to.cause.to.V][V→V]-te[to.act.on.so.as.to.cause.to.V][V→V]-@₁–negh[the.act.or.activity.of.V-ing][V→N][N][Rel][4PlPoss][PlPosd]
akuunneghmeng	akugh-~:(ng₁)u[to.be.N][N→V]-te[to.act.on.so.as.to.cause.to.V][V→V]-te[to.act.on.so.as.to.cause.to.V][V→V]-@₁–negh[the.act.or.activity.of.V-ing][V→N][N][Abl_Mod][Unpd][Sg]
akuunneghmeng	akugh-~:(ng₁)u[to.be.N][N→V]-te[to.act.on.so.as.to.cause.to.V][V→V]-te[to.act.on.so.as.to.cause.to.V][V→V][V][Intr][Ctmp][4Pl]
akuunneghmeng	akugh-~:(ng₁)u[to.be.N][N→V]-te[to.act.on.so.as.to.cause.to.V][V→V]-@₁–negh[the.act.or.activity.of.V-ing][V→N][N][Rel][4DuPoss][SgPosd]
akuunneghmeng	akugh-~:(ng₁)u[to.be.N][N→V]-te[to.act.on.so.as.to.cause.to.V][V→V]-@₁–negh[the.act.or.activity.of.V-ing][V→N][N][Rel][4DuPoss][PlPosd]
akuunneghmeng	akugh-~:(ng₁)u[to.be.N][N→V]-te[to.act.on.so.as.to.cause.to.V][V→V]-@₁–negh[the.act.or.activity.of.V-ing][V→N][N][Rel][4PlPoss][SgPosd]
akuunneghmeng	akugh-~:(ng₁)u[to.be.N][N→V]-te[to.act.on.so.as.to.cause.to.V][V→V]-@₁–negh[the.act.or.activity.of.V-ing][V→N][N][Rel][4PlPoss][PlPosd]
akuunneghmeng	akugh-~:(ng₁)u[to.be.N][N→V]-te[to.act.on.so.as.to.cause.to.V][V→V]-@₁–negh[the.act.or.activity.of.V-ing][V→N][N][Abl_Mod][Unpd][Sg]
akuunneghmeng	akugh-~:(ng₁)u[to.be.N][N→V]-te[to.act.on.so.as.to.cause.to.V][V→V][V][Intr][Ctmp][4Pl]
akuunneghmeng	akugh-~:(ng₁)u[to.be.N][N→V]-~:(u)te[to.V.for.or.with][to.cause.to.V.as.one.is.V-ing][to.V.toward.each.other][V→V]-te[to.act.on.so.as.to.cause.to.V][V→V]-te[to.act.on.so.as.to.cause.to.V][V→V]-@₁–negh[the.act.or.activity.of.V-ing][V→N][N][Rel][4DuPoss][SgPosd]
akuunneghmeng	akugh-~:(ng₁)u[to.be.N][N→V]-~:(u)te[to.V.for.or.with][to.cause.to.V.as.one.is.V-ing][to.V.toward.each.other][V→V]-te[to.act.on.so.as.to.cause.to.V][V→V]-te[to.act.on.so.as.to.cause.to.V][V→V]-@₁–negh[the.act.or.activity.of.V-ing][V→N][N][Rel][4DuPoss][PlPosd]
akuunneghmeng	akugh-~:(ng₁)u[to.be.N][N→V]-~:(u)te[to.V.for.or.with][to.cause.to.V.as.one.is.V-ing][to.V.toward.each.other][V→V]-te[to.act.on.so.as.to.cause.to.V][V→V]-te[to.act.on.so.as.to.cause.to.V][V→V]-@₁–negh[the.act.or.activity.of.V-ing][V→N][N][Rel][4PlPoss][SgPosd]
akuunneghmeng	akugh-~:(ng₁)u[to.be.N][N→V]-~:(u)te[to.V.for.or.with][to.cause.to.V.as.one.is.V-ing][to.V.toward.each.other][V→V]-te[to.act.on.so.as.to.cause.to.V][V→V]-te[to.act.on.so.as.to.cause.to.V][V→V]-@₁–negh[the.act.or.activity.of.V-ing][V→N][N][Rel][4PlPoss][PlPosd]
akuunneghmeng	akugh-~:(ng₁)u[to.be.N][N→V]-~:(u)te[to.V.for.or.with][to.cause.to.V.as.one.is.V-ing][to.V.toward.each.other][V→V]-te[to.act.on.so.as.to.cause.to.V][V→V]-te[to.act.on.so.as.to.cause.to.V][V→V]-@₁–negh[the.act.or.activity.of.V-ing][V→N][N][Abl_Mod][Unpd][Sg]
akuunneghmeng	akugh-~:(ng₁)u[to.be.N][N→V]-~:(u)te[to.V.for.or.with][to.cause.to.V.as.one.is.V-ing][to.V.toward.each.other][V→V]-te[to.act.on.so.as.to.cause.to.V][V→V]-te[to.act.on.so.as.to.cause.to.V][V→V][V][Intr][Ctmp][4Pl]
akuunneghmeng	akugh-~:(ng₁)u[to.be.N][N→V]-~:(u)te[to.V.for.or.with][to.cause.to.V.as.one.is.V-ing][to.V.toward.each.other][V→V]-te[to.act.on.so.as.to.cause.to.V][V→V]-@₁–negh[the.act.or.activity.of.V-ing][V→N][N][Rel][4DuPoss][SgPosd]
akuunneghmeng	akugh-~:(ng₁)u[to.be.N][N→V]-~:(u)te[to.V.for.or.with][to.cause.to.V.as.one.is.V-ing][to.V.toward.each.other][V→V]-te[to.act.on.so.as.to.cause.to.V][V→V]-@₁–negh[the.act.or.activity.of.V-ing][V→N][N][Rel][4DuPoss][PlPosd]
akuunneghmeng	akugh-~:(ng₁)u[to.be.N][N→V]-~:(u)te[to.V.for.or.with][to.cause.to.V.as.one.is.V-ing][to.V.toward.each.other][V→V]-te[to.act.on.so.as.to.cause.to.V][V→V]-@₁–negh[the.act.or.activity.of.V-ing][V→N][N][Rel][4PlPoss][SgPosd]
akuunneghmeng	akugh-~:(ng₁)u[to.be.N][N→V]-~:(u)te[to.V.for.or.with][to.cause.to.V.as.one.is.V-ing][to.V.toward.each.other][V→V]-te[to.act.on.so.as.to.cause.to.V][V→V]-@₁–negh[the.act.or.activity.of.V-ing][V→N][N][Rel][4PlPoss][PlPosd]
akuunneghmeng	akugh-~:(ng₁)u[to.be.N][N→V]-~:(u)te[to.V.for.or.with][to.cause.to.V.as.one.is.V-ing][to.V.toward.each.other][V→V]-te[to.act.on.so.as.to.cause.to.V][V→V]-@₁–negh[the.act.or.activity.of.V-ing][V→N][N][Abl_Mod][Unpd][Sg]
akuunneghmeng	akugh-~:(ng₁)u[to.be.N][N→V]-~:(u)te[to.V.for.or.with][to.cause.to.V.as.one.is.V-ing][to.V.toward.each.other][V→V]-te[to.act.on.so.as.to.cause.to.V][V→V][V][Intr][Ctmp][4Pl]
akuunneghmeng	akugh-~:(ng₁)u[to.be.N][N→V]-~:(u)te[condition.with.respect.to.V-ing][V→N]-te[to.catch.N][to.go.to.N][N→V]-te[to.act.on.so.as.to.cause.to.V][V→V]-@₁–negh[the.act.or.activity.of.V-ing][V→N][N][Rel][4DuPoss][SgPosd]
akuunneghmeng	akugh-~:(ng₁)u[to.be.N][N→V]-~:(u)te[condition.with.respect.to.V-ing][V→N]-te[to.catch.N][to.go.to.N][N→V]-te[to.act.on.so.as.to.cause.to.V][V→V]-@₁–negh[the.act.or.activity.of.V-ing][V→N][N][Rel][4DuPoss][PlPosd]
akuunneghmeng	akugh-~:(ng₁)u[to.be.N][N→V]-~:(u)te[condition.with.respect.to.V-ing][V→N]-te[to.catch.N][to.go.to.N][N→V]-te[to.act.on.so.as.to.cause.to.V][V→V]-@₁–negh[the.act.or.activity.of.V-ing][V→N][N][Rel][4PlPoss][SgPosd]
akuunneghmeng	akugh-~:(ng₁)u[to.be.N][N→V]-~:(u)te[condition.with.respect.to.V-ing][V→N]-te[to.catch.N][to.go.to.N][N→V]-te[to.act.on.so.as.to.cause.to.V][V→V]-@₁–negh[the.act.or.activity.of.V-ing][V→N][N][Rel][4PlPoss][PlPosd]
akuunneghmeng	akugh-~:(ng₁)u[to.be.N][N→V]-~:(u)te[condition.with.respect.to.V-ing][V→N]-te[to.catch.N][to.go.to.N][N→V]-te[to.act.on.so.as.to.cause.to.V][V→V]-@₁–negh[the.act.or.activity.of.V-ing][V→N][N][Abl_Mod][Unpd][Sg]
akuunneghmeng	akugh-~:(ng₁)u[to.be.N][N→V]-~:(u)te[condition.with.respect.to.V-ing][V→N]-te[to.catch.N][to.go.to.N][N→V]-te[to.act.on.so.as.to.cause.to.V][V→V][V][Intr][Ctmp][4Pl]
akuunneghmeng	akugh-~:(ng₁)u[to.be.N][N→V]-~:(u)te[condition.with.respect.to.V-ing][V→N]-te[to.catch.N][to.go.to.N][N→V]-@₁–negh[the.act.or.activity.of.V-ing][V→N][N][Rel][4DuPoss][SgPosd]
akuunneghmeng	akugh-~:(ng₁)u[to.be.N][N→V]-~:(u)te[condition.with.respect.to.V-ing][V→N]-te[to.catch.N][to.go.to.N][N→V]-@₁–negh[the.act.or.activity.of.V-ing][V→N][N][Rel][4DuPoss][PlPosd]
akuunneghmeng	akugh-~:(ng₁)u[to.be.N][N→V]-~:(u)te[condition.with.respect.to.V-ing][V→N]-te[to.catch.N][to.go.to.N][N→V]-@₁–negh[the.act.or.activity.of.V-ing][V→N][N][Rel][4PlPoss][SgPosd]
akuunneghmeng	akugh-~:(ng₁)u[to.be.N][N→V]-~:(u)te[condition.with.respect.to.V-ing][V→N]-te[to.catch.N][to.go.to.N][N→V]-@₁–negh[the.act.or.activity.of.V-ing][V→N][N][Rel][4PlPoss][PlPosd]
akuunneghmeng	akugh-~:(ng₁)u[to.be.N][N→V]-~:(u)te[condition.with.respect.to.V-ing][V→N]-te[to.catch.N][to.go.to.N][N→V]-@₁–negh[the.act.or.activity.of.V-ing][V→N][N][Abl_Mod][Unpd][Sg]
akuunneghmeng	akugh-~:(ng₁)u[to.be.N][N→V]-~:(u)te[condition.with.respect.to.V-ing][V→N]-te[to.catch.N][to.go.to.N][N→V][V][Intr][Ctmp][4Pl]
akuunneghmeng	akugh-~:(ng₁)u[to.be.N][N→V]-~:(u)te[SBJ.V-ed.something][V→V]-te[to.act.on.so.as.to.cause.to.V][V→V]-te[to.act.on.so.as.to.cause.to.V][V→V]-@₁–negh[the.act.or.activity.of.V-ing][V→N][N][Rel][4DuPoss][SgPosd]
akuunneghmeng	akugh-~:(ng₁)u[to.be.N][N→V]-~:(u)te[SBJ.V-ed.something][V→V]-te[to.act.on.so.as.to.cause.to.V][V→V]-te[to.act.on.so.as.to.cause.to.V][V→V]-@₁–negh[the.act.or.activity.of.V-ing][V→N][N][Rel][4DuPoss][PlPosd]
akuunneghmeng	akugh-~:(ng₁)u[to.be.N][N→V]-~:(u)te[SBJ.V-ed.something][V→V]-te[to.act.on.so.as.to.cause.to.V][V→V]-te[to.act.on.so.as.to.cause.to.V][V→V]-@₁–negh[the.act.or.activity.of.V-ing][V→N][N][Rel][4PlPoss][SgPosd]
akuunneghmeng	akugh-~:(ng₁)u[to.be.N][N→V]-~:(u)te[SBJ.V-ed.something][V→V]-te[to.act.on.so.as.to.cause.to.V][V→V]-te[to.act.on.so.as.to.cause.to.V][V→V]-@₁–negh[the.act.or.activity.of.V-ing][V→N][N][Rel][4PlPoss][PlPosd]
akuunneghmeng	akugh-~:(ng₁)u[to.be.N][N→V]-~:(u)te[SBJ.V-ed.something][V→V]-te[to.act.on.so.as.to.cause.to.V][V→V]-te[to.act.on.so.as.to.cause.to.V][V→V]-@₁–negh[the.act.or.activity.of.V-ing][V→N][N][Abl_Mod][Unpd][Sg]
akuunneghmeng	akugh-~:(ng₁)u[to.be.N][N→V]-~:(u)te[SBJ.V-ed.something][V→V]-te[to.act.on.so.as.to.cause.to.V][V→V]-te[to.act.on.so.as.to.cause.to.V][V→V][V][Intr][Ctmp][4Pl]
akuunneghmeng	akugh-~:(ng₁)u[to.be.N][N→V]-~:(u)te[SBJ.V-ed.something][V→V]-te[to.act.on.so.as.to.cause.to.V][V→V]-@₁–negh[the.act.or.activity.of.V-ing][V→N][N][Rel][4DuPoss][SgPosd]
akuunneghmeng	akugh-~:(ng₁)u[to.be.N][N→V]-~:(u)te[SBJ.V-ed.something][V→V]-te[to.act.on.so.as.to.cause.to.V][V→V]-@₁–negh[the.act.or.activity.of.V-ing][V→N][N][Rel][4DuPoss][PlPosd]
akuunneghmeng	akugh-~:(ng₁)u[to.be.N][N→V]-~:(u)te[SBJ.V-ed.something][V→V]-te[to.act.on.so.as.to.cause.to.V][V→V]-@₁–negh[the.act.or.activity.of.V-ing][V→N][N][Rel][4PlPoss][SgPosd]
akuunneghmeng	akugh-~:(ng₁)u[to.be.N][N→V]-~:(u)te[SBJ.V-ed.something][V→V]-te[to.act.on.so.as.to.cause.to.V][V→V]-@₁–negh[the.act.or.activity.of.V-ing][V→N][N][Rel][4PlPoss][PlPosd]
akuunneghmeng	akugh-~:(ng₁)u[to.be.N][N→V]-~:(u)te[SBJ.V-ed.something][V→V]-te[to.act.on.so.as.to.cause.to.V][V→V]-@₁–negh[the.act.or.activity.of.V-ing][V→N][N][Abl_Mod][Unpd][Sg]
akuunneghmeng	akugh-~:(ng₁)u[to.be.N][N→V]-~:(u)te[SBJ.V-ed.something][V→V]-te[to.act.on.so.as.to.cause.to.V][V→V][V][Intr][Ctmp][4Pl]

taaqneghmegteki	+?

angyam	angyagh[N][Rel][Unpd][Sg]

sivuyagi	sivuyag[N][Abs][3SgPoss][PlPosd]

aghenqigneghi	aghenqignegh[N][Abs][3SgPoss][PlPosd]

aghveghhaat	aghvegh-–ghhagh*[dear.N][N→N][N][Abs][Unpd][Pl]
aghveghhaat	aghvegh-–ghhagh*[dear.N][N→N][N][Abs][3PlPoss][SgPosd]
aghveghhaat	aghvegh-–ghhagh*[dear.N][N→N][N][Rel][Unpd][Pl]

minguughhutaqiit	+?

puyumeng	puyugh[N][Rel][4DuPoss][SgPosd]
puyumeng	puyugh[N][Rel][4DuPoss][PlPosd]
puyumeng	puyugh[N][Rel][4PlPoss][SgPosd]
puyumeng	puyugh[N][Rel][4PlPoss][PlPosd]
puyumeng	puyugh[N][Abl_Mod][Unpd][Sg]

taagken	taagken

------------------------
Tagneqegtepigtuut uqfiigam ggiillghan panellghi.

tagneqegtepigtuut	+?

uqfiigam	+?

ggiillghan	ggiillegh[N][Rel][3SgPoss][SgPosd]
ggiillghan	ggiillegh[N][Rel][3SgPoss][PlPosd]

panellghi	panellegh[N][Abs][3SgPoss][PlPosd]

------------------------
Aghveghet ulimaaqiit aghenqigneghem tungangakun, saghumigneghan tungangakun veghaghhiinaat piiqiit asitmun tereghlukillu inglugtun.

aghveghet	aghvegh[N][Abs][Unpd][Pl]
aghveghet	aghvegh[N][Rel][Unpd][Pl]

ulimaaqiit	ulima-~(g₁)aqe[to.be.V.ing][to.regularly.or.repeatedly.V][V→V]-~i[SBJ.V-ed.something][V→V][V][Intr][Intrg][3Pl]
ulimaaqiit	ulima-~(g₁)aqe[to.be.V.ing][to.regularly.or.repeatedly.V][V→V]-~i[SBJ.V-ed.something][V→V][V][Intr][Ind][3Pl]
ulimaaqiit	ulima-~(g₁)aqe[to.be.V.ing][to.regularly.or.repeatedly.V][V→V][V][Trns][Ind][3Pl][3Pl]
ulimaaqiit	ulima-~(g₁)aqe[to.be.V.ing][to.regularly.or.repeatedly.V][V→V][V][Trns][Ind][3Du][3Sg]
ulimaaqiit	ulimaagh-~–ke[to.have.as.one's.N(s)][N→V]-~i[SBJ.V-ed.something][V→V][V][Intr][Intrg][3Pl]
ulimaaqiit	ulimaagh-~–ke[to.have.as.one's.N(s)][N→V]-~i[SBJ.V-ed.something][V→V][V][Intr][Ind][3Pl]

aghenqigneghem	aghenqignegh[N][Rel][Unpd][Sg]

tungangakun	+?

saghumigneghan	saghumignegh[N][Rel][3SgPoss][SgPosd]
saghumigneghan	saghumignegh[N][Rel][3SgPoss][PlPosd]

tungangakun	+?

veghaghhiinaat	veghagh-–ghhagh*[dear.N][N→N]-~:(ng₁)u[to.be.N][N→V]-~i[SBJ.V-ed.something][V→V]-~i[SBJ.V-ed.something][V→V]-~i[SBJ.V-ed.something][V→V]-@₁~fna[in.order.to.V][intending.to.V][V→V][V][Intr][Intrg][3Pl]
veghaghhiinaat	veghagh-–ghhagh*[dear.N][N→N]-~:(ng₁)u[to.be.N][N→V]-~i[SBJ.V-ed.something][V→V]-~i[SBJ.V-ed.something][V→V]-@₁~fna[in.order.to.V][intending.to.V][V→V][V][Intr][Intrg][3Pl]
veghaghhiinaat	veghagh-–ghhagh*[dear.N][N→N]-~:(ng₁)u[to.be.N][N→V]-~i[SBJ.V-ed.something][V→V]-~i[SBJ.V-ed.something][V→V]-@₁~fna[in.order.to.V][intending.to.V][V→V][V][Intr][Ind][3Pl]
veghaghhiinaat	veghagh-–ghhagh*[dear.N][N→N]-~:(ng₁)u[to.be.N][N→V]-~i[SBJ.V-ed.something][V→V]-~i[SBJ.V-ed.something][V→V]-~:(u)te[to.V.for.or.with][to.cause.to.V.as.one.is.V-ing][to.V.toward.each.other][V→V]-@₁~fna[in.order.to.V][intending.to.V][V→V][V][Intr][Intrg][3Pl]
veghaghhiinaat	veghagh-–ghhagh*[dear.N][N→N]-~:(ng₁)u[to.be.N][N→V]-~i[SBJ.V-ed.something][V→V]-~i[SBJ.V-ed.something][V→V]-~:(u)te[SBJ.V-ed.something][V→V]-@₁~fna[in.order.to.V][intending.to.V][V→V][V][Intr][Intrg][3Pl]
veghaghhiinaat	veghagh-–ghhagh*[dear.N][N→N]-~:(ng₁)u[to.be.N][N→V]-~i[SBJ.V-ed.something][V→V]-@₁~fna[in.order.to.V][intending.to.V][V→V][V][Intr][Intrg][3Pl]
veghaghhiinaat	veghagh-–ghhagh*[dear.N][N→N]-~:(ng₁)u[to.be.N][N→V]-~i[SBJ.V-ed.something][V→V]-@₁~fna[in.order.to.V][intending.to.V][V→V][V][Intr][Ind][3Pl]
veghaghhiinaat	veghagh-–ghhagh*[dear.N][N→N]-~:(ng₁)u[to.be.N][N→V]-~i[SBJ.V-ed.something][V→V]-~:(u)te[to.V.for.or.with][to.cause.to.V.as.one.is.V-ing][to.V.toward.each.other][V→V]-@₁~fna[in.order.to.V][intending.to.V][V→V][V][Intr][Intrg][3Pl]
veghaghhiinaat	veghagh-–ghhagh*[dear.N][N→N]-~:(ng₁)u[to.be.N][N→V]-~i[SBJ.V-ed.something][V→V]-~:(u)te[to.V.for.or.with][to.cause.to.V.as.one.is.V-ing][to.V.toward.each.other][V→V]-@₁~fna[in.order.to.V][intending.to.V][V→V][V][Intr][Ind][3Pl]
veghaghhiinaat	veghagh-–ghhagh*[dear.N][N→N]-~:(ng₁)u[to.be.N][N→V]-~i[SBJ.V-ed.something][V→V]-~:(u)te[SBJ.V-ed.something][V→V]-@₁~fna[in.order.to.V][intending.to.V][V→V][V][Intr][Intrg][3Pl]
veghaghhiinaat	veghagh-–ghhagh*[dear.N][N→N]-~:(ng₁)u[to.be.N][N→V]-~i[SBJ.V-ed.something][V→V]-~:(u)te[SBJ.V-ed.something][V→V]-@₁~fna[in.order.to.V][intending.to.V][V→V][V][Intr][Ind][3Pl]

piiqiit	pi-~(g₁)aqe[to.be.V.ing][to.regularly.or.repeatedly.V][V→V]-~i[SBJ.V-ed.something][V→V][V][Intr][Intrg][3Pl]
piiqiit	pi-~(g₁)aqe[to.be.V.ing][to.regularly.or.repeatedly.V][V→V]-~i[SBJ.V-ed.something][V→V][V][Intr][Ind][3Pl]
piiqiit	pi-~(g₁)aqe[to.be.V.ing][to.regularly.or.repeatedly.V][V→V][V][Trns][Ind][3Pl][3Pl]
piiqiit	pi-~(g₁)aqe[to.be.V.ing][to.regularly.or.repeatedly.V][V→V][V][Trns][Ind][3Du][3Sg]
piiqiit	piigh-~–ke[to.have.as.one's.N(s)][N→V]-~i[SBJ.V-ed.something][V→V][V][Intr][Intrg][3Pl]
piiqiit	piigh-~–ke[to.have.as.one's.N(s)][N→V]-~i[SBJ.V-ed.something][V→V][V][Intr][Ind][3Pl]

asitmun	asit[N][Ter][Unpd][Sg]
asitmun	asitmute[N][Abs][Unpd][Sg]

tereghlukillu	+?

inglugtun	inglugtute[N][Abs][Unpd][Sg]

------------------------


------------------------
Enkaam aquutas taakut amalka piineqaqiit alii taakut quulqam tungaangakun taaggun asitmun ighighlluteng ayuqut slant-eluteng.

enkaam	enkaam

aquutas	+?

taakut	taake[V][Intr][Ind][3Pl]

amalka	+?

piineqaqiit	+?

alii	alugh-~:(ng₁)u[to.be.N][N→V]-~i[SBJ.V-ed.something][V→V]-~i[SBJ.V-ed.something][V→V]-~i[SBJ.V-ed.something][V→V]-~i[SBJ.V-ed.something][V→V]-~i[SBJ.V-ed.something][V→V][V][Intr][Opt][PRS][2Sg]
alii	alugh-~:(ng₁)u[to.be.N][N→V]-~i[SBJ.V-ed.something][V→V]-~i[SBJ.V-ed.something][V→V]-~i[SBJ.V-ed.something][V→V]-~i[SBJ.V-ed.something][V→V][V][Intr][Opt][PRS][2Sg]
alii	alugh-~:(ng₁)u[to.be.N][N→V]-~i[SBJ.V-ed.something][V→V]-~i[SBJ.V-ed.something][V→V]-~i[SBJ.V-ed.something][V→V][V][Intr][Opt][PRS][2Sg]
alii	alugh-~:(ng₁)u[to.be.N][N→V]-~i[SBJ.V-ed.something][V→V]-~i[SBJ.V-ed.something][V→V][V][Intr][Opt][PRS][2Sg]
alii	alugh-~:(ng₁)u[to.be.N][N→V]-~i[SBJ.V-ed.something][V→V][V][Intr][Opt][PRS][2Sg]
alii	alugh[N][Abs][3SgPoss][PlPosd]

taakut	taake[V][Intr][Ind][3Pl]

quulqam	+?

tungaangakun	+?

taaggun	+?

asitmun	asit[N][Ter][Unpd][Sg]
asitmun	asitmute[N][Abs][Unpd][Sg]

ighighlluteng	+?

ayuqut	+?

slanteluteng	+?

------------------------
Qulighneghillu taakut mingughhaqiit.

qulighneghillu	qulighnegh[N][Abs][3SgPoss][PlPosd]-llu[Encl]

taakut	taake[V][Intr][Ind][3Pl]

mingughhaqiit	+?

------------------------
Enkaam tagneqegtepigtaqut, kinengllaghaqiit.

enkaam	enkaam

tagneqegtepigtaqut	+?

kinengllaghaqiit	+?

------------------------


------------------------
Taawa aghveghem taana uyvasaghqellgha apeghiighaquq taaqaquq.

taawa	taawa

aghveghem	aghvegh[N][Rel][Unpd][Sg]

taana	taana

uyvasaghqellgha	+?

apeghiighaquq	apeghiigh-~(g₁)aqe[to.be.V.ing][to.regularly.or.repeatedly.V][V→V][V][Intr][Ind][3Sg]

taaqaquq	taaqe-~(g₁)aqe[to.be.V.ing][to.regularly.or.repeatedly.V][V→V][V][Intr][Ind][3Sg]

------------------------
Alla angyaghyaghqaaghtaqut.

alla	alla
alla	alla[N][Abs][Unpd][Sg]

angyaghyaghqaaghtaqut	+?

------------------------
Angyaghtughluuteng ayveghniiq piluku.

angyaghtughluuteng	+?

ayveghniiq	+?

piluku	pi-~:(u)te[to.V.for.or.with][to.cause.to.V.as.one.is.V-ing][to.V.toward.each.other][V→V][V][Trns][Sbrd][_][3Sg]
piluku	pi[V][Trns][Sbrd][_][3Sg]

------------------------
Ilangillu aghvengaqelghiit ama tawaten uyvasaghqegkayuget ellmeng pilleghmegestun uyvasaghqegkayuget.

ilangillu	ila[N][Abs][3SgPoss][PlPosd]-llu[Encl]

aghvengaqelghiit	+?

ama	ama

tawaten	tawaten

uyvasaghqegkayuget	+?

ellmeng	ellmeng
ellmeng	ellmeng[N][Abs][Unpd][Sg]

pilleghmegestun	+?

uyvasaghqegkayuget	+?

------------------------
Tawaten ama veghii siqlugaghmikayugit.

tawaten	tawaten

ama	ama

veghii	veghagh-~:(ng₁)u[to.be.N][N→V]-~i[SBJ.V-ed.something][V→V]-~i[SBJ.V-ed.something][V→V]-~i[SBJ.V-ed.something][V→V]-~i[SBJ.V-ed.something][V→V]-~i[SBJ.V-ed.something][V→V][V][Intr][Opt][PRS][2Sg]
veghii	veghagh-~:(ng₁)u[to.be.N][N→V]-~i[SBJ.V-ed.something][V→V]-~i[SBJ.V-ed.something][V→V]-~i[SBJ.V-ed.something][V→V]-~i[SBJ.V-ed.something][V→V][V][Intr][Opt][PRS][2Sg]
veghii	veghagh-~:(ng₁)u[to.be.N][N→V]-~i[SBJ.V-ed.something][V→V]-~i[SBJ.V-ed.something][V→V]-~i[SBJ.V-ed.something][V→V][V][Intr][Opt][PRS][2Sg]
veghii	veghagh-~:(ng₁)u[to.be.N][N→V]-~i[SBJ.V-ed.something][V→V]-~i[SBJ.V-ed.something][V→V][V][Intr][Opt][PRS][2Sg]
veghii	veghagh-~:(ng₁)u[to.be.N][N→V]-~i[SBJ.V-ed.something][V→V][V][Intr][Opt][PRS][2Sg]
veghii	veghagh[N][Abs][3SgPoss][PlPosd]

siqlugaghmikayugit	+?

------------------------


------------------------
Enkaam samun angyaghtumun lliighaqus taawa.

enkaam	enkaam

samun	sa[N][Ter][Unpd][Sg]

angyaghtumun	+?

lliighaqus	+?

taawa	taawa

------------------------
