AGHQESAGHTUM PINGA

aghqesaghtum	+?

pinga	pi[N][Abs][3SgPoss][SgPosd]
pinga	pi[V][Trns][Opt][PRS][2Sg][1Sg]

------------------------
Pelaasim Apellgha

pelaasim	+?

apellgha	+?

------------------------


------------------------
Enkaam angyaghnaq kayaalin'ghani, enraq aghqesaghtumun pikayugni.

enkaam	enkaam

angyaghnaq	+?

kayaalinghani	+?

enraq	+?

aghqesaghtumun	+?

pikayugni	pikayug[N][Loc][Unpd][Pl]

------------------------
Ilakullghii, kelguulluta siivanlleghet, taakut aghvengegkani teghrughaaghet.

ilakullghii	ila-~–ke[to.have.as.one's.N(s)][N→V]-~:(u)te[to.V.for.or.with][to.cause.to.V.as.one.is.V-ing][to.V.toward.each.other][V→V]-te[to.act.on.so.as.to.cause.to.V][V→V]-te[to.act.on.so.as.to.cause.to.V][V→V]-@₁–lghii[the.one.that.V-ed][the.one.that.is.V][V→N][N][Abs][Unpd][Sg]
ilakullghii	ila-~–ke[to.have.as.one's.N(s)][N→V]-~:(u)te[to.V.for.or.with][to.cause.to.V.as.one.is.V-ing][to.V.toward.each.other][V→V]-te[to.act.on.so.as.to.cause.to.V][V→V]-@₁–lghii[the.one.that.V-ed][the.one.that.is.V][V→N][N][Abs][Unpd][Sg]
ilakullghii	ila-~–ke[to.have.as.one's.N(s)][N→V]-~:(u)te[to.V.for.or.with][to.cause.to.V.as.one.is.V-ing][to.V.toward.each.other][V→V]-@₁–lghii[the.one.that.V-ed][the.one.that.is.V][V→N][N][Abs][Unpd][Sg]
ilakullghii	ila-~–ke[to.have.as.one's.N(s)][N→V]-~:(u)te[condition.with.respect.to.V-ing][V→N]-te[to.catch.N][to.go.to.N][N→V]-te[to.act.on.so.as.to.cause.to.V][V→V]-@₁–lghii[the.one.that.V-ed][the.one.that.is.V][V→N][N][Abs][Unpd][Sg]
ilakullghii	ila-~–ke[to.have.as.one's.N(s)][N→V]-~:(u)te[condition.with.respect.to.V-ing][V→N]-te[to.catch.N][to.go.to.N][N→V]-@₁–lghii[the.one.that.V-ed][the.one.that.is.V][V→N][N][Abs][Unpd][Sg]
ilakullghii	ila-~–ke[to.have.as.one's.N(s)][N→V]-~:(u)te[SBJ.V-ed.something][V→V]-te[to.act.on.so.as.to.cause.to.V][V→V]-te[to.act.on.so.as.to.cause.to.V][V→V]-@₁–lghii[the.one.that.V-ed][the.one.that.is.V][V→N][N][Abs][Unpd][Sg]
ilakullghii	ila-~–ke[to.have.as.one's.N(s)][N→V]-~:(u)te[SBJ.V-ed.something][V→V]-te[to.act.on.so.as.to.cause.to.V][V→V]-@₁–lghii[the.one.that.V-ed][the.one.that.is.V][V→N][N][Abs][Unpd][Sg]
ilakullghii	ila-~–ke[to.have.as.one's.N(s)][N→V]-~:(u)te[SBJ.V-ed.something][V→V]-@₁–lghii[the.one.that.V-ed][the.one.that.is.V][V→N][N][Abs][Unpd][Sg]

kelguulluta	+?

siivanlleghet	siivanllegh[N][Abs][Unpd][Pl]
siivanlleghet	siivanllegh[N][Rel][Unpd][Pl]

taakut	taake[V][Intr][Ind][3Pl]

aghvengegkani	+?

teghrughaaghet	teghrughaagh[N][Abs][Unpd][Pl]
teghrughaaghet	teghrughaagh[N][Rel][Unpd][Pl]

------------------------


------------------------
Aghnat kelgughluki qerngughuluteng taglaghtuutaqelghiit.

aghnat	aghnagh[N][Abs][Unpd][Pl]
aghnat	aghnagh[N][Rel][Unpd][Pl]

kelgughluki	+?

qerngughuluteng	+?

taglaghtuutaqelghiit	+?

------------------------
Qasiqam itegaa, mangtak, aghnas tamaakut, mangtak agaghtiiraaq.

qasiqam	qasiqagh[N][Rel][Unpd][Sg]

itegaa	itegagh-~:(ng₁)u[to.be.N][N→V][V][Intr][Opt][PRS][2Sg]
itegaa	itegagh[N][Abs][3SgPoss][SgPosd]

mangtak	mangtag[N][Abs][Unpd][Sg]

aghnas	+?

tamaakut	+?

mangtak	mangtag[N][Abs][Unpd][Sg]

agaghtiiraaq	+?

------------------------
Ilangi nefkuuramengllu, tawaqa, quyngimllu tulimaaneng pimaaqat pamaaken atghaatkameng.

ilangi	ila[N][Abs][3SgPoss][PlPosd]

nefkuuramengllu	nefkuuragh[N][Rel][4DuPoss][SgPosd]-llu[Encl]
nefkuuramengllu	nefkuuragh[N][Rel][4DuPoss][PlPosd]-llu[Encl]
nefkuuramengllu	nefkuuragh[N][Rel][4PlPoss][SgPosd]-llu[Encl]
nefkuuramengllu	nefkuuragh[N][Rel][4PlPoss][PlPosd]-llu[Encl]
nefkuuramengllu	nefkuuragh[N][Abl_Mod][Unpd][Sg]-llu[Encl]

tawaqa	+?

quyngimllu	quyngigh[N][Rel][Unpd][Sg]-llu[Encl]

tulimaaneng	tulimagh[N][Abl_Mod][3SgPoss][SgPosd]
tulimaaneng	tulimagh[N][Abl_Mod][3SgPoss][PlPosd]

pimaaqat	pi-@₁~:(i/u)ma[to.have.V-ed][to.have.been.V-ed][V→V]-~(g₁)aqe[to.be.V.ing][to.regularly.or.repeatedly.V][V→V][V][Intr][Intrg][3Pl]

pamaaken	+?

atghaatkameng	+?

------------------------


------------------------
Qisgengankut, Anaghasuugenkut, Wiyallu taana pikayuk iknaqellgha umiilek.

qisgengankut	+?

anaghasuugenkut	+?

wiyallu	+?

taana	taana

pikayuk	pi-~–kayuk[one.who.is.able.to.V][V→N][N][Abs][Unpd][Sg]
pikayuk	pikayug[N][Abs][Unpd][Sg]

iknaqellgha	+?

umiilek	umiileg[N][Abs][Unpd][Sg]

------------------------
Enkaam kumaghlluteng ungagameng qiighaqluki eghqwaaghaqelghiit, "Aasivaasaamna taa," sivun'ghet tuqlughaqluki tagilaghaatesqelluki ken'ghem asinganun neghesnaqniluki eghqwaaghaqegkangit.

enkaam	enkaam

kumaghlluteng	+?

ungagameng	ungagagh[N][Rel][4DuPoss][SgPosd]
ungagameng	ungagagh[N][Rel][4DuPoss][PlPosd]
ungagameng	ungagagh[N][Rel][4PlPoss][SgPosd]
ungagameng	ungagagh[N][Rel][4PlPoss][PlPosd]
ungagameng	ungagagh[N][Abl_Mod][Unpd][Sg]

qiighaqluki	+?

eghqwaaghaqelghiit	+?

aasivaasaamna	+?

taa	+?

sivunghet	+?

tuqlughaqluki	tuqlugh-~(g₁)aqe[to.be.V.ing][to.regularly.or.repeatedly.V][V→V]-te[to.act.on.so.as.to.cause.to.V][V→V]-te[to.act.on.so.as.to.cause.to.V][V→V][V][Trns][Sbrd][_][3Pl]
tuqlughaqluki	tuqlugh-~(g₁)aqe[to.be.V.ing][to.regularly.or.repeatedly.V][V→V]-te[to.act.on.so.as.to.cause.to.V][V→V][V][Trns][Sbrd][_][3Pl]
tuqlughaqluki	tuqlugh-~(g₁)aqe[to.be.V.ing][to.regularly.or.repeatedly.V][V→V][V][Trns][Sbrd][_][3Pl]

tagilaghaatesqelluki	+?

kenghem	+?

asinganun	asi[N][Ter][3SgPoss][SgPosd]
asinganun	asi[N][Ter][3SgPoss][PlPosd]

neghesnaqniluki	neghe-(te)ste[to.have.make.or.let.one.V][Cmpd_Vbl]-te[to.act.on.so.as.to.cause.to.V][V→V]-@₁~fnaqe[to.be.going.to.V][V→V]-te[to.act.on.so.as.to.cause.to.V][V→V]-te[to.act.on.so.as.to.cause.to.V][V→V]-te[to.act.on.so.as.to.cause.to.V][V→V]-@₁~fni[to.say.that.one.is.V-ing][Cmpd_Vbl]-~:(u)te[to.V.for.or.with][to.cause.to.V.as.one.is.V-ing][to.V.toward.each.other][V→V][V][Trns][Sbrd][_][3Pl]
neghesnaqniluki	neghe-(te)ste[to.have.make.or.let.one.V][Cmpd_Vbl]-te[to.act.on.so.as.to.cause.to.V][V→V]-@₁~fnaqe[to.be.going.to.V][V→V]-te[to.act.on.so.as.to.cause.to.V][V→V]-te[to.act.on.so.as.to.cause.to.V][V→V]-te[to.act.on.so.as.to.cause.to.V][V→V]-@₁~fni[to.say.that.one.is.V-ing][Cmpd_Vbl][V][Trns][Sbrd][_][3Pl]
neghesnaqniluki	neghe-(te)ste[to.have.make.or.let.one.V][Cmpd_Vbl]-te[to.act.on.so.as.to.cause.to.V][V→V]-@₁~fnaqe[to.be.going.to.V][V→V]-te[to.act.on.so.as.to.cause.to.V][V→V]-te[to.act.on.so.as.to.cause.to.V][V→V]-@₁~fni[to.say.that.one.is.V-ing][Cmpd_Vbl]-~:(u)te[to.V.for.or.with][to.cause.to.V.as.one.is.V-ing][to.V.toward.each.other][V→V][V][Trns][Sbrd][_][3Pl]
neghesnaqniluki	neghe-(te)ste[to.have.make.or.let.one.V][Cmpd_Vbl]-te[to.act.on.so.as.to.cause.to.V][V→V]-@₁~fnaqe[to.be.going.to.V][V→V]-te[to.act.on.so.as.to.cause.to.V][V→V]-te[to.act.on.so.as.to.cause.to.V][V→V]-@₁~fni[to.say.that.one.is.V-ing][Cmpd_Vbl][V][Trns][Sbrd][_][3Pl]
neghesnaqniluki	neghe-(te)ste[to.have.make.or.let.one.V][Cmpd_Vbl]-te[to.act.on.so.as.to.cause.to.V][V→V]-@₁~fnaqe[to.be.going.to.V][V→V]-te[to.act.on.so.as.to.cause.to.V][V→V]-@₁~fni[to.say.that.one.is.V-ing][Cmpd_Vbl]-~:(u)te[to.V.for.or.with][to.cause.to.V.as.one.is.V-ing][to.V.toward.each.other][V→V][V][Trns][Sbrd][_][3Pl]
neghesnaqniluki	neghe-(te)ste[to.have.make.or.let.one.V][Cmpd_Vbl]-te[to.act.on.so.as.to.cause.to.V][V→V]-@₁~fnaqe[to.be.going.to.V][V→V]-te[to.act.on.so.as.to.cause.to.V][V→V]-@₁~fni[to.say.that.one.is.V-ing][Cmpd_Vbl][V][Trns][Sbrd][_][3Pl]
neghesnaqniluki	neghe-(te)ste[to.have.make.or.let.one.V][Cmpd_Vbl]-te[to.act.on.so.as.to.cause.to.V][V→V]-@₁~fnaqe[to.be.going.to.V][V→V]-@₁~fni[to.say.that.one.is.V-ing][Cmpd_Vbl]-~:(u)te[to.V.for.or.with][to.cause.to.V.as.one.is.V-ing][to.V.toward.each.other][V→V][V][Trns][Sbrd][_][3Pl]
neghesnaqniluki	neghe-(te)ste[to.have.make.or.let.one.V][Cmpd_Vbl]-te[to.act.on.so.as.to.cause.to.V][V→V]-@₁~fnaqe[to.be.going.to.V][V→V]-@₁~fni[to.say.that.one.is.V-ing][Cmpd_Vbl][V][Trns][Sbrd][_][3Pl]
neghesnaqniluki	neghe-(te)ste[to.have.make.or.let.one.V][Cmpd_Vbl]-@₁~fnaqe[to.be.going.to.V][V→V]-te[to.act.on.so.as.to.cause.to.V][V→V]-te[to.act.on.so.as.to.cause.to.V][V→V]-te[to.act.on.so.as.to.cause.to.V][V→V]-@₁~fni[to.say.that.one.is.V-ing][Cmpd_Vbl]-~:(u)te[to.V.for.or.with][to.cause.to.V.as.one.is.V-ing][to.V.toward.each.other][V→V][V][Trns][Sbrd][_][3Pl]
neghesnaqniluki	neghe-(te)ste[to.have.make.or.let.one.V][Cmpd_Vbl]-@₁~fnaqe[to.be.going.to.V][V→V]-te[to.act.on.so.as.to.cause.to.V][V→V]-te[to.act.on.so.as.to.cause.to.V][V→V]-te[to.act.on.so.as.to.cause.to.V][V→V]-@₁~fni[to.say.that.one.is.V-ing][Cmpd_Vbl][V][Trns][Sbrd][_][3Pl]
neghesnaqniluki	neghe-(te)ste[to.have.make.or.let.one.V][Cmpd_Vbl]-@₁~fnaqe[to.be.going.to.V][V→V]-te[to.act.on.so.as.to.cause.to.V][V→V]-te[to.act.on.so.as.to.cause.to.V][V→V]-@₁~fni[to.say.that.one.is.V-ing][Cmpd_Vbl]-~:(u)te[to.V.for.or.with][to.cause.to.V.as.one.is.V-ing][to.V.toward.each.other][V→V][V][Trns][Sbrd][_][3Pl]
neghesnaqniluki	neghe-(te)ste[to.have.make.or.let.one.V][Cmpd_Vbl]-@₁~fnaqe[to.be.going.to.V][V→V]-te[to.act.on.so.as.to.cause.to.V][V→V]-te[to.act.on.so.as.to.cause.to.V][V→V]-@₁~fni[to.say.that.one.is.V-ing][Cmpd_Vbl][V][Trns][Sbrd][_][3Pl]
neghesnaqniluki	neghe-(te)ste[to.have.make.or.let.one.V][Cmpd_Vbl]-@₁~fnaqe[to.be.going.to.V][V→V]-te[to.act.on.so.as.to.cause.to.V][V→V]-@₁~fni[to.say.that.one.is.V-ing][Cmpd_Vbl]-~:(u)te[to.V.for.or.with][to.cause.to.V.as.one.is.V-ing][to.V.toward.each.other][V→V][V][Trns][Sbrd][_][3Pl]
neghesnaqniluki	neghe-(te)ste[to.have.make.or.let.one.V][Cmpd_Vbl]-@₁~fnaqe[to.be.going.to.V][V→V]-te[to.act.on.so.as.to.cause.to.V][V→V]-@₁~fni[to.say.that.one.is.V-ing][Cmpd_Vbl][V][Trns][Sbrd][_][3Pl]
neghesnaqniluki	neghe-(te)ste[to.have.make.or.let.one.V][Cmpd_Vbl]-@₁~fnaqe[to.be.going.to.V][V→V]-@₁~fni[to.say.that.one.is.V-ing][Cmpd_Vbl]-~:(u)te[to.V.for.or.with][to.cause.to.V.as.one.is.V-ing][to.V.toward.each.other][V→V][V][Trns][Sbrd][_][3Pl]
neghesnaqniluki	neghe-(te)ste[to.have.make.or.let.one.V][Cmpd_Vbl]-@₁~fnaqe[to.be.going.to.V][V→V]-@₁~fni[to.say.that.one.is.V-ing][Cmpd_Vbl][V][Trns][Sbrd][_][3Pl]

eghqwaaghaqegkangit	+?

------------------------


------------------------
Taagken apeghiin'ghata neghuuteghllagaqukut.

taagken	taagken

apeghiinghata	+?

neghuuteghllagaqukut	+?

------------------------
Teghrughaaghet nengighqaqluki neghuutaqut.

teghrughaaghet	teghrughaagh[N][Abs][Unpd][Pl]
teghrughaaghet	teghrughaagh[N][Rel][Unpd][Pl]

nengighqaqluki	+?

neghuutaqut	+?

------------------------
Elngaatall neqem neqnilleghpigii teghruughaaghes taakut piinleghi kin'ghaganeghmeggni, kii mesiiq uqlughhnanineghmeggni, gevyaglluteng tesqamani saanighruugtekestaghluuteng aa urang neqnightut neqet.

elngaatall	elngaatall

neqem	neqe[N][Rel][Unpd][Sg]

neqnilleghpigii	+?

teghruughaaghes	+?

taakut	taake[V][Intr][Ind][3Pl]

piinleghi	piinlegh[N][Abs][3SgPoss][PlPosd]

kinghaganeghmeggni	+?

kii	kii
kii	kii[N][Abs][Unpd][Sg]

mesiiq	mesiigh[N][Abs][Unpd][Sg]
mesiiq	mesugh-~:(ng₁)u[to.be.N][N→V]-~i[SBJ.V-ed.something][V→V]-~faagh[one.who.keeps.on.V-ing][AUG]
mesiiq	mesugh-~:(ng₁)u[to.be.N][N→V]-~i[SBJ.V-ed.something][V→V]-~i[SBJ.V-ed.something][V→V]-~faagh[one.who.keeps.on.V-ing][AUG]
mesiiq	mesugh-~:(ng₁)u[to.be.N][N→V]-~i[SBJ.V-ed.something][V→V]-~i[SBJ.V-ed.something][V→V]-~i[SBJ.V-ed.something][V→V]-~faagh[one.who.keeps.on.V-ing][AUG]
mesiiq	mesugh-~:(ng₁)u[to.be.N][N→V]-~i[SBJ.V-ed.something][V→V]-~i[SBJ.V-ed.something][V→V]-~i[SBJ.V-ed.something][V→V]-~i[SBJ.V-ed.something][V→V]-~faagh[one.who.keeps.on.V-ing][AUG]

uqlughhnanineghmeggni	+?

gevyaglluteng	+?

tesqamani	+?

saanighruugtekestaghluuteng	+?

aa	aa

urang	+?

neqnightut	+?

neqet	neqe[N][Abs][Unpd][Pl]
neqet	neqe[N][Rel][Unpd][Pl]

------------------------
Elngaatall neghuuteghllakayugni.

elngaatall	elngaatall

neghuuteghllakayugni	+?

------------------------


------------------------
Taaqnemta keneghmun allegluta vegmeng sameng.

taaqnemta	+?

keneghmun	kenegh[N][Ter][Unpd][Sg]

allegluta	alleg[V][Intr][Sbrd][1Pl]
allegluta	alleg[V][Trns][Sbrd][_][1Pl]

vegmeng	veg[N][Rel][4DuPoss][SgPosd]
vegmeng	veg[N][Rel][4DuPoss][PlPosd]
vegmeng	veg[N][Rel][4PlPoss][SgPosd]
vegmeng	veg[N][Rel][4PlPoss][PlPosd]
vegmeng	veg[N][Abl_Mod][Unpd][Sg]

sameng	sa[N][Rel][4DuPoss][SgPosd]
sameng	sa[N][Rel][4DuPoss][PlPosd]
sameng	sa[N][Rel][4PlPoss][SgPosd]
sameng	sa[N][Rel][4PlPoss][PlPosd]
sameng	sa[N][Abl_Mod][Unpd][Sg]
sameng	sameng

------------------------
Atghamun kilgaaqutaqukut mekelghiighni.

atghamun	+?

kilgaaqutaqukut	+?

mekelghiighni	mekelghiigh[N][Loc][Unpd][Pl]

------------------------


------------------------
Enkaam qamaglluni tawaten angyalga, angyameng taaqellghat puvaallaluku, taakwaningani aghqesaghtughaqluteng.

enkaam	enkaam

qamaglluni	+?

tawaten	tawaten

angyalga	angyagh-–leg[one.having.N][N→N][N][Abs][3SgPoss][SgPosd]
angyalga	angyaleg[N][Abs][3SgPoss][SgPosd]
angyalga	Angyat-–leg[one.having.N][N→N][N][Abs][3SgPoss][SgPosd]

angyameng	angyagh[N][Rel][4DuPoss][SgPosd]
angyameng	angyagh[N][Rel][4DuPoss][PlPosd]
angyameng	angyagh[N][Rel][4PlPoss][SgPosd]
angyameng	angyagh[N][Rel][4PlPoss][PlPosd]
angyameng	angyagh[N][Abl_Mod][Unpd][Sg]

taaqellghat	+?

puvaallaluku	+?

taakwaningani	+?

aghqesaghtughaqluteng	+?

------------------------
Allakaghmeng pivilget alngunak kinkut.

allakaghmeng	allakagh*[Quant_Qual][4Pl]

pivilget	pi-@₁~fvik[place.to.V][V→N]-–leg[one.having.N][N→N][N][Abs][Unpd][Pl]
pivilget	pi-@₁~fvik[place.to.V][V→N]-–leg[one.having.N][N→N][N][Rel][Unpd][Pl]
pivilget	pi-@₁~fvik[place.to.V][V→N]-–lget[to.have.N][AUG]
pivilget	pi-~:(u)te[to.V.for.or.with][to.cause.to.V.as.one.is.V-ing][to.V.toward.each.other][V→V]-@₁~fvik[place.to.V][V→N]-–leg[one.having.N][N→N][N][Abs][Unpd][Pl]
pivilget	pi-~:(u)te[to.V.for.or.with][to.cause.to.V.as.one.is.V-ing][to.V.toward.each.other][V→V]-@₁~fvik[place.to.V][V→N]-–leg[one.having.N][N→N][N][Rel][Unpd][Pl]
pivilget	pi-~:(u)te[to.V.for.or.with][to.cause.to.V.as.one.is.V-ing][to.V.toward.each.other][V→V]-@₁~fvik[place.to.V][V→N]-–lget[to.have.N][AUG]
pivilget	pi-~:(u)te[SBJ.V-ed.something][V→V]-@₁~fvik[place.to.V][V→N]-–leg[one.having.N][N→N][N][Abs][Unpd][Pl]
pivilget	pi-~:(u)te[SBJ.V-ed.something][V→V]-@₁~fvik[place.to.V][V→N]-–leg[one.having.N][N→N][N][Rel][Unpd][Pl]
pivilget	pi-~:(u)te[SBJ.V-ed.something][V→V]-@₁~fvik[place.to.V][V→N]-–lget[to.have.N][AUG]

alngunak	+?

kinkut	kinku[N][Abs][Unpd][Pl]
kinkut	kinku[N][Rel][Unpd][Pl]
kinkut	kinkut
kinkut	kinkut[N][Abs][Unpd][Sg]

------------------------
Kiyang yuga aghqesaghtughvilik naantaqluteng.

kiyang	+?

yuga	yu(u)g[N][Abs][3SgPoss][SgPosd]
yuga	yug[N][Abs][3SgPoss][SgPosd]

aghqesaghtughvilik	+?

naantaqluteng	+?

------------------------
Ilangi angyameng piiqluteng.

ilangi	ila[N][Abs][3SgPoss][PlPosd]

angyameng	angyagh[N][Rel][4DuPoss][SgPosd]
angyameng	angyagh[N][Rel][4DuPoss][PlPosd]
angyameng	angyagh[N][Rel][4PlPoss][SgPosd]
angyameng	angyagh[N][Rel][4PlPoss][PlPosd]
angyameng	angyagh[N][Abl_Mod][Unpd][Sg]

piiqluteng	pi-~(g₁)aqe[to.be.V.ing][to.regularly.or.repeatedly.V][V→V]-te[to.act.on.so.as.to.cause.to.V][V→V]-te[to.act.on.so.as.to.cause.to.V][V→V][V][Intr][Sbrd][3Pl]
piiqluteng	pi-~(g₁)aqe[to.be.V.ing][to.regularly.or.repeatedly.V][V→V]-te[to.act.on.so.as.to.cause.to.V][V→V][V][Intr][Sbrd][3Pl]
piiqluteng	pi-~(g₁)aqe[to.be.V.ing][to.regularly.or.repeatedly.V][V→V][V][Intr][Sbrd][3Pl]
piiqluteng	piigh-~–ke[to.have.as.one's.N(s)][N→V]-te[to.act.on.so.as.to.cause.to.V][V→V]-te[to.act.on.so.as.to.cause.to.V][V→V][V][Intr][Sbrd][3Pl]
piiqluteng	piigh-~–ke[to.have.as.one's.N(s)][N→V]-te[to.act.on.so.as.to.cause.to.V][V→V][V][Intr][Sbrd][3Pl]
piiqluteng	piigh-~–ke[to.have.as.one's.N(s)][N→V][V][Intr][Sbrd][3Pl]

------------------------
Kiyang qamaglluni.

kiyang	+?

qamaglluni	+?

------------------------


------------------------
Enkaam amalka ayumiqulleq kaspugtaquq.

enkaam	enkaam

amalka	+?

ayumiqulleq	ayumiqullegh[N][Abs][Unpd][Sg]

kaspugtaquq	+?

------------------------
Enkaam taana whanga sumeghtaghaatkaqaqa, qamagtengngwaaghluku sangiighhaa, puvallaraallghaa, aghqesaghtumsuk apeghiighaqegkangat June-em kiyang naangneghani taakwani.

enkaam	enkaam

taana	taana

whanga	wha[N][Abs][3SgPoss][SgPosd]
whanga	whanga

sumeghtaghaatkaqaqa	sumeghtaghagh-~:(u)te[to.V.for.or.with][to.cause.to.V.as.one.is.V-ing][to.V.toward.each.other][V→V]-@₂~fkaq[one.that.has.V-ed][V→N]-~–ke[to.have.as.one's.N(s)][N→V]-~(g₁)aqe[to.be.V.ing][to.regularly.or.repeatedly.V][V→V][V][Intr][Intrg][3Sg]
sumeghtaghaatkaqaqa	sumeghtaghagh-~:(u)te[condition.with.respect.to.V-ing][V→N]-~–ke[to.have.as.one's.N(s)][N→V]-~(g₁)aqe[to.be.V.ing][to.regularly.or.repeatedly.V][V→V]-~(g₁)aqe[to.be.V.ing][to.regularly.or.repeatedly.V][V→V][V][Intr][Intrg][3Sg]
sumeghtaghaatkaqaqa	sumeghtaghagh-~:(u)te[SBJ.V-ed.something][V→V]-@₂~fkaq[one.that.has.V-ed][V→N]-~–ke[to.have.as.one's.N(s)][N→V]-~(g₁)aqe[to.be.V.ing][to.regularly.or.repeatedly.V][V→V][V][Intr][Intrg][3Sg]

qamagtengngwaaghluku	+?

sangiighhaa	sangiighhagh*-~:(ng₁)u[to.be.N][N→V][V][Intr][Opt][PRS][2Sg]
sangiighhaa	sangiighhagh*[N][Abs][3SgPoss][SgPosd]

puvallaraallghaa	+?

aghqesaghtumsuk	+?

apeghiighaqegkangat	apeghiigh-~(g₁)aqe[to.be.V.ing][to.regularly.or.repeatedly.V][V→V]-@*@₂~sf–(g₂)k(a)e[the.one.that.possessor.V-ed][V→N][N][Abs][3PlPoss][SgPosd]
apeghiighaqegkangat	apeghiigh-~(g₁)aqe[to.be.V.ing][to.regularly.or.repeatedly.V][V→V][V][Trns][Ptcp][3Pl][3Sg]

juneem	+?

kiyang	+?

naangneghani	+?

taakwani	+?

------------------------


------------------------
Enkaam July taana whanga sumeghtaghaatkennemkun, samun nunivagseghaghmun saghnavik, new year-ngusqelluku.  Alla nutaghaq amalka ayumiquleq igleghutaqegkangat.

enkaam	enkaam

july	+?

taana	taana

whanga	wha[N][Abs][3SgPoss][SgPosd]
whanga	whanga

sumeghtaghaatkennemkun	sumeghtaghagh-~:(u)te[to.V.for.or.with][to.cause.to.V.as.one.is.V-ing][to.V.toward.each.other][V→V]-@*@₂~sf–(g₂)k(a)e[the.one.that.possessor.V-ed][V→N]-te[to.catch.N][to.go.to.N][N→V]-te[to.act.on.so.as.to.cause.to.V][V→V]-te[to.act.on.so.as.to.cause.to.V][V→V]-te[to.act.on.so.as.to.cause.to.V][V→V]-@₁–negh[the.act.or.activity.of.V-ing][V→N][N][Via][1SgPoss][SgPosd]
sumeghtaghaatkennemkun	sumeghtaghagh-~:(u)te[to.V.for.or.with][to.cause.to.V.as.one.is.V-ing][to.V.toward.each.other][V→V]-@*@₂~sf–(g₂)k(a)e[the.one.that.possessor.V-ed][V→N]-te[to.catch.N][to.go.to.N][N→V]-te[to.act.on.so.as.to.cause.to.V][V→V]-te[to.act.on.so.as.to.cause.to.V][V→V]-te[to.act.on.so.as.to.cause.to.V][V→V]-@₁–negh[the.act.or.activity.of.V-ing][V→N][N][Via][1SgPoss][PlPosd]
sumeghtaghaatkennemkun	sumeghtaghagh-~:(u)te[to.V.for.or.with][to.cause.to.V.as.one.is.V-ing][to.V.toward.each.other][V→V]-@*@₂~sf–(g₂)k(a)e[the.one.that.possessor.V-ed][V→N]-te[to.catch.N][to.go.to.N][N→V]-te[to.act.on.so.as.to.cause.to.V][V→V]-te[to.act.on.so.as.to.cause.to.V][V→V]-@₁–negh[the.act.or.activity.of.V-ing][V→N][N][Via][1SgPoss][SgPosd]
sumeghtaghaatkennemkun	sumeghtaghagh-~:(u)te[to.V.for.or.with][to.cause.to.V.as.one.is.V-ing][to.V.toward.each.other][V→V]-@*@₂~sf–(g₂)k(a)e[the.one.that.possessor.V-ed][V→N]-te[to.catch.N][to.go.to.N][N→V]-te[to.act.on.so.as.to.cause.to.V][V→V]-te[to.act.on.so.as.to.cause.to.V][V→V]-@₁–negh[the.act.or.activity.of.V-ing][V→N][N][Via][1SgPoss][PlPosd]
sumeghtaghaatkennemkun	sumeghtaghagh-~:(u)te[to.V.for.or.with][to.cause.to.V.as.one.is.V-ing][to.V.toward.each.other][V→V]-@*@₂~sf–(g₂)k(a)e[the.one.that.possessor.V-ed][V→N]-te[to.catch.N][to.go.to.N][N→V]-te[to.act.on.so.as.to.cause.to.V][V→V]-@₁–negh[the.act.or.activity.of.V-ing][V→N][N][Via][1SgPoss][SgPosd]
sumeghtaghaatkennemkun	sumeghtaghagh-~:(u)te[to.V.for.or.with][to.cause.to.V.as.one.is.V-ing][to.V.toward.each.other][V→V]-@*@₂~sf–(g₂)k(a)e[the.one.that.possessor.V-ed][V→N]-te[to.catch.N][to.go.to.N][N→V]-te[to.act.on.so.as.to.cause.to.V][V→V]-@₁–negh[the.act.or.activity.of.V-ing][V→N][N][Via][1SgPoss][PlPosd]
sumeghtaghaatkennemkun	sumeghtaghagh-~:(u)te[to.V.for.or.with][to.cause.to.V.as.one.is.V-ing][to.V.toward.each.other][V→V]-@*@₂~sf–(g₂)k(a)e[the.one.that.possessor.V-ed][V→N]-te[to.catch.N][to.go.to.N][N→V]-@₁–negh[the.act.or.activity.of.V-ing][V→N][N][Via][1SgPoss][SgPosd]
sumeghtaghaatkennemkun	sumeghtaghagh-~:(u)te[to.V.for.or.with][to.cause.to.V.as.one.is.V-ing][to.V.toward.each.other][V→V]-@*@₂~sf–(g₂)k(a)e[the.one.that.possessor.V-ed][V→N]-te[to.catch.N][to.go.to.N][N→V]-@₁–negh[the.act.or.activity.of.V-ing][V→N][N][Via][1SgPoss][PlPosd]
sumeghtaghaatkennemkun	sumeghtaghagh-~:(u)te[condition.with.respect.to.V-ing][V→N]-~–ke[to.have.as.one's.N(s)][N→V]-te[to.act.on.so.as.to.cause.to.V][V→V]-te[to.act.on.so.as.to.cause.to.V][V→V]-te[to.act.on.so.as.to.cause.to.V][V→V]-@₁–negh[the.act.or.activity.of.V-ing][V→N][N][Via][1SgPoss][SgPosd]
sumeghtaghaatkennemkun	sumeghtaghagh-~:(u)te[condition.with.respect.to.V-ing][V→N]-~–ke[to.have.as.one's.N(s)][N→V]-te[to.act.on.so.as.to.cause.to.V][V→V]-te[to.act.on.so.as.to.cause.to.V][V→V]-te[to.act.on.so.as.to.cause.to.V][V→V]-@₁–negh[the.act.or.activity.of.V-ing][V→N][N][Via][1SgPoss][PlPosd]
sumeghtaghaatkennemkun	sumeghtaghagh-~:(u)te[condition.with.respect.to.V-ing][V→N]-~–ke[to.have.as.one's.N(s)][N→V]-te[to.act.on.so.as.to.cause.to.V][V→V]-te[to.act.on.so.as.to.cause.to.V][V→V]-@₁–negh[the.act.or.activity.of.V-ing][V→N][N][Via][1SgPoss][SgPosd]
sumeghtaghaatkennemkun	sumeghtaghagh-~:(u)te[condition.with.respect.to.V-ing][V→N]-~–ke[to.have.as.one's.N(s)][N→V]-te[to.act.on.so.as.to.cause.to.V][V→V]-te[to.act.on.so.as.to.cause.to.V][V→V]-@₁–negh[the.act.or.activity.of.V-ing][V→N][N][Via][1SgPoss][PlPosd]
sumeghtaghaatkennemkun	sumeghtaghagh-~:(u)te[condition.with.respect.to.V-ing][V→N]-~–ke[to.have.as.one's.N(s)][N→V]-te[to.act.on.so.as.to.cause.to.V][V→V]-@₁–negh[the.act.or.activity.of.V-ing][V→N][N][Via][1SgPoss][SgPosd]
sumeghtaghaatkennemkun	sumeghtaghagh-~:(u)te[condition.with.respect.to.V-ing][V→N]-~–ke[to.have.as.one's.N(s)][N→V]-te[to.act.on.so.as.to.cause.to.V][V→V]-@₁–negh[the.act.or.activity.of.V-ing][V→N][N][Via][1SgPoss][PlPosd]
sumeghtaghaatkennemkun	sumeghtaghagh-~:(u)te[SBJ.V-ed.something][V→V]-@*@₂~sf–(g₂)k(a)e[the.one.that.possessor.V-ed][V→N]-te[to.catch.N][to.go.to.N][N→V]-te[to.act.on.so.as.to.cause.to.V][V→V]-te[to.act.on.so.as.to.cause.to.V][V→V]-te[to.act.on.so.as.to.cause.to.V][V→V]-@₁–negh[the.act.or.activity.of.V-ing][V→N][N][Via][1SgPoss][SgPosd]
sumeghtaghaatkennemkun	sumeghtaghagh-~:(u)te[SBJ.V-ed.something][V→V]-@*@₂~sf–(g₂)k(a)e[the.one.that.possessor.V-ed][V→N]-te[to.catch.N][to.go.to.N][N→V]-te[to.act.on.so.as.to.cause.to.V][V→V]-te[to.act.on.so.as.to.cause.to.V][V→V]-te[to.act.on.so.as.to.cause.to.V][V→V]-@₁–negh[the.act.or.activity.of.V-ing][V→N][N][Via][1SgPoss][PlPosd]
sumeghtaghaatkennemkun	sumeghtaghagh-~:(u)te[SBJ.V-ed.something][V→V]-@*@₂~sf–(g₂)k(a)e[the.one.that.possessor.V-ed][V→N]-te[to.catch.N][to.go.to.N][N→V]-te[to.act.on.so.as.to.cause.to.V][V→V]-te[to.act.on.so.as.to.cause.to.V][V→V]-@₁–negh[the.act.or.activity.of.V-ing][V→N][N][Via][1SgPoss][SgPosd]
sumeghtaghaatkennemkun	sumeghtaghagh-~:(u)te[SBJ.V-ed.something][V→V]-@*@₂~sf–(g₂)k(a)e[the.one.that.possessor.V-ed][V→N]-te[to.catch.N][to.go.to.N][N→V]-te[to.act.on.so.as.to.cause.to.V][V→V]-te[to.act.on.so.as.to.cause.to.V][V→V]-@₁–negh[the.act.or.activity.of.V-ing][V→N][N][Via][1SgPoss][PlPosd]
sumeghtaghaatkennemkun	sumeghtaghagh-~:(u)te[SBJ.V-ed.something][V→V]-@*@₂~sf–(g₂)k(a)e[the.one.that.possessor.V-ed][V→N]-te[to.catch.N][to.go.to.N][N→V]-te[to.act.on.so.as.to.cause.to.V][V→V]-@₁–negh[the.act.or.activity.of.V-ing][V→N][N][Via][1SgPoss][SgPosd]
sumeghtaghaatkennemkun	sumeghtaghagh-~:(u)te[SBJ.V-ed.something][V→V]-@*@₂~sf–(g₂)k(a)e[the.one.that.possessor.V-ed][V→N]-te[to.catch.N][to.go.to.N][N→V]-te[to.act.on.so.as.to.cause.to.V][V→V]-@₁–negh[the.act.or.activity.of.V-ing][V→N][N][Via][1SgPoss][PlPosd]
sumeghtaghaatkennemkun	sumeghtaghagh-~:(u)te[SBJ.V-ed.something][V→V]-@*@₂~sf–(g₂)k(a)e[the.one.that.possessor.V-ed][V→N]-te[to.catch.N][to.go.to.N][N→V]-@₁–negh[the.act.or.activity.of.V-ing][V→N][N][Via][1SgPoss][SgPosd]
sumeghtaghaatkennemkun	sumeghtaghagh-~:(u)te[SBJ.V-ed.something][V→V]-@*@₂~sf–(g₂)k(a)e[the.one.that.possessor.V-ed][V→N]-te[to.catch.N][to.go.to.N][N→V]-@₁–negh[the.act.or.activity.of.V-ing][V→N][N][Via][1SgPoss][PlPosd]

samun	sa[N][Ter][Unpd][Sg]

nunivagseghaghmun	+?

saghnavik	+?

new	+?

yearngusqelluku	+?

alla	alla
alla	alla[N][Abs][Unpd][Sg]

nutaghaq	nutaghagh[N][Abs][Unpd][Sg]

amalka	+?

ayumiquleq	+?

igleghutaqegkangat	+?

------------------------


------------------------
Taawa sangwaa nulughyaq, anavagyaq atuqumaan.

taawa	taawa

sangwaa	sa-~:(ng₁)u[to.be.N][N→V][V][Intr][Intrg][3Sg]
sangwaa	sangwaa[N][Abs][Unpd][Sg]

nulughyaq	+?

anavagyaq	+?

atuqumaan	atugh-~–ke[to.have.as.one's.N(s)][N→V]-@₁~:(i/u)magh*[while.V-ing][V→V][Quant_Qual][3Sg]
atuqumaan	atuqe-@₁~:(i/u)ma[to.have.V-ed][to.have.been.V-ed][V→V][V][Trns][Ind][2Sg][3Sg]
atuqumaan	atuqe-@₁~:(i/u)magh*[while.V-ing][V→V][Quant_Qual][3Sg]

------------------------
Aghnat aghulaghquutaqelghiit iwerngaqun kiilqusiq aliin'ghun'ghaani.

aghnat	aghnagh[N][Abs][Unpd][Pl]
aghnat	aghnagh[N][Rel][Unpd][Pl]

aghulaghquutaqelghiit	+?

iwerngaqun	+?

kiilqusiq	kiilqusigh[N][Abs][Unpd][Sg]

aliinghunghaani	+?

------------------------
Aghhunneghagu avelghaghpenateng navek piiqluteng.

aghhunneghagu	+?

avelghaghpenateng	+?

navek	navek

piiqluteng	pi-~(g₁)aqe[to.be.V.ing][to.regularly.or.repeatedly.V][V→V]-te[to.act.on.so.as.to.cause.to.V][V→V]-te[to.act.on.so.as.to.cause.to.V][V→V][V][Intr][Sbrd][3Pl]
piiqluteng	pi-~(g₁)aqe[to.be.V.ing][to.regularly.or.repeatedly.V][V→V]-te[to.act.on.so.as.to.cause.to.V][V→V][V][Intr][Sbrd][3Pl]
piiqluteng	pi-~(g₁)aqe[to.be.V.ing][to.regularly.or.repeatedly.V][V→V][V][Intr][Sbrd][3Pl]
piiqluteng	piigh-~–ke[to.have.as.one's.N(s)][N→V]-te[to.act.on.so.as.to.cause.to.V][V→V]-te[to.act.on.so.as.to.cause.to.V][V→V][V][Intr][Sbrd][3Pl]
piiqluteng	piigh-~–ke[to.have.as.one's.N(s)][N→V]-te[to.act.on.so.as.to.cause.to.V][V→V][V][Intr][Sbrd][3Pl]
piiqluteng	piigh-~–ke[to.have.as.one's.N(s)][N→V][V][Intr][Sbrd][3Pl]

------------------------
Nulughyaq, kayu pin'ghani, nefkaaqluku, mesiighqun ateghtaqluku.

nulughyaq	+?

kayu	kayu[N][Abs][Unpd][Sg]

pinghani	+?

nefkaaqluku	+?

mesiighqun	mesiigh[N][Via][Unpd][Sg]

ateghtaqluku	+?

------------------------
Uukaq tawaten ama mesiighmun ateghtaqluku ilanga.

uukaq	uukagh[N][Abs][Unpd][Sg]
uukaq	uukagh*[N][Abs][Unpd][Sg]

tawaten	tawaten

ama	ama

mesiighmun	mesiigh[N][Ter][Unpd][Sg]

ateghtaqluku	+?

ilanga	ila[N][Abs][3SgPoss][SgPosd]

------------------------


------------------------
Aghuliitegpenani yuga liitutemneng esghapallemni ayuqelghii.

aghuliitegpenani	aghula-~i[SBJ.V-ed.something][V→V]-~i[SBJ.V-ed.something][V→V]-~i[SBJ.V-ed.something][V→V]-~i[SBJ.V-ed.something][V→V]-~i[SBJ.V-ed.something][V→V]-te[to.act.on.so.as.to.cause.to.V][V→V]-@₁–nghite**[to.not.V][V→V][V][Intr][Sbrd][3Sg]
aghuliitegpenani	aghula-~i[SBJ.V-ed.something][V→V]-~i[SBJ.V-ed.something][V→V]-~i[SBJ.V-ed.something][V→V]-~i[SBJ.V-ed.something][V→V]-~:(u)te[to.V.for.or.with][to.cause.to.V.as.one.is.V-ing][to.V.toward.each.other][V→V]-@₁–nghite**[to.not.V][V→V][V][Intr][Sbrd][3Sg]
aghuliitegpenani	aghula-~i[SBJ.V-ed.something][V→V]-~i[SBJ.V-ed.something][V→V]-~i[SBJ.V-ed.something][V→V]-~i[SBJ.V-ed.something][V→V]-~:(u)te[SBJ.V-ed.something][V→V]-@₁–nghite**[to.not.V][V→V][V][Intr][Sbrd][3Sg]
aghuliitegpenani	aghula-~i[SBJ.V-ed.something][V→V]-~i[SBJ.V-ed.something][V→V]-~i[SBJ.V-ed.something][V→V]-~i[SBJ.V-ed.something][V→V]-te[to.act.on.so.as.to.cause.to.V][V→V]-@₁–nghite**[to.not.V][V→V][V][Intr][Sbrd][3Sg]
aghuliitegpenani	aghula-~i[SBJ.V-ed.something][V→V]-~i[SBJ.V-ed.something][V→V]-~i[SBJ.V-ed.something][V→V]-~:(u)te[to.V.for.or.with][to.cause.to.V.as.one.is.V-ing][to.V.toward.each.other][V→V]-@₁–nghite**[to.not.V][V→V][V][Intr][Sbrd][3Sg]
aghuliitegpenani	aghula-~i[SBJ.V-ed.something][V→V]-~i[SBJ.V-ed.something][V→V]-~i[SBJ.V-ed.something][V→V]-~:(u)te[SBJ.V-ed.something][V→V]-@₁–nghite**[to.not.V][V→V][V][Intr][Sbrd][3Sg]
aghuliitegpenani	aghula-~i[SBJ.V-ed.something][V→V]-~i[SBJ.V-ed.something][V→V]-~i[SBJ.V-ed.something][V→V]-te[to.act.on.so.as.to.cause.to.V][V→V]-@₁–nghite**[to.not.V][V→V][V][Intr][Sbrd][3Sg]
aghuliitegpenani	aghula-~i[SBJ.V-ed.something][V→V]-~i[SBJ.V-ed.something][V→V]-~:(u)te[to.V.for.or.with][to.cause.to.V.as.one.is.V-ing][to.V.toward.each.other][V→V]-@₁–nghite**[to.not.V][V→V][V][Intr][Sbrd][3Sg]
aghuliitegpenani	aghula-~i[SBJ.V-ed.something][V→V]-~i[SBJ.V-ed.something][V→V]-~:(u)te[SBJ.V-ed.something][V→V]-@₁–nghite**[to.not.V][V→V][V][Intr][Sbrd][3Sg]
aghuliitegpenani	aghula-~i[SBJ.V-ed.something][V→V]-~i[SBJ.V-ed.something][V→V]-te[to.act.on.so.as.to.cause.to.V][V→V]-@₁–nghite**[to.not.V][V→V][V][Intr][Sbrd][3Sg]
aghuliitegpenani	aghula-~i[SBJ.V-ed.something][V→V]-~:(u)te[to.V.for.or.with][to.cause.to.V.as.one.is.V-ing][to.V.toward.each.other][V→V]-@₁–nghite**[to.not.V][V→V][V][Intr][Sbrd][3Sg]
aghuliitegpenani	aghula-~i[SBJ.V-ed.something][V→V]-~:(u)te[SBJ.V-ed.something][V→V]-@₁–nghite**[to.not.V][V→V][V][Intr][Sbrd][3Sg]
aghuliitegpenani	aghula-~i[SBJ.V-ed.something][V→V]-te[to.act.on.so.as.to.cause.to.V][V→V]-@₁–nghite**[to.not.V][V→V][V][Intr][Sbrd][3Sg]

yuga	yu(u)g[N][Abs][3SgPoss][SgPosd]
yuga	yug[N][Abs][3SgPoss][SgPosd]

liitutemneng	liite-~:(u)te[condition.with.respect.to.V-ing][V→N][N][Abl_Mod][1SgPoss][PlPosd]
liitutemneng	liite-~:(u)te[condition.with.respect.to.V-ing][V→N][N][Abl_Mod][1SgPoss][SgPosd]

esghapallemni	+?

ayuqelghii	+?

------------------------
Navek pimanginaq, ilanga tamaana sangllaq navek pingigalnguq.

navek	navek

pimanginaq	+?

ilanga	ila[N][Abs][3SgPoss][SgPosd]

tamaana	+?

sangllaq	+?

navek	navek

pingigalnguq	+?

------------------------
Sameng angyameng ulima.

sameng	sa[N][Rel][4DuPoss][SgPosd]
sameng	sa[N][Rel][4DuPoss][PlPosd]
sameng	sa[N][Rel][4PlPoss][SgPosd]
sameng	sa[N][Rel][4PlPoss][PlPosd]
sameng	sa[N][Abl_Mod][Unpd][Sg]
sameng	sameng

angyameng	angyagh[N][Rel][4DuPoss][SgPosd]
angyameng	angyagh[N][Rel][4DuPoss][PlPosd]
angyameng	angyagh[N][Rel][4PlPoss][SgPosd]
angyameng	angyagh[N][Rel][4PlPoss][PlPosd]
angyameng	angyagh[N][Abl_Mod][Unpd][Sg]

ulima	ulima[V][Intr][Opt][PRS][2Sg]

------------------------
Ilanga mallungaqluni, uugtengaqluni, aghveghmenglu mallungaqluteng.

ilanga	ila[N][Abs][3SgPoss][SgPosd]

mallungaqluni	+?

uugtengaqluni	+?

aghveghmenglu	+?

mallungaqluteng	+?

------------------------
Alngunak ayveghmeng mallungen'ghata pilaghataqluni.

alngunak	+?

ayveghmeng	ayvegh[N][Rel][4DuPoss][SgPosd]
ayveghmeng	ayvegh[N][Rel][4DuPoss][PlPosd]
ayveghmeng	ayvegh[N][Rel][4PlPoss][SgPosd]
ayveghmeng	ayvegh[N][Rel][4PlPoss][PlPosd]
ayveghmeng	ayvegh[N][Abl_Mod][Unpd][Sg]

mallungenghata	+?

pilaghataqluni	+?

------------------------


------------------------
Kelgughaqegkangit aqfatesqelluki aghveghmeng mallungen'ghata, aghvesiighmeng, qungvuughaghmeng wataghllak avelghiigalnguut.

kelgughaqegkangit	+?

aqfatesqelluki	+?

aghveghmeng	aghvegh[N][Rel][4DuPoss][SgPosd]
aghveghmeng	aghvegh[N][Rel][4DuPoss][PlPosd]
aghveghmeng	aghvegh[N][Rel][4PlPoss][SgPosd]
aghveghmeng	aghvegh[N][Rel][4PlPoss][PlPosd]
aghveghmeng	aghvegh[N][Abl_Mod][Unpd][Sg]

mallungenghata	+?

aghvesiighmeng	aghvesiigh[N][Rel][4DuPoss][SgPosd]
aghvesiighmeng	aghvesiigh[N][Rel][4DuPoss][PlPosd]
aghvesiighmeng	aghvesiigh[N][Rel][4PlPoss][SgPosd]
aghvesiighmeng	aghvesiigh[N][Rel][4PlPoss][PlPosd]
aghvesiighmeng	aghvesiigh[N][Abl_Mod][Unpd][Sg]

qungvuughaghmeng	+?

wataghllak	+?

avelghiigalnguut	+?

------------------------


------------------------
Enkaam pilaneghmegteki, ilakullghiit qerngaghmeng pilagaqelghiit, enkaam apeghiineghmeggni nengiitaqluki.

enkaam	enkaam

pilaneghmegteki	+?

ilakullghiit	ila-~–ke[to.have.as.one's.N(s)][N→V]-~:(u)te[to.V.for.or.with][to.cause.to.V.as.one.is.V-ing][to.V.toward.each.other][V→V]-te[to.act.on.so.as.to.cause.to.V][V→V]-te[to.act.on.so.as.to.cause.to.V][V→V]-@₁–lghii[the.one.that.V-ed][the.one.that.is.V][V→N][N][Abs][Unpd][Pl]
ilakullghiit	ila-~–ke[to.have.as.one's.N(s)][N→V]-~:(u)te[to.V.for.or.with][to.cause.to.V.as.one.is.V-ing][to.V.toward.each.other][V→V]-te[to.act.on.so.as.to.cause.to.V][V→V]-te[to.act.on.so.as.to.cause.to.V][V→V]-@₁–lghii[the.one.that.V-ed][the.one.that.is.V][V→N][N][Rel][Unpd][Pl]
ilakullghiit	ila-~–ke[to.have.as.one's.N(s)][N→V]-~:(u)te[to.V.for.or.with][to.cause.to.V.as.one.is.V-ing][to.V.toward.each.other][V→V]-te[to.act.on.so.as.to.cause.to.V][V→V]-te[to.act.on.so.as.to.cause.to.V][V→V][V][Intr][Ptcp][3Pl]
ilakullghiit	ila-~–ke[to.have.as.one's.N(s)][N→V]-~:(u)te[to.V.for.or.with][to.cause.to.V.as.one.is.V-ing][to.V.toward.each.other][V→V]-te[to.act.on.so.as.to.cause.to.V][V→V]-@₁–lghii[the.one.that.V-ed][the.one.that.is.V][V→N][N][Abs][Unpd][Pl]
ilakullghiit	ila-~–ke[to.have.as.one's.N(s)][N→V]-~:(u)te[to.V.for.or.with][to.cause.to.V.as.one.is.V-ing][to.V.toward.each.other][V→V]-te[to.act.on.so.as.to.cause.to.V][V→V]-@₁–lghii[the.one.that.V-ed][the.one.that.is.V][V→N][N][Rel][Unpd][Pl]
ilakullghiit	ila-~–ke[to.have.as.one's.N(s)][N→V]-~:(u)te[to.V.for.or.with][to.cause.to.V.as.one.is.V-ing][to.V.toward.each.other][V→V]-te[to.act.on.so.as.to.cause.to.V][V→V][V][Intr][Ptcp][3Pl]
ilakullghiit	ila-~–ke[to.have.as.one's.N(s)][N→V]-~:(u)te[to.V.for.or.with][to.cause.to.V.as.one.is.V-ing][to.V.toward.each.other][V→V]-@₁–lghii[the.one.that.V-ed][the.one.that.is.V][V→N][N][Abs][Unpd][Pl]
ilakullghiit	ila-~–ke[to.have.as.one's.N(s)][N→V]-~:(u)te[to.V.for.or.with][to.cause.to.V.as.one.is.V-ing][to.V.toward.each.other][V→V]-@₁–lghii[the.one.that.V-ed][the.one.that.is.V][V→N][N][Rel][Unpd][Pl]
ilakullghiit	ila-~–ke[to.have.as.one's.N(s)][N→V]-~:(u)te[to.V.for.or.with][to.cause.to.V.as.one.is.V-ing][to.V.toward.each.other][V→V][V][Intr][Ptcp][3Pl]
ilakullghiit	ila-~–ke[to.have.as.one's.N(s)][N→V]-~:(u)te[condition.with.respect.to.V-ing][V→N]-te[to.catch.N][to.go.to.N][N→V]-te[to.act.on.so.as.to.cause.to.V][V→V]-@₁–lghii[the.one.that.V-ed][the.one.that.is.V][V→N][N][Abs][Unpd][Pl]
ilakullghiit	ila-~–ke[to.have.as.one's.N(s)][N→V]-~:(u)te[condition.with.respect.to.V-ing][V→N]-te[to.catch.N][to.go.to.N][N→V]-te[to.act.on.so.as.to.cause.to.V][V→V]-@₁–lghii[the.one.that.V-ed][the.one.that.is.V][V→N][N][Rel][Unpd][Pl]
ilakullghiit	ila-~–ke[to.have.as.one's.N(s)][N→V]-~:(u)te[condition.with.respect.to.V-ing][V→N]-te[to.catch.N][to.go.to.N][N→V]-te[to.act.on.so.as.to.cause.to.V][V→V][V][Intr][Ptcp][3Pl]
ilakullghiit	ila-~–ke[to.have.as.one's.N(s)][N→V]-~:(u)te[condition.with.respect.to.V-ing][V→N]-te[to.catch.N][to.go.to.N][N→V]-@₁–lghii[the.one.that.V-ed][the.one.that.is.V][V→N][N][Abs][Unpd][Pl]
ilakullghiit	ila-~–ke[to.have.as.one's.N(s)][N→V]-~:(u)te[condition.with.respect.to.V-ing][V→N]-te[to.catch.N][to.go.to.N][N→V]-@₁–lghii[the.one.that.V-ed][the.one.that.is.V][V→N][N][Rel][Unpd][Pl]
ilakullghiit	ila-~–ke[to.have.as.one's.N(s)][N→V]-~:(u)te[condition.with.respect.to.V-ing][V→N]-te[to.catch.N][to.go.to.N][N→V][V][Intr][Ptcp][3Pl]
ilakullghiit	ila-~–ke[to.have.as.one's.N(s)][N→V]-~:(u)te[SBJ.V-ed.something][V→V]-te[to.act.on.so.as.to.cause.to.V][V→V]-te[to.act.on.so.as.to.cause.to.V][V→V]-@₁–lghii[the.one.that.V-ed][the.one.that.is.V][V→N][N][Abs][Unpd][Pl]
ilakullghiit	ila-~–ke[to.have.as.one's.N(s)][N→V]-~:(u)te[SBJ.V-ed.something][V→V]-te[to.act.on.so.as.to.cause.to.V][V→V]-te[to.act.on.so.as.to.cause.to.V][V→V]-@₁–lghii[the.one.that.V-ed][the.one.that.is.V][V→N][N][Rel][Unpd][Pl]
ilakullghiit	ila-~–ke[to.have.as.one's.N(s)][N→V]-~:(u)te[SBJ.V-ed.something][V→V]-te[to.act.on.so.as.to.cause.to.V][V→V]-te[to.act.on.so.as.to.cause.to.V][V→V][V][Intr][Ptcp][3Pl]
ilakullghiit	ila-~–ke[to.have.as.one's.N(s)][N→V]-~:(u)te[SBJ.V-ed.something][V→V]-te[to.act.on.so.as.to.cause.to.V][V→V]-@₁–lghii[the.one.that.V-ed][the.one.that.is.V][V→N][N][Abs][Unpd][Pl]
ilakullghiit	ila-~–ke[to.have.as.one's.N(s)][N→V]-~:(u)te[SBJ.V-ed.something][V→V]-te[to.act.on.so.as.to.cause.to.V][V→V]-@₁–lghii[the.one.that.V-ed][the.one.that.is.V][V→N][N][Rel][Unpd][Pl]
ilakullghiit	ila-~–ke[to.have.as.one's.N(s)][N→V]-~:(u)te[SBJ.V-ed.something][V→V]-te[to.act.on.so.as.to.cause.to.V][V→V][V][Intr][Ptcp][3Pl]
ilakullghiit	ila-~–ke[to.have.as.one's.N(s)][N→V]-~:(u)te[SBJ.V-ed.something][V→V]-@₁–lghii[the.one.that.V-ed][the.one.that.is.V][V→N][N][Abs][Unpd][Pl]
ilakullghiit	ila-~–ke[to.have.as.one's.N(s)][N→V]-~:(u)te[SBJ.V-ed.something][V→V]-@₁–lghii[the.one.that.V-ed][the.one.that.is.V][V→N][N][Rel][Unpd][Pl]
ilakullghiit	ila-~–ke[to.have.as.one's.N(s)][N→V]-~:(u)te[SBJ.V-ed.something][V→V][V][Intr][Ptcp][3Pl]

qerngaghmeng	qerngagh*[Quant_Qual][4Pl]

pilagaqelghiit	+?

enkaam	enkaam

apeghiineghmeggni	apeghiigh-@₁–negh[the.act.or.activity.of.V-ing][V→N][N][Loc][4PlPoss][SgPosd]
apeghiineghmeggni	apeghiigh-@₁–negh[the.act.or.activity.of.V-ing][V→N][N][Loc][4PlPoss][PlPosd]

nengiitaqluki	+?

------------------------


------------------------
Taakwavek qenwatqun esgha aghvepiklu qenwatqun nengiitaqluku lliilghii maatemun ukavek wha tawaten.

taakwavek	+?

qenwatqun	+?

esgha	+?

aghvepiklu	aghvepig[N][Abs][Unpd][Sg]-llu[Encl]

qenwatqun	+?

nengiitaqluku	+?

lliilghii	lli-~i[SBJ.V-ed.something][V→V]-~i[SBJ.V-ed.something][V→V]-~i[SBJ.V-ed.something][V→V]-~i[SBJ.V-ed.something][V→V]-~i[SBJ.V-ed.something][V→V]-~i[SBJ.V-ed.something][V→V]-@₁–lghii[the.one.that.V-ed][the.one.that.is.V][V→N][N][Abs][Unpd][Sg]
lliilghii	lli-~i[SBJ.V-ed.something][V→V]-~i[SBJ.V-ed.something][V→V]-~i[SBJ.V-ed.something][V→V]-~i[SBJ.V-ed.something][V→V]-~i[SBJ.V-ed.something][V→V]-@₁–lghii[the.one.that.V-ed][the.one.that.is.V][V→N][N][Abs][Unpd][Sg]
lliilghii	lli-~i[SBJ.V-ed.something][V→V]-~i[SBJ.V-ed.something][V→V]-~i[SBJ.V-ed.something][V→V]-~i[SBJ.V-ed.something][V→V]-@₁–lghii[the.one.that.V-ed][the.one.that.is.V][V→N][N][Abs][Unpd][Sg]
lliilghii	lli-~i[SBJ.V-ed.something][V→V]-~i[SBJ.V-ed.something][V→V]-~i[SBJ.V-ed.something][V→V]-@₁–lghii[the.one.that.V-ed][the.one.that.is.V][V→N][N][Abs][Unpd][Sg]
lliilghii	lli-~i[SBJ.V-ed.something][V→V]-~i[SBJ.V-ed.something][V→V]-@₁–lghii[the.one.that.V-ed][the.one.that.is.V][V→N][N][Abs][Unpd][Sg]
lliilghii	lli-~i[SBJ.V-ed.something][V→V]-@₁–lghii[the.one.that.V-ed][the.one.that.is.V][V→N][N][Abs][Unpd][Sg]
lliilghii	lliigh[Imprs_Agnt]-@₁–lghii[the.one.that.V-ed][the.one.that.is.V][V→N][N][Abs][Unpd][Sg]

maatemun	+?

ukavek	ukavek

wha	wha
wha	wha[N][Abs][Unpd][Sg]

tawaten	tawaten

------------------------
