Iistumii Megnunalghiimeng Liillghii

iistumii	+?

megnunalghiimeng	megnunagh-@₁–lghii[the.one.that.V-ed][the.one.that.is.V][V→N][N][Abl_Mod][Unpd][Sg]
megnunalghiimeng	megnunagh-@₁–lghii[the.one.that.V-ed][the.one.that.is.V][V→N][N][Rel][4DuPoss][PlPosd]
megnunalghiimeng	megnunagh-@₁–lghii[the.one.that.V-ed][the.one.that.is.V][V→N][N][Rel][4DuPoss][SgPosd]
megnunalghiimeng	megnunagh-@₁–lghii[the.one.that.V-ed][the.one.that.is.V][V→N][N][Rel][4PlPoss][PlPosd]
megnunalghiimeng	megnunagh-@₁–lghii[the.one.that.V-ed][the.one.that.is.V][V→N][N][Rel][4PlPoss][SgPosd]

liillghii	liite-@₁–lghii[the.one.that.V-ed][the.one.that.is.V][V→N][N][Abs][Unpd][Sg]

------------------------


------------------------
Aasam Ungipaghaa

aasam	Aasa[N][Rel][Unpd][Sg]
aasam	Aasagh[N][Rel][Unpd][Sg]

ungipaghaa	ungipagh[V][Trns][Ind][3Sg][3Sg]
ungipaghaa	ungipaghagh-~:(ng₁)u[to.be.N][N→V][V][Intr][Opt][PRS][2Sg]
ungipaghaa	ungipaghagh[N][Abs][3SgPoss][SgPosd]
ungipaghaa	ungipaghagh[V][Intr][Opt][PRS][2Sg]

------------------------


------------------------
Ungipaghaninguq imani, taakunnguq aghnaghaat tallimat.

ungipaghaninguq	ungipaghagh[N][Abs][4SgPoss][SgPosd]-nguq[Encl]
ungipaghaninguq	ungipaghagh[N][Abs][4SgPoss][PlPosd]-nguq[Encl]
ungipaghaninguq	ungipaghagh[N][Loc][Unpd][Pl]-nguq[Encl]

imani	ima-@₁~fni[to.say.that.one.is.V-ing][Cmpd_Vbl][V][Intr][Opt][PRS][2Sg]
imani	ima-~:(u)te[to.V.for.or.with][to.cause.to.V.as.one.is.V-ing][to.V.toward.each.other][V→V]-@₁~fni[to.say.that.one.is.V-ing][Cmpd_Vbl][V][Intr][Opt][PRS][2Sg]
imani	ima-~:(u)te[SBJ.V-ed.something][V→V]-@₁~fni[to.say.that.one.is.V-ing][Cmpd_Vbl][V][Intr][Opt][PRS][2Sg]
imani	imagh[N][Abs][4SgPoss][SgPosd]
imani	imagh[N][Abs][4SgPoss][PlPosd]
imani	imagh[N][Loc][Unpd][Pl]
imani	imani

taakunnguq	+?

aghnaghaat	aghnagh[V][Trns][Ind][3Pl][3Sg]
aghnaghaat	aghnaghagh*[N][Abs][Unpd][Pl]
aghnaghaat	aghnaghagh*[N][Abs][3PlPoss][SgPosd]
aghnaghaat	aghnaghagh*[N][Rel][Unpd][Pl]

tallimat	tallimat[N][Abs][Unpd][Sg]

------------------------
Aghulaghquumalghiit, tutmaghwaaghyaamalghiit.

aghulaghquumalghiit	aghulaghqugh-@₁~:(i/u)ma[to.have.V-ed][to.have.been.V-ed][V→V]-@₁–lghii[the.one.that.V-ed][the.one.that.is.V][V→N][N][Abs][Unpd][Pl]
aghulaghquumalghiit	aghulaghqugh-@₁~:(i/u)ma[to.have.V-ed][to.have.been.V-ed][V→V]-@₁–lghii[the.one.that.V-ed][the.one.that.is.V][V→N][N][Rel][Unpd][Pl]
aghulaghquumalghiit	aghulaghqugh-@₁~:(i/u)ma[to.have.V-ed][to.have.been.V-ed][V→V][V][Intr][Ptcp][3Pl]

tutmaghwaaghyaamalghiit	tutmaghwaagh-@₁~fyagh[to.go.V-ing][to.V.in.vain][V→V]-@₁~:(i/u)ma[to.have.V-ed][to.have.been.V-ed][V→V]-@₁–lghii[the.one.that.V-ed][the.one.that.is.V][V→N][N][Abs][Unpd][Pl]
tutmaghwaaghyaamalghiit	tutmaghwaagh-@₁~fyagh[to.go.V-ing][to.V.in.vain][V→V]-@₁~:(i/u)ma[to.have.V-ed][to.have.been.V-ed][V→V]-@₁–lghii[the.one.that.V-ed][the.one.that.is.V][V→N][N][Rel][Unpd][Pl]
tutmaghwaaghyaamalghiit	tutmaghwaagh-@₁~fyagh[to.go.V-ing][to.V.in.vain][V→V]-@₁~:(i/u)ma[to.have.V-ed][to.have.been.V-ed][V→V][V][Intr][Ptcp][3Pl]

------------------------
Llaaghanwha taagaveqaaghaq kaalluteng iiggelleghllak kaasimakangat aangepiglleghhii.

llaaghanwha	llaaghanwha

taagaveqaaghaq	+?

kaalluteng	kaate[V][Intr][Sbrd][3Pl]

iiggelleghllak	+?

kaasimakangat	kaate-@₁~:(i/u)ma[to.have.V-ed][to.have.been.V-ed][V→V]-@*@₂~sf–(g₂)k(a)e[the.one.that.possessor.V-ed][V→N][N][Abs][3PlPoss][SgPosd]
kaasimakangat	kaate-@₁~:(i/u)ma[to.have.V-ed][to.have.been.V-ed][V→V][V][Trns][Ptcp][3Pl][3Sg]

aangepiglleghhii	aange-–pigte[to.be.very.V][to.V.very.much][V→V]-te[to.act.on.so.as.to.cause.to.V][V→V]-@₁–lghii[the.one.that.V-ed][the.one.that.is.V][V→N][N][Abs][Unpd][Sg]
aangepiglleghhii	aange-–pigte[to.be.very.V][to.V.very.much][V→V]-@₁–lghii[the.one.that.V-ed][the.one.that.is.V][V→N][N][Abs][Unpd][Sg]

------------------------
Ataasiq aghnaghaq tutmaghwaaghumalghii.

ataasiq	ataasigh[N][Abs][Unpd][Sg]

aghnaghaq	aghnagh[V][Trns][Ind][3Sg][3Du]
aghnaghaq	aghnaghagh*[N][Abs][Unpd][Sg]

tutmaghwaaghumalghii	tutmaghwaagh-@₁~:(i/u)ma[to.have.V-ed][to.have.been.V-ed][V→V]-@₁–lghii[the.one.that.V-ed][the.one.that.is.V][V→N][N][Abs][Unpd][Sg]

------------------------
Tawaten tutmaghwaanqusiin kanaamalghii.

tawaten	tawaten

tutmaghwaanqusiin	tutmaghwaagh-@₁–negh[the.act.or.activity.of.V-ing][V→N]-~–ke[to.have.as.one's.N(s)][N→V]-~:(u)te[to.V.for.or.with][to.cause.to.V.as.one.is.V-ing][to.V.toward.each.other][V→V][V][Intr][Intrg][2Sg]
tutmaghwaanqusiin	tutmaghwaagh-@₁–negh[the.act.or.activity.of.V-ing][V→N]-~–ke[to.have.as.one's.N(s)][N→V]-~:(u)te[SBJ.V-ed.something][V→V][V][Intr][Intrg][2Sg]

kanaamalghii	kanagh-@₁~:(i/u)ma[to.have.V-ed][to.have.been.V-ed][V→V]-@₁–lghii[the.one.that.V-ed][the.one.that.is.V][V→N][N][Abs][Unpd][Sg]

------------------------
Tawavek qelpeghsaqminigu pekneghmeng imighllagluni.

tawavek	+?

qelpeghsaqminigu	+?

pekneghmeng	peknegh[N][Abl_Mod][Unpd][Sg]
pekneghmeng	peknegh[N][Rel][4DuPoss][PlPosd]
pekneghmeng	peknegh[N][Rel][4DuPoss][SgPosd]
pekneghmeng	peknegh[N][Rel][4PlPoss][PlPosd]
pekneghmeng	peknegh[N][Rel][4PlPoss][SgPosd]

imighllagluni	+?

------------------------
Tagsighii ilani, "Tagitek, whaa naalkutunga."

tagsighii	tagsigh-~i[SBJ.V-ed.something][V→V]-~i[SBJ.V-ed.something][V→V]-~i[SBJ.V-ed.something][V→V]-~i[SBJ.V-ed.something][V→V]-~i[SBJ.V-ed.something][V→V]-~i[SBJ.V-ed.something][V→V][V][Intr][Opt][PRS][2Sg]
tagsighii	tagsigh-~i[SBJ.V-ed.something][V→V]-~i[SBJ.V-ed.something][V→V]-~i[SBJ.V-ed.something][V→V]-~i[SBJ.V-ed.something][V→V]-~i[SBJ.V-ed.something][V→V][V][Intr][Opt][PRS][2Sg]
tagsighii	tagsigh-~i[SBJ.V-ed.something][V→V]-~i[SBJ.V-ed.something][V→V]-~i[SBJ.V-ed.something][V→V]-~i[SBJ.V-ed.something][V→V][V][Intr][Opt][PRS][2Sg]
tagsighii	tagsigh-~i[SBJ.V-ed.something][V→V]-~i[SBJ.V-ed.something][V→V]-~i[SBJ.V-ed.something][V→V][V][Intr][Opt][PRS][2Sg]
tagsighii	tagsigh-~i[SBJ.V-ed.something][V→V]-~i[SBJ.V-ed.something][V→V][V][Intr][Opt][PRS][2Sg]
tagsighii	tagsigh-~i[SBJ.V-ed.something][V→V][V][Intr][Intrg][3Sg]
tagsighii	tagsigh[V][Trns][Ind][3Sg][3Pl]
tagsighii	tagsighagh-~:(ng₁)u[to.be.N][N→V]-~i[SBJ.V-ed.something][V→V]-~i[SBJ.V-ed.something][V→V]-~i[SBJ.V-ed.something][V→V]-~i[SBJ.V-ed.something][V→V]-~i[SBJ.V-ed.something][V→V][V][Intr][Opt][PRS][2Sg]
tagsighii	tagsighagh-~:(ng₁)u[to.be.N][N→V]-~i[SBJ.V-ed.something][V→V]-~i[SBJ.V-ed.something][V→V]-~i[SBJ.V-ed.something][V→V]-~i[SBJ.V-ed.something][V→V][V][Intr][Opt][PRS][2Sg]
tagsighii	tagsighagh-~:(ng₁)u[to.be.N][N→V]-~i[SBJ.V-ed.something][V→V]-~i[SBJ.V-ed.something][V→V]-~i[SBJ.V-ed.something][V→V][V][Intr][Opt][PRS][2Sg]
tagsighii	tagsighagh-~:(ng₁)u[to.be.N][N→V]-~i[SBJ.V-ed.something][V→V]-~i[SBJ.V-ed.something][V→V][V][Intr][Opt][PRS][2Sg]
tagsighii	tagsighagh-~:(ng₁)u[to.be.N][N→V]-~i[SBJ.V-ed.something][V→V][V][Intr][Opt][PRS][2Sg]
tagsighii	tagsighagh[N][Abs][3SgPoss][PlPosd]

ilani	ila-@₁~fni[to.say.that.one.is.V-ing][Cmpd_Vbl][V][Intr][Opt][PRS][2Sg]
ilani	ila-~:(u)te[to.V.for.or.with][to.cause.to.V.as.one.is.V-ing][to.V.toward.each.other][V→V]-@₁~fni[to.say.that.one.is.V-ing][Cmpd_Vbl][V][Intr][Opt][PRS][2Sg]
ilani	ila-~:(u)te[SBJ.V-ed.something][V→V]-@₁~fni[to.say.that.one.is.V-ing][Cmpd_Vbl][V][Intr][Opt][PRS][2Sg]
ilani	ila[N][Abs][4SgPoss][SgPosd]
ilani	ila[N][Abs][4SgPoss][PlPosd]
ilani	ila[N][Loc][Unpd][Pl]

tagitek	tagi-te[to.act.on.so.as.to.cause.to.V][V→V][V][Intr][Opt][PRS][2Du]
tagitek	tagi-te[to.act.on.so.as.to.cause.to.V][V→V][V][Intr][Opt][PRS][2Pl]
tagitek	tagi-~:(u)te[to.V.for.or.with][to.cause.to.V.as.one.is.V-ing][to.V.toward.each.other][V→V]-te[to.act.on.so.as.to.cause.to.V][V→V][V][Intr][Opt][PRS][2Du]
tagitek	tagi-~:(u)te[to.V.for.or.with][to.cause.to.V.as.one.is.V-ing][to.V.toward.each.other][V→V]-te[to.act.on.so.as.to.cause.to.V][V→V][V][Intr][Opt][PRS][2Pl]
tagitek	tagi-~:(u)te[to.V.for.or.with][to.cause.to.V.as.one.is.V-ing][to.V.toward.each.other][V→V][V][Intr][Opt][PRS][2Du]
tagitek	tagi-~:(u)te[to.V.for.or.with][to.cause.to.V.as.one.is.V-ing][to.V.toward.each.other][V→V][V][Intr][Opt][PRS][2Pl]
tagitek	tagi-~:(u)te[condition.with.respect.to.V-ing][V→N]-te[to.catch.N][to.go.to.N][N→V][V][Intr][Opt][PRS][2Du]
tagitek	tagi-~:(u)te[condition.with.respect.to.V-ing][V→N]-te[to.catch.N][to.go.to.N][N→V][V][Intr][Opt][PRS][2Pl]
tagitek	tagi-~:(u)te[SBJ.V-ed.something][V→V]-te[to.act.on.so.as.to.cause.to.V][V→V][V][Intr][Opt][PRS][2Du]
tagitek	tagi-~:(u)te[SBJ.V-ed.something][V→V]-te[to.act.on.so.as.to.cause.to.V][V→V][V][Intr][Opt][PRS][2Pl]
tagitek	tagi-~:(u)te[SBJ.V-ed.something][V→V][V][Intr][Opt][PRS][2Du]
tagitek	tagi-~:(u)te[SBJ.V-ed.something][V→V][V][Intr][Opt][PRS][2Pl]
tagitek	tagi-~:(u)te[condition.with.respect.to.V-ing][V→N][N][Abs][Unpd][Du]
tagitek	tagi-~:(u)te[condition.with.respect.to.V-ing][V→N][N][Rel][Unpd][Du]
tagitek	tagite[V][Intr][Opt][PRS][2Du]
tagitek	tagite[V][Intr][Opt][PRS][2Pl]
tagitek	tagi[V][Intr][Opt][PRS][2Du]
tagitek	tagi[V][Intr][Opt][PRS][2Pl]

whaa	whaa
whaa	whaa[N][Abs][Unpd][Sg]

naalkutunga	Nalle-~–ke[to.have.as.one's.N(s)][N→V]-~:(u)te[to.V.for.or.with][to.cause.to.V.as.one.is.V-ing][to.V.toward.each.other][V→V][V][Intr][Ind][1Sg]
naalkutunga	Nalle-~–ke[to.have.as.one's.N(s)][N→V]-~:(u)te[SBJ.V-ed.something][V→V][V][Intr][Ind][1Sg]
naalkutunga	naa-–leg[one.having.N][N→N]-~–ke[to.have.as.one's.N(s)][N→V]-~:(u)te[to.V.for.or.with][to.cause.to.V.as.one.is.V-ing][to.V.toward.each.other][V→V][V][Intr][Ind][1Sg]
naalkutunga	naa-–leg[one.having.N][N→N]-~–ke[to.have.as.one's.N(s)][N→V]-~:(u)te[SBJ.V-ed.something][V→V][V][Intr][Ind][1Sg]
naalkutunga	naalke-~:(u)te[to.V.for.or.with][to.cause.to.V.as.one.is.V-ing][to.V.toward.each.other][V→V][V][Intr][Ind][1Sg]
naalkutunga	naalke-~:(u)te[SBJ.V-ed.something][V→V][V][Intr][Ind][1Sg]
naalkutunga	naalkute[V][Intr][Ind][1Sg]
naalkutunga	nalle-~–ke[to.have.as.one's.N(s)][N→V]-~:(u)te[to.V.for.or.with][to.cause.to.V.as.one.is.V-ing][to.V.toward.each.other][V→V][V][Intr][Ind][1Sg]
naalkutunga	nalle-~–ke[to.have.as.one's.N(s)][N→V]-~:(u)te[SBJ.V-ed.something][V→V][V][Intr][Ind][1Sg]

------------------------


------------------------
Taakut aghnaghaat tagimalghiit.

taakut	taake[V][Intr][Ind][3Pl]

aghnaghaat	aghnagh[V][Trns][Ind][3Pl][3Sg]
aghnaghaat	aghnaghagh*[N][Abs][Unpd][Pl]
aghnaghaat	aghnaghagh*[N][Abs][3PlPoss][SgPosd]
aghnaghaat	aghnaghagh*[N][Rel][Unpd][Pl]

tagimalghiit	tagi-@₁~:(i/u)ma[to.have.V-ed][to.have.been.V-ed][V→V]-@₁–lghii[the.one.that.V-ed][the.one.that.is.V][V→N][N][Abs][Unpd][Pl]
tagimalghiit	tagi-@₁~:(i/u)ma[to.have.V-ed][to.have.been.V-ed][V→V]-@₁–lghii[the.one.that.V-ed][the.one.that.is.V][V→N][N][Rel][Unpd][Pl]
tagimalghiit	tagi-@₁~:(i/u)ma[to.have.V-ed][to.have.been.V-ed][V→V][V][Intr][Ptcp][3Pl]

------------------------
Ellnga Iistumii, ilanga Ketngigtumii, ataasiq Qugtuqaghtuurughmii, enkaam Aghveghtughmii, tallimaat Ullungagtuuru.

ellnga	ellnga
ellnga	ellnga[N][Abs][Unpd][Sg]

iistumii	+?

ilanga	ila[N][Abs][3SgPoss][SgPosd]
ilanga	ila[V][Trns][Opt][PRS][2Sg][1Sg]

ketngigtumii	+?

ataasiq	ataasigh[N][Abs][Unpd][Sg]

qugtuqaghtuurughmii	+?

enkaam	enkaam

aghveghtughmii	+?

tallimaat	+?

ullungagtuuru	+?

------------------------


------------------------
Taagken elngaatall nengighqiit aghnaghaat taakut kenimegteggun tawanlluki, siqlugwaq avangiitngwaaghluku.

taagken	taagken

elngaatall	elngaatall

nengighqiit	nengighqe-~i[SBJ.V-ed.something][V→V][V][Intr][Intrg][3Pl]
nengighqiit	nengighqe-~i[SBJ.V-ed.something][V→V][V][Intr][Ind][3Pl]
nengighqiit	nengighqe[V][Trns][Ind][3Pl][3Pl]
nengighqiit	nengighqe[V][Trns][Ind][3Du][3Sg]

aghnaghaat	aghnagh[V][Trns][Ind][3Pl][3Sg]
aghnaghaat	aghnaghagh*[N][Abs][Unpd][Pl]
aghnaghaat	aghnaghagh*[N][Abs][3PlPoss][SgPosd]
aghnaghaat	aghnaghagh*[N][Rel][Unpd][Pl]

taakut	taake[V][Intr][Ind][3Pl]

kenimegteggun	kenigh[N][Via][4PlPoss][PlPosd]
kenimegteggun	kenigh[N][Via][4PlPoss][SgPosd]

tawanlluki	+?

siqlugwaq	+?

avangiitngwaaghluku	+?

------------------------
Tawaten peghuvyiighluku unisimakangat.

tawaten	tawaten

peghuvyiighluku	+?

unisimakangat	unite-@₁~:(i/u)ma[to.have.V-ed][to.have.been.V-ed][V→V]-@*@₂~sf–(g₂)k(a)e[the.one.that.possessor.V-ed][V→N][N][Abs][3PlPoss][SgPosd]
unisimakangat	unite-@₁~:(i/u)ma[to.have.V-ed][to.have.been.V-ed][V→V][V][Trns][Ptcp][3Pl][3Sg]

------------------------
Elngaatall quyapiglluteng aglaghtut aghnaghaat.

elngaatall	elngaatall

quyapiglluteng	quya-–pigte[to.be.very.V][to.V.very.much][V→V]-te[to.act.on.so.as.to.cause.to.V][V→V][V][Intr][Sbrd][3Pl]

aglaghtut	aglagh[V][Intr][Ind][3Pl]
aglaghtut	aglagh-te[to.act.on.so.as.to.cause.to.V][V→V][V][Intr][Ind][3Pl]

aghnaghaat	aghnagh[V][Trns][Ind][3Pl][3Sg]
aghnaghaat	aghnaghagh*[N][Abs][Unpd][Pl]
aghnaghaat	aghnaghagh*[N][Abs][3PlPoss][SgPosd]
aghnaghaat	aghnaghagh*[N][Rel][Unpd][Pl]

------------------------


------------------------
Aglaghluteng nemeggnun, ugwinga Iistumiim naken pii, entaqun ama pekneghyaqaq.

aglaghluteng	aglagh[V][Intr][Sbrd][3Pl]

nemeggnun	ne[N][Ter][4PlPoss][PlPosd]
nemeggnun	ne[N][Ter][4PlPoss][SgPosd]

ugwinga	+?

iistumiim	+?

naken	na-@*@₂~sf–(g₂)k(a)e[the.one.that.possessor.V-ed][V→N][N][Abs][2SgPoss][SgPosd]
naken	na[V][Trns][Ptcp][2Sg][3Sg]
naken	naken
naken	nakete[N][Abs][Unpd][Sg]

pii	pi-~i[SBJ.V-ed.something][V→V]-~i[SBJ.V-ed.something][V→V]-~i[SBJ.V-ed.something][V→V]-~i[SBJ.V-ed.something][V→V]-~i[SBJ.V-ed.something][V→V]-~i[SBJ.V-ed.something][V→V][V][Intr][Opt][PRS][2Sg]
pii	pi-~i[SBJ.V-ed.something][V→V]-~i[SBJ.V-ed.something][V→V]-~i[SBJ.V-ed.something][V→V]-~i[SBJ.V-ed.something][V→V]-~i[SBJ.V-ed.something][V→V][V][Intr][Opt][PRS][2Sg]
pii	pi-~i[SBJ.V-ed.something][V→V]-~i[SBJ.V-ed.something][V→V]-~i[SBJ.V-ed.something][V→V]-~i[SBJ.V-ed.something][V→V][V][Intr][Opt][PRS][2Sg]
pii	pi-~i[SBJ.V-ed.something][V→V]-~i[SBJ.V-ed.something][V→V]-~i[SBJ.V-ed.something][V→V][V][Intr][Opt][PRS][2Sg]
pii	pi-~i[SBJ.V-ed.something][V→V]-~i[SBJ.V-ed.something][V→V][V][Intr][Opt][PRS][2Sg]
pii	pi-~i[SBJ.V-ed.something][V→V][V][Intr][Opt][PRS][2Sg]
pii	pi[V][Intr][Intrg][3Sg]
pii	pi[V][Trns][Ind][3Sg][3Sg]
pii	pi[V][Trns][Ind][3Sg][3Pl]

entaqun	entaqun

ama	ama

pekneghyaqaq	+?

------------------------
Iteghluninguq aghnaghhaq taana elngaatall sumeghtaghaghllak.

iteghluninguq	+?

aghnaghhaq	aghnagh-–ghhagh*[dear.N][N→N][N][Abs][Unpd][Sg]

taana	taane[V][Intr][Intrg][3Sg]
taana	taana

elngaatall	elngaatall

sumeghtaghaghllak	sumeghtaghagh-–ghllak[big.N][AUG]

------------------------


------------------------
Ugwingan pimakanga, "Iyataghtunga, siqlugwaghqu."

ugwingan	+?

pimakanga	pi-@₁~:(i/u)ma[to.have.V-ed][to.have.been.V-ed][V→V]-@*@₂~sf–(g₂)k(a)e[the.one.that.possessor.V-ed][V→N][N][Abs][3SgPoss][SgPosd]
pimakanga	pi-@₁~:(i/u)ma[to.have.V-ed][to.have.been.V-ed][V→V][V][Trns][Ptcp][3Sg][3Sg]
pimakanga	pi-@₁~:(i/u)ma[to.have.V-ed][to.have.been.V-ed][V→V][V][Trns][Cond][3Sg][1Sg]

iyataghtunga	iyatagh[V][Intr][Ind][1Sg]
iyataghtunga	iyatagh-te[to.act.on.so.as.to.cause.to.V][V→V][V][Intr][Ind][1Sg]

siqlugwaghqu	+?

------------------------
Taawa avelghaqiinaghaa.

taawa	taawa

avelghaqiinaghaa	avelghaqiinagh[V][Trns][Ind][3Sg][3Sg]

------------------------


------------------------
"Enta sukalluten iyataghtunga siqlugwaghqu," pilaataghaa ugwingan.

enta	enta

sukalluten	+?

iyataghtunga	iyatagh[V][Intr][Ind][1Sg]
iyataghtunga	iyatagh-te[to.act.on.so.as.to.cause.to.V][V→V][V][Intr][Ind][1Sg]

siqlugwaghqu	+?

pilaataghaa	pi-@₁~laatagh[to.V.anyway][despite.everything.to.still.V][V→V][V][Trns][Ind][3Sg][3Sg]
pilaataghaa	pi-~:(u)te[to.V.for.or.with][to.cause.to.V.as.one.is.V-ing][to.V.toward.each.other][V→V]-@₁~laatagh[to.V.anyway][despite.everything.to.still.V][V→V][V][Trns][Ind][3Sg][3Sg]

ugwingan	+?

------------------------


------------------------
Alingughyugutnginaghmineng aanluni siqlugwani legan esghapagtuqiinaghluku unisimakanga.

alingughyugutnginaghmineng	+?

aanluni	aane[V][Intr][Sbrd][3Sg]
aanluni	aante[V][Intr][Sbrd][3Sg]

siqlugwani	+?

legan	legan

esghapagtuqiinaghluku	+?

unisimakanga	unite-@₁~:(i/u)ma[to.have.V-ed][to.have.been.V-ed][V→V]-@*@₂~sf–(g₂)k(a)e[the.one.that.possessor.V-ed][V→N][N][Abs][3SgPoss][SgPosd]
unisimakanga	unite-@₁~:(i/u)ma[to.have.V-ed][to.have.been.V-ed][V→V][V][Trns][Ptcp][3Sg][3Sg]
unisimakanga	unite-@₁~:(i/u)ma[to.have.V-ed][to.have.been.V-ed][V→V][V][Trns][Cond][3Sg][1Sg]

------------------------
Unilluku, ugwini pimakanga:

unilluku	unite[V][Trns][Sbrd][_][3Sg]

ugwini	+?

pimakanga	pi-@₁~:(i/u)ma[to.have.V-ed][to.have.been.V-ed][V→V]-@*@₂~sf–(g₂)k(a)e[the.one.that.possessor.V-ed][V→N][N][Abs][3SgPoss][SgPosd]
pimakanga	pi-@₁~:(i/u)ma[to.have.V-ed][to.have.been.V-ed][V→V][V][Trns][Ptcp][3Sg][3Sg]
pimakanga	pi-@₁~:(i/u)ma[to.have.V-ed][to.have.been.V-ed][V→V][V][Trns][Cond][3Sg][1Sg]

------------------------
"Aay, uqesqaghhaghma sangituunga!

aay	+?

uqesqaghhaghma	+?

sangituunga	+?

------------------------
Iistumiinkut, Ketngigtumiinkut,

iistumiinkut	+?

ketngigtumiinkut	+?

------------------------
Aghveghtughmiinkut, Ullungagtuurunkut,

aghveghtughmiinkut	+?

ullungagtuurunkut	+?

------------------------
Qugtuqaghmiinkut naangsimiit!"

qugtuqaghmiinkut	qugtuqagh-mii[resident.of.N][N→N]-~sf-w:(e)nkut[N.and.company.or.family][N→N][N][Abs][Unpd][Sg]

naangsimiit	+?

------------------------


------------------------
Legan ugwingan tawavek, qezini amqeghtaghlluku, siingyaqminigu legan aga nevaghmi ulleghtuq, qeteghaghtuq.

legan	legan

ugwingan	+?

tawavek	+?

qezini	qezigh[N][Abs][4SgPoss][SgPosd]
qezini	qezigh[N][Abs][4SgPoss][PlPosd]
qezini	qezigh[N][Loc][Unpd][Pl]

amqeghtaghlluku	+?

siingyaqminigu	+?

legan	legan

aga	aga

nevaghmi	+?

ulleghtuq	ullegh[V][Intr][Ind][3Sg]
ulleghtuq	ullegh-te[to.act.on.so.as.to.cause.to.V][V→V][V][Intr][Ind][3Sg]

qeteghaghtuq	+?

------------------------
Imaninguq pii qiyamaghmi:

imaninguq	ima-@₁~fni[to.say.that.one.is.V-ing][Cmpd_Vbl]-@*ngugh*[the.one.that.V-ed][the.one.that.is.V][V→N][N][Abs][Unpd][Sg]
imaninguq	ima-~:(u)te[to.V.for.or.with][to.cause.to.V.as.one.is.V-ing][to.V.toward.each.other][V→V]-@₁~fni[to.say.that.one.is.V-ing][Cmpd_Vbl]-@*ngugh*[the.one.that.V-ed][the.one.that.is.V][V→N][N][Abs][Unpd][Sg]
imaninguq	ima-~:(u)te[SBJ.V-ed.something][V→V]-@₁~fni[to.say.that.one.is.V-ing][Cmpd_Vbl]-@*ngugh*[the.one.that.V-ed][the.one.that.is.V][V→N][N][Abs][Unpd][Sg]
imaninguq	imagh[N][Abs][4SgPoss][SgPosd]-nguq[Encl]
imaninguq	imagh[N][Abs][4SgPoss][PlPosd]-nguq[Encl]
imaninguq	imagh[N][Loc][Unpd][Pl]-nguq[Encl]

pii	pi-~i[SBJ.V-ed.something][V→V]-~i[SBJ.V-ed.something][V→V]-~i[SBJ.V-ed.something][V→V]-~i[SBJ.V-ed.something][V→V]-~i[SBJ.V-ed.something][V→V]-~i[SBJ.V-ed.something][V→V][V][Intr][Opt][PRS][2Sg]
pii	pi-~i[SBJ.V-ed.something][V→V]-~i[SBJ.V-ed.something][V→V]-~i[SBJ.V-ed.something][V→V]-~i[SBJ.V-ed.something][V→V]-~i[SBJ.V-ed.something][V→V][V][Intr][Opt][PRS][2Sg]
pii	pi-~i[SBJ.V-ed.something][V→V]-~i[SBJ.V-ed.something][V→V]-~i[SBJ.V-ed.something][V→V]-~i[SBJ.V-ed.something][V→V][V][Intr][Opt][PRS][2Sg]
pii	pi-~i[SBJ.V-ed.something][V→V]-~i[SBJ.V-ed.something][V→V]-~i[SBJ.V-ed.something][V→V][V][Intr][Opt][PRS][2Sg]
pii	pi-~i[SBJ.V-ed.something][V→V]-~i[SBJ.V-ed.something][V→V][V][Intr][Opt][PRS][2Sg]
pii	pi-~i[SBJ.V-ed.something][V→V][V][Intr][Opt][PRS][2Sg]
pii	pi[V][Intr][Intrg][3Sg]
pii	pi[V][Trns][Ind][3Sg][3Sg]
pii	pi[V][Trns][Ind][3Sg][3Pl]

qiyamaghmi	qiya-@₁~:(i/u)magh*[while.V-ing][V→V][Quant_Qual][4Sg]

------------------------
"Maketengngaay, ngaay, ngaay, ngaay!

maketengngaay	+?

ngaay	+?

ngaay	+?

ngaay	+?

------------------------
Maketengngaay, ngaay, ngaay, ngaay!"

maketengngaay	+?

ngaay	+?

ngaay	+?

ngaay	+?

------------------------


------------------------
Taawanlengughnguq ugwatangani nanevgaghllak, afsengaq.

taawanlengughnguq	+?

ugwatangani	+?

nanevgaghllak	nanevgagh-–ghllag[big.N][N→N][N][Abs][Unpd][Sg]
nanevgaghllak	nanevgagh-–ghllak[big.N][AUG]

afsengaq	afsengagh*[N][Abs][Unpd][Sg]

------------------------
Taam pimakanga:

taam	+?

pimakanga	pi-@₁~:(i/u)ma[to.have.V-ed][to.have.been.V-ed][V→V]-@*@₂~sf–(g₂)k(a)e[the.one.that.possessor.V-ed][V→N][N][Abs][3SgPoss][SgPosd]
pimakanga	pi-@₁~:(i/u)ma[to.have.V-ed][to.have.been.V-ed][V→V][V][Trns][Ptcp][3Sg][3Sg]
pimakanga	pi-@₁~:(i/u)ma[to.have.V-ed][to.have.been.V-ed][V→V][V][Trns][Cond][3Sg][1Sg]

------------------------
"Maketigu, maketigu,

maketigu	makete[V][Trns][Opt][PRS][2Sg][3Sg]

maketigu	makete[V][Trns][Opt][PRS][2Sg][3Sg]

------------------------
Qughrughaam avaqutaa,

qughrughaam	+?

avaqutaa	avaqutagh-~:(ng₁)u[to.be.N][N→V][V][Intr][Opt][PRS][2Sg]
avaqutaa	avaqutagh[N][Abs][3SgPoss][SgPosd]

------------------------
Kuyapegrugaaghem eltughaa!"

kuyapegrugaaghem	+?

eltughaa	eltugh[V][Trns][Ind][3Sg][3Sg]
eltughaa	eltughagh*-~:(ng₁)u[to.be.N][N→V][V][Intr][Opt][PRS][2Sg]
eltughaa	eltughagh*[N][Abs][3SgPoss][SgPosd]

------------------------


------------------------
Makesimakanga.

makesimakanga	makete-@₁~:(i/u)ma[to.have.V-ed][to.have.been.V-ed][V→V]-@*@₂~sf–(g₂)k(a)e[the.one.that.possessor.V-ed][V→N][N][Abs][3SgPoss][SgPosd]
makesimakanga	makete-@₁~:(i/u)ma[to.have.V-ed][to.have.been.V-ed][V→V][V][Trns][Ptcp][3Sg][3Sg]
makesimakanga	makete-@₁~:(i/u)ma[to.have.V-ed][to.have.been.V-ed][V→V][V][Trns][Cond][3Sg][1Sg]

------------------------
Tawaten esghapaghngaaghmigu legan siinglaataghaa!

tawaten	tawaten

esghapaghngaaghmigu	+?

legan	legan

siinglaataghaa	siinge-@₁~laatagh[to.V.anyway][despite.everything.to.still.V][V→V][V][Trns][Ind][3Sg][3Sg]

------------------------
Legan qiyaaqelghii aghnaq:

legan	legan

qiyaaqelghii	qiya-~(g₁)aqe[to.be.V.ing][to.regularly.or.repeatedly.V][V→V]-@₁–lghii[the.one.that.V-ed][the.one.that.is.V][V→N][N][Abs][Unpd][Sg]
qiyaaqelghii	qiyaaqe-@₁–lghii[the.one.that.V-ed][the.one.that.is.V][V→N][N][Abs][Unpd][Sg]

aghnaq	aghnagh[N][Abs][Unpd][Sg]

------------------------
"Maketengngaay, ngaay, ngaay, ngaay!

maketengngaay	+?

ngaay	+?

ngaay	+?

ngaay	+?

------------------------
Maketengngaay, ngaay, ngaay, ngaay!"

maketengngaay	+?

ngaay	+?

ngaay	+?

ngaay	+?

------------------------


------------------------
Taagum pilaataghaa:

taagum	+?

pilaataghaa	pi-@₁~laatagh[to.V.anyway][despite.everything.to.still.V][V→V][V][Trns][Ind][3Sg][3Sg]
pilaataghaa	pi-~:(u)te[to.V.for.or.with][to.cause.to.V.as.one.is.V-ing][to.V.toward.each.other][V→V]-@₁~laatagh[to.V.anyway][despite.everything.to.still.V][V→V][V][Trns][Ind][3Sg][3Sg]

------------------------
"Maketigu, maketigu!

maketigu	makete[V][Trns][Opt][PRS][2Sg][3Sg]

maketigu	makete[V][Trns][Opt][PRS][2Sg][3Sg]

------------------------
Qughrughaam avaqutaa,

qughrughaam	+?

avaqutaa	avaqutagh-~:(ng₁)u[to.be.N][N→V][V][Intr][Opt][PRS][2Sg]
avaqutaa	avaqutagh[N][Abs][3SgPoss][SgPosd]

------------------------
Kuyapegrugaaghem eltughaa!"

kuyapegrugaaghem	+?

eltughaa	eltugh[V][Trns][Ind][3Sg][3Sg]
eltughaa	eltughagh*-~:(ng₁)u[to.be.N][N→V][V][Intr][Opt][PRS][2Sg]
eltughaa	eltughagh*[N][Abs][3SgPoss][SgPosd]

------------------------


------------------------
Makesimakanga.

makesimakanga	makete-@₁~:(i/u)ma[to.have.V-ed][to.have.been.V-ed][V→V]-@*@₂~sf–(g₂)k(a)e[the.one.that.possessor.V-ed][V→N][N][Abs][3SgPoss][SgPosd]
makesimakanga	makete-@₁~:(i/u)ma[to.have.V-ed][to.have.been.V-ed][V→V][V][Trns][Ptcp][3Sg][3Sg]
makesimakanga	makete-@₁~:(i/u)ma[to.have.V-ed][to.have.been.V-ed][V→V][V][Trns][Cond][3Sg][1Sg]

------------------------
Tuguluku aqumesimakanga.

tuguluku	tugu-~:(u)te[to.V.for.or.with][to.cause.to.V.as.one.is.V-ing][to.V.toward.each.other][V→V][V][Trns][Sbrd][_][3Sg]
tuguluku	tugu[V][Trns][Sbrd][_][3Sg]

aqumesimakanga	aqume-te[to.act.on.so.as.to.cause.to.V][V→V]-@₁~:(i/u)ma[to.have.V-ed][to.have.been.V-ed][V→V]-@*@₂~sf–(g₂)k(a)e[the.one.that.possessor.V-ed][V→N][N][Abs][3SgPoss][SgPosd]
aqumesimakanga	aqume-te[to.act.on.so.as.to.cause.to.V][V→V]-@₁~:(i/u)ma[to.have.V-ed][to.have.been.V-ed][V→V][V][Trns][Ptcp][3Sg][3Sg]
aqumesimakanga	aqume-te[to.act.on.so.as.to.cause.to.V][V→V]-@₁~:(i/u)ma[to.have.V-ed][to.have.been.V-ed][V→V][V][Trns][Cond][3Sg][1Sg]

------------------------
Taawa piniqaaghtaa, aghyuuqanga taam nanevgam.

taawa	taawa

piniqaaghtaa	+?

aghyuuqanga	aghyuugh-@*@₂~sf–(g₂)k(a)e[the.one.that.possessor.V-ed][V→N][N][Abs][3SgPoss][SgPosd]
aghyuuqanga	aghyuugh[V][Trns][Ptcp][3Sg][3Sg]
aghyuuqanga	aghyuugh[V][Trns][Cond][3Sg][1Sg]

taam	+?

nanevgam	nanevgagh[N][Rel][Unpd][Sg]

------------------------
Taawa pinitun nulighqaa.

taawa	taawa

pinitun	pi-@₁~fni[to.say.that.one.is.V-ing][Cmpd_Vbl]-~:(u)te[to.V.for.or.with][to.cause.to.V.as.one.is.V-ing][to.V.toward.each.other][V→V]-~:(u)te[condition.with.respect.to.V-ing][V→N][N][Abs][Unpd][Sg]
pinitun	pi-@₁~fni[to.say.that.one.is.V-ing][Cmpd_Vbl]-~:(u)te[SBJ.V-ed.something][V→V]-~:(u)te[condition.with.respect.to.V-ing][V→N][N][Abs][Unpd][Sg]
pinitun	pi-@₁~fni[to.say.that.one.is.V-ing][Cmpd_Vbl]-te[to.act.on.so.as.to.cause.to.V][V→V]-~:(u)te[condition.with.respect.to.V-ing][V→N][N][Abs][Unpd][Sg]
pinitun	pi-~:(u)te[to.V.for.or.with][to.cause.to.V.as.one.is.V-ing][to.V.toward.each.other][V→V]-@₁~fni[to.say.that.one.is.V-ing][Cmpd_Vbl]-~:(u)te[to.V.for.or.with][to.cause.to.V.as.one.is.V-ing][to.V.toward.each.other][V→V]-~:(u)te[condition.with.respect.to.V-ing][V→N][N][Abs][Unpd][Sg]
pinitun	pi-~:(u)te[to.V.for.or.with][to.cause.to.V.as.one.is.V-ing][to.V.toward.each.other][V→V]-@₁~fni[to.say.that.one.is.V-ing][Cmpd_Vbl]-~:(u)te[SBJ.V-ed.something][V→V]-~:(u)te[condition.with.respect.to.V-ing][V→N][N][Abs][Unpd][Sg]
pinitun	pi-~:(u)te[to.V.for.or.with][to.cause.to.V.as.one.is.V-ing][to.V.toward.each.other][V→V]-@₁~fni[to.say.that.one.is.V-ing][Cmpd_Vbl]-te[to.act.on.so.as.to.cause.to.V][V→V]-~:(u)te[condition.with.respect.to.V-ing][V→N][N][Abs][Unpd][Sg]
pinitun	pi-~:(u)te[SBJ.V-ed.something][V→V]-@₁~fni[to.say.that.one.is.V-ing][Cmpd_Vbl]-~:(u)te[to.V.for.or.with][to.cause.to.V.as.one.is.V-ing][to.V.toward.each.other][V→V]-~:(u)te[condition.with.respect.to.V-ing][V→N][N][Abs][Unpd][Sg]
pinitun	pi-~:(u)te[SBJ.V-ed.something][V→V]-@₁~fni[to.say.that.one.is.V-ing][Cmpd_Vbl]-~:(u)te[SBJ.V-ed.something][V→V]-~:(u)te[condition.with.respect.to.V-ing][V→N][N][Abs][Unpd][Sg]
pinitun	pi-~:(u)te[SBJ.V-ed.something][V→V]-@₁~fni[to.say.that.one.is.V-ing][Cmpd_Vbl]-te[to.act.on.so.as.to.cause.to.V][V→V]-~:(u)te[condition.with.respect.to.V-ing][V→N][N][Abs][Unpd][Sg]
pinitun	pi[N][Abs][4SgPoss][SgPosd]-ete[to.be]-~:(u)te[condition.with.respect.to.V-ing][V→N][N][Abs][Unpd][Sg]
pinitun	pi[N][Abs][4SgPoss][PlPosd]-ete[to.be]-~:(u)te[condition.with.respect.to.V-ing][V→N][N][Abs][Unpd][Sg]
pinitun	pi[N][Loc][Unpd][Pl]-ete[to.be]-~:(u)te[condition.with.respect.to.V-ing][V→N][N][Abs][Unpd][Sg]
pinitun	pinigh[Equ][Unpd][Sg]
pinitun	pinitun
pinitun	pinitute[N][Abs][Unpd][Sg]

nulighqaa	nulighh-te[to.catch.N][to.go.to.N][N→V]-@₁qugh[to.V.completely][V][Intr][Opt][PRS][2Sg]

------------------------


------------------------
Tefaay, aliinghakun, amsanaakun!

tefaay	tefaay

aliinghakun	+?

amsanaakun	amsanagh[N][Via][3DuPoss][PlPosd]
amsanaakun	amsanagh[N][Via][3SgPoss][SgPosd]
amsanaakun	amsanagh[N][Via][3SgPoss][PlPosd]

------------------------
