Neghtunga pangeghfagilgama.

neghtunga	negh[V][Intr][Ind][1Sg]
neghtunga	negh-te[to.act.on.so.as.to.cause.to.V][V→V][V][Intr][Ind][1Sg]

pangeghfagilgama	pangeghte[V][Intr][Prec][1Sg]

------------------------
Sangavek iyataghsin negheghnaaghpek

sangavek	sa[V][Intr][CnsqI][2Sg]

iyataghsin	iyatagh[V][Intr][Intrg][2Sg]

negheghnaaghpek	+?

------------------------
Ungipaateghngaaghpenga puywaaqa nuliighpek aatgha.

ungipaateghngaaghpenga	ungipaate[V][Trns][Conc][2Sg][1Sg]

puywaaqa	puygu-~(g₁)aqe[to.be.V.ing][to.regularly.or.repeatedly.V][V→V][V][Intr][Intrg][3Sg]
puywaaqa	puygu[V][Trns][Ind][1Sg][3Sg]

nuliighpek	nuliigh[N][Rel][2SgPoss][SgPosd]
nuliighpek	nuliigh[N][Rel][2SgPoss][PlPosd]

aatgha	ategh[N][Abs][3SgPoss][SgPosd]
aatgha	Ategh[N][Abs][3SgPoss][SgPosd]

------------------------
Quginakanka uyviinghet kaatfagilgata.

quginakanka	+?

uyviinghet	+?

kaatfagilgata	kaate[V][Intr][Prec][3Pl]

------------------------
Esghaatunga retwhatmeng siilumeng.

esghaatunga	esghaate[V][Intr][Ind][1Sg]
esghaatunga	esghagh-~:(u)te[SBJ.V-ed.something][V→V][V][Intr][Ind][1Sg]

retwhatmeng	retwhate[N][Rel][4DuPoss][SgPosd]
retwhatmeng	retwhate[N][Rel][4DuPoss][PlPosd]
retwhatmeng	retwhate[N][Rel][4PlPoss][SgPosd]
retwhatmeng	retwhate[N][Rel][4PlPoss][PlPosd]
retwhatmeng	retwhate[N][Abl_Mod][Unpd][Sg]

siilumeng	siilu[N][Rel][4DuPoss][SgPosd]
siilumeng	siilu[N][Rel][4DuPoss][PlPosd]
siilumeng	siilu[N][Rel][4PlPoss][SgPosd]
siilumeng	siilu[N][Rel][4PlPoss][PlPosd]
siilumeng	siilu[N][Abl_Mod][Unpd][Sg]

------------------------
Qikmilguyugtunga kalilmeng.

qikmilguyugtunga	qikmigh-–leg[one.having.N][N→N]-~:(ng₁)u[to.be.N][N→V]-@₁~fyug[to.want.to.V][V→V][V][Intr][Ind][1Sg]
qikmilguyugtunga	qikmigh-–leg[one.having.N][N→N]-~:(ng₁)u[to.be.N][N→V]-@₁~fyug[to.want.to.V][V→V]-te[to.act.on.so.as.to.cause.to.V][V→V][V][Intr][Ind][1Sg]
qikmilguyugtunga	qikmigh-–leg[one.having.N][N→N]-~:(ng₁)u[to.be.N][N→V]-~:(u)te[to.V.for.or.with][to.cause.to.V.as.one.is.V-ing][to.V.toward.each.other][V→V]-@₁~fyug[to.want.to.V][V→V][V][Intr][Ind][1Sg]
qikmilguyugtunga	qikmigh-–leg[one.having.N][N→N]-~:(ng₁)u[to.be.N][N→V]-~:(u)te[to.V.for.or.with][to.cause.to.V.as.one.is.V-ing][to.V.toward.each.other][V→V]-@₁~fyug[to.want.to.V][V→V]-te[to.act.on.so.as.to.cause.to.V][V→V][V][Intr][Ind][1Sg]
qikmilguyugtunga	qikmigh-–leg[one.having.N][N→N]-~:(ng₁)u[to.be.N][N→V]-~:(u)te[SBJ.V-ed.something][V→V]-@₁~fyug[to.want.to.V][V→V][V][Intr][Ind][1Sg]
qikmilguyugtunga	qikmigh-–leg[one.having.N][N→N]-~:(ng₁)u[to.be.N][N→V]-~:(u)te[SBJ.V-ed.something][V→V]-@₁~fyug[to.want.to.V][V→V]-te[to.act.on.so.as.to.cause.to.V][V→V][V][Intr][Ind][1Sg]
qikmilguyugtunga	qikmigh-–lgu[to.have.N][N→V]-@₁~fyug[to.want.to.V][V→V][V][Intr][Ind][1Sg]
qikmilguyugtunga	qikmigh-–lgu[to.have.N][N→V]-@₁~fyug[to.want.to.V][V→V]-te[to.act.on.so.as.to.cause.to.V][V→V][V][Intr][Ind][1Sg]
qikmilguyugtunga	qikmigh-–lgu[to.have.N][N→V]-~:(u)te[to.V.for.or.with][to.cause.to.V.as.one.is.V-ing][to.V.toward.each.other][V→V]-@₁~fyug[to.want.to.V][V→V][V][Intr][Ind][1Sg]
qikmilguyugtunga	qikmigh-–lgu[to.have.N][N→V]-~:(u)te[to.V.for.or.with][to.cause.to.V.as.one.is.V-ing][to.V.toward.each.other][V→V]-@₁~fyug[to.want.to.V][V→V]-te[to.act.on.so.as.to.cause.to.V][V→V][V][Intr][Ind][1Sg]
qikmilguyugtunga	qikmigh-–lgu[to.have.N][N→V]-~:(u)te[SBJ.V-ed.something][V→V]-@₁~fyug[to.want.to.V][V→V][V][Intr][Ind][1Sg]
qikmilguyugtunga	qikmigh-–lgu[to.have.N][N→V]-~:(u)te[SBJ.V-ed.something][V→V]-@₁~fyug[to.want.to.V][V→V]-te[to.act.on.so.as.to.cause.to.V][V→V][V][Intr][Ind][1Sg]

kalilmeng	kalile[N][Rel][4DuPoss][SgPosd]
kalilmeng	kalile[N][Rel][4DuPoss][PlPosd]
kalilmeng	kalile[N][Rel][4PlPoss][SgPosd]
kalilmeng	kalile[N][Rel][4PlPoss][PlPosd]
kalilmeng	kalile[N][Abl_Mod][Unpd][Sg]

------------------------
Qavngaq kiyaghtetsi Ungazimi

qavngaq	qavngaq

kiyaghtetsi	kiyaghte[V][Intr][Intrg][2Pl]

ungazimi	Ungazigh[N][Loc][Unpd][Sg]
ungazimi	Ungazigh[N][Rel][4SgPoss][SgPosd]
ungazimi	Ungazigh[N][Rel][4SgPoss][PlPosd]

------------------------
Mekelghiiq aanumalghii mangteghameng amsikaghngaghngaaghmi.

mekelghiiq	mekelghiigh[N][Abs][Unpd][Sg]

aanumalghii	aane-@₁~:(i/u)ma[to.have.V-ed][to.have.been.V-ed][V→V]-@₁–lghii[the.one.that.V-ed][the.one.that.is.V][V→N][N][Abs][Unpd][Sg]

mangteghameng	mangteghagh[N][Rel][4DuPoss][SgPosd]
mangteghameng	mangteghagh[N][Rel][4DuPoss][PlPosd]
mangteghameng	mangteghagh[N][Rel][4PlPoss][SgPosd]
mangteghameng	mangteghagh[N][Rel][4PlPoss][PlPosd]
mangteghameng	mangteghagh[N][Abl_Mod][Unpd][Sg]

amsikaghngaghngaaghmi	amsikagh*-nga[Stative][to.be.in.R.posture][V][Intr][Conc][4Sg]

------------------------
Sarigpek amqeghhneghitaanga qilugngaaghminga.

sarigpek	sari[N][Rel][2SgPoss][DuPosd]
sarigpek	sari[N][Rel][2SgPoss][SgPosd]
sarigpek	sari[N][Rel][2SgPoss][PlPosd]

amqeghhneghitaanga	amqeghte-@₁–nghite**[to.not.V][V→V][V][Trns][Ind][3Sg][1Sg]

qilugngaaghminga	qilug[V][Trns][Conc][4Sg][1Sg]

------------------------
