Sanaqsin.

sanaqsin	sa-@₁~fnaqe[to.be.going.to.V][V→V][V][Intr][Intrg][2Sg]
sanaqsin	sa-~:(u)te[to.V.for.or.with][to.cause.to.V.as.one.is.V-ing][to.V.toward.each.other][V→V]-@₁~fnaqe[to.be.going.to.V][V→V][V][Intr][Intrg][2Sg]
sanaqsin	sa-~:(u)te[SBJ.V-ed.something][V→V]-@₁~fnaqe[to.be.going.to.V][V→V][V][Intr][Intrg][2Sg]

------------------------
Sameng neghelleqesta unaami.

sameng	sa[N][Rel][4DuPoss][SgPosd]
sameng	sa[N][Rel][4DuPoss][PlPosd]
sameng	sa[N][Rel][4PlPoss][SgPosd]
sameng	sa[N][Rel][4PlPoss][PlPosd]
sameng	sa[N][Abl_Mod][Unpd][Sg]
sameng	sameng

neghelleqesta	neghe-te[to.act.on.so.as.to.cause.to.V][V→V]-@₁lleqe[will.V][V→V]-(te)ste[to.have.make.or.let.one.V][Cmpd_Vbl][V][Intr][Intrg][3Sg]
neghelleqesta	neghe-te[to.act.on.so.as.to.cause.to.V][V→V]-@₁lleqe[will.V][V→V][V][Intr][Intrg][1Pl]
neghelleqesta	neghe-@₁lleqe[will.V][V→V]-(te)ste[to.have.make.or.let.one.V][Cmpd_Vbl][V][Intr][Intrg][3Sg]
neghelleqesta	neghe-@₁lleqe[will.V][V→V][V][Intr][Intrg][1Pl]

unaami	unaami[N][Abs][Unpd][Sg]

------------------------
Qavngaq kaatetsi Sivuqaghmun.

qavngaq	qavngaq

kaatetsi	kaate[V][Intr][Intrg][2Pl]

sivuqaghmun	+?

------------------------
Naken tukfighsiki alquughtaten.

naken	naken
naken	nakete[N][Abs][Unpd][Sg]

tukfighsiki	tukfigh[V][Trns][Intrg][2Sg][3Pl]

alquughtaten	+?

------------------------
Sangavek iyataghsin.

sangavek	sa[V][Intr][CnsqI][2Sg]

iyataghsin	iyatagh[V][Intr][Intrg][2Sg]

------------------------
Qakun kayusighlleqsikung.

qakun	qakun

kayusighlleqsikung	kayusigh-te[to.act.on.so.as.to.cause.to.V][V→V]-@₁lleqe[will.V][V→V][V][Trns][Intrg][2Sg][1Du]
kayusighlleqsikung	kayusigh-@₁lleqe[will.V][V→V][V][Trns][Intrg][2Sg][1Du]

------------------------
Sangavek meghnughsin.

sangavek	sa[V][Intr][CnsqI][2Sg]

meghnughsin	meghnugh[V][Intr][Intrg][2Sg]

------------------------
Qafsinaneng ighnelguzin.

qafsinaneng	qafsina[N][Abl_Mod][Unpd][Pl]

ighnelguzin	ighnegh-–leg[one.having.N][N→N]-~:(ng₁)u[to.be.N][N→V][V][Intr][Intrg][2Sg]
ighnelguzin	ighnegh-–lgu[to.have.N][N→V][V][Intr][Intrg][2Sg]

------------------------
Qavngaq liisigu panigma aatgha.

qavngaq	qavngaq

liisigu	liite[V][Trns][Intrg][2Sg][3Sg]

panigma	panig[N][Rel][1SgPoss][SgPosd]
panigma	panig[N][Rel][1SgPoss][PlPosd]

aatgha	ategh[N][Abs][3SgPoss][SgPosd]
aatgha	Ategh[N][Abs][3SgPoss][SgPosd]

------------------------
Qawaagniighsin.

qawaagniighsin	qawaagniigh[to.hunt.for.N][to.search.for.N][to.ask.for.N][to.work.with.N][N→V][V][Intr][Intrg][2Sg]

------------------------
Navek aghulaqsin.

navek	navek

aghulaqsin	aghulaqe[V][Intr][Intrg][2Sg]

------------------------
Tengegkayugmeng nagatestaak.

tengegkayugmeng	tengegkayug[N][Rel][4DuPoss][SgPosd]
tengegkayugmeng	tengegkayug[N][Rel][4DuPoss][PlPosd]
tengegkayugmeng	tengegkayug[N][Rel][4PlPoss][SgPosd]
tengegkayugmeng	tengegkayug[N][Rel][4PlPoss][PlPosd]
tengegkayugmeng	tengegkayug[N][Abl_Mod][Unpd][Sg]

nagatestaak	nagate[V][Intr][Intrg][2Du]

------------------------
Esghaghsiki Quyillgaat.

esghaghsiki	esghagh[V][Trns][Intrg][2Sg][3Pl]

quyillgaat	+?

------------------------
Qakun igleghlleqestung.

qakun	qakun

igleghlleqestung	igleghte-@₁lleqe[will.V][V→V][V][Intr][Intrg][1Du]

------------------------
Kinanguzin.

kinanguzin	kina-~:(ng₁)u[to.be.N][N→V][V][Intr][Intrg][2Sg]

------------------------
Kinkungutsi.

kinkungutsi	kinku-~:(ng₁)u[to.be.N][N→V][V][Intr][Intrg][2Pl]

------------------------
Naken inghuziki pagunghaat.

naken	naken
naken	nakete[N][Abs][Unpd][Sg]

inghuziki	inghu[V][Trns][Intrg][2Sg][3Pl]

pagunghaat	pagunghagh*[N][Abs][Unpd][Pl]
pagunghaat	pagunghagh*[N][Abs][3PlPoss][SgPosd]
pagunghaat	pagunghagh*[N][Rel][Unpd][Pl]

------------------------
Sangan aallgetsi.

sangan	sa[N][Rel][3SgPoss][SgPosd]
sangan	sa[N][Rel][3SgPoss][PlPosd]
sangan	sa[V][Intr][CnsqI][3Sg]
sangan	sangagh[N][Abs][2SgPoss][SgPosd]
sangan	sangan
sangan	sangate[N][Abs][Unpd][Sg]

aallgetsi	alleg[V][Intr][Intrg][2Pl]

------------------------
Sangan qulmesiitka tuguzigu.

sangan	sa[N][Rel][3SgPoss][SgPosd]
sangan	sa[N][Rel][3SgPoss][PlPosd]
sangan	sa[V][Intr][CnsqI][3Sg]
sangan	sangagh[N][Abs][2SgPoss][SgPosd]
sangan	sangan
sangan	sangate[N][Abs][Unpd][Sg]

qulmesiitka	qulmesiite-~–ke[to.have.as.one's.N(s)][N→V][V][Intr][Intrg][3Sg]
qulmesiitka	qulmesiite[N][Abs][1SgPoss][SgPosd]

tuguzigu	tugu[V][Trns][Intrg][2Sg][3Sg]

------------------------
Qakun umeglleqsikek qergesek.

qakun	qakun

umeglleqsikek	umeg-te[to.act.on.so.as.to.cause.to.V][V→V]-@₁lleqe[will.V][V→V][V][Trns][Intrg][2Sg][3Du]
umeglleqsikek	umeg-@₁lleqe[will.V][V→V][V][Trns][Intrg][2Sg][3Du]

qergesek	qergese[N][Abs][Unpd][Du]
qergesek	qergese[N][Rel][Unpd][Du]

------------------------
Aghveliighsiin.

aghveliighsiin	aghvegh-–liigh[to.cook.or.prepare.N][N→V][V][Intr][Intrg][2Sg]

------------------------
Angyangllaghyugsiin.

angyangllaghyugsiin	angyagh-–ngllagh[to.make.N][N→V]-@₁~fyug[to.want.to.V][V→V][V][Intr][Intrg][2Sg]
angyangllaghyugsiin	Angyat-–ngllagh[to.make.N][N→V]-@₁~fyug[to.want.to.V][V→V][V][Intr][Intrg][2Sg]

------------------------
Qakun tukfighlleqsikek walguyaagegka.

qakun	qakun

tukfighlleqsikek	tukfigh-te[to.act.on.so.as.to.cause.to.V][V→V]-@₁lleqe[will.V][V→V][V][Trns][Intrg][2Sg][3Du]
tukfighlleqsikek	tukfigh-@₁lleqe[will.V][V→V][V][Trns][Intrg][2Sg][3Du]

walguyaagegka	walguyaag[N][Abs][1SgPoss][DuPosd]

------------------------
Qikmighllalguziin.

qikmighllalguziin	qikmigh-–ghllag[big.N][N→N]-–leg[one.having.N][N→N]-~:(ng₁)u[to.be.N][N→V][V][Intr][Intrg][2Sg]
qikmighllalguziin	qikmigh-–ghllag[big.N][N→N]-–lgu[to.have.N][N→V][V][Intr][Intrg][2Sg]

------------------------
Naken ukigestek.

naken	naken
naken	nakete[N][Abs][Unpd][Sg]

ukigestek	ukig[V][Intr][Intrg][2Du]

------------------------
Navek mayughestek.

navek	navek

mayughestek	mayugh[V][Intr][Intrg][2Du]

------------------------
Nani esghaghsigu kaviighem riigtenga.

nani	nani
nani	nani[N][Abs][Unpd][Sg]

esghaghsigu	esghagh[V][Trns][Intrg][2Sg][3Sg]

kaviighem	kaviigh[N][Rel][Unpd][Sg]

riigtenga	riigte[N][Abs][3SgPoss][SgPosd]

------------------------
Sangita nalluksiki taghnughhaghma aatghit.

sangita	sa-~:(ng₁)ite**[to.lack.N][to.not.have.N][N→V][V][Intr][Intrg][3Sg]
sangita	sa[N][Rel][3DuPoss][SgPosd]
sangita	sa[N][Rel][3DuPoss][PlPosd]
sangita	sa[N][Rel][3PlPoss][SgPosd]
sangita	sa[N][Rel][3PlPoss][PlPosd]

nalluksiki	nalluke[V][Trns][Intrg][2Sg][3Pl]

taghnughhaghma	taghnughhagh*[N][Rel][1SgPoss][SgPosd]
taghnughhaghma	taghnughhagh*[N][Rel][1SgPoss][PlPosd]

aatghit	ategh[N][Abs][3PlPoss][PlPosd]
aatghit	Ategh[N][Abs][3PlPoss][PlPosd]

------------------------
Nani qavaghestek ighivgaq.

nani	nani
nani	nani[N][Abs][Unpd][Sg]

qavaghestek	qavagh[V][Intr][Intrg][2Du]

ighivgaq	ighivgagh

------------------------
Navek llinaqsigu neqeka.

navek	navek

llinaqsigu	lli-@₁~fnaqe[to.be.going.to.V][V→V][V][Trns][Intrg][2Sg][3Sg]
llinaqsigu	lli-~:(u)te[to.V.for.or.with][to.cause.to.V.as.one.is.V-ing][to.V.toward.each.other][V→V]-@₁~fnaqe[to.be.going.to.V][V→V][V][Trns][Intrg][2Sg][3Sg]

neqeka	+?

------------------------
Qavngaq laalighsigu apeghtughisten.

qavngaq	qavngaq

laalighsigu	laag-–ligh[to.provide.with.N][N→V][V][Trns][Intrg][2Sg][3Sg]
laalighsigu	laagh-–ligh[to.provide.with.N][N→V][V][Trns][Intrg][2Sg][3Sg]

apeghtughisten	apeghtughiste[N][Abs][2SgPoss][SgPosd]

------------------------
Sangavek kaanneghisin ighivgaq.

sangavek	sa[V][Intr][CnsqI][2Sg]

kaanneghisin	kaate-@₁–nghite**[to.not.V][V→V][V][Intr][Intrg][2Sg]

ighivgaq	ighivgagh

------------------------
Qafsinaneng nanumeng esghaatetsi.

qafsinaneng	qafsina[N][Abl_Mod][Unpd][Pl]

nanumeng	nanugh[N][Rel][4DuPoss][SgPosd]
nanumeng	nanugh[N][Rel][4DuPoss][PlPosd]
nanumeng	nanugh[N][Rel][4PlPoss][SgPosd]
nanumeng	nanugh[N][Rel][4PlPoss][PlPosd]
nanumeng	nanugh[N][Abl_Mod][Unpd][Sg]

esghaatetsi	esghaate[V][Intr][Intrg][2Pl]
esghaatetsi	esghagh-~:(u)te[SBJ.V-ed.something][V→V][V][Intr][Intrg][2Pl]

------------------------
Qakun kayusighlleqsinga.

qakun	qakun

kayusighlleqsinga	kayusigh-te[to.act.on.so.as.to.cause.to.V][V→V]-@₁lleqe[will.V][V→V][V][Trns][Intrg][2Sg][1Sg]
kayusighlleqsinga	kayusigh-@₁lleqe[will.V][V→V][V][Trns][Intrg][2Sg][1Sg]

------------------------
