Tallimat Ngelqat

ngelqat	ngelqagh[N][Abs][Unpd][Pl]
ngelqat	ngelqagh[N][Rel][Unpd][Pl]

------------------------


	

------------------------
Kiyaghsimalghiik yugenkuk nulighqullghiik.

kiyaghsimalghiik	kiyaghte-@₁~:(i/u)ma[V→V]-@₁–lghii[V→N][N][Abs][Unpd][Du]
kiyaghsimalghiik	kiyaghte-@₁~:(i/u)ma[V→V]-@₁–lghii[V→N][N][Rel][Unpd][Du]
kiyaghsimalghiik	kiyaghte-@₁~:(i/u)ma[V→V][V][Intr][Ptcp][3Du]
kiyaghsimalghiik	kiyaghte-@₁~:(i/u)magh[V→V]-@₁–lghii[V→N][N][Abs][Unpd][Du]
kiyaghsimalghiik	kiyaghte-@₁~:(i/u)magh[V→V]-@₁–lghii[V→N][N][Rel][Unpd][Du]
kiyaghsimalghiik	kiyaghte-@₁~:(i/u)magh[V→V][V][Intr][Ptcp][3Du]

yugenkuk	yu(u)g-~sf-w:(e)nkuk[N→N][N][Abs][Unpd][Sg]
yugenkuk	yug-~sf-w:(e)nkuk[N→N][N][Abs][Unpd][Sg]

nulighqullghiik	ne-te[N→V]-@₁~:(u)n[V→N]-–li[N→V]-@₁~:(u)n[V→N]-–ghqe[N→V]-@₁~:(u)te[V→V]-@₁–lghii[V→N][N][Abs][Unpd][Du]
nulighqullghiik	ne-te[N→V]-@₁~:(u)n[V→N]-–li[N→V]-@₁~:(u)n[V→N]-–ghqe[N→V]-@₁~:(u)te[V→V]-@₁–lghii[V→N][N][Rel][Unpd][Du]
nulighqullghiik	ne-te[N→V]-@₁~:(u)n[V→N]-–li[N→V]-@₁~:(u)n[V→N]-–ghqe[N→V]-@₁~:(u)te[V→V][V][Intr][Ptcp][3Du]
nulighqullghiik	ne-te[N→V]-@₁~:(u)n[V→N]-–li[N→V]-@₁~:(u)n[V→N]-–ghqe[N→V]-te[V→V]-@₁~:(u)te[V→V]-@₁–lghii[V→N][N][Abs][Unpd][Du]
nulighqullghiik	ne-te[N→V]-@₁~:(u)n[V→N]-–li[N→V]-@₁~:(u)n[V→N]-–ghqe[N→V]-te[V→V]-@₁~:(u)te[V→V]-@₁–lghii[V→N][N][Rel][Unpd][Du]
nulighqullghiik	ne-te[N→V]-@₁~:(u)n[V→N]-–li[N→V]-@₁~:(u)n[V→N]-–ghqe[N→V]-te[V→V]-@₁~:(u)te[V→V][V][Intr][Ptcp][3Du]
nulighqullghiik	ne-te[N→V]-@₁~:(u)n[V→N]-–li[N→V]-@₁~:(u)n[V→N]-–ghqe[N→V]-~:(u)te[V→V]-@₁–lghii[V→N][N][Abs][Unpd][Du]
nulighqullghiik	ne-te[N→V]-@₁~:(u)n[V→N]-–li[N→V]-@₁~:(u)n[V→N]-–ghqe[N→V]-~:(u)te[V→V]-@₁–lghii[V→N][N][Rel][Unpd][Du]
nulighqullghiik	ne-te[N→V]-@₁~:(u)n[V→N]-–li[N→V]-@₁~:(u)n[V→N]-–ghqe[N→V]-~:(u)te[V→V][V][Intr][Ptcp][3Du]
nulighqullghiik	ne-te[N→V]-@₁~:(u)n[V→N]-–li[N→V]-@₁~:(u)n[V→N]-–ghqe[N→V]-~:(u)te[V→N]-te[N→V]-@₁–lghii[V→N][N][Abs][Unpd][Du]
nulighqullghiik	ne-te[N→V]-@₁~:(u)n[V→N]-–li[N→V]-@₁~:(u)n[V→N]-–ghqe[N→V]-~:(u)te[V→N]-te[N→V]-@₁–lghii[V→N][N][Rel][Unpd][Du]
nulighqullghiik	ne-te[N→V]-@₁~:(u)n[V→N]-–li[N→V]-@₁~:(u)n[V→N]-–ghqe[N→V]-~:(u)te[V→N]-te[N→V]-te[V→V]-@₁–lghii[V→N][N][Abs][Unpd][Du]
nulighqullghiik	ne-te[N→V]-@₁~:(u)n[V→N]-–li[N→V]-@₁~:(u)n[V→N]-–ghqe[N→V]-~:(u)te[V→N]-te[N→V]-te[V→V]-@₁–lghii[V→N][N][Rel][Unpd][Du]
nulighqullghiik	ne-te[N→V]-@₁~:(u)n[V→N]-–li[N→V]-@₁~:(u)n[V→N]-–ghqe[N→V]-~:(u)te[V→N]-te[N→V]-te[V→V][V][Intr][Ptcp][3Du]
nulighqullghiik	ne-te[N→V]-@₁~:(u)n[V→N]-–li[N→V]-@₁~:(u)n[V→N]-–ghqe[N→V]-~:(u)te[V→N]-te[N→V][V][Intr][Ptcp][3Du]
nulighqullghiik	ne-te[N→V]-@₁~:(u)n[V→N]-–li[N→V]-@₁~:(u)n[V→N]-–ghqu[N→V]-@₁~:(u)te[V→V]-@₁–lghii[V→N][N][Abs][Unpd][Du]
nulighqullghiik	ne-te[N→V]-@₁~:(u)n[V→N]-–li[N→V]-@₁~:(u)n[V→N]-–ghqu[N→V]-@₁~:(u)te[V→V]-@₁–lghii[V→N][N][Rel][Unpd][Du]
nulighqullghiik	ne-te[N→V]-@₁~:(u)n[V→N]-–li[N→V]-@₁~:(u)n[V→N]-–ghqu[N→V]-@₁~:(u)te[V→V][V][Intr][Ptcp][3Du]
nulighqullghiik	ne-te[N→V]-@₁~:(u)n[V→N]-–li[N→V]-@₁~:(u)n[V→N]-–ghqu[N→V]-te[V→V]-@₁–lghii[V→N][N][Abs][Unpd][Du]
nulighqullghiik	ne-te[N→V]-@₁~:(u)n[V→N]-–li[N→V]-@₁~:(u)n[V→N]-–ghqu[N→V]-te[V→V]-@₁–lghii[V→N][N][Rel][Unpd][Du]
nulighqullghiik	ne-te[N→V]-@₁~:(u)n[V→N]-–li[N→V]-@₁~:(u)n[V→N]-–ghqu[N→V]-te[V→V][V][Intr][Ptcp][3Du]
nulighqullghiik	ne-te[N→V]-@₁~:(u)n[V→N]-–li[N→V]-@₁~:(u)n[V→N]-–ghqu[N→V]-~:(u)te[V→V]-@₁–lghii[V→N][N][Abs][Unpd][Du]
nulighqullghiik	ne-te[N→V]-@₁~:(u)n[V→N]-–li[N→V]-@₁~:(u)n[V→N]-–ghqu[N→V]-~:(u)te[V→V]-@₁–lghii[V→N][N][Rel][Unpd][Du]
nulighqullghiik	ne-te[N→V]-@₁~:(u)n[V→N]-–li[N→V]-@₁~:(u)n[V→N]-–ghqu[N→V]-~:(u)te[V→V][V][Intr][Ptcp][3Du]
nulighqullghiik	ne-te[N→V]-@₁~:(u)n[V→N]-–li[N→V]-@₁~:(u)n[V→N]-–ghqu[N→V]-~:(u)te[V→N]-te[N→V]-@₁–lghii[V→N][N][Abs][Unpd][Du]
nulighqullghiik	ne-te[N→V]-@₁~:(u)n[V→N]-–li[N→V]-@₁~:(u)n[V→N]-–ghqu[N→V]-~:(u)te[V→N]-te[N→V]-@₁–lghii[V→N][N][Rel][Unpd][Du]
nulighqullghiik	ne-te[N→V]-@₁~:(u)n[V→N]-–li[N→V]-@₁~:(u)n[V→N]-–ghqu[N→V]-~:(u)te[V→N]-te[N→V]-te[V→V]-@₁–lghii[V→N][N][Abs][Unpd][Du]
nulighqullghiik	ne-te[N→V]-@₁~:(u)n[V→N]-–li[N→V]-@₁~:(u)n[V→N]-–ghqu[N→V]-~:(u)te[V→N]-te[N→V]-te[V→V]-@₁–lghii[V→N][N][Rel][Unpd][Du]
nulighqullghiik	ne-te[N→V]-@₁~:(u)n[V→N]-–li[N→V]-@₁~:(u)n[V→N]-–ghqu[N→V]-~:(u)te[V→N]-te[N→V]-te[V→V][V][Intr][Ptcp][3Du]
nulighqullghiik	ne-te[N→V]-@₁~:(u)n[V→N]-–li[N→V]-@₁~:(u)n[V→N]-–ghqu[N→V]-~:(u)te[V→N]-te[N→V][V][Intr][Ptcp][3Du]
nulighqullghiik	ne-te[N→V]-@₁~:(u)n[V→N]-–li[N→V]-–ghqe[V→V]-@₁~:(u)te[V→V]-@₁–lghii[V→N][N][Abs][Unpd][Du]
nulighqullghiik	ne-te[N→V]-@₁~:(u)n[V→N]-–li[N→V]-–ghqe[V→V]-@₁~:(u)te[V→V]-@₁–lghii[V→N][N][Rel][Unpd][Du]
nulighqullghiik	ne-te[N→V]-@₁~:(u)n[V→N]-–li[N→V]-–ghqe[V→V]-@₁~:(u)te[V→V][V][Intr][Ptcp][3Du]
nulighqullghiik	ne-te[N→V]-@₁~:(u)n[V→N]-–li[N→V]-–ghqe[V→V]-te[V→V]-@₁~:(u)te[V→V]-@₁–lghii[V→N][N][Abs][Unpd][Du]
nulighqullghiik	ne-te[N→V]-@₁~:(u)n[V→N]-–li[N→V]-–ghqe[V→V]-te[V→V]-@₁~:(u)te[V→V]-@₁–lghii[V→N][N][Rel][Unpd][Du]
nulighqullghiik	ne-te[N→V]-@₁~:(u)n[V→N]-–li[N→V]-–ghqe[V→V]-te[V→V]-@₁~:(u)te[V→V][V][Intr][Ptcp][3Du]
nulighqullghiik	ne-te[N→V]-@₁~:(u)n[V→N]-–li[N→V]-–ghqe[V→V]-~:(u)te[V→V]-@₁–lghii[V→N][N][Abs][Unpd][Du]
nulighqullghiik	ne-te[N→V]-@₁~:(u)n[V→N]-–li[N→V]-–ghqe[V→V]-~:(u)te[V→V]-@₁–lghii[V→N][N][Rel][Unpd][Du]
nulighqullghiik	ne-te[N→V]-@₁~:(u)n[V→N]-–li[N→V]-–ghqe[V→V]-~:(u)te[V→V][V][Intr][Ptcp][3Du]
nulighqullghiik	ne-te[N→V]-@₁~:(u)n[V→N]-–li[N→V]-–ghqe[V→V]-~:(u)te[V→N]-te[N→V]-@₁–lghii[V→N][N][Abs][Unpd][Du]
nulighqullghiik	ne-te[N→V]-@₁~:(u)n[V→N]-–li[N→V]-–ghqe[V→V]-~:(u)te[V→N]-te[N→V]-@₁–lghii[V→N][N][Rel][Unpd][Du]
nulighqullghiik	ne-te[N→V]-@₁~:(u)n[V→N]-–li[N→V]-–ghqe[V→V]-~:(u)te[V→N]-te[N→V]-te[V→V]-@₁–lghii[V→N][N][Abs][Unpd][Du]
nulighqullghiik	ne-te[N→V]-@₁~:(u)n[V→N]-–li[N→V]-–ghqe[V→V]-~:(u)te[V→N]-te[N→V]-te[V→V]-@₁–lghii[V→N][N][Rel][Unpd][Du]
nulighqullghiik	ne-te[N→V]-@₁~:(u)n[V→N]-–li[N→V]-–ghqe[V→V]-~:(u)te[V→N]-te[N→V]-te[V→V][V][Intr][Ptcp][3Du]
nulighqullghiik	ne-te[N→V]-@₁~:(u)n[V→N]-–li[N→V]-–ghqe[V→V]-~:(u)te[V→N]-te[N→V][V][Intr][Ptcp][3Du]
nulighqullghiik	ne-te[N→V]-@₁~:(u)n[V→N]-–ligh[N→V]-–ghqe[V→V]-@₁~:(u)te[V→V]-@₁–lghii[V→N][N][Abs][Unpd][Du]
nulighqullghiik	ne-te[N→V]-@₁~:(u)n[V→N]-–ligh[N→V]-–ghqe[V→V]-@₁~:(u)te[V→V]-@₁–lghii[V→N][N][Rel][Unpd][Du]
nulighqullghiik	ne-te[N→V]-@₁~:(u)n[V→N]-–ligh[N→V]-–ghqe[V→V]-@₁~:(u)te[V→V][V][Intr][Ptcp][3Du]
nulighqullghiik	ne-te[N→V]-@₁~:(u)n[V→N]-–ligh[N→V]-–ghqe[V→V]-te[V→V]-@₁~:(u)te[V→V]-@₁–lghii[V→N][N][Abs][Unpd][Du]
nulighqullghiik	ne-te[N→V]-@₁~:(u)n[V→N]-–ligh[N→V]-–ghqe[V→V]-te[V→V]-@₁~:(u)te[V→V]-@₁–lghii[V→N][N][Rel][Unpd][Du]
nulighqullghiik	ne-te[N→V]-@₁~:(u)n[V→N]-–ligh[N→V]-–ghqe[V→V]-te[V→V]-@₁~:(u)te[V→V][V][Intr][Ptcp][3Du]
nulighqullghiik	ne-te[N→V]-@₁~:(u)n[V→N]-–ligh[N→V]-–ghqe[V→V]-~:(u)te[V→V]-@₁–lghii[V→N][N][Abs][Unpd][Du]
nulighqullghiik	ne-te[N→V]-@₁~:(u)n[V→N]-–ligh[N→V]-–ghqe[V→V]-~:(u)te[V→V]-@₁–lghii[V→N][N][Rel][Unpd][Du]
nulighqullghiik	ne-te[N→V]-@₁~:(u)n[V→N]-–ligh[N→V]-–ghqe[V→V]-~:(u)te[V→V][V][Intr][Ptcp][3Du]
nulighqullghiik	ne-te[N→V]-@₁~:(u)n[V→N]-–ligh[N→V]-–ghqe[V→V]-~:(u)te[V→N]-te[N→V]-@₁–lghii[V→N][N][Abs][Unpd][Du]
nulighqullghiik	ne-te[N→V]-@₁~:(u)n[V→N]-–ligh[N→V]-–ghqe[V→V]-~:(u)te[V→N]-te[N→V]-@₁–lghii[V→N][N][Rel][Unpd][Du]
nulighqullghiik	ne-te[N→V]-@₁~:(u)n[V→N]-–ligh[N→V]-–ghqe[V→V]-~:(u)te[V→N]-te[N→V]-te[V→V]-@₁–lghii[V→N][N][Abs][Unpd][Du]
nulighqullghiik	ne-te[N→V]-@₁~:(u)n[V→N]-–ligh[N→V]-–ghqe[V→V]-~:(u)te[V→N]-te[N→V]-te[V→V]-@₁–lghii[V→N][N][Rel][Unpd][Du]
nulighqullghiik	ne-te[N→V]-@₁~:(u)n[V→N]-–ligh[N→V]-–ghqe[V→V]-~:(u)te[V→N]-te[N→V]-te[V→V][V][Intr][Ptcp][3Du]
nulighqullghiik	ne-te[N→V]-@₁~:(u)n[V→N]-–ligh[N→V]-–ghqe[V→V]-~:(u)te[V→N]-te[N→V][V][Intr][Ptcp][3Du]
nulighqullghiik	nulugh-––i[N→V]-@₁~:(u)n[V→N]-–ghqe[N→V]-@₁~:(u)te[V→V]-@₁–lghii[V→N][N][Abs][Unpd][Du]
nulighqullghiik	nulugh-––i[N→V]-@₁~:(u)n[V→N]-–ghqe[N→V]-@₁~:(u)te[V→V]-@₁–lghii[V→N][N][Rel][Unpd][Du]
nulighqullghiik	nulugh-––i[N→V]-@₁~:(u)n[V→N]-–ghqe[N→V]-@₁~:(u)te[V→V][V][Intr][Ptcp][3Du]
nulighqullghiik	nulugh-––i[N→V]-@₁~:(u)n[V→N]-–ghqe[N→V]-te[V→V]-@₁~:(u)te[V→V]-@₁–lghii[V→N][N][Abs][Unpd][Du]
nulighqullghiik	nulugh-––i[N→V]-@₁~:(u)n[V→N]-–ghqe[N→V]-te[V→V]-@₁~:(u)te[V→V]-@₁–lghii[V→N][N][Rel][Unpd][Du]
nulighqullghiik	nulugh-––i[N→V]-@₁~:(u)n[V→N]-–ghqe[N→V]-te[V→V]-@₁~:(u)te[V→V][V][Intr][Ptcp][3Du]
nulighqullghiik	nulugh-––i[N→V]-@₁~:(u)n[V→N]-–ghqe[N→V]-~:(u)te[V→V]-@₁–lghii[V→N][N][Abs][Unpd][Du]
nulighqullghiik	nulugh-––i[N→V]-@₁~:(u)n[V→N]-–ghqe[N→V]-~:(u)te[V→V]-@₁–lghii[V→N][N][Rel][Unpd][Du]
nulighqullghiik	nulugh-––i[N→V]-@₁~:(u)n[V→N]-–ghqe[N→V]-~:(u)te[V→V][V][Intr][Ptcp][3Du]
nulighqullghiik	nulugh-––i[N→V]-@₁~:(u)n[V→N]-–ghqe[N→V]-~:(u)te[V→N]-te[N→V]-@₁–lghii[V→N][N][Abs][Unpd][Du]
nulighqullghiik	nulugh-––i[N→V]-@₁~:(u)n[V→N]-–ghqe[N→V]-~:(u)te[V→N]-te[N→V]-@₁–lghii[V→N][N][Rel][Unpd][Du]
nulighqullghiik	nulugh-––i[N→V]-@₁~:(u)n[V→N]-–ghqe[N→V]-~:(u)te[V→N]-te[N→V]-te[V→V]-@₁–lghii[V→N][N][Abs][Unpd][Du]
nulighqullghiik	nulugh-––i[N→V]-@₁~:(u)n[V→N]-–ghqe[N→V]-~:(u)te[V→N]-te[N→V]-te[V→V]-@₁–lghii[V→N][N][Rel][Unpd][Du]
nulighqullghiik	nulugh-––i[N→V]-@₁~:(u)n[V→N]-–ghqe[N→V]-~:(u)te[V→N]-te[N→V]-te[V→V][V][Intr][Ptcp][3Du]
nulighqullghiik	nulugh-––i[N→V]-@₁~:(u)n[V→N]-–ghqe[N→V]-~:(u)te[V→N]-te[N→V][V][Intr][Ptcp][3Du]
nulighqullghiik	nulugh-––i[N→V]-@₁~:(u)n[V→N]-–ghqu[N→V]-@₁~:(u)te[V→V]-@₁–lghii[V→N][N][Abs][Unpd][Du]
nulighqullghiik	nulugh-––i[N→V]-@₁~:(u)n[V→N]-–ghqu[N→V]-@₁~:(u)te[V→V]-@₁–lghii[V→N][N][Rel][Unpd][Du]
nulighqullghiik	nulugh-––i[N→V]-@₁~:(u)n[V→N]-–ghqu[N→V]-@₁~:(u)te[V→V][V][Intr][Ptcp][3Du]
nulighqullghiik	nulugh-––i[N→V]-@₁~:(u)n[V→N]-–ghqu[N→V]-te[V→V]-@₁–lghii[V→N][N][Abs][Unpd][Du]
nulighqullghiik	nulugh-––i[N→V]-@₁~:(u)n[V→N]-–ghqu[N→V]-te[V→V]-@₁–lghii[V→N][N][Rel][Unpd][Du]
nulighqullghiik	nulugh-––i[N→V]-@₁~:(u)n[V→N]-–ghqu[N→V]-te[V→V][V][Intr][Ptcp][3Du]
nulighqullghiik	nulugh-––i[N→V]-@₁~:(u)n[V→N]-–ghqu[N→V]-~:(u)te[V→V]-@₁–lghii[V→N][N][Abs][Unpd][Du]
nulighqullghiik	nulugh-––i[N→V]-@₁~:(u)n[V→N]-–ghqu[N→V]-~:(u)te[V→V]-@₁–lghii[V→N][N][Rel][Unpd][Du]
nulighqullghiik	nulugh-––i[N→V]-@₁~:(u)n[V→N]-–ghqu[N→V]-~:(u)te[V→V][V][Intr][Ptcp][3Du]
nulighqullghiik	nulugh-––i[N→V]-@₁~:(u)n[V→N]-–ghqu[N→V]-~:(u)te[V→N]-te[N→V]-@₁–lghii[V→N][N][Abs][Unpd][Du]
nulighqullghiik	nulugh-––i[N→V]-@₁~:(u)n[V→N]-–ghqu[N→V]-~:(u)te[V→N]-te[N→V]-@₁–lghii[V→N][N][Rel][Unpd][Du]
nulighqullghiik	nulugh-––i[N→V]-@₁~:(u)n[V→N]-–ghqu[N→V]-~:(u)te[V→N]-te[N→V]-te[V→V]-@₁–lghii[V→N][N][Abs][Unpd][Du]
nulighqullghiik	nulugh-––i[N→V]-@₁~:(u)n[V→N]-–ghqu[N→V]-~:(u)te[V→N]-te[N→V]-te[V→V]-@₁–lghii[V→N][N][Rel][Unpd][Du]
nulighqullghiik	nulugh-––i[N→V]-@₁~:(u)n[V→N]-–ghqu[N→V]-~:(u)te[V→N]-te[N→V]-te[V→V][V][Intr][Ptcp][3Du]
nulighqullghiik	nulugh-––i[N→V]-@₁~:(u)n[V→N]-–ghqu[N→V]-~:(u)te[V→N]-te[N→V][V][Intr][Ptcp][3Du]
nulighqullghiik	nulugh-––i[N→V]-–ghqe[V→V]-@₁~:(u)te[V→V]-@₁–lghii[V→N][N][Abs][Unpd][Du]
nulighqullghiik	nulugh-––i[N→V]-–ghqe[V→V]-@₁~:(u)te[V→V]-@₁–lghii[V→N][N][Rel][Unpd][Du]
nulighqullghiik	nulugh-––i[N→V]-–ghqe[V→V]-@₁~:(u)te[V→V][V][Intr][Ptcp][3Du]
nulighqullghiik	nulugh-––i[N→V]-–ghqe[V→V]-te[V→V]-@₁~:(u)te[V→V]-@₁–lghii[V→N][N][Abs][Unpd][Du]
nulighqullghiik	nulugh-––i[N→V]-–ghqe[V→V]-te[V→V]-@₁~:(u)te[V→V]-@₁–lghii[V→N][N][Rel][Unpd][Du]
nulighqullghiik	nulugh-––i[N→V]-–ghqe[V→V]-te[V→V]-@₁~:(u)te[V→V][V][Intr][Ptcp][3Du]
nulighqullghiik	nulugh-––i[N→V]-–ghqe[V→V]-~:(u)te[V→V]-@₁–lghii[V→N][N][Abs][Unpd][Du]
nulighqullghiik	nulugh-––i[N→V]-–ghqe[V→V]-~:(u)te[V→V]-@₁–lghii[V→N][N][Rel][Unpd][Du]
nulighqullghiik	nulugh-––i[N→V]-–ghqe[V→V]-~:(u)te[V→V][V][Intr][Ptcp][3Du]
nulighqullghiik	nulugh-––i[N→V]-–ghqe[V→V]-~:(u)te[V→N]-te[N→V]-@₁–lghii[V→N][N][Abs][Unpd][Du]
nulighqullghiik	nulugh-––i[N→V]-–ghqe[V→V]-~:(u)te[V→N]-te[N→V]-@₁–lghii[V→N][N][Rel][Unpd][Du]
nulighqullghiik	nulugh-––i[N→V]-–ghqe[V→V]-~:(u)te[V→N]-te[N→V]-te[V→V]-@₁–lghii[V→N][N][Abs][Unpd][Du]
nulighqullghiik	nulugh-––i[N→V]-–ghqe[V→V]-~:(u)te[V→N]-te[N→V]-te[V→V]-@₁–lghii[V→N][N][Rel][Unpd][Du]
nulighqullghiik	nulugh-––i[N→V]-–ghqe[V→V]-~:(u)te[V→N]-te[N→V]-te[V→V][V][Intr][Ptcp][3Du]
nulighqullghiik	nulugh-––i[N→V]-–ghqe[V→V]-~:(u)te[V→N]-te[N→V][V][Intr][Ptcp][3Du]
nulighqullghiik	nulugh-––igh[N→V]-–ghqe[V→V]-@₁~:(u)te[V→V]-@₁–lghii[V→N][N][Abs][Unpd][Du]
nulighqullghiik	nulugh-––igh[N→V]-–ghqe[V→V]-@₁~:(u)te[V→V]-@₁–lghii[V→N][N][Rel][Unpd][Du]
nulighqullghiik	nulugh-––igh[N→V]-–ghqe[V→V]-@₁~:(u)te[V→V][V][Intr][Ptcp][3Du]
nulighqullghiik	nulugh-––igh[N→V]-–ghqe[V→V]-te[V→V]-@₁~:(u)te[V→V]-@₁–lghii[V→N][N][Abs][Unpd][Du]
nulighqullghiik	nulugh-––igh[N→V]-–ghqe[V→V]-te[V→V]-@₁~:(u)te[V→V]-@₁–lghii[V→N][N][Rel][Unpd][Du]
nulighqullghiik	nulugh-––igh[N→V]-–ghqe[V→V]-te[V→V]-@₁~:(u)te[V→V][V][Intr][Ptcp][3Du]
nulighqullghiik	nulugh-––igh[N→V]-–ghqe[V→V]-~:(u)te[V→V]-@₁–lghii[V→N][N][Abs][Unpd][Du]
nulighqullghiik	nulugh-––igh[N→V]-–ghqe[V→V]-~:(u)te[V→V]-@₁–lghii[V→N][N][Rel][Unpd][Du]
nulighqullghiik	nulugh-––igh[N→V]-–ghqe[V→V]-~:(u)te[V→V][V][Intr][Ptcp][3Du]
nulighqullghiik	nulugh-––igh[N→V]-–ghqe[V→V]-~:(u)te[V→N]-te[N→V]-@₁–lghii[V→N][N][Abs][Unpd][Du]
nulighqullghiik	nulugh-––igh[N→V]-–ghqe[V→V]-~:(u)te[V→N]-te[N→V]-@₁–lghii[V→N][N][Rel][Unpd][Du]
nulighqullghiik	nulugh-––igh[N→V]-–ghqe[V→V]-~:(u)te[V→N]-te[N→V]-te[V→V]-@₁–lghii[V→N][N][Abs][Unpd][Du]
nulighqullghiik	nulugh-––igh[N→V]-–ghqe[V→V]-~:(u)te[V→N]-te[N→V]-te[V→V]-@₁–lghii[V→N][N][Rel][Unpd][Du]
nulighqullghiik	nulugh-––igh[N→V]-–ghqe[V→V]-~:(u)te[V→N]-te[N→V]-te[V→V][V][Intr][Ptcp][3Du]
nulighqullghiik	nulugh-––igh[N→V]-–ghqe[V→V]-~:(u)te[V→N]-te[N→V][V][Intr][Ptcp][3Du]
nulighqullghiik	nulighh-––i[N→V]-@₁~:(u)n[V→N]-–ghqe[N→V]-@₁~:(u)te[V→V]-@₁–lghii[V→N][N][Abs][Unpd][Du]
nulighqullghiik	nulighh-––i[N→V]-@₁~:(u)n[V→N]-–ghqe[N→V]-@₁~:(u)te[V→V]-@₁–lghii[V→N][N][Rel][Unpd][Du]
nulighqullghiik	nulighh-––i[N→V]-@₁~:(u)n[V→N]-–ghqe[N→V]-@₁~:(u)te[V→V][V][Intr][Ptcp][3Du]
nulighqullghiik	nulighh-––i[N→V]-@₁~:(u)n[V→N]-–ghqe[N→V]-te[V→V]-@₁~:(u)te[V→V]-@₁–lghii[V→N][N][Abs][Unpd][Du]
nulighqullghiik	nulighh-––i[N→V]-@₁~:(u)n[V→N]-–ghqe[N→V]-te[V→V]-@₁~:(u)te[V→V]-@₁–lghii[V→N][N][Rel][Unpd][Du]
nulighqullghiik	nulighh-––i[N→V]-@₁~:(u)n[V→N]-–ghqe[N→V]-te[V→V]-@₁~:(u)te[V→V][V][Intr][Ptcp][3Du]
nulighqullghiik	nulighh-––i[N→V]-@₁~:(u)n[V→N]-–ghqe[N→V]-~:(u)te[V→V]-@₁–lghii[V→N][N][Abs][Unpd][Du]
nulighqullghiik	nulighh-––i[N→V]-@₁~:(u)n[V→N]-–ghqe[N→V]-~:(u)te[V→V]-@₁–lghii[V→N][N][Rel][Unpd][Du]
nulighqullghiik	nulighh-––i[N→V]-@₁~:(u)n[V→N]-–ghqe[N→V]-~:(u)te[V→V][V][Intr][Ptcp][3Du]
nulighqullghiik	nulighh-––i[N→V]-@₁~:(u)n[V→N]-–ghqe[N→V]-~:(u)te[V→N]-te[N→V]-@₁–lghii[V→N][N][Abs][Unpd][Du]
nulighqullghiik	nulighh-––i[N→V]-@₁~:(u)n[V→N]-–ghqe[N→V]-~:(u)te[V→N]-te[N→V]-@₁–lghii[V→N][N][Rel][Unpd][Du]
nulighqullghiik	nulighh-––i[N→V]-@₁~:(u)n[V→N]-–ghqe[N→V]-~:(u)te[V→N]-te[N→V]-te[V→V]-@₁–lghii[V→N][N][Abs][Unpd][Du]
nulighqullghiik	nulighh-––i[N→V]-@₁~:(u)n[V→N]-–ghqe[N→V]-~:(u)te[V→N]-te[N→V]-te[V→V]-@₁–lghii[V→N][N][Rel][Unpd][Du]
nulighqullghiik	nulighh-––i[N→V]-@₁~:(u)n[V→N]-–ghqe[N→V]-~:(u)te[V→N]-te[N→V]-te[V→V][V][Intr][Ptcp][3Du]
nulighqullghiik	nulighh-––i[N→V]-@₁~:(u)n[V→N]-–ghqe[N→V]-~:(u)te[V→N]-te[N→V][V][Intr][Ptcp][3Du]
nulighqullghiik	nulighh-––i[N→V]-@₁~:(u)n[V→N]-–ghqu[N→V]-@₁~:(u)te[V→V]-@₁–lghii[V→N][N][Abs][Unpd][Du]
nulighqullghiik	nulighh-––i[N→V]-@₁~:(u)n[V→N]-–ghqu[N→V]-@₁~:(u)te[V→V]-@₁–lghii[V→N][N][Rel][Unpd][Du]
nulighqullghiik	nulighh-––i[N→V]-@₁~:(u)n[V→N]-–ghqu[N→V]-@₁~:(u)te[V→V][V][Intr][Ptcp][3Du]
nulighqullghiik	nulighh-––i[N→V]-@₁~:(u)n[V→N]-–ghqu[N→V]-te[V→V]-@₁–lghii[V→N][N][Abs][Unpd][Du]
nulighqullghiik	nulighh-––i[N→V]-@₁~:(u)n[V→N]-–ghqu[N→V]-te[V→V]-@₁–lghii[V→N][N][Rel][Unpd][Du]
nulighqullghiik	nulighh-––i[N→V]-@₁~:(u)n[V→N]-–ghqu[N→V]-te[V→V][V][Intr][Ptcp][3Du]
nulighqullghiik	nulighh-––i[N→V]-@₁~:(u)n[V→N]-–ghqu[N→V]-~:(u)te[V→V]-@₁–lghii[V→N][N][Abs][Unpd][Du]
nulighqullghiik	nulighh-––i[N→V]-@₁~:(u)n[V→N]-–ghqu[N→V]-~:(u)te[V→V]-@₁–lghii[V→N][N][Rel][Unpd][Du]
nulighqullghiik	nulighh-––i[N→V]-@₁~:(u)n[V→N]-–ghqu[N→V]-~:(u)te[V→V][V][Intr][Ptcp][3Du]
nulighqullghiik	nulighh-––i[N→V]-@₁~:(u)n[V→N]-–ghqu[N→V]-~:(u)te[V→N]-te[N→V]-@₁–lghii[V→N][N][Abs][Unpd][Du]
nulighqullghiik	nulighh-––i[N→V]-@₁~:(u)n[V→N]-–ghqu[N→V]-~:(u)te[V→N]-te[N→V]-@₁–lghii[V→N][N][Rel][Unpd][Du]
nulighqullghiik	nulighh-––i[N→V]-@₁~:(u)n[V→N]-–ghqu[N→V]-~:(u)te[V→N]-te[N→V]-te[V→V]-@₁–lghii[V→N][N][Abs][Unpd][Du]
nulighqullghiik	nulighh-––i[N→V]-@₁~:(u)n[V→N]-–ghqu[N→V]-~:(u)te[V→N]-te[N→V]-te[V→V]-@₁–lghii[V→N][N][Rel][Unpd][Du]
nulighqullghiik	nulighh-––i[N→V]-@₁~:(u)n[V→N]-–ghqu[N→V]-~:(u)te[V→N]-te[N→V]-te[V→V][V][Intr][Ptcp][3Du]
nulighqullghiik	nulighh-––i[N→V]-@₁~:(u)n[V→N]-–ghqu[N→V]-~:(u)te[V→N]-te[N→V][V][Intr][Ptcp][3Du]
nulighqullghiik	nulighh-––i[N→V]-–ghqe[V→V]-@₁~:(u)te[V→V]-@₁–lghii[V→N][N][Abs][Unpd][Du]
nulighqullghiik	nulighh-––i[N→V]-–ghqe[V→V]-@₁~:(u)te[V→V]-@₁–lghii[V→N][N][Rel][Unpd][Du]
nulighqullghiik	nulighh-––i[N→V]-–ghqe[V→V]-@₁~:(u)te[V→V][V][Intr][Ptcp][3Du]
nulighqullghiik	nulighh-––i[N→V]-–ghqe[V→V]-te[V→V]-@₁~:(u)te[V→V]-@₁–lghii[V→N][N][Abs][Unpd][Du]
nulighqullghiik	nulighh-––i[N→V]-–ghqe[V→V]-te[V→V]-@₁~:(u)te[V→V]-@₁–lghii[V→N][N][Rel][Unpd][Du]
nulighqullghiik	nulighh-––i[N→V]-–ghqe[V→V]-te[V→V]-@₁~:(u)te[V→V][V][Intr][Ptcp][3Du]
nulighqullghiik	nulighh-––i[N→V]-–ghqe[V→V]-~:(u)te[V→V]-@₁–lghii[V→N][N][Abs][Unpd][Du]
nulighqullghiik	nulighh-––i[N→V]-–ghqe[V→V]-~:(u)te[V→V]-@₁–lghii[V→N][N][Rel][Unpd][Du]
nulighqullghiik	nulighh-––i[N→V]-–ghqe[V→V]-~:(u)te[V→V][V][Intr][Ptcp][3Du]
nulighqullghiik	nulighh-––i[N→V]-–ghqe[V→V]-~:(u)te[V→N]-te[N→V]-@₁–lghii[V→N][N][Abs][Unpd][Du]
nulighqullghiik	nulighh-––i[N→V]-–ghqe[V→V]-~:(u)te[V→N]-te[N→V]-@₁–lghii[V→N][N][Rel][Unpd][Du]
nulighqullghiik	nulighh-––i[N→V]-–ghqe[V→V]-~:(u)te[V→N]-te[N→V]-te[V→V]-@₁–lghii[V→N][N][Abs][Unpd][Du]
nulighqullghiik	nulighh-––i[N→V]-–ghqe[V→V]-~:(u)te[V→N]-te[N→V]-te[V→V]-@₁–lghii[V→N][N][Rel][Unpd][Du]
nulighqullghiik	nulighh-––i[N→V]-–ghqe[V→V]-~:(u)te[V→N]-te[N→V]-te[V→V][V][Intr][Ptcp][3Du]
nulighqullghiik	nulighh-––i[N→V]-–ghqe[V→V]-~:(u)te[V→N]-te[N→V][V][Intr][Ptcp][3Du]
nulighqullghiik	nulighh-––igh[N→V]-–ghqe[V→V]-@₁~:(u)te[V→V]-@₁–lghii[V→N][N][Abs][Unpd][Du]
nulighqullghiik	nulighh-––igh[N→V]-–ghqe[V→V]-@₁~:(u)te[V→V]-@₁–lghii[V→N][N][Rel][Unpd][Du]
nulighqullghiik	nulighh-––igh[N→V]-–ghqe[V→V]-@₁~:(u)te[V→V][V][Intr][Ptcp][3Du]
nulighqullghiik	nulighh-––igh[N→V]-–ghqe[V→V]-te[V→V]-@₁~:(u)te[V→V]-@₁–lghii[V→N][N][Abs][Unpd][Du]
nulighqullghiik	nulighh-––igh[N→V]-–ghqe[V→V]-te[V→V]-@₁~:(u)te[V→V]-@₁–lghii[V→N][N][Rel][Unpd][Du]
nulighqullghiik	nulighh-––igh[N→V]-–ghqe[V→V]-te[V→V]-@₁~:(u)te[V→V][V][Intr][Ptcp][3Du]
nulighqullghiik	nulighh-––igh[N→V]-–ghqe[V→V]-~:(u)te[V→V]-@₁–lghii[V→N][N][Abs][Unpd][Du]
nulighqullghiik	nulighh-––igh[N→V]-–ghqe[V→V]-~:(u)te[V→V]-@₁–lghii[V→N][N][Rel][Unpd][Du]
nulighqullghiik	nulighh-––igh[N→V]-–ghqe[V→V]-~:(u)te[V→V][V][Intr][Ptcp][3Du]
nulighqullghiik	nulighh-––igh[N→V]-–ghqe[V→V]-~:(u)te[V→N]-te[N→V]-@₁–lghii[V→N][N][Abs][Unpd][Du]
nulighqullghiik	nulighh-––igh[N→V]-–ghqe[V→V]-~:(u)te[V→N]-te[N→V]-@₁–lghii[V→N][N][Rel][Unpd][Du]
nulighqullghiik	nulighh-––igh[N→V]-–ghqe[V→V]-~:(u)te[V→N]-te[N→V]-te[V→V]-@₁–lghii[V→N][N][Abs][Unpd][Du]
nulighqullghiik	nulighh-––igh[N→V]-–ghqe[V→V]-~:(u)te[V→N]-te[N→V]-te[V→V]-@₁–lghii[V→N][N][Rel][Unpd][Du]
nulighqullghiik	nulighh-––igh[N→V]-–ghqe[V→V]-~:(u)te[V→N]-te[N→V]-te[V→V][V][Intr][Ptcp][3Du]
nulighqullghiik	nulighh-––igh[N→V]-–ghqe[V→V]-~:(u)te[V→N]-te[N→V][V][Intr][Ptcp][3Du]
nulighqullghiik	nulighh-–ghqe[N→V]-@₁~:(u)te[V→V]-@₁–lghii[V→N][N][Abs][Unpd][Du]
nulighqullghiik	nulighh-–ghqe[N→V]-@₁~:(u)te[V→V]-@₁–lghii[V→N][N][Rel][Unpd][Du]
nulighqullghiik	nulighh-–ghqe[N→V]-@₁~:(u)te[V→V][V][Intr][Ptcp][3Du]
nulighqullghiik	nulighh-–ghqe[N→V]-te[V→V]-@₁~:(u)te[V→V]-@₁–lghii[V→N][N][Abs][Unpd][Du]
nulighqullghiik	nulighh-–ghqe[N→V]-te[V→V]-@₁~:(u)te[V→V]-@₁–lghii[V→N][N][Rel][Unpd][Du]
nulighqullghiik	nulighh-–ghqe[N→V]-te[V→V]-@₁~:(u)te[V→V][V][Intr][Ptcp][3Du]
nulighqullghiik	nulighh-–ghqe[N→V]-~:(u)te[V→V]-@₁–lghii[V→N][N][Abs][Unpd][Du]
nulighqullghiik	nulighh-–ghqe[N→V]-~:(u)te[V→V]-@₁–lghii[V→N][N][Rel][Unpd][Du]
nulighqullghiik	nulighh-–ghqe[N→V]-~:(u)te[V→V][V][Intr][Ptcp][3Du]
nulighqullghiik	nulighh-–ghqe[N→V]-~:(u)te[V→N]-te[N→V]-@₁–lghii[V→N][N][Abs][Unpd][Du]
nulighqullghiik	nulighh-–ghqe[N→V]-~:(u)te[V→N]-te[N→V]-@₁–lghii[V→N][N][Rel][Unpd][Du]
nulighqullghiik	nulighh-–ghqe[N→V]-~:(u)te[V→N]-te[N→V]-te[V→V]-@₁–lghii[V→N][N][Abs][Unpd][Du]
nulighqullghiik	nulighh-–ghqe[N→V]-~:(u)te[V→N]-te[N→V]-te[V→V]-@₁–lghii[V→N][N][Rel][Unpd][Du]
nulighqullghiik	nulighh-–ghqe[N→V]-~:(u)te[V→N]-te[N→V]-te[V→V][V][Intr][Ptcp][3Du]
nulighqullghiik	nulighh-–ghqe[N→V]-~:(u)te[V→N]-te[N→V][V][Intr][Ptcp][3Du]
nulighqullghiik	nulighh-–ghqu[N→V]-@₁~:(u)te[V→V]-@₁–lghii[V→N][N][Abs][Unpd][Du]
nulighqullghiik	nulighh-–ghqu[N→V]-@₁~:(u)te[V→V]-@₁–lghii[V→N][N][Rel][Unpd][Du]
nulighqullghiik	nulighh-–ghqu[N→V]-@₁~:(u)te[V→V][V][Intr][Ptcp][3Du]
nulighqullghiik	nulighh-–ghqu[N→V]-te[V→V]-@₁–lghii[V→N][N][Abs][Unpd][Du]
nulighqullghiik	nulighh-–ghqu[N→V]-te[V→V]-@₁–lghii[V→N][N][Rel][Unpd][Du]
nulighqullghiik	nulighh-–ghqu[N→V]-te[V→V][V][Intr][Ptcp][3Du]
nulighqullghiik	nulighh-–ghqu[N→V]-~:(u)te[V→V]-@₁–lghii[V→N][N][Abs][Unpd][Du]
nulighqullghiik	nulighh-–ghqu[N→V]-~:(u)te[V→V]-@₁–lghii[V→N][N][Rel][Unpd][Du]
nulighqullghiik	nulighh-–ghqu[N→V]-~:(u)te[V→V][V][Intr][Ptcp][3Du]
nulighqullghiik	nulighh-–ghqu[N→V]-~:(u)te[V→N]-te[N→V]-@₁–lghii[V→N][N][Abs][Unpd][Du]
nulighqullghiik	nulighh-–ghqu[N→V]-~:(u)te[V→N]-te[N→V]-@₁–lghii[V→N][N][Rel][Unpd][Du]
nulighqullghiik	nulighh-–ghqu[N→V]-~:(u)te[V→N]-te[N→V]-te[V→V]-@₁–lghii[V→N][N][Abs][Unpd][Du]
nulighqullghiik	nulighh-–ghqu[N→V]-~:(u)te[V→N]-te[N→V]-te[V→V]-@₁–lghii[V→N][N][Rel][Unpd][Du]
nulighqullghiik	nulighh-–ghqu[N→V]-~:(u)te[V→N]-te[N→V]-te[V→V][V][Intr][Ptcp][3Du]
nulighqullghiik	nulighh-–ghqu[N→V]-~:(u)te[V→N]-te[N→V][V][Intr][Ptcp][3Du]
nulighqullghiik	nulighqullghiig[N][Abs][Unpd][Sg]
nulighqullghiik	nulighh-qe[N→V]-@₁~:(u)te[V→V]-@₁–lghii[V→N][N][Abs][Unpd][Du]
nulighqullghiik	nulighh-qe[N→V]-@₁~:(u)te[V→V]-@₁–lghii[V→N][N][Rel][Unpd][Du]
nulighqullghiik	nulighh-qe[N→V]-@₁~:(u)te[V→V][V][Intr][Ptcp][3Du]
nulighqullghiik	nulighh-qe[N→V]-te[V→V]-@₁~:(u)te[V→V]-@₁–lghii[V→N][N][Abs][Unpd][Du]
nulighqullghiik	nulighh-qe[N→V]-te[V→V]-@₁~:(u)te[V→V]-@₁–lghii[V→N][N][Rel][Unpd][Du]
nulighqullghiik	nulighh-qe[N→V]-te[V→V]-@₁~:(u)te[V→V][V][Intr][Ptcp][3Du]
nulighqullghiik	nulighh-qe[N→V]-~:(u)te[V→V]-@₁–lghii[V→N][N][Abs][Unpd][Du]
nulighqullghiik	nulighh-qe[N→V]-~:(u)te[V→V]-@₁–lghii[V→N][N][Rel][Unpd][Du]
nulighqullghiik	nulighh-qe[N→V]-~:(u)te[V→V][V][Intr][Ptcp][3Du]
nulighqullghiik	nulighh-qe[N→V]-~:(u)te[V→N]-te[N→V]-@₁–lghii[V→N][N][Abs][Unpd][Du]
nulighqullghiik	nulighh-qe[N→V]-~:(u)te[V→N]-te[N→V]-@₁–lghii[V→N][N][Rel][Unpd][Du]
nulighqullghiik	nulighh-qe[N→V]-~:(u)te[V→N]-te[N→V][V][Intr][Ptcp][3Du]
nulighqullghiik	nulighh-qe[N→N]-te[N→V]-@₁~:(u)te[V→V]-@₁–lghii[V→N][N][Abs][Unpd][Du]
nulighqullghiik	nulighh-qe[N→N]-te[N→V]-@₁~:(u)te[V→V]-@₁–lghii[V→N][N][Rel][Unpd][Du]
nulighqullghiik	nulighh-qe[N→N]-te[N→V]-@₁~:(u)te[V→V][V][Intr][Ptcp][3Du]
nulighqullghiik	nulighh-qu[N→V]-@₁~:(u)te[V→V]-@₁–lghii[V→N][N][Abs][Unpd][Du]
nulighqullghiik	nulighh-qu[N→V]-@₁~:(u)te[V→V]-@₁–lghii[V→N][N][Rel][Unpd][Du]
nulighqullghiik	nulighh-qu[N→V]-@₁~:(u)te[V→V][V][Intr][Ptcp][3Du]
nulighqullghiik	nulighh-qu[N→V]-te[V→V]-@₁–lghii[V→N][N][Abs][Unpd][Du]
nulighqullghiik	nulighh-qu[N→V]-te[V→V]-@₁–lghii[V→N][N][Rel][Unpd][Du]
nulighqullghiik	nulighh-qu[N→V]-te[V→V][V][Intr][Ptcp][3Du]
nulighqullghiik	nulighh-qu[N→V]-~:(u)te[V→V]-@₁–lghii[V→N][N][Abs][Unpd][Du]
nulighqullghiik	nulighh-qu[N→V]-~:(u)te[V→V]-@₁–lghii[V→N][N][Rel][Unpd][Du]
nulighqullghiik	nulighh-qu[N→V]-~:(u)te[V→V][V][Intr][Ptcp][3Du]
nulighqullghiik	nulighh-qu[N→V]-~:(u)te[V→N]-te[N→V]-@₁–lghii[V→N][N][Abs][Unpd][Du]
nulighqullghiik	nulighh-qu[N→V]-~:(u)te[V→N]-te[N→V]-@₁–lghii[V→N][N][Rel][Unpd][Du]
nulighqullghiik	nulighh-qu[N→V]-~:(u)te[V→N]-te[N→V][V][Intr][Ptcp][3Du]

------------------------
Taghnughhiilnguuk avangilnguuk.

taghnughhiilnguuk	taghnughhagh*-~:(ng₁)ite**[N→V]-@*ngugh*[V→N][N][Abs][Unpd][Du]
taghnughhiilnguuk	taghnughhagh*-~:(ng₁)ite**[N→V]-@*ngugh*[V→N][N][Rel][Unpd][Du]

avangilnguuk	ava-~:(ng₁)ite**[N→V]-@*ngugh*[V→N][N][Abs][Unpd][Du]
avangilnguuk	ava-~:(ng₁)ite**[N→V]-@*ngugh*[V→N][N][Rel][Unpd][Du]

------------------------
Uginga quyngini esghapagyaghtughaqegkanga.

uginga	ugi-–nge[N→V][V][Intr][Intrg][3Sg]
uginga	ugi[N][Abs][3SgPoss][SgPosd]

quyngini	quyngigh-––i[N→V]-@₁~:(u)te[V→V]-@₁~fni[V→V][V][Intr][Opt][PRS][2Sg]
quyngini	quyngigh-––i[N→V]-@₁~:(u)te[V→V]-@₁~fni[Cmpd_Vbl][V][Intr][Opt][PRS][2Sg]
quyngini	quyngigh-––i[N→V]-@₁~:(u)n[V→N][N][Abs][4SgPoss][SgPosd]
quyngini	quyngigh-––i[N→V]-@₁~:(u)n[V→N][N][Abs][4SgPoss][PlPosd]
quyngini	quyngigh-––i[N→V]-@₁~:(u)n[V→N][N][Abs][3SgPoss][PlPosd]
quyngini	quyngigh-––i[N→V]-@₁~fni[V→V][V][Intr][Opt][PRS][2Sg]
quyngini	quyngigh-––i[N→V]-@₁~fni[Cmpd_Vbl][V][Intr][Opt][PRS][2Sg]
quyngini	quyngigh-––i[N→V]-~:(u)te[V→V]-@₁~fni[V→V][V][Intr][Opt][PRS][2Sg]
quyngini	quyngigh-––i[N→V]-~:(u)te[V→V]-@₁~fni[Cmpd_Vbl][V][Intr][Opt][PRS][2Sg]
quyngini	quyngigh[N][Abs][4SgPoss][SgPosd]
quyngini	quyngigh[N][Abs][4SgPoss][PlPosd]
quyngini	quyngigh[N][Loc][Unpd][Pl]

esghapagyaghtughaqegkanga	esghagh-–pag[V→V]-@₁~fyagh[V→V]-tu[V→V]-@₁~:(u)n[V→N]-–ghagh*[N→N]-~–ke[N→V]-~sf–(g₃)kaq[V→N]-–nge[N→V][V][Intr][Intrg][3Sg]
esghapagyaghtughaqegkanga	esghagh-–pag[V→V]-@₁~fyagh[V→V]-tu[V→V]-@₁~:(u)n[V→N]-–ghagh*[N→N]-~–ke[N→V]-@*@₂~sf–(g₂)k(a)e[V→N][N][Abs][3SgPoss][SgPosd]
esghapagyaghtughaqegkanga	esghagh-–pag[V→V]-@₁~fyaghtugh[V→V]-~(g₁)aqe[V→V]-~sf–(g₃)kaq[V→N]-–nge[N→V][V][Intr][Intrg][3Sg]
esghapagyaghtughaqegkanga	esghagh-–pag[V→V]-@₁~fyaghtugh[V→V]-~(g₁)aqe[V→V]-@*@₂~sf–(g₂)k(a)e[V→N]-–nge[N→V][V][Intr][Intrg][3Sg]
esghapagyaghtughaqegkanga	esghagh-–pag[V→V]-@₁~fyaghtugh[V→V]-~(g₁)aqe[V→V]-@*@₂~sf–(g₂)k(a)e[V→N][N][Abs][3SgPoss][SgPosd]
esghapagyaghtughaqegkanga	esghagh-–pag[V→V]-@₁~fyaghtugh[V→V]-~(g₁)aqe[V→V][V][Trns][Cond][3Sg][1Sg]
esghapagyaghtughaqegkanga	esghagh-–pag[V→V]-@₁~fyaghtugh[V→V]-~(g₁)aqe[V→V][V][Trns][Ptcp][3Sg][3Sg]
esghapagyaghtughaqegkanga	esghagh-–pag[V→V]-@₁~fyaghtugh[V→V]-aq[V→N]-~–ke[N→V]-~sf–(g₃)kaq[V→N]-–nge[N→V][V][Intr][Intrg][3Sg]
esghapagyaghtughaqegkanga	esghagh-–pag[V→V]-@₁~fyaghtugh[V→V]-aq[V→N]-~–ke[N→V]-@*@₂~sf–(g₂)k(a)e[V→N]-–nge[N→V][V][Intr][Intrg][3Sg]
esghapagyaghtughaqegkanga	esghagh-–pag[V→V]-@₁~fyaghtugh[V→V]-aq[V→N]-~–ke[N→V]-@*@₂~sf–(g₂)k(a)e[V→N][N][Abs][3SgPoss][SgPosd]
esghapagyaghtughaqegkanga	esghapag-@₁~fyagh[V→V]-tu[V→V]-@₁~:(u)n[V→N]-–ghagh*[N→N]-~–ke[N→V]-~sf–(g₃)kaq[V→N]-–nge[N→V][V][Intr][Intrg][3Sg]
esghapagyaghtughaqegkanga	esghapag-@₁~fyagh[V→V]-tu[V→V]-@₁~:(u)n[V→N]-–ghagh*[N→N]-~–ke[N→V]-@*@₂~sf–(g₂)k(a)e[V→N]-–nge[N→V][V][Intr][Intrg][3Sg]
esghapagyaghtughaqegkanga	esghapag-@₁~fyagh[V→V]-tu[V→V]-@₁~:(u)n[V→N]-–ghagh*[N→N]-~–ke[N→V]-@*@₂~sf–(g₂)k(a)e[V→N][N][Abs][3SgPoss][SgPosd]
esghapagyaghtughaqegkanga	esghapag-@₁~fyaghtugh[V→V]-~(g₁)aqe[V→V]-~sf–(g₃)kaq[V→N]-–nge[N→V][V][Intr][Intrg][3Sg]
esghapagyaghtughaqegkanga	esghapag-@₁~fyaghtugh[V→V]-~(g₁)aqe[V→V]-@*@₂~sf–(g₂)k(a)e[V→N]-–nge[N→V][V][Intr][Intrg][3Sg]
esghapagyaghtughaqegkanga	esghapag-@₁~fyaghtugh[V→V]-~(g₁)aqe[V→V]-@*@₂~sf–(g₂)k(a)e[V→N][N][Abs][3SgPoss][SgPosd]
esghapagyaghtughaqegkanga	esghapag-@₁~fyaghtugh[V→V]-~(g₁)aqe[V→V][V][Trns][Cond][3Sg][1Sg]
esghapagyaghtughaqegkanga	esghapag-@₁~fyaghtugh[V→V]-~(g₁)aqe[V→V][V][Trns][Ptcp][3Sg][3Sg]
esghapagyaghtughaqegkanga	esghapag-@₁~fyaghtugh[V→V]-aq[V→N]-~–ke[N→V]-~sf–(g₃)kaq[V→N]-–nge[N→V][V][Intr][Intrg][3Sg]
esghapagyaghtughaqegkanga	esghapag-@₁~fyaghtugh[V→V]-aq[V→N]-~–ke[N→V]-@*@₂~sf–(g₂)k(a)e[V→N]-–nge[N→V][V][Intr][Intrg][3Sg]
esghapagyaghtughaqegkanga	esghapag-@₁~fyaghtugh[V→V]-aq[V→N]-~–ke[N→V]-@*@₂~sf–(g₂)k(a)e[V→N][N][Abs][3SgPoss][SgPosd]

------------------------
Ilangani maaten piyaamalghii quyngiminun.

ilangani	ila-~fnga[V→V]-@₁~:(u)te[V→V]-@₁~fni[V→V][V][Intr][Opt][PRS][2Sg]
ilangani	ila-~fnga[V→V]-@₁~:(u)te[V→V]-@₁~fni[Cmpd_Vbl][V][Intr][Opt][PRS][2Sg]
ilangani	ila-~fnga[V→V]-@₁~:(u)n[V→N][N][Abs][4SgPoss][SgPosd]
ilangani	ila-~fnga[V→V]-@₁~:(u)n[V→N][N][Abs][4SgPoss][PlPosd]
ilangani	ila-~fnga[V→V]-@₁~:(u)n[V→N][N][Abs][3SgPoss][PlPosd]
ilangani	ila-~fnga[V→V]-@₁~fni[V→V][V][Intr][Opt][PRS][2Sg]
ilangani	ila-~fnga[V→V]-@₁~fni[Cmpd_Vbl][V][Intr][Opt][PRS][2Sg]
ilangani	ila-~fnga[V→V]-~:(u)te[V→V]-@₁~fni[V→V][V][Intr][Opt][PRS][2Sg]
ilangani	ila-~fnga[V→V]-~:(u)te[V→V]-@₁~fni[Cmpd_Vbl][V][Intr][Opt][PRS][2Sg]
ilangani	ila[N][Loc][3SgPoss][SgPosd]
ilangani	ila[N][Loc][3SgPoss][PlPosd]
ilangani	ilangani
ilangani	ilangani[N][Abs][Unpd][Sg]

maaten	maaten
maaten	maatete[N][Abs][Unpd][Sg]

piyaamalghii	pi-@₁~:(u)te[V→V]-@₁~fyagh[V→V]-@₁~:(i/u)ma[V→V]-@₁–lghii[V→N][N][Abs][Unpd][Sg]
piyaamalghii	pi-@₁~:(u)te[V→V]-@₁~fyagh[V→V]-@₁~:(i/u)magh[V→V]-@₁–lghii[V→N][N][Abs][Unpd][Sg]
piyaamalghii	pi-@₁~:(u)te[V→V]-@₁~fyagh[V→V]-~:(ng₁)u[V→V]-@₁~:(i/u)ma[V→V]-@₁–lghii[V→N][N][Abs][Unpd][Sg]
piyaamalghii	pi-@₁~:(u)te[V→V]-@₁~fyagh[V→V]-~:(ng₁)u[V→V]-@₁~:(i/u)magh[V→V]-@₁–lghii[V→N][N][Abs][Unpd][Sg]
piyaamalghii	pi-@₁~fyagh[N→V]-@₁~:(i/u)ma[V→V]-@₁–lghii[V→N][N][Abs][Unpd][Sg]
piyaamalghii	pi-@₁~fyagh[N→V]-@₁~:(i/u)magh[V→V]-@₁–lghii[V→N][N][Abs][Unpd][Sg]
piyaamalghii	pi-@₁~fyagh[N→V]-~:(ng₁)u[V→V]-@₁~:(i/u)ma[V→V]-@₁–lghii[V→N][N][Abs][Unpd][Sg]
piyaamalghii	pi-@₁~fyagh[N→V]-~:(ng₁)u[V→V]-@₁~:(i/u)magh[V→V]-@₁–lghii[V→N][N][Abs][Unpd][Sg]
piyaamalghii	pi-@₁~fyagh[V→V]-@₁~:(i/u)ma[V→V]-@₁–lghii[V→N][N][Abs][Unpd][Sg]
piyaamalghii	pi-@₁~fyagh[V→V]-@₁~:(i/u)magh[V→V]-@₁–lghii[V→N][N][Abs][Unpd][Sg]
piyaamalghii	pi-@₁~fyagh[V→V]-~:(ng₁)u[V→V]-@₁~:(i/u)ma[V→V]-@₁–lghii[V→N][N][Abs][Unpd][Sg]
piyaamalghii	pi-@₁~fyagh[V→V]-~:(ng₁)u[V→V]-@₁~:(i/u)magh[V→V]-@₁–lghii[V→N][N][Abs][Unpd][Sg]
piyaamalghii	pi-~:(u)te[V→V]-@₁~fyagh[V→V]-@₁~:(i/u)ma[V→V]-@₁–lghii[V→N][N][Abs][Unpd][Sg]
piyaamalghii	pi-~:(u)te[V→V]-@₁~fyagh[V→V]-@₁~:(i/u)magh[V→V]-@₁–lghii[V→N][N][Abs][Unpd][Sg]
piyaamalghii	pi-~:(u)te[V→V]-@₁~fyagh[V→V]-~:(ng₁)u[V→V]-@₁~:(i/u)ma[V→V]-@₁–lghii[V→N][N][Abs][Unpd][Sg]
piyaamalghii	pi-~:(u)te[V→V]-@₁~fyagh[V→V]-~:(ng₁)u[V→V]-@₁~:(i/u)magh[V→V]-@₁–lghii[V→N][N][Abs][Unpd][Sg]
piyaamalghii	pi-~:(u)te[V→N]-@₁~fyagh[N→V]-@₁~:(i/u)ma[V→V]-@₁–lghii[V→N][N][Abs][Unpd][Sg]
piyaamalghii	pi-~:(u)te[V→N]-@₁~fyagh[N→V]-@₁~:(i/u)magh[V→V]-@₁–lghii[V→N][N][Abs][Unpd][Sg]
piyaamalghii	pi-~:(u)te[V→N]-@₁~fyagh[N→V]-~:(ng₁)u[V→V]-@₁~:(i/u)ma[V→V]-@₁–lghii[V→N][N][Abs][Unpd][Sg]
piyaamalghii	pi-~:(u)te[V→N]-@₁~fyagh[N→V]-~:(ng₁)u[V→V]-@₁~:(i/u)magh[V→V]-@₁–lghii[V→N][N][Abs][Unpd][Sg]
piyaamalghii	piyaa-@₁~:(i/u)ma[V→V]-@₁–lghii[V→N][N][Abs][Unpd][Sg]
piyaamalghii	piyaa-@₁~:(i/u)magh[V→V]-@₁–lghii[V→N][N][Abs][Unpd][Sg]

quyngiminun	quyngigh[N][Ter][4SgPoss][PlPosd]
quyngiminun	quyngigh[N][Ter][4SgPoss][SgPosd]

------------------------
Tallimat ngelqat esghaamakangi.

tallimat	tallimat[N][Abs][Unpd][Sg]

ngelqat	ngelqagh[N][Abs][Unpd][Pl]
ngelqat	ngelqagh[N][Rel][Unpd][Pl]

esghaamakangi	esghagh-@₁~:(i/u)ma[V→V]-~–(g₁)kaq[V→N]-–nge[N→V]-~i[V→V][V][Intr][Opt][PRS][2Sg]
esghaamakangi	esghagh-@₁~:(i/u)ma[V→V]-~–(g₁)kaq[V→N]-–nge[N→V][V][Intr][Opt][PRS][2Sg]
esghaamakangi	esghagh-@₁~:(i/u)ma[V→V]-~sf–(g₃)kaq[V→N]-–nge[N→V]-~i[V→V][V][Intr][Opt][PRS][2Sg]
esghaamakangi	esghagh-@₁~:(i/u)ma[V→V]-~sf–(g₃)kaq[V→N]-–nge[N→V][V][Intr][Opt][PRS][2Sg]
esghaamakangi	esghagh-@₁~:(i/u)ma[V→V]-@₂~fkaq[V→N]-–nge[N→V]-~i[V→V][V][Intr][Opt][PRS][2Sg]
esghaamakangi	esghagh-@₁~:(i/u)ma[V→V]-@₂~fkaq[V→N]-–nge[N→V][V][Intr][Opt][PRS][2Sg]
esghaamakangi	esghagh-@₁~:(i/u)ma[V→V]-@*@₂~sf–(g₂)k(a)e[V→N]-–nge[N→V]-~i[V→V][V][Intr][Opt][PRS][2Sg]
esghaamakangi	esghagh-@₁~:(i/u)ma[V→V]-@*@₂~sf–(g₂)k(a)e[V→N]-–nge[N→V][V][Intr][Opt][PRS][2Sg]
esghaamakangi	esghagh-@₁~:(i/u)ma[V→V]-@*@₂~sf–(g₂)k(a)e[V→N][N][Abs][3SgPoss][PlPosd]
esghaamakangi	esghagh-@₁~:(i/u)ma[V→V][V][Trns][Ptcp][3Sg][3Pl]
esghaamakangi	esghagh-~:(ng₁)u[V→V]-@₁~:(i/u)ma[V→V]-~–(g₁)kaq[V→N]-–nge[N→V]-~i[V→V][V][Intr][Opt][PRS][2Sg]
esghaamakangi	esghagh-~:(ng₁)u[V→V]-@₁~:(i/u)ma[V→V]-~–(g₁)kaq[V→N]-–nge[N→V][V][Intr][Opt][PRS][2Sg]
esghaamakangi	esghagh-~:(ng₁)u[V→V]-@₁~:(i/u)ma[V→V]-~sf–(g₃)kaq[V→N]-–nge[N→V]-~i[V→V][V][Intr][Opt][PRS][2Sg]
esghaamakangi	esghagh-~:(ng₁)u[V→V]-@₁~:(i/u)ma[V→V]-~sf–(g₃)kaq[V→N]-–nge[N→V][V][Intr][Opt][PRS][2Sg]
esghaamakangi	esghagh-~:(ng₁)u[V→V]-@₁~:(i/u)ma[V→V]-@₂~fkaq[V→N]-–nge[N→V]-~i[V→V][V][Intr][Opt][PRS][2Sg]
esghaamakangi	esghagh-~:(ng₁)u[V→V]-@₁~:(i/u)ma[V→V]-@₂~fkaq[V→N]-–nge[N→V][V][Intr][Opt][PRS][2Sg]
esghaamakangi	esghagh-~:(ng₁)u[V→V]-@₁~:(i/u)ma[V→V]-@*@₂~sf–(g₂)k(a)e[V→N]-–nge[N→V]-~i[V→V][V][Intr][Opt][PRS][2Sg]
esghaamakangi	esghagh-~:(ng₁)u[V→V]-@₁~:(i/u)ma[V→V]-@*@₂~sf–(g₂)k(a)e[V→N]-–nge[N→V][V][Intr][Opt][PRS][2Sg]
esghaamakangi	esghagh-~:(ng₁)u[V→V]-@₁~:(i/u)ma[V→V]-@*@₂~sf–(g₂)k(a)e[V→N][N][Abs][3SgPoss][PlPosd]
esghaamakangi	esghagh-~:(ng₁)u[V→V]-@₁~:(i/u)ma[V→V][V][Trns][Ptcp][3Sg][3Pl]

------------------------
Takuyaqenni tengenghitut.

tengenghitut	tegh-–nge[N→V]-@₁–nghite[V→V][V][Intr][Ind][3Pl]
tengenghitut	tegh-–nge[N→V]-@₁–nghite**[V→V][V][Intr][Ind][3Pl]
tengenghitut	tenge-@₁–nghite[V→V][V][Intr][Ind][3Pl]
tengenghitut	tenge-@₁–nghite**[V→V][V][Intr][Ind][3Pl]

------------------------
Kaalluki tuguluki atghaamalghii.

kaalluki	kaate[V][Trns][Sbrd][_][3Pl]
kaalluki	kaaw-–llug[V→V]-@*@₂~sf–(g₂)k(a)e[V→N]-––i[N→V][V][Intr][Opt][PRS][2Sg]
kaalluki	kaaw-–lluk[N→N]-~–ke[N→V]-~i[V→V][V][Intr][Opt][PRS][2Sg]
kaalluki	kaaw-–lluk[N→N]-~–ke[N→V][V][Intr][Opt][PRS][2Sg]
kaalluki	kaaw-–lluk[N→N]-~–ke[N→N]-––i[N→V][V][Intr][Opt][PRS][2Sg]
kaalluki	kaaw-–lluk[N→N]-––i[N→V][V][Intr][Opt][PRS][2Sg]
kaalluki	kaaw-–lluk[N→N][N][Abs][3SgPoss][PlPosd]

tuguluki	tugu-@₁~:(u)te[V→V][V][Trns][Sbrd][_][3Pl]
tuguluki	tugu-@₁~:(u)n[V→N]-–luk[N→N]-~–ke[N→V]-~i[V→V][V][Intr][Opt][PRS][2Sg]
tuguluki	tugu-@₁~:(u)n[V→N]-–luk[N→N]-~–ke[N→V][V][Intr][Opt][PRS][2Sg]
tuguluki	tugu-@₁~:(u)n[V→N]-–luk[N→N]-~–ke[N→N]-––i[N→V][V][Intr][Opt][PRS][2Sg]
tuguluki	tugu-@₁~:(u)n[V→N]-–luk[N→N]-––i[N→V][V][Intr][Opt][PRS][2Sg]
tuguluki	tugu-@₁~:(u)n[V→N]-–luk[N→N][N][Abs][3SgPoss][PlPosd]
tuguluki	tugu-~:(u)te[V→V][V][Trns][Sbrd][_][3Pl]
tuguluki	tugu[V][Trns][Sbrd][_][3Pl]

atghaamalghii	atghagh-@₁~:(i/u)ma[V→V]-@₁–lghii[V→N][N][Abs][Unpd][Sg]
atghaamalghii	atghagh-@₁~:(i/u)magh[V→V]-@₁–lghii[V→N][N][Abs][Unpd][Sg]
atghaamalghii	atghagh-~:(ng₁)u[V→V]-@₁~:(i/u)ma[V→V]-@₁–lghii[V→N][N][Abs][Unpd][Sg]
atghaamalghii	atghagh-~:(ng₁)u[V→V]-@₁~:(i/u)magh[V→V]-@₁–lghii[V→N][N][Abs][Unpd][Sg]

------------------------
Kaasan nulighha quyamalghii.

kaasan	kaate[V][Intr][CnsqI][3Sg]

nulighha	nulighh[N][Abs][3SgPoss][SgPosd]

quyamalghii	quya-@₁~:(i/u)ma[V→V]-@₁–lghii[V→N][N][Abs][Unpd][Sg]
quyamalghii	quya-@₁~:(i/u)magh[V→V]-@₁–lghii[V→N][N][Abs][Unpd][Sg]

------------------------
Itghusimakangi.

itghusimakangi	itghute-@₁~:(i/u)ma[V→V]-~–(g₁)kaq[V→N]-–nge[N→V]-~i[V→V][V][Intr][Opt][PRS][2Sg]
itghusimakangi	itghute-@₁~:(i/u)ma[V→V]-~–(g₁)kaq[V→N]-–nge[N→V][V][Intr][Opt][PRS][2Sg]
itghusimakangi	itghute-@₁~:(i/u)ma[V→V]-~sf–(g₃)kaq[V→N]-–nge[N→V]-~i[V→V][V][Intr][Opt][PRS][2Sg]
itghusimakangi	itghute-@₁~:(i/u)ma[V→V]-~sf–(g₃)kaq[V→N]-–nge[N→V][V][Intr][Opt][PRS][2Sg]
itghusimakangi	itghute-@₁~:(i/u)ma[V→V]-@₂~fkaq[V→N]-–nge[N→V]-~i[V→V][V][Intr][Opt][PRS][2Sg]
itghusimakangi	itghute-@₁~:(i/u)ma[V→V]-@₂~fkaq[V→N]-–nge[N→V][V][Intr][Opt][PRS][2Sg]
itghusimakangi	itghute-@₁~:(i/u)ma[V→V]-@*@₂~sf–(g₂)k(a)e[V→N]-–nge[N→V]-~i[V→V][V][Intr][Opt][PRS][2Sg]
itghusimakangi	itghute-@₁~:(i/u)ma[V→V]-@*@₂~sf–(g₂)k(a)e[V→N]-–nge[N→V][V][Intr][Opt][PRS][2Sg]
itghusimakangi	itghute-@₁~:(i/u)ma[V→V]-@*@₂~sf–(g₂)k(a)e[V→N][N][Abs][3SgPoss][PlPosd]
itghusimakangi	itghute-@₁~:(i/u)ma[V→V][V][Trns][Ptcp][3Sg][3Pl]

------------------------
Uginga esnamun pimalghii kinguvzeghanun iqalluganun.

uginga	ugi-–nge[N→V][V][Intr][Intrg][3Sg]
uginga	ugi[N][Abs][3SgPoss][SgPosd]

esnamun	este-@₁~fna[V→V]-mete[V→V]-@₁~:(u)n[V→N][N][Abs][Unpd][Sg]
esnamun	esnagh[N][Ter][Unpd][Sg]

pimalghii	pi-@₁~:(i/u)ma[V→V]-@₁–lghii[V→N][N][Abs][Unpd][Sg]
pimalghii	pi-@₁~:(i/u)magh[V→V]-@₁–lghii[V→N][N][Abs][Unpd][Sg]

iqalluganun	iqallug[N][Ter][3SgPoss][SgPosd]
iqalluganun	iqallug[N][Ter][3SgPoss][PlPosd]

------------------------
Llaaghanwha taglaghyalghiimi saghnaamalghii.

llaaghanwha	llaaghanwha

taglaghyalghiimi	taglagh-@₁~fyagh[V→V]-@₁–lghii[V→N][N][Abs][Unpd][Sg]-mi[Encl]
taglaghyalghiimi	taglagh-@₁~fyagh[V→V]-@₁–lghii[V→N][N][Loc][Unpd][Sg]
taglaghyalghiimi	taglagh-@₁~fyagh[V→V]-@₁–lghii[V→N][N][Rel][4SgPoss][PlPosd]
taglaghyalghiimi	taglagh-@₁~fyagh[V→V]-@₁–lghii[V→N][N][Rel][4SgPoss][SgPosd]
taglaghyalghiimi	taglagh[V][Intr][Ptcp_Obl][4Sg]

------------------------
Llaaghanwha neghusimalghiit ngelqat.

llaaghanwha	llaaghanwha

neghusimalghiit	ne-–ghte[N→V]-@₁~:(u)te[V→V]-@₁~:(i/u)ma[V→V]-@₁–lghii[V→N][N][Abs][Unpd][Pl]
neghusimalghiit	ne-–ghte[N→V]-@₁~:(u)te[V→V]-@₁~:(i/u)ma[V→V]-@₁–lghii[V→N][N][Rel][Unpd][Pl]
neghusimalghiit	ne-–ghte[N→V]-@₁~:(u)te[V→V]-@₁~:(i/u)ma[V→V][V][Intr][Ptcp][3Pl]
neghusimalghiit	ne-–ghte[N→V]-@₁~:(u)te[V→V]-@₁~:(i/u)magh[V→V]-@₁–lghii[V→N][N][Abs][Unpd][Pl]
neghusimalghiit	ne-–ghte[N→V]-@₁~:(u)te[V→V]-@₁~:(i/u)magh[V→V]-@₁–lghii[V→N][N][Rel][Unpd][Pl]
neghusimalghiit	ne-–ghte[N→V]-@₁~:(u)te[V→V]-@₁~:(i/u)magh[V→V][V][Intr][Ptcp][3Pl]
neghusimalghiit	ne-–ghte[N→V]-te[V→V]-@₁~:(u)te[V→V]-@₁~:(i/u)ma[V→V]-@₁–lghii[V→N][N][Abs][Unpd][Pl]
neghusimalghiit	ne-–ghte[N→V]-te[V→V]-@₁~:(u)te[V→V]-@₁~:(i/u)ma[V→V]-@₁–lghii[V→N][N][Rel][Unpd][Pl]
neghusimalghiit	ne-–ghte[N→V]-te[V→V]-@₁~:(u)te[V→V]-@₁~:(i/u)ma[V→V][V][Intr][Ptcp][3Pl]
neghusimalghiit	ne-–ghte[N→V]-te[V→V]-@₁~:(u)te[V→V]-@₁~:(i/u)magh[V→V]-@₁–lghii[V→N][N][Abs][Unpd][Pl]
neghusimalghiit	ne-–ghte[N→V]-te[V→V]-@₁~:(u)te[V→V]-@₁~:(i/u)magh[V→V]-@₁–lghii[V→N][N][Rel][Unpd][Pl]
neghusimalghiit	ne-–ghte[N→V]-te[V→V]-@₁~:(u)te[V→V]-@₁~:(i/u)magh[V→V][V][Intr][Ptcp][3Pl]
neghusimalghiit	negh-–ghte[V→V]-@₁~:(u)te[V→V]-@₁~:(i/u)ma[V→V]-@₁–lghii[V→N][N][Abs][Unpd][Pl]
neghusimalghiit	negh-–ghte[V→V]-@₁~:(u)te[V→V]-@₁~:(i/u)ma[V→V]-@₁–lghii[V→N][N][Rel][Unpd][Pl]
neghusimalghiit	negh-–ghte[V→V]-@₁~:(u)te[V→V]-@₁~:(i/u)ma[V→V][V][Intr][Ptcp][3Pl]
neghusimalghiit	negh-–ghte[V→V]-@₁~:(u)te[V→V]-@₁~:(i/u)magh[V→V]-@₁–lghii[V→N][N][Abs][Unpd][Pl]
neghusimalghiit	negh-–ghte[V→V]-@₁~:(u)te[V→V]-@₁~:(i/u)magh[V→V]-@₁–lghii[V→N][N][Rel][Unpd][Pl]
neghusimalghiit	negh-–ghte[V→V]-@₁~:(u)te[V→V]-@₁~:(i/u)magh[V→V][V][Intr][Ptcp][3Pl]
neghusimalghiit	negh-@₁~:(u)te[V→V]-@₁~:(i/u)ma[V→V]-@₁–lghii[V→N][N][Abs][Unpd][Pl]
neghusimalghiit	negh-@₁~:(u)te[V→V]-@₁~:(i/u)ma[V→V]-@₁–lghii[V→N][N][Rel][Unpd][Pl]
neghusimalghiit	negh-@₁~:(u)te[V→V]-@₁~:(i/u)ma[V→V][V][Intr][Ptcp][3Pl]
neghusimalghiit	negh-@₁~:(u)te[V→V]-@₁~:(i/u)magh[V→V]-@₁–lghii[V→N][N][Abs][Unpd][Pl]
neghusimalghiit	negh-@₁~:(u)te[V→V]-@₁~:(i/u)magh[V→V]-@₁–lghii[V→N][N][Rel][Unpd][Pl]
neghusimalghiit	negh-@₁~:(u)te[V→V]-@₁~:(i/u)magh[V→V][V][Intr][Ptcp][3Pl]
neghusimalghiit	negh-te[V→V]-@₁~:(u)te[V→V]-@₁~:(i/u)ma[V→V]-@₁–lghii[V→N][N][Abs][Unpd][Pl]
neghusimalghiit	negh-te[V→V]-@₁~:(u)te[V→V]-@₁~:(i/u)ma[V→V]-@₁–lghii[V→N][N][Rel][Unpd][Pl]
neghusimalghiit	negh-te[V→V]-@₁~:(u)te[V→V]-@₁~:(i/u)ma[V→V][V][Intr][Ptcp][3Pl]
neghusimalghiit	negh-te[V→V]-@₁~:(u)te[V→V]-@₁~:(i/u)magh[V→V]-@₁–lghii[V→N][N][Abs][Unpd][Pl]
neghusimalghiit	negh-te[V→V]-@₁~:(u)te[V→V]-@₁~:(i/u)magh[V→V]-@₁–lghii[V→N][N][Rel][Unpd][Pl]
neghusimalghiit	negh-te[V→V]-@₁~:(u)te[V→V]-@₁~:(i/u)magh[V→V][V][Intr][Ptcp][3Pl]
neghusimalghiit	negh-~:(ng₁)u[V→V]-@₁~:(u)te[V→V]-@₁~:(i/u)ma[V→V]-@₁–lghii[V→N][N][Abs][Unpd][Pl]
neghusimalghiit	negh-~:(ng₁)u[V→V]-@₁~:(u)te[V→V]-@₁~:(i/u)ma[V→V]-@₁–lghii[V→N][N][Rel][Unpd][Pl]
neghusimalghiit	negh-~:(ng₁)u[V→V]-@₁~:(u)te[V→V]-@₁~:(i/u)ma[V→V][V][Intr][Ptcp][3Pl]
neghusimalghiit	negh-~:(ng₁)u[V→V]-@₁~:(u)te[V→V]-@₁~:(i/u)magh[V→V]-@₁–lghii[V→N][N][Abs][Unpd][Pl]
neghusimalghiit	negh-~:(ng₁)u[V→V]-@₁~:(u)te[V→V]-@₁~:(i/u)magh[V→V]-@₁–lghii[V→N][N][Rel][Unpd][Pl]
neghusimalghiit	negh-~:(ng₁)u[V→V]-@₁~:(u)te[V→V]-@₁~:(i/u)magh[V→V][V][Intr][Ptcp][3Pl]
neghusimalghiit	negh-~:(ng₁)u[V→V]-~:(u)te[V→V]-@₁~:(i/u)ma[V→V]-@₁–lghii[V→N][N][Abs][Unpd][Pl]
neghusimalghiit	negh-~:(ng₁)u[V→V]-~:(u)te[V→V]-@₁~:(i/u)ma[V→V]-@₁–lghii[V→N][N][Rel][Unpd][Pl]
neghusimalghiit	negh-~:(ng₁)u[V→V]-~:(u)te[V→V]-@₁~:(i/u)ma[V→V][V][Intr][Ptcp][3Pl]
neghusimalghiit	negh-~:(ng₁)u[V→V]-~:(u)te[V→V]-@₁~:(i/u)magh[V→V]-@₁–lghii[V→N][N][Abs][Unpd][Pl]
neghusimalghiit	negh-~:(ng₁)u[V→V]-~:(u)te[V→V]-@₁~:(i/u)magh[V→V]-@₁–lghii[V→N][N][Rel][Unpd][Pl]
neghusimalghiit	negh-~:(ng₁)u[V→V]-~:(u)te[V→V]-@₁~:(i/u)magh[V→V][V][Intr][Ptcp][3Pl]
neghusimalghiit	negh-~:(ng₁)u[V→V]-te[V→V]-@₁~:(i/u)ma[V→V]-@₁–lghii[V→N][N][Abs][Unpd][Pl]
neghusimalghiit	negh-~:(ng₁)u[V→V]-te[V→V]-@₁~:(i/u)ma[V→V]-@₁–lghii[V→N][N][Rel][Unpd][Pl]
neghusimalghiit	negh-~:(ng₁)u[V→V]-te[V→V]-@₁~:(i/u)ma[V→V][V][Intr][Ptcp][3Pl]
neghusimalghiit	negh-~:(ng₁)u[V→V]-te[V→V]-@₁~:(i/u)magh[V→V]-@₁–lghii[V→N][N][Abs][Unpd][Pl]
neghusimalghiit	negh-~:(ng₁)u[V→V]-te[V→V]-@₁~:(i/u)magh[V→V]-@₁–lghii[V→N][N][Rel][Unpd][Pl]
neghusimalghiit	negh-~:(ng₁)u[V→V]-te[V→V]-@₁~:(i/u)magh[V→V][V][Intr][Ptcp][3Pl]
neghusimalghiit	negh-~:(u)te[V→V]-@₁~:(i/u)ma[V→V]-@₁–lghii[V→N][N][Abs][Unpd][Pl]
neghusimalghiit	negh-~:(u)te[V→V]-@₁~:(i/u)ma[V→V]-@₁–lghii[V→N][N][Rel][Unpd][Pl]
neghusimalghiit	negh-~:(u)te[V→V]-@₁~:(i/u)ma[V→V][V][Intr][Ptcp][3Pl]
neghusimalghiit	negh-~:(u)te[V→V]-@₁~:(i/u)magh[V→V]-@₁–lghii[V→N][N][Abs][Unpd][Pl]
neghusimalghiit	negh-~:(u)te[V→V]-@₁~:(i/u)magh[V→V]-@₁–lghii[V→N][N][Rel][Unpd][Pl]
neghusimalghiit	negh-~:(u)te[V→V]-@₁~:(i/u)magh[V→V][V][Intr][Ptcp][3Pl]
neghusimalghiit	neghe-@₁~:(u)te[V→V]-@₁~:(i/u)ma[V→V]-@₁–lghii[V→N][N][Abs][Unpd][Pl]
neghusimalghiit	neghe-@₁~:(u)te[V→V]-@₁~:(i/u)ma[V→V]-@₁–lghii[V→N][N][Rel][Unpd][Pl]
neghusimalghiit	neghe-@₁~:(u)te[V→V]-@₁~:(i/u)ma[V→V][V][Intr][Ptcp][3Pl]
neghusimalghiit	neghe-@₁~:(u)te[V→V]-@₁~:(i/u)magh[V→V]-@₁–lghii[V→N][N][Abs][Unpd][Pl]
neghusimalghiit	neghe-@₁~:(u)te[V→V]-@₁~:(i/u)magh[V→V]-@₁–lghii[V→N][N][Rel][Unpd][Pl]
neghusimalghiit	neghe-@₁~:(u)te[V→V]-@₁~:(i/u)magh[V→V][V][Intr][Ptcp][3Pl]
neghusimalghiit	neghe-te[V→V]-@₁~:(u)te[V→V]-@₁~:(i/u)ma[V→V]-@₁–lghii[V→N][N][Abs][Unpd][Pl]
neghusimalghiit	neghe-te[V→V]-@₁~:(u)te[V→V]-@₁~:(i/u)ma[V→V]-@₁–lghii[V→N][N][Rel][Unpd][Pl]
neghusimalghiit	neghe-te[V→V]-@₁~:(u)te[V→V]-@₁~:(i/u)ma[V→V][V][Intr][Ptcp][3Pl]
neghusimalghiit	neghe-te[V→V]-@₁~:(u)te[V→V]-@₁~:(i/u)magh[V→V]-@₁–lghii[V→N][N][Abs][Unpd][Pl]
neghusimalghiit	neghe-te[V→V]-@₁~:(u)te[V→V]-@₁~:(i/u)magh[V→V]-@₁–lghii[V→N][N][Rel][Unpd][Pl]
neghusimalghiit	neghe-te[V→V]-@₁~:(u)te[V→V]-@₁~:(i/u)magh[V→V][V][Intr][Ptcp][3Pl]
neghusimalghiit	neghe-~:(u)te[V→V]-@₁~:(i/u)ma[V→V]-@₁–lghii[V→N][N][Abs][Unpd][Pl]
neghusimalghiit	neghe-~:(u)te[V→V]-@₁~:(i/u)ma[V→V]-@₁–lghii[V→N][N][Rel][Unpd][Pl]
neghusimalghiit	neghe-~:(u)te[V→V]-@₁~:(i/u)ma[V→V][V][Intr][Ptcp][3Pl]
neghusimalghiit	neghe-~:(u)te[V→V]-@₁~:(i/u)magh[V→V]-@₁–lghii[V→N][N][Abs][Unpd][Pl]
neghusimalghiit	neghe-~:(u)te[V→V]-@₁~:(i/u)magh[V→V]-@₁–lghii[V→N][N][Rel][Unpd][Pl]
neghusimalghiit	neghe-~:(u)te[V→V]-@₁~:(i/u)magh[V→V][V][Intr][Ptcp][3Pl]
neghusimalghiit	neghusigh-––i[N→V]-@₁~:(i/u)ma[V→V]-@₁–lghii[V→N][N][Abs][Unpd][Pl]
neghusimalghiit	neghusigh-––i[N→V]-@₁~:(i/u)ma[V→V]-@₁–lghii[V→N][N][Rel][Unpd][Pl]
neghusimalghiit	neghusigh-––i[N→V]-@₁~:(i/u)ma[V→V][V][Intr][Ptcp][3Pl]
neghusimalghiit	neghusigh-––i[N→V]-@₁~:(i/u)magh[V→V]-@₁–lghii[V→N][N][Abs][Unpd][Pl]
neghusimalghiit	neghusigh-––i[N→V]-@₁~:(i/u)magh[V→V]-@₁–lghii[V→N][N][Rel][Unpd][Pl]
neghusimalghiit	neghusigh-––i[N→V]-@₁~:(i/u)magh[V→V][V][Intr][Ptcp][3Pl]

ngelqat	ngelqagh[N][Abs][Unpd][Pl]
ngelqat	ngelqagh[N][Rel][Unpd][Pl]

------------------------
Unaami taghtughluteng unilluki ngelqateng aanumalghiik.

unaami	unaami
unaami	unaami[N][Abs][Unpd][Sg]
unaami	unaami[V][Intr][Opt][PRS][2Sg]

taghtughluteng	taghtugh[V][Intr][Sbrd][3Pl]

unilluki	ete-@₁~:(u)n[V→N]-~:(ng₁)ite[N→V]-te[V→V][V][Trns][Sbrd][_][3Pl]
unilluki	ete-@₁~:(u)n[V→N]-~:(ng₁)ite[N→V][V][Trns][Sbrd][_][3Pl]
unilluki	ete-@₁~:(u)n[V→N]-~:(ng₁)igh[N→V]-–llug[V→V]-@*@₂~sf–(g₂)k(a)e[V→N]-––i[N→V][V][Intr][Opt][PRS][2Sg]
unilluki	ete-@₁~:(u)n[V→N]-––igh[N→V]-–llug[V→V]-@*@₂~sf–(g₂)k(a)e[V→N]-––i[N→V][V][Intr][Opt][PRS][2Sg]
unilluki	ete-@₁~:(u)n[V→N]-igh[N→V]-–llug[V→V]-@*@₂~sf–(g₂)k(a)e[V→N]-––i[N→V][V][Intr][Opt][PRS][2Sg]
unilluki	unug-––i[N→V]-@₁~:(u)n[V→N]-–lluk[N→N]-~–ke[N→V]-~i[V→V][V][Intr][Opt][PRS][2Sg]
unilluki	unug-––i[N→V]-@₁~:(u)n[V→N]-–lluk[N→N]-~–ke[N→V][V][Intr][Opt][PRS][2Sg]
unilluki	unug-––i[N→V]-@₁~:(u)n[V→N]-–lluk[N→N]-~–ke[N→N]-––i[N→V][V][Intr][Opt][PRS][2Sg]
unilluki	unug-––i[N→V]-@₁~:(u)n[V→N]-–lluk[N→N]-––i[N→V][V][Intr][Opt][PRS][2Sg]
unilluki	unug-––i[N→V]-@₁~:(u)n[V→N]-–lluk[N→N][N][Abs][3SgPoss][PlPosd]
unilluki	unug-––i[N→V]-te[V→V][V][Trns][Sbrd][_][3Pl]
unilluki	unug-––i[N→V]-~:(u)te[V→N]-te[N→V]-te[V→V][V][Trns][Sbrd][_][3Pl]
unilluki	unug-––i[N→V]-~:(u)te[V→N]-te[N→V][V][Trns][Sbrd][_][3Pl]
unilluki	unug-––i[N→V]-–llug[V→V]-@*@₂~sf–(g₂)k(a)e[V→N]-––i[N→V][V][Intr][Opt][PRS][2Sg]
unilluki	unug-––i[N→V]-llug[V→V]-@*@₂~sf–(g₂)k(a)e[V→N]-––i[N→V][V][Intr][Opt][PRS][2Sg]
unilluki	unug-––igh[N→V]-–llug[V→V]-@*@₂~sf–(g₂)k(a)e[V→N]-––i[N→V][V][Intr][Opt][PRS][2Sg]
unilluki	unegh-––i[N→V]-@₁~:(u)n[V→N]-–lluk[N→N]-~–ke[N→V]-~i[V→V][V][Intr][Opt][PRS][2Sg]
unilluki	unegh-––i[N→V]-@₁~:(u)n[V→N]-–lluk[N→N]-~–ke[N→V][V][Intr][Opt][PRS][2Sg]
unilluki	unegh-––i[N→V]-@₁~:(u)n[V→N]-–lluk[N→N]-~–ke[N→N]-––i[N→V][V][Intr][Opt][PRS][2Sg]
unilluki	unegh-––i[N→V]-@₁~:(u)n[V→N]-–lluk[N→N]-––i[N→V][V][Intr][Opt][PRS][2Sg]
unilluki	unegh-––i[N→V]-@₁~:(u)n[V→N]-–lluk[N→N][N][Abs][3SgPoss][PlPosd]
unilluki	unegh-––i[N→V]-te[V→V][V][Trns][Sbrd][_][3Pl]
unilluki	unegh-––i[N→V]-~:(u)te[V→N]-te[N→V]-te[V→V][V][Trns][Sbrd][_][3Pl]
unilluki	unegh-––i[N→V]-~:(u)te[V→N]-te[N→V][V][Trns][Sbrd][_][3Pl]
unilluki	unegh-––i[N→V]-–llug[V→V]-@*@₂~sf–(g₂)k(a)e[V→N]-––i[N→V][V][Intr][Opt][PRS][2Sg]
unilluki	unegh-––i[N→V]-llug[V→V]-@*@₂~sf–(g₂)k(a)e[V→N]-––i[N→V][V][Intr][Opt][PRS][2Sg]
unilluki	unegh-––igh[N→V]-–llug[V→V]-@*@₂~sf–(g₂)k(a)e[V→N]-––i[N→V][V][Intr][Opt][PRS][2Sg]
unilluki	unite[V][Trns][Sbrd][_][3Pl]

ngelqateng	ngelqagh[N][Abs][4PlPoss][PlPosd]

aanumalghiik	aane-@₁~:(i/u)ma[V→V]-@₁–lghii[V→N][N][Abs][Unpd][Du]
aanumalghiik	aane-@₁~:(i/u)ma[V→V]-@₁–lghii[V→N][N][Rel][Unpd][Du]
aanumalghiik	aane-@₁~:(i/u)ma[V→V][V][Intr][Ptcp][3Du]
aanumalghiik	aane-@₁~:(i/u)magh[V→V]-@₁–lghii[V→N][N][Abs][Unpd][Du]
aanumalghiik	aane-@₁~:(i/u)magh[V→V]-@₁–lghii[V→N][N][Rel][Unpd][Du]
aanumalghiik	aane-@₁~:(i/u)magh[V→V][V][Intr][Ptcp][3Du]
aanumalghiik	aghte-@₁~:(u)n[V→N]-~:(ng₁)u[N→V]-@₁~:(i/u)ma[V→V]-@₁–lghii[V→N][N][Abs][Unpd][Du]
aanumalghiik	aghte-@₁~:(u)n[V→N]-~:(ng₁)u[N→V]-@₁~:(i/u)ma[V→V]-@₁–lghii[V→N][N][Rel][Unpd][Du]
aanumalghiik	aghte-@₁~:(u)n[V→N]-~:(ng₁)u[N→V]-@₁~:(i/u)ma[V→V][V][Intr][Ptcp][3Du]
aanumalghiik	aghte-@₁~:(u)n[V→N]-~:(ng₁)u[N→V]-@₁~:(i/u)magh[V→V]-@₁–lghii[V→N][N][Abs][Unpd][Du]
aanumalghiik	aghte-@₁~:(u)n[V→N]-~:(ng₁)u[N→V]-@₁~:(i/u)magh[V→V]-@₁–lghii[V→N][N][Rel][Unpd][Du]
aanumalghiik	aghte-@₁~:(u)n[V→N]-~:(ng₁)u[N→V]-@₁~:(i/u)magh[V→V][V][Intr][Ptcp][3Du]

------------------------
Nulighha esnamun pimalghii kinguvzeghanun iqalluganun.

nulighha	nulighh[N][Abs][3SgPoss][SgPosd]

esnamun	este-@₁~fna[V→V]-mete[V→V]-@₁~:(u)n[V→N][N][Abs][Unpd][Sg]
esnamun	esnagh[N][Ter][Unpd][Sg]

pimalghii	pi-@₁~:(i/u)ma[V→V]-@₁–lghii[V→N][N][Abs][Unpd][Sg]
pimalghii	pi-@₁~:(i/u)magh[V→V]-@₁–lghii[V→N][N][Abs][Unpd][Sg]

iqalluganun	iqallug[N][Ter][3SgPoss][SgPosd]
iqalluganun	iqallug[N][Ter][3SgPoss][PlPosd]

------------------------
Taglaamalghii.

taglaamalghii	taglagh-@₁~:(i/u)ma[V→V]-@₁–lghii[V→N][N][Abs][Unpd][Sg]
taglaamalghii	taglagh-@₁~:(i/u)magh[V→V]-@₁–lghii[V→N][N][Abs][Unpd][Sg]
taglaamalghii	taglagh-~:(ng₁)u[V→V]-@₁~:(i/u)ma[V→V]-@₁–lghii[V→N][N][Abs][Unpd][Sg]
taglaamalghii	taglagh-~:(ng₁)u[V→V]-@₁~:(i/u)magh[V→V]-@₁–lghii[V→N][N][Abs][Unpd][Sg]

------------------------
Iiwenllu mengteghamun kaasaghtughaquq atughllagmeng nagaquusimalghii.

iiwenllu	iiw[N][Abs][2SgPoss][SgPosd]-llu[Encl]
iiwenllu	iiwenllu
iiwenllu	iiwenllu[N][Abs][Unpd][Sg]
iiwenllu	iiwete[N][Abs][Unpd][Sg]-llu[Encl]

mengteghamun	mengteghagh[N][Ter][Unpd][Sg]

kaasaghtughaquq	kaate-@₁~fyagh[V→V]-tu[V→V]-@₁~:(u)n[V→N]-–ghagh*[N→N]-~–ke[N→V][V][Intr][Ind][3Sg]
kaasaghtughaquq	kaate-@₁~fyaghtugh[V→V]-~(g₁)aqe[V→V][V][Intr][Ind][3Sg]
kaasaghtughaquq	kaate-@₁~fyaghtugh[V→V]-aq[V→N]-~–ke[N→V][V][Intr][Ind][3Sg]

atughllagmeng	aw-–tu[N→V]-@₁~:(u)n[V→N]-–ghllag[N→N][N][Abl_Mod][Unpd][Sg]
atughllagmeng	aw-–tu[N→V]-@₁~:(u)n[V→N]-–ghllag[N→N][N][Rel][4DuPoss][PlPosd]
atughllagmeng	aw-–tu[N→V]-@₁~:(u)n[V→N]-–ghllag[N→N][N][Rel][4DuPoss][SgPosd]
atughllagmeng	aw-–tu[N→V]-@₁~:(u)n[V→N]-–ghllag[N→N][N][Rel][4PlPoss][PlPosd]
atughllagmeng	aw-–tu[N→V]-@₁~:(u)n[V→N]-–ghllag[N→N][N][Rel][4PlPoss][SgPosd]
atughllagmeng	atugh-–ghllag[N→N][N][Abl_Mod][Unpd][Sg]
atughllagmeng	atugh-–ghllag[N→N][N][Rel][4DuPoss][PlPosd]
atughllagmeng	atugh-–ghllag[N→N][N][Rel][4DuPoss][SgPosd]
atughllagmeng	atugh-–ghllag[N→N][N][Rel][4PlPoss][PlPosd]
atughllagmeng	atugh-–ghllag[N→N][N][Rel][4PlPoss][SgPosd]

nagaquusimalghii	nagate-@₁qugh[V→V]-–ghte[V→V]-@₁~:(u)te[V→V]-@₁~:(i/u)ma[V→V]-@₁–lghii[V→N][N][Abs][Unpd][Sg]
nagaquusimalghii	nagate-@₁qugh[V→V]-–ghte[V→V]-@₁~:(u)te[V→V]-@₁~:(i/u)magh[V→V]-@₁–lghii[V→N][N][Abs][Unpd][Sg]
nagaquusimalghii	nagate-@₁qugh[to.V.completely]-–ghte[V→V]-@₁~:(u)te[V→V]-@₁~:(i/u)ma[V→V]-@₁–lghii[V→N][N][Abs][Unpd][Sg]
nagaquusimalghii	nagate-@₁qugh[to.V.completely]-–ghte[V→V]-@₁~:(u)te[V→V]-@₁~:(i/u)magh[V→V]-@₁–lghii[V→N][N][Abs][Unpd][Sg]
nagaquusimalghii	nagate-@₁qugh[V→V]-@₁~:(u)te[V→V]-@₁~:(i/u)ma[V→V]-@₁–lghii[V→N][N][Abs][Unpd][Sg]
nagaquusimalghii	nagate-@₁qugh[V→V]-@₁~:(u)te[V→V]-@₁~:(i/u)magh[V→V]-@₁–lghii[V→N][N][Abs][Unpd][Sg]
nagaquusimalghii	nagate-@₁qugh[V→V]-te[V→V]-@₁~:(u)te[V→V]-@₁~:(i/u)ma[V→V]-@₁–lghii[V→N][N][Abs][Unpd][Sg]
nagaquusimalghii	nagate-@₁qugh[V→V]-te[V→V]-@₁~:(u)te[V→V]-@₁~:(i/u)magh[V→V]-@₁–lghii[V→N][N][Abs][Unpd][Sg]
nagaquusimalghii	nagate-@₁qugh[V→V]-~:(ng₁)u[V→V]-@₁~:(u)te[V→V]-@₁~:(i/u)ma[V→V]-@₁–lghii[V→N][N][Abs][Unpd][Sg]
nagaquusimalghii	nagate-@₁qugh[V→V]-~:(ng₁)u[V→V]-@₁~:(u)te[V→V]-@₁~:(i/u)magh[V→V]-@₁–lghii[V→N][N][Abs][Unpd][Sg]
nagaquusimalghii	nagate-@₁qugh[V→V]-~:(ng₁)u[V→V]-~:(u)te[V→V]-@₁~:(i/u)ma[V→V]-@₁–lghii[V→N][N][Abs][Unpd][Sg]
nagaquusimalghii	nagate-@₁qugh[V→V]-~:(ng₁)u[V→V]-~:(u)te[V→V]-@₁~:(i/u)magh[V→V]-@₁–lghii[V→N][N][Abs][Unpd][Sg]
nagaquusimalghii	nagate-@₁qugh[V→V]-~:(ng₁)u[V→V]-te[V→V]-@₁~:(i/u)ma[V→V]-@₁–lghii[V→N][N][Abs][Unpd][Sg]
nagaquusimalghii	nagate-@₁qugh[V→V]-~:(ng₁)u[V→V]-te[V→V]-@₁~:(i/u)magh[V→V]-@₁–lghii[V→N][N][Abs][Unpd][Sg]
nagaquusimalghii	nagate-@₁qugh[V→V]-~:(u)te[V→V]-@₁~:(i/u)ma[V→V]-@₁–lghii[V→N][N][Abs][Unpd][Sg]
nagaquusimalghii	nagate-@₁qugh[V→V]-~:(u)te[V→V]-@₁~:(i/u)magh[V→V]-@₁–lghii[V→N][N][Abs][Unpd][Sg]
nagaquusimalghii	nagate-@₁qugh[to.V.completely]-@₁~:(u)te[V→V]-@₁~:(i/u)ma[V→V]-@₁–lghii[V→N][N][Abs][Unpd][Sg]
nagaquusimalghii	nagate-@₁qugh[to.V.completely]-@₁~:(u)te[V→V]-@₁~:(i/u)magh[V→V]-@₁–lghii[V→N][N][Abs][Unpd][Sg]
nagaquusimalghii	nagate-@₁qugh[to.V.completely]-te[V→V]-@₁~:(u)te[V→V]-@₁~:(i/u)ma[V→V]-@₁–lghii[V→N][N][Abs][Unpd][Sg]
nagaquusimalghii	nagate-@₁qugh[to.V.completely]-te[V→V]-@₁~:(u)te[V→V]-@₁~:(i/u)magh[V→V]-@₁–lghii[V→N][N][Abs][Unpd][Sg]
nagaquusimalghii	nagate-@₁qugh[to.V.completely]-~:(ng₁)u[V→V]-@₁~:(u)te[V→V]-@₁~:(i/u)ma[V→V]-@₁–lghii[V→N][N][Abs][Unpd][Sg]
nagaquusimalghii	nagate-@₁qugh[to.V.completely]-~:(ng₁)u[V→V]-@₁~:(u)te[V→V]-@₁~:(i/u)magh[V→V]-@₁–lghii[V→N][N][Abs][Unpd][Sg]
nagaquusimalghii	nagate-@₁qugh[to.V.completely]-~:(ng₁)u[V→V]-~:(u)te[V→V]-@₁~:(i/u)ma[V→V]-@₁–lghii[V→N][N][Abs][Unpd][Sg]
nagaquusimalghii	nagate-@₁qugh[to.V.completely]-~:(ng₁)u[V→V]-~:(u)te[V→V]-@₁~:(i/u)magh[V→V]-@₁–lghii[V→N][N][Abs][Unpd][Sg]
nagaquusimalghii	nagate-@₁qugh[to.V.completely]-~:(ng₁)u[V→V]-te[V→V]-@₁~:(i/u)ma[V→V]-@₁–lghii[V→N][N][Abs][Unpd][Sg]
nagaquusimalghii	nagate-@₁qugh[to.V.completely]-~:(ng₁)u[V→V]-te[V→V]-@₁~:(i/u)magh[V→V]-@₁–lghii[V→N][N][Abs][Unpd][Sg]
nagaquusimalghii	nagate-@₁qugh[to.V.completely]-~:(u)te[V→V]-@₁~:(i/u)ma[V→V]-@₁–lghii[V→N][N][Abs][Unpd][Sg]
nagaquusimalghii	nagate-@₁qugh[to.V.completely]-~:(u)te[V→V]-@₁~:(i/u)magh[V→V]-@₁–lghii[V→N][N][Abs][Unpd][Sg]
nagaquusimalghii	nagaqugh-–ghte[V→V]-@₁~:(u)te[V→V]-@₁~:(i/u)ma[V→V]-@₁–lghii[V→N][N][Abs][Unpd][Sg]
nagaquusimalghii	nagaqugh-–ghte[V→V]-@₁~:(u)te[V→V]-@₁~:(i/u)magh[V→V]-@₁–lghii[V→N][N][Abs][Unpd][Sg]
nagaquusimalghii	nagaqugh-@₁~:(u)te[V→V]-@₁~:(i/u)ma[V→V]-@₁–lghii[V→N][N][Abs][Unpd][Sg]
nagaquusimalghii	nagaqugh-@₁~:(u)te[V→V]-@₁~:(i/u)magh[V→V]-@₁–lghii[V→N][N][Abs][Unpd][Sg]
nagaquusimalghii	nagaqugh-te[V→V]-@₁~:(u)te[V→V]-@₁~:(i/u)ma[V→V]-@₁–lghii[V→N][N][Abs][Unpd][Sg]
nagaquusimalghii	nagaqugh-te[V→V]-@₁~:(u)te[V→V]-@₁~:(i/u)magh[V→V]-@₁–lghii[V→N][N][Abs][Unpd][Sg]
nagaquusimalghii	nagaqugh-~:(ng₁)u[V→V]-@₁~:(u)te[V→V]-@₁~:(i/u)ma[V→V]-@₁–lghii[V→N][N][Abs][Unpd][Sg]
nagaquusimalghii	nagaqugh-~:(ng₁)u[V→V]-@₁~:(u)te[V→V]-@₁~:(i/u)magh[V→V]-@₁–lghii[V→N][N][Abs][Unpd][Sg]
nagaquusimalghii	nagaqugh-~:(ng₁)u[V→V]-~:(u)te[V→V]-@₁~:(i/u)ma[V→V]-@₁–lghii[V→N][N][Abs][Unpd][Sg]
nagaquusimalghii	nagaqugh-~:(ng₁)u[V→V]-~:(u)te[V→V]-@₁~:(i/u)magh[V→V]-@₁–lghii[V→N][N][Abs][Unpd][Sg]
nagaquusimalghii	nagaqugh-~:(ng₁)u[V→V]-te[V→V]-@₁~:(i/u)ma[V→V]-@₁–lghii[V→N][N][Abs][Unpd][Sg]
nagaquusimalghii	nagaqugh-~:(ng₁)u[V→V]-te[V→V]-@₁~:(i/u)magh[V→V]-@₁–lghii[V→N][N][Abs][Unpd][Sg]
nagaquusimalghii	nagaqugh-~:(u)te[V→V]-@₁~:(i/u)ma[V→V]-@₁–lghii[V→N][N][Abs][Unpd][Sg]
nagaquusimalghii	nagaqugh-~:(u)te[V→V]-@₁~:(i/u)magh[V→V]-@₁–lghii[V→N][N][Abs][Unpd][Sg]

------------------------
"Pagellegraay, pagellegraay, singtseraay, niquraangaangaaaa aangaa iyaanangaa." (1)

aangaa	aw-–nge[N→V][V][Intr][Intrg][3Sg]
aangaa	aag-–ngagh[V→V]-~:(ng₁)u[V→V][V][Intr][Opt][PRS][2Sg]
aangaa	aag-–ngagh[V→V][V][Intr][Opt][PRS][2Sg]
aangaa	aaw-–nge[N→V][V][Intr][Intrg][3Sg]
aangaa	aaw-–nge[N→V][V][Trns][Ind][3Sg][3Sg]
aangaa	aaw-–ngagh[V→V]-~:(ng₁)u[V→V][V][Intr][Opt][PRS][2Sg]
aangaa	aaw-–ngagh[V→V][V][Intr][Opt][PRS][2Sg]
aangaa	aaghw-–nge[N→V][V][Intr][Intrg][3Sg]
aangaa	aaghw-–nge[N→V][V][Trns][Ind][3Sg][3Sg]
aangaa	aange[V][Intr][Intrg][3Sg]
aangaa	aange[V][Trns][Ind][3Sg][3Sg]
aangaa	aghte-@₁~:(u)n[V→N]-–nge[N→V][V][Intr][Intrg][3Sg]
aangaa	aghte-@₁~:(u)n[V→N]-–nge[N→V][V][Trns][Ind][3Sg][3Sg]

iyaanangaa	iyagh-–ghte[N→V]-@₁~:(u)n[V→N]-agh[N→V]-–ngagh[V→V]-~:(ng₁)u[V→V][V][Intr][Opt][PRS][2Sg]
iyaanangaa	iyagh-–ghte[N→V]-@₁~:(u)n[V→N]-agh[N→V]-–ngagh[V→V][V][Intr][Opt][PRS][2Sg]
iyaanangaa	iyagh-–ghte[N→V]-te[V→V]-@₁~:(u)n[V→N]-agh[N→V]-–ngagh[V→V]-~:(ng₁)u[V→V][V][Intr][Opt][PRS][2Sg]
iyaanangaa	iyagh-–ghte[N→V]-te[V→V]-@₁~:(u)n[V→N]-agh[N→V]-–ngagh[V→V][V][Intr][Opt][PRS][2Sg]
iyaanangaa	iyagh-–ghte[V→V]-@₁~:(u)n[V→N]-agh[N→V]-–ngagh[V→V]-~:(ng₁)u[V→V][V][Intr][Opt][PRS][2Sg]
iyaanangaa	iyagh-–ghte[V→V]-@₁~:(u)n[V→N]-agh[N→V]-–ngagh[V→V][V][Intr][Opt][PRS][2Sg]
iyaanangaa	iyagh-@₁~:(u)n[V→N]-agh[N→V]-–ngagh[V→V]-~:(ng₁)u[V→V][V][Intr][Opt][PRS][2Sg]
iyaanangaa	iyagh-@₁~:(u)n[V→N]-agh[N→V]-–ngagh[V→V][V][Intr][Opt][PRS][2Sg]
iyaanangaa	iyagh-te[N→V]-@₁~:(u)n[V→N]-agh[N→V]-–ngagh[V→V]-~:(ng₁)u[V→V][V][Intr][Opt][PRS][2Sg]
iyaanangaa	iyagh-te[N→V]-@₁~:(u)n[V→N]-agh[N→V]-–ngagh[V→V][V][Intr][Opt][PRS][2Sg]
iyaanangaa	iyagh-te[V→V]-@₁~:(u)n[V→N]-agh[N→V]-–ngagh[V→V]-~:(ng₁)u[V→V][V][Intr][Opt][PRS][2Sg]
iyaanangaa	iyagh-te[V→V]-@₁~:(u)n[V→N]-agh[N→V]-–ngagh[V→V][V][Intr][Opt][PRS][2Sg]
iyaanangaa	iyagh-~:(ng₁)u[N→V]-@₁~:(u)te[V→V]-@₁~fnaq[V→N]-–nge[N→V][V][Intr][Intrg][3Sg]
iyaanangaa	iyagh-~:(ng₁)u[N→V]-@₁~:(u)te[V→V]-@₁~fnaq[V→N]-–nge[N→V][V][Trns][Ind][3Sg][3Sg]
iyaanangaa	iyagh-~:(ng₁)u[N→V]-@₁~:(u)te[V→V]-@₁~fna[V→V]-@₁~:(u)n[V→N]-–nge[N→V][V][Intr][Intrg][3Sg]
iyaanangaa	iyagh-~:(ng₁)u[N→V]-@₁~:(u)te[V→V]-@₁~fna[V→V]-@₁~:(u)n[V→N]-–nge[N→V][V][Trns][Ind][3Sg][3Sg]
iyaanangaa	iyagh-~:(ng₁)u[N→V]-@₁~:(u)te[V→V]-@₁~fna[V→V]-~fnga[V→V][V][Intr][Intrg][3Sg]
iyaanangaa	iyagh-~:(ng₁)u[N→V]-@₁~:(u)te[V→V]-@₁~fna[V→V]-–ngagh[V→V]-~:(ng₁)u[V→V][V][Intr][Opt][PRS][2Sg]
iyaanangaa	iyagh-~:(ng₁)u[N→V]-@₁~:(u)te[V→V]-@₁~fna[V→V]-–ngagh[V→V][V][Intr][Opt][PRS][2Sg]
iyaanangaa	iyagh-~:(ng₁)u[N→V]-@₁~:(u)te[V→V]-@₁~fnagh[V→V]-–ngagh[V→V]-~:(ng₁)u[V→V][V][Intr][Opt][PRS][2Sg]
iyaanangaa	iyagh-~:(ng₁)u[N→V]-@₁~:(u)te[V→V]-@₁~fnagh[V→V]-–ngagh[V→V][V][Intr][Opt][PRS][2Sg]
iyaanangaa	iyagh-~:(ng₁)u[N→V]-@₁~:(u)n[V→N]-agh[N→V]-–ngagh[V→V]-~:(ng₁)u[V→V][V][Intr][Opt][PRS][2Sg]
iyaanangaa	iyagh-~:(ng₁)u[N→V]-@₁~:(u)n[V→N]-agh[N→V]-–ngagh[V→V][V][Intr][Opt][PRS][2Sg]
iyaanangaa	iyagh-~:(ng₁)u[N→V]-@₁~fnaq[V→N]-–nge[N→V][V][Intr][Intrg][3Sg]
iyaanangaa	iyagh-~:(ng₁)u[N→V]-@₁~fnaq[V→N]-–nge[N→V][V][Trns][Ind][3Sg][3Sg]
iyaanangaa	iyagh-~:(ng₁)u[N→V]-@₁~fna[V→V]-@₁~:(u)n[V→N]-–nge[N→V][V][Intr][Intrg][3Sg]
iyaanangaa	iyagh-~:(ng₁)u[N→V]-@₁~fna[V→V]-@₁~:(u)n[V→N]-–nge[N→V][V][Trns][Ind][3Sg][3Sg]
iyaanangaa	iyagh-~:(ng₁)u[N→V]-@₁~fna[V→V]-~fnga[V→V][V][Intr][Intrg][3Sg]
iyaanangaa	iyagh-~:(ng₁)u[N→V]-@₁~fna[V→V]-–ngagh[V→V]-~:(ng₁)u[V→V][V][Intr][Opt][PRS][2Sg]
iyaanangaa	iyagh-~:(ng₁)u[N→V]-@₁~fna[V→V]-–ngagh[V→V][V][Intr][Opt][PRS][2Sg]
iyaanangaa	iyagh-~:(ng₁)u[N→V]-@₁~fnagh[V→V]-–ngagh[V→V]-~:(ng₁)u[V→V][V][Intr][Opt][PRS][2Sg]
iyaanangaa	iyagh-~:(ng₁)u[N→V]-@₁~fnagh[V→V]-–ngagh[V→V][V][Intr][Opt][PRS][2Sg]
iyaanangaa	iyagh-~:(ng₁)u[N→V]-~:(u)te[V→V]-@₁~fnaq[V→N]-–nge[N→V][V][Intr][Intrg][3Sg]
iyaanangaa	iyagh-~:(ng₁)u[N→V]-~:(u)te[V→V]-@₁~fnaq[V→N]-–nge[N→V][V][Trns][Ind][3Sg][3Sg]
iyaanangaa	iyagh-~:(ng₁)u[N→V]-~:(u)te[V→V]-@₁~fna[V→V]-@₁~:(u)n[V→N]-–nge[N→V][V][Intr][Intrg][3Sg]
iyaanangaa	iyagh-~:(ng₁)u[N→V]-~:(u)te[V→V]-@₁~fna[V→V]-@₁~:(u)n[V→N]-–nge[N→V][V][Trns][Ind][3Sg][3Sg]
iyaanangaa	iyagh-~:(ng₁)u[N→V]-~:(u)te[V→V]-@₁~fna[V→V]-~fnga[V→V][V][Intr][Intrg][3Sg]
iyaanangaa	iyagh-~:(ng₁)u[N→V]-~:(u)te[V→V]-@₁~fna[V→V]-–ngagh[V→V]-~:(ng₁)u[V→V][V][Intr][Opt][PRS][2Sg]
iyaanangaa	iyagh-~:(ng₁)u[N→V]-~:(u)te[V→V]-@₁~fna[V→V]-–ngagh[V→V][V][Intr][Opt][PRS][2Sg]
iyaanangaa	iyagh-~:(ng₁)u[N→V]-~:(u)te[V→V]-@₁~fnagh[V→V]-–ngagh[V→V]-~:(ng₁)u[V→V][V][Intr][Opt][PRS][2Sg]
iyaanangaa	iyagh-~:(ng₁)u[N→V]-~:(u)te[V→V]-@₁~fnagh[V→V]-–ngagh[V→V][V][Intr][Opt][PRS][2Sg]
iyaanangaa	iyagh-~:(ng₁)u[V→V]-@₁~:(u)te[V→V]-@₁~fnaq[V→N]-–nge[N→V][V][Intr][Intrg][3Sg]
iyaanangaa	iyagh-~:(ng₁)u[V→V]-@₁~:(u)te[V→V]-@₁~fnaq[V→N]-–nge[N→V][V][Trns][Ind][3Sg][3Sg]
iyaanangaa	iyagh-~:(ng₁)u[V→V]-@₁~:(u)te[V→V]-@₁~fna[V→V]-@₁~:(u)n[V→N]-–nge[N→V][V][Intr][Intrg][3Sg]
iyaanangaa	iyagh-~:(ng₁)u[V→V]-@₁~:(u)te[V→V]-@₁~fna[V→V]-@₁~:(u)n[V→N]-–nge[N→V][V][Trns][Ind][3Sg][3Sg]
iyaanangaa	iyagh-~:(ng₁)u[V→V]-@₁~:(u)te[V→V]-@₁~fna[V→V]-~fnga[V→V][V][Intr][Intrg][3Sg]
iyaanangaa	iyagh-~:(ng₁)u[V→V]-@₁~:(u)te[V→V]-@₁~fna[V→V]-–ngagh[V→V]-~:(ng₁)u[V→V][V][Intr][Opt][PRS][2Sg]
iyaanangaa	iyagh-~:(ng₁)u[V→V]-@₁~:(u)te[V→V]-@₁~fna[V→V]-–ngagh[V→V][V][Intr][Opt][PRS][2Sg]
iyaanangaa	iyagh-~:(ng₁)u[V→V]-@₁~:(u)te[V→V]-@₁~fnagh[V→V]-–ngagh[V→V]-~:(ng₁)u[V→V][V][Intr][Opt][PRS][2Sg]
iyaanangaa	iyagh-~:(ng₁)u[V→V]-@₁~:(u)te[V→V]-@₁~fnagh[V→V]-–ngagh[V→V][V][Intr][Opt][PRS][2Sg]
iyaanangaa	iyagh-~:(ng₁)u[V→V]-@₁~:(u)n[V→N]-agh[N→V]-–ngagh[V→V]-~:(ng₁)u[V→V][V][Intr][Opt][PRS][2Sg]
iyaanangaa	iyagh-~:(ng₁)u[V→V]-@₁~:(u)n[V→N]-agh[N→V]-–ngagh[V→V][V][Intr][Opt][PRS][2Sg]
iyaanangaa	iyagh-~:(ng₁)u[V→V]-@₁~fnaq[V→N]-–nge[N→V][V][Intr][Intrg][3Sg]
iyaanangaa	iyagh-~:(ng₁)u[V→V]-@₁~fnaq[V→N]-–nge[N→V][V][Trns][Ind][3Sg][3Sg]
iyaanangaa	iyagh-~:(ng₁)u[V→V]-@₁~fna[V→V]-@₁~:(u)n[V→N]-–nge[N→V][V][Intr][Intrg][3Sg]
iyaanangaa	iyagh-~:(ng₁)u[V→V]-@₁~fna[V→V]-@₁~:(u)n[V→N]-–nge[N→V][V][Trns][Ind][3Sg][3Sg]
iyaanangaa	iyagh-~:(ng₁)u[V→V]-@₁~fna[V→V]-~fnga[V→V][V][Intr][Intrg][3Sg]
iyaanangaa	iyagh-~:(ng₁)u[V→V]-@₁~fna[V→V]-–ngagh[V→V]-~:(ng₁)u[V→V][V][Intr][Opt][PRS][2Sg]
iyaanangaa	iyagh-~:(ng₁)u[V→V]-@₁~fna[V→V]-–ngagh[V→V][V][Intr][Opt][PRS][2Sg]
iyaanangaa	iyagh-~:(ng₁)u[V→V]-@₁~fnagh[V→V]-–ngagh[V→V]-~:(ng₁)u[V→V][V][Intr][Opt][PRS][2Sg]
iyaanangaa	iyagh-~:(ng₁)u[V→V]-@₁~fnagh[V→V]-–ngagh[V→V][V][Intr][Opt][PRS][2Sg]
iyaanangaa	iyagh-~:(ng₁)u[V→V]-~:(u)te[V→V]-@₁~fnaq[V→N]-–nge[N→V][V][Intr][Intrg][3Sg]
iyaanangaa	iyagh-~:(ng₁)u[V→V]-~:(u)te[V→V]-@₁~fnaq[V→N]-–nge[N→V][V][Trns][Ind][3Sg][3Sg]
iyaanangaa	iyagh-~:(ng₁)u[V→V]-~:(u)te[V→V]-@₁~fna[V→V]-@₁~:(u)n[V→N]-–nge[N→V][V][Intr][Intrg][3Sg]
iyaanangaa	iyagh-~:(ng₁)u[V→V]-~:(u)te[V→V]-@₁~fna[V→V]-@₁~:(u)n[V→N]-–nge[N→V][V][Trns][Ind][3Sg][3Sg]
iyaanangaa	iyagh-~:(ng₁)u[V→V]-~:(u)te[V→V]-@₁~fna[V→V]-~fnga[V→V][V][Intr][Intrg][3Sg]
iyaanangaa	iyagh-~:(ng₁)u[V→V]-~:(u)te[V→V]-@₁~fna[V→V]-–ngagh[V→V]-~:(ng₁)u[V→V][V][Intr][Opt][PRS][2Sg]
iyaanangaa	iyagh-~:(ng₁)u[V→V]-~:(u)te[V→V]-@₁~fna[V→V]-–ngagh[V→V][V][Intr][Opt][PRS][2Sg]
iyaanangaa	iyagh-~:(ng₁)u[V→V]-~:(u)te[V→V]-@₁~fnagh[V→V]-–ngagh[V→V]-~:(ng₁)u[V→V][V][Intr][Opt][PRS][2Sg]
iyaanangaa	iyagh-~:(ng₁)u[V→V]-~:(u)te[V→V]-@₁~fnagh[V→V]-–ngagh[V→V][V][Intr][Opt][PRS][2Sg]

------------------------
(1) Awiituwaqwha ngelqat akuzillghat.

ngelqat	ngelqagh[N][Abs][Unpd][Pl]
ngelqat	ngelqagh[N][Rel][Unpd][Pl]

akuzillghat	akuzillegh[N][Abs][3PlPoss][SgPosd]

------------------------


	

------------------------
Iitqestaghluni iiyakun qineghsalghiimi mekelghiighet estamat atughaqeftut ataasiq aghulaaqeftuq amiirateng mataghlluki.

iiyakun	iiyagh[N][Via][Unpd][Sg]

qineghsalghiimi	qineghte-@₁~fyagh[V→V]-@₁–lghii[V→N][N][Abs][Unpd][Sg]-mi[Encl]
qineghsalghiimi	qineghte-@₁~fyagh[V→V]-@₁–lghii[V→N][N][Loc][Unpd][Sg]
qineghsalghiimi	qineghte-@₁~fyagh[V→V]-@₁–lghii[V→N][N][Rel][4SgPoss][PlPosd]
qineghsalghiimi	qineghte-@₁~fyagh[V→V]-@₁–lghii[V→N][N][Rel][4SgPoss][SgPosd]
qineghsalghiimi	qineghte[V][Intr][Ptcp_Obl][4Sg]

mekelghiighet	mekelghiigh[N][Abs][Unpd][Pl]
mekelghiighet	mekelghiigh[N][Rel][Unpd][Pl]

estamat	estamat[N][Abs][Unpd][Sg]

atughaqeftut	aw-–tu[N→V]-@₁~:(u)n[V→N]-–ghagh*[N→N]-~–ke[N→V]-(pete)fte[V→V][V][Intr][Ind][3Pl]
atughaqeftut	atugh-–ghagh*[N→N]-~–ke[N→V]-(pete)fte[V→V][V][Intr][Ind][3Pl]
atughaqeftut	atugh-~(g₁)aqe[V→V]-(pete)fte[V→V][V][Intr][Ind][3Pl]
atughaqeftut	atugh-aq[V→N]-~–ke[N→V]-(pete)fte[V→V][V][Intr][Ind][3Pl]

ataasiq	ata-te[N→V]-@₁~:(u)siq[V→N][N][Abs][Unpd][Sg]
ataasiq	ata-–ghte[N→V]-@₁~:(u)siq[V→N][N][Abs][Unpd][Sg]
ataasiq	ata-–ghte[N→V]-te[V→V]-@₁~:(u)siq[V→N][N][Abs][Unpd][Sg]
ataasiq	ataasigh[N][Abs][Unpd][Sg]

aghulaaqeftuq	aghu-@₁~:(u)n[V→N]-–leg[N→N]-~–(ng₁)uaq[N→N]-~–ke[N→V]-(pete)fte[V→V][V][Intr][Ind][3Sg]
aghulaaqeftuq	aghu-@₁~:(u)n[V→N]-–laaq[N→N]-~–ke[N→V]-(pete)fte[V→V][V][Intr][Ind][3Sg]
aghulaaqeftuq	aghula-~(g₁)aqe[V→V]-(pete)fte[V→V][V][Intr][Ind][3Sg]
aghulaaqeftuq	aghula-aq[V→N]-~–ke[N→V]-(pete)fte[V→V][V][Intr][Ind][3Sg]

amiirateng	amiiragh[N][Abs][4PlPoss][PlPosd]

mataghlluki	matagh-–ghte[N→V]-te[V→V][V][Trns][Sbrd][_][3Pl]
mataghlluki	matagh-lluk[N→N]-~–ke[N→V]-~i[V→V][V][Intr][Opt][PRS][2Sg]
mataghlluki	matagh-lluk[N→N]-~–ke[N→V][V][Intr][Opt][PRS][2Sg]
mataghlluki	matagh-lluk[N→N]-~–ke[N→N]-––i[N→V][V][Intr][Opt][PRS][2Sg]
mataghlluki	matagh-lluk[N→N][N][Abs][3SgPoss][PlPosd]

------------------------
Itqaghlluni amiiriitgun aqumqaghsimalghii.

amiiriitgun	amiiragh[N][Via][3DuPoss][DuPosd]
amiiriitgun	amiiragh[N][Via][3PlPoss][SgPosd]
amiiriitgun	amiiragh[N][Via][3PlPoss][PlPosd]
amiiriitgun	amiiragh[N][Via][3PlPoss][DuPosd]

aqumqaghsimalghii	aqume-~–qagh[V→V]-–ghte[V→V]-@₁~:(i/u)ma[V→V]-@₁–lghii[V→N][N][Abs][Unpd][Sg]
aqumqaghsimalghii	aqume-~–qagh[V→V]-–ghte[V→V]-@₁~:(i/u)magh[V→V]-@₁–lghii[V→N][N][Abs][Unpd][Sg]
aqumqaghsimalghii	aqume-~–qagh[V→V]-te[V→V]-@₁~:(i/u)ma[V→V]-@₁–lghii[V→N][N][Abs][Unpd][Sg]
aqumqaghsimalghii	aqume-~–qagh[V→V]-te[V→V]-@₁~:(i/u)magh[V→V]-@₁–lghii[V→N][N][Abs][Unpd][Sg]
aqumqaghsimalghii	aqume-~–qaghte[V→V]-@₁~:(i/u)ma[V→V]-@₁–lghii[V→N][N][Abs][Unpd][Sg]
aqumqaghsimalghii	aqume-~–qaghte[V→V]-@₁~:(i/u)magh[V→V]-@₁–lghii[V→N][N][Abs][Unpd][Sg]

------------------------
Pngighsiimakangi.

------------------------
Llaaghanwha uginga taaqumalghii quyngimun pineghmeng.

llaaghanwha	llaaghanwha

uginga	ugi-–nge[N→V][V][Intr][Intrg][3Sg]
uginga	ugi[N][Abs][3SgPoss][SgPosd]

taaqumalghii	taaqe-@₁~:(i/u)ma[V→V]-@₁–lghii[V→N][N][Abs][Unpd][Sg]
taaqumalghii	taaqe-@₁~:(i/u)magh[V→V]-@₁–lghii[V→N][N][Abs][Unpd][Sg]

quyngimun	quyngigh-––i[N→V]-mete[V→V]-@₁~:(u)n[V→N][N][Abs][Unpd][Sg]
quyngimun	quyngigh[N][Ter][Unpd][Sg]

pineghmeng	pi-@₁~:(u)te[V→V]-@₁–negh[V→N][N][Abl_Mod][Unpd][Sg]
pineghmeng	pi-@₁~:(u)te[V→V]-@₁–negh[V→N][N][Rel][4DuPoss][PlPosd]
pineghmeng	pi-@₁~:(u)te[V→V]-@₁–negh[V→N][N][Rel][4DuPoss][SgPosd]
pineghmeng	pi-@₁~:(u)te[V→V]-@₁–negh[V→N][N][Rel][4PlPoss][PlPosd]
pineghmeng	pi-@₁~:(u)te[V→V]-@₁–negh[V→N][N][Rel][4PlPoss][SgPosd]
pineghmeng	pi-@₁~:(u)te[V→V][V][Intr][Ctmp][4Pl]
pineghmeng	pi-@₁–negh[V→N][N][Abl_Mod][Unpd][Sg]
pineghmeng	pi-@₁–negh[V→N][N][Rel][4DuPoss][PlPosd]
pineghmeng	pi-@₁–negh[V→N][N][Rel][4DuPoss][SgPosd]
pineghmeng	pi-@₁–negh[V→N][N][Rel][4PlPoss][PlPosd]
pineghmeng	pi-@₁–negh[V→N][N][Rel][4PlPoss][SgPosd]
pineghmeng	pi-~:(u)te[V→V]-@₁–negh[V→N][N][Abl_Mod][Unpd][Sg]
pineghmeng	pi-~:(u)te[V→V]-@₁–negh[V→N][N][Rel][4DuPoss][PlPosd]
pineghmeng	pi-~:(u)te[V→V]-@₁–negh[V→N][N][Rel][4DuPoss][SgPosd]
pineghmeng	pi-~:(u)te[V→V]-@₁–negh[V→N][N][Rel][4PlPoss][PlPosd]
pineghmeng	pi-~:(u)te[V→V]-@₁–negh[V→N][N][Rel][4PlPoss][SgPosd]
pineghmeng	pi-~:(u)te[V→V][V][Intr][Ctmp][4Pl]
pineghmeng	pi[V][Intr][Ctmp][4Pl]
pineghmeng	pinegh[N][Abl_Mod][Unpd][Sg]
pineghmeng	pinegh[N][Rel][4DuPoss][PlPosd]
pineghmeng	pinegh[N][Rel][4DuPoss][SgPosd]
pineghmeng	pinegh[N][Rel][4PlPoss][PlPosd]
pineghmeng	pinegh[N][Rel][4PlPoss][SgPosd]

------------------------
Taakut mekelghiighet ellngita taghnughhaqumakangit.

taakut	taake[V][Intr][Ind][3Pl]

mekelghiighet	mekelghiigh[N][Abs][Unpd][Pl]
mekelghiighet	mekelghiigh[N][Rel][Unpd][Pl]

ellngita	ellngit-––i[N→V]-@₁~:(u)te[V→V][V][Intr][Intrg][3Sg]
ellngita	ellngit-––i[N→V]-@₁~:(u)ta[V→N][N][Abs][Unpd][Sg]
ellngita	ellngit-––i[N→V]-~:(u)te[V→V][V][Intr][Intrg][3Sg]
ellngita	ellngit-––i[N→V]-~:(u)te[V→N][N][Abs][Unpd][Sg]
ellngita	ellngit-––i[N→V]-~:(u)ta[V→N][N][Abs][Unpd][Sg]
ellngita	ellngit-––i[N→V]-te[V→V][V][Intr][Intrg][3Sg]
ellngita	ellngit[N][Abs][3SgPoss][SgPosd]

taghnughhaqumakangit	taghnughhagh*-~–ke[N→V]-@₁~:(i/u)ma[V→V]-@*@₂~sf–(g₂)k(a)e[V→N][N][Abs][3PlPoss][PlPosd]

------------------------
