Afsengaghhaq

------------------------


	

------------------------
Iimnanguq, afsengaghhaq meqsaghtuumalghii naayvam qukaanun.

iimnanguq	iime-@₁~f–neq[V→N]-–nge[N→V][V][Intr][Ind][3Sg]
iimnanguq	iime-@₁~neq[V→N]-–nge[N→V][V][Intr][Ind][3Sg]
iimnanguq	iime-@₁~fnaq[V→N]-–nge[N→V][V][Intr][Ind][3Sg]
iimnanguq	iime-@₁~fna[V→V]-@₁~:(u)n[V→N]-–nge[N→V][V][Intr][Ind][3Sg]
iimnanguq	iime-@₁~fna[V→V]-@*ngugh*[V→N][N][Abs][Unpd][Sg]
iimnanguq	iime-@₁~fna[V→V]-–ngugh*[V→N][N][Abs][Unpd][Sg]
iimnanguq	iime-@₁~fnagh[V→V]-–ngugh*[V→N][N][Abs][Unpd][Sg]
iimnanguq	iimna-–nge[N→V][V][Intr][Ind][3Sg]
iimnanguq	iimna[N][Abs][Unpd][Sg]-nguq[Encl]
iimnanguq	iimnanguq
iimnanguq	iimnangugh[N][Abs][Unpd][Sg]

afsengaghhaq	afsengagh*-–ghhagh*[N→N][N][Abs][Unpd][Sg]

meqsaghtuumalghii	megh-~–ke[N→V]-@₁~fyaghtugh[V→V]-@₁~:(i/u)ma[V→V]-@₁–lghii[V→N][N][Abs][Unpd][Sg]
meqsaghtuumalghii	megh-~–ke[N→V]-@₁~fyaghtugh[V→V]-@₁~:(i/u)magh[V→V]-@₁–lghii[V→N][N][Abs][Unpd][Sg]
meqsaghtuumalghii	megh-~–ke[N→V]-@₁~fyaghtugh[V→V]-~:(ng₁)u[V→V]-@₁~:(i/u)ma[V→V]-@₁–lghii[V→N][N][Abs][Unpd][Sg]
meqsaghtuumalghii	megh-~–ke[N→V]-@₁~fyaghtugh[V→V]-~:(ng₁)u[V→V]-@₁~:(i/u)magh[V→V]-@₁–lghii[V→N][N][Abs][Unpd][Sg]
meqsaghtuumalghii	megh-~–ke[N→V]-te[V→V]-@₁~fyaghtugh[V→V]-@₁~:(i/u)ma[V→V]-@₁–lghii[V→N][N][Abs][Unpd][Sg]
meqsaghtuumalghii	megh-~–ke[N→V]-te[V→V]-@₁~fyaghtugh[V→V]-@₁~:(i/u)magh[V→V]-@₁–lghii[V→N][N][Abs][Unpd][Sg]
meqsaghtuumalghii	megh-~–ke[N→V]-te[V→V]-@₁~fyaghtugh[V→V]-~:(ng₁)u[V→V]-@₁~:(i/u)ma[V→V]-@₁–lghii[V→N][N][Abs][Unpd][Sg]
meqsaghtuumalghii	megh-~–ke[N→V]-te[V→V]-@₁~fyaghtugh[V→V]-~:(ng₁)u[V→V]-@₁~:(i/u)magh[V→V]-@₁–lghii[V→N][N][Abs][Unpd][Sg]
meqsaghtuumalghii	megh-~–ke[N→N]-te[N→V]-@₁~fyaghtugh[V→V]-@₁~:(i/u)ma[V→V]-@₁–lghii[V→N][N][Abs][Unpd][Sg]
meqsaghtuumalghii	megh-~–ke[N→N]-te[N→V]-@₁~fyaghtugh[V→V]-@₁~:(i/u)magh[V→V]-@₁–lghii[V→N][N][Abs][Unpd][Sg]
meqsaghtuumalghii	megh-~–ke[N→N]-te[N→V]-@₁~fyaghtugh[V→V]-~:(ng₁)u[V→V]-@₁~:(i/u)ma[V→V]-@₁–lghii[V→N][N][Abs][Unpd][Sg]
meqsaghtuumalghii	megh-~–ke[N→N]-te[N→V]-@₁~fyaghtugh[V→V]-~:(ng₁)u[V→V]-@₁~:(i/u)magh[V→V]-@₁–lghii[V→N][N][Abs][Unpd][Sg]
meqsaghtuumalghii	megh-~–ke[N→N]-te[N→V]-te[V→V]-@₁~fyaghtugh[V→V]-@₁~:(i/u)ma[V→V]-@₁–lghii[V→N][N][Abs][Unpd][Sg]
meqsaghtuumalghii	megh-~–ke[N→N]-te[N→V]-te[V→V]-@₁~fyaghtugh[V→V]-@₁~:(i/u)magh[V→V]-@₁–lghii[V→N][N][Abs][Unpd][Sg]
meqsaghtuumalghii	megh-~–ke[N→N]-te[N→V]-te[V→V]-@₁~fyaghtugh[V→V]-~:(ng₁)u[V→V]-@₁~:(i/u)ma[V→V]-@₁–lghii[V→N][N][Abs][Unpd][Sg]
meqsaghtuumalghii	megh-~–ke[N→N]-te[N→V]-te[V→V]-@₁~fyaghtugh[V→V]-~:(ng₁)u[V→V]-@₁~:(i/u)magh[V→V]-@₁–lghii[V→N][N][Abs][Unpd][Sg]
meqsaghtuumalghii	meqe-@₁~fyaghtugh[V→V]-@₁~:(i/u)ma[V→V]-@₁–lghii[V→N][N][Abs][Unpd][Sg]
meqsaghtuumalghii	meqe-@₁~fyaghtugh[V→V]-@₁~:(i/u)magh[V→V]-@₁–lghii[V→N][N][Abs][Unpd][Sg]
meqsaghtuumalghii	meqe-@₁~fyaghtugh[V→V]-~:(ng₁)u[V→V]-@₁~:(i/u)ma[V→V]-@₁–lghii[V→N][N][Abs][Unpd][Sg]
meqsaghtuumalghii	meqe-@₁~fyaghtugh[V→V]-~:(ng₁)u[V→V]-@₁~:(i/u)magh[V→V]-@₁–lghii[V→N][N][Abs][Unpd][Sg]
meqsaghtuumalghii	meqe-te[V→V]-@₁~fyaghtugh[V→V]-@₁~:(i/u)ma[V→V]-@₁–lghii[V→N][N][Abs][Unpd][Sg]
meqsaghtuumalghii	meqe-te[V→V]-@₁~fyaghtugh[V→V]-@₁~:(i/u)magh[V→V]-@₁–lghii[V→N][N][Abs][Unpd][Sg]
meqsaghtuumalghii	meqe-te[V→V]-@₁~fyaghtugh[V→V]-~:(ng₁)u[V→V]-@₁~:(i/u)ma[V→V]-@₁–lghii[V→N][N][Abs][Unpd][Sg]
meqsaghtuumalghii	meqe-te[V→V]-@₁~fyaghtugh[V→V]-~:(ng₁)u[V→V]-@₁~:(i/u)magh[V→V]-@₁–lghii[V→N][N][Abs][Unpd][Sg]
meqsaghtuumalghii	meqete-@₁~fyaghtugh[V→V]-@₁~:(i/u)ma[V→V]-@₁–lghii[V→N][N][Abs][Unpd][Sg]
meqsaghtuumalghii	meqete-@₁~fyaghtugh[V→V]-@₁~:(i/u)magh[V→V]-@₁–lghii[V→N][N][Abs][Unpd][Sg]
meqsaghtuumalghii	meqete-@₁~fyaghtugh[V→V]-~:(ng₁)u[V→V]-@₁~:(i/u)ma[V→V]-@₁–lghii[V→N][N][Abs][Unpd][Sg]
meqsaghtuumalghii	meqete-@₁~fyaghtugh[V→V]-~:(ng₁)u[V→V]-@₁~:(i/u)magh[V→V]-@₁–lghii[V→N][N][Abs][Unpd][Sg]
meqsaghtuumalghii	meqsaghtugh-@₁~:(i/u)ma[V→V]-@₁–lghii[V→N][N][Abs][Unpd][Sg]
meqsaghtuumalghii	meqsaghtugh-@₁~:(i/u)magh[V→V]-@₁–lghii[V→N][N][Abs][Unpd][Sg]
meqsaghtuumalghii	meqsaghtugh-~:(ng₁)u[V→V]-@₁~:(i/u)ma[V→V]-@₁–lghii[V→N][N][Abs][Unpd][Sg]
meqsaghtuumalghii	meqsaghtugh-~:(ng₁)u[V→V]-@₁~:(i/u)magh[V→V]-@₁–lghii[V→N][N][Abs][Unpd][Sg]
meqsaghtuumalghii	me-qe[N→V]-@₁~fyaghtugh[V→V]-@₁~:(i/u)ma[V→V]-@₁–lghii[V→N][N][Abs][Unpd][Sg]
meqsaghtuumalghii	me-qe[N→V]-@₁~fyaghtugh[V→V]-@₁~:(i/u)magh[V→V]-@₁–lghii[V→N][N][Abs][Unpd][Sg]
meqsaghtuumalghii	me-qe[N→V]-@₁~fyaghtugh[V→V]-~:(ng₁)u[V→V]-@₁~:(i/u)ma[V→V]-@₁–lghii[V→N][N][Abs][Unpd][Sg]
meqsaghtuumalghii	me-qe[N→V]-@₁~fyaghtugh[V→V]-~:(ng₁)u[V→V]-@₁~:(i/u)magh[V→V]-@₁–lghii[V→N][N][Abs][Unpd][Sg]
meqsaghtuumalghii	me-qe[N→V]-te[V→V]-@₁~fyaghtugh[V→V]-@₁~:(i/u)ma[V→V]-@₁–lghii[V→N][N][Abs][Unpd][Sg]
meqsaghtuumalghii	me-qe[N→V]-te[V→V]-@₁~fyaghtugh[V→V]-@₁~:(i/u)magh[V→V]-@₁–lghii[V→N][N][Abs][Unpd][Sg]
meqsaghtuumalghii	me-qe[N→V]-te[V→V]-@₁~fyaghtugh[V→V]-~:(ng₁)u[V→V]-@₁~:(i/u)ma[V→V]-@₁–lghii[V→N][N][Abs][Unpd][Sg]
meqsaghtuumalghii	me-qe[N→V]-te[V→V]-@₁~fyaghtugh[V→V]-~:(ng₁)u[V→V]-@₁~:(i/u)magh[V→V]-@₁–lghii[V→N][N][Abs][Unpd][Sg]
meqsaghtuumalghii	me-qe[N→N]-te[N→V]-@₁~fyaghtugh[V→V]-@₁~:(i/u)ma[V→V]-@₁–lghii[V→N][N][Abs][Unpd][Sg]
meqsaghtuumalghii	me-qe[N→N]-te[N→V]-@₁~fyaghtugh[V→V]-@₁~:(i/u)magh[V→V]-@₁–lghii[V→N][N][Abs][Unpd][Sg]
meqsaghtuumalghii	me-qe[N→N]-te[N→V]-@₁~fyaghtugh[V→V]-~:(ng₁)u[V→V]-@₁~:(i/u)ma[V→V]-@₁–lghii[V→N][N][Abs][Unpd][Sg]
meqsaghtuumalghii	me-qe[N→N]-te[N→V]-@₁~fyaghtugh[V→V]-~:(ng₁)u[V→V]-@₁~:(i/u)magh[V→V]-@₁–lghii[V→N][N][Abs][Unpd][Sg]

naayvam	Naayvagh[N][Rel][Unpd][Sg]
naayvam	naayvagh[N][Rel][Unpd][Sg]

qukaanun	Qukaa[N][Ter][Unpd][Pl]
qukaanun	Qukaa-nte[N→V]-@₁~:(u)n[V→N][N][Abs][Unpd][Sg]
qukaanun	qete-@₁~:(u)te[V→V]-@₁~–(g₁)kaa[V→V]-@₁~:(u)n[V→N]-te[N→V]-@₁~:(u)n[V→N][N][Abs][Unpd][Sg]
qukaanun	qete-@₁~:(u)te[V→V]-@₁~–(g₁)kaa[V→V]-@₁~:(u)n[V→N]-te[N→V]-te[V→V]-@₁~:(u)n[V→N][N][Abs][Unpd][Sg]
qukaanun	qete-@₁~:(u)te[V→V]-@₁~–(g₁)kaa[V→V]-@₁~:(u)n[V→N]-~:(ng₁)u[N→V]-@₁~:(u)n[V→N][N][Abs][Unpd][Sg]
qukaanun	qete-@₁~:(u)te[V→V]-@₁~–(g₁)kaa[V→V]-@₁~:(u)n[V→N]-~:(ng₁)u[N→V]-~:(u)te[V→N][N][Abs][Unpd][Sg]
qukaanun	qete-@₁~:(u)n[V→N]-~–ke[N→V]-~aghte[V→V]-@₁~:(u)n[V→N]-te[N→V]-@₁~:(u)n[V→N][N][Abs][Unpd][Sg]
qukaanun	qete-@₁~:(u)n[V→N]-~–ke[N→V]-~aghte[V→V]-@₁~:(u)n[V→N]-te[N→V]-te[V→V]-@₁~:(u)n[V→N][N][Abs][Unpd][Sg]
qukaanun	qete-@₁~:(u)n[V→N]-~–ke[N→V]-~aghte[V→V]-@₁~:(u)n[V→N]-~:(ng₁)u[N→V]-@₁~:(u)n[V→N][N][Abs][Unpd][Sg]
qukaanun	qete-@₁~:(u)n[V→N]-~–ke[N→V]-~aghte[V→V]-@₁~:(u)n[V→N]-~:(ng₁)u[N→V]-~:(u)te[V→N][N][Abs][Unpd][Sg]
qukaanun	qete-@₁~:(u)n[V→N]-~–kaghte[N→V]-@₁~:(u)n[V→N]-te[N→V]-@₁~:(u)n[V→N][N][Abs][Unpd][Sg]
qukaanun	qete-@₁~:(u)n[V→N]-~–kaghte[N→V]-@₁~:(u)n[V→N]-te[N→V]-te[V→V]-@₁~:(u)n[V→N][N][Abs][Unpd][Sg]
qukaanun	qete-@₁~:(u)n[V→N]-~–kaghte[N→V]-@₁~:(u)n[V→N]-~:(ng₁)u[N→V]-@₁~:(u)n[V→N][N][Abs][Unpd][Sg]
qukaanun	qete-@₁~:(u)n[V→N]-~–kaghte[N→V]-@₁~:(u)n[V→N]-~:(ng₁)u[N→V]-~:(u)te[V→N][N][Abs][Unpd][Sg]
qukaanun	qete-@₁~:(u)n[V→N]-~–kaghte[N→V]-te[V→V]-@₁~:(u)n[V→N]-te[N→V]-@₁~:(u)n[V→N][N][Abs][Unpd][Sg]
qukaanun	qete-@₁~:(u)n[V→N]-~–kaghte[N→V]-te[V→V]-@₁~:(u)n[V→N]-te[N→V]-te[V→V]-@₁~:(u)n[V→N][N][Abs][Unpd][Sg]
qukaanun	qete-@₁~:(u)n[V→N]-~–kaghte[N→V]-te[V→V]-@₁~:(u)n[V→N]-~:(ng₁)u[N→V]-@₁~:(u)n[V→N][N][Abs][Unpd][Sg]
qukaanun	qete-@₁~:(u)n[V→N]-~–kaghte[N→V]-te[V→V]-@₁~:(u)n[V→N]-~:(ng₁)u[N→V]-~:(u)te[V→N][N][Abs][Unpd][Sg]
qukaanun	qukagh-–ghte[N→V]-@₁~:(u)n[V→N]-te[N→V]-@₁~:(u)n[V→N][N][Abs][Unpd][Sg]
qukaanun	qukagh-–ghte[N→V]-@₁~:(u)n[V→N]-te[N→V]-te[V→V]-@₁~:(u)n[V→N][N][Abs][Unpd][Sg]
qukaanun	qukagh-–ghte[N→V]-@₁~:(u)n[V→N]-~:(ng₁)u[N→V]-@₁~:(u)n[V→N][N][Abs][Unpd][Sg]
qukaanun	qukagh-–ghte[N→V]-@₁~:(u)n[V→N]-~:(ng₁)u[N→V]-~:(u)te[V→N][N][Abs][Unpd][Sg]
qukaanun	qukagh-–ghte[N→V]-te[V→V]-@₁~:(u)n[V→N]-te[N→V]-@₁~:(u)n[V→N][N][Abs][Unpd][Sg]
qukaanun	qukagh-–ghte[N→V]-te[V→V]-@₁~:(u)n[V→N]-te[N→V]-te[V→V]-@₁~:(u)n[V→N][N][Abs][Unpd][Sg]
qukaanun	qukagh-–ghte[N→V]-te[V→V]-@₁~:(u)n[V→N]-~:(ng₁)u[N→V]-@₁~:(u)n[V→N][N][Abs][Unpd][Sg]
qukaanun	qukagh-–ghte[N→V]-te[V→V]-@₁~:(u)n[V→N]-~:(ng₁)u[N→V]-~:(u)te[V→N][N][Abs][Unpd][Sg]
qukaanun	qukagh-te[N→V]-@₁~:(u)n[V→N]-te[N→V]-@₁~:(u)n[V→N][N][Abs][Unpd][Sg]
qukaanun	qukagh-te[N→V]-@₁~:(u)n[V→N]-te[N→V]-te[V→V]-@₁~:(u)n[V→N][N][Abs][Unpd][Sg]
qukaanun	qukagh-te[N→V]-@₁~:(u)n[V→N]-~:(ng₁)u[N→V]-@₁~:(u)n[V→N][N][Abs][Unpd][Sg]
qukaanun	qukagh-te[N→V]-@₁~:(u)n[V→N]-~:(ng₁)u[N→V]-~:(u)te[V→N][N][Abs][Unpd][Sg]
qukaanun	qukagh-~:(ng₁)u[N→V]-@₁~:(u)n[V→N]-te[N→V]-@₁~:(u)n[V→N][N][Abs][Unpd][Sg]
qukaanun	qukagh-~:(ng₁)u[N→V]-@₁~:(u)n[V→N]-te[N→V]-te[V→V]-@₁~:(u)n[V→N][N][Abs][Unpd][Sg]
qukaanun	qukagh-~:(ng₁)u[N→V]-@₁~:(u)n[V→N]-~:(ng₁)u[N→V]-@₁~:(u)n[V→N][N][Abs][Unpd][Sg]
qukaanun	qukagh-~:(ng₁)u[N→V]-@₁~:(u)n[V→N]-~:(ng₁)u[N→V]-~:(u)te[V→N][N][Abs][Unpd][Sg]
qukaanun	qukagh[N][Ter][3SgPoss][SgPosd]
qukaanun	qukagh[N][Ter][3SgPoss][PlPosd]
qukaanun	qukaghte-@₁~:(u)n[V→N]-te[N→V]-@₁~:(u)n[V→N][N][Abs][Unpd][Sg]
qukaanun	qukaghte-@₁~:(u)n[V→N]-te[N→V]-te[V→V]-@₁~:(u)n[V→N][N][Abs][Unpd][Sg]
qukaanun	qukaghte-@₁~:(u)n[V→N]-~:(ng₁)u[N→V]-@₁~:(u)n[V→N][N][Abs][Unpd][Sg]
qukaanun	qukaghte-@₁~:(u)n[V→N]-~:(ng₁)u[N→V]-~:(u)te[V→N][N][Abs][Unpd][Sg]

------------------------
eghumalghii anglaaghhaq ukilluku.

meghumalghii	megh-@₁~:(i/u)ma[V→V]-@₁–lghii[V→N][N][Abs][Unpd][Sg]
meghumalghii	megh-@₁~:(i/u)magh[V→V]-@₁–lghii[V→N][N][Abs][Unpd][Sg]
meghumalghii	megh-~:(ng₁)u[N→V]-@₁~:(i/u)ma[V→V]-@₁–lghii[V→N][N][Abs][Unpd][Sg]
meghumalghii	megh-~:(ng₁)u[N→V]-@₁~:(i/u)magh[V→V]-@₁–lghii[V→N][N][Abs][Unpd][Sg]
meghumalghii	megh-~:(ng₁)u[V→V]-@₁~:(i/u)ma[V→V]-@₁–lghii[V→N][N][Abs][Unpd][Sg]
meghumalghii	megh-~:(ng₁)u[V→V]-@₁~:(i/u)magh[V→V]-@₁–lghii[V→N][N][Abs][Unpd][Sg]
meghumalghii	meghe-@₁~:(i/u)ma[V→V]-@₁–lghii[V→N][N][Abs][Unpd][Sg]
meghumalghii	meghe-@₁~:(i/u)magh[V→V]-@₁–lghii[V→N][N][Abs][Unpd][Sg]

anglaaghhaq	anglagh-–ghte[N→V]-@₁~:(u)n[V→N]-–ghhagh*[N→N][N][Abs][Unpd][Sg]
anglaaghhaq	anglagh-–ghte[N→V]-te[V→V]-@₁~:(u)n[V→N]-–ghhagh*[N→N][N][Abs][Unpd][Sg]
anglaaghhaq	anglaagh-–ghhagh*[N→N][N][Abs][Unpd][Sg]
anglaaghhaq	anglagh-te[N→V]-@₁~:(u)n[V→N]-–ghhagh*[N→N][N][Abs][Unpd][Sg]
anglaaghhaq	anglagh-~:(ng₁)u[N→V]-@₁~:(u)n[V→N]-–ghhagh*[N→N][N][Abs][Unpd][Sg]

ukilluku	ete-@₁~:(u)n[V→N]-~–ke[N→V]-~i[V→V]-@₁~:(u)n[V→N]-–lluk[N→N]-~:(ng₁)u[N→V][V][Intr][Opt][PRS][2Sg]
ukilluku	ete-@₁~:(u)n[V→N]-~–ke[N→V]-~i[V→V]-~:(u)te[V→N]-te[N→V]-te[V→V][V][Trns][Sbrd][_][3Sg]
ukilluku	ete-@₁~:(u)n[V→N]-~–ke[N→V]-~i[V→V]-~:(u)te[V→N]-te[N→V][V][Trns][Sbrd][_][3Sg]
ukilluku	ete-@₁~:(u)n[V→N]-~–ke[N→V]-~i[V→V]-–llug[V→V]-–qu[V→V][V][Intr][Opt][PRS][2Sg]
ukilluku	ete-@₁~:(u)n[V→N]-~–ke[N→V]-~i[V→V]-llug[V→V]-–qu[V→V][V][Intr][Opt][PRS][2Sg]
ukilluku	ete-@₁~:(u)n[V→N]-~–ke[N→N]-––i[N→V]-@₁~:(u)n[V→N]-–lluk[N→N]-~:(ng₁)u[N→V][V][Intr][Opt][PRS][2Sg]
ukilluku	ete-@₁~:(u)n[V→N]-~–ke[N→N]-––i[N→V]-te[V→V][V][Trns][Sbrd][_][3Sg]
ukilluku	ete-@₁~:(u)n[V→N]-~–ke[N→N]-––i[N→V]-~:(u)te[V→N]-te[N→V]-te[V→V][V][Trns][Sbrd][_][3Sg]
ukilluku	ete-@₁~:(u)n[V→N]-~–ke[N→N]-––i[N→V]-~:(u)te[V→N]-te[N→V][V][Trns][Sbrd][_][3Sg]
ukilluku	ete-@₁~:(u)n[V→N]-~–ke[N→N]-––i[N→V]-–llug[V→V]-–qu[V→V][V][Intr][Opt][PRS][2Sg]
ukilluku	ete-@₁~:(u)n[V→N]-~–ke[N→N]-––i[N→V]-llug[V→V]-–qu[V→V][V][Intr][Opt][PRS][2Sg]
ukilluku	ete-@₁~:(u)n[V→N]-~–ke[N→N]-––igh[N→V]-–llug[V→V]-–qu[V→V][V][Intr][Opt][PRS][2Sg]
ukilluku	ukut-––i[N→V]-@₁~:(u)n[V→N]-–lluk[N→N]-~:(ng₁)u[N→V][V][Intr][Opt][PRS][2Sg]
ukilluku	ukut-––i[N→V]-te[V→V][V][Trns][Sbrd][_][3Sg]
ukilluku	ukut-––i[N→V]-~:(u)te[V→N]-te[N→V]-te[V→V][V][Trns][Sbrd][_][3Sg]
ukilluku	ukut-––i[N→V]-~:(u)te[V→N]-te[N→V][V][Trns][Sbrd][_][3Sg]
ukilluku	ukut-––i[N→V]-–llug[V→V]-–qu[V→V][V][Intr][Opt][PRS][2Sg]
ukilluku	ukut-––i[N→V]-llug[V→V]-–qu[V→V][V][Intr][Opt][PRS][2Sg]
ukilluku	ukut-––igh[N→V]-–llug[V→V]-–qu[V→V][V][Intr][Opt][PRS][2Sg]
ukilluku	uki-@₁~:(u)n[V→N]-–lluk[N→N]-~:(ng₁)u[N→V][V][Intr][Opt][PRS][2Sg]
ukilluku	uki-te[V→V][V][Trns][Sbrd][_][3Sg]
ukilluku	uki-~:(u)te[V→N]-te[N→V][V][Trns][Sbrd][_][3Sg]
ukilluku	uki-–llug[V→V]-–qu[V→V][V][Intr][Opt][PRS][2Sg]
ukilluku	ukig-–llug[V→V]-–qu[V→V][V][Intr][Opt][PRS][2Sg]
ukilluku	ukite[V][Trns][Sbrd][_][3Sg]
ukilluku	uki-llug[V→V]-–qu[V→V][V][Intr][Opt][PRS][2Sg]

------------------------
eneghmeng taaqluni aqumumalghii anglaaghem saaghwani.

meneghmeng	megh-@₁–negh[V→N][N][Abl_Mod][Unpd][Sg]
meneghmeng	megh-@₁–negh[V→N][N][Rel][4DuPoss][PlPosd]
meneghmeng	megh-@₁–negh[V→N][N][Rel][4DuPoss][SgPosd]
meneghmeng	megh-@₁–negh[V→N][N][Rel][4PlPoss][PlPosd]
meneghmeng	megh-@₁–negh[V→N][N][Rel][4PlPoss][SgPosd]
meneghmeng	megh[V][Intr][Ctmp][4Pl]
meneghmeng	menegh[N][Abl_Mod][Unpd][Sg]
meneghmeng	menegh[N][Rel][4DuPoss][PlPosd]
meneghmeng	menegh[N][Rel][4DuPoss][SgPosd]
meneghmeng	menegh[N][Rel][4PlPoss][PlPosd]
meneghmeng	menegh[N][Rel][4PlPoss][SgPosd]

taaqluni	taaqe-te[V→V][V][Intr][Sbrd][3Sg]
taaqluni	taaqe[V][Intr][Sbrd][3Sg]

aqumumalghii	aqume-@₁~:(i/u)ma[V→V]-@₁–lghii[V→N][N][Abs][Unpd][Sg]
aqumumalghii	aqume-@₁~:(i/u)magh[V→V]-@₁–lghii[V→N][N][Abs][Unpd][Sg]

anglaaghem	anglaagh[N][Rel][Unpd][Sg]

saaghwani	saaghw-–ghagh*[N→N][N][Abs][4SgPoss][SgPosd]
saaghwani	saaghw-–ghagh*[N→N][N][Abs][4SgPoss][PlPosd]
saaghwani	saaghw[N][Loc][3SgPoss][SgPosd]
saaghwani	saaghw[N][Loc][3SgPoss][PlPosd]

------------------------
eghnaalimalghii tawani.

meghnaalimalghii	megh-@₁~fnaq[V→N]-–ghte[N→V]-@₁~:(u)n[V→N]-–li[N→V]-@₁~:(i/u)ma[V→V]-@₁–lghii[V→N][N][Abs][Unpd][Sg]
meghnaalimalghii	megh-@₁~fnaq[V→N]-–ghte[N→V]-@₁~:(u)n[V→N]-–li[N→V]-@₁~:(i/u)magh[V→V]-@₁–lghii[V→N][N][Abs][Unpd][Sg]
meghnaalimalghii	megh-@₁~fnaq[V→N]-–ghte[N→V]-te[V→V]-@₁~:(u)n[V→N]-–li[N→V]-@₁~:(i/u)ma[V→V]-@₁–lghii[V→N][N][Abs][Unpd][Sg]
meghnaalimalghii	megh-@₁~fnaq[V→N]-–ghte[N→V]-te[V→V]-@₁~:(u)n[V→N]-–li[N→V]-@₁~:(i/u)magh[V→V]-@₁–lghii[V→N][N][Abs][Unpd][Sg]
meghnaalimalghii	megh-@₁~fna[V→V]-@₁~:(u)te[V→V]-@₁~:(u)n[V→N]-–li[N→V]-@₁~:(i/u)ma[V→V]-@₁–lghii[V→N][N][Abs][Unpd][Sg]
meghnaalimalghii	megh-@₁~fna[V→V]-@₁~:(u)te[V→V]-@₁~:(u)n[V→N]-–li[N→V]-@₁~:(i/u)magh[V→V]-@₁–lghii[V→N][N][Abs][Unpd][Sg]
meghnaalimalghii	megh-@₁~fna[V→V]-@₁~:(u)n[V→N]-–ghte[N→V]-@₁~:(u)n[V→N]-–li[N→V]-@₁~:(i/u)ma[V→V]-@₁–lghii[V→N][N][Abs][Unpd][Sg]
meghnaalimalghii	megh-@₁~fna[V→V]-@₁~:(u)n[V→N]-–ghte[N→V]-@₁~:(u)n[V→N]-–li[N→V]-@₁~:(i/u)magh[V→V]-@₁–lghii[V→N][N][Abs][Unpd][Sg]
meghnaalimalghii	megh-@₁~fna[V→V]-@₁~:(u)n[V→N]-–ghte[N→V]-te[V→V]-@₁~:(u)n[V→N]-–li[N→V]-@₁~:(i/u)ma[V→V]-@₁–lghii[V→N][N][Abs][Unpd][Sg]
meghnaalimalghii	megh-@₁~fna[V→V]-@₁~:(u)n[V→N]-–ghte[N→V]-te[V→V]-@₁~:(u)n[V→N]-–li[N→V]-@₁~:(i/u)magh[V→V]-@₁–lghii[V→N][N][Abs][Unpd][Sg]
meghnaalimalghii	megh-@₁~fna[V→V]-te[V→V]-@₁~:(u)n[V→N]-–li[N→V]-@₁~:(i/u)ma[V→V]-@₁–lghii[V→N][N][Abs][Unpd][Sg]
meghnaalimalghii	megh-@₁~fna[V→V]-te[V→V]-@₁~:(u)n[V→N]-–li[N→V]-@₁~:(i/u)magh[V→V]-@₁–lghii[V→N][N][Abs][Unpd][Sg]
meghnaalimalghii	megh-@₁~fna[V→V]-~:(u)te[V→V]-@₁~:(u)n[V→N]-–li[N→V]-@₁~:(i/u)ma[V→V]-@₁–lghii[V→N][N][Abs][Unpd][Sg]
meghnaalimalghii	megh-@₁~fna[V→V]-~:(u)te[V→V]-@₁~:(u)n[V→N]-–li[N→V]-@₁~:(i/u)magh[V→V]-@₁–lghii[V→N][N][Abs][Unpd][Sg]
meghnaalimalghii	megh-@₁~fna[V→V]-~:(u)te[V→N]-te[N→V]-@₁~:(u)n[V→N]-–li[N→V]-@₁~:(i/u)ma[V→V]-@₁–lghii[V→N][N][Abs][Unpd][Sg]
meghnaalimalghii	megh-@₁~fna[V→V]-~:(u)te[V→N]-te[N→V]-@₁~:(u)n[V→N]-–li[N→V]-@₁~:(i/u)magh[V→V]-@₁–lghii[V→N][N][Abs][Unpd][Sg]
meghnaalimalghii	megh-@₁~fna[V→V]-~:(u)te[V→N]-te[N→V]-te[V→V]-@₁~:(u)n[V→N]-–li[N→V]-@₁~:(i/u)ma[V→V]-@₁–lghii[V→N][N][Abs][Unpd][Sg]
meghnaalimalghii	megh-@₁~fna[V→V]-~:(u)te[V→N]-te[N→V]-te[V→V]-@₁~:(u)n[V→N]-–li[N→V]-@₁~:(i/u)magh[V→V]-@₁–lghii[V→N][N][Abs][Unpd][Sg]
meghnaalimalghii	megh-@₁~fna[V→V]-–ghte[V→V]-@₁~:(u)n[V→N]-–li[N→V]-@₁~:(i/u)ma[V→V]-@₁–lghii[V→N][N][Abs][Unpd][Sg]
meghnaalimalghii	megh-@₁~fna[V→V]-–ghte[V→V]-@₁~:(u)n[V→N]-–li[N→V]-@₁~:(i/u)magh[V→V]-@₁–lghii[V→N][N][Abs][Unpd][Sg]
meghnaalimalghii	megh-@₁~fna[V→V]-aq[V→N]-–li[N→V]-@₁~:(i/u)ma[V→V]-@₁–lghii[V→N][N][Abs][Unpd][Sg]
meghnaalimalghii	megh-@₁~fna[V→V]-aq[V→N]-–li[N→V]-@₁~:(i/u)magh[V→V]-@₁–lghii[V→N][N][Abs][Unpd][Sg]
meghnaalimalghii	megh-@₁~fnagh[V→V]-–ghte[V→V]-@₁~:(u)n[V→N]-–li[N→V]-@₁~:(i/u)ma[V→V]-@₁–lghii[V→N][N][Abs][Unpd][Sg]
meghnaalimalghii	megh-@₁~fnagh[V→V]-–ghte[V→V]-@₁~:(u)n[V→N]-–li[N→V]-@₁~:(i/u)magh[V→V]-@₁–lghii[V→N][N][Abs][Unpd][Sg]
meghnaalimalghii	megh-@₁~fnagh[V→V]-@₁~:(u)n[V→N]-–li[N→V]-@₁~:(i/u)ma[V→V]-@₁–lghii[V→N][N][Abs][Unpd][Sg]
meghnaalimalghii	megh-@₁~fnagh[V→V]-@₁~:(u)n[V→N]-–li[N→V]-@₁~:(i/u)magh[V→V]-@₁–lghii[V→N][N][Abs][Unpd][Sg]
meghnaalimalghii	megh-@₁~fnagh[V→V]-te[V→V]-@₁~:(u)n[V→N]-–li[N→V]-@₁~:(i/u)ma[V→V]-@₁–lghii[V→N][N][Abs][Unpd][Sg]
meghnaalimalghii	megh-@₁~fnagh[V→V]-te[V→V]-@₁~:(u)n[V→N]-–li[N→V]-@₁~:(i/u)magh[V→V]-@₁–lghii[V→N][N][Abs][Unpd][Sg]
meghnaalimalghii	megh-@₁~fnagh[V→V]-~:(ng₁)u[V→V]-@₁~:(u)n[V→N]-–li[N→V]-@₁~:(i/u)ma[V→V]-@₁–lghii[V→N][N][Abs][Unpd][Sg]
meghnaalimalghii	megh-@₁~fnagh[V→V]-~:(ng₁)u[V→V]-@₁~:(u)n[V→N]-–li[N→V]-@₁~:(i/u)magh[V→V]-@₁–lghii[V→N][N][Abs][Unpd][Sg]
meghnaalimalghii	meghe-@₁~fnaq[V→N]-–ghte[N→V]-@₁~:(u)n[V→N]-–li[N→V]-@₁~:(i/u)ma[V→V]-@₁–lghii[V→N][N][Abs][Unpd][Sg]
meghnaalimalghii	meghe-@₁~fnaq[V→N]-–ghte[N→V]-@₁~:(u)n[V→N]-–li[N→V]-@₁~:(i/u)magh[V→V]-@₁–lghii[V→N][N][Abs][Unpd][Sg]
meghnaalimalghii	meghe-@₁~fnaq[V→N]-–ghte[N→V]-te[V→V]-@₁~:(u)n[V→N]-–li[N→V]-@₁~:(i/u)ma[V→V]-@₁–lghii[V→N][N][Abs][Unpd][Sg]
meghnaalimalghii	meghe-@₁~fnaq[V→N]-–ghte[N→V]-te[V→V]-@₁~:(u)n[V→N]-–li[N→V]-@₁~:(i/u)magh[V→V]-@₁–lghii[V→N][N][Abs][Unpd][Sg]
meghnaalimalghii	meghe-@₁~fna[V→V]-@₁~:(u)te[V→V]-@₁~:(u)n[V→N]-–li[N→V]-@₁~:(i/u)ma[V→V]-@₁–lghii[V→N][N][Abs][Unpd][Sg]
meghnaalimalghii	meghe-@₁~fna[V→V]-@₁~:(u)te[V→V]-@₁~:(u)n[V→N]-–li[N→V]-@₁~:(i/u)magh[V→V]-@₁–lghii[V→N][N][Abs][Unpd][Sg]
meghnaalimalghii	meghe-@₁~fna[V→V]-@₁~:(u)n[V→N]-–ghte[N→V]-@₁~:(u)n[V→N]-–li[N→V]-@₁~:(i/u)ma[V→V]-@₁–lghii[V→N][N][Abs][Unpd][Sg]
meghnaalimalghii	meghe-@₁~fna[V→V]-@₁~:(u)n[V→N]-–ghte[N→V]-@₁~:(u)n[V→N]-–li[N→V]-@₁~:(i/u)magh[V→V]-@₁–lghii[V→N][N][Abs][Unpd][Sg]
meghnaalimalghii	meghe-@₁~fna[V→V]-@₁~:(u)n[V→N]-–ghte[N→V]-te[V→V]-@₁~:(u)n[V→N]-–li[N→V]-@₁~:(i/u)ma[V→V]-@₁–lghii[V→N][N][Abs][Unpd][Sg]
meghnaalimalghii	meghe-@₁~fna[V→V]-@₁~:(u)n[V→N]-–ghte[N→V]-te[V→V]-@₁~:(u)n[V→N]-–li[N→V]-@₁~:(i/u)magh[V→V]-@₁–lghii[V→N][N][Abs][Unpd][Sg]
meghnaalimalghii	meghe-@₁~fna[V→V]-te[V→V]-@₁~:(u)n[V→N]-–li[N→V]-@₁~:(i/u)ma[V→V]-@₁–lghii[V→N][N][Abs][Unpd][Sg]
meghnaalimalghii	meghe-@₁~fna[V→V]-te[V→V]-@₁~:(u)n[V→N]-–li[N→V]-@₁~:(i/u)magh[V→V]-@₁–lghii[V→N][N][Abs][Unpd][Sg]
meghnaalimalghii	meghe-@₁~fna[V→V]-~:(u)te[V→V]-@₁~:(u)n[V→N]-–li[N→V]-@₁~:(i/u)ma[V→V]-@₁–lghii[V→N][N][Abs][Unpd][Sg]
meghnaalimalghii	meghe-@₁~fna[V→V]-~:(u)te[V→V]-@₁~:(u)n[V→N]-–li[N→V]-@₁~:(i/u)magh[V→V]-@₁–lghii[V→N][N][Abs][Unpd][Sg]
meghnaalimalghii	meghe-@₁~fna[V→V]-~:(u)te[V→N]-te[N→V]-@₁~:(u)n[V→N]-–li[N→V]-@₁~:(i/u)ma[V→V]-@₁–lghii[V→N][N][Abs][Unpd][Sg]
meghnaalimalghii	meghe-@₁~fna[V→V]-~:(u)te[V→N]-te[N→V]-@₁~:(u)n[V→N]-–li[N→V]-@₁~:(i/u)magh[V→V]-@₁–lghii[V→N][N][Abs][Unpd][Sg]
meghnaalimalghii	meghe-@₁~fna[V→V]-~:(u)te[V→N]-te[N→V]-te[V→V]-@₁~:(u)n[V→N]-–li[N→V]-@₁~:(i/u)ma[V→V]-@₁–lghii[V→N][N][Abs][Unpd][Sg]
meghnaalimalghii	meghe-@₁~fna[V→V]-~:(u)te[V→N]-te[N→V]-te[V→V]-@₁~:(u)n[V→N]-–li[N→V]-@₁~:(i/u)magh[V→V]-@₁–lghii[V→N][N][Abs][Unpd][Sg]
meghnaalimalghii	meghe-@₁~fna[V→V]-–ghte[V→V]-@₁~:(u)n[V→N]-–li[N→V]-@₁~:(i/u)ma[V→V]-@₁–lghii[V→N][N][Abs][Unpd][Sg]
meghnaalimalghii	meghe-@₁~fna[V→V]-–ghte[V→V]-@₁~:(u)n[V→N]-–li[N→V]-@₁~:(i/u)magh[V→V]-@₁–lghii[V→N][N][Abs][Unpd][Sg]
meghnaalimalghii	meghe-@₁~fna[V→V]-aq[V→N]-–li[N→V]-@₁~:(i/u)ma[V→V]-@₁–lghii[V→N][N][Abs][Unpd][Sg]
meghnaalimalghii	meghe-@₁~fna[V→V]-aq[V→N]-–li[N→V]-@₁~:(i/u)magh[V→V]-@₁–lghii[V→N][N][Abs][Unpd][Sg]
meghnaalimalghii	meghe-@₁~fnagh[V→V]-–ghte[V→V]-@₁~:(u)n[V→N]-–li[N→V]-@₁~:(i/u)ma[V→V]-@₁–lghii[V→N][N][Abs][Unpd][Sg]
meghnaalimalghii	meghe-@₁~fnagh[V→V]-–ghte[V→V]-@₁~:(u)n[V→N]-–li[N→V]-@₁~:(i/u)magh[V→V]-@₁–lghii[V→N][N][Abs][Unpd][Sg]
meghnaalimalghii	meghe-@₁~fnagh[V→V]-@₁~:(u)n[V→N]-–li[N→V]-@₁~:(i/u)ma[V→V]-@₁–lghii[V→N][N][Abs][Unpd][Sg]
meghnaalimalghii	meghe-@₁~fnagh[V→V]-@₁~:(u)n[V→N]-–li[N→V]-@₁~:(i/u)magh[V→V]-@₁–lghii[V→N][N][Abs][Unpd][Sg]
meghnaalimalghii	meghe-@₁~fnagh[V→V]-te[V→V]-@₁~:(u)n[V→N]-–li[N→V]-@₁~:(i/u)ma[V→V]-@₁–lghii[V→N][N][Abs][Unpd][Sg]
meghnaalimalghii	meghe-@₁~fnagh[V→V]-te[V→V]-@₁~:(u)n[V→N]-–li[N→V]-@₁~:(i/u)magh[V→V]-@₁–lghii[V→N][N][Abs][Unpd][Sg]
meghnaalimalghii	meghe-@₁~fnagh[V→V]-~:(ng₁)u[V→V]-@₁~:(u)n[V→N]-–li[N→V]-@₁~:(i/u)ma[V→V]-@₁–lghii[V→N][N][Abs][Unpd][Sg]
meghnaalimalghii	meghe-@₁~fnagh[V→V]-~:(ng₁)u[V→V]-@₁~:(u)n[V→N]-–li[N→V]-@₁~:(i/u)magh[V→V]-@₁–lghii[V→N][N][Abs][Unpd][Sg]
meghnaalimalghii	meghnaali-@₁~:(i/u)ma[V→V]-@₁–lghii[V→N][N][Abs][Unpd][Sg]
meghnaalimalghii	meghnaali-@₁~:(i/u)magh[V→V]-@₁–lghii[V→N][N][Abs][Unpd][Sg]

tawani	tawani
tawani	tawani[N][Abs][Unpd][Sg]

------------------------
eghnaalimaluku paapga kumlatusimakanga.

meghnaalimaluku	megh-@₁~fnaq[V→N]-–ghte[N→V]-@₁~:(u)n[V→N]-–li[N→V]-@₁~:(i/u)ma[V→V]-@₁~:(u)te[V→V][V][Trns][Sbrd][_][3Sg]
meghnaalimaluku	megh-@₁~fnaq[V→N]-–ghte[N→V]-@₁~:(u)n[V→N]-–li[N→V]-@₁~:(i/u)ma[V→V]-@₁~:(u)n[V→N]-–luk[N→N]-~:(ng₁)u[N→V][V][Intr][Opt][PRS][2Sg]
meghnaalimaluku	megh-@₁~fnaq[V→N]-–ghte[N→V]-@₁~:(u)n[V→N]-–li[N→V]-@₁~:(i/u)ma[V→V]-~:(u)te[V→V][V][Trns][Sbrd][_][3Sg]
meghnaalimaluku	megh-@₁~fnaq[V→N]-–ghte[N→V]-@₁~:(u)n[V→N]-–li[N→V]-@₁~:(i/u)ma[V→V][V][Trns][Sbrd][_][3Sg]
meghnaalimaluku	megh-@₁~fnaq[V→N]-–ghte[N→V]-@₁~:(u)n[V→N]-–li[N→V]-@₁~:(i/u)man[V→N]-–luk[N→N]-~:(ng₁)u[N→V][V][Intr][Opt][PRS][2Sg]
meghnaalimaluku	megh-@₁~fnaq[V→N]-–ghte[N→V]-te[V→V]-@₁~:(u)n[V→N]-–li[N→V]-@₁~:(i/u)ma[V→V]-@₁~:(u)te[V→V][V][Trns][Sbrd][_][3Sg]
meghnaalimaluku	megh-@₁~fnaq[V→N]-–ghte[N→V]-te[V→V]-@₁~:(u)n[V→N]-–li[N→V]-@₁~:(i/u)ma[V→V]-@₁~:(u)n[V→N]-–luk[N→N]-~:(ng₁)u[N→V][V][Intr][Opt][PRS][2Sg]
meghnaalimaluku	megh-@₁~fnaq[V→N]-–ghte[N→V]-te[V→V]-@₁~:(u)n[V→N]-–li[N→V]-@₁~:(i/u)ma[V→V]-~:(u)te[V→V][V][Trns][Sbrd][_][3Sg]
meghnaalimaluku	megh-@₁~fnaq[V→N]-–ghte[N→V]-te[V→V]-@₁~:(u)n[V→N]-–li[N→V]-@₁~:(i/u)ma[V→V][V][Trns][Sbrd][_][3Sg]
meghnaalimaluku	megh-@₁~fnaq[V→N]-–ghte[N→V]-te[V→V]-@₁~:(u)n[V→N]-–li[N→V]-@₁~:(i/u)man[V→N]-–luk[N→N]-~:(ng₁)u[N→V][V][Intr][Opt][PRS][2Sg]
meghnaalimaluku	megh-@₁~fna[V→V]-@₁~:(u)te[V→V]-@₁~:(u)n[V→N]-–li[N→V]-@₁~:(i/u)ma[V→V]-@₁~:(u)te[V→V][V][Trns][Sbrd][_][3Sg]
meghnaalimaluku	megh-@₁~fna[V→V]-@₁~:(u)te[V→V]-@₁~:(u)n[V→N]-–li[N→V]-@₁~:(i/u)ma[V→V]-@₁~:(u)n[V→N]-–luk[N→N]-~:(ng₁)u[N→V][V][Intr][Opt][PRS][2Sg]
meghnaalimaluku	megh-@₁~fna[V→V]-@₁~:(u)te[V→V]-@₁~:(u)n[V→N]-–li[N→V]-@₁~:(i/u)ma[V→V]-~:(u)te[V→V][V][Trns][Sbrd][_][3Sg]
meghnaalimaluku	megh-@₁~fna[V→V]-@₁~:(u)te[V→V]-@₁~:(u)n[V→N]-–li[N→V]-@₁~:(i/u)ma[V→V][V][Trns][Sbrd][_][3Sg]
meghnaalimaluku	megh-@₁~fna[V→V]-@₁~:(u)te[V→V]-@₁~:(u)n[V→N]-–li[N→V]-@₁~:(i/u)man[V→N]-–luk[N→N]-~:(ng₁)u[N→V][V][Intr][Opt][PRS][2Sg]
meghnaalimaluku	megh-@₁~fna[V→V]-@₁~:(u)n[V→N]-–ghte[N→V]-@₁~:(u)n[V→N]-–li[N→V]-@₁~:(i/u)ma[V→V]-@₁~:(u)te[V→V][V][Trns][Sbrd][_][3Sg]
meghnaalimaluku	megh-@₁~fna[V→V]-@₁~:(u)n[V→N]-–ghte[N→V]-@₁~:(u)n[V→N]-–li[N→V]-@₁~:(i/u)ma[V→V]-~:(u)te[V→V][V][Trns][Sbrd][_][3Sg]
meghnaalimaluku	megh-@₁~fna[V→V]-@₁~:(u)n[V→N]-–ghte[N→V]-@₁~:(u)n[V→N]-–li[N→V]-@₁~:(i/u)ma[V→V][V][Trns][Sbrd][_][3Sg]
meghnaalimaluku	megh-@₁~fna[V→V]-@₁~:(u)n[V→N]-–ghte[N→V]-@₁~:(u)n[V→N]-–li[N→V]-@₁~:(i/u)man[V→N]-–luk[N→N]-~:(ng₁)u[N→V][V][Intr][Opt][PRS][2Sg]
meghnaalimaluku	megh-@₁~fna[V→V]-@₁~:(u)n[V→N]-–ghte[N→V]-te[V→V]-@₁~:(u)n[V→N]-–li[N→V]-@₁~:(i/u)ma[V→V]-@₁~:(u)te[V→V][V][Trns][Sbrd][_][3Sg]
meghnaalimaluku	megh-@₁~fna[V→V]-@₁~:(u)n[V→N]-–ghte[N→V]-te[V→V]-@₁~:(u)n[V→N]-–li[N→V]-@₁~:(i/u)ma[V→V]-~:(u)te[V→V][V][Trns][Sbrd][_][3Sg]
meghnaalimaluku	megh-@₁~fna[V→V]-@₁~:(u)n[V→N]-–ghte[N→V]-te[V→V]-@₁~:(u)n[V→N]-–li[N→V]-@₁~:(i/u)ma[V→V][V][Trns][Sbrd][_][3Sg]
meghnaalimaluku	megh-@₁~fna[V→V]-@₁~:(u)n[V→N]-–ghte[N→V]-te[V→V]-@₁~:(u)n[V→N]-–li[N→V]-@₁~:(i/u)man[V→N]-–luk[N→N]-~:(ng₁)u[N→V][V][Intr][Opt][PRS][2Sg]
meghnaalimaluku	megh-@₁~fna[V→V]-te[V→V]-@₁~:(u)n[V→N]-–li[N→V]-@₁~:(i/u)ma[V→V]-@₁~:(u)te[V→V][V][Trns][Sbrd][_][3Sg]
meghnaalimaluku	megh-@₁~fna[V→V]-te[V→V]-@₁~:(u)n[V→N]-–li[N→V]-@₁~:(i/u)ma[V→V]-@₁~:(u)n[V→N]-–luk[N→N]-~:(ng₁)u[N→V][V][Intr][Opt][PRS][2Sg]
meghnaalimaluku	megh-@₁~fna[V→V]-te[V→V]-@₁~:(u)n[V→N]-–li[N→V]-@₁~:(i/u)ma[V→V]-~:(u)te[V→V][V][Trns][Sbrd][_][3Sg]
meghnaalimaluku	megh-@₁~fna[V→V]-te[V→V]-@₁~:(u)n[V→N]-–li[N→V]-@₁~:(i/u)ma[V→V][V][Trns][Sbrd][_][3Sg]
meghnaalimaluku	megh-@₁~fna[V→V]-te[V→V]-@₁~:(u)n[V→N]-–li[N→V]-@₁~:(i/u)man[V→N]-–luk[N→N]-~:(ng₁)u[N→V][V][Intr][Opt][PRS][2Sg]
meghnaalimaluku	megh-@₁~fna[V→V]-~:(u)te[V→V]-@₁~:(u)n[V→N]-–li[N→V]-@₁~:(i/u)ma[V→V]-@₁~:(u)te[V→V][V][Trns][Sbrd][_][3Sg]
meghnaalimaluku	megh-@₁~fna[V→V]-~:(u)te[V→V]-@₁~:(u)n[V→N]-–li[N→V]-@₁~:(i/u)ma[V→V]-@₁~:(u)n[V→N]-–luk[N→N]-~:(ng₁)u[N→V][V][Intr][Opt][PRS][2Sg]
meghnaalimaluku	megh-@₁~fna[V→V]-~:(u)te[V→V]-@₁~:(u)n[V→N]-–li[N→V]-@₁~:(i/u)ma[V→V]-~:(u)te[V→V][V][Trns][Sbrd][_][3Sg]
meghnaalimaluku	megh-@₁~fna[V→V]-~:(u)te[V→V]-@₁~:(u)n[V→N]-–li[N→V]-@₁~:(i/u)ma[V→V][V][Trns][Sbrd][_][3Sg]
meghnaalimaluku	megh-@₁~fna[V→V]-~:(u)te[V→V]-@₁~:(u)n[V→N]-–li[N→V]-@₁~:(i/u)man[V→N]-–luk[N→N]-~:(ng₁)u[N→V][V][Intr][Opt][PRS][2Sg]
meghnaalimaluku	megh-@₁~fna[V→V]-~:(u)te[V→N]-te[N→V]-@₁~:(u)n[V→N]-–li[N→V]-@₁~:(i/u)ma[V→V]-@₁~:(u)te[V→V][V][Trns][Sbrd][_][3Sg]
meghnaalimaluku	megh-@₁~fna[V→V]-~:(u)te[V→N]-te[N→V]-@₁~:(u)n[V→N]-–li[N→V]-@₁~:(i/u)ma[V→V]-@₁~:(u)n[V→N]-–luk[N→N]-~:(ng₁)u[N→V][V][Intr][Opt][PRS][2Sg]
meghnaalimaluku	megh-@₁~fna[V→V]-~:(u)te[V→N]-te[N→V]-@₁~:(u)n[V→N]-–li[N→V]-@₁~:(i/u)ma[V→V]-~:(u)te[V→V][V][Trns][Sbrd][_][3Sg]
meghnaalimaluku	megh-@₁~fna[V→V]-~:(u)te[V→N]-te[N→V]-@₁~:(u)n[V→N]-–li[N→V]-@₁~:(i/u)ma[V→V][V][Trns][Sbrd][_][3Sg]
meghnaalimaluku	megh-@₁~fna[V→V]-~:(u)te[V→N]-te[N→V]-@₁~:(u)n[V→N]-–li[N→V]-@₁~:(i/u)man[V→N]-–luk[N→N]-~:(ng₁)u[N→V][V][Intr][Opt][PRS][2Sg]
meghnaalimaluku	megh-@₁~fna[V→V]-~:(u)te[V→N]-te[N→V]-te[V→V]-@₁~:(u)n[V→N]-–li[N→V]-@₁~:(i/u)ma[V→V]-@₁~:(u)te[V→V][V][Trns][Sbrd][_][3Sg]
meghnaalimaluku	megh-@₁~fna[V→V]-~:(u)te[V→N]-te[N→V]-te[V→V]-@₁~:(u)n[V→N]-–li[N→V]-@₁~:(i/u)ma[V→V]-@₁~:(u)n[V→N]-–luk[N→N]-~:(ng₁)u[N→V][V][Intr][Opt][PRS][2Sg]
meghnaalimaluku	megh-@₁~fna[V→V]-~:(u)te[V→N]-te[N→V]-te[V→V]-@₁~:(u)n[V→N]-–li[N→V]-@₁~:(i/u)ma[V→V]-~:(u)te[V→V][V][Trns][Sbrd][_][3Sg]
meghnaalimaluku	megh-@₁~fna[V→V]-~:(u)te[V→N]-te[N→V]-te[V→V]-@₁~:(u)n[V→N]-–li[N→V]-@₁~:(i/u)ma[V→V][V][Trns][Sbrd][_][3Sg]
meghnaalimaluku	megh-@₁~fna[V→V]-~:(u)te[V→N]-te[N→V]-te[V→V]-@₁~:(u)n[V→N]-–li[N→V]-@₁~:(i/u)man[V→N]-–luk[N→N]-~:(ng₁)u[N→V][V][Intr][Opt][PRS][2Sg]
meghnaalimaluku	megh-@₁~fna[V→V]-–ghte[V→V]-@₁~:(u)n[V→N]-–li[N→V]-@₁~:(i/u)ma[V→V]-@₁~:(u)te[V→V][V][Trns][Sbrd][_][3Sg]
meghnaalimaluku	megh-@₁~fna[V→V]-–ghte[V→V]-@₁~:(u)n[V→N]-–li[N→V]-@₁~:(i/u)ma[V→V]-@₁~:(u)n[V→N]-–luk[N→N]-~:(ng₁)u[N→V][V][Intr][Opt][PRS][2Sg]
meghnaalimaluku	megh-@₁~fna[V→V]-–ghte[V→V]-@₁~:(u)n[V→N]-–li[N→V]-@₁~:(i/u)ma[V→V]-~:(u)te[V→V][V][Trns][Sbrd][_][3Sg]
meghnaalimaluku	megh-@₁~fna[V→V]-–ghte[V→V]-@₁~:(u)n[V→N]-–li[N→V]-@₁~:(i/u)ma[V→V][V][Trns][Sbrd][_][3Sg]
meghnaalimaluku	megh-@₁~fna[V→V]-–ghte[V→V]-@₁~:(u)n[V→N]-–li[N→V]-@₁~:(i/u)man[V→N]-–luk[N→N]-~:(ng₁)u[N→V][V][Intr][Opt][PRS][2Sg]
meghnaalimaluku	megh-@₁~fna[V→V]-aq[V→N]-–li[N→V]-@₁~:(i/u)ma[V→V]-@₁~:(u)te[V→V][V][Trns][Sbrd][_][3Sg]
meghnaalimaluku	megh-@₁~fna[V→V]-aq[V→N]-–li[N→V]-@₁~:(i/u)ma[V→V]-@₁~:(u)n[V→N]-–luk[N→N]-~:(ng₁)u[N→V][V][Intr][Opt][PRS][2Sg]
meghnaalimaluku	megh-@₁~fna[V→V]-aq[V→N]-–li[N→V]-@₁~:(i/u)ma[V→V]-~:(u)te[V→V][V][Trns][Sbrd][_][3Sg]
meghnaalimaluku	megh-@₁~fna[V→V]-aq[V→N]-–li[N→V]-@₁~:(i/u)ma[V→V][V][Trns][Sbrd][_][3Sg]
meghnaalimaluku	megh-@₁~fna[V→V]-aq[V→N]-–li[N→V]-@₁~:(i/u)man[V→N]-–luk[N→N]-~:(ng₁)u[N→V][V][Intr][Opt][PRS][2Sg]
meghnaalimaluku	megh-@₁~fnagh[V→V]-–ghte[V→V]-@₁~:(u)n[V→N]-–li[N→V]-@₁~:(i/u)ma[V→V]-@₁~:(u)te[V→V][V][Trns][Sbrd][_][3Sg]
meghnaalimaluku	megh-@₁~fnagh[V→V]-–ghte[V→V]-@₁~:(u)n[V→N]-–li[N→V]-@₁~:(i/u)ma[V→V]-@₁~:(u)n[V→N]-–luk[N→N]-~:(ng₁)u[N→V][V][Intr][Opt][PRS][2Sg]
meghnaalimaluku	megh-@₁~fnagh[V→V]-–ghte[V→V]-@₁~:(u)n[V→N]-–li[N→V]-@₁~:(i/u)ma[V→V]-~:(u)te[V→V][V][Trns][Sbrd][_][3Sg]
meghnaalimaluku	megh-@₁~fnagh[V→V]-–ghte[V→V]-@₁~:(u)n[V→N]-–li[N→V]-@₁~:(i/u)ma[V→V][V][Trns][Sbrd][_][3Sg]
meghnaalimaluku	megh-@₁~fnagh[V→V]-–ghte[V→V]-@₁~:(u)n[V→N]-–li[N→V]-@₁~:(i/u)man[V→N]-–luk[N→N]-~:(ng₁)u[N→V][V][Intr][Opt][PRS][2Sg]
meghnaalimaluku	megh-@₁~fnagh[V→V]-@₁~:(u)n[V→N]-–li[N→V]-@₁~:(i/u)ma[V→V]-@₁~:(u)te[V→V][V][Trns][Sbrd][_][3Sg]
meghnaalimaluku	megh-@₁~fnagh[V→V]-@₁~:(u)n[V→N]-–li[N→V]-@₁~:(i/u)ma[V→V]-@₁~:(u)n[V→N]-–luk[N→N]-~:(ng₁)u[N→V][V][Intr][Opt][PRS][2Sg]
meghnaalimaluku	megh-@₁~fnagh[V→V]-@₁~:(u)n[V→N]-–li[N→V]-@₁~:(i/u)ma[V→V]-~:(u)te[V→V][V][Trns][Sbrd][_][3Sg]
meghnaalimaluku	megh-@₁~fnagh[V→V]-@₁~:(u)n[V→N]-–li[N→V]-@₁~:(i/u)ma[V→V][V][Trns][Sbrd][_][3Sg]
meghnaalimaluku	megh-@₁~fnagh[V→V]-@₁~:(u)n[V→N]-–li[N→V]-@₁~:(i/u)man[V→N]-–luk[N→N]-~:(ng₁)u[N→V][V][Intr][Opt][PRS][2Sg]
meghnaalimaluku	megh-@₁~fnagh[V→V]-te[V→V]-@₁~:(u)n[V→N]-–li[N→V]-@₁~:(i/u)ma[V→V]-@₁~:(u)te[V→V][V][Trns][Sbrd][_][3Sg]
meghnaalimaluku	megh-@₁~fnagh[V→V]-te[V→V]-@₁~:(u)n[V→N]-–li[N→V]-@₁~:(i/u)ma[V→V]-@₁~:(u)n[V→N]-–luk[N→N]-~:(ng₁)u[N→V][V][Intr][Opt][PRS][2Sg]
meghnaalimaluku	megh-@₁~fnagh[V→V]-te[V→V]-@₁~:(u)n[V→N]-–li[N→V]-@₁~:(i/u)ma[V→V]-~:(u)te[V→V][V][Trns][Sbrd][_][3Sg]
meghnaalimaluku	megh-@₁~fnagh[V→V]-te[V→V]-@₁~:(u)n[V→N]-–li[N→V]-@₁~:(i/u)ma[V→V][V][Trns][Sbrd][_][3Sg]
meghnaalimaluku	megh-@₁~fnagh[V→V]-te[V→V]-@₁~:(u)n[V→N]-–li[N→V]-@₁~:(i/u)man[V→N]-–luk[N→N]-~:(ng₁)u[N→V][V][Intr][Opt][PRS][2Sg]
meghnaalimaluku	megh-@₁~fnagh[V→V]-~:(ng₁)u[V→V]-@₁~:(u)n[V→N]-–li[N→V]-@₁~:(i/u)ma[V→V]-@₁~:(u)te[V→V][V][Trns][Sbrd][_][3Sg]
meghnaalimaluku	megh-@₁~fnagh[V→V]-~:(ng₁)u[V→V]-@₁~:(u)n[V→N]-–li[N→V]-@₁~:(i/u)ma[V→V]-@₁~:(u)n[V→N]-–luk[N→N]-~:(ng₁)u[N→V][V][Intr][Opt][PRS][2Sg]
meghnaalimaluku	megh-@₁~fnagh[V→V]-~:(ng₁)u[V→V]-@₁~:(u)n[V→N]-–li[N→V]-@₁~:(i/u)ma[V→V]-~:(u)te[V→V][V][Trns][Sbrd][_][3Sg]
meghnaalimaluku	megh-@₁~fnagh[V→V]-~:(ng₁)u[V→V]-@₁~:(u)n[V→N]-–li[N→V]-@₁~:(i/u)ma[V→V][V][Trns][Sbrd][_][3Sg]
meghnaalimaluku	megh-@₁~fnagh[V→V]-~:(ng₁)u[V→V]-@₁~:(u)n[V→N]-–li[N→V]-@₁~:(i/u)man[V→N]-–luk[N→N]-~:(ng₁)u[N→V][V][Intr][Opt][PRS][2Sg]
meghnaalimaluku	meghe-@₁~fnaq[V→N]-–ghte[N→V]-@₁~:(u)n[V→N]-–li[N→V]-@₁~:(i/u)ma[V→V]-@₁~:(u)te[V→V][V][Trns][Sbrd][_][3Sg]
meghnaalimaluku	meghe-@₁~fnaq[V→N]-–ghte[N→V]-@₁~:(u)n[V→N]-–li[N→V]-@₁~:(i/u)ma[V→V]-@₁~:(u)n[V→N]-–luk[N→N]-~:(ng₁)u[N→V][V][Intr][Opt][PRS][2Sg]
meghnaalimaluku	meghe-@₁~fnaq[V→N]-–ghte[N→V]-@₁~:(u)n[V→N]-–li[N→V]-@₁~:(i/u)ma[V→V]-~:(u)te[V→V][V][Trns][Sbrd][_][3Sg]
meghnaalimaluku	meghe-@₁~fnaq[V→N]-–ghte[N→V]-@₁~:(u)n[V→N]-–li[N→V]-@₁~:(i/u)ma[V→V][V][Trns][Sbrd][_][3Sg]
meghnaalimaluku	meghe-@₁~fnaq[V→N]-–ghte[N→V]-@₁~:(u)n[V→N]-–li[N→V]-@₁~:(i/u)man[V→N]-–luk[N→N]-~:(ng₁)u[N→V][V][Intr][Opt][PRS][2Sg]
meghnaalimaluku	meghe-@₁~fnaq[V→N]-–ghte[N→V]-te[V→V]-@₁~:(u)n[V→N]-–li[N→V]-@₁~:(i/u)ma[V→V]-@₁~:(u)te[V→V][V][Trns][Sbrd][_][3Sg]
meghnaalimaluku	meghe-@₁~fnaq[V→N]-–ghte[N→V]-te[V→V]-@₁~:(u)n[V→N]-–li[N→V]-@₁~:(i/u)ma[V→V]-@₁~:(u)n[V→N]-–luk[N→N]-~:(ng₁)u[N→V][V][Intr][Opt][PRS][2Sg]
meghnaalimaluku	meghe-@₁~fnaq[V→N]-–ghte[N→V]-te[V→V]-@₁~:(u)n[V→N]-–li[N→V]-@₁~:(i/u)ma[V→V]-~:(u)te[V→V][V][Trns][Sbrd][_][3Sg]
meghnaalimaluku	meghe-@₁~fnaq[V→N]-–ghte[N→V]-te[V→V]-@₁~:(u)n[V→N]-–li[N→V]-@₁~:(i/u)ma[V→V][V][Trns][Sbrd][_][3Sg]
meghnaalimaluku	meghe-@₁~fnaq[V→N]-–ghte[N→V]-te[V→V]-@₁~:(u)n[V→N]-–li[N→V]-@₁~:(i/u)man[V→N]-–luk[N→N]-~:(ng₁)u[N→V][V][Intr][Opt][PRS][2Sg]
meghnaalimaluku	meghe-@₁~fna[V→V]-@₁~:(u)te[V→V]-@₁~:(u)n[V→N]-–li[N→V]-@₁~:(i/u)ma[V→V]-@₁~:(u)te[V→V][V][Trns][Sbrd][_][3Sg]
meghnaalimaluku	meghe-@₁~fna[V→V]-@₁~:(u)te[V→V]-@₁~:(u)n[V→N]-–li[N→V]-@₁~:(i/u)ma[V→V]-@₁~:(u)n[V→N]-–luk[N→N]-~:(ng₁)u[N→V][V][Intr][Opt][PRS][2Sg]
meghnaalimaluku	meghe-@₁~fna[V→V]-@₁~:(u)te[V→V]-@₁~:(u)n[V→N]-–li[N→V]-@₁~:(i/u)ma[V→V]-~:(u)te[V→V][V][Trns][Sbrd][_][3Sg]
meghnaalimaluku	meghe-@₁~fna[V→V]-@₁~:(u)te[V→V]-@₁~:(u)n[V→N]-–li[N→V]-@₁~:(i/u)ma[V→V][V][Trns][Sbrd][_][3Sg]
meghnaalimaluku	meghe-@₁~fna[V→V]-@₁~:(u)te[V→V]-@₁~:(u)n[V→N]-–li[N→V]-@₁~:(i/u)man[V→N]-–luk[N→N]-~:(ng₁)u[N→V][V][Intr][Opt][PRS][2Sg]
meghnaalimaluku	meghe-@₁~fna[V→V]-@₁~:(u)n[V→N]-–ghte[N→V]-@₁~:(u)n[V→N]-–li[N→V]-@₁~:(i/u)ma[V→V]-@₁~:(u)te[V→V][V][Trns][Sbrd][_][3Sg]
meghnaalimaluku	meghe-@₁~fna[V→V]-@₁~:(u)n[V→N]-–ghte[N→V]-@₁~:(u)n[V→N]-–li[N→V]-@₁~:(i/u)ma[V→V]-~:(u)te[V→V][V][Trns][Sbrd][_][3Sg]
meghnaalimaluku	meghe-@₁~fna[V→V]-@₁~:(u)n[V→N]-–ghte[N→V]-@₁~:(u)n[V→N]-–li[N→V]-@₁~:(i/u)ma[V→V][V][Trns][Sbrd][_][3Sg]
meghnaalimaluku	meghe-@₁~fna[V→V]-@₁~:(u)n[V→N]-–ghte[N→V]-@₁~:(u)n[V→N]-–li[N→V]-@₁~:(i/u)man[V→N]-–luk[N→N]-~:(ng₁)u[N→V][V][Intr][Opt][PRS][2Sg]
meghnaalimaluku	meghe-@₁~fna[V→V]-@₁~:(u)n[V→N]-–ghte[N→V]-te[V→V]-@₁~:(u)n[V→N]-–li[N→V]-@₁~:(i/u)ma[V→V]-@₁~:(u)te[V→V][V][Trns][Sbrd][_][3Sg]
meghnaalimaluku	meghe-@₁~fna[V→V]-@₁~:(u)n[V→N]-–ghte[N→V]-te[V→V]-@₁~:(u)n[V→N]-–li[N→V]-@₁~:(i/u)ma[V→V]-~:(u)te[V→V][V][Trns][Sbrd][_][3Sg]
meghnaalimaluku	meghe-@₁~fna[V→V]-@₁~:(u)n[V→N]-–ghte[N→V]-te[V→V]-@₁~:(u)n[V→N]-–li[N→V]-@₁~:(i/u)ma[V→V][V][Trns][Sbrd][_][3Sg]
meghnaalimaluku	meghe-@₁~fna[V→V]-@₁~:(u)n[V→N]-–ghte[N→V]-te[V→V]-@₁~:(u)n[V→N]-–li[N→V]-@₁~:(i/u)man[V→N]-–luk[N→N]-~:(ng₁)u[N→V][V][Intr][Opt][PRS][2Sg]
meghnaalimaluku	meghe-@₁~fna[V→V]-te[V→V]-@₁~:(u)n[V→N]-–li[N→V]-@₁~:(i/u)ma[V→V]-@₁~:(u)te[V→V][V][Trns][Sbrd][_][3Sg]
meghnaalimaluku	meghe-@₁~fna[V→V]-te[V→V]-@₁~:(u)n[V→N]-–li[N→V]-@₁~:(i/u)ma[V→V]-@₁~:(u)n[V→N]-–luk[N→N]-~:(ng₁)u[N→V][V][Intr][Opt][PRS][2Sg]
meghnaalimaluku	meghe-@₁~fna[V→V]-te[V→V]-@₁~:(u)n[V→N]-–li[N→V]-@₁~:(i/u)ma[V→V]-~:(u)te[V→V][V][Trns][Sbrd][_][3Sg]
meghnaalimaluku	meghe-@₁~fna[V→V]-te[V→V]-@₁~:(u)n[V→N]-–li[N→V]-@₁~:(i/u)ma[V→V][V][Trns][Sbrd][_][3Sg]
meghnaalimaluku	meghe-@₁~fna[V→V]-te[V→V]-@₁~:(u)n[V→N]-–li[N→V]-@₁~:(i/u)man[V→N]-–luk[N→N]-~:(ng₁)u[N→V][V][Intr][Opt][PRS][2Sg]
meghnaalimaluku	meghe-@₁~fna[V→V]-~:(u)te[V→V]-@₁~:(u)n[V→N]-–li[N→V]-@₁~:(i/u)ma[V→V]-@₁~:(u)te[V→V][V][Trns][Sbrd][_][3Sg]
meghnaalimaluku	meghe-@₁~fna[V→V]-~:(u)te[V→V]-@₁~:(u)n[V→N]-–li[N→V]-@₁~:(i/u)ma[V→V]-@₁~:(u)n[V→N]-–luk[N→N]-~:(ng₁)u[N→V][V][Intr][Opt][PRS][2Sg]
meghnaalimaluku	meghe-@₁~fna[V→V]-~:(u)te[V→V]-@₁~:(u)n[V→N]-–li[N→V]-@₁~:(i/u)ma[V→V]-~:(u)te[V→V][V][Trns][Sbrd][_][3Sg]
meghnaalimaluku	meghe-@₁~fna[V→V]-~:(u)te[V→V]-@₁~:(u)n[V→N]-–li[N→V]-@₁~:(i/u)ma[V→V][V][Trns][Sbrd][_][3Sg]
meghnaalimaluku	meghe-@₁~fna[V→V]-~:(u)te[V→V]-@₁~:(u)n[V→N]-–li[N→V]-@₁~:(i/u)man[V→N]-–luk[N→N]-~:(ng₁)u[N→V][V][Intr][Opt][PRS][2Sg]
meghnaalimaluku	meghe-@₁~fna[V→V]-~:(u)te[V→N]-te[N→V]-@₁~:(u)n[V→N]-–li[N→V]-@₁~:(i/u)ma[V→V]-@₁~:(u)te[V→V][V][Trns][Sbrd][_][3Sg]
meghnaalimaluku	meghe-@₁~fna[V→V]-~:(u)te[V→N]-te[N→V]-@₁~:(u)n[V→N]-–li[N→V]-@₁~:(i/u)ma[V→V]-@₁~:(u)n[V→N]-–luk[N→N]-~:(ng₁)u[N→V][V][Intr][Opt][PRS][2Sg]
meghnaalimaluku	meghe-@₁~fna[V→V]-~:(u)te[V→N]-te[N→V]-@₁~:(u)n[V→N]-–li[N→V]-@₁~:(i/u)ma[V→V]-~:(u)te[V→V][V][Trns][Sbrd][_][3Sg]
meghnaalimaluku	meghe-@₁~fna[V→V]-~:(u)te[V→N]-te[N→V]-@₁~:(u)n[V→N]-–li[N→V]-@₁~:(i/u)ma[V→V][V][Trns][Sbrd][_][3Sg]
meghnaalimaluku	meghe-@₁~fna[V→V]-~:(u)te[V→N]-te[N→V]-@₁~:(u)n[V→N]-–li[N→V]-@₁~:(i/u)man[V→N]-–luk[N→N]-~:(ng₁)u[N→V][V][Intr][Opt][PRS][2Sg]
meghnaalimaluku	meghe-@₁~fna[V→V]-~:(u)te[V→N]-te[N→V]-te[V→V]-@₁~:(u)n[V→N]-–li[N→V]-@₁~:(i/u)ma[V→V]-@₁~:(u)te[V→V][V][Trns][Sbrd][_][3Sg]
meghnaalimaluku	meghe-@₁~fna[V→V]-~:(u)te[V→N]-te[N→V]-te[V→V]-@₁~:(u)n[V→N]-–li[N→V]-@₁~:(i/u)ma[V→V]-@₁~:(u)n[V→N]-–luk[N→N]-~:(ng₁)u[N→V][V][Intr][Opt][PRS][2Sg]
meghnaalimaluku	meghe-@₁~fna[V→V]-~:(u)te[V→N]-te[N→V]-te[V→V]-@₁~:(u)n[V→N]-–li[N→V]-@₁~:(i/u)ma[V→V]-~:(u)te[V→V][V][Trns][Sbrd][_][3Sg]
meghnaalimaluku	meghe-@₁~fna[V→V]-~:(u)te[V→N]-te[N→V]-te[V→V]-@₁~:(u)n[V→N]-–li[N→V]-@₁~:(i/u)ma[V→V][V][Trns][Sbrd][_][3Sg]
meghnaalimaluku	meghe-@₁~fna[V→V]-~:(u)te[V→N]-te[N→V]-te[V→V]-@₁~:(u)n[V→N]-–li[N→V]-@₁~:(i/u)man[V→N]-–luk[N→N]-~:(ng₁)u[N→V][V][Intr][Opt][PRS][2Sg]
meghnaalimaluku	meghe-@₁~fna[V→V]-–ghte[V→V]-@₁~:(u)n[V→N]-–li[N→V]-@₁~:(i/u)ma[V→V]-@₁~:(u)te[V→V][V][Trns][Sbrd][_][3Sg]
meghnaalimaluku	meghe-@₁~fna[V→V]-–ghte[V→V]-@₁~:(u)n[V→N]-–li[N→V]-@₁~:(i/u)ma[V→V]-@₁~:(u)n[V→N]-–luk[N→N]-~:(ng₁)u[N→V][V][Intr][Opt][PRS][2Sg]
meghnaalimaluku	meghe-@₁~fna[V→V]-–ghte[V→V]-@₁~:(u)n[V→N]-–li[N→V]-@₁~:(i/u)ma[V→V]-~:(u)te[V→V][V][Trns][Sbrd][_][3Sg]
meghnaalimaluku	meghe-@₁~fna[V→V]-–ghte[V→V]-@₁~:(u)n[V→N]-–li[N→V]-@₁~:(i/u)ma[V→V][V][Trns][Sbrd][_][3Sg]
meghnaalimaluku	meghe-@₁~fna[V→V]-–ghte[V→V]-@₁~:(u)n[V→N]-–li[N→V]-@₁~:(i/u)man[V→N]-–luk[N→N]-~:(ng₁)u[N→V][V][Intr][Opt][PRS][2Sg]
meghnaalimaluku	meghe-@₁~fna[V→V]-aq[V→N]-–li[N→V]-@₁~:(i/u)ma[V→V]-@₁~:(u)te[V→V][V][Trns][Sbrd][_][3Sg]
meghnaalimaluku	meghe-@₁~fna[V→V]-aq[V→N]-–li[N→V]-@₁~:(i/u)ma[V→V]-@₁~:(u)n[V→N]-–luk[N→N]-~:(ng₁)u[N→V][V][Intr][Opt][PRS][2Sg]
meghnaalimaluku	meghe-@₁~fna[V→V]-aq[V→N]-–li[N→V]-@₁~:(i/u)ma[V→V]-~:(u)te[V→V][V][Trns][Sbrd][_][3Sg]
meghnaalimaluku	meghe-@₁~fna[V→V]-aq[V→N]-–li[N→V]-@₁~:(i/u)ma[V→V][V][Trns][Sbrd][_][3Sg]
meghnaalimaluku	meghe-@₁~fna[V→V]-aq[V→N]-–li[N→V]-@₁~:(i/u)man[V→N]-–luk[N→N]-~:(ng₁)u[N→V][V][Intr][Opt][PRS][2Sg]
meghnaalimaluku	meghe-@₁~fnagh[V→V]-–ghte[V→V]-@₁~:(u)n[V→N]-–li[N→V]-@₁~:(i/u)ma[V→V]-@₁~:(u)te[V→V][V][Trns][Sbrd][_][3Sg]
meghnaalimaluku	meghe-@₁~fnagh[V→V]-–ghte[V→V]-@₁~:(u)n[V→N]-–li[N→V]-@₁~:(i/u)ma[V→V]-@₁~:(u)n[V→N]-–luk[N→N]-~:(ng₁)u[N→V][V][Intr][Opt][PRS][2Sg]
meghnaalimaluku	meghe-@₁~fnagh[V→V]-–ghte[V→V]-@₁~:(u)n[V→N]-–li[N→V]-@₁~:(i/u)ma[V→V]-~:(u)te[V→V][V][Trns][Sbrd][_][3Sg]
meghnaalimaluku	meghe-@₁~fnagh[V→V]-–ghte[V→V]-@₁~:(u)n[V→N]-–li[N→V]-@₁~:(i/u)ma[V→V][V][Trns][Sbrd][_][3Sg]
meghnaalimaluku	meghe-@₁~fnagh[V→V]-–ghte[V→V]-@₁~:(u)n[V→N]-–li[N→V]-@₁~:(i/u)man[V→N]-–luk[N→N]-~:(ng₁)u[N→V][V][Intr][Opt][PRS][2Sg]
meghnaalimaluku	meghe-@₁~fnagh[V→V]-@₁~:(u)n[V→N]-–li[N→V]-@₁~:(i/u)ma[V→V]-@₁~:(u)te[V→V][V][Trns][Sbrd][_][3Sg]
meghnaalimaluku	meghe-@₁~fnagh[V→V]-@₁~:(u)n[V→N]-–li[N→V]-@₁~:(i/u)ma[V→V]-@₁~:(u)n[V→N]-–luk[N→N]-~:(ng₁)u[N→V][V][Intr][Opt][PRS][2Sg]
meghnaalimaluku	meghe-@₁~fnagh[V→V]-@₁~:(u)n[V→N]-–li[N→V]-@₁~:(i/u)ma[V→V]-~:(u)te[V→V][V][Trns][Sbrd][_][3Sg]
meghnaalimaluku	meghe-@₁~fnagh[V→V]-@₁~:(u)n[V→N]-–li[N→V]-@₁~:(i/u)ma[V→V][V][Trns][Sbrd][_][3Sg]
meghnaalimaluku	meghe-@₁~fnagh[V→V]-@₁~:(u)n[V→N]-–li[N→V]-@₁~:(i/u)man[V→N]-–luk[N→N]-~:(ng₁)u[N→V][V][Intr][Opt][PRS][2Sg]
meghnaalimaluku	meghe-@₁~fnagh[V→V]-te[V→V]-@₁~:(u)n[V→N]-–li[N→V]-@₁~:(i/u)ma[V→V]-@₁~:(u)te[V→V][V][Trns][Sbrd][_][3Sg]
meghnaalimaluku	meghe-@₁~fnagh[V→V]-te[V→V]-@₁~:(u)n[V→N]-–li[N→V]-@₁~:(i/u)ma[V→V]-@₁~:(u)n[V→N]-–luk[N→N]-~:(ng₁)u[N→V][V][Intr][Opt][PRS][2Sg]
meghnaalimaluku	meghe-@₁~fnagh[V→V]-te[V→V]-@₁~:(u)n[V→N]-–li[N→V]-@₁~:(i/u)ma[V→V]-~:(u)te[V→V][V][Trns][Sbrd][_][3Sg]
meghnaalimaluku	meghe-@₁~fnagh[V→V]-te[V→V]-@₁~:(u)n[V→N]-–li[N→V]-@₁~:(i/u)ma[V→V][V][Trns][Sbrd][_][3Sg]
meghnaalimaluku	meghe-@₁~fnagh[V→V]-te[V→V]-@₁~:(u)n[V→N]-–li[N→V]-@₁~:(i/u)man[V→N]-–luk[N→N]-~:(ng₁)u[N→V][V][Intr][Opt][PRS][2Sg]
meghnaalimaluku	meghe-@₁~fnagh[V→V]-~:(ng₁)u[V→V]-@₁~:(u)n[V→N]-–li[N→V]-@₁~:(i/u)ma[V→V]-@₁~:(u)te[V→V][V][Trns][Sbrd][_][3Sg]
meghnaalimaluku	meghe-@₁~fnagh[V→V]-~:(ng₁)u[V→V]-@₁~:(u)n[V→N]-–li[N→V]-@₁~:(i/u)ma[V→V]-@₁~:(u)n[V→N]-–luk[N→N]-~:(ng₁)u[N→V][V][Intr][Opt][PRS][2Sg]
meghnaalimaluku	meghe-@₁~fnagh[V→V]-~:(ng₁)u[V→V]-@₁~:(u)n[V→N]-–li[N→V]-@₁~:(i/u)ma[V→V]-~:(u)te[V→V][V][Trns][Sbrd][_][3Sg]
meghnaalimaluku	meghe-@₁~fnagh[V→V]-~:(ng₁)u[V→V]-@₁~:(u)n[V→N]-–li[N→V]-@₁~:(i/u)ma[V→V][V][Trns][Sbrd][_][3Sg]
meghnaalimaluku	meghe-@₁~fnagh[V→V]-~:(ng₁)u[V→V]-@₁~:(u)n[V→N]-–li[N→V]-@₁~:(i/u)man[V→N]-–luk[N→N]-~:(ng₁)u[N→V][V][Intr][Opt][PRS][2Sg]
meghnaalimaluku	meghnaali-@₁~:(i/u)ma[V→V]-@₁~:(u)te[V→V][V][Trns][Sbrd][_][3Sg]
meghnaalimaluku	meghnaali-@₁~:(i/u)ma[V→V]-@₁~:(u)n[V→N]-–luk[N→N]-~:(ng₁)u[N→V][V][Intr][Opt][PRS][2Sg]
meghnaalimaluku	meghnaali-@₁~:(i/u)ma[V→V]-~:(u)te[V→V][V][Trns][Sbrd][_][3Sg]
meghnaalimaluku	meghnaali-@₁~:(i/u)ma[V→V][V][Trns][Sbrd][_][3Sg]
meghnaalimaluku	meghnaali-@₁~:(i/u)man[V→N]-–luk[N→N]-~:(ng₁)u[N→V][V][Intr][Opt][PRS][2Sg]

paapga	papeg[N][Abs][3SgPoss][SgPosd]

kumlatusimakanga	kumlate-te[V→V]-@₁~:(u)te[V→V]-@₁~:(i/u)ma[V→V]-~–(g₁)kaq[V→N]-–nge[N→V][V][Intr][Intrg][3Sg]
kumlatusimakanga	kumlate-te[V→V]-@₁~:(u)te[V→V]-@₁~:(i/u)ma[V→V]-~sf–(g₃)kaq[V→N]-–nge[N→V][V][Intr][Intrg][3Sg]
kumlatusimakanga	kumlate-te[V→V]-@₁~:(u)te[V→V]-@₁~:(i/u)ma[V→V]-@₂~fkaq[V→N]-–nge[N→V][V][Intr][Intrg][3Sg]
kumlatusimakanga	kumlate-te[V→V]-@₁~:(u)te[V→V]-@₁~:(i/u)ma[V→V]-@*@₂~sf–(g₂)k(a)e[V→N]-–nge[N→V][V][Intr][Intrg][3Sg]
kumlatusimakanga	kumlate-te[V→V]-@₁~:(u)te[V→V]-@₁~:(i/u)ma[V→V]-@*@₂~sf–(g₂)k(a)e[V→N][N][Abs][3SgPoss][SgPosd]
kumlatusimakanga	kumlate-te[V→V]-@₁~:(u)te[V→V]-@₁~:(i/u)ma[V→V][V][Trns][Cond][3Sg][1Sg]
kumlatusimakanga	kumlate-te[V→V]-@₁~:(u)te[V→V]-@₁~:(i/u)ma[V→V][V][Trns][Ptcp][3Sg][3Sg]
kumlatusimakanga	kumlate-~:(u)te[V→V]-@₁~:(i/u)ma[V→V]-~–(g₁)kaq[V→N]-–nge[N→V][V][Intr][Intrg][3Sg]
kumlatusimakanga	kumlate-~:(u)te[V→V]-@₁~:(i/u)ma[V→V]-~sf–(g₃)kaq[V→N]-–nge[N→V][V][Intr][Intrg][3Sg]
kumlatusimakanga	kumlate-~:(u)te[V→V]-@₁~:(i/u)ma[V→V]-@₂~fkaq[V→N]-–nge[N→V][V][Intr][Intrg][3Sg]
kumlatusimakanga	kumlate-~:(u)te[V→V]-@₁~:(i/u)ma[V→V]-@*@₂~sf–(g₂)k(a)e[V→N]-–nge[N→V][V][Intr][Intrg][3Sg]
kumlatusimakanga	kumlate-~:(u)te[V→V]-@₁~:(i/u)ma[V→V]-@*@₂~sf–(g₂)k(a)e[V→N][N][Abs][3SgPoss][SgPosd]
kumlatusimakanga	kumlate-~:(u)te[V→V]-@₁~:(i/u)ma[V→V][V][Trns][Cond][3Sg][1Sg]
kumlatusimakanga	kumlate-~:(u)te[V→V]-@₁~:(i/u)ma[V→V][V][Trns][Ptcp][3Sg][3Sg]

------------------------
Ilagaamalghii inqunamen papeni ghhataghtesqelluku, "Kanakiii, kanakiii, kanakiii, kanakiii, ukigem talatanga!

ilagaamalghii	ilagagh-@₁~:(i/u)ma[V→V]-@₁–lghii[V→N][N][Abs][Unpd][Sg]
ilagaamalghii	ilagagh-@₁~:(i/u)magh[V→V]-@₁–lghii[V→N][N][Abs][Unpd][Sg]
ilagaamalghii	ilagagh-~:(ng₁)u[V→V]-@₁~:(i/u)ma[V→V]-@₁–lghii[V→N][N][Abs][Unpd][Sg]
ilagaamalghii	ilagagh-~:(ng₁)u[V→V]-@₁~:(i/u)magh[V→V]-@₁–lghii[V→N][N][Abs][Unpd][Sg]

papeni	papeg[N][Abs][4SgPoss][SgPosd]
papeni	papeg[N][Abs][4SgPoss][PlPosd]

talatanga	tala-te[N→V][V][Trns][Intrg][3Sg][1Sg]
talatanga	tala-taq[N→N]-–nge[N→V][V][Intr][Intrg][3Sg]
talatanga	tala-ta[N→N]-–nge[N→V][V][Intr][Intrg][3Sg]
talatanga	tala-ta[N→N][N][Abs][3SgPoss][SgPosd]

------------------------
Kiyayuvaghluktungaaaa!

------------------------
Amiqluk pikrungaaaaaa, taymanalukaa, kalalikaaaa, taymanalukaa, kalalikaaaa."

------------------------


	

------------------------
Taaqumalghii ilaganeghmeng.

taaqumalghii	taaqe-@₁~:(i/u)ma[V→V]-@₁–lghii[V→N][N][Abs][Unpd][Sg]
taaqumalghii	taaqe-@₁~:(i/u)magh[V→V]-@₁–lghii[V→N][N][Abs][Unpd][Sg]

ilaganeghmeng	ilagagh-@₁–negh[V→N][N][Abl_Mod][Unpd][Sg]
ilaganeghmeng	ilagagh-@₁–negh[V→N][N][Rel][4DuPoss][PlPosd]
ilaganeghmeng	ilagagh-@₁–negh[V→N][N][Rel][4DuPoss][SgPosd]
ilaganeghmeng	ilagagh-@₁–negh[V→N][N][Rel][4PlPoss][PlPosd]
ilaganeghmeng	ilagagh-@₁–negh[V→N][N][Rel][4PlPoss][SgPosd]
ilaganeghmeng	ilagagh[V][Intr][Ctmp][4Pl]

------------------------
Sunanguq taana amiqluggaq ketfaghaghta.

sunanguq	suna-–nge[N→V][V][Intr][Ind][3Sg]
sunanguq	suna[N][Abs][Unpd][Sg]-nguq[Encl]
sunanguq	sunanguq

taana	taane[V][Intr][Intrg][3Sg]
taana	taana

ketfaghaghta	ketfagh-~aghte[V→V][V][Intr][Intrg][3Sg]
ketfaghaghta	ketfagh-aq[V→N]-–ghte[N→V][V][Intr][Intrg][3Sg]

------------------------
Afsengaghhaam pimakanga, "Awiiten!

afsengaghhaam	afsengagh*-–ghhagh*[N→N][N][Rel][Unpd][Sg]

pimakanga	pi-@₁~:(i/u)ma[V→V]-~–(g₁)kaq[V→N]-–nge[N→V][V][Intr][Intrg][3Sg]
pimakanga	pi-@₁~:(i/u)ma[V→V]-~sf–(g₃)kaq[V→N]-–nge[N→V][V][Intr][Intrg][3Sg]
pimakanga	pi-@₁~:(i/u)ma[V→V]-@₂~fkaq[V→N]-–nge[N→V][V][Intr][Intrg][3Sg]
pimakanga	pi-@₁~:(i/u)ma[V→V]-@*@₂~sf–(g₂)k(a)e[V→N]-–nge[N→V][V][Intr][Intrg][3Sg]
pimakanga	pi-@₁~:(i/u)ma[V→V]-@*@₂~sf–(g₂)k(a)e[V→N][N][Abs][3SgPoss][SgPosd]
pimakanga	pi-@₁~:(i/u)ma[V→V][V][Trns][Cond][3Sg][1Sg]
pimakanga	pi-@₁~:(i/u)ma[V→V][V][Trns][Ptcp][3Sg][3Sg]

awiiten	aw-–ghagh*[N→N]-~:(ng₁)ite[N→V][V][Intr][Opt][PRS][2Sg]
awiiten	aw-~:(ng₁)u[N→V]-~i[V→V]-@₁~:(u)te[V→V][V][Intr][Opt][PRS][2Sg]
awiiten	aw-~:(ng₁)u[N→V]-~i[V→V]-~:(u)te[V→V][V][Intr][Opt][PRS][2Sg]
awiiten	aw-~:(ng₁)u[N→V]-~i[V→V]-~:(u)te[V→N][N][Abs][2SgPoss][SgPosd]
awiiten	aw-~:(ng₁)u[N→V]-~i[V→V]-te[V→V][V][Intr][Opt][PRS][2Sg]
awiiten	aw-~:(ng₁)ite[N→V]-@₁~:(u)te[V→V][V][Intr][Opt][PRS][2Sg]
awiiten	aw-~:(ng₁)ite[N→V]-te[V→V]-@₁~:(u)te[V→V][V][Intr][Opt][PRS][2Sg]
awiiten	aw-~:(ng₁)ite**[N→V]-@₁~:(u)te[V→V][V][Intr][Opt][PRS][2Sg]
awiiten	aw-~:(ng₁)ite**[N→V]-te[V→V]-@₁~:(u)te[V→V][V][Intr][Opt][PRS][2Sg]
awiiten	aw-~:(ng₁)igh[N→V]-–ghte[V→V]-@₁~:(u)te[V→V][V][Intr][Opt][PRS][2Sg]
awiiten	aw-~:(ng₁)igh[N→V]-@₁~:(u)te[V→V][V][Intr][Opt][PRS][2Sg]
awiiten	aw-~:(ng₁)igh[N→V]-te[V→V]-@₁~:(u)te[V→V][V][Intr][Opt][PRS][2Sg]
awiiten	aw-~:(ng₁)igh[N→V]-~:(ng₁)u[V→V]-@₁~:(u)te[V→V][V][Intr][Opt][PRS][2Sg]
awiiten	aw-~:(ng₁)igh[N→V]-~:(ng₁)u[V→V]-~:(u)te[V→V][V][Intr][Opt][PRS][2Sg]
awiiten	aw-~:(ng₁)igh[N→V]-~:(ng₁)u[V→V]-~:(u)te[V→N][N][Abs][2SgPoss][SgPosd]
awiiten	aw-~:(ng₁)igh[N→V]-~:(ng₁)u[V→V]-te[V→V][V][Intr][Opt][PRS][2Sg]
awiiten	aw-~:(ng₁)igh[N→V]-~:(ng₁)ite[V→V][V][Intr][Opt][PRS][2Sg]
awiiten	aw-~:(ng₁)igh[N→V]-~:(u)te[V→V][V][Intr][Opt][PRS][2Sg]
awiiten	aw-~:(ng₁)igh[N→V]-~:(u)te[V→N][N][Abs][2SgPoss][SgPosd]
awiiten	aw-––i[N→V]-@₁~:(u)te[V→V]-@₁~:(u)te[V→V][V][Intr][Opt][PRS][2Sg]
awiiten	aw-––i[N→V]-@₁~:(u)n[V→N]-–ghte[N→V]-@₁~:(u)te[V→V][V][Intr][Opt][PRS][2Sg]
awiiten	aw-––i[N→V]-@₁~:(u)n[V→N]-–ghte[N→V]-te[V→V]-@₁~:(u)te[V→V][V][Intr][Opt][PRS][2Sg]
awiiten	aw-––i[N→V]-te[V→V]-@₁~:(u)te[V→V][V][Intr][Opt][PRS][2Sg]
awiiten	aw-––i[N→V]-~:(u)te[V→V]-@₁~:(u)te[V→V][V][Intr][Opt][PRS][2Sg]
awiiten	aw-––i[N→V]-~:(u)te[V→N]-te[N→V]-@₁~:(u)te[V→V][V][Intr][Opt][PRS][2Sg]
awiiten	aw-––i[N→V]-~:(u)te[V→N]-te[N→V]-te[V→V]-@₁~:(u)te[V→V][V][Intr][Opt][PRS][2Sg]
awiiten	aw-––i[N→V]-–ghte[V→V]-@₁~:(u)te[V→V][V][Intr][Opt][PRS][2Sg]
awiiten	aw-––i[N→V][V][Intr][Ind][2Sg]
awiiten	aw-––i[N→V][V][Trns][Intrg][3Sg][2Sg]
awiiten	aw-––i[N→V][V][Trns][Intrg][3Pl][2Sg]
awiiten	aw-––i[N→V][V][Trns][Intrg][3Du][2Sg]
awiiten	aw-––i[N→V][V][Trns][Ind][2Sg][3Pl]
awiiten	aw-––igh[N→V]-–ghte[V→V]-@₁~:(u)te[V→V][V][Intr][Opt][PRS][2Sg]
awiiten	aw-––ii[N→V]-@₁~:(u)te[V→V][V][Intr][Opt][PRS][2Sg]
awiiten	aw-––ii[N→V]-~:(u)te[V→V][V][Intr][Opt][PRS][2Sg]
awiiten	aw-––ii[N→V]-~:(u)te[V→N][N][Abs][2SgPoss][SgPosd]
awiiten	aw-––ii[N→V]-te[V→V][V][Intr][Opt][PRS][2Sg]
awiiten	aw-––igh[N→V]-@₁~:(u)te[V→V][V][Intr][Opt][PRS][2Sg]
awiiten	aw-––igh[N→V]-te[V→V]-@₁~:(u)te[V→V][V][Intr][Opt][PRS][2Sg]
awiiten	aw-––igh[N→V]-~:(ng₁)u[V→V]-@₁~:(u)te[V→V][V][Intr][Opt][PRS][2Sg]
awiiten	aw-––igh[N→V]-~:(ng₁)u[V→V]-~:(u)te[V→V][V][Intr][Opt][PRS][2Sg]
awiiten	aw-––igh[N→V]-~:(ng₁)u[V→V]-~:(u)te[V→N][N][Abs][2SgPoss][SgPosd]
awiiten	aw-––igh[N→V]-~:(ng₁)u[V→V]-te[V→V][V][Intr][Opt][PRS][2Sg]
awiiten	aw-––igh[N→V]-~:(ng₁)ite[V→V][V][Intr][Opt][PRS][2Sg]
awiiten	aw-––igh[N→V]-~:(u)te[V→V][V][Intr][Opt][PRS][2Sg]
awiiten	aw-––igh[N→V]-~:(u)te[V→N][N][Abs][2SgPoss][SgPosd]
awiiten	awi-te[N→V]-@₁~:(u)te[V→V][V][Intr][Opt][PRS][2Sg]
awiiten	awi-––i[N→V]-@₁~:(u)te[V→V][V][Intr][Opt][PRS][2Sg]
awiiten	awi-––i[N→V]-~:(u)te[V→V][V][Intr][Opt][PRS][2Sg]
awiiten	awi-––i[N→V]-~:(u)te[V→N][N][Abs][2SgPoss][SgPosd]
awiiten	awi-––i[N→V]-te[V→V][V][Intr][Opt][PRS][2Sg]
awiiten	awi-–ghte[N→V]-@₁~:(u)te[V→V][V][Intr][Opt][PRS][2Sg]
awiiten	awi-–ghte[N→V]-te[V→V]-@₁~:(u)te[V→V][V][Intr][Opt][PRS][2Sg]
awiiten	awiim-––i[N→V]-@₁~:(u)te[V→V][V][Intr][Opt][PRS][2Sg]
awiiten	awiim-––i[N→V]-~:(u)te[V→V][V][Intr][Opt][PRS][2Sg]
awiiten	awiim-––i[N→V]-~:(u)te[V→N][N][Abs][2SgPoss][SgPosd]
awiiten	awiim-––i[N→V]-te[V→V][V][Intr][Opt][PRS][2Sg]
awiiten	awite-@₁~:(u)te[V→V][V][Intr][Opt][PRS][2Sg]
awiiten	awii[N][Abs][2SgPoss][PlPosd]
awiiten	awii-te[N→V][V][Intr][Opt][PRS][2Sg]
awiiten	awii[N][Abs][2SgPoss][PlPosd]
awiiten	awi-ate[N→V][V][Intr][Opt][PRS][2Sg]
awiiten	aw-igh[N→V]-~:(ng₁)u[V→V]-~:(u)te[V→N][N][Abs][2SgPoss][SgPosd]
awiiten	aw-igh[N→V]-~:(u)te[V→N][N][Abs][2SgPoss][SgPosd]
awiiten	aw-agh[N→V]-~:(ng₁)ite[V→V][V][Intr][Opt][PRS][2Sg]
awiiten	agugh-~:(ng₁)ite[N→V][V][Intr][Opt][PRS][2Sg]

------------------------
Uuynituten!"

uuynituten	uuyni-–tu[N→V]-@₁~:(u)te[V→V][V][Intr][Opt][PRS][2Sg]
uuynituten	uuyni-–tu[N→V]-~:(u)te[V→V][V][Intr][Opt][PRS][2Sg]
uuynituten	uuyni-–tu[N→V]-~:(u)te[V→N][N][Abs][2SgPoss][SgPosd]
uuynituten	uuyni-–tu[N→V]-te[V→V][V][Intr][Opt][PRS][2Sg]
uuynituten	uuyni[N][Abs][Unpd][Sg]-ete[to.be]-~:(u)te[V→V][V][Intr][Opt][PRS][2Sg]
uuynituten	uuyni[N][Abs][Unpd][Sg]-ete[to.be]-~:(u)te[V→N][N][Abs][2SgPoss][SgPosd]
uuynituten	uuyni[N][Abs][Unpd][Sg]-ete[to.be][V][Intr][Ind][2Sg]
uuynituten	uuynite-te[V→V]-@₁~:(u)te[V→V][V][Intr][Opt][PRS][2Sg]
uuynituten	uuynite-~:(u)te[V→V][V][Intr][Opt][PRS][2Sg]
uuynituten	uuynite-~:(u)te[V→N][N][Abs][2SgPoss][SgPosd]
uuynituten	uuynite[V][Intr][Ind][2Sg]
uuynituten	uuyni-te[N→V]-te[V→V]-@₁~:(u)te[V→V][V][Intr][Opt][PRS][2Sg]
uuynituten	uuyni-te[N→V]-~:(u)te[V→V][V][Intr][Opt][PRS][2Sg]
uuynituten	uuyni-te[N→V]-~:(u)te[V→N][N][Abs][2SgPoss][SgPosd]
uuynituten	uuyni-te[N→V][V][Intr][Ind][2Sg]
uuynituten	uuyni-tu[N→V]-@₁~:(u)te[V→V][V][Intr][Opt][PRS][2Sg]
uuynituten	uuyni-tu[N→V]-~:(u)te[V→V][V][Intr][Opt][PRS][2Sg]
uuynituten	uuyni-tu[N→V]-~:(u)te[V→N][N][Abs][2SgPoss][SgPosd]
uuynituten	uuyni-tu[N→V]-te[V→V][V][Intr][Opt][PRS][2Sg]

------------------------
Amiqluggaq aghulaqumalghii.

aghulaqumalghii	aghula-–qu[V→V]-@₁~:(i/u)ma[V→V]-@₁–lghii[V→N][N][Abs][Unpd][Sg]
aghulaqumalghii	aghula-–qu[V→V]-@₁~:(i/u)magh[V→V]-@₁–lghii[V→N][N][Abs][Unpd][Sg]
aghulaqumalghii	aghulaqe-@₁~:(i/u)ma[V→V]-@₁–lghii[V→N][N][Abs][Unpd][Sg]
aghulaqumalghii	aghulaqe-@₁~:(i/u)magh[V→V]-@₁–lghii[V→N][N][Abs][Unpd][Sg]
aghulaqumalghii	aghula-qe[N→V]-@₁~:(i/u)ma[V→V]-@₁–lghii[V→N][N][Abs][Unpd][Sg]
aghulaqumalghii	aghula-qe[N→V]-@₁~:(i/u)magh[V→V]-@₁–lghii[V→N][N][Abs][Unpd][Sg]
aghulaqumalghii	aghula-qu[N→V]-@₁~:(i/u)ma[V→V]-@₁–lghii[V→N][N][Abs][Unpd][Sg]
aghulaqumalghii	aghula-qu[N→V]-@₁~:(i/u)magh[V→V]-@₁–lghii[V→N][N][Abs][Unpd][Sg]

------------------------
Allameng ilagaghlaataamalghii, "Kanakiii, kanakiii, kanakiii, kanakiii, ukigem talatanga!

allameng	alla[N][Abl_Mod][Unpd][Sg]
allameng	alla[N][Rel][4DuPoss][PlPosd]
allameng	alla[N][Rel][4DuPoss][SgPosd]
allameng	alla[N][Rel][4PlPoss][PlPosd]
allameng	alla[N][Rel][4PlPoss][SgPosd]
allameng	allameng

ilagaghlaataamalghii	ilagagh-@₁~laatagh[V→V]-@₁~:(i/u)ma[V→V]-@₁–lghii[V→N][N][Abs][Unpd][Sg]
ilagaghlaataamalghii	ilagagh-@₁~laatagh[V→V]-@₁~:(i/u)magh[V→V]-@₁–lghii[V→N][N][Abs][Unpd][Sg]
ilagaghlaataamalghii	ilagagh-@₁~laatagh[V→V]-~:(ng₁)u[V→V]-@₁~:(i/u)ma[V→V]-@₁–lghii[V→N][N][Abs][Unpd][Sg]
ilagaghlaataamalghii	ilagagh-@₁~laatagh[V→V]-~:(ng₁)u[V→V]-@₁~:(i/u)magh[V→V]-@₁–lghii[V→N][N][Abs][Unpd][Sg]
ilagaghlaataamalghii	ilagagh-@₁~flaatagh[V→V]-@₁~:(i/u)ma[V→V]-@₁–lghii[V→N][N][Abs][Unpd][Sg]
ilagaghlaataamalghii	ilagagh-@₁~flaatagh[V→V]-@₁~:(i/u)magh[V→V]-@₁–lghii[V→N][N][Abs][Unpd][Sg]
ilagaghlaataamalghii	ilagagh-@₁~flaatagh[V→V]-~:(ng₁)u[V→V]-@₁~:(i/u)ma[V→V]-@₁–lghii[V→N][N][Abs][Unpd][Sg]
ilagaghlaataamalghii	ilagagh-@₁~flaatagh[V→V]-~:(ng₁)u[V→V]-@₁~:(i/u)magh[V→V]-@₁–lghii[V→N][N][Abs][Unpd][Sg]

talatanga	tala-te[N→V][V][Trns][Intrg][3Sg][1Sg]
talatanga	tala-taq[N→N]-–nge[N→V][V][Intr][Intrg][3Sg]
talatanga	tala-ta[N→N]-–nge[N→V][V][Intr][Intrg][3Sg]
talatanga	tala-ta[N→N][N][Abs][3SgPoss][SgPosd]

------------------------
Kiyayuvaghluktungaaaa, sikik pikrungaaaaaa, taymanalukaa, kalalikaaaa."

sikik	sikig[N][Abs][Unpd][Sg]

------------------------


	

------------------------
Sunanguq taana sikiggaq ketfaghta.

sunanguq	suna-–nge[N→V][V][Intr][Ind][3Sg]
sunanguq	suna[N][Abs][Unpd][Sg]-nguq[Encl]
sunanguq	sunanguq

taana	taane[V][Intr][Intrg][3Sg]
taana	taana

ketfaghta	ketfagh-–ghte[V→V][V][Intr][Intrg][3Sg]
ketfaghta	ketfagh-(s)ta[V→N][N][Abs][Unpd][Sg]
ketfaghta	ketfagh[V][Intr][Intrg][3Sg]
ketfaghta	ketfaghte[V][Intr][Intrg][3Sg]
ketfaghta	ketfagh-te[V→V][V][Intr][Intrg][3Sg]

------------------------
Afsengaghhaam pimakanga, "Awiiten!

afsengaghhaam	afsengagh*-–ghhagh*[N→N][N][Rel][Unpd][Sg]

pimakanga	pi-@₁~:(i/u)ma[V→V]-~–(g₁)kaq[V→N]-–nge[N→V][V][Intr][Intrg][3Sg]
pimakanga	pi-@₁~:(i/u)ma[V→V]-~sf–(g₃)kaq[V→N]-–nge[N→V][V][Intr][Intrg][3Sg]
pimakanga	pi-@₁~:(i/u)ma[V→V]-@₂~fkaq[V→N]-–nge[N→V][V][Intr][Intrg][3Sg]
pimakanga	pi-@₁~:(i/u)ma[V→V]-@*@₂~sf–(g₂)k(a)e[V→N]-–nge[N→V][V][Intr][Intrg][3Sg]
pimakanga	pi-@₁~:(i/u)ma[V→V]-@*@₂~sf–(g₂)k(a)e[V→N][N][Abs][3SgPoss][SgPosd]
pimakanga	pi-@₁~:(i/u)ma[V→V][V][Trns][Cond][3Sg][1Sg]
pimakanga	pi-@₁~:(i/u)ma[V→V][V][Trns][Ptcp][3Sg][3Sg]

awiiten	aw-–ghagh*[N→N]-~:(ng₁)ite[N→V][V][Intr][Opt][PRS][2Sg]
awiiten	aw-~:(ng₁)u[N→V]-~i[V→V]-@₁~:(u)te[V→V][V][Intr][Opt][PRS][2Sg]
awiiten	aw-~:(ng₁)u[N→V]-~i[V→V]-~:(u)te[V→V][V][Intr][Opt][PRS][2Sg]
awiiten	aw-~:(ng₁)u[N→V]-~i[V→V]-~:(u)te[V→N][N][Abs][2SgPoss][SgPosd]
awiiten	aw-~:(ng₁)u[N→V]-~i[V→V]-te[V→V][V][Intr][Opt][PRS][2Sg]
awiiten	aw-~:(ng₁)ite[N→V]-@₁~:(u)te[V→V][V][Intr][Opt][PRS][2Sg]
awiiten	aw-~:(ng₁)ite[N→V]-te[V→V]-@₁~:(u)te[V→V][V][Intr][Opt][PRS][2Sg]
awiiten	aw-~:(ng₁)ite**[N→V]-@₁~:(u)te[V→V][V][Intr][Opt][PRS][2Sg]
awiiten	aw-~:(ng₁)ite**[N→V]-te[V→V]-@₁~:(u)te[V→V][V][Intr][Opt][PRS][2Sg]
awiiten	aw-~:(ng₁)igh[N→V]-–ghte[V→V]-@₁~:(u)te[V→V][V][Intr][Opt][PRS][2Sg]
awiiten	aw-~:(ng₁)igh[N→V]-@₁~:(u)te[V→V][V][Intr][Opt][PRS][2Sg]
awiiten	aw-~:(ng₁)igh[N→V]-te[V→V]-@₁~:(u)te[V→V][V][Intr][Opt][PRS][2Sg]
awiiten	aw-~:(ng₁)igh[N→V]-~:(ng₁)u[V→V]-@₁~:(u)te[V→V][V][Intr][Opt][PRS][2Sg]
awiiten	aw-~:(ng₁)igh[N→V]-~:(ng₁)u[V→V]-~:(u)te[V→V][V][Intr][Opt][PRS][2Sg]
awiiten	aw-~:(ng₁)igh[N→V]-~:(ng₁)u[V→V]-~:(u)te[V→N][N][Abs][2SgPoss][SgPosd]
awiiten	aw-~:(ng₁)igh[N→V]-~:(ng₁)u[V→V]-te[V→V][V][Intr][Opt][PRS][2Sg]
awiiten	aw-~:(ng₁)igh[N→V]-~:(ng₁)ite[V→V][V][Intr][Opt][PRS][2Sg]
awiiten	aw-~:(ng₁)igh[N→V]-~:(u)te[V→V][V][Intr][Opt][PRS][2Sg]
awiiten	aw-~:(ng₁)igh[N→V]-~:(u)te[V→N][N][Abs][2SgPoss][SgPosd]
awiiten	aw-––i[N→V]-@₁~:(u)te[V→V]-@₁~:(u)te[V→V][V][Intr][Opt][PRS][2Sg]
awiiten	aw-––i[N→V]-@₁~:(u)n[V→N]-–ghte[N→V]-@₁~:(u)te[V→V][V][Intr][Opt][PRS][2Sg]
awiiten	aw-––i[N→V]-@₁~:(u)n[V→N]-–ghte[N→V]-te[V→V]-@₁~:(u)te[V→V][V][Intr][Opt][PRS][2Sg]
awiiten	aw-––i[N→V]-te[V→V]-@₁~:(u)te[V→V][V][Intr][Opt][PRS][2Sg]
awiiten	aw-––i[N→V]-~:(u)te[V→V]-@₁~:(u)te[V→V][V][Intr][Opt][PRS][2Sg]
awiiten	aw-––i[N→V]-~:(u)te[V→N]-te[N→V]-@₁~:(u)te[V→V][V][Intr][Opt][PRS][2Sg]
awiiten	aw-––i[N→V]-~:(u)te[V→N]-te[N→V]-te[V→V]-@₁~:(u)te[V→V][V][Intr][Opt][PRS][2Sg]
awiiten	aw-––i[N→V]-–ghte[V→V]-@₁~:(u)te[V→V][V][Intr][Opt][PRS][2Sg]
awiiten	aw-––i[N→V][V][Intr][Ind][2Sg]
awiiten	aw-––i[N→V][V][Trns][Intrg][3Sg][2Sg]
awiiten	aw-––i[N→V][V][Trns][Intrg][3Pl][2Sg]
awiiten	aw-––i[N→V][V][Trns][Intrg][3Du][2Sg]
awiiten	aw-––i[N→V][V][Trns][Ind][2Sg][3Pl]
awiiten	aw-––igh[N→V]-–ghte[V→V]-@₁~:(u)te[V→V][V][Intr][Opt][PRS][2Sg]
awiiten	aw-––ii[N→V]-@₁~:(u)te[V→V][V][Intr][Opt][PRS][2Sg]
awiiten	aw-––ii[N→V]-~:(u)te[V→V][V][Intr][Opt][PRS][2Sg]
awiiten	aw-––ii[N→V]-~:(u)te[V→N][N][Abs][2SgPoss][SgPosd]
awiiten	aw-––ii[N→V]-te[V→V][V][Intr][Opt][PRS][2Sg]
awiiten	aw-––igh[N→V]-@₁~:(u)te[V→V][V][Intr][Opt][PRS][2Sg]
awiiten	aw-––igh[N→V]-te[V→V]-@₁~:(u)te[V→V][V][Intr][Opt][PRS][2Sg]
awiiten	aw-––igh[N→V]-~:(ng₁)u[V→V]-@₁~:(u)te[V→V][V][Intr][Opt][PRS][2Sg]
awiiten	aw-––igh[N→V]-~:(ng₁)u[V→V]-~:(u)te[V→V][V][Intr][Opt][PRS][2Sg]
awiiten	aw-––igh[N→V]-~:(ng₁)u[V→V]-~:(u)te[V→N][N][Abs][2SgPoss][SgPosd]
awiiten	aw-––igh[N→V]-~:(ng₁)u[V→V]-te[V→V][V][Intr][Opt][PRS][2Sg]
awiiten	aw-––igh[N→V]-~:(ng₁)ite[V→V][V][Intr][Opt][PRS][2Sg]
awiiten	aw-––igh[N→V]-~:(u)te[V→V][V][Intr][Opt][PRS][2Sg]
awiiten	aw-––igh[N→V]-~:(u)te[V→N][N][Abs][2SgPoss][SgPosd]
awiiten	awi-te[N→V]-@₁~:(u)te[V→V][V][Intr][Opt][PRS][2Sg]
awiiten	awi-––i[N→V]-@₁~:(u)te[V→V][V][Intr][Opt][PRS][2Sg]
awiiten	awi-––i[N→V]-~:(u)te[V→V][V][Intr][Opt][PRS][2Sg]
awiiten	awi-––i[N→V]-~:(u)te[V→N][N][Abs][2SgPoss][SgPosd]
awiiten	awi-––i[N→V]-te[V→V][V][Intr][Opt][PRS][2Sg]
awiiten	awi-–ghte[N→V]-@₁~:(u)te[V→V][V][Intr][Opt][PRS][2Sg]
awiiten	awi-–ghte[N→V]-te[V→V]-@₁~:(u)te[V→V][V][Intr][Opt][PRS][2Sg]
awiiten	awiim-––i[N→V]-@₁~:(u)te[V→V][V][Intr][Opt][PRS][2Sg]
awiiten	awiim-––i[N→V]-~:(u)te[V→V][V][Intr][Opt][PRS][2Sg]
awiiten	awiim-––i[N→V]-~:(u)te[V→N][N][Abs][2SgPoss][SgPosd]
awiiten	awiim-––i[N→V]-te[V→V][V][Intr][Opt][PRS][2Sg]
awiiten	awite-@₁~:(u)te[V→V][V][Intr][Opt][PRS][2Sg]
awiiten	awii[N][Abs][2SgPoss][PlPosd]
awiiten	awii-te[N→V][V][Intr][Opt][PRS][2Sg]
awiiten	awii[N][Abs][2SgPoss][PlPosd]
awiiten	awi-ate[N→V][V][Intr][Opt][PRS][2Sg]
awiiten	aw-igh[N→V]-~:(ng₁)u[V→V]-~:(u)te[V→N][N][Abs][2SgPoss][SgPosd]
awiiten	aw-igh[N→V]-~:(u)te[V→N][N][Abs][2SgPoss][SgPosd]
awiiten	aw-agh[N→V]-~:(ng₁)ite[V→V][V][Intr][Opt][PRS][2Sg]
awiiten	agugh-~:(ng₁)ite[N→V][V][Intr][Opt][PRS][2Sg]

------------------------
Papegtuuten!"

papegtuuten	papeg-–ghte[N→V]-~:(u)te[V→V]-@₁~:(u)te[V→V][V][Intr][Opt][PRS][2Sg]
papegtuuten	papeg-–ghte[N→V]-~:(u)te[V→N]-te[N→V]-@₁~:(u)te[V→V][V][Intr][Opt][PRS][2Sg]
papegtuuten	papeg-–ghte[N→V]-~:(u)te[V→N]-te[N→V]-te[V→V]-@₁~:(u)te[V→V][V][Intr][Opt][PRS][2Sg]
papegtuuten	papeg-te[N→V]-te[V→V]-@₁~:(u)te[V→V]-@₁~:(u)te[V→V][V][Intr][Opt][PRS][2Sg]
papegtuuten	papeg-te[N→V]-te[V→V]-@₁~:(u)n[V→N]-–ghte[N→V]-@₁~:(u)te[V→V][V][Intr][Opt][PRS][2Sg]
papegtuuten	papeg-te[N→V]-te[V→V]-@₁~:(u)n[V→N]-–ghte[N→V]-te[V→V]-@₁~:(u)te[V→V][V][Intr][Opt][PRS][2Sg]
papegtuuten	papeg-te[N→V]-~:(u)te[V→V]-@₁~:(u)te[V→V][V][Intr][Opt][PRS][2Sg]
papegtuuten	papeg-te[N→V]-~:(u)te[V→N]-te[N→V]-@₁~:(u)te[V→V][V][Intr][Opt][PRS][2Sg]
papegtuuten	papeg-tu[N→V]-@₁~:(u)te[V→V]-@₁~:(u)te[V→V][V][Intr][Opt][PRS][2Sg]
papegtuuten	papeg-tu[N→V]-@₁~:(u)n[V→N]-–ghte[N→V]-@₁~:(u)te[V→V][V][Intr][Opt][PRS][2Sg]
papegtuuten	papeg-tu[N→V]-@₁~:(u)n[V→N]-–ghte[N→V]-te[V→V]-@₁~:(u)te[V→V][V][Intr][Opt][PRS][2Sg]
papegtuuten	papeg-tu[N→V]-te[V→V]-@₁~:(u)te[V→V][V][Intr][Opt][PRS][2Sg]
papegtuuten	papeg-tu[N→V]-~:(u)te[V→V]-@₁~:(u)te[V→V][V][Intr][Opt][PRS][2Sg]
papegtuuten	papeg-tu[N→V]-~:(u)te[V→N]-te[N→V]-@₁~:(u)te[V→V][V][Intr][Opt][PRS][2Sg]
papegtuuten	papeg-tu[N→V]-–ghte[V→V]-@₁~:(u)te[V→V][V][Intr][Opt][PRS][2Sg]
papegtuuten	papeg-tu[N→V][V][Intr][Ind][2Sg]
papegtuuten	papeg-tugh[N→V]-–ghte[V→V]-@₁~:(u)te[V→V][V][Intr][Opt][PRS][2Sg]
papegtuuten	papeg-tugh[N→V]-@₁~:(u)te[V→V][V][Intr][Opt][PRS][2Sg]
papegtuuten	papeg-tugh[N→V]-te[V→V]-@₁~:(u)te[V→V][V][Intr][Opt][PRS][2Sg]
papegtuuten	papeg-tugh[N→V]-~:(ng₁)u[V→V]-@₁~:(u)te[V→V][V][Intr][Opt][PRS][2Sg]
papegtuuten	papeg-tugh[N→V]-~:(ng₁)u[V→V]-~:(u)te[V→V][V][Intr][Opt][PRS][2Sg]
papegtuuten	papeg-tugh[N→V]-~:(ng₁)u[V→V]-~:(u)te[V→N][N][Abs][2SgPoss][SgPosd]
papegtuuten	papeg-tugh[N→V]-~:(ng₁)u[V→V]-te[V→V][V][Intr][Opt][PRS][2Sg]
papegtuuten	papeg-tugh[N→V]-~:(u)te[V→V][V][Intr][Opt][PRS][2Sg]
papegtuuten	papeg-tugh[N→V]-~:(u)te[V→N][N][Abs][2SgPoss][SgPosd]

------------------------
Sikiggaq aghulaqumalghii.

aghulaqumalghii	aghula-–qu[V→V]-@₁~:(i/u)ma[V→V]-@₁–lghii[V→N][N][Abs][Unpd][Sg]
aghulaqumalghii	aghula-–qu[V→V]-@₁~:(i/u)magh[V→V]-@₁–lghii[V→N][N][Abs][Unpd][Sg]
aghulaqumalghii	aghulaqe-@₁~:(i/u)ma[V→V]-@₁–lghii[V→N][N][Abs][Unpd][Sg]
aghulaqumalghii	aghulaqe-@₁~:(i/u)magh[V→V]-@₁–lghii[V→N][N][Abs][Unpd][Sg]
aghulaqumalghii	aghula-qe[N→V]-@₁~:(i/u)ma[V→V]-@₁–lghii[V→N][N][Abs][Unpd][Sg]
aghulaqumalghii	aghula-qe[N→V]-@₁~:(i/u)magh[V→V]-@₁–lghii[V→N][N][Abs][Unpd][Sg]
aghulaqumalghii	aghula-qu[N→V]-@₁~:(i/u)ma[V→V]-@₁–lghii[V→N][N][Abs][Unpd][Sg]
aghulaqumalghii	aghula-qu[N→V]-@₁~:(i/u)magh[V→V]-@₁–lghii[V→N][N][Abs][Unpd][Sg]

------------------------
Allameng ilagaghlaataghtuq,"Kanakiii, kanakiii, kanakiii, kanakiii, ukigem talatanga!

allameng	alla[N][Abl_Mod][Unpd][Sg]
allameng	alla[N][Rel][4DuPoss][PlPosd]
allameng	alla[N][Rel][4DuPoss][SgPosd]
allameng	alla[N][Rel][4PlPoss][PlPosd]
allameng	alla[N][Rel][4PlPoss][SgPosd]
allameng	allameng

talatanga	tala-te[N→V][V][Trns][Intrg][3Sg][1Sg]
talatanga	tala-taq[N→N]-–nge[N→V][V][Intr][Intrg][3Sg]
talatanga	tala-ta[N→N]-–nge[N→V][V][Intr][Intrg][3Sg]
talatanga	tala-ta[N→N][N][Abs][3SgPoss][SgPosd]

------------------------
Kiyayuvaghluktungaaaa, ukaziq pikrungaaaaaa, taymanalukaa, kalalikaaaa."

ukaziq	ukazigh[N][Abs][Unpd][Sg]

------------------------


	

------------------------
Sunanguq taana ukazighhaq ketfaghta.

sunanguq	suna-–nge[N→V][V][Intr][Ind][3Sg]
sunanguq	suna[N][Abs][Unpd][Sg]-nguq[Encl]
sunanguq	sunanguq

taana	taane[V][Intr][Intrg][3Sg]
taana	taana

ukazighhaq	ukazigh-––i[N→V]-@₁~:(u)n[V→N]-–ghhagh*[N→N][N][Abs][Unpd][Sg]
ukazighhaq	ukazigh-–ghhagh*[N→N][N][Abs][Unpd][Sg]

ketfaghta	ketfagh-–ghte[V→V][V][Intr][Intrg][3Sg]
ketfaghta	ketfagh-(s)ta[V→N][N][Abs][Unpd][Sg]
ketfaghta	ketfagh[V][Intr][Intrg][3Sg]
ketfaghta	ketfaghte[V][Intr][Intrg][3Sg]
ketfaghta	ketfagh-te[V→V][V][Intr][Intrg][3Sg]

------------------------
Afsengaghhaam pimakanga, "Awiiten!

afsengaghhaam	afsengagh*-–ghhagh*[N→N][N][Rel][Unpd][Sg]

pimakanga	pi-@₁~:(i/u)ma[V→V]-~–(g₁)kaq[V→N]-–nge[N→V][V][Intr][Intrg][3Sg]
pimakanga	pi-@₁~:(i/u)ma[V→V]-~sf–(g₃)kaq[V→N]-–nge[N→V][V][Intr][Intrg][3Sg]
pimakanga	pi-@₁~:(i/u)ma[V→V]-@₂~fkaq[V→N]-–nge[N→V][V][Intr][Intrg][3Sg]
pimakanga	pi-@₁~:(i/u)ma[V→V]-@*@₂~sf–(g₂)k(a)e[V→N]-–nge[N→V][V][Intr][Intrg][3Sg]
pimakanga	pi-@₁~:(i/u)ma[V→V]-@*@₂~sf–(g₂)k(a)e[V→N][N][Abs][3SgPoss][SgPosd]
pimakanga	pi-@₁~:(i/u)ma[V→V][V][Trns][Cond][3Sg][1Sg]
pimakanga	pi-@₁~:(i/u)ma[V→V][V][Trns][Ptcp][3Sg][3Sg]

awiiten	aw-–ghagh*[N→N]-~:(ng₁)ite[N→V][V][Intr][Opt][PRS][2Sg]
awiiten	aw-~:(ng₁)u[N→V]-~i[V→V]-@₁~:(u)te[V→V][V][Intr][Opt][PRS][2Sg]
awiiten	aw-~:(ng₁)u[N→V]-~i[V→V]-~:(u)te[V→V][V][Intr][Opt][PRS][2Sg]
awiiten	aw-~:(ng₁)u[N→V]-~i[V→V]-~:(u)te[V→N][N][Abs][2SgPoss][SgPosd]
awiiten	aw-~:(ng₁)u[N→V]-~i[V→V]-te[V→V][V][Intr][Opt][PRS][2Sg]
awiiten	aw-~:(ng₁)ite[N→V]-@₁~:(u)te[V→V][V][Intr][Opt][PRS][2Sg]
awiiten	aw-~:(ng₁)ite[N→V]-te[V→V]-@₁~:(u)te[V→V][V][Intr][Opt][PRS][2Sg]
awiiten	aw-~:(ng₁)ite**[N→V]-@₁~:(u)te[V→V][V][Intr][Opt][PRS][2Sg]
awiiten	aw-~:(ng₁)ite**[N→V]-te[V→V]-@₁~:(u)te[V→V][V][Intr][Opt][PRS][2Sg]
awiiten	aw-~:(ng₁)igh[N→V]-–ghte[V→V]-@₁~:(u)te[V→V][V][Intr][Opt][PRS][2Sg]
awiiten	aw-~:(ng₁)igh[N→V]-@₁~:(u)te[V→V][V][Intr][Opt][PRS][2Sg]
awiiten	aw-~:(ng₁)igh[N→V]-te[V→V]-@₁~:(u)te[V→V][V][Intr][Opt][PRS][2Sg]
awiiten	aw-~:(ng₁)igh[N→V]-~:(ng₁)u[V→V]-@₁~:(u)te[V→V][V][Intr][Opt][PRS][2Sg]
awiiten	aw-~:(ng₁)igh[N→V]-~:(ng₁)u[V→V]-~:(u)te[V→V][V][Intr][Opt][PRS][2Sg]
awiiten	aw-~:(ng₁)igh[N→V]-~:(ng₁)u[V→V]-~:(u)te[V→N][N][Abs][2SgPoss][SgPosd]
awiiten	aw-~:(ng₁)igh[N→V]-~:(ng₁)u[V→V]-te[V→V][V][Intr][Opt][PRS][2Sg]
awiiten	aw-~:(ng₁)igh[N→V]-~:(ng₁)ite[V→V][V][Intr][Opt][PRS][2Sg]
awiiten	aw-~:(ng₁)igh[N→V]-~:(u)te[V→V][V][Intr][Opt][PRS][2Sg]
awiiten	aw-~:(ng₁)igh[N→V]-~:(u)te[V→N][N][Abs][2SgPoss][SgPosd]
awiiten	aw-––i[N→V]-@₁~:(u)te[V→V]-@₁~:(u)te[V→V][V][Intr][Opt][PRS][2Sg]
awiiten	aw-––i[N→V]-@₁~:(u)n[V→N]-–ghte[N→V]-@₁~:(u)te[V→V][V][Intr][Opt][PRS][2Sg]
awiiten	aw-––i[N→V]-@₁~:(u)n[V→N]-–ghte[N→V]-te[V→V]-@₁~:(u)te[V→V][V][Intr][Opt][PRS][2Sg]
awiiten	aw-––i[N→V]-te[V→V]-@₁~:(u)te[V→V][V][Intr][Opt][PRS][2Sg]
awiiten	aw-––i[N→V]-~:(u)te[V→V]-@₁~:(u)te[V→V][V][Intr][Opt][PRS][2Sg]
awiiten	aw-––i[N→V]-~:(u)te[V→N]-te[N→V]-@₁~:(u)te[V→V][V][Intr][Opt][PRS][2Sg]
awiiten	aw-––i[N→V]-~:(u)te[V→N]-te[N→V]-te[V→V]-@₁~:(u)te[V→V][V][Intr][Opt][PRS][2Sg]
awiiten	aw-––i[N→V]-–ghte[V→V]-@₁~:(u)te[V→V][V][Intr][Opt][PRS][2Sg]
awiiten	aw-––i[N→V][V][Intr][Ind][2Sg]
awiiten	aw-––i[N→V][V][Trns][Intrg][3Sg][2Sg]
awiiten	aw-––i[N→V][V][Trns][Intrg][3Pl][2Sg]
awiiten	aw-––i[N→V][V][Trns][Intrg][3Du][2Sg]
awiiten	aw-––i[N→V][V][Trns][Ind][2Sg][3Pl]
awiiten	aw-––igh[N→V]-–ghte[V→V]-@₁~:(u)te[V→V][V][Intr][Opt][PRS][2Sg]
awiiten	aw-––ii[N→V]-@₁~:(u)te[V→V][V][Intr][Opt][PRS][2Sg]
awiiten	aw-––ii[N→V]-~:(u)te[V→V][V][Intr][Opt][PRS][2Sg]
awiiten	aw-––ii[N→V]-~:(u)te[V→N][N][Abs][2SgPoss][SgPosd]
awiiten	aw-––ii[N→V]-te[V→V][V][Intr][Opt][PRS][2Sg]
awiiten	aw-––igh[N→V]-@₁~:(u)te[V→V][V][Intr][Opt][PRS][2Sg]
awiiten	aw-––igh[N→V]-te[V→V]-@₁~:(u)te[V→V][V][Intr][Opt][PRS][2Sg]
awiiten	aw-––igh[N→V]-~:(ng₁)u[V→V]-@₁~:(u)te[V→V][V][Intr][Opt][PRS][2Sg]
awiiten	aw-––igh[N→V]-~:(ng₁)u[V→V]-~:(u)te[V→V][V][Intr][Opt][PRS][2Sg]
awiiten	aw-––igh[N→V]-~:(ng₁)u[V→V]-~:(u)te[V→N][N][Abs][2SgPoss][SgPosd]
awiiten	aw-––igh[N→V]-~:(ng₁)u[V→V]-te[V→V][V][Intr][Opt][PRS][2Sg]
awiiten	aw-––igh[N→V]-~:(ng₁)ite[V→V][V][Intr][Opt][PRS][2Sg]
awiiten	aw-––igh[N→V]-~:(u)te[V→V][V][Intr][Opt][PRS][2Sg]
awiiten	aw-––igh[N→V]-~:(u)te[V→N][N][Abs][2SgPoss][SgPosd]
awiiten	awi-te[N→V]-@₁~:(u)te[V→V][V][Intr][Opt][PRS][2Sg]
awiiten	awi-––i[N→V]-@₁~:(u)te[V→V][V][Intr][Opt][PRS][2Sg]
awiiten	awi-––i[N→V]-~:(u)te[V→V][V][Intr][Opt][PRS][2Sg]
awiiten	awi-––i[N→V]-~:(u)te[V→N][N][Abs][2SgPoss][SgPosd]
awiiten	awi-––i[N→V]-te[V→V][V][Intr][Opt][PRS][2Sg]
awiiten	awi-–ghte[N→V]-@₁~:(u)te[V→V][V][Intr][Opt][PRS][2Sg]
awiiten	awi-–ghte[N→V]-te[V→V]-@₁~:(u)te[V→V][V][Intr][Opt][PRS][2Sg]
awiiten	awiim-––i[N→V]-@₁~:(u)te[V→V][V][Intr][Opt][PRS][2Sg]
awiiten	awiim-––i[N→V]-~:(u)te[V→V][V][Intr][Opt][PRS][2Sg]
awiiten	awiim-––i[N→V]-~:(u)te[V→N][N][Abs][2SgPoss][SgPosd]
awiiten	awiim-––i[N→V]-te[V→V][V][Intr][Opt][PRS][2Sg]
awiiten	awite-@₁~:(u)te[V→V][V][Intr][Opt][PRS][2Sg]
awiiten	awii[N][Abs][2SgPoss][PlPosd]
awiiten	awii-te[N→V][V][Intr][Opt][PRS][2Sg]
awiiten	awii[N][Abs][2SgPoss][PlPosd]
awiiten	awi-ate[N→V][V][Intr][Opt][PRS][2Sg]
awiiten	aw-igh[N→V]-~:(ng₁)u[V→V]-~:(u)te[V→N][N][Abs][2SgPoss][SgPosd]
awiiten	aw-igh[N→V]-~:(u)te[V→N][N][Abs][2SgPoss][SgPosd]
awiiten	aw-agh[N→V]-~:(ng₁)ite[V→V][V][Intr][Opt][PRS][2Sg]
awiiten	agugh-~:(ng₁)ite[N→V][V][Intr][Opt][PRS][2Sg]

------------------------
Paapgen mekestaaghhaaguq!"

paapgen	papeg[N][Abs][2SgPoss][SgPosd]

mekestaaghhaaguq	me-~–ke[N→V]-(te)ste[V→V]-~aghte[V→V]-@₁~:(u)n[V→N]-–ghhagh*[N→N]-~:(ng₁)u[N→V][V][Intr][Ind][3Sg]
mekestaaghhaaguq	me-~–ke[N→V]-(te)ste[Cmpd_Vbl]-~aghte[V→V]-@₁~:(u)n[V→N]-–ghhagh*[N→N]-~:(ng₁)u[N→V][V][Intr][Ind][3Sg]
mekestaaghhaaguq	me-~–ke[N→V]-(s)ta[V→N]-te[N→V]-@₁~:(u)n[V→N]-–ghhagh*[N→N]-~:(ng₁)u[N→V][V][Intr][Ind][3Sg]
mekestaaghhaaguq	me-~–ke[N→V]-(s)ta[V→N]-te[N→V]-te[V→V]-@₁~:(u)n[V→N]-–ghhagh*[N→N]-~:(ng₁)u[N→V][V][Intr][Ind][3Sg]
mekestaaghhaaguq	me-~–ke[N→V]-(s)ta[V→N]-–ghte[N→V]-@₁~:(u)n[V→N]-–ghhagh*[N→N]-~:(ng₁)u[N→V][V][Intr][Ind][3Sg]
mekestaaghhaaguq	me-~–ke[N→V]-(s)ta[V→N]-–ghte[N→V]-te[V→V]-@₁~:(u)n[V→N]-–ghhagh*[N→N]-~:(ng₁)u[N→V][V][Intr][Ind][3Sg]
mekestaaghhaaguq	me-~–ke[N→V]-staaghhaa[V→V][V][Intr][Ind][3Sg]
mekestaaghhaaguq	mekestaagh-–ghhagh*[N→N]-~:(ng₁)u[N→V][V][Intr][Ind][3Sg]
mekestaaghhaaguq	mekestaaghhaa[V][Intr][Ind][3Sg]
mekestaaghhaaguq	mekestaaghhagh*-~:(ng₁)u[N→V][V][Intr][Ind][3Sg]

------------------------
Ukazighhaq aghulaqumalghii.

ukazighhaq	ukazigh-––i[N→V]-@₁~:(u)n[V→N]-–ghhagh*[N→N][N][Abs][Unpd][Sg]
ukazighhaq	ukazigh-–ghhagh*[N→N][N][Abs][Unpd][Sg]

aghulaqumalghii	aghula-–qu[V→V]-@₁~:(i/u)ma[V→V]-@₁–lghii[V→N][N][Abs][Unpd][Sg]
aghulaqumalghii	aghula-–qu[V→V]-@₁~:(i/u)magh[V→V]-@₁–lghii[V→N][N][Abs][Unpd][Sg]
aghulaqumalghii	aghulaqe-@₁~:(i/u)ma[V→V]-@₁–lghii[V→N][N][Abs][Unpd][Sg]
aghulaqumalghii	aghulaqe-@₁~:(i/u)magh[V→V]-@₁–lghii[V→N][N][Abs][Unpd][Sg]
aghulaqumalghii	aghula-qe[N→V]-@₁~:(i/u)ma[V→V]-@₁–lghii[V→N][N][Abs][Unpd][Sg]
aghulaqumalghii	aghula-qe[N→V]-@₁~:(i/u)magh[V→V]-@₁–lghii[V→N][N][Abs][Unpd][Sg]
aghulaqumalghii	aghula-qu[N→V]-@₁~:(i/u)ma[V→V]-@₁–lghii[V→N][N][Abs][Unpd][Sg]
aghulaqumalghii	aghula-qu[N→V]-@₁~:(i/u)magh[V→V]-@₁–lghii[V→N][N][Abs][Unpd][Sg]

------------------------
Allameng ilagaghlaataghtuq, "Kanakiii, kanakiii, kanakiii, kanakiii, ukigem talatanga!

allameng	alla[N][Abl_Mod][Unpd][Sg]
allameng	alla[N][Rel][4DuPoss][PlPosd]
allameng	alla[N][Rel][4DuPoss][SgPosd]
allameng	alla[N][Rel][4PlPoss][PlPosd]
allameng	alla[N][Rel][4PlPoss][SgPosd]
allameng	allameng

ilagaghlaataghtuq	ilagagh-@₁~laatagh[V→V]-–ghte[V→V][V][Intr][Ind][3Sg]
ilagaghlaataghtuq	ilagagh-@₁~laatagh[V→V][V][Intr][Ind][3Sg]
ilagaghlaataghtuq	ilagagh-@₁~laatagh[V→V]-te[V→V][V][Intr][Ind][3Sg]
ilagaghlaataghtuq	ilagagh-@₁~flaatagh[V→V]-–ghte[V→V][V][Intr][Ind][3Sg]
ilagaghlaataghtuq	ilagagh-@₁~flaatagh[V→V][V][Intr][Ind][3Sg]
ilagaghlaataghtuq	ilagagh-@₁~flaatagh[V→V]-te[V→V][V][Intr][Ind][3Sg]

talatanga	tala-te[N→V][V][Trns][Intrg][3Sg][1Sg]
talatanga	tala-taq[N→N]-–nge[N→V][V][Intr][Intrg][3Sg]
talatanga	tala-ta[N→N]-–nge[N→V][V][Intr][Intrg][3Sg]
talatanga	tala-ta[N→N][N][Abs][3SgPoss][SgPosd]

------------------------
Kiyayuvaghluktungaaaa, kaynga pikrungaaaaaa, taymanalukaa, kalalikaaaa."

kaynga	kaynge[N][Abs][Unpd][Sg]

------------------------


	

------------------------
Sunanguq taana kayngeghllak ketfaghaghta.

sunanguq	suna-–nge[N→V][V][Intr][Ind][3Sg]
sunanguq	suna[N][Abs][Unpd][Sg]-nguq[Encl]
sunanguq	sunanguq

taana	taane[V][Intr][Intrg][3Sg]
taana	taana

kayngeghllak	kaynge-–ghllag[N→N][N][Abs][Unpd][Sg]
kayngeghllak	kaynge-–ghllak[N→N][N][Abs][Unpd][Sg]

ketfaghaghta	ketfagh-~aghte[V→V][V][Intr][Intrg][3Sg]
ketfaghaghta	ketfagh-aq[V→N]-–ghte[N→V][V][Intr][Intrg][3Sg]

------------------------
Ketfaatkelluku afsengaghhaq paatgumakanga.

ketfaatkelluku	ketfagh-–ghte[V→V]-@₁~:(u)te[V→V]-@*@₂~sf–(g₂)k(a)e[V→N]-te[N→V]-te[V→V][V][Trns][Sbrd][_][3Sg]
ketfaatkelluku	ketfagh-–ghte[V→V]-@₁~:(u)te[V→V]-@*@₂~sf–(g₂)k(a)e[V→N]-te[N→V][V][Trns][Sbrd][_][3Sg]
ketfaatkelluku	ketfagh-–ghte[V→V]-@₁~:(u)te[V→V]-@*@₂~sf–(g₂)k(a)e[V→N]-–lluk[N→N]-~:(ng₁)u[N→V][V][Intr][Opt][PRS][2Sg]
ketfaatkelluku	ketfagh-–ghte[V→V]-@₁~:(u)te[V→V]-@*@₂~sf–(g₂)k(a)e[V→N]-lluk[N→N]-~:(ng₁)u[N→V][V][Intr][Opt][PRS][2Sg]
ketfaatkelluku	ketfagh-–ghte[V→V]-@₁~:(u)tke[V→V]-te[V→V][V][Trns][Sbrd][_][3Sg]
ketfaatkelluku	ketfagh-–ghte[V→V]-@₁~:(u)tke[V→V]-–llug[V→V]-–qu[V→V][V][Intr][Opt][PRS][2Sg]
ketfaatkelluku	ketfagh-–ghte[V→V]-@₁~:(u)tke[V→V]-llug[V→V]-–qu[V→V][V][Intr][Opt][PRS][2Sg]
ketfaatkelluku	ketfagh-@₁~:(u)te[V→V]-@*@₂~sf–(g₂)k(a)e[V→N]-te[N→V]-te[V→V][V][Trns][Sbrd][_][3Sg]
ketfaatkelluku	ketfagh-@₁~:(u)te[V→V]-@*@₂~sf–(g₂)k(a)e[V→N]-te[N→V][V][Trns][Sbrd][_][3Sg]
ketfaatkelluku	ketfagh-@₁~:(u)te[V→V]-@*@₂~sf–(g₂)k(a)e[V→N]-–lluk[N→N]-~:(ng₁)u[N→V][V][Intr][Opt][PRS][2Sg]
ketfaatkelluku	ketfagh-@₁~:(u)te[V→V]-@*@₂~sf–(g₂)k(a)e[V→N]-lluk[N→N]-~:(ng₁)u[N→V][V][Intr][Opt][PRS][2Sg]
ketfaatkelluku	ketfagh-@₁~:(u)tke[V→V]-te[V→V][V][Trns][Sbrd][_][3Sg]
ketfaatkelluku	ketfagh-@₁~:(u)tke[V→V]-–llug[V→V]-–qu[V→V][V][Intr][Opt][PRS][2Sg]
ketfaatkelluku	ketfagh-@₁~:(u)tke[V→V]-llug[V→V]-–qu[V→V][V][Intr][Opt][PRS][2Sg]
ketfaatkelluku	ketfagh-te[V→V]-@₁~:(u)te[V→V]-@*@₂~sf–(g₂)k(a)e[V→N]-te[N→V]-te[V→V][V][Trns][Sbrd][_][3Sg]
ketfaatkelluku	ketfagh-te[V→V]-@₁~:(u)te[V→V]-@*@₂~sf–(g₂)k(a)e[V→N]-te[N→V][V][Trns][Sbrd][_][3Sg]
ketfaatkelluku	ketfagh-te[V→V]-@₁~:(u)te[V→V]-@*@₂~sf–(g₂)k(a)e[V→N]-–lluk[N→N]-~:(ng₁)u[N→V][V][Intr][Opt][PRS][2Sg]
ketfaatkelluku	ketfagh-te[V→V]-@₁~:(u)te[V→V]-@*@₂~sf–(g₂)k(a)e[V→N]-lluk[N→N]-~:(ng₁)u[N→V][V][Intr][Opt][PRS][2Sg]
ketfaatkelluku	ketfagh-te[V→V]-@₁~:(u)tke[V→V]-te[V→V][V][Trns][Sbrd][_][3Sg]
ketfaatkelluku	ketfagh-te[V→V]-@₁~:(u)tke[V→V]-–llug[V→V]-–qu[V→V][V][Intr][Opt][PRS][2Sg]
ketfaatkelluku	ketfagh-te[V→V]-@₁~:(u)tke[V→V]-llug[V→V]-–qu[V→V][V][Intr][Opt][PRS][2Sg]
ketfaatkelluku	ketfagh-~:(ng₁)u[V→V]-@₁~:(u)te[V→V]-@*@₂~sf–(g₂)k(a)e[V→N]-te[N→V]-te[V→V][V][Trns][Sbrd][_][3Sg]
ketfaatkelluku	ketfagh-~:(ng₁)u[V→V]-@₁~:(u)te[V→V]-@*@₂~sf–(g₂)k(a)e[V→N]-te[N→V][V][Trns][Sbrd][_][3Sg]
ketfaatkelluku	ketfagh-~:(ng₁)u[V→V]-@₁~:(u)te[V→V]-@*@₂~sf–(g₂)k(a)e[V→N]-–lluk[N→N]-~:(ng₁)u[N→V][V][Intr][Opt][PRS][2Sg]
ketfaatkelluku	ketfagh-~:(ng₁)u[V→V]-@₁~:(u)te[V→V]-@*@₂~sf–(g₂)k(a)e[V→N]-lluk[N→N]-~:(ng₁)u[N→V][V][Intr][Opt][PRS][2Sg]
ketfaatkelluku	ketfagh-~:(ng₁)u[V→V]-@₁~:(u)tke[V→V]-te[V→V][V][Trns][Sbrd][_][3Sg]
ketfaatkelluku	ketfagh-~:(ng₁)u[V→V]-@₁~:(u)tke[V→V]-–llug[V→V]-–qu[V→V][V][Intr][Opt][PRS][2Sg]
ketfaatkelluku	ketfagh-~:(ng₁)u[V→V]-@₁~:(u)tke[V→V]-llug[V→V]-–qu[V→V][V][Intr][Opt][PRS][2Sg]
ketfaatkelluku	ketfagh-~:(ng₁)u[V→V]-~:(u)te[V→V]-@*@₂~sf–(g₂)k(a)e[V→N]-te[N→V]-te[V→V][V][Trns][Sbrd][_][3Sg]
ketfaatkelluku	ketfagh-~:(ng₁)u[V→V]-~:(u)te[V→V]-@*@₂~sf–(g₂)k(a)e[V→N]-te[N→V][V][Trns][Sbrd][_][3Sg]
ketfaatkelluku	ketfagh-~:(ng₁)u[V→V]-~:(u)te[V→V]-@*@₂~sf–(g₂)k(a)e[V→N]-–lluk[N→N]-~:(ng₁)u[N→V][V][Intr][Opt][PRS][2Sg]
ketfaatkelluku	ketfagh-~:(ng₁)u[V→V]-~:(u)te[V→V]-@*@₂~sf–(g₂)k(a)e[V→N]-lluk[N→N]-~:(ng₁)u[N→V][V][Intr][Opt][PRS][2Sg]
ketfaatkelluku	ketfagh-~:(ng₁)u[V→V]-~:(u)te[V→N]-~–ke[N→V]-–llug[V→V]-–qu[V→V][V][Intr][Opt][PRS][2Sg]
ketfaatkelluku	ketfagh-~:(ng₁)u[V→V]-~:(u)te[V→N]-~–ke[N→V]-llug[V→V]-–qu[V→V][V][Intr][Opt][PRS][2Sg]
ketfaatkelluku	ketfagh-~:(ng₁)u[V→V]-~:(u)te[V→N]-~–ke[N→N]-te[N→V]-te[V→V][V][Trns][Sbrd][_][3Sg]
ketfaatkelluku	ketfagh-~:(ng₁)u[V→V]-~:(u)te[V→N]-~–ke[N→N]-te[N→V][V][Trns][Sbrd][_][3Sg]
ketfaatkelluku	ketfagh-~:(ng₁)u[V→V]-~:(u)te[V→N]-~–ke[N→N]-–lluk[N→N]-~:(ng₁)u[N→V][V][Intr][Opt][PRS][2Sg]
ketfaatkelluku	ketfagh-~:(ng₁)u[V→V]-~:(u)te[V→N]-~–ke[N→N]-lluk[N→N]-~:(ng₁)u[N→V][V][Intr][Opt][PRS][2Sg]
ketfaatkelluku	ketfagh-~:(ng₁)u[V→V]-te[V→V]-@*@₂~sf–(g₂)k(a)e[V→N]-te[N→V]-te[V→V][V][Trns][Sbrd][_][3Sg]
ketfaatkelluku	ketfagh-~:(ng₁)u[V→V]-te[V→V]-@*@₂~sf–(g₂)k(a)e[V→N]-te[N→V][V][Trns][Sbrd][_][3Sg]
ketfaatkelluku	ketfagh-~:(ng₁)u[V→V]-te[V→V]-@*@₂~sf–(g₂)k(a)e[V→N]-–lluk[N→N]-~:(ng₁)u[N→V][V][Intr][Opt][PRS][2Sg]
ketfaatkelluku	ketfagh-~:(ng₁)u[V→V]-te[V→V]-@*@₂~sf–(g₂)k(a)e[V→N]-lluk[N→N]-~:(ng₁)u[N→V][V][Intr][Opt][PRS][2Sg]
ketfaatkelluku	ketfagh-~:(u)te[V→V]-@*@₂~sf–(g₂)k(a)e[V→N]-te[N→V]-te[V→V][V][Trns][Sbrd][_][3Sg]
ketfaatkelluku	ketfagh-~:(u)te[V→V]-@*@₂~sf–(g₂)k(a)e[V→N]-te[N→V][V][Trns][Sbrd][_][3Sg]
ketfaatkelluku	ketfagh-~:(u)te[V→V]-@*@₂~sf–(g₂)k(a)e[V→N]-–lluk[N→N]-~:(ng₁)u[N→V][V][Intr][Opt][PRS][2Sg]
ketfaatkelluku	ketfagh-~:(u)te[V→V]-@*@₂~sf–(g₂)k(a)e[V→N]-lluk[N→N]-~:(ng₁)u[N→V][V][Intr][Opt][PRS][2Sg]
ketfaatkelluku	ketfagh-~:(u)te[V→N]-~–ke[N→V]-–llug[V→V]-–qu[V→V][V][Intr][Opt][PRS][2Sg]
ketfaatkelluku	ketfagh-~:(u)te[V→N]-~–ke[N→V]-llug[V→V]-–qu[V→V][V][Intr][Opt][PRS][2Sg]
ketfaatkelluku	ketfagh-~:(u)te[V→N]-~–ke[N→N]-te[N→V]-te[V→V][V][Trns][Sbrd][_][3Sg]
ketfaatkelluku	ketfagh-~:(u)te[V→N]-~–ke[N→N]-te[N→V][V][Trns][Sbrd][_][3Sg]
ketfaatkelluku	ketfagh-~:(u)te[V→N]-~–ke[N→N]-–lluk[N→N]-~:(ng₁)u[N→V][V][Intr][Opt][PRS][2Sg]
ketfaatkelluku	ketfagh-~:(u)te[V→N]-~–ke[N→N]-lluk[N→N]-~:(ng₁)u[N→V][V][Intr][Opt][PRS][2Sg]
ketfaatkelluku	ketfaghte-@₁~:(u)te[V→V]-@*@₂~sf–(g₂)k(a)e[V→N]-te[N→V]-te[V→V][V][Trns][Sbrd][_][3Sg]
ketfaatkelluku	ketfaghte-@₁~:(u)te[V→V]-@*@₂~sf–(g₂)k(a)e[V→N]-te[N→V][V][Trns][Sbrd][_][3Sg]
ketfaatkelluku	ketfaghte-@₁~:(u)te[V→V]-@*@₂~sf–(g₂)k(a)e[V→N]-–lluk[N→N]-~:(ng₁)u[N→V][V][Intr][Opt][PRS][2Sg]
ketfaatkelluku	ketfaghte-@₁~:(u)te[V→V]-@*@₂~sf–(g₂)k(a)e[V→N]-lluk[N→N]-~:(ng₁)u[N→V][V][Intr][Opt][PRS][2Sg]
ketfaatkelluku	ketfaghte-@₁~:(u)tke[V→V]-te[V→V][V][Trns][Sbrd][_][3Sg]
ketfaatkelluku	ketfaghte-@₁~:(u)tke[V→V]-–llug[V→V]-–qu[V→V][V][Intr][Opt][PRS][2Sg]
ketfaatkelluku	ketfaghte-@₁~:(u)tke[V→V]-llug[V→V]-–qu[V→V][V][Intr][Opt][PRS][2Sg]

afsengaghhaq	afsengagh*-–ghhagh*[N→N][N][Abs][Unpd][Sg]

paatgumakanga	pateg-@₁~:(i/u)ma[V→V]-~–(g₁)kaq[V→N]-–nge[N→V][V][Intr][Intrg][3Sg]
paatgumakanga	pateg-@₁~:(i/u)ma[V→V]-~sf–(g₃)kaq[V→N]-–nge[N→V][V][Intr][Intrg][3Sg]
paatgumakanga	pateg-@₁~:(i/u)ma[V→V]-@₂~fkaq[V→N]-–nge[N→V][V][Intr][Intrg][3Sg]
paatgumakanga	pateg-@₁~:(i/u)ma[V→V]-@*@₂~sf–(g₂)k(a)e[V→N]-–nge[N→V][V][Intr][Intrg][3Sg]
paatgumakanga	pateg-@₁~:(i/u)ma[V→V]-@*@₂~sf–(g₂)k(a)e[V→N][N][Abs][3SgPoss][SgPosd]
paatgumakanga	pateg-@₁~:(i/u)ma[V→V][V][Trns][Cond][3Sg][1Sg]
paatgumakanga	pateg-@₁~:(i/u)ma[V→V][V][Trns][Ptcp][3Sg][3Sg]
paatgumakanga	pateg-~:(ng₁)u[V→V]-@₁~:(i/u)ma[V→V]-~–(g₁)kaq[V→N]-–nge[N→V][V][Intr][Intrg][3Sg]
paatgumakanga	pateg-~:(ng₁)u[V→V]-@₁~:(i/u)ma[V→V]-~sf–(g₃)kaq[V→N]-–nge[N→V][V][Intr][Intrg][3Sg]
paatgumakanga	pateg-~:(ng₁)u[V→V]-@₁~:(i/u)ma[V→V]-@₂~fkaq[V→N]-–nge[N→V][V][Intr][Intrg][3Sg]
paatgumakanga	pateg-~:(ng₁)u[V→V]-@₁~:(i/u)ma[V→V]-@*@₂~sf–(g₂)k(a)e[V→N]-–nge[N→V][V][Intr][Intrg][3Sg]
paatgumakanga	pateg-~:(ng₁)u[V→V]-@₁~:(i/u)ma[V→V]-@*@₂~sf–(g₂)k(a)e[V→N][N][Abs][3SgPoss][SgPosd]
paatgumakanga	pateg-~:(ng₁)u[V→V]-@₁~:(i/u)ma[V→V][V][Trns][Cond][3Sg][1Sg]
paatgumakanga	pateg-~:(ng₁)u[V→V]-@₁~:(i/u)ma[V→V][V][Trns][Ptcp][3Sg][3Sg]

------------------------
Paapga kepkaamakanga.

paapga	papeg[N][Abs][3SgPoss][SgPosd]

kepkaamakanga	kepe-@₁~–(g₁)kaa[V→V]-@₁~:(i/u)ma[V→V]-~–(g₁)kaq[V→N]-–nge[N→V][V][Intr][Intrg][3Sg]
kepkaamakanga	kepe-@₁~–(g₁)kaa[V→V]-@₁~:(i/u)ma[V→V]-~sf–(g₃)kaq[V→N]-–nge[N→V][V][Intr][Intrg][3Sg]
kepkaamakanga	kepe-@₁~–(g₁)kaa[V→V]-@₁~:(i/u)ma[V→V]-@₂~fkaq[V→N]-–nge[N→V][V][Intr][Intrg][3Sg]
kepkaamakanga	kepe-@₁~–(g₁)kaa[V→V]-@₁~:(i/u)ma[V→V]-@*@₂~sf–(g₂)k(a)e[V→N]-–nge[N→V][V][Intr][Intrg][3Sg]
kepkaamakanga	kepe-@₁~–(g₁)kaa[V→V]-@₁~:(i/u)ma[V→V]-@*@₂~sf–(g₂)k(a)e[V→N][N][Abs][3SgPoss][SgPosd]
kepkaamakanga	kepe-@₁~–(g₁)kaa[V→V]-@₁~:(i/u)ma[V→V][V][Trns][Cond][3Sg][1Sg]
kepkaamakanga	kepe-@₁~–(g₁)kaa[V→V]-@₁~:(i/u)ma[V→V][V][Trns][Ptcp][3Sg][3Sg]
kepkaamakanga	kepe-te[V→V]-@₁~–(g₁)kaa[V→V]-@₁~:(i/u)ma[V→V]-~–(g₁)kaq[V→N]-–nge[N→V][V][Intr][Intrg][3Sg]
kepkaamakanga	kepe-te[V→V]-@₁~–(g₁)kaa[V→V]-@₁~:(i/u)ma[V→V]-~sf–(g₃)kaq[V→N]-–nge[N→V][V][Intr][Intrg][3Sg]
kepkaamakanga	kepe-te[V→V]-@₁~–(g₁)kaa[V→V]-@₁~:(i/u)ma[V→V]-@₂~fkaq[V→N]-–nge[N→V][V][Intr][Intrg][3Sg]
kepkaamakanga	kepe-te[V→V]-@₁~–(g₁)kaa[V→V]-@₁~:(i/u)ma[V→V]-@*@₂~sf–(g₂)k(a)e[V→N]-–nge[N→V][V][Intr][Intrg][3Sg]
kepkaamakanga	kepe-te[V→V]-@₁~–(g₁)kaa[V→V]-@₁~:(i/u)ma[V→V]-@*@₂~sf–(g₂)k(a)e[V→N][N][Abs][3SgPoss][SgPosd]
kepkaamakanga	kepe-te[V→V]-@₁~–(g₁)kaa[V→V]-@₁~:(i/u)ma[V→V][V][Trns][Cond][3Sg][1Sg]
kepkaamakanga	kepe-te[V→V]-@₁~–(g₁)kaa[V→V]-@₁~:(i/u)ma[V→V][V][Trns][Ptcp][3Sg][3Sg]
kepkaamakanga	kepe-@₂~fkau[V→V]-@₁~:(i/u)ma[V→V]-~–(g₁)kaq[V→N]-–nge[N→V][V][Intr][Intrg][3Sg]
kepkaamakanga	kepe-@₂~fkau[V→V]-@₁~:(i/u)ma[V→V]-~sf–(g₃)kaq[V→N]-–nge[N→V][V][Intr][Intrg][3Sg]
kepkaamakanga	kepe-@₂~fkau[V→V]-@₁~:(i/u)ma[V→V]-@₂~fkaq[V→N]-–nge[N→V][V][Intr][Intrg][3Sg]
kepkaamakanga	kepe-@₂~fkau[V→V]-@₁~:(i/u)ma[V→V]-@*@₂~sf–(g₂)k(a)e[V→N]-–nge[N→V][V][Intr][Intrg][3Sg]
kepkaamakanga	kepe-@₂~fkau[V→V]-@₁~:(i/u)ma[V→V]-@*@₂~sf–(g₂)k(a)e[V→N][N][Abs][3SgPoss][SgPosd]
kepkaamakanga	kepe-@₂~fkau[V→V]-@₁~:(i/u)ma[V→V][V][Trns][Cond][3Sg][1Sg]
kepkaamakanga	kepe-@₂~fkau[V→V]-@₁~:(i/u)ma[V→V][V][Trns][Ptcp][3Sg][3Sg]
kepkaamakanga	kepkagh-@₁~:(i/u)ma[V→V]-~–(g₁)kaq[V→N]-–nge[N→V][V][Intr][Intrg][3Sg]
kepkaamakanga	kepkagh-@₁~:(i/u)ma[V→V]-~sf–(g₃)kaq[V→N]-–nge[N→V][V][Intr][Intrg][3Sg]
kepkaamakanga	kepkagh-@₁~:(i/u)ma[V→V]-@₂~fkaq[V→N]-–nge[N→V][V][Intr][Intrg][3Sg]
kepkaamakanga	kepkagh-@₁~:(i/u)ma[V→V]-@*@₂~sf–(g₂)k(a)e[V→N]-–nge[N→V][V][Intr][Intrg][3Sg]
kepkaamakanga	kepkagh-@₁~:(i/u)ma[V→V]-@*@₂~sf–(g₂)k(a)e[V→N][N][Abs][3SgPoss][SgPosd]
kepkaamakanga	kepkagh-@₁~:(i/u)ma[V→V][V][Trns][Cond][3Sg][1Sg]
kepkaamakanga	kepkagh-@₁~:(i/u)ma[V→V][V][Trns][Ptcp][3Sg][3Sg]
kepkaamakanga	kepkagh-~:(ng₁)u[V→V]-@₁~:(i/u)ma[V→V]-~–(g₁)kaq[V→N]-–nge[N→V][V][Intr][Intrg][3Sg]
kepkaamakanga	kepkagh-~:(ng₁)u[V→V]-@₁~:(i/u)ma[V→V]-~sf–(g₃)kaq[V→N]-–nge[N→V][V][Intr][Intrg][3Sg]
kepkaamakanga	kepkagh-~:(ng₁)u[V→V]-@₁~:(i/u)ma[V→V]-@₂~fkaq[V→N]-–nge[N→V][V][Intr][Intrg][3Sg]
kepkaamakanga	kepkagh-~:(ng₁)u[V→V]-@₁~:(i/u)ma[V→V]-@*@₂~sf–(g₂)k(a)e[V→N]-–nge[N→V][V][Intr][Intrg][3Sg]
kepkaamakanga	kepkagh-~:(ng₁)u[V→V]-@₁~:(i/u)ma[V→V]-@*@₂~sf–(g₂)k(a)e[V→N][N][Abs][3SgPoss][SgPosd]
kepkaamakanga	kepkagh-~:(ng₁)u[V→V]-@₁~:(i/u)ma[V→V][V][Trns][Cond][3Sg][1Sg]
kepkaamakanga	kepkagh-~:(ng₁)u[V→V]-@₁~:(i/u)ma[V→V][V][Trns][Ptcp][3Sg][3Sg]

------------------------
Tawaten kayngem afsengaghhaq kayusiimakanga.

tawaten	tawaten

kayngem	kaynge[N][Rel][Unpd][Sg]

afsengaghhaq	afsengagh*-–ghhagh*[N→N][N][Abs][Unpd][Sg]

kayusiimakanga	kayu-te[N→V]-@₁~f–yu[V→V]-~i[V→V]-@₁~:(i/u)ma[V→V]-~–(g₁)kaq[V→N]-–nge[N→V][V][Intr][Intrg][3Sg]
kayusiimakanga	kayu-te[N→V]-@₁~f–yu[V→V]-~i[V→V]-@₁~:(i/u)ma[V→V]-~sf–(g₃)kaq[V→N]-–nge[N→V][V][Intr][Intrg][3Sg]
kayusiimakanga	kayu-te[N→V]-@₁~f–yu[V→V]-~i[V→V]-@₁~:(i/u)ma[V→V]-@₂~fkaq[V→N]-–nge[N→V][V][Intr][Intrg][3Sg]
kayusiimakanga	kayu-te[N→V]-@₁~f–yu[V→V]-~i[V→V]-@₁~:(i/u)ma[V→V]-@*@₂~sf–(g₂)k(a)e[V→N]-–nge[N→V][V][Intr][Intrg][3Sg]
kayusiimakanga	kayu-te[N→V]-@₁~f–yu[V→V]-~i[V→V]-@₁~:(i/u)ma[V→V]-@*@₂~sf–(g₂)k(a)e[V→N][N][Abs][3SgPoss][SgPosd]
kayusiimakanga	kayu-te[N→V]-@₁~f–yu[V→V]-~i[V→V]-@₁~:(i/u)ma[V→V][V][Trns][Cond][3Sg][1Sg]
kayusiimakanga	kayu-te[N→V]-@₁~f–yu[V→V]-~i[V→V]-@₁~:(i/u)ma[V→V][V][Trns][Ptcp][3Sg][3Sg]
kayusiimakanga	kayu-te[N→V]-@₁~f–yu[V→N]-––i[N→V]-@₁~:(i/u)ma[V→V]-~–(g₁)kaq[V→N]-–nge[N→V][V][Intr][Intrg][3Sg]
kayusiimakanga	kayu-te[N→V]-@₁~f–yu[V→N]-––i[N→V]-@₁~:(i/u)ma[V→V]-~sf–(g₃)kaq[V→N]-–nge[N→V][V][Intr][Intrg][3Sg]
kayusiimakanga	kayu-te[N→V]-@₁~f–yu[V→N]-––i[N→V]-@₁~:(i/u)ma[V→V]-@₂~fkaq[V→N]-–nge[N→V][V][Intr][Intrg][3Sg]
kayusiimakanga	kayu-te[N→V]-@₁~f–yu[V→N]-––i[N→V]-@₁~:(i/u)ma[V→V]-@*@₂~sf–(g₂)k(a)e[V→N]-–nge[N→V][V][Intr][Intrg][3Sg]
kayusiimakanga	kayu-te[N→V]-@₁~f–yu[V→N]-––i[N→V]-@₁~:(i/u)ma[V→V]-@*@₂~sf–(g₂)k(a)e[V→N][N][Abs][3SgPoss][SgPosd]
kayusiimakanga	kayu-te[N→V]-@₁~f–yu[V→N]-––i[N→V]-@₁~:(i/u)ma[V→V][V][Trns][Cond][3Sg][1Sg]
kayusiimakanga	kayu-te[N→V]-@₁~f–yu[V→N]-––i[N→V]-@₁~:(i/u)ma[V→V][V][Trns][Ptcp][3Sg][3Sg]
kayusiimakanga	kayusigh-@₁~:(i/u)ma[V→V]-~–(g₁)kaq[V→N]-–nge[N→V][V][Intr][Intrg][3Sg]
kayusiimakanga	kayusigh-@₁~:(i/u)ma[V→V]-~sf–(g₃)kaq[V→N]-–nge[N→V][V][Intr][Intrg][3Sg]
kayusiimakanga	kayusigh-@₁~:(i/u)ma[V→V]-@₂~fkaq[V→N]-–nge[N→V][V][Intr][Intrg][3Sg]
kayusiimakanga	kayusigh-@₁~:(i/u)ma[V→V]-@*@₂~sf–(g₂)k(a)e[V→N]-–nge[N→V][V][Intr][Intrg][3Sg]
kayusiimakanga	kayusigh-@₁~:(i/u)ma[V→V]-@*@₂~sf–(g₂)k(a)e[V→N][N][Abs][3SgPoss][SgPosd]
kayusiimakanga	kayusigh-@₁~:(i/u)ma[V→V][V][Trns][Cond][3Sg][1Sg]
kayusiimakanga	kayusigh-@₁~:(i/u)ma[V→V][V][Trns][Ptcp][3Sg][3Sg]
kayusiimakanga	kayusigh-~:(ng₁)u[V→V]-@₁~:(i/u)ma[V→V]-~–(g₁)kaq[V→N]-–nge[N→V][V][Intr][Intrg][3Sg]
kayusiimakanga	kayusigh-~:(ng₁)u[V→V]-@₁~:(i/u)ma[V→V]-~sf–(g₃)kaq[V→N]-–nge[N→V][V][Intr][Intrg][3Sg]
kayusiimakanga	kayusigh-~:(ng₁)u[V→V]-@₁~:(i/u)ma[V→V]-@₂~fkaq[V→N]-–nge[N→V][V][Intr][Intrg][3Sg]
kayusiimakanga	kayusigh-~:(ng₁)u[V→V]-@₁~:(i/u)ma[V→V]-@*@₂~sf–(g₂)k(a)e[V→N]-–nge[N→V][V][Intr][Intrg][3Sg]
kayusiimakanga	kayusigh-~:(ng₁)u[V→V]-@₁~:(i/u)ma[V→V]-@*@₂~sf–(g₂)k(a)e[V→N][N][Abs][3SgPoss][SgPosd]
kayusiimakanga	kayusigh-~:(ng₁)u[V→V]-@₁~:(i/u)ma[V→V][V][Trns][Cond][3Sg][1Sg]
kayusiimakanga	kayusigh-~:(ng₁)u[V→V]-@₁~:(i/u)ma[V→V][V][Trns][Ptcp][3Sg][3Sg]
kayusiimakanga	kayu-siq[N→N]-––ii[N→V]-@₁~:(i/u)ma[V→V]-~–(g₁)kaq[V→N]-–nge[N→V][V][Intr][Intrg][3Sg]
kayusiimakanga	kayu-siq[N→N]-––ii[N→V]-@₁~:(i/u)ma[V→V]-~sf–(g₃)kaq[V→N]-–nge[N→V][V][Intr][Intrg][3Sg]
kayusiimakanga	kayu-siq[N→N]-––ii[N→V]-@₁~:(i/u)ma[V→V]-@₂~fkaq[V→N]-–nge[N→V][V][Intr][Intrg][3Sg]
kayusiimakanga	kayu-siq[N→N]-––ii[N→V]-@₁~:(i/u)ma[V→V]-@*@₂~sf–(g₂)k(a)e[V→N]-–nge[N→V][V][Intr][Intrg][3Sg]
kayusiimakanga	kayu-siq[N→N]-––ii[N→V]-@₁~:(i/u)ma[V→V]-@*@₂~sf–(g₂)k(a)e[V→N][N][Abs][3SgPoss][SgPosd]
kayusiimakanga	kayu-siq[N→N]-––ii[N→V]-@₁~:(i/u)ma[V→V][V][Trns][Cond][3Sg][1Sg]
kayusiimakanga	kayu-siq[N→N]-––ii[N→V]-@₁~:(i/u)ma[V→V][V][Trns][Ptcp][3Sg][3Sg]
kayusiimakanga	kayu-siq[N→N]-––igh[N→V]-@₁~:(i/u)ma[V→V]-~–(g₁)kaq[V→N]-–nge[N→V][V][Intr][Intrg][3Sg]
kayusiimakanga	kayu-siq[N→N]-––igh[N→V]-@₁~:(i/u)ma[V→V]-~sf–(g₃)kaq[V→N]-–nge[N→V][V][Intr][Intrg][3Sg]
kayusiimakanga	kayu-siq[N→N]-––igh[N→V]-@₁~:(i/u)ma[V→V]-@₂~fkaq[V→N]-–nge[N→V][V][Intr][Intrg][3Sg]
kayusiimakanga	kayu-siq[N→N]-––igh[N→V]-@₁~:(i/u)ma[V→V]-@*@₂~sf–(g₂)k(a)e[V→N]-–nge[N→V][V][Intr][Intrg][3Sg]
kayusiimakanga	kayu-siq[N→N]-––igh[N→V]-@₁~:(i/u)ma[V→V]-@*@₂~sf–(g₂)k(a)e[V→N][N][Abs][3SgPoss][SgPosd]
kayusiimakanga	kayu-siq[N→N]-––igh[N→V]-@₁~:(i/u)ma[V→V][V][Trns][Cond][3Sg][1Sg]
kayusiimakanga	kayu-siq[N→N]-––igh[N→V]-@₁~:(i/u)ma[V→V][V][Trns][Ptcp][3Sg][3Sg]
kayusiimakanga	kayu-siq[N→N]-––igh[N→V]-~:(ng₁)u[V→V]-@₁~:(i/u)ma[V→V]-~–(g₁)kaq[V→N]-–nge[N→V][V][Intr][Intrg][3Sg]
kayusiimakanga	kayu-siq[N→N]-––igh[N→V]-~:(ng₁)u[V→V]-@₁~:(i/u)ma[V→V]-~sf–(g₃)kaq[V→N]-–nge[N→V][V][Intr][Intrg][3Sg]
kayusiimakanga	kayu-siq[N→N]-––igh[N→V]-~:(ng₁)u[V→V]-@₁~:(i/u)ma[V→V]-@₂~fkaq[V→N]-–nge[N→V][V][Intr][Intrg][3Sg]
kayusiimakanga	kayu-siq[N→N]-––igh[N→V]-~:(ng₁)u[V→V]-@₁~:(i/u)ma[V→V]-@*@₂~sf–(g₂)k(a)e[V→N]-–nge[N→V][V][Intr][Intrg][3Sg]
kayusiimakanga	kayu-siq[N→N]-––igh[N→V]-~:(ng₁)u[V→V]-@₁~:(i/u)ma[V→V]-@*@₂~sf–(g₂)k(a)e[V→N][N][Abs][3SgPoss][SgPosd]
kayusiimakanga	kayu-siq[N→N]-––igh[N→V]-~:(ng₁)u[V→V]-@₁~:(i/u)ma[V→V][V][Trns][Cond][3Sg][1Sg]
kayusiimakanga	kayu-siq[N→N]-––igh[N→V]-~:(ng₁)u[V→V]-@₁~:(i/u)ma[V→V][V][Trns][Ptcp][3Sg][3Sg]
kayusiimakanga	kayu-si[N→V]-aq[V→N]-––i[N→V]-@₁~:(i/u)ma[V→V]-~–(g₁)kaq[V→N]-–nge[N→V][V][Intr][Intrg][3Sg]
kayusiimakanga	kayu-si[N→V]-aq[V→N]-––i[N→V]-@₁~:(i/u)ma[V→V]-~sf–(g₃)kaq[V→N]-–nge[N→V][V][Intr][Intrg][3Sg]
kayusiimakanga	kayu-si[N→V]-aq[V→N]-––i[N→V]-@₁~:(i/u)ma[V→V]-@₂~fkaq[V→N]-–nge[N→V][V][Intr][Intrg][3Sg]
kayusiimakanga	kayu-si[N→V]-aq[V→N]-––i[N→V]-@₁~:(i/u)ma[V→V]-@*@₂~sf–(g₂)k(a)e[V→N]-–nge[N→V][V][Intr][Intrg][3Sg]
kayusiimakanga	kayu-si[N→V]-aq[V→N]-––i[N→V]-@₁~:(i/u)ma[V→V]-@*@₂~sf–(g₂)k(a)e[V→N][N][Abs][3SgPoss][SgPosd]
kayusiimakanga	kayu-si[N→V]-aq[V→N]-––i[N→V]-@₁~:(i/u)ma[V→V][V][Trns][Cond][3Sg][1Sg]
kayusiimakanga	kayu-si[N→V]-aq[V→N]-––i[N→V]-@₁~:(i/u)ma[V→V][V][Trns][Ptcp][3Sg][3Sg]
kayusiimakanga	kayu-si[N→V]-~i[V→V]-@₁~:(i/u)ma[V→V]-~–(g₁)kaq[V→N]-–nge[N→V][V][Intr][Intrg][3Sg]
kayusiimakanga	kayu-si[N→V]-~i[V→V]-@₁~:(i/u)ma[V→V]-~sf–(g₃)kaq[V→N]-–nge[N→V][V][Intr][Intrg][3Sg]
kayusiimakanga	kayu-si[N→V]-~i[V→V]-@₁~:(i/u)ma[V→V]-@₂~fkaq[V→N]-–nge[N→V][V][Intr][Intrg][3Sg]
kayusiimakanga	kayu-si[N→V]-~i[V→V]-@₁~:(i/u)ma[V→V]-@*@₂~sf–(g₂)k(a)e[V→N]-–nge[N→V][V][Intr][Intrg][3Sg]
kayusiimakanga	kayu-si[N→V]-~i[V→V]-@₁~:(i/u)ma[V→V]-@*@₂~sf–(g₂)k(a)e[V→N][N][Abs][3SgPoss][SgPosd]
kayusiimakanga	kayu-si[N→V]-~i[V→V]-@₁~:(i/u)ma[V→V][V][Trns][Cond][3Sg][1Sg]
kayusiimakanga	kayu-si[N→V]-~i[V→V]-@₁~:(i/u)ma[V→V][V][Trns][Ptcp][3Sg][3Sg]

------------------------


	

------------------------
Qamagtuq tefaay.

qamagtuq	qamagte[V][Intr][Ind][3Sg]

tefaay	tefaay

------------------------
