Yughqutaam Ighnegha Kiighwyaaghtekaq

ighnegha	ighnegh[N][Abs][3SgPoss][SgPosd]

kiighwyaaghtekaq	kiighwyagh-–ghte[N→V]-@₁~:(u)n[V→N]-–ghte[N→V]-~–(g₁)kaq[V→N][N][Abs][Unpd][Sg]
kiighwyaaghtekaq	kiighwyagh-–ghte[N→V]-@₁~:(u)n[V→N]-–ghte[N→V]-@₂~fkaq[V→N][N][Abs][Unpd][Sg]
kiighwyaaghtekaq	kiighwyagh-–ghte[N→V]-te[V→V]-@₁~:(u)n[V→N]-–ghte[N→V]-~–(g₁)kaq[V→N][N][Abs][Unpd][Sg]
kiighwyaaghtekaq	kiighwyagh-–ghte[N→V]-te[V→V]-@₁~:(u)n[V→N]-–ghte[N→V]-@₂~fkaq[V→N][N][Abs][Unpd][Sg]
kiighwyaaghtekaq	kiighwyagh-te[N→V]-@₁~:(u)n[V→N]-–ghte[N→V]-~–(g₁)kaq[V→N][N][Abs][Unpd][Sg]
kiighwyaaghtekaq	kiighwyagh-te[N→V]-@₁~:(u)n[V→N]-–ghte[N→V]-@₂~fkaq[V→N][N][Abs][Unpd][Sg]
kiighwyaaghtekaq	kiighwyagh-~:(ng₁)u[N→V]-@₁~:(u)n[V→N]-–ghte[N→V]-~–(g₁)kaq[V→N][N][Abs][Unpd][Sg]
kiighwyaaghtekaq	kiighwyagh-~:(ng₁)u[N→V]-@₁~:(u)n[V→N]-–ghte[N→V]-@₂~fkaq[V→N][N][Abs][Unpd][Sg]
kiighwyaaghtekaq	kiighwyagh-~:(ng₁)u[N→V]-–ghte[V→V]-~–(g₁)kaq[V→N][N][Abs][Unpd][Sg]
kiighwyaaghtekaq	kiighwyagh-~:(ng₁)u[N→V]-–ghte[V→V]-@₂~fkaq[V→N][N][Abs][Unpd][Sg]
kiighwyaaghtekaq	kiighwyagh-~:(ng₁)ughte[N→V]-~–(g₁)kaq[V→N][N][Abs][Unpd][Sg]
kiighwyaaghtekaq	kiighwyagh-~:(ng₁)ughte[N→V]-@₂~fkaq[V→N][N][Abs][Unpd][Sg]

------------------------


	

------------------------
Kiyaghsimaa nalighmeng kiyaghsimangita, maalghuk nulighqullghiik yugek avaqutiilnguuk.

kiyaghsimaa	kiyaghte-@₁~:(i/u)ma[V→V][V][Intr][Intrg][3Sg]
kiyaghsimaa	kiyaghte-@₁~:(i/u)magh[V→V]-~:(ng₁)u[V→V][V][Intr][Opt][PRS][2Sg]
kiyaghsimaa	kiyaghte-@₁~:(i/u)magh[V→V][V][Intr][Opt][PRS][2Sg]

nalighmeng	naligh*[N][Abl_Mod][Unpd][Sg]
nalighmeng	naligh*[N][Rel][4DuPoss][PlPosd]
nalighmeng	naligh*[N][Rel][4DuPoss][SgPosd]
nalighmeng	naligh*[N][Rel][4PlPoss][PlPosd]
nalighmeng	naligh*[N][Rel][4PlPoss][SgPosd]
nalighmeng	nalighmeng
nalighmeng	nalighmeng[N][Abs][Unpd][Sg]

kiyaghsimangita	kiyaghte-@₁~:(i/u)ma[V→V]-@₁~:(u)n[V→N]-–nge[N→V]-~i[V→V]-@₁~:(u)te[V→V][V][Intr][Intrg][3Sg]
kiyaghsimangita	kiyaghte-@₁~:(i/u)ma[V→V]-@₁~:(u)n[V→N]-–nge[N→V]-~i[V→V]-@₁~:(u)ta[V→N][N][Abs][Unpd][Sg]
kiyaghsimangita	kiyaghte-@₁~:(i/u)ma[V→V]-@₁~:(u)n[V→N]-–nge[N→V]-~i[V→V]-~:(u)te[V→V][V][Intr][Intrg][3Sg]
kiyaghsimangita	kiyaghte-@₁~:(i/u)ma[V→V]-@₁~:(u)n[V→N]-–nge[N→V]-~i[V→V]-~:(u)te[V→N][N][Abs][Unpd][Sg]
kiyaghsimangita	kiyaghte-@₁~:(i/u)ma[V→V]-@₁~:(u)n[V→N]-–nge[N→V]-~i[V→V]-~:(u)ta[V→N][N][Abs][Unpd][Sg]
kiyaghsimangita	kiyaghte-@₁~:(i/u)ma[V→V]-@₁~:(u)n[V→N]-–nge[N→V]-~i[V→V]-te[V→V][V][Intr][Intrg][3Sg]
kiyaghsimangita	kiyaghte-@₁~:(i/u)ma[V→V]-~:(ng₁)ite[V→V][V][Intr][Intrg][3Sg]
kiyaghsimangita	kiyaghte-@₁~:(i/u)man[V→N]-–nge[N→V]-~i[V→V]-@₁~:(u)te[V→V][V][Intr][Intrg][3Sg]
kiyaghsimangita	kiyaghte-@₁~:(i/u)man[V→N]-–nge[N→V]-~i[V→V]-@₁~:(u)ta[V→N][N][Abs][Unpd][Sg]
kiyaghsimangita	kiyaghte-@₁~:(i/u)man[V→N]-–nge[N→V]-~i[V→V]-~:(u)te[V→V][V][Intr][Intrg][3Sg]
kiyaghsimangita	kiyaghte-@₁~:(i/u)man[V→N]-–nge[N→V]-~i[V→V]-~:(u)te[V→N][N][Abs][Unpd][Sg]
kiyaghsimangita	kiyaghte-@₁~:(i/u)man[V→N]-–nge[N→V]-~i[V→V]-~:(u)ta[V→N][N][Abs][Unpd][Sg]
kiyaghsimangita	kiyaghte-@₁~:(i/u)man[V→N]-–nge[N→V]-~i[V→V]-te[V→V][V][Intr][Intrg][3Sg]
kiyaghsimangita	kiyaghte-@₁~:(i/u)mangite[V→V][V][Intr][Intrg][3Sg]

maalghuk	maalghug[N][Abs][Unpd][Sg]

nulighqullghiik	ne-te[N→V]-@₁~:(u)n[V→N]-–li[N→V]-@₁~:(u)n[V→N]-–ghqe[N→V]-@₁~:(u)te[V→V]-@₁–lghii[V→N][N][Abs][Unpd][Du]
nulighqullghiik	ne-te[N→V]-@₁~:(u)n[V→N]-–li[N→V]-@₁~:(u)n[V→N]-–ghqe[N→V]-@₁~:(u)te[V→V]-@₁–lghii[V→N][N][Rel][Unpd][Du]
nulighqullghiik	ne-te[N→V]-@₁~:(u)n[V→N]-–li[N→V]-@₁~:(u)n[V→N]-–ghqe[N→V]-@₁~:(u)te[V→V][V][Intr][Ptcp][3Du]
nulighqullghiik	ne-te[N→V]-@₁~:(u)n[V→N]-–li[N→V]-@₁~:(u)n[V→N]-–ghqe[N→V]-te[V→V]-@₁~:(u)te[V→V]-@₁–lghii[V→N][N][Abs][Unpd][Du]
nulighqullghiik	ne-te[N→V]-@₁~:(u)n[V→N]-–li[N→V]-@₁~:(u)n[V→N]-–ghqe[N→V]-te[V→V]-@₁~:(u)te[V→V]-@₁–lghii[V→N][N][Rel][Unpd][Du]
nulighqullghiik	ne-te[N→V]-@₁~:(u)n[V→N]-–li[N→V]-@₁~:(u)n[V→N]-–ghqe[N→V]-te[V→V]-@₁~:(u)te[V→V][V][Intr][Ptcp][3Du]
nulighqullghiik	ne-te[N→V]-@₁~:(u)n[V→N]-–li[N→V]-@₁~:(u)n[V→N]-–ghqe[N→V]-~:(u)te[V→V]-@₁–lghii[V→N][N][Abs][Unpd][Du]
nulighqullghiik	ne-te[N→V]-@₁~:(u)n[V→N]-–li[N→V]-@₁~:(u)n[V→N]-–ghqe[N→V]-~:(u)te[V→V]-@₁–lghii[V→N][N][Rel][Unpd][Du]
nulighqullghiik	ne-te[N→V]-@₁~:(u)n[V→N]-–li[N→V]-@₁~:(u)n[V→N]-–ghqe[N→V]-~:(u)te[V→V][V][Intr][Ptcp][3Du]
nulighqullghiik	ne-te[N→V]-@₁~:(u)n[V→N]-–li[N→V]-@₁~:(u)n[V→N]-–ghqe[N→V]-~:(u)te[V→N]-te[N→V]-@₁–lghii[V→N][N][Abs][Unpd][Du]
nulighqullghiik	ne-te[N→V]-@₁~:(u)n[V→N]-–li[N→V]-@₁~:(u)n[V→N]-–ghqe[N→V]-~:(u)te[V→N]-te[N→V]-@₁–lghii[V→N][N][Rel][Unpd][Du]
nulighqullghiik	ne-te[N→V]-@₁~:(u)n[V→N]-–li[N→V]-@₁~:(u)n[V→N]-–ghqe[N→V]-~:(u)te[V→N]-te[N→V]-te[V→V]-@₁–lghii[V→N][N][Abs][Unpd][Du]
nulighqullghiik	ne-te[N→V]-@₁~:(u)n[V→N]-–li[N→V]-@₁~:(u)n[V→N]-–ghqe[N→V]-~:(u)te[V→N]-te[N→V]-te[V→V]-@₁–lghii[V→N][N][Rel][Unpd][Du]
nulighqullghiik	ne-te[N→V]-@₁~:(u)n[V→N]-–li[N→V]-@₁~:(u)n[V→N]-–ghqe[N→V]-~:(u)te[V→N]-te[N→V]-te[V→V][V][Intr][Ptcp][3Du]
nulighqullghiik	ne-te[N→V]-@₁~:(u)n[V→N]-–li[N→V]-@₁~:(u)n[V→N]-–ghqe[N→V]-~:(u)te[V→N]-te[N→V][V][Intr][Ptcp][3Du]
nulighqullghiik	ne-te[N→V]-@₁~:(u)n[V→N]-–li[N→V]-@₁~:(u)n[V→N]-–ghqu[N→V]-@₁~:(u)te[V→V]-@₁–lghii[V→N][N][Abs][Unpd][Du]
nulighqullghiik	ne-te[N→V]-@₁~:(u)n[V→N]-–li[N→V]-@₁~:(u)n[V→N]-–ghqu[N→V]-@₁~:(u)te[V→V]-@₁–lghii[V→N][N][Rel][Unpd][Du]
nulighqullghiik	ne-te[N→V]-@₁~:(u)n[V→N]-–li[N→V]-@₁~:(u)n[V→N]-–ghqu[N→V]-@₁~:(u)te[V→V][V][Intr][Ptcp][3Du]
nulighqullghiik	ne-te[N→V]-@₁~:(u)n[V→N]-–li[N→V]-@₁~:(u)n[V→N]-–ghqu[N→V]-te[V→V]-@₁–lghii[V→N][N][Abs][Unpd][Du]
nulighqullghiik	ne-te[N→V]-@₁~:(u)n[V→N]-–li[N→V]-@₁~:(u)n[V→N]-–ghqu[N→V]-te[V→V]-@₁–lghii[V→N][N][Rel][Unpd][Du]
nulighqullghiik	ne-te[N→V]-@₁~:(u)n[V→N]-–li[N→V]-@₁~:(u)n[V→N]-–ghqu[N→V]-te[V→V][V][Intr][Ptcp][3Du]
nulighqullghiik	ne-te[N→V]-@₁~:(u)n[V→N]-–li[N→V]-@₁~:(u)n[V→N]-–ghqu[N→V]-~:(u)te[V→V]-@₁–lghii[V→N][N][Abs][Unpd][Du]
nulighqullghiik	ne-te[N→V]-@₁~:(u)n[V→N]-–li[N→V]-@₁~:(u)n[V→N]-–ghqu[N→V]-~:(u)te[V→V]-@₁–lghii[V→N][N][Rel][Unpd][Du]
nulighqullghiik	ne-te[N→V]-@₁~:(u)n[V→N]-–li[N→V]-@₁~:(u)n[V→N]-–ghqu[N→V]-~:(u)te[V→V][V][Intr][Ptcp][3Du]
nulighqullghiik	ne-te[N→V]-@₁~:(u)n[V→N]-–li[N→V]-@₁~:(u)n[V→N]-–ghqu[N→V]-~:(u)te[V→N]-te[N→V]-@₁–lghii[V→N][N][Abs][Unpd][Du]
nulighqullghiik	ne-te[N→V]-@₁~:(u)n[V→N]-–li[N→V]-@₁~:(u)n[V→N]-–ghqu[N→V]-~:(u)te[V→N]-te[N→V]-@₁–lghii[V→N][N][Rel][Unpd][Du]
nulighqullghiik	ne-te[N→V]-@₁~:(u)n[V→N]-–li[N→V]-@₁~:(u)n[V→N]-–ghqu[N→V]-~:(u)te[V→N]-te[N→V]-te[V→V]-@₁–lghii[V→N][N][Abs][Unpd][Du]
nulighqullghiik	ne-te[N→V]-@₁~:(u)n[V→N]-–li[N→V]-@₁~:(u)n[V→N]-–ghqu[N→V]-~:(u)te[V→N]-te[N→V]-te[V→V]-@₁–lghii[V→N][N][Rel][Unpd][Du]
nulighqullghiik	ne-te[N→V]-@₁~:(u)n[V→N]-–li[N→V]-@₁~:(u)n[V→N]-–ghqu[N→V]-~:(u)te[V→N]-te[N→V]-te[V→V][V][Intr][Ptcp][3Du]
nulighqullghiik	ne-te[N→V]-@₁~:(u)n[V→N]-–li[N→V]-@₁~:(u)n[V→N]-–ghqu[N→V]-~:(u)te[V→N]-te[N→V][V][Intr][Ptcp][3Du]
nulighqullghiik	ne-te[N→V]-@₁~:(u)n[V→N]-–li[N→V]-–ghqe[V→V]-@₁~:(u)te[V→V]-@₁–lghii[V→N][N][Abs][Unpd][Du]
nulighqullghiik	ne-te[N→V]-@₁~:(u)n[V→N]-–li[N→V]-–ghqe[V→V]-@₁~:(u)te[V→V]-@₁–lghii[V→N][N][Rel][Unpd][Du]
nulighqullghiik	ne-te[N→V]-@₁~:(u)n[V→N]-–li[N→V]-–ghqe[V→V]-@₁~:(u)te[V→V][V][Intr][Ptcp][3Du]
nulighqullghiik	ne-te[N→V]-@₁~:(u)n[V→N]-–li[N→V]-–ghqe[V→V]-te[V→V]-@₁~:(u)te[V→V]-@₁–lghii[V→N][N][Abs][Unpd][Du]
nulighqullghiik	ne-te[N→V]-@₁~:(u)n[V→N]-–li[N→V]-–ghqe[V→V]-te[V→V]-@₁~:(u)te[V→V]-@₁–lghii[V→N][N][Rel][Unpd][Du]
nulighqullghiik	ne-te[N→V]-@₁~:(u)n[V→N]-–li[N→V]-–ghqe[V→V]-te[V→V]-@₁~:(u)te[V→V][V][Intr][Ptcp][3Du]
nulighqullghiik	ne-te[N→V]-@₁~:(u)n[V→N]-–li[N→V]-–ghqe[V→V]-~:(u)te[V→V]-@₁–lghii[V→N][N][Abs][Unpd][Du]
nulighqullghiik	ne-te[N→V]-@₁~:(u)n[V→N]-–li[N→V]-–ghqe[V→V]-~:(u)te[V→V]-@₁–lghii[V→N][N][Rel][Unpd][Du]
nulighqullghiik	ne-te[N→V]-@₁~:(u)n[V→N]-–li[N→V]-–ghqe[V→V]-~:(u)te[V→V][V][Intr][Ptcp][3Du]
nulighqullghiik	ne-te[N→V]-@₁~:(u)n[V→N]-–li[N→V]-–ghqe[V→V]-~:(u)te[V→N]-te[N→V]-@₁–lghii[V→N][N][Abs][Unpd][Du]
nulighqullghiik	ne-te[N→V]-@₁~:(u)n[V→N]-–li[N→V]-–ghqe[V→V]-~:(u)te[V→N]-te[N→V]-@₁–lghii[V→N][N][Rel][Unpd][Du]
nulighqullghiik	ne-te[N→V]-@₁~:(u)n[V→N]-–li[N→V]-–ghqe[V→V]-~:(u)te[V→N]-te[N→V]-te[V→V]-@₁–lghii[V→N][N][Abs][Unpd][Du]
nulighqullghiik	ne-te[N→V]-@₁~:(u)n[V→N]-–li[N→V]-–ghqe[V→V]-~:(u)te[V→N]-te[N→V]-te[V→V]-@₁–lghii[V→N][N][Rel][Unpd][Du]
nulighqullghiik	ne-te[N→V]-@₁~:(u)n[V→N]-–li[N→V]-–ghqe[V→V]-~:(u)te[V→N]-te[N→V]-te[V→V][V][Intr][Ptcp][3Du]
nulighqullghiik	ne-te[N→V]-@₁~:(u)n[V→N]-–li[N→V]-–ghqe[V→V]-~:(u)te[V→N]-te[N→V][V][Intr][Ptcp][3Du]
nulighqullghiik	ne-te[N→V]-@₁~:(u)n[V→N]-–ligh[N→V]-–ghqe[V→V]-@₁~:(u)te[V→V]-@₁–lghii[V→N][N][Abs][Unpd][Du]
nulighqullghiik	ne-te[N→V]-@₁~:(u)n[V→N]-–ligh[N→V]-–ghqe[V→V]-@₁~:(u)te[V→V]-@₁–lghii[V→N][N][Rel][Unpd][Du]
nulighqullghiik	ne-te[N→V]-@₁~:(u)n[V→N]-–ligh[N→V]-–ghqe[V→V]-@₁~:(u)te[V→V][V][Intr][Ptcp][3Du]
nulighqullghiik	ne-te[N→V]-@₁~:(u)n[V→N]-–ligh[N→V]-–ghqe[V→V]-te[V→V]-@₁~:(u)te[V→V]-@₁–lghii[V→N][N][Abs][Unpd][Du]
nulighqullghiik	ne-te[N→V]-@₁~:(u)n[V→N]-–ligh[N→V]-–ghqe[V→V]-te[V→V]-@₁~:(u)te[V→V]-@₁–lghii[V→N][N][Rel][Unpd][Du]
nulighqullghiik	ne-te[N→V]-@₁~:(u)n[V→N]-–ligh[N→V]-–ghqe[V→V]-te[V→V]-@₁~:(u)te[V→V][V][Intr][Ptcp][3Du]
nulighqullghiik	ne-te[N→V]-@₁~:(u)n[V→N]-–ligh[N→V]-–ghqe[V→V]-~:(u)te[V→V]-@₁–lghii[V→N][N][Abs][Unpd][Du]
nulighqullghiik	ne-te[N→V]-@₁~:(u)n[V→N]-–ligh[N→V]-–ghqe[V→V]-~:(u)te[V→V]-@₁–lghii[V→N][N][Rel][Unpd][Du]
nulighqullghiik	ne-te[N→V]-@₁~:(u)n[V→N]-–ligh[N→V]-–ghqe[V→V]-~:(u)te[V→V][V][Intr][Ptcp][3Du]
nulighqullghiik	ne-te[N→V]-@₁~:(u)n[V→N]-–ligh[N→V]-–ghqe[V→V]-~:(u)te[V→N]-te[N→V]-@₁–lghii[V→N][N][Abs][Unpd][Du]
nulighqullghiik	ne-te[N→V]-@₁~:(u)n[V→N]-–ligh[N→V]-–ghqe[V→V]-~:(u)te[V→N]-te[N→V]-@₁–lghii[V→N][N][Rel][Unpd][Du]
nulighqullghiik	ne-te[N→V]-@₁~:(u)n[V→N]-–ligh[N→V]-–ghqe[V→V]-~:(u)te[V→N]-te[N→V]-te[V→V]-@₁–lghii[V→N][N][Abs][Unpd][Du]
nulighqullghiik	ne-te[N→V]-@₁~:(u)n[V→N]-–ligh[N→V]-–ghqe[V→V]-~:(u)te[V→N]-te[N→V]-te[V→V]-@₁–lghii[V→N][N][Rel][Unpd][Du]
nulighqullghiik	ne-te[N→V]-@₁~:(u)n[V→N]-–ligh[N→V]-–ghqe[V→V]-~:(u)te[V→N]-te[N→V]-te[V→V][V][Intr][Ptcp][3Du]
nulighqullghiik	ne-te[N→V]-@₁~:(u)n[V→N]-–ligh[N→V]-–ghqe[V→V]-~:(u)te[V→N]-te[N→V][V][Intr][Ptcp][3Du]
nulighqullghiik	nulugh-––i[N→V]-@₁~:(u)n[V→N]-–ghqe[N→V]-@₁~:(u)te[V→V]-@₁–lghii[V→N][N][Abs][Unpd][Du]
nulighqullghiik	nulugh-––i[N→V]-@₁~:(u)n[V→N]-–ghqe[N→V]-@₁~:(u)te[V→V]-@₁–lghii[V→N][N][Rel][Unpd][Du]
nulighqullghiik	nulugh-––i[N→V]-@₁~:(u)n[V→N]-–ghqe[N→V]-@₁~:(u)te[V→V][V][Intr][Ptcp][3Du]
nulighqullghiik	nulugh-––i[N→V]-@₁~:(u)n[V→N]-–ghqe[N→V]-te[V→V]-@₁~:(u)te[V→V]-@₁–lghii[V→N][N][Abs][Unpd][Du]
nulighqullghiik	nulugh-––i[N→V]-@₁~:(u)n[V→N]-–ghqe[N→V]-te[V→V]-@₁~:(u)te[V→V]-@₁–lghii[V→N][N][Rel][Unpd][Du]
nulighqullghiik	nulugh-––i[N→V]-@₁~:(u)n[V→N]-–ghqe[N→V]-te[V→V]-@₁~:(u)te[V→V][V][Intr][Ptcp][3Du]
nulighqullghiik	nulugh-––i[N→V]-@₁~:(u)n[V→N]-–ghqe[N→V]-~:(u)te[V→V]-@₁–lghii[V→N][N][Abs][Unpd][Du]
nulighqullghiik	nulugh-––i[N→V]-@₁~:(u)n[V→N]-–ghqe[N→V]-~:(u)te[V→V]-@₁–lghii[V→N][N][Rel][Unpd][Du]
nulighqullghiik	nulugh-––i[N→V]-@₁~:(u)n[V→N]-–ghqe[N→V]-~:(u)te[V→V][V][Intr][Ptcp][3Du]
nulighqullghiik	nulugh-––i[N→V]-@₁~:(u)n[V→N]-–ghqe[N→V]-~:(u)te[V→N]-te[N→V]-@₁–lghii[V→N][N][Abs][Unpd][Du]
nulighqullghiik	nulugh-––i[N→V]-@₁~:(u)n[V→N]-–ghqe[N→V]-~:(u)te[V→N]-te[N→V]-@₁–lghii[V→N][N][Rel][Unpd][Du]
nulighqullghiik	nulugh-––i[N→V]-@₁~:(u)n[V→N]-–ghqe[N→V]-~:(u)te[V→N]-te[N→V]-te[V→V]-@₁–lghii[V→N][N][Abs][Unpd][Du]
nulighqullghiik	nulugh-––i[N→V]-@₁~:(u)n[V→N]-–ghqe[N→V]-~:(u)te[V→N]-te[N→V]-te[V→V]-@₁–lghii[V→N][N][Rel][Unpd][Du]
nulighqullghiik	nulugh-––i[N→V]-@₁~:(u)n[V→N]-–ghqe[N→V]-~:(u)te[V→N]-te[N→V]-te[V→V][V][Intr][Ptcp][3Du]
nulighqullghiik	nulugh-––i[N→V]-@₁~:(u)n[V→N]-–ghqe[N→V]-~:(u)te[V→N]-te[N→V][V][Intr][Ptcp][3Du]
nulighqullghiik	nulugh-––i[N→V]-@₁~:(u)n[V→N]-–ghqu[N→V]-@₁~:(u)te[V→V]-@₁–lghii[V→N][N][Abs][Unpd][Du]
nulighqullghiik	nulugh-––i[N→V]-@₁~:(u)n[V→N]-–ghqu[N→V]-@₁~:(u)te[V→V]-@₁–lghii[V→N][N][Rel][Unpd][Du]
nulighqullghiik	nulugh-––i[N→V]-@₁~:(u)n[V→N]-–ghqu[N→V]-@₁~:(u)te[V→V][V][Intr][Ptcp][3Du]
nulighqullghiik	nulugh-––i[N→V]-@₁~:(u)n[V→N]-–ghqu[N→V]-te[V→V]-@₁–lghii[V→N][N][Abs][Unpd][Du]
nulighqullghiik	nulugh-––i[N→V]-@₁~:(u)n[V→N]-–ghqu[N→V]-te[V→V]-@₁–lghii[V→N][N][Rel][Unpd][Du]
nulighqullghiik	nulugh-––i[N→V]-@₁~:(u)n[V→N]-–ghqu[N→V]-te[V→V][V][Intr][Ptcp][3Du]
nulighqullghiik	nulugh-––i[N→V]-@₁~:(u)n[V→N]-–ghqu[N→V]-~:(u)te[V→V]-@₁–lghii[V→N][N][Abs][Unpd][Du]
nulighqullghiik	nulugh-––i[N→V]-@₁~:(u)n[V→N]-–ghqu[N→V]-~:(u)te[V→V]-@₁–lghii[V→N][N][Rel][Unpd][Du]
nulighqullghiik	nulugh-––i[N→V]-@₁~:(u)n[V→N]-–ghqu[N→V]-~:(u)te[V→V][V][Intr][Ptcp][3Du]
nulighqullghiik	nulugh-––i[N→V]-@₁~:(u)n[V→N]-–ghqu[N→V]-~:(u)te[V→N]-te[N→V]-@₁–lghii[V→N][N][Abs][Unpd][Du]
nulighqullghiik	nulugh-––i[N→V]-@₁~:(u)n[V→N]-–ghqu[N→V]-~:(u)te[V→N]-te[N→V]-@₁–lghii[V→N][N][Rel][Unpd][Du]
nulighqullghiik	nulugh-––i[N→V]-@₁~:(u)n[V→N]-–ghqu[N→V]-~:(u)te[V→N]-te[N→V]-te[V→V]-@₁–lghii[V→N][N][Abs][Unpd][Du]
nulighqullghiik	nulugh-––i[N→V]-@₁~:(u)n[V→N]-–ghqu[N→V]-~:(u)te[V→N]-te[N→V]-te[V→V]-@₁–lghii[V→N][N][Rel][Unpd][Du]
nulighqullghiik	nulugh-––i[N→V]-@₁~:(u)n[V→N]-–ghqu[N→V]-~:(u)te[V→N]-te[N→V]-te[V→V][V][Intr][Ptcp][3Du]
nulighqullghiik	nulugh-––i[N→V]-@₁~:(u)n[V→N]-–ghqu[N→V]-~:(u)te[V→N]-te[N→V][V][Intr][Ptcp][3Du]
nulighqullghiik	nulugh-––i[N→V]-–ghqe[V→V]-@₁~:(u)te[V→V]-@₁–lghii[V→N][N][Abs][Unpd][Du]
nulighqullghiik	nulugh-––i[N→V]-–ghqe[V→V]-@₁~:(u)te[V→V]-@₁–lghii[V→N][N][Rel][Unpd][Du]
nulighqullghiik	nulugh-––i[N→V]-–ghqe[V→V]-@₁~:(u)te[V→V][V][Intr][Ptcp][3Du]
nulighqullghiik	nulugh-––i[N→V]-–ghqe[V→V]-te[V→V]-@₁~:(u)te[V→V]-@₁–lghii[V→N][N][Abs][Unpd][Du]
nulighqullghiik	nulugh-––i[N→V]-–ghqe[V→V]-te[V→V]-@₁~:(u)te[V→V]-@₁–lghii[V→N][N][Rel][Unpd][Du]
nulighqullghiik	nulugh-––i[N→V]-–ghqe[V→V]-te[V→V]-@₁~:(u)te[V→V][V][Intr][Ptcp][3Du]
nulighqullghiik	nulugh-––i[N→V]-–ghqe[V→V]-~:(u)te[V→V]-@₁–lghii[V→N][N][Abs][Unpd][Du]
nulighqullghiik	nulugh-––i[N→V]-–ghqe[V→V]-~:(u)te[V→V]-@₁–lghii[V→N][N][Rel][Unpd][Du]
nulighqullghiik	nulugh-––i[N→V]-–ghqe[V→V]-~:(u)te[V→V][V][Intr][Ptcp][3Du]
nulighqullghiik	nulugh-––i[N→V]-–ghqe[V→V]-~:(u)te[V→N]-te[N→V]-@₁–lghii[V→N][N][Abs][Unpd][Du]
nulighqullghiik	nulugh-––i[N→V]-–ghqe[V→V]-~:(u)te[V→N]-te[N→V]-@₁–lghii[V→N][N][Rel][Unpd][Du]
nulighqullghiik	nulugh-––i[N→V]-–ghqe[V→V]-~:(u)te[V→N]-te[N→V]-te[V→V]-@₁–lghii[V→N][N][Abs][Unpd][Du]
nulighqullghiik	nulugh-––i[N→V]-–ghqe[V→V]-~:(u)te[V→N]-te[N→V]-te[V→V]-@₁–lghii[V→N][N][Rel][Unpd][Du]
nulighqullghiik	nulugh-––i[N→V]-–ghqe[V→V]-~:(u)te[V→N]-te[N→V]-te[V→V][V][Intr][Ptcp][3Du]
nulighqullghiik	nulugh-––i[N→V]-–ghqe[V→V]-~:(u)te[V→N]-te[N→V][V][Intr][Ptcp][3Du]
nulighqullghiik	nulugh-––igh[N→V]-–ghqe[V→V]-@₁~:(u)te[V→V]-@₁–lghii[V→N][N][Abs][Unpd][Du]
nulighqullghiik	nulugh-––igh[N→V]-–ghqe[V→V]-@₁~:(u)te[V→V]-@₁–lghii[V→N][N][Rel][Unpd][Du]
nulighqullghiik	nulugh-––igh[N→V]-–ghqe[V→V]-@₁~:(u)te[V→V][V][Intr][Ptcp][3Du]
nulighqullghiik	nulugh-––igh[N→V]-–ghqe[V→V]-te[V→V]-@₁~:(u)te[V→V]-@₁–lghii[V→N][N][Abs][Unpd][Du]
nulighqullghiik	nulugh-––igh[N→V]-–ghqe[V→V]-te[V→V]-@₁~:(u)te[V→V]-@₁–lghii[V→N][N][Rel][Unpd][Du]
nulighqullghiik	nulugh-––igh[N→V]-–ghqe[V→V]-te[V→V]-@₁~:(u)te[V→V][V][Intr][Ptcp][3Du]
nulighqullghiik	nulugh-––igh[N→V]-–ghqe[V→V]-~:(u)te[V→V]-@₁–lghii[V→N][N][Abs][Unpd][Du]
nulighqullghiik	nulugh-––igh[N→V]-–ghqe[V→V]-~:(u)te[V→V]-@₁–lghii[V→N][N][Rel][Unpd][Du]
nulighqullghiik	nulugh-––igh[N→V]-–ghqe[V→V]-~:(u)te[V→V][V][Intr][Ptcp][3Du]
nulighqullghiik	nulugh-––igh[N→V]-–ghqe[V→V]-~:(u)te[V→N]-te[N→V]-@₁–lghii[V→N][N][Abs][Unpd][Du]
nulighqullghiik	nulugh-––igh[N→V]-–ghqe[V→V]-~:(u)te[V→N]-te[N→V]-@₁–lghii[V→N][N][Rel][Unpd][Du]
nulighqullghiik	nulugh-––igh[N→V]-–ghqe[V→V]-~:(u)te[V→N]-te[N→V]-te[V→V]-@₁–lghii[V→N][N][Abs][Unpd][Du]
nulighqullghiik	nulugh-––igh[N→V]-–ghqe[V→V]-~:(u)te[V→N]-te[N→V]-te[V→V]-@₁–lghii[V→N][N][Rel][Unpd][Du]
nulighqullghiik	nulugh-––igh[N→V]-–ghqe[V→V]-~:(u)te[V→N]-te[N→V]-te[V→V][V][Intr][Ptcp][3Du]
nulighqullghiik	nulugh-––igh[N→V]-–ghqe[V→V]-~:(u)te[V→N]-te[N→V][V][Intr][Ptcp][3Du]
nulighqullghiik	nulighh-––i[N→V]-@₁~:(u)n[V→N]-–ghqe[N→V]-@₁~:(u)te[V→V]-@₁–lghii[V→N][N][Abs][Unpd][Du]
nulighqullghiik	nulighh-––i[N→V]-@₁~:(u)n[V→N]-–ghqe[N→V]-@₁~:(u)te[V→V]-@₁–lghii[V→N][N][Rel][Unpd][Du]
nulighqullghiik	nulighh-––i[N→V]-@₁~:(u)n[V→N]-–ghqe[N→V]-@₁~:(u)te[V→V][V][Intr][Ptcp][3Du]
nulighqullghiik	nulighh-––i[N→V]-@₁~:(u)n[V→N]-–ghqe[N→V]-te[V→V]-@₁~:(u)te[V→V]-@₁–lghii[V→N][N][Abs][Unpd][Du]
nulighqullghiik	nulighh-––i[N→V]-@₁~:(u)n[V→N]-–ghqe[N→V]-te[V→V]-@₁~:(u)te[V→V]-@₁–lghii[V→N][N][Rel][Unpd][Du]
nulighqullghiik	nulighh-––i[N→V]-@₁~:(u)n[V→N]-–ghqe[N→V]-te[V→V]-@₁~:(u)te[V→V][V][Intr][Ptcp][3Du]
nulighqullghiik	nulighh-––i[N→V]-@₁~:(u)n[V→N]-–ghqe[N→V]-~:(u)te[V→V]-@₁–lghii[V→N][N][Abs][Unpd][Du]
nulighqullghiik	nulighh-––i[N→V]-@₁~:(u)n[V→N]-–ghqe[N→V]-~:(u)te[V→V]-@₁–lghii[V→N][N][Rel][Unpd][Du]
nulighqullghiik	nulighh-––i[N→V]-@₁~:(u)n[V→N]-–ghqe[N→V]-~:(u)te[V→V][V][Intr][Ptcp][3Du]
nulighqullghiik	nulighh-––i[N→V]-@₁~:(u)n[V→N]-–ghqe[N→V]-~:(u)te[V→N]-te[N→V]-@₁–lghii[V→N][N][Abs][Unpd][Du]
nulighqullghiik	nulighh-––i[N→V]-@₁~:(u)n[V→N]-–ghqe[N→V]-~:(u)te[V→N]-te[N→V]-@₁–lghii[V→N][N][Rel][Unpd][Du]
nulighqullghiik	nulighh-––i[N→V]-@₁~:(u)n[V→N]-–ghqe[N→V]-~:(u)te[V→N]-te[N→V]-te[V→V]-@₁–lghii[V→N][N][Abs][Unpd][Du]
nulighqullghiik	nulighh-––i[N→V]-@₁~:(u)n[V→N]-–ghqe[N→V]-~:(u)te[V→N]-te[N→V]-te[V→V]-@₁–lghii[V→N][N][Rel][Unpd][Du]
nulighqullghiik	nulighh-––i[N→V]-@₁~:(u)n[V→N]-–ghqe[N→V]-~:(u)te[V→N]-te[N→V]-te[V→V][V][Intr][Ptcp][3Du]
nulighqullghiik	nulighh-––i[N→V]-@₁~:(u)n[V→N]-–ghqe[N→V]-~:(u)te[V→N]-te[N→V][V][Intr][Ptcp][3Du]
nulighqullghiik	nulighh-––i[N→V]-@₁~:(u)n[V→N]-–ghqu[N→V]-@₁~:(u)te[V→V]-@₁–lghii[V→N][N][Abs][Unpd][Du]
nulighqullghiik	nulighh-––i[N→V]-@₁~:(u)n[V→N]-–ghqu[N→V]-@₁~:(u)te[V→V]-@₁–lghii[V→N][N][Rel][Unpd][Du]
nulighqullghiik	nulighh-––i[N→V]-@₁~:(u)n[V→N]-–ghqu[N→V]-@₁~:(u)te[V→V][V][Intr][Ptcp][3Du]
nulighqullghiik	nulighh-––i[N→V]-@₁~:(u)n[V→N]-–ghqu[N→V]-te[V→V]-@₁–lghii[V→N][N][Abs][Unpd][Du]
nulighqullghiik	nulighh-––i[N→V]-@₁~:(u)n[V→N]-–ghqu[N→V]-te[V→V]-@₁–lghii[V→N][N][Rel][Unpd][Du]
nulighqullghiik	nulighh-––i[N→V]-@₁~:(u)n[V→N]-–ghqu[N→V]-te[V→V][V][Intr][Ptcp][3Du]
nulighqullghiik	nulighh-––i[N→V]-@₁~:(u)n[V→N]-–ghqu[N→V]-~:(u)te[V→V]-@₁–lghii[V→N][N][Abs][Unpd][Du]
nulighqullghiik	nulighh-––i[N→V]-@₁~:(u)n[V→N]-–ghqu[N→V]-~:(u)te[V→V]-@₁–lghii[V→N][N][Rel][Unpd][Du]
nulighqullghiik	nulighh-––i[N→V]-@₁~:(u)n[V→N]-–ghqu[N→V]-~:(u)te[V→V][V][Intr][Ptcp][3Du]
nulighqullghiik	nulighh-––i[N→V]-@₁~:(u)n[V→N]-–ghqu[N→V]-~:(u)te[V→N]-te[N→V]-@₁–lghii[V→N][N][Abs][Unpd][Du]
nulighqullghiik	nulighh-––i[N→V]-@₁~:(u)n[V→N]-–ghqu[N→V]-~:(u)te[V→N]-te[N→V]-@₁–lghii[V→N][N][Rel][Unpd][Du]
nulighqullghiik	nulighh-––i[N→V]-@₁~:(u)n[V→N]-–ghqu[N→V]-~:(u)te[V→N]-te[N→V]-te[V→V]-@₁–lghii[V→N][N][Abs][Unpd][Du]
nulighqullghiik	nulighh-––i[N→V]-@₁~:(u)n[V→N]-–ghqu[N→V]-~:(u)te[V→N]-te[N→V]-te[V→V]-@₁–lghii[V→N][N][Rel][Unpd][Du]
nulighqullghiik	nulighh-––i[N→V]-@₁~:(u)n[V→N]-–ghqu[N→V]-~:(u)te[V→N]-te[N→V]-te[V→V][V][Intr][Ptcp][3Du]
nulighqullghiik	nulighh-––i[N→V]-@₁~:(u)n[V→N]-–ghqu[N→V]-~:(u)te[V→N]-te[N→V][V][Intr][Ptcp][3Du]
nulighqullghiik	nulighh-––i[N→V]-–ghqe[V→V]-@₁~:(u)te[V→V]-@₁–lghii[V→N][N][Abs][Unpd][Du]
nulighqullghiik	nulighh-––i[N→V]-–ghqe[V→V]-@₁~:(u)te[V→V]-@₁–lghii[V→N][N][Rel][Unpd][Du]
nulighqullghiik	nulighh-––i[N→V]-–ghqe[V→V]-@₁~:(u)te[V→V][V][Intr][Ptcp][3Du]
nulighqullghiik	nulighh-––i[N→V]-–ghqe[V→V]-te[V→V]-@₁~:(u)te[V→V]-@₁–lghii[V→N][N][Abs][Unpd][Du]
nulighqullghiik	nulighh-––i[N→V]-–ghqe[V→V]-te[V→V]-@₁~:(u)te[V→V]-@₁–lghii[V→N][N][Rel][Unpd][Du]
nulighqullghiik	nulighh-––i[N→V]-–ghqe[V→V]-te[V→V]-@₁~:(u)te[V→V][V][Intr][Ptcp][3Du]
nulighqullghiik	nulighh-––i[N→V]-–ghqe[V→V]-~:(u)te[V→V]-@₁–lghii[V→N][N][Abs][Unpd][Du]
nulighqullghiik	nulighh-––i[N→V]-–ghqe[V→V]-~:(u)te[V→V]-@₁–lghii[V→N][N][Rel][Unpd][Du]
nulighqullghiik	nulighh-––i[N→V]-–ghqe[V→V]-~:(u)te[V→V][V][Intr][Ptcp][3Du]
nulighqullghiik	nulighh-––i[N→V]-–ghqe[V→V]-~:(u)te[V→N]-te[N→V]-@₁–lghii[V→N][N][Abs][Unpd][Du]
nulighqullghiik	nulighh-––i[N→V]-–ghqe[V→V]-~:(u)te[V→N]-te[N→V]-@₁–lghii[V→N][N][Rel][Unpd][Du]
nulighqullghiik	nulighh-––i[N→V]-–ghqe[V→V]-~:(u)te[V→N]-te[N→V]-te[V→V]-@₁–lghii[V→N][N][Abs][Unpd][Du]
nulighqullghiik	nulighh-––i[N→V]-–ghqe[V→V]-~:(u)te[V→N]-te[N→V]-te[V→V]-@₁–lghii[V→N][N][Rel][Unpd][Du]
nulighqullghiik	nulighh-––i[N→V]-–ghqe[V→V]-~:(u)te[V→N]-te[N→V]-te[V→V][V][Intr][Ptcp][3Du]
nulighqullghiik	nulighh-––i[N→V]-–ghqe[V→V]-~:(u)te[V→N]-te[N→V][V][Intr][Ptcp][3Du]
nulighqullghiik	nulighh-––igh[N→V]-–ghqe[V→V]-@₁~:(u)te[V→V]-@₁–lghii[V→N][N][Abs][Unpd][Du]
nulighqullghiik	nulighh-––igh[N→V]-–ghqe[V→V]-@₁~:(u)te[V→V]-@₁–lghii[V→N][N][Rel][Unpd][Du]
nulighqullghiik	nulighh-––igh[N→V]-–ghqe[V→V]-@₁~:(u)te[V→V][V][Intr][Ptcp][3Du]
nulighqullghiik	nulighh-––igh[N→V]-–ghqe[V→V]-te[V→V]-@₁~:(u)te[V→V]-@₁–lghii[V→N][N][Abs][Unpd][Du]
nulighqullghiik	nulighh-––igh[N→V]-–ghqe[V→V]-te[V→V]-@₁~:(u)te[V→V]-@₁–lghii[V→N][N][Rel][Unpd][Du]
nulighqullghiik	nulighh-––igh[N→V]-–ghqe[V→V]-te[V→V]-@₁~:(u)te[V→V][V][Intr][Ptcp][3Du]
nulighqullghiik	nulighh-––igh[N→V]-–ghqe[V→V]-~:(u)te[V→V]-@₁–lghii[V→N][N][Abs][Unpd][Du]
nulighqullghiik	nulighh-––igh[N→V]-–ghqe[V→V]-~:(u)te[V→V]-@₁–lghii[V→N][N][Rel][Unpd][Du]
nulighqullghiik	nulighh-––igh[N→V]-–ghqe[V→V]-~:(u)te[V→V][V][Intr][Ptcp][3Du]
nulighqullghiik	nulighh-––igh[N→V]-–ghqe[V→V]-~:(u)te[V→N]-te[N→V]-@₁–lghii[V→N][N][Abs][Unpd][Du]
nulighqullghiik	nulighh-––igh[N→V]-–ghqe[V→V]-~:(u)te[V→N]-te[N→V]-@₁–lghii[V→N][N][Rel][Unpd][Du]
nulighqullghiik	nulighh-––igh[N→V]-–ghqe[V→V]-~:(u)te[V→N]-te[N→V]-te[V→V]-@₁–lghii[V→N][N][Abs][Unpd][Du]
nulighqullghiik	nulighh-––igh[N→V]-–ghqe[V→V]-~:(u)te[V→N]-te[N→V]-te[V→V]-@₁–lghii[V→N][N][Rel][Unpd][Du]
nulighqullghiik	nulighh-––igh[N→V]-–ghqe[V→V]-~:(u)te[V→N]-te[N→V]-te[V→V][V][Intr][Ptcp][3Du]
nulighqullghiik	nulighh-––igh[N→V]-–ghqe[V→V]-~:(u)te[V→N]-te[N→V][V][Intr][Ptcp][3Du]
nulighqullghiik	nulighh-–ghqe[N→V]-@₁~:(u)te[V→V]-@₁–lghii[V→N][N][Abs][Unpd][Du]
nulighqullghiik	nulighh-–ghqe[N→V]-@₁~:(u)te[V→V]-@₁–lghii[V→N][N][Rel][Unpd][Du]
nulighqullghiik	nulighh-–ghqe[N→V]-@₁~:(u)te[V→V][V][Intr][Ptcp][3Du]
nulighqullghiik	nulighh-–ghqe[N→V]-te[V→V]-@₁~:(u)te[V→V]-@₁–lghii[V→N][N][Abs][Unpd][Du]
nulighqullghiik	nulighh-–ghqe[N→V]-te[V→V]-@₁~:(u)te[V→V]-@₁–lghii[V→N][N][Rel][Unpd][Du]
nulighqullghiik	nulighh-–ghqe[N→V]-te[V→V]-@₁~:(u)te[V→V][V][Intr][Ptcp][3Du]
nulighqullghiik	nulighh-–ghqe[N→V]-~:(u)te[V→V]-@₁–lghii[V→N][N][Abs][Unpd][Du]
nulighqullghiik	nulighh-–ghqe[N→V]-~:(u)te[V→V]-@₁–lghii[V→N][N][Rel][Unpd][Du]
nulighqullghiik	nulighh-–ghqe[N→V]-~:(u)te[V→V][V][Intr][Ptcp][3Du]
nulighqullghiik	nulighh-–ghqe[N→V]-~:(u)te[V→N]-te[N→V]-@₁–lghii[V→N][N][Abs][Unpd][Du]
nulighqullghiik	nulighh-–ghqe[N→V]-~:(u)te[V→N]-te[N→V]-@₁–lghii[V→N][N][Rel][Unpd][Du]
nulighqullghiik	nulighh-–ghqe[N→V]-~:(u)te[V→N]-te[N→V]-te[V→V]-@₁–lghii[V→N][N][Abs][Unpd][Du]
nulighqullghiik	nulighh-–ghqe[N→V]-~:(u)te[V→N]-te[N→V]-te[V→V]-@₁–lghii[V→N][N][Rel][Unpd][Du]
nulighqullghiik	nulighh-–ghqe[N→V]-~:(u)te[V→N]-te[N→V]-te[V→V][V][Intr][Ptcp][3Du]
nulighqullghiik	nulighh-–ghqe[N→V]-~:(u)te[V→N]-te[N→V][V][Intr][Ptcp][3Du]
nulighqullghiik	nulighh-–ghqu[N→V]-@₁~:(u)te[V→V]-@₁–lghii[V→N][N][Abs][Unpd][Du]
nulighqullghiik	nulighh-–ghqu[N→V]-@₁~:(u)te[V→V]-@₁–lghii[V→N][N][Rel][Unpd][Du]
nulighqullghiik	nulighh-–ghqu[N→V]-@₁~:(u)te[V→V][V][Intr][Ptcp][3Du]
nulighqullghiik	nulighh-–ghqu[N→V]-te[V→V]-@₁–lghii[V→N][N][Abs][Unpd][Du]
nulighqullghiik	nulighh-–ghqu[N→V]-te[V→V]-@₁–lghii[V→N][N][Rel][Unpd][Du]
nulighqullghiik	nulighh-–ghqu[N→V]-te[V→V][V][Intr][Ptcp][3Du]
nulighqullghiik	nulighh-–ghqu[N→V]-~:(u)te[V→V]-@₁–lghii[V→N][N][Abs][Unpd][Du]
nulighqullghiik	nulighh-–ghqu[N→V]-~:(u)te[V→V]-@₁–lghii[V→N][N][Rel][Unpd][Du]
nulighqullghiik	nulighh-–ghqu[N→V]-~:(u)te[V→V][V][Intr][Ptcp][3Du]
nulighqullghiik	nulighh-–ghqu[N→V]-~:(u)te[V→N]-te[N→V]-@₁–lghii[V→N][N][Abs][Unpd][Du]
nulighqullghiik	nulighh-–ghqu[N→V]-~:(u)te[V→N]-te[N→V]-@₁–lghii[V→N][N][Rel][Unpd][Du]
nulighqullghiik	nulighh-–ghqu[N→V]-~:(u)te[V→N]-te[N→V]-te[V→V]-@₁–lghii[V→N][N][Abs][Unpd][Du]
nulighqullghiik	nulighh-–ghqu[N→V]-~:(u)te[V→N]-te[N→V]-te[V→V]-@₁–lghii[V→N][N][Rel][Unpd][Du]
nulighqullghiik	nulighh-–ghqu[N→V]-~:(u)te[V→N]-te[N→V]-te[V→V][V][Intr][Ptcp][3Du]
nulighqullghiik	nulighh-–ghqu[N→V]-~:(u)te[V→N]-te[N→V][V][Intr][Ptcp][3Du]
nulighqullghiik	nulighqullghiig[N][Abs][Unpd][Sg]
nulighqullghiik	nulighh-qe[N→V]-@₁~:(u)te[V→V]-@₁–lghii[V→N][N][Abs][Unpd][Du]
nulighqullghiik	nulighh-qe[N→V]-@₁~:(u)te[V→V]-@₁–lghii[V→N][N][Rel][Unpd][Du]
nulighqullghiik	nulighh-qe[N→V]-@₁~:(u)te[V→V][V][Intr][Ptcp][3Du]
nulighqullghiik	nulighh-qe[N→V]-te[V→V]-@₁~:(u)te[V→V]-@₁–lghii[V→N][N][Abs][Unpd][Du]
nulighqullghiik	nulighh-qe[N→V]-te[V→V]-@₁~:(u)te[V→V]-@₁–lghii[V→N][N][Rel][Unpd][Du]
nulighqullghiik	nulighh-qe[N→V]-te[V→V]-@₁~:(u)te[V→V][V][Intr][Ptcp][3Du]
nulighqullghiik	nulighh-qe[N→V]-~:(u)te[V→V]-@₁–lghii[V→N][N][Abs][Unpd][Du]
nulighqullghiik	nulighh-qe[N→V]-~:(u)te[V→V]-@₁–lghii[V→N][N][Rel][Unpd][Du]
nulighqullghiik	nulighh-qe[N→V]-~:(u)te[V→V][V][Intr][Ptcp][3Du]
nulighqullghiik	nulighh-qe[N→V]-~:(u)te[V→N]-te[N→V]-@₁–lghii[V→N][N][Abs][Unpd][Du]
nulighqullghiik	nulighh-qe[N→V]-~:(u)te[V→N]-te[N→V]-@₁–lghii[V→N][N][Rel][Unpd][Du]
nulighqullghiik	nulighh-qe[N→V]-~:(u)te[V→N]-te[N→V][V][Intr][Ptcp][3Du]
nulighqullghiik	nulighh-qe[N→N]-te[N→V]-@₁~:(u)te[V→V]-@₁–lghii[V→N][N][Abs][Unpd][Du]
nulighqullghiik	nulighh-qe[N→N]-te[N→V]-@₁~:(u)te[V→V]-@₁–lghii[V→N][N][Rel][Unpd][Du]
nulighqullghiik	nulighh-qe[N→N]-te[N→V]-@₁~:(u)te[V→V][V][Intr][Ptcp][3Du]
nulighqullghiik	nulighh-qu[N→V]-@₁~:(u)te[V→V]-@₁–lghii[V→N][N][Abs][Unpd][Du]
nulighqullghiik	nulighh-qu[N→V]-@₁~:(u)te[V→V]-@₁–lghii[V→N][N][Rel][Unpd][Du]
nulighqullghiik	nulighh-qu[N→V]-@₁~:(u)te[V→V][V][Intr][Ptcp][3Du]
nulighqullghiik	nulighh-qu[N→V]-te[V→V]-@₁–lghii[V→N][N][Abs][Unpd][Du]
nulighqullghiik	nulighh-qu[N→V]-te[V→V]-@₁–lghii[V→N][N][Rel][Unpd][Du]
nulighqullghiik	nulighh-qu[N→V]-te[V→V][V][Intr][Ptcp][3Du]
nulighqullghiik	nulighh-qu[N→V]-~:(u)te[V→V]-@₁–lghii[V→N][N][Abs][Unpd][Du]
nulighqullghiik	nulighh-qu[N→V]-~:(u)te[V→V]-@₁–lghii[V→N][N][Rel][Unpd][Du]
nulighqullghiik	nulighh-qu[N→V]-~:(u)te[V→V][V][Intr][Ptcp][3Du]
nulighqullghiik	nulighh-qu[N→V]-~:(u)te[V→N]-te[N→V]-@₁–lghii[V→N][N][Abs][Unpd][Du]
nulighqullghiik	nulighh-qu[N→V]-~:(u)te[V→N]-te[N→V]-@₁–lghii[V→N][N][Rel][Unpd][Du]
nulighqullghiik	nulighh-qu[N→V]-~:(u)te[V→N]-te[N→V][V][Intr][Ptcp][3Du]

yugek	yu(u)g[N][Abs][Unpd][Du]
yugek	yu(u)g[N][Rel][Unpd][Du]
yugek	yug[N][Abs][Unpd][Du]
yugek	yug[N][Rel][Unpd][Du]

avaqutiilnguuk	avaqutagh-~:(ng₁)ite**[N→V]-@*ngugh*[V→N][N][Abs][Unpd][Du]
avaqutiilnguuk	avaqutagh-~:(ng₁)ite**[N→V]-@*ngugh*[V→N][N][Rel][Unpd][Du]

------------------------
Ilangani yuuk kiwatmeggnun pimaluku esghaamakanga aghnaq ighninaqelghii.

ilangani	ila-~fnga[V→V]-@₁~:(u)te[V→V]-@₁~fni[V→V][V][Intr][Opt][PRS][2Sg]
ilangani	ila-~fnga[V→V]-@₁~:(u)te[V→V]-@₁~fni[Cmpd_Vbl][V][Intr][Opt][PRS][2Sg]
ilangani	ila-~fnga[V→V]-@₁~:(u)n[V→N][N][Abs][4SgPoss][SgPosd]
ilangani	ila-~fnga[V→V]-@₁~:(u)n[V→N][N][Abs][4SgPoss][PlPosd]
ilangani	ila-~fnga[V→V]-@₁~:(u)n[V→N][N][Abs][3SgPoss][PlPosd]
ilangani	ila-~fnga[V→V]-@₁~fni[V→V][V][Intr][Opt][PRS][2Sg]
ilangani	ila-~fnga[V→V]-@₁~fni[Cmpd_Vbl][V][Intr][Opt][PRS][2Sg]
ilangani	ila-~fnga[V→V]-~:(u)te[V→V]-@₁~fni[V→V][V][Intr][Opt][PRS][2Sg]
ilangani	ila-~fnga[V→V]-~:(u)te[V→V]-@₁~fni[Cmpd_Vbl][V][Intr][Opt][PRS][2Sg]
ilangani	ila[N][Loc][3SgPoss][SgPosd]
ilangani	ila[N][Loc][3SgPoss][PlPosd]
ilangani	ilangani
ilangani	ilangani[N][Abs][Unpd][Sg]

yuuk	yug[N][Abs][Sg]

pimaluku	pi-@₁~:(i/u)ma[V→V]-@₁~:(u)te[V→V][V][Trns][Sbrd][_][3Sg]
pimaluku	pi-@₁~:(i/u)ma[V→V]-@₁~:(u)n[V→N]-–luk[N→N]-~:(ng₁)u[N→V][V][Intr][Opt][PRS][2Sg]
pimaluku	pi-@₁~:(i/u)ma[V→V]-~:(u)te[V→V][V][Trns][Sbrd][_][3Sg]
pimaluku	pi-@₁~:(i/u)ma[V→V][V][Trns][Sbrd][_][3Sg]
pimaluku	pi-@₁~:(i/u)man[V→N]-–luk[N→N]-~:(ng₁)u[N→V][V][Intr][Opt][PRS][2Sg]

esghaamakanga	esghagh-@₁~:(i/u)ma[V→V]-~–(g₁)kaq[V→N]-–nge[N→V][V][Intr][Intrg][3Sg]
esghaamakanga	esghagh-@₁~:(i/u)ma[V→V]-~sf–(g₃)kaq[V→N]-–nge[N→V][V][Intr][Intrg][3Sg]
esghaamakanga	esghagh-@₁~:(i/u)ma[V→V]-@₂~fkaq[V→N]-–nge[N→V][V][Intr][Intrg][3Sg]
esghaamakanga	esghagh-@₁~:(i/u)ma[V→V]-@*@₂~sf–(g₂)k(a)e[V→N]-–nge[N→V][V][Intr][Intrg][3Sg]
esghaamakanga	esghagh-@₁~:(i/u)ma[V→V]-@*@₂~sf–(g₂)k(a)e[V→N][N][Abs][3SgPoss][SgPosd]
esghaamakanga	esghagh-@₁~:(i/u)ma[V→V][V][Trns][Cond][3Sg][1Sg]
esghaamakanga	esghagh-@₁~:(i/u)ma[V→V][V][Trns][Ptcp][3Sg][3Sg]
esghaamakanga	esghagh-~:(ng₁)u[V→V]-@₁~:(i/u)ma[V→V]-~–(g₁)kaq[V→N]-–nge[N→V][V][Intr][Intrg][3Sg]
esghaamakanga	esghagh-~:(ng₁)u[V→V]-@₁~:(i/u)ma[V→V]-~sf–(g₃)kaq[V→N]-–nge[N→V][V][Intr][Intrg][3Sg]
esghaamakanga	esghagh-~:(ng₁)u[V→V]-@₁~:(i/u)ma[V→V]-@₂~fkaq[V→N]-–nge[N→V][V][Intr][Intrg][3Sg]
esghaamakanga	esghagh-~:(ng₁)u[V→V]-@₁~:(i/u)ma[V→V]-@*@₂~sf–(g₂)k(a)e[V→N]-–nge[N→V][V][Intr][Intrg][3Sg]
esghaamakanga	esghagh-~:(ng₁)u[V→V]-@₁~:(i/u)ma[V→V]-@*@₂~sf–(g₂)k(a)e[V→N][N][Abs][3SgPoss][SgPosd]
esghaamakanga	esghagh-~:(ng₁)u[V→V]-@₁~:(i/u)ma[V→V][V][Trns][Cond][3Sg][1Sg]
esghaamakanga	esghagh-~:(ng₁)u[V→V]-@₁~:(i/u)ma[V→V][V][Trns][Ptcp][3Sg][3Sg]

aghnaq	aghnagh[N][Abs][Unpd][Sg]

ighninaqelghii	ighnegh-––i[N→V]-@₁~:(u)te[V→V]-@₁~fnaq[V→N]-~–ke[N→V]-@₁–lghii[V→N][N][Abs][Unpd][Sg]
ighninaqelghii	ighnegh-––i[N→V]-@₁~:(u)te[V→V]-@₁~fnaqe[V→V]-@₁–lghii[V→N][N][Abs][Unpd][Sg]
ighninaqelghii	ighnegh-––i[N→V]-@₁~fnaq[V→N]-~–ke[N→V]-@₁–lghii[V→N][N][Abs][Unpd][Sg]
ighninaqelghii	ighnegh-––i[N→V]-@₁~fnaqe[V→V]-@₁–lghii[V→N][N][Abs][Unpd][Sg]
ighninaqelghii	ighnegh-––i[N→V]-~:(u)te[V→V]-@₁~fnaq[V→N]-~–ke[N→V]-@₁–lghii[V→N][N][Abs][Unpd][Sg]
ighninaqelghii	ighnegh-––i[N→V]-~:(u)te[V→V]-@₁~fnaqe[V→V]-@₁–lghii[V→N][N][Abs][Unpd][Sg]
ighninaqelghii	ighni-@₁~:(u)te[V→V]-@₁~fnaq[V→N]-~–ke[N→V]-@₁–lghii[V→N][N][Abs][Unpd][Sg]
ighninaqelghii	ighni-@₁~:(u)te[V→V]-@₁~fnaqe[V→V]-@₁–lghii[V→N][N][Abs][Unpd][Sg]
ighninaqelghii	ighni-@₁~fnaq[V→N]-~–ke[N→V]-@₁–lghii[V→N][N][Abs][Unpd][Sg]
ighninaqelghii	ighni-@₁~fnaqe[V→V]-@₁–lghii[V→N][N][Abs][Unpd][Sg]
ighninaqelghii	ighni-~:(u)te[V→V]-@₁~fnaq[V→N]-~–ke[N→V]-@₁–lghii[V→N][N][Abs][Unpd][Sg]
ighninaqelghii	ighni-~:(u)te[V→V]-@₁~fnaqe[V→V]-@₁–lghii[V→N][N][Abs][Unpd][Sg]

------------------------
Ighniyalghiimi mekelghiighmeng qesiqun tuusimakanga yughqutaq pinaaqa.

ighniyalghiimi	ighnegh-––i[N→V]-@₁~:(u)te[V→V]-@₁~fyagh[V→V]-@₁–lghii[V→N][N][Abs][Unpd][Sg]-mi[Encl]
ighniyalghiimi	ighnegh-––i[N→V]-@₁~:(u)te[V→V]-@₁~fyagh[V→V]-@₁–lghii[V→N][N][Loc][Unpd][Sg]
ighniyalghiimi	ighnegh-––i[N→V]-@₁~:(u)te[V→V]-@₁~fyagh[V→V]-@₁–lghii[V→N][N][Rel][4SgPoss][PlPosd]
ighniyalghiimi	ighnegh-––i[N→V]-@₁~:(u)te[V→V]-@₁~fyagh[V→V]-@₁–lghii[V→N][N][Rel][4SgPoss][SgPosd]
ighniyalghiimi	ighnegh-––i[N→V]-@₁~:(u)te[V→V][V][Intr][Ptcp_Obl][4Sg]
ighniyalghiimi	ighnegh-––i[N→V]-@₁~fyagh[V→V]-@₁–lghii[V→N][N][Abs][Unpd][Sg]-mi[Encl]
ighniyalghiimi	ighnegh-––i[N→V]-@₁~fyagh[V→V]-@₁–lghii[V→N][N][Loc][Unpd][Sg]
ighniyalghiimi	ighnegh-––i[N→V]-@₁~fyagh[V→V]-@₁–lghii[V→N][N][Rel][4SgPoss][PlPosd]
ighniyalghiimi	ighnegh-––i[N→V]-@₁~fyagh[V→V]-@₁–lghii[V→N][N][Rel][4SgPoss][SgPosd]
ighniyalghiimi	ighnegh-––i[N→V]-~:(u)te[V→V]-@₁~fyagh[V→V]-@₁–lghii[V→N][N][Abs][Unpd][Sg]-mi[Encl]
ighniyalghiimi	ighnegh-––i[N→V]-~:(u)te[V→V]-@₁~fyagh[V→V]-@₁–lghii[V→N][N][Loc][Unpd][Sg]
ighniyalghiimi	ighnegh-––i[N→V]-~:(u)te[V→V]-@₁~fyagh[V→V]-@₁–lghii[V→N][N][Rel][4SgPoss][PlPosd]
ighniyalghiimi	ighnegh-––i[N→V]-~:(u)te[V→V]-@₁~fyagh[V→V]-@₁–lghii[V→N][N][Rel][4SgPoss][SgPosd]
ighniyalghiimi	ighnegh-––i[N→V]-~:(u)te[V→V][V][Intr][Ptcp_Obl][4Sg]
ighniyalghiimi	ighnegh-––i[N→V]-~:(u)te[V→N]-@₁~fyagh[N→V]-@₁–lghii[V→N][N][Abs][Unpd][Sg]-mi[Encl]
ighniyalghiimi	ighnegh-––i[N→V]-~:(u)te[V→N]-@₁~fyagh[N→V]-@₁–lghii[V→N][N][Loc][Unpd][Sg]
ighniyalghiimi	ighnegh-––i[N→V]-~:(u)te[V→N]-@₁~fyagh[N→V]-@₁–lghii[V→N][N][Rel][4SgPoss][PlPosd]
ighniyalghiimi	ighnegh-––i[N→V]-~:(u)te[V→N]-@₁~fyagh[N→V]-@₁–lghii[V→N][N][Rel][4SgPoss][SgPosd]
ighniyalghiimi	ighnegh-––i[N→V][V][Intr][Ptcp_Obl][4Sg]
ighniyalghiimi	ighni-@₁~:(u)te[V→V]-@₁~fyagh[V→V]-@₁–lghii[V→N][N][Abs][Unpd][Sg]-mi[Encl]
ighniyalghiimi	ighni-@₁~:(u)te[V→V]-@₁~fyagh[V→V]-@₁–lghii[V→N][N][Loc][Unpd][Sg]
ighniyalghiimi	ighni-@₁~:(u)te[V→V]-@₁~fyagh[V→V]-@₁–lghii[V→N][N][Rel][4SgPoss][PlPosd]
ighniyalghiimi	ighni-@₁~:(u)te[V→V]-@₁~fyagh[V→V]-@₁–lghii[V→N][N][Rel][4SgPoss][SgPosd]
ighniyalghiimi	ighni-@₁~:(u)te[V→V][V][Intr][Ptcp_Obl][4Sg]
ighniyalghiimi	ighni-@₁~fyagh[V→V]-@₁–lghii[V→N][N][Abs][Unpd][Sg]-mi[Encl]
ighniyalghiimi	ighni-@₁~fyagh[V→V]-@₁–lghii[V→N][N][Loc][Unpd][Sg]
ighniyalghiimi	ighni-@₁~fyagh[V→V]-@₁–lghii[V→N][N][Rel][4SgPoss][PlPosd]
ighniyalghiimi	ighni-@₁~fyagh[V→V]-@₁–lghii[V→N][N][Rel][4SgPoss][SgPosd]
ighniyalghiimi	ighni-~:(u)te[V→V]-@₁~fyagh[V→V]-@₁–lghii[V→N][N][Abs][Unpd][Sg]-mi[Encl]
ighniyalghiimi	ighni-~:(u)te[V→V]-@₁~fyagh[V→V]-@₁–lghii[V→N][N][Loc][Unpd][Sg]
ighniyalghiimi	ighni-~:(u)te[V→V]-@₁~fyagh[V→V]-@₁–lghii[V→N][N][Rel][4SgPoss][PlPosd]
ighniyalghiimi	ighni-~:(u)te[V→V]-@₁~fyagh[V→V]-@₁–lghii[V→N][N][Rel][4SgPoss][SgPosd]
ighniyalghiimi	ighni-~:(u)te[V→V][V][Intr][Ptcp_Obl][4Sg]
ighniyalghiimi	ighni-~:(u)te[V→N]-@₁~fyagh[N→V]-@₁–lghii[V→N][N][Abs][Unpd][Sg]-mi[Encl]
ighniyalghiimi	ighni-~:(u)te[V→N]-@₁~fyagh[N→V]-@₁–lghii[V→N][N][Loc][Unpd][Sg]
ighniyalghiimi	ighni-~:(u)te[V→N]-@₁~fyagh[N→V]-@₁–lghii[V→N][N][Rel][4SgPoss][PlPosd]
ighniyalghiimi	ighni-~:(u)te[V→N]-@₁~fyagh[N→V]-@₁–lghii[V→N][N][Rel][4SgPoss][SgPosd]
ighniyalghiimi	ighni[V][Intr][Ptcp_Obl][4Sg]

mekelghiighmeng	mekelghiigh[N][Abl_Mod][Unpd][Sg]
mekelghiighmeng	mekelghiigh[N][Rel][4DuPoss][PlPosd]
mekelghiighmeng	mekelghiigh[N][Rel][4DuPoss][SgPosd]
mekelghiighmeng	mekelghiigh[N][Rel][4PlPoss][PlPosd]
mekelghiighmeng	mekelghiigh[N][Rel][4PlPoss][SgPosd]

qesiqun	qesug-––i[N→V]-–qu[V→V]-@₁~:(u)n[V→N][N][Abs][Unpd][Sg]
qesiqun	qesug-––i[N→V]-–qu[V→V]-~:(u)te[V→N][N][Abs][Unpd][Sg]
qesiqun	qesug-––igh[N→V]-@*@₂~sf–(g₂)k(a)e[V→N]-te[N→V]-@₁~:(u)n[V→N][N][Abs][Unpd][Sg]
qesiqun	qesug-––igh[N→V]-@*@₂~sf–(g₂)k(a)e[V→N]-te[N→V]-te[V→V]-@₁~:(u)n[V→N][N][Abs][Unpd][Sg]
qesiqun	qesug-––igh[N→V]-–qu[V→V]-@₁~:(u)n[V→N][N][Abs][Unpd][Sg]
qesiqun	qesug-––igh[N→V]-–qu[V→V]-~:(u)te[V→N][N][Abs][Unpd][Sg]
qesiqun	qesug-––iqe[N→V]-@₁~:(u)n[V→N][N][Abs][Unpd][Sg]
qesiqun	qesug-––iqe[N→V]-te[V→V]-@₁~:(u)n[V→N][N][Abs][Unpd][Sg]
qesiqun	qesug-––iqe[N→V]-~:(u)te[V→N][N][Abs][Unpd][Sg]
qesiqun	qesug-––iqe[V→V]-@₁~:(u)n[V→N][N][Abs][Unpd][Sg]
qesiqun	qesug-––iqe[V→V]-te[V→V]-@₁~:(u)n[V→N][N][Abs][Unpd][Sg]
qesiqun	qesug-––iqe[V→V]-~:(u)te[V→N][N][Abs][Unpd][Sg]
qesiqun	qesigh-––iqe[V→V]-@₁~:(u)n[V→N][N][Abs][Unpd][Sg]
qesiqun	qesigh-––iqe[V→V]-te[V→V]-@₁~:(u)n[V→N][N][Abs][Unpd][Sg]
qesiqun	qesigh-––iqe[V→V]-~:(u)te[V→N][N][Abs][Unpd][Sg]
qesiqun	qesigh-@*@₂~sf–(g₂)k(a)e[V→N]-te[N→V]-@₁~:(u)n[V→N][N][Abs][Unpd][Sg]
qesiqun	qesigh-@*@₂~sf–(g₂)k(a)e[V→N]-te[N→V]-te[V→V]-@₁~:(u)n[V→N][N][Abs][Unpd][Sg]
qesiqun	qesigh-–qu[V→V]-@₁~:(u)n[V→N][N][Abs][Unpd][Sg]
qesiqun	qesigh-–qu[V→V]-~:(u)te[V→N][N][Abs][Unpd][Sg]
qesiqun	qesiqun

tuusimakanga	tum-–ghte[N→V]-@₁~:(u)te[V→V]-@₁~:(i/u)ma[V→V]-~–(g₁)kaq[V→N]-–nge[N→V][V][Intr][Intrg][3Sg]
tuusimakanga	tum-–ghte[N→V]-@₁~:(u)te[V→V]-@₁~:(i/u)ma[V→V]-~sf–(g₃)kaq[V→N]-–nge[N→V][V][Intr][Intrg][3Sg]
tuusimakanga	tum-–ghte[N→V]-@₁~:(u)te[V→V]-@₁~:(i/u)ma[V→V]-@₂~fkaq[V→N]-–nge[N→V][V][Intr][Intrg][3Sg]
tuusimakanga	tum-–ghte[N→V]-@₁~:(u)te[V→V]-@₁~:(i/u)ma[V→V]-@*@₂~sf–(g₂)k(a)e[V→N]-–nge[N→V][V][Intr][Intrg][3Sg]
tuusimakanga	tum-–ghte[N→V]-@₁~:(u)te[V→V]-@₁~:(i/u)ma[V→V]-@*@₂~sf–(g₂)k(a)e[V→N][N][Abs][3SgPoss][SgPosd]
tuusimakanga	tum-–ghte[N→V]-@₁~:(u)te[V→V]-@₁~:(i/u)ma[V→V][V][Trns][Cond][3Sg][1Sg]
tuusimakanga	tum-–ghte[N→V]-@₁~:(u)te[V→V]-@₁~:(i/u)ma[V→V][V][Trns][Ptcp][3Sg][3Sg]
tuusimakanga	tum-–ghte[N→V]-te[V→V]-@₁~:(u)te[V→V]-@₁~:(i/u)ma[V→V]-~–(g₁)kaq[V→N]-–nge[N→V][V][Intr][Intrg][3Sg]
tuusimakanga	tum-–ghte[N→V]-te[V→V]-@₁~:(u)te[V→V]-@₁~:(i/u)ma[V→V]-~sf–(g₃)kaq[V→N]-–nge[N→V][V][Intr][Intrg][3Sg]
tuusimakanga	tum-–ghte[N→V]-te[V→V]-@₁~:(u)te[V→V]-@₁~:(i/u)ma[V→V]-@₂~fkaq[V→N]-–nge[N→V][V][Intr][Intrg][3Sg]
tuusimakanga	tum-–ghte[N→V]-te[V→V]-@₁~:(u)te[V→V]-@₁~:(i/u)ma[V→V]-@*@₂~sf–(g₂)k(a)e[V→N]-–nge[N→V][V][Intr][Intrg][3Sg]
tuusimakanga	tum-–ghte[N→V]-te[V→V]-@₁~:(u)te[V→V]-@₁~:(i/u)ma[V→V]-@*@₂~sf–(g₂)k(a)e[V→N][N][Abs][3SgPoss][SgPosd]
tuusimakanga	tum-–ghte[N→V]-te[V→V]-@₁~:(u)te[V→V]-@₁~:(i/u)ma[V→V][V][Trns][Cond][3Sg][1Sg]
tuusimakanga	tum-–ghte[N→V]-te[V→V]-@₁~:(u)te[V→V]-@₁~:(i/u)ma[V→V][V][Trns][Ptcp][3Sg][3Sg]
tuusimakanga	tugg-–ghte[N→V]-@₁~:(u)te[V→V]-@₁~:(i/u)ma[V→V]-~–(g₁)kaq[V→N]-–nge[N→V][V][Intr][Intrg][3Sg]
tuusimakanga	tugg-–ghte[N→V]-@₁~:(u)te[V→V]-@₁~:(i/u)ma[V→V]-~sf–(g₃)kaq[V→N]-–nge[N→V][V][Intr][Intrg][3Sg]
tuusimakanga	tugg-–ghte[N→V]-@₁~:(u)te[V→V]-@₁~:(i/u)ma[V→V]-@₂~fkaq[V→N]-–nge[N→V][V][Intr][Intrg][3Sg]
tuusimakanga	tugg-–ghte[N→V]-@₁~:(u)te[V→V]-@₁~:(i/u)ma[V→V]-@*@₂~sf–(g₂)k(a)e[V→N]-–nge[N→V][V][Intr][Intrg][3Sg]
tuusimakanga	tugg-–ghte[N→V]-@₁~:(u)te[V→V]-@₁~:(i/u)ma[V→V]-@*@₂~sf–(g₂)k(a)e[V→N][N][Abs][3SgPoss][SgPosd]
tuusimakanga	tugg-–ghte[N→V]-@₁~:(u)te[V→V]-@₁~:(i/u)ma[V→V][V][Trns][Cond][3Sg][1Sg]
tuusimakanga	tugg-–ghte[N→V]-@₁~:(u)te[V→V]-@₁~:(i/u)ma[V→V][V][Trns][Ptcp][3Sg][3Sg]
tuusimakanga	tugg-–ghte[N→V]-te[V→V]-@₁~:(u)te[V→V]-@₁~:(i/u)ma[V→V]-~–(g₁)kaq[V→N]-–nge[N→V][V][Intr][Intrg][3Sg]
tuusimakanga	tugg-–ghte[N→V]-te[V→V]-@₁~:(u)te[V→V]-@₁~:(i/u)ma[V→V]-~sf–(g₃)kaq[V→N]-–nge[N→V][V][Intr][Intrg][3Sg]
tuusimakanga	tugg-–ghte[N→V]-te[V→V]-@₁~:(u)te[V→V]-@₁~:(i/u)ma[V→V]-@₂~fkaq[V→N]-–nge[N→V][V][Intr][Intrg][3Sg]
tuusimakanga	tugg-–ghte[N→V]-te[V→V]-@₁~:(u)te[V→V]-@₁~:(i/u)ma[V→V]-@*@₂~sf–(g₂)k(a)e[V→N]-–nge[N→V][V][Intr][Intrg][3Sg]
tuusimakanga	tugg-–ghte[N→V]-te[V→V]-@₁~:(u)te[V→V]-@₁~:(i/u)ma[V→V]-@*@₂~sf–(g₂)k(a)e[V→N][N][Abs][3SgPoss][SgPosd]
tuusimakanga	tugg-–ghte[N→V]-te[V→V]-@₁~:(u)te[V→V]-@₁~:(i/u)ma[V→V][V][Trns][Cond][3Sg][1Sg]
tuusimakanga	tugg-–ghte[N→V]-te[V→V]-@₁~:(u)te[V→V]-@₁~:(i/u)ma[V→V][V][Trns][Ptcp][3Sg][3Sg]
tuusimakanga	tuusagh-––i[N→V]-@₁~:(i/u)ma[V→V]-~–(g₁)kaq[V→N]-–nge[N→V][V][Intr][Intrg][3Sg]
tuusimakanga	tuusagh-––i[N→V]-@₁~:(i/u)ma[V→V]-~sf–(g₃)kaq[V→N]-–nge[N→V][V][Intr][Intrg][3Sg]
tuusimakanga	tuusagh-––i[N→V]-@₁~:(i/u)ma[V→V]-@₂~fkaq[V→N]-–nge[N→V][V][Intr][Intrg][3Sg]
tuusimakanga	tuusagh-––i[N→V]-@₁~:(i/u)ma[V→V]-@*@₂~sf–(g₂)k(a)e[V→N]-–nge[N→V][V][Intr][Intrg][3Sg]
tuusimakanga	tuusagh-––i[N→V]-@₁~:(i/u)ma[V→V]-@*@₂~sf–(g₂)k(a)e[V→N][N][Abs][3SgPoss][SgPosd]
tuusimakanga	tuusagh-––i[N→V]-@₁~:(i/u)ma[V→V][V][Trns][Cond][3Sg][1Sg]
tuusimakanga	tuusagh-––i[N→V]-@₁~:(i/u)ma[V→V][V][Trns][Ptcp][3Sg][3Sg]
tuusimakanga	tuute-@₁~:(i/u)ma[V→V]-~–(g₁)kaq[V→N]-–nge[N→V][V][Intr][Intrg][3Sg]
tuusimakanga	tuute-@₁~:(i/u)ma[V→V]-~sf–(g₃)kaq[V→N]-–nge[N→V][V][Intr][Intrg][3Sg]
tuusimakanga	tuute-@₁~:(i/u)ma[V→V]-@₂~fkaq[V→N]-–nge[N→V][V][Intr][Intrg][3Sg]
tuusimakanga	tuute-@₁~:(i/u)ma[V→V]-@*@₂~sf–(g₂)k(a)e[V→N]-–nge[N→V][V][Intr][Intrg][3Sg]
tuusimakanga	tuute-@₁~:(i/u)ma[V→V]-@*@₂~sf–(g₂)k(a)e[V→N][N][Abs][3SgPoss][SgPosd]
tuusimakanga	tuute-@₁~:(i/u)ma[V→V][V][Trns][Cond][3Sg][1Sg]
tuusimakanga	tuute-@₁~:(i/u)ma[V→V][V][Trns][Ptcp][3Sg][3Sg]

yughqutaq	yughqutagh[N][Abs][Unpd][Sg]

pinaaqa	pi-@₁~:(u)te[V→V]-@₁~fna[V→V]-~(g₁)aqe[V→V][V][Intr][Intrg][3Sg]
pinaaqa	pi-@₁~:(u)te[V→V]-@₁~fna[V→V][V][Trns][Ind][1Sg][3Sg]
pinaaqa	pi-@₁~:(u)te[V→V]-@₁~fna[V→V]-ugh[V→V]-@*@₂~sf–(g₂)k(a)e[V→N][N][Abs][Unpd][Sg]
pinaaqa	pi-@₁~:(u)te[V→V]-@₁~fna[V→V]-aq[V→N]-~–ke[N→V][V][Intr][Intrg][3Sg]
pinaaqa	pi-@₁~:(u)te[V→V]-@₁~fna[V→V]-aq[V→N]-~–ke[N→N][N][Abs][Unpd][Sg]
pinaaqa	pi-@₁~:(u)te[V→V]-@₁~fna[V→V]-aq[V→N][N][Abs][1SgPoss][SgPosd]
pinaaqa	pi-@₁~:(u)te[V→V]-@₁~fna[V→V]-aq[V→N][N][Abs][3SgPoss][SgPosd]
pinaaqa	pi-@₁~:(u)te[V→V]-@₁~fnaagh[V→V]-@*@₂~sf–(g₂)k(a)e[V→N][N][Abs][Unpd][Sg]
pinaaqa	pi-@₁~:(u)n[V→N]-~:(ng₁)u[N→V]-~(g₁)aqe[V→V][V][Intr][Intrg][3Sg]
pinaaqa	pi-@₁~:(u)n[V→N]-~:(ng₁)u[N→V][V][Trns][Ind][1Sg][3Sg]
pinaaqa	pi-@₁~:(u)n[V→N]-~:(ng₁)u[N→V]-aq[V→N]-~–ke[N→V][V][Intr][Intrg][3Sg]
pinaaqa	pi-@₁~:(u)n[V→N]-~:(ng₁)u[N→V]-aq[V→N]-~–ke[N→N][N][Abs][Unpd][Sg]
pinaaqa	pi-@₁~:(u)n[V→N]-~:(ng₁)u[N→V]-aq[V→N][N][Abs][1SgPoss][SgPosd]
pinaaqa	pi-@₁~:(u)n[V→N]-~:(ng₁)u[N→V]-aq[V→N][N][Abs][3SgPoss][SgPosd]
pinaaqa	pi-@₁~fna[V→V]-~(g₁)aqe[V→V][V][Intr][Intrg][3Sg]
pinaaqa	pi-@₁~fna[V→V][V][Trns][Ind][1Sg][3Sg]
pinaaqa	pi-@₁~fna[V→V]-ugh[V→V]-@*@₂~sf–(g₂)k(a)e[V→N][N][Abs][Unpd][Sg]
pinaaqa	pi-@₁~fna[V→V]-aq[V→N]-~–ke[N→V][V][Intr][Intrg][3Sg]
pinaaqa	pi-@₁~fna[V→V]-aq[V→N]-~–ke[N→N][N][Abs][Unpd][Sg]
pinaaqa	pi-@₁~fna[V→V]-aq[V→N][N][Abs][1SgPoss][SgPosd]
pinaaqa	pi-@₁~fna[V→V]-aq[V→N][N][Abs][3SgPoss][SgPosd]
pinaaqa	pi-@₁~fnaagh[V→V]-@*@₂~sf–(g₂)k(a)e[V→N][N][Abs][Unpd][Sg]
pinaaqa	pi-~:(u)te[V→V]-@₁~fna[V→V]-~(g₁)aqe[V→V][V][Intr][Intrg][3Sg]
pinaaqa	pi-~:(u)te[V→V]-@₁~fna[V→V][V][Trns][Ind][1Sg][3Sg]
pinaaqa	pi-~:(u)te[V→V]-@₁~fna[V→V]-ugh[V→V]-@*@₂~sf–(g₂)k(a)e[V→N][N][Abs][Unpd][Sg]
pinaaqa	pi-~:(u)te[V→V]-@₁~fna[V→V]-aq[V→N]-~–ke[N→V][V][Intr][Intrg][3Sg]
pinaaqa	pi-~:(u)te[V→V]-@₁~fna[V→V]-aq[V→N]-~–ke[N→N][N][Abs][Unpd][Sg]
pinaaqa	pi-~:(u)te[V→V]-@₁~fna[V→V]-aq[V→N][N][Abs][1SgPoss][SgPosd]
pinaaqa	pi-~:(u)te[V→V]-@₁~fna[V→V]-aq[V→N][N][Abs][3SgPoss][SgPosd]
pinaaqa	pi-~:(u)te[V→V]-@₁~fnaagh[V→V]-@*@₂~sf–(g₂)k(a)e[V→N][N][Abs][Unpd][Sg]
pinaaqa	pinaaqa[N][Abs][Unpd][Sg]

------------------------
Taana taghnughhaq anglimalghii atghaasaqenni.

taana	taane[V][Intr][Intrg][3Sg]
taana	taana

taghnughhaq	taghnughhagh*[N][Abs][Unpd][Sg]

anglimalghii	anglagh-––i[N→V]-@₁~:(i/u)ma[V→V]-@₁–lghii[V→N][N][Abs][Unpd][Sg]
anglimalghii	anglagh-––i[N→V]-@₁~:(i/u)magh[V→V]-@₁–lghii[V→N][N][Abs][Unpd][Sg]
anglimalghii	angli-@₁~:(i/u)ma[V→V]-@₁–lghii[V→N][N][Abs][Unpd][Sg]
anglimalghii	angli-@₁~:(i/u)magh[V→V]-@₁–lghii[V→N][N][Abs][Unpd][Sg]

------------------------
Taagken kiyaghneghmun mayuumalghii.

taagken	taagken

kiyaghneghmun	kiyaghnegh-~fmete[N→V]-@₁~:(u)n[V→N][N][Abs][Unpd][Sg]
kiyaghneghmun	kiyaghnegh-~fmete[N→V]-te[V→V]-@₁~:(u)n[V→N][N][Abs][Unpd][Sg]
kiyaghneghmun	kiyaghnegh[N][Ter][Unpd][Sg]

mayuumalghii	mayugh-@₁~:(i/u)ma[V→V]-@₁–lghii[V→N][N][Abs][Unpd][Sg]
mayuumalghii	mayugh-@₁~:(i/u)magh[V→V]-@₁–lghii[V→N][N][Abs][Unpd][Sg]
mayuumalghii	mayugh-~:(ng₁)u[V→V]-@₁~:(i/u)ma[V→V]-@₁–lghii[V→N][N][Abs][Unpd][Sg]
mayuumalghii	mayugh-~:(ng₁)u[V→V]-@₁~:(i/u)magh[V→V]-@₁–lghii[V→N][N][Abs][Unpd][Sg]

------------------------
kiyaghneghem	kiyaghnegh[N][Rel][Unpd][Sg]

pimakanga	pi-@₁~:(i/u)ma[V→V]-~–(g₁)kaq[V→N]-–nge[N→V][V][Intr][Intrg][3Sg]
pimakanga	pi-@₁~:(i/u)ma[V→V]-~sf–(g₃)kaq[V→N]-–nge[N→V][V][Intr][Intrg][3Sg]
pimakanga	pi-@₁~:(i/u)ma[V→V]-@₂~fkaq[V→N]-–nge[N→V][V][Intr][Intrg][3Sg]
pimakanga	pi-@₁~:(i/u)ma[V→V]-@*@₂~sf–(g₂)k(a)e[V→N]-–nge[N→V][V][Intr][Intrg][3Sg]
pimakanga	pi-@₁~:(i/u)ma[V→V]-@*@₂~sf–(g₂)k(a)e[V→N][N][Abs][3SgPoss][SgPosd]
pimakanga	pi-@₁~:(i/u)ma[V→V][V][Trns][Cond][3Sg][1Sg]
pimakanga	pi-@₁~:(i/u)ma[V→V][V][Trns][Ptcp][3Sg][3Sg]

nuliini	ne-te[N→V]-@₁~:(u)n[V→N]-–li[N→V]-@₁~:(u)te[V→V]-@₁~:(u)n[V→N][N][Abs][4SgPoss][SgPosd]
nuliini	ne-te[N→V]-@₁~:(u)n[V→N]-–li[N→V]-@₁~:(u)te[V→V]-@₁~:(u)n[V→N][N][Abs][4SgPoss][PlPosd]
nuliini	ne-te[N→V]-@₁~:(u)n[V→N]-–li[N→V]-@₁~:(u)te[V→V]-@₁~:(u)n[V→N][N][Abs][3SgPoss][PlPosd]
nuliini	ne-te[N→V]-@₁~:(u)n[V→N]-–li[N→V]-@₁~:(u)n[V→N]-–ghte[N→V]-@₁~:(u)n[V→N][N][Abs][4SgPoss][SgPosd]
nuliini	ne-te[N→V]-@₁~:(u)n[V→N]-–li[N→V]-@₁~:(u)n[V→N]-–ghte[N→V]-@₁~:(u)n[V→N][N][Abs][4SgPoss][PlPosd]
nuliini	ne-te[N→V]-@₁~:(u)n[V→N]-–li[N→V]-@₁~:(u)n[V→N]-–ghte[N→V]-@₁~:(u)n[V→N][N][Abs][3SgPoss][PlPosd]
nuliini	ne-te[N→V]-@₁~:(u)n[V→N]-–li[N→V]-@₁~:(u)n[V→N]-–ghte[N→V]-te[V→V]-@₁~:(u)n[V→N][N][Abs][4SgPoss][SgPosd]
nuliini	ne-te[N→V]-@₁~:(u)n[V→N]-–li[N→V]-@₁~:(u)n[V→N]-–ghte[N→V]-te[V→V]-@₁~:(u)n[V→N][N][Abs][4SgPoss][PlPosd]
nuliini	ne-te[N→V]-@₁~:(u)n[V→N]-–li[N→V]-@₁~:(u)n[V→N]-–ghte[N→V]-te[V→V]-@₁~:(u)n[V→N][N][Abs][3SgPoss][PlPosd]
nuliini	ne-te[N→V]-@₁~:(u)n[V→N]-–li[N→V]-te[V→V]-@₁~:(u)n[V→N][N][Abs][4SgPoss][SgPosd]
nuliini	ne-te[N→V]-@₁~:(u)n[V→N]-–li[N→V]-te[V→V]-@₁~:(u)n[V→N][N][Abs][4SgPoss][PlPosd]
nuliini	ne-te[N→V]-@₁~:(u)n[V→N]-–li[N→V]-te[V→V]-@₁~:(u)n[V→N][N][Abs][3SgPoss][PlPosd]
nuliini	ne-te[N→V]-@₁~:(u)n[V→N]-–li[N→V]-~:(u)te[V→V]-@₁~:(u)n[V→N][N][Abs][4SgPoss][SgPosd]
nuliini	ne-te[N→V]-@₁~:(u)n[V→N]-–li[N→V]-~:(u)te[V→V]-@₁~:(u)n[V→N][N][Abs][4SgPoss][PlPosd]
nuliini	ne-te[N→V]-@₁~:(u)n[V→N]-–li[N→V]-~:(u)te[V→V]-@₁~:(u)n[V→N][N][Abs][3SgPoss][PlPosd]
nuliini	ne-te[N→V]-@₁~:(u)n[V→N]-–li[N→V]-~:(u)te[V→N]-te[N→V]-@₁~:(u)n[V→N][N][Abs][4SgPoss][SgPosd]
nuliini	ne-te[N→V]-@₁~:(u)n[V→N]-–li[N→V]-~:(u)te[V→N]-te[N→V]-@₁~:(u)n[V→N][N][Abs][4SgPoss][PlPosd]
nuliini	ne-te[N→V]-@₁~:(u)n[V→N]-–li[N→V]-~:(u)te[V→N]-te[N→V]-@₁~:(u)n[V→N][N][Abs][3SgPoss][PlPosd]
nuliini	ne-te[N→V]-@₁~:(u)n[V→N]-–li[N→V]-~:(u)te[V→N]-te[N→V]-te[V→V]-@₁~:(u)n[V→N][N][Abs][4SgPoss][SgPosd]
nuliini	ne-te[N→V]-@₁~:(u)n[V→N]-–li[N→V]-~:(u)te[V→N]-te[N→V]-te[V→V]-@₁~:(u)n[V→N][N][Abs][4SgPoss][PlPosd]
nuliini	ne-te[N→V]-@₁~:(u)n[V→N]-–li[N→V]-~:(u)te[V→N]-te[N→V]-te[V→V]-@₁~:(u)n[V→N][N][Abs][3SgPoss][PlPosd]
nuliini	ne-te[N→V]-@₁~:(u)n[V→N]-–li[N→V]-~i[V→V]-@₁~:(u)te[V→V]-@₁~fni[V→V][V][Intr][Opt][PRS][2Sg]
nuliini	ne-te[N→V]-@₁~:(u)n[V→N]-–li[N→V]-~i[V→V]-@₁~:(u)te[V→V]-@₁~fni[Cmpd_Vbl][V][Intr][Opt][PRS][2Sg]
nuliini	ne-te[N→V]-@₁~:(u)n[V→N]-–li[N→V]-~i[V→V]-@₁~:(u)n[V→N][N][Abs][4SgPoss][SgPosd]
nuliini	ne-te[N→V]-@₁~:(u)n[V→N]-–li[N→V]-~i[V→V]-@₁~:(u)n[V→N][N][Abs][4SgPoss][PlPosd]
nuliini	ne-te[N→V]-@₁~:(u)n[V→N]-–li[N→V]-~i[V→V]-@₁~:(u)n[V→N][N][Abs][3SgPoss][PlPosd]
nuliini	ne-te[N→V]-@₁~:(u)n[V→N]-–li[N→V]-~i[V→V]-@₁~fni[V→V][V][Intr][Opt][PRS][2Sg]
nuliini	ne-te[N→V]-@₁~:(u)n[V→N]-–li[N→V]-~i[V→V]-@₁~fni[Cmpd_Vbl][V][Intr][Opt][PRS][2Sg]
nuliini	ne-te[N→V]-@₁~:(u)n[V→N]-–li[N→V]-~i[V→V]-~:(u)te[V→V]-@₁~fni[V→V][V][Intr][Opt][PRS][2Sg]
nuliini	ne-te[N→V]-@₁~:(u)n[V→N]-–li[N→V]-~i[V→V]-~:(u)te[V→V]-@₁~fni[Cmpd_Vbl][V][Intr][Opt][PRS][2Sg]
nuliini	ne-te[N→V]-@₁~:(u)n[V→N]-–li[N→V]-–ghte[V→V]-@₁~:(u)n[V→N][N][Abs][4SgPoss][SgPosd]
nuliini	ne-te[N→V]-@₁~:(u)n[V→N]-–li[N→V]-–ghte[V→V]-@₁~:(u)n[V→N][N][Abs][4SgPoss][PlPosd]
nuliini	ne-te[N→V]-@₁~:(u)n[V→N]-–li[N→V]-–ghte[V→V]-@₁~:(u)n[V→N][N][Abs][3SgPoss][PlPosd]
nuliini	ne-te[N→V]-@₁~:(u)n[V→N]-–li[N→V]-aq[V→N][N][Abs][4SgPoss][SgPosd]
nuliini	ne-te[N→V]-@₁~:(u)n[V→N]-–li[N→V]-aq[V→N][N][Abs][4SgPoss][PlPosd]
nuliini	ne-te[N→V]-@₁~:(u)n[V→N]-–ligh[N→V]-–ghte[V→V]-@₁~:(u)n[V→N][N][Abs][4SgPoss][SgPosd]
nuliini	ne-te[N→V]-@₁~:(u)n[V→N]-–ligh[N→V]-–ghte[V→V]-@₁~:(u)n[V→N][N][Abs][4SgPoss][PlPosd]
nuliini	ne-te[N→V]-@₁~:(u)n[V→N]-–ligh[N→V]-–ghte[V→V]-@₁~:(u)n[V→N][N][Abs][3SgPoss][PlPosd]
nuliini	ne-te[N→V]-@₁~:(u)n[V→N]-–ligh[N→V]-@₁~:(u)n[V→N][N][Abs][4SgPoss][SgPosd]
nuliini	ne-te[N→V]-@₁~:(u)n[V→N]-–ligh[N→V]-@₁~:(u)n[V→N][N][Abs][4SgPoss][PlPosd]
nuliini	ne-te[N→V]-@₁~:(u)n[V→N]-–ligh[N→V]-@₁~:(u)n[V→N][N][Abs][3SgPoss][PlPosd]
nuliini	ne-te[N→V]-@₁~:(u)n[V→N]-–ligh[N→V]-te[V→V]-@₁~:(u)n[V→N][N][Abs][4SgPoss][SgPosd]
nuliini	ne-te[N→V]-@₁~:(u)n[V→N]-–ligh[N→V]-te[V→V]-@₁~:(u)n[V→N][N][Abs][4SgPoss][PlPosd]
nuliini	ne-te[N→V]-@₁~:(u)n[V→N]-–ligh[N→V]-te[V→V]-@₁~:(u)n[V→N][N][Abs][3SgPoss][PlPosd]
nuliini	ne-te[N→V]-@₁~:(u)n[V→N]-–ligh[N→V]-~:(ng₁)u[V→V]-@₁~:(u)te[V→V]-@₁~fni[V→V][V][Intr][Opt][PRS][2Sg]
nuliini	ne-te[N→V]-@₁~:(u)n[V→N]-–ligh[N→V]-~:(ng₁)u[V→V]-@₁~:(u)te[V→V]-@₁~fni[Cmpd_Vbl][V][Intr][Opt][PRS][2Sg]
nuliini	ne-te[N→V]-@₁~:(u)n[V→N]-–ligh[N→V]-~:(ng₁)u[V→V]-@₁~:(u)n[V→N][N][Abs][4SgPoss][SgPosd]
nuliini	ne-te[N→V]-@₁~:(u)n[V→N]-–ligh[N→V]-~:(ng₁)u[V→V]-@₁~:(u)n[V→N][N][Abs][4SgPoss][PlPosd]
nuliini	ne-te[N→V]-@₁~:(u)n[V→N]-–ligh[N→V]-~:(ng₁)u[V→V]-@₁~:(u)n[V→N][N][Abs][3SgPoss][PlPosd]
nuliini	ne-te[N→V]-@₁~:(u)n[V→N]-–ligh[N→V]-~:(ng₁)u[V→V]-@₁~fni[V→V][V][Intr][Opt][PRS][2Sg]
nuliini	ne-te[N→V]-@₁~:(u)n[V→N]-–ligh[N→V]-~:(ng₁)u[V→V]-@₁~fni[Cmpd_Vbl][V][Intr][Opt][PRS][2Sg]
nuliini	ne-te[N→V]-@₁~:(u)n[V→N]-–ligh[N→V]-~:(ng₁)u[V→V]-~:(u)te[V→V]-@₁~fni[V→V][V][Intr][Opt][PRS][2Sg]
nuliini	ne-te[N→V]-@₁~:(u)n[V→N]-–ligh[N→V]-~:(ng₁)u[V→V]-~:(u)te[V→V]-@₁~fni[Cmpd_Vbl][V][Intr][Opt][PRS][2Sg]
nuliini	nulugh-––i[N→V]-@₁~:(u)te[V→V]-@₁~:(u)n[V→N][N][Abs][4SgPoss][SgPosd]
nuliini	nulugh-––i[N→V]-@₁~:(u)te[V→V]-@₁~:(u)n[V→N][N][Abs][4SgPoss][PlPosd]
nuliini	nulugh-––i[N→V]-@₁~:(u)te[V→V]-@₁~:(u)n[V→N][N][Abs][3SgPoss][PlPosd]
nuliini	nulugh-––i[N→V]-@₁~:(u)n[V→N]-–ghte[N→V]-@₁~:(u)n[V→N][N][Abs][4SgPoss][SgPosd]
nuliini	nulugh-––i[N→V]-@₁~:(u)n[V→N]-–ghte[N→V]-@₁~:(u)n[V→N][N][Abs][4SgPoss][PlPosd]
nuliini	nulugh-––i[N→V]-@₁~:(u)n[V→N]-–ghte[N→V]-@₁~:(u)n[V→N][N][Abs][3SgPoss][PlPosd]
nuliini	nulugh-––i[N→V]-@₁~:(u)n[V→N]-–ghte[N→V]-te[V→V]-@₁~:(u)n[V→N][N][Abs][4SgPoss][SgPosd]
nuliini	nulugh-––i[N→V]-@₁~:(u)n[V→N]-–ghte[N→V]-te[V→V]-@₁~:(u)n[V→N][N][Abs][4SgPoss][PlPosd]
nuliini	nulugh-––i[N→V]-@₁~:(u)n[V→N]-–ghte[N→V]-te[V→V]-@₁~:(u)n[V→N][N][Abs][3SgPoss][PlPosd]
nuliini	nulugh-––i[N→V]-te[V→V]-@₁~:(u)n[V→N][N][Abs][4SgPoss][SgPosd]
nuliini	nulugh-––i[N→V]-te[V→V]-@₁~:(u)n[V→N][N][Abs][4SgPoss][PlPosd]
nuliini	nulugh-––i[N→V]-te[V→V]-@₁~:(u)n[V→N][N][Abs][3SgPoss][PlPosd]
nuliini	nulugh-––i[N→V]-~:(u)te[V→V]-@₁~:(u)n[V→N][N][Abs][4SgPoss][SgPosd]
nuliini	nulugh-––i[N→V]-~:(u)te[V→V]-@₁~:(u)n[V→N][N][Abs][4SgPoss][PlPosd]
nuliini	nulugh-––i[N→V]-~:(u)te[V→V]-@₁~:(u)n[V→N][N][Abs][3SgPoss][PlPosd]
nuliini	nulugh-––i[N→V]-~:(u)te[V→N]-te[N→V]-@₁~:(u)n[V→N][N][Abs][4SgPoss][SgPosd]
nuliini	nulugh-––i[N→V]-~:(u)te[V→N]-te[N→V]-@₁~:(u)n[V→N][N][Abs][4SgPoss][PlPosd]
nuliini	nulugh-––i[N→V]-~:(u)te[V→N]-te[N→V]-@₁~:(u)n[V→N][N][Abs][3SgPoss][PlPosd]
nuliini	nulugh-––i[N→V]-~:(u)te[V→N]-te[N→V]-te[V→V]-@₁~:(u)n[V→N][N][Abs][4SgPoss][SgPosd]
nuliini	nulugh-––i[N→V]-~:(u)te[V→N]-te[N→V]-te[V→V]-@₁~:(u)n[V→N][N][Abs][4SgPoss][PlPosd]
nuliini	nulugh-––i[N→V]-~:(u)te[V→N]-te[N→V]-te[V→V]-@₁~:(u)n[V→N][N][Abs][3SgPoss][PlPosd]
nuliini	nulugh-––i[N→V]-–ghte[V→V]-@₁~:(u)n[V→N][N][Abs][4SgPoss][SgPosd]
nuliini	nulugh-––i[N→V]-–ghte[V→V]-@₁~:(u)n[V→N][N][Abs][4SgPoss][PlPosd]
nuliini	nulugh-––i[N→V]-–ghte[V→V]-@₁~:(u)n[V→N][N][Abs][3SgPoss][PlPosd]
nuliini	nulugh-––i[N→V]-aq[V→N][N][Abs][4SgPoss][SgPosd]
nuliini	nulugh-––i[N→V]-aq[V→N][N][Abs][4SgPoss][PlPosd]
nuliini	nulugh-––igh[N→V]-–ghte[V→V]-@₁~:(u)n[V→N][N][Abs][4SgPoss][SgPosd]
nuliini	nulugh-––igh[N→V]-–ghte[V→V]-@₁~:(u)n[V→N][N][Abs][4SgPoss][PlPosd]
nuliini	nulugh-––igh[N→V]-–ghte[V→V]-@₁~:(u)n[V→N][N][Abs][3SgPoss][PlPosd]
nuliini	nulugh-––ii[N→V]-@₁~:(u)te[V→V]-@₁~fni[V→V][V][Intr][Opt][PRS][2Sg]
nuliini	nulugh-––ii[N→V]-@₁~:(u)te[V→V]-@₁~fni[Cmpd_Vbl][V][Intr][Opt][PRS][2Sg]
nuliini	nulugh-––ii[N→V]-@₁~:(u)n[V→N][N][Abs][4SgPoss][SgPosd]
nuliini	nulugh-––ii[N→V]-@₁~:(u)n[V→N][N][Abs][4SgPoss][PlPosd]
nuliini	nulugh-––ii[N→V]-@₁~:(u)n[V→N][N][Abs][3SgPoss][PlPosd]
nuliini	nulugh-––ii[N→V]-@₁~fni[V→V][V][Intr][Opt][PRS][2Sg]
nuliini	nulugh-––ii[N→V]-@₁~fni[Cmpd_Vbl][V][Intr][Opt][PRS][2Sg]
nuliini	nulugh-––ii[N→V]-~:(u)te[V→V]-@₁~fni[V→V][V][Intr][Opt][PRS][2Sg]
nuliini	nulugh-––ii[N→V]-~:(u)te[V→V]-@₁~fni[Cmpd_Vbl][V][Intr][Opt][PRS][2Sg]
nuliini	nulugh-––igh[N→V]-@₁~:(u)n[V→N][N][Abs][4SgPoss][SgPosd]
nuliini	nulugh-––igh[N→V]-@₁~:(u)n[V→N][N][Abs][4SgPoss][PlPosd]
nuliini	nulugh-––igh[N→V]-@₁~:(u)n[V→N][N][Abs][3SgPoss][PlPosd]
nuliini	nulugh-––igh[N→V]-te[V→V]-@₁~:(u)n[V→N][N][Abs][4SgPoss][SgPosd]
nuliini	nulugh-––igh[N→V]-te[V→V]-@₁~:(u)n[V→N][N][Abs][4SgPoss][PlPosd]
nuliini	nulugh-––igh[N→V]-te[V→V]-@₁~:(u)n[V→N][N][Abs][3SgPoss][PlPosd]
nuliini	nulugh-––igh[N→V]-~:(ng₁)u[V→V]-@₁~:(u)te[V→V]-@₁~fni[V→V][V][Intr][Opt][PRS][2Sg]
nuliini	nulugh-––igh[N→V]-~:(ng₁)u[V→V]-@₁~:(u)te[V→V]-@₁~fni[Cmpd_Vbl][V][Intr][Opt][PRS][2Sg]
nuliini	nulugh-––igh[N→V]-~:(ng₁)u[V→V]-@₁~:(u)n[V→N][N][Abs][4SgPoss][SgPosd]
nuliini	nulugh-––igh[N→V]-~:(ng₁)u[V→V]-@₁~:(u)n[V→N][N][Abs][4SgPoss][PlPosd]
nuliini	nulugh-––igh[N→V]-~:(ng₁)u[V→V]-@₁~:(u)n[V→N][N][Abs][3SgPoss][PlPosd]
nuliini	nulugh-––igh[N→V]-~:(ng₁)u[V→V]-@₁~fni[V→V][V][Intr][Opt][PRS][2Sg]
nuliini	nulugh-––igh[N→V]-~:(ng₁)u[V→V]-@₁~fni[Cmpd_Vbl][V][Intr][Opt][PRS][2Sg]
nuliini	nulugh-––igh[N→V]-~:(ng₁)u[V→V]-~:(u)te[V→V]-@₁~fni[V→V][V][Intr][Opt][PRS][2Sg]
nuliini	nulugh-––igh[N→V]-~:(ng₁)u[V→V]-~:(u)te[V→V]-@₁~fni[Cmpd_Vbl][V][Intr][Opt][PRS][2Sg]
nuliini	nulighh-––i[N→V]-@₁~:(u)te[V→V]-@₁~:(u)n[V→N][N][Abs][4SgPoss][SgPosd]
nuliini	nulighh-––i[N→V]-@₁~:(u)te[V→V]-@₁~:(u)n[V→N][N][Abs][4SgPoss][PlPosd]
nuliini	nulighh-––i[N→V]-@₁~:(u)te[V→V]-@₁~:(u)n[V→N][N][Abs][3SgPoss][PlPosd]
nuliini	nulighh-––i[N→V]-@₁~:(u)n[V→N]-–ghte[N→V]-@₁~:(u)n[V→N][N][Abs][4SgPoss][SgPosd]
nuliini	nulighh-––i[N→V]-@₁~:(u)n[V→N]-–ghte[N→V]-@₁~:(u)n[V→N][N][Abs][4SgPoss][PlPosd]
nuliini	nulighh-––i[N→V]-@₁~:(u)n[V→N]-–ghte[N→V]-@₁~:(u)n[V→N][N][Abs][3SgPoss][PlPosd]
nuliini	nulighh-––i[N→V]-@₁~:(u)n[V→N]-–ghte[N→V]-te[V→V]-@₁~:(u)n[V→N][N][Abs][4SgPoss][SgPosd]
nuliini	nulighh-––i[N→V]-@₁~:(u)n[V→N]-–ghte[N→V]-te[V→V]-@₁~:(u)n[V→N][N][Abs][4SgPoss][PlPosd]
nuliini	nulighh-––i[N→V]-@₁~:(u)n[V→N]-–ghte[N→V]-te[V→V]-@₁~:(u)n[V→N][N][Abs][3SgPoss][PlPosd]
nuliini	nulighh-––i[N→V]-te[V→V]-@₁~:(u)n[V→N][N][Abs][4SgPoss][SgPosd]
nuliini	nulighh-––i[N→V]-te[V→V]-@₁~:(u)n[V→N][N][Abs][4SgPoss][PlPosd]
nuliini	nulighh-––i[N→V]-te[V→V]-@₁~:(u)n[V→N][N][Abs][3SgPoss][PlPosd]
nuliini	nulighh-––i[N→V]-~:(u)te[V→V]-@₁~:(u)n[V→N][N][Abs][4SgPoss][SgPosd]
nuliini	nulighh-––i[N→V]-~:(u)te[V→V]-@₁~:(u)n[V→N][N][Abs][4SgPoss][PlPosd]
nuliini	nulighh-––i[N→V]-~:(u)te[V→V]-@₁~:(u)n[V→N][N][Abs][3SgPoss][PlPosd]
nuliini	nulighh-––i[N→V]-~:(u)te[V→N]-te[N→V]-@₁~:(u)n[V→N][N][Abs][4SgPoss][SgPosd]
nuliini	nulighh-––i[N→V]-~:(u)te[V→N]-te[N→V]-@₁~:(u)n[V→N][N][Abs][4SgPoss][PlPosd]
nuliini	nulighh-––i[N→V]-~:(u)te[V→N]-te[N→V]-@₁~:(u)n[V→N][N][Abs][3SgPoss][PlPosd]
nuliini	nulighh-––i[N→V]-~:(u)te[V→N]-te[N→V]-te[V→V]-@₁~:(u)n[V→N][N][Abs][4SgPoss][SgPosd]
nuliini	nulighh-––i[N→V]-~:(u)te[V→N]-te[N→V]-te[V→V]-@₁~:(u)n[V→N][N][Abs][4SgPoss][PlPosd]
nuliini	nulighh-––i[N→V]-~:(u)te[V→N]-te[N→V]-te[V→V]-@₁~:(u)n[V→N][N][Abs][3SgPoss][PlPosd]
nuliini	nulighh-––i[N→V]-–ghte[V→V]-@₁~:(u)n[V→N][N][Abs][4SgPoss][SgPosd]
nuliini	nulighh-––i[N→V]-–ghte[V→V]-@₁~:(u)n[V→N][N][Abs][4SgPoss][PlPosd]
nuliini	nulighh-––i[N→V]-–ghte[V→V]-@₁~:(u)n[V→N][N][Abs][3SgPoss][PlPosd]
nuliini	nulighh-––i[N→V]-aq[V→N][N][Abs][4SgPoss][SgPosd]
nuliini	nulighh-––i[N→V]-aq[V→N][N][Abs][4SgPoss][PlPosd]
nuliini	nulighh-––igh[N→V]-–ghte[V→V]-@₁~:(u)n[V→N][N][Abs][4SgPoss][SgPosd]
nuliini	nulighh-––igh[N→V]-–ghte[V→V]-@₁~:(u)n[V→N][N][Abs][4SgPoss][PlPosd]
nuliini	nulighh-––igh[N→V]-–ghte[V→V]-@₁~:(u)n[V→N][N][Abs][3SgPoss][PlPosd]
nuliini	nulighh-––ii[N→V]-@₁~:(u)te[V→V]-@₁~fni[V→V][V][Intr][Opt][PRS][2Sg]
nuliini	nulighh-––ii[N→V]-@₁~:(u)te[V→V]-@₁~fni[Cmpd_Vbl][V][Intr][Opt][PRS][2Sg]
nuliini	nulighh-––ii[N→V]-@₁~:(u)n[V→N][N][Abs][4SgPoss][SgPosd]
nuliini	nulighh-––ii[N→V]-@₁~:(u)n[V→N][N][Abs][4SgPoss][PlPosd]
nuliini	nulighh-––ii[N→V]-@₁~:(u)n[V→N][N][Abs][3SgPoss][PlPosd]
nuliini	nulighh-––ii[N→V]-@₁~fni[V→V][V][Intr][Opt][PRS][2Sg]
nuliini	nulighh-––ii[N→V]-@₁~fni[Cmpd_Vbl][V][Intr][Opt][PRS][2Sg]
nuliini	nulighh-––ii[N→V]-~:(u)te[V→V]-@₁~fni[V→V][V][Intr][Opt][PRS][2Sg]
nuliini	nulighh-––ii[N→V]-~:(u)te[V→V]-@₁~fni[Cmpd_Vbl][V][Intr][Opt][PRS][2Sg]
nuliini	nulighh-––igh[N→V]-@₁~:(u)n[V→N][N][Abs][4SgPoss][SgPosd]
nuliini	nulighh-––igh[N→V]-@₁~:(u)n[V→N][N][Abs][4SgPoss][PlPosd]
nuliini	nulighh-––igh[N→V]-@₁~:(u)n[V→N][N][Abs][3SgPoss][PlPosd]
nuliini	nulighh-––igh[N→V]-te[V→V]-@₁~:(u)n[V→N][N][Abs][4SgPoss][SgPosd]
nuliini	nulighh-––igh[N→V]-te[V→V]-@₁~:(u)n[V→N][N][Abs][4SgPoss][PlPosd]
nuliini	nulighh-––igh[N→V]-te[V→V]-@₁~:(u)n[V→N][N][Abs][3SgPoss][PlPosd]
nuliini	nulighh-––igh[N→V]-~:(ng₁)u[V→V]-@₁~:(u)te[V→V]-@₁~fni[V→V][V][Intr][Opt][PRS][2Sg]
nuliini	nulighh-––igh[N→V]-~:(ng₁)u[V→V]-@₁~:(u)te[V→V]-@₁~fni[Cmpd_Vbl][V][Intr][Opt][PRS][2Sg]
nuliini	nulighh-––igh[N→V]-~:(ng₁)u[V→V]-@₁~:(u)n[V→N][N][Abs][4SgPoss][SgPosd]
nuliini	nulighh-––igh[N→V]-~:(ng₁)u[V→V]-@₁~:(u)n[V→N][N][Abs][4SgPoss][PlPosd]
nuliini	nulighh-––igh[N→V]-~:(ng₁)u[V→V]-@₁~:(u)n[V→N][N][Abs][3SgPoss][PlPosd]
nuliini	nulighh-––igh[N→V]-~:(ng₁)u[V→V]-@₁~fni[V→V][V][Intr][Opt][PRS][2Sg]
nuliini	nulighh-––igh[N→V]-~:(ng₁)u[V→V]-@₁~fni[Cmpd_Vbl][V][Intr][Opt][PRS][2Sg]
nuliini	nulighh-––igh[N→V]-~:(ng₁)u[V→V]-~:(u)te[V→V]-@₁~fni[V→V][V][Intr][Opt][PRS][2Sg]
nuliini	nulighh-––igh[N→V]-~:(ng₁)u[V→V]-~:(u)te[V→V]-@₁~fni[Cmpd_Vbl][V][Intr][Opt][PRS][2Sg]
nuliini	nuliigh-––i[N→V]-@₁~:(u)te[V→V]-@₁~fni[V→V][V][Intr][Opt][PRS][2Sg]
nuliini	nuliigh-––i[N→V]-@₁~:(u)te[V→V]-@₁~fni[Cmpd_Vbl][V][Intr][Opt][PRS][2Sg]
nuliini	nuliigh-––i[N→V]-@₁~:(u)n[V→N][N][Abs][4SgPoss][SgPosd]
nuliini	nuliigh-––i[N→V]-@₁~:(u)n[V→N][N][Abs][4SgPoss][PlPosd]
nuliini	nuliigh-––i[N→V]-@₁~:(u)n[V→N][N][Abs][3SgPoss][PlPosd]
nuliini	nuliigh-––i[N→V]-@₁~fni[V→V][V][Intr][Opt][PRS][2Sg]
nuliini	nuliigh-––i[N→V]-@₁~fni[Cmpd_Vbl][V][Intr][Opt][PRS][2Sg]
nuliini	nuliigh-––i[N→V]-~:(u)te[V→V]-@₁~fni[V→V][V][Intr][Opt][PRS][2Sg]
nuliini	nuliigh-––i[N→V]-~:(u)te[V→V]-@₁~fni[Cmpd_Vbl][V][Intr][Opt][PRS][2Sg]
nuliini	nulighh-–ghte[N→V]-@₁~:(u)n[V→N][N][Abs][4SgPoss][SgPosd]
nuliini	nulighh-–ghte[N→V]-@₁~:(u)n[V→N][N][Abs][4SgPoss][PlPosd]
nuliini	nulighh-–ghte[N→V]-@₁~:(u)n[V→N][N][Abs][3SgPoss][PlPosd]
nuliini	nulighh-–ghte[N→V]-te[V→V]-@₁~:(u)n[V→N][N][Abs][4SgPoss][SgPosd]
nuliini	nulighh-–ghte[N→V]-te[V→V]-@₁~:(u)n[V→N][N][Abs][4SgPoss][PlPosd]
nuliini	nulighh-–ghte[N→V]-te[V→V]-@₁~:(u)n[V→N][N][Abs][3SgPoss][PlPosd]
nuliini	nuliigh[N][Abs][4SgPoss][SgPosd]
nuliini	nuliigh[N][Abs][4SgPoss][PlPosd]
nuliini	nula-aq[V→N]-––i[N→V]-@₁~:(u)te[V→V]-@₁~fni[V→V][V][Intr][Opt][PRS][2Sg]
nuliini	nula-aq[V→N]-––i[N→V]-@₁~:(u)te[V→V]-@₁~fni[Cmpd_Vbl][V][Intr][Opt][PRS][2Sg]
nuliini	nula-aq[V→N]-––i[N→V]-@₁~:(u)n[V→N][N][Abs][4SgPoss][SgPosd]
nuliini	nula-aq[V→N]-––i[N→V]-@₁~:(u)n[V→N][N][Abs][4SgPoss][PlPosd]
nuliini	nula-aq[V→N]-––i[N→V]-@₁~:(u)n[V→N][N][Abs][3SgPoss][PlPosd]
nuliini	nula-aq[V→N]-––i[N→V]-@₁~fni[V→V][V][Intr][Opt][PRS][2Sg]
nuliini	nula-aq[V→N]-––i[N→V]-@₁~fni[Cmpd_Vbl][V][Intr][Opt][PRS][2Sg]
nuliini	nula-aq[V→N]-––i[N→V]-~:(u)te[V→V]-@₁~fni[V→V][V][Intr][Opt][PRS][2Sg]
nuliini	nula-aq[V→N]-––i[N→V]-~:(u)te[V→V]-@₁~fni[Cmpd_Vbl][V][Intr][Opt][PRS][2Sg]
nuliini	nula-~i[V→V]-@₁~:(u)te[V→V]-@₁~fni[V→V][V][Intr][Opt][PRS][2Sg]
nuliini	nula-~i[V→V]-@₁~:(u)te[V→V]-@₁~fni[Cmpd_Vbl][V][Intr][Opt][PRS][2Sg]
nuliini	nula-~i[V→V]-@₁~:(u)n[V→N][N][Abs][4SgPoss][SgPosd]
nuliini	nula-~i[V→V]-@₁~:(u)n[V→N][N][Abs][4SgPoss][PlPosd]
nuliini	nula-~i[V→V]-@₁~:(u)n[V→N][N][Abs][3SgPoss][PlPosd]
nuliini	nula-~i[V→V]-@₁~fni[V→V][V][Intr][Opt][PRS][2Sg]
nuliini	nula-~i[V→V]-@₁~fni[Cmpd_Vbl][V][Intr][Opt][PRS][2Sg]
nuliini	nula-~i[V→V]-~:(u)te[V→V]-@₁~fni[V→V][V][Intr][Opt][PRS][2Sg]
nuliini	nula-~i[V→V]-~:(u)te[V→V]-@₁~fni[Cmpd_Vbl][V][Intr][Opt][PRS][2Sg]

saam	saa[N][Rel][Unpd][Sg]
saam	saam[N][Abs][Unpd][Sg]

una	ete-@₁~:(u)n[V→N][N][Abs][3SgPoss][SgPosd]
una	una
una	una[N][Abs][Unpd][Sg]

pikagu	pi[V][Trns][Cond][3Sg][3Sg]

------------------------
"Unami yughqutaam ighniigha."

unami	ete-@₁~:(u)n[V→N][N][Abs][3SgPoss][SgPosd]-mi[Encl]
unami	una[N][Abs][Unpd][Sg]-mi[Encl]
unami	una[N][Loc][Unpd][Sg]
unami	una[N][Rel][4SgPoss][PlPosd]
unami	una[N][Rel][4SgPoss][SgPosd]

ighniigha	ighnegh-––i[N→V]-ugh[V→V][V][Intr][Opt][PRS][2Sg]
ighniigha	ighni-aq[V→N]-––igh[N→V][V][Intr][Opt][PRS][2Sg]
ighniigha	ighni-ugh[V→V][V][Intr][Opt][PRS][2Sg]

------------------------
Kiyaghneghempimakanga taghnughhaq, "Aa ingavek aglaa kiighwyanun."

taghnughhaq	taghnughhagh*[N][Abs][Unpd][Sg]

aa	aa

ingavek	ingavek

aglaa	aglagh-~:(ng₁)u[V→V][V][Intr][Opt][PRS][2Sg]
aglaa	aglagh[V][Intr][Opt][PRS][2Sg]

kiighwyanun	kiighwyagh[N][Ter][Unpd][Pl]

------------------------
Taghnughhaq aglaghyalghiimi kiighwyaaghsimalghii.

taghnughhaq	taghnughhagh*[N][Abs][Unpd][Sg]

aglaghyalghiimi	aglagh-@₁~fyagh[V→V]-@₁–lghii[V→N][N][Abs][Unpd][Sg]-mi[Encl]
aglaghyalghiimi	aglagh-@₁~fyagh[V→V]-@₁–lghii[V→N][N][Loc][Unpd][Sg]
aglaghyalghiimi	aglagh-@₁~fyagh[V→V]-@₁–lghii[V→N][N][Rel][4SgPoss][PlPosd]
aglaghyalghiimi	aglagh-@₁~fyagh[V→V]-@₁–lghii[V→N][N][Rel][4SgPoss][SgPosd]
aglaghyalghiimi	aglagh[V][Intr][Ptcp_Obl][4Sg]

kiighwyaaghsimalghii	kiighwyagh-–ghte[N→V]-@₁~:(u)n[V→N]-–ghte[N→V]-@₁~:(i/u)ma[V→V]-@₁–lghii[V→N][N][Abs][Unpd][Sg]
kiighwyaaghsimalghii	kiighwyagh-–ghte[N→V]-@₁~:(u)n[V→N]-–ghte[N→V]-@₁~:(i/u)magh[V→V]-@₁–lghii[V→N][N][Abs][Unpd][Sg]
kiighwyaaghsimalghii	kiighwyagh-–ghte[N→V]-te[V→V]-@₁~:(u)n[V→N]-–ghte[N→V]-@₁~:(i/u)ma[V→V]-@₁–lghii[V→N][N][Abs][Unpd][Sg]
kiighwyaaghsimalghii	kiighwyagh-–ghte[N→V]-te[V→V]-@₁~:(u)n[V→N]-–ghte[N→V]-@₁~:(i/u)magh[V→V]-@₁–lghii[V→N][N][Abs][Unpd][Sg]
kiighwyaaghsimalghii	kiighwyagh-te[N→V]-@₁~:(u)n[V→N]-–ghte[N→V]-@₁~:(i/u)ma[V→V]-@₁–lghii[V→N][N][Abs][Unpd][Sg]
kiighwyaaghsimalghii	kiighwyagh-te[N→V]-@₁~:(u)n[V→N]-–ghte[N→V]-@₁~:(i/u)magh[V→V]-@₁–lghii[V→N][N][Abs][Unpd][Sg]
kiighwyaaghsimalghii	kiighwyagh-~:(ng₁)u[N→V]-@₁~:(u)n[V→N]-–ghte[N→V]-@₁~:(i/u)ma[V→V]-@₁–lghii[V→N][N][Abs][Unpd][Sg]
kiighwyaaghsimalghii	kiighwyagh-~:(ng₁)u[N→V]-@₁~:(u)n[V→N]-–ghte[N→V]-@₁~:(i/u)magh[V→V]-@₁–lghii[V→N][N][Abs][Unpd][Sg]
kiighwyaaghsimalghii	kiighwyagh-~:(ng₁)u[N→V]-–ghte[V→V]-@₁~:(i/u)ma[V→V]-@₁–lghii[V→N][N][Abs][Unpd][Sg]
kiighwyaaghsimalghii	kiighwyagh-~:(ng₁)u[N→V]-–ghte[V→V]-@₁~:(i/u)magh[V→V]-@₁–lghii[V→N][N][Abs][Unpd][Sg]
kiighwyaaghsimalghii	kiighwyagh-~:(ng₁)ughte[N→V]-@₁~:(i/u)ma[V→V]-@₁–lghii[V→N][N][Abs][Unpd][Sg]
kiighwyaaghsimalghii	kiighwyagh-~:(ng₁)ughte[N→V]-@₁~:(i/u)magh[V→V]-@₁–lghii[V→N][N][Abs][Unpd][Sg]

------------------------


	

------------------------
Qamagtuq.

qamagtuq	qamagte[V][Intr][Ind][3Sg]

------------------------
Tefaay.

tefaay	tefaay

------------------------
