Tungtughllak Enkaam Kavengenghaghhaq

enkaam	enkaam

------------------------


	

------------------------
Iimnanguq, tungtughllak esnamun piyaamalghii.

iimnanguq	iime-@₁~f–neq[V→N]-–nge[N→V][V][Intr][Ind][3Sg]
iimnanguq	iime-@₁~neq[V→N]-–nge[N→V][V][Intr][Ind][3Sg]
iimnanguq	iime-@₁~fnaq[V→N]-–nge[N→V][V][Intr][Ind][3Sg]
iimnanguq	iime-@₁~fna[V→V]-@₁~:(u)n[V→N]-–nge[N→V][V][Intr][Ind][3Sg]
iimnanguq	iime-@₁~fna[V→V]-@*ngugh*[V→N][N][Abs][Unpd][Sg]
iimnanguq	iime-@₁~fna[V→V]-–ngugh*[V→N][N][Abs][Unpd][Sg]
iimnanguq	iime-@₁~fnagh[V→V]-–ngugh*[V→N][N][Abs][Unpd][Sg]
iimnanguq	iimna-–nge[N→V][V][Intr][Ind][3Sg]
iimnanguq	iimna[N][Abs][Unpd][Sg]-nguq[Encl]
iimnanguq	iimnanguq
iimnanguq	iimnangugh[N][Abs][Unpd][Sg]

tungtughllak	tungtu-–ghllag[N→N][N][Abs][Unpd][Sg]
tungtughllak	tungtu-–ghllak[N→N][N][Abs][Unpd][Sg]
tungtughllak	Tungtut-–ghllag[N→N][N][Abs][Unpd][Sg]
tungtughllak	Tungtut-–ghllak[N→N][N][Abs][Unpd][Sg]

esnamun	este-@₁~fna[V→V]-mete[V→V]-@₁~:(u)n[V→N][N][Abs][Unpd][Sg]
esnamun	esnagh[N][Ter][Unpd][Sg]

piyaamalghii	pi-@₁~:(u)te[V→V]-@₁~fyagh[V→V]-@₁~:(i/u)ma[V→V]-@₁–lghii[V→N][N][Abs][Unpd][Sg]
piyaamalghii	pi-@₁~:(u)te[V→V]-@₁~fyagh[V→V]-@₁~:(i/u)magh[V→V]-@₁–lghii[V→N][N][Abs][Unpd][Sg]
piyaamalghii	pi-@₁~:(u)te[V→V]-@₁~fyagh[V→V]-~:(ng₁)u[V→V]-@₁~:(i/u)ma[V→V]-@₁–lghii[V→N][N][Abs][Unpd][Sg]
piyaamalghii	pi-@₁~:(u)te[V→V]-@₁~fyagh[V→V]-~:(ng₁)u[V→V]-@₁~:(i/u)magh[V→V]-@₁–lghii[V→N][N][Abs][Unpd][Sg]
piyaamalghii	pi-@₁~fyagh[N→V]-@₁~:(i/u)ma[V→V]-@₁–lghii[V→N][N][Abs][Unpd][Sg]
piyaamalghii	pi-@₁~fyagh[N→V]-@₁~:(i/u)magh[V→V]-@₁–lghii[V→N][N][Abs][Unpd][Sg]
piyaamalghii	pi-@₁~fyagh[N→V]-~:(ng₁)u[V→V]-@₁~:(i/u)ma[V→V]-@₁–lghii[V→N][N][Abs][Unpd][Sg]
piyaamalghii	pi-@₁~fyagh[N→V]-~:(ng₁)u[V→V]-@₁~:(i/u)magh[V→V]-@₁–lghii[V→N][N][Abs][Unpd][Sg]
piyaamalghii	pi-@₁~fyagh[V→V]-@₁~:(i/u)ma[V→V]-@₁–lghii[V→N][N][Abs][Unpd][Sg]
piyaamalghii	pi-@₁~fyagh[V→V]-@₁~:(i/u)magh[V→V]-@₁–lghii[V→N][N][Abs][Unpd][Sg]
piyaamalghii	pi-@₁~fyagh[V→V]-~:(ng₁)u[V→V]-@₁~:(i/u)ma[V→V]-@₁–lghii[V→N][N][Abs][Unpd][Sg]
piyaamalghii	pi-@₁~fyagh[V→V]-~:(ng₁)u[V→V]-@₁~:(i/u)magh[V→V]-@₁–lghii[V→N][N][Abs][Unpd][Sg]
piyaamalghii	pi-~:(u)te[V→V]-@₁~fyagh[V→V]-@₁~:(i/u)ma[V→V]-@₁–lghii[V→N][N][Abs][Unpd][Sg]
piyaamalghii	pi-~:(u)te[V→V]-@₁~fyagh[V→V]-@₁~:(i/u)magh[V→V]-@₁–lghii[V→N][N][Abs][Unpd][Sg]
piyaamalghii	pi-~:(u)te[V→V]-@₁~fyagh[V→V]-~:(ng₁)u[V→V]-@₁~:(i/u)ma[V→V]-@₁–lghii[V→N][N][Abs][Unpd][Sg]
piyaamalghii	pi-~:(u)te[V→V]-@₁~fyagh[V→V]-~:(ng₁)u[V→V]-@₁~:(i/u)magh[V→V]-@₁–lghii[V→N][N][Abs][Unpd][Sg]
piyaamalghii	pi-~:(u)te[V→N]-@₁~fyagh[N→V]-@₁~:(i/u)ma[V→V]-@₁–lghii[V→N][N][Abs][Unpd][Sg]
piyaamalghii	pi-~:(u)te[V→N]-@₁~fyagh[N→V]-@₁~:(i/u)magh[V→V]-@₁–lghii[V→N][N][Abs][Unpd][Sg]
piyaamalghii	pi-~:(u)te[V→N]-@₁~fyagh[N→V]-~:(ng₁)u[V→V]-@₁~:(i/u)ma[V→V]-@₁–lghii[V→N][N][Abs][Unpd][Sg]
piyaamalghii	pi-~:(u)te[V→N]-@₁~fyagh[N→V]-~:(ng₁)u[V→V]-@₁~:(i/u)magh[V→V]-@₁–lghii[V→N][N][Abs][Unpd][Sg]
piyaamalghii	piyaa-@₁~:(i/u)ma[V→V]-@₁–lghii[V→N][N][Abs][Unpd][Sg]
piyaamalghii	piyaa-@₁~:(i/u)magh[V→V]-@₁–lghii[V→N][N][Abs][Unpd][Sg]

------------------------
Esghaamakanga kayengenghaghhaq.

esghaamakanga	esghagh-@₁~:(i/u)ma[V→V]-~–(g₁)kaq[V→N]-–nge[N→V][V][Intr][Intrg][3Sg]
esghaamakanga	esghagh-@₁~:(i/u)ma[V→V]-~sf–(g₃)kaq[V→N]-–nge[N→V][V][Intr][Intrg][3Sg]
esghaamakanga	esghagh-@₁~:(i/u)ma[V→V]-@₂~fkaq[V→N]-–nge[N→V][V][Intr][Intrg][3Sg]
esghaamakanga	esghagh-@₁~:(i/u)ma[V→V]-@*@₂~sf–(g₂)k(a)e[V→N]-–nge[N→V][V][Intr][Intrg][3Sg]
esghaamakanga	esghagh-@₁~:(i/u)ma[V→V]-@*@₂~sf–(g₂)k(a)e[V→N][N][Abs][3SgPoss][SgPosd]
esghaamakanga	esghagh-@₁~:(i/u)ma[V→V][V][Trns][Cond][3Sg][1Sg]
esghaamakanga	esghagh-@₁~:(i/u)ma[V→V][V][Trns][Ptcp][3Sg][3Sg]
esghaamakanga	esghagh-~:(ng₁)u[V→V]-@₁~:(i/u)ma[V→V]-~–(g₁)kaq[V→N]-–nge[N→V][V][Intr][Intrg][3Sg]
esghaamakanga	esghagh-~:(ng₁)u[V→V]-@₁~:(i/u)ma[V→V]-~sf–(g₃)kaq[V→N]-–nge[N→V][V][Intr][Intrg][3Sg]
esghaamakanga	esghagh-~:(ng₁)u[V→V]-@₁~:(i/u)ma[V→V]-@₂~fkaq[V→N]-–nge[N→V][V][Intr][Intrg][3Sg]
esghaamakanga	esghagh-~:(ng₁)u[V→V]-@₁~:(i/u)ma[V→V]-@*@₂~sf–(g₂)k(a)e[V→N]-–nge[N→V][V][Intr][Intrg][3Sg]
esghaamakanga	esghagh-~:(ng₁)u[V→V]-@₁~:(i/u)ma[V→V]-@*@₂~sf–(g₂)k(a)e[V→N][N][Abs][3SgPoss][SgPosd]
esghaamakanga	esghagh-~:(ng₁)u[V→V]-@₁~:(i/u)ma[V→V][V][Trns][Cond][3Sg][1Sg]
esghaamakanga	esghagh-~:(ng₁)u[V→V]-@₁~:(i/u)ma[V→V][V][Trns][Ptcp][3Sg][3Sg]

kayengenghaghhaq	kayengenghaghhagh[N][Abs][Unpd][Sg]

------------------------
Kayengenghaghhaamaghivamakanga, "Tungtu paagna aqsavalluq, tungtu paagna sighuneghpalluq, ighukek amestaghhaak, tallikek amestaghhaak."

tungtu	tungtu[N][Abs][Unpd][Sg]

paagna	paagna
paagna	paagna[N][Abs][Unpd][Sg]

aqsavalluq	aqsa-~fvalluq[N→N][N][Abs][Unpd][Sg]

tungtu	tungtu[N][Abs][Unpd][Sg]

paagna	paagna
paagna	paagna[N][Abs][Unpd][Sg]

sighuneghpalluq	sighunegh-palluq[N→N][N][Abs][Unpd][Sg]

ighukek	ighu-~–ke[N→N][N][Abs][Unpd][Du]
ighukek	ighu-~–ke[N→N][N][Rel][Unpd][Du]
ighukek	ighu[N][Abs][3SgPoss][DuPosd]

tallikek	tallugh-––i[N→V]-@₁~:(u)n[V→N]-~–ke[N→N][N][Abs][Unpd][Du]
tallikek	tallugh-––i[N→V]-@₁~:(u)n[V→N]-~–ke[N→N][N][Rel][Unpd][Du]
tallikek	tallugh-––i[N→V]-@*@₂~sf–(g₂)k(a)e[V→N][N][Abs][Unpd][Du]
tallikek	tallugh-––i[N→V]-@*@₂~sf–(g₂)k(a)e[V→N][N][Rel][Unpd][Du]
tallikek	tallugh-––i[N→V][V][Trns][Opt][PRS][2Sg][3Du]
tallikek	tallugh-––i[N→V][V][Trns][Intrg][2Pl][3Du]
tallikek	talligh-––i[N→V]-@₁~:(u)n[V→N]-~–ke[N→N][N][Abs][Unpd][Du]
tallikek	talligh-––i[N→V]-@₁~:(u)n[V→N]-~–ke[N→N][N][Rel][Unpd][Du]
tallikek	talligh-––i[N→V]-@*@₂~sf–(g₂)k(a)e[V→N][N][Abs][Unpd][Du]
tallikek	talligh-––i[N→V]-@*@₂~sf–(g₂)k(a)e[V→N][N][Rel][Unpd][Du]
tallikek	talligh-––i[N→V][V][Trns][Opt][PRS][2Sg][3Du]
tallikek	talligh-––i[N→V][V][Trns][Intrg][2Pl][3Du]
tallikek	talligh[N][Abs][3SgPoss][DuPosd]

------------------------


	

------------------------
Tungtughllagem pimakanga, "Kayengenghaghhaay, kayengenghaaghhaay ukapighqaaghi!

tungtughllagem	tungtu-–ghllag[N→N][N][Rel][Unpd][Sg]
tungtughllagem	Tungtut-–ghllag[N→N][N][Rel][Unpd][Sg]

pimakanga	pi-@₁~:(i/u)ma[V→V]-~–(g₁)kaq[V→N]-–nge[N→V][V][Intr][Intrg][3Sg]
pimakanga	pi-@₁~:(i/u)ma[V→V]-~sf–(g₃)kaq[V→N]-–nge[N→V][V][Intr][Intrg][3Sg]
pimakanga	pi-@₁~:(i/u)ma[V→V]-@₂~fkaq[V→N]-–nge[N→V][V][Intr][Intrg][3Sg]
pimakanga	pi-@₁~:(i/u)ma[V→V]-@*@₂~sf–(g₂)k(a)e[V→N]-–nge[N→V][V][Intr][Intrg][3Sg]
pimakanga	pi-@₁~:(i/u)ma[V→V]-@*@₂~sf–(g₂)k(a)e[V→N][N][Abs][3SgPoss][SgPosd]
pimakanga	pi-@₁~:(i/u)ma[V→V][V][Trns][Cond][3Sg][1Sg]
pimakanga	pi-@₁~:(i/u)ma[V→V][V][Trns][Ptcp][3Sg][3Sg]

ukapighqaaghi	ukapighqaagh-aq[V→N]-––i[N→V][V][Intr][Opt][PRS][2Sg]
ukapighqaaghi	ukapighqaagh-~i[V→V][V][Intr][Opt][PRS][2Sg]
ukapighqaaghi	ukapighqaagh[V][Intr][Opt][PRS][2Sg]

------------------------
Whanga nagaqunghitunga."

whanga	wha[N][Abs][3SgPoss][SgPosd]
whanga	whanga

nagaqunghitunga	nagate-@₁qugh[V→V]-@₁–nghite[V→V][V][Intr][Ind][1Sg]
nagaqunghitunga	nagate-@₁qugh[V→V]-@₁–nghite**[V→V]-~:(ng₁)u[V→V]-@₁~:(u)n[V→N]-–nge[N→V][V][Intr][Intrg][3Sg]
nagaqunghitunga	nagate-@₁qugh[V→V]-@₁–nghite**[V→V]-~:(ng₁)u[V→V]-~fnga[V→V][V][Intr][Opt][PRS][2Sg]
nagaqunghitunga	nagate-@₁qugh[V→V]-@₁–nghite**[V→V]-~:(ng₁)u[V→V][V][Trns][Opt][PRS][2Sg][1Sg]
nagaqunghitunga	nagate-@₁qugh[V→V]-@₁–nghite**[V→V][V][Intr][Ind][1Sg]
nagaqunghitunga	nagate-@₁qugh[to.V.completely]-@₁–nghite[V→V][V][Intr][Ind][1Sg]
nagaqunghitunga	nagate-@₁qugh[to.V.completely]-@₁–nghite**[V→V]-~:(ng₁)u[V→V]-@₁~:(u)n[V→N]-–nge[N→V][V][Intr][Intrg][3Sg]
nagaqunghitunga	nagate-@₁qugh[to.V.completely]-@₁–nghite**[V→V]-~:(ng₁)u[V→V]-~fnga[V→V][V][Intr][Opt][PRS][2Sg]
nagaqunghitunga	nagate-@₁qugh[to.V.completely]-@₁–nghite**[V→V]-~:(ng₁)u[V→V][V][Trns][Opt][PRS][2Sg][1Sg]
nagaqunghitunga	nagate-@₁qugh[to.V.completely]-@₁–nghite**[V→V][V][Intr][Ind][1Sg]
nagaqunghitunga	nagaqugh-@₁–nghite[V→V][V][Intr][Ind][1Sg]
nagaqunghitunga	nagaqugh-@₁–nghite**[V→V]-~:(ng₁)u[V→V]-@₁~:(u)n[V→N]-–nge[N→V][V][Intr][Intrg][3Sg]
nagaqunghitunga	nagaqugh-@₁–nghite**[V→V]-~:(ng₁)u[V→V]-~fnga[V→V][V][Intr][Opt][PRS][2Sg]
nagaqunghitunga	nagaqugh-@₁–nghite**[V→V]-~:(ng₁)u[V→V][V][Trns][Opt][PRS][2Sg][1Sg]
nagaqunghitunga	nagaqugh-@₁–nghite**[V→V][V][Intr][Ind][1Sg]

------------------------
Kayengeghaghhaq ukapighqaaghumalghii.

ukapighqaaghumalghii	ukapighqaagh-@₁~:(i/u)ma[V→V]-@₁–lghii[V→N][N][Abs][Unpd][Sg]
ukapighqaaghumalghii	ukapighqaagh-@₁~:(i/u)magh[V→V]-@₁–lghii[V→N][N][Abs][Unpd][Sg]
ukapighqaaghumalghii	ukapighqaagh-~:(ng₁)u[V→V]-@₁~:(i/u)ma[V→V]-@₁–lghii[V→N][N][Abs][Unpd][Sg]
ukapighqaaghumalghii	ukapighqaagh-~:(ng₁)u[V→V]-@₁~:(i/u)magh[V→V]-@₁–lghii[V→N][N][Abs][Unpd][Sg]

------------------------
Tungtughllagem ipugaghsimakanga sighuneghmineng enkaam eglleghsimakanga esnamun.

tungtughllagem	tungtu-–ghllag[N→N][N][Rel][Unpd][Sg]
tungtughllagem	Tungtut-–ghllag[N→N][N][Rel][Unpd][Sg]

ipugaghsimakanga	ipug-~aghte[V→V]-@₁~:(i/u)ma[V→V]-~–(g₁)kaq[V→N]-–nge[N→V][V][Intr][Intrg][3Sg]
ipugaghsimakanga	ipug-~aghte[V→V]-@₁~:(i/u)ma[V→V]-~sf–(g₃)kaq[V→N]-–nge[N→V][V][Intr][Intrg][3Sg]
ipugaghsimakanga	ipug-~aghte[V→V]-@₁~:(i/u)ma[V→V]-@₂~fkaq[V→N]-–nge[N→V][V][Intr][Intrg][3Sg]
ipugaghsimakanga	ipug-~aghte[V→V]-@₁~:(i/u)ma[V→V]-@*@₂~sf–(g₂)k(a)e[V→N]-–nge[N→V][V][Intr][Intrg][3Sg]
ipugaghsimakanga	ipug-~aghte[V→V]-@₁~:(i/u)ma[V→V]-@*@₂~sf–(g₂)k(a)e[V→N][N][Abs][3SgPoss][SgPosd]
ipugaghsimakanga	ipug-~aghte[V→V]-@₁~:(i/u)ma[V→V][V][Trns][Cond][3Sg][1Sg]
ipugaghsimakanga	ipug-~aghte[V→V]-@₁~:(i/u)ma[V→V][V][Trns][Ptcp][3Sg][3Sg]
ipugaghsimakanga	ipug-aq[V→N]-–ghte[N→V]-@₁~:(i/u)ma[V→V]-~–(g₁)kaq[V→N]-–nge[N→V][V][Intr][Intrg][3Sg]
ipugaghsimakanga	ipug-aq[V→N]-–ghte[N→V]-@₁~:(i/u)ma[V→V]-~sf–(g₃)kaq[V→N]-–nge[N→V][V][Intr][Intrg][3Sg]
ipugaghsimakanga	ipug-aq[V→N]-–ghte[N→V]-@₁~:(i/u)ma[V→V]-@₂~fkaq[V→N]-–nge[N→V][V][Intr][Intrg][3Sg]
ipugaghsimakanga	ipug-aq[V→N]-–ghte[N→V]-@₁~:(i/u)ma[V→V]-@*@₂~sf–(g₂)k(a)e[V→N]-–nge[N→V][V][Intr][Intrg][3Sg]
ipugaghsimakanga	ipug-aq[V→N]-–ghte[N→V]-@₁~:(i/u)ma[V→V]-@*@₂~sf–(g₂)k(a)e[V→N][N][Abs][3SgPoss][SgPosd]
ipugaghsimakanga	ipug-aq[V→N]-–ghte[N→V]-@₁~:(i/u)ma[V→V][V][Trns][Cond][3Sg][1Sg]
ipugaghsimakanga	ipug-aq[V→N]-–ghte[N→V]-@₁~:(i/u)ma[V→V][V][Trns][Ptcp][3Sg][3Sg]

sighuneghmineng	sighunegh[N][Abl_Mod][4SgPoss][PlPosd]
sighuneghmineng	sighunegh[N][Abl_Mod][4SgPoss][SgPosd]

enkaam	enkaam

esnamun	este-@₁~fna[V→V]-mete[V→V]-@₁~:(u)n[V→N][N][Abs][Unpd][Sg]
esnamun	esnagh[N][Ter][Unpd][Sg]

------------------------
Kayengenghaghhaq araamalghii, "Uvinka tukrugtaa, papasquqa tukrugtaa, qaanqa tukrugtaa, metengtanka tukrugtii!"

kayengenghaghhaq	kayengenghaghhagh[N][Abs][Unpd][Sg]

araamalghii	aragh-@₁~:(i/u)ma[V→V]-@₁–lghii[V→N][N][Abs][Unpd][Sg]
araamalghii	aragh-@₁~:(i/u)magh[V→V]-@₁–lghii[V→N][N][Abs][Unpd][Sg]
araamalghii	aragh-~:(ng₁)u[V→V]-@₁~:(i/u)ma[V→V]-@₁–lghii[V→N][N][Abs][Unpd][Sg]
araamalghii	aragh-~:(ng₁)u[V→V]-@₁~:(i/u)magh[V→V]-@₁–lghii[V→N][N][Abs][Unpd][Sg]

uvinka	uvineg-~–ke[N→V][V][Intr][Intrg][3Sg]
uvinka	uvineg-~–ke[N→N][N][Abs][Unpd][Sg]
uvinka	uvineg[N][Abs][1SgPoss][SgPosd]
uvinka	uvinke[V][Intr][Intrg][3Sg]

tukrugtaa	tukrug-–ghte[N→V][V][Intr][Intrg][3Sg]
tukrugtaa	tukrug-–ghte[N→V][V][Trns][Ind][3Sg][3Sg]
tukrugtaa	tukrug-–ghte[V→V][V][Intr][Intrg][3Sg]
tukrugtaa	tukrug-–ghte[V→V][V][Trns][Ind][3Sg][3Sg]
tukrugtaa	tukrug[V][Intr][Intrg][3Sg]
tukrugtaa	tukrugtagh-~:(ng₁)u[N→V][V][Intr][Opt][PRS][2Sg]
tukrugtaa	tukrugtagh[N][Abs][3SgPoss][SgPosd]
tukrugtaa	tukrug-te[N→V][V][Intr][Intrg][3Sg]
tukrugtaa	tukrug-te[N→V][V][Trns][Ind][3Sg][3Sg]
tukrugtaa	tukrug-te[V→V][V][Intr][Intrg][3Sg]
tukrugtaa	tukrug-te[V→V][V][Trns][Ind][3Sg][3Sg]
tukrugtaa	tukrug-tu[N→V][V][Intr][Intrg][3Sg]
tukrugtaa	tukrug-tu[N→V][V][Trns][Ind][3Sg][3Sg]
tukrugtaa	tukrug-tu[V→V][V][Intr][Intrg][3Sg]
tukrugtaa	tukrug-tu[V→V][V][Trns][Ind][3Sg][3Sg]
tukrugtaa	tukrug-tagh[N→V]-~:(ng₁)u[V→V][V][Intr][Opt][PRS][2Sg]
tukrugtaa	tukrug-tagh[N→V][V][Intr][Opt][PRS][2Sg]
tukrugtaa	tukrug-tagh[V→V]-~:(ng₁)u[V→V][V][Intr][Opt][PRS][2Sg]
tukrugtaa	tukrug-tagh[V→V][V][Intr][Opt][PRS][2Sg]
tukrugtaa	tukrug-tugh[N→V][V][Intr][Opt][PRS][2Sg]

papasquqa	papa-–squq[N→N]-~–ke[N→V][V][Intr][Intrg][3Sg]
papasquqa	papa-–squq[N→N]-~–ke[N→N][N][Abs][Unpd][Sg]
papasquqa	papa-–squq[N→N][N][Abs][1SgPoss][SgPosd]
papasquqa	papa-–squgh[N→N]-~–ke[N→V][V][Intr][Intrg][3Sg]
papasquqa	papa-–squgh[N→N]-~–ke[N→N][N][Abs][Unpd][Sg]
papasquqa	papa-–squgh[N→N][N][Abs][1SgPoss][SgPosd]
papasquqa	papa-–squq[N→N][N][Abs][3SgPoss][SgPosd]
papasquqa	papasqugh-~–ke[N→V][V][Intr][Intrg][3Sg]
papasquqa	papasqugh-~–ke[N→N][N][Abs][Unpd][Sg]
papasquqa	papasqugh[N][Abs][1SgPoss][SgPosd]

tukrugtaa	tukrug-–ghte[N→V][V][Intr][Intrg][3Sg]
tukrugtaa	tukrug-–ghte[N→V][V][Trns][Ind][3Sg][3Sg]
tukrugtaa	tukrug-–ghte[V→V][V][Intr][Intrg][3Sg]
tukrugtaa	tukrug-–ghte[V→V][V][Trns][Ind][3Sg][3Sg]
tukrugtaa	tukrug[V][Intr][Intrg][3Sg]
tukrugtaa	tukrugtagh-~:(ng₁)u[N→V][V][Intr][Opt][PRS][2Sg]
tukrugtaa	tukrugtagh[N][Abs][3SgPoss][SgPosd]
tukrugtaa	tukrug-te[N→V][V][Intr][Intrg][3Sg]
tukrugtaa	tukrug-te[N→V][V][Trns][Ind][3Sg][3Sg]
tukrugtaa	tukrug-te[V→V][V][Intr][Intrg][3Sg]
tukrugtaa	tukrug-te[V→V][V][Trns][Ind][3Sg][3Sg]
tukrugtaa	tukrug-tu[N→V][V][Intr][Intrg][3Sg]
tukrugtaa	tukrug-tu[N→V][V][Trns][Ind][3Sg][3Sg]
tukrugtaa	tukrug-tu[V→V][V][Intr][Intrg][3Sg]
tukrugtaa	tukrug-tu[V→V][V][Trns][Ind][3Sg][3Sg]
tukrugtaa	tukrug-tagh[N→V]-~:(ng₁)u[V→V][V][Intr][Opt][PRS][2Sg]
tukrugtaa	tukrug-tagh[N→V][V][Intr][Opt][PRS][2Sg]
tukrugtaa	tukrug-tagh[V→V]-~:(ng₁)u[V→V][V][Intr][Opt][PRS][2Sg]
tukrugtaa	tukrug-tagh[V→V][V][Intr][Opt][PRS][2Sg]
tukrugtaa	tukrug-tugh[N→V][V][Intr][Opt][PRS][2Sg]

qaanqa	qaa[N][Abs][2SgPoss][SgPosd]-qa[Encl]
qaanqa	qanegh-~–ke[N→V][V][Intr][Intrg][3Sg]
qaanqa	qanegh-~–ke[N→N][N][Abs][Unpd][Sg]
qaanqa	qanegh-@*@₂~sf–(g₂)k(a)e[V→N][N][Abs][Unpd][Sg]
qaanqa	qanegh[N][Abs][1SgPoss][SgPosd]

tukrugtaa	tukrug-–ghte[N→V][V][Intr][Intrg][3Sg]
tukrugtaa	tukrug-–ghte[N→V][V][Trns][Ind][3Sg][3Sg]
tukrugtaa	tukrug-–ghte[V→V][V][Intr][Intrg][3Sg]
tukrugtaa	tukrug-–ghte[V→V][V][Trns][Ind][3Sg][3Sg]
tukrugtaa	tukrug[V][Intr][Intrg][3Sg]
tukrugtaa	tukrugtagh-~:(ng₁)u[N→V][V][Intr][Opt][PRS][2Sg]
tukrugtaa	tukrugtagh[N][Abs][3SgPoss][SgPosd]
tukrugtaa	tukrug-te[N→V][V][Intr][Intrg][3Sg]
tukrugtaa	tukrug-te[N→V][V][Trns][Ind][3Sg][3Sg]
tukrugtaa	tukrug-te[V→V][V][Intr][Intrg][3Sg]
tukrugtaa	tukrug-te[V→V][V][Trns][Ind][3Sg][3Sg]
tukrugtaa	tukrug-tu[N→V][V][Intr][Intrg][3Sg]
tukrugtaa	tukrug-tu[N→V][V][Trns][Ind][3Sg][3Sg]
tukrugtaa	tukrug-tu[V→V][V][Intr][Intrg][3Sg]
tukrugtaa	tukrug-tu[V→V][V][Trns][Ind][3Sg][3Sg]
tukrugtaa	tukrug-tagh[N→V]-~:(ng₁)u[V→V][V][Intr][Opt][PRS][2Sg]
tukrugtaa	tukrug-tagh[N→V][V][Intr][Opt][PRS][2Sg]
tukrugtaa	tukrug-tagh[V→V]-~:(ng₁)u[V→V][V][Intr][Opt][PRS][2Sg]
tukrugtaa	tukrug-tagh[V→V][V][Intr][Opt][PRS][2Sg]
tukrugtaa	tukrug-tugh[N→V][V][Intr][Opt][PRS][2Sg]

metengtanka	metengtagh[N][Abs][1SgPoss][PlPosd]

tukrugtii	tukrug-–ghte[N→V]-~i[V→V]-~i[V→V][V][Intr][Opt][PRS][2Sg]
tukrugtii	tukrug-–ghte[N→V]-~i[V→V][V][Intr][Intrg][3Sg]
tukrugtii	tukrug-–ghte[N→V][V][Trns][Ind][3Sg][3Pl]
tukrugtii	tukrug-–ghte[V→V]-~i[V→V]-~i[V→V][V][Intr][Opt][PRS][2Sg]
tukrugtii	tukrug-–ghte[V→V]-~i[V→V][V][Intr][Intrg][3Sg]
tukrugtii	tukrug-–ghte[V→V][V][Trns][Ind][3Sg][3Pl]
tukrugtii	tukrug-(s)ta[V→N]-––i[N→V][V][Intr][Opt][PRS][2Sg]
tukrugtii	tukrugtagh-––i[N→V][V][Intr][Intrg][3Sg]
tukrugtii	tukrugtagh-––igh[N→V]-~:(ng₁)u[V→V][V][Intr][Opt][PRS][2Sg]
tukrugtii	tukrugtagh-––igh[N→V][V][Intr][Opt][PRS][2Sg]
tukrugtii	tukrugtagh[N][Abs][3SgPoss][PlPosd]
tukrugtii	tukrug-te[N→V]-~i[V→V]-~i[V→V][V][Intr][Opt][PRS][2Sg]
tukrugtii	tukrug-te[N→V]-~i[V→V][V][Intr][Intrg][3Sg]
tukrugtii	tukrug-te[N→V][V][Trns][Ind][3Sg][3Pl]
tukrugtii	tukrug-te[V→V]-~i[V→V]-~i[V→V][V][Intr][Opt][PRS][2Sg]
tukrugtii	tukrug-te[V→V]-~i[V→V][V][Intr][Intrg][3Sg]
tukrugtii	tukrug-te[V→V][V][Trns][Ind][3Sg][3Pl]
tukrugtii	tukrug-taq[N→N]-––i[N→V][V][Intr][Intrg][3Sg]
tukrugtii	tukrug-taq[N→N]-––igh[N→V]-~:(ng₁)u[V→V][V][Intr][Opt][PRS][2Sg]
tukrugtii	tukrug-taq[N→N]-––igh[N→V][V][Intr][Opt][PRS][2Sg]
tukrugtii	tukrug-tu[N→V]-aq[V→N]-––i[N→V][V][Intr][Opt][PRS][2Sg]
tukrugtii	tukrug-tu[N→V]-~i[V→V][V][Intr][Opt][PRS][2Sg]
tukrugtii	tukrug-tu[N→V][V][Trns][Ind][3Sg][3Pl]
tukrugtii	tukrug-tu[V→V]-aq[V→N]-––i[N→V][V][Intr][Opt][PRS][2Sg]
tukrugtii	tukrug-tu[V→V]-~i[V→V][V][Intr][Opt][PRS][2Sg]
tukrugtii	tukrug-tu[V→V][V][Trns][Ind][3Sg][3Pl]
tukrugtii	tukrug-ti[N→V]-aq[V→N]-––i[N→V][V][Intr][Opt][PRS][2Sg]
tukrugtii	tukrug-ti[N→V]-~i[V→V][V][Intr][Opt][PRS][2Sg]
tukrugtii	tukrug-ti[N→V][V][Intr][Intrg][3Sg]
tukrugtii	tukrug-ti[N→V][V][Trns][Ind][3Sg][3Sg]
tukrugtii	tukrug-ti[N→V][V][Trns][Ind][3Sg][3Pl]
tukrugtii	tukrug-ta[N→N]-––i[N→V][V][Intr][Opt][PRS][2Sg]

------------------------


	

------------------------
Itagnatun tungtughllagem kayengenghaghhaq meghmun ateghsimakanga.

itagnatun	itagnagh-–tu[V→V]-@₁~:(u)n[V→N][N][Abs][Unpd][Sg]
itagnatun	itagnagh-–tu[V→V]-~:(u)te[V→N][N][Abs][Unpd][Sg]
itagnatun	itagnatun
itagnatun	itagnatute[N][Abs][Unpd][Sg]

tungtughllagem	tungtu-–ghllag[N→N][N][Rel][Unpd][Sg]
tungtughllagem	Tungtut-–ghllag[N→N][N][Rel][Unpd][Sg]

kayengenghaghhaq	kayengenghaghhagh[N][Abs][Unpd][Sg]

meghmun	megh-~fmete[N→V]-@₁~:(u)n[V→N][N][Abs][Unpd][Sg]
meghmun	megh-~fmete[N→V]-te[V→V]-@₁~:(u)n[V→N][N][Abs][Unpd][Sg]
meghmun	megh[N][Ter][Unpd][Sg]
meghmun	megh-mete[V→V]-@₁~:(u)n[V→N][N][Abs][Unpd][Sg]

ateghsimakanga	ategh-–ghte[N→V]-@₁~:(i/u)ma[V→V]-~–(g₁)kaq[V→N]-–nge[N→V][V][Intr][Intrg][3Sg]
ateghsimakanga	ategh-–ghte[N→V]-@₁~:(i/u)ma[V→V]-~sf–(g₃)kaq[V→N]-–nge[N→V][V][Intr][Intrg][3Sg]
ateghsimakanga	ategh-–ghte[N→V]-@₁~:(i/u)ma[V→V]-@₂~fkaq[V→N]-–nge[N→V][V][Intr][Intrg][3Sg]
ateghsimakanga	ategh-–ghte[N→V]-@₁~:(i/u)ma[V→V]-@*@₂~sf–(g₂)k(a)e[V→N]-–nge[N→V][V][Intr][Intrg][3Sg]
ateghsimakanga	ategh-–ghte[N→V]-@₁~:(i/u)ma[V→V]-@*@₂~sf–(g₂)k(a)e[V→N][N][Abs][3SgPoss][SgPosd]
ateghsimakanga	ategh-–ghte[N→V]-@₁~:(i/u)ma[V→V][V][Trns][Cond][3Sg][1Sg]
ateghsimakanga	ategh-–ghte[N→V]-@₁~:(i/u)ma[V→V][V][Trns][Ptcp][3Sg][3Sg]
ateghsimakanga	ategh-–ghte[V→V]-@₁~:(i/u)ma[V→V]-~–(g₁)kaq[V→N]-–nge[N→V][V][Intr][Intrg][3Sg]
ateghsimakanga	ategh-–ghte[V→V]-@₁~:(i/u)ma[V→V]-~sf–(g₃)kaq[V→N]-–nge[N→V][V][Intr][Intrg][3Sg]
ateghsimakanga	ategh-–ghte[V→V]-@₁~:(i/u)ma[V→V]-@₂~fkaq[V→N]-–nge[N→V][V][Intr][Intrg][3Sg]
ateghsimakanga	ategh-–ghte[V→V]-@₁~:(i/u)ma[V→V]-@*@₂~sf–(g₂)k(a)e[V→N]-–nge[N→V][V][Intr][Intrg][3Sg]
ateghsimakanga	ategh-–ghte[V→V]-@₁~:(i/u)ma[V→V]-@*@₂~sf–(g₂)k(a)e[V→N][N][Abs][3SgPoss][SgPosd]
ateghsimakanga	ategh-–ghte[V→V]-@₁~:(i/u)ma[V→V][V][Trns][Cond][3Sg][1Sg]
ateghsimakanga	ategh-–ghte[V→V]-@₁~:(i/u)ma[V→V][V][Trns][Ptcp][3Sg][3Sg]
ateghsimakanga	ategh-te[N→V]-@₁~:(i/u)ma[V→V]-~–(g₁)kaq[V→N]-–nge[N→V][V][Intr][Intrg][3Sg]
ateghsimakanga	ategh-te[N→V]-@₁~:(i/u)ma[V→V]-~sf–(g₃)kaq[V→N]-–nge[N→V][V][Intr][Intrg][3Sg]
ateghsimakanga	ategh-te[N→V]-@₁~:(i/u)ma[V→V]-@₂~fkaq[V→N]-–nge[N→V][V][Intr][Intrg][3Sg]
ateghsimakanga	ategh-te[N→V]-@₁~:(i/u)ma[V→V]-@*@₂~sf–(g₂)k(a)e[V→N]-–nge[N→V][V][Intr][Intrg][3Sg]
ateghsimakanga	ategh-te[N→V]-@₁~:(i/u)ma[V→V]-@*@₂~sf–(g₂)k(a)e[V→N][N][Abs][3SgPoss][SgPosd]
ateghsimakanga	ategh-te[N→V]-@₁~:(i/u)ma[V→V][V][Trns][Cond][3Sg][1Sg]
ateghsimakanga	ategh-te[N→V]-@₁~:(i/u)ma[V→V][V][Trns][Ptcp][3Sg][3Sg]
ateghsimakanga	ategh-te[V→V]-@₁~:(i/u)ma[V→V]-~–(g₁)kaq[V→N]-–nge[N→V][V][Intr][Intrg][3Sg]
ateghsimakanga	ategh-te[V→V]-@₁~:(i/u)ma[V→V]-~sf–(g₃)kaq[V→N]-–nge[N→V][V][Intr][Intrg][3Sg]
ateghsimakanga	ategh-te[V→V]-@₁~:(i/u)ma[V→V]-@₂~fkaq[V→N]-–nge[N→V][V][Intr][Intrg][3Sg]
ateghsimakanga	ategh-te[V→V]-@₁~:(i/u)ma[V→V]-@*@₂~sf–(g₂)k(a)e[V→N]-–nge[N→V][V][Intr][Intrg][3Sg]
ateghsimakanga	ategh-te[V→V]-@₁~:(i/u)ma[V→V]-@*@₂~sf–(g₂)k(a)e[V→N][N][Abs][3SgPoss][SgPosd]
ateghsimakanga	ategh-te[V→V]-@₁~:(i/u)ma[V→V][V][Trns][Cond][3Sg][1Sg]
ateghsimakanga	ategh-te[V→V]-@₁~:(i/u)ma[V→V][V][Trns][Ptcp][3Sg][3Sg]
ateghsimakanga	ategh-siq[V→N]-––i[N→V]-@₁~:(i/u)ma[V→V]-~–(g₁)kaq[V→N]-–nge[N→V][V][Intr][Intrg][3Sg]
ateghsimakanga	ategh-siq[V→N]-––i[N→V]-@₁~:(i/u)ma[V→V]-~sf–(g₃)kaq[V→N]-–nge[N→V][V][Intr][Intrg][3Sg]
ateghsimakanga	ategh-siq[V→N]-––i[N→V]-@₁~:(i/u)ma[V→V]-@₂~fkaq[V→N]-–nge[N→V][V][Intr][Intrg][3Sg]
ateghsimakanga	ategh-siq[V→N]-––i[N→V]-@₁~:(i/u)ma[V→V]-@*@₂~sf–(g₂)k(a)e[V→N]-–nge[N→V][V][Intr][Intrg][3Sg]
ateghsimakanga	ategh-siq[V→N]-––i[N→V]-@₁~:(i/u)ma[V→V]-@*@₂~sf–(g₂)k(a)e[V→N][N][Abs][3SgPoss][SgPosd]
ateghsimakanga	ategh-siq[V→N]-––i[N→V]-@₁~:(i/u)ma[V→V][V][Trns][Cond][3Sg][1Sg]
ateghsimakanga	ategh-siq[V→N]-––i[N→V]-@₁~:(i/u)ma[V→V][V][Trns][Ptcp][3Sg][3Sg]
ateghsimakanga	ategh-siq[N→N]-––i[N→V]-@₁~:(i/u)ma[V→V]-~–(g₁)kaq[V→N]-–nge[N→V][V][Intr][Intrg][3Sg]
ateghsimakanga	ategh-siq[N→N]-––i[N→V]-@₁~:(i/u)ma[V→V]-~sf–(g₃)kaq[V→N]-–nge[N→V][V][Intr][Intrg][3Sg]
ateghsimakanga	ategh-siq[N→N]-––i[N→V]-@₁~:(i/u)ma[V→V]-@₂~fkaq[V→N]-–nge[N→V][V][Intr][Intrg][3Sg]
ateghsimakanga	ategh-siq[N→N]-––i[N→V]-@₁~:(i/u)ma[V→V]-@*@₂~sf–(g₂)k(a)e[V→N]-–nge[N→V][V][Intr][Intrg][3Sg]
ateghsimakanga	ategh-siq[N→N]-––i[N→V]-@₁~:(i/u)ma[V→V]-@*@₂~sf–(g₂)k(a)e[V→N][N][Abs][3SgPoss][SgPosd]
ateghsimakanga	ategh-siq[N→N]-––i[N→V]-@₁~:(i/u)ma[V→V][V][Trns][Cond][3Sg][1Sg]
ateghsimakanga	ategh-siq[N→N]-––i[N→V]-@₁~:(i/u)ma[V→V][V][Trns][Ptcp][3Sg][3Sg]
ateghsimakanga	ategh-si[N→V]-@₁~:(i/u)ma[V→V]-~–(g₁)kaq[V→N]-–nge[N→V][V][Intr][Intrg][3Sg]
ateghsimakanga	ategh-si[N→V]-@₁~:(i/u)ma[V→V]-~sf–(g₃)kaq[V→N]-–nge[N→V][V][Intr][Intrg][3Sg]
ateghsimakanga	ategh-si[N→V]-@₁~:(i/u)ma[V→V]-@₂~fkaq[V→N]-–nge[N→V][V][Intr][Intrg][3Sg]
ateghsimakanga	ategh-si[N→V]-@₁~:(i/u)ma[V→V]-@*@₂~sf–(g₂)k(a)e[V→N]-–nge[N→V][V][Intr][Intrg][3Sg]
ateghsimakanga	ategh-si[N→V]-@₁~:(i/u)ma[V→V]-@*@₂~sf–(g₂)k(a)e[V→N][N][Abs][3SgPoss][SgPosd]
ateghsimakanga	ategh-si[N→V]-@₁~:(i/u)ma[V→V][V][Trns][Cond][3Sg][1Sg]
ateghsimakanga	ategh-si[N→V]-@₁~:(i/u)ma[V→V][V][Trns][Ptcp][3Sg][3Sg]
ateghsimakanga	ateghte-@₁~:(i/u)ma[V→V]-~–(g₁)kaq[V→N]-–nge[N→V][V][Intr][Intrg][3Sg]
ateghsimakanga	ateghte-@₁~:(i/u)ma[V→V]-~sf–(g₃)kaq[V→N]-–nge[N→V][V][Intr][Intrg][3Sg]
ateghsimakanga	ateghte-@₁~:(i/u)ma[V→V]-@₂~fkaq[V→N]-–nge[N→V][V][Intr][Intrg][3Sg]
ateghsimakanga	ateghte-@₁~:(i/u)ma[V→V]-@*@₂~sf–(g₂)k(a)e[V→N]-–nge[N→V][V][Intr][Intrg][3Sg]
ateghsimakanga	ateghte-@₁~:(i/u)ma[V→V]-@*@₂~sf–(g₂)k(a)e[V→N][N][Abs][3SgPoss][SgPosd]
ateghsimakanga	ateghte-@₁~:(i/u)ma[V→V][V][Trns][Cond][3Sg][1Sg]
ateghsimakanga	ateghte-@₁~:(i/u)ma[V→V][V][Trns][Ptcp][3Sg][3Sg]
ateghsimakanga	Ategh-–ghte[N→V]-@₁~:(i/u)ma[V→V]-~–(g₁)kaq[V→N]-–nge[N→V][V][Intr][Intrg][3Sg]
ateghsimakanga	Ategh-–ghte[N→V]-@₁~:(i/u)ma[V→V]-~sf–(g₃)kaq[V→N]-–nge[N→V][V][Intr][Intrg][3Sg]
ateghsimakanga	Ategh-–ghte[N→V]-@₁~:(i/u)ma[V→V]-@₂~fkaq[V→N]-–nge[N→V][V][Intr][Intrg][3Sg]
ateghsimakanga	Ategh-–ghte[N→V]-@₁~:(i/u)ma[V→V]-@*@₂~sf–(g₂)k(a)e[V→N]-–nge[N→V][V][Intr][Intrg][3Sg]
ateghsimakanga	Ategh-–ghte[N→V]-@₁~:(i/u)ma[V→V]-@*@₂~sf–(g₂)k(a)e[V→N][N][Abs][3SgPoss][SgPosd]
ateghsimakanga	Ategh-–ghte[N→V]-@₁~:(i/u)ma[V→V][V][Trns][Cond][3Sg][1Sg]
ateghsimakanga	Ategh-–ghte[N→V]-@₁~:(i/u)ma[V→V][V][Trns][Ptcp][3Sg][3Sg]
ateghsimakanga	Ategh-te[N→V]-@₁~:(i/u)ma[V→V]-~–(g₁)kaq[V→N]-–nge[N→V][V][Intr][Intrg][3Sg]
ateghsimakanga	Ategh-te[N→V]-@₁~:(i/u)ma[V→V]-~sf–(g₃)kaq[V→N]-–nge[N→V][V][Intr][Intrg][3Sg]
ateghsimakanga	Ategh-te[N→V]-@₁~:(i/u)ma[V→V]-@₂~fkaq[V→N]-–nge[N→V][V][Intr][Intrg][3Sg]
ateghsimakanga	Ategh-te[N→V]-@₁~:(i/u)ma[V→V]-@*@₂~sf–(g₂)k(a)e[V→N]-–nge[N→V][V][Intr][Intrg][3Sg]
ateghsimakanga	Ategh-te[N→V]-@₁~:(i/u)ma[V→V]-@*@₂~sf–(g₂)k(a)e[V→N][N][Abs][3SgPoss][SgPosd]
ateghsimakanga	Ategh-te[N→V]-@₁~:(i/u)ma[V→V][V][Trns][Cond][3Sg][1Sg]
ateghsimakanga	Ategh-te[N→V]-@₁~:(i/u)ma[V→V][V][Trns][Ptcp][3Sg][3Sg]
ateghsimakanga	Ategh-siq[N→N]-––i[N→V]-@₁~:(i/u)ma[V→V]-~–(g₁)kaq[V→N]-–nge[N→V][V][Intr][Intrg][3Sg]
ateghsimakanga	Ategh-siq[N→N]-––i[N→V]-@₁~:(i/u)ma[V→V]-~sf–(g₃)kaq[V→N]-–nge[N→V][V][Intr][Intrg][3Sg]
ateghsimakanga	Ategh-siq[N→N]-––i[N→V]-@₁~:(i/u)ma[V→V]-@₂~fkaq[V→N]-–nge[N→V][V][Intr][Intrg][3Sg]
ateghsimakanga	Ategh-siq[N→N]-––i[N→V]-@₁~:(i/u)ma[V→V]-@*@₂~sf–(g₂)k(a)e[V→N]-–nge[N→V][V][Intr][Intrg][3Sg]
ateghsimakanga	Ategh-siq[N→N]-––i[N→V]-@₁~:(i/u)ma[V→V]-@*@₂~sf–(g₂)k(a)e[V→N][N][Abs][3SgPoss][SgPosd]
ateghsimakanga	Ategh-siq[N→N]-––i[N→V]-@₁~:(i/u)ma[V→V][V][Trns][Cond][3Sg][1Sg]
ateghsimakanga	Ategh-siq[N→N]-––i[N→V]-@₁~:(i/u)ma[V→V][V][Trns][Ptcp][3Sg][3Sg]
ateghsimakanga	Ategh-si[N→V]-@₁~:(i/u)ma[V→V]-~–(g₁)kaq[V→N]-–nge[N→V][V][Intr][Intrg][3Sg]
ateghsimakanga	Ategh-si[N→V]-@₁~:(i/u)ma[V→V]-~sf–(g₃)kaq[V→N]-–nge[N→V][V][Intr][Intrg][3Sg]
ateghsimakanga	Ategh-si[N→V]-@₁~:(i/u)ma[V→V]-@₂~fkaq[V→N]-–nge[N→V][V][Intr][Intrg][3Sg]
ateghsimakanga	Ategh-si[N→V]-@₁~:(i/u)ma[V→V]-@*@₂~sf–(g₂)k(a)e[V→N]-–nge[N→V][V][Intr][Intrg][3Sg]
ateghsimakanga	Ategh-si[N→V]-@₁~:(i/u)ma[V→V]-@*@₂~sf–(g₂)k(a)e[V→N][N][Abs][3SgPoss][SgPosd]
ateghsimakanga	Ategh-si[N→V]-@₁~:(i/u)ma[V→V][V][Trns][Cond][3Sg][1Sg]
ateghsimakanga	Ategh-si[N→V]-@₁~:(i/u)ma[V→V][V][Trns][Ptcp][3Sg][3Sg]

------------------------
Kayengenghaghhaam tungtughllak aghivalaataghaa, "Tungtu paagna aqsavalluq, tungtu paagna sighuneghpalluq, ighukek amestaghhaak, tallikek amestaghhaak."

tungtughllak	tungtu-–ghllag[N→N][N][Abs][Unpd][Sg]
tungtughllak	tungtu-–ghllak[N→N][N][Abs][Unpd][Sg]
tungtughllak	Tungtut-–ghllag[N→N][N][Abs][Unpd][Sg]
tungtughllak	Tungtut-–ghllak[N→N][N][Abs][Unpd][Sg]

aghivalaataghaa	aghiva-@₁~:(u)te[V→V]-@₁~laatagh[V→V][V][Trns][Ind][3Sg][3Sg]
aghivalaataghaa	aghiva-@₁~:(u)te[V→V]-@₁~flaatagh[V→V][V][Trns][Ind][3Sg][3Sg]
aghivalaataghaa	aghiva-@₁~laatagh[V→V][V][Trns][Ind][3Sg][3Sg]
aghivalaataghaa	aghiva-@₁~flaatagh[V→V][V][Trns][Ind][3Sg][3Sg]
aghivalaataghaa	aghiva-~:(u)te[V→V]-@₁~laatagh[V→V][V][Trns][Ind][3Sg][3Sg]
aghivalaataghaa	aghiva-~:(u)te[V→V]-@₁~flaatagh[V→V][V][Trns][Ind][3Sg][3Sg]

tungtu	tungtu[N][Abs][Unpd][Sg]

paagna	paagna
paagna	paagna[N][Abs][Unpd][Sg]

aqsavalluq	aqsa-~fvalluq[N→N][N][Abs][Unpd][Sg]

tungtu	tungtu[N][Abs][Unpd][Sg]

paagna	paagna
paagna	paagna[N][Abs][Unpd][Sg]

sighuneghpalluq	sighunegh-palluq[N→N][N][Abs][Unpd][Sg]

ighukek	ighu-~–ke[N→N][N][Abs][Unpd][Du]
ighukek	ighu-~–ke[N→N][N][Rel][Unpd][Du]
ighukek	ighu[N][Abs][3SgPoss][DuPosd]

tallikek	tallugh-––i[N→V]-@₁~:(u)n[V→N]-~–ke[N→N][N][Abs][Unpd][Du]
tallikek	tallugh-––i[N→V]-@₁~:(u)n[V→N]-~–ke[N→N][N][Rel][Unpd][Du]
tallikek	tallugh-––i[N→V]-@*@₂~sf–(g₂)k(a)e[V→N][N][Abs][Unpd][Du]
tallikek	tallugh-––i[N→V]-@*@₂~sf–(g₂)k(a)e[V→N][N][Rel][Unpd][Du]
tallikek	tallugh-––i[N→V][V][Trns][Opt][PRS][2Sg][3Du]
tallikek	tallugh-––i[N→V][V][Trns][Intrg][2Pl][3Du]
tallikek	talligh-––i[N→V]-@₁~:(u)n[V→N]-~–ke[N→N][N][Abs][Unpd][Du]
tallikek	talligh-––i[N→V]-@₁~:(u)n[V→N]-~–ke[N→N][N][Rel][Unpd][Du]
tallikek	talligh-––i[N→V]-@*@₂~sf–(g₂)k(a)e[V→N][N][Abs][Unpd][Du]
tallikek	talligh-––i[N→V]-@*@₂~sf–(g₂)k(a)e[V→N][N][Rel][Unpd][Du]
tallikek	talligh-––i[N→V][V][Trns][Opt][PRS][2Sg][3Du]
tallikek	talligh-––i[N→V][V][Trns][Intrg][2Pl][3Du]
tallikek	talligh[N][Abs][3SgPoss][DuPosd]

------------------------
Tungtughllagem pilataghaa, "Kayengenghaghhaay, kayengenghaaghhaay ukapighqaaghi!

tungtughllagem	tungtu-–ghllag[N→N][N][Rel][Unpd][Sg]
tungtughllagem	Tungtut-–ghllag[N→N][N][Rel][Unpd][Sg]

ukapighqaaghi	ukapighqaagh-aq[V→N]-––i[N→V][V][Intr][Opt][PRS][2Sg]
ukapighqaaghi	ukapighqaagh-~i[V→V][V][Intr][Opt][PRS][2Sg]
ukapighqaaghi	ukapighqaagh[V][Intr][Opt][PRS][2Sg]

------------------------
Whanga nagaqunghitunga."

whanga	wha[N][Abs][3SgPoss][SgPosd]
whanga	whanga

nagaqunghitunga	nagate-@₁qugh[V→V]-@₁–nghite[V→V][V][Intr][Ind][1Sg]
nagaqunghitunga	nagate-@₁qugh[V→V]-@₁–nghite**[V→V]-~:(ng₁)u[V→V]-@₁~:(u)n[V→N]-–nge[N→V][V][Intr][Intrg][3Sg]
nagaqunghitunga	nagate-@₁qugh[V→V]-@₁–nghite**[V→V]-~:(ng₁)u[V→V]-~fnga[V→V][V][Intr][Opt][PRS][2Sg]
nagaqunghitunga	nagate-@₁qugh[V→V]-@₁–nghite**[V→V]-~:(ng₁)u[V→V][V][Trns][Opt][PRS][2Sg][1Sg]
nagaqunghitunga	nagate-@₁qugh[V→V]-@₁–nghite**[V→V][V][Intr][Ind][1Sg]
nagaqunghitunga	nagate-@₁qugh[to.V.completely]-@₁–nghite[V→V][V][Intr][Ind][1Sg]
nagaqunghitunga	nagate-@₁qugh[to.V.completely]-@₁–nghite**[V→V]-~:(ng₁)u[V→V]-@₁~:(u)n[V→N]-–nge[N→V][V][Intr][Intrg][3Sg]
nagaqunghitunga	nagate-@₁qugh[to.V.completely]-@₁–nghite**[V→V]-~:(ng₁)u[V→V]-~fnga[V→V][V][Intr][Opt][PRS][2Sg]
nagaqunghitunga	nagate-@₁qugh[to.V.completely]-@₁–nghite**[V→V]-~:(ng₁)u[V→V][V][Trns][Opt][PRS][2Sg][1Sg]
nagaqunghitunga	nagate-@₁qugh[to.V.completely]-@₁–nghite**[V→V][V][Intr][Ind][1Sg]
nagaqunghitunga	nagaqugh-@₁–nghite[V→V][V][Intr][Ind][1Sg]
nagaqunghitunga	nagaqugh-@₁–nghite**[V→V]-~:(ng₁)u[V→V]-@₁~:(u)n[V→N]-–nge[N→V][V][Intr][Intrg][3Sg]
nagaqunghitunga	nagaqugh-@₁–nghite**[V→V]-~:(ng₁)u[V→V]-~fnga[V→V][V][Intr][Opt][PRS][2Sg]
nagaqunghitunga	nagaqugh-@₁–nghite**[V→V]-~:(ng₁)u[V→V][V][Trns][Opt][PRS][2Sg][1Sg]
nagaqunghitunga	nagaqugh-@₁–nghite**[V→V][V][Intr][Ind][1Sg]

------------------------
Kayengeghaghhaq ukapighqaaghumalghii.

ukapighqaaghumalghii	ukapighqaagh-@₁~:(i/u)ma[V→V]-@₁–lghii[V→N][N][Abs][Unpd][Sg]
ukapighqaaghumalghii	ukapighqaagh-@₁~:(i/u)magh[V→V]-@₁–lghii[V→N][N][Abs][Unpd][Sg]
ukapighqaaghumalghii	ukapighqaagh-~:(ng₁)u[V→V]-@₁~:(i/u)ma[V→V]-@₁–lghii[V→N][N][Abs][Unpd][Sg]
ukapighqaaghumalghii	ukapighqaagh-~:(ng₁)u[V→V]-@₁~:(i/u)magh[V→V]-@₁–lghii[V→N][N][Abs][Unpd][Sg]

------------------------
Tungtughllagem ipugaghsimakanga sighuneghmineng enkaam eglleghsimakanga esnamun.

tungtughllagem	tungtu-–ghllag[N→N][N][Rel][Unpd][Sg]
tungtughllagem	Tungtut-–ghllag[N→N][N][Rel][Unpd][Sg]

ipugaghsimakanga	ipug-~aghte[V→V]-@₁~:(i/u)ma[V→V]-~–(g₁)kaq[V→N]-–nge[N→V][V][Intr][Intrg][3Sg]
ipugaghsimakanga	ipug-~aghte[V→V]-@₁~:(i/u)ma[V→V]-~sf–(g₃)kaq[V→N]-–nge[N→V][V][Intr][Intrg][3Sg]
ipugaghsimakanga	ipug-~aghte[V→V]-@₁~:(i/u)ma[V→V]-@₂~fkaq[V→N]-–nge[N→V][V][Intr][Intrg][3Sg]
ipugaghsimakanga	ipug-~aghte[V→V]-@₁~:(i/u)ma[V→V]-@*@₂~sf–(g₂)k(a)e[V→N]-–nge[N→V][V][Intr][Intrg][3Sg]
ipugaghsimakanga	ipug-~aghte[V→V]-@₁~:(i/u)ma[V→V]-@*@₂~sf–(g₂)k(a)e[V→N][N][Abs][3SgPoss][SgPosd]
ipugaghsimakanga	ipug-~aghte[V→V]-@₁~:(i/u)ma[V→V][V][Trns][Cond][3Sg][1Sg]
ipugaghsimakanga	ipug-~aghte[V→V]-@₁~:(i/u)ma[V→V][V][Trns][Ptcp][3Sg][3Sg]
ipugaghsimakanga	ipug-aq[V→N]-–ghte[N→V]-@₁~:(i/u)ma[V→V]-~–(g₁)kaq[V→N]-–nge[N→V][V][Intr][Intrg][3Sg]
ipugaghsimakanga	ipug-aq[V→N]-–ghte[N→V]-@₁~:(i/u)ma[V→V]-~sf–(g₃)kaq[V→N]-–nge[N→V][V][Intr][Intrg][3Sg]
ipugaghsimakanga	ipug-aq[V→N]-–ghte[N→V]-@₁~:(i/u)ma[V→V]-@₂~fkaq[V→N]-–nge[N→V][V][Intr][Intrg][3Sg]
ipugaghsimakanga	ipug-aq[V→N]-–ghte[N→V]-@₁~:(i/u)ma[V→V]-@*@₂~sf–(g₂)k(a)e[V→N]-–nge[N→V][V][Intr][Intrg][3Sg]
ipugaghsimakanga	ipug-aq[V→N]-–ghte[N→V]-@₁~:(i/u)ma[V→V]-@*@₂~sf–(g₂)k(a)e[V→N][N][Abs][3SgPoss][SgPosd]
ipugaghsimakanga	ipug-aq[V→N]-–ghte[N→V]-@₁~:(i/u)ma[V→V][V][Trns][Cond][3Sg][1Sg]
ipugaghsimakanga	ipug-aq[V→N]-–ghte[N→V]-@₁~:(i/u)ma[V→V][V][Trns][Ptcp][3Sg][3Sg]

sighuneghmineng	sighunegh[N][Abl_Mod][4SgPoss][PlPosd]
sighuneghmineng	sighunegh[N][Abl_Mod][4SgPoss][SgPosd]

enkaam	enkaam

esnamun	este-@₁~fna[V→V]-mete[V→V]-@₁~:(u)n[V→N][N][Abs][Unpd][Sg]
esnamun	esnagh[N][Ter][Unpd][Sg]

------------------------
Kayengenghaghhaq araghlaataamalghii, "Uvinka tukrugtaa, papasquqa tukrugtaa qaanqa tukrugtaa, metengtanka tukrugtii!"

kayengenghaghhaq	kayengenghaghhagh[N][Abs][Unpd][Sg]

araghlaataamalghii	aragh-@₁~laatagh[V→V]-@₁~:(i/u)ma[V→V]-@₁–lghii[V→N][N][Abs][Unpd][Sg]
araghlaataamalghii	aragh-@₁~laatagh[V→V]-@₁~:(i/u)magh[V→V]-@₁–lghii[V→N][N][Abs][Unpd][Sg]
araghlaataamalghii	aragh-@₁~laatagh[V→V]-~:(ng₁)u[V→V]-@₁~:(i/u)ma[V→V]-@₁–lghii[V→N][N][Abs][Unpd][Sg]
araghlaataamalghii	aragh-@₁~laatagh[V→V]-~:(ng₁)u[V→V]-@₁~:(i/u)magh[V→V]-@₁–lghii[V→N][N][Abs][Unpd][Sg]
araghlaataamalghii	aragh-@₁~flaatagh[V→V]-@₁~:(i/u)ma[V→V]-@₁–lghii[V→N][N][Abs][Unpd][Sg]
araghlaataamalghii	aragh-@₁~flaatagh[V→V]-@₁~:(i/u)magh[V→V]-@₁–lghii[V→N][N][Abs][Unpd][Sg]
araghlaataamalghii	aragh-@₁~flaatagh[V→V]-~:(ng₁)u[V→V]-@₁~:(i/u)ma[V→V]-@₁–lghii[V→N][N][Abs][Unpd][Sg]
araghlaataamalghii	aragh-@₁~flaatagh[V→V]-~:(ng₁)u[V→V]-@₁~:(i/u)magh[V→V]-@₁–lghii[V→N][N][Abs][Unpd][Sg]

uvinka	uvineg-~–ke[N→V][V][Intr][Intrg][3Sg]
uvinka	uvineg-~–ke[N→N][N][Abs][Unpd][Sg]
uvinka	uvineg[N][Abs][1SgPoss][SgPosd]
uvinka	uvinke[V][Intr][Intrg][3Sg]

tukrugtaa	tukrug-–ghte[N→V][V][Intr][Intrg][3Sg]
tukrugtaa	tukrug-–ghte[N→V][V][Trns][Ind][3Sg][3Sg]
tukrugtaa	tukrug-–ghte[V→V][V][Intr][Intrg][3Sg]
tukrugtaa	tukrug-–ghte[V→V][V][Trns][Ind][3Sg][3Sg]
tukrugtaa	tukrug[V][Intr][Intrg][3Sg]
tukrugtaa	tukrugtagh-~:(ng₁)u[N→V][V][Intr][Opt][PRS][2Sg]
tukrugtaa	tukrugtagh[N][Abs][3SgPoss][SgPosd]
tukrugtaa	tukrug-te[N→V][V][Intr][Intrg][3Sg]
tukrugtaa	tukrug-te[N→V][V][Trns][Ind][3Sg][3Sg]
tukrugtaa	tukrug-te[V→V][V][Intr][Intrg][3Sg]
tukrugtaa	tukrug-te[V→V][V][Trns][Ind][3Sg][3Sg]
tukrugtaa	tukrug-tu[N→V][V][Intr][Intrg][3Sg]
tukrugtaa	tukrug-tu[N→V][V][Trns][Ind][3Sg][3Sg]
tukrugtaa	tukrug-tu[V→V][V][Intr][Intrg][3Sg]
tukrugtaa	tukrug-tu[V→V][V][Trns][Ind][3Sg][3Sg]
tukrugtaa	tukrug-tagh[N→V]-~:(ng₁)u[V→V][V][Intr][Opt][PRS][2Sg]
tukrugtaa	tukrug-tagh[N→V][V][Intr][Opt][PRS][2Sg]
tukrugtaa	tukrug-tagh[V→V]-~:(ng₁)u[V→V][V][Intr][Opt][PRS][2Sg]
tukrugtaa	tukrug-tagh[V→V][V][Intr][Opt][PRS][2Sg]
tukrugtaa	tukrug-tugh[N→V][V][Intr][Opt][PRS][2Sg]

papasquqa	papa-–squq[N→N]-~–ke[N→V][V][Intr][Intrg][3Sg]
papasquqa	papa-–squq[N→N]-~–ke[N→N][N][Abs][Unpd][Sg]
papasquqa	papa-–squq[N→N][N][Abs][1SgPoss][SgPosd]
papasquqa	papa-–squgh[N→N]-~–ke[N→V][V][Intr][Intrg][3Sg]
papasquqa	papa-–squgh[N→N]-~–ke[N→N][N][Abs][Unpd][Sg]
papasquqa	papa-–squgh[N→N][N][Abs][1SgPoss][SgPosd]
papasquqa	papa-–squq[N→N][N][Abs][3SgPoss][SgPosd]
papasquqa	papasqugh-~–ke[N→V][V][Intr][Intrg][3Sg]
papasquqa	papasqugh-~–ke[N→N][N][Abs][Unpd][Sg]
papasquqa	papasqugh[N][Abs][1SgPoss][SgPosd]

tukrugtaa	tukrug-–ghte[N→V][V][Intr][Intrg][3Sg]
tukrugtaa	tukrug-–ghte[N→V][V][Trns][Ind][3Sg][3Sg]
tukrugtaa	tukrug-–ghte[V→V][V][Intr][Intrg][3Sg]
tukrugtaa	tukrug-–ghte[V→V][V][Trns][Ind][3Sg][3Sg]
tukrugtaa	tukrug[V][Intr][Intrg][3Sg]
tukrugtaa	tukrugtagh-~:(ng₁)u[N→V][V][Intr][Opt][PRS][2Sg]
tukrugtaa	tukrugtagh[N][Abs][3SgPoss][SgPosd]
tukrugtaa	tukrug-te[N→V][V][Intr][Intrg][3Sg]
tukrugtaa	tukrug-te[N→V][V][Trns][Ind][3Sg][3Sg]
tukrugtaa	tukrug-te[V→V][V][Intr][Intrg][3Sg]
tukrugtaa	tukrug-te[V→V][V][Trns][Ind][3Sg][3Sg]
tukrugtaa	tukrug-tu[N→V][V][Intr][Intrg][3Sg]
tukrugtaa	tukrug-tu[N→V][V][Trns][Ind][3Sg][3Sg]
tukrugtaa	tukrug-tu[V→V][V][Intr][Intrg][3Sg]
tukrugtaa	tukrug-tu[V→V][V][Trns][Ind][3Sg][3Sg]
tukrugtaa	tukrug-tagh[N→V]-~:(ng₁)u[V→V][V][Intr][Opt][PRS][2Sg]
tukrugtaa	tukrug-tagh[N→V][V][Intr][Opt][PRS][2Sg]
tukrugtaa	tukrug-tagh[V→V]-~:(ng₁)u[V→V][V][Intr][Opt][PRS][2Sg]
tukrugtaa	tukrug-tagh[V→V][V][Intr][Opt][PRS][2Sg]
tukrugtaa	tukrug-tugh[N→V][V][Intr][Opt][PRS][2Sg]

qaanqa	qaa[N][Abs][2SgPoss][SgPosd]-qa[Encl]
qaanqa	qanegh-~–ke[N→V][V][Intr][Intrg][3Sg]
qaanqa	qanegh-~–ke[N→N][N][Abs][Unpd][Sg]
qaanqa	qanegh-@*@₂~sf–(g₂)k(a)e[V→N][N][Abs][Unpd][Sg]
qaanqa	qanegh[N][Abs][1SgPoss][SgPosd]

tukrugtaa	tukrug-–ghte[N→V][V][Intr][Intrg][3Sg]
tukrugtaa	tukrug-–ghte[N→V][V][Trns][Ind][3Sg][3Sg]
tukrugtaa	tukrug-–ghte[V→V][V][Intr][Intrg][3Sg]
tukrugtaa	tukrug-–ghte[V→V][V][Trns][Ind][3Sg][3Sg]
tukrugtaa	tukrug[V][Intr][Intrg][3Sg]
tukrugtaa	tukrugtagh-~:(ng₁)u[N→V][V][Intr][Opt][PRS][2Sg]
tukrugtaa	tukrugtagh[N][Abs][3SgPoss][SgPosd]
tukrugtaa	tukrug-te[N→V][V][Intr][Intrg][3Sg]
tukrugtaa	tukrug-te[N→V][V][Trns][Ind][3Sg][3Sg]
tukrugtaa	tukrug-te[V→V][V][Intr][Intrg][3Sg]
tukrugtaa	tukrug-te[V→V][V][Trns][Ind][3Sg][3Sg]
tukrugtaa	tukrug-tu[N→V][V][Intr][Intrg][3Sg]
tukrugtaa	tukrug-tu[N→V][V][Trns][Ind][3Sg][3Sg]
tukrugtaa	tukrug-tu[V→V][V][Intr][Intrg][3Sg]
tukrugtaa	tukrug-tu[V→V][V][Trns][Ind][3Sg][3Sg]
tukrugtaa	tukrug-tagh[N→V]-~:(ng₁)u[V→V][V][Intr][Opt][PRS][2Sg]
tukrugtaa	tukrug-tagh[N→V][V][Intr][Opt][PRS][2Sg]
tukrugtaa	tukrug-tagh[V→V]-~:(ng₁)u[V→V][V][Intr][Opt][PRS][2Sg]
tukrugtaa	tukrug-tagh[V→V][V][Intr][Opt][PRS][2Sg]
tukrugtaa	tukrug-tugh[N→V][V][Intr][Opt][PRS][2Sg]

metengtanka	metengtagh[N][Abs][1SgPoss][PlPosd]

tukrugtii	tukrug-–ghte[N→V]-~i[V→V]-~i[V→V][V][Intr][Opt][PRS][2Sg]
tukrugtii	tukrug-–ghte[N→V]-~i[V→V][V][Intr][Intrg][3Sg]
tukrugtii	tukrug-–ghte[N→V][V][Trns][Ind][3Sg][3Pl]
tukrugtii	tukrug-–ghte[V→V]-~i[V→V]-~i[V→V][V][Intr][Opt][PRS][2Sg]
tukrugtii	tukrug-–ghte[V→V]-~i[V→V][V][Intr][Intrg][3Sg]
tukrugtii	tukrug-–ghte[V→V][V][Trns][Ind][3Sg][3Pl]
tukrugtii	tukrug-(s)ta[V→N]-––i[N→V][V][Intr][Opt][PRS][2Sg]
tukrugtii	tukrugtagh-––i[N→V][V][Intr][Intrg][3Sg]
tukrugtii	tukrugtagh-––igh[N→V]-~:(ng₁)u[V→V][V][Intr][Opt][PRS][2Sg]
tukrugtii	tukrugtagh-––igh[N→V][V][Intr][Opt][PRS][2Sg]
tukrugtii	tukrugtagh[N][Abs][3SgPoss][PlPosd]
tukrugtii	tukrug-te[N→V]-~i[V→V]-~i[V→V][V][Intr][Opt][PRS][2Sg]
tukrugtii	tukrug-te[N→V]-~i[V→V][V][Intr][Intrg][3Sg]
tukrugtii	tukrug-te[N→V][V][Trns][Ind][3Sg][3Pl]
tukrugtii	tukrug-te[V→V]-~i[V→V]-~i[V→V][V][Intr][Opt][PRS][2Sg]
tukrugtii	tukrug-te[V→V]-~i[V→V][V][Intr][Intrg][3Sg]
tukrugtii	tukrug-te[V→V][V][Trns][Ind][3Sg][3Pl]
tukrugtii	tukrug-taq[N→N]-––i[N→V][V][Intr][Intrg][3Sg]
tukrugtii	tukrug-taq[N→N]-––igh[N→V]-~:(ng₁)u[V→V][V][Intr][Opt][PRS][2Sg]
tukrugtii	tukrug-taq[N→N]-––igh[N→V][V][Intr][Opt][PRS][2Sg]
tukrugtii	tukrug-tu[N→V]-aq[V→N]-––i[N→V][V][Intr][Opt][PRS][2Sg]
tukrugtii	tukrug-tu[N→V]-~i[V→V][V][Intr][Opt][PRS][2Sg]
tukrugtii	tukrug-tu[N→V][V][Trns][Ind][3Sg][3Pl]
tukrugtii	tukrug-tu[V→V]-aq[V→N]-––i[N→V][V][Intr][Opt][PRS][2Sg]
tukrugtii	tukrug-tu[V→V]-~i[V→V][V][Intr][Opt][PRS][2Sg]
tukrugtii	tukrug-tu[V→V][V][Trns][Ind][3Sg][3Pl]
tukrugtii	tukrug-ti[N→V]-aq[V→N]-––i[N→V][V][Intr][Opt][PRS][2Sg]
tukrugtii	tukrug-ti[N→V]-~i[V→V][V][Intr][Opt][PRS][2Sg]
tukrugtii	tukrug-ti[N→V][V][Intr][Intrg][3Sg]
tukrugtii	tukrug-ti[N→V][V][Trns][Ind][3Sg][3Sg]
tukrugtii	tukrug-ti[N→V][V][Trns][Ind][3Sg][3Pl]
tukrugtii	tukrug-ta[N→N]-––i[N→V][V][Intr][Opt][PRS][2Sg]

------------------------


	

------------------------
Tuqumalghii tukruughqwaayaqenni.

tuqumalghii	tuqu-@₁~:(i/u)ma[V→V]-@₁–lghii[V→N][N][Abs][Unpd][Sg]
tuqumalghii	tuqu-@₁~:(i/u)magh[V→V]-@₁–lghii[V→N][N][Abs][Unpd][Sg]
tuqumalghii	tuquma-@₁–lghii[V→N][N][Abs][Unpd][Sg]

------------------------
Tukruughq waayan tungtughllagem neghumakanga.

tungtughllagem	tungtu-–ghllag[N→N][N][Rel][Unpd][Sg]
tungtughllagem	Tungtut-–ghllag[N→N][N][Rel][Unpd][Sg]

neghumakanga	negh-@₁~:(i/u)ma[V→V]-~–(g₁)kaq[V→N]-–nge[N→V][V][Intr][Intrg][3Sg]
neghumakanga	negh-@₁~:(i/u)ma[V→V]-~sf–(g₃)kaq[V→N]-–nge[N→V][V][Intr][Intrg][3Sg]
neghumakanga	negh-@₁~:(i/u)ma[V→V]-@₂~fkaq[V→N]-–nge[N→V][V][Intr][Intrg][3Sg]
neghumakanga	negh-@₁~:(i/u)ma[V→V]-@*@₂~sf–(g₂)k(a)e[V→N]-–nge[N→V][V][Intr][Intrg][3Sg]
neghumakanga	negh-@₁~:(i/u)ma[V→V]-@*@₂~sf–(g₂)k(a)e[V→N][N][Abs][3SgPoss][SgPosd]
neghumakanga	negh-@₁~:(i/u)ma[V→V][V][Trns][Cond][3Sg][1Sg]
neghumakanga	negh-@₁~:(i/u)ma[V→V][V][Trns][Ptcp][3Sg][3Sg]
neghumakanga	negh-~:(ng₁)u[V→V]-@₁~:(i/u)ma[V→V]-~–(g₁)kaq[V→N]-–nge[N→V][V][Intr][Intrg][3Sg]
neghumakanga	negh-~:(ng₁)u[V→V]-@₁~:(i/u)ma[V→V]-~sf–(g₃)kaq[V→N]-–nge[N→V][V][Intr][Intrg][3Sg]
neghumakanga	negh-~:(ng₁)u[V→V]-@₁~:(i/u)ma[V→V]-@₂~fkaq[V→N]-–nge[N→V][V][Intr][Intrg][3Sg]
neghumakanga	negh-~:(ng₁)u[V→V]-@₁~:(i/u)ma[V→V]-@*@₂~sf–(g₂)k(a)e[V→N]-–nge[N→V][V][Intr][Intrg][3Sg]
neghumakanga	negh-~:(ng₁)u[V→V]-@₁~:(i/u)ma[V→V]-@*@₂~sf–(g₂)k(a)e[V→N][N][Abs][3SgPoss][SgPosd]
neghumakanga	negh-~:(ng₁)u[V→V]-@₁~:(i/u)ma[V→V][V][Trns][Cond][3Sg][1Sg]
neghumakanga	negh-~:(ng₁)u[V→V]-@₁~:(i/u)ma[V→V][V][Trns][Ptcp][3Sg][3Sg]
neghumakanga	neghe-@₁~:(i/u)ma[V→V]-~–(g₁)kaq[V→N]-–nge[N→V][V][Intr][Intrg][3Sg]
neghumakanga	neghe-@₁~:(i/u)ma[V→V]-~sf–(g₃)kaq[V→N]-–nge[N→V][V][Intr][Intrg][3Sg]
neghumakanga	neghe-@₁~:(i/u)ma[V→V]-@₂~fkaq[V→N]-–nge[N→V][V][Intr][Intrg][3Sg]
neghumakanga	neghe-@₁~:(i/u)ma[V→V]-@*@₂~sf–(g₂)k(a)e[V→N]-–nge[N→V][V][Intr][Intrg][3Sg]
neghumakanga	neghe-@₁~:(i/u)ma[V→V]-@*@₂~sf–(g₂)k(a)e[V→N][N][Abs][3SgPoss][SgPosd]
neghumakanga	neghe-@₁~:(i/u)ma[V→V][V][Trns][Cond][3Sg][1Sg]
neghumakanga	neghe-@₁~:(i/u)ma[V→V][V][Trns][Ptcp][3Sg][3Sg]

------------------------
Tungtughllak pimalghii, "Kayengenghaghhaq taana neqnirkapiggaq."

tungtughllak	tungtu-–ghllag[N→N][N][Abs][Unpd][Sg]
tungtughllak	tungtu-–ghllak[N→N][N][Abs][Unpd][Sg]
tungtughllak	Tungtut-–ghllag[N→N][N][Abs][Unpd][Sg]
tungtughllak	Tungtut-–ghllak[N→N][N][Abs][Unpd][Sg]

pimalghii	pi-@₁~:(i/u)ma[V→V]-@₁–lghii[V→N][N][Abs][Unpd][Sg]
pimalghii	pi-@₁~:(i/u)magh[V→V]-@₁–lghii[V→N][N][Abs][Unpd][Sg]

kayengenghaghhaq	kayengenghaghhagh[N][Abs][Unpd][Sg]

taana	taane[V][Intr][Intrg][3Sg]
taana	taana

------------------------


	

------------------------
Qamagtuq.

qamagtuq	qamagte[V][Intr][Ind][3Sg]

------------------------
Tefaay.

tefaay	tefaay

------------------------
